<?xml version="1.0" encoding="UTF-8"?>
<testsuite xmlns:xsi="http://www.w3.org/2001/XMLSchema-instance" xsi:noNamespaceSchemaLocation="https://maven.apache.org/surefire/maven-surefire-plugin/xsd/surefire-test-report.xsd" name="org.apache.hadoop.ozone.client.rpc.TestBlockOutputStreamWithFailures" time="730.398" tests="8" errors="6" skipped="0" failures="0">
  <properties>
    <property name="awt.toolkit" value="sun.awt.X11.XToolkit"/>
    <property name="file.encoding.pkg" value="sun.io"/>
    <property name="java.specification.version" value="1.8"/>
    <property name="sun.cpu.isalist" value=""/>
    <property name="sun.jnu.encoding" value="UTF-8"/>
    <property name="java.class.path" value="/tmp/workdir/hadoop-ozone/integration-test/target/test-classes:/tmp/workdir/hadoop-ozone/integration-test/target/classes:/home/user/.m2/repository/org/apache/hadoop/hadoop-ozone-common/0.5.0-SNAPSHOT/hadoop-ozone-common-0.5.0-SNAPSHOT.jar:/home/user/.m2/repository/org/apache/commons/commons-compress/1.4.1/commons-compress-1.4.1.jar:/home/user/.m2/repository/org/tukaani/xz/1.0/xz-1.0.jar:/home/user/.m2/repository/org/apache/hadoop/hadoop-common/3.2.0/hadoop-common-3.2.0.jar:/home/user/.m2/repository/org/apache/hadoop/hadoop-hdfs/3.2.0/hadoop-hdfs-3.2.0.jar:/home/user/.m2/repository/org/apache/hadoop/hadoop-hdfs-client/3.2.0/hadoop-hdfs-client-3.2.0.jar:/home/user/.m2/repository/com/fasterxml/jackson/core/jackson-annotations/2.9.5/jackson-annotations-2.9.5.jar:/home/user/.m2/repository/org/apache/hadoop/hadoop-hdds-common/0.5.0-SNAPSHOT/hadoop-hdds-common-0.5.0-SNAPSHOT.jar:/home/user/.m2/repository/javax/annotation/javax.annotation-api/1.2/javax.annotation-api-1.2.jar:/home/user/.m2/repository/org/apache/ratis/ratis-server/0.4.0-2337318-SNAPSHOT/ratis-server-0.4.0-2337318-SNAPSHOT.jar:/home/user/.m2/repository/org/apache/ratis/ratis-thirdparty-misc/0.2.0/ratis-thirdparty-misc-0.2.0.jar:/home/user/.m2/repository/org/apache/ratis/ratis-proto/0.4.0-2337318-SNAPSHOT/ratis-proto-0.4.0-2337318-SNAPSHOT.jar:/home/user/.m2/repository/org/apache/ratis/ratis-common/0.4.0-2337318-SNAPSHOT/ratis-common-0.4.0-2337318-SNAPSHOT.jar:/home/user/.m2/repository/org/apache/ratis/ratis-client/0.4.0-2337318-SNAPSHOT/ratis-client-0.4.0-2337318-SNAPSHOT.jar:/home/user/.m2/repository/org/apache/ratis/ratis-metrics/0.4.0-2337318-SNAPSHOT/ratis-metrics-0.4.0-2337318-SNAPSHOT.jar:/home/user/.m2/repository/org/apache/ratis/ratis-netty/0.4.0-2337318-SNAPSHOT/ratis-netty-0.4.0-2337318-SNAPSHOT.jar:/home/user/.m2/repository/org/apache/ratis/ratis-grpc/0.4.0-2337318-SNAPSHOT/ratis-grpc-0.4.0-2337318-SNAPSHOT.jar:/home/user/.m2/repository/org/rocksdb/rocksdbjni/6.0.1/rocksdbjni-6.0.1.jar:/home/user/.m2/repository/org/apache/logging/log4j/log4j-api/2.11.0/log4j-api-2.11.0.jar:/home/user/.m2/repository/org/apache/logging/log4j/log4j-core/2.11.0/log4j-core-2.11.0.jar:/home/user/.m2/repository/com/lmax/disruptor/3.4.2/disruptor-3.4.2.jar:/home/user/.m2/repository/org/apache/commons/commons-pool2/2.6.0/commons-pool2-2.6.0.jar:/home/user/.m2/repository/org/bouncycastle/bcpkix-jdk15on/1.60/bcpkix-jdk15on-1.60.jar:/home/user/.m2/repository/commons-validator/commons-validator/1.6/commons-validator-1.6.jar:/home/user/.m2/repository/commons-digester/commons-digester/1.8.1/commons-digester-1.8.1.jar:/home/user/.m2/repository/io/jaegertracing/jaeger-client/0.33.1/jaeger-client-0.33.1.jar:/home/user/.m2/repository/io/jaegertracing/jaeger-thrift/0.33.1/jaeger-thrift-0.33.1.jar:/home/user/.m2/repository/org/apache/thrift/libthrift/0.11.0/libthrift-0.11.0.jar:/home/user/.m2/repository/com/squareup/okhttp3/okhttp/3.9.0/okhttp-3.9.0.jar:/home/user/.m2/repository/com/squareup/okio/okio/1.13.0/okio-1.13.0.jar:/home/user/.m2/repository/io/jaegertracing/jaeger-core/0.33.1/jaeger-core-0.33.1.jar:/home/user/.m2/repository/io/jaegertracing/jaeger-tracerresolver/0.33.1/jaeger-tracerresolver-0.33.1.jar:/home/user/.m2/repository/io/opentracing/contrib/opentracing-tracerresolver/0.1.5/opentracing-tracerresolver-0.1.5.jar:/home/user/.m2/repository/io/opentracing/opentracing-util/0.31.0/opentracing-util-0.31.0.jar:/home/user/.m2/repository/io/opentracing/opentracing-api/0.31.0/opentracing-api-0.31.0.jar:/home/user/.m2/repository/io/opentracing/opentracing-noop/0.31.0/opentracing-noop-0.31.0.jar:/home/user/.m2/repository/org/apache/hadoop/hadoop-hdds-server-framework/0.5.0-SNAPSHOT/hadoop-hdds-server-framework-0.5.0-SNAPSHOT.jar:/home/user/.m2/repository/org/apache/hadoop/hadoop-hdds-container-service/0.5.0-SNAPSHOT/hadoop-hdds-container-service-0.5.0-SNAPSHOT.jar:/home/user/.m2/repository/org/apache/hadoop/hadoop-hdds-client/0.5.0-SNAPSHOT/hadoop-hdds-client-0.5.0-SNAPSHOT.jar:/home/user/.m2/repository/org/apache/hadoop/hadoop-hdds-tools/0.5.0-SNAPSHOT/hadoop-hdds-tools-0.5.0-SNAPSHOT.jar:/home/user/.m2/repository/org/apache/hadoop/hadoop-hdds-server-scm/0.5.0-SNAPSHOT/hadoop-hdds-server-scm-0.5.0-SNAPSHOT.jar:/home/user/.m2/repository/org/apache/hadoop/hadoop-hdds-docs/0.5.0-SNAPSHOT/hadoop-hdds-docs-0.5.0-SNAPSHOT.jar:/home/user/.m2/repository/io/dropwizard/metrics/metrics-core/3.2.4/metrics-core-3.2.4.jar:/home/user/.m2/repository/org/hamcrest/hamcrest-all/1.3/hamcrest-all-1.3.jar:/home/user/.m2/repository/org/bouncycastle/bcprov-jdk15on/1.60/bcprov-jdk15on-1.60.jar:/home/user/.m2/repository/info/picocli/picocli/3.9.6/picocli-3.9.6.jar:/home/user/.m2/repository/com/google/protobuf/protobuf-java/2.5.0/protobuf-java-2.5.0.jar:/home/user/.m2/repository/com/google/guava/guava/11.0.2/guava-11.0.2.jar:/home/user/.m2/repository/org/apache/hadoop/hadoop-ozone-ozone-manager/0.5.0-SNAPSHOT/hadoop-ozone-ozone-manager-0.5.0-SNAPSHOT.jar:/home/user/.m2/repository/org/apache/hadoop/hadoop-minikdc/3.2.0/hadoop-minikdc-3.2.0.jar:/home/user/.m2/repository/commons-io/commons-io/2.5/commons-io-2.5.jar:/home/user/.m2/repository/org/apache/kerby/kerb-simplekdc/1.0.1/kerb-simplekdc-1.0.1.jar:/home/user/.m2/repository/org/apache/kerby/kerb-client/1.0.1/kerb-client-1.0.1.jar:/home/user/.m2/repository/org/apache/kerby/kerby-config/1.0.1/kerby-config-1.0.1.jar:/home/user/.m2/repository/org/apache/kerby/kerb-core/1.0.1/kerb-core-1.0.1.jar:/home/user/.m2/repository/org/apache/kerby/kerby-pkix/1.0.1/kerby-pkix-1.0.1.jar:/home/user/.m2/repository/org/apache/kerby/kerby-asn1/1.0.1/kerby-asn1-1.0.1.jar:/home/user/.m2/repository/org/apache/kerby/kerby-util/1.0.1/kerby-util-1.0.1.jar:/home/user/.m2/repository/org/apache/kerby/kerb-common/1.0.1/kerb-common-1.0.1.jar:/home/user/.m2/repository/org/apache/kerby/kerb-crypto/1.0.1/kerb-crypto-1.0.1.jar:/home/user/.m2/repository/org/apache/kerby/kerb-util/1.0.1/kerb-util-1.0.1.jar:/home/user/.m2/repository/org/apache/kerby/token-provider/1.0.1/token-provider-1.0.1.jar:/home/user/.m2/repository/org/apache/kerby/kerb-admin/1.0.1/kerb-admin-1.0.1.jar:/home/user/.m2/repository/org/apache/kerby/kerb-server/1.0.1/kerb-server-1.0.1.jar:/home/user/.m2/repository/org/apache/kerby/kerb-identity/1.0.1/kerb-identity-1.0.1.jar:/home/user/.m2/repository/org/apache/kerby/kerby-xdr/1.0.1/kerby-xdr-1.0.1.jar:/home/user/.m2/repository/org/slf4j/slf4j-log4j12/1.7.25/slf4j-log4j12-1.7.25.jar:/home/user/.m2/repository/org/apache/hadoop/hadoop-ozone-objectstore-service/0.5.0-SNAPSHOT/hadoop-ozone-objectstore-service-0.5.0-SNAPSHOT.jar:/home/user/.m2/repository/org/apache/hadoop/hadoop-ozone-s3gateway/0.5.0-SNAPSHOT/hadoop-ozone-s3gateway-0.5.0-SNAPSHOT.jar:/home/user/.m2/repository/org/jboss/weld/servlet/weld-servlet/2.4.7.Final/weld-servlet-2.4.7.Final.jar:/home/user/.m2/repository/org/glassfish/jersey/containers/jersey-container-servlet-core/2.27/jersey-container-servlet-core-2.27.jar:/home/user/.m2/repository/org/glassfish/hk2/external/javax.inject/2.5.0-b42/javax.inject-2.5.0-b42.jar:/home/user/.m2/repository/org/glassfish/jersey/core/jersey-common/2.27/jersey-common-2.27.jar:/home/user/.m2/repository/org/glassfish/hk2/osgi-resource-locator/1.0.1/osgi-resource-locator-1.0.1.jar:/home/user/.m2/repository/javax/ws/rs/javax.ws.rs-api/2.1/javax.ws.rs-api-2.1.jar:/home/user/.m2/repository/org/glassfish/jersey/ext/cdi/jersey-cdi1x/2.27/jersey-cdi1x-2.27.jar:/home/user/.m2/repository/org/glassfish/jersey/inject/jersey-hk2/2.27/jersey-hk2-2.27.jar:/home/user/.m2/repository/org/glassfish/hk2/hk2-locator/2.5.0-b42/hk2-locator-2.5.0-b42.jar:/home/user/.m2/repository/org/javassist/javassist/3.22.0-CR2/javassist-3.22.0-CR2.jar:/home/user/.m2/repository/org/glassfish/hk2/hk2-api/2.5.0/hk2-api-2.5.0.jar:/home/user/.m2/repository/org/glassfish/hk2/external/jakarta.inject/2.5.0/jakarta.inject-2.5.0.jar:/home/user/.m2/repository/org/glassfish/hk2/hk2-utils/2.5.0/hk2-utils-2.5.0.jar:/home/user/.m2/repository/jakarta/annotation/jakarta.annotation-api/1.3.4/jakarta.annotation-api-1.3.4.jar:/home/user/.m2/repository/org/glassfish/hk2/external/aopalliance-repackaged/2.5.0/aopalliance-repackaged-2.5.0.jar:/home/user/.m2/repository/com/fasterxml/jackson/dataformat/jackson-dataformat-xml/2.9.0/jackson-dataformat-xml-2.9.0.jar:/home/user/.m2/repository/com/fasterxml/jackson/core/jackson-core/2.9.5/jackson-core-2.9.5.jar:/home/user/.m2/repository/com/fasterxml/jackson/module/jackson-module-jaxb-annotations/2.9.5/jackson-module-jaxb-annotations-2.9.5.jar:/home/user/.m2/repository/javax/enterprise/cdi-api/1.2/cdi-api-1.2.jar:/home/user/.m2/repository/javax/el/javax.el-api/3.0.0/javax.el-api-3.0.0.jar:/home/user/.m2/repository/javax/interceptor/javax.interceptor-api/1.2/javax.interceptor-api-1.2.jar:/home/user/.m2/repository/javax/inject/javax.inject/1/javax.inject-1.jar:/home/user/.m2/repository/com/sun/xml/bind/jaxb-impl/2.3.0.1/jaxb-impl-2.3.0.1.jar:/home/user/.m2/repository/com/sun/xml/bind/jaxb-core/2.3.0.1/jaxb-core-2.3.0.1.jar:/home/user/.m2/repository/javax/xml/bind/jaxb-api/2.3.0/jaxb-api-2.3.0.jar:/home/user/.m2/repository/javax/activation/activation/1.1.1/activation-1.1.1.jar:/home/user/.m2/repository/org/apache/hadoop/hadoop-ozone-csi/0.5.0-SNAPSHOT/hadoop-ozone-csi-0.5.0-SNAPSHOT.jar:/home/user/.m2/repository/com/google/protobuf/protobuf-java-util/3.5.1/protobuf-java-util-3.5.1.jar:/home/user/.m2/repository/org/apache/hadoop/hadoop-hdds-config/0.5.0-SNAPSHOT/hadoop-hdds-config-0.5.0-SNAPSHOT.jar:/home/user/.m2/repository/io/grpc/grpc-netty/1.17.1/grpc-netty-1.17.1.jar:/home/user/.m2/repository/io/grpc/grpc-core/1.17.1/grpc-core-1.17.1.jar:/home/user/.m2/repository/io/grpc/grpc-context/1.17.1/grpc-context-1.17.1.jar:/home/user/.m2/repository/com/google/errorprone/error_prone_annotations/2.2.0/error_prone_annotations-2.2.0.jar:/home/user/.m2/repository/org/codehaus/mojo/animal-sniffer-annotations/1.17/animal-sniffer-annotations-1.17.jar:/home/user/.m2/repository/io/opencensus/opencensus-api/0.17.0/opencensus-api-0.17.0.jar:/home/user/.m2/repository/io/opencensus/opencensus-contrib-grpc-metrics/0.17.0/opencensus-contrib-grpc-metrics-0.17.0.jar:/home/user/.m2/repository/io/netty/netty-codec-http2/4.1.30.Final/netty-codec-http2-4.1.30.Final.jar:/home/user/.m2/repository/io/netty/netty-codec-http/4.1.30.Final/netty-codec-http-4.1.30.Final.jar:/home/user/.m2/repository/io/netty/netty-codec/4.1.30.Final/netty-codec-4.1.30.Final.jar:/home/user/.m2/repository/io/netty/netty-handler/4.1.30.Final/netty-handler-4.1.30.Final.jar:/home/user/.m2/repository/io/netty/netty-handler-proxy/4.1.30.Final/netty-handler-proxy-4.1.30.Final.jar:/home/user/.m2/repository/io/netty/netty-codec-socks/4.1.30.Final/netty-codec-socks-4.1.30.Final.jar:/home/user/.m2/repository/io/netty/netty-transport-native-epoll/4.1.30.Final/netty-transport-native-epoll-4.1.30.Final.jar:/home/user/.m2/repository/io/netty/netty-common/4.1.30.Final/netty-common-4.1.30.Final.jar:/home/user/.m2/repository/io/netty/netty-buffer/4.1.30.Final/netty-buffer-4.1.30.Final.jar:/home/user/.m2/repository/io/netty/netty-transport/4.1.30.Final/netty-transport-4.1.30.Final.jar:/home/user/.m2/repository/io/netty/netty-resolver/4.1.30.Final/netty-resolver-4.1.30.Final.jar:/home/user/.m2/repository/io/netty/netty-transport-native-unix-common/4.1.30.Final/netty-transport-native-unix-common-4.1.30.Final.jar:/home/user/.m2/repository/io/grpc/grpc-protobuf/1.17.1/grpc-protobuf-1.17.1.jar:/home/user/.m2/repository/com/google/api/grpc/proto-google-common-protos/1.0.0/proto-google-common-protos-1.0.0.jar:/home/user/.m2/repository/io/grpc/grpc-protobuf-lite/1.17.1/grpc-protobuf-lite-1.17.1.jar:/home/user/.m2/repository/io/grpc/grpc-stub/1.17.1/grpc-stub-1.17.1.jar:/home/user/.m2/repository/org/apache/hadoop/hadoop-ozone-recon/0.5.0-SNAPSHOT/hadoop-ozone-recon-0.5.0-SNAPSHOT.jar:/home/user/.m2/repository/org/apache/hadoop/hadoop-ozone-reconcodegen/0.5.0-SNAPSHOT/hadoop-ozone-reconcodegen-0.5.0-SNAPSHOT.jar:/home/user/.m2/repository/com/google/inject/extensions/guice-multibindings/4.0/guice-multibindings-4.0.jar:/home/user/.m2/repository/com/google/inject/guice/4.0/guice-4.0.jar:/home/user/.m2/repository/aopalliance/aopalliance/1.0/aopalliance-1.0.jar:/home/user/.m2/repository/com/google/inject/extensions/guice-servlet/4.0/guice-servlet-4.0.jar:/home/user/.m2/repository/org/glassfish/jersey/containers/jersey-container-servlet/2.27/jersey-container-servlet-2.27.jar:/home/user/.m2/repository/org/glassfish/hk2/guice-bridge/2.5.0/guice-bridge-2.5.0.jar:/home/user/.m2/repository/org/glassfish/jersey/core/jersey-server/2.27/jersey-server-2.27.jar:/home/user/.m2/repository/org/glassfish/jersey/core/jersey-client/2.27/jersey-client-2.27.jar:/home/user/.m2/repository/org/glassfish/jersey/media/jersey-media-jaxb/2.27/jersey-media-jaxb-2.27.jar:/home/user/.m2/repository/javax/validation/validation-api/1.1.0.Final/validation-api-1.1.0.Final.jar:/home/user/.m2/repository/org/glassfish/jersey/media/jersey-media-json-jackson/2.27/jersey-media-json-jackson-2.27.jar:/home/user/.m2/repository/org/glassfish/jersey/ext/jersey-entity-filtering/2.27/jersey-entity-filtering-2.27.jar:/home/user/.m2/repository/com/google/inject/extensions/guice-assistedinject/4.0/guice-assistedinject-4.0.jar:/home/user/.m2/repository/org/jooq/jooq/3.11.10/jooq-3.11.10.jar:/home/user/.m2/repository/org/jooq/jooq-meta/3.11.10/jooq-meta-3.11.10.jar:/home/user/.m2/repository/org/jooq/jooq-codegen/3.11.10/jooq-codegen-3.11.10.jar:/home/user/.m2/repository/com/jolbox/bonecp/0.8.0.RELEASE/bonecp-0.8.0.RELEASE.jar:/home/user/.m2/repository/org/xerial/sqlite-jdbc/3.25.2/sqlite-jdbc-3.25.2.jar:/home/user/.m2/repository/org/springframework/spring-jdbc/5.1.3.RELEASE/spring-jdbc-5.1.3.RELEASE.jar:/home/user/.m2/repository/org/springframework/spring-beans/5.1.3.RELEASE/spring-beans-5.1.3.RELEASE.jar:/home/user/.m2/repository/org/springframework/spring-core/5.1.3.RELEASE/spring-core-5.1.3.RELEASE.jar:/home/user/.m2/repository/org/springframework/spring-jcl/5.1.3.RELEASE/spring-jcl-5.1.3.RELEASE.jar:/home/user/.m2/repository/org/springframework/spring-tx/5.1.3.RELEASE/spring-tx-5.1.3.RELEASE.jar:/home/user/.m2/repository/org/apache/hadoop/hadoop-ozone-client/0.5.0-SNAPSHOT/hadoop-ozone-client-0.5.0-SNAPSHOT.jar:/home/user/.m2/repository/commons-lang/commons-lang/2.6/commons-lang-2.6.jar:/home/user/.m2/repository/org/apache/hadoop/hadoop-ozone-ozone-manager/0.5.0-SNAPSHOT/hadoop-ozone-ozone-manager-0.5.0-SNAPSHOT-tests.jar:/home/user/.m2/repository/junit/junit/4.11/junit-4.11.jar:/home/user/.m2/repository/org/hamcrest/hamcrest-core/1.3/hamcrest-core-1.3.jar:/home/user/.m2/repository/org/openjdk/jmh/jmh-core/1.19/jmh-core-1.19.jar:/home/user/.m2/repository/net/sf/jopt-simple/jopt-simple/4.6/jopt-simple-4.6.jar:/home/user/.m2/repository/org/apache/commons/commons-math3/3.1.1/commons-math3-3.1.1.jar:/home/user/.m2/repository/org/openjdk/jmh/jmh-generator-annprocess/1.19/jmh-generator-annprocess-1.19.jar:/home/user/.m2/repository/org/mockito/mockito-all/1.8.5/mockito-all-1.8.5.jar:/home/user/.m2/repository/org/apache/hadoop/hadoop-kms/3.2.0/hadoop-kms-3.2.0.jar:/home/user/.m2/repository/org/apache/hadoop/hadoop-auth/3.2.0/hadoop-auth-3.2.0.jar:/home/user/.m2/repository/com/nimbusds/nimbus-jose-jwt/4.41.1/nimbus-jose-jwt-4.41.1.jar:/home/user/.m2/repository/com/github/stephenc/jcip/jcip-annotations/1.0-1/jcip-annotations-1.0-1.jar:/home/user/.m2/repository/net/minidev/json-smart/2.3/json-smart-2.3.jar:/home/user/.m2/repository/net/minidev/accessors-smart/1.2/accessors-smart-1.2.jar:/home/user/.m2/repository/org/ow2/asm/asm/5.0.4/asm-5.0.4.jar:/home/user/.m2/repository/org/apache/curator/curator-framework/2.12.0/curator-framework-2.12.0.jar:/home/user/.m2/repository/com/sun/jersey/jersey-core/1.19/jersey-core-1.19.jar:/home/user/.m2/repository/javax/ws/rs/jsr311-api/1.1.1/jsr311-api-1.1.1.jar:/home/user/.m2/repository/com/sun/jersey/jersey-server/1.19/jersey-server-1.19.jar:/home/user/.m2/repository/javax/servlet/javax.servlet-api/3.1.0/javax.servlet-api-3.1.0.jar:/home/user/.m2/repository/org/eclipse/jetty/jetty-server/9.3.24.v20180605/jetty-server-9.3.24.v20180605.jar:/home/user/.m2/repository/org/eclipse/jetty/jetty-http/9.3.24.v20180605/jetty-http-9.3.24.v20180605.jar:/home/user/.m2/repository/org/eclipse/jetty/jetty-io/9.3.24.v20180605/jetty-io-9.3.24.v20180605.jar:/home/user/.m2/repository/org/eclipse/jetty/jetty-webapp/9.3.24.v20180605/jetty-webapp-9.3.24.v20180605.jar:/home/user/.m2/repository/org/eclipse/jetty/jetty-xml/9.3.24.v20180605/jetty-xml-9.3.24.v20180605.jar:/home/user/.m2/repository/log4j/log4j/1.2.17/log4j-1.2.17.jar:/home/user/.m2/repository/org/slf4j/slf4j-api/1.7.25/slf4j-api-1.7.25.jar:/home/user/.m2/repository/org/slf4j/jul-to-slf4j/1.7.25/jul-to-slf4j-1.7.25.jar:/home/user/.m2/repository/org/eclipse/jetty/jetty-util/9.3.24.v20180605/jetty-util-9.3.24.v20180605.jar:/home/user/.m2/repository/com/fasterxml/jackson/core/jackson-databind/2.9.5/jackson-databind-2.9.5.jar:/home/user/.m2/repository/org/apache/hadoop/hadoop-kms/3.2.0/hadoop-kms-3.2.0-tests.jar:/home/user/.m2/repository/org/apache/hadoop/hadoop-hdds-server-scm/0.5.0-SNAPSHOT/hadoop-hdds-server-scm-0.5.0-SNAPSHOT-tests.jar:/home/user/.m2/repository/org/apache/hadoop/hadoop-hdds-container-service/0.5.0-SNAPSHOT/hadoop-hdds-container-service-0.5.0-SNAPSHOT-tests.jar:/home/user/.m2/repository/org/yaml/snakeyaml/1.16/snakeyaml-1.16.jar:/home/user/.m2/repository/org/apache/hadoop/hadoop-common/3.2.0/hadoop-common-3.2.0-tests.jar:/home/user/.m2/repository/org/apache/hadoop/hadoop-annotations/3.2.0/hadoop-annotations-3.2.0.jar:/usr/lib/jvm/java-1.8-openjdk/jre/../lib/tools.jar:/home/user/.m2/repository/commons-cli/commons-cli/1.2/commons-cli-1.2.jar:/home/user/.m2/repository/org/apache/httpcomponents/httpclient/4.5.2/httpclient-4.5.2.jar:/home/user/.m2/repository/org/apache/httpcomponents/httpcore/4.4.4/httpcore-4.4.4.jar:/home/user/.m2/repository/commons-codec/commons-codec/1.11/commons-codec-1.11.jar:/home/user/.m2/repository/commons-net/commons-net/3.6/commons-net-3.6.jar:/home/user/.m2/repository/commons-collections/commons-collections/3.2.2/commons-collections-3.2.2.jar:/home/user/.m2/repository/org/eclipse/jetty/jetty-servlet/9.3.24.v20180605/jetty-servlet-9.3.24.v20180605.jar:/home/user/.m2/repository/org/eclipse/jetty/jetty-security/9.3.24.v20180605/jetty-security-9.3.24.v20180605.jar:/home/user/.m2/repository/javax/servlet/jsp/jsp-api/2.1/jsp-api-2.1.jar:/home/user/.m2/repository/com/sun/jersey/jersey-servlet/1.19/jersey-servlet-1.19.jar:/home/user/.m2/repository/com/sun/jersey/jersey-json/1.19/jersey-json-1.19.jar:/home/user/.m2/repository/org/codehaus/jettison/jettison/1.1/jettison-1.1.jar:/home/user/.m2/repository/org/codehaus/jackson/jackson-core-asl/1.9.13/jackson-core-asl-1.9.13.jar:/home/user/.m2/repository/org/codehaus/jackson/jackson-mapper-asl/1.9.13/jackson-mapper-asl-1.9.13.jar:/home/user/.m2/repository/org/codehaus/jackson/jackson-jaxrs/1.9.13/jackson-jaxrs-1.9.13.jar:/home/user/.m2/repository/org/codehaus/jackson/jackson-xc/1.9.13/jackson-xc-1.9.13.jar:/home/user/.m2/repository/commons-logging/commons-logging/1.1.3/commons-logging-1.1.3.jar:/home/user/.m2/repository/commons-beanutils/commons-beanutils/1.9.3/commons-beanutils-1.9.3.jar:/home/user/.m2/repository/org/apache/commons/commons-configuration2/2.1.1/commons-configuration2-2.1.1.jar:/home/user/.m2/repository/org/apache/commons/commons-lang3/3.7/commons-lang3-3.7.jar:/home/user/.m2/repository/org/apache/commons/commons-text/1.4/commons-text-1.4.jar:/home/user/.m2/repository/org/apache/avro/avro/1.7.7/avro-1.7.7.jar:/home/user/.m2/repository/com/thoughtworks/paranamer/paranamer/2.3/paranamer-2.3.jar:/home/user/.m2/repository/org/xerial/snappy/snappy-java/1.0.5/snappy-java-1.0.5.jar:/home/user/.m2/repository/com/google/re2j/re2j/1.1/re2j-1.1.jar:/home/user/.m2/repository/com/google/code/gson/gson/2.2.4/gson-2.2.4.jar:/home/user/.m2/repository/com/jcraft/jsch/0.1.54/jsch-0.1.54.jar:/home/user/.m2/repository/org/apache/curator/curator-client/2.12.0/curator-client-2.12.0.jar:/home/user/.m2/repository/org/apache/curator/curator-recipes/2.12.0/curator-recipes-2.12.0.jar:/home/user/.m2/repository/com/google/code/findbugs/jsr305/3.0.0/jsr305-3.0.0.jar:/home/user/.m2/repository/org/apache/htrace/htrace-core4/4.1.0-incubating/htrace-core4-4.1.0-incubating.jar:/home/user/.m2/repository/org/apache/zookeeper/zookeeper/3.4.13/zookeeper-3.4.13.jar:/home/user/.m2/repository/org/apache/yetus/audience-annotations/0.5.0/audience-annotations-0.5.0.jar:/home/user/.m2/repository/org/codehaus/woodstox/stax2-api/3.1.4/stax2-api-3.1.4.jar:/home/user/.m2/repository/com/fasterxml/woodstox/woodstox-core/5.0.3/woodstox-core-5.0.3.jar:/home/user/.m2/repository/dnsjava/dnsjava/2.1.7/dnsjava-2.1.7.jar:/home/user/.m2/repository/org/apache/hadoop/hadoop-hdfs/3.2.0/hadoop-hdfs-3.2.0-tests.jar:/home/user/.m2/repository/org/eclipse/jetty/jetty-util-ajax/9.3.24.v20180605/jetty-util-ajax-9.3.24.v20180605.jar:/home/user/.m2/repository/commons-daemon/commons-daemon/1.0.13/commons-daemon-1.0.13.jar:/home/user/.m2/repository/io/netty/netty/3.10.5.Final/netty-3.10.5.Final.jar:/home/user/.m2/repository/io/netty/netty-all/4.0.52.Final/netty-all-4.0.52.Final.jar:/home/user/.m2/repository/org/fusesource/leveldbjni/leveldbjni-all/1.8/leveldbjni-all-1.8.jar:"/>
    <property name="java.vm.vendor" value="IcedTea"/>
    <property name="sun.arch.data.model" value="64"/>
    <property name="test.build.dir" value="/tmp/workdir/hadoop-ozone/integration-test/target/test-dir"/>
    <property name="test.cache.data" value=""/>
    <property name="java.vendor.url" value="https://icedtea.classpath.org"/>
    <property name="user.timezone" value=""/>
    <property name="java.vm.specification.version" value="1.8"/>
    <property name="os.name" value="Linux"/>
    <property name="test.build.data" value="/tmp/workdir/hadoop-ozone/integration-test/target/test-dir"/>
    <property name="user.country" value="US"/>
    <property name="sun.java.launcher" value="SUN_STANDARD"/>
    <property name="sun.boot.library.path" value="/usr/lib/jvm/java-1.8-openjdk/jre/lib/amd64"/>
    <property name="sun.java.command" value="/tmp/workdir/hadoop-ozone/integration-test/target/surefire/surefirebooter8742998973832631488.jar /tmp/workdir/hadoop-ozone/integration-test/target/surefire 2019-07-14T00-11-12_381-jvmRun1 surefire1073593820937808697tmp surefire_507851758738874226808tmp"/>
    <property name="surefire.test.class.path" value="/tmp/workdir/hadoop-ozone/integration-test/target/test-classes:/tmp/workdir/hadoop-ozone/integration-test/target/classes:/home/user/.m2/repository/org/apache/hadoop/hadoop-ozone-common/0.5.0-SNAPSHOT/hadoop-ozone-common-0.5.0-SNAPSHOT.jar:/home/user/.m2/repository/org/apache/commons/commons-compress/1.4.1/commons-compress-1.4.1.jar:/home/user/.m2/repository/org/tukaani/xz/1.0/xz-1.0.jar:/home/user/.m2/repository/org/apache/hadoop/hadoop-common/3.2.0/hadoop-common-3.2.0.jar:/home/user/.m2/repository/org/apache/hadoop/hadoop-hdfs/3.2.0/hadoop-hdfs-3.2.0.jar:/home/user/.m2/repository/org/apache/hadoop/hadoop-hdfs-client/3.2.0/hadoop-hdfs-client-3.2.0.jar:/home/user/.m2/repository/com/fasterxml/jackson/core/jackson-annotations/2.9.5/jackson-annotations-2.9.5.jar:/home/user/.m2/repository/org/apache/hadoop/hadoop-hdds-common/0.5.0-SNAPSHOT/hadoop-hdds-common-0.5.0-SNAPSHOT.jar:/home/user/.m2/repository/javax/annotation/javax.annotation-api/1.2/javax.annotation-api-1.2.jar:/home/user/.m2/repository/org/apache/ratis/ratis-server/0.4.0-2337318-SNAPSHOT/ratis-server-0.4.0-2337318-SNAPSHOT.jar:/home/user/.m2/repository/org/apache/ratis/ratis-thirdparty-misc/0.2.0/ratis-thirdparty-misc-0.2.0.jar:/home/user/.m2/repository/org/apache/ratis/ratis-proto/0.4.0-2337318-SNAPSHOT/ratis-proto-0.4.0-2337318-SNAPSHOT.jar:/home/user/.m2/repository/org/apache/ratis/ratis-common/0.4.0-2337318-SNAPSHOT/ratis-common-0.4.0-2337318-SNAPSHOT.jar:/home/user/.m2/repository/org/apache/ratis/ratis-client/0.4.0-2337318-SNAPSHOT/ratis-client-0.4.0-2337318-SNAPSHOT.jar:/home/user/.m2/repository/org/apache/ratis/ratis-metrics/0.4.0-2337318-SNAPSHOT/ratis-metrics-0.4.0-2337318-SNAPSHOT.jar:/home/user/.m2/repository/org/apache/ratis/ratis-netty/0.4.0-2337318-SNAPSHOT/ratis-netty-0.4.0-2337318-SNAPSHOT.jar:/home/user/.m2/repository/org/apache/ratis/ratis-grpc/0.4.0-2337318-SNAPSHOT/ratis-grpc-0.4.0-2337318-SNAPSHOT.jar:/home/user/.m2/repository/org/rocksdb/rocksdbjni/6.0.1/rocksdbjni-6.0.1.jar:/home/user/.m2/repository/org/apache/logging/log4j/log4j-api/2.11.0/log4j-api-2.11.0.jar:/home/user/.m2/repository/org/apache/logging/log4j/log4j-core/2.11.0/log4j-core-2.11.0.jar:/home/user/.m2/repository/com/lmax/disruptor/3.4.2/disruptor-3.4.2.jar:/home/user/.m2/repository/org/apache/commons/commons-pool2/2.6.0/commons-pool2-2.6.0.jar:/home/user/.m2/repository/org/bouncycastle/bcpkix-jdk15on/1.60/bcpkix-jdk15on-1.60.jar:/home/user/.m2/repository/commons-validator/commons-validator/1.6/commons-validator-1.6.jar:/home/user/.m2/repository/commons-digester/commons-digester/1.8.1/commons-digester-1.8.1.jar:/home/user/.m2/repository/io/jaegertracing/jaeger-client/0.33.1/jaeger-client-0.33.1.jar:/home/user/.m2/repository/io/jaegertracing/jaeger-thrift/0.33.1/jaeger-thrift-0.33.1.jar:/home/user/.m2/repository/org/apache/thrift/libthrift/0.11.0/libthrift-0.11.0.jar:/home/user/.m2/repository/com/squareup/okhttp3/okhttp/3.9.0/okhttp-3.9.0.jar:/home/user/.m2/repository/com/squareup/okio/okio/1.13.0/okio-1.13.0.jar:/home/user/.m2/repository/io/jaegertracing/jaeger-core/0.33.1/jaeger-core-0.33.1.jar:/home/user/.m2/repository/io/jaegertracing/jaeger-tracerresolver/0.33.1/jaeger-tracerresolver-0.33.1.jar:/home/user/.m2/repository/io/opentracing/contrib/opentracing-tracerresolver/0.1.5/opentracing-tracerresolver-0.1.5.jar:/home/user/.m2/repository/io/opentracing/opentracing-util/0.31.0/opentracing-util-0.31.0.jar:/home/user/.m2/repository/io/opentracing/opentracing-api/0.31.0/opentracing-api-0.31.0.jar:/home/user/.m2/repository/io/opentracing/opentracing-noop/0.31.0/opentracing-noop-0.31.0.jar:/home/user/.m2/repository/org/apache/hadoop/hadoop-hdds-server-framework/0.5.0-SNAPSHOT/hadoop-hdds-server-framework-0.5.0-SNAPSHOT.jar:/home/user/.m2/repository/org/apache/hadoop/hadoop-hdds-container-service/0.5.0-SNAPSHOT/hadoop-hdds-container-service-0.5.0-SNAPSHOT.jar:/home/user/.m2/repository/org/apache/hadoop/hadoop-hdds-client/0.5.0-SNAPSHOT/hadoop-hdds-client-0.5.0-SNAPSHOT.jar:/home/user/.m2/repository/org/apache/hadoop/hadoop-hdds-tools/0.5.0-SNAPSHOT/hadoop-hdds-tools-0.5.0-SNAPSHOT.jar:/home/user/.m2/repository/org/apache/hadoop/hadoop-hdds-server-scm/0.5.0-SNAPSHOT/hadoop-hdds-server-scm-0.5.0-SNAPSHOT.jar:/home/user/.m2/repository/org/apache/hadoop/hadoop-hdds-docs/0.5.0-SNAPSHOT/hadoop-hdds-docs-0.5.0-SNAPSHOT.jar:/home/user/.m2/repository/io/dropwizard/metrics/metrics-core/3.2.4/metrics-core-3.2.4.jar:/home/user/.m2/repository/org/hamcrest/hamcrest-all/1.3/hamcrest-all-1.3.jar:/home/user/.m2/repository/org/bouncycastle/bcprov-jdk15on/1.60/bcprov-jdk15on-1.60.jar:/home/user/.m2/repository/info/picocli/picocli/3.9.6/picocli-3.9.6.jar:/home/user/.m2/repository/com/google/protobuf/protobuf-java/2.5.0/protobuf-java-2.5.0.jar:/home/user/.m2/repository/com/google/guava/guava/11.0.2/guava-11.0.2.jar:/home/user/.m2/repository/org/apache/hadoop/hadoop-ozone-ozone-manager/0.5.0-SNAPSHOT/hadoop-ozone-ozone-manager-0.5.0-SNAPSHOT.jar:/home/user/.m2/repository/org/apache/hadoop/hadoop-minikdc/3.2.0/hadoop-minikdc-3.2.0.jar:/home/user/.m2/repository/commons-io/commons-io/2.5/commons-io-2.5.jar:/home/user/.m2/repository/org/apache/kerby/kerb-simplekdc/1.0.1/kerb-simplekdc-1.0.1.jar:/home/user/.m2/repository/org/apache/kerby/kerb-client/1.0.1/kerb-client-1.0.1.jar:/home/user/.m2/repository/org/apache/kerby/kerby-config/1.0.1/kerby-config-1.0.1.jar:/home/user/.m2/repository/org/apache/kerby/kerb-core/1.0.1/kerb-core-1.0.1.jar:/home/user/.m2/repository/org/apache/kerby/kerby-pkix/1.0.1/kerby-pkix-1.0.1.jar:/home/user/.m2/repository/org/apache/kerby/kerby-asn1/1.0.1/kerby-asn1-1.0.1.jar:/home/user/.m2/repository/org/apache/kerby/kerby-util/1.0.1/kerby-util-1.0.1.jar:/home/user/.m2/repository/org/apache/kerby/kerb-common/1.0.1/kerb-common-1.0.1.jar:/home/user/.m2/repository/org/apache/kerby/kerb-crypto/1.0.1/kerb-crypto-1.0.1.jar:/home/user/.m2/repository/org/apache/kerby/kerb-util/1.0.1/kerb-util-1.0.1.jar:/home/user/.m2/repository/org/apache/kerby/token-provider/1.0.1/token-provider-1.0.1.jar:/home/user/.m2/repository/org/apache/kerby/kerb-admin/1.0.1/kerb-admin-1.0.1.jar:/home/user/.m2/repository/org/apache/kerby/kerb-server/1.0.1/kerb-server-1.0.1.jar:/home/user/.m2/repository/org/apache/kerby/kerb-identity/1.0.1/kerb-identity-1.0.1.jar:/home/user/.m2/repository/org/apache/kerby/kerby-xdr/1.0.1/kerby-xdr-1.0.1.jar:/home/user/.m2/repository/org/slf4j/slf4j-log4j12/1.7.25/slf4j-log4j12-1.7.25.jar:/home/user/.m2/repository/org/apache/hadoop/hadoop-ozone-objectstore-service/0.5.0-SNAPSHOT/hadoop-ozone-objectstore-service-0.5.0-SNAPSHOT.jar:/home/user/.m2/repository/org/apache/hadoop/hadoop-ozone-s3gateway/0.5.0-SNAPSHOT/hadoop-ozone-s3gateway-0.5.0-SNAPSHOT.jar:/home/user/.m2/repository/org/jboss/weld/servlet/weld-servlet/2.4.7.Final/weld-servlet-2.4.7.Final.jar:/home/user/.m2/repository/org/glassfish/jersey/containers/jersey-container-servlet-core/2.27/jersey-container-servlet-core-2.27.jar:/home/user/.m2/repository/org/glassfish/hk2/external/javax.inject/2.5.0-b42/javax.inject-2.5.0-b42.jar:/home/user/.m2/repository/org/glassfish/jersey/core/jersey-common/2.27/jersey-common-2.27.jar:/home/user/.m2/repository/org/glassfish/hk2/osgi-resource-locator/1.0.1/osgi-resource-locator-1.0.1.jar:/home/user/.m2/repository/javax/ws/rs/javax.ws.rs-api/2.1/javax.ws.rs-api-2.1.jar:/home/user/.m2/repository/org/glassfish/jersey/ext/cdi/jersey-cdi1x/2.27/jersey-cdi1x-2.27.jar:/home/user/.m2/repository/org/glassfish/jersey/inject/jersey-hk2/2.27/jersey-hk2-2.27.jar:/home/user/.m2/repository/org/glassfish/hk2/hk2-locator/2.5.0-b42/hk2-locator-2.5.0-b42.jar:/home/user/.m2/repository/org/javassist/javassist/3.22.0-CR2/javassist-3.22.0-CR2.jar:/home/user/.m2/repository/org/glassfish/hk2/hk2-api/2.5.0/hk2-api-2.5.0.jar:/home/user/.m2/repository/org/glassfish/hk2/external/jakarta.inject/2.5.0/jakarta.inject-2.5.0.jar:/home/user/.m2/repository/org/glassfish/hk2/hk2-utils/2.5.0/hk2-utils-2.5.0.jar:/home/user/.m2/repository/jakarta/annotation/jakarta.annotation-api/1.3.4/jakarta.annotation-api-1.3.4.jar:/home/user/.m2/repository/org/glassfish/hk2/external/aopalliance-repackaged/2.5.0/aopalliance-repackaged-2.5.0.jar:/home/user/.m2/repository/com/fasterxml/jackson/dataformat/jackson-dataformat-xml/2.9.0/jackson-dataformat-xml-2.9.0.jar:/home/user/.m2/repository/com/fasterxml/jackson/core/jackson-core/2.9.5/jackson-core-2.9.5.jar:/home/user/.m2/repository/com/fasterxml/jackson/module/jackson-module-jaxb-annotations/2.9.5/jackson-module-jaxb-annotations-2.9.5.jar:/home/user/.m2/repository/javax/enterprise/cdi-api/1.2/cdi-api-1.2.jar:/home/user/.m2/repository/javax/el/javax.el-api/3.0.0/javax.el-api-3.0.0.jar:/home/user/.m2/repository/javax/interceptor/javax.interceptor-api/1.2/javax.interceptor-api-1.2.jar:/home/user/.m2/repository/javax/inject/javax.inject/1/javax.inject-1.jar:/home/user/.m2/repository/com/sun/xml/bind/jaxb-impl/2.3.0.1/jaxb-impl-2.3.0.1.jar:/home/user/.m2/repository/com/sun/xml/bind/jaxb-core/2.3.0.1/jaxb-core-2.3.0.1.jar:/home/user/.m2/repository/javax/xml/bind/jaxb-api/2.3.0/jaxb-api-2.3.0.jar:/home/user/.m2/repository/javax/activation/activation/1.1.1/activation-1.1.1.jar:/home/user/.m2/repository/org/apache/hadoop/hadoop-ozone-csi/0.5.0-SNAPSHOT/hadoop-ozone-csi-0.5.0-SNAPSHOT.jar:/home/user/.m2/repository/com/google/protobuf/protobuf-java-util/3.5.1/protobuf-java-util-3.5.1.jar:/home/user/.m2/repository/org/apache/hadoop/hadoop-hdds-config/0.5.0-SNAPSHOT/hadoop-hdds-config-0.5.0-SNAPSHOT.jar:/home/user/.m2/repository/io/grpc/grpc-netty/1.17.1/grpc-netty-1.17.1.jar:/home/user/.m2/repository/io/grpc/grpc-core/1.17.1/grpc-core-1.17.1.jar:/home/user/.m2/repository/io/grpc/grpc-context/1.17.1/grpc-context-1.17.1.jar:/home/user/.m2/repository/com/google/errorprone/error_prone_annotations/2.2.0/error_prone_annotations-2.2.0.jar:/home/user/.m2/repository/org/codehaus/mojo/animal-sniffer-annotations/1.17/animal-sniffer-annotations-1.17.jar:/home/user/.m2/repository/io/opencensus/opencensus-api/0.17.0/opencensus-api-0.17.0.jar:/home/user/.m2/repository/io/opencensus/opencensus-contrib-grpc-metrics/0.17.0/opencensus-contrib-grpc-metrics-0.17.0.jar:/home/user/.m2/repository/io/netty/netty-codec-http2/4.1.30.Final/netty-codec-http2-4.1.30.Final.jar:/home/user/.m2/repository/io/netty/netty-codec-http/4.1.30.Final/netty-codec-http-4.1.30.Final.jar:/home/user/.m2/repository/io/netty/netty-codec/4.1.30.Final/netty-codec-4.1.30.Final.jar:/home/user/.m2/repository/io/netty/netty-handler/4.1.30.Final/netty-handler-4.1.30.Final.jar:/home/user/.m2/repository/io/netty/netty-handler-proxy/4.1.30.Final/netty-handler-proxy-4.1.30.Final.jar:/home/user/.m2/repository/io/netty/netty-codec-socks/4.1.30.Final/netty-codec-socks-4.1.30.Final.jar:/home/user/.m2/repository/io/netty/netty-transport-native-epoll/4.1.30.Final/netty-transport-native-epoll-4.1.30.Final.jar:/home/user/.m2/repository/io/netty/netty-common/4.1.30.Final/netty-common-4.1.30.Final.jar:/home/user/.m2/repository/io/netty/netty-buffer/4.1.30.Final/netty-buffer-4.1.30.Final.jar:/home/user/.m2/repository/io/netty/netty-transport/4.1.30.Final/netty-transport-4.1.30.Final.jar:/home/user/.m2/repository/io/netty/netty-resolver/4.1.30.Final/netty-resolver-4.1.30.Final.jar:/home/user/.m2/repository/io/netty/netty-transport-native-unix-common/4.1.30.Final/netty-transport-native-unix-common-4.1.30.Final.jar:/home/user/.m2/repository/io/grpc/grpc-protobuf/1.17.1/grpc-protobuf-1.17.1.jar:/home/user/.m2/repository/com/google/api/grpc/proto-google-common-protos/1.0.0/proto-google-common-protos-1.0.0.jar:/home/user/.m2/repository/io/grpc/grpc-protobuf-lite/1.17.1/grpc-protobuf-lite-1.17.1.jar:/home/user/.m2/repository/io/grpc/grpc-stub/1.17.1/grpc-stub-1.17.1.jar:/home/user/.m2/repository/org/apache/hadoop/hadoop-ozone-recon/0.5.0-SNAPSHOT/hadoop-ozone-recon-0.5.0-SNAPSHOT.jar:/home/user/.m2/repository/org/apache/hadoop/hadoop-ozone-reconcodegen/0.5.0-SNAPSHOT/hadoop-ozone-reconcodegen-0.5.0-SNAPSHOT.jar:/home/user/.m2/repository/com/google/inject/extensions/guice-multibindings/4.0/guice-multibindings-4.0.jar:/home/user/.m2/repository/com/google/inject/guice/4.0/guice-4.0.jar:/home/user/.m2/repository/aopalliance/aopalliance/1.0/aopalliance-1.0.jar:/home/user/.m2/repository/com/google/inject/extensions/guice-servlet/4.0/guice-servlet-4.0.jar:/home/user/.m2/repository/org/glassfish/jersey/containers/jersey-container-servlet/2.27/jersey-container-servlet-2.27.jar:/home/user/.m2/repository/org/glassfish/hk2/guice-bridge/2.5.0/guice-bridge-2.5.0.jar:/home/user/.m2/repository/org/glassfish/jersey/core/jersey-server/2.27/jersey-server-2.27.jar:/home/user/.m2/repository/org/glassfish/jersey/core/jersey-client/2.27/jersey-client-2.27.jar:/home/user/.m2/repository/org/glassfish/jersey/media/jersey-media-jaxb/2.27/jersey-media-jaxb-2.27.jar:/home/user/.m2/repository/javax/validation/validation-api/1.1.0.Final/validation-api-1.1.0.Final.jar:/home/user/.m2/repository/org/glassfish/jersey/media/jersey-media-json-jackson/2.27/jersey-media-json-jackson-2.27.jar:/home/user/.m2/repository/org/glassfish/jersey/ext/jersey-entity-filtering/2.27/jersey-entity-filtering-2.27.jar:/home/user/.m2/repository/com/google/inject/extensions/guice-assistedinject/4.0/guice-assistedinject-4.0.jar:/home/user/.m2/repository/org/jooq/jooq/3.11.10/jooq-3.11.10.jar:/home/user/.m2/repository/org/jooq/jooq-meta/3.11.10/jooq-meta-3.11.10.jar:/home/user/.m2/repository/org/jooq/jooq-codegen/3.11.10/jooq-codegen-3.11.10.jar:/home/user/.m2/repository/com/jolbox/bonecp/0.8.0.RELEASE/bonecp-0.8.0.RELEASE.jar:/home/user/.m2/repository/org/xerial/sqlite-jdbc/3.25.2/sqlite-jdbc-3.25.2.jar:/home/user/.m2/repository/org/springframework/spring-jdbc/5.1.3.RELEASE/spring-jdbc-5.1.3.RELEASE.jar:/home/user/.m2/repository/org/springframework/spring-beans/5.1.3.RELEASE/spring-beans-5.1.3.RELEASE.jar:/home/user/.m2/repository/org/springframework/spring-core/5.1.3.RELEASE/spring-core-5.1.3.RELEASE.jar:/home/user/.m2/repository/org/springframework/spring-jcl/5.1.3.RELEASE/spring-jcl-5.1.3.RELEASE.jar:/home/user/.m2/repository/org/springframework/spring-tx/5.1.3.RELEASE/spring-tx-5.1.3.RELEASE.jar:/home/user/.m2/repository/org/apache/hadoop/hadoop-ozone-client/0.5.0-SNAPSHOT/hadoop-ozone-client-0.5.0-SNAPSHOT.jar:/home/user/.m2/repository/commons-lang/commons-lang/2.6/commons-lang-2.6.jar:/home/user/.m2/repository/org/apache/hadoop/hadoop-ozone-ozone-manager/0.5.0-SNAPSHOT/hadoop-ozone-ozone-manager-0.5.0-SNAPSHOT-tests.jar:/home/user/.m2/repository/junit/junit/4.11/junit-4.11.jar:/home/user/.m2/repository/org/hamcrest/hamcrest-core/1.3/hamcrest-core-1.3.jar:/home/user/.m2/repository/org/openjdk/jmh/jmh-core/1.19/jmh-core-1.19.jar:/home/user/.m2/repository/net/sf/jopt-simple/jopt-simple/4.6/jopt-simple-4.6.jar:/home/user/.m2/repository/org/apache/commons/commons-math3/3.1.1/commons-math3-3.1.1.jar:/home/user/.m2/repository/org/openjdk/jmh/jmh-generator-annprocess/1.19/jmh-generator-annprocess-1.19.jar:/home/user/.m2/repository/org/mockito/mockito-all/1.8.5/mockito-all-1.8.5.jar:/home/user/.m2/repository/org/apache/hadoop/hadoop-kms/3.2.0/hadoop-kms-3.2.0.jar:/home/user/.m2/repository/org/apache/hadoop/hadoop-auth/3.2.0/hadoop-auth-3.2.0.jar:/home/user/.m2/repository/com/nimbusds/nimbus-jose-jwt/4.41.1/nimbus-jose-jwt-4.41.1.jar:/home/user/.m2/repository/com/github/stephenc/jcip/jcip-annotations/1.0-1/jcip-annotations-1.0-1.jar:/home/user/.m2/repository/net/minidev/json-smart/2.3/json-smart-2.3.jar:/home/user/.m2/repository/net/minidev/accessors-smart/1.2/accessors-smart-1.2.jar:/home/user/.m2/repository/org/ow2/asm/asm/5.0.4/asm-5.0.4.jar:/home/user/.m2/repository/org/apache/curator/curator-framework/2.12.0/curator-framework-2.12.0.jar:/home/user/.m2/repository/com/sun/jersey/jersey-core/1.19/jersey-core-1.19.jar:/home/user/.m2/repository/javax/ws/rs/jsr311-api/1.1.1/jsr311-api-1.1.1.jar:/home/user/.m2/repository/com/sun/jersey/jersey-server/1.19/jersey-server-1.19.jar:/home/user/.m2/repository/javax/servlet/javax.servlet-api/3.1.0/javax.servlet-api-3.1.0.jar:/home/user/.m2/repository/org/eclipse/jetty/jetty-server/9.3.24.v20180605/jetty-server-9.3.24.v20180605.jar:/home/user/.m2/repository/org/eclipse/jetty/jetty-http/9.3.24.v20180605/jetty-http-9.3.24.v20180605.jar:/home/user/.m2/repository/org/eclipse/jetty/jetty-io/9.3.24.v20180605/jetty-io-9.3.24.v20180605.jar:/home/user/.m2/repository/org/eclipse/jetty/jetty-webapp/9.3.24.v20180605/jetty-webapp-9.3.24.v20180605.jar:/home/user/.m2/repository/org/eclipse/jetty/jetty-xml/9.3.24.v20180605/jetty-xml-9.3.24.v20180605.jar:/home/user/.m2/repository/log4j/log4j/1.2.17/log4j-1.2.17.jar:/home/user/.m2/repository/org/slf4j/slf4j-api/1.7.25/slf4j-api-1.7.25.jar:/home/user/.m2/repository/org/slf4j/jul-to-slf4j/1.7.25/jul-to-slf4j-1.7.25.jar:/home/user/.m2/repository/org/eclipse/jetty/jetty-util/9.3.24.v20180605/jetty-util-9.3.24.v20180605.jar:/home/user/.m2/repository/com/fasterxml/jackson/core/jackson-databind/2.9.5/jackson-databind-2.9.5.jar:/home/user/.m2/repository/org/apache/hadoop/hadoop-kms/3.2.0/hadoop-kms-3.2.0-tests.jar:/home/user/.m2/repository/org/apache/hadoop/hadoop-hdds-server-scm/0.5.0-SNAPSHOT/hadoop-hdds-server-scm-0.5.0-SNAPSHOT-tests.jar:/home/user/.m2/repository/org/apache/hadoop/hadoop-hdds-container-service/0.5.0-SNAPSHOT/hadoop-hdds-container-service-0.5.0-SNAPSHOT-tests.jar:/home/user/.m2/repository/org/yaml/snakeyaml/1.16/snakeyaml-1.16.jar:/home/user/.m2/repository/org/apache/hadoop/hadoop-common/3.2.0/hadoop-common-3.2.0-tests.jar:/home/user/.m2/repository/org/apache/hadoop/hadoop-annotations/3.2.0/hadoop-annotations-3.2.0.jar:/usr/lib/jvm/java-1.8-openjdk/jre/../lib/tools.jar:/home/user/.m2/repository/commons-cli/commons-cli/1.2/commons-cli-1.2.jar:/home/user/.m2/repository/org/apache/httpcomponents/httpclient/4.5.2/httpclient-4.5.2.jar:/home/user/.m2/repository/org/apache/httpcomponents/httpcore/4.4.4/httpcore-4.4.4.jar:/home/user/.m2/repository/commons-codec/commons-codec/1.11/commons-codec-1.11.jar:/home/user/.m2/repository/commons-net/commons-net/3.6/commons-net-3.6.jar:/home/user/.m2/repository/commons-collections/commons-collections/3.2.2/commons-collections-3.2.2.jar:/home/user/.m2/repository/org/eclipse/jetty/jetty-servlet/9.3.24.v20180605/jetty-servlet-9.3.24.v20180605.jar:/home/user/.m2/repository/org/eclipse/jetty/jetty-security/9.3.24.v20180605/jetty-security-9.3.24.v20180605.jar:/home/user/.m2/repository/javax/servlet/jsp/jsp-api/2.1/jsp-api-2.1.jar:/home/user/.m2/repository/com/sun/jersey/jersey-servlet/1.19/jersey-servlet-1.19.jar:/home/user/.m2/repository/com/sun/jersey/jersey-json/1.19/jersey-json-1.19.jar:/home/user/.m2/repository/org/codehaus/jettison/jettison/1.1/jettison-1.1.jar:/home/user/.m2/repository/org/codehaus/jackson/jackson-core-asl/1.9.13/jackson-core-asl-1.9.13.jar:/home/user/.m2/repository/org/codehaus/jackson/jackson-mapper-asl/1.9.13/jackson-mapper-asl-1.9.13.jar:/home/user/.m2/repository/org/codehaus/jackson/jackson-jaxrs/1.9.13/jackson-jaxrs-1.9.13.jar:/home/user/.m2/repository/org/codehaus/jackson/jackson-xc/1.9.13/jackson-xc-1.9.13.jar:/home/user/.m2/repository/commons-logging/commons-logging/1.1.3/commons-logging-1.1.3.jar:/home/user/.m2/repository/commons-beanutils/commons-beanutils/1.9.3/commons-beanutils-1.9.3.jar:/home/user/.m2/repository/org/apache/commons/commons-configuration2/2.1.1/commons-configuration2-2.1.1.jar:/home/user/.m2/repository/org/apache/commons/commons-lang3/3.7/commons-lang3-3.7.jar:/home/user/.m2/repository/org/apache/commons/commons-text/1.4/commons-text-1.4.jar:/home/user/.m2/repository/org/apache/avro/avro/1.7.7/avro-1.7.7.jar:/home/user/.m2/repository/com/thoughtworks/paranamer/paranamer/2.3/paranamer-2.3.jar:/home/user/.m2/repository/org/xerial/snappy/snappy-java/1.0.5/snappy-java-1.0.5.jar:/home/user/.m2/repository/com/google/re2j/re2j/1.1/re2j-1.1.jar:/home/user/.m2/repository/com/google/code/gson/gson/2.2.4/gson-2.2.4.jar:/home/user/.m2/repository/com/jcraft/jsch/0.1.54/jsch-0.1.54.jar:/home/user/.m2/repository/org/apache/curator/curator-client/2.12.0/curator-client-2.12.0.jar:/home/user/.m2/repository/org/apache/curator/curator-recipes/2.12.0/curator-recipes-2.12.0.jar:/home/user/.m2/repository/com/google/code/findbugs/jsr305/3.0.0/jsr305-3.0.0.jar:/home/user/.m2/repository/org/apache/htrace/htrace-core4/4.1.0-incubating/htrace-core4-4.1.0-incubating.jar:/home/user/.m2/repository/org/apache/zookeeper/zookeeper/3.4.13/zookeeper-3.4.13.jar:/home/user/.m2/repository/org/apache/yetus/audience-annotations/0.5.0/audience-annotations-0.5.0.jar:/home/user/.m2/repository/org/codehaus/woodstox/stax2-api/3.1.4/stax2-api-3.1.4.jar:/home/user/.m2/repository/com/fasterxml/woodstox/woodstox-core/5.0.3/woodstox-core-5.0.3.jar:/home/user/.m2/repository/dnsjava/dnsjava/2.1.7/dnsjava-2.1.7.jar:/home/user/.m2/repository/org/apache/hadoop/hadoop-hdfs/3.2.0/hadoop-hdfs-3.2.0-tests.jar:/home/user/.m2/repository/org/eclipse/jetty/jetty-util-ajax/9.3.24.v20180605/jetty-util-ajax-9.3.24.v20180605.jar:/home/user/.m2/repository/commons-daemon/commons-daemon/1.0.13/commons-daemon-1.0.13.jar:/home/user/.m2/repository/io/netty/netty/3.10.5.Final/netty-3.10.5.Final.jar:/home/user/.m2/repository/io/netty/netty-all/4.0.52.Final/netty-all-4.0.52.Final.jar:/home/user/.m2/repository/org/fusesource/leveldbjni/leveldbjni-all/1.8/leveldbjni-all-1.8.jar:"/>
    <property name="sun.cpu.endian" value="little"/>
    <property name="user.home" value="/home/user"/>
    <property name="user.language" value="en"/>
    <property name="java.specification.vendor" value="Oracle Corporation"/>
    <property name="java.home" value="/usr/lib/jvm/java-1.8-openjdk/jre"/>
    <property name="java.security.krb5.conf" value="/tmp/workdir/hadoop-ozone/integration-test/target/test-classes/krb5.conf"/>
    <property name="basedir" value="/tmp/workdir/hadoop-ozone/integration-test"/>
    <property name="file.separator" value="/"/>
    <property name="line.separator" value="&#10;"/>
    <property name="java.vm.specification.vendor" value="Oracle Corporation"/>
    <property name="java.specification.name" value="Java Platform API Specification"/>
    <property name="java.awt.graphicsenv" value="sun.awt.X11GraphicsEnvironment"/>
    <property name="surefire.real.class.path" value="/tmp/workdir/hadoop-ozone/integration-test/target/surefire/surefirebooter8742998973832631488.jar"/>
    <property name="hadoop.log.dir" value="/tmp/workdir/hadoop-ozone/integration-test/target/log"/>
    <property name="sun.boot.class.path" value="/usr/lib/jvm/java-1.8-openjdk/jre/lib/resources.jar:/usr/lib/jvm/java-1.8-openjdk/jre/lib/rt.jar:/usr/lib/jvm/java-1.8-openjdk/jre/lib/sunrsasign.jar:/usr/lib/jvm/java-1.8-openjdk/jre/lib/jsse.jar:/usr/lib/jvm/java-1.8-openjdk/jre/lib/jce.jar:/usr/lib/jvm/java-1.8-openjdk/jre/lib/charsets.jar:/usr/lib/jvm/java-1.8-openjdk/jre/lib/jfr.jar:/usr/lib/jvm/java-1.8-openjdk/jre/classes"/>
    <property name="sun.management.compiler" value="HotSpot 64-Bit Tiered Compilers"/>
    <property name="java.runtime.version" value="1.8.0_212-b04"/>
    <property name="java.net.preferIPv4Stack" value="true"/>
    <property name="user.name" value="jenkins1000"/>
    <property name="path.separator" value=":"/>
    <property name="java.security.egd" value="file:///dev/urandom"/>
    <property name="os.version" value="3.10.0-957.12.2.el7.x86_64"/>
    <property name="java.endorsed.dirs" value="/usr/lib/jvm/java-1.8-openjdk/jre/lib/endorsed"/>
    <property name="java.runtime.name" value="OpenJDK Runtime Environment"/>
    <property name="file.encoding" value="UTF-8"/>
    <property name="java.vm.name" value="OpenJDK 64-Bit Server VM"/>
    <property name="test.build.webapps" value=""/>
    <property name="localRepository" value="/home/user/.m2/repository"/>
    <property name="java.vendor.url.bug" value="https://icedtea.classpath.org/bugzilla"/>
    <property name="java.io.tmpdir" value="/tmp"/>
    <property name="require.test.libhadoop" value=""/>
    <property name="java.version" value="1.8.0_212"/>
    <property name="user.dir" value="/tmp/workdir/hadoop-ozone/integration-test"/>
    <property name="os.arch" value="amd64"/>
    <property name="java.vm.specification.name" value="Java Virtual Machine Specification"/>
    <property name="test.build.classes" value="/tmp/workdir/hadoop-ozone/integration-test/target/test-classes"/>
    <property name="java.awt.printerjob" value="sun.print.PSPrinterJob"/>
    <property name="sun.os.patch.level" value="unknown"/>
    <property name="hadoop.tmp.dir" value="/tmp/workdir/hadoop-ozone/integration-test/target/tmp"/>
    <property name="java.library.path" value="/usr/lib/jvm/java-1.8-openjdk/jre/lib/amd64/server:/usr/lib/jvm/java-1.8-openjdk/jre/lib/amd64:/usr/lib/jvm/java-1.8-openjdk/jre/../lib/amd64:/tmp/workdir/hadoop-ozone/integration-test/target/native/target/usr/local/lib:/tmp/workdir/hadoop-ozone/integration-test/../../hadoop-common-project/hadoop-common/target/native/target/usr/local/lib:/usr/java/packages/lib/amd64:/usr/lib64:/lib64:/lib:/usr/lib"/>
    <property name="java.vm.info" value="mixed mode"/>
    <property name="java.vendor" value="IcedTea"/>
    <property name="java.vm.version" value="25.212-b04"/>
    <property name="java.ext.dirs" value="/usr/lib/jvm/java-1.8-openjdk/jre/lib/ext:/usr/java/packages/lib/ext"/>
    <property name="sun.io.unicode.encoding" value="UnicodeLittle"/>
    <property name="java.class.version" value="52.0"/>
  </properties>
  <testcase name="test2DatanodesFailure" classname="org.apache.hadoop.ozone.client.rpc.TestBlockOutputStreamWithFailures" time="105.598">
    <error type="java.lang.IllegalArgumentException">java.lang.IllegalArgumentException
	at com.google.common.base.Preconditions.checkArgument(Preconditions.java:72)
	at org.apache.hadoop.hdds.scm.XceiverClientManager.acquireClient(XceiverClientManager.java:150)
	at org.apache.hadoop.hdds.scm.XceiverClientManager.acquireClientForReadData(XceiverClientManager.java:143)
	at org.apache.hadoop.hdds.scm.storage.BlockInputStream.getChunkInfos(BlockInputStream.java:154)
	at org.apache.hadoop.hdds.scm.storage.BlockInputStream.initialize(BlockInputStream.java:118)
	at org.apache.hadoop.hdds.scm.storage.BlockInputStream.read(BlockInputStream.java:222)
	at org.apache.hadoop.ozone.client.io.KeyInputStream.read(KeyInputStream.java:171)
	at org.apache.hadoop.ozone.client.io.OzoneInputStream.read(OzoneInputStream.java:47)
	at java.io.InputStream.read(InputStream.java:101)
	at org.apache.hadoop.ozone.container.ContainerTestHelper.validateData(ContainerTestHelper.java:709)
	at org.apache.hadoop.ozone.client.rpc.TestBlockOutputStreamWithFailures.validateData(TestBlockOutputStreamWithFailures.java:1212)
	at org.apache.hadoop.ozone.client.rpc.TestBlockOutputStreamWithFailures.test2DatanodesFailure(TestBlockOutputStreamWithFailures.java:537)
	at sun.reflect.NativeMethodAccessorImpl.invoke0(Native Method)
	at sun.reflect.NativeMethodAccessorImpl.invoke(NativeMethodAccessorImpl.java:62)
	at sun.reflect.DelegatingMethodAccessorImpl.invoke(DelegatingMethodAccessorImpl.java:43)
	at java.lang.reflect.Method.invoke(Method.java:498)
	at org.junit.runners.model.FrameworkMethod$1.runReflectiveCall(FrameworkMethod.java:47)
	at org.junit.internal.runners.model.ReflectiveCallable.run(ReflectiveCallable.java:12)
	at org.junit.runners.model.FrameworkMethod.invokeExplosively(FrameworkMethod.java:44)
	at org.junit.internal.runners.statements.InvokeMethod.evaluate(InvokeMethod.java:17)
	at org.junit.internal.runners.statements.RunBefores.evaluate(RunBefores.java:26)
	at org.junit.internal.runners.statements.RunAfters.evaluate(RunAfters.java:27)
	at org.junit.runners.ParentRunner.runLeaf(ParentRunner.java:271)
	at org.junit.runners.BlockJUnit4ClassRunner.runChild(BlockJUnit4ClassRunner.java:70)
	at org.junit.runners.BlockJUnit4ClassRunner.runChild(BlockJUnit4ClassRunner.java:50)
	at org.junit.runners.ParentRunner$3.run(ParentRunner.java:238)
	at org.junit.runners.ParentRunner$1.schedule(ParentRunner.java:63)
	at org.junit.runners.ParentRunner.runChildren(ParentRunner.java:236)
	at org.junit.runners.ParentRunner.access$000(ParentRunner.java:53)
	at org.junit.runners.ParentRunner$2.evaluate(ParentRunner.java:229)
	at org.junit.runners.ParentRunner.run(ParentRunner.java:309)
	at org.apache.maven.surefire.junit4.JUnit4Provider.execute(JUnit4Provider.java:365)
	at org.apache.maven.surefire.junit4.JUnit4Provider.executeWithRerun(JUnit4Provider.java:273)
	at org.apache.maven.surefire.junit4.JUnit4Provider.executeTestSet(JUnit4Provider.java:238)
	at org.apache.maven.surefire.junit4.JUnit4Provider.invoke(JUnit4Provider.java:159)
	at org.apache.maven.surefire.booter.ForkedBooter.invokeProviderInSameClassLoader(ForkedBooter.java:384)
	at org.apache.maven.surefire.booter.ForkedBooter.runSuitesInProcess(ForkedBooter.java:345)
	at org.apache.maven.surefire.booter.ForkedBooter.execute(ForkedBooter.java:126)
	at org.apache.maven.surefire.booter.ForkedBooter.main(ForkedBooter.java:418)
</error>
    <system-out><![CDATA[2019-07-14 01:00:14,367 WARN  server.ServerUtils (ServerUtils.java:getScmDbDir(145)) - ozone.scm.db.dirs is not configured. We recommend adding this setting. Falling back to ozone.metadata.dirs instead.
2019-07-14 01:00:14,511 WARN  server.ServerUtils (ServerUtils.java:getScmDbDir(145)) - ozone.scm.db.dirs is not configured. We recommend adding this setting. Falling back to ozone.metadata.dirs instead.
2019-07-14 01:00:14,514 WARN  server.ServerUtils (ServerUtils.java:getScmDbDir(145)) - ozone.scm.db.dirs is not configured. We recommend adding this setting. Falling back to ozone.metadata.dirs instead.
2019-07-14 01:00:14,532 INFO  util.log (Log.java:initialized(192)) - Logging initialized @878ms
2019-07-14 01:00:14,634 INFO  db.DBStoreBuilder (DBStoreBuilder.java:addTable(110)) - using custom profile for table: deletedBlocks
2019-07-14 01:00:14,634 INFO  db.DBStoreBuilder (DBStoreBuilder.java:processTables(161)) - Using default column profile:DBProfile.DISK for Table:deletedBlocks
2019-07-14 01:00:14,635 INFO  db.DBStoreBuilder (DBStoreBuilder.java:addTable(110)) - using custom profile for table: validCerts
2019-07-14 01:00:14,635 INFO  db.DBStoreBuilder (DBStoreBuilder.java:processTables(161)) - Using default column profile:DBProfile.DISK for Table:validCerts
2019-07-14 01:00:14,635 INFO  db.DBStoreBuilder (DBStoreBuilder.java:addTable(110)) - using custom profile for table: revokedCerts
2019-07-14 01:00:14,635 INFO  db.DBStoreBuilder (DBStoreBuilder.java:processTables(161)) - Using default column profile:DBProfile.DISK for Table:revokedCerts
2019-07-14 01:00:14,647 INFO  db.DBStoreBuilder (DBStoreBuilder.java:addTable(110)) - using custom profile for table: default
2019-07-14 01:00:14,647 INFO  db.DBStoreBuilder (DBStoreBuilder.java:processTables(167)) - Using default column profile:DBProfile.DISK for Table:default
2019-07-14 01:00:14,648 INFO  db.DBStoreBuilder (DBStoreBuilder.java:getDbProfile(198)) - Using default options. DBProfile.DISK
2019-07-14 01:00:14,914 INFO  net.NodeSchemaLoader (NodeSchemaLoader.java:loadSchemaFromFile(125)) - Loading file from sun.misc.CompoundEnumeration@3835c46
2019-07-14 01:00:14,919 INFO  net.NodeSchemaLoader (NodeSchemaLoader.java:loadSchema(171)) - Loading network topology layer schema file
2019-07-14 01:00:15,009 INFO  node.SCMNodeManager (SCMNodeManager.java:<init>(119)) - Entering startup safe mode.
2019-07-14 01:00:15,094 WARN  server.ServerUtils (ServerUtils.java:getScmDbDir(145)) - ozone.scm.db.dirs is not configured. We recommend adding this setting. Falling back to ozone.metadata.dirs instead.
2019-07-14 01:00:15,150 INFO  pipeline.SCMPipelineManager (SCMPipelineManager.java:initializePipelineState(126)) - No pipeline exists in current db
2019-07-14 01:00:15,152 WARN  server.ServerUtils (ServerUtils.java:getScmDbDir(145)) - ozone.scm.db.dirs is not configured. We recommend adding this setting. Falling back to ozone.metadata.dirs instead.
2019-07-14 01:00:15,254 WARN  events.EventQueue (EventQueue.java:fireEvent(175)) - No event handler registered for event TypedEvent{payloadType=SafeModeStatus, name='SafeModeStatus'}
2019-07-14 01:00:15,591 INFO  ipc.CallQueueManager (CallQueueManager.java:<init>(84)) - Using callQueue: class java.util.concurrent.LinkedBlockingQueue, queueCapacity: 2000, scheduler: class org.apache.hadoop.ipc.DefaultRpcScheduler, ipcBackoff: false.
2019-07-14 01:00:15,618 INFO  ipc.Server (Server.java:run(1074)) - Starting Socket Reader #1 for port 41578
2019-07-14 01:00:15,641 INFO  ipc.CallQueueManager (CallQueueManager.java:<init>(84)) - Using callQueue: class java.util.concurrent.LinkedBlockingQueue, queueCapacity: 2000, scheduler: class org.apache.hadoop.ipc.DefaultRpcScheduler, ipcBackoff: false.
2019-07-14 01:00:15,643 INFO  ipc.Server (Server.java:run(1074)) - Starting Socket Reader #1 for port 44226
2019-07-14 01:00:15,649 INFO  ipc.CallQueueManager (CallQueueManager.java:<init>(84)) - Using callQueue: class java.util.concurrent.LinkedBlockingQueue, queueCapacity: 2000, scheduler: class org.apache.hadoop.ipc.DefaultRpcScheduler, ipcBackoff: false.
2019-07-14 01:00:15,650 INFO  ipc.Server (Server.java:run(1074)) - Starting Socket Reader #1 for port 36207
2019-07-14 01:00:15,773 INFO  hdfs.DFSUtil (DFSUtil.java:httpServerTemplateForNNAndJN(1641)) - Starting Web-server for scm at: http://0.0.0.0:0
2019-07-14 01:00:15,924 INFO  server.AuthenticationFilter (AuthenticationFilter.java:constructSecretProvider(240)) - Unable to initialize FileSignerSecretProvider, falling back to use random secrets.
2019-07-14 01:00:15,930 WARN  http.HttpRequestLog (HttpRequestLog.java:getRequestLog(97)) - Jetty request log can only be enabled using Log4j
2019-07-14 01:00:15,936 INFO  http.HttpServer2 (HttpServer2.java:addGlobalFilter(975)) - Added global filter 'safety' (class=org.apache.hadoop.http.HttpServer2$QuotingInputFilter)
2019-07-14 01:00:15,938 INFO  http.HttpServer2 (HttpServer2.java:addFilter(948)) - Added filter static_user_filter (class=org.apache.hadoop.http.lib.StaticUserWebFilter$StaticUserFilter) to context scm
2019-07-14 01:00:15,938 INFO  http.HttpServer2 (HttpServer2.java:addFilter(958)) - Added filter static_user_filter (class=org.apache.hadoop.http.lib.StaticUserWebFilter$StaticUserFilter) to context static
2019-07-14 01:00:15,938 INFO  http.HttpServer2 (HttpServer2.java:addFilter(958)) - Added filter static_user_filter (class=org.apache.hadoop.http.lib.StaticUserWebFilter$StaticUserFilter) to context logs
2019-07-14 01:00:15,960 INFO  server.StorageContainerManager (StorageContainerManager.java:start(759)) - StorageContainerLocationProtocol RPC server is listening at /0.0.0.0:36207
2019-07-14 01:00:16,006 WARN  impl.MetricsConfig (MetricsConfig.java:loadFirst(134)) - Cannot locate configuration: tried hadoop-metrics2-storagecontainermanager.properties,hadoop-metrics2.properties
2019-07-14 01:00:16,016 INFO  impl.MetricsSystemImpl (MetricsSystemImpl.java:startTimer(374)) - Scheduled Metric snapshot period at 10 second(s).
2019-07-14 01:00:16,017 INFO  impl.MetricsSystemImpl (MetricsSystemImpl.java:start(191)) - StorageContainerManager metrics system started
2019-07-14 01:00:16,230 INFO  server.SCMClientProtocolServer (SCMClientProtocolServer.java:start(149)) - RPC server for Client  is listening at /0.0.0.0:36207
2019-07-14 01:00:16,231 INFO  ipc.Server (Server.java:run(1314)) - IPC Server Responder: starting
2019-07-14 01:00:16,231 INFO  ipc.Server (Server.java:run(1153)) - IPC Server listener on 36207: starting
2019-07-14 01:00:16,236 INFO  server.StorageContainerManager (StorageContainerManager.java:start(768)) - ScmBlockLocationProtocol RPC server is listening at /0.0.0.0:44226
2019-07-14 01:00:16,236 INFO  server.SCMBlockProtocolServer (SCMBlockProtocolServer.java:start(140)) - RPC server for Block Protocol is listening at /0.0.0.0:44226
2019-07-14 01:00:16,236 INFO  ipc.Server (Server.java:run(1314)) - IPC Server Responder: starting
2019-07-14 01:00:16,236 INFO  ipc.Server (Server.java:run(1153)) - IPC Server listener on 44226: starting
2019-07-14 01:00:16,244 INFO  server.StorageContainerManager (StorageContainerManager.java:start(772)) - ScmDatanodeProtocl RPC server is listening at /0.0.0.0:41578
2019-07-14 01:00:16,244 INFO  server.SCMDatanodeProtocolServer (SCMDatanodeProtocolServer.java:start(191)) - RPC server for DataNodes is listening at /0.0.0.0:41578
2019-07-14 01:00:16,246 INFO  ipc.Server (Server.java:run(1314)) - IPC Server Responder: starting
2019-07-14 01:00:16,247 INFO  ipc.Server (Server.java:run(1153)) - IPC Server listener on 41578: starting
2019-07-14 01:00:16,261 INFO  http.HttpServer2 (HttpServer2.java:bindListener(1191)) - Jetty bound to port 40296
2019-07-14 01:00:16,263 INFO  server.Server (Server.java:doStart(351)) - jetty-9.3.24.v20180605, build timestamp: 2018-06-05T17:11:56Z, git hash: 84205aa28f11a4f31f2a3b86d1bba2cc8ab69827
2019-07-14 01:00:16,314 INFO  handler.ContextHandler (ContextHandler.java:doStart(781)) - Started o.e.j.s.ServletContextHandler@6bbe2511{/logs,file:///tmp/workdir/hadoop-ozone/integration-test/target/log,AVAILABLE}
2019-07-14 01:00:16,316 INFO  handler.ContextHandler (ContextHandler.java:doStart(781)) - Started o.e.j.s.ServletContextHandler@76012793{/static,file:///tmp/workdir/hadoop-ozone/integration-test/target/test-classes/webapps/static,AVAILABLE}
2019-07-14 01:00:16,355 INFO  handler.ContextHandler (ContextHandler.java:doStart(781)) - Started o.e.j.w.WebAppContext@6a1d204a{/,file:///tmp/workdir/hadoop-ozone/integration-test/target/test-classes/webapps/scm/,AVAILABLE}{/scm}
2019-07-14 01:00:16,361 INFO  server.AbstractConnector (AbstractConnector.java:doStart(278)) - Started ServerConnector@9d157ff{HTTP/1.1,[http/1.1]}{0.0.0.0:40296}
2019-07-14 01:00:16,361 INFO  server.Server (Server.java:doStart(419)) - Started @2708ms
2019-07-14 01:00:16,363 INFO  server.BaseHttpServer (BaseHttpServer.java:updateConnectorAddress(207)) - HTTP server of SCM is listening at http://0.0.0.0:40296
2019-07-14 01:00:16,372 INFO  util.JvmPauseMonitor (JvmPauseMonitor.java:run(188)) - Starting JVM pause monitor
2019-07-14 01:00:16,376 WARN  server.ServerUtils (ServerUtils.java:getDBPath(222)) - ozone.om.db.dirs is not configured. We recommend adding this setting. Falling back to ozone.metadata.dirs instead.
2019-07-14 01:00:16,488 WARN  server.ServerUtils (ServerUtils.java:getDBPath(222)) - ozone.om.db.dirs is not configured. We recommend adding this setting. Falling back to ozone.metadata.dirs instead.
2019-07-14 01:00:16,489 INFO  om.OzoneManager (OzoneManager.java:setOMNodeDetails(630)) - OM Service ID is not set. Setting it to the default ID: omServiceIdDefault
2019-07-14 01:00:16,489 INFO  om.OzoneManager (OzoneManager.java:setOMNodeDetails(636)) - OM Node ID is not set. Setting it to the OmStorage's OmID: 1dc771e9-f584-4e4f-9193-ead542f02229
2019-07-14 01:00:16,490 INFO  om.OzoneManager (OzoneManager.java:loadOMHAConfigs(587)) - Found matching OM address with OMServiceId: null, OMNodeId: null, RPC Address: localhost:0 and Ratis port: 9872
2019-07-14 01:00:16,750 WARN  server.ServerUtils (ServerUtils.java:getDBPath(222)) - ozone.om.db.dirs is not configured. We recommend adding this setting. Falling back to ozone.metadata.dirs instead.
2019-07-14 01:00:16,762 INFO  db.DBStoreBuilder (DBStoreBuilder.java:addTable(110)) - using custom profile for table: userTable
2019-07-14 01:00:16,762 INFO  db.DBStoreBuilder (DBStoreBuilder.java:processTables(161)) - Using default column profile:DBProfile.DISK for Table:userTable
2019-07-14 01:00:16,762 INFO  db.DBStoreBuilder (DBStoreBuilder.java:addTable(110)) - using custom profile for table: volumeTable
2019-07-14 01:00:16,763 INFO  db.DBStoreBuilder (DBStoreBuilder.java:processTables(161)) - Using default column profile:DBProfile.DISK for Table:volumeTable
2019-07-14 01:00:16,763 INFO  db.DBStoreBuilder (DBStoreBuilder.java:addTable(110)) - using custom profile for table: bucketTable
2019-07-14 01:00:16,763 INFO  db.DBStoreBuilder (DBStoreBuilder.java:processTables(161)) - Using default column profile:DBProfile.DISK for Table:bucketTable
2019-07-14 01:00:16,764 INFO  db.DBStoreBuilder (DBStoreBuilder.java:addTable(110)) - using custom profile for table: keyTable
2019-07-14 01:00:16,764 INFO  db.DBStoreBuilder (DBStoreBuilder.java:processTables(161)) - Using default column profile:DBProfile.DISK for Table:keyTable
2019-07-14 01:00:16,765 INFO  db.DBStoreBuilder (DBStoreBuilder.java:addTable(110)) - using custom profile for table: deletedTable
2019-07-14 01:00:16,765 INFO  db.DBStoreBuilder (DBStoreBuilder.java:processTables(161)) - Using default column profile:DBProfile.DISK for Table:deletedTable
2019-07-14 01:00:16,766 INFO  db.DBStoreBuilder (DBStoreBuilder.java:addTable(110)) - using custom profile for table: openKeyTable
2019-07-14 01:00:16,766 INFO  db.DBStoreBuilder (DBStoreBuilder.java:processTables(161)) - Using default column profile:DBProfile.DISK for Table:openKeyTable
2019-07-14 01:00:16,766 INFO  db.DBStoreBuilder (DBStoreBuilder.java:addTable(110)) - using custom profile for table: s3Table
2019-07-14 01:00:16,767 INFO  db.DBStoreBuilder (DBStoreBuilder.java:processTables(161)) - Using default column profile:DBProfile.DISK for Table:s3Table
2019-07-14 01:00:16,767 INFO  db.DBStoreBuilder (DBStoreBuilder.java:addTable(110)) - using custom profile for table: multipartInfoTable
2019-07-14 01:00:16,767 INFO  db.DBStoreBuilder (DBStoreBuilder.java:processTables(161)) - Using default column profile:DBProfile.DISK for Table:multipartInfoTable
2019-07-14 01:00:16,768 INFO  db.DBStoreBuilder (DBStoreBuilder.java:addTable(110)) - using custom profile for table: dTokenTable
2019-07-14 01:00:16,768 INFO  db.DBStoreBuilder (DBStoreBuilder.java:processTables(161)) - Using default column profile:DBProfile.DISK for Table:dTokenTable
2019-07-14 01:00:16,769 INFO  db.DBStoreBuilder (DBStoreBuilder.java:addTable(110)) - using custom profile for table: s3SecretTable
2019-07-14 01:00:16,769 INFO  db.DBStoreBuilder (DBStoreBuilder.java:processTables(161)) - Using default column profile:DBProfile.DISK for Table:s3SecretTable
2019-07-14 01:00:16,769 INFO  db.DBStoreBuilder (DBStoreBuilder.java:addTable(110)) - using custom profile for table: prefixTable
2019-07-14 01:00:16,770 INFO  db.DBStoreBuilder (DBStoreBuilder.java:processTables(161)) - Using default column profile:DBProfile.DISK for Table:prefixTable
2019-07-14 01:00:16,770 INFO  db.DBStoreBuilder (DBStoreBuilder.java:addTable(110)) - using custom profile for table: default
2019-07-14 01:00:16,770 INFO  db.DBStoreBuilder (DBStoreBuilder.java:processTables(167)) - Using default column profile:DBProfile.DISK for Table:default
2019-07-14 01:00:16,771 INFO  db.DBStoreBuilder (DBStoreBuilder.java:getDbProfile(198)) - Using default options. DBProfile.DISK
2019-07-14 01:00:17,673 INFO  ipc.CallQueueManager (CallQueueManager.java:<init>(84)) - Using callQueue: class java.util.concurrent.LinkedBlockingQueue, queueCapacity: 2000, scheduler: class org.apache.hadoop.ipc.DefaultRpcScheduler, ipcBackoff: false.
2019-07-14 01:00:17,675 INFO  ipc.Server (Server.java:run(1074)) - Starting Socket Reader #1 for port 33823
2019-07-14 01:00:17,702 WARN  server.ServerUtils (ServerUtils.java:getDBPath(222)) - ozone.om.db.dirs is not configured. We recommend adding this setting. Falling back to ozone.metadata.dirs instead.
2019-07-14 01:00:17,702 INFO  om.OzoneManager (OzoneManager.java:start(1228)) - OzoneManager RPC server is listening at localhost/127.0.0.1:33823
2019-07-14 01:00:17,703 INFO  impl.MetricsSystemImpl (MetricsSystemImpl.java:init(158)) - OzoneManager metrics system started (again)
2019-07-14 01:00:17,704 INFO  ipc.Server (Server.java:run(1314)) - IPC Server Responder: starting
2019-07-14 01:00:17,705 INFO  ipc.Server (Server.java:run(1153)) - IPC Server listener on 33823: starting
2019-07-14 01:00:17,719 INFO  hdfs.DFSUtil (DFSUtil.java:httpServerTemplateForNNAndJN(1641)) - Starting Web-server for ozoneManager at: http://0.0.0.0:0
2019-07-14 01:00:17,721 INFO  server.AuthenticationFilter (AuthenticationFilter.java:constructSecretProvider(240)) - Unable to initialize FileSignerSecretProvider, falling back to use random secrets.
2019-07-14 01:00:17,722 WARN  http.HttpRequestLog (HttpRequestLog.java:getRequestLog(97)) - Jetty request log can only be enabled using Log4j
2019-07-14 01:00:17,724 INFO  http.HttpServer2 (HttpServer2.java:addGlobalFilter(975)) - Added global filter 'safety' (class=org.apache.hadoop.http.HttpServer2$QuotingInputFilter)
2019-07-14 01:00:17,725 INFO  http.HttpServer2 (HttpServer2.java:addFilter(948)) - Added filter static_user_filter (class=org.apache.hadoop.http.lib.StaticUserWebFilter$StaticUserFilter) to context ozoneManager
2019-07-14 01:00:17,725 INFO  http.HttpServer2 (HttpServer2.java:addFilter(958)) - Added filter static_user_filter (class=org.apache.hadoop.http.lib.StaticUserWebFilter$StaticUserFilter) to context static
2019-07-14 01:00:17,725 INFO  http.HttpServer2 (HttpServer2.java:addFilter(958)) - Added filter static_user_filter (class=org.apache.hadoop.http.lib.StaticUserWebFilter$StaticUserFilter) to context logs
2019-07-14 01:00:17,727 INFO  http.HttpServer2 (HttpServer2.java:bindListener(1191)) - Jetty bound to port 46417
2019-07-14 01:00:17,727 INFO  server.Server (Server.java:doStart(351)) - jetty-9.3.24.v20180605, build timestamp: 2018-06-05T17:11:56Z, git hash: 84205aa28f11a4f31f2a3b86d1bba2cc8ab69827
2019-07-14 01:00:17,729 INFO  handler.ContextHandler (ContextHandler.java:doStart(781)) - Started o.e.j.s.ServletContextHandler@6ac97b84{/logs,file:///tmp/workdir/hadoop-ozone/integration-test/target/log,AVAILABLE}
2019-07-14 01:00:17,730 INFO  handler.ContextHandler (ContextHandler.java:doStart(781)) - Started o.e.j.s.ServletContextHandler@35c09b94{/static,file:///tmp/workdir/hadoop-ozone/integration-test/target/test-classes/webapps/static,AVAILABLE}
2019-07-14 01:00:17,735 INFO  handler.ContextHandler (ContextHandler.java:doStart(781)) - Started o.e.j.w.WebAppContext@1b9c1b51{/,file:///tmp/workdir/hadoop-ozone/integration-test/target/test-classes/webapps/ozoneManager/,AVAILABLE}{/ozoneManager}
2019-07-14 01:00:17,735 INFO  server.AbstractConnector (AbstractConnector.java:doStart(278)) - Started ServerConnector@2e52fb3e{HTTP/1.1,[http/1.1]}{0.0.0.0:46417}
2019-07-14 01:00:17,735 INFO  server.Server (Server.java:doStart(419)) - Started @4082ms
2019-07-14 01:00:17,736 INFO  server.BaseHttpServer (BaseHttpServer.java:updateConnectorAddress(207)) - HTTP server of OZONEMANAGER is listening at http://0.0.0.0:46417
2019-07-14 01:00:18,066 INFO  impl.MetricsSystemImpl (MetricsSystemImpl.java:init(158)) - HddsDatanode metrics system started (again)
2019-07-14 01:00:18,154 INFO  ozone.HddsDatanodeService (HddsDatanodeService.java:start(185)) - HddsDatanodeService host:trunk-nightly-sxkq5-3320257302 ip:192.168.157.230
2019-07-14 01:00:18,185 INFO  volume.HddsVolume (HddsVolume.java:<init>(176)) - Creating Volume: /tmp/workdir/hadoop-ozone/integration-test/target/test-dir/MiniOzoneClusterImpl-59f4ffd4-c69e-43d5-9b99-59d04e6f6f19/datanode-0/data/containers/hdds of  storage type : DISK and capacity : 52710309888
2019-07-14 01:00:18,186 INFO  volume.VolumeSet (VolumeSet.java:initializeVolumeSet(170)) - Added Volume : /tmp/workdir/hadoop-ozone/integration-test/target/test-dir/MiniOzoneClusterImpl-59f4ffd4-c69e-43d5-9b99-59d04e6f6f19/datanode-0/data/containers/hdds to VolumeSet
2019-07-14 01:00:18,189 INFO  volume.ThrottledAsyncChecker (ThrottledAsyncChecker.java:schedule(140)) - Scheduling a check for org.apache.hadoop.ozone.container.common.volume.HddsVolume@6fc3e1a4
2019-07-14 01:00:18,206 INFO  volume.HddsVolumeChecker (HddsVolumeChecker.java:checkAllVolumes(203)) - Scheduled health check for volume org.apache.hadoop.ozone.container.common.volume.HddsVolume@6fc3e1a4
2019-07-14 01:00:18,315 INFO  impl.RaftServerProxy (ConfUtils.java:logGet(43)) - raft.rpc.type = GRPC (default)
2019-07-14 01:00:18,379 INFO  grpc.GrpcFactory (GrpcFactory.java:checkPooledByteBufAllocatorUseCacheForAllThreads(45)) - PERFORMANCE WARNING: useCacheForAllThreads is true that may cause Netty to create a lot garbage objects and, as a result, trigger GC.
	It is recommended to disable useCacheForAllThreads by setting -Dorg.apache.ratis.thirdparty.io.netty.allocator.useCacheForAllThreads=false in command line.
2019-07-14 01:00:18,384 INFO  grpc.GrpcConfigKeys$Server (ConfUtils.java:logGet(43)) - raft.grpc.server.port = 0 (default)
2019-07-14 01:00:18,385 INFO  server.GrpcService (ConfUtils.java:logGet(43)) - raft.grpc.message.size.max = 33570816 (custom)
2019-07-14 01:00:18,386 INFO  server.RaftServerConfigKeys (ConfUtils.java:logGet(43)) - raft.server.log.appender.buffer.byte-limit = 33554432 (custom)
2019-07-14 01:00:18,387 INFO  server.GrpcService (ConfUtils.java:logGet(43)) - raft.grpc.flow.control.window = 1MB (=1048576) (default)
2019-07-14 01:00:18,388 INFO  server.RaftServerConfigKeys (ConfUtils.java:logGet(43)) - raft.server.rpc.request.timeout = 3000ms (default)
2019-07-14 01:00:18,540 INFO  server.RaftServerConfigKeys (ConfUtils.java:logGet(43)) - raft.server.storage.dir = [/tmp/workdir/hadoop-ozone/integration-test/target/test-dir/MiniOzoneClusterImpl-59f4ffd4-c69e-43d5-9b99-59d04e6f6f19/datanode-0/data/ratis] (custom)
2019-07-14 01:00:18,574 INFO  replication.SimpleContainerDownloader (SimpleContainerDownloader.java:<init>(72)) - Starting container downloader service to copy containers to replicate.
2019-07-14 01:00:18,587 INFO  hdfs.DFSUtil (DFSUtil.java:httpServerTemplateForNNAndJN(1641)) - Starting Web-server for hddsDatanode at: http://0.0.0.0:0
2019-07-14 01:00:18,590 INFO  server.AuthenticationFilter (AuthenticationFilter.java:constructSecretProvider(240)) - Unable to initialize FileSignerSecretProvider, falling back to use random secrets.
2019-07-14 01:00:18,591 WARN  http.HttpRequestLog (HttpRequestLog.java:getRequestLog(97)) - Jetty request log can only be enabled using Log4j
2019-07-14 01:00:18,594 INFO  http.HttpServer2 (HttpServer2.java:addGlobalFilter(975)) - Added global filter 'safety' (class=org.apache.hadoop.http.HttpServer2$QuotingInputFilter)
2019-07-14 01:00:18,595 INFO  http.HttpServer2 (HttpServer2.java:addFilter(948)) - Added filter static_user_filter (class=org.apache.hadoop.http.lib.StaticUserWebFilter$StaticUserFilter) to context hddsDatanode
2019-07-14 01:00:18,595 INFO  http.HttpServer2 (HttpServer2.java:addFilter(958)) - Added filter static_user_filter (class=org.apache.hadoop.http.lib.StaticUserWebFilter$StaticUserFilter) to context logs
2019-07-14 01:00:18,596 INFO  http.HttpServer2 (HttpServer2.java:addFilter(958)) - Added filter static_user_filter (class=org.apache.hadoop.http.lib.StaticUserWebFilter$StaticUserFilter) to context static
2019-07-14 01:00:18,597 INFO  http.HttpServer2 (HttpServer2.java:bindListener(1191)) - Jetty bound to port 35726
2019-07-14 01:00:18,597 INFO  server.Server (Server.java:doStart(351)) - jetty-9.3.24.v20180605, build timestamp: 2018-06-05T17:11:56Z, git hash: 84205aa28f11a4f31f2a3b86d1bba2cc8ab69827
2019-07-14 01:00:18,600 INFO  handler.ContextHandler (ContextHandler.java:doStart(781)) - Started o.e.j.s.ServletContextHandler@304d0259{/logs,file:///tmp/workdir/hadoop-ozone/integration-test/target/log,AVAILABLE}
2019-07-14 01:00:18,601 INFO  handler.ContextHandler (ContextHandler.java:doStart(781)) - Started o.e.j.s.ServletContextHandler@2133661d{/static,jar:file:/home/user/.m2/repository/org/apache/hadoop/hadoop-hdds-container-service/0.5.0-SNAPSHOT/hadoop-hdds-container-service-0.5.0-SNAPSHOT.jar!/webapps/static,AVAILABLE}
2019-07-14 01:00:18,649 INFO  handler.ContextHandler (ContextHandler.java:doStart(781)) - Started o.e.j.w.WebAppContext@24e83d19{/,file:///tmp/jetty-0.0.0.0-35726-hddsDatanode-_-any-6063460568861542592.dir/webapp/,AVAILABLE}{/hddsDatanode}
2019-07-14 01:00:18,650 INFO  server.AbstractConnector (AbstractConnector.java:doStart(278)) - Started ServerConnector@5c080ef3{HTTP/1.1,[http/1.1]}{0.0.0.0:35726}
2019-07-14 01:00:18,651 INFO  server.Server (Server.java:doStart(419)) - Started @4997ms
2019-07-14 01:00:18,652 INFO  server.BaseHttpServer (BaseHttpServer.java:updateConnectorAddress(207)) - HTTP server of HDDSDATANODE is listening at http://0.0.0.0:35726
2019-07-14 01:00:19,912 INFO  ozone.HddsDatanodeService (HddsDatanodeService.java:startPlugins(396)) - Started plug-in org.apache.hadoop.ozone.web.OzoneHddsDatanodeService@b4732dc
2019-07-14 01:00:19,915 INFO  impl.MetricsSystemImpl (MetricsSystemImpl.java:init(158)) - HddsDatanode metrics system started (again)
2019-07-14 01:00:19,916 INFO  ozone.HddsDatanodeService (HddsDatanodeService.java:start(185)) - HddsDatanodeService host:trunk-nightly-sxkq5-3320257302 ip:192.168.157.230
2019-07-14 01:00:19,921 INFO  util.JvmPauseMonitor (JvmPauseMonitor.java:run(188)) - Starting JVM pause monitor
2019-07-14 01:00:19,932 INFO  volume.HddsVolume (HddsVolume.java:<init>(176)) - Creating Volume: /tmp/workdir/hadoop-ozone/integration-test/target/test-dir/MiniOzoneClusterImpl-59f4ffd4-c69e-43d5-9b99-59d04e6f6f19/datanode-1/data/containers/hdds of  storage type : DISK and capacity : 52710309888
2019-07-14 01:00:19,932 INFO  volume.VolumeSet (VolumeSet.java:initializeVolumeSet(170)) - Added Volume : /tmp/workdir/hadoop-ozone/integration-test/target/test-dir/MiniOzoneClusterImpl-59f4ffd4-c69e-43d5-9b99-59d04e6f6f19/datanode-1/data/containers/hdds to VolumeSet
2019-07-14 01:00:19,934 INFO  volume.ThrottledAsyncChecker (ThrottledAsyncChecker.java:schedule(140)) - Scheduling a check for org.apache.hadoop.ozone.container.common.volume.HddsVolume@778a1250
2019-07-14 01:00:19,935 INFO  volume.HddsVolumeChecker (HddsVolumeChecker.java:checkAllVolumes(203)) - Scheduled health check for volume org.apache.hadoop.ozone.container.common.volume.HddsVolume@778a1250
2019-07-14 01:00:19,960 INFO  impl.RaftServerProxy (ConfUtils.java:logGet(43)) - raft.rpc.type = GRPC (default)
2019-07-14 01:00:19,960 INFO  grpc.GrpcFactory (GrpcFactory.java:checkPooledByteBufAllocatorUseCacheForAllThreads(45)) - PERFORMANCE WARNING: useCacheForAllThreads is true that may cause Netty to create a lot garbage objects and, as a result, trigger GC.
	It is recommended to disable useCacheForAllThreads by setting -Dorg.apache.ratis.thirdparty.io.netty.allocator.useCacheForAllThreads=false in command line.
2019-07-14 01:00:19,961 INFO  grpc.GrpcConfigKeys$Server (ConfUtils.java:logGet(43)) - raft.grpc.server.port = 0 (default)
2019-07-14 01:00:19,961 INFO  server.GrpcService (ConfUtils.java:logGet(43)) - raft.grpc.message.size.max = 33570816 (custom)
2019-07-14 01:00:19,962 INFO  server.RaftServerConfigKeys (ConfUtils.java:logGet(43)) - raft.server.log.appender.buffer.byte-limit = 33554432 (custom)
2019-07-14 01:00:19,962 INFO  server.GrpcService (ConfUtils.java:logGet(43)) - raft.grpc.flow.control.window = 1MB (=1048576) (default)
2019-07-14 01:00:19,962 INFO  server.RaftServerConfigKeys (ConfUtils.java:logGet(43)) - raft.server.rpc.request.timeout = 3000ms (default)
2019-07-14 01:00:19,964 INFO  server.RaftServerConfigKeys (ConfUtils.java:logGet(43)) - raft.server.storage.dir = [/tmp/workdir/hadoop-ozone/integration-test/target/test-dir/MiniOzoneClusterImpl-59f4ffd4-c69e-43d5-9b99-59d04e6f6f19/datanode-1/data/ratis] (custom)
2019-07-14 01:00:19,965 INFO  replication.SimpleContainerDownloader (SimpleContainerDownloader.java:<init>(72)) - Starting container downloader service to copy containers to replicate.
2019-07-14 01:00:19,967 INFO  hdfs.DFSUtil (DFSUtil.java:httpServerTemplateForNNAndJN(1641)) - Starting Web-server for hddsDatanode at: http://0.0.0.0:0
2019-07-14 01:00:19,971 INFO  server.AuthenticationFilter (AuthenticationFilter.java:constructSecretProvider(240)) - Unable to initialize FileSignerSecretProvider, falling back to use random secrets.
2019-07-14 01:00:19,972 WARN  http.HttpRequestLog (HttpRequestLog.java:getRequestLog(97)) - Jetty request log can only be enabled using Log4j
2019-07-14 01:00:19,974 INFO  http.HttpServer2 (HttpServer2.java:addGlobalFilter(975)) - Added global filter 'safety' (class=org.apache.hadoop.http.HttpServer2$QuotingInputFilter)
2019-07-14 01:00:19,975 INFO  http.HttpServer2 (HttpServer2.java:addFilter(948)) - Added filter static_user_filter (class=org.apache.hadoop.http.lib.StaticUserWebFilter$StaticUserFilter) to context hddsDatanode
2019-07-14 01:00:19,975 INFO  http.HttpServer2 (HttpServer2.java:addFilter(958)) - Added filter static_user_filter (class=org.apache.hadoop.http.lib.StaticUserWebFilter$StaticUserFilter) to context static
2019-07-14 01:00:19,975 INFO  http.HttpServer2 (HttpServer2.java:addFilter(958)) - Added filter static_user_filter (class=org.apache.hadoop.http.lib.StaticUserWebFilter$StaticUserFilter) to context logs
2019-07-14 01:00:19,976 INFO  http.HttpServer2 (HttpServer2.java:bindListener(1191)) - Jetty bound to port 33425
2019-07-14 01:00:19,977 INFO  server.Server (Server.java:doStart(351)) - jetty-9.3.24.v20180605, build timestamp: 2018-06-05T17:11:56Z, git hash: 84205aa28f11a4f31f2a3b86d1bba2cc8ab69827
2019-07-14 01:00:19,979 INFO  handler.ContextHandler (ContextHandler.java:doStart(781)) - Started o.e.j.s.ServletContextHandler@359066bc{/logs,file:///tmp/workdir/hadoop-ozone/integration-test/target/log,AVAILABLE}
2019-07-14 01:00:19,980 INFO  handler.ContextHandler (ContextHandler.java:doStart(781)) - Started o.e.j.s.ServletContextHandler@364fd4ae{/static,jar:file:/home/user/.m2/repository/org/apache/hadoop/hadoop-hdds-container-service/0.5.0-SNAPSHOT/hadoop-hdds-container-service-0.5.0-SNAPSHOT.jar!/webapps/static,AVAILABLE}
2019-07-14 01:00:20,014 INFO  handler.ContextHandler (ContextHandler.java:doStart(781)) - Started o.e.j.w.WebAppContext@2e1eb85f{/,file:///tmp/jetty-0.0.0.0-33425-hddsDatanode-_-any-5308881380719322556.dir/webapp/,AVAILABLE}{/hddsDatanode}
2019-07-14 01:00:20,015 INFO  server.AbstractConnector (AbstractConnector.java:doStart(278)) - Started ServerConnector@ea7a4c3{HTTP/1.1,[http/1.1]}{0.0.0.0:33425}
2019-07-14 01:00:20,017 INFO  server.Server (Server.java:doStart(419)) - Started @6363ms
2019-07-14 01:00:20,018 INFO  server.BaseHttpServer (BaseHttpServer.java:updateConnectorAddress(207)) - HTTP server of HDDSDATANODE is listening at http://0.0.0.0:33425
2019-07-14 01:00:20,060 INFO  datanode.InitDatanodeState (InitDatanodeState.java:persistContainerDatanodeDetails(140)) - DatanodeDetails is persisted to /tmp/workdir/hadoop-ozone/integration-test/target/test-dir/MiniOzoneClusterImpl-59f4ffd4-c69e-43d5-9b99-59d04e6f6f19/datanode-0/meta/datanode.id
2019-07-14 01:00:20,196 INFO  ozone.HddsDatanodeService (HddsDatanodeService.java:startPlugins(396)) - Started plug-in org.apache.hadoop.ozone.web.OzoneHddsDatanodeService@5729b410
2019-07-14 01:00:20,196 INFO  impl.MetricsSystemImpl (MetricsSystemImpl.java:init(158)) - HddsDatanode metrics system started (again)
2019-07-14 01:00:20,198 INFO  ozone.HddsDatanodeService (HddsDatanodeService.java:start(185)) - HddsDatanodeService host:trunk-nightly-sxkq5-3320257302 ip:192.168.157.230
2019-07-14 01:00:20,199 INFO  util.JvmPauseMonitor (JvmPauseMonitor.java:run(188)) - Starting JVM pause monitor
2019-07-14 01:00:20,208 INFO  volume.HddsVolume (HddsVolume.java:<init>(176)) - Creating Volume: /tmp/workdir/hadoop-ozone/integration-test/target/test-dir/MiniOzoneClusterImpl-59f4ffd4-c69e-43d5-9b99-59d04e6f6f19/datanode-2/data/containers/hdds of  storage type : DISK and capacity : 52710309888
2019-07-14 01:00:20,209 INFO  volume.VolumeSet (VolumeSet.java:initializeVolumeSet(170)) - Added Volume : /tmp/workdir/hadoop-ozone/integration-test/target/test-dir/MiniOzoneClusterImpl-59f4ffd4-c69e-43d5-9b99-59d04e6f6f19/datanode-2/data/containers/hdds to VolumeSet
2019-07-14 01:00:20,210 INFO  volume.ThrottledAsyncChecker (ThrottledAsyncChecker.java:schedule(140)) - Scheduling a check for org.apache.hadoop.ozone.container.common.volume.HddsVolume@52b959df
2019-07-14 01:00:20,210 INFO  datanode.InitDatanodeState (InitDatanodeState.java:persistContainerDatanodeDetails(140)) - DatanodeDetails is persisted to /tmp/workdir/hadoop-ozone/integration-test/target/test-dir/MiniOzoneClusterImpl-59f4ffd4-c69e-43d5-9b99-59d04e6f6f19/datanode-1/meta/datanode.id
2019-07-14 01:00:20,211 INFO  volume.HddsVolumeChecker (HddsVolumeChecker.java:checkAllVolumes(203)) - Scheduled health check for volume org.apache.hadoop.ozone.container.common.volume.HddsVolume@52b959df
2019-07-14 01:00:20,232 INFO  impl.RaftServerProxy (ConfUtils.java:logGet(43)) - raft.rpc.type = GRPC (default)
2019-07-14 01:00:20,233 INFO  grpc.GrpcFactory (GrpcFactory.java:checkPooledByteBufAllocatorUseCacheForAllThreads(45)) - PERFORMANCE WARNING: useCacheForAllThreads is true that may cause Netty to create a lot garbage objects and, as a result, trigger GC.
	It is recommended to disable useCacheForAllThreads by setting -Dorg.apache.ratis.thirdparty.io.netty.allocator.useCacheForAllThreads=false in command line.
2019-07-14 01:00:20,233 INFO  grpc.GrpcConfigKeys$Server (ConfUtils.java:logGet(43)) - raft.grpc.server.port = 0 (default)
2019-07-14 01:00:20,234 INFO  server.GrpcService (ConfUtils.java:logGet(43)) - raft.grpc.message.size.max = 33570816 (custom)
2019-07-14 01:00:20,234 INFO  server.RaftServerConfigKeys (ConfUtils.java:logGet(43)) - raft.server.log.appender.buffer.byte-limit = 33554432 (custom)
2019-07-14 01:00:20,234 INFO  server.GrpcService (ConfUtils.java:logGet(43)) - raft.grpc.flow.control.window = 1MB (=1048576) (default)
2019-07-14 01:00:20,235 INFO  server.RaftServerConfigKeys (ConfUtils.java:logGet(43)) - raft.server.rpc.request.timeout = 3000ms (default)
2019-07-14 01:00:20,235 INFO  server.RaftServerConfigKeys (ConfUtils.java:logGet(43)) - raft.server.storage.dir = [/tmp/workdir/hadoop-ozone/integration-test/target/test-dir/MiniOzoneClusterImpl-59f4ffd4-c69e-43d5-9b99-59d04e6f6f19/datanode-2/data/ratis] (custom)
2019-07-14 01:00:20,237 INFO  replication.SimpleContainerDownloader (SimpleContainerDownloader.java:<init>(72)) - Starting container downloader service to copy containers to replicate.
2019-07-14 01:00:20,238 INFO  hdfs.DFSUtil (DFSUtil.java:httpServerTemplateForNNAndJN(1641)) - Starting Web-server for hddsDatanode at: http://0.0.0.0:0
2019-07-14 01:00:20,241 INFO  server.AuthenticationFilter (AuthenticationFilter.java:constructSecretProvider(240)) - Unable to initialize FileSignerSecretProvider, falling back to use random secrets.
2019-07-14 01:00:20,241 WARN  http.HttpRequestLog (HttpRequestLog.java:getRequestLog(97)) - Jetty request log can only be enabled using Log4j
2019-07-14 01:00:20,244 INFO  http.HttpServer2 (HttpServer2.java:addGlobalFilter(975)) - Added global filter 'safety' (class=org.apache.hadoop.http.HttpServer2$QuotingInputFilter)
2019-07-14 01:00:20,245 INFO  http.HttpServer2 (HttpServer2.java:addFilter(948)) - Added filter static_user_filter (class=org.apache.hadoop.http.lib.StaticUserWebFilter$StaticUserFilter) to context hddsDatanode
2019-07-14 01:00:20,245 INFO  http.HttpServer2 (HttpServer2.java:addFilter(958)) - Added filter static_user_filter (class=org.apache.hadoop.http.lib.StaticUserWebFilter$StaticUserFilter) to context static
2019-07-14 01:00:20,245 INFO  http.HttpServer2 (HttpServer2.java:addFilter(958)) - Added filter static_user_filter (class=org.apache.hadoop.http.lib.StaticUserWebFilter$StaticUserFilter) to context logs
2019-07-14 01:00:20,246 INFO  http.HttpServer2 (HttpServer2.java:bindListener(1191)) - Jetty bound to port 43769
2019-07-14 01:00:20,247 INFO  server.Server (Server.java:doStart(351)) - jetty-9.3.24.v20180605, build timestamp: 2018-06-05T17:11:56Z, git hash: 84205aa28f11a4f31f2a3b86d1bba2cc8ab69827
2019-07-14 01:00:20,251 INFO  handler.ContextHandler (ContextHandler.java:doStart(781)) - Started o.e.j.s.ServletContextHandler@631c6d11{/logs,file:///tmp/workdir/hadoop-ozone/integration-test/target/log,AVAILABLE}
2019-07-14 01:00:20,252 INFO  handler.ContextHandler (ContextHandler.java:doStart(781)) - Started o.e.j.s.ServletContextHandler@62ade015{/static,jar:file:/home/user/.m2/repository/org/apache/hadoop/hadoop-hdds-container-service/0.5.0-SNAPSHOT/hadoop-hdds-container-service-0.5.0-SNAPSHOT.jar!/webapps/static,AVAILABLE}
2019-07-14 01:00:20,295 INFO  handler.ContextHandler (ContextHandler.java:doStart(781)) - Started o.e.j.w.WebAppContext@7197b07f{/,file:///tmp/jetty-0.0.0.0-43769-hddsDatanode-_-any-5899984325094383695.dir/webapp/,AVAILABLE}{/hddsDatanode}
2019-07-14 01:00:20,297 INFO  server.AbstractConnector (AbstractConnector.java:doStart(278)) - Started ServerConnector@1f10fec6{HTTP/1.1,[http/1.1]}{0.0.0.0:43769}
2019-07-14 01:00:20,298 INFO  server.Server (Server.java:doStart(419)) - Started @6644ms
2019-07-14 01:00:20,299 INFO  server.BaseHttpServer (BaseHttpServer.java:updateConnectorAddress(207)) - HTTP server of HDDSDATANODE is listening at http://0.0.0.0:43769
2019-07-14 01:00:20,459 INFO  ozone.HddsDatanodeService (HddsDatanodeService.java:startPlugins(396)) - Started plug-in org.apache.hadoop.ozone.web.OzoneHddsDatanodeService@7436364d
2019-07-14 01:00:20,459 INFO  impl.MetricsSystemImpl (MetricsSystemImpl.java:init(158)) - HddsDatanode metrics system started (again)
2019-07-14 01:00:20,461 INFO  ozone.HddsDatanodeService (HddsDatanodeService.java:start(185)) - HddsDatanodeService host:trunk-nightly-sxkq5-3320257302 ip:192.168.157.230
2019-07-14 01:00:20,463 INFO  util.JvmPauseMonitor (JvmPauseMonitor.java:run(188)) - Starting JVM pause monitor
2019-07-14 01:00:20,470 INFO  volume.HddsVolume (HddsVolume.java:<init>(176)) - Creating Volume: /tmp/workdir/hadoop-ozone/integration-test/target/test-dir/MiniOzoneClusterImpl-59f4ffd4-c69e-43d5-9b99-59d04e6f6f19/datanode-3/data/containers/hdds of  storage type : DISK and capacity : 52710309888
2019-07-14 01:00:20,470 INFO  datanode.InitDatanodeState (InitDatanodeState.java:persistContainerDatanodeDetails(140)) - DatanodeDetails is persisted to /tmp/workdir/hadoop-ozone/integration-test/target/test-dir/MiniOzoneClusterImpl-59f4ffd4-c69e-43d5-9b99-59d04e6f6f19/datanode-2/meta/datanode.id
2019-07-14 01:00:20,471 INFO  volume.VolumeSet (VolumeSet.java:initializeVolumeSet(170)) - Added Volume : /tmp/workdir/hadoop-ozone/integration-test/target/test-dir/MiniOzoneClusterImpl-59f4ffd4-c69e-43d5-9b99-59d04e6f6f19/datanode-3/data/containers/hdds to VolumeSet
2019-07-14 01:00:20,471 INFO  volume.ThrottledAsyncChecker (ThrottledAsyncChecker.java:schedule(140)) - Scheduling a check for org.apache.hadoop.ozone.container.common.volume.HddsVolume@517704
2019-07-14 01:00:20,471 INFO  volume.HddsVolumeChecker (HddsVolumeChecker.java:checkAllVolumes(203)) - Scheduled health check for volume org.apache.hadoop.ozone.container.common.volume.HddsVolume@517704
2019-07-14 01:00:20,486 INFO  impl.RaftServerProxy (ConfUtils.java:logGet(43)) - raft.rpc.type = GRPC (default)
2019-07-14 01:00:20,486 INFO  grpc.GrpcFactory (GrpcFactory.java:checkPooledByteBufAllocatorUseCacheForAllThreads(45)) - PERFORMANCE WARNING: useCacheForAllThreads is true that may cause Netty to create a lot garbage objects and, as a result, trigger GC.
	It is recommended to disable useCacheForAllThreads by setting -Dorg.apache.ratis.thirdparty.io.netty.allocator.useCacheForAllThreads=false in command line.
2019-07-14 01:00:20,486 INFO  grpc.GrpcConfigKeys$Server (ConfUtils.java:logGet(43)) - raft.grpc.server.port = 0 (default)
2019-07-14 01:00:20,486 INFO  server.GrpcService (ConfUtils.java:logGet(43)) - raft.grpc.message.size.max = 33570816 (custom)
2019-07-14 01:00:20,487 INFO  server.RaftServerConfigKeys (ConfUtils.java:logGet(43)) - raft.server.log.appender.buffer.byte-limit = 33554432 (custom)
2019-07-14 01:00:20,487 INFO  server.GrpcService (ConfUtils.java:logGet(43)) - raft.grpc.flow.control.window = 1MB (=1048576) (default)
2019-07-14 01:00:20,487 INFO  server.RaftServerConfigKeys (ConfUtils.java:logGet(43)) - raft.server.rpc.request.timeout = 3000ms (default)
2019-07-14 01:00:20,488 INFO  server.RaftServerConfigKeys (ConfUtils.java:logGet(43)) - raft.server.storage.dir = [/tmp/workdir/hadoop-ozone/integration-test/target/test-dir/MiniOzoneClusterImpl-59f4ffd4-c69e-43d5-9b99-59d04e6f6f19/datanode-3/data/ratis] (custom)
2019-07-14 01:00:20,488 INFO  replication.SimpleContainerDownloader (SimpleContainerDownloader.java:<init>(72)) - Starting container downloader service to copy containers to replicate.
2019-07-14 01:00:20,489 INFO  hdfs.DFSUtil (DFSUtil.java:httpServerTemplateForNNAndJN(1641)) - Starting Web-server for hddsDatanode at: http://0.0.0.0:0
2019-07-14 01:00:20,490 INFO  server.AuthenticationFilter (AuthenticationFilter.java:constructSecretProvider(240)) - Unable to initialize FileSignerSecretProvider, falling back to use random secrets.
2019-07-14 01:00:20,491 WARN  http.HttpRequestLog (HttpRequestLog.java:getRequestLog(97)) - Jetty request log can only be enabled using Log4j
2019-07-14 01:00:20,493 INFO  http.HttpServer2 (HttpServer2.java:addGlobalFilter(975)) - Added global filter 'safety' (class=org.apache.hadoop.http.HttpServer2$QuotingInputFilter)
2019-07-14 01:00:20,493 INFO  http.HttpServer2 (HttpServer2.java:addFilter(948)) - Added filter static_user_filter (class=org.apache.hadoop.http.lib.StaticUserWebFilter$StaticUserFilter) to context hddsDatanode
2019-07-14 01:00:20,493 INFO  http.HttpServer2 (HttpServer2.java:addFilter(958)) - Added filter static_user_filter (class=org.apache.hadoop.http.lib.StaticUserWebFilter$StaticUserFilter) to context static
2019-07-14 01:00:20,494 INFO  http.HttpServer2 (HttpServer2.java:addFilter(958)) - Added filter static_user_filter (class=org.apache.hadoop.http.lib.StaticUserWebFilter$StaticUserFilter) to context logs
2019-07-14 01:00:20,494 INFO  http.HttpServer2 (HttpServer2.java:bindListener(1191)) - Jetty bound to port 46783
2019-07-14 01:00:20,494 INFO  server.Server (Server.java:doStart(351)) - jetty-9.3.24.v20180605, build timestamp: 2018-06-05T17:11:56Z, git hash: 84205aa28f11a4f31f2a3b86d1bba2cc8ab69827
2019-07-14 01:00:20,497 INFO  handler.ContextHandler (ContextHandler.java:doStart(781)) - Started o.e.j.s.ServletContextHandler@1e30db85{/logs,file:///tmp/workdir/hadoop-ozone/integration-test/target/log,AVAILABLE}
2019-07-14 01:00:20,497 INFO  handler.ContextHandler (ContextHandler.java:doStart(781)) - Started o.e.j.s.ServletContextHandler@cc9ef8d{/static,jar:file:/home/user/.m2/repository/org/apache/hadoop/hadoop-hdds-container-service/0.5.0-SNAPSHOT/hadoop-hdds-container-service-0.5.0-SNAPSHOT.jar!/webapps/static,AVAILABLE}
2019-07-14 01:00:20,525 INFO  handler.ContextHandler (ContextHandler.java:doStart(781)) - Started o.e.j.w.WebAppContext@6a2d867d{/,file:///tmp/jetty-0.0.0.0-46783-hddsDatanode-_-any-5551083550706390931.dir/webapp/,AVAILABLE}{/hddsDatanode}
2019-07-14 01:00:20,525 INFO  server.AbstractConnector (AbstractConnector.java:doStart(278)) - Started ServerConnector@73bb1337{HTTP/1.1,[http/1.1]}{0.0.0.0:46783}
2019-07-14 01:00:20,526 INFO  server.Server (Server.java:doStart(419)) - Started @6872ms
2019-07-14 01:00:20,527 INFO  server.BaseHttpServer (BaseHttpServer.java:updateConnectorAddress(207)) - HTTP server of HDDSDATANODE is listening at http://0.0.0.0:46783
2019-07-14 01:00:20,657 INFO  ozone.HddsDatanodeService (HddsDatanodeService.java:startPlugins(396)) - Started plug-in org.apache.hadoop.ozone.web.OzoneHddsDatanodeService@65da01f4
2019-07-14 01:00:20,658 INFO  impl.MetricsSystemImpl (MetricsSystemImpl.java:init(158)) - HddsDatanode metrics system started (again)
2019-07-14 01:00:20,659 INFO  ozone.HddsDatanodeService (HddsDatanodeService.java:start(185)) - HddsDatanodeService host:trunk-nightly-sxkq5-3320257302 ip:192.168.157.230
2019-07-14 01:00:20,661 INFO  util.JvmPauseMonitor (JvmPauseMonitor.java:run(188)) - Starting JVM pause monitor
2019-07-14 01:00:20,664 INFO  datanode.InitDatanodeState (InitDatanodeState.java:persistContainerDatanodeDetails(140)) - DatanodeDetails is persisted to /tmp/workdir/hadoop-ozone/integration-test/target/test-dir/MiniOzoneClusterImpl-59f4ffd4-c69e-43d5-9b99-59d04e6f6f19/datanode-3/meta/datanode.id
2019-07-14 01:00:20,668 INFO  volume.HddsVolume (HddsVolume.java:<init>(176)) - Creating Volume: /tmp/workdir/hadoop-ozone/integration-test/target/test-dir/MiniOzoneClusterImpl-59f4ffd4-c69e-43d5-9b99-59d04e6f6f19/datanode-4/data/containers/hdds of  storage type : DISK and capacity : 52710309888
2019-07-14 01:00:20,668 INFO  volume.VolumeSet (VolumeSet.java:initializeVolumeSet(170)) - Added Volume : /tmp/workdir/hadoop-ozone/integration-test/target/test-dir/MiniOzoneClusterImpl-59f4ffd4-c69e-43d5-9b99-59d04e6f6f19/datanode-4/data/containers/hdds to VolumeSet
2019-07-14 01:00:20,669 INFO  volume.ThrottledAsyncChecker (ThrottledAsyncChecker.java:schedule(140)) - Scheduling a check for org.apache.hadoop.ozone.container.common.volume.HddsVolume@6b2fdffc
2019-07-14 01:00:20,669 INFO  volume.HddsVolumeChecker (HddsVolumeChecker.java:checkAllVolumes(203)) - Scheduled health check for volume org.apache.hadoop.ozone.container.common.volume.HddsVolume@6b2fdffc
2019-07-14 01:00:20,683 INFO  impl.RaftServerProxy (ConfUtils.java:logGet(43)) - raft.rpc.type = GRPC (default)
2019-07-14 01:00:20,683 INFO  grpc.GrpcFactory (GrpcFactory.java:checkPooledByteBufAllocatorUseCacheForAllThreads(45)) - PERFORMANCE WARNING: useCacheForAllThreads is true that may cause Netty to create a lot garbage objects and, as a result, trigger GC.
	It is recommended to disable useCacheForAllThreads by setting -Dorg.apache.ratis.thirdparty.io.netty.allocator.useCacheForAllThreads=false in command line.
2019-07-14 01:00:20,683 INFO  grpc.GrpcConfigKeys$Server (ConfUtils.java:logGet(43)) - raft.grpc.server.port = 0 (default)
2019-07-14 01:00:20,684 INFO  server.GrpcService (ConfUtils.java:logGet(43)) - raft.grpc.message.size.max = 33570816 (custom)
2019-07-14 01:00:20,684 INFO  server.RaftServerConfigKeys (ConfUtils.java:logGet(43)) - raft.server.log.appender.buffer.byte-limit = 33554432 (custom)
2019-07-14 01:00:20,684 INFO  server.GrpcService (ConfUtils.java:logGet(43)) - raft.grpc.flow.control.window = 1MB (=1048576) (default)
2019-07-14 01:00:20,684 INFO  server.RaftServerConfigKeys (ConfUtils.java:logGet(43)) - raft.server.rpc.request.timeout = 3000ms (default)
2019-07-14 01:00:20,685 INFO  server.RaftServerConfigKeys (ConfUtils.java:logGet(43)) - raft.server.storage.dir = [/tmp/workdir/hadoop-ozone/integration-test/target/test-dir/MiniOzoneClusterImpl-59f4ffd4-c69e-43d5-9b99-59d04e6f6f19/datanode-4/data/ratis] (custom)
2019-07-14 01:00:20,685 INFO  replication.SimpleContainerDownloader (SimpleContainerDownloader.java:<init>(72)) - Starting container downloader service to copy containers to replicate.
2019-07-14 01:00:20,686 INFO  hdfs.DFSUtil (DFSUtil.java:httpServerTemplateForNNAndJN(1641)) - Starting Web-server for hddsDatanode at: http://0.0.0.0:0
2019-07-14 01:00:20,688 INFO  server.AuthenticationFilter (AuthenticationFilter.java:constructSecretProvider(240)) - Unable to initialize FileSignerSecretProvider, falling back to use random secrets.
2019-07-14 01:00:20,688 WARN  http.HttpRequestLog (HttpRequestLog.java:getRequestLog(97)) - Jetty request log can only be enabled using Log4j
2019-07-14 01:00:20,689 INFO  http.HttpServer2 (HttpServer2.java:addGlobalFilter(975)) - Added global filter 'safety' (class=org.apache.hadoop.http.HttpServer2$QuotingInputFilter)
2019-07-14 01:00:20,690 INFO  http.HttpServer2 (HttpServer2.java:addFilter(948)) - Added filter static_user_filter (class=org.apache.hadoop.http.lib.StaticUserWebFilter$StaticUserFilter) to context hddsDatanode
2019-07-14 01:00:20,690 INFO  http.HttpServer2 (HttpServer2.java:addFilter(958)) - Added filter static_user_filter (class=org.apache.hadoop.http.lib.StaticUserWebFilter$StaticUserFilter) to context logs
2019-07-14 01:00:20,690 INFO  http.HttpServer2 (HttpServer2.java:addFilter(958)) - Added filter static_user_filter (class=org.apache.hadoop.http.lib.StaticUserWebFilter$StaticUserFilter) to context static
2019-07-14 01:00:20,691 INFO  http.HttpServer2 (HttpServer2.java:bindListener(1191)) - Jetty bound to port 38584
2019-07-14 01:00:20,691 INFO  server.Server (Server.java:doStart(351)) - jetty-9.3.24.v20180605, build timestamp: 2018-06-05T17:11:56Z, git hash: 84205aa28f11a4f31f2a3b86d1bba2cc8ab69827
2019-07-14 01:00:20,696 INFO  handler.ContextHandler (ContextHandler.java:doStart(781)) - Started o.e.j.s.ServletContextHandler@615db358{/logs,file:///tmp/workdir/hadoop-ozone/integration-test/target/log,AVAILABLE}
2019-07-14 01:00:20,696 INFO  handler.ContextHandler (ContextHandler.java:doStart(781)) - Started o.e.j.s.ServletContextHandler@5fef0c19{/static,jar:file:/home/user/.m2/repository/org/apache/hadoop/hadoop-hdds-container-service/0.5.0-SNAPSHOT/hadoop-hdds-container-service-0.5.0-SNAPSHOT.jar!/webapps/static,AVAILABLE}
2019-07-14 01:00:20,726 INFO  handler.ContextHandler (ContextHandler.java:doStart(781)) - Started o.e.j.w.WebAppContext@367d34c0{/,file:///tmp/jetty-0.0.0.0-38584-hddsDatanode-_-any-154760830386827425.dir/webapp/,AVAILABLE}{/hddsDatanode}
2019-07-14 01:00:20,727 INFO  server.AbstractConnector (AbstractConnector.java:doStart(278)) - Started ServerConnector@4ce25e47{HTTP/1.1,[http/1.1]}{0.0.0.0:38584}
2019-07-14 01:00:20,728 INFO  server.Server (Server.java:doStart(419)) - Started @7074ms
2019-07-14 01:00:20,729 INFO  server.BaseHttpServer (BaseHttpServer.java:updateConnectorAddress(207)) - HTTP server of HDDSDATANODE is listening at http://0.0.0.0:38584
2019-07-14 01:00:20,849 INFO  ozone.HddsDatanodeService (HddsDatanodeService.java:startPlugins(396)) - Started plug-in org.apache.hadoop.ozone.web.OzoneHddsDatanodeService@15d236fd
2019-07-14 01:00:20,849 INFO  impl.MetricsSystemImpl (MetricsSystemImpl.java:init(158)) - HddsDatanode metrics system started (again)
2019-07-14 01:00:20,851 INFO  ozone.HddsDatanodeService (HddsDatanodeService.java:start(185)) - HddsDatanodeService host:trunk-nightly-sxkq5-3320257302 ip:192.168.157.230
2019-07-14 01:00:20,853 INFO  util.JvmPauseMonitor (JvmPauseMonitor.java:run(188)) - Starting JVM pause monitor
2019-07-14 01:00:20,856 INFO  datanode.InitDatanodeState (InitDatanodeState.java:persistContainerDatanodeDetails(140)) - DatanodeDetails is persisted to /tmp/workdir/hadoop-ozone/integration-test/target/test-dir/MiniOzoneClusterImpl-59f4ffd4-c69e-43d5-9b99-59d04e6f6f19/datanode-4/meta/datanode.id
2019-07-14 01:00:20,861 INFO  volume.HddsVolume (HddsVolume.java:<init>(176)) - Creating Volume: /tmp/workdir/hadoop-ozone/integration-test/target/test-dir/MiniOzoneClusterImpl-59f4ffd4-c69e-43d5-9b99-59d04e6f6f19/datanode-5/data/containers/hdds of  storage type : DISK and capacity : 52710309888
2019-07-14 01:00:20,861 INFO  volume.VolumeSet (VolumeSet.java:initializeVolumeSet(170)) - Added Volume : /tmp/workdir/hadoop-ozone/integration-test/target/test-dir/MiniOzoneClusterImpl-59f4ffd4-c69e-43d5-9b99-59d04e6f6f19/datanode-5/data/containers/hdds to VolumeSet
2019-07-14 01:00:20,861 INFO  volume.ThrottledAsyncChecker (ThrottledAsyncChecker.java:schedule(140)) - Scheduling a check for org.apache.hadoop.ozone.container.common.volume.HddsVolume@33eb0d4
2019-07-14 01:00:20,862 INFO  volume.HddsVolumeChecker (HddsVolumeChecker.java:checkAllVolumes(203)) - Scheduled health check for volume org.apache.hadoop.ozone.container.common.volume.HddsVolume@33eb0d4
2019-07-14 01:00:20,876 INFO  impl.RaftServerProxy (ConfUtils.java:logGet(43)) - raft.rpc.type = GRPC (default)
2019-07-14 01:00:20,876 INFO  grpc.GrpcFactory (GrpcFactory.java:checkPooledByteBufAllocatorUseCacheForAllThreads(45)) - PERFORMANCE WARNING: useCacheForAllThreads is true that may cause Netty to create a lot garbage objects and, as a result, trigger GC.
	It is recommended to disable useCacheForAllThreads by setting -Dorg.apache.ratis.thirdparty.io.netty.allocator.useCacheForAllThreads=false in command line.
2019-07-14 01:00:20,877 INFO  grpc.GrpcConfigKeys$Server (ConfUtils.java:logGet(43)) - raft.grpc.server.port = 0 (default)
2019-07-14 01:00:20,877 INFO  server.GrpcService (ConfUtils.java:logGet(43)) - raft.grpc.message.size.max = 33570816 (custom)
2019-07-14 01:00:20,877 INFO  server.RaftServerConfigKeys (ConfUtils.java:logGet(43)) - raft.server.log.appender.buffer.byte-limit = 33554432 (custom)
2019-07-14 01:00:20,877 INFO  server.GrpcService (ConfUtils.java:logGet(43)) - raft.grpc.flow.control.window = 1MB (=1048576) (default)
2019-07-14 01:00:20,878 INFO  server.RaftServerConfigKeys (ConfUtils.java:logGet(43)) - raft.server.rpc.request.timeout = 3000ms (default)
2019-07-14 01:00:20,878 INFO  server.RaftServerConfigKeys (ConfUtils.java:logGet(43)) - raft.server.storage.dir = [/tmp/workdir/hadoop-ozone/integration-test/target/test-dir/MiniOzoneClusterImpl-59f4ffd4-c69e-43d5-9b99-59d04e6f6f19/datanode-5/data/ratis] (custom)
2019-07-14 01:00:20,879 INFO  replication.SimpleContainerDownloader (SimpleContainerDownloader.java:<init>(72)) - Starting container downloader service to copy containers to replicate.
2019-07-14 01:00:20,880 INFO  hdfs.DFSUtil (DFSUtil.java:httpServerTemplateForNNAndJN(1641)) - Starting Web-server for hddsDatanode at: http://0.0.0.0:0
2019-07-14 01:00:20,881 INFO  server.AuthenticationFilter (AuthenticationFilter.java:constructSecretProvider(240)) - Unable to initialize FileSignerSecretProvider, falling back to use random secrets.
2019-07-14 01:00:20,881 WARN  http.HttpRequestLog (HttpRequestLog.java:getRequestLog(97)) - Jetty request log can only be enabled using Log4j
2019-07-14 01:00:20,882 INFO  http.HttpServer2 (HttpServer2.java:addGlobalFilter(975)) - Added global filter 'safety' (class=org.apache.hadoop.http.HttpServer2$QuotingInputFilter)
2019-07-14 01:00:20,883 INFO  http.HttpServer2 (HttpServer2.java:addFilter(948)) - Added filter static_user_filter (class=org.apache.hadoop.http.lib.StaticUserWebFilter$StaticUserFilter) to context hddsDatanode
2019-07-14 01:00:20,883 INFO  http.HttpServer2 (HttpServer2.java:addFilter(958)) - Added filter static_user_filter (class=org.apache.hadoop.http.lib.StaticUserWebFilter$StaticUserFilter) to context static
2019-07-14 01:00:20,883 INFO  http.HttpServer2 (HttpServer2.java:addFilter(958)) - Added filter static_user_filter (class=org.apache.hadoop.http.lib.StaticUserWebFilter$StaticUserFilter) to context logs
2019-07-14 01:00:20,884 INFO  http.HttpServer2 (HttpServer2.java:bindListener(1191)) - Jetty bound to port 38628
2019-07-14 01:00:20,884 INFO  server.Server (Server.java:doStart(351)) - jetty-9.3.24.v20180605, build timestamp: 2018-06-05T17:11:56Z, git hash: 84205aa28f11a4f31f2a3b86d1bba2cc8ab69827
2019-07-14 01:00:20,886 INFO  handler.ContextHandler (ContextHandler.java:doStart(781)) - Started o.e.j.s.ServletContextHandler@6885ed19{/logs,file:///tmp/workdir/hadoop-ozone/integration-test/target/log,AVAILABLE}
2019-07-14 01:00:20,887 INFO  handler.ContextHandler (ContextHandler.java:doStart(781)) - Started o.e.j.s.ServletContextHandler@2d4a3e13{/static,jar:file:/home/user/.m2/repository/org/apache/hadoop/hadoop-hdds-container-service/0.5.0-SNAPSHOT/hadoop-hdds-container-service-0.5.0-SNAPSHOT.jar!/webapps/static,AVAILABLE}
2019-07-14 01:00:20,914 INFO  handler.ContextHandler (ContextHandler.java:doStart(781)) - Started o.e.j.w.WebAppContext@561f9d92{/,file:///tmp/jetty-0.0.0.0-38628-hddsDatanode-_-any-3647836749881208617.dir/webapp/,AVAILABLE}{/hddsDatanode}
2019-07-14 01:00:20,916 INFO  server.AbstractConnector (AbstractConnector.java:doStart(278)) - Started ServerConnector@1c84d80a{HTTP/1.1,[http/1.1]}{0.0.0.0:38628}
2019-07-14 01:00:20,916 INFO  server.Server (Server.java:doStart(419)) - Started @7262ms
2019-07-14 01:00:20,917 INFO  server.BaseHttpServer (BaseHttpServer.java:updateConnectorAddress(207)) - HTTP server of HDDSDATANODE is listening at http://0.0.0.0:38628
2019-07-14 01:00:21,037 INFO  ozone.HddsDatanodeService (HddsDatanodeService.java:startPlugins(396)) - Started plug-in org.apache.hadoop.ozone.web.OzoneHddsDatanodeService@16f15ae9
2019-07-14 01:00:21,038 INFO  impl.MetricsSystemImpl (MetricsSystemImpl.java:init(158)) - HddsDatanode metrics system started (again)
2019-07-14 01:00:21,039 INFO  ozone.HddsDatanodeService (HddsDatanodeService.java:start(185)) - HddsDatanodeService host:trunk-nightly-sxkq5-3320257302 ip:192.168.157.230
2019-07-14 01:00:21,042 INFO  util.JvmPauseMonitor (JvmPauseMonitor.java:run(188)) - Starting JVM pause monitor
2019-07-14 01:00:21,044 INFO  datanode.InitDatanodeState (InitDatanodeState.java:persistContainerDatanodeDetails(140)) - DatanodeDetails is persisted to /tmp/workdir/hadoop-ozone/integration-test/target/test-dir/MiniOzoneClusterImpl-59f4ffd4-c69e-43d5-9b99-59d04e6f6f19/datanode-5/meta/datanode.id
2019-07-14 01:00:21,098 INFO  volume.HddsVolume (HddsVolume.java:<init>(176)) - Creating Volume: /tmp/workdir/hadoop-ozone/integration-test/target/test-dir/MiniOzoneClusterImpl-59f4ffd4-c69e-43d5-9b99-59d04e6f6f19/datanode-6/data/containers/hdds of  storage type : DISK and capacity : 52710309888
2019-07-14 01:00:21,107 INFO  volume.VolumeSet (VolumeSet.java:initializeVolumeSet(170)) - Added Volume : /tmp/workdir/hadoop-ozone/integration-test/target/test-dir/MiniOzoneClusterImpl-59f4ffd4-c69e-43d5-9b99-59d04e6f6f19/datanode-6/data/containers/hdds to VolumeSet
2019-07-14 01:00:21,109 INFO  volume.ThrottledAsyncChecker (ThrottledAsyncChecker.java:schedule(140)) - Scheduling a check for org.apache.hadoop.ozone.container.common.volume.HddsVolume@2b79c8ff
2019-07-14 01:00:21,110 INFO  volume.HddsVolumeChecker (HddsVolumeChecker.java:checkAllVolumes(203)) - Scheduled health check for volume org.apache.hadoop.ozone.container.common.volume.HddsVolume@2b79c8ff
2019-07-14 01:00:21,148 INFO  impl.RaftServerProxy (ConfUtils.java:logGet(43)) - raft.rpc.type = GRPC (default)
2019-07-14 01:00:21,148 INFO  grpc.GrpcFactory (GrpcFactory.java:checkPooledByteBufAllocatorUseCacheForAllThreads(45)) - PERFORMANCE WARNING: useCacheForAllThreads is true that may cause Netty to create a lot garbage objects and, as a result, trigger GC.
	It is recommended to disable useCacheForAllThreads by setting -Dorg.apache.ratis.thirdparty.io.netty.allocator.useCacheForAllThreads=false in command line.
2019-07-14 01:00:21,149 INFO  grpc.GrpcConfigKeys$Server (ConfUtils.java:logGet(43)) - raft.grpc.server.port = 0 (default)
2019-07-14 01:00:21,149 INFO  server.GrpcService (ConfUtils.java:logGet(43)) - raft.grpc.message.size.max = 33570816 (custom)
2019-07-14 01:00:21,149 INFO  server.RaftServerConfigKeys (ConfUtils.java:logGet(43)) - raft.server.log.appender.buffer.byte-limit = 33554432 (custom)
2019-07-14 01:00:21,150 INFO  server.GrpcService (ConfUtils.java:logGet(43)) - raft.grpc.flow.control.window = 1MB (=1048576) (default)
2019-07-14 01:00:21,150 INFO  server.RaftServerConfigKeys (ConfUtils.java:logGet(43)) - raft.server.rpc.request.timeout = 3000ms (default)
2019-07-14 01:00:21,150 INFO  server.RaftServerConfigKeys (ConfUtils.java:logGet(43)) - raft.server.storage.dir = [/tmp/workdir/hadoop-ozone/integration-test/target/test-dir/MiniOzoneClusterImpl-59f4ffd4-c69e-43d5-9b99-59d04e6f6f19/datanode-6/data/ratis] (custom)
2019-07-14 01:00:21,151 INFO  replication.SimpleContainerDownloader (SimpleContainerDownloader.java:<init>(72)) - Starting container downloader service to copy containers to replicate.
2019-07-14 01:00:21,153 INFO  hdfs.DFSUtil (DFSUtil.java:httpServerTemplateForNNAndJN(1641)) - Starting Web-server for hddsDatanode at: http://0.0.0.0:0
2019-07-14 01:00:21,155 INFO  server.AuthenticationFilter (AuthenticationFilter.java:constructSecretProvider(240)) - Unable to initialize FileSignerSecretProvider, falling back to use random secrets.
2019-07-14 01:00:21,156 WARN  http.HttpRequestLog (HttpRequestLog.java:getRequestLog(97)) - Jetty request log can only be enabled using Log4j
2019-07-14 01:00:21,159 INFO  http.HttpServer2 (HttpServer2.java:addGlobalFilter(975)) - Added global filter 'safety' (class=org.apache.hadoop.http.HttpServer2$QuotingInputFilter)
2019-07-14 01:00:21,160 INFO  http.HttpServer2 (HttpServer2.java:addFilter(948)) - Added filter static_user_filter (class=org.apache.hadoop.http.lib.StaticUserWebFilter$StaticUserFilter) to context hddsDatanode
2019-07-14 01:00:21,160 INFO  http.HttpServer2 (HttpServer2.java:addFilter(958)) - Added filter static_user_filter (class=org.apache.hadoop.http.lib.StaticUserWebFilter$StaticUserFilter) to context logs
2019-07-14 01:00:21,160 INFO  http.HttpServer2 (HttpServer2.java:addFilter(958)) - Added filter static_user_filter (class=org.apache.hadoop.http.lib.StaticUserWebFilter$StaticUserFilter) to context static
2019-07-14 01:00:21,161 INFO  http.HttpServer2 (HttpServer2.java:bindListener(1191)) - Jetty bound to port 43138
2019-07-14 01:00:21,162 INFO  server.Server (Server.java:doStart(351)) - jetty-9.3.24.v20180605, build timestamp: 2018-06-05T17:11:56Z, git hash: 84205aa28f11a4f31f2a3b86d1bba2cc8ab69827
2019-07-14 01:00:21,164 INFO  handler.ContextHandler (ContextHandler.java:doStart(781)) - Started o.e.j.s.ServletContextHandler@6568f998{/logs,file:///tmp/workdir/hadoop-ozone/integration-test/target/log,AVAILABLE}
2019-07-14 01:00:21,165 INFO  handler.ContextHandler (ContextHandler.java:doStart(781)) - Started o.e.j.s.ServletContextHandler@782fd504{/static,jar:file:/home/user/.m2/repository/org/apache/hadoop/hadoop-hdds-container-service/0.5.0-SNAPSHOT/hadoop-hdds-container-service-0.5.0-SNAPSHOT.jar!/webapps/static,AVAILABLE}
2019-07-14 01:00:21,210 INFO  handler.ContextHandler (ContextHandler.java:doStart(781)) - Started o.e.j.w.WebAppContext@418f0534{/,file:///tmp/jetty-0.0.0.0-43138-hddsDatanode-_-any-2209170572161714300.dir/webapp/,AVAILABLE}{/hddsDatanode}
2019-07-14 01:00:21,210 INFO  server.AbstractConnector (AbstractConnector.java:doStart(278)) - Started ServerConnector@3dfd7eaa{HTTP/1.1,[http/1.1]}{0.0.0.0:43138}
2019-07-14 01:00:21,211 INFO  server.Server (Server.java:doStart(419)) - Started @7558ms
2019-07-14 01:00:21,212 INFO  server.BaseHttpServer (BaseHttpServer.java:updateConnectorAddress(207)) - HTTP server of HDDSDATANODE is listening at http://0.0.0.0:43138
2019-07-14 01:00:21,364 INFO  ozone.HddsDatanodeService (HddsDatanodeService.java:startPlugins(396)) - Started plug-in org.apache.hadoop.ozone.web.OzoneHddsDatanodeService@28e7bb31
2019-07-14 01:00:21,367 INFO  ozone.MiniOzoneClusterImpl (MiniOzoneClusterImpl.java:lambda$waitForClusterToBeReady$0(142)) - Waiting for cluster to be ready. Got 0 of 7 DN Heartbeats.
2019-07-14 01:00:21,368 INFO  util.JvmPauseMonitor (JvmPauseMonitor.java:run(188)) - Starting JVM pause monitor
2019-07-14 01:00:21,371 INFO  datanode.InitDatanodeState (InitDatanodeState.java:persistContainerDatanodeDetails(140)) - DatanodeDetails is persisted to /tmp/workdir/hadoop-ozone/integration-test/target/test-dir/MiniOzoneClusterImpl-59f4ffd4-c69e-43d5-9b99-59d04e6f6f19/datanode-6/meta/datanode.id
2019-07-14 01:00:21,981 INFO  ozoneimpl.OzoneContainer (OzoneContainer.java:start(186)) - Attempting to start container services.
2019-07-14 01:00:21,983 INFO  ozoneimpl.OzoneContainer (OzoneContainer.java:startContainerScrub(160)) - Background container scrubber has been disabled by hdds.containerscrub.enabled
2019-07-14 01:00:21,984 INFO  ratis.XceiverServerRatis (XceiverServerRatis.java:start(418)) - Starting XceiverServerRatis 0418bd44-dbfd-4b9b-b879-c018f273057c at port 0
2019-07-14 01:00:22,009 INFO  impl.RaftServerProxy (RaftServerProxy.java:lambda$start$3(299)) - 0418bd44-dbfd-4b9b-b879-c018f273057c: start RPC server
2019-07-14 01:00:22,146 INFO  server.GrpcService (GrpcService.java:startImpl(149)) - 0418bd44-dbfd-4b9b-b879-c018f273057c: GrpcService started, listening on 0.0.0.0/0.0.0.0:43651
2019-07-14 01:00:22,147 INFO  ratis.XceiverServerRatis (XceiverServerRatis.java:start(428)) - XceiverServerRatis 0418bd44-dbfd-4b9b-b879-c018f273057c is started using port 43651
2019-07-14 01:00:22,151 INFO  server.XceiverServerGrpc (XceiverServerGrpc.java:start(161)) - XceiverServerGrpc 0418bd44-dbfd-4b9b-b879-c018f273057c is started using port 34114
2019-07-14 01:00:22,217 INFO  ozoneimpl.OzoneContainer (OzoneContainer.java:start(186)) - Attempting to start container services.
2019-07-14 01:00:22,219 INFO  ozoneimpl.OzoneContainer (OzoneContainer.java:startContainerScrub(160)) - Background container scrubber has been disabled by hdds.containerscrub.enabled
2019-07-14 01:00:22,220 INFO  ratis.XceiverServerRatis (XceiverServerRatis.java:start(418)) - Starting XceiverServerRatis 43106e18-f800-4739-9e92-86e3ea2db31d at port 0
2019-07-14 01:00:22,229 INFO  impl.RaftServerProxy (RaftServerProxy.java:lambda$start$3(299)) - 43106e18-f800-4739-9e92-86e3ea2db31d: start RPC server
2019-07-14 01:00:22,232 INFO  server.GrpcService (GrpcService.java:startImpl(149)) - 43106e18-f800-4739-9e92-86e3ea2db31d: GrpcService started, listening on 0.0.0.0/0.0.0.0:43279
2019-07-14 01:00:22,232 INFO  ratis.XceiverServerRatis (XceiverServerRatis.java:start(428)) - XceiverServerRatis 43106e18-f800-4739-9e92-86e3ea2db31d is started using port 43279
2019-07-14 01:00:22,235 INFO  server.XceiverServerGrpc (XceiverServerGrpc.java:start(161)) - XceiverServerGrpc 43106e18-f800-4739-9e92-86e3ea2db31d is started using port 37859
2019-07-14 01:00:22,368 INFO  ozone.MiniOzoneClusterImpl (MiniOzoneClusterImpl.java:lambda$waitForClusterToBeReady$0(142)) - Waiting for cluster to be ready. Got 0 of 7 DN Heartbeats.
2019-07-14 01:00:22,480 INFO  ozoneimpl.OzoneContainer (OzoneContainer.java:start(186)) - Attempting to start container services.
2019-07-14 01:00:22,482 INFO  ozoneimpl.OzoneContainer (OzoneContainer.java:startContainerScrub(160)) - Background container scrubber has been disabled by hdds.containerscrub.enabled
2019-07-14 01:00:22,482 INFO  ratis.XceiverServerRatis (XceiverServerRatis.java:start(418)) - Starting XceiverServerRatis 104caf5e-9caf-4bd0-8070-6d8b62874fc4 at port 0
2019-07-14 01:00:22,493 INFO  impl.RaftServerProxy (RaftServerProxy.java:lambda$start$3(299)) - 104caf5e-9caf-4bd0-8070-6d8b62874fc4: start RPC server
2019-07-14 01:00:22,496 INFO  server.GrpcService (GrpcService.java:startImpl(149)) - 104caf5e-9caf-4bd0-8070-6d8b62874fc4: GrpcService started, listening on 0.0.0.0/0.0.0.0:35236
2019-07-14 01:00:22,497 INFO  ratis.XceiverServerRatis (XceiverServerRatis.java:start(428)) - XceiverServerRatis 104caf5e-9caf-4bd0-8070-6d8b62874fc4 is started using port 35236
2019-07-14 01:00:22,499 INFO  server.XceiverServerGrpc (XceiverServerGrpc.java:start(161)) - XceiverServerGrpc 104caf5e-9caf-4bd0-8070-6d8b62874fc4 is started using port 44304
2019-07-14 01:00:22,678 INFO  ozoneimpl.OzoneContainer (OzoneContainer.java:start(186)) - Attempting to start container services.
2019-07-14 01:00:22,684 INFO  ozoneimpl.OzoneContainer (OzoneContainer.java:startContainerScrub(160)) - Background container scrubber has been disabled by hdds.containerscrub.enabled
2019-07-14 01:00:22,684 INFO  ratis.XceiverServerRatis (XceiverServerRatis.java:start(418)) - Starting XceiverServerRatis 31579158-a9e7-4c5e-ab80-b5e9b493ce46 at port 0
2019-07-14 01:00:22,695 INFO  impl.RaftServerProxy (RaftServerProxy.java:lambda$start$3(299)) - 31579158-a9e7-4c5e-ab80-b5e9b493ce46: start RPC server
2019-07-14 01:00:22,698 INFO  server.GrpcService (GrpcService.java:startImpl(149)) - 31579158-a9e7-4c5e-ab80-b5e9b493ce46: GrpcService started, listening on 0.0.0.0/0.0.0.0:33991
2019-07-14 01:00:22,699 INFO  ratis.XceiverServerRatis (XceiverServerRatis.java:start(428)) - XceiverServerRatis 31579158-a9e7-4c5e-ab80-b5e9b493ce46 is started using port 33991
2019-07-14 01:00:22,702 INFO  server.XceiverServerGrpc (XceiverServerGrpc.java:start(161)) - XceiverServerGrpc 31579158-a9e7-4c5e-ab80-b5e9b493ce46 is started using port 43999
2019-07-14 01:00:22,870 INFO  ozoneimpl.OzoneContainer (OzoneContainer.java:start(186)) - Attempting to start container services.
2019-07-14 01:00:22,870 INFO  ozoneimpl.OzoneContainer (OzoneContainer.java:startContainerScrub(160)) - Background container scrubber has been disabled by hdds.containerscrub.enabled
2019-07-14 01:00:22,870 INFO  ratis.XceiverServerRatis (XceiverServerRatis.java:start(418)) - Starting XceiverServerRatis cd5bc3ce-e3c6-46eb-9d59-d6d2ed0e9ffd at port 0
2019-07-14 01:00:22,882 INFO  impl.RaftServerProxy (RaftServerProxy.java:lambda$start$3(299)) - cd5bc3ce-e3c6-46eb-9d59-d6d2ed0e9ffd: start RPC server
2019-07-14 01:00:22,886 INFO  server.GrpcService (GrpcService.java:startImpl(149)) - cd5bc3ce-e3c6-46eb-9d59-d6d2ed0e9ffd: GrpcService started, listening on 0.0.0.0/0.0.0.0:37487
2019-07-14 01:00:22,886 INFO  ratis.XceiverServerRatis (XceiverServerRatis.java:start(428)) - XceiverServerRatis cd5bc3ce-e3c6-46eb-9d59-d6d2ed0e9ffd is started using port 37487
2019-07-14 01:00:22,890 INFO  server.XceiverServerGrpc (XceiverServerGrpc.java:start(161)) - XceiverServerGrpc cd5bc3ce-e3c6-46eb-9d59-d6d2ed0e9ffd is started using port 38544
2019-07-14 01:00:23,058 INFO  ozoneimpl.OzoneContainer (OzoneContainer.java:start(186)) - Attempting to start container services.
2019-07-14 01:00:23,059 INFO  ozoneimpl.OzoneContainer (OzoneContainer.java:startContainerScrub(160)) - Background container scrubber has been disabled by hdds.containerscrub.enabled
2019-07-14 01:00:23,059 INFO  ratis.XceiverServerRatis (XceiverServerRatis.java:start(418)) - Starting XceiverServerRatis 3e145723-ff3e-41b8-bf22-3e40bf8680f1 at port 0
2019-07-14 01:00:23,070 INFO  impl.RaftServerProxy (RaftServerProxy.java:lambda$start$3(299)) - 3e145723-ff3e-41b8-bf22-3e40bf8680f1: start RPC server
2019-07-14 01:00:23,075 INFO  server.GrpcService (GrpcService.java:startImpl(149)) - 3e145723-ff3e-41b8-bf22-3e40bf8680f1: GrpcService started, listening on 0.0.0.0/0.0.0.0:38770
2019-07-14 01:00:23,075 INFO  ratis.XceiverServerRatis (XceiverServerRatis.java:start(428)) - XceiverServerRatis 3e145723-ff3e-41b8-bf22-3e40bf8680f1 is started using port 38770
2019-07-14 01:00:23,079 INFO  server.XceiverServerGrpc (XceiverServerGrpc.java:start(161)) - XceiverServerGrpc 3e145723-ff3e-41b8-bf22-3e40bf8680f1 is started using port 42559
2019-07-14 01:00:23,369 INFO  ozone.MiniOzoneClusterImpl (MiniOzoneClusterImpl.java:lambda$waitForClusterToBeReady$0(142)) - Waiting for cluster to be ready. Got 0 of 7 DN Heartbeats.
2019-07-14 01:00:23,385 INFO  ozoneimpl.OzoneContainer (OzoneContainer.java:start(186)) - Attempting to start container services.
2019-07-14 01:00:23,385 INFO  ozoneimpl.OzoneContainer (OzoneContainer.java:startContainerScrub(160)) - Background container scrubber has been disabled by hdds.containerscrub.enabled
2019-07-14 01:00:23,385 INFO  ratis.XceiverServerRatis (XceiverServerRatis.java:start(418)) - Starting XceiverServerRatis 59701a64-e707-4025-83ea-0a1d447aaf37 at port 0
2019-07-14 01:00:23,396 INFO  impl.RaftServerProxy (RaftServerProxy.java:lambda$start$3(299)) - 59701a64-e707-4025-83ea-0a1d447aaf37: start RPC server
2019-07-14 01:00:23,401 INFO  server.GrpcService (GrpcService.java:startImpl(149)) - 59701a64-e707-4025-83ea-0a1d447aaf37: GrpcService started, listening on 0.0.0.0/0.0.0.0:36860
2019-07-14 01:00:23,401 INFO  ratis.XceiverServerRatis (XceiverServerRatis.java:start(428)) - XceiverServerRatis 59701a64-e707-4025-83ea-0a1d447aaf37 is started using port 36860
2019-07-14 01:00:23,405 INFO  server.XceiverServerGrpc (XceiverServerGrpc.java:start(161)) - XceiverServerGrpc 59701a64-e707-4025-83ea-0a1d447aaf37 is started using port 35872
2019-07-14 01:00:23,971 INFO  net.NetworkTopology (NetworkTopologyImpl.java:add(110)) - Added a new node: /default-rack/192.168.157.230
2019-07-14 01:00:23,971 INFO  node.SCMNodeManager (SCMNodeManager.java:register(269)) - Registered Data node : 0418bd44-dbfd-4b9b-b879-c018f273057c{ip: 192.168.157.230, host: trunk-nightly-sxkq5-3320257302, networkLocation: /default-rack, certSerialId: null}
2019-07-14 01:00:23,978 INFO  safemode.SCMSafeModeManager (DataNodeSafeModeRule.java:process(71)) - SCM in safe mode. 1 DataNodes registered, 1 required.
2019-07-14 01:00:23,978 INFO  safemode.SCMSafeModeManager (SCMSafeModeManager.java:validateSafeModeExitRules(177)) - ScmSafeModeManager, all rules are successfully validated
2019-07-14 01:00:23,978 INFO  safemode.SCMSafeModeManager (SCMSafeModeManager.java:exitSafeMode(193)) - SCM exiting safe mode.
2019-07-14 01:00:24,205 INFO  node.SCMNodeManager (SCMNodeManager.java:register(269)) - Registered Data node : 43106e18-f800-4739-9e92-86e3ea2db31d{ip: 192.168.157.230, host: trunk-nightly-sxkq5-3320257302, networkLocation: /default-rack, certSerialId: null}
2019-07-14 01:00:24,370 INFO  ozone.MiniOzoneClusterImpl (MiniOzoneClusterImpl.java:lambda$waitForClusterToBeReady$0(142)) - Waiting for cluster to be ready. Got 2 of 7 DN Heartbeats.
2019-07-14 01:00:24,467 INFO  node.SCMNodeManager (SCMNodeManager.java:register(269)) - Registered Data node : 104caf5e-9caf-4bd0-8070-6d8b62874fc4{ip: 192.168.157.230, host: trunk-nightly-sxkq5-3320257302, networkLocation: /default-rack, certSerialId: null}
2019-07-14 01:00:24,947 INFO  node.SCMNodeManager (SCMNodeManager.java:register(269)) - Registered Data node : cd5bc3ce-e3c6-46eb-9d59-d6d2ed0e9ffd{ip: 192.168.157.230, host: trunk-nightly-sxkq5-3320257302, networkLocation: /default-rack, certSerialId: null}
2019-07-14 01:00:24,948 INFO  node.SCMNodeManager (SCMNodeManager.java:register(269)) - Registered Data node : 31579158-a9e7-4c5e-ab80-b5e9b493ce46{ip: 192.168.157.230, host: trunk-nightly-sxkq5-3320257302, networkLocation: /default-rack, certSerialId: null}
2019-07-14 01:00:24,971 INFO  impl.RaftServerProxy (RaftServerProxy.java:addNew(89)) - 0418bd44-dbfd-4b9b-b879-c018f273057c: addNew group-C946CA7E9C90:[0418bd44-dbfd-4b9b-b879-c018f273057c:192.168.157.230:43651] returns group-C946CA7E9C90:java.util.concurrent.CompletableFuture@1901c77f[Not completed]
2019-07-14 01:00:24,990 INFO  impl.RaftServerImpl (RaftServerImpl.java:<init>(93)) - 0418bd44-dbfd-4b9b-b879-c018f273057c: new RaftServerImpl for group-C946CA7E9C90:[0418bd44-dbfd-4b9b-b879-c018f273057c:192.168.157.230:43651] with ContainerStateMachine:uninitialized
2019-07-14 01:00:24,992 INFO  server.RaftServerConfigKeys (ConfUtils.java:logGet(43)) - raft.server.rpc.timeout.min = 5s (custom)
2019-07-14 01:00:24,994 INFO  server.RaftServerConfigKeys (ConfUtils.java:logGet(43)) - raft.server.rpc.timeout.max = 5200ms (custom)
2019-07-14 01:00:24,994 INFO  server.RaftServerConfigKeys (ConfUtils.java:logGet(43)) - raft.server.rpcslowness.timeout = 120s (custom)
2019-07-14 01:00:24,995 INFO  server.RaftServerConfigKeys (ConfUtils.java:logGet(43)) - raft.server.sleep.deviation.threshold = 300 (default)
2019-07-14 01:00:24,996 INFO  server.RaftServerConfigKeys (ConfUtils.java:logGet(43)) - raft.server.log.appender.install.snapshot.enabled = false (custom)
2019-07-14 01:00:25,006 INFO  impl.RaftServerImpl (ServerState.java:<init>(105)) - 0418bd44-dbfd-4b9b-b879-c018f273057c:group-C946CA7E9C90 ConfigurationManager, init=-1: [0418bd44-dbfd-4b9b-b879-c018f273057c:192.168.157.230:43651], old=null, confs=<EMPTY_MAP>
2019-07-14 01:00:25,006 INFO  server.RaftServerConfigKeys (ConfUtils.java:logGet(43)) - raft.server.storage.dir = [/tmp/workdir/hadoop-ozone/integration-test/target/test-dir/MiniOzoneClusterImpl-59f4ffd4-c69e-43d5-9b99-59d04e6f6f19/datanode-0/data/ratis] (custom)
2019-07-14 01:00:25,015 INFO  storage.RaftStorageDirectory (RaftStorageDirectory.java:analyzeStorage(246)) - The storage directory /tmp/workdir/hadoop-ozone/integration-test/target/test-dir/MiniOzoneClusterImpl-59f4ffd4-c69e-43d5-9b99-59d04e6f6f19/datanode-0/data/ratis/4dd92660-3362-4317-b622-c946ca7e9c90 does not exist. Creating ...
2019-07-14 01:00:25,034 INFO  storage.RaftStorageDirectory (RaftStorageDirectory.java:tryLock(328)) - Lock on /tmp/workdir/hadoop-ozone/integration-test/target/test-dir/MiniOzoneClusterImpl-59f4ffd4-c69e-43d5-9b99-59d04e6f6f19/datanode-0/data/ratis/4dd92660-3362-4317-b622-c946ca7e9c90/in_use.lock acquired by nodename 26095@trunk-nightly-sxkq5-3320257302
2019-07-14 01:00:25,045 INFO  node.SCMNodeManager (SCMNodeManager.java:register(269)) - Registered Data node : 3e145723-ff3e-41b8-bf22-3e40bf8680f1{ip: 192.168.157.230, host: trunk-nightly-sxkq5-3320257302, networkLocation: /default-rack, certSerialId: null}
2019-07-14 01:00:25,049 INFO  storage.RaftStorage (RaftStorage.java:format(72)) - Storage directory /tmp/workdir/hadoop-ozone/integration-test/target/test-dir/MiniOzoneClusterImpl-59f4ffd4-c69e-43d5-9b99-59d04e6f6f19/datanode-0/data/ratis/4dd92660-3362-4317-b622-c946ca7e9c90 has been successfully formatted.
2019-07-14 01:00:25,052 INFO  ratis.ContainerStateMachine (ContainerStateMachine.java:loadSnapshot(200)) - The snapshot info is null.Setting the last applied index to:(t:0, i:~)
2019-07-14 01:00:25,052 INFO  server.RaftServerConfigKeys (ConfUtils.java:logGet(43)) - raft.server.leader.election.timeout = 120s (custom)
2019-07-14 01:00:25,055 INFO  server.RaftServerConfigKeys (ConfUtils.java:logGet(43)) - raft.server.log.use.memory = false (default)
2019-07-14 01:00:25,061 INFO  server.RaftServerConfigKeys (ConfUtils.java:logGet(43)) - raft.server.log.purge.gap = 1000000000 (custom)
2019-07-14 01:00:25,061 INFO  server.RaftServerConfigKeys (ConfUtils.java:logGet(43)) - raft.server.log.appender.buffer.byte-limit = 33554432 (custom)
2019-07-14 01:00:25,063 INFO  server.RaftServerConfigKeys (ConfUtils.java:logGet(43)) - raft.server.log.segment.size.max = 1048576 (custom)
2019-07-14 01:00:25,069 INFO  server.RaftServerConfigKeys (ConfUtils.java:logGet(43)) - raft.server.log.segment.cache.num.max = 2 (custom)
2019-07-14 01:00:25,075 INFO  segmented.SegmentedRaftLogWorker (SegmentedRaftLogWorker.java:<init>(172)) - new 0418bd44-dbfd-4b9b-b879-c018f273057c-SegmentedRaftLogWorker:Storage Directory /tmp/workdir/hadoop-ozone/integration-test/target/test-dir/MiniOzoneClusterImpl-59f4ffd4-c69e-43d5-9b99-59d04e6f6f19/datanode-0/data/ratis/4dd92660-3362-4317-b622-c946ca7e9c90 for RaftStorage:Storage Directory /tmp/workdir/hadoop-ozone/integration-test/target/test-dir/MiniOzoneClusterImpl-59f4ffd4-c69e-43d5-9b99-59d04e6f6f19/datanode-0/data/ratis/4dd92660-3362-4317-b622-c946ca7e9c90
2019-07-14 01:00:25,087 INFO  server.RaftServerConfigKeys (ConfUtils.java:logGet(43)) - raft.server.log.queue.byte-limit = 2147483647 (custom)
2019-07-14 01:00:25,088 INFO  server.RaftServerConfigKeys (ConfUtils.java:logGet(43)) - raft.server.log.queue.element-limit = 1024 (custom)
2019-07-14 01:00:25,092 INFO  server.RaftServerConfigKeys (ConfUtils.java:logGet(43)) - raft.server.log.segment.size.max = 1048576 (custom)
2019-07-14 01:00:25,093 INFO  server.RaftServerConfigKeys (ConfUtils.java:logGet(43)) - raft.server.log.preallocated.size = 16384 (custom)
2019-07-14 01:00:25,093 INFO  server.RaftServerConfigKeys (ConfUtils.java:logGet(43)) - raft.server.log.write.buffer.size = 33554432 (custom)
2019-07-14 01:00:25,094 INFO  server.RaftServerConfigKeys (ConfUtils.java:logGet(43)) - raft.server.log.force.sync.num = 128 (default)
2019-07-14 01:00:25,095 INFO  server.RaftServerConfigKeys (ConfUtils.java:logGet(43)) - raft.server.log.statemachine.data.sync = true (default)
2019-07-14 01:00:25,095 INFO  server.RaftServerConfigKeys (ConfUtils.java:logGet(43)) - raft.server.log.statemachine.data.sync.timeout = 10s (default)
2019-07-14 01:00:25,096 INFO  server.RaftServerConfigKeys (ConfUtils.java:logGet(43)) - raft.server.log.statemachine.data.sync.timeout.retry = -1 (default)
2019-07-14 01:00:25,105 INFO  server.RaftServerConfigKeys (ConfUtils.java:logGet(43)) - raft.server.log.statemachine.data.caching.enabled = true (custom)
2019-07-14 01:00:25,110 INFO  segmented.SegmentedRaftLogWorker (SegmentedRaftLogWorker.java:lambda$new$0(132)) - 0418bd44-dbfd-4b9b-b879-c018f273057c-SegmentedRaftLogWorker:Storage Directory /tmp/workdir/hadoop-ozone/integration-test/target/test-dir/MiniOzoneClusterImpl-59f4ffd4-c69e-43d5-9b99-59d04e6f6f19/datanode-0/data/ratis/4dd92660-3362-4317-b622-c946ca7e9c90: flushIndex: setUnconditionally 0 -> -1
2019-07-14 01:00:25,114 INFO  server.RaftServerConfigKeys (ConfUtils.java:logGet(43)) - raft.server.snapshot.auto.trigger.enabled = true (custom)
2019-07-14 01:00:25,114 INFO  server.RaftServerConfigKeys (ConfUtils.java:logGet(43)) - raft.server.snapshot.auto.trigger.threshold = 10000 (custom)
2019-07-14 01:00:25,115 INFO  server.RaftServerConfigKeys (ConfUtils.java:logGet(43)) - raft.server.retrycache.expirytime = 600000ms (custom)
2019-07-14 01:00:25,133 INFO  impl.RaftServerImpl (RaftServerImpl.java:start(180)) - 0418bd44-dbfd-4b9b-b879-c018f273057c: start group-C946CA7E9C90
2019-07-14 01:00:25,134 INFO  impl.RaftServerImpl (RaftServerImpl.java:setRole(171)) - 0418bd44-dbfd-4b9b-b879-c018f273057c:group-C946CA7E9C90 changes role from null to FOLLOWER at term 0 for startAsFollower
2019-07-14 01:00:25,135 INFO  impl.RoleInfo (RoleInfo.java:updateAndGet(143)) - 0418bd44-dbfd-4b9b-b879-c018f273057c: start FollowerState
2019-07-14 01:00:25,137 INFO  util.JmxRegister (JmxRegister.java:tryRegister(44)) - Successfully registered JMX Bean with object name Ratis:service=RaftServer,group=group-C946CA7E9C90,id=0418bd44-dbfd-4b9b-b879-c018f273057c
2019-07-14 01:00:25,218 INFO  pipeline.PipelineStateManager (PipelineStateManager.java:addPipeline(56)) - Created pipeline Pipeline[ Id: 4dd92660-3362-4317-b622-c946ca7e9c90, Nodes: 0418bd44-dbfd-4b9b-b879-c018f273057c{ip: 192.168.157.230, host: trunk-nightly-sxkq5-3320257302, networkLocation: /default-rack, certSerialId: null}, Type:RATIS, Factor:ONE, State:OPEN]
2019-07-14 01:00:25,248 INFO  impl.RaftServerProxy (RaftServerProxy.java:addNew(89)) - 43106e18-f800-4739-9e92-86e3ea2db31d: addNew group-62768C1BF978:[43106e18-f800-4739-9e92-86e3ea2db31d:192.168.157.230:43279] returns group-62768C1BF978:java.util.concurrent.CompletableFuture@77e62df0[Not completed]
2019-07-14 01:00:25,296 INFO  impl.RaftServerImpl (RaftServerImpl.java:<init>(93)) - 43106e18-f800-4739-9e92-86e3ea2db31d: new RaftServerImpl for group-62768C1BF978:[43106e18-f800-4739-9e92-86e3ea2db31d:192.168.157.230:43279] with ContainerStateMachine:uninitialized
2019-07-14 01:00:25,298 INFO  server.RaftServerConfigKeys (ConfUtils.java:logGet(43)) - raft.server.rpc.timeout.min = 5s (custom)
2019-07-14 01:00:25,298 INFO  server.RaftServerConfigKeys (ConfUtils.java:logGet(43)) - raft.server.rpc.timeout.max = 5200ms (custom)
2019-07-14 01:00:25,298 INFO  server.RaftServerConfigKeys (ConfUtils.java:logGet(43)) - raft.server.rpcslowness.timeout = 120s (custom)
2019-07-14 01:00:25,298 INFO  server.RaftServerConfigKeys (ConfUtils.java:logGet(43)) - raft.server.sleep.deviation.threshold = 300 (default)
2019-07-14 01:00:25,298 INFO  server.RaftServerConfigKeys (ConfUtils.java:logGet(43)) - raft.server.log.appender.install.snapshot.enabled = false (custom)
2019-07-14 01:00:25,299 INFO  impl.RaftServerImpl (ServerState.java:<init>(105)) - 43106e18-f800-4739-9e92-86e3ea2db31d:group-62768C1BF978 ConfigurationManager, init=-1: [43106e18-f800-4739-9e92-86e3ea2db31d:192.168.157.230:43279], old=null, confs=<EMPTY_MAP>
2019-07-14 01:00:25,299 INFO  server.RaftServerConfigKeys (ConfUtils.java:logGet(43)) - raft.server.storage.dir = [/tmp/workdir/hadoop-ozone/integration-test/target/test-dir/MiniOzoneClusterImpl-59f4ffd4-c69e-43d5-9b99-59d04e6f6f19/datanode-1/data/ratis] (custom)
2019-07-14 01:00:25,299 INFO  storage.RaftStorageDirectory (RaftStorageDirectory.java:analyzeStorage(246)) - The storage directory /tmp/workdir/hadoop-ozone/integration-test/target/test-dir/MiniOzoneClusterImpl-59f4ffd4-c69e-43d5-9b99-59d04e6f6f19/datanode-1/data/ratis/dc0032e0-1547-4452-8f1b-62768c1bf978 does not exist. Creating ...
2019-07-14 01:00:25,314 INFO  storage.RaftStorageDirectory (RaftStorageDirectory.java:tryLock(328)) - Lock on /tmp/workdir/hadoop-ozone/integration-test/target/test-dir/MiniOzoneClusterImpl-59f4ffd4-c69e-43d5-9b99-59d04e6f6f19/datanode-1/data/ratis/dc0032e0-1547-4452-8f1b-62768c1bf978/in_use.lock acquired by nodename 26095@trunk-nightly-sxkq5-3320257302
2019-07-14 01:00:25,330 INFO  storage.RaftStorage (RaftStorage.java:format(72)) - Storage directory /tmp/workdir/hadoop-ozone/integration-test/target/test-dir/MiniOzoneClusterImpl-59f4ffd4-c69e-43d5-9b99-59d04e6f6f19/datanode-1/data/ratis/dc0032e0-1547-4452-8f1b-62768c1bf978 has been successfully formatted.
2019-07-14 01:00:25,332 INFO  ratis.ContainerStateMachine (ContainerStateMachine.java:loadSnapshot(200)) - The snapshot info is null.Setting the last applied index to:(t:0, i:~)
2019-07-14 01:00:25,333 INFO  server.RaftServerConfigKeys (ConfUtils.java:logGet(43)) - raft.server.leader.election.timeout = 120s (custom)
2019-07-14 01:00:25,334 INFO  server.RaftServerConfigKeys (ConfUtils.java:logGet(43)) - raft.server.log.use.memory = false (default)
2019-07-14 01:00:25,334 INFO  server.RaftServerConfigKeys (ConfUtils.java:logGet(43)) - raft.server.log.purge.gap = 1000000000 (custom)
2019-07-14 01:00:25,334 INFO  server.RaftServerConfigKeys (ConfUtils.java:logGet(43)) - raft.server.log.appender.buffer.byte-limit = 33554432 (custom)
2019-07-14 01:00:25,334 INFO  server.RaftServerConfigKeys (ConfUtils.java:logGet(43)) - raft.server.log.segment.size.max = 1048576 (custom)
2019-07-14 01:00:25,334 INFO  server.RaftServerConfigKeys (ConfUtils.java:logGet(43)) - raft.server.log.segment.cache.num.max = 2 (custom)
2019-07-14 01:00:25,335 INFO  segmented.SegmentedRaftLogWorker (SegmentedRaftLogWorker.java:<init>(172)) - new 43106e18-f800-4739-9e92-86e3ea2db31d-SegmentedRaftLogWorker:Storage Directory /tmp/workdir/hadoop-ozone/integration-test/target/test-dir/MiniOzoneClusterImpl-59f4ffd4-c69e-43d5-9b99-59d04e6f6f19/datanode-1/data/ratis/dc0032e0-1547-4452-8f1b-62768c1bf978 for RaftStorage:Storage Directory /tmp/workdir/hadoop-ozone/integration-test/target/test-dir/MiniOzoneClusterImpl-59f4ffd4-c69e-43d5-9b99-59d04e6f6f19/datanode-1/data/ratis/dc0032e0-1547-4452-8f1b-62768c1bf978
2019-07-14 01:00:25,337 INFO  server.RaftServerConfigKeys (ConfUtils.java:logGet(43)) - raft.server.log.queue.byte-limit = 2147483647 (custom)
2019-07-14 01:00:25,337 INFO  server.RaftServerConfigKeys (ConfUtils.java:logGet(43)) - raft.server.log.queue.element-limit = 1024 (custom)
2019-07-14 01:00:25,337 INFO  server.RaftServerConfigKeys (ConfUtils.java:logGet(43)) - raft.server.log.segment.size.max = 1048576 (custom)
2019-07-14 01:00:25,337 INFO  server.RaftServerConfigKeys (ConfUtils.java:logGet(43)) - raft.server.log.preallocated.size = 16384 (custom)
2019-07-14 01:00:25,337 INFO  server.RaftServerConfigKeys (ConfUtils.java:logGet(43)) - raft.server.log.write.buffer.size = 33554432 (custom)
2019-07-14 01:00:25,338 INFO  server.RaftServerConfigKeys (ConfUtils.java:logGet(43)) - raft.server.log.force.sync.num = 128 (default)
2019-07-14 01:00:25,338 INFO  server.RaftServerConfigKeys (ConfUtils.java:logGet(43)) - raft.server.log.statemachine.data.sync = true (default)
2019-07-14 01:00:25,338 INFO  server.RaftServerConfigKeys (ConfUtils.java:logGet(43)) - raft.server.log.statemachine.data.sync.timeout = 10s (default)
2019-07-14 01:00:25,338 INFO  server.RaftServerConfigKeys (ConfUtils.java:logGet(43)) - raft.server.log.statemachine.data.sync.timeout.retry = -1 (default)
2019-07-14 01:00:25,338 INFO  server.RaftServerConfigKeys (ConfUtils.java:logGet(43)) - raft.server.log.statemachine.data.caching.enabled = true (custom)
2019-07-14 01:00:25,339 INFO  segmented.SegmentedRaftLogWorker (SegmentedRaftLogWorker.java:lambda$new$0(132)) - 43106e18-f800-4739-9e92-86e3ea2db31d-SegmentedRaftLogWorker:Storage Directory /tmp/workdir/hadoop-ozone/integration-test/target/test-dir/MiniOzoneClusterImpl-59f4ffd4-c69e-43d5-9b99-59d04e6f6f19/datanode-1/data/ratis/dc0032e0-1547-4452-8f1b-62768c1bf978: flushIndex: setUnconditionally 0 -> -1
2019-07-14 01:00:25,339 INFO  server.RaftServerConfigKeys (ConfUtils.java:logGet(43)) - raft.server.snapshot.auto.trigger.enabled = true (custom)
2019-07-14 01:00:25,339 INFO  server.RaftServerConfigKeys (ConfUtils.java:logGet(43)) - raft.server.snapshot.auto.trigger.threshold = 10000 (custom)
2019-07-14 01:00:25,340 INFO  server.RaftServerConfigKeys (ConfUtils.java:logGet(43)) - raft.server.retrycache.expirytime = 600000ms (custom)
2019-07-14 01:00:25,340 INFO  impl.RaftServerImpl (RaftServerImpl.java:start(180)) - 43106e18-f800-4739-9e92-86e3ea2db31d: start group-62768C1BF978
2019-07-14 01:00:25,340 INFO  impl.RaftServerImpl (RaftServerImpl.java:setRole(171)) - 43106e18-f800-4739-9e92-86e3ea2db31d:group-62768C1BF978 changes role from null to FOLLOWER at term 0 for startAsFollower
2019-07-14 01:00:25,340 INFO  impl.RoleInfo (RoleInfo.java:updateAndGet(143)) - 43106e18-f800-4739-9e92-86e3ea2db31d: start FollowerState
2019-07-14 01:00:25,342 INFO  util.JmxRegister (JmxRegister.java:tryRegister(44)) - Successfully registered JMX Bean with object name Ratis:service=RaftServer,group=group-62768C1BF978,id=43106e18-f800-4739-9e92-86e3ea2db31d
2019-07-14 01:00:25,359 INFO  pipeline.PipelineStateManager (PipelineStateManager.java:addPipeline(56)) - Created pipeline Pipeline[ Id: dc0032e0-1547-4452-8f1b-62768c1bf978, Nodes: 43106e18-f800-4739-9e92-86e3ea2db31d{ip: 192.168.157.230, host: trunk-nightly-sxkq5-3320257302, networkLocation: /default-rack, certSerialId: null}, Type:RATIS, Factor:ONE, State:OPEN]
2019-07-14 01:00:25,374 INFO  ozone.MiniOzoneClusterImpl (MiniOzoneClusterImpl.java:lambda$waitForClusterToBeReady$0(142)) - Waiting for cluster to be ready. Got 6 of 7 DN Heartbeats.
2019-07-14 01:00:25,379 INFO  node.SCMNodeManager (SCMNodeManager.java:register(269)) - Registered Data node : 59701a64-e707-4025-83ea-0a1d447aaf37{ip: 192.168.157.230, host: trunk-nightly-sxkq5-3320257302, networkLocation: /default-rack, certSerialId: null}
2019-07-14 01:00:25,389 INFO  impl.RaftServerProxy (RaftServerProxy.java:addNew(89)) - cd5bc3ce-e3c6-46eb-9d59-d6d2ed0e9ffd: addNew group-A8EDBE8456DE:[cd5bc3ce-e3c6-46eb-9d59-d6d2ed0e9ffd:192.168.157.230:37487] returns group-A8EDBE8456DE:java.util.concurrent.CompletableFuture@4aa2725[Not completed]
2019-07-14 01:00:25,399 INFO  impl.RaftServerImpl (RaftServerImpl.java:<init>(93)) - cd5bc3ce-e3c6-46eb-9d59-d6d2ed0e9ffd: new RaftServerImpl for group-A8EDBE8456DE:[cd5bc3ce-e3c6-46eb-9d59-d6d2ed0e9ffd:192.168.157.230:37487] with ContainerStateMachine:uninitialized
2019-07-14 01:00:25,399 INFO  server.RaftServerConfigKeys (ConfUtils.java:logGet(43)) - raft.server.rpc.timeout.min = 5s (custom)
2019-07-14 01:00:25,399 INFO  server.RaftServerConfigKeys (ConfUtils.java:logGet(43)) - raft.server.rpc.timeout.max = 5200ms (custom)
2019-07-14 01:00:25,399 INFO  server.RaftServerConfigKeys (ConfUtils.java:logGet(43)) - raft.server.rpcslowness.timeout = 120s (custom)
2019-07-14 01:00:25,399 INFO  server.RaftServerConfigKeys (ConfUtils.java:logGet(43)) - raft.server.sleep.deviation.threshold = 300 (default)
2019-07-14 01:00:25,399 INFO  server.RaftServerConfigKeys (ConfUtils.java:logGet(43)) - raft.server.log.appender.install.snapshot.enabled = false (custom)
2019-07-14 01:00:25,399 INFO  impl.RaftServerImpl (ServerState.java:<init>(105)) - cd5bc3ce-e3c6-46eb-9d59-d6d2ed0e9ffd:group-A8EDBE8456DE ConfigurationManager, init=-1: [cd5bc3ce-e3c6-46eb-9d59-d6d2ed0e9ffd:192.168.157.230:37487], old=null, confs=<EMPTY_MAP>
2019-07-14 01:00:25,400 INFO  server.RaftServerConfigKeys (ConfUtils.java:logGet(43)) - raft.server.storage.dir = [/tmp/workdir/hadoop-ozone/integration-test/target/test-dir/MiniOzoneClusterImpl-59f4ffd4-c69e-43d5-9b99-59d04e6f6f19/datanode-4/data/ratis] (custom)
2019-07-14 01:00:25,400 INFO  storage.RaftStorageDirectory (RaftStorageDirectory.java:analyzeStorage(246)) - The storage directory /tmp/workdir/hadoop-ozone/integration-test/target/test-dir/MiniOzoneClusterImpl-59f4ffd4-c69e-43d5-9b99-59d04e6f6f19/datanode-4/data/ratis/e7263f37-4c5e-4efa-8fab-a8edbe8456de does not exist. Creating ...
2019-07-14 01:00:25,413 INFO  storage.RaftStorageDirectory (RaftStorageDirectory.java:tryLock(328)) - Lock on /tmp/workdir/hadoop-ozone/integration-test/target/test-dir/MiniOzoneClusterImpl-59f4ffd4-c69e-43d5-9b99-59d04e6f6f19/datanode-4/data/ratis/e7263f37-4c5e-4efa-8fab-a8edbe8456de/in_use.lock acquired by nodename 26095@trunk-nightly-sxkq5-3320257302
2019-07-14 01:00:25,426 INFO  storage.RaftStorage (RaftStorage.java:format(72)) - Storage directory /tmp/workdir/hadoop-ozone/integration-test/target/test-dir/MiniOzoneClusterImpl-59f4ffd4-c69e-43d5-9b99-59d04e6f6f19/datanode-4/data/ratis/e7263f37-4c5e-4efa-8fab-a8edbe8456de has been successfully formatted.
2019-07-14 01:00:25,426 INFO  ratis.ContainerStateMachine (ContainerStateMachine.java:loadSnapshot(200)) - The snapshot info is null.Setting the last applied index to:(t:0, i:~)
2019-07-14 01:00:25,426 INFO  server.RaftServerConfigKeys (ConfUtils.java:logGet(43)) - raft.server.leader.election.timeout = 120s (custom)
2019-07-14 01:00:25,426 INFO  server.RaftServerConfigKeys (ConfUtils.java:logGet(43)) - raft.server.log.use.memory = false (default)
2019-07-14 01:00:25,426 INFO  server.RaftServerConfigKeys (ConfUtils.java:logGet(43)) - raft.server.log.purge.gap = 1000000000 (custom)
2019-07-14 01:00:25,427 INFO  server.RaftServerConfigKeys (ConfUtils.java:logGet(43)) - raft.server.log.appender.buffer.byte-limit = 33554432 (custom)
2019-07-14 01:00:25,427 INFO  server.RaftServerConfigKeys (ConfUtils.java:logGet(43)) - raft.server.log.segment.size.max = 1048576 (custom)
2019-07-14 01:00:25,427 INFO  server.RaftServerConfigKeys (ConfUtils.java:logGet(43)) - raft.server.log.segment.cache.num.max = 2 (custom)
2019-07-14 01:00:25,427 INFO  segmented.SegmentedRaftLogWorker (SegmentedRaftLogWorker.java:<init>(172)) - new cd5bc3ce-e3c6-46eb-9d59-d6d2ed0e9ffd-SegmentedRaftLogWorker:Storage Directory /tmp/workdir/hadoop-ozone/integration-test/target/test-dir/MiniOzoneClusterImpl-59f4ffd4-c69e-43d5-9b99-59d04e6f6f19/datanode-4/data/ratis/e7263f37-4c5e-4efa-8fab-a8edbe8456de for RaftStorage:Storage Directory /tmp/workdir/hadoop-ozone/integration-test/target/test-dir/MiniOzoneClusterImpl-59f4ffd4-c69e-43d5-9b99-59d04e6f6f19/datanode-4/data/ratis/e7263f37-4c5e-4efa-8fab-a8edbe8456de
2019-07-14 01:00:25,427 INFO  server.RaftServerConfigKeys (ConfUtils.java:logGet(43)) - raft.server.log.queue.byte-limit = 2147483647 (custom)
2019-07-14 01:00:25,427 INFO  server.RaftServerConfigKeys (ConfUtils.java:logGet(43)) - raft.server.log.queue.element-limit = 1024 (custom)
2019-07-14 01:00:25,428 INFO  server.RaftServerConfigKeys (ConfUtils.java:logGet(43)) - raft.server.log.segment.size.max = 1048576 (custom)
2019-07-14 01:00:25,428 INFO  server.RaftServerConfigKeys (ConfUtils.java:logGet(43)) - raft.server.log.preallocated.size = 16384 (custom)
2019-07-14 01:00:25,428 INFO  server.RaftServerConfigKeys (ConfUtils.java:logGet(43)) - raft.server.log.write.buffer.size = 33554432 (custom)
2019-07-14 01:00:25,428 INFO  server.RaftServerConfigKeys (ConfUtils.java:logGet(43)) - raft.server.log.force.sync.num = 128 (default)
2019-07-14 01:00:25,428 INFO  server.RaftServerConfigKeys (ConfUtils.java:logGet(43)) - raft.server.log.statemachine.data.sync = true (default)
2019-07-14 01:00:25,428 INFO  server.RaftServerConfigKeys (ConfUtils.java:logGet(43)) - raft.server.log.statemachine.data.sync.timeout = 10s (default)
2019-07-14 01:00:25,429 INFO  server.RaftServerConfigKeys (ConfUtils.java:logGet(43)) - raft.server.log.statemachine.data.sync.timeout.retry = -1 (default)
2019-07-14 01:00:25,429 INFO  server.RaftServerConfigKeys (ConfUtils.java:logGet(43)) - raft.server.log.statemachine.data.caching.enabled = true (custom)
2019-07-14 01:00:25,429 INFO  segmented.SegmentedRaftLogWorker (SegmentedRaftLogWorker.java:lambda$new$0(132)) - cd5bc3ce-e3c6-46eb-9d59-d6d2ed0e9ffd-SegmentedRaftLogWorker:Storage Directory /tmp/workdir/hadoop-ozone/integration-test/target/test-dir/MiniOzoneClusterImpl-59f4ffd4-c69e-43d5-9b99-59d04e6f6f19/datanode-4/data/ratis/e7263f37-4c5e-4efa-8fab-a8edbe8456de: flushIndex: setUnconditionally 0 -> -1
2019-07-14 01:00:25,429 INFO  server.RaftServerConfigKeys (ConfUtils.java:logGet(43)) - raft.server.snapshot.auto.trigger.enabled = true (custom)
2019-07-14 01:00:25,430 INFO  server.RaftServerConfigKeys (ConfUtils.java:logGet(43)) - raft.server.snapshot.auto.trigger.threshold = 10000 (custom)
2019-07-14 01:00:25,430 INFO  server.RaftServerConfigKeys (ConfUtils.java:logGet(43)) - raft.server.retrycache.expirytime = 600000ms (custom)
2019-07-14 01:00:25,430 INFO  impl.RaftServerImpl (RaftServerImpl.java:start(180)) - cd5bc3ce-e3c6-46eb-9d59-d6d2ed0e9ffd: start group-A8EDBE8456DE
2019-07-14 01:00:25,430 INFO  impl.RaftServerImpl (RaftServerImpl.java:setRole(171)) - cd5bc3ce-e3c6-46eb-9d59-d6d2ed0e9ffd:group-A8EDBE8456DE changes role from null to FOLLOWER at term 0 for startAsFollower
2019-07-14 01:00:25,430 INFO  impl.RoleInfo (RoleInfo.java:updateAndGet(143)) - cd5bc3ce-e3c6-46eb-9d59-d6d2ed0e9ffd: start FollowerState
2019-07-14 01:00:25,431 INFO  util.JmxRegister (JmxRegister.java:tryRegister(44)) - Successfully registered JMX Bean with object name Ratis:service=RaftServer,group=group-A8EDBE8456DE,id=cd5bc3ce-e3c6-46eb-9d59-d6d2ed0e9ffd
2019-07-14 01:00:25,445 INFO  pipeline.PipelineStateManager (PipelineStateManager.java:addPipeline(56)) - Created pipeline Pipeline[ Id: e7263f37-4c5e-4efa-8fab-a8edbe8456de, Nodes: cd5bc3ce-e3c6-46eb-9d59-d6d2ed0e9ffd{ip: 192.168.157.230, host: trunk-nightly-sxkq5-3320257302, networkLocation: /default-rack, certSerialId: null}, Type:RATIS, Factor:ONE, State:OPEN]
2019-07-14 01:00:25,469 INFO  impl.RaftServerProxy (RaftServerProxy.java:addNew(89)) - 3e145723-ff3e-41b8-bf22-3e40bf8680f1: addNew group-FD714DE0DEFC:[3e145723-ff3e-41b8-bf22-3e40bf8680f1:192.168.157.230:38770] returns group-FD714DE0DEFC:java.util.concurrent.CompletableFuture@22ef025e[Not completed]
2019-07-14 01:00:25,470 INFO  impl.RaftServerImpl (RaftServerImpl.java:<init>(93)) - 3e145723-ff3e-41b8-bf22-3e40bf8680f1: new RaftServerImpl for group-FD714DE0DEFC:[3e145723-ff3e-41b8-bf22-3e40bf8680f1:192.168.157.230:38770] with ContainerStateMachine:uninitialized
2019-07-14 01:00:25,470 INFO  server.RaftServerConfigKeys (ConfUtils.java:logGet(43)) - raft.server.rpc.timeout.min = 5s (custom)
2019-07-14 01:00:25,471 INFO  server.RaftServerConfigKeys (ConfUtils.java:logGet(43)) - raft.server.rpc.timeout.max = 5200ms (custom)
2019-07-14 01:00:25,471 INFO  server.RaftServerConfigKeys (ConfUtils.java:logGet(43)) - raft.server.rpcslowness.timeout = 120s (custom)
2019-07-14 01:00:25,471 INFO  server.RaftServerConfigKeys (ConfUtils.java:logGet(43)) - raft.server.sleep.deviation.threshold = 300 (default)
2019-07-14 01:00:25,471 INFO  server.RaftServerConfigKeys (ConfUtils.java:logGet(43)) - raft.server.log.appender.install.snapshot.enabled = false (custom)
2019-07-14 01:00:25,471 INFO  impl.RaftServerImpl (ServerState.java:<init>(105)) - 3e145723-ff3e-41b8-bf22-3e40bf8680f1:group-FD714DE0DEFC ConfigurationManager, init=-1: [3e145723-ff3e-41b8-bf22-3e40bf8680f1:192.168.157.230:38770], old=null, confs=<EMPTY_MAP>
2019-07-14 01:00:25,472 INFO  server.RaftServerConfigKeys (ConfUtils.java:logGet(43)) - raft.server.storage.dir = [/tmp/workdir/hadoop-ozone/integration-test/target/test-dir/MiniOzoneClusterImpl-59f4ffd4-c69e-43d5-9b99-59d04e6f6f19/datanode-5/data/ratis] (custom)
2019-07-14 01:00:25,472 INFO  storage.RaftStorageDirectory (RaftStorageDirectory.java:analyzeStorage(246)) - The storage directory /tmp/workdir/hadoop-ozone/integration-test/target/test-dir/MiniOzoneClusterImpl-59f4ffd4-c69e-43d5-9b99-59d04e6f6f19/datanode-5/data/ratis/6404fec1-7239-42f5-9d0f-fd714de0defc does not exist. Creating ...
2019-07-14 01:00:25,485 INFO  storage.RaftStorageDirectory (RaftStorageDirectory.java:tryLock(328)) - Lock on /tmp/workdir/hadoop-ozone/integration-test/target/test-dir/MiniOzoneClusterImpl-59f4ffd4-c69e-43d5-9b99-59d04e6f6f19/datanode-5/data/ratis/6404fec1-7239-42f5-9d0f-fd714de0defc/in_use.lock acquired by nodename 26095@trunk-nightly-sxkq5-3320257302
2019-07-14 01:00:25,498 INFO  storage.RaftStorage (RaftStorage.java:format(72)) - Storage directory /tmp/workdir/hadoop-ozone/integration-test/target/test-dir/MiniOzoneClusterImpl-59f4ffd4-c69e-43d5-9b99-59d04e6f6f19/datanode-5/data/ratis/6404fec1-7239-42f5-9d0f-fd714de0defc has been successfully formatted.
2019-07-14 01:00:25,498 INFO  ratis.ContainerStateMachine (ContainerStateMachine.java:loadSnapshot(200)) - The snapshot info is null.Setting the last applied index to:(t:0, i:~)
2019-07-14 01:00:25,498 INFO  server.RaftServerConfigKeys (ConfUtils.java:logGet(43)) - raft.server.leader.election.timeout = 120s (custom)
2019-07-14 01:00:25,499 INFO  server.RaftServerConfigKeys (ConfUtils.java:logGet(43)) - raft.server.log.use.memory = false (default)
2019-07-14 01:00:25,499 INFO  server.RaftServerConfigKeys (ConfUtils.java:logGet(43)) - raft.server.log.purge.gap = 1000000000 (custom)
2019-07-14 01:00:25,499 INFO  server.RaftServerConfigKeys (ConfUtils.java:logGet(43)) - raft.server.log.appender.buffer.byte-limit = 33554432 (custom)
2019-07-14 01:00:25,499 INFO  server.RaftServerConfigKeys (ConfUtils.java:logGet(43)) - raft.server.log.segment.size.max = 1048576 (custom)
2019-07-14 01:00:25,499 INFO  server.RaftServerConfigKeys (ConfUtils.java:logGet(43)) - raft.server.log.segment.cache.num.max = 2 (custom)
2019-07-14 01:00:25,499 INFO  segmented.SegmentedRaftLogWorker (SegmentedRaftLogWorker.java:<init>(172)) - new 3e145723-ff3e-41b8-bf22-3e40bf8680f1-SegmentedRaftLogWorker:Storage Directory /tmp/workdir/hadoop-ozone/integration-test/target/test-dir/MiniOzoneClusterImpl-59f4ffd4-c69e-43d5-9b99-59d04e6f6f19/datanode-5/data/ratis/6404fec1-7239-42f5-9d0f-fd714de0defc for RaftStorage:Storage Directory /tmp/workdir/hadoop-ozone/integration-test/target/test-dir/MiniOzoneClusterImpl-59f4ffd4-c69e-43d5-9b99-59d04e6f6f19/datanode-5/data/ratis/6404fec1-7239-42f5-9d0f-fd714de0defc
2019-07-14 01:00:25,500 INFO  server.RaftServerConfigKeys (ConfUtils.java:logGet(43)) - raft.server.log.queue.byte-limit = 2147483647 (custom)
2019-07-14 01:00:25,500 INFO  server.RaftServerConfigKeys (ConfUtils.java:logGet(43)) - raft.server.log.queue.element-limit = 1024 (custom)
2019-07-14 01:00:25,500 INFO  server.RaftServerConfigKeys (ConfUtils.java:logGet(43)) - raft.server.log.segment.size.max = 1048576 (custom)
2019-07-14 01:00:25,500 INFO  server.RaftServerConfigKeys (ConfUtils.java:logGet(43)) - raft.server.log.preallocated.size = 16384 (custom)
2019-07-14 01:00:25,501 INFO  server.RaftServerConfigKeys (ConfUtils.java:logGet(43)) - raft.server.log.write.buffer.size = 33554432 (custom)
2019-07-14 01:00:25,501 INFO  server.RaftServerConfigKeys (ConfUtils.java:logGet(43)) - raft.server.log.force.sync.num = 128 (default)
2019-07-14 01:00:25,501 INFO  server.RaftServerConfigKeys (ConfUtils.java:logGet(43)) - raft.server.log.statemachine.data.sync = true (default)
2019-07-14 01:00:25,501 INFO  server.RaftServerConfigKeys (ConfUtils.java:logGet(43)) - raft.server.log.statemachine.data.sync.timeout = 10s (default)
2019-07-14 01:00:25,501 INFO  server.RaftServerConfigKeys (ConfUtils.java:logGet(43)) - raft.server.log.statemachine.data.sync.timeout.retry = -1 (default)
2019-07-14 01:00:25,502 INFO  server.RaftServerConfigKeys (ConfUtils.java:logGet(43)) - raft.server.log.statemachine.data.caching.enabled = true (custom)
2019-07-14 01:00:25,502 INFO  segmented.SegmentedRaftLogWorker (SegmentedRaftLogWorker.java:lambda$new$0(132)) - 3e145723-ff3e-41b8-bf22-3e40bf8680f1-SegmentedRaftLogWorker:Storage Directory /tmp/workdir/hadoop-ozone/integration-test/target/test-dir/MiniOzoneClusterImpl-59f4ffd4-c69e-43d5-9b99-59d04e6f6f19/datanode-5/data/ratis/6404fec1-7239-42f5-9d0f-fd714de0defc: flushIndex: setUnconditionally 0 -> -1
2019-07-14 01:00:25,502 INFO  server.RaftServerConfigKeys (ConfUtils.java:logGet(43)) - raft.server.snapshot.auto.trigger.enabled = true (custom)
2019-07-14 01:00:25,503 INFO  server.RaftServerConfigKeys (ConfUtils.java:logGet(43)) - raft.server.snapshot.auto.trigger.threshold = 10000 (custom)
2019-07-14 01:00:25,503 INFO  server.RaftServerConfigKeys (ConfUtils.java:logGet(43)) - raft.server.retrycache.expirytime = 600000ms (custom)
2019-07-14 01:00:25,503 INFO  impl.RaftServerImpl (RaftServerImpl.java:start(180)) - 3e145723-ff3e-41b8-bf22-3e40bf8680f1: start group-FD714DE0DEFC
2019-07-14 01:00:25,503 INFO  impl.RaftServerImpl (RaftServerImpl.java:setRole(171)) - 3e145723-ff3e-41b8-bf22-3e40bf8680f1:group-FD714DE0DEFC changes role from null to FOLLOWER at term 0 for startAsFollower
2019-07-14 01:00:25,503 INFO  impl.RoleInfo (RoleInfo.java:updateAndGet(143)) - 3e145723-ff3e-41b8-bf22-3e40bf8680f1: start FollowerState
2019-07-14 01:00:25,504 INFO  util.JmxRegister (JmxRegister.java:tryRegister(44)) - Successfully registered JMX Bean with object name Ratis:service=RaftServer,group=group-FD714DE0DEFC,id=3e145723-ff3e-41b8-bf22-3e40bf8680f1
2019-07-14 01:00:25,519 INFO  pipeline.PipelineStateManager (PipelineStateManager.java:addPipeline(56)) - Created pipeline Pipeline[ Id: 6404fec1-7239-42f5-9d0f-fd714de0defc, Nodes: 3e145723-ff3e-41b8-bf22-3e40bf8680f1{ip: 192.168.157.230, host: trunk-nightly-sxkq5-3320257302, networkLocation: /default-rack, certSerialId: null}, Type:RATIS, Factor:ONE, State:OPEN]
2019-07-14 01:00:25,545 INFO  impl.RaftServerProxy (RaftServerProxy.java:addNew(89)) - 104caf5e-9caf-4bd0-8070-6d8b62874fc4: addNew group-65A4E0879949:[104caf5e-9caf-4bd0-8070-6d8b62874fc4:192.168.157.230:35236] returns group-65A4E0879949:java.util.concurrent.CompletableFuture@292582d4[Not completed]
2019-07-14 01:00:25,547 INFO  impl.RaftServerImpl (RaftServerImpl.java:<init>(93)) - 104caf5e-9caf-4bd0-8070-6d8b62874fc4: new RaftServerImpl for group-65A4E0879949:[104caf5e-9caf-4bd0-8070-6d8b62874fc4:192.168.157.230:35236] with ContainerStateMachine:uninitialized
2019-07-14 01:00:25,547 INFO  server.RaftServerConfigKeys (ConfUtils.java:logGet(43)) - raft.server.rpc.timeout.min = 5s (custom)
2019-07-14 01:00:25,547 INFO  server.RaftServerConfigKeys (ConfUtils.java:logGet(43)) - raft.server.rpc.timeout.max = 5200ms (custom)
2019-07-14 01:00:25,547 INFO  server.RaftServerConfigKeys (ConfUtils.java:logGet(43)) - raft.server.rpcslowness.timeout = 120s (custom)
2019-07-14 01:00:25,547 INFO  server.RaftServerConfigKeys (ConfUtils.java:logGet(43)) - raft.server.sleep.deviation.threshold = 300 (default)
2019-07-14 01:00:25,548 INFO  server.RaftServerConfigKeys (ConfUtils.java:logGet(43)) - raft.server.log.appender.install.snapshot.enabled = false (custom)
2019-07-14 01:00:25,548 INFO  impl.RaftServerImpl (ServerState.java:<init>(105)) - 104caf5e-9caf-4bd0-8070-6d8b62874fc4:group-65A4E0879949 ConfigurationManager, init=-1: [104caf5e-9caf-4bd0-8070-6d8b62874fc4:192.168.157.230:35236], old=null, confs=<EMPTY_MAP>
2019-07-14 01:00:25,548 INFO  server.RaftServerConfigKeys (ConfUtils.java:logGet(43)) - raft.server.storage.dir = [/tmp/workdir/hadoop-ozone/integration-test/target/test-dir/MiniOzoneClusterImpl-59f4ffd4-c69e-43d5-9b99-59d04e6f6f19/datanode-2/data/ratis] (custom)
2019-07-14 01:00:25,548 INFO  storage.RaftStorageDirectory (RaftStorageDirectory.java:analyzeStorage(246)) - The storage directory /tmp/workdir/hadoop-ozone/integration-test/target/test-dir/MiniOzoneClusterImpl-59f4ffd4-c69e-43d5-9b99-59d04e6f6f19/datanode-2/data/ratis/5215b862-57bf-467a-b270-65a4e0879949 does not exist. Creating ...
2019-07-14 01:00:25,561 INFO  storage.RaftStorageDirectory (RaftStorageDirectory.java:tryLock(328)) - Lock on /tmp/workdir/hadoop-ozone/integration-test/target/test-dir/MiniOzoneClusterImpl-59f4ffd4-c69e-43d5-9b99-59d04e6f6f19/datanode-2/data/ratis/5215b862-57bf-467a-b270-65a4e0879949/in_use.lock acquired by nodename 26095@trunk-nightly-sxkq5-3320257302
2019-07-14 01:00:25,574 INFO  storage.RaftStorage (RaftStorage.java:format(72)) - Storage directory /tmp/workdir/hadoop-ozone/integration-test/target/test-dir/MiniOzoneClusterImpl-59f4ffd4-c69e-43d5-9b99-59d04e6f6f19/datanode-2/data/ratis/5215b862-57bf-467a-b270-65a4e0879949 has been successfully formatted.
2019-07-14 01:00:25,574 INFO  ratis.ContainerStateMachine (ContainerStateMachine.java:loadSnapshot(200)) - The snapshot info is null.Setting the last applied index to:(t:0, i:~)
2019-07-14 01:00:25,574 INFO  server.RaftServerConfigKeys (ConfUtils.java:logGet(43)) - raft.server.leader.election.timeout = 120s (custom)
2019-07-14 01:00:25,575 INFO  server.RaftServerConfigKeys (ConfUtils.java:logGet(43)) - raft.server.log.use.memory = false (default)
2019-07-14 01:00:25,575 INFO  server.RaftServerConfigKeys (ConfUtils.java:logGet(43)) - raft.server.log.purge.gap = 1000000000 (custom)
2019-07-14 01:00:25,575 INFO  server.RaftServerConfigKeys (ConfUtils.java:logGet(43)) - raft.server.log.appender.buffer.byte-limit = 33554432 (custom)
2019-07-14 01:00:25,575 INFO  server.RaftServerConfigKeys (ConfUtils.java:logGet(43)) - raft.server.log.segment.size.max = 1048576 (custom)
2019-07-14 01:00:25,575 INFO  server.RaftServerConfigKeys (ConfUtils.java:logGet(43)) - raft.server.log.segment.cache.num.max = 2 (custom)
2019-07-14 01:00:25,576 INFO  segmented.SegmentedRaftLogWorker (SegmentedRaftLogWorker.java:<init>(172)) - new 104caf5e-9caf-4bd0-8070-6d8b62874fc4-SegmentedRaftLogWorker:Storage Directory /tmp/workdir/hadoop-ozone/integration-test/target/test-dir/MiniOzoneClusterImpl-59f4ffd4-c69e-43d5-9b99-59d04e6f6f19/datanode-2/data/ratis/5215b862-57bf-467a-b270-65a4e0879949 for RaftStorage:Storage Directory /tmp/workdir/hadoop-ozone/integration-test/target/test-dir/MiniOzoneClusterImpl-59f4ffd4-c69e-43d5-9b99-59d04e6f6f19/datanode-2/data/ratis/5215b862-57bf-467a-b270-65a4e0879949
2019-07-14 01:00:25,576 INFO  server.RaftServerConfigKeys (ConfUtils.java:logGet(43)) - raft.server.log.queue.byte-limit = 2147483647 (custom)
2019-07-14 01:00:25,576 INFO  server.RaftServerConfigKeys (ConfUtils.java:logGet(43)) - raft.server.log.queue.element-limit = 1024 (custom)
2019-07-14 01:00:25,576 INFO  server.RaftServerConfigKeys (ConfUtils.java:logGet(43)) - raft.server.log.segment.size.max = 1048576 (custom)
2019-07-14 01:00:25,577 INFO  server.RaftServerConfigKeys (ConfUtils.java:logGet(43)) - raft.server.log.preallocated.size = 16384 (custom)
2019-07-14 01:00:25,577 INFO  server.RaftServerConfigKeys (ConfUtils.java:logGet(43)) - raft.server.log.write.buffer.size = 33554432 (custom)
2019-07-14 01:00:25,577 INFO  server.RaftServerConfigKeys (ConfUtils.java:logGet(43)) - raft.server.log.force.sync.num = 128 (default)
2019-07-14 01:00:25,577 INFO  server.RaftServerConfigKeys (ConfUtils.java:logGet(43)) - raft.server.log.statemachine.data.sync = true (default)
2019-07-14 01:00:25,577 INFO  server.RaftServerConfigKeys (ConfUtils.java:logGet(43)) - raft.server.log.statemachine.data.sync.timeout = 10s (default)
2019-07-14 01:00:25,577 INFO  server.RaftServerConfigKeys (ConfUtils.java:logGet(43)) - raft.server.log.statemachine.data.sync.timeout.retry = -1 (default)
2019-07-14 01:00:25,578 INFO  server.RaftServerConfigKeys (ConfUtils.java:logGet(43)) - raft.server.log.statemachine.data.caching.enabled = true (custom)
2019-07-14 01:00:25,578 INFO  segmented.SegmentedRaftLogWorker (SegmentedRaftLogWorker.java:lambda$new$0(132)) - 104caf5e-9caf-4bd0-8070-6d8b62874fc4-SegmentedRaftLogWorker:Storage Directory /tmp/workdir/hadoop-ozone/integration-test/target/test-dir/MiniOzoneClusterImpl-59f4ffd4-c69e-43d5-9b99-59d04e6f6f19/datanode-2/data/ratis/5215b862-57bf-467a-b270-65a4e0879949: flushIndex: setUnconditionally 0 -> -1
2019-07-14 01:00:25,579 INFO  server.RaftServerConfigKeys (ConfUtils.java:logGet(43)) - raft.server.snapshot.auto.trigger.enabled = true (custom)
2019-07-14 01:00:25,579 INFO  server.RaftServerConfigKeys (ConfUtils.java:logGet(43)) - raft.server.snapshot.auto.trigger.threshold = 10000 (custom)
2019-07-14 01:00:25,579 INFO  server.RaftServerConfigKeys (ConfUtils.java:logGet(43)) - raft.server.retrycache.expirytime = 600000ms (custom)
2019-07-14 01:00:25,579 INFO  impl.RaftServerImpl (RaftServerImpl.java:start(180)) - 104caf5e-9caf-4bd0-8070-6d8b62874fc4: start group-65A4E0879949
2019-07-14 01:00:25,580 INFO  impl.RaftServerImpl (RaftServerImpl.java:setRole(171)) - 104caf5e-9caf-4bd0-8070-6d8b62874fc4:group-65A4E0879949 changes role from null to FOLLOWER at term 0 for startAsFollower
2019-07-14 01:00:25,580 INFO  impl.RoleInfo (RoleInfo.java:updateAndGet(143)) - 104caf5e-9caf-4bd0-8070-6d8b62874fc4: start FollowerState
2019-07-14 01:00:25,580 INFO  util.JmxRegister (JmxRegister.java:tryRegister(44)) - Successfully registered JMX Bean with object name Ratis:service=RaftServer,group=group-65A4E0879949,id=104caf5e-9caf-4bd0-8070-6d8b62874fc4
2019-07-14 01:00:25,594 INFO  pipeline.PipelineStateManager (PipelineStateManager.java:addPipeline(56)) - Created pipeline Pipeline[ Id: 5215b862-57bf-467a-b270-65a4e0879949, Nodes: 104caf5e-9caf-4bd0-8070-6d8b62874fc4{ip: 192.168.157.230, host: trunk-nightly-sxkq5-3320257302, networkLocation: /default-rack, certSerialId: null}, Type:RATIS, Factor:ONE, State:OPEN]
2019-07-14 01:00:25,620 INFO  impl.RaftServerProxy (RaftServerProxy.java:addNew(89)) - 31579158-a9e7-4c5e-ab80-b5e9b493ce46: addNew group-89BFB9C4F463:[31579158-a9e7-4c5e-ab80-b5e9b493ce46:192.168.157.230:33991] returns group-89BFB9C4F463:java.util.concurrent.CompletableFuture@1983f350[Not completed]
2019-07-14 01:00:25,622 INFO  impl.RaftServerImpl (RaftServerImpl.java:<init>(93)) - 31579158-a9e7-4c5e-ab80-b5e9b493ce46: new RaftServerImpl for group-89BFB9C4F463:[31579158-a9e7-4c5e-ab80-b5e9b493ce46:192.168.157.230:33991] with ContainerStateMachine:uninitialized
2019-07-14 01:00:25,623 INFO  server.RaftServerConfigKeys (ConfUtils.java:logGet(43)) - raft.server.rpc.timeout.min = 5s (custom)
2019-07-14 01:00:25,623 INFO  server.RaftServerConfigKeys (ConfUtils.java:logGet(43)) - raft.server.rpc.timeout.max = 5200ms (custom)
2019-07-14 01:00:25,623 INFO  server.RaftServerConfigKeys (ConfUtils.java:logGet(43)) - raft.server.rpcslowness.timeout = 120s (custom)
2019-07-14 01:00:25,623 INFO  server.RaftServerConfigKeys (ConfUtils.java:logGet(43)) - raft.server.sleep.deviation.threshold = 300 (default)
2019-07-14 01:00:25,623 INFO  server.RaftServerConfigKeys (ConfUtils.java:logGet(43)) - raft.server.log.appender.install.snapshot.enabled = false (custom)
2019-07-14 01:00:25,623 INFO  impl.RaftServerImpl (ServerState.java:<init>(105)) - 31579158-a9e7-4c5e-ab80-b5e9b493ce46:group-89BFB9C4F463 ConfigurationManager, init=-1: [31579158-a9e7-4c5e-ab80-b5e9b493ce46:192.168.157.230:33991], old=null, confs=<EMPTY_MAP>
2019-07-14 01:00:25,624 INFO  server.RaftServerConfigKeys (ConfUtils.java:logGet(43)) - raft.server.storage.dir = [/tmp/workdir/hadoop-ozone/integration-test/target/test-dir/MiniOzoneClusterImpl-59f4ffd4-c69e-43d5-9b99-59d04e6f6f19/datanode-3/data/ratis] (custom)
2019-07-14 01:00:25,624 INFO  storage.RaftStorageDirectory (RaftStorageDirectory.java:analyzeStorage(246)) - The storage directory /tmp/workdir/hadoop-ozone/integration-test/target/test-dir/MiniOzoneClusterImpl-59f4ffd4-c69e-43d5-9b99-59d04e6f6f19/datanode-3/data/ratis/1227fb18-8361-4ecb-b5fa-89bfb9c4f463 does not exist. Creating ...
2019-07-14 01:00:25,637 INFO  storage.RaftStorageDirectory (RaftStorageDirectory.java:tryLock(328)) - Lock on /tmp/workdir/hadoop-ozone/integration-test/target/test-dir/MiniOzoneClusterImpl-59f4ffd4-c69e-43d5-9b99-59d04e6f6f19/datanode-3/data/ratis/1227fb18-8361-4ecb-b5fa-89bfb9c4f463/in_use.lock acquired by nodename 26095@trunk-nightly-sxkq5-3320257302
2019-07-14 01:00:25,651 INFO  storage.RaftStorage (RaftStorage.java:format(72)) - Storage directory /tmp/workdir/hadoop-ozone/integration-test/target/test-dir/MiniOzoneClusterImpl-59f4ffd4-c69e-43d5-9b99-59d04e6f6f19/datanode-3/data/ratis/1227fb18-8361-4ecb-b5fa-89bfb9c4f463 has been successfully formatted.
2019-07-14 01:00:25,651 INFO  ratis.ContainerStateMachine (ContainerStateMachine.java:loadSnapshot(200)) - The snapshot info is null.Setting the last applied index to:(t:0, i:~)
2019-07-14 01:00:25,651 INFO  server.RaftServerConfigKeys (ConfUtils.java:logGet(43)) - raft.server.leader.election.timeout = 120s (custom)
2019-07-14 01:00:25,652 INFO  server.RaftServerConfigKeys (ConfUtils.java:logGet(43)) - raft.server.log.use.memory = false (default)
2019-07-14 01:00:25,652 INFO  server.RaftServerConfigKeys (ConfUtils.java:logGet(43)) - raft.server.log.purge.gap = 1000000000 (custom)
2019-07-14 01:00:25,652 INFO  server.RaftServerConfigKeys (ConfUtils.java:logGet(43)) - raft.server.log.appender.buffer.byte-limit = 33554432 (custom)
2019-07-14 01:00:25,652 INFO  server.RaftServerConfigKeys (ConfUtils.java:logGet(43)) - raft.server.log.segment.size.max = 1048576 (custom)
2019-07-14 01:00:25,652 INFO  server.RaftServerConfigKeys (ConfUtils.java:logGet(43)) - raft.server.log.segment.cache.num.max = 2 (custom)
2019-07-14 01:00:25,653 INFO  segmented.SegmentedRaftLogWorker (SegmentedRaftLogWorker.java:<init>(172)) - new 31579158-a9e7-4c5e-ab80-b5e9b493ce46-SegmentedRaftLogWorker:Storage Directory /tmp/workdir/hadoop-ozone/integration-test/target/test-dir/MiniOzoneClusterImpl-59f4ffd4-c69e-43d5-9b99-59d04e6f6f19/datanode-3/data/ratis/1227fb18-8361-4ecb-b5fa-89bfb9c4f463 for RaftStorage:Storage Directory /tmp/workdir/hadoop-ozone/integration-test/target/test-dir/MiniOzoneClusterImpl-59f4ffd4-c69e-43d5-9b99-59d04e6f6f19/datanode-3/data/ratis/1227fb18-8361-4ecb-b5fa-89bfb9c4f463
2019-07-14 01:00:25,653 INFO  server.RaftServerConfigKeys (ConfUtils.java:logGet(43)) - raft.server.log.queue.byte-limit = 2147483647 (custom)
2019-07-14 01:00:25,653 INFO  server.RaftServerConfigKeys (ConfUtils.java:logGet(43)) - raft.server.log.queue.element-limit = 1024 (custom)
2019-07-14 01:00:25,653 INFO  server.RaftServerConfigKeys (ConfUtils.java:logGet(43)) - raft.server.log.segment.size.max = 1048576 (custom)
2019-07-14 01:00:25,654 INFO  server.RaftServerConfigKeys (ConfUtils.java:logGet(43)) - raft.server.log.preallocated.size = 16384 (custom)
2019-07-14 01:00:25,654 INFO  server.RaftServerConfigKeys (ConfUtils.java:logGet(43)) - raft.server.log.write.buffer.size = 33554432 (custom)
2019-07-14 01:00:25,654 INFO  server.RaftServerConfigKeys (ConfUtils.java:logGet(43)) - raft.server.log.force.sync.num = 128 (default)
2019-07-14 01:00:25,654 INFO  server.RaftServerConfigKeys (ConfUtils.java:logGet(43)) - raft.server.log.statemachine.data.sync = true (default)
2019-07-14 01:00:25,654 INFO  server.RaftServerConfigKeys (ConfUtils.java:logGet(43)) - raft.server.log.statemachine.data.sync.timeout = 10s (default)
2019-07-14 01:00:25,654 INFO  server.RaftServerConfigKeys (ConfUtils.java:logGet(43)) - raft.server.log.statemachine.data.sync.timeout.retry = -1 (default)
2019-07-14 01:00:25,655 INFO  server.RaftServerConfigKeys (ConfUtils.java:logGet(43)) - raft.server.log.statemachine.data.caching.enabled = true (custom)
2019-07-14 01:00:25,655 INFO  segmented.SegmentedRaftLogWorker (SegmentedRaftLogWorker.java:lambda$new$0(132)) - 31579158-a9e7-4c5e-ab80-b5e9b493ce46-SegmentedRaftLogWorker:Storage Directory /tmp/workdir/hadoop-ozone/integration-test/target/test-dir/MiniOzoneClusterImpl-59f4ffd4-c69e-43d5-9b99-59d04e6f6f19/datanode-3/data/ratis/1227fb18-8361-4ecb-b5fa-89bfb9c4f463: flushIndex: setUnconditionally 0 -> -1
2019-07-14 01:00:25,656 INFO  server.RaftServerConfigKeys (ConfUtils.java:logGet(43)) - raft.server.snapshot.auto.trigger.enabled = true (custom)
2019-07-14 01:00:25,656 INFO  server.RaftServerConfigKeys (ConfUtils.java:logGet(43)) - raft.server.snapshot.auto.trigger.threshold = 10000 (custom)
2019-07-14 01:00:25,656 INFO  server.RaftServerConfigKeys (ConfUtils.java:logGet(43)) - raft.server.retrycache.expirytime = 600000ms (custom)
2019-07-14 01:00:25,656 INFO  impl.RaftServerImpl (RaftServerImpl.java:start(180)) - 31579158-a9e7-4c5e-ab80-b5e9b493ce46: start group-89BFB9C4F463
2019-07-14 01:00:25,657 INFO  impl.RaftServerImpl (RaftServerImpl.java:setRole(171)) - 31579158-a9e7-4c5e-ab80-b5e9b493ce46:group-89BFB9C4F463 changes role from null to FOLLOWER at term 0 for startAsFollower
2019-07-14 01:00:25,657 INFO  impl.RoleInfo (RoleInfo.java:updateAndGet(143)) - 31579158-a9e7-4c5e-ab80-b5e9b493ce46: start FollowerState
2019-07-14 01:00:25,657 INFO  util.JmxRegister (JmxRegister.java:tryRegister(44)) - Successfully registered JMX Bean with object name Ratis:service=RaftServer,group=group-89BFB9C4F463,id=31579158-a9e7-4c5e-ab80-b5e9b493ce46
2019-07-14 01:00:25,674 INFO  pipeline.PipelineStateManager (PipelineStateManager.java:addPipeline(56)) - Created pipeline Pipeline[ Id: 1227fb18-8361-4ecb-b5fa-89bfb9c4f463, Nodes: 31579158-a9e7-4c5e-ab80-b5e9b493ce46{ip: 192.168.157.230, host: trunk-nightly-sxkq5-3320257302, networkLocation: /default-rack, certSerialId: null}, Type:RATIS, Factor:ONE, State:OPEN]
2019-07-14 01:00:25,693 INFO  impl.RaftServerProxy (RaftServerProxy.java:addNew(89)) - 59701a64-e707-4025-83ea-0a1d447aaf37: addNew group-3B39223CE2D8:[59701a64-e707-4025-83ea-0a1d447aaf37:192.168.157.230:36860] returns group-3B39223CE2D8:java.util.concurrent.CompletableFuture@3af47605[Not completed]
2019-07-14 01:00:25,695 INFO  impl.RaftServerImpl (RaftServerImpl.java:<init>(93)) - 59701a64-e707-4025-83ea-0a1d447aaf37: new RaftServerImpl for group-3B39223CE2D8:[59701a64-e707-4025-83ea-0a1d447aaf37:192.168.157.230:36860] with ContainerStateMachine:uninitialized
2019-07-14 01:00:25,695 INFO  server.RaftServerConfigKeys (ConfUtils.java:logGet(43)) - raft.server.rpc.timeout.min = 5s (custom)
2019-07-14 01:00:25,695 INFO  server.RaftServerConfigKeys (ConfUtils.java:logGet(43)) - raft.server.rpc.timeout.max = 5200ms (custom)
2019-07-14 01:00:25,696 INFO  server.RaftServerConfigKeys (ConfUtils.java:logGet(43)) - raft.server.rpcslowness.timeout = 120s (custom)
2019-07-14 01:00:25,696 INFO  server.RaftServerConfigKeys (ConfUtils.java:logGet(43)) - raft.server.sleep.deviation.threshold = 300 (default)
2019-07-14 01:00:25,696 INFO  server.RaftServerConfigKeys (ConfUtils.java:logGet(43)) - raft.server.log.appender.install.snapshot.enabled = false (custom)
2019-07-14 01:00:25,696 INFO  impl.RaftServerImpl (ServerState.java:<init>(105)) - 59701a64-e707-4025-83ea-0a1d447aaf37:group-3B39223CE2D8 ConfigurationManager, init=-1: [59701a64-e707-4025-83ea-0a1d447aaf37:192.168.157.230:36860], old=null, confs=<EMPTY_MAP>
2019-07-14 01:00:25,696 INFO  server.RaftServerConfigKeys (ConfUtils.java:logGet(43)) - raft.server.storage.dir = [/tmp/workdir/hadoop-ozone/integration-test/target/test-dir/MiniOzoneClusterImpl-59f4ffd4-c69e-43d5-9b99-59d04e6f6f19/datanode-6/data/ratis] (custom)
2019-07-14 01:00:25,697 INFO  storage.RaftStorageDirectory (RaftStorageDirectory.java:analyzeStorage(246)) - The storage directory /tmp/workdir/hadoop-ozone/integration-test/target/test-dir/MiniOzoneClusterImpl-59f4ffd4-c69e-43d5-9b99-59d04e6f6f19/datanode-6/data/ratis/a241bbc2-f285-4acb-b1ea-3b39223ce2d8 does not exist. Creating ...
2019-07-14 01:00:25,709 INFO  storage.RaftStorageDirectory (RaftStorageDirectory.java:tryLock(328)) - Lock on /tmp/workdir/hadoop-ozone/integration-test/target/test-dir/MiniOzoneClusterImpl-59f4ffd4-c69e-43d5-9b99-59d04e6f6f19/datanode-6/data/ratis/a241bbc2-f285-4acb-b1ea-3b39223ce2d8/in_use.lock acquired by nodename 26095@trunk-nightly-sxkq5-3320257302
2019-07-14 01:00:25,722 INFO  storage.RaftStorage (RaftStorage.java:format(72)) - Storage directory /tmp/workdir/hadoop-ozone/integration-test/target/test-dir/MiniOzoneClusterImpl-59f4ffd4-c69e-43d5-9b99-59d04e6f6f19/datanode-6/data/ratis/a241bbc2-f285-4acb-b1ea-3b39223ce2d8 has been successfully formatted.
2019-07-14 01:00:25,723 INFO  ratis.ContainerStateMachine (ContainerStateMachine.java:loadSnapshot(200)) - The snapshot info is null.Setting the last applied index to:(t:0, i:~)
2019-07-14 01:00:25,723 INFO  server.RaftServerConfigKeys (ConfUtils.java:logGet(43)) - raft.server.leader.election.timeout = 120s (custom)
2019-07-14 01:00:25,723 INFO  server.RaftServerConfigKeys (ConfUtils.java:logGet(43)) - raft.server.log.use.memory = false (default)
2019-07-14 01:00:25,723 INFO  server.RaftServerConfigKeys (ConfUtils.java:logGet(43)) - raft.server.log.purge.gap = 1000000000 (custom)
2019-07-14 01:00:25,724 INFO  server.RaftServerConfigKeys (ConfUtils.java:logGet(43)) - raft.server.log.appender.buffer.byte-limit = 33554432 (custom)
2019-07-14 01:00:25,724 INFO  server.RaftServerConfigKeys (ConfUtils.java:logGet(43)) - raft.server.log.segment.size.max = 1048576 (custom)
2019-07-14 01:00:25,724 INFO  server.RaftServerConfigKeys (ConfUtils.java:logGet(43)) - raft.server.log.segment.cache.num.max = 2 (custom)
2019-07-14 01:00:25,724 INFO  segmented.SegmentedRaftLogWorker (SegmentedRaftLogWorker.java:<init>(172)) - new 59701a64-e707-4025-83ea-0a1d447aaf37-SegmentedRaftLogWorker:Storage Directory /tmp/workdir/hadoop-ozone/integration-test/target/test-dir/MiniOzoneClusterImpl-59f4ffd4-c69e-43d5-9b99-59d04e6f6f19/datanode-6/data/ratis/a241bbc2-f285-4acb-b1ea-3b39223ce2d8 for RaftStorage:Storage Directory /tmp/workdir/hadoop-ozone/integration-test/target/test-dir/MiniOzoneClusterImpl-59f4ffd4-c69e-43d5-9b99-59d04e6f6f19/datanode-6/data/ratis/a241bbc2-f285-4acb-b1ea-3b39223ce2d8
2019-07-14 01:00:25,724 INFO  server.RaftServerConfigKeys (ConfUtils.java:logGet(43)) - raft.server.log.queue.byte-limit = 2147483647 (custom)
2019-07-14 01:00:25,724 INFO  server.RaftServerConfigKeys (ConfUtils.java:logGet(43)) - raft.server.log.queue.element-limit = 1024 (custom)
2019-07-14 01:00:25,725 INFO  server.RaftServerConfigKeys (ConfUtils.java:logGet(43)) - raft.server.log.segment.size.max = 1048576 (custom)
2019-07-14 01:00:25,725 INFO  server.RaftServerConfigKeys (ConfUtils.java:logGet(43)) - raft.server.log.preallocated.size = 16384 (custom)
2019-07-14 01:00:25,725 INFO  server.RaftServerConfigKeys (ConfUtils.java:logGet(43)) - raft.server.log.write.buffer.size = 33554432 (custom)
2019-07-14 01:00:25,725 INFO  server.RaftServerConfigKeys (ConfUtils.java:logGet(43)) - raft.server.log.force.sync.num = 128 (default)
2019-07-14 01:00:25,725 INFO  server.RaftServerConfigKeys (ConfUtils.java:logGet(43)) - raft.server.log.statemachine.data.sync = true (default)
2019-07-14 01:00:25,726 INFO  server.RaftServerConfigKeys (ConfUtils.java:logGet(43)) - raft.server.log.statemachine.data.sync.timeout = 10s (default)
2019-07-14 01:00:25,726 INFO  server.RaftServerConfigKeys (ConfUtils.java:logGet(43)) - raft.server.log.statemachine.data.sync.timeout.retry = -1 (default)
2019-07-14 01:00:25,726 INFO  server.RaftServerConfigKeys (ConfUtils.java:logGet(43)) - raft.server.log.statemachine.data.caching.enabled = true (custom)
2019-07-14 01:00:25,727 INFO  segmented.SegmentedRaftLogWorker (SegmentedRaftLogWorker.java:lambda$new$0(132)) - 59701a64-e707-4025-83ea-0a1d447aaf37-SegmentedRaftLogWorker:Storage Directory /tmp/workdir/hadoop-ozone/integration-test/target/test-dir/MiniOzoneClusterImpl-59f4ffd4-c69e-43d5-9b99-59d04e6f6f19/datanode-6/data/ratis/a241bbc2-f285-4acb-b1ea-3b39223ce2d8: flushIndex: setUnconditionally 0 -> -1
2019-07-14 01:00:25,727 INFO  server.RaftServerConfigKeys (ConfUtils.java:logGet(43)) - raft.server.snapshot.auto.trigger.enabled = true (custom)
2019-07-14 01:00:25,727 INFO  server.RaftServerConfigKeys (ConfUtils.java:logGet(43)) - raft.server.snapshot.auto.trigger.threshold = 10000 (custom)
2019-07-14 01:00:25,728 INFO  server.RaftServerConfigKeys (ConfUtils.java:logGet(43)) - raft.server.retrycache.expirytime = 600000ms (custom)
2019-07-14 01:00:25,728 INFO  impl.RaftServerImpl (RaftServerImpl.java:start(180)) - 59701a64-e707-4025-83ea-0a1d447aaf37: start group-3B39223CE2D8
2019-07-14 01:00:25,728 INFO  impl.RaftServerImpl (RaftServerImpl.java:setRole(171)) - 59701a64-e707-4025-83ea-0a1d447aaf37:group-3B39223CE2D8 changes role from null to FOLLOWER at term 0 for startAsFollower
2019-07-14 01:00:25,728 INFO  impl.RoleInfo (RoleInfo.java:updateAndGet(143)) - 59701a64-e707-4025-83ea-0a1d447aaf37: start FollowerState
2019-07-14 01:00:25,729 INFO  util.JmxRegister (JmxRegister.java:tryRegister(44)) - Successfully registered JMX Bean with object name Ratis:service=RaftServer,group=group-3B39223CE2D8,id=59701a64-e707-4025-83ea-0a1d447aaf37
2019-07-14 01:00:25,749 INFO  pipeline.PipelineStateManager (PipelineStateManager.java:addPipeline(56)) - Created pipeline Pipeline[ Id: a241bbc2-f285-4acb-b1ea-3b39223ce2d8, Nodes: 59701a64-e707-4025-83ea-0a1d447aaf37{ip: 192.168.157.230, host: trunk-nightly-sxkq5-3320257302, networkLocation: /default-rack, certSerialId: null}, Type:RATIS, Factor:ONE, State:OPEN]
2019-07-14 01:00:25,788 INFO  impl.RaftServerProxy (RaftServerProxy.java:addNew(89)) - 43106e18-f800-4739-9e92-86e3ea2db31d: addNew group-52FC3FABB2D3:[43106e18-f800-4739-9e92-86e3ea2db31d:192.168.157.230:43279, 0418bd44-dbfd-4b9b-b879-c018f273057c:192.168.157.230:43651, cd5bc3ce-e3c6-46eb-9d59-d6d2ed0e9ffd:192.168.157.230:37487] returns group-52FC3FABB2D3:java.util.concurrent.CompletableFuture@56dbad3e[Not completed]
2019-07-14 01:00:25,789 INFO  impl.RaftServerProxy (RaftServerProxy.java:addNew(89)) - cd5bc3ce-e3c6-46eb-9d59-d6d2ed0e9ffd: addNew group-52FC3FABB2D3:[43106e18-f800-4739-9e92-86e3ea2db31d:192.168.157.230:43279, 0418bd44-dbfd-4b9b-b879-c018f273057c:192.168.157.230:43651, cd5bc3ce-e3c6-46eb-9d59-d6d2ed0e9ffd:192.168.157.230:37487] returns group-52FC3FABB2D3:java.util.concurrent.CompletableFuture@31d68cb9[Not completed]
2019-07-14 01:00:25,790 INFO  impl.RaftServerImpl (RaftServerImpl.java:<init>(93)) - 43106e18-f800-4739-9e92-86e3ea2db31d: new RaftServerImpl for group-52FC3FABB2D3:[43106e18-f800-4739-9e92-86e3ea2db31d:192.168.157.230:43279, 0418bd44-dbfd-4b9b-b879-c018f273057c:192.168.157.230:43651, cd5bc3ce-e3c6-46eb-9d59-d6d2ed0e9ffd:192.168.157.230:37487] with ContainerStateMachine:uninitialized
2019-07-14 01:00:25,790 INFO  server.RaftServerConfigKeys (ConfUtils.java:logGet(43)) - raft.server.rpc.timeout.min = 5s (custom)
2019-07-14 01:00:25,790 INFO  server.RaftServerConfigKeys (ConfUtils.java:logGet(43)) - raft.server.rpc.timeout.max = 5200ms (custom)
2019-07-14 01:00:25,790 INFO  server.RaftServerConfigKeys (ConfUtils.java:logGet(43)) - raft.server.rpcslowness.timeout = 120s (custom)
2019-07-14 01:00:25,791 INFO  server.RaftServerConfigKeys (ConfUtils.java:logGet(43)) - raft.server.sleep.deviation.threshold = 300 (default)
2019-07-14 01:00:25,791 INFO  server.RaftServerConfigKeys (ConfUtils.java:logGet(43)) - raft.server.log.appender.install.snapshot.enabled = false (custom)
2019-07-14 01:00:25,791 INFO  impl.RaftServerImpl (ServerState.java:<init>(105)) - 43106e18-f800-4739-9e92-86e3ea2db31d:group-52FC3FABB2D3 ConfigurationManager, init=-1: [43106e18-f800-4739-9e92-86e3ea2db31d:192.168.157.230:43279, 0418bd44-dbfd-4b9b-b879-c018f273057c:192.168.157.230:43651, cd5bc3ce-e3c6-46eb-9d59-d6d2ed0e9ffd:192.168.157.230:37487], old=null, confs=<EMPTY_MAP>
2019-07-14 01:00:25,791 INFO  impl.RaftServerImpl (RaftServerImpl.java:<init>(93)) - cd5bc3ce-e3c6-46eb-9d59-d6d2ed0e9ffd: new RaftServerImpl for group-52FC3FABB2D3:[43106e18-f800-4739-9e92-86e3ea2db31d:192.168.157.230:43279, 0418bd44-dbfd-4b9b-b879-c018f273057c:192.168.157.230:43651, cd5bc3ce-e3c6-46eb-9d59-d6d2ed0e9ffd:192.168.157.230:37487] with ContainerStateMachine:uninitialized
2019-07-14 01:00:25,791 INFO  server.RaftServerConfigKeys (ConfUtils.java:logGet(43)) - raft.server.storage.dir = [/tmp/workdir/hadoop-ozone/integration-test/target/test-dir/MiniOzoneClusterImpl-59f4ffd4-c69e-43d5-9b99-59d04e6f6f19/datanode-1/data/ratis] (custom)
2019-07-14 01:00:25,791 INFO  server.RaftServerConfigKeys (ConfUtils.java:logGet(43)) - raft.server.rpc.timeout.min = 5s (custom)
2019-07-14 01:00:25,793 INFO  server.RaftServerConfigKeys (ConfUtils.java:logGet(43)) - raft.server.rpc.timeout.max = 5200ms (custom)
2019-07-14 01:00:25,793 INFO  server.RaftServerConfigKeys (ConfUtils.java:logGet(43)) - raft.server.rpcslowness.timeout = 120s (custom)
2019-07-14 01:00:25,793 INFO  storage.RaftStorageDirectory (RaftStorageDirectory.java:analyzeStorage(246)) - The storage directory /tmp/workdir/hadoop-ozone/integration-test/target/test-dir/MiniOzoneClusterImpl-59f4ffd4-c69e-43d5-9b99-59d04e6f6f19/datanode-1/data/ratis/fda95dbc-02ea-40ec-9f11-52fc3fabb2d3 does not exist. Creating ...
2019-07-14 01:00:25,793 INFO  impl.RaftServerProxy (RaftServerProxy.java:addNew(89)) - 0418bd44-dbfd-4b9b-b879-c018f273057c: addNew group-52FC3FABB2D3:[43106e18-f800-4739-9e92-86e3ea2db31d:192.168.157.230:43279, 0418bd44-dbfd-4b9b-b879-c018f273057c:192.168.157.230:43651, cd5bc3ce-e3c6-46eb-9d59-d6d2ed0e9ffd:192.168.157.230:37487] returns group-52FC3FABB2D3:java.util.concurrent.CompletableFuture@74d404e7[Not completed]
2019-07-14 01:00:25,793 INFO  server.RaftServerConfigKeys (ConfUtils.java:logGet(43)) - raft.server.sleep.deviation.threshold = 300 (default)
2019-07-14 01:00:25,794 INFO  server.RaftServerConfigKeys (ConfUtils.java:logGet(43)) - raft.server.log.appender.install.snapshot.enabled = false (custom)
2019-07-14 01:00:25,794 INFO  impl.RaftServerImpl (ServerState.java:<init>(105)) - cd5bc3ce-e3c6-46eb-9d59-d6d2ed0e9ffd:group-52FC3FABB2D3 ConfigurationManager, init=-1: [43106e18-f800-4739-9e92-86e3ea2db31d:192.168.157.230:43279, 0418bd44-dbfd-4b9b-b879-c018f273057c:192.168.157.230:43651, cd5bc3ce-e3c6-46eb-9d59-d6d2ed0e9ffd:192.168.157.230:37487], old=null, confs=<EMPTY_MAP>
2019-07-14 01:00:25,794 INFO  server.RaftServerConfigKeys (ConfUtils.java:logGet(43)) - raft.server.storage.dir = [/tmp/workdir/hadoop-ozone/integration-test/target/test-dir/MiniOzoneClusterImpl-59f4ffd4-c69e-43d5-9b99-59d04e6f6f19/datanode-4/data/ratis] (custom)
2019-07-14 01:00:25,795 INFO  storage.RaftStorageDirectory (RaftStorageDirectory.java:analyzeStorage(246)) - The storage directory /tmp/workdir/hadoop-ozone/integration-test/target/test-dir/MiniOzoneClusterImpl-59f4ffd4-c69e-43d5-9b99-59d04e6f6f19/datanode-4/data/ratis/fda95dbc-02ea-40ec-9f11-52fc3fabb2d3 does not exist. Creating ...
2019-07-14 01:00:25,796 INFO  impl.RaftServerImpl (RaftServerImpl.java:<init>(93)) - 0418bd44-dbfd-4b9b-b879-c018f273057c: new RaftServerImpl for group-52FC3FABB2D3:[43106e18-f800-4739-9e92-86e3ea2db31d:192.168.157.230:43279, 0418bd44-dbfd-4b9b-b879-c018f273057c:192.168.157.230:43651, cd5bc3ce-e3c6-46eb-9d59-d6d2ed0e9ffd:192.168.157.230:37487] with ContainerStateMachine:uninitialized
2019-07-14 01:00:25,796 INFO  server.RaftServerConfigKeys (ConfUtils.java:logGet(43)) - raft.server.rpc.timeout.min = 5s (custom)
2019-07-14 01:00:25,796 INFO  server.RaftServerConfigKeys (ConfUtils.java:logGet(43)) - raft.server.rpc.timeout.max = 5200ms (custom)
2019-07-14 01:00:25,796 INFO  server.RaftServerConfigKeys (ConfUtils.java:logGet(43)) - raft.server.rpcslowness.timeout = 120s (custom)
2019-07-14 01:00:25,796 INFO  server.RaftServerConfigKeys (ConfUtils.java:logGet(43)) - raft.server.sleep.deviation.threshold = 300 (default)
2019-07-14 01:00:25,797 INFO  server.RaftServerConfigKeys (ConfUtils.java:logGet(43)) - raft.server.log.appender.install.snapshot.enabled = false (custom)
2019-07-14 01:00:25,797 INFO  impl.RaftServerImpl (ServerState.java:<init>(105)) - 0418bd44-dbfd-4b9b-b879-c018f273057c:group-52FC3FABB2D3 ConfigurationManager, init=-1: [43106e18-f800-4739-9e92-86e3ea2db31d:192.168.157.230:43279, 0418bd44-dbfd-4b9b-b879-c018f273057c:192.168.157.230:43651, cd5bc3ce-e3c6-46eb-9d59-d6d2ed0e9ffd:192.168.157.230:37487], old=null, confs=<EMPTY_MAP>
2019-07-14 01:00:25,797 INFO  server.RaftServerConfigKeys (ConfUtils.java:logGet(43)) - raft.server.storage.dir = [/tmp/workdir/hadoop-ozone/integration-test/target/test-dir/MiniOzoneClusterImpl-59f4ffd4-c69e-43d5-9b99-59d04e6f6f19/datanode-0/data/ratis] (custom)
2019-07-14 01:00:25,798 INFO  storage.RaftStorageDirectory (RaftStorageDirectory.java:analyzeStorage(246)) - The storage directory /tmp/workdir/hadoop-ozone/integration-test/target/test-dir/MiniOzoneClusterImpl-59f4ffd4-c69e-43d5-9b99-59d04e6f6f19/datanode-0/data/ratis/fda95dbc-02ea-40ec-9f11-52fc3fabb2d3 does not exist. Creating ...
2019-07-14 01:00:25,807 INFO  storage.RaftStorageDirectory (RaftStorageDirectory.java:tryLock(328)) - Lock on /tmp/workdir/hadoop-ozone/integration-test/target/test-dir/MiniOzoneClusterImpl-59f4ffd4-c69e-43d5-9b99-59d04e6f6f19/datanode-0/data/ratis/fda95dbc-02ea-40ec-9f11-52fc3fabb2d3/in_use.lock acquired by nodename 26095@trunk-nightly-sxkq5-3320257302
2019-07-14 01:00:25,807 INFO  storage.RaftStorageDirectory (RaftStorageDirectory.java:tryLock(328)) - Lock on /tmp/workdir/hadoop-ozone/integration-test/target/test-dir/MiniOzoneClusterImpl-59f4ffd4-c69e-43d5-9b99-59d04e6f6f19/datanode-4/data/ratis/fda95dbc-02ea-40ec-9f11-52fc3fabb2d3/in_use.lock acquired by nodename 26095@trunk-nightly-sxkq5-3320257302
2019-07-14 01:00:25,807 INFO  storage.RaftStorageDirectory (RaftStorageDirectory.java:tryLock(328)) - Lock on /tmp/workdir/hadoop-ozone/integration-test/target/test-dir/MiniOzoneClusterImpl-59f4ffd4-c69e-43d5-9b99-59d04e6f6f19/datanode-1/data/ratis/fda95dbc-02ea-40ec-9f11-52fc3fabb2d3/in_use.lock acquired by nodename 26095@trunk-nightly-sxkq5-3320257302
2019-07-14 01:00:25,822 INFO  storage.RaftStorage (RaftStorage.java:format(72)) - Storage directory /tmp/workdir/hadoop-ozone/integration-test/target/test-dir/MiniOzoneClusterImpl-59f4ffd4-c69e-43d5-9b99-59d04e6f6f19/datanode-1/data/ratis/fda95dbc-02ea-40ec-9f11-52fc3fabb2d3 has been successfully formatted.
2019-07-14 01:00:25,822 INFO  storage.RaftStorage (RaftStorage.java:format(72)) - Storage directory /tmp/workdir/hadoop-ozone/integration-test/target/test-dir/MiniOzoneClusterImpl-59f4ffd4-c69e-43d5-9b99-59d04e6f6f19/datanode-0/data/ratis/fda95dbc-02ea-40ec-9f11-52fc3fabb2d3 has been successfully formatted.
2019-07-14 01:00:25,822 INFO  storage.RaftStorage (RaftStorage.java:format(72)) - Storage directory /tmp/workdir/hadoop-ozone/integration-test/target/test-dir/MiniOzoneClusterImpl-59f4ffd4-c69e-43d5-9b99-59d04e6f6f19/datanode-4/data/ratis/fda95dbc-02ea-40ec-9f11-52fc3fabb2d3 has been successfully formatted.
2019-07-14 01:00:25,822 INFO  ratis.ContainerStateMachine (ContainerStateMachine.java:loadSnapshot(200)) - The snapshot info is null.Setting the last applied index to:(t:0, i:~)
2019-07-14 01:00:25,822 INFO  ratis.ContainerStateMachine (ContainerStateMachine.java:loadSnapshot(200)) - The snapshot info is null.Setting the last applied index to:(t:0, i:~)
2019-07-14 01:00:25,822 INFO  ratis.ContainerStateMachine (ContainerStateMachine.java:loadSnapshot(200)) - The snapshot info is null.Setting the last applied index to:(t:0, i:~)
2019-07-14 01:00:25,823 INFO  server.RaftServerConfigKeys (ConfUtils.java:logGet(43)) - raft.server.leader.election.timeout = 120s (custom)
2019-07-14 01:00:25,823 INFO  server.RaftServerConfigKeys (ConfUtils.java:logGet(43)) - raft.server.leader.election.timeout = 120s (custom)
2019-07-14 01:00:25,823 INFO  server.RaftServerConfigKeys (ConfUtils.java:logGet(43)) - raft.server.leader.election.timeout = 120s (custom)
2019-07-14 01:00:25,823 INFO  server.RaftServerConfigKeys (ConfUtils.java:logGet(43)) - raft.server.log.use.memory = false (default)
2019-07-14 01:00:25,823 INFO  server.RaftServerConfigKeys (ConfUtils.java:logGet(43)) - raft.server.log.use.memory = false (default)
2019-07-14 01:00:25,823 INFO  server.RaftServerConfigKeys (ConfUtils.java:logGet(43)) - raft.server.log.purge.gap = 1000000000 (custom)
2019-07-14 01:00:25,823 INFO  server.RaftServerConfigKeys (ConfUtils.java:logGet(43)) - raft.server.log.use.memory = false (default)
2019-07-14 01:00:25,824 INFO  server.RaftServerConfigKeys (ConfUtils.java:logGet(43)) - raft.server.log.appender.buffer.byte-limit = 33554432 (custom)
2019-07-14 01:00:25,824 INFO  server.RaftServerConfigKeys (ConfUtils.java:logGet(43)) - raft.server.log.purge.gap = 1000000000 (custom)
2019-07-14 01:00:25,824 INFO  server.RaftServerConfigKeys (ConfUtils.java:logGet(43)) - raft.server.log.segment.size.max = 1048576 (custom)
2019-07-14 01:00:25,824 INFO  server.RaftServerConfigKeys (ConfUtils.java:logGet(43)) - raft.server.log.purge.gap = 1000000000 (custom)
2019-07-14 01:00:25,824 INFO  server.RaftServerConfigKeys (ConfUtils.java:logGet(43)) - raft.server.log.segment.cache.num.max = 2 (custom)
2019-07-14 01:00:25,824 INFO  server.RaftServerConfigKeys (ConfUtils.java:logGet(43)) - raft.server.log.appender.buffer.byte-limit = 33554432 (custom)
2019-07-14 01:00:25,825 INFO  segmented.SegmentedRaftLogWorker (SegmentedRaftLogWorker.java:<init>(172)) - new cd5bc3ce-e3c6-46eb-9d59-d6d2ed0e9ffd-SegmentedRaftLogWorker:Storage Directory /tmp/workdir/hadoop-ozone/integration-test/target/test-dir/MiniOzoneClusterImpl-59f4ffd4-c69e-43d5-9b99-59d04e6f6f19/datanode-4/data/ratis/fda95dbc-02ea-40ec-9f11-52fc3fabb2d3 for RaftStorage:Storage Directory /tmp/workdir/hadoop-ozone/integration-test/target/test-dir/MiniOzoneClusterImpl-59f4ffd4-c69e-43d5-9b99-59d04e6f6f19/datanode-4/data/ratis/fda95dbc-02ea-40ec-9f11-52fc3fabb2d3
2019-07-14 01:00:25,825 INFO  server.RaftServerConfigKeys (ConfUtils.java:logGet(43)) - raft.server.log.appender.buffer.byte-limit = 33554432 (custom)
2019-07-14 01:00:25,825 INFO  server.RaftServerConfigKeys (ConfUtils.java:logGet(43)) - raft.server.log.queue.byte-limit = 2147483647 (custom)
2019-07-14 01:00:25,825 INFO  server.RaftServerConfigKeys (ConfUtils.java:logGet(43)) - raft.server.log.segment.size.max = 1048576 (custom)
2019-07-14 01:00:25,827 INFO  server.RaftServerConfigKeys (ConfUtils.java:logGet(43)) - raft.server.log.queue.element-limit = 1024 (custom)
2019-07-14 01:00:25,825 INFO  server.RaftServerConfigKeys (ConfUtils.java:logGet(43)) - raft.server.log.segment.size.max = 1048576 (custom)
2019-07-14 01:00:25,828 INFO  server.RaftServerConfigKeys (ConfUtils.java:logGet(43)) - raft.server.log.segment.size.max = 1048576 (custom)
2019-07-14 01:00:25,828 INFO  server.RaftServerConfigKeys (ConfUtils.java:logGet(43)) - raft.server.log.segment.cache.num.max = 2 (custom)
2019-07-14 01:00:25,828 INFO  server.RaftServerConfigKeys (ConfUtils.java:logGet(43)) - raft.server.log.preallocated.size = 16384 (custom)
2019-07-14 01:00:25,828 INFO  server.RaftServerConfigKeys (ConfUtils.java:logGet(43)) - raft.server.log.segment.cache.num.max = 2 (custom)
2019-07-14 01:00:25,829 INFO  server.RaftServerConfigKeys (ConfUtils.java:logGet(43)) - raft.server.log.write.buffer.size = 33554432 (custom)
2019-07-14 01:00:25,828 INFO  segmented.SegmentedRaftLogWorker (SegmentedRaftLogWorker.java:<init>(172)) - new 43106e18-f800-4739-9e92-86e3ea2db31d-SegmentedRaftLogWorker:Storage Directory /tmp/workdir/hadoop-ozone/integration-test/target/test-dir/MiniOzoneClusterImpl-59f4ffd4-c69e-43d5-9b99-59d04e6f6f19/datanode-1/data/ratis/fda95dbc-02ea-40ec-9f11-52fc3fabb2d3 for RaftStorage:Storage Directory /tmp/workdir/hadoop-ozone/integration-test/target/test-dir/MiniOzoneClusterImpl-59f4ffd4-c69e-43d5-9b99-59d04e6f6f19/datanode-1/data/ratis/fda95dbc-02ea-40ec-9f11-52fc3fabb2d3
2019-07-14 01:00:25,829 INFO  server.RaftServerConfigKeys (ConfUtils.java:logGet(43)) - raft.server.log.force.sync.num = 128 (default)
2019-07-14 01:00:25,829 INFO  segmented.SegmentedRaftLogWorker (SegmentedRaftLogWorker.java:<init>(172)) - new 0418bd44-dbfd-4b9b-b879-c018f273057c-SegmentedRaftLogWorker:Storage Directory /tmp/workdir/hadoop-ozone/integration-test/target/test-dir/MiniOzoneClusterImpl-59f4ffd4-c69e-43d5-9b99-59d04e6f6f19/datanode-0/data/ratis/fda95dbc-02ea-40ec-9f11-52fc3fabb2d3 for RaftStorage:Storage Directory /tmp/workdir/hadoop-ozone/integration-test/target/test-dir/MiniOzoneClusterImpl-59f4ffd4-c69e-43d5-9b99-59d04e6f6f19/datanode-0/data/ratis/fda95dbc-02ea-40ec-9f11-52fc3fabb2d3
2019-07-14 01:00:25,829 INFO  server.RaftServerConfigKeys (ConfUtils.java:logGet(43)) - raft.server.log.statemachine.data.sync = true (default)
2019-07-14 01:00:25,829 INFO  server.RaftServerConfigKeys (ConfUtils.java:logGet(43)) - raft.server.log.queue.byte-limit = 2147483647 (custom)
2019-07-14 01:00:25,833 INFO  server.RaftServerConfigKeys (ConfUtils.java:logGet(43)) - raft.server.log.statemachine.data.sync.timeout = 10s (default)
2019-07-14 01:00:25,831 INFO  server.RaftServerConfigKeys (ConfUtils.java:logGet(43)) - raft.server.log.queue.byte-limit = 2147483647 (custom)
2019-07-14 01:00:25,834 INFO  server.RaftServerConfigKeys (ConfUtils.java:logGet(43)) - raft.server.log.statemachine.data.sync.timeout.retry = -1 (default)
2019-07-14 01:00:25,833 INFO  server.RaftServerConfigKeys (ConfUtils.java:logGet(43)) - raft.server.log.queue.element-limit = 1024 (custom)
2019-07-14 01:00:25,834 INFO  server.RaftServerConfigKeys (ConfUtils.java:logGet(43)) - raft.server.log.statemachine.data.caching.enabled = true (custom)
2019-07-14 01:00:25,834 INFO  server.RaftServerConfigKeys (ConfUtils.java:logGet(43)) - raft.server.log.queue.element-limit = 1024 (custom)
2019-07-14 01:00:25,834 INFO  server.RaftServerConfigKeys (ConfUtils.java:logGet(43)) - raft.server.log.segment.size.max = 1048576 (custom)
2019-07-14 01:00:25,835 INFO  server.RaftServerConfigKeys (ConfUtils.java:logGet(43)) - raft.server.log.segment.size.max = 1048576 (custom)
2019-07-14 01:00:25,835 INFO  segmented.SegmentedRaftLogWorker (SegmentedRaftLogWorker.java:lambda$new$0(132)) - cd5bc3ce-e3c6-46eb-9d59-d6d2ed0e9ffd-SegmentedRaftLogWorker:Storage Directory /tmp/workdir/hadoop-ozone/integration-test/target/test-dir/MiniOzoneClusterImpl-59f4ffd4-c69e-43d5-9b99-59d04e6f6f19/datanode-4/data/ratis/fda95dbc-02ea-40ec-9f11-52fc3fabb2d3: flushIndex: setUnconditionally 0 -> -1
2019-07-14 01:00:25,835 INFO  server.RaftServerConfigKeys (ConfUtils.java:logGet(43)) - raft.server.log.preallocated.size = 16384 (custom)
2019-07-14 01:00:25,835 INFO  server.RaftServerConfigKeys (ConfUtils.java:logGet(43)) - raft.server.log.preallocated.size = 16384 (custom)
2019-07-14 01:00:25,835 INFO  server.RaftServerConfigKeys (ConfUtils.java:logGet(43)) - raft.server.snapshot.auto.trigger.enabled = true (custom)
2019-07-14 01:00:25,835 INFO  server.RaftServerConfigKeys (ConfUtils.java:logGet(43)) - raft.server.log.write.buffer.size = 33554432 (custom)
2019-07-14 01:00:25,836 INFO  server.RaftServerConfigKeys (ConfUtils.java:logGet(43)) - raft.server.snapshot.auto.trigger.threshold = 10000 (custom)
2019-07-14 01:00:25,836 INFO  server.RaftServerConfigKeys (ConfUtils.java:logGet(43)) - raft.server.log.write.buffer.size = 33554432 (custom)
2019-07-14 01:00:25,836 INFO  server.RaftServerConfigKeys (ConfUtils.java:logGet(43)) - raft.server.log.force.sync.num = 128 (default)
2019-07-14 01:00:25,836 INFO  server.RaftServerConfigKeys (ConfUtils.java:logGet(43)) - raft.server.retrycache.expirytime = 600000ms (custom)
2019-07-14 01:00:25,836 INFO  server.RaftServerConfigKeys (ConfUtils.java:logGet(43)) - raft.server.log.force.sync.num = 128 (default)
2019-07-14 01:00:25,837 INFO  impl.RaftServerImpl (RaftServerImpl.java:start(180)) - cd5bc3ce-e3c6-46eb-9d59-d6d2ed0e9ffd: start group-52FC3FABB2D3
2019-07-14 01:00:25,836 INFO  server.RaftServerConfigKeys (ConfUtils.java:logGet(43)) - raft.server.log.statemachine.data.sync = true (default)
2019-07-14 01:00:25,837 INFO  impl.RaftServerImpl (RaftServerImpl.java:setRole(171)) - cd5bc3ce-e3c6-46eb-9d59-d6d2ed0e9ffd:group-52FC3FABB2D3 changes role from null to FOLLOWER at term 0 for startAsFollower
2019-07-14 01:00:25,837 INFO  server.RaftServerConfigKeys (ConfUtils.java:logGet(43)) - raft.server.log.statemachine.data.sync = true (default)
2019-07-14 01:00:25,837 INFO  impl.RoleInfo (RoleInfo.java:updateAndGet(143)) - cd5bc3ce-e3c6-46eb-9d59-d6d2ed0e9ffd: start FollowerState
2019-07-14 01:00:25,837 INFO  server.RaftServerConfigKeys (ConfUtils.java:logGet(43)) - raft.server.log.statemachine.data.sync.timeout = 10s (default)
2019-07-14 01:00:25,838 INFO  server.RaftServerConfigKeys (ConfUtils.java:logGet(43)) - raft.server.log.statemachine.data.sync.timeout = 10s (default)
2019-07-14 01:00:25,838 INFO  util.JmxRegister (JmxRegister.java:tryRegister(44)) - Successfully registered JMX Bean with object name Ratis:service=RaftServer,group=group-52FC3FABB2D3,id=cd5bc3ce-e3c6-46eb-9d59-d6d2ed0e9ffd
2019-07-14 01:00:25,838 INFO  server.RaftServerConfigKeys (ConfUtils.java:logGet(43)) - raft.server.log.statemachine.data.sync.timeout.retry = -1 (default)
2019-07-14 01:00:25,838 INFO  server.RaftServerConfigKeys (ConfUtils.java:logGet(43)) - raft.server.log.statemachine.data.sync.timeout.retry = -1 (default)
2019-07-14 01:00:25,839 INFO  server.RaftServerConfigKeys (ConfUtils.java:logGet(43)) - raft.server.log.statemachine.data.caching.enabled = true (custom)
2019-07-14 01:00:25,839 INFO  server.RaftServerConfigKeys (ConfUtils.java:logGet(43)) - raft.server.log.statemachine.data.caching.enabled = true (custom)
2019-07-14 01:00:25,839 INFO  segmented.SegmentedRaftLogWorker (SegmentedRaftLogWorker.java:lambda$new$0(132)) - 0418bd44-dbfd-4b9b-b879-c018f273057c-SegmentedRaftLogWorker:Storage Directory /tmp/workdir/hadoop-ozone/integration-test/target/test-dir/MiniOzoneClusterImpl-59f4ffd4-c69e-43d5-9b99-59d04e6f6f19/datanode-0/data/ratis/fda95dbc-02ea-40ec-9f11-52fc3fabb2d3: flushIndex: setUnconditionally 0 -> -1
2019-07-14 01:00:25,839 INFO  segmented.SegmentedRaftLogWorker (SegmentedRaftLogWorker.java:lambda$new$0(132)) - 43106e18-f800-4739-9e92-86e3ea2db31d-SegmentedRaftLogWorker:Storage Directory /tmp/workdir/hadoop-ozone/integration-test/target/test-dir/MiniOzoneClusterImpl-59f4ffd4-c69e-43d5-9b99-59d04e6f6f19/datanode-1/data/ratis/fda95dbc-02ea-40ec-9f11-52fc3fabb2d3: flushIndex: setUnconditionally 0 -> -1
2019-07-14 01:00:25,840 INFO  server.RaftServerConfigKeys (ConfUtils.java:logGet(43)) - raft.server.snapshot.auto.trigger.enabled = true (custom)
2019-07-14 01:00:25,840 INFO  server.RaftServerConfigKeys (ConfUtils.java:logGet(43)) - raft.server.snapshot.auto.trigger.threshold = 10000 (custom)
2019-07-14 01:00:25,840 INFO  server.RaftServerConfigKeys (ConfUtils.java:logGet(43)) - raft.server.snapshot.auto.trigger.enabled = true (custom)
2019-07-14 01:00:25,840 INFO  server.RaftServerConfigKeys (ConfUtils.java:logGet(43)) - raft.server.retrycache.expirytime = 600000ms (custom)
2019-07-14 01:00:25,840 INFO  server.RaftServerConfigKeys (ConfUtils.java:logGet(43)) - raft.server.snapshot.auto.trigger.threshold = 10000 (custom)
2019-07-14 01:00:25,840 INFO  impl.RaftServerImpl (RaftServerImpl.java:start(180)) - 0418bd44-dbfd-4b9b-b879-c018f273057c: start group-52FC3FABB2D3
2019-07-14 01:00:25,841 INFO  server.RaftServerConfigKeys (ConfUtils.java:logGet(43)) - raft.server.retrycache.expirytime = 600000ms (custom)
2019-07-14 01:00:25,841 INFO  impl.RaftServerImpl (RaftServerImpl.java:setRole(171)) - 0418bd44-dbfd-4b9b-b879-c018f273057c:group-52FC3FABB2D3 changes role from null to FOLLOWER at term 0 for startAsFollower
2019-07-14 01:00:25,841 INFO  impl.RaftServerImpl (RaftServerImpl.java:start(180)) - 43106e18-f800-4739-9e92-86e3ea2db31d: start group-52FC3FABB2D3
2019-07-14 01:00:25,841 INFO  impl.RoleInfo (RoleInfo.java:updateAndGet(143)) - 0418bd44-dbfd-4b9b-b879-c018f273057c: start FollowerState
2019-07-14 01:00:25,841 INFO  impl.RaftServerImpl (RaftServerImpl.java:setRole(171)) - 43106e18-f800-4739-9e92-86e3ea2db31d:group-52FC3FABB2D3 changes role from null to FOLLOWER at term 0 for startAsFollower
2019-07-14 01:00:25,845 INFO  impl.RoleInfo (RoleInfo.java:updateAndGet(143)) - 43106e18-f800-4739-9e92-86e3ea2db31d: start FollowerState
2019-07-14 01:00:25,845 INFO  util.JmxRegister (JmxRegister.java:tryRegister(44)) - Successfully registered JMX Bean with object name Ratis:service=RaftServer,group=group-52FC3FABB2D3,id=0418bd44-dbfd-4b9b-b879-c018f273057c
2019-07-14 01:00:25,846 INFO  util.JmxRegister (JmxRegister.java:tryRegister(44)) - Successfully registered JMX Bean with object name Ratis:service=RaftServer,group=group-52FC3FABB2D3,id=43106e18-f800-4739-9e92-86e3ea2db31d
2019-07-14 01:00:25,868 INFO  pipeline.PipelineStateManager (PipelineStateManager.java:addPipeline(56)) - Created pipeline Pipeline[ Id: fda95dbc-02ea-40ec-9f11-52fc3fabb2d3, Nodes: 43106e18-f800-4739-9e92-86e3ea2db31d{ip: 192.168.157.230, host: trunk-nightly-sxkq5-3320257302, networkLocation: /default-rack, certSerialId: null}cd5bc3ce-e3c6-46eb-9d59-d6d2ed0e9ffd{ip: 192.168.157.230, host: trunk-nightly-sxkq5-3320257302, networkLocation: /default-rack, certSerialId: null}0418bd44-dbfd-4b9b-b879-c018f273057c{ip: 192.168.157.230, host: trunk-nightly-sxkq5-3320257302, networkLocation: /default-rack, certSerialId: null}, Type:RATIS, Factor:THREE, State:OPEN]
2019-07-14 01:00:25,899 INFO  impl.RaftServerProxy (RaftServerProxy.java:addNew(89)) - 104caf5e-9caf-4bd0-8070-6d8b62874fc4: addNew group-03DCB51E0B49:[31579158-a9e7-4c5e-ab80-b5e9b493ce46:192.168.157.230:33991, 104caf5e-9caf-4bd0-8070-6d8b62874fc4:192.168.157.230:35236, 3e145723-ff3e-41b8-bf22-3e40bf8680f1:192.168.157.230:38770] returns group-03DCB51E0B49:java.util.concurrent.CompletableFuture@664bcc10[Not completed]
2019-07-14 01:00:25,899 INFO  impl.RaftServerProxy (RaftServerProxy.java:addNew(89)) - 3e145723-ff3e-41b8-bf22-3e40bf8680f1: addNew group-03DCB51E0B49:[31579158-a9e7-4c5e-ab80-b5e9b493ce46:192.168.157.230:33991, 104caf5e-9caf-4bd0-8070-6d8b62874fc4:192.168.157.230:35236, 3e145723-ff3e-41b8-bf22-3e40bf8680f1:192.168.157.230:38770] returns group-03DCB51E0B49:java.util.concurrent.CompletableFuture@518a8c02[Not completed]
2019-07-14 01:00:25,904 INFO  impl.RaftServerImpl (RaftServerImpl.java:<init>(93)) - 104caf5e-9caf-4bd0-8070-6d8b62874fc4: new RaftServerImpl for group-03DCB51E0B49:[31579158-a9e7-4c5e-ab80-b5e9b493ce46:192.168.157.230:33991, 104caf5e-9caf-4bd0-8070-6d8b62874fc4:192.168.157.230:35236, 3e145723-ff3e-41b8-bf22-3e40bf8680f1:192.168.157.230:38770] with ContainerStateMachine:uninitialized
2019-07-14 01:00:25,904 INFO  server.RaftServerConfigKeys (ConfUtils.java:logGet(43)) - raft.server.rpc.timeout.min = 5s (custom)
2019-07-14 01:00:25,904 INFO  impl.RaftServerProxy (RaftServerProxy.java:addNew(89)) - 31579158-a9e7-4c5e-ab80-b5e9b493ce46: addNew group-03DCB51E0B49:[31579158-a9e7-4c5e-ab80-b5e9b493ce46:192.168.157.230:33991, 104caf5e-9caf-4bd0-8070-6d8b62874fc4:192.168.157.230:35236, 3e145723-ff3e-41b8-bf22-3e40bf8680f1:192.168.157.230:38770] returns group-03DCB51E0B49:java.util.concurrent.CompletableFuture@22000c6a[Not completed]
2019-07-14 01:00:25,904 INFO  server.RaftServerConfigKeys (ConfUtils.java:logGet(43)) - raft.server.rpc.timeout.max = 5200ms (custom)
2019-07-14 01:00:25,904 INFO  server.RaftServerConfigKeys (ConfUtils.java:logGet(43)) - raft.server.rpcslowness.timeout = 120s (custom)
2019-07-14 01:00:25,904 INFO  server.RaftServerConfigKeys (ConfUtils.java:logGet(43)) - raft.server.sleep.deviation.threshold = 300 (default)
2019-07-14 01:00:25,905 INFO  server.RaftServerConfigKeys (ConfUtils.java:logGet(43)) - raft.server.log.appender.install.snapshot.enabled = false (custom)
2019-07-14 01:00:25,905 INFO  impl.RaftServerImpl (RaftServerImpl.java:<init>(93)) - 3e145723-ff3e-41b8-bf22-3e40bf8680f1: new RaftServerImpl for group-03DCB51E0B49:[31579158-a9e7-4c5e-ab80-b5e9b493ce46:192.168.157.230:33991, 104caf5e-9caf-4bd0-8070-6d8b62874fc4:192.168.157.230:35236, 3e145723-ff3e-41b8-bf22-3e40bf8680f1:192.168.157.230:38770] with ContainerStateMachine:uninitialized
2019-07-14 01:00:25,905 INFO  impl.RaftServerImpl (ServerState.java:<init>(105)) - 104caf5e-9caf-4bd0-8070-6d8b62874fc4:group-03DCB51E0B49 ConfigurationManager, init=-1: [31579158-a9e7-4c5e-ab80-b5e9b493ce46:192.168.157.230:33991, 104caf5e-9caf-4bd0-8070-6d8b62874fc4:192.168.157.230:35236, 3e145723-ff3e-41b8-bf22-3e40bf8680f1:192.168.157.230:38770], old=null, confs=<EMPTY_MAP>
2019-07-14 01:00:25,905 INFO  server.RaftServerConfigKeys (ConfUtils.java:logGet(43)) - raft.server.rpc.timeout.min = 5s (custom)
2019-07-14 01:00:25,905 INFO  server.RaftServerConfigKeys (ConfUtils.java:logGet(43)) - raft.server.storage.dir = [/tmp/workdir/hadoop-ozone/integration-test/target/test-dir/MiniOzoneClusterImpl-59f4ffd4-c69e-43d5-9b99-59d04e6f6f19/datanode-2/data/ratis] (custom)
2019-07-14 01:00:25,905 INFO  server.RaftServerConfigKeys (ConfUtils.java:logGet(43)) - raft.server.rpc.timeout.max = 5200ms (custom)
2019-07-14 01:00:25,905 INFO  server.RaftServerConfigKeys (ConfUtils.java:logGet(43)) - raft.server.rpcslowness.timeout = 120s (custom)
2019-07-14 01:00:25,905 INFO  storage.RaftStorageDirectory (RaftStorageDirectory.java:analyzeStorage(246)) - The storage directory /tmp/workdir/hadoop-ozone/integration-test/target/test-dir/MiniOzoneClusterImpl-59f4ffd4-c69e-43d5-9b99-59d04e6f6f19/datanode-2/data/ratis/0b64ef1e-4f52-4ad8-9545-03dcb51e0b49 does not exist. Creating ...
2019-07-14 01:00:25,906 INFO  server.RaftServerConfigKeys (ConfUtils.java:logGet(43)) - raft.server.sleep.deviation.threshold = 300 (default)
2019-07-14 01:00:25,906 INFO  impl.RaftServerImpl (RaftServerImpl.java:<init>(93)) - 31579158-a9e7-4c5e-ab80-b5e9b493ce46: new RaftServerImpl for group-03DCB51E0B49:[31579158-a9e7-4c5e-ab80-b5e9b493ce46:192.168.157.230:33991, 104caf5e-9caf-4bd0-8070-6d8b62874fc4:192.168.157.230:35236, 3e145723-ff3e-41b8-bf22-3e40bf8680f1:192.168.157.230:38770] with ContainerStateMachine:uninitialized
2019-07-14 01:00:25,906 INFO  server.RaftServerConfigKeys (ConfUtils.java:logGet(43)) - raft.server.log.appender.install.snapshot.enabled = false (custom)
2019-07-14 01:00:25,906 INFO  server.RaftServerConfigKeys (ConfUtils.java:logGet(43)) - raft.server.rpc.timeout.min = 5s (custom)
2019-07-14 01:00:25,906 INFO  impl.RaftServerImpl (ServerState.java:<init>(105)) - 3e145723-ff3e-41b8-bf22-3e40bf8680f1:group-03DCB51E0B49 ConfigurationManager, init=-1: [31579158-a9e7-4c5e-ab80-b5e9b493ce46:192.168.157.230:33991, 104caf5e-9caf-4bd0-8070-6d8b62874fc4:192.168.157.230:35236, 3e145723-ff3e-41b8-bf22-3e40bf8680f1:192.168.157.230:38770], old=null, confs=<EMPTY_MAP>
2019-07-14 01:00:25,906 INFO  server.RaftServerConfigKeys (ConfUtils.java:logGet(43)) - raft.server.rpc.timeout.max = 5200ms (custom)
2019-07-14 01:00:25,906 INFO  server.RaftServerConfigKeys (ConfUtils.java:logGet(43)) - raft.server.storage.dir = [/tmp/workdir/hadoop-ozone/integration-test/target/test-dir/MiniOzoneClusterImpl-59f4ffd4-c69e-43d5-9b99-59d04e6f6f19/datanode-5/data/ratis] (custom)
2019-07-14 01:00:25,907 INFO  server.RaftServerConfigKeys (ConfUtils.java:logGet(43)) - raft.server.rpcslowness.timeout = 120s (custom)
2019-07-14 01:00:25,907 INFO  server.RaftServerConfigKeys (ConfUtils.java:logGet(43)) - raft.server.sleep.deviation.threshold = 300 (default)
2019-07-14 01:00:25,907 INFO  storage.RaftStorageDirectory (RaftStorageDirectory.java:analyzeStorage(246)) - The storage directory /tmp/workdir/hadoop-ozone/integration-test/target/test-dir/MiniOzoneClusterImpl-59f4ffd4-c69e-43d5-9b99-59d04e6f6f19/datanode-5/data/ratis/0b64ef1e-4f52-4ad8-9545-03dcb51e0b49 does not exist. Creating ...
2019-07-14 01:00:25,907 INFO  server.RaftServerConfigKeys (ConfUtils.java:logGet(43)) - raft.server.log.appender.install.snapshot.enabled = false (custom)
2019-07-14 01:00:25,907 INFO  impl.RaftServerImpl (ServerState.java:<init>(105)) - 31579158-a9e7-4c5e-ab80-b5e9b493ce46:group-03DCB51E0B49 ConfigurationManager, init=-1: [31579158-a9e7-4c5e-ab80-b5e9b493ce46:192.168.157.230:33991, 104caf5e-9caf-4bd0-8070-6d8b62874fc4:192.168.157.230:35236, 3e145723-ff3e-41b8-bf22-3e40bf8680f1:192.168.157.230:38770], old=null, confs=<EMPTY_MAP>
2019-07-14 01:00:25,908 INFO  server.RaftServerConfigKeys (ConfUtils.java:logGet(43)) - raft.server.storage.dir = [/tmp/workdir/hadoop-ozone/integration-test/target/test-dir/MiniOzoneClusterImpl-59f4ffd4-c69e-43d5-9b99-59d04e6f6f19/datanode-3/data/ratis] (custom)
2019-07-14 01:00:25,908 INFO  storage.RaftStorageDirectory (RaftStorageDirectory.java:analyzeStorage(246)) - The storage directory /tmp/workdir/hadoop-ozone/integration-test/target/test-dir/MiniOzoneClusterImpl-59f4ffd4-c69e-43d5-9b99-59d04e6f6f19/datanode-3/data/ratis/0b64ef1e-4f52-4ad8-9545-03dcb51e0b49 does not exist. Creating ...
2019-07-14 01:00:25,919 INFO  storage.RaftStorageDirectory (RaftStorageDirectory.java:tryLock(328)) - Lock on /tmp/workdir/hadoop-ozone/integration-test/target/test-dir/MiniOzoneClusterImpl-59f4ffd4-c69e-43d5-9b99-59d04e6f6f19/datanode-3/data/ratis/0b64ef1e-4f52-4ad8-9545-03dcb51e0b49/in_use.lock acquired by nodename 26095@trunk-nightly-sxkq5-3320257302
2019-07-14 01:00:25,919 INFO  storage.RaftStorageDirectory (RaftStorageDirectory.java:tryLock(328)) - Lock on /tmp/workdir/hadoop-ozone/integration-test/target/test-dir/MiniOzoneClusterImpl-59f4ffd4-c69e-43d5-9b99-59d04e6f6f19/datanode-5/data/ratis/0b64ef1e-4f52-4ad8-9545-03dcb51e0b49/in_use.lock acquired by nodename 26095@trunk-nightly-sxkq5-3320257302
2019-07-14 01:00:25,919 INFO  storage.RaftStorageDirectory (RaftStorageDirectory.java:tryLock(328)) - Lock on /tmp/workdir/hadoop-ozone/integration-test/target/test-dir/MiniOzoneClusterImpl-59f4ffd4-c69e-43d5-9b99-59d04e6f6f19/datanode-2/data/ratis/0b64ef1e-4f52-4ad8-9545-03dcb51e0b49/in_use.lock acquired by nodename 26095@trunk-nightly-sxkq5-3320257302
2019-07-14 01:00:25,932 INFO  storage.RaftStorage (RaftStorage.java:format(72)) - Storage directory /tmp/workdir/hadoop-ozone/integration-test/target/test-dir/MiniOzoneClusterImpl-59f4ffd4-c69e-43d5-9b99-59d04e6f6f19/datanode-3/data/ratis/0b64ef1e-4f52-4ad8-9545-03dcb51e0b49 has been successfully formatted.
2019-07-14 01:00:25,932 INFO  storage.RaftStorage (RaftStorage.java:format(72)) - Storage directory /tmp/workdir/hadoop-ozone/integration-test/target/test-dir/MiniOzoneClusterImpl-59f4ffd4-c69e-43d5-9b99-59d04e6f6f19/datanode-5/data/ratis/0b64ef1e-4f52-4ad8-9545-03dcb51e0b49 has been successfully formatted.
2019-07-14 01:00:25,933 INFO  ratis.ContainerStateMachine (ContainerStateMachine.java:loadSnapshot(200)) - The snapshot info is null.Setting the last applied index to:(t:0, i:~)
2019-07-14 01:00:25,932 INFO  storage.RaftStorage (RaftStorage.java:format(72)) - Storage directory /tmp/workdir/hadoop-ozone/integration-test/target/test-dir/MiniOzoneClusterImpl-59f4ffd4-c69e-43d5-9b99-59d04e6f6f19/datanode-2/data/ratis/0b64ef1e-4f52-4ad8-9545-03dcb51e0b49 has been successfully formatted.
2019-07-14 01:00:25,933 INFO  ratis.ContainerStateMachine (ContainerStateMachine.java:loadSnapshot(200)) - The snapshot info is null.Setting the last applied index to:(t:0, i:~)
2019-07-14 01:00:25,933 INFO  server.RaftServerConfigKeys (ConfUtils.java:logGet(43)) - raft.server.leader.election.timeout = 120s (custom)
2019-07-14 01:00:25,933 INFO  server.RaftServerConfigKeys (ConfUtils.java:logGet(43)) - raft.server.leader.election.timeout = 120s (custom)
2019-07-14 01:00:25,933 INFO  ratis.ContainerStateMachine (ContainerStateMachine.java:loadSnapshot(200)) - The snapshot info is null.Setting the last applied index to:(t:0, i:~)
2019-07-14 01:00:25,933 INFO  server.RaftServerConfigKeys (ConfUtils.java:logGet(43)) - raft.server.log.use.memory = false (default)
2019-07-14 01:00:25,933 INFO  server.RaftServerConfigKeys (ConfUtils.java:logGet(43)) - raft.server.log.use.memory = false (default)
2019-07-14 01:00:25,934 INFO  server.RaftServerConfigKeys (ConfUtils.java:logGet(43)) - raft.server.log.purge.gap = 1000000000 (custom)
2019-07-14 01:00:25,934 INFO  server.RaftServerConfigKeys (ConfUtils.java:logGet(43)) - raft.server.leader.election.timeout = 120s (custom)
2019-07-14 01:00:25,934 INFO  server.RaftServerConfigKeys (ConfUtils.java:logGet(43)) - raft.server.log.appender.buffer.byte-limit = 33554432 (custom)
2019-07-14 01:00:25,934 INFO  server.RaftServerConfigKeys (ConfUtils.java:logGet(43)) - raft.server.log.purge.gap = 1000000000 (custom)
2019-07-14 01:00:25,934 INFO  server.RaftServerConfigKeys (ConfUtils.java:logGet(43)) - raft.server.log.segment.size.max = 1048576 (custom)
2019-07-14 01:00:25,934 INFO  server.RaftServerConfigKeys (ConfUtils.java:logGet(43)) - raft.server.log.use.memory = false (default)
2019-07-14 01:00:25,935 INFO  server.RaftServerConfigKeys (ConfUtils.java:logGet(43)) - raft.server.log.segment.cache.num.max = 2 (custom)
2019-07-14 01:00:25,934 INFO  server.RaftServerConfigKeys (ConfUtils.java:logGet(43)) - raft.server.log.appender.buffer.byte-limit = 33554432 (custom)
2019-07-14 01:00:25,935 INFO  segmented.SegmentedRaftLogWorker (SegmentedRaftLogWorker.java:<init>(172)) - new 3e145723-ff3e-41b8-bf22-3e40bf8680f1-SegmentedRaftLogWorker:Storage Directory /tmp/workdir/hadoop-ozone/integration-test/target/test-dir/MiniOzoneClusterImpl-59f4ffd4-c69e-43d5-9b99-59d04e6f6f19/datanode-5/data/ratis/0b64ef1e-4f52-4ad8-9545-03dcb51e0b49 for RaftStorage:Storage Directory /tmp/workdir/hadoop-ozone/integration-test/target/test-dir/MiniOzoneClusterImpl-59f4ffd4-c69e-43d5-9b99-59d04e6f6f19/datanode-5/data/ratis/0b64ef1e-4f52-4ad8-9545-03dcb51e0b49
2019-07-14 01:00:25,935 INFO  server.RaftServerConfigKeys (ConfUtils.java:logGet(43)) - raft.server.log.purge.gap = 1000000000 (custom)
2019-07-14 01:00:25,935 INFO  server.RaftServerConfigKeys (ConfUtils.java:logGet(43)) - raft.server.log.queue.byte-limit = 2147483647 (custom)
2019-07-14 01:00:25,935 INFO  server.RaftServerConfigKeys (ConfUtils.java:logGet(43)) - raft.server.log.segment.size.max = 1048576 (custom)
2019-07-14 01:00:25,937 INFO  server.RaftServerConfigKeys (ConfUtils.java:logGet(43)) - raft.server.log.queue.element-limit = 1024 (custom)
2019-07-14 01:00:25,935 INFO  server.RaftServerConfigKeys (ConfUtils.java:logGet(43)) - raft.server.log.appender.buffer.byte-limit = 33554432 (custom)
2019-07-14 01:00:25,937 INFO  server.RaftServerConfigKeys (ConfUtils.java:logGet(43)) - raft.server.log.segment.size.max = 1048576 (custom)
2019-07-14 01:00:25,937 INFO  server.RaftServerConfigKeys (ConfUtils.java:logGet(43)) - raft.server.log.segment.cache.num.max = 2 (custom)
2019-07-14 01:00:25,938 INFO  server.RaftServerConfigKeys (ConfUtils.java:logGet(43)) - raft.server.log.preallocated.size = 16384 (custom)
2019-07-14 01:00:25,937 INFO  server.RaftServerConfigKeys (ConfUtils.java:logGet(43)) - raft.server.log.segment.size.max = 1048576 (custom)
2019-07-14 01:00:25,938 INFO  server.RaftServerConfigKeys (ConfUtils.java:logGet(43)) - raft.server.log.write.buffer.size = 33554432 (custom)
2019-07-14 01:00:25,938 INFO  segmented.SegmentedRaftLogWorker (SegmentedRaftLogWorker.java:<init>(172)) - new 31579158-a9e7-4c5e-ab80-b5e9b493ce46-SegmentedRaftLogWorker:Storage Directory /tmp/workdir/hadoop-ozone/integration-test/target/test-dir/MiniOzoneClusterImpl-59f4ffd4-c69e-43d5-9b99-59d04e6f6f19/datanode-3/data/ratis/0b64ef1e-4f52-4ad8-9545-03dcb51e0b49 for RaftStorage:Storage Directory /tmp/workdir/hadoop-ozone/integration-test/target/test-dir/MiniOzoneClusterImpl-59f4ffd4-c69e-43d5-9b99-59d04e6f6f19/datanode-3/data/ratis/0b64ef1e-4f52-4ad8-9545-03dcb51e0b49
2019-07-14 01:00:25,938 INFO  server.RaftServerConfigKeys (ConfUtils.java:logGet(43)) - raft.server.log.force.sync.num = 128 (default)
2019-07-14 01:00:25,938 INFO  server.RaftServerConfigKeys (ConfUtils.java:logGet(43)) - raft.server.log.segment.cache.num.max = 2 (custom)
2019-07-14 01:00:25,938 INFO  server.RaftServerConfigKeys (ConfUtils.java:logGet(43)) - raft.server.log.queue.byte-limit = 2147483647 (custom)
2019-07-14 01:00:25,940 INFO  segmented.SegmentedRaftLogWorker (SegmentedRaftLogWorker.java:<init>(172)) - new 104caf5e-9caf-4bd0-8070-6d8b62874fc4-SegmentedRaftLogWorker:Storage Directory /tmp/workdir/hadoop-ozone/integration-test/target/test-dir/MiniOzoneClusterImpl-59f4ffd4-c69e-43d5-9b99-59d04e6f6f19/datanode-2/data/ratis/0b64ef1e-4f52-4ad8-9545-03dcb51e0b49 for RaftStorage:Storage Directory /tmp/workdir/hadoop-ozone/integration-test/target/test-dir/MiniOzoneClusterImpl-59f4ffd4-c69e-43d5-9b99-59d04e6f6f19/datanode-2/data/ratis/0b64ef1e-4f52-4ad8-9545-03dcb51e0b49
2019-07-14 01:00:25,938 INFO  server.RaftServerConfigKeys (ConfUtils.java:logGet(43)) - raft.server.log.statemachine.data.sync = true (default)
2019-07-14 01:00:25,941 INFO  server.RaftServerConfigKeys (ConfUtils.java:logGet(43)) - raft.server.log.queue.byte-limit = 2147483647 (custom)
2019-07-14 01:00:25,940 INFO  server.RaftServerConfigKeys (ConfUtils.java:logGet(43)) - raft.server.log.queue.element-limit = 1024 (custom)
2019-07-14 01:00:25,942 INFO  server.RaftServerConfigKeys (ConfUtils.java:logGet(43)) - raft.server.log.statemachine.data.sync.timeout = 10s (default)
2019-07-14 01:00:25,942 INFO  server.RaftServerConfigKeys (ConfUtils.java:logGet(43)) - raft.server.log.queue.element-limit = 1024 (custom)
2019-07-14 01:00:25,943 INFO  server.RaftServerConfigKeys (ConfUtils.java:logGet(43)) - raft.server.log.statemachine.data.sync.timeout.retry = -1 (default)
2019-07-14 01:00:25,942 INFO  server.RaftServerConfigKeys (ConfUtils.java:logGet(43)) - raft.server.log.segment.size.max = 1048576 (custom)
2019-07-14 01:00:25,943 INFO  server.RaftServerConfigKeys (ConfUtils.java:logGet(43)) - raft.server.log.statemachine.data.caching.enabled = true (custom)
2019-07-14 01:00:25,943 INFO  server.RaftServerConfigKeys (ConfUtils.java:logGet(43)) - raft.server.log.segment.size.max = 1048576 (custom)
2019-07-14 01:00:25,943 INFO  server.RaftServerConfigKeys (ConfUtils.java:logGet(43)) - raft.server.log.preallocated.size = 16384 (custom)
2019-07-14 01:00:25,943 INFO  server.RaftServerConfigKeys (ConfUtils.java:logGet(43)) - raft.server.log.preallocated.size = 16384 (custom)
2019-07-14 01:00:25,943 INFO  segmented.SegmentedRaftLogWorker (SegmentedRaftLogWorker.java:lambda$new$0(132)) - 3e145723-ff3e-41b8-bf22-3e40bf8680f1-SegmentedRaftLogWorker:Storage Directory /tmp/workdir/hadoop-ozone/integration-test/target/test-dir/MiniOzoneClusterImpl-59f4ffd4-c69e-43d5-9b99-59d04e6f6f19/datanode-5/data/ratis/0b64ef1e-4f52-4ad8-9545-03dcb51e0b49: flushIndex: setUnconditionally 0 -> -1
2019-07-14 01:00:25,943 INFO  server.RaftServerConfigKeys (ConfUtils.java:logGet(43)) - raft.server.log.write.buffer.size = 33554432 (custom)
2019-07-14 01:00:25,943 INFO  server.RaftServerConfigKeys (ConfUtils.java:logGet(43)) - raft.server.log.write.buffer.size = 33554432 (custom)
2019-07-14 01:00:25,944 INFO  server.RaftServerConfigKeys (ConfUtils.java:logGet(43)) - raft.server.log.force.sync.num = 128 (default)
2019-07-14 01:00:25,944 INFO  server.RaftServerConfigKeys (ConfUtils.java:logGet(43)) - raft.server.snapshot.auto.trigger.enabled = true (custom)
2019-07-14 01:00:25,944 INFO  server.RaftServerConfigKeys (ConfUtils.java:logGet(43)) - raft.server.log.force.sync.num = 128 (default)
2019-07-14 01:00:25,944 INFO  server.RaftServerConfigKeys (ConfUtils.java:logGet(43)) - raft.server.snapshot.auto.trigger.threshold = 10000 (custom)
2019-07-14 01:00:25,944 INFO  server.RaftServerConfigKeys (ConfUtils.java:logGet(43)) - raft.server.log.statemachine.data.sync = true (default)
2019-07-14 01:00:25,944 INFO  server.RaftServerConfigKeys (ConfUtils.java:logGet(43)) - raft.server.log.statemachine.data.sync = true (default)
2019-07-14 01:00:25,945 INFO  server.RaftServerConfigKeys (ConfUtils.java:logGet(43)) - raft.server.log.statemachine.data.sync.timeout = 10s (default)
2019-07-14 01:00:25,945 INFO  server.RaftServerConfigKeys (ConfUtils.java:logGet(43)) - raft.server.retrycache.expirytime = 600000ms (custom)
2019-07-14 01:00:25,945 INFO  server.RaftServerConfigKeys (ConfUtils.java:logGet(43)) - raft.server.log.statemachine.data.sync.timeout.retry = -1 (default)
2019-07-14 01:00:25,945 INFO  server.RaftServerConfigKeys (ConfUtils.java:logGet(43)) - raft.server.log.statemachine.data.sync.timeout = 10s (default)
2019-07-14 01:00:25,945 INFO  server.RaftServerConfigKeys (ConfUtils.java:logGet(43)) - raft.server.log.statemachine.data.caching.enabled = true (custom)
2019-07-14 01:00:25,945 INFO  impl.RaftServerImpl (RaftServerImpl.java:start(180)) - 3e145723-ff3e-41b8-bf22-3e40bf8680f1: start group-03DCB51E0B49
2019-07-14 01:00:25,945 INFO  server.RaftServerConfigKeys (ConfUtils.java:logGet(43)) - raft.server.log.statemachine.data.sync.timeout.retry = -1 (default)
2019-07-14 01:00:25,945 INFO  impl.RaftServerImpl (RaftServerImpl.java:setRole(171)) - 3e145723-ff3e-41b8-bf22-3e40bf8680f1:group-03DCB51E0B49 changes role from null to FOLLOWER at term 0 for startAsFollower
2019-07-14 01:00:25,945 INFO  segmented.SegmentedRaftLogWorker (SegmentedRaftLogWorker.java:lambda$new$0(132)) - 31579158-a9e7-4c5e-ab80-b5e9b493ce46-SegmentedRaftLogWorker:Storage Directory /tmp/workdir/hadoop-ozone/integration-test/target/test-dir/MiniOzoneClusterImpl-59f4ffd4-c69e-43d5-9b99-59d04e6f6f19/datanode-3/data/ratis/0b64ef1e-4f52-4ad8-9545-03dcb51e0b49: flushIndex: setUnconditionally 0 -> -1
2019-07-14 01:00:25,946 INFO  impl.RoleInfo (RoleInfo.java:updateAndGet(143)) - 3e145723-ff3e-41b8-bf22-3e40bf8680f1: start FollowerState
2019-07-14 01:00:25,946 INFO  server.RaftServerConfigKeys (ConfUtils.java:logGet(43)) - raft.server.log.statemachine.data.caching.enabled = true (custom)
2019-07-14 01:00:25,946 INFO  server.RaftServerConfigKeys (ConfUtils.java:logGet(43)) - raft.server.snapshot.auto.trigger.enabled = true (custom)
2019-07-14 01:00:25,946 INFO  server.RaftServerConfigKeys (ConfUtils.java:logGet(43)) - raft.server.snapshot.auto.trigger.threshold = 10000 (custom)
2019-07-14 01:00:25,946 INFO  util.JmxRegister (JmxRegister.java:tryRegister(44)) - Successfully registered JMX Bean with object name Ratis:service=RaftServer,group=group-03DCB51E0B49,id=3e145723-ff3e-41b8-bf22-3e40bf8680f1
2019-07-14 01:00:25,946 INFO  segmented.SegmentedRaftLogWorker (SegmentedRaftLogWorker.java:lambda$new$0(132)) - 104caf5e-9caf-4bd0-8070-6d8b62874fc4-SegmentedRaftLogWorker:Storage Directory /tmp/workdir/hadoop-ozone/integration-test/target/test-dir/MiniOzoneClusterImpl-59f4ffd4-c69e-43d5-9b99-59d04e6f6f19/datanode-2/data/ratis/0b64ef1e-4f52-4ad8-9545-03dcb51e0b49: flushIndex: setUnconditionally 0 -> -1
2019-07-14 01:00:25,946 INFO  server.RaftServerConfigKeys (ConfUtils.java:logGet(43)) - raft.server.retrycache.expirytime = 600000ms (custom)
2019-07-14 01:00:25,947 INFO  server.RaftServerConfigKeys (ConfUtils.java:logGet(43)) - raft.server.snapshot.auto.trigger.enabled = true (custom)
2019-07-14 01:00:25,947 INFO  impl.RaftServerImpl (RaftServerImpl.java:start(180)) - 31579158-a9e7-4c5e-ab80-b5e9b493ce46: start group-03DCB51E0B49
2019-07-14 01:00:25,947 INFO  server.RaftServerConfigKeys (ConfUtils.java:logGet(43)) - raft.server.snapshot.auto.trigger.threshold = 10000 (custom)
2019-07-14 01:00:25,947 INFO  impl.RaftServerImpl (RaftServerImpl.java:setRole(171)) - 31579158-a9e7-4c5e-ab80-b5e9b493ce46:group-03DCB51E0B49 changes role from null to FOLLOWER at term 0 for startAsFollower
2019-07-14 01:00:25,947 INFO  server.RaftServerConfigKeys (ConfUtils.java:logGet(43)) - raft.server.retrycache.expirytime = 600000ms (custom)
2019-07-14 01:00:25,947 INFO  impl.RoleInfo (RoleInfo.java:updateAndGet(143)) - 31579158-a9e7-4c5e-ab80-b5e9b493ce46: start FollowerState
2019-07-14 01:00:25,947 INFO  impl.RaftServerImpl (RaftServerImpl.java:start(180)) - 104caf5e-9caf-4bd0-8070-6d8b62874fc4: start group-03DCB51E0B49
2019-07-14 01:00:25,948 INFO  impl.RaftServerImpl (RaftServerImpl.java:setRole(171)) - 104caf5e-9caf-4bd0-8070-6d8b62874fc4:group-03DCB51E0B49 changes role from null to FOLLOWER at term 0 for startAsFollower
2019-07-14 01:00:25,948 INFO  impl.RoleInfo (RoleInfo.java:updateAndGet(143)) - 104caf5e-9caf-4bd0-8070-6d8b62874fc4: start FollowerState
2019-07-14 01:00:25,948 INFO  util.JmxRegister (JmxRegister.java:tryRegister(44)) - Successfully registered JMX Bean with object name Ratis:service=RaftServer,group=group-03DCB51E0B49,id=31579158-a9e7-4c5e-ab80-b5e9b493ce46
2019-07-14 01:00:25,948 INFO  util.JmxRegister (JmxRegister.java:tryRegister(44)) - Successfully registered JMX Bean with object name Ratis:service=RaftServer,group=group-03DCB51E0B49,id=104caf5e-9caf-4bd0-8070-6d8b62874fc4
2019-07-14 01:00:25,976 INFO  pipeline.PipelineStateManager (PipelineStateManager.java:addPipeline(56)) - Created pipeline Pipeline[ Id: 0b64ef1e-4f52-4ad8-9545-03dcb51e0b49, Nodes: 3e145723-ff3e-41b8-bf22-3e40bf8680f1{ip: 192.168.157.230, host: trunk-nightly-sxkq5-3320257302, networkLocation: /default-rack, certSerialId: null}104caf5e-9caf-4bd0-8070-6d8b62874fc4{ip: 192.168.157.230, host: trunk-nightly-sxkq5-3320257302, networkLocation: /default-rack, certSerialId: null}31579158-a9e7-4c5e-ab80-b5e9b493ce46{ip: 192.168.157.230, host: trunk-nightly-sxkq5-3320257302, networkLocation: /default-rack, certSerialId: null}, Type:RATIS, Factor:THREE, State:OPEN]
2019-07-14 01:00:26,377 INFO  ozone.MiniOzoneClusterImpl (MiniOzoneClusterImpl.java:lambda$waitForClusterToBeReady$0(142)) - Cluster is ready. Got 7 of 7 DN Heartbeats.
2019-07-14 01:00:26,720 INFO  rpc.RpcClient (RpcClient.java:createVolume(287)) - Creating Volume: testblockoutputstream, with jenkins1000 as owner.
2019-07-14 01:00:26,777 INFO  rpc.RpcClient (RpcClient.java:createBucket(424)) - Creating Bucket: testblockoutputstream/testblockoutputstream, with Versioning false and Storage Type set to DISK and Encryption set to false 
2019-07-14 01:00:26,980 INFO  container.ReplicationManager (ReplicationManager.java:start(155)) - Starting Replication Monitor Thread.
2019-07-14 01:00:26,987 INFO  container.ReplicationManager (ReplicationManager.java:run(207)) - Replication Monitor Thread took 4 milliseconds for processing 1 containers.
2019-07-14 01:00:27,085 INFO  client.GrpcClientProtocolClient (GrpcClientProtocolClient.java:onNext(255)) - client-3F206C568230->3e145723-ff3e-41b8-bf22-3e40bf8680f1: receive RaftClientReply:client-3F206C568230->3e145723-ff3e-41b8-bf22-3e40bf8680f1@group-03DCB51E0B49, cid=13, FAILED org.apache.ratis.protocol.NotLeaderException: Server 3e145723-ff3e-41b8-bf22-3e40bf8680f1 is not the leader (null). Request must be sent to leader., logIndex=0, commits[3e145723-ff3e-41b8-bf22-3e40bf8680f1:c-1]
2019-07-14 01:00:28,129 INFO  client.GrpcClientProtocolClient (GrpcClientProtocolClient.java:onNext(255)) - client-3F206C568230->104caf5e-9caf-4bd0-8070-6d8b62874fc4: receive RaftClientReply:client-3F206C568230->104caf5e-9caf-4bd0-8070-6d8b62874fc4@group-03DCB51E0B49, cid=13, FAILED org.apache.ratis.protocol.NotLeaderException: Server 104caf5e-9caf-4bd0-8070-6d8b62874fc4 is not the leader (null). Request must be sent to leader., logIndex=0, commits[104caf5e-9caf-4bd0-8070-6d8b62874fc4:c-1]
2019-07-14 01:00:29,158 INFO  client.GrpcClientProtocolClient (GrpcClientProtocolClient.java:onNext(255)) - client-3F206C568230->3e145723-ff3e-41b8-bf22-3e40bf8680f1: receive RaftClientReply:client-3F206C568230->3e145723-ff3e-41b8-bf22-3e40bf8680f1@group-03DCB51E0B49, cid=13, FAILED org.apache.ratis.protocol.NotLeaderException: Server 3e145723-ff3e-41b8-bf22-3e40bf8680f1 is not the leader (null). Request must be sent to leader., logIndex=0, commits[3e145723-ff3e-41b8-bf22-3e40bf8680f1:c-1]
2019-07-14 01:00:30,186 INFO  client.GrpcClientProtocolClient (GrpcClientProtocolClient.java:onNext(255)) - client-3F206C568230->31579158-a9e7-4c5e-ab80-b5e9b493ce46: receive RaftClientReply:client-3F206C568230->31579158-a9e7-4c5e-ab80-b5e9b493ce46@group-03DCB51E0B49, cid=13, FAILED org.apache.ratis.protocol.NotLeaderException: Server 31579158-a9e7-4c5e-ab80-b5e9b493ce46 is not the leader (null). Request must be sent to leader., logIndex=0, commits[31579158-a9e7-4c5e-ab80-b5e9b493ce46:c-1]
2019-07-14 01:00:30,192 INFO  impl.FollowerState (FollowerState.java:run(106)) - 0418bd44-dbfd-4b9b-b879-c018f273057c:group-C946CA7E9C90 changes to CANDIDATE, lastRpcTime:5056, electionTimeout:5054ms
2019-07-14 01:00:30,192 INFO  impl.RoleInfo (RoleInfo.java:shutdownFollowerState(121)) - 0418bd44-dbfd-4b9b-b879-c018f273057c: shutdown FollowerState
2019-07-14 01:00:30,192 INFO  impl.RaftServerImpl (RaftServerImpl.java:setRole(171)) - 0418bd44-dbfd-4b9b-b879-c018f273057c:group-C946CA7E9C90 changes role from FOLLOWER to CANDIDATE at term 0 for changeToCandidate
2019-07-14 01:00:30,203 INFO  impl.RoleInfo (RoleInfo.java:updateAndGet(143)) - 0418bd44-dbfd-4b9b-b879-c018f273057c: start LeaderElection
2019-07-14 01:00:30,225 INFO  impl.LeaderElection (LeaderElection.java:askForVotes(181)) - 0418bd44-dbfd-4b9b-b879-c018f273057c:group-C946CA7E9C90:LeaderElection1: begin an election at term 1 for -1: [0418bd44-dbfd-4b9b-b879-c018f273057c:192.168.157.230:43651], old=null
2019-07-14 01:00:30,227 INFO  impl.RoleInfo (RoleInfo.java:shutdownLeaderElection(134)) - 0418bd44-dbfd-4b9b-b879-c018f273057c: shutdown LeaderElection
2019-07-14 01:00:30,227 INFO  impl.RaftServerImpl (RaftServerImpl.java:setRole(171)) - 0418bd44-dbfd-4b9b-b879-c018f273057c:group-C946CA7E9C90 changes role from CANDIDATE to LEADER at term 1 for changeToLeader
2019-07-14 01:00:30,228 INFO  impl.RaftServerImpl (ServerState.java:setLeader(263)) - 0418bd44-dbfd-4b9b-b879-c018f273057c:group-C946CA7E9C90 change Leader from null to 0418bd44-dbfd-4b9b-b879-c018f273057c at term 1 for becomeLeader, leader elected after 5175ms
2019-07-14 01:00:30,237 INFO  server.RaftServerConfigKeys (ConfUtils.java:logGet(43)) - raft.server.staging.catchup.gap = 1000 (default)
2019-07-14 01:00:30,246 INFO  server.RaftServerConfigKeys (ConfUtils.java:logGet(43)) - raft.server.rpc.sleep.time = 25ms (default)
2019-07-14 01:00:30,250 INFO  server.RaftServerConfigKeys (ConfUtils.java:logGet(43)) - raft.server.write.element-limit = 4096 (default)
2019-07-14 01:00:30,253 INFO  server.RaftServerConfigKeys (ConfUtils.java:logGet(43)) - raft.server.watch.timeout = 10s (default)
2019-07-14 01:00:30,253 INFO  server.RaftServerConfigKeys (ConfUtils.java:logGet(43)) - raft.server.watch.timeout.denomination = 1s (default)
2019-07-14 01:00:30,254 INFO  server.RaftServerConfigKeys (ConfUtils.java:logGet(43)) - raft.server.watch.element-limit = 65536 (default)
2019-07-14 01:00:30,264 INFO  impl.RoleInfo (RoleInfo.java:updateAndGet(143)) - 0418bd44-dbfd-4b9b-b879-c018f273057c: start LeaderState
2019-07-14 01:00:30,289 INFO  segmented.SegmentedRaftLogWorker (SegmentedRaftLogWorker.java:startLogSegment(380)) - 0418bd44-dbfd-4b9b-b879-c018f273057c-SegmentedRaftLogWorker:Storage Directory /tmp/workdir/hadoop-ozone/integration-test/target/test-dir/MiniOzoneClusterImpl-59f4ffd4-c69e-43d5-9b99-59d04e6f6f19/datanode-0/data/ratis/4dd92660-3362-4317-b622-c946ca7e9c90: Starting segment from index:0
2019-07-14 01:00:30,298 INFO  impl.RaftServerImpl (ServerState.java:setRaftConf(361)) - 0418bd44-dbfd-4b9b-b879-c018f273057c:group-C946CA7E9C90 set configuration 0: [0418bd44-dbfd-4b9b-b879-c018f273057c:192.168.157.230:43651], old=null at 0
2019-07-14 01:00:30,456 INFO  segmented.SegmentedRaftLogWorker (SegmentedRaftLogWorker.java:execute(569)) - 0418bd44-dbfd-4b9b-b879-c018f273057c-SegmentedRaftLogWorker:Storage Directory /tmp/workdir/hadoop-ozone/integration-test/target/test-dir/MiniOzoneClusterImpl-59f4ffd4-c69e-43d5-9b99-59d04e6f6f19/datanode-0/data/ratis/4dd92660-3362-4317-b622-c946ca7e9c90: created new log segment /tmp/workdir/hadoop-ozone/integration-test/target/test-dir/MiniOzoneClusterImpl-59f4ffd4-c69e-43d5-9b99-59d04e6f6f19/datanode-0/data/ratis/4dd92660-3362-4317-b622-c946ca7e9c90/current/log_inprogress_0
2019-07-14 01:00:30,469 INFO  impl.FollowerState (FollowerState.java:run(106)) - cd5bc3ce-e3c6-46eb-9d59-d6d2ed0e9ffd:group-A8EDBE8456DE changes to CANDIDATE, lastRpcTime:5038, electionTimeout:5038ms
2019-07-14 01:00:30,472 INFO  impl.RoleInfo (RoleInfo.java:shutdownFollowerState(121)) - cd5bc3ce-e3c6-46eb-9d59-d6d2ed0e9ffd: shutdown FollowerState
2019-07-14 01:00:30,472 INFO  impl.RaftServerImpl (RaftServerImpl.java:setRole(171)) - cd5bc3ce-e3c6-46eb-9d59-d6d2ed0e9ffd:group-A8EDBE8456DE changes role from FOLLOWER to CANDIDATE at term 0 for changeToCandidate
2019-07-14 01:00:30,473 INFO  impl.RoleInfo (RoleInfo.java:updateAndGet(143)) - cd5bc3ce-e3c6-46eb-9d59-d6d2ed0e9ffd: start LeaderElection
2019-07-14 01:00:30,492 INFO  impl.LeaderElection (LeaderElection.java:askForVotes(181)) - cd5bc3ce-e3c6-46eb-9d59-d6d2ed0e9ffd:group-A8EDBE8456DE:LeaderElection2: begin an election at term 1 for -1: [cd5bc3ce-e3c6-46eb-9d59-d6d2ed0e9ffd:192.168.157.230:37487], old=null
2019-07-14 01:00:30,495 INFO  impl.RoleInfo (RoleInfo.java:shutdownLeaderElection(134)) - cd5bc3ce-e3c6-46eb-9d59-d6d2ed0e9ffd: shutdown LeaderElection
2019-07-14 01:00:30,495 INFO  impl.RaftServerImpl (RaftServerImpl.java:setRole(171)) - cd5bc3ce-e3c6-46eb-9d59-d6d2ed0e9ffd:group-A8EDBE8456DE changes role from CANDIDATE to LEADER at term 1 for changeToLeader
2019-07-14 01:00:30,495 INFO  impl.RaftServerImpl (ServerState.java:setLeader(263)) - cd5bc3ce-e3c6-46eb-9d59-d6d2ed0e9ffd:group-A8EDBE8456DE change Leader from null to cd5bc3ce-e3c6-46eb-9d59-d6d2ed0e9ffd at term 1 for becomeLeader, leader elected after 5069ms
2019-07-14 01:00:30,497 INFO  server.RaftServerConfigKeys (ConfUtils.java:logGet(43)) - raft.server.staging.catchup.gap = 1000 (default)
2019-07-14 01:00:30,497 INFO  server.RaftServerConfigKeys (ConfUtils.java:logGet(43)) - raft.server.rpc.sleep.time = 25ms (default)
2019-07-14 01:00:30,498 INFO  server.RaftServerConfigKeys (ConfUtils.java:logGet(43)) - raft.server.write.element-limit = 4096 (default)
2019-07-14 01:00:30,498 INFO  server.RaftServerConfigKeys (ConfUtils.java:logGet(43)) - raft.server.watch.timeout = 10s (default)
2019-07-14 01:00:30,498 INFO  server.RaftServerConfigKeys (ConfUtils.java:logGet(43)) - raft.server.watch.timeout.denomination = 1s (default)
2019-07-14 01:00:30,498 INFO  server.RaftServerConfigKeys (ConfUtils.java:logGet(43)) - raft.server.watch.element-limit = 65536 (default)
2019-07-14 01:00:30,499 INFO  impl.RoleInfo (RoleInfo.java:updateAndGet(143)) - cd5bc3ce-e3c6-46eb-9d59-d6d2ed0e9ffd: start LeaderState
2019-07-14 01:00:30,499 INFO  segmented.SegmentedRaftLogWorker (SegmentedRaftLogWorker.java:startLogSegment(380)) - cd5bc3ce-e3c6-46eb-9d59-d6d2ed0e9ffd-SegmentedRaftLogWorker:Storage Directory /tmp/workdir/hadoop-ozone/integration-test/target/test-dir/MiniOzoneClusterImpl-59f4ffd4-c69e-43d5-9b99-59d04e6f6f19/datanode-4/data/ratis/e7263f37-4c5e-4efa-8fab-a8edbe8456de: Starting segment from index:0
2019-07-14 01:00:30,500 INFO  impl.RaftServerImpl (ServerState.java:setRaftConf(361)) - cd5bc3ce-e3c6-46eb-9d59-d6d2ed0e9ffd:group-A8EDBE8456DE set configuration 0: [cd5bc3ce-e3c6-46eb-9d59-d6d2ed0e9ffd:192.168.157.230:37487], old=null at 0
2019-07-14 01:00:30,527 INFO  impl.FollowerState (FollowerState.java:run(106)) - 43106e18-f800-4739-9e92-86e3ea2db31d:group-62768C1BF978 changes to CANDIDATE, lastRpcTime:5186, electionTimeout:5184ms
2019-07-14 01:00:30,527 INFO  impl.RoleInfo (RoleInfo.java:shutdownFollowerState(121)) - 43106e18-f800-4739-9e92-86e3ea2db31d: shutdown FollowerState
2019-07-14 01:00:30,527 INFO  impl.RaftServerImpl (RaftServerImpl.java:setRole(171)) - 43106e18-f800-4739-9e92-86e3ea2db31d:group-62768C1BF978 changes role from FOLLOWER to CANDIDATE at term 0 for changeToCandidate
2019-07-14 01:00:30,527 INFO  impl.RoleInfo (RoleInfo.java:updateAndGet(143)) - 43106e18-f800-4739-9e92-86e3ea2db31d: start LeaderElection
2019-07-14 01:00:30,533 INFO  segmented.SegmentedRaftLogWorker (SegmentedRaftLogWorker.java:execute(569)) - cd5bc3ce-e3c6-46eb-9d59-d6d2ed0e9ffd-SegmentedRaftLogWorker:Storage Directory /tmp/workdir/hadoop-ozone/integration-test/target/test-dir/MiniOzoneClusterImpl-59f4ffd4-c69e-43d5-9b99-59d04e6f6f19/datanode-4/data/ratis/e7263f37-4c5e-4efa-8fab-a8edbe8456de: created new log segment /tmp/workdir/hadoop-ozone/integration-test/target/test-dir/MiniOzoneClusterImpl-59f4ffd4-c69e-43d5-9b99-59d04e6f6f19/datanode-4/data/ratis/e7263f37-4c5e-4efa-8fab-a8edbe8456de/current/log_inprogress_0
2019-07-14 01:00:30,546 INFO  impl.LeaderElection (LeaderElection.java:askForVotes(181)) - 43106e18-f800-4739-9e92-86e3ea2db31d:group-62768C1BF978:LeaderElection3: begin an election at term 1 for -1: [43106e18-f800-4739-9e92-86e3ea2db31d:192.168.157.230:43279], old=null
2019-07-14 01:00:30,547 INFO  impl.RoleInfo (RoleInfo.java:shutdownLeaderElection(134)) - 43106e18-f800-4739-9e92-86e3ea2db31d: shutdown LeaderElection
2019-07-14 01:00:30,547 INFO  impl.RaftServerImpl (RaftServerImpl.java:setRole(171)) - 43106e18-f800-4739-9e92-86e3ea2db31d:group-62768C1BF978 changes role from CANDIDATE to LEADER at term 1 for changeToLeader
2019-07-14 01:00:30,547 INFO  impl.RaftServerImpl (ServerState.java:setLeader(263)) - 43106e18-f800-4739-9e92-86e3ea2db31d:group-62768C1BF978 change Leader from null to 43106e18-f800-4739-9e92-86e3ea2db31d at term 1 for becomeLeader, leader elected after 5213ms
2019-07-14 01:00:30,549 INFO  server.RaftServerConfigKeys (ConfUtils.java:logGet(43)) - raft.server.staging.catchup.gap = 1000 (default)
2019-07-14 01:00:30,549 INFO  server.RaftServerConfigKeys (ConfUtils.java:logGet(43)) - raft.server.rpc.sleep.time = 25ms (default)
2019-07-14 01:00:30,549 INFO  server.RaftServerConfigKeys (ConfUtils.java:logGet(43)) - raft.server.write.element-limit = 4096 (default)
2019-07-14 01:00:30,549 INFO  server.RaftServerConfigKeys (ConfUtils.java:logGet(43)) - raft.server.watch.timeout = 10s (default)
2019-07-14 01:00:30,549 INFO  server.RaftServerConfigKeys (ConfUtils.java:logGet(43)) - raft.server.watch.timeout.denomination = 1s (default)
2019-07-14 01:00:30,550 INFO  server.RaftServerConfigKeys (ConfUtils.java:logGet(43)) - raft.server.watch.element-limit = 65536 (default)
2019-07-14 01:00:30,550 INFO  impl.RoleInfo (RoleInfo.java:updateAndGet(143)) - 43106e18-f800-4739-9e92-86e3ea2db31d: start LeaderState
2019-07-14 01:00:30,550 INFO  segmented.SegmentedRaftLogWorker (SegmentedRaftLogWorker.java:startLogSegment(380)) - 43106e18-f800-4739-9e92-86e3ea2db31d-SegmentedRaftLogWorker:Storage Directory /tmp/workdir/hadoop-ozone/integration-test/target/test-dir/MiniOzoneClusterImpl-59f4ffd4-c69e-43d5-9b99-59d04e6f6f19/datanode-1/data/ratis/dc0032e0-1547-4452-8f1b-62768c1bf978: Starting segment from index:0
2019-07-14 01:00:30,551 INFO  impl.RaftServerImpl (ServerState.java:setRaftConf(361)) - 43106e18-f800-4739-9e92-86e3ea2db31d:group-62768C1BF978 set configuration 0: [43106e18-f800-4739-9e92-86e3ea2db31d:192.168.157.230:43279], old=null at 0
2019-07-14 01:00:30,585 INFO  segmented.SegmentedRaftLogWorker (SegmentedRaftLogWorker.java:execute(569)) - 43106e18-f800-4739-9e92-86e3ea2db31d-SegmentedRaftLogWorker:Storage Directory /tmp/workdir/hadoop-ozone/integration-test/target/test-dir/MiniOzoneClusterImpl-59f4ffd4-c69e-43d5-9b99-59d04e6f6f19/datanode-1/data/ratis/dc0032e0-1547-4452-8f1b-62768c1bf978: created new log segment /tmp/workdir/hadoop-ozone/integration-test/target/test-dir/MiniOzoneClusterImpl-59f4ffd4-c69e-43d5-9b99-59d04e6f6f19/datanode-1/data/ratis/dc0032e0-1547-4452-8f1b-62768c1bf978/current/log_inprogress_0
2019-07-14 01:00:30,633 INFO  impl.FollowerState (FollowerState.java:run(106)) - 3e145723-ff3e-41b8-bf22-3e40bf8680f1:group-FD714DE0DEFC changes to CANDIDATE, lastRpcTime:5129, electionTimeout:5129ms
2019-07-14 01:00:30,633 INFO  impl.RoleInfo (RoleInfo.java:shutdownFollowerState(121)) - 3e145723-ff3e-41b8-bf22-3e40bf8680f1: shutdown FollowerState
2019-07-14 01:00:30,633 INFO  impl.RaftServerImpl (RaftServerImpl.java:setRole(171)) - 3e145723-ff3e-41b8-bf22-3e40bf8680f1:group-FD714DE0DEFC changes role from FOLLOWER to CANDIDATE at term 0 for changeToCandidate
2019-07-14 01:00:30,634 INFO  impl.RoleInfo (RoleInfo.java:updateAndGet(143)) - 3e145723-ff3e-41b8-bf22-3e40bf8680f1: start LeaderElection
2019-07-14 01:00:30,653 INFO  impl.LeaderElection (LeaderElection.java:askForVotes(181)) - 3e145723-ff3e-41b8-bf22-3e40bf8680f1:group-FD714DE0DEFC:LeaderElection4: begin an election at term 1 for -1: [3e145723-ff3e-41b8-bf22-3e40bf8680f1:192.168.157.230:38770], old=null
2019-07-14 01:00:30,655 INFO  impl.RoleInfo (RoleInfo.java:shutdownLeaderElection(134)) - 3e145723-ff3e-41b8-bf22-3e40bf8680f1: shutdown LeaderElection
2019-07-14 01:00:30,655 INFO  impl.RaftServerImpl (RaftServerImpl.java:setRole(171)) - 3e145723-ff3e-41b8-bf22-3e40bf8680f1:group-FD714DE0DEFC changes role from CANDIDATE to LEADER at term 1 for changeToLeader
2019-07-14 01:00:30,655 INFO  impl.RaftServerImpl (ServerState.java:setLeader(263)) - 3e145723-ff3e-41b8-bf22-3e40bf8680f1:group-FD714DE0DEFC change Leader from null to 3e145723-ff3e-41b8-bf22-3e40bf8680f1 at term 1 for becomeLeader, leader elected after 5157ms
2019-07-14 01:00:30,657 INFO  server.RaftServerConfigKeys (ConfUtils.java:logGet(43)) - raft.server.staging.catchup.gap = 1000 (default)
2019-07-14 01:00:30,658 INFO  server.RaftServerConfigKeys (ConfUtils.java:logGet(43)) - raft.server.rpc.sleep.time = 25ms (default)
2019-07-14 01:00:30,658 INFO  server.RaftServerConfigKeys (ConfUtils.java:logGet(43)) - raft.server.write.element-limit = 4096 (default)
2019-07-14 01:00:30,658 INFO  server.RaftServerConfigKeys (ConfUtils.java:logGet(43)) - raft.server.watch.timeout = 10s (default)
2019-07-14 01:00:30,658 INFO  server.RaftServerConfigKeys (ConfUtils.java:logGet(43)) - raft.server.watch.timeout.denomination = 1s (default)
2019-07-14 01:00:30,658 INFO  server.RaftServerConfigKeys (ConfUtils.java:logGet(43)) - raft.server.watch.element-limit = 65536 (default)
2019-07-14 01:00:30,659 INFO  impl.RoleInfo (RoleInfo.java:updateAndGet(143)) - 3e145723-ff3e-41b8-bf22-3e40bf8680f1: start LeaderState
2019-07-14 01:00:30,659 INFO  segmented.SegmentedRaftLogWorker (SegmentedRaftLogWorker.java:startLogSegment(380)) - 3e145723-ff3e-41b8-bf22-3e40bf8680f1-SegmentedRaftLogWorker:Storage Directory /tmp/workdir/hadoop-ozone/integration-test/target/test-dir/MiniOzoneClusterImpl-59f4ffd4-c69e-43d5-9b99-59d04e6f6f19/datanode-5/data/ratis/6404fec1-7239-42f5-9d0f-fd714de0defc: Starting segment from index:0
2019-07-14 01:00:30,660 INFO  impl.RaftServerImpl (ServerState.java:setRaftConf(361)) - 3e145723-ff3e-41b8-bf22-3e40bf8680f1:group-FD714DE0DEFC set configuration 0: [3e145723-ff3e-41b8-bf22-3e40bf8680f1:192.168.157.230:38770], old=null at 0
2019-07-14 01:00:30,694 INFO  segmented.SegmentedRaftLogWorker (SegmentedRaftLogWorker.java:execute(569)) - 3e145723-ff3e-41b8-bf22-3e40bf8680f1-SegmentedRaftLogWorker:Storage Directory /tmp/workdir/hadoop-ozone/integration-test/target/test-dir/MiniOzoneClusterImpl-59f4ffd4-c69e-43d5-9b99-59d04e6f6f19/datanode-5/data/ratis/6404fec1-7239-42f5-9d0f-fd714de0defc: created new log segment /tmp/workdir/hadoop-ozone/integration-test/target/test-dir/MiniOzoneClusterImpl-59f4ffd4-c69e-43d5-9b99-59d04e6f6f19/datanode-5/data/ratis/6404fec1-7239-42f5-9d0f-fd714de0defc/current/log_inprogress_0
2019-07-14 01:00:30,750 INFO  impl.FollowerState (FollowerState.java:run(106)) - 31579158-a9e7-4c5e-ab80-b5e9b493ce46:group-89BFB9C4F463 changes to CANDIDATE, lastRpcTime:5093, electionTimeout:5093ms
2019-07-14 01:00:30,751 INFO  impl.RoleInfo (RoleInfo.java:shutdownFollowerState(121)) - 31579158-a9e7-4c5e-ab80-b5e9b493ce46: shutdown FollowerState
2019-07-14 01:00:30,751 INFO  impl.RaftServerImpl (RaftServerImpl.java:setRole(171)) - 31579158-a9e7-4c5e-ab80-b5e9b493ce46:group-89BFB9C4F463 changes role from FOLLOWER to CANDIDATE at term 0 for changeToCandidate
2019-07-14 01:00:30,751 INFO  impl.RoleInfo (RoleInfo.java:updateAndGet(143)) - 31579158-a9e7-4c5e-ab80-b5e9b493ce46: start LeaderElection
2019-07-14 01:00:30,759 INFO  impl.FollowerState (FollowerState.java:run(106)) - 104caf5e-9caf-4bd0-8070-6d8b62874fc4:group-65A4E0879949 changes to CANDIDATE, lastRpcTime:5179, electionTimeout:5179ms
2019-07-14 01:00:30,762 INFO  impl.RoleInfo (RoleInfo.java:shutdownFollowerState(121)) - 104caf5e-9caf-4bd0-8070-6d8b62874fc4: shutdown FollowerState
2019-07-14 01:00:30,762 INFO  impl.RaftServerImpl (RaftServerImpl.java:setRole(171)) - 104caf5e-9caf-4bd0-8070-6d8b62874fc4:group-65A4E0879949 changes role from FOLLOWER to CANDIDATE at term 0 for changeToCandidate
2019-07-14 01:00:30,762 INFO  impl.RoleInfo (RoleInfo.java:updateAndGet(143)) - 104caf5e-9caf-4bd0-8070-6d8b62874fc4: start LeaderElection
2019-07-14 01:00:30,769 INFO  impl.LeaderElection (LeaderElection.java:askForVotes(181)) - 31579158-a9e7-4c5e-ab80-b5e9b493ce46:group-89BFB9C4F463:LeaderElection5: begin an election at term 1 for -1: [31579158-a9e7-4c5e-ab80-b5e9b493ce46:192.168.157.230:33991], old=null
2019-07-14 01:00:30,769 INFO  impl.RoleInfo (RoleInfo.java:shutdownLeaderElection(134)) - 31579158-a9e7-4c5e-ab80-b5e9b493ce46: shutdown LeaderElection
2019-07-14 01:00:30,769 INFO  impl.RaftServerImpl (RaftServerImpl.java:setRole(171)) - 31579158-a9e7-4c5e-ab80-b5e9b493ce46:group-89BFB9C4F463 changes role from CANDIDATE to LEADER at term 1 for changeToLeader
2019-07-14 01:00:30,769 INFO  impl.RaftServerImpl (ServerState.java:setLeader(263)) - 31579158-a9e7-4c5e-ab80-b5e9b493ce46:group-89BFB9C4F463 change Leader from null to 31579158-a9e7-4c5e-ab80-b5e9b493ce46 at term 1 for becomeLeader, leader elected after 5117ms
2019-07-14 01:00:30,771 INFO  server.RaftServerConfigKeys (ConfUtils.java:logGet(43)) - raft.server.staging.catchup.gap = 1000 (default)
2019-07-14 01:00:30,772 INFO  server.RaftServerConfigKeys (ConfUtils.java:logGet(43)) - raft.server.rpc.sleep.time = 25ms (default)
2019-07-14 01:00:30,772 INFO  server.RaftServerConfigKeys (ConfUtils.java:logGet(43)) - raft.server.write.element-limit = 4096 (default)
2019-07-14 01:00:30,772 INFO  server.RaftServerConfigKeys (ConfUtils.java:logGet(43)) - raft.server.watch.timeout = 10s (default)
2019-07-14 01:00:30,772 INFO  server.RaftServerConfigKeys (ConfUtils.java:logGet(43)) - raft.server.watch.timeout.denomination = 1s (default)
2019-07-14 01:00:30,772 INFO  server.RaftServerConfigKeys (ConfUtils.java:logGet(43)) - raft.server.watch.element-limit = 65536 (default)
2019-07-14 01:00:30,773 INFO  impl.RoleInfo (RoleInfo.java:updateAndGet(143)) - 31579158-a9e7-4c5e-ab80-b5e9b493ce46: start LeaderState
2019-07-14 01:00:30,773 INFO  segmented.SegmentedRaftLogWorker (SegmentedRaftLogWorker.java:startLogSegment(380)) - 31579158-a9e7-4c5e-ab80-b5e9b493ce46-SegmentedRaftLogWorker:Storage Directory /tmp/workdir/hadoop-ozone/integration-test/target/test-dir/MiniOzoneClusterImpl-59f4ffd4-c69e-43d5-9b99-59d04e6f6f19/datanode-3/data/ratis/1227fb18-8361-4ecb-b5fa-89bfb9c4f463: Starting segment from index:0
2019-07-14 01:00:30,774 INFO  impl.RaftServerImpl (ServerState.java:setRaftConf(361)) - 31579158-a9e7-4c5e-ab80-b5e9b493ce46:group-89BFB9C4F463 set configuration 0: [31579158-a9e7-4c5e-ab80-b5e9b493ce46:192.168.157.230:33991], old=null at 0
2019-07-14 01:00:30,793 INFO  impl.LeaderElection (LeaderElection.java:askForVotes(181)) - 104caf5e-9caf-4bd0-8070-6d8b62874fc4:group-65A4E0879949:LeaderElection6: begin an election at term 1 for -1: [104caf5e-9caf-4bd0-8070-6d8b62874fc4:192.168.157.230:35236], old=null
2019-07-14 01:00:30,793 INFO  impl.RoleInfo (RoleInfo.java:shutdownLeaderElection(134)) - 104caf5e-9caf-4bd0-8070-6d8b62874fc4: shutdown LeaderElection
2019-07-14 01:00:30,794 INFO  impl.RaftServerImpl (RaftServerImpl.java:setRole(171)) - 104caf5e-9caf-4bd0-8070-6d8b62874fc4:group-65A4E0879949 changes role from CANDIDATE to LEADER at term 1 for changeToLeader
2019-07-14 01:00:30,794 INFO  impl.RaftServerImpl (ServerState.java:setLeader(263)) - 104caf5e-9caf-4bd0-8070-6d8b62874fc4:group-65A4E0879949 change Leader from null to 104caf5e-9caf-4bd0-8070-6d8b62874fc4 at term 1 for becomeLeader, leader elected after 5219ms
2019-07-14 01:00:30,796 INFO  server.RaftServerConfigKeys (ConfUtils.java:logGet(43)) - raft.server.staging.catchup.gap = 1000 (default)
2019-07-14 01:00:30,796 INFO  server.RaftServerConfigKeys (ConfUtils.java:logGet(43)) - raft.server.rpc.sleep.time = 25ms (default)
2019-07-14 01:00:30,797 INFO  server.RaftServerConfigKeys (ConfUtils.java:logGet(43)) - raft.server.write.element-limit = 4096 (default)
2019-07-14 01:00:30,797 INFO  server.RaftServerConfigKeys (ConfUtils.java:logGet(43)) - raft.server.watch.timeout = 10s (default)
2019-07-14 01:00:30,797 INFO  server.RaftServerConfigKeys (ConfUtils.java:logGet(43)) - raft.server.watch.timeout.denomination = 1s (default)
2019-07-14 01:00:30,797 INFO  server.RaftServerConfigKeys (ConfUtils.java:logGet(43)) - raft.server.watch.element-limit = 65536 (default)
2019-07-14 01:00:30,798 INFO  impl.RoleInfo (RoleInfo.java:updateAndGet(143)) - 104caf5e-9caf-4bd0-8070-6d8b62874fc4: start LeaderState
2019-07-14 01:00:30,798 INFO  segmented.SegmentedRaftLogWorker (SegmentedRaftLogWorker.java:startLogSegment(380)) - 104caf5e-9caf-4bd0-8070-6d8b62874fc4-SegmentedRaftLogWorker:Storage Directory /tmp/workdir/hadoop-ozone/integration-test/target/test-dir/MiniOzoneClusterImpl-59f4ffd4-c69e-43d5-9b99-59d04e6f6f19/datanode-2/data/ratis/5215b862-57bf-467a-b270-65a4e0879949: Starting segment from index:0
2019-07-14 01:00:30,799 INFO  impl.RaftServerImpl (ServerState.java:setRaftConf(361)) - 104caf5e-9caf-4bd0-8070-6d8b62874fc4:group-65A4E0879949 set configuration 0: [104caf5e-9caf-4bd0-8070-6d8b62874fc4:192.168.157.230:35236], old=null at 0
2019-07-14 01:00:30,819 INFO  impl.FollowerState (FollowerState.java:run(106)) - 59701a64-e707-4025-83ea-0a1d447aaf37:group-3B39223CE2D8 changes to CANDIDATE, lastRpcTime:5090, electionTimeout:5079ms
2019-07-14 01:00:30,819 INFO  segmented.SegmentedRaftLogWorker (SegmentedRaftLogWorker.java:execute(569)) - 31579158-a9e7-4c5e-ab80-b5e9b493ce46-SegmentedRaftLogWorker:Storage Directory /tmp/workdir/hadoop-ozone/integration-test/target/test-dir/MiniOzoneClusterImpl-59f4ffd4-c69e-43d5-9b99-59d04e6f6f19/datanode-3/data/ratis/1227fb18-8361-4ecb-b5fa-89bfb9c4f463: created new log segment /tmp/workdir/hadoop-ozone/integration-test/target/test-dir/MiniOzoneClusterImpl-59f4ffd4-c69e-43d5-9b99-59d04e6f6f19/datanode-3/data/ratis/1227fb18-8361-4ecb-b5fa-89bfb9c4f463/current/log_inprogress_0
2019-07-14 01:00:30,819 INFO  impl.RoleInfo (RoleInfo.java:shutdownFollowerState(121)) - 59701a64-e707-4025-83ea-0a1d447aaf37: shutdown FollowerState
2019-07-14 01:00:30,820 INFO  impl.RaftServerImpl (RaftServerImpl.java:setRole(171)) - 59701a64-e707-4025-83ea-0a1d447aaf37:group-3B39223CE2D8 changes role from FOLLOWER to CANDIDATE at term 0 for changeToCandidate
2019-07-14 01:00:30,820 INFO  impl.RoleInfo (RoleInfo.java:updateAndGet(143)) - 59701a64-e707-4025-83ea-0a1d447aaf37: start LeaderElection
2019-07-14 01:00:30,832 INFO  segmented.SegmentedRaftLogWorker (SegmentedRaftLogWorker.java:execute(569)) - 104caf5e-9caf-4bd0-8070-6d8b62874fc4-SegmentedRaftLogWorker:Storage Directory /tmp/workdir/hadoop-ozone/integration-test/target/test-dir/MiniOzoneClusterImpl-59f4ffd4-c69e-43d5-9b99-59d04e6f6f19/datanode-2/data/ratis/5215b862-57bf-467a-b270-65a4e0879949: created new log segment /tmp/workdir/hadoop-ozone/integration-test/target/test-dir/MiniOzoneClusterImpl-59f4ffd4-c69e-43d5-9b99-59d04e6f6f19/datanode-2/data/ratis/5215b862-57bf-467a-b270-65a4e0879949/current/log_inprogress_0
2019-07-14 01:00:30,841 INFO  impl.LeaderElection (LeaderElection.java:askForVotes(181)) - 59701a64-e707-4025-83ea-0a1d447aaf37:group-3B39223CE2D8:LeaderElection7: begin an election at term 1 for -1: [59701a64-e707-4025-83ea-0a1d447aaf37:192.168.157.230:36860], old=null
2019-07-14 01:00:30,843 INFO  impl.RoleInfo (RoleInfo.java:shutdownLeaderElection(134)) - 59701a64-e707-4025-83ea-0a1d447aaf37: shutdown LeaderElection
2019-07-14 01:00:30,843 INFO  impl.RaftServerImpl (RaftServerImpl.java:setRole(171)) - 59701a64-e707-4025-83ea-0a1d447aaf37:group-3B39223CE2D8 changes role from CANDIDATE to LEADER at term 1 for changeToLeader
2019-07-14 01:00:30,843 INFO  impl.RaftServerImpl (ServerState.java:setLeader(263)) - 59701a64-e707-4025-83ea-0a1d447aaf37:group-3B39223CE2D8 change Leader from null to 59701a64-e707-4025-83ea-0a1d447aaf37 at term 1 for becomeLeader, leader elected after 5120ms
2019-07-14 01:00:30,845 INFO  impl.FollowerState (FollowerState.java:run(106)) - cd5bc3ce-e3c6-46eb-9d59-d6d2ed0e9ffd:group-52FC3FABB2D3 changes to CANDIDATE, lastRpcTime:5007, electionTimeout:5006ms
2019-07-14 01:00:30,845 INFO  server.RaftServerConfigKeys (ConfUtils.java:logGet(43)) - raft.server.staging.catchup.gap = 1000 (default)
2019-07-14 01:00:30,847 INFO  impl.RoleInfo (RoleInfo.java:shutdownFollowerState(121)) - cd5bc3ce-e3c6-46eb-9d59-d6d2ed0e9ffd: shutdown FollowerState
2019-07-14 01:00:30,848 INFO  server.RaftServerConfigKeys (ConfUtils.java:logGet(43)) - raft.server.rpc.sleep.time = 25ms (default)
2019-07-14 01:00:30,848 INFO  impl.RaftServerImpl (RaftServerImpl.java:setRole(171)) - cd5bc3ce-e3c6-46eb-9d59-d6d2ed0e9ffd:group-52FC3FABB2D3 changes role from FOLLOWER to CANDIDATE at term 0 for changeToCandidate
2019-07-14 01:00:30,848 INFO  server.RaftServerConfigKeys (ConfUtils.java:logGet(43)) - raft.server.write.element-limit = 4096 (default)
2019-07-14 01:00:30,848 INFO  impl.RoleInfo (RoleInfo.java:updateAndGet(143)) - cd5bc3ce-e3c6-46eb-9d59-d6d2ed0e9ffd: start LeaderElection
2019-07-14 01:00:30,848 INFO  server.RaftServerConfigKeys (ConfUtils.java:logGet(43)) - raft.server.watch.timeout = 10s (default)
2019-07-14 01:00:30,848 INFO  server.RaftServerConfigKeys (ConfUtils.java:logGet(43)) - raft.server.watch.timeout.denomination = 1s (default)
2019-07-14 01:00:30,852 INFO  server.RaftServerConfigKeys (ConfUtils.java:logGet(43)) - raft.server.watch.element-limit = 65536 (default)
2019-07-14 01:00:30,854 INFO  impl.RoleInfo (RoleInfo.java:updateAndGet(143)) - 59701a64-e707-4025-83ea-0a1d447aaf37: start LeaderState
2019-07-14 01:00:30,855 INFO  segmented.SegmentedRaftLogWorker (SegmentedRaftLogWorker.java:startLogSegment(380)) - 59701a64-e707-4025-83ea-0a1d447aaf37-SegmentedRaftLogWorker:Storage Directory /tmp/workdir/hadoop-ozone/integration-test/target/test-dir/MiniOzoneClusterImpl-59f4ffd4-c69e-43d5-9b99-59d04e6f6f19/datanode-6/data/ratis/a241bbc2-f285-4acb-b1ea-3b39223ce2d8: Starting segment from index:0
2019-07-14 01:00:30,855 INFO  impl.RaftServerImpl (ServerState.java:setRaftConf(361)) - 59701a64-e707-4025-83ea-0a1d447aaf37:group-3B39223CE2D8 set configuration 0: [59701a64-e707-4025-83ea-0a1d447aaf37:192.168.157.230:36860], old=null at 0
2019-07-14 01:00:30,876 INFO  impl.LeaderElection (LeaderElection.java:askForVotes(181)) - cd5bc3ce-e3c6-46eb-9d59-d6d2ed0e9ffd:group-52FC3FABB2D3:LeaderElection8: begin an election at term 1 for -1: [43106e18-f800-4739-9e92-86e3ea2db31d:192.168.157.230:43279, 0418bd44-dbfd-4b9b-b879-c018f273057c:192.168.157.230:43651, cd5bc3ce-e3c6-46eb-9d59-d6d2ed0e9ffd:192.168.157.230:37487], old=null
2019-07-14 01:00:30,886 INFO  segmented.SegmentedRaftLogWorker (SegmentedRaftLogWorker.java:execute(569)) - 59701a64-e707-4025-83ea-0a1d447aaf37-SegmentedRaftLogWorker:Storage Directory /tmp/workdir/hadoop-ozone/integration-test/target/test-dir/MiniOzoneClusterImpl-59f4ffd4-c69e-43d5-9b99-59d04e6f6f19/datanode-6/data/ratis/a241bbc2-f285-4acb-b1ea-3b39223ce2d8: created new log segment /tmp/workdir/hadoop-ozone/integration-test/target/test-dir/MiniOzoneClusterImpl-59f4ffd4-c69e-43d5-9b99-59d04e6f6f19/datanode-6/data/ratis/a241bbc2-f285-4acb-b1ea-3b39223ce2d8/current/log_inprogress_0
2019-07-14 01:00:30,907 INFO  impl.RaftServerImpl (RaftServerImpl.java:setRole(171)) - 0418bd44-dbfd-4b9b-b879-c018f273057c:group-52FC3FABB2D3 changes role from FOLLOWER to FOLLOWER at term 1 for recognizeCandidate:cd5bc3ce-e3c6-46eb-9d59-d6d2ed0e9ffd
2019-07-14 01:00:30,907 INFO  impl.RoleInfo (RoleInfo.java:shutdownFollowerState(121)) - 0418bd44-dbfd-4b9b-b879-c018f273057c: shutdown FollowerState
2019-07-14 01:00:30,907 INFO  impl.RaftServerImpl (RaftServerImpl.java:setRole(171)) - 43106e18-f800-4739-9e92-86e3ea2db31d:group-52FC3FABB2D3 changes role from FOLLOWER to FOLLOWER at term 1 for recognizeCandidate:cd5bc3ce-e3c6-46eb-9d59-d6d2ed0e9ffd
2019-07-14 01:00:30,909 INFO  impl.FollowerState (FollowerState.java:run(114)) - 0418bd44-dbfd-4b9b-b879-c018f273057c: FollowerState was interrupted: java.lang.InterruptedException: sleep interrupted
2019-07-14 01:00:30,909 INFO  impl.RoleInfo (RoleInfo.java:updateAndGet(143)) - 0418bd44-dbfd-4b9b-b879-c018f273057c: start FollowerState
2019-07-14 01:00:30,909 INFO  impl.RoleInfo (RoleInfo.java:shutdownFollowerState(121)) - 43106e18-f800-4739-9e92-86e3ea2db31d: shutdown FollowerState
2019-07-14 01:00:30,912 INFO  impl.RoleInfo (RoleInfo.java:updateAndGet(143)) - 43106e18-f800-4739-9e92-86e3ea2db31d: start FollowerState
2019-07-14 01:00:30,912 INFO  impl.FollowerState (FollowerState.java:run(114)) - 43106e18-f800-4739-9e92-86e3ea2db31d: FollowerState was interrupted: java.lang.InterruptedException: sleep interrupted
2019-07-14 01:00:30,939 INFO  impl.LeaderElection (LeaderElection.java:logAndReturn(56)) - cd5bc3ce-e3c6-46eb-9d59-d6d2ed0e9ffd:group-52FC3FABB2D3:LeaderElection8: Election PASSED; received 1 response(s) [cd5bc3ce-e3c6-46eb-9d59-d6d2ed0e9ffd<-0418bd44-dbfd-4b9b-b879-c018f273057c#0:OK-t1] and 0 exception(s); cd5bc3ce-e3c6-46eb-9d59-d6d2ed0e9ffd:t1, leader=null, voted=cd5bc3ce-e3c6-46eb-9d59-d6d2ed0e9ffd, raftlog=cd5bc3ce-e3c6-46eb-9d59-d6d2ed0e9ffd-SegmentedRaftLog:OPENED:c-1,f-1,i0, conf=-1: [43106e18-f800-4739-9e92-86e3ea2db31d:192.168.157.230:43279, 0418bd44-dbfd-4b9b-b879-c018f273057c:192.168.157.230:43651, cd5bc3ce-e3c6-46eb-9d59-d6d2ed0e9ffd:192.168.157.230:37487], old=null
2019-07-14 01:00:30,940 INFO  impl.RoleInfo (RoleInfo.java:shutdownLeaderElection(134)) - cd5bc3ce-e3c6-46eb-9d59-d6d2ed0e9ffd: shutdown LeaderElection
2019-07-14 01:00:30,940 INFO  impl.RaftServerImpl (RaftServerImpl.java:setRole(171)) - cd5bc3ce-e3c6-46eb-9d59-d6d2ed0e9ffd:group-52FC3FABB2D3 changes role from CANDIDATE to LEADER at term 1 for changeToLeader
2019-07-14 01:00:30,940 INFO  impl.RaftServerImpl (ServerState.java:setLeader(263)) - cd5bc3ce-e3c6-46eb-9d59-d6d2ed0e9ffd:group-52FC3FABB2D3 change Leader from null to cd5bc3ce-e3c6-46eb-9d59-d6d2ed0e9ffd at term 1 for becomeLeader, leader elected after 5117ms
2019-07-14 01:00:30,944 INFO  server.RaftServerConfigKeys (ConfUtils.java:logGet(43)) - raft.server.staging.catchup.gap = 1000 (default)
2019-07-14 01:00:30,944 INFO  server.RaftServerConfigKeys (ConfUtils.java:logGet(43)) - raft.server.rpc.sleep.time = 25ms (default)
2019-07-14 01:00:30,945 INFO  server.RaftServerConfigKeys (ConfUtils.java:logGet(43)) - raft.server.write.element-limit = 4096 (default)
2019-07-14 01:00:30,945 INFO  server.RaftServerConfigKeys (ConfUtils.java:logGet(43)) - raft.server.watch.timeout = 10s (default)
2019-07-14 01:00:30,945 INFO  server.RaftServerConfigKeys (ConfUtils.java:logGet(43)) - raft.server.watch.timeout.denomination = 1s (default)
2019-07-14 01:00:30,945 INFO  server.RaftServerConfigKeys (ConfUtils.java:logGet(43)) - raft.server.watch.element-limit = 65536 (default)
2019-07-14 01:00:30,948 INFO  server.RaftServerConfigKeys (ConfUtils.java:logGet(43)) - raft.server.log.appender.snapshot.chunk.size.max = 16MB (=16777216) (default)
2019-07-14 01:00:30,948 INFO  server.RaftServerConfigKeys (ConfUtils.java:logGet(43)) - raft.server.log.appender.buffer.byte-limit = 33554432 (custom)
2019-07-14 01:00:30,949 INFO  server.RaftServerConfigKeys (ConfUtils.java:logGet(43)) - raft.server.log.appender.buffer.element-limit = 1 (custom)
2019-07-14 01:00:30,953 INFO  grpc.GrpcConfigKeys$Server (ConfUtils.java:logGet(43)) - raft.grpc.server.leader.outstanding.appends.max = 128 (default)
2019-07-14 01:00:30,955 INFO  server.RaftServerConfigKeys (ConfUtils.java:logGet(43)) - raft.server.rpc.request.timeout = 3000ms (default)
2019-07-14 01:00:30,955 INFO  server.RaftServerConfigKeys (ConfUtils.java:logGet(43)) - raft.server.log.appender.install.snapshot.enabled = false (custom)
2019-07-14 01:00:30,956 INFO  server.RaftServerConfigKeys (ConfUtils.java:logGet(43)) - raft.server.log.appender.snapshot.chunk.size.max = 16MB (=16777216) (default)
2019-07-14 01:00:30,956 INFO  server.RaftServerConfigKeys (ConfUtils.java:logGet(43)) - raft.server.log.appender.buffer.byte-limit = 33554432 (custom)
2019-07-14 01:00:30,956 INFO  server.RaftServerConfigKeys (ConfUtils.java:logGet(43)) - raft.server.log.appender.buffer.element-limit = 1 (custom)
2019-07-14 01:00:30,956 INFO  grpc.GrpcConfigKeys$Server (ConfUtils.java:logGet(43)) - raft.grpc.server.leader.outstanding.appends.max = 128 (default)
2019-07-14 01:00:30,957 INFO  server.RaftServerConfigKeys (ConfUtils.java:logGet(43)) - raft.server.rpc.request.timeout = 3000ms (default)
2019-07-14 01:00:30,957 INFO  server.RaftServerConfigKeys (ConfUtils.java:logGet(43)) - raft.server.log.appender.install.snapshot.enabled = false (custom)
2019-07-14 01:00:30,959 INFO  impl.RoleInfo (RoleInfo.java:updateAndGet(143)) - cd5bc3ce-e3c6-46eb-9d59-d6d2ed0e9ffd: start LeaderState
2019-07-14 01:00:30,959 INFO  segmented.SegmentedRaftLogWorker (SegmentedRaftLogWorker.java:startLogSegment(380)) - cd5bc3ce-e3c6-46eb-9d59-d6d2ed0e9ffd-SegmentedRaftLogWorker:Storage Directory /tmp/workdir/hadoop-ozone/integration-test/target/test-dir/MiniOzoneClusterImpl-59f4ffd4-c69e-43d5-9b99-59d04e6f6f19/datanode-4/data/ratis/fda95dbc-02ea-40ec-9f11-52fc3fabb2d3: Starting segment from index:0
2019-07-14 01:00:30,960 INFO  impl.RaftServerImpl (ServerState.java:setRaftConf(361)) - cd5bc3ce-e3c6-46eb-9d59-d6d2ed0e9ffd:group-52FC3FABB2D3 set configuration 0: [43106e18-f800-4739-9e92-86e3ea2db31d:192.168.157.230:43279, 0418bd44-dbfd-4b9b-b879-c018f273057c:192.168.157.230:43651, cd5bc3ce-e3c6-46eb-9d59-d6d2ed0e9ffd:192.168.157.230:37487], old=null at 0
2019-07-14 01:00:30,992 INFO  segmented.SegmentedRaftLogWorker (SegmentedRaftLogWorker.java:execute(569)) - cd5bc3ce-e3c6-46eb-9d59-d6d2ed0e9ffd-SegmentedRaftLogWorker:Storage Directory /tmp/workdir/hadoop-ozone/integration-test/target/test-dir/MiniOzoneClusterImpl-59f4ffd4-c69e-43d5-9b99-59d04e6f6f19/datanode-4/data/ratis/fda95dbc-02ea-40ec-9f11-52fc3fabb2d3: created new log segment /tmp/workdir/hadoop-ozone/integration-test/target/test-dir/MiniOzoneClusterImpl-59f4ffd4-c69e-43d5-9b99-59d04e6f6f19/datanode-4/data/ratis/fda95dbc-02ea-40ec-9f11-52fc3fabb2d3/current/log_inprogress_0
2019-07-14 01:00:31,005 INFO  impl.RaftServerImpl (ServerState.java:setLeader(263)) - 0418bd44-dbfd-4b9b-b879-c018f273057c:group-52FC3FABB2D3 change Leader from null to cd5bc3ce-e3c6-46eb-9d59-d6d2ed0e9ffd at term 1 for appendEntries, leader elected after 5182ms
2019-07-14 01:00:31,008 INFO  impl.FollowerState (FollowerState.java:run(106)) - 3e145723-ff3e-41b8-bf22-3e40bf8680f1:group-03DCB51E0B49 changes to CANDIDATE, lastRpcTime:5061, electionTimeout:5061ms
2019-07-14 01:00:31,009 INFO  impl.RoleInfo (RoleInfo.java:shutdownFollowerState(121)) - 3e145723-ff3e-41b8-bf22-3e40bf8680f1: shutdown FollowerState
2019-07-14 01:00:31,009 INFO  impl.RaftServerImpl (ServerState.java:setLeader(263)) - 43106e18-f800-4739-9e92-86e3ea2db31d:group-52FC3FABB2D3 change Leader from null to cd5bc3ce-e3c6-46eb-9d59-d6d2ed0e9ffd at term 1 for appendEntries, leader elected after 5186ms
2019-07-14 01:00:31,009 INFO  impl.RaftServerImpl (RaftServerImpl.java:setRole(171)) - 3e145723-ff3e-41b8-bf22-3e40bf8680f1:group-03DCB51E0B49 changes role from FOLLOWER to CANDIDATE at term 0 for changeToCandidate
2019-07-14 01:00:31,010 INFO  impl.RoleInfo (RoleInfo.java:updateAndGet(143)) - 3e145723-ff3e-41b8-bf22-3e40bf8680f1: start LeaderElection
2019-07-14 01:00:31,028 INFO  impl.LeaderElection (LeaderElection.java:askForVotes(181)) - 3e145723-ff3e-41b8-bf22-3e40bf8680f1:group-03DCB51E0B49:LeaderElection9: begin an election at term 1 for -1: [31579158-a9e7-4c5e-ab80-b5e9b493ce46:192.168.157.230:33991, 104caf5e-9caf-4bd0-8070-6d8b62874fc4:192.168.157.230:35236, 3e145723-ff3e-41b8-bf22-3e40bf8680f1:192.168.157.230:38770], old=null
2019-07-14 01:00:31,062 INFO  impl.RaftServerImpl (RaftServerImpl.java:setRole(171)) - 31579158-a9e7-4c5e-ab80-b5e9b493ce46:group-03DCB51E0B49 changes role from FOLLOWER to FOLLOWER at term 1 for recognizeCandidate:3e145723-ff3e-41b8-bf22-3e40bf8680f1
2019-07-14 01:00:31,062 INFO  impl.RaftServerImpl (RaftServerImpl.java:setRole(171)) - 104caf5e-9caf-4bd0-8070-6d8b62874fc4:group-03DCB51E0B49 changes role from FOLLOWER to FOLLOWER at term 1 for recognizeCandidate:3e145723-ff3e-41b8-bf22-3e40bf8680f1
2019-07-14 01:00:31,062 INFO  impl.RoleInfo (RoleInfo.java:shutdownFollowerState(121)) - 31579158-a9e7-4c5e-ab80-b5e9b493ce46: shutdown FollowerState
2019-07-14 01:00:31,062 INFO  impl.RoleInfo (RoleInfo.java:shutdownFollowerState(121)) - 104caf5e-9caf-4bd0-8070-6d8b62874fc4: shutdown FollowerState
2019-07-14 01:00:31,063 INFO  impl.FollowerState (FollowerState.java:run(114)) - 31579158-a9e7-4c5e-ab80-b5e9b493ce46: FollowerState was interrupted: java.lang.InterruptedException: sleep interrupted
2019-07-14 01:00:31,063 INFO  impl.RoleInfo (RoleInfo.java:updateAndGet(143)) - 31579158-a9e7-4c5e-ab80-b5e9b493ce46: start FollowerState
2019-07-14 01:00:31,063 INFO  impl.FollowerState (FollowerState.java:run(114)) - 104caf5e-9caf-4bd0-8070-6d8b62874fc4: FollowerState was interrupted: java.lang.InterruptedException: sleep interrupted
2019-07-14 01:00:31,063 INFO  impl.RoleInfo (RoleInfo.java:updateAndGet(143)) - 104caf5e-9caf-4bd0-8070-6d8b62874fc4: start FollowerState
2019-07-14 01:00:31,070 INFO  impl.RaftServerImpl (ServerState.java:setRaftConf(361)) - 43106e18-f800-4739-9e92-86e3ea2db31d:group-52FC3FABB2D3 set configuration 0: [43106e18-f800-4739-9e92-86e3ea2db31d:192.168.157.230:43279, 0418bd44-dbfd-4b9b-b879-c018f273057c:192.168.157.230:43651, cd5bc3ce-e3c6-46eb-9d59-d6d2ed0e9ffd:192.168.157.230:37487], old=null at 0
2019-07-14 01:00:31,070 INFO  impl.RaftServerImpl (ServerState.java:setRaftConf(361)) - 0418bd44-dbfd-4b9b-b879-c018f273057c:group-52FC3FABB2D3 set configuration 0: [43106e18-f800-4739-9e92-86e3ea2db31d:192.168.157.230:43279, 0418bd44-dbfd-4b9b-b879-c018f273057c:192.168.157.230:43651, cd5bc3ce-e3c6-46eb-9d59-d6d2ed0e9ffd:192.168.157.230:37487], old=null at 0
2019-07-14 01:00:31,070 INFO  segmented.SegmentedRaftLogWorker (SegmentedRaftLogWorker.java:startLogSegment(380)) - 43106e18-f800-4739-9e92-86e3ea2db31d-SegmentedRaftLogWorker:Storage Directory /tmp/workdir/hadoop-ozone/integration-test/target/test-dir/MiniOzoneClusterImpl-59f4ffd4-c69e-43d5-9b99-59d04e6f6f19/datanode-1/data/ratis/fda95dbc-02ea-40ec-9f11-52fc3fabb2d3: Starting segment from index:0
2019-07-14 01:00:31,070 INFO  segmented.SegmentedRaftLogWorker (SegmentedRaftLogWorker.java:startLogSegment(380)) - 0418bd44-dbfd-4b9b-b879-c018f273057c-SegmentedRaftLogWorker:Storage Directory /tmp/workdir/hadoop-ozone/integration-test/target/test-dir/MiniOzoneClusterImpl-59f4ffd4-c69e-43d5-9b99-59d04e6f6f19/datanode-0/data/ratis/fda95dbc-02ea-40ec-9f11-52fc3fabb2d3: Starting segment from index:0
2019-07-14 01:00:31,100 INFO  impl.LeaderElection (LeaderElection.java:logAndReturn(56)) - 3e145723-ff3e-41b8-bf22-3e40bf8680f1:group-03DCB51E0B49:LeaderElection9: Election PASSED; received 1 response(s) [3e145723-ff3e-41b8-bf22-3e40bf8680f1<-104caf5e-9caf-4bd0-8070-6d8b62874fc4#0:OK-t1] and 0 exception(s); 3e145723-ff3e-41b8-bf22-3e40bf8680f1:t1, leader=null, voted=3e145723-ff3e-41b8-bf22-3e40bf8680f1, raftlog=3e145723-ff3e-41b8-bf22-3e40bf8680f1-SegmentedRaftLog:OPENED:c-1,f-1,i0, conf=-1: [31579158-a9e7-4c5e-ab80-b5e9b493ce46:192.168.157.230:33991, 104caf5e-9caf-4bd0-8070-6d8b62874fc4:192.168.157.230:35236, 3e145723-ff3e-41b8-bf22-3e40bf8680f1:192.168.157.230:38770], old=null
2019-07-14 01:00:31,101 INFO  impl.RoleInfo (RoleInfo.java:shutdownLeaderElection(134)) - 3e145723-ff3e-41b8-bf22-3e40bf8680f1: shutdown LeaderElection
2019-07-14 01:00:31,103 INFO  impl.RaftServerImpl (RaftServerImpl.java:setRole(171)) - 3e145723-ff3e-41b8-bf22-3e40bf8680f1:group-03DCB51E0B49 changes role from CANDIDATE to LEADER at term 1 for changeToLeader
2019-07-14 01:00:31,105 INFO  segmented.SegmentedRaftLogWorker (SegmentedRaftLogWorker.java:execute(569)) - 0418bd44-dbfd-4b9b-b879-c018f273057c-SegmentedRaftLogWorker:Storage Directory /tmp/workdir/hadoop-ozone/integration-test/target/test-dir/MiniOzoneClusterImpl-59f4ffd4-c69e-43d5-9b99-59d04e6f6f19/datanode-0/data/ratis/fda95dbc-02ea-40ec-9f11-52fc3fabb2d3: created new log segment /tmp/workdir/hadoop-ozone/integration-test/target/test-dir/MiniOzoneClusterImpl-59f4ffd4-c69e-43d5-9b99-59d04e6f6f19/datanode-0/data/ratis/fda95dbc-02ea-40ec-9f11-52fc3fabb2d3/current/log_inprogress_0
2019-07-14 01:00:31,105 INFO  segmented.SegmentedRaftLogWorker (SegmentedRaftLogWorker.java:execute(569)) - 43106e18-f800-4739-9e92-86e3ea2db31d-SegmentedRaftLogWorker:Storage Directory /tmp/workdir/hadoop-ozone/integration-test/target/test-dir/MiniOzoneClusterImpl-59f4ffd4-c69e-43d5-9b99-59d04e6f6f19/datanode-1/data/ratis/fda95dbc-02ea-40ec-9f11-52fc3fabb2d3: created new log segment /tmp/workdir/hadoop-ozone/integration-test/target/test-dir/MiniOzoneClusterImpl-59f4ffd4-c69e-43d5-9b99-59d04e6f6f19/datanode-1/data/ratis/fda95dbc-02ea-40ec-9f11-52fc3fabb2d3/current/log_inprogress_0
2019-07-14 01:00:31,105 INFO  impl.RaftServerImpl (ServerState.java:setLeader(263)) - 3e145723-ff3e-41b8-bf22-3e40bf8680f1:group-03DCB51E0B49 change Leader from null to 3e145723-ff3e-41b8-bf22-3e40bf8680f1 at term 1 for becomeLeader, leader elected after 5169ms
2019-07-14 01:00:31,109 INFO  server.RaftServerConfigKeys (ConfUtils.java:logGet(43)) - raft.server.staging.catchup.gap = 1000 (default)
2019-07-14 01:00:31,109 INFO  server.RaftServerConfigKeys (ConfUtils.java:logGet(43)) - raft.server.rpc.sleep.time = 25ms (default)
2019-07-14 01:00:31,109 INFO  server.RaftServerConfigKeys (ConfUtils.java:logGet(43)) - raft.server.write.element-limit = 4096 (default)
2019-07-14 01:00:31,109 INFO  server.RaftServerConfigKeys (ConfUtils.java:logGet(43)) - raft.server.watch.timeout = 10s (default)
2019-07-14 01:00:31,109 INFO  server.RaftServerConfigKeys (ConfUtils.java:logGet(43)) - raft.server.watch.timeout.denomination = 1s (default)
2019-07-14 01:00:31,110 INFO  server.RaftServerConfigKeys (ConfUtils.java:logGet(43)) - raft.server.watch.element-limit = 65536 (default)
2019-07-14 01:00:31,110 INFO  server.RaftServerConfigKeys (ConfUtils.java:logGet(43)) - raft.server.log.appender.snapshot.chunk.size.max = 16MB (=16777216) (default)
2019-07-14 01:00:31,110 INFO  server.RaftServerConfigKeys (ConfUtils.java:logGet(43)) - raft.server.log.appender.buffer.byte-limit = 33554432 (custom)
2019-07-14 01:00:31,111 INFO  server.RaftServerConfigKeys (ConfUtils.java:logGet(43)) - raft.server.log.appender.buffer.element-limit = 1 (custom)
2019-07-14 01:00:31,111 INFO  grpc.GrpcConfigKeys$Server (ConfUtils.java:logGet(43)) - raft.grpc.server.leader.outstanding.appends.max = 128 (default)
2019-07-14 01:00:31,111 INFO  server.RaftServerConfigKeys (ConfUtils.java:logGet(43)) - raft.server.rpc.request.timeout = 3000ms (default)
2019-07-14 01:00:31,111 INFO  server.RaftServerConfigKeys (ConfUtils.java:logGet(43)) - raft.server.log.appender.install.snapshot.enabled = false (custom)
2019-07-14 01:00:31,112 INFO  server.RaftServerConfigKeys (ConfUtils.java:logGet(43)) - raft.server.log.appender.snapshot.chunk.size.max = 16MB (=16777216) (default)
2019-07-14 01:00:31,112 INFO  server.RaftServerConfigKeys (ConfUtils.java:logGet(43)) - raft.server.log.appender.buffer.byte-limit = 33554432 (custom)
2019-07-14 01:00:31,114 INFO  server.RaftServerConfigKeys (ConfUtils.java:logGet(43)) - raft.server.log.appender.buffer.element-limit = 1 (custom)
2019-07-14 01:00:31,114 INFO  grpc.GrpcConfigKeys$Server (ConfUtils.java:logGet(43)) - raft.grpc.server.leader.outstanding.appends.max = 128 (default)
2019-07-14 01:00:31,115 INFO  server.RaftServerConfigKeys (ConfUtils.java:logGet(43)) - raft.server.rpc.request.timeout = 3000ms (default)
2019-07-14 01:00:31,115 INFO  server.RaftServerConfigKeys (ConfUtils.java:logGet(43)) - raft.server.log.appender.install.snapshot.enabled = false (custom)
2019-07-14 01:00:31,115 INFO  impl.RoleInfo (RoleInfo.java:updateAndGet(143)) - 3e145723-ff3e-41b8-bf22-3e40bf8680f1: start LeaderState
2019-07-14 01:00:31,115 INFO  segmented.SegmentedRaftLogWorker (SegmentedRaftLogWorker.java:startLogSegment(380)) - 3e145723-ff3e-41b8-bf22-3e40bf8680f1-SegmentedRaftLogWorker:Storage Directory /tmp/workdir/hadoop-ozone/integration-test/target/test-dir/MiniOzoneClusterImpl-59f4ffd4-c69e-43d5-9b99-59d04e6f6f19/datanode-5/data/ratis/0b64ef1e-4f52-4ad8-9545-03dcb51e0b49: Starting segment from index:0
2019-07-14 01:00:31,116 INFO  impl.RaftServerImpl (ServerState.java:setRaftConf(361)) - 3e145723-ff3e-41b8-bf22-3e40bf8680f1:group-03DCB51E0B49 set configuration 0: [31579158-a9e7-4c5e-ab80-b5e9b493ce46:192.168.157.230:33991, 104caf5e-9caf-4bd0-8070-6d8b62874fc4:192.168.157.230:35236, 3e145723-ff3e-41b8-bf22-3e40bf8680f1:192.168.157.230:38770], old=null at 0
2019-07-14 01:00:31,140 INFO  impl.RaftServerImpl (ServerState.java:setLeader(263)) - 31579158-a9e7-4c5e-ab80-b5e9b493ce46:group-03DCB51E0B49 change Leader from null to 3e145723-ff3e-41b8-bf22-3e40bf8680f1 at term 1 for appendEntries, leader elected after 5206ms
2019-07-14 01:00:31,143 INFO  impl.RaftServerImpl (ServerState.java:setLeader(263)) - 104caf5e-9caf-4bd0-8070-6d8b62874fc4:group-03DCB51E0B49 change Leader from null to 3e145723-ff3e-41b8-bf22-3e40bf8680f1 at term 1 for appendEntries, leader elected after 5209ms
2019-07-14 01:00:31,147 INFO  segmented.SegmentedRaftLogWorker (SegmentedRaftLogWorker.java:execute(569)) - 3e145723-ff3e-41b8-bf22-3e40bf8680f1-SegmentedRaftLogWorker:Storage Directory /tmp/workdir/hadoop-ozone/integration-test/target/test-dir/MiniOzoneClusterImpl-59f4ffd4-c69e-43d5-9b99-59d04e6f6f19/datanode-5/data/ratis/0b64ef1e-4f52-4ad8-9545-03dcb51e0b49: created new log segment /tmp/workdir/hadoop-ozone/integration-test/target/test-dir/MiniOzoneClusterImpl-59f4ffd4-c69e-43d5-9b99-59d04e6f6f19/datanode-5/data/ratis/0b64ef1e-4f52-4ad8-9545-03dcb51e0b49/current/log_inprogress_0
2019-07-14 01:00:31,147 INFO  impl.RaftServerImpl (ServerState.java:setRaftConf(361)) - 31579158-a9e7-4c5e-ab80-b5e9b493ce46:group-03DCB51E0B49 set configuration 0: [31579158-a9e7-4c5e-ab80-b5e9b493ce46:192.168.157.230:33991, 104caf5e-9caf-4bd0-8070-6d8b62874fc4:192.168.157.230:35236, 3e145723-ff3e-41b8-bf22-3e40bf8680f1:192.168.157.230:38770], old=null at 0
2019-07-14 01:00:31,148 INFO  segmented.SegmentedRaftLogWorker (SegmentedRaftLogWorker.java:startLogSegment(380)) - 31579158-a9e7-4c5e-ab80-b5e9b493ce46-SegmentedRaftLogWorker:Storage Directory /tmp/workdir/hadoop-ozone/integration-test/target/test-dir/MiniOzoneClusterImpl-59f4ffd4-c69e-43d5-9b99-59d04e6f6f19/datanode-3/data/ratis/0b64ef1e-4f52-4ad8-9545-03dcb51e0b49: Starting segment from index:0
2019-07-14 01:00:31,148 INFO  impl.RaftServerImpl (ServerState.java:setRaftConf(361)) - 104caf5e-9caf-4bd0-8070-6d8b62874fc4:group-03DCB51E0B49 set configuration 0: [31579158-a9e7-4c5e-ab80-b5e9b493ce46:192.168.157.230:33991, 104caf5e-9caf-4bd0-8070-6d8b62874fc4:192.168.157.230:35236, 3e145723-ff3e-41b8-bf22-3e40bf8680f1:192.168.157.230:38770], old=null at 0
2019-07-14 01:00:31,150 INFO  segmented.SegmentedRaftLogWorker (SegmentedRaftLogWorker.java:startLogSegment(380)) - 104caf5e-9caf-4bd0-8070-6d8b62874fc4-SegmentedRaftLogWorker:Storage Directory /tmp/workdir/hadoop-ozone/integration-test/target/test-dir/MiniOzoneClusterImpl-59f4ffd4-c69e-43d5-9b99-59d04e6f6f19/datanode-2/data/ratis/0b64ef1e-4f52-4ad8-9545-03dcb51e0b49: Starting segment from index:0
2019-07-14 01:00:31,181 INFO  segmented.SegmentedRaftLogWorker (SegmentedRaftLogWorker.java:execute(569)) - 31579158-a9e7-4c5e-ab80-b5e9b493ce46-SegmentedRaftLogWorker:Storage Directory /tmp/workdir/hadoop-ozone/integration-test/target/test-dir/MiniOzoneClusterImpl-59f4ffd4-c69e-43d5-9b99-59d04e6f6f19/datanode-3/data/ratis/0b64ef1e-4f52-4ad8-9545-03dcb51e0b49: created new log segment /tmp/workdir/hadoop-ozone/integration-test/target/test-dir/MiniOzoneClusterImpl-59f4ffd4-c69e-43d5-9b99-59d04e6f6f19/datanode-3/data/ratis/0b64ef1e-4f52-4ad8-9545-03dcb51e0b49/current/log_inprogress_0
2019-07-14 01:00:31,181 INFO  segmented.SegmentedRaftLogWorker (SegmentedRaftLogWorker.java:execute(569)) - 104caf5e-9caf-4bd0-8070-6d8b62874fc4-SegmentedRaftLogWorker:Storage Directory /tmp/workdir/hadoop-ozone/integration-test/target/test-dir/MiniOzoneClusterImpl-59f4ffd4-c69e-43d5-9b99-59d04e6f6f19/datanode-2/data/ratis/0b64ef1e-4f52-4ad8-9545-03dcb51e0b49: created new log segment /tmp/workdir/hadoop-ozone/integration-test/target/test-dir/MiniOzoneClusterImpl-59f4ffd4-c69e-43d5-9b99-59d04e6f6f19/datanode-2/data/ratis/0b64ef1e-4f52-4ad8-9545-03dcb51e0b49/current/log_inprogress_0
2019-07-14 01:00:31,205 INFO  client.GrpcClientProtocolClient (GrpcClientProtocolClient.java:onNext(255)) - client-3F206C568230->104caf5e-9caf-4bd0-8070-6d8b62874fc4: receive RaftClientReply:client-3F206C568230->104caf5e-9caf-4bd0-8070-6d8b62874fc4@group-03DCB51E0B49, cid=13, FAILED org.apache.ratis.protocol.NotLeaderException: Server 104caf5e-9caf-4bd0-8070-6d8b62874fc4 is not the leader (3e145723-ff3e-41b8-bf22-3e40bf8680f1:192.168.157.230:38770). Request must be sent to leader., logIndex=0, commits[104caf5e-9caf-4bd0-8070-6d8b62874fc4:c-1, 31579158-a9e7-4c5e-ab80-b5e9b493ce46:c-1, 3e145723-ff3e-41b8-bf22-3e40bf8680f1:c-1]
2019-07-14 01:00:31,481 INFO  client.GrpcClientProtocolClient (GrpcClientProtocolClient.java:onNext(255)) - client-3F206C568230->3e145723-ff3e-41b8-bf22-3e40bf8680f1: receive RaftClientReply:client-3F206C568230->3e145723-ff3e-41b8-bf22-3e40bf8680f1@group-03DCB51E0B49, cid=13, SUCCESS, logIndex=1, commits[3e145723-ff3e-41b8-bf22-3e40bf8680f1:c2, 31579158-a9e7-4c5e-ab80-b5e9b493ce46:c1, 104caf5e-9caf-4bd0-8070-6d8b62874fc4:c1]
2019-07-14 01:00:31,521 INFO  client.GrpcClientProtocolClient (GrpcClientProtocolClient.java:onNext(255)) - client-3F206C568230->3e145723-ff3e-41b8-bf22-3e40bf8680f1: receive RaftClientReply:client-3F206C568230->3e145723-ff3e-41b8-bf22-3e40bf8680f1@group-03DCB51E0B49, cid=14, SUCCESS, logIndex=3, commits[3e145723-ff3e-41b8-bf22-3e40bf8680f1:c3, 31579158-a9e7-4c5e-ab80-b5e9b493ce46:c2, 104caf5e-9caf-4bd0-8070-6d8b62874fc4:c2]
2019-07-14 01:00:31,618 INFO  client.GrpcClientProtocolClient (GrpcClientProtocolClient.java:onNext(255)) - client-3F206C568230->3e145723-ff3e-41b8-bf22-3e40bf8680f1: receive RaftClientReply:client-3F206C568230->3e145723-ff3e-41b8-bf22-3e40bf8680f1@group-03DCB51E0B49, cid=15, SUCCESS, logIndex=4, commits[3e145723-ff3e-41b8-bf22-3e40bf8680f1:c12, 31579158-a9e7-4c5e-ab80-b5e9b493ce46:c9, 104caf5e-9caf-4bd0-8070-6d8b62874fc4:c9]
2019-07-14 01:00:31,621 INFO  client.GrpcClientProtocolClient (GrpcClientProtocolClient.java:onNext(255)) - client-3F206C568230->3e145723-ff3e-41b8-bf22-3e40bf8680f1: receive RaftClientReply:client-3F206C568230->3e145723-ff3e-41b8-bf22-3e40bf8680f1@group-03DCB51E0B49, cid=16, SUCCESS, logIndex=5, commits[3e145723-ff3e-41b8-bf22-3e40bf8680f1:c12, 31579158-a9e7-4c5e-ab80-b5e9b493ce46:c9, 104caf5e-9caf-4bd0-8070-6d8b62874fc4:c9]
2019-07-14 01:00:31,622 INFO  client.GrpcClientProtocolClient (GrpcClientProtocolClient.java:onNext(255)) - client-3F206C568230->3e145723-ff3e-41b8-bf22-3e40bf8680f1: receive RaftClientReply:client-3F206C568230->3e145723-ff3e-41b8-bf22-3e40bf8680f1@group-03DCB51E0B49, cid=17, SUCCESS, logIndex=6, commits[3e145723-ff3e-41b8-bf22-3e40bf8680f1:c12, 31579158-a9e7-4c5e-ab80-b5e9b493ce46:c9, 104caf5e-9caf-4bd0-8070-6d8b62874fc4:c9]
2019-07-14 01:00:31,705 INFO  client.GrpcClientProtocolClient (GrpcClientProtocolClient.java:onNext(255)) - client-3F206C568230->3e145723-ff3e-41b8-bf22-3e40bf8680f1: receive RaftClientReply:client-3F206C568230->3e145723-ff3e-41b8-bf22-3e40bf8680f1@group-03DCB51E0B49, cid=18, SUCCESS, logIndex=8, commits[3e145723-ff3e-41b8-bf22-3e40bf8680f1:c12, 31579158-a9e7-4c5e-ab80-b5e9b493ce46:c9, 104caf5e-9caf-4bd0-8070-6d8b62874fc4:c9]
2019-07-14 01:00:31,746 INFO  client.GrpcClientProtocolClient (GrpcClientProtocolClient.java:onNext(255)) - client-3F206C568230->3e145723-ff3e-41b8-bf22-3e40bf8680f1: receive RaftClientReply:client-3F206C568230->3e145723-ff3e-41b8-bf22-3e40bf8680f1@group-03DCB51E0B49, cid=19, SUCCESS, logIndex=13, commits[3e145723-ff3e-41b8-bf22-3e40bf8680f1:c14, 31579158-a9e7-4c5e-ab80-b5e9b493ce46:c12, 104caf5e-9caf-4bd0-8070-6d8b62874fc4:c12]
2019-07-14 01:00:31,748 INFO  client.GrpcClientProtocolClient (GrpcClientProtocolClient.java:onNext(255)) - client-3F206C568230->3e145723-ff3e-41b8-bf22-3e40bf8680f1: receive RaftClientReply:client-3F206C568230->3e145723-ff3e-41b8-bf22-3e40bf8680f1@group-03DCB51E0B49, cid=20, SUCCESS, logIndex=14, commits[3e145723-ff3e-41b8-bf22-3e40bf8680f1:c14, 31579158-a9e7-4c5e-ab80-b5e9b493ce46:c12, 104caf5e-9caf-4bd0-8070-6d8b62874fc4:c12]
2019-07-14 01:00:31,776 INFO  client.GrpcClientProtocolClient (GrpcClientProtocolClient.java:onNext(255)) - client-3F206C568230->3e145723-ff3e-41b8-bf22-3e40bf8680f1: receive RaftClientReply:client-3F206C568230->3e145723-ff3e-41b8-bf22-3e40bf8680f1@group-03DCB51E0B49, cid=21, SUCCESS, logIndex=0, commits[3e145723-ff3e-41b8-bf22-3e40bf8680f1:c16, 31579158-a9e7-4c5e-ab80-b5e9b493ce46:c14, 104caf5e-9caf-4bd0-8070-6d8b62874fc4:c14]
2019-07-14 01:00:31,777 INFO  datanode.ObjectStoreHandler (ObjectStoreHandler.java:close(155)) - Closing ObjectStoreHandler.
2019-07-14 01:00:31,778 INFO  ozone.HddsDatanodeService (HddsDatanodeService.java:stop(452)) - Stopped plug-in org.apache.hadoop.ozone.web.OzoneHddsDatanodeService@16f15ae9
2019-07-14 01:00:32,377 INFO  statemachine.DatanodeStateMachine (DatanodeStateMachine.java:lambda$startDaemon$0(350)) - Ozone container server started.
2019-07-14 01:00:36,465 INFO  node.StaleNodeHandler (StaleNodeHandler.java:onMessage(58)) - Datanode 3e145723-ff3e-41b8-bf22-3e40bf8680f1{ip: 192.168.157.230, host: trunk-nightly-sxkq5-3320257302, networkLocation: /default-rack, certSerialId: null} moved to stale state. Finalizing its pipelines [PipelineID=6404fec1-7239-42f5-9d0f-fd714de0defc, PipelineID=0b64ef1e-4f52-4ad8-9545-03dcb51e0b49]
2019-07-14 01:00:36,465 INFO  pipeline.SCMPipelineManager (SCMPipelineManager.java:finalizeAndDestroyPipeline(309)) - destroying pipeline:Pipeline[ Id: 6404fec1-7239-42f5-9d0f-fd714de0defc, Nodes: 3e145723-ff3e-41b8-bf22-3e40bf8680f1{ip: 192.168.157.230, host: trunk-nightly-sxkq5-3320257302, networkLocation: /default-rack, certSerialId: null}, Type:RATIS, Factor:ONE, State:OPEN]
2019-07-14 01:00:36,467 INFO  pipeline.PipelineStateManager (PipelineStateManager.java:finalizePipeline(123)) - Pipeline Pipeline[ Id: 6404fec1-7239-42f5-9d0f-fd714de0defc, Nodes: 3e145723-ff3e-41b8-bf22-3e40bf8680f1{ip: 192.168.157.230, host: trunk-nightly-sxkq5-3320257302, networkLocation: /default-rack, certSerialId: null}, Type:RATIS, Factor:ONE, State:CLOSED] moved to CLOSED state
2019-07-14 01:00:36,468 INFO  pipeline.SCMPipelineManager (SCMPipelineManager.java:finalizeAndDestroyPipeline(309)) - destroying pipeline:Pipeline[ Id: 0b64ef1e-4f52-4ad8-9545-03dcb51e0b49, Nodes: 3e145723-ff3e-41b8-bf22-3e40bf8680f1{ip: 192.168.157.230, host: trunk-nightly-sxkq5-3320257302, networkLocation: /default-rack, certSerialId: null}104caf5e-9caf-4bd0-8070-6d8b62874fc4{ip: 192.168.157.230, host: trunk-nightly-sxkq5-3320257302, networkLocation: /default-rack, certSerialId: null}31579158-a9e7-4c5e-ab80-b5e9b493ce46{ip: 192.168.157.230, host: trunk-nightly-sxkq5-3320257302, networkLocation: /default-rack, certSerialId: null}, Type:RATIS, Factor:THREE, State:OPEN]
2019-07-14 01:00:36,469 INFO  pipeline.PipelineStateManager (PipelineStateManager.java:finalizePipeline(123)) - Pipeline Pipeline[ Id: 0b64ef1e-4f52-4ad8-9545-03dcb51e0b49, Nodes: 3e145723-ff3e-41b8-bf22-3e40bf8680f1{ip: 192.168.157.230, host: trunk-nightly-sxkq5-3320257302, networkLocation: /default-rack, certSerialId: null}104caf5e-9caf-4bd0-8070-6d8b62874fc4{ip: 192.168.157.230, host: trunk-nightly-sxkq5-3320257302, networkLocation: /default-rack, certSerialId: null}31579158-a9e7-4c5e-ab80-b5e9b493ce46{ip: 192.168.157.230, host: trunk-nightly-sxkq5-3320257302, networkLocation: /default-rack, certSerialId: null}, Type:RATIS, Factor:THREE, State:CLOSED] moved to CLOSED state
2019-07-14 01:00:36,469 INFO  container.CloseContainerEventHandler (CloseContainerEventHandler.java:onMessage(61)) - Close container Event triggered for container : #1
2019-07-14 01:00:36,780 INFO  ozoneimpl.OzoneContainer (OzoneContainer.java:stop(199)) - Attempting to stop container services.
2019-07-14 01:00:36,783 INFO  impl.RaftServerProxy (RaftServerProxy.java:lambda$close$4(314)) - 3e145723-ff3e-41b8-bf22-3e40bf8680f1: close
2019-07-14 01:00:36,785 INFO  impl.RaftServerImpl (RaftServerImpl.java:lambda$shutdown$3(245)) - 3e145723-ff3e-41b8-bf22-3e40bf8680f1: shutdown group-FD714DE0DEFC
2019-07-14 01:00:36,786 INFO  util.JmxRegister (JmxRegister.java:unregister(73)) - Successfully un-registered JMX Bean with object name Ratis:service=RaftServer,group=group-FD714DE0DEFC,id=3e145723-ff3e-41b8-bf22-3e40bf8680f1
2019-07-14 01:00:36,786 INFO  impl.RoleInfo (RoleInfo.java:shutdownLeaderState(104)) - 3e145723-ff3e-41b8-bf22-3e40bf8680f1: shutdown LeaderState
2019-07-14 01:00:36,787 INFO  impl.PendingRequests (PendingRequests.java:sendNotLeaderResponses(202)) - 3e145723-ff3e-41b8-bf22-3e40bf8680f1-PendingRequests: sendNotLeaderResponses
2019-07-14 01:00:36,791 INFO  impl.StateMachineUpdater (StateMachineUpdater.java:stopAndJoin(115)) - StateMachineUpdater:3e145723-ff3e-41b8-bf22-3e40bf8680f1:group-FD714DE0DEFC: set stopIndex = 0
2019-07-14 01:00:36,791 INFO  ratis.ContainerStateMachine (ContainerStateMachine.java:takeSnapshot(246)) - Taking snapshot at termIndex:(t:0, i:~)
2019-07-14 01:00:36,794 INFO  impl.RaftServerImpl (ServerState.java:close(394)) - 3e145723-ff3e-41b8-bf22-3e40bf8680f1:group-FD714DE0DEFC closes. The last applied log index is 0
2019-07-14 01:00:36,796 INFO  segmented.SegmentedRaftLogWorker (SegmentedRaftLogWorker.java:run(313)) - 3e145723-ff3e-41b8-bf22-3e40bf8680f1-SegmentedRaftLogWorker:Storage Directory /tmp/workdir/hadoop-ozone/integration-test/target/test-dir/MiniOzoneClusterImpl-59f4ffd4-c69e-43d5-9b99-59d04e6f6f19/datanode-5/data/ratis/6404fec1-7239-42f5-9d0f-fd714de0defc was interrupted, exiting. There are 0 tasks remaining in the queue.
2019-07-14 01:00:36,799 INFO  segmented.SegmentedRaftLogWorker (SegmentedRaftLogWorker.java:close(228)) - 3e145723-ff3e-41b8-bf22-3e40bf8680f1-SegmentedRaftLogWorker:Storage Directory /tmp/workdir/hadoop-ozone/integration-test/target/test-dir/MiniOzoneClusterImpl-59f4ffd4-c69e-43d5-9b99-59d04e6f6f19/datanode-5/data/ratis/6404fec1-7239-42f5-9d0f-fd714de0defc close()
2019-07-14 01:00:36,804 INFO  impl.RaftServerImpl (RaftServerImpl.java:lambda$shutdown$3(245)) - 3e145723-ff3e-41b8-bf22-3e40bf8680f1: shutdown group-03DCB51E0B49
2019-07-14 01:00:36,804 INFO  util.JmxRegister (JmxRegister.java:unregister(73)) - Successfully un-registered JMX Bean with object name Ratis:service=RaftServer,group=group-03DCB51E0B49,id=3e145723-ff3e-41b8-bf22-3e40bf8680f1
2019-07-14 01:00:36,804 INFO  impl.RoleInfo (RoleInfo.java:shutdownLeaderState(104)) - 3e145723-ff3e-41b8-bf22-3e40bf8680f1: shutdown LeaderState
2019-07-14 01:00:36,809 WARN  server.GrpcLogAppender (GrpcLogAppender.java:mayWait(143)) - GrpcLogAppender(3e145723-ff3e-41b8-bf22-3e40bf8680f1->31579158-a9e7-4c5e-ab80-b5e9b493ce46): Wait interrupted by java.lang.InterruptedException
2019-07-14 01:00:36,809 WARN  server.GrpcLogAppender (GrpcLogAppender.java:mayWait(143)) - GrpcLogAppender(3e145723-ff3e-41b8-bf22-3e40bf8680f1->104caf5e-9caf-4bd0-8070-6d8b62874fc4): Wait interrupted by java.lang.InterruptedException
2019-07-14 01:00:36,809 INFO  impl.PendingRequests (PendingRequests.java:sendNotLeaderResponses(202)) - 3e145723-ff3e-41b8-bf22-3e40bf8680f1-PendingRequests: sendNotLeaderResponses
2019-07-14 01:00:36,815 INFO  server.GrpcServerProtocolService (GrpcServerProtocolService.java:onCompleted(104)) - 31579158-a9e7-4c5e-ab80-b5e9b493ce46: appendEntries completed
2019-07-14 01:00:36,815 INFO  server.GrpcServerProtocolService (GrpcServerProtocolService.java:onCompleted(104)) - 104caf5e-9caf-4bd0-8070-6d8b62874fc4: appendEntries completed
2019-07-14 01:00:36,829 INFO  server.GrpcLogAppender (GrpcLogAppender.java:onCompleted(292)) - 3e145723-ff3e-41b8-bf22-3e40bf8680f1->104caf5e-9caf-4bd0-8070-6d8b62874fc4: follower responses appendEntries COMPLETED
2019-07-14 01:00:36,829 INFO  server.GrpcLogAppender (GrpcLogAppender.java:onCompleted(292)) - 3e145723-ff3e-41b8-bf22-3e40bf8680f1->31579158-a9e7-4c5e-ab80-b5e9b493ce46: follower responses appendEntries COMPLETED
2019-07-14 01:00:36,840 INFO  impl.StateMachineUpdater (StateMachineUpdater.java:stopAndJoin(115)) - StateMachineUpdater:3e145723-ff3e-41b8-bf22-3e40bf8680f1:group-03DCB51E0B49: set stopIndex = 16
2019-07-14 01:00:36,840 INFO  impl.FollowerInfo (FollowerInfo.java:lambda$new$0(50)) - 3e145723-ff3e-41b8-bf22-3e40bf8680f1->104caf5e-9caf-4bd0-8070-6d8b62874fc4: nextIndex: updateUnconditionally 17 -> 16
2019-07-14 01:00:36,840 INFO  impl.FollowerInfo (FollowerInfo.java:lambda$new$0(50)) - 3e145723-ff3e-41b8-bf22-3e40bf8680f1->31579158-a9e7-4c5e-ab80-b5e9b493ce46: nextIndex: updateUnconditionally 17 -> 16
2019-07-14 01:00:36,840 INFO  ratis.ContainerStateMachine (ContainerStateMachine.java:takeSnapshot(246)) - Taking snapshot at termIndex:(t:1, i:14)
2019-07-14 01:00:36,845 INFO  ratis.ContainerStateMachine (ContainerStateMachine.java:takeSnapshot(250)) - Taking a snapshot to file /tmp/workdir/hadoop-ozone/integration-test/target/test-dir/MiniOzoneClusterImpl-59f4ffd4-c69e-43d5-9b99-59d04e6f6f19/datanode-5/data/ratis/0b64ef1e-4f52-4ad8-9545-03dcb51e0b49/sm/snapshot.1_14
2019-07-14 01:00:36,858 INFO  impl.StateMachineUpdater (StateMachineUpdater.java:takeSnapshot(242)) - StateMachineUpdater:3e145723-ff3e-41b8-bf22-3e40bf8680f1:group-03DCB51E0B49: Took a snapshot at index 14
2019-07-14 01:00:36,860 INFO  impl.StateMachineUpdater (StateMachineUpdater.java:lambda$new$0(80)) - StateMachineUpdater:3e145723-ff3e-41b8-bf22-3e40bf8680f1:group-03DCB51E0B49: snapshotIndex: updateIncreasingly -1 -> 14
2019-07-14 01:00:36,865 INFO  impl.RaftServerImpl (ServerState.java:close(394)) - 3e145723-ff3e-41b8-bf22-3e40bf8680f1:group-03DCB51E0B49 closes. The last applied log index is 16
2019-07-14 01:00:36,866 INFO  segmented.SegmentedRaftLogWorker (SegmentedRaftLogWorker.java:run(313)) - 3e145723-ff3e-41b8-bf22-3e40bf8680f1-SegmentedRaftLogWorker:Storage Directory /tmp/workdir/hadoop-ozone/integration-test/target/test-dir/MiniOzoneClusterImpl-59f4ffd4-c69e-43d5-9b99-59d04e6f6f19/datanode-5/data/ratis/0b64ef1e-4f52-4ad8-9545-03dcb51e0b49 was interrupted, exiting. There are 0 tasks remaining in the queue.
2019-07-14 01:00:36,868 INFO  segmented.SegmentedRaftLogWorker (SegmentedRaftLogWorker.java:close(228)) - 3e145723-ff3e-41b8-bf22-3e40bf8680f1-SegmentedRaftLogWorker:Storage Directory /tmp/workdir/hadoop-ozone/integration-test/target/test-dir/MiniOzoneClusterImpl-59f4ffd4-c69e-43d5-9b99-59d04e6f6f19/datanode-5/data/ratis/0b64ef1e-4f52-4ad8-9545-03dcb51e0b49 close()
2019-07-14 01:00:36,872 INFO  server.GrpcService (GrpcService.java:closeImpl(155)) - 3e145723-ff3e-41b8-bf22-3e40bf8680f1: shutdown server with port 38770 now
2019-07-14 01:00:36,879 INFO  server.GrpcService (GrpcService.java:closeImpl(163)) - 3e145723-ff3e-41b8-bf22-3e40bf8680f1: shutdown server with port 38770 successfully
2019-07-14 01:00:36,879 WARN  client.GrpcClientProtocolService (LogUtils.java:warn(134)) - 3-UnorderedRequestStreamObserver3: onError: org.apache.ratis.thirdparty.io.grpc.StatusRuntimeException: CANCELLED: cancelled before receiving half close
2019-07-14 01:00:36,883 INFO  utils.BackgroundService (BackgroundService.java:shutdown(148)) - Shutting down service BlockDeletingService
2019-07-14 01:00:36,885 WARN  fs.CachingGetSpaceUsed (CachingGetSpaceUsed.java:run(183)) - Thread Interrupted waiting to refresh disk information: sleep interrupted
2019-07-14 01:00:36,906 INFO  statemachine.DatanodeStateMachine (DatanodeStateMachine.java:stopDaemon(395)) - Ozone container server stopped.
2019-07-14 01:00:36,909 INFO  handler.ContextHandler (ContextHandler.java:doStop(910)) - Stopped o.e.j.w.WebAppContext@561f9d92{/,null,UNAVAILABLE}{/hddsDatanode}
2019-07-14 01:00:36,916 INFO  server.AbstractConnector (AbstractConnector.java:doStop(318)) - Stopped ServerConnector@1c84d80a{HTTP/1.1,[http/1.1]}{0.0.0.0:0}
2019-07-14 01:00:36,917 INFO  handler.ContextHandler (ContextHandler.java:doStop(910)) - Stopped o.e.j.s.ServletContextHandler@2d4a3e13{/static,jar:file:/home/user/.m2/repository/org/apache/hadoop/hadoop-hdds-container-service/0.5.0-SNAPSHOT/hadoop-hdds-container-service-0.5.0-SNAPSHOT.jar!/webapps/static,UNAVAILABLE}
2019-07-14 01:00:36,917 INFO  handler.ContextHandler (ContextHandler.java:doStop(910)) - Stopped o.e.j.s.ServletContextHandler@6885ed19{/logs,file:///tmp/workdir/hadoop-ozone/integration-test/target/log,UNAVAILABLE}
2019-07-14 01:00:36,919 INFO  datanode.ObjectStoreHandler (ObjectStoreHandler.java:close(155)) - Closing ObjectStoreHandler.
2019-07-14 01:00:36,919 INFO  ozone.HddsDatanodeService (HddsDatanodeService.java:stop(452)) - Stopped plug-in org.apache.hadoop.ozone.web.OzoneHddsDatanodeService@7436364d
2019-07-14 01:00:37,439 INFO  statemachine.DatanodeStateMachine (DatanodeStateMachine.java:lambda$startDaemon$0(350)) - Ozone container server started.
2019-07-14 01:00:41,474 INFO  node.StaleNodeHandler (StaleNodeHandler.java:onMessage(58)) - Datanode 104caf5e-9caf-4bd0-8070-6d8b62874fc4{ip: 192.168.157.230, host: trunk-nightly-sxkq5-3320257302, networkLocation: /default-rack, certSerialId: null} moved to stale state. Finalizing its pipelines [PipelineID=5215b862-57bf-467a-b270-65a4e0879949, PipelineID=0b64ef1e-4f52-4ad8-9545-03dcb51e0b49]
2019-07-14 01:00:41,474 INFO  pipeline.SCMPipelineManager (SCMPipelineManager.java:finalizeAndDestroyPipeline(309)) - destroying pipeline:Pipeline[ Id: 5215b862-57bf-467a-b270-65a4e0879949, Nodes: 104caf5e-9caf-4bd0-8070-6d8b62874fc4{ip: 192.168.157.230, host: trunk-nightly-sxkq5-3320257302, networkLocation: /default-rack, certSerialId: null}, Type:RATIS, Factor:ONE, State:OPEN]
2019-07-14 01:00:41,474 INFO  pipeline.PipelineStateManager (PipelineStateManager.java:finalizePipeline(123)) - Pipeline Pipeline[ Id: 5215b862-57bf-467a-b270-65a4e0879949, Nodes: 104caf5e-9caf-4bd0-8070-6d8b62874fc4{ip: 192.168.157.230, host: trunk-nightly-sxkq5-3320257302, networkLocation: /default-rack, certSerialId: null}, Type:RATIS, Factor:ONE, State:CLOSED] moved to CLOSED state
2019-07-14 01:00:41,475 INFO  pipeline.SCMPipelineManager (SCMPipelineManager.java:finalizeAndDestroyPipeline(309)) - destroying pipeline:Pipeline[ Id: 0b64ef1e-4f52-4ad8-9545-03dcb51e0b49, Nodes: 3e145723-ff3e-41b8-bf22-3e40bf8680f1{ip: 192.168.157.230, host: trunk-nightly-sxkq5-3320257302, networkLocation: /default-rack, certSerialId: null}104caf5e-9caf-4bd0-8070-6d8b62874fc4{ip: 192.168.157.230, host: trunk-nightly-sxkq5-3320257302, networkLocation: /default-rack, certSerialId: null}31579158-a9e7-4c5e-ab80-b5e9b493ce46{ip: 192.168.157.230, host: trunk-nightly-sxkq5-3320257302, networkLocation: /default-rack, certSerialId: null}, Type:RATIS, Factor:THREE, State:CLOSED]
2019-07-14 01:00:41,920 INFO  ozoneimpl.OzoneContainer (OzoneContainer.java:stop(199)) - Attempting to stop container services.
2019-07-14 01:00:41,921 INFO  impl.RaftServerProxy (RaftServerProxy.java:lambda$close$4(314)) - 104caf5e-9caf-4bd0-8070-6d8b62874fc4: close
2019-07-14 01:00:41,922 INFO  impl.RaftServerImpl (RaftServerImpl.java:lambda$shutdown$3(245)) - 104caf5e-9caf-4bd0-8070-6d8b62874fc4: shutdown group-65A4E0879949
2019-07-14 01:00:41,922 INFO  util.JmxRegister (JmxRegister.java:unregister(73)) - Successfully un-registered JMX Bean with object name Ratis:service=RaftServer,group=group-65A4E0879949,id=104caf5e-9caf-4bd0-8070-6d8b62874fc4
2019-07-14 01:00:41,923 INFO  impl.RoleInfo (RoleInfo.java:shutdownLeaderState(104)) - 104caf5e-9caf-4bd0-8070-6d8b62874fc4: shutdown LeaderState
2019-07-14 01:00:41,923 INFO  impl.PendingRequests (PendingRequests.java:sendNotLeaderResponses(202)) - 104caf5e-9caf-4bd0-8070-6d8b62874fc4-PendingRequests: sendNotLeaderResponses
2019-07-14 01:00:41,924 INFO  impl.StateMachineUpdater (StateMachineUpdater.java:stopAndJoin(115)) - StateMachineUpdater:104caf5e-9caf-4bd0-8070-6d8b62874fc4:group-65A4E0879949: set stopIndex = 0
2019-07-14 01:00:41,924 INFO  ratis.ContainerStateMachine (ContainerStateMachine.java:takeSnapshot(246)) - Taking snapshot at termIndex:(t:0, i:~)
2019-07-14 01:00:41,926 INFO  impl.RaftServerImpl (ServerState.java:close(394)) - 104caf5e-9caf-4bd0-8070-6d8b62874fc4:group-65A4E0879949 closes. The last applied log index is 0
2019-07-14 01:00:41,927 INFO  segmented.SegmentedRaftLogWorker (SegmentedRaftLogWorker.java:run(313)) - 104caf5e-9caf-4bd0-8070-6d8b62874fc4-SegmentedRaftLogWorker:Storage Directory /tmp/workdir/hadoop-ozone/integration-test/target/test-dir/MiniOzoneClusterImpl-59f4ffd4-c69e-43d5-9b99-59d04e6f6f19/datanode-2/data/ratis/5215b862-57bf-467a-b270-65a4e0879949 was interrupted, exiting. There are 0 tasks remaining in the queue.
2019-07-14 01:00:41,929 INFO  segmented.SegmentedRaftLogWorker (SegmentedRaftLogWorker.java:close(228)) - 104caf5e-9caf-4bd0-8070-6d8b62874fc4-SegmentedRaftLogWorker:Storage Directory /tmp/workdir/hadoop-ozone/integration-test/target/test-dir/MiniOzoneClusterImpl-59f4ffd4-c69e-43d5-9b99-59d04e6f6f19/datanode-2/data/ratis/5215b862-57bf-467a-b270-65a4e0879949 close()
2019-07-14 01:00:41,933 INFO  impl.RaftServerImpl (RaftServerImpl.java:lambda$shutdown$3(245)) - 104caf5e-9caf-4bd0-8070-6d8b62874fc4: shutdown group-03DCB51E0B49
2019-07-14 01:00:41,934 INFO  util.JmxRegister (JmxRegister.java:unregister(73)) - Successfully un-registered JMX Bean with object name Ratis:service=RaftServer,group=group-03DCB51E0B49,id=104caf5e-9caf-4bd0-8070-6d8b62874fc4
2019-07-14 01:00:41,934 INFO  impl.RoleInfo (RoleInfo.java:shutdownFollowerState(121)) - 104caf5e-9caf-4bd0-8070-6d8b62874fc4: shutdown FollowerState
2019-07-14 01:00:41,935 INFO  impl.StateMachineUpdater (StateMachineUpdater.java:stopAndJoin(115)) - StateMachineUpdater:104caf5e-9caf-4bd0-8070-6d8b62874fc4:group-03DCB51E0B49: set stopIndex = 16
2019-07-14 01:00:41,935 INFO  ratis.ContainerStateMachine (ContainerStateMachine.java:takeSnapshot(246)) - Taking snapshot at termIndex:(t:1, i:14)
2019-07-14 01:00:41,935 INFO  impl.FollowerState (FollowerState.java:run(114)) - 104caf5e-9caf-4bd0-8070-6d8b62874fc4: FollowerState was interrupted: java.lang.InterruptedException: sleep interrupted
2019-07-14 01:00:41,937 INFO  ratis.ContainerStateMachine (ContainerStateMachine.java:takeSnapshot(250)) - Taking a snapshot to file /tmp/workdir/hadoop-ozone/integration-test/target/test-dir/MiniOzoneClusterImpl-59f4ffd4-c69e-43d5-9b99-59d04e6f6f19/datanode-2/data/ratis/0b64ef1e-4f52-4ad8-9545-03dcb51e0b49/sm/snapshot.1_14
2019-07-14 01:00:41,941 INFO  impl.StateMachineUpdater (StateMachineUpdater.java:takeSnapshot(242)) - StateMachineUpdater:104caf5e-9caf-4bd0-8070-6d8b62874fc4:group-03DCB51E0B49: Took a snapshot at index 14
2019-07-14 01:00:41,941 INFO  impl.StateMachineUpdater (StateMachineUpdater.java:lambda$new$0(80)) - StateMachineUpdater:104caf5e-9caf-4bd0-8070-6d8b62874fc4:group-03DCB51E0B49: snapshotIndex: updateIncreasingly -1 -> 14
2019-07-14 01:00:41,942 INFO  impl.RaftServerImpl (ServerState.java:close(394)) - 104caf5e-9caf-4bd0-8070-6d8b62874fc4:group-03DCB51E0B49 closes. The last applied log index is 16
2019-07-14 01:00:41,942 INFO  segmented.SegmentedRaftLogWorker (SegmentedRaftLogWorker.java:run(313)) - 104caf5e-9caf-4bd0-8070-6d8b62874fc4-SegmentedRaftLogWorker:Storage Directory /tmp/workdir/hadoop-ozone/integration-test/target/test-dir/MiniOzoneClusterImpl-59f4ffd4-c69e-43d5-9b99-59d04e6f6f19/datanode-2/data/ratis/0b64ef1e-4f52-4ad8-9545-03dcb51e0b49 was interrupted, exiting. There are 0 tasks remaining in the queue.
2019-07-14 01:00:41,944 INFO  segmented.SegmentedRaftLogWorker (SegmentedRaftLogWorker.java:close(228)) - 104caf5e-9caf-4bd0-8070-6d8b62874fc4-SegmentedRaftLogWorker:Storage Directory /tmp/workdir/hadoop-ozone/integration-test/target/test-dir/MiniOzoneClusterImpl-59f4ffd4-c69e-43d5-9b99-59d04e6f6f19/datanode-2/data/ratis/0b64ef1e-4f52-4ad8-9545-03dcb51e0b49 close()
2019-07-14 01:00:41,948 INFO  server.GrpcService (GrpcService.java:closeImpl(155)) - 104caf5e-9caf-4bd0-8070-6d8b62874fc4: shutdown server with port 35236 now
2019-07-14 01:00:41,949 INFO  server.GrpcService (GrpcService.java:closeImpl(163)) - 104caf5e-9caf-4bd0-8070-6d8b62874fc4: shutdown server with port 35236 successfully
2019-07-14 01:00:41,950 INFO  utils.BackgroundService (BackgroundService.java:shutdown(148)) - Shutting down service BlockDeletingService
2019-07-14 01:00:41,951 WARN  fs.CachingGetSpaceUsed (CachingGetSpaceUsed.java:run(183)) - Thread Interrupted waiting to refresh disk information: sleep interrupted
2019-07-14 01:00:41,974 INFO  statemachine.DatanodeStateMachine (DatanodeStateMachine.java:stopDaemon(395)) - Ozone container server stopped.
2019-07-14 01:00:41,975 INFO  handler.ContextHandler (ContextHandler.java:doStop(910)) - Stopped o.e.j.w.WebAppContext@7197b07f{/,null,UNAVAILABLE}{/hddsDatanode}
2019-07-14 01:00:41,976 INFO  server.AbstractConnector (AbstractConnector.java:doStop(318)) - Stopped ServerConnector@1f10fec6{HTTP/1.1,[http/1.1]}{0.0.0.0:0}
2019-07-14 01:00:41,977 INFO  handler.ContextHandler (ContextHandler.java:doStop(910)) - Stopped o.e.j.s.ServletContextHandler@62ade015{/static,jar:file:/home/user/.m2/repository/org/apache/hadoop/hadoop-hdds-container-service/0.5.0-SNAPSHOT/hadoop-hdds-container-service-0.5.0-SNAPSHOT.jar!/webapps/static,UNAVAILABLE}
2019-07-14 01:00:41,977 INFO  handler.ContextHandler (ContextHandler.java:doStop(910)) - Stopped o.e.j.s.ServletContextHandler@631c6d11{/logs,file:///tmp/workdir/hadoop-ozone/integration-test/target/log,UNAVAILABLE}
2019-07-14 01:00:45,031 INFO  client.GrpcClientProtocolClient (GrpcClientProtocolClient.java:onNext(255)) - client-3F206C568230->31579158-a9e7-4c5e-ab80-b5e9b493ce46: receive RaftClientReply:client-3F206C568230->31579158-a9e7-4c5e-ab80-b5e9b493ce46@group-03DCB51E0B49, cid=22, FAILED org.apache.ratis.protocol.NotLeaderException: Server 31579158-a9e7-4c5e-ab80-b5e9b493ce46 is not the leader (3e145723-ff3e-41b8-bf22-3e40bf8680f1:192.168.157.230:38770). Request must be sent to leader., logIndex=0, commits[31579158-a9e7-4c5e-ab80-b5e9b493ce46:c16, 104caf5e-9caf-4bd0-8070-6d8b62874fc4:c16, 3e145723-ff3e-41b8-bf22-3e40bf8680f1:c16]
2019-07-14 01:00:46,064 INFO  client.GrpcClientProtocolClient (GrpcClientProtocolClient.java:onNext(255)) - client-3F206C568230->31579158-a9e7-4c5e-ab80-b5e9b493ce46: receive RaftClientReply:client-3F206C568230->31579158-a9e7-4c5e-ab80-b5e9b493ce46@group-03DCB51E0B49, cid=22, FAILED org.apache.ratis.protocol.NotLeaderException: Server 31579158-a9e7-4c5e-ab80-b5e9b493ce46 is not the leader (3e145723-ff3e-41b8-bf22-3e40bf8680f1:192.168.157.230:38770). Request must be sent to leader., logIndex=0, commits[31579158-a9e7-4c5e-ab80-b5e9b493ce46:c16, 104caf5e-9caf-4bd0-8070-6d8b62874fc4:c16, 3e145723-ff3e-41b8-bf22-3e40bf8680f1:c16]
2019-07-14 01:00:46,383 INFO  impl.FollowerState (FollowerState.java:run(106)) - 31579158-a9e7-4c5e-ab80-b5e9b493ce46:group-03DCB51E0B49 changes to CANDIDATE, lastRpcTime:9615, electionTimeout:5089ms
2019-07-14 01:00:46,385 INFO  impl.RoleInfo (RoleInfo.java:shutdownFollowerState(121)) - 31579158-a9e7-4c5e-ab80-b5e9b493ce46: shutdown FollowerState
2019-07-14 01:00:46,386 INFO  impl.RaftServerImpl (RaftServerImpl.java:setRole(171)) - 31579158-a9e7-4c5e-ab80-b5e9b493ce46:group-03DCB51E0B49 changes role from FOLLOWER to CANDIDATE at term 1 for changeToCandidate
2019-07-14 01:00:46,386 INFO  impl.RoleInfo (RoleInfo.java:updateAndGet(143)) - 31579158-a9e7-4c5e-ab80-b5e9b493ce46: start LeaderElection
2019-07-14 01:00:46,388 INFO  impl.RaftServerImpl (ServerState.java:setLeader(263)) - 31579158-a9e7-4c5e-ab80-b5e9b493ce46:group-03DCB51E0B49 change Leader from 3e145723-ff3e-41b8-bf22-3e40bf8680f1 to null at term 1 for initElection
2019-07-14 01:00:46,404 INFO  impl.LeaderElection (LeaderElection.java:askForVotes(181)) - 31579158-a9e7-4c5e-ab80-b5e9b493ce46:group-03DCB51E0B49:LeaderElection10: begin an election at term 2 for 0: [31579158-a9e7-4c5e-ab80-b5e9b493ce46:192.168.157.230:33991, 104caf5e-9caf-4bd0-8070-6d8b62874fc4:192.168.157.230:35236, 3e145723-ff3e-41b8-bf22-3e40bf8680f1:192.168.157.230:38770], old=null
2019-07-14 01:00:46,415 INFO  impl.LeaderElection (LogUtils.java:infoOrTrace(149)) - 31579158-a9e7-4c5e-ab80-b5e9b493ce46:group-03DCB51E0B49:LeaderElection10 got exception when requesting votes: {}
java.util.concurrent.ExecutionException: org.apache.ratis.thirdparty.io.grpc.StatusRuntimeException: UNAVAILABLE: io exception
	at java.util.concurrent.FutureTask.report(FutureTask.java:122)
	at java.util.concurrent.FutureTask.get(FutureTask.java:192)
	at org.apache.ratis.server.impl.LeaderElection.waitForResults(LeaderElection.java:262)
	at org.apache.ratis.server.impl.LeaderElection.askForVotes(LeaderElection.java:200)
	at org.apache.ratis.server.impl.LeaderElection.run(LeaderElection.java:130)
	at java.lang.Thread.run(Thread.java:748)
Caused by: org.apache.ratis.thirdparty.io.grpc.StatusRuntimeException: UNAVAILABLE: io exception
	at org.apache.ratis.thirdparty.io.grpc.stub.ClientCalls.toStatusRuntimeException(ClientCalls.java:233)
	at org.apache.ratis.thirdparty.io.grpc.stub.ClientCalls.getUnchecked(ClientCalls.java:214)
	at org.apache.ratis.thirdparty.io.grpc.stub.ClientCalls.blockingUnaryCall(ClientCalls.java:139)
	at org.apache.ratis.proto.grpc.RaftServerProtocolServiceGrpc$RaftServerProtocolServiceBlockingStub.requestVote(RaftServerProtocolServiceGrpc.java:265)
	at org.apache.ratis.grpc.server.GrpcServerProtocolClient.requestVote(GrpcServerProtocolClient.java:83)
	at org.apache.ratis.grpc.server.GrpcService.requestVote(GrpcService.java:195)
	at org.apache.ratis.server.impl.LeaderElection.lambda$submitRequests$1(LeaderElection.java:237)
	at java.util.concurrent.FutureTask.run(FutureTask.java:266)
	at java.util.concurrent.Executors$RunnableAdapter.call(Executors.java:511)
	at java.util.concurrent.FutureTask.run(FutureTask.java:266)
	at java.util.concurrent.ThreadPoolExecutor.runWorker(ThreadPoolExecutor.java:1149)
	at java.util.concurrent.ThreadPoolExecutor$Worker.run(ThreadPoolExecutor.java:624)
	... 1 more
Caused by: org.apache.ratis.thirdparty.io.netty.channel.AbstractChannel$AnnotatedConnectException: Connection refused: /192.168.157.230:38770
	at sun.nio.ch.SocketChannelImpl.checkConnect(Native Method)
	at sun.nio.ch.SocketChannelImpl.finishConnect(SocketChannelImpl.java:717)
	at org.apache.ratis.thirdparty.io.netty.channel.socket.nio.NioSocketChannel.doFinishConnect(NioSocketChannel.java:327)
	at org.apache.ratis.thirdparty.io.netty.channel.nio.AbstractNioChannel$AbstractNioUnsafe.finishConnect(AbstractNioChannel.java:340)
	at org.apache.ratis.thirdparty.io.netty.channel.nio.NioEventLoop.processSelectedKey(NioEventLoop.java:632)
	at org.apache.ratis.thirdparty.io.netty.channel.nio.NioEventLoop.processSelectedKeysOptimized(NioEventLoop.java:579)
	at org.apache.ratis.thirdparty.io.netty.channel.nio.NioEventLoop.processSelectedKeys(NioEventLoop.java:496)
	at org.apache.ratis.thirdparty.io.netty.channel.nio.NioEventLoop.run(NioEventLoop.java:458)
	at org.apache.ratis.thirdparty.io.netty.util.concurrent.SingleThreadEventExecutor$5.run(SingleThreadEventExecutor.java:897)
	at org.apache.ratis.thirdparty.io.netty.util.concurrent.FastThreadLocalRunnable.run(FastThreadLocalRunnable.java:30)
	... 1 more
Caused by: java.net.ConnectException: Connection refused
	... 11 more
2019-07-14 01:00:46,419 INFO  impl.LeaderElection (LogUtils.java:infoOrTrace(149)) - 31579158-a9e7-4c5e-ab80-b5e9b493ce46:group-03DCB51E0B49:LeaderElection10 got exception when requesting votes: {}
java.util.concurrent.ExecutionException: org.apache.ratis.thirdparty.io.grpc.StatusRuntimeException: UNAVAILABLE: io exception
	at java.util.concurrent.FutureTask.report(FutureTask.java:122)
	at java.util.concurrent.FutureTask.get(FutureTask.java:192)
	at org.apache.ratis.server.impl.LeaderElection.waitForResults(LeaderElection.java:262)
	at org.apache.ratis.server.impl.LeaderElection.askForVotes(LeaderElection.java:200)
	at org.apache.ratis.server.impl.LeaderElection.run(LeaderElection.java:130)
	at java.lang.Thread.run(Thread.java:748)
Caused by: org.apache.ratis.thirdparty.io.grpc.StatusRuntimeException: UNAVAILABLE: io exception
	at org.apache.ratis.thirdparty.io.grpc.stub.ClientCalls.toStatusRuntimeException(ClientCalls.java:233)
	at org.apache.ratis.thirdparty.io.grpc.stub.ClientCalls.getUnchecked(ClientCalls.java:214)
	at org.apache.ratis.thirdparty.io.grpc.stub.ClientCalls.blockingUnaryCall(ClientCalls.java:139)
	at org.apache.ratis.proto.grpc.RaftServerProtocolServiceGrpc$RaftServerProtocolServiceBlockingStub.requestVote(RaftServerProtocolServiceGrpc.java:265)
	at org.apache.ratis.grpc.server.GrpcServerProtocolClient.requestVote(GrpcServerProtocolClient.java:83)
	at org.apache.ratis.grpc.server.GrpcService.requestVote(GrpcService.java:195)
	at org.apache.ratis.server.impl.LeaderElection.lambda$submitRequests$1(LeaderElection.java:237)
	at java.util.concurrent.FutureTask.run(FutureTask.java:266)
	at java.util.concurrent.Executors$RunnableAdapter.call(Executors.java:511)
	at java.util.concurrent.FutureTask.run(FutureTask.java:266)
	at java.util.concurrent.ThreadPoolExecutor.runWorker(ThreadPoolExecutor.java:1149)
	at java.util.concurrent.ThreadPoolExecutor$Worker.run(ThreadPoolExecutor.java:624)
	... 1 more
Caused by: org.apache.ratis.thirdparty.io.netty.channel.AbstractChannel$AnnotatedConnectException: Connection refused: /192.168.157.230:35236
	at sun.nio.ch.SocketChannelImpl.checkConnect(Native Method)
	at sun.nio.ch.SocketChannelImpl.finishConnect(SocketChannelImpl.java:717)
	at org.apache.ratis.thirdparty.io.netty.channel.socket.nio.NioSocketChannel.doFinishConnect(NioSocketChannel.java:327)
	at org.apache.ratis.thirdparty.io.netty.channel.nio.AbstractNioChannel$AbstractNioUnsafe.finishConnect(AbstractNioChannel.java:340)
	at org.apache.ratis.thirdparty.io.netty.channel.nio.NioEventLoop.processSelectedKey(NioEventLoop.java:632)
	at org.apache.ratis.thirdparty.io.netty.channel.nio.NioEventLoop.processSelectedKeysOptimized(NioEventLoop.java:579)
	at org.apache.ratis.thirdparty.io.netty.channel.nio.NioEventLoop.processSelectedKeys(NioEventLoop.java:496)
	at org.apache.ratis.thirdparty.io.netty.channel.nio.NioEventLoop.run(NioEventLoop.java:458)
	at org.apache.ratis.thirdparty.io.netty.util.concurrent.SingleThreadEventExecutor$5.run(SingleThreadEventExecutor.java:897)
	at org.apache.ratis.thirdparty.io.netty.util.concurrent.FastThreadLocalRunnable.run(FastThreadLocalRunnable.java:30)
	... 1 more
Caused by: java.net.ConnectException: Connection refused
	... 11 more
2019-07-14 01:00:46,422 INFO  impl.LeaderElection (LeaderElection.java:logAndReturn(56)) - 31579158-a9e7-4c5e-ab80-b5e9b493ce46:group-03DCB51E0B49:LeaderElection10: Election REJECTED; received 0 response(s) [] and 2 exception(s); 31579158-a9e7-4c5e-ab80-b5e9b493ce46:t2, leader=null, voted=31579158-a9e7-4c5e-ab80-b5e9b493ce46, raftlog=31579158-a9e7-4c5e-ab80-b5e9b493ce46-SegmentedRaftLog:OPENED:c16,f16,i16, conf=0: [31579158-a9e7-4c5e-ab80-b5e9b493ce46:192.168.157.230:33991, 104caf5e-9caf-4bd0-8070-6d8b62874fc4:192.168.157.230:35236, 3e145723-ff3e-41b8-bf22-3e40bf8680f1:192.168.157.230:38770], old=null
2019-07-14 01:00:46,423 INFO  impl.LeaderElection (LogUtils.java:infoOrTrace(149)) -   Exception 0: {}
java.util.concurrent.ExecutionException: org.apache.ratis.thirdparty.io.grpc.StatusRuntimeException: UNAVAILABLE: io exception
	at java.util.concurrent.FutureTask.report(FutureTask.java:122)
	at java.util.concurrent.FutureTask.get(FutureTask.java:192)
	at org.apache.ratis.server.impl.LeaderElection.waitForResults(LeaderElection.java:262)
	at org.apache.ratis.server.impl.LeaderElection.askForVotes(LeaderElection.java:200)
	at org.apache.ratis.server.impl.LeaderElection.run(LeaderElection.java:130)
	at java.lang.Thread.run(Thread.java:748)
Caused by: org.apache.ratis.thirdparty.io.grpc.StatusRuntimeException: UNAVAILABLE: io exception
	at org.apache.ratis.thirdparty.io.grpc.stub.ClientCalls.toStatusRuntimeException(ClientCalls.java:233)
	at org.apache.ratis.thirdparty.io.grpc.stub.ClientCalls.getUnchecked(ClientCalls.java:214)
	at org.apache.ratis.thirdparty.io.grpc.stub.ClientCalls.blockingUnaryCall(ClientCalls.java:139)
	at org.apache.ratis.proto.grpc.RaftServerProtocolServiceGrpc$RaftServerProtocolServiceBlockingStub.requestVote(RaftServerProtocolServiceGrpc.java:265)
	at org.apache.ratis.grpc.server.GrpcServerProtocolClient.requestVote(GrpcServerProtocolClient.java:83)
	at org.apache.ratis.grpc.server.GrpcService.requestVote(GrpcService.java:195)
	at org.apache.ratis.server.impl.LeaderElection.lambda$submitRequests$1(LeaderElection.java:237)
	at java.util.concurrent.FutureTask.run(FutureTask.java:266)
	at java.util.concurrent.Executors$RunnableAdapter.call(Executors.java:511)
	at java.util.concurrent.FutureTask.run(FutureTask.java:266)
	at java.util.concurrent.ThreadPoolExecutor.runWorker(ThreadPoolExecutor.java:1149)
	at java.util.concurrent.ThreadPoolExecutor$Worker.run(ThreadPoolExecutor.java:624)
	... 1 more
Caused by: org.apache.ratis.thirdparty.io.netty.channel.AbstractChannel$AnnotatedConnectException: Connection refused: /192.168.157.230:38770
	at sun.nio.ch.SocketChannelImpl.checkConnect(Native Method)
	at sun.nio.ch.SocketChannelImpl.finishConnect(SocketChannelImpl.java:717)
	at org.apache.ratis.thirdparty.io.netty.channel.socket.nio.NioSocketChannel.doFinishConnect(NioSocketChannel.java:327)
	at org.apache.ratis.thirdparty.io.netty.channel.nio.AbstractNioChannel$AbstractNioUnsafe.finishConnect(AbstractNioChannel.java:340)
	at org.apache.ratis.thirdparty.io.netty.channel.nio.NioEventLoop.processSelectedKey(NioEventLoop.java:632)
	at org.apache.ratis.thirdparty.io.netty.channel.nio.NioEventLoop.processSelectedKeysOptimized(NioEventLoop.java:579)
	at org.apache.ratis.thirdparty.io.netty.channel.nio.NioEventLoop.processSelectedKeys(NioEventLoop.java:496)
	at org.apache.ratis.thirdparty.io.netty.channel.nio.NioEventLoop.run(NioEventLoop.java:458)
	at org.apache.ratis.thirdparty.io.netty.util.concurrent.SingleThreadEventExecutor$5.run(SingleThreadEventExecutor.java:897)
	at org.apache.ratis.thirdparty.io.netty.util.concurrent.FastThreadLocalRunnable.run(FastThreadLocalRunnable.java:30)
	... 1 more
Caused by: java.net.ConnectException: Connection refused
	... 11 more
2019-07-14 01:00:46,423 INFO  impl.LeaderElection (LogUtils.java:infoOrTrace(149)) -   Exception 1: {}
java.util.concurrent.ExecutionException: org.apache.ratis.thirdparty.io.grpc.StatusRuntimeException: UNAVAILABLE: io exception
	at java.util.concurrent.FutureTask.report(FutureTask.java:122)
	at java.util.concurrent.FutureTask.get(FutureTask.java:192)
	at org.apache.ratis.server.impl.LeaderElection.waitForResults(LeaderElection.java:262)
	at org.apache.ratis.server.impl.LeaderElection.askForVotes(LeaderElection.java:200)
	at org.apache.ratis.server.impl.LeaderElection.run(LeaderElection.java:130)
	at java.lang.Thread.run(Thread.java:748)
Caused by: org.apache.ratis.thirdparty.io.grpc.StatusRuntimeException: UNAVAILABLE: io exception
	at org.apache.ratis.thirdparty.io.grpc.stub.ClientCalls.toStatusRuntimeException(ClientCalls.java:233)
	at org.apache.ratis.thirdparty.io.grpc.stub.ClientCalls.getUnchecked(ClientCalls.java:214)
	at org.apache.ratis.thirdparty.io.grpc.stub.ClientCalls.blockingUnaryCall(ClientCalls.java:139)
	at org.apache.ratis.proto.grpc.RaftServerProtocolServiceGrpc$RaftServerProtocolServiceBlockingStub.requestVote(RaftServerProtocolServiceGrpc.java:265)
	at org.apache.ratis.grpc.server.GrpcServerProtocolClient.requestVote(GrpcServerProtocolClient.java:83)
	at org.apache.ratis.grpc.server.GrpcService.requestVote(GrpcService.java:195)
	at org.apache.ratis.server.impl.LeaderElection.lambda$submitRequests$1(LeaderElection.java:237)
	at java.util.concurrent.FutureTask.run(FutureTask.java:266)
	at java.util.concurrent.Executors$RunnableAdapter.call(Executors.java:511)
	at java.util.concurrent.FutureTask.run(FutureTask.java:266)
	at java.util.concurrent.ThreadPoolExecutor.runWorker(ThreadPoolExecutor.java:1149)
	at java.util.concurrent.ThreadPoolExecutor$Worker.run(ThreadPoolExecutor.java:624)
	... 1 more
Caused by: org.apache.ratis.thirdparty.io.netty.channel.AbstractChannel$AnnotatedConnectException: Connection refused: /192.168.157.230:35236
	at sun.nio.ch.SocketChannelImpl.checkConnect(Native Method)
	at sun.nio.ch.SocketChannelImpl.finishConnect(SocketChannelImpl.java:717)
	at org.apache.ratis.thirdparty.io.netty.channel.socket.nio.NioSocketChannel.doFinishConnect(NioSocketChannel.java:327)
	at org.apache.ratis.thirdparty.io.netty.channel.nio.AbstractNioChannel$AbstractNioUnsafe.finishConnect(AbstractNioChannel.java:340)
	at org.apache.ratis.thirdparty.io.netty.channel.nio.NioEventLoop.processSelectedKey(NioEventLoop.java:632)
	at org.apache.ratis.thirdparty.io.netty.channel.nio.NioEventLoop.processSelectedKeysOptimized(NioEventLoop.java:579)
	at org.apache.ratis.thirdparty.io.netty.channel.nio.NioEventLoop.processSelectedKeys(NioEventLoop.java:496)
	at org.apache.ratis.thirdparty.io.netty.channel.nio.NioEventLoop.run(NioEventLoop.java:458)
	at org.apache.ratis.thirdparty.io.netty.util.concurrent.SingleThreadEventExecutor$5.run(SingleThreadEventExecutor.java:897)
	at org.apache.ratis.thirdparty.io.netty.util.concurrent.FastThreadLocalRunnable.run(FastThreadLocalRunnable.java:30)
	... 1 more
Caused by: java.net.ConnectException: Connection refused
	... 11 more
2019-07-14 01:00:46,424 INFO  impl.RaftServerImpl (RaftServerImpl.java:setRole(171)) - 31579158-a9e7-4c5e-ab80-b5e9b493ce46:group-03DCB51E0B49 changes role from CANDIDATE to FOLLOWER at term 2 for DISCOVERED_A_NEW_TERM
2019-07-14 01:00:46,432 INFO  impl.RoleInfo (RoleInfo.java:shutdownLeaderElection(134)) - 31579158-a9e7-4c5e-ab80-b5e9b493ce46: shutdown LeaderElection
2019-07-14 01:00:46,432 INFO  impl.RoleInfo (RoleInfo.java:updateAndGet(143)) - 31579158-a9e7-4c5e-ab80-b5e9b493ce46: start FollowerState
2019-07-14 01:00:48,111 INFO  client.GrpcClientProtocolClient (GrpcClientProtocolClient.java:onNext(255)) - client-3F206C568230->31579158-a9e7-4c5e-ab80-b5e9b493ce46: receive RaftClientReply:client-3F206C568230->31579158-a9e7-4c5e-ab80-b5e9b493ce46@group-03DCB51E0B49, cid=22, FAILED org.apache.ratis.protocol.NotLeaderException: Server 31579158-a9e7-4c5e-ab80-b5e9b493ce46 is not the leader (null). Request must be sent to leader., logIndex=0, commits[31579158-a9e7-4c5e-ab80-b5e9b493ce46:c16, 104caf5e-9caf-4bd0-8070-6d8b62874fc4:c16, 3e145723-ff3e-41b8-bf22-3e40bf8680f1:c16]
2019-07-14 01:00:51,563 INFO  impl.FollowerState (FollowerState.java:run(106)) - 31579158-a9e7-4c5e-ab80-b5e9b493ce46:group-03DCB51E0B49 changes to CANDIDATE, lastRpcTime:5130, electionTimeout:5130ms
2019-07-14 01:00:51,563 INFO  impl.RoleInfo (RoleInfo.java:shutdownFollowerState(121)) - 31579158-a9e7-4c5e-ab80-b5e9b493ce46: shutdown FollowerState
2019-07-14 01:00:51,563 INFO  impl.RaftServerImpl (RaftServerImpl.java:setRole(171)) - 31579158-a9e7-4c5e-ab80-b5e9b493ce46:group-03DCB51E0B49 changes role from FOLLOWER to CANDIDATE at term 2 for changeToCandidate
2019-07-14 01:00:51,564 INFO  impl.RoleInfo (RoleInfo.java:updateAndGet(143)) - 31579158-a9e7-4c5e-ab80-b5e9b493ce46: start LeaderElection
2019-07-14 01:00:51,581 INFO  impl.LeaderElection (LeaderElection.java:askForVotes(181)) - 31579158-a9e7-4c5e-ab80-b5e9b493ce46:group-03DCB51E0B49:LeaderElection11: begin an election at term 3 for 0: [31579158-a9e7-4c5e-ab80-b5e9b493ce46:192.168.157.230:33991, 104caf5e-9caf-4bd0-8070-6d8b62874fc4:192.168.157.230:35236, 3e145723-ff3e-41b8-bf22-3e40bf8680f1:192.168.157.230:38770], old=null
2019-07-14 01:00:51,584 INFO  impl.LeaderElection (LogUtils.java:infoOrTrace(149)) - 31579158-a9e7-4c5e-ab80-b5e9b493ce46:group-03DCB51E0B49:LeaderElection11 got exception when requesting votes: {}
java.util.concurrent.ExecutionException: org.apache.ratis.thirdparty.io.grpc.StatusRuntimeException: UNAVAILABLE: io exception
	at java.util.concurrent.FutureTask.report(FutureTask.java:122)
	at java.util.concurrent.FutureTask.get(FutureTask.java:192)
	at org.apache.ratis.server.impl.LeaderElection.waitForResults(LeaderElection.java:262)
	at org.apache.ratis.server.impl.LeaderElection.askForVotes(LeaderElection.java:200)
	at org.apache.ratis.server.impl.LeaderElection.run(LeaderElection.java:130)
	at java.lang.Thread.run(Thread.java:748)
Caused by: org.apache.ratis.thirdparty.io.grpc.StatusRuntimeException: UNAVAILABLE: io exception
	at org.apache.ratis.thirdparty.io.grpc.stub.ClientCalls.toStatusRuntimeException(ClientCalls.java:233)
	at org.apache.ratis.thirdparty.io.grpc.stub.ClientCalls.getUnchecked(ClientCalls.java:214)
	at org.apache.ratis.thirdparty.io.grpc.stub.ClientCalls.blockingUnaryCall(ClientCalls.java:139)
	at org.apache.ratis.proto.grpc.RaftServerProtocolServiceGrpc$RaftServerProtocolServiceBlockingStub.requestVote(RaftServerProtocolServiceGrpc.java:265)
	at org.apache.ratis.grpc.server.GrpcServerProtocolClient.requestVote(GrpcServerProtocolClient.java:83)
	at org.apache.ratis.grpc.server.GrpcService.requestVote(GrpcService.java:195)
	at org.apache.ratis.server.impl.LeaderElection.lambda$submitRequests$1(LeaderElection.java:237)
	at java.util.concurrent.FutureTask.run(FutureTask.java:266)
	at java.util.concurrent.Executors$RunnableAdapter.call(Executors.java:511)
	at java.util.concurrent.FutureTask.run(FutureTask.java:266)
	at java.util.concurrent.ThreadPoolExecutor.runWorker(ThreadPoolExecutor.java:1149)
	at java.util.concurrent.ThreadPoolExecutor$Worker.run(ThreadPoolExecutor.java:624)
	... 1 more
Caused by: org.apache.ratis.thirdparty.io.netty.channel.AbstractChannel$AnnotatedConnectException: Connection refused: /192.168.157.230:38770
	at sun.nio.ch.SocketChannelImpl.checkConnect(Native Method)
	at sun.nio.ch.SocketChannelImpl.finishConnect(SocketChannelImpl.java:717)
	at org.apache.ratis.thirdparty.io.netty.channel.socket.nio.NioSocketChannel.doFinishConnect(NioSocketChannel.java:327)
	at org.apache.ratis.thirdparty.io.netty.channel.nio.AbstractNioChannel$AbstractNioUnsafe.finishConnect(AbstractNioChannel.java:340)
	at org.apache.ratis.thirdparty.io.netty.channel.nio.NioEventLoop.processSelectedKey(NioEventLoop.java:632)
	at org.apache.ratis.thirdparty.io.netty.channel.nio.NioEventLoop.processSelectedKeysOptimized(NioEventLoop.java:579)
	at org.apache.ratis.thirdparty.io.netty.channel.nio.NioEventLoop.processSelectedKeys(NioEventLoop.java:496)
	at org.apache.ratis.thirdparty.io.netty.channel.nio.NioEventLoop.run(NioEventLoop.java:458)
	at org.apache.ratis.thirdparty.io.netty.util.concurrent.SingleThreadEventExecutor$5.run(SingleThreadEventExecutor.java:897)
	at org.apache.ratis.thirdparty.io.netty.util.concurrent.FastThreadLocalRunnable.run(FastThreadLocalRunnable.java:30)
	... 1 more
Caused by: java.net.ConnectException: Connection refused
	... 11 more
2019-07-14 01:00:51,590 INFO  impl.LeaderElection (LogUtils.java:infoOrTrace(149)) - 31579158-a9e7-4c5e-ab80-b5e9b493ce46:group-03DCB51E0B49:LeaderElection11 got exception when requesting votes: {}
java.util.concurrent.ExecutionException: org.apache.ratis.thirdparty.io.grpc.StatusRuntimeException: UNAVAILABLE: io exception
	at java.util.concurrent.FutureTask.report(FutureTask.java:122)
	at java.util.concurrent.FutureTask.get(FutureTask.java:192)
	at org.apache.ratis.server.impl.LeaderElection.waitForResults(LeaderElection.java:262)
	at org.apache.ratis.server.impl.LeaderElection.askForVotes(LeaderElection.java:200)
	at org.apache.ratis.server.impl.LeaderElection.run(LeaderElection.java:130)
	at java.lang.Thread.run(Thread.java:748)
Caused by: org.apache.ratis.thirdparty.io.grpc.StatusRuntimeException: UNAVAILABLE: io exception
	at org.apache.ratis.thirdparty.io.grpc.stub.ClientCalls.toStatusRuntimeException(ClientCalls.java:233)
	at org.apache.ratis.thirdparty.io.grpc.stub.ClientCalls.getUnchecked(ClientCalls.java:214)
	at org.apache.ratis.thirdparty.io.grpc.stub.ClientCalls.blockingUnaryCall(ClientCalls.java:139)
	at org.apache.ratis.proto.grpc.RaftServerProtocolServiceGrpc$RaftServerProtocolServiceBlockingStub.requestVote(RaftServerProtocolServiceGrpc.java:265)
	at org.apache.ratis.grpc.server.GrpcServerProtocolClient.requestVote(GrpcServerProtocolClient.java:83)
	at org.apache.ratis.grpc.server.GrpcService.requestVote(GrpcService.java:195)
	at org.apache.ratis.server.impl.LeaderElection.lambda$submitRequests$1(LeaderElection.java:237)
	at java.util.concurrent.FutureTask.run(FutureTask.java:266)
	at java.util.concurrent.Executors$RunnableAdapter.call(Executors.java:511)
	at java.util.concurrent.FutureTask.run(FutureTask.java:266)
	at java.util.concurrent.ThreadPoolExecutor.runWorker(ThreadPoolExecutor.java:1149)
	at java.util.concurrent.ThreadPoolExecutor$Worker.run(ThreadPoolExecutor.java:624)
	... 1 more
Caused by: org.apache.ratis.thirdparty.io.netty.channel.AbstractChannel$AnnotatedConnectException: Connection refused: /192.168.157.230:35236
	at sun.nio.ch.SocketChannelImpl.checkConnect(Native Method)
	at sun.nio.ch.SocketChannelImpl.finishConnect(SocketChannelImpl.java:717)
	at org.apache.ratis.thirdparty.io.netty.channel.socket.nio.NioSocketChannel.doFinishConnect(NioSocketChannel.java:327)
	at org.apache.ratis.thirdparty.io.netty.channel.nio.AbstractNioChannel$AbstractNioUnsafe.finishConnect(AbstractNioChannel.java:340)
	at org.apache.ratis.thirdparty.io.netty.channel.nio.NioEventLoop.processSelectedKey(NioEventLoop.java:632)
	at org.apache.ratis.thirdparty.io.netty.channel.nio.NioEventLoop.processSelectedKeysOptimized(NioEventLoop.java:579)
	at org.apache.ratis.thirdparty.io.netty.channel.nio.NioEventLoop.processSelectedKeys(NioEventLoop.java:496)
	at org.apache.ratis.thirdparty.io.netty.channel.nio.NioEventLoop.run(NioEventLoop.java:458)
	at org.apache.ratis.thirdparty.io.netty.util.concurrent.SingleThreadEventExecutor$5.run(SingleThreadEventExecutor.java:897)
	at org.apache.ratis.thirdparty.io.netty.util.concurrent.FastThreadLocalRunnable.run(FastThreadLocalRunnable.java:30)
	... 1 more
Caused by: java.net.ConnectException: Connection refused
	... 11 more
2019-07-14 01:00:51,592 INFO  impl.LeaderElection (LeaderElection.java:logAndReturn(56)) - 31579158-a9e7-4c5e-ab80-b5e9b493ce46:group-03DCB51E0B49:LeaderElection11: Election REJECTED; received 0 response(s) [] and 2 exception(s); 31579158-a9e7-4c5e-ab80-b5e9b493ce46:t3, leader=null, voted=31579158-a9e7-4c5e-ab80-b5e9b493ce46, raftlog=31579158-a9e7-4c5e-ab80-b5e9b493ce46-SegmentedRaftLog:OPENED:c16,f16,i16, conf=0: [31579158-a9e7-4c5e-ab80-b5e9b493ce46:192.168.157.230:33991, 104caf5e-9caf-4bd0-8070-6d8b62874fc4:192.168.157.230:35236, 3e145723-ff3e-41b8-bf22-3e40bf8680f1:192.168.157.230:38770], old=null
2019-07-14 01:00:51,592 INFO  impl.LeaderElection (LogUtils.java:infoOrTrace(149)) -   Exception 0: {}
java.util.concurrent.ExecutionException: org.apache.ratis.thirdparty.io.grpc.StatusRuntimeException: UNAVAILABLE: io exception
	at java.util.concurrent.FutureTask.report(FutureTask.java:122)
	at java.util.concurrent.FutureTask.get(FutureTask.java:192)
	at org.apache.ratis.server.impl.LeaderElection.waitForResults(LeaderElection.java:262)
	at org.apache.ratis.server.impl.LeaderElection.askForVotes(LeaderElection.java:200)
	at org.apache.ratis.server.impl.LeaderElection.run(LeaderElection.java:130)
	at java.lang.Thread.run(Thread.java:748)
Caused by: org.apache.ratis.thirdparty.io.grpc.StatusRuntimeException: UNAVAILABLE: io exception
	at org.apache.ratis.thirdparty.io.grpc.stub.ClientCalls.toStatusRuntimeException(ClientCalls.java:233)
	at org.apache.ratis.thirdparty.io.grpc.stub.ClientCalls.getUnchecked(ClientCalls.java:214)
	at org.apache.ratis.thirdparty.io.grpc.stub.ClientCalls.blockingUnaryCall(ClientCalls.java:139)
	at org.apache.ratis.proto.grpc.RaftServerProtocolServiceGrpc$RaftServerProtocolServiceBlockingStub.requestVote(RaftServerProtocolServiceGrpc.java:265)
	at org.apache.ratis.grpc.server.GrpcServerProtocolClient.requestVote(GrpcServerProtocolClient.java:83)
	at org.apache.ratis.grpc.server.GrpcService.requestVote(GrpcService.java:195)
	at org.apache.ratis.server.impl.LeaderElection.lambda$submitRequests$1(LeaderElection.java:237)
	at java.util.concurrent.FutureTask.run(FutureTask.java:266)
	at java.util.concurrent.Executors$RunnableAdapter.call(Executors.java:511)
	at java.util.concurrent.FutureTask.run(FutureTask.java:266)
	at java.util.concurrent.ThreadPoolExecutor.runWorker(ThreadPoolExecutor.java:1149)
	at java.util.concurrent.ThreadPoolExecutor$Worker.run(ThreadPoolExecutor.java:624)
	... 1 more
Caused by: org.apache.ratis.thirdparty.io.netty.channel.AbstractChannel$AnnotatedConnectException: Connection refused: /192.168.157.230:38770
	at sun.nio.ch.SocketChannelImpl.checkConnect(Native Method)
	at sun.nio.ch.SocketChannelImpl.finishConnect(SocketChannelImpl.java:717)
	at org.apache.ratis.thirdparty.io.netty.channel.socket.nio.NioSocketChannel.doFinishConnect(NioSocketChannel.java:327)
	at org.apache.ratis.thirdparty.io.netty.channel.nio.AbstractNioChannel$AbstractNioUnsafe.finishConnect(AbstractNioChannel.java:340)
	at org.apache.ratis.thirdparty.io.netty.channel.nio.NioEventLoop.processSelectedKey(NioEventLoop.java:632)
	at org.apache.ratis.thirdparty.io.netty.channel.nio.NioEventLoop.processSelectedKeysOptimized(NioEventLoop.java:579)
	at org.apache.ratis.thirdparty.io.netty.channel.nio.NioEventLoop.processSelectedKeys(NioEventLoop.java:496)
	at org.apache.ratis.thirdparty.io.netty.channel.nio.NioEventLoop.run(NioEventLoop.java:458)
	at org.apache.ratis.thirdparty.io.netty.util.concurrent.SingleThreadEventExecutor$5.run(SingleThreadEventExecutor.java:897)
	at org.apache.ratis.thirdparty.io.netty.util.concurrent.FastThreadLocalRunnable.run(FastThreadLocalRunnable.java:30)
	... 1 more
Caused by: java.net.ConnectException: Connection refused
	... 11 more
2019-07-14 01:00:51,593 INFO  impl.LeaderElection (LogUtils.java:infoOrTrace(149)) -   Exception 1: {}
java.util.concurrent.ExecutionException: org.apache.ratis.thirdparty.io.grpc.StatusRuntimeException: UNAVAILABLE: io exception
	at java.util.concurrent.FutureTask.report(FutureTask.java:122)
	at java.util.concurrent.FutureTask.get(FutureTask.java:192)
	at org.apache.ratis.server.impl.LeaderElection.waitForResults(LeaderElection.java:262)
	at org.apache.ratis.server.impl.LeaderElection.askForVotes(LeaderElection.java:200)
	at org.apache.ratis.server.impl.LeaderElection.run(LeaderElection.java:130)
	at java.lang.Thread.run(Thread.java:748)
Caused by: org.apache.ratis.thirdparty.io.grpc.StatusRuntimeException: UNAVAILABLE: io exception
	at org.apache.ratis.thirdparty.io.grpc.stub.ClientCalls.toStatusRuntimeException(ClientCalls.java:233)
	at org.apache.ratis.thirdparty.io.grpc.stub.ClientCalls.getUnchecked(ClientCalls.java:214)
	at org.apache.ratis.thirdparty.io.grpc.stub.ClientCalls.blockingUnaryCall(ClientCalls.java:139)
	at org.apache.ratis.proto.grpc.RaftServerProtocolServiceGrpc$RaftServerProtocolServiceBlockingStub.requestVote(RaftServerProtocolServiceGrpc.java:265)
	at org.apache.ratis.grpc.server.GrpcServerProtocolClient.requestVote(GrpcServerProtocolClient.java:83)
	at org.apache.ratis.grpc.server.GrpcService.requestVote(GrpcService.java:195)
	at org.apache.ratis.server.impl.LeaderElection.lambda$submitRequests$1(LeaderElection.java:237)
	at java.util.concurrent.FutureTask.run(FutureTask.java:266)
	at java.util.concurrent.Executors$RunnableAdapter.call(Executors.java:511)
	at java.util.concurrent.FutureTask.run(FutureTask.java:266)
	at java.util.concurrent.ThreadPoolExecutor.runWorker(ThreadPoolExecutor.java:1149)
	at java.util.concurrent.ThreadPoolExecutor$Worker.run(ThreadPoolExecutor.java:624)
	... 1 more
Caused by: org.apache.ratis.thirdparty.io.netty.channel.AbstractChannel$AnnotatedConnectException: Connection refused: /192.168.157.230:35236
	at sun.nio.ch.SocketChannelImpl.checkConnect(Native Method)
	at sun.nio.ch.SocketChannelImpl.finishConnect(SocketChannelImpl.java:717)
	at org.apache.ratis.thirdparty.io.netty.channel.socket.nio.NioSocketChannel.doFinishConnect(NioSocketChannel.java:327)
	at org.apache.ratis.thirdparty.io.netty.channel.nio.AbstractNioChannel$AbstractNioUnsafe.finishConnect(AbstractNioChannel.java:340)
	at org.apache.ratis.thirdparty.io.netty.channel.nio.NioEventLoop.processSelectedKey(NioEventLoop.java:632)
	at org.apache.ratis.thirdparty.io.netty.channel.nio.NioEventLoop.processSelectedKeysOptimized(NioEventLoop.java:579)
	at org.apache.ratis.thirdparty.io.netty.channel.nio.NioEventLoop.processSelectedKeys(NioEventLoop.java:496)
	at org.apache.ratis.thirdparty.io.netty.channel.nio.NioEventLoop.run(NioEventLoop.java:458)
	at org.apache.ratis.thirdparty.io.netty.util.concurrent.SingleThreadEventExecutor$5.run(SingleThreadEventExecutor.java:897)
	at org.apache.ratis.thirdparty.io.netty.util.concurrent.FastThreadLocalRunnable.run(FastThreadLocalRunnable.java:30)
	... 1 more
Caused by: java.net.ConnectException: Connection refused
	... 11 more
2019-07-14 01:00:51,595 INFO  impl.RaftServerImpl (RaftServerImpl.java:setRole(171)) - 31579158-a9e7-4c5e-ab80-b5e9b493ce46:group-03DCB51E0B49 changes role from CANDIDATE to FOLLOWER at term 3 for DISCOVERED_A_NEW_TERM
2019-07-14 01:00:51,597 INFO  impl.RoleInfo (RoleInfo.java:shutdownLeaderElection(134)) - 31579158-a9e7-4c5e-ab80-b5e9b493ce46: shutdown LeaderElection
2019-07-14 01:00:51,597 INFO  impl.RoleInfo (RoleInfo.java:updateAndGet(143)) - 31579158-a9e7-4c5e-ab80-b5e9b493ce46: start FollowerState
2019-07-14 01:00:54,214 INFO  client.GrpcClientProtocolClient (GrpcClientProtocolClient.java:onNext(255)) - client-3F206C568230->31579158-a9e7-4c5e-ab80-b5e9b493ce46: receive RaftClientReply:client-3F206C568230->31579158-a9e7-4c5e-ab80-b5e9b493ce46@group-03DCB51E0B49, cid=22, FAILED org.apache.ratis.protocol.NotLeaderException: Server 31579158-a9e7-4c5e-ab80-b5e9b493ce46 is not the leader (null). Request must be sent to leader., logIndex=0, commits[31579158-a9e7-4c5e-ab80-b5e9b493ce46:c16, 104caf5e-9caf-4bd0-8070-6d8b62874fc4:c16, 3e145723-ff3e-41b8-bf22-3e40bf8680f1:c16]
2019-07-14 01:00:56,285 INFO  client.GrpcClientProtocolClient (GrpcClientProtocolClient.java:onNext(255)) - client-3F206C568230->31579158-a9e7-4c5e-ab80-b5e9b493ce46: receive RaftClientReply:client-3F206C568230->31579158-a9e7-4c5e-ab80-b5e9b493ce46@group-03DCB51E0B49, cid=22, FAILED org.apache.ratis.protocol.NotLeaderException: Server 31579158-a9e7-4c5e-ab80-b5e9b493ce46 is not the leader (null). Request must be sent to leader., logIndex=0, commits[31579158-a9e7-4c5e-ab80-b5e9b493ce46:c16, 104caf5e-9caf-4bd0-8070-6d8b62874fc4:c16, 3e145723-ff3e-41b8-bf22-3e40bf8680f1:c16]
2019-07-14 01:00:56,731 INFO  impl.FollowerState (FollowerState.java:run(106)) - 31579158-a9e7-4c5e-ab80-b5e9b493ce46:group-03DCB51E0B49 changes to CANDIDATE, lastRpcTime:5134, electionTimeout:5132ms
2019-07-14 01:00:56,735 INFO  impl.RoleInfo (RoleInfo.java:shutdownFollowerState(121)) - 31579158-a9e7-4c5e-ab80-b5e9b493ce46: shutdown FollowerState
2019-07-14 01:00:56,735 INFO  impl.RaftServerImpl (RaftServerImpl.java:setRole(171)) - 31579158-a9e7-4c5e-ab80-b5e9b493ce46:group-03DCB51E0B49 changes role from FOLLOWER to CANDIDATE at term 3 for changeToCandidate
2019-07-14 01:00:56,735 INFO  impl.RoleInfo (RoleInfo.java:updateAndGet(143)) - 31579158-a9e7-4c5e-ab80-b5e9b493ce46: start LeaderElection
2019-07-14 01:00:56,752 INFO  impl.LeaderElection (LeaderElection.java:askForVotes(181)) - 31579158-a9e7-4c5e-ab80-b5e9b493ce46:group-03DCB51E0B49:LeaderElection12: begin an election at term 4 for 0: [31579158-a9e7-4c5e-ab80-b5e9b493ce46:192.168.157.230:33991, 104caf5e-9caf-4bd0-8070-6d8b62874fc4:192.168.157.230:35236, 3e145723-ff3e-41b8-bf22-3e40bf8680f1:192.168.157.230:38770], old=null
2019-07-14 01:00:56,756 INFO  impl.LeaderElection (LogUtils.java:infoOrTrace(149)) - 31579158-a9e7-4c5e-ab80-b5e9b493ce46:group-03DCB51E0B49:LeaderElection12 got exception when requesting votes: {}
java.util.concurrent.ExecutionException: org.apache.ratis.thirdparty.io.grpc.StatusRuntimeException: UNAVAILABLE: io exception
	at java.util.concurrent.FutureTask.report(FutureTask.java:122)
	at java.util.concurrent.FutureTask.get(FutureTask.java:192)
	at org.apache.ratis.server.impl.LeaderElection.waitForResults(LeaderElection.java:262)
	at org.apache.ratis.server.impl.LeaderElection.askForVotes(LeaderElection.java:200)
	at org.apache.ratis.server.impl.LeaderElection.run(LeaderElection.java:130)
	at java.lang.Thread.run(Thread.java:748)
Caused by: org.apache.ratis.thirdparty.io.grpc.StatusRuntimeException: UNAVAILABLE: io exception
	at org.apache.ratis.thirdparty.io.grpc.stub.ClientCalls.toStatusRuntimeException(ClientCalls.java:233)
	at org.apache.ratis.thirdparty.io.grpc.stub.ClientCalls.getUnchecked(ClientCalls.java:214)
	at org.apache.ratis.thirdparty.io.grpc.stub.ClientCalls.blockingUnaryCall(ClientCalls.java:139)
	at org.apache.ratis.proto.grpc.RaftServerProtocolServiceGrpc$RaftServerProtocolServiceBlockingStub.requestVote(RaftServerProtocolServiceGrpc.java:265)
	at org.apache.ratis.grpc.server.GrpcServerProtocolClient.requestVote(GrpcServerProtocolClient.java:83)
	at org.apache.ratis.grpc.server.GrpcService.requestVote(GrpcService.java:195)
	at org.apache.ratis.server.impl.LeaderElection.lambda$submitRequests$1(LeaderElection.java:237)
	at java.util.concurrent.FutureTask.run(FutureTask.java:266)
	at java.util.concurrent.Executors$RunnableAdapter.call(Executors.java:511)
	at java.util.concurrent.FutureTask.run(FutureTask.java:266)
	at java.util.concurrent.ThreadPoolExecutor.runWorker(ThreadPoolExecutor.java:1149)
	at java.util.concurrent.ThreadPoolExecutor$Worker.run(ThreadPoolExecutor.java:624)
	... 1 more
Caused by: org.apache.ratis.thirdparty.io.netty.channel.AbstractChannel$AnnotatedConnectException: Connection refused: /192.168.157.230:35236
	at sun.nio.ch.SocketChannelImpl.checkConnect(Native Method)
	at sun.nio.ch.SocketChannelImpl.finishConnect(SocketChannelImpl.java:717)
	at org.apache.ratis.thirdparty.io.netty.channel.socket.nio.NioSocketChannel.doFinishConnect(NioSocketChannel.java:327)
	at org.apache.ratis.thirdparty.io.netty.channel.nio.AbstractNioChannel$AbstractNioUnsafe.finishConnect(AbstractNioChannel.java:340)
	at org.apache.ratis.thirdparty.io.netty.channel.nio.NioEventLoop.processSelectedKey(NioEventLoop.java:632)
	at org.apache.ratis.thirdparty.io.netty.channel.nio.NioEventLoop.processSelectedKeysOptimized(NioEventLoop.java:579)
	at org.apache.ratis.thirdparty.io.netty.channel.nio.NioEventLoop.processSelectedKeys(NioEventLoop.java:496)
	at org.apache.ratis.thirdparty.io.netty.channel.nio.NioEventLoop.run(NioEventLoop.java:458)
	at org.apache.ratis.thirdparty.io.netty.util.concurrent.SingleThreadEventExecutor$5.run(SingleThreadEventExecutor.java:897)
	at org.apache.ratis.thirdparty.io.netty.util.concurrent.FastThreadLocalRunnable.run(FastThreadLocalRunnable.java:30)
	... 1 more
Caused by: java.net.ConnectException: Connection refused
	... 11 more
2019-07-14 01:00:56,758 INFO  impl.LeaderElection (LogUtils.java:infoOrTrace(149)) - 31579158-a9e7-4c5e-ab80-b5e9b493ce46:group-03DCB51E0B49:LeaderElection12 got exception when requesting votes: {}
java.util.concurrent.ExecutionException: org.apache.ratis.thirdparty.io.grpc.StatusRuntimeException: UNAVAILABLE: io exception
	at java.util.concurrent.FutureTask.report(FutureTask.java:122)
	at java.util.concurrent.FutureTask.get(FutureTask.java:192)
	at org.apache.ratis.server.impl.LeaderElection.waitForResults(LeaderElection.java:262)
	at org.apache.ratis.server.impl.LeaderElection.askForVotes(LeaderElection.java:200)
	at org.apache.ratis.server.impl.LeaderElection.run(LeaderElection.java:130)
	at java.lang.Thread.run(Thread.java:748)
Caused by: org.apache.ratis.thirdparty.io.grpc.StatusRuntimeException: UNAVAILABLE: io exception
	at org.apache.ratis.thirdparty.io.grpc.stub.ClientCalls.toStatusRuntimeException(ClientCalls.java:233)
	at org.apache.ratis.thirdparty.io.grpc.stub.ClientCalls.getUnchecked(ClientCalls.java:214)
	at org.apache.ratis.thirdparty.io.grpc.stub.ClientCalls.blockingUnaryCall(ClientCalls.java:139)
	at org.apache.ratis.proto.grpc.RaftServerProtocolServiceGrpc$RaftServerProtocolServiceBlockingStub.requestVote(RaftServerProtocolServiceGrpc.java:265)
	at org.apache.ratis.grpc.server.GrpcServerProtocolClient.requestVote(GrpcServerProtocolClient.java:83)
	at org.apache.ratis.grpc.server.GrpcService.requestVote(GrpcService.java:195)
	at org.apache.ratis.server.impl.LeaderElection.lambda$submitRequests$1(LeaderElection.java:237)
	at java.util.concurrent.FutureTask.run(FutureTask.java:266)
	at java.util.concurrent.Executors$RunnableAdapter.call(Executors.java:511)
	at java.util.concurrent.FutureTask.run(FutureTask.java:266)
	at java.util.concurrent.ThreadPoolExecutor.runWorker(ThreadPoolExecutor.java:1149)
	at java.util.concurrent.ThreadPoolExecutor$Worker.run(ThreadPoolExecutor.java:624)
	... 1 more
Caused by: org.apache.ratis.thirdparty.io.netty.channel.AbstractChannel$AnnotatedConnectException: Connection refused: /192.168.157.230:38770
	at sun.nio.ch.SocketChannelImpl.checkConnect(Native Method)
	at sun.nio.ch.SocketChannelImpl.finishConnect(SocketChannelImpl.java:717)
	at org.apache.ratis.thirdparty.io.netty.channel.socket.nio.NioSocketChannel.doFinishConnect(NioSocketChannel.java:327)
	at org.apache.ratis.thirdparty.io.netty.channel.nio.AbstractNioChannel$AbstractNioUnsafe.finishConnect(AbstractNioChannel.java:340)
	at org.apache.ratis.thirdparty.io.netty.channel.nio.NioEventLoop.processSelectedKey(NioEventLoop.java:632)
	at org.apache.ratis.thirdparty.io.netty.channel.nio.NioEventLoop.processSelectedKeysOptimized(NioEventLoop.java:579)
	at org.apache.ratis.thirdparty.io.netty.channel.nio.NioEventLoop.processSelectedKeys(NioEventLoop.java:496)
	at org.apache.ratis.thirdparty.io.netty.channel.nio.NioEventLoop.run(NioEventLoop.java:458)
	at org.apache.ratis.thirdparty.io.netty.util.concurrent.SingleThreadEventExecutor$5.run(SingleThreadEventExecutor.java:897)
	at org.apache.ratis.thirdparty.io.netty.util.concurrent.FastThreadLocalRunnable.run(FastThreadLocalRunnable.java:30)
	... 1 more
Caused by: java.net.ConnectException: Connection refused
	... 11 more
2019-07-14 01:00:56,761 INFO  impl.LeaderElection (LeaderElection.java:logAndReturn(56)) - 31579158-a9e7-4c5e-ab80-b5e9b493ce46:group-03DCB51E0B49:LeaderElection12: Election REJECTED; received 0 response(s) [] and 2 exception(s); 31579158-a9e7-4c5e-ab80-b5e9b493ce46:t4, leader=null, voted=31579158-a9e7-4c5e-ab80-b5e9b493ce46, raftlog=31579158-a9e7-4c5e-ab80-b5e9b493ce46-SegmentedRaftLog:OPENED:c16,f16,i16, conf=0: [31579158-a9e7-4c5e-ab80-b5e9b493ce46:192.168.157.230:33991, 104caf5e-9caf-4bd0-8070-6d8b62874fc4:192.168.157.230:35236, 3e145723-ff3e-41b8-bf22-3e40bf8680f1:192.168.157.230:38770], old=null
2019-07-14 01:00:56,761 INFO  impl.LeaderElection (LogUtils.java:infoOrTrace(149)) -   Exception 0: {}
java.util.concurrent.ExecutionException: org.apache.ratis.thirdparty.io.grpc.StatusRuntimeException: UNAVAILABLE: io exception
	at java.util.concurrent.FutureTask.report(FutureTask.java:122)
	at java.util.concurrent.FutureTask.get(FutureTask.java:192)
	at org.apache.ratis.server.impl.LeaderElection.waitForResults(LeaderElection.java:262)
	at org.apache.ratis.server.impl.LeaderElection.askForVotes(LeaderElection.java:200)
	at org.apache.ratis.server.impl.LeaderElection.run(LeaderElection.java:130)
	at java.lang.Thread.run(Thread.java:748)
Caused by: org.apache.ratis.thirdparty.io.grpc.StatusRuntimeException: UNAVAILABLE: io exception
	at org.apache.ratis.thirdparty.io.grpc.stub.ClientCalls.toStatusRuntimeException(ClientCalls.java:233)
	at org.apache.ratis.thirdparty.io.grpc.stub.ClientCalls.getUnchecked(ClientCalls.java:214)
	at org.apache.ratis.thirdparty.io.grpc.stub.ClientCalls.blockingUnaryCall(ClientCalls.java:139)
	at org.apache.ratis.proto.grpc.RaftServerProtocolServiceGrpc$RaftServerProtocolServiceBlockingStub.requestVote(RaftServerProtocolServiceGrpc.java:265)
	at org.apache.ratis.grpc.server.GrpcServerProtocolClient.requestVote(GrpcServerProtocolClient.java:83)
	at org.apache.ratis.grpc.server.GrpcService.requestVote(GrpcService.java:195)
	at org.apache.ratis.server.impl.LeaderElection.lambda$submitRequests$1(LeaderElection.java:237)
	at java.util.concurrent.FutureTask.run(FutureTask.java:266)
	at java.util.concurrent.Executors$RunnableAdapter.call(Executors.java:511)
	at java.util.concurrent.FutureTask.run(FutureTask.java:266)
	at java.util.concurrent.ThreadPoolExecutor.runWorker(ThreadPoolExecutor.java:1149)
	at java.util.concurrent.ThreadPoolExecutor$Worker.run(ThreadPoolExecutor.java:624)
	... 1 more
Caused by: org.apache.ratis.thirdparty.io.netty.channel.AbstractChannel$AnnotatedConnectException: Connection refused: /192.168.157.230:35236
	at sun.nio.ch.SocketChannelImpl.checkConnect(Native Method)
	at sun.nio.ch.SocketChannelImpl.finishConnect(SocketChannelImpl.java:717)
	at org.apache.ratis.thirdparty.io.netty.channel.socket.nio.NioSocketChannel.doFinishConnect(NioSocketChannel.java:327)
	at org.apache.ratis.thirdparty.io.netty.channel.nio.AbstractNioChannel$AbstractNioUnsafe.finishConnect(AbstractNioChannel.java:340)
	at org.apache.ratis.thirdparty.io.netty.channel.nio.NioEventLoop.processSelectedKey(NioEventLoop.java:632)
	at org.apache.ratis.thirdparty.io.netty.channel.nio.NioEventLoop.processSelectedKeysOptimized(NioEventLoop.java:579)
	at org.apache.ratis.thirdparty.io.netty.channel.nio.NioEventLoop.processSelectedKeys(NioEventLoop.java:496)
	at org.apache.ratis.thirdparty.io.netty.channel.nio.NioEventLoop.run(NioEventLoop.java:458)
	at org.apache.ratis.thirdparty.io.netty.util.concurrent.SingleThreadEventExecutor$5.run(SingleThreadEventExecutor.java:897)
	at org.apache.ratis.thirdparty.io.netty.util.concurrent.FastThreadLocalRunnable.run(FastThreadLocalRunnable.java:30)
	... 1 more
Caused by: java.net.ConnectException: Connection refused
	... 11 more
2019-07-14 01:00:56,762 INFO  impl.LeaderElection (LogUtils.java:infoOrTrace(149)) -   Exception 1: {}
java.util.concurrent.ExecutionException: org.apache.ratis.thirdparty.io.grpc.StatusRuntimeException: UNAVAILABLE: io exception
	at java.util.concurrent.FutureTask.report(FutureTask.java:122)
	at java.util.concurrent.FutureTask.get(FutureTask.java:192)
	at org.apache.ratis.server.impl.LeaderElection.waitForResults(LeaderElection.java:262)
	at org.apache.ratis.server.impl.LeaderElection.askForVotes(LeaderElection.java:200)
	at org.apache.ratis.server.impl.LeaderElection.run(LeaderElection.java:130)
	at java.lang.Thread.run(Thread.java:748)
Caused by: org.apache.ratis.thirdparty.io.grpc.StatusRuntimeException: UNAVAILABLE: io exception
	at org.apache.ratis.thirdparty.io.grpc.stub.ClientCalls.toStatusRuntimeException(ClientCalls.java:233)
	at org.apache.ratis.thirdparty.io.grpc.stub.ClientCalls.getUnchecked(ClientCalls.java:214)
	at org.apache.ratis.thirdparty.io.grpc.stub.ClientCalls.blockingUnaryCall(ClientCalls.java:139)
	at org.apache.ratis.proto.grpc.RaftServerProtocolServiceGrpc$RaftServerProtocolServiceBlockingStub.requestVote(RaftServerProtocolServiceGrpc.java:265)
	at org.apache.ratis.grpc.server.GrpcServerProtocolClient.requestVote(GrpcServerProtocolClient.java:83)
	at org.apache.ratis.grpc.server.GrpcService.requestVote(GrpcService.java:195)
	at org.apache.ratis.server.impl.LeaderElection.lambda$submitRequests$1(LeaderElection.java:237)
	at java.util.concurrent.FutureTask.run(FutureTask.java:266)
	at java.util.concurrent.Executors$RunnableAdapter.call(Executors.java:511)
	at java.util.concurrent.FutureTask.run(FutureTask.java:266)
	at java.util.concurrent.ThreadPoolExecutor.runWorker(ThreadPoolExecutor.java:1149)
	at java.util.concurrent.ThreadPoolExecutor$Worker.run(ThreadPoolExecutor.java:624)
	... 1 more
Caused by: org.apache.ratis.thirdparty.io.netty.channel.AbstractChannel$AnnotatedConnectException: Connection refused: /192.168.157.230:38770
	at sun.nio.ch.SocketChannelImpl.checkConnect(Native Method)
	at sun.nio.ch.SocketChannelImpl.finishConnect(SocketChannelImpl.java:717)
	at org.apache.ratis.thirdparty.io.netty.channel.socket.nio.NioSocketChannel.doFinishConnect(NioSocketChannel.java:327)
	at org.apache.ratis.thirdparty.io.netty.channel.nio.AbstractNioChannel$AbstractNioUnsafe.finishConnect(AbstractNioChannel.java:340)
	at org.apache.ratis.thirdparty.io.netty.channel.nio.NioEventLoop.processSelectedKey(NioEventLoop.java:632)
	at org.apache.ratis.thirdparty.io.netty.channel.nio.NioEventLoop.processSelectedKeysOptimized(NioEventLoop.java:579)
	at org.apache.ratis.thirdparty.io.netty.channel.nio.NioEventLoop.processSelectedKeys(NioEventLoop.java:496)
	at org.apache.ratis.thirdparty.io.netty.channel.nio.NioEventLoop.run(NioEventLoop.java:458)
	at org.apache.ratis.thirdparty.io.netty.util.concurrent.SingleThreadEventExecutor$5.run(SingleThreadEventExecutor.java:897)
	at org.apache.ratis.thirdparty.io.netty.util.concurrent.FastThreadLocalRunnable.run(FastThreadLocalRunnable.java:30)
	... 1 more
Caused by: java.net.ConnectException: Connection refused
	... 11 more
2019-07-14 01:00:56,763 INFO  impl.RaftServerImpl (RaftServerImpl.java:setRole(171)) - 31579158-a9e7-4c5e-ab80-b5e9b493ce46:group-03DCB51E0B49 changes role from CANDIDATE to FOLLOWER at term 4 for DISCOVERED_A_NEW_TERM
2019-07-14 01:00:56,765 INFO  impl.RoleInfo (RoleInfo.java:shutdownLeaderElection(134)) - 31579158-a9e7-4c5e-ab80-b5e9b493ce46: shutdown LeaderElection
2019-07-14 01:00:56,765 INFO  impl.RoleInfo (RoleInfo.java:updateAndGet(143)) - 31579158-a9e7-4c5e-ab80-b5e9b493ce46: start FollowerState
2019-07-14 01:00:59,325 INFO  client.GrpcClientProtocolClient (GrpcClientProtocolClient.java:onNext(255)) - client-3F206C568230->31579158-a9e7-4c5e-ab80-b5e9b493ce46: receive RaftClientReply:client-3F206C568230->31579158-a9e7-4c5e-ab80-b5e9b493ce46@group-03DCB51E0B49, cid=22, FAILED org.apache.ratis.protocol.NotLeaderException: Server 31579158-a9e7-4c5e-ab80-b5e9b493ce46 is not the leader (null). Request must be sent to leader., logIndex=0, commits[31579158-a9e7-4c5e-ab80-b5e9b493ce46:c16, 104caf5e-9caf-4bd0-8070-6d8b62874fc4:c16, 3e145723-ff3e-41b8-bf22-3e40bf8680f1:c16]
2019-07-14 01:01:01,355 INFO  client.GrpcClientProtocolClient (GrpcClientProtocolClient.java:onNext(255)) - client-3F206C568230->31579158-a9e7-4c5e-ab80-b5e9b493ce46: receive RaftClientReply:client-3F206C568230->31579158-a9e7-4c5e-ab80-b5e9b493ce46@group-03DCB51E0B49, cid=22, FAILED org.apache.ratis.protocol.NotLeaderException: Server 31579158-a9e7-4c5e-ab80-b5e9b493ce46 is not the leader (null). Request must be sent to leader., logIndex=0, commits[31579158-a9e7-4c5e-ab80-b5e9b493ce46:c16, 104caf5e-9caf-4bd0-8070-6d8b62874fc4:c16, 3e145723-ff3e-41b8-bf22-3e40bf8680f1:c16]
2019-07-14 01:01:01,772 INFO  impl.FollowerState (FollowerState.java:run(106)) - 31579158-a9e7-4c5e-ab80-b5e9b493ce46:group-03DCB51E0B49 changes to CANDIDATE, lastRpcTime:5007, electionTimeout:5005ms
2019-07-14 01:01:01,776 INFO  impl.RoleInfo (RoleInfo.java:shutdownFollowerState(121)) - 31579158-a9e7-4c5e-ab80-b5e9b493ce46: shutdown FollowerState
2019-07-14 01:01:01,776 INFO  impl.RaftServerImpl (RaftServerImpl.java:setRole(171)) - 31579158-a9e7-4c5e-ab80-b5e9b493ce46:group-03DCB51E0B49 changes role from FOLLOWER to CANDIDATE at term 4 for changeToCandidate
2019-07-14 01:01:01,776 INFO  impl.RoleInfo (RoleInfo.java:updateAndGet(143)) - 31579158-a9e7-4c5e-ab80-b5e9b493ce46: start LeaderElection
2019-07-14 01:01:01,790 INFO  impl.LeaderElection (LeaderElection.java:askForVotes(181)) - 31579158-a9e7-4c5e-ab80-b5e9b493ce46:group-03DCB51E0B49:LeaderElection13: begin an election at term 5 for 0: [31579158-a9e7-4c5e-ab80-b5e9b493ce46:192.168.157.230:33991, 104caf5e-9caf-4bd0-8070-6d8b62874fc4:192.168.157.230:35236, 3e145723-ff3e-41b8-bf22-3e40bf8680f1:192.168.157.230:38770], old=null
2019-07-14 01:01:01,794 INFO  impl.LeaderElection (LogUtils.java:infoOrTrace(149)) - 31579158-a9e7-4c5e-ab80-b5e9b493ce46:group-03DCB51E0B49:LeaderElection13 got exception when requesting votes: {}
java.util.concurrent.ExecutionException: org.apache.ratis.thirdparty.io.grpc.StatusRuntimeException: UNAVAILABLE: io exception
	at java.util.concurrent.FutureTask.report(FutureTask.java:122)
	at java.util.concurrent.FutureTask.get(FutureTask.java:192)
	at org.apache.ratis.server.impl.LeaderElection.waitForResults(LeaderElection.java:262)
	at org.apache.ratis.server.impl.LeaderElection.askForVotes(LeaderElection.java:200)
	at org.apache.ratis.server.impl.LeaderElection.run(LeaderElection.java:130)
	at java.lang.Thread.run(Thread.java:748)
Caused by: org.apache.ratis.thirdparty.io.grpc.StatusRuntimeException: UNAVAILABLE: io exception
	at org.apache.ratis.thirdparty.io.grpc.stub.ClientCalls.toStatusRuntimeException(ClientCalls.java:233)
	at org.apache.ratis.thirdparty.io.grpc.stub.ClientCalls.getUnchecked(ClientCalls.java:214)
	at org.apache.ratis.thirdparty.io.grpc.stub.ClientCalls.blockingUnaryCall(ClientCalls.java:139)
	at org.apache.ratis.proto.grpc.RaftServerProtocolServiceGrpc$RaftServerProtocolServiceBlockingStub.requestVote(RaftServerProtocolServiceGrpc.java:265)
	at org.apache.ratis.grpc.server.GrpcServerProtocolClient.requestVote(GrpcServerProtocolClient.java:83)
	at org.apache.ratis.grpc.server.GrpcService.requestVote(GrpcService.java:195)
	at org.apache.ratis.server.impl.LeaderElection.lambda$submitRequests$1(LeaderElection.java:237)
	at java.util.concurrent.FutureTask.run(FutureTask.java:266)
	at java.util.concurrent.Executors$RunnableAdapter.call(Executors.java:511)
	at java.util.concurrent.FutureTask.run(FutureTask.java:266)
	at java.util.concurrent.ThreadPoolExecutor.runWorker(ThreadPoolExecutor.java:1149)
	at java.util.concurrent.ThreadPoolExecutor$Worker.run(ThreadPoolExecutor.java:624)
	... 1 more
Caused by: org.apache.ratis.thirdparty.io.netty.channel.AbstractChannel$AnnotatedConnectException: Connection refused: /192.168.157.230:35236
	at sun.nio.ch.SocketChannelImpl.checkConnect(Native Method)
	at sun.nio.ch.SocketChannelImpl.finishConnect(SocketChannelImpl.java:717)
	at org.apache.ratis.thirdparty.io.netty.channel.socket.nio.NioSocketChannel.doFinishConnect(NioSocketChannel.java:327)
	at org.apache.ratis.thirdparty.io.netty.channel.nio.AbstractNioChannel$AbstractNioUnsafe.finishConnect(AbstractNioChannel.java:340)
	at org.apache.ratis.thirdparty.io.netty.channel.nio.NioEventLoop.processSelectedKey(NioEventLoop.java:632)
	at org.apache.ratis.thirdparty.io.netty.channel.nio.NioEventLoop.processSelectedKeysOptimized(NioEventLoop.java:579)
	at org.apache.ratis.thirdparty.io.netty.channel.nio.NioEventLoop.processSelectedKeys(NioEventLoop.java:496)
	at org.apache.ratis.thirdparty.io.netty.channel.nio.NioEventLoop.run(NioEventLoop.java:458)
	at org.apache.ratis.thirdparty.io.netty.util.concurrent.SingleThreadEventExecutor$5.run(SingleThreadEventExecutor.java:897)
	at org.apache.ratis.thirdparty.io.netty.util.concurrent.FastThreadLocalRunnable.run(FastThreadLocalRunnable.java:30)
	... 1 more
Caused by: java.net.ConnectException: Connection refused
	... 11 more
2019-07-14 01:01:01,796 INFO  impl.LeaderElection (LogUtils.java:infoOrTrace(149)) - 31579158-a9e7-4c5e-ab80-b5e9b493ce46:group-03DCB51E0B49:LeaderElection13 got exception when requesting votes: {}
java.util.concurrent.ExecutionException: org.apache.ratis.thirdparty.io.grpc.StatusRuntimeException: UNAVAILABLE: io exception
	at java.util.concurrent.FutureTask.report(FutureTask.java:122)
	at java.util.concurrent.FutureTask.get(FutureTask.java:192)
	at org.apache.ratis.server.impl.LeaderElection.waitForResults(LeaderElection.java:262)
	at org.apache.ratis.server.impl.LeaderElection.askForVotes(LeaderElection.java:200)
	at org.apache.ratis.server.impl.LeaderElection.run(LeaderElection.java:130)
	at java.lang.Thread.run(Thread.java:748)
Caused by: org.apache.ratis.thirdparty.io.grpc.StatusRuntimeException: UNAVAILABLE: io exception
	at org.apache.ratis.thirdparty.io.grpc.stub.ClientCalls.toStatusRuntimeException(ClientCalls.java:233)
	at org.apache.ratis.thirdparty.io.grpc.stub.ClientCalls.getUnchecked(ClientCalls.java:214)
	at org.apache.ratis.thirdparty.io.grpc.stub.ClientCalls.blockingUnaryCall(ClientCalls.java:139)
	at org.apache.ratis.proto.grpc.RaftServerProtocolServiceGrpc$RaftServerProtocolServiceBlockingStub.requestVote(RaftServerProtocolServiceGrpc.java:265)
	at org.apache.ratis.grpc.server.GrpcServerProtocolClient.requestVote(GrpcServerProtocolClient.java:83)
	at org.apache.ratis.grpc.server.GrpcService.requestVote(GrpcService.java:195)
	at org.apache.ratis.server.impl.LeaderElection.lambda$submitRequests$1(LeaderElection.java:237)
	at java.util.concurrent.FutureTask.run(FutureTask.java:266)
	at java.util.concurrent.Executors$RunnableAdapter.call(Executors.java:511)
	at java.util.concurrent.FutureTask.run(FutureTask.java:266)
	at java.util.concurrent.ThreadPoolExecutor.runWorker(ThreadPoolExecutor.java:1149)
	at java.util.concurrent.ThreadPoolExecutor$Worker.run(ThreadPoolExecutor.java:624)
	... 1 more
Caused by: org.apache.ratis.thirdparty.io.netty.channel.AbstractChannel$AnnotatedConnectException: Connection refused: /192.168.157.230:38770
	at sun.nio.ch.SocketChannelImpl.checkConnect(Native Method)
	at sun.nio.ch.SocketChannelImpl.finishConnect(SocketChannelImpl.java:717)
	at org.apache.ratis.thirdparty.io.netty.channel.socket.nio.NioSocketChannel.doFinishConnect(NioSocketChannel.java:327)
	at org.apache.ratis.thirdparty.io.netty.channel.nio.AbstractNioChannel$AbstractNioUnsafe.finishConnect(AbstractNioChannel.java:340)
	at org.apache.ratis.thirdparty.io.netty.channel.nio.NioEventLoop.processSelectedKey(NioEventLoop.java:632)
	at org.apache.ratis.thirdparty.io.netty.channel.nio.NioEventLoop.processSelectedKeysOptimized(NioEventLoop.java:579)
	at org.apache.ratis.thirdparty.io.netty.channel.nio.NioEventLoop.processSelectedKeys(NioEventLoop.java:496)
	at org.apache.ratis.thirdparty.io.netty.channel.nio.NioEventLoop.run(NioEventLoop.java:458)
	at org.apache.ratis.thirdparty.io.netty.util.concurrent.SingleThreadEventExecutor$5.run(SingleThreadEventExecutor.java:897)
	at org.apache.ratis.thirdparty.io.netty.util.concurrent.FastThreadLocalRunnable.run(FastThreadLocalRunnable.java:30)
	... 1 more
Caused by: java.net.ConnectException: Connection refused
	... 11 more
2019-07-14 01:01:01,798 INFO  impl.LeaderElection (LeaderElection.java:logAndReturn(56)) - 31579158-a9e7-4c5e-ab80-b5e9b493ce46:group-03DCB51E0B49:LeaderElection13: Election REJECTED; received 0 response(s) [] and 2 exception(s); 31579158-a9e7-4c5e-ab80-b5e9b493ce46:t5, leader=null, voted=31579158-a9e7-4c5e-ab80-b5e9b493ce46, raftlog=31579158-a9e7-4c5e-ab80-b5e9b493ce46-SegmentedRaftLog:OPENED:c16,f16,i16, conf=0: [31579158-a9e7-4c5e-ab80-b5e9b493ce46:192.168.157.230:33991, 104caf5e-9caf-4bd0-8070-6d8b62874fc4:192.168.157.230:35236, 3e145723-ff3e-41b8-bf22-3e40bf8680f1:192.168.157.230:38770], old=null
2019-07-14 01:01:01,799 INFO  impl.LeaderElection (LogUtils.java:infoOrTrace(149)) -   Exception 0: {}
java.util.concurrent.ExecutionException: org.apache.ratis.thirdparty.io.grpc.StatusRuntimeException: UNAVAILABLE: io exception
	at java.util.concurrent.FutureTask.report(FutureTask.java:122)
	at java.util.concurrent.FutureTask.get(FutureTask.java:192)
	at org.apache.ratis.server.impl.LeaderElection.waitForResults(LeaderElection.java:262)
	at org.apache.ratis.server.impl.LeaderElection.askForVotes(LeaderElection.java:200)
	at org.apache.ratis.server.impl.LeaderElection.run(LeaderElection.java:130)
	at java.lang.Thread.run(Thread.java:748)
Caused by: org.apache.ratis.thirdparty.io.grpc.StatusRuntimeException: UNAVAILABLE: io exception
	at org.apache.ratis.thirdparty.io.grpc.stub.ClientCalls.toStatusRuntimeException(ClientCalls.java:233)
	at org.apache.ratis.thirdparty.io.grpc.stub.ClientCalls.getUnchecked(ClientCalls.java:214)
	at org.apache.ratis.thirdparty.io.grpc.stub.ClientCalls.blockingUnaryCall(ClientCalls.java:139)
	at org.apache.ratis.proto.grpc.RaftServerProtocolServiceGrpc$RaftServerProtocolServiceBlockingStub.requestVote(RaftServerProtocolServiceGrpc.java:265)
	at org.apache.ratis.grpc.server.GrpcServerProtocolClient.requestVote(GrpcServerProtocolClient.java:83)
	at org.apache.ratis.grpc.server.GrpcService.requestVote(GrpcService.java:195)
	at org.apache.ratis.server.impl.LeaderElection.lambda$submitRequests$1(LeaderElection.java:237)
	at java.util.concurrent.FutureTask.run(FutureTask.java:266)
	at java.util.concurrent.Executors$RunnableAdapter.call(Executors.java:511)
	at java.util.concurrent.FutureTask.run(FutureTask.java:266)
	at java.util.concurrent.ThreadPoolExecutor.runWorker(ThreadPoolExecutor.java:1149)
	at java.util.concurrent.ThreadPoolExecutor$Worker.run(ThreadPoolExecutor.java:624)
	... 1 more
Caused by: org.apache.ratis.thirdparty.io.netty.channel.AbstractChannel$AnnotatedConnectException: Connection refused: /192.168.157.230:35236
	at sun.nio.ch.SocketChannelImpl.checkConnect(Native Method)
	at sun.nio.ch.SocketChannelImpl.finishConnect(SocketChannelImpl.java:717)
	at org.apache.ratis.thirdparty.io.netty.channel.socket.nio.NioSocketChannel.doFinishConnect(NioSocketChannel.java:327)
	at org.apache.ratis.thirdparty.io.netty.channel.nio.AbstractNioChannel$AbstractNioUnsafe.finishConnect(AbstractNioChannel.java:340)
	at org.apache.ratis.thirdparty.io.netty.channel.nio.NioEventLoop.processSelectedKey(NioEventLoop.java:632)
	at org.apache.ratis.thirdparty.io.netty.channel.nio.NioEventLoop.processSelectedKeysOptimized(NioEventLoop.java:579)
	at org.apache.ratis.thirdparty.io.netty.channel.nio.NioEventLoop.processSelectedKeys(NioEventLoop.java:496)
	at org.apache.ratis.thirdparty.io.netty.channel.nio.NioEventLoop.run(NioEventLoop.java:458)
	at org.apache.ratis.thirdparty.io.netty.util.concurrent.SingleThreadEventExecutor$5.run(SingleThreadEventExecutor.java:897)
	at org.apache.ratis.thirdparty.io.netty.util.concurrent.FastThreadLocalRunnable.run(FastThreadLocalRunnable.java:30)
	... 1 more
Caused by: java.net.ConnectException: Connection refused
	... 11 more
2019-07-14 01:01:01,799 INFO  impl.LeaderElection (LogUtils.java:infoOrTrace(149)) -   Exception 1: {}
java.util.concurrent.ExecutionException: org.apache.ratis.thirdparty.io.grpc.StatusRuntimeException: UNAVAILABLE: io exception
	at java.util.concurrent.FutureTask.report(FutureTask.java:122)
	at java.util.concurrent.FutureTask.get(FutureTask.java:192)
	at org.apache.ratis.server.impl.LeaderElection.waitForResults(LeaderElection.java:262)
	at org.apache.ratis.server.impl.LeaderElection.askForVotes(LeaderElection.java:200)
	at org.apache.ratis.server.impl.LeaderElection.run(LeaderElection.java:130)
	at java.lang.Thread.run(Thread.java:748)
Caused by: org.apache.ratis.thirdparty.io.grpc.StatusRuntimeException: UNAVAILABLE: io exception
	at org.apache.ratis.thirdparty.io.grpc.stub.ClientCalls.toStatusRuntimeException(ClientCalls.java:233)
	at org.apache.ratis.thirdparty.io.grpc.stub.ClientCalls.getUnchecked(ClientCalls.java:214)
	at org.apache.ratis.thirdparty.io.grpc.stub.ClientCalls.blockingUnaryCall(ClientCalls.java:139)
	at org.apache.ratis.proto.grpc.RaftServerProtocolServiceGrpc$RaftServerProtocolServiceBlockingStub.requestVote(RaftServerProtocolServiceGrpc.java:265)
	at org.apache.ratis.grpc.server.GrpcServerProtocolClient.requestVote(GrpcServerProtocolClient.java:83)
	at org.apache.ratis.grpc.server.GrpcService.requestVote(GrpcService.java:195)
	at org.apache.ratis.server.impl.LeaderElection.lambda$submitRequests$1(LeaderElection.java:237)
	at java.util.concurrent.FutureTask.run(FutureTask.java:266)
	at java.util.concurrent.Executors$RunnableAdapter.call(Executors.java:511)
	at java.util.concurrent.FutureTask.run(FutureTask.java:266)
	at java.util.concurrent.ThreadPoolExecutor.runWorker(ThreadPoolExecutor.java:1149)
	at java.util.concurrent.ThreadPoolExecutor$Worker.run(ThreadPoolExecutor.java:624)
	... 1 more
Caused by: org.apache.ratis.thirdparty.io.netty.channel.AbstractChannel$AnnotatedConnectException: Connection refused: /192.168.157.230:38770
	at sun.nio.ch.SocketChannelImpl.checkConnect(Native Method)
	at sun.nio.ch.SocketChannelImpl.finishConnect(SocketChannelImpl.java:717)
	at org.apache.ratis.thirdparty.io.netty.channel.socket.nio.NioSocketChannel.doFinishConnect(NioSocketChannel.java:327)
	at org.apache.ratis.thirdparty.io.netty.channel.nio.AbstractNioChannel$AbstractNioUnsafe.finishConnect(AbstractNioChannel.java:340)
	at org.apache.ratis.thirdparty.io.netty.channel.nio.NioEventLoop.processSelectedKey(NioEventLoop.java:632)
	at org.apache.ratis.thirdparty.io.netty.channel.nio.NioEventLoop.processSelectedKeysOptimized(NioEventLoop.java:579)
	at org.apache.ratis.thirdparty.io.netty.channel.nio.NioEventLoop.processSelectedKeys(NioEventLoop.java:496)
	at org.apache.ratis.thirdparty.io.netty.channel.nio.NioEventLoop.run(NioEventLoop.java:458)
	at org.apache.ratis.thirdparty.io.netty.util.concurrent.SingleThreadEventExecutor$5.run(SingleThreadEventExecutor.java:897)
	at org.apache.ratis.thirdparty.io.netty.util.concurrent.FastThreadLocalRunnable.run(FastThreadLocalRunnable.java:30)
	... 1 more
Caused by: java.net.ConnectException: Connection refused
	... 11 more
2019-07-14 01:01:01,799 INFO  impl.RaftServerImpl (RaftServerImpl.java:setRole(171)) - 31579158-a9e7-4c5e-ab80-b5e9b493ce46:group-03DCB51E0B49 changes role from CANDIDATE to FOLLOWER at term 5 for DISCOVERED_A_NEW_TERM
2019-07-14 01:01:01,801 INFO  impl.RoleInfo (RoleInfo.java:shutdownLeaderElection(134)) - 31579158-a9e7-4c5e-ab80-b5e9b493ce46: shutdown LeaderElection
2019-07-14 01:01:01,802 INFO  impl.RoleInfo (RoleInfo.java:updateAndGet(143)) - 31579158-a9e7-4c5e-ab80-b5e9b493ce46: start FollowerState
2019-07-14 01:01:04,399 INFO  client.GrpcClientProtocolClient (GrpcClientProtocolClient.java:onNext(255)) - client-3F206C568230->31579158-a9e7-4c5e-ab80-b5e9b493ce46: receive RaftClientReply:client-3F206C568230->31579158-a9e7-4c5e-ab80-b5e9b493ce46@group-03DCB51E0B49, cid=22, FAILED org.apache.ratis.protocol.NotLeaderException: Server 31579158-a9e7-4c5e-ab80-b5e9b493ce46 is not the leader (null). Request must be sent to leader., logIndex=0, commits[31579158-a9e7-4c5e-ab80-b5e9b493ce46:c16, 104caf5e-9caf-4bd0-8070-6d8b62874fc4:c16, 3e145723-ff3e-41b8-bf22-3e40bf8680f1:c16]
2019-07-14 01:01:06,429 INFO  client.GrpcClientProtocolClient (GrpcClientProtocolClient.java:onNext(255)) - client-3F206C568230->31579158-a9e7-4c5e-ab80-b5e9b493ce46: receive RaftClientReply:client-3F206C568230->31579158-a9e7-4c5e-ab80-b5e9b493ce46@group-03DCB51E0B49, cid=22, FAILED org.apache.ratis.protocol.NotLeaderException: Server 31579158-a9e7-4c5e-ab80-b5e9b493ce46 is not the leader (null). Request must be sent to leader., logIndex=0, commits[31579158-a9e7-4c5e-ab80-b5e9b493ce46:c16, 104caf5e-9caf-4bd0-8070-6d8b62874fc4:c16, 3e145723-ff3e-41b8-bf22-3e40bf8680f1:c16]
2019-07-14 01:01:06,920 INFO  impl.FollowerState (FollowerState.java:run(106)) - 31579158-a9e7-4c5e-ab80-b5e9b493ce46:group-03DCB51E0B49 changes to CANDIDATE, lastRpcTime:5118, electionTimeout:5116ms
2019-07-14 01:01:06,922 INFO  impl.RoleInfo (RoleInfo.java:shutdownFollowerState(121)) - 31579158-a9e7-4c5e-ab80-b5e9b493ce46: shutdown FollowerState
2019-07-14 01:01:06,922 INFO  impl.RaftServerImpl (RaftServerImpl.java:setRole(171)) - 31579158-a9e7-4c5e-ab80-b5e9b493ce46:group-03DCB51E0B49 changes role from FOLLOWER to CANDIDATE at term 5 for changeToCandidate
2019-07-14 01:01:06,922 INFO  impl.RoleInfo (RoleInfo.java:updateAndGet(143)) - 31579158-a9e7-4c5e-ab80-b5e9b493ce46: start LeaderElection
2019-07-14 01:01:06,945 INFO  impl.LeaderElection (LeaderElection.java:askForVotes(181)) - 31579158-a9e7-4c5e-ab80-b5e9b493ce46:group-03DCB51E0B49:LeaderElection14: begin an election at term 6 for 0: [31579158-a9e7-4c5e-ab80-b5e9b493ce46:192.168.157.230:33991, 104caf5e-9caf-4bd0-8070-6d8b62874fc4:192.168.157.230:35236, 3e145723-ff3e-41b8-bf22-3e40bf8680f1:192.168.157.230:38770], old=null
2019-07-14 01:01:06,949 INFO  impl.LeaderElection (LogUtils.java:infoOrTrace(149)) - 31579158-a9e7-4c5e-ab80-b5e9b493ce46:group-03DCB51E0B49:LeaderElection14 got exception when requesting votes: {}
java.util.concurrent.ExecutionException: org.apache.ratis.thirdparty.io.grpc.StatusRuntimeException: UNAVAILABLE: io exception
	at java.util.concurrent.FutureTask.report(FutureTask.java:122)
	at java.util.concurrent.FutureTask.get(FutureTask.java:192)
	at org.apache.ratis.server.impl.LeaderElection.waitForResults(LeaderElection.java:262)
	at org.apache.ratis.server.impl.LeaderElection.askForVotes(LeaderElection.java:200)
	at org.apache.ratis.server.impl.LeaderElection.run(LeaderElection.java:130)
	at java.lang.Thread.run(Thread.java:748)
Caused by: org.apache.ratis.thirdparty.io.grpc.StatusRuntimeException: UNAVAILABLE: io exception
	at org.apache.ratis.thirdparty.io.grpc.stub.ClientCalls.toStatusRuntimeException(ClientCalls.java:233)
	at org.apache.ratis.thirdparty.io.grpc.stub.ClientCalls.getUnchecked(ClientCalls.java:214)
	at org.apache.ratis.thirdparty.io.grpc.stub.ClientCalls.blockingUnaryCall(ClientCalls.java:139)
	at org.apache.ratis.proto.grpc.RaftServerProtocolServiceGrpc$RaftServerProtocolServiceBlockingStub.requestVote(RaftServerProtocolServiceGrpc.java:265)
	at org.apache.ratis.grpc.server.GrpcServerProtocolClient.requestVote(GrpcServerProtocolClient.java:83)
	at org.apache.ratis.grpc.server.GrpcService.requestVote(GrpcService.java:195)
	at org.apache.ratis.server.impl.LeaderElection.lambda$submitRequests$1(LeaderElection.java:237)
	at java.util.concurrent.FutureTask.run(FutureTask.java:266)
	at java.util.concurrent.Executors$RunnableAdapter.call(Executors.java:511)
	at java.util.concurrent.FutureTask.run(FutureTask.java:266)
	at java.util.concurrent.ThreadPoolExecutor.runWorker(ThreadPoolExecutor.java:1149)
	at java.util.concurrent.ThreadPoolExecutor$Worker.run(ThreadPoolExecutor.java:624)
	... 1 more
Caused by: org.apache.ratis.thirdparty.io.netty.channel.AbstractChannel$AnnotatedConnectException: Connection refused: /192.168.157.230:35236
	at sun.nio.ch.SocketChannelImpl.checkConnect(Native Method)
	at sun.nio.ch.SocketChannelImpl.finishConnect(SocketChannelImpl.java:717)
	at org.apache.ratis.thirdparty.io.netty.channel.socket.nio.NioSocketChannel.doFinishConnect(NioSocketChannel.java:327)
	at org.apache.ratis.thirdparty.io.netty.channel.nio.AbstractNioChannel$AbstractNioUnsafe.finishConnect(AbstractNioChannel.java:340)
	at org.apache.ratis.thirdparty.io.netty.channel.nio.NioEventLoop.processSelectedKey(NioEventLoop.java:632)
	at org.apache.ratis.thirdparty.io.netty.channel.nio.NioEventLoop.processSelectedKeysOptimized(NioEventLoop.java:579)
	at org.apache.ratis.thirdparty.io.netty.channel.nio.NioEventLoop.processSelectedKeys(NioEventLoop.java:496)
	at org.apache.ratis.thirdparty.io.netty.channel.nio.NioEventLoop.run(NioEventLoop.java:458)
	at org.apache.ratis.thirdparty.io.netty.util.concurrent.SingleThreadEventExecutor$5.run(SingleThreadEventExecutor.java:897)
	at org.apache.ratis.thirdparty.io.netty.util.concurrent.FastThreadLocalRunnable.run(FastThreadLocalRunnable.java:30)
	... 1 more
Caused by: java.net.ConnectException: Connection refused
	... 11 more
2019-07-14 01:01:06,951 INFO  impl.LeaderElection (LogUtils.java:infoOrTrace(149)) - 31579158-a9e7-4c5e-ab80-b5e9b493ce46:group-03DCB51E0B49:LeaderElection14 got exception when requesting votes: {}
java.util.concurrent.ExecutionException: org.apache.ratis.thirdparty.io.grpc.StatusRuntimeException: UNAVAILABLE: io exception
	at java.util.concurrent.FutureTask.report(FutureTask.java:122)
	at java.util.concurrent.FutureTask.get(FutureTask.java:192)
	at org.apache.ratis.server.impl.LeaderElection.waitForResults(LeaderElection.java:262)
	at org.apache.ratis.server.impl.LeaderElection.askForVotes(LeaderElection.java:200)
	at org.apache.ratis.server.impl.LeaderElection.run(LeaderElection.java:130)
	at java.lang.Thread.run(Thread.java:748)
Caused by: org.apache.ratis.thirdparty.io.grpc.StatusRuntimeException: UNAVAILABLE: io exception
	at org.apache.ratis.thirdparty.io.grpc.stub.ClientCalls.toStatusRuntimeException(ClientCalls.java:233)
	at org.apache.ratis.thirdparty.io.grpc.stub.ClientCalls.getUnchecked(ClientCalls.java:214)
	at org.apache.ratis.thirdparty.io.grpc.stub.ClientCalls.blockingUnaryCall(ClientCalls.java:139)
	at org.apache.ratis.proto.grpc.RaftServerProtocolServiceGrpc$RaftServerProtocolServiceBlockingStub.requestVote(RaftServerProtocolServiceGrpc.java:265)
	at org.apache.ratis.grpc.server.GrpcServerProtocolClient.requestVote(GrpcServerProtocolClient.java:83)
	at org.apache.ratis.grpc.server.GrpcService.requestVote(GrpcService.java:195)
	at org.apache.ratis.server.impl.LeaderElection.lambda$submitRequests$1(LeaderElection.java:237)
	at java.util.concurrent.FutureTask.run(FutureTask.java:266)
	at java.util.concurrent.Executors$RunnableAdapter.call(Executors.java:511)
	at java.util.concurrent.FutureTask.run(FutureTask.java:266)
	at java.util.concurrent.ThreadPoolExecutor.runWorker(ThreadPoolExecutor.java:1149)
	at java.util.concurrent.ThreadPoolExecutor$Worker.run(ThreadPoolExecutor.java:624)
	... 1 more
Caused by: org.apache.ratis.thirdparty.io.netty.channel.AbstractChannel$AnnotatedConnectException: Connection refused: /192.168.157.230:38770
	at sun.nio.ch.SocketChannelImpl.checkConnect(Native Method)
	at sun.nio.ch.SocketChannelImpl.finishConnect(SocketChannelImpl.java:717)
	at org.apache.ratis.thirdparty.io.netty.channel.socket.nio.NioSocketChannel.doFinishConnect(NioSocketChannel.java:327)
	at org.apache.ratis.thirdparty.io.netty.channel.nio.AbstractNioChannel$AbstractNioUnsafe.finishConnect(AbstractNioChannel.java:340)
	at org.apache.ratis.thirdparty.io.netty.channel.nio.NioEventLoop.processSelectedKey(NioEventLoop.java:632)
	at org.apache.ratis.thirdparty.io.netty.channel.nio.NioEventLoop.processSelectedKeysOptimized(NioEventLoop.java:579)
	at org.apache.ratis.thirdparty.io.netty.channel.nio.NioEventLoop.processSelectedKeys(NioEventLoop.java:496)
	at org.apache.ratis.thirdparty.io.netty.channel.nio.NioEventLoop.run(NioEventLoop.java:458)
	at org.apache.ratis.thirdparty.io.netty.util.concurrent.SingleThreadEventExecutor$5.run(SingleThreadEventExecutor.java:897)
	at org.apache.ratis.thirdparty.io.netty.util.concurrent.FastThreadLocalRunnable.run(FastThreadLocalRunnable.java:30)
	... 1 more
Caused by: java.net.ConnectException: Connection refused
	... 11 more
2019-07-14 01:01:06,954 INFO  impl.LeaderElection (LeaderElection.java:logAndReturn(56)) - 31579158-a9e7-4c5e-ab80-b5e9b493ce46:group-03DCB51E0B49:LeaderElection14: Election REJECTED; received 0 response(s) [] and 2 exception(s); 31579158-a9e7-4c5e-ab80-b5e9b493ce46:t6, leader=null, voted=31579158-a9e7-4c5e-ab80-b5e9b493ce46, raftlog=31579158-a9e7-4c5e-ab80-b5e9b493ce46-SegmentedRaftLog:OPENED:c16,f16,i16, conf=0: [31579158-a9e7-4c5e-ab80-b5e9b493ce46:192.168.157.230:33991, 104caf5e-9caf-4bd0-8070-6d8b62874fc4:192.168.157.230:35236, 3e145723-ff3e-41b8-bf22-3e40bf8680f1:192.168.157.230:38770], old=null
2019-07-14 01:01:06,954 INFO  impl.LeaderElection (LogUtils.java:infoOrTrace(149)) -   Exception 0: {}
java.util.concurrent.ExecutionException: org.apache.ratis.thirdparty.io.grpc.StatusRuntimeException: UNAVAILABLE: io exception
	at java.util.concurrent.FutureTask.report(FutureTask.java:122)
	at java.util.concurrent.FutureTask.get(FutureTask.java:192)
	at org.apache.ratis.server.impl.LeaderElection.waitForResults(LeaderElection.java:262)
	at org.apache.ratis.server.impl.LeaderElection.askForVotes(LeaderElection.java:200)
	at org.apache.ratis.server.impl.LeaderElection.run(LeaderElection.java:130)
	at java.lang.Thread.run(Thread.java:748)
Caused by: org.apache.ratis.thirdparty.io.grpc.StatusRuntimeException: UNAVAILABLE: io exception
	at org.apache.ratis.thirdparty.io.grpc.stub.ClientCalls.toStatusRuntimeException(ClientCalls.java:233)
	at org.apache.ratis.thirdparty.io.grpc.stub.ClientCalls.getUnchecked(ClientCalls.java:214)
	at org.apache.ratis.thirdparty.io.grpc.stub.ClientCalls.blockingUnaryCall(ClientCalls.java:139)
	at org.apache.ratis.proto.grpc.RaftServerProtocolServiceGrpc$RaftServerProtocolServiceBlockingStub.requestVote(RaftServerProtocolServiceGrpc.java:265)
	at org.apache.ratis.grpc.server.GrpcServerProtocolClient.requestVote(GrpcServerProtocolClient.java:83)
	at org.apache.ratis.grpc.server.GrpcService.requestVote(GrpcService.java:195)
	at org.apache.ratis.server.impl.LeaderElection.lambda$submitRequests$1(LeaderElection.java:237)
	at java.util.concurrent.FutureTask.run(FutureTask.java:266)
	at java.util.concurrent.Executors$RunnableAdapter.call(Executors.java:511)
	at java.util.concurrent.FutureTask.run(FutureTask.java:266)
	at java.util.concurrent.ThreadPoolExecutor.runWorker(ThreadPoolExecutor.java:1149)
	at java.util.concurrent.ThreadPoolExecutor$Worker.run(ThreadPoolExecutor.java:624)
	... 1 more
Caused by: org.apache.ratis.thirdparty.io.netty.channel.AbstractChannel$AnnotatedConnectException: Connection refused: /192.168.157.230:35236
	at sun.nio.ch.SocketChannelImpl.checkConnect(Native Method)
	at sun.nio.ch.SocketChannelImpl.finishConnect(SocketChannelImpl.java:717)
	at org.apache.ratis.thirdparty.io.netty.channel.socket.nio.NioSocketChannel.doFinishConnect(NioSocketChannel.java:327)
	at org.apache.ratis.thirdparty.io.netty.channel.nio.AbstractNioChannel$AbstractNioUnsafe.finishConnect(AbstractNioChannel.java:340)
	at org.apache.ratis.thirdparty.io.netty.channel.nio.NioEventLoop.processSelectedKey(NioEventLoop.java:632)
	at org.apache.ratis.thirdparty.io.netty.channel.nio.NioEventLoop.processSelectedKeysOptimized(NioEventLoop.java:579)
	at org.apache.ratis.thirdparty.io.netty.channel.nio.NioEventLoop.processSelectedKeys(NioEventLoop.java:496)
	at org.apache.ratis.thirdparty.io.netty.channel.nio.NioEventLoop.run(NioEventLoop.java:458)
	at org.apache.ratis.thirdparty.io.netty.util.concurrent.SingleThreadEventExecutor$5.run(SingleThreadEventExecutor.java:897)
	at org.apache.ratis.thirdparty.io.netty.util.concurrent.FastThreadLocalRunnable.run(FastThreadLocalRunnable.java:30)
	... 1 more
Caused by: java.net.ConnectException: Connection refused
	... 11 more
2019-07-14 01:01:06,954 INFO  impl.LeaderElection (LogUtils.java:infoOrTrace(149)) -   Exception 1: {}
java.util.concurrent.ExecutionException: org.apache.ratis.thirdparty.io.grpc.StatusRuntimeException: UNAVAILABLE: io exception
	at java.util.concurrent.FutureTask.report(FutureTask.java:122)
	at java.util.concurrent.FutureTask.get(FutureTask.java:192)
	at org.apache.ratis.server.impl.LeaderElection.waitForResults(LeaderElection.java:262)
	at org.apache.ratis.server.impl.LeaderElection.askForVotes(LeaderElection.java:200)
	at org.apache.ratis.server.impl.LeaderElection.run(LeaderElection.java:130)
	at java.lang.Thread.run(Thread.java:748)
Caused by: org.apache.ratis.thirdparty.io.grpc.StatusRuntimeException: UNAVAILABLE: io exception
	at org.apache.ratis.thirdparty.io.grpc.stub.ClientCalls.toStatusRuntimeException(ClientCalls.java:233)
	at org.apache.ratis.thirdparty.io.grpc.stub.ClientCalls.getUnchecked(ClientCalls.java:214)
	at org.apache.ratis.thirdparty.io.grpc.stub.ClientCalls.blockingUnaryCall(ClientCalls.java:139)
	at org.apache.ratis.proto.grpc.RaftServerProtocolServiceGrpc$RaftServerProtocolServiceBlockingStub.requestVote(RaftServerProtocolServiceGrpc.java:265)
	at org.apache.ratis.grpc.server.GrpcServerProtocolClient.requestVote(GrpcServerProtocolClient.java:83)
	at org.apache.ratis.grpc.server.GrpcService.requestVote(GrpcService.java:195)
	at org.apache.ratis.server.impl.LeaderElection.lambda$submitRequests$1(LeaderElection.java:237)
	at java.util.concurrent.FutureTask.run(FutureTask.java:266)
	at java.util.concurrent.Executors$RunnableAdapter.call(Executors.java:511)
	at java.util.concurrent.FutureTask.run(FutureTask.java:266)
	at java.util.concurrent.ThreadPoolExecutor.runWorker(ThreadPoolExecutor.java:1149)
	at java.util.concurrent.ThreadPoolExecutor$Worker.run(ThreadPoolExecutor.java:624)
	... 1 more
Caused by: org.apache.ratis.thirdparty.io.netty.channel.AbstractChannel$AnnotatedConnectException: Connection refused: /192.168.157.230:38770
	at sun.nio.ch.SocketChannelImpl.checkConnect(Native Method)
	at sun.nio.ch.SocketChannelImpl.finishConnect(SocketChannelImpl.java:717)
	at org.apache.ratis.thirdparty.io.netty.channel.socket.nio.NioSocketChannel.doFinishConnect(NioSocketChannel.java:327)
	at org.apache.ratis.thirdparty.io.netty.channel.nio.AbstractNioChannel$AbstractNioUnsafe.finishConnect(AbstractNioChannel.java:340)
	at org.apache.ratis.thirdparty.io.netty.channel.nio.NioEventLoop.processSelectedKey(NioEventLoop.java:632)
	at org.apache.ratis.thirdparty.io.netty.channel.nio.NioEventLoop.processSelectedKeysOptimized(NioEventLoop.java:579)
	at org.apache.ratis.thirdparty.io.netty.channel.nio.NioEventLoop.processSelectedKeys(NioEventLoop.java:496)
	at org.apache.ratis.thirdparty.io.netty.channel.nio.NioEventLoop.run(NioEventLoop.java:458)
	at org.apache.ratis.thirdparty.io.netty.util.concurrent.SingleThreadEventExecutor$5.run(SingleThreadEventExecutor.java:897)
	at org.apache.ratis.thirdparty.io.netty.util.concurrent.FastThreadLocalRunnable.run(FastThreadLocalRunnable.java:30)
	... 1 more
Caused by: java.net.ConnectException: Connection refused
	... 11 more
2019-07-14 01:01:06,955 INFO  impl.RaftServerImpl (RaftServerImpl.java:setRole(171)) - 31579158-a9e7-4c5e-ab80-b5e9b493ce46:group-03DCB51E0B49 changes role from CANDIDATE to FOLLOWER at term 6 for DISCOVERED_A_NEW_TERM
2019-07-14 01:01:06,957 INFO  impl.RoleInfo (RoleInfo.java:shutdownLeaderElection(134)) - 31579158-a9e7-4c5e-ab80-b5e9b493ce46: shutdown LeaderElection
2019-07-14 01:01:06,958 INFO  impl.RoleInfo (RoleInfo.java:updateAndGet(143)) - 31579158-a9e7-4c5e-ab80-b5e9b493ce46: start FollowerState
2019-07-14 01:01:08,461 INFO  client.GrpcClientProtocolClient (GrpcClientProtocolClient.java:onNext(255)) - client-3F206C568230->31579158-a9e7-4c5e-ab80-b5e9b493ce46: receive RaftClientReply:client-3F206C568230->31579158-a9e7-4c5e-ab80-b5e9b493ce46@group-03DCB51E0B49, cid=22, FAILED org.apache.ratis.protocol.NotLeaderException: Server 31579158-a9e7-4c5e-ab80-b5e9b493ce46 is not the leader (null). Request must be sent to leader., logIndex=0, commits[31579158-a9e7-4c5e-ab80-b5e9b493ce46:c16, 104caf5e-9caf-4bd0-8070-6d8b62874fc4:c16, 3e145723-ff3e-41b8-bf22-3e40bf8680f1:c16]
2019-07-14 01:01:10,498 INFO  client.GrpcClientProtocolClient (GrpcClientProtocolClient.java:onNext(255)) - client-3F206C568230->31579158-a9e7-4c5e-ab80-b5e9b493ce46: receive RaftClientReply:client-3F206C568230->31579158-a9e7-4c5e-ab80-b5e9b493ce46@group-03DCB51E0B49, cid=22, FAILED org.apache.ratis.protocol.NotLeaderException: Server 31579158-a9e7-4c5e-ab80-b5e9b493ce46 is not the leader (null). Request must be sent to leader., logIndex=0, commits[31579158-a9e7-4c5e-ab80-b5e9b493ce46:c16, 104caf5e-9caf-4bd0-8070-6d8b62874fc4:c16, 3e145723-ff3e-41b8-bf22-3e40bf8680f1:c16]
2019-07-14 01:01:11,971 INFO  impl.FollowerState (FollowerState.java:run(106)) - 31579158-a9e7-4c5e-ab80-b5e9b493ce46:group-03DCB51E0B49 changes to CANDIDATE, lastRpcTime:5013, electionTimeout:5011ms
2019-07-14 01:01:11,973 INFO  impl.RoleInfo (RoleInfo.java:shutdownFollowerState(121)) - 31579158-a9e7-4c5e-ab80-b5e9b493ce46: shutdown FollowerState
2019-07-14 01:01:11,973 INFO  impl.RaftServerImpl (RaftServerImpl.java:setRole(171)) - 31579158-a9e7-4c5e-ab80-b5e9b493ce46:group-03DCB51E0B49 changes role from FOLLOWER to CANDIDATE at term 6 for changeToCandidate
2019-07-14 01:01:11,974 INFO  impl.RoleInfo (RoleInfo.java:updateAndGet(143)) - 31579158-a9e7-4c5e-ab80-b5e9b493ce46: start LeaderElection
2019-07-14 01:01:11,999 INFO  impl.LeaderElection (LeaderElection.java:askForVotes(181)) - 31579158-a9e7-4c5e-ab80-b5e9b493ce46:group-03DCB51E0B49:LeaderElection15: begin an election at term 7 for 0: [31579158-a9e7-4c5e-ab80-b5e9b493ce46:192.168.157.230:33991, 104caf5e-9caf-4bd0-8070-6d8b62874fc4:192.168.157.230:35236, 3e145723-ff3e-41b8-bf22-3e40bf8680f1:192.168.157.230:38770], old=null
2019-07-14 01:01:12,002 INFO  impl.LeaderElection (LogUtils.java:infoOrTrace(149)) - 31579158-a9e7-4c5e-ab80-b5e9b493ce46:group-03DCB51E0B49:LeaderElection15 got exception when requesting votes: {}
java.util.concurrent.ExecutionException: org.apache.ratis.thirdparty.io.grpc.StatusRuntimeException: UNAVAILABLE: io exception
	at java.util.concurrent.FutureTask.report(FutureTask.java:122)
	at java.util.concurrent.FutureTask.get(FutureTask.java:192)
	at org.apache.ratis.server.impl.LeaderElection.waitForResults(LeaderElection.java:262)
	at org.apache.ratis.server.impl.LeaderElection.askForVotes(LeaderElection.java:200)
	at org.apache.ratis.server.impl.LeaderElection.run(LeaderElection.java:130)
	at java.lang.Thread.run(Thread.java:748)
Caused by: org.apache.ratis.thirdparty.io.grpc.StatusRuntimeException: UNAVAILABLE: io exception
	at org.apache.ratis.thirdparty.io.grpc.stub.ClientCalls.toStatusRuntimeException(ClientCalls.java:233)
	at org.apache.ratis.thirdparty.io.grpc.stub.ClientCalls.getUnchecked(ClientCalls.java:214)
	at org.apache.ratis.thirdparty.io.grpc.stub.ClientCalls.blockingUnaryCall(ClientCalls.java:139)
	at org.apache.ratis.proto.grpc.RaftServerProtocolServiceGrpc$RaftServerProtocolServiceBlockingStub.requestVote(RaftServerProtocolServiceGrpc.java:265)
	at org.apache.ratis.grpc.server.GrpcServerProtocolClient.requestVote(GrpcServerProtocolClient.java:83)
	at org.apache.ratis.grpc.server.GrpcService.requestVote(GrpcService.java:195)
	at org.apache.ratis.server.impl.LeaderElection.lambda$submitRequests$1(LeaderElection.java:237)
	at java.util.concurrent.FutureTask.run(FutureTask.java:266)
	at java.util.concurrent.Executors$RunnableAdapter.call(Executors.java:511)
	at java.util.concurrent.FutureTask.run(FutureTask.java:266)
	at java.util.concurrent.ThreadPoolExecutor.runWorker(ThreadPoolExecutor.java:1149)
	at java.util.concurrent.ThreadPoolExecutor$Worker.run(ThreadPoolExecutor.java:624)
	... 1 more
Caused by: org.apache.ratis.thirdparty.io.netty.channel.AbstractChannel$AnnotatedConnectException: Connection refused: /192.168.157.230:35236
	at sun.nio.ch.SocketChannelImpl.checkConnect(Native Method)
	at sun.nio.ch.SocketChannelImpl.finishConnect(SocketChannelImpl.java:717)
	at org.apache.ratis.thirdparty.io.netty.channel.socket.nio.NioSocketChannel.doFinishConnect(NioSocketChannel.java:327)
	at org.apache.ratis.thirdparty.io.netty.channel.nio.AbstractNioChannel$AbstractNioUnsafe.finishConnect(AbstractNioChannel.java:340)
	at org.apache.ratis.thirdparty.io.netty.channel.nio.NioEventLoop.processSelectedKey(NioEventLoop.java:632)
	at org.apache.ratis.thirdparty.io.netty.channel.nio.NioEventLoop.processSelectedKeysOptimized(NioEventLoop.java:579)
	at org.apache.ratis.thirdparty.io.netty.channel.nio.NioEventLoop.processSelectedKeys(NioEventLoop.java:496)
	at org.apache.ratis.thirdparty.io.netty.channel.nio.NioEventLoop.run(NioEventLoop.java:458)
	at org.apache.ratis.thirdparty.io.netty.util.concurrent.SingleThreadEventExecutor$5.run(SingleThreadEventExecutor.java:897)
	at org.apache.ratis.thirdparty.io.netty.util.concurrent.FastThreadLocalRunnable.run(FastThreadLocalRunnable.java:30)
	... 1 more
Caused by: java.net.ConnectException: Connection refused
	... 11 more
2019-07-14 01:01:12,004 INFO  impl.LeaderElection (LogUtils.java:infoOrTrace(149)) - 31579158-a9e7-4c5e-ab80-b5e9b493ce46:group-03DCB51E0B49:LeaderElection15 got exception when requesting votes: {}
java.util.concurrent.ExecutionException: org.apache.ratis.thirdparty.io.grpc.StatusRuntimeException: UNAVAILABLE: io exception
	at java.util.concurrent.FutureTask.report(FutureTask.java:122)
	at java.util.concurrent.FutureTask.get(FutureTask.java:192)
	at org.apache.ratis.server.impl.LeaderElection.waitForResults(LeaderElection.java:262)
	at org.apache.ratis.server.impl.LeaderElection.askForVotes(LeaderElection.java:200)
	at org.apache.ratis.server.impl.LeaderElection.run(LeaderElection.java:130)
	at java.lang.Thread.run(Thread.java:748)
Caused by: org.apache.ratis.thirdparty.io.grpc.StatusRuntimeException: UNAVAILABLE: io exception
	at org.apache.ratis.thirdparty.io.grpc.stub.ClientCalls.toStatusRuntimeException(ClientCalls.java:233)
	at org.apache.ratis.thirdparty.io.grpc.stub.ClientCalls.getUnchecked(ClientCalls.java:214)
	at org.apache.ratis.thirdparty.io.grpc.stub.ClientCalls.blockingUnaryCall(ClientCalls.java:139)
	at org.apache.ratis.proto.grpc.RaftServerProtocolServiceGrpc$RaftServerProtocolServiceBlockingStub.requestVote(RaftServerProtocolServiceGrpc.java:265)
	at org.apache.ratis.grpc.server.GrpcServerProtocolClient.requestVote(GrpcServerProtocolClient.java:83)
	at org.apache.ratis.grpc.server.GrpcService.requestVote(GrpcService.java:195)
	at org.apache.ratis.server.impl.LeaderElection.lambda$submitRequests$1(LeaderElection.java:237)
	at java.util.concurrent.FutureTask.run(FutureTask.java:266)
	at java.util.concurrent.Executors$RunnableAdapter.call(Executors.java:511)
	at java.util.concurrent.FutureTask.run(FutureTask.java:266)
	at java.util.concurrent.ThreadPoolExecutor.runWorker(ThreadPoolExecutor.java:1149)
	at java.util.concurrent.ThreadPoolExecutor$Worker.run(ThreadPoolExecutor.java:624)
	... 1 more
Caused by: org.apache.ratis.thirdparty.io.netty.channel.AbstractChannel$AnnotatedConnectException: Connection refused: /192.168.157.230:38770
	at sun.nio.ch.SocketChannelImpl.checkConnect(Native Method)
	at sun.nio.ch.SocketChannelImpl.finishConnect(SocketChannelImpl.java:717)
	at org.apache.ratis.thirdparty.io.netty.channel.socket.nio.NioSocketChannel.doFinishConnect(NioSocketChannel.java:327)
	at org.apache.ratis.thirdparty.io.netty.channel.nio.AbstractNioChannel$AbstractNioUnsafe.finishConnect(AbstractNioChannel.java:340)
	at org.apache.ratis.thirdparty.io.netty.channel.nio.NioEventLoop.processSelectedKey(NioEventLoop.java:632)
	at org.apache.ratis.thirdparty.io.netty.channel.nio.NioEventLoop.processSelectedKeysOptimized(NioEventLoop.java:579)
	at org.apache.ratis.thirdparty.io.netty.channel.nio.NioEventLoop.processSelectedKeys(NioEventLoop.java:496)
	at org.apache.ratis.thirdparty.io.netty.channel.nio.NioEventLoop.run(NioEventLoop.java:458)
	at org.apache.ratis.thirdparty.io.netty.util.concurrent.SingleThreadEventExecutor$5.run(SingleThreadEventExecutor.java:897)
	at org.apache.ratis.thirdparty.io.netty.util.concurrent.FastThreadLocalRunnable.run(FastThreadLocalRunnable.java:30)
	... 1 more
Caused by: java.net.ConnectException: Connection refused
	... 11 more
2019-07-14 01:01:12,007 INFO  impl.LeaderElection (LeaderElection.java:logAndReturn(56)) - 31579158-a9e7-4c5e-ab80-b5e9b493ce46:group-03DCB51E0B49:LeaderElection15: Election REJECTED; received 0 response(s) [] and 2 exception(s); 31579158-a9e7-4c5e-ab80-b5e9b493ce46:t7, leader=null, voted=31579158-a9e7-4c5e-ab80-b5e9b493ce46, raftlog=31579158-a9e7-4c5e-ab80-b5e9b493ce46-SegmentedRaftLog:OPENED:c16,f16,i16, conf=0: [31579158-a9e7-4c5e-ab80-b5e9b493ce46:192.168.157.230:33991, 104caf5e-9caf-4bd0-8070-6d8b62874fc4:192.168.157.230:35236, 3e145723-ff3e-41b8-bf22-3e40bf8680f1:192.168.157.230:38770], old=null
2019-07-14 01:01:12,007 INFO  impl.LeaderElection (LogUtils.java:infoOrTrace(149)) -   Exception 0: {}
java.util.concurrent.ExecutionException: org.apache.ratis.thirdparty.io.grpc.StatusRuntimeException: UNAVAILABLE: io exception
	at java.util.concurrent.FutureTask.report(FutureTask.java:122)
	at java.util.concurrent.FutureTask.get(FutureTask.java:192)
	at org.apache.ratis.server.impl.LeaderElection.waitForResults(LeaderElection.java:262)
	at org.apache.ratis.server.impl.LeaderElection.askForVotes(LeaderElection.java:200)
	at org.apache.ratis.server.impl.LeaderElection.run(LeaderElection.java:130)
	at java.lang.Thread.run(Thread.java:748)
Caused by: org.apache.ratis.thirdparty.io.grpc.StatusRuntimeException: UNAVAILABLE: io exception
	at org.apache.ratis.thirdparty.io.grpc.stub.ClientCalls.toStatusRuntimeException(ClientCalls.java:233)
	at org.apache.ratis.thirdparty.io.grpc.stub.ClientCalls.getUnchecked(ClientCalls.java:214)
	at org.apache.ratis.thirdparty.io.grpc.stub.ClientCalls.blockingUnaryCall(ClientCalls.java:139)
	at org.apache.ratis.proto.grpc.RaftServerProtocolServiceGrpc$RaftServerProtocolServiceBlockingStub.requestVote(RaftServerProtocolServiceGrpc.java:265)
	at org.apache.ratis.grpc.server.GrpcServerProtocolClient.requestVote(GrpcServerProtocolClient.java:83)
	at org.apache.ratis.grpc.server.GrpcService.requestVote(GrpcService.java:195)
	at org.apache.ratis.server.impl.LeaderElection.lambda$submitRequests$1(LeaderElection.java:237)
	at java.util.concurrent.FutureTask.run(FutureTask.java:266)
	at java.util.concurrent.Executors$RunnableAdapter.call(Executors.java:511)
	at java.util.concurrent.FutureTask.run(FutureTask.java:266)
	at java.util.concurrent.ThreadPoolExecutor.runWorker(ThreadPoolExecutor.java:1149)
	at java.util.concurrent.ThreadPoolExecutor$Worker.run(ThreadPoolExecutor.java:624)
	... 1 more
Caused by: org.apache.ratis.thirdparty.io.netty.channel.AbstractChannel$AnnotatedConnectException: Connection refused: /192.168.157.230:35236
	at sun.nio.ch.SocketChannelImpl.checkConnect(Native Method)
	at sun.nio.ch.SocketChannelImpl.finishConnect(SocketChannelImpl.java:717)
	at org.apache.ratis.thirdparty.io.netty.channel.socket.nio.NioSocketChannel.doFinishConnect(NioSocketChannel.java:327)
	at org.apache.ratis.thirdparty.io.netty.channel.nio.AbstractNioChannel$AbstractNioUnsafe.finishConnect(AbstractNioChannel.java:340)
	at org.apache.ratis.thirdparty.io.netty.channel.nio.NioEventLoop.processSelectedKey(NioEventLoop.java:632)
	at org.apache.ratis.thirdparty.io.netty.channel.nio.NioEventLoop.processSelectedKeysOptimized(NioEventLoop.java:579)
	at org.apache.ratis.thirdparty.io.netty.channel.nio.NioEventLoop.processSelectedKeys(NioEventLoop.java:496)
	at org.apache.ratis.thirdparty.io.netty.channel.nio.NioEventLoop.run(NioEventLoop.java:458)
	at org.apache.ratis.thirdparty.io.netty.util.concurrent.SingleThreadEventExecutor$5.run(SingleThreadEventExecutor.java:897)
	at org.apache.ratis.thirdparty.io.netty.util.concurrent.FastThreadLocalRunnable.run(FastThreadLocalRunnable.java:30)
	... 1 more
Caused by: java.net.ConnectException: Connection refused
	... 11 more
2019-07-14 01:01:12,007 INFO  impl.LeaderElection (LogUtils.java:infoOrTrace(149)) -   Exception 1: {}
java.util.concurrent.ExecutionException: org.apache.ratis.thirdparty.io.grpc.StatusRuntimeException: UNAVAILABLE: io exception
	at java.util.concurrent.FutureTask.report(FutureTask.java:122)
	at java.util.concurrent.FutureTask.get(FutureTask.java:192)
	at org.apache.ratis.server.impl.LeaderElection.waitForResults(LeaderElection.java:262)
	at org.apache.ratis.server.impl.LeaderElection.askForVotes(LeaderElection.java:200)
	at org.apache.ratis.server.impl.LeaderElection.run(LeaderElection.java:130)
	at java.lang.Thread.run(Thread.java:748)
Caused by: org.apache.ratis.thirdparty.io.grpc.StatusRuntimeException: UNAVAILABLE: io exception
	at org.apache.ratis.thirdparty.io.grpc.stub.ClientCalls.toStatusRuntimeException(ClientCalls.java:233)
	at org.apache.ratis.thirdparty.io.grpc.stub.ClientCalls.getUnchecked(ClientCalls.java:214)
	at org.apache.ratis.thirdparty.io.grpc.stub.ClientCalls.blockingUnaryCall(ClientCalls.java:139)
	at org.apache.ratis.proto.grpc.RaftServerProtocolServiceGrpc$RaftServerProtocolServiceBlockingStub.requestVote(RaftServerProtocolServiceGrpc.java:265)
	at org.apache.ratis.grpc.server.GrpcServerProtocolClient.requestVote(GrpcServerProtocolClient.java:83)
	at org.apache.ratis.grpc.server.GrpcService.requestVote(GrpcService.java:195)
	at org.apache.ratis.server.impl.LeaderElection.lambda$submitRequests$1(LeaderElection.java:237)
	at java.util.concurrent.FutureTask.run(FutureTask.java:266)
	at java.util.concurrent.Executors$RunnableAdapter.call(Executors.java:511)
	at java.util.concurrent.FutureTask.run(FutureTask.java:266)
	at java.util.concurrent.ThreadPoolExecutor.runWorker(ThreadPoolExecutor.java:1149)
	at java.util.concurrent.ThreadPoolExecutor$Worker.run(ThreadPoolExecutor.java:624)
	... 1 more
Caused by: org.apache.ratis.thirdparty.io.netty.channel.AbstractChannel$AnnotatedConnectException: Connection refused: /192.168.157.230:38770
	at sun.nio.ch.SocketChannelImpl.checkConnect(Native Method)
	at sun.nio.ch.SocketChannelImpl.finishConnect(SocketChannelImpl.java:717)
	at org.apache.ratis.thirdparty.io.netty.channel.socket.nio.NioSocketChannel.doFinishConnect(NioSocketChannel.java:327)
	at org.apache.ratis.thirdparty.io.netty.channel.nio.AbstractNioChannel$AbstractNioUnsafe.finishConnect(AbstractNioChannel.java:340)
	at org.apache.ratis.thirdparty.io.netty.channel.nio.NioEventLoop.processSelectedKey(NioEventLoop.java:632)
	at org.apache.ratis.thirdparty.io.netty.channel.nio.NioEventLoop.processSelectedKeysOptimized(NioEventLoop.java:579)
	at org.apache.ratis.thirdparty.io.netty.channel.nio.NioEventLoop.processSelectedKeys(NioEventLoop.java:496)
	at org.apache.ratis.thirdparty.io.netty.channel.nio.NioEventLoop.run(NioEventLoop.java:458)
	at org.apache.ratis.thirdparty.io.netty.util.concurrent.SingleThreadEventExecutor$5.run(SingleThreadEventExecutor.java:897)
	at org.apache.ratis.thirdparty.io.netty.util.concurrent.FastThreadLocalRunnable.run(FastThreadLocalRunnable.java:30)
	... 1 more
Caused by: java.net.ConnectException: Connection refused
	... 11 more
2019-07-14 01:01:12,008 INFO  impl.RaftServerImpl (RaftServerImpl.java:setRole(171)) - 31579158-a9e7-4c5e-ab80-b5e9b493ce46:group-03DCB51E0B49 changes role from CANDIDATE to FOLLOWER at term 7 for DISCOVERED_A_NEW_TERM
2019-07-14 01:01:12,011 INFO  impl.RoleInfo (RoleInfo.java:shutdownLeaderElection(134)) - 31579158-a9e7-4c5e-ab80-b5e9b493ce46: shutdown LeaderElection
2019-07-14 01:01:12,012 INFO  impl.RoleInfo (RoleInfo.java:updateAndGet(143)) - 31579158-a9e7-4c5e-ab80-b5e9b493ce46: start FollowerState
2019-07-14 01:01:13,545 INFO  client.GrpcClientProtocolClient (GrpcClientProtocolClient.java:onNext(255)) - client-3F206C568230->31579158-a9e7-4c5e-ab80-b5e9b493ce46: receive RaftClientReply:client-3F206C568230->31579158-a9e7-4c5e-ab80-b5e9b493ce46@group-03DCB51E0B49, cid=22, FAILED org.apache.ratis.protocol.NotLeaderException: Server 31579158-a9e7-4c5e-ab80-b5e9b493ce46 is not the leader (null). Request must be sent to leader., logIndex=0, commits[31579158-a9e7-4c5e-ab80-b5e9b493ce46:c16, 104caf5e-9caf-4bd0-8070-6d8b62874fc4:c16, 3e145723-ff3e-41b8-bf22-3e40bf8680f1:c16]
2019-07-14 01:01:15,585 INFO  client.GrpcClientProtocolClient (GrpcClientProtocolClient.java:onNext(255)) - client-3F206C568230->31579158-a9e7-4c5e-ab80-b5e9b493ce46: receive RaftClientReply:client-3F206C568230->31579158-a9e7-4c5e-ab80-b5e9b493ce46@group-03DCB51E0B49, cid=22, FAILED org.apache.ratis.protocol.NotLeaderException: Server 31579158-a9e7-4c5e-ab80-b5e9b493ce46 is not the leader (null). Request must be sent to leader., logIndex=0, commits[31579158-a9e7-4c5e-ab80-b5e9b493ce46:c16, 104caf5e-9caf-4bd0-8070-6d8b62874fc4:c16, 3e145723-ff3e-41b8-bf22-3e40bf8680f1:c16]
2019-07-14 01:01:17,143 INFO  impl.FollowerState (FollowerState.java:run(106)) - 31579158-a9e7-4c5e-ab80-b5e9b493ce46:group-03DCB51E0B49 changes to CANDIDATE, lastRpcTime:5131, electionTimeout:5129ms
2019-07-14 01:01:17,146 INFO  impl.RoleInfo (RoleInfo.java:shutdownFollowerState(121)) - 31579158-a9e7-4c5e-ab80-b5e9b493ce46: shutdown FollowerState
2019-07-14 01:01:17,146 INFO  impl.RaftServerImpl (RaftServerImpl.java:setRole(171)) - 31579158-a9e7-4c5e-ab80-b5e9b493ce46:group-03DCB51E0B49 changes role from FOLLOWER to CANDIDATE at term 7 for changeToCandidate
2019-07-14 01:01:17,146 INFO  impl.RoleInfo (RoleInfo.java:updateAndGet(143)) - 31579158-a9e7-4c5e-ab80-b5e9b493ce46: start LeaderElection
2019-07-14 01:01:17,163 INFO  impl.LeaderElection (LeaderElection.java:askForVotes(181)) - 31579158-a9e7-4c5e-ab80-b5e9b493ce46:group-03DCB51E0B49:LeaderElection16: begin an election at term 8 for 0: [31579158-a9e7-4c5e-ab80-b5e9b493ce46:192.168.157.230:33991, 104caf5e-9caf-4bd0-8070-6d8b62874fc4:192.168.157.230:35236, 3e145723-ff3e-41b8-bf22-3e40bf8680f1:192.168.157.230:38770], old=null
2019-07-14 01:01:17,166 INFO  impl.LeaderElection (LogUtils.java:infoOrTrace(149)) - 31579158-a9e7-4c5e-ab80-b5e9b493ce46:group-03DCB51E0B49:LeaderElection16 got exception when requesting votes: {}
java.util.concurrent.ExecutionException: org.apache.ratis.thirdparty.io.grpc.StatusRuntimeException: UNAVAILABLE: io exception
	at java.util.concurrent.FutureTask.report(FutureTask.java:122)
	at java.util.concurrent.FutureTask.get(FutureTask.java:192)
	at org.apache.ratis.server.impl.LeaderElection.waitForResults(LeaderElection.java:262)
	at org.apache.ratis.server.impl.LeaderElection.askForVotes(LeaderElection.java:200)
	at org.apache.ratis.server.impl.LeaderElection.run(LeaderElection.java:130)
	at java.lang.Thread.run(Thread.java:748)
Caused by: org.apache.ratis.thirdparty.io.grpc.StatusRuntimeException: UNAVAILABLE: io exception
	at org.apache.ratis.thirdparty.io.grpc.stub.ClientCalls.toStatusRuntimeException(ClientCalls.java:233)
	at org.apache.ratis.thirdparty.io.grpc.stub.ClientCalls.getUnchecked(ClientCalls.java:214)
	at org.apache.ratis.thirdparty.io.grpc.stub.ClientCalls.blockingUnaryCall(ClientCalls.java:139)
	at org.apache.ratis.proto.grpc.RaftServerProtocolServiceGrpc$RaftServerProtocolServiceBlockingStub.requestVote(RaftServerProtocolServiceGrpc.java:265)
	at org.apache.ratis.grpc.server.GrpcServerProtocolClient.requestVote(GrpcServerProtocolClient.java:83)
	at org.apache.ratis.grpc.server.GrpcService.requestVote(GrpcService.java:195)
	at org.apache.ratis.server.impl.LeaderElection.lambda$submitRequests$1(LeaderElection.java:237)
	at java.util.concurrent.FutureTask.run(FutureTask.java:266)
	at java.util.concurrent.Executors$RunnableAdapter.call(Executors.java:511)
	at java.util.concurrent.FutureTask.run(FutureTask.java:266)
	at java.util.concurrent.ThreadPoolExecutor.runWorker(ThreadPoolExecutor.java:1149)
	at java.util.concurrent.ThreadPoolExecutor$Worker.run(ThreadPoolExecutor.java:624)
	... 1 more
Caused by: org.apache.ratis.thirdparty.io.netty.channel.AbstractChannel$AnnotatedConnectException: Connection refused: /192.168.157.230:38770
	at sun.nio.ch.SocketChannelImpl.checkConnect(Native Method)
	at sun.nio.ch.SocketChannelImpl.finishConnect(SocketChannelImpl.java:717)
	at org.apache.ratis.thirdparty.io.netty.channel.socket.nio.NioSocketChannel.doFinishConnect(NioSocketChannel.java:327)
	at org.apache.ratis.thirdparty.io.netty.channel.nio.AbstractNioChannel$AbstractNioUnsafe.finishConnect(AbstractNioChannel.java:340)
	at org.apache.ratis.thirdparty.io.netty.channel.nio.NioEventLoop.processSelectedKey(NioEventLoop.java:632)
	at org.apache.ratis.thirdparty.io.netty.channel.nio.NioEventLoop.processSelectedKeysOptimized(NioEventLoop.java:579)
	at org.apache.ratis.thirdparty.io.netty.channel.nio.NioEventLoop.processSelectedKeys(NioEventLoop.java:496)
	at org.apache.ratis.thirdparty.io.netty.channel.nio.NioEventLoop.run(NioEventLoop.java:458)
	at org.apache.ratis.thirdparty.io.netty.util.concurrent.SingleThreadEventExecutor$5.run(SingleThreadEventExecutor.java:897)
	at org.apache.ratis.thirdparty.io.netty.util.concurrent.FastThreadLocalRunnable.run(FastThreadLocalRunnable.java:30)
	... 1 more
Caused by: java.net.ConnectException: Connection refused
	... 11 more
2019-07-14 01:01:17,169 INFO  impl.LeaderElection (LogUtils.java:infoOrTrace(149)) - 31579158-a9e7-4c5e-ab80-b5e9b493ce46:group-03DCB51E0B49:LeaderElection16 got exception when requesting votes: {}
java.util.concurrent.ExecutionException: org.apache.ratis.thirdparty.io.grpc.StatusRuntimeException: UNAVAILABLE: io exception
	at java.util.concurrent.FutureTask.report(FutureTask.java:122)
	at java.util.concurrent.FutureTask.get(FutureTask.java:192)
	at org.apache.ratis.server.impl.LeaderElection.waitForResults(LeaderElection.java:262)
	at org.apache.ratis.server.impl.LeaderElection.askForVotes(LeaderElection.java:200)
	at org.apache.ratis.server.impl.LeaderElection.run(LeaderElection.java:130)
	at java.lang.Thread.run(Thread.java:748)
Caused by: org.apache.ratis.thirdparty.io.grpc.StatusRuntimeException: UNAVAILABLE: io exception
	at org.apache.ratis.thirdparty.io.grpc.stub.ClientCalls.toStatusRuntimeException(ClientCalls.java:233)
	at org.apache.ratis.thirdparty.io.grpc.stub.ClientCalls.getUnchecked(ClientCalls.java:214)
	at org.apache.ratis.thirdparty.io.grpc.stub.ClientCalls.blockingUnaryCall(ClientCalls.java:139)
	at org.apache.ratis.proto.grpc.RaftServerProtocolServiceGrpc$RaftServerProtocolServiceBlockingStub.requestVote(RaftServerProtocolServiceGrpc.java:265)
	at org.apache.ratis.grpc.server.GrpcServerProtocolClient.requestVote(GrpcServerProtocolClient.java:83)
	at org.apache.ratis.grpc.server.GrpcService.requestVote(GrpcService.java:195)
	at org.apache.ratis.server.impl.LeaderElection.lambda$submitRequests$1(LeaderElection.java:237)
	at java.util.concurrent.FutureTask.run(FutureTask.java:266)
	at java.util.concurrent.Executors$RunnableAdapter.call(Executors.java:511)
	at java.util.concurrent.FutureTask.run(FutureTask.java:266)
	at java.util.concurrent.ThreadPoolExecutor.runWorker(ThreadPoolExecutor.java:1149)
	at java.util.concurrent.ThreadPoolExecutor$Worker.run(ThreadPoolExecutor.java:624)
	... 1 more
Caused by: org.apache.ratis.thirdparty.io.netty.channel.AbstractChannel$AnnotatedConnectException: Connection refused: /192.168.157.230:35236
	at sun.nio.ch.SocketChannelImpl.checkConnect(Native Method)
	at sun.nio.ch.SocketChannelImpl.finishConnect(SocketChannelImpl.java:717)
	at org.apache.ratis.thirdparty.io.netty.channel.socket.nio.NioSocketChannel.doFinishConnect(NioSocketChannel.java:327)
	at org.apache.ratis.thirdparty.io.netty.channel.nio.AbstractNioChannel$AbstractNioUnsafe.finishConnect(AbstractNioChannel.java:340)
	at org.apache.ratis.thirdparty.io.netty.channel.nio.NioEventLoop.processSelectedKey(NioEventLoop.java:632)
	at org.apache.ratis.thirdparty.io.netty.channel.nio.NioEventLoop.processSelectedKeysOptimized(NioEventLoop.java:579)
	at org.apache.ratis.thirdparty.io.netty.channel.nio.NioEventLoop.processSelectedKeys(NioEventLoop.java:496)
	at org.apache.ratis.thirdparty.io.netty.channel.nio.NioEventLoop.run(NioEventLoop.java:458)
	at org.apache.ratis.thirdparty.io.netty.util.concurrent.SingleThreadEventExecutor$5.run(SingleThreadEventExecutor.java:897)
	at org.apache.ratis.thirdparty.io.netty.util.concurrent.FastThreadLocalRunnable.run(FastThreadLocalRunnable.java:30)
	... 1 more
Caused by: java.net.ConnectException: Connection refused
	... 11 more
2019-07-14 01:01:17,171 INFO  impl.LeaderElection (LeaderElection.java:logAndReturn(56)) - 31579158-a9e7-4c5e-ab80-b5e9b493ce46:group-03DCB51E0B49:LeaderElection16: Election REJECTED; received 0 response(s) [] and 2 exception(s); 31579158-a9e7-4c5e-ab80-b5e9b493ce46:t8, leader=null, voted=31579158-a9e7-4c5e-ab80-b5e9b493ce46, raftlog=31579158-a9e7-4c5e-ab80-b5e9b493ce46-SegmentedRaftLog:OPENED:c16,f16,i16, conf=0: [31579158-a9e7-4c5e-ab80-b5e9b493ce46:192.168.157.230:33991, 104caf5e-9caf-4bd0-8070-6d8b62874fc4:192.168.157.230:35236, 3e145723-ff3e-41b8-bf22-3e40bf8680f1:192.168.157.230:38770], old=null
2019-07-14 01:01:17,171 INFO  impl.LeaderElection (LogUtils.java:infoOrTrace(149)) -   Exception 0: {}
java.util.concurrent.ExecutionException: org.apache.ratis.thirdparty.io.grpc.StatusRuntimeException: UNAVAILABLE: io exception
	at java.util.concurrent.FutureTask.report(FutureTask.java:122)
	at java.util.concurrent.FutureTask.get(FutureTask.java:192)
	at org.apache.ratis.server.impl.LeaderElection.waitForResults(LeaderElection.java:262)
	at org.apache.ratis.server.impl.LeaderElection.askForVotes(LeaderElection.java:200)
	at org.apache.ratis.server.impl.LeaderElection.run(LeaderElection.java:130)
	at java.lang.Thread.run(Thread.java:748)
Caused by: org.apache.ratis.thirdparty.io.grpc.StatusRuntimeException: UNAVAILABLE: io exception
	at org.apache.ratis.thirdparty.io.grpc.stub.ClientCalls.toStatusRuntimeException(ClientCalls.java:233)
	at org.apache.ratis.thirdparty.io.grpc.stub.ClientCalls.getUnchecked(ClientCalls.java:214)
	at org.apache.ratis.thirdparty.io.grpc.stub.ClientCalls.blockingUnaryCall(ClientCalls.java:139)
	at org.apache.ratis.proto.grpc.RaftServerProtocolServiceGrpc$RaftServerProtocolServiceBlockingStub.requestVote(RaftServerProtocolServiceGrpc.java:265)
	at org.apache.ratis.grpc.server.GrpcServerProtocolClient.requestVote(GrpcServerProtocolClient.java:83)
	at org.apache.ratis.grpc.server.GrpcService.requestVote(GrpcService.java:195)
	at org.apache.ratis.server.impl.LeaderElection.lambda$submitRequests$1(LeaderElection.java:237)
	at java.util.concurrent.FutureTask.run(FutureTask.java:266)
	at java.util.concurrent.Executors$RunnableAdapter.call(Executors.java:511)
	at java.util.concurrent.FutureTask.run(FutureTask.java:266)
	at java.util.concurrent.ThreadPoolExecutor.runWorker(ThreadPoolExecutor.java:1149)
	at java.util.concurrent.ThreadPoolExecutor$Worker.run(ThreadPoolExecutor.java:624)
	... 1 more
Caused by: org.apache.ratis.thirdparty.io.netty.channel.AbstractChannel$AnnotatedConnectException: Connection refused: /192.168.157.230:38770
	at sun.nio.ch.SocketChannelImpl.checkConnect(Native Method)
	at sun.nio.ch.SocketChannelImpl.finishConnect(SocketChannelImpl.java:717)
	at org.apache.ratis.thirdparty.io.netty.channel.socket.nio.NioSocketChannel.doFinishConnect(NioSocketChannel.java:327)
	at org.apache.ratis.thirdparty.io.netty.channel.nio.AbstractNioChannel$AbstractNioUnsafe.finishConnect(AbstractNioChannel.java:340)
	at org.apache.ratis.thirdparty.io.netty.channel.nio.NioEventLoop.processSelectedKey(NioEventLoop.java:632)
	at org.apache.ratis.thirdparty.io.netty.channel.nio.NioEventLoop.processSelectedKeysOptimized(NioEventLoop.java:579)
	at org.apache.ratis.thirdparty.io.netty.channel.nio.NioEventLoop.processSelectedKeys(NioEventLoop.java:496)
	at org.apache.ratis.thirdparty.io.netty.channel.nio.NioEventLoop.run(NioEventLoop.java:458)
	at org.apache.ratis.thirdparty.io.netty.util.concurrent.SingleThreadEventExecutor$5.run(SingleThreadEventExecutor.java:897)
	at org.apache.ratis.thirdparty.io.netty.util.concurrent.FastThreadLocalRunnable.run(FastThreadLocalRunnable.java:30)
	... 1 more
Caused by: java.net.ConnectException: Connection refused
	... 11 more
2019-07-14 01:01:17,171 INFO  impl.LeaderElection (LogUtils.java:infoOrTrace(149)) -   Exception 1: {}
java.util.concurrent.ExecutionException: org.apache.ratis.thirdparty.io.grpc.StatusRuntimeException: UNAVAILABLE: io exception
	at java.util.concurrent.FutureTask.report(FutureTask.java:122)
	at java.util.concurrent.FutureTask.get(FutureTask.java:192)
	at org.apache.ratis.server.impl.LeaderElection.waitForResults(LeaderElection.java:262)
	at org.apache.ratis.server.impl.LeaderElection.askForVotes(LeaderElection.java:200)
	at org.apache.ratis.server.impl.LeaderElection.run(LeaderElection.java:130)
	at java.lang.Thread.run(Thread.java:748)
Caused by: org.apache.ratis.thirdparty.io.grpc.StatusRuntimeException: UNAVAILABLE: io exception
	at org.apache.ratis.thirdparty.io.grpc.stub.ClientCalls.toStatusRuntimeException(ClientCalls.java:233)
	at org.apache.ratis.thirdparty.io.grpc.stub.ClientCalls.getUnchecked(ClientCalls.java:214)
	at org.apache.ratis.thirdparty.io.grpc.stub.ClientCalls.blockingUnaryCall(ClientCalls.java:139)
	at org.apache.ratis.proto.grpc.RaftServerProtocolServiceGrpc$RaftServerProtocolServiceBlockingStub.requestVote(RaftServerProtocolServiceGrpc.java:265)
	at org.apache.ratis.grpc.server.GrpcServerProtocolClient.requestVote(GrpcServerProtocolClient.java:83)
	at org.apache.ratis.grpc.server.GrpcService.requestVote(GrpcService.java:195)
	at org.apache.ratis.server.impl.LeaderElection.lambda$submitRequests$1(LeaderElection.java:237)
	at java.util.concurrent.FutureTask.run(FutureTask.java:266)
	at java.util.concurrent.Executors$RunnableAdapter.call(Executors.java:511)
	at java.util.concurrent.FutureTask.run(FutureTask.java:266)
	at java.util.concurrent.ThreadPoolExecutor.runWorker(ThreadPoolExecutor.java:1149)
	at java.util.concurrent.ThreadPoolExecutor$Worker.run(ThreadPoolExecutor.java:624)
	... 1 more
Caused by: org.apache.ratis.thirdparty.io.netty.channel.AbstractChannel$AnnotatedConnectException: Connection refused: /192.168.157.230:35236
	at sun.nio.ch.SocketChannelImpl.checkConnect(Native Method)
	at sun.nio.ch.SocketChannelImpl.finishConnect(SocketChannelImpl.java:717)
	at org.apache.ratis.thirdparty.io.netty.channel.socket.nio.NioSocketChannel.doFinishConnect(NioSocketChannel.java:327)
	at org.apache.ratis.thirdparty.io.netty.channel.nio.AbstractNioChannel$AbstractNioUnsafe.finishConnect(AbstractNioChannel.java:340)
	at org.apache.ratis.thirdparty.io.netty.channel.nio.NioEventLoop.processSelectedKey(NioEventLoop.java:632)
	at org.apache.ratis.thirdparty.io.netty.channel.nio.NioEventLoop.processSelectedKeysOptimized(NioEventLoop.java:579)
	at org.apache.ratis.thirdparty.io.netty.channel.nio.NioEventLoop.processSelectedKeys(NioEventLoop.java:496)
	at org.apache.ratis.thirdparty.io.netty.channel.nio.NioEventLoop.run(NioEventLoop.java:458)
	at org.apache.ratis.thirdparty.io.netty.util.concurrent.SingleThreadEventExecutor$5.run(SingleThreadEventExecutor.java:897)
	at org.apache.ratis.thirdparty.io.netty.util.concurrent.FastThreadLocalRunnable.run(FastThreadLocalRunnable.java:30)
	... 1 more
Caused by: java.net.ConnectException: Connection refused
	... 11 more
2019-07-14 01:01:17,172 INFO  impl.RaftServerImpl (RaftServerImpl.java:setRole(171)) - 31579158-a9e7-4c5e-ab80-b5e9b493ce46:group-03DCB51E0B49 changes role from CANDIDATE to FOLLOWER at term 8 for DISCOVERED_A_NEW_TERM
2019-07-14 01:01:17,174 INFO  impl.RoleInfo (RoleInfo.java:shutdownLeaderElection(134)) - 31579158-a9e7-4c5e-ab80-b5e9b493ce46: shutdown LeaderElection
2019-07-14 01:01:17,174 INFO  impl.RoleInfo (RoleInfo.java:updateAndGet(143)) - 31579158-a9e7-4c5e-ab80-b5e9b493ce46: start FollowerState
2019-07-14 01:01:17,610 INFO  client.GrpcClientProtocolClient (GrpcClientProtocolClient.java:onNext(255)) - client-3F206C568230->31579158-a9e7-4c5e-ab80-b5e9b493ce46: receive RaftClientReply:client-3F206C568230->31579158-a9e7-4c5e-ab80-b5e9b493ce46@group-03DCB51E0B49, cid=22, FAILED org.apache.ratis.protocol.NotLeaderException: Server 31579158-a9e7-4c5e-ab80-b5e9b493ce46 is not the leader (null). Request must be sent to leader., logIndex=0, commits[31579158-a9e7-4c5e-ab80-b5e9b493ce46:c16, 104caf5e-9caf-4bd0-8070-6d8b62874fc4:c16, 3e145723-ff3e-41b8-bf22-3e40bf8680f1:c16]
2019-07-14 01:01:19,632 INFO  client.GrpcClientProtocolClient (GrpcClientProtocolClient.java:onNext(255)) - client-3F206C568230->31579158-a9e7-4c5e-ab80-b5e9b493ce46: receive RaftClientReply:client-3F206C568230->31579158-a9e7-4c5e-ab80-b5e9b493ce46@group-03DCB51E0B49, cid=22, FAILED org.apache.ratis.protocol.NotLeaderException: Server 31579158-a9e7-4c5e-ab80-b5e9b493ce46 is not the leader (null). Request must be sent to leader., logIndex=0, commits[31579158-a9e7-4c5e-ab80-b5e9b493ce46:c16, 104caf5e-9caf-4bd0-8070-6d8b62874fc4:c16, 3e145723-ff3e-41b8-bf22-3e40bf8680f1:c16]
2019-07-14 01:01:22,346 INFO  impl.FollowerState (FollowerState.java:run(106)) - 31579158-a9e7-4c5e-ab80-b5e9b493ce46:group-03DCB51E0B49 changes to CANDIDATE, lastRpcTime:5172, electionTimeout:5170ms
2019-07-14 01:01:22,350 INFO  impl.RoleInfo (RoleInfo.java:shutdownFollowerState(121)) - 31579158-a9e7-4c5e-ab80-b5e9b493ce46: shutdown FollowerState
2019-07-14 01:01:22,350 INFO  impl.RaftServerImpl (RaftServerImpl.java:setRole(171)) - 31579158-a9e7-4c5e-ab80-b5e9b493ce46:group-03DCB51E0B49 changes role from FOLLOWER to CANDIDATE at term 8 for changeToCandidate
2019-07-14 01:01:22,350 INFO  impl.RoleInfo (RoleInfo.java:updateAndGet(143)) - 31579158-a9e7-4c5e-ab80-b5e9b493ce46: start LeaderElection
2019-07-14 01:01:22,367 INFO  impl.LeaderElection (LeaderElection.java:askForVotes(181)) - 31579158-a9e7-4c5e-ab80-b5e9b493ce46:group-03DCB51E0B49:LeaderElection17: begin an election at term 9 for 0: [31579158-a9e7-4c5e-ab80-b5e9b493ce46:192.168.157.230:33991, 104caf5e-9caf-4bd0-8070-6d8b62874fc4:192.168.157.230:35236, 3e145723-ff3e-41b8-bf22-3e40bf8680f1:192.168.157.230:38770], old=null
2019-07-14 01:01:22,370 INFO  impl.LeaderElection (LogUtils.java:infoOrTrace(149)) - 31579158-a9e7-4c5e-ab80-b5e9b493ce46:group-03DCB51E0B49:LeaderElection17 got exception when requesting votes: {}
java.util.concurrent.ExecutionException: org.apache.ratis.thirdparty.io.grpc.StatusRuntimeException: UNAVAILABLE: io exception
	at java.util.concurrent.FutureTask.report(FutureTask.java:122)
	at java.util.concurrent.FutureTask.get(FutureTask.java:192)
	at org.apache.ratis.server.impl.LeaderElection.waitForResults(LeaderElection.java:262)
	at org.apache.ratis.server.impl.LeaderElection.askForVotes(LeaderElection.java:200)
	at org.apache.ratis.server.impl.LeaderElection.run(LeaderElection.java:130)
	at java.lang.Thread.run(Thread.java:748)
Caused by: org.apache.ratis.thirdparty.io.grpc.StatusRuntimeException: UNAVAILABLE: io exception
	at org.apache.ratis.thirdparty.io.grpc.stub.ClientCalls.toStatusRuntimeException(ClientCalls.java:233)
	at org.apache.ratis.thirdparty.io.grpc.stub.ClientCalls.getUnchecked(ClientCalls.java:214)
	at org.apache.ratis.thirdparty.io.grpc.stub.ClientCalls.blockingUnaryCall(ClientCalls.java:139)
	at org.apache.ratis.proto.grpc.RaftServerProtocolServiceGrpc$RaftServerProtocolServiceBlockingStub.requestVote(RaftServerProtocolServiceGrpc.java:265)
	at org.apache.ratis.grpc.server.GrpcServerProtocolClient.requestVote(GrpcServerProtocolClient.java:83)
	at org.apache.ratis.grpc.server.GrpcService.requestVote(GrpcService.java:195)
	at org.apache.ratis.server.impl.LeaderElection.lambda$submitRequests$1(LeaderElection.java:237)
	at java.util.concurrent.FutureTask.run(FutureTask.java:266)
	at java.util.concurrent.Executors$RunnableAdapter.call(Executors.java:511)
	at java.util.concurrent.FutureTask.run(FutureTask.java:266)
	at java.util.concurrent.ThreadPoolExecutor.runWorker(ThreadPoolExecutor.java:1149)
	at java.util.concurrent.ThreadPoolExecutor$Worker.run(ThreadPoolExecutor.java:624)
	... 1 more
Caused by: org.apache.ratis.thirdparty.io.netty.channel.AbstractChannel$AnnotatedConnectException: Connection refused: /192.168.157.230:35236
	at sun.nio.ch.SocketChannelImpl.checkConnect(Native Method)
	at sun.nio.ch.SocketChannelImpl.finishConnect(SocketChannelImpl.java:717)
	at org.apache.ratis.thirdparty.io.netty.channel.socket.nio.NioSocketChannel.doFinishConnect(NioSocketChannel.java:327)
	at org.apache.ratis.thirdparty.io.netty.channel.nio.AbstractNioChannel$AbstractNioUnsafe.finishConnect(AbstractNioChannel.java:340)
	at org.apache.ratis.thirdparty.io.netty.channel.nio.NioEventLoop.processSelectedKey(NioEventLoop.java:632)
	at org.apache.ratis.thirdparty.io.netty.channel.nio.NioEventLoop.processSelectedKeysOptimized(NioEventLoop.java:579)
	at org.apache.ratis.thirdparty.io.netty.channel.nio.NioEventLoop.processSelectedKeys(NioEventLoop.java:496)
	at org.apache.ratis.thirdparty.io.netty.channel.nio.NioEventLoop.run(NioEventLoop.java:458)
	at org.apache.ratis.thirdparty.io.netty.util.concurrent.SingleThreadEventExecutor$5.run(SingleThreadEventExecutor.java:897)
	at org.apache.ratis.thirdparty.io.netty.util.concurrent.FastThreadLocalRunnable.run(FastThreadLocalRunnable.java:30)
	... 1 more
Caused by: java.net.ConnectException: Connection refused
	... 11 more
2019-07-14 01:01:22,373 INFO  impl.LeaderElection (LogUtils.java:infoOrTrace(149)) - 31579158-a9e7-4c5e-ab80-b5e9b493ce46:group-03DCB51E0B49:LeaderElection17 got exception when requesting votes: {}
java.util.concurrent.ExecutionException: org.apache.ratis.thirdparty.io.grpc.StatusRuntimeException: UNAVAILABLE: io exception
	at java.util.concurrent.FutureTask.report(FutureTask.java:122)
	at java.util.concurrent.FutureTask.get(FutureTask.java:192)
	at org.apache.ratis.server.impl.LeaderElection.waitForResults(LeaderElection.java:262)
	at org.apache.ratis.server.impl.LeaderElection.askForVotes(LeaderElection.java:200)
	at org.apache.ratis.server.impl.LeaderElection.run(LeaderElection.java:130)
	at java.lang.Thread.run(Thread.java:748)
Caused by: org.apache.ratis.thirdparty.io.grpc.StatusRuntimeException: UNAVAILABLE: io exception
	at org.apache.ratis.thirdparty.io.grpc.stub.ClientCalls.toStatusRuntimeException(ClientCalls.java:233)
	at org.apache.ratis.thirdparty.io.grpc.stub.ClientCalls.getUnchecked(ClientCalls.java:214)
	at org.apache.ratis.thirdparty.io.grpc.stub.ClientCalls.blockingUnaryCall(ClientCalls.java:139)
	at org.apache.ratis.proto.grpc.RaftServerProtocolServiceGrpc$RaftServerProtocolServiceBlockingStub.requestVote(RaftServerProtocolServiceGrpc.java:265)
	at org.apache.ratis.grpc.server.GrpcServerProtocolClient.requestVote(GrpcServerProtocolClient.java:83)
	at org.apache.ratis.grpc.server.GrpcService.requestVote(GrpcService.java:195)
	at org.apache.ratis.server.impl.LeaderElection.lambda$submitRequests$1(LeaderElection.java:237)
	at java.util.concurrent.FutureTask.run(FutureTask.java:266)
	at java.util.concurrent.Executors$RunnableAdapter.call(Executors.java:511)
	at java.util.concurrent.FutureTask.run(FutureTask.java:266)
	at java.util.concurrent.ThreadPoolExecutor.runWorker(ThreadPoolExecutor.java:1149)
	at java.util.concurrent.ThreadPoolExecutor$Worker.run(ThreadPoolExecutor.java:624)
	... 1 more
Caused by: org.apache.ratis.thirdparty.io.netty.channel.AbstractChannel$AnnotatedConnectException: Connection refused: /192.168.157.230:38770
	at sun.nio.ch.SocketChannelImpl.checkConnect(Native Method)
	at sun.nio.ch.SocketChannelImpl.finishConnect(SocketChannelImpl.java:717)
	at org.apache.ratis.thirdparty.io.netty.channel.socket.nio.NioSocketChannel.doFinishConnect(NioSocketChannel.java:327)
	at org.apache.ratis.thirdparty.io.netty.channel.nio.AbstractNioChannel$AbstractNioUnsafe.finishConnect(AbstractNioChannel.java:340)
	at org.apache.ratis.thirdparty.io.netty.channel.nio.NioEventLoop.processSelectedKey(NioEventLoop.java:632)
	at org.apache.ratis.thirdparty.io.netty.channel.nio.NioEventLoop.processSelectedKeysOptimized(NioEventLoop.java:579)
	at org.apache.ratis.thirdparty.io.netty.channel.nio.NioEventLoop.processSelectedKeys(NioEventLoop.java:496)
	at org.apache.ratis.thirdparty.io.netty.channel.nio.NioEventLoop.run(NioEventLoop.java:458)
	at org.apache.ratis.thirdparty.io.netty.util.concurrent.SingleThreadEventExecutor$5.run(SingleThreadEventExecutor.java:897)
	at org.apache.ratis.thirdparty.io.netty.util.concurrent.FastThreadLocalRunnable.run(FastThreadLocalRunnable.java:30)
	... 1 more
Caused by: java.net.ConnectException: Connection refused
	... 11 more
2019-07-14 01:01:22,375 INFO  impl.LeaderElection (LeaderElection.java:logAndReturn(56)) - 31579158-a9e7-4c5e-ab80-b5e9b493ce46:group-03DCB51E0B49:LeaderElection17: Election REJECTED; received 0 response(s) [] and 2 exception(s); 31579158-a9e7-4c5e-ab80-b5e9b493ce46:t9, leader=null, voted=31579158-a9e7-4c5e-ab80-b5e9b493ce46, raftlog=31579158-a9e7-4c5e-ab80-b5e9b493ce46-SegmentedRaftLog:OPENED:c16,f16,i16, conf=0: [31579158-a9e7-4c5e-ab80-b5e9b493ce46:192.168.157.230:33991, 104caf5e-9caf-4bd0-8070-6d8b62874fc4:192.168.157.230:35236, 3e145723-ff3e-41b8-bf22-3e40bf8680f1:192.168.157.230:38770], old=null
2019-07-14 01:01:22,375 INFO  impl.LeaderElection (LogUtils.java:infoOrTrace(149)) -   Exception 0: {}
java.util.concurrent.ExecutionException: org.apache.ratis.thirdparty.io.grpc.StatusRuntimeException: UNAVAILABLE: io exception
	at java.util.concurrent.FutureTask.report(FutureTask.java:122)
	at java.util.concurrent.FutureTask.get(FutureTask.java:192)
	at org.apache.ratis.server.impl.LeaderElection.waitForResults(LeaderElection.java:262)
	at org.apache.ratis.server.impl.LeaderElection.askForVotes(LeaderElection.java:200)
	at org.apache.ratis.server.impl.LeaderElection.run(LeaderElection.java:130)
	at java.lang.Thread.run(Thread.java:748)
Caused by: org.apache.ratis.thirdparty.io.grpc.StatusRuntimeException: UNAVAILABLE: io exception
	at org.apache.ratis.thirdparty.io.grpc.stub.ClientCalls.toStatusRuntimeException(ClientCalls.java:233)
	at org.apache.ratis.thirdparty.io.grpc.stub.ClientCalls.getUnchecked(ClientCalls.java:214)
	at org.apache.ratis.thirdparty.io.grpc.stub.ClientCalls.blockingUnaryCall(ClientCalls.java:139)
	at org.apache.ratis.proto.grpc.RaftServerProtocolServiceGrpc$RaftServerProtocolServiceBlockingStub.requestVote(RaftServerProtocolServiceGrpc.java:265)
	at org.apache.ratis.grpc.server.GrpcServerProtocolClient.requestVote(GrpcServerProtocolClient.java:83)
	at org.apache.ratis.grpc.server.GrpcService.requestVote(GrpcService.java:195)
	at org.apache.ratis.server.impl.LeaderElection.lambda$submitRequests$1(LeaderElection.java:237)
	at java.util.concurrent.FutureTask.run(FutureTask.java:266)
	at java.util.concurrent.Executors$RunnableAdapter.call(Executors.java:511)
	at java.util.concurrent.FutureTask.run(FutureTask.java:266)
	at java.util.concurrent.ThreadPoolExecutor.runWorker(ThreadPoolExecutor.java:1149)
	at java.util.concurrent.ThreadPoolExecutor$Worker.run(ThreadPoolExecutor.java:624)
	... 1 more
Caused by: org.apache.ratis.thirdparty.io.netty.channel.AbstractChannel$AnnotatedConnectException: Connection refused: /192.168.157.230:35236
	at sun.nio.ch.SocketChannelImpl.checkConnect(Native Method)
	at sun.nio.ch.SocketChannelImpl.finishConnect(SocketChannelImpl.java:717)
	at org.apache.ratis.thirdparty.io.netty.channel.socket.nio.NioSocketChannel.doFinishConnect(NioSocketChannel.java:327)
	at org.apache.ratis.thirdparty.io.netty.channel.nio.AbstractNioChannel$AbstractNioUnsafe.finishConnect(AbstractNioChannel.java:340)
	at org.apache.ratis.thirdparty.io.netty.channel.nio.NioEventLoop.processSelectedKey(NioEventLoop.java:632)
	at org.apache.ratis.thirdparty.io.netty.channel.nio.NioEventLoop.processSelectedKeysOptimized(NioEventLoop.java:579)
	at org.apache.ratis.thirdparty.io.netty.channel.nio.NioEventLoop.processSelectedKeys(NioEventLoop.java:496)
	at org.apache.ratis.thirdparty.io.netty.channel.nio.NioEventLoop.run(NioEventLoop.java:458)
	at org.apache.ratis.thirdparty.io.netty.util.concurrent.SingleThreadEventExecutor$5.run(SingleThreadEventExecutor.java:897)
	at org.apache.ratis.thirdparty.io.netty.util.concurrent.FastThreadLocalRunnable.run(FastThreadLocalRunnable.java:30)
	... 1 more
Caused by: java.net.ConnectException: Connection refused
	... 11 more
2019-07-14 01:01:22,376 INFO  impl.LeaderElection (LogUtils.java:infoOrTrace(149)) -   Exception 1: {}
java.util.concurrent.ExecutionException: org.apache.ratis.thirdparty.io.grpc.StatusRuntimeException: UNAVAILABLE: io exception
	at java.util.concurrent.FutureTask.report(FutureTask.java:122)
	at java.util.concurrent.FutureTask.get(FutureTask.java:192)
	at org.apache.ratis.server.impl.LeaderElection.waitForResults(LeaderElection.java:262)
	at org.apache.ratis.server.impl.LeaderElection.askForVotes(LeaderElection.java:200)
	at org.apache.ratis.server.impl.LeaderElection.run(LeaderElection.java:130)
	at java.lang.Thread.run(Thread.java:748)
Caused by: org.apache.ratis.thirdparty.io.grpc.StatusRuntimeException: UNAVAILABLE: io exception
	at org.apache.ratis.thirdparty.io.grpc.stub.ClientCalls.toStatusRuntimeException(ClientCalls.java:233)
	at org.apache.ratis.thirdparty.io.grpc.stub.ClientCalls.getUnchecked(ClientCalls.java:214)
	at org.apache.ratis.thirdparty.io.grpc.stub.ClientCalls.blockingUnaryCall(ClientCalls.java:139)
	at org.apache.ratis.proto.grpc.RaftServerProtocolServiceGrpc$RaftServerProtocolServiceBlockingStub.requestVote(RaftServerProtocolServiceGrpc.java:265)
	at org.apache.ratis.grpc.server.GrpcServerProtocolClient.requestVote(GrpcServerProtocolClient.java:83)
	at org.apache.ratis.grpc.server.GrpcService.requestVote(GrpcService.java:195)
	at org.apache.ratis.server.impl.LeaderElection.lambda$submitRequests$1(LeaderElection.java:237)
	at java.util.concurrent.FutureTask.run(FutureTask.java:266)
	at java.util.concurrent.Executors$RunnableAdapter.call(Executors.java:511)
	at java.util.concurrent.FutureTask.run(FutureTask.java:266)
	at java.util.concurrent.ThreadPoolExecutor.runWorker(ThreadPoolExecutor.java:1149)
	at java.util.concurrent.ThreadPoolExecutor$Worker.run(ThreadPoolExecutor.java:624)
	... 1 more
Caused by: org.apache.ratis.thirdparty.io.netty.channel.AbstractChannel$AnnotatedConnectException: Connection refused: /192.168.157.230:38770
	at sun.nio.ch.SocketChannelImpl.checkConnect(Native Method)
	at sun.nio.ch.SocketChannelImpl.finishConnect(SocketChannelImpl.java:717)
	at org.apache.ratis.thirdparty.io.netty.channel.socket.nio.NioSocketChannel.doFinishConnect(NioSocketChannel.java:327)
	at org.apache.ratis.thirdparty.io.netty.channel.nio.AbstractNioChannel$AbstractNioUnsafe.finishConnect(AbstractNioChannel.java:340)
	at org.apache.ratis.thirdparty.io.netty.channel.nio.NioEventLoop.processSelectedKey(NioEventLoop.java:632)
	at org.apache.ratis.thirdparty.io.netty.channel.nio.NioEventLoop.processSelectedKeysOptimized(NioEventLoop.java:579)
	at org.apache.ratis.thirdparty.io.netty.channel.nio.NioEventLoop.processSelectedKeys(NioEventLoop.java:496)
	at org.apache.ratis.thirdparty.io.netty.channel.nio.NioEventLoop.run(NioEventLoop.java:458)
	at org.apache.ratis.thirdparty.io.netty.util.concurrent.SingleThreadEventExecutor$5.run(SingleThreadEventExecutor.java:897)
	at org.apache.ratis.thirdparty.io.netty.util.concurrent.FastThreadLocalRunnable.run(FastThreadLocalRunnable.java:30)
	... 1 more
Caused by: java.net.ConnectException: Connection refused
	... 11 more
2019-07-14 01:01:22,376 INFO  impl.RaftServerImpl (RaftServerImpl.java:setRole(171)) - 31579158-a9e7-4c5e-ab80-b5e9b493ce46:group-03DCB51E0B49 changes role from CANDIDATE to FOLLOWER at term 9 for DISCOVERED_A_NEW_TERM
2019-07-14 01:01:22,378 INFO  impl.RoleInfo (RoleInfo.java:shutdownLeaderElection(134)) - 31579158-a9e7-4c5e-ab80-b5e9b493ce46: shutdown LeaderElection
2019-07-14 01:01:22,380 INFO  impl.RoleInfo (RoleInfo.java:updateAndGet(143)) - 31579158-a9e7-4c5e-ab80-b5e9b493ce46: start FollowerState
2019-07-14 01:01:22,653 INFO  client.GrpcClientProtocolClient (GrpcClientProtocolClient.java:onNext(255)) - client-3F206C568230->31579158-a9e7-4c5e-ab80-b5e9b493ce46: receive RaftClientReply:client-3F206C568230->31579158-a9e7-4c5e-ab80-b5e9b493ce46@group-03DCB51E0B49, cid=22, FAILED org.apache.ratis.protocol.NotLeaderException: Server 31579158-a9e7-4c5e-ab80-b5e9b493ce46 is not the leader (null). Request must be sent to leader., logIndex=0, commits[31579158-a9e7-4c5e-ab80-b5e9b493ce46:c16, 104caf5e-9caf-4bd0-8070-6d8b62874fc4:c16, 3e145723-ff3e-41b8-bf22-3e40bf8680f1:c16]
2019-07-14 01:01:25,683 INFO  client.GrpcClientProtocolClient (GrpcClientProtocolClient.java:onNext(255)) - client-3F206C568230->31579158-a9e7-4c5e-ab80-b5e9b493ce46: receive RaftClientReply:client-3F206C568230->31579158-a9e7-4c5e-ab80-b5e9b493ce46@group-03DCB51E0B49, cid=22, FAILED org.apache.ratis.protocol.NotLeaderException: Server 31579158-a9e7-4c5e-ab80-b5e9b493ce46 is not the leader (null). Request must be sent to leader., logIndex=0, commits[31579158-a9e7-4c5e-ab80-b5e9b493ce46:c16, 104caf5e-9caf-4bd0-8070-6d8b62874fc4:c16, 3e145723-ff3e-41b8-bf22-3e40bf8680f1:c16]
2019-07-14 01:01:27,521 INFO  impl.FollowerState (FollowerState.java:run(106)) - 31579158-a9e7-4c5e-ab80-b5e9b493ce46:group-03DCB51E0B49 changes to CANDIDATE, lastRpcTime:5140, electionTimeout:5138ms
2019-07-14 01:01:27,524 INFO  impl.RoleInfo (RoleInfo.java:shutdownFollowerState(121)) - 31579158-a9e7-4c5e-ab80-b5e9b493ce46: shutdown FollowerState
2019-07-14 01:01:27,525 INFO  impl.RaftServerImpl (RaftServerImpl.java:setRole(171)) - 31579158-a9e7-4c5e-ab80-b5e9b493ce46:group-03DCB51E0B49 changes role from FOLLOWER to CANDIDATE at term 9 for changeToCandidate
2019-07-14 01:01:27,525 INFO  impl.RoleInfo (RoleInfo.java:updateAndGet(143)) - 31579158-a9e7-4c5e-ab80-b5e9b493ce46: start LeaderElection
2019-07-14 01:01:27,544 INFO  impl.LeaderElection (LeaderElection.java:askForVotes(181)) - 31579158-a9e7-4c5e-ab80-b5e9b493ce46:group-03DCB51E0B49:LeaderElection18: begin an election at term 10 for 0: [31579158-a9e7-4c5e-ab80-b5e9b493ce46:192.168.157.230:33991, 104caf5e-9caf-4bd0-8070-6d8b62874fc4:192.168.157.230:35236, 3e145723-ff3e-41b8-bf22-3e40bf8680f1:192.168.157.230:38770], old=null
2019-07-14 01:01:27,557 INFO  impl.LeaderElection (LogUtils.java:infoOrTrace(149)) - 31579158-a9e7-4c5e-ab80-b5e9b493ce46:group-03DCB51E0B49:LeaderElection18 got exception when requesting votes: {}
java.util.concurrent.ExecutionException: org.apache.ratis.thirdparty.io.grpc.StatusRuntimeException: UNAVAILABLE: io exception
	at java.util.concurrent.FutureTask.report(FutureTask.java:122)
	at java.util.concurrent.FutureTask.get(FutureTask.java:192)
	at org.apache.ratis.server.impl.LeaderElection.waitForResults(LeaderElection.java:262)
	at org.apache.ratis.server.impl.LeaderElection.askForVotes(LeaderElection.java:200)
	at org.apache.ratis.server.impl.LeaderElection.run(LeaderElection.java:130)
	at java.lang.Thread.run(Thread.java:748)
Caused by: org.apache.ratis.thirdparty.io.grpc.StatusRuntimeException: UNAVAILABLE: io exception
	at org.apache.ratis.thirdparty.io.grpc.stub.ClientCalls.toStatusRuntimeException(ClientCalls.java:233)
	at org.apache.ratis.thirdparty.io.grpc.stub.ClientCalls.getUnchecked(ClientCalls.java:214)
	at org.apache.ratis.thirdparty.io.grpc.stub.ClientCalls.blockingUnaryCall(ClientCalls.java:139)
	at org.apache.ratis.proto.grpc.RaftServerProtocolServiceGrpc$RaftServerProtocolServiceBlockingStub.requestVote(RaftServerProtocolServiceGrpc.java:265)
	at org.apache.ratis.grpc.server.GrpcServerProtocolClient.requestVote(GrpcServerProtocolClient.java:83)
	at org.apache.ratis.grpc.server.GrpcService.requestVote(GrpcService.java:195)
	at org.apache.ratis.server.impl.LeaderElection.lambda$submitRequests$1(LeaderElection.java:237)
	at java.util.concurrent.FutureTask.run(FutureTask.java:266)
	at java.util.concurrent.Executors$RunnableAdapter.call(Executors.java:511)
	at java.util.concurrent.FutureTask.run(FutureTask.java:266)
	at java.util.concurrent.ThreadPoolExecutor.runWorker(ThreadPoolExecutor.java:1149)
	at java.util.concurrent.ThreadPoolExecutor$Worker.run(ThreadPoolExecutor.java:624)
	... 1 more
Caused by: org.apache.ratis.thirdparty.io.netty.channel.AbstractChannel$AnnotatedConnectException: Connection refused: /192.168.157.230:35236
	at sun.nio.ch.SocketChannelImpl.checkConnect(Native Method)
	at sun.nio.ch.SocketChannelImpl.finishConnect(SocketChannelImpl.java:717)
	at org.apache.ratis.thirdparty.io.netty.channel.socket.nio.NioSocketChannel.doFinishConnect(NioSocketChannel.java:327)
	at org.apache.ratis.thirdparty.io.netty.channel.nio.AbstractNioChannel$AbstractNioUnsafe.finishConnect(AbstractNioChannel.java:340)
	at org.apache.ratis.thirdparty.io.netty.channel.nio.NioEventLoop.processSelectedKey(NioEventLoop.java:632)
	at org.apache.ratis.thirdparty.io.netty.channel.nio.NioEventLoop.processSelectedKeysOptimized(NioEventLoop.java:579)
	at org.apache.ratis.thirdparty.io.netty.channel.nio.NioEventLoop.processSelectedKeys(NioEventLoop.java:496)
	at org.apache.ratis.thirdparty.io.netty.channel.nio.NioEventLoop.run(NioEventLoop.java:458)
	at org.apache.ratis.thirdparty.io.netty.util.concurrent.SingleThreadEventExecutor$5.run(SingleThreadEventExecutor.java:897)
	at org.apache.ratis.thirdparty.io.netty.util.concurrent.FastThreadLocalRunnable.run(FastThreadLocalRunnable.java:30)
	... 1 more
Caused by: java.net.ConnectException: Connection refused
	... 11 more
2019-07-14 01:01:27,560 INFO  impl.LeaderElection (LogUtils.java:infoOrTrace(149)) - 31579158-a9e7-4c5e-ab80-b5e9b493ce46:group-03DCB51E0B49:LeaderElection18 got exception when requesting votes: {}
java.util.concurrent.ExecutionException: org.apache.ratis.thirdparty.io.grpc.StatusRuntimeException: UNAVAILABLE: io exception
	at java.util.concurrent.FutureTask.report(FutureTask.java:122)
	at java.util.concurrent.FutureTask.get(FutureTask.java:192)
	at org.apache.ratis.server.impl.LeaderElection.waitForResults(LeaderElection.java:262)
	at org.apache.ratis.server.impl.LeaderElection.askForVotes(LeaderElection.java:200)
	at org.apache.ratis.server.impl.LeaderElection.run(LeaderElection.java:130)
	at java.lang.Thread.run(Thread.java:748)
Caused by: org.apache.ratis.thirdparty.io.grpc.StatusRuntimeException: UNAVAILABLE: io exception
	at org.apache.ratis.thirdparty.io.grpc.stub.ClientCalls.toStatusRuntimeException(ClientCalls.java:233)
	at org.apache.ratis.thirdparty.io.grpc.stub.ClientCalls.getUnchecked(ClientCalls.java:214)
	at org.apache.ratis.thirdparty.io.grpc.stub.ClientCalls.blockingUnaryCall(ClientCalls.java:139)
	at org.apache.ratis.proto.grpc.RaftServerProtocolServiceGrpc$RaftServerProtocolServiceBlockingStub.requestVote(RaftServerProtocolServiceGrpc.java:265)
	at org.apache.ratis.grpc.server.GrpcServerProtocolClient.requestVote(GrpcServerProtocolClient.java:83)
	at org.apache.ratis.grpc.server.GrpcService.requestVote(GrpcService.java:195)
	at org.apache.ratis.server.impl.LeaderElection.lambda$submitRequests$1(LeaderElection.java:237)
	at java.util.concurrent.FutureTask.run(FutureTask.java:266)
	at java.util.concurrent.Executors$RunnableAdapter.call(Executors.java:511)
	at java.util.concurrent.FutureTask.run(FutureTask.java:266)
	at java.util.concurrent.ThreadPoolExecutor.runWorker(ThreadPoolExecutor.java:1149)
	at java.util.concurrent.ThreadPoolExecutor$Worker.run(ThreadPoolExecutor.java:624)
	... 1 more
Caused by: org.apache.ratis.thirdparty.io.netty.channel.AbstractChannel$AnnotatedConnectException: Connection refused: /192.168.157.230:38770
	at sun.nio.ch.SocketChannelImpl.checkConnect(Native Method)
	at sun.nio.ch.SocketChannelImpl.finishConnect(SocketChannelImpl.java:717)
	at org.apache.ratis.thirdparty.io.netty.channel.socket.nio.NioSocketChannel.doFinishConnect(NioSocketChannel.java:327)
	at org.apache.ratis.thirdparty.io.netty.channel.nio.AbstractNioChannel$AbstractNioUnsafe.finishConnect(AbstractNioChannel.java:340)
	at org.apache.ratis.thirdparty.io.netty.channel.nio.NioEventLoop.processSelectedKey(NioEventLoop.java:632)
	at org.apache.ratis.thirdparty.io.netty.channel.nio.NioEventLoop.processSelectedKeysOptimized(NioEventLoop.java:579)
	at org.apache.ratis.thirdparty.io.netty.channel.nio.NioEventLoop.processSelectedKeys(NioEventLoop.java:496)
	at org.apache.ratis.thirdparty.io.netty.channel.nio.NioEventLoop.run(NioEventLoop.java:458)
	at org.apache.ratis.thirdparty.io.netty.util.concurrent.SingleThreadEventExecutor$5.run(SingleThreadEventExecutor.java:897)
	at org.apache.ratis.thirdparty.io.netty.util.concurrent.FastThreadLocalRunnable.run(FastThreadLocalRunnable.java:30)
	... 1 more
Caused by: java.net.ConnectException: Connection refused
	... 11 more
2019-07-14 01:01:27,562 INFO  impl.LeaderElection (LeaderElection.java:logAndReturn(56)) - 31579158-a9e7-4c5e-ab80-b5e9b493ce46:group-03DCB51E0B49:LeaderElection18: Election REJECTED; received 0 response(s) [] and 2 exception(s); 31579158-a9e7-4c5e-ab80-b5e9b493ce46:t10, leader=null, voted=31579158-a9e7-4c5e-ab80-b5e9b493ce46, raftlog=31579158-a9e7-4c5e-ab80-b5e9b493ce46-SegmentedRaftLog:OPENED:c16,f16,i16, conf=0: [31579158-a9e7-4c5e-ab80-b5e9b493ce46:192.168.157.230:33991, 104caf5e-9caf-4bd0-8070-6d8b62874fc4:192.168.157.230:35236, 3e145723-ff3e-41b8-bf22-3e40bf8680f1:192.168.157.230:38770], old=null
2019-07-14 01:01:27,562 INFO  impl.LeaderElection (LogUtils.java:infoOrTrace(149)) -   Exception 0: {}
java.util.concurrent.ExecutionException: org.apache.ratis.thirdparty.io.grpc.StatusRuntimeException: UNAVAILABLE: io exception
	at java.util.concurrent.FutureTask.report(FutureTask.java:122)
	at java.util.concurrent.FutureTask.get(FutureTask.java:192)
	at org.apache.ratis.server.impl.LeaderElection.waitForResults(LeaderElection.java:262)
	at org.apache.ratis.server.impl.LeaderElection.askForVotes(LeaderElection.java:200)
	at org.apache.ratis.server.impl.LeaderElection.run(LeaderElection.java:130)
	at java.lang.Thread.run(Thread.java:748)
Caused by: org.apache.ratis.thirdparty.io.grpc.StatusRuntimeException: UNAVAILABLE: io exception
	at org.apache.ratis.thirdparty.io.grpc.stub.ClientCalls.toStatusRuntimeException(ClientCalls.java:233)
	at org.apache.ratis.thirdparty.io.grpc.stub.ClientCalls.getUnchecked(ClientCalls.java:214)
	at org.apache.ratis.thirdparty.io.grpc.stub.ClientCalls.blockingUnaryCall(ClientCalls.java:139)
	at org.apache.ratis.proto.grpc.RaftServerProtocolServiceGrpc$RaftServerProtocolServiceBlockingStub.requestVote(RaftServerProtocolServiceGrpc.java:265)
	at org.apache.ratis.grpc.server.GrpcServerProtocolClient.requestVote(GrpcServerProtocolClient.java:83)
	at org.apache.ratis.grpc.server.GrpcService.requestVote(GrpcService.java:195)
	at org.apache.ratis.server.impl.LeaderElection.lambda$submitRequests$1(LeaderElection.java:237)
	at java.util.concurrent.FutureTask.run(FutureTask.java:266)
	at java.util.concurrent.Executors$RunnableAdapter.call(Executors.java:511)
	at java.util.concurrent.FutureTask.run(FutureTask.java:266)
	at java.util.concurrent.ThreadPoolExecutor.runWorker(ThreadPoolExecutor.java:1149)
	at java.util.concurrent.ThreadPoolExecutor$Worker.run(ThreadPoolExecutor.java:624)
	... 1 more
Caused by: org.apache.ratis.thirdparty.io.netty.channel.AbstractChannel$AnnotatedConnectException: Connection refused: /192.168.157.230:35236
	at sun.nio.ch.SocketChannelImpl.checkConnect(Native Method)
	at sun.nio.ch.SocketChannelImpl.finishConnect(SocketChannelImpl.java:717)
	at org.apache.ratis.thirdparty.io.netty.channel.socket.nio.NioSocketChannel.doFinishConnect(NioSocketChannel.java:327)
	at org.apache.ratis.thirdparty.io.netty.channel.nio.AbstractNioChannel$AbstractNioUnsafe.finishConnect(AbstractNioChannel.java:340)
	at org.apache.ratis.thirdparty.io.netty.channel.nio.NioEventLoop.processSelectedKey(NioEventLoop.java:632)
	at org.apache.ratis.thirdparty.io.netty.channel.nio.NioEventLoop.processSelectedKeysOptimized(NioEventLoop.java:579)
	at org.apache.ratis.thirdparty.io.netty.channel.nio.NioEventLoop.processSelectedKeys(NioEventLoop.java:496)
	at org.apache.ratis.thirdparty.io.netty.channel.nio.NioEventLoop.run(NioEventLoop.java:458)
	at org.apache.ratis.thirdparty.io.netty.util.concurrent.SingleThreadEventExecutor$5.run(SingleThreadEventExecutor.java:897)
	at org.apache.ratis.thirdparty.io.netty.util.concurrent.FastThreadLocalRunnable.run(FastThreadLocalRunnable.java:30)
	... 1 more
Caused by: java.net.ConnectException: Connection refused
	... 11 more
2019-07-14 01:01:27,562 INFO  impl.LeaderElection (LogUtils.java:infoOrTrace(149)) -   Exception 1: {}
java.util.concurrent.ExecutionException: org.apache.ratis.thirdparty.io.grpc.StatusRuntimeException: UNAVAILABLE: io exception
	at java.util.concurrent.FutureTask.report(FutureTask.java:122)
	at java.util.concurrent.FutureTask.get(FutureTask.java:192)
	at org.apache.ratis.server.impl.LeaderElection.waitForResults(LeaderElection.java:262)
	at org.apache.ratis.server.impl.LeaderElection.askForVotes(LeaderElection.java:200)
	at org.apache.ratis.server.impl.LeaderElection.run(LeaderElection.java:130)
	at java.lang.Thread.run(Thread.java:748)
Caused by: org.apache.ratis.thirdparty.io.grpc.StatusRuntimeException: UNAVAILABLE: io exception
	at org.apache.ratis.thirdparty.io.grpc.stub.ClientCalls.toStatusRuntimeException(ClientCalls.java:233)
	at org.apache.ratis.thirdparty.io.grpc.stub.ClientCalls.getUnchecked(ClientCalls.java:214)
	at org.apache.ratis.thirdparty.io.grpc.stub.ClientCalls.blockingUnaryCall(ClientCalls.java:139)
	at org.apache.ratis.proto.grpc.RaftServerProtocolServiceGrpc$RaftServerProtocolServiceBlockingStub.requestVote(RaftServerProtocolServiceGrpc.java:265)
	at org.apache.ratis.grpc.server.GrpcServerProtocolClient.requestVote(GrpcServerProtocolClient.java:83)
	at org.apache.ratis.grpc.server.GrpcService.requestVote(GrpcService.java:195)
	at org.apache.ratis.server.impl.LeaderElection.lambda$submitRequests$1(LeaderElection.java:237)
	at java.util.concurrent.FutureTask.run(FutureTask.java:266)
	at java.util.concurrent.Executors$RunnableAdapter.call(Executors.java:511)
	at java.util.concurrent.FutureTask.run(FutureTask.java:266)
	at java.util.concurrent.ThreadPoolExecutor.runWorker(ThreadPoolExecutor.java:1149)
	at java.util.concurrent.ThreadPoolExecutor$Worker.run(ThreadPoolExecutor.java:624)
	... 1 more
Caused by: org.apache.ratis.thirdparty.io.netty.channel.AbstractChannel$AnnotatedConnectException: Connection refused: /192.168.157.230:38770
	at sun.nio.ch.SocketChannelImpl.checkConnect(Native Method)
	at sun.nio.ch.SocketChannelImpl.finishConnect(SocketChannelImpl.java:717)
	at org.apache.ratis.thirdparty.io.netty.channel.socket.nio.NioSocketChannel.doFinishConnect(NioSocketChannel.java:327)
	at org.apache.ratis.thirdparty.io.netty.channel.nio.AbstractNioChannel$AbstractNioUnsafe.finishConnect(AbstractNioChannel.java:340)
	at org.apache.ratis.thirdparty.io.netty.channel.nio.NioEventLoop.processSelectedKey(NioEventLoop.java:632)
	at org.apache.ratis.thirdparty.io.netty.channel.nio.NioEventLoop.processSelectedKeysOptimized(NioEventLoop.java:579)
	at org.apache.ratis.thirdparty.io.netty.channel.nio.NioEventLoop.processSelectedKeys(NioEventLoop.java:496)
	at org.apache.ratis.thirdparty.io.netty.channel.nio.NioEventLoop.run(NioEventLoop.java:458)
	at org.apache.ratis.thirdparty.io.netty.util.concurrent.SingleThreadEventExecutor$5.run(SingleThreadEventExecutor.java:897)
	at org.apache.ratis.thirdparty.io.netty.util.concurrent.FastThreadLocalRunnable.run(FastThreadLocalRunnable.java:30)
	... 1 more
Caused by: java.net.ConnectException: Connection refused
	... 11 more
2019-07-14 01:01:27,563 INFO  impl.RaftServerImpl (RaftServerImpl.java:setRole(171)) - 31579158-a9e7-4c5e-ab80-b5e9b493ce46:group-03DCB51E0B49 changes role from CANDIDATE to FOLLOWER at term 10 for DISCOVERED_A_NEW_TERM
2019-07-14 01:01:27,563 INFO  impl.RoleInfo (RoleInfo.java:shutdownLeaderElection(134)) - 31579158-a9e7-4c5e-ab80-b5e9b493ce46: shutdown LeaderElection
2019-07-14 01:01:27,565 INFO  impl.RoleInfo (RoleInfo.java:updateAndGet(143)) - 31579158-a9e7-4c5e-ab80-b5e9b493ce46: start FollowerState
2019-07-14 01:01:27,704 INFO  client.GrpcClientProtocolClient (GrpcClientProtocolClient.java:onNext(255)) - client-3F206C568230->31579158-a9e7-4c5e-ab80-b5e9b493ce46: receive RaftClientReply:client-3F206C568230->31579158-a9e7-4c5e-ab80-b5e9b493ce46@group-03DCB51E0B49, cid=22, FAILED org.apache.ratis.protocol.NotLeaderException: Server 31579158-a9e7-4c5e-ab80-b5e9b493ce46 is not the leader (null). Request must be sent to leader., logIndex=0, commits[31579158-a9e7-4c5e-ab80-b5e9b493ce46:c16, 104caf5e-9caf-4bd0-8070-6d8b62874fc4:c16, 3e145723-ff3e-41b8-bf22-3e40bf8680f1:c16]
2019-07-14 01:01:29,727 INFO  client.GrpcClientProtocolClient (GrpcClientProtocolClient.java:onNext(255)) - client-3F206C568230->31579158-a9e7-4c5e-ab80-b5e9b493ce46: receive RaftClientReply:client-3F206C568230->31579158-a9e7-4c5e-ab80-b5e9b493ce46@group-03DCB51E0B49, cid=22, FAILED org.apache.ratis.protocol.NotLeaderException: Server 31579158-a9e7-4c5e-ab80-b5e9b493ce46 is not the leader (null). Request must be sent to leader., logIndex=0, commits[31579158-a9e7-4c5e-ab80-b5e9b493ce46:c16, 104caf5e-9caf-4bd0-8070-6d8b62874fc4:c16, 3e145723-ff3e-41b8-bf22-3e40bf8680f1:c16]
2019-07-14 01:01:32,755 INFO  client.GrpcClientProtocolClient (GrpcClientProtocolClient.java:onNext(255)) - client-3F206C568230->31579158-a9e7-4c5e-ab80-b5e9b493ce46: receive RaftClientReply:client-3F206C568230->31579158-a9e7-4c5e-ab80-b5e9b493ce46@group-03DCB51E0B49, cid=22, FAILED org.apache.ratis.protocol.NotLeaderException: Server 31579158-a9e7-4c5e-ab80-b5e9b493ce46 is not the leader (null). Request must be sent to leader., logIndex=0, commits[31579158-a9e7-4c5e-ab80-b5e9b493ce46:c16, 104caf5e-9caf-4bd0-8070-6d8b62874fc4:c16, 3e145723-ff3e-41b8-bf22-3e40bf8680f1:c16]
2019-07-14 01:01:32,760 INFO  impl.FollowerState (FollowerState.java:run(106)) - 31579158-a9e7-4c5e-ab80-b5e9b493ce46:group-03DCB51E0B49 changes to CANDIDATE, lastRpcTime:5195, electionTimeout:5193ms
2019-07-14 01:01:32,763 INFO  impl.RoleInfo (RoleInfo.java:shutdownFollowerState(121)) - 31579158-a9e7-4c5e-ab80-b5e9b493ce46: shutdown FollowerState
2019-07-14 01:01:32,763 INFO  impl.RaftServerImpl (RaftServerImpl.java:setRole(171)) - 31579158-a9e7-4c5e-ab80-b5e9b493ce46:group-03DCB51E0B49 changes role from FOLLOWER to CANDIDATE at term 10 for changeToCandidate
2019-07-14 01:01:32,763 INFO  impl.RoleInfo (RoleInfo.java:updateAndGet(143)) - 31579158-a9e7-4c5e-ab80-b5e9b493ce46: start LeaderElection
2019-07-14 01:01:32,778 INFO  impl.LeaderElection (LeaderElection.java:askForVotes(181)) - 31579158-a9e7-4c5e-ab80-b5e9b493ce46:group-03DCB51E0B49:LeaderElection19: begin an election at term 11 for 0: [31579158-a9e7-4c5e-ab80-b5e9b493ce46:192.168.157.230:33991, 104caf5e-9caf-4bd0-8070-6d8b62874fc4:192.168.157.230:35236, 3e145723-ff3e-41b8-bf22-3e40bf8680f1:192.168.157.230:38770], old=null
2019-07-14 01:01:32,781 INFO  impl.LeaderElection (LogUtils.java:infoOrTrace(149)) - 31579158-a9e7-4c5e-ab80-b5e9b493ce46:group-03DCB51E0B49:LeaderElection19 got exception when requesting votes: {}
java.util.concurrent.ExecutionException: org.apache.ratis.thirdparty.io.grpc.StatusRuntimeException: UNAVAILABLE: io exception
	at java.util.concurrent.FutureTask.report(FutureTask.java:122)
	at java.util.concurrent.FutureTask.get(FutureTask.java:192)
	at org.apache.ratis.server.impl.LeaderElection.waitForResults(LeaderElection.java:262)
	at org.apache.ratis.server.impl.LeaderElection.askForVotes(LeaderElection.java:200)
	at org.apache.ratis.server.impl.LeaderElection.run(LeaderElection.java:130)
	at java.lang.Thread.run(Thread.java:748)
Caused by: org.apache.ratis.thirdparty.io.grpc.StatusRuntimeException: UNAVAILABLE: io exception
	at org.apache.ratis.thirdparty.io.grpc.stub.ClientCalls.toStatusRuntimeException(ClientCalls.java:233)
	at org.apache.ratis.thirdparty.io.grpc.stub.ClientCalls.getUnchecked(ClientCalls.java:214)
	at org.apache.ratis.thirdparty.io.grpc.stub.ClientCalls.blockingUnaryCall(ClientCalls.java:139)
	at org.apache.ratis.proto.grpc.RaftServerProtocolServiceGrpc$RaftServerProtocolServiceBlockingStub.requestVote(RaftServerProtocolServiceGrpc.java:265)
	at org.apache.ratis.grpc.server.GrpcServerProtocolClient.requestVote(GrpcServerProtocolClient.java:83)
	at org.apache.ratis.grpc.server.GrpcService.requestVote(GrpcService.java:195)
	at org.apache.ratis.server.impl.LeaderElection.lambda$submitRequests$1(LeaderElection.java:237)
	at java.util.concurrent.FutureTask.run(FutureTask.java:266)
	at java.util.concurrent.Executors$RunnableAdapter.call(Executors.java:511)
	at java.util.concurrent.FutureTask.run(FutureTask.java:266)
	at java.util.concurrent.ThreadPoolExecutor.runWorker(ThreadPoolExecutor.java:1149)
	at java.util.concurrent.ThreadPoolExecutor$Worker.run(ThreadPoolExecutor.java:624)
	... 1 more
Caused by: org.apache.ratis.thirdparty.io.netty.channel.AbstractChannel$AnnotatedConnectException: Connection refused: /192.168.157.230:35236
	at sun.nio.ch.SocketChannelImpl.checkConnect(Native Method)
	at sun.nio.ch.SocketChannelImpl.finishConnect(SocketChannelImpl.java:717)
	at org.apache.ratis.thirdparty.io.netty.channel.socket.nio.NioSocketChannel.doFinishConnect(NioSocketChannel.java:327)
	at org.apache.ratis.thirdparty.io.netty.channel.nio.AbstractNioChannel$AbstractNioUnsafe.finishConnect(AbstractNioChannel.java:340)
	at org.apache.ratis.thirdparty.io.netty.channel.nio.NioEventLoop.processSelectedKey(NioEventLoop.java:632)
	at org.apache.ratis.thirdparty.io.netty.channel.nio.NioEventLoop.processSelectedKeysOptimized(NioEventLoop.java:579)
	at org.apache.ratis.thirdparty.io.netty.channel.nio.NioEventLoop.processSelectedKeys(NioEventLoop.java:496)
	at org.apache.ratis.thirdparty.io.netty.channel.nio.NioEventLoop.run(NioEventLoop.java:458)
	at org.apache.ratis.thirdparty.io.netty.util.concurrent.SingleThreadEventExecutor$5.run(SingleThreadEventExecutor.java:897)
	at org.apache.ratis.thirdparty.io.netty.util.concurrent.FastThreadLocalRunnable.run(FastThreadLocalRunnable.java:30)
	... 1 more
Caused by: java.net.ConnectException: Connection refused
	... 11 more
2019-07-14 01:01:32,784 INFO  impl.LeaderElection (LogUtils.java:infoOrTrace(149)) - 31579158-a9e7-4c5e-ab80-b5e9b493ce46:group-03DCB51E0B49:LeaderElection19 got exception when requesting votes: {}
java.util.concurrent.ExecutionException: org.apache.ratis.thirdparty.io.grpc.StatusRuntimeException: UNAVAILABLE: io exception
	at java.util.concurrent.FutureTask.report(FutureTask.java:122)
	at java.util.concurrent.FutureTask.get(FutureTask.java:192)
	at org.apache.ratis.server.impl.LeaderElection.waitForResults(LeaderElection.java:262)
	at org.apache.ratis.server.impl.LeaderElection.askForVotes(LeaderElection.java:200)
	at org.apache.ratis.server.impl.LeaderElection.run(LeaderElection.java:130)
	at java.lang.Thread.run(Thread.java:748)
Caused by: org.apache.ratis.thirdparty.io.grpc.StatusRuntimeException: UNAVAILABLE: io exception
	at org.apache.ratis.thirdparty.io.grpc.stub.ClientCalls.toStatusRuntimeException(ClientCalls.java:233)
	at org.apache.ratis.thirdparty.io.grpc.stub.ClientCalls.getUnchecked(ClientCalls.java:214)
	at org.apache.ratis.thirdparty.io.grpc.stub.ClientCalls.blockingUnaryCall(ClientCalls.java:139)
	at org.apache.ratis.proto.grpc.RaftServerProtocolServiceGrpc$RaftServerProtocolServiceBlockingStub.requestVote(RaftServerProtocolServiceGrpc.java:265)
	at org.apache.ratis.grpc.server.GrpcServerProtocolClient.requestVote(GrpcServerProtocolClient.java:83)
	at org.apache.ratis.grpc.server.GrpcService.requestVote(GrpcService.java:195)
	at org.apache.ratis.server.impl.LeaderElection.lambda$submitRequests$1(LeaderElection.java:237)
	at java.util.concurrent.FutureTask.run(FutureTask.java:266)
	at java.util.concurrent.Executors$RunnableAdapter.call(Executors.java:511)
	at java.util.concurrent.FutureTask.run(FutureTask.java:266)
	at java.util.concurrent.ThreadPoolExecutor.runWorker(ThreadPoolExecutor.java:1149)
	at java.util.concurrent.ThreadPoolExecutor$Worker.run(ThreadPoolExecutor.java:624)
	... 1 more
Caused by: org.apache.ratis.thirdparty.io.netty.channel.AbstractChannel$AnnotatedConnectException: Connection refused: /192.168.157.230:38770
	at sun.nio.ch.SocketChannelImpl.checkConnect(Native Method)
	at sun.nio.ch.SocketChannelImpl.finishConnect(SocketChannelImpl.java:717)
	at org.apache.ratis.thirdparty.io.netty.channel.socket.nio.NioSocketChannel.doFinishConnect(NioSocketChannel.java:327)
	at org.apache.ratis.thirdparty.io.netty.channel.nio.AbstractNioChannel$AbstractNioUnsafe.finishConnect(AbstractNioChannel.java:340)
	at org.apache.ratis.thirdparty.io.netty.channel.nio.NioEventLoop.processSelectedKey(NioEventLoop.java:632)
	at org.apache.ratis.thirdparty.io.netty.channel.nio.NioEventLoop.processSelectedKeysOptimized(NioEventLoop.java:579)
	at org.apache.ratis.thirdparty.io.netty.channel.nio.NioEventLoop.processSelectedKeys(NioEventLoop.java:496)
	at org.apache.ratis.thirdparty.io.netty.channel.nio.NioEventLoop.run(NioEventLoop.java:458)
	at org.apache.ratis.thirdparty.io.netty.util.concurrent.SingleThreadEventExecutor$5.run(SingleThreadEventExecutor.java:897)
	at org.apache.ratis.thirdparty.io.netty.util.concurrent.FastThreadLocalRunnable.run(FastThreadLocalRunnable.java:30)
	... 1 more
Caused by: java.net.ConnectException: Connection refused
	... 11 more
2019-07-14 01:01:32,802 INFO  impl.LeaderElection (LeaderElection.java:logAndReturn(56)) - 31579158-a9e7-4c5e-ab80-b5e9b493ce46:group-03DCB51E0B49:LeaderElection19: Election REJECTED; received 0 response(s) [] and 2 exception(s); 31579158-a9e7-4c5e-ab80-b5e9b493ce46:t11, leader=null, voted=31579158-a9e7-4c5e-ab80-b5e9b493ce46, raftlog=31579158-a9e7-4c5e-ab80-b5e9b493ce46-SegmentedRaftLog:OPENED:c16,f16,i16, conf=0: [31579158-a9e7-4c5e-ab80-b5e9b493ce46:192.168.157.230:33991, 104caf5e-9caf-4bd0-8070-6d8b62874fc4:192.168.157.230:35236, 3e145723-ff3e-41b8-bf22-3e40bf8680f1:192.168.157.230:38770], old=null
2019-07-14 01:01:32,802 INFO  impl.LeaderElection (LogUtils.java:infoOrTrace(149)) -   Exception 0: {}
java.util.concurrent.ExecutionException: org.apache.ratis.thirdparty.io.grpc.StatusRuntimeException: UNAVAILABLE: io exception
	at java.util.concurrent.FutureTask.report(FutureTask.java:122)
	at java.util.concurrent.FutureTask.get(FutureTask.java:192)
	at org.apache.ratis.server.impl.LeaderElection.waitForResults(LeaderElection.java:262)
	at org.apache.ratis.server.impl.LeaderElection.askForVotes(LeaderElection.java:200)
	at org.apache.ratis.server.impl.LeaderElection.run(LeaderElection.java:130)
	at java.lang.Thread.run(Thread.java:748)
Caused by: org.apache.ratis.thirdparty.io.grpc.StatusRuntimeException: UNAVAILABLE: io exception
	at org.apache.ratis.thirdparty.io.grpc.stub.ClientCalls.toStatusRuntimeException(ClientCalls.java:233)
	at org.apache.ratis.thirdparty.io.grpc.stub.ClientCalls.getUnchecked(ClientCalls.java:214)
	at org.apache.ratis.thirdparty.io.grpc.stub.ClientCalls.blockingUnaryCall(ClientCalls.java:139)
	at org.apache.ratis.proto.grpc.RaftServerProtocolServiceGrpc$RaftServerProtocolServiceBlockingStub.requestVote(RaftServerProtocolServiceGrpc.java:265)
	at org.apache.ratis.grpc.server.GrpcServerProtocolClient.requestVote(GrpcServerProtocolClient.java:83)
	at org.apache.ratis.grpc.server.GrpcService.requestVote(GrpcService.java:195)
	at org.apache.ratis.server.impl.LeaderElection.lambda$submitRequests$1(LeaderElection.java:237)
	at java.util.concurrent.FutureTask.run(FutureTask.java:266)
	at java.util.concurrent.Executors$RunnableAdapter.call(Executors.java:511)
	at java.util.concurrent.FutureTask.run(FutureTask.java:266)
	at java.util.concurrent.ThreadPoolExecutor.runWorker(ThreadPoolExecutor.java:1149)
	at java.util.concurrent.ThreadPoolExecutor$Worker.run(ThreadPoolExecutor.java:624)
	... 1 more
Caused by: org.apache.ratis.thirdparty.io.netty.channel.AbstractChannel$AnnotatedConnectException: Connection refused: /192.168.157.230:35236
	at sun.nio.ch.SocketChannelImpl.checkConnect(Native Method)
	at sun.nio.ch.SocketChannelImpl.finishConnect(SocketChannelImpl.java:717)
	at org.apache.ratis.thirdparty.io.netty.channel.socket.nio.NioSocketChannel.doFinishConnect(NioSocketChannel.java:327)
	at org.apache.ratis.thirdparty.io.netty.channel.nio.AbstractNioChannel$AbstractNioUnsafe.finishConnect(AbstractNioChannel.java:340)
	at org.apache.ratis.thirdparty.io.netty.channel.nio.NioEventLoop.processSelectedKey(NioEventLoop.java:632)
	at org.apache.ratis.thirdparty.io.netty.channel.nio.NioEventLoop.processSelectedKeysOptimized(NioEventLoop.java:579)
	at org.apache.ratis.thirdparty.io.netty.channel.nio.NioEventLoop.processSelectedKeys(NioEventLoop.java:496)
	at org.apache.ratis.thirdparty.io.netty.channel.nio.NioEventLoop.run(NioEventLoop.java:458)
	at org.apache.ratis.thirdparty.io.netty.util.concurrent.SingleThreadEventExecutor$5.run(SingleThreadEventExecutor.java:897)
	at org.apache.ratis.thirdparty.io.netty.util.concurrent.FastThreadLocalRunnable.run(FastThreadLocalRunnable.java:30)
	... 1 more
Caused by: java.net.ConnectException: Connection refused
	... 11 more
2019-07-14 01:01:32,804 INFO  impl.LeaderElection (LogUtils.java:infoOrTrace(149)) -   Exception 1: {}
java.util.concurrent.ExecutionException: org.apache.ratis.thirdparty.io.grpc.StatusRuntimeException: UNAVAILABLE: io exception
	at java.util.concurrent.FutureTask.report(FutureTask.java:122)
	at java.util.concurrent.FutureTask.get(FutureTask.java:192)
	at org.apache.ratis.server.impl.LeaderElection.waitForResults(LeaderElection.java:262)
	at org.apache.ratis.server.impl.LeaderElection.askForVotes(LeaderElection.java:200)
	at org.apache.ratis.server.impl.LeaderElection.run(LeaderElection.java:130)
	at java.lang.Thread.run(Thread.java:748)
Caused by: org.apache.ratis.thirdparty.io.grpc.StatusRuntimeException: UNAVAILABLE: io exception
	at org.apache.ratis.thirdparty.io.grpc.stub.ClientCalls.toStatusRuntimeException(ClientCalls.java:233)
	at org.apache.ratis.thirdparty.io.grpc.stub.ClientCalls.getUnchecked(ClientCalls.java:214)
	at org.apache.ratis.thirdparty.io.grpc.stub.ClientCalls.blockingUnaryCall(ClientCalls.java:139)
	at org.apache.ratis.proto.grpc.RaftServerProtocolServiceGrpc$RaftServerProtocolServiceBlockingStub.requestVote(RaftServerProtocolServiceGrpc.java:265)
	at org.apache.ratis.grpc.server.GrpcServerProtocolClient.requestVote(GrpcServerProtocolClient.java:83)
	at org.apache.ratis.grpc.server.GrpcService.requestVote(GrpcService.java:195)
	at org.apache.ratis.server.impl.LeaderElection.lambda$submitRequests$1(LeaderElection.java:237)
	at java.util.concurrent.FutureTask.run(FutureTask.java:266)
	at java.util.concurrent.Executors$RunnableAdapter.call(Executors.java:511)
	at java.util.concurrent.FutureTask.run(FutureTask.java:266)
	at java.util.concurrent.ThreadPoolExecutor.runWorker(ThreadPoolExecutor.java:1149)
	at java.util.concurrent.ThreadPoolExecutor$Worker.run(ThreadPoolExecutor.java:624)
	... 1 more
Caused by: org.apache.ratis.thirdparty.io.netty.channel.AbstractChannel$AnnotatedConnectException: Connection refused: /192.168.157.230:38770
	at sun.nio.ch.SocketChannelImpl.checkConnect(Native Method)
	at sun.nio.ch.SocketChannelImpl.finishConnect(SocketChannelImpl.java:717)
	at org.apache.ratis.thirdparty.io.netty.channel.socket.nio.NioSocketChannel.doFinishConnect(NioSocketChannel.java:327)
	at org.apache.ratis.thirdparty.io.netty.channel.nio.AbstractNioChannel$AbstractNioUnsafe.finishConnect(AbstractNioChannel.java:340)
	at org.apache.ratis.thirdparty.io.netty.channel.nio.NioEventLoop.processSelectedKey(NioEventLoop.java:632)
	at org.apache.ratis.thirdparty.io.netty.channel.nio.NioEventLoop.processSelectedKeysOptimized(NioEventLoop.java:579)
	at org.apache.ratis.thirdparty.io.netty.channel.nio.NioEventLoop.processSelectedKeys(NioEventLoop.java:496)
	at org.apache.ratis.thirdparty.io.netty.channel.nio.NioEventLoop.run(NioEventLoop.java:458)
	at org.apache.ratis.thirdparty.io.netty.util.concurrent.SingleThreadEventExecutor$5.run(SingleThreadEventExecutor.java:897)
	at org.apache.ratis.thirdparty.io.netty.util.concurrent.FastThreadLocalRunnable.run(FastThreadLocalRunnable.java:30)
	... 1 more
Caused by: java.net.ConnectException: Connection refused
	... 11 more
2019-07-14 01:01:32,804 INFO  impl.RaftServerImpl (RaftServerImpl.java:setRole(171)) - 31579158-a9e7-4c5e-ab80-b5e9b493ce46:group-03DCB51E0B49 changes role from CANDIDATE to FOLLOWER at term 11 for DISCOVERED_A_NEW_TERM
2019-07-14 01:01:32,804 INFO  impl.RoleInfo (RoleInfo.java:shutdownLeaderElection(134)) - 31579158-a9e7-4c5e-ab80-b5e9b493ce46: shutdown LeaderElection
2019-07-14 01:01:32,806 INFO  impl.RoleInfo (RoleInfo.java:updateAndGet(143)) - 31579158-a9e7-4c5e-ab80-b5e9b493ce46: start FollowerState
2019-07-14 01:01:35,781 INFO  client.GrpcClientProtocolClient (GrpcClientProtocolClient.java:onNext(255)) - client-3F206C568230->31579158-a9e7-4c5e-ab80-b5e9b493ce46: receive RaftClientReply:client-3F206C568230->31579158-a9e7-4c5e-ab80-b5e9b493ce46@group-03DCB51E0B49, cid=22, FAILED org.apache.ratis.protocol.NotLeaderException: Server 31579158-a9e7-4c5e-ab80-b5e9b493ce46 is not the leader (null). Request must be sent to leader., logIndex=0, commits[31579158-a9e7-4c5e-ab80-b5e9b493ce46:c16, 104caf5e-9caf-4bd0-8070-6d8b62874fc4:c16, 3e145723-ff3e-41b8-bf22-3e40bf8680f1:c16]
2019-07-14 01:01:37,804 INFO  client.GrpcClientProtocolClient (GrpcClientProtocolClient.java:onNext(255)) - client-3F206C568230->31579158-a9e7-4c5e-ab80-b5e9b493ce46: receive RaftClientReply:client-3F206C568230->31579158-a9e7-4c5e-ab80-b5e9b493ce46@group-03DCB51E0B49, cid=22, FAILED org.apache.ratis.protocol.NotLeaderException: Server 31579158-a9e7-4c5e-ab80-b5e9b493ce46 is not the leader (null). Request must be sent to leader., logIndex=0, commits[31579158-a9e7-4c5e-ab80-b5e9b493ce46:c16, 104caf5e-9caf-4bd0-8070-6d8b62874fc4:c16, 3e145723-ff3e-41b8-bf22-3e40bf8680f1:c16]
2019-07-14 01:01:37,982 INFO  impl.FollowerState (FollowerState.java:run(106)) - 31579158-a9e7-4c5e-ab80-b5e9b493ce46:group-03DCB51E0B49 changes to CANDIDATE, lastRpcTime:5175, electionTimeout:5173ms
2019-07-14 01:01:37,984 INFO  impl.RoleInfo (RoleInfo.java:shutdownFollowerState(121)) - 31579158-a9e7-4c5e-ab80-b5e9b493ce46: shutdown FollowerState
2019-07-14 01:01:37,984 INFO  impl.RaftServerImpl (RaftServerImpl.java:setRole(171)) - 31579158-a9e7-4c5e-ab80-b5e9b493ce46:group-03DCB51E0B49 changes role from FOLLOWER to CANDIDATE at term 11 for changeToCandidate
2019-07-14 01:01:37,984 INFO  impl.RoleInfo (RoleInfo.java:updateAndGet(143)) - 31579158-a9e7-4c5e-ab80-b5e9b493ce46: start LeaderElection
2019-07-14 01:01:38,001 INFO  impl.LeaderElection (LeaderElection.java:askForVotes(181)) - 31579158-a9e7-4c5e-ab80-b5e9b493ce46:group-03DCB51E0B49:LeaderElection20: begin an election at term 12 for 0: [31579158-a9e7-4c5e-ab80-b5e9b493ce46:192.168.157.230:33991, 104caf5e-9caf-4bd0-8070-6d8b62874fc4:192.168.157.230:35236, 3e145723-ff3e-41b8-bf22-3e40bf8680f1:192.168.157.230:38770], old=null
2019-07-14 01:01:38,005 INFO  impl.LeaderElection (LogUtils.java:infoOrTrace(149)) - 31579158-a9e7-4c5e-ab80-b5e9b493ce46:group-03DCB51E0B49:LeaderElection20 got exception when requesting votes: {}
java.util.concurrent.ExecutionException: org.apache.ratis.thirdparty.io.grpc.StatusRuntimeException: UNAVAILABLE: io exception
	at java.util.concurrent.FutureTask.report(FutureTask.java:122)
	at java.util.concurrent.FutureTask.get(FutureTask.java:192)
	at org.apache.ratis.server.impl.LeaderElection.waitForResults(LeaderElection.java:262)
	at org.apache.ratis.server.impl.LeaderElection.askForVotes(LeaderElection.java:200)
	at org.apache.ratis.server.impl.LeaderElection.run(LeaderElection.java:130)
	at java.lang.Thread.run(Thread.java:748)
Caused by: org.apache.ratis.thirdparty.io.grpc.StatusRuntimeException: UNAVAILABLE: io exception
	at org.apache.ratis.thirdparty.io.grpc.stub.ClientCalls.toStatusRuntimeException(ClientCalls.java:233)
	at org.apache.ratis.thirdparty.io.grpc.stub.ClientCalls.getUnchecked(ClientCalls.java:214)
	at org.apache.ratis.thirdparty.io.grpc.stub.ClientCalls.blockingUnaryCall(ClientCalls.java:139)
	at org.apache.ratis.proto.grpc.RaftServerProtocolServiceGrpc$RaftServerProtocolServiceBlockingStub.requestVote(RaftServerProtocolServiceGrpc.java:265)
	at org.apache.ratis.grpc.server.GrpcServerProtocolClient.requestVote(GrpcServerProtocolClient.java:83)
	at org.apache.ratis.grpc.server.GrpcService.requestVote(GrpcService.java:195)
	at org.apache.ratis.server.impl.LeaderElection.lambda$submitRequests$1(LeaderElection.java:237)
	at java.util.concurrent.FutureTask.run(FutureTask.java:266)
	at java.util.concurrent.Executors$RunnableAdapter.call(Executors.java:511)
	at java.util.concurrent.FutureTask.run(FutureTask.java:266)
	at java.util.concurrent.ThreadPoolExecutor.runWorker(ThreadPoolExecutor.java:1149)
	at java.util.concurrent.ThreadPoolExecutor$Worker.run(ThreadPoolExecutor.java:624)
	... 1 more
Caused by: org.apache.ratis.thirdparty.io.netty.channel.AbstractChannel$AnnotatedConnectException: Connection refused: /192.168.157.230:35236
	at sun.nio.ch.SocketChannelImpl.checkConnect(Native Method)
	at sun.nio.ch.SocketChannelImpl.finishConnect(SocketChannelImpl.java:717)
	at org.apache.ratis.thirdparty.io.netty.channel.socket.nio.NioSocketChannel.doFinishConnect(NioSocketChannel.java:327)
	at org.apache.ratis.thirdparty.io.netty.channel.nio.AbstractNioChannel$AbstractNioUnsafe.finishConnect(AbstractNioChannel.java:340)
	at org.apache.ratis.thirdparty.io.netty.channel.nio.NioEventLoop.processSelectedKey(NioEventLoop.java:632)
	at org.apache.ratis.thirdparty.io.netty.channel.nio.NioEventLoop.processSelectedKeysOptimized(NioEventLoop.java:579)
	at org.apache.ratis.thirdparty.io.netty.channel.nio.NioEventLoop.processSelectedKeys(NioEventLoop.java:496)
	at org.apache.ratis.thirdparty.io.netty.channel.nio.NioEventLoop.run(NioEventLoop.java:458)
	at org.apache.ratis.thirdparty.io.netty.util.concurrent.SingleThreadEventExecutor$5.run(SingleThreadEventExecutor.java:897)
	at org.apache.ratis.thirdparty.io.netty.util.concurrent.FastThreadLocalRunnable.run(FastThreadLocalRunnable.java:30)
	... 1 more
Caused by: java.net.ConnectException: Connection refused
	... 11 more
2019-07-14 01:01:38,007 INFO  impl.LeaderElection (LogUtils.java:infoOrTrace(149)) - 31579158-a9e7-4c5e-ab80-b5e9b493ce46:group-03DCB51E0B49:LeaderElection20 got exception when requesting votes: {}
java.util.concurrent.ExecutionException: org.apache.ratis.thirdparty.io.grpc.StatusRuntimeException: UNAVAILABLE: io exception
	at java.util.concurrent.FutureTask.report(FutureTask.java:122)
	at java.util.concurrent.FutureTask.get(FutureTask.java:192)
	at org.apache.ratis.server.impl.LeaderElection.waitForResults(LeaderElection.java:262)
	at org.apache.ratis.server.impl.LeaderElection.askForVotes(LeaderElection.java:200)
	at org.apache.ratis.server.impl.LeaderElection.run(LeaderElection.java:130)
	at java.lang.Thread.run(Thread.java:748)
Caused by: org.apache.ratis.thirdparty.io.grpc.StatusRuntimeException: UNAVAILABLE: io exception
	at org.apache.ratis.thirdparty.io.grpc.stub.ClientCalls.toStatusRuntimeException(ClientCalls.java:233)
	at org.apache.ratis.thirdparty.io.grpc.stub.ClientCalls.getUnchecked(ClientCalls.java:214)
	at org.apache.ratis.thirdparty.io.grpc.stub.ClientCalls.blockingUnaryCall(ClientCalls.java:139)
	at org.apache.ratis.proto.grpc.RaftServerProtocolServiceGrpc$RaftServerProtocolServiceBlockingStub.requestVote(RaftServerProtocolServiceGrpc.java:265)
	at org.apache.ratis.grpc.server.GrpcServerProtocolClient.requestVote(GrpcServerProtocolClient.java:83)
	at org.apache.ratis.grpc.server.GrpcService.requestVote(GrpcService.java:195)
	at org.apache.ratis.server.impl.LeaderElection.lambda$submitRequests$1(LeaderElection.java:237)
	at java.util.concurrent.FutureTask.run(FutureTask.java:266)
	at java.util.concurrent.Executors$RunnableAdapter.call(Executors.java:511)
	at java.util.concurrent.FutureTask.run(FutureTask.java:266)
	at java.util.concurrent.ThreadPoolExecutor.runWorker(ThreadPoolExecutor.java:1149)
	at java.util.concurrent.ThreadPoolExecutor$Worker.run(ThreadPoolExecutor.java:624)
	... 1 more
Caused by: org.apache.ratis.thirdparty.io.netty.channel.AbstractChannel$AnnotatedConnectException: Connection refused: /192.168.157.230:38770
	at sun.nio.ch.SocketChannelImpl.checkConnect(Native Method)
	at sun.nio.ch.SocketChannelImpl.finishConnect(SocketChannelImpl.java:717)
	at org.apache.ratis.thirdparty.io.netty.channel.socket.nio.NioSocketChannel.doFinishConnect(NioSocketChannel.java:327)
	at org.apache.ratis.thirdparty.io.netty.channel.nio.AbstractNioChannel$AbstractNioUnsafe.finishConnect(AbstractNioChannel.java:340)
	at org.apache.ratis.thirdparty.io.netty.channel.nio.NioEventLoop.processSelectedKey(NioEventLoop.java:632)
	at org.apache.ratis.thirdparty.io.netty.channel.nio.NioEventLoop.processSelectedKeysOptimized(NioEventLoop.java:579)
	at org.apache.ratis.thirdparty.io.netty.channel.nio.NioEventLoop.processSelectedKeys(NioEventLoop.java:496)
	at org.apache.ratis.thirdparty.io.netty.channel.nio.NioEventLoop.run(NioEventLoop.java:458)
	at org.apache.ratis.thirdparty.io.netty.util.concurrent.SingleThreadEventExecutor$5.run(SingleThreadEventExecutor.java:897)
	at org.apache.ratis.thirdparty.io.netty.util.concurrent.FastThreadLocalRunnable.run(FastThreadLocalRunnable.java:30)
	... 1 more
Caused by: java.net.ConnectException: Connection refused
	... 11 more
2019-07-14 01:01:38,010 INFO  impl.LeaderElection (LeaderElection.java:logAndReturn(56)) - 31579158-a9e7-4c5e-ab80-b5e9b493ce46:group-03DCB51E0B49:LeaderElection20: Election REJECTED; received 0 response(s) [] and 2 exception(s); 31579158-a9e7-4c5e-ab80-b5e9b493ce46:t12, leader=null, voted=31579158-a9e7-4c5e-ab80-b5e9b493ce46, raftlog=31579158-a9e7-4c5e-ab80-b5e9b493ce46-SegmentedRaftLog:OPENED:c16,f16,i16, conf=0: [31579158-a9e7-4c5e-ab80-b5e9b493ce46:192.168.157.230:33991, 104caf5e-9caf-4bd0-8070-6d8b62874fc4:192.168.157.230:35236, 3e145723-ff3e-41b8-bf22-3e40bf8680f1:192.168.157.230:38770], old=null
2019-07-14 01:01:38,010 INFO  impl.LeaderElection (LogUtils.java:infoOrTrace(149)) -   Exception 0: {}
java.util.concurrent.ExecutionException: org.apache.ratis.thirdparty.io.grpc.StatusRuntimeException: UNAVAILABLE: io exception
	at java.util.concurrent.FutureTask.report(FutureTask.java:122)
	at java.util.concurrent.FutureTask.get(FutureTask.java:192)
	at org.apache.ratis.server.impl.LeaderElection.waitForResults(LeaderElection.java:262)
	at org.apache.ratis.server.impl.LeaderElection.askForVotes(LeaderElection.java:200)
	at org.apache.ratis.server.impl.LeaderElection.run(LeaderElection.java:130)
	at java.lang.Thread.run(Thread.java:748)
Caused by: org.apache.ratis.thirdparty.io.grpc.StatusRuntimeException: UNAVAILABLE: io exception
	at org.apache.ratis.thirdparty.io.grpc.stub.ClientCalls.toStatusRuntimeException(ClientCalls.java:233)
	at org.apache.ratis.thirdparty.io.grpc.stub.ClientCalls.getUnchecked(ClientCalls.java:214)
	at org.apache.ratis.thirdparty.io.grpc.stub.ClientCalls.blockingUnaryCall(ClientCalls.java:139)
	at org.apache.ratis.proto.grpc.RaftServerProtocolServiceGrpc$RaftServerProtocolServiceBlockingStub.requestVote(RaftServerProtocolServiceGrpc.java:265)
	at org.apache.ratis.grpc.server.GrpcServerProtocolClient.requestVote(GrpcServerProtocolClient.java:83)
	at org.apache.ratis.grpc.server.GrpcService.requestVote(GrpcService.java:195)
	at org.apache.ratis.server.impl.LeaderElection.lambda$submitRequests$1(LeaderElection.java:237)
	at java.util.concurrent.FutureTask.run(FutureTask.java:266)
	at java.util.concurrent.Executors$RunnableAdapter.call(Executors.java:511)
	at java.util.concurrent.FutureTask.run(FutureTask.java:266)
	at java.util.concurrent.ThreadPoolExecutor.runWorker(ThreadPoolExecutor.java:1149)
	at java.util.concurrent.ThreadPoolExecutor$Worker.run(ThreadPoolExecutor.java:624)
	... 1 more
Caused by: org.apache.ratis.thirdparty.io.netty.channel.AbstractChannel$AnnotatedConnectException: Connection refused: /192.168.157.230:35236
	at sun.nio.ch.SocketChannelImpl.checkConnect(Native Method)
	at sun.nio.ch.SocketChannelImpl.finishConnect(SocketChannelImpl.java:717)
	at org.apache.ratis.thirdparty.io.netty.channel.socket.nio.NioSocketChannel.doFinishConnect(NioSocketChannel.java:327)
	at org.apache.ratis.thirdparty.io.netty.channel.nio.AbstractNioChannel$AbstractNioUnsafe.finishConnect(AbstractNioChannel.java:340)
	at org.apache.ratis.thirdparty.io.netty.channel.nio.NioEventLoop.processSelectedKey(NioEventLoop.java:632)
	at org.apache.ratis.thirdparty.io.netty.channel.nio.NioEventLoop.processSelectedKeysOptimized(NioEventLoop.java:579)
	at org.apache.ratis.thirdparty.io.netty.channel.nio.NioEventLoop.processSelectedKeys(NioEventLoop.java:496)
	at org.apache.ratis.thirdparty.io.netty.channel.nio.NioEventLoop.run(NioEventLoop.java:458)
	at org.apache.ratis.thirdparty.io.netty.util.concurrent.SingleThreadEventExecutor$5.run(SingleThreadEventExecutor.java:897)
	at org.apache.ratis.thirdparty.io.netty.util.concurrent.FastThreadLocalRunnable.run(FastThreadLocalRunnable.java:30)
	... 1 more
Caused by: java.net.ConnectException: Connection refused
	... 11 more
2019-07-14 01:01:38,011 INFO  impl.LeaderElection (LogUtils.java:infoOrTrace(149)) -   Exception 1: {}
java.util.concurrent.ExecutionException: org.apache.ratis.thirdparty.io.grpc.StatusRuntimeException: UNAVAILABLE: io exception
	at java.util.concurrent.FutureTask.report(FutureTask.java:122)
	at java.util.concurrent.FutureTask.get(FutureTask.java:192)
	at org.apache.ratis.server.impl.LeaderElection.waitForResults(LeaderElection.java:262)
	at org.apache.ratis.server.impl.LeaderElection.askForVotes(LeaderElection.java:200)
	at org.apache.ratis.server.impl.LeaderElection.run(LeaderElection.java:130)
	at java.lang.Thread.run(Thread.java:748)
Caused by: org.apache.ratis.thirdparty.io.grpc.StatusRuntimeException: UNAVAILABLE: io exception
	at org.apache.ratis.thirdparty.io.grpc.stub.ClientCalls.toStatusRuntimeException(ClientCalls.java:233)
	at org.apache.ratis.thirdparty.io.grpc.stub.ClientCalls.getUnchecked(ClientCalls.java:214)
	at org.apache.ratis.thirdparty.io.grpc.stub.ClientCalls.blockingUnaryCall(ClientCalls.java:139)
	at org.apache.ratis.proto.grpc.RaftServerProtocolServiceGrpc$RaftServerProtocolServiceBlockingStub.requestVote(RaftServerProtocolServiceGrpc.java:265)
	at org.apache.ratis.grpc.server.GrpcServerProtocolClient.requestVote(GrpcServerProtocolClient.java:83)
	at org.apache.ratis.grpc.server.GrpcService.requestVote(GrpcService.java:195)
	at org.apache.ratis.server.impl.LeaderElection.lambda$submitRequests$1(LeaderElection.java:237)
	at java.util.concurrent.FutureTask.run(FutureTask.java:266)
	at java.util.concurrent.Executors$RunnableAdapter.call(Executors.java:511)
	at java.util.concurrent.FutureTask.run(FutureTask.java:266)
	at java.util.concurrent.ThreadPoolExecutor.runWorker(ThreadPoolExecutor.java:1149)
	at java.util.concurrent.ThreadPoolExecutor$Worker.run(ThreadPoolExecutor.java:624)
	... 1 more
Caused by: org.apache.ratis.thirdparty.io.netty.channel.AbstractChannel$AnnotatedConnectException: Connection refused: /192.168.157.230:38770
	at sun.nio.ch.SocketChannelImpl.checkConnect(Native Method)
	at sun.nio.ch.SocketChannelImpl.finishConnect(SocketChannelImpl.java:717)
	at org.apache.ratis.thirdparty.io.netty.channel.socket.nio.NioSocketChannel.doFinishConnect(NioSocketChannel.java:327)
	at org.apache.ratis.thirdparty.io.netty.channel.nio.AbstractNioChannel$AbstractNioUnsafe.finishConnect(AbstractNioChannel.java:340)
	at org.apache.ratis.thirdparty.io.netty.channel.nio.NioEventLoop.processSelectedKey(NioEventLoop.java:632)
	at org.apache.ratis.thirdparty.io.netty.channel.nio.NioEventLoop.processSelectedKeysOptimized(NioEventLoop.java:579)
	at org.apache.ratis.thirdparty.io.netty.channel.nio.NioEventLoop.processSelectedKeys(NioEventLoop.java:496)
	at org.apache.ratis.thirdparty.io.netty.channel.nio.NioEventLoop.run(NioEventLoop.java:458)
	at org.apache.ratis.thirdparty.io.netty.util.concurrent.SingleThreadEventExecutor$5.run(SingleThreadEventExecutor.java:897)
	at org.apache.ratis.thirdparty.io.netty.util.concurrent.FastThreadLocalRunnable.run(FastThreadLocalRunnable.java:30)
	... 1 more
Caused by: java.net.ConnectException: Connection refused
	... 11 more
2019-07-14 01:01:38,011 INFO  impl.RaftServerImpl (RaftServerImpl.java:setRole(171)) - 31579158-a9e7-4c5e-ab80-b5e9b493ce46:group-03DCB51E0B49 changes role from CANDIDATE to FOLLOWER at term 12 for DISCOVERED_A_NEW_TERM
2019-07-14 01:01:38,013 INFO  impl.RoleInfo (RoleInfo.java:shutdownLeaderElection(134)) - 31579158-a9e7-4c5e-ab80-b5e9b493ce46: shutdown LeaderElection
2019-07-14 01:01:38,014 INFO  impl.RoleInfo (RoleInfo.java:updateAndGet(143)) - 31579158-a9e7-4c5e-ab80-b5e9b493ce46: start FollowerState
2019-07-14 01:01:39,822 INFO  client.GrpcClientProtocolClient (GrpcClientProtocolClient.java:onNext(255)) - client-3F206C568230->31579158-a9e7-4c5e-ab80-b5e9b493ce46: receive RaftClientReply:client-3F206C568230->31579158-a9e7-4c5e-ab80-b5e9b493ce46@group-03DCB51E0B49, cid=22, FAILED org.apache.ratis.protocol.NotLeaderException: Server 31579158-a9e7-4c5e-ab80-b5e9b493ce46 is not the leader (null). Request must be sent to leader., logIndex=0, commits[31579158-a9e7-4c5e-ab80-b5e9b493ce46:c16, 104caf5e-9caf-4bd0-8070-6d8b62874fc4:c16, 3e145723-ff3e-41b8-bf22-3e40bf8680f1:c16]
2019-07-14 01:01:42,481 WARN  pipeline.RatisPipelineUtils (RatisPipelineUtils.java:destroyPipeline(66)) - Pipeline destroy failed for pipeline=PipelineID=6404fec1-7239-42f5-9d0f-fd714de0defc dn=3e145723-ff3e-41b8-bf22-3e40bf8680f1{ip: 192.168.157.230, host: trunk-nightly-sxkq5-3320257302, networkLocation: /default-rack, certSerialId: null}
2019-07-14 01:01:42,482 INFO  pipeline.PipelineStateManager (PipelineStateManager.java:removePipeline(108)) - Pipeline Pipeline[ Id: 6404fec1-7239-42f5-9d0f-fd714de0defc, Nodes: 3e145723-ff3e-41b8-bf22-3e40bf8680f1{ip: 192.168.157.230, host: trunk-nightly-sxkq5-3320257302, networkLocation: /default-rack, certSerialId: null}, Type:RATIS, Factor:ONE, State:CLOSED] removed from db
2019-07-14 01:01:42,487 WARN  pipeline.RatisPipelineUtils (RatisPipelineUtils.java:destroyPipeline(66)) - Pipeline destroy failed for pipeline=PipelineID=0b64ef1e-4f52-4ad8-9545-03dcb51e0b49 dn=3e145723-ff3e-41b8-bf22-3e40bf8680f1{ip: 192.168.157.230, host: trunk-nightly-sxkq5-3320257302, networkLocation: /default-rack, certSerialId: null}
2019-07-14 01:01:42,490 WARN  pipeline.RatisPipelineUtils (RatisPipelineUtils.java:destroyPipeline(66)) - Pipeline destroy failed for pipeline=PipelineID=0b64ef1e-4f52-4ad8-9545-03dcb51e0b49 dn=104caf5e-9caf-4bd0-8070-6d8b62874fc4{ip: 192.168.157.230, host: trunk-nightly-sxkq5-3320257302, networkLocation: /default-rack, certSerialId: null}
2019-07-14 01:01:42,499 INFO  impl.RaftServerProxy (RaftServerProxy.java:remove(95)) - 31579158-a9e7-4c5e-ab80-b5e9b493ce46: remove FOLLOWER group-03DCB51E0B49 31579158-a9e7-4c5e-ab80-b5e9b493ce46:t12, leader=null, voted=31579158-a9e7-4c5e-ab80-b5e9b493ce46, raftlog=31579158-a9e7-4c5e-ab80-b5e9b493ce46-SegmentedRaftLog:OPENED:c16,f16,i16, conf=0: [31579158-a9e7-4c5e-ab80-b5e9b493ce46:192.168.157.230:33991, 104caf5e-9caf-4bd0-8070-6d8b62874fc4:192.168.157.230:35236, 3e145723-ff3e-41b8-bf22-3e40bf8680f1:192.168.157.230:38770], old=null RUNNING
2019-07-14 01:01:42,504 INFO  impl.RaftServerImpl (RaftServerImpl.java:lambda$shutdown$3(245)) - 31579158-a9e7-4c5e-ab80-b5e9b493ce46: shutdown group-03DCB51E0B49
2019-07-14 01:01:42,504 INFO  util.JmxRegister (JmxRegister.java:unregister(73)) - Successfully un-registered JMX Bean with object name Ratis:service=RaftServer,group=group-03DCB51E0B49,id=31579158-a9e7-4c5e-ab80-b5e9b493ce46
2019-07-14 01:01:42,504 INFO  impl.RoleInfo (RoleInfo.java:shutdownFollowerState(121)) - 31579158-a9e7-4c5e-ab80-b5e9b493ce46: shutdown FollowerState
2019-07-14 01:01:42,505 INFO  impl.StateMachineUpdater (StateMachineUpdater.java:stopAndJoin(115)) - StateMachineUpdater:31579158-a9e7-4c5e-ab80-b5e9b493ce46:group-03DCB51E0B49: set stopIndex = 16
2019-07-14 01:01:42,505 INFO  impl.FollowerState (FollowerState.java:run(114)) - 31579158-a9e7-4c5e-ab80-b5e9b493ce46: FollowerState was interrupted: java.lang.InterruptedException: sleep interrupted
2019-07-14 01:01:42,505 INFO  ratis.ContainerStateMachine (ContainerStateMachine.java:takeSnapshot(246)) - Taking snapshot at termIndex:(t:1, i:14)
2019-07-14 01:01:42,509 INFO  ratis.ContainerStateMachine (ContainerStateMachine.java:takeSnapshot(250)) - Taking a snapshot to file /tmp/workdir/hadoop-ozone/integration-test/target/test-dir/MiniOzoneClusterImpl-59f4ffd4-c69e-43d5-9b99-59d04e6f6f19/datanode-3/data/ratis/0b64ef1e-4f52-4ad8-9545-03dcb51e0b49/sm/snapshot.1_14
2019-07-14 01:01:42,510 INFO  impl.StateMachineUpdater (StateMachineUpdater.java:takeSnapshot(242)) - StateMachineUpdater:31579158-a9e7-4c5e-ab80-b5e9b493ce46:group-03DCB51E0B49: Took a snapshot at index 14
2019-07-14 01:01:42,510 INFO  impl.StateMachineUpdater (StateMachineUpdater.java:lambda$new$0(80)) - StateMachineUpdater:31579158-a9e7-4c5e-ab80-b5e9b493ce46:group-03DCB51E0B49: snapshotIndex: updateIncreasingly -1 -> 14
2019-07-14 01:01:42,511 INFO  impl.RaftServerImpl (ServerState.java:close(394)) - 31579158-a9e7-4c5e-ab80-b5e9b493ce46:group-03DCB51E0B49 closes. The last applied log index is 16
2019-07-14 01:01:42,511 INFO  segmented.SegmentedRaftLogWorker (SegmentedRaftLogWorker.java:run(313)) - 31579158-a9e7-4c5e-ab80-b5e9b493ce46-SegmentedRaftLogWorker:Storage Directory /tmp/workdir/hadoop-ozone/integration-test/target/test-dir/MiniOzoneClusterImpl-59f4ffd4-c69e-43d5-9b99-59d04e6f6f19/datanode-3/data/ratis/0b64ef1e-4f52-4ad8-9545-03dcb51e0b49 was interrupted, exiting. There are 0 tasks remaining in the queue.
2019-07-14 01:01:42,514 INFO  segmented.SegmentedRaftLogWorker (SegmentedRaftLogWorker.java:close(228)) - 31579158-a9e7-4c5e-ab80-b5e9b493ce46-SegmentedRaftLogWorker:Storage Directory /tmp/workdir/hadoop-ozone/integration-test/target/test-dir/MiniOzoneClusterImpl-59f4ffd4-c69e-43d5-9b99-59d04e6f6f19/datanode-3/data/ratis/0b64ef1e-4f52-4ad8-9545-03dcb51e0b49 close()
2019-07-14 01:01:42,540 INFO  pipeline.PipelineStateManager (PipelineStateManager.java:removePipeline(108)) - Pipeline Pipeline[ Id: 0b64ef1e-4f52-4ad8-9545-03dcb51e0b49, Nodes: 3e145723-ff3e-41b8-bf22-3e40bf8680f1{ip: 192.168.157.230, host: trunk-nightly-sxkq5-3320257302, networkLocation: /default-rack, certSerialId: null}104caf5e-9caf-4bd0-8070-6d8b62874fc4{ip: 192.168.157.230, host: trunk-nightly-sxkq5-3320257302, networkLocation: /default-rack, certSerialId: null}31579158-a9e7-4c5e-ab80-b5e9b493ce46{ip: 192.168.157.230, host: trunk-nightly-sxkq5-3320257302, networkLocation: /default-rack, certSerialId: null}, Type:RATIS, Factor:THREE, State:CLOSED] removed from db
2019-07-14 01:01:43,932 WARN  io.KeyOutputStream (KeyOutputStream.java:handleException(276)) - Encountered exception java.io.IOException: Unexpected Storage Container Exception: java.util.concurrent.CompletionException: java.util.concurrent.CompletionException: org.apache.ratis.protocol.GroupMismatchException: 31579158-a9e7-4c5e-ab80-b5e9b493ce46: group-03DCB51E0B49 not found. on the pipeline Pipeline[ Id: 0b64ef1e-4f52-4ad8-9545-03dcb51e0b49, Nodes: 3e145723-ff3e-41b8-bf22-3e40bf8680f1{ip: 192.168.157.230, host: trunk-nightly-sxkq5-3320257302, networkLocation: /default-rack, certSerialId: null}104caf5e-9caf-4bd0-8070-6d8b62874fc4{ip: 192.168.157.230, host: trunk-nightly-sxkq5-3320257302, networkLocation: /default-rack, certSerialId: null}31579158-a9e7-4c5e-ab80-b5e9b493ce46{ip: 192.168.157.230, host: trunk-nightly-sxkq5-3320257302, networkLocation: /default-rack, certSerialId: null}, Type:RATIS, Factor:THREE, State:OPEN]. The last committed block length is 450, uncommitted data length is 350 retry count 0
2019-07-14 01:01:43,984 INFO  client.GrpcClientProtocolClient (GrpcClientProtocolClient.java:onNext(255)) - client-43C7F7713D35->43106e18-f800-4739-9e92-86e3ea2db31d: receive RaftClientReply:client-43C7F7713D35->43106e18-f800-4739-9e92-86e3ea2db31d@group-52FC3FABB2D3, cid=32, FAILED org.apache.ratis.protocol.NotLeaderException: Server 43106e18-f800-4739-9e92-86e3ea2db31d is not the leader (cd5bc3ce-e3c6-46eb-9d59-d6d2ed0e9ffd:192.168.157.230:37487). Request must be sent to leader., logIndex=0, commits[43106e18-f800-4739-9e92-86e3ea2db31d:c0, 0418bd44-dbfd-4b9b-b879-c018f273057c:c0, cd5bc3ce-e3c6-46eb-9d59-d6d2ed0e9ffd:c0]
2019-07-14 01:01:44,153 INFO  client.GrpcClientProtocolClient (GrpcClientProtocolClient.java:onNext(255)) - client-43C7F7713D35->cd5bc3ce-e3c6-46eb-9d59-d6d2ed0e9ffd: receive RaftClientReply:client-43C7F7713D35->cd5bc3ce-e3c6-46eb-9d59-d6d2ed0e9ffd@group-52FC3FABB2D3, cid=32, SUCCESS, logIndex=1, commits[cd5bc3ce-e3c6-46eb-9d59-d6d2ed0e9ffd:c1, 43106e18-f800-4739-9e92-86e3ea2db31d:c0, 0418bd44-dbfd-4b9b-b879-c018f273057c:c0]
2019-07-14 01:01:44,181 INFO  client.GrpcClientProtocolClient (GrpcClientProtocolClient.java:onNext(255)) - client-43C7F7713D35->cd5bc3ce-e3c6-46eb-9d59-d6d2ed0e9ffd: receive RaftClientReply:client-43C7F7713D35->cd5bc3ce-e3c6-46eb-9d59-d6d2ed0e9ffd@group-52FC3FABB2D3, cid=33, SUCCESS, logIndex=3, commits[cd5bc3ce-e3c6-46eb-9d59-d6d2ed0e9ffd:c4, 43106e18-f800-4739-9e92-86e3ea2db31d:c2, 0418bd44-dbfd-4b9b-b879-c018f273057c:c2]
2019-07-14 01:01:44,225 INFO  client.GrpcClientProtocolClient (GrpcClientProtocolClient.java:onNext(255)) - client-43C7F7713D35->cd5bc3ce-e3c6-46eb-9d59-d6d2ed0e9ffd: receive RaftClientReply:client-43C7F7713D35->cd5bc3ce-e3c6-46eb-9d59-d6d2ed0e9ffd@group-52FC3FABB2D3, cid=34, SUCCESS, logIndex=4, commits[cd5bc3ce-e3c6-46eb-9d59-d6d2ed0e9ffd:c12, 43106e18-f800-4739-9e92-86e3ea2db31d:c7, 0418bd44-dbfd-4b9b-b879-c018f273057c:c7]
2019-07-14 01:01:44,226 INFO  client.GrpcClientProtocolClient (GrpcClientProtocolClient.java:onNext(255)) - client-43C7F7713D35->cd5bc3ce-e3c6-46eb-9d59-d6d2ed0e9ffd: receive RaftClientReply:client-43C7F7713D35->cd5bc3ce-e3c6-46eb-9d59-d6d2ed0e9ffd@group-52FC3FABB2D3, cid=35, SUCCESS, logIndex=5, commits[cd5bc3ce-e3c6-46eb-9d59-d6d2ed0e9ffd:c12, 43106e18-f800-4739-9e92-86e3ea2db31d:c7, 0418bd44-dbfd-4b9b-b879-c018f273057c:c7]
2019-07-14 01:01:44,227 INFO  client.GrpcClientProtocolClient (GrpcClientProtocolClient.java:onNext(255)) - client-43C7F7713D35->cd5bc3ce-e3c6-46eb-9d59-d6d2ed0e9ffd: receive RaftClientReply:client-43C7F7713D35->cd5bc3ce-e3c6-46eb-9d59-d6d2ed0e9ffd@group-52FC3FABB2D3, cid=36, SUCCESS, logIndex=6, commits[cd5bc3ce-e3c6-46eb-9d59-d6d2ed0e9ffd:c12, 43106e18-f800-4739-9e92-86e3ea2db31d:c7, 0418bd44-dbfd-4b9b-b879-c018f273057c:c7]
2019-07-14 01:01:44,322 INFO  client.GrpcClientProtocolClient (GrpcClientProtocolClient.java:onNext(255)) - client-43C7F7713D35->cd5bc3ce-e3c6-46eb-9d59-d6d2ed0e9ffd: receive RaftClientReply:client-43C7F7713D35->cd5bc3ce-e3c6-46eb-9d59-d6d2ed0e9ffd@group-52FC3FABB2D3, cid=37, SUCCESS, logIndex=7, commits[cd5bc3ce-e3c6-46eb-9d59-d6d2ed0e9ffd:c12, 43106e18-f800-4739-9e92-86e3ea2db31d:c7, 0418bd44-dbfd-4b9b-b879-c018f273057c:c7]
2019-07-14 01:01:44,342 INFO  client.GrpcClientProtocolClient (GrpcClientProtocolClient.java:onNext(255)) - client-43C7F7713D35->cd5bc3ce-e3c6-46eb-9d59-d6d2ed0e9ffd: receive RaftClientReply:client-43C7F7713D35->cd5bc3ce-e3c6-46eb-9d59-d6d2ed0e9ffd@group-52FC3FABB2D3, cid=38, SUCCESS, logIndex=13, commits[cd5bc3ce-e3c6-46eb-9d59-d6d2ed0e9ffd:c14, 43106e18-f800-4739-9e92-86e3ea2db31d:c12, 0418bd44-dbfd-4b9b-b879-c018f273057c:c12]
2019-07-14 01:01:44,343 INFO  client.GrpcClientProtocolClient (GrpcClientProtocolClient.java:onNext(255)) - client-43C7F7713D35->cd5bc3ce-e3c6-46eb-9d59-d6d2ed0e9ffd: receive RaftClientReply:client-43C7F7713D35->cd5bc3ce-e3c6-46eb-9d59-d6d2ed0e9ffd@group-52FC3FABB2D3, cid=39, SUCCESS, logIndex=14, commits[cd5bc3ce-e3c6-46eb-9d59-d6d2ed0e9ffd:c14, 43106e18-f800-4739-9e92-86e3ea2db31d:c12, 0418bd44-dbfd-4b9b-b879-c018f273057c:c12]
2019-07-14 01:01:44,361 INFO  client.GrpcClientProtocolClient (GrpcClientProtocolClient.java:onNext(255)) - client-43C7F7713D35->cd5bc3ce-e3c6-46eb-9d59-d6d2ed0e9ffd: receive RaftClientReply:client-43C7F7713D35->cd5bc3ce-e3c6-46eb-9d59-d6d2ed0e9ffd@group-52FC3FABB2D3, cid=40, SUCCESS, logIndex=0, commits[cd5bc3ce-e3c6-46eb-9d59-d6d2ed0e9ffd:c15, 43106e18-f800-4739-9e92-86e3ea2db31d:c14, 0418bd44-dbfd-4b9b-b879-c018f273057c:c14]
2019-07-14 01:01:44,422 INFO  pipeline.Pipeline (Pipeline.java:getProtobufMessage(195)) - Serialize pipeline PipelineID=fda95dbc-02ea-40ec-9f11-52fc3fabb2d3 with nodesInOrder{ }
2019-07-14 01:01:44,428 INFO  ozone.MiniOzoneClusterImpl (MiniOzoneClusterImpl.java:shutdown(321)) - Shutting down the Mini Ozone Cluster
2019-07-14 01:01:44,429 INFO  ozone.MiniOzoneClusterImpl (MiniOzoneClusterImpl.java:stop(336)) - Stopping the Mini Ozone Cluster
2019-07-14 01:01:44,429 INFO  ozone.MiniOzoneClusterImpl (MiniOzoneClusterImpl.java:stop(338)) - Stopping the OzoneManager
2019-07-14 01:01:44,429 INFO  ipc.Server (Server.java:stop(3082)) - Stopping server on 33823
2019-07-14 01:01:44,430 INFO  ipc.Server (Server.java:run(1185)) - Stopping IPC Server listener on 33823
2019-07-14 01:01:44,430 INFO  utils.BackgroundService (BackgroundService.java:shutdown(148)) - Shutting down service KeyDeletingService
2019-07-14 01:01:44,431 INFO  ipc.Server (Server.java:run(1319)) - Stopping IPC Server Responder
2019-07-14 01:01:44,434 INFO  handler.ContextHandler (ContextHandler.java:doStop(910)) - Stopped o.e.j.w.WebAppContext@1b9c1b51{/,null,UNAVAILABLE}{/ozoneManager}
2019-07-14 01:01:44,435 INFO  server.AbstractConnector (AbstractConnector.java:doStop(318)) - Stopped ServerConnector@2e52fb3e{HTTP/1.1,[http/1.1]}{0.0.0.0:0}
2019-07-14 01:01:44,435 INFO  handler.ContextHandler (ContextHandler.java:doStop(910)) - Stopped o.e.j.s.ServletContextHandler@35c09b94{/static,file:///tmp/workdir/hadoop-ozone/integration-test/target/test-classes/webapps/static,UNAVAILABLE}
2019-07-14 01:01:44,436 INFO  handler.ContextHandler (ContextHandler.java:doStop(910)) - Stopped o.e.j.s.ServletContextHandler@6ac97b84{/logs,file:///tmp/workdir/hadoop-ozone/integration-test/target/log,UNAVAILABLE}
2019-07-14 01:01:44,452 INFO  ozone.MiniOzoneClusterImpl (MiniOzoneClusterImpl.java:stop(344)) - Shutting the HddsDatanodes
2019-07-14 01:01:44,452 INFO  datanode.ObjectStoreHandler (ObjectStoreHandler.java:close(155)) - Closing ObjectStoreHandler.
2019-07-14 01:01:44,453 INFO  datanode.ObjectStoreHandler (ObjectStoreHandler.java:close(155)) - Closing ObjectStoreHandler.
2019-07-14 01:01:44,455 INFO  ozone.HddsDatanodeService (HddsDatanodeService.java:stop(452)) - Stopped plug-in org.apache.hadoop.ozone.web.OzoneHddsDatanodeService@15d236fd
2019-07-14 01:01:44,455 INFO  ozone.HddsDatanodeService (HddsDatanodeService.java:stop(452)) - Stopped plug-in org.apache.hadoop.ozone.web.OzoneHddsDatanodeService@5729b410
2019-07-14 01:01:45,130 INFO  statemachine.DatanodeStateMachine (DatanodeStateMachine.java:lambda$startDaemon$0(350)) - Ozone container server started.
2019-07-14 01:01:45,135 INFO  statemachine.DatanodeStateMachine (DatanodeStateMachine.java:lambda$startDaemon$0(350)) - Ozone container server started.
2019-07-14 01:01:47,479 WARN  pipeline.RatisPipelineUtils (RatisPipelineUtils.java:destroyPipeline(66)) - Pipeline destroy failed for pipeline=PipelineID=5215b862-57bf-467a-b270-65a4e0879949 dn=104caf5e-9caf-4bd0-8070-6d8b62874fc4{ip: 192.168.157.230, host: trunk-nightly-sxkq5-3320257302, networkLocation: /default-rack, certSerialId: null}
2019-07-14 01:01:47,480 INFO  pipeline.PipelineStateManager (PipelineStateManager.java:removePipeline(108)) - Pipeline Pipeline[ Id: 5215b862-57bf-467a-b270-65a4e0879949, Nodes: 104caf5e-9caf-4bd0-8070-6d8b62874fc4{ip: 192.168.157.230, host: trunk-nightly-sxkq5-3320257302, networkLocation: /default-rack, certSerialId: null}, Type:RATIS, Factor:ONE, State:CLOSED] removed from db
2019-07-14 01:01:47,483 WARN  pipeline.RatisPipelineUtils (RatisPipelineUtils.java:destroyPipeline(66)) - Pipeline destroy failed for pipeline=PipelineID=0b64ef1e-4f52-4ad8-9545-03dcb51e0b49 dn=3e145723-ff3e-41b8-bf22-3e40bf8680f1{ip: 192.168.157.230, host: trunk-nightly-sxkq5-3320257302, networkLocation: /default-rack, certSerialId: null}
2019-07-14 01:01:47,486 WARN  pipeline.RatisPipelineUtils (RatisPipelineUtils.java:destroyPipeline(66)) - Pipeline destroy failed for pipeline=PipelineID=0b64ef1e-4f52-4ad8-9545-03dcb51e0b49 dn=104caf5e-9caf-4bd0-8070-6d8b62874fc4{ip: 192.168.157.230, host: trunk-nightly-sxkq5-3320257302, networkLocation: /default-rack, certSerialId: null}
2019-07-14 01:01:47,494 INFO  impl.RaftServerProxy (RaftServerProxy.java:remove(95)) - 31579158-a9e7-4c5e-ab80-b5e9b493ce46: remove group-03DCB51E0B49:null
2019-07-14 01:01:47,506 WARN  pipeline.RatisPipelineUtils (RatisPipelineUtils.java:destroyPipeline(66)) - Pipeline destroy failed for pipeline=PipelineID=0b64ef1e-4f52-4ad8-9545-03dcb51e0b49 dn=31579158-a9e7-4c5e-ab80-b5e9b493ce46{ip: 192.168.157.230, host: trunk-nightly-sxkq5-3320257302, networkLocation: /default-rack, certSerialId: null}
2019-07-14 01:01:47,507 ERROR pipeline.SCMPipelineManager (Scheduler.java:lambda$schedule$1(70)) - Destroy pipeline failed for pipeline:Pipeline[ Id: 0b64ef1e-4f52-4ad8-9545-03dcb51e0b49, Nodes: 3e145723-ff3e-41b8-bf22-3e40bf8680f1{ip: 192.168.157.230, host: trunk-nightly-sxkq5-3320257302, networkLocation: /default-rack, certSerialId: null}104caf5e-9caf-4bd0-8070-6d8b62874fc4{ip: 192.168.157.230, host: trunk-nightly-sxkq5-3320257302, networkLocation: /default-rack, certSerialId: null}31579158-a9e7-4c5e-ab80-b5e9b493ce46{ip: 192.168.157.230, host: trunk-nightly-sxkq5-3320257302, networkLocation: /default-rack, certSerialId: null}, Type:RATIS, Factor:THREE, State:CLOSED]
org.apache.hadoop.hdds.scm.pipeline.PipelineNotFoundException: PipelineID=0b64ef1e-4f52-4ad8-9545-03dcb51e0b49 not found
	at org.apache.hadoop.hdds.scm.pipeline.PipelineStateMap.getPipeline(PipelineStateMap.java:132)
	at org.apache.hadoop.hdds.scm.pipeline.PipelineStateMap.removePipeline(PipelineStateMap.java:322)
	at org.apache.hadoop.hdds.scm.pipeline.PipelineStateManager.removePipeline(PipelineStateManager.java:107)
	at org.apache.hadoop.hdds.scm.pipeline.SCMPipelineManager.removePipeline(SCMPipelineManager.java:397)
	at org.apache.hadoop.hdds.scm.pipeline.SCMPipelineManager.destroyPipeline(SCMPipelineManager.java:383)
	at org.apache.hadoop.hdds.scm.pipeline.SCMPipelineManager.lambda$finalizeAndDestroyPipeline$0(SCMPipelineManager.java:316)
	at org.apache.hadoop.utils.Scheduler.lambda$schedule$1(Scheduler.java:68)
	at java.util.concurrent.Executors$RunnableAdapter.call(Executors.java:511)
	at java.util.concurrent.FutureTask.run(FutureTask.java:266)
	at java.util.concurrent.ScheduledThreadPoolExecutor$ScheduledFutureTask.access$201(ScheduledThreadPoolExecutor.java:180)
	at java.util.concurrent.ScheduledThreadPoolExecutor$ScheduledFutureTask.run(ScheduledThreadPoolExecutor.java:293)
	at java.util.concurrent.ThreadPoolExecutor.runWorker(ThreadPoolExecutor.java:1149)
	at java.util.concurrent.ThreadPoolExecutor$Worker.run(ThreadPoolExecutor.java:624)
	at java.lang.Thread.run(Thread.java:748)
2019-07-14 01:01:49,203 INFO  node.StaleNodeHandler (StaleNodeHandler.java:onMessage(58)) - Datanode 43106e18-f800-4739-9e92-86e3ea2db31d{ip: 192.168.157.230, host: trunk-nightly-sxkq5-3320257302, networkLocation: /default-rack, certSerialId: null} moved to stale state. Finalizing its pipelines [PipelineID=fda95dbc-02ea-40ec-9f11-52fc3fabb2d3, PipelineID=dc0032e0-1547-4452-8f1b-62768c1bf978]
2019-07-14 01:01:49,203 INFO  pipeline.SCMPipelineManager (SCMPipelineManager.java:finalizeAndDestroyPipeline(309)) - destroying pipeline:Pipeline[ Id: fda95dbc-02ea-40ec-9f11-52fc3fabb2d3, Nodes: 43106e18-f800-4739-9e92-86e3ea2db31d{ip: 192.168.157.230, host: trunk-nightly-sxkq5-3320257302, networkLocation: /default-rack, certSerialId: null}cd5bc3ce-e3c6-46eb-9d59-d6d2ed0e9ffd{ip: 192.168.157.230, host: trunk-nightly-sxkq5-3320257302, networkLocation: /default-rack, certSerialId: null}0418bd44-dbfd-4b9b-b879-c018f273057c{ip: 192.168.157.230, host: trunk-nightly-sxkq5-3320257302, networkLocation: /default-rack, certSerialId: null}, Type:RATIS, Factor:THREE, State:OPEN]
2019-07-14 01:01:49,203 INFO  pipeline.PipelineStateManager (PipelineStateManager.java:finalizePipeline(123)) - Pipeline Pipeline[ Id: fda95dbc-02ea-40ec-9f11-52fc3fabb2d3, Nodes: 43106e18-f800-4739-9e92-86e3ea2db31d{ip: 192.168.157.230, host: trunk-nightly-sxkq5-3320257302, networkLocation: /default-rack, certSerialId: null}cd5bc3ce-e3c6-46eb-9d59-d6d2ed0e9ffd{ip: 192.168.157.230, host: trunk-nightly-sxkq5-3320257302, networkLocation: /default-rack, certSerialId: null}0418bd44-dbfd-4b9b-b879-c018f273057c{ip: 192.168.157.230, host: trunk-nightly-sxkq5-3320257302, networkLocation: /default-rack, certSerialId: null}, Type:RATIS, Factor:THREE, State:CLOSED] moved to CLOSED state
2019-07-14 01:01:49,204 INFO  container.CloseContainerEventHandler (CloseContainerEventHandler.java:onMessage(61)) - Close container Event triggered for container : #2
2019-07-14 01:01:49,204 INFO  pipeline.SCMPipelineManager (SCMPipelineManager.java:finalizeAndDestroyPipeline(309)) - destroying pipeline:Pipeline[ Id: dc0032e0-1547-4452-8f1b-62768c1bf978, Nodes: 43106e18-f800-4739-9e92-86e3ea2db31d{ip: 192.168.157.230, host: trunk-nightly-sxkq5-3320257302, networkLocation: /default-rack, certSerialId: null}, Type:RATIS, Factor:ONE, State:OPEN]
2019-07-14 01:01:49,209 INFO  pipeline.PipelineStateManager (PipelineStateManager.java:finalizePipeline(123)) - Pipeline Pipeline[ Id: dc0032e0-1547-4452-8f1b-62768c1bf978, Nodes: 43106e18-f800-4739-9e92-86e3ea2db31d{ip: 192.168.157.230, host: trunk-nightly-sxkq5-3320257302, networkLocation: /default-rack, certSerialId: null}, Type:RATIS, Factor:ONE, State:CLOSED] moved to CLOSED state
2019-07-14 01:01:49,210 INFO  node.StaleNodeHandler (StaleNodeHandler.java:onMessage(58)) - Datanode cd5bc3ce-e3c6-46eb-9d59-d6d2ed0e9ffd{ip: 192.168.157.230, host: trunk-nightly-sxkq5-3320257302, networkLocation: /default-rack, certSerialId: null} moved to stale state. Finalizing its pipelines [PipelineID=fda95dbc-02ea-40ec-9f11-52fc3fabb2d3, PipelineID=e7263f37-4c5e-4efa-8fab-a8edbe8456de]
2019-07-14 01:01:49,210 INFO  pipeline.SCMPipelineManager (SCMPipelineManager.java:finalizeAndDestroyPipeline(309)) - destroying pipeline:Pipeline[ Id: fda95dbc-02ea-40ec-9f11-52fc3fabb2d3, Nodes: 43106e18-f800-4739-9e92-86e3ea2db31d{ip: 192.168.157.230, host: trunk-nightly-sxkq5-3320257302, networkLocation: /default-rack, certSerialId: null}cd5bc3ce-e3c6-46eb-9d59-d6d2ed0e9ffd{ip: 192.168.157.230, host: trunk-nightly-sxkq5-3320257302, networkLocation: /default-rack, certSerialId: null}0418bd44-dbfd-4b9b-b879-c018f273057c{ip: 192.168.157.230, host: trunk-nightly-sxkq5-3320257302, networkLocation: /default-rack, certSerialId: null}, Type:RATIS, Factor:THREE, State:CLOSED]
2019-07-14 01:01:49,210 INFO  pipeline.SCMPipelineManager (SCMPipelineManager.java:finalizeAndDestroyPipeline(309)) - destroying pipeline:Pipeline[ Id: e7263f37-4c5e-4efa-8fab-a8edbe8456de, Nodes: cd5bc3ce-e3c6-46eb-9d59-d6d2ed0e9ffd{ip: 192.168.157.230, host: trunk-nightly-sxkq5-3320257302, networkLocation: /default-rack, certSerialId: null}, Type:RATIS, Factor:ONE, State:OPEN]
2019-07-14 01:01:49,210 INFO  pipeline.PipelineStateManager (PipelineStateManager.java:finalizePipeline(123)) - Pipeline Pipeline[ Id: e7263f37-4c5e-4efa-8fab-a8edbe8456de, Nodes: cd5bc3ce-e3c6-46eb-9d59-d6d2ed0e9ffd{ip: 192.168.157.230, host: trunk-nightly-sxkq5-3320257302, networkLocation: /default-rack, certSerialId: null}, Type:RATIS, Factor:ONE, State:CLOSED] moved to CLOSED state
2019-07-14 01:01:49,456 INFO  ozoneimpl.OzoneContainer (OzoneContainer.java:stop(199)) - Attempting to stop container services.
2019-07-14 01:01:49,459 INFO  ozoneimpl.OzoneContainer (OzoneContainer.java:stop(199)) - Attempting to stop container services.
2019-07-14 01:01:49,459 INFO  impl.RaftServerProxy (RaftServerProxy.java:lambda$close$4(314)) - cd5bc3ce-e3c6-46eb-9d59-d6d2ed0e9ffd: close
2019-07-14 01:01:49,460 INFO  impl.RaftServerProxy (RaftServerProxy.java:lambda$close$4(314)) - 43106e18-f800-4739-9e92-86e3ea2db31d: close
2019-07-14 01:01:49,460 INFO  impl.RaftServerImpl (RaftServerImpl.java:lambda$shutdown$3(245)) - cd5bc3ce-e3c6-46eb-9d59-d6d2ed0e9ffd: shutdown group-52FC3FABB2D3
2019-07-14 01:01:49,460 INFO  impl.RaftServerImpl (RaftServerImpl.java:lambda$shutdown$3(245)) - 43106e18-f800-4739-9e92-86e3ea2db31d: shutdown group-52FC3FABB2D3
2019-07-14 01:01:49,461 INFO  util.JmxRegister (JmxRegister.java:unregister(73)) - Successfully un-registered JMX Bean with object name Ratis:service=RaftServer,group=group-52FC3FABB2D3,id=cd5bc3ce-e3c6-46eb-9d59-d6d2ed0e9ffd
2019-07-14 01:01:49,461 INFO  util.JmxRegister (JmxRegister.java:unregister(73)) - Successfully un-registered JMX Bean with object name Ratis:service=RaftServer,group=group-52FC3FABB2D3,id=43106e18-f800-4739-9e92-86e3ea2db31d
2019-07-14 01:01:49,461 INFO  impl.RoleInfo (RoleInfo.java:shutdownLeaderState(104)) - cd5bc3ce-e3c6-46eb-9d59-d6d2ed0e9ffd: shutdown LeaderState
2019-07-14 01:01:49,462 INFO  impl.RoleInfo (RoleInfo.java:shutdownFollowerState(121)) - 43106e18-f800-4739-9e92-86e3ea2db31d: shutdown FollowerState
2019-07-14 01:01:49,466 WARN  server.GrpcLogAppender (GrpcLogAppender.java:mayWait(143)) - GrpcLogAppender(cd5bc3ce-e3c6-46eb-9d59-d6d2ed0e9ffd->0418bd44-dbfd-4b9b-b879-c018f273057c): Wait interrupted by java.lang.InterruptedException
2019-07-14 01:01:49,466 INFO  ratis.ContainerStateMachine (ContainerStateMachine.java:takeSnapshot(246)) - Taking snapshot at termIndex:(t:1, i:14)
2019-07-14 01:01:49,466 WARN  server.GrpcLogAppender (GrpcLogAppender.java:mayWait(143)) - GrpcLogAppender(cd5bc3ce-e3c6-46eb-9d59-d6d2ed0e9ffd->43106e18-f800-4739-9e92-86e3ea2db31d): Wait interrupted by java.lang.InterruptedException
2019-07-14 01:01:49,466 INFO  impl.PendingRequests (PendingRequests.java:sendNotLeaderResponses(202)) - cd5bc3ce-e3c6-46eb-9d59-d6d2ed0e9ffd-PendingRequests: sendNotLeaderResponses
2019-07-14 01:01:49,467 INFO  server.GrpcServerProtocolService (GrpcServerProtocolService.java:onCompleted(104)) - 0418bd44-dbfd-4b9b-b879-c018f273057c: appendEntries completed
2019-07-14 01:01:49,466 INFO  ratis.ContainerStateMachine (ContainerStateMachine.java:takeSnapshot(250)) - Taking a snapshot to file /tmp/workdir/hadoop-ozone/integration-test/target/test-dir/MiniOzoneClusterImpl-59f4ffd4-c69e-43d5-9b99-59d04e6f6f19/datanode-1/data/ratis/fda95dbc-02ea-40ec-9f11-52fc3fabb2d3/sm/snapshot.1_14
2019-07-14 01:01:49,466 INFO  impl.FollowerState (FollowerState.java:run(114)) - 43106e18-f800-4739-9e92-86e3ea2db31d: FollowerState was interrupted: java.lang.InterruptedException: sleep interrupted
2019-07-14 01:01:49,466 INFO  impl.StateMachineUpdater (StateMachineUpdater.java:stopAndJoin(115)) - StateMachineUpdater:43106e18-f800-4739-9e92-86e3ea2db31d:group-52FC3FABB2D3: set stopIndex = 16
2019-07-14 01:01:49,473 INFO  ratis.ContainerStateMachine (ContainerStateMachine.java:takeSnapshot(246)) - Taking snapshot at termIndex:(t:1, i:14)
2019-07-14 01:01:49,473 INFO  impl.StateMachineUpdater (StateMachineUpdater.java:stopAndJoin(115)) - StateMachineUpdater:cd5bc3ce-e3c6-46eb-9d59-d6d2ed0e9ffd:group-52FC3FABB2D3: set stopIndex = 16
2019-07-14 01:01:49,469 INFO  server.GrpcServerProtocolService (GrpcServerProtocolService.java:onCompleted(104)) - 43106e18-f800-4739-9e92-86e3ea2db31d: appendEntries completed
2019-07-14 01:01:49,476 INFO  ratis.ContainerStateMachine (ContainerStateMachine.java:takeSnapshot(250)) - Taking a snapshot to file /tmp/workdir/hadoop-ozone/integration-test/target/test-dir/MiniOzoneClusterImpl-59f4ffd4-c69e-43d5-9b99-59d04e6f6f19/datanode-4/data/ratis/fda95dbc-02ea-40ec-9f11-52fc3fabb2d3/sm/snapshot.1_14
2019-07-14 01:01:49,476 INFO  server.GrpcLogAppender (GrpcLogAppender.java:onCompleted(292)) - cd5bc3ce-e3c6-46eb-9d59-d6d2ed0e9ffd->0418bd44-dbfd-4b9b-b879-c018f273057c: follower responses appendEntries COMPLETED
2019-07-14 01:01:49,477 INFO  server.GrpcLogAppender (GrpcLogAppender.java:onCompleted(292)) - cd5bc3ce-e3c6-46eb-9d59-d6d2ed0e9ffd->43106e18-f800-4739-9e92-86e3ea2db31d: follower responses appendEntries COMPLETED
2019-07-14 01:01:49,478 INFO  impl.FollowerInfo (FollowerInfo.java:lambda$new$0(50)) - cd5bc3ce-e3c6-46eb-9d59-d6d2ed0e9ffd->0418bd44-dbfd-4b9b-b879-c018f273057c: nextIndex: updateUnconditionally 17 -> 16
2019-07-14 01:01:49,478 INFO  impl.FollowerInfo (FollowerInfo.java:lambda$new$0(50)) - cd5bc3ce-e3c6-46eb-9d59-d6d2ed0e9ffd->43106e18-f800-4739-9e92-86e3ea2db31d: nextIndex: updateUnconditionally 17 -> 16
2019-07-14 01:01:49,486 INFO  impl.StateMachineUpdater (StateMachineUpdater.java:takeSnapshot(242)) - StateMachineUpdater:43106e18-f800-4739-9e92-86e3ea2db31d:group-52FC3FABB2D3: Took a snapshot at index 14
2019-07-14 01:01:49,486 INFO  impl.StateMachineUpdater (StateMachineUpdater.java:takeSnapshot(242)) - StateMachineUpdater:cd5bc3ce-e3c6-46eb-9d59-d6d2ed0e9ffd:group-52FC3FABB2D3: Took a snapshot at index 14
2019-07-14 01:01:49,486 INFO  impl.StateMachineUpdater (StateMachineUpdater.java:lambda$new$0(80)) - StateMachineUpdater:43106e18-f800-4739-9e92-86e3ea2db31d:group-52FC3FABB2D3: snapshotIndex: updateIncreasingly -1 -> 14
2019-07-14 01:01:49,486 INFO  impl.StateMachineUpdater (StateMachineUpdater.java:lambda$new$0(80)) - StateMachineUpdater:cd5bc3ce-e3c6-46eb-9d59-d6d2ed0e9ffd:group-52FC3FABB2D3: snapshotIndex: updateIncreasingly -1 -> 14
2019-07-14 01:01:49,487 INFO  impl.RaftServerImpl (ServerState.java:close(394)) - 43106e18-f800-4739-9e92-86e3ea2db31d:group-52FC3FABB2D3 closes. The last applied log index is 16
2019-07-14 01:01:49,487 INFO  impl.RaftServerImpl (ServerState.java:close(394)) - cd5bc3ce-e3c6-46eb-9d59-d6d2ed0e9ffd:group-52FC3FABB2D3 closes. The last applied log index is 16
2019-07-14 01:01:49,487 INFO  segmented.SegmentedRaftLogWorker (SegmentedRaftLogWorker.java:run(313)) - 43106e18-f800-4739-9e92-86e3ea2db31d-SegmentedRaftLogWorker:Storage Directory /tmp/workdir/hadoop-ozone/integration-test/target/test-dir/MiniOzoneClusterImpl-59f4ffd4-c69e-43d5-9b99-59d04e6f6f19/datanode-1/data/ratis/fda95dbc-02ea-40ec-9f11-52fc3fabb2d3 was interrupted, exiting. There are 0 tasks remaining in the queue.
2019-07-14 01:01:49,488 INFO  segmented.SegmentedRaftLogWorker (SegmentedRaftLogWorker.java:run(313)) - cd5bc3ce-e3c6-46eb-9d59-d6d2ed0e9ffd-SegmentedRaftLogWorker:Storage Directory /tmp/workdir/hadoop-ozone/integration-test/target/test-dir/MiniOzoneClusterImpl-59f4ffd4-c69e-43d5-9b99-59d04e6f6f19/datanode-4/data/ratis/fda95dbc-02ea-40ec-9f11-52fc3fabb2d3 was interrupted, exiting. There are 0 tasks remaining in the queue.
2019-07-14 01:01:49,490 INFO  segmented.SegmentedRaftLogWorker (SegmentedRaftLogWorker.java:close(228)) - 43106e18-f800-4739-9e92-86e3ea2db31d-SegmentedRaftLogWorker:Storage Directory /tmp/workdir/hadoop-ozone/integration-test/target/test-dir/MiniOzoneClusterImpl-59f4ffd4-c69e-43d5-9b99-59d04e6f6f19/datanode-1/data/ratis/fda95dbc-02ea-40ec-9f11-52fc3fabb2d3 close()
2019-07-14 01:01:49,492 INFO  segmented.SegmentedRaftLogWorker (SegmentedRaftLogWorker.java:close(228)) - cd5bc3ce-e3c6-46eb-9d59-d6d2ed0e9ffd-SegmentedRaftLogWorker:Storage Directory /tmp/workdir/hadoop-ozone/integration-test/target/test-dir/MiniOzoneClusterImpl-59f4ffd4-c69e-43d5-9b99-59d04e6f6f19/datanode-4/data/ratis/fda95dbc-02ea-40ec-9f11-52fc3fabb2d3 close()
2019-07-14 01:01:49,496 INFO  impl.RaftServerImpl (RaftServerImpl.java:lambda$shutdown$3(245)) - 43106e18-f800-4739-9e92-86e3ea2db31d: shutdown group-62768C1BF978
2019-07-14 01:01:49,500 INFO  impl.RaftServerImpl (RaftServerImpl.java:lambda$shutdown$3(245)) - cd5bc3ce-e3c6-46eb-9d59-d6d2ed0e9ffd: shutdown group-A8EDBE8456DE
2019-07-14 01:01:49,500 INFO  util.JmxRegister (JmxRegister.java:unregister(73)) - Successfully un-registered JMX Bean with object name Ratis:service=RaftServer,group=group-62768C1BF978,id=43106e18-f800-4739-9e92-86e3ea2db31d
2019-07-14 01:01:49,500 INFO  util.JmxRegister (JmxRegister.java:unregister(73)) - Successfully un-registered JMX Bean with object name Ratis:service=RaftServer,group=group-A8EDBE8456DE,id=cd5bc3ce-e3c6-46eb-9d59-d6d2ed0e9ffd
2019-07-14 01:01:49,501 INFO  impl.RoleInfo (RoleInfo.java:shutdownLeaderState(104)) - cd5bc3ce-e3c6-46eb-9d59-d6d2ed0e9ffd: shutdown LeaderState
2019-07-14 01:01:49,501 INFO  impl.RoleInfo (RoleInfo.java:shutdownLeaderState(104)) - 43106e18-f800-4739-9e92-86e3ea2db31d: shutdown LeaderState
2019-07-14 01:01:49,501 INFO  impl.PendingRequests (PendingRequests.java:sendNotLeaderResponses(202)) - cd5bc3ce-e3c6-46eb-9d59-d6d2ed0e9ffd-PendingRequests: sendNotLeaderResponses
2019-07-14 01:01:49,502 INFO  impl.PendingRequests (PendingRequests.java:sendNotLeaderResponses(202)) - 43106e18-f800-4739-9e92-86e3ea2db31d-PendingRequests: sendNotLeaderResponses
2019-07-14 01:01:49,504 INFO  impl.StateMachineUpdater (StateMachineUpdater.java:stopAndJoin(115)) - StateMachineUpdater:cd5bc3ce-e3c6-46eb-9d59-d6d2ed0e9ffd:group-A8EDBE8456DE: set stopIndex = 0
2019-07-14 01:01:49,505 INFO  ratis.ContainerStateMachine (ContainerStateMachine.java:takeSnapshot(246)) - Taking snapshot at termIndex:(t:0, i:~)
2019-07-14 01:01:49,504 INFO  ratis.ContainerStateMachine (ContainerStateMachine.java:takeSnapshot(246)) - Taking snapshot at termIndex:(t:0, i:~)
2019-07-14 01:01:49,504 INFO  impl.StateMachineUpdater (StateMachineUpdater.java:stopAndJoin(115)) - StateMachineUpdater:43106e18-f800-4739-9e92-86e3ea2db31d:group-62768C1BF978: set stopIndex = 0
2019-07-14 01:01:49,505 INFO  impl.RaftServerImpl (ServerState.java:close(394)) - cd5bc3ce-e3c6-46eb-9d59-d6d2ed0e9ffd:group-A8EDBE8456DE closes. The last applied log index is 0
2019-07-14 01:01:49,505 INFO  impl.RaftServerImpl (ServerState.java:close(394)) - 43106e18-f800-4739-9e92-86e3ea2db31d:group-62768C1BF978 closes. The last applied log index is 0
2019-07-14 01:01:49,506 INFO  segmented.SegmentedRaftLogWorker (SegmentedRaftLogWorker.java:run(313)) - cd5bc3ce-e3c6-46eb-9d59-d6d2ed0e9ffd-SegmentedRaftLogWorker:Storage Directory /tmp/workdir/hadoop-ozone/integration-test/target/test-dir/MiniOzoneClusterImpl-59f4ffd4-c69e-43d5-9b99-59d04e6f6f19/datanode-4/data/ratis/e7263f37-4c5e-4efa-8fab-a8edbe8456de was interrupted, exiting. There are 0 tasks remaining in the queue.
2019-07-14 01:01:49,506 INFO  segmented.SegmentedRaftLogWorker (SegmentedRaftLogWorker.java:run(313)) - 43106e18-f800-4739-9e92-86e3ea2db31d-SegmentedRaftLogWorker:Storage Directory /tmp/workdir/hadoop-ozone/integration-test/target/test-dir/MiniOzoneClusterImpl-59f4ffd4-c69e-43d5-9b99-59d04e6f6f19/datanode-1/data/ratis/dc0032e0-1547-4452-8f1b-62768c1bf978 was interrupted, exiting. There are 0 tasks remaining in the queue.
2019-07-14 01:01:49,508 INFO  segmented.SegmentedRaftLogWorker (SegmentedRaftLogWorker.java:close(228)) - cd5bc3ce-e3c6-46eb-9d59-d6d2ed0e9ffd-SegmentedRaftLogWorker:Storage Directory /tmp/workdir/hadoop-ozone/integration-test/target/test-dir/MiniOzoneClusterImpl-59f4ffd4-c69e-43d5-9b99-59d04e6f6f19/datanode-4/data/ratis/e7263f37-4c5e-4efa-8fab-a8edbe8456de close()
2019-07-14 01:01:49,510 INFO  segmented.SegmentedRaftLogWorker (SegmentedRaftLogWorker.java:close(228)) - 43106e18-f800-4739-9e92-86e3ea2db31d-SegmentedRaftLogWorker:Storage Directory /tmp/workdir/hadoop-ozone/integration-test/target/test-dir/MiniOzoneClusterImpl-59f4ffd4-c69e-43d5-9b99-59d04e6f6f19/datanode-1/data/ratis/dc0032e0-1547-4452-8f1b-62768c1bf978 close()
2019-07-14 01:01:49,514 INFO  server.GrpcService (GrpcService.java:closeImpl(155)) - cd5bc3ce-e3c6-46eb-9d59-d6d2ed0e9ffd: shutdown server with port 37487 now
2019-07-14 01:01:49,517 INFO  server.GrpcService (GrpcService.java:closeImpl(155)) - 43106e18-f800-4739-9e92-86e3ea2db31d: shutdown server with port 43279 now
2019-07-14 01:01:49,518 INFO  server.GrpcService (GrpcService.java:closeImpl(163)) - 43106e18-f800-4739-9e92-86e3ea2db31d: shutdown server with port 43279 successfully
2019-07-14 01:01:49,518 WARN  client.GrpcClientProtocolService (LogUtils.java:warn(134)) - 1-UnorderedRequestStreamObserver1: onError: org.apache.ratis.thirdparty.io.grpc.StatusRuntimeException: CANCELLED: cancelled before receiving half close
2019-07-14 01:01:49,531 INFO  server.GrpcService (GrpcService.java:closeImpl(163)) - cd5bc3ce-e3c6-46eb-9d59-d6d2ed0e9ffd: shutdown server with port 37487 successfully
2019-07-14 01:01:49,533 INFO  utils.BackgroundService (BackgroundService.java:shutdown(148)) - Shutting down service BlockDeletingService
2019-07-14 01:01:49,535 INFO  utils.BackgroundService (BackgroundService.java:shutdown(148)) - Shutting down service BlockDeletingService
2019-07-14 01:01:49,537 WARN  fs.CachingGetSpaceUsed (CachingGetSpaceUsed.java:run(183)) - Thread Interrupted waiting to refresh disk information: sleep interrupted
2019-07-14 01:01:49,540 WARN  fs.CachingGetSpaceUsed (CachingGetSpaceUsed.java:run(183)) - Thread Interrupted waiting to refresh disk information: sleep interrupted
2019-07-14 01:01:49,570 INFO  statemachine.DatanodeStateMachine (DatanodeStateMachine.java:stopDaemon(395)) - Ozone container server stopped.
2019-07-14 01:01:49,575 INFO  statemachine.DatanodeStateMachine (DatanodeStateMachine.java:stopDaemon(395)) - Ozone container server stopped.
2019-07-14 01:01:49,579 INFO  handler.ContextHandler (ContextHandler.java:doStop(910)) - Stopped o.e.j.w.WebAppContext@367d34c0{/,null,UNAVAILABLE}{/hddsDatanode}
2019-07-14 01:01:49,580 INFO  handler.ContextHandler (ContextHandler.java:doStop(910)) - Stopped o.e.j.w.WebAppContext@2e1eb85f{/,null,UNAVAILABLE}{/hddsDatanode}
2019-07-14 01:01:49,581 INFO  server.AbstractConnector (AbstractConnector.java:doStop(318)) - Stopped ServerConnector@4ce25e47{HTTP/1.1,[http/1.1]}{0.0.0.0:0}
2019-07-14 01:01:49,581 INFO  server.AbstractConnector (AbstractConnector.java:doStop(318)) - Stopped ServerConnector@ea7a4c3{HTTP/1.1,[http/1.1]}{0.0.0.0:0}
2019-07-14 01:01:49,581 INFO  handler.ContextHandler (ContextHandler.java:doStop(910)) - Stopped o.e.j.s.ServletContextHandler@5fef0c19{/static,jar:file:/home/user/.m2/repository/org/apache/hadoop/hadoop-hdds-container-service/0.5.0-SNAPSHOT/hadoop-hdds-container-service-0.5.0-SNAPSHOT.jar!/webapps/static,UNAVAILABLE}
2019-07-14 01:01:49,583 INFO  handler.ContextHandler (ContextHandler.java:doStop(910)) - Stopped o.e.j.s.ServletContextHandler@364fd4ae{/static,jar:file:/home/user/.m2/repository/org/apache/hadoop/hadoop-hdds-container-service/0.5.0-SNAPSHOT/hadoop-hdds-container-service-0.5.0-SNAPSHOT.jar!/webapps/static,UNAVAILABLE}
2019-07-14 01:01:49,583 INFO  handler.ContextHandler (ContextHandler.java:doStop(910)) - Stopped o.e.j.s.ServletContextHandler@615db358{/logs,file:///tmp/workdir/hadoop-ozone/integration-test/target/log,UNAVAILABLE}
2019-07-14 01:01:49,585 INFO  datanode.ObjectStoreHandler (ObjectStoreHandler.java:close(155)) - Closing ObjectStoreHandler.
2019-07-14 01:01:49,586 INFO  ozone.HddsDatanodeService (HddsDatanodeService.java:stop(452)) - Stopped plug-in org.apache.hadoop.ozone.web.OzoneHddsDatanodeService@65da01f4
2019-07-14 01:01:49,586 INFO  handler.ContextHandler (ContextHandler.java:doStop(910)) - Stopped o.e.j.s.ServletContextHandler@359066bc{/logs,file:///tmp/workdir/hadoop-ozone/integration-test/target/log,UNAVAILABLE}
2019-07-14 01:01:49,587 INFO  datanode.ObjectStoreHandler (ObjectStoreHandler.java:close(155)) - Closing ObjectStoreHandler.
2019-07-14 01:01:49,588 INFO  ozone.HddsDatanodeService (HddsDatanodeService.java:stop(452)) - Stopped plug-in org.apache.hadoop.ozone.web.OzoneHddsDatanodeService@b4732dc
2019-07-14 01:01:50,134 INFO  statemachine.DatanodeStateMachine (DatanodeStateMachine.java:lambda$startDaemon$0(350)) - Ozone container server started.
2019-07-14 01:01:50,459 INFO  statemachine.DatanodeStateMachine (DatanodeStateMachine.java:lambda$startDaemon$0(350)) - Ozone container server started.
2019-07-14 01:01:54,211 INFO  node.StaleNodeHandler (StaleNodeHandler.java:onMessage(58)) - Datanode 0418bd44-dbfd-4b9b-b879-c018f273057c{ip: 192.168.157.230, host: trunk-nightly-sxkq5-3320257302, networkLocation: /default-rack, certSerialId: null} moved to stale state. Finalizing its pipelines [PipelineID=4dd92660-3362-4317-b622-c946ca7e9c90, PipelineID=fda95dbc-02ea-40ec-9f11-52fc3fabb2d3]
2019-07-14 01:01:54,212 INFO  pipeline.SCMPipelineManager (SCMPipelineManager.java:finalizeAndDestroyPipeline(309)) - destroying pipeline:Pipeline[ Id: 4dd92660-3362-4317-b622-c946ca7e9c90, Nodes: 0418bd44-dbfd-4b9b-b879-c018f273057c{ip: 192.168.157.230, host: trunk-nightly-sxkq5-3320257302, networkLocation: /default-rack, certSerialId: null}, Type:RATIS, Factor:ONE, State:OPEN]
2019-07-14 01:01:54,212 INFO  pipeline.PipelineStateManager (PipelineStateManager.java:finalizePipeline(123)) - Pipeline Pipeline[ Id: 4dd92660-3362-4317-b622-c946ca7e9c90, Nodes: 0418bd44-dbfd-4b9b-b879-c018f273057c{ip: 192.168.157.230, host: trunk-nightly-sxkq5-3320257302, networkLocation: /default-rack, certSerialId: null}, Type:RATIS, Factor:ONE, State:CLOSED] moved to CLOSED state
2019-07-14 01:01:54,212 INFO  pipeline.SCMPipelineManager (SCMPipelineManager.java:finalizeAndDestroyPipeline(309)) - destroying pipeline:Pipeline[ Id: fda95dbc-02ea-40ec-9f11-52fc3fabb2d3, Nodes: 43106e18-f800-4739-9e92-86e3ea2db31d{ip: 192.168.157.230, host: trunk-nightly-sxkq5-3320257302, networkLocation: /default-rack, certSerialId: null}cd5bc3ce-e3c6-46eb-9d59-d6d2ed0e9ffd{ip: 192.168.157.230, host: trunk-nightly-sxkq5-3320257302, networkLocation: /default-rack, certSerialId: null}0418bd44-dbfd-4b9b-b879-c018f273057c{ip: 192.168.157.230, host: trunk-nightly-sxkq5-3320257302, networkLocation: /default-rack, certSerialId: null}, Type:RATIS, Factor:THREE, State:CLOSED]
2019-07-14 01:01:54,512 INFO  node.StaleNodeHandler (StaleNodeHandler.java:onMessage(58)) - Datanode 31579158-a9e7-4c5e-ab80-b5e9b493ce46{ip: 192.168.157.230, host: trunk-nightly-sxkq5-3320257302, networkLocation: /default-rack, certSerialId: null} moved to stale state. Finalizing its pipelines [PipelineID=1227fb18-8361-4ecb-b5fa-89bfb9c4f463]
2019-07-14 01:01:54,512 INFO  pipeline.SCMPipelineManager (SCMPipelineManager.java:finalizeAndDestroyPipeline(309)) - destroying pipeline:Pipeline[ Id: 1227fb18-8361-4ecb-b5fa-89bfb9c4f463, Nodes: 31579158-a9e7-4c5e-ab80-b5e9b493ce46{ip: 192.168.157.230, host: trunk-nightly-sxkq5-3320257302, networkLocation: /default-rack, certSerialId: null}, Type:RATIS, Factor:ONE, State:OPEN]
2019-07-14 01:01:54,512 INFO  pipeline.PipelineStateManager (PipelineStateManager.java:finalizePipeline(123)) - Pipeline Pipeline[ Id: 1227fb18-8361-4ecb-b5fa-89bfb9c4f463, Nodes: 31579158-a9e7-4c5e-ab80-b5e9b493ce46{ip: 192.168.157.230, host: trunk-nightly-sxkq5-3320257302, networkLocation: /default-rack, certSerialId: null}, Type:RATIS, Factor:ONE, State:CLOSED] moved to CLOSED state
2019-07-14 01:01:54,587 INFO  ozoneimpl.OzoneContainer (OzoneContainer.java:stop(199)) - Attempting to stop container services.
2019-07-14 01:01:54,590 INFO  ozoneimpl.OzoneContainer (OzoneContainer.java:stop(199)) - Attempting to stop container services.
2019-07-14 01:01:54,591 INFO  impl.RaftServerProxy (RaftServerProxy.java:lambda$close$4(314)) - 31579158-a9e7-4c5e-ab80-b5e9b493ce46: close
2019-07-14 01:01:54,591 INFO  impl.RaftServerProxy (RaftServerProxy.java:lambda$close$4(314)) - 0418bd44-dbfd-4b9b-b879-c018f273057c: close
2019-07-14 01:01:54,591 INFO  impl.RaftServerImpl (RaftServerImpl.java:lambda$shutdown$3(245)) - 31579158-a9e7-4c5e-ab80-b5e9b493ce46: shutdown group-89BFB9C4F463
2019-07-14 01:01:54,591 INFO  impl.RaftServerImpl (RaftServerImpl.java:lambda$shutdown$3(245)) - 0418bd44-dbfd-4b9b-b879-c018f273057c: shutdown group-C946CA7E9C90
2019-07-14 01:01:54,592 INFO  util.JmxRegister (JmxRegister.java:unregister(73)) - Successfully un-registered JMX Bean with object name Ratis:service=RaftServer,group=group-89BFB9C4F463,id=31579158-a9e7-4c5e-ab80-b5e9b493ce46
2019-07-14 01:01:54,592 INFO  util.JmxRegister (JmxRegister.java:unregister(73)) - Successfully un-registered JMX Bean with object name Ratis:service=RaftServer,group=group-C946CA7E9C90,id=0418bd44-dbfd-4b9b-b879-c018f273057c
2019-07-14 01:01:54,593 INFO  impl.RoleInfo (RoleInfo.java:shutdownLeaderState(104)) - 0418bd44-dbfd-4b9b-b879-c018f273057c: shutdown LeaderState
2019-07-14 01:01:54,593 INFO  impl.RoleInfo (RoleInfo.java:shutdownLeaderState(104)) - 31579158-a9e7-4c5e-ab80-b5e9b493ce46: shutdown LeaderState
2019-07-14 01:01:54,593 INFO  impl.PendingRequests (PendingRequests.java:sendNotLeaderResponses(202)) - 0418bd44-dbfd-4b9b-b879-c018f273057c-PendingRequests: sendNotLeaderResponses
2019-07-14 01:01:54,594 INFO  impl.PendingRequests (PendingRequests.java:sendNotLeaderResponses(202)) - 31579158-a9e7-4c5e-ab80-b5e9b493ce46-PendingRequests: sendNotLeaderResponses
2019-07-14 01:01:54,594 INFO  ratis.ContainerStateMachine (ContainerStateMachine.java:takeSnapshot(246)) - Taking snapshot at termIndex:(t:0, i:~)
2019-07-14 01:01:54,595 INFO  impl.StateMachineUpdater (StateMachineUpdater.java:stopAndJoin(115)) - StateMachineUpdater:31579158-a9e7-4c5e-ab80-b5e9b493ce46:group-89BFB9C4F463: set stopIndex = 0
2019-07-14 01:01:54,595 INFO  ratis.ContainerStateMachine (ContainerStateMachine.java:takeSnapshot(246)) - Taking snapshot at termIndex:(t:0, i:~)
2019-07-14 01:01:54,594 INFO  impl.StateMachineUpdater (StateMachineUpdater.java:stopAndJoin(115)) - StateMachineUpdater:0418bd44-dbfd-4b9b-b879-c018f273057c:group-C946CA7E9C90: set stopIndex = 0
2019-07-14 01:01:54,595 INFO  impl.RaftServerImpl (ServerState.java:close(394)) - 31579158-a9e7-4c5e-ab80-b5e9b493ce46:group-89BFB9C4F463 closes. The last applied log index is 0
2019-07-14 01:01:54,596 INFO  impl.RaftServerImpl (ServerState.java:close(394)) - 0418bd44-dbfd-4b9b-b879-c018f273057c:group-C946CA7E9C90 closes. The last applied log index is 0
2019-07-14 01:01:54,596 INFO  segmented.SegmentedRaftLogWorker (SegmentedRaftLogWorker.java:run(313)) - 31579158-a9e7-4c5e-ab80-b5e9b493ce46-SegmentedRaftLogWorker:Storage Directory /tmp/workdir/hadoop-ozone/integration-test/target/test-dir/MiniOzoneClusterImpl-59f4ffd4-c69e-43d5-9b99-59d04e6f6f19/datanode-3/data/ratis/1227fb18-8361-4ecb-b5fa-89bfb9c4f463 was interrupted, exiting. There are 0 tasks remaining in the queue.
2019-07-14 01:01:54,598 INFO  segmented.SegmentedRaftLogWorker (SegmentedRaftLogWorker.java:run(313)) - 0418bd44-dbfd-4b9b-b879-c018f273057c-SegmentedRaftLogWorker:Storage Directory /tmp/workdir/hadoop-ozone/integration-test/target/test-dir/MiniOzoneClusterImpl-59f4ffd4-c69e-43d5-9b99-59d04e6f6f19/datanode-0/data/ratis/4dd92660-3362-4317-b622-c946ca7e9c90 was interrupted, exiting. There are 0 tasks remaining in the queue.
2019-07-14 01:01:54,599 INFO  segmented.SegmentedRaftLogWorker (SegmentedRaftLogWorker.java:close(228)) - 31579158-a9e7-4c5e-ab80-b5e9b493ce46-SegmentedRaftLogWorker:Storage Directory /tmp/workdir/hadoop-ozone/integration-test/target/test-dir/MiniOzoneClusterImpl-59f4ffd4-c69e-43d5-9b99-59d04e6f6f19/datanode-3/data/ratis/1227fb18-8361-4ecb-b5fa-89bfb9c4f463 close()
2019-07-14 01:01:54,607 INFO  server.GrpcService (GrpcService.java:closeImpl(155)) - 31579158-a9e7-4c5e-ab80-b5e9b493ce46: shutdown server with port 33991 now
2019-07-14 01:01:54,609 INFO  server.GrpcService (GrpcService.java:closeImpl(163)) - 31579158-a9e7-4c5e-ab80-b5e9b493ce46: shutdown server with port 33991 successfully
2019-07-14 01:01:54,611 INFO  segmented.SegmentedRaftLogWorker (SegmentedRaftLogWorker.java:close(228)) - 0418bd44-dbfd-4b9b-b879-c018f273057c-SegmentedRaftLogWorker:Storage Directory /tmp/workdir/hadoop-ozone/integration-test/target/test-dir/MiniOzoneClusterImpl-59f4ffd4-c69e-43d5-9b99-59d04e6f6f19/datanode-0/data/ratis/4dd92660-3362-4317-b622-c946ca7e9c90 close()
2019-07-14 01:01:54,614 INFO  impl.RaftServerImpl (RaftServerImpl.java:lambda$shutdown$3(245)) - 0418bd44-dbfd-4b9b-b879-c018f273057c: shutdown group-52FC3FABB2D3
2019-07-14 01:01:54,614 INFO  util.JmxRegister (JmxRegister.java:unregister(73)) - Successfully un-registered JMX Bean with object name Ratis:service=RaftServer,group=group-52FC3FABB2D3,id=0418bd44-dbfd-4b9b-b879-c018f273057c
2019-07-14 01:01:54,615 INFO  impl.RoleInfo (RoleInfo.java:shutdownFollowerState(121)) - 0418bd44-dbfd-4b9b-b879-c018f273057c: shutdown FollowerState
2019-07-14 01:01:54,615 INFO  impl.StateMachineUpdater (StateMachineUpdater.java:stopAndJoin(115)) - StateMachineUpdater:0418bd44-dbfd-4b9b-b879-c018f273057c:group-52FC3FABB2D3: set stopIndex = 16
2019-07-14 01:01:54,615 INFO  impl.FollowerState (FollowerState.java:run(114)) - 0418bd44-dbfd-4b9b-b879-c018f273057c: FollowerState was interrupted: java.lang.InterruptedException: sleep interrupted
2019-07-14 01:01:54,615 INFO  ratis.ContainerStateMachine (ContainerStateMachine.java:takeSnapshot(246)) - Taking snapshot at termIndex:(t:1, i:14)
2019-07-14 01:01:54,616 INFO  ratis.ContainerStateMachine (ContainerStateMachine.java:takeSnapshot(250)) - Taking a snapshot to file /tmp/workdir/hadoop-ozone/integration-test/target/test-dir/MiniOzoneClusterImpl-59f4ffd4-c69e-43d5-9b99-59d04e6f6f19/datanode-0/data/ratis/fda95dbc-02ea-40ec-9f11-52fc3fabb2d3/sm/snapshot.1_14
2019-07-14 01:01:54,616 INFO  impl.StateMachineUpdater (StateMachineUpdater.java:takeSnapshot(242)) - StateMachineUpdater:0418bd44-dbfd-4b9b-b879-c018f273057c:group-52FC3FABB2D3: Took a snapshot at index 14
2019-07-14 01:01:54,617 INFO  impl.StateMachineUpdater (StateMachineUpdater.java:lambda$new$0(80)) - StateMachineUpdater:0418bd44-dbfd-4b9b-b879-c018f273057c:group-52FC3FABB2D3: snapshotIndex: updateIncreasingly -1 -> 14
2019-07-14 01:01:54,617 INFO  utils.BackgroundService (BackgroundService.java:shutdown(148)) - Shutting down service BlockDeletingService
2019-07-14 01:01:54,617 INFO  impl.RaftServerImpl (ServerState.java:close(394)) - 0418bd44-dbfd-4b9b-b879-c018f273057c:group-52FC3FABB2D3 closes. The last applied log index is 16
2019-07-14 01:01:54,618 INFO  segmented.SegmentedRaftLogWorker (SegmentedRaftLogWorker.java:run(313)) - 0418bd44-dbfd-4b9b-b879-c018f273057c-SegmentedRaftLogWorker:Storage Directory /tmp/workdir/hadoop-ozone/integration-test/target/test-dir/MiniOzoneClusterImpl-59f4ffd4-c69e-43d5-9b99-59d04e6f6f19/datanode-0/data/ratis/fda95dbc-02ea-40ec-9f11-52fc3fabb2d3 was interrupted, exiting. There are 0 tasks remaining in the queue.
2019-07-14 01:01:54,618 INFO  segmented.SegmentedRaftLogWorker (SegmentedRaftLogWorker.java:close(228)) - 0418bd44-dbfd-4b9b-b879-c018f273057c-SegmentedRaftLogWorker:Storage Directory /tmp/workdir/hadoop-ozone/integration-test/target/test-dir/MiniOzoneClusterImpl-59f4ffd4-c69e-43d5-9b99-59d04e6f6f19/datanode-0/data/ratis/fda95dbc-02ea-40ec-9f11-52fc3fabb2d3 close()
2019-07-14 01:01:54,621 INFO  server.GrpcService (GrpcService.java:closeImpl(155)) - 0418bd44-dbfd-4b9b-b879-c018f273057c: shutdown server with port 43651 now
2019-07-14 01:01:54,621 INFO  server.GrpcService (GrpcService.java:closeImpl(163)) - 0418bd44-dbfd-4b9b-b879-c018f273057c: shutdown server with port 43651 successfully
2019-07-14 01:01:54,625 WARN  fs.CachingGetSpaceUsed (CachingGetSpaceUsed.java:run(183)) - Thread Interrupted waiting to refresh disk information: sleep interrupted
2019-07-14 01:01:54,626 INFO  utils.BackgroundService (BackgroundService.java:shutdown(148)) - Shutting down service BlockDeletingService
2019-07-14 01:01:54,632 WARN  fs.CachingGetSpaceUsed (CachingGetSpaceUsed.java:run(183)) - Thread Interrupted waiting to refresh disk information: sleep interrupted
2019-07-14 01:01:54,646 INFO  statemachine.DatanodeStateMachine (DatanodeStateMachine.java:stopDaemon(395)) - Ozone container server stopped.
2019-07-14 01:01:54,650 INFO  handler.ContextHandler (ContextHandler.java:doStop(910)) - Stopped o.e.j.w.WebAppContext@6a2d867d{/,null,UNAVAILABLE}{/hddsDatanode}
2019-07-14 01:01:54,650 INFO  statemachine.DatanodeStateMachine (DatanodeStateMachine.java:stopDaemon(395)) - Ozone container server stopped.
2019-07-14 01:01:54,653 INFO  server.AbstractConnector (AbstractConnector.java:doStop(318)) - Stopped ServerConnector@73bb1337{HTTP/1.1,[http/1.1]}{0.0.0.0:0}
2019-07-14 01:01:54,655 INFO  handler.ContextHandler (ContextHandler.java:doStop(910)) - Stopped o.e.j.w.WebAppContext@24e83d19{/,null,UNAVAILABLE}{/hddsDatanode}
2019-07-14 01:01:54,655 INFO  handler.ContextHandler (ContextHandler.java:doStop(910)) - Stopped o.e.j.s.ServletContextHandler@cc9ef8d{/static,jar:file:/home/user/.m2/repository/org/apache/hadoop/hadoop-hdds-container-service/0.5.0-SNAPSHOT/hadoop-hdds-container-service-0.5.0-SNAPSHOT.jar!/webapps/static,UNAVAILABLE}
2019-07-14 01:01:54,656 INFO  handler.ContextHandler (ContextHandler.java:doStop(910)) - Stopped o.e.j.s.ServletContextHandler@1e30db85{/logs,file:///tmp/workdir/hadoop-ozone/integration-test/target/log,UNAVAILABLE}
2019-07-14 01:01:54,656 INFO  server.AbstractConnector (AbstractConnector.java:doStop(318)) - Stopped ServerConnector@5c080ef3{HTTP/1.1,[http/1.1]}{0.0.0.0:0}
2019-07-14 01:01:54,658 INFO  handler.ContextHandler (ContextHandler.java:doStop(910)) - Stopped o.e.j.s.ServletContextHandler@2133661d{/static,jar:file:/home/user/.m2/repository/org/apache/hadoop/hadoop-hdds-container-service/0.5.0-SNAPSHOT/hadoop-hdds-container-service-0.5.0-SNAPSHOT.jar!/webapps/static,UNAVAILABLE}
2019-07-14 01:01:54,658 INFO  datanode.ObjectStoreHandler (ObjectStoreHandler.java:close(155)) - Closing ObjectStoreHandler.
2019-07-14 01:01:54,659 INFO  handler.ContextHandler (ContextHandler.java:doStop(910)) - Stopped o.e.j.s.ServletContextHandler@304d0259{/logs,file:///tmp/workdir/hadoop-ozone/integration-test/target/log,UNAVAILABLE}
2019-07-14 01:01:54,659 INFO  ozone.HddsDatanodeService (HddsDatanodeService.java:stop(452)) - Stopped plug-in org.apache.hadoop.ozone.web.OzoneHddsDatanodeService@28e7bb31
2019-07-14 01:01:55,388 INFO  statemachine.DatanodeStateMachine (DatanodeStateMachine.java:lambda$startDaemon$0(350)) - Ozone container server started.
2019-07-14 01:01:59,419 INFO  node.StaleNodeHandler (StaleNodeHandler.java:onMessage(58)) - Datanode 59701a64-e707-4025-83ea-0a1d447aaf37{ip: 192.168.157.230, host: trunk-nightly-sxkq5-3320257302, networkLocation: /default-rack, certSerialId: null} moved to stale state. Finalizing its pipelines [PipelineID=a241bbc2-f285-4acb-b1ea-3b39223ce2d8]
2019-07-14 01:01:59,419 INFO  pipeline.SCMPipelineManager (SCMPipelineManager.java:finalizeAndDestroyPipeline(309)) - destroying pipeline:Pipeline[ Id: a241bbc2-f285-4acb-b1ea-3b39223ce2d8, Nodes: 59701a64-e707-4025-83ea-0a1d447aaf37{ip: 192.168.157.230, host: trunk-nightly-sxkq5-3320257302, networkLocation: /default-rack, certSerialId: null}, Type:RATIS, Factor:ONE, State:OPEN]
2019-07-14 01:01:59,420 INFO  pipeline.PipelineStateManager (PipelineStateManager.java:finalizePipeline(123)) - Pipeline Pipeline[ Id: a241bbc2-f285-4acb-b1ea-3b39223ce2d8, Nodes: 59701a64-e707-4025-83ea-0a1d447aaf37{ip: 192.168.157.230, host: trunk-nightly-sxkq5-3320257302, networkLocation: /default-rack, certSerialId: null}, Type:RATIS, Factor:ONE, State:CLOSED] moved to CLOSED state
2019-07-14 01:01:59,661 INFO  ozoneimpl.OzoneContainer (OzoneContainer.java:stop(199)) - Attempting to stop container services.
2019-07-14 01:01:59,661 INFO  impl.RaftServerProxy (RaftServerProxy.java:lambda$close$4(314)) - 59701a64-e707-4025-83ea-0a1d447aaf37: close
2019-07-14 01:01:59,662 INFO  impl.RaftServerImpl (RaftServerImpl.java:lambda$shutdown$3(245)) - 59701a64-e707-4025-83ea-0a1d447aaf37: shutdown group-3B39223CE2D8
2019-07-14 01:01:59,662 INFO  util.JmxRegister (JmxRegister.java:unregister(73)) - Successfully un-registered JMX Bean with object name Ratis:service=RaftServer,group=group-3B39223CE2D8,id=59701a64-e707-4025-83ea-0a1d447aaf37
2019-07-14 01:01:59,663 INFO  impl.RoleInfo (RoleInfo.java:shutdownLeaderState(104)) - 59701a64-e707-4025-83ea-0a1d447aaf37: shutdown LeaderState
2019-07-14 01:01:59,663 INFO  impl.PendingRequests (PendingRequests.java:sendNotLeaderResponses(202)) - 59701a64-e707-4025-83ea-0a1d447aaf37-PendingRequests: sendNotLeaderResponses
2019-07-14 01:01:59,664 INFO  impl.StateMachineUpdater (StateMachineUpdater.java:stopAndJoin(115)) - StateMachineUpdater:59701a64-e707-4025-83ea-0a1d447aaf37:group-3B39223CE2D8: set stopIndex = 0
2019-07-14 01:01:59,664 INFO  ratis.ContainerStateMachine (ContainerStateMachine.java:takeSnapshot(246)) - Taking snapshot at termIndex:(t:0, i:~)
2019-07-14 01:01:59,665 INFO  impl.RaftServerImpl (ServerState.java:close(394)) - 59701a64-e707-4025-83ea-0a1d447aaf37:group-3B39223CE2D8 closes. The last applied log index is 0
2019-07-14 01:01:59,666 INFO  segmented.SegmentedRaftLogWorker (SegmentedRaftLogWorker.java:run(313)) - 59701a64-e707-4025-83ea-0a1d447aaf37-SegmentedRaftLogWorker:Storage Directory /tmp/workdir/hadoop-ozone/integration-test/target/test-dir/MiniOzoneClusterImpl-59f4ffd4-c69e-43d5-9b99-59d04e6f6f19/datanode-6/data/ratis/a241bbc2-f285-4acb-b1ea-3b39223ce2d8 was interrupted, exiting. There are 0 tasks remaining in the queue.
2019-07-14 01:01:59,666 INFO  segmented.SegmentedRaftLogWorker (SegmentedRaftLogWorker.java:close(228)) - 59701a64-e707-4025-83ea-0a1d447aaf37-SegmentedRaftLogWorker:Storage Directory /tmp/workdir/hadoop-ozone/integration-test/target/test-dir/MiniOzoneClusterImpl-59f4ffd4-c69e-43d5-9b99-59d04e6f6f19/datanode-6/data/ratis/a241bbc2-f285-4acb-b1ea-3b39223ce2d8 close()
2019-07-14 01:01:59,669 INFO  server.GrpcService (GrpcService.java:closeImpl(155)) - 59701a64-e707-4025-83ea-0a1d447aaf37: shutdown server with port 36860 now
2019-07-14 01:01:59,670 INFO  server.GrpcService (GrpcService.java:closeImpl(163)) - 59701a64-e707-4025-83ea-0a1d447aaf37: shutdown server with port 36860 successfully
2019-07-14 01:01:59,672 INFO  utils.BackgroundService (BackgroundService.java:shutdown(148)) - Shutting down service BlockDeletingService
2019-07-14 01:01:59,674 WARN  fs.CachingGetSpaceUsed (CachingGetSpaceUsed.java:run(183)) - Thread Interrupted waiting to refresh disk information: sleep interrupted
2019-07-14 01:01:59,693 INFO  statemachine.DatanodeStateMachine (DatanodeStateMachine.java:stopDaemon(395)) - Ozone container server stopped.
2019-07-14 01:01:59,695 INFO  handler.ContextHandler (ContextHandler.java:doStop(910)) - Stopped o.e.j.w.WebAppContext@418f0534{/,null,UNAVAILABLE}{/hddsDatanode}
2019-07-14 01:01:59,696 INFO  server.AbstractConnector (AbstractConnector.java:doStop(318)) - Stopped ServerConnector@3dfd7eaa{HTTP/1.1,[http/1.1]}{0.0.0.0:0}
2019-07-14 01:01:59,696 INFO  handler.ContextHandler (ContextHandler.java:doStop(910)) - Stopped o.e.j.s.ServletContextHandler@782fd504{/static,jar:file:/home/user/.m2/repository/org/apache/hadoop/hadoop-hdds-container-service/0.5.0-SNAPSHOT/hadoop-hdds-container-service-0.5.0-SNAPSHOT.jar!/webapps/static,UNAVAILABLE}
2019-07-14 01:01:59,697 INFO  handler.ContextHandler (ContextHandler.java:doStop(910)) - Stopped o.e.j.s.ServletContextHandler@6568f998{/logs,file:///tmp/workdir/hadoop-ozone/integration-test/target/log,UNAVAILABLE}
2019-07-14 01:01:59,697 INFO  ozone.MiniOzoneClusterImpl (MiniOzoneClusterImpl.java:stop(353)) - Stopping the StorageContainerManager
2019-07-14 01:01:59,698 INFO  server.StorageContainerManager (StorageContainerManager.java:stop(796)) - Stopping Replication Manager Service.
2019-07-14 01:01:59,698 INFO  container.ReplicationManager (ReplicationManager.java:stop(187)) - Stopping Replication Monitor Thread.
2019-07-14 01:01:59,698 INFO  server.StorageContainerManager (StorageContainerManager.java:stop(803)) - Stopping Lease Manager of the command watchers
2019-07-14 01:01:59,698 INFO  server.StorageContainerManager (StorageContainerManager.java:stop(810)) - Stopping datanode service RPC server
2019-07-14 01:01:59,699 INFO  server.SCMDatanodeProtocolServer (SCMDatanodeProtocolServer.java:stop(375)) - Stopping the RPC server for DataNodes
2019-07-14 01:01:59,699 INFO  ipc.Server (Server.java:stop(3082)) - Stopping server on 41578
2019-07-14 01:01:59,701 INFO  ipc.Server (Server.java:run(1185)) - Stopping IPC Server listener on 41578
2019-07-14 01:01:59,701 INFO  ipc.Server (Server.java:run(1319)) - Stopping IPC Server Responder
2019-07-14 01:01:59,719 WARN  node.NodeStateManager (NodeStateManager.java:scheduleNextHealthCheck(631)) - Current Thread is interrupted, shutting down HB processing thread for Node Manager.
2019-07-14 01:01:59,719 INFO  server.StorageContainerManager (StorageContainerManager.java:stop(818)) - Stopping block service RPC server
2019-07-14 01:01:59,720 INFO  server.SCMBlockProtocolServer (SCMBlockProtocolServer.java:stop(148)) - Stopping the RPC server for Block Protocol
2019-07-14 01:01:59,720 INFO  ipc.Server (Server.java:stop(3082)) - Stopping server on 44226
2019-07-14 01:01:59,721 INFO  ipc.Server (Server.java:run(1185)) - Stopping IPC Server listener on 44226
2019-07-14 01:01:59,721 INFO  server.StorageContainerManager (StorageContainerManager.java:stop(825)) - Stopping the StorageContainerLocationProtocol RPC server
2019-07-14 01:01:59,721 INFO  server.SCMClientProtocolServer (SCMClientProtocolServer.java:stop(157)) - Stopping the RPC server for Client Protocol
2019-07-14 01:01:59,721 INFO  ipc.Server (Server.java:stop(3082)) - Stopping server on 36207
2019-07-14 01:01:59,724 INFO  ipc.Server (Server.java:run(1185)) - Stopping IPC Server listener on 36207
2019-07-14 01:01:59,724 INFO  server.StorageContainerManager (StorageContainerManager.java:stop(832)) - Stopping Storage Container Manager HTTP server.
2019-07-14 01:01:59,726 INFO  handler.ContextHandler (ContextHandler.java:doStop(910)) - Stopped o.e.j.w.WebAppContext@6a1d204a{/,null,UNAVAILABLE}{/scm}
2019-07-14 01:01:59,727 INFO  ipc.Server (Server.java:run(1319)) - Stopping IPC Server Responder
2019-07-14 01:01:59,727 INFO  ipc.Server (Server.java:run(1319)) - Stopping IPC Server Responder
2019-07-14 01:01:59,727 INFO  server.AbstractConnector (AbstractConnector.java:doStop(318)) - Stopped ServerConnector@9d157ff{HTTP/1.1,[http/1.1]}{0.0.0.0:0}
2019-07-14 01:01:59,728 INFO  handler.ContextHandler (ContextHandler.java:doStop(910)) - Stopped o.e.j.s.ServletContextHandler@76012793{/static,file:///tmp/workdir/hadoop-ozone/integration-test/target/test-classes/webapps/static,UNAVAILABLE}
2019-07-14 01:01:59,728 INFO  handler.ContextHandler (ContextHandler.java:doStop(910)) - Stopped o.e.j.s.ServletContextHandler@6bbe2511{/logs,file:///tmp/workdir/hadoop-ozone/integration-test/target/log,UNAVAILABLE}
2019-07-14 01:01:59,729 INFO  server.StorageContainerManager (StorageContainerManager.java:stop(843)) - Stopping Block Manager Service.
2019-07-14 01:01:59,729 INFO  utils.BackgroundService (BackgroundService.java:shutdown(148)) - Shutting down service SCMBlockDeletingService
2019-07-14 01:01:59,730 INFO  utils.BackgroundService (BackgroundService.java:shutdown(148)) - Shutting down service SCMBlockDeletingService
2019-07-14 01:01:59,730 INFO  server.StorageContainerManager (StorageContainerManager.java:stop(865)) - Stopping SCM Event Queue.
2019-07-14 01:01:59,736 INFO  impl.MetricsSystemImpl (MetricsSystemImpl.java:stop(210)) - Stopping HddsDatanode metrics system...
2019-07-14 01:01:59,745 INFO  impl.MetricsSystemImpl (MetricsSystemImpl.java:stop(216)) - HddsDatanode metrics system stopped.
]]></system-out>
    <system-err><![CDATA[ERROR StatusLogger No Log4j 2 configuration file found. Using default configuration (logging only errors to the console), or user programmatically provided configurations. Set system property 'log4j2.debug' to show Log4j 2 internal initialization logging. See https://logging.apache.org/log4j/2.x/manual/configuration.html for instructions on how to configure Log4j 2
Jul 14, 2019 1:00:19 AM com.sun.jersey.server.impl.application.WebApplicationImpl _initiate
INFO: Initiating Jersey application, version 'Jersey: 1.19 02/11/2015 03:25 AM'
Jul 14, 2019 1:00:20 AM com.sun.jersey.server.impl.application.WebApplicationImpl _initiate
INFO: Initiating Jersey application, version 'Jersey: 1.19 02/11/2015 03:25 AM'
Jul 14, 2019 1:00:20 AM com.sun.jersey.server.impl.application.WebApplicationImpl _initiate
INFO: Initiating Jersey application, version 'Jersey: 1.19 02/11/2015 03:25 AM'
Jul 14, 2019 1:00:20 AM com.sun.jersey.server.impl.application.WebApplicationImpl _initiate
INFO: Initiating Jersey application, version 'Jersey: 1.19 02/11/2015 03:25 AM'
Jul 14, 2019 1:00:20 AM com.sun.jersey.server.impl.application.WebApplicationImpl _initiate
INFO: Initiating Jersey application, version 'Jersey: 1.19 02/11/2015 03:25 AM'
Jul 14, 2019 1:00:20 AM com.sun.jersey.server.impl.application.WebApplicationImpl _initiate
INFO: Initiating Jersey application, version 'Jersey: 1.19 02/11/2015 03:25 AM'
Jul 14, 2019 1:00:21 AM com.sun.jersey.server.impl.application.WebApplicationImpl _initiate
INFO: Initiating Jersey application, version 'Jersey: 1.19 02/11/2015 03:25 AM'
]]></system-err>
  </testcase>
  <testcase name="testDatanodeFailureWithPreAllocation" classname="org.apache.hadoop.ozone.client.rpc.TestBlockOutputStreamWithFailures" time="226.815"/>
  <testcase name="testDatanodeFailureWithSingleNodeRatis" classname="org.apache.hadoop.ozone.client.rpc.TestBlockOutputStreamWithFailures" time="226.737"/>
  <testcase name="testWatchForCommitWithSingleNodeRatis" classname="org.apache.hadoop.ozone.client.rpc.TestBlockOutputStreamWithFailures" time="34.648">
    <error type="java.lang.IllegalArgumentException">java.lang.IllegalArgumentException
	at com.google.common.base.Preconditions.checkArgument(Preconditions.java:72)
	at org.apache.hadoop.hdds.scm.XceiverClientManager.acquireClient(XceiverClientManager.java:150)
	at org.apache.hadoop.hdds.scm.XceiverClientManager.acquireClientForReadData(XceiverClientManager.java:143)
	at org.apache.hadoop.hdds.scm.storage.BlockInputStream.getChunkInfos(BlockInputStream.java:154)
	at org.apache.hadoop.hdds.scm.storage.BlockInputStream.initialize(BlockInputStream.java:118)
	at org.apache.hadoop.hdds.scm.storage.BlockInputStream.read(BlockInputStream.java:222)
	at org.apache.hadoop.ozone.client.io.KeyInputStream.read(KeyInputStream.java:171)
	at org.apache.hadoop.ozone.client.io.OzoneInputStream.read(OzoneInputStream.java:47)
	at java.io.InputStream.read(InputStream.java:101)
	at org.apache.hadoop.ozone.container.ContainerTestHelper.validateData(ContainerTestHelper.java:709)
	at org.apache.hadoop.ozone.client.rpc.TestBlockOutputStreamWithFailures.validateData(TestBlockOutputStreamWithFailures.java:1212)
	at org.apache.hadoop.ozone.client.rpc.TestBlockOutputStreamWithFailures.testWatchForCommitWithSingleNodeRatis(TestBlockOutputStreamWithFailures.java:914)
	at sun.reflect.NativeMethodAccessorImpl.invoke0(Native Method)
	at sun.reflect.NativeMethodAccessorImpl.invoke(NativeMethodAccessorImpl.java:62)
	at sun.reflect.DelegatingMethodAccessorImpl.invoke(DelegatingMethodAccessorImpl.java:43)
	at java.lang.reflect.Method.invoke(Method.java:498)
	at org.junit.runners.model.FrameworkMethod$1.runReflectiveCall(FrameworkMethod.java:47)
	at org.junit.internal.runners.model.ReflectiveCallable.run(ReflectiveCallable.java:12)
	at org.junit.runners.model.FrameworkMethod.invokeExplosively(FrameworkMethod.java:44)
	at org.junit.internal.runners.statements.InvokeMethod.evaluate(InvokeMethod.java:17)
	at org.junit.internal.runners.statements.RunBefores.evaluate(RunBefores.java:26)
	at org.junit.internal.runners.statements.RunAfters.evaluate(RunAfters.java:27)
	at org.junit.runners.ParentRunner.runLeaf(ParentRunner.java:271)
	at org.junit.runners.BlockJUnit4ClassRunner.runChild(BlockJUnit4ClassRunner.java:70)
	at org.junit.runners.BlockJUnit4ClassRunner.runChild(BlockJUnit4ClassRunner.java:50)
	at org.junit.runners.ParentRunner$3.run(ParentRunner.java:238)
	at org.junit.runners.ParentRunner$1.schedule(ParentRunner.java:63)
	at org.junit.runners.ParentRunner.runChildren(ParentRunner.java:236)
	at org.junit.runners.ParentRunner.access$000(ParentRunner.java:53)
	at org.junit.runners.ParentRunner$2.evaluate(ParentRunner.java:229)
	at org.junit.runners.ParentRunner.run(ParentRunner.java:309)
	at org.apache.maven.surefire.junit4.JUnit4Provider.execute(JUnit4Provider.java:365)
	at org.apache.maven.surefire.junit4.JUnit4Provider.executeWithRerun(JUnit4Provider.java:273)
	at org.apache.maven.surefire.junit4.JUnit4Provider.executeTestSet(JUnit4Provider.java:238)
	at org.apache.maven.surefire.junit4.JUnit4Provider.invoke(JUnit4Provider.java:159)
	at org.apache.maven.surefire.booter.ForkedBooter.invokeProviderInSameClassLoader(ForkedBooter.java:384)
	at org.apache.maven.surefire.booter.ForkedBooter.runSuitesInProcess(ForkedBooter.java:345)
	at org.apache.maven.surefire.booter.ForkedBooter.execute(ForkedBooter.java:126)
	at org.apache.maven.surefire.booter.ForkedBooter.main(ForkedBooter.java:418)
</error>
    <system-out><![CDATA[2019-07-14 01:09:33,375 WARN  server.ServerUtils (ServerUtils.java:getScmDbDir(145)) - ozone.scm.db.dirs is not configured. We recommend adding this setting. Falling back to ozone.metadata.dirs instead.
2019-07-14 01:09:33,401 WARN  server.ServerUtils (ServerUtils.java:getScmDbDir(145)) - ozone.scm.db.dirs is not configured. We recommend adding this setting. Falling back to ozone.metadata.dirs instead.
2019-07-14 01:09:33,402 WARN  server.ServerUtils (ServerUtils.java:getScmDbDir(145)) - ozone.scm.db.dirs is not configured. We recommend adding this setting. Falling back to ozone.metadata.dirs instead.
2019-07-14 01:09:33,402 INFO  db.DBStoreBuilder (DBStoreBuilder.java:addTable(110)) - using custom profile for table: deletedBlocks
2019-07-14 01:09:33,403 INFO  db.DBStoreBuilder (DBStoreBuilder.java:processTables(161)) - Using default column profile:DBProfile.DISK for Table:deletedBlocks
2019-07-14 01:09:33,403 INFO  db.DBStoreBuilder (DBStoreBuilder.java:addTable(110)) - using custom profile for table: validCerts
2019-07-14 01:09:33,403 INFO  db.DBStoreBuilder (DBStoreBuilder.java:processTables(161)) - Using default column profile:DBProfile.DISK for Table:validCerts
2019-07-14 01:09:33,404 INFO  db.DBStoreBuilder (DBStoreBuilder.java:addTable(110)) - using custom profile for table: revokedCerts
2019-07-14 01:09:33,404 INFO  db.DBStoreBuilder (DBStoreBuilder.java:processTables(161)) - Using default column profile:DBProfile.DISK for Table:revokedCerts
2019-07-14 01:09:33,404 INFO  db.DBStoreBuilder (DBStoreBuilder.java:addTable(110)) - using custom profile for table: default
2019-07-14 01:09:33,404 INFO  db.DBStoreBuilder (DBStoreBuilder.java:processTables(167)) - Using default column profile:DBProfile.DISK for Table:default
2019-07-14 01:09:33,405 INFO  db.DBStoreBuilder (DBStoreBuilder.java:getDbProfile(198)) - Using default options. DBProfile.DISK
2019-07-14 01:09:33,569 INFO  net.NodeSchemaLoader (NodeSchemaLoader.java:loadSchemaFromFile(125)) - Loading file from sun.misc.CompoundEnumeration@2041c9a3
2019-07-14 01:09:33,569 INFO  net.NodeSchemaLoader (NodeSchemaLoader.java:loadSchema(171)) - Loading network topology layer schema file
2019-07-14 01:09:33,576 INFO  node.SCMNodeManager (SCMNodeManager.java:<init>(119)) - Entering startup safe mode.
2019-07-14 01:09:33,576 WARN  server.ServerUtils (ServerUtils.java:getScmDbDir(145)) - ozone.scm.db.dirs is not configured. We recommend adding this setting. Falling back to ozone.metadata.dirs instead.
2019-07-14 01:09:33,636 INFO  pipeline.SCMPipelineManager (SCMPipelineManager.java:initializePipelineState(126)) - No pipeline exists in current db
2019-07-14 01:09:33,636 WARN  server.ServerUtils (ServerUtils.java:getScmDbDir(145)) - ozone.scm.db.dirs is not configured. We recommend adding this setting. Falling back to ozone.metadata.dirs instead.
2019-07-14 01:09:33,689 WARN  events.EventQueue (EventQueue.java:fireEvent(175)) - No event handler registered for event TypedEvent{payloadType=SafeModeStatus, name='SafeModeStatus'}
2019-07-14 01:09:33,690 INFO  ipc.CallQueueManager (CallQueueManager.java:<init>(84)) - Using callQueue: class java.util.concurrent.LinkedBlockingQueue, queueCapacity: 2000, scheduler: class org.apache.hadoop.ipc.DefaultRpcScheduler, ipcBackoff: false.
2019-07-14 01:09:33,691 INFO  ipc.Server (Server.java:run(1074)) - Starting Socket Reader #1 for port 40076
2019-07-14 01:09:33,694 INFO  ipc.CallQueueManager (CallQueueManager.java:<init>(84)) - Using callQueue: class java.util.concurrent.LinkedBlockingQueue, queueCapacity: 2000, scheduler: class org.apache.hadoop.ipc.DefaultRpcScheduler, ipcBackoff: false.
2019-07-14 01:09:33,694 INFO  ipc.Server (Server.java:run(1074)) - Starting Socket Reader #1 for port 39071
2019-07-14 01:09:33,696 INFO  ipc.CallQueueManager (CallQueueManager.java:<init>(84)) - Using callQueue: class java.util.concurrent.LinkedBlockingQueue, queueCapacity: 2000, scheduler: class org.apache.hadoop.ipc.DefaultRpcScheduler, ipcBackoff: false.
2019-07-14 01:09:33,697 INFO  ipc.Server (Server.java:run(1074)) - Starting Socket Reader #1 for port 42639
2019-07-14 01:09:33,699 INFO  hdfs.DFSUtil (DFSUtil.java:httpServerTemplateForNNAndJN(1641)) - Starting Web-server for scm at: http://0.0.0.0:0
2019-07-14 01:09:33,702 INFO  server.AuthenticationFilter (AuthenticationFilter.java:constructSecretProvider(240)) - Unable to initialize FileSignerSecretProvider, falling back to use random secrets.
2019-07-14 01:09:33,703 WARN  http.HttpRequestLog (HttpRequestLog.java:getRequestLog(97)) - Jetty request log can only be enabled using Log4j
2019-07-14 01:09:33,705 INFO  http.HttpServer2 (HttpServer2.java:addGlobalFilter(975)) - Added global filter 'safety' (class=org.apache.hadoop.http.HttpServer2$QuotingInputFilter)
2019-07-14 01:09:33,706 INFO  http.HttpServer2 (HttpServer2.java:addFilter(948)) - Added filter static_user_filter (class=org.apache.hadoop.http.lib.StaticUserWebFilter$StaticUserFilter) to context scm
2019-07-14 01:09:33,706 INFO  http.HttpServer2 (HttpServer2.java:addFilter(958)) - Added filter static_user_filter (class=org.apache.hadoop.http.lib.StaticUserWebFilter$StaticUserFilter) to context logs
2019-07-14 01:09:33,706 INFO  http.HttpServer2 (HttpServer2.java:addFilter(958)) - Added filter static_user_filter (class=org.apache.hadoop.http.lib.StaticUserWebFilter$StaticUserFilter) to context static
2019-07-14 01:09:33,709 INFO  server.StorageContainerManager (StorageContainerManager.java:start(759)) - StorageContainerLocationProtocol RPC server is listening at /0.0.0.0:42639
2019-07-14 01:09:33,711 WARN  impl.MetricsConfig (MetricsConfig.java:loadFirst(134)) - Cannot locate configuration: tried hadoop-metrics2-storagecontainermanager.properties,hadoop-metrics2.properties
2019-07-14 01:09:33,712 INFO  impl.MetricsSystemImpl (MetricsSystemImpl.java:startTimer(374)) - Scheduled Metric snapshot period at 10 second(s).
2019-07-14 01:09:33,713 INFO  impl.MetricsSystemImpl (MetricsSystemImpl.java:start(191)) - StorageContainerManager metrics system started
2019-07-14 01:09:33,772 INFO  server.SCMClientProtocolServer (SCMClientProtocolServer.java:start(149)) - RPC server for Client  is listening at /0.0.0.0:42639
2019-07-14 01:09:33,772 INFO  ipc.Server (Server.java:run(1314)) - IPC Server Responder: starting
2019-07-14 01:09:33,773 INFO  ipc.Server (Server.java:run(1153)) - IPC Server listener on 42639: starting
2019-07-14 01:09:33,777 INFO  server.StorageContainerManager (StorageContainerManager.java:start(768)) - ScmBlockLocationProtocol RPC server is listening at /0.0.0.0:39071
2019-07-14 01:09:33,777 INFO  server.SCMBlockProtocolServer (SCMBlockProtocolServer.java:start(140)) - RPC server for Block Protocol is listening at /0.0.0.0:39071
2019-07-14 01:09:33,777 INFO  ipc.Server (Server.java:run(1314)) - IPC Server Responder: starting
2019-07-14 01:09:33,778 INFO  ipc.Server (Server.java:run(1153)) - IPC Server listener on 39071: starting
2019-07-14 01:09:33,782 INFO  server.StorageContainerManager (StorageContainerManager.java:start(772)) - ScmDatanodeProtocl RPC server is listening at /0.0.0.0:40076
2019-07-14 01:09:33,782 INFO  server.SCMDatanodeProtocolServer (SCMDatanodeProtocolServer.java:start(191)) - RPC server for DataNodes is listening at /0.0.0.0:40076
2019-07-14 01:09:33,783 INFO  ipc.Server (Server.java:run(1314)) - IPC Server Responder: starting
2019-07-14 01:09:33,783 INFO  ipc.Server (Server.java:run(1153)) - IPC Server listener on 40076: starting
2019-07-14 01:09:33,787 INFO  http.HttpServer2 (HttpServer2.java:bindListener(1191)) - Jetty bound to port 34439
2019-07-14 01:09:33,787 INFO  server.Server (Server.java:doStart(351)) - jetty-9.3.24.v20180605, build timestamp: 2018-06-05T17:11:56Z, git hash: 84205aa28f11a4f31f2a3b86d1bba2cc8ab69827
2019-07-14 01:09:33,789 INFO  handler.ContextHandler (ContextHandler.java:doStart(781)) - Started o.e.j.s.ServletContextHandler@6b286640{/logs,file:///tmp/workdir/hadoop-ozone/integration-test/target/log,AVAILABLE}
2019-07-14 01:09:33,790 INFO  handler.ContextHandler (ContextHandler.java:doStart(781)) - Started o.e.j.s.ServletContextHandler@628aea61{/static,file:///tmp/workdir/hadoop-ozone/integration-test/target/test-classes/webapps/static,AVAILABLE}
2019-07-14 01:09:33,795 INFO  handler.ContextHandler (ContextHandler.java:doStart(781)) - Started o.e.j.w.WebAppContext@811d8d6{/,file:///tmp/workdir/hadoop-ozone/integration-test/target/test-classes/webapps/scm/,AVAILABLE}{/scm}
2019-07-14 01:09:33,795 INFO  server.AbstractConnector (AbstractConnector.java:doStart(278)) - Started ServerConnector@7f57a7a4{HTTP/1.1,[http/1.1]}{0.0.0.0:34439}
2019-07-14 01:09:33,796 INFO  server.Server (Server.java:doStart(419)) - Started @560143ms
2019-07-14 01:09:33,798 INFO  server.BaseHttpServer (BaseHttpServer.java:updateConnectorAddress(207)) - HTTP server of SCM is listening at http://0.0.0.0:34439
2019-07-14 01:09:33,799 WARN  server.ServerUtils (ServerUtils.java:getDBPath(222)) - ozone.om.db.dirs is not configured. We recommend adding this setting. Falling back to ozone.metadata.dirs instead.
2019-07-14 01:09:33,799 INFO  util.JvmPauseMonitor (JvmPauseMonitor.java:run(188)) - Starting JVM pause monitor
2019-07-14 01:09:33,813 WARN  server.ServerUtils (ServerUtils.java:getDBPath(222)) - ozone.om.db.dirs is not configured. We recommend adding this setting. Falling back to ozone.metadata.dirs instead.
2019-07-14 01:09:33,814 INFO  om.OzoneManager (OzoneManager.java:setOMNodeDetails(630)) - OM Service ID is not set. Setting it to the default ID: omServiceIdDefault
2019-07-14 01:09:33,814 INFO  om.OzoneManager (OzoneManager.java:setOMNodeDetails(636)) - OM Node ID is not set. Setting it to the OmStorage's OmID: 271b969f-f9be-4515-b920-785ba89d9583
2019-07-14 01:09:33,814 INFO  om.OzoneManager (OzoneManager.java:loadOMHAConfigs(587)) - Found matching OM address with OMServiceId: null, OMNodeId: null, RPC Address: localhost:0 and Ratis port: 9872
2019-07-14 01:09:33,824 WARN  server.ServerUtils (ServerUtils.java:getDBPath(222)) - ozone.om.db.dirs is not configured. We recommend adding this setting. Falling back to ozone.metadata.dirs instead.
2019-07-14 01:09:33,824 INFO  db.DBStoreBuilder (DBStoreBuilder.java:addTable(110)) - using custom profile for table: userTable
2019-07-14 01:09:33,824 INFO  db.DBStoreBuilder (DBStoreBuilder.java:processTables(161)) - Using default column profile:DBProfile.DISK for Table:userTable
2019-07-14 01:09:33,825 INFO  db.DBStoreBuilder (DBStoreBuilder.java:addTable(110)) - using custom profile for table: volumeTable
2019-07-14 01:09:33,825 INFO  db.DBStoreBuilder (DBStoreBuilder.java:processTables(161)) - Using default column profile:DBProfile.DISK for Table:volumeTable
2019-07-14 01:09:33,825 INFO  db.DBStoreBuilder (DBStoreBuilder.java:addTable(110)) - using custom profile for table: bucketTable
2019-07-14 01:09:33,826 INFO  db.DBStoreBuilder (DBStoreBuilder.java:processTables(161)) - Using default column profile:DBProfile.DISK for Table:bucketTable
2019-07-14 01:09:33,826 INFO  db.DBStoreBuilder (DBStoreBuilder.java:addTable(110)) - using custom profile for table: keyTable
2019-07-14 01:09:33,826 INFO  db.DBStoreBuilder (DBStoreBuilder.java:processTables(161)) - Using default column profile:DBProfile.DISK for Table:keyTable
2019-07-14 01:09:33,827 INFO  db.DBStoreBuilder (DBStoreBuilder.java:addTable(110)) - using custom profile for table: deletedTable
2019-07-14 01:09:33,827 INFO  db.DBStoreBuilder (DBStoreBuilder.java:processTables(161)) - Using default column profile:DBProfile.DISK for Table:deletedTable
2019-07-14 01:09:33,827 INFO  db.DBStoreBuilder (DBStoreBuilder.java:addTable(110)) - using custom profile for table: openKeyTable
2019-07-14 01:09:33,827 INFO  db.DBStoreBuilder (DBStoreBuilder.java:processTables(161)) - Using default column profile:DBProfile.DISK for Table:openKeyTable
2019-07-14 01:09:33,828 INFO  db.DBStoreBuilder (DBStoreBuilder.java:addTable(110)) - using custom profile for table: s3Table
2019-07-14 01:09:33,828 INFO  db.DBStoreBuilder (DBStoreBuilder.java:processTables(161)) - Using default column profile:DBProfile.DISK for Table:s3Table
2019-07-14 01:09:33,828 INFO  db.DBStoreBuilder (DBStoreBuilder.java:addTable(110)) - using custom profile for table: multipartInfoTable
2019-07-14 01:09:33,828 INFO  db.DBStoreBuilder (DBStoreBuilder.java:processTables(161)) - Using default column profile:DBProfile.DISK for Table:multipartInfoTable
2019-07-14 01:09:33,829 INFO  db.DBStoreBuilder (DBStoreBuilder.java:addTable(110)) - using custom profile for table: dTokenTable
2019-07-14 01:09:33,829 INFO  db.DBStoreBuilder (DBStoreBuilder.java:processTables(161)) - Using default column profile:DBProfile.DISK for Table:dTokenTable
2019-07-14 01:09:33,829 INFO  db.DBStoreBuilder (DBStoreBuilder.java:addTable(110)) - using custom profile for table: s3SecretTable
2019-07-14 01:09:33,830 INFO  db.DBStoreBuilder (DBStoreBuilder.java:processTables(161)) - Using default column profile:DBProfile.DISK for Table:s3SecretTable
2019-07-14 01:09:33,830 INFO  db.DBStoreBuilder (DBStoreBuilder.java:addTable(110)) - using custom profile for table: prefixTable
2019-07-14 01:09:33,830 INFO  db.DBStoreBuilder (DBStoreBuilder.java:processTables(161)) - Using default column profile:DBProfile.DISK for Table:prefixTable
2019-07-14 01:09:33,830 INFO  db.DBStoreBuilder (DBStoreBuilder.java:addTable(110)) - using custom profile for table: default
2019-07-14 01:09:33,831 INFO  db.DBStoreBuilder (DBStoreBuilder.java:processTables(167)) - Using default column profile:DBProfile.DISK for Table:default
2019-07-14 01:09:33,831 INFO  db.DBStoreBuilder (DBStoreBuilder.java:getDbProfile(198)) - Using default options. DBProfile.DISK
2019-07-14 01:09:34,340 INFO  ipc.CallQueueManager (CallQueueManager.java:<init>(84)) - Using callQueue: class java.util.concurrent.LinkedBlockingQueue, queueCapacity: 2000, scheduler: class org.apache.hadoop.ipc.DefaultRpcScheduler, ipcBackoff: false.
2019-07-14 01:09:34,341 INFO  ipc.Server (Server.java:run(1074)) - Starting Socket Reader #1 for port 43840
2019-07-14 01:09:34,361 WARN  server.ServerUtils (ServerUtils.java:getDBPath(222)) - ozone.om.db.dirs is not configured. We recommend adding this setting. Falling back to ozone.metadata.dirs instead.
2019-07-14 01:09:34,362 INFO  om.OzoneManager (OzoneManager.java:start(1228)) - OzoneManager RPC server is listening at localhost/127.0.0.1:43840
2019-07-14 01:09:34,362 INFO  impl.MetricsSystemImpl (MetricsSystemImpl.java:init(158)) - OzoneManager metrics system started (again)
2019-07-14 01:09:34,366 INFO  ipc.Server (Server.java:run(1314)) - IPC Server Responder: starting
2019-07-14 01:09:34,366 INFO  ipc.Server (Server.java:run(1153)) - IPC Server listener on 43840: starting
2019-07-14 01:09:34,373 INFO  hdfs.DFSUtil (DFSUtil.java:httpServerTemplateForNNAndJN(1641)) - Starting Web-server for ozoneManager at: http://0.0.0.0:0
2019-07-14 01:09:34,374 INFO  server.AuthenticationFilter (AuthenticationFilter.java:constructSecretProvider(240)) - Unable to initialize FileSignerSecretProvider, falling back to use random secrets.
2019-07-14 01:09:34,375 WARN  http.HttpRequestLog (HttpRequestLog.java:getRequestLog(97)) - Jetty request log can only be enabled using Log4j
2019-07-14 01:09:34,377 INFO  http.HttpServer2 (HttpServer2.java:addGlobalFilter(975)) - Added global filter 'safety' (class=org.apache.hadoop.http.HttpServer2$QuotingInputFilter)
2019-07-14 01:09:34,377 INFO  http.HttpServer2 (HttpServer2.java:addFilter(948)) - Added filter static_user_filter (class=org.apache.hadoop.http.lib.StaticUserWebFilter$StaticUserFilter) to context ozoneManager
2019-07-14 01:09:34,378 INFO  http.HttpServer2 (HttpServer2.java:addFilter(958)) - Added filter static_user_filter (class=org.apache.hadoop.http.lib.StaticUserWebFilter$StaticUserFilter) to context logs
2019-07-14 01:09:34,378 INFO  http.HttpServer2 (HttpServer2.java:addFilter(958)) - Added filter static_user_filter (class=org.apache.hadoop.http.lib.StaticUserWebFilter$StaticUserFilter) to context static
2019-07-14 01:09:34,379 INFO  http.HttpServer2 (HttpServer2.java:bindListener(1191)) - Jetty bound to port 37551
2019-07-14 01:09:34,379 INFO  server.Server (Server.java:doStart(351)) - jetty-9.3.24.v20180605, build timestamp: 2018-06-05T17:11:56Z, git hash: 84205aa28f11a4f31f2a3b86d1bba2cc8ab69827
2019-07-14 01:09:34,381 INFO  handler.ContextHandler (ContextHandler.java:doStart(781)) - Started o.e.j.s.ServletContextHandler@294bb6ae{/logs,file:///tmp/workdir/hadoop-ozone/integration-test/target/log,AVAILABLE}
2019-07-14 01:09:34,382 INFO  handler.ContextHandler (ContextHandler.java:doStart(781)) - Started o.e.j.s.ServletContextHandler@71ac5723{/static,file:///tmp/workdir/hadoop-ozone/integration-test/target/test-classes/webapps/static,AVAILABLE}
2019-07-14 01:09:34,387 INFO  handler.ContextHandler (ContextHandler.java:doStart(781)) - Started o.e.j.w.WebAppContext@66576bd2{/,file:///tmp/workdir/hadoop-ozone/integration-test/target/test-classes/webapps/ozoneManager/,AVAILABLE}{/ozoneManager}
2019-07-14 01:09:34,387 INFO  server.AbstractConnector (AbstractConnector.java:doStart(278)) - Started ServerConnector@51bc649e{HTTP/1.1,[http/1.1]}{0.0.0.0:37551}
2019-07-14 01:09:34,388 INFO  server.Server (Server.java:doStart(419)) - Started @560735ms
2019-07-14 01:09:34,389 INFO  server.BaseHttpServer (BaseHttpServer.java:updateConnectorAddress(207)) - HTTP server of OZONEMANAGER is listening at http://0.0.0.0:37551
2019-07-14 01:09:34,405 INFO  impl.MetricsSystemImpl (MetricsSystemImpl.java:init(158)) - HddsDatanode metrics system started (again)
2019-07-14 01:09:34,406 INFO  ozone.HddsDatanodeService (HddsDatanodeService.java:start(185)) - HddsDatanodeService host:trunk-nightly-sxkq5-3320257302 ip:192.168.157.230
2019-07-14 01:09:34,587 INFO  volume.HddsVolume (HddsVolume.java:<init>(176)) - Creating Volume: /tmp/workdir/hadoop-ozone/integration-test/target/test-dir/MiniOzoneClusterImpl-be3e5e2d-80a6-43b2-9494-bdc454344409/datanode-0/data/containers/hdds of  storage type : DISK and capacity : 52710309888
2019-07-14 01:09:34,588 INFO  volume.VolumeSet (VolumeSet.java:initializeVolumeSet(170)) - Added Volume : /tmp/workdir/hadoop-ozone/integration-test/target/test-dir/MiniOzoneClusterImpl-be3e5e2d-80a6-43b2-9494-bdc454344409/datanode-0/data/containers/hdds to VolumeSet
2019-07-14 01:09:34,588 INFO  volume.ThrottledAsyncChecker (ThrottledAsyncChecker.java:schedule(140)) - Scheduling a check for org.apache.hadoop.ozone.container.common.volume.HddsVolume@469bd719
2019-07-14 01:09:34,590 INFO  volume.HddsVolumeChecker (HddsVolumeChecker.java:checkAllVolumes(203)) - Scheduled health check for volume org.apache.hadoop.ozone.container.common.volume.HddsVolume@469bd719
2019-07-14 01:09:34,611 INFO  impl.RaftServerProxy (ConfUtils.java:logGet(43)) - raft.rpc.type = GRPC (default)
2019-07-14 01:09:34,611 INFO  grpc.GrpcFactory (GrpcFactory.java:checkPooledByteBufAllocatorUseCacheForAllThreads(45)) - PERFORMANCE WARNING: useCacheForAllThreads is true that may cause Netty to create a lot garbage objects and, as a result, trigger GC.
	It is recommended to disable useCacheForAllThreads by setting -Dorg.apache.ratis.thirdparty.io.netty.allocator.useCacheForAllThreads=false in command line.
2019-07-14 01:09:34,612 INFO  grpc.GrpcConfigKeys$Server (ConfUtils.java:logGet(43)) - raft.grpc.server.port = 0 (default)
2019-07-14 01:09:34,612 INFO  server.GrpcService (ConfUtils.java:logGet(43)) - raft.grpc.message.size.max = 33570816 (custom)
2019-07-14 01:09:34,612 INFO  server.RaftServerConfigKeys (ConfUtils.java:logGet(43)) - raft.server.log.appender.buffer.byte-limit = 33554432 (custom)
2019-07-14 01:09:34,612 INFO  server.GrpcService (ConfUtils.java:logGet(43)) - raft.grpc.flow.control.window = 1MB (=1048576) (default)
2019-07-14 01:09:34,613 INFO  server.RaftServerConfigKeys (ConfUtils.java:logGet(43)) - raft.server.rpc.request.timeout = 3000ms (default)
2019-07-14 01:09:34,613 INFO  server.RaftServerConfigKeys (ConfUtils.java:logGet(43)) - raft.server.storage.dir = [/tmp/workdir/hadoop-ozone/integration-test/target/test-dir/MiniOzoneClusterImpl-be3e5e2d-80a6-43b2-9494-bdc454344409/datanode-0/data/ratis] (custom)
2019-07-14 01:09:34,614 INFO  replication.SimpleContainerDownloader (SimpleContainerDownloader.java:<init>(72)) - Starting container downloader service to copy containers to replicate.
2019-07-14 01:09:34,615 INFO  hdfs.DFSUtil (DFSUtil.java:httpServerTemplateForNNAndJN(1641)) - Starting Web-server for hddsDatanode at: http://0.0.0.0:0
2019-07-14 01:09:34,617 INFO  server.AuthenticationFilter (AuthenticationFilter.java:constructSecretProvider(240)) - Unable to initialize FileSignerSecretProvider, falling back to use random secrets.
2019-07-14 01:09:34,617 WARN  http.HttpRequestLog (HttpRequestLog.java:getRequestLog(97)) - Jetty request log can only be enabled using Log4j
2019-07-14 01:09:34,619 INFO  http.HttpServer2 (HttpServer2.java:addGlobalFilter(975)) - Added global filter 'safety' (class=org.apache.hadoop.http.HttpServer2$QuotingInputFilter)
2019-07-14 01:09:34,620 INFO  http.HttpServer2 (HttpServer2.java:addFilter(948)) - Added filter static_user_filter (class=org.apache.hadoop.http.lib.StaticUserWebFilter$StaticUserFilter) to context hddsDatanode
2019-07-14 01:09:34,620 INFO  http.HttpServer2 (HttpServer2.java:addFilter(958)) - Added filter static_user_filter (class=org.apache.hadoop.http.lib.StaticUserWebFilter$StaticUserFilter) to context static
2019-07-14 01:09:34,620 INFO  http.HttpServer2 (HttpServer2.java:addFilter(958)) - Added filter static_user_filter (class=org.apache.hadoop.http.lib.StaticUserWebFilter$StaticUserFilter) to context logs
2019-07-14 01:09:34,621 INFO  http.HttpServer2 (HttpServer2.java:bindListener(1191)) - Jetty bound to port 35088
2019-07-14 01:09:34,621 INFO  server.Server (Server.java:doStart(351)) - jetty-9.3.24.v20180605, build timestamp: 2018-06-05T17:11:56Z, git hash: 84205aa28f11a4f31f2a3b86d1bba2cc8ab69827
2019-07-14 01:09:34,623 INFO  handler.ContextHandler (ContextHandler.java:doStart(781)) - Started o.e.j.s.ServletContextHandler@25890ce3{/logs,file:///tmp/workdir/hadoop-ozone/integration-test/target/log,AVAILABLE}
2019-07-14 01:09:34,624 INFO  handler.ContextHandler (ContextHandler.java:doStart(781)) - Started o.e.j.s.ServletContextHandler@25da1dc9{/static,jar:file:/home/user/.m2/repository/org/apache/hadoop/hadoop-hdds-container-service/0.5.0-SNAPSHOT/hadoop-hdds-container-service-0.5.0-SNAPSHOT.jar!/webapps/static,AVAILABLE}
2019-07-14 01:09:34,658 INFO  handler.ContextHandler (ContextHandler.java:doStart(781)) - Started o.e.j.w.WebAppContext@669469c9{/,file:///tmp/jetty-0.0.0.0-35088-hddsDatanode-_-any-706060444862535545.dir/webapp/,AVAILABLE}{/hddsDatanode}
2019-07-14 01:09:34,659 INFO  server.AbstractConnector (AbstractConnector.java:doStart(278)) - Started ServerConnector@7f39ad3f{HTTP/1.1,[http/1.1]}{0.0.0.0:35088}
2019-07-14 01:09:34,660 INFO  server.Server (Server.java:doStart(419)) - Started @561006ms
2019-07-14 01:09:34,661 INFO  server.BaseHttpServer (BaseHttpServer.java:updateConnectorAddress(207)) - HTTP server of HDDSDATANODE is listening at http://0.0.0.0:35088
2019-07-14 01:09:34,764 INFO  ozone.HddsDatanodeService (HddsDatanodeService.java:startPlugins(396)) - Started plug-in org.apache.hadoop.ozone.web.OzoneHddsDatanodeService@7d1cfe97
2019-07-14 01:09:34,764 INFO  impl.MetricsSystemImpl (MetricsSystemImpl.java:init(158)) - HddsDatanode metrics system started (again)
2019-07-14 01:09:34,766 INFO  ozone.HddsDatanodeService (HddsDatanodeService.java:start(185)) - HddsDatanodeService host:trunk-nightly-sxkq5-3320257302 ip:192.168.157.230
2019-07-14 01:09:34,769 INFO  util.JvmPauseMonitor (JvmPauseMonitor.java:run(188)) - Starting JVM pause monitor
2019-07-14 01:09:34,771 INFO  datanode.InitDatanodeState (InitDatanodeState.java:persistContainerDatanodeDetails(140)) - DatanodeDetails is persisted to /tmp/workdir/hadoop-ozone/integration-test/target/test-dir/MiniOzoneClusterImpl-be3e5e2d-80a6-43b2-9494-bdc454344409/datanode-0/meta/datanode.id
2019-07-14 01:09:34,776 INFO  volume.HddsVolume (HddsVolume.java:<init>(176)) - Creating Volume: /tmp/workdir/hadoop-ozone/integration-test/target/test-dir/MiniOzoneClusterImpl-be3e5e2d-80a6-43b2-9494-bdc454344409/datanode-1/data/containers/hdds of  storage type : DISK and capacity : 52710309888
2019-07-14 01:09:34,777 INFO  volume.VolumeSet (VolumeSet.java:initializeVolumeSet(170)) - Added Volume : /tmp/workdir/hadoop-ozone/integration-test/target/test-dir/MiniOzoneClusterImpl-be3e5e2d-80a6-43b2-9494-bdc454344409/datanode-1/data/containers/hdds to VolumeSet
2019-07-14 01:09:34,777 INFO  volume.ThrottledAsyncChecker (ThrottledAsyncChecker.java:schedule(140)) - Scheduling a check for org.apache.hadoop.ozone.container.common.volume.HddsVolume@641ab175
2019-07-14 01:09:34,777 INFO  volume.HddsVolumeChecker (HddsVolumeChecker.java:checkAllVolumes(203)) - Scheduled health check for volume org.apache.hadoop.ozone.container.common.volume.HddsVolume@641ab175
2019-07-14 01:09:34,790 INFO  impl.RaftServerProxy (ConfUtils.java:logGet(43)) - raft.rpc.type = GRPC (default)
2019-07-14 01:09:34,790 INFO  grpc.GrpcFactory (GrpcFactory.java:checkPooledByteBufAllocatorUseCacheForAllThreads(45)) - PERFORMANCE WARNING: useCacheForAllThreads is true that may cause Netty to create a lot garbage objects and, as a result, trigger GC.
	It is recommended to disable useCacheForAllThreads by setting -Dorg.apache.ratis.thirdparty.io.netty.allocator.useCacheForAllThreads=false in command line.
2019-07-14 01:09:34,790 INFO  grpc.GrpcConfigKeys$Server (ConfUtils.java:logGet(43)) - raft.grpc.server.port = 0 (default)
2019-07-14 01:09:34,790 INFO  server.GrpcService (ConfUtils.java:logGet(43)) - raft.grpc.message.size.max = 33570816 (custom)
2019-07-14 01:09:34,791 INFO  server.RaftServerConfigKeys (ConfUtils.java:logGet(43)) - raft.server.log.appender.buffer.byte-limit = 33554432 (custom)
2019-07-14 01:09:34,791 INFO  server.GrpcService (ConfUtils.java:logGet(43)) - raft.grpc.flow.control.window = 1MB (=1048576) (default)
2019-07-14 01:09:34,791 INFO  server.RaftServerConfigKeys (ConfUtils.java:logGet(43)) - raft.server.rpc.request.timeout = 3000ms (default)
2019-07-14 01:09:34,791 INFO  server.RaftServerConfigKeys (ConfUtils.java:logGet(43)) - raft.server.storage.dir = [/tmp/workdir/hadoop-ozone/integration-test/target/test-dir/MiniOzoneClusterImpl-be3e5e2d-80a6-43b2-9494-bdc454344409/datanode-1/data/ratis] (custom)
2019-07-14 01:09:34,792 INFO  replication.SimpleContainerDownloader (SimpleContainerDownloader.java:<init>(72)) - Starting container downloader service to copy containers to replicate.
2019-07-14 01:09:34,793 INFO  hdfs.DFSUtil (DFSUtil.java:httpServerTemplateForNNAndJN(1641)) - Starting Web-server for hddsDatanode at: http://0.0.0.0:0
2019-07-14 01:09:34,794 INFO  server.AuthenticationFilter (AuthenticationFilter.java:constructSecretProvider(240)) - Unable to initialize FileSignerSecretProvider, falling back to use random secrets.
2019-07-14 01:09:34,794 WARN  http.HttpRequestLog (HttpRequestLog.java:getRequestLog(97)) - Jetty request log can only be enabled using Log4j
2019-07-14 01:09:34,795 INFO  http.HttpServer2 (HttpServer2.java:addGlobalFilter(975)) - Added global filter 'safety' (class=org.apache.hadoop.http.HttpServer2$QuotingInputFilter)
2019-07-14 01:09:34,796 INFO  http.HttpServer2 (HttpServer2.java:addFilter(948)) - Added filter static_user_filter (class=org.apache.hadoop.http.lib.StaticUserWebFilter$StaticUserFilter) to context hddsDatanode
2019-07-14 01:09:34,796 INFO  http.HttpServer2 (HttpServer2.java:addFilter(958)) - Added filter static_user_filter (class=org.apache.hadoop.http.lib.StaticUserWebFilter$StaticUserFilter) to context logs
2019-07-14 01:09:34,796 INFO  http.HttpServer2 (HttpServer2.java:addFilter(958)) - Added filter static_user_filter (class=org.apache.hadoop.http.lib.StaticUserWebFilter$StaticUserFilter) to context static
2019-07-14 01:09:34,797 INFO  http.HttpServer2 (HttpServer2.java:bindListener(1191)) - Jetty bound to port 38249
2019-07-14 01:09:34,797 INFO  server.Server (Server.java:doStart(351)) - jetty-9.3.24.v20180605, build timestamp: 2018-06-05T17:11:56Z, git hash: 84205aa28f11a4f31f2a3b86d1bba2cc8ab69827
2019-07-14 01:09:34,798 INFO  handler.ContextHandler (ContextHandler.java:doStart(781)) - Started o.e.j.s.ServletContextHandler@34604b32{/logs,file:///tmp/workdir/hadoop-ozone/integration-test/target/log,AVAILABLE}
2019-07-14 01:09:34,799 INFO  handler.ContextHandler (ContextHandler.java:doStart(781)) - Started o.e.j.s.ServletContextHandler@5354bfce{/static,jar:file:/home/user/.m2/repository/org/apache/hadoop/hadoop-hdds-container-service/0.5.0-SNAPSHOT/hadoop-hdds-container-service-0.5.0-SNAPSHOT.jar!/webapps/static,AVAILABLE}
2019-07-14 01:09:34,825 INFO  handler.ContextHandler (ContextHandler.java:doStart(781)) - Started o.e.j.w.WebAppContext@5d260494{/,file:///tmp/jetty-0.0.0.0-38249-hddsDatanode-_-any-8727214486441605477.dir/webapp/,AVAILABLE}{/hddsDatanode}
2019-07-14 01:09:34,826 INFO  server.AbstractConnector (AbstractConnector.java:doStart(278)) - Started ServerConnector@d43f205{HTTP/1.1,[http/1.1]}{0.0.0.0:38249}
2019-07-14 01:09:34,827 INFO  server.Server (Server.java:doStart(419)) - Started @561173ms
2019-07-14 01:09:34,827 INFO  server.BaseHttpServer (BaseHttpServer.java:updateConnectorAddress(207)) - HTTP server of HDDSDATANODE is listening at http://0.0.0.0:38249
2019-07-14 01:09:34,926 INFO  ozone.HddsDatanodeService (HddsDatanodeService.java:startPlugins(396)) - Started plug-in org.apache.hadoop.ozone.web.OzoneHddsDatanodeService@125ba798
2019-07-14 01:09:34,926 INFO  impl.MetricsSystemImpl (MetricsSystemImpl.java:init(158)) - HddsDatanode metrics system started (again)
2019-07-14 01:09:34,929 INFO  ozone.HddsDatanodeService (HddsDatanodeService.java:start(185)) - HddsDatanodeService host:trunk-nightly-sxkq5-3320257302 ip:192.168.157.230
2019-07-14 01:09:34,930 INFO  util.JvmPauseMonitor (JvmPauseMonitor.java:run(188)) - Starting JVM pause monitor
2019-07-14 01:09:34,931 INFO  datanode.InitDatanodeState (InitDatanodeState.java:persistContainerDatanodeDetails(140)) - DatanodeDetails is persisted to /tmp/workdir/hadoop-ozone/integration-test/target/test-dir/MiniOzoneClusterImpl-be3e5e2d-80a6-43b2-9494-bdc454344409/datanode-1/meta/datanode.id
2019-07-14 01:09:34,939 INFO  volume.HddsVolume (HddsVolume.java:<init>(176)) - Creating Volume: /tmp/workdir/hadoop-ozone/integration-test/target/test-dir/MiniOzoneClusterImpl-be3e5e2d-80a6-43b2-9494-bdc454344409/datanode-2/data/containers/hdds of  storage type : DISK and capacity : 52710309888
2019-07-14 01:09:34,940 INFO  volume.VolumeSet (VolumeSet.java:initializeVolumeSet(170)) - Added Volume : /tmp/workdir/hadoop-ozone/integration-test/target/test-dir/MiniOzoneClusterImpl-be3e5e2d-80a6-43b2-9494-bdc454344409/datanode-2/data/containers/hdds to VolumeSet
2019-07-14 01:09:34,940 INFO  volume.ThrottledAsyncChecker (ThrottledAsyncChecker.java:schedule(140)) - Scheduling a check for org.apache.hadoop.ozone.container.common.volume.HddsVolume@31daf094
2019-07-14 01:09:34,940 INFO  volume.HddsVolumeChecker (HddsVolumeChecker.java:checkAllVolumes(203)) - Scheduled health check for volume org.apache.hadoop.ozone.container.common.volume.HddsVolume@31daf094
2019-07-14 01:09:34,960 INFO  impl.RaftServerProxy (ConfUtils.java:logGet(43)) - raft.rpc.type = GRPC (default)
2019-07-14 01:09:34,961 INFO  grpc.GrpcFactory (GrpcFactory.java:checkPooledByteBufAllocatorUseCacheForAllThreads(45)) - PERFORMANCE WARNING: useCacheForAllThreads is true that may cause Netty to create a lot garbage objects and, as a result, trigger GC.
	It is recommended to disable useCacheForAllThreads by setting -Dorg.apache.ratis.thirdparty.io.netty.allocator.useCacheForAllThreads=false in command line.
2019-07-14 01:09:34,961 INFO  grpc.GrpcConfigKeys$Server (ConfUtils.java:logGet(43)) - raft.grpc.server.port = 0 (default)
2019-07-14 01:09:34,961 INFO  server.GrpcService (ConfUtils.java:logGet(43)) - raft.grpc.message.size.max = 33570816 (custom)
2019-07-14 01:09:34,962 INFO  server.RaftServerConfigKeys (ConfUtils.java:logGet(43)) - raft.server.log.appender.buffer.byte-limit = 33554432 (custom)
2019-07-14 01:09:34,962 INFO  server.GrpcService (ConfUtils.java:logGet(43)) - raft.grpc.flow.control.window = 1MB (=1048576) (default)
2019-07-14 01:09:34,962 INFO  server.RaftServerConfigKeys (ConfUtils.java:logGet(43)) - raft.server.rpc.request.timeout = 3000ms (default)
2019-07-14 01:09:34,963 INFO  server.RaftServerConfigKeys (ConfUtils.java:logGet(43)) - raft.server.storage.dir = [/tmp/workdir/hadoop-ozone/integration-test/target/test-dir/MiniOzoneClusterImpl-be3e5e2d-80a6-43b2-9494-bdc454344409/datanode-2/data/ratis] (custom)
2019-07-14 01:09:34,963 INFO  replication.SimpleContainerDownloader (SimpleContainerDownloader.java:<init>(72)) - Starting container downloader service to copy containers to replicate.
2019-07-14 01:09:34,964 INFO  hdfs.DFSUtil (DFSUtil.java:httpServerTemplateForNNAndJN(1641)) - Starting Web-server for hddsDatanode at: http://0.0.0.0:0
2019-07-14 01:09:34,965 INFO  server.AuthenticationFilter (AuthenticationFilter.java:constructSecretProvider(240)) - Unable to initialize FileSignerSecretProvider, falling back to use random secrets.
2019-07-14 01:09:34,966 WARN  http.HttpRequestLog (HttpRequestLog.java:getRequestLog(97)) - Jetty request log can only be enabled using Log4j
2019-07-14 01:09:34,968 INFO  http.HttpServer2 (HttpServer2.java:addGlobalFilter(975)) - Added global filter 'safety' (class=org.apache.hadoop.http.HttpServer2$QuotingInputFilter)
2019-07-14 01:09:34,969 INFO  http.HttpServer2 (HttpServer2.java:addFilter(948)) - Added filter static_user_filter (class=org.apache.hadoop.http.lib.StaticUserWebFilter$StaticUserFilter) to context hddsDatanode
2019-07-14 01:09:34,969 INFO  http.HttpServer2 (HttpServer2.java:addFilter(958)) - Added filter static_user_filter (class=org.apache.hadoop.http.lib.StaticUserWebFilter$StaticUserFilter) to context static
2019-07-14 01:09:34,969 INFO  http.HttpServer2 (HttpServer2.java:addFilter(958)) - Added filter static_user_filter (class=org.apache.hadoop.http.lib.StaticUserWebFilter$StaticUserFilter) to context logs
2019-07-14 01:09:34,970 INFO  http.HttpServer2 (HttpServer2.java:bindListener(1191)) - Jetty bound to port 44395
2019-07-14 01:09:34,970 INFO  server.Server (Server.java:doStart(351)) - jetty-9.3.24.v20180605, build timestamp: 2018-06-05T17:11:56Z, git hash: 84205aa28f11a4f31f2a3b86d1bba2cc8ab69827
2019-07-14 01:09:34,973 INFO  handler.ContextHandler (ContextHandler.java:doStart(781)) - Started o.e.j.s.ServletContextHandler@1d0fc0bc{/logs,file:///tmp/workdir/hadoop-ozone/integration-test/target/log,AVAILABLE}
2019-07-14 01:09:34,973 INFO  handler.ContextHandler (ContextHandler.java:doStart(781)) - Started o.e.j.s.ServletContextHandler@1735e1c4{/static,jar:file:/home/user/.m2/repository/org/apache/hadoop/hadoop-hdds-container-service/0.5.0-SNAPSHOT/hadoop-hdds-container-service-0.5.0-SNAPSHOT.jar!/webapps/static,AVAILABLE}
2019-07-14 01:09:35,017 INFO  handler.ContextHandler (ContextHandler.java:doStart(781)) - Started o.e.j.w.WebAppContext@a70daf4{/,file:///tmp/jetty-0.0.0.0-44395-hddsDatanode-_-any-2075238933233563330.dir/webapp/,AVAILABLE}{/hddsDatanode}
2019-07-14 01:09:35,017 INFO  server.AbstractConnector (AbstractConnector.java:doStart(278)) - Started ServerConnector@6344004d{HTTP/1.1,[http/1.1]}{0.0.0.0:44395}
2019-07-14 01:09:35,019 INFO  server.Server (Server.java:doStart(419)) - Started @561365ms
2019-07-14 01:09:35,020 INFO  server.BaseHttpServer (BaseHttpServer.java:updateConnectorAddress(207)) - HTTP server of HDDSDATANODE is listening at http://0.0.0.0:44395
2019-07-14 01:09:35,130 INFO  ozone.HddsDatanodeService (HddsDatanodeService.java:startPlugins(396)) - Started plug-in org.apache.hadoop.ozone.web.OzoneHddsDatanodeService@4202bfe8
2019-07-14 01:09:35,130 INFO  impl.MetricsSystemImpl (MetricsSystemImpl.java:init(158)) - HddsDatanode metrics system started (again)
2019-07-14 01:09:35,132 INFO  ozone.HddsDatanodeService (HddsDatanodeService.java:start(185)) - HddsDatanodeService host:trunk-nightly-sxkq5-3320257302 ip:192.168.157.230
2019-07-14 01:09:35,134 INFO  util.JvmPauseMonitor (JvmPauseMonitor.java:run(188)) - Starting JVM pause monitor
2019-07-14 01:09:35,136 INFO  datanode.InitDatanodeState (InitDatanodeState.java:persistContainerDatanodeDetails(140)) - DatanodeDetails is persisted to /tmp/workdir/hadoop-ozone/integration-test/target/test-dir/MiniOzoneClusterImpl-be3e5e2d-80a6-43b2-9494-bdc454344409/datanode-2/meta/datanode.id
2019-07-14 01:09:35,143 INFO  volume.HddsVolume (HddsVolume.java:<init>(176)) - Creating Volume: /tmp/workdir/hadoop-ozone/integration-test/target/test-dir/MiniOzoneClusterImpl-be3e5e2d-80a6-43b2-9494-bdc454344409/datanode-3/data/containers/hdds of  storage type : DISK and capacity : 52710309888
2019-07-14 01:09:35,143 INFO  volume.VolumeSet (VolumeSet.java:initializeVolumeSet(170)) - Added Volume : /tmp/workdir/hadoop-ozone/integration-test/target/test-dir/MiniOzoneClusterImpl-be3e5e2d-80a6-43b2-9494-bdc454344409/datanode-3/data/containers/hdds to VolumeSet
2019-07-14 01:09:35,144 INFO  volume.ThrottledAsyncChecker (ThrottledAsyncChecker.java:schedule(140)) - Scheduling a check for org.apache.hadoop.ozone.container.common.volume.HddsVolume@92775a3
2019-07-14 01:09:35,144 INFO  volume.HddsVolumeChecker (HddsVolumeChecker.java:checkAllVolumes(203)) - Scheduled health check for volume org.apache.hadoop.ozone.container.common.volume.HddsVolume@92775a3
2019-07-14 01:09:35,159 INFO  impl.RaftServerProxy (ConfUtils.java:logGet(43)) - raft.rpc.type = GRPC (default)
2019-07-14 01:09:35,159 INFO  grpc.GrpcFactory (GrpcFactory.java:checkPooledByteBufAllocatorUseCacheForAllThreads(45)) - PERFORMANCE WARNING: useCacheForAllThreads is true that may cause Netty to create a lot garbage objects and, as a result, trigger GC.
	It is recommended to disable useCacheForAllThreads by setting -Dorg.apache.ratis.thirdparty.io.netty.allocator.useCacheForAllThreads=false in command line.
2019-07-14 01:09:35,160 INFO  grpc.GrpcConfigKeys$Server (ConfUtils.java:logGet(43)) - raft.grpc.server.port = 0 (default)
2019-07-14 01:09:35,160 INFO  server.GrpcService (ConfUtils.java:logGet(43)) - raft.grpc.message.size.max = 33570816 (custom)
2019-07-14 01:09:35,160 INFO  server.RaftServerConfigKeys (ConfUtils.java:logGet(43)) - raft.server.log.appender.buffer.byte-limit = 33554432 (custom)
2019-07-14 01:09:35,160 INFO  server.GrpcService (ConfUtils.java:logGet(43)) - raft.grpc.flow.control.window = 1MB (=1048576) (default)
2019-07-14 01:09:35,160 INFO  server.RaftServerConfigKeys (ConfUtils.java:logGet(43)) - raft.server.rpc.request.timeout = 3000ms (default)
2019-07-14 01:09:35,161 INFO  server.RaftServerConfigKeys (ConfUtils.java:logGet(43)) - raft.server.storage.dir = [/tmp/workdir/hadoop-ozone/integration-test/target/test-dir/MiniOzoneClusterImpl-be3e5e2d-80a6-43b2-9494-bdc454344409/datanode-3/data/ratis] (custom)
2019-07-14 01:09:35,161 INFO  replication.SimpleContainerDownloader (SimpleContainerDownloader.java:<init>(72)) - Starting container downloader service to copy containers to replicate.
2019-07-14 01:09:35,162 INFO  hdfs.DFSUtil (DFSUtil.java:httpServerTemplateForNNAndJN(1641)) - Starting Web-server for hddsDatanode at: http://0.0.0.0:0
2019-07-14 01:09:35,163 INFO  server.AuthenticationFilter (AuthenticationFilter.java:constructSecretProvider(240)) - Unable to initialize FileSignerSecretProvider, falling back to use random secrets.
2019-07-14 01:09:35,164 WARN  http.HttpRequestLog (HttpRequestLog.java:getRequestLog(97)) - Jetty request log can only be enabled using Log4j
2019-07-14 01:09:35,165 INFO  http.HttpServer2 (HttpServer2.java:addGlobalFilter(975)) - Added global filter 'safety' (class=org.apache.hadoop.http.HttpServer2$QuotingInputFilter)
2019-07-14 01:09:35,165 INFO  http.HttpServer2 (HttpServer2.java:addFilter(948)) - Added filter static_user_filter (class=org.apache.hadoop.http.lib.StaticUserWebFilter$StaticUserFilter) to context hddsDatanode
2019-07-14 01:09:35,165 INFO  http.HttpServer2 (HttpServer2.java:addFilter(958)) - Added filter static_user_filter (class=org.apache.hadoop.http.lib.StaticUserWebFilter$StaticUserFilter) to context logs
2019-07-14 01:09:35,166 INFO  http.HttpServer2 (HttpServer2.java:addFilter(958)) - Added filter static_user_filter (class=org.apache.hadoop.http.lib.StaticUserWebFilter$StaticUserFilter) to context static
2019-07-14 01:09:35,166 INFO  http.HttpServer2 (HttpServer2.java:bindListener(1191)) - Jetty bound to port 37236
2019-07-14 01:09:35,166 INFO  server.Server (Server.java:doStart(351)) - jetty-9.3.24.v20180605, build timestamp: 2018-06-05T17:11:56Z, git hash: 84205aa28f11a4f31f2a3b86d1bba2cc8ab69827
2019-07-14 01:09:35,168 INFO  handler.ContextHandler (ContextHandler.java:doStart(781)) - Started o.e.j.s.ServletContextHandler@56017274{/logs,file:///tmp/workdir/hadoop-ozone/integration-test/target/log,AVAILABLE}
2019-07-14 01:09:35,169 INFO  handler.ContextHandler (ContextHandler.java:doStart(781)) - Started o.e.j.s.ServletContextHandler@23adbd6b{/static,jar:file:/home/user/.m2/repository/org/apache/hadoop/hadoop-hdds-container-service/0.5.0-SNAPSHOT/hadoop-hdds-container-service-0.5.0-SNAPSHOT.jar!/webapps/static,AVAILABLE}
2019-07-14 01:09:35,196 INFO  handler.ContextHandler (ContextHandler.java:doStart(781)) - Started o.e.j.w.WebAppContext@4e93d23e{/,file:///tmp/jetty-0.0.0.0-37236-hddsDatanode-_-any-8654059488605004918.dir/webapp/,AVAILABLE}{/hddsDatanode}
2019-07-14 01:09:35,196 INFO  server.AbstractConnector (AbstractConnector.java:doStart(278)) - Started ServerConnector@743b7025{HTTP/1.1,[http/1.1]}{0.0.0.0:37236}
2019-07-14 01:09:35,199 INFO  server.Server (Server.java:doStart(419)) - Started @561545ms
2019-07-14 01:09:35,200 INFO  server.BaseHttpServer (BaseHttpServer.java:updateConnectorAddress(207)) - HTTP server of HDDSDATANODE is listening at http://0.0.0.0:37236
2019-07-14 01:09:35,297 INFO  ozone.HddsDatanodeService (HddsDatanodeService.java:startPlugins(396)) - Started plug-in org.apache.hadoop.ozone.web.OzoneHddsDatanodeService@e30a8ef
2019-07-14 01:09:35,298 INFO  impl.MetricsSystemImpl (MetricsSystemImpl.java:init(158)) - HddsDatanode metrics system started (again)
2019-07-14 01:09:35,300 INFO  ozone.HddsDatanodeService (HddsDatanodeService.java:start(185)) - HddsDatanodeService host:trunk-nightly-sxkq5-3320257302 ip:192.168.157.230
2019-07-14 01:09:35,301 INFO  util.JvmPauseMonitor (JvmPauseMonitor.java:run(188)) - Starting JVM pause monitor
2019-07-14 01:09:35,303 INFO  datanode.InitDatanodeState (InitDatanodeState.java:persistContainerDatanodeDetails(140)) - DatanodeDetails is persisted to /tmp/workdir/hadoop-ozone/integration-test/target/test-dir/MiniOzoneClusterImpl-be3e5e2d-80a6-43b2-9494-bdc454344409/datanode-3/meta/datanode.id
2019-07-14 01:09:35,311 INFO  volume.HddsVolume (HddsVolume.java:<init>(176)) - Creating Volume: /tmp/workdir/hadoop-ozone/integration-test/target/test-dir/MiniOzoneClusterImpl-be3e5e2d-80a6-43b2-9494-bdc454344409/datanode-4/data/containers/hdds of  storage type : DISK and capacity : 52710309888
2019-07-14 01:09:35,311 INFO  volume.VolumeSet (VolumeSet.java:initializeVolumeSet(170)) - Added Volume : /tmp/workdir/hadoop-ozone/integration-test/target/test-dir/MiniOzoneClusterImpl-be3e5e2d-80a6-43b2-9494-bdc454344409/datanode-4/data/containers/hdds to VolumeSet
2019-07-14 01:09:35,312 INFO  volume.ThrottledAsyncChecker (ThrottledAsyncChecker.java:schedule(140)) - Scheduling a check for org.apache.hadoop.ozone.container.common.volume.HddsVolume@1b83fac3
2019-07-14 01:09:35,312 INFO  volume.HddsVolumeChecker (HddsVolumeChecker.java:checkAllVolumes(203)) - Scheduled health check for volume org.apache.hadoop.ozone.container.common.volume.HddsVolume@1b83fac3
2019-07-14 01:09:35,326 INFO  impl.RaftServerProxy (ConfUtils.java:logGet(43)) - raft.rpc.type = GRPC (default)
2019-07-14 01:09:35,326 INFO  grpc.GrpcFactory (GrpcFactory.java:checkPooledByteBufAllocatorUseCacheForAllThreads(45)) - PERFORMANCE WARNING: useCacheForAllThreads is true that may cause Netty to create a lot garbage objects and, as a result, trigger GC.
	It is recommended to disable useCacheForAllThreads by setting -Dorg.apache.ratis.thirdparty.io.netty.allocator.useCacheForAllThreads=false in command line.
2019-07-14 01:09:35,326 INFO  grpc.GrpcConfigKeys$Server (ConfUtils.java:logGet(43)) - raft.grpc.server.port = 0 (default)
2019-07-14 01:09:35,327 INFO  server.GrpcService (ConfUtils.java:logGet(43)) - raft.grpc.message.size.max = 33570816 (custom)
2019-07-14 01:09:35,327 INFO  server.RaftServerConfigKeys (ConfUtils.java:logGet(43)) - raft.server.log.appender.buffer.byte-limit = 33554432 (custom)
2019-07-14 01:09:35,327 INFO  server.GrpcService (ConfUtils.java:logGet(43)) - raft.grpc.flow.control.window = 1MB (=1048576) (default)
2019-07-14 01:09:35,327 INFO  server.RaftServerConfigKeys (ConfUtils.java:logGet(43)) - raft.server.rpc.request.timeout = 3000ms (default)
2019-07-14 01:09:35,328 INFO  server.RaftServerConfigKeys (ConfUtils.java:logGet(43)) - raft.server.storage.dir = [/tmp/workdir/hadoop-ozone/integration-test/target/test-dir/MiniOzoneClusterImpl-be3e5e2d-80a6-43b2-9494-bdc454344409/datanode-4/data/ratis] (custom)
2019-07-14 01:09:35,328 INFO  replication.SimpleContainerDownloader (SimpleContainerDownloader.java:<init>(72)) - Starting container downloader service to copy containers to replicate.
2019-07-14 01:09:35,329 INFO  hdfs.DFSUtil (DFSUtil.java:httpServerTemplateForNNAndJN(1641)) - Starting Web-server for hddsDatanode at: http://0.0.0.0:0
2019-07-14 01:09:35,330 INFO  server.AuthenticationFilter (AuthenticationFilter.java:constructSecretProvider(240)) - Unable to initialize FileSignerSecretProvider, falling back to use random secrets.
2019-07-14 01:09:35,330 WARN  http.HttpRequestLog (HttpRequestLog.java:getRequestLog(97)) - Jetty request log can only be enabled using Log4j
2019-07-14 01:09:35,332 INFO  http.HttpServer2 (HttpServer2.java:addGlobalFilter(975)) - Added global filter 'safety' (class=org.apache.hadoop.http.HttpServer2$QuotingInputFilter)
2019-07-14 01:09:35,332 INFO  http.HttpServer2 (HttpServer2.java:addFilter(948)) - Added filter static_user_filter (class=org.apache.hadoop.http.lib.StaticUserWebFilter$StaticUserFilter) to context hddsDatanode
2019-07-14 01:09:35,332 INFO  http.HttpServer2 (HttpServer2.java:addFilter(958)) - Added filter static_user_filter (class=org.apache.hadoop.http.lib.StaticUserWebFilter$StaticUserFilter) to context logs
2019-07-14 01:09:35,332 INFO  http.HttpServer2 (HttpServer2.java:addFilter(958)) - Added filter static_user_filter (class=org.apache.hadoop.http.lib.StaticUserWebFilter$StaticUserFilter) to context static
2019-07-14 01:09:35,333 INFO  http.HttpServer2 (HttpServer2.java:bindListener(1191)) - Jetty bound to port 38907
2019-07-14 01:09:35,333 INFO  server.Server (Server.java:doStart(351)) - jetty-9.3.24.v20180605, build timestamp: 2018-06-05T17:11:56Z, git hash: 84205aa28f11a4f31f2a3b86d1bba2cc8ab69827
2019-07-14 01:09:35,335 INFO  handler.ContextHandler (ContextHandler.java:doStart(781)) - Started o.e.j.s.ServletContextHandler@57edfa89{/logs,file:///tmp/workdir/hadoop-ozone/integration-test/target/log,AVAILABLE}
2019-07-14 01:09:35,335 INFO  handler.ContextHandler (ContextHandler.java:doStart(781)) - Started o.e.j.s.ServletContextHandler@73476e2d{/static,jar:file:/home/user/.m2/repository/org/apache/hadoop/hadoop-hdds-container-service/0.5.0-SNAPSHOT/hadoop-hdds-container-service-0.5.0-SNAPSHOT.jar!/webapps/static,AVAILABLE}
2019-07-14 01:09:35,362 INFO  handler.ContextHandler (ContextHandler.java:doStart(781)) - Started o.e.j.w.WebAppContext@6f70015{/,file:///tmp/jetty-0.0.0.0-38907-hddsDatanode-_-any-1900552929033959556.dir/webapp/,AVAILABLE}{/hddsDatanode}
2019-07-14 01:09:35,362 INFO  server.AbstractConnector (AbstractConnector.java:doStart(278)) - Started ServerConnector@1d5fc340{HTTP/1.1,[http/1.1]}{0.0.0.0:38907}
2019-07-14 01:09:35,363 INFO  server.Server (Server.java:doStart(419)) - Started @561710ms
2019-07-14 01:09:35,364 INFO  server.BaseHttpServer (BaseHttpServer.java:updateConnectorAddress(207)) - HTTP server of HDDSDATANODE is listening at http://0.0.0.0:38907
2019-07-14 01:09:35,468 INFO  ozone.HddsDatanodeService (HddsDatanodeService.java:startPlugins(396)) - Started plug-in org.apache.hadoop.ozone.web.OzoneHddsDatanodeService@15251cc2
2019-07-14 01:09:35,469 INFO  impl.MetricsSystemImpl (MetricsSystemImpl.java:init(158)) - HddsDatanode metrics system started (again)
2019-07-14 01:09:35,472 INFO  ozone.HddsDatanodeService (HddsDatanodeService.java:start(185)) - HddsDatanodeService host:trunk-nightly-sxkq5-3320257302 ip:192.168.157.230
2019-07-14 01:09:35,473 INFO  util.JvmPauseMonitor (JvmPauseMonitor.java:run(188)) - Starting JVM pause monitor
2019-07-14 01:09:35,476 INFO  datanode.InitDatanodeState (InitDatanodeState.java:persistContainerDatanodeDetails(140)) - DatanodeDetails is persisted to /tmp/workdir/hadoop-ozone/integration-test/target/test-dir/MiniOzoneClusterImpl-be3e5e2d-80a6-43b2-9494-bdc454344409/datanode-4/meta/datanode.id
2019-07-14 01:09:35,484 INFO  volume.HddsVolume (HddsVolume.java:<init>(176)) - Creating Volume: /tmp/workdir/hadoop-ozone/integration-test/target/test-dir/MiniOzoneClusterImpl-be3e5e2d-80a6-43b2-9494-bdc454344409/datanode-5/data/containers/hdds of  storage type : DISK and capacity : 52710309888
2019-07-14 01:09:35,484 INFO  volume.VolumeSet (VolumeSet.java:initializeVolumeSet(170)) - Added Volume : /tmp/workdir/hadoop-ozone/integration-test/target/test-dir/MiniOzoneClusterImpl-be3e5e2d-80a6-43b2-9494-bdc454344409/datanode-5/data/containers/hdds to VolumeSet
2019-07-14 01:09:35,484 INFO  volume.ThrottledAsyncChecker (ThrottledAsyncChecker.java:schedule(140)) - Scheduling a check for org.apache.hadoop.ozone.container.common.volume.HddsVolume@1a4c6e74
2019-07-14 01:09:35,485 INFO  volume.HddsVolumeChecker (HddsVolumeChecker.java:checkAllVolumes(203)) - Scheduled health check for volume org.apache.hadoop.ozone.container.common.volume.HddsVolume@1a4c6e74
2019-07-14 01:09:35,500 INFO  impl.RaftServerProxy (ConfUtils.java:logGet(43)) - raft.rpc.type = GRPC (default)
2019-07-14 01:09:35,500 INFO  grpc.GrpcFactory (GrpcFactory.java:checkPooledByteBufAllocatorUseCacheForAllThreads(45)) - PERFORMANCE WARNING: useCacheForAllThreads is true that may cause Netty to create a lot garbage objects and, as a result, trigger GC.
	It is recommended to disable useCacheForAllThreads by setting -Dorg.apache.ratis.thirdparty.io.netty.allocator.useCacheForAllThreads=false in command line.
2019-07-14 01:09:35,500 INFO  grpc.GrpcConfigKeys$Server (ConfUtils.java:logGet(43)) - raft.grpc.server.port = 0 (default)
2019-07-14 01:09:35,500 INFO  server.GrpcService (ConfUtils.java:logGet(43)) - raft.grpc.message.size.max = 33570816 (custom)
2019-07-14 01:09:35,500 INFO  server.RaftServerConfigKeys (ConfUtils.java:logGet(43)) - raft.server.log.appender.buffer.byte-limit = 33554432 (custom)
2019-07-14 01:09:35,501 INFO  server.GrpcService (ConfUtils.java:logGet(43)) - raft.grpc.flow.control.window = 1MB (=1048576) (default)
2019-07-14 01:09:35,501 INFO  server.RaftServerConfigKeys (ConfUtils.java:logGet(43)) - raft.server.rpc.request.timeout = 3000ms (default)
2019-07-14 01:09:35,501 INFO  server.RaftServerConfigKeys (ConfUtils.java:logGet(43)) - raft.server.storage.dir = [/tmp/workdir/hadoop-ozone/integration-test/target/test-dir/MiniOzoneClusterImpl-be3e5e2d-80a6-43b2-9494-bdc454344409/datanode-5/data/ratis] (custom)
2019-07-14 01:09:35,502 INFO  replication.SimpleContainerDownloader (SimpleContainerDownloader.java:<init>(72)) - Starting container downloader service to copy containers to replicate.
2019-07-14 01:09:35,504 INFO  hdfs.DFSUtil (DFSUtil.java:httpServerTemplateForNNAndJN(1641)) - Starting Web-server for hddsDatanode at: http://0.0.0.0:0
2019-07-14 01:09:35,505 INFO  server.AuthenticationFilter (AuthenticationFilter.java:constructSecretProvider(240)) - Unable to initialize FileSignerSecretProvider, falling back to use random secrets.
2019-07-14 01:09:35,505 WARN  http.HttpRequestLog (HttpRequestLog.java:getRequestLog(97)) - Jetty request log can only be enabled using Log4j
2019-07-14 01:09:35,507 INFO  http.HttpServer2 (HttpServer2.java:addGlobalFilter(975)) - Added global filter 'safety' (class=org.apache.hadoop.http.HttpServer2$QuotingInputFilter)
2019-07-14 01:09:35,507 INFO  http.HttpServer2 (HttpServer2.java:addFilter(948)) - Added filter static_user_filter (class=org.apache.hadoop.http.lib.StaticUserWebFilter$StaticUserFilter) to context hddsDatanode
2019-07-14 01:09:35,507 INFO  http.HttpServer2 (HttpServer2.java:addFilter(958)) - Added filter static_user_filter (class=org.apache.hadoop.http.lib.StaticUserWebFilter$StaticUserFilter) to context static
2019-07-14 01:09:35,507 INFO  http.HttpServer2 (HttpServer2.java:addFilter(958)) - Added filter static_user_filter (class=org.apache.hadoop.http.lib.StaticUserWebFilter$StaticUserFilter) to context logs
2019-07-14 01:09:35,508 INFO  http.HttpServer2 (HttpServer2.java:bindListener(1191)) - Jetty bound to port 34479
2019-07-14 01:09:35,508 INFO  server.Server (Server.java:doStart(351)) - jetty-9.3.24.v20180605, build timestamp: 2018-06-05T17:11:56Z, git hash: 84205aa28f11a4f31f2a3b86d1bba2cc8ab69827
2019-07-14 01:09:35,510 INFO  handler.ContextHandler (ContextHandler.java:doStart(781)) - Started o.e.j.s.ServletContextHandler@1c3400df{/logs,file:///tmp/workdir/hadoop-ozone/integration-test/target/log,AVAILABLE}
2019-07-14 01:09:35,510 INFO  handler.ContextHandler (ContextHandler.java:doStart(781)) - Started o.e.j.s.ServletContextHandler@7e864fa4{/static,jar:file:/home/user/.m2/repository/org/apache/hadoop/hadoop-hdds-container-service/0.5.0-SNAPSHOT/hadoop-hdds-container-service-0.5.0-SNAPSHOT.jar!/webapps/static,AVAILABLE}
2019-07-14 01:09:35,536 INFO  handler.ContextHandler (ContextHandler.java:doStart(781)) - Started o.e.j.w.WebAppContext@4b1ad751{/,file:///tmp/jetty-0.0.0.0-34479-hddsDatanode-_-any-14572371228205586.dir/webapp/,AVAILABLE}{/hddsDatanode}
2019-07-14 01:09:35,537 INFO  server.AbstractConnector (AbstractConnector.java:doStart(278)) - Started ServerConnector@4d0e6424{HTTP/1.1,[http/1.1]}{0.0.0.0:34479}
2019-07-14 01:09:35,538 INFO  server.Server (Server.java:doStart(419)) - Started @561884ms
2019-07-14 01:09:35,539 INFO  server.BaseHttpServer (BaseHttpServer.java:updateConnectorAddress(207)) - HTTP server of HDDSDATANODE is listening at http://0.0.0.0:34479
2019-07-14 01:09:35,636 INFO  ozone.HddsDatanodeService (HddsDatanodeService.java:startPlugins(396)) - Started plug-in org.apache.hadoop.ozone.web.OzoneHddsDatanodeService@4e23ddf0
2019-07-14 01:09:35,636 INFO  impl.MetricsSystemImpl (MetricsSystemImpl.java:init(158)) - HddsDatanode metrics system started (again)
2019-07-14 01:09:35,639 INFO  ozone.HddsDatanodeService (HddsDatanodeService.java:start(185)) - HddsDatanodeService host:trunk-nightly-sxkq5-3320257302 ip:192.168.157.230
2019-07-14 01:09:35,640 INFO  util.JvmPauseMonitor (JvmPauseMonitor.java:run(188)) - Starting JVM pause monitor
2019-07-14 01:09:35,642 INFO  datanode.InitDatanodeState (InitDatanodeState.java:persistContainerDatanodeDetails(140)) - DatanodeDetails is persisted to /tmp/workdir/hadoop-ozone/integration-test/target/test-dir/MiniOzoneClusterImpl-be3e5e2d-80a6-43b2-9494-bdc454344409/datanode-5/meta/datanode.id
2019-07-14 01:09:35,650 INFO  volume.HddsVolume (HddsVolume.java:<init>(176)) - Creating Volume: /tmp/workdir/hadoop-ozone/integration-test/target/test-dir/MiniOzoneClusterImpl-be3e5e2d-80a6-43b2-9494-bdc454344409/datanode-6/data/containers/hdds of  storage type : DISK and capacity : 52710309888
2019-07-14 01:09:35,651 INFO  volume.VolumeSet (VolumeSet.java:initializeVolumeSet(170)) - Added Volume : /tmp/workdir/hadoop-ozone/integration-test/target/test-dir/MiniOzoneClusterImpl-be3e5e2d-80a6-43b2-9494-bdc454344409/datanode-6/data/containers/hdds to VolumeSet
2019-07-14 01:09:35,651 INFO  volume.ThrottledAsyncChecker (ThrottledAsyncChecker.java:schedule(140)) - Scheduling a check for org.apache.hadoop.ozone.container.common.volume.HddsVolume@3811464b
2019-07-14 01:09:35,651 INFO  volume.HddsVolumeChecker (HddsVolumeChecker.java:checkAllVolumes(203)) - Scheduled health check for volume org.apache.hadoop.ozone.container.common.volume.HddsVolume@3811464b
2019-07-14 01:09:35,666 INFO  impl.RaftServerProxy (ConfUtils.java:logGet(43)) - raft.rpc.type = GRPC (default)
2019-07-14 01:09:35,666 INFO  grpc.GrpcFactory (GrpcFactory.java:checkPooledByteBufAllocatorUseCacheForAllThreads(45)) - PERFORMANCE WARNING: useCacheForAllThreads is true that may cause Netty to create a lot garbage objects and, as a result, trigger GC.
	It is recommended to disable useCacheForAllThreads by setting -Dorg.apache.ratis.thirdparty.io.netty.allocator.useCacheForAllThreads=false in command line.
2019-07-14 01:09:35,666 INFO  grpc.GrpcConfigKeys$Server (ConfUtils.java:logGet(43)) - raft.grpc.server.port = 0 (default)
2019-07-14 01:09:35,666 INFO  server.GrpcService (ConfUtils.java:logGet(43)) - raft.grpc.message.size.max = 33570816 (custom)
2019-07-14 01:09:35,667 INFO  server.RaftServerConfigKeys (ConfUtils.java:logGet(43)) - raft.server.log.appender.buffer.byte-limit = 33554432 (custom)
2019-07-14 01:09:35,667 INFO  server.GrpcService (ConfUtils.java:logGet(43)) - raft.grpc.flow.control.window = 1MB (=1048576) (default)
2019-07-14 01:09:35,667 INFO  server.RaftServerConfigKeys (ConfUtils.java:logGet(43)) - raft.server.rpc.request.timeout = 3000ms (default)
2019-07-14 01:09:35,667 INFO  server.RaftServerConfigKeys (ConfUtils.java:logGet(43)) - raft.server.storage.dir = [/tmp/workdir/hadoop-ozone/integration-test/target/test-dir/MiniOzoneClusterImpl-be3e5e2d-80a6-43b2-9494-bdc454344409/datanode-6/data/ratis] (custom)
2019-07-14 01:09:35,668 INFO  replication.SimpleContainerDownloader (SimpleContainerDownloader.java:<init>(72)) - Starting container downloader service to copy containers to replicate.
2019-07-14 01:09:35,669 INFO  hdfs.DFSUtil (DFSUtil.java:httpServerTemplateForNNAndJN(1641)) - Starting Web-server for hddsDatanode at: http://0.0.0.0:0
2019-07-14 01:09:35,670 INFO  server.AuthenticationFilter (AuthenticationFilter.java:constructSecretProvider(240)) - Unable to initialize FileSignerSecretProvider, falling back to use random secrets.
2019-07-14 01:09:35,670 WARN  http.HttpRequestLog (HttpRequestLog.java:getRequestLog(97)) - Jetty request log can only be enabled using Log4j
2019-07-14 01:09:35,671 INFO  http.HttpServer2 (HttpServer2.java:addGlobalFilter(975)) - Added global filter 'safety' (class=org.apache.hadoop.http.HttpServer2$QuotingInputFilter)
2019-07-14 01:09:35,671 INFO  http.HttpServer2 (HttpServer2.java:addFilter(948)) - Added filter static_user_filter (class=org.apache.hadoop.http.lib.StaticUserWebFilter$StaticUserFilter) to context hddsDatanode
2019-07-14 01:09:35,672 INFO  http.HttpServer2 (HttpServer2.java:addFilter(958)) - Added filter static_user_filter (class=org.apache.hadoop.http.lib.StaticUserWebFilter$StaticUserFilter) to context static
2019-07-14 01:09:35,672 INFO  http.HttpServer2 (HttpServer2.java:addFilter(958)) - Added filter static_user_filter (class=org.apache.hadoop.http.lib.StaticUserWebFilter$StaticUserFilter) to context logs
2019-07-14 01:09:35,672 INFO  http.HttpServer2 (HttpServer2.java:bindListener(1191)) - Jetty bound to port 44662
2019-07-14 01:09:35,672 INFO  server.Server (Server.java:doStart(351)) - jetty-9.3.24.v20180605, build timestamp: 2018-06-05T17:11:56Z, git hash: 84205aa28f11a4f31f2a3b86d1bba2cc8ab69827
2019-07-14 01:09:35,674 INFO  handler.ContextHandler (ContextHandler.java:doStart(781)) - Started o.e.j.s.ServletContextHandler@48543f11{/logs,file:///tmp/workdir/hadoop-ozone/integration-test/target/log,AVAILABLE}
2019-07-14 01:09:35,674 INFO  handler.ContextHandler (ContextHandler.java:doStart(781)) - Started o.e.j.s.ServletContextHandler@7e92e9a2{/static,jar:file:/home/user/.m2/repository/org/apache/hadoop/hadoop-hdds-container-service/0.5.0-SNAPSHOT/hadoop-hdds-container-service-0.5.0-SNAPSHOT.jar!/webapps/static,AVAILABLE}
2019-07-14 01:09:35,701 INFO  handler.ContextHandler (ContextHandler.java:doStart(781)) - Started o.e.j.w.WebAppContext@443b9ebb{/,file:///tmp/jetty-0.0.0.0-44662-hddsDatanode-_-any-8297797438128073362.dir/webapp/,AVAILABLE}{/hddsDatanode}
2019-07-14 01:09:35,702 INFO  server.AbstractConnector (AbstractConnector.java:doStart(278)) - Started ServerConnector@4830c979{HTTP/1.1,[http/1.1]}{0.0.0.0:44662}
2019-07-14 01:09:35,703 INFO  server.Server (Server.java:doStart(419)) - Started @562050ms
2019-07-14 01:09:35,704 INFO  server.BaseHttpServer (BaseHttpServer.java:updateConnectorAddress(207)) - HTTP server of HDDSDATANODE is listening at http://0.0.0.0:44662
2019-07-14 01:09:35,806 INFO  ozone.HddsDatanodeService (HddsDatanodeService.java:startPlugins(396)) - Started plug-in org.apache.hadoop.ozone.web.OzoneHddsDatanodeService@48dc06a9
2019-07-14 01:09:35,806 INFO  ozone.MiniOzoneClusterImpl (MiniOzoneClusterImpl.java:lambda$waitForClusterToBeReady$0(142)) - Waiting for cluster to be ready. Got 0 of 7 DN Heartbeats.
2019-07-14 01:09:35,814 INFO  util.JvmPauseMonitor (JvmPauseMonitor.java:run(188)) - Starting JVM pause monitor
2019-07-14 01:09:35,816 INFO  datanode.InitDatanodeState (InitDatanodeState.java:persistContainerDatanodeDetails(140)) - DatanodeDetails is persisted to /tmp/workdir/hadoop-ozone/integration-test/target/test-dir/MiniOzoneClusterImpl-be3e5e2d-80a6-43b2-9494-bdc454344409/datanode-6/meta/datanode.id
2019-07-14 01:09:36,793 INFO  ozoneimpl.OzoneContainer (OzoneContainer.java:start(186)) - Attempting to start container services.
2019-07-14 01:09:36,793 INFO  ozoneimpl.OzoneContainer (OzoneContainer.java:startContainerScrub(160)) - Background container scrubber has been disabled by hdds.containerscrub.enabled
2019-07-14 01:09:36,793 INFO  ratis.XceiverServerRatis (XceiverServerRatis.java:start(418)) - Starting XceiverServerRatis 29b3a5ee-a8ee-48df-86dc-60a09c8041c8 at port 0
2019-07-14 01:09:36,801 INFO  impl.RaftServerProxy (RaftServerProxy.java:lambda$start$3(299)) - 29b3a5ee-a8ee-48df-86dc-60a09c8041c8: start RPC server
2019-07-14 01:09:36,803 INFO  server.GrpcService (GrpcService.java:startImpl(149)) - 29b3a5ee-a8ee-48df-86dc-60a09c8041c8: GrpcService started, listening on 0.0.0.0/0.0.0.0:36530
2019-07-14 01:09:36,803 INFO  ratis.XceiverServerRatis (XceiverServerRatis.java:start(428)) - XceiverServerRatis 29b3a5ee-a8ee-48df-86dc-60a09c8041c8 is started using port 36530
2019-07-14 01:09:36,810 INFO  ozone.MiniOzoneClusterImpl (MiniOzoneClusterImpl.java:lambda$waitForClusterToBeReady$0(142)) - Waiting for cluster to be ready. Got 0 of 7 DN Heartbeats.
2019-07-14 01:09:36,810 INFO  server.XceiverServerGrpc (XceiverServerGrpc.java:start(161)) - XceiverServerGrpc 29b3a5ee-a8ee-48df-86dc-60a09c8041c8 is started using port 40388
2019-07-14 01:09:36,944 INFO  ozoneimpl.OzoneContainer (OzoneContainer.java:start(186)) - Attempting to start container services.
2019-07-14 01:09:36,944 INFO  ozoneimpl.OzoneContainer (OzoneContainer.java:startContainerScrub(160)) - Background container scrubber has been disabled by hdds.containerscrub.enabled
2019-07-14 01:09:36,944 INFO  ratis.XceiverServerRatis (XceiverServerRatis.java:start(418)) - Starting XceiverServerRatis b338756c-272d-4fbc-ba6b-fd9ad5b86257 at port 0
2019-07-14 01:09:36,952 INFO  impl.RaftServerProxy (RaftServerProxy.java:lambda$start$3(299)) - b338756c-272d-4fbc-ba6b-fd9ad5b86257: start RPC server
2019-07-14 01:09:36,953 INFO  server.GrpcService (GrpcService.java:startImpl(149)) - b338756c-272d-4fbc-ba6b-fd9ad5b86257: GrpcService started, listening on 0.0.0.0/0.0.0.0:40946
2019-07-14 01:09:36,953 INFO  ratis.XceiverServerRatis (XceiverServerRatis.java:start(428)) - XceiverServerRatis b338756c-272d-4fbc-ba6b-fd9ad5b86257 is started using port 40946
2019-07-14 01:09:36,955 INFO  server.XceiverServerGrpc (XceiverServerGrpc.java:start(161)) - XceiverServerGrpc b338756c-272d-4fbc-ba6b-fd9ad5b86257 is started using port 37990
2019-07-14 01:09:37,150 INFO  ozoneimpl.OzoneContainer (OzoneContainer.java:start(186)) - Attempting to start container services.
2019-07-14 01:09:37,150 INFO  ozoneimpl.OzoneContainer (OzoneContainer.java:startContainerScrub(160)) - Background container scrubber has been disabled by hdds.containerscrub.enabled
2019-07-14 01:09:37,150 INFO  ratis.XceiverServerRatis (XceiverServerRatis.java:start(418)) - Starting XceiverServerRatis 861f153f-e820-476e-8303-b9b1a9fb932e at port 0
2019-07-14 01:09:37,158 INFO  impl.RaftServerProxy (RaftServerProxy.java:lambda$start$3(299)) - 861f153f-e820-476e-8303-b9b1a9fb932e: start RPC server
2019-07-14 01:09:37,161 INFO  server.GrpcService (GrpcService.java:startImpl(149)) - 861f153f-e820-476e-8303-b9b1a9fb932e: GrpcService started, listening on 0.0.0.0/0.0.0.0:33288
2019-07-14 01:09:37,161 INFO  ratis.XceiverServerRatis (XceiverServerRatis.java:start(428)) - XceiverServerRatis 861f153f-e820-476e-8303-b9b1a9fb932e is started using port 33288
2019-07-14 01:09:37,162 INFO  server.XceiverServerGrpc (XceiverServerGrpc.java:start(161)) - XceiverServerGrpc 861f153f-e820-476e-8303-b9b1a9fb932e is started using port 34228
2019-07-14 01:09:37,315 INFO  ozoneimpl.OzoneContainer (OzoneContainer.java:start(186)) - Attempting to start container services.
2019-07-14 01:09:37,315 INFO  ozoneimpl.OzoneContainer (OzoneContainer.java:startContainerScrub(160)) - Background container scrubber has been disabled by hdds.containerscrub.enabled
2019-07-14 01:09:37,316 INFO  ratis.XceiverServerRatis (XceiverServerRatis.java:start(418)) - Starting XceiverServerRatis a204c9d6-107a-4db2-9ede-40ca7b317c59 at port 0
2019-07-14 01:09:37,323 INFO  impl.RaftServerProxy (RaftServerProxy.java:lambda$start$3(299)) - a204c9d6-107a-4db2-9ede-40ca7b317c59: start RPC server
2019-07-14 01:09:37,326 INFO  server.GrpcService (GrpcService.java:startImpl(149)) - a204c9d6-107a-4db2-9ede-40ca7b317c59: GrpcService started, listening on 0.0.0.0/0.0.0.0:36166
2019-07-14 01:09:37,326 INFO  ratis.XceiverServerRatis (XceiverServerRatis.java:start(428)) - XceiverServerRatis a204c9d6-107a-4db2-9ede-40ca7b317c59 is started using port 36166
2019-07-14 01:09:37,326 INFO  server.XceiverServerGrpc (XceiverServerGrpc.java:start(161)) - XceiverServerGrpc a204c9d6-107a-4db2-9ede-40ca7b317c59 is started using port 35772
2019-07-14 01:09:37,487 INFO  ozoneimpl.OzoneContainer (OzoneContainer.java:start(186)) - Attempting to start container services.
2019-07-14 01:09:37,487 INFO  ozoneimpl.OzoneContainer (OzoneContainer.java:startContainerScrub(160)) - Background container scrubber has been disabled by hdds.containerscrub.enabled
2019-07-14 01:09:37,487 INFO  ratis.XceiverServerRatis (XceiverServerRatis.java:start(418)) - Starting XceiverServerRatis 8cb4b762-5597-4ade-ab14-b4ebb9e958cf at port 0
2019-07-14 01:09:37,495 INFO  impl.RaftServerProxy (RaftServerProxy.java:lambda$start$3(299)) - 8cb4b762-5597-4ade-ab14-b4ebb9e958cf: start RPC server
2019-07-14 01:09:37,496 INFO  server.GrpcService (GrpcService.java:startImpl(149)) - 8cb4b762-5597-4ade-ab14-b4ebb9e958cf: GrpcService started, listening on 0.0.0.0/0.0.0.0:37486
2019-07-14 01:09:37,496 INFO  ratis.XceiverServerRatis (XceiverServerRatis.java:start(428)) - XceiverServerRatis 8cb4b762-5597-4ade-ab14-b4ebb9e958cf is started using port 37486
2019-07-14 01:09:37,497 INFO  server.XceiverServerGrpc (XceiverServerGrpc.java:start(161)) - XceiverServerGrpc 8cb4b762-5597-4ade-ab14-b4ebb9e958cf is started using port 46684
2019-07-14 01:09:37,654 INFO  ozoneimpl.OzoneContainer (OzoneContainer.java:start(186)) - Attempting to start container services.
2019-07-14 01:09:37,654 INFO  ozoneimpl.OzoneContainer (OzoneContainer.java:startContainerScrub(160)) - Background container scrubber has been disabled by hdds.containerscrub.enabled
2019-07-14 01:09:37,655 INFO  ratis.XceiverServerRatis (XceiverServerRatis.java:start(418)) - Starting XceiverServerRatis 8fe6e7e0-7304-4bed-b7b6-ce570f033d10 at port 0
2019-07-14 01:09:37,662 INFO  impl.RaftServerProxy (RaftServerProxy.java:lambda$start$3(299)) - 8fe6e7e0-7304-4bed-b7b6-ce570f033d10: start RPC server
2019-07-14 01:09:37,679 INFO  server.GrpcService (GrpcService.java:startImpl(149)) - 8fe6e7e0-7304-4bed-b7b6-ce570f033d10: GrpcService started, listening on 0.0.0.0/0.0.0.0:38480
2019-07-14 01:09:37,679 INFO  ratis.XceiverServerRatis (XceiverServerRatis.java:start(428)) - XceiverServerRatis 8fe6e7e0-7304-4bed-b7b6-ce570f033d10 is started using port 38480
2019-07-14 01:09:37,680 INFO  server.XceiverServerGrpc (XceiverServerGrpc.java:start(161)) - XceiverServerGrpc 8fe6e7e0-7304-4bed-b7b6-ce570f033d10 is started using port 45298
2019-07-14 01:09:37,810 INFO  ozone.MiniOzoneClusterImpl (MiniOzoneClusterImpl.java:lambda$waitForClusterToBeReady$0(142)) - Waiting for cluster to be ready. Got 0 of 7 DN Heartbeats.
2019-07-14 01:09:37,828 INFO  ozoneimpl.OzoneContainer (OzoneContainer.java:start(186)) - Attempting to start container services.
2019-07-14 01:09:37,828 INFO  ozoneimpl.OzoneContainer (OzoneContainer.java:startContainerScrub(160)) - Background container scrubber has been disabled by hdds.containerscrub.enabled
2019-07-14 01:09:37,828 INFO  ratis.XceiverServerRatis (XceiverServerRatis.java:start(418)) - Starting XceiverServerRatis 0311a7f5-3e26-46a4-bc2a-4495b394887e at port 0
2019-07-14 01:09:37,836 INFO  impl.RaftServerProxy (RaftServerProxy.java:lambda$start$3(299)) - 0311a7f5-3e26-46a4-bc2a-4495b394887e: start RPC server
2019-07-14 01:09:37,836 INFO  server.GrpcService (GrpcService.java:startImpl(149)) - 0311a7f5-3e26-46a4-bc2a-4495b394887e: GrpcService started, listening on 0.0.0.0/0.0.0.0:34181
2019-07-14 01:09:37,837 INFO  ratis.XceiverServerRatis (XceiverServerRatis.java:start(428)) - XceiverServerRatis 0311a7f5-3e26-46a4-bc2a-4495b394887e is started using port 34181
2019-07-14 01:09:37,837 INFO  server.XceiverServerGrpc (XceiverServerGrpc.java:start(161)) - XceiverServerGrpc 0311a7f5-3e26-46a4-bc2a-4495b394887e is started using port 34583
2019-07-14 01:09:38,773 INFO  net.NetworkTopology (NetworkTopologyImpl.java:add(110)) - Added a new node: /default-rack/192.168.157.230
2019-07-14 01:09:38,776 INFO  node.SCMNodeManager (SCMNodeManager.java:register(269)) - Registered Data node : 29b3a5ee-a8ee-48df-86dc-60a09c8041c8{ip: 192.168.157.230, host: trunk-nightly-sxkq5-3320257302, networkLocation: /default-rack, certSerialId: null}
2019-07-14 01:09:38,777 INFO  safemode.SCMSafeModeManager (DataNodeSafeModeRule.java:process(71)) - SCM in safe mode. 1 DataNodes registered, 1 required.
2019-07-14 01:09:38,780 INFO  safemode.SCMSafeModeManager (SCMSafeModeManager.java:validateSafeModeExitRules(177)) - ScmSafeModeManager, all rules are successfully validated
2019-07-14 01:09:38,780 INFO  safemode.SCMSafeModeManager (SCMSafeModeManager.java:exitSafeMode(193)) - SCM exiting safe mode.
2019-07-14 01:09:38,805 INFO  impl.RaftServerProxy (RaftServerProxy.java:addNew(89)) - 29b3a5ee-a8ee-48df-86dc-60a09c8041c8: addNew group-9164B43C0FE1:[29b3a5ee-a8ee-48df-86dc-60a09c8041c8:192.168.157.230:36530] returns group-9164B43C0FE1:java.util.concurrent.CompletableFuture@3078de20[Not completed]
2019-07-14 01:09:38,807 INFO  impl.RaftServerImpl (RaftServerImpl.java:<init>(93)) - 29b3a5ee-a8ee-48df-86dc-60a09c8041c8: new RaftServerImpl for group-9164B43C0FE1:[29b3a5ee-a8ee-48df-86dc-60a09c8041c8:192.168.157.230:36530] with ContainerStateMachine:uninitialized
2019-07-14 01:09:38,807 INFO  server.RaftServerConfigKeys (ConfUtils.java:logGet(43)) - raft.server.rpc.timeout.min = 5s (custom)
2019-07-14 01:09:38,807 INFO  server.RaftServerConfigKeys (ConfUtils.java:logGet(43)) - raft.server.rpc.timeout.max = 5200ms (custom)
2019-07-14 01:09:38,807 INFO  server.RaftServerConfigKeys (ConfUtils.java:logGet(43)) - raft.server.rpcslowness.timeout = 120s (custom)
2019-07-14 01:09:38,808 INFO  server.RaftServerConfigKeys (ConfUtils.java:logGet(43)) - raft.server.sleep.deviation.threshold = 300 (default)
2019-07-14 01:09:38,808 INFO  server.RaftServerConfigKeys (ConfUtils.java:logGet(43)) - raft.server.log.appender.install.snapshot.enabled = false (custom)
2019-07-14 01:09:38,808 INFO  impl.RaftServerImpl (ServerState.java:<init>(105)) - 29b3a5ee-a8ee-48df-86dc-60a09c8041c8:group-9164B43C0FE1 ConfigurationManager, init=-1: [29b3a5ee-a8ee-48df-86dc-60a09c8041c8:192.168.157.230:36530], old=null, confs=<EMPTY_MAP>
2019-07-14 01:09:38,808 INFO  server.RaftServerConfigKeys (ConfUtils.java:logGet(43)) - raft.server.storage.dir = [/tmp/workdir/hadoop-ozone/integration-test/target/test-dir/MiniOzoneClusterImpl-be3e5e2d-80a6-43b2-9494-bdc454344409/datanode-0/data/ratis] (custom)
2019-07-14 01:09:38,809 INFO  storage.RaftStorageDirectory (RaftStorageDirectory.java:analyzeStorage(246)) - The storage directory /tmp/workdir/hadoop-ozone/integration-test/target/test-dir/MiniOzoneClusterImpl-be3e5e2d-80a6-43b2-9494-bdc454344409/datanode-0/data/ratis/3bc9d6f9-ad16-4504-8c56-9164b43c0fe1 does not exist. Creating ...
2019-07-14 01:09:38,811 INFO  ozone.MiniOzoneClusterImpl (MiniOzoneClusterImpl.java:lambda$waitForClusterToBeReady$0(142)) - Waiting for cluster to be ready. Got 1 of 7 DN Heartbeats.
2019-07-14 01:09:38,823 INFO  storage.RaftStorageDirectory (RaftStorageDirectory.java:tryLock(328)) - Lock on /tmp/workdir/hadoop-ozone/integration-test/target/test-dir/MiniOzoneClusterImpl-be3e5e2d-80a6-43b2-9494-bdc454344409/datanode-0/data/ratis/3bc9d6f9-ad16-4504-8c56-9164b43c0fe1/in_use.lock acquired by nodename 26095@trunk-nightly-sxkq5-3320257302
2019-07-14 01:09:38,837 INFO  storage.RaftStorage (RaftStorage.java:format(72)) - Storage directory /tmp/workdir/hadoop-ozone/integration-test/target/test-dir/MiniOzoneClusterImpl-be3e5e2d-80a6-43b2-9494-bdc454344409/datanode-0/data/ratis/3bc9d6f9-ad16-4504-8c56-9164b43c0fe1 has been successfully formatted.
2019-07-14 01:09:38,837 INFO  ratis.ContainerStateMachine (ContainerStateMachine.java:loadSnapshot(200)) - The snapshot info is null.Setting the last applied index to:(t:0, i:~)
2019-07-14 01:09:38,837 INFO  server.RaftServerConfigKeys (ConfUtils.java:logGet(43)) - raft.server.leader.election.timeout = 120s (custom)
2019-07-14 01:09:38,837 INFO  server.RaftServerConfigKeys (ConfUtils.java:logGet(43)) - raft.server.log.use.memory = false (default)
2019-07-14 01:09:38,838 INFO  server.RaftServerConfigKeys (ConfUtils.java:logGet(43)) - raft.server.log.purge.gap = 1000000000 (custom)
2019-07-14 01:09:38,838 INFO  server.RaftServerConfigKeys (ConfUtils.java:logGet(43)) - raft.server.log.appender.buffer.byte-limit = 33554432 (custom)
2019-07-14 01:09:38,838 INFO  server.RaftServerConfigKeys (ConfUtils.java:logGet(43)) - raft.server.log.segment.size.max = 1048576 (custom)
2019-07-14 01:09:38,838 INFO  server.RaftServerConfigKeys (ConfUtils.java:logGet(43)) - raft.server.log.segment.cache.num.max = 2 (custom)
2019-07-14 01:09:38,838 INFO  segmented.SegmentedRaftLogWorker (SegmentedRaftLogWorker.java:<init>(172)) - new 29b3a5ee-a8ee-48df-86dc-60a09c8041c8-SegmentedRaftLogWorker:Storage Directory /tmp/workdir/hadoop-ozone/integration-test/target/test-dir/MiniOzoneClusterImpl-be3e5e2d-80a6-43b2-9494-bdc454344409/datanode-0/data/ratis/3bc9d6f9-ad16-4504-8c56-9164b43c0fe1 for RaftStorage:Storage Directory /tmp/workdir/hadoop-ozone/integration-test/target/test-dir/MiniOzoneClusterImpl-be3e5e2d-80a6-43b2-9494-bdc454344409/datanode-0/data/ratis/3bc9d6f9-ad16-4504-8c56-9164b43c0fe1
2019-07-14 01:09:38,839 INFO  server.RaftServerConfigKeys (ConfUtils.java:logGet(43)) - raft.server.log.queue.byte-limit = 2147483647 (custom)
2019-07-14 01:09:38,839 INFO  server.RaftServerConfigKeys (ConfUtils.java:logGet(43)) - raft.server.log.queue.element-limit = 1024 (custom)
2019-07-14 01:09:38,839 INFO  server.RaftServerConfigKeys (ConfUtils.java:logGet(43)) - raft.server.log.segment.size.max = 1048576 (custom)
2019-07-14 01:09:38,839 INFO  server.RaftServerConfigKeys (ConfUtils.java:logGet(43)) - raft.server.log.preallocated.size = 16384 (custom)
2019-07-14 01:09:38,840 INFO  server.RaftServerConfigKeys (ConfUtils.java:logGet(43)) - raft.server.log.write.buffer.size = 33554432 (custom)
2019-07-14 01:09:38,840 INFO  server.RaftServerConfigKeys (ConfUtils.java:logGet(43)) - raft.server.log.force.sync.num = 128 (default)
2019-07-14 01:09:38,840 INFO  server.RaftServerConfigKeys (ConfUtils.java:logGet(43)) - raft.server.log.statemachine.data.sync = true (default)
2019-07-14 01:09:38,840 INFO  server.RaftServerConfigKeys (ConfUtils.java:logGet(43)) - raft.server.log.statemachine.data.sync.timeout = 10s (default)
2019-07-14 01:09:38,840 INFO  server.RaftServerConfigKeys (ConfUtils.java:logGet(43)) - raft.server.log.statemachine.data.sync.timeout.retry = -1 (default)
2019-07-14 01:09:38,841 INFO  server.RaftServerConfigKeys (ConfUtils.java:logGet(43)) - raft.server.log.statemachine.data.caching.enabled = true (custom)
2019-07-14 01:09:38,841 INFO  segmented.SegmentedRaftLogWorker (SegmentedRaftLogWorker.java:lambda$new$0(132)) - 29b3a5ee-a8ee-48df-86dc-60a09c8041c8-SegmentedRaftLogWorker:Storage Directory /tmp/workdir/hadoop-ozone/integration-test/target/test-dir/MiniOzoneClusterImpl-be3e5e2d-80a6-43b2-9494-bdc454344409/datanode-0/data/ratis/3bc9d6f9-ad16-4504-8c56-9164b43c0fe1: flushIndex: setUnconditionally 0 -> -1
2019-07-14 01:09:38,842 INFO  server.RaftServerConfigKeys (ConfUtils.java:logGet(43)) - raft.server.snapshot.auto.trigger.enabled = true (custom)
2019-07-14 01:09:38,842 INFO  server.RaftServerConfigKeys (ConfUtils.java:logGet(43)) - raft.server.snapshot.auto.trigger.threshold = 10000 (custom)
2019-07-14 01:09:38,842 INFO  server.RaftServerConfigKeys (ConfUtils.java:logGet(43)) - raft.server.retrycache.expirytime = 600000ms (custom)
2019-07-14 01:09:38,842 INFO  impl.RaftServerImpl (RaftServerImpl.java:start(180)) - 29b3a5ee-a8ee-48df-86dc-60a09c8041c8: start group-9164B43C0FE1
2019-07-14 01:09:38,842 INFO  impl.RaftServerImpl (RaftServerImpl.java:setRole(171)) - 29b3a5ee-a8ee-48df-86dc-60a09c8041c8:group-9164B43C0FE1 changes role from null to FOLLOWER at term 0 for startAsFollower
2019-07-14 01:09:38,842 INFO  impl.RoleInfo (RoleInfo.java:updateAndGet(143)) - 29b3a5ee-a8ee-48df-86dc-60a09c8041c8: start FollowerState
2019-07-14 01:09:38,844 INFO  util.JmxRegister (JmxRegister.java:tryRegister(44)) - Successfully registered JMX Bean with object name Ratis:service=RaftServer,group=group-9164B43C0FE1,id=29b3a5ee-a8ee-48df-86dc-60a09c8041c8
2019-07-14 01:09:38,849 INFO  pipeline.PipelineStateManager (PipelineStateManager.java:addPipeline(56)) - Created pipeline Pipeline[ Id: 3bc9d6f9-ad16-4504-8c56-9164b43c0fe1, Nodes: 29b3a5ee-a8ee-48df-86dc-60a09c8041c8{ip: 192.168.157.230, host: trunk-nightly-sxkq5-3320257302, networkLocation: /default-rack, certSerialId: null}, Type:RATIS, Factor:ONE, State:OPEN]
2019-07-14 01:09:38,931 INFO  node.SCMNodeManager (SCMNodeManager.java:register(269)) - Registered Data node : b338756c-272d-4fbc-ba6b-fd9ad5b86257{ip: 192.168.157.230, host: trunk-nightly-sxkq5-3320257302, networkLocation: /default-rack, certSerialId: null}
2019-07-14 01:09:38,938 INFO  impl.RaftServerProxy (RaftServerProxy.java:addNew(89)) - b338756c-272d-4fbc-ba6b-fd9ad5b86257: addNew group-2B8C17D7FDF0:[b338756c-272d-4fbc-ba6b-fd9ad5b86257:192.168.157.230:40946] returns group-2B8C17D7FDF0:java.util.concurrent.CompletableFuture@36faf4ae[Not completed]
2019-07-14 01:09:38,940 INFO  impl.RaftServerImpl (RaftServerImpl.java:<init>(93)) - b338756c-272d-4fbc-ba6b-fd9ad5b86257: new RaftServerImpl for group-2B8C17D7FDF0:[b338756c-272d-4fbc-ba6b-fd9ad5b86257:192.168.157.230:40946] with ContainerStateMachine:uninitialized
2019-07-14 01:09:38,940 INFO  server.RaftServerConfigKeys (ConfUtils.java:logGet(43)) - raft.server.rpc.timeout.min = 5s (custom)
2019-07-14 01:09:38,940 INFO  server.RaftServerConfigKeys (ConfUtils.java:logGet(43)) - raft.server.rpc.timeout.max = 5200ms (custom)
2019-07-14 01:09:38,940 INFO  server.RaftServerConfigKeys (ConfUtils.java:logGet(43)) - raft.server.rpcslowness.timeout = 120s (custom)
2019-07-14 01:09:38,940 INFO  server.RaftServerConfigKeys (ConfUtils.java:logGet(43)) - raft.server.sleep.deviation.threshold = 300 (default)
2019-07-14 01:09:38,940 INFO  server.RaftServerConfigKeys (ConfUtils.java:logGet(43)) - raft.server.log.appender.install.snapshot.enabled = false (custom)
2019-07-14 01:09:38,940 INFO  impl.RaftServerImpl (ServerState.java:<init>(105)) - b338756c-272d-4fbc-ba6b-fd9ad5b86257:group-2B8C17D7FDF0 ConfigurationManager, init=-1: [b338756c-272d-4fbc-ba6b-fd9ad5b86257:192.168.157.230:40946], old=null, confs=<EMPTY_MAP>
2019-07-14 01:09:38,941 INFO  server.RaftServerConfigKeys (ConfUtils.java:logGet(43)) - raft.server.storage.dir = [/tmp/workdir/hadoop-ozone/integration-test/target/test-dir/MiniOzoneClusterImpl-be3e5e2d-80a6-43b2-9494-bdc454344409/datanode-1/data/ratis] (custom)
2019-07-14 01:09:38,941 INFO  storage.RaftStorageDirectory (RaftStorageDirectory.java:analyzeStorage(246)) - The storage directory /tmp/workdir/hadoop-ozone/integration-test/target/test-dir/MiniOzoneClusterImpl-be3e5e2d-80a6-43b2-9494-bdc454344409/datanode-1/data/ratis/aba6b341-14cc-4fc6-bb7d-2b8c17d7fdf0 does not exist. Creating ...
2019-07-14 01:09:38,953 INFO  storage.RaftStorageDirectory (RaftStorageDirectory.java:tryLock(328)) - Lock on /tmp/workdir/hadoop-ozone/integration-test/target/test-dir/MiniOzoneClusterImpl-be3e5e2d-80a6-43b2-9494-bdc454344409/datanode-1/data/ratis/aba6b341-14cc-4fc6-bb7d-2b8c17d7fdf0/in_use.lock acquired by nodename 26095@trunk-nightly-sxkq5-3320257302
2019-07-14 01:09:38,967 INFO  storage.RaftStorage (RaftStorage.java:format(72)) - Storage directory /tmp/workdir/hadoop-ozone/integration-test/target/test-dir/MiniOzoneClusterImpl-be3e5e2d-80a6-43b2-9494-bdc454344409/datanode-1/data/ratis/aba6b341-14cc-4fc6-bb7d-2b8c17d7fdf0 has been successfully formatted.
2019-07-14 01:09:38,967 INFO  ratis.ContainerStateMachine (ContainerStateMachine.java:loadSnapshot(200)) - The snapshot info is null.Setting the last applied index to:(t:0, i:~)
2019-07-14 01:09:38,967 INFO  server.RaftServerConfigKeys (ConfUtils.java:logGet(43)) - raft.server.leader.election.timeout = 120s (custom)
2019-07-14 01:09:38,967 INFO  server.RaftServerConfigKeys (ConfUtils.java:logGet(43)) - raft.server.log.use.memory = false (default)
2019-07-14 01:09:38,967 INFO  server.RaftServerConfigKeys (ConfUtils.java:logGet(43)) - raft.server.log.purge.gap = 1000000000 (custom)
2019-07-14 01:09:38,967 INFO  server.RaftServerConfigKeys (ConfUtils.java:logGet(43)) - raft.server.log.appender.buffer.byte-limit = 33554432 (custom)
2019-07-14 01:09:38,968 INFO  server.RaftServerConfigKeys (ConfUtils.java:logGet(43)) - raft.server.log.segment.size.max = 1048576 (custom)
2019-07-14 01:09:38,968 INFO  server.RaftServerConfigKeys (ConfUtils.java:logGet(43)) - raft.server.log.segment.cache.num.max = 2 (custom)
2019-07-14 01:09:38,968 INFO  segmented.SegmentedRaftLogWorker (SegmentedRaftLogWorker.java:<init>(172)) - new b338756c-272d-4fbc-ba6b-fd9ad5b86257-SegmentedRaftLogWorker:Storage Directory /tmp/workdir/hadoop-ozone/integration-test/target/test-dir/MiniOzoneClusterImpl-be3e5e2d-80a6-43b2-9494-bdc454344409/datanode-1/data/ratis/aba6b341-14cc-4fc6-bb7d-2b8c17d7fdf0 for RaftStorage:Storage Directory /tmp/workdir/hadoop-ozone/integration-test/target/test-dir/MiniOzoneClusterImpl-be3e5e2d-80a6-43b2-9494-bdc454344409/datanode-1/data/ratis/aba6b341-14cc-4fc6-bb7d-2b8c17d7fdf0
2019-07-14 01:09:38,968 INFO  server.RaftServerConfigKeys (ConfUtils.java:logGet(43)) - raft.server.log.queue.byte-limit = 2147483647 (custom)
2019-07-14 01:09:38,968 INFO  server.RaftServerConfigKeys (ConfUtils.java:logGet(43)) - raft.server.log.queue.element-limit = 1024 (custom)
2019-07-14 01:09:38,968 INFO  server.RaftServerConfigKeys (ConfUtils.java:logGet(43)) - raft.server.log.segment.size.max = 1048576 (custom)
2019-07-14 01:09:38,969 INFO  server.RaftServerConfigKeys (ConfUtils.java:logGet(43)) - raft.server.log.preallocated.size = 16384 (custom)
2019-07-14 01:09:38,969 INFO  server.RaftServerConfigKeys (ConfUtils.java:logGet(43)) - raft.server.log.write.buffer.size = 33554432 (custom)
2019-07-14 01:09:38,969 INFO  server.RaftServerConfigKeys (ConfUtils.java:logGet(43)) - raft.server.log.force.sync.num = 128 (default)
2019-07-14 01:09:38,969 INFO  server.RaftServerConfigKeys (ConfUtils.java:logGet(43)) - raft.server.log.statemachine.data.sync = true (default)
2019-07-14 01:09:38,969 INFO  server.RaftServerConfigKeys (ConfUtils.java:logGet(43)) - raft.server.log.statemachine.data.sync.timeout = 10s (default)
2019-07-14 01:09:38,969 INFO  server.RaftServerConfigKeys (ConfUtils.java:logGet(43)) - raft.server.log.statemachine.data.sync.timeout.retry = -1 (default)
2019-07-14 01:09:38,970 INFO  server.RaftServerConfigKeys (ConfUtils.java:logGet(43)) - raft.server.log.statemachine.data.caching.enabled = true (custom)
2019-07-14 01:09:38,970 INFO  segmented.SegmentedRaftLogWorker (SegmentedRaftLogWorker.java:lambda$new$0(132)) - b338756c-272d-4fbc-ba6b-fd9ad5b86257-SegmentedRaftLogWorker:Storage Directory /tmp/workdir/hadoop-ozone/integration-test/target/test-dir/MiniOzoneClusterImpl-be3e5e2d-80a6-43b2-9494-bdc454344409/datanode-1/data/ratis/aba6b341-14cc-4fc6-bb7d-2b8c17d7fdf0: flushIndex: setUnconditionally 0 -> -1
2019-07-14 01:09:38,970 INFO  server.RaftServerConfigKeys (ConfUtils.java:logGet(43)) - raft.server.snapshot.auto.trigger.enabled = true (custom)
2019-07-14 01:09:38,971 INFO  server.RaftServerConfigKeys (ConfUtils.java:logGet(43)) - raft.server.snapshot.auto.trigger.threshold = 10000 (custom)
2019-07-14 01:09:38,971 INFO  server.RaftServerConfigKeys (ConfUtils.java:logGet(43)) - raft.server.retrycache.expirytime = 600000ms (custom)
2019-07-14 01:09:38,971 INFO  impl.RaftServerImpl (RaftServerImpl.java:start(180)) - b338756c-272d-4fbc-ba6b-fd9ad5b86257: start group-2B8C17D7FDF0
2019-07-14 01:09:38,971 INFO  impl.RaftServerImpl (RaftServerImpl.java:setRole(171)) - b338756c-272d-4fbc-ba6b-fd9ad5b86257:group-2B8C17D7FDF0 changes role from null to FOLLOWER at term 0 for startAsFollower
2019-07-14 01:09:38,971 INFO  impl.RoleInfo (RoleInfo.java:updateAndGet(143)) - b338756c-272d-4fbc-ba6b-fd9ad5b86257: start FollowerState
2019-07-14 01:09:38,972 INFO  util.JmxRegister (JmxRegister.java:tryRegister(44)) - Successfully registered JMX Bean with object name Ratis:service=RaftServer,group=group-2B8C17D7FDF0,id=b338756c-272d-4fbc-ba6b-fd9ad5b86257
2019-07-14 01:09:38,976 INFO  pipeline.PipelineStateManager (PipelineStateManager.java:addPipeline(56)) - Created pipeline Pipeline[ Id: aba6b341-14cc-4fc6-bb7d-2b8c17d7fdf0, Nodes: b338756c-272d-4fbc-ba6b-fd9ad5b86257{ip: 192.168.157.230, host: trunk-nightly-sxkq5-3320257302, networkLocation: /default-rack, certSerialId: null}, Type:RATIS, Factor:ONE, State:OPEN]
2019-07-14 01:09:39,135 INFO  node.SCMNodeManager (SCMNodeManager.java:register(269)) - Registered Data node : 861f153f-e820-476e-8303-b9b1a9fb932e{ip: 192.168.157.230, host: trunk-nightly-sxkq5-3320257302, networkLocation: /default-rack, certSerialId: null}
2019-07-14 01:09:39,142 INFO  impl.RaftServerProxy (RaftServerProxy.java:addNew(89)) - 861f153f-e820-476e-8303-b9b1a9fb932e: addNew group-14D91A7BDCE7:[861f153f-e820-476e-8303-b9b1a9fb932e:192.168.157.230:33288] returns group-14D91A7BDCE7:java.util.concurrent.CompletableFuture@538affa6[Not completed]
2019-07-14 01:09:39,143 INFO  impl.RaftServerImpl (RaftServerImpl.java:<init>(93)) - 861f153f-e820-476e-8303-b9b1a9fb932e: new RaftServerImpl for group-14D91A7BDCE7:[861f153f-e820-476e-8303-b9b1a9fb932e:192.168.157.230:33288] with ContainerStateMachine:uninitialized
2019-07-14 01:09:39,143 INFO  server.RaftServerConfigKeys (ConfUtils.java:logGet(43)) - raft.server.rpc.timeout.min = 5s (custom)
2019-07-14 01:09:39,143 INFO  server.RaftServerConfigKeys (ConfUtils.java:logGet(43)) - raft.server.rpc.timeout.max = 5200ms (custom)
2019-07-14 01:09:39,143 INFO  server.RaftServerConfigKeys (ConfUtils.java:logGet(43)) - raft.server.rpcslowness.timeout = 120s (custom)
2019-07-14 01:09:39,143 INFO  server.RaftServerConfigKeys (ConfUtils.java:logGet(43)) - raft.server.sleep.deviation.threshold = 300 (default)
2019-07-14 01:09:39,143 INFO  server.RaftServerConfigKeys (ConfUtils.java:logGet(43)) - raft.server.log.appender.install.snapshot.enabled = false (custom)
2019-07-14 01:09:39,144 INFO  impl.RaftServerImpl (ServerState.java:<init>(105)) - 861f153f-e820-476e-8303-b9b1a9fb932e:group-14D91A7BDCE7 ConfigurationManager, init=-1: [861f153f-e820-476e-8303-b9b1a9fb932e:192.168.157.230:33288], old=null, confs=<EMPTY_MAP>
2019-07-14 01:09:39,144 INFO  server.RaftServerConfigKeys (ConfUtils.java:logGet(43)) - raft.server.storage.dir = [/tmp/workdir/hadoop-ozone/integration-test/target/test-dir/MiniOzoneClusterImpl-be3e5e2d-80a6-43b2-9494-bdc454344409/datanode-2/data/ratis] (custom)
2019-07-14 01:09:39,144 INFO  storage.RaftStorageDirectory (RaftStorageDirectory.java:analyzeStorage(246)) - The storage directory /tmp/workdir/hadoop-ozone/integration-test/target/test-dir/MiniOzoneClusterImpl-be3e5e2d-80a6-43b2-9494-bdc454344409/datanode-2/data/ratis/ec603e2d-f60e-41aa-b174-14d91a7bdce7 does not exist. Creating ...
2019-07-14 01:09:39,158 INFO  storage.RaftStorageDirectory (RaftStorageDirectory.java:tryLock(328)) - Lock on /tmp/workdir/hadoop-ozone/integration-test/target/test-dir/MiniOzoneClusterImpl-be3e5e2d-80a6-43b2-9494-bdc454344409/datanode-2/data/ratis/ec603e2d-f60e-41aa-b174-14d91a7bdce7/in_use.lock acquired by nodename 26095@trunk-nightly-sxkq5-3320257302
2019-07-14 01:09:39,171 INFO  storage.RaftStorage (RaftStorage.java:format(72)) - Storage directory /tmp/workdir/hadoop-ozone/integration-test/target/test-dir/MiniOzoneClusterImpl-be3e5e2d-80a6-43b2-9494-bdc454344409/datanode-2/data/ratis/ec603e2d-f60e-41aa-b174-14d91a7bdce7 has been successfully formatted.
2019-07-14 01:09:39,171 INFO  ratis.ContainerStateMachine (ContainerStateMachine.java:loadSnapshot(200)) - The snapshot info is null.Setting the last applied index to:(t:0, i:~)
2019-07-14 01:09:39,172 INFO  server.RaftServerConfigKeys (ConfUtils.java:logGet(43)) - raft.server.leader.election.timeout = 120s (custom)
2019-07-14 01:09:39,172 INFO  server.RaftServerConfigKeys (ConfUtils.java:logGet(43)) - raft.server.log.use.memory = false (default)
2019-07-14 01:09:39,172 INFO  server.RaftServerConfigKeys (ConfUtils.java:logGet(43)) - raft.server.log.purge.gap = 1000000000 (custom)
2019-07-14 01:09:39,172 INFO  server.RaftServerConfigKeys (ConfUtils.java:logGet(43)) - raft.server.log.appender.buffer.byte-limit = 33554432 (custom)
2019-07-14 01:09:39,172 INFO  server.RaftServerConfigKeys (ConfUtils.java:logGet(43)) - raft.server.log.segment.size.max = 1048576 (custom)
2019-07-14 01:09:39,172 INFO  server.RaftServerConfigKeys (ConfUtils.java:logGet(43)) - raft.server.log.segment.cache.num.max = 2 (custom)
2019-07-14 01:09:39,172 INFO  segmented.SegmentedRaftLogWorker (SegmentedRaftLogWorker.java:<init>(172)) - new 861f153f-e820-476e-8303-b9b1a9fb932e-SegmentedRaftLogWorker:Storage Directory /tmp/workdir/hadoop-ozone/integration-test/target/test-dir/MiniOzoneClusterImpl-be3e5e2d-80a6-43b2-9494-bdc454344409/datanode-2/data/ratis/ec603e2d-f60e-41aa-b174-14d91a7bdce7 for RaftStorage:Storage Directory /tmp/workdir/hadoop-ozone/integration-test/target/test-dir/MiniOzoneClusterImpl-be3e5e2d-80a6-43b2-9494-bdc454344409/datanode-2/data/ratis/ec603e2d-f60e-41aa-b174-14d91a7bdce7
2019-07-14 01:09:39,173 INFO  server.RaftServerConfigKeys (ConfUtils.java:logGet(43)) - raft.server.log.queue.byte-limit = 2147483647 (custom)
2019-07-14 01:09:39,173 INFO  server.RaftServerConfigKeys (ConfUtils.java:logGet(43)) - raft.server.log.queue.element-limit = 1024 (custom)
2019-07-14 01:09:39,173 INFO  server.RaftServerConfigKeys (ConfUtils.java:logGet(43)) - raft.server.log.segment.size.max = 1048576 (custom)
2019-07-14 01:09:39,173 INFO  server.RaftServerConfigKeys (ConfUtils.java:logGet(43)) - raft.server.log.preallocated.size = 16384 (custom)
2019-07-14 01:09:39,173 INFO  server.RaftServerConfigKeys (ConfUtils.java:logGet(43)) - raft.server.log.write.buffer.size = 33554432 (custom)
2019-07-14 01:09:39,174 INFO  server.RaftServerConfigKeys (ConfUtils.java:logGet(43)) - raft.server.log.force.sync.num = 128 (default)
2019-07-14 01:09:39,174 INFO  server.RaftServerConfigKeys (ConfUtils.java:logGet(43)) - raft.server.log.statemachine.data.sync = true (default)
2019-07-14 01:09:39,174 INFO  server.RaftServerConfigKeys (ConfUtils.java:logGet(43)) - raft.server.log.statemachine.data.sync.timeout = 10s (default)
2019-07-14 01:09:39,174 INFO  server.RaftServerConfigKeys (ConfUtils.java:logGet(43)) - raft.server.log.statemachine.data.sync.timeout.retry = -1 (default)
2019-07-14 01:09:39,174 INFO  server.RaftServerConfigKeys (ConfUtils.java:logGet(43)) - raft.server.log.statemachine.data.caching.enabled = true (custom)
2019-07-14 01:09:39,175 INFO  segmented.SegmentedRaftLogWorker (SegmentedRaftLogWorker.java:lambda$new$0(132)) - 861f153f-e820-476e-8303-b9b1a9fb932e-SegmentedRaftLogWorker:Storage Directory /tmp/workdir/hadoop-ozone/integration-test/target/test-dir/MiniOzoneClusterImpl-be3e5e2d-80a6-43b2-9494-bdc454344409/datanode-2/data/ratis/ec603e2d-f60e-41aa-b174-14d91a7bdce7: flushIndex: setUnconditionally 0 -> -1
2019-07-14 01:09:39,175 INFO  server.RaftServerConfigKeys (ConfUtils.java:logGet(43)) - raft.server.snapshot.auto.trigger.enabled = true (custom)
2019-07-14 01:09:39,175 INFO  server.RaftServerConfigKeys (ConfUtils.java:logGet(43)) - raft.server.snapshot.auto.trigger.threshold = 10000 (custom)
2019-07-14 01:09:39,175 INFO  server.RaftServerConfigKeys (ConfUtils.java:logGet(43)) - raft.server.retrycache.expirytime = 600000ms (custom)
2019-07-14 01:09:39,176 INFO  impl.RaftServerImpl (RaftServerImpl.java:start(180)) - 861f153f-e820-476e-8303-b9b1a9fb932e: start group-14D91A7BDCE7
2019-07-14 01:09:39,176 INFO  impl.RaftServerImpl (RaftServerImpl.java:setRole(171)) - 861f153f-e820-476e-8303-b9b1a9fb932e:group-14D91A7BDCE7 changes role from null to FOLLOWER at term 0 for startAsFollower
2019-07-14 01:09:39,176 INFO  impl.RoleInfo (RoleInfo.java:updateAndGet(143)) - 861f153f-e820-476e-8303-b9b1a9fb932e: start FollowerState
2019-07-14 01:09:39,186 INFO  util.JmxRegister (JmxRegister.java:tryRegister(44)) - Successfully registered JMX Bean with object name Ratis:service=RaftServer,group=group-14D91A7BDCE7,id=861f153f-e820-476e-8303-b9b1a9fb932e
2019-07-14 01:09:39,199 INFO  pipeline.PipelineStateManager (PipelineStateManager.java:addPipeline(56)) - Created pipeline Pipeline[ Id: ec603e2d-f60e-41aa-b174-14d91a7bdce7, Nodes: 861f153f-e820-476e-8303-b9b1a9fb932e{ip: 192.168.157.230, host: trunk-nightly-sxkq5-3320257302, networkLocation: /default-rack, certSerialId: null}, Type:RATIS, Factor:ONE, State:OPEN]
2019-07-14 01:09:39,210 INFO  impl.RaftServerProxy (RaftServerProxy.java:addNew(89)) - b338756c-272d-4fbc-ba6b-fd9ad5b86257: addNew group-0B3027F1C3CF:[29b3a5ee-a8ee-48df-86dc-60a09c8041c8:192.168.157.230:36530, 861f153f-e820-476e-8303-b9b1a9fb932e:192.168.157.230:33288, b338756c-272d-4fbc-ba6b-fd9ad5b86257:192.168.157.230:40946] returns group-0B3027F1C3CF:java.util.concurrent.CompletableFuture@2d87a960[Not completed]
2019-07-14 01:09:39,211 INFO  impl.RaftServerProxy (RaftServerProxy.java:addNew(89)) - 861f153f-e820-476e-8303-b9b1a9fb932e: addNew group-0B3027F1C3CF:[29b3a5ee-a8ee-48df-86dc-60a09c8041c8:192.168.157.230:36530, 861f153f-e820-476e-8303-b9b1a9fb932e:192.168.157.230:33288, b338756c-272d-4fbc-ba6b-fd9ad5b86257:192.168.157.230:40946] returns group-0B3027F1C3CF:java.util.concurrent.CompletableFuture@5ff04ce9[Not completed]
2019-07-14 01:09:39,210 INFO  impl.RaftServerProxy (RaftServerProxy.java:addNew(89)) - 29b3a5ee-a8ee-48df-86dc-60a09c8041c8: addNew group-0B3027F1C3CF:[29b3a5ee-a8ee-48df-86dc-60a09c8041c8:192.168.157.230:36530, 861f153f-e820-476e-8303-b9b1a9fb932e:192.168.157.230:33288, b338756c-272d-4fbc-ba6b-fd9ad5b86257:192.168.157.230:40946] returns group-0B3027F1C3CF:java.util.concurrent.CompletableFuture@26f7a307[Not completed]
2019-07-14 01:09:39,212 INFO  impl.RaftServerImpl (RaftServerImpl.java:<init>(93)) - b338756c-272d-4fbc-ba6b-fd9ad5b86257: new RaftServerImpl for group-0B3027F1C3CF:[29b3a5ee-a8ee-48df-86dc-60a09c8041c8:192.168.157.230:36530, 861f153f-e820-476e-8303-b9b1a9fb932e:192.168.157.230:33288, b338756c-272d-4fbc-ba6b-fd9ad5b86257:192.168.157.230:40946] with ContainerStateMachine:uninitialized
2019-07-14 01:09:39,212 INFO  server.RaftServerConfigKeys (ConfUtils.java:logGet(43)) - raft.server.rpc.timeout.min = 5s (custom)
2019-07-14 01:09:39,212 INFO  server.RaftServerConfigKeys (ConfUtils.java:logGet(43)) - raft.server.rpc.timeout.max = 5200ms (custom)
2019-07-14 01:09:39,212 INFO  server.RaftServerConfigKeys (ConfUtils.java:logGet(43)) - raft.server.rpcslowness.timeout = 120s (custom)
2019-07-14 01:09:39,212 INFO  server.RaftServerConfigKeys (ConfUtils.java:logGet(43)) - raft.server.sleep.deviation.threshold = 300 (default)
2019-07-14 01:09:39,212 INFO  impl.RaftServerImpl (RaftServerImpl.java:<init>(93)) - 861f153f-e820-476e-8303-b9b1a9fb932e: new RaftServerImpl for group-0B3027F1C3CF:[29b3a5ee-a8ee-48df-86dc-60a09c8041c8:192.168.157.230:36530, 861f153f-e820-476e-8303-b9b1a9fb932e:192.168.157.230:33288, b338756c-272d-4fbc-ba6b-fd9ad5b86257:192.168.157.230:40946] with ContainerStateMachine:uninitialized
2019-07-14 01:09:39,212 INFO  server.RaftServerConfigKeys (ConfUtils.java:logGet(43)) - raft.server.log.appender.install.snapshot.enabled = false (custom)
2019-07-14 01:09:39,213 INFO  server.RaftServerConfigKeys (ConfUtils.java:logGet(43)) - raft.server.rpc.timeout.min = 5s (custom)
2019-07-14 01:09:39,213 INFO  impl.RaftServerImpl (RaftServerImpl.java:<init>(93)) - 29b3a5ee-a8ee-48df-86dc-60a09c8041c8: new RaftServerImpl for group-0B3027F1C3CF:[29b3a5ee-a8ee-48df-86dc-60a09c8041c8:192.168.157.230:36530, 861f153f-e820-476e-8303-b9b1a9fb932e:192.168.157.230:33288, b338756c-272d-4fbc-ba6b-fd9ad5b86257:192.168.157.230:40946] with ContainerStateMachine:uninitialized
2019-07-14 01:09:39,213 INFO  impl.RaftServerImpl (ServerState.java:<init>(105)) - b338756c-272d-4fbc-ba6b-fd9ad5b86257:group-0B3027F1C3CF ConfigurationManager, init=-1: [29b3a5ee-a8ee-48df-86dc-60a09c8041c8:192.168.157.230:36530, 861f153f-e820-476e-8303-b9b1a9fb932e:192.168.157.230:33288, b338756c-272d-4fbc-ba6b-fd9ad5b86257:192.168.157.230:40946], old=null, confs=<EMPTY_MAP>
2019-07-14 01:09:39,213 INFO  server.RaftServerConfigKeys (ConfUtils.java:logGet(43)) - raft.server.rpc.timeout.min = 5s (custom)
2019-07-14 01:09:39,213 INFO  server.RaftServerConfigKeys (ConfUtils.java:logGet(43)) - raft.server.rpc.timeout.max = 5200ms (custom)
2019-07-14 01:09:39,213 INFO  server.RaftServerConfigKeys (ConfUtils.java:logGet(43)) - raft.server.rpc.timeout.max = 5200ms (custom)
2019-07-14 01:09:39,213 INFO  server.RaftServerConfigKeys (ConfUtils.java:logGet(43)) - raft.server.rpcslowness.timeout = 120s (custom)
2019-07-14 01:09:39,214 INFO  server.RaftServerConfigKeys (ConfUtils.java:logGet(43)) - raft.server.sleep.deviation.threshold = 300 (default)
2019-07-14 01:09:39,213 INFO  server.RaftServerConfigKeys (ConfUtils.java:logGet(43)) - raft.server.storage.dir = [/tmp/workdir/hadoop-ozone/integration-test/target/test-dir/MiniOzoneClusterImpl-be3e5e2d-80a6-43b2-9494-bdc454344409/datanode-1/data/ratis] (custom)
2019-07-14 01:09:39,214 INFO  server.RaftServerConfigKeys (ConfUtils.java:logGet(43)) - raft.server.log.appender.install.snapshot.enabled = false (custom)
2019-07-14 01:09:39,214 INFO  server.RaftServerConfigKeys (ConfUtils.java:logGet(43)) - raft.server.rpcslowness.timeout = 120s (custom)
2019-07-14 01:09:39,214 INFO  storage.RaftStorageDirectory (RaftStorageDirectory.java:analyzeStorage(246)) - The storage directory /tmp/workdir/hadoop-ozone/integration-test/target/test-dir/MiniOzoneClusterImpl-be3e5e2d-80a6-43b2-9494-bdc454344409/datanode-1/data/ratis/7fc57224-244b-45cf-aae3-0b3027f1c3cf does not exist. Creating ...
2019-07-14 01:09:39,214 INFO  impl.RaftServerImpl (ServerState.java:<init>(105)) - 29b3a5ee-a8ee-48df-86dc-60a09c8041c8:group-0B3027F1C3CF ConfigurationManager, init=-1: [29b3a5ee-a8ee-48df-86dc-60a09c8041c8:192.168.157.230:36530, 861f153f-e820-476e-8303-b9b1a9fb932e:192.168.157.230:33288, b338756c-272d-4fbc-ba6b-fd9ad5b86257:192.168.157.230:40946], old=null, confs=<EMPTY_MAP>
2019-07-14 01:09:39,214 INFO  server.RaftServerConfigKeys (ConfUtils.java:logGet(43)) - raft.server.sleep.deviation.threshold = 300 (default)
2019-07-14 01:09:39,215 INFO  server.RaftServerConfigKeys (ConfUtils.java:logGet(43)) - raft.server.storage.dir = [/tmp/workdir/hadoop-ozone/integration-test/target/test-dir/MiniOzoneClusterImpl-be3e5e2d-80a6-43b2-9494-bdc454344409/datanode-0/data/ratis] (custom)
2019-07-14 01:09:39,215 INFO  server.RaftServerConfigKeys (ConfUtils.java:logGet(43)) - raft.server.log.appender.install.snapshot.enabled = false (custom)
2019-07-14 01:09:39,215 INFO  impl.RaftServerImpl (ServerState.java:<init>(105)) - 861f153f-e820-476e-8303-b9b1a9fb932e:group-0B3027F1C3CF ConfigurationManager, init=-1: [29b3a5ee-a8ee-48df-86dc-60a09c8041c8:192.168.157.230:36530, 861f153f-e820-476e-8303-b9b1a9fb932e:192.168.157.230:33288, b338756c-272d-4fbc-ba6b-fd9ad5b86257:192.168.157.230:40946], old=null, confs=<EMPTY_MAP>
2019-07-14 01:09:39,215 INFO  storage.RaftStorageDirectory (RaftStorageDirectory.java:analyzeStorage(246)) - The storage directory /tmp/workdir/hadoop-ozone/integration-test/target/test-dir/MiniOzoneClusterImpl-be3e5e2d-80a6-43b2-9494-bdc454344409/datanode-0/data/ratis/7fc57224-244b-45cf-aae3-0b3027f1c3cf does not exist. Creating ...
2019-07-14 01:09:39,215 INFO  server.RaftServerConfigKeys (ConfUtils.java:logGet(43)) - raft.server.storage.dir = [/tmp/workdir/hadoop-ozone/integration-test/target/test-dir/MiniOzoneClusterImpl-be3e5e2d-80a6-43b2-9494-bdc454344409/datanode-2/data/ratis] (custom)
2019-07-14 01:09:39,216 INFO  storage.RaftStorageDirectory (RaftStorageDirectory.java:analyzeStorage(246)) - The storage directory /tmp/workdir/hadoop-ozone/integration-test/target/test-dir/MiniOzoneClusterImpl-be3e5e2d-80a6-43b2-9494-bdc454344409/datanode-2/data/ratis/7fc57224-244b-45cf-aae3-0b3027f1c3cf does not exist. Creating ...
2019-07-14 01:09:39,228 INFO  storage.RaftStorageDirectory (RaftStorageDirectory.java:tryLock(328)) - Lock on /tmp/workdir/hadoop-ozone/integration-test/target/test-dir/MiniOzoneClusterImpl-be3e5e2d-80a6-43b2-9494-bdc454344409/datanode-2/data/ratis/7fc57224-244b-45cf-aae3-0b3027f1c3cf/in_use.lock acquired by nodename 26095@trunk-nightly-sxkq5-3320257302
2019-07-14 01:09:39,228 INFO  storage.RaftStorageDirectory (RaftStorageDirectory.java:tryLock(328)) - Lock on /tmp/workdir/hadoop-ozone/integration-test/target/test-dir/MiniOzoneClusterImpl-be3e5e2d-80a6-43b2-9494-bdc454344409/datanode-0/data/ratis/7fc57224-244b-45cf-aae3-0b3027f1c3cf/in_use.lock acquired by nodename 26095@trunk-nightly-sxkq5-3320257302
2019-07-14 01:09:39,228 INFO  storage.RaftStorageDirectory (RaftStorageDirectory.java:tryLock(328)) - Lock on /tmp/workdir/hadoop-ozone/integration-test/target/test-dir/MiniOzoneClusterImpl-be3e5e2d-80a6-43b2-9494-bdc454344409/datanode-1/data/ratis/7fc57224-244b-45cf-aae3-0b3027f1c3cf/in_use.lock acquired by nodename 26095@trunk-nightly-sxkq5-3320257302
2019-07-14 01:09:39,247 INFO  storage.RaftStorage (RaftStorage.java:format(72)) - Storage directory /tmp/workdir/hadoop-ozone/integration-test/target/test-dir/MiniOzoneClusterImpl-be3e5e2d-80a6-43b2-9494-bdc454344409/datanode-0/data/ratis/7fc57224-244b-45cf-aae3-0b3027f1c3cf has been successfully formatted.
2019-07-14 01:09:39,247 INFO  storage.RaftStorage (RaftStorage.java:format(72)) - Storage directory /tmp/workdir/hadoop-ozone/integration-test/target/test-dir/MiniOzoneClusterImpl-be3e5e2d-80a6-43b2-9494-bdc454344409/datanode-1/data/ratis/7fc57224-244b-45cf-aae3-0b3027f1c3cf has been successfully formatted.
2019-07-14 01:09:39,247 INFO  storage.RaftStorage (RaftStorage.java:format(72)) - Storage directory /tmp/workdir/hadoop-ozone/integration-test/target/test-dir/MiniOzoneClusterImpl-be3e5e2d-80a6-43b2-9494-bdc454344409/datanode-2/data/ratis/7fc57224-244b-45cf-aae3-0b3027f1c3cf has been successfully formatted.
2019-07-14 01:09:39,247 INFO  ratis.ContainerStateMachine (ContainerStateMachine.java:loadSnapshot(200)) - The snapshot info is null.Setting the last applied index to:(t:0, i:~)
2019-07-14 01:09:39,247 INFO  ratis.ContainerStateMachine (ContainerStateMachine.java:loadSnapshot(200)) - The snapshot info is null.Setting the last applied index to:(t:0, i:~)
2019-07-14 01:09:39,248 INFO  server.RaftServerConfigKeys (ConfUtils.java:logGet(43)) - raft.server.leader.election.timeout = 120s (custom)
2019-07-14 01:09:39,248 INFO  ratis.ContainerStateMachine (ContainerStateMachine.java:loadSnapshot(200)) - The snapshot info is null.Setting the last applied index to:(t:0, i:~)
2019-07-14 01:09:39,248 INFO  server.RaftServerConfigKeys (ConfUtils.java:logGet(43)) - raft.server.log.use.memory = false (default)
2019-07-14 01:09:39,248 INFO  server.RaftServerConfigKeys (ConfUtils.java:logGet(43)) - raft.server.leader.election.timeout = 120s (custom)
2019-07-14 01:09:39,248 INFO  server.RaftServerConfigKeys (ConfUtils.java:logGet(43)) - raft.server.log.purge.gap = 1000000000 (custom)
2019-07-14 01:09:39,248 INFO  server.RaftServerConfigKeys (ConfUtils.java:logGet(43)) - raft.server.leader.election.timeout = 120s (custom)
2019-07-14 01:09:39,249 INFO  server.RaftServerConfigKeys (ConfUtils.java:logGet(43)) - raft.server.log.appender.buffer.byte-limit = 33554432 (custom)
2019-07-14 01:09:39,248 INFO  server.RaftServerConfigKeys (ConfUtils.java:logGet(43)) - raft.server.log.use.memory = false (default)
2019-07-14 01:09:39,249 INFO  server.RaftServerConfigKeys (ConfUtils.java:logGet(43)) - raft.server.log.segment.size.max = 1048576 (custom)
2019-07-14 01:09:39,249 INFO  server.RaftServerConfigKeys (ConfUtils.java:logGet(43)) - raft.server.log.use.memory = false (default)
2019-07-14 01:09:39,249 INFO  server.RaftServerConfigKeys (ConfUtils.java:logGet(43)) - raft.server.log.segment.cache.num.max = 2 (custom)
2019-07-14 01:09:39,249 INFO  server.RaftServerConfigKeys (ConfUtils.java:logGet(43)) - raft.server.log.purge.gap = 1000000000 (custom)
2019-07-14 01:09:39,250 INFO  segmented.SegmentedRaftLogWorker (SegmentedRaftLogWorker.java:<init>(172)) - new b338756c-272d-4fbc-ba6b-fd9ad5b86257-SegmentedRaftLogWorker:Storage Directory /tmp/workdir/hadoop-ozone/integration-test/target/test-dir/MiniOzoneClusterImpl-be3e5e2d-80a6-43b2-9494-bdc454344409/datanode-1/data/ratis/7fc57224-244b-45cf-aae3-0b3027f1c3cf for RaftStorage:Storage Directory /tmp/workdir/hadoop-ozone/integration-test/target/test-dir/MiniOzoneClusterImpl-be3e5e2d-80a6-43b2-9494-bdc454344409/datanode-1/data/ratis/7fc57224-244b-45cf-aae3-0b3027f1c3cf
2019-07-14 01:09:39,249 INFO  server.RaftServerConfigKeys (ConfUtils.java:logGet(43)) - raft.server.log.purge.gap = 1000000000 (custom)
2019-07-14 01:09:39,250 INFO  server.RaftServerConfigKeys (ConfUtils.java:logGet(43)) - raft.server.log.queue.byte-limit = 2147483647 (custom)
2019-07-14 01:09:39,250 INFO  server.RaftServerConfigKeys (ConfUtils.java:logGet(43)) - raft.server.log.appender.buffer.byte-limit = 33554432 (custom)
2019-07-14 01:09:39,250 INFO  server.RaftServerConfigKeys (ConfUtils.java:logGet(43)) - raft.server.log.queue.element-limit = 1024 (custom)
2019-07-14 01:09:39,250 INFO  server.RaftServerConfigKeys (ConfUtils.java:logGet(43)) - raft.server.log.appender.buffer.byte-limit = 33554432 (custom)
2019-07-14 01:09:39,251 INFO  server.RaftServerConfigKeys (ConfUtils.java:logGet(43)) - raft.server.log.segment.size.max = 1048576 (custom)
2019-07-14 01:09:39,251 INFO  server.RaftServerConfigKeys (ConfUtils.java:logGet(43)) - raft.server.log.segment.size.max = 1048576 (custom)
2019-07-14 01:09:39,251 INFO  server.RaftServerConfigKeys (ConfUtils.java:logGet(43)) - raft.server.log.preallocated.size = 16384 (custom)
2019-07-14 01:09:39,251 INFO  server.RaftServerConfigKeys (ConfUtils.java:logGet(43)) - raft.server.log.segment.size.max = 1048576 (custom)
2019-07-14 01:09:39,251 INFO  server.RaftServerConfigKeys (ConfUtils.java:logGet(43)) - raft.server.log.write.buffer.size = 33554432 (custom)
2019-07-14 01:09:39,251 INFO  server.RaftServerConfigKeys (ConfUtils.java:logGet(43)) - raft.server.log.segment.cache.num.max = 2 (custom)
2019-07-14 01:09:39,252 INFO  server.RaftServerConfigKeys (ConfUtils.java:logGet(43)) - raft.server.log.force.sync.num = 128 (default)
2019-07-14 01:09:39,252 INFO  server.RaftServerConfigKeys (ConfUtils.java:logGet(43)) - raft.server.log.segment.cache.num.max = 2 (custom)
2019-07-14 01:09:39,252 INFO  server.RaftServerConfigKeys (ConfUtils.java:logGet(43)) - raft.server.log.statemachine.data.sync = true (default)
2019-07-14 01:09:39,252 INFO  segmented.SegmentedRaftLogWorker (SegmentedRaftLogWorker.java:<init>(172)) - new 29b3a5ee-a8ee-48df-86dc-60a09c8041c8-SegmentedRaftLogWorker:Storage Directory /tmp/workdir/hadoop-ozone/integration-test/target/test-dir/MiniOzoneClusterImpl-be3e5e2d-80a6-43b2-9494-bdc454344409/datanode-0/data/ratis/7fc57224-244b-45cf-aae3-0b3027f1c3cf for RaftStorage:Storage Directory /tmp/workdir/hadoop-ozone/integration-test/target/test-dir/MiniOzoneClusterImpl-be3e5e2d-80a6-43b2-9494-bdc454344409/datanode-0/data/ratis/7fc57224-244b-45cf-aae3-0b3027f1c3cf
2019-07-14 01:09:39,252 INFO  server.RaftServerConfigKeys (ConfUtils.java:logGet(43)) - raft.server.log.statemachine.data.sync.timeout = 10s (default)
2019-07-14 01:09:39,252 INFO  segmented.SegmentedRaftLogWorker (SegmentedRaftLogWorker.java:<init>(172)) - new 861f153f-e820-476e-8303-b9b1a9fb932e-SegmentedRaftLogWorker:Storage Directory /tmp/workdir/hadoop-ozone/integration-test/target/test-dir/MiniOzoneClusterImpl-be3e5e2d-80a6-43b2-9494-bdc454344409/datanode-2/data/ratis/7fc57224-244b-45cf-aae3-0b3027f1c3cf for RaftStorage:Storage Directory /tmp/workdir/hadoop-ozone/integration-test/target/test-dir/MiniOzoneClusterImpl-be3e5e2d-80a6-43b2-9494-bdc454344409/datanode-2/data/ratis/7fc57224-244b-45cf-aae3-0b3027f1c3cf
2019-07-14 01:09:39,253 INFO  server.RaftServerConfigKeys (ConfUtils.java:logGet(43)) - raft.server.log.statemachine.data.sync.timeout.retry = -1 (default)
2019-07-14 01:09:39,252 INFO  server.RaftServerConfigKeys (ConfUtils.java:logGet(43)) - raft.server.log.queue.byte-limit = 2147483647 (custom)
2019-07-14 01:09:39,253 INFO  server.RaftServerConfigKeys (ConfUtils.java:logGet(43)) - raft.server.log.statemachine.data.caching.enabled = true (custom)
2019-07-14 01:09:39,253 INFO  server.RaftServerConfigKeys (ConfUtils.java:logGet(43)) - raft.server.log.queue.byte-limit = 2147483647 (custom)
2019-07-14 01:09:39,253 INFO  segmented.SegmentedRaftLogWorker (SegmentedRaftLogWorker.java:lambda$new$0(132)) - b338756c-272d-4fbc-ba6b-fd9ad5b86257-SegmentedRaftLogWorker:Storage Directory /tmp/workdir/hadoop-ozone/integration-test/target/test-dir/MiniOzoneClusterImpl-be3e5e2d-80a6-43b2-9494-bdc454344409/datanode-1/data/ratis/7fc57224-244b-45cf-aae3-0b3027f1c3cf: flushIndex: setUnconditionally 0 -> -1
2019-07-14 01:09:39,253 INFO  server.RaftServerConfigKeys (ConfUtils.java:logGet(43)) - raft.server.log.queue.element-limit = 1024 (custom)
2019-07-14 01:09:39,254 INFO  server.RaftServerConfigKeys (ConfUtils.java:logGet(43)) - raft.server.log.queue.element-limit = 1024 (custom)
2019-07-14 01:09:39,254 INFO  server.RaftServerConfigKeys (ConfUtils.java:logGet(43)) - raft.server.log.segment.size.max = 1048576 (custom)
2019-07-14 01:09:39,254 INFO  server.RaftServerConfigKeys (ConfUtils.java:logGet(43)) - raft.server.snapshot.auto.trigger.enabled = true (custom)
2019-07-14 01:09:39,254 INFO  server.RaftServerConfigKeys (ConfUtils.java:logGet(43)) - raft.server.log.preallocated.size = 16384 (custom)
2019-07-14 01:09:39,254 INFO  server.RaftServerConfigKeys (ConfUtils.java:logGet(43)) - raft.server.log.segment.size.max = 1048576 (custom)
2019-07-14 01:09:39,254 INFO  server.RaftServerConfigKeys (ConfUtils.java:logGet(43)) - raft.server.log.write.buffer.size = 33554432 (custom)
2019-07-14 01:09:39,254 INFO  server.RaftServerConfigKeys (ConfUtils.java:logGet(43)) - raft.server.snapshot.auto.trigger.threshold = 10000 (custom)
2019-07-14 01:09:39,255 INFO  server.RaftServerConfigKeys (ConfUtils.java:logGet(43)) - raft.server.log.force.sync.num = 128 (default)
2019-07-14 01:09:39,255 INFO  server.RaftServerConfigKeys (ConfUtils.java:logGet(43)) - raft.server.log.preallocated.size = 16384 (custom)
2019-07-14 01:09:39,255 INFO  server.RaftServerConfigKeys (ConfUtils.java:logGet(43)) - raft.server.log.statemachine.data.sync = true (default)
2019-07-14 01:09:39,255 INFO  server.RaftServerConfigKeys (ConfUtils.java:logGet(43)) - raft.server.retrycache.expirytime = 600000ms (custom)
2019-07-14 01:09:39,255 INFO  server.RaftServerConfigKeys (ConfUtils.java:logGet(43)) - raft.server.log.statemachine.data.sync.timeout = 10s (default)
2019-07-14 01:09:39,255 INFO  server.RaftServerConfigKeys (ConfUtils.java:logGet(43)) - raft.server.log.write.buffer.size = 33554432 (custom)
2019-07-14 01:09:39,256 INFO  server.RaftServerConfigKeys (ConfUtils.java:logGet(43)) - raft.server.log.statemachine.data.sync.timeout.retry = -1 (default)
2019-07-14 01:09:39,256 INFO  impl.RaftServerImpl (RaftServerImpl.java:start(180)) - b338756c-272d-4fbc-ba6b-fd9ad5b86257: start group-0B3027F1C3CF
2019-07-14 01:09:39,256 INFO  server.RaftServerConfigKeys (ConfUtils.java:logGet(43)) - raft.server.log.statemachine.data.caching.enabled = true (custom)
2019-07-14 01:09:39,256 INFO  server.RaftServerConfigKeys (ConfUtils.java:logGet(43)) - raft.server.log.force.sync.num = 128 (default)
2019-07-14 01:09:39,256 INFO  impl.RaftServerImpl (RaftServerImpl.java:setRole(171)) - b338756c-272d-4fbc-ba6b-fd9ad5b86257:group-0B3027F1C3CF changes role from null to FOLLOWER at term 0 for startAsFollower
2019-07-14 01:09:39,256 INFO  server.RaftServerConfigKeys (ConfUtils.java:logGet(43)) - raft.server.log.statemachine.data.sync = true (default)
2019-07-14 01:09:39,256 INFO  segmented.SegmentedRaftLogWorker (SegmentedRaftLogWorker.java:lambda$new$0(132)) - 29b3a5ee-a8ee-48df-86dc-60a09c8041c8-SegmentedRaftLogWorker:Storage Directory /tmp/workdir/hadoop-ozone/integration-test/target/test-dir/MiniOzoneClusterImpl-be3e5e2d-80a6-43b2-9494-bdc454344409/datanode-0/data/ratis/7fc57224-244b-45cf-aae3-0b3027f1c3cf: flushIndex: setUnconditionally 0 -> -1
2019-07-14 01:09:39,257 INFO  server.RaftServerConfigKeys (ConfUtils.java:logGet(43)) - raft.server.log.statemachine.data.sync.timeout = 10s (default)
2019-07-14 01:09:39,257 INFO  impl.RoleInfo (RoleInfo.java:updateAndGet(143)) - b338756c-272d-4fbc-ba6b-fd9ad5b86257: start FollowerState
2019-07-14 01:09:39,257 INFO  server.RaftServerConfigKeys (ConfUtils.java:logGet(43)) - raft.server.snapshot.auto.trigger.enabled = true (custom)
2019-07-14 01:09:39,257 INFO  server.RaftServerConfigKeys (ConfUtils.java:logGet(43)) - raft.server.snapshot.auto.trigger.threshold = 10000 (custom)
2019-07-14 01:09:39,257 INFO  server.RaftServerConfigKeys (ConfUtils.java:logGet(43)) - raft.server.log.statemachine.data.sync.timeout.retry = -1 (default)
2019-07-14 01:09:39,258 INFO  server.RaftServerConfigKeys (ConfUtils.java:logGet(43)) - raft.server.retrycache.expirytime = 600000ms (custom)
2019-07-14 01:09:39,257 INFO  util.JmxRegister (JmxRegister.java:tryRegister(44)) - Successfully registered JMX Bean with object name Ratis:service=RaftServer,group=group-0B3027F1C3CF,id=b338756c-272d-4fbc-ba6b-fd9ad5b86257
2019-07-14 01:09:39,258 INFO  impl.RaftServerImpl (RaftServerImpl.java:start(180)) - 29b3a5ee-a8ee-48df-86dc-60a09c8041c8: start group-0B3027F1C3CF
2019-07-14 01:09:39,258 INFO  impl.RaftServerImpl (RaftServerImpl.java:setRole(171)) - 29b3a5ee-a8ee-48df-86dc-60a09c8041c8:group-0B3027F1C3CF changes role from null to FOLLOWER at term 0 for startAsFollower
2019-07-14 01:09:39,258 INFO  server.RaftServerConfigKeys (ConfUtils.java:logGet(43)) - raft.server.log.statemachine.data.caching.enabled = true (custom)
2019-07-14 01:09:39,258 INFO  impl.RoleInfo (RoleInfo.java:updateAndGet(143)) - 29b3a5ee-a8ee-48df-86dc-60a09c8041c8: start FollowerState
2019-07-14 01:09:39,259 INFO  segmented.SegmentedRaftLogWorker (SegmentedRaftLogWorker.java:lambda$new$0(132)) - 861f153f-e820-476e-8303-b9b1a9fb932e-SegmentedRaftLogWorker:Storage Directory /tmp/workdir/hadoop-ozone/integration-test/target/test-dir/MiniOzoneClusterImpl-be3e5e2d-80a6-43b2-9494-bdc454344409/datanode-2/data/ratis/7fc57224-244b-45cf-aae3-0b3027f1c3cf: flushIndex: setUnconditionally 0 -> -1
2019-07-14 01:09:39,259 INFO  util.JmxRegister (JmxRegister.java:tryRegister(44)) - Successfully registered JMX Bean with object name Ratis:service=RaftServer,group=group-0B3027F1C3CF,id=29b3a5ee-a8ee-48df-86dc-60a09c8041c8
2019-07-14 01:09:39,259 INFO  server.RaftServerConfigKeys (ConfUtils.java:logGet(43)) - raft.server.snapshot.auto.trigger.enabled = true (custom)
2019-07-14 01:09:39,262 INFO  server.RaftServerConfigKeys (ConfUtils.java:logGet(43)) - raft.server.snapshot.auto.trigger.threshold = 10000 (custom)
2019-07-14 01:09:39,262 INFO  server.RaftServerConfigKeys (ConfUtils.java:logGet(43)) - raft.server.retrycache.expirytime = 600000ms (custom)
2019-07-14 01:09:39,262 INFO  impl.RaftServerImpl (RaftServerImpl.java:start(180)) - 861f153f-e820-476e-8303-b9b1a9fb932e: start group-0B3027F1C3CF
2019-07-14 01:09:39,265 INFO  impl.RaftServerImpl (RaftServerImpl.java:setRole(171)) - 861f153f-e820-476e-8303-b9b1a9fb932e:group-0B3027F1C3CF changes role from null to FOLLOWER at term 0 for startAsFollower
2019-07-14 01:09:39,265 INFO  impl.RoleInfo (RoleInfo.java:updateAndGet(143)) - 861f153f-e820-476e-8303-b9b1a9fb932e: start FollowerState
2019-07-14 01:09:39,265 INFO  util.JmxRegister (JmxRegister.java:tryRegister(44)) - Successfully registered JMX Bean with object name Ratis:service=RaftServer,group=group-0B3027F1C3CF,id=861f153f-e820-476e-8303-b9b1a9fb932e
2019-07-14 01:09:39,270 INFO  pipeline.PipelineStateManager (PipelineStateManager.java:addPipeline(56)) - Created pipeline Pipeline[ Id: 7fc57224-244b-45cf-aae3-0b3027f1c3cf, Nodes: 29b3a5ee-a8ee-48df-86dc-60a09c8041c8{ip: 192.168.157.230, host: trunk-nightly-sxkq5-3320257302, networkLocation: /default-rack, certSerialId: null}861f153f-e820-476e-8303-b9b1a9fb932e{ip: 192.168.157.230, host: trunk-nightly-sxkq5-3320257302, networkLocation: /default-rack, certSerialId: null}b338756c-272d-4fbc-ba6b-fd9ad5b86257{ip: 192.168.157.230, host: trunk-nightly-sxkq5-3320257302, networkLocation: /default-rack, certSerialId: null}, Type:RATIS, Factor:THREE, State:OPEN]
2019-07-14 01:09:39,303 INFO  node.SCMNodeManager (SCMNodeManager.java:register(269)) - Registered Data node : a204c9d6-107a-4db2-9ede-40ca7b317c59{ip: 192.168.157.230, host: trunk-nightly-sxkq5-3320257302, networkLocation: /default-rack, certSerialId: null}
2019-07-14 01:09:39,310 INFO  impl.RaftServerProxy (RaftServerProxy.java:addNew(89)) - a204c9d6-107a-4db2-9ede-40ca7b317c59: addNew group-BF76942FD920:[a204c9d6-107a-4db2-9ede-40ca7b317c59:192.168.157.230:36166] returns group-BF76942FD920:java.util.concurrent.CompletableFuture@4fe9174e[Not completed]
2019-07-14 01:09:39,312 INFO  impl.RaftServerImpl (RaftServerImpl.java:<init>(93)) - a204c9d6-107a-4db2-9ede-40ca7b317c59: new RaftServerImpl for group-BF76942FD920:[a204c9d6-107a-4db2-9ede-40ca7b317c59:192.168.157.230:36166] with ContainerStateMachine:uninitialized
2019-07-14 01:09:39,312 INFO  server.RaftServerConfigKeys (ConfUtils.java:logGet(43)) - raft.server.rpc.timeout.min = 5s (custom)
2019-07-14 01:09:39,312 INFO  server.RaftServerConfigKeys (ConfUtils.java:logGet(43)) - raft.server.rpc.timeout.max = 5200ms (custom)
2019-07-14 01:09:39,312 INFO  server.RaftServerConfigKeys (ConfUtils.java:logGet(43)) - raft.server.rpcslowness.timeout = 120s (custom)
2019-07-14 01:09:39,312 INFO  server.RaftServerConfigKeys (ConfUtils.java:logGet(43)) - raft.server.sleep.deviation.threshold = 300 (default)
2019-07-14 01:09:39,312 INFO  server.RaftServerConfigKeys (ConfUtils.java:logGet(43)) - raft.server.log.appender.install.snapshot.enabled = false (custom)
2019-07-14 01:09:39,312 INFO  impl.RaftServerImpl (ServerState.java:<init>(105)) - a204c9d6-107a-4db2-9ede-40ca7b317c59:group-BF76942FD920 ConfigurationManager, init=-1: [a204c9d6-107a-4db2-9ede-40ca7b317c59:192.168.157.230:36166], old=null, confs=<EMPTY_MAP>
2019-07-14 01:09:39,313 INFO  server.RaftServerConfigKeys (ConfUtils.java:logGet(43)) - raft.server.storage.dir = [/tmp/workdir/hadoop-ozone/integration-test/target/test-dir/MiniOzoneClusterImpl-be3e5e2d-80a6-43b2-9494-bdc454344409/datanode-3/data/ratis] (custom)
2019-07-14 01:09:39,313 INFO  storage.RaftStorageDirectory (RaftStorageDirectory.java:analyzeStorage(246)) - The storage directory /tmp/workdir/hadoop-ozone/integration-test/target/test-dir/MiniOzoneClusterImpl-be3e5e2d-80a6-43b2-9494-bdc454344409/datanode-3/data/ratis/5062c3a2-6aff-4242-81a5-bf76942fd920 does not exist. Creating ...
2019-07-14 01:09:39,327 INFO  storage.RaftStorageDirectory (RaftStorageDirectory.java:tryLock(328)) - Lock on /tmp/workdir/hadoop-ozone/integration-test/target/test-dir/MiniOzoneClusterImpl-be3e5e2d-80a6-43b2-9494-bdc454344409/datanode-3/data/ratis/5062c3a2-6aff-4242-81a5-bf76942fd920/in_use.lock acquired by nodename 26095@trunk-nightly-sxkq5-3320257302
2019-07-14 01:09:39,340 INFO  storage.RaftStorage (RaftStorage.java:format(72)) - Storage directory /tmp/workdir/hadoop-ozone/integration-test/target/test-dir/MiniOzoneClusterImpl-be3e5e2d-80a6-43b2-9494-bdc454344409/datanode-3/data/ratis/5062c3a2-6aff-4242-81a5-bf76942fd920 has been successfully formatted.
2019-07-14 01:09:39,341 INFO  ratis.ContainerStateMachine (ContainerStateMachine.java:loadSnapshot(200)) - The snapshot info is null.Setting the last applied index to:(t:0, i:~)
2019-07-14 01:09:39,341 INFO  server.RaftServerConfigKeys (ConfUtils.java:logGet(43)) - raft.server.leader.election.timeout = 120s (custom)
2019-07-14 01:09:39,341 INFO  server.RaftServerConfigKeys (ConfUtils.java:logGet(43)) - raft.server.log.use.memory = false (default)
2019-07-14 01:09:39,341 INFO  server.RaftServerConfigKeys (ConfUtils.java:logGet(43)) - raft.server.log.purge.gap = 1000000000 (custom)
2019-07-14 01:09:39,341 INFO  server.RaftServerConfigKeys (ConfUtils.java:logGet(43)) - raft.server.log.appender.buffer.byte-limit = 33554432 (custom)
2019-07-14 01:09:39,341 INFO  server.RaftServerConfigKeys (ConfUtils.java:logGet(43)) - raft.server.log.segment.size.max = 1048576 (custom)
2019-07-14 01:09:39,342 INFO  server.RaftServerConfigKeys (ConfUtils.java:logGet(43)) - raft.server.log.segment.cache.num.max = 2 (custom)
2019-07-14 01:09:39,342 INFO  segmented.SegmentedRaftLogWorker (SegmentedRaftLogWorker.java:<init>(172)) - new a204c9d6-107a-4db2-9ede-40ca7b317c59-SegmentedRaftLogWorker:Storage Directory /tmp/workdir/hadoop-ozone/integration-test/target/test-dir/MiniOzoneClusterImpl-be3e5e2d-80a6-43b2-9494-bdc454344409/datanode-3/data/ratis/5062c3a2-6aff-4242-81a5-bf76942fd920 for RaftStorage:Storage Directory /tmp/workdir/hadoop-ozone/integration-test/target/test-dir/MiniOzoneClusterImpl-be3e5e2d-80a6-43b2-9494-bdc454344409/datanode-3/data/ratis/5062c3a2-6aff-4242-81a5-bf76942fd920
2019-07-14 01:09:39,342 INFO  server.RaftServerConfigKeys (ConfUtils.java:logGet(43)) - raft.server.log.queue.byte-limit = 2147483647 (custom)
2019-07-14 01:09:39,342 INFO  server.RaftServerConfigKeys (ConfUtils.java:logGet(43)) - raft.server.log.queue.element-limit = 1024 (custom)
2019-07-14 01:09:39,342 INFO  server.RaftServerConfigKeys (ConfUtils.java:logGet(43)) - raft.server.log.segment.size.max = 1048576 (custom)
2019-07-14 01:09:39,343 INFO  server.RaftServerConfigKeys (ConfUtils.java:logGet(43)) - raft.server.log.preallocated.size = 16384 (custom)
2019-07-14 01:09:39,343 INFO  server.RaftServerConfigKeys (ConfUtils.java:logGet(43)) - raft.server.log.write.buffer.size = 33554432 (custom)
2019-07-14 01:09:39,343 INFO  server.RaftServerConfigKeys (ConfUtils.java:logGet(43)) - raft.server.log.force.sync.num = 128 (default)
2019-07-14 01:09:39,343 INFO  server.RaftServerConfigKeys (ConfUtils.java:logGet(43)) - raft.server.log.statemachine.data.sync = true (default)
2019-07-14 01:09:39,343 INFO  server.RaftServerConfigKeys (ConfUtils.java:logGet(43)) - raft.server.log.statemachine.data.sync.timeout = 10s (default)
2019-07-14 01:09:39,343 INFO  server.RaftServerConfigKeys (ConfUtils.java:logGet(43)) - raft.server.log.statemachine.data.sync.timeout.retry = -1 (default)
2019-07-14 01:09:39,344 INFO  server.RaftServerConfigKeys (ConfUtils.java:logGet(43)) - raft.server.log.statemachine.data.caching.enabled = true (custom)
2019-07-14 01:09:39,344 INFO  segmented.SegmentedRaftLogWorker (SegmentedRaftLogWorker.java:lambda$new$0(132)) - a204c9d6-107a-4db2-9ede-40ca7b317c59-SegmentedRaftLogWorker:Storage Directory /tmp/workdir/hadoop-ozone/integration-test/target/test-dir/MiniOzoneClusterImpl-be3e5e2d-80a6-43b2-9494-bdc454344409/datanode-3/data/ratis/5062c3a2-6aff-4242-81a5-bf76942fd920: flushIndex: setUnconditionally 0 -> -1
2019-07-14 01:09:39,344 INFO  server.RaftServerConfigKeys (ConfUtils.java:logGet(43)) - raft.server.snapshot.auto.trigger.enabled = true (custom)
2019-07-14 01:09:39,345 INFO  server.RaftServerConfigKeys (ConfUtils.java:logGet(43)) - raft.server.snapshot.auto.trigger.threshold = 10000 (custom)
2019-07-14 01:09:39,345 INFO  server.RaftServerConfigKeys (ConfUtils.java:logGet(43)) - raft.server.retrycache.expirytime = 600000ms (custom)
2019-07-14 01:09:39,345 INFO  impl.RaftServerImpl (RaftServerImpl.java:start(180)) - a204c9d6-107a-4db2-9ede-40ca7b317c59: start group-BF76942FD920
2019-07-14 01:09:39,345 INFO  impl.RaftServerImpl (RaftServerImpl.java:setRole(171)) - a204c9d6-107a-4db2-9ede-40ca7b317c59:group-BF76942FD920 changes role from null to FOLLOWER at term 0 for startAsFollower
2019-07-14 01:09:39,345 INFO  impl.RoleInfo (RoleInfo.java:updateAndGet(143)) - a204c9d6-107a-4db2-9ede-40ca7b317c59: start FollowerState
2019-07-14 01:09:39,346 INFO  util.JmxRegister (JmxRegister.java:tryRegister(44)) - Successfully registered JMX Bean with object name Ratis:service=RaftServer,group=group-BF76942FD920,id=a204c9d6-107a-4db2-9ede-40ca7b317c59
2019-07-14 01:09:39,350 INFO  pipeline.PipelineStateManager (PipelineStateManager.java:addPipeline(56)) - Created pipeline Pipeline[ Id: 5062c3a2-6aff-4242-81a5-bf76942fd920, Nodes: a204c9d6-107a-4db2-9ede-40ca7b317c59{ip: 192.168.157.230, host: trunk-nightly-sxkq5-3320257302, networkLocation: /default-rack, certSerialId: null}, Type:RATIS, Factor:ONE, State:OPEN]
2019-07-14 01:09:39,473 INFO  node.SCMNodeManager (SCMNodeManager.java:register(269)) - Registered Data node : 8cb4b762-5597-4ade-ab14-b4ebb9e958cf{ip: 192.168.157.230, host: trunk-nightly-sxkq5-3320257302, networkLocation: /default-rack, certSerialId: null}
2019-07-14 01:09:39,493 INFO  impl.RaftServerProxy (RaftServerProxy.java:addNew(89)) - 8cb4b762-5597-4ade-ab14-b4ebb9e958cf: addNew group-5B341C9352D4:[8cb4b762-5597-4ade-ab14-b4ebb9e958cf:192.168.157.230:37486] returns group-5B341C9352D4:java.util.concurrent.CompletableFuture@4c11106d[Not completed]
2019-07-14 01:09:39,494 INFO  impl.RaftServerImpl (RaftServerImpl.java:<init>(93)) - 8cb4b762-5597-4ade-ab14-b4ebb9e958cf: new RaftServerImpl for group-5B341C9352D4:[8cb4b762-5597-4ade-ab14-b4ebb9e958cf:192.168.157.230:37486] with ContainerStateMachine:uninitialized
2019-07-14 01:09:39,494 INFO  server.RaftServerConfigKeys (ConfUtils.java:logGet(43)) - raft.server.rpc.timeout.min = 5s (custom)
2019-07-14 01:09:39,494 INFO  server.RaftServerConfigKeys (ConfUtils.java:logGet(43)) - raft.server.rpc.timeout.max = 5200ms (custom)
2019-07-14 01:09:39,494 INFO  server.RaftServerConfigKeys (ConfUtils.java:logGet(43)) - raft.server.rpcslowness.timeout = 120s (custom)
2019-07-14 01:09:39,494 INFO  server.RaftServerConfigKeys (ConfUtils.java:logGet(43)) - raft.server.sleep.deviation.threshold = 300 (default)
2019-07-14 01:09:39,494 INFO  server.RaftServerConfigKeys (ConfUtils.java:logGet(43)) - raft.server.log.appender.install.snapshot.enabled = false (custom)
2019-07-14 01:09:39,495 INFO  impl.RaftServerImpl (ServerState.java:<init>(105)) - 8cb4b762-5597-4ade-ab14-b4ebb9e958cf:group-5B341C9352D4 ConfigurationManager, init=-1: [8cb4b762-5597-4ade-ab14-b4ebb9e958cf:192.168.157.230:37486], old=null, confs=<EMPTY_MAP>
2019-07-14 01:09:39,495 INFO  server.RaftServerConfigKeys (ConfUtils.java:logGet(43)) - raft.server.storage.dir = [/tmp/workdir/hadoop-ozone/integration-test/target/test-dir/MiniOzoneClusterImpl-be3e5e2d-80a6-43b2-9494-bdc454344409/datanode-4/data/ratis] (custom)
2019-07-14 01:09:39,495 INFO  storage.RaftStorageDirectory (RaftStorageDirectory.java:analyzeStorage(246)) - The storage directory /tmp/workdir/hadoop-ozone/integration-test/target/test-dir/MiniOzoneClusterImpl-be3e5e2d-80a6-43b2-9494-bdc454344409/datanode-4/data/ratis/132215eb-4699-42b5-8a2a-5b341c9352d4 does not exist. Creating ...
2019-07-14 01:09:39,512 INFO  storage.RaftStorageDirectory (RaftStorageDirectory.java:tryLock(328)) - Lock on /tmp/workdir/hadoop-ozone/integration-test/target/test-dir/MiniOzoneClusterImpl-be3e5e2d-80a6-43b2-9494-bdc454344409/datanode-4/data/ratis/132215eb-4699-42b5-8a2a-5b341c9352d4/in_use.lock acquired by nodename 26095@trunk-nightly-sxkq5-3320257302
2019-07-14 01:09:39,526 INFO  storage.RaftStorage (RaftStorage.java:format(72)) - Storage directory /tmp/workdir/hadoop-ozone/integration-test/target/test-dir/MiniOzoneClusterImpl-be3e5e2d-80a6-43b2-9494-bdc454344409/datanode-4/data/ratis/132215eb-4699-42b5-8a2a-5b341c9352d4 has been successfully formatted.
2019-07-14 01:09:39,527 INFO  ratis.ContainerStateMachine (ContainerStateMachine.java:loadSnapshot(200)) - The snapshot info is null.Setting the last applied index to:(t:0, i:~)
2019-07-14 01:09:39,527 INFO  server.RaftServerConfigKeys (ConfUtils.java:logGet(43)) - raft.server.leader.election.timeout = 120s (custom)
2019-07-14 01:09:39,527 INFO  server.RaftServerConfigKeys (ConfUtils.java:logGet(43)) - raft.server.log.use.memory = false (default)
2019-07-14 01:09:39,527 INFO  server.RaftServerConfigKeys (ConfUtils.java:logGet(43)) - raft.server.log.purge.gap = 1000000000 (custom)
2019-07-14 01:09:39,527 INFO  server.RaftServerConfigKeys (ConfUtils.java:logGet(43)) - raft.server.log.appender.buffer.byte-limit = 33554432 (custom)
2019-07-14 01:09:39,527 INFO  server.RaftServerConfigKeys (ConfUtils.java:logGet(43)) - raft.server.log.segment.size.max = 1048576 (custom)
2019-07-14 01:09:39,528 INFO  server.RaftServerConfigKeys (ConfUtils.java:logGet(43)) - raft.server.log.segment.cache.num.max = 2 (custom)
2019-07-14 01:09:39,528 INFO  segmented.SegmentedRaftLogWorker (SegmentedRaftLogWorker.java:<init>(172)) - new 8cb4b762-5597-4ade-ab14-b4ebb9e958cf-SegmentedRaftLogWorker:Storage Directory /tmp/workdir/hadoop-ozone/integration-test/target/test-dir/MiniOzoneClusterImpl-be3e5e2d-80a6-43b2-9494-bdc454344409/datanode-4/data/ratis/132215eb-4699-42b5-8a2a-5b341c9352d4 for RaftStorage:Storage Directory /tmp/workdir/hadoop-ozone/integration-test/target/test-dir/MiniOzoneClusterImpl-be3e5e2d-80a6-43b2-9494-bdc454344409/datanode-4/data/ratis/132215eb-4699-42b5-8a2a-5b341c9352d4
2019-07-14 01:09:39,528 INFO  server.RaftServerConfigKeys (ConfUtils.java:logGet(43)) - raft.server.log.queue.byte-limit = 2147483647 (custom)
2019-07-14 01:09:39,528 INFO  server.RaftServerConfigKeys (ConfUtils.java:logGet(43)) - raft.server.log.queue.element-limit = 1024 (custom)
2019-07-14 01:09:39,528 INFO  server.RaftServerConfigKeys (ConfUtils.java:logGet(43)) - raft.server.log.segment.size.max = 1048576 (custom)
2019-07-14 01:09:39,529 INFO  server.RaftServerConfigKeys (ConfUtils.java:logGet(43)) - raft.server.log.preallocated.size = 16384 (custom)
2019-07-14 01:09:39,529 INFO  server.RaftServerConfigKeys (ConfUtils.java:logGet(43)) - raft.server.log.write.buffer.size = 33554432 (custom)
2019-07-14 01:09:39,529 INFO  server.RaftServerConfigKeys (ConfUtils.java:logGet(43)) - raft.server.log.force.sync.num = 128 (default)
2019-07-14 01:09:39,529 INFO  server.RaftServerConfigKeys (ConfUtils.java:logGet(43)) - raft.server.log.statemachine.data.sync = true (default)
2019-07-14 01:09:39,529 INFO  server.RaftServerConfigKeys (ConfUtils.java:logGet(43)) - raft.server.log.statemachine.data.sync.timeout = 10s (default)
2019-07-14 01:09:39,529 INFO  server.RaftServerConfigKeys (ConfUtils.java:logGet(43)) - raft.server.log.statemachine.data.sync.timeout.retry = -1 (default)
2019-07-14 01:09:39,530 INFO  server.RaftServerConfigKeys (ConfUtils.java:logGet(43)) - raft.server.log.statemachine.data.caching.enabled = true (custom)
2019-07-14 01:09:39,530 INFO  segmented.SegmentedRaftLogWorker (SegmentedRaftLogWorker.java:lambda$new$0(132)) - 8cb4b762-5597-4ade-ab14-b4ebb9e958cf-SegmentedRaftLogWorker:Storage Directory /tmp/workdir/hadoop-ozone/integration-test/target/test-dir/MiniOzoneClusterImpl-be3e5e2d-80a6-43b2-9494-bdc454344409/datanode-4/data/ratis/132215eb-4699-42b5-8a2a-5b341c9352d4: flushIndex: setUnconditionally 0 -> -1
2019-07-14 01:09:39,530 INFO  server.RaftServerConfigKeys (ConfUtils.java:logGet(43)) - raft.server.snapshot.auto.trigger.enabled = true (custom)
2019-07-14 01:09:39,530 INFO  server.RaftServerConfigKeys (ConfUtils.java:logGet(43)) - raft.server.snapshot.auto.trigger.threshold = 10000 (custom)
2019-07-14 01:09:39,531 INFO  server.RaftServerConfigKeys (ConfUtils.java:logGet(43)) - raft.server.retrycache.expirytime = 600000ms (custom)
2019-07-14 01:09:39,531 INFO  impl.RaftServerImpl (RaftServerImpl.java:start(180)) - 8cb4b762-5597-4ade-ab14-b4ebb9e958cf: start group-5B341C9352D4
2019-07-14 01:09:39,531 INFO  impl.RaftServerImpl (RaftServerImpl.java:setRole(171)) - 8cb4b762-5597-4ade-ab14-b4ebb9e958cf:group-5B341C9352D4 changes role from null to FOLLOWER at term 0 for startAsFollower
2019-07-14 01:09:39,531 INFO  impl.RoleInfo (RoleInfo.java:updateAndGet(143)) - 8cb4b762-5597-4ade-ab14-b4ebb9e958cf: start FollowerState
2019-07-14 01:09:39,532 INFO  util.JmxRegister (JmxRegister.java:tryRegister(44)) - Successfully registered JMX Bean with object name Ratis:service=RaftServer,group=group-5B341C9352D4,id=8cb4b762-5597-4ade-ab14-b4ebb9e958cf
2019-07-14 01:09:39,537 INFO  pipeline.PipelineStateManager (PipelineStateManager.java:addPipeline(56)) - Created pipeline Pipeline[ Id: 132215eb-4699-42b5-8a2a-5b341c9352d4, Nodes: 8cb4b762-5597-4ade-ab14-b4ebb9e958cf{ip: 192.168.157.230, host: trunk-nightly-sxkq5-3320257302, networkLocation: /default-rack, certSerialId: null}, Type:RATIS, Factor:ONE, State:OPEN]
2019-07-14 01:09:39,642 INFO  node.SCMNodeManager (SCMNodeManager.java:register(269)) - Registered Data node : 8fe6e7e0-7304-4bed-b7b6-ce570f033d10{ip: 192.168.157.230, host: trunk-nightly-sxkq5-3320257302, networkLocation: /default-rack, certSerialId: null}
2019-07-14 01:09:39,653 INFO  impl.RaftServerProxy (RaftServerProxy.java:addNew(89)) - 8fe6e7e0-7304-4bed-b7b6-ce570f033d10: addNew group-6BCA64FC703A:[8fe6e7e0-7304-4bed-b7b6-ce570f033d10:192.168.157.230:38480] returns group-6BCA64FC703A:java.util.concurrent.CompletableFuture@4556b1ee[Not completed]
2019-07-14 01:09:39,655 INFO  impl.RaftServerImpl (RaftServerImpl.java:<init>(93)) - 8fe6e7e0-7304-4bed-b7b6-ce570f033d10: new RaftServerImpl for group-6BCA64FC703A:[8fe6e7e0-7304-4bed-b7b6-ce570f033d10:192.168.157.230:38480] with ContainerStateMachine:uninitialized
2019-07-14 01:09:39,655 INFO  server.RaftServerConfigKeys (ConfUtils.java:logGet(43)) - raft.server.rpc.timeout.min = 5s (custom)
2019-07-14 01:09:39,655 INFO  server.RaftServerConfigKeys (ConfUtils.java:logGet(43)) - raft.server.rpc.timeout.max = 5200ms (custom)
2019-07-14 01:09:39,655 INFO  server.RaftServerConfigKeys (ConfUtils.java:logGet(43)) - raft.server.rpcslowness.timeout = 120s (custom)
2019-07-14 01:09:39,655 INFO  server.RaftServerConfigKeys (ConfUtils.java:logGet(43)) - raft.server.sleep.deviation.threshold = 300 (default)
2019-07-14 01:09:39,655 INFO  server.RaftServerConfigKeys (ConfUtils.java:logGet(43)) - raft.server.log.appender.install.snapshot.enabled = false (custom)
2019-07-14 01:09:39,656 INFO  impl.RaftServerImpl (ServerState.java:<init>(105)) - 8fe6e7e0-7304-4bed-b7b6-ce570f033d10:group-6BCA64FC703A ConfigurationManager, init=-1: [8fe6e7e0-7304-4bed-b7b6-ce570f033d10:192.168.157.230:38480], old=null, confs=<EMPTY_MAP>
2019-07-14 01:09:39,656 INFO  server.RaftServerConfigKeys (ConfUtils.java:logGet(43)) - raft.server.storage.dir = [/tmp/workdir/hadoop-ozone/integration-test/target/test-dir/MiniOzoneClusterImpl-be3e5e2d-80a6-43b2-9494-bdc454344409/datanode-5/data/ratis] (custom)
2019-07-14 01:09:39,656 INFO  storage.RaftStorageDirectory (RaftStorageDirectory.java:analyzeStorage(246)) - The storage directory /tmp/workdir/hadoop-ozone/integration-test/target/test-dir/MiniOzoneClusterImpl-be3e5e2d-80a6-43b2-9494-bdc454344409/datanode-5/data/ratis/580ef5b3-a91e-4773-8d31-6bca64fc703a does not exist. Creating ...
2019-07-14 01:09:39,669 INFO  storage.RaftStorageDirectory (RaftStorageDirectory.java:tryLock(328)) - Lock on /tmp/workdir/hadoop-ozone/integration-test/target/test-dir/MiniOzoneClusterImpl-be3e5e2d-80a6-43b2-9494-bdc454344409/datanode-5/data/ratis/580ef5b3-a91e-4773-8d31-6bca64fc703a/in_use.lock acquired by nodename 26095@trunk-nightly-sxkq5-3320257302
2019-07-14 01:09:39,683 INFO  storage.RaftStorage (RaftStorage.java:format(72)) - Storage directory /tmp/workdir/hadoop-ozone/integration-test/target/test-dir/MiniOzoneClusterImpl-be3e5e2d-80a6-43b2-9494-bdc454344409/datanode-5/data/ratis/580ef5b3-a91e-4773-8d31-6bca64fc703a has been successfully formatted.
2019-07-14 01:09:39,683 INFO  ratis.ContainerStateMachine (ContainerStateMachine.java:loadSnapshot(200)) - The snapshot info is null.Setting the last applied index to:(t:0, i:~)
2019-07-14 01:09:39,683 INFO  server.RaftServerConfigKeys (ConfUtils.java:logGet(43)) - raft.server.leader.election.timeout = 120s (custom)
2019-07-14 01:09:39,683 INFO  server.RaftServerConfigKeys (ConfUtils.java:logGet(43)) - raft.server.log.use.memory = false (default)
2019-07-14 01:09:39,684 INFO  server.RaftServerConfigKeys (ConfUtils.java:logGet(43)) - raft.server.log.purge.gap = 1000000000 (custom)
2019-07-14 01:09:39,684 INFO  server.RaftServerConfigKeys (ConfUtils.java:logGet(43)) - raft.server.log.appender.buffer.byte-limit = 33554432 (custom)
2019-07-14 01:09:39,684 INFO  server.RaftServerConfigKeys (ConfUtils.java:logGet(43)) - raft.server.log.segment.size.max = 1048576 (custom)
2019-07-14 01:09:39,684 INFO  server.RaftServerConfigKeys (ConfUtils.java:logGet(43)) - raft.server.log.segment.cache.num.max = 2 (custom)
2019-07-14 01:09:39,684 INFO  segmented.SegmentedRaftLogWorker (SegmentedRaftLogWorker.java:<init>(172)) - new 8fe6e7e0-7304-4bed-b7b6-ce570f033d10-SegmentedRaftLogWorker:Storage Directory /tmp/workdir/hadoop-ozone/integration-test/target/test-dir/MiniOzoneClusterImpl-be3e5e2d-80a6-43b2-9494-bdc454344409/datanode-5/data/ratis/580ef5b3-a91e-4773-8d31-6bca64fc703a for RaftStorage:Storage Directory /tmp/workdir/hadoop-ozone/integration-test/target/test-dir/MiniOzoneClusterImpl-be3e5e2d-80a6-43b2-9494-bdc454344409/datanode-5/data/ratis/580ef5b3-a91e-4773-8d31-6bca64fc703a
2019-07-14 01:09:39,685 INFO  server.RaftServerConfigKeys (ConfUtils.java:logGet(43)) - raft.server.log.queue.byte-limit = 2147483647 (custom)
2019-07-14 01:09:39,685 INFO  server.RaftServerConfigKeys (ConfUtils.java:logGet(43)) - raft.server.log.queue.element-limit = 1024 (custom)
2019-07-14 01:09:39,685 INFO  server.RaftServerConfigKeys (ConfUtils.java:logGet(43)) - raft.server.log.segment.size.max = 1048576 (custom)
2019-07-14 01:09:39,685 INFO  server.RaftServerConfigKeys (ConfUtils.java:logGet(43)) - raft.server.log.preallocated.size = 16384 (custom)
2019-07-14 01:09:39,685 INFO  server.RaftServerConfigKeys (ConfUtils.java:logGet(43)) - raft.server.log.write.buffer.size = 33554432 (custom)
2019-07-14 01:09:39,685 INFO  server.RaftServerConfigKeys (ConfUtils.java:logGet(43)) - raft.server.log.force.sync.num = 128 (default)
2019-07-14 01:09:39,685 INFO  server.RaftServerConfigKeys (ConfUtils.java:logGet(43)) - raft.server.log.statemachine.data.sync = true (default)
2019-07-14 01:09:39,686 INFO  server.RaftServerConfigKeys (ConfUtils.java:logGet(43)) - raft.server.log.statemachine.data.sync.timeout = 10s (default)
2019-07-14 01:09:39,686 INFO  server.RaftServerConfigKeys (ConfUtils.java:logGet(43)) - raft.server.log.statemachine.data.sync.timeout.retry = -1 (default)
2019-07-14 01:09:39,686 INFO  server.RaftServerConfigKeys (ConfUtils.java:logGet(43)) - raft.server.log.statemachine.data.caching.enabled = true (custom)
2019-07-14 01:09:39,686 INFO  segmented.SegmentedRaftLogWorker (SegmentedRaftLogWorker.java:lambda$new$0(132)) - 8fe6e7e0-7304-4bed-b7b6-ce570f033d10-SegmentedRaftLogWorker:Storage Directory /tmp/workdir/hadoop-ozone/integration-test/target/test-dir/MiniOzoneClusterImpl-be3e5e2d-80a6-43b2-9494-bdc454344409/datanode-5/data/ratis/580ef5b3-a91e-4773-8d31-6bca64fc703a: flushIndex: setUnconditionally 0 -> -1
2019-07-14 01:09:39,687 INFO  server.RaftServerConfigKeys (ConfUtils.java:logGet(43)) - raft.server.snapshot.auto.trigger.enabled = true (custom)
2019-07-14 01:09:39,687 INFO  server.RaftServerConfigKeys (ConfUtils.java:logGet(43)) - raft.server.snapshot.auto.trigger.threshold = 10000 (custom)
2019-07-14 01:09:39,687 INFO  server.RaftServerConfigKeys (ConfUtils.java:logGet(43)) - raft.server.retrycache.expirytime = 600000ms (custom)
2019-07-14 01:09:39,687 INFO  impl.RaftServerImpl (RaftServerImpl.java:start(180)) - 8fe6e7e0-7304-4bed-b7b6-ce570f033d10: start group-6BCA64FC703A
2019-07-14 01:09:39,687 INFO  impl.RaftServerImpl (RaftServerImpl.java:setRole(171)) - 8fe6e7e0-7304-4bed-b7b6-ce570f033d10:group-6BCA64FC703A changes role from null to FOLLOWER at term 0 for startAsFollower
2019-07-14 01:09:39,687 INFO  impl.RoleInfo (RoleInfo.java:updateAndGet(143)) - 8fe6e7e0-7304-4bed-b7b6-ce570f033d10: start FollowerState
2019-07-14 01:09:39,688 INFO  util.JmxRegister (JmxRegister.java:tryRegister(44)) - Successfully registered JMX Bean with object name Ratis:service=RaftServer,group=group-6BCA64FC703A,id=8fe6e7e0-7304-4bed-b7b6-ce570f033d10
2019-07-14 01:09:39,694 INFO  pipeline.PipelineStateManager (PipelineStateManager.java:addPipeline(56)) - Created pipeline Pipeline[ Id: 580ef5b3-a91e-4773-8d31-6bca64fc703a, Nodes: 8fe6e7e0-7304-4bed-b7b6-ce570f033d10{ip: 192.168.157.230, host: trunk-nightly-sxkq5-3320257302, networkLocation: /default-rack, certSerialId: null}, Type:RATIS, Factor:ONE, State:OPEN]
2019-07-14 01:09:39,710 INFO  impl.RaftServerProxy (RaftServerProxy.java:addNew(89)) - a204c9d6-107a-4db2-9ede-40ca7b317c59: addNew group-60516799BEF2:[8fe6e7e0-7304-4bed-b7b6-ce570f033d10:192.168.157.230:38480, 8cb4b762-5597-4ade-ab14-b4ebb9e958cf:192.168.157.230:37486, a204c9d6-107a-4db2-9ede-40ca7b317c59:192.168.157.230:36166] returns group-60516799BEF2:java.util.concurrent.CompletableFuture@598f8857[Not completed]
2019-07-14 01:09:39,710 INFO  impl.RaftServerProxy (RaftServerProxy.java:addNew(89)) - 8fe6e7e0-7304-4bed-b7b6-ce570f033d10: addNew group-60516799BEF2:[8fe6e7e0-7304-4bed-b7b6-ce570f033d10:192.168.157.230:38480, 8cb4b762-5597-4ade-ab14-b4ebb9e958cf:192.168.157.230:37486, a204c9d6-107a-4db2-9ede-40ca7b317c59:192.168.157.230:36166] returns group-60516799BEF2:java.util.concurrent.CompletableFuture@63c975aa[Not completed]
2019-07-14 01:09:39,710 INFO  impl.RaftServerProxy (RaftServerProxy.java:addNew(89)) - 8cb4b762-5597-4ade-ab14-b4ebb9e958cf: addNew group-60516799BEF2:[8fe6e7e0-7304-4bed-b7b6-ce570f033d10:192.168.157.230:38480, 8cb4b762-5597-4ade-ab14-b4ebb9e958cf:192.168.157.230:37486, a204c9d6-107a-4db2-9ede-40ca7b317c59:192.168.157.230:36166] returns group-60516799BEF2:java.util.concurrent.CompletableFuture@257688f2[Not completed]
2019-07-14 01:09:39,712 INFO  impl.RaftServerImpl (RaftServerImpl.java:<init>(93)) - 8cb4b762-5597-4ade-ab14-b4ebb9e958cf: new RaftServerImpl for group-60516799BEF2:[8fe6e7e0-7304-4bed-b7b6-ce570f033d10:192.168.157.230:38480, 8cb4b762-5597-4ade-ab14-b4ebb9e958cf:192.168.157.230:37486, a204c9d6-107a-4db2-9ede-40ca7b317c59:192.168.157.230:36166] with ContainerStateMachine:uninitialized
2019-07-14 01:09:39,712 INFO  server.RaftServerConfigKeys (ConfUtils.java:logGet(43)) - raft.server.rpc.timeout.min = 5s (custom)
2019-07-14 01:09:39,712 INFO  server.RaftServerConfigKeys (ConfUtils.java:logGet(43)) - raft.server.rpc.timeout.max = 5200ms (custom)
2019-07-14 01:09:39,712 INFO  server.RaftServerConfigKeys (ConfUtils.java:logGet(43)) - raft.server.rpcslowness.timeout = 120s (custom)
2019-07-14 01:09:39,712 INFO  impl.RaftServerImpl (RaftServerImpl.java:<init>(93)) - 8fe6e7e0-7304-4bed-b7b6-ce570f033d10: new RaftServerImpl for group-60516799BEF2:[8fe6e7e0-7304-4bed-b7b6-ce570f033d10:192.168.157.230:38480, 8cb4b762-5597-4ade-ab14-b4ebb9e958cf:192.168.157.230:37486, a204c9d6-107a-4db2-9ede-40ca7b317c59:192.168.157.230:36166] with ContainerStateMachine:uninitialized
2019-07-14 01:09:39,712 INFO  server.RaftServerConfigKeys (ConfUtils.java:logGet(43)) - raft.server.sleep.deviation.threshold = 300 (default)
2019-07-14 01:09:39,712 INFO  server.RaftServerConfigKeys (ConfUtils.java:logGet(43)) - raft.server.rpc.timeout.min = 5s (custom)
2019-07-14 01:09:39,712 INFO  server.RaftServerConfigKeys (ConfUtils.java:logGet(43)) - raft.server.log.appender.install.snapshot.enabled = false (custom)
2019-07-14 01:09:39,712 INFO  impl.RaftServerImpl (RaftServerImpl.java:<init>(93)) - a204c9d6-107a-4db2-9ede-40ca7b317c59: new RaftServerImpl for group-60516799BEF2:[8fe6e7e0-7304-4bed-b7b6-ce570f033d10:192.168.157.230:38480, 8cb4b762-5597-4ade-ab14-b4ebb9e958cf:192.168.157.230:37486, a204c9d6-107a-4db2-9ede-40ca7b317c59:192.168.157.230:36166] with ContainerStateMachine:uninitialized
2019-07-14 01:09:39,713 INFO  impl.RaftServerImpl (ServerState.java:<init>(105)) - 8cb4b762-5597-4ade-ab14-b4ebb9e958cf:group-60516799BEF2 ConfigurationManager, init=-1: [8fe6e7e0-7304-4bed-b7b6-ce570f033d10:192.168.157.230:38480, 8cb4b762-5597-4ade-ab14-b4ebb9e958cf:192.168.157.230:37486, a204c9d6-107a-4db2-9ede-40ca7b317c59:192.168.157.230:36166], old=null, confs=<EMPTY_MAP>
2019-07-14 01:09:39,712 INFO  server.RaftServerConfigKeys (ConfUtils.java:logGet(43)) - raft.server.rpc.timeout.max = 5200ms (custom)
2019-07-14 01:09:39,713 INFO  server.RaftServerConfigKeys (ConfUtils.java:logGet(43)) - raft.server.storage.dir = [/tmp/workdir/hadoop-ozone/integration-test/target/test-dir/MiniOzoneClusterImpl-be3e5e2d-80a6-43b2-9494-bdc454344409/datanode-4/data/ratis] (custom)
2019-07-14 01:09:39,713 INFO  server.RaftServerConfigKeys (ConfUtils.java:logGet(43)) - raft.server.rpc.timeout.min = 5s (custom)
2019-07-14 01:09:39,713 INFO  server.RaftServerConfigKeys (ConfUtils.java:logGet(43)) - raft.server.rpcslowness.timeout = 120s (custom)
2019-07-14 01:09:39,713 INFO  server.RaftServerConfigKeys (ConfUtils.java:logGet(43)) - raft.server.rpc.timeout.max = 5200ms (custom)
2019-07-14 01:09:39,713 INFO  server.RaftServerConfigKeys (ConfUtils.java:logGet(43)) - raft.server.sleep.deviation.threshold = 300 (default)
2019-07-14 01:09:39,714 INFO  server.RaftServerConfigKeys (ConfUtils.java:logGet(43)) - raft.server.log.appender.install.snapshot.enabled = false (custom)
2019-07-14 01:09:39,714 INFO  impl.RaftServerImpl (ServerState.java:<init>(105)) - 8fe6e7e0-7304-4bed-b7b6-ce570f033d10:group-60516799BEF2 ConfigurationManager, init=-1: [8fe6e7e0-7304-4bed-b7b6-ce570f033d10:192.168.157.230:38480, 8cb4b762-5597-4ade-ab14-b4ebb9e958cf:192.168.157.230:37486, a204c9d6-107a-4db2-9ede-40ca7b317c59:192.168.157.230:36166], old=null, confs=<EMPTY_MAP>
2019-07-14 01:09:39,713 INFO  server.RaftServerConfigKeys (ConfUtils.java:logGet(43)) - raft.server.rpcslowness.timeout = 120s (custom)
2019-07-14 01:09:39,714 INFO  server.RaftServerConfigKeys (ConfUtils.java:logGet(43)) - raft.server.storage.dir = [/tmp/workdir/hadoop-ozone/integration-test/target/test-dir/MiniOzoneClusterImpl-be3e5e2d-80a6-43b2-9494-bdc454344409/datanode-5/data/ratis] (custom)
2019-07-14 01:09:39,714 INFO  storage.RaftStorageDirectory (RaftStorageDirectory.java:analyzeStorage(246)) - The storage directory /tmp/workdir/hadoop-ozone/integration-test/target/test-dir/MiniOzoneClusterImpl-be3e5e2d-80a6-43b2-9494-bdc454344409/datanode-4/data/ratis/68cb98cd-f256-4dc5-bcec-60516799bef2 does not exist. Creating ...
2019-07-14 01:09:39,714 INFO  server.RaftServerConfigKeys (ConfUtils.java:logGet(43)) - raft.server.sleep.deviation.threshold = 300 (default)
2019-07-14 01:09:39,714 INFO  server.RaftServerConfigKeys (ConfUtils.java:logGet(43)) - raft.server.log.appender.install.snapshot.enabled = false (custom)
2019-07-14 01:09:39,714 INFO  storage.RaftStorageDirectory (RaftStorageDirectory.java:analyzeStorage(246)) - The storage directory /tmp/workdir/hadoop-ozone/integration-test/target/test-dir/MiniOzoneClusterImpl-be3e5e2d-80a6-43b2-9494-bdc454344409/datanode-5/data/ratis/68cb98cd-f256-4dc5-bcec-60516799bef2 does not exist. Creating ...
2019-07-14 01:09:39,714 INFO  impl.RaftServerImpl (ServerState.java:<init>(105)) - a204c9d6-107a-4db2-9ede-40ca7b317c59:group-60516799BEF2 ConfigurationManager, init=-1: [8fe6e7e0-7304-4bed-b7b6-ce570f033d10:192.168.157.230:38480, 8cb4b762-5597-4ade-ab14-b4ebb9e958cf:192.168.157.230:37486, a204c9d6-107a-4db2-9ede-40ca7b317c59:192.168.157.230:36166], old=null, confs=<EMPTY_MAP>
2019-07-14 01:09:39,715 INFO  server.RaftServerConfigKeys (ConfUtils.java:logGet(43)) - raft.server.storage.dir = [/tmp/workdir/hadoop-ozone/integration-test/target/test-dir/MiniOzoneClusterImpl-be3e5e2d-80a6-43b2-9494-bdc454344409/datanode-3/data/ratis] (custom)
2019-07-14 01:09:39,715 INFO  storage.RaftStorageDirectory (RaftStorageDirectory.java:analyzeStorage(246)) - The storage directory /tmp/workdir/hadoop-ozone/integration-test/target/test-dir/MiniOzoneClusterImpl-be3e5e2d-80a6-43b2-9494-bdc454344409/datanode-3/data/ratis/68cb98cd-f256-4dc5-bcec-60516799bef2 does not exist. Creating ...
2019-07-14 01:09:39,728 INFO  storage.RaftStorageDirectory (RaftStorageDirectory.java:tryLock(328)) - Lock on /tmp/workdir/hadoop-ozone/integration-test/target/test-dir/MiniOzoneClusterImpl-be3e5e2d-80a6-43b2-9494-bdc454344409/datanode-4/data/ratis/68cb98cd-f256-4dc5-bcec-60516799bef2/in_use.lock acquired by nodename 26095@trunk-nightly-sxkq5-3320257302
2019-07-14 01:09:39,728 INFO  storage.RaftStorageDirectory (RaftStorageDirectory.java:tryLock(328)) - Lock on /tmp/workdir/hadoop-ozone/integration-test/target/test-dir/MiniOzoneClusterImpl-be3e5e2d-80a6-43b2-9494-bdc454344409/datanode-3/data/ratis/68cb98cd-f256-4dc5-bcec-60516799bef2/in_use.lock acquired by nodename 26095@trunk-nightly-sxkq5-3320257302
2019-07-14 01:09:39,728 INFO  storage.RaftStorageDirectory (RaftStorageDirectory.java:tryLock(328)) - Lock on /tmp/workdir/hadoop-ozone/integration-test/target/test-dir/MiniOzoneClusterImpl-be3e5e2d-80a6-43b2-9494-bdc454344409/datanode-5/data/ratis/68cb98cd-f256-4dc5-bcec-60516799bef2/in_use.lock acquired by nodename 26095@trunk-nightly-sxkq5-3320257302
2019-07-14 01:09:39,757 INFO  storage.RaftStorage (RaftStorage.java:format(72)) - Storage directory /tmp/workdir/hadoop-ozone/integration-test/target/test-dir/MiniOzoneClusterImpl-be3e5e2d-80a6-43b2-9494-bdc454344409/datanode-4/data/ratis/68cb98cd-f256-4dc5-bcec-60516799bef2 has been successfully formatted.
2019-07-14 01:09:39,757 INFO  storage.RaftStorage (RaftStorage.java:format(72)) - Storage directory /tmp/workdir/hadoop-ozone/integration-test/target/test-dir/MiniOzoneClusterImpl-be3e5e2d-80a6-43b2-9494-bdc454344409/datanode-3/data/ratis/68cb98cd-f256-4dc5-bcec-60516799bef2 has been successfully formatted.
2019-07-14 01:09:39,757 INFO  storage.RaftStorage (RaftStorage.java:format(72)) - Storage directory /tmp/workdir/hadoop-ozone/integration-test/target/test-dir/MiniOzoneClusterImpl-be3e5e2d-80a6-43b2-9494-bdc454344409/datanode-5/data/ratis/68cb98cd-f256-4dc5-bcec-60516799bef2 has been successfully formatted.
2019-07-14 01:09:39,758 INFO  ratis.ContainerStateMachine (ContainerStateMachine.java:loadSnapshot(200)) - The snapshot info is null.Setting the last applied index to:(t:0, i:~)
2019-07-14 01:09:39,758 INFO  ratis.ContainerStateMachine (ContainerStateMachine.java:loadSnapshot(200)) - The snapshot info is null.Setting the last applied index to:(t:0, i:~)
2019-07-14 01:09:39,758 INFO  ratis.ContainerStateMachine (ContainerStateMachine.java:loadSnapshot(200)) - The snapshot info is null.Setting the last applied index to:(t:0, i:~)
2019-07-14 01:09:39,758 INFO  server.RaftServerConfigKeys (ConfUtils.java:logGet(43)) - raft.server.leader.election.timeout = 120s (custom)
2019-07-14 01:09:39,758 INFO  server.RaftServerConfigKeys (ConfUtils.java:logGet(43)) - raft.server.leader.election.timeout = 120s (custom)
2019-07-14 01:09:39,759 INFO  server.RaftServerConfigKeys (ConfUtils.java:logGet(43)) - raft.server.log.use.memory = false (default)
2019-07-14 01:09:39,758 INFO  server.RaftServerConfigKeys (ConfUtils.java:logGet(43)) - raft.server.leader.election.timeout = 120s (custom)
2019-07-14 01:09:39,759 INFO  server.RaftServerConfigKeys (ConfUtils.java:logGet(43)) - raft.server.log.purge.gap = 1000000000 (custom)
2019-07-14 01:09:39,759 INFO  server.RaftServerConfigKeys (ConfUtils.java:logGet(43)) - raft.server.log.use.memory = false (default)
2019-07-14 01:09:39,759 INFO  server.RaftServerConfigKeys (ConfUtils.java:logGet(43)) - raft.server.log.appender.buffer.byte-limit = 33554432 (custom)
2019-07-14 01:09:39,759 INFO  server.RaftServerConfigKeys (ConfUtils.java:logGet(43)) - raft.server.log.use.memory = false (default)
2019-07-14 01:09:39,760 INFO  server.RaftServerConfigKeys (ConfUtils.java:logGet(43)) - raft.server.log.segment.size.max = 1048576 (custom)
2019-07-14 01:09:39,759 INFO  server.RaftServerConfigKeys (ConfUtils.java:logGet(43)) - raft.server.log.purge.gap = 1000000000 (custom)
2019-07-14 01:09:39,760 INFO  server.RaftServerConfigKeys (ConfUtils.java:logGet(43)) - raft.server.log.segment.cache.num.max = 2 (custom)
2019-07-14 01:09:39,760 INFO  server.RaftServerConfigKeys (ConfUtils.java:logGet(43)) - raft.server.log.purge.gap = 1000000000 (custom)
2019-07-14 01:09:39,760 INFO  segmented.SegmentedRaftLogWorker (SegmentedRaftLogWorker.java:<init>(172)) - new a204c9d6-107a-4db2-9ede-40ca7b317c59-SegmentedRaftLogWorker:Storage Directory /tmp/workdir/hadoop-ozone/integration-test/target/test-dir/MiniOzoneClusterImpl-be3e5e2d-80a6-43b2-9494-bdc454344409/datanode-3/data/ratis/68cb98cd-f256-4dc5-bcec-60516799bef2 for RaftStorage:Storage Directory /tmp/workdir/hadoop-ozone/integration-test/target/test-dir/MiniOzoneClusterImpl-be3e5e2d-80a6-43b2-9494-bdc454344409/datanode-3/data/ratis/68cb98cd-f256-4dc5-bcec-60516799bef2
2019-07-14 01:09:39,760 INFO  server.RaftServerConfigKeys (ConfUtils.java:logGet(43)) - raft.server.log.appender.buffer.byte-limit = 33554432 (custom)
2019-07-14 01:09:39,760 INFO  server.RaftServerConfigKeys (ConfUtils.java:logGet(43)) - raft.server.log.queue.byte-limit = 2147483647 (custom)
2019-07-14 01:09:39,760 INFO  server.RaftServerConfigKeys (ConfUtils.java:logGet(43)) - raft.server.log.appender.buffer.byte-limit = 33554432 (custom)
2019-07-14 01:09:39,761 INFO  server.RaftServerConfigKeys (ConfUtils.java:logGet(43)) - raft.server.log.queue.element-limit = 1024 (custom)
2019-07-14 01:09:39,761 INFO  server.RaftServerConfigKeys (ConfUtils.java:logGet(43)) - raft.server.log.segment.size.max = 1048576 (custom)
2019-07-14 01:09:39,761 INFO  server.RaftServerConfigKeys (ConfUtils.java:logGet(43)) - raft.server.log.segment.size.max = 1048576 (custom)
2019-07-14 01:09:39,761 INFO  server.RaftServerConfigKeys (ConfUtils.java:logGet(43)) - raft.server.log.segment.size.max = 1048576 (custom)
2019-07-14 01:09:39,761 INFO  server.RaftServerConfigKeys (ConfUtils.java:logGet(43)) - raft.server.log.preallocated.size = 16384 (custom)
2019-07-14 01:09:39,762 INFO  server.RaftServerConfigKeys (ConfUtils.java:logGet(43)) - raft.server.log.write.buffer.size = 33554432 (custom)
2019-07-14 01:09:39,761 INFO  server.RaftServerConfigKeys (ConfUtils.java:logGet(43)) - raft.server.log.segment.cache.num.max = 2 (custom)
2019-07-14 01:09:39,762 INFO  server.RaftServerConfigKeys (ConfUtils.java:logGet(43)) - raft.server.log.force.sync.num = 128 (default)
2019-07-14 01:09:39,761 INFO  server.RaftServerConfigKeys (ConfUtils.java:logGet(43)) - raft.server.log.segment.cache.num.max = 2 (custom)
2019-07-14 01:09:39,762 INFO  server.RaftServerConfigKeys (ConfUtils.java:logGet(43)) - raft.server.log.statemachine.data.sync = true (default)
2019-07-14 01:09:39,762 INFO  segmented.SegmentedRaftLogWorker (SegmentedRaftLogWorker.java:<init>(172)) - new 8cb4b762-5597-4ade-ab14-b4ebb9e958cf-SegmentedRaftLogWorker:Storage Directory /tmp/workdir/hadoop-ozone/integration-test/target/test-dir/MiniOzoneClusterImpl-be3e5e2d-80a6-43b2-9494-bdc454344409/datanode-4/data/ratis/68cb98cd-f256-4dc5-bcec-60516799bef2 for RaftStorage:Storage Directory /tmp/workdir/hadoop-ozone/integration-test/target/test-dir/MiniOzoneClusterImpl-be3e5e2d-80a6-43b2-9494-bdc454344409/datanode-4/data/ratis/68cb98cd-f256-4dc5-bcec-60516799bef2
2019-07-14 01:09:39,762 INFO  server.RaftServerConfigKeys (ConfUtils.java:logGet(43)) - raft.server.log.statemachine.data.sync.timeout = 10s (default)
2019-07-14 01:09:39,762 INFO  segmented.SegmentedRaftLogWorker (SegmentedRaftLogWorker.java:<init>(172)) - new 8fe6e7e0-7304-4bed-b7b6-ce570f033d10-SegmentedRaftLogWorker:Storage Directory /tmp/workdir/hadoop-ozone/integration-test/target/test-dir/MiniOzoneClusterImpl-be3e5e2d-80a6-43b2-9494-bdc454344409/datanode-5/data/ratis/68cb98cd-f256-4dc5-bcec-60516799bef2 for RaftStorage:Storage Directory /tmp/workdir/hadoop-ozone/integration-test/target/test-dir/MiniOzoneClusterImpl-be3e5e2d-80a6-43b2-9494-bdc454344409/datanode-5/data/ratis/68cb98cd-f256-4dc5-bcec-60516799bef2
2019-07-14 01:09:39,763 INFO  server.RaftServerConfigKeys (ConfUtils.java:logGet(43)) - raft.server.log.statemachine.data.sync.timeout.retry = -1 (default)
2019-07-14 01:09:39,762 INFO  server.RaftServerConfigKeys (ConfUtils.java:logGet(43)) - raft.server.log.queue.byte-limit = 2147483647 (custom)
2019-07-14 01:09:39,763 INFO  server.RaftServerConfigKeys (ConfUtils.java:logGet(43)) - raft.server.log.statemachine.data.caching.enabled = true (custom)
2019-07-14 01:09:39,763 INFO  server.RaftServerConfigKeys (ConfUtils.java:logGet(43)) - raft.server.log.queue.byte-limit = 2147483647 (custom)
2019-07-14 01:09:39,763 INFO  server.RaftServerConfigKeys (ConfUtils.java:logGet(43)) - raft.server.log.queue.element-limit = 1024 (custom)
2019-07-14 01:09:39,763 INFO  segmented.SegmentedRaftLogWorker (SegmentedRaftLogWorker.java:lambda$new$0(132)) - a204c9d6-107a-4db2-9ede-40ca7b317c59-SegmentedRaftLogWorker:Storage Directory /tmp/workdir/hadoop-ozone/integration-test/target/test-dir/MiniOzoneClusterImpl-be3e5e2d-80a6-43b2-9494-bdc454344409/datanode-3/data/ratis/68cb98cd-f256-4dc5-bcec-60516799bef2: flushIndex: setUnconditionally 0 -> -1
2019-07-14 01:09:39,763 INFO  server.RaftServerConfigKeys (ConfUtils.java:logGet(43)) - raft.server.log.queue.element-limit = 1024 (custom)
2019-07-14 01:09:39,763 INFO  server.RaftServerConfigKeys (ConfUtils.java:logGet(43)) - raft.server.log.segment.size.max = 1048576 (custom)
2019-07-14 01:09:39,764 INFO  server.RaftServerConfigKeys (ConfUtils.java:logGet(43)) - raft.server.snapshot.auto.trigger.enabled = true (custom)
2019-07-14 01:09:39,764 INFO  server.RaftServerConfigKeys (ConfUtils.java:logGet(43)) - raft.server.log.segment.size.max = 1048576 (custom)
2019-07-14 01:09:39,764 INFO  server.RaftServerConfigKeys (ConfUtils.java:logGet(43)) - raft.server.snapshot.auto.trigger.threshold = 10000 (custom)
2019-07-14 01:09:39,764 INFO  server.RaftServerConfigKeys (ConfUtils.java:logGet(43)) - raft.server.log.preallocated.size = 16384 (custom)
2019-07-14 01:09:39,764 INFO  server.RaftServerConfigKeys (ConfUtils.java:logGet(43)) - raft.server.retrycache.expirytime = 600000ms (custom)
2019-07-14 01:09:39,764 INFO  server.RaftServerConfigKeys (ConfUtils.java:logGet(43)) - raft.server.log.preallocated.size = 16384 (custom)
2019-07-14 01:09:39,765 INFO  impl.RaftServerImpl (RaftServerImpl.java:start(180)) - a204c9d6-107a-4db2-9ede-40ca7b317c59: start group-60516799BEF2
2019-07-14 01:09:39,764 INFO  server.RaftServerConfigKeys (ConfUtils.java:logGet(43)) - raft.server.log.write.buffer.size = 33554432 (custom)
2019-07-14 01:09:39,765 INFO  impl.RaftServerImpl (RaftServerImpl.java:setRole(171)) - a204c9d6-107a-4db2-9ede-40ca7b317c59:group-60516799BEF2 changes role from null to FOLLOWER at term 0 for startAsFollower
2019-07-14 01:09:39,765 INFO  server.RaftServerConfigKeys (ConfUtils.java:logGet(43)) - raft.server.log.write.buffer.size = 33554432 (custom)
2019-07-14 01:09:39,765 INFO  impl.RoleInfo (RoleInfo.java:updateAndGet(143)) - a204c9d6-107a-4db2-9ede-40ca7b317c59: start FollowerState
2019-07-14 01:09:39,765 INFO  server.RaftServerConfigKeys (ConfUtils.java:logGet(43)) - raft.server.log.force.sync.num = 128 (default)
2019-07-14 01:09:39,765 INFO  server.RaftServerConfigKeys (ConfUtils.java:logGet(43)) - raft.server.log.force.sync.num = 128 (default)
2019-07-14 01:09:39,766 INFO  server.RaftServerConfigKeys (ConfUtils.java:logGet(43)) - raft.server.log.statemachine.data.sync = true (default)
2019-07-14 01:09:39,766 INFO  util.JmxRegister (JmxRegister.java:tryRegister(44)) - Successfully registered JMX Bean with object name Ratis:service=RaftServer,group=group-60516799BEF2,id=a204c9d6-107a-4db2-9ede-40ca7b317c59
2019-07-14 01:09:39,766 INFO  server.RaftServerConfigKeys (ConfUtils.java:logGet(43)) - raft.server.log.statemachine.data.sync = true (default)
2019-07-14 01:09:39,766 INFO  server.RaftServerConfigKeys (ConfUtils.java:logGet(43)) - raft.server.log.statemachine.data.sync.timeout = 10s (default)
2019-07-14 01:09:39,766 INFO  server.RaftServerConfigKeys (ConfUtils.java:logGet(43)) - raft.server.log.statemachine.data.sync.timeout = 10s (default)
2019-07-14 01:09:39,766 INFO  server.RaftServerConfigKeys (ConfUtils.java:logGet(43)) - raft.server.log.statemachine.data.sync.timeout.retry = -1 (default)
2019-07-14 01:09:39,766 INFO  server.RaftServerConfigKeys (ConfUtils.java:logGet(43)) - raft.server.log.statemachine.data.sync.timeout.retry = -1 (default)
2019-07-14 01:09:39,767 INFO  server.RaftServerConfigKeys (ConfUtils.java:logGet(43)) - raft.server.log.statemachine.data.caching.enabled = true (custom)
2019-07-14 01:09:39,767 INFO  server.RaftServerConfigKeys (ConfUtils.java:logGet(43)) - raft.server.log.statemachine.data.caching.enabled = true (custom)
2019-07-14 01:09:39,767 INFO  segmented.SegmentedRaftLogWorker (SegmentedRaftLogWorker.java:lambda$new$0(132)) - 8fe6e7e0-7304-4bed-b7b6-ce570f033d10-SegmentedRaftLogWorker:Storage Directory /tmp/workdir/hadoop-ozone/integration-test/target/test-dir/MiniOzoneClusterImpl-be3e5e2d-80a6-43b2-9494-bdc454344409/datanode-5/data/ratis/68cb98cd-f256-4dc5-bcec-60516799bef2: flushIndex: setUnconditionally 0 -> -1
2019-07-14 01:09:39,767 INFO  segmented.SegmentedRaftLogWorker (SegmentedRaftLogWorker.java:lambda$new$0(132)) - 8cb4b762-5597-4ade-ab14-b4ebb9e958cf-SegmentedRaftLogWorker:Storage Directory /tmp/workdir/hadoop-ozone/integration-test/target/test-dir/MiniOzoneClusterImpl-be3e5e2d-80a6-43b2-9494-bdc454344409/datanode-4/data/ratis/68cb98cd-f256-4dc5-bcec-60516799bef2: flushIndex: setUnconditionally 0 -> -1
2019-07-14 01:09:39,767 INFO  server.RaftServerConfigKeys (ConfUtils.java:logGet(43)) - raft.server.snapshot.auto.trigger.enabled = true (custom)
2019-07-14 01:09:39,767 INFO  server.RaftServerConfigKeys (ConfUtils.java:logGet(43)) - raft.server.snapshot.auto.trigger.threshold = 10000 (custom)
2019-07-14 01:09:39,771 INFO  server.RaftServerConfigKeys (ConfUtils.java:logGet(43)) - raft.server.snapshot.auto.trigger.enabled = true (custom)
2019-07-14 01:09:39,771 INFO  server.RaftServerConfigKeys (ConfUtils.java:logGet(43)) - raft.server.retrycache.expirytime = 600000ms (custom)
2019-07-14 01:09:39,771 INFO  server.RaftServerConfigKeys (ConfUtils.java:logGet(43)) - raft.server.snapshot.auto.trigger.threshold = 10000 (custom)
2019-07-14 01:09:39,772 INFO  impl.RaftServerImpl (RaftServerImpl.java:start(180)) - 8fe6e7e0-7304-4bed-b7b6-ce570f033d10: start group-60516799BEF2
2019-07-14 01:09:39,772 INFO  server.RaftServerConfigKeys (ConfUtils.java:logGet(43)) - raft.server.retrycache.expirytime = 600000ms (custom)
2019-07-14 01:09:39,772 INFO  impl.RaftServerImpl (RaftServerImpl.java:setRole(171)) - 8fe6e7e0-7304-4bed-b7b6-ce570f033d10:group-60516799BEF2 changes role from null to FOLLOWER at term 0 for startAsFollower
2019-07-14 01:09:39,772 INFO  impl.RaftServerImpl (RaftServerImpl.java:start(180)) - 8cb4b762-5597-4ade-ab14-b4ebb9e958cf: start group-60516799BEF2
2019-07-14 01:09:39,772 INFO  impl.RoleInfo (RoleInfo.java:updateAndGet(143)) - 8fe6e7e0-7304-4bed-b7b6-ce570f033d10: start FollowerState
2019-07-14 01:09:39,772 INFO  impl.RaftServerImpl (RaftServerImpl.java:setRole(171)) - 8cb4b762-5597-4ade-ab14-b4ebb9e958cf:group-60516799BEF2 changes role from null to FOLLOWER at term 0 for startAsFollower
2019-07-14 01:09:39,772 INFO  impl.RoleInfo (RoleInfo.java:updateAndGet(143)) - 8cb4b762-5597-4ade-ab14-b4ebb9e958cf: start FollowerState
2019-07-14 01:09:39,772 INFO  util.JmxRegister (JmxRegister.java:tryRegister(44)) - Successfully registered JMX Bean with object name Ratis:service=RaftServer,group=group-60516799BEF2,id=8fe6e7e0-7304-4bed-b7b6-ce570f033d10
2019-07-14 01:09:39,773 INFO  util.JmxRegister (JmxRegister.java:tryRegister(44)) - Successfully registered JMX Bean with object name Ratis:service=RaftServer,group=group-60516799BEF2,id=8cb4b762-5597-4ade-ab14-b4ebb9e958cf
2019-07-14 01:09:39,780 INFO  pipeline.PipelineStateManager (PipelineStateManager.java:addPipeline(56)) - Created pipeline Pipeline[ Id: 68cb98cd-f256-4dc5-bcec-60516799bef2, Nodes: a204c9d6-107a-4db2-9ede-40ca7b317c59{ip: 192.168.157.230, host: trunk-nightly-sxkq5-3320257302, networkLocation: /default-rack, certSerialId: null}8cb4b762-5597-4ade-ab14-b4ebb9e958cf{ip: 192.168.157.230, host: trunk-nightly-sxkq5-3320257302, networkLocation: /default-rack, certSerialId: null}8fe6e7e0-7304-4bed-b7b6-ce570f033d10{ip: 192.168.157.230, host: trunk-nightly-sxkq5-3320257302, networkLocation: /default-rack, certSerialId: null}, Type:RATIS, Factor:THREE, State:OPEN]
2019-07-14 01:09:39,811 INFO  ozone.MiniOzoneClusterImpl (MiniOzoneClusterImpl.java:lambda$waitForClusterToBeReady$0(142)) - Waiting for cluster to be ready. Got 6 of 7 DN Heartbeats.
2019-07-14 01:09:39,815 INFO  node.SCMNodeManager (SCMNodeManager.java:register(269)) - Registered Data node : 0311a7f5-3e26-46a4-bc2a-4495b394887e{ip: 192.168.157.230, host: trunk-nightly-sxkq5-3320257302, networkLocation: /default-rack, certSerialId: null}
2019-07-14 01:09:39,823 INFO  impl.RaftServerProxy (RaftServerProxy.java:addNew(89)) - 0311a7f5-3e26-46a4-bc2a-4495b394887e: addNew group-069BE7FF23F4:[0311a7f5-3e26-46a4-bc2a-4495b394887e:192.168.157.230:34181] returns group-069BE7FF23F4:java.util.concurrent.CompletableFuture@44abd27e[Not completed]
2019-07-14 01:09:39,824 INFO  impl.RaftServerImpl (RaftServerImpl.java:<init>(93)) - 0311a7f5-3e26-46a4-bc2a-4495b394887e: new RaftServerImpl for group-069BE7FF23F4:[0311a7f5-3e26-46a4-bc2a-4495b394887e:192.168.157.230:34181] with ContainerStateMachine:uninitialized
2019-07-14 01:09:39,825 INFO  server.RaftServerConfigKeys (ConfUtils.java:logGet(43)) - raft.server.rpc.timeout.min = 5s (custom)
2019-07-14 01:09:39,825 INFO  server.RaftServerConfigKeys (ConfUtils.java:logGet(43)) - raft.server.rpc.timeout.max = 5200ms (custom)
2019-07-14 01:09:39,825 INFO  server.RaftServerConfigKeys (ConfUtils.java:logGet(43)) - raft.server.rpcslowness.timeout = 120s (custom)
2019-07-14 01:09:39,825 INFO  server.RaftServerConfigKeys (ConfUtils.java:logGet(43)) - raft.server.sleep.deviation.threshold = 300 (default)
2019-07-14 01:09:39,825 INFO  server.RaftServerConfigKeys (ConfUtils.java:logGet(43)) - raft.server.log.appender.install.snapshot.enabled = false (custom)
2019-07-14 01:09:39,825 INFO  impl.RaftServerImpl (ServerState.java:<init>(105)) - 0311a7f5-3e26-46a4-bc2a-4495b394887e:group-069BE7FF23F4 ConfigurationManager, init=-1: [0311a7f5-3e26-46a4-bc2a-4495b394887e:192.168.157.230:34181], old=null, confs=<EMPTY_MAP>
2019-07-14 01:09:39,825 INFO  server.RaftServerConfigKeys (ConfUtils.java:logGet(43)) - raft.server.storage.dir = [/tmp/workdir/hadoop-ozone/integration-test/target/test-dir/MiniOzoneClusterImpl-be3e5e2d-80a6-43b2-9494-bdc454344409/datanode-6/data/ratis] (custom)
2019-07-14 01:09:39,826 INFO  storage.RaftStorageDirectory (RaftStorageDirectory.java:analyzeStorage(246)) - The storage directory /tmp/workdir/hadoop-ozone/integration-test/target/test-dir/MiniOzoneClusterImpl-be3e5e2d-80a6-43b2-9494-bdc454344409/datanode-6/data/ratis/229fce9b-4d9f-44ce-b2ee-069be7ff23f4 does not exist. Creating ...
2019-07-14 01:09:39,840 INFO  storage.RaftStorageDirectory (RaftStorageDirectory.java:tryLock(328)) - Lock on /tmp/workdir/hadoop-ozone/integration-test/target/test-dir/MiniOzoneClusterImpl-be3e5e2d-80a6-43b2-9494-bdc454344409/datanode-6/data/ratis/229fce9b-4d9f-44ce-b2ee-069be7ff23f4/in_use.lock acquired by nodename 26095@trunk-nightly-sxkq5-3320257302
2019-07-14 01:09:39,853 INFO  storage.RaftStorage (RaftStorage.java:format(72)) - Storage directory /tmp/workdir/hadoop-ozone/integration-test/target/test-dir/MiniOzoneClusterImpl-be3e5e2d-80a6-43b2-9494-bdc454344409/datanode-6/data/ratis/229fce9b-4d9f-44ce-b2ee-069be7ff23f4 has been successfully formatted.
2019-07-14 01:09:39,854 INFO  ratis.ContainerStateMachine (ContainerStateMachine.java:loadSnapshot(200)) - The snapshot info is null.Setting the last applied index to:(t:0, i:~)
2019-07-14 01:09:39,854 INFO  server.RaftServerConfigKeys (ConfUtils.java:logGet(43)) - raft.server.leader.election.timeout = 120s (custom)
2019-07-14 01:09:39,854 INFO  server.RaftServerConfigKeys (ConfUtils.java:logGet(43)) - raft.server.log.use.memory = false (default)
2019-07-14 01:09:39,854 INFO  server.RaftServerConfigKeys (ConfUtils.java:logGet(43)) - raft.server.log.purge.gap = 1000000000 (custom)
2019-07-14 01:09:39,854 INFO  server.RaftServerConfigKeys (ConfUtils.java:logGet(43)) - raft.server.log.appender.buffer.byte-limit = 33554432 (custom)
2019-07-14 01:09:39,854 INFO  server.RaftServerConfigKeys (ConfUtils.java:logGet(43)) - raft.server.log.segment.size.max = 1048576 (custom)
2019-07-14 01:09:39,855 INFO  server.RaftServerConfigKeys (ConfUtils.java:logGet(43)) - raft.server.log.segment.cache.num.max = 2 (custom)
2019-07-14 01:09:39,855 INFO  segmented.SegmentedRaftLogWorker (SegmentedRaftLogWorker.java:<init>(172)) - new 0311a7f5-3e26-46a4-bc2a-4495b394887e-SegmentedRaftLogWorker:Storage Directory /tmp/workdir/hadoop-ozone/integration-test/target/test-dir/MiniOzoneClusterImpl-be3e5e2d-80a6-43b2-9494-bdc454344409/datanode-6/data/ratis/229fce9b-4d9f-44ce-b2ee-069be7ff23f4 for RaftStorage:Storage Directory /tmp/workdir/hadoop-ozone/integration-test/target/test-dir/MiniOzoneClusterImpl-be3e5e2d-80a6-43b2-9494-bdc454344409/datanode-6/data/ratis/229fce9b-4d9f-44ce-b2ee-069be7ff23f4
2019-07-14 01:09:39,855 INFO  server.RaftServerConfigKeys (ConfUtils.java:logGet(43)) - raft.server.log.queue.byte-limit = 2147483647 (custom)
2019-07-14 01:09:39,855 INFO  server.RaftServerConfigKeys (ConfUtils.java:logGet(43)) - raft.server.log.queue.element-limit = 1024 (custom)
2019-07-14 01:09:39,855 INFO  server.RaftServerConfigKeys (ConfUtils.java:logGet(43)) - raft.server.log.segment.size.max = 1048576 (custom)
2019-07-14 01:09:39,855 INFO  server.RaftServerConfigKeys (ConfUtils.java:logGet(43)) - raft.server.log.preallocated.size = 16384 (custom)
2019-07-14 01:09:39,856 INFO  server.RaftServerConfigKeys (ConfUtils.java:logGet(43)) - raft.server.log.write.buffer.size = 33554432 (custom)
2019-07-14 01:09:39,856 INFO  server.RaftServerConfigKeys (ConfUtils.java:logGet(43)) - raft.server.log.force.sync.num = 128 (default)
2019-07-14 01:09:39,856 INFO  server.RaftServerConfigKeys (ConfUtils.java:logGet(43)) - raft.server.log.statemachine.data.sync = true (default)
2019-07-14 01:09:39,856 INFO  server.RaftServerConfigKeys (ConfUtils.java:logGet(43)) - raft.server.log.statemachine.data.sync.timeout = 10s (default)
2019-07-14 01:09:39,856 INFO  server.RaftServerConfigKeys (ConfUtils.java:logGet(43)) - raft.server.log.statemachine.data.sync.timeout.retry = -1 (default)
2019-07-14 01:09:39,856 INFO  server.RaftServerConfigKeys (ConfUtils.java:logGet(43)) - raft.server.log.statemachine.data.caching.enabled = true (custom)
2019-07-14 01:09:39,857 INFO  segmented.SegmentedRaftLogWorker (SegmentedRaftLogWorker.java:lambda$new$0(132)) - 0311a7f5-3e26-46a4-bc2a-4495b394887e-SegmentedRaftLogWorker:Storage Directory /tmp/workdir/hadoop-ozone/integration-test/target/test-dir/MiniOzoneClusterImpl-be3e5e2d-80a6-43b2-9494-bdc454344409/datanode-6/data/ratis/229fce9b-4d9f-44ce-b2ee-069be7ff23f4: flushIndex: setUnconditionally 0 -> -1
2019-07-14 01:09:39,857 INFO  server.RaftServerConfigKeys (ConfUtils.java:logGet(43)) - raft.server.snapshot.auto.trigger.enabled = true (custom)
2019-07-14 01:09:39,857 INFO  server.RaftServerConfigKeys (ConfUtils.java:logGet(43)) - raft.server.snapshot.auto.trigger.threshold = 10000 (custom)
2019-07-14 01:09:39,857 INFO  server.RaftServerConfigKeys (ConfUtils.java:logGet(43)) - raft.server.retrycache.expirytime = 600000ms (custom)
2019-07-14 01:09:39,858 INFO  impl.RaftServerImpl (RaftServerImpl.java:start(180)) - 0311a7f5-3e26-46a4-bc2a-4495b394887e: start group-069BE7FF23F4
2019-07-14 01:09:39,858 INFO  impl.RaftServerImpl (RaftServerImpl.java:setRole(171)) - 0311a7f5-3e26-46a4-bc2a-4495b394887e:group-069BE7FF23F4 changes role from null to FOLLOWER at term 0 for startAsFollower
2019-07-14 01:09:39,858 INFO  impl.RoleInfo (RoleInfo.java:updateAndGet(143)) - 0311a7f5-3e26-46a4-bc2a-4495b394887e: start FollowerState
2019-07-14 01:09:39,858 INFO  util.JmxRegister (JmxRegister.java:tryRegister(44)) - Successfully registered JMX Bean with object name Ratis:service=RaftServer,group=group-069BE7FF23F4,id=0311a7f5-3e26-46a4-bc2a-4495b394887e
2019-07-14 01:09:39,863 INFO  pipeline.PipelineStateManager (PipelineStateManager.java:addPipeline(56)) - Created pipeline Pipeline[ Id: 229fce9b-4d9f-44ce-b2ee-069be7ff23f4, Nodes: 0311a7f5-3e26-46a4-bc2a-4495b394887e{ip: 192.168.157.230, host: trunk-nightly-sxkq5-3320257302, networkLocation: /default-rack, certSerialId: null}, Type:RATIS, Factor:ONE, State:OPEN]
2019-07-14 01:09:40,811 INFO  ozone.MiniOzoneClusterImpl (MiniOzoneClusterImpl.java:lambda$waitForClusterToBeReady$0(142)) - Cluster is ready. Got 7 of 7 DN Heartbeats.
2019-07-14 01:09:40,866 INFO  rpc.RpcClient (RpcClient.java:createVolume(287)) - Creating Volume: testblockoutputstream, with jenkins1000 as owner.
2019-07-14 01:09:40,887 INFO  rpc.RpcClient (RpcClient.java:createBucket(424)) - Creating Bucket: testblockoutputstream/testblockoutputstream, with Versioning false and Storage Type set to DISK and Encryption set to false 
2019-07-14 01:09:40,921 INFO  client.GrpcClientProtocolClient (GrpcClientProtocolClient.java:onNext(255)) - client-3FEE897FE353->b338756c-272d-4fbc-ba6b-fd9ad5b86257: receive RaftClientReply:client-3FEE897FE353->b338756c-272d-4fbc-ba6b-fd9ad5b86257@group-2B8C17D7FDF0, cid=134, FAILED org.apache.ratis.protocol.NotLeaderException: Server b338756c-272d-4fbc-ba6b-fd9ad5b86257 is not the leader (null). Request must be sent to leader., logIndex=0, commits[b338756c-272d-4fbc-ba6b-fd9ad5b86257:c-1]
2019-07-14 01:09:41,786 INFO  container.ReplicationManager (ReplicationManager.java:start(155)) - Starting Replication Monitor Thread.
2019-07-14 01:09:41,791 INFO  container.ReplicationManager (ReplicationManager.java:run(207)) - Replication Monitor Thread took 0 milliseconds for processing 1 containers.
2019-07-14 01:09:42,939 INFO  client.GrpcClientProtocolClient (GrpcClientProtocolClient.java:onNext(255)) - client-3FEE897FE353->b338756c-272d-4fbc-ba6b-fd9ad5b86257: receive RaftClientReply:client-3FEE897FE353->b338756c-272d-4fbc-ba6b-fd9ad5b86257@group-2B8C17D7FDF0, cid=134, FAILED org.apache.ratis.protocol.NotLeaderException: Server b338756c-272d-4fbc-ba6b-fd9ad5b86257 is not the leader (null). Request must be sent to leader., logIndex=0, commits[b338756c-272d-4fbc-ba6b-fd9ad5b86257:c-1]
2019-07-14 01:09:44,009 INFO  impl.FollowerState (FollowerState.java:run(106)) - 29b3a5ee-a8ee-48df-86dc-60a09c8041c8:group-9164B43C0FE1 changes to CANDIDATE, lastRpcTime:5166, electionTimeout:5166ms
2019-07-14 01:09:44,009 INFO  impl.RoleInfo (RoleInfo.java:shutdownFollowerState(121)) - 29b3a5ee-a8ee-48df-86dc-60a09c8041c8: shutdown FollowerState
2019-07-14 01:09:44,009 INFO  impl.RaftServerImpl (RaftServerImpl.java:setRole(171)) - 29b3a5ee-a8ee-48df-86dc-60a09c8041c8:group-9164B43C0FE1 changes role from FOLLOWER to CANDIDATE at term 0 for changeToCandidate
2019-07-14 01:09:44,010 INFO  impl.RoleInfo (RoleInfo.java:updateAndGet(143)) - 29b3a5ee-a8ee-48df-86dc-60a09c8041c8: start LeaderElection
2019-07-14 01:09:44,032 INFO  impl.LeaderElection (LeaderElection.java:askForVotes(181)) - 29b3a5ee-a8ee-48df-86dc-60a09c8041c8:group-9164B43C0FE1:LeaderElection47: begin an election at term 1 for -1: [29b3a5ee-a8ee-48df-86dc-60a09c8041c8:192.168.157.230:36530], old=null
2019-07-14 01:09:44,032 INFO  impl.RoleInfo (RoleInfo.java:shutdownLeaderElection(134)) - 29b3a5ee-a8ee-48df-86dc-60a09c8041c8: shutdown LeaderElection
2019-07-14 01:09:44,032 INFO  impl.RaftServerImpl (RaftServerImpl.java:setRole(171)) - 29b3a5ee-a8ee-48df-86dc-60a09c8041c8:group-9164B43C0FE1 changes role from CANDIDATE to LEADER at term 1 for changeToLeader
2019-07-14 01:09:44,032 INFO  impl.RaftServerImpl (ServerState.java:setLeader(263)) - 29b3a5ee-a8ee-48df-86dc-60a09c8041c8:group-9164B43C0FE1 change Leader from null to 29b3a5ee-a8ee-48df-86dc-60a09c8041c8 at term 1 for becomeLeader, leader elected after 5194ms
2019-07-14 01:09:44,035 INFO  server.RaftServerConfigKeys (ConfUtils.java:logGet(43)) - raft.server.staging.catchup.gap = 1000 (default)
2019-07-14 01:09:44,035 INFO  server.RaftServerConfigKeys (ConfUtils.java:logGet(43)) - raft.server.rpc.sleep.time = 25ms (default)
2019-07-14 01:09:44,035 INFO  server.RaftServerConfigKeys (ConfUtils.java:logGet(43)) - raft.server.write.element-limit = 4096 (default)
2019-07-14 01:09:44,035 INFO  server.RaftServerConfigKeys (ConfUtils.java:logGet(43)) - raft.server.watch.timeout = 10s (default)
2019-07-14 01:09:44,035 INFO  server.RaftServerConfigKeys (ConfUtils.java:logGet(43)) - raft.server.watch.timeout.denomination = 1s (default)
2019-07-14 01:09:44,036 INFO  server.RaftServerConfigKeys (ConfUtils.java:logGet(43)) - raft.server.watch.element-limit = 65536 (default)
2019-07-14 01:09:44,036 INFO  impl.RoleInfo (RoleInfo.java:updateAndGet(143)) - 29b3a5ee-a8ee-48df-86dc-60a09c8041c8: start LeaderState
2019-07-14 01:09:44,036 INFO  segmented.SegmentedRaftLogWorker (SegmentedRaftLogWorker.java:startLogSegment(380)) - 29b3a5ee-a8ee-48df-86dc-60a09c8041c8-SegmentedRaftLogWorker:Storage Directory /tmp/workdir/hadoop-ozone/integration-test/target/test-dir/MiniOzoneClusterImpl-be3e5e2d-80a6-43b2-9494-bdc454344409/datanode-0/data/ratis/3bc9d6f9-ad16-4504-8c56-9164b43c0fe1: Starting segment from index:0
2019-07-14 01:09:44,037 INFO  impl.RaftServerImpl (ServerState.java:setRaftConf(361)) - 29b3a5ee-a8ee-48df-86dc-60a09c8041c8:group-9164B43C0FE1 set configuration 0: [29b3a5ee-a8ee-48df-86dc-60a09c8041c8:192.168.157.230:36530], old=null at 0
2019-07-14 01:09:44,067 INFO  segmented.SegmentedRaftLogWorker (SegmentedRaftLogWorker.java:execute(569)) - 29b3a5ee-a8ee-48df-86dc-60a09c8041c8-SegmentedRaftLogWorker:Storage Directory /tmp/workdir/hadoop-ozone/integration-test/target/test-dir/MiniOzoneClusterImpl-be3e5e2d-80a6-43b2-9494-bdc454344409/datanode-0/data/ratis/3bc9d6f9-ad16-4504-8c56-9164b43c0fe1: created new log segment /tmp/workdir/hadoop-ozone/integration-test/target/test-dir/MiniOzoneClusterImpl-be3e5e2d-80a6-43b2-9494-bdc454344409/datanode-0/data/ratis/3bc9d6f9-ad16-4504-8c56-9164b43c0fe1/current/log_inprogress_0
2019-07-14 01:09:44,171 INFO  impl.FollowerState (FollowerState.java:run(106)) - b338756c-272d-4fbc-ba6b-fd9ad5b86257:group-2B8C17D7FDF0 changes to CANDIDATE, lastRpcTime:5199, electionTimeout:5199ms
2019-07-14 01:09:44,171 INFO  impl.RoleInfo (RoleInfo.java:shutdownFollowerState(121)) - b338756c-272d-4fbc-ba6b-fd9ad5b86257: shutdown FollowerState
2019-07-14 01:09:44,171 INFO  impl.RaftServerImpl (RaftServerImpl.java:setRole(171)) - b338756c-272d-4fbc-ba6b-fd9ad5b86257:group-2B8C17D7FDF0 changes role from FOLLOWER to CANDIDATE at term 0 for changeToCandidate
2019-07-14 01:09:44,171 INFO  impl.RoleInfo (RoleInfo.java:updateAndGet(143)) - b338756c-272d-4fbc-ba6b-fd9ad5b86257: start LeaderElection
2019-07-14 01:09:44,189 INFO  impl.LeaderElection (LeaderElection.java:askForVotes(181)) - b338756c-272d-4fbc-ba6b-fd9ad5b86257:group-2B8C17D7FDF0:LeaderElection48: begin an election at term 1 for -1: [b338756c-272d-4fbc-ba6b-fd9ad5b86257:192.168.157.230:40946], old=null
2019-07-14 01:09:44,189 INFO  impl.RoleInfo (RoleInfo.java:shutdownLeaderElection(134)) - b338756c-272d-4fbc-ba6b-fd9ad5b86257: shutdown LeaderElection
2019-07-14 01:09:44,190 INFO  impl.RaftServerImpl (RaftServerImpl.java:setRole(171)) - b338756c-272d-4fbc-ba6b-fd9ad5b86257:group-2B8C17D7FDF0 changes role from CANDIDATE to LEADER at term 1 for changeToLeader
2019-07-14 01:09:44,190 INFO  impl.RaftServerImpl (ServerState.java:setLeader(263)) - b338756c-272d-4fbc-ba6b-fd9ad5b86257:group-2B8C17D7FDF0 change Leader from null to b338756c-272d-4fbc-ba6b-fd9ad5b86257 at term 1 for becomeLeader, leader elected after 5222ms
2019-07-14 01:09:44,192 INFO  server.RaftServerConfigKeys (ConfUtils.java:logGet(43)) - raft.server.staging.catchup.gap = 1000 (default)
2019-07-14 01:09:44,192 INFO  server.RaftServerConfigKeys (ConfUtils.java:logGet(43)) - raft.server.rpc.sleep.time = 25ms (default)
2019-07-14 01:09:44,192 INFO  server.RaftServerConfigKeys (ConfUtils.java:logGet(43)) - raft.server.write.element-limit = 4096 (default)
2019-07-14 01:09:44,193 INFO  server.RaftServerConfigKeys (ConfUtils.java:logGet(43)) - raft.server.watch.timeout = 10s (default)
2019-07-14 01:09:44,193 INFO  server.RaftServerConfigKeys (ConfUtils.java:logGet(43)) - raft.server.watch.timeout.denomination = 1s (default)
2019-07-14 01:09:44,193 INFO  server.RaftServerConfigKeys (ConfUtils.java:logGet(43)) - raft.server.watch.element-limit = 65536 (default)
2019-07-14 01:09:44,193 INFO  impl.RoleInfo (RoleInfo.java:updateAndGet(143)) - b338756c-272d-4fbc-ba6b-fd9ad5b86257: start LeaderState
2019-07-14 01:09:44,193 INFO  segmented.SegmentedRaftLogWorker (SegmentedRaftLogWorker.java:startLogSegment(380)) - b338756c-272d-4fbc-ba6b-fd9ad5b86257-SegmentedRaftLogWorker:Storage Directory /tmp/workdir/hadoop-ozone/integration-test/target/test-dir/MiniOzoneClusterImpl-be3e5e2d-80a6-43b2-9494-bdc454344409/datanode-1/data/ratis/aba6b341-14cc-4fc6-bb7d-2b8c17d7fdf0: Starting segment from index:0
2019-07-14 01:09:44,194 INFO  impl.RaftServerImpl (ServerState.java:setRaftConf(361)) - b338756c-272d-4fbc-ba6b-fd9ad5b86257:group-2B8C17D7FDF0 set configuration 0: [b338756c-272d-4fbc-ba6b-fd9ad5b86257:192.168.157.230:40946], old=null at 0
2019-07-14 01:09:44,225 INFO  segmented.SegmentedRaftLogWorker (SegmentedRaftLogWorker.java:execute(569)) - b338756c-272d-4fbc-ba6b-fd9ad5b86257-SegmentedRaftLogWorker:Storage Directory /tmp/workdir/hadoop-ozone/integration-test/target/test-dir/MiniOzoneClusterImpl-be3e5e2d-80a6-43b2-9494-bdc454344409/datanode-1/data/ratis/aba6b341-14cc-4fc6-bb7d-2b8c17d7fdf0: created new log segment /tmp/workdir/hadoop-ozone/integration-test/target/test-dir/MiniOzoneClusterImpl-be3e5e2d-80a6-43b2-9494-bdc454344409/datanode-1/data/ratis/aba6b341-14cc-4fc6-bb7d-2b8c17d7fdf0/current/log_inprogress_0
2019-07-14 01:09:44,246 INFO  impl.FollowerState (FollowerState.java:run(106)) - 861f153f-e820-476e-8303-b9b1a9fb932e:group-14D91A7BDCE7 changes to CANDIDATE, lastRpcTime:5070, electionTimeout:5060ms
2019-07-14 01:09:44,247 INFO  impl.RoleInfo (RoleInfo.java:shutdownFollowerState(121)) - 861f153f-e820-476e-8303-b9b1a9fb932e: shutdown FollowerState
2019-07-14 01:09:44,247 INFO  impl.RaftServerImpl (RaftServerImpl.java:setRole(171)) - 861f153f-e820-476e-8303-b9b1a9fb932e:group-14D91A7BDCE7 changes role from FOLLOWER to CANDIDATE at term 0 for changeToCandidate
2019-07-14 01:09:44,247 INFO  impl.RoleInfo (RoleInfo.java:updateAndGet(143)) - 861f153f-e820-476e-8303-b9b1a9fb932e: start LeaderElection
2019-07-14 01:09:44,276 INFO  impl.LeaderElection (LeaderElection.java:askForVotes(181)) - 861f153f-e820-476e-8303-b9b1a9fb932e:group-14D91A7BDCE7:LeaderElection49: begin an election at term 1 for -1: [861f153f-e820-476e-8303-b9b1a9fb932e:192.168.157.230:33288], old=null
2019-07-14 01:09:44,276 INFO  impl.RoleInfo (RoleInfo.java:shutdownLeaderElection(134)) - 861f153f-e820-476e-8303-b9b1a9fb932e: shutdown LeaderElection
2019-07-14 01:09:44,276 INFO  impl.RaftServerImpl (RaftServerImpl.java:setRole(171)) - 861f153f-e820-476e-8303-b9b1a9fb932e:group-14D91A7BDCE7 changes role from CANDIDATE to LEADER at term 1 for changeToLeader
2019-07-14 01:09:44,276 INFO  impl.RaftServerImpl (ServerState.java:setLeader(263)) - 861f153f-e820-476e-8303-b9b1a9fb932e:group-14D91A7BDCE7 change Leader from null to 861f153f-e820-476e-8303-b9b1a9fb932e at term 1 for becomeLeader, leader elected after 5104ms
2019-07-14 01:09:44,279 INFO  server.RaftServerConfigKeys (ConfUtils.java:logGet(43)) - raft.server.staging.catchup.gap = 1000 (default)
2019-07-14 01:09:44,279 INFO  server.RaftServerConfigKeys (ConfUtils.java:logGet(43)) - raft.server.rpc.sleep.time = 25ms (default)
2019-07-14 01:09:44,279 INFO  server.RaftServerConfigKeys (ConfUtils.java:logGet(43)) - raft.server.write.element-limit = 4096 (default)
2019-07-14 01:09:44,279 INFO  server.RaftServerConfigKeys (ConfUtils.java:logGet(43)) - raft.server.watch.timeout = 10s (default)
2019-07-14 01:09:44,280 INFO  server.RaftServerConfigKeys (ConfUtils.java:logGet(43)) - raft.server.watch.timeout.denomination = 1s (default)
2019-07-14 01:09:44,280 INFO  server.RaftServerConfigKeys (ConfUtils.java:logGet(43)) - raft.server.watch.element-limit = 65536 (default)
2019-07-14 01:09:44,280 INFO  impl.RoleInfo (RoleInfo.java:updateAndGet(143)) - 861f153f-e820-476e-8303-b9b1a9fb932e: start LeaderState
2019-07-14 01:09:44,280 INFO  segmented.SegmentedRaftLogWorker (SegmentedRaftLogWorker.java:startLogSegment(380)) - 861f153f-e820-476e-8303-b9b1a9fb932e-SegmentedRaftLogWorker:Storage Directory /tmp/workdir/hadoop-ozone/integration-test/target/test-dir/MiniOzoneClusterImpl-be3e5e2d-80a6-43b2-9494-bdc454344409/datanode-2/data/ratis/ec603e2d-f60e-41aa-b174-14d91a7bdce7: Starting segment from index:0
2019-07-14 01:09:44,281 INFO  impl.RaftServerImpl (ServerState.java:setRaftConf(361)) - 861f153f-e820-476e-8303-b9b1a9fb932e:group-14D91A7BDCE7 set configuration 0: [861f153f-e820-476e-8303-b9b1a9fb932e:192.168.157.230:33288], old=null at 0
2019-07-14 01:09:44,302 INFO  impl.FollowerState (FollowerState.java:run(106)) - 29b3a5ee-a8ee-48df-86dc-60a09c8041c8:group-0B3027F1C3CF changes to CANDIDATE, lastRpcTime:5043, electionTimeout:5042ms
2019-07-14 01:09:44,302 INFO  impl.RoleInfo (RoleInfo.java:shutdownFollowerState(121)) - 29b3a5ee-a8ee-48df-86dc-60a09c8041c8: shutdown FollowerState
2019-07-14 01:09:44,303 INFO  impl.RaftServerImpl (RaftServerImpl.java:setRole(171)) - 29b3a5ee-a8ee-48df-86dc-60a09c8041c8:group-0B3027F1C3CF changes role from FOLLOWER to CANDIDATE at term 0 for changeToCandidate
2019-07-14 01:09:44,303 INFO  impl.RoleInfo (RoleInfo.java:updateAndGet(143)) - 29b3a5ee-a8ee-48df-86dc-60a09c8041c8: start LeaderElection
2019-07-14 01:09:44,315 INFO  segmented.SegmentedRaftLogWorker (SegmentedRaftLogWorker.java:execute(569)) - 861f153f-e820-476e-8303-b9b1a9fb932e-SegmentedRaftLogWorker:Storage Directory /tmp/workdir/hadoop-ozone/integration-test/target/test-dir/MiniOzoneClusterImpl-be3e5e2d-80a6-43b2-9494-bdc454344409/datanode-2/data/ratis/ec603e2d-f60e-41aa-b174-14d91a7bdce7: created new log segment /tmp/workdir/hadoop-ozone/integration-test/target/test-dir/MiniOzoneClusterImpl-be3e5e2d-80a6-43b2-9494-bdc454344409/datanode-2/data/ratis/ec603e2d-f60e-41aa-b174-14d91a7bdce7/current/log_inprogress_0
2019-07-14 01:09:44,315 INFO  impl.LeaderElection (LeaderElection.java:askForVotes(181)) - 29b3a5ee-a8ee-48df-86dc-60a09c8041c8:group-0B3027F1C3CF:LeaderElection50: begin an election at term 1 for -1: [29b3a5ee-a8ee-48df-86dc-60a09c8041c8:192.168.157.230:36530, 861f153f-e820-476e-8303-b9b1a9fb932e:192.168.157.230:33288, b338756c-272d-4fbc-ba6b-fd9ad5b86257:192.168.157.230:40946], old=null
2019-07-14 01:09:44,322 INFO  impl.RaftServerImpl (RaftServerImpl.java:setRole(171)) - b338756c-272d-4fbc-ba6b-fd9ad5b86257:group-0B3027F1C3CF changes role from FOLLOWER to FOLLOWER at term 1 for recognizeCandidate:29b3a5ee-a8ee-48df-86dc-60a09c8041c8
2019-07-14 01:09:44,322 INFO  impl.RaftServerImpl (RaftServerImpl.java:setRole(171)) - 861f153f-e820-476e-8303-b9b1a9fb932e:group-0B3027F1C3CF changes role from FOLLOWER to FOLLOWER at term 1 for recognizeCandidate:29b3a5ee-a8ee-48df-86dc-60a09c8041c8
2019-07-14 01:09:44,323 INFO  impl.RoleInfo (RoleInfo.java:shutdownFollowerState(121)) - b338756c-272d-4fbc-ba6b-fd9ad5b86257: shutdown FollowerState
2019-07-14 01:09:44,323 INFO  impl.RoleInfo (RoleInfo.java:shutdownFollowerState(121)) - 861f153f-e820-476e-8303-b9b1a9fb932e: shutdown FollowerState
2019-07-14 01:09:44,323 INFO  impl.FollowerState (FollowerState.java:run(114)) - b338756c-272d-4fbc-ba6b-fd9ad5b86257: FollowerState was interrupted: java.lang.InterruptedException: sleep interrupted
2019-07-14 01:09:44,323 INFO  impl.RoleInfo (RoleInfo.java:updateAndGet(143)) - b338756c-272d-4fbc-ba6b-fd9ad5b86257: start FollowerState
2019-07-14 01:09:44,323 INFO  impl.FollowerState (FollowerState.java:run(114)) - 861f153f-e820-476e-8303-b9b1a9fb932e: FollowerState was interrupted: java.lang.InterruptedException: sleep interrupted
2019-07-14 01:09:44,323 INFO  impl.RoleInfo (RoleInfo.java:updateAndGet(143)) - 861f153f-e820-476e-8303-b9b1a9fb932e: start FollowerState
2019-07-14 01:09:44,354 INFO  impl.LeaderElection (LeaderElection.java:logAndReturn(56)) - 29b3a5ee-a8ee-48df-86dc-60a09c8041c8:group-0B3027F1C3CF:LeaderElection50: Election PASSED; received 1 response(s) [29b3a5ee-a8ee-48df-86dc-60a09c8041c8<-b338756c-272d-4fbc-ba6b-fd9ad5b86257#0:OK-t1] and 0 exception(s); 29b3a5ee-a8ee-48df-86dc-60a09c8041c8:t1, leader=null, voted=29b3a5ee-a8ee-48df-86dc-60a09c8041c8, raftlog=29b3a5ee-a8ee-48df-86dc-60a09c8041c8-SegmentedRaftLog:OPENED:c-1,f-1,i0, conf=-1: [29b3a5ee-a8ee-48df-86dc-60a09c8041c8:192.168.157.230:36530, 861f153f-e820-476e-8303-b9b1a9fb932e:192.168.157.230:33288, b338756c-272d-4fbc-ba6b-fd9ad5b86257:192.168.157.230:40946], old=null
2019-07-14 01:09:44,354 INFO  impl.RoleInfo (RoleInfo.java:shutdownLeaderElection(134)) - 29b3a5ee-a8ee-48df-86dc-60a09c8041c8: shutdown LeaderElection
2019-07-14 01:09:44,354 INFO  impl.RaftServerImpl (RaftServerImpl.java:setRole(171)) - 29b3a5ee-a8ee-48df-86dc-60a09c8041c8:group-0B3027F1C3CF changes role from CANDIDATE to LEADER at term 1 for changeToLeader
2019-07-14 01:09:44,354 INFO  impl.RaftServerImpl (ServerState.java:setLeader(263)) - 29b3a5ee-a8ee-48df-86dc-60a09c8041c8:group-0B3027F1C3CF change Leader from null to 29b3a5ee-a8ee-48df-86dc-60a09c8041c8 at term 1 for becomeLeader, leader elected after 5106ms
2019-07-14 01:09:44,354 INFO  server.RaftServerConfigKeys (ConfUtils.java:logGet(43)) - raft.server.staging.catchup.gap = 1000 (default)
2019-07-14 01:09:44,354 INFO  server.RaftServerConfigKeys (ConfUtils.java:logGet(43)) - raft.server.rpc.sleep.time = 25ms (default)
2019-07-14 01:09:44,354 INFO  server.RaftServerConfigKeys (ConfUtils.java:logGet(43)) - raft.server.write.element-limit = 4096 (default)
2019-07-14 01:09:44,355 INFO  server.RaftServerConfigKeys (ConfUtils.java:logGet(43)) - raft.server.watch.timeout = 10s (default)
2019-07-14 01:09:44,355 INFO  server.RaftServerConfigKeys (ConfUtils.java:logGet(43)) - raft.server.watch.timeout.denomination = 1s (default)
2019-07-14 01:09:44,355 INFO  server.RaftServerConfigKeys (ConfUtils.java:logGet(43)) - raft.server.watch.element-limit = 65536 (default)
2019-07-14 01:09:44,355 INFO  server.RaftServerConfigKeys (ConfUtils.java:logGet(43)) - raft.server.log.appender.snapshot.chunk.size.max = 16MB (=16777216) (default)
2019-07-14 01:09:44,356 INFO  server.RaftServerConfigKeys (ConfUtils.java:logGet(43)) - raft.server.log.appender.buffer.byte-limit = 33554432 (custom)
2019-07-14 01:09:44,356 INFO  server.RaftServerConfigKeys (ConfUtils.java:logGet(43)) - raft.server.log.appender.buffer.element-limit = 1 (custom)
2019-07-14 01:09:44,356 INFO  grpc.GrpcConfigKeys$Server (ConfUtils.java:logGet(43)) - raft.grpc.server.leader.outstanding.appends.max = 128 (default)
2019-07-14 01:09:44,356 INFO  server.RaftServerConfigKeys (ConfUtils.java:logGet(43)) - raft.server.rpc.request.timeout = 3000ms (default)
2019-07-14 01:09:44,356 INFO  server.RaftServerConfigKeys (ConfUtils.java:logGet(43)) - raft.server.log.appender.install.snapshot.enabled = false (custom)
2019-07-14 01:09:44,357 INFO  server.RaftServerConfigKeys (ConfUtils.java:logGet(43)) - raft.server.log.appender.snapshot.chunk.size.max = 16MB (=16777216) (default)
2019-07-14 01:09:44,357 INFO  server.RaftServerConfigKeys (ConfUtils.java:logGet(43)) - raft.server.log.appender.buffer.byte-limit = 33554432 (custom)
2019-07-14 01:09:44,357 INFO  server.RaftServerConfigKeys (ConfUtils.java:logGet(43)) - raft.server.log.appender.buffer.element-limit = 1 (custom)
2019-07-14 01:09:44,357 INFO  grpc.GrpcConfigKeys$Server (ConfUtils.java:logGet(43)) - raft.grpc.server.leader.outstanding.appends.max = 128 (default)
2019-07-14 01:09:44,357 INFO  server.RaftServerConfigKeys (ConfUtils.java:logGet(43)) - raft.server.rpc.request.timeout = 3000ms (default)
2019-07-14 01:09:44,358 INFO  server.RaftServerConfigKeys (ConfUtils.java:logGet(43)) - raft.server.log.appender.install.snapshot.enabled = false (custom)
2019-07-14 01:09:44,358 INFO  impl.RoleInfo (RoleInfo.java:updateAndGet(143)) - 29b3a5ee-a8ee-48df-86dc-60a09c8041c8: start LeaderState
2019-07-14 01:09:44,358 INFO  segmented.SegmentedRaftLogWorker (SegmentedRaftLogWorker.java:startLogSegment(380)) - 29b3a5ee-a8ee-48df-86dc-60a09c8041c8-SegmentedRaftLogWorker:Storage Directory /tmp/workdir/hadoop-ozone/integration-test/target/test-dir/MiniOzoneClusterImpl-be3e5e2d-80a6-43b2-9494-bdc454344409/datanode-0/data/ratis/7fc57224-244b-45cf-aae3-0b3027f1c3cf: Starting segment from index:0
2019-07-14 01:09:44,359 INFO  impl.RaftServerImpl (ServerState.java:setRaftConf(361)) - 29b3a5ee-a8ee-48df-86dc-60a09c8041c8:group-0B3027F1C3CF set configuration 0: [29b3a5ee-a8ee-48df-86dc-60a09c8041c8:192.168.157.230:36530, 861f153f-e820-476e-8303-b9b1a9fb932e:192.168.157.230:33288, b338756c-272d-4fbc-ba6b-fd9ad5b86257:192.168.157.230:40946], old=null at 0
2019-07-14 01:09:44,381 INFO  impl.RaftServerImpl (ServerState.java:setLeader(263)) - b338756c-272d-4fbc-ba6b-fd9ad5b86257:group-0B3027F1C3CF change Leader from null to 29b3a5ee-a8ee-48df-86dc-60a09c8041c8 at term 1 for appendEntries, leader elected after 5133ms
2019-07-14 01:09:44,381 INFO  impl.RaftServerImpl (ServerState.java:setLeader(263)) - 861f153f-e820-476e-8303-b9b1a9fb932e:group-0B3027F1C3CF change Leader from null to 29b3a5ee-a8ee-48df-86dc-60a09c8041c8 at term 1 for appendEntries, leader elected after 5132ms
2019-07-14 01:09:44,392 INFO  segmented.SegmentedRaftLogWorker (SegmentedRaftLogWorker.java:execute(569)) - 29b3a5ee-a8ee-48df-86dc-60a09c8041c8-SegmentedRaftLogWorker:Storage Directory /tmp/workdir/hadoop-ozone/integration-test/target/test-dir/MiniOzoneClusterImpl-be3e5e2d-80a6-43b2-9494-bdc454344409/datanode-0/data/ratis/7fc57224-244b-45cf-aae3-0b3027f1c3cf: created new log segment /tmp/workdir/hadoop-ozone/integration-test/target/test-dir/MiniOzoneClusterImpl-be3e5e2d-80a6-43b2-9494-bdc454344409/datanode-0/data/ratis/7fc57224-244b-45cf-aae3-0b3027f1c3cf/current/log_inprogress_0
2019-07-14 01:09:44,399 INFO  impl.RaftServerImpl (ServerState.java:setRaftConf(361)) - 861f153f-e820-476e-8303-b9b1a9fb932e:group-0B3027F1C3CF set configuration 0: [29b3a5ee-a8ee-48df-86dc-60a09c8041c8:192.168.157.230:36530, 861f153f-e820-476e-8303-b9b1a9fb932e:192.168.157.230:33288, b338756c-272d-4fbc-ba6b-fd9ad5b86257:192.168.157.230:40946], old=null at 0
2019-07-14 01:09:44,399 INFO  impl.RaftServerImpl (ServerState.java:setRaftConf(361)) - b338756c-272d-4fbc-ba6b-fd9ad5b86257:group-0B3027F1C3CF set configuration 0: [29b3a5ee-a8ee-48df-86dc-60a09c8041c8:192.168.157.230:36530, 861f153f-e820-476e-8303-b9b1a9fb932e:192.168.157.230:33288, b338756c-272d-4fbc-ba6b-fd9ad5b86257:192.168.157.230:40946], old=null at 0
2019-07-14 01:09:44,399 INFO  segmented.SegmentedRaftLogWorker (SegmentedRaftLogWorker.java:startLogSegment(380)) - 861f153f-e820-476e-8303-b9b1a9fb932e-SegmentedRaftLogWorker:Storage Directory /tmp/workdir/hadoop-ozone/integration-test/target/test-dir/MiniOzoneClusterImpl-be3e5e2d-80a6-43b2-9494-bdc454344409/datanode-2/data/ratis/7fc57224-244b-45cf-aae3-0b3027f1c3cf: Starting segment from index:0
2019-07-14 01:09:44,400 INFO  segmented.SegmentedRaftLogWorker (SegmentedRaftLogWorker.java:startLogSegment(380)) - b338756c-272d-4fbc-ba6b-fd9ad5b86257-SegmentedRaftLogWorker:Storage Directory /tmp/workdir/hadoop-ozone/integration-test/target/test-dir/MiniOzoneClusterImpl-be3e5e2d-80a6-43b2-9494-bdc454344409/datanode-1/data/ratis/7fc57224-244b-45cf-aae3-0b3027f1c3cf: Starting segment from index:0
2019-07-14 01:09:44,430 INFO  segmented.SegmentedRaftLogWorker (SegmentedRaftLogWorker.java:execute(569)) - 861f153f-e820-476e-8303-b9b1a9fb932e-SegmentedRaftLogWorker:Storage Directory /tmp/workdir/hadoop-ozone/integration-test/target/test-dir/MiniOzoneClusterImpl-be3e5e2d-80a6-43b2-9494-bdc454344409/datanode-2/data/ratis/7fc57224-244b-45cf-aae3-0b3027f1c3cf: created new log segment /tmp/workdir/hadoop-ozone/integration-test/target/test-dir/MiniOzoneClusterImpl-be3e5e2d-80a6-43b2-9494-bdc454344409/datanode-2/data/ratis/7fc57224-244b-45cf-aae3-0b3027f1c3cf/current/log_inprogress_0
2019-07-14 01:09:44,430 INFO  segmented.SegmentedRaftLogWorker (SegmentedRaftLogWorker.java:execute(569)) - b338756c-272d-4fbc-ba6b-fd9ad5b86257-SegmentedRaftLogWorker:Storage Directory /tmp/workdir/hadoop-ozone/integration-test/target/test-dir/MiniOzoneClusterImpl-be3e5e2d-80a6-43b2-9494-bdc454344409/datanode-1/data/ratis/7fc57224-244b-45cf-aae3-0b3027f1c3cf: created new log segment /tmp/workdir/hadoop-ozone/integration-test/target/test-dir/MiniOzoneClusterImpl-be3e5e2d-80a6-43b2-9494-bdc454344409/datanode-1/data/ratis/7fc57224-244b-45cf-aae3-0b3027f1c3cf/current/log_inprogress_0
2019-07-14 01:09:44,451 INFO  impl.FollowerState (FollowerState.java:run(106)) - a204c9d6-107a-4db2-9ede-40ca7b317c59:group-BF76942FD920 changes to CANDIDATE, lastRpcTime:5105, electionTimeout:5105ms
2019-07-14 01:09:44,451 INFO  impl.RoleInfo (RoleInfo.java:shutdownFollowerState(121)) - a204c9d6-107a-4db2-9ede-40ca7b317c59: shutdown FollowerState
2019-07-14 01:09:44,451 INFO  impl.RaftServerImpl (RaftServerImpl.java:setRole(171)) - a204c9d6-107a-4db2-9ede-40ca7b317c59:group-BF76942FD920 changes role from FOLLOWER to CANDIDATE at term 0 for changeToCandidate
2019-07-14 01:09:44,451 INFO  impl.RoleInfo (RoleInfo.java:updateAndGet(143)) - a204c9d6-107a-4db2-9ede-40ca7b317c59: start LeaderElection
2019-07-14 01:09:44,471 INFO  impl.LeaderElection (LeaderElection.java:askForVotes(181)) - a204c9d6-107a-4db2-9ede-40ca7b317c59:group-BF76942FD920:LeaderElection51: begin an election at term 1 for -1: [a204c9d6-107a-4db2-9ede-40ca7b317c59:192.168.157.230:36166], old=null
2019-07-14 01:09:44,471 INFO  impl.RoleInfo (RoleInfo.java:shutdownLeaderElection(134)) - a204c9d6-107a-4db2-9ede-40ca7b317c59: shutdown LeaderElection
2019-07-14 01:09:44,471 INFO  impl.RaftServerImpl (RaftServerImpl.java:setRole(171)) - a204c9d6-107a-4db2-9ede-40ca7b317c59:group-BF76942FD920 changes role from CANDIDATE to LEADER at term 1 for changeToLeader
2019-07-14 01:09:44,471 INFO  impl.RaftServerImpl (ServerState.java:setLeader(263)) - a204c9d6-107a-4db2-9ede-40ca7b317c59:group-BF76942FD920 change Leader from null to a204c9d6-107a-4db2-9ede-40ca7b317c59 at term 1 for becomeLeader, leader elected after 5130ms
2019-07-14 01:09:44,473 INFO  server.RaftServerConfigKeys (ConfUtils.java:logGet(43)) - raft.server.staging.catchup.gap = 1000 (default)
2019-07-14 01:09:44,474 INFO  server.RaftServerConfigKeys (ConfUtils.java:logGet(43)) - raft.server.rpc.sleep.time = 25ms (default)
2019-07-14 01:09:44,474 INFO  server.RaftServerConfigKeys (ConfUtils.java:logGet(43)) - raft.server.write.element-limit = 4096 (default)
2019-07-14 01:09:44,474 INFO  server.RaftServerConfigKeys (ConfUtils.java:logGet(43)) - raft.server.watch.timeout = 10s (default)
2019-07-14 01:09:44,474 INFO  server.RaftServerConfigKeys (ConfUtils.java:logGet(43)) - raft.server.watch.timeout.denomination = 1s (default)
2019-07-14 01:09:44,474 INFO  server.RaftServerConfigKeys (ConfUtils.java:logGet(43)) - raft.server.watch.element-limit = 65536 (default)
2019-07-14 01:09:44,475 INFO  impl.RoleInfo (RoleInfo.java:updateAndGet(143)) - a204c9d6-107a-4db2-9ede-40ca7b317c59: start LeaderState
2019-07-14 01:09:44,475 INFO  segmented.SegmentedRaftLogWorker (SegmentedRaftLogWorker.java:startLogSegment(380)) - a204c9d6-107a-4db2-9ede-40ca7b317c59-SegmentedRaftLogWorker:Storage Directory /tmp/workdir/hadoop-ozone/integration-test/target/test-dir/MiniOzoneClusterImpl-be3e5e2d-80a6-43b2-9494-bdc454344409/datanode-3/data/ratis/5062c3a2-6aff-4242-81a5-bf76942fd920: Starting segment from index:0
2019-07-14 01:09:44,475 INFO  impl.RaftServerImpl (ServerState.java:setRaftConf(361)) - a204c9d6-107a-4db2-9ede-40ca7b317c59:group-BF76942FD920 set configuration 0: [a204c9d6-107a-4db2-9ede-40ca7b317c59:192.168.157.230:36166], old=null at 0
2019-07-14 01:09:44,510 INFO  segmented.SegmentedRaftLogWorker (SegmentedRaftLogWorker.java:execute(569)) - a204c9d6-107a-4db2-9ede-40ca7b317c59-SegmentedRaftLogWorker:Storage Directory /tmp/workdir/hadoop-ozone/integration-test/target/test-dir/MiniOzoneClusterImpl-be3e5e2d-80a6-43b2-9494-bdc454344409/datanode-3/data/ratis/5062c3a2-6aff-4242-81a5-bf76942fd920: created new log segment /tmp/workdir/hadoop-ozone/integration-test/target/test-dir/MiniOzoneClusterImpl-be3e5e2d-80a6-43b2-9494-bdc454344409/datanode-3/data/ratis/5062c3a2-6aff-4242-81a5-bf76942fd920/current/log_inprogress_0
2019-07-14 01:09:44,712 INFO  impl.FollowerState (FollowerState.java:run(106)) - 8cb4b762-5597-4ade-ab14-b4ebb9e958cf:group-5B341C9352D4 changes to CANDIDATE, lastRpcTime:5180, electionTimeout:5180ms
2019-07-14 01:09:44,712 INFO  impl.RoleInfo (RoleInfo.java:shutdownFollowerState(121)) - 8cb4b762-5597-4ade-ab14-b4ebb9e958cf: shutdown FollowerState
2019-07-14 01:09:44,712 INFO  impl.RaftServerImpl (RaftServerImpl.java:setRole(171)) - 8cb4b762-5597-4ade-ab14-b4ebb9e958cf:group-5B341C9352D4 changes role from FOLLOWER to CANDIDATE at term 0 for changeToCandidate
2019-07-14 01:09:44,712 INFO  impl.RoleInfo (RoleInfo.java:updateAndGet(143)) - 8cb4b762-5597-4ade-ab14-b4ebb9e958cf: start LeaderElection
2019-07-14 01:09:44,731 INFO  impl.LeaderElection (LeaderElection.java:askForVotes(181)) - 8cb4b762-5597-4ade-ab14-b4ebb9e958cf:group-5B341C9352D4:LeaderElection52: begin an election at term 1 for -1: [8cb4b762-5597-4ade-ab14-b4ebb9e958cf:192.168.157.230:37486], old=null
2019-07-14 01:09:44,731 INFO  impl.RoleInfo (RoleInfo.java:shutdownLeaderElection(134)) - 8cb4b762-5597-4ade-ab14-b4ebb9e958cf: shutdown LeaderElection
2019-07-14 01:09:44,731 INFO  impl.RaftServerImpl (RaftServerImpl.java:setRole(171)) - 8cb4b762-5597-4ade-ab14-b4ebb9e958cf:group-5B341C9352D4 changes role from CANDIDATE to LEADER at term 1 for changeToLeader
2019-07-14 01:09:44,732 INFO  impl.RaftServerImpl (ServerState.java:setLeader(263)) - 8cb4b762-5597-4ade-ab14-b4ebb9e958cf:group-5B341C9352D4 change Leader from null to 8cb4b762-5597-4ade-ab14-b4ebb9e958cf at term 1 for becomeLeader, leader elected after 5204ms
2019-07-14 01:09:44,734 INFO  server.RaftServerConfigKeys (ConfUtils.java:logGet(43)) - raft.server.staging.catchup.gap = 1000 (default)
2019-07-14 01:09:44,734 INFO  server.RaftServerConfigKeys (ConfUtils.java:logGet(43)) - raft.server.rpc.sleep.time = 25ms (default)
2019-07-14 01:09:44,734 INFO  server.RaftServerConfigKeys (ConfUtils.java:logGet(43)) - raft.server.write.element-limit = 4096 (default)
2019-07-14 01:09:44,734 INFO  server.RaftServerConfigKeys (ConfUtils.java:logGet(43)) - raft.server.watch.timeout = 10s (default)
2019-07-14 01:09:44,735 INFO  server.RaftServerConfigKeys (ConfUtils.java:logGet(43)) - raft.server.watch.timeout.denomination = 1s (default)
2019-07-14 01:09:44,735 INFO  server.RaftServerConfigKeys (ConfUtils.java:logGet(43)) - raft.server.watch.element-limit = 65536 (default)
2019-07-14 01:09:44,735 INFO  impl.RoleInfo (RoleInfo.java:updateAndGet(143)) - 8cb4b762-5597-4ade-ab14-b4ebb9e958cf: start LeaderState
2019-07-14 01:09:44,735 INFO  segmented.SegmentedRaftLogWorker (SegmentedRaftLogWorker.java:startLogSegment(380)) - 8cb4b762-5597-4ade-ab14-b4ebb9e958cf-SegmentedRaftLogWorker:Storage Directory /tmp/workdir/hadoop-ozone/integration-test/target/test-dir/MiniOzoneClusterImpl-be3e5e2d-80a6-43b2-9494-bdc454344409/datanode-4/data/ratis/132215eb-4699-42b5-8a2a-5b341c9352d4: Starting segment from index:0
2019-07-14 01:09:44,736 INFO  impl.RaftServerImpl (ServerState.java:setRaftConf(361)) - 8cb4b762-5597-4ade-ab14-b4ebb9e958cf:group-5B341C9352D4 set configuration 0: [8cb4b762-5597-4ade-ab14-b4ebb9e958cf:192.168.157.230:37486], old=null at 0
2019-07-14 01:09:44,769 INFO  segmented.SegmentedRaftLogWorker (SegmentedRaftLogWorker.java:execute(569)) - 8cb4b762-5597-4ade-ab14-b4ebb9e958cf-SegmentedRaftLogWorker:Storage Directory /tmp/workdir/hadoop-ozone/integration-test/target/test-dir/MiniOzoneClusterImpl-be3e5e2d-80a6-43b2-9494-bdc454344409/datanode-4/data/ratis/132215eb-4699-42b5-8a2a-5b341c9352d4: created new log segment /tmp/workdir/hadoop-ozone/integration-test/target/test-dir/MiniOzoneClusterImpl-be3e5e2d-80a6-43b2-9494-bdc454344409/datanode-4/data/ratis/132215eb-4699-42b5-8a2a-5b341c9352d4/current/log_inprogress_0
2019-07-14 01:09:44,835 INFO  impl.FollowerState (FollowerState.java:run(106)) - 8fe6e7e0-7304-4bed-b7b6-ce570f033d10:group-6BCA64FC703A changes to CANDIDATE, lastRpcTime:5147, electionTimeout:5147ms
2019-07-14 01:09:44,835 INFO  impl.RoleInfo (RoleInfo.java:shutdownFollowerState(121)) - 8fe6e7e0-7304-4bed-b7b6-ce570f033d10: shutdown FollowerState
2019-07-14 01:09:44,835 INFO  impl.RaftServerImpl (RaftServerImpl.java:setRole(171)) - 8fe6e7e0-7304-4bed-b7b6-ce570f033d10:group-6BCA64FC703A changes role from FOLLOWER to CANDIDATE at term 0 for changeToCandidate
2019-07-14 01:09:44,835 INFO  impl.RoleInfo (RoleInfo.java:updateAndGet(143)) - 8fe6e7e0-7304-4bed-b7b6-ce570f033d10: start LeaderElection
2019-07-14 01:09:44,854 INFO  impl.LeaderElection (LeaderElection.java:askForVotes(181)) - 8fe6e7e0-7304-4bed-b7b6-ce570f033d10:group-6BCA64FC703A:LeaderElection53: begin an election at term 1 for -1: [8fe6e7e0-7304-4bed-b7b6-ce570f033d10:192.168.157.230:38480], old=null
2019-07-14 01:09:44,855 INFO  impl.RoleInfo (RoleInfo.java:shutdownLeaderElection(134)) - 8fe6e7e0-7304-4bed-b7b6-ce570f033d10: shutdown LeaderElection
2019-07-14 01:09:44,855 INFO  impl.RaftServerImpl (RaftServerImpl.java:setRole(171)) - 8fe6e7e0-7304-4bed-b7b6-ce570f033d10:group-6BCA64FC703A changes role from CANDIDATE to LEADER at term 1 for changeToLeader
2019-07-14 01:09:44,855 INFO  impl.RaftServerImpl (ServerState.java:setLeader(263)) - 8fe6e7e0-7304-4bed-b7b6-ce570f033d10:group-6BCA64FC703A change Leader from null to 8fe6e7e0-7304-4bed-b7b6-ce570f033d10 at term 1 for becomeLeader, leader elected after 5171ms
2019-07-14 01:09:44,857 INFO  server.RaftServerConfigKeys (ConfUtils.java:logGet(43)) - raft.server.staging.catchup.gap = 1000 (default)
2019-07-14 01:09:44,857 INFO  server.RaftServerConfigKeys (ConfUtils.java:logGet(43)) - raft.server.rpc.sleep.time = 25ms (default)
2019-07-14 01:09:44,858 INFO  server.RaftServerConfigKeys (ConfUtils.java:logGet(43)) - raft.server.write.element-limit = 4096 (default)
2019-07-14 01:09:44,858 INFO  server.RaftServerConfigKeys (ConfUtils.java:logGet(43)) - raft.server.watch.timeout = 10s (default)
2019-07-14 01:09:44,858 INFO  server.RaftServerConfigKeys (ConfUtils.java:logGet(43)) - raft.server.watch.timeout.denomination = 1s (default)
2019-07-14 01:09:44,858 INFO  server.RaftServerConfigKeys (ConfUtils.java:logGet(43)) - raft.server.watch.element-limit = 65536 (default)
2019-07-14 01:09:44,858 INFO  impl.RoleInfo (RoleInfo.java:updateAndGet(143)) - 8fe6e7e0-7304-4bed-b7b6-ce570f033d10: start LeaderState
2019-07-14 01:09:44,859 INFO  segmented.SegmentedRaftLogWorker (SegmentedRaftLogWorker.java:startLogSegment(380)) - 8fe6e7e0-7304-4bed-b7b6-ce570f033d10-SegmentedRaftLogWorker:Storage Directory /tmp/workdir/hadoop-ozone/integration-test/target/test-dir/MiniOzoneClusterImpl-be3e5e2d-80a6-43b2-9494-bdc454344409/datanode-5/data/ratis/580ef5b3-a91e-4773-8d31-6bca64fc703a: Starting segment from index:0
2019-07-14 01:09:44,859 INFO  impl.RaftServerImpl (ServerState.java:setRaftConf(361)) - 8fe6e7e0-7304-4bed-b7b6-ce570f033d10:group-6BCA64FC703A set configuration 0: [8fe6e7e0-7304-4bed-b7b6-ce570f033d10:192.168.157.230:38480], old=null at 0
2019-07-14 01:09:44,890 INFO  impl.FollowerState (FollowerState.java:run(106)) - a204c9d6-107a-4db2-9ede-40ca7b317c59:group-60516799BEF2 changes to CANDIDATE, lastRpcTime:5124, electionTimeout:5124ms
2019-07-14 01:09:44,890 INFO  impl.RoleInfo (RoleInfo.java:shutdownFollowerState(121)) - a204c9d6-107a-4db2-9ede-40ca7b317c59: shutdown FollowerState
2019-07-14 01:09:44,890 INFO  impl.RaftServerImpl (RaftServerImpl.java:setRole(171)) - a204c9d6-107a-4db2-9ede-40ca7b317c59:group-60516799BEF2 changes role from FOLLOWER to CANDIDATE at term 0 for changeToCandidate
2019-07-14 01:09:44,890 INFO  impl.RoleInfo (RoleInfo.java:updateAndGet(143)) - a204c9d6-107a-4db2-9ede-40ca7b317c59: start LeaderElection
2019-07-14 01:09:44,895 INFO  segmented.SegmentedRaftLogWorker (SegmentedRaftLogWorker.java:execute(569)) - 8fe6e7e0-7304-4bed-b7b6-ce570f033d10-SegmentedRaftLogWorker:Storage Directory /tmp/workdir/hadoop-ozone/integration-test/target/test-dir/MiniOzoneClusterImpl-be3e5e2d-80a6-43b2-9494-bdc454344409/datanode-5/data/ratis/580ef5b3-a91e-4773-8d31-6bca64fc703a: created new log segment /tmp/workdir/hadoop-ozone/integration-test/target/test-dir/MiniOzoneClusterImpl-be3e5e2d-80a6-43b2-9494-bdc454344409/datanode-5/data/ratis/580ef5b3-a91e-4773-8d31-6bca64fc703a/current/log_inprogress_0
2019-07-14 01:09:44,909 INFO  impl.LeaderElection (LeaderElection.java:askForVotes(181)) - a204c9d6-107a-4db2-9ede-40ca7b317c59:group-60516799BEF2:LeaderElection54: begin an election at term 1 for -1: [8fe6e7e0-7304-4bed-b7b6-ce570f033d10:192.168.157.230:38480, 8cb4b762-5597-4ade-ab14-b4ebb9e958cf:192.168.157.230:37486, a204c9d6-107a-4db2-9ede-40ca7b317c59:192.168.157.230:36166], old=null
2019-07-14 01:09:44,917 INFO  impl.RaftServerImpl (RaftServerImpl.java:setRole(171)) - 8cb4b762-5597-4ade-ab14-b4ebb9e958cf:group-60516799BEF2 changes role from FOLLOWER to FOLLOWER at term 1 for recognizeCandidate:a204c9d6-107a-4db2-9ede-40ca7b317c59
2019-07-14 01:09:44,917 INFO  impl.RaftServerImpl (RaftServerImpl.java:setRole(171)) - 8fe6e7e0-7304-4bed-b7b6-ce570f033d10:group-60516799BEF2 changes role from FOLLOWER to FOLLOWER at term 1 for recognizeCandidate:a204c9d6-107a-4db2-9ede-40ca7b317c59
2019-07-14 01:09:44,917 INFO  impl.RoleInfo (RoleInfo.java:shutdownFollowerState(121)) - 8cb4b762-5597-4ade-ab14-b4ebb9e958cf: shutdown FollowerState
2019-07-14 01:09:44,917 INFO  impl.RoleInfo (RoleInfo.java:shutdownFollowerState(121)) - 8fe6e7e0-7304-4bed-b7b6-ce570f033d10: shutdown FollowerState
2019-07-14 01:09:44,918 INFO  impl.FollowerState (FollowerState.java:run(114)) - 8cb4b762-5597-4ade-ab14-b4ebb9e958cf: FollowerState was interrupted: java.lang.InterruptedException: sleep interrupted
2019-07-14 01:09:44,918 INFO  impl.RoleInfo (RoleInfo.java:updateAndGet(143)) - 8cb4b762-5597-4ade-ab14-b4ebb9e958cf: start FollowerState
2019-07-14 01:09:44,918 INFO  impl.FollowerState (FollowerState.java:run(114)) - 8fe6e7e0-7304-4bed-b7b6-ce570f033d10: FollowerState was interrupted: java.lang.InterruptedException: sleep interrupted
2019-07-14 01:09:44,918 INFO  impl.RoleInfo (RoleInfo.java:updateAndGet(143)) - 8fe6e7e0-7304-4bed-b7b6-ce570f033d10: start FollowerState
2019-07-14 01:09:44,949 INFO  impl.LeaderElection (LeaderElection.java:logAndReturn(56)) - a204c9d6-107a-4db2-9ede-40ca7b317c59:group-60516799BEF2:LeaderElection54: Election PASSED; received 1 response(s) [a204c9d6-107a-4db2-9ede-40ca7b317c59<-8cb4b762-5597-4ade-ab14-b4ebb9e958cf#0:OK-t1] and 0 exception(s); a204c9d6-107a-4db2-9ede-40ca7b317c59:t1, leader=null, voted=a204c9d6-107a-4db2-9ede-40ca7b317c59, raftlog=a204c9d6-107a-4db2-9ede-40ca7b317c59-SegmentedRaftLog:OPENED:c-1,f-1,i0, conf=-1: [8fe6e7e0-7304-4bed-b7b6-ce570f033d10:192.168.157.230:38480, 8cb4b762-5597-4ade-ab14-b4ebb9e958cf:192.168.157.230:37486, a204c9d6-107a-4db2-9ede-40ca7b317c59:192.168.157.230:36166], old=null
2019-07-14 01:09:44,949 INFO  impl.RoleInfo (RoleInfo.java:shutdownLeaderElection(134)) - a204c9d6-107a-4db2-9ede-40ca7b317c59: shutdown LeaderElection
2019-07-14 01:09:44,949 INFO  impl.RaftServerImpl (RaftServerImpl.java:setRole(171)) - a204c9d6-107a-4db2-9ede-40ca7b317c59:group-60516799BEF2 changes role from CANDIDATE to LEADER at term 1 for changeToLeader
2019-07-14 01:09:44,949 INFO  impl.RaftServerImpl (ServerState.java:setLeader(263)) - a204c9d6-107a-4db2-9ede-40ca7b317c59:group-60516799BEF2 change Leader from null to a204c9d6-107a-4db2-9ede-40ca7b317c59 at term 1 for becomeLeader, leader elected after 5191ms
2019-07-14 01:09:44,950 INFO  server.RaftServerConfigKeys (ConfUtils.java:logGet(43)) - raft.server.staging.catchup.gap = 1000 (default)
2019-07-14 01:09:44,950 INFO  server.RaftServerConfigKeys (ConfUtils.java:logGet(43)) - raft.server.rpc.sleep.time = 25ms (default)
2019-07-14 01:09:44,950 INFO  server.RaftServerConfigKeys (ConfUtils.java:logGet(43)) - raft.server.write.element-limit = 4096 (default)
2019-07-14 01:09:44,954 INFO  server.RaftServerConfigKeys (ConfUtils.java:logGet(43)) - raft.server.watch.timeout = 10s (default)
2019-07-14 01:09:44,955 INFO  server.RaftServerConfigKeys (ConfUtils.java:logGet(43)) - raft.server.watch.timeout.denomination = 1s (default)
2019-07-14 01:09:44,955 INFO  server.RaftServerConfigKeys (ConfUtils.java:logGet(43)) - raft.server.watch.element-limit = 65536 (default)
2019-07-14 01:09:44,955 INFO  server.RaftServerConfigKeys (ConfUtils.java:logGet(43)) - raft.server.log.appender.snapshot.chunk.size.max = 16MB (=16777216) (default)
2019-07-14 01:09:44,955 INFO  server.RaftServerConfigKeys (ConfUtils.java:logGet(43)) - raft.server.log.appender.buffer.byte-limit = 33554432 (custom)
2019-07-14 01:09:44,955 INFO  server.RaftServerConfigKeys (ConfUtils.java:logGet(43)) - raft.server.log.appender.buffer.element-limit = 1 (custom)
2019-07-14 01:09:44,956 INFO  grpc.GrpcConfigKeys$Server (ConfUtils.java:logGet(43)) - raft.grpc.server.leader.outstanding.appends.max = 128 (default)
2019-07-14 01:09:44,956 INFO  server.RaftServerConfigKeys (ConfUtils.java:logGet(43)) - raft.server.rpc.request.timeout = 3000ms (default)
2019-07-14 01:09:44,956 INFO  server.RaftServerConfigKeys (ConfUtils.java:logGet(43)) - raft.server.log.appender.install.snapshot.enabled = false (custom)
2019-07-14 01:09:44,956 INFO  server.RaftServerConfigKeys (ConfUtils.java:logGet(43)) - raft.server.log.appender.snapshot.chunk.size.max = 16MB (=16777216) (default)
2019-07-14 01:09:44,956 INFO  server.RaftServerConfigKeys (ConfUtils.java:logGet(43)) - raft.server.log.appender.buffer.byte-limit = 33554432 (custom)
2019-07-14 01:09:44,957 INFO  server.RaftServerConfigKeys (ConfUtils.java:logGet(43)) - raft.server.log.appender.buffer.element-limit = 1 (custom)
2019-07-14 01:09:44,957 INFO  grpc.GrpcConfigKeys$Server (ConfUtils.java:logGet(43)) - raft.grpc.server.leader.outstanding.appends.max = 128 (default)
2019-07-14 01:09:44,957 INFO  server.RaftServerConfigKeys (ConfUtils.java:logGet(43)) - raft.server.rpc.request.timeout = 3000ms (default)
2019-07-14 01:09:44,957 INFO  server.RaftServerConfigKeys (ConfUtils.java:logGet(43)) - raft.server.log.appender.install.snapshot.enabled = false (custom)
2019-07-14 01:09:44,957 INFO  impl.RoleInfo (RoleInfo.java:updateAndGet(143)) - a204c9d6-107a-4db2-9ede-40ca7b317c59: start LeaderState
2019-07-14 01:09:44,958 INFO  segmented.SegmentedRaftLogWorker (SegmentedRaftLogWorker.java:startLogSegment(380)) - a204c9d6-107a-4db2-9ede-40ca7b317c59-SegmentedRaftLogWorker:Storage Directory /tmp/workdir/hadoop-ozone/integration-test/target/test-dir/MiniOzoneClusterImpl-be3e5e2d-80a6-43b2-9494-bdc454344409/datanode-3/data/ratis/68cb98cd-f256-4dc5-bcec-60516799bef2: Starting segment from index:0
2019-07-14 01:09:44,959 INFO  impl.RaftServerImpl (ServerState.java:setRaftConf(361)) - a204c9d6-107a-4db2-9ede-40ca7b317c59:group-60516799BEF2 set configuration 0: [8fe6e7e0-7304-4bed-b7b6-ce570f033d10:192.168.157.230:38480, 8cb4b762-5597-4ade-ab14-b4ebb9e958cf:192.168.157.230:37486, a204c9d6-107a-4db2-9ede-40ca7b317c59:192.168.157.230:36166], old=null at 0
2019-07-14 01:09:44,979 INFO  impl.FollowerState (FollowerState.java:run(106)) - 0311a7f5-3e26-46a4-bc2a-4495b394887e:group-069BE7FF23F4 changes to CANDIDATE, lastRpcTime:5121, electionTimeout:5108ms
2019-07-14 01:09:44,980 INFO  impl.RoleInfo (RoleInfo.java:shutdownFollowerState(121)) - 0311a7f5-3e26-46a4-bc2a-4495b394887e: shutdown FollowerState
2019-07-14 01:09:44,980 INFO  impl.RaftServerImpl (RaftServerImpl.java:setRole(171)) - 0311a7f5-3e26-46a4-bc2a-4495b394887e:group-069BE7FF23F4 changes role from FOLLOWER to CANDIDATE at term 0 for changeToCandidate
2019-07-14 01:09:44,982 INFO  impl.RaftServerImpl (ServerState.java:setLeader(263)) - 8fe6e7e0-7304-4bed-b7b6-ce570f033d10:group-60516799BEF2 change Leader from null to a204c9d6-107a-4db2-9ede-40ca7b317c59 at term 1 for appendEntries, leader elected after 5223ms
2019-07-14 01:09:44,982 INFO  impl.RoleInfo (RoleInfo.java:updateAndGet(143)) - 0311a7f5-3e26-46a4-bc2a-4495b394887e: start LeaderElection
2019-07-14 01:09:44,983 INFO  segmented.SegmentedRaftLogWorker (SegmentedRaftLogWorker.java:execute(569)) - a204c9d6-107a-4db2-9ede-40ca7b317c59-SegmentedRaftLogWorker:Storage Directory /tmp/workdir/hadoop-ozone/integration-test/target/test-dir/MiniOzoneClusterImpl-be3e5e2d-80a6-43b2-9494-bdc454344409/datanode-3/data/ratis/68cb98cd-f256-4dc5-bcec-60516799bef2: created new log segment /tmp/workdir/hadoop-ozone/integration-test/target/test-dir/MiniOzoneClusterImpl-be3e5e2d-80a6-43b2-9494-bdc454344409/datanode-3/data/ratis/68cb98cd-f256-4dc5-bcec-60516799bef2/current/log_inprogress_0
2019-07-14 01:09:44,983 INFO  impl.RaftServerImpl (ServerState.java:setLeader(263)) - 8cb4b762-5597-4ade-ab14-b4ebb9e958cf:group-60516799BEF2 change Leader from null to a204c9d6-107a-4db2-9ede-40ca7b317c59 at term 1 for appendEntries, leader elected after 5224ms
2019-07-14 01:09:44,992 INFO  impl.RaftServerImpl (ServerState.java:setRaftConf(361)) - 8fe6e7e0-7304-4bed-b7b6-ce570f033d10:group-60516799BEF2 set configuration 0: [8fe6e7e0-7304-4bed-b7b6-ce570f033d10:192.168.157.230:38480, 8cb4b762-5597-4ade-ab14-b4ebb9e958cf:192.168.157.230:37486, a204c9d6-107a-4db2-9ede-40ca7b317c59:192.168.157.230:36166], old=null at 0
2019-07-14 01:09:44,995 INFO  segmented.SegmentedRaftLogWorker (SegmentedRaftLogWorker.java:startLogSegment(380)) - 8fe6e7e0-7304-4bed-b7b6-ce570f033d10-SegmentedRaftLogWorker:Storage Directory /tmp/workdir/hadoop-ozone/integration-test/target/test-dir/MiniOzoneClusterImpl-be3e5e2d-80a6-43b2-9494-bdc454344409/datanode-5/data/ratis/68cb98cd-f256-4dc5-bcec-60516799bef2: Starting segment from index:0
2019-07-14 01:09:44,995 INFO  impl.RaftServerImpl (ServerState.java:setRaftConf(361)) - 8cb4b762-5597-4ade-ab14-b4ebb9e958cf:group-60516799BEF2 set configuration 0: [8fe6e7e0-7304-4bed-b7b6-ce570f033d10:192.168.157.230:38480, 8cb4b762-5597-4ade-ab14-b4ebb9e958cf:192.168.157.230:37486, a204c9d6-107a-4db2-9ede-40ca7b317c59:192.168.157.230:36166], old=null at 0
2019-07-14 01:09:44,996 INFO  segmented.SegmentedRaftLogWorker (SegmentedRaftLogWorker.java:startLogSegment(380)) - 8cb4b762-5597-4ade-ab14-b4ebb9e958cf-SegmentedRaftLogWorker:Storage Directory /tmp/workdir/hadoop-ozone/integration-test/target/test-dir/MiniOzoneClusterImpl-be3e5e2d-80a6-43b2-9494-bdc454344409/datanode-4/data/ratis/68cb98cd-f256-4dc5-bcec-60516799bef2: Starting segment from index:0
2019-07-14 01:09:45,002 INFO  impl.LeaderElection (LeaderElection.java:askForVotes(181)) - 0311a7f5-3e26-46a4-bc2a-4495b394887e:group-069BE7FF23F4:LeaderElection55: begin an election at term 1 for -1: [0311a7f5-3e26-46a4-bc2a-4495b394887e:192.168.157.230:34181], old=null
2019-07-14 01:09:45,003 INFO  impl.RoleInfo (RoleInfo.java:shutdownLeaderElection(134)) - 0311a7f5-3e26-46a4-bc2a-4495b394887e: shutdown LeaderElection
2019-07-14 01:09:45,003 INFO  impl.RaftServerImpl (RaftServerImpl.java:setRole(171)) - 0311a7f5-3e26-46a4-bc2a-4495b394887e:group-069BE7FF23F4 changes role from CANDIDATE to LEADER at term 1 for changeToLeader
2019-07-14 01:09:45,003 INFO  impl.RaftServerImpl (ServerState.java:setLeader(263)) - 0311a7f5-3e26-46a4-bc2a-4495b394887e:group-069BE7FF23F4 change Leader from null to 0311a7f5-3e26-46a4-bc2a-4495b394887e at term 1 for becomeLeader, leader elected after 5148ms
2019-07-14 01:09:45,020 INFO  server.RaftServerConfigKeys (ConfUtils.java:logGet(43)) - raft.server.staging.catchup.gap = 1000 (default)
2019-07-14 01:09:45,021 INFO  server.RaftServerConfigKeys (ConfUtils.java:logGet(43)) - raft.server.rpc.sleep.time = 25ms (default)
2019-07-14 01:09:45,021 INFO  server.RaftServerConfigKeys (ConfUtils.java:logGet(43)) - raft.server.write.element-limit = 4096 (default)
2019-07-14 01:09:45,021 INFO  server.RaftServerConfigKeys (ConfUtils.java:logGet(43)) - raft.server.watch.timeout = 10s (default)
2019-07-14 01:09:45,021 INFO  server.RaftServerConfigKeys (ConfUtils.java:logGet(43)) - raft.server.watch.timeout.denomination = 1s (default)
2019-07-14 01:09:45,021 INFO  server.RaftServerConfigKeys (ConfUtils.java:logGet(43)) - raft.server.watch.element-limit = 65536 (default)
2019-07-14 01:09:45,022 INFO  impl.RoleInfo (RoleInfo.java:updateAndGet(143)) - 0311a7f5-3e26-46a4-bc2a-4495b394887e: start LeaderState
2019-07-14 01:09:45,022 INFO  segmented.SegmentedRaftLogWorker (SegmentedRaftLogWorker.java:startLogSegment(380)) - 0311a7f5-3e26-46a4-bc2a-4495b394887e-SegmentedRaftLogWorker:Storage Directory /tmp/workdir/hadoop-ozone/integration-test/target/test-dir/MiniOzoneClusterImpl-be3e5e2d-80a6-43b2-9494-bdc454344409/datanode-6/data/ratis/229fce9b-4d9f-44ce-b2ee-069be7ff23f4: Starting segment from index:0
2019-07-14 01:09:45,023 INFO  impl.RaftServerImpl (ServerState.java:setRaftConf(361)) - 0311a7f5-3e26-46a4-bc2a-4495b394887e:group-069BE7FF23F4 set configuration 0: [0311a7f5-3e26-46a4-bc2a-4495b394887e:192.168.157.230:34181], old=null at 0
2019-07-14 01:09:45,044 INFO  segmented.SegmentedRaftLogWorker (SegmentedRaftLogWorker.java:execute(569)) - 8cb4b762-5597-4ade-ab14-b4ebb9e958cf-SegmentedRaftLogWorker:Storage Directory /tmp/workdir/hadoop-ozone/integration-test/target/test-dir/MiniOzoneClusterImpl-be3e5e2d-80a6-43b2-9494-bdc454344409/datanode-4/data/ratis/68cb98cd-f256-4dc5-bcec-60516799bef2: created new log segment /tmp/workdir/hadoop-ozone/integration-test/target/test-dir/MiniOzoneClusterImpl-be3e5e2d-80a6-43b2-9494-bdc454344409/datanode-4/data/ratis/68cb98cd-f256-4dc5-bcec-60516799bef2/current/log_inprogress_0
2019-07-14 01:09:45,044 INFO  segmented.SegmentedRaftLogWorker (SegmentedRaftLogWorker.java:execute(569)) - 8fe6e7e0-7304-4bed-b7b6-ce570f033d10-SegmentedRaftLogWorker:Storage Directory /tmp/workdir/hadoop-ozone/integration-test/target/test-dir/MiniOzoneClusterImpl-be3e5e2d-80a6-43b2-9494-bdc454344409/datanode-5/data/ratis/68cb98cd-f256-4dc5-bcec-60516799bef2: created new log segment /tmp/workdir/hadoop-ozone/integration-test/target/test-dir/MiniOzoneClusterImpl-be3e5e2d-80a6-43b2-9494-bdc454344409/datanode-5/data/ratis/68cb98cd-f256-4dc5-bcec-60516799bef2/current/log_inprogress_0
2019-07-14 01:09:45,057 INFO  segmented.SegmentedRaftLogWorker (SegmentedRaftLogWorker.java:execute(569)) - 0311a7f5-3e26-46a4-bc2a-4495b394887e-SegmentedRaftLogWorker:Storage Directory /tmp/workdir/hadoop-ozone/integration-test/target/test-dir/MiniOzoneClusterImpl-be3e5e2d-80a6-43b2-9494-bdc454344409/datanode-6/data/ratis/229fce9b-4d9f-44ce-b2ee-069be7ff23f4: created new log segment /tmp/workdir/hadoop-ozone/integration-test/target/test-dir/MiniOzoneClusterImpl-be3e5e2d-80a6-43b2-9494-bdc454344409/datanode-6/data/ratis/229fce9b-4d9f-44ce-b2ee-069be7ff23f4/current/log_inprogress_0
2019-07-14 01:09:45,065 INFO  client.GrpcClientProtocolClient (GrpcClientProtocolClient.java:onNext(255)) - client-3FEE897FE353->b338756c-272d-4fbc-ba6b-fd9ad5b86257: receive RaftClientReply:client-3FEE897FE353->b338756c-272d-4fbc-ba6b-fd9ad5b86257@group-2B8C17D7FDF0, cid=134, SUCCESS, logIndex=1, commits[b338756c-272d-4fbc-ba6b-fd9ad5b86257:c2]
2019-07-14 01:09:45,086 INFO  client.GrpcClientProtocolClient (GrpcClientProtocolClient.java:onNext(255)) - client-3FEE897FE353->b338756c-272d-4fbc-ba6b-fd9ad5b86257: receive RaftClientReply:client-3FEE897FE353->b338756c-272d-4fbc-ba6b-fd9ad5b86257@group-2B8C17D7FDF0, cid=135, SUCCESS, logIndex=3, commits[b338756c-272d-4fbc-ba6b-fd9ad5b86257:c3]
2019-07-14 01:09:45,151 INFO  client.GrpcClientProtocolClient (GrpcClientProtocolClient.java:onNext(255)) - client-3FEE897FE353->b338756c-272d-4fbc-ba6b-fd9ad5b86257: receive RaftClientReply:client-3FEE897FE353->b338756c-272d-4fbc-ba6b-fd9ad5b86257@group-2B8C17D7FDF0, cid=136, SUCCESS, logIndex=4, commits[b338756c-272d-4fbc-ba6b-fd9ad5b86257:c9]
2019-07-14 01:09:45,152 INFO  client.GrpcClientProtocolClient (GrpcClientProtocolClient.java:onNext(255)) - client-3FEE897FE353->b338756c-272d-4fbc-ba6b-fd9ad5b86257: receive RaftClientReply:client-3FEE897FE353->b338756c-272d-4fbc-ba6b-fd9ad5b86257@group-2B8C17D7FDF0, cid=137, SUCCESS, logIndex=5, commits[b338756c-272d-4fbc-ba6b-fd9ad5b86257:c9]
2019-07-14 01:09:45,155 INFO  client.GrpcClientProtocolClient (GrpcClientProtocolClient.java:onNext(255)) - client-3FEE897FE353->b338756c-272d-4fbc-ba6b-fd9ad5b86257: receive RaftClientReply:client-3FEE897FE353->b338756c-272d-4fbc-ba6b-fd9ad5b86257@group-2B8C17D7FDF0, cid=138, SUCCESS, logIndex=6, commits[b338756c-272d-4fbc-ba6b-fd9ad5b86257:c9]
2019-07-14 01:09:45,156 INFO  client.GrpcClientProtocolClient (GrpcClientProtocolClient.java:onNext(255)) - client-3FEE897FE353->b338756c-272d-4fbc-ba6b-fd9ad5b86257: receive RaftClientReply:client-3FEE897FE353->b338756c-272d-4fbc-ba6b-fd9ad5b86257@group-2B8C17D7FDF0, cid=139, SUCCESS, logIndex=7, commits[b338756c-272d-4fbc-ba6b-fd9ad5b86257:c9]
2019-07-14 01:09:45,173 INFO  client.GrpcClientProtocolClient (GrpcClientProtocolClient.java:onNext(255)) - client-3FEE897FE353->b338756c-272d-4fbc-ba6b-fd9ad5b86257: receive RaftClientReply:client-3FEE897FE353->b338756c-272d-4fbc-ba6b-fd9ad5b86257@group-2B8C17D7FDF0, cid=140, SUCCESS, logIndex=10, commits[b338756c-272d-4fbc-ba6b-fd9ad5b86257:c11]
2019-07-14 01:09:45,174 INFO  client.GrpcClientProtocolClient (GrpcClientProtocolClient.java:onNext(255)) - client-3FEE897FE353->b338756c-272d-4fbc-ba6b-fd9ad5b86257: receive RaftClientReply:client-3FEE897FE353->b338756c-272d-4fbc-ba6b-fd9ad5b86257@group-2B8C17D7FDF0, cid=141, SUCCESS, logIndex=11, commits[b338756c-272d-4fbc-ba6b-fd9ad5b86257:c11]
2019-07-14 01:09:45,176 INFO  container.CloseContainerEventHandler (CloseContainerEventHandler.java:onMessage(61)) - Close container Event triggered for container : #1
2019-07-14 01:09:47,100 INFO  interfaces.Container (KeyValueContainer.java:compactDB(356)) - Container 1 is closed with bcsId 11.
01:09:47.182 [grpc-default-executor-6] ERROR DNAudit - user=null | ip=null | op=WRITE_CHUNK {blockData=conID: 1 locID: 102437131445993483 bcsId: 11} | ret=FAILURE
org.apache.hadoop.hdds.scm.container.common.helpers.ContainerNotOpenException: Container 1 in CLOSED state
	at org.apache.hadoop.ozone.container.common.impl.HddsDispatcher.validateContainerCommand(HddsDispatcher.java:408) ~[hadoop-hdds-container-service-0.5.0-SNAPSHOT.jar:?]
	at org.apache.hadoop.ozone.container.common.transport.server.ratis.ContainerStateMachine.startTransaction(ContainerStateMachine.java:271) ~[hadoop-hdds-container-service-0.5.0-SNAPSHOT.jar:?]
	at org.apache.ratis.server.impl.RaftServerImpl.submitClientRequestAsync(RaftServerImpl.java:566) ~[ratis-server-0.4.0-2337318-SNAPSHOT.jar:0.4.0-2337318-SNAPSHOT]
	at org.apache.ratis.server.impl.RaftServerProxy.lambda$submitClientRequestAsync$7(RaftServerProxy.java:333) ~[ratis-server-0.4.0-2337318-SNAPSHOT.jar:0.4.0-2337318-SNAPSHOT]
	at org.apache.ratis.server.impl.RaftServerProxy.lambda$null$5(RaftServerProxy.java:328) ~[ratis-server-0.4.0-2337318-SNAPSHOT.jar:0.4.0-2337318-SNAPSHOT]
	at org.apache.ratis.util.JavaUtils.callAsUnchecked(JavaUtils.java:109) ~[ratis-common-0.4.0-2337318-SNAPSHOT.jar:0.4.0-2337318-SNAPSHOT]
	at org.apache.ratis.server.impl.RaftServerProxy.lambda$submitRequest$6(RaftServerProxy.java:328) ~[ratis-server-0.4.0-2337318-SNAPSHOT.jar:0.4.0-2337318-SNAPSHOT]
	at java.util.concurrent.CompletableFuture.uniComposeStage(CompletableFuture.java:981) ~[?:1.8.0_212]
	at java.util.concurrent.CompletableFuture.thenCompose(CompletableFuture.java:2124) ~[?:1.8.0_212]
	at org.apache.ratis.server.impl.RaftServerProxy.submitRequest(RaftServerProxy.java:327) ~[ratis-server-0.4.0-2337318-SNAPSHOT.jar:0.4.0-2337318-SNAPSHOT]
	at org.apache.ratis.server.impl.RaftServerProxy.submitClientRequestAsync(RaftServerProxy.java:333) ~[ratis-server-0.4.0-2337318-SNAPSHOT.jar:0.4.0-2337318-SNAPSHOT]
	at org.apache.ratis.grpc.client.GrpcClientProtocolService$RequestStreamObserver.processClientRequest(GrpcClientProtocolService.java:220) ~[ratis-grpc-0.4.0-2337318-SNAPSHOT.jar:0.4.0-2337318-SNAPSHOT]
	at org.apache.ratis.grpc.client.GrpcClientProtocolService$OrderedRequestStreamObserver.processClientRequest(GrpcClientProtocolService.java:326) ~[ratis-grpc-0.4.0-2337318-SNAPSHOT.jar:0.4.0-2337318-SNAPSHOT]
	at org.apache.ratis.util.SlidingWindow$Server.processRequestsFromHead(SlidingWindow.java:429) [ratis-common-0.4.0-2337318-SNAPSHOT.jar:0.4.0-2337318-SNAPSHOT]
	at org.apache.ratis.util.SlidingWindow$Server.receivedRequest(SlidingWindow.java:421) [ratis-common-0.4.0-2337318-SNAPSHOT.jar:0.4.0-2337318-SNAPSHOT]
	at org.apache.ratis.grpc.client.GrpcClientProtocolService$OrderedRequestStreamObserver.processClientRequest(GrpcClientProtocolService.java:345) [ratis-grpc-0.4.0-2337318-SNAPSHOT.jar:0.4.0-2337318-SNAPSHOT]
	at org.apache.ratis.grpc.client.GrpcClientProtocolService$RequestStreamObserver.onNext(GrpcClientProtocolService.java:240) [ratis-grpc-0.4.0-2337318-SNAPSHOT.jar:0.4.0-2337318-SNAPSHOT]
	at org.apache.ratis.grpc.client.GrpcClientProtocolService$RequestStreamObserver.onNext(GrpcClientProtocolService.java:168) [ratis-grpc-0.4.0-2337318-SNAPSHOT.jar:0.4.0-2337318-SNAPSHOT]
	at org.apache.ratis.thirdparty.io.grpc.stub.ServerCalls$StreamingServerCallHandler$StreamingServerCallListener.onMessage(ServerCalls.java:248) [ratis-thirdparty-misc-0.2.0.jar:0.2.0]
	at org.apache.ratis.thirdparty.io.grpc.internal.ServerCallImpl$ServerStreamListenerImpl.messagesAvailable(ServerCallImpl.java:263) [ratis-thirdparty-misc-0.2.0.jar:0.2.0]
	at org.apache.ratis.thirdparty.io.grpc.internal.ServerImpl$JumpToApplicationThreadServerStreamListener$1MessagesAvailable.runInContext(ServerImpl.java:686) [ratis-thirdparty-misc-0.2.0.jar:0.2.0]
	at org.apache.ratis.thirdparty.io.grpc.internal.ContextRunnable.run(ContextRunnable.java:37) [ratis-thirdparty-misc-0.2.0.jar:0.2.0]
	at org.apache.ratis.thirdparty.io.grpc.internal.SerializingExecutor.run(SerializingExecutor.java:123) [ratis-thirdparty-misc-0.2.0.jar:0.2.0]
	at java.util.concurrent.ThreadPoolExecutor.runWorker(ThreadPoolExecutor.java:1149) [?:1.8.0_212]
	at java.util.concurrent.ThreadPoolExecutor$Worker.run(ThreadPoolExecutor.java:624) [?:1.8.0_212]
	at java.lang.Thread.run(Thread.java:748) [?:1.8.0_212]
01:09:47.214 [grpc-default-executor-6] ERROR DNAudit - user=null | ip=null | op=WRITE_CHUNK {blockData=conID: 1 locID: 102437131445993483 bcsId: 11} | ret=FAILURE
org.apache.hadoop.hdds.scm.container.common.helpers.ContainerNotOpenException: Container 1 in CLOSED state
	at org.apache.hadoop.ozone.container.common.impl.HddsDispatcher.validateContainerCommand(HddsDispatcher.java:408) ~[hadoop-hdds-container-service-0.5.0-SNAPSHOT.jar:?]
	at org.apache.hadoop.ozone.container.common.transport.server.ratis.ContainerStateMachine.startTransaction(ContainerStateMachine.java:271) ~[hadoop-hdds-container-service-0.5.0-SNAPSHOT.jar:?]
	at org.apache.ratis.server.impl.RaftServerImpl.submitClientRequestAsync(RaftServerImpl.java:566) ~[ratis-server-0.4.0-2337318-SNAPSHOT.jar:0.4.0-2337318-SNAPSHOT]
	at org.apache.ratis.server.impl.RaftServerProxy.lambda$submitClientRequestAsync$7(RaftServerProxy.java:333) ~[ratis-server-0.4.0-2337318-SNAPSHOT.jar:0.4.0-2337318-SNAPSHOT]
	at org.apache.ratis.server.impl.RaftServerProxy.lambda$null$5(RaftServerProxy.java:328) ~[ratis-server-0.4.0-2337318-SNAPSHOT.jar:0.4.0-2337318-SNAPSHOT]
	at org.apache.ratis.util.JavaUtils.callAsUnchecked(JavaUtils.java:109) ~[ratis-common-0.4.0-2337318-SNAPSHOT.jar:0.4.0-2337318-SNAPSHOT]
	at org.apache.ratis.server.impl.RaftServerProxy.lambda$submitRequest$6(RaftServerProxy.java:328) ~[ratis-server-0.4.0-2337318-SNAPSHOT.jar:0.4.0-2337318-SNAPSHOT]
	at java.util.concurrent.CompletableFuture.uniComposeStage(CompletableFuture.java:981) ~[?:1.8.0_212]
	at java.util.concurrent.CompletableFuture.thenCompose(CompletableFuture.java:2124) ~[?:1.8.0_212]
	at org.apache.ratis.server.impl.RaftServerProxy.submitRequest(RaftServerProxy.java:327) ~[ratis-server-0.4.0-2337318-SNAPSHOT.jar:0.4.0-2337318-SNAPSHOT]
	at org.apache.ratis.server.impl.RaftServerProxy.submitClientRequestAsync(RaftServerProxy.java:333) ~[ratis-server-0.4.0-2337318-SNAPSHOT.jar:0.4.0-2337318-SNAPSHOT]
	at org.apache.ratis.grpc.client.GrpcClientProtocolService$RequestStreamObserver.processClientRequest(GrpcClientProtocolService.java:220) ~[ratis-grpc-0.4.0-2337318-SNAPSHOT.jar:0.4.0-2337318-SNAPSHOT]
	at org.apache.ratis.grpc.client.GrpcClientProtocolService$OrderedRequestStreamObserver.processClientRequest(GrpcClientProtocolService.java:326) ~[ratis-grpc-0.4.0-2337318-SNAPSHOT.jar:0.4.0-2337318-SNAPSHOT]
	at org.apache.ratis.util.SlidingWindow$Server.processRequestsFromHead(SlidingWindow.java:429) [ratis-common-0.4.0-2337318-SNAPSHOT.jar:0.4.0-2337318-SNAPSHOT]
	at org.apache.ratis.util.SlidingWindow$Server.receivedRequest(SlidingWindow.java:421) [ratis-common-0.4.0-2337318-SNAPSHOT.jar:0.4.0-2337318-SNAPSHOT]
	at org.apache.ratis.grpc.client.GrpcClientProtocolService$OrderedRequestStreamObserver.processClientRequest(GrpcClientProtocolService.java:345) [ratis-grpc-0.4.0-2337318-SNAPSHOT.jar:0.4.0-2337318-SNAPSHOT]
	at org.apache.ratis.grpc.client.GrpcClientProtocolService$RequestStreamObserver.onNext(GrpcClientProtocolService.java:240) [ratis-grpc-0.4.0-2337318-SNAPSHOT.jar:0.4.0-2337318-SNAPSHOT]
	at org.apache.ratis.grpc.client.GrpcClientProtocolService$RequestStreamObserver.onNext(GrpcClientProtocolService.java:168) [ratis-grpc-0.4.0-2337318-SNAPSHOT.jar:0.4.0-2337318-SNAPSHOT]
	at org.apache.ratis.thirdparty.io.grpc.stub.ServerCalls$StreamingServerCallHandler$StreamingServerCallListener.onMessage(ServerCalls.java:248) [ratis-thirdparty-misc-0.2.0.jar:0.2.0]
	at org.apache.ratis.thirdparty.io.grpc.internal.ServerCallImpl$ServerStreamListenerImpl.messagesAvailable(ServerCallImpl.java:263) [ratis-thirdparty-misc-0.2.0.jar:0.2.0]
	at org.apache.ratis.thirdparty.io.grpc.internal.ServerImpl$JumpToApplicationThreadServerStreamListener$1MessagesAvailable.runInContext(ServerImpl.java:686) [ratis-thirdparty-misc-0.2.0.jar:0.2.0]
	at org.apache.ratis.thirdparty.io.grpc.internal.ContextRunnable.run(ContextRunnable.java:37) [ratis-thirdparty-misc-0.2.0.jar:0.2.0]
	at org.apache.ratis.thirdparty.io.grpc.internal.SerializingExecutor.run(SerializingExecutor.java:123) [ratis-thirdparty-misc-0.2.0.jar:0.2.0]
	at java.util.concurrent.ThreadPoolExecutor.runWorker(ThreadPoolExecutor.java:1149) [?:1.8.0_212]
	at java.util.concurrent.ThreadPoolExecutor$Worker.run(ThreadPoolExecutor.java:624) [?:1.8.0_212]
	at java.lang.Thread.run(Thread.java:748) [?:1.8.0_212]
2019-07-14 01:09:47,216 INFO  client.GrpcClientProtocolClient (GrpcClientProtocolClient.java:onNext(255)) - client-3FEE897FE353->b338756c-272d-4fbc-ba6b-fd9ad5b86257: receive RaftClientReply:client-3FEE897FE353->b338756c-272d-4fbc-ba6b-fd9ad5b86257@group-2B8C17D7FDF0, cid=142, FAILED org.apache.ratis.protocol.StateMachineException: org.apache.hadoop.hdds.scm.container.common.helpers.ContainerNotOpenException from Server b338756c-272d-4fbc-ba6b-fd9ad5b86257: Container 1 in CLOSED state, logIndex=0, commits[b338756c-272d-4fbc-ba6b-fd9ad5b86257:c14]
01:09:47.216 [grpc-default-executor-6] ERROR DNAudit - user=null | ip=null | op=PUT_BLOCK {blockData=[blockId=conID: 1 locID: 102437131445993483 bcsId: 0,size=650]} | ret=FAILURE
org.apache.hadoop.hdds.scm.container.common.helpers.ContainerNotOpenException: Container 1 in CLOSED state
	at org.apache.hadoop.ozone.container.common.impl.HddsDispatcher.validateContainerCommand(HddsDispatcher.java:408) ~[hadoop-hdds-container-service-0.5.0-SNAPSHOT.jar:?]
	at org.apache.hadoop.ozone.container.common.transport.server.ratis.ContainerStateMachine.startTransaction(ContainerStateMachine.java:271) ~[hadoop-hdds-container-service-0.5.0-SNAPSHOT.jar:?]
	at org.apache.ratis.server.impl.RaftServerImpl.submitClientRequestAsync(RaftServerImpl.java:566) ~[ratis-server-0.4.0-2337318-SNAPSHOT.jar:0.4.0-2337318-SNAPSHOT]
	at org.apache.ratis.server.impl.RaftServerProxy.lambda$submitClientRequestAsync$7(RaftServerProxy.java:333) ~[ratis-server-0.4.0-2337318-SNAPSHOT.jar:0.4.0-2337318-SNAPSHOT]
	at org.apache.ratis.server.impl.RaftServerProxy.lambda$null$5(RaftServerProxy.java:328) ~[ratis-server-0.4.0-2337318-SNAPSHOT.jar:0.4.0-2337318-SNAPSHOT]
	at org.apache.ratis.util.JavaUtils.callAsUnchecked(JavaUtils.java:109) ~[ratis-common-0.4.0-2337318-SNAPSHOT.jar:0.4.0-2337318-SNAPSHOT]
	at org.apache.ratis.server.impl.RaftServerProxy.lambda$submitRequest$6(RaftServerProxy.java:328) ~[ratis-server-0.4.0-2337318-SNAPSHOT.jar:0.4.0-2337318-SNAPSHOT]
	at java.util.concurrent.CompletableFuture.uniComposeStage(CompletableFuture.java:981) ~[?:1.8.0_212]
	at java.util.concurrent.CompletableFuture.thenCompose(CompletableFuture.java:2124) ~[?:1.8.0_212]
	at org.apache.ratis.server.impl.RaftServerProxy.submitRequest(RaftServerProxy.java:327) ~[ratis-server-0.4.0-2337318-SNAPSHOT.jar:0.4.0-2337318-SNAPSHOT]
	at org.apache.ratis.server.impl.RaftServerProxy.submitClientRequestAsync(RaftServerProxy.java:333) ~[ratis-server-0.4.0-2337318-SNAPSHOT.jar:0.4.0-2337318-SNAPSHOT]
	at org.apache.ratis.grpc.client.GrpcClientProtocolService$RequestStreamObserver.processClientRequest(GrpcClientProtocolService.java:220) ~[ratis-grpc-0.4.0-2337318-SNAPSHOT.jar:0.4.0-2337318-SNAPSHOT]
	at org.apache.ratis.grpc.client.GrpcClientProtocolService$OrderedRequestStreamObserver.processClientRequest(GrpcClientProtocolService.java:326) ~[ratis-grpc-0.4.0-2337318-SNAPSHOT.jar:0.4.0-2337318-SNAPSHOT]
	at org.apache.ratis.util.SlidingWindow$Server.processRequestsFromHead(SlidingWindow.java:429) [ratis-common-0.4.0-2337318-SNAPSHOT.jar:0.4.0-2337318-SNAPSHOT]
	at org.apache.ratis.util.SlidingWindow$Server.receivedRequest(SlidingWindow.java:421) [ratis-common-0.4.0-2337318-SNAPSHOT.jar:0.4.0-2337318-SNAPSHOT]
	at org.apache.ratis.grpc.client.GrpcClientProtocolService$OrderedRequestStreamObserver.processClientRequest(GrpcClientProtocolService.java:345) [ratis-grpc-0.4.0-2337318-SNAPSHOT.jar:0.4.0-2337318-SNAPSHOT]
	at org.apache.ratis.grpc.client.GrpcClientProtocolService$RequestStreamObserver.onNext(GrpcClientProtocolService.java:240) [ratis-grpc-0.4.0-2337318-SNAPSHOT.jar:0.4.0-2337318-SNAPSHOT]
	at org.apache.ratis.grpc.client.GrpcClientProtocolService$RequestStreamObserver.onNext(GrpcClientProtocolService.java:168) [ratis-grpc-0.4.0-2337318-SNAPSHOT.jar:0.4.0-2337318-SNAPSHOT]
	at org.apache.ratis.thirdparty.io.grpc.stub.ServerCalls$StreamingServerCallHandler$StreamingServerCallListener.onMessage(ServerCalls.java:248) [ratis-thirdparty-misc-0.2.0.jar:0.2.0]
	at org.apache.ratis.thirdparty.io.grpc.internal.ServerCallImpl$ServerStreamListenerImpl.messagesAvailable(ServerCallImpl.java:263) [ratis-thirdparty-misc-0.2.0.jar:0.2.0]
	at org.apache.ratis.thirdparty.io.grpc.internal.ServerImpl$JumpToApplicationThreadServerStreamListener$1MessagesAvailable.runInContext(ServerImpl.java:686) [ratis-thirdparty-misc-0.2.0.jar:0.2.0]
	at org.apache.ratis.thirdparty.io.grpc.internal.ContextRunnable.run(ContextRunnable.java:37) [ratis-thirdparty-misc-0.2.0.jar:0.2.0]
	at org.apache.ratis.thirdparty.io.grpc.internal.SerializingExecutor.run(SerializingExecutor.java:123) [ratis-thirdparty-misc-0.2.0.jar:0.2.0]
	at java.util.concurrent.ThreadPoolExecutor.runWorker(ThreadPoolExecutor.java:1149) [?:1.8.0_212]
	at java.util.concurrent.ThreadPoolExecutor$Worker.run(ThreadPoolExecutor.java:624) [?:1.8.0_212]
	at java.lang.Thread.run(Thread.java:748) [?:1.8.0_212]
01:09:47.223 [grpc-default-executor-6] ERROR DNAudit - user=null | ip=null | op=WRITE_CHUNK {blockData=conID: 1 locID: 102437131445993483 bcsId: 11} | ret=FAILURE
org.apache.hadoop.hdds.scm.container.common.helpers.ContainerNotOpenException: Container 1 in CLOSED state
	at org.apache.hadoop.ozone.container.common.impl.HddsDispatcher.validateContainerCommand(HddsDispatcher.java:408) ~[hadoop-hdds-container-service-0.5.0-SNAPSHOT.jar:?]
	at org.apache.hadoop.ozone.container.common.transport.server.ratis.ContainerStateMachine.startTransaction(ContainerStateMachine.java:271) ~[hadoop-hdds-container-service-0.5.0-SNAPSHOT.jar:?]
	at org.apache.ratis.server.impl.RaftServerImpl.submitClientRequestAsync(RaftServerImpl.java:566) ~[ratis-server-0.4.0-2337318-SNAPSHOT.jar:0.4.0-2337318-SNAPSHOT]
	at org.apache.ratis.server.impl.RaftServerProxy.lambda$submitClientRequestAsync$7(RaftServerProxy.java:333) ~[ratis-server-0.4.0-2337318-SNAPSHOT.jar:0.4.0-2337318-SNAPSHOT]
	at org.apache.ratis.server.impl.RaftServerProxy.lambda$null$5(RaftServerProxy.java:328) ~[ratis-server-0.4.0-2337318-SNAPSHOT.jar:0.4.0-2337318-SNAPSHOT]
	at org.apache.ratis.util.JavaUtils.callAsUnchecked(JavaUtils.java:109) ~[ratis-common-0.4.0-2337318-SNAPSHOT.jar:0.4.0-2337318-SNAPSHOT]
	at org.apache.ratis.server.impl.RaftServerProxy.lambda$submitRequest$6(RaftServerProxy.java:328) ~[ratis-server-0.4.0-2337318-SNAPSHOT.jar:0.4.0-2337318-SNAPSHOT]
	at java.util.concurrent.CompletableFuture.uniComposeStage(CompletableFuture.java:981) ~[?:1.8.0_212]
	at java.util.concurrent.CompletableFuture.thenCompose(CompletableFuture.java:2124) ~[?:1.8.0_212]
	at org.apache.ratis.server.impl.RaftServerProxy.submitRequest(RaftServerProxy.java:327) ~[ratis-server-0.4.0-2337318-SNAPSHOT.jar:0.4.0-2337318-SNAPSHOT]
	at org.apache.ratis.server.impl.RaftServerProxy.submitClientRequestAsync(RaftServerProxy.java:333) ~[ratis-server-0.4.0-2337318-SNAPSHOT.jar:0.4.0-2337318-SNAPSHOT]
	at org.apache.ratis.grpc.client.GrpcClientProtocolService$RequestStreamObserver.processClientRequest(GrpcClientProtocolService.java:220) ~[ratis-grpc-0.4.0-2337318-SNAPSHOT.jar:0.4.0-2337318-SNAPSHOT]
	at org.apache.ratis.grpc.client.GrpcClientProtocolService$OrderedRequestStreamObserver.processClientRequest(GrpcClientProtocolService.java:326) ~[ratis-grpc-0.4.0-2337318-SNAPSHOT.jar:0.4.0-2337318-SNAPSHOT]
	at org.apache.ratis.util.SlidingWindow$Server.processRequestsFromHead(SlidingWindow.java:429) [ratis-common-0.4.0-2337318-SNAPSHOT.jar:0.4.0-2337318-SNAPSHOT]
	at org.apache.ratis.util.SlidingWindow$Server.receivedRequest(SlidingWindow.java:421) [ratis-common-0.4.0-2337318-SNAPSHOT.jar:0.4.0-2337318-SNAPSHOT]
	at org.apache.ratis.grpc.client.GrpcClientProtocolService$OrderedRequestStreamObserver.processClientRequest(GrpcClientProtocolService.java:345) [ratis-grpc-0.4.0-2337318-SNAPSHOT.jar:0.4.0-2337318-SNAPSHOT]
	at org.apache.ratis.grpc.client.GrpcClientProtocolService$RequestStreamObserver.onNext(GrpcClientProtocolService.java:240) [ratis-grpc-0.4.0-2337318-SNAPSHOT.jar:0.4.0-2337318-SNAPSHOT]
	at org.apache.ratis.grpc.client.GrpcClientProtocolService$RequestStreamObserver.onNext(GrpcClientProtocolService.java:168) [ratis-grpc-0.4.0-2337318-SNAPSHOT.jar:0.4.0-2337318-SNAPSHOT]
	at org.apache.ratis.thirdparty.io.grpc.stub.ServerCalls$StreamingServerCallHandler$StreamingServerCallListener.onMessage(ServerCalls.java:248) [ratis-thirdparty-misc-0.2.0.jar:0.2.0]
	at org.apache.ratis.thirdparty.io.grpc.internal.ServerCallImpl$ServerStreamListenerImpl.messagesAvailable(ServerCallImpl.java:263) [ratis-thirdparty-misc-0.2.0.jar:0.2.0]
	at org.apache.ratis.thirdparty.io.grpc.internal.ServerImpl$JumpToApplicationThreadServerStreamListener$1MessagesAvailable.runInContext(ServerImpl.java:686) [ratis-thirdparty-misc-0.2.0.jar:0.2.0]
	at org.apache.ratis.thirdparty.io.grpc.internal.ContextRunnable.run(ContextRunnable.java:37) [ratis-thirdparty-misc-0.2.0.jar:0.2.0]
	at org.apache.ratis.thirdparty.io.grpc.internal.SerializingExecutor.run(SerializingExecutor.java:123) [ratis-thirdparty-misc-0.2.0.jar:0.2.0]
	at java.util.concurrent.ThreadPoolExecutor.runWorker(ThreadPoolExecutor.java:1149) [?:1.8.0_212]
	at java.util.concurrent.ThreadPoolExecutor$Worker.run(ThreadPoolExecutor.java:624) [?:1.8.0_212]
	at java.lang.Thread.run(Thread.java:748) [?:1.8.0_212]
2019-07-14 01:09:47,230 INFO  client.GrpcClientProtocolClient (GrpcClientProtocolClient.java:onNext(255)) - client-3FEE897FE353->b338756c-272d-4fbc-ba6b-fd9ad5b86257: receive RaftClientReply:client-3FEE897FE353->b338756c-272d-4fbc-ba6b-fd9ad5b86257@group-2B8C17D7FDF0, cid=143, FAILED org.apache.ratis.protocol.StateMachineException: org.apache.hadoop.hdds.scm.container.common.helpers.ContainerNotOpenException from Server b338756c-272d-4fbc-ba6b-fd9ad5b86257: Container 1 in CLOSED state, logIndex=0, commits[b338756c-272d-4fbc-ba6b-fd9ad5b86257:c14]
2019-07-14 01:09:47,238 INFO  client.GrpcClientProtocolClient (GrpcClientProtocolClient.java:onNext(255)) - client-3FEE897FE353->b338756c-272d-4fbc-ba6b-fd9ad5b86257: receive RaftClientReply:client-3FEE897FE353->b338756c-272d-4fbc-ba6b-fd9ad5b86257@group-2B8C17D7FDF0, cid=144, FAILED org.apache.ratis.protocol.StateMachineException: org.apache.hadoop.hdds.scm.container.common.helpers.ContainerNotOpenException from Server b338756c-272d-4fbc-ba6b-fd9ad5b86257: Container 1 in CLOSED state, logIndex=0, commits[b338756c-272d-4fbc-ba6b-fd9ad5b86257:c14]
01:09:47.238 [grpc-default-executor-6] ERROR DNAudit - user=null | ip=null | op=WRITE_CHUNK {blockData=conID: 1 locID: 102437131445993483 bcsId: 11} | ret=FAILURE
org.apache.hadoop.hdds.scm.container.common.helpers.ContainerNotOpenException: Container 1 in CLOSED state
	at org.apache.hadoop.ozone.container.common.impl.HddsDispatcher.validateContainerCommand(HddsDispatcher.java:408) ~[hadoop-hdds-container-service-0.5.0-SNAPSHOT.jar:?]
	at org.apache.hadoop.ozone.container.common.transport.server.ratis.ContainerStateMachine.startTransaction(ContainerStateMachine.java:271) ~[hadoop-hdds-container-service-0.5.0-SNAPSHOT.jar:?]
	at org.apache.ratis.server.impl.RaftServerImpl.submitClientRequestAsync(RaftServerImpl.java:566) ~[ratis-server-0.4.0-2337318-SNAPSHOT.jar:0.4.0-2337318-SNAPSHOT]
	at org.apache.ratis.server.impl.RaftServerProxy.lambda$submitClientRequestAsync$7(RaftServerProxy.java:333) ~[ratis-server-0.4.0-2337318-SNAPSHOT.jar:0.4.0-2337318-SNAPSHOT]
	at org.apache.ratis.server.impl.RaftServerProxy.lambda$null$5(RaftServerProxy.java:328) ~[ratis-server-0.4.0-2337318-SNAPSHOT.jar:0.4.0-2337318-SNAPSHOT]
	at org.apache.ratis.util.JavaUtils.callAsUnchecked(JavaUtils.java:109) ~[ratis-common-0.4.0-2337318-SNAPSHOT.jar:0.4.0-2337318-SNAPSHOT]
	at org.apache.ratis.server.impl.RaftServerProxy.lambda$submitRequest$6(RaftServerProxy.java:328) ~[ratis-server-0.4.0-2337318-SNAPSHOT.jar:0.4.0-2337318-SNAPSHOT]
	at java.util.concurrent.CompletableFuture.uniComposeStage(CompletableFuture.java:981) ~[?:1.8.0_212]
	at java.util.concurrent.CompletableFuture.thenCompose(CompletableFuture.java:2124) ~[?:1.8.0_212]
	at org.apache.ratis.server.impl.RaftServerProxy.submitRequest(RaftServerProxy.java:327) ~[ratis-server-0.4.0-2337318-SNAPSHOT.jar:0.4.0-2337318-SNAPSHOT]
	at org.apache.ratis.server.impl.RaftServerProxy.submitClientRequestAsync(RaftServerProxy.java:333) ~[ratis-server-0.4.0-2337318-SNAPSHOT.jar:0.4.0-2337318-SNAPSHOT]
	at org.apache.ratis.grpc.client.GrpcClientProtocolService$RequestStreamObserver.processClientRequest(GrpcClientProtocolService.java:220) ~[ratis-grpc-0.4.0-2337318-SNAPSHOT.jar:0.4.0-2337318-SNAPSHOT]
	at org.apache.ratis.grpc.client.GrpcClientProtocolService$OrderedRequestStreamObserver.processClientRequest(GrpcClientProtocolService.java:326) ~[ratis-grpc-0.4.0-2337318-SNAPSHOT.jar:0.4.0-2337318-SNAPSHOT]
	at org.apache.ratis.util.SlidingWindow$Server.processRequestsFromHead(SlidingWindow.java:429) [ratis-common-0.4.0-2337318-SNAPSHOT.jar:0.4.0-2337318-SNAPSHOT]
	at org.apache.ratis.util.SlidingWindow$Server.receivedRequest(SlidingWindow.java:421) [ratis-common-0.4.0-2337318-SNAPSHOT.jar:0.4.0-2337318-SNAPSHOT]
	at org.apache.ratis.grpc.client.GrpcClientProtocolService$OrderedRequestStreamObserver.processClientRequest(GrpcClientProtocolService.java:345) [ratis-grpc-0.4.0-2337318-SNAPSHOT.jar:0.4.0-2337318-SNAPSHOT]
	at org.apache.ratis.grpc.client.GrpcClientProtocolService$RequestStreamObserver.onNext(GrpcClientProtocolService.java:240) [ratis-grpc-0.4.0-2337318-SNAPSHOT.jar:0.4.0-2337318-SNAPSHOT]
	at org.apache.ratis.grpc.client.GrpcClientProtocolService$RequestStreamObserver.onNext(GrpcClientProtocolService.java:168) [ratis-grpc-0.4.0-2337318-SNAPSHOT.jar:0.4.0-2337318-SNAPSHOT]
	at org.apache.ratis.thirdparty.io.grpc.stub.ServerCalls$StreamingServerCallHandler$StreamingServerCallListener.onMessage(ServerCalls.java:248) [ratis-thirdparty-misc-0.2.0.jar:0.2.0]
	at org.apache.ratis.thirdparty.io.grpc.internal.ServerCallImpl$ServerStreamListenerImpl.messagesAvailable(ServerCallImpl.java:263) [ratis-thirdparty-misc-0.2.0.jar:0.2.0]
	at org.apache.ratis.thirdparty.io.grpc.internal.ServerImpl$JumpToApplicationThreadServerStreamListener$1MessagesAvailable.runInContext(ServerImpl.java:686) [ratis-thirdparty-misc-0.2.0.jar:0.2.0]
	at org.apache.ratis.thirdparty.io.grpc.internal.ContextRunnable.run(ContextRunnable.java:37) [ratis-thirdparty-misc-0.2.0.jar:0.2.0]
	at org.apache.ratis.thirdparty.io.grpc.internal.SerializingExecutor.run(SerializingExecutor.java:123) [ratis-thirdparty-misc-0.2.0.jar:0.2.0]
	at java.util.concurrent.ThreadPoolExecutor.runWorker(ThreadPoolExecutor.java:1149) [?:1.8.0_212]
	at java.util.concurrent.ThreadPoolExecutor$Worker.run(ThreadPoolExecutor.java:624) [?:1.8.0_212]
	at java.lang.Thread.run(Thread.java:748) [?:1.8.0_212]
2019-07-14 01:09:47,244 INFO  client.GrpcClientProtocolClient (GrpcClientProtocolClient.java:onNext(255)) - client-3FEE897FE353->b338756c-272d-4fbc-ba6b-fd9ad5b86257: receive RaftClientReply:client-3FEE897FE353->b338756c-272d-4fbc-ba6b-fd9ad5b86257@group-2B8C17D7FDF0, cid=145, FAILED org.apache.ratis.protocol.StateMachineException: org.apache.hadoop.hdds.scm.container.common.helpers.ContainerNotOpenException from Server b338756c-272d-4fbc-ba6b-fd9ad5b86257: Container 1 in CLOSED state, logIndex=0, commits[b338756c-272d-4fbc-ba6b-fd9ad5b86257:c14]
01:09:47.248 [grpc-default-executor-6] ERROR DNAudit - user=null | ip=null | op=PUT_BLOCK {blockData=[blockId=conID: 1 locID: 102437131445993483 bcsId: 0,size=800]} | ret=FAILURE
org.apache.hadoop.hdds.scm.container.common.helpers.ContainerNotOpenException: Container 1 in CLOSED state
	at org.apache.hadoop.ozone.container.common.impl.HddsDispatcher.validateContainerCommand(HddsDispatcher.java:408) ~[hadoop-hdds-container-service-0.5.0-SNAPSHOT.jar:?]
	at org.apache.hadoop.ozone.container.common.transport.server.ratis.ContainerStateMachine.startTransaction(ContainerStateMachine.java:271) ~[hadoop-hdds-container-service-0.5.0-SNAPSHOT.jar:?]
	at org.apache.ratis.server.impl.RaftServerImpl.submitClientRequestAsync(RaftServerImpl.java:566) ~[ratis-server-0.4.0-2337318-SNAPSHOT.jar:0.4.0-2337318-SNAPSHOT]
	at org.apache.ratis.server.impl.RaftServerProxy.lambda$submitClientRequestAsync$7(RaftServerProxy.java:333) ~[ratis-server-0.4.0-2337318-SNAPSHOT.jar:0.4.0-2337318-SNAPSHOT]
	at org.apache.ratis.server.impl.RaftServerProxy.lambda$null$5(RaftServerProxy.java:328) ~[ratis-server-0.4.0-2337318-SNAPSHOT.jar:0.4.0-2337318-SNAPSHOT]
	at org.apache.ratis.util.JavaUtils.callAsUnchecked(JavaUtils.java:109) ~[ratis-common-0.4.0-2337318-SNAPSHOT.jar:0.4.0-2337318-SNAPSHOT]
	at org.apache.ratis.server.impl.RaftServerProxy.lambda$submitRequest$6(RaftServerProxy.java:328) ~[ratis-server-0.4.0-2337318-SNAPSHOT.jar:0.4.0-2337318-SNAPSHOT]
	at java.util.concurrent.CompletableFuture.uniComposeStage(CompletableFuture.java:981) ~[?:1.8.0_212]
	at java.util.concurrent.CompletableFuture.thenCompose(CompletableFuture.java:2124) ~[?:1.8.0_212]
	at org.apache.ratis.server.impl.RaftServerProxy.submitRequest(RaftServerProxy.java:327) ~[ratis-server-0.4.0-2337318-SNAPSHOT.jar:0.4.0-2337318-SNAPSHOT]
	at org.apache.ratis.server.impl.RaftServerProxy.submitClientRequestAsync(RaftServerProxy.java:333) ~[ratis-server-0.4.0-2337318-SNAPSHOT.jar:0.4.0-2337318-SNAPSHOT]
	at org.apache.ratis.grpc.client.GrpcClientProtocolService$RequestStreamObserver.processClientRequest(GrpcClientProtocolService.java:220) ~[ratis-grpc-0.4.0-2337318-SNAPSHOT.jar:0.4.0-2337318-SNAPSHOT]
	at org.apache.ratis.grpc.client.GrpcClientProtocolService$OrderedRequestStreamObserver.processClientRequest(GrpcClientProtocolService.java:326) ~[ratis-grpc-0.4.0-2337318-SNAPSHOT.jar:0.4.0-2337318-SNAPSHOT]
	at org.apache.ratis.util.SlidingWindow$Server.processRequestsFromHead(SlidingWindow.java:429) [ratis-common-0.4.0-2337318-SNAPSHOT.jar:0.4.0-2337318-SNAPSHOT]
	at org.apache.ratis.util.SlidingWindow$Server.receivedRequest(SlidingWindow.java:421) [ratis-common-0.4.0-2337318-SNAPSHOT.jar:0.4.0-2337318-SNAPSHOT]
	at org.apache.ratis.grpc.client.GrpcClientProtocolService$OrderedRequestStreamObserver.processClientRequest(GrpcClientProtocolService.java:345) [ratis-grpc-0.4.0-2337318-SNAPSHOT.jar:0.4.0-2337318-SNAPSHOT]
	at org.apache.ratis.grpc.client.GrpcClientProtocolService$RequestStreamObserver.onNext(GrpcClientProtocolService.java:240) [ratis-grpc-0.4.0-2337318-SNAPSHOT.jar:0.4.0-2337318-SNAPSHOT]
	at org.apache.ratis.grpc.client.GrpcClientProtocolService$RequestStreamObserver.onNext(GrpcClientProtocolService.java:168) [ratis-grpc-0.4.0-2337318-SNAPSHOT.jar:0.4.0-2337318-SNAPSHOT]
	at org.apache.ratis.thirdparty.io.grpc.stub.ServerCalls$StreamingServerCallHandler$StreamingServerCallListener.onMessage(ServerCalls.java:248) [ratis-thirdparty-misc-0.2.0.jar:0.2.0]
	at org.apache.ratis.thirdparty.io.grpc.internal.ServerCallImpl$ServerStreamListenerImpl.messagesAvailable(ServerCallImpl.java:263) [ratis-thirdparty-misc-0.2.0.jar:0.2.0]
	at org.apache.ratis.thirdparty.io.grpc.internal.ServerImpl$JumpToApplicationThreadServerStreamListener$1MessagesAvailable.runInContext(ServerImpl.java:686) [ratis-thirdparty-misc-0.2.0.jar:0.2.0]
	at org.apache.ratis.thirdparty.io.grpc.internal.ContextRunnable.run(ContextRunnable.java:37) [ratis-thirdparty-misc-0.2.0.jar:0.2.0]
	at org.apache.ratis.thirdparty.io.grpc.internal.SerializingExecutor.run(SerializingExecutor.java:123) [ratis-thirdparty-misc-0.2.0.jar:0.2.0]
	at java.util.concurrent.ThreadPoolExecutor.runWorker(ThreadPoolExecutor.java:1149) [?:1.8.0_212]
	at java.util.concurrent.ThreadPoolExecutor$Worker.run(ThreadPoolExecutor.java:624) [?:1.8.0_212]
	at java.lang.Thread.run(Thread.java:748) [?:1.8.0_212]
2019-07-14 01:09:47,249 INFO  client.GrpcClientProtocolClient (GrpcClientProtocolClient.java:onNext(255)) - client-3FEE897FE353->b338756c-272d-4fbc-ba6b-fd9ad5b86257: receive RaftClientReply:client-3FEE897FE353->b338756c-272d-4fbc-ba6b-fd9ad5b86257@group-2B8C17D7FDF0, cid=146, FAILED org.apache.ratis.protocol.StateMachineException: org.apache.hadoop.hdds.scm.container.common.helpers.ContainerNotOpenException from Server b338756c-272d-4fbc-ba6b-fd9ad5b86257: Container 1 in CLOSED state, logIndex=0, commits[b338756c-272d-4fbc-ba6b-fd9ad5b86257:c14]
2019-07-14 01:09:47,257 INFO  client.GrpcClientProtocolClient (GrpcClientProtocolClient.java:onNext(255)) - client-3FEE897FE353->b338756c-272d-4fbc-ba6b-fd9ad5b86257: receive RaftClientReply:client-3FEE897FE353->b338756c-272d-4fbc-ba6b-fd9ad5b86257@group-2B8C17D7FDF0, cid=147, FAILED org.apache.ratis.protocol.StateMachineException: org.apache.hadoop.hdds.scm.container.common.helpers.ContainerNotOpenException from Server b338756c-272d-4fbc-ba6b-fd9ad5b86257: Container 1 in CLOSED state, logIndex=0, commits[b338756c-272d-4fbc-ba6b-fd9ad5b86257:c14]
2019-07-14 01:09:47,369 INFO  client.GrpcClientProtocolClient (GrpcClientProtocolClient.java:onNext(255)) - client-A42597FCF4C1->a204c9d6-107a-4db2-9ede-40ca7b317c59: receive RaftClientReply:client-A42597FCF4C1->a204c9d6-107a-4db2-9ede-40ca7b317c59@group-BF76942FD920, cid=148, SUCCESS, logIndex=1, commits[a204c9d6-107a-4db2-9ede-40ca7b317c59:c1]
2019-07-14 01:09:47,393 INFO  client.GrpcClientProtocolClient (GrpcClientProtocolClient.java:onNext(255)) - client-A42597FCF4C1->a204c9d6-107a-4db2-9ede-40ca7b317c59: receive RaftClientReply:client-A42597FCF4C1->a204c9d6-107a-4db2-9ede-40ca7b317c59@group-BF76942FD920, cid=149, SUCCESS, logIndex=3, commits[a204c9d6-107a-4db2-9ede-40ca7b317c59:c7]
2019-07-14 01:09:47,469 INFO  client.GrpcClientProtocolClient (GrpcClientProtocolClient.java:onNext(255)) - client-A42597FCF4C1->a204c9d6-107a-4db2-9ede-40ca7b317c59: receive RaftClientReply:client-A42597FCF4C1->a204c9d6-107a-4db2-9ede-40ca7b317c59@group-BF76942FD920, cid=150, SUCCESS, logIndex=4, commits[a204c9d6-107a-4db2-9ede-40ca7b317c59:c9]
2019-07-14 01:09:47,469 INFO  client.GrpcClientProtocolClient (GrpcClientProtocolClient.java:onNext(255)) - client-A42597FCF4C1->a204c9d6-107a-4db2-9ede-40ca7b317c59: receive RaftClientReply:client-A42597FCF4C1->a204c9d6-107a-4db2-9ede-40ca7b317c59@group-BF76942FD920, cid=151, SUCCESS, logIndex=5, commits[a204c9d6-107a-4db2-9ede-40ca7b317c59:c9]
2019-07-14 01:09:47,478 INFO  client.GrpcClientProtocolClient (GrpcClientProtocolClient.java:onNext(255)) - client-A42597FCF4C1->a204c9d6-107a-4db2-9ede-40ca7b317c59: receive RaftClientReply:client-A42597FCF4C1->a204c9d6-107a-4db2-9ede-40ca7b317c59@group-BF76942FD920, cid=152, SUCCESS, logIndex=6, commits[a204c9d6-107a-4db2-9ede-40ca7b317c59:c9]
2019-07-14 01:09:47,479 INFO  client.GrpcClientProtocolClient (GrpcClientProtocolClient.java:onNext(255)) - client-A42597FCF4C1->a204c9d6-107a-4db2-9ede-40ca7b317c59: receive RaftClientReply:client-A42597FCF4C1->a204c9d6-107a-4db2-9ede-40ca7b317c59@group-BF76942FD920, cid=153, SUCCESS, logIndex=7, commits[a204c9d6-107a-4db2-9ede-40ca7b317c59:c9]
2019-07-14 01:09:47,498 INFO  client.GrpcClientProtocolClient (GrpcClientProtocolClient.java:onNext(255)) - client-A42597FCF4C1->a204c9d6-107a-4db2-9ede-40ca7b317c59: receive RaftClientReply:client-A42597FCF4C1->a204c9d6-107a-4db2-9ede-40ca7b317c59@group-BF76942FD920, cid=154, SUCCESS, logIndex=10, commits[a204c9d6-107a-4db2-9ede-40ca7b317c59:c11]
2019-07-14 01:09:47,499 INFO  client.GrpcClientProtocolClient (GrpcClientProtocolClient.java:onNext(255)) - client-A42597FCF4C1->a204c9d6-107a-4db2-9ede-40ca7b317c59: receive RaftClientReply:client-A42597FCF4C1->a204c9d6-107a-4db2-9ede-40ca7b317c59@group-BF76942FD920, cid=155, SUCCESS, logIndex=11, commits[a204c9d6-107a-4db2-9ede-40ca7b317c59:c13]
2019-07-14 01:09:47,516 INFO  pipeline.Pipeline (Pipeline.java:getProtobufMessage(195)) - Serialize pipeline PipelineID=5062c3a2-6aff-4242-81a5-bf76942fd920 with nodesInOrder{ }
2019-07-14 01:09:47,517 INFO  ozone.MiniOzoneClusterImpl (MiniOzoneClusterImpl.java:shutdown(321)) - Shutting down the Mini Ozone Cluster
2019-07-14 01:09:47,517 INFO  ozone.MiniOzoneClusterImpl (MiniOzoneClusterImpl.java:stop(336)) - Stopping the Mini Ozone Cluster
2019-07-14 01:09:47,517 INFO  ozone.MiniOzoneClusterImpl (MiniOzoneClusterImpl.java:stop(338)) - Stopping the OzoneManager
2019-07-14 01:09:47,518 INFO  ipc.Server (Server.java:stop(3082)) - Stopping server on 43840
2019-07-14 01:09:47,523 INFO  ipc.Server (Server.java:run(1185)) - Stopping IPC Server listener on 43840
2019-07-14 01:09:47,523 INFO  ipc.Server (Server.java:run(1319)) - Stopping IPC Server Responder
2019-07-14 01:09:47,523 INFO  utils.BackgroundService (BackgroundService.java:shutdown(148)) - Shutting down service KeyDeletingService
2019-07-14 01:09:47,545 INFO  handler.ContextHandler (ContextHandler.java:doStop(910)) - Stopped o.e.j.w.WebAppContext@66576bd2{/,null,UNAVAILABLE}{/ozoneManager}
2019-07-14 01:09:47,546 INFO  server.AbstractConnector (AbstractConnector.java:doStop(318)) - Stopped ServerConnector@51bc649e{HTTP/1.1,[http/1.1]}{0.0.0.0:0}
2019-07-14 01:09:47,546 INFO  handler.ContextHandler (ContextHandler.java:doStop(910)) - Stopped o.e.j.s.ServletContextHandler@71ac5723{/static,file:///tmp/workdir/hadoop-ozone/integration-test/target/test-classes/webapps/static,UNAVAILABLE}
2019-07-14 01:09:47,546 INFO  handler.ContextHandler (ContextHandler.java:doStop(910)) - Stopped o.e.j.s.ServletContextHandler@294bb6ae{/logs,file:///tmp/workdir/hadoop-ozone/integration-test/target/log,UNAVAILABLE}
2019-07-14 01:09:47,560 INFO  ozone.MiniOzoneClusterImpl (MiniOzoneClusterImpl.java:stop(344)) - Shutting the HddsDatanodes
2019-07-14 01:09:47,560 INFO  datanode.ObjectStoreHandler (ObjectStoreHandler.java:close(155)) - Closing ObjectStoreHandler.
2019-07-14 01:09:47,560 INFO  datanode.ObjectStoreHandler (ObjectStoreHandler.java:close(155)) - Closing ObjectStoreHandler.
2019-07-14 01:09:47,561 INFO  ozone.HddsDatanodeService (HddsDatanodeService.java:stop(452)) - Stopped plug-in org.apache.hadoop.ozone.web.OzoneHddsDatanodeService@15251cc2
2019-07-14 01:09:47,561 INFO  ozone.HddsDatanodeService (HddsDatanodeService.java:stop(452)) - Stopped plug-in org.apache.hadoop.ozone.web.OzoneHddsDatanodeService@125ba798
2019-07-14 01:09:48,100 INFO  statemachine.DatanodeStateMachine (DatanodeStateMachine.java:lambda$startDaemon$0(350)) - Ozone container server started.
2019-07-14 01:09:48,478 INFO  statemachine.DatanodeStateMachine (DatanodeStateMachine.java:lambda$startDaemon$0(350)) - Ozone container server started.
2019-07-14 01:09:52,133 INFO  node.StaleNodeHandler (StaleNodeHandler.java:onMessage(58)) - Datanode b338756c-272d-4fbc-ba6b-fd9ad5b86257{ip: 192.168.157.230, host: trunk-nightly-sxkq5-3320257302, networkLocation: /default-rack, certSerialId: null} moved to stale state. Finalizing its pipelines [PipelineID=7fc57224-244b-45cf-aae3-0b3027f1c3cf, PipelineID=aba6b341-14cc-4fc6-bb7d-2b8c17d7fdf0]
2019-07-14 01:09:52,133 INFO  pipeline.SCMPipelineManager (SCMPipelineManager.java:finalizeAndDestroyPipeline(309)) - destroying pipeline:Pipeline[ Id: 7fc57224-244b-45cf-aae3-0b3027f1c3cf, Nodes: 29b3a5ee-a8ee-48df-86dc-60a09c8041c8{ip: 192.168.157.230, host: trunk-nightly-sxkq5-3320257302, networkLocation: /default-rack, certSerialId: null}861f153f-e820-476e-8303-b9b1a9fb932e{ip: 192.168.157.230, host: trunk-nightly-sxkq5-3320257302, networkLocation: /default-rack, certSerialId: null}b338756c-272d-4fbc-ba6b-fd9ad5b86257{ip: 192.168.157.230, host: trunk-nightly-sxkq5-3320257302, networkLocation: /default-rack, certSerialId: null}, Type:RATIS, Factor:THREE, State:OPEN]
2019-07-14 01:09:52,133 INFO  pipeline.PipelineStateManager (PipelineStateManager.java:finalizePipeline(123)) - Pipeline Pipeline[ Id: 7fc57224-244b-45cf-aae3-0b3027f1c3cf, Nodes: 29b3a5ee-a8ee-48df-86dc-60a09c8041c8{ip: 192.168.157.230, host: trunk-nightly-sxkq5-3320257302, networkLocation: /default-rack, certSerialId: null}861f153f-e820-476e-8303-b9b1a9fb932e{ip: 192.168.157.230, host: trunk-nightly-sxkq5-3320257302, networkLocation: /default-rack, certSerialId: null}b338756c-272d-4fbc-ba6b-fd9ad5b86257{ip: 192.168.157.230, host: trunk-nightly-sxkq5-3320257302, networkLocation: /default-rack, certSerialId: null}, Type:RATIS, Factor:THREE, State:CLOSED] moved to CLOSED state
2019-07-14 01:09:52,133 INFO  pipeline.SCMPipelineManager (SCMPipelineManager.java:finalizeAndDestroyPipeline(309)) - destroying pipeline:Pipeline[ Id: aba6b341-14cc-4fc6-bb7d-2b8c17d7fdf0, Nodes: b338756c-272d-4fbc-ba6b-fd9ad5b86257{ip: 192.168.157.230, host: trunk-nightly-sxkq5-3320257302, networkLocation: /default-rack, certSerialId: null}, Type:RATIS, Factor:ONE, State:OPEN]
2019-07-14 01:09:52,134 INFO  pipeline.PipelineStateManager (PipelineStateManager.java:finalizePipeline(123)) - Pipeline Pipeline[ Id: aba6b341-14cc-4fc6-bb7d-2b8c17d7fdf0, Nodes: b338756c-272d-4fbc-ba6b-fd9ad5b86257{ip: 192.168.157.230, host: trunk-nightly-sxkq5-3320257302, networkLocation: /default-rack, certSerialId: null}, Type:RATIS, Factor:ONE, State:CLOSED] moved to CLOSED state
2019-07-14 01:09:52,533 INFO  node.StaleNodeHandler (StaleNodeHandler.java:onMessage(58)) - Datanode 8cb4b762-5597-4ade-ab14-b4ebb9e958cf{ip: 192.168.157.230, host: trunk-nightly-sxkq5-3320257302, networkLocation: /default-rack, certSerialId: null} moved to stale state. Finalizing its pipelines [PipelineID=68cb98cd-f256-4dc5-bcec-60516799bef2, PipelineID=132215eb-4699-42b5-8a2a-5b341c9352d4]
2019-07-14 01:09:52,533 INFO  pipeline.SCMPipelineManager (SCMPipelineManager.java:finalizeAndDestroyPipeline(309)) - destroying pipeline:Pipeline[ Id: 68cb98cd-f256-4dc5-bcec-60516799bef2, Nodes: a204c9d6-107a-4db2-9ede-40ca7b317c59{ip: 192.168.157.230, host: trunk-nightly-sxkq5-3320257302, networkLocation: /default-rack, certSerialId: null}8cb4b762-5597-4ade-ab14-b4ebb9e958cf{ip: 192.168.157.230, host: trunk-nightly-sxkq5-3320257302, networkLocation: /default-rack, certSerialId: null}8fe6e7e0-7304-4bed-b7b6-ce570f033d10{ip: 192.168.157.230, host: trunk-nightly-sxkq5-3320257302, networkLocation: /default-rack, certSerialId: null}, Type:RATIS, Factor:THREE, State:OPEN]
2019-07-14 01:09:52,533 INFO  pipeline.PipelineStateManager (PipelineStateManager.java:finalizePipeline(123)) - Pipeline Pipeline[ Id: 68cb98cd-f256-4dc5-bcec-60516799bef2, Nodes: a204c9d6-107a-4db2-9ede-40ca7b317c59{ip: 192.168.157.230, host: trunk-nightly-sxkq5-3320257302, networkLocation: /default-rack, certSerialId: null}8cb4b762-5597-4ade-ab14-b4ebb9e958cf{ip: 192.168.157.230, host: trunk-nightly-sxkq5-3320257302, networkLocation: /default-rack, certSerialId: null}8fe6e7e0-7304-4bed-b7b6-ce570f033d10{ip: 192.168.157.230, host: trunk-nightly-sxkq5-3320257302, networkLocation: /default-rack, certSerialId: null}, Type:RATIS, Factor:THREE, State:CLOSED] moved to CLOSED state
2019-07-14 01:09:52,534 INFO  pipeline.SCMPipelineManager (SCMPipelineManager.java:finalizeAndDestroyPipeline(309)) - destroying pipeline:Pipeline[ Id: 132215eb-4699-42b5-8a2a-5b341c9352d4, Nodes: 8cb4b762-5597-4ade-ab14-b4ebb9e958cf{ip: 192.168.157.230, host: trunk-nightly-sxkq5-3320257302, networkLocation: /default-rack, certSerialId: null}, Type:RATIS, Factor:ONE, State:OPEN]
2019-07-14 01:09:52,534 INFO  pipeline.PipelineStateManager (PipelineStateManager.java:finalizePipeline(123)) - Pipeline Pipeline[ Id: 132215eb-4699-42b5-8a2a-5b341c9352d4, Nodes: 8cb4b762-5597-4ade-ab14-b4ebb9e958cf{ip: 192.168.157.230, host: trunk-nightly-sxkq5-3320257302, networkLocation: /default-rack, certSerialId: null}, Type:RATIS, Factor:ONE, State:CLOSED] moved to CLOSED state
2019-07-14 01:09:52,562 INFO  ozoneimpl.OzoneContainer (OzoneContainer.java:stop(199)) - Attempting to stop container services.
2019-07-14 01:09:52,562 INFO  ozoneimpl.OzoneContainer (OzoneContainer.java:stop(199)) - Attempting to stop container services.
2019-07-14 01:09:52,562 INFO  impl.RaftServerProxy (RaftServerProxy.java:lambda$close$4(314)) - 8cb4b762-5597-4ade-ab14-b4ebb9e958cf: close
2019-07-14 01:09:52,563 INFO  impl.RaftServerProxy (RaftServerProxy.java:lambda$close$4(314)) - b338756c-272d-4fbc-ba6b-fd9ad5b86257: close
2019-07-14 01:09:52,563 INFO  impl.RaftServerImpl (RaftServerImpl.java:lambda$shutdown$3(245)) - 8cb4b762-5597-4ade-ab14-b4ebb9e958cf: shutdown group-60516799BEF2
2019-07-14 01:09:52,564 INFO  util.JmxRegister (JmxRegister.java:unregister(73)) - Successfully un-registered JMX Bean with object name Ratis:service=RaftServer,group=group-60516799BEF2,id=8cb4b762-5597-4ade-ab14-b4ebb9e958cf
2019-07-14 01:09:52,564 INFO  impl.RoleInfo (RoleInfo.java:shutdownFollowerState(121)) - 8cb4b762-5597-4ade-ab14-b4ebb9e958cf: shutdown FollowerState
2019-07-14 01:09:52,565 INFO  impl.StateMachineUpdater (StateMachineUpdater.java:stopAndJoin(115)) - StateMachineUpdater:8cb4b762-5597-4ade-ab14-b4ebb9e958cf:group-60516799BEF2: set stopIndex = 0
2019-07-14 01:09:52,563 INFO  impl.RaftServerImpl (RaftServerImpl.java:lambda$shutdown$3(245)) - b338756c-272d-4fbc-ba6b-fd9ad5b86257: shutdown group-0B3027F1C3CF
2019-07-14 01:09:52,565 INFO  impl.FollowerState (FollowerState.java:run(114)) - 8cb4b762-5597-4ade-ab14-b4ebb9e958cf: FollowerState was interrupted: java.lang.InterruptedException: sleep interrupted
2019-07-14 01:09:52,565 INFO  ratis.ContainerStateMachine (ContainerStateMachine.java:takeSnapshot(246)) - Taking snapshot at termIndex:(t:0, i:~)
2019-07-14 01:09:52,565 INFO  util.JmxRegister (JmxRegister.java:unregister(73)) - Successfully un-registered JMX Bean with object name Ratis:service=RaftServer,group=group-0B3027F1C3CF,id=b338756c-272d-4fbc-ba6b-fd9ad5b86257
2019-07-14 01:09:52,566 INFO  impl.RaftServerImpl (ServerState.java:close(394)) - 8cb4b762-5597-4ade-ab14-b4ebb9e958cf:group-60516799BEF2 closes. The last applied log index is 0
2019-07-14 01:09:52,566 INFO  impl.RoleInfo (RoleInfo.java:shutdownFollowerState(121)) - b338756c-272d-4fbc-ba6b-fd9ad5b86257: shutdown FollowerState
2019-07-14 01:09:52,567 INFO  segmented.SegmentedRaftLogWorker (SegmentedRaftLogWorker.java:run(313)) - 8cb4b762-5597-4ade-ab14-b4ebb9e958cf-SegmentedRaftLogWorker:Storage Directory /tmp/workdir/hadoop-ozone/integration-test/target/test-dir/MiniOzoneClusterImpl-be3e5e2d-80a6-43b2-9494-bdc454344409/datanode-4/data/ratis/68cb98cd-f256-4dc5-bcec-60516799bef2 was interrupted, exiting. There are 0 tasks remaining in the queue.
2019-07-14 01:09:52,567 INFO  impl.FollowerState (FollowerState.java:run(114)) - b338756c-272d-4fbc-ba6b-fd9ad5b86257: FollowerState was interrupted: java.lang.InterruptedException: sleep interrupted
2019-07-14 01:09:52,567 INFO  ratis.ContainerStateMachine (ContainerStateMachine.java:takeSnapshot(246)) - Taking snapshot at termIndex:(t:0, i:~)
2019-07-14 01:09:52,567 INFO  impl.StateMachineUpdater (StateMachineUpdater.java:stopAndJoin(115)) - StateMachineUpdater:b338756c-272d-4fbc-ba6b-fd9ad5b86257:group-0B3027F1C3CF: set stopIndex = 0
2019-07-14 01:09:52,571 INFO  segmented.SegmentedRaftLogWorker (SegmentedRaftLogWorker.java:close(228)) - 8cb4b762-5597-4ade-ab14-b4ebb9e958cf-SegmentedRaftLogWorker:Storage Directory /tmp/workdir/hadoop-ozone/integration-test/target/test-dir/MiniOzoneClusterImpl-be3e5e2d-80a6-43b2-9494-bdc454344409/datanode-4/data/ratis/68cb98cd-f256-4dc5-bcec-60516799bef2 close()
2019-07-14 01:09:52,571 INFO  impl.RaftServerImpl (ServerState.java:close(394)) - b338756c-272d-4fbc-ba6b-fd9ad5b86257:group-0B3027F1C3CF closes. The last applied log index is 0
2019-07-14 01:09:52,576 INFO  impl.RaftServerImpl (RaftServerImpl.java:lambda$shutdown$3(245)) - 8cb4b762-5597-4ade-ab14-b4ebb9e958cf: shutdown group-5B341C9352D4
2019-07-14 01:09:52,576 INFO  segmented.SegmentedRaftLogWorker (SegmentedRaftLogWorker.java:run(313)) - b338756c-272d-4fbc-ba6b-fd9ad5b86257-SegmentedRaftLogWorker:Storage Directory /tmp/workdir/hadoop-ozone/integration-test/target/test-dir/MiniOzoneClusterImpl-be3e5e2d-80a6-43b2-9494-bdc454344409/datanode-1/data/ratis/7fc57224-244b-45cf-aae3-0b3027f1c3cf was interrupted, exiting. There are 0 tasks remaining in the queue.
2019-07-14 01:09:52,577 INFO  util.JmxRegister (JmxRegister.java:unregister(73)) - Successfully un-registered JMX Bean with object name Ratis:service=RaftServer,group=group-5B341C9352D4,id=8cb4b762-5597-4ade-ab14-b4ebb9e958cf
2019-07-14 01:09:52,580 INFO  impl.RoleInfo (RoleInfo.java:shutdownLeaderState(104)) - 8cb4b762-5597-4ade-ab14-b4ebb9e958cf: shutdown LeaderState
2019-07-14 01:09:52,580 INFO  impl.PendingRequests (PendingRequests.java:sendNotLeaderResponses(202)) - 8cb4b762-5597-4ade-ab14-b4ebb9e958cf-PendingRequests: sendNotLeaderResponses
2019-07-14 01:09:52,581 INFO  impl.StateMachineUpdater (StateMachineUpdater.java:stopAndJoin(115)) - StateMachineUpdater:8cb4b762-5597-4ade-ab14-b4ebb9e958cf:group-5B341C9352D4: set stopIndex = 0
2019-07-14 01:09:52,581 INFO  ratis.ContainerStateMachine (ContainerStateMachine.java:takeSnapshot(246)) - Taking snapshot at termIndex:(t:0, i:~)
2019-07-14 01:09:52,581 INFO  impl.RaftServerImpl (ServerState.java:close(394)) - 8cb4b762-5597-4ade-ab14-b4ebb9e958cf:group-5B341C9352D4 closes. The last applied log index is 0
2019-07-14 01:09:52,582 INFO  segmented.SegmentedRaftLogWorker (SegmentedRaftLogWorker.java:run(313)) - 8cb4b762-5597-4ade-ab14-b4ebb9e958cf-SegmentedRaftLogWorker:Storage Directory /tmp/workdir/hadoop-ozone/integration-test/target/test-dir/MiniOzoneClusterImpl-be3e5e2d-80a6-43b2-9494-bdc454344409/datanode-4/data/ratis/132215eb-4699-42b5-8a2a-5b341c9352d4 was interrupted, exiting. There are 0 tasks remaining in the queue.
2019-07-14 01:09:52,584 INFO  segmented.SegmentedRaftLogWorker (SegmentedRaftLogWorker.java:close(228)) - b338756c-272d-4fbc-ba6b-fd9ad5b86257-SegmentedRaftLogWorker:Storage Directory /tmp/workdir/hadoop-ozone/integration-test/target/test-dir/MiniOzoneClusterImpl-be3e5e2d-80a6-43b2-9494-bdc454344409/datanode-1/data/ratis/7fc57224-244b-45cf-aae3-0b3027f1c3cf close()
2019-07-14 01:09:52,584 INFO  segmented.SegmentedRaftLogWorker (SegmentedRaftLogWorker.java:close(228)) - 8cb4b762-5597-4ade-ab14-b4ebb9e958cf-SegmentedRaftLogWorker:Storage Directory /tmp/workdir/hadoop-ozone/integration-test/target/test-dir/MiniOzoneClusterImpl-be3e5e2d-80a6-43b2-9494-bdc454344409/datanode-4/data/ratis/132215eb-4699-42b5-8a2a-5b341c9352d4 close()
2019-07-14 01:09:52,589 INFO  impl.RaftServerImpl (RaftServerImpl.java:lambda$shutdown$3(245)) - b338756c-272d-4fbc-ba6b-fd9ad5b86257: shutdown group-2B8C17D7FDF0
2019-07-14 01:09:52,594 INFO  server.GrpcService (GrpcService.java:closeImpl(155)) - 8cb4b762-5597-4ade-ab14-b4ebb9e958cf: shutdown server with port 37486 now
2019-07-14 01:09:52,594 INFO  util.JmxRegister (JmxRegister.java:unregister(73)) - Successfully un-registered JMX Bean with object name Ratis:service=RaftServer,group=group-2B8C17D7FDF0,id=b338756c-272d-4fbc-ba6b-fd9ad5b86257
2019-07-14 01:09:52,595 INFO  impl.RoleInfo (RoleInfo.java:shutdownLeaderState(104)) - b338756c-272d-4fbc-ba6b-fd9ad5b86257: shutdown LeaderState
2019-07-14 01:09:52,595 INFO  impl.PendingRequests (PendingRequests.java:sendNotLeaderResponses(202)) - b338756c-272d-4fbc-ba6b-fd9ad5b86257-PendingRequests: sendNotLeaderResponses
2019-07-14 01:09:52,595 WARN  server.GrpcServerProtocolService (LogUtils.java:warn(134)) - 8cb4b762-5597-4ade-ab14-b4ebb9e958cf: appendEntries onError: org.apache.ratis.thirdparty.io.grpc.StatusRuntimeException: CANCELLED: cancelled before receiving half close
2019-07-14 01:09:52,606 INFO  ratis.ContainerStateMachine (ContainerStateMachine.java:takeSnapshot(246)) - Taking snapshot at termIndex:(t:1, i:14)
2019-07-14 01:09:52,606 INFO  impl.StateMachineUpdater (StateMachineUpdater.java:stopAndJoin(115)) - StateMachineUpdater:b338756c-272d-4fbc-ba6b-fd9ad5b86257:group-2B8C17D7FDF0: set stopIndex = 14
2019-07-14 01:09:52,596 WARN  server.GrpcLogAppender (LogUtils.java:warn(134)) - a204c9d6-107a-4db2-9ede-40ca7b317c59->8cb4b762-5597-4ade-ab14-b4ebb9e958cf: Failed appendEntries: org.apache.ratis.thirdparty.io.grpc.StatusRuntimeException: CANCELLED: HTTP/2 error code: CANCEL
Received Rst Stream
2019-07-14 01:09:52,596 INFO  server.GrpcService (GrpcService.java:closeImpl(163)) - 8cb4b762-5597-4ade-ab14-b4ebb9e958cf: shutdown server with port 37486 successfully
2019-07-14 01:09:52,607 INFO  impl.FollowerInfo (FollowerInfo.java:lambda$new$0(50)) - a204c9d6-107a-4db2-9ede-40ca7b317c59->8cb4b762-5597-4ade-ab14-b4ebb9e958cf: nextIndex: updateUnconditionally 1 -> 0
2019-07-14 01:09:52,607 INFO  ratis.ContainerStateMachine (ContainerStateMachine.java:takeSnapshot(250)) - Taking a snapshot to file /tmp/workdir/hadoop-ozone/integration-test/target/test-dir/MiniOzoneClusterImpl-be3e5e2d-80a6-43b2-9494-bdc454344409/datanode-1/data/ratis/aba6b341-14cc-4fc6-bb7d-2b8c17d7fdf0/sm/snapshot.1_14
2019-07-14 01:09:52,609 INFO  utils.BackgroundService (BackgroundService.java:shutdown(148)) - Shutting down service BlockDeletingService
2019-07-14 01:09:52,609 INFO  impl.StateMachineUpdater (StateMachineUpdater.java:takeSnapshot(242)) - StateMachineUpdater:b338756c-272d-4fbc-ba6b-fd9ad5b86257:group-2B8C17D7FDF0: Took a snapshot at index 14
2019-07-14 01:09:52,609 INFO  impl.StateMachineUpdater (StateMachineUpdater.java:lambda$new$0(80)) - StateMachineUpdater:b338756c-272d-4fbc-ba6b-fd9ad5b86257:group-2B8C17D7FDF0: snapshotIndex: updateIncreasingly -1 -> 14
2019-07-14 01:09:52,609 INFO  impl.RaftServerImpl (ServerState.java:close(394)) - b338756c-272d-4fbc-ba6b-fd9ad5b86257:group-2B8C17D7FDF0 closes. The last applied log index is 14
2019-07-14 01:09:52,610 INFO  segmented.SegmentedRaftLogWorker (SegmentedRaftLogWorker.java:run(313)) - b338756c-272d-4fbc-ba6b-fd9ad5b86257-SegmentedRaftLogWorker:Storage Directory /tmp/workdir/hadoop-ozone/integration-test/target/test-dir/MiniOzoneClusterImpl-be3e5e2d-80a6-43b2-9494-bdc454344409/datanode-1/data/ratis/aba6b341-14cc-4fc6-bb7d-2b8c17d7fdf0 was interrupted, exiting. There are 0 tasks remaining in the queue.
2019-07-14 01:09:52,610 WARN  fs.CachingGetSpaceUsed (CachingGetSpaceUsed.java:run(183)) - Thread Interrupted waiting to refresh disk information: sleep interrupted
2019-07-14 01:09:52,613 INFO  segmented.SegmentedRaftLogWorker (SegmentedRaftLogWorker.java:close(228)) - b338756c-272d-4fbc-ba6b-fd9ad5b86257-SegmentedRaftLogWorker:Storage Directory /tmp/workdir/hadoop-ozone/integration-test/target/test-dir/MiniOzoneClusterImpl-be3e5e2d-80a6-43b2-9494-bdc454344409/datanode-1/data/ratis/aba6b341-14cc-4fc6-bb7d-2b8c17d7fdf0 close()
2019-07-14 01:09:52,617 INFO  server.GrpcService (GrpcService.java:closeImpl(155)) - b338756c-272d-4fbc-ba6b-fd9ad5b86257: shutdown server with port 40946 now
2019-07-14 01:09:52,618 WARN  server.GrpcServerProtocolService (LogUtils.java:warn(134)) - b338756c-272d-4fbc-ba6b-fd9ad5b86257: appendEntries onError: org.apache.ratis.thirdparty.io.grpc.StatusRuntimeException: CANCELLED: cancelled before receiving half close
2019-07-14 01:09:52,618 WARN  server.GrpcLogAppender (LogUtils.java:warn(134)) - 29b3a5ee-a8ee-48df-86dc-60a09c8041c8->b338756c-272d-4fbc-ba6b-fd9ad5b86257: Failed appendEntries: org.apache.ratis.thirdparty.io.grpc.StatusRuntimeException: CANCELLED: HTTP/2 error code: CANCEL
Received Rst Stream
2019-07-14 01:09:52,619 INFO  server.GrpcService (GrpcService.java:closeImpl(163)) - b338756c-272d-4fbc-ba6b-fd9ad5b86257: shutdown server with port 40946 successfully
2019-07-14 01:09:52,619 INFO  impl.FollowerInfo (FollowerInfo.java:lambda$new$0(50)) - 29b3a5ee-a8ee-48df-86dc-60a09c8041c8->b338756c-272d-4fbc-ba6b-fd9ad5b86257: nextIndex: updateUnconditionally 1 -> 0
2019-07-14 01:09:52,620 INFO  utils.BackgroundService (BackgroundService.java:shutdown(148)) - Shutting down service BlockDeletingService
2019-07-14 01:09:52,623 WARN  fs.CachingGetSpaceUsed (CachingGetSpaceUsed.java:run(183)) - Thread Interrupted waiting to refresh disk information: sleep interrupted
2019-07-14 01:09:52,639 INFO  statemachine.DatanodeStateMachine (DatanodeStateMachine.java:stopDaemon(395)) - Ozone container server stopped.
2019-07-14 01:09:52,640 INFO  handler.ContextHandler (ContextHandler.java:doStop(910)) - Stopped o.e.j.w.WebAppContext@6f70015{/,null,UNAVAILABLE}{/hddsDatanode}
2019-07-14 01:09:52,641 INFO  server.AbstractConnector (AbstractConnector.java:doStop(318)) - Stopped ServerConnector@1d5fc340{HTTP/1.1,[http/1.1]}{0.0.0.0:0}
2019-07-14 01:09:52,641 INFO  handler.ContextHandler (ContextHandler.java:doStop(910)) - Stopped o.e.j.s.ServletContextHandler@73476e2d{/static,jar:file:/home/user/.m2/repository/org/apache/hadoop/hadoop-hdds-container-service/0.5.0-SNAPSHOT/hadoop-hdds-container-service-0.5.0-SNAPSHOT.jar!/webapps/static,UNAVAILABLE}
2019-07-14 01:09:52,642 INFO  handler.ContextHandler (ContextHandler.java:doStop(910)) - Stopped o.e.j.s.ServletContextHandler@57edfa89{/logs,file:///tmp/workdir/hadoop-ozone/integration-test/target/log,UNAVAILABLE}
2019-07-14 01:09:52,643 INFO  datanode.ObjectStoreHandler (ObjectStoreHandler.java:close(155)) - Closing ObjectStoreHandler.
2019-07-14 01:09:52,647 INFO  ozone.HddsDatanodeService (HddsDatanodeService.java:stop(452)) - Stopped plug-in org.apache.hadoop.ozone.web.OzoneHddsDatanodeService@e30a8ef
2019-07-14 01:09:52,649 INFO  statemachine.DatanodeStateMachine (DatanodeStateMachine.java:stopDaemon(395)) - Ozone container server stopped.
2019-07-14 01:09:52,655 INFO  handler.ContextHandler (ContextHandler.java:doStop(910)) - Stopped o.e.j.w.WebAppContext@5d260494{/,null,UNAVAILABLE}{/hddsDatanode}
2019-07-14 01:09:52,656 INFO  server.AbstractConnector (AbstractConnector.java:doStop(318)) - Stopped ServerConnector@d43f205{HTTP/1.1,[http/1.1]}{0.0.0.0:0}
2019-07-14 01:09:52,658 INFO  handler.ContextHandler (ContextHandler.java:doStop(910)) - Stopped o.e.j.s.ServletContextHandler@5354bfce{/static,jar:file:/home/user/.m2/repository/org/apache/hadoop/hadoop-hdds-container-service/0.5.0-SNAPSHOT/hadoop-hdds-container-service-0.5.0-SNAPSHOT.jar!/webapps/static,UNAVAILABLE}
2019-07-14 01:09:52,660 INFO  handler.ContextHandler (ContextHandler.java:doStop(910)) - Stopped o.e.j.s.ServletContextHandler@34604b32{/logs,file:///tmp/workdir/hadoop-ozone/integration-test/target/log,UNAVAILABLE}
2019-07-14 01:09:52,661 INFO  datanode.ObjectStoreHandler (ObjectStoreHandler.java:close(155)) - Closing ObjectStoreHandler.
2019-07-14 01:09:52,661 INFO  ozone.HddsDatanodeService (HddsDatanodeService.java:stop(452)) - Stopped plug-in org.apache.hadoop.ozone.web.OzoneHddsDatanodeService@4202bfe8
2019-07-14 01:09:53,135 INFO  statemachine.DatanodeStateMachine (DatanodeStateMachine.java:lambda$startDaemon$0(350)) - Ozone container server started.
2019-07-14 01:09:53,349 INFO  statemachine.DatanodeStateMachine (DatanodeStateMachine.java:lambda$startDaemon$0(350)) - Ozone container server started.
2019-07-14 01:09:54,452 WARN  server.GrpcLogAppender (LogUtils.java:warn(134)) - 29b3a5ee-a8ee-48df-86dc-60a09c8041c8->b338756c-272d-4fbc-ba6b-fd9ad5b86257: Failed appendEntries: org.apache.ratis.thirdparty.io.grpc.StatusRuntimeException: UNAVAILABLE: io exception
2019-07-14 01:09:54,452 INFO  impl.FollowerInfo (FollowerInfo.java:lambda$new$0(50)) - 29b3a5ee-a8ee-48df-86dc-60a09c8041c8->b338756c-272d-4fbc-ba6b-fd9ad5b86257: nextIndex: updateUnconditionally 0 -> 0
2019-07-14 01:09:55,064 WARN  server.GrpcLogAppender (LogUtils.java:warn(134)) - a204c9d6-107a-4db2-9ede-40ca7b317c59->8cb4b762-5597-4ade-ab14-b4ebb9e958cf: Failed appendEntries: org.apache.ratis.thirdparty.io.grpc.StatusRuntimeException: UNAVAILABLE: io exception
2019-07-14 01:09:55,065 INFO  impl.FollowerInfo (FollowerInfo.java:lambda$new$0(50)) - a204c9d6-107a-4db2-9ede-40ca7b317c59->8cb4b762-5597-4ade-ab14-b4ebb9e958cf: nextIndex: updateUnconditionally 0 -> 0
2019-07-14 01:09:56,953 WARN  server.GrpcLogAppender (LogUtils.java:warn(134)) - 29b3a5ee-a8ee-48df-86dc-60a09c8041c8->b338756c-272d-4fbc-ba6b-fd9ad5b86257: Failed appendEntries: org.apache.ratis.thirdparty.io.grpc.StatusRuntimeException: UNAVAILABLE: io exception
2019-07-14 01:09:56,953 INFO  impl.FollowerInfo (FollowerInfo.java:lambda$new$0(50)) - 29b3a5ee-a8ee-48df-86dc-60a09c8041c8->b338756c-272d-4fbc-ba6b-fd9ad5b86257: nextIndex: updateUnconditionally 0 -> 0
2019-07-14 01:09:57,143 INFO  node.StaleNodeHandler (StaleNodeHandler.java:onMessage(58)) - Datanode 861f153f-e820-476e-8303-b9b1a9fb932e{ip: 192.168.157.230, host: trunk-nightly-sxkq5-3320257302, networkLocation: /default-rack, certSerialId: null} moved to stale state. Finalizing its pipelines [PipelineID=ec603e2d-f60e-41aa-b174-14d91a7bdce7, PipelineID=7fc57224-244b-45cf-aae3-0b3027f1c3cf]
2019-07-14 01:09:57,144 INFO  pipeline.SCMPipelineManager (SCMPipelineManager.java:finalizeAndDestroyPipeline(309)) - destroying pipeline:Pipeline[ Id: ec603e2d-f60e-41aa-b174-14d91a7bdce7, Nodes: 861f153f-e820-476e-8303-b9b1a9fb932e{ip: 192.168.157.230, host: trunk-nightly-sxkq5-3320257302, networkLocation: /default-rack, certSerialId: null}, Type:RATIS, Factor:ONE, State:OPEN]
2019-07-14 01:09:57,144 INFO  pipeline.PipelineStateManager (PipelineStateManager.java:finalizePipeline(123)) - Pipeline Pipeline[ Id: ec603e2d-f60e-41aa-b174-14d91a7bdce7, Nodes: 861f153f-e820-476e-8303-b9b1a9fb932e{ip: 192.168.157.230, host: trunk-nightly-sxkq5-3320257302, networkLocation: /default-rack, certSerialId: null}, Type:RATIS, Factor:ONE, State:CLOSED] moved to CLOSED state
2019-07-14 01:09:57,144 INFO  pipeline.SCMPipelineManager (SCMPipelineManager.java:finalizeAndDestroyPipeline(309)) - destroying pipeline:Pipeline[ Id: 7fc57224-244b-45cf-aae3-0b3027f1c3cf, Nodes: 29b3a5ee-a8ee-48df-86dc-60a09c8041c8{ip: 192.168.157.230, host: trunk-nightly-sxkq5-3320257302, networkLocation: /default-rack, certSerialId: null}861f153f-e820-476e-8303-b9b1a9fb932e{ip: 192.168.157.230, host: trunk-nightly-sxkq5-3320257302, networkLocation: /default-rack, certSerialId: null}b338756c-272d-4fbc-ba6b-fd9ad5b86257{ip: 192.168.157.230, host: trunk-nightly-sxkq5-3320257302, networkLocation: /default-rack, certSerialId: null}, Type:RATIS, Factor:THREE, State:CLOSED]
2019-07-14 01:09:57,444 INFO  node.StaleNodeHandler (StaleNodeHandler.java:onMessage(58)) - Datanode a204c9d6-107a-4db2-9ede-40ca7b317c59{ip: 192.168.157.230, host: trunk-nightly-sxkq5-3320257302, networkLocation: /default-rack, certSerialId: null} moved to stale state. Finalizing its pipelines [PipelineID=5062c3a2-6aff-4242-81a5-bf76942fd920, PipelineID=68cb98cd-f256-4dc5-bcec-60516799bef2]
2019-07-14 01:09:57,444 INFO  pipeline.SCMPipelineManager (SCMPipelineManager.java:finalizeAndDestroyPipeline(309)) - destroying pipeline:Pipeline[ Id: 5062c3a2-6aff-4242-81a5-bf76942fd920, Nodes: a204c9d6-107a-4db2-9ede-40ca7b317c59{ip: 192.168.157.230, host: trunk-nightly-sxkq5-3320257302, networkLocation: /default-rack, certSerialId: null}, Type:RATIS, Factor:ONE, State:OPEN]
2019-07-14 01:09:57,444 INFO  pipeline.PipelineStateManager (PipelineStateManager.java:finalizePipeline(123)) - Pipeline Pipeline[ Id: 5062c3a2-6aff-4242-81a5-bf76942fd920, Nodes: a204c9d6-107a-4db2-9ede-40ca7b317c59{ip: 192.168.157.230, host: trunk-nightly-sxkq5-3320257302, networkLocation: /default-rack, certSerialId: null}, Type:RATIS, Factor:ONE, State:CLOSED] moved to CLOSED state
2019-07-14 01:09:57,444 INFO  container.CloseContainerEventHandler (CloseContainerEventHandler.java:onMessage(61)) - Close container Event triggered for container : #2
2019-07-14 01:09:57,445 INFO  pipeline.SCMPipelineManager (SCMPipelineManager.java:finalizeAndDestroyPipeline(309)) - destroying pipeline:Pipeline[ Id: 68cb98cd-f256-4dc5-bcec-60516799bef2, Nodes: a204c9d6-107a-4db2-9ede-40ca7b317c59{ip: 192.168.157.230, host: trunk-nightly-sxkq5-3320257302, networkLocation: /default-rack, certSerialId: null}8cb4b762-5597-4ade-ab14-b4ebb9e958cf{ip: 192.168.157.230, host: trunk-nightly-sxkq5-3320257302, networkLocation: /default-rack, certSerialId: null}8fe6e7e0-7304-4bed-b7b6-ce570f033d10{ip: 192.168.157.230, host: trunk-nightly-sxkq5-3320257302, networkLocation: /default-rack, certSerialId: null}, Type:RATIS, Factor:THREE, State:CLOSED]
2019-07-14 01:09:57,565 WARN  server.GrpcLogAppender (LogUtils.java:warn(134)) - a204c9d6-107a-4db2-9ede-40ca7b317c59->8cb4b762-5597-4ade-ab14-b4ebb9e958cf: Failed appendEntries: org.apache.ratis.thirdparty.io.grpc.StatusRuntimeException: UNAVAILABLE: io exception
2019-07-14 01:09:57,565 INFO  impl.FollowerInfo (FollowerInfo.java:lambda$new$0(50)) - a204c9d6-107a-4db2-9ede-40ca7b317c59->8cb4b762-5597-4ade-ab14-b4ebb9e958cf: nextIndex: updateUnconditionally 0 -> 0
2019-07-14 01:09:57,651 INFO  ozoneimpl.OzoneContainer (OzoneContainer.java:stop(199)) - Attempting to stop container services.
2019-07-14 01:09:57,652 INFO  impl.RaftServerProxy (RaftServerProxy.java:lambda$close$4(314)) - a204c9d6-107a-4db2-9ede-40ca7b317c59: close
2019-07-14 01:09:57,653 INFO  impl.RaftServerImpl (RaftServerImpl.java:lambda$shutdown$3(245)) - a204c9d6-107a-4db2-9ede-40ca7b317c59: shutdown group-BF76942FD920
2019-07-14 01:09:57,653 INFO  util.JmxRegister (JmxRegister.java:unregister(73)) - Successfully un-registered JMX Bean with object name Ratis:service=RaftServer,group=group-BF76942FD920,id=a204c9d6-107a-4db2-9ede-40ca7b317c59
2019-07-14 01:09:57,653 INFO  impl.RoleInfo (RoleInfo.java:shutdownLeaderState(104)) - a204c9d6-107a-4db2-9ede-40ca7b317c59: shutdown LeaderState
2019-07-14 01:09:57,654 INFO  impl.PendingRequests (PendingRequests.java:sendNotLeaderResponses(202)) - a204c9d6-107a-4db2-9ede-40ca7b317c59-PendingRequests: sendNotLeaderResponses
2019-07-14 01:09:57,662 INFO  impl.StateMachineUpdater (StateMachineUpdater.java:stopAndJoin(115)) - StateMachineUpdater:a204c9d6-107a-4db2-9ede-40ca7b317c59:group-BF76942FD920: set stopIndex = 13
2019-07-14 01:09:57,662 INFO  ozoneimpl.OzoneContainer (OzoneContainer.java:stop(199)) - Attempting to stop container services.
2019-07-14 01:09:57,662 INFO  ratis.ContainerStateMachine (ContainerStateMachine.java:takeSnapshot(246)) - Taking snapshot at termIndex:(t:1, i:13)
2019-07-14 01:09:57,663 INFO  impl.RaftServerProxy (RaftServerProxy.java:lambda$close$4(314)) - 861f153f-e820-476e-8303-b9b1a9fb932e: close
2019-07-14 01:09:57,663 INFO  ratis.ContainerStateMachine (ContainerStateMachine.java:takeSnapshot(250)) - Taking a snapshot to file /tmp/workdir/hadoop-ozone/integration-test/target/test-dir/MiniOzoneClusterImpl-be3e5e2d-80a6-43b2-9494-bdc454344409/datanode-3/data/ratis/5062c3a2-6aff-4242-81a5-bf76942fd920/sm/snapshot.1_13
2019-07-14 01:09:57,663 INFO  impl.RaftServerImpl (RaftServerImpl.java:lambda$shutdown$3(245)) - 861f153f-e820-476e-8303-b9b1a9fb932e: shutdown group-14D91A7BDCE7
2019-07-14 01:09:57,663 INFO  util.JmxRegister (JmxRegister.java:unregister(73)) - Successfully un-registered JMX Bean with object name Ratis:service=RaftServer,group=group-14D91A7BDCE7,id=861f153f-e820-476e-8303-b9b1a9fb932e
2019-07-14 01:09:57,664 INFO  impl.RoleInfo (RoleInfo.java:shutdownLeaderState(104)) - 861f153f-e820-476e-8303-b9b1a9fb932e: shutdown LeaderState
2019-07-14 01:09:57,664 INFO  impl.PendingRequests (PendingRequests.java:sendNotLeaderResponses(202)) - 861f153f-e820-476e-8303-b9b1a9fb932e-PendingRequests: sendNotLeaderResponses
2019-07-14 01:09:57,664 INFO  impl.StateMachineUpdater (StateMachineUpdater.java:stopAndJoin(115)) - StateMachineUpdater:861f153f-e820-476e-8303-b9b1a9fb932e:group-14D91A7BDCE7: set stopIndex = 0
2019-07-14 01:09:57,664 INFO  ratis.ContainerStateMachine (ContainerStateMachine.java:takeSnapshot(246)) - Taking snapshot at termIndex:(t:0, i:~)
2019-07-14 01:09:57,665 INFO  impl.RaftServerImpl (ServerState.java:close(394)) - 861f153f-e820-476e-8303-b9b1a9fb932e:group-14D91A7BDCE7 closes. The last applied log index is 0
2019-07-14 01:09:57,665 INFO  segmented.SegmentedRaftLogWorker (SegmentedRaftLogWorker.java:run(313)) - 861f153f-e820-476e-8303-b9b1a9fb932e-SegmentedRaftLogWorker:Storage Directory /tmp/workdir/hadoop-ozone/integration-test/target/test-dir/MiniOzoneClusterImpl-be3e5e2d-80a6-43b2-9494-bdc454344409/datanode-2/data/ratis/ec603e2d-f60e-41aa-b174-14d91a7bdce7 was interrupted, exiting. There are 0 tasks remaining in the queue.
2019-07-14 01:09:57,675 INFO  segmented.SegmentedRaftLogWorker (SegmentedRaftLogWorker.java:close(228)) - 861f153f-e820-476e-8303-b9b1a9fb932e-SegmentedRaftLogWorker:Storage Directory /tmp/workdir/hadoop-ozone/integration-test/target/test-dir/MiniOzoneClusterImpl-be3e5e2d-80a6-43b2-9494-bdc454344409/datanode-2/data/ratis/ec603e2d-f60e-41aa-b174-14d91a7bdce7 close()
2019-07-14 01:09:57,675 INFO  impl.StateMachineUpdater (StateMachineUpdater.java:takeSnapshot(242)) - StateMachineUpdater:a204c9d6-107a-4db2-9ede-40ca7b317c59:group-BF76942FD920: Took a snapshot at index 13
2019-07-14 01:09:57,687 INFO  impl.StateMachineUpdater (StateMachineUpdater.java:lambda$new$0(80)) - StateMachineUpdater:a204c9d6-107a-4db2-9ede-40ca7b317c59:group-BF76942FD920: snapshotIndex: updateIncreasingly -1 -> 13
2019-07-14 01:09:57,687 INFO  impl.RaftServerImpl (RaftServerImpl.java:lambda$shutdown$3(245)) - 861f153f-e820-476e-8303-b9b1a9fb932e: shutdown group-0B3027F1C3CF
2019-07-14 01:09:57,687 INFO  impl.RaftServerImpl (ServerState.java:close(394)) - a204c9d6-107a-4db2-9ede-40ca7b317c59:group-BF76942FD920 closes. The last applied log index is 13
2019-07-14 01:09:57,687 INFO  util.JmxRegister (JmxRegister.java:unregister(73)) - Successfully un-registered JMX Bean with object name Ratis:service=RaftServer,group=group-0B3027F1C3CF,id=861f153f-e820-476e-8303-b9b1a9fb932e
2019-07-14 01:09:57,688 INFO  segmented.SegmentedRaftLogWorker (SegmentedRaftLogWorker.java:run(313)) - a204c9d6-107a-4db2-9ede-40ca7b317c59-SegmentedRaftLogWorker:Storage Directory /tmp/workdir/hadoop-ozone/integration-test/target/test-dir/MiniOzoneClusterImpl-be3e5e2d-80a6-43b2-9494-bdc454344409/datanode-3/data/ratis/5062c3a2-6aff-4242-81a5-bf76942fd920 was interrupted, exiting. There are 0 tasks remaining in the queue.
2019-07-14 01:09:57,688 INFO  impl.RoleInfo (RoleInfo.java:shutdownFollowerState(121)) - 861f153f-e820-476e-8303-b9b1a9fb932e: shutdown FollowerState
2019-07-14 01:09:57,690 INFO  impl.StateMachineUpdater (StateMachineUpdater.java:stopAndJoin(115)) - StateMachineUpdater:861f153f-e820-476e-8303-b9b1a9fb932e:group-0B3027F1C3CF: set stopIndex = 0
2019-07-14 01:09:57,690 INFO  impl.FollowerState (FollowerState.java:run(114)) - 861f153f-e820-476e-8303-b9b1a9fb932e: FollowerState was interrupted: java.lang.InterruptedException: sleep interrupted
2019-07-14 01:09:57,690 INFO  ratis.ContainerStateMachine (ContainerStateMachine.java:takeSnapshot(246)) - Taking snapshot at termIndex:(t:0, i:~)
2019-07-14 01:09:57,690 INFO  segmented.SegmentedRaftLogWorker (SegmentedRaftLogWorker.java:close(228)) - a204c9d6-107a-4db2-9ede-40ca7b317c59-SegmentedRaftLogWorker:Storage Directory /tmp/workdir/hadoop-ozone/integration-test/target/test-dir/MiniOzoneClusterImpl-be3e5e2d-80a6-43b2-9494-bdc454344409/datanode-3/data/ratis/5062c3a2-6aff-4242-81a5-bf76942fd920 close()
2019-07-14 01:09:57,691 INFO  impl.RaftServerImpl (ServerState.java:close(394)) - 861f153f-e820-476e-8303-b9b1a9fb932e:group-0B3027F1C3CF closes. The last applied log index is 0
2019-07-14 01:09:57,693 INFO  impl.RaftServerImpl (RaftServerImpl.java:lambda$shutdown$3(245)) - a204c9d6-107a-4db2-9ede-40ca7b317c59: shutdown group-60516799BEF2
2019-07-14 01:09:57,693 INFO  segmented.SegmentedRaftLogWorker (SegmentedRaftLogWorker.java:run(313)) - 861f153f-e820-476e-8303-b9b1a9fb932e-SegmentedRaftLogWorker:Storage Directory /tmp/workdir/hadoop-ozone/integration-test/target/test-dir/MiniOzoneClusterImpl-be3e5e2d-80a6-43b2-9494-bdc454344409/datanode-2/data/ratis/7fc57224-244b-45cf-aae3-0b3027f1c3cf was interrupted, exiting. There are 0 tasks remaining in the queue.
2019-07-14 01:09:57,694 INFO  util.JmxRegister (JmxRegister.java:unregister(73)) - Successfully un-registered JMX Bean with object name Ratis:service=RaftServer,group=group-60516799BEF2,id=a204c9d6-107a-4db2-9ede-40ca7b317c59
2019-07-14 01:09:57,696 INFO  segmented.SegmentedRaftLogWorker (SegmentedRaftLogWorker.java:close(228)) - 861f153f-e820-476e-8303-b9b1a9fb932e-SegmentedRaftLogWorker:Storage Directory /tmp/workdir/hadoop-ozone/integration-test/target/test-dir/MiniOzoneClusterImpl-be3e5e2d-80a6-43b2-9494-bdc454344409/datanode-2/data/ratis/7fc57224-244b-45cf-aae3-0b3027f1c3cf close()
2019-07-14 01:09:57,696 INFO  impl.RoleInfo (RoleInfo.java:shutdownLeaderState(104)) - a204c9d6-107a-4db2-9ede-40ca7b317c59: shutdown LeaderState
2019-07-14 01:09:57,698 INFO  server.GrpcService (GrpcService.java:closeImpl(155)) - 861f153f-e820-476e-8303-b9b1a9fb932e: shutdown server with port 33288 now
2019-07-14 01:09:57,702 INFO  impl.PendingRequests (PendingRequests.java:sendNotLeaderResponses(202)) - a204c9d6-107a-4db2-9ede-40ca7b317c59-PendingRequests: sendNotLeaderResponses
2019-07-14 01:09:57,702 WARN  server.GrpcLogAppender (GrpcLogAppender.java:mayWait(143)) - GrpcLogAppender(a204c9d6-107a-4db2-9ede-40ca7b317c59->8cb4b762-5597-4ade-ab14-b4ebb9e958cf): Wait interrupted by java.lang.InterruptedException
2019-07-14 01:09:57,702 WARN  server.GrpcServerProtocolService (LogUtils.java:warn(134)) - 861f153f-e820-476e-8303-b9b1a9fb932e: appendEntries onError: org.apache.ratis.thirdparty.io.grpc.StatusRuntimeException: CANCELLED: cancelled before receiving half close
2019-07-14 01:09:57,702 WARN  server.GrpcLogAppender (GrpcLogAppender.java:mayWait(143)) - GrpcLogAppender(a204c9d6-107a-4db2-9ede-40ca7b317c59->8fe6e7e0-7304-4bed-b7b6-ce570f033d10): Wait interrupted by java.lang.InterruptedException
2019-07-14 01:09:57,702 INFO  server.GrpcService (GrpcService.java:closeImpl(163)) - 861f153f-e820-476e-8303-b9b1a9fb932e: shutdown server with port 33288 successfully
2019-07-14 01:09:57,702 INFO  ratis.ContainerStateMachine (ContainerStateMachine.java:takeSnapshot(246)) - Taking snapshot at termIndex:(t:0, i:~)
2019-07-14 01:09:57,702 INFO  impl.StateMachineUpdater (StateMachineUpdater.java:stopAndJoin(115)) - StateMachineUpdater:a204c9d6-107a-4db2-9ede-40ca7b317c59:group-60516799BEF2: set stopIndex = 0
2019-07-14 01:09:57,703 WARN  server.GrpcLogAppender (LogUtils.java:warn(134)) - 29b3a5ee-a8ee-48df-86dc-60a09c8041c8->861f153f-e820-476e-8303-b9b1a9fb932e: Failed appendEntries: org.apache.ratis.thirdparty.io.grpc.StatusRuntimeException: CANCELLED: HTTP/2 error code: CANCEL
Received Rst Stream
2019-07-14 01:09:57,703 INFO  server.GrpcServerProtocolService (GrpcServerProtocolService.java:onCompleted(104)) - 8fe6e7e0-7304-4bed-b7b6-ce570f033d10: appendEntries completed
2019-07-14 01:09:57,704 INFO  impl.FollowerInfo (FollowerInfo.java:lambda$new$0(50)) - 29b3a5ee-a8ee-48df-86dc-60a09c8041c8->861f153f-e820-476e-8303-b9b1a9fb932e: nextIndex: updateUnconditionally 1 -> 0
2019-07-14 01:09:57,704 INFO  utils.BackgroundService (BackgroundService.java:shutdown(148)) - Shutting down service BlockDeletingService
2019-07-14 01:09:57,704 INFO  impl.RaftServerImpl (ServerState.java:close(394)) - a204c9d6-107a-4db2-9ede-40ca7b317c59:group-60516799BEF2 closes. The last applied log index is 0
2019-07-14 01:09:57,705 INFO  server.GrpcLogAppender (GrpcLogAppender.java:onCompleted(292)) - a204c9d6-107a-4db2-9ede-40ca7b317c59->8fe6e7e0-7304-4bed-b7b6-ce570f033d10: follower responses appendEntries COMPLETED
2019-07-14 01:09:57,705 INFO  segmented.SegmentedRaftLogWorker (SegmentedRaftLogWorker.java:run(313)) - a204c9d6-107a-4db2-9ede-40ca7b317c59-SegmentedRaftLogWorker:Storage Directory /tmp/workdir/hadoop-ozone/integration-test/target/test-dir/MiniOzoneClusterImpl-be3e5e2d-80a6-43b2-9494-bdc454344409/datanode-3/data/ratis/68cb98cd-f256-4dc5-bcec-60516799bef2 was interrupted, exiting. There are 0 tasks remaining in the queue.
2019-07-14 01:09:57,705 INFO  impl.FollowerInfo (FollowerInfo.java:lambda$new$0(50)) - a204c9d6-107a-4db2-9ede-40ca7b317c59->8fe6e7e0-7304-4bed-b7b6-ce570f033d10: nextIndex: updateUnconditionally 1 -> 0
2019-07-14 01:09:57,709 INFO  segmented.SegmentedRaftLogWorker (SegmentedRaftLogWorker.java:close(228)) - a204c9d6-107a-4db2-9ede-40ca7b317c59-SegmentedRaftLogWorker:Storage Directory /tmp/workdir/hadoop-ozone/integration-test/target/test-dir/MiniOzoneClusterImpl-be3e5e2d-80a6-43b2-9494-bdc454344409/datanode-3/data/ratis/68cb98cd-f256-4dc5-bcec-60516799bef2 close()
2019-07-14 01:09:57,712 WARN  fs.CachingGetSpaceUsed (CachingGetSpaceUsed.java:run(183)) - Thread Interrupted waiting to refresh disk information: sleep interrupted
2019-07-14 01:09:57,712 INFO  server.GrpcService (GrpcService.java:closeImpl(155)) - a204c9d6-107a-4db2-9ede-40ca7b317c59: shutdown server with port 36166 now
2019-07-14 01:09:57,713 INFO  server.GrpcService (GrpcService.java:closeImpl(163)) - a204c9d6-107a-4db2-9ede-40ca7b317c59: shutdown server with port 36166 successfully
2019-07-14 01:09:57,716 INFO  utils.BackgroundService (BackgroundService.java:shutdown(148)) - Shutting down service BlockDeletingService
2019-07-14 01:09:57,718 WARN  fs.CachingGetSpaceUsed (CachingGetSpaceUsed.java:run(183)) - Thread Interrupted waiting to refresh disk information: sleep interrupted
2019-07-14 01:09:57,733 INFO  statemachine.DatanodeStateMachine (DatanodeStateMachine.java:stopDaemon(395)) - Ozone container server stopped.
2019-07-14 01:09:57,738 INFO  handler.ContextHandler (ContextHandler.java:doStop(910)) - Stopped o.e.j.w.WebAppContext@a70daf4{/,null,UNAVAILABLE}{/hddsDatanode}
2019-07-14 01:09:57,738 INFO  server.AbstractConnector (AbstractConnector.java:doStop(318)) - Stopped ServerConnector@6344004d{HTTP/1.1,[http/1.1]}{0.0.0.0:0}
2019-07-14 01:09:57,740 INFO  handler.ContextHandler (ContextHandler.java:doStop(910)) - Stopped o.e.j.s.ServletContextHandler@1735e1c4{/static,jar:file:/home/user/.m2/repository/org/apache/hadoop/hadoop-hdds-container-service/0.5.0-SNAPSHOT/hadoop-hdds-container-service-0.5.0-SNAPSHOT.jar!/webapps/static,UNAVAILABLE}
2019-07-14 01:09:57,742 INFO  handler.ContextHandler (ContextHandler.java:doStop(910)) - Stopped o.e.j.s.ServletContextHandler@1d0fc0bc{/logs,file:///tmp/workdir/hadoop-ozone/integration-test/target/log,UNAVAILABLE}
2019-07-14 01:09:57,743 INFO  datanode.ObjectStoreHandler (ObjectStoreHandler.java:close(155)) - Closing ObjectStoreHandler.
2019-07-14 01:09:57,743 INFO  ozone.HddsDatanodeService (HddsDatanodeService.java:stop(452)) - Stopped plug-in org.apache.hadoop.ozone.web.OzoneHddsDatanodeService@7d1cfe97
2019-07-14 01:09:57,748 INFO  statemachine.DatanodeStateMachine (DatanodeStateMachine.java:stopDaemon(395)) - Ozone container server stopped.
2019-07-14 01:09:57,749 INFO  handler.ContextHandler (ContextHandler.java:doStop(910)) - Stopped o.e.j.w.WebAppContext@4e93d23e{/,null,UNAVAILABLE}{/hddsDatanode}
2019-07-14 01:09:57,750 INFO  server.AbstractConnector (AbstractConnector.java:doStop(318)) - Stopped ServerConnector@743b7025{HTTP/1.1,[http/1.1]}{0.0.0.0:0}
2019-07-14 01:09:57,751 INFO  handler.ContextHandler (ContextHandler.java:doStop(910)) - Stopped o.e.j.s.ServletContextHandler@23adbd6b{/static,jar:file:/home/user/.m2/repository/org/apache/hadoop/hadoop-hdds-container-service/0.5.0-SNAPSHOT/hadoop-hdds-container-service-0.5.0-SNAPSHOT.jar!/webapps/static,UNAVAILABLE}
2019-07-14 01:09:57,751 INFO  handler.ContextHandler (ContextHandler.java:doStop(910)) - Stopped o.e.j.s.ServletContextHandler@56017274{/logs,file:///tmp/workdir/hadoop-ozone/integration-test/target/log,UNAVAILABLE}
2019-07-14 01:09:57,752 INFO  datanode.ObjectStoreHandler (ObjectStoreHandler.java:close(155)) - Closing ObjectStoreHandler.
2019-07-14 01:09:57,752 INFO  ozone.HddsDatanodeService (HddsDatanodeService.java:stop(452)) - Stopped plug-in org.apache.hadoop.ozone.web.OzoneHddsDatanodeService@48dc06a9
2019-07-14 01:09:57,770 INFO  statemachine.DatanodeStateMachine (DatanodeStateMachine.java:lambda$startDaemon$0(350)) - Ozone container server started.
2019-07-14 01:09:57,813 INFO  statemachine.DatanodeStateMachine (DatanodeStateMachine.java:lambda$startDaemon$0(350)) - Ozone container server started.
2019-07-14 01:09:59,454 WARN  server.GrpcLogAppender (LogUtils.java:warn(134)) - 29b3a5ee-a8ee-48df-86dc-60a09c8041c8->b338756c-272d-4fbc-ba6b-fd9ad5b86257: Failed appendEntries: org.apache.ratis.thirdparty.io.grpc.StatusRuntimeException: UNAVAILABLE: io exception
2019-07-14 01:09:59,454 INFO  impl.FollowerInfo (FollowerInfo.java:lambda$new$0(50)) - 29b3a5ee-a8ee-48df-86dc-60a09c8041c8->b338756c-272d-4fbc-ba6b-fd9ad5b86257: nextIndex: updateUnconditionally 0 -> 0
2019-07-14 01:09:59,455 WARN  server.GrpcLogAppender (LogUtils.java:warn(134)) - 29b3a5ee-a8ee-48df-86dc-60a09c8041c8->861f153f-e820-476e-8303-b9b1a9fb932e: Failed appendEntries: org.apache.ratis.thirdparty.io.grpc.StatusRuntimeException: UNAVAILABLE: io exception
2019-07-14 01:09:59,456 INFO  impl.FollowerInfo (FollowerInfo.java:lambda$new$0(50)) - 29b3a5ee-a8ee-48df-86dc-60a09c8041c8->861f153f-e820-476e-8303-b9b1a9fb932e: nextIndex: updateUnconditionally 0 -> 0
2019-07-14 01:10:01,850 INFO  node.StaleNodeHandler (StaleNodeHandler.java:onMessage(58)) - Datanode 0311a7f5-3e26-46a4-bc2a-4495b394887e{ip: 192.168.157.230, host: trunk-nightly-sxkq5-3320257302, networkLocation: /default-rack, certSerialId: null} moved to stale state. Finalizing its pipelines [PipelineID=229fce9b-4d9f-44ce-b2ee-069be7ff23f4]
2019-07-14 01:10:01,850 INFO  pipeline.SCMPipelineManager (SCMPipelineManager.java:finalizeAndDestroyPipeline(309)) - destroying pipeline:Pipeline[ Id: 229fce9b-4d9f-44ce-b2ee-069be7ff23f4, Nodes: 0311a7f5-3e26-46a4-bc2a-4495b394887e{ip: 192.168.157.230, host: trunk-nightly-sxkq5-3320257302, networkLocation: /default-rack, certSerialId: null}, Type:RATIS, Factor:ONE, State:OPEN]
2019-07-14 01:10:01,850 INFO  pipeline.PipelineStateManager (PipelineStateManager.java:finalizePipeline(123)) - Pipeline Pipeline[ Id: 229fce9b-4d9f-44ce-b2ee-069be7ff23f4, Nodes: 0311a7f5-3e26-46a4-bc2a-4495b394887e{ip: 192.168.157.230, host: trunk-nightly-sxkq5-3320257302, networkLocation: /default-rack, certSerialId: null}, Type:RATIS, Factor:ONE, State:CLOSED] moved to CLOSED state
2019-07-14 01:10:01,851 INFO  node.StaleNodeHandler (StaleNodeHandler.java:onMessage(58)) - Datanode 29b3a5ee-a8ee-48df-86dc-60a09c8041c8{ip: 192.168.157.230, host: trunk-nightly-sxkq5-3320257302, networkLocation: /default-rack, certSerialId: null} moved to stale state. Finalizing its pipelines [PipelineID=7fc57224-244b-45cf-aae3-0b3027f1c3cf, PipelineID=3bc9d6f9-ad16-4504-8c56-9164b43c0fe1]
2019-07-14 01:10:01,851 INFO  pipeline.SCMPipelineManager (SCMPipelineManager.java:finalizeAndDestroyPipeline(309)) - destroying pipeline:Pipeline[ Id: 7fc57224-244b-45cf-aae3-0b3027f1c3cf, Nodes: 29b3a5ee-a8ee-48df-86dc-60a09c8041c8{ip: 192.168.157.230, host: trunk-nightly-sxkq5-3320257302, networkLocation: /default-rack, certSerialId: null}861f153f-e820-476e-8303-b9b1a9fb932e{ip: 192.168.157.230, host: trunk-nightly-sxkq5-3320257302, networkLocation: /default-rack, certSerialId: null}b338756c-272d-4fbc-ba6b-fd9ad5b86257{ip: 192.168.157.230, host: trunk-nightly-sxkq5-3320257302, networkLocation: /default-rack, certSerialId: null}, Type:RATIS, Factor:THREE, State:CLOSED]
2019-07-14 01:10:01,851 INFO  pipeline.SCMPipelineManager (SCMPipelineManager.java:finalizeAndDestroyPipeline(309)) - destroying pipeline:Pipeline[ Id: 3bc9d6f9-ad16-4504-8c56-9164b43c0fe1, Nodes: 29b3a5ee-a8ee-48df-86dc-60a09c8041c8{ip: 192.168.157.230, host: trunk-nightly-sxkq5-3320257302, networkLocation: /default-rack, certSerialId: null}, Type:RATIS, Factor:ONE, State:OPEN]
2019-07-14 01:10:01,851 INFO  pipeline.PipelineStateManager (PipelineStateManager.java:finalizePipeline(123)) - Pipeline Pipeline[ Id: 3bc9d6f9-ad16-4504-8c56-9164b43c0fe1, Nodes: 29b3a5ee-a8ee-48df-86dc-60a09c8041c8{ip: 192.168.157.230, host: trunk-nightly-sxkq5-3320257302, networkLocation: /default-rack, certSerialId: null}, Type:RATIS, Factor:ONE, State:CLOSED] moved to CLOSED state
2019-07-14 01:10:01,954 WARN  server.GrpcLogAppender (LogUtils.java:warn(134)) - 29b3a5ee-a8ee-48df-86dc-60a09c8041c8->b338756c-272d-4fbc-ba6b-fd9ad5b86257: Failed appendEntries: org.apache.ratis.thirdparty.io.grpc.StatusRuntimeException: UNAVAILABLE: io exception
2019-07-14 01:10:01,955 INFO  impl.FollowerInfo (FollowerInfo.java:lambda$new$0(50)) - 29b3a5ee-a8ee-48df-86dc-60a09c8041c8->b338756c-272d-4fbc-ba6b-fd9ad5b86257: nextIndex: updateUnconditionally 0 -> 0
2019-07-14 01:10:01,956 WARN  server.GrpcLogAppender (LogUtils.java:warn(134)) - 29b3a5ee-a8ee-48df-86dc-60a09c8041c8->861f153f-e820-476e-8303-b9b1a9fb932e: Failed appendEntries: org.apache.ratis.thirdparty.io.grpc.StatusRuntimeException: UNAVAILABLE: io exception
2019-07-14 01:10:01,956 INFO  impl.FollowerInfo (FollowerInfo.java:lambda$new$0(50)) - 29b3a5ee-a8ee-48df-86dc-60a09c8041c8->861f153f-e820-476e-8303-b9b1a9fb932e: nextIndex: updateUnconditionally 0 -> 0
2019-07-14 01:10:02,744 INFO  ozoneimpl.OzoneContainer (OzoneContainer.java:stop(199)) - Attempting to stop container services.
2019-07-14 01:10:02,744 INFO  impl.RaftServerProxy (RaftServerProxy.java:lambda$close$4(314)) - 29b3a5ee-a8ee-48df-86dc-60a09c8041c8: close
2019-07-14 01:10:02,745 INFO  impl.RaftServerImpl (RaftServerImpl.java:lambda$shutdown$3(245)) - 29b3a5ee-a8ee-48df-86dc-60a09c8041c8: shutdown group-0B3027F1C3CF
2019-07-14 01:10:02,745 INFO  util.JmxRegister (JmxRegister.java:unregister(73)) - Successfully un-registered JMX Bean with object name Ratis:service=RaftServer,group=group-0B3027F1C3CF,id=29b3a5ee-a8ee-48df-86dc-60a09c8041c8
2019-07-14 01:10:02,745 INFO  impl.RoleInfo (RoleInfo.java:shutdownLeaderState(104)) - 29b3a5ee-a8ee-48df-86dc-60a09c8041c8: shutdown LeaderState
2019-07-14 01:10:02,750 WARN  server.GrpcLogAppender (GrpcLogAppender.java:mayWait(143)) - GrpcLogAppender(29b3a5ee-a8ee-48df-86dc-60a09c8041c8->861f153f-e820-476e-8303-b9b1a9fb932e): Wait interrupted by java.lang.InterruptedException
2019-07-14 01:10:02,750 WARN  server.GrpcLogAppender (GrpcLogAppender.java:mayWait(143)) - GrpcLogAppender(29b3a5ee-a8ee-48df-86dc-60a09c8041c8->b338756c-272d-4fbc-ba6b-fd9ad5b86257): Wait interrupted by java.lang.InterruptedException
2019-07-14 01:10:02,750 INFO  impl.PendingRequests (PendingRequests.java:sendNotLeaderResponses(202)) - 29b3a5ee-a8ee-48df-86dc-60a09c8041c8-PendingRequests: sendNotLeaderResponses
2019-07-14 01:10:02,750 INFO  impl.StateMachineUpdater (StateMachineUpdater.java:stopAndJoin(115)) - StateMachineUpdater:29b3a5ee-a8ee-48df-86dc-60a09c8041c8:group-0B3027F1C3CF: set stopIndex = 0
2019-07-14 01:10:02,750 INFO  ratis.ContainerStateMachine (ContainerStateMachine.java:takeSnapshot(246)) - Taking snapshot at termIndex:(t:0, i:~)
2019-07-14 01:10:02,751 INFO  impl.RaftServerImpl (ServerState.java:close(394)) - 29b3a5ee-a8ee-48df-86dc-60a09c8041c8:group-0B3027F1C3CF closes. The last applied log index is 0
2019-07-14 01:10:02,752 INFO  segmented.SegmentedRaftLogWorker (SegmentedRaftLogWorker.java:run(313)) - 29b3a5ee-a8ee-48df-86dc-60a09c8041c8-SegmentedRaftLogWorker:Storage Directory /tmp/workdir/hadoop-ozone/integration-test/target/test-dir/MiniOzoneClusterImpl-be3e5e2d-80a6-43b2-9494-bdc454344409/datanode-0/data/ratis/7fc57224-244b-45cf-aae3-0b3027f1c3cf was interrupted, exiting. There are 0 tasks remaining in the queue.
2019-07-14 01:10:02,753 INFO  ozoneimpl.OzoneContainer (OzoneContainer.java:stop(199)) - Attempting to stop container services.
2019-07-14 01:10:02,754 INFO  segmented.SegmentedRaftLogWorker (SegmentedRaftLogWorker.java:close(228)) - 29b3a5ee-a8ee-48df-86dc-60a09c8041c8-SegmentedRaftLogWorker:Storage Directory /tmp/workdir/hadoop-ozone/integration-test/target/test-dir/MiniOzoneClusterImpl-be3e5e2d-80a6-43b2-9494-bdc454344409/datanode-0/data/ratis/7fc57224-244b-45cf-aae3-0b3027f1c3cf close()
2019-07-14 01:10:02,754 INFO  impl.RaftServerProxy (RaftServerProxy.java:lambda$close$4(314)) - 0311a7f5-3e26-46a4-bc2a-4495b394887e: close
2019-07-14 01:10:02,756 INFO  impl.RaftServerImpl (RaftServerImpl.java:lambda$shutdown$3(245)) - 29b3a5ee-a8ee-48df-86dc-60a09c8041c8: shutdown group-9164B43C0FE1
2019-07-14 01:10:02,756 INFO  impl.RaftServerImpl (RaftServerImpl.java:lambda$shutdown$3(245)) - 0311a7f5-3e26-46a4-bc2a-4495b394887e: shutdown group-069BE7FF23F4
2019-07-14 01:10:02,757 INFO  util.JmxRegister (JmxRegister.java:unregister(73)) - Successfully un-registered JMX Bean with object name Ratis:service=RaftServer,group=group-9164B43C0FE1,id=29b3a5ee-a8ee-48df-86dc-60a09c8041c8
2019-07-14 01:10:02,757 INFO  util.JmxRegister (JmxRegister.java:unregister(73)) - Successfully un-registered JMX Bean with object name Ratis:service=RaftServer,group=group-069BE7FF23F4,id=0311a7f5-3e26-46a4-bc2a-4495b394887e
2019-07-14 01:10:02,758 INFO  impl.RoleInfo (RoleInfo.java:shutdownLeaderState(104)) - 0311a7f5-3e26-46a4-bc2a-4495b394887e: shutdown LeaderState
2019-07-14 01:10:02,757 INFO  impl.RoleInfo (RoleInfo.java:shutdownLeaderState(104)) - 29b3a5ee-a8ee-48df-86dc-60a09c8041c8: shutdown LeaderState
2019-07-14 01:10:02,758 INFO  impl.PendingRequests (PendingRequests.java:sendNotLeaderResponses(202)) - 0311a7f5-3e26-46a4-bc2a-4495b394887e-PendingRequests: sendNotLeaderResponses
2019-07-14 01:10:02,758 INFO  impl.PendingRequests (PendingRequests.java:sendNotLeaderResponses(202)) - 29b3a5ee-a8ee-48df-86dc-60a09c8041c8-PendingRequests: sendNotLeaderResponses
2019-07-14 01:10:02,759 INFO  ratis.ContainerStateMachine (ContainerStateMachine.java:takeSnapshot(246)) - Taking snapshot at termIndex:(t:0, i:~)
2019-07-14 01:10:02,759 INFO  impl.StateMachineUpdater (StateMachineUpdater.java:stopAndJoin(115)) - StateMachineUpdater:0311a7f5-3e26-46a4-bc2a-4495b394887e:group-069BE7FF23F4: set stopIndex = 0
2019-07-14 01:10:02,759 INFO  ratis.ContainerStateMachine (ContainerStateMachine.java:takeSnapshot(246)) - Taking snapshot at termIndex:(t:0, i:~)
2019-07-14 01:10:02,759 INFO  impl.StateMachineUpdater (StateMachineUpdater.java:stopAndJoin(115)) - StateMachineUpdater:29b3a5ee-a8ee-48df-86dc-60a09c8041c8:group-9164B43C0FE1: set stopIndex = 0
2019-07-14 01:10:02,760 INFO  impl.RaftServerImpl (ServerState.java:close(394)) - 0311a7f5-3e26-46a4-bc2a-4495b394887e:group-069BE7FF23F4 closes. The last applied log index is 0
2019-07-14 01:10:02,760 INFO  impl.RaftServerImpl (ServerState.java:close(394)) - 29b3a5ee-a8ee-48df-86dc-60a09c8041c8:group-9164B43C0FE1 closes. The last applied log index is 0
2019-07-14 01:10:02,761 INFO  segmented.SegmentedRaftLogWorker (SegmentedRaftLogWorker.java:run(313)) - 0311a7f5-3e26-46a4-bc2a-4495b394887e-SegmentedRaftLogWorker:Storage Directory /tmp/workdir/hadoop-ozone/integration-test/target/test-dir/MiniOzoneClusterImpl-be3e5e2d-80a6-43b2-9494-bdc454344409/datanode-6/data/ratis/229fce9b-4d9f-44ce-b2ee-069be7ff23f4 was interrupted, exiting. There are 0 tasks remaining in the queue.
2019-07-14 01:10:02,761 INFO  segmented.SegmentedRaftLogWorker (SegmentedRaftLogWorker.java:run(313)) - 29b3a5ee-a8ee-48df-86dc-60a09c8041c8-SegmentedRaftLogWorker:Storage Directory /tmp/workdir/hadoop-ozone/integration-test/target/test-dir/MiniOzoneClusterImpl-be3e5e2d-80a6-43b2-9494-bdc454344409/datanode-0/data/ratis/3bc9d6f9-ad16-4504-8c56-9164b43c0fe1 was interrupted, exiting. There are 0 tasks remaining in the queue.
2019-07-14 01:10:02,768 INFO  segmented.SegmentedRaftLogWorker (SegmentedRaftLogWorker.java:close(228)) - 0311a7f5-3e26-46a4-bc2a-4495b394887e-SegmentedRaftLogWorker:Storage Directory /tmp/workdir/hadoop-ozone/integration-test/target/test-dir/MiniOzoneClusterImpl-be3e5e2d-80a6-43b2-9494-bdc454344409/datanode-6/data/ratis/229fce9b-4d9f-44ce-b2ee-069be7ff23f4 close()
2019-07-14 01:10:02,768 INFO  segmented.SegmentedRaftLogWorker (SegmentedRaftLogWorker.java:close(228)) - 29b3a5ee-a8ee-48df-86dc-60a09c8041c8-SegmentedRaftLogWorker:Storage Directory /tmp/workdir/hadoop-ozone/integration-test/target/test-dir/MiniOzoneClusterImpl-be3e5e2d-80a6-43b2-9494-bdc454344409/datanode-0/data/ratis/3bc9d6f9-ad16-4504-8c56-9164b43c0fe1 close()
2019-07-14 01:10:02,768 INFO  server.GrpcService (GrpcService.java:closeImpl(155)) - 0311a7f5-3e26-46a4-bc2a-4495b394887e: shutdown server with port 34181 now
2019-07-14 01:10:02,769 INFO  server.GrpcService (GrpcService.java:closeImpl(155)) - 29b3a5ee-a8ee-48df-86dc-60a09c8041c8: shutdown server with port 36530 now
2019-07-14 01:10:02,771 INFO  server.GrpcService (GrpcService.java:closeImpl(163)) - 0311a7f5-3e26-46a4-bc2a-4495b394887e: shutdown server with port 34181 successfully
2019-07-14 01:10:02,771 INFO  server.GrpcService (GrpcService.java:closeImpl(163)) - 29b3a5ee-a8ee-48df-86dc-60a09c8041c8: shutdown server with port 36530 successfully
2019-07-14 01:10:02,772 INFO  utils.BackgroundService (BackgroundService.java:shutdown(148)) - Shutting down service BlockDeletingService
2019-07-14 01:10:02,773 INFO  utils.BackgroundService (BackgroundService.java:shutdown(148)) - Shutting down service BlockDeletingService
2019-07-14 01:10:02,776 WARN  fs.CachingGetSpaceUsed (CachingGetSpaceUsed.java:run(183)) - Thread Interrupted waiting to refresh disk information: sleep interrupted
2019-07-14 01:10:02,776 WARN  fs.CachingGetSpaceUsed (CachingGetSpaceUsed.java:run(183)) - Thread Interrupted waiting to refresh disk information: sleep interrupted
2019-07-14 01:10:02,797 INFO  statemachine.DatanodeStateMachine (DatanodeStateMachine.java:stopDaemon(395)) - Ozone container server stopped.
2019-07-14 01:10:02,798 INFO  handler.ContextHandler (ContextHandler.java:doStop(910)) - Stopped o.e.j.w.WebAppContext@443b9ebb{/,null,UNAVAILABLE}{/hddsDatanode}
2019-07-14 01:10:02,802 INFO  statemachine.DatanodeStateMachine (DatanodeStateMachine.java:stopDaemon(395)) - Ozone container server stopped.
2019-07-14 01:10:02,802 INFO  server.AbstractConnector (AbstractConnector.java:doStop(318)) - Stopped ServerConnector@4830c979{HTTP/1.1,[http/1.1]}{0.0.0.0:0}
2019-07-14 01:10:02,804 INFO  handler.ContextHandler (ContextHandler.java:doStop(910)) - Stopped o.e.j.s.ServletContextHandler@7e92e9a2{/static,jar:file:/home/user/.m2/repository/org/apache/hadoop/hadoop-hdds-container-service/0.5.0-SNAPSHOT/hadoop-hdds-container-service-0.5.0-SNAPSHOT.jar!/webapps/static,UNAVAILABLE}
2019-07-14 01:10:02,806 INFO  handler.ContextHandler (ContextHandler.java:doStop(910)) - Stopped o.e.j.w.WebAppContext@669469c9{/,null,UNAVAILABLE}{/hddsDatanode}
2019-07-14 01:10:02,806 INFO  handler.ContextHandler (ContextHandler.java:doStop(910)) - Stopped o.e.j.s.ServletContextHandler@48543f11{/logs,file:///tmp/workdir/hadoop-ozone/integration-test/target/log,UNAVAILABLE}
2019-07-14 01:10:02,806 INFO  server.AbstractConnector (AbstractConnector.java:doStop(318)) - Stopped ServerConnector@7f39ad3f{HTTP/1.1,[http/1.1]}{0.0.0.0:0}
2019-07-14 01:10:02,808 INFO  handler.ContextHandler (ContextHandler.java:doStop(910)) - Stopped o.e.j.s.ServletContextHandler@25da1dc9{/static,jar:file:/home/user/.m2/repository/org/apache/hadoop/hadoop-hdds-container-service/0.5.0-SNAPSHOT/hadoop-hdds-container-service-0.5.0-SNAPSHOT.jar!/webapps/static,UNAVAILABLE}
2019-07-14 01:10:02,808 INFO  datanode.ObjectStoreHandler (ObjectStoreHandler.java:close(155)) - Closing ObjectStoreHandler.
2019-07-14 01:10:02,810 INFO  handler.ContextHandler (ContextHandler.java:doStop(910)) - Stopped o.e.j.s.ServletContextHandler@25890ce3{/logs,file:///tmp/workdir/hadoop-ozone/integration-test/target/log,UNAVAILABLE}
2019-07-14 01:10:02,810 INFO  ozone.HddsDatanodeService (HddsDatanodeService.java:stop(452)) - Stopped plug-in org.apache.hadoop.ozone.web.OzoneHddsDatanodeService@4e23ddf0
2019-07-14 01:10:03,642 INFO  statemachine.DatanodeStateMachine (DatanodeStateMachine.java:lambda$startDaemon$0(350)) - Ozone container server started.
2019-07-14 01:10:05,412 INFO  impl.FollowerState (FollowerState.java:run(106)) - 8fe6e7e0-7304-4bed-b7b6-ce570f033d10:group-60516799BEF2 changes to CANDIDATE, lastRpcTime:7846, electionTimeout:5093ms
2019-07-14 01:10:05,413 INFO  impl.RoleInfo (RoleInfo.java:shutdownFollowerState(121)) - 8fe6e7e0-7304-4bed-b7b6-ce570f033d10: shutdown FollowerState
2019-07-14 01:10:05,413 INFO  impl.RaftServerImpl (RaftServerImpl.java:setRole(171)) - 8fe6e7e0-7304-4bed-b7b6-ce570f033d10:group-60516799BEF2 changes role from FOLLOWER to CANDIDATE at term 1 for changeToCandidate
2019-07-14 01:10:05,413 INFO  impl.RoleInfo (RoleInfo.java:updateAndGet(143)) - 8fe6e7e0-7304-4bed-b7b6-ce570f033d10: start LeaderElection
2019-07-14 01:10:05,415 INFO  impl.RaftServerImpl (ServerState.java:setLeader(263)) - 8fe6e7e0-7304-4bed-b7b6-ce570f033d10:group-60516799BEF2 change Leader from a204c9d6-107a-4db2-9ede-40ca7b317c59 to null at term 1 for initElection
2019-07-14 01:10:05,429 INFO  impl.LeaderElection (LeaderElection.java:askForVotes(181)) - 8fe6e7e0-7304-4bed-b7b6-ce570f033d10:group-60516799BEF2:LeaderElection56: begin an election at term 2 for 0: [8fe6e7e0-7304-4bed-b7b6-ce570f033d10:192.168.157.230:38480, 8cb4b762-5597-4ade-ab14-b4ebb9e958cf:192.168.157.230:37486, a204c9d6-107a-4db2-9ede-40ca7b317c59:192.168.157.230:36166], old=null
2019-07-14 01:10:05,432 INFO  impl.LeaderElection (LogUtils.java:infoOrTrace(149)) - 8fe6e7e0-7304-4bed-b7b6-ce570f033d10:group-60516799BEF2:LeaderElection56 got exception when requesting votes: {}
java.util.concurrent.ExecutionException: org.apache.ratis.thirdparty.io.grpc.StatusRuntimeException: UNAVAILABLE: io exception
	at java.util.concurrent.FutureTask.report(FutureTask.java:122)
	at java.util.concurrent.FutureTask.get(FutureTask.java:192)
	at org.apache.ratis.server.impl.LeaderElection.waitForResults(LeaderElection.java:262)
	at org.apache.ratis.server.impl.LeaderElection.askForVotes(LeaderElection.java:200)
	at org.apache.ratis.server.impl.LeaderElection.run(LeaderElection.java:130)
	at java.lang.Thread.run(Thread.java:748)
Caused by: org.apache.ratis.thirdparty.io.grpc.StatusRuntimeException: UNAVAILABLE: io exception
	at org.apache.ratis.thirdparty.io.grpc.stub.ClientCalls.toStatusRuntimeException(ClientCalls.java:233)
	at org.apache.ratis.thirdparty.io.grpc.stub.ClientCalls.getUnchecked(ClientCalls.java:214)
	at org.apache.ratis.thirdparty.io.grpc.stub.ClientCalls.blockingUnaryCall(ClientCalls.java:139)
	at org.apache.ratis.proto.grpc.RaftServerProtocolServiceGrpc$RaftServerProtocolServiceBlockingStub.requestVote(RaftServerProtocolServiceGrpc.java:265)
	at org.apache.ratis.grpc.server.GrpcServerProtocolClient.requestVote(GrpcServerProtocolClient.java:83)
	at org.apache.ratis.grpc.server.GrpcService.requestVote(GrpcService.java:195)
	at org.apache.ratis.server.impl.LeaderElection.lambda$submitRequests$1(LeaderElection.java:237)
	at java.util.concurrent.FutureTask.run(FutureTask.java:266)
	at java.util.concurrent.Executors$RunnableAdapter.call(Executors.java:511)
	at java.util.concurrent.FutureTask.run(FutureTask.java:266)
	at java.util.concurrent.ThreadPoolExecutor.runWorker(ThreadPoolExecutor.java:1149)
	at java.util.concurrent.ThreadPoolExecutor$Worker.run(ThreadPoolExecutor.java:624)
	... 1 more
Caused by: org.apache.ratis.thirdparty.io.netty.channel.AbstractChannel$AnnotatedConnectException: Connection refused: /192.168.157.230:37486
	at sun.nio.ch.SocketChannelImpl.checkConnect(Native Method)
	at sun.nio.ch.SocketChannelImpl.finishConnect(SocketChannelImpl.java:717)
	at org.apache.ratis.thirdparty.io.netty.channel.socket.nio.NioSocketChannel.doFinishConnect(NioSocketChannel.java:327)
	at org.apache.ratis.thirdparty.io.netty.channel.nio.AbstractNioChannel$AbstractNioUnsafe.finishConnect(AbstractNioChannel.java:340)
	at org.apache.ratis.thirdparty.io.netty.channel.nio.NioEventLoop.processSelectedKey(NioEventLoop.java:632)
	at org.apache.ratis.thirdparty.io.netty.channel.nio.NioEventLoop.processSelectedKeysOptimized(NioEventLoop.java:579)
	at org.apache.ratis.thirdparty.io.netty.channel.nio.NioEventLoop.processSelectedKeys(NioEventLoop.java:496)
	at org.apache.ratis.thirdparty.io.netty.channel.nio.NioEventLoop.run(NioEventLoop.java:458)
	at org.apache.ratis.thirdparty.io.netty.util.concurrent.SingleThreadEventExecutor$5.run(SingleThreadEventExecutor.java:897)
	at org.apache.ratis.thirdparty.io.netty.util.concurrent.FastThreadLocalRunnable.run(FastThreadLocalRunnable.java:30)
	... 1 more
Caused by: java.net.ConnectException: Connection refused
	... 11 more
2019-07-14 01:10:05,434 INFO  impl.LeaderElection (LogUtils.java:infoOrTrace(149)) - 8fe6e7e0-7304-4bed-b7b6-ce570f033d10:group-60516799BEF2:LeaderElection56 got exception when requesting votes: {}
java.util.concurrent.ExecutionException: org.apache.ratis.thirdparty.io.grpc.StatusRuntimeException: UNAVAILABLE: io exception
	at java.util.concurrent.FutureTask.report(FutureTask.java:122)
	at java.util.concurrent.FutureTask.get(FutureTask.java:192)
	at org.apache.ratis.server.impl.LeaderElection.waitForResults(LeaderElection.java:262)
	at org.apache.ratis.server.impl.LeaderElection.askForVotes(LeaderElection.java:200)
	at org.apache.ratis.server.impl.LeaderElection.run(LeaderElection.java:130)
	at java.lang.Thread.run(Thread.java:748)
Caused by: org.apache.ratis.thirdparty.io.grpc.StatusRuntimeException: UNAVAILABLE: io exception
	at org.apache.ratis.thirdparty.io.grpc.stub.ClientCalls.toStatusRuntimeException(ClientCalls.java:233)
	at org.apache.ratis.thirdparty.io.grpc.stub.ClientCalls.getUnchecked(ClientCalls.java:214)
	at org.apache.ratis.thirdparty.io.grpc.stub.ClientCalls.blockingUnaryCall(ClientCalls.java:139)
	at org.apache.ratis.proto.grpc.RaftServerProtocolServiceGrpc$RaftServerProtocolServiceBlockingStub.requestVote(RaftServerProtocolServiceGrpc.java:265)
	at org.apache.ratis.grpc.server.GrpcServerProtocolClient.requestVote(GrpcServerProtocolClient.java:83)
	at org.apache.ratis.grpc.server.GrpcService.requestVote(GrpcService.java:195)
	at org.apache.ratis.server.impl.LeaderElection.lambda$submitRequests$1(LeaderElection.java:237)
	at java.util.concurrent.FutureTask.run(FutureTask.java:266)
	at java.util.concurrent.Executors$RunnableAdapter.call(Executors.java:511)
	at java.util.concurrent.FutureTask.run(FutureTask.java:266)
	at java.util.concurrent.ThreadPoolExecutor.runWorker(ThreadPoolExecutor.java:1149)
	at java.util.concurrent.ThreadPoolExecutor$Worker.run(ThreadPoolExecutor.java:624)
	... 1 more
Caused by: org.apache.ratis.thirdparty.io.netty.channel.AbstractChannel$AnnotatedConnectException: Connection refused: /192.168.157.230:36166
	at sun.nio.ch.SocketChannelImpl.checkConnect(Native Method)
	at sun.nio.ch.SocketChannelImpl.finishConnect(SocketChannelImpl.java:717)
	at org.apache.ratis.thirdparty.io.netty.channel.socket.nio.NioSocketChannel.doFinishConnect(NioSocketChannel.java:327)
	at org.apache.ratis.thirdparty.io.netty.channel.nio.AbstractNioChannel$AbstractNioUnsafe.finishConnect(AbstractNioChannel.java:340)
	at org.apache.ratis.thirdparty.io.netty.channel.nio.NioEventLoop.processSelectedKey(NioEventLoop.java:632)
	at org.apache.ratis.thirdparty.io.netty.channel.nio.NioEventLoop.processSelectedKeysOptimized(NioEventLoop.java:579)
	at org.apache.ratis.thirdparty.io.netty.channel.nio.NioEventLoop.processSelectedKeys(NioEventLoop.java:496)
	at org.apache.ratis.thirdparty.io.netty.channel.nio.NioEventLoop.run(NioEventLoop.java:458)
	at org.apache.ratis.thirdparty.io.netty.util.concurrent.SingleThreadEventExecutor$5.run(SingleThreadEventExecutor.java:897)
	at org.apache.ratis.thirdparty.io.netty.util.concurrent.FastThreadLocalRunnable.run(FastThreadLocalRunnable.java:30)
	... 1 more
Caused by: java.net.ConnectException: Connection refused
	... 11 more
2019-07-14 01:10:05,435 INFO  impl.LeaderElection (LeaderElection.java:logAndReturn(56)) - 8fe6e7e0-7304-4bed-b7b6-ce570f033d10:group-60516799BEF2:LeaderElection56: Election REJECTED; received 0 response(s) [] and 2 exception(s); 8fe6e7e0-7304-4bed-b7b6-ce570f033d10:t2, leader=null, voted=8fe6e7e0-7304-4bed-b7b6-ce570f033d10, raftlog=8fe6e7e0-7304-4bed-b7b6-ce570f033d10-SegmentedRaftLog:OPENED:c0,f0,i0, conf=0: [8fe6e7e0-7304-4bed-b7b6-ce570f033d10:192.168.157.230:38480, 8cb4b762-5597-4ade-ab14-b4ebb9e958cf:192.168.157.230:37486, a204c9d6-107a-4db2-9ede-40ca7b317c59:192.168.157.230:36166], old=null
2019-07-14 01:10:05,435 INFO  impl.LeaderElection (LogUtils.java:infoOrTrace(149)) -   Exception 0: {}
java.util.concurrent.ExecutionException: org.apache.ratis.thirdparty.io.grpc.StatusRuntimeException: UNAVAILABLE: io exception
	at java.util.concurrent.FutureTask.report(FutureTask.java:122)
	at java.util.concurrent.FutureTask.get(FutureTask.java:192)
	at org.apache.ratis.server.impl.LeaderElection.waitForResults(LeaderElection.java:262)
	at org.apache.ratis.server.impl.LeaderElection.askForVotes(LeaderElection.java:200)
	at org.apache.ratis.server.impl.LeaderElection.run(LeaderElection.java:130)
	at java.lang.Thread.run(Thread.java:748)
Caused by: org.apache.ratis.thirdparty.io.grpc.StatusRuntimeException: UNAVAILABLE: io exception
	at org.apache.ratis.thirdparty.io.grpc.stub.ClientCalls.toStatusRuntimeException(ClientCalls.java:233)
	at org.apache.ratis.thirdparty.io.grpc.stub.ClientCalls.getUnchecked(ClientCalls.java:214)
	at org.apache.ratis.thirdparty.io.grpc.stub.ClientCalls.blockingUnaryCall(ClientCalls.java:139)
	at org.apache.ratis.proto.grpc.RaftServerProtocolServiceGrpc$RaftServerProtocolServiceBlockingStub.requestVote(RaftServerProtocolServiceGrpc.java:265)
	at org.apache.ratis.grpc.server.GrpcServerProtocolClient.requestVote(GrpcServerProtocolClient.java:83)
	at org.apache.ratis.grpc.server.GrpcService.requestVote(GrpcService.java:195)
	at org.apache.ratis.server.impl.LeaderElection.lambda$submitRequests$1(LeaderElection.java:237)
	at java.util.concurrent.FutureTask.run(FutureTask.java:266)
	at java.util.concurrent.Executors$RunnableAdapter.call(Executors.java:511)
	at java.util.concurrent.FutureTask.run(FutureTask.java:266)
	at java.util.concurrent.ThreadPoolExecutor.runWorker(ThreadPoolExecutor.java:1149)
	at java.util.concurrent.ThreadPoolExecutor$Worker.run(ThreadPoolExecutor.java:624)
	... 1 more
Caused by: org.apache.ratis.thirdparty.io.netty.channel.AbstractChannel$AnnotatedConnectException: Connection refused: /192.168.157.230:37486
	at sun.nio.ch.SocketChannelImpl.checkConnect(Native Method)
	at sun.nio.ch.SocketChannelImpl.finishConnect(SocketChannelImpl.java:717)
	at org.apache.ratis.thirdparty.io.netty.channel.socket.nio.NioSocketChannel.doFinishConnect(NioSocketChannel.java:327)
	at org.apache.ratis.thirdparty.io.netty.channel.nio.AbstractNioChannel$AbstractNioUnsafe.finishConnect(AbstractNioChannel.java:340)
	at org.apache.ratis.thirdparty.io.netty.channel.nio.NioEventLoop.processSelectedKey(NioEventLoop.java:632)
	at org.apache.ratis.thirdparty.io.netty.channel.nio.NioEventLoop.processSelectedKeysOptimized(NioEventLoop.java:579)
	at org.apache.ratis.thirdparty.io.netty.channel.nio.NioEventLoop.processSelectedKeys(NioEventLoop.java:496)
	at org.apache.ratis.thirdparty.io.netty.channel.nio.NioEventLoop.run(NioEventLoop.java:458)
	at org.apache.ratis.thirdparty.io.netty.util.concurrent.SingleThreadEventExecutor$5.run(SingleThreadEventExecutor.java:897)
	at org.apache.ratis.thirdparty.io.netty.util.concurrent.FastThreadLocalRunnable.run(FastThreadLocalRunnable.java:30)
	... 1 more
Caused by: java.net.ConnectException: Connection refused
	... 11 more
2019-07-14 01:10:05,436 INFO  impl.LeaderElection (LogUtils.java:infoOrTrace(149)) -   Exception 1: {}
java.util.concurrent.ExecutionException: org.apache.ratis.thirdparty.io.grpc.StatusRuntimeException: UNAVAILABLE: io exception
	at java.util.concurrent.FutureTask.report(FutureTask.java:122)
	at java.util.concurrent.FutureTask.get(FutureTask.java:192)
	at org.apache.ratis.server.impl.LeaderElection.waitForResults(LeaderElection.java:262)
	at org.apache.ratis.server.impl.LeaderElection.askForVotes(LeaderElection.java:200)
	at org.apache.ratis.server.impl.LeaderElection.run(LeaderElection.java:130)
	at java.lang.Thread.run(Thread.java:748)
Caused by: org.apache.ratis.thirdparty.io.grpc.StatusRuntimeException: UNAVAILABLE: io exception
	at org.apache.ratis.thirdparty.io.grpc.stub.ClientCalls.toStatusRuntimeException(ClientCalls.java:233)
	at org.apache.ratis.thirdparty.io.grpc.stub.ClientCalls.getUnchecked(ClientCalls.java:214)
	at org.apache.ratis.thirdparty.io.grpc.stub.ClientCalls.blockingUnaryCall(ClientCalls.java:139)
	at org.apache.ratis.proto.grpc.RaftServerProtocolServiceGrpc$RaftServerProtocolServiceBlockingStub.requestVote(RaftServerProtocolServiceGrpc.java:265)
	at org.apache.ratis.grpc.server.GrpcServerProtocolClient.requestVote(GrpcServerProtocolClient.java:83)
	at org.apache.ratis.grpc.server.GrpcService.requestVote(GrpcService.java:195)
	at org.apache.ratis.server.impl.LeaderElection.lambda$submitRequests$1(LeaderElection.java:237)
	at java.util.concurrent.FutureTask.run(FutureTask.java:266)
	at java.util.concurrent.Executors$RunnableAdapter.call(Executors.java:511)
	at java.util.concurrent.FutureTask.run(FutureTask.java:266)
	at java.util.concurrent.ThreadPoolExecutor.runWorker(ThreadPoolExecutor.java:1149)
	at java.util.concurrent.ThreadPoolExecutor$Worker.run(ThreadPoolExecutor.java:624)
	... 1 more
Caused by: org.apache.ratis.thirdparty.io.netty.channel.AbstractChannel$AnnotatedConnectException: Connection refused: /192.168.157.230:36166
	at sun.nio.ch.SocketChannelImpl.checkConnect(Native Method)
	at sun.nio.ch.SocketChannelImpl.finishConnect(SocketChannelImpl.java:717)
	at org.apache.ratis.thirdparty.io.netty.channel.socket.nio.NioSocketChannel.doFinishConnect(NioSocketChannel.java:327)
	at org.apache.ratis.thirdparty.io.netty.channel.nio.AbstractNioChannel$AbstractNioUnsafe.finishConnect(AbstractNioChannel.java:340)
	at org.apache.ratis.thirdparty.io.netty.channel.nio.NioEventLoop.processSelectedKey(NioEventLoop.java:632)
	at org.apache.ratis.thirdparty.io.netty.channel.nio.NioEventLoop.processSelectedKeysOptimized(NioEventLoop.java:579)
	at org.apache.ratis.thirdparty.io.netty.channel.nio.NioEventLoop.processSelectedKeys(NioEventLoop.java:496)
	at org.apache.ratis.thirdparty.io.netty.channel.nio.NioEventLoop.run(NioEventLoop.java:458)
	at org.apache.ratis.thirdparty.io.netty.util.concurrent.SingleThreadEventExecutor$5.run(SingleThreadEventExecutor.java:897)
	at org.apache.ratis.thirdparty.io.netty.util.concurrent.FastThreadLocalRunnable.run(FastThreadLocalRunnable.java:30)
	... 1 more
Caused by: java.net.ConnectException: Connection refused
	... 11 more
2019-07-14 01:10:05,436 INFO  impl.RaftServerImpl (RaftServerImpl.java:setRole(171)) - 8fe6e7e0-7304-4bed-b7b6-ce570f033d10:group-60516799BEF2 changes role from CANDIDATE to FOLLOWER at term 2 for DISCOVERED_A_NEW_TERM
2019-07-14 01:10:05,436 INFO  impl.RoleInfo (RoleInfo.java:shutdownLeaderElection(134)) - 8fe6e7e0-7304-4bed-b7b6-ce570f033d10: shutdown LeaderElection
2019-07-14 01:10:05,436 INFO  impl.RoleInfo (RoleInfo.java:updateAndGet(143)) - 8fe6e7e0-7304-4bed-b7b6-ce570f033d10: start FollowerState
2019-07-14 01:10:07,658 INFO  node.StaleNodeHandler (StaleNodeHandler.java:onMessage(58)) - Datanode 8fe6e7e0-7304-4bed-b7b6-ce570f033d10{ip: 192.168.157.230, host: trunk-nightly-sxkq5-3320257302, networkLocation: /default-rack, certSerialId: null} moved to stale state. Finalizing its pipelines [PipelineID=68cb98cd-f256-4dc5-bcec-60516799bef2, PipelineID=580ef5b3-a91e-4773-8d31-6bca64fc703a]
2019-07-14 01:10:07,658 INFO  pipeline.SCMPipelineManager (SCMPipelineManager.java:finalizeAndDestroyPipeline(309)) - destroying pipeline:Pipeline[ Id: 68cb98cd-f256-4dc5-bcec-60516799bef2, Nodes: a204c9d6-107a-4db2-9ede-40ca7b317c59{ip: 192.168.157.230, host: trunk-nightly-sxkq5-3320257302, networkLocation: /default-rack, certSerialId: null}8cb4b762-5597-4ade-ab14-b4ebb9e958cf{ip: 192.168.157.230, host: trunk-nightly-sxkq5-3320257302, networkLocation: /default-rack, certSerialId: null}8fe6e7e0-7304-4bed-b7b6-ce570f033d10{ip: 192.168.157.230, host: trunk-nightly-sxkq5-3320257302, networkLocation: /default-rack, certSerialId: null}, Type:RATIS, Factor:THREE, State:CLOSED]
2019-07-14 01:10:07,658 INFO  pipeline.SCMPipelineManager (SCMPipelineManager.java:finalizeAndDestroyPipeline(309)) - destroying pipeline:Pipeline[ Id: 580ef5b3-a91e-4773-8d31-6bca64fc703a, Nodes: 8fe6e7e0-7304-4bed-b7b6-ce570f033d10{ip: 192.168.157.230, host: trunk-nightly-sxkq5-3320257302, networkLocation: /default-rack, certSerialId: null}, Type:RATIS, Factor:ONE, State:OPEN]
2019-07-14 01:10:07,659 INFO  pipeline.PipelineStateManager (PipelineStateManager.java:finalizePipeline(123)) - Pipeline Pipeline[ Id: 580ef5b3-a91e-4773-8d31-6bca64fc703a, Nodes: 8fe6e7e0-7304-4bed-b7b6-ce570f033d10{ip: 192.168.157.230, host: trunk-nightly-sxkq5-3320257302, networkLocation: /default-rack, certSerialId: null}, Type:RATIS, Factor:ONE, State:CLOSED] moved to CLOSED state
2019-07-14 01:10:07,811 INFO  ozoneimpl.OzoneContainer (OzoneContainer.java:stop(199)) - Attempting to stop container services.
2019-07-14 01:10:07,812 INFO  impl.RaftServerProxy (RaftServerProxy.java:lambda$close$4(314)) - 8fe6e7e0-7304-4bed-b7b6-ce570f033d10: close
2019-07-14 01:10:07,813 INFO  impl.RaftServerImpl (RaftServerImpl.java:lambda$shutdown$3(245)) - 8fe6e7e0-7304-4bed-b7b6-ce570f033d10: shutdown group-60516799BEF2
2019-07-14 01:10:07,813 INFO  impl.RaftServerImpl (RaftServerImpl.java:lambda$shutdown$3(245)) - 8fe6e7e0-7304-4bed-b7b6-ce570f033d10: shutdown group-6BCA64FC703A
2019-07-14 01:10:07,813 INFO  util.JmxRegister (JmxRegister.java:unregister(73)) - Successfully un-registered JMX Bean with object name Ratis:service=RaftServer,group=group-60516799BEF2,id=8fe6e7e0-7304-4bed-b7b6-ce570f033d10
2019-07-14 01:10:07,814 INFO  impl.RoleInfo (RoleInfo.java:shutdownFollowerState(121)) - 8fe6e7e0-7304-4bed-b7b6-ce570f033d10: shutdown FollowerState
2019-07-14 01:10:07,814 INFO  impl.StateMachineUpdater (StateMachineUpdater.java:stopAndJoin(115)) - StateMachineUpdater:8fe6e7e0-7304-4bed-b7b6-ce570f033d10:group-60516799BEF2: set stopIndex = 0
2019-07-14 01:10:07,813 INFO  util.JmxRegister (JmxRegister.java:unregister(73)) - Successfully un-registered JMX Bean with object name Ratis:service=RaftServer,group=group-6BCA64FC703A,id=8fe6e7e0-7304-4bed-b7b6-ce570f033d10
2019-07-14 01:10:07,814 INFO  impl.FollowerState (FollowerState.java:run(114)) - 8fe6e7e0-7304-4bed-b7b6-ce570f033d10: FollowerState was interrupted: java.lang.InterruptedException: sleep interrupted
2019-07-14 01:10:07,814 INFO  ratis.ContainerStateMachine (ContainerStateMachine.java:takeSnapshot(246)) - Taking snapshot at termIndex:(t:0, i:~)
2019-07-14 01:10:07,815 INFO  impl.RoleInfo (RoleInfo.java:shutdownLeaderState(104)) - 8fe6e7e0-7304-4bed-b7b6-ce570f033d10: shutdown LeaderState
2019-07-14 01:10:07,817 INFO  impl.RaftServerImpl (ServerState.java:close(394)) - 8fe6e7e0-7304-4bed-b7b6-ce570f033d10:group-60516799BEF2 closes. The last applied log index is 0
2019-07-14 01:10:07,817 INFO  impl.PendingRequests (PendingRequests.java:sendNotLeaderResponses(202)) - 8fe6e7e0-7304-4bed-b7b6-ce570f033d10-PendingRequests: sendNotLeaderResponses
2019-07-14 01:10:07,818 INFO  segmented.SegmentedRaftLogWorker (SegmentedRaftLogWorker.java:run(313)) - 8fe6e7e0-7304-4bed-b7b6-ce570f033d10-SegmentedRaftLogWorker:Storage Directory /tmp/workdir/hadoop-ozone/integration-test/target/test-dir/MiniOzoneClusterImpl-be3e5e2d-80a6-43b2-9494-bdc454344409/datanode-5/data/ratis/68cb98cd-f256-4dc5-bcec-60516799bef2 was interrupted, exiting. There are 0 tasks remaining in the queue.
2019-07-14 01:10:07,818 INFO  ratis.ContainerStateMachine (ContainerStateMachine.java:takeSnapshot(246)) - Taking snapshot at termIndex:(t:0, i:~)
2019-07-14 01:10:07,818 INFO  impl.StateMachineUpdater (StateMachineUpdater.java:stopAndJoin(115)) - StateMachineUpdater:8fe6e7e0-7304-4bed-b7b6-ce570f033d10:group-6BCA64FC703A: set stopIndex = 0
2019-07-14 01:10:07,818 INFO  segmented.SegmentedRaftLogWorker (SegmentedRaftLogWorker.java:close(228)) - 8fe6e7e0-7304-4bed-b7b6-ce570f033d10-SegmentedRaftLogWorker:Storage Directory /tmp/workdir/hadoop-ozone/integration-test/target/test-dir/MiniOzoneClusterImpl-be3e5e2d-80a6-43b2-9494-bdc454344409/datanode-5/data/ratis/68cb98cd-f256-4dc5-bcec-60516799bef2 close()
2019-07-14 01:10:07,818 INFO  impl.RaftServerImpl (ServerState.java:close(394)) - 8fe6e7e0-7304-4bed-b7b6-ce570f033d10:group-6BCA64FC703A closes. The last applied log index is 0
2019-07-14 01:10:07,819 INFO  segmented.SegmentedRaftLogWorker (SegmentedRaftLogWorker.java:run(313)) - 8fe6e7e0-7304-4bed-b7b6-ce570f033d10-SegmentedRaftLogWorker:Storage Directory /tmp/workdir/hadoop-ozone/integration-test/target/test-dir/MiniOzoneClusterImpl-be3e5e2d-80a6-43b2-9494-bdc454344409/datanode-5/data/ratis/580ef5b3-a91e-4773-8d31-6bca64fc703a was interrupted, exiting. There are 0 tasks remaining in the queue.
2019-07-14 01:10:07,819 INFO  segmented.SegmentedRaftLogWorker (SegmentedRaftLogWorker.java:close(228)) - 8fe6e7e0-7304-4bed-b7b6-ce570f033d10-SegmentedRaftLogWorker:Storage Directory /tmp/workdir/hadoop-ozone/integration-test/target/test-dir/MiniOzoneClusterImpl-be3e5e2d-80a6-43b2-9494-bdc454344409/datanode-5/data/ratis/580ef5b3-a91e-4773-8d31-6bca64fc703a close()
2019-07-14 01:10:07,820 INFO  server.GrpcService (GrpcService.java:closeImpl(155)) - 8fe6e7e0-7304-4bed-b7b6-ce570f033d10: shutdown server with port 38480 now
2019-07-14 01:10:07,820 INFO  server.GrpcService (GrpcService.java:closeImpl(163)) - 8fe6e7e0-7304-4bed-b7b6-ce570f033d10: shutdown server with port 38480 successfully
2019-07-14 01:10:07,822 INFO  utils.BackgroundService (BackgroundService.java:shutdown(148)) - Shutting down service BlockDeletingService
2019-07-14 01:10:07,823 WARN  fs.CachingGetSpaceUsed (CachingGetSpaceUsed.java:run(183)) - Thread Interrupted waiting to refresh disk information: sleep interrupted
2019-07-14 01:10:07,841 INFO  statemachine.DatanodeStateMachine (DatanodeStateMachine.java:stopDaemon(395)) - Ozone container server stopped.
2019-07-14 01:10:07,853 INFO  handler.ContextHandler (ContextHandler.java:doStop(910)) - Stopped o.e.j.w.WebAppContext@4b1ad751{/,null,UNAVAILABLE}{/hddsDatanode}
2019-07-14 01:10:07,854 INFO  server.AbstractConnector (AbstractConnector.java:doStop(318)) - Stopped ServerConnector@4d0e6424{HTTP/1.1,[http/1.1]}{0.0.0.0:0}
2019-07-14 01:10:07,855 INFO  handler.ContextHandler (ContextHandler.java:doStop(910)) - Stopped o.e.j.s.ServletContextHandler@7e864fa4{/static,jar:file:/home/user/.m2/repository/org/apache/hadoop/hadoop-hdds-container-service/0.5.0-SNAPSHOT/hadoop-hdds-container-service-0.5.0-SNAPSHOT.jar!/webapps/static,UNAVAILABLE}
2019-07-14 01:10:07,855 INFO  handler.ContextHandler (ContextHandler.java:doStop(910)) - Stopped o.e.j.s.ServletContextHandler@1c3400df{/logs,file:///tmp/workdir/hadoop-ozone/integration-test/target/log,UNAVAILABLE}
2019-07-14 01:10:07,856 INFO  ozone.MiniOzoneClusterImpl (MiniOzoneClusterImpl.java:stop(353)) - Stopping the StorageContainerManager
2019-07-14 01:10:07,856 INFO  server.StorageContainerManager (StorageContainerManager.java:stop(796)) - Stopping Replication Manager Service.
2019-07-14 01:10:07,857 INFO  container.ReplicationManager (ReplicationManager.java:stop(187)) - Stopping Replication Monitor Thread.
2019-07-14 01:10:07,857 INFO  server.StorageContainerManager (StorageContainerManager.java:stop(803)) - Stopping Lease Manager of the command watchers
2019-07-14 01:10:07,857 INFO  server.StorageContainerManager (StorageContainerManager.java:stop(810)) - Stopping datanode service RPC server
2019-07-14 01:10:07,857 INFO  server.SCMDatanodeProtocolServer (SCMDatanodeProtocolServer.java:stop(375)) - Stopping the RPC server for DataNodes
2019-07-14 01:10:07,857 INFO  ipc.Server (Server.java:stop(3082)) - Stopping server on 40076
2019-07-14 01:10:07,859 INFO  ipc.Server (Server.java:run(1185)) - Stopping IPC Server listener on 40076
2019-07-14 01:10:07,859 INFO  ipc.Server (Server.java:run(1319)) - Stopping IPC Server Responder
2019-07-14 01:10:07,958 WARN  node.NodeStateManager (NodeStateManager.java:scheduleNextHealthCheck(631)) - Current Thread is interrupted, shutting down HB processing thread for Node Manager.
2019-07-14 01:10:07,958 INFO  server.StorageContainerManager (StorageContainerManager.java:stop(818)) - Stopping block service RPC server
2019-07-14 01:10:07,958 INFO  server.SCMBlockProtocolServer (SCMBlockProtocolServer.java:stop(148)) - Stopping the RPC server for Block Protocol
2019-07-14 01:10:07,959 INFO  ipc.Server (Server.java:stop(3082)) - Stopping server on 39071
2019-07-14 01:10:07,961 INFO  ipc.Server (Server.java:run(1185)) - Stopping IPC Server listener on 39071
2019-07-14 01:10:07,961 INFO  server.StorageContainerManager (StorageContainerManager.java:stop(825)) - Stopping the StorageContainerLocationProtocol RPC server
2019-07-14 01:10:07,962 INFO  server.SCMClientProtocolServer (SCMClientProtocolServer.java:stop(157)) - Stopping the RPC server for Client Protocol
2019-07-14 01:10:07,961 INFO  ipc.Server (Server.java:run(1319)) - Stopping IPC Server Responder
2019-07-14 01:10:07,962 INFO  ipc.Server (Server.java:stop(3082)) - Stopping server on 42639
2019-07-14 01:10:07,965 INFO  ipc.Server (Server.java:run(1185)) - Stopping IPC Server listener on 42639
2019-07-14 01:10:07,965 INFO  server.StorageContainerManager (StorageContainerManager.java:stop(832)) - Stopping Storage Container Manager HTTP server.
2019-07-14 01:10:07,965 INFO  ipc.Server (Server.java:run(1319)) - Stopping IPC Server Responder
2019-07-14 01:10:07,970 INFO  handler.ContextHandler (ContextHandler.java:doStop(910)) - Stopped o.e.j.w.WebAppContext@811d8d6{/,null,UNAVAILABLE}{/scm}
2019-07-14 01:10:07,970 INFO  server.AbstractConnector (AbstractConnector.java:doStop(318)) - Stopped ServerConnector@7f57a7a4{HTTP/1.1,[http/1.1]}{0.0.0.0:0}
2019-07-14 01:10:07,971 INFO  handler.ContextHandler (ContextHandler.java:doStop(910)) - Stopped o.e.j.s.ServletContextHandler@628aea61{/static,file:///tmp/workdir/hadoop-ozone/integration-test/target/test-classes/webapps/static,UNAVAILABLE}
2019-07-14 01:10:07,971 INFO  handler.ContextHandler (ContextHandler.java:doStop(910)) - Stopped o.e.j.s.ServletContextHandler@6b286640{/logs,file:///tmp/workdir/hadoop-ozone/integration-test/target/log,UNAVAILABLE}
2019-07-14 01:10:07,972 INFO  server.StorageContainerManager (StorageContainerManager.java:stop(843)) - Stopping Block Manager Service.
2019-07-14 01:10:07,972 INFO  utils.BackgroundService (BackgroundService.java:shutdown(148)) - Shutting down service SCMBlockDeletingService
2019-07-14 01:10:07,973 INFO  utils.BackgroundService (BackgroundService.java:shutdown(148)) - Shutting down service SCMBlockDeletingService
2019-07-14 01:10:07,973 INFO  server.StorageContainerManager (StorageContainerManager.java:stop(865)) - Stopping SCM Event Queue.
2019-07-14 01:10:07,978 INFO  impl.MetricsSystemImpl (MetricsSystemImpl.java:stop(210)) - Stopping HddsDatanode metrics system...
2019-07-14 01:10:07,985 INFO  impl.MetricsSystemImpl (MetricsSystemImpl.java:stop(216)) - HddsDatanode metrics system stopped.
]]></system-out>
    <system-err><![CDATA[Jul 14, 2019 1:09:34 AM com.sun.jersey.server.impl.application.WebApplicationImpl _initiate
INFO: Initiating Jersey application, version 'Jersey: 1.19 02/11/2015 03:25 AM'
Jul 14, 2019 1:09:34 AM com.sun.jersey.server.impl.application.WebApplicationImpl _initiate
INFO: Initiating Jersey application, version 'Jersey: 1.19 02/11/2015 03:25 AM'
Jul 14, 2019 1:09:35 AM com.sun.jersey.server.impl.application.WebApplicationImpl _initiate
INFO: Initiating Jersey application, version 'Jersey: 1.19 02/11/2015 03:25 AM'
Jul 14, 2019 1:09:35 AM com.sun.jersey.server.impl.application.WebApplicationImpl _initiate
INFO: Initiating Jersey application, version 'Jersey: 1.19 02/11/2015 03:25 AM'
Jul 14, 2019 1:09:35 AM com.sun.jersey.server.impl.application.WebApplicationImpl _initiate
INFO: Initiating Jersey application, version 'Jersey: 1.19 02/11/2015 03:25 AM'
Jul 14, 2019 1:09:35 AM com.sun.jersey.server.impl.application.WebApplicationImpl _initiate
INFO: Initiating Jersey application, version 'Jersey: 1.19 02/11/2015 03:25 AM'
Jul 14, 2019 1:09:35 AM com.sun.jersey.server.impl.application.WebApplicationImpl _initiate
INFO: Initiating Jersey application, version 'Jersey: 1.19 02/11/2015 03:25 AM'
Jul 14, 2019 1:09:38 AM org.apache.ratis.thirdparty.io.grpc.internal.ManagedChannelOrphanWrapper$ManagedChannelReference cleanQueue
SEVERE: *~*~*~ Channel ManagedChannelImpl{logId=2337, target=192.168.157.230:39168} was not shutdown properly!!! ~*~*~*
    Make sure to call shutdown()/shutdownNow() and wait until awaitTermination() returns true.
java.lang.RuntimeException: ManagedChannel allocation site
	at org.apache.ratis.thirdparty.io.grpc.internal.ManagedChannelOrphanWrapper$ManagedChannelReference.<init>(ManagedChannelOrphanWrapper.java:103)
	at org.apache.ratis.thirdparty.io.grpc.internal.ManagedChannelOrphanWrapper.<init>(ManagedChannelOrphanWrapper.java:53)
	at org.apache.ratis.thirdparty.io.grpc.internal.ManagedChannelOrphanWrapper.<init>(ManagedChannelOrphanWrapper.java:44)
	at org.apache.ratis.thirdparty.io.grpc.internal.AbstractManagedChannelImplBuilder.build(AbstractManagedChannelImplBuilder.java:411)
	at org.apache.hadoop.hdds.scm.XceiverClientGrpc.connectToDatanode(XceiverClientGrpc.java:172)
	at org.apache.hadoop.hdds.scm.XceiverClientGrpc.reconnect(XceiverClientGrpc.java:417)
	at org.apache.hadoop.hdds.scm.XceiverClientGrpc.sendCommandAsync(XceiverClientGrpc.java:366)
	at org.apache.hadoop.hdds.scm.XceiverClientGrpc.sendCommandWithRetry(XceiverClientGrpc.java:279)
	at org.apache.hadoop.hdds.scm.XceiverClientGrpc.sendCommandWithTraceIDAndRetry(XceiverClientGrpc.java:248)
	at org.apache.hadoop.hdds.scm.XceiverClientGrpc.sendCommand(XceiverClientGrpc.java:231)
	at org.apache.hadoop.hdds.scm.storage.ContainerProtocolCalls.getBlock(ContainerProtocolCalls.java:118)
	at org.apache.hadoop.hdds.scm.storage.BlockInputStream.getChunkInfos(BlockInputStream.java:167)
	at org.apache.hadoop.hdds.scm.storage.BlockInputStream.initialize(BlockInputStream.java:118)
	at org.apache.hadoop.hdds.scm.storage.BlockInputStream.read(BlockInputStream.java:222)
	at org.apache.hadoop.ozone.client.io.KeyInputStream.read(KeyInputStream.java:171)
	at org.apache.hadoop.ozone.client.io.OzoneInputStream.read(OzoneInputStream.java:47)
	at java.io.InputStream.read(InputStream.java:101)
	at org.apache.hadoop.ozone.container.ContainerTestHelper.validateData(ContainerTestHelper.java:709)
	at org.apache.hadoop.ozone.client.rpc.TestBlockOutputStreamWithFailures.validateData(TestBlockOutputStreamWithFailures.java:1212)
	at org.apache.hadoop.ozone.client.rpc.TestBlockOutputStreamWithFailures.testDatanodeFailureWithSingleNodeRatis(TestBlockOutputStreamWithFailures.java:1054)
	at sun.reflect.NativeMethodAccessorImpl.invoke0(Native Method)
	at sun.reflect.NativeMethodAccessorImpl.invoke(NativeMethodAccessorImpl.java:62)
	at sun.reflect.DelegatingMethodAccessorImpl.invoke(DelegatingMethodAccessorImpl.java:43)
	at java.lang.reflect.Method.invoke(Method.java:498)
	at org.junit.runners.model.FrameworkMethod$1.runReflectiveCall(FrameworkMethod.java:47)
	at org.junit.internal.runners.model.ReflectiveCallable.run(ReflectiveCallable.java:12)
	at org.junit.runners.model.FrameworkMethod.invokeExplosively(FrameworkMethod.java:44)
	at org.junit.internal.runners.statements.InvokeMethod.evaluate(InvokeMethod.java:17)
	at org.junit.internal.runners.statements.RunBefores.evaluate(RunBefores.java:26)
	at org.junit.internal.runners.statements.RunAfters.evaluate(RunAfters.java:27)
	at org.junit.runners.ParentRunner.runLeaf(ParentRunner.java:271)
	at org.junit.runners.BlockJUnit4ClassRunner.runChild(BlockJUnit4ClassRunner.java:70)
	at org.junit.runners.BlockJUnit4ClassRunner.runChild(BlockJUnit4ClassRunner.java:50)
	at org.junit.runners.ParentRunner$3.run(ParentRunner.java:238)
	at org.junit.runners.ParentRunner$1.schedule(ParentRunner.java:63)
	at org.junit.runners.ParentRunner.runChildren(ParentRunner.java:236)
	at org.junit.runners.ParentRunner.access$000(ParentRunner.java:53)
	at org.junit.runners.ParentRunner$2.evaluate(ParentRunner.java:229)
	at org.junit.runners.ParentRunner.run(ParentRunner.java:309)
	at org.apache.maven.surefire.junit4.JUnit4Provider.execute(JUnit4Provider.java:365)
	at org.apache.maven.surefire.junit4.JUnit4Provider.executeWithRerun(JUnit4Provider.java:273)
	at org.apache.maven.surefire.junit4.JUnit4Provider.executeTestSet(JUnit4Provider.java:238)
	at org.apache.maven.surefire.junit4.JUnit4Provider.invoke(JUnit4Provider.java:159)
	at org.apache.maven.surefire.booter.ForkedBooter.invokeProviderInSameClassLoader(ForkedBooter.java:384)
	at org.apache.maven.surefire.booter.ForkedBooter.runSuitesInProcess(ForkedBooter.java:345)
	at org.apache.maven.surefire.booter.ForkedBooter.execute(ForkedBooter.java:126)
	at org.apache.maven.surefire.booter.ForkedBooter.main(ForkedBooter.java:418)

Jul 14, 2019 1:09:38 AM org.apache.ratis.thirdparty.io.grpc.internal.ManagedChannelOrphanWrapper$ManagedChannelReference cleanQueue
SEVERE: *~*~*~ Channel ManagedChannelImpl{logId=2307, target=192.168.157.230:42812} was not shutdown properly!!! ~*~*~*
    Make sure to call shutdown()/shutdownNow() and wait until awaitTermination() returns true.
java.lang.RuntimeException: ManagedChannel allocation site
	at org.apache.ratis.thirdparty.io.grpc.internal.ManagedChannelOrphanWrapper$ManagedChannelReference.<init>(ManagedChannelOrphanWrapper.java:103)
	at org.apache.ratis.thirdparty.io.grpc.internal.ManagedChannelOrphanWrapper.<init>(ManagedChannelOrphanWrapper.java:53)
	at org.apache.ratis.thirdparty.io.grpc.internal.ManagedChannelOrphanWrapper.<init>(ManagedChannelOrphanWrapper.java:44)
	at org.apache.ratis.thirdparty.io.grpc.internal.AbstractManagedChannelImplBuilder.build(AbstractManagedChannelImplBuilder.java:411)
	at org.apache.ratis.grpc.client.GrpcClientProtocolClient.<init>(GrpcClientProtocolClient.java:119)
	at org.apache.ratis.grpc.client.GrpcClientRpc.lambda$new$0(GrpcClientRpc.java:55)
	at org.apache.ratis.util.PeerProxyMap$PeerAndProxy.lambda$getProxy$0(PeerProxyMap.java:61)
	at org.apache.ratis.util.LifeCycle.startAndTransition(LifeCycle.java:202)
	at org.apache.ratis.util.PeerProxyMap$PeerAndProxy.getProxy(PeerProxyMap.java:60)
	at org.apache.ratis.util.PeerProxyMap.getProxy(PeerProxyMap.java:107)
	at org.apache.ratis.grpc.client.GrpcClientRpc.sendRequestAsync(GrpcClientRpc.java:66)
	at org.apache.ratis.client.impl.OrderedAsync.sendRequest(OrderedAsync.java:208)
	at org.apache.ratis.client.impl.OrderedAsync.sendRequestWithRetry(OrderedAsync.java:169)
	at org.apache.ratis.util.SlidingWindow$Client.sendOrDelayRequest(SlidingWindow.java:278)
	at org.apache.ratis.util.SlidingWindow$Client.submitNewRequest(SlidingWindow.java:257)
	at org.apache.ratis.client.impl.OrderedAsync.send(OrderedAsync.java:155)
	at org.apache.ratis.client.impl.RaftClientImpl.sendAsync(RaftClientImpl.java:145)
	at org.apache.ratis.client.impl.RaftClientImpl.sendAsync(RaftClientImpl.java:125)
	at org.apache.hadoop.hdds.scm.XceiverClientRatis.sendRequestAsync(XceiverClientRatis.java:224)
	at org.apache.hadoop.hdds.scm.XceiverClientRatis.sendCommandAsync(XceiverClientRatis.java:302)
	at org.apache.hadoop.hdds.scm.storage.ContainerProtocolCalls.writeChunkAsync(ContainerProtocolCalls.java:310)
	at org.apache.hadoop.hdds.scm.storage.BlockOutputStream.writeChunkToContainer(BlockOutputStream.java:610)
	at org.apache.hadoop.hdds.scm.storage.BlockOutputStream.writeChunk(BlockOutputStream.java:467)
	at org.apache.hadoop.hdds.scm.storage.BlockOutputStream.writeOnRetry(BlockOutputStream.java:293)
	at org.apache.hadoop.ozone.client.io.BlockOutputStreamEntry.writeOnRetry(BlockOutputStreamEntry.java:200)
	at org.apache.hadoop.ozone.client.io.KeyOutputStream.handleWrite(KeyOutputStream.java:209)
	at org.apache.hadoop.ozone.client.io.KeyOutputStream.handleRetry(KeyOutputStream.java:376)
	at org.apache.hadoop.ozone.client.io.KeyOutputStream.handleException(KeyOutputStream.java:325)
	at org.apache.hadoop.ozone.client.io.KeyOutputStream.handleFlushOrClose(KeyOutputStream.java:448)
	at org.apache.hadoop.ozone.client.io.KeyOutputStream.handleWrite(KeyOutputStream.java:235)
	at org.apache.hadoop.ozone.client.io.KeyOutputStream.write(KeyOutputStream.java:193)
	at org.apache.hadoop.ozone.client.io.OzoneOutputStream.write(OzoneOutputStream.java:49)
	at java.io.OutputStream.write(OutputStream.java:75)
	at org.apache.hadoop.ozone.client.rpc.TestBlockOutputStreamWithFailures.testDatanodeFailureWithSingleNodeRatis(TestBlockOutputStreamWithFailures.java:1017)
	at sun.reflect.NativeMethodAccessorImpl.invoke0(Native Method)
	at sun.reflect.NativeMethodAccessorImpl.invoke(NativeMethodAccessorImpl.java:62)
	at sun.reflect.DelegatingMethodAccessorImpl.invoke(DelegatingMethodAccessorImpl.java:43)
	at java.lang.reflect.Method.invoke(Method.java:498)
	at org.junit.runners.model.FrameworkMethod$1.runReflectiveCall(FrameworkMethod.java:47)
	at org.junit.internal.runners.model.ReflectiveCallable.run(ReflectiveCallable.java:12)
	at org.junit.runners.model.FrameworkMethod.invokeExplosively(FrameworkMethod.java:44)
	at org.junit.internal.runners.statements.InvokeMethod.evaluate(InvokeMethod.java:17)
	at org.junit.internal.runners.statements.RunBefores.evaluate(RunBefores.java:26)
	at org.junit.internal.runners.statements.RunAfters.evaluate(RunAfters.java:27)
	at org.junit.runners.ParentRunner.runLeaf(ParentRunner.java:271)
	at org.junit.runners.BlockJUnit4ClassRunner.runChild(BlockJUnit4ClassRunner.java:70)
	at org.junit.runners.BlockJUnit4ClassRunner.runChild(BlockJUnit4ClassRunner.java:50)
	at org.junit.runners.ParentRunner$3.run(ParentRunner.java:238)
	at org.junit.runners.ParentRunner$1.schedule(ParentRunner.java:63)
	at org.junit.runners.ParentRunner.runChildren(ParentRunner.java:236)
	at org.junit.runners.ParentRunner.access$000(ParentRunner.java:53)
	at org.junit.runners.ParentRunner$2.evaluate(ParentRunner.java:229)
	at org.junit.runners.ParentRunner.run(ParentRunner.java:309)
	at org.apache.maven.surefire.junit4.JUnit4Provider.execute(JUnit4Provider.java:365)
	at org.apache.maven.surefire.junit4.JUnit4Provider.executeWithRerun(JUnit4Provider.java:273)
	at org.apache.maven.surefire.junit4.JUnit4Provider.executeTestSet(JUnit4Provider.java:238)
	at org.apache.maven.surefire.junit4.JUnit4Provider.invoke(JUnit4Provider.java:159)
	at org.apache.maven.surefire.booter.ForkedBooter.invokeProviderInSameClassLoader(ForkedBooter.java:384)
	at org.apache.maven.surefire.booter.ForkedBooter.runSuitesInProcess(ForkedBooter.java:345)
	at org.apache.maven.surefire.booter.ForkedBooter.execute(ForkedBooter.java:126)
	at org.apache.maven.surefire.booter.ForkedBooter.main(ForkedBooter.java:418)

Jul 14, 2019 1:09:38 AM org.apache.ratis.thirdparty.io.grpc.internal.ManagedChannelOrphanWrapper$ManagedChannelReference cleanQueue
SEVERE: *~*~*~ Channel ManagedChannelImpl{logId=2332, target=192.168.157.230:33349} was not shutdown properly!!! ~*~*~*
    Make sure to call shutdown()/shutdownNow() and wait until awaitTermination() returns true.
java.lang.RuntimeException: ManagedChannel allocation site
	at org.apache.ratis.thirdparty.io.grpc.internal.ManagedChannelOrphanWrapper$ManagedChannelReference.<init>(ManagedChannelOrphanWrapper.java:103)
	at org.apache.ratis.thirdparty.io.grpc.internal.ManagedChannelOrphanWrapper.<init>(ManagedChannelOrphanWrapper.java:53)
	at org.apache.ratis.thirdparty.io.grpc.internal.ManagedChannelOrphanWrapper.<init>(ManagedChannelOrphanWrapper.java:44)
	at org.apache.ratis.thirdparty.io.grpc.internal.AbstractManagedChannelImplBuilder.build(AbstractManagedChannelImplBuilder.java:411)
	at org.apache.hadoop.hdds.scm.XceiverClientGrpc.connectToDatanode(XceiverClientGrpc.java:172)
	at org.apache.hadoop.hdds.scm.XceiverClientGrpc.reconnect(XceiverClientGrpc.java:417)
	at org.apache.hadoop.hdds.scm.XceiverClientGrpc.sendCommandAsync(XceiverClientGrpc.java:366)
	at org.apache.hadoop.hdds.scm.XceiverClientGrpc.sendCommandWithRetry(XceiverClientGrpc.java:279)
	at org.apache.hadoop.hdds.scm.XceiverClientGrpc.sendCommandWithTraceIDAndRetry(XceiverClientGrpc.java:248)
	at org.apache.hadoop.hdds.scm.XceiverClientGrpc.sendCommand(XceiverClientGrpc.java:231)
	at org.apache.hadoop.hdds.scm.storage.ContainerProtocolCalls.getBlock(ContainerProtocolCalls.java:118)
	at org.apache.hadoop.hdds.scm.storage.BlockInputStream.getChunkInfos(BlockInputStream.java:167)
	at org.apache.hadoop.hdds.scm.storage.BlockInputStream.initialize(BlockInputStream.java:118)
	at org.apache.hadoop.hdds.scm.storage.BlockInputStream.read(BlockInputStream.java:222)
	at org.apache.hadoop.ozone.client.io.KeyInputStream.read(KeyInputStream.java:171)
	at org.apache.hadoop.ozone.client.io.OzoneInputStream.read(OzoneInputStream.java:47)
	at java.io.InputStream.read(InputStream.java:101)
	at org.apache.hadoop.ozone.container.ContainerTestHelper.validateData(ContainerTestHelper.java:709)
	at org.apache.hadoop.ozone.client.rpc.TestBlockOutputStreamWithFailures.validateData(TestBlockOutputStreamWithFailures.java:1212)
	at org.apache.hadoop.ozone.client.rpc.TestBlockOutputStreamWithFailures.testDatanodeFailureWithSingleNodeRatis(TestBlockOutputStreamWithFailures.java:1054)
	at sun.reflect.NativeMethodAccessorImpl.invoke0(Native Method)
	at sun.reflect.NativeMethodAccessorImpl.invoke(NativeMethodAccessorImpl.java:62)
	at sun.reflect.DelegatingMethodAccessorImpl.invoke(DelegatingMethodAccessorImpl.java:43)
	at java.lang.reflect.Method.invoke(Method.java:498)
	at org.junit.runners.model.FrameworkMethod$1.runReflectiveCall(FrameworkMethod.java:47)
	at org.junit.internal.runners.model.ReflectiveCallable.run(ReflectiveCallable.java:12)
	at org.junit.runners.model.FrameworkMethod.invokeExplosively(FrameworkMethod.java:44)
	at org.junit.internal.runners.statements.InvokeMethod.evaluate(InvokeMethod.java:17)
	at org.junit.internal.runners.statements.RunBefores.evaluate(RunBefores.java:26)
	at org.junit.internal.runners.statements.RunAfters.evaluate(RunAfters.java:27)
	at org.junit.runners.ParentRunner.runLeaf(ParentRunner.java:271)
	at org.junit.runners.BlockJUnit4ClassRunner.runChild(BlockJUnit4ClassRunner.java:70)
	at org.junit.runners.BlockJUnit4ClassRunner.runChild(BlockJUnit4ClassRunner.java:50)
	at org.junit.runners.ParentRunner$3.run(ParentRunner.java:238)
	at org.junit.runners.ParentRunner$1.schedule(ParentRunner.java:63)
	at org.junit.runners.ParentRunner.runChildren(ParentRunner.java:236)
	at org.junit.runners.ParentRunner.access$000(ParentRunner.java:53)
	at org.junit.runners.ParentRunner$2.evaluate(ParentRunner.java:229)
	at org.junit.runners.ParentRunner.run(ParentRunner.java:309)
	at org.apache.maven.surefire.junit4.JUnit4Provider.execute(JUnit4Provider.java:365)
	at org.apache.maven.surefire.junit4.JUnit4Provider.executeWithRerun(JUnit4Provider.java:273)
	at org.apache.maven.surefire.junit4.JUnit4Provider.executeTestSet(JUnit4Provider.java:238)
	at org.apache.maven.surefire.junit4.JUnit4Provider.invoke(JUnit4Provider.java:159)
	at org.apache.maven.surefire.booter.ForkedBooter.invokeProviderInSameClassLoader(ForkedBooter.java:384)
	at org.apache.maven.surefire.booter.ForkedBooter.runSuitesInProcess(ForkedBooter.java:345)
	at org.apache.maven.surefire.booter.ForkedBooter.execute(ForkedBooter.java:126)
	at org.apache.maven.surefire.booter.ForkedBooter.main(ForkedBooter.java:418)

Jul 14, 2019 1:09:38 AM org.apache.ratis.thirdparty.io.grpc.internal.ManagedChannelOrphanWrapper$ManagedChannelReference cleanQueue
SEVERE: *~*~*~ Channel ManagedChannelImpl{logId=2303, target=192.168.157.230:40726} was not shutdown properly!!! ~*~*~*
    Make sure to call shutdown()/shutdownNow() and wait until awaitTermination() returns true.
java.lang.RuntimeException: ManagedChannel allocation site
	at org.apache.ratis.thirdparty.io.grpc.internal.ManagedChannelOrphanWrapper$ManagedChannelReference.<init>(ManagedChannelOrphanWrapper.java:103)
	at org.apache.ratis.thirdparty.io.grpc.internal.ManagedChannelOrphanWrapper.<init>(ManagedChannelOrphanWrapper.java:53)
	at org.apache.ratis.thirdparty.io.grpc.internal.ManagedChannelOrphanWrapper.<init>(ManagedChannelOrphanWrapper.java:44)
	at org.apache.ratis.thirdparty.io.grpc.internal.AbstractManagedChannelImplBuilder.build(AbstractManagedChannelImplBuilder.java:411)
	at org.apache.ratis.grpc.client.GrpcClientProtocolClient.<init>(GrpcClientProtocolClient.java:119)
	at org.apache.ratis.grpc.client.GrpcClientRpc.lambda$new$0(GrpcClientRpc.java:55)
	at org.apache.ratis.util.PeerProxyMap$PeerAndProxy.lambda$getProxy$0(PeerProxyMap.java:61)
	at org.apache.ratis.util.LifeCycle.startAndTransition(LifeCycle.java:202)
	at org.apache.ratis.util.PeerProxyMap$PeerAndProxy.getProxy(PeerProxyMap.java:60)
	at org.apache.ratis.util.PeerProxyMap.getProxy(PeerProxyMap.java:107)
	at org.apache.ratis.grpc.client.GrpcClientRpc.sendRequestAsync(GrpcClientRpc.java:66)
	at org.apache.ratis.client.impl.OrderedAsync.sendRequest(OrderedAsync.java:208)
	at org.apache.ratis.client.impl.OrderedAsync.sendRequestWithRetry(OrderedAsync.java:169)
	at org.apache.ratis.util.SlidingWindow$Client.sendOrDelayRequest(SlidingWindow.java:278)
	at org.apache.ratis.util.SlidingWindow$Client.retry(SlidingWindow.java:294)
	at org.apache.ratis.client.impl.OrderedAsync.lambda$scheduleWithTimeout$7(OrderedAsync.java:195)
	at org.apache.ratis.util.TimeoutScheduler.lambda$onTimeout$0(TimeoutScheduler.java:85)
	at org.apache.ratis.util.TimeoutScheduler.lambda$onTimeout$1(TimeoutScheduler.java:104)
	at org.apache.ratis.util.LogUtils.runAndLog(LogUtils.java:50)
	at org.apache.ratis.util.LogUtils$1.run(LogUtils.java:91)
	at java.util.concurrent.Executors$RunnableAdapter.call(Executors.java:511)
	at java.util.concurrent.FutureTask.run(FutureTask.java:266)
	at java.util.concurrent.ScheduledThreadPoolExecutor$ScheduledFutureTask.access$201(ScheduledThreadPoolExecutor.java:180)
	at java.util.concurrent.ScheduledThreadPoolExecutor$ScheduledFutureTask.run(ScheduledThreadPoolExecutor.java:293)
	at java.util.concurrent.ThreadPoolExecutor.runWorker(ThreadPoolExecutor.java:1149)
	at java.util.concurrent.ThreadPoolExecutor$Worker.run(ThreadPoolExecutor.java:624)
	at java.lang.Thread.run(Thread.java:748)

]]></system-err>
  </testcase>
  <testcase name="testWatchForCommitDatanodeFailure" classname="org.apache.hadoop.ozone.client.rpc.TestBlockOutputStreamWithFailures" time="33.352">
    <error type="java.lang.UnsupportedOperationException">java.lang.UnsupportedOperationException
	at java.util.AbstractList.add(AbstractList.java:148)
	at java.util.AbstractList.add(AbstractList.java:108)
	at java.util.AbstractCollection.addAll(AbstractCollection.java:344)
	at org.apache.hadoop.hdds.scm.storage.BlockOutputStream.watchForCommit(BlockOutputStream.java:363)
	at org.apache.hadoop.hdds.scm.storage.BlockOutputStream.handleFlush(BlockOutputStream.java:487)
	at org.apache.hadoop.hdds.scm.storage.BlockOutputStream.close(BlockOutputStream.java:501)
	at org.apache.hadoop.ozone.client.io.BlockOutputStreamEntry.close(BlockOutputStreamEntry.java:143)
	at org.apache.hadoop.ozone.client.io.KeyOutputStream.handleFlushOrClose(KeyOutputStream.java:438)
	at org.apache.hadoop.ozone.client.io.KeyOutputStream.handleWrite(KeyOutputStream.java:235)
	at org.apache.hadoop.ozone.client.io.KeyOutputStream.write(KeyOutputStream.java:193)
	at org.apache.hadoop.ozone.client.io.OzoneOutputStream.write(OzoneOutputStream.java:49)
	at java.io.OutputStream.write(OutputStream.java:75)
	at org.apache.hadoop.ozone.client.rpc.TestBlockOutputStreamWithFailures.testWatchForCommitDatanodeFailure(TestBlockOutputStreamWithFailures.java:363)
	at sun.reflect.NativeMethodAccessorImpl.invoke0(Native Method)
	at sun.reflect.NativeMethodAccessorImpl.invoke(NativeMethodAccessorImpl.java:62)
	at sun.reflect.DelegatingMethodAccessorImpl.invoke(DelegatingMethodAccessorImpl.java:43)
	at java.lang.reflect.Method.invoke(Method.java:498)
	at org.junit.runners.model.FrameworkMethod$1.runReflectiveCall(FrameworkMethod.java:47)
	at org.junit.internal.runners.model.ReflectiveCallable.run(ReflectiveCallable.java:12)
	at org.junit.runners.model.FrameworkMethod.invokeExplosively(FrameworkMethod.java:44)
	at org.junit.internal.runners.statements.InvokeMethod.evaluate(InvokeMethod.java:17)
	at org.junit.internal.runners.statements.RunBefores.evaluate(RunBefores.java:26)
	at org.junit.internal.runners.statements.RunAfters.evaluate(RunAfters.java:27)
	at org.junit.runners.ParentRunner.runLeaf(ParentRunner.java:271)
	at org.junit.runners.BlockJUnit4ClassRunner.runChild(BlockJUnit4ClassRunner.java:70)
	at org.junit.runners.BlockJUnit4ClassRunner.runChild(BlockJUnit4ClassRunner.java:50)
	at org.junit.runners.ParentRunner$3.run(ParentRunner.java:238)
	at org.junit.runners.ParentRunner$1.schedule(ParentRunner.java:63)
	at org.junit.runners.ParentRunner.runChildren(ParentRunner.java:236)
	at org.junit.runners.ParentRunner.access$000(ParentRunner.java:53)
	at org.junit.runners.ParentRunner$2.evaluate(ParentRunner.java:229)
	at org.junit.runners.ParentRunner.run(ParentRunner.java:309)
	at org.apache.maven.surefire.junit4.JUnit4Provider.execute(JUnit4Provider.java:365)
	at org.apache.maven.surefire.junit4.JUnit4Provider.executeWithRerun(JUnit4Provider.java:273)
	at org.apache.maven.surefire.junit4.JUnit4Provider.executeTestSet(JUnit4Provider.java:238)
	at org.apache.maven.surefire.junit4.JUnit4Provider.invoke(JUnit4Provider.java:159)
	at org.apache.maven.surefire.booter.ForkedBooter.invokeProviderInSameClassLoader(ForkedBooter.java:384)
	at org.apache.maven.surefire.booter.ForkedBooter.runSuitesInProcess(ForkedBooter.java:345)
	at org.apache.maven.surefire.booter.ForkedBooter.execute(ForkedBooter.java:126)
	at org.apache.maven.surefire.booter.ForkedBooter.main(ForkedBooter.java:418)
</error>
    <system-out><![CDATA[2019-07-14 01:10:08,029 WARN  server.ServerUtils (ServerUtils.java:getScmDbDir(145)) - ozone.scm.db.dirs is not configured. We recommend adding this setting. Falling back to ozone.metadata.dirs instead.
2019-07-14 01:10:08,055 WARN  server.ServerUtils (ServerUtils.java:getScmDbDir(145)) - ozone.scm.db.dirs is not configured. We recommend adding this setting. Falling back to ozone.metadata.dirs instead.
2019-07-14 01:10:08,055 WARN  server.ServerUtils (ServerUtils.java:getScmDbDir(145)) - ozone.scm.db.dirs is not configured. We recommend adding this setting. Falling back to ozone.metadata.dirs instead.
2019-07-14 01:10:08,056 INFO  db.DBStoreBuilder (DBStoreBuilder.java:addTable(110)) - using custom profile for table: deletedBlocks
2019-07-14 01:10:08,056 INFO  db.DBStoreBuilder (DBStoreBuilder.java:processTables(161)) - Using default column profile:DBProfile.DISK for Table:deletedBlocks
2019-07-14 01:10:08,057 INFO  db.DBStoreBuilder (DBStoreBuilder.java:addTable(110)) - using custom profile for table: validCerts
2019-07-14 01:10:08,057 INFO  db.DBStoreBuilder (DBStoreBuilder.java:processTables(161)) - Using default column profile:DBProfile.DISK for Table:validCerts
2019-07-14 01:10:08,057 INFO  db.DBStoreBuilder (DBStoreBuilder.java:addTable(110)) - using custom profile for table: revokedCerts
2019-07-14 01:10:08,057 INFO  db.DBStoreBuilder (DBStoreBuilder.java:processTables(161)) - Using default column profile:DBProfile.DISK for Table:revokedCerts
2019-07-14 01:10:08,058 INFO  db.DBStoreBuilder (DBStoreBuilder.java:addTable(110)) - using custom profile for table: default
2019-07-14 01:10:08,058 INFO  db.DBStoreBuilder (DBStoreBuilder.java:processTables(167)) - Using default column profile:DBProfile.DISK for Table:default
2019-07-14 01:10:08,058 INFO  db.DBStoreBuilder (DBStoreBuilder.java:getDbProfile(198)) - Using default options. DBProfile.DISK
2019-07-14 01:10:08,215 INFO  net.NodeSchemaLoader (NodeSchemaLoader.java:loadSchemaFromFile(125)) - Loading file from sun.misc.CompoundEnumeration@713c8cbb
2019-07-14 01:10:08,215 INFO  net.NodeSchemaLoader (NodeSchemaLoader.java:loadSchema(171)) - Loading network topology layer schema file
2019-07-14 01:10:08,221 INFO  node.SCMNodeManager (SCMNodeManager.java:<init>(119)) - Entering startup safe mode.
2019-07-14 01:10:08,221 WARN  server.ServerUtils (ServerUtils.java:getScmDbDir(145)) - ozone.scm.db.dirs is not configured. We recommend adding this setting. Falling back to ozone.metadata.dirs instead.
2019-07-14 01:10:08,267 INFO  pipeline.SCMPipelineManager (SCMPipelineManager.java:initializePipelineState(126)) - No pipeline exists in current db
2019-07-14 01:10:08,267 WARN  server.ServerUtils (ServerUtils.java:getScmDbDir(145)) - ozone.scm.db.dirs is not configured. We recommend adding this setting. Falling back to ozone.metadata.dirs instead.
2019-07-14 01:10:08,333 WARN  events.EventQueue (EventQueue.java:fireEvent(175)) - No event handler registered for event TypedEvent{payloadType=SafeModeStatus, name='SafeModeStatus'}
2019-07-14 01:10:08,334 INFO  ipc.CallQueueManager (CallQueueManager.java:<init>(84)) - Using callQueue: class java.util.concurrent.LinkedBlockingQueue, queueCapacity: 2000, scheduler: class org.apache.hadoop.ipc.DefaultRpcScheduler, ipcBackoff: false.
2019-07-14 01:10:08,335 INFO  ipc.Server (Server.java:run(1074)) - Starting Socket Reader #1 for port 44725
2019-07-14 01:10:08,337 INFO  ipc.CallQueueManager (CallQueueManager.java:<init>(84)) - Using callQueue: class java.util.concurrent.LinkedBlockingQueue, queueCapacity: 2000, scheduler: class org.apache.hadoop.ipc.DefaultRpcScheduler, ipcBackoff: false.
2019-07-14 01:10:08,337 INFO  ipc.Server (Server.java:run(1074)) - Starting Socket Reader #1 for port 42117
2019-07-14 01:10:08,339 INFO  ipc.CallQueueManager (CallQueueManager.java:<init>(84)) - Using callQueue: class java.util.concurrent.LinkedBlockingQueue, queueCapacity: 2000, scheduler: class org.apache.hadoop.ipc.DefaultRpcScheduler, ipcBackoff: false.
2019-07-14 01:10:08,339 INFO  ipc.Server (Server.java:run(1074)) - Starting Socket Reader #1 for port 36300
2019-07-14 01:10:08,343 INFO  hdfs.DFSUtil (DFSUtil.java:httpServerTemplateForNNAndJN(1641)) - Starting Web-server for scm at: http://0.0.0.0:0
2019-07-14 01:10:08,345 INFO  server.AuthenticationFilter (AuthenticationFilter.java:constructSecretProvider(240)) - Unable to initialize FileSignerSecretProvider, falling back to use random secrets.
2019-07-14 01:10:08,346 WARN  http.HttpRequestLog (HttpRequestLog.java:getRequestLog(97)) - Jetty request log can only be enabled using Log4j
2019-07-14 01:10:08,348 INFO  http.HttpServer2 (HttpServer2.java:addGlobalFilter(975)) - Added global filter 'safety' (class=org.apache.hadoop.http.HttpServer2$QuotingInputFilter)
2019-07-14 01:10:08,349 INFO  http.HttpServer2 (HttpServer2.java:addFilter(948)) - Added filter static_user_filter (class=org.apache.hadoop.http.lib.StaticUserWebFilter$StaticUserFilter) to context scm
2019-07-14 01:10:08,349 INFO  http.HttpServer2 (HttpServer2.java:addFilter(958)) - Added filter static_user_filter (class=org.apache.hadoop.http.lib.StaticUserWebFilter$StaticUserFilter) to context static
2019-07-14 01:10:08,349 INFO  http.HttpServer2 (HttpServer2.java:addFilter(958)) - Added filter static_user_filter (class=org.apache.hadoop.http.lib.StaticUserWebFilter$StaticUserFilter) to context logs
2019-07-14 01:10:08,351 INFO  server.StorageContainerManager (StorageContainerManager.java:start(759)) - StorageContainerLocationProtocol RPC server is listening at /0.0.0.0:36300
2019-07-14 01:10:08,354 WARN  impl.MetricsConfig (MetricsConfig.java:loadFirst(134)) - Cannot locate configuration: tried hadoop-metrics2-storagecontainermanager.properties,hadoop-metrics2.properties
2019-07-14 01:10:08,355 INFO  impl.MetricsSystemImpl (MetricsSystemImpl.java:startTimer(374)) - Scheduled Metric snapshot period at 10 second(s).
2019-07-14 01:10:08,355 INFO  impl.MetricsSystemImpl (MetricsSystemImpl.java:start(191)) - StorageContainerManager metrics system started
2019-07-14 01:10:08,403 INFO  server.SCMClientProtocolServer (SCMClientProtocolServer.java:start(149)) - RPC server for Client  is listening at /0.0.0.0:36300
2019-07-14 01:10:08,403 INFO  ipc.Server (Server.java:run(1314)) - IPC Server Responder: starting
2019-07-14 01:10:08,403 INFO  ipc.Server (Server.java:run(1153)) - IPC Server listener on 36300: starting
2019-07-14 01:10:08,407 INFO  server.StorageContainerManager (StorageContainerManager.java:start(768)) - ScmBlockLocationProtocol RPC server is listening at /0.0.0.0:42117
2019-07-14 01:10:08,407 INFO  server.SCMBlockProtocolServer (SCMBlockProtocolServer.java:start(140)) - RPC server for Block Protocol is listening at /0.0.0.0:42117
2019-07-14 01:10:08,408 INFO  ipc.Server (Server.java:run(1314)) - IPC Server Responder: starting
2019-07-14 01:10:08,408 INFO  ipc.Server (Server.java:run(1153)) - IPC Server listener on 42117: starting
2019-07-14 01:10:08,412 INFO  server.StorageContainerManager (StorageContainerManager.java:start(772)) - ScmDatanodeProtocl RPC server is listening at /0.0.0.0:44725
2019-07-14 01:10:08,412 INFO  server.SCMDatanodeProtocolServer (SCMDatanodeProtocolServer.java:start(191)) - RPC server for DataNodes is listening at /0.0.0.0:44725
2019-07-14 01:10:08,413 INFO  ipc.Server (Server.java:run(1314)) - IPC Server Responder: starting
2019-07-14 01:10:08,413 INFO  ipc.Server (Server.java:run(1153)) - IPC Server listener on 44725: starting
2019-07-14 01:10:08,417 INFO  http.HttpServer2 (HttpServer2.java:bindListener(1191)) - Jetty bound to port 45030
2019-07-14 01:10:08,417 INFO  server.Server (Server.java:doStart(351)) - jetty-9.3.24.v20180605, build timestamp: 2018-06-05T17:11:56Z, git hash: 84205aa28f11a4f31f2a3b86d1bba2cc8ab69827
2019-07-14 01:10:08,419 INFO  handler.ContextHandler (ContextHandler.java:doStart(781)) - Started o.e.j.s.ServletContextHandler@74f9004c{/logs,file:///tmp/workdir/hadoop-ozone/integration-test/target/log,AVAILABLE}
2019-07-14 01:10:08,420 INFO  handler.ContextHandler (ContextHandler.java:doStart(781)) - Started o.e.j.s.ServletContextHandler@34947355{/static,file:///tmp/workdir/hadoop-ozone/integration-test/target/test-classes/webapps/static,AVAILABLE}
2019-07-14 01:10:08,424 INFO  handler.ContextHandler (ContextHandler.java:doStart(781)) - Started o.e.j.w.WebAppContext@650997b0{/,file:///tmp/workdir/hadoop-ozone/integration-test/target/test-classes/webapps/scm/,AVAILABLE}{/scm}
2019-07-14 01:10:08,425 INFO  server.AbstractConnector (AbstractConnector.java:doStart(278)) - Started ServerConnector@7337f87e{HTTP/1.1,[http/1.1]}{0.0.0.0:45030}
2019-07-14 01:10:08,426 INFO  server.Server (Server.java:doStart(419)) - Started @594772ms
2019-07-14 01:10:08,427 INFO  server.BaseHttpServer (BaseHttpServer.java:updateConnectorAddress(207)) - HTTP server of SCM is listening at http://0.0.0.0:45030
2019-07-14 01:10:08,427 WARN  server.ServerUtils (ServerUtils.java:getDBPath(222)) - ozone.om.db.dirs is not configured. We recommend adding this setting. Falling back to ozone.metadata.dirs instead.
2019-07-14 01:10:08,428 INFO  util.JvmPauseMonitor (JvmPauseMonitor.java:run(188)) - Starting JVM pause monitor
2019-07-14 01:10:08,442 WARN  server.ServerUtils (ServerUtils.java:getDBPath(222)) - ozone.om.db.dirs is not configured. We recommend adding this setting. Falling back to ozone.metadata.dirs instead.
2019-07-14 01:10:08,442 INFO  om.OzoneManager (OzoneManager.java:setOMNodeDetails(630)) - OM Service ID is not set. Setting it to the default ID: omServiceIdDefault
2019-07-14 01:10:08,442 INFO  om.OzoneManager (OzoneManager.java:setOMNodeDetails(636)) - OM Node ID is not set. Setting it to the OmStorage's OmID: 6ba6f6a8-1c9c-46da-92fe-664aac003257
2019-07-14 01:10:08,443 INFO  om.OzoneManager (OzoneManager.java:loadOMHAConfigs(587)) - Found matching OM address with OMServiceId: null, OMNodeId: null, RPC Address: localhost:0 and Ratis port: 9872
2019-07-14 01:10:08,449 WARN  server.ServerUtils (ServerUtils.java:getDBPath(222)) - ozone.om.db.dirs is not configured. We recommend adding this setting. Falling back to ozone.metadata.dirs instead.
2019-07-14 01:10:08,449 INFO  db.DBStoreBuilder (DBStoreBuilder.java:addTable(110)) - using custom profile for table: userTable
2019-07-14 01:10:08,449 INFO  db.DBStoreBuilder (DBStoreBuilder.java:processTables(161)) - Using default column profile:DBProfile.DISK for Table:userTable
2019-07-14 01:10:08,450 INFO  db.DBStoreBuilder (DBStoreBuilder.java:addTable(110)) - using custom profile for table: volumeTable
2019-07-14 01:10:08,450 INFO  db.DBStoreBuilder (DBStoreBuilder.java:processTables(161)) - Using default column profile:DBProfile.DISK for Table:volumeTable
2019-07-14 01:10:08,450 INFO  db.DBStoreBuilder (DBStoreBuilder.java:addTable(110)) - using custom profile for table: bucketTable
2019-07-14 01:10:08,450 INFO  db.DBStoreBuilder (DBStoreBuilder.java:processTables(161)) - Using default column profile:DBProfile.DISK for Table:bucketTable
2019-07-14 01:10:08,451 INFO  db.DBStoreBuilder (DBStoreBuilder.java:addTable(110)) - using custom profile for table: keyTable
2019-07-14 01:10:08,451 INFO  db.DBStoreBuilder (DBStoreBuilder.java:processTables(161)) - Using default column profile:DBProfile.DISK for Table:keyTable
2019-07-14 01:10:08,451 INFO  db.DBStoreBuilder (DBStoreBuilder.java:addTable(110)) - using custom profile for table: deletedTable
2019-07-14 01:10:08,451 INFO  db.DBStoreBuilder (DBStoreBuilder.java:processTables(161)) - Using default column profile:DBProfile.DISK for Table:deletedTable
2019-07-14 01:10:08,451 INFO  db.DBStoreBuilder (DBStoreBuilder.java:addTable(110)) - using custom profile for table: openKeyTable
2019-07-14 01:10:08,452 INFO  db.DBStoreBuilder (DBStoreBuilder.java:processTables(161)) - Using default column profile:DBProfile.DISK for Table:openKeyTable
2019-07-14 01:10:08,452 INFO  db.DBStoreBuilder (DBStoreBuilder.java:addTable(110)) - using custom profile for table: s3Table
2019-07-14 01:10:08,452 INFO  db.DBStoreBuilder (DBStoreBuilder.java:processTables(161)) - Using default column profile:DBProfile.DISK for Table:s3Table
2019-07-14 01:10:08,452 INFO  db.DBStoreBuilder (DBStoreBuilder.java:addTable(110)) - using custom profile for table: multipartInfoTable
2019-07-14 01:10:08,452 INFO  db.DBStoreBuilder (DBStoreBuilder.java:processTables(161)) - Using default column profile:DBProfile.DISK for Table:multipartInfoTable
2019-07-14 01:10:08,453 INFO  db.DBStoreBuilder (DBStoreBuilder.java:addTable(110)) - using custom profile for table: dTokenTable
2019-07-14 01:10:08,453 INFO  db.DBStoreBuilder (DBStoreBuilder.java:processTables(161)) - Using default column profile:DBProfile.DISK for Table:dTokenTable
2019-07-14 01:10:08,453 INFO  db.DBStoreBuilder (DBStoreBuilder.java:addTable(110)) - using custom profile for table: s3SecretTable
2019-07-14 01:10:08,453 INFO  db.DBStoreBuilder (DBStoreBuilder.java:processTables(161)) - Using default column profile:DBProfile.DISK for Table:s3SecretTable
2019-07-14 01:10:08,454 INFO  db.DBStoreBuilder (DBStoreBuilder.java:addTable(110)) - using custom profile for table: prefixTable
2019-07-14 01:10:08,454 INFO  db.DBStoreBuilder (DBStoreBuilder.java:processTables(161)) - Using default column profile:DBProfile.DISK for Table:prefixTable
2019-07-14 01:10:08,454 INFO  db.DBStoreBuilder (DBStoreBuilder.java:addTable(110)) - using custom profile for table: default
2019-07-14 01:10:08,454 INFO  db.DBStoreBuilder (DBStoreBuilder.java:processTables(167)) - Using default column profile:DBProfile.DISK for Table:default
2019-07-14 01:10:08,454 INFO  db.DBStoreBuilder (DBStoreBuilder.java:getDbProfile(198)) - Using default options. DBProfile.DISK
2019-07-14 01:10:08,999 INFO  ipc.CallQueueManager (CallQueueManager.java:<init>(84)) - Using callQueue: class java.util.concurrent.LinkedBlockingQueue, queueCapacity: 2000, scheduler: class org.apache.hadoop.ipc.DefaultRpcScheduler, ipcBackoff: false.
2019-07-14 01:10:09,000 INFO  ipc.Server (Server.java:run(1074)) - Starting Socket Reader #1 for port 40628
2019-07-14 01:10:09,018 WARN  server.ServerUtils (ServerUtils.java:getDBPath(222)) - ozone.om.db.dirs is not configured. We recommend adding this setting. Falling back to ozone.metadata.dirs instead.
2019-07-14 01:10:09,018 INFO  om.OzoneManager (OzoneManager.java:start(1228)) - OzoneManager RPC server is listening at localhost/127.0.0.1:40628
2019-07-14 01:10:09,018 INFO  impl.MetricsSystemImpl (MetricsSystemImpl.java:init(158)) - OzoneManager metrics system started (again)
2019-07-14 01:10:09,019 INFO  ipc.Server (Server.java:run(1314)) - IPC Server Responder: starting
2019-07-14 01:10:09,020 INFO  ipc.Server (Server.java:run(1153)) - IPC Server listener on 40628: starting
2019-07-14 01:10:09,027 INFO  hdfs.DFSUtil (DFSUtil.java:httpServerTemplateForNNAndJN(1641)) - Starting Web-server for ozoneManager at: http://0.0.0.0:0
2019-07-14 01:10:09,028 INFO  server.AuthenticationFilter (AuthenticationFilter.java:constructSecretProvider(240)) - Unable to initialize FileSignerSecretProvider, falling back to use random secrets.
2019-07-14 01:10:09,029 WARN  http.HttpRequestLog (HttpRequestLog.java:getRequestLog(97)) - Jetty request log can only be enabled using Log4j
2019-07-14 01:10:09,030 INFO  http.HttpServer2 (HttpServer2.java:addGlobalFilter(975)) - Added global filter 'safety' (class=org.apache.hadoop.http.HttpServer2$QuotingInputFilter)
2019-07-14 01:10:09,031 INFO  http.HttpServer2 (HttpServer2.java:addFilter(948)) - Added filter static_user_filter (class=org.apache.hadoop.http.lib.StaticUserWebFilter$StaticUserFilter) to context ozoneManager
2019-07-14 01:10:09,031 INFO  http.HttpServer2 (HttpServer2.java:addFilter(958)) - Added filter static_user_filter (class=org.apache.hadoop.http.lib.StaticUserWebFilter$StaticUserFilter) to context logs
2019-07-14 01:10:09,031 INFO  http.HttpServer2 (HttpServer2.java:addFilter(958)) - Added filter static_user_filter (class=org.apache.hadoop.http.lib.StaticUserWebFilter$StaticUserFilter) to context static
2019-07-14 01:10:09,032 INFO  http.HttpServer2 (HttpServer2.java:bindListener(1191)) - Jetty bound to port 42661
2019-07-14 01:10:09,032 INFO  server.Server (Server.java:doStart(351)) - jetty-9.3.24.v20180605, build timestamp: 2018-06-05T17:11:56Z, git hash: 84205aa28f11a4f31f2a3b86d1bba2cc8ab69827
2019-07-14 01:10:09,034 INFO  handler.ContextHandler (ContextHandler.java:doStart(781)) - Started o.e.j.s.ServletContextHandler@2c3f81ef{/logs,file:///tmp/workdir/hadoop-ozone/integration-test/target/log,AVAILABLE}
2019-07-14 01:10:09,035 INFO  handler.ContextHandler (ContextHandler.java:doStart(781)) - Started o.e.j.s.ServletContextHandler@712dd0b0{/static,file:///tmp/workdir/hadoop-ozone/integration-test/target/test-classes/webapps/static,AVAILABLE}
2019-07-14 01:10:09,039 INFO  handler.ContextHandler (ContextHandler.java:doStart(781)) - Started o.e.j.w.WebAppContext@3f0c2eff{/,file:///tmp/workdir/hadoop-ozone/integration-test/target/test-classes/webapps/ozoneManager/,AVAILABLE}{/ozoneManager}
2019-07-14 01:10:09,040 INFO  server.AbstractConnector (AbstractConnector.java:doStart(278)) - Started ServerConnector@7cddc50f{HTTP/1.1,[http/1.1]}{0.0.0.0:42661}
2019-07-14 01:10:09,041 INFO  server.Server (Server.java:doStart(419)) - Started @595386ms
2019-07-14 01:10:09,042 INFO  server.BaseHttpServer (BaseHttpServer.java:updateConnectorAddress(207)) - HTTP server of OZONEMANAGER is listening at http://0.0.0.0:42661
2019-07-14 01:10:09,056 INFO  impl.MetricsSystemImpl (MetricsSystemImpl.java:init(158)) - HddsDatanode metrics system started (again)
2019-07-14 01:10:09,056 INFO  ozone.HddsDatanodeService (HddsDatanodeService.java:start(185)) - HddsDatanodeService host:trunk-nightly-sxkq5-3320257302 ip:192.168.157.230
2019-07-14 01:10:09,066 INFO  volume.HddsVolume (HddsVolume.java:<init>(176)) - Creating Volume: /tmp/workdir/hadoop-ozone/integration-test/target/test-dir/MiniOzoneClusterImpl-7d291438-c8fc-43b5-90e6-bf32aa58510a/datanode-0/data/containers/hdds of  storage type : DISK and capacity : 52710309888
2019-07-14 01:10:09,066 INFO  volume.VolumeSet (VolumeSet.java:initializeVolumeSet(170)) - Added Volume : /tmp/workdir/hadoop-ozone/integration-test/target/test-dir/MiniOzoneClusterImpl-7d291438-c8fc-43b5-90e6-bf32aa58510a/datanode-0/data/containers/hdds to VolumeSet
2019-07-14 01:10:09,067 INFO  volume.ThrottledAsyncChecker (ThrottledAsyncChecker.java:schedule(140)) - Scheduling a check for org.apache.hadoop.ozone.container.common.volume.HddsVolume@21d561c9
2019-07-14 01:10:09,067 INFO  volume.HddsVolumeChecker (HddsVolumeChecker.java:checkAllVolumes(203)) - Scheduled health check for volume org.apache.hadoop.ozone.container.common.volume.HddsVolume@21d561c9
2019-07-14 01:10:09,080 INFO  impl.RaftServerProxy (ConfUtils.java:logGet(43)) - raft.rpc.type = GRPC (default)
2019-07-14 01:10:09,080 INFO  grpc.GrpcFactory (GrpcFactory.java:checkPooledByteBufAllocatorUseCacheForAllThreads(45)) - PERFORMANCE WARNING: useCacheForAllThreads is true that may cause Netty to create a lot garbage objects and, as a result, trigger GC.
	It is recommended to disable useCacheForAllThreads by setting -Dorg.apache.ratis.thirdparty.io.netty.allocator.useCacheForAllThreads=false in command line.
2019-07-14 01:10:09,081 INFO  grpc.GrpcConfigKeys$Server (ConfUtils.java:logGet(43)) - raft.grpc.server.port = 0 (default)
2019-07-14 01:10:09,081 INFO  server.GrpcService (ConfUtils.java:logGet(43)) - raft.grpc.message.size.max = 33570816 (custom)
2019-07-14 01:10:09,081 INFO  server.RaftServerConfigKeys (ConfUtils.java:logGet(43)) - raft.server.log.appender.buffer.byte-limit = 33554432 (custom)
2019-07-14 01:10:09,081 INFO  server.GrpcService (ConfUtils.java:logGet(43)) - raft.grpc.flow.control.window = 1MB (=1048576) (default)
2019-07-14 01:10:09,081 INFO  server.RaftServerConfigKeys (ConfUtils.java:logGet(43)) - raft.server.rpc.request.timeout = 3000ms (default)
2019-07-14 01:10:09,082 INFO  server.RaftServerConfigKeys (ConfUtils.java:logGet(43)) - raft.server.storage.dir = [/tmp/workdir/hadoop-ozone/integration-test/target/test-dir/MiniOzoneClusterImpl-7d291438-c8fc-43b5-90e6-bf32aa58510a/datanode-0/data/ratis] (custom)
2019-07-14 01:10:09,082 INFO  replication.SimpleContainerDownloader (SimpleContainerDownloader.java:<init>(72)) - Starting container downloader service to copy containers to replicate.
2019-07-14 01:10:09,083 INFO  hdfs.DFSUtil (DFSUtil.java:httpServerTemplateForNNAndJN(1641)) - Starting Web-server for hddsDatanode at: http://0.0.0.0:0
2019-07-14 01:10:09,084 INFO  server.AuthenticationFilter (AuthenticationFilter.java:constructSecretProvider(240)) - Unable to initialize FileSignerSecretProvider, falling back to use random secrets.
2019-07-14 01:10:09,085 WARN  http.HttpRequestLog (HttpRequestLog.java:getRequestLog(97)) - Jetty request log can only be enabled using Log4j
2019-07-14 01:10:09,086 INFO  http.HttpServer2 (HttpServer2.java:addGlobalFilter(975)) - Added global filter 'safety' (class=org.apache.hadoop.http.HttpServer2$QuotingInputFilter)
2019-07-14 01:10:09,086 INFO  http.HttpServer2 (HttpServer2.java:addFilter(948)) - Added filter static_user_filter (class=org.apache.hadoop.http.lib.StaticUserWebFilter$StaticUserFilter) to context hddsDatanode
2019-07-14 01:10:09,086 INFO  http.HttpServer2 (HttpServer2.java:addFilter(958)) - Added filter static_user_filter (class=org.apache.hadoop.http.lib.StaticUserWebFilter$StaticUserFilter) to context static
2019-07-14 01:10:09,087 INFO  http.HttpServer2 (HttpServer2.java:addFilter(958)) - Added filter static_user_filter (class=org.apache.hadoop.http.lib.StaticUserWebFilter$StaticUserFilter) to context logs
2019-07-14 01:10:09,087 INFO  http.HttpServer2 (HttpServer2.java:bindListener(1191)) - Jetty bound to port 36693
2019-07-14 01:10:09,087 INFO  server.Server (Server.java:doStart(351)) - jetty-9.3.24.v20180605, build timestamp: 2018-06-05T17:11:56Z, git hash: 84205aa28f11a4f31f2a3b86d1bba2cc8ab69827
2019-07-14 01:10:09,089 INFO  handler.ContextHandler (ContextHandler.java:doStart(781)) - Started o.e.j.s.ServletContextHandler@2898c70d{/logs,file:///tmp/workdir/hadoop-ozone/integration-test/target/log,AVAILABLE}
2019-07-14 01:10:09,089 INFO  handler.ContextHandler (ContextHandler.java:doStart(781)) - Started o.e.j.s.ServletContextHandler@64a00fe0{/static,jar:file:/home/user/.m2/repository/org/apache/hadoop/hadoop-hdds-container-service/0.5.0-SNAPSHOT/hadoop-hdds-container-service-0.5.0-SNAPSHOT.jar!/webapps/static,AVAILABLE}
2019-07-14 01:10:09,115 INFO  handler.ContextHandler (ContextHandler.java:doStart(781)) - Started o.e.j.w.WebAppContext@68a1bb31{/,file:///tmp/jetty-0.0.0.0-36693-hddsDatanode-_-any-4401499610553424336.dir/webapp/,AVAILABLE}{/hddsDatanode}
2019-07-14 01:10:09,116 INFO  server.AbstractConnector (AbstractConnector.java:doStart(278)) - Started ServerConnector@344f4a82{HTTP/1.1,[http/1.1]}{0.0.0.0:36693}
2019-07-14 01:10:09,117 INFO  server.Server (Server.java:doStart(419)) - Started @595463ms
2019-07-14 01:10:09,117 INFO  server.BaseHttpServer (BaseHttpServer.java:updateConnectorAddress(207)) - HTTP server of HDDSDATANODE is listening at http://0.0.0.0:36693
2019-07-14 01:10:09,216 INFO  ozone.HddsDatanodeService (HddsDatanodeService.java:startPlugins(396)) - Started plug-in org.apache.hadoop.ozone.web.OzoneHddsDatanodeService@77b0ff24
2019-07-14 01:10:09,216 INFO  impl.MetricsSystemImpl (MetricsSystemImpl.java:init(158)) - HddsDatanode metrics system started (again)
2019-07-14 01:10:09,217 INFO  ozone.HddsDatanodeService (HddsDatanodeService.java:start(185)) - HddsDatanodeService host:trunk-nightly-sxkq5-3320257302 ip:192.168.157.230
2019-07-14 01:10:09,219 INFO  util.JvmPauseMonitor (JvmPauseMonitor.java:run(188)) - Starting JVM pause monitor
2019-07-14 01:10:09,221 INFO  datanode.InitDatanodeState (InitDatanodeState.java:persistContainerDatanodeDetails(140)) - DatanodeDetails is persisted to /tmp/workdir/hadoop-ozone/integration-test/target/test-dir/MiniOzoneClusterImpl-7d291438-c8fc-43b5-90e6-bf32aa58510a/datanode-0/meta/datanode.id
2019-07-14 01:10:09,230 INFO  volume.HddsVolume (HddsVolume.java:<init>(176)) - Creating Volume: /tmp/workdir/hadoop-ozone/integration-test/target/test-dir/MiniOzoneClusterImpl-7d291438-c8fc-43b5-90e6-bf32aa58510a/datanode-1/data/containers/hdds of  storage type : DISK and capacity : 52710309888
2019-07-14 01:10:09,230 INFO  volume.VolumeSet (VolumeSet.java:initializeVolumeSet(170)) - Added Volume : /tmp/workdir/hadoop-ozone/integration-test/target/test-dir/MiniOzoneClusterImpl-7d291438-c8fc-43b5-90e6-bf32aa58510a/datanode-1/data/containers/hdds to VolumeSet
2019-07-14 01:10:09,230 INFO  volume.ThrottledAsyncChecker (ThrottledAsyncChecker.java:schedule(140)) - Scheduling a check for org.apache.hadoop.ozone.container.common.volume.HddsVolume@408a0e92
2019-07-14 01:10:09,231 INFO  volume.HddsVolumeChecker (HddsVolumeChecker.java:checkAllVolumes(203)) - Scheduled health check for volume org.apache.hadoop.ozone.container.common.volume.HddsVolume@408a0e92
2019-07-14 01:10:09,244 INFO  impl.RaftServerProxy (ConfUtils.java:logGet(43)) - raft.rpc.type = GRPC (default)
2019-07-14 01:10:09,244 INFO  grpc.GrpcFactory (GrpcFactory.java:checkPooledByteBufAllocatorUseCacheForAllThreads(45)) - PERFORMANCE WARNING: useCacheForAllThreads is true that may cause Netty to create a lot garbage objects and, as a result, trigger GC.
	It is recommended to disable useCacheForAllThreads by setting -Dorg.apache.ratis.thirdparty.io.netty.allocator.useCacheForAllThreads=false in command line.
2019-07-14 01:10:09,245 INFO  grpc.GrpcConfigKeys$Server (ConfUtils.java:logGet(43)) - raft.grpc.server.port = 0 (default)
2019-07-14 01:10:09,245 INFO  server.GrpcService (ConfUtils.java:logGet(43)) - raft.grpc.message.size.max = 33570816 (custom)
2019-07-14 01:10:09,245 INFO  server.RaftServerConfigKeys (ConfUtils.java:logGet(43)) - raft.server.log.appender.buffer.byte-limit = 33554432 (custom)
2019-07-14 01:10:09,245 INFO  server.GrpcService (ConfUtils.java:logGet(43)) - raft.grpc.flow.control.window = 1MB (=1048576) (default)
2019-07-14 01:10:09,245 INFO  server.RaftServerConfigKeys (ConfUtils.java:logGet(43)) - raft.server.rpc.request.timeout = 3000ms (default)
2019-07-14 01:10:09,246 INFO  server.RaftServerConfigKeys (ConfUtils.java:logGet(43)) - raft.server.storage.dir = [/tmp/workdir/hadoop-ozone/integration-test/target/test-dir/MiniOzoneClusterImpl-7d291438-c8fc-43b5-90e6-bf32aa58510a/datanode-1/data/ratis] (custom)
2019-07-14 01:10:09,246 INFO  replication.SimpleContainerDownloader (SimpleContainerDownloader.java:<init>(72)) - Starting container downloader service to copy containers to replicate.
2019-07-14 01:10:09,247 INFO  hdfs.DFSUtil (DFSUtil.java:httpServerTemplateForNNAndJN(1641)) - Starting Web-server for hddsDatanode at: http://0.0.0.0:0
2019-07-14 01:10:09,248 INFO  server.AuthenticationFilter (AuthenticationFilter.java:constructSecretProvider(240)) - Unable to initialize FileSignerSecretProvider, falling back to use random secrets.
2019-07-14 01:10:09,249 WARN  http.HttpRequestLog (HttpRequestLog.java:getRequestLog(97)) - Jetty request log can only be enabled using Log4j
2019-07-14 01:10:09,250 INFO  http.HttpServer2 (HttpServer2.java:addGlobalFilter(975)) - Added global filter 'safety' (class=org.apache.hadoop.http.HttpServer2$QuotingInputFilter)
2019-07-14 01:10:09,250 INFO  http.HttpServer2 (HttpServer2.java:addFilter(948)) - Added filter static_user_filter (class=org.apache.hadoop.http.lib.StaticUserWebFilter$StaticUserFilter) to context hddsDatanode
2019-07-14 01:10:09,251 INFO  http.HttpServer2 (HttpServer2.java:addFilter(958)) - Added filter static_user_filter (class=org.apache.hadoop.http.lib.StaticUserWebFilter$StaticUserFilter) to context static
2019-07-14 01:10:09,251 INFO  http.HttpServer2 (HttpServer2.java:addFilter(958)) - Added filter static_user_filter (class=org.apache.hadoop.http.lib.StaticUserWebFilter$StaticUserFilter) to context logs
2019-07-14 01:10:09,251 INFO  http.HttpServer2 (HttpServer2.java:bindListener(1191)) - Jetty bound to port 33856
2019-07-14 01:10:09,251 INFO  server.Server (Server.java:doStart(351)) - jetty-9.3.24.v20180605, build timestamp: 2018-06-05T17:11:56Z, git hash: 84205aa28f11a4f31f2a3b86d1bba2cc8ab69827
2019-07-14 01:10:09,253 INFO  handler.ContextHandler (ContextHandler.java:doStart(781)) - Started o.e.j.s.ServletContextHandler@6a9b8f33{/logs,file:///tmp/workdir/hadoop-ozone/integration-test/target/log,AVAILABLE}
2019-07-14 01:10:09,253 INFO  handler.ContextHandler (ContextHandler.java:doStart(781)) - Started o.e.j.s.ServletContextHandler@7375ebe7{/static,jar:file:/home/user/.m2/repository/org/apache/hadoop/hadoop-hdds-container-service/0.5.0-SNAPSHOT/hadoop-hdds-container-service-0.5.0-SNAPSHOT.jar!/webapps/static,AVAILABLE}
2019-07-14 01:10:09,280 INFO  handler.ContextHandler (ContextHandler.java:doStart(781)) - Started o.e.j.w.WebAppContext@6e8426aa{/,file:///tmp/jetty-0.0.0.0-33856-hddsDatanode-_-any-5144037893738915807.dir/webapp/,AVAILABLE}{/hddsDatanode}
2019-07-14 01:10:09,280 INFO  server.AbstractConnector (AbstractConnector.java:doStart(278)) - Started ServerConnector@752573df{HTTP/1.1,[http/1.1]}{0.0.0.0:33856}
2019-07-14 01:10:09,280 INFO  server.Server (Server.java:doStart(419)) - Started @595626ms
2019-07-14 01:10:09,282 INFO  server.BaseHttpServer (BaseHttpServer.java:updateConnectorAddress(207)) - HTTP server of HDDSDATANODE is listening at http://0.0.0.0:33856
2019-07-14 01:10:09,379 INFO  ozone.HddsDatanodeService (HddsDatanodeService.java:startPlugins(396)) - Started plug-in org.apache.hadoop.ozone.web.OzoneHddsDatanodeService@72bef795
2019-07-14 01:10:09,379 INFO  impl.MetricsSystemImpl (MetricsSystemImpl.java:init(158)) - HddsDatanode metrics system started (again)
2019-07-14 01:10:09,379 INFO  ozone.HddsDatanodeService (HddsDatanodeService.java:start(185)) - HddsDatanodeService host:trunk-nightly-sxkq5-3320257302 ip:192.168.157.230
2019-07-14 01:10:09,383 INFO  util.JvmPauseMonitor (JvmPauseMonitor.java:run(188)) - Starting JVM pause monitor
2019-07-14 01:10:09,384 INFO  datanode.InitDatanodeState (InitDatanodeState.java:persistContainerDatanodeDetails(140)) - DatanodeDetails is persisted to /tmp/workdir/hadoop-ozone/integration-test/target/test-dir/MiniOzoneClusterImpl-7d291438-c8fc-43b5-90e6-bf32aa58510a/datanode-1/meta/datanode.id
2019-07-14 01:10:09,393 INFO  volume.HddsVolume (HddsVolume.java:<init>(176)) - Creating Volume: /tmp/workdir/hadoop-ozone/integration-test/target/test-dir/MiniOzoneClusterImpl-7d291438-c8fc-43b5-90e6-bf32aa58510a/datanode-2/data/containers/hdds of  storage type : DISK and capacity : 52710309888
2019-07-14 01:10:09,393 INFO  volume.VolumeSet (VolumeSet.java:initializeVolumeSet(170)) - Added Volume : /tmp/workdir/hadoop-ozone/integration-test/target/test-dir/MiniOzoneClusterImpl-7d291438-c8fc-43b5-90e6-bf32aa58510a/datanode-2/data/containers/hdds to VolumeSet
2019-07-14 01:10:09,393 INFO  volume.ThrottledAsyncChecker (ThrottledAsyncChecker.java:schedule(140)) - Scheduling a check for org.apache.hadoop.ozone.container.common.volume.HddsVolume@36299b83
2019-07-14 01:10:09,394 INFO  volume.HddsVolumeChecker (HddsVolumeChecker.java:checkAllVolumes(203)) - Scheduled health check for volume org.apache.hadoop.ozone.container.common.volume.HddsVolume@36299b83
2019-07-14 01:10:09,407 INFO  impl.RaftServerProxy (ConfUtils.java:logGet(43)) - raft.rpc.type = GRPC (default)
2019-07-14 01:10:09,408 INFO  grpc.GrpcFactory (GrpcFactory.java:checkPooledByteBufAllocatorUseCacheForAllThreads(45)) - PERFORMANCE WARNING: useCacheForAllThreads is true that may cause Netty to create a lot garbage objects and, as a result, trigger GC.
	It is recommended to disable useCacheForAllThreads by setting -Dorg.apache.ratis.thirdparty.io.netty.allocator.useCacheForAllThreads=false in command line.
2019-07-14 01:10:09,408 INFO  grpc.GrpcConfigKeys$Server (ConfUtils.java:logGet(43)) - raft.grpc.server.port = 0 (default)
2019-07-14 01:10:09,408 INFO  server.GrpcService (ConfUtils.java:logGet(43)) - raft.grpc.message.size.max = 33570816 (custom)
2019-07-14 01:10:09,408 INFO  server.RaftServerConfigKeys (ConfUtils.java:logGet(43)) - raft.server.log.appender.buffer.byte-limit = 33554432 (custom)
2019-07-14 01:10:09,408 INFO  server.GrpcService (ConfUtils.java:logGet(43)) - raft.grpc.flow.control.window = 1MB (=1048576) (default)
2019-07-14 01:10:09,408 INFO  server.RaftServerConfigKeys (ConfUtils.java:logGet(43)) - raft.server.rpc.request.timeout = 3000ms (default)
2019-07-14 01:10:09,409 INFO  server.RaftServerConfigKeys (ConfUtils.java:logGet(43)) - raft.server.storage.dir = [/tmp/workdir/hadoop-ozone/integration-test/target/test-dir/MiniOzoneClusterImpl-7d291438-c8fc-43b5-90e6-bf32aa58510a/datanode-2/data/ratis] (custom)
2019-07-14 01:10:09,409 INFO  replication.SimpleContainerDownloader (SimpleContainerDownloader.java:<init>(72)) - Starting container downloader service to copy containers to replicate.
2019-07-14 01:10:09,410 INFO  hdfs.DFSUtil (DFSUtil.java:httpServerTemplateForNNAndJN(1641)) - Starting Web-server for hddsDatanode at: http://0.0.0.0:0
2019-07-14 01:10:09,411 INFO  server.AuthenticationFilter (AuthenticationFilter.java:constructSecretProvider(240)) - Unable to initialize FileSignerSecretProvider, falling back to use random secrets.
2019-07-14 01:10:09,412 WARN  http.HttpRequestLog (HttpRequestLog.java:getRequestLog(97)) - Jetty request log can only be enabled using Log4j
2019-07-14 01:10:09,413 INFO  http.HttpServer2 (HttpServer2.java:addGlobalFilter(975)) - Added global filter 'safety' (class=org.apache.hadoop.http.HttpServer2$QuotingInputFilter)
2019-07-14 01:10:09,413 INFO  http.HttpServer2 (HttpServer2.java:addFilter(948)) - Added filter static_user_filter (class=org.apache.hadoop.http.lib.StaticUserWebFilter$StaticUserFilter) to context hddsDatanode
2019-07-14 01:10:09,413 INFO  http.HttpServer2 (HttpServer2.java:addFilter(958)) - Added filter static_user_filter (class=org.apache.hadoop.http.lib.StaticUserWebFilter$StaticUserFilter) to context logs
2019-07-14 01:10:09,413 INFO  http.HttpServer2 (HttpServer2.java:addFilter(958)) - Added filter static_user_filter (class=org.apache.hadoop.http.lib.StaticUserWebFilter$StaticUserFilter) to context static
2019-07-14 01:10:09,414 INFO  http.HttpServer2 (HttpServer2.java:bindListener(1191)) - Jetty bound to port 39017
2019-07-14 01:10:09,414 INFO  server.Server (Server.java:doStart(351)) - jetty-9.3.24.v20180605, build timestamp: 2018-06-05T17:11:56Z, git hash: 84205aa28f11a4f31f2a3b86d1bba2cc8ab69827
2019-07-14 01:10:09,416 INFO  handler.ContextHandler (ContextHandler.java:doStart(781)) - Started o.e.j.s.ServletContextHandler@4d1a763c{/logs,file:///tmp/workdir/hadoop-ozone/integration-test/target/log,AVAILABLE}
2019-07-14 01:10:09,416 INFO  handler.ContextHandler (ContextHandler.java:doStart(781)) - Started o.e.j.s.ServletContextHandler@5e2ab1c{/static,jar:file:/home/user/.m2/repository/org/apache/hadoop/hadoop-hdds-container-service/0.5.0-SNAPSHOT/hadoop-hdds-container-service-0.5.0-SNAPSHOT.jar!/webapps/static,AVAILABLE}
2019-07-14 01:10:09,442 INFO  handler.ContextHandler (ContextHandler.java:doStart(781)) - Started o.e.j.w.WebAppContext@50ba19df{/,file:///tmp/jetty-0.0.0.0-39017-hddsDatanode-_-any-8176245860904241923.dir/webapp/,AVAILABLE}{/hddsDatanode}
2019-07-14 01:10:09,442 INFO  server.AbstractConnector (AbstractConnector.java:doStart(278)) - Started ServerConnector@726882da{HTTP/1.1,[http/1.1]}{0.0.0.0:39017}
2019-07-14 01:10:09,442 INFO  server.Server (Server.java:doStart(419)) - Started @595789ms
2019-07-14 01:10:09,444 INFO  server.BaseHttpServer (BaseHttpServer.java:updateConnectorAddress(207)) - HTTP server of HDDSDATANODE is listening at http://0.0.0.0:39017
2019-07-14 01:10:09,543 INFO  ozone.HddsDatanodeService (HddsDatanodeService.java:startPlugins(396)) - Started plug-in org.apache.hadoop.ozone.web.OzoneHddsDatanodeService@383d2e2d
2019-07-14 01:10:09,543 INFO  impl.MetricsSystemImpl (MetricsSystemImpl.java:init(158)) - HddsDatanode metrics system started (again)
2019-07-14 01:10:09,545 INFO  ozone.HddsDatanodeService (HddsDatanodeService.java:start(185)) - HddsDatanodeService host:trunk-nightly-sxkq5-3320257302 ip:192.168.157.230
2019-07-14 01:10:09,546 INFO  util.JvmPauseMonitor (JvmPauseMonitor.java:run(188)) - Starting JVM pause monitor
2019-07-14 01:10:09,548 INFO  datanode.InitDatanodeState (InitDatanodeState.java:persistContainerDatanodeDetails(140)) - DatanodeDetails is persisted to /tmp/workdir/hadoop-ozone/integration-test/target/test-dir/MiniOzoneClusterImpl-7d291438-c8fc-43b5-90e6-bf32aa58510a/datanode-2/meta/datanode.id
2019-07-14 01:10:09,556 INFO  volume.HddsVolume (HddsVolume.java:<init>(176)) - Creating Volume: /tmp/workdir/hadoop-ozone/integration-test/target/test-dir/MiniOzoneClusterImpl-7d291438-c8fc-43b5-90e6-bf32aa58510a/datanode-3/data/containers/hdds of  storage type : DISK and capacity : 52710309888
2019-07-14 01:10:09,557 INFO  volume.VolumeSet (VolumeSet.java:initializeVolumeSet(170)) - Added Volume : /tmp/workdir/hadoop-ozone/integration-test/target/test-dir/MiniOzoneClusterImpl-7d291438-c8fc-43b5-90e6-bf32aa58510a/datanode-3/data/containers/hdds to VolumeSet
2019-07-14 01:10:09,557 INFO  volume.ThrottledAsyncChecker (ThrottledAsyncChecker.java:schedule(140)) - Scheduling a check for org.apache.hadoop.ozone.container.common.volume.HddsVolume@7d583602
2019-07-14 01:10:09,558 INFO  volume.HddsVolumeChecker (HddsVolumeChecker.java:checkAllVolumes(203)) - Scheduled health check for volume org.apache.hadoop.ozone.container.common.volume.HddsVolume@7d583602
2019-07-14 01:10:09,571 INFO  impl.RaftServerProxy (ConfUtils.java:logGet(43)) - raft.rpc.type = GRPC (default)
2019-07-14 01:10:09,572 INFO  grpc.GrpcFactory (GrpcFactory.java:checkPooledByteBufAllocatorUseCacheForAllThreads(45)) - PERFORMANCE WARNING: useCacheForAllThreads is true that may cause Netty to create a lot garbage objects and, as a result, trigger GC.
	It is recommended to disable useCacheForAllThreads by setting -Dorg.apache.ratis.thirdparty.io.netty.allocator.useCacheForAllThreads=false in command line.
2019-07-14 01:10:09,572 INFO  grpc.GrpcConfigKeys$Server (ConfUtils.java:logGet(43)) - raft.grpc.server.port = 0 (default)
2019-07-14 01:10:09,572 INFO  server.GrpcService (ConfUtils.java:logGet(43)) - raft.grpc.message.size.max = 33570816 (custom)
2019-07-14 01:10:09,573 INFO  server.RaftServerConfigKeys (ConfUtils.java:logGet(43)) - raft.server.log.appender.buffer.byte-limit = 33554432 (custom)
2019-07-14 01:10:09,573 INFO  server.GrpcService (ConfUtils.java:logGet(43)) - raft.grpc.flow.control.window = 1MB (=1048576) (default)
2019-07-14 01:10:09,573 INFO  server.RaftServerConfigKeys (ConfUtils.java:logGet(43)) - raft.server.rpc.request.timeout = 3000ms (default)
2019-07-14 01:10:09,574 INFO  server.RaftServerConfigKeys (ConfUtils.java:logGet(43)) - raft.server.storage.dir = [/tmp/workdir/hadoop-ozone/integration-test/target/test-dir/MiniOzoneClusterImpl-7d291438-c8fc-43b5-90e6-bf32aa58510a/datanode-3/data/ratis] (custom)
2019-07-14 01:10:09,574 INFO  replication.SimpleContainerDownloader (SimpleContainerDownloader.java:<init>(72)) - Starting container downloader service to copy containers to replicate.
2019-07-14 01:10:09,576 INFO  hdfs.DFSUtil (DFSUtil.java:httpServerTemplateForNNAndJN(1641)) - Starting Web-server for hddsDatanode at: http://0.0.0.0:0
2019-07-14 01:10:09,577 INFO  server.AuthenticationFilter (AuthenticationFilter.java:constructSecretProvider(240)) - Unable to initialize FileSignerSecretProvider, falling back to use random secrets.
2019-07-14 01:10:09,577 WARN  http.HttpRequestLog (HttpRequestLog.java:getRequestLog(97)) - Jetty request log can only be enabled using Log4j
2019-07-14 01:10:09,578 INFO  http.HttpServer2 (HttpServer2.java:addGlobalFilter(975)) - Added global filter 'safety' (class=org.apache.hadoop.http.HttpServer2$QuotingInputFilter)
2019-07-14 01:10:09,579 INFO  http.HttpServer2 (HttpServer2.java:addFilter(948)) - Added filter static_user_filter (class=org.apache.hadoop.http.lib.StaticUserWebFilter$StaticUserFilter) to context hddsDatanode
2019-07-14 01:10:09,579 INFO  http.HttpServer2 (HttpServer2.java:addFilter(958)) - Added filter static_user_filter (class=org.apache.hadoop.http.lib.StaticUserWebFilter$StaticUserFilter) to context static
2019-07-14 01:10:09,579 INFO  http.HttpServer2 (HttpServer2.java:addFilter(958)) - Added filter static_user_filter (class=org.apache.hadoop.http.lib.StaticUserWebFilter$StaticUserFilter) to context logs
2019-07-14 01:10:09,579 INFO  http.HttpServer2 (HttpServer2.java:bindListener(1191)) - Jetty bound to port 40772
2019-07-14 01:10:09,580 INFO  server.Server (Server.java:doStart(351)) - jetty-9.3.24.v20180605, build timestamp: 2018-06-05T17:11:56Z, git hash: 84205aa28f11a4f31f2a3b86d1bba2cc8ab69827
2019-07-14 01:10:09,581 INFO  handler.ContextHandler (ContextHandler.java:doStart(781)) - Started o.e.j.s.ServletContextHandler@9214725{/logs,file:///tmp/workdir/hadoop-ozone/integration-test/target/log,AVAILABLE}
2019-07-14 01:10:09,581 INFO  handler.ContextHandler (ContextHandler.java:doStart(781)) - Started o.e.j.s.ServletContextHandler@39aaa7db{/static,jar:file:/home/user/.m2/repository/org/apache/hadoop/hadoop-hdds-container-service/0.5.0-SNAPSHOT/hadoop-hdds-container-service-0.5.0-SNAPSHOT.jar!/webapps/static,AVAILABLE}
2019-07-14 01:10:09,608 INFO  handler.ContextHandler (ContextHandler.java:doStart(781)) - Started o.e.j.w.WebAppContext@34a06981{/,file:///tmp/jetty-0.0.0.0-40772-hddsDatanode-_-any-710499200724782762.dir/webapp/,AVAILABLE}{/hddsDatanode}
2019-07-14 01:10:09,608 INFO  server.AbstractConnector (AbstractConnector.java:doStart(278)) - Started ServerConnector@458500d1{HTTP/1.1,[http/1.1]}{0.0.0.0:40772}
2019-07-14 01:10:09,608 INFO  server.Server (Server.java:doStart(419)) - Started @595955ms
2019-07-14 01:10:09,610 INFO  server.BaseHttpServer (BaseHttpServer.java:updateConnectorAddress(207)) - HTTP server of HDDSDATANODE is listening at http://0.0.0.0:40772
2019-07-14 01:10:09,831 INFO  ozone.HddsDatanodeService (HddsDatanodeService.java:startPlugins(396)) - Started plug-in org.apache.hadoop.ozone.web.OzoneHddsDatanodeService@6b0636d9
2019-07-14 01:10:09,832 INFO  impl.MetricsSystemImpl (MetricsSystemImpl.java:init(158)) - HddsDatanode metrics system started (again)
2019-07-14 01:10:09,834 INFO  ozone.HddsDatanodeService (HddsDatanodeService.java:start(185)) - HddsDatanodeService host:trunk-nightly-sxkq5-3320257302 ip:192.168.157.230
2019-07-14 01:10:09,835 INFO  util.JvmPauseMonitor (JvmPauseMonitor.java:run(188)) - Starting JVM pause monitor
2019-07-14 01:10:09,836 INFO  datanode.InitDatanodeState (InitDatanodeState.java:persistContainerDatanodeDetails(140)) - DatanodeDetails is persisted to /tmp/workdir/hadoop-ozone/integration-test/target/test-dir/MiniOzoneClusterImpl-7d291438-c8fc-43b5-90e6-bf32aa58510a/datanode-3/meta/datanode.id
2019-07-14 01:10:09,844 INFO  volume.HddsVolume (HddsVolume.java:<init>(176)) - Creating Volume: /tmp/workdir/hadoop-ozone/integration-test/target/test-dir/MiniOzoneClusterImpl-7d291438-c8fc-43b5-90e6-bf32aa58510a/datanode-4/data/containers/hdds of  storage type : DISK and capacity : 52710309888
2019-07-14 01:10:09,844 INFO  volume.VolumeSet (VolumeSet.java:initializeVolumeSet(170)) - Added Volume : /tmp/workdir/hadoop-ozone/integration-test/target/test-dir/MiniOzoneClusterImpl-7d291438-c8fc-43b5-90e6-bf32aa58510a/datanode-4/data/containers/hdds to VolumeSet
2019-07-14 01:10:09,845 INFO  volume.ThrottledAsyncChecker (ThrottledAsyncChecker.java:schedule(140)) - Scheduling a check for org.apache.hadoop.ozone.container.common.volume.HddsVolume@cc4a0dd
2019-07-14 01:10:09,845 INFO  volume.HddsVolumeChecker (HddsVolumeChecker.java:checkAllVolumes(203)) - Scheduled health check for volume org.apache.hadoop.ozone.container.common.volume.HddsVolume@cc4a0dd
2019-07-14 01:10:09,859 INFO  impl.RaftServerProxy (ConfUtils.java:logGet(43)) - raft.rpc.type = GRPC (default)
2019-07-14 01:10:09,859 INFO  grpc.GrpcFactory (GrpcFactory.java:checkPooledByteBufAllocatorUseCacheForAllThreads(45)) - PERFORMANCE WARNING: useCacheForAllThreads is true that may cause Netty to create a lot garbage objects and, as a result, trigger GC.
	It is recommended to disable useCacheForAllThreads by setting -Dorg.apache.ratis.thirdparty.io.netty.allocator.useCacheForAllThreads=false in command line.
2019-07-14 01:10:09,859 INFO  grpc.GrpcConfigKeys$Server (ConfUtils.java:logGet(43)) - raft.grpc.server.port = 0 (default)
2019-07-14 01:10:09,859 INFO  server.GrpcService (ConfUtils.java:logGet(43)) - raft.grpc.message.size.max = 33570816 (custom)
2019-07-14 01:10:09,859 INFO  server.RaftServerConfigKeys (ConfUtils.java:logGet(43)) - raft.server.log.appender.buffer.byte-limit = 33554432 (custom)
2019-07-14 01:10:09,860 INFO  server.GrpcService (ConfUtils.java:logGet(43)) - raft.grpc.flow.control.window = 1MB (=1048576) (default)
2019-07-14 01:10:09,860 INFO  server.RaftServerConfigKeys (ConfUtils.java:logGet(43)) - raft.server.rpc.request.timeout = 3000ms (default)
2019-07-14 01:10:09,860 INFO  server.RaftServerConfigKeys (ConfUtils.java:logGet(43)) - raft.server.storage.dir = [/tmp/workdir/hadoop-ozone/integration-test/target/test-dir/MiniOzoneClusterImpl-7d291438-c8fc-43b5-90e6-bf32aa58510a/datanode-4/data/ratis] (custom)
2019-07-14 01:10:09,860 INFO  replication.SimpleContainerDownloader (SimpleContainerDownloader.java:<init>(72)) - Starting container downloader service to copy containers to replicate.
2019-07-14 01:10:09,862 INFO  hdfs.DFSUtil (DFSUtil.java:httpServerTemplateForNNAndJN(1641)) - Starting Web-server for hddsDatanode at: http://0.0.0.0:0
2019-07-14 01:10:09,864 INFO  server.AuthenticationFilter (AuthenticationFilter.java:constructSecretProvider(240)) - Unable to initialize FileSignerSecretProvider, falling back to use random secrets.
2019-07-14 01:10:09,864 WARN  http.HttpRequestLog (HttpRequestLog.java:getRequestLog(97)) - Jetty request log can only be enabled using Log4j
2019-07-14 01:10:09,866 INFO  http.HttpServer2 (HttpServer2.java:addGlobalFilter(975)) - Added global filter 'safety' (class=org.apache.hadoop.http.HttpServer2$QuotingInputFilter)
2019-07-14 01:10:09,867 INFO  http.HttpServer2 (HttpServer2.java:addFilter(948)) - Added filter static_user_filter (class=org.apache.hadoop.http.lib.StaticUserWebFilter$StaticUserFilter) to context hddsDatanode
2019-07-14 01:10:09,867 INFO  http.HttpServer2 (HttpServer2.java:addFilter(958)) - Added filter static_user_filter (class=org.apache.hadoop.http.lib.StaticUserWebFilter$StaticUserFilter) to context static
2019-07-14 01:10:09,867 INFO  http.HttpServer2 (HttpServer2.java:addFilter(958)) - Added filter static_user_filter (class=org.apache.hadoop.http.lib.StaticUserWebFilter$StaticUserFilter) to context logs
2019-07-14 01:10:09,868 INFO  http.HttpServer2 (HttpServer2.java:bindListener(1191)) - Jetty bound to port 37042
2019-07-14 01:10:09,868 INFO  server.Server (Server.java:doStart(351)) - jetty-9.3.24.v20180605, build timestamp: 2018-06-05T17:11:56Z, git hash: 84205aa28f11a4f31f2a3b86d1bba2cc8ab69827
2019-07-14 01:10:09,870 INFO  handler.ContextHandler (ContextHandler.java:doStart(781)) - Started o.e.j.s.ServletContextHandler@2b26d289{/logs,file:///tmp/workdir/hadoop-ozone/integration-test/target/log,AVAILABLE}
2019-07-14 01:10:09,871 INFO  handler.ContextHandler (ContextHandler.java:doStart(781)) - Started o.e.j.s.ServletContextHandler@3a33d655{/static,jar:file:/home/user/.m2/repository/org/apache/hadoop/hadoop-hdds-container-service/0.5.0-SNAPSHOT/hadoop-hdds-container-service-0.5.0-SNAPSHOT.jar!/webapps/static,AVAILABLE}
2019-07-14 01:10:09,916 INFO  handler.ContextHandler (ContextHandler.java:doStart(781)) - Started o.e.j.w.WebAppContext@727b3b0{/,file:///tmp/jetty-0.0.0.0-37042-hddsDatanode-_-any-2234703373465353657.dir/webapp/,AVAILABLE}{/hddsDatanode}
2019-07-14 01:10:09,916 INFO  server.AbstractConnector (AbstractConnector.java:doStart(278)) - Started ServerConnector@611f28f5{HTTP/1.1,[http/1.1]}{0.0.0.0:37042}
2019-07-14 01:10:09,918 INFO  server.Server (Server.java:doStart(419)) - Started @596264ms
2019-07-14 01:10:09,918 INFO  server.BaseHttpServer (BaseHttpServer.java:updateConnectorAddress(207)) - HTTP server of HDDSDATANODE is listening at http://0.0.0.0:37042
2019-07-14 01:10:10,027 INFO  ozone.HddsDatanodeService (HddsDatanodeService.java:startPlugins(396)) - Started plug-in org.apache.hadoop.ozone.web.OzoneHddsDatanodeService@1cd93693
2019-07-14 01:10:10,028 INFO  impl.MetricsSystemImpl (MetricsSystemImpl.java:init(158)) - HddsDatanode metrics system started (again)
2019-07-14 01:10:10,030 INFO  ozone.HddsDatanodeService (HddsDatanodeService.java:start(185)) - HddsDatanodeService host:trunk-nightly-sxkq5-3320257302 ip:192.168.157.230
2019-07-14 01:10:10,031 INFO  util.JvmPauseMonitor (JvmPauseMonitor.java:run(188)) - Starting JVM pause monitor
2019-07-14 01:10:10,033 INFO  datanode.InitDatanodeState (InitDatanodeState.java:persistContainerDatanodeDetails(140)) - DatanodeDetails is persisted to /tmp/workdir/hadoop-ozone/integration-test/target/test-dir/MiniOzoneClusterImpl-7d291438-c8fc-43b5-90e6-bf32aa58510a/datanode-4/meta/datanode.id
2019-07-14 01:10:10,041 INFO  volume.HddsVolume (HddsVolume.java:<init>(176)) - Creating Volume: /tmp/workdir/hadoop-ozone/integration-test/target/test-dir/MiniOzoneClusterImpl-7d291438-c8fc-43b5-90e6-bf32aa58510a/datanode-5/data/containers/hdds of  storage type : DISK and capacity : 52710309888
2019-07-14 01:10:10,042 INFO  volume.VolumeSet (VolumeSet.java:initializeVolumeSet(170)) - Added Volume : /tmp/workdir/hadoop-ozone/integration-test/target/test-dir/MiniOzoneClusterImpl-7d291438-c8fc-43b5-90e6-bf32aa58510a/datanode-5/data/containers/hdds to VolumeSet
2019-07-14 01:10:10,042 INFO  volume.ThrottledAsyncChecker (ThrottledAsyncChecker.java:schedule(140)) - Scheduling a check for org.apache.hadoop.ozone.container.common.volume.HddsVolume@65145fb7
2019-07-14 01:10:10,042 INFO  volume.HddsVolumeChecker (HddsVolumeChecker.java:checkAllVolumes(203)) - Scheduled health check for volume org.apache.hadoop.ozone.container.common.volume.HddsVolume@65145fb7
2019-07-14 01:10:10,056 INFO  impl.RaftServerProxy (ConfUtils.java:logGet(43)) - raft.rpc.type = GRPC (default)
2019-07-14 01:10:10,057 INFO  grpc.GrpcFactory (GrpcFactory.java:checkPooledByteBufAllocatorUseCacheForAllThreads(45)) - PERFORMANCE WARNING: useCacheForAllThreads is true that may cause Netty to create a lot garbage objects and, as a result, trigger GC.
	It is recommended to disable useCacheForAllThreads by setting -Dorg.apache.ratis.thirdparty.io.netty.allocator.useCacheForAllThreads=false in command line.
2019-07-14 01:10:10,057 INFO  grpc.GrpcConfigKeys$Server (ConfUtils.java:logGet(43)) - raft.grpc.server.port = 0 (default)
2019-07-14 01:10:10,057 INFO  server.GrpcService (ConfUtils.java:logGet(43)) - raft.grpc.message.size.max = 33570816 (custom)
2019-07-14 01:10:10,057 INFO  server.RaftServerConfigKeys (ConfUtils.java:logGet(43)) - raft.server.log.appender.buffer.byte-limit = 33554432 (custom)
2019-07-14 01:10:10,057 INFO  server.GrpcService (ConfUtils.java:logGet(43)) - raft.grpc.flow.control.window = 1MB (=1048576) (default)
2019-07-14 01:10:10,057 INFO  server.RaftServerConfigKeys (ConfUtils.java:logGet(43)) - raft.server.rpc.request.timeout = 3000ms (default)
2019-07-14 01:10:10,058 INFO  server.RaftServerConfigKeys (ConfUtils.java:logGet(43)) - raft.server.storage.dir = [/tmp/workdir/hadoop-ozone/integration-test/target/test-dir/MiniOzoneClusterImpl-7d291438-c8fc-43b5-90e6-bf32aa58510a/datanode-5/data/ratis] (custom)
2019-07-14 01:10:10,058 INFO  replication.SimpleContainerDownloader (SimpleContainerDownloader.java:<init>(72)) - Starting container downloader service to copy containers to replicate.
2019-07-14 01:10:10,059 INFO  hdfs.DFSUtil (DFSUtil.java:httpServerTemplateForNNAndJN(1641)) - Starting Web-server for hddsDatanode at: http://0.0.0.0:0
2019-07-14 01:10:10,061 INFO  server.AuthenticationFilter (AuthenticationFilter.java:constructSecretProvider(240)) - Unable to initialize FileSignerSecretProvider, falling back to use random secrets.
2019-07-14 01:10:10,061 WARN  http.HttpRequestLog (HttpRequestLog.java:getRequestLog(97)) - Jetty request log can only be enabled using Log4j
2019-07-14 01:10:10,062 INFO  http.HttpServer2 (HttpServer2.java:addGlobalFilter(975)) - Added global filter 'safety' (class=org.apache.hadoop.http.HttpServer2$QuotingInputFilter)
2019-07-14 01:10:10,063 INFO  http.HttpServer2 (HttpServer2.java:addFilter(948)) - Added filter static_user_filter (class=org.apache.hadoop.http.lib.StaticUserWebFilter$StaticUserFilter) to context hddsDatanode
2019-07-14 01:10:10,063 INFO  http.HttpServer2 (HttpServer2.java:addFilter(958)) - Added filter static_user_filter (class=org.apache.hadoop.http.lib.StaticUserWebFilter$StaticUserFilter) to context logs
2019-07-14 01:10:10,063 INFO  http.HttpServer2 (HttpServer2.java:addFilter(958)) - Added filter static_user_filter (class=org.apache.hadoop.http.lib.StaticUserWebFilter$StaticUserFilter) to context static
2019-07-14 01:10:10,063 INFO  http.HttpServer2 (HttpServer2.java:bindListener(1191)) - Jetty bound to port 38499
2019-07-14 01:10:10,064 INFO  server.Server (Server.java:doStart(351)) - jetty-9.3.24.v20180605, build timestamp: 2018-06-05T17:11:56Z, git hash: 84205aa28f11a4f31f2a3b86d1bba2cc8ab69827
2019-07-14 01:10:10,065 INFO  handler.ContextHandler (ContextHandler.java:doStart(781)) - Started o.e.j.s.ServletContextHandler@4ce9985f{/logs,file:///tmp/workdir/hadoop-ozone/integration-test/target/log,AVAILABLE}
2019-07-14 01:10:10,065 INFO  handler.ContextHandler (ContextHandler.java:doStart(781)) - Started o.e.j.s.ServletContextHandler@56d4481f{/static,jar:file:/home/user/.m2/repository/org/apache/hadoop/hadoop-hdds-container-service/0.5.0-SNAPSHOT/hadoop-hdds-container-service-0.5.0-SNAPSHOT.jar!/webapps/static,AVAILABLE}
2019-07-14 01:10:10,093 INFO  handler.ContextHandler (ContextHandler.java:doStart(781)) - Started o.e.j.w.WebAppContext@e10809f{/,file:///tmp/jetty-0.0.0.0-38499-hddsDatanode-_-any-1330561414530020625.dir/webapp/,AVAILABLE}{/hddsDatanode}
2019-07-14 01:10:10,093 INFO  server.AbstractConnector (AbstractConnector.java:doStart(278)) - Started ServerConnector@470c2a7a{HTTP/1.1,[http/1.1]}{0.0.0.0:38499}
2019-07-14 01:10:10,094 INFO  server.Server (Server.java:doStart(419)) - Started @596441ms
2019-07-14 01:10:10,095 INFO  server.BaseHttpServer (BaseHttpServer.java:updateConnectorAddress(207)) - HTTP server of HDDSDATANODE is listening at http://0.0.0.0:38499
2019-07-14 01:10:10,192 INFO  ozone.HddsDatanodeService (HddsDatanodeService.java:startPlugins(396)) - Started plug-in org.apache.hadoop.ozone.web.OzoneHddsDatanodeService@21312b5
2019-07-14 01:10:10,192 INFO  impl.MetricsSystemImpl (MetricsSystemImpl.java:init(158)) - HddsDatanode metrics system started (again)
2019-07-14 01:10:10,195 INFO  ozone.HddsDatanodeService (HddsDatanodeService.java:start(185)) - HddsDatanodeService host:trunk-nightly-sxkq5-3320257302 ip:192.168.157.230
2019-07-14 01:10:10,196 INFO  util.JvmPauseMonitor (JvmPauseMonitor.java:run(188)) - Starting JVM pause monitor
2019-07-14 01:10:10,197 INFO  datanode.InitDatanodeState (InitDatanodeState.java:persistContainerDatanodeDetails(140)) - DatanodeDetails is persisted to /tmp/workdir/hadoop-ozone/integration-test/target/test-dir/MiniOzoneClusterImpl-7d291438-c8fc-43b5-90e6-bf32aa58510a/datanode-5/meta/datanode.id
2019-07-14 01:10:10,207 INFO  volume.HddsVolume (HddsVolume.java:<init>(176)) - Creating Volume: /tmp/workdir/hadoop-ozone/integration-test/target/test-dir/MiniOzoneClusterImpl-7d291438-c8fc-43b5-90e6-bf32aa58510a/datanode-6/data/containers/hdds of  storage type : DISK and capacity : 52710309888
2019-07-14 01:10:10,208 INFO  volume.VolumeSet (VolumeSet.java:initializeVolumeSet(170)) - Added Volume : /tmp/workdir/hadoop-ozone/integration-test/target/test-dir/MiniOzoneClusterImpl-7d291438-c8fc-43b5-90e6-bf32aa58510a/datanode-6/data/containers/hdds to VolumeSet
2019-07-14 01:10:10,208 INFO  volume.ThrottledAsyncChecker (ThrottledAsyncChecker.java:schedule(140)) - Scheduling a check for org.apache.hadoop.ozone.container.common.volume.HddsVolume@1912ba29
2019-07-14 01:10:10,208 INFO  volume.HddsVolumeChecker (HddsVolumeChecker.java:checkAllVolumes(203)) - Scheduled health check for volume org.apache.hadoop.ozone.container.common.volume.HddsVolume@1912ba29
2019-07-14 01:10:10,227 INFO  impl.RaftServerProxy (ConfUtils.java:logGet(43)) - raft.rpc.type = GRPC (default)
2019-07-14 01:10:10,228 INFO  grpc.GrpcFactory (GrpcFactory.java:checkPooledByteBufAllocatorUseCacheForAllThreads(45)) - PERFORMANCE WARNING: useCacheForAllThreads is true that may cause Netty to create a lot garbage objects and, as a result, trigger GC.
	It is recommended to disable useCacheForAllThreads by setting -Dorg.apache.ratis.thirdparty.io.netty.allocator.useCacheForAllThreads=false in command line.
2019-07-14 01:10:10,228 INFO  grpc.GrpcConfigKeys$Server (ConfUtils.java:logGet(43)) - raft.grpc.server.port = 0 (default)
2019-07-14 01:10:10,228 INFO  server.GrpcService (ConfUtils.java:logGet(43)) - raft.grpc.message.size.max = 33570816 (custom)
2019-07-14 01:10:10,228 INFO  server.RaftServerConfigKeys (ConfUtils.java:logGet(43)) - raft.server.log.appender.buffer.byte-limit = 33554432 (custom)
2019-07-14 01:10:10,228 INFO  server.GrpcService (ConfUtils.java:logGet(43)) - raft.grpc.flow.control.window = 1MB (=1048576) (default)
2019-07-14 01:10:10,228 INFO  server.RaftServerConfigKeys (ConfUtils.java:logGet(43)) - raft.server.rpc.request.timeout = 3000ms (default)
2019-07-14 01:10:10,229 INFO  server.RaftServerConfigKeys (ConfUtils.java:logGet(43)) - raft.server.storage.dir = [/tmp/workdir/hadoop-ozone/integration-test/target/test-dir/MiniOzoneClusterImpl-7d291438-c8fc-43b5-90e6-bf32aa58510a/datanode-6/data/ratis] (custom)
2019-07-14 01:10:10,229 INFO  replication.SimpleContainerDownloader (SimpleContainerDownloader.java:<init>(72)) - Starting container downloader service to copy containers to replicate.
2019-07-14 01:10:10,230 INFO  hdfs.DFSUtil (DFSUtil.java:httpServerTemplateForNNAndJN(1641)) - Starting Web-server for hddsDatanode at: http://0.0.0.0:0
2019-07-14 01:10:10,231 INFO  server.AuthenticationFilter (AuthenticationFilter.java:constructSecretProvider(240)) - Unable to initialize FileSignerSecretProvider, falling back to use random secrets.
2019-07-14 01:10:10,231 WARN  http.HttpRequestLog (HttpRequestLog.java:getRequestLog(97)) - Jetty request log can only be enabled using Log4j
2019-07-14 01:10:10,233 INFO  http.HttpServer2 (HttpServer2.java:addGlobalFilter(975)) - Added global filter 'safety' (class=org.apache.hadoop.http.HttpServer2$QuotingInputFilter)
2019-07-14 01:10:10,233 INFO  http.HttpServer2 (HttpServer2.java:addFilter(948)) - Added filter static_user_filter (class=org.apache.hadoop.http.lib.StaticUserWebFilter$StaticUserFilter) to context hddsDatanode
2019-07-14 01:10:10,233 INFO  http.HttpServer2 (HttpServer2.java:addFilter(958)) - Added filter static_user_filter (class=org.apache.hadoop.http.lib.StaticUserWebFilter$StaticUserFilter) to context logs
2019-07-14 01:10:10,233 INFO  http.HttpServer2 (HttpServer2.java:addFilter(958)) - Added filter static_user_filter (class=org.apache.hadoop.http.lib.StaticUserWebFilter$StaticUserFilter) to context static
2019-07-14 01:10:10,234 INFO  http.HttpServer2 (HttpServer2.java:bindListener(1191)) - Jetty bound to port 39662
2019-07-14 01:10:10,234 INFO  server.Server (Server.java:doStart(351)) - jetty-9.3.24.v20180605, build timestamp: 2018-06-05T17:11:56Z, git hash: 84205aa28f11a4f31f2a3b86d1bba2cc8ab69827
2019-07-14 01:10:10,235 INFO  handler.ContextHandler (ContextHandler.java:doStart(781)) - Started o.e.j.s.ServletContextHandler@58052571{/logs,file:///tmp/workdir/hadoop-ozone/integration-test/target/log,AVAILABLE}
2019-07-14 01:10:10,236 INFO  handler.ContextHandler (ContextHandler.java:doStart(781)) - Started o.e.j.s.ServletContextHandler@14144cc9{/static,jar:file:/home/user/.m2/repository/org/apache/hadoop/hadoop-hdds-container-service/0.5.0-SNAPSHOT/hadoop-hdds-container-service-0.5.0-SNAPSHOT.jar!/webapps/static,AVAILABLE}
2019-07-14 01:10:10,262 INFO  handler.ContextHandler (ContextHandler.java:doStart(781)) - Started o.e.j.w.WebAppContext@5623fd90{/,file:///tmp/jetty-0.0.0.0-39662-hddsDatanode-_-any-2373930488192394149.dir/webapp/,AVAILABLE}{/hddsDatanode}
2019-07-14 01:10:10,262 INFO  server.AbstractConnector (AbstractConnector.java:doStart(278)) - Started ServerConnector@4842a683{HTTP/1.1,[http/1.1]}{0.0.0.0:39662}
2019-07-14 01:10:10,262 INFO  server.Server (Server.java:doStart(419)) - Started @596608ms
2019-07-14 01:10:10,268 INFO  server.BaseHttpServer (BaseHttpServer.java:updateConnectorAddress(207)) - HTTP server of HDDSDATANODE is listening at http://0.0.0.0:39662
2019-07-14 01:10:10,366 INFO  ozone.HddsDatanodeService (HddsDatanodeService.java:startPlugins(396)) - Started plug-in org.apache.hadoop.ozone.web.OzoneHddsDatanodeService@32eca9f4
2019-07-14 01:10:10,367 INFO  ozone.MiniOzoneClusterImpl (MiniOzoneClusterImpl.java:lambda$waitForClusterToBeReady$0(142)) - Waiting for cluster to be ready. Got 0 of 7 DN Heartbeats.
2019-07-14 01:10:10,370 INFO  util.JvmPauseMonitor (JvmPauseMonitor.java:run(188)) - Starting JVM pause monitor
2019-07-14 01:10:10,372 INFO  datanode.InitDatanodeState (InitDatanodeState.java:persistContainerDatanodeDetails(140)) - DatanodeDetails is persisted to /tmp/workdir/hadoop-ozone/integration-test/target/test-dir/MiniOzoneClusterImpl-7d291438-c8fc-43b5-90e6-bf32aa58510a/datanode-6/meta/datanode.id
2019-07-14 01:10:11,241 INFO  ozoneimpl.OzoneContainer (OzoneContainer.java:start(186)) - Attempting to start container services.
2019-07-14 01:10:11,244 INFO  ozoneimpl.OzoneContainer (OzoneContainer.java:startContainerScrub(160)) - Background container scrubber has been disabled by hdds.containerscrub.enabled
2019-07-14 01:10:11,244 INFO  ratis.XceiverServerRatis (XceiverServerRatis.java:start(418)) - Starting XceiverServerRatis 5001e5eb-6200-4408-ae3c-b813a259b656 at port 0
2019-07-14 01:10:11,251 INFO  impl.RaftServerProxy (RaftServerProxy.java:lambda$start$3(299)) - 5001e5eb-6200-4408-ae3c-b813a259b656: start RPC server
2019-07-14 01:10:11,254 INFO  server.GrpcService (GrpcService.java:startImpl(149)) - 5001e5eb-6200-4408-ae3c-b813a259b656: GrpcService started, listening on 0.0.0.0/0.0.0.0:38029
2019-07-14 01:10:11,254 INFO  ratis.XceiverServerRatis (XceiverServerRatis.java:start(428)) - XceiverServerRatis 5001e5eb-6200-4408-ae3c-b813a259b656 is started using port 38029
2019-07-14 01:10:11,255 INFO  server.XceiverServerGrpc (XceiverServerGrpc.java:start(161)) - XceiverServerGrpc 5001e5eb-6200-4408-ae3c-b813a259b656 is started using port 38639
2019-07-14 01:10:11,367 INFO  ozone.MiniOzoneClusterImpl (MiniOzoneClusterImpl.java:lambda$waitForClusterToBeReady$0(142)) - Waiting for cluster to be ready. Got 0 of 7 DN Heartbeats.
2019-07-14 01:10:11,398 INFO  ozoneimpl.OzoneContainer (OzoneContainer.java:start(186)) - Attempting to start container services.
2019-07-14 01:10:11,401 INFO  ozoneimpl.OzoneContainer (OzoneContainer.java:startContainerScrub(160)) - Background container scrubber has been disabled by hdds.containerscrub.enabled
2019-07-14 01:10:11,401 INFO  ratis.XceiverServerRatis (XceiverServerRatis.java:start(418)) - Starting XceiverServerRatis 04e26599-00cd-4baf-a081-2fcb687f0173 at port 0
2019-07-14 01:10:11,409 INFO  impl.RaftServerProxy (RaftServerProxy.java:lambda$start$3(299)) - 04e26599-00cd-4baf-a081-2fcb687f0173: start RPC server
2019-07-14 01:10:11,410 INFO  server.GrpcService (GrpcService.java:startImpl(149)) - 04e26599-00cd-4baf-a081-2fcb687f0173: GrpcService started, listening on 0.0.0.0/0.0.0.0:39172
2019-07-14 01:10:11,410 INFO  ratis.XceiverServerRatis (XceiverServerRatis.java:start(428)) - XceiverServerRatis 04e26599-00cd-4baf-a081-2fcb687f0173 is started using port 39172
2019-07-14 01:10:11,412 INFO  server.XceiverServerGrpc (XceiverServerGrpc.java:start(161)) - XceiverServerGrpc 04e26599-00cd-4baf-a081-2fcb687f0173 is started using port 39351
2019-07-14 01:10:11,557 INFO  ozoneimpl.OzoneContainer (OzoneContainer.java:start(186)) - Attempting to start container services.
2019-07-14 01:10:11,564 INFO  ozoneimpl.OzoneContainer (OzoneContainer.java:startContainerScrub(160)) - Background container scrubber has been disabled by hdds.containerscrub.enabled
2019-07-14 01:10:11,564 INFO  ratis.XceiverServerRatis (XceiverServerRatis.java:start(418)) - Starting XceiverServerRatis 37063b8d-e7d5-49a0-8b83-6f3d88b53f13 at port 0
2019-07-14 01:10:11,571 INFO  impl.RaftServerProxy (RaftServerProxy.java:lambda$start$3(299)) - 37063b8d-e7d5-49a0-8b83-6f3d88b53f13: start RPC server
2019-07-14 01:10:11,572 INFO  server.GrpcService (GrpcService.java:startImpl(149)) - 37063b8d-e7d5-49a0-8b83-6f3d88b53f13: GrpcService started, listening on 0.0.0.0/0.0.0.0:36015
2019-07-14 01:10:11,572 INFO  ratis.XceiverServerRatis (XceiverServerRatis.java:start(428)) - XceiverServerRatis 37063b8d-e7d5-49a0-8b83-6f3d88b53f13 is started using port 36015
2019-07-14 01:10:11,573 INFO  server.XceiverServerGrpc (XceiverServerGrpc.java:start(161)) - XceiverServerGrpc 37063b8d-e7d5-49a0-8b83-6f3d88b53f13 is started using port 37342
2019-07-14 01:10:11,856 INFO  ozoneimpl.OzoneContainer (OzoneContainer.java:start(186)) - Attempting to start container services.
2019-07-14 01:10:11,856 INFO  ozoneimpl.OzoneContainer (OzoneContainer.java:startContainerScrub(160)) - Background container scrubber has been disabled by hdds.containerscrub.enabled
2019-07-14 01:10:11,856 INFO  ratis.XceiverServerRatis (XceiverServerRatis.java:start(418)) - Starting XceiverServerRatis 529c5652-087d-4c43-9294-d00b840a14af at port 0
2019-07-14 01:10:11,864 INFO  impl.RaftServerProxy (RaftServerProxy.java:lambda$start$3(299)) - 529c5652-087d-4c43-9294-d00b840a14af: start RPC server
2019-07-14 01:10:11,865 INFO  server.GrpcService (GrpcService.java:startImpl(149)) - 529c5652-087d-4c43-9294-d00b840a14af: GrpcService started, listening on 0.0.0.0/0.0.0.0:37728
2019-07-14 01:10:11,865 INFO  ratis.XceiverServerRatis (XceiverServerRatis.java:start(428)) - XceiverServerRatis 529c5652-087d-4c43-9294-d00b840a14af is started using port 37728
2019-07-14 01:10:11,865 INFO  server.XceiverServerGrpc (XceiverServerGrpc.java:start(161)) - XceiverServerGrpc 529c5652-087d-4c43-9294-d00b840a14af is started using port 38644
2019-07-14 01:10:12,045 INFO  ozoneimpl.OzoneContainer (OzoneContainer.java:start(186)) - Attempting to start container services.
2019-07-14 01:10:12,046 INFO  ozoneimpl.OzoneContainer (OzoneContainer.java:startContainerScrub(160)) - Background container scrubber has been disabled by hdds.containerscrub.enabled
2019-07-14 01:10:12,046 INFO  ratis.XceiverServerRatis (XceiverServerRatis.java:start(418)) - Starting XceiverServerRatis 781083b1-751b-473f-a6ec-84f01521c523 at port 0
2019-07-14 01:10:12,053 INFO  impl.RaftServerProxy (RaftServerProxy.java:lambda$start$3(299)) - 781083b1-751b-473f-a6ec-84f01521c523: start RPC server
2019-07-14 01:10:12,054 INFO  server.GrpcService (GrpcService.java:startImpl(149)) - 781083b1-751b-473f-a6ec-84f01521c523: GrpcService started, listening on 0.0.0.0/0.0.0.0:33007
2019-07-14 01:10:12,054 INFO  ratis.XceiverServerRatis (XceiverServerRatis.java:start(428)) - XceiverServerRatis 781083b1-751b-473f-a6ec-84f01521c523 is started using port 33007
2019-07-14 01:10:12,054 INFO  server.XceiverServerGrpc (XceiverServerGrpc.java:start(161)) - XceiverServerGrpc 781083b1-751b-473f-a6ec-84f01521c523 is started using port 39668
2019-07-14 01:10:12,210 INFO  ozoneimpl.OzoneContainer (OzoneContainer.java:start(186)) - Attempting to start container services.
2019-07-14 01:10:12,210 INFO  ozoneimpl.OzoneContainer (OzoneContainer.java:startContainerScrub(160)) - Background container scrubber has been disabled by hdds.containerscrub.enabled
2019-07-14 01:10:12,210 INFO  ratis.XceiverServerRatis (XceiverServerRatis.java:start(418)) - Starting XceiverServerRatis 60495572-bdb4-4166-a9f8-8e0b44435d6e at port 0
2019-07-14 01:10:12,217 INFO  impl.RaftServerProxy (RaftServerProxy.java:lambda$start$3(299)) - 60495572-bdb4-4166-a9f8-8e0b44435d6e: start RPC server
2019-07-14 01:10:12,218 INFO  server.GrpcService (GrpcService.java:startImpl(149)) - 60495572-bdb4-4166-a9f8-8e0b44435d6e: GrpcService started, listening on 0.0.0.0/0.0.0.0:42401
2019-07-14 01:10:12,218 INFO  ratis.XceiverServerRatis (XceiverServerRatis.java:start(428)) - XceiverServerRatis 60495572-bdb4-4166-a9f8-8e0b44435d6e is started using port 42401
2019-07-14 01:10:12,219 INFO  server.XceiverServerGrpc (XceiverServerGrpc.java:start(161)) - XceiverServerGrpc 60495572-bdb4-4166-a9f8-8e0b44435d6e is started using port 35326
2019-07-14 01:10:12,367 INFO  ozone.MiniOzoneClusterImpl (MiniOzoneClusterImpl.java:lambda$waitForClusterToBeReady$0(142)) - Waiting for cluster to be ready. Got 0 of 7 DN Heartbeats.
2019-07-14 01:10:12,384 INFO  ozoneimpl.OzoneContainer (OzoneContainer.java:start(186)) - Attempting to start container services.
2019-07-14 01:10:12,385 INFO  ozoneimpl.OzoneContainer (OzoneContainer.java:startContainerScrub(160)) - Background container scrubber has been disabled by hdds.containerscrub.enabled
2019-07-14 01:10:12,385 INFO  ratis.XceiverServerRatis (XceiverServerRatis.java:start(418)) - Starting XceiverServerRatis 48a93c1a-6046-466c-85bd-d77ccfbd25b0 at port 0
2019-07-14 01:10:12,392 INFO  impl.RaftServerProxy (RaftServerProxy.java:lambda$start$3(299)) - 48a93c1a-6046-466c-85bd-d77ccfbd25b0: start RPC server
2019-07-14 01:10:12,406 INFO  server.GrpcService (GrpcService.java:startImpl(149)) - 48a93c1a-6046-466c-85bd-d77ccfbd25b0: GrpcService started, listening on 0.0.0.0/0.0.0.0:39300
2019-07-14 01:10:12,406 INFO  ratis.XceiverServerRatis (XceiverServerRatis.java:start(428)) - XceiverServerRatis 48a93c1a-6046-466c-85bd-d77ccfbd25b0 is started using port 39300
2019-07-14 01:10:12,407 INFO  server.XceiverServerGrpc (XceiverServerGrpc.java:start(161)) - XceiverServerGrpc 48a93c1a-6046-466c-85bd-d77ccfbd25b0 is started using port 42590
2019-07-14 01:10:13,224 INFO  net.NetworkTopology (NetworkTopologyImpl.java:add(110)) - Added a new node: /default-rack/192.168.157.230
2019-07-14 01:10:13,226 INFO  node.SCMNodeManager (SCMNodeManager.java:register(269)) - Registered Data node : 5001e5eb-6200-4408-ae3c-b813a259b656{ip: 192.168.157.230, host: trunk-nightly-sxkq5-3320257302, networkLocation: /default-rack, certSerialId: null}
2019-07-14 01:10:13,227 INFO  safemode.SCMSafeModeManager (DataNodeSafeModeRule.java:process(71)) - SCM in safe mode. 1 DataNodes registered, 1 required.
2019-07-14 01:10:13,230 INFO  safemode.SCMSafeModeManager (SCMSafeModeManager.java:validateSafeModeExitRules(177)) - ScmSafeModeManager, all rules are successfully validated
2019-07-14 01:10:13,230 INFO  safemode.SCMSafeModeManager (SCMSafeModeManager.java:exitSafeMode(193)) - SCM exiting safe mode.
2019-07-14 01:10:13,248 INFO  impl.RaftServerProxy (RaftServerProxy.java:addNew(89)) - 5001e5eb-6200-4408-ae3c-b813a259b656: addNew group-1BD0479D7F53:[5001e5eb-6200-4408-ae3c-b813a259b656:192.168.157.230:38029] returns group-1BD0479D7F53:java.util.concurrent.CompletableFuture@68d8c63c[Not completed]
2019-07-14 01:10:13,249 INFO  impl.RaftServerImpl (RaftServerImpl.java:<init>(93)) - 5001e5eb-6200-4408-ae3c-b813a259b656: new RaftServerImpl for group-1BD0479D7F53:[5001e5eb-6200-4408-ae3c-b813a259b656:192.168.157.230:38029] with ContainerStateMachine:uninitialized
2019-07-14 01:10:13,250 INFO  server.RaftServerConfigKeys (ConfUtils.java:logGet(43)) - raft.server.rpc.timeout.min = 5s (custom)
2019-07-14 01:10:13,250 INFO  server.RaftServerConfigKeys (ConfUtils.java:logGet(43)) - raft.server.rpc.timeout.max = 5200ms (custom)
2019-07-14 01:10:13,250 INFO  server.RaftServerConfigKeys (ConfUtils.java:logGet(43)) - raft.server.rpcslowness.timeout = 120s (custom)
2019-07-14 01:10:13,250 INFO  server.RaftServerConfigKeys (ConfUtils.java:logGet(43)) - raft.server.sleep.deviation.threshold = 300 (default)
2019-07-14 01:10:13,250 INFO  server.RaftServerConfigKeys (ConfUtils.java:logGet(43)) - raft.server.log.appender.install.snapshot.enabled = false (custom)
2019-07-14 01:10:13,250 INFO  impl.RaftServerImpl (ServerState.java:<init>(105)) - 5001e5eb-6200-4408-ae3c-b813a259b656:group-1BD0479D7F53 ConfigurationManager, init=-1: [5001e5eb-6200-4408-ae3c-b813a259b656:192.168.157.230:38029], old=null, confs=<EMPTY_MAP>
2019-07-14 01:10:13,251 INFO  server.RaftServerConfigKeys (ConfUtils.java:logGet(43)) - raft.server.storage.dir = [/tmp/workdir/hadoop-ozone/integration-test/target/test-dir/MiniOzoneClusterImpl-7d291438-c8fc-43b5-90e6-bf32aa58510a/datanode-0/data/ratis] (custom)
2019-07-14 01:10:13,251 INFO  storage.RaftStorageDirectory (RaftStorageDirectory.java:analyzeStorage(246)) - The storage directory /tmp/workdir/hadoop-ozone/integration-test/target/test-dir/MiniOzoneClusterImpl-7d291438-c8fc-43b5-90e6-bf32aa58510a/datanode-0/data/ratis/7362da01-716e-4744-8d0c-1bd0479d7f53 does not exist. Creating ...
2019-07-14 01:10:13,272 INFO  storage.RaftStorageDirectory (RaftStorageDirectory.java:tryLock(328)) - Lock on /tmp/workdir/hadoop-ozone/integration-test/target/test-dir/MiniOzoneClusterImpl-7d291438-c8fc-43b5-90e6-bf32aa58510a/datanode-0/data/ratis/7362da01-716e-4744-8d0c-1bd0479d7f53/in_use.lock acquired by nodename 26095@trunk-nightly-sxkq5-3320257302
2019-07-14 01:10:13,283 INFO  storage.RaftStorage (RaftStorage.java:format(72)) - Storage directory /tmp/workdir/hadoop-ozone/integration-test/target/test-dir/MiniOzoneClusterImpl-7d291438-c8fc-43b5-90e6-bf32aa58510a/datanode-0/data/ratis/7362da01-716e-4744-8d0c-1bd0479d7f53 has been successfully formatted.
2019-07-14 01:10:13,284 INFO  ratis.ContainerStateMachine (ContainerStateMachine.java:loadSnapshot(200)) - The snapshot info is null.Setting the last applied index to:(t:0, i:~)
2019-07-14 01:10:13,284 INFO  server.RaftServerConfigKeys (ConfUtils.java:logGet(43)) - raft.server.leader.election.timeout = 120s (custom)
2019-07-14 01:10:13,284 INFO  server.RaftServerConfigKeys (ConfUtils.java:logGet(43)) - raft.server.log.use.memory = false (default)
2019-07-14 01:10:13,284 INFO  server.RaftServerConfigKeys (ConfUtils.java:logGet(43)) - raft.server.log.purge.gap = 1000000000 (custom)
2019-07-14 01:10:13,284 INFO  server.RaftServerConfigKeys (ConfUtils.java:logGet(43)) - raft.server.log.appender.buffer.byte-limit = 33554432 (custom)
2019-07-14 01:10:13,285 INFO  server.RaftServerConfigKeys (ConfUtils.java:logGet(43)) - raft.server.log.segment.size.max = 1048576 (custom)
2019-07-14 01:10:13,285 INFO  server.RaftServerConfigKeys (ConfUtils.java:logGet(43)) - raft.server.log.segment.cache.num.max = 2 (custom)
2019-07-14 01:10:13,285 INFO  segmented.SegmentedRaftLogWorker (SegmentedRaftLogWorker.java:<init>(172)) - new 5001e5eb-6200-4408-ae3c-b813a259b656-SegmentedRaftLogWorker:Storage Directory /tmp/workdir/hadoop-ozone/integration-test/target/test-dir/MiniOzoneClusterImpl-7d291438-c8fc-43b5-90e6-bf32aa58510a/datanode-0/data/ratis/7362da01-716e-4744-8d0c-1bd0479d7f53 for RaftStorage:Storage Directory /tmp/workdir/hadoop-ozone/integration-test/target/test-dir/MiniOzoneClusterImpl-7d291438-c8fc-43b5-90e6-bf32aa58510a/datanode-0/data/ratis/7362da01-716e-4744-8d0c-1bd0479d7f53
2019-07-14 01:10:13,285 INFO  server.RaftServerConfigKeys (ConfUtils.java:logGet(43)) - raft.server.log.queue.byte-limit = 2147483647 (custom)
2019-07-14 01:10:13,285 INFO  server.RaftServerConfigKeys (ConfUtils.java:logGet(43)) - raft.server.log.queue.element-limit = 1024 (custom)
2019-07-14 01:10:13,286 INFO  server.RaftServerConfigKeys (ConfUtils.java:logGet(43)) - raft.server.log.segment.size.max = 1048576 (custom)
2019-07-14 01:10:13,286 INFO  server.RaftServerConfigKeys (ConfUtils.java:logGet(43)) - raft.server.log.preallocated.size = 16384 (custom)
2019-07-14 01:10:13,286 INFO  server.RaftServerConfigKeys (ConfUtils.java:logGet(43)) - raft.server.log.write.buffer.size = 33554432 (custom)
2019-07-14 01:10:13,286 INFO  server.RaftServerConfigKeys (ConfUtils.java:logGet(43)) - raft.server.log.force.sync.num = 128 (default)
2019-07-14 01:10:13,286 INFO  server.RaftServerConfigKeys (ConfUtils.java:logGet(43)) - raft.server.log.statemachine.data.sync = true (default)
2019-07-14 01:10:13,286 INFO  server.RaftServerConfigKeys (ConfUtils.java:logGet(43)) - raft.server.log.statemachine.data.sync.timeout = 10s (default)
2019-07-14 01:10:13,286 INFO  server.RaftServerConfigKeys (ConfUtils.java:logGet(43)) - raft.server.log.statemachine.data.sync.timeout.retry = -1 (default)
2019-07-14 01:10:13,287 INFO  server.RaftServerConfigKeys (ConfUtils.java:logGet(43)) - raft.server.log.statemachine.data.caching.enabled = true (custom)
2019-07-14 01:10:13,287 INFO  segmented.SegmentedRaftLogWorker (SegmentedRaftLogWorker.java:lambda$new$0(132)) - 5001e5eb-6200-4408-ae3c-b813a259b656-SegmentedRaftLogWorker:Storage Directory /tmp/workdir/hadoop-ozone/integration-test/target/test-dir/MiniOzoneClusterImpl-7d291438-c8fc-43b5-90e6-bf32aa58510a/datanode-0/data/ratis/7362da01-716e-4744-8d0c-1bd0479d7f53: flushIndex: setUnconditionally 0 -> -1
2019-07-14 01:10:13,288 INFO  server.RaftServerConfigKeys (ConfUtils.java:logGet(43)) - raft.server.snapshot.auto.trigger.enabled = true (custom)
2019-07-14 01:10:13,288 INFO  server.RaftServerConfigKeys (ConfUtils.java:logGet(43)) - raft.server.snapshot.auto.trigger.threshold = 10000 (custom)
2019-07-14 01:10:13,288 INFO  server.RaftServerConfigKeys (ConfUtils.java:logGet(43)) - raft.server.retrycache.expirytime = 600000ms (custom)
2019-07-14 01:10:13,288 INFO  impl.RaftServerImpl (RaftServerImpl.java:start(180)) - 5001e5eb-6200-4408-ae3c-b813a259b656: start group-1BD0479D7F53
2019-07-14 01:10:13,288 INFO  impl.RaftServerImpl (RaftServerImpl.java:setRole(171)) - 5001e5eb-6200-4408-ae3c-b813a259b656:group-1BD0479D7F53 changes role from null to FOLLOWER at term 0 for startAsFollower
2019-07-14 01:10:13,288 INFO  impl.RoleInfo (RoleInfo.java:updateAndGet(143)) - 5001e5eb-6200-4408-ae3c-b813a259b656: start FollowerState
2019-07-14 01:10:13,289 INFO  util.JmxRegister (JmxRegister.java:tryRegister(44)) - Successfully registered JMX Bean with object name Ratis:service=RaftServer,group=group-1BD0479D7F53,id=5001e5eb-6200-4408-ae3c-b813a259b656
2019-07-14 01:10:13,296 INFO  pipeline.PipelineStateManager (PipelineStateManager.java:addPipeline(56)) - Created pipeline Pipeline[ Id: 7362da01-716e-4744-8d0c-1bd0479d7f53, Nodes: 5001e5eb-6200-4408-ae3c-b813a259b656{ip: 192.168.157.230, host: trunk-nightly-sxkq5-3320257302, networkLocation: /default-rack, certSerialId: null}, Type:RATIS, Factor:ONE, State:OPEN]
2019-07-14 01:10:13,368 INFO  ozone.MiniOzoneClusterImpl (MiniOzoneClusterImpl.java:lambda$waitForClusterToBeReady$0(142)) - Waiting for cluster to be ready. Got 1 of 7 DN Heartbeats.
2019-07-14 01:10:13,383 INFO  node.SCMNodeManager (SCMNodeManager.java:register(269)) - Registered Data node : 04e26599-00cd-4baf-a081-2fcb687f0173{ip: 192.168.157.230, host: trunk-nightly-sxkq5-3320257302, networkLocation: /default-rack, certSerialId: null}
2019-07-14 01:10:13,391 INFO  impl.RaftServerProxy (RaftServerProxy.java:addNew(89)) - 04e26599-00cd-4baf-a081-2fcb687f0173: addNew group-E88CD6E09154:[04e26599-00cd-4baf-a081-2fcb687f0173:192.168.157.230:39172] returns group-E88CD6E09154:java.util.concurrent.CompletableFuture@2716f013[Not completed]
2019-07-14 01:10:13,392 INFO  impl.RaftServerImpl (RaftServerImpl.java:<init>(93)) - 04e26599-00cd-4baf-a081-2fcb687f0173: new RaftServerImpl for group-E88CD6E09154:[04e26599-00cd-4baf-a081-2fcb687f0173:192.168.157.230:39172] with ContainerStateMachine:uninitialized
2019-07-14 01:10:13,392 INFO  server.RaftServerConfigKeys (ConfUtils.java:logGet(43)) - raft.server.rpc.timeout.min = 5s (custom)
2019-07-14 01:10:13,392 INFO  server.RaftServerConfigKeys (ConfUtils.java:logGet(43)) - raft.server.rpc.timeout.max = 5200ms (custom)
2019-07-14 01:10:13,392 INFO  server.RaftServerConfigKeys (ConfUtils.java:logGet(43)) - raft.server.rpcslowness.timeout = 120s (custom)
2019-07-14 01:10:13,392 INFO  server.RaftServerConfigKeys (ConfUtils.java:logGet(43)) - raft.server.sleep.deviation.threshold = 300 (default)
2019-07-14 01:10:13,392 INFO  server.RaftServerConfigKeys (ConfUtils.java:logGet(43)) - raft.server.log.appender.install.snapshot.enabled = false (custom)
2019-07-14 01:10:13,393 INFO  impl.RaftServerImpl (ServerState.java:<init>(105)) - 04e26599-00cd-4baf-a081-2fcb687f0173:group-E88CD6E09154 ConfigurationManager, init=-1: [04e26599-00cd-4baf-a081-2fcb687f0173:192.168.157.230:39172], old=null, confs=<EMPTY_MAP>
2019-07-14 01:10:13,393 INFO  server.RaftServerConfigKeys (ConfUtils.java:logGet(43)) - raft.server.storage.dir = [/tmp/workdir/hadoop-ozone/integration-test/target/test-dir/MiniOzoneClusterImpl-7d291438-c8fc-43b5-90e6-bf32aa58510a/datanode-1/data/ratis] (custom)
2019-07-14 01:10:13,393 INFO  storage.RaftStorageDirectory (RaftStorageDirectory.java:analyzeStorage(246)) - The storage directory /tmp/workdir/hadoop-ozone/integration-test/target/test-dir/MiniOzoneClusterImpl-7d291438-c8fc-43b5-90e6-bf32aa58510a/datanode-1/data/ratis/14044661-66cd-4141-b24b-e88cd6e09154 does not exist. Creating ...
2019-07-14 01:10:13,404 INFO  storage.RaftStorageDirectory (RaftStorageDirectory.java:tryLock(328)) - Lock on /tmp/workdir/hadoop-ozone/integration-test/target/test-dir/MiniOzoneClusterImpl-7d291438-c8fc-43b5-90e6-bf32aa58510a/datanode-1/data/ratis/14044661-66cd-4141-b24b-e88cd6e09154/in_use.lock acquired by nodename 26095@trunk-nightly-sxkq5-3320257302
2019-07-14 01:10:13,416 INFO  storage.RaftStorage (RaftStorage.java:format(72)) - Storage directory /tmp/workdir/hadoop-ozone/integration-test/target/test-dir/MiniOzoneClusterImpl-7d291438-c8fc-43b5-90e6-bf32aa58510a/datanode-1/data/ratis/14044661-66cd-4141-b24b-e88cd6e09154 has been successfully formatted.
2019-07-14 01:10:13,416 INFO  ratis.ContainerStateMachine (ContainerStateMachine.java:loadSnapshot(200)) - The snapshot info is null.Setting the last applied index to:(t:0, i:~)
2019-07-14 01:10:13,416 INFO  server.RaftServerConfigKeys (ConfUtils.java:logGet(43)) - raft.server.leader.election.timeout = 120s (custom)
2019-07-14 01:10:13,417 INFO  server.RaftServerConfigKeys (ConfUtils.java:logGet(43)) - raft.server.log.use.memory = false (default)
2019-07-14 01:10:13,417 INFO  server.RaftServerConfigKeys (ConfUtils.java:logGet(43)) - raft.server.log.purge.gap = 1000000000 (custom)
2019-07-14 01:10:13,417 INFO  server.RaftServerConfigKeys (ConfUtils.java:logGet(43)) - raft.server.log.appender.buffer.byte-limit = 33554432 (custom)
2019-07-14 01:10:13,417 INFO  server.RaftServerConfigKeys (ConfUtils.java:logGet(43)) - raft.server.log.segment.size.max = 1048576 (custom)
2019-07-14 01:10:13,417 INFO  server.RaftServerConfigKeys (ConfUtils.java:logGet(43)) - raft.server.log.segment.cache.num.max = 2 (custom)
2019-07-14 01:10:13,417 INFO  segmented.SegmentedRaftLogWorker (SegmentedRaftLogWorker.java:<init>(172)) - new 04e26599-00cd-4baf-a081-2fcb687f0173-SegmentedRaftLogWorker:Storage Directory /tmp/workdir/hadoop-ozone/integration-test/target/test-dir/MiniOzoneClusterImpl-7d291438-c8fc-43b5-90e6-bf32aa58510a/datanode-1/data/ratis/14044661-66cd-4141-b24b-e88cd6e09154 for RaftStorage:Storage Directory /tmp/workdir/hadoop-ozone/integration-test/target/test-dir/MiniOzoneClusterImpl-7d291438-c8fc-43b5-90e6-bf32aa58510a/datanode-1/data/ratis/14044661-66cd-4141-b24b-e88cd6e09154
2019-07-14 01:10:13,418 INFO  server.RaftServerConfigKeys (ConfUtils.java:logGet(43)) - raft.server.log.queue.byte-limit = 2147483647 (custom)
2019-07-14 01:10:13,418 INFO  server.RaftServerConfigKeys (ConfUtils.java:logGet(43)) - raft.server.log.queue.element-limit = 1024 (custom)
2019-07-14 01:10:13,418 INFO  server.RaftServerConfigKeys (ConfUtils.java:logGet(43)) - raft.server.log.segment.size.max = 1048576 (custom)
2019-07-14 01:10:13,418 INFO  server.RaftServerConfigKeys (ConfUtils.java:logGet(43)) - raft.server.log.preallocated.size = 16384 (custom)
2019-07-14 01:10:13,418 INFO  server.RaftServerConfigKeys (ConfUtils.java:logGet(43)) - raft.server.log.write.buffer.size = 33554432 (custom)
2019-07-14 01:10:13,419 INFO  server.RaftServerConfigKeys (ConfUtils.java:logGet(43)) - raft.server.log.force.sync.num = 128 (default)
2019-07-14 01:10:13,419 INFO  server.RaftServerConfigKeys (ConfUtils.java:logGet(43)) - raft.server.log.statemachine.data.sync = true (default)
2019-07-14 01:10:13,419 INFO  server.RaftServerConfigKeys (ConfUtils.java:logGet(43)) - raft.server.log.statemachine.data.sync.timeout = 10s (default)
2019-07-14 01:10:13,419 INFO  server.RaftServerConfigKeys (ConfUtils.java:logGet(43)) - raft.server.log.statemachine.data.sync.timeout.retry = -1 (default)
2019-07-14 01:10:13,419 INFO  server.RaftServerConfigKeys (ConfUtils.java:logGet(43)) - raft.server.log.statemachine.data.caching.enabled = true (custom)
2019-07-14 01:10:13,420 INFO  segmented.SegmentedRaftLogWorker (SegmentedRaftLogWorker.java:lambda$new$0(132)) - 04e26599-00cd-4baf-a081-2fcb687f0173-SegmentedRaftLogWorker:Storage Directory /tmp/workdir/hadoop-ozone/integration-test/target/test-dir/MiniOzoneClusterImpl-7d291438-c8fc-43b5-90e6-bf32aa58510a/datanode-1/data/ratis/14044661-66cd-4141-b24b-e88cd6e09154: flushIndex: setUnconditionally 0 -> -1
2019-07-14 01:10:13,420 INFO  server.RaftServerConfigKeys (ConfUtils.java:logGet(43)) - raft.server.snapshot.auto.trigger.enabled = true (custom)
2019-07-14 01:10:13,420 INFO  server.RaftServerConfigKeys (ConfUtils.java:logGet(43)) - raft.server.snapshot.auto.trigger.threshold = 10000 (custom)
2019-07-14 01:10:13,420 INFO  server.RaftServerConfigKeys (ConfUtils.java:logGet(43)) - raft.server.retrycache.expirytime = 600000ms (custom)
2019-07-14 01:10:13,421 INFO  impl.RaftServerImpl (RaftServerImpl.java:start(180)) - 04e26599-00cd-4baf-a081-2fcb687f0173: start group-E88CD6E09154
2019-07-14 01:10:13,421 INFO  impl.RaftServerImpl (RaftServerImpl.java:setRole(171)) - 04e26599-00cd-4baf-a081-2fcb687f0173:group-E88CD6E09154 changes role from null to FOLLOWER at term 0 for startAsFollower
2019-07-14 01:10:13,421 INFO  impl.RoleInfo (RoleInfo.java:updateAndGet(143)) - 04e26599-00cd-4baf-a081-2fcb687f0173: start FollowerState
2019-07-14 01:10:13,421 INFO  util.JmxRegister (JmxRegister.java:tryRegister(44)) - Successfully registered JMX Bean with object name Ratis:service=RaftServer,group=group-E88CD6E09154,id=04e26599-00cd-4baf-a081-2fcb687f0173
2019-07-14 01:10:13,426 INFO  pipeline.PipelineStateManager (PipelineStateManager.java:addPipeline(56)) - Created pipeline Pipeline[ Id: 14044661-66cd-4141-b24b-e88cd6e09154, Nodes: 04e26599-00cd-4baf-a081-2fcb687f0173{ip: 192.168.157.230, host: trunk-nightly-sxkq5-3320257302, networkLocation: /default-rack, certSerialId: null}, Type:RATIS, Factor:ONE, State:OPEN]
2019-07-14 01:10:13,548 INFO  node.SCMNodeManager (SCMNodeManager.java:register(269)) - Registered Data node : 37063b8d-e7d5-49a0-8b83-6f3d88b53f13{ip: 192.168.157.230, host: trunk-nightly-sxkq5-3320257302, networkLocation: /default-rack, certSerialId: null}
2019-07-14 01:10:13,557 INFO  impl.RaftServerProxy (RaftServerProxy.java:addNew(89)) - 37063b8d-e7d5-49a0-8b83-6f3d88b53f13: addNew group-BBA7ABFE1025:[37063b8d-e7d5-49a0-8b83-6f3d88b53f13:192.168.157.230:36015] returns group-BBA7ABFE1025:java.util.concurrent.CompletableFuture@7d4826ce[Not completed]
2019-07-14 01:10:13,558 INFO  impl.RaftServerImpl (RaftServerImpl.java:<init>(93)) - 37063b8d-e7d5-49a0-8b83-6f3d88b53f13: new RaftServerImpl for group-BBA7ABFE1025:[37063b8d-e7d5-49a0-8b83-6f3d88b53f13:192.168.157.230:36015] with ContainerStateMachine:uninitialized
2019-07-14 01:10:13,558 INFO  server.RaftServerConfigKeys (ConfUtils.java:logGet(43)) - raft.server.rpc.timeout.min = 5s (custom)
2019-07-14 01:10:13,559 INFO  server.RaftServerConfigKeys (ConfUtils.java:logGet(43)) - raft.server.rpc.timeout.max = 5200ms (custom)
2019-07-14 01:10:13,559 INFO  server.RaftServerConfigKeys (ConfUtils.java:logGet(43)) - raft.server.rpcslowness.timeout = 120s (custom)
2019-07-14 01:10:13,559 INFO  server.RaftServerConfigKeys (ConfUtils.java:logGet(43)) - raft.server.sleep.deviation.threshold = 300 (default)
2019-07-14 01:10:13,559 INFO  server.RaftServerConfigKeys (ConfUtils.java:logGet(43)) - raft.server.log.appender.install.snapshot.enabled = false (custom)
2019-07-14 01:10:13,559 INFO  impl.RaftServerImpl (ServerState.java:<init>(105)) - 37063b8d-e7d5-49a0-8b83-6f3d88b53f13:group-BBA7ABFE1025 ConfigurationManager, init=-1: [37063b8d-e7d5-49a0-8b83-6f3d88b53f13:192.168.157.230:36015], old=null, confs=<EMPTY_MAP>
2019-07-14 01:10:13,559 INFO  server.RaftServerConfigKeys (ConfUtils.java:logGet(43)) - raft.server.storage.dir = [/tmp/workdir/hadoop-ozone/integration-test/target/test-dir/MiniOzoneClusterImpl-7d291438-c8fc-43b5-90e6-bf32aa58510a/datanode-2/data/ratis] (custom)
2019-07-14 01:10:13,560 INFO  storage.RaftStorageDirectory (RaftStorageDirectory.java:analyzeStorage(246)) - The storage directory /tmp/workdir/hadoop-ozone/integration-test/target/test-dir/MiniOzoneClusterImpl-7d291438-c8fc-43b5-90e6-bf32aa58510a/datanode-2/data/ratis/fcd83bcb-ccfb-420e-8e53-bba7abfe1025 does not exist. Creating ...
2019-07-14 01:10:13,573 INFO  storage.RaftStorageDirectory (RaftStorageDirectory.java:tryLock(328)) - Lock on /tmp/workdir/hadoop-ozone/integration-test/target/test-dir/MiniOzoneClusterImpl-7d291438-c8fc-43b5-90e6-bf32aa58510a/datanode-2/data/ratis/fcd83bcb-ccfb-420e-8e53-bba7abfe1025/in_use.lock acquired by nodename 26095@trunk-nightly-sxkq5-3320257302
2019-07-14 01:10:13,586 INFO  storage.RaftStorage (RaftStorage.java:format(72)) - Storage directory /tmp/workdir/hadoop-ozone/integration-test/target/test-dir/MiniOzoneClusterImpl-7d291438-c8fc-43b5-90e6-bf32aa58510a/datanode-2/data/ratis/fcd83bcb-ccfb-420e-8e53-bba7abfe1025 has been successfully formatted.
2019-07-14 01:10:13,587 INFO  ratis.ContainerStateMachine (ContainerStateMachine.java:loadSnapshot(200)) - The snapshot info is null.Setting the last applied index to:(t:0, i:~)
2019-07-14 01:10:13,587 INFO  server.RaftServerConfigKeys (ConfUtils.java:logGet(43)) - raft.server.leader.election.timeout = 120s (custom)
2019-07-14 01:10:13,587 INFO  server.RaftServerConfigKeys (ConfUtils.java:logGet(43)) - raft.server.log.use.memory = false (default)
2019-07-14 01:10:13,587 INFO  server.RaftServerConfigKeys (ConfUtils.java:logGet(43)) - raft.server.log.purge.gap = 1000000000 (custom)
2019-07-14 01:10:13,588 INFO  server.RaftServerConfigKeys (ConfUtils.java:logGet(43)) - raft.server.log.appender.buffer.byte-limit = 33554432 (custom)
2019-07-14 01:10:13,588 INFO  server.RaftServerConfigKeys (ConfUtils.java:logGet(43)) - raft.server.log.segment.size.max = 1048576 (custom)
2019-07-14 01:10:13,588 INFO  server.RaftServerConfigKeys (ConfUtils.java:logGet(43)) - raft.server.log.segment.cache.num.max = 2 (custom)
2019-07-14 01:10:13,588 INFO  segmented.SegmentedRaftLogWorker (SegmentedRaftLogWorker.java:<init>(172)) - new 37063b8d-e7d5-49a0-8b83-6f3d88b53f13-SegmentedRaftLogWorker:Storage Directory /tmp/workdir/hadoop-ozone/integration-test/target/test-dir/MiniOzoneClusterImpl-7d291438-c8fc-43b5-90e6-bf32aa58510a/datanode-2/data/ratis/fcd83bcb-ccfb-420e-8e53-bba7abfe1025 for RaftStorage:Storage Directory /tmp/workdir/hadoop-ozone/integration-test/target/test-dir/MiniOzoneClusterImpl-7d291438-c8fc-43b5-90e6-bf32aa58510a/datanode-2/data/ratis/fcd83bcb-ccfb-420e-8e53-bba7abfe1025
2019-07-14 01:10:13,588 INFO  server.RaftServerConfigKeys (ConfUtils.java:logGet(43)) - raft.server.log.queue.byte-limit = 2147483647 (custom)
2019-07-14 01:10:13,588 INFO  server.RaftServerConfigKeys (ConfUtils.java:logGet(43)) - raft.server.log.queue.element-limit = 1024 (custom)
2019-07-14 01:10:13,589 INFO  server.RaftServerConfigKeys (ConfUtils.java:logGet(43)) - raft.server.log.segment.size.max = 1048576 (custom)
2019-07-14 01:10:13,589 INFO  server.RaftServerConfigKeys (ConfUtils.java:logGet(43)) - raft.server.log.preallocated.size = 16384 (custom)
2019-07-14 01:10:13,589 INFO  server.RaftServerConfigKeys (ConfUtils.java:logGet(43)) - raft.server.log.write.buffer.size = 33554432 (custom)
2019-07-14 01:10:13,589 INFO  server.RaftServerConfigKeys (ConfUtils.java:logGet(43)) - raft.server.log.force.sync.num = 128 (default)
2019-07-14 01:10:13,589 INFO  server.RaftServerConfigKeys (ConfUtils.java:logGet(43)) - raft.server.log.statemachine.data.sync = true (default)
2019-07-14 01:10:13,589 INFO  server.RaftServerConfigKeys (ConfUtils.java:logGet(43)) - raft.server.log.statemachine.data.sync.timeout = 10s (default)
2019-07-14 01:10:13,590 INFO  server.RaftServerConfigKeys (ConfUtils.java:logGet(43)) - raft.server.log.statemachine.data.sync.timeout.retry = -1 (default)
2019-07-14 01:10:13,590 INFO  server.RaftServerConfigKeys (ConfUtils.java:logGet(43)) - raft.server.log.statemachine.data.caching.enabled = true (custom)
2019-07-14 01:10:13,590 INFO  segmented.SegmentedRaftLogWorker (SegmentedRaftLogWorker.java:lambda$new$0(132)) - 37063b8d-e7d5-49a0-8b83-6f3d88b53f13-SegmentedRaftLogWorker:Storage Directory /tmp/workdir/hadoop-ozone/integration-test/target/test-dir/MiniOzoneClusterImpl-7d291438-c8fc-43b5-90e6-bf32aa58510a/datanode-2/data/ratis/fcd83bcb-ccfb-420e-8e53-bba7abfe1025: flushIndex: setUnconditionally 0 -> -1
2019-07-14 01:10:13,591 INFO  server.RaftServerConfigKeys (ConfUtils.java:logGet(43)) - raft.server.snapshot.auto.trigger.enabled = true (custom)
2019-07-14 01:10:13,591 INFO  server.RaftServerConfigKeys (ConfUtils.java:logGet(43)) - raft.server.snapshot.auto.trigger.threshold = 10000 (custom)
2019-07-14 01:10:13,591 INFO  server.RaftServerConfigKeys (ConfUtils.java:logGet(43)) - raft.server.retrycache.expirytime = 600000ms (custom)
2019-07-14 01:10:13,591 INFO  impl.RaftServerImpl (RaftServerImpl.java:start(180)) - 37063b8d-e7d5-49a0-8b83-6f3d88b53f13: start group-BBA7ABFE1025
2019-07-14 01:10:13,591 INFO  impl.RaftServerImpl (RaftServerImpl.java:setRole(171)) - 37063b8d-e7d5-49a0-8b83-6f3d88b53f13:group-BBA7ABFE1025 changes role from null to FOLLOWER at term 0 for startAsFollower
2019-07-14 01:10:13,591 INFO  impl.RoleInfo (RoleInfo.java:updateAndGet(143)) - 37063b8d-e7d5-49a0-8b83-6f3d88b53f13: start FollowerState
2019-07-14 01:10:13,592 INFO  util.JmxRegister (JmxRegister.java:tryRegister(44)) - Successfully registered JMX Bean with object name Ratis:service=RaftServer,group=group-BBA7ABFE1025,id=37063b8d-e7d5-49a0-8b83-6f3d88b53f13
2019-07-14 01:10:13,596 INFO  pipeline.PipelineStateManager (PipelineStateManager.java:addPipeline(56)) - Created pipeline Pipeline[ Id: fcd83bcb-ccfb-420e-8e53-bba7abfe1025, Nodes: 37063b8d-e7d5-49a0-8b83-6f3d88b53f13{ip: 192.168.157.230, host: trunk-nightly-sxkq5-3320257302, networkLocation: /default-rack, certSerialId: null}, Type:RATIS, Factor:ONE, State:OPEN]
2019-07-14 01:10:13,610 INFO  impl.RaftServerProxy (RaftServerProxy.java:addNew(89)) - 37063b8d-e7d5-49a0-8b83-6f3d88b53f13: addNew group-EC8D47BE6218:[5001e5eb-6200-4408-ae3c-b813a259b656:192.168.157.230:38029, 04e26599-00cd-4baf-a081-2fcb687f0173:192.168.157.230:39172, 37063b8d-e7d5-49a0-8b83-6f3d88b53f13:192.168.157.230:36015] returns group-EC8D47BE6218:java.util.concurrent.CompletableFuture@760e1f98[Not completed]
2019-07-14 01:10:13,611 INFO  impl.RaftServerProxy (RaftServerProxy.java:addNew(89)) - 5001e5eb-6200-4408-ae3c-b813a259b656: addNew group-EC8D47BE6218:[5001e5eb-6200-4408-ae3c-b813a259b656:192.168.157.230:38029, 04e26599-00cd-4baf-a081-2fcb687f0173:192.168.157.230:39172, 37063b8d-e7d5-49a0-8b83-6f3d88b53f13:192.168.157.230:36015] returns group-EC8D47BE6218:java.util.concurrent.CompletableFuture@47f697d1[Not completed]
2019-07-14 01:10:13,611 INFO  impl.RaftServerProxy (RaftServerProxy.java:addNew(89)) - 04e26599-00cd-4baf-a081-2fcb687f0173: addNew group-EC8D47BE6218:[5001e5eb-6200-4408-ae3c-b813a259b656:192.168.157.230:38029, 04e26599-00cd-4baf-a081-2fcb687f0173:192.168.157.230:39172, 37063b8d-e7d5-49a0-8b83-6f3d88b53f13:192.168.157.230:36015] returns group-EC8D47BE6218:java.util.concurrent.CompletableFuture@6d40273d[Not completed]
2019-07-14 01:10:13,611 INFO  impl.RaftServerImpl (RaftServerImpl.java:<init>(93)) - 37063b8d-e7d5-49a0-8b83-6f3d88b53f13: new RaftServerImpl for group-EC8D47BE6218:[5001e5eb-6200-4408-ae3c-b813a259b656:192.168.157.230:38029, 04e26599-00cd-4baf-a081-2fcb687f0173:192.168.157.230:39172, 37063b8d-e7d5-49a0-8b83-6f3d88b53f13:192.168.157.230:36015] with ContainerStateMachine:uninitialized
2019-07-14 01:10:13,611 INFO  server.RaftServerConfigKeys (ConfUtils.java:logGet(43)) - raft.server.rpc.timeout.min = 5s (custom)
2019-07-14 01:10:13,612 INFO  server.RaftServerConfigKeys (ConfUtils.java:logGet(43)) - raft.server.rpc.timeout.max = 5200ms (custom)
2019-07-14 01:10:13,612 INFO  impl.RaftServerImpl (RaftServerImpl.java:<init>(93)) - 04e26599-00cd-4baf-a081-2fcb687f0173: new RaftServerImpl for group-EC8D47BE6218:[5001e5eb-6200-4408-ae3c-b813a259b656:192.168.157.230:38029, 04e26599-00cd-4baf-a081-2fcb687f0173:192.168.157.230:39172, 37063b8d-e7d5-49a0-8b83-6f3d88b53f13:192.168.157.230:36015] with ContainerStateMachine:uninitialized
2019-07-14 01:10:13,612 INFO  server.RaftServerConfigKeys (ConfUtils.java:logGet(43)) - raft.server.rpcslowness.timeout = 120s (custom)
2019-07-14 01:10:13,612 INFO  server.RaftServerConfigKeys (ConfUtils.java:logGet(43)) - raft.server.rpc.timeout.min = 5s (custom)
2019-07-14 01:10:13,612 INFO  impl.RaftServerImpl (RaftServerImpl.java:<init>(93)) - 5001e5eb-6200-4408-ae3c-b813a259b656: new RaftServerImpl for group-EC8D47BE6218:[5001e5eb-6200-4408-ae3c-b813a259b656:192.168.157.230:38029, 04e26599-00cd-4baf-a081-2fcb687f0173:192.168.157.230:39172, 37063b8d-e7d5-49a0-8b83-6f3d88b53f13:192.168.157.230:36015] with ContainerStateMachine:uninitialized
2019-07-14 01:10:13,612 INFO  server.RaftServerConfigKeys (ConfUtils.java:logGet(43)) - raft.server.sleep.deviation.threshold = 300 (default)
2019-07-14 01:10:13,612 INFO  server.RaftServerConfigKeys (ConfUtils.java:logGet(43)) - raft.server.rpc.timeout.min = 5s (custom)
2019-07-14 01:10:13,613 INFO  server.RaftServerConfigKeys (ConfUtils.java:logGet(43)) - raft.server.rpc.timeout.max = 5200ms (custom)
2019-07-14 01:10:13,612 INFO  server.RaftServerConfigKeys (ConfUtils.java:logGet(43)) - raft.server.rpc.timeout.max = 5200ms (custom)
2019-07-14 01:10:13,613 INFO  server.RaftServerConfigKeys (ConfUtils.java:logGet(43)) - raft.server.rpcslowness.timeout = 120s (custom)
2019-07-14 01:10:13,613 INFO  server.RaftServerConfigKeys (ConfUtils.java:logGet(43)) - raft.server.sleep.deviation.threshold = 300 (default)
2019-07-14 01:10:13,612 INFO  server.RaftServerConfigKeys (ConfUtils.java:logGet(43)) - raft.server.log.appender.install.snapshot.enabled = false (custom)
2019-07-14 01:10:13,613 INFO  server.RaftServerConfigKeys (ConfUtils.java:logGet(43)) - raft.server.log.appender.install.snapshot.enabled = false (custom)
2019-07-14 01:10:13,613 INFO  server.RaftServerConfigKeys (ConfUtils.java:logGet(43)) - raft.server.rpcslowness.timeout = 120s (custom)
2019-07-14 01:10:13,614 INFO  impl.RaftServerImpl (ServerState.java:<init>(105)) - 5001e5eb-6200-4408-ae3c-b813a259b656:group-EC8D47BE6218 ConfigurationManager, init=-1: [5001e5eb-6200-4408-ae3c-b813a259b656:192.168.157.230:38029, 04e26599-00cd-4baf-a081-2fcb687f0173:192.168.157.230:39172, 37063b8d-e7d5-49a0-8b83-6f3d88b53f13:192.168.157.230:36015], old=null, confs=<EMPTY_MAP>
2019-07-14 01:10:13,613 INFO  impl.RaftServerImpl (ServerState.java:<init>(105)) - 37063b8d-e7d5-49a0-8b83-6f3d88b53f13:group-EC8D47BE6218 ConfigurationManager, init=-1: [5001e5eb-6200-4408-ae3c-b813a259b656:192.168.157.230:38029, 04e26599-00cd-4baf-a081-2fcb687f0173:192.168.157.230:39172, 37063b8d-e7d5-49a0-8b83-6f3d88b53f13:192.168.157.230:36015], old=null, confs=<EMPTY_MAP>
2019-07-14 01:10:13,614 INFO  server.RaftServerConfigKeys (ConfUtils.java:logGet(43)) - raft.server.storage.dir = [/tmp/workdir/hadoop-ozone/integration-test/target/test-dir/MiniOzoneClusterImpl-7d291438-c8fc-43b5-90e6-bf32aa58510a/datanode-0/data/ratis] (custom)
2019-07-14 01:10:13,614 INFO  server.RaftServerConfigKeys (ConfUtils.java:logGet(43)) - raft.server.sleep.deviation.threshold = 300 (default)
2019-07-14 01:10:13,614 INFO  server.RaftServerConfigKeys (ConfUtils.java:logGet(43)) - raft.server.storage.dir = [/tmp/workdir/hadoop-ozone/integration-test/target/test-dir/MiniOzoneClusterImpl-7d291438-c8fc-43b5-90e6-bf32aa58510a/datanode-2/data/ratis] (custom)
2019-07-14 01:10:13,615 INFO  server.RaftServerConfigKeys (ConfUtils.java:logGet(43)) - raft.server.log.appender.install.snapshot.enabled = false (custom)
2019-07-14 01:10:13,615 INFO  storage.RaftStorageDirectory (RaftStorageDirectory.java:analyzeStorage(246)) - The storage directory /tmp/workdir/hadoop-ozone/integration-test/target/test-dir/MiniOzoneClusterImpl-7d291438-c8fc-43b5-90e6-bf32aa58510a/datanode-0/data/ratis/7ecdeb48-b027-45f6-9e82-ec8d47be6218 does not exist. Creating ...
2019-07-14 01:10:13,615 INFO  storage.RaftStorageDirectory (RaftStorageDirectory.java:analyzeStorage(246)) - The storage directory /tmp/workdir/hadoop-ozone/integration-test/target/test-dir/MiniOzoneClusterImpl-7d291438-c8fc-43b5-90e6-bf32aa58510a/datanode-2/data/ratis/7ecdeb48-b027-45f6-9e82-ec8d47be6218 does not exist. Creating ...
2019-07-14 01:10:13,615 INFO  impl.RaftServerImpl (ServerState.java:<init>(105)) - 04e26599-00cd-4baf-a081-2fcb687f0173:group-EC8D47BE6218 ConfigurationManager, init=-1: [5001e5eb-6200-4408-ae3c-b813a259b656:192.168.157.230:38029, 04e26599-00cd-4baf-a081-2fcb687f0173:192.168.157.230:39172, 37063b8d-e7d5-49a0-8b83-6f3d88b53f13:192.168.157.230:36015], old=null, confs=<EMPTY_MAP>
2019-07-14 01:10:13,615 INFO  server.RaftServerConfigKeys (ConfUtils.java:logGet(43)) - raft.server.storage.dir = [/tmp/workdir/hadoop-ozone/integration-test/target/test-dir/MiniOzoneClusterImpl-7d291438-c8fc-43b5-90e6-bf32aa58510a/datanode-1/data/ratis] (custom)
2019-07-14 01:10:13,616 INFO  storage.RaftStorageDirectory (RaftStorageDirectory.java:analyzeStorage(246)) - The storage directory /tmp/workdir/hadoop-ozone/integration-test/target/test-dir/MiniOzoneClusterImpl-7d291438-c8fc-43b5-90e6-bf32aa58510a/datanode-1/data/ratis/7ecdeb48-b027-45f6-9e82-ec8d47be6218 does not exist. Creating ...
2019-07-14 01:10:13,628 INFO  storage.RaftStorageDirectory (RaftStorageDirectory.java:tryLock(328)) - Lock on /tmp/workdir/hadoop-ozone/integration-test/target/test-dir/MiniOzoneClusterImpl-7d291438-c8fc-43b5-90e6-bf32aa58510a/datanode-0/data/ratis/7ecdeb48-b027-45f6-9e82-ec8d47be6218/in_use.lock acquired by nodename 26095@trunk-nightly-sxkq5-3320257302
2019-07-14 01:10:13,628 INFO  storage.RaftStorageDirectory (RaftStorageDirectory.java:tryLock(328)) - Lock on /tmp/workdir/hadoop-ozone/integration-test/target/test-dir/MiniOzoneClusterImpl-7d291438-c8fc-43b5-90e6-bf32aa58510a/datanode-1/data/ratis/7ecdeb48-b027-45f6-9e82-ec8d47be6218/in_use.lock acquired by nodename 26095@trunk-nightly-sxkq5-3320257302
2019-07-14 01:10:13,628 INFO  storage.RaftStorageDirectory (RaftStorageDirectory.java:tryLock(328)) - Lock on /tmp/workdir/hadoop-ozone/integration-test/target/test-dir/MiniOzoneClusterImpl-7d291438-c8fc-43b5-90e6-bf32aa58510a/datanode-2/data/ratis/7ecdeb48-b027-45f6-9e82-ec8d47be6218/in_use.lock acquired by nodename 26095@trunk-nightly-sxkq5-3320257302
2019-07-14 01:10:13,642 INFO  storage.RaftStorage (RaftStorage.java:format(72)) - Storage directory /tmp/workdir/hadoop-ozone/integration-test/target/test-dir/MiniOzoneClusterImpl-7d291438-c8fc-43b5-90e6-bf32aa58510a/datanode-1/data/ratis/7ecdeb48-b027-45f6-9e82-ec8d47be6218 has been successfully formatted.
2019-07-14 01:10:13,642 INFO  storage.RaftStorage (RaftStorage.java:format(72)) - Storage directory /tmp/workdir/hadoop-ozone/integration-test/target/test-dir/MiniOzoneClusterImpl-7d291438-c8fc-43b5-90e6-bf32aa58510a/datanode-0/data/ratis/7ecdeb48-b027-45f6-9e82-ec8d47be6218 has been successfully formatted.
2019-07-14 01:10:13,642 INFO  storage.RaftStorage (RaftStorage.java:format(72)) - Storage directory /tmp/workdir/hadoop-ozone/integration-test/target/test-dir/MiniOzoneClusterImpl-7d291438-c8fc-43b5-90e6-bf32aa58510a/datanode-2/data/ratis/7ecdeb48-b027-45f6-9e82-ec8d47be6218 has been successfully formatted.
2019-07-14 01:10:13,643 INFO  ratis.ContainerStateMachine (ContainerStateMachine.java:loadSnapshot(200)) - The snapshot info is null.Setting the last applied index to:(t:0, i:~)
2019-07-14 01:10:13,643 INFO  ratis.ContainerStateMachine (ContainerStateMachine.java:loadSnapshot(200)) - The snapshot info is null.Setting the last applied index to:(t:0, i:~)
2019-07-14 01:10:13,642 INFO  ratis.ContainerStateMachine (ContainerStateMachine.java:loadSnapshot(200)) - The snapshot info is null.Setting the last applied index to:(t:0, i:~)
2019-07-14 01:10:13,643 INFO  server.RaftServerConfigKeys (ConfUtils.java:logGet(43)) - raft.server.leader.election.timeout = 120s (custom)
2019-07-14 01:10:13,643 INFO  server.RaftServerConfigKeys (ConfUtils.java:logGet(43)) - raft.server.leader.election.timeout = 120s (custom)
2019-07-14 01:10:13,643 INFO  server.RaftServerConfigKeys (ConfUtils.java:logGet(43)) - raft.server.log.use.memory = false (default)
2019-07-14 01:10:13,644 INFO  server.RaftServerConfigKeys (ConfUtils.java:logGet(43)) - raft.server.log.purge.gap = 1000000000 (custom)
2019-07-14 01:10:13,643 INFO  server.RaftServerConfigKeys (ConfUtils.java:logGet(43)) - raft.server.leader.election.timeout = 120s (custom)
2019-07-14 01:10:13,644 INFO  server.RaftServerConfigKeys (ConfUtils.java:logGet(43)) - raft.server.log.appender.buffer.byte-limit = 33554432 (custom)
2019-07-14 01:10:13,644 INFO  server.RaftServerConfigKeys (ConfUtils.java:logGet(43)) - raft.server.log.segment.size.max = 1048576 (custom)
2019-07-14 01:10:13,644 INFO  server.RaftServerConfigKeys (ConfUtils.java:logGet(43)) - raft.server.log.use.memory = false (default)
2019-07-14 01:10:13,644 INFO  server.RaftServerConfigKeys (ConfUtils.java:logGet(43)) - raft.server.log.segment.cache.num.max = 2 (custom)
2019-07-14 01:10:13,644 INFO  server.RaftServerConfigKeys (ConfUtils.java:logGet(43)) - raft.server.log.use.memory = false (default)
2019-07-14 01:10:13,645 INFO  segmented.SegmentedRaftLogWorker (SegmentedRaftLogWorker.java:<init>(172)) - new 37063b8d-e7d5-49a0-8b83-6f3d88b53f13-SegmentedRaftLogWorker:Storage Directory /tmp/workdir/hadoop-ozone/integration-test/target/test-dir/MiniOzoneClusterImpl-7d291438-c8fc-43b5-90e6-bf32aa58510a/datanode-2/data/ratis/7ecdeb48-b027-45f6-9e82-ec8d47be6218 for RaftStorage:Storage Directory /tmp/workdir/hadoop-ozone/integration-test/target/test-dir/MiniOzoneClusterImpl-7d291438-c8fc-43b5-90e6-bf32aa58510a/datanode-2/data/ratis/7ecdeb48-b027-45f6-9e82-ec8d47be6218
2019-07-14 01:10:13,645 INFO  server.RaftServerConfigKeys (ConfUtils.java:logGet(43)) - raft.server.log.purge.gap = 1000000000 (custom)
2019-07-14 01:10:13,645 INFO  server.RaftServerConfigKeys (ConfUtils.java:logGet(43)) - raft.server.log.queue.byte-limit = 2147483647 (custom)
2019-07-14 01:10:13,645 INFO  server.RaftServerConfigKeys (ConfUtils.java:logGet(43)) - raft.server.log.purge.gap = 1000000000 (custom)
2019-07-14 01:10:13,645 INFO  server.RaftServerConfigKeys (ConfUtils.java:logGet(43)) - raft.server.log.queue.element-limit = 1024 (custom)
2019-07-14 01:10:13,645 INFO  server.RaftServerConfigKeys (ConfUtils.java:logGet(43)) - raft.server.log.appender.buffer.byte-limit = 33554432 (custom)
2019-07-14 01:10:13,646 INFO  server.RaftServerConfigKeys (ConfUtils.java:logGet(43)) - raft.server.log.segment.size.max = 1048576 (custom)
2019-07-14 01:10:13,646 INFO  server.RaftServerConfigKeys (ConfUtils.java:logGet(43)) - raft.server.log.appender.buffer.byte-limit = 33554432 (custom)
2019-07-14 01:10:13,646 INFO  server.RaftServerConfigKeys (ConfUtils.java:logGet(43)) - raft.server.log.preallocated.size = 16384 (custom)
2019-07-14 01:10:13,646 INFO  server.RaftServerConfigKeys (ConfUtils.java:logGet(43)) - raft.server.log.segment.size.max = 1048576 (custom)
2019-07-14 01:10:13,646 INFO  server.RaftServerConfigKeys (ConfUtils.java:logGet(43)) - raft.server.log.write.buffer.size = 33554432 (custom)
2019-07-14 01:10:13,647 INFO  server.RaftServerConfigKeys (ConfUtils.java:logGet(43)) - raft.server.log.force.sync.num = 128 (default)
2019-07-14 01:10:13,646 INFO  server.RaftServerConfigKeys (ConfUtils.java:logGet(43)) - raft.server.log.segment.size.max = 1048576 (custom)
2019-07-14 01:10:13,647 INFO  server.RaftServerConfigKeys (ConfUtils.java:logGet(43)) - raft.server.log.statemachine.data.sync = true (default)
2019-07-14 01:10:13,647 INFO  server.RaftServerConfigKeys (ConfUtils.java:logGet(43)) - raft.server.log.statemachine.data.sync.timeout = 10s (default)
2019-07-14 01:10:13,647 INFO  server.RaftServerConfigKeys (ConfUtils.java:logGet(43)) - raft.server.log.segment.cache.num.max = 2 (custom)
2019-07-14 01:10:13,647 INFO  server.RaftServerConfigKeys (ConfUtils.java:logGet(43)) - raft.server.log.statemachine.data.sync.timeout.retry = -1 (default)
2019-07-14 01:10:13,647 INFO  server.RaftServerConfigKeys (ConfUtils.java:logGet(43)) - raft.server.log.segment.cache.num.max = 2 (custom)
2019-07-14 01:10:13,648 INFO  server.RaftServerConfigKeys (ConfUtils.java:logGet(43)) - raft.server.log.statemachine.data.caching.enabled = true (custom)
2019-07-14 01:10:13,648 INFO  segmented.SegmentedRaftLogWorker (SegmentedRaftLogWorker.java:<init>(172)) - new 5001e5eb-6200-4408-ae3c-b813a259b656-SegmentedRaftLogWorker:Storage Directory /tmp/workdir/hadoop-ozone/integration-test/target/test-dir/MiniOzoneClusterImpl-7d291438-c8fc-43b5-90e6-bf32aa58510a/datanode-0/data/ratis/7ecdeb48-b027-45f6-9e82-ec8d47be6218 for RaftStorage:Storage Directory /tmp/workdir/hadoop-ozone/integration-test/target/test-dir/MiniOzoneClusterImpl-7d291438-c8fc-43b5-90e6-bf32aa58510a/datanode-0/data/ratis/7ecdeb48-b027-45f6-9e82-ec8d47be6218
2019-07-14 01:10:13,648 INFO  segmented.SegmentedRaftLogWorker (SegmentedRaftLogWorker.java:lambda$new$0(132)) - 37063b8d-e7d5-49a0-8b83-6f3d88b53f13-SegmentedRaftLogWorker:Storage Directory /tmp/workdir/hadoop-ozone/integration-test/target/test-dir/MiniOzoneClusterImpl-7d291438-c8fc-43b5-90e6-bf32aa58510a/datanode-2/data/ratis/7ecdeb48-b027-45f6-9e82-ec8d47be6218: flushIndex: setUnconditionally 0 -> -1
2019-07-14 01:10:13,648 INFO  segmented.SegmentedRaftLogWorker (SegmentedRaftLogWorker.java:<init>(172)) - new 04e26599-00cd-4baf-a081-2fcb687f0173-SegmentedRaftLogWorker:Storage Directory /tmp/workdir/hadoop-ozone/integration-test/target/test-dir/MiniOzoneClusterImpl-7d291438-c8fc-43b5-90e6-bf32aa58510a/datanode-1/data/ratis/7ecdeb48-b027-45f6-9e82-ec8d47be6218 for RaftStorage:Storage Directory /tmp/workdir/hadoop-ozone/integration-test/target/test-dir/MiniOzoneClusterImpl-7d291438-c8fc-43b5-90e6-bf32aa58510a/datanode-1/data/ratis/7ecdeb48-b027-45f6-9e82-ec8d47be6218
2019-07-14 01:10:13,648 INFO  server.RaftServerConfigKeys (ConfUtils.java:logGet(43)) - raft.server.log.queue.byte-limit = 2147483647 (custom)
2019-07-14 01:10:13,649 INFO  server.RaftServerConfigKeys (ConfUtils.java:logGet(43)) - raft.server.snapshot.auto.trigger.enabled = true (custom)
2019-07-14 01:10:13,649 INFO  server.RaftServerConfigKeys (ConfUtils.java:logGet(43)) - raft.server.log.queue.byte-limit = 2147483647 (custom)
2019-07-14 01:10:13,649 INFO  server.RaftServerConfigKeys (ConfUtils.java:logGet(43)) - raft.server.snapshot.auto.trigger.threshold = 10000 (custom)
2019-07-14 01:10:13,649 INFO  server.RaftServerConfigKeys (ConfUtils.java:logGet(43)) - raft.server.log.queue.element-limit = 1024 (custom)
2019-07-14 01:10:13,649 INFO  server.RaftServerConfigKeys (ConfUtils.java:logGet(43)) - raft.server.retrycache.expirytime = 600000ms (custom)
2019-07-14 01:10:13,649 INFO  server.RaftServerConfigKeys (ConfUtils.java:logGet(43)) - raft.server.log.queue.element-limit = 1024 (custom)
2019-07-14 01:10:13,650 INFO  impl.RaftServerImpl (RaftServerImpl.java:start(180)) - 37063b8d-e7d5-49a0-8b83-6f3d88b53f13: start group-EC8D47BE6218
2019-07-14 01:10:13,650 INFO  impl.RaftServerImpl (RaftServerImpl.java:setRole(171)) - 37063b8d-e7d5-49a0-8b83-6f3d88b53f13:group-EC8D47BE6218 changes role from null to FOLLOWER at term 0 for startAsFollower
2019-07-14 01:10:13,650 INFO  server.RaftServerConfigKeys (ConfUtils.java:logGet(43)) - raft.server.log.segment.size.max = 1048576 (custom)
2019-07-14 01:10:13,650 INFO  impl.RoleInfo (RoleInfo.java:updateAndGet(143)) - 37063b8d-e7d5-49a0-8b83-6f3d88b53f13: start FollowerState
2019-07-14 01:10:13,650 INFO  server.RaftServerConfigKeys (ConfUtils.java:logGet(43)) - raft.server.log.segment.size.max = 1048576 (custom)
2019-07-14 01:10:13,651 INFO  server.RaftServerConfigKeys (ConfUtils.java:logGet(43)) - raft.server.log.preallocated.size = 16384 (custom)
2019-07-14 01:10:13,650 INFO  server.RaftServerConfigKeys (ConfUtils.java:logGet(43)) - raft.server.log.preallocated.size = 16384 (custom)
2019-07-14 01:10:13,651 INFO  server.RaftServerConfigKeys (ConfUtils.java:logGet(43)) - raft.server.log.write.buffer.size = 33554432 (custom)
2019-07-14 01:10:13,651 INFO  util.JmxRegister (JmxRegister.java:tryRegister(44)) - Successfully registered JMX Bean with object name Ratis:service=RaftServer,group=group-EC8D47BE6218,id=37063b8d-e7d5-49a0-8b83-6f3d88b53f13
2019-07-14 01:10:13,651 INFO  server.RaftServerConfigKeys (ConfUtils.java:logGet(43)) - raft.server.log.force.sync.num = 128 (default)
2019-07-14 01:10:13,651 INFO  server.RaftServerConfigKeys (ConfUtils.java:logGet(43)) - raft.server.log.write.buffer.size = 33554432 (custom)
2019-07-14 01:10:13,652 INFO  server.RaftServerConfigKeys (ConfUtils.java:logGet(43)) - raft.server.log.statemachine.data.sync = true (default)
2019-07-14 01:10:13,652 INFO  server.RaftServerConfigKeys (ConfUtils.java:logGet(43)) - raft.server.log.force.sync.num = 128 (default)
2019-07-14 01:10:13,652 INFO  server.RaftServerConfigKeys (ConfUtils.java:logGet(43)) - raft.server.log.statemachine.data.sync.timeout = 10s (default)
2019-07-14 01:10:13,652 INFO  server.RaftServerConfigKeys (ConfUtils.java:logGet(43)) - raft.server.log.statemachine.data.sync = true (default)
2019-07-14 01:10:13,652 INFO  server.RaftServerConfigKeys (ConfUtils.java:logGet(43)) - raft.server.log.statemachine.data.sync.timeout.retry = -1 (default)
2019-07-14 01:10:13,652 INFO  server.RaftServerConfigKeys (ConfUtils.java:logGet(43)) - raft.server.log.statemachine.data.sync.timeout = 10s (default)
2019-07-14 01:10:13,655 INFO  server.RaftServerConfigKeys (ConfUtils.java:logGet(43)) - raft.server.log.statemachine.data.caching.enabled = true (custom)
2019-07-14 01:10:13,655 INFO  server.RaftServerConfigKeys (ConfUtils.java:logGet(43)) - raft.server.log.statemachine.data.sync.timeout.retry = -1 (default)
2019-07-14 01:10:13,656 INFO  server.RaftServerConfigKeys (ConfUtils.java:logGet(43)) - raft.server.log.statemachine.data.caching.enabled = true (custom)
2019-07-14 01:10:13,656 INFO  segmented.SegmentedRaftLogWorker (SegmentedRaftLogWorker.java:lambda$new$0(132)) - 04e26599-00cd-4baf-a081-2fcb687f0173-SegmentedRaftLogWorker:Storage Directory /tmp/workdir/hadoop-ozone/integration-test/target/test-dir/MiniOzoneClusterImpl-7d291438-c8fc-43b5-90e6-bf32aa58510a/datanode-1/data/ratis/7ecdeb48-b027-45f6-9e82-ec8d47be6218: flushIndex: setUnconditionally 0 -> -1
2019-07-14 01:10:13,656 INFO  segmented.SegmentedRaftLogWorker (SegmentedRaftLogWorker.java:lambda$new$0(132)) - 5001e5eb-6200-4408-ae3c-b813a259b656-SegmentedRaftLogWorker:Storage Directory /tmp/workdir/hadoop-ozone/integration-test/target/test-dir/MiniOzoneClusterImpl-7d291438-c8fc-43b5-90e6-bf32aa58510a/datanode-0/data/ratis/7ecdeb48-b027-45f6-9e82-ec8d47be6218: flushIndex: setUnconditionally 0 -> -1
2019-07-14 01:10:13,656 INFO  server.RaftServerConfigKeys (ConfUtils.java:logGet(43)) - raft.server.snapshot.auto.trigger.enabled = true (custom)
2019-07-14 01:10:13,656 INFO  server.RaftServerConfigKeys (ConfUtils.java:logGet(43)) - raft.server.snapshot.auto.trigger.threshold = 10000 (custom)
2019-07-14 01:10:13,656 INFO  server.RaftServerConfigKeys (ConfUtils.java:logGet(43)) - raft.server.snapshot.auto.trigger.enabled = true (custom)
2019-07-14 01:10:13,657 INFO  server.RaftServerConfigKeys (ConfUtils.java:logGet(43)) - raft.server.retrycache.expirytime = 600000ms (custom)
2019-07-14 01:10:13,657 INFO  server.RaftServerConfigKeys (ConfUtils.java:logGet(43)) - raft.server.snapshot.auto.trigger.threshold = 10000 (custom)
2019-07-14 01:10:13,657 INFO  impl.RaftServerImpl (RaftServerImpl.java:start(180)) - 04e26599-00cd-4baf-a081-2fcb687f0173: start group-EC8D47BE6218
2019-07-14 01:10:13,657 INFO  server.RaftServerConfigKeys (ConfUtils.java:logGet(43)) - raft.server.retrycache.expirytime = 600000ms (custom)
2019-07-14 01:10:13,657 INFO  impl.RaftServerImpl (RaftServerImpl.java:setRole(171)) - 04e26599-00cd-4baf-a081-2fcb687f0173:group-EC8D47BE6218 changes role from null to FOLLOWER at term 0 for startAsFollower
2019-07-14 01:10:13,657 INFO  impl.RaftServerImpl (RaftServerImpl.java:start(180)) - 5001e5eb-6200-4408-ae3c-b813a259b656: start group-EC8D47BE6218
2019-07-14 01:10:13,657 INFO  impl.RoleInfo (RoleInfo.java:updateAndGet(143)) - 04e26599-00cd-4baf-a081-2fcb687f0173: start FollowerState
2019-07-14 01:10:13,658 INFO  impl.RaftServerImpl (RaftServerImpl.java:setRole(171)) - 5001e5eb-6200-4408-ae3c-b813a259b656:group-EC8D47BE6218 changes role from null to FOLLOWER at term 0 for startAsFollower
2019-07-14 01:10:13,658 INFO  impl.RoleInfo (RoleInfo.java:updateAndGet(143)) - 5001e5eb-6200-4408-ae3c-b813a259b656: start FollowerState
2019-07-14 01:10:13,658 INFO  util.JmxRegister (JmxRegister.java:tryRegister(44)) - Successfully registered JMX Bean with object name Ratis:service=RaftServer,group=group-EC8D47BE6218,id=04e26599-00cd-4baf-a081-2fcb687f0173
2019-07-14 01:10:13,658 INFO  util.JmxRegister (JmxRegister.java:tryRegister(44)) - Successfully registered JMX Bean with object name Ratis:service=RaftServer,group=group-EC8D47BE6218,id=5001e5eb-6200-4408-ae3c-b813a259b656
2019-07-14 01:10:13,666 INFO  pipeline.PipelineStateManager (PipelineStateManager.java:addPipeline(56)) - Created pipeline Pipeline[ Id: 7ecdeb48-b027-45f6-9e82-ec8d47be6218, Nodes: 5001e5eb-6200-4408-ae3c-b813a259b656{ip: 192.168.157.230, host: trunk-nightly-sxkq5-3320257302, networkLocation: /default-rack, certSerialId: null}37063b8d-e7d5-49a0-8b83-6f3d88b53f13{ip: 192.168.157.230, host: trunk-nightly-sxkq5-3320257302, networkLocation: /default-rack, certSerialId: null}04e26599-00cd-4baf-a081-2fcb687f0173{ip: 192.168.157.230, host: trunk-nightly-sxkq5-3320257302, networkLocation: /default-rack, certSerialId: null}, Type:RATIS, Factor:THREE, State:OPEN]
2019-07-14 01:10:13,836 INFO  node.SCMNodeManager (SCMNodeManager.java:register(269)) - Registered Data node : 529c5652-087d-4c43-9294-d00b840a14af{ip: 192.168.157.230, host: trunk-nightly-sxkq5-3320257302, networkLocation: /default-rack, certSerialId: null}
2019-07-14 01:10:13,845 INFO  impl.RaftServerProxy (RaftServerProxy.java:addNew(89)) - 529c5652-087d-4c43-9294-d00b840a14af: addNew group-C010874F3736:[529c5652-087d-4c43-9294-d00b840a14af:192.168.157.230:37728] returns group-C010874F3736:java.util.concurrent.CompletableFuture@640c5604[Not completed]
2019-07-14 01:10:13,846 INFO  impl.RaftServerImpl (RaftServerImpl.java:<init>(93)) - 529c5652-087d-4c43-9294-d00b840a14af: new RaftServerImpl for group-C010874F3736:[529c5652-087d-4c43-9294-d00b840a14af:192.168.157.230:37728] with ContainerStateMachine:uninitialized
2019-07-14 01:10:13,846 INFO  server.RaftServerConfigKeys (ConfUtils.java:logGet(43)) - raft.server.rpc.timeout.min = 5s (custom)
2019-07-14 01:10:13,846 INFO  server.RaftServerConfigKeys (ConfUtils.java:logGet(43)) - raft.server.rpc.timeout.max = 5200ms (custom)
2019-07-14 01:10:13,846 INFO  server.RaftServerConfigKeys (ConfUtils.java:logGet(43)) - raft.server.rpcslowness.timeout = 120s (custom)
2019-07-14 01:10:13,846 INFO  server.RaftServerConfigKeys (ConfUtils.java:logGet(43)) - raft.server.sleep.deviation.threshold = 300 (default)
2019-07-14 01:10:13,846 INFO  server.RaftServerConfigKeys (ConfUtils.java:logGet(43)) - raft.server.log.appender.install.snapshot.enabled = false (custom)
2019-07-14 01:10:13,846 INFO  impl.RaftServerImpl (ServerState.java:<init>(105)) - 529c5652-087d-4c43-9294-d00b840a14af:group-C010874F3736 ConfigurationManager, init=-1: [529c5652-087d-4c43-9294-d00b840a14af:192.168.157.230:37728], old=null, confs=<EMPTY_MAP>
2019-07-14 01:10:13,847 INFO  server.RaftServerConfigKeys (ConfUtils.java:logGet(43)) - raft.server.storage.dir = [/tmp/workdir/hadoop-ozone/integration-test/target/test-dir/MiniOzoneClusterImpl-7d291438-c8fc-43b5-90e6-bf32aa58510a/datanode-3/data/ratis] (custom)
2019-07-14 01:10:13,847 INFO  storage.RaftStorageDirectory (RaftStorageDirectory.java:analyzeStorage(246)) - The storage directory /tmp/workdir/hadoop-ozone/integration-test/target/test-dir/MiniOzoneClusterImpl-7d291438-c8fc-43b5-90e6-bf32aa58510a/datanode-3/data/ratis/2eb876c7-eb17-49d6-9b03-c010874f3736 does not exist. Creating ...
2019-07-14 01:10:13,854 INFO  storage.RaftStorageDirectory (RaftStorageDirectory.java:tryLock(328)) - Lock on /tmp/workdir/hadoop-ozone/integration-test/target/test-dir/MiniOzoneClusterImpl-7d291438-c8fc-43b5-90e6-bf32aa58510a/datanode-3/data/ratis/2eb876c7-eb17-49d6-9b03-c010874f3736/in_use.lock acquired by nodename 26095@trunk-nightly-sxkq5-3320257302
2019-07-14 01:10:13,867 INFO  storage.RaftStorage (RaftStorage.java:format(72)) - Storage directory /tmp/workdir/hadoop-ozone/integration-test/target/test-dir/MiniOzoneClusterImpl-7d291438-c8fc-43b5-90e6-bf32aa58510a/datanode-3/data/ratis/2eb876c7-eb17-49d6-9b03-c010874f3736 has been successfully formatted.
2019-07-14 01:10:13,867 INFO  ratis.ContainerStateMachine (ContainerStateMachine.java:loadSnapshot(200)) - The snapshot info is null.Setting the last applied index to:(t:0, i:~)
2019-07-14 01:10:13,867 INFO  server.RaftServerConfigKeys (ConfUtils.java:logGet(43)) - raft.server.leader.election.timeout = 120s (custom)
2019-07-14 01:10:13,867 INFO  server.RaftServerConfigKeys (ConfUtils.java:logGet(43)) - raft.server.log.use.memory = false (default)
2019-07-14 01:10:13,867 INFO  server.RaftServerConfigKeys (ConfUtils.java:logGet(43)) - raft.server.log.purge.gap = 1000000000 (custom)
2019-07-14 01:10:13,868 INFO  server.RaftServerConfigKeys (ConfUtils.java:logGet(43)) - raft.server.log.appender.buffer.byte-limit = 33554432 (custom)
2019-07-14 01:10:13,868 INFO  server.RaftServerConfigKeys (ConfUtils.java:logGet(43)) - raft.server.log.segment.size.max = 1048576 (custom)
2019-07-14 01:10:13,868 INFO  server.RaftServerConfigKeys (ConfUtils.java:logGet(43)) - raft.server.log.segment.cache.num.max = 2 (custom)
2019-07-14 01:10:13,868 INFO  segmented.SegmentedRaftLogWorker (SegmentedRaftLogWorker.java:<init>(172)) - new 529c5652-087d-4c43-9294-d00b840a14af-SegmentedRaftLogWorker:Storage Directory /tmp/workdir/hadoop-ozone/integration-test/target/test-dir/MiniOzoneClusterImpl-7d291438-c8fc-43b5-90e6-bf32aa58510a/datanode-3/data/ratis/2eb876c7-eb17-49d6-9b03-c010874f3736 for RaftStorage:Storage Directory /tmp/workdir/hadoop-ozone/integration-test/target/test-dir/MiniOzoneClusterImpl-7d291438-c8fc-43b5-90e6-bf32aa58510a/datanode-3/data/ratis/2eb876c7-eb17-49d6-9b03-c010874f3736
2019-07-14 01:10:13,868 INFO  server.RaftServerConfigKeys (ConfUtils.java:logGet(43)) - raft.server.log.queue.byte-limit = 2147483647 (custom)
2019-07-14 01:10:13,868 INFO  server.RaftServerConfigKeys (ConfUtils.java:logGet(43)) - raft.server.log.queue.element-limit = 1024 (custom)
2019-07-14 01:10:13,869 INFO  server.RaftServerConfigKeys (ConfUtils.java:logGet(43)) - raft.server.log.segment.size.max = 1048576 (custom)
2019-07-14 01:10:13,869 INFO  server.RaftServerConfigKeys (ConfUtils.java:logGet(43)) - raft.server.log.preallocated.size = 16384 (custom)
2019-07-14 01:10:13,869 INFO  server.RaftServerConfigKeys (ConfUtils.java:logGet(43)) - raft.server.log.write.buffer.size = 33554432 (custom)
2019-07-14 01:10:13,869 INFO  server.RaftServerConfigKeys (ConfUtils.java:logGet(43)) - raft.server.log.force.sync.num = 128 (default)
2019-07-14 01:10:13,869 INFO  server.RaftServerConfigKeys (ConfUtils.java:logGet(43)) - raft.server.log.statemachine.data.sync = true (default)
2019-07-14 01:10:13,869 INFO  server.RaftServerConfigKeys (ConfUtils.java:logGet(43)) - raft.server.log.statemachine.data.sync.timeout = 10s (default)
2019-07-14 01:10:13,870 INFO  server.RaftServerConfigKeys (ConfUtils.java:logGet(43)) - raft.server.log.statemachine.data.sync.timeout.retry = -1 (default)
2019-07-14 01:10:13,870 INFO  server.RaftServerConfigKeys (ConfUtils.java:logGet(43)) - raft.server.log.statemachine.data.caching.enabled = true (custom)
2019-07-14 01:10:13,870 INFO  segmented.SegmentedRaftLogWorker (SegmentedRaftLogWorker.java:lambda$new$0(132)) - 529c5652-087d-4c43-9294-d00b840a14af-SegmentedRaftLogWorker:Storage Directory /tmp/workdir/hadoop-ozone/integration-test/target/test-dir/MiniOzoneClusterImpl-7d291438-c8fc-43b5-90e6-bf32aa58510a/datanode-3/data/ratis/2eb876c7-eb17-49d6-9b03-c010874f3736: flushIndex: setUnconditionally 0 -> -1
2019-07-14 01:10:13,871 INFO  server.RaftServerConfigKeys (ConfUtils.java:logGet(43)) - raft.server.snapshot.auto.trigger.enabled = true (custom)
2019-07-14 01:10:13,871 INFO  server.RaftServerConfigKeys (ConfUtils.java:logGet(43)) - raft.server.snapshot.auto.trigger.threshold = 10000 (custom)
2019-07-14 01:10:13,871 INFO  server.RaftServerConfigKeys (ConfUtils.java:logGet(43)) - raft.server.retrycache.expirytime = 600000ms (custom)
2019-07-14 01:10:13,871 INFO  impl.RaftServerImpl (RaftServerImpl.java:start(180)) - 529c5652-087d-4c43-9294-d00b840a14af: start group-C010874F3736
2019-07-14 01:10:13,871 INFO  impl.RaftServerImpl (RaftServerImpl.java:setRole(171)) - 529c5652-087d-4c43-9294-d00b840a14af:group-C010874F3736 changes role from null to FOLLOWER at term 0 for startAsFollower
2019-07-14 01:10:13,871 INFO  impl.RoleInfo (RoleInfo.java:updateAndGet(143)) - 529c5652-087d-4c43-9294-d00b840a14af: start FollowerState
2019-07-14 01:10:13,872 INFO  util.JmxRegister (JmxRegister.java:tryRegister(44)) - Successfully registered JMX Bean with object name Ratis:service=RaftServer,group=group-C010874F3736,id=529c5652-087d-4c43-9294-d00b840a14af
2019-07-14 01:10:13,876 INFO  pipeline.PipelineStateManager (PipelineStateManager.java:addPipeline(56)) - Created pipeline Pipeline[ Id: 2eb876c7-eb17-49d6-9b03-c010874f3736, Nodes: 529c5652-087d-4c43-9294-d00b840a14af{ip: 192.168.157.230, host: trunk-nightly-sxkq5-3320257302, networkLocation: /default-rack, certSerialId: null}, Type:RATIS, Factor:ONE, State:OPEN]
2019-07-14 01:10:14,033 INFO  node.SCMNodeManager (SCMNodeManager.java:register(269)) - Registered Data node : 781083b1-751b-473f-a6ec-84f01521c523{ip: 192.168.157.230, host: trunk-nightly-sxkq5-3320257302, networkLocation: /default-rack, certSerialId: null}
2019-07-14 01:10:14,041 INFO  impl.RaftServerProxy (RaftServerProxy.java:addNew(89)) - 781083b1-751b-473f-a6ec-84f01521c523: addNew group-768BFC96FAA8:[781083b1-751b-473f-a6ec-84f01521c523:192.168.157.230:33007] returns group-768BFC96FAA8:java.util.concurrent.CompletableFuture@25f1f21c[Not completed]
2019-07-14 01:10:14,041 INFO  impl.RaftServerImpl (RaftServerImpl.java:<init>(93)) - 781083b1-751b-473f-a6ec-84f01521c523: new RaftServerImpl for group-768BFC96FAA8:[781083b1-751b-473f-a6ec-84f01521c523:192.168.157.230:33007] with ContainerStateMachine:uninitialized
2019-07-14 01:10:14,042 INFO  server.RaftServerConfigKeys (ConfUtils.java:logGet(43)) - raft.server.rpc.timeout.min = 5s (custom)
2019-07-14 01:10:14,042 INFO  server.RaftServerConfigKeys (ConfUtils.java:logGet(43)) - raft.server.rpc.timeout.max = 5200ms (custom)
2019-07-14 01:10:14,042 INFO  server.RaftServerConfigKeys (ConfUtils.java:logGet(43)) - raft.server.rpcslowness.timeout = 120s (custom)
2019-07-14 01:10:14,042 INFO  server.RaftServerConfigKeys (ConfUtils.java:logGet(43)) - raft.server.sleep.deviation.threshold = 300 (default)
2019-07-14 01:10:14,042 INFO  server.RaftServerConfigKeys (ConfUtils.java:logGet(43)) - raft.server.log.appender.install.snapshot.enabled = false (custom)
2019-07-14 01:10:14,042 INFO  impl.RaftServerImpl (ServerState.java:<init>(105)) - 781083b1-751b-473f-a6ec-84f01521c523:group-768BFC96FAA8 ConfigurationManager, init=-1: [781083b1-751b-473f-a6ec-84f01521c523:192.168.157.230:33007], old=null, confs=<EMPTY_MAP>
2019-07-14 01:10:14,043 INFO  server.RaftServerConfigKeys (ConfUtils.java:logGet(43)) - raft.server.storage.dir = [/tmp/workdir/hadoop-ozone/integration-test/target/test-dir/MiniOzoneClusterImpl-7d291438-c8fc-43b5-90e6-bf32aa58510a/datanode-4/data/ratis] (custom)
2019-07-14 01:10:14,043 INFO  storage.RaftStorageDirectory (RaftStorageDirectory.java:analyzeStorage(246)) - The storage directory /tmp/workdir/hadoop-ozone/integration-test/target/test-dir/MiniOzoneClusterImpl-7d291438-c8fc-43b5-90e6-bf32aa58510a/datanode-4/data/ratis/666930de-b7c0-423c-9706-768bfc96faa8 does not exist. Creating ...
2019-07-14 01:10:14,056 INFO  storage.RaftStorageDirectory (RaftStorageDirectory.java:tryLock(328)) - Lock on /tmp/workdir/hadoop-ozone/integration-test/target/test-dir/MiniOzoneClusterImpl-7d291438-c8fc-43b5-90e6-bf32aa58510a/datanode-4/data/ratis/666930de-b7c0-423c-9706-768bfc96faa8/in_use.lock acquired by nodename 26095@trunk-nightly-sxkq5-3320257302
2019-07-14 01:10:14,069 INFO  storage.RaftStorage (RaftStorage.java:format(72)) - Storage directory /tmp/workdir/hadoop-ozone/integration-test/target/test-dir/MiniOzoneClusterImpl-7d291438-c8fc-43b5-90e6-bf32aa58510a/datanode-4/data/ratis/666930de-b7c0-423c-9706-768bfc96faa8 has been successfully formatted.
2019-07-14 01:10:14,069 INFO  ratis.ContainerStateMachine (ContainerStateMachine.java:loadSnapshot(200)) - The snapshot info is null.Setting the last applied index to:(t:0, i:~)
2019-07-14 01:10:14,070 INFO  server.RaftServerConfigKeys (ConfUtils.java:logGet(43)) - raft.server.leader.election.timeout = 120s (custom)
2019-07-14 01:10:14,070 INFO  server.RaftServerConfigKeys (ConfUtils.java:logGet(43)) - raft.server.log.use.memory = false (default)
2019-07-14 01:10:14,070 INFO  server.RaftServerConfigKeys (ConfUtils.java:logGet(43)) - raft.server.log.purge.gap = 1000000000 (custom)
2019-07-14 01:10:14,070 INFO  server.RaftServerConfigKeys (ConfUtils.java:logGet(43)) - raft.server.log.appender.buffer.byte-limit = 33554432 (custom)
2019-07-14 01:10:14,070 INFO  server.RaftServerConfigKeys (ConfUtils.java:logGet(43)) - raft.server.log.segment.size.max = 1048576 (custom)
2019-07-14 01:10:14,070 INFO  server.RaftServerConfigKeys (ConfUtils.java:logGet(43)) - raft.server.log.segment.cache.num.max = 2 (custom)
2019-07-14 01:10:14,070 INFO  segmented.SegmentedRaftLogWorker (SegmentedRaftLogWorker.java:<init>(172)) - new 781083b1-751b-473f-a6ec-84f01521c523-SegmentedRaftLogWorker:Storage Directory /tmp/workdir/hadoop-ozone/integration-test/target/test-dir/MiniOzoneClusterImpl-7d291438-c8fc-43b5-90e6-bf32aa58510a/datanode-4/data/ratis/666930de-b7c0-423c-9706-768bfc96faa8 for RaftStorage:Storage Directory /tmp/workdir/hadoop-ozone/integration-test/target/test-dir/MiniOzoneClusterImpl-7d291438-c8fc-43b5-90e6-bf32aa58510a/datanode-4/data/ratis/666930de-b7c0-423c-9706-768bfc96faa8
2019-07-14 01:10:14,071 INFO  server.RaftServerConfigKeys (ConfUtils.java:logGet(43)) - raft.server.log.queue.byte-limit = 2147483647 (custom)
2019-07-14 01:10:14,071 INFO  server.RaftServerConfigKeys (ConfUtils.java:logGet(43)) - raft.server.log.queue.element-limit = 1024 (custom)
2019-07-14 01:10:14,071 INFO  server.RaftServerConfigKeys (ConfUtils.java:logGet(43)) - raft.server.log.segment.size.max = 1048576 (custom)
2019-07-14 01:10:14,071 INFO  server.RaftServerConfigKeys (ConfUtils.java:logGet(43)) - raft.server.log.preallocated.size = 16384 (custom)
2019-07-14 01:10:14,071 INFO  server.RaftServerConfigKeys (ConfUtils.java:logGet(43)) - raft.server.log.write.buffer.size = 33554432 (custom)
2019-07-14 01:10:14,071 INFO  server.RaftServerConfigKeys (ConfUtils.java:logGet(43)) - raft.server.log.force.sync.num = 128 (default)
2019-07-14 01:10:14,072 INFO  server.RaftServerConfigKeys (ConfUtils.java:logGet(43)) - raft.server.log.statemachine.data.sync = true (default)
2019-07-14 01:10:14,072 INFO  server.RaftServerConfigKeys (ConfUtils.java:logGet(43)) - raft.server.log.statemachine.data.sync.timeout = 10s (default)
2019-07-14 01:10:14,072 INFO  server.RaftServerConfigKeys (ConfUtils.java:logGet(43)) - raft.server.log.statemachine.data.sync.timeout.retry = -1 (default)
2019-07-14 01:10:14,072 INFO  server.RaftServerConfigKeys (ConfUtils.java:logGet(43)) - raft.server.log.statemachine.data.caching.enabled = true (custom)
2019-07-14 01:10:14,073 INFO  segmented.SegmentedRaftLogWorker (SegmentedRaftLogWorker.java:lambda$new$0(132)) - 781083b1-751b-473f-a6ec-84f01521c523-SegmentedRaftLogWorker:Storage Directory /tmp/workdir/hadoop-ozone/integration-test/target/test-dir/MiniOzoneClusterImpl-7d291438-c8fc-43b5-90e6-bf32aa58510a/datanode-4/data/ratis/666930de-b7c0-423c-9706-768bfc96faa8: flushIndex: setUnconditionally 0 -> -1
2019-07-14 01:10:14,073 INFO  server.RaftServerConfigKeys (ConfUtils.java:logGet(43)) - raft.server.snapshot.auto.trigger.enabled = true (custom)
2019-07-14 01:10:14,073 INFO  server.RaftServerConfigKeys (ConfUtils.java:logGet(43)) - raft.server.snapshot.auto.trigger.threshold = 10000 (custom)
2019-07-14 01:10:14,073 INFO  server.RaftServerConfigKeys (ConfUtils.java:logGet(43)) - raft.server.retrycache.expirytime = 600000ms (custom)
2019-07-14 01:10:14,073 INFO  impl.RaftServerImpl (RaftServerImpl.java:start(180)) - 781083b1-751b-473f-a6ec-84f01521c523: start group-768BFC96FAA8
2019-07-14 01:10:14,074 INFO  impl.RaftServerImpl (RaftServerImpl.java:setRole(171)) - 781083b1-751b-473f-a6ec-84f01521c523:group-768BFC96FAA8 changes role from null to FOLLOWER at term 0 for startAsFollower
2019-07-14 01:10:14,074 INFO  impl.RoleInfo (RoleInfo.java:updateAndGet(143)) - 781083b1-751b-473f-a6ec-84f01521c523: start FollowerState
2019-07-14 01:10:14,074 INFO  util.JmxRegister (JmxRegister.java:tryRegister(44)) - Successfully registered JMX Bean with object name Ratis:service=RaftServer,group=group-768BFC96FAA8,id=781083b1-751b-473f-a6ec-84f01521c523
2019-07-14 01:10:14,079 INFO  pipeline.PipelineStateManager (PipelineStateManager.java:addPipeline(56)) - Created pipeline Pipeline[ Id: 666930de-b7c0-423c-9706-768bfc96faa8, Nodes: 781083b1-751b-473f-a6ec-84f01521c523{ip: 192.168.157.230, host: trunk-nightly-sxkq5-3320257302, networkLocation: /default-rack, certSerialId: null}, Type:RATIS, Factor:ONE, State:OPEN]
2019-07-14 01:10:14,196 INFO  node.SCMNodeManager (SCMNodeManager.java:register(269)) - Registered Data node : 60495572-bdb4-4166-a9f8-8e0b44435d6e{ip: 192.168.157.230, host: trunk-nightly-sxkq5-3320257302, networkLocation: /default-rack, certSerialId: null}
2019-07-14 01:10:14,203 INFO  impl.RaftServerProxy (RaftServerProxy.java:addNew(89)) - 60495572-bdb4-4166-a9f8-8e0b44435d6e: addNew group-5563C5C29AB2:[60495572-bdb4-4166-a9f8-8e0b44435d6e:192.168.157.230:42401] returns group-5563C5C29AB2:java.util.concurrent.CompletableFuture@38775008[Not completed]
2019-07-14 01:10:14,204 INFO  impl.RaftServerImpl (RaftServerImpl.java:<init>(93)) - 60495572-bdb4-4166-a9f8-8e0b44435d6e: new RaftServerImpl for group-5563C5C29AB2:[60495572-bdb4-4166-a9f8-8e0b44435d6e:192.168.157.230:42401] with ContainerStateMachine:uninitialized
2019-07-14 01:10:14,204 INFO  server.RaftServerConfigKeys (ConfUtils.java:logGet(43)) - raft.server.rpc.timeout.min = 5s (custom)
2019-07-14 01:10:14,204 INFO  server.RaftServerConfigKeys (ConfUtils.java:logGet(43)) - raft.server.rpc.timeout.max = 5200ms (custom)
2019-07-14 01:10:14,204 INFO  server.RaftServerConfigKeys (ConfUtils.java:logGet(43)) - raft.server.rpcslowness.timeout = 120s (custom)
2019-07-14 01:10:14,204 INFO  server.RaftServerConfigKeys (ConfUtils.java:logGet(43)) - raft.server.sleep.deviation.threshold = 300 (default)
2019-07-14 01:10:14,204 INFO  server.RaftServerConfigKeys (ConfUtils.java:logGet(43)) - raft.server.log.appender.install.snapshot.enabled = false (custom)
2019-07-14 01:10:14,205 INFO  impl.RaftServerImpl (ServerState.java:<init>(105)) - 60495572-bdb4-4166-a9f8-8e0b44435d6e:group-5563C5C29AB2 ConfigurationManager, init=-1: [60495572-bdb4-4166-a9f8-8e0b44435d6e:192.168.157.230:42401], old=null, confs=<EMPTY_MAP>
2019-07-14 01:10:14,205 INFO  server.RaftServerConfigKeys (ConfUtils.java:logGet(43)) - raft.server.storage.dir = [/tmp/workdir/hadoop-ozone/integration-test/target/test-dir/MiniOzoneClusterImpl-7d291438-c8fc-43b5-90e6-bf32aa58510a/datanode-5/data/ratis] (custom)
2019-07-14 01:10:14,205 INFO  storage.RaftStorageDirectory (RaftStorageDirectory.java:analyzeStorage(246)) - The storage directory /tmp/workdir/hadoop-ozone/integration-test/target/test-dir/MiniOzoneClusterImpl-7d291438-c8fc-43b5-90e6-bf32aa58510a/datanode-5/data/ratis/2df8594a-e215-4e78-8df7-5563c5c29ab2 does not exist. Creating ...
2019-07-14 01:10:14,218 INFO  storage.RaftStorageDirectory (RaftStorageDirectory.java:tryLock(328)) - Lock on /tmp/workdir/hadoop-ozone/integration-test/target/test-dir/MiniOzoneClusterImpl-7d291438-c8fc-43b5-90e6-bf32aa58510a/datanode-5/data/ratis/2df8594a-e215-4e78-8df7-5563c5c29ab2/in_use.lock acquired by nodename 26095@trunk-nightly-sxkq5-3320257302
2019-07-14 01:10:14,231 INFO  storage.RaftStorage (RaftStorage.java:format(72)) - Storage directory /tmp/workdir/hadoop-ozone/integration-test/target/test-dir/MiniOzoneClusterImpl-7d291438-c8fc-43b5-90e6-bf32aa58510a/datanode-5/data/ratis/2df8594a-e215-4e78-8df7-5563c5c29ab2 has been successfully formatted.
2019-07-14 01:10:14,232 INFO  ratis.ContainerStateMachine (ContainerStateMachine.java:loadSnapshot(200)) - The snapshot info is null.Setting the last applied index to:(t:0, i:~)
2019-07-14 01:10:14,232 INFO  server.RaftServerConfigKeys (ConfUtils.java:logGet(43)) - raft.server.leader.election.timeout = 120s (custom)
2019-07-14 01:10:14,232 INFO  server.RaftServerConfigKeys (ConfUtils.java:logGet(43)) - raft.server.log.use.memory = false (default)
2019-07-14 01:10:14,232 INFO  server.RaftServerConfigKeys (ConfUtils.java:logGet(43)) - raft.server.log.purge.gap = 1000000000 (custom)
2019-07-14 01:10:14,232 INFO  server.RaftServerConfigKeys (ConfUtils.java:logGet(43)) - raft.server.log.appender.buffer.byte-limit = 33554432 (custom)
2019-07-14 01:10:14,233 INFO  server.RaftServerConfigKeys (ConfUtils.java:logGet(43)) - raft.server.log.segment.size.max = 1048576 (custom)
2019-07-14 01:10:14,233 INFO  server.RaftServerConfigKeys (ConfUtils.java:logGet(43)) - raft.server.log.segment.cache.num.max = 2 (custom)
2019-07-14 01:10:14,233 INFO  segmented.SegmentedRaftLogWorker (SegmentedRaftLogWorker.java:<init>(172)) - new 60495572-bdb4-4166-a9f8-8e0b44435d6e-SegmentedRaftLogWorker:Storage Directory /tmp/workdir/hadoop-ozone/integration-test/target/test-dir/MiniOzoneClusterImpl-7d291438-c8fc-43b5-90e6-bf32aa58510a/datanode-5/data/ratis/2df8594a-e215-4e78-8df7-5563c5c29ab2 for RaftStorage:Storage Directory /tmp/workdir/hadoop-ozone/integration-test/target/test-dir/MiniOzoneClusterImpl-7d291438-c8fc-43b5-90e6-bf32aa58510a/datanode-5/data/ratis/2df8594a-e215-4e78-8df7-5563c5c29ab2
2019-07-14 01:10:14,233 INFO  server.RaftServerConfigKeys (ConfUtils.java:logGet(43)) - raft.server.log.queue.byte-limit = 2147483647 (custom)
2019-07-14 01:10:14,233 INFO  server.RaftServerConfigKeys (ConfUtils.java:logGet(43)) - raft.server.log.queue.element-limit = 1024 (custom)
2019-07-14 01:10:14,233 INFO  server.RaftServerConfigKeys (ConfUtils.java:logGet(43)) - raft.server.log.segment.size.max = 1048576 (custom)
2019-07-14 01:10:14,234 INFO  server.RaftServerConfigKeys (ConfUtils.java:logGet(43)) - raft.server.log.preallocated.size = 16384 (custom)
2019-07-14 01:10:14,234 INFO  server.RaftServerConfigKeys (ConfUtils.java:logGet(43)) - raft.server.log.write.buffer.size = 33554432 (custom)
2019-07-14 01:10:14,234 INFO  server.RaftServerConfigKeys (ConfUtils.java:logGet(43)) - raft.server.log.force.sync.num = 128 (default)
2019-07-14 01:10:14,234 INFO  server.RaftServerConfigKeys (ConfUtils.java:logGet(43)) - raft.server.log.statemachine.data.sync = true (default)
2019-07-14 01:10:14,234 INFO  server.RaftServerConfigKeys (ConfUtils.java:logGet(43)) - raft.server.log.statemachine.data.sync.timeout = 10s (default)
2019-07-14 01:10:14,234 INFO  server.RaftServerConfigKeys (ConfUtils.java:logGet(43)) - raft.server.log.statemachine.data.sync.timeout.retry = -1 (default)
2019-07-14 01:10:14,235 INFO  server.RaftServerConfigKeys (ConfUtils.java:logGet(43)) - raft.server.log.statemachine.data.caching.enabled = true (custom)
2019-07-14 01:10:14,235 INFO  segmented.SegmentedRaftLogWorker (SegmentedRaftLogWorker.java:lambda$new$0(132)) - 60495572-bdb4-4166-a9f8-8e0b44435d6e-SegmentedRaftLogWorker:Storage Directory /tmp/workdir/hadoop-ozone/integration-test/target/test-dir/MiniOzoneClusterImpl-7d291438-c8fc-43b5-90e6-bf32aa58510a/datanode-5/data/ratis/2df8594a-e215-4e78-8df7-5563c5c29ab2: flushIndex: setUnconditionally 0 -> -1
2019-07-14 01:10:14,235 INFO  server.RaftServerConfigKeys (ConfUtils.java:logGet(43)) - raft.server.snapshot.auto.trigger.enabled = true (custom)
2019-07-14 01:10:14,235 INFO  server.RaftServerConfigKeys (ConfUtils.java:logGet(43)) - raft.server.snapshot.auto.trigger.threshold = 10000 (custom)
2019-07-14 01:10:14,236 INFO  server.RaftServerConfigKeys (ConfUtils.java:logGet(43)) - raft.server.retrycache.expirytime = 600000ms (custom)
2019-07-14 01:10:14,236 INFO  impl.RaftServerImpl (RaftServerImpl.java:start(180)) - 60495572-bdb4-4166-a9f8-8e0b44435d6e: start group-5563C5C29AB2
2019-07-14 01:10:14,236 INFO  impl.RaftServerImpl (RaftServerImpl.java:setRole(171)) - 60495572-bdb4-4166-a9f8-8e0b44435d6e:group-5563C5C29AB2 changes role from null to FOLLOWER at term 0 for startAsFollower
2019-07-14 01:10:14,236 INFO  impl.RoleInfo (RoleInfo.java:updateAndGet(143)) - 60495572-bdb4-4166-a9f8-8e0b44435d6e: start FollowerState
2019-07-14 01:10:14,237 INFO  util.JmxRegister (JmxRegister.java:tryRegister(44)) - Successfully registered JMX Bean with object name Ratis:service=RaftServer,group=group-5563C5C29AB2,id=60495572-bdb4-4166-a9f8-8e0b44435d6e
2019-07-14 01:10:14,241 INFO  pipeline.PipelineStateManager (PipelineStateManager.java:addPipeline(56)) - Created pipeline Pipeline[ Id: 2df8594a-e215-4e78-8df7-5563c5c29ab2, Nodes: 60495572-bdb4-4166-a9f8-8e0b44435d6e{ip: 192.168.157.230, host: trunk-nightly-sxkq5-3320257302, networkLocation: /default-rack, certSerialId: null}, Type:RATIS, Factor:ONE, State:OPEN]
2019-07-14 01:10:14,253 INFO  impl.RaftServerProxy (RaftServerProxy.java:addNew(89)) - 529c5652-087d-4c43-9294-d00b840a14af: addNew group-1809D5F21526:[781083b1-751b-473f-a6ec-84f01521c523:192.168.157.230:33007, 60495572-bdb4-4166-a9f8-8e0b44435d6e:192.168.157.230:42401, 529c5652-087d-4c43-9294-d00b840a14af:192.168.157.230:37728] returns group-1809D5F21526:java.util.concurrent.CompletableFuture@7c59b9a9[Not completed]
2019-07-14 01:10:14,253 INFO  impl.RaftServerProxy (RaftServerProxy.java:addNew(89)) - 60495572-bdb4-4166-a9f8-8e0b44435d6e: addNew group-1809D5F21526:[781083b1-751b-473f-a6ec-84f01521c523:192.168.157.230:33007, 60495572-bdb4-4166-a9f8-8e0b44435d6e:192.168.157.230:42401, 529c5652-087d-4c43-9294-d00b840a14af:192.168.157.230:37728] returns group-1809D5F21526:java.util.concurrent.CompletableFuture@6143b220[Not completed]
2019-07-14 01:10:14,253 INFO  impl.RaftServerProxy (RaftServerProxy.java:addNew(89)) - 781083b1-751b-473f-a6ec-84f01521c523: addNew group-1809D5F21526:[781083b1-751b-473f-a6ec-84f01521c523:192.168.157.230:33007, 60495572-bdb4-4166-a9f8-8e0b44435d6e:192.168.157.230:42401, 529c5652-087d-4c43-9294-d00b840a14af:192.168.157.230:37728] returns group-1809D5F21526:java.util.concurrent.CompletableFuture@68eb2733[Not completed]
2019-07-14 01:10:14,254 INFO  impl.RaftServerImpl (RaftServerImpl.java:<init>(93)) - 529c5652-087d-4c43-9294-d00b840a14af: new RaftServerImpl for group-1809D5F21526:[781083b1-751b-473f-a6ec-84f01521c523:192.168.157.230:33007, 60495572-bdb4-4166-a9f8-8e0b44435d6e:192.168.157.230:42401, 529c5652-087d-4c43-9294-d00b840a14af:192.168.157.230:37728] with ContainerStateMachine:uninitialized
2019-07-14 01:10:14,254 INFO  server.RaftServerConfigKeys (ConfUtils.java:logGet(43)) - raft.server.rpc.timeout.min = 5s (custom)
2019-07-14 01:10:14,254 INFO  server.RaftServerConfigKeys (ConfUtils.java:logGet(43)) - raft.server.rpc.timeout.max = 5200ms (custom)
2019-07-14 01:10:14,254 INFO  server.RaftServerConfigKeys (ConfUtils.java:logGet(43)) - raft.server.rpcslowness.timeout = 120s (custom)
2019-07-14 01:10:14,254 INFO  impl.RaftServerImpl (RaftServerImpl.java:<init>(93)) - 60495572-bdb4-4166-a9f8-8e0b44435d6e: new RaftServerImpl for group-1809D5F21526:[781083b1-751b-473f-a6ec-84f01521c523:192.168.157.230:33007, 60495572-bdb4-4166-a9f8-8e0b44435d6e:192.168.157.230:42401, 529c5652-087d-4c43-9294-d00b840a14af:192.168.157.230:37728] with ContainerStateMachine:uninitialized
2019-07-14 01:10:14,254 INFO  server.RaftServerConfigKeys (ConfUtils.java:logGet(43)) - raft.server.sleep.deviation.threshold = 300 (default)
2019-07-14 01:10:14,255 INFO  server.RaftServerConfigKeys (ConfUtils.java:logGet(43)) - raft.server.rpc.timeout.min = 5s (custom)
2019-07-14 01:10:14,255 INFO  impl.RaftServerImpl (RaftServerImpl.java:<init>(93)) - 781083b1-751b-473f-a6ec-84f01521c523: new RaftServerImpl for group-1809D5F21526:[781083b1-751b-473f-a6ec-84f01521c523:192.168.157.230:33007, 60495572-bdb4-4166-a9f8-8e0b44435d6e:192.168.157.230:42401, 529c5652-087d-4c43-9294-d00b840a14af:192.168.157.230:37728] with ContainerStateMachine:uninitialized
2019-07-14 01:10:14,255 INFO  server.RaftServerConfigKeys (ConfUtils.java:logGet(43)) - raft.server.log.appender.install.snapshot.enabled = false (custom)
2019-07-14 01:10:14,255 INFO  server.RaftServerConfigKeys (ConfUtils.java:logGet(43)) - raft.server.rpc.timeout.min = 5s (custom)
2019-07-14 01:10:14,255 INFO  server.RaftServerConfigKeys (ConfUtils.java:logGet(43)) - raft.server.rpc.timeout.max = 5200ms (custom)
2019-07-14 01:10:14,255 INFO  server.RaftServerConfigKeys (ConfUtils.java:logGet(43)) - raft.server.rpc.timeout.max = 5200ms (custom)
2019-07-14 01:10:14,255 INFO  server.RaftServerConfigKeys (ConfUtils.java:logGet(43)) - raft.server.rpcslowness.timeout = 120s (custom)
2019-07-14 01:10:14,256 INFO  server.RaftServerConfigKeys (ConfUtils.java:logGet(43)) - raft.server.sleep.deviation.threshold = 300 (default)
2019-07-14 01:10:14,255 INFO  impl.RaftServerImpl (ServerState.java:<init>(105)) - 529c5652-087d-4c43-9294-d00b840a14af:group-1809D5F21526 ConfigurationManager, init=-1: [781083b1-751b-473f-a6ec-84f01521c523:192.168.157.230:33007, 60495572-bdb4-4166-a9f8-8e0b44435d6e:192.168.157.230:42401, 529c5652-087d-4c43-9294-d00b840a14af:192.168.157.230:37728], old=null, confs=<EMPTY_MAP>
2019-07-14 01:10:14,256 INFO  server.RaftServerConfigKeys (ConfUtils.java:logGet(43)) - raft.server.log.appender.install.snapshot.enabled = false (custom)
2019-07-14 01:10:14,256 INFO  server.RaftServerConfigKeys (ConfUtils.java:logGet(43)) - raft.server.rpcslowness.timeout = 120s (custom)
2019-07-14 01:10:14,256 INFO  impl.RaftServerImpl (ServerState.java:<init>(105)) - 781083b1-751b-473f-a6ec-84f01521c523:group-1809D5F21526 ConfigurationManager, init=-1: [781083b1-751b-473f-a6ec-84f01521c523:192.168.157.230:33007, 60495572-bdb4-4166-a9f8-8e0b44435d6e:192.168.157.230:42401, 529c5652-087d-4c43-9294-d00b840a14af:192.168.157.230:37728], old=null, confs=<EMPTY_MAP>
2019-07-14 01:10:14,256 INFO  server.RaftServerConfigKeys (ConfUtils.java:logGet(43)) - raft.server.storage.dir = [/tmp/workdir/hadoop-ozone/integration-test/target/test-dir/MiniOzoneClusterImpl-7d291438-c8fc-43b5-90e6-bf32aa58510a/datanode-3/data/ratis] (custom)
2019-07-14 01:10:14,257 INFO  server.RaftServerConfigKeys (ConfUtils.java:logGet(43)) - raft.server.storage.dir = [/tmp/workdir/hadoop-ozone/integration-test/target/test-dir/MiniOzoneClusterImpl-7d291438-c8fc-43b5-90e6-bf32aa58510a/datanode-4/data/ratis] (custom)
2019-07-14 01:10:14,257 INFO  server.RaftServerConfigKeys (ConfUtils.java:logGet(43)) - raft.server.sleep.deviation.threshold = 300 (default)
2019-07-14 01:10:14,257 INFO  storage.RaftStorageDirectory (RaftStorageDirectory.java:analyzeStorage(246)) - The storage directory /tmp/workdir/hadoop-ozone/integration-test/target/test-dir/MiniOzoneClusterImpl-7d291438-c8fc-43b5-90e6-bf32aa58510a/datanode-3/data/ratis/c1823fcc-9898-460c-a134-1809d5f21526 does not exist. Creating ...
2019-07-14 01:10:14,257 INFO  storage.RaftStorageDirectory (RaftStorageDirectory.java:analyzeStorage(246)) - The storage directory /tmp/workdir/hadoop-ozone/integration-test/target/test-dir/MiniOzoneClusterImpl-7d291438-c8fc-43b5-90e6-bf32aa58510a/datanode-4/data/ratis/c1823fcc-9898-460c-a134-1809d5f21526 does not exist. Creating ...
2019-07-14 01:10:14,257 INFO  server.RaftServerConfigKeys (ConfUtils.java:logGet(43)) - raft.server.log.appender.install.snapshot.enabled = false (custom)
2019-07-14 01:10:14,258 INFO  impl.RaftServerImpl (ServerState.java:<init>(105)) - 60495572-bdb4-4166-a9f8-8e0b44435d6e:group-1809D5F21526 ConfigurationManager, init=-1: [781083b1-751b-473f-a6ec-84f01521c523:192.168.157.230:33007, 60495572-bdb4-4166-a9f8-8e0b44435d6e:192.168.157.230:42401, 529c5652-087d-4c43-9294-d00b840a14af:192.168.157.230:37728], old=null, confs=<EMPTY_MAP>
2019-07-14 01:10:14,258 INFO  server.RaftServerConfigKeys (ConfUtils.java:logGet(43)) - raft.server.storage.dir = [/tmp/workdir/hadoop-ozone/integration-test/target/test-dir/MiniOzoneClusterImpl-7d291438-c8fc-43b5-90e6-bf32aa58510a/datanode-5/data/ratis] (custom)
2019-07-14 01:10:14,258 INFO  storage.RaftStorageDirectory (RaftStorageDirectory.java:analyzeStorage(246)) - The storage directory /tmp/workdir/hadoop-ozone/integration-test/target/test-dir/MiniOzoneClusterImpl-7d291438-c8fc-43b5-90e6-bf32aa58510a/datanode-5/data/ratis/c1823fcc-9898-460c-a134-1809d5f21526 does not exist. Creating ...
2019-07-14 01:10:14,271 INFO  storage.RaftStorageDirectory (RaftStorageDirectory.java:tryLock(328)) - Lock on /tmp/workdir/hadoop-ozone/integration-test/target/test-dir/MiniOzoneClusterImpl-7d291438-c8fc-43b5-90e6-bf32aa58510a/datanode-4/data/ratis/c1823fcc-9898-460c-a134-1809d5f21526/in_use.lock acquired by nodename 26095@trunk-nightly-sxkq5-3320257302
2019-07-14 01:10:14,271 INFO  storage.RaftStorageDirectory (RaftStorageDirectory.java:tryLock(328)) - Lock on /tmp/workdir/hadoop-ozone/integration-test/target/test-dir/MiniOzoneClusterImpl-7d291438-c8fc-43b5-90e6-bf32aa58510a/datanode-3/data/ratis/c1823fcc-9898-460c-a134-1809d5f21526/in_use.lock acquired by nodename 26095@trunk-nightly-sxkq5-3320257302
2019-07-14 01:10:14,271 INFO  storage.RaftStorageDirectory (RaftStorageDirectory.java:tryLock(328)) - Lock on /tmp/workdir/hadoop-ozone/integration-test/target/test-dir/MiniOzoneClusterImpl-7d291438-c8fc-43b5-90e6-bf32aa58510a/datanode-5/data/ratis/c1823fcc-9898-460c-a134-1809d5f21526/in_use.lock acquired by nodename 26095@trunk-nightly-sxkq5-3320257302
2019-07-14 01:10:14,285 INFO  storage.RaftStorage (RaftStorage.java:format(72)) - Storage directory /tmp/workdir/hadoop-ozone/integration-test/target/test-dir/MiniOzoneClusterImpl-7d291438-c8fc-43b5-90e6-bf32aa58510a/datanode-4/data/ratis/c1823fcc-9898-460c-a134-1809d5f21526 has been successfully formatted.
2019-07-14 01:10:14,285 INFO  storage.RaftStorage (RaftStorage.java:format(72)) - Storage directory /tmp/workdir/hadoop-ozone/integration-test/target/test-dir/MiniOzoneClusterImpl-7d291438-c8fc-43b5-90e6-bf32aa58510a/datanode-5/data/ratis/c1823fcc-9898-460c-a134-1809d5f21526 has been successfully formatted.
2019-07-14 01:10:14,285 INFO  ratis.ContainerStateMachine (ContainerStateMachine.java:loadSnapshot(200)) - The snapshot info is null.Setting the last applied index to:(t:0, i:~)
2019-07-14 01:10:14,285 INFO  storage.RaftStorage (RaftStorage.java:format(72)) - Storage directory /tmp/workdir/hadoop-ozone/integration-test/target/test-dir/MiniOzoneClusterImpl-7d291438-c8fc-43b5-90e6-bf32aa58510a/datanode-3/data/ratis/c1823fcc-9898-460c-a134-1809d5f21526 has been successfully formatted.
2019-07-14 01:10:14,285 INFO  server.RaftServerConfigKeys (ConfUtils.java:logGet(43)) - raft.server.leader.election.timeout = 120s (custom)
2019-07-14 01:10:14,285 INFO  ratis.ContainerStateMachine (ContainerStateMachine.java:loadSnapshot(200)) - The snapshot info is null.Setting the last applied index to:(t:0, i:~)
2019-07-14 01:10:14,285 INFO  ratis.ContainerStateMachine (ContainerStateMachine.java:loadSnapshot(200)) - The snapshot info is null.Setting the last applied index to:(t:0, i:~)
2019-07-14 01:10:14,286 INFO  server.RaftServerConfigKeys (ConfUtils.java:logGet(43)) - raft.server.leader.election.timeout = 120s (custom)
2019-07-14 01:10:14,285 INFO  server.RaftServerConfigKeys (ConfUtils.java:logGet(43)) - raft.server.log.use.memory = false (default)
2019-07-14 01:10:14,286 INFO  server.RaftServerConfigKeys (ConfUtils.java:logGet(43)) - raft.server.log.use.memory = false (default)
2019-07-14 01:10:14,286 INFO  server.RaftServerConfigKeys (ConfUtils.java:logGet(43)) - raft.server.log.purge.gap = 1000000000 (custom)
2019-07-14 01:10:14,286 INFO  server.RaftServerConfigKeys (ConfUtils.java:logGet(43)) - raft.server.leader.election.timeout = 120s (custom)
2019-07-14 01:10:14,286 INFO  server.RaftServerConfigKeys (ConfUtils.java:logGet(43)) - raft.server.log.appender.buffer.byte-limit = 33554432 (custom)
2019-07-14 01:10:14,286 INFO  server.RaftServerConfigKeys (ConfUtils.java:logGet(43)) - raft.server.log.purge.gap = 1000000000 (custom)
2019-07-14 01:10:14,287 INFO  server.RaftServerConfigKeys (ConfUtils.java:logGet(43)) - raft.server.log.segment.size.max = 1048576 (custom)
2019-07-14 01:10:14,287 INFO  server.RaftServerConfigKeys (ConfUtils.java:logGet(43)) - raft.server.log.use.memory = false (default)
2019-07-14 01:10:14,287 INFO  server.RaftServerConfigKeys (ConfUtils.java:logGet(43)) - raft.server.log.segment.cache.num.max = 2 (custom)
2019-07-14 01:10:14,287 INFO  server.RaftServerConfigKeys (ConfUtils.java:logGet(43)) - raft.server.log.appender.buffer.byte-limit = 33554432 (custom)
2019-07-14 01:10:14,287 INFO  segmented.SegmentedRaftLogWorker (SegmentedRaftLogWorker.java:<init>(172)) - new 529c5652-087d-4c43-9294-d00b840a14af-SegmentedRaftLogWorker:Storage Directory /tmp/workdir/hadoop-ozone/integration-test/target/test-dir/MiniOzoneClusterImpl-7d291438-c8fc-43b5-90e6-bf32aa58510a/datanode-3/data/ratis/c1823fcc-9898-460c-a134-1809d5f21526 for RaftStorage:Storage Directory /tmp/workdir/hadoop-ozone/integration-test/target/test-dir/MiniOzoneClusterImpl-7d291438-c8fc-43b5-90e6-bf32aa58510a/datanode-3/data/ratis/c1823fcc-9898-460c-a134-1809d5f21526
2019-07-14 01:10:14,287 INFO  server.RaftServerConfigKeys (ConfUtils.java:logGet(43)) - raft.server.log.purge.gap = 1000000000 (custom)
2019-07-14 01:10:14,288 INFO  server.RaftServerConfigKeys (ConfUtils.java:logGet(43)) - raft.server.log.queue.byte-limit = 2147483647 (custom)
2019-07-14 01:10:14,287 INFO  server.RaftServerConfigKeys (ConfUtils.java:logGet(43)) - raft.server.log.segment.size.max = 1048576 (custom)
2019-07-14 01:10:14,288 INFO  server.RaftServerConfigKeys (ConfUtils.java:logGet(43)) - raft.server.log.queue.element-limit = 1024 (custom)
2019-07-14 01:10:14,288 INFO  server.RaftServerConfigKeys (ConfUtils.java:logGet(43)) - raft.server.log.appender.buffer.byte-limit = 33554432 (custom)
2019-07-14 01:10:14,288 INFO  server.RaftServerConfigKeys (ConfUtils.java:logGet(43)) - raft.server.log.segment.size.max = 1048576 (custom)
2019-07-14 01:10:14,289 INFO  server.RaftServerConfigKeys (ConfUtils.java:logGet(43)) - raft.server.log.preallocated.size = 16384 (custom)
2019-07-14 01:10:14,288 INFO  server.RaftServerConfigKeys (ConfUtils.java:logGet(43)) - raft.server.log.segment.cache.num.max = 2 (custom)
2019-07-14 01:10:14,289 INFO  server.RaftServerConfigKeys (ConfUtils.java:logGet(43)) - raft.server.log.write.buffer.size = 33554432 (custom)
2019-07-14 01:10:14,288 INFO  server.RaftServerConfigKeys (ConfUtils.java:logGet(43)) - raft.server.log.segment.size.max = 1048576 (custom)
2019-07-14 01:10:14,289 INFO  server.RaftServerConfigKeys (ConfUtils.java:logGet(43)) - raft.server.log.force.sync.num = 128 (default)
2019-07-14 01:10:14,289 INFO  segmented.SegmentedRaftLogWorker (SegmentedRaftLogWorker.java:<init>(172)) - new 781083b1-751b-473f-a6ec-84f01521c523-SegmentedRaftLogWorker:Storage Directory /tmp/workdir/hadoop-ozone/integration-test/target/test-dir/MiniOzoneClusterImpl-7d291438-c8fc-43b5-90e6-bf32aa58510a/datanode-4/data/ratis/c1823fcc-9898-460c-a134-1809d5f21526 for RaftStorage:Storage Directory /tmp/workdir/hadoop-ozone/integration-test/target/test-dir/MiniOzoneClusterImpl-7d291438-c8fc-43b5-90e6-bf32aa58510a/datanode-4/data/ratis/c1823fcc-9898-460c-a134-1809d5f21526
2019-07-14 01:10:14,289 INFO  server.RaftServerConfigKeys (ConfUtils.java:logGet(43)) - raft.server.log.statemachine.data.sync = true (default)
2019-07-14 01:10:14,290 INFO  server.RaftServerConfigKeys (ConfUtils.java:logGet(43)) - raft.server.log.statemachine.data.sync.timeout = 10s (default)
2019-07-14 01:10:14,289 INFO  server.RaftServerConfigKeys (ConfUtils.java:logGet(43)) - raft.server.log.segment.cache.num.max = 2 (custom)
2019-07-14 01:10:14,290 INFO  server.RaftServerConfigKeys (ConfUtils.java:logGet(43)) - raft.server.log.statemachine.data.sync.timeout.retry = -1 (default)
2019-07-14 01:10:14,289 INFO  server.RaftServerConfigKeys (ConfUtils.java:logGet(43)) - raft.server.log.queue.byte-limit = 2147483647 (custom)
2019-07-14 01:10:14,290 INFO  server.RaftServerConfigKeys (ConfUtils.java:logGet(43)) - raft.server.log.statemachine.data.caching.enabled = true (custom)
2019-07-14 01:10:14,290 INFO  segmented.SegmentedRaftLogWorker (SegmentedRaftLogWorker.java:<init>(172)) - new 60495572-bdb4-4166-a9f8-8e0b44435d6e-SegmentedRaftLogWorker:Storage Directory /tmp/workdir/hadoop-ozone/integration-test/target/test-dir/MiniOzoneClusterImpl-7d291438-c8fc-43b5-90e6-bf32aa58510a/datanode-5/data/ratis/c1823fcc-9898-460c-a134-1809d5f21526 for RaftStorage:Storage Directory /tmp/workdir/hadoop-ozone/integration-test/target/test-dir/MiniOzoneClusterImpl-7d291438-c8fc-43b5-90e6-bf32aa58510a/datanode-5/data/ratis/c1823fcc-9898-460c-a134-1809d5f21526
2019-07-14 01:10:14,290 INFO  segmented.SegmentedRaftLogWorker (SegmentedRaftLogWorker.java:lambda$new$0(132)) - 529c5652-087d-4c43-9294-d00b840a14af-SegmentedRaftLogWorker:Storage Directory /tmp/workdir/hadoop-ozone/integration-test/target/test-dir/MiniOzoneClusterImpl-7d291438-c8fc-43b5-90e6-bf32aa58510a/datanode-3/data/ratis/c1823fcc-9898-460c-a134-1809d5f21526: flushIndex: setUnconditionally 0 -> -1
2019-07-14 01:10:14,290 INFO  server.RaftServerConfigKeys (ConfUtils.java:logGet(43)) - raft.server.log.queue.element-limit = 1024 (custom)
2019-07-14 01:10:14,291 INFO  server.RaftServerConfigKeys (ConfUtils.java:logGet(43)) - raft.server.log.queue.byte-limit = 2147483647 (custom)
2019-07-14 01:10:14,291 INFO  server.RaftServerConfigKeys (ConfUtils.java:logGet(43)) - raft.server.snapshot.auto.trigger.enabled = true (custom)
2019-07-14 01:10:14,291 INFO  server.RaftServerConfigKeys (ConfUtils.java:logGet(43)) - raft.server.log.segment.size.max = 1048576 (custom)
2019-07-14 01:10:14,291 INFO  server.RaftServerConfigKeys (ConfUtils.java:logGet(43)) - raft.server.snapshot.auto.trigger.threshold = 10000 (custom)
2019-07-14 01:10:14,291 INFO  server.RaftServerConfigKeys (ConfUtils.java:logGet(43)) - raft.server.log.queue.element-limit = 1024 (custom)
2019-07-14 01:10:14,291 INFO  server.RaftServerConfigKeys (ConfUtils.java:logGet(43)) - raft.server.retrycache.expirytime = 600000ms (custom)
2019-07-14 01:10:14,291 INFO  server.RaftServerConfigKeys (ConfUtils.java:logGet(43)) - raft.server.log.preallocated.size = 16384 (custom)
2019-07-14 01:10:14,292 INFO  impl.RaftServerImpl (RaftServerImpl.java:start(180)) - 529c5652-087d-4c43-9294-d00b840a14af: start group-1809D5F21526
2019-07-14 01:10:14,292 INFO  server.RaftServerConfigKeys (ConfUtils.java:logGet(43)) - raft.server.log.segment.size.max = 1048576 (custom)
2019-07-14 01:10:14,292 INFO  impl.RaftServerImpl (RaftServerImpl.java:setRole(171)) - 529c5652-087d-4c43-9294-d00b840a14af:group-1809D5F21526 changes role from null to FOLLOWER at term 0 for startAsFollower
2019-07-14 01:10:14,292 INFO  server.RaftServerConfigKeys (ConfUtils.java:logGet(43)) - raft.server.log.write.buffer.size = 33554432 (custom)
2019-07-14 01:10:14,292 INFO  impl.RoleInfo (RoleInfo.java:updateAndGet(143)) - 529c5652-087d-4c43-9294-d00b840a14af: start FollowerState
2019-07-14 01:10:14,292 INFO  server.RaftServerConfigKeys (ConfUtils.java:logGet(43)) - raft.server.log.preallocated.size = 16384 (custom)
2019-07-14 01:10:14,292 INFO  server.RaftServerConfigKeys (ConfUtils.java:logGet(43)) - raft.server.log.force.sync.num = 128 (default)
2019-07-14 01:10:14,293 INFO  util.JmxRegister (JmxRegister.java:tryRegister(44)) - Successfully registered JMX Bean with object name Ratis:service=RaftServer,group=group-1809D5F21526,id=529c5652-087d-4c43-9294-d00b840a14af
2019-07-14 01:10:14,293 INFO  server.RaftServerConfigKeys (ConfUtils.java:logGet(43)) - raft.server.log.write.buffer.size = 33554432 (custom)
2019-07-14 01:10:14,293 INFO  server.RaftServerConfigKeys (ConfUtils.java:logGet(43)) - raft.server.log.statemachine.data.sync = true (default)
2019-07-14 01:10:14,293 INFO  server.RaftServerConfigKeys (ConfUtils.java:logGet(43)) - raft.server.log.force.sync.num = 128 (default)
2019-07-14 01:10:14,293 INFO  server.RaftServerConfigKeys (ConfUtils.java:logGet(43)) - raft.server.log.statemachine.data.sync.timeout = 10s (default)
2019-07-14 01:10:14,293 INFO  server.RaftServerConfigKeys (ConfUtils.java:logGet(43)) - raft.server.log.statemachine.data.sync = true (default)
2019-07-14 01:10:14,294 INFO  server.RaftServerConfigKeys (ConfUtils.java:logGet(43)) - raft.server.log.statemachine.data.sync.timeout.retry = -1 (default)
2019-07-14 01:10:14,294 INFO  server.RaftServerConfigKeys (ConfUtils.java:logGet(43)) - raft.server.log.statemachine.data.sync.timeout = 10s (default)
2019-07-14 01:10:14,294 INFO  server.RaftServerConfigKeys (ConfUtils.java:logGet(43)) - raft.server.log.statemachine.data.caching.enabled = true (custom)
2019-07-14 01:10:14,294 INFO  server.RaftServerConfigKeys (ConfUtils.java:logGet(43)) - raft.server.log.statemachine.data.sync.timeout.retry = -1 (default)
2019-07-14 01:10:14,297 INFO  segmented.SegmentedRaftLogWorker (SegmentedRaftLogWorker.java:lambda$new$0(132)) - 781083b1-751b-473f-a6ec-84f01521c523-SegmentedRaftLogWorker:Storage Directory /tmp/workdir/hadoop-ozone/integration-test/target/test-dir/MiniOzoneClusterImpl-7d291438-c8fc-43b5-90e6-bf32aa58510a/datanode-4/data/ratis/c1823fcc-9898-460c-a134-1809d5f21526: flushIndex: setUnconditionally 0 -> -1
2019-07-14 01:10:14,297 INFO  server.RaftServerConfigKeys (ConfUtils.java:logGet(43)) - raft.server.log.statemachine.data.caching.enabled = true (custom)
2019-07-14 01:10:14,297 INFO  server.RaftServerConfigKeys (ConfUtils.java:logGet(43)) - raft.server.snapshot.auto.trigger.enabled = true (custom)
2019-07-14 01:10:14,297 INFO  segmented.SegmentedRaftLogWorker (SegmentedRaftLogWorker.java:lambda$new$0(132)) - 60495572-bdb4-4166-a9f8-8e0b44435d6e-SegmentedRaftLogWorker:Storage Directory /tmp/workdir/hadoop-ozone/integration-test/target/test-dir/MiniOzoneClusterImpl-7d291438-c8fc-43b5-90e6-bf32aa58510a/datanode-5/data/ratis/c1823fcc-9898-460c-a134-1809d5f21526: flushIndex: setUnconditionally 0 -> -1
2019-07-14 01:10:14,297 INFO  server.RaftServerConfigKeys (ConfUtils.java:logGet(43)) - raft.server.snapshot.auto.trigger.threshold = 10000 (custom)
2019-07-14 01:10:14,298 INFO  server.RaftServerConfigKeys (ConfUtils.java:logGet(43)) - raft.server.retrycache.expirytime = 600000ms (custom)
2019-07-14 01:10:14,298 INFO  server.RaftServerConfigKeys (ConfUtils.java:logGet(43)) - raft.server.snapshot.auto.trigger.enabled = true (custom)
2019-07-14 01:10:14,298 INFO  impl.RaftServerImpl (RaftServerImpl.java:start(180)) - 781083b1-751b-473f-a6ec-84f01521c523: start group-1809D5F21526
2019-07-14 01:10:14,298 INFO  server.RaftServerConfigKeys (ConfUtils.java:logGet(43)) - raft.server.snapshot.auto.trigger.threshold = 10000 (custom)
2019-07-14 01:10:14,298 INFO  impl.RaftServerImpl (RaftServerImpl.java:setRole(171)) - 781083b1-751b-473f-a6ec-84f01521c523:group-1809D5F21526 changes role from null to FOLLOWER at term 0 for startAsFollower
2019-07-14 01:10:14,298 INFO  server.RaftServerConfigKeys (ConfUtils.java:logGet(43)) - raft.server.retrycache.expirytime = 600000ms (custom)
2019-07-14 01:10:14,298 INFO  impl.RoleInfo (RoleInfo.java:updateAndGet(143)) - 781083b1-751b-473f-a6ec-84f01521c523: start FollowerState
2019-07-14 01:10:14,299 INFO  impl.RaftServerImpl (RaftServerImpl.java:start(180)) - 60495572-bdb4-4166-a9f8-8e0b44435d6e: start group-1809D5F21526
2019-07-14 01:10:14,299 INFO  impl.RaftServerImpl (RaftServerImpl.java:setRole(171)) - 60495572-bdb4-4166-a9f8-8e0b44435d6e:group-1809D5F21526 changes role from null to FOLLOWER at term 0 for startAsFollower
2019-07-14 01:10:14,299 INFO  impl.RoleInfo (RoleInfo.java:updateAndGet(143)) - 60495572-bdb4-4166-a9f8-8e0b44435d6e: start FollowerState
2019-07-14 01:10:14,299 INFO  util.JmxRegister (JmxRegister.java:tryRegister(44)) - Successfully registered JMX Bean with object name Ratis:service=RaftServer,group=group-1809D5F21526,id=781083b1-751b-473f-a6ec-84f01521c523
2019-07-14 01:10:14,299 INFO  util.JmxRegister (JmxRegister.java:tryRegister(44)) - Successfully registered JMX Bean with object name Ratis:service=RaftServer,group=group-1809D5F21526,id=60495572-bdb4-4166-a9f8-8e0b44435d6e
2019-07-14 01:10:14,306 INFO  pipeline.PipelineStateManager (PipelineStateManager.java:addPipeline(56)) - Created pipeline Pipeline[ Id: c1823fcc-9898-460c-a134-1809d5f21526, Nodes: 60495572-bdb4-4166-a9f8-8e0b44435d6e{ip: 192.168.157.230, host: trunk-nightly-sxkq5-3320257302, networkLocation: /default-rack, certSerialId: null}529c5652-087d-4c43-9294-d00b840a14af{ip: 192.168.157.230, host: trunk-nightly-sxkq5-3320257302, networkLocation: /default-rack, certSerialId: null}781083b1-751b-473f-a6ec-84f01521c523{ip: 192.168.157.230, host: trunk-nightly-sxkq5-3320257302, networkLocation: /default-rack, certSerialId: null}, Type:RATIS, Factor:THREE, State:OPEN]
2019-07-14 01:10:14,368 INFO  ozone.MiniOzoneClusterImpl (MiniOzoneClusterImpl.java:lambda$waitForClusterToBeReady$0(142)) - Waiting for cluster to be ready. Got 6 of 7 DN Heartbeats.
2019-07-14 01:10:14,371 INFO  node.SCMNodeManager (SCMNodeManager.java:register(269)) - Registered Data node : 48a93c1a-6046-466c-85bd-d77ccfbd25b0{ip: 192.168.157.230, host: trunk-nightly-sxkq5-3320257302, networkLocation: /default-rack, certSerialId: null}
2019-07-14 01:10:14,380 INFO  impl.RaftServerProxy (RaftServerProxy.java:addNew(89)) - 48a93c1a-6046-466c-85bd-d77ccfbd25b0: addNew group-7AB39A30BB5A:[48a93c1a-6046-466c-85bd-d77ccfbd25b0:192.168.157.230:39300] returns group-7AB39A30BB5A:java.util.concurrent.CompletableFuture@496321c8[Not completed]
2019-07-14 01:10:14,380 INFO  impl.RaftServerImpl (RaftServerImpl.java:<init>(93)) - 48a93c1a-6046-466c-85bd-d77ccfbd25b0: new RaftServerImpl for group-7AB39A30BB5A:[48a93c1a-6046-466c-85bd-d77ccfbd25b0:192.168.157.230:39300] with ContainerStateMachine:uninitialized
2019-07-14 01:10:14,381 INFO  server.RaftServerConfigKeys (ConfUtils.java:logGet(43)) - raft.server.rpc.timeout.min = 5s (custom)
2019-07-14 01:10:14,381 INFO  server.RaftServerConfigKeys (ConfUtils.java:logGet(43)) - raft.server.rpc.timeout.max = 5200ms (custom)
2019-07-14 01:10:14,381 INFO  server.RaftServerConfigKeys (ConfUtils.java:logGet(43)) - raft.server.rpcslowness.timeout = 120s (custom)
2019-07-14 01:10:14,381 INFO  server.RaftServerConfigKeys (ConfUtils.java:logGet(43)) - raft.server.sleep.deviation.threshold = 300 (default)
2019-07-14 01:10:14,381 INFO  server.RaftServerConfigKeys (ConfUtils.java:logGet(43)) - raft.server.log.appender.install.snapshot.enabled = false (custom)
2019-07-14 01:10:14,381 INFO  impl.RaftServerImpl (ServerState.java:<init>(105)) - 48a93c1a-6046-466c-85bd-d77ccfbd25b0:group-7AB39A30BB5A ConfigurationManager, init=-1: [48a93c1a-6046-466c-85bd-d77ccfbd25b0:192.168.157.230:39300], old=null, confs=<EMPTY_MAP>
2019-07-14 01:10:14,381 INFO  server.RaftServerConfigKeys (ConfUtils.java:logGet(43)) - raft.server.storage.dir = [/tmp/workdir/hadoop-ozone/integration-test/target/test-dir/MiniOzoneClusterImpl-7d291438-c8fc-43b5-90e6-bf32aa58510a/datanode-6/data/ratis] (custom)
2019-07-14 01:10:14,382 INFO  storage.RaftStorageDirectory (RaftStorageDirectory.java:analyzeStorage(246)) - The storage directory /tmp/workdir/hadoop-ozone/integration-test/target/test-dir/MiniOzoneClusterImpl-7d291438-c8fc-43b5-90e6-bf32aa58510a/datanode-6/data/ratis/32315342-7fee-40f8-ad45-7ab39a30bb5a does not exist. Creating ...
2019-07-14 01:10:14,395 INFO  storage.RaftStorageDirectory (RaftStorageDirectory.java:tryLock(328)) - Lock on /tmp/workdir/hadoop-ozone/integration-test/target/test-dir/MiniOzoneClusterImpl-7d291438-c8fc-43b5-90e6-bf32aa58510a/datanode-6/data/ratis/32315342-7fee-40f8-ad45-7ab39a30bb5a/in_use.lock acquired by nodename 26095@trunk-nightly-sxkq5-3320257302
2019-07-14 01:10:14,412 INFO  storage.RaftStorage (RaftStorage.java:format(72)) - Storage directory /tmp/workdir/hadoop-ozone/integration-test/target/test-dir/MiniOzoneClusterImpl-7d291438-c8fc-43b5-90e6-bf32aa58510a/datanode-6/data/ratis/32315342-7fee-40f8-ad45-7ab39a30bb5a has been successfully formatted.
2019-07-14 01:10:14,413 INFO  ratis.ContainerStateMachine (ContainerStateMachine.java:loadSnapshot(200)) - The snapshot info is null.Setting the last applied index to:(t:0, i:~)
2019-07-14 01:10:14,413 INFO  server.RaftServerConfigKeys (ConfUtils.java:logGet(43)) - raft.server.leader.election.timeout = 120s (custom)
2019-07-14 01:10:14,413 INFO  server.RaftServerConfigKeys (ConfUtils.java:logGet(43)) - raft.server.log.use.memory = false (default)
2019-07-14 01:10:14,413 INFO  server.RaftServerConfigKeys (ConfUtils.java:logGet(43)) - raft.server.log.purge.gap = 1000000000 (custom)
2019-07-14 01:10:14,413 INFO  server.RaftServerConfigKeys (ConfUtils.java:logGet(43)) - raft.server.log.appender.buffer.byte-limit = 33554432 (custom)
2019-07-14 01:10:14,413 INFO  server.RaftServerConfigKeys (ConfUtils.java:logGet(43)) - raft.server.log.segment.size.max = 1048576 (custom)
2019-07-14 01:10:14,413 INFO  server.RaftServerConfigKeys (ConfUtils.java:logGet(43)) - raft.server.log.segment.cache.num.max = 2 (custom)
2019-07-14 01:10:14,414 INFO  segmented.SegmentedRaftLogWorker (SegmentedRaftLogWorker.java:<init>(172)) - new 48a93c1a-6046-466c-85bd-d77ccfbd25b0-SegmentedRaftLogWorker:Storage Directory /tmp/workdir/hadoop-ozone/integration-test/target/test-dir/MiniOzoneClusterImpl-7d291438-c8fc-43b5-90e6-bf32aa58510a/datanode-6/data/ratis/32315342-7fee-40f8-ad45-7ab39a30bb5a for RaftStorage:Storage Directory /tmp/workdir/hadoop-ozone/integration-test/target/test-dir/MiniOzoneClusterImpl-7d291438-c8fc-43b5-90e6-bf32aa58510a/datanode-6/data/ratis/32315342-7fee-40f8-ad45-7ab39a30bb5a
2019-07-14 01:10:14,414 INFO  server.RaftServerConfigKeys (ConfUtils.java:logGet(43)) - raft.server.log.queue.byte-limit = 2147483647 (custom)
2019-07-14 01:10:14,414 INFO  server.RaftServerConfigKeys (ConfUtils.java:logGet(43)) - raft.server.log.queue.element-limit = 1024 (custom)
2019-07-14 01:10:14,414 INFO  server.RaftServerConfigKeys (ConfUtils.java:logGet(43)) - raft.server.log.segment.size.max = 1048576 (custom)
2019-07-14 01:10:14,414 INFO  server.RaftServerConfigKeys (ConfUtils.java:logGet(43)) - raft.server.log.preallocated.size = 16384 (custom)
2019-07-14 01:10:14,414 INFO  server.RaftServerConfigKeys (ConfUtils.java:logGet(43)) - raft.server.log.write.buffer.size = 33554432 (custom)
2019-07-14 01:10:14,415 INFO  server.RaftServerConfigKeys (ConfUtils.java:logGet(43)) - raft.server.log.force.sync.num = 128 (default)
2019-07-14 01:10:14,415 INFO  server.RaftServerConfigKeys (ConfUtils.java:logGet(43)) - raft.server.log.statemachine.data.sync = true (default)
2019-07-14 01:10:14,415 INFO  server.RaftServerConfigKeys (ConfUtils.java:logGet(43)) - raft.server.log.statemachine.data.sync.timeout = 10s (default)
2019-07-14 01:10:14,415 INFO  server.RaftServerConfigKeys (ConfUtils.java:logGet(43)) - raft.server.log.statemachine.data.sync.timeout.retry = -1 (default)
2019-07-14 01:10:14,415 INFO  server.RaftServerConfigKeys (ConfUtils.java:logGet(43)) - raft.server.log.statemachine.data.caching.enabled = true (custom)
2019-07-14 01:10:14,416 INFO  segmented.SegmentedRaftLogWorker (SegmentedRaftLogWorker.java:lambda$new$0(132)) - 48a93c1a-6046-466c-85bd-d77ccfbd25b0-SegmentedRaftLogWorker:Storage Directory /tmp/workdir/hadoop-ozone/integration-test/target/test-dir/MiniOzoneClusterImpl-7d291438-c8fc-43b5-90e6-bf32aa58510a/datanode-6/data/ratis/32315342-7fee-40f8-ad45-7ab39a30bb5a: flushIndex: setUnconditionally 0 -> -1
2019-07-14 01:10:14,416 INFO  server.RaftServerConfigKeys (ConfUtils.java:logGet(43)) - raft.server.snapshot.auto.trigger.enabled = true (custom)
2019-07-14 01:10:14,416 INFO  server.RaftServerConfigKeys (ConfUtils.java:logGet(43)) - raft.server.snapshot.auto.trigger.threshold = 10000 (custom)
2019-07-14 01:10:14,416 INFO  server.RaftServerConfigKeys (ConfUtils.java:logGet(43)) - raft.server.retrycache.expirytime = 600000ms (custom)
2019-07-14 01:10:14,416 INFO  impl.RaftServerImpl (RaftServerImpl.java:start(180)) - 48a93c1a-6046-466c-85bd-d77ccfbd25b0: start group-7AB39A30BB5A
2019-07-14 01:10:14,416 INFO  impl.RaftServerImpl (RaftServerImpl.java:setRole(171)) - 48a93c1a-6046-466c-85bd-d77ccfbd25b0:group-7AB39A30BB5A changes role from null to FOLLOWER at term 0 for startAsFollower
2019-07-14 01:10:14,417 INFO  impl.RoleInfo (RoleInfo.java:updateAndGet(143)) - 48a93c1a-6046-466c-85bd-d77ccfbd25b0: start FollowerState
2019-07-14 01:10:14,417 INFO  util.JmxRegister (JmxRegister.java:tryRegister(44)) - Successfully registered JMX Bean with object name Ratis:service=RaftServer,group=group-7AB39A30BB5A,id=48a93c1a-6046-466c-85bd-d77ccfbd25b0
2019-07-14 01:10:14,421 INFO  pipeline.PipelineStateManager (PipelineStateManager.java:addPipeline(56)) - Created pipeline Pipeline[ Id: 32315342-7fee-40f8-ad45-7ab39a30bb5a, Nodes: 48a93c1a-6046-466c-85bd-d77ccfbd25b0{ip: 192.168.157.230, host: trunk-nightly-sxkq5-3320257302, networkLocation: /default-rack, certSerialId: null}, Type:RATIS, Factor:ONE, State:OPEN]
2019-07-14 01:10:15,369 INFO  ozone.MiniOzoneClusterImpl (MiniOzoneClusterImpl.java:lambda$waitForClusterToBeReady$0(142)) - Cluster is ready. Got 7 of 7 DN Heartbeats.
2019-07-14 01:10:15,409 INFO  rpc.RpcClient (RpcClient.java:createVolume(287)) - Creating Volume: testblockoutputstream, with jenkins1000 as owner.
2019-07-14 01:10:15,424 INFO  rpc.RpcClient (RpcClient.java:createBucket(424)) - Creating Bucket: testblockoutputstream/testblockoutputstream, with Versioning false and Storage Type set to DISK and Encryption set to false 
2019-07-14 01:10:15,453 INFO  client.GrpcClientProtocolClient (GrpcClientProtocolClient.java:onNext(255)) - client-F01F2ABC9449->5001e5eb-6200-4408-ae3c-b813a259b656: receive RaftClientReply:client-F01F2ABC9449->5001e5eb-6200-4408-ae3c-b813a259b656@group-EC8D47BE6218, cid=169, FAILED org.apache.ratis.protocol.NotLeaderException: Server 5001e5eb-6200-4408-ae3c-b813a259b656 is not the leader (null). Request must be sent to leader., logIndex=0, commits[5001e5eb-6200-4408-ae3c-b813a259b656:c-1]
2019-07-14 01:10:16,236 INFO  container.ReplicationManager (ReplicationManager.java:start(155)) - Starting Replication Monitor Thread.
2019-07-14 01:10:16,246 INFO  container.ReplicationManager (ReplicationManager.java:run(207)) - Replication Monitor Thread took 0 milliseconds for processing 1 containers.
2019-07-14 01:10:16,474 INFO  client.GrpcClientProtocolClient (GrpcClientProtocolClient.java:onNext(255)) - client-F01F2ABC9449->37063b8d-e7d5-49a0-8b83-6f3d88b53f13: receive RaftClientReply:client-F01F2ABC9449->37063b8d-e7d5-49a0-8b83-6f3d88b53f13@group-EC8D47BE6218, cid=169, FAILED org.apache.ratis.protocol.NotLeaderException: Server 37063b8d-e7d5-49a0-8b83-6f3d88b53f13 is not the leader (null). Request must be sent to leader., logIndex=0, commits[37063b8d-e7d5-49a0-8b83-6f3d88b53f13:c-1]
2019-07-14 01:10:17,490 INFO  client.GrpcClientProtocolClient (GrpcClientProtocolClient.java:onNext(255)) - client-F01F2ABC9449->04e26599-00cd-4baf-a081-2fcb687f0173: receive RaftClientReply:client-F01F2ABC9449->04e26599-00cd-4baf-a081-2fcb687f0173@group-EC8D47BE6218, cid=169, FAILED org.apache.ratis.protocol.NotLeaderException: Server 04e26599-00cd-4baf-a081-2fcb687f0173 is not the leader (null). Request must be sent to leader., logIndex=0, commits[04e26599-00cd-4baf-a081-2fcb687f0173:c-1]
2019-07-14 01:10:18,295 INFO  impl.FollowerState (FollowerState.java:run(106)) - 5001e5eb-6200-4408-ae3c-b813a259b656:group-1BD0479D7F53 changes to CANDIDATE, lastRpcTime:5006, electionTimeout:5006ms
2019-07-14 01:10:18,295 INFO  impl.RoleInfo (RoleInfo.java:shutdownFollowerState(121)) - 5001e5eb-6200-4408-ae3c-b813a259b656: shutdown FollowerState
2019-07-14 01:10:18,295 INFO  impl.RaftServerImpl (RaftServerImpl.java:setRole(171)) - 5001e5eb-6200-4408-ae3c-b813a259b656:group-1BD0479D7F53 changes role from FOLLOWER to CANDIDATE at term 0 for changeToCandidate
2019-07-14 01:10:18,296 INFO  impl.RoleInfo (RoleInfo.java:updateAndGet(143)) - 5001e5eb-6200-4408-ae3c-b813a259b656: start LeaderElection
2019-07-14 01:10:18,318 INFO  impl.LeaderElection (LeaderElection.java:askForVotes(181)) - 5001e5eb-6200-4408-ae3c-b813a259b656:group-1BD0479D7F53:LeaderElection57: begin an election at term 1 for -1: [5001e5eb-6200-4408-ae3c-b813a259b656:192.168.157.230:38029], old=null
2019-07-14 01:10:18,318 INFO  impl.RoleInfo (RoleInfo.java:shutdownLeaderElection(134)) - 5001e5eb-6200-4408-ae3c-b813a259b656: shutdown LeaderElection
2019-07-14 01:10:18,318 INFO  impl.RaftServerImpl (RaftServerImpl.java:setRole(171)) - 5001e5eb-6200-4408-ae3c-b813a259b656:group-1BD0479D7F53 changes role from CANDIDATE to LEADER at term 1 for changeToLeader
2019-07-14 01:10:18,318 INFO  impl.RaftServerImpl (ServerState.java:setLeader(263)) - 5001e5eb-6200-4408-ae3c-b813a259b656:group-1BD0479D7F53 change Leader from null to 5001e5eb-6200-4408-ae3c-b813a259b656 at term 1 for becomeLeader, leader elected after 5034ms
2019-07-14 01:10:18,321 INFO  server.RaftServerConfigKeys (ConfUtils.java:logGet(43)) - raft.server.staging.catchup.gap = 1000 (default)
2019-07-14 01:10:18,321 INFO  server.RaftServerConfigKeys (ConfUtils.java:logGet(43)) - raft.server.rpc.sleep.time = 25ms (default)
2019-07-14 01:10:18,321 INFO  server.RaftServerConfigKeys (ConfUtils.java:logGet(43)) - raft.server.write.element-limit = 4096 (default)
2019-07-14 01:10:18,322 INFO  server.RaftServerConfigKeys (ConfUtils.java:logGet(43)) - raft.server.watch.timeout = 10s (default)
2019-07-14 01:10:18,322 INFO  server.RaftServerConfigKeys (ConfUtils.java:logGet(43)) - raft.server.watch.timeout.denomination = 1s (default)
2019-07-14 01:10:18,322 INFO  server.RaftServerConfigKeys (ConfUtils.java:logGet(43)) - raft.server.watch.element-limit = 65536 (default)
2019-07-14 01:10:18,322 INFO  impl.RoleInfo (RoleInfo.java:updateAndGet(143)) - 5001e5eb-6200-4408-ae3c-b813a259b656: start LeaderState
2019-07-14 01:10:18,323 INFO  segmented.SegmentedRaftLogWorker (SegmentedRaftLogWorker.java:startLogSegment(380)) - 5001e5eb-6200-4408-ae3c-b813a259b656-SegmentedRaftLogWorker:Storage Directory /tmp/workdir/hadoop-ozone/integration-test/target/test-dir/MiniOzoneClusterImpl-7d291438-c8fc-43b5-90e6-bf32aa58510a/datanode-0/data/ratis/7362da01-716e-4744-8d0c-1bd0479d7f53: Starting segment from index:0
2019-07-14 01:10:18,324 INFO  impl.RaftServerImpl (ServerState.java:setRaftConf(361)) - 5001e5eb-6200-4408-ae3c-b813a259b656:group-1BD0479D7F53 set configuration 0: [5001e5eb-6200-4408-ae3c-b813a259b656:192.168.157.230:38029], old=null at 0
2019-07-14 01:10:18,353 INFO  segmented.SegmentedRaftLogWorker (SegmentedRaftLogWorker.java:execute(569)) - 5001e5eb-6200-4408-ae3c-b813a259b656-SegmentedRaftLogWorker:Storage Directory /tmp/workdir/hadoop-ozone/integration-test/target/test-dir/MiniOzoneClusterImpl-7d291438-c8fc-43b5-90e6-bf32aa58510a/datanode-0/data/ratis/7362da01-716e-4744-8d0c-1bd0479d7f53: created new log segment /tmp/workdir/hadoop-ozone/integration-test/target/test-dir/MiniOzoneClusterImpl-7d291438-c8fc-43b5-90e6-bf32aa58510a/datanode-0/data/ratis/7362da01-716e-4744-8d0c-1bd0479d7f53/current/log_inprogress_0
2019-07-14 01:10:18,522 INFO  client.GrpcClientProtocolClient (GrpcClientProtocolClient.java:onNext(255)) - client-F01F2ABC9449->5001e5eb-6200-4408-ae3c-b813a259b656: receive RaftClientReply:client-F01F2ABC9449->5001e5eb-6200-4408-ae3c-b813a259b656@group-EC8D47BE6218, cid=169, FAILED org.apache.ratis.protocol.NotLeaderException: Server 5001e5eb-6200-4408-ae3c-b813a259b656 is not the leader (null). Request must be sent to leader., logIndex=0, commits[5001e5eb-6200-4408-ae3c-b813a259b656:c-1]
2019-07-14 01:10:18,575 INFO  impl.FollowerState (FollowerState.java:run(106)) - 04e26599-00cd-4baf-a081-2fcb687f0173:group-E88CD6E09154 changes to CANDIDATE, lastRpcTime:5154, electionTimeout:5154ms
2019-07-14 01:10:18,576 INFO  impl.RoleInfo (RoleInfo.java:shutdownFollowerState(121)) - 04e26599-00cd-4baf-a081-2fcb687f0173: shutdown FollowerState
2019-07-14 01:10:18,576 INFO  impl.RaftServerImpl (RaftServerImpl.java:setRole(171)) - 04e26599-00cd-4baf-a081-2fcb687f0173:group-E88CD6E09154 changes role from FOLLOWER to CANDIDATE at term 0 for changeToCandidate
2019-07-14 01:10:18,576 INFO  impl.RoleInfo (RoleInfo.java:updateAndGet(143)) - 04e26599-00cd-4baf-a081-2fcb687f0173: start LeaderElection
2019-07-14 01:10:18,608 INFO  impl.LeaderElection (LeaderElection.java:askForVotes(181)) - 04e26599-00cd-4baf-a081-2fcb687f0173:group-E88CD6E09154:LeaderElection58: begin an election at term 1 for -1: [04e26599-00cd-4baf-a081-2fcb687f0173:192.168.157.230:39172], old=null
2019-07-14 01:10:18,609 INFO  impl.RoleInfo (RoleInfo.java:shutdownLeaderElection(134)) - 04e26599-00cd-4baf-a081-2fcb687f0173: shutdown LeaderElection
2019-07-14 01:10:18,609 INFO  impl.RaftServerImpl (RaftServerImpl.java:setRole(171)) - 04e26599-00cd-4baf-a081-2fcb687f0173:group-E88CD6E09154 changes role from CANDIDATE to LEADER at term 1 for changeToLeader
2019-07-14 01:10:18,609 INFO  impl.RaftServerImpl (ServerState.java:setLeader(263)) - 04e26599-00cd-4baf-a081-2fcb687f0173:group-E88CD6E09154 change Leader from null to 04e26599-00cd-4baf-a081-2fcb687f0173 at term 1 for becomeLeader, leader elected after 5192ms
2019-07-14 01:10:18,611 INFO  server.RaftServerConfigKeys (ConfUtils.java:logGet(43)) - raft.server.staging.catchup.gap = 1000 (default)
2019-07-14 01:10:18,611 INFO  server.RaftServerConfigKeys (ConfUtils.java:logGet(43)) - raft.server.rpc.sleep.time = 25ms (default)
2019-07-14 01:10:18,612 INFO  server.RaftServerConfigKeys (ConfUtils.java:logGet(43)) - raft.server.write.element-limit = 4096 (default)
2019-07-14 01:10:18,612 INFO  server.RaftServerConfigKeys (ConfUtils.java:logGet(43)) - raft.server.watch.timeout = 10s (default)
2019-07-14 01:10:18,612 INFO  server.RaftServerConfigKeys (ConfUtils.java:logGet(43)) - raft.server.watch.timeout.denomination = 1s (default)
2019-07-14 01:10:18,612 INFO  server.RaftServerConfigKeys (ConfUtils.java:logGet(43)) - raft.server.watch.element-limit = 65536 (default)
2019-07-14 01:10:18,612 INFO  impl.RoleInfo (RoleInfo.java:updateAndGet(143)) - 04e26599-00cd-4baf-a081-2fcb687f0173: start LeaderState
2019-07-14 01:10:18,613 INFO  segmented.SegmentedRaftLogWorker (SegmentedRaftLogWorker.java:startLogSegment(380)) - 04e26599-00cd-4baf-a081-2fcb687f0173-SegmentedRaftLogWorker:Storage Directory /tmp/workdir/hadoop-ozone/integration-test/target/test-dir/MiniOzoneClusterImpl-7d291438-c8fc-43b5-90e6-bf32aa58510a/datanode-1/data/ratis/14044661-66cd-4141-b24b-e88cd6e09154: Starting segment from index:0
2019-07-14 01:10:18,614 INFO  impl.RaftServerImpl (ServerState.java:setRaftConf(361)) - 04e26599-00cd-4baf-a081-2fcb687f0173:group-E88CD6E09154 set configuration 0: [04e26599-00cd-4baf-a081-2fcb687f0173:192.168.157.230:39172], old=null at 0
2019-07-14 01:10:18,637 INFO  impl.FollowerState (FollowerState.java:run(106)) - 37063b8d-e7d5-49a0-8b83-6f3d88b53f13:group-BBA7ABFE1025 changes to CANDIDATE, lastRpcTime:5045, electionTimeout:5045ms
2019-07-14 01:10:18,637 INFO  impl.RoleInfo (RoleInfo.java:shutdownFollowerState(121)) - 37063b8d-e7d5-49a0-8b83-6f3d88b53f13: shutdown FollowerState
2019-07-14 01:10:18,637 INFO  impl.RaftServerImpl (RaftServerImpl.java:setRole(171)) - 37063b8d-e7d5-49a0-8b83-6f3d88b53f13:group-BBA7ABFE1025 changes role from FOLLOWER to CANDIDATE at term 0 for changeToCandidate
2019-07-14 01:10:18,637 INFO  impl.RoleInfo (RoleInfo.java:updateAndGet(143)) - 37063b8d-e7d5-49a0-8b83-6f3d88b53f13: start LeaderElection
2019-07-14 01:10:18,644 INFO  segmented.SegmentedRaftLogWorker (SegmentedRaftLogWorker.java:execute(569)) - 04e26599-00cd-4baf-a081-2fcb687f0173-SegmentedRaftLogWorker:Storage Directory /tmp/workdir/hadoop-ozone/integration-test/target/test-dir/MiniOzoneClusterImpl-7d291438-c8fc-43b5-90e6-bf32aa58510a/datanode-1/data/ratis/14044661-66cd-4141-b24b-e88cd6e09154: created new log segment /tmp/workdir/hadoop-ozone/integration-test/target/test-dir/MiniOzoneClusterImpl-7d291438-c8fc-43b5-90e6-bf32aa58510a/datanode-1/data/ratis/14044661-66cd-4141-b24b-e88cd6e09154/current/log_inprogress_0
2019-07-14 01:10:18,648 INFO  impl.LeaderElection (LeaderElection.java:askForVotes(181)) - 37063b8d-e7d5-49a0-8b83-6f3d88b53f13:group-BBA7ABFE1025:LeaderElection59: begin an election at term 1 for -1: [37063b8d-e7d5-49a0-8b83-6f3d88b53f13:192.168.157.230:36015], old=null
2019-07-14 01:10:18,648 INFO  impl.RoleInfo (RoleInfo.java:shutdownLeaderElection(134)) - 37063b8d-e7d5-49a0-8b83-6f3d88b53f13: shutdown LeaderElection
2019-07-14 01:10:18,648 INFO  impl.RaftServerImpl (RaftServerImpl.java:setRole(171)) - 37063b8d-e7d5-49a0-8b83-6f3d88b53f13:group-BBA7ABFE1025 changes role from CANDIDATE to LEADER at term 1 for changeToLeader
2019-07-14 01:10:18,649 INFO  impl.RaftServerImpl (ServerState.java:setLeader(263)) - 37063b8d-e7d5-49a0-8b83-6f3d88b53f13:group-BBA7ABFE1025 change Leader from null to 37063b8d-e7d5-49a0-8b83-6f3d88b53f13 at term 1 for becomeLeader, leader elected after 5061ms
2019-07-14 01:10:18,651 INFO  server.RaftServerConfigKeys (ConfUtils.java:logGet(43)) - raft.server.staging.catchup.gap = 1000 (default)
2019-07-14 01:10:18,651 INFO  server.RaftServerConfigKeys (ConfUtils.java:logGet(43)) - raft.server.rpc.sleep.time = 25ms (default)
2019-07-14 01:10:18,652 INFO  server.RaftServerConfigKeys (ConfUtils.java:logGet(43)) - raft.server.write.element-limit = 4096 (default)
2019-07-14 01:10:18,652 INFO  server.RaftServerConfigKeys (ConfUtils.java:logGet(43)) - raft.server.watch.timeout = 10s (default)
2019-07-14 01:10:18,652 INFO  server.RaftServerConfigKeys (ConfUtils.java:logGet(43)) - raft.server.watch.timeout.denomination = 1s (default)
2019-07-14 01:10:18,652 INFO  server.RaftServerConfigKeys (ConfUtils.java:logGet(43)) - raft.server.watch.element-limit = 65536 (default)
2019-07-14 01:10:18,652 INFO  impl.RoleInfo (RoleInfo.java:updateAndGet(143)) - 37063b8d-e7d5-49a0-8b83-6f3d88b53f13: start LeaderState
2019-07-14 01:10:18,653 INFO  segmented.SegmentedRaftLogWorker (SegmentedRaftLogWorker.java:startLogSegment(380)) - 37063b8d-e7d5-49a0-8b83-6f3d88b53f13-SegmentedRaftLogWorker:Storage Directory /tmp/workdir/hadoop-ozone/integration-test/target/test-dir/MiniOzoneClusterImpl-7d291438-c8fc-43b5-90e6-bf32aa58510a/datanode-2/data/ratis/fcd83bcb-ccfb-420e-8e53-bba7abfe1025: Starting segment from index:0
2019-07-14 01:10:18,653 INFO  impl.RaftServerImpl (ServerState.java:setRaftConf(361)) - 37063b8d-e7d5-49a0-8b83-6f3d88b53f13:group-BBA7ABFE1025 set configuration 0: [37063b8d-e7d5-49a0-8b83-6f3d88b53f13:192.168.157.230:36015], old=null at 0
2019-07-14 01:10:18,668 INFO  impl.FollowerState (FollowerState.java:run(106)) - 04e26599-00cd-4baf-a081-2fcb687f0173:group-EC8D47BE6218 changes to CANDIDATE, lastRpcTime:5010, electionTimeout:5010ms
2019-07-14 01:10:18,668 INFO  impl.RoleInfo (RoleInfo.java:shutdownFollowerState(121)) - 04e26599-00cd-4baf-a081-2fcb687f0173: shutdown FollowerState
2019-07-14 01:10:18,669 INFO  impl.RaftServerImpl (RaftServerImpl.java:setRole(171)) - 04e26599-00cd-4baf-a081-2fcb687f0173:group-EC8D47BE6218 changes role from FOLLOWER to CANDIDATE at term 0 for changeToCandidate
2019-07-14 01:10:18,669 INFO  impl.RoleInfo (RoleInfo.java:updateAndGet(143)) - 04e26599-00cd-4baf-a081-2fcb687f0173: start LeaderElection
2019-07-14 01:10:18,677 INFO  impl.FollowerState (FollowerState.java:run(106)) - 37063b8d-e7d5-49a0-8b83-6f3d88b53f13:group-EC8D47BE6218 changes to CANDIDATE, lastRpcTime:5026, electionTimeout:5026ms
2019-07-14 01:10:18,678 INFO  impl.RoleInfo (RoleInfo.java:shutdownFollowerState(121)) - 37063b8d-e7d5-49a0-8b83-6f3d88b53f13: shutdown FollowerState
2019-07-14 01:10:18,678 INFO  impl.RaftServerImpl (RaftServerImpl.java:setRole(171)) - 37063b8d-e7d5-49a0-8b83-6f3d88b53f13:group-EC8D47BE6218 changes role from FOLLOWER to CANDIDATE at term 0 for changeToCandidate
2019-07-14 01:10:18,678 INFO  impl.RoleInfo (RoleInfo.java:updateAndGet(143)) - 37063b8d-e7d5-49a0-8b83-6f3d88b53f13: start LeaderElection
2019-07-14 01:10:18,690 INFO  segmented.SegmentedRaftLogWorker (SegmentedRaftLogWorker.java:execute(569)) - 37063b8d-e7d5-49a0-8b83-6f3d88b53f13-SegmentedRaftLogWorker:Storage Directory /tmp/workdir/hadoop-ozone/integration-test/target/test-dir/MiniOzoneClusterImpl-7d291438-c8fc-43b5-90e6-bf32aa58510a/datanode-2/data/ratis/fcd83bcb-ccfb-420e-8e53-bba7abfe1025: created new log segment /tmp/workdir/hadoop-ozone/integration-test/target/test-dir/MiniOzoneClusterImpl-7d291438-c8fc-43b5-90e6-bf32aa58510a/datanode-2/data/ratis/fcd83bcb-ccfb-420e-8e53-bba7abfe1025/current/log_inprogress_0
2019-07-14 01:10:18,690 INFO  impl.LeaderElection (LeaderElection.java:askForVotes(181)) - 04e26599-00cd-4baf-a081-2fcb687f0173:group-EC8D47BE6218:LeaderElection60: begin an election at term 1 for -1: [5001e5eb-6200-4408-ae3c-b813a259b656:192.168.157.230:38029, 04e26599-00cd-4baf-a081-2fcb687f0173:192.168.157.230:39172, 37063b8d-e7d5-49a0-8b83-6f3d88b53f13:192.168.157.230:36015], old=null
2019-07-14 01:10:18,690 INFO  impl.LeaderElection (LeaderElection.java:askForVotes(181)) - 37063b8d-e7d5-49a0-8b83-6f3d88b53f13:group-EC8D47BE6218:LeaderElection61: begin an election at term 1 for -1: [5001e5eb-6200-4408-ae3c-b813a259b656:192.168.157.230:38029, 04e26599-00cd-4baf-a081-2fcb687f0173:192.168.157.230:39172, 37063b8d-e7d5-49a0-8b83-6f3d88b53f13:192.168.157.230:36015], old=null
2019-07-14 01:10:18,696 INFO  impl.RaftServerImpl (RaftServerImpl.java:setRole(171)) - 5001e5eb-6200-4408-ae3c-b813a259b656:group-EC8D47BE6218 changes role from FOLLOWER to FOLLOWER at term 1 for recognizeCandidate:04e26599-00cd-4baf-a081-2fcb687f0173
2019-07-14 01:10:18,699 INFO  impl.RoleInfo (RoleInfo.java:shutdownFollowerState(121)) - 5001e5eb-6200-4408-ae3c-b813a259b656: shutdown FollowerState
2019-07-14 01:10:18,699 INFO  impl.RoleInfo (RoleInfo.java:updateAndGet(143)) - 5001e5eb-6200-4408-ae3c-b813a259b656: start FollowerState
2019-07-14 01:10:18,700 INFO  impl.FollowerState (FollowerState.java:run(114)) - 5001e5eb-6200-4408-ae3c-b813a259b656: FollowerState was interrupted: java.lang.InterruptedException: sleep interrupted
2019-07-14 01:10:18,728 INFO  impl.LeaderElection (LeaderElection.java:logAndReturn(56)) - 37063b8d-e7d5-49a0-8b83-6f3d88b53f13:group-EC8D47BE6218:LeaderElection61: Election REJECTED; received 2 response(s) [37063b8d-e7d5-49a0-8b83-6f3d88b53f13<-5001e5eb-6200-4408-ae3c-b813a259b656#0:FAIL-t1, 37063b8d-e7d5-49a0-8b83-6f3d88b53f13<-04e26599-00cd-4baf-a081-2fcb687f0173#0:FAIL-t1] and 0 exception(s); 37063b8d-e7d5-49a0-8b83-6f3d88b53f13:t1, leader=null, voted=37063b8d-e7d5-49a0-8b83-6f3d88b53f13, raftlog=37063b8d-e7d5-49a0-8b83-6f3d88b53f13-SegmentedRaftLog:OPENED:c-1,f-1,i0, conf=-1: [5001e5eb-6200-4408-ae3c-b813a259b656:192.168.157.230:38029, 04e26599-00cd-4baf-a081-2fcb687f0173:192.168.157.230:39172, 37063b8d-e7d5-49a0-8b83-6f3d88b53f13:192.168.157.230:36015], old=null
2019-07-14 01:10:18,728 INFO  impl.LeaderElection (LeaderElection.java:logAndReturn(56)) - 04e26599-00cd-4baf-a081-2fcb687f0173:group-EC8D47BE6218:LeaderElection60: Election PASSED; received 2 response(s) [04e26599-00cd-4baf-a081-2fcb687f0173<-5001e5eb-6200-4408-ae3c-b813a259b656#0:OK-t1, 04e26599-00cd-4baf-a081-2fcb687f0173<-37063b8d-e7d5-49a0-8b83-6f3d88b53f13#0:FAIL-t1] and 0 exception(s); 04e26599-00cd-4baf-a081-2fcb687f0173:t1, leader=null, voted=04e26599-00cd-4baf-a081-2fcb687f0173, raftlog=04e26599-00cd-4baf-a081-2fcb687f0173-SegmentedRaftLog:OPENED:c-1,f-1,i0, conf=-1: [5001e5eb-6200-4408-ae3c-b813a259b656:192.168.157.230:38029, 04e26599-00cd-4baf-a081-2fcb687f0173:192.168.157.230:39172, 37063b8d-e7d5-49a0-8b83-6f3d88b53f13:192.168.157.230:36015], old=null
2019-07-14 01:10:18,728 INFO  impl.RaftServerImpl (RaftServerImpl.java:setRole(171)) - 37063b8d-e7d5-49a0-8b83-6f3d88b53f13:group-EC8D47BE6218 changes role from CANDIDATE to FOLLOWER at term 1 for DISCOVERED_A_NEW_TERM
2019-07-14 01:10:18,729 INFO  impl.RoleInfo (RoleInfo.java:shutdownLeaderElection(134)) - 04e26599-00cd-4baf-a081-2fcb687f0173: shutdown LeaderElection
2019-07-14 01:10:18,729 INFO  impl.RoleInfo (RoleInfo.java:shutdownLeaderElection(134)) - 37063b8d-e7d5-49a0-8b83-6f3d88b53f13: shutdown LeaderElection
2019-07-14 01:10:18,729 INFO  impl.RaftServerImpl (RaftServerImpl.java:setRole(171)) - 04e26599-00cd-4baf-a081-2fcb687f0173:group-EC8D47BE6218 changes role from CANDIDATE to LEADER at term 1 for changeToLeader
2019-07-14 01:10:18,729 INFO  impl.RoleInfo (RoleInfo.java:updateAndGet(143)) - 37063b8d-e7d5-49a0-8b83-6f3d88b53f13: start FollowerState
2019-07-14 01:10:18,730 INFO  impl.RaftServerImpl (ServerState.java:setLeader(263)) - 04e26599-00cd-4baf-a081-2fcb687f0173:group-EC8D47BE6218 change Leader from null to 04e26599-00cd-4baf-a081-2fcb687f0173 at term 1 for becomeLeader, leader elected after 5085ms
2019-07-14 01:10:18,730 INFO  server.RaftServerConfigKeys (ConfUtils.java:logGet(43)) - raft.server.staging.catchup.gap = 1000 (default)
2019-07-14 01:10:18,730 INFO  server.RaftServerConfigKeys (ConfUtils.java:logGet(43)) - raft.server.rpc.sleep.time = 25ms (default)
2019-07-14 01:10:18,730 INFO  server.RaftServerConfigKeys (ConfUtils.java:logGet(43)) - raft.server.write.element-limit = 4096 (default)
2019-07-14 01:10:18,730 INFO  server.RaftServerConfigKeys (ConfUtils.java:logGet(43)) - raft.server.watch.timeout = 10s (default)
2019-07-14 01:10:18,730 INFO  server.RaftServerConfigKeys (ConfUtils.java:logGet(43)) - raft.server.watch.timeout.denomination = 1s (default)
2019-07-14 01:10:18,731 INFO  server.RaftServerConfigKeys (ConfUtils.java:logGet(43)) - raft.server.watch.element-limit = 65536 (default)
2019-07-14 01:10:18,731 INFO  server.RaftServerConfigKeys (ConfUtils.java:logGet(43)) - raft.server.log.appender.snapshot.chunk.size.max = 16MB (=16777216) (default)
2019-07-14 01:10:18,731 INFO  server.RaftServerConfigKeys (ConfUtils.java:logGet(43)) - raft.server.log.appender.buffer.byte-limit = 33554432 (custom)
2019-07-14 01:10:18,731 INFO  server.RaftServerConfigKeys (ConfUtils.java:logGet(43)) - raft.server.log.appender.buffer.element-limit = 1 (custom)
2019-07-14 01:10:18,732 INFO  grpc.GrpcConfigKeys$Server (ConfUtils.java:logGet(43)) - raft.grpc.server.leader.outstanding.appends.max = 128 (default)
2019-07-14 01:10:18,732 INFO  server.RaftServerConfigKeys (ConfUtils.java:logGet(43)) - raft.server.rpc.request.timeout = 3000ms (default)
2019-07-14 01:10:18,732 INFO  server.RaftServerConfigKeys (ConfUtils.java:logGet(43)) - raft.server.log.appender.install.snapshot.enabled = false (custom)
2019-07-14 01:10:18,732 INFO  server.RaftServerConfigKeys (ConfUtils.java:logGet(43)) - raft.server.log.appender.snapshot.chunk.size.max = 16MB (=16777216) (default)
2019-07-14 01:10:18,733 INFO  server.RaftServerConfigKeys (ConfUtils.java:logGet(43)) - raft.server.log.appender.buffer.byte-limit = 33554432 (custom)
2019-07-14 01:10:18,733 INFO  server.RaftServerConfigKeys (ConfUtils.java:logGet(43)) - raft.server.log.appender.buffer.element-limit = 1 (custom)
2019-07-14 01:10:18,733 INFO  grpc.GrpcConfigKeys$Server (ConfUtils.java:logGet(43)) - raft.grpc.server.leader.outstanding.appends.max = 128 (default)
2019-07-14 01:10:18,733 INFO  server.RaftServerConfigKeys (ConfUtils.java:logGet(43)) - raft.server.rpc.request.timeout = 3000ms (default)
2019-07-14 01:10:18,733 INFO  server.RaftServerConfigKeys (ConfUtils.java:logGet(43)) - raft.server.log.appender.install.snapshot.enabled = false (custom)
2019-07-14 01:10:18,734 INFO  impl.RoleInfo (RoleInfo.java:updateAndGet(143)) - 04e26599-00cd-4baf-a081-2fcb687f0173: start LeaderState
2019-07-14 01:10:18,734 INFO  segmented.SegmentedRaftLogWorker (SegmentedRaftLogWorker.java:startLogSegment(380)) - 04e26599-00cd-4baf-a081-2fcb687f0173-SegmentedRaftLogWorker:Storage Directory /tmp/workdir/hadoop-ozone/integration-test/target/test-dir/MiniOzoneClusterImpl-7d291438-c8fc-43b5-90e6-bf32aa58510a/datanode-1/data/ratis/7ecdeb48-b027-45f6-9e82-ec8d47be6218: Starting segment from index:0
2019-07-14 01:10:18,735 INFO  impl.RaftServerImpl (ServerState.java:setRaftConf(361)) - 04e26599-00cd-4baf-a081-2fcb687f0173:group-EC8D47BE6218 set configuration 0: [5001e5eb-6200-4408-ae3c-b813a259b656:192.168.157.230:38029, 04e26599-00cd-4baf-a081-2fcb687f0173:192.168.157.230:39172, 37063b8d-e7d5-49a0-8b83-6f3d88b53f13:192.168.157.230:36015], old=null at 0
2019-07-14 01:10:18,771 INFO  segmented.SegmentedRaftLogWorker (SegmentedRaftLogWorker.java:execute(569)) - 04e26599-00cd-4baf-a081-2fcb687f0173-SegmentedRaftLogWorker:Storage Directory /tmp/workdir/hadoop-ozone/integration-test/target/test-dir/MiniOzoneClusterImpl-7d291438-c8fc-43b5-90e6-bf32aa58510a/datanode-1/data/ratis/7ecdeb48-b027-45f6-9e82-ec8d47be6218: created new log segment /tmp/workdir/hadoop-ozone/integration-test/target/test-dir/MiniOzoneClusterImpl-7d291438-c8fc-43b5-90e6-bf32aa58510a/datanode-1/data/ratis/7ecdeb48-b027-45f6-9e82-ec8d47be6218/current/log_inprogress_0
2019-07-14 01:10:18,771 INFO  impl.RaftServerImpl (ServerState.java:setLeader(263)) - 37063b8d-e7d5-49a0-8b83-6f3d88b53f13:group-EC8D47BE6218 change Leader from null to 04e26599-00cd-4baf-a081-2fcb687f0173 at term 1 for appendEntries, leader elected after 5128ms
2019-07-14 01:10:18,772 INFO  impl.RaftServerImpl (ServerState.java:setLeader(263)) - 5001e5eb-6200-4408-ae3c-b813a259b656:group-EC8D47BE6218 change Leader from null to 04e26599-00cd-4baf-a081-2fcb687f0173 at term 1 for appendEntries, leader elected after 5128ms
2019-07-14 01:10:18,774 INFO  impl.RaftServerImpl (ServerState.java:setRaftConf(361)) - 5001e5eb-6200-4408-ae3c-b813a259b656:group-EC8D47BE6218 set configuration 0: [5001e5eb-6200-4408-ae3c-b813a259b656:192.168.157.230:38029, 04e26599-00cd-4baf-a081-2fcb687f0173:192.168.157.230:39172, 37063b8d-e7d5-49a0-8b83-6f3d88b53f13:192.168.157.230:36015], old=null at 0
2019-07-14 01:10:18,774 INFO  impl.RaftServerImpl (ServerState.java:setRaftConf(361)) - 37063b8d-e7d5-49a0-8b83-6f3d88b53f13:group-EC8D47BE6218 set configuration 0: [5001e5eb-6200-4408-ae3c-b813a259b656:192.168.157.230:38029, 04e26599-00cd-4baf-a081-2fcb687f0173:192.168.157.230:39172, 37063b8d-e7d5-49a0-8b83-6f3d88b53f13:192.168.157.230:36015], old=null at 0
2019-07-14 01:10:18,774 INFO  segmented.SegmentedRaftLogWorker (SegmentedRaftLogWorker.java:startLogSegment(380)) - 5001e5eb-6200-4408-ae3c-b813a259b656-SegmentedRaftLogWorker:Storage Directory /tmp/workdir/hadoop-ozone/integration-test/target/test-dir/MiniOzoneClusterImpl-7d291438-c8fc-43b5-90e6-bf32aa58510a/datanode-0/data/ratis/7ecdeb48-b027-45f6-9e82-ec8d47be6218: Starting segment from index:0
2019-07-14 01:10:18,775 INFO  segmented.SegmentedRaftLogWorker (SegmentedRaftLogWorker.java:startLogSegment(380)) - 37063b8d-e7d5-49a0-8b83-6f3d88b53f13-SegmentedRaftLogWorker:Storage Directory /tmp/workdir/hadoop-ozone/integration-test/target/test-dir/MiniOzoneClusterImpl-7d291438-c8fc-43b5-90e6-bf32aa58510a/datanode-2/data/ratis/7ecdeb48-b027-45f6-9e82-ec8d47be6218: Starting segment from index:0
2019-07-14 01:10:18,806 INFO  segmented.SegmentedRaftLogWorker (SegmentedRaftLogWorker.java:execute(569)) - 37063b8d-e7d5-49a0-8b83-6f3d88b53f13-SegmentedRaftLogWorker:Storage Directory /tmp/workdir/hadoop-ozone/integration-test/target/test-dir/MiniOzoneClusterImpl-7d291438-c8fc-43b5-90e6-bf32aa58510a/datanode-2/data/ratis/7ecdeb48-b027-45f6-9e82-ec8d47be6218: created new log segment /tmp/workdir/hadoop-ozone/integration-test/target/test-dir/MiniOzoneClusterImpl-7d291438-c8fc-43b5-90e6-bf32aa58510a/datanode-2/data/ratis/7ecdeb48-b027-45f6-9e82-ec8d47be6218/current/log_inprogress_0
2019-07-14 01:10:18,806 INFO  segmented.SegmentedRaftLogWorker (SegmentedRaftLogWorker.java:execute(569)) - 5001e5eb-6200-4408-ae3c-b813a259b656-SegmentedRaftLogWorker:Storage Directory /tmp/workdir/hadoop-ozone/integration-test/target/test-dir/MiniOzoneClusterImpl-7d291438-c8fc-43b5-90e6-bf32aa58510a/datanode-0/data/ratis/7ecdeb48-b027-45f6-9e82-ec8d47be6218: created new log segment /tmp/workdir/hadoop-ozone/integration-test/target/test-dir/MiniOzoneClusterImpl-7d291438-c8fc-43b5-90e6-bf32aa58510a/datanode-0/data/ratis/7ecdeb48-b027-45f6-9e82-ec8d47be6218/current/log_inprogress_0
2019-07-14 01:10:18,881 INFO  impl.FollowerState (FollowerState.java:run(106)) - 529c5652-087d-4c43-9294-d00b840a14af:group-C010874F3736 changes to CANDIDATE, lastRpcTime:5009, electionTimeout:5009ms
2019-07-14 01:10:18,881 INFO  impl.RoleInfo (RoleInfo.java:shutdownFollowerState(121)) - 529c5652-087d-4c43-9294-d00b840a14af: shutdown FollowerState
2019-07-14 01:10:18,881 INFO  impl.RaftServerImpl (RaftServerImpl.java:setRole(171)) - 529c5652-087d-4c43-9294-d00b840a14af:group-C010874F3736 changes role from FOLLOWER to CANDIDATE at term 0 for changeToCandidate
2019-07-14 01:10:18,881 INFO  impl.RoleInfo (RoleInfo.java:updateAndGet(143)) - 529c5652-087d-4c43-9294-d00b840a14af: start LeaderElection
2019-07-14 01:10:18,904 INFO  impl.LeaderElection (LeaderElection.java:askForVotes(181)) - 529c5652-087d-4c43-9294-d00b840a14af:group-C010874F3736:LeaderElection62: begin an election at term 1 for -1: [529c5652-087d-4c43-9294-d00b840a14af:192.168.157.230:37728], old=null
2019-07-14 01:10:18,904 INFO  impl.RoleInfo (RoleInfo.java:shutdownLeaderElection(134)) - 529c5652-087d-4c43-9294-d00b840a14af: shutdown LeaderElection
2019-07-14 01:10:18,904 INFO  impl.RaftServerImpl (RaftServerImpl.java:setRole(171)) - 529c5652-087d-4c43-9294-d00b840a14af:group-C010874F3736 changes role from CANDIDATE to LEADER at term 1 for changeToLeader
2019-07-14 01:10:18,905 INFO  impl.RaftServerImpl (ServerState.java:setLeader(263)) - 529c5652-087d-4c43-9294-d00b840a14af:group-C010874F3736 change Leader from null to 529c5652-087d-4c43-9294-d00b840a14af at term 1 for becomeLeader, leader elected after 5037ms
2019-07-14 01:10:18,907 INFO  server.RaftServerConfigKeys (ConfUtils.java:logGet(43)) - raft.server.staging.catchup.gap = 1000 (default)
2019-07-14 01:10:18,907 INFO  server.RaftServerConfigKeys (ConfUtils.java:logGet(43)) - raft.server.rpc.sleep.time = 25ms (default)
2019-07-14 01:10:18,907 INFO  server.RaftServerConfigKeys (ConfUtils.java:logGet(43)) - raft.server.write.element-limit = 4096 (default)
2019-07-14 01:10:18,907 INFO  server.RaftServerConfigKeys (ConfUtils.java:logGet(43)) - raft.server.watch.timeout = 10s (default)
2019-07-14 01:10:18,908 INFO  server.RaftServerConfigKeys (ConfUtils.java:logGet(43)) - raft.server.watch.timeout.denomination = 1s (default)
2019-07-14 01:10:18,908 INFO  server.RaftServerConfigKeys (ConfUtils.java:logGet(43)) - raft.server.watch.element-limit = 65536 (default)
2019-07-14 01:10:18,908 INFO  impl.RoleInfo (RoleInfo.java:updateAndGet(143)) - 529c5652-087d-4c43-9294-d00b840a14af: start LeaderState
2019-07-14 01:10:18,908 INFO  segmented.SegmentedRaftLogWorker (SegmentedRaftLogWorker.java:startLogSegment(380)) - 529c5652-087d-4c43-9294-d00b840a14af-SegmentedRaftLogWorker:Storage Directory /tmp/workdir/hadoop-ozone/integration-test/target/test-dir/MiniOzoneClusterImpl-7d291438-c8fc-43b5-90e6-bf32aa58510a/datanode-3/data/ratis/2eb876c7-eb17-49d6-9b03-c010874f3736: Starting segment from index:0
2019-07-14 01:10:18,909 INFO  impl.RaftServerImpl (ServerState.java:setRaftConf(361)) - 529c5652-087d-4c43-9294-d00b840a14af:group-C010874F3736 set configuration 0: [529c5652-087d-4c43-9294-d00b840a14af:192.168.157.230:37728], old=null at 0
2019-07-14 01:10:18,941 INFO  segmented.SegmentedRaftLogWorker (SegmentedRaftLogWorker.java:execute(569)) - 529c5652-087d-4c43-9294-d00b840a14af-SegmentedRaftLogWorker:Storage Directory /tmp/workdir/hadoop-ozone/integration-test/target/test-dir/MiniOzoneClusterImpl-7d291438-c8fc-43b5-90e6-bf32aa58510a/datanode-3/data/ratis/2eb876c7-eb17-49d6-9b03-c010874f3736: created new log segment /tmp/workdir/hadoop-ozone/integration-test/target/test-dir/MiniOzoneClusterImpl-7d291438-c8fc-43b5-90e6-bf32aa58510a/datanode-3/data/ratis/2eb876c7-eb17-49d6-9b03-c010874f3736/current/log_inprogress_0
2019-07-14 01:10:19,225 INFO  impl.FollowerState (FollowerState.java:run(106)) - 781083b1-751b-473f-a6ec-84f01521c523:group-768BFC96FAA8 changes to CANDIDATE, lastRpcTime:5151, electionTimeout:5151ms
2019-07-14 01:10:19,226 INFO  impl.RoleInfo (RoleInfo.java:shutdownFollowerState(121)) - 781083b1-751b-473f-a6ec-84f01521c523: shutdown FollowerState
2019-07-14 01:10:19,226 INFO  impl.RaftServerImpl (RaftServerImpl.java:setRole(171)) - 781083b1-751b-473f-a6ec-84f01521c523:group-768BFC96FAA8 changes role from FOLLOWER to CANDIDATE at term 0 for changeToCandidate
2019-07-14 01:10:19,226 INFO  impl.RoleInfo (RoleInfo.java:updateAndGet(143)) - 781083b1-751b-473f-a6ec-84f01521c523: start LeaderElection
2019-07-14 01:10:19,247 INFO  impl.LeaderElection (LeaderElection.java:askForVotes(181)) - 781083b1-751b-473f-a6ec-84f01521c523:group-768BFC96FAA8:LeaderElection63: begin an election at term 1 for -1: [781083b1-751b-473f-a6ec-84f01521c523:192.168.157.230:33007], old=null
2019-07-14 01:10:19,247 INFO  impl.RoleInfo (RoleInfo.java:shutdownLeaderElection(134)) - 781083b1-751b-473f-a6ec-84f01521c523: shutdown LeaderElection
2019-07-14 01:10:19,248 INFO  impl.RaftServerImpl (RaftServerImpl.java:setRole(171)) - 781083b1-751b-473f-a6ec-84f01521c523:group-768BFC96FAA8 changes role from CANDIDATE to LEADER at term 1 for changeToLeader
2019-07-14 01:10:19,248 INFO  impl.RaftServerImpl (ServerState.java:setLeader(263)) - 781083b1-751b-473f-a6ec-84f01521c523:group-768BFC96FAA8 change Leader from null to 781083b1-751b-473f-a6ec-84f01521c523 at term 1 for becomeLeader, leader elected after 5178ms
2019-07-14 01:10:19,250 INFO  server.RaftServerConfigKeys (ConfUtils.java:logGet(43)) - raft.server.staging.catchup.gap = 1000 (default)
2019-07-14 01:10:19,250 INFO  server.RaftServerConfigKeys (ConfUtils.java:logGet(43)) - raft.server.rpc.sleep.time = 25ms (default)
2019-07-14 01:10:19,250 INFO  server.RaftServerConfigKeys (ConfUtils.java:logGet(43)) - raft.server.write.element-limit = 4096 (default)
2019-07-14 01:10:19,250 INFO  server.RaftServerConfigKeys (ConfUtils.java:logGet(43)) - raft.server.watch.timeout = 10s (default)
2019-07-14 01:10:19,250 INFO  server.RaftServerConfigKeys (ConfUtils.java:logGet(43)) - raft.server.watch.timeout.denomination = 1s (default)
2019-07-14 01:10:19,251 INFO  server.RaftServerConfigKeys (ConfUtils.java:logGet(43)) - raft.server.watch.element-limit = 65536 (default)
2019-07-14 01:10:19,251 INFO  impl.RoleInfo (RoleInfo.java:updateAndGet(143)) - 781083b1-751b-473f-a6ec-84f01521c523: start LeaderState
2019-07-14 01:10:19,251 INFO  segmented.SegmentedRaftLogWorker (SegmentedRaftLogWorker.java:startLogSegment(380)) - 781083b1-751b-473f-a6ec-84f01521c523-SegmentedRaftLogWorker:Storage Directory /tmp/workdir/hadoop-ozone/integration-test/target/test-dir/MiniOzoneClusterImpl-7d291438-c8fc-43b5-90e6-bf32aa58510a/datanode-4/data/ratis/666930de-b7c0-423c-9706-768bfc96faa8: Starting segment from index:0
2019-07-14 01:10:19,252 INFO  impl.RaftServerImpl (ServerState.java:setRaftConf(361)) - 781083b1-751b-473f-a6ec-84f01521c523:group-768BFC96FAA8 set configuration 0: [781083b1-751b-473f-a6ec-84f01521c523:192.168.157.230:33007], old=null at 0
2019-07-14 01:10:19,280 INFO  segmented.SegmentedRaftLogWorker (SegmentedRaftLogWorker.java:execute(569)) - 781083b1-751b-473f-a6ec-84f01521c523-SegmentedRaftLogWorker:Storage Directory /tmp/workdir/hadoop-ozone/integration-test/target/test-dir/MiniOzoneClusterImpl-7d291438-c8fc-43b5-90e6-bf32aa58510a/datanode-4/data/ratis/666930de-b7c0-423c-9706-768bfc96faa8: created new log segment /tmp/workdir/hadoop-ozone/integration-test/target/test-dir/MiniOzoneClusterImpl-7d291438-c8fc-43b5-90e6-bf32aa58510a/datanode-4/data/ratis/666930de-b7c0-423c-9706-768bfc96faa8/current/log_inprogress_0
2019-07-14 01:10:19,361 INFO  impl.FollowerState (FollowerState.java:run(106)) - 60495572-bdb4-4166-a9f8-8e0b44435d6e:group-1809D5F21526 changes to CANDIDATE, lastRpcTime:5061, electionTimeout:5061ms
2019-07-14 01:10:19,361 INFO  impl.RoleInfo (RoleInfo.java:shutdownFollowerState(121)) - 60495572-bdb4-4166-a9f8-8e0b44435d6e: shutdown FollowerState
2019-07-14 01:10:19,361 INFO  impl.RaftServerImpl (RaftServerImpl.java:setRole(171)) - 60495572-bdb4-4166-a9f8-8e0b44435d6e:group-1809D5F21526 changes role from FOLLOWER to CANDIDATE at term 0 for changeToCandidate
2019-07-14 01:10:19,361 INFO  impl.RoleInfo (RoleInfo.java:updateAndGet(143)) - 60495572-bdb4-4166-a9f8-8e0b44435d6e: start LeaderElection
2019-07-14 01:10:19,379 INFO  impl.FollowerState (FollowerState.java:run(106)) - 529c5652-087d-4c43-9294-d00b840a14af:group-1809D5F21526 changes to CANDIDATE, lastRpcTime:5086, electionTimeout:5086ms
2019-07-14 01:10:19,379 INFO  impl.RoleInfo (RoleInfo.java:shutdownFollowerState(121)) - 529c5652-087d-4c43-9294-d00b840a14af: shutdown FollowerState
2019-07-14 01:10:19,379 INFO  impl.RaftServerImpl (RaftServerImpl.java:setRole(171)) - 529c5652-087d-4c43-9294-d00b840a14af:group-1809D5F21526 changes role from FOLLOWER to CANDIDATE at term 0 for changeToCandidate
2019-07-14 01:10:19,380 INFO  impl.RoleInfo (RoleInfo.java:updateAndGet(143)) - 529c5652-087d-4c43-9294-d00b840a14af: start LeaderElection
2019-07-14 01:10:19,383 INFO  impl.FollowerState (FollowerState.java:run(106)) - 60495572-bdb4-4166-a9f8-8e0b44435d6e:group-5563C5C29AB2 changes to CANDIDATE, lastRpcTime:5146, electionTimeout:5144ms
2019-07-14 01:10:19,388 INFO  impl.LeaderElection (LeaderElection.java:askForVotes(181)) - 60495572-bdb4-4166-a9f8-8e0b44435d6e:group-1809D5F21526:LeaderElection64: begin an election at term 1 for -1: [781083b1-751b-473f-a6ec-84f01521c523:192.168.157.230:33007, 60495572-bdb4-4166-a9f8-8e0b44435d6e:192.168.157.230:42401, 529c5652-087d-4c43-9294-d00b840a14af:192.168.157.230:37728], old=null
2019-07-14 01:10:19,388 INFO  impl.RoleInfo (RoleInfo.java:shutdownFollowerState(121)) - 60495572-bdb4-4166-a9f8-8e0b44435d6e: shutdown FollowerState
2019-07-14 01:10:19,388 INFO  impl.RaftServerImpl (RaftServerImpl.java:setRole(171)) - 60495572-bdb4-4166-a9f8-8e0b44435d6e:group-5563C5C29AB2 changes role from FOLLOWER to CANDIDATE at term 0 for changeToCandidate
2019-07-14 01:10:19,389 INFO  impl.RoleInfo (RoleInfo.java:updateAndGet(143)) - 60495572-bdb4-4166-a9f8-8e0b44435d6e: start LeaderElection
2019-07-14 01:10:19,401 INFO  impl.RaftServerImpl (RaftServerImpl.java:setRole(171)) - 781083b1-751b-473f-a6ec-84f01521c523:group-1809D5F21526 changes role from FOLLOWER to FOLLOWER at term 1 for recognizeCandidate:60495572-bdb4-4166-a9f8-8e0b44435d6e
2019-07-14 01:10:19,401 INFO  impl.LeaderElection (LeaderElection.java:askForVotes(181)) - 529c5652-087d-4c43-9294-d00b840a14af:group-1809D5F21526:LeaderElection65: begin an election at term 1 for -1: [781083b1-751b-473f-a6ec-84f01521c523:192.168.157.230:33007, 60495572-bdb4-4166-a9f8-8e0b44435d6e:192.168.157.230:42401, 529c5652-087d-4c43-9294-d00b840a14af:192.168.157.230:37728], old=null
2019-07-14 01:10:19,401 INFO  impl.LeaderElection (LeaderElection.java:askForVotes(181)) - 60495572-bdb4-4166-a9f8-8e0b44435d6e:group-5563C5C29AB2:LeaderElection66: begin an election at term 1 for -1: [60495572-bdb4-4166-a9f8-8e0b44435d6e:192.168.157.230:42401], old=null
2019-07-14 01:10:19,402 INFO  impl.RoleInfo (RoleInfo.java:shutdownFollowerState(121)) - 781083b1-751b-473f-a6ec-84f01521c523: shutdown FollowerState
2019-07-14 01:10:19,402 INFO  impl.RoleInfo (RoleInfo.java:shutdownLeaderElection(134)) - 60495572-bdb4-4166-a9f8-8e0b44435d6e: shutdown LeaderElection
2019-07-14 01:10:19,405 INFO  impl.RaftServerImpl (RaftServerImpl.java:setRole(171)) - 60495572-bdb4-4166-a9f8-8e0b44435d6e:group-5563C5C29AB2 changes role from CANDIDATE to LEADER at term 1 for changeToLeader
2019-07-14 01:10:19,405 INFO  impl.RaftServerImpl (ServerState.java:setLeader(263)) - 60495572-bdb4-4166-a9f8-8e0b44435d6e:group-5563C5C29AB2 change Leader from null to 60495572-bdb4-4166-a9f8-8e0b44435d6e at term 1 for becomeLeader, leader elected after 5173ms
2019-07-14 01:10:19,405 INFO  impl.RoleInfo (RoleInfo.java:updateAndGet(143)) - 781083b1-751b-473f-a6ec-84f01521c523: start FollowerState
2019-07-14 01:10:19,408 INFO  impl.FollowerState (FollowerState.java:run(114)) - 781083b1-751b-473f-a6ec-84f01521c523: FollowerState was interrupted: java.lang.InterruptedException: sleep interrupted
2019-07-14 01:10:19,408 INFO  server.RaftServerConfigKeys (ConfUtils.java:logGet(43)) - raft.server.staging.catchup.gap = 1000 (default)
2019-07-14 01:10:19,411 INFO  server.RaftServerConfigKeys (ConfUtils.java:logGet(43)) - raft.server.rpc.sleep.time = 25ms (default)
2019-07-14 01:10:19,411 INFO  server.RaftServerConfigKeys (ConfUtils.java:logGet(43)) - raft.server.write.element-limit = 4096 (default)
2019-07-14 01:10:19,411 INFO  server.RaftServerConfigKeys (ConfUtils.java:logGet(43)) - raft.server.watch.timeout = 10s (default)
2019-07-14 01:10:19,412 INFO  server.RaftServerConfigKeys (ConfUtils.java:logGet(43)) - raft.server.watch.timeout.denomination = 1s (default)
2019-07-14 01:10:19,414 INFO  server.RaftServerConfigKeys (ConfUtils.java:logGet(43)) - raft.server.watch.element-limit = 65536 (default)
2019-07-14 01:10:19,414 INFO  impl.RoleInfo (RoleInfo.java:updateAndGet(143)) - 60495572-bdb4-4166-a9f8-8e0b44435d6e: start LeaderState
2019-07-14 01:10:19,415 INFO  segmented.SegmentedRaftLogWorker (SegmentedRaftLogWorker.java:startLogSegment(380)) - 60495572-bdb4-4166-a9f8-8e0b44435d6e-SegmentedRaftLogWorker:Storage Directory /tmp/workdir/hadoop-ozone/integration-test/target/test-dir/MiniOzoneClusterImpl-7d291438-c8fc-43b5-90e6-bf32aa58510a/datanode-5/data/ratis/2df8594a-e215-4e78-8df7-5563c5c29ab2: Starting segment from index:0
2019-07-14 01:10:19,415 INFO  impl.RaftServerImpl (ServerState.java:setRaftConf(361)) - 60495572-bdb4-4166-a9f8-8e0b44435d6e:group-5563C5C29AB2 set configuration 0: [60495572-bdb4-4166-a9f8-8e0b44435d6e:192.168.157.230:42401], old=null at 0
2019-07-14 01:10:19,441 INFO  impl.LeaderElection (LeaderElection.java:logAndReturn(56)) - 529c5652-087d-4c43-9294-d00b840a14af:group-1809D5F21526:LeaderElection65: Election REJECTED; received 2 response(s) [529c5652-087d-4c43-9294-d00b840a14af<-781083b1-751b-473f-a6ec-84f01521c523#0:FAIL-t1, 529c5652-087d-4c43-9294-d00b840a14af<-60495572-bdb4-4166-a9f8-8e0b44435d6e#0:FAIL-t1] and 0 exception(s); 529c5652-087d-4c43-9294-d00b840a14af:t1, leader=null, voted=529c5652-087d-4c43-9294-d00b840a14af, raftlog=529c5652-087d-4c43-9294-d00b840a14af-SegmentedRaftLog:OPENED:c-1,f-1,i0, conf=-1: [781083b1-751b-473f-a6ec-84f01521c523:192.168.157.230:33007, 60495572-bdb4-4166-a9f8-8e0b44435d6e:192.168.157.230:42401, 529c5652-087d-4c43-9294-d00b840a14af:192.168.157.230:37728], old=null
2019-07-14 01:10:19,441 INFO  impl.RaftServerImpl (RaftServerImpl.java:setRole(171)) - 529c5652-087d-4c43-9294-d00b840a14af:group-1809D5F21526 changes role from CANDIDATE to FOLLOWER at term 1 for DISCOVERED_A_NEW_TERM
2019-07-14 01:10:19,441 INFO  impl.LeaderElection (LeaderElection.java:logAndReturn(56)) - 60495572-bdb4-4166-a9f8-8e0b44435d6e:group-1809D5F21526:LeaderElection64: Election PASSED; received 2 response(s) [60495572-bdb4-4166-a9f8-8e0b44435d6e<-781083b1-751b-473f-a6ec-84f01521c523#0:OK-t1, 60495572-bdb4-4166-a9f8-8e0b44435d6e<-529c5652-087d-4c43-9294-d00b840a14af#0:FAIL-t1] and 0 exception(s); 60495572-bdb4-4166-a9f8-8e0b44435d6e:t1, leader=null, voted=60495572-bdb4-4166-a9f8-8e0b44435d6e, raftlog=60495572-bdb4-4166-a9f8-8e0b44435d6e-SegmentedRaftLog:OPENED:c-1,f-1,i0, conf=-1: [781083b1-751b-473f-a6ec-84f01521c523:192.168.157.230:33007, 60495572-bdb4-4166-a9f8-8e0b44435d6e:192.168.157.230:42401, 529c5652-087d-4c43-9294-d00b840a14af:192.168.157.230:37728], old=null
2019-07-14 01:10:19,441 INFO  impl.RoleInfo (RoleInfo.java:shutdownLeaderElection(134)) - 529c5652-087d-4c43-9294-d00b840a14af: shutdown LeaderElection
2019-07-14 01:10:19,441 INFO  impl.RoleInfo (RoleInfo.java:shutdownLeaderElection(134)) - 60495572-bdb4-4166-a9f8-8e0b44435d6e: shutdown LeaderElection
2019-07-14 01:10:19,441 INFO  impl.RoleInfo (RoleInfo.java:updateAndGet(143)) - 529c5652-087d-4c43-9294-d00b840a14af: start FollowerState
2019-07-14 01:10:19,442 INFO  impl.RaftServerImpl (RaftServerImpl.java:setRole(171)) - 60495572-bdb4-4166-a9f8-8e0b44435d6e:group-1809D5F21526 changes role from CANDIDATE to LEADER at term 1 for changeToLeader
2019-07-14 01:10:19,442 INFO  impl.RaftServerImpl (ServerState.java:setLeader(263)) - 60495572-bdb4-4166-a9f8-8e0b44435d6e:group-1809D5F21526 change Leader from null to 60495572-bdb4-4166-a9f8-8e0b44435d6e at term 1 for becomeLeader, leader elected after 5156ms
2019-07-14 01:10:19,442 INFO  server.RaftServerConfigKeys (ConfUtils.java:logGet(43)) - raft.server.staging.catchup.gap = 1000 (default)
2019-07-14 01:10:19,442 INFO  server.RaftServerConfigKeys (ConfUtils.java:logGet(43)) - raft.server.rpc.sleep.time = 25ms (default)
2019-07-14 01:10:19,442 INFO  server.RaftServerConfigKeys (ConfUtils.java:logGet(43)) - raft.server.write.element-limit = 4096 (default)
2019-07-14 01:10:19,442 INFO  server.RaftServerConfigKeys (ConfUtils.java:logGet(43)) - raft.server.watch.timeout = 10s (default)
2019-07-14 01:10:19,442 INFO  server.RaftServerConfigKeys (ConfUtils.java:logGet(43)) - raft.server.watch.timeout.denomination = 1s (default)
2019-07-14 01:10:19,443 INFO  server.RaftServerConfigKeys (ConfUtils.java:logGet(43)) - raft.server.watch.element-limit = 65536 (default)
2019-07-14 01:10:19,443 INFO  server.RaftServerConfigKeys (ConfUtils.java:logGet(43)) - raft.server.log.appender.snapshot.chunk.size.max = 16MB (=16777216) (default)
2019-07-14 01:10:19,443 INFO  server.RaftServerConfigKeys (ConfUtils.java:logGet(43)) - raft.server.log.appender.buffer.byte-limit = 33554432 (custom)
2019-07-14 01:10:19,443 INFO  server.RaftServerConfigKeys (ConfUtils.java:logGet(43)) - raft.server.log.appender.buffer.element-limit = 1 (custom)
2019-07-14 01:10:19,443 INFO  grpc.GrpcConfigKeys$Server (ConfUtils.java:logGet(43)) - raft.grpc.server.leader.outstanding.appends.max = 128 (default)
2019-07-14 01:10:19,444 INFO  server.RaftServerConfigKeys (ConfUtils.java:logGet(43)) - raft.server.rpc.request.timeout = 3000ms (default)
2019-07-14 01:10:19,444 INFO  server.RaftServerConfigKeys (ConfUtils.java:logGet(43)) - raft.server.log.appender.install.snapshot.enabled = false (custom)
2019-07-14 01:10:19,444 INFO  server.RaftServerConfigKeys (ConfUtils.java:logGet(43)) - raft.server.log.appender.snapshot.chunk.size.max = 16MB (=16777216) (default)
2019-07-14 01:10:19,444 INFO  server.RaftServerConfigKeys (ConfUtils.java:logGet(43)) - raft.server.log.appender.buffer.byte-limit = 33554432 (custom)
2019-07-14 01:10:19,444 INFO  server.RaftServerConfigKeys (ConfUtils.java:logGet(43)) - raft.server.log.appender.buffer.element-limit = 1 (custom)
2019-07-14 01:10:19,444 INFO  segmented.SegmentedRaftLogWorker (SegmentedRaftLogWorker.java:execute(569)) - 60495572-bdb4-4166-a9f8-8e0b44435d6e-SegmentedRaftLogWorker:Storage Directory /tmp/workdir/hadoop-ozone/integration-test/target/test-dir/MiniOzoneClusterImpl-7d291438-c8fc-43b5-90e6-bf32aa58510a/datanode-5/data/ratis/2df8594a-e215-4e78-8df7-5563c5c29ab2: created new log segment /tmp/workdir/hadoop-ozone/integration-test/target/test-dir/MiniOzoneClusterImpl-7d291438-c8fc-43b5-90e6-bf32aa58510a/datanode-5/data/ratis/2df8594a-e215-4e78-8df7-5563c5c29ab2/current/log_inprogress_0
2019-07-14 01:10:19,445 INFO  grpc.GrpcConfigKeys$Server (ConfUtils.java:logGet(43)) - raft.grpc.server.leader.outstanding.appends.max = 128 (default)
2019-07-14 01:10:19,445 INFO  server.RaftServerConfigKeys (ConfUtils.java:logGet(43)) - raft.server.rpc.request.timeout = 3000ms (default)
2019-07-14 01:10:19,445 INFO  server.RaftServerConfigKeys (ConfUtils.java:logGet(43)) - raft.server.log.appender.install.snapshot.enabled = false (custom)
2019-07-14 01:10:19,445 INFO  impl.RoleInfo (RoleInfo.java:updateAndGet(143)) - 60495572-bdb4-4166-a9f8-8e0b44435d6e: start LeaderState
2019-07-14 01:10:19,446 INFO  segmented.SegmentedRaftLogWorker (SegmentedRaftLogWorker.java:startLogSegment(380)) - 60495572-bdb4-4166-a9f8-8e0b44435d6e-SegmentedRaftLogWorker:Storage Directory /tmp/workdir/hadoop-ozone/integration-test/target/test-dir/MiniOzoneClusterImpl-7d291438-c8fc-43b5-90e6-bf32aa58510a/datanode-5/data/ratis/c1823fcc-9898-460c-a134-1809d5f21526: Starting segment from index:0
2019-07-14 01:10:19,446 INFO  impl.RaftServerImpl (ServerState.java:setRaftConf(361)) - 60495572-bdb4-4166-a9f8-8e0b44435d6e:group-1809D5F21526 set configuration 0: [781083b1-751b-473f-a6ec-84f01521c523:192.168.157.230:33007, 60495572-bdb4-4166-a9f8-8e0b44435d6e:192.168.157.230:42401, 529c5652-087d-4c43-9294-d00b840a14af:192.168.157.230:37728], old=null at 0
2019-07-14 01:10:19,447 INFO  impl.RaftServerImpl (ServerState.java:setLeader(263)) - 781083b1-751b-473f-a6ec-84f01521c523:group-1809D5F21526 change Leader from null to 60495572-bdb4-4166-a9f8-8e0b44435d6e at term 1 for appendEntries, leader elected after 5162ms
2019-07-14 01:10:19,448 INFO  impl.RaftServerImpl (ServerState.java:setLeader(263)) - 529c5652-087d-4c43-9294-d00b840a14af:group-1809D5F21526 change Leader from null to 60495572-bdb4-4166-a9f8-8e0b44435d6e at term 1 for appendEntries, leader elected after 5161ms
2019-07-14 01:10:19,451 INFO  impl.RaftServerImpl (ServerState.java:setRaftConf(361)) - 781083b1-751b-473f-a6ec-84f01521c523:group-1809D5F21526 set configuration 0: [781083b1-751b-473f-a6ec-84f01521c523:192.168.157.230:33007, 60495572-bdb4-4166-a9f8-8e0b44435d6e:192.168.157.230:42401, 529c5652-087d-4c43-9294-d00b840a14af:192.168.157.230:37728], old=null at 0
2019-07-14 01:10:19,451 INFO  segmented.SegmentedRaftLogWorker (SegmentedRaftLogWorker.java:startLogSegment(380)) - 781083b1-751b-473f-a6ec-84f01521c523-SegmentedRaftLogWorker:Storage Directory /tmp/workdir/hadoop-ozone/integration-test/target/test-dir/MiniOzoneClusterImpl-7d291438-c8fc-43b5-90e6-bf32aa58510a/datanode-4/data/ratis/c1823fcc-9898-460c-a134-1809d5f21526: Starting segment from index:0
2019-07-14 01:10:19,451 INFO  impl.RaftServerImpl (ServerState.java:setRaftConf(361)) - 529c5652-087d-4c43-9294-d00b840a14af:group-1809D5F21526 set configuration 0: [781083b1-751b-473f-a6ec-84f01521c523:192.168.157.230:33007, 60495572-bdb4-4166-a9f8-8e0b44435d6e:192.168.157.230:42401, 529c5652-087d-4c43-9294-d00b840a14af:192.168.157.230:37728], old=null at 0
2019-07-14 01:10:19,452 INFO  segmented.SegmentedRaftLogWorker (SegmentedRaftLogWorker.java:startLogSegment(380)) - 529c5652-087d-4c43-9294-d00b840a14af-SegmentedRaftLogWorker:Storage Directory /tmp/workdir/hadoop-ozone/integration-test/target/test-dir/MiniOzoneClusterImpl-7d291438-c8fc-43b5-90e6-bf32aa58510a/datanode-3/data/ratis/c1823fcc-9898-460c-a134-1809d5f21526: Starting segment from index:0
2019-07-14 01:10:19,453 INFO  impl.FollowerState (FollowerState.java:run(106)) - 48a93c1a-6046-466c-85bd-d77ccfbd25b0:group-7AB39A30BB5A changes to CANDIDATE, lastRpcTime:5036, electionTimeout:5036ms
2019-07-14 01:10:19,453 INFO  impl.RoleInfo (RoleInfo.java:shutdownFollowerState(121)) - 48a93c1a-6046-466c-85bd-d77ccfbd25b0: shutdown FollowerState
2019-07-14 01:10:19,453 INFO  impl.RaftServerImpl (RaftServerImpl.java:setRole(171)) - 48a93c1a-6046-466c-85bd-d77ccfbd25b0:group-7AB39A30BB5A changes role from FOLLOWER to CANDIDATE at term 0 for changeToCandidate
2019-07-14 01:10:19,453 INFO  impl.RoleInfo (RoleInfo.java:updateAndGet(143)) - 48a93c1a-6046-466c-85bd-d77ccfbd25b0: start LeaderElection
2019-07-14 01:10:19,478 INFO  segmented.SegmentedRaftLogWorker (SegmentedRaftLogWorker.java:execute(569)) - 60495572-bdb4-4166-a9f8-8e0b44435d6e-SegmentedRaftLogWorker:Storage Directory /tmp/workdir/hadoop-ozone/integration-test/target/test-dir/MiniOzoneClusterImpl-7d291438-c8fc-43b5-90e6-bf32aa58510a/datanode-5/data/ratis/c1823fcc-9898-460c-a134-1809d5f21526: created new log segment /tmp/workdir/hadoop-ozone/integration-test/target/test-dir/MiniOzoneClusterImpl-7d291438-c8fc-43b5-90e6-bf32aa58510a/datanode-5/data/ratis/c1823fcc-9898-460c-a134-1809d5f21526/current/log_inprogress_0
2019-07-14 01:10:19,478 INFO  segmented.SegmentedRaftLogWorker (SegmentedRaftLogWorker.java:execute(569)) - 529c5652-087d-4c43-9294-d00b840a14af-SegmentedRaftLogWorker:Storage Directory /tmp/workdir/hadoop-ozone/integration-test/target/test-dir/MiniOzoneClusterImpl-7d291438-c8fc-43b5-90e6-bf32aa58510a/datanode-3/data/ratis/c1823fcc-9898-460c-a134-1809d5f21526: created new log segment /tmp/workdir/hadoop-ozone/integration-test/target/test-dir/MiniOzoneClusterImpl-7d291438-c8fc-43b5-90e6-bf32aa58510a/datanode-3/data/ratis/c1823fcc-9898-460c-a134-1809d5f21526/current/log_inprogress_0
2019-07-14 01:10:19,478 INFO  segmented.SegmentedRaftLogWorker (SegmentedRaftLogWorker.java:execute(569)) - 781083b1-751b-473f-a6ec-84f01521c523-SegmentedRaftLogWorker:Storage Directory /tmp/workdir/hadoop-ozone/integration-test/target/test-dir/MiniOzoneClusterImpl-7d291438-c8fc-43b5-90e6-bf32aa58510a/datanode-4/data/ratis/c1823fcc-9898-460c-a134-1809d5f21526: created new log segment /tmp/workdir/hadoop-ozone/integration-test/target/test-dir/MiniOzoneClusterImpl-7d291438-c8fc-43b5-90e6-bf32aa58510a/datanode-4/data/ratis/c1823fcc-9898-460c-a134-1809d5f21526/current/log_inprogress_0
2019-07-14 01:10:19,482 INFO  impl.LeaderElection (LeaderElection.java:askForVotes(181)) - 48a93c1a-6046-466c-85bd-d77ccfbd25b0:group-7AB39A30BB5A:LeaderElection67: begin an election at term 1 for -1: [48a93c1a-6046-466c-85bd-d77ccfbd25b0:192.168.157.230:39300], old=null
2019-07-14 01:10:19,482 INFO  impl.RoleInfo (RoleInfo.java:shutdownLeaderElection(134)) - 48a93c1a-6046-466c-85bd-d77ccfbd25b0: shutdown LeaderElection
2019-07-14 01:10:19,482 INFO  impl.RaftServerImpl (RaftServerImpl.java:setRole(171)) - 48a93c1a-6046-466c-85bd-d77ccfbd25b0:group-7AB39A30BB5A changes role from CANDIDATE to LEADER at term 1 for changeToLeader
2019-07-14 01:10:19,482 INFO  impl.RaftServerImpl (ServerState.java:setLeader(263)) - 48a93c1a-6046-466c-85bd-d77ccfbd25b0:group-7AB39A30BB5A change Leader from null to 48a93c1a-6046-466c-85bd-d77ccfbd25b0 at term 1 for becomeLeader, leader elected after 5069ms
2019-07-14 01:10:19,484 INFO  server.RaftServerConfigKeys (ConfUtils.java:logGet(43)) - raft.server.staging.catchup.gap = 1000 (default)
2019-07-14 01:10:19,484 INFO  server.RaftServerConfigKeys (ConfUtils.java:logGet(43)) - raft.server.rpc.sleep.time = 25ms (default)
2019-07-14 01:10:19,484 INFO  server.RaftServerConfigKeys (ConfUtils.java:logGet(43)) - raft.server.write.element-limit = 4096 (default)
2019-07-14 01:10:19,484 INFO  server.RaftServerConfigKeys (ConfUtils.java:logGet(43)) - raft.server.watch.timeout = 10s (default)
2019-07-14 01:10:19,485 INFO  server.RaftServerConfigKeys (ConfUtils.java:logGet(43)) - raft.server.watch.timeout.denomination = 1s (default)
2019-07-14 01:10:19,485 INFO  server.RaftServerConfigKeys (ConfUtils.java:logGet(43)) - raft.server.watch.element-limit = 65536 (default)
2019-07-14 01:10:19,485 INFO  impl.RoleInfo (RoleInfo.java:updateAndGet(143)) - 48a93c1a-6046-466c-85bd-d77ccfbd25b0: start LeaderState
2019-07-14 01:10:19,485 INFO  segmented.SegmentedRaftLogWorker (SegmentedRaftLogWorker.java:startLogSegment(380)) - 48a93c1a-6046-466c-85bd-d77ccfbd25b0-SegmentedRaftLogWorker:Storage Directory /tmp/workdir/hadoop-ozone/integration-test/target/test-dir/MiniOzoneClusterImpl-7d291438-c8fc-43b5-90e6-bf32aa58510a/datanode-6/data/ratis/32315342-7fee-40f8-ad45-7ab39a30bb5a: Starting segment from index:0
2019-07-14 01:10:19,486 INFO  impl.RaftServerImpl (ServerState.java:setRaftConf(361)) - 48a93c1a-6046-466c-85bd-d77ccfbd25b0:group-7AB39A30BB5A set configuration 0: [48a93c1a-6046-466c-85bd-d77ccfbd25b0:192.168.157.230:39300], old=null at 0
2019-07-14 01:10:19,512 INFO  segmented.SegmentedRaftLogWorker (SegmentedRaftLogWorker.java:execute(569)) - 48a93c1a-6046-466c-85bd-d77ccfbd25b0-SegmentedRaftLogWorker:Storage Directory /tmp/workdir/hadoop-ozone/integration-test/target/test-dir/MiniOzoneClusterImpl-7d291438-c8fc-43b5-90e6-bf32aa58510a/datanode-6/data/ratis/32315342-7fee-40f8-ad45-7ab39a30bb5a: created new log segment /tmp/workdir/hadoop-ozone/integration-test/target/test-dir/MiniOzoneClusterImpl-7d291438-c8fc-43b5-90e6-bf32aa58510a/datanode-6/data/ratis/32315342-7fee-40f8-ad45-7ab39a30bb5a/current/log_inprogress_0
2019-07-14 01:10:19,532 INFO  client.GrpcClientProtocolClient (GrpcClientProtocolClient.java:onNext(255)) - client-F01F2ABC9449->37063b8d-e7d5-49a0-8b83-6f3d88b53f13: receive RaftClientReply:client-F01F2ABC9449->37063b8d-e7d5-49a0-8b83-6f3d88b53f13@group-EC8D47BE6218, cid=169, FAILED org.apache.ratis.protocol.NotLeaderException: Server 37063b8d-e7d5-49a0-8b83-6f3d88b53f13 is not the leader (04e26599-00cd-4baf-a081-2fcb687f0173:192.168.157.230:39172). Request must be sent to leader., logIndex=0, commits[37063b8d-e7d5-49a0-8b83-6f3d88b53f13:c-1, 5001e5eb-6200-4408-ae3c-b813a259b656:c-1, 04e26599-00cd-4baf-a081-2fcb687f0173:c-1]
2019-07-14 01:10:19,655 INFO  client.GrpcClientProtocolClient (GrpcClientProtocolClient.java:onNext(255)) - client-F01F2ABC9449->04e26599-00cd-4baf-a081-2fcb687f0173: receive RaftClientReply:client-F01F2ABC9449->04e26599-00cd-4baf-a081-2fcb687f0173@group-EC8D47BE6218, cid=169, SUCCESS, logIndex=1, commits[04e26599-00cd-4baf-a081-2fcb687f0173:c1, 5001e5eb-6200-4408-ae3c-b813a259b656:c0, 37063b8d-e7d5-49a0-8b83-6f3d88b53f13:c0]
2019-07-14 01:10:19,679 INFO  client.GrpcClientProtocolClient (GrpcClientProtocolClient.java:onNext(255)) - client-F01F2ABC9449->04e26599-00cd-4baf-a081-2fcb687f0173: receive RaftClientReply:client-F01F2ABC9449->04e26599-00cd-4baf-a081-2fcb687f0173@group-EC8D47BE6218, cid=170, SUCCESS, logIndex=3, commits[04e26599-00cd-4baf-a081-2fcb687f0173:c4, 5001e5eb-6200-4408-ae3c-b813a259b656:c1, 37063b8d-e7d5-49a0-8b83-6f3d88b53f13:c1]
2019-07-14 01:10:19,727 INFO  client.GrpcClientProtocolClient (GrpcClientProtocolClient.java:onNext(255)) - client-F01F2ABC9449->04e26599-00cd-4baf-a081-2fcb687f0173: receive RaftClientReply:client-F01F2ABC9449->04e26599-00cd-4baf-a081-2fcb687f0173@group-EC8D47BE6218, cid=171, SUCCESS, logIndex=4, commits[04e26599-00cd-4baf-a081-2fcb687f0173:c12, 5001e5eb-6200-4408-ae3c-b813a259b656:c7, 37063b8d-e7d5-49a0-8b83-6f3d88b53f13:c8]
2019-07-14 01:10:19,728 INFO  client.GrpcClientProtocolClient (GrpcClientProtocolClient.java:onNext(255)) - client-F01F2ABC9449->04e26599-00cd-4baf-a081-2fcb687f0173: receive RaftClientReply:client-F01F2ABC9449->04e26599-00cd-4baf-a081-2fcb687f0173@group-EC8D47BE6218, cid=172, SUCCESS, logIndex=5, commits[04e26599-00cd-4baf-a081-2fcb687f0173:c12, 5001e5eb-6200-4408-ae3c-b813a259b656:c7, 37063b8d-e7d5-49a0-8b83-6f3d88b53f13:c8]
2019-07-14 01:10:19,728 INFO  client.GrpcClientProtocolClient (GrpcClientProtocolClient.java:onNext(255)) - client-F01F2ABC9449->04e26599-00cd-4baf-a081-2fcb687f0173: receive RaftClientReply:client-F01F2ABC9449->04e26599-00cd-4baf-a081-2fcb687f0173@group-EC8D47BE6218, cid=173, SUCCESS, logIndex=6, commits[04e26599-00cd-4baf-a081-2fcb687f0173:c12, 5001e5eb-6200-4408-ae3c-b813a259b656:c7, 37063b8d-e7d5-49a0-8b83-6f3d88b53f13:c8]
2019-07-14 01:10:19,800 INFO  client.GrpcClientProtocolClient (GrpcClientProtocolClient.java:onNext(255)) - client-F01F2ABC9449->04e26599-00cd-4baf-a081-2fcb687f0173: receive RaftClientReply:client-F01F2ABC9449->04e26599-00cd-4baf-a081-2fcb687f0173@group-EC8D47BE6218, cid=174, SUCCESS, logIndex=7, commits[04e26599-00cd-4baf-a081-2fcb687f0173:c12, 5001e5eb-6200-4408-ae3c-b813a259b656:c7, 37063b8d-e7d5-49a0-8b83-6f3d88b53f13:c8]
2019-07-14 01:10:19,817 INFO  client.GrpcClientProtocolClient (GrpcClientProtocolClient.java:onNext(255)) - client-F01F2ABC9449->04e26599-00cd-4baf-a081-2fcb687f0173: receive RaftClientReply:client-F01F2ABC9449->04e26599-00cd-4baf-a081-2fcb687f0173@group-EC8D47BE6218, cid=175, SUCCESS, logIndex=13, commits[04e26599-00cd-4baf-a081-2fcb687f0173:c14, 5001e5eb-6200-4408-ae3c-b813a259b656:c12, 37063b8d-e7d5-49a0-8b83-6f3d88b53f13:c12]
2019-07-14 01:10:19,818 INFO  client.GrpcClientProtocolClient (GrpcClientProtocolClient.java:onNext(255)) - client-F01F2ABC9449->04e26599-00cd-4baf-a081-2fcb687f0173: receive RaftClientReply:client-F01F2ABC9449->04e26599-00cd-4baf-a081-2fcb687f0173@group-EC8D47BE6218, cid=176, SUCCESS, logIndex=14, commits[04e26599-00cd-4baf-a081-2fcb687f0173:c14, 5001e5eb-6200-4408-ae3c-b813a259b656:c12, 37063b8d-e7d5-49a0-8b83-6f3d88b53f13:c12]
2019-07-14 01:10:19,837 INFO  client.GrpcClientProtocolClient (GrpcClientProtocolClient.java:onNext(255)) - client-F01F2ABC9449->04e26599-00cd-4baf-a081-2fcb687f0173: receive RaftClientReply:client-F01F2ABC9449->04e26599-00cd-4baf-a081-2fcb687f0173@group-EC8D47BE6218, cid=177, SUCCESS, logIndex=0, commits[04e26599-00cd-4baf-a081-2fcb687f0173:c16, 5001e5eb-6200-4408-ae3c-b813a259b656:c14, 37063b8d-e7d5-49a0-8b83-6f3d88b53f13:c14]
2019-07-14 01:10:19,838 INFO  datanode.ObjectStoreHandler (ObjectStoreHandler.java:close(155)) - Closing ObjectStoreHandler.
2019-07-14 01:10:19,838 INFO  ozone.HddsDatanodeService (HddsDatanodeService.java:stop(452)) - Stopped plug-in org.apache.hadoop.ozone.web.OzoneHddsDatanodeService@77b0ff24
2019-07-14 01:10:20,645 INFO  statemachine.DatanodeStateMachine (DatanodeStateMachine.java:lambda$startDaemon$0(350)) - Ozone container server started.
2019-07-14 01:10:24,679 INFO  node.StaleNodeHandler (StaleNodeHandler.java:onMessage(58)) - Datanode 5001e5eb-6200-4408-ae3c-b813a259b656{ip: 192.168.157.230, host: trunk-nightly-sxkq5-3320257302, networkLocation: /default-rack, certSerialId: null} moved to stale state. Finalizing its pipelines [PipelineID=7362da01-716e-4744-8d0c-1bd0479d7f53, PipelineID=7ecdeb48-b027-45f6-9e82-ec8d47be6218]
2019-07-14 01:10:24,680 INFO  pipeline.SCMPipelineManager (SCMPipelineManager.java:finalizeAndDestroyPipeline(309)) - destroying pipeline:Pipeline[ Id: 7362da01-716e-4744-8d0c-1bd0479d7f53, Nodes: 5001e5eb-6200-4408-ae3c-b813a259b656{ip: 192.168.157.230, host: trunk-nightly-sxkq5-3320257302, networkLocation: /default-rack, certSerialId: null}, Type:RATIS, Factor:ONE, State:OPEN]
2019-07-14 01:10:24,680 INFO  pipeline.PipelineStateManager (PipelineStateManager.java:finalizePipeline(123)) - Pipeline Pipeline[ Id: 7362da01-716e-4744-8d0c-1bd0479d7f53, Nodes: 5001e5eb-6200-4408-ae3c-b813a259b656{ip: 192.168.157.230, host: trunk-nightly-sxkq5-3320257302, networkLocation: /default-rack, certSerialId: null}, Type:RATIS, Factor:ONE, State:CLOSED] moved to CLOSED state
2019-07-14 01:10:24,680 INFO  pipeline.SCMPipelineManager (SCMPipelineManager.java:finalizeAndDestroyPipeline(309)) - destroying pipeline:Pipeline[ Id: 7ecdeb48-b027-45f6-9e82-ec8d47be6218, Nodes: 5001e5eb-6200-4408-ae3c-b813a259b656{ip: 192.168.157.230, host: trunk-nightly-sxkq5-3320257302, networkLocation: /default-rack, certSerialId: null}37063b8d-e7d5-49a0-8b83-6f3d88b53f13{ip: 192.168.157.230, host: trunk-nightly-sxkq5-3320257302, networkLocation: /default-rack, certSerialId: null}04e26599-00cd-4baf-a081-2fcb687f0173{ip: 192.168.157.230, host: trunk-nightly-sxkq5-3320257302, networkLocation: /default-rack, certSerialId: null}, Type:RATIS, Factor:THREE, State:OPEN]
2019-07-14 01:10:24,680 INFO  pipeline.PipelineStateManager (PipelineStateManager.java:finalizePipeline(123)) - Pipeline Pipeline[ Id: 7ecdeb48-b027-45f6-9e82-ec8d47be6218, Nodes: 5001e5eb-6200-4408-ae3c-b813a259b656{ip: 192.168.157.230, host: trunk-nightly-sxkq5-3320257302, networkLocation: /default-rack, certSerialId: null}37063b8d-e7d5-49a0-8b83-6f3d88b53f13{ip: 192.168.157.230, host: trunk-nightly-sxkq5-3320257302, networkLocation: /default-rack, certSerialId: null}04e26599-00cd-4baf-a081-2fcb687f0173{ip: 192.168.157.230, host: trunk-nightly-sxkq5-3320257302, networkLocation: /default-rack, certSerialId: null}, Type:RATIS, Factor:THREE, State:CLOSED] moved to CLOSED state
2019-07-14 01:10:24,681 INFO  container.CloseContainerEventHandler (CloseContainerEventHandler.java:onMessage(61)) - Close container Event triggered for container : #1
2019-07-14 01:10:24,839 INFO  ozoneimpl.OzoneContainer (OzoneContainer.java:stop(199)) - Attempting to stop container services.
2019-07-14 01:10:24,840 INFO  impl.RaftServerProxy (RaftServerProxy.java:lambda$close$4(314)) - 5001e5eb-6200-4408-ae3c-b813a259b656: close
2019-07-14 01:10:24,840 INFO  impl.RaftServerImpl (RaftServerImpl.java:lambda$shutdown$3(245)) - 5001e5eb-6200-4408-ae3c-b813a259b656: shutdown group-1BD0479D7F53
2019-07-14 01:10:24,841 INFO  util.JmxRegister (JmxRegister.java:unregister(73)) - Successfully un-registered JMX Bean with object name Ratis:service=RaftServer,group=group-1BD0479D7F53,id=5001e5eb-6200-4408-ae3c-b813a259b656
2019-07-14 01:10:24,845 INFO  impl.RoleInfo (RoleInfo.java:shutdownLeaderState(104)) - 5001e5eb-6200-4408-ae3c-b813a259b656: shutdown LeaderState
2019-07-14 01:10:24,845 INFO  impl.PendingRequests (PendingRequests.java:sendNotLeaderResponses(202)) - 5001e5eb-6200-4408-ae3c-b813a259b656-PendingRequests: sendNotLeaderResponses
2019-07-14 01:10:24,846 INFO  impl.StateMachineUpdater (StateMachineUpdater.java:stopAndJoin(115)) - StateMachineUpdater:5001e5eb-6200-4408-ae3c-b813a259b656:group-1BD0479D7F53: set stopIndex = 0
2019-07-14 01:10:24,846 INFO  ratis.ContainerStateMachine (ContainerStateMachine.java:takeSnapshot(246)) - Taking snapshot at termIndex:(t:0, i:~)
2019-07-14 01:10:24,847 INFO  impl.RaftServerImpl (ServerState.java:close(394)) - 5001e5eb-6200-4408-ae3c-b813a259b656:group-1BD0479D7F53 closes. The last applied log index is 0
2019-07-14 01:10:24,847 INFO  segmented.SegmentedRaftLogWorker (SegmentedRaftLogWorker.java:run(313)) - 5001e5eb-6200-4408-ae3c-b813a259b656-SegmentedRaftLogWorker:Storage Directory /tmp/workdir/hadoop-ozone/integration-test/target/test-dir/MiniOzoneClusterImpl-7d291438-c8fc-43b5-90e6-bf32aa58510a/datanode-0/data/ratis/7362da01-716e-4744-8d0c-1bd0479d7f53 was interrupted, exiting. There are 0 tasks remaining in the queue.
2019-07-14 01:10:24,851 INFO  segmented.SegmentedRaftLogWorker (SegmentedRaftLogWorker.java:close(228)) - 5001e5eb-6200-4408-ae3c-b813a259b656-SegmentedRaftLogWorker:Storage Directory /tmp/workdir/hadoop-ozone/integration-test/target/test-dir/MiniOzoneClusterImpl-7d291438-c8fc-43b5-90e6-bf32aa58510a/datanode-0/data/ratis/7362da01-716e-4744-8d0c-1bd0479d7f53 close()
2019-07-14 01:10:24,855 INFO  impl.RaftServerImpl (RaftServerImpl.java:lambda$shutdown$3(245)) - 5001e5eb-6200-4408-ae3c-b813a259b656: shutdown group-EC8D47BE6218
2019-07-14 01:10:24,856 INFO  util.JmxRegister (JmxRegister.java:unregister(73)) - Successfully un-registered JMX Bean with object name Ratis:service=RaftServer,group=group-EC8D47BE6218,id=5001e5eb-6200-4408-ae3c-b813a259b656
2019-07-14 01:10:24,856 INFO  impl.RoleInfo (RoleInfo.java:shutdownFollowerState(121)) - 5001e5eb-6200-4408-ae3c-b813a259b656: shutdown FollowerState
2019-07-14 01:10:24,857 INFO  impl.StateMachineUpdater (StateMachineUpdater.java:stopAndJoin(115)) - StateMachineUpdater:5001e5eb-6200-4408-ae3c-b813a259b656:group-EC8D47BE6218: set stopIndex = 16
2019-07-14 01:10:24,857 INFO  impl.FollowerState (FollowerState.java:run(114)) - 5001e5eb-6200-4408-ae3c-b813a259b656: FollowerState was interrupted: java.lang.InterruptedException: sleep interrupted
2019-07-14 01:10:24,857 INFO  ratis.ContainerStateMachine (ContainerStateMachine.java:takeSnapshot(246)) - Taking snapshot at termIndex:(t:1, i:14)
2019-07-14 01:10:24,859 INFO  ratis.ContainerStateMachine (ContainerStateMachine.java:takeSnapshot(250)) - Taking a snapshot to file /tmp/workdir/hadoop-ozone/integration-test/target/test-dir/MiniOzoneClusterImpl-7d291438-c8fc-43b5-90e6-bf32aa58510a/datanode-0/data/ratis/7ecdeb48-b027-45f6-9e82-ec8d47be6218/sm/snapshot.1_14
2019-07-14 01:10:24,863 INFO  impl.StateMachineUpdater (StateMachineUpdater.java:takeSnapshot(242)) - StateMachineUpdater:5001e5eb-6200-4408-ae3c-b813a259b656:group-EC8D47BE6218: Took a snapshot at index 14
2019-07-14 01:10:24,863 INFO  impl.StateMachineUpdater (StateMachineUpdater.java:lambda$new$0(80)) - StateMachineUpdater:5001e5eb-6200-4408-ae3c-b813a259b656:group-EC8D47BE6218: snapshotIndex: updateIncreasingly -1 -> 14
2019-07-14 01:10:24,863 INFO  impl.RaftServerImpl (ServerState.java:close(394)) - 5001e5eb-6200-4408-ae3c-b813a259b656:group-EC8D47BE6218 closes. The last applied log index is 16
2019-07-14 01:10:24,864 INFO  segmented.SegmentedRaftLogWorker (SegmentedRaftLogWorker.java:run(313)) - 5001e5eb-6200-4408-ae3c-b813a259b656-SegmentedRaftLogWorker:Storage Directory /tmp/workdir/hadoop-ozone/integration-test/target/test-dir/MiniOzoneClusterImpl-7d291438-c8fc-43b5-90e6-bf32aa58510a/datanode-0/data/ratis/7ecdeb48-b027-45f6-9e82-ec8d47be6218 was interrupted, exiting. There are 0 tasks remaining in the queue.
2019-07-14 01:10:24,866 INFO  segmented.SegmentedRaftLogWorker (SegmentedRaftLogWorker.java:close(228)) - 5001e5eb-6200-4408-ae3c-b813a259b656-SegmentedRaftLogWorker:Storage Directory /tmp/workdir/hadoop-ozone/integration-test/target/test-dir/MiniOzoneClusterImpl-7d291438-c8fc-43b5-90e6-bf32aa58510a/datanode-0/data/ratis/7ecdeb48-b027-45f6-9e82-ec8d47be6218 close()
2019-07-14 01:10:24,871 INFO  server.GrpcService (GrpcService.java:closeImpl(155)) - 5001e5eb-6200-4408-ae3c-b813a259b656: shutdown server with port 38029 now
2019-07-14 01:10:24,872 WARN  server.GrpcServerProtocolService (LogUtils.java:warn(134)) - 5001e5eb-6200-4408-ae3c-b813a259b656: appendEntries onError: org.apache.ratis.thirdparty.io.grpc.StatusRuntimeException: CANCELLED: cancelled before receiving half close
2019-07-14 01:10:24,872 INFO  server.GrpcService (GrpcService.java:closeImpl(163)) - 5001e5eb-6200-4408-ae3c-b813a259b656: shutdown server with port 38029 successfully
2019-07-14 01:10:24,877 WARN  server.GrpcLogAppender (LogUtils.java:warn(134)) - 04e26599-00cd-4baf-a081-2fcb687f0173->5001e5eb-6200-4408-ae3c-b813a259b656: Failed appendEntries: org.apache.ratis.thirdparty.io.grpc.StatusRuntimeException: CANCELLED: HTTP/2 error code: CANCEL
Received Rst Stream
2019-07-14 01:10:24,878 INFO  impl.FollowerInfo (FollowerInfo.java:lambda$new$0(50)) - 04e26599-00cd-4baf-a081-2fcb687f0173->5001e5eb-6200-4408-ae3c-b813a259b656: nextIndex: updateUnconditionally 17 -> 16
2019-07-14 01:10:24,881 INFO  utils.BackgroundService (BackgroundService.java:shutdown(148)) - Shutting down service BlockDeletingService
2019-07-14 01:10:24,883 WARN  fs.CachingGetSpaceUsed (CachingGetSpaceUsed.java:run(183)) - Thread Interrupted waiting to refresh disk information: sleep interrupted
2019-07-14 01:10:24,906 INFO  statemachine.DatanodeStateMachine (DatanodeStateMachine.java:stopDaemon(395)) - Ozone container server stopped.
2019-07-14 01:10:24,908 INFO  handler.ContextHandler (ContextHandler.java:doStop(910)) - Stopped o.e.j.w.WebAppContext@68a1bb31{/,null,UNAVAILABLE}{/hddsDatanode}
2019-07-14 01:10:24,909 INFO  server.AbstractConnector (AbstractConnector.java:doStop(318)) - Stopped ServerConnector@344f4a82{HTTP/1.1,[http/1.1]}{0.0.0.0:0}
2019-07-14 01:10:24,909 INFO  handler.ContextHandler (ContextHandler.java:doStop(910)) - Stopped o.e.j.s.ServletContextHandler@64a00fe0{/static,jar:file:/home/user/.m2/repository/org/apache/hadoop/hadoop-hdds-container-service/0.5.0-SNAPSHOT/hadoop-hdds-container-service-0.5.0-SNAPSHOT.jar!/webapps/static,UNAVAILABLE}
2019-07-14 01:10:24,910 INFO  handler.ContextHandler (ContextHandler.java:doStop(910)) - Stopped o.e.j.s.ServletContextHandler@2898c70d{/logs,file:///tmp/workdir/hadoop-ozone/integration-test/target/log,UNAVAILABLE}
2019-07-14 01:10:24,917 WARN  server.GrpcLogAppender (LogUtils.java:warn(134)) - 04e26599-00cd-4baf-a081-2fcb687f0173->5001e5eb-6200-4408-ae3c-b813a259b656: Failed appendEntries: org.apache.ratis.thirdparty.io.grpc.StatusRuntimeException: UNAVAILABLE: io exception
2019-07-14 01:10:24,918 INFO  impl.FollowerInfo (FollowerInfo.java:lambda$new$0(50)) - 04e26599-00cd-4baf-a081-2fcb687f0173->5001e5eb-6200-4408-ae3c-b813a259b656: nextIndex: updateUnconditionally 17 -> 16
2019-07-14 01:10:24,920 WARN  server.GrpcLogAppender (LogUtils.java:warn(134)) - 04e26599-00cd-4baf-a081-2fcb687f0173->5001e5eb-6200-4408-ae3c-b813a259b656: Failed appendEntries: org.apache.ratis.thirdparty.io.grpc.StatusRuntimeException: UNAVAILABLE: io exception
2019-07-14 01:10:24,920 INFO  impl.FollowerInfo (FollowerInfo.java:lambda$new$0(50)) - 04e26599-00cd-4baf-a081-2fcb687f0173->5001e5eb-6200-4408-ae3c-b813a259b656: nextIndex: updateUnconditionally 17 -> 16
2019-07-14 01:10:24,930 WARN  server.GrpcLogAppender (LogUtils.java:warn(134)) - 04e26599-00cd-4baf-a081-2fcb687f0173->5001e5eb-6200-4408-ae3c-b813a259b656: Failed appendEntries: org.apache.ratis.thirdparty.io.grpc.StatusRuntimeException: UNAVAILABLE: io exception
2019-07-14 01:10:24,931 INFO  impl.FollowerInfo (FollowerInfo.java:lambda$new$0(50)) - 04e26599-00cd-4baf-a081-2fcb687f0173->5001e5eb-6200-4408-ae3c-b813a259b656: nextIndex: updateUnconditionally 17 -> 16
2019-07-14 01:10:24,931 INFO  client.GrpcClientProtocolClient (GrpcClientProtocolClient.java:onNext(255)) - client-F01F2ABC9449->04e26599-00cd-4baf-a081-2fcb687f0173: receive RaftClientReply:client-F01F2ABC9449->04e26599-00cd-4baf-a081-2fcb687f0173@group-EC8D47BE6218, cid=178, SUCCESS, logIndex=17, commits[04e26599-00cd-4baf-a081-2fcb687f0173:c19, 5001e5eb-6200-4408-ae3c-b813a259b656:c16, 37063b8d-e7d5-49a0-8b83-6f3d88b53f13:c16]
2019-07-14 01:10:24,932 INFO  client.GrpcClientProtocolClient (GrpcClientProtocolClient.java:onNext(255)) - client-F01F2ABC9449->04e26599-00cd-4baf-a081-2fcb687f0173: receive RaftClientReply:client-F01F2ABC9449->04e26599-00cd-4baf-a081-2fcb687f0173@group-EC8D47BE6218, cid=179, SUCCESS, logIndex=18, commits[04e26599-00cd-4baf-a081-2fcb687f0173:c20, 5001e5eb-6200-4408-ae3c-b813a259b656:c16, 37063b8d-e7d5-49a0-8b83-6f3d88b53f13:c16]
2019-07-14 01:10:24,936 WARN  server.GrpcLogAppender (LogUtils.java:warn(134)) - 04e26599-00cd-4baf-a081-2fcb687f0173->5001e5eb-6200-4408-ae3c-b813a259b656: Failed appendEntries: org.apache.ratis.thirdparty.io.grpc.StatusRuntimeException: UNAVAILABLE: io exception
2019-07-14 01:10:24,937 INFO  client.GrpcClientProtocolClient (GrpcClientProtocolClient.java:onNext(255)) - client-F01F2ABC9449->04e26599-00cd-4baf-a081-2fcb687f0173: receive RaftClientReply:client-F01F2ABC9449->04e26599-00cd-4baf-a081-2fcb687f0173@group-EC8D47BE6218, cid=180, SUCCESS, logIndex=19, commits[04e26599-00cd-4baf-a081-2fcb687f0173:c22, 5001e5eb-6200-4408-ae3c-b813a259b656:c16, 37063b8d-e7d5-49a0-8b83-6f3d88b53f13:c16]
2019-07-14 01:10:24,937 INFO  impl.FollowerInfo (FollowerInfo.java:lambda$new$0(50)) - 04e26599-00cd-4baf-a081-2fcb687f0173->5001e5eb-6200-4408-ae3c-b813a259b656: nextIndex: updateUnconditionally 17 -> 16
2019-07-14 01:10:24,938 INFO  client.GrpcClientProtocolClient (GrpcClientProtocolClient.java:onNext(255)) - client-F01F2ABC9449->04e26599-00cd-4baf-a081-2fcb687f0173: receive RaftClientReply:client-F01F2ABC9449->04e26599-00cd-4baf-a081-2fcb687f0173@group-EC8D47BE6218, cid=181, SUCCESS, logIndex=20, commits[04e26599-00cd-4baf-a081-2fcb687f0173:c23, 5001e5eb-6200-4408-ae3c-b813a259b656:c16, 37063b8d-e7d5-49a0-8b83-6f3d88b53f13:c19]
2019-07-14 01:10:24,941 INFO  client.GrpcClientProtocolClient (GrpcClientProtocolClient.java:onNext(255)) - client-F01F2ABC9449->04e26599-00cd-4baf-a081-2fcb687f0173: receive RaftClientReply:client-F01F2ABC9449->04e26599-00cd-4baf-a081-2fcb687f0173@group-EC8D47BE6218, cid=182, SUCCESS, logIndex=21, commits[04e26599-00cd-4baf-a081-2fcb687f0173:c25, 5001e5eb-6200-4408-ae3c-b813a259b656:c16, 37063b8d-e7d5-49a0-8b83-6f3d88b53f13:c22]
2019-07-14 01:10:24,942 WARN  server.GrpcLogAppender (LogUtils.java:warn(134)) - 04e26599-00cd-4baf-a081-2fcb687f0173->5001e5eb-6200-4408-ae3c-b813a259b656: Failed appendEntries: org.apache.ratis.thirdparty.io.grpc.StatusRuntimeException: UNAVAILABLE: io exception
2019-07-14 01:10:24,942 INFO  client.GrpcClientProtocolClient (GrpcClientProtocolClient.java:onNext(255)) - client-F01F2ABC9449->04e26599-00cd-4baf-a081-2fcb687f0173: receive RaftClientReply:client-F01F2ABC9449->04e26599-00cd-4baf-a081-2fcb687f0173@group-EC8D47BE6218, cid=183, SUCCESS, logIndex=22, commits[04e26599-00cd-4baf-a081-2fcb687f0173:c26, 5001e5eb-6200-4408-ae3c-b813a259b656:c16, 37063b8d-e7d5-49a0-8b83-6f3d88b53f13:c22]
2019-07-14 01:10:24,942 INFO  impl.FollowerInfo (FollowerInfo.java:lambda$new$0(50)) - 04e26599-00cd-4baf-a081-2fcb687f0173->5001e5eb-6200-4408-ae3c-b813a259b656: nextIndex: updateUnconditionally 17 -> 16
2019-07-14 01:10:24,947 WARN  server.GrpcLogAppender (LogUtils.java:warn(134)) - 04e26599-00cd-4baf-a081-2fcb687f0173->5001e5eb-6200-4408-ae3c-b813a259b656: Failed appendEntries: org.apache.ratis.thirdparty.io.grpc.StatusRuntimeException: UNAVAILABLE: io exception
2019-07-14 01:10:24,947 INFO  impl.FollowerInfo (FollowerInfo.java:lambda$new$0(50)) - 04e26599-00cd-4baf-a081-2fcb687f0173->5001e5eb-6200-4408-ae3c-b813a259b656: nextIndex: updateUnconditionally 17 -> 16
2019-07-14 01:10:25,944 WARN  scm.XceiverClientRatis (XceiverClientRatis.java:watchForCommit(262)) - 3 way commit failed on pipeline Pipeline[ Id: 7ecdeb48-b027-45f6-9e82-ec8d47be6218, Nodes: 5001e5eb-6200-4408-ae3c-b813a259b656{ip: 192.168.157.230, host: trunk-nightly-sxkq5-3320257302, networkLocation: /default-rack, certSerialId: null}37063b8d-e7d5-49a0-8b83-6f3d88b53f13{ip: 192.168.157.230, host: trunk-nightly-sxkq5-3320257302, networkLocation: /default-rack, certSerialId: null}04e26599-00cd-4baf-a081-2fcb687f0173{ip: 192.168.157.230, host: trunk-nightly-sxkq5-3320257302, networkLocation: /default-rack, certSerialId: null}, Type:RATIS, Factor:THREE, State:OPEN]
java.util.concurrent.TimeoutException
	at java.util.concurrent.CompletableFuture.timedGet(CompletableFuture.java:1771)
	at java.util.concurrent.CompletableFuture.get(CompletableFuture.java:1915)
	at org.apache.hadoop.hdds.scm.XceiverClientRatis.watchForCommit(XceiverClientRatis.java:259)
	at org.apache.hadoop.hdds.scm.storage.CommitWatcher.watchForCommit(CommitWatcher.java:194)
	at org.apache.hadoop.hdds.scm.storage.CommitWatcher.watchOnLastIndex(CommitWatcher.java:157)
	at org.apache.hadoop.hdds.scm.storage.BlockOutputStream.watchForCommit(BlockOutputStream.java:355)
	at org.apache.hadoop.hdds.scm.storage.BlockOutputStream.handleFlush(BlockOutputStream.java:487)
	at org.apache.hadoop.hdds.scm.storage.BlockOutputStream.close(BlockOutputStream.java:501)
	at org.apache.hadoop.ozone.client.io.BlockOutputStreamEntry.close(BlockOutputStreamEntry.java:143)
	at org.apache.hadoop.ozone.client.io.KeyOutputStream.handleFlushOrClose(KeyOutputStream.java:438)
	at org.apache.hadoop.ozone.client.io.KeyOutputStream.handleWrite(KeyOutputStream.java:235)
	at org.apache.hadoop.ozone.client.io.KeyOutputStream.write(KeyOutputStream.java:193)
	at org.apache.hadoop.ozone.client.io.OzoneOutputStream.write(OzoneOutputStream.java:49)
	at java.io.OutputStream.write(OutputStream.java:75)
	at org.apache.hadoop.ozone.client.rpc.TestBlockOutputStreamWithFailures.testWatchForCommitDatanodeFailure(TestBlockOutputStreamWithFailures.java:363)
	at sun.reflect.NativeMethodAccessorImpl.invoke0(Native Method)
	at sun.reflect.NativeMethodAccessorImpl.invoke(NativeMethodAccessorImpl.java:62)
	at sun.reflect.DelegatingMethodAccessorImpl.invoke(DelegatingMethodAccessorImpl.java:43)
	at java.lang.reflect.Method.invoke(Method.java:498)
	at org.junit.runners.model.FrameworkMethod$1.runReflectiveCall(FrameworkMethod.java:47)
	at org.junit.internal.runners.model.ReflectiveCallable.run(ReflectiveCallable.java:12)
	at org.junit.runners.model.FrameworkMethod.invokeExplosively(FrameworkMethod.java:44)
	at org.junit.internal.runners.statements.InvokeMethod.evaluate(InvokeMethod.java:17)
	at org.junit.internal.runners.statements.RunBefores.evaluate(RunBefores.java:26)
	at org.junit.internal.runners.statements.RunAfters.evaluate(RunAfters.java:27)
	at org.junit.runners.ParentRunner.runLeaf(ParentRunner.java:271)
	at org.junit.runners.BlockJUnit4ClassRunner.runChild(BlockJUnit4ClassRunner.java:70)
	at org.junit.runners.BlockJUnit4ClassRunner.runChild(BlockJUnit4ClassRunner.java:50)
	at org.junit.runners.ParentRunner$3.run(ParentRunner.java:238)
	at org.junit.runners.ParentRunner$1.schedule(ParentRunner.java:63)
	at org.junit.runners.ParentRunner.runChildren(ParentRunner.java:236)
	at org.junit.runners.ParentRunner.access$000(ParentRunner.java:53)
	at org.junit.runners.ParentRunner$2.evaluate(ParentRunner.java:229)
	at org.junit.runners.ParentRunner.run(ParentRunner.java:309)
	at org.apache.maven.surefire.junit4.JUnit4Provider.execute(JUnit4Provider.java:365)
	at org.apache.maven.surefire.junit4.JUnit4Provider.executeWithRerun(JUnit4Provider.java:273)
	at org.apache.maven.surefire.junit4.JUnit4Provider.executeTestSet(JUnit4Provider.java:238)
	at org.apache.maven.surefire.junit4.JUnit4Provider.invoke(JUnit4Provider.java:159)
	at org.apache.maven.surefire.booter.ForkedBooter.invokeProviderInSameClassLoader(ForkedBooter.java:384)
	at org.apache.maven.surefire.booter.ForkedBooter.runSuitesInProcess(ForkedBooter.java:345)
	at org.apache.maven.surefire.booter.ForkedBooter.execute(ForkedBooter.java:126)
	at org.apache.maven.surefire.booter.ForkedBooter.main(ForkedBooter.java:418)
2019-07-14 01:10:25,947 INFO  client.GrpcClientProtocolClient (GrpcClientProtocolClient.java:onNext(255)) - client-F01F2ABC9449->04e26599-00cd-4baf-a081-2fcb687f0173: receive RaftClientReply:client-F01F2ABC9449->04e26599-00cd-4baf-a081-2fcb687f0173@group-EC8D47BE6218, cid=185, SUCCESS, logIndex=0, commits[04e26599-00cd-4baf-a081-2fcb687f0173:c27, 5001e5eb-6200-4408-ae3c-b813a259b656:c16, 37063b8d-e7d5-49a0-8b83-6f3d88b53f13:c22]
2019-07-14 01:10:25,951 INFO  scm.XceiverClientRatis (XceiverClientRatis.java:lambda$watchForCommit$7(280)) - Could not commit index 22 on pipeline Pipeline[ Id: 7ecdeb48-b027-45f6-9e82-ec8d47be6218, Nodes: 5001e5eb-6200-4408-ae3c-b813a259b656{ip: 192.168.157.230, host: trunk-nightly-sxkq5-3320257302, networkLocation: /default-rack, certSerialId: null}37063b8d-e7d5-49a0-8b83-6f3d88b53f13{ip: 192.168.157.230, host: trunk-nightly-sxkq5-3320257302, networkLocation: /default-rack, certSerialId: null}04e26599-00cd-4baf-a081-2fcb687f0173{ip: 192.168.157.230, host: trunk-nightly-sxkq5-3320257302, networkLocation: /default-rack, certSerialId: null}, Type:RATIS, Factor:THREE, State:OPEN] to all the nodes. Server 5001e5eb-6200-4408-ae3c-b813a259b656 has failed. Committed by majority.
2019-07-14 01:10:25,951 WARN  storage.BlockOutputStream (BlockOutputStream.java:watchForCommit(361)) - Failed to commit BlockId conID: 1 locID: 102437133709344782 bcsId: 22 on Pipeline[ Id: 7ecdeb48-b027-45f6-9e82-ec8d47be6218, Nodes: 5001e5eb-6200-4408-ae3c-b813a259b656{ip: 192.168.157.230, host: trunk-nightly-sxkq5-3320257302, networkLocation: /default-rack, certSerialId: null}37063b8d-e7d5-49a0-8b83-6f3d88b53f13{ip: 192.168.157.230, host: trunk-nightly-sxkq5-3320257302, networkLocation: /default-rack, certSerialId: null}04e26599-00cd-4baf-a081-2fcb687f0173{ip: 192.168.157.230, host: trunk-nightly-sxkq5-3320257302, networkLocation: /default-rack, certSerialId: null}, Type:RATIS, Factor:THREE, State:OPEN]. Failed nodes: [5001e5eb-6200-4408-ae3c-b813a259b656{ip: null, host: null, networkLocation: /default-rack, certSerialId: null}]
2019-07-14 01:10:25,952 INFO  ozone.MiniOzoneClusterImpl (MiniOzoneClusterImpl.java:shutdown(321)) - Shutting down the Mini Ozone Cluster
2019-07-14 01:10:25,952 INFO  ozone.MiniOzoneClusterImpl (MiniOzoneClusterImpl.java:stop(336)) - Stopping the Mini Ozone Cluster
2019-07-14 01:10:25,952 INFO  ozone.MiniOzoneClusterImpl (MiniOzoneClusterImpl.java:stop(338)) - Stopping the OzoneManager
2019-07-14 01:10:25,953 INFO  ipc.Server (Server.java:stop(3082)) - Stopping server on 40628
2019-07-14 01:10:25,965 INFO  ipc.Server (Server.java:run(1185)) - Stopping IPC Server listener on 40628
2019-07-14 01:10:25,968 INFO  ipc.Server (Server.java:run(1319)) - Stopping IPC Server Responder
2019-07-14 01:10:25,965 INFO  utils.BackgroundService (BackgroundService.java:shutdown(148)) - Shutting down service KeyDeletingService
2019-07-14 01:10:25,996 INFO  handler.ContextHandler (ContextHandler.java:doStop(910)) - Stopped o.e.j.w.WebAppContext@3f0c2eff{/,null,UNAVAILABLE}{/ozoneManager}
2019-07-14 01:10:25,997 INFO  server.AbstractConnector (AbstractConnector.java:doStop(318)) - Stopped ServerConnector@7cddc50f{HTTP/1.1,[http/1.1]}{0.0.0.0:0}
2019-07-14 01:10:25,997 INFO  handler.ContextHandler (ContextHandler.java:doStop(910)) - Stopped o.e.j.s.ServletContextHandler@712dd0b0{/static,file:///tmp/workdir/hadoop-ozone/integration-test/target/test-classes/webapps/static,UNAVAILABLE}
2019-07-14 01:10:25,997 INFO  handler.ContextHandler (ContextHandler.java:doStop(910)) - Stopped o.e.j.s.ServletContextHandler@2c3f81ef{/logs,file:///tmp/workdir/hadoop-ozone/integration-test/target/log,UNAVAILABLE}
2019-07-14 01:10:26,001 INFO  ozone.MiniOzoneClusterImpl (MiniOzoneClusterImpl.java:stop(344)) - Shutting the HddsDatanodes
2019-07-14 01:10:26,001 INFO  datanode.ObjectStoreHandler (ObjectStoreHandler.java:close(155)) - Closing ObjectStoreHandler.
2019-07-14 01:10:26,001 INFO  datanode.ObjectStoreHandler (ObjectStoreHandler.java:close(155)) - Closing ObjectStoreHandler.
2019-07-14 01:10:26,002 INFO  ozone.HddsDatanodeService (HddsDatanodeService.java:stop(452)) - Stopped plug-in org.apache.hadoop.ozone.web.OzoneHddsDatanodeService@1cd93693
2019-07-14 01:10:26,002 INFO  ozone.HddsDatanodeService (HddsDatanodeService.java:stop(452)) - Stopped plug-in org.apache.hadoop.ozone.web.OzoneHddsDatanodeService@72bef795
2019-07-14 01:10:26,033 INFO  statemachine.DatanodeStateMachine (DatanodeStateMachine.java:lambda$startDaemon$0(350)) - Ozone container server started.
2019-07-14 01:10:26,643 INFO  statemachine.DatanodeStateMachine (DatanodeStateMachine.java:lambda$startDaemon$0(350)) - Ozone container server started.
2019-07-14 01:10:27,448 WARN  server.GrpcLogAppender (LogUtils.java:warn(134)) - 04e26599-00cd-4baf-a081-2fcb687f0173->5001e5eb-6200-4408-ae3c-b813a259b656: Failed appendEntries: org.apache.ratis.thirdparty.io.grpc.StatusRuntimeException: UNAVAILABLE: io exception
2019-07-14 01:10:27,449 INFO  impl.FollowerInfo (FollowerInfo.java:lambda$new$0(50)) - 04e26599-00cd-4baf-a081-2fcb687f0173->5001e5eb-6200-4408-ae3c-b813a259b656: nextIndex: updateUnconditionally 16 -> 15
2019-07-14 01:10:29,949 WARN  server.GrpcLogAppender (LogUtils.java:warn(134)) - 04e26599-00cd-4baf-a081-2fcb687f0173->5001e5eb-6200-4408-ae3c-b813a259b656: Failed appendEntries: org.apache.ratis.thirdparty.io.grpc.StatusRuntimeException: UNAVAILABLE: io exception
2019-07-14 01:10:29,949 INFO  impl.FollowerInfo (FollowerInfo.java:lambda$new$0(50)) - 04e26599-00cd-4baf-a081-2fcb687f0173->5001e5eb-6200-4408-ae3c-b813a259b656: nextIndex: updateUnconditionally 15 -> 14
2019-07-14 01:10:30,089 INFO  node.StaleNodeHandler (StaleNodeHandler.java:onMessage(58)) - Datanode 781083b1-751b-473f-a6ec-84f01521c523{ip: 192.168.157.230, host: trunk-nightly-sxkq5-3320257302, networkLocation: /default-rack, certSerialId: null} moved to stale state. Finalizing its pipelines [PipelineID=c1823fcc-9898-460c-a134-1809d5f21526, PipelineID=666930de-b7c0-423c-9706-768bfc96faa8]
2019-07-14 01:10:30,089 INFO  pipeline.SCMPipelineManager (SCMPipelineManager.java:finalizeAndDestroyPipeline(309)) - destroying pipeline:Pipeline[ Id: c1823fcc-9898-460c-a134-1809d5f21526, Nodes: 60495572-bdb4-4166-a9f8-8e0b44435d6e{ip: 192.168.157.230, host: trunk-nightly-sxkq5-3320257302, networkLocation: /default-rack, certSerialId: null}529c5652-087d-4c43-9294-d00b840a14af{ip: 192.168.157.230, host: trunk-nightly-sxkq5-3320257302, networkLocation: /default-rack, certSerialId: null}781083b1-751b-473f-a6ec-84f01521c523{ip: 192.168.157.230, host: trunk-nightly-sxkq5-3320257302, networkLocation: /default-rack, certSerialId: null}, Type:RATIS, Factor:THREE, State:OPEN]
2019-07-14 01:10:30,089 INFO  pipeline.PipelineStateManager (PipelineStateManager.java:finalizePipeline(123)) - Pipeline Pipeline[ Id: c1823fcc-9898-460c-a134-1809d5f21526, Nodes: 60495572-bdb4-4166-a9f8-8e0b44435d6e{ip: 192.168.157.230, host: trunk-nightly-sxkq5-3320257302, networkLocation: /default-rack, certSerialId: null}529c5652-087d-4c43-9294-d00b840a14af{ip: 192.168.157.230, host: trunk-nightly-sxkq5-3320257302, networkLocation: /default-rack, certSerialId: null}781083b1-751b-473f-a6ec-84f01521c523{ip: 192.168.157.230, host: trunk-nightly-sxkq5-3320257302, networkLocation: /default-rack, certSerialId: null}, Type:RATIS, Factor:THREE, State:CLOSED] moved to CLOSED state
2019-07-14 01:10:30,089 INFO  pipeline.SCMPipelineManager (SCMPipelineManager.java:finalizeAndDestroyPipeline(309)) - destroying pipeline:Pipeline[ Id: 666930de-b7c0-423c-9706-768bfc96faa8, Nodes: 781083b1-751b-473f-a6ec-84f01521c523{ip: 192.168.157.230, host: trunk-nightly-sxkq5-3320257302, networkLocation: /default-rack, certSerialId: null}, Type:RATIS, Factor:ONE, State:OPEN]
2019-07-14 01:10:30,090 INFO  pipeline.PipelineStateManager (PipelineStateManager.java:finalizePipeline(123)) - Pipeline Pipeline[ Id: 666930de-b7c0-423c-9706-768bfc96faa8, Nodes: 781083b1-751b-473f-a6ec-84f01521c523{ip: 192.168.157.230, host: trunk-nightly-sxkq5-3320257302, networkLocation: /default-rack, certSerialId: null}, Type:RATIS, Factor:ONE, State:CLOSED] moved to CLOSED state
2019-07-14 01:10:30,689 INFO  node.StaleNodeHandler (StaleNodeHandler.java:onMessage(58)) - Datanode 04e26599-00cd-4baf-a081-2fcb687f0173{ip: 192.168.157.230, host: trunk-nightly-sxkq5-3320257302, networkLocation: /default-rack, certSerialId: null} moved to stale state. Finalizing its pipelines [PipelineID=14044661-66cd-4141-b24b-e88cd6e09154, PipelineID=7ecdeb48-b027-45f6-9e82-ec8d47be6218]
2019-07-14 01:10:30,690 INFO  pipeline.SCMPipelineManager (SCMPipelineManager.java:finalizeAndDestroyPipeline(309)) - destroying pipeline:Pipeline[ Id: 14044661-66cd-4141-b24b-e88cd6e09154, Nodes: 04e26599-00cd-4baf-a081-2fcb687f0173{ip: 192.168.157.230, host: trunk-nightly-sxkq5-3320257302, networkLocation: /default-rack, certSerialId: null}, Type:RATIS, Factor:ONE, State:OPEN]
2019-07-14 01:10:30,690 INFO  pipeline.PipelineStateManager (PipelineStateManager.java:finalizePipeline(123)) - Pipeline Pipeline[ Id: 14044661-66cd-4141-b24b-e88cd6e09154, Nodes: 04e26599-00cd-4baf-a081-2fcb687f0173{ip: 192.168.157.230, host: trunk-nightly-sxkq5-3320257302, networkLocation: /default-rack, certSerialId: null}, Type:RATIS, Factor:ONE, State:CLOSED] moved to CLOSED state
2019-07-14 01:10:30,690 INFO  pipeline.SCMPipelineManager (SCMPipelineManager.java:finalizeAndDestroyPipeline(309)) - destroying pipeline:Pipeline[ Id: 7ecdeb48-b027-45f6-9e82-ec8d47be6218, Nodes: 5001e5eb-6200-4408-ae3c-b813a259b656{ip: 192.168.157.230, host: trunk-nightly-sxkq5-3320257302, networkLocation: /default-rack, certSerialId: null}37063b8d-e7d5-49a0-8b83-6f3d88b53f13{ip: 192.168.157.230, host: trunk-nightly-sxkq5-3320257302, networkLocation: /default-rack, certSerialId: null}04e26599-00cd-4baf-a081-2fcb687f0173{ip: 192.168.157.230, host: trunk-nightly-sxkq5-3320257302, networkLocation: /default-rack, certSerialId: null}, Type:RATIS, Factor:THREE, State:CLOSED]
2019-07-14 01:10:31,003 INFO  ozoneimpl.OzoneContainer (OzoneContainer.java:stop(199)) - Attempting to stop container services.
2019-07-14 01:10:31,003 INFO  ozoneimpl.OzoneContainer (OzoneContainer.java:stop(199)) - Attempting to stop container services.
2019-07-14 01:10:31,004 INFO  impl.RaftServerProxy (RaftServerProxy.java:lambda$close$4(314)) - 781083b1-751b-473f-a6ec-84f01521c523: close
2019-07-14 01:10:31,004 INFO  impl.RaftServerProxy (RaftServerProxy.java:lambda$close$4(314)) - 04e26599-00cd-4baf-a081-2fcb687f0173: close
2019-07-14 01:10:31,004 INFO  impl.RaftServerImpl (RaftServerImpl.java:lambda$shutdown$3(245)) - 781083b1-751b-473f-a6ec-84f01521c523: shutdown group-1809D5F21526
2019-07-14 01:10:31,004 INFO  impl.RaftServerImpl (RaftServerImpl.java:lambda$shutdown$3(245)) - 04e26599-00cd-4baf-a081-2fcb687f0173: shutdown group-E88CD6E09154
2019-07-14 01:10:31,005 INFO  util.JmxRegister (JmxRegister.java:unregister(73)) - Successfully un-registered JMX Bean with object name Ratis:service=RaftServer,group=group-1809D5F21526,id=781083b1-751b-473f-a6ec-84f01521c523
2019-07-14 01:10:31,005 INFO  util.JmxRegister (JmxRegister.java:unregister(73)) - Successfully un-registered JMX Bean with object name Ratis:service=RaftServer,group=group-E88CD6E09154,id=04e26599-00cd-4baf-a081-2fcb687f0173
2019-07-14 01:10:31,005 INFO  impl.RoleInfo (RoleInfo.java:shutdownFollowerState(121)) - 781083b1-751b-473f-a6ec-84f01521c523: shutdown FollowerState
2019-07-14 01:10:31,006 INFO  impl.RoleInfo (RoleInfo.java:shutdownLeaderState(104)) - 04e26599-00cd-4baf-a081-2fcb687f0173: shutdown LeaderState
2019-07-14 01:10:31,006 INFO  ratis.ContainerStateMachine (ContainerStateMachine.java:takeSnapshot(246)) - Taking snapshot at termIndex:(t:0, i:~)
2019-07-14 01:10:31,006 INFO  impl.FollowerState (FollowerState.java:run(114)) - 781083b1-751b-473f-a6ec-84f01521c523: FollowerState was interrupted: java.lang.InterruptedException: sleep interrupted
2019-07-14 01:10:31,006 INFO  impl.StateMachineUpdater (StateMachineUpdater.java:stopAndJoin(115)) - StateMachineUpdater:781083b1-751b-473f-a6ec-84f01521c523:group-1809D5F21526: set stopIndex = 0
2019-07-14 01:10:31,010 INFO  impl.RaftServerImpl (ServerState.java:close(394)) - 781083b1-751b-473f-a6ec-84f01521c523:group-1809D5F21526 closes. The last applied log index is 0
2019-07-14 01:10:31,006 INFO  impl.PendingRequests (PendingRequests.java:sendNotLeaderResponses(202)) - 04e26599-00cd-4baf-a081-2fcb687f0173-PendingRequests: sendNotLeaderResponses
2019-07-14 01:10:31,011 INFO  segmented.SegmentedRaftLogWorker (SegmentedRaftLogWorker.java:run(313)) - 781083b1-751b-473f-a6ec-84f01521c523-SegmentedRaftLogWorker:Storage Directory /tmp/workdir/hadoop-ozone/integration-test/target/test-dir/MiniOzoneClusterImpl-7d291438-c8fc-43b5-90e6-bf32aa58510a/datanode-4/data/ratis/c1823fcc-9898-460c-a134-1809d5f21526 was interrupted, exiting. There are 0 tasks remaining in the queue.
2019-07-14 01:10:31,012 INFO  impl.StateMachineUpdater (StateMachineUpdater.java:stopAndJoin(115)) - StateMachineUpdater:04e26599-00cd-4baf-a081-2fcb687f0173:group-E88CD6E09154: set stopIndex = 0
2019-07-14 01:10:31,014 INFO  segmented.SegmentedRaftLogWorker (SegmentedRaftLogWorker.java:close(228)) - 781083b1-751b-473f-a6ec-84f01521c523-SegmentedRaftLogWorker:Storage Directory /tmp/workdir/hadoop-ozone/integration-test/target/test-dir/MiniOzoneClusterImpl-7d291438-c8fc-43b5-90e6-bf32aa58510a/datanode-4/data/ratis/c1823fcc-9898-460c-a134-1809d5f21526 close()
2019-07-14 01:10:31,012 INFO  ratis.ContainerStateMachine (ContainerStateMachine.java:takeSnapshot(246)) - Taking snapshot at termIndex:(t:0, i:~)
2019-07-14 01:10:31,020 INFO  impl.RaftServerImpl (RaftServerImpl.java:lambda$shutdown$3(245)) - 781083b1-751b-473f-a6ec-84f01521c523: shutdown group-768BFC96FAA8
2019-07-14 01:10:31,021 INFO  impl.RaftServerImpl (ServerState.java:close(394)) - 04e26599-00cd-4baf-a081-2fcb687f0173:group-E88CD6E09154 closes. The last applied log index is 0
2019-07-14 01:10:31,022 INFO  util.JmxRegister (JmxRegister.java:unregister(73)) - Successfully un-registered JMX Bean with object name Ratis:service=RaftServer,group=group-768BFC96FAA8,id=781083b1-751b-473f-a6ec-84f01521c523
2019-07-14 01:10:31,023 INFO  segmented.SegmentedRaftLogWorker (SegmentedRaftLogWorker.java:run(313)) - 04e26599-00cd-4baf-a081-2fcb687f0173-SegmentedRaftLogWorker:Storage Directory /tmp/workdir/hadoop-ozone/integration-test/target/test-dir/MiniOzoneClusterImpl-7d291438-c8fc-43b5-90e6-bf32aa58510a/datanode-1/data/ratis/14044661-66cd-4141-b24b-e88cd6e09154 was interrupted, exiting. There are 0 tasks remaining in the queue.
2019-07-14 01:10:31,023 INFO  impl.RoleInfo (RoleInfo.java:shutdownLeaderState(104)) - 781083b1-751b-473f-a6ec-84f01521c523: shutdown LeaderState
2019-07-14 01:10:31,025 INFO  segmented.SegmentedRaftLogWorker (SegmentedRaftLogWorker.java:close(228)) - 04e26599-00cd-4baf-a081-2fcb687f0173-SegmentedRaftLogWorker:Storage Directory /tmp/workdir/hadoop-ozone/integration-test/target/test-dir/MiniOzoneClusterImpl-7d291438-c8fc-43b5-90e6-bf32aa58510a/datanode-1/data/ratis/14044661-66cd-4141-b24b-e88cd6e09154 close()
2019-07-14 01:10:31,026 INFO  impl.PendingRequests (PendingRequests.java:sendNotLeaderResponses(202)) - 781083b1-751b-473f-a6ec-84f01521c523-PendingRequests: sendNotLeaderResponses
2019-07-14 01:10:31,030 INFO  impl.RaftServerImpl (RaftServerImpl.java:lambda$shutdown$3(245)) - 04e26599-00cd-4baf-a081-2fcb687f0173: shutdown group-EC8D47BE6218
2019-07-14 01:10:31,030 INFO  impl.StateMachineUpdater (StateMachineUpdater.java:stopAndJoin(115)) - StateMachineUpdater:781083b1-751b-473f-a6ec-84f01521c523:group-768BFC96FAA8: set stopIndex = 0
2019-07-14 01:10:31,030 INFO  ratis.ContainerStateMachine (ContainerStateMachine.java:takeSnapshot(246)) - Taking snapshot at termIndex:(t:0, i:~)
2019-07-14 01:10:31,030 INFO  util.JmxRegister (JmxRegister.java:unregister(73)) - Successfully un-registered JMX Bean with object name Ratis:service=RaftServer,group=group-EC8D47BE6218,id=04e26599-00cd-4baf-a081-2fcb687f0173
2019-07-14 01:10:31,031 INFO  impl.RoleInfo (RoleInfo.java:shutdownLeaderState(104)) - 04e26599-00cd-4baf-a081-2fcb687f0173: shutdown LeaderState
2019-07-14 01:10:31,031 INFO  impl.RaftServerImpl (ServerState.java:close(394)) - 781083b1-751b-473f-a6ec-84f01521c523:group-768BFC96FAA8 closes. The last applied log index is 0
2019-07-14 01:10:31,044 WARN  server.GrpcLogAppender (GrpcLogAppender.java:mayWait(143)) - GrpcLogAppender(04e26599-00cd-4baf-a081-2fcb687f0173->5001e5eb-6200-4408-ae3c-b813a259b656): Wait interrupted by java.lang.InterruptedException
2019-07-14 01:10:31,045 INFO  segmented.SegmentedRaftLogWorker (SegmentedRaftLogWorker.java:run(313)) - 781083b1-751b-473f-a6ec-84f01521c523-SegmentedRaftLogWorker:Storage Directory /tmp/workdir/hadoop-ozone/integration-test/target/test-dir/MiniOzoneClusterImpl-7d291438-c8fc-43b5-90e6-bf32aa58510a/datanode-4/data/ratis/666930de-b7c0-423c-9706-768bfc96faa8 was interrupted, exiting. There are 0 tasks remaining in the queue.
2019-07-14 01:10:31,044 WARN  server.GrpcLogAppender (GrpcLogAppender.java:mayWait(143)) - GrpcLogAppender(04e26599-00cd-4baf-a081-2fcb687f0173->37063b8d-e7d5-49a0-8b83-6f3d88b53f13): Wait interrupted by java.lang.InterruptedException
2019-07-14 01:10:31,044 INFO  impl.PendingRequests (PendingRequests.java:sendNotLeaderResponses(202)) - 04e26599-00cd-4baf-a081-2fcb687f0173-PendingRequests: sendNotLeaderResponses
2019-07-14 01:10:31,047 INFO  segmented.SegmentedRaftLogWorker (SegmentedRaftLogWorker.java:close(228)) - 781083b1-751b-473f-a6ec-84f01521c523-SegmentedRaftLogWorker:Storage Directory /tmp/workdir/hadoop-ozone/integration-test/target/test-dir/MiniOzoneClusterImpl-7d291438-c8fc-43b5-90e6-bf32aa58510a/datanode-4/data/ratis/666930de-b7c0-423c-9706-768bfc96faa8 close()
2019-07-14 01:10:31,049 INFO  server.GrpcServerProtocolService (GrpcServerProtocolService.java:onCompleted(104)) - 37063b8d-e7d5-49a0-8b83-6f3d88b53f13: appendEntries completed
2019-07-14 01:10:31,053 INFO  server.GrpcService (GrpcService.java:closeImpl(155)) - 781083b1-751b-473f-a6ec-84f01521c523: shutdown server with port 33007 now
2019-07-14 01:10:31,053 INFO  ratis.ContainerStateMachine (ContainerStateMachine.java:takeSnapshot(246)) - Taking snapshot at termIndex:(t:1, i:26)
2019-07-14 01:10:31,054 INFO  ratis.ContainerStateMachine (ContainerStateMachine.java:takeSnapshot(250)) - Taking a snapshot to file /tmp/workdir/hadoop-ozone/integration-test/target/test-dir/MiniOzoneClusterImpl-7d291438-c8fc-43b5-90e6-bf32aa58510a/datanode-1/data/ratis/7ecdeb48-b027-45f6-9e82-ec8d47be6218/sm/snapshot.1_26
2019-07-14 01:10:31,053 INFO  impl.StateMachineUpdater (StateMachineUpdater.java:stopAndJoin(115)) - StateMachineUpdater:04e26599-00cd-4baf-a081-2fcb687f0173:group-EC8D47BE6218: set stopIndex = 27
2019-07-14 01:10:31,054 INFO  server.GrpcLogAppender (GrpcLogAppender.java:onCompleted(292)) - 04e26599-00cd-4baf-a081-2fcb687f0173->37063b8d-e7d5-49a0-8b83-6f3d88b53f13: follower responses appendEntries COMPLETED
2019-07-14 01:10:31,054 INFO  client.GrpcClientProtocolService (GrpcClientProtocolService.java:lambda$processClientRequest$0(278)) - Failed RaftClientRequest:client-F01F2ABC9449->04e26599-00cd-4baf-a081-2fcb687f0173@group-EC8D47BE6218, cid=184, seq=0, Watch-ALL_COMMITTED(22), Message:<EMPTY>, reply=RaftClientReply:client-F01F2ABC9449->04e26599-00cd-4baf-a081-2fcb687f0173@group-EC8D47BE6218, cid=184, FAILED org.apache.ratis.protocol.NotLeaderException: Server 04e26599-00cd-4baf-a081-2fcb687f0173 is not the leader (null). Request must be sent to leader., logIndex=0, commits[04e26599-00cd-4baf-a081-2fcb687f0173:c27]
2019-07-14 01:10:31,055 INFO  server.GrpcService (GrpcService.java:closeImpl(163)) - 781083b1-751b-473f-a6ec-84f01521c523: shutdown server with port 33007 successfully
2019-07-14 01:10:31,054 INFO  client.GrpcClientProtocolService (GrpcClientProtocolService.java:lambda$processClientRequest$0(278)) - Failed RaftClientRequest:client-F01F2ABC9449->04e26599-00cd-4baf-a081-2fcb687f0173@group-EC8D47BE6218, cid=184, seq=0, Watch-ALL_COMMITTED(22), Message:<EMPTY>, reply=RaftClientReply:client-F01F2ABC9449->04e26599-00cd-4baf-a081-2fcb687f0173@group-EC8D47BE6218, cid=184, FAILED org.apache.ratis.protocol.NotLeaderException: Server 04e26599-00cd-4baf-a081-2fcb687f0173 is not the leader (null). Request must be sent to leader., logIndex=0, commits[04e26599-00cd-4baf-a081-2fcb687f0173:c27]
2019-07-14 01:10:31,055 INFO  impl.FollowerInfo (FollowerInfo.java:lambda$new$0(50)) - 04e26599-00cd-4baf-a081-2fcb687f0173->37063b8d-e7d5-49a0-8b83-6f3d88b53f13: nextIndex: updateUnconditionally 28 -> 27
2019-07-14 01:10:31,054 WARN  server.GrpcServerProtocolService (LogUtils.java:warn(134)) - 781083b1-751b-473f-a6ec-84f01521c523: appendEntries onError: org.apache.ratis.thirdparty.io.grpc.StatusRuntimeException: CANCELLED: cancelled before receiving half close
2019-07-14 01:10:31,054 INFO  impl.StateMachineUpdater (StateMachineUpdater.java:takeSnapshot(242)) - StateMachineUpdater:04e26599-00cd-4baf-a081-2fcb687f0173:group-EC8D47BE6218: Took a snapshot at index 26
2019-07-14 01:10:31,056 WARN  server.GrpcLogAppender (LogUtils.java:warn(134)) - 60495572-bdb4-4166-a9f8-8e0b44435d6e->781083b1-751b-473f-a6ec-84f01521c523: Failed appendEntries: org.apache.ratis.thirdparty.io.grpc.StatusRuntimeException: CANCELLED: HTTP/2 error code: CANCEL
Received Rst Stream
2019-07-14 01:10:31,056 INFO  client.GrpcClientProtocolClient (GrpcClientProtocolClient.java:onNext(255)) - client-F01F2ABC9449->04e26599-00cd-4baf-a081-2fcb687f0173: receive RaftClientReply:client-F01F2ABC9449->04e26599-00cd-4baf-a081-2fcb687f0173@group-EC8D47BE6218, cid=184, FAILED org.apache.ratis.protocol.NotLeaderException: Server 04e26599-00cd-4baf-a081-2fcb687f0173 is not the leader (null). Request must be sent to leader., logIndex=0, commits[04e26599-00cd-4baf-a081-2fcb687f0173:c27]
2019-07-14 01:10:31,056 INFO  impl.StateMachineUpdater (StateMachineUpdater.java:lambda$new$0(80)) - StateMachineUpdater:04e26599-00cd-4baf-a081-2fcb687f0173:group-EC8D47BE6218: snapshotIndex: updateIncreasingly -1 -> 26
2019-07-14 01:10:31,057 INFO  impl.FollowerInfo (FollowerInfo.java:lambda$new$0(50)) - 60495572-bdb4-4166-a9f8-8e0b44435d6e->781083b1-751b-473f-a6ec-84f01521c523: nextIndex: updateUnconditionally 1 -> 0
2019-07-14 01:10:31,057 INFO  impl.RaftServerImpl (ServerState.java:close(394)) - 04e26599-00cd-4baf-a081-2fcb687f0173:group-EC8D47BE6218 closes. The last applied log index is 27
2019-07-14 01:10:31,057 INFO  utils.BackgroundService (BackgroundService.java:shutdown(148)) - Shutting down service BlockDeletingService
2019-07-14 01:10:31,058 INFO  segmented.SegmentedRaftLogWorker (SegmentedRaftLogWorker.java:run(313)) - 04e26599-00cd-4baf-a081-2fcb687f0173-SegmentedRaftLogWorker:Storage Directory /tmp/workdir/hadoop-ozone/integration-test/target/test-dir/MiniOzoneClusterImpl-7d291438-c8fc-43b5-90e6-bf32aa58510a/datanode-1/data/ratis/7ecdeb48-b027-45f6-9e82-ec8d47be6218 was interrupted, exiting. There are 0 tasks remaining in the queue.
2019-07-14 01:10:31,057 INFO  client.GrpcClientProtocolClient (GrpcClientProtocolClient.java:onNext(255)) - client-F01F2ABC9449->04e26599-00cd-4baf-a081-2fcb687f0173: receive RaftClientReply:client-F01F2ABC9449->04e26599-00cd-4baf-a081-2fcb687f0173@group-EC8D47BE6218, cid=184, FAILED org.apache.ratis.protocol.NotLeaderException: Server 04e26599-00cd-4baf-a081-2fcb687f0173 is not the leader (null). Request must be sent to leader., logIndex=0, commits[04e26599-00cd-4baf-a081-2fcb687f0173:c27]
2019-07-14 01:10:31,060 INFO  segmented.SegmentedRaftLogWorker (SegmentedRaftLogWorker.java:close(228)) - 04e26599-00cd-4baf-a081-2fcb687f0173-SegmentedRaftLogWorker:Storage Directory /tmp/workdir/hadoop-ozone/integration-test/target/test-dir/MiniOzoneClusterImpl-7d291438-c8fc-43b5-90e6-bf32aa58510a/datanode-1/data/ratis/7ecdeb48-b027-45f6-9e82-ec8d47be6218 close()
2019-07-14 01:10:31,064 INFO  server.GrpcService (GrpcService.java:closeImpl(155)) - 04e26599-00cd-4baf-a081-2fcb687f0173: shutdown server with port 39172 now
2019-07-14 01:10:31,065 INFO  server.GrpcService (GrpcService.java:closeImpl(163)) - 04e26599-00cd-4baf-a081-2fcb687f0173: shutdown server with port 39172 successfully
2019-07-14 01:10:31,067 WARN  fs.CachingGetSpaceUsed (CachingGetSpaceUsed.java:run(183)) - Thread Interrupted waiting to refresh disk information: sleep interrupted
2019-07-14 01:10:31,070 INFO  utils.BackgroundService (BackgroundService.java:shutdown(148)) - Shutting down service BlockDeletingService
2019-07-14 01:10:31,075 WARN  fs.CachingGetSpaceUsed (CachingGetSpaceUsed.java:run(183)) - Thread Interrupted waiting to refresh disk information: sleep interrupted
2019-07-14 01:10:31,093 INFO  statemachine.DatanodeStateMachine (DatanodeStateMachine.java:stopDaemon(395)) - Ozone container server stopped.
2019-07-14 01:10:31,097 INFO  statemachine.DatanodeStateMachine (DatanodeStateMachine.java:stopDaemon(395)) - Ozone container server stopped.
2019-07-14 01:10:31,100 INFO  handler.ContextHandler (ContextHandler.java:doStop(910)) - Stopped o.e.j.w.WebAppContext@727b3b0{/,null,UNAVAILABLE}{/hddsDatanode}
2019-07-14 01:10:31,102 INFO  handler.ContextHandler (ContextHandler.java:doStop(910)) - Stopped o.e.j.w.WebAppContext@6e8426aa{/,null,UNAVAILABLE}{/hddsDatanode}
2019-07-14 01:10:31,102 INFO  server.AbstractConnector (AbstractConnector.java:doStop(318)) - Stopped ServerConnector@611f28f5{HTTP/1.1,[http/1.1]}{0.0.0.0:0}
2019-07-14 01:10:31,102 INFO  server.AbstractConnector (AbstractConnector.java:doStop(318)) - Stopped ServerConnector@752573df{HTTP/1.1,[http/1.1]}{0.0.0.0:0}
2019-07-14 01:10:31,103 INFO  handler.ContextHandler (ContextHandler.java:doStop(910)) - Stopped o.e.j.s.ServletContextHandler@3a33d655{/static,jar:file:/home/user/.m2/repository/org/apache/hadoop/hadoop-hdds-container-service/0.5.0-SNAPSHOT/hadoop-hdds-container-service-0.5.0-SNAPSHOT.jar!/webapps/static,UNAVAILABLE}
2019-07-14 01:10:31,104 INFO  handler.ContextHandler (ContextHandler.java:doStop(910)) - Stopped o.e.j.s.ServletContextHandler@7375ebe7{/static,jar:file:/home/user/.m2/repository/org/apache/hadoop/hadoop-hdds-container-service/0.5.0-SNAPSHOT/hadoop-hdds-container-service-0.5.0-SNAPSHOT.jar!/webapps/static,UNAVAILABLE}
2019-07-14 01:10:31,104 INFO  handler.ContextHandler (ContextHandler.java:doStop(910)) - Stopped o.e.j.s.ServletContextHandler@2b26d289{/logs,file:///tmp/workdir/hadoop-ozone/integration-test/target/log,UNAVAILABLE}
2019-07-14 01:10:31,106 INFO  handler.ContextHandler (ContextHandler.java:doStop(910)) - Stopped o.e.j.s.ServletContextHandler@6a9b8f33{/logs,file:///tmp/workdir/hadoop-ozone/integration-test/target/log,UNAVAILABLE}
2019-07-14 01:10:31,107 INFO  datanode.ObjectStoreHandler (ObjectStoreHandler.java:close(155)) - Closing ObjectStoreHandler.
2019-07-14 01:10:31,108 INFO  datanode.ObjectStoreHandler (ObjectStoreHandler.java:close(155)) - Closing ObjectStoreHandler.
2019-07-14 01:10:31,108 INFO  ozone.HddsDatanodeService (HddsDatanodeService.java:stop(452)) - Stopped plug-in org.apache.hadoop.ozone.web.OzoneHddsDatanodeService@6b0636d9
2019-07-14 01:10:31,108 INFO  ozone.HddsDatanodeService (HddsDatanodeService.java:stop(452)) - Stopped plug-in org.apache.hadoop.ozone.web.OzoneHddsDatanodeService@383d2e2d
2019-07-14 01:10:31,647 INFO  statemachine.DatanodeStateMachine (DatanodeStateMachine.java:lambda$startDaemon$0(350)) - Ozone container server started.
2019-07-14 01:10:31,846 INFO  statemachine.DatanodeStateMachine (DatanodeStateMachine.java:lambda$startDaemon$0(350)) - Ozone container server started.
2019-07-14 01:10:31,993 WARN  server.GrpcLogAppender (LogUtils.java:warn(134)) - 60495572-bdb4-4166-a9f8-8e0b44435d6e->781083b1-751b-473f-a6ec-84f01521c523: Failed appendEntries: org.apache.ratis.thirdparty.io.grpc.StatusRuntimeException: UNAVAILABLE: io exception
2019-07-14 01:10:31,993 INFO  impl.FollowerInfo (FollowerInfo.java:lambda$new$0(50)) - 60495572-bdb4-4166-a9f8-8e0b44435d6e->781083b1-751b-473f-a6ec-84f01521c523: nextIndex: updateUnconditionally 0 -> 0
2019-07-14 01:10:33,068 INFO  client.GrpcClientProtocolService (GrpcClientProtocolService.java:lambda$processClientRequest$0(278)) - Failed RaftClientRequest:client-F01F2ABC9449->37063b8d-e7d5-49a0-8b83-6f3d88b53f13@group-EC8D47BE6218, cid=184, seq=0, Watch-ALL_COMMITTED(22), Message:<EMPTY>, reply=RaftClientReply:client-F01F2ABC9449->37063b8d-e7d5-49a0-8b83-6f3d88b53f13@group-EC8D47BE6218, cid=184, FAILED org.apache.ratis.protocol.NotLeaderException: Server 37063b8d-e7d5-49a0-8b83-6f3d88b53f13 is not the leader (04e26599-00cd-4baf-a081-2fcb687f0173:192.168.157.230:39172). Request must be sent to leader., logIndex=0, commits[37063b8d-e7d5-49a0-8b83-6f3d88b53f13:c27, 5001e5eb-6200-4408-ae3c-b813a259b656:c16, 04e26599-00cd-4baf-a081-2fcb687f0173:c27]
2019-07-14 01:10:33,074 INFO  client.GrpcClientProtocolClient (GrpcClientProtocolClient.java:onNext(255)) - client-F01F2ABC9449->37063b8d-e7d5-49a0-8b83-6f3d88b53f13: receive RaftClientReply:client-F01F2ABC9449->37063b8d-e7d5-49a0-8b83-6f3d88b53f13@group-EC8D47BE6218, cid=184, FAILED org.apache.ratis.protocol.NotLeaderException: Server 37063b8d-e7d5-49a0-8b83-6f3d88b53f13 is not the leader (04e26599-00cd-4baf-a081-2fcb687f0173:192.168.157.230:39172). Request must be sent to leader., logIndex=0, commits[37063b8d-e7d5-49a0-8b83-6f3d88b53f13:c27, 5001e5eb-6200-4408-ae3c-b813a259b656:c16, 04e26599-00cd-4baf-a081-2fcb687f0173:c27]
2019-07-14 01:10:34,493 WARN  server.GrpcLogAppender (LogUtils.java:warn(134)) - 60495572-bdb4-4166-a9f8-8e0b44435d6e->781083b1-751b-473f-a6ec-84f01521c523: Failed appendEntries: org.apache.ratis.thirdparty.io.grpc.StatusRuntimeException: UNAVAILABLE: io exception
2019-07-14 01:10:34,493 INFO  impl.FollowerInfo (FollowerInfo.java:lambda$new$0(50)) - 60495572-bdb4-4166-a9f8-8e0b44435d6e->781083b1-751b-473f-a6ec-84f01521c523: nextIndex: updateUnconditionally 0 -> 0
2019-07-14 01:10:35,696 INFO  node.StaleNodeHandler (StaleNodeHandler.java:onMessage(58)) - Datanode 37063b8d-e7d5-49a0-8b83-6f3d88b53f13{ip: 192.168.157.230, host: trunk-nightly-sxkq5-3320257302, networkLocation: /default-rack, certSerialId: null} moved to stale state. Finalizing its pipelines [PipelineID=fcd83bcb-ccfb-420e-8e53-bba7abfe1025, PipelineID=7ecdeb48-b027-45f6-9e82-ec8d47be6218]
2019-07-14 01:10:35,697 INFO  pipeline.SCMPipelineManager (SCMPipelineManager.java:finalizeAndDestroyPipeline(309)) - destroying pipeline:Pipeline[ Id: fcd83bcb-ccfb-420e-8e53-bba7abfe1025, Nodes: 37063b8d-e7d5-49a0-8b83-6f3d88b53f13{ip: 192.168.157.230, host: trunk-nightly-sxkq5-3320257302, networkLocation: /default-rack, certSerialId: null}, Type:RATIS, Factor:ONE, State:OPEN]
2019-07-14 01:10:35,697 INFO  pipeline.PipelineStateManager (PipelineStateManager.java:finalizePipeline(123)) - Pipeline Pipeline[ Id: fcd83bcb-ccfb-420e-8e53-bba7abfe1025, Nodes: 37063b8d-e7d5-49a0-8b83-6f3d88b53f13{ip: 192.168.157.230, host: trunk-nightly-sxkq5-3320257302, networkLocation: /default-rack, certSerialId: null}, Type:RATIS, Factor:ONE, State:CLOSED] moved to CLOSED state
2019-07-14 01:10:35,697 INFO  pipeline.SCMPipelineManager (SCMPipelineManager.java:finalizeAndDestroyPipeline(309)) - destroying pipeline:Pipeline[ Id: 7ecdeb48-b027-45f6-9e82-ec8d47be6218, Nodes: 5001e5eb-6200-4408-ae3c-b813a259b656{ip: 192.168.157.230, host: trunk-nightly-sxkq5-3320257302, networkLocation: /default-rack, certSerialId: null}37063b8d-e7d5-49a0-8b83-6f3d88b53f13{ip: 192.168.157.230, host: trunk-nightly-sxkq5-3320257302, networkLocation: /default-rack, certSerialId: null}04e26599-00cd-4baf-a081-2fcb687f0173{ip: 192.168.157.230, host: trunk-nightly-sxkq5-3320257302, networkLocation: /default-rack, certSerialId: null}, Type:RATIS, Factor:THREE, State:CLOSED]
2019-07-14 01:10:35,897 INFO  node.StaleNodeHandler (StaleNodeHandler.java:onMessage(58)) - Datanode 529c5652-087d-4c43-9294-d00b840a14af{ip: 192.168.157.230, host: trunk-nightly-sxkq5-3320257302, networkLocation: /default-rack, certSerialId: null} moved to stale state. Finalizing its pipelines [PipelineID=c1823fcc-9898-460c-a134-1809d5f21526, PipelineID=2eb876c7-eb17-49d6-9b03-c010874f3736]
2019-07-14 01:10:35,897 INFO  pipeline.SCMPipelineManager (SCMPipelineManager.java:finalizeAndDestroyPipeline(309)) - destroying pipeline:Pipeline[ Id: c1823fcc-9898-460c-a134-1809d5f21526, Nodes: 60495572-bdb4-4166-a9f8-8e0b44435d6e{ip: 192.168.157.230, host: trunk-nightly-sxkq5-3320257302, networkLocation: /default-rack, certSerialId: null}529c5652-087d-4c43-9294-d00b840a14af{ip: 192.168.157.230, host: trunk-nightly-sxkq5-3320257302, networkLocation: /default-rack, certSerialId: null}781083b1-751b-473f-a6ec-84f01521c523{ip: 192.168.157.230, host: trunk-nightly-sxkq5-3320257302, networkLocation: /default-rack, certSerialId: null}, Type:RATIS, Factor:THREE, State:CLOSED]
2019-07-14 01:10:35,897 INFO  pipeline.SCMPipelineManager (SCMPipelineManager.java:finalizeAndDestroyPipeline(309)) - destroying pipeline:Pipeline[ Id: 2eb876c7-eb17-49d6-9b03-c010874f3736, Nodes: 529c5652-087d-4c43-9294-d00b840a14af{ip: 192.168.157.230, host: trunk-nightly-sxkq5-3320257302, networkLocation: /default-rack, certSerialId: null}, Type:RATIS, Factor:ONE, State:OPEN]
2019-07-14 01:10:35,897 INFO  pipeline.PipelineStateManager (PipelineStateManager.java:finalizePipeline(123)) - Pipeline Pipeline[ Id: 2eb876c7-eb17-49d6-9b03-c010874f3736, Nodes: 529c5652-087d-4c43-9294-d00b840a14af{ip: 192.168.157.230, host: trunk-nightly-sxkq5-3320257302, networkLocation: /default-rack, certSerialId: null}, Type:RATIS, Factor:ONE, State:CLOSED] moved to CLOSED state
2019-07-14 01:10:36,109 INFO  ozoneimpl.OzoneContainer (OzoneContainer.java:stop(199)) - Attempting to stop container services.
2019-07-14 01:10:36,109 INFO  ozoneimpl.OzoneContainer (OzoneContainer.java:stop(199)) - Attempting to stop container services.
2019-07-14 01:10:36,110 INFO  impl.RaftServerProxy (RaftServerProxy.java:lambda$close$4(314)) - 529c5652-087d-4c43-9294-d00b840a14af: close
2019-07-14 01:10:36,110 INFO  impl.RaftServerProxy (RaftServerProxy.java:lambda$close$4(314)) - 37063b8d-e7d5-49a0-8b83-6f3d88b53f13: close
2019-07-14 01:10:36,110 INFO  impl.RaftServerImpl (RaftServerImpl.java:lambda$shutdown$3(245)) - 529c5652-087d-4c43-9294-d00b840a14af: shutdown group-1809D5F21526
2019-07-14 01:10:36,110 INFO  impl.RaftServerImpl (RaftServerImpl.java:lambda$shutdown$3(245)) - 37063b8d-e7d5-49a0-8b83-6f3d88b53f13: shutdown group-BBA7ABFE1025
2019-07-14 01:10:36,111 INFO  util.JmxRegister (JmxRegister.java:unregister(73)) - Successfully un-registered JMX Bean with object name Ratis:service=RaftServer,group=group-1809D5F21526,id=529c5652-087d-4c43-9294-d00b840a14af
2019-07-14 01:10:36,111 INFO  util.JmxRegister (JmxRegister.java:unregister(73)) - Successfully un-registered JMX Bean with object name Ratis:service=RaftServer,group=group-BBA7ABFE1025,id=37063b8d-e7d5-49a0-8b83-6f3d88b53f13
2019-07-14 01:10:36,111 INFO  impl.RoleInfo (RoleInfo.java:shutdownFollowerState(121)) - 529c5652-087d-4c43-9294-d00b840a14af: shutdown FollowerState
2019-07-14 01:10:36,112 INFO  impl.RoleInfo (RoleInfo.java:shutdownLeaderState(104)) - 37063b8d-e7d5-49a0-8b83-6f3d88b53f13: shutdown LeaderState
2019-07-14 01:10:36,112 INFO  impl.FollowerState (FollowerState.java:run(114)) - 529c5652-087d-4c43-9294-d00b840a14af: FollowerState was interrupted: java.lang.InterruptedException: sleep interrupted
2019-07-14 01:10:36,112 INFO  ratis.ContainerStateMachine (ContainerStateMachine.java:takeSnapshot(246)) - Taking snapshot at termIndex:(t:0, i:~)
2019-07-14 01:10:36,112 INFO  impl.StateMachineUpdater (StateMachineUpdater.java:stopAndJoin(115)) - StateMachineUpdater:529c5652-087d-4c43-9294-d00b840a14af:group-1809D5F21526: set stopIndex = 0
2019-07-14 01:10:36,115 INFO  impl.RaftServerImpl (ServerState.java:close(394)) - 529c5652-087d-4c43-9294-d00b840a14af:group-1809D5F21526 closes. The last applied log index is 0
2019-07-14 01:10:36,112 INFO  impl.PendingRequests (PendingRequests.java:sendNotLeaderResponses(202)) - 37063b8d-e7d5-49a0-8b83-6f3d88b53f13-PendingRequests: sendNotLeaderResponses
2019-07-14 01:10:36,116 INFO  segmented.SegmentedRaftLogWorker (SegmentedRaftLogWorker.java:run(313)) - 529c5652-087d-4c43-9294-d00b840a14af-SegmentedRaftLogWorker:Storage Directory /tmp/workdir/hadoop-ozone/integration-test/target/test-dir/MiniOzoneClusterImpl-7d291438-c8fc-43b5-90e6-bf32aa58510a/datanode-3/data/ratis/c1823fcc-9898-460c-a134-1809d5f21526 was interrupted, exiting. There are 0 tasks remaining in the queue.
2019-07-14 01:10:36,116 INFO  impl.StateMachineUpdater (StateMachineUpdater.java:stopAndJoin(115)) - StateMachineUpdater:37063b8d-e7d5-49a0-8b83-6f3d88b53f13:group-BBA7ABFE1025: set stopIndex = 0
2019-07-14 01:10:36,118 INFO  segmented.SegmentedRaftLogWorker (SegmentedRaftLogWorker.java:close(228)) - 529c5652-087d-4c43-9294-d00b840a14af-SegmentedRaftLogWorker:Storage Directory /tmp/workdir/hadoop-ozone/integration-test/target/test-dir/MiniOzoneClusterImpl-7d291438-c8fc-43b5-90e6-bf32aa58510a/datanode-3/data/ratis/c1823fcc-9898-460c-a134-1809d5f21526 close()
2019-07-14 01:10:36,116 INFO  ratis.ContainerStateMachine (ContainerStateMachine.java:takeSnapshot(246)) - Taking snapshot at termIndex:(t:0, i:~)
2019-07-14 01:10:36,122 INFO  impl.RaftServerImpl (RaftServerImpl.java:lambda$shutdown$3(245)) - 529c5652-087d-4c43-9294-d00b840a14af: shutdown group-C010874F3736
2019-07-14 01:10:36,122 INFO  impl.RaftServerImpl (ServerState.java:close(394)) - 37063b8d-e7d5-49a0-8b83-6f3d88b53f13:group-BBA7ABFE1025 closes. The last applied log index is 0
2019-07-14 01:10:36,123 INFO  util.JmxRegister (JmxRegister.java:unregister(73)) - Successfully un-registered JMX Bean with object name Ratis:service=RaftServer,group=group-C010874F3736,id=529c5652-087d-4c43-9294-d00b840a14af
2019-07-14 01:10:36,123 INFO  segmented.SegmentedRaftLogWorker (SegmentedRaftLogWorker.java:run(313)) - 37063b8d-e7d5-49a0-8b83-6f3d88b53f13-SegmentedRaftLogWorker:Storage Directory /tmp/workdir/hadoop-ozone/integration-test/target/test-dir/MiniOzoneClusterImpl-7d291438-c8fc-43b5-90e6-bf32aa58510a/datanode-2/data/ratis/fcd83bcb-ccfb-420e-8e53-bba7abfe1025 was interrupted, exiting. There are 0 tasks remaining in the queue.
2019-07-14 01:10:36,123 INFO  impl.RoleInfo (RoleInfo.java:shutdownLeaderState(104)) - 529c5652-087d-4c43-9294-d00b840a14af: shutdown LeaderState
2019-07-14 01:10:36,125 INFO  segmented.SegmentedRaftLogWorker (SegmentedRaftLogWorker.java:close(228)) - 37063b8d-e7d5-49a0-8b83-6f3d88b53f13-SegmentedRaftLogWorker:Storage Directory /tmp/workdir/hadoop-ozone/integration-test/target/test-dir/MiniOzoneClusterImpl-7d291438-c8fc-43b5-90e6-bf32aa58510a/datanode-2/data/ratis/fcd83bcb-ccfb-420e-8e53-bba7abfe1025 close()
2019-07-14 01:10:36,126 INFO  impl.PendingRequests (PendingRequests.java:sendNotLeaderResponses(202)) - 529c5652-087d-4c43-9294-d00b840a14af-PendingRequests: sendNotLeaderResponses
2019-07-14 01:10:36,129 INFO  impl.RaftServerImpl (RaftServerImpl.java:lambda$shutdown$3(245)) - 37063b8d-e7d5-49a0-8b83-6f3d88b53f13: shutdown group-EC8D47BE6218
2019-07-14 01:10:36,130 INFO  ratis.ContainerStateMachine (ContainerStateMachine.java:takeSnapshot(246)) - Taking snapshot at termIndex:(t:0, i:~)
2019-07-14 01:10:36,130 INFO  impl.StateMachineUpdater (StateMachineUpdater.java:stopAndJoin(115)) - StateMachineUpdater:529c5652-087d-4c43-9294-d00b840a14af:group-C010874F3736: set stopIndex = 0
2019-07-14 01:10:36,130 INFO  util.JmxRegister (JmxRegister.java:unregister(73)) - Successfully un-registered JMX Bean with object name Ratis:service=RaftServer,group=group-EC8D47BE6218,id=37063b8d-e7d5-49a0-8b83-6f3d88b53f13
2019-07-14 01:10:36,131 INFO  impl.RaftServerImpl (ServerState.java:close(394)) - 529c5652-087d-4c43-9294-d00b840a14af:group-C010874F3736 closes. The last applied log index is 0
2019-07-14 01:10:36,131 INFO  impl.RoleInfo (RoleInfo.java:shutdownFollowerState(121)) - 37063b8d-e7d5-49a0-8b83-6f3d88b53f13: shutdown FollowerState
2019-07-14 01:10:36,131 INFO  segmented.SegmentedRaftLogWorker (SegmentedRaftLogWorker.java:run(313)) - 529c5652-087d-4c43-9294-d00b840a14af-SegmentedRaftLogWorker:Storage Directory /tmp/workdir/hadoop-ozone/integration-test/target/test-dir/MiniOzoneClusterImpl-7d291438-c8fc-43b5-90e6-bf32aa58510a/datanode-3/data/ratis/2eb876c7-eb17-49d6-9b03-c010874f3736 was interrupted, exiting. There are 0 tasks remaining in the queue.
2019-07-14 01:10:36,132 INFO  impl.FollowerState (FollowerState.java:run(114)) - 37063b8d-e7d5-49a0-8b83-6f3d88b53f13: FollowerState was interrupted: java.lang.InterruptedException: sleep interrupted
2019-07-14 01:10:36,132 INFO  ratis.ContainerStateMachine (ContainerStateMachine.java:takeSnapshot(246)) - Taking snapshot at termIndex:(t:1, i:22)
2019-07-14 01:10:36,132 INFO  impl.StateMachineUpdater (StateMachineUpdater.java:stopAndJoin(115)) - StateMachineUpdater:37063b8d-e7d5-49a0-8b83-6f3d88b53f13:group-EC8D47BE6218: set stopIndex = 27
2019-07-14 01:10:36,135 INFO  ratis.ContainerStateMachine (ContainerStateMachine.java:takeSnapshot(250)) - Taking a snapshot to file /tmp/workdir/hadoop-ozone/integration-test/target/test-dir/MiniOzoneClusterImpl-7d291438-c8fc-43b5-90e6-bf32aa58510a/datanode-2/data/ratis/7ecdeb48-b027-45f6-9e82-ec8d47be6218/sm/snapshot.1_22
2019-07-14 01:10:36,135 INFO  segmented.SegmentedRaftLogWorker (SegmentedRaftLogWorker.java:close(228)) - 529c5652-087d-4c43-9294-d00b840a14af-SegmentedRaftLogWorker:Storage Directory /tmp/workdir/hadoop-ozone/integration-test/target/test-dir/MiniOzoneClusterImpl-7d291438-c8fc-43b5-90e6-bf32aa58510a/datanode-3/data/ratis/2eb876c7-eb17-49d6-9b03-c010874f3736 close()
2019-07-14 01:10:36,136 INFO  impl.StateMachineUpdater (StateMachineUpdater.java:takeSnapshot(242)) - StateMachineUpdater:37063b8d-e7d5-49a0-8b83-6f3d88b53f13:group-EC8D47BE6218: Took a snapshot at index 22
2019-07-14 01:10:36,139 INFO  server.GrpcService (GrpcService.java:closeImpl(155)) - 529c5652-087d-4c43-9294-d00b840a14af: shutdown server with port 37728 now
2019-07-14 01:10:36,139 INFO  impl.StateMachineUpdater (StateMachineUpdater.java:lambda$new$0(80)) - StateMachineUpdater:37063b8d-e7d5-49a0-8b83-6f3d88b53f13:group-EC8D47BE6218: snapshotIndex: updateIncreasingly -1 -> 22
2019-07-14 01:10:36,140 INFO  impl.RaftServerImpl (ServerState.java:close(394)) - 37063b8d-e7d5-49a0-8b83-6f3d88b53f13:group-EC8D47BE6218 closes. The last applied log index is 27
2019-07-14 01:10:36,140 WARN  server.GrpcServerProtocolService (LogUtils.java:warn(134)) - 529c5652-087d-4c43-9294-d00b840a14af: appendEntries onError: org.apache.ratis.thirdparty.io.grpc.StatusRuntimeException: CANCELLED: cancelled before receiving half close
2019-07-14 01:10:36,141 INFO  segmented.SegmentedRaftLogWorker (SegmentedRaftLogWorker.java:run(313)) - 37063b8d-e7d5-49a0-8b83-6f3d88b53f13-SegmentedRaftLogWorker:Storage Directory /tmp/workdir/hadoop-ozone/integration-test/target/test-dir/MiniOzoneClusterImpl-7d291438-c8fc-43b5-90e6-bf32aa58510a/datanode-2/data/ratis/7ecdeb48-b027-45f6-9e82-ec8d47be6218 was interrupted, exiting. There are 0 tasks remaining in the queue.
2019-07-14 01:10:36,140 INFO  server.GrpcService (GrpcService.java:closeImpl(163)) - 529c5652-087d-4c43-9294-d00b840a14af: shutdown server with port 37728 successfully
2019-07-14 01:10:36,140 WARN  server.GrpcLogAppender (LogUtils.java:warn(134)) - 60495572-bdb4-4166-a9f8-8e0b44435d6e->529c5652-087d-4c43-9294-d00b840a14af: Failed appendEntries: org.apache.ratis.thirdparty.io.grpc.StatusRuntimeException: CANCELLED: HTTP/2 error code: CANCEL
Received Rst Stream
2019-07-14 01:10:36,143 INFO  segmented.SegmentedRaftLogWorker (SegmentedRaftLogWorker.java:close(228)) - 37063b8d-e7d5-49a0-8b83-6f3d88b53f13-SegmentedRaftLogWorker:Storage Directory /tmp/workdir/hadoop-ozone/integration-test/target/test-dir/MiniOzoneClusterImpl-7d291438-c8fc-43b5-90e6-bf32aa58510a/datanode-2/data/ratis/7ecdeb48-b027-45f6-9e82-ec8d47be6218 close()
2019-07-14 01:10:36,143 INFO  impl.FollowerInfo (FollowerInfo.java:lambda$new$0(50)) - 60495572-bdb4-4166-a9f8-8e0b44435d6e->529c5652-087d-4c43-9294-d00b840a14af: nextIndex: updateUnconditionally 1 -> 0
2019-07-14 01:10:36,147 INFO  server.GrpcService (GrpcService.java:closeImpl(155)) - 37063b8d-e7d5-49a0-8b83-6f3d88b53f13: shutdown server with port 36015 now
2019-07-14 01:10:36,148 INFO  utils.BackgroundService (BackgroundService.java:shutdown(148)) - Shutting down service BlockDeletingService
2019-07-14 01:10:36,148 INFO  server.GrpcService (GrpcService.java:closeImpl(163)) - 37063b8d-e7d5-49a0-8b83-6f3d88b53f13: shutdown server with port 36015 successfully
2019-07-14 01:10:36,150 WARN  fs.CachingGetSpaceUsed (CachingGetSpaceUsed.java:run(183)) - Thread Interrupted waiting to refresh disk information: sleep interrupted
2019-07-14 01:10:36,151 INFO  utils.BackgroundService (BackgroundService.java:shutdown(148)) - Shutting down service BlockDeletingService
2019-07-14 01:10:36,157 WARN  fs.CachingGetSpaceUsed (CachingGetSpaceUsed.java:run(183)) - Thread Interrupted waiting to refresh disk information: sleep interrupted
2019-07-14 01:10:36,172 INFO  statemachine.DatanodeStateMachine (DatanodeStateMachine.java:stopDaemon(395)) - Ozone container server stopped.
2019-07-14 01:10:36,178 INFO  statemachine.DatanodeStateMachine (DatanodeStateMachine.java:stopDaemon(395)) - Ozone container server stopped.
2019-07-14 01:10:36,184 INFO  handler.ContextHandler (ContextHandler.java:doStop(910)) - Stopped o.e.j.w.WebAppContext@34a06981{/,null,UNAVAILABLE}{/hddsDatanode}
2019-07-14 01:10:36,185 INFO  handler.ContextHandler (ContextHandler.java:doStop(910)) - Stopped o.e.j.w.WebAppContext@50ba19df{/,null,UNAVAILABLE}{/hddsDatanode}
2019-07-14 01:10:36,186 INFO  server.AbstractConnector (AbstractConnector.java:doStop(318)) - Stopped ServerConnector@458500d1{HTTP/1.1,[http/1.1]}{0.0.0.0:0}
2019-07-14 01:10:36,186 INFO  server.AbstractConnector (AbstractConnector.java:doStop(318)) - Stopped ServerConnector@726882da{HTTP/1.1,[http/1.1]}{0.0.0.0:0}
2019-07-14 01:10:36,186 INFO  handler.ContextHandler (ContextHandler.java:doStop(910)) - Stopped o.e.j.s.ServletContextHandler@39aaa7db{/static,jar:file:/home/user/.m2/repository/org/apache/hadoop/hadoop-hdds-container-service/0.5.0-SNAPSHOT/hadoop-hdds-container-service-0.5.0-SNAPSHOT.jar!/webapps/static,UNAVAILABLE}
2019-07-14 01:10:36,188 INFO  handler.ContextHandler (ContextHandler.java:doStop(910)) - Stopped o.e.j.s.ServletContextHandler@5e2ab1c{/static,jar:file:/home/user/.m2/repository/org/apache/hadoop/hadoop-hdds-container-service/0.5.0-SNAPSHOT/hadoop-hdds-container-service-0.5.0-SNAPSHOT.jar!/webapps/static,UNAVAILABLE}
2019-07-14 01:10:36,190 INFO  handler.ContextHandler (ContextHandler.java:doStop(910)) - Stopped o.e.j.s.ServletContextHandler@9214725{/logs,file:///tmp/workdir/hadoop-ozone/integration-test/target/log,UNAVAILABLE}
2019-07-14 01:10:36,190 INFO  handler.ContextHandler (ContextHandler.java:doStop(910)) - Stopped o.e.j.s.ServletContextHandler@4d1a763c{/logs,file:///tmp/workdir/hadoop-ozone/integration-test/target/log,UNAVAILABLE}
2019-07-14 01:10:36,192 INFO  datanode.ObjectStoreHandler (ObjectStoreHandler.java:close(155)) - Closing ObjectStoreHandler.
2019-07-14 01:10:36,192 INFO  datanode.ObjectStoreHandler (ObjectStoreHandler.java:close(155)) - Closing ObjectStoreHandler.
2019-07-14 01:10:36,192 INFO  ozone.HddsDatanodeService (HddsDatanodeService.java:stop(452)) - Stopped plug-in org.apache.hadoop.ozone.web.OzoneHddsDatanodeService@32eca9f4
2019-07-14 01:10:36,192 INFO  ozone.HddsDatanodeService (HddsDatanodeService.java:stop(452)) - Stopped plug-in org.apache.hadoop.ozone.web.OzoneHddsDatanodeService@21312b5
2019-07-14 01:10:36,196 INFO  statemachine.DatanodeStateMachine (DatanodeStateMachine.java:lambda$startDaemon$0(350)) - Ozone container server started.
2019-07-14 01:10:36,374 INFO  statemachine.DatanodeStateMachine (DatanodeStateMachine.java:lambda$startDaemon$0(350)) - Ozone container server started.
2019-07-14 01:10:36,994 WARN  server.GrpcLogAppender (LogUtils.java:warn(134)) - 60495572-bdb4-4166-a9f8-8e0b44435d6e->781083b1-751b-473f-a6ec-84f01521c523: Failed appendEntries: org.apache.ratis.thirdparty.io.grpc.StatusRuntimeException: UNAVAILABLE: io exception
2019-07-14 01:10:36,994 INFO  impl.FollowerInfo (FollowerInfo.java:lambda$new$0(50)) - 60495572-bdb4-4166-a9f8-8e0b44435d6e->781083b1-751b-473f-a6ec-84f01521c523: nextIndex: updateUnconditionally 0 -> 0
2019-07-14 01:10:36,996 WARN  server.GrpcLogAppender (LogUtils.java:warn(134)) - 60495572-bdb4-4166-a9f8-8e0b44435d6e->529c5652-087d-4c43-9294-d00b840a14af: Failed appendEntries: org.apache.ratis.thirdparty.io.grpc.StatusRuntimeException: UNAVAILABLE: io exception
2019-07-14 01:10:36,996 INFO  impl.FollowerInfo (FollowerInfo.java:lambda$new$0(50)) - 60495572-bdb4-4166-a9f8-8e0b44435d6e->529c5652-087d-4c43-9294-d00b840a14af: nextIndex: updateUnconditionally 0 -> 0
2019-07-14 01:10:39,494 WARN  server.GrpcLogAppender (LogUtils.java:warn(134)) - 60495572-bdb4-4166-a9f8-8e0b44435d6e->781083b1-751b-473f-a6ec-84f01521c523: Failed appendEntries: org.apache.ratis.thirdparty.io.grpc.StatusRuntimeException: UNAVAILABLE: io exception
2019-07-14 01:10:39,495 INFO  impl.FollowerInfo (FollowerInfo.java:lambda$new$0(50)) - 60495572-bdb4-4166-a9f8-8e0b44435d6e->781083b1-751b-473f-a6ec-84f01521c523: nextIndex: updateUnconditionally 0 -> 0
2019-07-14 01:10:39,496 WARN  server.GrpcLogAppender (LogUtils.java:warn(134)) - 60495572-bdb4-4166-a9f8-8e0b44435d6e->529c5652-087d-4c43-9294-d00b840a14af: Failed appendEntries: org.apache.ratis.thirdparty.io.grpc.StatusRuntimeException: UNAVAILABLE: io exception
2019-07-14 01:10:39,497 INFO  impl.FollowerInfo (FollowerInfo.java:lambda$new$0(50)) - 60495572-bdb4-4166-a9f8-8e0b44435d6e->529c5652-087d-4c43-9294-d00b840a14af: nextIndex: updateUnconditionally 0 -> 0
2019-07-14 01:10:40,202 INFO  node.StaleNodeHandler (StaleNodeHandler.java:onMessage(58)) - Datanode 60495572-bdb4-4166-a9f8-8e0b44435d6e{ip: 192.168.157.230, host: trunk-nightly-sxkq5-3320257302, networkLocation: /default-rack, certSerialId: null} moved to stale state. Finalizing its pipelines [PipelineID=c1823fcc-9898-460c-a134-1809d5f21526, PipelineID=2df8594a-e215-4e78-8df7-5563c5c29ab2]
2019-07-14 01:10:40,203 INFO  pipeline.SCMPipelineManager (SCMPipelineManager.java:finalizeAndDestroyPipeline(309)) - destroying pipeline:Pipeline[ Id: c1823fcc-9898-460c-a134-1809d5f21526, Nodes: 60495572-bdb4-4166-a9f8-8e0b44435d6e{ip: 192.168.157.230, host: trunk-nightly-sxkq5-3320257302, networkLocation: /default-rack, certSerialId: null}529c5652-087d-4c43-9294-d00b840a14af{ip: 192.168.157.230, host: trunk-nightly-sxkq5-3320257302, networkLocation: /default-rack, certSerialId: null}781083b1-751b-473f-a6ec-84f01521c523{ip: 192.168.157.230, host: trunk-nightly-sxkq5-3320257302, networkLocation: /default-rack, certSerialId: null}, Type:RATIS, Factor:THREE, State:CLOSED]
2019-07-14 01:10:40,203 INFO  pipeline.SCMPipelineManager (SCMPipelineManager.java:finalizeAndDestroyPipeline(309)) - destroying pipeline:Pipeline[ Id: 2df8594a-e215-4e78-8df7-5563c5c29ab2, Nodes: 60495572-bdb4-4166-a9f8-8e0b44435d6e{ip: 192.168.157.230, host: trunk-nightly-sxkq5-3320257302, networkLocation: /default-rack, certSerialId: null}, Type:RATIS, Factor:ONE, State:OPEN]
2019-07-14 01:10:40,203 INFO  pipeline.PipelineStateManager (PipelineStateManager.java:finalizePipeline(123)) - Pipeline Pipeline[ Id: 2df8594a-e215-4e78-8df7-5563c5c29ab2, Nodes: 60495572-bdb4-4166-a9f8-8e0b44435d6e{ip: 192.168.157.230, host: trunk-nightly-sxkq5-3320257302, networkLocation: /default-rack, certSerialId: null}, Type:RATIS, Factor:ONE, State:CLOSED] moved to CLOSED state
2019-07-14 01:10:40,403 INFO  node.StaleNodeHandler (StaleNodeHandler.java:onMessage(58)) - Datanode 48a93c1a-6046-466c-85bd-d77ccfbd25b0{ip: 192.168.157.230, host: trunk-nightly-sxkq5-3320257302, networkLocation: /default-rack, certSerialId: null} moved to stale state. Finalizing its pipelines [PipelineID=32315342-7fee-40f8-ad45-7ab39a30bb5a]
2019-07-14 01:10:40,403 INFO  pipeline.SCMPipelineManager (SCMPipelineManager.java:finalizeAndDestroyPipeline(309)) - destroying pipeline:Pipeline[ Id: 32315342-7fee-40f8-ad45-7ab39a30bb5a, Nodes: 48a93c1a-6046-466c-85bd-d77ccfbd25b0{ip: 192.168.157.230, host: trunk-nightly-sxkq5-3320257302, networkLocation: /default-rack, certSerialId: null}, Type:RATIS, Factor:ONE, State:OPEN]
2019-07-14 01:10:40,403 INFO  pipeline.PipelineStateManager (PipelineStateManager.java:finalizePipeline(123)) - Pipeline Pipeline[ Id: 32315342-7fee-40f8-ad45-7ab39a30bb5a, Nodes: 48a93c1a-6046-466c-85bd-d77ccfbd25b0{ip: 192.168.157.230, host: trunk-nightly-sxkq5-3320257302, networkLocation: /default-rack, certSerialId: null}, Type:RATIS, Factor:ONE, State:CLOSED] moved to CLOSED state
2019-07-14 01:10:41,193 INFO  ozoneimpl.OzoneContainer (OzoneContainer.java:stop(199)) - Attempting to stop container services.
2019-07-14 01:10:41,193 INFO  ozoneimpl.OzoneContainer (OzoneContainer.java:stop(199)) - Attempting to stop container services.
2019-07-14 01:10:41,194 INFO  impl.RaftServerProxy (RaftServerProxy.java:lambda$close$4(314)) - 48a93c1a-6046-466c-85bd-d77ccfbd25b0: close
2019-07-14 01:10:41,194 INFO  impl.RaftServerProxy (RaftServerProxy.java:lambda$close$4(314)) - 60495572-bdb4-4166-a9f8-8e0b44435d6e: close
2019-07-14 01:10:41,195 INFO  impl.RaftServerImpl (RaftServerImpl.java:lambda$shutdown$3(245)) - 48a93c1a-6046-466c-85bd-d77ccfbd25b0: shutdown group-7AB39A30BB5A
2019-07-14 01:10:41,195 INFO  impl.RaftServerImpl (RaftServerImpl.java:lambda$shutdown$3(245)) - 60495572-bdb4-4166-a9f8-8e0b44435d6e: shutdown group-1809D5F21526
2019-07-14 01:10:41,195 INFO  util.JmxRegister (JmxRegister.java:unregister(73)) - Successfully un-registered JMX Bean with object name Ratis:service=RaftServer,group=group-7AB39A30BB5A,id=48a93c1a-6046-466c-85bd-d77ccfbd25b0
2019-07-14 01:10:41,196 INFO  util.JmxRegister (JmxRegister.java:unregister(73)) - Successfully un-registered JMX Bean with object name Ratis:service=RaftServer,group=group-1809D5F21526,id=60495572-bdb4-4166-a9f8-8e0b44435d6e
2019-07-14 01:10:41,196 INFO  impl.RoleInfo (RoleInfo.java:shutdownLeaderState(104)) - 48a93c1a-6046-466c-85bd-d77ccfbd25b0: shutdown LeaderState
2019-07-14 01:10:41,196 INFO  impl.RoleInfo (RoleInfo.java:shutdownLeaderState(104)) - 60495572-bdb4-4166-a9f8-8e0b44435d6e: shutdown LeaderState
2019-07-14 01:10:41,197 INFO  impl.PendingRequests (PendingRequests.java:sendNotLeaderResponses(202)) - 48a93c1a-6046-466c-85bd-d77ccfbd25b0-PendingRequests: sendNotLeaderResponses
2019-07-14 01:10:41,197 WARN  server.GrpcLogAppender (GrpcLogAppender.java:mayWait(143)) - GrpcLogAppender(60495572-bdb4-4166-a9f8-8e0b44435d6e->529c5652-087d-4c43-9294-d00b840a14af): Wait interrupted by java.lang.InterruptedException
2019-07-14 01:10:41,197 WARN  server.GrpcLogAppender (GrpcLogAppender.java:mayWait(143)) - GrpcLogAppender(60495572-bdb4-4166-a9f8-8e0b44435d6e->781083b1-751b-473f-a6ec-84f01521c523): Wait interrupted by java.lang.InterruptedException
2019-07-14 01:10:41,197 INFO  impl.PendingRequests (PendingRequests.java:sendNotLeaderResponses(202)) - 60495572-bdb4-4166-a9f8-8e0b44435d6e-PendingRequests: sendNotLeaderResponses
2019-07-14 01:10:41,198 INFO  ratis.ContainerStateMachine (ContainerStateMachine.java:takeSnapshot(246)) - Taking snapshot at termIndex:(t:0, i:~)
2019-07-14 01:10:41,197 INFO  impl.StateMachineUpdater (StateMachineUpdater.java:stopAndJoin(115)) - StateMachineUpdater:48a93c1a-6046-466c-85bd-d77ccfbd25b0:group-7AB39A30BB5A: set stopIndex = 0
2019-07-14 01:10:41,199 INFO  impl.RaftServerImpl (ServerState.java:close(394)) - 48a93c1a-6046-466c-85bd-d77ccfbd25b0:group-7AB39A30BB5A closes. The last applied log index is 0
2019-07-14 01:10:41,198 INFO  ratis.ContainerStateMachine (ContainerStateMachine.java:takeSnapshot(246)) - Taking snapshot at termIndex:(t:0, i:~)
2019-07-14 01:10:41,198 INFO  impl.StateMachineUpdater (StateMachineUpdater.java:stopAndJoin(115)) - StateMachineUpdater:60495572-bdb4-4166-a9f8-8e0b44435d6e:group-1809D5F21526: set stopIndex = 0
2019-07-14 01:10:41,199 INFO  segmented.SegmentedRaftLogWorker (SegmentedRaftLogWorker.java:run(313)) - 48a93c1a-6046-466c-85bd-d77ccfbd25b0-SegmentedRaftLogWorker:Storage Directory /tmp/workdir/hadoop-ozone/integration-test/target/test-dir/MiniOzoneClusterImpl-7d291438-c8fc-43b5-90e6-bf32aa58510a/datanode-6/data/ratis/32315342-7fee-40f8-ad45-7ab39a30bb5a was interrupted, exiting. There are 0 tasks remaining in the queue.
2019-07-14 01:10:41,200 INFO  impl.RaftServerImpl (ServerState.java:close(394)) - 60495572-bdb4-4166-a9f8-8e0b44435d6e:group-1809D5F21526 closes. The last applied log index is 0
2019-07-14 01:10:41,202 INFO  segmented.SegmentedRaftLogWorker (SegmentedRaftLogWorker.java:close(228)) - 48a93c1a-6046-466c-85bd-d77ccfbd25b0-SegmentedRaftLogWorker:Storage Directory /tmp/workdir/hadoop-ozone/integration-test/target/test-dir/MiniOzoneClusterImpl-7d291438-c8fc-43b5-90e6-bf32aa58510a/datanode-6/data/ratis/32315342-7fee-40f8-ad45-7ab39a30bb5a close()
2019-07-14 01:10:41,203 INFO  segmented.SegmentedRaftLogWorker (SegmentedRaftLogWorker.java:run(313)) - 60495572-bdb4-4166-a9f8-8e0b44435d6e-SegmentedRaftLogWorker:Storage Directory /tmp/workdir/hadoop-ozone/integration-test/target/test-dir/MiniOzoneClusterImpl-7d291438-c8fc-43b5-90e6-bf32aa58510a/datanode-5/data/ratis/c1823fcc-9898-460c-a134-1809d5f21526 was interrupted, exiting. There are 0 tasks remaining in the queue.
2019-07-14 01:10:41,206 INFO  server.GrpcService (GrpcService.java:closeImpl(155)) - 48a93c1a-6046-466c-85bd-d77ccfbd25b0: shutdown server with port 39300 now
2019-07-14 01:10:41,207 INFO  segmented.SegmentedRaftLogWorker (SegmentedRaftLogWorker.java:close(228)) - 60495572-bdb4-4166-a9f8-8e0b44435d6e-SegmentedRaftLogWorker:Storage Directory /tmp/workdir/hadoop-ozone/integration-test/target/test-dir/MiniOzoneClusterImpl-7d291438-c8fc-43b5-90e6-bf32aa58510a/datanode-5/data/ratis/c1823fcc-9898-460c-a134-1809d5f21526 close()
2019-07-14 01:10:41,218 INFO  server.GrpcService (GrpcService.java:closeImpl(163)) - 48a93c1a-6046-466c-85bd-d77ccfbd25b0: shutdown server with port 39300 successfully
2019-07-14 01:10:41,220 INFO  impl.RaftServerImpl (RaftServerImpl.java:lambda$shutdown$3(245)) - 60495572-bdb4-4166-a9f8-8e0b44435d6e: shutdown group-5563C5C29AB2
2019-07-14 01:10:41,220 INFO  util.JmxRegister (JmxRegister.java:unregister(73)) - Successfully un-registered JMX Bean with object name Ratis:service=RaftServer,group=group-5563C5C29AB2,id=60495572-bdb4-4166-a9f8-8e0b44435d6e
2019-07-14 01:10:41,221 INFO  impl.RoleInfo (RoleInfo.java:shutdownLeaderState(104)) - 60495572-bdb4-4166-a9f8-8e0b44435d6e: shutdown LeaderState
2019-07-14 01:10:41,221 INFO  impl.PendingRequests (PendingRequests.java:sendNotLeaderResponses(202)) - 60495572-bdb4-4166-a9f8-8e0b44435d6e-PendingRequests: sendNotLeaderResponses
2019-07-14 01:10:41,221 INFO  utils.BackgroundService (BackgroundService.java:shutdown(148)) - Shutting down service BlockDeletingService
2019-07-14 01:10:41,222 INFO  ratis.ContainerStateMachine (ContainerStateMachine.java:takeSnapshot(246)) - Taking snapshot at termIndex:(t:0, i:~)
2019-07-14 01:10:41,222 INFO  impl.StateMachineUpdater (StateMachineUpdater.java:stopAndJoin(115)) - StateMachineUpdater:60495572-bdb4-4166-a9f8-8e0b44435d6e:group-5563C5C29AB2: set stopIndex = 0
2019-07-14 01:10:41,224 INFO  impl.RaftServerImpl (ServerState.java:close(394)) - 60495572-bdb4-4166-a9f8-8e0b44435d6e:group-5563C5C29AB2 closes. The last applied log index is 0
2019-07-14 01:10:41,224 INFO  segmented.SegmentedRaftLogWorker (SegmentedRaftLogWorker.java:run(313)) - 60495572-bdb4-4166-a9f8-8e0b44435d6e-SegmentedRaftLogWorker:Storage Directory /tmp/workdir/hadoop-ozone/integration-test/target/test-dir/MiniOzoneClusterImpl-7d291438-c8fc-43b5-90e6-bf32aa58510a/datanode-5/data/ratis/2df8594a-e215-4e78-8df7-5563c5c29ab2 was interrupted, exiting. There are 0 tasks remaining in the queue.
2019-07-14 01:10:41,225 INFO  segmented.SegmentedRaftLogWorker (SegmentedRaftLogWorker.java:close(228)) - 60495572-bdb4-4166-a9f8-8e0b44435d6e-SegmentedRaftLogWorker:Storage Directory /tmp/workdir/hadoop-ozone/integration-test/target/test-dir/MiniOzoneClusterImpl-7d291438-c8fc-43b5-90e6-bf32aa58510a/datanode-5/data/ratis/2df8594a-e215-4e78-8df7-5563c5c29ab2 close()
2019-07-14 01:10:41,226 INFO  server.GrpcService (GrpcService.java:closeImpl(155)) - 60495572-bdb4-4166-a9f8-8e0b44435d6e: shutdown server with port 42401 now
2019-07-14 01:10:41,227 WARN  fs.CachingGetSpaceUsed (CachingGetSpaceUsed.java:run(183)) - Thread Interrupted waiting to refresh disk information: sleep interrupted
2019-07-14 01:10:41,227 INFO  server.GrpcService (GrpcService.java:closeImpl(163)) - 60495572-bdb4-4166-a9f8-8e0b44435d6e: shutdown server with port 42401 successfully
2019-07-14 01:10:41,229 INFO  utils.BackgroundService (BackgroundService.java:shutdown(148)) - Shutting down service BlockDeletingService
2019-07-14 01:10:41,231 WARN  fs.CachingGetSpaceUsed (CachingGetSpaceUsed.java:run(183)) - Thread Interrupted waiting to refresh disk information: sleep interrupted
2019-07-14 01:10:41,246 INFO  statemachine.DatanodeStateMachine (DatanodeStateMachine.java:stopDaemon(395)) - Ozone container server stopped.
2019-07-14 01:10:41,252 INFO  statemachine.DatanodeStateMachine (DatanodeStateMachine.java:stopDaemon(395)) - Ozone container server stopped.
2019-07-14 01:10:41,258 INFO  handler.ContextHandler (ContextHandler.java:doStop(910)) - Stopped o.e.j.w.WebAppContext@5623fd90{/,null,UNAVAILABLE}{/hddsDatanode}
2019-07-14 01:10:41,259 INFO  handler.ContextHandler (ContextHandler.java:doStop(910)) - Stopped o.e.j.w.WebAppContext@e10809f{/,null,UNAVAILABLE}{/hddsDatanode}
2019-07-14 01:10:41,261 INFO  server.AbstractConnector (AbstractConnector.java:doStop(318)) - Stopped ServerConnector@4842a683{HTTP/1.1,[http/1.1]}{0.0.0.0:0}
2019-07-14 01:10:41,261 INFO  server.AbstractConnector (AbstractConnector.java:doStop(318)) - Stopped ServerConnector@470c2a7a{HTTP/1.1,[http/1.1]}{0.0.0.0:0}
2019-07-14 01:10:41,261 INFO  handler.ContextHandler (ContextHandler.java:doStop(910)) - Stopped o.e.j.s.ServletContextHandler@14144cc9{/static,jar:file:/home/user/.m2/repository/org/apache/hadoop/hadoop-hdds-container-service/0.5.0-SNAPSHOT/hadoop-hdds-container-service-0.5.0-SNAPSHOT.jar!/webapps/static,UNAVAILABLE}
2019-07-14 01:10:41,262 INFO  handler.ContextHandler (ContextHandler.java:doStop(910)) - Stopped o.e.j.s.ServletContextHandler@56d4481f{/static,jar:file:/home/user/.m2/repository/org/apache/hadoop/hadoop-hdds-container-service/0.5.0-SNAPSHOT/hadoop-hdds-container-service-0.5.0-SNAPSHOT.jar!/webapps/static,UNAVAILABLE}
2019-07-14 01:10:41,263 INFO  handler.ContextHandler (ContextHandler.java:doStop(910)) - Stopped o.e.j.s.ServletContextHandler@58052571{/logs,file:///tmp/workdir/hadoop-ozone/integration-test/target/log,UNAVAILABLE}
2019-07-14 01:10:41,264 INFO  handler.ContextHandler (ContextHandler.java:doStop(910)) - Stopped o.e.j.s.ServletContextHandler@4ce9985f{/logs,file:///tmp/workdir/hadoop-ozone/integration-test/target/log,UNAVAILABLE}
2019-07-14 01:10:41,265 INFO  ozone.MiniOzoneClusterImpl (MiniOzoneClusterImpl.java:stop(353)) - Stopping the StorageContainerManager
2019-07-14 01:10:41,265 INFO  server.StorageContainerManager (StorageContainerManager.java:stop(796)) - Stopping Replication Manager Service.
2019-07-14 01:10:41,266 INFO  container.ReplicationManager (ReplicationManager.java:stop(187)) - Stopping Replication Monitor Thread.
2019-07-14 01:10:41,266 INFO  server.StorageContainerManager (StorageContainerManager.java:stop(803)) - Stopping Lease Manager of the command watchers
2019-07-14 01:10:41,266 INFO  server.StorageContainerManager (StorageContainerManager.java:stop(810)) - Stopping datanode service RPC server
2019-07-14 01:10:41,266 INFO  server.SCMDatanodeProtocolServer (SCMDatanodeProtocolServer.java:stop(375)) - Stopping the RPC server for DataNodes
2019-07-14 01:10:41,266 INFO  ipc.Server (Server.java:stop(3082)) - Stopping server on 44725
2019-07-14 01:10:41,269 INFO  ipc.Server (Server.java:run(1185)) - Stopping IPC Server listener on 44725
2019-07-14 01:10:41,270 INFO  ipc.Server (Server.java:run(1319)) - Stopping IPC Server Responder
2019-07-14 01:10:41,304 WARN  node.NodeStateManager (NodeStateManager.java:scheduleNextHealthCheck(631)) - Current Thread is interrupted, shutting down HB processing thread for Node Manager.
2019-07-14 01:10:41,305 INFO  server.StorageContainerManager (StorageContainerManager.java:stop(818)) - Stopping block service RPC server
2019-07-14 01:10:41,305 INFO  server.SCMBlockProtocolServer (SCMBlockProtocolServer.java:stop(148)) - Stopping the RPC server for Block Protocol
2019-07-14 01:10:41,305 INFO  ipc.Server (Server.java:stop(3082)) - Stopping server on 42117
2019-07-14 01:10:41,308 INFO  ipc.Server (Server.java:run(1185)) - Stopping IPC Server listener on 42117
2019-07-14 01:10:41,308 INFO  server.StorageContainerManager (StorageContainerManager.java:stop(825)) - Stopping the StorageContainerLocationProtocol RPC server
2019-07-14 01:10:41,309 INFO  server.SCMClientProtocolServer (SCMClientProtocolServer.java:stop(157)) - Stopping the RPC server for Client Protocol
2019-07-14 01:10:41,309 INFO  ipc.Server (Server.java:stop(3082)) - Stopping server on 36300
2019-07-14 01:10:41,309 INFO  ipc.Server (Server.java:run(1319)) - Stopping IPC Server Responder
2019-07-14 01:10:41,312 INFO  ipc.Server (Server.java:run(1185)) - Stopping IPC Server listener on 36300
2019-07-14 01:10:41,312 INFO  server.StorageContainerManager (StorageContainerManager.java:stop(832)) - Stopping Storage Container Manager HTTP server.
2019-07-14 01:10:41,312 INFO  ipc.Server (Server.java:run(1319)) - Stopping IPC Server Responder
2019-07-14 01:10:41,313 INFO  handler.ContextHandler (ContextHandler.java:doStop(910)) - Stopped o.e.j.w.WebAppContext@650997b0{/,null,UNAVAILABLE}{/scm}
2019-07-14 01:10:41,314 INFO  server.AbstractConnector (AbstractConnector.java:doStop(318)) - Stopped ServerConnector@7337f87e{HTTP/1.1,[http/1.1]}{0.0.0.0:0}
2019-07-14 01:10:41,314 INFO  handler.ContextHandler (ContextHandler.java:doStop(910)) - Stopped o.e.j.s.ServletContextHandler@34947355{/static,file:///tmp/workdir/hadoop-ozone/integration-test/target/test-classes/webapps/static,UNAVAILABLE}
2019-07-14 01:10:41,315 INFO  handler.ContextHandler (ContextHandler.java:doStop(910)) - Stopped o.e.j.s.ServletContextHandler@74f9004c{/logs,file:///tmp/workdir/hadoop-ozone/integration-test/target/log,UNAVAILABLE}
2019-07-14 01:10:41,315 INFO  server.StorageContainerManager (StorageContainerManager.java:stop(843)) - Stopping Block Manager Service.
2019-07-14 01:10:41,316 INFO  utils.BackgroundService (BackgroundService.java:shutdown(148)) - Shutting down service SCMBlockDeletingService
2019-07-14 01:10:41,316 INFO  utils.BackgroundService (BackgroundService.java:shutdown(148)) - Shutting down service SCMBlockDeletingService
2019-07-14 01:10:41,317 INFO  server.StorageContainerManager (StorageContainerManager.java:stop(865)) - Stopping SCM Event Queue.
2019-07-14 01:10:41,322 INFO  impl.MetricsSystemImpl (MetricsSystemImpl.java:stop(210)) - Stopping HddsDatanode metrics system...
2019-07-14 01:10:41,332 INFO  impl.MetricsSystemImpl (MetricsSystemImpl.java:stop(216)) - HddsDatanode metrics system stopped.
]]></system-out>
    <system-err><![CDATA[Jul 14, 2019 1:10:09 AM com.sun.jersey.server.impl.application.WebApplicationImpl _initiate
INFO: Initiating Jersey application, version 'Jersey: 1.19 02/11/2015 03:25 AM'
Jul 14, 2019 1:10:09 AM com.sun.jersey.server.impl.application.WebApplicationImpl _initiate
INFO: Initiating Jersey application, version 'Jersey: 1.19 02/11/2015 03:25 AM'
Jul 14, 2019 1:10:09 AM com.sun.jersey.server.impl.application.WebApplicationImpl _initiate
INFO: Initiating Jersey application, version 'Jersey: 1.19 02/11/2015 03:25 AM'
Jul 14, 2019 1:10:09 AM com.sun.jersey.server.impl.application.WebApplicationImpl _initiate
INFO: Initiating Jersey application, version 'Jersey: 1.19 02/11/2015 03:25 AM'
Jul 14, 2019 1:10:09 AM com.sun.jersey.server.impl.application.WebApplicationImpl _initiate
INFO: Initiating Jersey application, version 'Jersey: 1.19 02/11/2015 03:25 AM'
Jul 14, 2019 1:10:10 AM com.sun.jersey.server.impl.application.WebApplicationImpl _initiate
INFO: Initiating Jersey application, version 'Jersey: 1.19 02/11/2015 03:25 AM'
Jul 14, 2019 1:10:10 AM com.sun.jersey.server.impl.application.WebApplicationImpl _initiate
INFO: Initiating Jersey application, version 'Jersey: 1.19 02/11/2015 03:25 AM'
Jul 14, 2019 1:10:13 AM org.apache.ratis.thirdparty.io.grpc.internal.ManagedChannelOrphanWrapper$ManagedChannelReference cleanQueue
SEVERE: *~*~*~ Channel ManagedChannelImpl{logId=2532, target=192.168.157.230:40946} was not shutdown properly!!! ~*~*~*
    Make sure to call shutdown()/shutdownNow() and wait until awaitTermination() returns true.
java.lang.RuntimeException: ManagedChannel allocation site
	at org.apache.ratis.thirdparty.io.grpc.internal.ManagedChannelOrphanWrapper$ManagedChannelReference.<init>(ManagedChannelOrphanWrapper.java:103)
	at org.apache.ratis.thirdparty.io.grpc.internal.ManagedChannelOrphanWrapper.<init>(ManagedChannelOrphanWrapper.java:53)
	at org.apache.ratis.thirdparty.io.grpc.internal.ManagedChannelOrphanWrapper.<init>(ManagedChannelOrphanWrapper.java:44)
	at org.apache.ratis.thirdparty.io.grpc.internal.AbstractManagedChannelImplBuilder.build(AbstractManagedChannelImplBuilder.java:411)
	at org.apache.ratis.grpc.client.GrpcClientProtocolClient.<init>(GrpcClientProtocolClient.java:119)
	at org.apache.ratis.grpc.client.GrpcClientRpc.lambda$new$0(GrpcClientRpc.java:55)
	at org.apache.ratis.util.PeerProxyMap$PeerAndProxy.lambda$getProxy$0(PeerProxyMap.java:61)
	at org.apache.ratis.util.LifeCycle.startAndTransition(LifeCycle.java:202)
	at org.apache.ratis.util.PeerProxyMap$PeerAndProxy.getProxy(PeerProxyMap.java:60)
	at org.apache.ratis.util.PeerProxyMap.getProxy(PeerProxyMap.java:107)
	at org.apache.ratis.grpc.client.GrpcClientRpc.sendRequestAsync(GrpcClientRpc.java:66)
	at org.apache.ratis.client.impl.OrderedAsync.sendRequest(OrderedAsync.java:208)
	at org.apache.ratis.client.impl.OrderedAsync.sendRequestWithRetry(OrderedAsync.java:169)
	at org.apache.ratis.util.SlidingWindow$Client.sendOrDelayRequest(SlidingWindow.java:278)
	at org.apache.ratis.util.SlidingWindow$Client.retry(SlidingWindow.java:294)
	at org.apache.ratis.client.impl.OrderedAsync.lambda$scheduleWithTimeout$7(OrderedAsync.java:195)
	at org.apache.ratis.util.TimeoutScheduler.lambda$onTimeout$0(TimeoutScheduler.java:85)
	at org.apache.ratis.util.TimeoutScheduler.lambda$onTimeout$1(TimeoutScheduler.java:104)
	at org.apache.ratis.util.LogUtils.runAndLog(LogUtils.java:50)
	at org.apache.ratis.util.LogUtils$1.run(LogUtils.java:91)
	at java.util.concurrent.Executors$RunnableAdapter.call(Executors.java:511)
	at java.util.concurrent.FutureTask.run(FutureTask.java:266)
	at java.util.concurrent.ScheduledThreadPoolExecutor$ScheduledFutureTask.access$201(ScheduledThreadPoolExecutor.java:180)
	at java.util.concurrent.ScheduledThreadPoolExecutor$ScheduledFutureTask.run(ScheduledThreadPoolExecutor.java:293)
	at java.util.concurrent.ThreadPoolExecutor.runWorker(ThreadPoolExecutor.java:1149)
	at java.util.concurrent.ThreadPoolExecutor$Worker.run(ThreadPoolExecutor.java:624)
	at java.lang.Thread.run(Thread.java:748)

Jul 14, 2019 1:10:13 AM org.apache.ratis.thirdparty.io.grpc.internal.ManagedChannelOrphanWrapper$ManagedChannelReference cleanQueue
SEVERE: *~*~*~ Channel ManagedChannelImpl{logId=2537, target=192.168.157.230:36166} was not shutdown properly!!! ~*~*~*
    Make sure to call shutdown()/shutdownNow() and wait until awaitTermination() returns true.
java.lang.RuntimeException: ManagedChannel allocation site
	at org.apache.ratis.thirdparty.io.grpc.internal.ManagedChannelOrphanWrapper$ManagedChannelReference.<init>(ManagedChannelOrphanWrapper.java:103)
	at org.apache.ratis.thirdparty.io.grpc.internal.ManagedChannelOrphanWrapper.<init>(ManagedChannelOrphanWrapper.java:53)
	at org.apache.ratis.thirdparty.io.grpc.internal.ManagedChannelOrphanWrapper.<init>(ManagedChannelOrphanWrapper.java:44)
	at org.apache.ratis.thirdparty.io.grpc.internal.AbstractManagedChannelImplBuilder.build(AbstractManagedChannelImplBuilder.java:411)
	at org.apache.ratis.grpc.client.GrpcClientProtocolClient.<init>(GrpcClientProtocolClient.java:119)
	at org.apache.ratis.grpc.client.GrpcClientRpc.lambda$new$0(GrpcClientRpc.java:55)
	at org.apache.ratis.util.PeerProxyMap$PeerAndProxy.lambda$getProxy$0(PeerProxyMap.java:61)
	at org.apache.ratis.util.LifeCycle.startAndTransition(LifeCycle.java:202)
	at org.apache.ratis.util.PeerProxyMap$PeerAndProxy.getProxy(PeerProxyMap.java:60)
	at org.apache.ratis.util.PeerProxyMap.getProxy(PeerProxyMap.java:107)
	at org.apache.ratis.grpc.client.GrpcClientRpc.sendRequestAsync(GrpcClientRpc.java:66)
	at org.apache.ratis.client.impl.OrderedAsync.sendRequest(OrderedAsync.java:208)
	at org.apache.ratis.client.impl.OrderedAsync.sendRequestWithRetry(OrderedAsync.java:169)
	at org.apache.ratis.util.SlidingWindow$Client.sendOrDelayRequest(SlidingWindow.java:278)
	at org.apache.ratis.util.SlidingWindow$Client.submitNewRequest(SlidingWindow.java:257)
	at org.apache.ratis.client.impl.OrderedAsync.send(OrderedAsync.java:155)
	at org.apache.ratis.client.impl.RaftClientImpl.sendAsync(RaftClientImpl.java:145)
	at org.apache.ratis.client.impl.RaftClientImpl.sendAsync(RaftClientImpl.java:125)
	at org.apache.hadoop.hdds.scm.XceiverClientRatis.sendRequestAsync(XceiverClientRatis.java:224)
	at org.apache.hadoop.hdds.scm.XceiverClientRatis.sendCommandAsync(XceiverClientRatis.java:302)
	at org.apache.hadoop.hdds.scm.storage.ContainerProtocolCalls.writeChunkAsync(ContainerProtocolCalls.java:310)
	at org.apache.hadoop.hdds.scm.storage.BlockOutputStream.writeChunkToContainer(BlockOutputStream.java:610)
	at org.apache.hadoop.hdds.scm.storage.BlockOutputStream.writeChunk(BlockOutputStream.java:467)
	at org.apache.hadoop.hdds.scm.storage.BlockOutputStream.writeOnRetry(BlockOutputStream.java:293)
	at org.apache.hadoop.ozone.client.io.BlockOutputStreamEntry.writeOnRetry(BlockOutputStreamEntry.java:200)
	at org.apache.hadoop.ozone.client.io.KeyOutputStream.handleWrite(KeyOutputStream.java:209)
	at org.apache.hadoop.ozone.client.io.KeyOutputStream.handleRetry(KeyOutputStream.java:376)
	at org.apache.hadoop.ozone.client.io.KeyOutputStream.handleException(KeyOutputStream.java:325)
	at org.apache.hadoop.ozone.client.io.KeyOutputStream.handleFlushOrClose(KeyOutputStream.java:448)
	at org.apache.hadoop.ozone.client.io.KeyOutputStream.handleWrite(KeyOutputStream.java:235)
	at org.apache.hadoop.ozone.client.io.KeyOutputStream.write(KeyOutputStream.java:193)
	at org.apache.hadoop.ozone.client.io.OzoneOutputStream.write(OzoneOutputStream.java:49)
	at java.io.OutputStream.write(OutputStream.java:75)
	at org.apache.hadoop.ozone.client.rpc.TestBlockOutputStreamWithFailures.testWatchForCommitWithSingleNodeRatis(TestBlockOutputStreamWithFailures.java:881)
	at sun.reflect.NativeMethodAccessorImpl.invoke0(Native Method)
	at sun.reflect.NativeMethodAccessorImpl.invoke(NativeMethodAccessorImpl.java:62)
	at sun.reflect.DelegatingMethodAccessorImpl.invoke(DelegatingMethodAccessorImpl.java:43)
	at java.lang.reflect.Method.invoke(Method.java:498)
	at org.junit.runners.model.FrameworkMethod$1.runReflectiveCall(FrameworkMethod.java:47)
	at org.junit.internal.runners.model.ReflectiveCallable.run(ReflectiveCallable.java:12)
	at org.junit.runners.model.FrameworkMethod.invokeExplosively(FrameworkMethod.java:44)
	at org.junit.internal.runners.statements.InvokeMethod.evaluate(InvokeMethod.java:17)
	at org.junit.internal.runners.statements.RunBefores.evaluate(RunBefores.java:26)
	at org.junit.internal.runners.statements.RunAfters.evaluate(RunAfters.java:27)
	at org.junit.runners.ParentRunner.runLeaf(ParentRunner.java:271)
	at org.junit.runners.BlockJUnit4ClassRunner.runChild(BlockJUnit4ClassRunner.java:70)
	at org.junit.runners.BlockJUnit4ClassRunner.runChild(BlockJUnit4ClassRunner.java:50)
	at org.junit.runners.ParentRunner$3.run(ParentRunner.java:238)
	at org.junit.runners.ParentRunner$1.schedule(ParentRunner.java:63)
	at org.junit.runners.ParentRunner.runChildren(ParentRunner.java:236)
	at org.junit.runners.ParentRunner.access$000(ParentRunner.java:53)
	at org.junit.runners.ParentRunner$2.evaluate(ParentRunner.java:229)
	at org.junit.runners.ParentRunner.run(ParentRunner.java:309)
	at org.apache.maven.surefire.junit4.JUnit4Provider.execute(JUnit4Provider.java:365)
	at org.apache.maven.surefire.junit4.JUnit4Provider.executeWithRerun(JUnit4Provider.java:273)
	at org.apache.maven.surefire.junit4.JUnit4Provider.executeTestSet(JUnit4Provider.java:238)
	at org.apache.maven.surefire.junit4.JUnit4Provider.invoke(JUnit4Provider.java:159)
	at org.apache.maven.surefire.booter.ForkedBooter.invokeProviderInSameClassLoader(ForkedBooter.java:384)
	at org.apache.maven.surefire.booter.ForkedBooter.runSuitesInProcess(ForkedBooter.java:345)
	at org.apache.maven.surefire.booter.ForkedBooter.execute(ForkedBooter.java:126)
	at org.apache.maven.surefire.booter.ForkedBooter.main(ForkedBooter.java:418)

]]></system-err>
  </testcase>
  <testcase name="testFailureWithPrimeSizedData" classname="org.apache.hadoop.ozone.client.rpc.TestBlockOutputStreamWithFailures" time="34.491">
    <error type="java.lang.IllegalArgumentException">java.lang.IllegalArgumentException
	at com.google.common.base.Preconditions.checkArgument(Preconditions.java:72)
	at org.apache.hadoop.hdds.scm.XceiverClientManager.acquireClient(XceiverClientManager.java:150)
	at org.apache.hadoop.hdds.scm.XceiverClientManager.acquireClientForReadData(XceiverClientManager.java:143)
	at org.apache.hadoop.hdds.scm.storage.BlockInputStream.getChunkInfos(BlockInputStream.java:154)
	at org.apache.hadoop.hdds.scm.storage.BlockInputStream.initialize(BlockInputStream.java:118)
	at org.apache.hadoop.hdds.scm.storage.BlockInputStream.read(BlockInputStream.java:222)
	at org.apache.hadoop.ozone.client.io.KeyInputStream.read(KeyInputStream.java:171)
	at org.apache.hadoop.ozone.client.io.OzoneInputStream.read(OzoneInputStream.java:47)
	at java.io.InputStream.read(InputStream.java:101)
	at org.apache.hadoop.ozone.container.ContainerTestHelper.validateData(ContainerTestHelper.java:709)
	at org.apache.hadoop.ozone.client.rpc.TestBlockOutputStreamWithFailures.validateData(TestBlockOutputStreamWithFailures.java:1212)
	at org.apache.hadoop.ozone.client.rpc.TestBlockOutputStreamWithFailures.testFailureWithPrimeSizedData(TestBlockOutputStreamWithFailures.java:658)
	at sun.reflect.NativeMethodAccessorImpl.invoke0(Native Method)
	at sun.reflect.NativeMethodAccessorImpl.invoke(NativeMethodAccessorImpl.java:62)
	at sun.reflect.DelegatingMethodAccessorImpl.invoke(DelegatingMethodAccessorImpl.java:43)
	at java.lang.reflect.Method.invoke(Method.java:498)
	at org.junit.runners.model.FrameworkMethod$1.runReflectiveCall(FrameworkMethod.java:47)
	at org.junit.internal.runners.model.ReflectiveCallable.run(ReflectiveCallable.java:12)
	at org.junit.runners.model.FrameworkMethod.invokeExplosively(FrameworkMethod.java:44)
	at org.junit.internal.runners.statements.InvokeMethod.evaluate(InvokeMethod.java:17)
	at org.junit.internal.runners.statements.RunBefores.evaluate(RunBefores.java:26)
	at org.junit.internal.runners.statements.RunAfters.evaluate(RunAfters.java:27)
	at org.junit.runners.ParentRunner.runLeaf(ParentRunner.java:271)
	at org.junit.runners.BlockJUnit4ClassRunner.runChild(BlockJUnit4ClassRunner.java:70)
	at org.junit.runners.BlockJUnit4ClassRunner.runChild(BlockJUnit4ClassRunner.java:50)
	at org.junit.runners.ParentRunner$3.run(ParentRunner.java:238)
	at org.junit.runners.ParentRunner$1.schedule(ParentRunner.java:63)
	at org.junit.runners.ParentRunner.runChildren(ParentRunner.java:236)
	at org.junit.runners.ParentRunner.access$000(ParentRunner.java:53)
	at org.junit.runners.ParentRunner$2.evaluate(ParentRunner.java:229)
	at org.junit.runners.ParentRunner.run(ParentRunner.java:309)
	at org.apache.maven.surefire.junit4.JUnit4Provider.execute(JUnit4Provider.java:365)
	at org.apache.maven.surefire.junit4.JUnit4Provider.executeWithRerun(JUnit4Provider.java:273)
	at org.apache.maven.surefire.junit4.JUnit4Provider.executeTestSet(JUnit4Provider.java:238)
	at org.apache.maven.surefire.junit4.JUnit4Provider.invoke(JUnit4Provider.java:159)
	at org.apache.maven.surefire.booter.ForkedBooter.invokeProviderInSameClassLoader(ForkedBooter.java:384)
	at org.apache.maven.surefire.booter.ForkedBooter.runSuitesInProcess(ForkedBooter.java:345)
	at org.apache.maven.surefire.booter.ForkedBooter.execute(ForkedBooter.java:126)
	at org.apache.maven.surefire.booter.ForkedBooter.main(ForkedBooter.java:418)
</error>
    <system-out><![CDATA[2019-07-14 01:10:41,376 WARN  server.ServerUtils (ServerUtils.java:getScmDbDir(145)) - ozone.scm.db.dirs is not configured. We recommend adding this setting. Falling back to ozone.metadata.dirs instead.
2019-07-14 01:10:41,402 WARN  server.ServerUtils (ServerUtils.java:getScmDbDir(145)) - ozone.scm.db.dirs is not configured. We recommend adding this setting. Falling back to ozone.metadata.dirs instead.
2019-07-14 01:10:41,402 WARN  server.ServerUtils (ServerUtils.java:getScmDbDir(145)) - ozone.scm.db.dirs is not configured. We recommend adding this setting. Falling back to ozone.metadata.dirs instead.
2019-07-14 01:10:41,403 INFO  db.DBStoreBuilder (DBStoreBuilder.java:addTable(110)) - using custom profile for table: deletedBlocks
2019-07-14 01:10:41,403 INFO  db.DBStoreBuilder (DBStoreBuilder.java:processTables(161)) - Using default column profile:DBProfile.DISK for Table:deletedBlocks
2019-07-14 01:10:41,403 INFO  db.DBStoreBuilder (DBStoreBuilder.java:addTable(110)) - using custom profile for table: validCerts
2019-07-14 01:10:41,403 INFO  db.DBStoreBuilder (DBStoreBuilder.java:processTables(161)) - Using default column profile:DBProfile.DISK for Table:validCerts
2019-07-14 01:10:41,403 INFO  db.DBStoreBuilder (DBStoreBuilder.java:addTable(110)) - using custom profile for table: revokedCerts
2019-07-14 01:10:41,404 INFO  db.DBStoreBuilder (DBStoreBuilder.java:processTables(161)) - Using default column profile:DBProfile.DISK for Table:revokedCerts
2019-07-14 01:10:41,404 INFO  db.DBStoreBuilder (DBStoreBuilder.java:addTable(110)) - using custom profile for table: default
2019-07-14 01:10:41,404 INFO  db.DBStoreBuilder (DBStoreBuilder.java:processTables(167)) - Using default column profile:DBProfile.DISK for Table:default
2019-07-14 01:10:41,404 INFO  db.DBStoreBuilder (DBStoreBuilder.java:getDbProfile(198)) - Using default options. DBProfile.DISK
2019-07-14 01:10:41,557 INFO  net.NodeSchemaLoader (NodeSchemaLoader.java:loadSchemaFromFile(125)) - Loading file from sun.misc.CompoundEnumeration@5fe7454c
2019-07-14 01:10:41,558 INFO  net.NodeSchemaLoader (NodeSchemaLoader.java:loadSchema(171)) - Loading network topology layer schema file
2019-07-14 01:10:41,567 INFO  node.SCMNodeManager (SCMNodeManager.java:<init>(119)) - Entering startup safe mode.
2019-07-14 01:10:41,568 WARN  server.ServerUtils (ServerUtils.java:getScmDbDir(145)) - ozone.scm.db.dirs is not configured. We recommend adding this setting. Falling back to ozone.metadata.dirs instead.
2019-07-14 01:10:41,618 INFO  pipeline.SCMPipelineManager (SCMPipelineManager.java:initializePipelineState(126)) - No pipeline exists in current db
2019-07-14 01:10:41,618 WARN  server.ServerUtils (ServerUtils.java:getScmDbDir(145)) - ozone.scm.db.dirs is not configured. We recommend adding this setting. Falling back to ozone.metadata.dirs instead.
2019-07-14 01:10:41,679 WARN  events.EventQueue (EventQueue.java:fireEvent(175)) - No event handler registered for event TypedEvent{payloadType=SafeModeStatus, name='SafeModeStatus'}
2019-07-14 01:10:41,680 INFO  ipc.CallQueueManager (CallQueueManager.java:<init>(84)) - Using callQueue: class java.util.concurrent.LinkedBlockingQueue, queueCapacity: 2000, scheduler: class org.apache.hadoop.ipc.DefaultRpcScheduler, ipcBackoff: false.
2019-07-14 01:10:41,681 INFO  ipc.Server (Server.java:run(1074)) - Starting Socket Reader #1 for port 41004
2019-07-14 01:10:41,683 INFO  ipc.CallQueueManager (CallQueueManager.java:<init>(84)) - Using callQueue: class java.util.concurrent.LinkedBlockingQueue, queueCapacity: 2000, scheduler: class org.apache.hadoop.ipc.DefaultRpcScheduler, ipcBackoff: false.
2019-07-14 01:10:41,684 INFO  ipc.Server (Server.java:run(1074)) - Starting Socket Reader #1 for port 33627
2019-07-14 01:10:41,686 INFO  ipc.CallQueueManager (CallQueueManager.java:<init>(84)) - Using callQueue: class java.util.concurrent.LinkedBlockingQueue, queueCapacity: 2000, scheduler: class org.apache.hadoop.ipc.DefaultRpcScheduler, ipcBackoff: false.
2019-07-14 01:10:41,687 INFO  ipc.Server (Server.java:run(1074)) - Starting Socket Reader #1 for port 34373
2019-07-14 01:10:41,692 INFO  hdfs.DFSUtil (DFSUtil.java:httpServerTemplateForNNAndJN(1641)) - Starting Web-server for scm at: http://0.0.0.0:0
2019-07-14 01:10:41,697 INFO  server.AuthenticationFilter (AuthenticationFilter.java:constructSecretProvider(240)) - Unable to initialize FileSignerSecretProvider, falling back to use random secrets.
2019-07-14 01:10:41,698 WARN  http.HttpRequestLog (HttpRequestLog.java:getRequestLog(97)) - Jetty request log can only be enabled using Log4j
2019-07-14 01:10:41,700 INFO  http.HttpServer2 (HttpServer2.java:addGlobalFilter(975)) - Added global filter 'safety' (class=org.apache.hadoop.http.HttpServer2$QuotingInputFilter)
2019-07-14 01:10:41,700 INFO  http.HttpServer2 (HttpServer2.java:addFilter(948)) - Added filter static_user_filter (class=org.apache.hadoop.http.lib.StaticUserWebFilter$StaticUserFilter) to context scm
2019-07-14 01:10:41,701 INFO  http.HttpServer2 (HttpServer2.java:addFilter(958)) - Added filter static_user_filter (class=org.apache.hadoop.http.lib.StaticUserWebFilter$StaticUserFilter) to context static
2019-07-14 01:10:41,701 INFO  http.HttpServer2 (HttpServer2.java:addFilter(958)) - Added filter static_user_filter (class=org.apache.hadoop.http.lib.StaticUserWebFilter$StaticUserFilter) to context logs
2019-07-14 01:10:41,703 INFO  server.StorageContainerManager (StorageContainerManager.java:start(759)) - StorageContainerLocationProtocol RPC server is listening at /0.0.0.0:34373
2019-07-14 01:10:41,705 WARN  impl.MetricsConfig (MetricsConfig.java:loadFirst(134)) - Cannot locate configuration: tried hadoop-metrics2-storagecontainermanager.properties,hadoop-metrics2.properties
2019-07-14 01:10:41,706 INFO  impl.MetricsSystemImpl (MetricsSystemImpl.java:startTimer(374)) - Scheduled Metric snapshot period at 10 second(s).
2019-07-14 01:10:41,707 INFO  impl.MetricsSystemImpl (MetricsSystemImpl.java:start(191)) - StorageContainerManager metrics system started
2019-07-14 01:10:41,764 INFO  server.SCMClientProtocolServer (SCMClientProtocolServer.java:start(149)) - RPC server for Client  is listening at /0.0.0.0:34373
2019-07-14 01:10:41,765 INFO  ipc.Server (Server.java:run(1314)) - IPC Server Responder: starting
2019-07-14 01:10:41,765 INFO  ipc.Server (Server.java:run(1153)) - IPC Server listener on 34373: starting
2019-07-14 01:10:41,769 INFO  server.StorageContainerManager (StorageContainerManager.java:start(768)) - ScmBlockLocationProtocol RPC server is listening at /0.0.0.0:33627
2019-07-14 01:10:41,770 INFO  server.SCMBlockProtocolServer (SCMBlockProtocolServer.java:start(140)) - RPC server for Block Protocol is listening at /0.0.0.0:33627
2019-07-14 01:10:41,770 INFO  ipc.Server (Server.java:run(1314)) - IPC Server Responder: starting
2019-07-14 01:10:41,770 INFO  ipc.Server (Server.java:run(1153)) - IPC Server listener on 33627: starting
2019-07-14 01:10:41,775 INFO  server.StorageContainerManager (StorageContainerManager.java:start(772)) - ScmDatanodeProtocl RPC server is listening at /0.0.0.0:41004
2019-07-14 01:10:41,775 INFO  server.SCMDatanodeProtocolServer (SCMDatanodeProtocolServer.java:start(191)) - RPC server for DataNodes is listening at /0.0.0.0:41004
2019-07-14 01:10:41,775 INFO  ipc.Server (Server.java:run(1314)) - IPC Server Responder: starting
2019-07-14 01:10:41,775 INFO  ipc.Server (Server.java:run(1153)) - IPC Server listener on 41004: starting
2019-07-14 01:10:41,780 INFO  http.HttpServer2 (HttpServer2.java:bindListener(1191)) - Jetty bound to port 43833
2019-07-14 01:10:41,780 INFO  server.Server (Server.java:doStart(351)) - jetty-9.3.24.v20180605, build timestamp: 2018-06-05T17:11:56Z, git hash: 84205aa28f11a4f31f2a3b86d1bba2cc8ab69827
2019-07-14 01:10:41,782 INFO  handler.ContextHandler (ContextHandler.java:doStart(781)) - Started o.e.j.s.ServletContextHandler@4271960c{/logs,file:///tmp/workdir/hadoop-ozone/integration-test/target/log,AVAILABLE}
2019-07-14 01:10:41,782 INFO  handler.ContextHandler (ContextHandler.java:doStart(781)) - Started o.e.j.s.ServletContextHandler@3b870ed3{/static,file:///tmp/workdir/hadoop-ozone/integration-test/target/test-classes/webapps/static,AVAILABLE}
2019-07-14 01:10:41,787 INFO  handler.ContextHandler (ContextHandler.java:doStart(781)) - Started o.e.j.w.WebAppContext@54bf2319{/,file:///tmp/workdir/hadoop-ozone/integration-test/target/test-classes/webapps/scm/,AVAILABLE}{/scm}
2019-07-14 01:10:41,788 INFO  server.AbstractConnector (AbstractConnector.java:doStart(278)) - Started ServerConnector@7d45e754{HTTP/1.1,[http/1.1]}{0.0.0.0:43833}
2019-07-14 01:10:41,789 INFO  server.Server (Server.java:doStart(419)) - Started @628135ms
2019-07-14 01:10:41,791 INFO  server.BaseHttpServer (BaseHttpServer.java:updateConnectorAddress(207)) - HTTP server of SCM is listening at http://0.0.0.0:43833
2019-07-14 01:10:41,793 WARN  server.ServerUtils (ServerUtils.java:getDBPath(222)) - ozone.om.db.dirs is not configured. We recommend adding this setting. Falling back to ozone.metadata.dirs instead.
2019-07-14 01:10:41,793 INFO  util.JvmPauseMonitor (JvmPauseMonitor.java:run(188)) - Starting JVM pause monitor
2019-07-14 01:10:41,807 WARN  server.ServerUtils (ServerUtils.java:getDBPath(222)) - ozone.om.db.dirs is not configured. We recommend adding this setting. Falling back to ozone.metadata.dirs instead.
2019-07-14 01:10:41,808 INFO  om.OzoneManager (OzoneManager.java:setOMNodeDetails(630)) - OM Service ID is not set. Setting it to the default ID: omServiceIdDefault
2019-07-14 01:10:41,808 INFO  om.OzoneManager (OzoneManager.java:setOMNodeDetails(636)) - OM Node ID is not set. Setting it to the OmStorage's OmID: a1694a25-1b45-40a2-9e2d-3d7599111f8c
2019-07-14 01:10:41,808 INFO  om.OzoneManager (OzoneManager.java:loadOMHAConfigs(587)) - Found matching OM address with OMServiceId: null, OMNodeId: null, RPC Address: localhost:0 and Ratis port: 9872
2019-07-14 01:10:41,816 WARN  server.ServerUtils (ServerUtils.java:getDBPath(222)) - ozone.om.db.dirs is not configured. We recommend adding this setting. Falling back to ozone.metadata.dirs instead.
2019-07-14 01:10:41,817 INFO  db.DBStoreBuilder (DBStoreBuilder.java:addTable(110)) - using custom profile for table: userTable
2019-07-14 01:10:41,817 INFO  db.DBStoreBuilder (DBStoreBuilder.java:processTables(161)) - Using default column profile:DBProfile.DISK for Table:userTable
2019-07-14 01:10:41,817 INFO  db.DBStoreBuilder (DBStoreBuilder.java:addTable(110)) - using custom profile for table: volumeTable
2019-07-14 01:10:41,817 INFO  db.DBStoreBuilder (DBStoreBuilder.java:processTables(161)) - Using default column profile:DBProfile.DISK for Table:volumeTable
2019-07-14 01:10:41,818 INFO  db.DBStoreBuilder (DBStoreBuilder.java:addTable(110)) - using custom profile for table: bucketTable
2019-07-14 01:10:41,818 INFO  db.DBStoreBuilder (DBStoreBuilder.java:processTables(161)) - Using default column profile:DBProfile.DISK for Table:bucketTable
2019-07-14 01:10:41,818 INFO  db.DBStoreBuilder (DBStoreBuilder.java:addTable(110)) - using custom profile for table: keyTable
2019-07-14 01:10:41,818 INFO  db.DBStoreBuilder (DBStoreBuilder.java:processTables(161)) - Using default column profile:DBProfile.DISK for Table:keyTable
2019-07-14 01:10:41,819 INFO  db.DBStoreBuilder (DBStoreBuilder.java:addTable(110)) - using custom profile for table: deletedTable
2019-07-14 01:10:41,819 INFO  db.DBStoreBuilder (DBStoreBuilder.java:processTables(161)) - Using default column profile:DBProfile.DISK for Table:deletedTable
2019-07-14 01:10:41,819 INFO  db.DBStoreBuilder (DBStoreBuilder.java:addTable(110)) - using custom profile for table: openKeyTable
2019-07-14 01:10:41,819 INFO  db.DBStoreBuilder (DBStoreBuilder.java:processTables(161)) - Using default column profile:DBProfile.DISK for Table:openKeyTable
2019-07-14 01:10:41,820 INFO  db.DBStoreBuilder (DBStoreBuilder.java:addTable(110)) - using custom profile for table: s3Table
2019-07-14 01:10:41,820 INFO  db.DBStoreBuilder (DBStoreBuilder.java:processTables(161)) - Using default column profile:DBProfile.DISK for Table:s3Table
2019-07-14 01:10:41,820 INFO  db.DBStoreBuilder (DBStoreBuilder.java:addTable(110)) - using custom profile for table: multipartInfoTable
2019-07-14 01:10:41,820 INFO  db.DBStoreBuilder (DBStoreBuilder.java:processTables(161)) - Using default column profile:DBProfile.DISK for Table:multipartInfoTable
2019-07-14 01:10:41,820 INFO  db.DBStoreBuilder (DBStoreBuilder.java:addTable(110)) - using custom profile for table: dTokenTable
2019-07-14 01:10:41,821 INFO  db.DBStoreBuilder (DBStoreBuilder.java:processTables(161)) - Using default column profile:DBProfile.DISK for Table:dTokenTable
2019-07-14 01:10:41,821 INFO  db.DBStoreBuilder (DBStoreBuilder.java:addTable(110)) - using custom profile for table: s3SecretTable
2019-07-14 01:10:41,821 INFO  db.DBStoreBuilder (DBStoreBuilder.java:processTables(161)) - Using default column profile:DBProfile.DISK for Table:s3SecretTable
2019-07-14 01:10:41,821 INFO  db.DBStoreBuilder (DBStoreBuilder.java:addTable(110)) - using custom profile for table: prefixTable
2019-07-14 01:10:41,822 INFO  db.DBStoreBuilder (DBStoreBuilder.java:processTables(161)) - Using default column profile:DBProfile.DISK for Table:prefixTable
2019-07-14 01:10:41,822 INFO  db.DBStoreBuilder (DBStoreBuilder.java:addTable(110)) - using custom profile for table: default
2019-07-14 01:10:41,822 INFO  db.DBStoreBuilder (DBStoreBuilder.java:processTables(167)) - Using default column profile:DBProfile.DISK for Table:default
2019-07-14 01:10:41,822 INFO  db.DBStoreBuilder (DBStoreBuilder.java:getDbProfile(198)) - Using default options. DBProfile.DISK
2019-07-14 01:10:42,322 INFO  ipc.CallQueueManager (CallQueueManager.java:<init>(84)) - Using callQueue: class java.util.concurrent.LinkedBlockingQueue, queueCapacity: 2000, scheduler: class org.apache.hadoop.ipc.DefaultRpcScheduler, ipcBackoff: false.
2019-07-14 01:10:42,323 INFO  ipc.Server (Server.java:run(1074)) - Starting Socket Reader #1 for port 46381
2019-07-14 01:10:42,340 WARN  server.ServerUtils (ServerUtils.java:getDBPath(222)) - ozone.om.db.dirs is not configured. We recommend adding this setting. Falling back to ozone.metadata.dirs instead.
2019-07-14 01:10:42,340 INFO  om.OzoneManager (OzoneManager.java:start(1228)) - OzoneManager RPC server is listening at localhost/127.0.0.1:46381
2019-07-14 01:10:42,340 INFO  impl.MetricsSystemImpl (MetricsSystemImpl.java:init(158)) - OzoneManager metrics system started (again)
2019-07-14 01:10:42,341 INFO  ipc.Server (Server.java:run(1314)) - IPC Server Responder: starting
2019-07-14 01:10:42,345 INFO  ipc.Server (Server.java:run(1153)) - IPC Server listener on 46381: starting
2019-07-14 01:10:42,352 INFO  hdfs.DFSUtil (DFSUtil.java:httpServerTemplateForNNAndJN(1641)) - Starting Web-server for ozoneManager at: http://0.0.0.0:0
2019-07-14 01:10:42,354 INFO  server.AuthenticationFilter (AuthenticationFilter.java:constructSecretProvider(240)) - Unable to initialize FileSignerSecretProvider, falling back to use random secrets.
2019-07-14 01:10:42,355 WARN  http.HttpRequestLog (HttpRequestLog.java:getRequestLog(97)) - Jetty request log can only be enabled using Log4j
2019-07-14 01:10:42,357 INFO  http.HttpServer2 (HttpServer2.java:addGlobalFilter(975)) - Added global filter 'safety' (class=org.apache.hadoop.http.HttpServer2$QuotingInputFilter)
2019-07-14 01:10:42,358 INFO  http.HttpServer2 (HttpServer2.java:addFilter(948)) - Added filter static_user_filter (class=org.apache.hadoop.http.lib.StaticUserWebFilter$StaticUserFilter) to context ozoneManager
2019-07-14 01:10:42,358 INFO  http.HttpServer2 (HttpServer2.java:addFilter(958)) - Added filter static_user_filter (class=org.apache.hadoop.http.lib.StaticUserWebFilter$StaticUserFilter) to context logs
2019-07-14 01:10:42,358 INFO  http.HttpServer2 (HttpServer2.java:addFilter(958)) - Added filter static_user_filter (class=org.apache.hadoop.http.lib.StaticUserWebFilter$StaticUserFilter) to context static
2019-07-14 01:10:42,359 INFO  http.HttpServer2 (HttpServer2.java:bindListener(1191)) - Jetty bound to port 43221
2019-07-14 01:10:42,360 INFO  server.Server (Server.java:doStart(351)) - jetty-9.3.24.v20180605, build timestamp: 2018-06-05T17:11:56Z, git hash: 84205aa28f11a4f31f2a3b86d1bba2cc8ab69827
2019-07-14 01:10:42,362 INFO  handler.ContextHandler (ContextHandler.java:doStart(781)) - Started o.e.j.s.ServletContextHandler@5078e308{/logs,file:///tmp/workdir/hadoop-ozone/integration-test/target/log,AVAILABLE}
2019-07-14 01:10:42,363 INFO  handler.ContextHandler (ContextHandler.java:doStart(781)) - Started o.e.j.s.ServletContextHandler@672710d5{/static,file:///tmp/workdir/hadoop-ozone/integration-test/target/test-classes/webapps/static,AVAILABLE}
2019-07-14 01:10:42,368 INFO  handler.ContextHandler (ContextHandler.java:doStart(781)) - Started o.e.j.w.WebAppContext@78854721{/,file:///tmp/workdir/hadoop-ozone/integration-test/target/test-classes/webapps/ozoneManager/,AVAILABLE}{/ozoneManager}
2019-07-14 01:10:42,368 INFO  server.AbstractConnector (AbstractConnector.java:doStart(278)) - Started ServerConnector@11759e4a{HTTP/1.1,[http/1.1]}{0.0.0.0:43221}
2019-07-14 01:10:42,370 INFO  server.Server (Server.java:doStart(419)) - Started @628716ms
2019-07-14 01:10:42,371 INFO  server.BaseHttpServer (BaseHttpServer.java:updateConnectorAddress(207)) - HTTP server of OZONEMANAGER is listening at http://0.0.0.0:43221
2019-07-14 01:10:42,391 INFO  impl.MetricsSystemImpl (MetricsSystemImpl.java:init(158)) - HddsDatanode metrics system started (again)
2019-07-14 01:10:42,391 INFO  ozone.HddsDatanodeService (HddsDatanodeService.java:start(185)) - HddsDatanodeService host:trunk-nightly-sxkq5-3320257302 ip:192.168.157.230
2019-07-14 01:10:42,404 INFO  volume.HddsVolume (HddsVolume.java:<init>(176)) - Creating Volume: /tmp/workdir/hadoop-ozone/integration-test/target/test-dir/MiniOzoneClusterImpl-ba13c149-e692-4896-a6a2-c6a85364206c/datanode-0/data/containers/hdds of  storage type : DISK and capacity : 52710309888
2019-07-14 01:10:42,405 INFO  volume.VolumeSet (VolumeSet.java:initializeVolumeSet(170)) - Added Volume : /tmp/workdir/hadoop-ozone/integration-test/target/test-dir/MiniOzoneClusterImpl-ba13c149-e692-4896-a6a2-c6a85364206c/datanode-0/data/containers/hdds to VolumeSet
2019-07-14 01:10:42,405 INFO  volume.ThrottledAsyncChecker (ThrottledAsyncChecker.java:schedule(140)) - Scheduling a check for org.apache.hadoop.ozone.container.common.volume.HddsVolume@4973fb7d
2019-07-14 01:10:42,407 INFO  volume.HddsVolumeChecker (HddsVolumeChecker.java:checkAllVolumes(203)) - Scheduled health check for volume org.apache.hadoop.ozone.container.common.volume.HddsVolume@4973fb7d
2019-07-14 01:10:42,424 INFO  impl.RaftServerProxy (ConfUtils.java:logGet(43)) - raft.rpc.type = GRPC (default)
2019-07-14 01:10:42,424 INFO  grpc.GrpcFactory (GrpcFactory.java:checkPooledByteBufAllocatorUseCacheForAllThreads(45)) - PERFORMANCE WARNING: useCacheForAllThreads is true that may cause Netty to create a lot garbage objects and, as a result, trigger GC.
	It is recommended to disable useCacheForAllThreads by setting -Dorg.apache.ratis.thirdparty.io.netty.allocator.useCacheForAllThreads=false in command line.
2019-07-14 01:10:42,424 INFO  grpc.GrpcConfigKeys$Server (ConfUtils.java:logGet(43)) - raft.grpc.server.port = 0 (default)
2019-07-14 01:10:42,424 INFO  server.GrpcService (ConfUtils.java:logGet(43)) - raft.grpc.message.size.max = 33570816 (custom)
2019-07-14 01:10:42,425 INFO  server.RaftServerConfigKeys (ConfUtils.java:logGet(43)) - raft.server.log.appender.buffer.byte-limit = 33554432 (custom)
2019-07-14 01:10:42,425 INFO  server.GrpcService (ConfUtils.java:logGet(43)) - raft.grpc.flow.control.window = 1MB (=1048576) (default)
2019-07-14 01:10:42,425 INFO  server.RaftServerConfigKeys (ConfUtils.java:logGet(43)) - raft.server.rpc.request.timeout = 3000ms (default)
2019-07-14 01:10:42,426 INFO  server.RaftServerConfigKeys (ConfUtils.java:logGet(43)) - raft.server.storage.dir = [/tmp/workdir/hadoop-ozone/integration-test/target/test-dir/MiniOzoneClusterImpl-ba13c149-e692-4896-a6a2-c6a85364206c/datanode-0/data/ratis] (custom)
2019-07-14 01:10:42,426 INFO  replication.SimpleContainerDownloader (SimpleContainerDownloader.java:<init>(72)) - Starting container downloader service to copy containers to replicate.
2019-07-14 01:10:42,427 INFO  hdfs.DFSUtil (DFSUtil.java:httpServerTemplateForNNAndJN(1641)) - Starting Web-server for hddsDatanode at: http://0.0.0.0:0
2019-07-14 01:10:42,429 INFO  server.AuthenticationFilter (AuthenticationFilter.java:constructSecretProvider(240)) - Unable to initialize FileSignerSecretProvider, falling back to use random secrets.
2019-07-14 01:10:42,429 WARN  http.HttpRequestLog (HttpRequestLog.java:getRequestLog(97)) - Jetty request log can only be enabled using Log4j
2019-07-14 01:10:42,431 INFO  http.HttpServer2 (HttpServer2.java:addGlobalFilter(975)) - Added global filter 'safety' (class=org.apache.hadoop.http.HttpServer2$QuotingInputFilter)
2019-07-14 01:10:42,431 INFO  http.HttpServer2 (HttpServer2.java:addFilter(948)) - Added filter static_user_filter (class=org.apache.hadoop.http.lib.StaticUserWebFilter$StaticUserFilter) to context hddsDatanode
2019-07-14 01:10:42,431 INFO  http.HttpServer2 (HttpServer2.java:addFilter(958)) - Added filter static_user_filter (class=org.apache.hadoop.http.lib.StaticUserWebFilter$StaticUserFilter) to context logs
2019-07-14 01:10:42,432 INFO  http.HttpServer2 (HttpServer2.java:addFilter(958)) - Added filter static_user_filter (class=org.apache.hadoop.http.lib.StaticUserWebFilter$StaticUserFilter) to context static
2019-07-14 01:10:42,432 INFO  http.HttpServer2 (HttpServer2.java:bindListener(1191)) - Jetty bound to port 43842
2019-07-14 01:10:42,433 INFO  server.Server (Server.java:doStart(351)) - jetty-9.3.24.v20180605, build timestamp: 2018-06-05T17:11:56Z, git hash: 84205aa28f11a4f31f2a3b86d1bba2cc8ab69827
2019-07-14 01:10:42,435 INFO  handler.ContextHandler (ContextHandler.java:doStart(781)) - Started o.e.j.s.ServletContextHandler@7b13ae73{/logs,file:///tmp/workdir/hadoop-ozone/integration-test/target/log,AVAILABLE}
2019-07-14 01:10:42,435 INFO  handler.ContextHandler (ContextHandler.java:doStart(781)) - Started o.e.j.s.ServletContextHandler@5ab2c5d8{/static,jar:file:/home/user/.m2/repository/org/apache/hadoop/hadoop-hdds-container-service/0.5.0-SNAPSHOT/hadoop-hdds-container-service-0.5.0-SNAPSHOT.jar!/webapps/static,AVAILABLE}
2019-07-14 01:10:42,468 INFO  handler.ContextHandler (ContextHandler.java:doStart(781)) - Started o.e.j.w.WebAppContext@73ae084e{/,file:///tmp/jetty-0.0.0.0-43842-hddsDatanode-_-any-676014873708604034.dir/webapp/,AVAILABLE}{/hddsDatanode}
2019-07-14 01:10:42,469 INFO  server.AbstractConnector (AbstractConnector.java:doStart(278)) - Started ServerConnector@363a1d8d{HTTP/1.1,[http/1.1]}{0.0.0.0:43842}
2019-07-14 01:10:42,469 INFO  server.Server (Server.java:doStart(419)) - Started @628815ms
2019-07-14 01:10:42,471 INFO  server.BaseHttpServer (BaseHttpServer.java:updateConnectorAddress(207)) - HTTP server of HDDSDATANODE is listening at http://0.0.0.0:43842
2019-07-14 01:10:42,572 INFO  ozone.HddsDatanodeService (HddsDatanodeService.java:startPlugins(396)) - Started plug-in org.apache.hadoop.ozone.web.OzoneHddsDatanodeService@414d5660
2019-07-14 01:10:42,572 INFO  impl.MetricsSystemImpl (MetricsSystemImpl.java:init(158)) - HddsDatanode metrics system started (again)
2019-07-14 01:10:42,573 INFO  ozone.HddsDatanodeService (HddsDatanodeService.java:start(185)) - HddsDatanodeService host:trunk-nightly-sxkq5-3320257302 ip:192.168.157.230
2019-07-14 01:10:42,576 INFO  util.JvmPauseMonitor (JvmPauseMonitor.java:run(188)) - Starting JVM pause monitor
2019-07-14 01:10:42,577 INFO  datanode.InitDatanodeState (InitDatanodeState.java:persistContainerDatanodeDetails(140)) - DatanodeDetails is persisted to /tmp/workdir/hadoop-ozone/integration-test/target/test-dir/MiniOzoneClusterImpl-ba13c149-e692-4896-a6a2-c6a85364206c/datanode-0/meta/datanode.id
2019-07-14 01:10:42,586 INFO  volume.HddsVolume (HddsVolume.java:<init>(176)) - Creating Volume: /tmp/workdir/hadoop-ozone/integration-test/target/test-dir/MiniOzoneClusterImpl-ba13c149-e692-4896-a6a2-c6a85364206c/datanode-1/data/containers/hdds of  storage type : DISK and capacity : 52710309888
2019-07-14 01:10:42,586 INFO  volume.VolumeSet (VolumeSet.java:initializeVolumeSet(170)) - Added Volume : /tmp/workdir/hadoop-ozone/integration-test/target/test-dir/MiniOzoneClusterImpl-ba13c149-e692-4896-a6a2-c6a85364206c/datanode-1/data/containers/hdds to VolumeSet
2019-07-14 01:10:42,586 INFO  volume.ThrottledAsyncChecker (ThrottledAsyncChecker.java:schedule(140)) - Scheduling a check for org.apache.hadoop.ozone.container.common.volume.HddsVolume@71c9c7f3
2019-07-14 01:10:42,586 INFO  volume.HddsVolumeChecker (HddsVolumeChecker.java:checkAllVolumes(203)) - Scheduled health check for volume org.apache.hadoop.ozone.container.common.volume.HddsVolume@71c9c7f3
2019-07-14 01:10:42,602 INFO  impl.RaftServerProxy (ConfUtils.java:logGet(43)) - raft.rpc.type = GRPC (default)
2019-07-14 01:10:42,602 INFO  grpc.GrpcFactory (GrpcFactory.java:checkPooledByteBufAllocatorUseCacheForAllThreads(45)) - PERFORMANCE WARNING: useCacheForAllThreads is true that may cause Netty to create a lot garbage objects and, as a result, trigger GC.
	It is recommended to disable useCacheForAllThreads by setting -Dorg.apache.ratis.thirdparty.io.netty.allocator.useCacheForAllThreads=false in command line.
2019-07-14 01:10:42,603 INFO  grpc.GrpcConfigKeys$Server (ConfUtils.java:logGet(43)) - raft.grpc.server.port = 0 (default)
2019-07-14 01:10:42,603 INFO  server.GrpcService (ConfUtils.java:logGet(43)) - raft.grpc.message.size.max = 33570816 (custom)
2019-07-14 01:10:42,603 INFO  server.RaftServerConfigKeys (ConfUtils.java:logGet(43)) - raft.server.log.appender.buffer.byte-limit = 33554432 (custom)
2019-07-14 01:10:42,603 INFO  server.GrpcService (ConfUtils.java:logGet(43)) - raft.grpc.flow.control.window = 1MB (=1048576) (default)
2019-07-14 01:10:42,603 INFO  server.RaftServerConfigKeys (ConfUtils.java:logGet(43)) - raft.server.rpc.request.timeout = 3000ms (default)
2019-07-14 01:10:42,604 INFO  server.RaftServerConfigKeys (ConfUtils.java:logGet(43)) - raft.server.storage.dir = [/tmp/workdir/hadoop-ozone/integration-test/target/test-dir/MiniOzoneClusterImpl-ba13c149-e692-4896-a6a2-c6a85364206c/datanode-1/data/ratis] (custom)
2019-07-14 01:10:42,604 INFO  replication.SimpleContainerDownloader (SimpleContainerDownloader.java:<init>(72)) - Starting container downloader service to copy containers to replicate.
2019-07-14 01:10:42,605 INFO  hdfs.DFSUtil (DFSUtil.java:httpServerTemplateForNNAndJN(1641)) - Starting Web-server for hddsDatanode at: http://0.0.0.0:0
2019-07-14 01:10:42,606 INFO  server.AuthenticationFilter (AuthenticationFilter.java:constructSecretProvider(240)) - Unable to initialize FileSignerSecretProvider, falling back to use random secrets.
2019-07-14 01:10:42,606 WARN  http.HttpRequestLog (HttpRequestLog.java:getRequestLog(97)) - Jetty request log can only be enabled using Log4j
2019-07-14 01:10:42,607 INFO  http.HttpServer2 (HttpServer2.java:addGlobalFilter(975)) - Added global filter 'safety' (class=org.apache.hadoop.http.HttpServer2$QuotingInputFilter)
2019-07-14 01:10:42,608 INFO  http.HttpServer2 (HttpServer2.java:addFilter(948)) - Added filter static_user_filter (class=org.apache.hadoop.http.lib.StaticUserWebFilter$StaticUserFilter) to context hddsDatanode
2019-07-14 01:10:42,608 INFO  http.HttpServer2 (HttpServer2.java:addFilter(958)) - Added filter static_user_filter (class=org.apache.hadoop.http.lib.StaticUserWebFilter$StaticUserFilter) to context logs
2019-07-14 01:10:42,608 INFO  http.HttpServer2 (HttpServer2.java:addFilter(958)) - Added filter static_user_filter (class=org.apache.hadoop.http.lib.StaticUserWebFilter$StaticUserFilter) to context static
2019-07-14 01:10:42,609 INFO  http.HttpServer2 (HttpServer2.java:bindListener(1191)) - Jetty bound to port 43230
2019-07-14 01:10:42,609 INFO  server.Server (Server.java:doStart(351)) - jetty-9.3.24.v20180605, build timestamp: 2018-06-05T17:11:56Z, git hash: 84205aa28f11a4f31f2a3b86d1bba2cc8ab69827
2019-07-14 01:10:42,611 INFO  handler.ContextHandler (ContextHandler.java:doStart(781)) - Started o.e.j.s.ServletContextHandler@bb9bad9{/logs,file:///tmp/workdir/hadoop-ozone/integration-test/target/log,AVAILABLE}
2019-07-14 01:10:42,611 INFO  handler.ContextHandler (ContextHandler.java:doStart(781)) - Started o.e.j.s.ServletContextHandler@34fe89a5{/static,jar:file:/home/user/.m2/repository/org/apache/hadoop/hadoop-hdds-container-service/0.5.0-SNAPSHOT/hadoop-hdds-container-service-0.5.0-SNAPSHOT.jar!/webapps/static,AVAILABLE}
2019-07-14 01:10:42,637 INFO  handler.ContextHandler (ContextHandler.java:doStart(781)) - Started o.e.j.w.WebAppContext@43076326{/,file:///tmp/jetty-0.0.0.0-43230-hddsDatanode-_-any-4597654644037527638.dir/webapp/,AVAILABLE}{/hddsDatanode}
2019-07-14 01:10:42,638 INFO  server.AbstractConnector (AbstractConnector.java:doStart(278)) - Started ServerConnector@29244152{HTTP/1.1,[http/1.1]}{0.0.0.0:43230}
2019-07-14 01:10:42,638 INFO  server.Server (Server.java:doStart(419)) - Started @628984ms
2019-07-14 01:10:42,640 INFO  server.BaseHttpServer (BaseHttpServer.java:updateConnectorAddress(207)) - HTTP server of HDDSDATANODE is listening at http://0.0.0.0:43230
2019-07-14 01:10:42,736 INFO  ozone.HddsDatanodeService (HddsDatanodeService.java:startPlugins(396)) - Started plug-in org.apache.hadoop.ozone.web.OzoneHddsDatanodeService@55a7f0af
2019-07-14 01:10:42,736 INFO  impl.MetricsSystemImpl (MetricsSystemImpl.java:init(158)) - HddsDatanode metrics system started (again)
2019-07-14 01:10:42,737 INFO  ozone.HddsDatanodeService (HddsDatanodeService.java:start(185)) - HddsDatanodeService host:trunk-nightly-sxkq5-3320257302 ip:192.168.157.230
2019-07-14 01:10:42,740 INFO  util.JvmPauseMonitor (JvmPauseMonitor.java:run(188)) - Starting JVM pause monitor
2019-07-14 01:10:42,741 INFO  datanode.InitDatanodeState (InitDatanodeState.java:persistContainerDatanodeDetails(140)) - DatanodeDetails is persisted to /tmp/workdir/hadoop-ozone/integration-test/target/test-dir/MiniOzoneClusterImpl-ba13c149-e692-4896-a6a2-c6a85364206c/datanode-1/meta/datanode.id
2019-07-14 01:10:42,751 INFO  volume.HddsVolume (HddsVolume.java:<init>(176)) - Creating Volume: /tmp/workdir/hadoop-ozone/integration-test/target/test-dir/MiniOzoneClusterImpl-ba13c149-e692-4896-a6a2-c6a85364206c/datanode-2/data/containers/hdds of  storage type : DISK and capacity : 52710309888
2019-07-14 01:10:42,751 INFO  volume.VolumeSet (VolumeSet.java:initializeVolumeSet(170)) - Added Volume : /tmp/workdir/hadoop-ozone/integration-test/target/test-dir/MiniOzoneClusterImpl-ba13c149-e692-4896-a6a2-c6a85364206c/datanode-2/data/containers/hdds to VolumeSet
2019-07-14 01:10:42,751 INFO  volume.ThrottledAsyncChecker (ThrottledAsyncChecker.java:schedule(140)) - Scheduling a check for org.apache.hadoop.ozone.container.common.volume.HddsVolume@2fc698a9
2019-07-14 01:10:42,752 INFO  volume.HddsVolumeChecker (HddsVolumeChecker.java:checkAllVolumes(203)) - Scheduled health check for volume org.apache.hadoop.ozone.container.common.volume.HddsVolume@2fc698a9
2019-07-14 01:10:42,769 INFO  impl.RaftServerProxy (ConfUtils.java:logGet(43)) - raft.rpc.type = GRPC (default)
2019-07-14 01:10:42,770 INFO  grpc.GrpcFactory (GrpcFactory.java:checkPooledByteBufAllocatorUseCacheForAllThreads(45)) - PERFORMANCE WARNING: useCacheForAllThreads is true that may cause Netty to create a lot garbage objects and, as a result, trigger GC.
	It is recommended to disable useCacheForAllThreads by setting -Dorg.apache.ratis.thirdparty.io.netty.allocator.useCacheForAllThreads=false in command line.
2019-07-14 01:10:42,770 INFO  grpc.GrpcConfigKeys$Server (ConfUtils.java:logGet(43)) - raft.grpc.server.port = 0 (default)
2019-07-14 01:10:42,770 INFO  server.GrpcService (ConfUtils.java:logGet(43)) - raft.grpc.message.size.max = 33570816 (custom)
2019-07-14 01:10:42,770 INFO  server.RaftServerConfigKeys (ConfUtils.java:logGet(43)) - raft.server.log.appender.buffer.byte-limit = 33554432 (custom)
2019-07-14 01:10:42,770 INFO  server.GrpcService (ConfUtils.java:logGet(43)) - raft.grpc.flow.control.window = 1MB (=1048576) (default)
2019-07-14 01:10:42,770 INFO  server.RaftServerConfigKeys (ConfUtils.java:logGet(43)) - raft.server.rpc.request.timeout = 3000ms (default)
2019-07-14 01:10:42,771 INFO  server.RaftServerConfigKeys (ConfUtils.java:logGet(43)) - raft.server.storage.dir = [/tmp/workdir/hadoop-ozone/integration-test/target/test-dir/MiniOzoneClusterImpl-ba13c149-e692-4896-a6a2-c6a85364206c/datanode-2/data/ratis] (custom)
2019-07-14 01:10:42,771 INFO  replication.SimpleContainerDownloader (SimpleContainerDownloader.java:<init>(72)) - Starting container downloader service to copy containers to replicate.
2019-07-14 01:10:42,772 INFO  hdfs.DFSUtil (DFSUtil.java:httpServerTemplateForNNAndJN(1641)) - Starting Web-server for hddsDatanode at: http://0.0.0.0:0
2019-07-14 01:10:42,773 INFO  server.AuthenticationFilter (AuthenticationFilter.java:constructSecretProvider(240)) - Unable to initialize FileSignerSecretProvider, falling back to use random secrets.
2019-07-14 01:10:42,774 WARN  http.HttpRequestLog (HttpRequestLog.java:getRequestLog(97)) - Jetty request log can only be enabled using Log4j
2019-07-14 01:10:42,775 INFO  http.HttpServer2 (HttpServer2.java:addGlobalFilter(975)) - Added global filter 'safety' (class=org.apache.hadoop.http.HttpServer2$QuotingInputFilter)
2019-07-14 01:10:42,775 INFO  http.HttpServer2 (HttpServer2.java:addFilter(948)) - Added filter static_user_filter (class=org.apache.hadoop.http.lib.StaticUserWebFilter$StaticUserFilter) to context hddsDatanode
2019-07-14 01:10:42,775 INFO  http.HttpServer2 (HttpServer2.java:addFilter(958)) - Added filter static_user_filter (class=org.apache.hadoop.http.lib.StaticUserWebFilter$StaticUserFilter) to context static
2019-07-14 01:10:42,775 INFO  http.HttpServer2 (HttpServer2.java:addFilter(958)) - Added filter static_user_filter (class=org.apache.hadoop.http.lib.StaticUserWebFilter$StaticUserFilter) to context logs
2019-07-14 01:10:42,776 INFO  http.HttpServer2 (HttpServer2.java:bindListener(1191)) - Jetty bound to port 37294
2019-07-14 01:10:42,776 INFO  server.Server (Server.java:doStart(351)) - jetty-9.3.24.v20180605, build timestamp: 2018-06-05T17:11:56Z, git hash: 84205aa28f11a4f31f2a3b86d1bba2cc8ab69827
2019-07-14 01:10:42,777 INFO  handler.ContextHandler (ContextHandler.java:doStart(781)) - Started o.e.j.s.ServletContextHandler@4228a2f6{/logs,file:///tmp/workdir/hadoop-ozone/integration-test/target/log,AVAILABLE}
2019-07-14 01:10:42,778 INFO  handler.ContextHandler (ContextHandler.java:doStart(781)) - Started o.e.j.s.ServletContextHandler@19c145d2{/static,jar:file:/home/user/.m2/repository/org/apache/hadoop/hadoop-hdds-container-service/0.5.0-SNAPSHOT/hadoop-hdds-container-service-0.5.0-SNAPSHOT.jar!/webapps/static,AVAILABLE}
2019-07-14 01:10:42,804 INFO  handler.ContextHandler (ContextHandler.java:doStart(781)) - Started o.e.j.w.WebAppContext@589dac96{/,file:///tmp/jetty-0.0.0.0-37294-hddsDatanode-_-any-6373446456738326546.dir/webapp/,AVAILABLE}{/hddsDatanode}
2019-07-14 01:10:42,804 INFO  server.AbstractConnector (AbstractConnector.java:doStart(278)) - Started ServerConnector@792bf78a{HTTP/1.1,[http/1.1]}{0.0.0.0:37294}
2019-07-14 01:10:42,805 INFO  server.Server (Server.java:doStart(419)) - Started @629151ms
2019-07-14 01:10:42,807 INFO  server.BaseHttpServer (BaseHttpServer.java:updateConnectorAddress(207)) - HTTP server of HDDSDATANODE is listening at http://0.0.0.0:37294
2019-07-14 01:10:42,903 INFO  ozone.HddsDatanodeService (HddsDatanodeService.java:startPlugins(396)) - Started plug-in org.apache.hadoop.ozone.web.OzoneHddsDatanodeService@4723445c
2019-07-14 01:10:42,904 INFO  impl.MetricsSystemImpl (MetricsSystemImpl.java:init(158)) - HddsDatanode metrics system started (again)
2019-07-14 01:10:42,907 INFO  ozone.HddsDatanodeService (HddsDatanodeService.java:start(185)) - HddsDatanodeService host:trunk-nightly-sxkq5-3320257302 ip:192.168.157.230
2019-07-14 01:10:42,908 INFO  util.JvmPauseMonitor (JvmPauseMonitor.java:run(188)) - Starting JVM pause monitor
2019-07-14 01:10:42,909 INFO  datanode.InitDatanodeState (InitDatanodeState.java:persistContainerDatanodeDetails(140)) - DatanodeDetails is persisted to /tmp/workdir/hadoop-ozone/integration-test/target/test-dir/MiniOzoneClusterImpl-ba13c149-e692-4896-a6a2-c6a85364206c/datanode-2/meta/datanode.id
2019-07-14 01:10:42,919 INFO  volume.HddsVolume (HddsVolume.java:<init>(176)) - Creating Volume: /tmp/workdir/hadoop-ozone/integration-test/target/test-dir/MiniOzoneClusterImpl-ba13c149-e692-4896-a6a2-c6a85364206c/datanode-3/data/containers/hdds of  storage type : DISK and capacity : 52710309888
2019-07-14 01:10:42,919 INFO  volume.VolumeSet (VolumeSet.java:initializeVolumeSet(170)) - Added Volume : /tmp/workdir/hadoop-ozone/integration-test/target/test-dir/MiniOzoneClusterImpl-ba13c149-e692-4896-a6a2-c6a85364206c/datanode-3/data/containers/hdds to VolumeSet
2019-07-14 01:10:42,920 INFO  volume.ThrottledAsyncChecker (ThrottledAsyncChecker.java:schedule(140)) - Scheduling a check for org.apache.hadoop.ozone.container.common.volume.HddsVolume@7bd76b79
2019-07-14 01:10:42,920 INFO  volume.HddsVolumeChecker (HddsVolumeChecker.java:checkAllVolumes(203)) - Scheduled health check for volume org.apache.hadoop.ozone.container.common.volume.HddsVolume@7bd76b79
2019-07-14 01:10:42,933 INFO  impl.RaftServerProxy (ConfUtils.java:logGet(43)) - raft.rpc.type = GRPC (default)
2019-07-14 01:10:42,934 INFO  grpc.GrpcFactory (GrpcFactory.java:checkPooledByteBufAllocatorUseCacheForAllThreads(45)) - PERFORMANCE WARNING: useCacheForAllThreads is true that may cause Netty to create a lot garbage objects and, as a result, trigger GC.
	It is recommended to disable useCacheForAllThreads by setting -Dorg.apache.ratis.thirdparty.io.netty.allocator.useCacheForAllThreads=false in command line.
2019-07-14 01:10:42,934 INFO  grpc.GrpcConfigKeys$Server (ConfUtils.java:logGet(43)) - raft.grpc.server.port = 0 (default)
2019-07-14 01:10:42,934 INFO  server.GrpcService (ConfUtils.java:logGet(43)) - raft.grpc.message.size.max = 33570816 (custom)
2019-07-14 01:10:42,934 INFO  server.RaftServerConfigKeys (ConfUtils.java:logGet(43)) - raft.server.log.appender.buffer.byte-limit = 33554432 (custom)
2019-07-14 01:10:42,934 INFO  server.GrpcService (ConfUtils.java:logGet(43)) - raft.grpc.flow.control.window = 1MB (=1048576) (default)
2019-07-14 01:10:42,935 INFO  server.RaftServerConfigKeys (ConfUtils.java:logGet(43)) - raft.server.rpc.request.timeout = 3000ms (default)
2019-07-14 01:10:42,935 INFO  server.RaftServerConfigKeys (ConfUtils.java:logGet(43)) - raft.server.storage.dir = [/tmp/workdir/hadoop-ozone/integration-test/target/test-dir/MiniOzoneClusterImpl-ba13c149-e692-4896-a6a2-c6a85364206c/datanode-3/data/ratis] (custom)
2019-07-14 01:10:42,935 INFO  replication.SimpleContainerDownloader (SimpleContainerDownloader.java:<init>(72)) - Starting container downloader service to copy containers to replicate.
2019-07-14 01:10:42,936 INFO  hdfs.DFSUtil (DFSUtil.java:httpServerTemplateForNNAndJN(1641)) - Starting Web-server for hddsDatanode at: http://0.0.0.0:0
2019-07-14 01:10:42,937 INFO  server.AuthenticationFilter (AuthenticationFilter.java:constructSecretProvider(240)) - Unable to initialize FileSignerSecretProvider, falling back to use random secrets.
2019-07-14 01:10:42,938 WARN  http.HttpRequestLog (HttpRequestLog.java:getRequestLog(97)) - Jetty request log can only be enabled using Log4j
2019-07-14 01:10:42,939 INFO  http.HttpServer2 (HttpServer2.java:addGlobalFilter(975)) - Added global filter 'safety' (class=org.apache.hadoop.http.HttpServer2$QuotingInputFilter)
2019-07-14 01:10:42,939 INFO  http.HttpServer2 (HttpServer2.java:addFilter(948)) - Added filter static_user_filter (class=org.apache.hadoop.http.lib.StaticUserWebFilter$StaticUserFilter) to context hddsDatanode
2019-07-14 01:10:42,939 INFO  http.HttpServer2 (HttpServer2.java:addFilter(958)) - Added filter static_user_filter (class=org.apache.hadoop.http.lib.StaticUserWebFilter$StaticUserFilter) to context logs
2019-07-14 01:10:42,939 INFO  http.HttpServer2 (HttpServer2.java:addFilter(958)) - Added filter static_user_filter (class=org.apache.hadoop.http.lib.StaticUserWebFilter$StaticUserFilter) to context static
2019-07-14 01:10:42,940 INFO  http.HttpServer2 (HttpServer2.java:bindListener(1191)) - Jetty bound to port 44763
2019-07-14 01:10:42,940 INFO  server.Server (Server.java:doStart(351)) - jetty-9.3.24.v20180605, build timestamp: 2018-06-05T17:11:56Z, git hash: 84205aa28f11a4f31f2a3b86d1bba2cc8ab69827
2019-07-14 01:10:42,941 INFO  handler.ContextHandler (ContextHandler.java:doStart(781)) - Started o.e.j.s.ServletContextHandler@6cfa20c1{/logs,file:///tmp/workdir/hadoop-ozone/integration-test/target/log,AVAILABLE}
2019-07-14 01:10:42,942 INFO  handler.ContextHandler (ContextHandler.java:doStart(781)) - Started o.e.j.s.ServletContextHandler@4ec1192f{/static,jar:file:/home/user/.m2/repository/org/apache/hadoop/hadoop-hdds-container-service/0.5.0-SNAPSHOT/hadoop-hdds-container-service-0.5.0-SNAPSHOT.jar!/webapps/static,AVAILABLE}
2019-07-14 01:10:42,968 INFO  handler.ContextHandler (ContextHandler.java:doStart(781)) - Started o.e.j.w.WebAppContext@79143853{/,file:///tmp/jetty-0.0.0.0-44763-hddsDatanode-_-any-1396361828155125102.dir/webapp/,AVAILABLE}{/hddsDatanode}
2019-07-14 01:10:42,969 INFO  server.AbstractConnector (AbstractConnector.java:doStart(278)) - Started ServerConnector@541ea657{HTTP/1.1,[http/1.1]}{0.0.0.0:44763}
2019-07-14 01:10:42,970 INFO  server.Server (Server.java:doStart(419)) - Started @629316ms
2019-07-14 01:10:42,970 INFO  server.BaseHttpServer (BaseHttpServer.java:updateConnectorAddress(207)) - HTTP server of HDDSDATANODE is listening at http://0.0.0.0:44763
2019-07-14 01:10:43,066 INFO  ozone.HddsDatanodeService (HddsDatanodeService.java:startPlugins(396)) - Started plug-in org.apache.hadoop.ozone.web.OzoneHddsDatanodeService@33f5d807
2019-07-14 01:10:43,066 INFO  impl.MetricsSystemImpl (MetricsSystemImpl.java:init(158)) - HddsDatanode metrics system started (again)
2019-07-14 01:10:43,068 INFO  ozone.HddsDatanodeService (HddsDatanodeService.java:start(185)) - HddsDatanodeService host:trunk-nightly-sxkq5-3320257302 ip:192.168.157.230
2019-07-14 01:10:43,070 INFO  util.JvmPauseMonitor (JvmPauseMonitor.java:run(188)) - Starting JVM pause monitor
2019-07-14 01:10:43,072 INFO  datanode.InitDatanodeState (InitDatanodeState.java:persistContainerDatanodeDetails(140)) - DatanodeDetails is persisted to /tmp/workdir/hadoop-ozone/integration-test/target/test-dir/MiniOzoneClusterImpl-ba13c149-e692-4896-a6a2-c6a85364206c/datanode-3/meta/datanode.id
2019-07-14 01:10:43,081 INFO  volume.HddsVolume (HddsVolume.java:<init>(176)) - Creating Volume: /tmp/workdir/hadoop-ozone/integration-test/target/test-dir/MiniOzoneClusterImpl-ba13c149-e692-4896-a6a2-c6a85364206c/datanode-4/data/containers/hdds of  storage type : DISK and capacity : 52710309888
2019-07-14 01:10:43,081 INFO  volume.VolumeSet (VolumeSet.java:initializeVolumeSet(170)) - Added Volume : /tmp/workdir/hadoop-ozone/integration-test/target/test-dir/MiniOzoneClusterImpl-ba13c149-e692-4896-a6a2-c6a85364206c/datanode-4/data/containers/hdds to VolumeSet
2019-07-14 01:10:43,081 INFO  volume.ThrottledAsyncChecker (ThrottledAsyncChecker.java:schedule(140)) - Scheduling a check for org.apache.hadoop.ozone.container.common.volume.HddsVolume@6311898c
2019-07-14 01:10:43,081 INFO  volume.HddsVolumeChecker (HddsVolumeChecker.java:checkAllVolumes(203)) - Scheduled health check for volume org.apache.hadoop.ozone.container.common.volume.HddsVolume@6311898c
2019-07-14 01:10:43,095 INFO  impl.RaftServerProxy (ConfUtils.java:logGet(43)) - raft.rpc.type = GRPC (default)
2019-07-14 01:10:43,096 INFO  grpc.GrpcFactory (GrpcFactory.java:checkPooledByteBufAllocatorUseCacheForAllThreads(45)) - PERFORMANCE WARNING: useCacheForAllThreads is true that may cause Netty to create a lot garbage objects and, as a result, trigger GC.
	It is recommended to disable useCacheForAllThreads by setting -Dorg.apache.ratis.thirdparty.io.netty.allocator.useCacheForAllThreads=false in command line.
2019-07-14 01:10:43,096 INFO  grpc.GrpcConfigKeys$Server (ConfUtils.java:logGet(43)) - raft.grpc.server.port = 0 (default)
2019-07-14 01:10:43,096 INFO  server.GrpcService (ConfUtils.java:logGet(43)) - raft.grpc.message.size.max = 33570816 (custom)
2019-07-14 01:10:43,096 INFO  server.RaftServerConfigKeys (ConfUtils.java:logGet(43)) - raft.server.log.appender.buffer.byte-limit = 33554432 (custom)
2019-07-14 01:10:43,096 INFO  server.GrpcService (ConfUtils.java:logGet(43)) - raft.grpc.flow.control.window = 1MB (=1048576) (default)
2019-07-14 01:10:43,097 INFO  server.RaftServerConfigKeys (ConfUtils.java:logGet(43)) - raft.server.rpc.request.timeout = 3000ms (default)
2019-07-14 01:10:43,097 INFO  server.RaftServerConfigKeys (ConfUtils.java:logGet(43)) - raft.server.storage.dir = [/tmp/workdir/hadoop-ozone/integration-test/target/test-dir/MiniOzoneClusterImpl-ba13c149-e692-4896-a6a2-c6a85364206c/datanode-4/data/ratis] (custom)
2019-07-14 01:10:43,097 INFO  replication.SimpleContainerDownloader (SimpleContainerDownloader.java:<init>(72)) - Starting container downloader service to copy containers to replicate.
2019-07-14 01:10:43,098 INFO  hdfs.DFSUtil (DFSUtil.java:httpServerTemplateForNNAndJN(1641)) - Starting Web-server for hddsDatanode at: http://0.0.0.0:0
2019-07-14 01:10:43,100 INFO  server.AuthenticationFilter (AuthenticationFilter.java:constructSecretProvider(240)) - Unable to initialize FileSignerSecretProvider, falling back to use random secrets.
2019-07-14 01:10:43,100 WARN  http.HttpRequestLog (HttpRequestLog.java:getRequestLog(97)) - Jetty request log can only be enabled using Log4j
2019-07-14 01:10:43,101 INFO  http.HttpServer2 (HttpServer2.java:addGlobalFilter(975)) - Added global filter 'safety' (class=org.apache.hadoop.http.HttpServer2$QuotingInputFilter)
2019-07-14 01:10:43,101 INFO  http.HttpServer2 (HttpServer2.java:addFilter(948)) - Added filter static_user_filter (class=org.apache.hadoop.http.lib.StaticUserWebFilter$StaticUserFilter) to context hddsDatanode
2019-07-14 01:10:43,102 INFO  http.HttpServer2 (HttpServer2.java:addFilter(958)) - Added filter static_user_filter (class=org.apache.hadoop.http.lib.StaticUserWebFilter$StaticUserFilter) to context logs
2019-07-14 01:10:43,102 INFO  http.HttpServer2 (HttpServer2.java:addFilter(958)) - Added filter static_user_filter (class=org.apache.hadoop.http.lib.StaticUserWebFilter$StaticUserFilter) to context static
2019-07-14 01:10:43,102 INFO  http.HttpServer2 (HttpServer2.java:bindListener(1191)) - Jetty bound to port 42872
2019-07-14 01:10:43,102 INFO  server.Server (Server.java:doStart(351)) - jetty-9.3.24.v20180605, build timestamp: 2018-06-05T17:11:56Z, git hash: 84205aa28f11a4f31f2a3b86d1bba2cc8ab69827
2019-07-14 01:10:43,104 INFO  handler.ContextHandler (ContextHandler.java:doStart(781)) - Started o.e.j.s.ServletContextHandler@1aae50f9{/logs,file:///tmp/workdir/hadoop-ozone/integration-test/target/log,AVAILABLE}
2019-07-14 01:10:43,104 INFO  handler.ContextHandler (ContextHandler.java:doStart(781)) - Started o.e.j.s.ServletContextHandler@3b30409{/static,jar:file:/home/user/.m2/repository/org/apache/hadoop/hadoop-hdds-container-service/0.5.0-SNAPSHOT/hadoop-hdds-container-service-0.5.0-SNAPSHOT.jar!/webapps/static,AVAILABLE}
2019-07-14 01:10:43,132 INFO  handler.ContextHandler (ContextHandler.java:doStart(781)) - Started o.e.j.w.WebAppContext@44bbf5e3{/,file:///tmp/jetty-0.0.0.0-42872-hddsDatanode-_-any-5409707948850844968.dir/webapp/,AVAILABLE}{/hddsDatanode}
2019-07-14 01:10:43,132 INFO  server.AbstractConnector (AbstractConnector.java:doStart(278)) - Started ServerConnector@613bebb9{HTTP/1.1,[http/1.1]}{0.0.0.0:42872}
2019-07-14 01:10:43,134 INFO  server.Server (Server.java:doStart(419)) - Started @629480ms
2019-07-14 01:10:43,135 INFO  server.BaseHttpServer (BaseHttpServer.java:updateConnectorAddress(207)) - HTTP server of HDDSDATANODE is listening at http://0.0.0.0:42872
2019-07-14 01:10:43,248 INFO  ozone.HddsDatanodeService (HddsDatanodeService.java:startPlugins(396)) - Started plug-in org.apache.hadoop.ozone.web.OzoneHddsDatanodeService@5ae06c93
2019-07-14 01:10:43,248 INFO  impl.MetricsSystemImpl (MetricsSystemImpl.java:init(158)) - HddsDatanode metrics system started (again)
2019-07-14 01:10:43,251 INFO  ozone.HddsDatanodeService (HddsDatanodeService.java:start(185)) - HddsDatanodeService host:trunk-nightly-sxkq5-3320257302 ip:192.168.157.230
2019-07-14 01:10:43,252 INFO  util.JvmPauseMonitor (JvmPauseMonitor.java:run(188)) - Starting JVM pause monitor
2019-07-14 01:10:43,254 INFO  datanode.InitDatanodeState (InitDatanodeState.java:persistContainerDatanodeDetails(140)) - DatanodeDetails is persisted to /tmp/workdir/hadoop-ozone/integration-test/target/test-dir/MiniOzoneClusterImpl-ba13c149-e692-4896-a6a2-c6a85364206c/datanode-4/meta/datanode.id
2019-07-14 01:10:43,269 INFO  volume.HddsVolume (HddsVolume.java:<init>(176)) - Creating Volume: /tmp/workdir/hadoop-ozone/integration-test/target/test-dir/MiniOzoneClusterImpl-ba13c149-e692-4896-a6a2-c6a85364206c/datanode-5/data/containers/hdds of  storage type : DISK and capacity : 52710309888
2019-07-14 01:10:43,270 INFO  volume.VolumeSet (VolumeSet.java:initializeVolumeSet(170)) - Added Volume : /tmp/workdir/hadoop-ozone/integration-test/target/test-dir/MiniOzoneClusterImpl-ba13c149-e692-4896-a6a2-c6a85364206c/datanode-5/data/containers/hdds to VolumeSet
2019-07-14 01:10:43,270 INFO  volume.ThrottledAsyncChecker (ThrottledAsyncChecker.java:schedule(140)) - Scheduling a check for org.apache.hadoop.ozone.container.common.volume.HddsVolume@216a3aba
2019-07-14 01:10:43,271 INFO  volume.HddsVolumeChecker (HddsVolumeChecker.java:checkAllVolumes(203)) - Scheduled health check for volume org.apache.hadoop.ozone.container.common.volume.HddsVolume@216a3aba
2019-07-14 01:10:43,290 INFO  impl.RaftServerProxy (ConfUtils.java:logGet(43)) - raft.rpc.type = GRPC (default)
2019-07-14 01:10:43,290 INFO  grpc.GrpcFactory (GrpcFactory.java:checkPooledByteBufAllocatorUseCacheForAllThreads(45)) - PERFORMANCE WARNING: useCacheForAllThreads is true that may cause Netty to create a lot garbage objects and, as a result, trigger GC.
	It is recommended to disable useCacheForAllThreads by setting -Dorg.apache.ratis.thirdparty.io.netty.allocator.useCacheForAllThreads=false in command line.
2019-07-14 01:10:43,291 INFO  grpc.GrpcConfigKeys$Server (ConfUtils.java:logGet(43)) - raft.grpc.server.port = 0 (default)
2019-07-14 01:10:43,291 INFO  server.GrpcService (ConfUtils.java:logGet(43)) - raft.grpc.message.size.max = 33570816 (custom)
2019-07-14 01:10:43,291 INFO  server.RaftServerConfigKeys (ConfUtils.java:logGet(43)) - raft.server.log.appender.buffer.byte-limit = 33554432 (custom)
2019-07-14 01:10:43,291 INFO  server.GrpcService (ConfUtils.java:logGet(43)) - raft.grpc.flow.control.window = 1MB (=1048576) (default)
2019-07-14 01:10:43,292 INFO  server.RaftServerConfigKeys (ConfUtils.java:logGet(43)) - raft.server.rpc.request.timeout = 3000ms (default)
2019-07-14 01:10:43,292 INFO  server.RaftServerConfigKeys (ConfUtils.java:logGet(43)) - raft.server.storage.dir = [/tmp/workdir/hadoop-ozone/integration-test/target/test-dir/MiniOzoneClusterImpl-ba13c149-e692-4896-a6a2-c6a85364206c/datanode-5/data/ratis] (custom)
2019-07-14 01:10:43,293 INFO  replication.SimpleContainerDownloader (SimpleContainerDownloader.java:<init>(72)) - Starting container downloader service to copy containers to replicate.
2019-07-14 01:10:43,294 INFO  hdfs.DFSUtil (DFSUtil.java:httpServerTemplateForNNAndJN(1641)) - Starting Web-server for hddsDatanode at: http://0.0.0.0:0
2019-07-14 01:10:43,296 INFO  server.AuthenticationFilter (AuthenticationFilter.java:constructSecretProvider(240)) - Unable to initialize FileSignerSecretProvider, falling back to use random secrets.
2019-07-14 01:10:43,296 WARN  http.HttpRequestLog (HttpRequestLog.java:getRequestLog(97)) - Jetty request log can only be enabled using Log4j
2019-07-14 01:10:43,298 INFO  http.HttpServer2 (HttpServer2.java:addGlobalFilter(975)) - Added global filter 'safety' (class=org.apache.hadoop.http.HttpServer2$QuotingInputFilter)
2019-07-14 01:10:43,299 INFO  http.HttpServer2 (HttpServer2.java:addFilter(948)) - Added filter static_user_filter (class=org.apache.hadoop.http.lib.StaticUserWebFilter$StaticUserFilter) to context hddsDatanode
2019-07-14 01:10:43,299 INFO  http.HttpServer2 (HttpServer2.java:addFilter(958)) - Added filter static_user_filter (class=org.apache.hadoop.http.lib.StaticUserWebFilter$StaticUserFilter) to context logs
2019-07-14 01:10:43,299 INFO  http.HttpServer2 (HttpServer2.java:addFilter(958)) - Added filter static_user_filter (class=org.apache.hadoop.http.lib.StaticUserWebFilter$StaticUserFilter) to context static
2019-07-14 01:10:43,300 INFO  http.HttpServer2 (HttpServer2.java:bindListener(1191)) - Jetty bound to port 34671
2019-07-14 01:10:43,301 INFO  server.Server (Server.java:doStart(351)) - jetty-9.3.24.v20180605, build timestamp: 2018-06-05T17:11:56Z, git hash: 84205aa28f11a4f31f2a3b86d1bba2cc8ab69827
2019-07-14 01:10:43,303 INFO  handler.ContextHandler (ContextHandler.java:doStart(781)) - Started o.e.j.s.ServletContextHandler@139224ab{/logs,file:///tmp/workdir/hadoop-ozone/integration-test/target/log,AVAILABLE}
2019-07-14 01:10:43,303 INFO  handler.ContextHandler (ContextHandler.java:doStart(781)) - Started o.e.j.s.ServletContextHandler@4dcdc172{/static,jar:file:/home/user/.m2/repository/org/apache/hadoop/hadoop-hdds-container-service/0.5.0-SNAPSHOT/hadoop-hdds-container-service-0.5.0-SNAPSHOT.jar!/webapps/static,AVAILABLE}
2019-07-14 01:10:43,347 INFO  handler.ContextHandler (ContextHandler.java:doStart(781)) - Started o.e.j.w.WebAppContext@6e245068{/,file:///tmp/jetty-0.0.0.0-34671-hddsDatanode-_-any-4200014021357843312.dir/webapp/,AVAILABLE}{/hddsDatanode}
2019-07-14 01:10:43,347 INFO  server.AbstractConnector (AbstractConnector.java:doStart(278)) - Started ServerConnector@aba4a33{HTTP/1.1,[http/1.1]}{0.0.0.0:34671}
2019-07-14 01:10:43,349 INFO  server.Server (Server.java:doStart(419)) - Started @629695ms
2019-07-14 01:10:43,349 INFO  server.BaseHttpServer (BaseHttpServer.java:updateConnectorAddress(207)) - HTTP server of HDDSDATANODE is listening at http://0.0.0.0:34671
2019-07-14 01:10:43,639 INFO  ozone.HddsDatanodeService (HddsDatanodeService.java:startPlugins(396)) - Started plug-in org.apache.hadoop.ozone.web.OzoneHddsDatanodeService@255eadf5
2019-07-14 01:10:43,639 INFO  impl.MetricsSystemImpl (MetricsSystemImpl.java:init(158)) - HddsDatanode metrics system started (again)
2019-07-14 01:10:43,643 INFO  ozone.HddsDatanodeService (HddsDatanodeService.java:start(185)) - HddsDatanodeService host:trunk-nightly-sxkq5-3320257302 ip:192.168.157.230
2019-07-14 01:10:43,643 INFO  util.JvmPauseMonitor (JvmPauseMonitor.java:run(188)) - Starting JVM pause monitor
2019-07-14 01:10:43,645 INFO  datanode.InitDatanodeState (InitDatanodeState.java:persistContainerDatanodeDetails(140)) - DatanodeDetails is persisted to /tmp/workdir/hadoop-ozone/integration-test/target/test-dir/MiniOzoneClusterImpl-ba13c149-e692-4896-a6a2-c6a85364206c/datanode-5/meta/datanode.id
2019-07-14 01:10:43,656 INFO  volume.HddsVolume (HddsVolume.java:<init>(176)) - Creating Volume: /tmp/workdir/hadoop-ozone/integration-test/target/test-dir/MiniOzoneClusterImpl-ba13c149-e692-4896-a6a2-c6a85364206c/datanode-6/data/containers/hdds of  storage type : DISK and capacity : 52710309888
2019-07-14 01:10:43,657 INFO  volume.VolumeSet (VolumeSet.java:initializeVolumeSet(170)) - Added Volume : /tmp/workdir/hadoop-ozone/integration-test/target/test-dir/MiniOzoneClusterImpl-ba13c149-e692-4896-a6a2-c6a85364206c/datanode-6/data/containers/hdds to VolumeSet
2019-07-14 01:10:43,657 INFO  volume.ThrottledAsyncChecker (ThrottledAsyncChecker.java:schedule(140)) - Scheduling a check for org.apache.hadoop.ozone.container.common.volume.HddsVolume@1504db11
2019-07-14 01:10:43,658 INFO  volume.HddsVolumeChecker (HddsVolumeChecker.java:checkAllVolumes(203)) - Scheduled health check for volume org.apache.hadoop.ozone.container.common.volume.HddsVolume@1504db11
2019-07-14 01:10:43,677 INFO  impl.RaftServerProxy (ConfUtils.java:logGet(43)) - raft.rpc.type = GRPC (default)
2019-07-14 01:10:43,678 INFO  grpc.GrpcFactory (GrpcFactory.java:checkPooledByteBufAllocatorUseCacheForAllThreads(45)) - PERFORMANCE WARNING: useCacheForAllThreads is true that may cause Netty to create a lot garbage objects and, as a result, trigger GC.
	It is recommended to disable useCacheForAllThreads by setting -Dorg.apache.ratis.thirdparty.io.netty.allocator.useCacheForAllThreads=false in command line.
2019-07-14 01:10:43,678 INFO  grpc.GrpcConfigKeys$Server (ConfUtils.java:logGet(43)) - raft.grpc.server.port = 0 (default)
2019-07-14 01:10:43,678 INFO  server.GrpcService (ConfUtils.java:logGet(43)) - raft.grpc.message.size.max = 33570816 (custom)
2019-07-14 01:10:43,679 INFO  server.RaftServerConfigKeys (ConfUtils.java:logGet(43)) - raft.server.log.appender.buffer.byte-limit = 33554432 (custom)
2019-07-14 01:10:43,679 INFO  server.GrpcService (ConfUtils.java:logGet(43)) - raft.grpc.flow.control.window = 1MB (=1048576) (default)
2019-07-14 01:10:43,679 INFO  server.RaftServerConfigKeys (ConfUtils.java:logGet(43)) - raft.server.rpc.request.timeout = 3000ms (default)
2019-07-14 01:10:43,680 INFO  server.RaftServerConfigKeys (ConfUtils.java:logGet(43)) - raft.server.storage.dir = [/tmp/workdir/hadoop-ozone/integration-test/target/test-dir/MiniOzoneClusterImpl-ba13c149-e692-4896-a6a2-c6a85364206c/datanode-6/data/ratis] (custom)
2019-07-14 01:10:43,680 INFO  replication.SimpleContainerDownloader (SimpleContainerDownloader.java:<init>(72)) - Starting container downloader service to copy containers to replicate.
2019-07-14 01:10:43,682 INFO  hdfs.DFSUtil (DFSUtil.java:httpServerTemplateForNNAndJN(1641)) - Starting Web-server for hddsDatanode at: http://0.0.0.0:0
2019-07-14 01:10:43,683 INFO  server.AuthenticationFilter (AuthenticationFilter.java:constructSecretProvider(240)) - Unable to initialize FileSignerSecretProvider, falling back to use random secrets.
2019-07-14 01:10:43,684 WARN  http.HttpRequestLog (HttpRequestLog.java:getRequestLog(97)) - Jetty request log can only be enabled using Log4j
2019-07-14 01:10:43,686 INFO  http.HttpServer2 (HttpServer2.java:addGlobalFilter(975)) - Added global filter 'safety' (class=org.apache.hadoop.http.HttpServer2$QuotingInputFilter)
2019-07-14 01:10:43,687 INFO  http.HttpServer2 (HttpServer2.java:addFilter(948)) - Added filter static_user_filter (class=org.apache.hadoop.http.lib.StaticUserWebFilter$StaticUserFilter) to context hddsDatanode
2019-07-14 01:10:43,687 INFO  http.HttpServer2 (HttpServer2.java:addFilter(958)) - Added filter static_user_filter (class=org.apache.hadoop.http.lib.StaticUserWebFilter$StaticUserFilter) to context logs
2019-07-14 01:10:43,687 INFO  http.HttpServer2 (HttpServer2.java:addFilter(958)) - Added filter static_user_filter (class=org.apache.hadoop.http.lib.StaticUserWebFilter$StaticUserFilter) to context static
2019-07-14 01:10:43,688 INFO  http.HttpServer2 (HttpServer2.java:bindListener(1191)) - Jetty bound to port 39706
2019-07-14 01:10:43,688 INFO  server.Server (Server.java:doStart(351)) - jetty-9.3.24.v20180605, build timestamp: 2018-06-05T17:11:56Z, git hash: 84205aa28f11a4f31f2a3b86d1bba2cc8ab69827
2019-07-14 01:10:43,690 INFO  handler.ContextHandler (ContextHandler.java:doStart(781)) - Started o.e.j.s.ServletContextHandler@54ebacdc{/logs,file:///tmp/workdir/hadoop-ozone/integration-test/target/log,AVAILABLE}
2019-07-14 01:10:43,691 INFO  handler.ContextHandler (ContextHandler.java:doStart(781)) - Started o.e.j.s.ServletContextHandler@7aa06fac{/static,jar:file:/home/user/.m2/repository/org/apache/hadoop/hadoop-hdds-container-service/0.5.0-SNAPSHOT/hadoop-hdds-container-service-0.5.0-SNAPSHOT.jar!/webapps/static,AVAILABLE}
2019-07-14 01:10:43,734 INFO  handler.ContextHandler (ContextHandler.java:doStart(781)) - Started o.e.j.w.WebAppContext@12ef8410{/,file:///tmp/jetty-0.0.0.0-39706-hddsDatanode-_-any-1010848637910971061.dir/webapp/,AVAILABLE}{/hddsDatanode}
2019-07-14 01:10:43,735 INFO  server.AbstractConnector (AbstractConnector.java:doStart(278)) - Started ServerConnector@731819a0{HTTP/1.1,[http/1.1]}{0.0.0.0:39706}
2019-07-14 01:10:43,737 INFO  server.Server (Server.java:doStart(419)) - Started @630083ms
2019-07-14 01:10:43,737 INFO  server.BaseHttpServer (BaseHttpServer.java:updateConnectorAddress(207)) - HTTP server of HDDSDATANODE is listening at http://0.0.0.0:39706
2019-07-14 01:10:43,840 INFO  ozone.HddsDatanodeService (HddsDatanodeService.java:startPlugins(396)) - Started plug-in org.apache.hadoop.ozone.web.OzoneHddsDatanodeService@c9a18ed
2019-07-14 01:10:43,840 INFO  ozone.MiniOzoneClusterImpl (MiniOzoneClusterImpl.java:lambda$waitForClusterToBeReady$0(142)) - Waiting for cluster to be ready. Got 0 of 7 DN Heartbeats.
2019-07-14 01:10:43,845 INFO  util.JvmPauseMonitor (JvmPauseMonitor.java:run(188)) - Starting JVM pause monitor
2019-07-14 01:10:43,846 INFO  datanode.InitDatanodeState (InitDatanodeState.java:persistContainerDatanodeDetails(140)) - DatanodeDetails is persisted to /tmp/workdir/hadoop-ozone/integration-test/target/test-dir/MiniOzoneClusterImpl-ba13c149-e692-4896-a6a2-c6a85364206c/datanode-6/meta/datanode.id
2019-07-14 01:10:44,598 INFO  ozoneimpl.OzoneContainer (OzoneContainer.java:start(186)) - Attempting to start container services.
2019-07-14 01:10:44,601 INFO  ozoneimpl.OzoneContainer (OzoneContainer.java:startContainerScrub(160)) - Background container scrubber has been disabled by hdds.containerscrub.enabled
2019-07-14 01:10:44,602 INFO  ratis.XceiverServerRatis (XceiverServerRatis.java:start(418)) - Starting XceiverServerRatis f3eac508-6af5-4edc-add6-c410547da8f4 at port 0
2019-07-14 01:10:44,609 INFO  impl.RaftServerProxy (RaftServerProxy.java:lambda$start$3(299)) - f3eac508-6af5-4edc-add6-c410547da8f4: start RPC server
2019-07-14 01:10:44,611 INFO  server.GrpcService (GrpcService.java:startImpl(149)) - f3eac508-6af5-4edc-add6-c410547da8f4: GrpcService started, listening on 0.0.0.0/0.0.0.0:44195
2019-07-14 01:10:44,611 INFO  ratis.XceiverServerRatis (XceiverServerRatis.java:start(428)) - XceiverServerRatis f3eac508-6af5-4edc-add6-c410547da8f4 is started using port 44195
2019-07-14 01:10:44,612 INFO  server.XceiverServerGrpc (XceiverServerGrpc.java:start(161)) - XceiverServerGrpc f3eac508-6af5-4edc-add6-c410547da8f4 is started using port 40364
2019-07-14 01:10:44,756 INFO  ozoneimpl.OzoneContainer (OzoneContainer.java:start(186)) - Attempting to start container services.
2019-07-14 01:10:44,759 INFO  ozoneimpl.OzoneContainer (OzoneContainer.java:startContainerScrub(160)) - Background container scrubber has been disabled by hdds.containerscrub.enabled
2019-07-14 01:10:44,759 INFO  ratis.XceiverServerRatis (XceiverServerRatis.java:start(418)) - Starting XceiverServerRatis 9478bc8e-041d-426e-9c77-bbfdf70f4392 at port 0
2019-07-14 01:10:44,768 INFO  impl.RaftServerProxy (RaftServerProxy.java:lambda$start$3(299)) - 9478bc8e-041d-426e-9c77-bbfdf70f4392: start RPC server
2019-07-14 01:10:44,769 INFO  server.GrpcService (GrpcService.java:startImpl(149)) - 9478bc8e-041d-426e-9c77-bbfdf70f4392: GrpcService started, listening on 0.0.0.0/0.0.0.0:44063
2019-07-14 01:10:44,769 INFO  ratis.XceiverServerRatis (XceiverServerRatis.java:start(428)) - XceiverServerRatis 9478bc8e-041d-426e-9c77-bbfdf70f4392 is started using port 44063
2019-07-14 01:10:44,769 INFO  server.XceiverServerGrpc (XceiverServerGrpc.java:start(161)) - XceiverServerGrpc 9478bc8e-041d-426e-9c77-bbfdf70f4392 is started using port 44867
2019-07-14 01:10:44,841 INFO  ozone.MiniOzoneClusterImpl (MiniOzoneClusterImpl.java:lambda$waitForClusterToBeReady$0(142)) - Waiting for cluster to be ready. Got 0 of 7 DN Heartbeats.
2019-07-14 01:10:44,914 INFO  ozoneimpl.OzoneContainer (OzoneContainer.java:start(186)) - Attempting to start container services.
2019-07-14 01:10:44,921 INFO  ozoneimpl.OzoneContainer (OzoneContainer.java:startContainerScrub(160)) - Background container scrubber has been disabled by hdds.containerscrub.enabled
2019-07-14 01:10:44,922 INFO  ratis.XceiverServerRatis (XceiverServerRatis.java:start(418)) - Starting XceiverServerRatis 5d27a16c-da1a-4f85-bf61-26cd87951759 at port 0
2019-07-14 01:10:44,930 INFO  impl.RaftServerProxy (RaftServerProxy.java:lambda$start$3(299)) - 5d27a16c-da1a-4f85-bf61-26cd87951759: start RPC server
2019-07-14 01:10:44,931 INFO  server.GrpcService (GrpcService.java:startImpl(149)) - 5d27a16c-da1a-4f85-bf61-26cd87951759: GrpcService started, listening on 0.0.0.0/0.0.0.0:42067
2019-07-14 01:10:44,931 INFO  ratis.XceiverServerRatis (XceiverServerRatis.java:start(428)) - XceiverServerRatis 5d27a16c-da1a-4f85-bf61-26cd87951759 is started using port 42067
2019-07-14 01:10:44,938 INFO  server.XceiverServerGrpc (XceiverServerGrpc.java:start(161)) - XceiverServerGrpc 5d27a16c-da1a-4f85-bf61-26cd87951759 is started using port 35613
2019-07-14 01:10:45,083 INFO  ozoneimpl.OzoneContainer (OzoneContainer.java:start(186)) - Attempting to start container services.
2019-07-14 01:10:45,083 INFO  ozoneimpl.OzoneContainer (OzoneContainer.java:startContainerScrub(160)) - Background container scrubber has been disabled by hdds.containerscrub.enabled
2019-07-14 01:10:45,084 INFO  ratis.XceiverServerRatis (XceiverServerRatis.java:start(418)) - Starting XceiverServerRatis d278cd0f-199e-431f-8b12-f3d669e45104 at port 0
2019-07-14 01:10:45,092 INFO  impl.RaftServerProxy (RaftServerProxy.java:lambda$start$3(299)) - d278cd0f-199e-431f-8b12-f3d669e45104: start RPC server
2019-07-14 01:10:45,094 INFO  server.GrpcService (GrpcService.java:startImpl(149)) - d278cd0f-199e-431f-8b12-f3d669e45104: GrpcService started, listening on 0.0.0.0/0.0.0.0:35736
2019-07-14 01:10:45,094 INFO  ratis.XceiverServerRatis (XceiverServerRatis.java:start(428)) - XceiverServerRatis d278cd0f-199e-431f-8b12-f3d669e45104 is started using port 35736
2019-07-14 01:10:45,095 INFO  server.XceiverServerGrpc (XceiverServerGrpc.java:start(161)) - XceiverServerGrpc d278cd0f-199e-431f-8b12-f3d669e45104 is started using port 46190
2019-07-14 01:10:45,266 INFO  ozoneimpl.OzoneContainer (OzoneContainer.java:start(186)) - Attempting to start container services.
2019-07-14 01:10:45,266 INFO  ozoneimpl.OzoneContainer (OzoneContainer.java:startContainerScrub(160)) - Background container scrubber has been disabled by hdds.containerscrub.enabled
2019-07-14 01:10:45,266 INFO  ratis.XceiverServerRatis (XceiverServerRatis.java:start(418)) - Starting XceiverServerRatis 729cc98b-57a4-4371-b814-2b10682e9198 at port 0
2019-07-14 01:10:45,274 INFO  impl.RaftServerProxy (RaftServerProxy.java:lambda$start$3(299)) - 729cc98b-57a4-4371-b814-2b10682e9198: start RPC server
2019-07-14 01:10:45,275 INFO  server.GrpcService (GrpcService.java:startImpl(149)) - 729cc98b-57a4-4371-b814-2b10682e9198: GrpcService started, listening on 0.0.0.0/0.0.0.0:44283
2019-07-14 01:10:45,275 INFO  ratis.XceiverServerRatis (XceiverServerRatis.java:start(428)) - XceiverServerRatis 729cc98b-57a4-4371-b814-2b10682e9198 is started using port 44283
2019-07-14 01:10:45,275 INFO  server.XceiverServerGrpc (XceiverServerGrpc.java:start(161)) - XceiverServerGrpc 729cc98b-57a4-4371-b814-2b10682e9198 is started using port 46695
2019-07-14 01:10:45,658 INFO  ozoneimpl.OzoneContainer (OzoneContainer.java:start(186)) - Attempting to start container services.
2019-07-14 01:10:45,659 INFO  ozoneimpl.OzoneContainer (OzoneContainer.java:startContainerScrub(160)) - Background container scrubber has been disabled by hdds.containerscrub.enabled
2019-07-14 01:10:45,659 INFO  ratis.XceiverServerRatis (XceiverServerRatis.java:start(418)) - Starting XceiverServerRatis d1587925-a911-45c7-ac20-8a6df57d1292 at port 0
2019-07-14 01:10:45,666 INFO  impl.RaftServerProxy (RaftServerProxy.java:lambda$start$3(299)) - d1587925-a911-45c7-ac20-8a6df57d1292: start RPC server
2019-07-14 01:10:45,667 INFO  server.GrpcService (GrpcService.java:startImpl(149)) - d1587925-a911-45c7-ac20-8a6df57d1292: GrpcService started, listening on 0.0.0.0/0.0.0.0:43222
2019-07-14 01:10:45,667 INFO  ratis.XceiverServerRatis (XceiverServerRatis.java:start(428)) - XceiverServerRatis d1587925-a911-45c7-ac20-8a6df57d1292 is started using port 43222
2019-07-14 01:10:45,668 INFO  server.XceiverServerGrpc (XceiverServerGrpc.java:start(161)) - XceiverServerGrpc d1587925-a911-45c7-ac20-8a6df57d1292 is started using port 37955
2019-07-14 01:10:45,841 INFO  ozone.MiniOzoneClusterImpl (MiniOzoneClusterImpl.java:lambda$waitForClusterToBeReady$0(142)) - Waiting for cluster to be ready. Got 0 of 7 DN Heartbeats.
2019-07-14 01:10:45,859 INFO  ozoneimpl.OzoneContainer (OzoneContainer.java:start(186)) - Attempting to start container services.
2019-07-14 01:10:45,859 INFO  ozoneimpl.OzoneContainer (OzoneContainer.java:startContainerScrub(160)) - Background container scrubber has been disabled by hdds.containerscrub.enabled
2019-07-14 01:10:45,859 INFO  ratis.XceiverServerRatis (XceiverServerRatis.java:start(418)) - Starting XceiverServerRatis 463a6fc8-38e8-4c1e-8d3c-1d0a27c7509c at port 0
2019-07-14 01:10:45,867 INFO  impl.RaftServerProxy (RaftServerProxy.java:lambda$start$3(299)) - 463a6fc8-38e8-4c1e-8d3c-1d0a27c7509c: start RPC server
2019-07-14 01:10:45,867 INFO  server.GrpcService (GrpcService.java:startImpl(149)) - 463a6fc8-38e8-4c1e-8d3c-1d0a27c7509c: GrpcService started, listening on 0.0.0.0/0.0.0.0:45852
2019-07-14 01:10:45,868 INFO  ratis.XceiverServerRatis (XceiverServerRatis.java:start(428)) - XceiverServerRatis 463a6fc8-38e8-4c1e-8d3c-1d0a27c7509c is started using port 45852
2019-07-14 01:10:45,868 INFO  server.XceiverServerGrpc (XceiverServerGrpc.java:start(161)) - XceiverServerGrpc 463a6fc8-38e8-4c1e-8d3c-1d0a27c7509c is started using port 43456
2019-07-14 01:10:46,581 INFO  net.NetworkTopology (NetworkTopologyImpl.java:add(110)) - Added a new node: /default-rack/192.168.157.230
2019-07-14 01:10:46,584 INFO  node.SCMNodeManager (SCMNodeManager.java:register(269)) - Registered Data node : f3eac508-6af5-4edc-add6-c410547da8f4{ip: 192.168.157.230, host: trunk-nightly-sxkq5-3320257302, networkLocation: /default-rack, certSerialId: null}
2019-07-14 01:10:46,585 INFO  safemode.SCMSafeModeManager (DataNodeSafeModeRule.java:process(71)) - SCM in safe mode. 1 DataNodes registered, 1 required.
2019-07-14 01:10:46,600 INFO  safemode.SCMSafeModeManager (SCMSafeModeManager.java:validateSafeModeExitRules(177)) - ScmSafeModeManager, all rules are successfully validated
2019-07-14 01:10:46,600 INFO  safemode.SCMSafeModeManager (SCMSafeModeManager.java:exitSafeMode(193)) - SCM exiting safe mode.
2019-07-14 01:10:46,613 INFO  impl.RaftServerProxy (RaftServerProxy.java:addNew(89)) - f3eac508-6af5-4edc-add6-c410547da8f4: addNew group-13161738C1F4:[f3eac508-6af5-4edc-add6-c410547da8f4:192.168.157.230:44195] returns group-13161738C1F4:java.util.concurrent.CompletableFuture@6f070e5a[Not completed]
2019-07-14 01:10:46,614 INFO  impl.RaftServerImpl (RaftServerImpl.java:<init>(93)) - f3eac508-6af5-4edc-add6-c410547da8f4: new RaftServerImpl for group-13161738C1F4:[f3eac508-6af5-4edc-add6-c410547da8f4:192.168.157.230:44195] with ContainerStateMachine:uninitialized
2019-07-14 01:10:46,614 INFO  server.RaftServerConfigKeys (ConfUtils.java:logGet(43)) - raft.server.rpc.timeout.min = 5s (custom)
2019-07-14 01:10:46,614 INFO  server.RaftServerConfigKeys (ConfUtils.java:logGet(43)) - raft.server.rpc.timeout.max = 5200ms (custom)
2019-07-14 01:10:46,614 INFO  server.RaftServerConfigKeys (ConfUtils.java:logGet(43)) - raft.server.rpcslowness.timeout = 120s (custom)
2019-07-14 01:10:46,615 INFO  server.RaftServerConfigKeys (ConfUtils.java:logGet(43)) - raft.server.sleep.deviation.threshold = 300 (default)
2019-07-14 01:10:46,615 INFO  server.RaftServerConfigKeys (ConfUtils.java:logGet(43)) - raft.server.log.appender.install.snapshot.enabled = false (custom)
2019-07-14 01:10:46,615 INFO  impl.RaftServerImpl (ServerState.java:<init>(105)) - f3eac508-6af5-4edc-add6-c410547da8f4:group-13161738C1F4 ConfigurationManager, init=-1: [f3eac508-6af5-4edc-add6-c410547da8f4:192.168.157.230:44195], old=null, confs=<EMPTY_MAP>
2019-07-14 01:10:46,615 INFO  server.RaftServerConfigKeys (ConfUtils.java:logGet(43)) - raft.server.storage.dir = [/tmp/workdir/hadoop-ozone/integration-test/target/test-dir/MiniOzoneClusterImpl-ba13c149-e692-4896-a6a2-c6a85364206c/datanode-0/data/ratis] (custom)
2019-07-14 01:10:46,616 INFO  storage.RaftStorageDirectory (RaftStorageDirectory.java:analyzeStorage(246)) - The storage directory /tmp/workdir/hadoop-ozone/integration-test/target/test-dir/MiniOzoneClusterImpl-ba13c149-e692-4896-a6a2-c6a85364206c/datanode-0/data/ratis/05d16df0-ccaa-468f-9536-13161738c1f4 does not exist. Creating ...
2019-07-14 01:10:46,629 INFO  storage.RaftStorageDirectory (RaftStorageDirectory.java:tryLock(328)) - Lock on /tmp/workdir/hadoop-ozone/integration-test/target/test-dir/MiniOzoneClusterImpl-ba13c149-e692-4896-a6a2-c6a85364206c/datanode-0/data/ratis/05d16df0-ccaa-468f-9536-13161738c1f4/in_use.lock acquired by nodename 26095@trunk-nightly-sxkq5-3320257302
2019-07-14 01:10:46,642 INFO  storage.RaftStorage (RaftStorage.java:format(72)) - Storage directory /tmp/workdir/hadoop-ozone/integration-test/target/test-dir/MiniOzoneClusterImpl-ba13c149-e692-4896-a6a2-c6a85364206c/datanode-0/data/ratis/05d16df0-ccaa-468f-9536-13161738c1f4 has been successfully formatted.
2019-07-14 01:10:46,642 INFO  ratis.ContainerStateMachine (ContainerStateMachine.java:loadSnapshot(200)) - The snapshot info is null.Setting the last applied index to:(t:0, i:~)
2019-07-14 01:10:46,643 INFO  server.RaftServerConfigKeys (ConfUtils.java:logGet(43)) - raft.server.leader.election.timeout = 120s (custom)
2019-07-14 01:10:46,643 INFO  server.RaftServerConfigKeys (ConfUtils.java:logGet(43)) - raft.server.log.use.memory = false (default)
2019-07-14 01:10:46,643 INFO  server.RaftServerConfigKeys (ConfUtils.java:logGet(43)) - raft.server.log.purge.gap = 1000000000 (custom)
2019-07-14 01:10:46,643 INFO  server.RaftServerConfigKeys (ConfUtils.java:logGet(43)) - raft.server.log.appender.buffer.byte-limit = 33554432 (custom)
2019-07-14 01:10:46,643 INFO  server.RaftServerConfigKeys (ConfUtils.java:logGet(43)) - raft.server.log.segment.size.max = 1048576 (custom)
2019-07-14 01:10:46,643 INFO  server.RaftServerConfigKeys (ConfUtils.java:logGet(43)) - raft.server.log.segment.cache.num.max = 2 (custom)
2019-07-14 01:10:46,644 INFO  segmented.SegmentedRaftLogWorker (SegmentedRaftLogWorker.java:<init>(172)) - new f3eac508-6af5-4edc-add6-c410547da8f4-SegmentedRaftLogWorker:Storage Directory /tmp/workdir/hadoop-ozone/integration-test/target/test-dir/MiniOzoneClusterImpl-ba13c149-e692-4896-a6a2-c6a85364206c/datanode-0/data/ratis/05d16df0-ccaa-468f-9536-13161738c1f4 for RaftStorage:Storage Directory /tmp/workdir/hadoop-ozone/integration-test/target/test-dir/MiniOzoneClusterImpl-ba13c149-e692-4896-a6a2-c6a85364206c/datanode-0/data/ratis/05d16df0-ccaa-468f-9536-13161738c1f4
2019-07-14 01:10:46,644 INFO  server.RaftServerConfigKeys (ConfUtils.java:logGet(43)) - raft.server.log.queue.byte-limit = 2147483647 (custom)
2019-07-14 01:10:46,644 INFO  server.RaftServerConfigKeys (ConfUtils.java:logGet(43)) - raft.server.log.queue.element-limit = 1024 (custom)
2019-07-14 01:10:46,644 INFO  server.RaftServerConfigKeys (ConfUtils.java:logGet(43)) - raft.server.log.segment.size.max = 1048576 (custom)
2019-07-14 01:10:46,645 INFO  server.RaftServerConfigKeys (ConfUtils.java:logGet(43)) - raft.server.log.preallocated.size = 16384 (custom)
2019-07-14 01:10:46,645 INFO  server.RaftServerConfigKeys (ConfUtils.java:logGet(43)) - raft.server.log.write.buffer.size = 33554432 (custom)
2019-07-14 01:10:46,645 INFO  server.RaftServerConfigKeys (ConfUtils.java:logGet(43)) - raft.server.log.force.sync.num = 128 (default)
2019-07-14 01:10:46,645 INFO  server.RaftServerConfigKeys (ConfUtils.java:logGet(43)) - raft.server.log.statemachine.data.sync = true (default)
2019-07-14 01:10:46,645 INFO  server.RaftServerConfigKeys (ConfUtils.java:logGet(43)) - raft.server.log.statemachine.data.sync.timeout = 10s (default)
2019-07-14 01:10:46,645 INFO  server.RaftServerConfigKeys (ConfUtils.java:logGet(43)) - raft.server.log.statemachine.data.sync.timeout.retry = -1 (default)
2019-07-14 01:10:46,646 INFO  server.RaftServerConfigKeys (ConfUtils.java:logGet(43)) - raft.server.log.statemachine.data.caching.enabled = true (custom)
2019-07-14 01:10:46,646 INFO  segmented.SegmentedRaftLogWorker (SegmentedRaftLogWorker.java:lambda$new$0(132)) - f3eac508-6af5-4edc-add6-c410547da8f4-SegmentedRaftLogWorker:Storage Directory /tmp/workdir/hadoop-ozone/integration-test/target/test-dir/MiniOzoneClusterImpl-ba13c149-e692-4896-a6a2-c6a85364206c/datanode-0/data/ratis/05d16df0-ccaa-468f-9536-13161738c1f4: flushIndex: setUnconditionally 0 -> -1
2019-07-14 01:10:46,647 INFO  server.RaftServerConfigKeys (ConfUtils.java:logGet(43)) - raft.server.snapshot.auto.trigger.enabled = true (custom)
2019-07-14 01:10:46,647 INFO  server.RaftServerConfigKeys (ConfUtils.java:logGet(43)) - raft.server.snapshot.auto.trigger.threshold = 10000 (custom)
2019-07-14 01:10:46,647 INFO  server.RaftServerConfigKeys (ConfUtils.java:logGet(43)) - raft.server.retrycache.expirytime = 600000ms (custom)
2019-07-14 01:10:46,647 INFO  impl.RaftServerImpl (RaftServerImpl.java:start(180)) - f3eac508-6af5-4edc-add6-c410547da8f4: start group-13161738C1F4
2019-07-14 01:10:46,647 INFO  impl.RaftServerImpl (RaftServerImpl.java:setRole(171)) - f3eac508-6af5-4edc-add6-c410547da8f4:group-13161738C1F4 changes role from null to FOLLOWER at term 0 for startAsFollower
2019-07-14 01:10:46,647 INFO  impl.RoleInfo (RoleInfo.java:updateAndGet(143)) - f3eac508-6af5-4edc-add6-c410547da8f4: start FollowerState
2019-07-14 01:10:46,649 INFO  util.JmxRegister (JmxRegister.java:tryRegister(44)) - Successfully registered JMX Bean with object name Ratis:service=RaftServer,group=group-13161738C1F4,id=f3eac508-6af5-4edc-add6-c410547da8f4
2019-07-14 01:10:46,654 INFO  pipeline.PipelineStateManager (PipelineStateManager.java:addPipeline(56)) - Created pipeline Pipeline[ Id: 05d16df0-ccaa-468f-9536-13161738c1f4, Nodes: f3eac508-6af5-4edc-add6-c410547da8f4{ip: 192.168.157.230, host: trunk-nightly-sxkq5-3320257302, networkLocation: /default-rack, certSerialId: null}, Type:RATIS, Factor:ONE, State:OPEN]
2019-07-14 01:10:46,741 INFO  node.SCMNodeManager (SCMNodeManager.java:register(269)) - Registered Data node : 9478bc8e-041d-426e-9c77-bbfdf70f4392{ip: 192.168.157.230, host: trunk-nightly-sxkq5-3320257302, networkLocation: /default-rack, certSerialId: null}
2019-07-14 01:10:46,748 INFO  impl.RaftServerProxy (RaftServerProxy.java:addNew(89)) - 9478bc8e-041d-426e-9c77-bbfdf70f4392: addNew group-AF818F33F4FD:[9478bc8e-041d-426e-9c77-bbfdf70f4392:192.168.157.230:44063] returns group-AF818F33F4FD:java.util.concurrent.CompletableFuture@6cd8a22c[Not completed]
2019-07-14 01:10:46,749 INFO  impl.RaftServerImpl (RaftServerImpl.java:<init>(93)) - 9478bc8e-041d-426e-9c77-bbfdf70f4392: new RaftServerImpl for group-AF818F33F4FD:[9478bc8e-041d-426e-9c77-bbfdf70f4392:192.168.157.230:44063] with ContainerStateMachine:uninitialized
2019-07-14 01:10:46,749 INFO  server.RaftServerConfigKeys (ConfUtils.java:logGet(43)) - raft.server.rpc.timeout.min = 5s (custom)
2019-07-14 01:10:46,750 INFO  server.RaftServerConfigKeys (ConfUtils.java:logGet(43)) - raft.server.rpc.timeout.max = 5200ms (custom)
2019-07-14 01:10:46,750 INFO  server.RaftServerConfigKeys (ConfUtils.java:logGet(43)) - raft.server.rpcslowness.timeout = 120s (custom)
2019-07-14 01:10:46,750 INFO  server.RaftServerConfigKeys (ConfUtils.java:logGet(43)) - raft.server.sleep.deviation.threshold = 300 (default)
2019-07-14 01:10:46,750 INFO  server.RaftServerConfigKeys (ConfUtils.java:logGet(43)) - raft.server.log.appender.install.snapshot.enabled = false (custom)
2019-07-14 01:10:46,750 INFO  impl.RaftServerImpl (ServerState.java:<init>(105)) - 9478bc8e-041d-426e-9c77-bbfdf70f4392:group-AF818F33F4FD ConfigurationManager, init=-1: [9478bc8e-041d-426e-9c77-bbfdf70f4392:192.168.157.230:44063], old=null, confs=<EMPTY_MAP>
2019-07-14 01:10:46,750 INFO  server.RaftServerConfigKeys (ConfUtils.java:logGet(43)) - raft.server.storage.dir = [/tmp/workdir/hadoop-ozone/integration-test/target/test-dir/MiniOzoneClusterImpl-ba13c149-e692-4896-a6a2-c6a85364206c/datanode-1/data/ratis] (custom)
2019-07-14 01:10:46,751 INFO  storage.RaftStorageDirectory (RaftStorageDirectory.java:analyzeStorage(246)) - The storage directory /tmp/workdir/hadoop-ozone/integration-test/target/test-dir/MiniOzoneClusterImpl-ba13c149-e692-4896-a6a2-c6a85364206c/datanode-1/data/ratis/615fd9e7-abe7-48e1-9322-af818f33f4fd does not exist. Creating ...
2019-07-14 01:10:46,763 INFO  storage.RaftStorageDirectory (RaftStorageDirectory.java:tryLock(328)) - Lock on /tmp/workdir/hadoop-ozone/integration-test/target/test-dir/MiniOzoneClusterImpl-ba13c149-e692-4896-a6a2-c6a85364206c/datanode-1/data/ratis/615fd9e7-abe7-48e1-9322-af818f33f4fd/in_use.lock acquired by nodename 26095@trunk-nightly-sxkq5-3320257302
2019-07-14 01:10:46,776 INFO  storage.RaftStorage (RaftStorage.java:format(72)) - Storage directory /tmp/workdir/hadoop-ozone/integration-test/target/test-dir/MiniOzoneClusterImpl-ba13c149-e692-4896-a6a2-c6a85364206c/datanode-1/data/ratis/615fd9e7-abe7-48e1-9322-af818f33f4fd has been successfully formatted.
2019-07-14 01:10:46,776 INFO  ratis.ContainerStateMachine (ContainerStateMachine.java:loadSnapshot(200)) - The snapshot info is null.Setting the last applied index to:(t:0, i:~)
2019-07-14 01:10:46,777 INFO  server.RaftServerConfigKeys (ConfUtils.java:logGet(43)) - raft.server.leader.election.timeout = 120s (custom)
2019-07-14 01:10:46,777 INFO  server.RaftServerConfigKeys (ConfUtils.java:logGet(43)) - raft.server.log.use.memory = false (default)
2019-07-14 01:10:46,777 INFO  server.RaftServerConfigKeys (ConfUtils.java:logGet(43)) - raft.server.log.purge.gap = 1000000000 (custom)
2019-07-14 01:10:46,777 INFO  server.RaftServerConfigKeys (ConfUtils.java:logGet(43)) - raft.server.log.appender.buffer.byte-limit = 33554432 (custom)
2019-07-14 01:10:46,777 INFO  server.RaftServerConfigKeys (ConfUtils.java:logGet(43)) - raft.server.log.segment.size.max = 1048576 (custom)
2019-07-14 01:10:46,777 INFO  server.RaftServerConfigKeys (ConfUtils.java:logGet(43)) - raft.server.log.segment.cache.num.max = 2 (custom)
2019-07-14 01:10:46,778 INFO  segmented.SegmentedRaftLogWorker (SegmentedRaftLogWorker.java:<init>(172)) - new 9478bc8e-041d-426e-9c77-bbfdf70f4392-SegmentedRaftLogWorker:Storage Directory /tmp/workdir/hadoop-ozone/integration-test/target/test-dir/MiniOzoneClusterImpl-ba13c149-e692-4896-a6a2-c6a85364206c/datanode-1/data/ratis/615fd9e7-abe7-48e1-9322-af818f33f4fd for RaftStorage:Storage Directory /tmp/workdir/hadoop-ozone/integration-test/target/test-dir/MiniOzoneClusterImpl-ba13c149-e692-4896-a6a2-c6a85364206c/datanode-1/data/ratis/615fd9e7-abe7-48e1-9322-af818f33f4fd
2019-07-14 01:10:46,778 INFO  server.RaftServerConfigKeys (ConfUtils.java:logGet(43)) - raft.server.log.queue.byte-limit = 2147483647 (custom)
2019-07-14 01:10:46,778 INFO  server.RaftServerConfigKeys (ConfUtils.java:logGet(43)) - raft.server.log.queue.element-limit = 1024 (custom)
2019-07-14 01:10:46,778 INFO  server.RaftServerConfigKeys (ConfUtils.java:logGet(43)) - raft.server.log.segment.size.max = 1048576 (custom)
2019-07-14 01:10:46,778 INFO  server.RaftServerConfigKeys (ConfUtils.java:logGet(43)) - raft.server.log.preallocated.size = 16384 (custom)
2019-07-14 01:10:46,778 INFO  server.RaftServerConfigKeys (ConfUtils.java:logGet(43)) - raft.server.log.write.buffer.size = 33554432 (custom)
2019-07-14 01:10:46,779 INFO  server.RaftServerConfigKeys (ConfUtils.java:logGet(43)) - raft.server.log.force.sync.num = 128 (default)
2019-07-14 01:10:46,779 INFO  server.RaftServerConfigKeys (ConfUtils.java:logGet(43)) - raft.server.log.statemachine.data.sync = true (default)
2019-07-14 01:10:46,779 INFO  server.RaftServerConfigKeys (ConfUtils.java:logGet(43)) - raft.server.log.statemachine.data.sync.timeout = 10s (default)
2019-07-14 01:10:46,779 INFO  server.RaftServerConfigKeys (ConfUtils.java:logGet(43)) - raft.server.log.statemachine.data.sync.timeout.retry = -1 (default)
2019-07-14 01:10:46,779 INFO  server.RaftServerConfigKeys (ConfUtils.java:logGet(43)) - raft.server.log.statemachine.data.caching.enabled = true (custom)
2019-07-14 01:10:46,780 INFO  segmented.SegmentedRaftLogWorker (SegmentedRaftLogWorker.java:lambda$new$0(132)) - 9478bc8e-041d-426e-9c77-bbfdf70f4392-SegmentedRaftLogWorker:Storage Directory /tmp/workdir/hadoop-ozone/integration-test/target/test-dir/MiniOzoneClusterImpl-ba13c149-e692-4896-a6a2-c6a85364206c/datanode-1/data/ratis/615fd9e7-abe7-48e1-9322-af818f33f4fd: flushIndex: setUnconditionally 0 -> -1
2019-07-14 01:10:46,781 INFO  server.RaftServerConfigKeys (ConfUtils.java:logGet(43)) - raft.server.snapshot.auto.trigger.enabled = true (custom)
2019-07-14 01:10:46,781 INFO  server.RaftServerConfigKeys (ConfUtils.java:logGet(43)) - raft.server.snapshot.auto.trigger.threshold = 10000 (custom)
2019-07-14 01:10:46,781 INFO  server.RaftServerConfigKeys (ConfUtils.java:logGet(43)) - raft.server.retrycache.expirytime = 600000ms (custom)
2019-07-14 01:10:46,781 INFO  impl.RaftServerImpl (RaftServerImpl.java:start(180)) - 9478bc8e-041d-426e-9c77-bbfdf70f4392: start group-AF818F33F4FD
2019-07-14 01:10:46,781 INFO  impl.RaftServerImpl (RaftServerImpl.java:setRole(171)) - 9478bc8e-041d-426e-9c77-bbfdf70f4392:group-AF818F33F4FD changes role from null to FOLLOWER at term 0 for startAsFollower
2019-07-14 01:10:46,781 INFO  impl.RoleInfo (RoleInfo.java:updateAndGet(143)) - 9478bc8e-041d-426e-9c77-bbfdf70f4392: start FollowerState
2019-07-14 01:10:46,782 INFO  util.JmxRegister (JmxRegister.java:tryRegister(44)) - Successfully registered JMX Bean with object name Ratis:service=RaftServer,group=group-AF818F33F4FD,id=9478bc8e-041d-426e-9c77-bbfdf70f4392
2019-07-14 01:10:46,786 INFO  pipeline.PipelineStateManager (PipelineStateManager.java:addPipeline(56)) - Created pipeline Pipeline[ Id: 615fd9e7-abe7-48e1-9322-af818f33f4fd, Nodes: 9478bc8e-041d-426e-9c77-bbfdf70f4392{ip: 192.168.157.230, host: trunk-nightly-sxkq5-3320257302, networkLocation: /default-rack, certSerialId: null}, Type:RATIS, Factor:ONE, State:OPEN]
2019-07-14 01:10:46,842 INFO  ozone.MiniOzoneClusterImpl (MiniOzoneClusterImpl.java:lambda$waitForClusterToBeReady$0(142)) - Waiting for cluster to be ready. Got 2 of 7 DN Heartbeats.
2019-07-14 01:10:46,909 INFO  node.SCMNodeManager (SCMNodeManager.java:register(269)) - Registered Data node : 5d27a16c-da1a-4f85-bf61-26cd87951759{ip: 192.168.157.230, host: trunk-nightly-sxkq5-3320257302, networkLocation: /default-rack, certSerialId: null}
2019-07-14 01:10:46,916 INFO  impl.RaftServerProxy (RaftServerProxy.java:addNew(89)) - 5d27a16c-da1a-4f85-bf61-26cd87951759: addNew group-4E3A0FAA78C2:[5d27a16c-da1a-4f85-bf61-26cd87951759:192.168.157.230:42067] returns group-4E3A0FAA78C2:java.util.concurrent.CompletableFuture@e7d9de[Not completed]
2019-07-14 01:10:46,917 INFO  impl.RaftServerImpl (RaftServerImpl.java:<init>(93)) - 5d27a16c-da1a-4f85-bf61-26cd87951759: new RaftServerImpl for group-4E3A0FAA78C2:[5d27a16c-da1a-4f85-bf61-26cd87951759:192.168.157.230:42067] with ContainerStateMachine:uninitialized
2019-07-14 01:10:46,917 INFO  server.RaftServerConfigKeys (ConfUtils.java:logGet(43)) - raft.server.rpc.timeout.min = 5s (custom)
2019-07-14 01:10:46,917 INFO  server.RaftServerConfigKeys (ConfUtils.java:logGet(43)) - raft.server.rpc.timeout.max = 5200ms (custom)
2019-07-14 01:10:46,917 INFO  server.RaftServerConfigKeys (ConfUtils.java:logGet(43)) - raft.server.rpcslowness.timeout = 120s (custom)
2019-07-14 01:10:46,917 INFO  server.RaftServerConfigKeys (ConfUtils.java:logGet(43)) - raft.server.sleep.deviation.threshold = 300 (default)
2019-07-14 01:10:46,917 INFO  server.RaftServerConfigKeys (ConfUtils.java:logGet(43)) - raft.server.log.appender.install.snapshot.enabled = false (custom)
2019-07-14 01:10:46,918 INFO  impl.RaftServerImpl (ServerState.java:<init>(105)) - 5d27a16c-da1a-4f85-bf61-26cd87951759:group-4E3A0FAA78C2 ConfigurationManager, init=-1: [5d27a16c-da1a-4f85-bf61-26cd87951759:192.168.157.230:42067], old=null, confs=<EMPTY_MAP>
2019-07-14 01:10:46,918 INFO  server.RaftServerConfigKeys (ConfUtils.java:logGet(43)) - raft.server.storage.dir = [/tmp/workdir/hadoop-ozone/integration-test/target/test-dir/MiniOzoneClusterImpl-ba13c149-e692-4896-a6a2-c6a85364206c/datanode-2/data/ratis] (custom)
2019-07-14 01:10:46,918 INFO  storage.RaftStorageDirectory (RaftStorageDirectory.java:analyzeStorage(246)) - The storage directory /tmp/workdir/hadoop-ozone/integration-test/target/test-dir/MiniOzoneClusterImpl-ba13c149-e692-4896-a6a2-c6a85364206c/datanode-2/data/ratis/fb0a9627-0c75-4cbe-9684-4e3a0faa78c2 does not exist. Creating ...
2019-07-14 01:10:46,931 INFO  storage.RaftStorageDirectory (RaftStorageDirectory.java:tryLock(328)) - Lock on /tmp/workdir/hadoop-ozone/integration-test/target/test-dir/MiniOzoneClusterImpl-ba13c149-e692-4896-a6a2-c6a85364206c/datanode-2/data/ratis/fb0a9627-0c75-4cbe-9684-4e3a0faa78c2/in_use.lock acquired by nodename 26095@trunk-nightly-sxkq5-3320257302
2019-07-14 01:10:46,951 INFO  storage.RaftStorage (RaftStorage.java:format(72)) - Storage directory /tmp/workdir/hadoop-ozone/integration-test/target/test-dir/MiniOzoneClusterImpl-ba13c149-e692-4896-a6a2-c6a85364206c/datanode-2/data/ratis/fb0a9627-0c75-4cbe-9684-4e3a0faa78c2 has been successfully formatted.
2019-07-14 01:10:46,951 INFO  ratis.ContainerStateMachine (ContainerStateMachine.java:loadSnapshot(200)) - The snapshot info is null.Setting the last applied index to:(t:0, i:~)
2019-07-14 01:10:46,951 INFO  server.RaftServerConfigKeys (ConfUtils.java:logGet(43)) - raft.server.leader.election.timeout = 120s (custom)
2019-07-14 01:10:46,951 INFO  server.RaftServerConfigKeys (ConfUtils.java:logGet(43)) - raft.server.log.use.memory = false (default)
2019-07-14 01:10:46,951 INFO  server.RaftServerConfigKeys (ConfUtils.java:logGet(43)) - raft.server.log.purge.gap = 1000000000 (custom)
2019-07-14 01:10:46,952 INFO  server.RaftServerConfigKeys (ConfUtils.java:logGet(43)) - raft.server.log.appender.buffer.byte-limit = 33554432 (custom)
2019-07-14 01:10:46,952 INFO  server.RaftServerConfigKeys (ConfUtils.java:logGet(43)) - raft.server.log.segment.size.max = 1048576 (custom)
2019-07-14 01:10:46,952 INFO  server.RaftServerConfigKeys (ConfUtils.java:logGet(43)) - raft.server.log.segment.cache.num.max = 2 (custom)
2019-07-14 01:10:46,952 INFO  segmented.SegmentedRaftLogWorker (SegmentedRaftLogWorker.java:<init>(172)) - new 5d27a16c-da1a-4f85-bf61-26cd87951759-SegmentedRaftLogWorker:Storage Directory /tmp/workdir/hadoop-ozone/integration-test/target/test-dir/MiniOzoneClusterImpl-ba13c149-e692-4896-a6a2-c6a85364206c/datanode-2/data/ratis/fb0a9627-0c75-4cbe-9684-4e3a0faa78c2 for RaftStorage:Storage Directory /tmp/workdir/hadoop-ozone/integration-test/target/test-dir/MiniOzoneClusterImpl-ba13c149-e692-4896-a6a2-c6a85364206c/datanode-2/data/ratis/fb0a9627-0c75-4cbe-9684-4e3a0faa78c2
2019-07-14 01:10:46,952 INFO  server.RaftServerConfigKeys (ConfUtils.java:logGet(43)) - raft.server.log.queue.byte-limit = 2147483647 (custom)
2019-07-14 01:10:46,952 INFO  server.RaftServerConfigKeys (ConfUtils.java:logGet(43)) - raft.server.log.queue.element-limit = 1024 (custom)
2019-07-14 01:10:46,953 INFO  server.RaftServerConfigKeys (ConfUtils.java:logGet(43)) - raft.server.log.segment.size.max = 1048576 (custom)
2019-07-14 01:10:46,953 INFO  server.RaftServerConfigKeys (ConfUtils.java:logGet(43)) - raft.server.log.preallocated.size = 16384 (custom)
2019-07-14 01:10:46,953 INFO  server.RaftServerConfigKeys (ConfUtils.java:logGet(43)) - raft.server.log.write.buffer.size = 33554432 (custom)
2019-07-14 01:10:46,953 INFO  server.RaftServerConfigKeys (ConfUtils.java:logGet(43)) - raft.server.log.force.sync.num = 128 (default)
2019-07-14 01:10:46,953 INFO  server.RaftServerConfigKeys (ConfUtils.java:logGet(43)) - raft.server.log.statemachine.data.sync = true (default)
2019-07-14 01:10:46,954 INFO  server.RaftServerConfigKeys (ConfUtils.java:logGet(43)) - raft.server.log.statemachine.data.sync.timeout = 10s (default)
2019-07-14 01:10:46,954 INFO  server.RaftServerConfigKeys (ConfUtils.java:logGet(43)) - raft.server.log.statemachine.data.sync.timeout.retry = -1 (default)
2019-07-14 01:10:46,954 INFO  server.RaftServerConfigKeys (ConfUtils.java:logGet(43)) - raft.server.log.statemachine.data.caching.enabled = true (custom)
2019-07-14 01:10:46,954 INFO  segmented.SegmentedRaftLogWorker (SegmentedRaftLogWorker.java:lambda$new$0(132)) - 5d27a16c-da1a-4f85-bf61-26cd87951759-SegmentedRaftLogWorker:Storage Directory /tmp/workdir/hadoop-ozone/integration-test/target/test-dir/MiniOzoneClusterImpl-ba13c149-e692-4896-a6a2-c6a85364206c/datanode-2/data/ratis/fb0a9627-0c75-4cbe-9684-4e3a0faa78c2: flushIndex: setUnconditionally 0 -> -1
2019-07-14 01:10:46,955 INFO  server.RaftServerConfigKeys (ConfUtils.java:logGet(43)) - raft.server.snapshot.auto.trigger.enabled = true (custom)
2019-07-14 01:10:46,955 INFO  server.RaftServerConfigKeys (ConfUtils.java:logGet(43)) - raft.server.snapshot.auto.trigger.threshold = 10000 (custom)
2019-07-14 01:10:46,955 INFO  server.RaftServerConfigKeys (ConfUtils.java:logGet(43)) - raft.server.retrycache.expirytime = 600000ms (custom)
2019-07-14 01:10:46,955 INFO  impl.RaftServerImpl (RaftServerImpl.java:start(180)) - 5d27a16c-da1a-4f85-bf61-26cd87951759: start group-4E3A0FAA78C2
2019-07-14 01:10:46,955 INFO  impl.RaftServerImpl (RaftServerImpl.java:setRole(171)) - 5d27a16c-da1a-4f85-bf61-26cd87951759:group-4E3A0FAA78C2 changes role from null to FOLLOWER at term 0 for startAsFollower
2019-07-14 01:10:46,956 INFO  impl.RoleInfo (RoleInfo.java:updateAndGet(143)) - 5d27a16c-da1a-4f85-bf61-26cd87951759: start FollowerState
2019-07-14 01:10:46,956 INFO  util.JmxRegister (JmxRegister.java:tryRegister(44)) - Successfully registered JMX Bean with object name Ratis:service=RaftServer,group=group-4E3A0FAA78C2,id=5d27a16c-da1a-4f85-bf61-26cd87951759
2019-07-14 01:10:46,961 INFO  pipeline.PipelineStateManager (PipelineStateManager.java:addPipeline(56)) - Created pipeline Pipeline[ Id: fb0a9627-0c75-4cbe-9684-4e3a0faa78c2, Nodes: 5d27a16c-da1a-4f85-bf61-26cd87951759{ip: 192.168.157.230, host: trunk-nightly-sxkq5-3320257302, networkLocation: /default-rack, certSerialId: null}, Type:RATIS, Factor:ONE, State:OPEN]
2019-07-14 01:10:46,983 INFO  impl.RaftServerProxy (RaftServerProxy.java:addNew(89)) - f3eac508-6af5-4edc-add6-c410547da8f4: addNew group-85B96BD01710:[5d27a16c-da1a-4f85-bf61-26cd87951759:192.168.157.230:42067, 9478bc8e-041d-426e-9c77-bbfdf70f4392:192.168.157.230:44063, f3eac508-6af5-4edc-add6-c410547da8f4:192.168.157.230:44195] returns group-85B96BD01710:java.util.concurrent.CompletableFuture@d7faab9[Not completed]
2019-07-14 01:10:46,983 INFO  impl.RaftServerProxy (RaftServerProxy.java:addNew(89)) - 5d27a16c-da1a-4f85-bf61-26cd87951759: addNew group-85B96BD01710:[5d27a16c-da1a-4f85-bf61-26cd87951759:192.168.157.230:42067, 9478bc8e-041d-426e-9c77-bbfdf70f4392:192.168.157.230:44063, f3eac508-6af5-4edc-add6-c410547da8f4:192.168.157.230:44195] returns group-85B96BD01710:java.util.concurrent.CompletableFuture@692af4c7[Not completed]
2019-07-14 01:10:46,984 INFO  impl.RaftServerProxy (RaftServerProxy.java:addNew(89)) - 9478bc8e-041d-426e-9c77-bbfdf70f4392: addNew group-85B96BD01710:[5d27a16c-da1a-4f85-bf61-26cd87951759:192.168.157.230:42067, 9478bc8e-041d-426e-9c77-bbfdf70f4392:192.168.157.230:44063, f3eac508-6af5-4edc-add6-c410547da8f4:192.168.157.230:44195] returns group-85B96BD01710:java.util.concurrent.CompletableFuture@7dff916d[Not completed]
2019-07-14 01:10:46,984 INFO  impl.RaftServerImpl (RaftServerImpl.java:<init>(93)) - f3eac508-6af5-4edc-add6-c410547da8f4: new RaftServerImpl for group-85B96BD01710:[5d27a16c-da1a-4f85-bf61-26cd87951759:192.168.157.230:42067, 9478bc8e-041d-426e-9c77-bbfdf70f4392:192.168.157.230:44063, f3eac508-6af5-4edc-add6-c410547da8f4:192.168.157.230:44195] with ContainerStateMachine:uninitialized
2019-07-14 01:10:46,984 INFO  server.RaftServerConfigKeys (ConfUtils.java:logGet(43)) - raft.server.rpc.timeout.min = 5s (custom)
2019-07-14 01:10:46,984 INFO  impl.RaftServerImpl (RaftServerImpl.java:<init>(93)) - 5d27a16c-da1a-4f85-bf61-26cd87951759: new RaftServerImpl for group-85B96BD01710:[5d27a16c-da1a-4f85-bf61-26cd87951759:192.168.157.230:42067, 9478bc8e-041d-426e-9c77-bbfdf70f4392:192.168.157.230:44063, f3eac508-6af5-4edc-add6-c410547da8f4:192.168.157.230:44195] with ContainerStateMachine:uninitialized
2019-07-14 01:10:46,984 INFO  server.RaftServerConfigKeys (ConfUtils.java:logGet(43)) - raft.server.rpc.timeout.max = 5200ms (custom)
2019-07-14 01:10:46,985 INFO  impl.RaftServerImpl (RaftServerImpl.java:<init>(93)) - 9478bc8e-041d-426e-9c77-bbfdf70f4392: new RaftServerImpl for group-85B96BD01710:[5d27a16c-da1a-4f85-bf61-26cd87951759:192.168.157.230:42067, 9478bc8e-041d-426e-9c77-bbfdf70f4392:192.168.157.230:44063, f3eac508-6af5-4edc-add6-c410547da8f4:192.168.157.230:44195] with ContainerStateMachine:uninitialized
2019-07-14 01:10:46,984 INFO  server.RaftServerConfigKeys (ConfUtils.java:logGet(43)) - raft.server.rpc.timeout.min = 5s (custom)
2019-07-14 01:10:46,985 INFO  server.RaftServerConfigKeys (ConfUtils.java:logGet(43)) - raft.server.rpc.timeout.min = 5s (custom)
2019-07-14 01:10:46,985 INFO  server.RaftServerConfigKeys (ConfUtils.java:logGet(43)) - raft.server.rpcslowness.timeout = 120s (custom)
2019-07-14 01:10:46,985 INFO  server.RaftServerConfigKeys (ConfUtils.java:logGet(43)) - raft.server.rpc.timeout.max = 5200ms (custom)
2019-07-14 01:10:46,985 INFO  server.RaftServerConfigKeys (ConfUtils.java:logGet(43)) - raft.server.rpcslowness.timeout = 120s (custom)
2019-07-14 01:10:46,985 INFO  server.RaftServerConfigKeys (ConfUtils.java:logGet(43)) - raft.server.rpc.timeout.max = 5200ms (custom)
2019-07-14 01:10:46,985 INFO  server.RaftServerConfigKeys (ConfUtils.java:logGet(43)) - raft.server.sleep.deviation.threshold = 300 (default)
2019-07-14 01:10:46,986 INFO  server.RaftServerConfigKeys (ConfUtils.java:logGet(43)) - raft.server.log.appender.install.snapshot.enabled = false (custom)
2019-07-14 01:10:46,985 INFO  server.RaftServerConfigKeys (ConfUtils.java:logGet(43)) - raft.server.sleep.deviation.threshold = 300 (default)
2019-07-14 01:10:46,986 INFO  impl.RaftServerImpl (ServerState.java:<init>(105)) - 9478bc8e-041d-426e-9c77-bbfdf70f4392:group-85B96BD01710 ConfigurationManager, init=-1: [5d27a16c-da1a-4f85-bf61-26cd87951759:192.168.157.230:42067, 9478bc8e-041d-426e-9c77-bbfdf70f4392:192.168.157.230:44063, f3eac508-6af5-4edc-add6-c410547da8f4:192.168.157.230:44195], old=null, confs=<EMPTY_MAP>
2019-07-14 01:10:46,986 INFO  server.RaftServerConfigKeys (ConfUtils.java:logGet(43)) - raft.server.rpcslowness.timeout = 120s (custom)
2019-07-14 01:10:46,986 INFO  server.RaftServerConfigKeys (ConfUtils.java:logGet(43)) - raft.server.storage.dir = [/tmp/workdir/hadoop-ozone/integration-test/target/test-dir/MiniOzoneClusterImpl-ba13c149-e692-4896-a6a2-c6a85364206c/datanode-1/data/ratis] (custom)
2019-07-14 01:10:46,986 INFO  server.RaftServerConfigKeys (ConfUtils.java:logGet(43)) - raft.server.log.appender.install.snapshot.enabled = false (custom)
2019-07-14 01:10:46,986 INFO  server.RaftServerConfigKeys (ConfUtils.java:logGet(43)) - raft.server.sleep.deviation.threshold = 300 (default)
2019-07-14 01:10:46,987 INFO  storage.RaftStorageDirectory (RaftStorageDirectory.java:analyzeStorage(246)) - The storage directory /tmp/workdir/hadoop-ozone/integration-test/target/test-dir/MiniOzoneClusterImpl-ba13c149-e692-4896-a6a2-c6a85364206c/datanode-1/data/ratis/3bae2e3b-0eb8-466b-926f-85b96bd01710 does not exist. Creating ...
2019-07-14 01:10:46,987 INFO  server.RaftServerConfigKeys (ConfUtils.java:logGet(43)) - raft.server.log.appender.install.snapshot.enabled = false (custom)
2019-07-14 01:10:46,987 INFO  impl.RaftServerImpl (ServerState.java:<init>(105)) - f3eac508-6af5-4edc-add6-c410547da8f4:group-85B96BD01710 ConfigurationManager, init=-1: [5d27a16c-da1a-4f85-bf61-26cd87951759:192.168.157.230:42067, 9478bc8e-041d-426e-9c77-bbfdf70f4392:192.168.157.230:44063, f3eac508-6af5-4edc-add6-c410547da8f4:192.168.157.230:44195], old=null, confs=<EMPTY_MAP>
2019-07-14 01:10:46,987 INFO  impl.RaftServerImpl (ServerState.java:<init>(105)) - 5d27a16c-da1a-4f85-bf61-26cd87951759:group-85B96BD01710 ConfigurationManager, init=-1: [5d27a16c-da1a-4f85-bf61-26cd87951759:192.168.157.230:42067, 9478bc8e-041d-426e-9c77-bbfdf70f4392:192.168.157.230:44063, f3eac508-6af5-4edc-add6-c410547da8f4:192.168.157.230:44195], old=null, confs=<EMPTY_MAP>
2019-07-14 01:10:46,987 INFO  server.RaftServerConfigKeys (ConfUtils.java:logGet(43)) - raft.server.storage.dir = [/tmp/workdir/hadoop-ozone/integration-test/target/test-dir/MiniOzoneClusterImpl-ba13c149-e692-4896-a6a2-c6a85364206c/datanode-0/data/ratis] (custom)
2019-07-14 01:10:46,987 INFO  server.RaftServerConfigKeys (ConfUtils.java:logGet(43)) - raft.server.storage.dir = [/tmp/workdir/hadoop-ozone/integration-test/target/test-dir/MiniOzoneClusterImpl-ba13c149-e692-4896-a6a2-c6a85364206c/datanode-2/data/ratis] (custom)
2019-07-14 01:10:46,988 INFO  storage.RaftStorageDirectory (RaftStorageDirectory.java:analyzeStorage(246)) - The storage directory /tmp/workdir/hadoop-ozone/integration-test/target/test-dir/MiniOzoneClusterImpl-ba13c149-e692-4896-a6a2-c6a85364206c/datanode-0/data/ratis/3bae2e3b-0eb8-466b-926f-85b96bd01710 does not exist. Creating ...
2019-07-14 01:10:46,988 INFO  storage.RaftStorageDirectory (RaftStorageDirectory.java:analyzeStorage(246)) - The storage directory /tmp/workdir/hadoop-ozone/integration-test/target/test-dir/MiniOzoneClusterImpl-ba13c149-e692-4896-a6a2-c6a85364206c/datanode-2/data/ratis/3bae2e3b-0eb8-466b-926f-85b96bd01710 does not exist. Creating ...
2019-07-14 01:10:47,001 INFO  storage.RaftStorageDirectory (RaftStorageDirectory.java:tryLock(328)) - Lock on /tmp/workdir/hadoop-ozone/integration-test/target/test-dir/MiniOzoneClusterImpl-ba13c149-e692-4896-a6a2-c6a85364206c/datanode-0/data/ratis/3bae2e3b-0eb8-466b-926f-85b96bd01710/in_use.lock acquired by nodename 26095@trunk-nightly-sxkq5-3320257302
2019-07-14 01:10:47,001 INFO  storage.RaftStorageDirectory (RaftStorageDirectory.java:tryLock(328)) - Lock on /tmp/workdir/hadoop-ozone/integration-test/target/test-dir/MiniOzoneClusterImpl-ba13c149-e692-4896-a6a2-c6a85364206c/datanode-2/data/ratis/3bae2e3b-0eb8-466b-926f-85b96bd01710/in_use.lock acquired by nodename 26095@trunk-nightly-sxkq5-3320257302
2019-07-14 01:10:47,001 INFO  storage.RaftStorageDirectory (RaftStorageDirectory.java:tryLock(328)) - Lock on /tmp/workdir/hadoop-ozone/integration-test/target/test-dir/MiniOzoneClusterImpl-ba13c149-e692-4896-a6a2-c6a85364206c/datanode-1/data/ratis/3bae2e3b-0eb8-466b-926f-85b96bd01710/in_use.lock acquired by nodename 26095@trunk-nightly-sxkq5-3320257302
2019-07-14 01:10:47,015 INFO  storage.RaftStorage (RaftStorage.java:format(72)) - Storage directory /tmp/workdir/hadoop-ozone/integration-test/target/test-dir/MiniOzoneClusterImpl-ba13c149-e692-4896-a6a2-c6a85364206c/datanode-0/data/ratis/3bae2e3b-0eb8-466b-926f-85b96bd01710 has been successfully formatted.
2019-07-14 01:10:47,015 INFO  storage.RaftStorage (RaftStorage.java:format(72)) - Storage directory /tmp/workdir/hadoop-ozone/integration-test/target/test-dir/MiniOzoneClusterImpl-ba13c149-e692-4896-a6a2-c6a85364206c/datanode-2/data/ratis/3bae2e3b-0eb8-466b-926f-85b96bd01710 has been successfully formatted.
2019-07-14 01:10:47,015 INFO  ratis.ContainerStateMachine (ContainerStateMachine.java:loadSnapshot(200)) - The snapshot info is null.Setting the last applied index to:(t:0, i:~)
2019-07-14 01:10:47,015 INFO  storage.RaftStorage (RaftStorage.java:format(72)) - Storage directory /tmp/workdir/hadoop-ozone/integration-test/target/test-dir/MiniOzoneClusterImpl-ba13c149-e692-4896-a6a2-c6a85364206c/datanode-1/data/ratis/3bae2e3b-0eb8-466b-926f-85b96bd01710 has been successfully formatted.
2019-07-14 01:10:47,015 INFO  server.RaftServerConfigKeys (ConfUtils.java:logGet(43)) - raft.server.leader.election.timeout = 120s (custom)
2019-07-14 01:10:47,016 INFO  ratis.ContainerStateMachine (ContainerStateMachine.java:loadSnapshot(200)) - The snapshot info is null.Setting the last applied index to:(t:0, i:~)
2019-07-14 01:10:47,015 INFO  ratis.ContainerStateMachine (ContainerStateMachine.java:loadSnapshot(200)) - The snapshot info is null.Setting the last applied index to:(t:0, i:~)
2019-07-14 01:10:47,016 INFO  server.RaftServerConfigKeys (ConfUtils.java:logGet(43)) - raft.server.leader.election.timeout = 120s (custom)
2019-07-14 01:10:47,016 INFO  server.RaftServerConfigKeys (ConfUtils.java:logGet(43)) - raft.server.log.use.memory = false (default)
2019-07-14 01:10:47,016 INFO  server.RaftServerConfigKeys (ConfUtils.java:logGet(43)) - raft.server.log.use.memory = false (default)
2019-07-14 01:10:47,016 INFO  server.RaftServerConfigKeys (ConfUtils.java:logGet(43)) - raft.server.log.purge.gap = 1000000000 (custom)
2019-07-14 01:10:47,017 INFO  server.RaftServerConfigKeys (ConfUtils.java:logGet(43)) - raft.server.log.appender.buffer.byte-limit = 33554432 (custom)
2019-07-14 01:10:47,016 INFO  server.RaftServerConfigKeys (ConfUtils.java:logGet(43)) - raft.server.leader.election.timeout = 120s (custom)
2019-07-14 01:10:47,017 INFO  server.RaftServerConfigKeys (ConfUtils.java:logGet(43)) - raft.server.log.segment.size.max = 1048576 (custom)
2019-07-14 01:10:47,017 INFO  server.RaftServerConfigKeys (ConfUtils.java:logGet(43)) - raft.server.log.segment.cache.num.max = 2 (custom)
2019-07-14 01:10:47,017 INFO  server.RaftServerConfigKeys (ConfUtils.java:logGet(43)) - raft.server.log.purge.gap = 1000000000 (custom)
2019-07-14 01:10:47,017 INFO  segmented.SegmentedRaftLogWorker (SegmentedRaftLogWorker.java:<init>(172)) - new 9478bc8e-041d-426e-9c77-bbfdf70f4392-SegmentedRaftLogWorker:Storage Directory /tmp/workdir/hadoop-ozone/integration-test/target/test-dir/MiniOzoneClusterImpl-ba13c149-e692-4896-a6a2-c6a85364206c/datanode-1/data/ratis/3bae2e3b-0eb8-466b-926f-85b96bd01710 for RaftStorage:Storage Directory /tmp/workdir/hadoop-ozone/integration-test/target/test-dir/MiniOzoneClusterImpl-ba13c149-e692-4896-a6a2-c6a85364206c/datanode-1/data/ratis/3bae2e3b-0eb8-466b-926f-85b96bd01710
2019-07-14 01:10:47,017 INFO  server.RaftServerConfigKeys (ConfUtils.java:logGet(43)) - raft.server.log.use.memory = false (default)
2019-07-14 01:10:47,018 INFO  server.RaftServerConfigKeys (ConfUtils.java:logGet(43)) - raft.server.log.queue.byte-limit = 2147483647 (custom)
2019-07-14 01:10:47,018 INFO  server.RaftServerConfigKeys (ConfUtils.java:logGet(43)) - raft.server.log.appender.buffer.byte-limit = 33554432 (custom)
2019-07-14 01:10:47,018 INFO  server.RaftServerConfigKeys (ConfUtils.java:logGet(43)) - raft.server.log.queue.element-limit = 1024 (custom)
2019-07-14 01:10:47,018 INFO  server.RaftServerConfigKeys (ConfUtils.java:logGet(43)) - raft.server.log.purge.gap = 1000000000 (custom)
2019-07-14 01:10:47,018 INFO  server.RaftServerConfigKeys (ConfUtils.java:logGet(43)) - raft.server.log.segment.size.max = 1048576 (custom)
2019-07-14 01:10:47,019 INFO  server.RaftServerConfigKeys (ConfUtils.java:logGet(43)) - raft.server.log.preallocated.size = 16384 (custom)
2019-07-14 01:10:47,018 INFO  server.RaftServerConfigKeys (ConfUtils.java:logGet(43)) - raft.server.log.segment.size.max = 1048576 (custom)
2019-07-14 01:10:47,019 INFO  server.RaftServerConfigKeys (ConfUtils.java:logGet(43)) - raft.server.log.write.buffer.size = 33554432 (custom)
2019-07-14 01:10:47,018 INFO  server.RaftServerConfigKeys (ConfUtils.java:logGet(43)) - raft.server.log.appender.buffer.byte-limit = 33554432 (custom)
2019-07-14 01:10:47,019 INFO  server.RaftServerConfigKeys (ConfUtils.java:logGet(43)) - raft.server.log.force.sync.num = 128 (default)
2019-07-14 01:10:47,019 INFO  server.RaftServerConfigKeys (ConfUtils.java:logGet(43)) - raft.server.log.segment.cache.num.max = 2 (custom)
2019-07-14 01:10:47,019 INFO  server.RaftServerConfigKeys (ConfUtils.java:logGet(43)) - raft.server.log.statemachine.data.sync = true (default)
2019-07-14 01:10:47,019 INFO  server.RaftServerConfigKeys (ConfUtils.java:logGet(43)) - raft.server.log.segment.size.max = 1048576 (custom)
2019-07-14 01:10:47,020 INFO  server.RaftServerConfigKeys (ConfUtils.java:logGet(43)) - raft.server.log.statemachine.data.sync.timeout = 10s (default)
2019-07-14 01:10:47,020 INFO  segmented.SegmentedRaftLogWorker (SegmentedRaftLogWorker.java:<init>(172)) - new f3eac508-6af5-4edc-add6-c410547da8f4-SegmentedRaftLogWorker:Storage Directory /tmp/workdir/hadoop-ozone/integration-test/target/test-dir/MiniOzoneClusterImpl-ba13c149-e692-4896-a6a2-c6a85364206c/datanode-0/data/ratis/3bae2e3b-0eb8-466b-926f-85b96bd01710 for RaftStorage:Storage Directory /tmp/workdir/hadoop-ozone/integration-test/target/test-dir/MiniOzoneClusterImpl-ba13c149-e692-4896-a6a2-c6a85364206c/datanode-0/data/ratis/3bae2e3b-0eb8-466b-926f-85b96bd01710
2019-07-14 01:10:47,020 INFO  server.RaftServerConfigKeys (ConfUtils.java:logGet(43)) - raft.server.log.statemachine.data.sync.timeout.retry = -1 (default)
2019-07-14 01:10:47,020 INFO  server.RaftServerConfigKeys (ConfUtils.java:logGet(43)) - raft.server.log.segment.cache.num.max = 2 (custom)
2019-07-14 01:10:47,020 INFO  server.RaftServerConfigKeys (ConfUtils.java:logGet(43)) - raft.server.log.statemachine.data.caching.enabled = true (custom)
2019-07-14 01:10:47,020 INFO  server.RaftServerConfigKeys (ConfUtils.java:logGet(43)) - raft.server.log.queue.byte-limit = 2147483647 (custom)
2019-07-14 01:10:47,020 INFO  segmented.SegmentedRaftLogWorker (SegmentedRaftLogWorker.java:<init>(172)) - new 5d27a16c-da1a-4f85-bf61-26cd87951759-SegmentedRaftLogWorker:Storage Directory /tmp/workdir/hadoop-ozone/integration-test/target/test-dir/MiniOzoneClusterImpl-ba13c149-e692-4896-a6a2-c6a85364206c/datanode-2/data/ratis/3bae2e3b-0eb8-466b-926f-85b96bd01710 for RaftStorage:Storage Directory /tmp/workdir/hadoop-ozone/integration-test/target/test-dir/MiniOzoneClusterImpl-ba13c149-e692-4896-a6a2-c6a85364206c/datanode-2/data/ratis/3bae2e3b-0eb8-466b-926f-85b96bd01710
2019-07-14 01:10:47,021 INFO  segmented.SegmentedRaftLogWorker (SegmentedRaftLogWorker.java:lambda$new$0(132)) - 9478bc8e-041d-426e-9c77-bbfdf70f4392-SegmentedRaftLogWorker:Storage Directory /tmp/workdir/hadoop-ozone/integration-test/target/test-dir/MiniOzoneClusterImpl-ba13c149-e692-4896-a6a2-c6a85364206c/datanode-1/data/ratis/3bae2e3b-0eb8-466b-926f-85b96bd01710: flushIndex: setUnconditionally 0 -> -1
2019-07-14 01:10:47,021 INFO  server.RaftServerConfigKeys (ConfUtils.java:logGet(43)) - raft.server.log.queue.element-limit = 1024 (custom)
2019-07-14 01:10:47,021 INFO  server.RaftServerConfigKeys (ConfUtils.java:logGet(43)) - raft.server.log.queue.byte-limit = 2147483647 (custom)
2019-07-14 01:10:47,021 INFO  server.RaftServerConfigKeys (ConfUtils.java:logGet(43)) - raft.server.log.segment.size.max = 1048576 (custom)
2019-07-14 01:10:47,021 INFO  server.RaftServerConfigKeys (ConfUtils.java:logGet(43)) - raft.server.snapshot.auto.trigger.enabled = true (custom)
2019-07-14 01:10:47,021 INFO  server.RaftServerConfigKeys (ConfUtils.java:logGet(43)) - raft.server.log.preallocated.size = 16384 (custom)
2019-07-14 01:10:47,021 INFO  server.RaftServerConfigKeys (ConfUtils.java:logGet(43)) - raft.server.log.queue.element-limit = 1024 (custom)
2019-07-14 01:10:47,022 INFO  server.RaftServerConfigKeys (ConfUtils.java:logGet(43)) - raft.server.log.write.buffer.size = 33554432 (custom)
2019-07-14 01:10:47,022 INFO  server.RaftServerConfigKeys (ConfUtils.java:logGet(43)) - raft.server.snapshot.auto.trigger.threshold = 10000 (custom)
2019-07-14 01:10:47,022 INFO  server.RaftServerConfigKeys (ConfUtils.java:logGet(43)) - raft.server.log.force.sync.num = 128 (default)
2019-07-14 01:10:47,022 INFO  server.RaftServerConfigKeys (ConfUtils.java:logGet(43)) - raft.server.log.segment.size.max = 1048576 (custom)
2019-07-14 01:10:47,022 INFO  server.RaftServerConfigKeys (ConfUtils.java:logGet(43)) - raft.server.log.statemachine.data.sync = true (default)
2019-07-14 01:10:47,022 INFO  server.RaftServerConfigKeys (ConfUtils.java:logGet(43)) - raft.server.retrycache.expirytime = 600000ms (custom)
2019-07-14 01:10:47,023 INFO  server.RaftServerConfigKeys (ConfUtils.java:logGet(43)) - raft.server.log.statemachine.data.sync.timeout = 10s (default)
2019-07-14 01:10:47,023 INFO  server.RaftServerConfigKeys (ConfUtils.java:logGet(43)) - raft.server.log.preallocated.size = 16384 (custom)
2019-07-14 01:10:47,023 INFO  server.RaftServerConfigKeys (ConfUtils.java:logGet(43)) - raft.server.log.statemachine.data.sync.timeout.retry = -1 (default)
2019-07-14 01:10:47,023 INFO  impl.RaftServerImpl (RaftServerImpl.java:start(180)) - 9478bc8e-041d-426e-9c77-bbfdf70f4392: start group-85B96BD01710
2019-07-14 01:10:47,023 INFO  server.RaftServerConfigKeys (ConfUtils.java:logGet(43)) - raft.server.log.statemachine.data.caching.enabled = true (custom)
2019-07-14 01:10:47,023 INFO  server.RaftServerConfigKeys (ConfUtils.java:logGet(43)) - raft.server.log.write.buffer.size = 33554432 (custom)
2019-07-14 01:10:47,024 INFO  segmented.SegmentedRaftLogWorker (SegmentedRaftLogWorker.java:lambda$new$0(132)) - f3eac508-6af5-4edc-add6-c410547da8f4-SegmentedRaftLogWorker:Storage Directory /tmp/workdir/hadoop-ozone/integration-test/target/test-dir/MiniOzoneClusterImpl-ba13c149-e692-4896-a6a2-c6a85364206c/datanode-0/data/ratis/3bae2e3b-0eb8-466b-926f-85b96bd01710: flushIndex: setUnconditionally 0 -> -1
2019-07-14 01:10:47,023 INFO  impl.RaftServerImpl (RaftServerImpl.java:setRole(171)) - 9478bc8e-041d-426e-9c77-bbfdf70f4392:group-85B96BD01710 changes role from null to FOLLOWER at term 0 for startAsFollower
2019-07-14 01:10:47,024 INFO  server.RaftServerConfigKeys (ConfUtils.java:logGet(43)) - raft.server.log.force.sync.num = 128 (default)
2019-07-14 01:10:47,024 INFO  server.RaftServerConfigKeys (ConfUtils.java:logGet(43)) - raft.server.snapshot.auto.trigger.enabled = true (custom)
2019-07-14 01:10:47,024 INFO  impl.RoleInfo (RoleInfo.java:updateAndGet(143)) - 9478bc8e-041d-426e-9c77-bbfdf70f4392: start FollowerState
2019-07-14 01:10:47,024 INFO  server.RaftServerConfigKeys (ConfUtils.java:logGet(43)) - raft.server.snapshot.auto.trigger.threshold = 10000 (custom)
2019-07-14 01:10:47,024 INFO  server.RaftServerConfigKeys (ConfUtils.java:logGet(43)) - raft.server.log.statemachine.data.sync = true (default)
2019-07-14 01:10:47,025 INFO  server.RaftServerConfigKeys (ConfUtils.java:logGet(43)) - raft.server.retrycache.expirytime = 600000ms (custom)
2019-07-14 01:10:47,025 INFO  server.RaftServerConfigKeys (ConfUtils.java:logGet(43)) - raft.server.log.statemachine.data.sync.timeout = 10s (default)
2019-07-14 01:10:47,025 INFO  util.JmxRegister (JmxRegister.java:tryRegister(44)) - Successfully registered JMX Bean with object name Ratis:service=RaftServer,group=group-85B96BD01710,id=9478bc8e-041d-426e-9c77-bbfdf70f4392
2019-07-14 01:10:47,025 INFO  server.RaftServerConfigKeys (ConfUtils.java:logGet(43)) - raft.server.log.statemachine.data.sync.timeout.retry = -1 (default)
2019-07-14 01:10:47,025 INFO  impl.RaftServerImpl (RaftServerImpl.java:start(180)) - f3eac508-6af5-4edc-add6-c410547da8f4: start group-85B96BD01710
2019-07-14 01:10:47,025 INFO  server.RaftServerConfigKeys (ConfUtils.java:logGet(43)) - raft.server.log.statemachine.data.caching.enabled = true (custom)
2019-07-14 01:10:47,026 INFO  impl.RaftServerImpl (RaftServerImpl.java:setRole(171)) - f3eac508-6af5-4edc-add6-c410547da8f4:group-85B96BD01710 changes role from null to FOLLOWER at term 0 for startAsFollower
2019-07-14 01:10:47,026 INFO  impl.RoleInfo (RoleInfo.java:updateAndGet(143)) - f3eac508-6af5-4edc-add6-c410547da8f4: start FollowerState
2019-07-14 01:10:47,026 INFO  segmented.SegmentedRaftLogWorker (SegmentedRaftLogWorker.java:lambda$new$0(132)) - 5d27a16c-da1a-4f85-bf61-26cd87951759-SegmentedRaftLogWorker:Storage Directory /tmp/workdir/hadoop-ozone/integration-test/target/test-dir/MiniOzoneClusterImpl-ba13c149-e692-4896-a6a2-c6a85364206c/datanode-2/data/ratis/3bae2e3b-0eb8-466b-926f-85b96bd01710: flushIndex: setUnconditionally 0 -> -1
2019-07-14 01:10:47,026 INFO  util.JmxRegister (JmxRegister.java:tryRegister(44)) - Successfully registered JMX Bean with object name Ratis:service=RaftServer,group=group-85B96BD01710,id=f3eac508-6af5-4edc-add6-c410547da8f4
2019-07-14 01:10:47,026 INFO  server.RaftServerConfigKeys (ConfUtils.java:logGet(43)) - raft.server.snapshot.auto.trigger.enabled = true (custom)
2019-07-14 01:10:47,027 INFO  server.RaftServerConfigKeys (ConfUtils.java:logGet(43)) - raft.server.snapshot.auto.trigger.threshold = 10000 (custom)
2019-07-14 01:10:47,030 INFO  server.RaftServerConfigKeys (ConfUtils.java:logGet(43)) - raft.server.retrycache.expirytime = 600000ms (custom)
2019-07-14 01:10:47,030 INFO  impl.RaftServerImpl (RaftServerImpl.java:start(180)) - 5d27a16c-da1a-4f85-bf61-26cd87951759: start group-85B96BD01710
2019-07-14 01:10:47,030 INFO  impl.RaftServerImpl (RaftServerImpl.java:setRole(171)) - 5d27a16c-da1a-4f85-bf61-26cd87951759:group-85B96BD01710 changes role from null to FOLLOWER at term 0 for startAsFollower
2019-07-14 01:10:47,030 INFO  impl.RoleInfo (RoleInfo.java:updateAndGet(143)) - 5d27a16c-da1a-4f85-bf61-26cd87951759: start FollowerState
2019-07-14 01:10:47,033 INFO  util.JmxRegister (JmxRegister.java:tryRegister(44)) - Successfully registered JMX Bean with object name Ratis:service=RaftServer,group=group-85B96BD01710,id=5d27a16c-da1a-4f85-bf61-26cd87951759
2019-07-14 01:10:47,037 INFO  pipeline.PipelineStateManager (PipelineStateManager.java:addPipeline(56)) - Created pipeline Pipeline[ Id: 3bae2e3b-0eb8-466b-926f-85b96bd01710, Nodes: 9478bc8e-041d-426e-9c77-bbfdf70f4392{ip: 192.168.157.230, host: trunk-nightly-sxkq5-3320257302, networkLocation: /default-rack, certSerialId: null}f3eac508-6af5-4edc-add6-c410547da8f4{ip: 192.168.157.230, host: trunk-nightly-sxkq5-3320257302, networkLocation: /default-rack, certSerialId: null}5d27a16c-da1a-4f85-bf61-26cd87951759{ip: 192.168.157.230, host: trunk-nightly-sxkq5-3320257302, networkLocation: /default-rack, certSerialId: null}, Type:RATIS, Factor:THREE, State:OPEN]
2019-07-14 01:10:47,070 INFO  node.SCMNodeManager (SCMNodeManager.java:register(269)) - Registered Data node : d278cd0f-199e-431f-8b12-f3d669e45104{ip: 192.168.157.230, host: trunk-nightly-sxkq5-3320257302, networkLocation: /default-rack, certSerialId: null}
2019-07-14 01:10:47,077 INFO  impl.RaftServerProxy (RaftServerProxy.java:addNew(89)) - d278cd0f-199e-431f-8b12-f3d669e45104: addNew group-C4A5797403A1:[d278cd0f-199e-431f-8b12-f3d669e45104:192.168.157.230:35736] returns group-C4A5797403A1:java.util.concurrent.CompletableFuture@5879f27d[Not completed]
2019-07-14 01:10:47,078 INFO  impl.RaftServerImpl (RaftServerImpl.java:<init>(93)) - d278cd0f-199e-431f-8b12-f3d669e45104: new RaftServerImpl for group-C4A5797403A1:[d278cd0f-199e-431f-8b12-f3d669e45104:192.168.157.230:35736] with ContainerStateMachine:uninitialized
2019-07-14 01:10:47,078 INFO  server.RaftServerConfigKeys (ConfUtils.java:logGet(43)) - raft.server.rpc.timeout.min = 5s (custom)
2019-07-14 01:10:47,079 INFO  server.RaftServerConfigKeys (ConfUtils.java:logGet(43)) - raft.server.rpc.timeout.max = 5200ms (custom)
2019-07-14 01:10:47,079 INFO  server.RaftServerConfigKeys (ConfUtils.java:logGet(43)) - raft.server.rpcslowness.timeout = 120s (custom)
2019-07-14 01:10:47,079 INFO  server.RaftServerConfigKeys (ConfUtils.java:logGet(43)) - raft.server.sleep.deviation.threshold = 300 (default)
2019-07-14 01:10:47,079 INFO  server.RaftServerConfigKeys (ConfUtils.java:logGet(43)) - raft.server.log.appender.install.snapshot.enabled = false (custom)
2019-07-14 01:10:47,079 INFO  impl.RaftServerImpl (ServerState.java:<init>(105)) - d278cd0f-199e-431f-8b12-f3d669e45104:group-C4A5797403A1 ConfigurationManager, init=-1: [d278cd0f-199e-431f-8b12-f3d669e45104:192.168.157.230:35736], old=null, confs=<EMPTY_MAP>
2019-07-14 01:10:47,079 INFO  server.RaftServerConfigKeys (ConfUtils.java:logGet(43)) - raft.server.storage.dir = [/tmp/workdir/hadoop-ozone/integration-test/target/test-dir/MiniOzoneClusterImpl-ba13c149-e692-4896-a6a2-c6a85364206c/datanode-3/data/ratis] (custom)
2019-07-14 01:10:47,080 INFO  storage.RaftStorageDirectory (RaftStorageDirectory.java:analyzeStorage(246)) - The storage directory /tmp/workdir/hadoop-ozone/integration-test/target/test-dir/MiniOzoneClusterImpl-ba13c149-e692-4896-a6a2-c6a85364206c/datanode-3/data/ratis/63142c95-26ac-4df5-9cbf-c4a5797403a1 does not exist. Creating ...
2019-07-14 01:10:47,092 INFO  storage.RaftStorageDirectory (RaftStorageDirectory.java:tryLock(328)) - Lock on /tmp/workdir/hadoop-ozone/integration-test/target/test-dir/MiniOzoneClusterImpl-ba13c149-e692-4896-a6a2-c6a85364206c/datanode-3/data/ratis/63142c95-26ac-4df5-9cbf-c4a5797403a1/in_use.lock acquired by nodename 26095@trunk-nightly-sxkq5-3320257302
2019-07-14 01:10:47,105 INFO  storage.RaftStorage (RaftStorage.java:format(72)) - Storage directory /tmp/workdir/hadoop-ozone/integration-test/target/test-dir/MiniOzoneClusterImpl-ba13c149-e692-4896-a6a2-c6a85364206c/datanode-3/data/ratis/63142c95-26ac-4df5-9cbf-c4a5797403a1 has been successfully formatted.
2019-07-14 01:10:47,106 INFO  ratis.ContainerStateMachine (ContainerStateMachine.java:loadSnapshot(200)) - The snapshot info is null.Setting the last applied index to:(t:0, i:~)
2019-07-14 01:10:47,106 INFO  server.RaftServerConfigKeys (ConfUtils.java:logGet(43)) - raft.server.leader.election.timeout = 120s (custom)
2019-07-14 01:10:47,106 INFO  server.RaftServerConfigKeys (ConfUtils.java:logGet(43)) - raft.server.log.use.memory = false (default)
2019-07-14 01:10:47,106 INFO  server.RaftServerConfigKeys (ConfUtils.java:logGet(43)) - raft.server.log.purge.gap = 1000000000 (custom)
2019-07-14 01:10:47,106 INFO  server.RaftServerConfigKeys (ConfUtils.java:logGet(43)) - raft.server.log.appender.buffer.byte-limit = 33554432 (custom)
2019-07-14 01:10:47,106 INFO  server.RaftServerConfigKeys (ConfUtils.java:logGet(43)) - raft.server.log.segment.size.max = 1048576 (custom)
2019-07-14 01:10:47,106 INFO  server.RaftServerConfigKeys (ConfUtils.java:logGet(43)) - raft.server.log.segment.cache.num.max = 2 (custom)
2019-07-14 01:10:47,107 INFO  segmented.SegmentedRaftLogWorker (SegmentedRaftLogWorker.java:<init>(172)) - new d278cd0f-199e-431f-8b12-f3d669e45104-SegmentedRaftLogWorker:Storage Directory /tmp/workdir/hadoop-ozone/integration-test/target/test-dir/MiniOzoneClusterImpl-ba13c149-e692-4896-a6a2-c6a85364206c/datanode-3/data/ratis/63142c95-26ac-4df5-9cbf-c4a5797403a1 for RaftStorage:Storage Directory /tmp/workdir/hadoop-ozone/integration-test/target/test-dir/MiniOzoneClusterImpl-ba13c149-e692-4896-a6a2-c6a85364206c/datanode-3/data/ratis/63142c95-26ac-4df5-9cbf-c4a5797403a1
2019-07-14 01:10:47,107 INFO  server.RaftServerConfigKeys (ConfUtils.java:logGet(43)) - raft.server.log.queue.byte-limit = 2147483647 (custom)
2019-07-14 01:10:47,107 INFO  server.RaftServerConfigKeys (ConfUtils.java:logGet(43)) - raft.server.log.queue.element-limit = 1024 (custom)
2019-07-14 01:10:47,107 INFO  server.RaftServerConfigKeys (ConfUtils.java:logGet(43)) - raft.server.log.segment.size.max = 1048576 (custom)
2019-07-14 01:10:47,107 INFO  server.RaftServerConfigKeys (ConfUtils.java:logGet(43)) - raft.server.log.preallocated.size = 16384 (custom)
2019-07-14 01:10:47,107 INFO  server.RaftServerConfigKeys (ConfUtils.java:logGet(43)) - raft.server.log.write.buffer.size = 33554432 (custom)
2019-07-14 01:10:47,107 INFO  server.RaftServerConfigKeys (ConfUtils.java:logGet(43)) - raft.server.log.force.sync.num = 128 (default)
2019-07-14 01:10:47,108 INFO  server.RaftServerConfigKeys (ConfUtils.java:logGet(43)) - raft.server.log.statemachine.data.sync = true (default)
2019-07-14 01:10:47,108 INFO  server.RaftServerConfigKeys (ConfUtils.java:logGet(43)) - raft.server.log.statemachine.data.sync.timeout = 10s (default)
2019-07-14 01:10:47,108 INFO  server.RaftServerConfigKeys (ConfUtils.java:logGet(43)) - raft.server.log.statemachine.data.sync.timeout.retry = -1 (default)
2019-07-14 01:10:47,108 INFO  server.RaftServerConfigKeys (ConfUtils.java:logGet(43)) - raft.server.log.statemachine.data.caching.enabled = true (custom)
2019-07-14 01:10:47,108 INFO  segmented.SegmentedRaftLogWorker (SegmentedRaftLogWorker.java:lambda$new$0(132)) - d278cd0f-199e-431f-8b12-f3d669e45104-SegmentedRaftLogWorker:Storage Directory /tmp/workdir/hadoop-ozone/integration-test/target/test-dir/MiniOzoneClusterImpl-ba13c149-e692-4896-a6a2-c6a85364206c/datanode-3/data/ratis/63142c95-26ac-4df5-9cbf-c4a5797403a1: flushIndex: setUnconditionally 0 -> -1
2019-07-14 01:10:47,109 INFO  server.RaftServerConfigKeys (ConfUtils.java:logGet(43)) - raft.server.snapshot.auto.trigger.enabled = true (custom)
2019-07-14 01:10:47,109 INFO  server.RaftServerConfigKeys (ConfUtils.java:logGet(43)) - raft.server.snapshot.auto.trigger.threshold = 10000 (custom)
2019-07-14 01:10:47,109 INFO  server.RaftServerConfigKeys (ConfUtils.java:logGet(43)) - raft.server.retrycache.expirytime = 600000ms (custom)
2019-07-14 01:10:47,109 INFO  impl.RaftServerImpl (RaftServerImpl.java:start(180)) - d278cd0f-199e-431f-8b12-f3d669e45104: start group-C4A5797403A1
2019-07-14 01:10:47,109 INFO  impl.RaftServerImpl (RaftServerImpl.java:setRole(171)) - d278cd0f-199e-431f-8b12-f3d669e45104:group-C4A5797403A1 changes role from null to FOLLOWER at term 0 for startAsFollower
2019-07-14 01:10:47,109 INFO  impl.RoleInfo (RoleInfo.java:updateAndGet(143)) - d278cd0f-199e-431f-8b12-f3d669e45104: start FollowerState
2019-07-14 01:10:47,122 INFO  util.JmxRegister (JmxRegister.java:tryRegister(44)) - Successfully registered JMX Bean with object name Ratis:service=RaftServer,group=group-C4A5797403A1,id=d278cd0f-199e-431f-8b12-f3d669e45104
2019-07-14 01:10:47,134 INFO  pipeline.PipelineStateManager (PipelineStateManager.java:addPipeline(56)) - Created pipeline Pipeline[ Id: 63142c95-26ac-4df5-9cbf-c4a5797403a1, Nodes: d278cd0f-199e-431f-8b12-f3d669e45104{ip: 192.168.157.230, host: trunk-nightly-sxkq5-3320257302, networkLocation: /default-rack, certSerialId: null}, Type:RATIS, Factor:ONE, State:OPEN]
2019-07-14 01:10:47,254 INFO  node.SCMNodeManager (SCMNodeManager.java:register(269)) - Registered Data node : 729cc98b-57a4-4371-b814-2b10682e9198{ip: 192.168.157.230, host: trunk-nightly-sxkq5-3320257302, networkLocation: /default-rack, certSerialId: null}
2019-07-14 01:10:47,272 INFO  impl.RaftServerProxy (RaftServerProxy.java:addNew(89)) - 729cc98b-57a4-4371-b814-2b10682e9198: addNew group-05EFF18440AE:[729cc98b-57a4-4371-b814-2b10682e9198:192.168.157.230:44283] returns group-05EFF18440AE:java.util.concurrent.CompletableFuture@6cd9904b[Not completed]
2019-07-14 01:10:47,273 INFO  impl.RaftServerImpl (RaftServerImpl.java:<init>(93)) - 729cc98b-57a4-4371-b814-2b10682e9198: new RaftServerImpl for group-05EFF18440AE:[729cc98b-57a4-4371-b814-2b10682e9198:192.168.157.230:44283] with ContainerStateMachine:uninitialized
2019-07-14 01:10:47,273 INFO  server.RaftServerConfigKeys (ConfUtils.java:logGet(43)) - raft.server.rpc.timeout.min = 5s (custom)
2019-07-14 01:10:47,273 INFO  server.RaftServerConfigKeys (ConfUtils.java:logGet(43)) - raft.server.rpc.timeout.max = 5200ms (custom)
2019-07-14 01:10:47,273 INFO  server.RaftServerConfigKeys (ConfUtils.java:logGet(43)) - raft.server.rpcslowness.timeout = 120s (custom)
2019-07-14 01:10:47,273 INFO  server.RaftServerConfigKeys (ConfUtils.java:logGet(43)) - raft.server.sleep.deviation.threshold = 300 (default)
2019-07-14 01:10:47,273 INFO  server.RaftServerConfigKeys (ConfUtils.java:logGet(43)) - raft.server.log.appender.install.snapshot.enabled = false (custom)
2019-07-14 01:10:47,274 INFO  impl.RaftServerImpl (ServerState.java:<init>(105)) - 729cc98b-57a4-4371-b814-2b10682e9198:group-05EFF18440AE ConfigurationManager, init=-1: [729cc98b-57a4-4371-b814-2b10682e9198:192.168.157.230:44283], old=null, confs=<EMPTY_MAP>
2019-07-14 01:10:47,274 INFO  server.RaftServerConfigKeys (ConfUtils.java:logGet(43)) - raft.server.storage.dir = [/tmp/workdir/hadoop-ozone/integration-test/target/test-dir/MiniOzoneClusterImpl-ba13c149-e692-4896-a6a2-c6a85364206c/datanode-4/data/ratis] (custom)
2019-07-14 01:10:47,274 INFO  storage.RaftStorageDirectory (RaftStorageDirectory.java:analyzeStorage(246)) - The storage directory /tmp/workdir/hadoop-ozone/integration-test/target/test-dir/MiniOzoneClusterImpl-ba13c149-e692-4896-a6a2-c6a85364206c/datanode-4/data/ratis/22548268-b256-4945-931b-05eff18440ae does not exist. Creating ...
2019-07-14 01:10:47,287 INFO  storage.RaftStorageDirectory (RaftStorageDirectory.java:tryLock(328)) - Lock on /tmp/workdir/hadoop-ozone/integration-test/target/test-dir/MiniOzoneClusterImpl-ba13c149-e692-4896-a6a2-c6a85364206c/datanode-4/data/ratis/22548268-b256-4945-931b-05eff18440ae/in_use.lock acquired by nodename 26095@trunk-nightly-sxkq5-3320257302
2019-07-14 01:10:47,301 INFO  storage.RaftStorage (RaftStorage.java:format(72)) - Storage directory /tmp/workdir/hadoop-ozone/integration-test/target/test-dir/MiniOzoneClusterImpl-ba13c149-e692-4896-a6a2-c6a85364206c/datanode-4/data/ratis/22548268-b256-4945-931b-05eff18440ae has been successfully formatted.
2019-07-14 01:10:47,301 INFO  ratis.ContainerStateMachine (ContainerStateMachine.java:loadSnapshot(200)) - The snapshot info is null.Setting the last applied index to:(t:0, i:~)
2019-07-14 01:10:47,301 INFO  server.RaftServerConfigKeys (ConfUtils.java:logGet(43)) - raft.server.leader.election.timeout = 120s (custom)
2019-07-14 01:10:47,301 INFO  server.RaftServerConfigKeys (ConfUtils.java:logGet(43)) - raft.server.log.use.memory = false (default)
2019-07-14 01:10:47,302 INFO  server.RaftServerConfigKeys (ConfUtils.java:logGet(43)) - raft.server.log.purge.gap = 1000000000 (custom)
2019-07-14 01:10:47,302 INFO  server.RaftServerConfigKeys (ConfUtils.java:logGet(43)) - raft.server.log.appender.buffer.byte-limit = 33554432 (custom)
2019-07-14 01:10:47,302 INFO  server.RaftServerConfigKeys (ConfUtils.java:logGet(43)) - raft.server.log.segment.size.max = 1048576 (custom)
2019-07-14 01:10:47,302 INFO  server.RaftServerConfigKeys (ConfUtils.java:logGet(43)) - raft.server.log.segment.cache.num.max = 2 (custom)
2019-07-14 01:10:47,302 INFO  segmented.SegmentedRaftLogWorker (SegmentedRaftLogWorker.java:<init>(172)) - new 729cc98b-57a4-4371-b814-2b10682e9198-SegmentedRaftLogWorker:Storage Directory /tmp/workdir/hadoop-ozone/integration-test/target/test-dir/MiniOzoneClusterImpl-ba13c149-e692-4896-a6a2-c6a85364206c/datanode-4/data/ratis/22548268-b256-4945-931b-05eff18440ae for RaftStorage:Storage Directory /tmp/workdir/hadoop-ozone/integration-test/target/test-dir/MiniOzoneClusterImpl-ba13c149-e692-4896-a6a2-c6a85364206c/datanode-4/data/ratis/22548268-b256-4945-931b-05eff18440ae
2019-07-14 01:10:47,302 INFO  server.RaftServerConfigKeys (ConfUtils.java:logGet(43)) - raft.server.log.queue.byte-limit = 2147483647 (custom)
2019-07-14 01:10:47,302 INFO  server.RaftServerConfigKeys (ConfUtils.java:logGet(43)) - raft.server.log.queue.element-limit = 1024 (custom)
2019-07-14 01:10:47,303 INFO  server.RaftServerConfigKeys (ConfUtils.java:logGet(43)) - raft.server.log.segment.size.max = 1048576 (custom)
2019-07-14 01:10:47,303 INFO  server.RaftServerConfigKeys (ConfUtils.java:logGet(43)) - raft.server.log.preallocated.size = 16384 (custom)
2019-07-14 01:10:47,303 INFO  server.RaftServerConfigKeys (ConfUtils.java:logGet(43)) - raft.server.log.write.buffer.size = 33554432 (custom)
2019-07-14 01:10:47,303 INFO  server.RaftServerConfigKeys (ConfUtils.java:logGet(43)) - raft.server.log.force.sync.num = 128 (default)
2019-07-14 01:10:47,303 INFO  server.RaftServerConfigKeys (ConfUtils.java:logGet(43)) - raft.server.log.statemachine.data.sync = true (default)
2019-07-14 01:10:47,303 INFO  server.RaftServerConfigKeys (ConfUtils.java:logGet(43)) - raft.server.log.statemachine.data.sync.timeout = 10s (default)
2019-07-14 01:10:47,303 INFO  server.RaftServerConfigKeys (ConfUtils.java:logGet(43)) - raft.server.log.statemachine.data.sync.timeout.retry = -1 (default)
2019-07-14 01:10:47,304 INFO  server.RaftServerConfigKeys (ConfUtils.java:logGet(43)) - raft.server.log.statemachine.data.caching.enabled = true (custom)
2019-07-14 01:10:47,304 INFO  segmented.SegmentedRaftLogWorker (SegmentedRaftLogWorker.java:lambda$new$0(132)) - 729cc98b-57a4-4371-b814-2b10682e9198-SegmentedRaftLogWorker:Storage Directory /tmp/workdir/hadoop-ozone/integration-test/target/test-dir/MiniOzoneClusterImpl-ba13c149-e692-4896-a6a2-c6a85364206c/datanode-4/data/ratis/22548268-b256-4945-931b-05eff18440ae: flushIndex: setUnconditionally 0 -> -1
2019-07-14 01:10:47,304 INFO  server.RaftServerConfigKeys (ConfUtils.java:logGet(43)) - raft.server.snapshot.auto.trigger.enabled = true (custom)
2019-07-14 01:10:47,304 INFO  server.RaftServerConfigKeys (ConfUtils.java:logGet(43)) - raft.server.snapshot.auto.trigger.threshold = 10000 (custom)
2019-07-14 01:10:47,305 INFO  server.RaftServerConfigKeys (ConfUtils.java:logGet(43)) - raft.server.retrycache.expirytime = 600000ms (custom)
2019-07-14 01:10:47,305 INFO  impl.RaftServerImpl (RaftServerImpl.java:start(180)) - 729cc98b-57a4-4371-b814-2b10682e9198: start group-05EFF18440AE
2019-07-14 01:10:47,305 INFO  impl.RaftServerImpl (RaftServerImpl.java:setRole(171)) - 729cc98b-57a4-4371-b814-2b10682e9198:group-05EFF18440AE changes role from null to FOLLOWER at term 0 for startAsFollower
2019-07-14 01:10:47,305 INFO  impl.RoleInfo (RoleInfo.java:updateAndGet(143)) - 729cc98b-57a4-4371-b814-2b10682e9198: start FollowerState
2019-07-14 01:10:47,305 INFO  util.JmxRegister (JmxRegister.java:tryRegister(44)) - Successfully registered JMX Bean with object name Ratis:service=RaftServer,group=group-05EFF18440AE,id=729cc98b-57a4-4371-b814-2b10682e9198
2019-07-14 01:10:47,311 INFO  pipeline.PipelineStateManager (PipelineStateManager.java:addPipeline(56)) - Created pipeline Pipeline[ Id: 22548268-b256-4945-931b-05eff18440ae, Nodes: 729cc98b-57a4-4371-b814-2b10682e9198{ip: 192.168.157.230, host: trunk-nightly-sxkq5-3320257302, networkLocation: /default-rack, certSerialId: null}, Type:RATIS, Factor:ONE, State:OPEN]
2019-07-14 01:10:47,644 INFO  node.SCMNodeManager (SCMNodeManager.java:register(269)) - Registered Data node : d1587925-a911-45c7-ac20-8a6df57d1292{ip: 192.168.157.230, host: trunk-nightly-sxkq5-3320257302, networkLocation: /default-rack, certSerialId: null}
2019-07-14 01:10:47,655 INFO  impl.RaftServerProxy (RaftServerProxy.java:addNew(89)) - d1587925-a911-45c7-ac20-8a6df57d1292: addNew group-CDD9CB9C1B49:[d1587925-a911-45c7-ac20-8a6df57d1292:192.168.157.230:43222] returns group-CDD9CB9C1B49:java.util.concurrent.CompletableFuture@46dae185[Not completed]
2019-07-14 01:10:47,656 INFO  impl.RaftServerImpl (RaftServerImpl.java:<init>(93)) - d1587925-a911-45c7-ac20-8a6df57d1292: new RaftServerImpl for group-CDD9CB9C1B49:[d1587925-a911-45c7-ac20-8a6df57d1292:192.168.157.230:43222] with ContainerStateMachine:uninitialized
2019-07-14 01:10:47,657 INFO  server.RaftServerConfigKeys (ConfUtils.java:logGet(43)) - raft.server.rpc.timeout.min = 5s (custom)
2019-07-14 01:10:47,657 INFO  server.RaftServerConfigKeys (ConfUtils.java:logGet(43)) - raft.server.rpc.timeout.max = 5200ms (custom)
2019-07-14 01:10:47,657 INFO  server.RaftServerConfigKeys (ConfUtils.java:logGet(43)) - raft.server.rpcslowness.timeout = 120s (custom)
2019-07-14 01:10:47,657 INFO  server.RaftServerConfigKeys (ConfUtils.java:logGet(43)) - raft.server.sleep.deviation.threshold = 300 (default)
2019-07-14 01:10:47,657 INFO  server.RaftServerConfigKeys (ConfUtils.java:logGet(43)) - raft.server.log.appender.install.snapshot.enabled = false (custom)
2019-07-14 01:10:47,657 INFO  impl.RaftServerImpl (ServerState.java:<init>(105)) - d1587925-a911-45c7-ac20-8a6df57d1292:group-CDD9CB9C1B49 ConfigurationManager, init=-1: [d1587925-a911-45c7-ac20-8a6df57d1292:192.168.157.230:43222], old=null, confs=<EMPTY_MAP>
2019-07-14 01:10:47,658 INFO  server.RaftServerConfigKeys (ConfUtils.java:logGet(43)) - raft.server.storage.dir = [/tmp/workdir/hadoop-ozone/integration-test/target/test-dir/MiniOzoneClusterImpl-ba13c149-e692-4896-a6a2-c6a85364206c/datanode-5/data/ratis] (custom)
2019-07-14 01:10:47,658 INFO  storage.RaftStorageDirectory (RaftStorageDirectory.java:analyzeStorage(246)) - The storage directory /tmp/workdir/hadoop-ozone/integration-test/target/test-dir/MiniOzoneClusterImpl-ba13c149-e692-4896-a6a2-c6a85364206c/datanode-5/data/ratis/e1c3d569-3766-45c3-ad35-cdd9cb9c1b49 does not exist. Creating ...
2019-07-14 01:10:47,671 INFO  storage.RaftStorageDirectory (RaftStorageDirectory.java:tryLock(328)) - Lock on /tmp/workdir/hadoop-ozone/integration-test/target/test-dir/MiniOzoneClusterImpl-ba13c149-e692-4896-a6a2-c6a85364206c/datanode-5/data/ratis/e1c3d569-3766-45c3-ad35-cdd9cb9c1b49/in_use.lock acquired by nodename 26095@trunk-nightly-sxkq5-3320257302
2019-07-14 01:10:47,685 INFO  storage.RaftStorage (RaftStorage.java:format(72)) - Storage directory /tmp/workdir/hadoop-ozone/integration-test/target/test-dir/MiniOzoneClusterImpl-ba13c149-e692-4896-a6a2-c6a85364206c/datanode-5/data/ratis/e1c3d569-3766-45c3-ad35-cdd9cb9c1b49 has been successfully formatted.
2019-07-14 01:10:47,685 INFO  ratis.ContainerStateMachine (ContainerStateMachine.java:loadSnapshot(200)) - The snapshot info is null.Setting the last applied index to:(t:0, i:~)
2019-07-14 01:10:47,685 INFO  server.RaftServerConfigKeys (ConfUtils.java:logGet(43)) - raft.server.leader.election.timeout = 120s (custom)
2019-07-14 01:10:47,685 INFO  server.RaftServerConfigKeys (ConfUtils.java:logGet(43)) - raft.server.log.use.memory = false (default)
2019-07-14 01:10:47,685 INFO  server.RaftServerConfigKeys (ConfUtils.java:logGet(43)) - raft.server.log.purge.gap = 1000000000 (custom)
2019-07-14 01:10:47,686 INFO  server.RaftServerConfigKeys (ConfUtils.java:logGet(43)) - raft.server.log.appender.buffer.byte-limit = 33554432 (custom)
2019-07-14 01:10:47,686 INFO  server.RaftServerConfigKeys (ConfUtils.java:logGet(43)) - raft.server.log.segment.size.max = 1048576 (custom)
2019-07-14 01:10:47,686 INFO  server.RaftServerConfigKeys (ConfUtils.java:logGet(43)) - raft.server.log.segment.cache.num.max = 2 (custom)
2019-07-14 01:10:47,686 INFO  segmented.SegmentedRaftLogWorker (SegmentedRaftLogWorker.java:<init>(172)) - new d1587925-a911-45c7-ac20-8a6df57d1292-SegmentedRaftLogWorker:Storage Directory /tmp/workdir/hadoop-ozone/integration-test/target/test-dir/MiniOzoneClusterImpl-ba13c149-e692-4896-a6a2-c6a85364206c/datanode-5/data/ratis/e1c3d569-3766-45c3-ad35-cdd9cb9c1b49 for RaftStorage:Storage Directory /tmp/workdir/hadoop-ozone/integration-test/target/test-dir/MiniOzoneClusterImpl-ba13c149-e692-4896-a6a2-c6a85364206c/datanode-5/data/ratis/e1c3d569-3766-45c3-ad35-cdd9cb9c1b49
2019-07-14 01:10:47,686 INFO  server.RaftServerConfigKeys (ConfUtils.java:logGet(43)) - raft.server.log.queue.byte-limit = 2147483647 (custom)
2019-07-14 01:10:47,686 INFO  server.RaftServerConfigKeys (ConfUtils.java:logGet(43)) - raft.server.log.queue.element-limit = 1024 (custom)
2019-07-14 01:10:47,687 INFO  server.RaftServerConfigKeys (ConfUtils.java:logGet(43)) - raft.server.log.segment.size.max = 1048576 (custom)
2019-07-14 01:10:47,687 INFO  server.RaftServerConfigKeys (ConfUtils.java:logGet(43)) - raft.server.log.preallocated.size = 16384 (custom)
2019-07-14 01:10:47,687 INFO  server.RaftServerConfigKeys (ConfUtils.java:logGet(43)) - raft.server.log.write.buffer.size = 33554432 (custom)
2019-07-14 01:10:47,687 INFO  server.RaftServerConfigKeys (ConfUtils.java:logGet(43)) - raft.server.log.force.sync.num = 128 (default)
2019-07-14 01:10:47,687 INFO  server.RaftServerConfigKeys (ConfUtils.java:logGet(43)) - raft.server.log.statemachine.data.sync = true (default)
2019-07-14 01:10:47,687 INFO  server.RaftServerConfigKeys (ConfUtils.java:logGet(43)) - raft.server.log.statemachine.data.sync.timeout = 10s (default)
2019-07-14 01:10:47,687 INFO  server.RaftServerConfigKeys (ConfUtils.java:logGet(43)) - raft.server.log.statemachine.data.sync.timeout.retry = -1 (default)
2019-07-14 01:10:47,688 INFO  server.RaftServerConfigKeys (ConfUtils.java:logGet(43)) - raft.server.log.statemachine.data.caching.enabled = true (custom)
2019-07-14 01:10:47,688 INFO  segmented.SegmentedRaftLogWorker (SegmentedRaftLogWorker.java:lambda$new$0(132)) - d1587925-a911-45c7-ac20-8a6df57d1292-SegmentedRaftLogWorker:Storage Directory /tmp/workdir/hadoop-ozone/integration-test/target/test-dir/MiniOzoneClusterImpl-ba13c149-e692-4896-a6a2-c6a85364206c/datanode-5/data/ratis/e1c3d569-3766-45c3-ad35-cdd9cb9c1b49: flushIndex: setUnconditionally 0 -> -1
2019-07-14 01:10:47,688 INFO  server.RaftServerConfigKeys (ConfUtils.java:logGet(43)) - raft.server.snapshot.auto.trigger.enabled = true (custom)
2019-07-14 01:10:47,688 INFO  server.RaftServerConfigKeys (ConfUtils.java:logGet(43)) - raft.server.snapshot.auto.trigger.threshold = 10000 (custom)
2019-07-14 01:10:47,689 INFO  server.RaftServerConfigKeys (ConfUtils.java:logGet(43)) - raft.server.retrycache.expirytime = 600000ms (custom)
2019-07-14 01:10:47,689 INFO  impl.RaftServerImpl (RaftServerImpl.java:start(180)) - d1587925-a911-45c7-ac20-8a6df57d1292: start group-CDD9CB9C1B49
2019-07-14 01:10:47,689 INFO  impl.RaftServerImpl (RaftServerImpl.java:setRole(171)) - d1587925-a911-45c7-ac20-8a6df57d1292:group-CDD9CB9C1B49 changes role from null to FOLLOWER at term 0 for startAsFollower
2019-07-14 01:10:47,689 INFO  impl.RoleInfo (RoleInfo.java:updateAndGet(143)) - d1587925-a911-45c7-ac20-8a6df57d1292: start FollowerState
2019-07-14 01:10:47,689 INFO  util.JmxRegister (JmxRegister.java:tryRegister(44)) - Successfully registered JMX Bean with object name Ratis:service=RaftServer,group=group-CDD9CB9C1B49,id=d1587925-a911-45c7-ac20-8a6df57d1292
2019-07-14 01:10:47,694 INFO  pipeline.PipelineStateManager (PipelineStateManager.java:addPipeline(56)) - Created pipeline Pipeline[ Id: e1c3d569-3766-45c3-ad35-cdd9cb9c1b49, Nodes: d1587925-a911-45c7-ac20-8a6df57d1292{ip: 192.168.157.230, host: trunk-nightly-sxkq5-3320257302, networkLocation: /default-rack, certSerialId: null}, Type:RATIS, Factor:ONE, State:OPEN]
2019-07-14 01:10:47,707 INFO  impl.RaftServerProxy (RaftServerProxy.java:addNew(89)) - d1587925-a911-45c7-ac20-8a6df57d1292: addNew group-38A362F06419:[729cc98b-57a4-4371-b814-2b10682e9198:192.168.157.230:44283, d278cd0f-199e-431f-8b12-f3d669e45104:192.168.157.230:35736, d1587925-a911-45c7-ac20-8a6df57d1292:192.168.157.230:43222] returns group-38A362F06419:java.util.concurrent.CompletableFuture@2cf68178[Not completed]
2019-07-14 01:10:47,708 INFO  impl.RaftServerProxy (RaftServerProxy.java:addNew(89)) - 729cc98b-57a4-4371-b814-2b10682e9198: addNew group-38A362F06419:[729cc98b-57a4-4371-b814-2b10682e9198:192.168.157.230:44283, d278cd0f-199e-431f-8b12-f3d669e45104:192.168.157.230:35736, d1587925-a911-45c7-ac20-8a6df57d1292:192.168.157.230:43222] returns group-38A362F06419:java.util.concurrent.CompletableFuture@77eb5f09[Not completed]
2019-07-14 01:10:47,707 INFO  impl.RaftServerProxy (RaftServerProxy.java:addNew(89)) - d278cd0f-199e-431f-8b12-f3d669e45104: addNew group-38A362F06419:[729cc98b-57a4-4371-b814-2b10682e9198:192.168.157.230:44283, d278cd0f-199e-431f-8b12-f3d669e45104:192.168.157.230:35736, d1587925-a911-45c7-ac20-8a6df57d1292:192.168.157.230:43222] returns group-38A362F06419:java.util.concurrent.CompletableFuture@9aa8da8[Not completed]
2019-07-14 01:10:47,708 INFO  impl.RaftServerImpl (RaftServerImpl.java:<init>(93)) - d1587925-a911-45c7-ac20-8a6df57d1292: new RaftServerImpl for group-38A362F06419:[729cc98b-57a4-4371-b814-2b10682e9198:192.168.157.230:44283, d278cd0f-199e-431f-8b12-f3d669e45104:192.168.157.230:35736, d1587925-a911-45c7-ac20-8a6df57d1292:192.168.157.230:43222] with ContainerStateMachine:uninitialized
2019-07-14 01:10:47,708 INFO  server.RaftServerConfigKeys (ConfUtils.java:logGet(43)) - raft.server.rpc.timeout.min = 5s (custom)
2019-07-14 01:10:47,709 INFO  server.RaftServerConfigKeys (ConfUtils.java:logGet(43)) - raft.server.rpc.timeout.max = 5200ms (custom)
2019-07-14 01:10:47,709 INFO  server.RaftServerConfigKeys (ConfUtils.java:logGet(43)) - raft.server.rpcslowness.timeout = 120s (custom)
2019-07-14 01:10:47,709 INFO  impl.RaftServerImpl (RaftServerImpl.java:<init>(93)) - 729cc98b-57a4-4371-b814-2b10682e9198: new RaftServerImpl for group-38A362F06419:[729cc98b-57a4-4371-b814-2b10682e9198:192.168.157.230:44283, d278cd0f-199e-431f-8b12-f3d669e45104:192.168.157.230:35736, d1587925-a911-45c7-ac20-8a6df57d1292:192.168.157.230:43222] with ContainerStateMachine:uninitialized
2019-07-14 01:10:47,709 INFO  server.RaftServerConfigKeys (ConfUtils.java:logGet(43)) - raft.server.sleep.deviation.threshold = 300 (default)
2019-07-14 01:10:47,709 INFO  server.RaftServerConfigKeys (ConfUtils.java:logGet(43)) - raft.server.rpc.timeout.min = 5s (custom)
2019-07-14 01:10:47,709 INFO  impl.RaftServerImpl (RaftServerImpl.java:<init>(93)) - d278cd0f-199e-431f-8b12-f3d669e45104: new RaftServerImpl for group-38A362F06419:[729cc98b-57a4-4371-b814-2b10682e9198:192.168.157.230:44283, d278cd0f-199e-431f-8b12-f3d669e45104:192.168.157.230:35736, d1587925-a911-45c7-ac20-8a6df57d1292:192.168.157.230:43222] with ContainerStateMachine:uninitialized
2019-07-14 01:10:47,709 INFO  server.RaftServerConfigKeys (ConfUtils.java:logGet(43)) - raft.server.log.appender.install.snapshot.enabled = false (custom)
2019-07-14 01:10:47,709 INFO  server.RaftServerConfigKeys (ConfUtils.java:logGet(43)) - raft.server.rpc.timeout.min = 5s (custom)
2019-07-14 01:10:47,709 INFO  server.RaftServerConfigKeys (ConfUtils.java:logGet(43)) - raft.server.rpc.timeout.max = 5200ms (custom)
2019-07-14 01:10:47,710 INFO  server.RaftServerConfigKeys (ConfUtils.java:logGet(43)) - raft.server.rpc.timeout.max = 5200ms (custom)
2019-07-14 01:10:47,710 INFO  server.RaftServerConfigKeys (ConfUtils.java:logGet(43)) - raft.server.rpcslowness.timeout = 120s (custom)
2019-07-14 01:10:47,709 INFO  impl.RaftServerImpl (ServerState.java:<init>(105)) - d1587925-a911-45c7-ac20-8a6df57d1292:group-38A362F06419 ConfigurationManager, init=-1: [729cc98b-57a4-4371-b814-2b10682e9198:192.168.157.230:44283, d278cd0f-199e-431f-8b12-f3d669e45104:192.168.157.230:35736, d1587925-a911-45c7-ac20-8a6df57d1292:192.168.157.230:43222], old=null, confs=<EMPTY_MAP>
2019-07-14 01:10:47,710 INFO  server.RaftServerConfigKeys (ConfUtils.java:logGet(43)) - raft.server.sleep.deviation.threshold = 300 (default)
2019-07-14 01:10:47,710 INFO  server.RaftServerConfigKeys (ConfUtils.java:logGet(43)) - raft.server.log.appender.install.snapshot.enabled = false (custom)
2019-07-14 01:10:47,710 INFO  server.RaftServerConfigKeys (ConfUtils.java:logGet(43)) - raft.server.rpcslowness.timeout = 120s (custom)
2019-07-14 01:10:47,710 INFO  impl.RaftServerImpl (ServerState.java:<init>(105)) - d278cd0f-199e-431f-8b12-f3d669e45104:group-38A362F06419 ConfigurationManager, init=-1: [729cc98b-57a4-4371-b814-2b10682e9198:192.168.157.230:44283, d278cd0f-199e-431f-8b12-f3d669e45104:192.168.157.230:35736, d1587925-a911-45c7-ac20-8a6df57d1292:192.168.157.230:43222], old=null, confs=<EMPTY_MAP>
2019-07-14 01:10:47,710 INFO  server.RaftServerConfigKeys (ConfUtils.java:logGet(43)) - raft.server.storage.dir = [/tmp/workdir/hadoop-ozone/integration-test/target/test-dir/MiniOzoneClusterImpl-ba13c149-e692-4896-a6a2-c6a85364206c/datanode-5/data/ratis] (custom)
2019-07-14 01:10:47,711 INFO  server.RaftServerConfigKeys (ConfUtils.java:logGet(43)) - raft.server.storage.dir = [/tmp/workdir/hadoop-ozone/integration-test/target/test-dir/MiniOzoneClusterImpl-ba13c149-e692-4896-a6a2-c6a85364206c/datanode-3/data/ratis] (custom)
2019-07-14 01:10:47,710 INFO  server.RaftServerConfigKeys (ConfUtils.java:logGet(43)) - raft.server.sleep.deviation.threshold = 300 (default)
2019-07-14 01:10:47,711 INFO  storage.RaftStorageDirectory (RaftStorageDirectory.java:analyzeStorage(246)) - The storage directory /tmp/workdir/hadoop-ozone/integration-test/target/test-dir/MiniOzoneClusterImpl-ba13c149-e692-4896-a6a2-c6a85364206c/datanode-5/data/ratis/e5e2a92d-8647-498b-b81d-38a362f06419 does not exist. Creating ...
2019-07-14 01:10:47,711 INFO  storage.RaftStorageDirectory (RaftStorageDirectory.java:analyzeStorage(246)) - The storage directory /tmp/workdir/hadoop-ozone/integration-test/target/test-dir/MiniOzoneClusterImpl-ba13c149-e692-4896-a6a2-c6a85364206c/datanode-3/data/ratis/e5e2a92d-8647-498b-b81d-38a362f06419 does not exist. Creating ...
2019-07-14 01:10:47,711 INFO  server.RaftServerConfigKeys (ConfUtils.java:logGet(43)) - raft.server.log.appender.install.snapshot.enabled = false (custom)
2019-07-14 01:10:47,711 INFO  impl.RaftServerImpl (ServerState.java:<init>(105)) - 729cc98b-57a4-4371-b814-2b10682e9198:group-38A362F06419 ConfigurationManager, init=-1: [729cc98b-57a4-4371-b814-2b10682e9198:192.168.157.230:44283, d278cd0f-199e-431f-8b12-f3d669e45104:192.168.157.230:35736, d1587925-a911-45c7-ac20-8a6df57d1292:192.168.157.230:43222], old=null, confs=<EMPTY_MAP>
2019-07-14 01:10:47,712 INFO  server.RaftServerConfigKeys (ConfUtils.java:logGet(43)) - raft.server.storage.dir = [/tmp/workdir/hadoop-ozone/integration-test/target/test-dir/MiniOzoneClusterImpl-ba13c149-e692-4896-a6a2-c6a85364206c/datanode-4/data/ratis] (custom)
2019-07-14 01:10:47,712 INFO  storage.RaftStorageDirectory (RaftStorageDirectory.java:analyzeStorage(246)) - The storage directory /tmp/workdir/hadoop-ozone/integration-test/target/test-dir/MiniOzoneClusterImpl-ba13c149-e692-4896-a6a2-c6a85364206c/datanode-4/data/ratis/e5e2a92d-8647-498b-b81d-38a362f06419 does not exist. Creating ...
2019-07-14 01:10:47,725 INFO  storage.RaftStorageDirectory (RaftStorageDirectory.java:tryLock(328)) - Lock on /tmp/workdir/hadoop-ozone/integration-test/target/test-dir/MiniOzoneClusterImpl-ba13c149-e692-4896-a6a2-c6a85364206c/datanode-5/data/ratis/e5e2a92d-8647-498b-b81d-38a362f06419/in_use.lock acquired by nodename 26095@trunk-nightly-sxkq5-3320257302
2019-07-14 01:10:47,725 INFO  storage.RaftStorageDirectory (RaftStorageDirectory.java:tryLock(328)) - Lock on /tmp/workdir/hadoop-ozone/integration-test/target/test-dir/MiniOzoneClusterImpl-ba13c149-e692-4896-a6a2-c6a85364206c/datanode-4/data/ratis/e5e2a92d-8647-498b-b81d-38a362f06419/in_use.lock acquired by nodename 26095@trunk-nightly-sxkq5-3320257302
2019-07-14 01:10:47,725 INFO  storage.RaftStorageDirectory (RaftStorageDirectory.java:tryLock(328)) - Lock on /tmp/workdir/hadoop-ozone/integration-test/target/test-dir/MiniOzoneClusterImpl-ba13c149-e692-4896-a6a2-c6a85364206c/datanode-3/data/ratis/e5e2a92d-8647-498b-b81d-38a362f06419/in_use.lock acquired by nodename 26095@trunk-nightly-sxkq5-3320257302
2019-07-14 01:10:47,739 INFO  storage.RaftStorage (RaftStorage.java:format(72)) - Storage directory /tmp/workdir/hadoop-ozone/integration-test/target/test-dir/MiniOzoneClusterImpl-ba13c149-e692-4896-a6a2-c6a85364206c/datanode-4/data/ratis/e5e2a92d-8647-498b-b81d-38a362f06419 has been successfully formatted.
2019-07-14 01:10:47,739 INFO  storage.RaftStorage (RaftStorage.java:format(72)) - Storage directory /tmp/workdir/hadoop-ozone/integration-test/target/test-dir/MiniOzoneClusterImpl-ba13c149-e692-4896-a6a2-c6a85364206c/datanode-3/data/ratis/e5e2a92d-8647-498b-b81d-38a362f06419 has been successfully formatted.
2019-07-14 01:10:47,739 INFO  ratis.ContainerStateMachine (ContainerStateMachine.java:loadSnapshot(200)) - The snapshot info is null.Setting the last applied index to:(t:0, i:~)
2019-07-14 01:10:47,739 INFO  server.RaftServerConfigKeys (ConfUtils.java:logGet(43)) - raft.server.leader.election.timeout = 120s (custom)
2019-07-14 01:10:47,739 INFO  storage.RaftStorage (RaftStorage.java:format(72)) - Storage directory /tmp/workdir/hadoop-ozone/integration-test/target/test-dir/MiniOzoneClusterImpl-ba13c149-e692-4896-a6a2-c6a85364206c/datanode-5/data/ratis/e5e2a92d-8647-498b-b81d-38a362f06419 has been successfully formatted.
2019-07-14 01:10:47,740 INFO  server.RaftServerConfigKeys (ConfUtils.java:logGet(43)) - raft.server.log.use.memory = false (default)
2019-07-14 01:10:47,739 INFO  ratis.ContainerStateMachine (ContainerStateMachine.java:loadSnapshot(200)) - The snapshot info is null.Setting the last applied index to:(t:0, i:~)
2019-07-14 01:10:47,740 INFO  server.RaftServerConfigKeys (ConfUtils.java:logGet(43)) - raft.server.log.purge.gap = 1000000000 (custom)
2019-07-14 01:10:47,740 INFO  server.RaftServerConfigKeys (ConfUtils.java:logGet(43)) - raft.server.log.appender.buffer.byte-limit = 33554432 (custom)
2019-07-14 01:10:47,740 INFO  ratis.ContainerStateMachine (ContainerStateMachine.java:loadSnapshot(200)) - The snapshot info is null.Setting the last applied index to:(t:0, i:~)
2019-07-14 01:10:47,740 INFO  server.RaftServerConfigKeys (ConfUtils.java:logGet(43)) - raft.server.log.segment.size.max = 1048576 (custom)
2019-07-14 01:10:47,740 INFO  server.RaftServerConfigKeys (ConfUtils.java:logGet(43)) - raft.server.leader.election.timeout = 120s (custom)
2019-07-14 01:10:47,741 INFO  server.RaftServerConfigKeys (ConfUtils.java:logGet(43)) - raft.server.log.segment.cache.num.max = 2 (custom)
2019-07-14 01:10:47,740 INFO  server.RaftServerConfigKeys (ConfUtils.java:logGet(43)) - raft.server.leader.election.timeout = 120s (custom)
2019-07-14 01:10:47,741 INFO  segmented.SegmentedRaftLogWorker (SegmentedRaftLogWorker.java:<init>(172)) - new 729cc98b-57a4-4371-b814-2b10682e9198-SegmentedRaftLogWorker:Storage Directory /tmp/workdir/hadoop-ozone/integration-test/target/test-dir/MiniOzoneClusterImpl-ba13c149-e692-4896-a6a2-c6a85364206c/datanode-4/data/ratis/e5e2a92d-8647-498b-b81d-38a362f06419 for RaftStorage:Storage Directory /tmp/workdir/hadoop-ozone/integration-test/target/test-dir/MiniOzoneClusterImpl-ba13c149-e692-4896-a6a2-c6a85364206c/datanode-4/data/ratis/e5e2a92d-8647-498b-b81d-38a362f06419
2019-07-14 01:10:47,741 INFO  server.RaftServerConfigKeys (ConfUtils.java:logGet(43)) - raft.server.log.use.memory = false (default)
2019-07-14 01:10:47,741 INFO  server.RaftServerConfigKeys (ConfUtils.java:logGet(43)) - raft.server.log.queue.byte-limit = 2147483647 (custom)
2019-07-14 01:10:47,742 INFO  server.RaftServerConfigKeys (ConfUtils.java:logGet(43)) - raft.server.log.queue.element-limit = 1024 (custom)
2019-07-14 01:10:47,741 INFO  server.RaftServerConfigKeys (ConfUtils.java:logGet(43)) - raft.server.log.use.memory = false (default)
2019-07-14 01:10:47,742 INFO  server.RaftServerConfigKeys (ConfUtils.java:logGet(43)) - raft.server.log.segment.size.max = 1048576 (custom)
2019-07-14 01:10:47,741 INFO  server.RaftServerConfigKeys (ConfUtils.java:logGet(43)) - raft.server.log.purge.gap = 1000000000 (custom)
2019-07-14 01:10:47,742 INFO  server.RaftServerConfigKeys (ConfUtils.java:logGet(43)) - raft.server.log.preallocated.size = 16384 (custom)
2019-07-14 01:10:47,742 INFO  server.RaftServerConfigKeys (ConfUtils.java:logGet(43)) - raft.server.log.write.buffer.size = 33554432 (custom)
2019-07-14 01:10:47,742 INFO  server.RaftServerConfigKeys (ConfUtils.java:logGet(43)) - raft.server.log.purge.gap = 1000000000 (custom)
2019-07-14 01:10:47,742 INFO  server.RaftServerConfigKeys (ConfUtils.java:logGet(43)) - raft.server.log.force.sync.num = 128 (default)
2019-07-14 01:10:47,743 INFO  server.RaftServerConfigKeys (ConfUtils.java:logGet(43)) - raft.server.log.statemachine.data.sync = true (default)
2019-07-14 01:10:47,742 INFO  server.RaftServerConfigKeys (ConfUtils.java:logGet(43)) - raft.server.log.appender.buffer.byte-limit = 33554432 (custom)
2019-07-14 01:10:47,743 INFO  server.RaftServerConfigKeys (ConfUtils.java:logGet(43)) - raft.server.log.statemachine.data.sync.timeout = 10s (default)
2019-07-14 01:10:47,743 INFO  server.RaftServerConfigKeys (ConfUtils.java:logGet(43)) - raft.server.log.statemachine.data.sync.timeout.retry = -1 (default)
2019-07-14 01:10:47,743 INFO  server.RaftServerConfigKeys (ConfUtils.java:logGet(43)) - raft.server.log.appender.buffer.byte-limit = 33554432 (custom)
2019-07-14 01:10:47,743 INFO  server.RaftServerConfigKeys (ConfUtils.java:logGet(43)) - raft.server.log.statemachine.data.caching.enabled = true (custom)
2019-07-14 01:10:47,743 INFO  server.RaftServerConfigKeys (ConfUtils.java:logGet(43)) - raft.server.log.segment.size.max = 1048576 (custom)
2019-07-14 01:10:47,743 INFO  server.RaftServerConfigKeys (ConfUtils.java:logGet(43)) - raft.server.log.segment.size.max = 1048576 (custom)
2019-07-14 01:10:47,744 INFO  segmented.SegmentedRaftLogWorker (SegmentedRaftLogWorker.java:lambda$new$0(132)) - 729cc98b-57a4-4371-b814-2b10682e9198-SegmentedRaftLogWorker:Storage Directory /tmp/workdir/hadoop-ozone/integration-test/target/test-dir/MiniOzoneClusterImpl-ba13c149-e692-4896-a6a2-c6a85364206c/datanode-4/data/ratis/e5e2a92d-8647-498b-b81d-38a362f06419: flushIndex: setUnconditionally 0 -> -1
2019-07-14 01:10:47,744 INFO  server.RaftServerConfigKeys (ConfUtils.java:logGet(43)) - raft.server.log.segment.cache.num.max = 2 (custom)
2019-07-14 01:10:47,744 INFO  server.RaftServerConfigKeys (ConfUtils.java:logGet(43)) - raft.server.log.segment.cache.num.max = 2 (custom)
2019-07-14 01:10:47,744 INFO  server.RaftServerConfigKeys (ConfUtils.java:logGet(43)) - raft.server.snapshot.auto.trigger.enabled = true (custom)
2019-07-14 01:10:47,744 INFO  segmented.SegmentedRaftLogWorker (SegmentedRaftLogWorker.java:<init>(172)) - new d278cd0f-199e-431f-8b12-f3d669e45104-SegmentedRaftLogWorker:Storage Directory /tmp/workdir/hadoop-ozone/integration-test/target/test-dir/MiniOzoneClusterImpl-ba13c149-e692-4896-a6a2-c6a85364206c/datanode-3/data/ratis/e5e2a92d-8647-498b-b81d-38a362f06419 for RaftStorage:Storage Directory /tmp/workdir/hadoop-ozone/integration-test/target/test-dir/MiniOzoneClusterImpl-ba13c149-e692-4896-a6a2-c6a85364206c/datanode-3/data/ratis/e5e2a92d-8647-498b-b81d-38a362f06419
2019-07-14 01:10:47,745 INFO  server.RaftServerConfigKeys (ConfUtils.java:logGet(43)) - raft.server.snapshot.auto.trigger.threshold = 10000 (custom)
2019-07-14 01:10:47,744 INFO  segmented.SegmentedRaftLogWorker (SegmentedRaftLogWorker.java:<init>(172)) - new d1587925-a911-45c7-ac20-8a6df57d1292-SegmentedRaftLogWorker:Storage Directory /tmp/workdir/hadoop-ozone/integration-test/target/test-dir/MiniOzoneClusterImpl-ba13c149-e692-4896-a6a2-c6a85364206c/datanode-5/data/ratis/e5e2a92d-8647-498b-b81d-38a362f06419 for RaftStorage:Storage Directory /tmp/workdir/hadoop-ozone/integration-test/target/test-dir/MiniOzoneClusterImpl-ba13c149-e692-4896-a6a2-c6a85364206c/datanode-5/data/ratis/e5e2a92d-8647-498b-b81d-38a362f06419
2019-07-14 01:10:47,745 INFO  server.RaftServerConfigKeys (ConfUtils.java:logGet(43)) - raft.server.retrycache.expirytime = 600000ms (custom)
2019-07-14 01:10:47,745 INFO  server.RaftServerConfigKeys (ConfUtils.java:logGet(43)) - raft.server.log.queue.byte-limit = 2147483647 (custom)
2019-07-14 01:10:47,745 INFO  impl.RaftServerImpl (RaftServerImpl.java:start(180)) - 729cc98b-57a4-4371-b814-2b10682e9198: start group-38A362F06419
2019-07-14 01:10:47,745 INFO  server.RaftServerConfigKeys (ConfUtils.java:logGet(43)) - raft.server.log.queue.byte-limit = 2147483647 (custom)
2019-07-14 01:10:47,745 INFO  impl.RaftServerImpl (RaftServerImpl.java:setRole(171)) - 729cc98b-57a4-4371-b814-2b10682e9198:group-38A362F06419 changes role from null to FOLLOWER at term 0 for startAsFollower
2019-07-14 01:10:47,745 INFO  server.RaftServerConfigKeys (ConfUtils.java:logGet(43)) - raft.server.log.queue.element-limit = 1024 (custom)
2019-07-14 01:10:47,746 INFO  impl.RoleInfo (RoleInfo.java:updateAndGet(143)) - 729cc98b-57a4-4371-b814-2b10682e9198: start FollowerState
2019-07-14 01:10:47,746 INFO  server.RaftServerConfigKeys (ConfUtils.java:logGet(43)) - raft.server.log.queue.element-limit = 1024 (custom)
2019-07-14 01:10:47,746 INFO  server.RaftServerConfigKeys (ConfUtils.java:logGet(43)) - raft.server.log.segment.size.max = 1048576 (custom)
2019-07-14 01:10:47,746 INFO  server.RaftServerConfigKeys (ConfUtils.java:logGet(43)) - raft.server.log.segment.size.max = 1048576 (custom)
2019-07-14 01:10:47,746 INFO  util.JmxRegister (JmxRegister.java:tryRegister(44)) - Successfully registered JMX Bean with object name Ratis:service=RaftServer,group=group-38A362F06419,id=729cc98b-57a4-4371-b814-2b10682e9198
2019-07-14 01:10:47,746 INFO  server.RaftServerConfigKeys (ConfUtils.java:logGet(43)) - raft.server.log.preallocated.size = 16384 (custom)
2019-07-14 01:10:47,746 INFO  server.RaftServerConfigKeys (ConfUtils.java:logGet(43)) - raft.server.log.preallocated.size = 16384 (custom)
2019-07-14 01:10:47,747 INFO  server.RaftServerConfigKeys (ConfUtils.java:logGet(43)) - raft.server.log.write.buffer.size = 33554432 (custom)
2019-07-14 01:10:47,747 INFO  server.RaftServerConfigKeys (ConfUtils.java:logGet(43)) - raft.server.log.write.buffer.size = 33554432 (custom)
2019-07-14 01:10:47,747 INFO  server.RaftServerConfigKeys (ConfUtils.java:logGet(43)) - raft.server.log.force.sync.num = 128 (default)
2019-07-14 01:10:47,747 INFO  server.RaftServerConfigKeys (ConfUtils.java:logGet(43)) - raft.server.log.force.sync.num = 128 (default)
2019-07-14 01:10:47,747 INFO  server.RaftServerConfigKeys (ConfUtils.java:logGet(43)) - raft.server.log.statemachine.data.sync = true (default)
2019-07-14 01:10:47,747 INFO  server.RaftServerConfigKeys (ConfUtils.java:logGet(43)) - raft.server.log.statemachine.data.sync = true (default)
2019-07-14 01:10:47,750 INFO  server.RaftServerConfigKeys (ConfUtils.java:logGet(43)) - raft.server.log.statemachine.data.sync.timeout = 10s (default)
2019-07-14 01:10:47,748 INFO  server.RaftServerConfigKeys (ConfUtils.java:logGet(43)) - raft.server.log.statemachine.data.sync.timeout = 10s (default)
2019-07-14 01:10:47,751 INFO  server.RaftServerConfigKeys (ConfUtils.java:logGet(43)) - raft.server.log.statemachine.data.sync.timeout.retry = -1 (default)
2019-07-14 01:10:47,751 INFO  server.RaftServerConfigKeys (ConfUtils.java:logGet(43)) - raft.server.log.statemachine.data.sync.timeout.retry = -1 (default)
2019-07-14 01:10:47,751 INFO  server.RaftServerConfigKeys (ConfUtils.java:logGet(43)) - raft.server.log.statemachine.data.caching.enabled = true (custom)
2019-07-14 01:10:47,751 INFO  server.RaftServerConfigKeys (ConfUtils.java:logGet(43)) - raft.server.log.statemachine.data.caching.enabled = true (custom)
2019-07-14 01:10:47,751 INFO  segmented.SegmentedRaftLogWorker (SegmentedRaftLogWorker.java:lambda$new$0(132)) - d1587925-a911-45c7-ac20-8a6df57d1292-SegmentedRaftLogWorker:Storage Directory /tmp/workdir/hadoop-ozone/integration-test/target/test-dir/MiniOzoneClusterImpl-ba13c149-e692-4896-a6a2-c6a85364206c/datanode-5/data/ratis/e5e2a92d-8647-498b-b81d-38a362f06419: flushIndex: setUnconditionally 0 -> -1
2019-07-14 01:10:47,752 INFO  segmented.SegmentedRaftLogWorker (SegmentedRaftLogWorker.java:lambda$new$0(132)) - d278cd0f-199e-431f-8b12-f3d669e45104-SegmentedRaftLogWorker:Storage Directory /tmp/workdir/hadoop-ozone/integration-test/target/test-dir/MiniOzoneClusterImpl-ba13c149-e692-4896-a6a2-c6a85364206c/datanode-3/data/ratis/e5e2a92d-8647-498b-b81d-38a362f06419: flushIndex: setUnconditionally 0 -> -1
2019-07-14 01:10:47,752 INFO  server.RaftServerConfigKeys (ConfUtils.java:logGet(43)) - raft.server.snapshot.auto.trigger.enabled = true (custom)
2019-07-14 01:10:47,752 INFO  server.RaftServerConfigKeys (ConfUtils.java:logGet(43)) - raft.server.snapshot.auto.trigger.threshold = 10000 (custom)
2019-07-14 01:10:47,752 INFO  server.RaftServerConfigKeys (ConfUtils.java:logGet(43)) - raft.server.snapshot.auto.trigger.enabled = true (custom)
2019-07-14 01:10:47,752 INFO  server.RaftServerConfigKeys (ConfUtils.java:logGet(43)) - raft.server.retrycache.expirytime = 600000ms (custom)
2019-07-14 01:10:47,752 INFO  server.RaftServerConfigKeys (ConfUtils.java:logGet(43)) - raft.server.snapshot.auto.trigger.threshold = 10000 (custom)
2019-07-14 01:10:47,752 INFO  impl.RaftServerImpl (RaftServerImpl.java:start(180)) - d1587925-a911-45c7-ac20-8a6df57d1292: start group-38A362F06419
2019-07-14 01:10:47,752 INFO  server.RaftServerConfigKeys (ConfUtils.java:logGet(43)) - raft.server.retrycache.expirytime = 600000ms (custom)
2019-07-14 01:10:47,753 INFO  impl.RaftServerImpl (RaftServerImpl.java:setRole(171)) - d1587925-a911-45c7-ac20-8a6df57d1292:group-38A362F06419 changes role from null to FOLLOWER at term 0 for startAsFollower
2019-07-14 01:10:47,753 INFO  impl.RaftServerImpl (RaftServerImpl.java:start(180)) - d278cd0f-199e-431f-8b12-f3d669e45104: start group-38A362F06419
2019-07-14 01:10:47,753 INFO  impl.RoleInfo (RoleInfo.java:updateAndGet(143)) - d1587925-a911-45c7-ac20-8a6df57d1292: start FollowerState
2019-07-14 01:10:47,753 INFO  impl.RaftServerImpl (RaftServerImpl.java:setRole(171)) - d278cd0f-199e-431f-8b12-f3d669e45104:group-38A362F06419 changes role from null to FOLLOWER at term 0 for startAsFollower
2019-07-14 01:10:47,753 INFO  impl.RoleInfo (RoleInfo.java:updateAndGet(143)) - d278cd0f-199e-431f-8b12-f3d669e45104: start FollowerState
2019-07-14 01:10:47,753 INFO  util.JmxRegister (JmxRegister.java:tryRegister(44)) - Successfully registered JMX Bean with object name Ratis:service=RaftServer,group=group-38A362F06419,id=d1587925-a911-45c7-ac20-8a6df57d1292
2019-07-14 01:10:47,754 INFO  util.JmxRegister (JmxRegister.java:tryRegister(44)) - Successfully registered JMX Bean with object name Ratis:service=RaftServer,group=group-38A362F06419,id=d278cd0f-199e-431f-8b12-f3d669e45104
2019-07-14 01:10:47,768 INFO  pipeline.PipelineStateManager (PipelineStateManager.java:addPipeline(56)) - Created pipeline Pipeline[ Id: e5e2a92d-8647-498b-b81d-38a362f06419, Nodes: 729cc98b-57a4-4371-b814-2b10682e9198{ip: 192.168.157.230, host: trunk-nightly-sxkq5-3320257302, networkLocation: /default-rack, certSerialId: null}d278cd0f-199e-431f-8b12-f3d669e45104{ip: 192.168.157.230, host: trunk-nightly-sxkq5-3320257302, networkLocation: /default-rack, certSerialId: null}d1587925-a911-45c7-ac20-8a6df57d1292{ip: 192.168.157.230, host: trunk-nightly-sxkq5-3320257302, networkLocation: /default-rack, certSerialId: null}, Type:RATIS, Factor:THREE, State:OPEN]
2019-07-14 01:10:47,842 INFO  ozone.MiniOzoneClusterImpl (MiniOzoneClusterImpl.java:lambda$waitForClusterToBeReady$0(142)) - Waiting for cluster to be ready. Got 6 of 7 DN Heartbeats.
2019-07-14 01:10:47,845 INFO  node.SCMNodeManager (SCMNodeManager.java:register(269)) - Registered Data node : 463a6fc8-38e8-4c1e-8d3c-1d0a27c7509c{ip: 192.168.157.230, host: trunk-nightly-sxkq5-3320257302, networkLocation: /default-rack, certSerialId: null}
2019-07-14 01:10:47,852 INFO  impl.RaftServerProxy (RaftServerProxy.java:addNew(89)) - 463a6fc8-38e8-4c1e-8d3c-1d0a27c7509c: addNew group-682C52D51CD2:[463a6fc8-38e8-4c1e-8d3c-1d0a27c7509c:192.168.157.230:45852] returns group-682C52D51CD2:java.util.concurrent.CompletableFuture@10730a31[Not completed]
2019-07-14 01:10:47,853 INFO  impl.RaftServerImpl (RaftServerImpl.java:<init>(93)) - 463a6fc8-38e8-4c1e-8d3c-1d0a27c7509c: new RaftServerImpl for group-682C52D51CD2:[463a6fc8-38e8-4c1e-8d3c-1d0a27c7509c:192.168.157.230:45852] with ContainerStateMachine:uninitialized
2019-07-14 01:10:47,854 INFO  server.RaftServerConfigKeys (ConfUtils.java:logGet(43)) - raft.server.rpc.timeout.min = 5s (custom)
2019-07-14 01:10:47,854 INFO  server.RaftServerConfigKeys (ConfUtils.java:logGet(43)) - raft.server.rpc.timeout.max = 5200ms (custom)
2019-07-14 01:10:47,854 INFO  server.RaftServerConfigKeys (ConfUtils.java:logGet(43)) - raft.server.rpcslowness.timeout = 120s (custom)
2019-07-14 01:10:47,854 INFO  server.RaftServerConfigKeys (ConfUtils.java:logGet(43)) - raft.server.sleep.deviation.threshold = 300 (default)
2019-07-14 01:10:47,854 INFO  server.RaftServerConfigKeys (ConfUtils.java:logGet(43)) - raft.server.log.appender.install.snapshot.enabled = false (custom)
2019-07-14 01:10:47,854 INFO  impl.RaftServerImpl (ServerState.java:<init>(105)) - 463a6fc8-38e8-4c1e-8d3c-1d0a27c7509c:group-682C52D51CD2 ConfigurationManager, init=-1: [463a6fc8-38e8-4c1e-8d3c-1d0a27c7509c:192.168.157.230:45852], old=null, confs=<EMPTY_MAP>
2019-07-14 01:10:47,855 INFO  server.RaftServerConfigKeys (ConfUtils.java:logGet(43)) - raft.server.storage.dir = [/tmp/workdir/hadoop-ozone/integration-test/target/test-dir/MiniOzoneClusterImpl-ba13c149-e692-4896-a6a2-c6a85364206c/datanode-6/data/ratis] (custom)
2019-07-14 01:10:47,855 INFO  storage.RaftStorageDirectory (RaftStorageDirectory.java:analyzeStorage(246)) - The storage directory /tmp/workdir/hadoop-ozone/integration-test/target/test-dir/MiniOzoneClusterImpl-ba13c149-e692-4896-a6a2-c6a85364206c/datanode-6/data/ratis/96f0af00-5fa5-49b9-b0d6-682c52d51cd2 does not exist. Creating ...
2019-07-14 01:10:47,868 INFO  storage.RaftStorageDirectory (RaftStorageDirectory.java:tryLock(328)) - Lock on /tmp/workdir/hadoop-ozone/integration-test/target/test-dir/MiniOzoneClusterImpl-ba13c149-e692-4896-a6a2-c6a85364206c/datanode-6/data/ratis/96f0af00-5fa5-49b9-b0d6-682c52d51cd2/in_use.lock acquired by nodename 26095@trunk-nightly-sxkq5-3320257302
2019-07-14 01:10:47,882 INFO  storage.RaftStorage (RaftStorage.java:format(72)) - Storage directory /tmp/workdir/hadoop-ozone/integration-test/target/test-dir/MiniOzoneClusterImpl-ba13c149-e692-4896-a6a2-c6a85364206c/datanode-6/data/ratis/96f0af00-5fa5-49b9-b0d6-682c52d51cd2 has been successfully formatted.
2019-07-14 01:10:47,882 INFO  ratis.ContainerStateMachine (ContainerStateMachine.java:loadSnapshot(200)) - The snapshot info is null.Setting the last applied index to:(t:0, i:~)
2019-07-14 01:10:47,883 INFO  server.RaftServerConfigKeys (ConfUtils.java:logGet(43)) - raft.server.leader.election.timeout = 120s (custom)
2019-07-14 01:10:47,883 INFO  server.RaftServerConfigKeys (ConfUtils.java:logGet(43)) - raft.server.log.use.memory = false (default)
2019-07-14 01:10:47,883 INFO  server.RaftServerConfigKeys (ConfUtils.java:logGet(43)) - raft.server.log.purge.gap = 1000000000 (custom)
2019-07-14 01:10:47,883 INFO  server.RaftServerConfigKeys (ConfUtils.java:logGet(43)) - raft.server.log.appender.buffer.byte-limit = 33554432 (custom)
2019-07-14 01:10:47,883 INFO  server.RaftServerConfigKeys (ConfUtils.java:logGet(43)) - raft.server.log.segment.size.max = 1048576 (custom)
2019-07-14 01:10:47,883 INFO  server.RaftServerConfigKeys (ConfUtils.java:logGet(43)) - raft.server.log.segment.cache.num.max = 2 (custom)
2019-07-14 01:10:47,884 INFO  segmented.SegmentedRaftLogWorker (SegmentedRaftLogWorker.java:<init>(172)) - new 463a6fc8-38e8-4c1e-8d3c-1d0a27c7509c-SegmentedRaftLogWorker:Storage Directory /tmp/workdir/hadoop-ozone/integration-test/target/test-dir/MiniOzoneClusterImpl-ba13c149-e692-4896-a6a2-c6a85364206c/datanode-6/data/ratis/96f0af00-5fa5-49b9-b0d6-682c52d51cd2 for RaftStorage:Storage Directory /tmp/workdir/hadoop-ozone/integration-test/target/test-dir/MiniOzoneClusterImpl-ba13c149-e692-4896-a6a2-c6a85364206c/datanode-6/data/ratis/96f0af00-5fa5-49b9-b0d6-682c52d51cd2
2019-07-14 01:10:47,884 INFO  server.RaftServerConfigKeys (ConfUtils.java:logGet(43)) - raft.server.log.queue.byte-limit = 2147483647 (custom)
2019-07-14 01:10:47,884 INFO  server.RaftServerConfigKeys (ConfUtils.java:logGet(43)) - raft.server.log.queue.element-limit = 1024 (custom)
2019-07-14 01:10:47,884 INFO  server.RaftServerConfigKeys (ConfUtils.java:logGet(43)) - raft.server.log.segment.size.max = 1048576 (custom)
2019-07-14 01:10:47,884 INFO  server.RaftServerConfigKeys (ConfUtils.java:logGet(43)) - raft.server.log.preallocated.size = 16384 (custom)
2019-07-14 01:10:47,884 INFO  server.RaftServerConfigKeys (ConfUtils.java:logGet(43)) - raft.server.log.write.buffer.size = 33554432 (custom)
2019-07-14 01:10:47,885 INFO  server.RaftServerConfigKeys (ConfUtils.java:logGet(43)) - raft.server.log.force.sync.num = 128 (default)
2019-07-14 01:10:47,885 INFO  server.RaftServerConfigKeys (ConfUtils.java:logGet(43)) - raft.server.log.statemachine.data.sync = true (default)
2019-07-14 01:10:47,885 INFO  server.RaftServerConfigKeys (ConfUtils.java:logGet(43)) - raft.server.log.statemachine.data.sync.timeout = 10s (default)
2019-07-14 01:10:47,885 INFO  server.RaftServerConfigKeys (ConfUtils.java:logGet(43)) - raft.server.log.statemachine.data.sync.timeout.retry = -1 (default)
2019-07-14 01:10:47,885 INFO  server.RaftServerConfigKeys (ConfUtils.java:logGet(43)) - raft.server.log.statemachine.data.caching.enabled = true (custom)
2019-07-14 01:10:47,886 INFO  segmented.SegmentedRaftLogWorker (SegmentedRaftLogWorker.java:lambda$new$0(132)) - 463a6fc8-38e8-4c1e-8d3c-1d0a27c7509c-SegmentedRaftLogWorker:Storage Directory /tmp/workdir/hadoop-ozone/integration-test/target/test-dir/MiniOzoneClusterImpl-ba13c149-e692-4896-a6a2-c6a85364206c/datanode-6/data/ratis/96f0af00-5fa5-49b9-b0d6-682c52d51cd2: flushIndex: setUnconditionally 0 -> -1
2019-07-14 01:10:47,886 INFO  server.RaftServerConfigKeys (ConfUtils.java:logGet(43)) - raft.server.snapshot.auto.trigger.enabled = true (custom)
2019-07-14 01:10:47,886 INFO  server.RaftServerConfigKeys (ConfUtils.java:logGet(43)) - raft.server.snapshot.auto.trigger.threshold = 10000 (custom)
2019-07-14 01:10:47,886 INFO  server.RaftServerConfigKeys (ConfUtils.java:logGet(43)) - raft.server.retrycache.expirytime = 600000ms (custom)
2019-07-14 01:10:47,886 INFO  impl.RaftServerImpl (RaftServerImpl.java:start(180)) - 463a6fc8-38e8-4c1e-8d3c-1d0a27c7509c: start group-682C52D51CD2
2019-07-14 01:10:47,887 INFO  impl.RaftServerImpl (RaftServerImpl.java:setRole(171)) - 463a6fc8-38e8-4c1e-8d3c-1d0a27c7509c:group-682C52D51CD2 changes role from null to FOLLOWER at term 0 for startAsFollower
2019-07-14 01:10:47,887 INFO  impl.RoleInfo (RoleInfo.java:updateAndGet(143)) - 463a6fc8-38e8-4c1e-8d3c-1d0a27c7509c: start FollowerState
2019-07-14 01:10:47,887 INFO  util.JmxRegister (JmxRegister.java:tryRegister(44)) - Successfully registered JMX Bean with object name Ratis:service=RaftServer,group=group-682C52D51CD2,id=463a6fc8-38e8-4c1e-8d3c-1d0a27c7509c
2019-07-14 01:10:47,892 INFO  pipeline.PipelineStateManager (PipelineStateManager.java:addPipeline(56)) - Created pipeline Pipeline[ Id: 96f0af00-5fa5-49b9-b0d6-682c52d51cd2, Nodes: 463a6fc8-38e8-4c1e-8d3c-1d0a27c7509c{ip: 192.168.157.230, host: trunk-nightly-sxkq5-3320257302, networkLocation: /default-rack, certSerialId: null}, Type:RATIS, Factor:ONE, State:OPEN]
2019-07-14 01:10:48,843 INFO  ozone.MiniOzoneClusterImpl (MiniOzoneClusterImpl.java:lambda$waitForClusterToBeReady$0(142)) - Cluster is ready. Got 7 of 7 DN Heartbeats.
2019-07-14 01:10:48,878 INFO  rpc.RpcClient (RpcClient.java:createVolume(287)) - Creating Volume: testblockoutputstream, with jenkins1000 as owner.
2019-07-14 01:10:48,894 INFO  rpc.RpcClient (RpcClient.java:createBucket(424)) - Creating Bucket: testblockoutputstream/testblockoutputstream, with Versioning false and Storage Type set to DISK and Encryption set to false 
2019-07-14 01:10:48,926 INFO  client.GrpcClientProtocolClient (GrpcClientProtocolClient.java:onNext(255)) - client-72E4656B44CE->9478bc8e-041d-426e-9c77-bbfdf70f4392: receive RaftClientReply:client-72E4656B44CE->9478bc8e-041d-426e-9c77-bbfdf70f4392@group-85B96BD01710, cid=199, FAILED org.apache.ratis.protocol.NotLeaderException: Server 9478bc8e-041d-426e-9c77-bbfdf70f4392 is not the leader (null). Request must be sent to leader., logIndex=0, commits[9478bc8e-041d-426e-9c77-bbfdf70f4392:c-1]
2019-07-14 01:10:49,605 INFO  container.ReplicationManager (ReplicationManager.java:start(155)) - Starting Replication Monitor Thread.
2019-07-14 01:10:49,610 INFO  container.ReplicationManager (ReplicationManager.java:run(207)) - Replication Monitor Thread took 0 milliseconds for processing 1 containers.
2019-07-14 01:10:49,946 INFO  client.GrpcClientProtocolClient (GrpcClientProtocolClient.java:onNext(255)) - client-72E4656B44CE->5d27a16c-da1a-4f85-bf61-26cd87951759: receive RaftClientReply:client-72E4656B44CE->5d27a16c-da1a-4f85-bf61-26cd87951759@group-85B96BD01710, cid=199, FAILED org.apache.ratis.protocol.NotLeaderException: Server 5d27a16c-da1a-4f85-bf61-26cd87951759 is not the leader (null). Request must be sent to leader., logIndex=0, commits[5d27a16c-da1a-4f85-bf61-26cd87951759:c-1]
2019-07-14 01:10:50,962 INFO  client.GrpcClientProtocolClient (GrpcClientProtocolClient.java:onNext(255)) - client-72E4656B44CE->f3eac508-6af5-4edc-add6-c410547da8f4: receive RaftClientReply:client-72E4656B44CE->f3eac508-6af5-4edc-add6-c410547da8f4@group-85B96BD01710, cid=199, FAILED org.apache.ratis.protocol.NotLeaderException: Server f3eac508-6af5-4edc-add6-c410547da8f4 is not the leader (null). Request must be sent to leader., logIndex=0, commits[f3eac508-6af5-4edc-add6-c410547da8f4:c-1]
2019-07-14 01:10:51,788 INFO  impl.FollowerState (FollowerState.java:run(106)) - 9478bc8e-041d-426e-9c77-bbfdf70f4392:group-AF818F33F4FD changes to CANDIDATE, lastRpcTime:5006, electionTimeout:5006ms
2019-07-14 01:10:51,788 INFO  impl.RoleInfo (RoleInfo.java:shutdownFollowerState(121)) - 9478bc8e-041d-426e-9c77-bbfdf70f4392: shutdown FollowerState
2019-07-14 01:10:51,788 INFO  impl.RaftServerImpl (RaftServerImpl.java:setRole(171)) - 9478bc8e-041d-426e-9c77-bbfdf70f4392:group-AF818F33F4FD changes role from FOLLOWER to CANDIDATE at term 0 for changeToCandidate
2019-07-14 01:10:51,789 INFO  impl.RoleInfo (RoleInfo.java:updateAndGet(143)) - 9478bc8e-041d-426e-9c77-bbfdf70f4392: start LeaderElection
2019-07-14 01:10:51,812 INFO  impl.LeaderElection (LeaderElection.java:askForVotes(181)) - 9478bc8e-041d-426e-9c77-bbfdf70f4392:group-AF818F33F4FD:LeaderElection68: begin an election at term 1 for -1: [9478bc8e-041d-426e-9c77-bbfdf70f4392:192.168.157.230:44063], old=null
2019-07-14 01:10:51,812 INFO  impl.RoleInfo (RoleInfo.java:shutdownLeaderElection(134)) - 9478bc8e-041d-426e-9c77-bbfdf70f4392: shutdown LeaderElection
2019-07-14 01:10:51,812 INFO  impl.RaftServerImpl (RaftServerImpl.java:setRole(171)) - 9478bc8e-041d-426e-9c77-bbfdf70f4392:group-AF818F33F4FD changes role from CANDIDATE to LEADER at term 1 for changeToLeader
2019-07-14 01:10:51,812 INFO  impl.RaftServerImpl (ServerState.java:setLeader(263)) - 9478bc8e-041d-426e-9c77-bbfdf70f4392:group-AF818F33F4FD change Leader from null to 9478bc8e-041d-426e-9c77-bbfdf70f4392 at term 1 for becomeLeader, leader elected after 5035ms
2019-07-14 01:10:51,815 INFO  server.RaftServerConfigKeys (ConfUtils.java:logGet(43)) - raft.server.staging.catchup.gap = 1000 (default)
2019-07-14 01:10:51,815 INFO  server.RaftServerConfigKeys (ConfUtils.java:logGet(43)) - raft.server.rpc.sleep.time = 25ms (default)
2019-07-14 01:10:51,815 INFO  server.RaftServerConfigKeys (ConfUtils.java:logGet(43)) - raft.server.write.element-limit = 4096 (default)
2019-07-14 01:10:51,815 INFO  server.RaftServerConfigKeys (ConfUtils.java:logGet(43)) - raft.server.watch.timeout = 10s (default)
2019-07-14 01:10:51,815 INFO  server.RaftServerConfigKeys (ConfUtils.java:logGet(43)) - raft.server.watch.timeout.denomination = 1s (default)
2019-07-14 01:10:51,816 INFO  server.RaftServerConfigKeys (ConfUtils.java:logGet(43)) - raft.server.watch.element-limit = 65536 (default)
2019-07-14 01:10:51,816 INFO  impl.RoleInfo (RoleInfo.java:updateAndGet(143)) - 9478bc8e-041d-426e-9c77-bbfdf70f4392: start LeaderState
2019-07-14 01:10:51,816 INFO  segmented.SegmentedRaftLogWorker (SegmentedRaftLogWorker.java:startLogSegment(380)) - 9478bc8e-041d-426e-9c77-bbfdf70f4392-SegmentedRaftLogWorker:Storage Directory /tmp/workdir/hadoop-ozone/integration-test/target/test-dir/MiniOzoneClusterImpl-ba13c149-e692-4896-a6a2-c6a85364206c/datanode-1/data/ratis/615fd9e7-abe7-48e1-9322-af818f33f4fd: Starting segment from index:0
2019-07-14 01:10:51,817 INFO  impl.RaftServerImpl (ServerState.java:setRaftConf(361)) - 9478bc8e-041d-426e-9c77-bbfdf70f4392:group-AF818F33F4FD set configuration 0: [9478bc8e-041d-426e-9c77-bbfdf70f4392:192.168.157.230:44063], old=null at 0
2019-07-14 01:10:51,834 INFO  impl.FollowerState (FollowerState.java:run(106)) - f3eac508-6af5-4edc-add6-c410547da8f4:group-13161738C1F4 changes to CANDIDATE, lastRpcTime:5186, electionTimeout:5186ms
2019-07-14 01:10:51,834 INFO  impl.RoleInfo (RoleInfo.java:shutdownFollowerState(121)) - f3eac508-6af5-4edc-add6-c410547da8f4: shutdown FollowerState
2019-07-14 01:10:51,835 INFO  impl.RaftServerImpl (RaftServerImpl.java:setRole(171)) - f3eac508-6af5-4edc-add6-c410547da8f4:group-13161738C1F4 changes role from FOLLOWER to CANDIDATE at term 0 for changeToCandidate
2019-07-14 01:10:51,835 INFO  impl.RoleInfo (RoleInfo.java:updateAndGet(143)) - f3eac508-6af5-4edc-add6-c410547da8f4: start LeaderElection
2019-07-14 01:10:51,848 INFO  segmented.SegmentedRaftLogWorker (SegmentedRaftLogWorker.java:execute(569)) - 9478bc8e-041d-426e-9c77-bbfdf70f4392-SegmentedRaftLogWorker:Storage Directory /tmp/workdir/hadoop-ozone/integration-test/target/test-dir/MiniOzoneClusterImpl-ba13c149-e692-4896-a6a2-c6a85364206c/datanode-1/data/ratis/615fd9e7-abe7-48e1-9322-af818f33f4fd: created new log segment /tmp/workdir/hadoop-ozone/integration-test/target/test-dir/MiniOzoneClusterImpl-ba13c149-e692-4896-a6a2-c6a85364206c/datanode-1/data/ratis/615fd9e7-abe7-48e1-9322-af818f33f4fd/current/log_inprogress_0
2019-07-14 01:10:51,848 INFO  impl.LeaderElection (LeaderElection.java:askForVotes(181)) - f3eac508-6af5-4edc-add6-c410547da8f4:group-13161738C1F4:LeaderElection69: begin an election at term 1 for -1: [f3eac508-6af5-4edc-add6-c410547da8f4:192.168.157.230:44195], old=null
2019-07-14 01:10:51,848 INFO  impl.RoleInfo (RoleInfo.java:shutdownLeaderElection(134)) - f3eac508-6af5-4edc-add6-c410547da8f4: shutdown LeaderElection
2019-07-14 01:10:51,848 INFO  impl.RaftServerImpl (RaftServerImpl.java:setRole(171)) - f3eac508-6af5-4edc-add6-c410547da8f4:group-13161738C1F4 changes role from CANDIDATE to LEADER at term 1 for changeToLeader
2019-07-14 01:10:51,848 INFO  impl.RaftServerImpl (ServerState.java:setLeader(263)) - f3eac508-6af5-4edc-add6-c410547da8f4:group-13161738C1F4 change Leader from null to f3eac508-6af5-4edc-add6-c410547da8f4 at term 1 for becomeLeader, leader elected after 5205ms
2019-07-14 01:10:51,851 INFO  server.RaftServerConfigKeys (ConfUtils.java:logGet(43)) - raft.server.staging.catchup.gap = 1000 (default)
2019-07-14 01:10:51,851 INFO  server.RaftServerConfigKeys (ConfUtils.java:logGet(43)) - raft.server.rpc.sleep.time = 25ms (default)
2019-07-14 01:10:51,851 INFO  server.RaftServerConfigKeys (ConfUtils.java:logGet(43)) - raft.server.write.element-limit = 4096 (default)
2019-07-14 01:10:51,851 INFO  server.RaftServerConfigKeys (ConfUtils.java:logGet(43)) - raft.server.watch.timeout = 10s (default)
2019-07-14 01:10:51,851 INFO  server.RaftServerConfigKeys (ConfUtils.java:logGet(43)) - raft.server.watch.timeout.denomination = 1s (default)
2019-07-14 01:10:51,852 INFO  server.RaftServerConfigKeys (ConfUtils.java:logGet(43)) - raft.server.watch.element-limit = 65536 (default)
2019-07-14 01:10:51,852 INFO  impl.RoleInfo (RoleInfo.java:updateAndGet(143)) - f3eac508-6af5-4edc-add6-c410547da8f4: start LeaderState
2019-07-14 01:10:51,852 INFO  segmented.SegmentedRaftLogWorker (SegmentedRaftLogWorker.java:startLogSegment(380)) - f3eac508-6af5-4edc-add6-c410547da8f4-SegmentedRaftLogWorker:Storage Directory /tmp/workdir/hadoop-ozone/integration-test/target/test-dir/MiniOzoneClusterImpl-ba13c149-e692-4896-a6a2-c6a85364206c/datanode-0/data/ratis/05d16df0-ccaa-468f-9536-13161738c1f4: Starting segment from index:0
2019-07-14 01:10:51,852 INFO  impl.RaftServerImpl (ServerState.java:setRaftConf(361)) - f3eac508-6af5-4edc-add6-c410547da8f4:group-13161738C1F4 set configuration 0: [f3eac508-6af5-4edc-add6-c410547da8f4:192.168.157.230:44195], old=null at 0
2019-07-14 01:10:51,884 INFO  segmented.SegmentedRaftLogWorker (SegmentedRaftLogWorker.java:execute(569)) - f3eac508-6af5-4edc-add6-c410547da8f4-SegmentedRaftLogWorker:Storage Directory /tmp/workdir/hadoop-ozone/integration-test/target/test-dir/MiniOzoneClusterImpl-ba13c149-e692-4896-a6a2-c6a85364206c/datanode-0/data/ratis/05d16df0-ccaa-468f-9536-13161738c1f4: created new log segment /tmp/workdir/hadoop-ozone/integration-test/target/test-dir/MiniOzoneClusterImpl-ba13c149-e692-4896-a6a2-c6a85364206c/datanode-0/data/ratis/05d16df0-ccaa-468f-9536-13161738c1f4/current/log_inprogress_0
2019-07-14 01:10:51,974 INFO  client.GrpcClientProtocolClient (GrpcClientProtocolClient.java:onNext(255)) - client-72E4656B44CE->5d27a16c-da1a-4f85-bf61-26cd87951759: receive RaftClientReply:client-72E4656B44CE->5d27a16c-da1a-4f85-bf61-26cd87951759@group-85B96BD01710, cid=199, FAILED org.apache.ratis.protocol.NotLeaderException: Server 5d27a16c-da1a-4f85-bf61-26cd87951759 is not the leader (null). Request must be sent to leader., logIndex=0, commits[5d27a16c-da1a-4f85-bf61-26cd87951759:c-1]
2019-07-14 01:10:51,984 INFO  impl.FollowerState (FollowerState.java:run(106)) - 5d27a16c-da1a-4f85-bf61-26cd87951759:group-4E3A0FAA78C2 changes to CANDIDATE, lastRpcTime:5028, electionTimeout:5028ms
2019-07-14 01:10:51,984 INFO  impl.RoleInfo (RoleInfo.java:shutdownFollowerState(121)) - 5d27a16c-da1a-4f85-bf61-26cd87951759: shutdown FollowerState
2019-07-14 01:10:51,984 INFO  impl.RaftServerImpl (RaftServerImpl.java:setRole(171)) - 5d27a16c-da1a-4f85-bf61-26cd87951759:group-4E3A0FAA78C2 changes role from FOLLOWER to CANDIDATE at term 0 for changeToCandidate
2019-07-14 01:10:51,985 INFO  impl.RoleInfo (RoleInfo.java:updateAndGet(143)) - 5d27a16c-da1a-4f85-bf61-26cd87951759: start LeaderElection
2019-07-14 01:10:52,017 INFO  impl.LeaderElection (LeaderElection.java:askForVotes(181)) - 5d27a16c-da1a-4f85-bf61-26cd87951759:group-4E3A0FAA78C2:LeaderElection70: begin an election at term 1 for -1: [5d27a16c-da1a-4f85-bf61-26cd87951759:192.168.157.230:42067], old=null
2019-07-14 01:10:52,017 INFO  impl.RoleInfo (RoleInfo.java:shutdownLeaderElection(134)) - 5d27a16c-da1a-4f85-bf61-26cd87951759: shutdown LeaderElection
2019-07-14 01:10:52,017 INFO  impl.RaftServerImpl (RaftServerImpl.java:setRole(171)) - 5d27a16c-da1a-4f85-bf61-26cd87951759:group-4E3A0FAA78C2 changes role from CANDIDATE to LEADER at term 1 for changeToLeader
2019-07-14 01:10:52,017 INFO  impl.RaftServerImpl (ServerState.java:setLeader(263)) - 5d27a16c-da1a-4f85-bf61-26cd87951759:group-4E3A0FAA78C2 change Leader from null to 5d27a16c-da1a-4f85-bf61-26cd87951759 at term 1 for becomeLeader, leader elected after 5066ms
2019-07-14 01:10:52,020 INFO  server.RaftServerConfigKeys (ConfUtils.java:logGet(43)) - raft.server.staging.catchup.gap = 1000 (default)
2019-07-14 01:10:52,020 INFO  server.RaftServerConfigKeys (ConfUtils.java:logGet(43)) - raft.server.rpc.sleep.time = 25ms (default)
2019-07-14 01:10:52,020 INFO  server.RaftServerConfigKeys (ConfUtils.java:logGet(43)) - raft.server.write.element-limit = 4096 (default)
2019-07-14 01:10:52,020 INFO  server.RaftServerConfigKeys (ConfUtils.java:logGet(43)) - raft.server.watch.timeout = 10s (default)
2019-07-14 01:10:52,020 INFO  server.RaftServerConfigKeys (ConfUtils.java:logGet(43)) - raft.server.watch.timeout.denomination = 1s (default)
2019-07-14 01:10:52,020 INFO  server.RaftServerConfigKeys (ConfUtils.java:logGet(43)) - raft.server.watch.element-limit = 65536 (default)
2019-07-14 01:10:52,021 INFO  impl.RoleInfo (RoleInfo.java:updateAndGet(143)) - 5d27a16c-da1a-4f85-bf61-26cd87951759: start LeaderState
2019-07-14 01:10:52,021 INFO  segmented.SegmentedRaftLogWorker (SegmentedRaftLogWorker.java:startLogSegment(380)) - 5d27a16c-da1a-4f85-bf61-26cd87951759-SegmentedRaftLogWorker:Storage Directory /tmp/workdir/hadoop-ozone/integration-test/target/test-dir/MiniOzoneClusterImpl-ba13c149-e692-4896-a6a2-c6a85364206c/datanode-2/data/ratis/fb0a9627-0c75-4cbe-9684-4e3a0faa78c2: Starting segment from index:0
2019-07-14 01:10:52,021 INFO  impl.RaftServerImpl (ServerState.java:setRaftConf(361)) - 5d27a16c-da1a-4f85-bf61-26cd87951759:group-4E3A0FAA78C2 set configuration 0: [5d27a16c-da1a-4f85-bf61-26cd87951759:192.168.157.230:42067], old=null at 0
2019-07-14 01:10:52,028 INFO  impl.FollowerState (FollowerState.java:run(106)) - f3eac508-6af5-4edc-add6-c410547da8f4:group-85B96BD01710 changes to CANDIDATE, lastRpcTime:5001, electionTimeout:5001ms
2019-07-14 01:10:52,028 INFO  impl.RoleInfo (RoleInfo.java:shutdownFollowerState(121)) - f3eac508-6af5-4edc-add6-c410547da8f4: shutdown FollowerState
2019-07-14 01:10:52,028 INFO  impl.RaftServerImpl (RaftServerImpl.java:setRole(171)) - f3eac508-6af5-4edc-add6-c410547da8f4:group-85B96BD01710 changes role from FOLLOWER to CANDIDATE at term 0 for changeToCandidate
2019-07-14 01:10:52,028 INFO  impl.RoleInfo (RoleInfo.java:updateAndGet(143)) - f3eac508-6af5-4edc-add6-c410547da8f4: start LeaderElection
2019-07-14 01:10:52,042 INFO  impl.FollowerState (FollowerState.java:run(106)) - 9478bc8e-041d-426e-9c77-bbfdf70f4392:group-85B96BD01710 changes to CANDIDATE, lastRpcTime:5017, electionTimeout:5011ms
2019-07-14 01:10:52,042 INFO  impl.RoleInfo (RoleInfo.java:shutdownFollowerState(121)) - 9478bc8e-041d-426e-9c77-bbfdf70f4392: shutdown FollowerState
2019-07-14 01:10:52,042 INFO  impl.RaftServerImpl (RaftServerImpl.java:setRole(171)) - 9478bc8e-041d-426e-9c77-bbfdf70f4392:group-85B96BD01710 changes role from FOLLOWER to CANDIDATE at term 0 for changeToCandidate
2019-07-14 01:10:52,042 INFO  impl.RoleInfo (RoleInfo.java:updateAndGet(143)) - 9478bc8e-041d-426e-9c77-bbfdf70f4392: start LeaderElection
2019-07-14 01:10:52,055 INFO  segmented.SegmentedRaftLogWorker (SegmentedRaftLogWorker.java:execute(569)) - 5d27a16c-da1a-4f85-bf61-26cd87951759-SegmentedRaftLogWorker:Storage Directory /tmp/workdir/hadoop-ozone/integration-test/target/test-dir/MiniOzoneClusterImpl-ba13c149-e692-4896-a6a2-c6a85364206c/datanode-2/data/ratis/fb0a9627-0c75-4cbe-9684-4e3a0faa78c2: created new log segment /tmp/workdir/hadoop-ozone/integration-test/target/test-dir/MiniOzoneClusterImpl-ba13c149-e692-4896-a6a2-c6a85364206c/datanode-2/data/ratis/fb0a9627-0c75-4cbe-9684-4e3a0faa78c2/current/log_inprogress_0
2019-07-14 01:10:52,056 INFO  impl.LeaderElection (LeaderElection.java:askForVotes(181)) - 9478bc8e-041d-426e-9c77-bbfdf70f4392:group-85B96BD01710:LeaderElection72: begin an election at term 1 for -1: [5d27a16c-da1a-4f85-bf61-26cd87951759:192.168.157.230:42067, 9478bc8e-041d-426e-9c77-bbfdf70f4392:192.168.157.230:44063, f3eac508-6af5-4edc-add6-c410547da8f4:192.168.157.230:44195], old=null
2019-07-14 01:10:52,056 INFO  impl.LeaderElection (LeaderElection.java:askForVotes(181)) - f3eac508-6af5-4edc-add6-c410547da8f4:group-85B96BD01710:LeaderElection71: begin an election at term 1 for -1: [5d27a16c-da1a-4f85-bf61-26cd87951759:192.168.157.230:42067, 9478bc8e-041d-426e-9c77-bbfdf70f4392:192.168.157.230:44063, f3eac508-6af5-4edc-add6-c410547da8f4:192.168.157.230:44195], old=null
2019-07-14 01:10:52,060 INFO  impl.RaftServerImpl (RaftServerImpl.java:setRole(171)) - 5d27a16c-da1a-4f85-bf61-26cd87951759:group-85B96BD01710 changes role from FOLLOWER to FOLLOWER at term 1 for recognizeCandidate:f3eac508-6af5-4edc-add6-c410547da8f4
2019-07-14 01:10:52,063 INFO  impl.RoleInfo (RoleInfo.java:shutdownFollowerState(121)) - 5d27a16c-da1a-4f85-bf61-26cd87951759: shutdown FollowerState
2019-07-14 01:10:52,063 INFO  impl.RoleInfo (RoleInfo.java:updateAndGet(143)) - 5d27a16c-da1a-4f85-bf61-26cd87951759: start FollowerState
2019-07-14 01:10:52,063 INFO  impl.FollowerState (FollowerState.java:run(114)) - 5d27a16c-da1a-4f85-bf61-26cd87951759: FollowerState was interrupted: java.lang.InterruptedException: sleep interrupted
2019-07-14 01:10:52,096 INFO  impl.LeaderElection (LeaderElection.java:logAndReturn(56)) - f3eac508-6af5-4edc-add6-c410547da8f4:group-85B96BD01710:LeaderElection71: Election PASSED; received 2 response(s) [f3eac508-6af5-4edc-add6-c410547da8f4<-5d27a16c-da1a-4f85-bf61-26cd87951759#0:OK-t1, f3eac508-6af5-4edc-add6-c410547da8f4<-9478bc8e-041d-426e-9c77-bbfdf70f4392#0:FAIL-t1] and 0 exception(s); f3eac508-6af5-4edc-add6-c410547da8f4:t1, leader=null, voted=f3eac508-6af5-4edc-add6-c410547da8f4, raftlog=f3eac508-6af5-4edc-add6-c410547da8f4-SegmentedRaftLog:OPENED:c-1,f-1,i0, conf=-1: [5d27a16c-da1a-4f85-bf61-26cd87951759:192.168.157.230:42067, 9478bc8e-041d-426e-9c77-bbfdf70f4392:192.168.157.230:44063, f3eac508-6af5-4edc-add6-c410547da8f4:192.168.157.230:44195], old=null
2019-07-14 01:10:52,096 INFO  impl.LeaderElection (LeaderElection.java:logAndReturn(56)) - 9478bc8e-041d-426e-9c77-bbfdf70f4392:group-85B96BD01710:LeaderElection72: Election REJECTED; received 2 response(s) [9478bc8e-041d-426e-9c77-bbfdf70f4392<-5d27a16c-da1a-4f85-bf61-26cd87951759#0:FAIL-t1, 9478bc8e-041d-426e-9c77-bbfdf70f4392<-f3eac508-6af5-4edc-add6-c410547da8f4#0:FAIL-t1] and 0 exception(s); 9478bc8e-041d-426e-9c77-bbfdf70f4392:t1, leader=null, voted=9478bc8e-041d-426e-9c77-bbfdf70f4392, raftlog=9478bc8e-041d-426e-9c77-bbfdf70f4392-SegmentedRaftLog:OPENED:c-1,f-1,i0, conf=-1: [5d27a16c-da1a-4f85-bf61-26cd87951759:192.168.157.230:42067, 9478bc8e-041d-426e-9c77-bbfdf70f4392:192.168.157.230:44063, f3eac508-6af5-4edc-add6-c410547da8f4:192.168.157.230:44195], old=null
2019-07-14 01:10:52,096 INFO  impl.RoleInfo (RoleInfo.java:shutdownLeaderElection(134)) - f3eac508-6af5-4edc-add6-c410547da8f4: shutdown LeaderElection
2019-07-14 01:10:52,097 INFO  impl.RaftServerImpl (RaftServerImpl.java:setRole(171)) - 9478bc8e-041d-426e-9c77-bbfdf70f4392:group-85B96BD01710 changes role from CANDIDATE to FOLLOWER at term 1 for DISCOVERED_A_NEW_TERM
2019-07-14 01:10:52,097 INFO  impl.RaftServerImpl (RaftServerImpl.java:setRole(171)) - f3eac508-6af5-4edc-add6-c410547da8f4:group-85B96BD01710 changes role from CANDIDATE to LEADER at term 1 for changeToLeader
2019-07-14 01:10:52,097 INFO  impl.RoleInfo (RoleInfo.java:shutdownLeaderElection(134)) - 9478bc8e-041d-426e-9c77-bbfdf70f4392: shutdown LeaderElection
2019-07-14 01:10:52,097 INFO  impl.RaftServerImpl (ServerState.java:setLeader(263)) - f3eac508-6af5-4edc-add6-c410547da8f4:group-85B96BD01710 change Leader from null to f3eac508-6af5-4edc-add6-c410547da8f4 at term 1 for becomeLeader, leader elected after 5081ms
2019-07-14 01:10:52,097 INFO  impl.RoleInfo (RoleInfo.java:updateAndGet(143)) - 9478bc8e-041d-426e-9c77-bbfdf70f4392: start FollowerState
2019-07-14 01:10:52,097 INFO  server.RaftServerConfigKeys (ConfUtils.java:logGet(43)) - raft.server.staging.catchup.gap = 1000 (default)
2019-07-14 01:10:52,097 INFO  server.RaftServerConfigKeys (ConfUtils.java:logGet(43)) - raft.server.rpc.sleep.time = 25ms (default)
2019-07-14 01:10:52,098 INFO  server.RaftServerConfigKeys (ConfUtils.java:logGet(43)) - raft.server.write.element-limit = 4096 (default)
2019-07-14 01:10:52,098 INFO  server.RaftServerConfigKeys (ConfUtils.java:logGet(43)) - raft.server.watch.timeout = 10s (default)
2019-07-14 01:10:52,098 INFO  server.RaftServerConfigKeys (ConfUtils.java:logGet(43)) - raft.server.watch.timeout.denomination = 1s (default)
2019-07-14 01:10:52,098 INFO  server.RaftServerConfigKeys (ConfUtils.java:logGet(43)) - raft.server.watch.element-limit = 65536 (default)
2019-07-14 01:10:52,098 INFO  server.RaftServerConfigKeys (ConfUtils.java:logGet(43)) - raft.server.log.appender.snapshot.chunk.size.max = 16MB (=16777216) (default)
2019-07-14 01:10:52,098 INFO  server.RaftServerConfigKeys (ConfUtils.java:logGet(43)) - raft.server.log.appender.buffer.byte-limit = 33554432 (custom)
2019-07-14 01:10:52,099 INFO  server.RaftServerConfigKeys (ConfUtils.java:logGet(43)) - raft.server.log.appender.buffer.element-limit = 1 (custom)
2019-07-14 01:10:52,099 INFO  grpc.GrpcConfigKeys$Server (ConfUtils.java:logGet(43)) - raft.grpc.server.leader.outstanding.appends.max = 128 (default)
2019-07-14 01:10:52,099 INFO  server.RaftServerConfigKeys (ConfUtils.java:logGet(43)) - raft.server.rpc.request.timeout = 3000ms (default)
2019-07-14 01:10:52,099 INFO  server.RaftServerConfigKeys (ConfUtils.java:logGet(43)) - raft.server.log.appender.install.snapshot.enabled = false (custom)
2019-07-14 01:10:52,099 INFO  server.RaftServerConfigKeys (ConfUtils.java:logGet(43)) - raft.server.log.appender.snapshot.chunk.size.max = 16MB (=16777216) (default)
2019-07-14 01:10:52,099 INFO  server.RaftServerConfigKeys (ConfUtils.java:logGet(43)) - raft.server.log.appender.buffer.byte-limit = 33554432 (custom)
2019-07-14 01:10:52,100 INFO  server.RaftServerConfigKeys (ConfUtils.java:logGet(43)) - raft.server.log.appender.buffer.element-limit = 1 (custom)
2019-07-14 01:10:52,100 INFO  grpc.GrpcConfigKeys$Server (ConfUtils.java:logGet(43)) - raft.grpc.server.leader.outstanding.appends.max = 128 (default)
2019-07-14 01:10:52,100 INFO  server.RaftServerConfigKeys (ConfUtils.java:logGet(43)) - raft.server.rpc.request.timeout = 3000ms (default)
2019-07-14 01:10:52,100 INFO  server.RaftServerConfigKeys (ConfUtils.java:logGet(43)) - raft.server.log.appender.install.snapshot.enabled = false (custom)
2019-07-14 01:10:52,100 INFO  impl.RoleInfo (RoleInfo.java:updateAndGet(143)) - f3eac508-6af5-4edc-add6-c410547da8f4: start LeaderState
2019-07-14 01:10:52,100 INFO  segmented.SegmentedRaftLogWorker (SegmentedRaftLogWorker.java:startLogSegment(380)) - f3eac508-6af5-4edc-add6-c410547da8f4-SegmentedRaftLogWorker:Storage Directory /tmp/workdir/hadoop-ozone/integration-test/target/test-dir/MiniOzoneClusterImpl-ba13c149-e692-4896-a6a2-c6a85364206c/datanode-0/data/ratis/3bae2e3b-0eb8-466b-926f-85b96bd01710: Starting segment from index:0
2019-07-14 01:10:52,101 INFO  impl.RaftServerImpl (ServerState.java:setRaftConf(361)) - f3eac508-6af5-4edc-add6-c410547da8f4:group-85B96BD01710 set configuration 0: [5d27a16c-da1a-4f85-bf61-26cd87951759:192.168.157.230:42067, 9478bc8e-041d-426e-9c77-bbfdf70f4392:192.168.157.230:44063, f3eac508-6af5-4edc-add6-c410547da8f4:192.168.157.230:44195], old=null at 0
2019-07-14 01:10:52,102 INFO  impl.RaftServerImpl (ServerState.java:setLeader(263)) - 5d27a16c-da1a-4f85-bf61-26cd87951759:group-85B96BD01710 change Leader from null to f3eac508-6af5-4edc-add6-c410547da8f4 at term 1 for appendEntries, leader elected after 5086ms
2019-07-14 01:10:52,103 INFO  impl.RaftServerImpl (ServerState.java:setLeader(263)) - 9478bc8e-041d-426e-9c77-bbfdf70f4392:group-85B96BD01710 change Leader from null to f3eac508-6af5-4edc-add6-c410547da8f4 at term 1 for appendEntries, leader elected after 5086ms
2019-07-14 01:10:52,104 INFO  impl.RaftServerImpl (ServerState.java:setRaftConf(361)) - 5d27a16c-da1a-4f85-bf61-26cd87951759:group-85B96BD01710 set configuration 0: [5d27a16c-da1a-4f85-bf61-26cd87951759:192.168.157.230:42067, 9478bc8e-041d-426e-9c77-bbfdf70f4392:192.168.157.230:44063, f3eac508-6af5-4edc-add6-c410547da8f4:192.168.157.230:44195], old=null at 0
2019-07-14 01:10:52,105 INFO  segmented.SegmentedRaftLogWorker (SegmentedRaftLogWorker.java:startLogSegment(380)) - 5d27a16c-da1a-4f85-bf61-26cd87951759-SegmentedRaftLogWorker:Storage Directory /tmp/workdir/hadoop-ozone/integration-test/target/test-dir/MiniOzoneClusterImpl-ba13c149-e692-4896-a6a2-c6a85364206c/datanode-2/data/ratis/3bae2e3b-0eb8-466b-926f-85b96bd01710: Starting segment from index:0
2019-07-14 01:10:52,105 INFO  impl.RaftServerImpl (ServerState.java:setRaftConf(361)) - 9478bc8e-041d-426e-9c77-bbfdf70f4392:group-85B96BD01710 set configuration 0: [5d27a16c-da1a-4f85-bf61-26cd87951759:192.168.157.230:42067, 9478bc8e-041d-426e-9c77-bbfdf70f4392:192.168.157.230:44063, f3eac508-6af5-4edc-add6-c410547da8f4:192.168.157.230:44195], old=null at 0
2019-07-14 01:10:52,105 INFO  segmented.SegmentedRaftLogWorker (SegmentedRaftLogWorker.java:startLogSegment(380)) - 9478bc8e-041d-426e-9c77-bbfdf70f4392-SegmentedRaftLogWorker:Storage Directory /tmp/workdir/hadoop-ozone/integration-test/target/test-dir/MiniOzoneClusterImpl-ba13c149-e692-4896-a6a2-c6a85364206c/datanode-1/data/ratis/3bae2e3b-0eb8-466b-926f-85b96bd01710: Starting segment from index:0
2019-07-14 01:10:52,134 INFO  segmented.SegmentedRaftLogWorker (SegmentedRaftLogWorker.java:execute(569)) - 5d27a16c-da1a-4f85-bf61-26cd87951759-SegmentedRaftLogWorker:Storage Directory /tmp/workdir/hadoop-ozone/integration-test/target/test-dir/MiniOzoneClusterImpl-ba13c149-e692-4896-a6a2-c6a85364206c/datanode-2/data/ratis/3bae2e3b-0eb8-466b-926f-85b96bd01710: created new log segment /tmp/workdir/hadoop-ozone/integration-test/target/test-dir/MiniOzoneClusterImpl-ba13c149-e692-4896-a6a2-c6a85364206c/datanode-2/data/ratis/3bae2e3b-0eb8-466b-926f-85b96bd01710/current/log_inprogress_0
2019-07-14 01:10:52,135 INFO  segmented.SegmentedRaftLogWorker (SegmentedRaftLogWorker.java:execute(569)) - 9478bc8e-041d-426e-9c77-bbfdf70f4392-SegmentedRaftLogWorker:Storage Directory /tmp/workdir/hadoop-ozone/integration-test/target/test-dir/MiniOzoneClusterImpl-ba13c149-e692-4896-a6a2-c6a85364206c/datanode-1/data/ratis/3bae2e3b-0eb8-466b-926f-85b96bd01710: created new log segment /tmp/workdir/hadoop-ozone/integration-test/target/test-dir/MiniOzoneClusterImpl-ba13c149-e692-4896-a6a2-c6a85364206c/datanode-1/data/ratis/3bae2e3b-0eb8-466b-926f-85b96bd01710/current/log_inprogress_0
2019-07-14 01:10:52,135 INFO  segmented.SegmentedRaftLogWorker (SegmentedRaftLogWorker.java:execute(569)) - f3eac508-6af5-4edc-add6-c410547da8f4-SegmentedRaftLogWorker:Storage Directory /tmp/workdir/hadoop-ozone/integration-test/target/test-dir/MiniOzoneClusterImpl-ba13c149-e692-4896-a6a2-c6a85364206c/datanode-0/data/ratis/3bae2e3b-0eb8-466b-926f-85b96bd01710: created new log segment /tmp/workdir/hadoop-ozone/integration-test/target/test-dir/MiniOzoneClusterImpl-ba13c149-e692-4896-a6a2-c6a85364206c/datanode-0/data/ratis/3bae2e3b-0eb8-466b-926f-85b96bd01710/current/log_inprogress_0
2019-07-14 01:10:52,216 INFO  impl.FollowerState (FollowerState.java:run(106)) - d278cd0f-199e-431f-8b12-f3d669e45104:group-C4A5797403A1 changes to CANDIDATE, lastRpcTime:5106, electionTimeout:5094ms
2019-07-14 01:10:52,216 INFO  impl.RoleInfo (RoleInfo.java:shutdownFollowerState(121)) - d278cd0f-199e-431f-8b12-f3d669e45104: shutdown FollowerState
2019-07-14 01:10:52,216 INFO  impl.RaftServerImpl (RaftServerImpl.java:setRole(171)) - d278cd0f-199e-431f-8b12-f3d669e45104:group-C4A5797403A1 changes role from FOLLOWER to CANDIDATE at term 0 for changeToCandidate
2019-07-14 01:10:52,217 INFO  impl.RoleInfo (RoleInfo.java:updateAndGet(143)) - d278cd0f-199e-431f-8b12-f3d669e45104: start LeaderElection
2019-07-14 01:10:52,252 INFO  impl.LeaderElection (LeaderElection.java:askForVotes(181)) - d278cd0f-199e-431f-8b12-f3d669e45104:group-C4A5797403A1:LeaderElection73: begin an election at term 1 for -1: [d278cd0f-199e-431f-8b12-f3d669e45104:192.168.157.230:35736], old=null
2019-07-14 01:10:52,252 INFO  impl.RoleInfo (RoleInfo.java:shutdownLeaderElection(134)) - d278cd0f-199e-431f-8b12-f3d669e45104: shutdown LeaderElection
2019-07-14 01:10:52,253 INFO  impl.RaftServerImpl (RaftServerImpl.java:setRole(171)) - d278cd0f-199e-431f-8b12-f3d669e45104:group-C4A5797403A1 changes role from CANDIDATE to LEADER at term 1 for changeToLeader
2019-07-14 01:10:52,253 INFO  impl.RaftServerImpl (ServerState.java:setLeader(263)) - d278cd0f-199e-431f-8b12-f3d669e45104:group-C4A5797403A1 change Leader from null to d278cd0f-199e-431f-8b12-f3d669e45104 at term 1 for becomeLeader, leader elected after 5146ms
2019-07-14 01:10:52,255 INFO  server.RaftServerConfigKeys (ConfUtils.java:logGet(43)) - raft.server.staging.catchup.gap = 1000 (default)
2019-07-14 01:10:52,255 INFO  server.RaftServerConfigKeys (ConfUtils.java:logGet(43)) - raft.server.rpc.sleep.time = 25ms (default)
2019-07-14 01:10:52,255 INFO  server.RaftServerConfigKeys (ConfUtils.java:logGet(43)) - raft.server.write.element-limit = 4096 (default)
2019-07-14 01:10:52,256 INFO  server.RaftServerConfigKeys (ConfUtils.java:logGet(43)) - raft.server.watch.timeout = 10s (default)
2019-07-14 01:10:52,256 INFO  server.RaftServerConfigKeys (ConfUtils.java:logGet(43)) - raft.server.watch.timeout.denomination = 1s (default)
2019-07-14 01:10:52,256 INFO  server.RaftServerConfigKeys (ConfUtils.java:logGet(43)) - raft.server.watch.element-limit = 65536 (default)
2019-07-14 01:10:52,256 INFO  impl.RoleInfo (RoleInfo.java:updateAndGet(143)) - d278cd0f-199e-431f-8b12-f3d669e45104: start LeaderState
2019-07-14 01:10:52,256 INFO  segmented.SegmentedRaftLogWorker (SegmentedRaftLogWorker.java:startLogSegment(380)) - d278cd0f-199e-431f-8b12-f3d669e45104-SegmentedRaftLogWorker:Storage Directory /tmp/workdir/hadoop-ozone/integration-test/target/test-dir/MiniOzoneClusterImpl-ba13c149-e692-4896-a6a2-c6a85364206c/datanode-3/data/ratis/63142c95-26ac-4df5-9cbf-c4a5797403a1: Starting segment from index:0
2019-07-14 01:10:52,257 INFO  impl.RaftServerImpl (ServerState.java:setRaftConf(361)) - d278cd0f-199e-431f-8b12-f3d669e45104:group-C4A5797403A1 set configuration 0: [d278cd0f-199e-431f-8b12-f3d669e45104:192.168.157.230:35736], old=null at 0
2019-07-14 01:10:52,295 INFO  segmented.SegmentedRaftLogWorker (SegmentedRaftLogWorker.java:execute(569)) - d278cd0f-199e-431f-8b12-f3d669e45104-SegmentedRaftLogWorker:Storage Directory /tmp/workdir/hadoop-ozone/integration-test/target/test-dir/MiniOzoneClusterImpl-ba13c149-e692-4896-a6a2-c6a85364206c/datanode-3/data/ratis/63142c95-26ac-4df5-9cbf-c4a5797403a1: created new log segment /tmp/workdir/hadoop-ozone/integration-test/target/test-dir/MiniOzoneClusterImpl-ba13c149-e692-4896-a6a2-c6a85364206c/datanode-3/data/ratis/63142c95-26ac-4df5-9cbf-c4a5797403a1/current/log_inprogress_0
2019-07-14 01:10:52,393 INFO  impl.FollowerState (FollowerState.java:run(106)) - 729cc98b-57a4-4371-b814-2b10682e9198:group-05EFF18440AE changes to CANDIDATE, lastRpcTime:5087, electionTimeout:5087ms
2019-07-14 01:10:52,393 INFO  impl.RoleInfo (RoleInfo.java:shutdownFollowerState(121)) - 729cc98b-57a4-4371-b814-2b10682e9198: shutdown FollowerState
2019-07-14 01:10:52,393 INFO  impl.RaftServerImpl (RaftServerImpl.java:setRole(171)) - 729cc98b-57a4-4371-b814-2b10682e9198:group-05EFF18440AE changes role from FOLLOWER to CANDIDATE at term 0 for changeToCandidate
2019-07-14 01:10:52,393 INFO  impl.RoleInfo (RoleInfo.java:updateAndGet(143)) - 729cc98b-57a4-4371-b814-2b10682e9198: start LeaderElection
2019-07-14 01:10:52,409 INFO  impl.LeaderElection (LeaderElection.java:askForVotes(181)) - 729cc98b-57a4-4371-b814-2b10682e9198:group-05EFF18440AE:LeaderElection74: begin an election at term 1 for -1: [729cc98b-57a4-4371-b814-2b10682e9198:192.168.157.230:44283], old=null
2019-07-14 01:10:52,410 INFO  impl.RoleInfo (RoleInfo.java:shutdownLeaderElection(134)) - 729cc98b-57a4-4371-b814-2b10682e9198: shutdown LeaderElection
2019-07-14 01:10:52,410 INFO  impl.RaftServerImpl (RaftServerImpl.java:setRole(171)) - 729cc98b-57a4-4371-b814-2b10682e9198:group-05EFF18440AE changes role from CANDIDATE to LEADER at term 1 for changeToLeader
2019-07-14 01:10:52,410 INFO  impl.RaftServerImpl (ServerState.java:setLeader(263)) - 729cc98b-57a4-4371-b814-2b10682e9198:group-05EFF18440AE change Leader from null to 729cc98b-57a4-4371-b814-2b10682e9198 at term 1 for becomeLeader, leader elected after 5108ms
2019-07-14 01:10:52,413 INFO  server.RaftServerConfigKeys (ConfUtils.java:logGet(43)) - raft.server.staging.catchup.gap = 1000 (default)
2019-07-14 01:10:52,413 INFO  server.RaftServerConfigKeys (ConfUtils.java:logGet(43)) - raft.server.rpc.sleep.time = 25ms (default)
2019-07-14 01:10:52,413 INFO  server.RaftServerConfigKeys (ConfUtils.java:logGet(43)) - raft.server.write.element-limit = 4096 (default)
2019-07-14 01:10:52,413 INFO  server.RaftServerConfigKeys (ConfUtils.java:logGet(43)) - raft.server.watch.timeout = 10s (default)
2019-07-14 01:10:52,413 INFO  server.RaftServerConfigKeys (ConfUtils.java:logGet(43)) - raft.server.watch.timeout.denomination = 1s (default)
2019-07-14 01:10:52,413 INFO  server.RaftServerConfigKeys (ConfUtils.java:logGet(43)) - raft.server.watch.element-limit = 65536 (default)
2019-07-14 01:10:52,414 INFO  impl.RoleInfo (RoleInfo.java:updateAndGet(143)) - 729cc98b-57a4-4371-b814-2b10682e9198: start LeaderState
2019-07-14 01:10:52,414 INFO  segmented.SegmentedRaftLogWorker (SegmentedRaftLogWorker.java:startLogSegment(380)) - 729cc98b-57a4-4371-b814-2b10682e9198-SegmentedRaftLogWorker:Storage Directory /tmp/workdir/hadoop-ozone/integration-test/target/test-dir/MiniOzoneClusterImpl-ba13c149-e692-4896-a6a2-c6a85364206c/datanode-4/data/ratis/22548268-b256-4945-931b-05eff18440ae: Starting segment from index:0
2019-07-14 01:10:52,414 INFO  impl.RaftServerImpl (ServerState.java:setRaftConf(361)) - 729cc98b-57a4-4371-b814-2b10682e9198:group-05EFF18440AE set configuration 0: [729cc98b-57a4-4371-b814-2b10682e9198:192.168.157.230:44283], old=null at 0
2019-07-14 01:10:52,448 INFO  segmented.SegmentedRaftLogWorker (SegmentedRaftLogWorker.java:execute(569)) - 729cc98b-57a4-4371-b814-2b10682e9198-SegmentedRaftLogWorker:Storage Directory /tmp/workdir/hadoop-ozone/integration-test/target/test-dir/MiniOzoneClusterImpl-ba13c149-e692-4896-a6a2-c6a85364206c/datanode-4/data/ratis/22548268-b256-4945-931b-05eff18440ae: created new log segment /tmp/workdir/hadoop-ozone/integration-test/target/test-dir/MiniOzoneClusterImpl-ba13c149-e692-4896-a6a2-c6a85364206c/datanode-4/data/ratis/22548268-b256-4945-931b-05eff18440ae/current/log_inprogress_0
2019-07-14 01:10:52,837 INFO  impl.FollowerState (FollowerState.java:run(106)) - d278cd0f-199e-431f-8b12-f3d669e45104:group-38A362F06419 changes to CANDIDATE, lastRpcTime:5083, electionTimeout:5083ms
2019-07-14 01:10:52,837 INFO  impl.RoleInfo (RoleInfo.java:shutdownFollowerState(121)) - d278cd0f-199e-431f-8b12-f3d669e45104: shutdown FollowerState
2019-07-14 01:10:52,837 INFO  impl.RaftServerImpl (RaftServerImpl.java:setRole(171)) - d278cd0f-199e-431f-8b12-f3d669e45104:group-38A362F06419 changes role from FOLLOWER to CANDIDATE at term 0 for changeToCandidate
2019-07-14 01:10:52,837 INFO  impl.RoleInfo (RoleInfo.java:updateAndGet(143)) - d278cd0f-199e-431f-8b12-f3d669e45104: start LeaderElection
2019-07-14 01:10:52,854 INFO  impl.LeaderElection (LeaderElection.java:askForVotes(181)) - d278cd0f-199e-431f-8b12-f3d669e45104:group-38A362F06419:LeaderElection75: begin an election at term 1 for -1: [729cc98b-57a4-4371-b814-2b10682e9198:192.168.157.230:44283, d278cd0f-199e-431f-8b12-f3d669e45104:192.168.157.230:35736, d1587925-a911-45c7-ac20-8a6df57d1292:192.168.157.230:43222], old=null
2019-07-14 01:10:52,854 INFO  impl.FollowerState (FollowerState.java:run(106)) - d1587925-a911-45c7-ac20-8a6df57d1292:group-38A362F06419 changes to CANDIDATE, lastRpcTime:5101, electionTimeout:5101ms
2019-07-14 01:10:52,855 INFO  impl.RoleInfo (RoleInfo.java:shutdownFollowerState(121)) - d1587925-a911-45c7-ac20-8a6df57d1292: shutdown FollowerState
2019-07-14 01:10:52,855 INFO  impl.RaftServerImpl (RaftServerImpl.java:setRole(171)) - d1587925-a911-45c7-ac20-8a6df57d1292:group-38A362F06419 changes role from FOLLOWER to CANDIDATE at term 0 for changeToCandidate
2019-07-14 01:10:52,855 INFO  impl.RoleInfo (RoleInfo.java:updateAndGet(143)) - d1587925-a911-45c7-ac20-8a6df57d1292: start LeaderElection
2019-07-14 01:10:52,863 INFO  impl.RaftServerImpl (RaftServerImpl.java:setRole(171)) - 729cc98b-57a4-4371-b814-2b10682e9198:group-38A362F06419 changes role from FOLLOWER to FOLLOWER at term 1 for recognizeCandidate:d278cd0f-199e-431f-8b12-f3d669e45104
2019-07-14 01:10:52,864 INFO  impl.RoleInfo (RoleInfo.java:shutdownFollowerState(121)) - 729cc98b-57a4-4371-b814-2b10682e9198: shutdown FollowerState
2019-07-14 01:10:52,864 INFO  impl.RoleInfo (RoleInfo.java:updateAndGet(143)) - 729cc98b-57a4-4371-b814-2b10682e9198: start FollowerState
2019-07-14 01:10:52,864 INFO  impl.FollowerState (FollowerState.java:run(114)) - 729cc98b-57a4-4371-b814-2b10682e9198: FollowerState was interrupted: java.lang.InterruptedException: sleep interrupted
2019-07-14 01:10:52,874 INFO  impl.LeaderElection (LeaderElection.java:askForVotes(181)) - d1587925-a911-45c7-ac20-8a6df57d1292:group-38A362F06419:LeaderElection76: begin an election at term 1 for -1: [729cc98b-57a4-4371-b814-2b10682e9198:192.168.157.230:44283, d278cd0f-199e-431f-8b12-f3d669e45104:192.168.157.230:35736, d1587925-a911-45c7-ac20-8a6df57d1292:192.168.157.230:43222], old=null
2019-07-14 01:10:52,881 INFO  impl.LeaderElection (LeaderElection.java:logAndReturn(56)) - d278cd0f-199e-431f-8b12-f3d669e45104:group-38A362F06419:LeaderElection75: Election PASSED; received 1 response(s) [d278cd0f-199e-431f-8b12-f3d669e45104<-729cc98b-57a4-4371-b814-2b10682e9198#0:OK-t1] and 0 exception(s); d278cd0f-199e-431f-8b12-f3d669e45104:t1, leader=null, voted=d278cd0f-199e-431f-8b12-f3d669e45104, raftlog=d278cd0f-199e-431f-8b12-f3d669e45104-SegmentedRaftLog:OPENED:c-1,f-1,i0, conf=-1: [729cc98b-57a4-4371-b814-2b10682e9198:192.168.157.230:44283, d278cd0f-199e-431f-8b12-f3d669e45104:192.168.157.230:35736, d1587925-a911-45c7-ac20-8a6df57d1292:192.168.157.230:43222], old=null
2019-07-14 01:10:52,881 INFO  impl.RoleInfo (RoleInfo.java:shutdownLeaderElection(134)) - d278cd0f-199e-431f-8b12-f3d669e45104: shutdown LeaderElection
2019-07-14 01:10:52,881 INFO  impl.RaftServerImpl (RaftServerImpl.java:setRole(171)) - d278cd0f-199e-431f-8b12-f3d669e45104:group-38A362F06419 changes role from CANDIDATE to LEADER at term 1 for changeToLeader
2019-07-14 01:10:52,881 INFO  impl.RaftServerImpl (ServerState.java:setLeader(263)) - d278cd0f-199e-431f-8b12-f3d669e45104:group-38A362F06419 change Leader from null to d278cd0f-199e-431f-8b12-f3d669e45104 at term 1 for becomeLeader, leader elected after 5141ms
2019-07-14 01:10:52,882 INFO  server.RaftServerConfigKeys (ConfUtils.java:logGet(43)) - raft.server.staging.catchup.gap = 1000 (default)
2019-07-14 01:10:52,882 INFO  server.RaftServerConfigKeys (ConfUtils.java:logGet(43)) - raft.server.rpc.sleep.time = 25ms (default)
2019-07-14 01:10:52,882 INFO  server.RaftServerConfigKeys (ConfUtils.java:logGet(43)) - raft.server.write.element-limit = 4096 (default)
2019-07-14 01:10:52,882 INFO  server.RaftServerConfigKeys (ConfUtils.java:logGet(43)) - raft.server.watch.timeout = 10s (default)
2019-07-14 01:10:52,882 INFO  server.RaftServerConfigKeys (ConfUtils.java:logGet(43)) - raft.server.watch.timeout.denomination = 1s (default)
2019-07-14 01:10:52,882 INFO  server.RaftServerConfigKeys (ConfUtils.java:logGet(43)) - raft.server.watch.element-limit = 65536 (default)
2019-07-14 01:10:52,883 INFO  server.RaftServerConfigKeys (ConfUtils.java:logGet(43)) - raft.server.log.appender.snapshot.chunk.size.max = 16MB (=16777216) (default)
2019-07-14 01:10:52,883 INFO  server.RaftServerConfigKeys (ConfUtils.java:logGet(43)) - raft.server.log.appender.buffer.byte-limit = 33554432 (custom)
2019-07-14 01:10:52,883 INFO  server.RaftServerConfigKeys (ConfUtils.java:logGet(43)) - raft.server.log.appender.buffer.element-limit = 1 (custom)
2019-07-14 01:10:52,883 INFO  grpc.GrpcConfigKeys$Server (ConfUtils.java:logGet(43)) - raft.grpc.server.leader.outstanding.appends.max = 128 (default)
2019-07-14 01:10:52,883 INFO  server.RaftServerConfigKeys (ConfUtils.java:logGet(43)) - raft.server.rpc.request.timeout = 3000ms (default)
2019-07-14 01:10:52,886 INFO  impl.FollowerState (FollowerState.java:run(106)) - d1587925-a911-45c7-ac20-8a6df57d1292:group-CDD9CB9C1B49 changes to CANDIDATE, lastRpcTime:5196, electionTimeout:5194ms
2019-07-14 01:10:52,886 INFO  server.RaftServerConfigKeys (ConfUtils.java:logGet(43)) - raft.server.log.appender.install.snapshot.enabled = false (custom)
2019-07-14 01:10:52,886 INFO  impl.RoleInfo (RoleInfo.java:shutdownFollowerState(121)) - d1587925-a911-45c7-ac20-8a6df57d1292: shutdown FollowerState
2019-07-14 01:10:52,886 INFO  server.RaftServerConfigKeys (ConfUtils.java:logGet(43)) - raft.server.log.appender.snapshot.chunk.size.max = 16MB (=16777216) (default)
2019-07-14 01:10:52,887 INFO  impl.RaftServerImpl (RaftServerImpl.java:setRole(171)) - d1587925-a911-45c7-ac20-8a6df57d1292:group-CDD9CB9C1B49 changes role from FOLLOWER to CANDIDATE at term 0 for changeToCandidate
2019-07-14 01:10:52,887 INFO  server.RaftServerConfigKeys (ConfUtils.java:logGet(43)) - raft.server.log.appender.buffer.byte-limit = 33554432 (custom)
2019-07-14 01:10:52,887 INFO  impl.RoleInfo (RoleInfo.java:updateAndGet(143)) - d1587925-a911-45c7-ac20-8a6df57d1292: start LeaderElection
2019-07-14 01:10:52,887 INFO  server.RaftServerConfigKeys (ConfUtils.java:logGet(43)) - raft.server.log.appender.buffer.element-limit = 1 (custom)
2019-07-14 01:10:52,887 INFO  grpc.GrpcConfigKeys$Server (ConfUtils.java:logGet(43)) - raft.grpc.server.leader.outstanding.appends.max = 128 (default)
2019-07-14 01:10:52,890 INFO  server.RaftServerConfigKeys (ConfUtils.java:logGet(43)) - raft.server.rpc.request.timeout = 3000ms (default)
2019-07-14 01:10:52,890 INFO  server.RaftServerConfigKeys (ConfUtils.java:logGet(43)) - raft.server.log.appender.install.snapshot.enabled = false (custom)
2019-07-14 01:10:52,890 INFO  impl.RoleInfo (RoleInfo.java:updateAndGet(143)) - d278cd0f-199e-431f-8b12-f3d669e45104: start LeaderState
2019-07-14 01:10:52,890 INFO  segmented.SegmentedRaftLogWorker (SegmentedRaftLogWorker.java:startLogSegment(380)) - d278cd0f-199e-431f-8b12-f3d669e45104-SegmentedRaftLogWorker:Storage Directory /tmp/workdir/hadoop-ozone/integration-test/target/test-dir/MiniOzoneClusterImpl-ba13c149-e692-4896-a6a2-c6a85364206c/datanode-3/data/ratis/e5e2a92d-8647-498b-b81d-38a362f06419: Starting segment from index:0
2019-07-14 01:10:52,891 INFO  impl.RaftServerImpl (ServerState.java:setRaftConf(361)) - d278cd0f-199e-431f-8b12-f3d669e45104:group-38A362F06419 set configuration 0: [729cc98b-57a4-4371-b814-2b10682e9198:192.168.157.230:44283, d278cd0f-199e-431f-8b12-f3d669e45104:192.168.157.230:35736, d1587925-a911-45c7-ac20-8a6df57d1292:192.168.157.230:43222], old=null at 0
2019-07-14 01:10:52,913 INFO  impl.RaftServerImpl (RaftServerImpl.java:requestVote(754)) - d278cd0f-199e-431f-8b12-f3d669e45104-LEADER: Withhold vote from candidate d1587925-a911-45c7-ac20-8a6df57d1292 with term 1. State: leader=d278cd0f-199e-431f-8b12-f3d669e45104, term=1, lastRpcElapsed=null
2019-07-14 01:10:52,913 INFO  impl.LeaderElection (LeaderElection.java:askForVotes(181)) - d1587925-a911-45c7-ac20-8a6df57d1292:group-CDD9CB9C1B49:LeaderElection77: begin an election at term 1 for -1: [d1587925-a911-45c7-ac20-8a6df57d1292:192.168.157.230:43222], old=null
2019-07-14 01:10:52,914 INFO  impl.RoleInfo (RoleInfo.java:shutdownLeaderElection(134)) - d1587925-a911-45c7-ac20-8a6df57d1292: shutdown LeaderElection
2019-07-14 01:10:52,914 INFO  impl.RaftServerImpl (RaftServerImpl.java:setRole(171)) - d1587925-a911-45c7-ac20-8a6df57d1292:group-CDD9CB9C1B49 changes role from CANDIDATE to LEADER at term 1 for changeToLeader
2019-07-14 01:10:52,914 INFO  impl.RaftServerImpl (ServerState.java:setLeader(263)) - d1587925-a911-45c7-ac20-8a6df57d1292:group-CDD9CB9C1B49 change Leader from null to d1587925-a911-45c7-ac20-8a6df57d1292 at term 1 for becomeLeader, leader elected after 5228ms
2019-07-14 01:10:52,919 INFO  server.RaftServerConfigKeys (ConfUtils.java:logGet(43)) - raft.server.staging.catchup.gap = 1000 (default)
2019-07-14 01:10:52,919 INFO  impl.FollowerState (FollowerState.java:run(106)) - 463a6fc8-38e8-4c1e-8d3c-1d0a27c7509c:group-682C52D51CD2 changes to CANDIDATE, lastRpcTime:5031, electionTimeout:5030ms
2019-07-14 01:10:52,919 INFO  server.RaftServerConfigKeys (ConfUtils.java:logGet(43)) - raft.server.rpc.sleep.time = 25ms (default)
2019-07-14 01:10:52,919 INFO  impl.RaftServerImpl (RaftServerImpl.java:setRole(171)) - d1587925-a911-45c7-ac20-8a6df57d1292:group-38A362F06419 changes role from CANDIDATE to FOLLOWER at term 1 for appendEntries
2019-07-14 01:10:52,919 INFO  impl.RoleInfo (RoleInfo.java:shutdownFollowerState(121)) - 463a6fc8-38e8-4c1e-8d3c-1d0a27c7509c: shutdown FollowerState
2019-07-14 01:10:52,922 INFO  impl.RaftServerImpl (RaftServerImpl.java:setRole(171)) - 463a6fc8-38e8-4c1e-8d3c-1d0a27c7509c:group-682C52D51CD2 changes role from FOLLOWER to CANDIDATE at term 0 for changeToCandidate
2019-07-14 01:10:52,922 INFO  impl.RoleInfo (RoleInfo.java:shutdownLeaderElection(134)) - d1587925-a911-45c7-ac20-8a6df57d1292: shutdown LeaderElection
2019-07-14 01:10:52,922 INFO  segmented.SegmentedRaftLogWorker (SegmentedRaftLogWorker.java:execute(569)) - d278cd0f-199e-431f-8b12-f3d669e45104-SegmentedRaftLogWorker:Storage Directory /tmp/workdir/hadoop-ozone/integration-test/target/test-dir/MiniOzoneClusterImpl-ba13c149-e692-4896-a6a2-c6a85364206c/datanode-3/data/ratis/e5e2a92d-8647-498b-b81d-38a362f06419: created new log segment /tmp/workdir/hadoop-ozone/integration-test/target/test-dir/MiniOzoneClusterImpl-ba13c149-e692-4896-a6a2-c6a85364206c/datanode-3/data/ratis/e5e2a92d-8647-498b-b81d-38a362f06419/current/log_inprogress_0
2019-07-14 01:10:52,922 INFO  server.RaftServerConfigKeys (ConfUtils.java:logGet(43)) - raft.server.write.element-limit = 4096 (default)
2019-07-14 01:10:52,922 INFO  impl.LeaderElection (LeaderElection.java:logAndReturn(56)) - d1587925-a911-45c7-ac20-8a6df57d1292:group-38A362F06419:LeaderElection76: Election REJECTED; received 2 response(s) [d1587925-a911-45c7-ac20-8a6df57d1292<-729cc98b-57a4-4371-b814-2b10682e9198#0:FAIL-t1, d1587925-a911-45c7-ac20-8a6df57d1292<-d278cd0f-199e-431f-8b12-f3d669e45104#0:FAIL-t1] and 0 exception(s); d1587925-a911-45c7-ac20-8a6df57d1292:t1, leader=null, voted=d1587925-a911-45c7-ac20-8a6df57d1292, raftlog=d1587925-a911-45c7-ac20-8a6df57d1292-SegmentedRaftLog:OPENED:c-1,f-1,i0, conf=-1: [729cc98b-57a4-4371-b814-2b10682e9198:192.168.157.230:44283, d278cd0f-199e-431f-8b12-f3d669e45104:192.168.157.230:35736, d1587925-a911-45c7-ac20-8a6df57d1292:192.168.157.230:43222], old=null
2019-07-14 01:10:52,921 INFO  impl.RaftServerImpl (ServerState.java:setLeader(263)) - 729cc98b-57a4-4371-b814-2b10682e9198:group-38A362F06419 change Leader from null to d278cd0f-199e-431f-8b12-f3d669e45104 at term 1 for appendEntries, leader elected after 5182ms
2019-07-14 01:10:52,923 INFO  server.RaftServerConfigKeys (ConfUtils.java:logGet(43)) - raft.server.watch.timeout = 10s (default)
2019-07-14 01:10:52,922 INFO  impl.RoleInfo (RoleInfo.java:updateAndGet(143)) - d1587925-a911-45c7-ac20-8a6df57d1292: start FollowerState
2019-07-14 01:10:52,922 INFO  impl.RoleInfo (RoleInfo.java:updateAndGet(143)) - 463a6fc8-38e8-4c1e-8d3c-1d0a27c7509c: start LeaderElection
2019-07-14 01:10:52,923 INFO  server.RaftServerConfigKeys (ConfUtils.java:logGet(43)) - raft.server.watch.timeout.denomination = 1s (default)
2019-07-14 01:10:52,924 INFO  impl.RaftServerImpl (ServerState.java:setLeader(263)) - d1587925-a911-45c7-ac20-8a6df57d1292:group-38A362F06419 change Leader from null to d278cd0f-199e-431f-8b12-f3d669e45104 at term 1 for appendEntries, leader elected after 5183ms
2019-07-14 01:10:52,924 INFO  server.RaftServerConfigKeys (ConfUtils.java:logGet(43)) - raft.server.watch.element-limit = 65536 (default)
2019-07-14 01:10:52,927 INFO  impl.RoleInfo (RoleInfo.java:updateAndGet(143)) - d1587925-a911-45c7-ac20-8a6df57d1292: start LeaderState
2019-07-14 01:10:52,927 INFO  segmented.SegmentedRaftLogWorker (SegmentedRaftLogWorker.java:startLogSegment(380)) - d1587925-a911-45c7-ac20-8a6df57d1292-SegmentedRaftLogWorker:Storage Directory /tmp/workdir/hadoop-ozone/integration-test/target/test-dir/MiniOzoneClusterImpl-ba13c149-e692-4896-a6a2-c6a85364206c/datanode-5/data/ratis/e1c3d569-3766-45c3-ad35-cdd9cb9c1b49: Starting segment from index:0
2019-07-14 01:10:52,927 INFO  impl.RaftServerImpl (ServerState.java:setRaftConf(361)) - d1587925-a911-45c7-ac20-8a6df57d1292:group-CDD9CB9C1B49 set configuration 0: [d1587925-a911-45c7-ac20-8a6df57d1292:192.168.157.230:43222], old=null at 0
2019-07-14 01:10:52,947 INFO  impl.RaftServerImpl (ServerState.java:setRaftConf(361)) - 729cc98b-57a4-4371-b814-2b10682e9198:group-38A362F06419 set configuration 0: [729cc98b-57a4-4371-b814-2b10682e9198:192.168.157.230:44283, d278cd0f-199e-431f-8b12-f3d669e45104:192.168.157.230:35736, d1587925-a911-45c7-ac20-8a6df57d1292:192.168.157.230:43222], old=null at 0
2019-07-14 01:10:52,947 INFO  impl.LeaderElection (LeaderElection.java:askForVotes(181)) - 463a6fc8-38e8-4c1e-8d3c-1d0a27c7509c:group-682C52D51CD2:LeaderElection78: begin an election at term 1 for -1: [463a6fc8-38e8-4c1e-8d3c-1d0a27c7509c:192.168.157.230:45852], old=null
2019-07-14 01:10:52,948 INFO  segmented.SegmentedRaftLogWorker (SegmentedRaftLogWorker.java:startLogSegment(380)) - 729cc98b-57a4-4371-b814-2b10682e9198-SegmentedRaftLogWorker:Storage Directory /tmp/workdir/hadoop-ozone/integration-test/target/test-dir/MiniOzoneClusterImpl-ba13c149-e692-4896-a6a2-c6a85364206c/datanode-4/data/ratis/e5e2a92d-8647-498b-b81d-38a362f06419: Starting segment from index:0
2019-07-14 01:10:52,948 INFO  impl.RoleInfo (RoleInfo.java:shutdownLeaderElection(134)) - 463a6fc8-38e8-4c1e-8d3c-1d0a27c7509c: shutdown LeaderElection
2019-07-14 01:10:52,948 INFO  impl.RaftServerImpl (ServerState.java:setRaftConf(361)) - d1587925-a911-45c7-ac20-8a6df57d1292:group-38A362F06419 set configuration 0: [729cc98b-57a4-4371-b814-2b10682e9198:192.168.157.230:44283, d278cd0f-199e-431f-8b12-f3d669e45104:192.168.157.230:35736, d1587925-a911-45c7-ac20-8a6df57d1292:192.168.157.230:43222], old=null at 0
2019-07-14 01:10:52,948 INFO  impl.RaftServerImpl (RaftServerImpl.java:setRole(171)) - 463a6fc8-38e8-4c1e-8d3c-1d0a27c7509c:group-682C52D51CD2 changes role from CANDIDATE to LEADER at term 1 for changeToLeader
2019-07-14 01:10:52,948 INFO  segmented.SegmentedRaftLogWorker (SegmentedRaftLogWorker.java:startLogSegment(380)) - d1587925-a911-45c7-ac20-8a6df57d1292-SegmentedRaftLogWorker:Storage Directory /tmp/workdir/hadoop-ozone/integration-test/target/test-dir/MiniOzoneClusterImpl-ba13c149-e692-4896-a6a2-c6a85364206c/datanode-5/data/ratis/e5e2a92d-8647-498b-b81d-38a362f06419: Starting segment from index:0
2019-07-14 01:10:52,949 INFO  impl.RaftServerImpl (ServerState.java:setLeader(263)) - 463a6fc8-38e8-4c1e-8d3c-1d0a27c7509c:group-682C52D51CD2 change Leader from null to 463a6fc8-38e8-4c1e-8d3c-1d0a27c7509c at term 1 for becomeLeader, leader elected after 5065ms
2019-07-14 01:10:52,967 INFO  server.RaftServerConfigKeys (ConfUtils.java:logGet(43)) - raft.server.staging.catchup.gap = 1000 (default)
2019-07-14 01:10:52,967 INFO  segmented.SegmentedRaftLogWorker (SegmentedRaftLogWorker.java:execute(569)) - d1587925-a911-45c7-ac20-8a6df57d1292-SegmentedRaftLogWorker:Storage Directory /tmp/workdir/hadoop-ozone/integration-test/target/test-dir/MiniOzoneClusterImpl-ba13c149-e692-4896-a6a2-c6a85364206c/datanode-5/data/ratis/e1c3d569-3766-45c3-ad35-cdd9cb9c1b49: created new log segment /tmp/workdir/hadoop-ozone/integration-test/target/test-dir/MiniOzoneClusterImpl-ba13c149-e692-4896-a6a2-c6a85364206c/datanode-5/data/ratis/e1c3d569-3766-45c3-ad35-cdd9cb9c1b49/current/log_inprogress_0
2019-07-14 01:10:52,967 INFO  server.RaftServerConfigKeys (ConfUtils.java:logGet(43)) - raft.server.rpc.sleep.time = 25ms (default)
2019-07-14 01:10:52,968 INFO  server.RaftServerConfigKeys (ConfUtils.java:logGet(43)) - raft.server.write.element-limit = 4096 (default)
2019-07-14 01:10:52,968 INFO  server.RaftServerConfigKeys (ConfUtils.java:logGet(43)) - raft.server.watch.timeout = 10s (default)
2019-07-14 01:10:52,968 INFO  server.RaftServerConfigKeys (ConfUtils.java:logGet(43)) - raft.server.watch.timeout.denomination = 1s (default)
2019-07-14 01:10:52,968 INFO  server.RaftServerConfigKeys (ConfUtils.java:logGet(43)) - raft.server.watch.element-limit = 65536 (default)
2019-07-14 01:10:52,968 INFO  impl.RoleInfo (RoleInfo.java:updateAndGet(143)) - 463a6fc8-38e8-4c1e-8d3c-1d0a27c7509c: start LeaderState
2019-07-14 01:10:52,968 INFO  segmented.SegmentedRaftLogWorker (SegmentedRaftLogWorker.java:startLogSegment(380)) - 463a6fc8-38e8-4c1e-8d3c-1d0a27c7509c-SegmentedRaftLogWorker:Storage Directory /tmp/workdir/hadoop-ozone/integration-test/target/test-dir/MiniOzoneClusterImpl-ba13c149-e692-4896-a6a2-c6a85364206c/datanode-6/data/ratis/96f0af00-5fa5-49b9-b0d6-682c52d51cd2: Starting segment from index:0
2019-07-14 01:10:52,969 INFO  impl.RaftServerImpl (ServerState.java:setRaftConf(361)) - 463a6fc8-38e8-4c1e-8d3c-1d0a27c7509c:group-682C52D51CD2 set configuration 0: [463a6fc8-38e8-4c1e-8d3c-1d0a27c7509c:192.168.157.230:45852], old=null at 0
2019-07-14 01:10:52,991 INFO  segmented.SegmentedRaftLogWorker (SegmentedRaftLogWorker.java:execute(569)) - 729cc98b-57a4-4371-b814-2b10682e9198-SegmentedRaftLogWorker:Storage Directory /tmp/workdir/hadoop-ozone/integration-test/target/test-dir/MiniOzoneClusterImpl-ba13c149-e692-4896-a6a2-c6a85364206c/datanode-4/data/ratis/e5e2a92d-8647-498b-b81d-38a362f06419: created new log segment /tmp/workdir/hadoop-ozone/integration-test/target/test-dir/MiniOzoneClusterImpl-ba13c149-e692-4896-a6a2-c6a85364206c/datanode-4/data/ratis/e5e2a92d-8647-498b-b81d-38a362f06419/current/log_inprogress_0
2019-07-14 01:10:53,005 INFO  segmented.SegmentedRaftLogWorker (SegmentedRaftLogWorker.java:execute(569)) - d1587925-a911-45c7-ac20-8a6df57d1292-SegmentedRaftLogWorker:Storage Directory /tmp/workdir/hadoop-ozone/integration-test/target/test-dir/MiniOzoneClusterImpl-ba13c149-e692-4896-a6a2-c6a85364206c/datanode-5/data/ratis/e5e2a92d-8647-498b-b81d-38a362f06419: created new log segment /tmp/workdir/hadoop-ozone/integration-test/target/test-dir/MiniOzoneClusterImpl-ba13c149-e692-4896-a6a2-c6a85364206c/datanode-5/data/ratis/e5e2a92d-8647-498b-b81d-38a362f06419/current/log_inprogress_0
2019-07-14 01:10:53,005 INFO  segmented.SegmentedRaftLogWorker (SegmentedRaftLogWorker.java:execute(569)) - 463a6fc8-38e8-4c1e-8d3c-1d0a27c7509c-SegmentedRaftLogWorker:Storage Directory /tmp/workdir/hadoop-ozone/integration-test/target/test-dir/MiniOzoneClusterImpl-ba13c149-e692-4896-a6a2-c6a85364206c/datanode-6/data/ratis/96f0af00-5fa5-49b9-b0d6-682c52d51cd2: created new log segment /tmp/workdir/hadoop-ozone/integration-test/target/test-dir/MiniOzoneClusterImpl-ba13c149-e692-4896-a6a2-c6a85364206c/datanode-6/data/ratis/96f0af00-5fa5-49b9-b0d6-682c52d51cd2/current/log_inprogress_0
2019-07-14 01:10:53,113 INFO  client.GrpcClientProtocolClient (GrpcClientProtocolClient.java:onNext(255)) - client-72E4656B44CE->f3eac508-6af5-4edc-add6-c410547da8f4: receive RaftClientReply:client-72E4656B44CE->f3eac508-6af5-4edc-add6-c410547da8f4@group-85B96BD01710, cid=199, SUCCESS, logIndex=1, commits[f3eac508-6af5-4edc-add6-c410547da8f4:c1, 5d27a16c-da1a-4f85-bf61-26cd87951759:c0, 9478bc8e-041d-426e-9c77-bbfdf70f4392:c0]
2019-07-14 01:10:53,138 INFO  client.GrpcClientProtocolClient (GrpcClientProtocolClient.java:onNext(255)) - client-72E4656B44CE->f3eac508-6af5-4edc-add6-c410547da8f4: receive RaftClientReply:client-72E4656B44CE->f3eac508-6af5-4edc-add6-c410547da8f4@group-85B96BD01710, cid=200, SUCCESS, logIndex=3, commits[f3eac508-6af5-4edc-add6-c410547da8f4:c4, 5d27a16c-da1a-4f85-bf61-26cd87951759:c2, 9478bc8e-041d-426e-9c77-bbfdf70f4392:c2]
2019-07-14 01:10:53,180 INFO  client.GrpcClientProtocolClient (GrpcClientProtocolClient.java:onNext(255)) - client-72E4656B44CE->f3eac508-6af5-4edc-add6-c410547da8f4: receive RaftClientReply:client-72E4656B44CE->f3eac508-6af5-4edc-add6-c410547da8f4@group-85B96BD01710, cid=201, SUCCESS, logIndex=4, commits[f3eac508-6af5-4edc-add6-c410547da8f4:c6, 5d27a16c-da1a-4f85-bf61-26cd87951759:c4, 9478bc8e-041d-426e-9c77-bbfdf70f4392:c4]
2019-07-14 01:10:53,181 INFO  container.CloseContainerEventHandler (CloseContainerEventHandler.java:onMessage(61)) - Close container Event triggered for container : #1
2019-07-14 01:10:53,182 INFO  container.CloseContainerEventHandler (CloseContainerEventHandler.java:onMessage(61)) - Close container Event triggered for container : #1
2019-07-14 01:10:53,182 INFO  container.CloseContainerEventHandler (CloseContainerEventHandler.java:onMessage(61)) - Close container Event triggered for container : #1
2019-07-14 01:10:55,161 INFO  interfaces.Container (KeyValueContainer.java:compactDB(356)) - Container 1 is closed with bcsId 4.
2019-07-14 01:10:55,178 INFO  interfaces.Container (KeyValueContainer.java:compactDB(356)) - Container 1 is closed with bcsId 4.
01:10:55.185 [grpc-default-executor-6] ERROR DNAudit - user=null | ip=null | op=WRITE_CHUNK {blockData=conID: 1 locID: 102437135902900240 bcsId: 4} | ret=FAILURE
org.apache.hadoop.hdds.scm.container.common.helpers.ContainerNotOpenException: Container 1 in CLOSED state
	at org.apache.hadoop.ozone.container.common.impl.HddsDispatcher.validateContainerCommand(HddsDispatcher.java:408) ~[hadoop-hdds-container-service-0.5.0-SNAPSHOT.jar:?]
	at org.apache.hadoop.ozone.container.common.transport.server.ratis.ContainerStateMachine.startTransaction(ContainerStateMachine.java:271) ~[hadoop-hdds-container-service-0.5.0-SNAPSHOT.jar:?]
	at org.apache.ratis.server.impl.RaftServerImpl.submitClientRequestAsync(RaftServerImpl.java:566) ~[ratis-server-0.4.0-2337318-SNAPSHOT.jar:0.4.0-2337318-SNAPSHOT]
	at org.apache.ratis.server.impl.RaftServerProxy.lambda$submitClientRequestAsync$7(RaftServerProxy.java:333) ~[ratis-server-0.4.0-2337318-SNAPSHOT.jar:0.4.0-2337318-SNAPSHOT]
	at org.apache.ratis.server.impl.RaftServerProxy.lambda$null$5(RaftServerProxy.java:328) ~[ratis-server-0.4.0-2337318-SNAPSHOT.jar:0.4.0-2337318-SNAPSHOT]
	at org.apache.ratis.util.JavaUtils.callAsUnchecked(JavaUtils.java:109) ~[ratis-common-0.4.0-2337318-SNAPSHOT.jar:0.4.0-2337318-SNAPSHOT]
	at org.apache.ratis.server.impl.RaftServerProxy.lambda$submitRequest$6(RaftServerProxy.java:328) ~[ratis-server-0.4.0-2337318-SNAPSHOT.jar:0.4.0-2337318-SNAPSHOT]
	at java.util.concurrent.CompletableFuture.uniComposeStage(CompletableFuture.java:981) ~[?:1.8.0_212]
	at java.util.concurrent.CompletableFuture.thenCompose(CompletableFuture.java:2124) ~[?:1.8.0_212]
	at org.apache.ratis.server.impl.RaftServerProxy.submitRequest(RaftServerProxy.java:327) ~[ratis-server-0.4.0-2337318-SNAPSHOT.jar:0.4.0-2337318-SNAPSHOT]
	at org.apache.ratis.server.impl.RaftServerProxy.submitClientRequestAsync(RaftServerProxy.java:333) ~[ratis-server-0.4.0-2337318-SNAPSHOT.jar:0.4.0-2337318-SNAPSHOT]
	at org.apache.ratis.grpc.client.GrpcClientProtocolService$RequestStreamObserver.processClientRequest(GrpcClientProtocolService.java:220) ~[ratis-grpc-0.4.0-2337318-SNAPSHOT.jar:0.4.0-2337318-SNAPSHOT]
	at org.apache.ratis.grpc.client.GrpcClientProtocolService$OrderedRequestStreamObserver.processClientRequest(GrpcClientProtocolService.java:326) ~[ratis-grpc-0.4.0-2337318-SNAPSHOT.jar:0.4.0-2337318-SNAPSHOT]
	at org.apache.ratis.util.SlidingWindow$Server.processRequestsFromHead(SlidingWindow.java:429) [ratis-common-0.4.0-2337318-SNAPSHOT.jar:0.4.0-2337318-SNAPSHOT]
	at org.apache.ratis.util.SlidingWindow$Server.receivedRequest(SlidingWindow.java:421) [ratis-common-0.4.0-2337318-SNAPSHOT.jar:0.4.0-2337318-SNAPSHOT]
	at org.apache.ratis.grpc.client.GrpcClientProtocolService$OrderedRequestStreamObserver.processClientRequest(GrpcClientProtocolService.java:345) [ratis-grpc-0.4.0-2337318-SNAPSHOT.jar:0.4.0-2337318-SNAPSHOT]
	at org.apache.ratis.grpc.client.GrpcClientProtocolService$RequestStreamObserver.onNext(GrpcClientProtocolService.java:240) [ratis-grpc-0.4.0-2337318-SNAPSHOT.jar:0.4.0-2337318-SNAPSHOT]
	at org.apache.ratis.grpc.client.GrpcClientProtocolService$RequestStreamObserver.onNext(GrpcClientProtocolService.java:168) [ratis-grpc-0.4.0-2337318-SNAPSHOT.jar:0.4.0-2337318-SNAPSHOT]
	at org.apache.ratis.thirdparty.io.grpc.stub.ServerCalls$StreamingServerCallHandler$StreamingServerCallListener.onMessage(ServerCalls.java:248) [ratis-thirdparty-misc-0.2.0.jar:0.2.0]
	at org.apache.ratis.thirdparty.io.grpc.internal.ServerCallImpl$ServerStreamListenerImpl.messagesAvailable(ServerCallImpl.java:263) [ratis-thirdparty-misc-0.2.0.jar:0.2.0]
	at org.apache.ratis.thirdparty.io.grpc.internal.ServerImpl$JumpToApplicationThreadServerStreamListener$1MessagesAvailable.runInContext(ServerImpl.java:686) [ratis-thirdparty-misc-0.2.0.jar:0.2.0]
	at org.apache.ratis.thirdparty.io.grpc.internal.ContextRunnable.run(ContextRunnable.java:37) [ratis-thirdparty-misc-0.2.0.jar:0.2.0]
	at org.apache.ratis.thirdparty.io.grpc.internal.SerializingExecutor.run(SerializingExecutor.java:123) [ratis-thirdparty-misc-0.2.0.jar:0.2.0]
	at java.util.concurrent.ThreadPoolExecutor.runWorker(ThreadPoolExecutor.java:1149) [?:1.8.0_212]
	at java.util.concurrent.ThreadPoolExecutor$Worker.run(ThreadPoolExecutor.java:624) [?:1.8.0_212]
	at java.lang.Thread.run(Thread.java:748) [?:1.8.0_212]
2019-07-14 01:10:55,191 INFO  interfaces.Container (KeyValueContainer.java:compactDB(356)) - Container 1 is closed with bcsId 4.
01:10:55.193 [grpc-default-executor-6] ERROR DNAudit - user=null | ip=null | op=WRITE_CHUNK {blockData=conID: 1 locID: 102437135902900240 bcsId: 4} | ret=FAILURE
org.apache.hadoop.hdds.scm.container.common.helpers.ContainerNotOpenException: Container 1 in CLOSED state
	at org.apache.hadoop.ozone.container.common.impl.HddsDispatcher.validateContainerCommand(HddsDispatcher.java:408) ~[hadoop-hdds-container-service-0.5.0-SNAPSHOT.jar:?]
	at org.apache.hadoop.ozone.container.common.transport.server.ratis.ContainerStateMachine.startTransaction(ContainerStateMachine.java:271) ~[hadoop-hdds-container-service-0.5.0-SNAPSHOT.jar:?]
	at org.apache.ratis.server.impl.RaftServerImpl.submitClientRequestAsync(RaftServerImpl.java:566) ~[ratis-server-0.4.0-2337318-SNAPSHOT.jar:0.4.0-2337318-SNAPSHOT]
	at org.apache.ratis.server.impl.RaftServerProxy.lambda$submitClientRequestAsync$7(RaftServerProxy.java:333) ~[ratis-server-0.4.0-2337318-SNAPSHOT.jar:0.4.0-2337318-SNAPSHOT]
	at org.apache.ratis.server.impl.RaftServerProxy.lambda$null$5(RaftServerProxy.java:328) ~[ratis-server-0.4.0-2337318-SNAPSHOT.jar:0.4.0-2337318-SNAPSHOT]
	at org.apache.ratis.util.JavaUtils.callAsUnchecked(JavaUtils.java:109) ~[ratis-common-0.4.0-2337318-SNAPSHOT.jar:0.4.0-2337318-SNAPSHOT]
	at org.apache.ratis.server.impl.RaftServerProxy.lambda$submitRequest$6(RaftServerProxy.java:328) ~[ratis-server-0.4.0-2337318-SNAPSHOT.jar:0.4.0-2337318-SNAPSHOT]
	at java.util.concurrent.CompletableFuture.uniComposeStage(CompletableFuture.java:981) ~[?:1.8.0_212]
	at java.util.concurrent.CompletableFuture.thenCompose(CompletableFuture.java:2124) ~[?:1.8.0_212]
	at org.apache.ratis.server.impl.RaftServerProxy.submitRequest(RaftServerProxy.java:327) ~[ratis-server-0.4.0-2337318-SNAPSHOT.jar:0.4.0-2337318-SNAPSHOT]
	at org.apache.ratis.server.impl.RaftServerProxy.submitClientRequestAsync(RaftServerProxy.java:333) ~[ratis-server-0.4.0-2337318-SNAPSHOT.jar:0.4.0-2337318-SNAPSHOT]
	at org.apache.ratis.grpc.client.GrpcClientProtocolService$RequestStreamObserver.processClientRequest(GrpcClientProtocolService.java:220) ~[ratis-grpc-0.4.0-2337318-SNAPSHOT.jar:0.4.0-2337318-SNAPSHOT]
	at org.apache.ratis.grpc.client.GrpcClientProtocolService$OrderedRequestStreamObserver.processClientRequest(GrpcClientProtocolService.java:326) ~[ratis-grpc-0.4.0-2337318-SNAPSHOT.jar:0.4.0-2337318-SNAPSHOT]
	at org.apache.ratis.util.SlidingWindow$Server.processRequestsFromHead(SlidingWindow.java:429) [ratis-common-0.4.0-2337318-SNAPSHOT.jar:0.4.0-2337318-SNAPSHOT]
	at org.apache.ratis.util.SlidingWindow$Server.receivedRequest(SlidingWindow.java:421) [ratis-common-0.4.0-2337318-SNAPSHOT.jar:0.4.0-2337318-SNAPSHOT]
	at org.apache.ratis.grpc.client.GrpcClientProtocolService$OrderedRequestStreamObserver.processClientRequest(GrpcClientProtocolService.java:345) [ratis-grpc-0.4.0-2337318-SNAPSHOT.jar:0.4.0-2337318-SNAPSHOT]
	at org.apache.ratis.grpc.client.GrpcClientProtocolService$RequestStreamObserver.onNext(GrpcClientProtocolService.java:240) [ratis-grpc-0.4.0-2337318-SNAPSHOT.jar:0.4.0-2337318-SNAPSHOT]
	at org.apache.ratis.grpc.client.GrpcClientProtocolService$RequestStreamObserver.onNext(GrpcClientProtocolService.java:168) [ratis-grpc-0.4.0-2337318-SNAPSHOT.jar:0.4.0-2337318-SNAPSHOT]
	at org.apache.ratis.thirdparty.io.grpc.stub.ServerCalls$StreamingServerCallHandler$StreamingServerCallListener.onMessage(ServerCalls.java:248) [ratis-thirdparty-misc-0.2.0.jar:0.2.0]
	at org.apache.ratis.thirdparty.io.grpc.internal.ServerCallImpl$ServerStreamListenerImpl.messagesAvailable(ServerCallImpl.java:263) [ratis-thirdparty-misc-0.2.0.jar:0.2.0]
	at org.apache.ratis.thirdparty.io.grpc.internal.ServerImpl$JumpToApplicationThreadServerStreamListener$1MessagesAvailable.runInContext(ServerImpl.java:686) [ratis-thirdparty-misc-0.2.0.jar:0.2.0]
	at org.apache.ratis.thirdparty.io.grpc.internal.ContextRunnable.run(ContextRunnable.java:37) [ratis-thirdparty-misc-0.2.0.jar:0.2.0]
	at org.apache.ratis.thirdparty.io.grpc.internal.SerializingExecutor.run(SerializingExecutor.java:123) [ratis-thirdparty-misc-0.2.0.jar:0.2.0]
	at java.util.concurrent.ThreadPoolExecutor.runWorker(ThreadPoolExecutor.java:1149) [?:1.8.0_212]
	at java.util.concurrent.ThreadPoolExecutor$Worker.run(ThreadPoolExecutor.java:624) [?:1.8.0_212]
	at java.lang.Thread.run(Thread.java:748) [?:1.8.0_212]
2019-07-14 01:10:55,197 INFO  client.GrpcClientProtocolClient (GrpcClientProtocolClient.java:onNext(255)) - client-72E4656B44CE->f3eac508-6af5-4edc-add6-c410547da8f4: receive RaftClientReply:client-72E4656B44CE->f3eac508-6af5-4edc-add6-c410547da8f4@group-85B96BD01710, cid=202, FAILED org.apache.ratis.protocol.StateMachineException: org.apache.hadoop.hdds.scm.container.common.helpers.ContainerNotOpenException from Server f3eac508-6af5-4edc-add6-c410547da8f4: Container 1 in CLOSED state, logIndex=0, commits[f3eac508-6af5-4edc-add6-c410547da8f4:c8, 5d27a16c-da1a-4f85-bf61-26cd87951759:c7, 9478bc8e-041d-426e-9c77-bbfdf70f4392:c7]
2019-07-14 01:10:55,201 INFO  client.GrpcClientProtocolClient (GrpcClientProtocolClient.java:onNext(255)) - client-72E4656B44CE->f3eac508-6af5-4edc-add6-c410547da8f4: receive RaftClientReply:client-72E4656B44CE->f3eac508-6af5-4edc-add6-c410547da8f4@group-85B96BD01710, cid=203, FAILED org.apache.ratis.protocol.StateMachineException: org.apache.hadoop.hdds.scm.container.common.helpers.ContainerNotOpenException from Server f3eac508-6af5-4edc-add6-c410547da8f4: Container 1 in CLOSED state, logIndex=0, commits[f3eac508-6af5-4edc-add6-c410547da8f4:c8, 5d27a16c-da1a-4f85-bf61-26cd87951759:c7, 9478bc8e-041d-426e-9c77-bbfdf70f4392:c7]
01:10:55.200 [grpc-default-executor-6] ERROR DNAudit - user=null | ip=null | op=PUT_BLOCK {blockData=[blockId=conID: 1 locID: 102437135902900240 bcsId: 0,size=334]} | ret=FAILURE
org.apache.hadoop.hdds.scm.container.common.helpers.ContainerNotOpenException: Container 1 in CLOSED state
	at org.apache.hadoop.ozone.container.common.impl.HddsDispatcher.validateContainerCommand(HddsDispatcher.java:408) ~[hadoop-hdds-container-service-0.5.0-SNAPSHOT.jar:?]
	at org.apache.hadoop.ozone.container.common.transport.server.ratis.ContainerStateMachine.startTransaction(ContainerStateMachine.java:271) ~[hadoop-hdds-container-service-0.5.0-SNAPSHOT.jar:?]
	at org.apache.ratis.server.impl.RaftServerImpl.submitClientRequestAsync(RaftServerImpl.java:566) ~[ratis-server-0.4.0-2337318-SNAPSHOT.jar:0.4.0-2337318-SNAPSHOT]
	at org.apache.ratis.server.impl.RaftServerProxy.lambda$submitClientRequestAsync$7(RaftServerProxy.java:333) ~[ratis-server-0.4.0-2337318-SNAPSHOT.jar:0.4.0-2337318-SNAPSHOT]
	at org.apache.ratis.server.impl.RaftServerProxy.lambda$null$5(RaftServerProxy.java:328) ~[ratis-server-0.4.0-2337318-SNAPSHOT.jar:0.4.0-2337318-SNAPSHOT]
	at org.apache.ratis.util.JavaUtils.callAsUnchecked(JavaUtils.java:109) ~[ratis-common-0.4.0-2337318-SNAPSHOT.jar:0.4.0-2337318-SNAPSHOT]
	at org.apache.ratis.server.impl.RaftServerProxy.lambda$submitRequest$6(RaftServerProxy.java:328) ~[ratis-server-0.4.0-2337318-SNAPSHOT.jar:0.4.0-2337318-SNAPSHOT]
	at java.util.concurrent.CompletableFuture.uniComposeStage(CompletableFuture.java:981) ~[?:1.8.0_212]
	at java.util.concurrent.CompletableFuture.thenCompose(CompletableFuture.java:2124) ~[?:1.8.0_212]
	at org.apache.ratis.server.impl.RaftServerProxy.submitRequest(RaftServerProxy.java:327) ~[ratis-server-0.4.0-2337318-SNAPSHOT.jar:0.4.0-2337318-SNAPSHOT]
	at org.apache.ratis.server.impl.RaftServerProxy.submitClientRequestAsync(RaftServerProxy.java:333) ~[ratis-server-0.4.0-2337318-SNAPSHOT.jar:0.4.0-2337318-SNAPSHOT]
	at org.apache.ratis.grpc.client.GrpcClientProtocolService$RequestStreamObserver.processClientRequest(GrpcClientProtocolService.java:220) ~[ratis-grpc-0.4.0-2337318-SNAPSHOT.jar:0.4.0-2337318-SNAPSHOT]
	at org.apache.ratis.grpc.client.GrpcClientProtocolService$OrderedRequestStreamObserver.processClientRequest(GrpcClientProtocolService.java:326) ~[ratis-grpc-0.4.0-2337318-SNAPSHOT.jar:0.4.0-2337318-SNAPSHOT]
	at org.apache.ratis.util.SlidingWindow$Server.processRequestsFromHead(SlidingWindow.java:429) [ratis-common-0.4.0-2337318-SNAPSHOT.jar:0.4.0-2337318-SNAPSHOT]
	at org.apache.ratis.util.SlidingWindow$Server.receivedRequest(SlidingWindow.java:421) [ratis-common-0.4.0-2337318-SNAPSHOT.jar:0.4.0-2337318-SNAPSHOT]
	at org.apache.ratis.grpc.client.GrpcClientProtocolService$OrderedRequestStreamObserver.processClientRequest(GrpcClientProtocolService.java:345) [ratis-grpc-0.4.0-2337318-SNAPSHOT.jar:0.4.0-2337318-SNAPSHOT]
	at org.apache.ratis.grpc.client.GrpcClientProtocolService$RequestStreamObserver.onNext(GrpcClientProtocolService.java:240) [ratis-grpc-0.4.0-2337318-SNAPSHOT.jar:0.4.0-2337318-SNAPSHOT]
	at org.apache.ratis.grpc.client.GrpcClientProtocolService$RequestStreamObserver.onNext(GrpcClientProtocolService.java:168) [ratis-grpc-0.4.0-2337318-SNAPSHOT.jar:0.4.0-2337318-SNAPSHOT]
	at org.apache.ratis.thirdparty.io.grpc.stub.ServerCalls$StreamingServerCallHandler$StreamingServerCallListener.onMessage(ServerCalls.java:248) [ratis-thirdparty-misc-0.2.0.jar:0.2.0]
	at org.apache.ratis.thirdparty.io.grpc.internal.ServerCallImpl$ServerStreamListenerImpl.messagesAvailable(ServerCallImpl.java:263) [ratis-thirdparty-misc-0.2.0.jar:0.2.0]
	at org.apache.ratis.thirdparty.io.grpc.internal.ServerImpl$JumpToApplicationThreadServerStreamListener$1MessagesAvailable.runInContext(ServerImpl.java:686) [ratis-thirdparty-misc-0.2.0.jar:0.2.0]
	at org.apache.ratis.thirdparty.io.grpc.internal.ContextRunnable.run(ContextRunnable.java:37) [ratis-thirdparty-misc-0.2.0.jar:0.2.0]
	at org.apache.ratis.thirdparty.io.grpc.internal.SerializingExecutor.run(SerializingExecutor.java:123) [ratis-thirdparty-misc-0.2.0.jar:0.2.0]
	at java.util.concurrent.ThreadPoolExecutor.runWorker(ThreadPoolExecutor.java:1149) [?:1.8.0_212]
	at java.util.concurrent.ThreadPoolExecutor$Worker.run(ThreadPoolExecutor.java:624) [?:1.8.0_212]
	at java.lang.Thread.run(Thread.java:748) [?:1.8.0_212]
2019-07-14 01:10:55,208 INFO  client.GrpcClientProtocolClient (GrpcClientProtocolClient.java:onNext(255)) - client-72E4656B44CE->f3eac508-6af5-4edc-add6-c410547da8f4: receive RaftClientReply:client-72E4656B44CE->f3eac508-6af5-4edc-add6-c410547da8f4@group-85B96BD01710, cid=204, FAILED org.apache.ratis.protocol.StateMachineException: org.apache.hadoop.hdds.scm.container.common.helpers.ContainerNotOpenException from Server f3eac508-6af5-4edc-add6-c410547da8f4: Container 1 in CLOSED state, logIndex=0, commits[f3eac508-6af5-4edc-add6-c410547da8f4:c8, 5d27a16c-da1a-4f85-bf61-26cd87951759:c7, 9478bc8e-041d-426e-9c77-bbfdf70f4392:c7]
2019-07-14 01:10:55,237 INFO  client.GrpcClientProtocolClient (GrpcClientProtocolClient.java:onNext(255)) - client-16E3BDEE5B8D->729cc98b-57a4-4371-b814-2b10682e9198: receive RaftClientReply:client-16E3BDEE5B8D->729cc98b-57a4-4371-b814-2b10682e9198@group-38A362F06419, cid=205, FAILED org.apache.ratis.protocol.NotLeaderException: Server 729cc98b-57a4-4371-b814-2b10682e9198 is not the leader (d278cd0f-199e-431f-8b12-f3d669e45104:192.168.157.230:35736). Request must be sent to leader., logIndex=0, commits[729cc98b-57a4-4371-b814-2b10682e9198:c-1, d278cd0f-199e-431f-8b12-f3d669e45104:c-1, d1587925-a911-45c7-ac20-8a6df57d1292:c-1]
2019-07-14 01:10:55,357 INFO  client.GrpcClientProtocolClient (GrpcClientProtocolClient.java:onNext(255)) - client-16E3BDEE5B8D->d278cd0f-199e-431f-8b12-f3d669e45104: receive RaftClientReply:client-16E3BDEE5B8D->d278cd0f-199e-431f-8b12-f3d669e45104@group-38A362F06419, cid=205, SUCCESS, logIndex=1, commits[d278cd0f-199e-431f-8b12-f3d669e45104:c1, 729cc98b-57a4-4371-b814-2b10682e9198:c0, d1587925-a911-45c7-ac20-8a6df57d1292:c0]
2019-07-14 01:10:55,369 INFO  client.GrpcClientProtocolClient (GrpcClientProtocolClient.java:onNext(255)) - client-16E3BDEE5B8D->d278cd0f-199e-431f-8b12-f3d669e45104: receive RaftClientReply:client-16E3BDEE5B8D->d278cd0f-199e-431f-8b12-f3d669e45104@group-38A362F06419, cid=206, SUCCESS, logIndex=3, commits[d278cd0f-199e-431f-8b12-f3d669e45104:c4, 729cc98b-57a4-4371-b814-2b10682e9198:c1, d1587925-a911-45c7-ac20-8a6df57d1292:c1]
2019-07-14 01:10:55,412 INFO  client.GrpcClientProtocolClient (GrpcClientProtocolClient.java:onNext(255)) - client-16E3BDEE5B8D->d278cd0f-199e-431f-8b12-f3d669e45104: receive RaftClientReply:client-16E3BDEE5B8D->d278cd0f-199e-431f-8b12-f3d669e45104@group-38A362F06419, cid=207, SUCCESS, logIndex=4, commits[d278cd0f-199e-431f-8b12-f3d669e45104:c6, 729cc98b-57a4-4371-b814-2b10682e9198:c4, d1587925-a911-45c7-ac20-8a6df57d1292:c4]
2019-07-14 01:10:55,430 INFO  pipeline.Pipeline (Pipeline.java:getProtobufMessage(195)) - Serialize pipeline PipelineID=e5e2a92d-8647-498b-b81d-38a362f06419 with nodesInOrder{ }
2019-07-14 01:10:55,431 INFO  ozone.MiniOzoneClusterImpl (MiniOzoneClusterImpl.java:shutdown(321)) - Shutting down the Mini Ozone Cluster
2019-07-14 01:10:55,432 INFO  ozone.MiniOzoneClusterImpl (MiniOzoneClusterImpl.java:stop(336)) - Stopping the Mini Ozone Cluster
2019-07-14 01:10:55,432 INFO  ozone.MiniOzoneClusterImpl (MiniOzoneClusterImpl.java:stop(338)) - Stopping the OzoneManager
2019-07-14 01:10:55,432 INFO  ipc.Server (Server.java:stop(3082)) - Stopping server on 46381
2019-07-14 01:10:55,443 INFO  ipc.Server (Server.java:run(1185)) - Stopping IPC Server listener on 46381
2019-07-14 01:10:55,462 INFO  ipc.Server (Server.java:run(1319)) - Stopping IPC Server Responder
2019-07-14 01:10:55,462 INFO  utils.BackgroundService (BackgroundService.java:shutdown(148)) - Shutting down service KeyDeletingService
2019-07-14 01:10:55,464 INFO  handler.ContextHandler (ContextHandler.java:doStop(910)) - Stopped o.e.j.w.WebAppContext@78854721{/,null,UNAVAILABLE}{/ozoneManager}
2019-07-14 01:10:55,465 INFO  server.AbstractConnector (AbstractConnector.java:doStop(318)) - Stopped ServerConnector@11759e4a{HTTP/1.1,[http/1.1]}{0.0.0.0:0}
2019-07-14 01:10:55,465 INFO  handler.ContextHandler (ContextHandler.java:doStop(910)) - Stopped o.e.j.s.ServletContextHandler@672710d5{/static,file:///tmp/workdir/hadoop-ozone/integration-test/target/test-classes/webapps/static,UNAVAILABLE}
2019-07-14 01:10:55,466 INFO  handler.ContextHandler (ContextHandler.java:doStop(910)) - Stopped o.e.j.s.ServletContextHandler@5078e308{/logs,file:///tmp/workdir/hadoop-ozone/integration-test/target/log,UNAVAILABLE}
2019-07-14 01:10:55,468 INFO  ozone.MiniOzoneClusterImpl (MiniOzoneClusterImpl.java:stop(344)) - Shutting the HddsDatanodes
2019-07-14 01:10:55,468 INFO  datanode.ObjectStoreHandler (ObjectStoreHandler.java:close(155)) - Closing ObjectStoreHandler.
2019-07-14 01:10:55,468 INFO  datanode.ObjectStoreHandler (ObjectStoreHandler.java:close(155)) - Closing ObjectStoreHandler.
2019-07-14 01:10:55,469 INFO  ozone.HddsDatanodeService (HddsDatanodeService.java:stop(452)) - Stopped plug-in org.apache.hadoop.ozone.web.OzoneHddsDatanodeService@5ae06c93
2019-07-14 01:10:55,469 INFO  ozone.HddsDatanodeService (HddsDatanodeService.java:stop(452)) - Stopped plug-in org.apache.hadoop.ozone.web.OzoneHddsDatanodeService@55a7f0af
2019-07-14 01:10:56,192 INFO  statemachine.DatanodeStateMachine (DatanodeStateMachine.java:lambda$startDaemon$0(350)) - Ozone container server started.
2019-07-14 01:10:56,343 INFO  statemachine.DatanodeStateMachine (DatanodeStateMachine.java:lambda$startDaemon$0(350)) - Ozone container server started.
2019-07-14 01:11:00,272 INFO  node.StaleNodeHandler (StaleNodeHandler.java:onMessage(58)) - Datanode 9478bc8e-041d-426e-9c77-bbfdf70f4392{ip: 192.168.157.230, host: trunk-nightly-sxkq5-3320257302, networkLocation: /default-rack, certSerialId: null} moved to stale state. Finalizing its pipelines [PipelineID=3bae2e3b-0eb8-466b-926f-85b96bd01710, PipelineID=615fd9e7-abe7-48e1-9322-af818f33f4fd]
2019-07-14 01:11:00,272 INFO  pipeline.SCMPipelineManager (SCMPipelineManager.java:finalizeAndDestroyPipeline(309)) - destroying pipeline:Pipeline[ Id: 3bae2e3b-0eb8-466b-926f-85b96bd01710, Nodes: 9478bc8e-041d-426e-9c77-bbfdf70f4392{ip: 192.168.157.230, host: trunk-nightly-sxkq5-3320257302, networkLocation: /default-rack, certSerialId: null}f3eac508-6af5-4edc-add6-c410547da8f4{ip: 192.168.157.230, host: trunk-nightly-sxkq5-3320257302, networkLocation: /default-rack, certSerialId: null}5d27a16c-da1a-4f85-bf61-26cd87951759{ip: 192.168.157.230, host: trunk-nightly-sxkq5-3320257302, networkLocation: /default-rack, certSerialId: null}, Type:RATIS, Factor:THREE, State:OPEN]
2019-07-14 01:11:00,272 INFO  pipeline.PipelineStateManager (PipelineStateManager.java:finalizePipeline(123)) - Pipeline Pipeline[ Id: 3bae2e3b-0eb8-466b-926f-85b96bd01710, Nodes: 9478bc8e-041d-426e-9c77-bbfdf70f4392{ip: 192.168.157.230, host: trunk-nightly-sxkq5-3320257302, networkLocation: /default-rack, certSerialId: null}f3eac508-6af5-4edc-add6-c410547da8f4{ip: 192.168.157.230, host: trunk-nightly-sxkq5-3320257302, networkLocation: /default-rack, certSerialId: null}5d27a16c-da1a-4f85-bf61-26cd87951759{ip: 192.168.157.230, host: trunk-nightly-sxkq5-3320257302, networkLocation: /default-rack, certSerialId: null}, Type:RATIS, Factor:THREE, State:CLOSED] moved to CLOSED state
2019-07-14 01:11:00,273 INFO  pipeline.SCMPipelineManager (SCMPipelineManager.java:finalizeAndDestroyPipeline(309)) - destroying pipeline:Pipeline[ Id: 615fd9e7-abe7-48e1-9322-af818f33f4fd, Nodes: 9478bc8e-041d-426e-9c77-bbfdf70f4392{ip: 192.168.157.230, host: trunk-nightly-sxkq5-3320257302, networkLocation: /default-rack, certSerialId: null}, Type:RATIS, Factor:ONE, State:OPEN]
2019-07-14 01:11:00,273 INFO  pipeline.PipelineStateManager (PipelineStateManager.java:finalizePipeline(123)) - Pipeline Pipeline[ Id: 615fd9e7-abe7-48e1-9322-af818f33f4fd, Nodes: 9478bc8e-041d-426e-9c77-bbfdf70f4392{ip: 192.168.157.230, host: trunk-nightly-sxkq5-3320257302, networkLocation: /default-rack, certSerialId: null}, Type:RATIS, Factor:ONE, State:CLOSED] moved to CLOSED state
2019-07-14 01:11:00,372 INFO  node.StaleNodeHandler (StaleNodeHandler.java:onMessage(58)) - Datanode 729cc98b-57a4-4371-b814-2b10682e9198{ip: 192.168.157.230, host: trunk-nightly-sxkq5-3320257302, networkLocation: /default-rack, certSerialId: null} moved to stale state. Finalizing its pipelines [PipelineID=22548268-b256-4945-931b-05eff18440ae, PipelineID=e5e2a92d-8647-498b-b81d-38a362f06419]
2019-07-14 01:11:00,372 INFO  pipeline.SCMPipelineManager (SCMPipelineManager.java:finalizeAndDestroyPipeline(309)) - destroying pipeline:Pipeline[ Id: 22548268-b256-4945-931b-05eff18440ae, Nodes: 729cc98b-57a4-4371-b814-2b10682e9198{ip: 192.168.157.230, host: trunk-nightly-sxkq5-3320257302, networkLocation: /default-rack, certSerialId: null}, Type:RATIS, Factor:ONE, State:OPEN]
2019-07-14 01:11:00,372 INFO  pipeline.PipelineStateManager (PipelineStateManager.java:finalizePipeline(123)) - Pipeline Pipeline[ Id: 22548268-b256-4945-931b-05eff18440ae, Nodes: 729cc98b-57a4-4371-b814-2b10682e9198{ip: 192.168.157.230, host: trunk-nightly-sxkq5-3320257302, networkLocation: /default-rack, certSerialId: null}, Type:RATIS, Factor:ONE, State:CLOSED] moved to CLOSED state
2019-07-14 01:11:00,372 INFO  pipeline.SCMPipelineManager (SCMPipelineManager.java:finalizeAndDestroyPipeline(309)) - destroying pipeline:Pipeline[ Id: e5e2a92d-8647-498b-b81d-38a362f06419, Nodes: 729cc98b-57a4-4371-b814-2b10682e9198{ip: 192.168.157.230, host: trunk-nightly-sxkq5-3320257302, networkLocation: /default-rack, certSerialId: null}d278cd0f-199e-431f-8b12-f3d669e45104{ip: 192.168.157.230, host: trunk-nightly-sxkq5-3320257302, networkLocation: /default-rack, certSerialId: null}d1587925-a911-45c7-ac20-8a6df57d1292{ip: 192.168.157.230, host: trunk-nightly-sxkq5-3320257302, networkLocation: /default-rack, certSerialId: null}, Type:RATIS, Factor:THREE, State:OPEN]
2019-07-14 01:11:00,372 INFO  pipeline.PipelineStateManager (PipelineStateManager.java:finalizePipeline(123)) - Pipeline Pipeline[ Id: e5e2a92d-8647-498b-b81d-38a362f06419, Nodes: 729cc98b-57a4-4371-b814-2b10682e9198{ip: 192.168.157.230, host: trunk-nightly-sxkq5-3320257302, networkLocation: /default-rack, certSerialId: null}d278cd0f-199e-431f-8b12-f3d669e45104{ip: 192.168.157.230, host: trunk-nightly-sxkq5-3320257302, networkLocation: /default-rack, certSerialId: null}d1587925-a911-45c7-ac20-8a6df57d1292{ip: 192.168.157.230, host: trunk-nightly-sxkq5-3320257302, networkLocation: /default-rack, certSerialId: null}, Type:RATIS, Factor:THREE, State:CLOSED] moved to CLOSED state
2019-07-14 01:11:00,373 INFO  container.CloseContainerEventHandler (CloseContainerEventHandler.java:onMessage(61)) - Close container Event triggered for container : #2
2019-07-14 01:11:00,471 INFO  ozoneimpl.OzoneContainer (OzoneContainer.java:stop(199)) - Attempting to stop container services.
2019-07-14 01:11:00,471 INFO  ozoneimpl.OzoneContainer (OzoneContainer.java:stop(199)) - Attempting to stop container services.
2019-07-14 01:11:00,471 INFO  impl.RaftServerProxy (RaftServerProxy.java:lambda$close$4(314)) - 9478bc8e-041d-426e-9c77-bbfdf70f4392: close
2019-07-14 01:11:00,471 INFO  impl.RaftServerProxy (RaftServerProxy.java:lambda$close$4(314)) - 729cc98b-57a4-4371-b814-2b10682e9198: close
2019-07-14 01:11:00,472 INFO  impl.RaftServerImpl (RaftServerImpl.java:lambda$shutdown$3(245)) - 9478bc8e-041d-426e-9c77-bbfdf70f4392: shutdown group-85B96BD01710
2019-07-14 01:11:00,474 INFO  impl.RaftServerImpl (RaftServerImpl.java:lambda$shutdown$3(245)) - 729cc98b-57a4-4371-b814-2b10682e9198: shutdown group-05EFF18440AE
2019-07-14 01:11:00,474 INFO  util.JmxRegister (JmxRegister.java:unregister(73)) - Successfully un-registered JMX Bean with object name Ratis:service=RaftServer,group=group-85B96BD01710,id=9478bc8e-041d-426e-9c77-bbfdf70f4392
2019-07-14 01:11:00,474 INFO  util.JmxRegister (JmxRegister.java:unregister(73)) - Successfully un-registered JMX Bean with object name Ratis:service=RaftServer,group=group-05EFF18440AE,id=729cc98b-57a4-4371-b814-2b10682e9198
2019-07-14 01:11:00,474 INFO  impl.RoleInfo (RoleInfo.java:shutdownFollowerState(121)) - 9478bc8e-041d-426e-9c77-bbfdf70f4392: shutdown FollowerState
2019-07-14 01:11:00,475 INFO  impl.RoleInfo (RoleInfo.java:shutdownLeaderState(104)) - 729cc98b-57a4-4371-b814-2b10682e9198: shutdown LeaderState
2019-07-14 01:11:00,475 INFO  impl.FollowerState (FollowerState.java:run(114)) - 9478bc8e-041d-426e-9c77-bbfdf70f4392: FollowerState was interrupted: java.lang.InterruptedException: sleep interrupted
2019-07-14 01:11:00,475 INFO  impl.StateMachineUpdater (StateMachineUpdater.java:stopAndJoin(115)) - StateMachineUpdater:9478bc8e-041d-426e-9c77-bbfdf70f4392:group-85B96BD01710: set stopIndex = 8
2019-07-14 01:11:00,475 INFO  ratis.ContainerStateMachine (ContainerStateMachine.java:takeSnapshot(246)) - Taking snapshot at termIndex:(t:1, i:7)
2019-07-14 01:11:00,477 INFO  ratis.ContainerStateMachine (ContainerStateMachine.java:takeSnapshot(250)) - Taking a snapshot to file /tmp/workdir/hadoop-ozone/integration-test/target/test-dir/MiniOzoneClusterImpl-ba13c149-e692-4896-a6a2-c6a85364206c/datanode-1/data/ratis/3bae2e3b-0eb8-466b-926f-85b96bd01710/sm/snapshot.1_7
2019-07-14 01:11:00,475 INFO  impl.PendingRequests (PendingRequests.java:sendNotLeaderResponses(202)) - 729cc98b-57a4-4371-b814-2b10682e9198-PendingRequests: sendNotLeaderResponses
2019-07-14 01:11:00,478 INFO  impl.StateMachineUpdater (StateMachineUpdater.java:stopAndJoin(115)) - StateMachineUpdater:729cc98b-57a4-4371-b814-2b10682e9198:group-05EFF18440AE: set stopIndex = 0
2019-07-14 01:11:00,478 INFO  impl.StateMachineUpdater (StateMachineUpdater.java:takeSnapshot(242)) - StateMachineUpdater:9478bc8e-041d-426e-9c77-bbfdf70f4392:group-85B96BD01710: Took a snapshot at index 7
2019-07-14 01:11:00,478 INFO  impl.StateMachineUpdater (StateMachineUpdater.java:lambda$new$0(80)) - StateMachineUpdater:9478bc8e-041d-426e-9c77-bbfdf70f4392:group-85B96BD01710: snapshotIndex: updateIncreasingly -1 -> 7
2019-07-14 01:11:00,478 INFO  ratis.ContainerStateMachine (ContainerStateMachine.java:takeSnapshot(246)) - Taking snapshot at termIndex:(t:0, i:~)
2019-07-14 01:11:00,479 INFO  impl.RaftServerImpl (ServerState.java:close(394)) - 729cc98b-57a4-4371-b814-2b10682e9198:group-05EFF18440AE closes. The last applied log index is 0
2019-07-14 01:11:00,479 INFO  impl.RaftServerImpl (ServerState.java:close(394)) - 9478bc8e-041d-426e-9c77-bbfdf70f4392:group-85B96BD01710 closes. The last applied log index is 8
2019-07-14 01:11:00,479 INFO  segmented.SegmentedRaftLogWorker (SegmentedRaftLogWorker.java:run(313)) - 729cc98b-57a4-4371-b814-2b10682e9198-SegmentedRaftLogWorker:Storage Directory /tmp/workdir/hadoop-ozone/integration-test/target/test-dir/MiniOzoneClusterImpl-ba13c149-e692-4896-a6a2-c6a85364206c/datanode-4/data/ratis/22548268-b256-4945-931b-05eff18440ae was interrupted, exiting. There are 0 tasks remaining in the queue.
2019-07-14 01:11:00,479 INFO  segmented.SegmentedRaftLogWorker (SegmentedRaftLogWorker.java:run(313)) - 9478bc8e-041d-426e-9c77-bbfdf70f4392-SegmentedRaftLogWorker:Storage Directory /tmp/workdir/hadoop-ozone/integration-test/target/test-dir/MiniOzoneClusterImpl-ba13c149-e692-4896-a6a2-c6a85364206c/datanode-1/data/ratis/3bae2e3b-0eb8-466b-926f-85b96bd01710 was interrupted, exiting. There are 0 tasks remaining in the queue.
2019-07-14 01:11:00,481 INFO  segmented.SegmentedRaftLogWorker (SegmentedRaftLogWorker.java:close(228)) - 729cc98b-57a4-4371-b814-2b10682e9198-SegmentedRaftLogWorker:Storage Directory /tmp/workdir/hadoop-ozone/integration-test/target/test-dir/MiniOzoneClusterImpl-ba13c149-e692-4896-a6a2-c6a85364206c/datanode-4/data/ratis/22548268-b256-4945-931b-05eff18440ae close()
2019-07-14 01:11:00,484 INFO  segmented.SegmentedRaftLogWorker (SegmentedRaftLogWorker.java:close(228)) - 9478bc8e-041d-426e-9c77-bbfdf70f4392-SegmentedRaftLogWorker:Storage Directory /tmp/workdir/hadoop-ozone/integration-test/target/test-dir/MiniOzoneClusterImpl-ba13c149-e692-4896-a6a2-c6a85364206c/datanode-1/data/ratis/3bae2e3b-0eb8-466b-926f-85b96bd01710 close()
2019-07-14 01:11:00,489 INFO  impl.RaftServerImpl (RaftServerImpl.java:lambda$shutdown$3(245)) - 729cc98b-57a4-4371-b814-2b10682e9198: shutdown group-38A362F06419
2019-07-14 01:11:00,493 INFO  impl.RaftServerImpl (RaftServerImpl.java:lambda$shutdown$3(245)) - 9478bc8e-041d-426e-9c77-bbfdf70f4392: shutdown group-AF818F33F4FD
2019-07-14 01:11:00,494 INFO  util.JmxRegister (JmxRegister.java:unregister(73)) - Successfully un-registered JMX Bean with object name Ratis:service=RaftServer,group=group-38A362F06419,id=729cc98b-57a4-4371-b814-2b10682e9198
2019-07-14 01:11:00,494 INFO  impl.RoleInfo (RoleInfo.java:shutdownFollowerState(121)) - 729cc98b-57a4-4371-b814-2b10682e9198: shutdown FollowerState
2019-07-14 01:11:00,494 INFO  util.JmxRegister (JmxRegister.java:unregister(73)) - Successfully un-registered JMX Bean with object name Ratis:service=RaftServer,group=group-AF818F33F4FD,id=9478bc8e-041d-426e-9c77-bbfdf70f4392
2019-07-14 01:11:00,495 INFO  impl.FollowerState (FollowerState.java:run(114)) - 729cc98b-57a4-4371-b814-2b10682e9198: FollowerState was interrupted: java.lang.InterruptedException: sleep interrupted
2019-07-14 01:11:00,495 INFO  ratis.ContainerStateMachine (ContainerStateMachine.java:takeSnapshot(246)) - Taking snapshot at termIndex:(t:1, i:4)
2019-07-14 01:11:00,495 INFO  impl.StateMachineUpdater (StateMachineUpdater.java:stopAndJoin(115)) - StateMachineUpdater:729cc98b-57a4-4371-b814-2b10682e9198:group-38A362F06419: set stopIndex = 6
2019-07-14 01:11:00,497 INFO  ratis.ContainerStateMachine (ContainerStateMachine.java:takeSnapshot(250)) - Taking a snapshot to file /tmp/workdir/hadoop-ozone/integration-test/target/test-dir/MiniOzoneClusterImpl-ba13c149-e692-4896-a6a2-c6a85364206c/datanode-4/data/ratis/e5e2a92d-8647-498b-b81d-38a362f06419/sm/snapshot.1_4
2019-07-14 01:11:00,495 INFO  impl.RoleInfo (RoleInfo.java:shutdownLeaderState(104)) - 9478bc8e-041d-426e-9c77-bbfdf70f4392: shutdown LeaderState
2019-07-14 01:11:00,498 INFO  impl.StateMachineUpdater (StateMachineUpdater.java:takeSnapshot(242)) - StateMachineUpdater:729cc98b-57a4-4371-b814-2b10682e9198:group-38A362F06419: Took a snapshot at index 4
2019-07-14 01:11:00,498 INFO  impl.PendingRequests (PendingRequests.java:sendNotLeaderResponses(202)) - 9478bc8e-041d-426e-9c77-bbfdf70f4392-PendingRequests: sendNotLeaderResponses
2019-07-14 01:11:00,498 INFO  impl.StateMachineUpdater (StateMachineUpdater.java:lambda$new$0(80)) - StateMachineUpdater:729cc98b-57a4-4371-b814-2b10682e9198:group-38A362F06419: snapshotIndex: updateIncreasingly -1 -> 4
2019-07-14 01:11:00,498 INFO  impl.StateMachineUpdater (StateMachineUpdater.java:stopAndJoin(115)) - StateMachineUpdater:9478bc8e-041d-426e-9c77-bbfdf70f4392:group-AF818F33F4FD: set stopIndex = 0
2019-07-14 01:11:00,499 INFO  impl.RaftServerImpl (ServerState.java:close(394)) - 729cc98b-57a4-4371-b814-2b10682e9198:group-38A362F06419 closes. The last applied log index is 6
2019-07-14 01:11:00,499 INFO  ratis.ContainerStateMachine (ContainerStateMachine.java:takeSnapshot(246)) - Taking snapshot at termIndex:(t:0, i:~)
2019-07-14 01:11:00,499 INFO  segmented.SegmentedRaftLogWorker (SegmentedRaftLogWorker.java:run(313)) - 729cc98b-57a4-4371-b814-2b10682e9198-SegmentedRaftLogWorker:Storage Directory /tmp/workdir/hadoop-ozone/integration-test/target/test-dir/MiniOzoneClusterImpl-ba13c149-e692-4896-a6a2-c6a85364206c/datanode-4/data/ratis/e5e2a92d-8647-498b-b81d-38a362f06419 was interrupted, exiting. There are 0 tasks remaining in the queue.
2019-07-14 01:11:00,499 INFO  impl.RaftServerImpl (ServerState.java:close(394)) - 9478bc8e-041d-426e-9c77-bbfdf70f4392:group-AF818F33F4FD closes. The last applied log index is 0
2019-07-14 01:11:00,502 INFO  segmented.SegmentedRaftLogWorker (SegmentedRaftLogWorker.java:close(228)) - 729cc98b-57a4-4371-b814-2b10682e9198-SegmentedRaftLogWorker:Storage Directory /tmp/workdir/hadoop-ozone/integration-test/target/test-dir/MiniOzoneClusterImpl-ba13c149-e692-4896-a6a2-c6a85364206c/datanode-4/data/ratis/e5e2a92d-8647-498b-b81d-38a362f06419 close()
2019-07-14 01:11:00,502 INFO  segmented.SegmentedRaftLogWorker (SegmentedRaftLogWorker.java:run(313)) - 9478bc8e-041d-426e-9c77-bbfdf70f4392-SegmentedRaftLogWorker:Storage Directory /tmp/workdir/hadoop-ozone/integration-test/target/test-dir/MiniOzoneClusterImpl-ba13c149-e692-4896-a6a2-c6a85364206c/datanode-1/data/ratis/615fd9e7-abe7-48e1-9322-af818f33f4fd was interrupted, exiting. There are 0 tasks remaining in the queue.
2019-07-14 01:11:00,507 INFO  server.GrpcService (GrpcService.java:closeImpl(155)) - 729cc98b-57a4-4371-b814-2b10682e9198: shutdown server with port 44283 now
2019-07-14 01:11:00,510 INFO  segmented.SegmentedRaftLogWorker (SegmentedRaftLogWorker.java:close(228)) - 9478bc8e-041d-426e-9c77-bbfdf70f4392-SegmentedRaftLogWorker:Storage Directory /tmp/workdir/hadoop-ozone/integration-test/target/test-dir/MiniOzoneClusterImpl-ba13c149-e692-4896-a6a2-c6a85364206c/datanode-1/data/ratis/615fd9e7-abe7-48e1-9322-af818f33f4fd close()
2019-07-14 01:11:00,514 INFO  server.GrpcService (GrpcService.java:closeImpl(155)) - 9478bc8e-041d-426e-9c77-bbfdf70f4392: shutdown server with port 44063 now
2019-07-14 01:11:00,515 WARN  server.GrpcServerProtocolService (LogUtils.java:warn(134)) - 729cc98b-57a4-4371-b814-2b10682e9198: appendEntries onError: org.apache.ratis.thirdparty.io.grpc.StatusRuntimeException: CANCELLED: cancelled before receiving half close
2019-07-14 01:11:00,515 WARN  server.GrpcServerProtocolService (LogUtils.java:warn(134)) - 9478bc8e-041d-426e-9c77-bbfdf70f4392: appendEntries onError: org.apache.ratis.thirdparty.io.grpc.StatusRuntimeException: CANCELLED: cancelled before receiving half close
2019-07-14 01:11:00,515 WARN  server.GrpcLogAppender (LogUtils.java:warn(134)) - d278cd0f-199e-431f-8b12-f3d669e45104->729cc98b-57a4-4371-b814-2b10682e9198: Failed appendEntries: org.apache.ratis.thirdparty.io.grpc.StatusRuntimeException: CANCELLED: HTTP/2 error code: CANCEL
Received Rst Stream
2019-07-14 01:11:00,515 INFO  server.GrpcService (GrpcService.java:closeImpl(163)) - 9478bc8e-041d-426e-9c77-bbfdf70f4392: shutdown server with port 44063 successfully
2019-07-14 01:11:00,516 WARN  server.GrpcLogAppender (LogUtils.java:warn(134)) - f3eac508-6af5-4edc-add6-c410547da8f4->9478bc8e-041d-426e-9c77-bbfdf70f4392: Failed appendEntries: org.apache.ratis.thirdparty.io.grpc.StatusRuntimeException: CANCELLED: HTTP/2 error code: CANCEL
Received Rst Stream
2019-07-14 01:11:00,515 INFO  server.GrpcService (GrpcService.java:closeImpl(163)) - 729cc98b-57a4-4371-b814-2b10682e9198: shutdown server with port 44283 successfully
2019-07-14 01:11:00,516 INFO  impl.FollowerInfo (FollowerInfo.java:lambda$new$0(50)) - f3eac508-6af5-4edc-add6-c410547da8f4->9478bc8e-041d-426e-9c77-bbfdf70f4392: nextIndex: updateUnconditionally 9 -> 8
2019-07-14 01:11:00,515 INFO  impl.FollowerInfo (FollowerInfo.java:lambda$new$0(50)) - d278cd0f-199e-431f-8b12-f3d669e45104->729cc98b-57a4-4371-b814-2b10682e9198: nextIndex: updateUnconditionally 7 -> 6
2019-07-14 01:11:00,516 INFO  utils.BackgroundService (BackgroundService.java:shutdown(148)) - Shutting down service BlockDeletingService
2019-07-14 01:11:00,522 INFO  utils.BackgroundService (BackgroundService.java:shutdown(148)) - Shutting down service BlockDeletingService
2019-07-14 01:11:00,528 WARN  fs.CachingGetSpaceUsed (CachingGetSpaceUsed.java:run(183)) - Thread Interrupted waiting to refresh disk information: sleep interrupted
2019-07-14 01:11:00,528 WARN  fs.CachingGetSpaceUsed (CachingGetSpaceUsed.java:run(183)) - Thread Interrupted waiting to refresh disk information: sleep interrupted
2019-07-14 01:11:00,548 INFO  statemachine.DatanodeStateMachine (DatanodeStateMachine.java:stopDaemon(395)) - Ozone container server stopped.
2019-07-14 01:11:00,559 INFO  statemachine.DatanodeStateMachine (DatanodeStateMachine.java:stopDaemon(395)) - Ozone container server stopped.
2019-07-14 01:11:00,559 INFO  handler.ContextHandler (ContextHandler.java:doStop(910)) - Stopped o.e.j.w.WebAppContext@43076326{/,null,UNAVAILABLE}{/hddsDatanode}
2019-07-14 01:11:00,560 INFO  server.AbstractConnector (AbstractConnector.java:doStop(318)) - Stopped ServerConnector@29244152{HTTP/1.1,[http/1.1]}{0.0.0.0:0}
2019-07-14 01:11:00,571 INFO  handler.ContextHandler (ContextHandler.java:doStop(910)) - Stopped o.e.j.s.ServletContextHandler@34fe89a5{/static,jar:file:/home/user/.m2/repository/org/apache/hadoop/hadoop-hdds-container-service/0.5.0-SNAPSHOT/hadoop-hdds-container-service-0.5.0-SNAPSHOT.jar!/webapps/static,UNAVAILABLE}
2019-07-14 01:11:00,571 INFO  handler.ContextHandler (ContextHandler.java:doStop(910)) - Stopped o.e.j.w.WebAppContext@44bbf5e3{/,null,UNAVAILABLE}{/hddsDatanode}
2019-07-14 01:11:00,572 INFO  handler.ContextHandler (ContextHandler.java:doStop(910)) - Stopped o.e.j.s.ServletContextHandler@bb9bad9{/logs,file:///tmp/workdir/hadoop-ozone/integration-test/target/log,UNAVAILABLE}
2019-07-14 01:11:00,572 INFO  server.AbstractConnector (AbstractConnector.java:doStop(318)) - Stopped ServerConnector@613bebb9{HTTP/1.1,[http/1.1]}{0.0.0.0:0}
2019-07-14 01:11:00,573 INFO  datanode.ObjectStoreHandler (ObjectStoreHandler.java:close(155)) - Closing ObjectStoreHandler.
2019-07-14 01:11:00,573 INFO  handler.ContextHandler (ContextHandler.java:doStop(910)) - Stopped o.e.j.s.ServletContextHandler@3b30409{/static,jar:file:/home/user/.m2/repository/org/apache/hadoop/hadoop-hdds-container-service/0.5.0-SNAPSHOT/hadoop-hdds-container-service-0.5.0-SNAPSHOT.jar!/webapps/static,UNAVAILABLE}
2019-07-14 01:11:00,573 INFO  ozone.HddsDatanodeService (HddsDatanodeService.java:stop(452)) - Stopped plug-in org.apache.hadoop.ozone.web.OzoneHddsDatanodeService@4723445c
2019-07-14 01:11:00,574 INFO  handler.ContextHandler (ContextHandler.java:doStop(910)) - Stopped o.e.j.s.ServletContextHandler@1aae50f9{/logs,file:///tmp/workdir/hadoop-ozone/integration-test/target/log,UNAVAILABLE}
2019-07-14 01:11:00,574 INFO  datanode.ObjectStoreHandler (ObjectStoreHandler.java:close(155)) - Closing ObjectStoreHandler.
2019-07-14 01:11:00,575 INFO  ozone.HddsDatanodeService (HddsDatanodeService.java:stop(452)) - Stopped plug-in org.apache.hadoop.ozone.web.OzoneHddsDatanodeService@33f5d807
2019-07-14 01:11:01,180 INFO  statemachine.DatanodeStateMachine (DatanodeStateMachine.java:lambda$startDaemon$0(350)) - Ozone container server started.
2019-07-14 01:11:01,340 INFO  statemachine.DatanodeStateMachine (DatanodeStateMachine.java:lambda$startDaemon$0(350)) - Ozone container server started.
2019-07-14 01:11:02,636 WARN  server.GrpcLogAppender (LogUtils.java:warn(134)) - f3eac508-6af5-4edc-add6-c410547da8f4->9478bc8e-041d-426e-9c77-bbfdf70f4392: Failed appendEntries: org.apache.ratis.thirdparty.io.grpc.StatusRuntimeException: UNAVAILABLE: io exception
2019-07-14 01:11:02,636 INFO  impl.FollowerInfo (FollowerInfo.java:lambda$new$0(50)) - f3eac508-6af5-4edc-add6-c410547da8f4->9478bc8e-041d-426e-9c77-bbfdf70f4392: nextIndex: updateUnconditionally 8 -> 7
2019-07-14 01:11:02,888 WARN  server.GrpcLogAppender (LogUtils.java:warn(134)) - d278cd0f-199e-431f-8b12-f3d669e45104->729cc98b-57a4-4371-b814-2b10682e9198: Failed appendEntries: org.apache.ratis.thirdparty.io.grpc.StatusRuntimeException: UNAVAILABLE: io exception
2019-07-14 01:11:02,889 INFO  impl.FollowerInfo (FollowerInfo.java:lambda$new$0(50)) - d278cd0f-199e-431f-8b12-f3d669e45104->729cc98b-57a4-4371-b814-2b10682e9198: nextIndex: updateUnconditionally 6 -> 5
2019-07-14 01:11:05,136 WARN  server.GrpcLogAppender (LogUtils.java:warn(134)) - f3eac508-6af5-4edc-add6-c410547da8f4->9478bc8e-041d-426e-9c77-bbfdf70f4392: Failed appendEntries: org.apache.ratis.thirdparty.io.grpc.StatusRuntimeException: UNAVAILABLE: io exception
2019-07-14 01:11:05,136 INFO  impl.FollowerInfo (FollowerInfo.java:lambda$new$0(50)) - f3eac508-6af5-4edc-add6-c410547da8f4->9478bc8e-041d-426e-9c77-bbfdf70f4392: nextIndex: updateUnconditionally 7 -> 6
2019-07-14 01:11:05,278 INFO  node.StaleNodeHandler (StaleNodeHandler.java:onMessage(58)) - Datanode 5d27a16c-da1a-4f85-bf61-26cd87951759{ip: 192.168.157.230, host: trunk-nightly-sxkq5-3320257302, networkLocation: /default-rack, certSerialId: null} moved to stale state. Finalizing its pipelines [PipelineID=fb0a9627-0c75-4cbe-9684-4e3a0faa78c2, PipelineID=3bae2e3b-0eb8-466b-926f-85b96bd01710]
2019-07-14 01:11:05,278 INFO  pipeline.SCMPipelineManager (SCMPipelineManager.java:finalizeAndDestroyPipeline(309)) - destroying pipeline:Pipeline[ Id: fb0a9627-0c75-4cbe-9684-4e3a0faa78c2, Nodes: 5d27a16c-da1a-4f85-bf61-26cd87951759{ip: 192.168.157.230, host: trunk-nightly-sxkq5-3320257302, networkLocation: /default-rack, certSerialId: null}, Type:RATIS, Factor:ONE, State:OPEN]
2019-07-14 01:11:05,278 INFO  pipeline.PipelineStateManager (PipelineStateManager.java:finalizePipeline(123)) - Pipeline Pipeline[ Id: fb0a9627-0c75-4cbe-9684-4e3a0faa78c2, Nodes: 5d27a16c-da1a-4f85-bf61-26cd87951759{ip: 192.168.157.230, host: trunk-nightly-sxkq5-3320257302, networkLocation: /default-rack, certSerialId: null}, Type:RATIS, Factor:ONE, State:CLOSED] moved to CLOSED state
2019-07-14 01:11:05,279 INFO  pipeline.SCMPipelineManager (SCMPipelineManager.java:finalizeAndDestroyPipeline(309)) - destroying pipeline:Pipeline[ Id: 3bae2e3b-0eb8-466b-926f-85b96bd01710, Nodes: 9478bc8e-041d-426e-9c77-bbfdf70f4392{ip: 192.168.157.230, host: trunk-nightly-sxkq5-3320257302, networkLocation: /default-rack, certSerialId: null}f3eac508-6af5-4edc-add6-c410547da8f4{ip: 192.168.157.230, host: trunk-nightly-sxkq5-3320257302, networkLocation: /default-rack, certSerialId: null}5d27a16c-da1a-4f85-bf61-26cd87951759{ip: 192.168.157.230, host: trunk-nightly-sxkq5-3320257302, networkLocation: /default-rack, certSerialId: null}, Type:RATIS, Factor:THREE, State:CLOSED]
2019-07-14 01:11:05,378 INFO  node.StaleNodeHandler (StaleNodeHandler.java:onMessage(58)) - Datanode d278cd0f-199e-431f-8b12-f3d669e45104{ip: 192.168.157.230, host: trunk-nightly-sxkq5-3320257302, networkLocation: /default-rack, certSerialId: null} moved to stale state. Finalizing its pipelines [PipelineID=e5e2a92d-8647-498b-b81d-38a362f06419, PipelineID=63142c95-26ac-4df5-9cbf-c4a5797403a1]
2019-07-14 01:11:05,378 INFO  pipeline.SCMPipelineManager (SCMPipelineManager.java:finalizeAndDestroyPipeline(309)) - destroying pipeline:Pipeline[ Id: e5e2a92d-8647-498b-b81d-38a362f06419, Nodes: 729cc98b-57a4-4371-b814-2b10682e9198{ip: 192.168.157.230, host: trunk-nightly-sxkq5-3320257302, networkLocation: /default-rack, certSerialId: null}d278cd0f-199e-431f-8b12-f3d669e45104{ip: 192.168.157.230, host: trunk-nightly-sxkq5-3320257302, networkLocation: /default-rack, certSerialId: null}d1587925-a911-45c7-ac20-8a6df57d1292{ip: 192.168.157.230, host: trunk-nightly-sxkq5-3320257302, networkLocation: /default-rack, certSerialId: null}, Type:RATIS, Factor:THREE, State:CLOSED]
2019-07-14 01:11:05,378 INFO  pipeline.SCMPipelineManager (SCMPipelineManager.java:finalizeAndDestroyPipeline(309)) - destroying pipeline:Pipeline[ Id: 63142c95-26ac-4df5-9cbf-c4a5797403a1, Nodes: d278cd0f-199e-431f-8b12-f3d669e45104{ip: 192.168.157.230, host: trunk-nightly-sxkq5-3320257302, networkLocation: /default-rack, certSerialId: null}, Type:RATIS, Factor:ONE, State:OPEN]
2019-07-14 01:11:05,379 INFO  pipeline.PipelineStateManager (PipelineStateManager.java:finalizePipeline(123)) - Pipeline Pipeline[ Id: 63142c95-26ac-4df5-9cbf-c4a5797403a1, Nodes: d278cd0f-199e-431f-8b12-f3d669e45104{ip: 192.168.157.230, host: trunk-nightly-sxkq5-3320257302, networkLocation: /default-rack, certSerialId: null}, Type:RATIS, Factor:ONE, State:CLOSED] moved to CLOSED state
2019-07-14 01:11:05,389 WARN  server.GrpcLogAppender (LogUtils.java:warn(134)) - d278cd0f-199e-431f-8b12-f3d669e45104->729cc98b-57a4-4371-b814-2b10682e9198: Failed appendEntries: org.apache.ratis.thirdparty.io.grpc.StatusRuntimeException: UNAVAILABLE: io exception
2019-07-14 01:11:05,389 INFO  impl.FollowerInfo (FollowerInfo.java:lambda$new$0(50)) - d278cd0f-199e-431f-8b12-f3d669e45104->729cc98b-57a4-4371-b814-2b10682e9198: nextIndex: updateUnconditionally 5 -> 4
2019-07-14 01:11:05,574 INFO  ozoneimpl.OzoneContainer (OzoneContainer.java:stop(199)) - Attempting to stop container services.
2019-07-14 01:11:05,574 INFO  impl.RaftServerProxy (RaftServerProxy.java:lambda$close$4(314)) - 5d27a16c-da1a-4f85-bf61-26cd87951759: close
2019-07-14 01:11:05,575 INFO  impl.RaftServerImpl (RaftServerImpl.java:lambda$shutdown$3(245)) - 5d27a16c-da1a-4f85-bf61-26cd87951759: shutdown group-4E3A0FAA78C2
2019-07-14 01:11:05,575 INFO  util.JmxRegister (JmxRegister.java:unregister(73)) - Successfully un-registered JMX Bean with object name Ratis:service=RaftServer,group=group-4E3A0FAA78C2,id=5d27a16c-da1a-4f85-bf61-26cd87951759
2019-07-14 01:11:05,575 INFO  impl.RoleInfo (RoleInfo.java:shutdownLeaderState(104)) - 5d27a16c-da1a-4f85-bf61-26cd87951759: shutdown LeaderState
2019-07-14 01:11:05,576 INFO  ozoneimpl.OzoneContainer (OzoneContainer.java:stop(199)) - Attempting to stop container services.
2019-07-14 01:11:05,576 INFO  impl.PendingRequests (PendingRequests.java:sendNotLeaderResponses(202)) - 5d27a16c-da1a-4f85-bf61-26cd87951759-PendingRequests: sendNotLeaderResponses
2019-07-14 01:11:05,576 INFO  impl.RaftServerProxy (RaftServerProxy.java:lambda$close$4(314)) - d278cd0f-199e-431f-8b12-f3d669e45104: close
2019-07-14 01:11:05,577 INFO  ratis.ContainerStateMachine (ContainerStateMachine.java:takeSnapshot(246)) - Taking snapshot at termIndex:(t:0, i:~)
2019-07-14 01:11:05,576 INFO  impl.StateMachineUpdater (StateMachineUpdater.java:stopAndJoin(115)) - StateMachineUpdater:5d27a16c-da1a-4f85-bf61-26cd87951759:group-4E3A0FAA78C2: set stopIndex = 0
2019-07-14 01:11:05,577 INFO  impl.RaftServerImpl (RaftServerImpl.java:lambda$shutdown$3(245)) - d278cd0f-199e-431f-8b12-f3d669e45104: shutdown group-38A362F06419
2019-07-14 01:11:05,578 INFO  util.JmxRegister (JmxRegister.java:unregister(73)) - Successfully un-registered JMX Bean with object name Ratis:service=RaftServer,group=group-38A362F06419,id=d278cd0f-199e-431f-8b12-f3d669e45104
2019-07-14 01:11:05,578 INFO  impl.RoleInfo (RoleInfo.java:shutdownLeaderState(104)) - d278cd0f-199e-431f-8b12-f3d669e45104: shutdown LeaderState
2019-07-14 01:11:05,577 INFO  impl.RaftServerImpl (ServerState.java:close(394)) - 5d27a16c-da1a-4f85-bf61-26cd87951759:group-4E3A0FAA78C2 closes. The last applied log index is 0
2019-07-14 01:11:05,584 WARN  server.GrpcLogAppender (GrpcLogAppender.java:mayWait(143)) - GrpcLogAppender(d278cd0f-199e-431f-8b12-f3d669e45104->d1587925-a911-45c7-ac20-8a6df57d1292): Wait interrupted by java.lang.InterruptedException
2019-07-14 01:11:05,585 INFO  segmented.SegmentedRaftLogWorker (SegmentedRaftLogWorker.java:run(313)) - 5d27a16c-da1a-4f85-bf61-26cd87951759-SegmentedRaftLogWorker:Storage Directory /tmp/workdir/hadoop-ozone/integration-test/target/test-dir/MiniOzoneClusterImpl-ba13c149-e692-4896-a6a2-c6a85364206c/datanode-2/data/ratis/fb0a9627-0c75-4cbe-9684-4e3a0faa78c2 was interrupted, exiting. There are 0 tasks remaining in the queue.
2019-07-14 01:11:05,584 INFO  impl.PendingRequests (PendingRequests.java:sendNotLeaderResponses(202)) - d278cd0f-199e-431f-8b12-f3d669e45104-PendingRequests: sendNotLeaderResponses
2019-07-14 01:11:05,584 WARN  server.GrpcLogAppender (GrpcLogAppender.java:mayWait(143)) - GrpcLogAppender(d278cd0f-199e-431f-8b12-f3d669e45104->729cc98b-57a4-4371-b814-2b10682e9198): Wait interrupted by java.lang.InterruptedException
2019-07-14 01:11:05,587 INFO  segmented.SegmentedRaftLogWorker (SegmentedRaftLogWorker.java:close(228)) - 5d27a16c-da1a-4f85-bf61-26cd87951759-SegmentedRaftLogWorker:Storage Directory /tmp/workdir/hadoop-ozone/integration-test/target/test-dir/MiniOzoneClusterImpl-ba13c149-e692-4896-a6a2-c6a85364206c/datanode-2/data/ratis/fb0a9627-0c75-4cbe-9684-4e3a0faa78c2 close()
2019-07-14 01:11:05,594 INFO  ratis.ContainerStateMachine (ContainerStateMachine.java:takeSnapshot(246)) - Taking snapshot at termIndex:(t:1, i:6)
2019-07-14 01:11:05,598 INFO  ratis.ContainerStateMachine (ContainerStateMachine.java:takeSnapshot(250)) - Taking a snapshot to file /tmp/workdir/hadoop-ozone/integration-test/target/test-dir/MiniOzoneClusterImpl-ba13c149-e692-4896-a6a2-c6a85364206c/datanode-3/data/ratis/e5e2a92d-8647-498b-b81d-38a362f06419/sm/snapshot.1_6
2019-07-14 01:11:05,587 INFO  server.GrpcServerProtocolService (GrpcServerProtocolService.java:onCompleted(104)) - d1587925-a911-45c7-ac20-8a6df57d1292: appendEntries completed
2019-07-14 01:11:05,598 INFO  impl.RaftServerImpl (RaftServerImpl.java:lambda$shutdown$3(245)) - 5d27a16c-da1a-4f85-bf61-26cd87951759: shutdown group-85B96BD01710
2019-07-14 01:11:05,599 INFO  server.GrpcLogAppender (GrpcLogAppender.java:onCompleted(292)) - d278cd0f-199e-431f-8b12-f3d669e45104->d1587925-a911-45c7-ac20-8a6df57d1292: follower responses appendEntries COMPLETED
2019-07-14 01:11:05,594 INFO  impl.StateMachineUpdater (StateMachineUpdater.java:stopAndJoin(115)) - StateMachineUpdater:d278cd0f-199e-431f-8b12-f3d669e45104:group-38A362F06419: set stopIndex = 6
2019-07-14 01:11:05,599 INFO  impl.FollowerInfo (FollowerInfo.java:lambda$new$0(50)) - d278cd0f-199e-431f-8b12-f3d669e45104->d1587925-a911-45c7-ac20-8a6df57d1292: nextIndex: updateUnconditionally 7 -> 6
2019-07-14 01:11:05,599 INFO  util.JmxRegister (JmxRegister.java:unregister(73)) - Successfully un-registered JMX Bean with object name Ratis:service=RaftServer,group=group-85B96BD01710,id=5d27a16c-da1a-4f85-bf61-26cd87951759
2019-07-14 01:11:05,599 INFO  impl.StateMachineUpdater (StateMachineUpdater.java:takeSnapshot(242)) - StateMachineUpdater:d278cd0f-199e-431f-8b12-f3d669e45104:group-38A362F06419: Took a snapshot at index 6
2019-07-14 01:11:05,600 INFO  impl.RoleInfo (RoleInfo.java:shutdownFollowerState(121)) - 5d27a16c-da1a-4f85-bf61-26cd87951759: shutdown FollowerState
2019-07-14 01:11:05,600 INFO  impl.StateMachineUpdater (StateMachineUpdater.java:lambda$new$0(80)) - StateMachineUpdater:d278cd0f-199e-431f-8b12-f3d669e45104:group-38A362F06419: snapshotIndex: updateIncreasingly -1 -> 6
2019-07-14 01:11:05,600 INFO  ratis.ContainerStateMachine (ContainerStateMachine.java:takeSnapshot(246)) - Taking snapshot at termIndex:(t:1, i:7)
2019-07-14 01:11:05,600 INFO  impl.StateMachineUpdater (StateMachineUpdater.java:stopAndJoin(115)) - StateMachineUpdater:5d27a16c-da1a-4f85-bf61-26cd87951759:group-85B96BD01710: set stopIndex = 8
2019-07-14 01:11:05,601 INFO  impl.RaftServerImpl (ServerState.java:close(394)) - d278cd0f-199e-431f-8b12-f3d669e45104:group-38A362F06419 closes. The last applied log index is 6
2019-07-14 01:11:05,601 INFO  ratis.ContainerStateMachine (ContainerStateMachine.java:takeSnapshot(250)) - Taking a snapshot to file /tmp/workdir/hadoop-ozone/integration-test/target/test-dir/MiniOzoneClusterImpl-ba13c149-e692-4896-a6a2-c6a85364206c/datanode-2/data/ratis/3bae2e3b-0eb8-466b-926f-85b96bd01710/sm/snapshot.1_7
2019-07-14 01:11:05,602 INFO  segmented.SegmentedRaftLogWorker (SegmentedRaftLogWorker.java:run(313)) - d278cd0f-199e-431f-8b12-f3d669e45104-SegmentedRaftLogWorker:Storage Directory /tmp/workdir/hadoop-ozone/integration-test/target/test-dir/MiniOzoneClusterImpl-ba13c149-e692-4896-a6a2-c6a85364206c/datanode-3/data/ratis/e5e2a92d-8647-498b-b81d-38a362f06419 was interrupted, exiting. There are 0 tasks remaining in the queue.
2019-07-14 01:11:05,600 INFO  impl.FollowerState (FollowerState.java:run(114)) - 5d27a16c-da1a-4f85-bf61-26cd87951759: FollowerState was interrupted: java.lang.InterruptedException: sleep interrupted
2019-07-14 01:11:05,606 INFO  impl.StateMachineUpdater (StateMachineUpdater.java:takeSnapshot(242)) - StateMachineUpdater:5d27a16c-da1a-4f85-bf61-26cd87951759:group-85B96BD01710: Took a snapshot at index 7
2019-07-14 01:11:05,606 INFO  segmented.SegmentedRaftLogWorker (SegmentedRaftLogWorker.java:close(228)) - d278cd0f-199e-431f-8b12-f3d669e45104-SegmentedRaftLogWorker:Storage Directory /tmp/workdir/hadoop-ozone/integration-test/target/test-dir/MiniOzoneClusterImpl-ba13c149-e692-4896-a6a2-c6a85364206c/datanode-3/data/ratis/e5e2a92d-8647-498b-b81d-38a362f06419 close()
2019-07-14 01:11:05,606 INFO  impl.StateMachineUpdater (StateMachineUpdater.java:lambda$new$0(80)) - StateMachineUpdater:5d27a16c-da1a-4f85-bf61-26cd87951759:group-85B96BD01710: snapshotIndex: updateIncreasingly -1 -> 7
2019-07-14 01:11:05,610 INFO  impl.RaftServerImpl (RaftServerImpl.java:lambda$shutdown$3(245)) - d278cd0f-199e-431f-8b12-f3d669e45104: shutdown group-C4A5797403A1
2019-07-14 01:11:05,611 INFO  util.JmxRegister (JmxRegister.java:unregister(73)) - Successfully un-registered JMX Bean with object name Ratis:service=RaftServer,group=group-C4A5797403A1,id=d278cd0f-199e-431f-8b12-f3d669e45104
2019-07-14 01:11:05,611 INFO  impl.RoleInfo (RoleInfo.java:shutdownLeaderState(104)) - d278cd0f-199e-431f-8b12-f3d669e45104: shutdown LeaderState
2019-07-14 01:11:05,610 INFO  impl.RaftServerImpl (ServerState.java:close(394)) - 5d27a16c-da1a-4f85-bf61-26cd87951759:group-85B96BD01710 closes. The last applied log index is 8
2019-07-14 01:11:05,612 INFO  impl.PendingRequests (PendingRequests.java:sendNotLeaderResponses(202)) - d278cd0f-199e-431f-8b12-f3d669e45104-PendingRequests: sendNotLeaderResponses
2019-07-14 01:11:05,612 INFO  segmented.SegmentedRaftLogWorker (SegmentedRaftLogWorker.java:run(313)) - 5d27a16c-da1a-4f85-bf61-26cd87951759-SegmentedRaftLogWorker:Storage Directory /tmp/workdir/hadoop-ozone/integration-test/target/test-dir/MiniOzoneClusterImpl-ba13c149-e692-4896-a6a2-c6a85364206c/datanode-2/data/ratis/3bae2e3b-0eb8-466b-926f-85b96bd01710 was interrupted, exiting. There are 0 tasks remaining in the queue.
2019-07-14 01:11:05,612 INFO  impl.StateMachineUpdater (StateMachineUpdater.java:stopAndJoin(115)) - StateMachineUpdater:d278cd0f-199e-431f-8b12-f3d669e45104:group-C4A5797403A1: set stopIndex = 0
2019-07-14 01:11:05,614 INFO  segmented.SegmentedRaftLogWorker (SegmentedRaftLogWorker.java:close(228)) - 5d27a16c-da1a-4f85-bf61-26cd87951759-SegmentedRaftLogWorker:Storage Directory /tmp/workdir/hadoop-ozone/integration-test/target/test-dir/MiniOzoneClusterImpl-ba13c149-e692-4896-a6a2-c6a85364206c/datanode-2/data/ratis/3bae2e3b-0eb8-466b-926f-85b96bd01710 close()
2019-07-14 01:11:05,614 INFO  ratis.ContainerStateMachine (ContainerStateMachine.java:takeSnapshot(246)) - Taking snapshot at termIndex:(t:0, i:~)
2019-07-14 01:11:05,627 INFO  server.GrpcService (GrpcService.java:closeImpl(155)) - 5d27a16c-da1a-4f85-bf61-26cd87951759: shutdown server with port 42067 now
2019-07-14 01:11:05,627 INFO  impl.RaftServerImpl (ServerState.java:close(394)) - d278cd0f-199e-431f-8b12-f3d669e45104:group-C4A5797403A1 closes. The last applied log index is 0
2019-07-14 01:11:05,628 INFO  segmented.SegmentedRaftLogWorker (SegmentedRaftLogWorker.java:run(313)) - d278cd0f-199e-431f-8b12-f3d669e45104-SegmentedRaftLogWorker:Storage Directory /tmp/workdir/hadoop-ozone/integration-test/target/test-dir/MiniOzoneClusterImpl-ba13c149-e692-4896-a6a2-c6a85364206c/datanode-3/data/ratis/63142c95-26ac-4df5-9cbf-c4a5797403a1 was interrupted, exiting. There are 0 tasks remaining in the queue.
2019-07-14 01:11:05,628 WARN  server.GrpcServerProtocolService (LogUtils.java:warn(134)) - 5d27a16c-da1a-4f85-bf61-26cd87951759: appendEntries onError: org.apache.ratis.thirdparty.io.grpc.StatusRuntimeException: CANCELLED: cancelled before receiving half close
2019-07-14 01:11:05,630 INFO  segmented.SegmentedRaftLogWorker (SegmentedRaftLogWorker.java:close(228)) - d278cd0f-199e-431f-8b12-f3d669e45104-SegmentedRaftLogWorker:Storage Directory /tmp/workdir/hadoop-ozone/integration-test/target/test-dir/MiniOzoneClusterImpl-ba13c149-e692-4896-a6a2-c6a85364206c/datanode-3/data/ratis/63142c95-26ac-4df5-9cbf-c4a5797403a1 close()
2019-07-14 01:11:05,630 WARN  server.GrpcLogAppender (LogUtils.java:warn(134)) - f3eac508-6af5-4edc-add6-c410547da8f4->5d27a16c-da1a-4f85-bf61-26cd87951759: Failed appendEntries: org.apache.ratis.thirdparty.io.grpc.StatusRuntimeException: CANCELLED: HTTP/2 error code: CANCEL
Received Rst Stream
2019-07-14 01:11:05,630 INFO  server.GrpcService (GrpcService.java:closeImpl(163)) - 5d27a16c-da1a-4f85-bf61-26cd87951759: shutdown server with port 42067 successfully
2019-07-14 01:11:05,633 INFO  impl.FollowerInfo (FollowerInfo.java:lambda$new$0(50)) - f3eac508-6af5-4edc-add6-c410547da8f4->5d27a16c-da1a-4f85-bf61-26cd87951759: nextIndex: updateUnconditionally 9 -> 8
2019-07-14 01:11:05,632 INFO  server.GrpcService (GrpcService.java:closeImpl(155)) - d278cd0f-199e-431f-8b12-f3d669e45104: shutdown server with port 35736 now
2019-07-14 01:11:05,634 INFO  utils.BackgroundService (BackgroundService.java:shutdown(148)) - Shutting down service BlockDeletingService
2019-07-14 01:11:05,634 INFO  server.GrpcService (GrpcService.java:closeImpl(163)) - d278cd0f-199e-431f-8b12-f3d669e45104: shutdown server with port 35736 successfully
2019-07-14 01:11:05,635 WARN  fs.CachingGetSpaceUsed (CachingGetSpaceUsed.java:run(183)) - Thread Interrupted waiting to refresh disk information: sleep interrupted
2019-07-14 01:11:05,636 INFO  utils.BackgroundService (BackgroundService.java:shutdown(148)) - Shutting down service BlockDeletingService
2019-07-14 01:11:05,638 WARN  fs.CachingGetSpaceUsed (CachingGetSpaceUsed.java:run(183)) - Thread Interrupted waiting to refresh disk information: sleep interrupted
2019-07-14 01:11:05,659 INFO  statemachine.DatanodeStateMachine (DatanodeStateMachine.java:stopDaemon(395)) - Ozone container server stopped.
2019-07-14 01:11:05,661 INFO  handler.ContextHandler (ContextHandler.java:doStop(910)) - Stopped o.e.j.w.WebAppContext@79143853{/,null,UNAVAILABLE}{/hddsDatanode}
2019-07-14 01:11:05,675 INFO  statemachine.DatanodeStateMachine (DatanodeStateMachine.java:stopDaemon(395)) - Ozone container server stopped.
2019-07-14 01:11:05,677 INFO  server.AbstractConnector (AbstractConnector.java:doStop(318)) - Stopped ServerConnector@541ea657{HTTP/1.1,[http/1.1]}{0.0.0.0:0}
2019-07-14 01:11:05,679 INFO  handler.ContextHandler (ContextHandler.java:doStop(910)) - Stopped o.e.j.w.WebAppContext@589dac96{/,null,UNAVAILABLE}{/hddsDatanode}
2019-07-14 01:11:05,679 INFO  handler.ContextHandler (ContextHandler.java:doStop(910)) - Stopped o.e.j.s.ServletContextHandler@4ec1192f{/static,jar:file:/home/user/.m2/repository/org/apache/hadoop/hadoop-hdds-container-service/0.5.0-SNAPSHOT/hadoop-hdds-container-service-0.5.0-SNAPSHOT.jar!/webapps/static,UNAVAILABLE}
2019-07-14 01:11:05,679 INFO  server.AbstractConnector (AbstractConnector.java:doStop(318)) - Stopped ServerConnector@792bf78a{HTTP/1.1,[http/1.1]}{0.0.0.0:0}
2019-07-14 01:11:05,679 INFO  handler.ContextHandler (ContextHandler.java:doStop(910)) - Stopped o.e.j.s.ServletContextHandler@6cfa20c1{/logs,file:///tmp/workdir/hadoop-ozone/integration-test/target/log,UNAVAILABLE}
2019-07-14 01:11:05,680 INFO  handler.ContextHandler (ContextHandler.java:doStop(910)) - Stopped o.e.j.s.ServletContextHandler@19c145d2{/static,jar:file:/home/user/.m2/repository/org/apache/hadoop/hadoop-hdds-container-service/0.5.0-SNAPSHOT/hadoop-hdds-container-service-0.5.0-SNAPSHOT.jar!/webapps/static,UNAVAILABLE}
2019-07-14 01:11:05,680 INFO  handler.ContextHandler (ContextHandler.java:doStop(910)) - Stopped o.e.j.s.ServletContextHandler@4228a2f6{/logs,file:///tmp/workdir/hadoop-ozone/integration-test/target/log,UNAVAILABLE}
2019-07-14 01:11:05,680 INFO  datanode.ObjectStoreHandler (ObjectStoreHandler.java:close(155)) - Closing ObjectStoreHandler.
2019-07-14 01:11:05,681 INFO  datanode.ObjectStoreHandler (ObjectStoreHandler.java:close(155)) - Closing ObjectStoreHandler.
2019-07-14 01:11:05,681 INFO  ozone.HddsDatanodeService (HddsDatanodeService.java:stop(452)) - Stopped plug-in org.apache.hadoop.ozone.web.OzoneHddsDatanodeService@c9a18ed
2019-07-14 01:11:05,681 INFO  ozone.HddsDatanodeService (HddsDatanodeService.java:stop(452)) - Stopped plug-in org.apache.hadoop.ozone.web.OzoneHddsDatanodeService@414d5660
2019-07-14 01:11:05,848 INFO  statemachine.DatanodeStateMachine (DatanodeStateMachine.java:lambda$startDaemon$0(350)) - Ozone container server started.
2019-07-14 01:11:06,165 INFO  statemachine.DatanodeStateMachine (DatanodeStateMachine.java:lambda$startDaemon$0(350)) - Ozone container server started.
2019-07-14 01:11:07,636 WARN  server.GrpcLogAppender (LogUtils.java:warn(134)) - f3eac508-6af5-4edc-add6-c410547da8f4->9478bc8e-041d-426e-9c77-bbfdf70f4392: Failed appendEntries: org.apache.ratis.thirdparty.io.grpc.StatusRuntimeException: UNAVAILABLE: io exception
2019-07-14 01:11:07,637 INFO  impl.FollowerInfo (FollowerInfo.java:lambda$new$0(50)) - f3eac508-6af5-4edc-add6-c410547da8f4->9478bc8e-041d-426e-9c77-bbfdf70f4392: nextIndex: updateUnconditionally 6 -> 5
2019-07-14 01:11:07,639 WARN  server.GrpcLogAppender (LogUtils.java:warn(134)) - f3eac508-6af5-4edc-add6-c410547da8f4->5d27a16c-da1a-4f85-bf61-26cd87951759: Failed appendEntries: org.apache.ratis.thirdparty.io.grpc.StatusRuntimeException: UNAVAILABLE: io exception
2019-07-14 01:11:07,639 INFO  impl.FollowerInfo (FollowerInfo.java:lambda$new$0(50)) - f3eac508-6af5-4edc-add6-c410547da8f4->5d27a16c-da1a-4f85-bf61-26cd87951759: nextIndex: updateUnconditionally 8 -> 7
2019-07-14 01:11:09,884 INFO  node.StaleNodeHandler (StaleNodeHandler.java:onMessage(58)) - Datanode 463a6fc8-38e8-4c1e-8d3c-1d0a27c7509c{ip: 192.168.157.230, host: trunk-nightly-sxkq5-3320257302, networkLocation: /default-rack, certSerialId: null} moved to stale state. Finalizing its pipelines [PipelineID=96f0af00-5fa5-49b9-b0d6-682c52d51cd2]
2019-07-14 01:11:09,884 INFO  pipeline.SCMPipelineManager (SCMPipelineManager.java:finalizeAndDestroyPipeline(309)) - destroying pipeline:Pipeline[ Id: 96f0af00-5fa5-49b9-b0d6-682c52d51cd2, Nodes: 463a6fc8-38e8-4c1e-8d3c-1d0a27c7509c{ip: 192.168.157.230, host: trunk-nightly-sxkq5-3320257302, networkLocation: /default-rack, certSerialId: null}, Type:RATIS, Factor:ONE, State:OPEN]
2019-07-14 01:11:09,885 INFO  pipeline.PipelineStateManager (PipelineStateManager.java:finalizePipeline(123)) - Pipeline Pipeline[ Id: 96f0af00-5fa5-49b9-b0d6-682c52d51cd2, Nodes: 463a6fc8-38e8-4c1e-8d3c-1d0a27c7509c{ip: 192.168.157.230, host: trunk-nightly-sxkq5-3320257302, networkLocation: /default-rack, certSerialId: null}, Type:RATIS, Factor:ONE, State:CLOSED] moved to CLOSED state
2019-07-14 01:11:10,137 WARN  server.GrpcLogAppender (LogUtils.java:warn(134)) - f3eac508-6af5-4edc-add6-c410547da8f4->9478bc8e-041d-426e-9c77-bbfdf70f4392: Failed appendEntries: org.apache.ratis.thirdparty.io.grpc.StatusRuntimeException: UNAVAILABLE: io exception
2019-07-14 01:11:10,138 INFO  impl.FollowerInfo (FollowerInfo.java:lambda$new$0(50)) - f3eac508-6af5-4edc-add6-c410547da8f4->9478bc8e-041d-426e-9c77-bbfdf70f4392: nextIndex: updateUnconditionally 5 -> 4
2019-07-14 01:11:10,140 WARN  server.GrpcLogAppender (LogUtils.java:warn(134)) - f3eac508-6af5-4edc-add6-c410547da8f4->5d27a16c-da1a-4f85-bf61-26cd87951759: Failed appendEntries: org.apache.ratis.thirdparty.io.grpc.StatusRuntimeException: UNAVAILABLE: io exception
2019-07-14 01:11:10,140 INFO  impl.FollowerInfo (FollowerInfo.java:lambda$new$0(50)) - f3eac508-6af5-4edc-add6-c410547da8f4->5d27a16c-da1a-4f85-bf61-26cd87951759: nextIndex: updateUnconditionally 7 -> 6
2019-07-14 01:11:10,184 INFO  node.StaleNodeHandler (StaleNodeHandler.java:onMessage(58)) - Datanode f3eac508-6af5-4edc-add6-c410547da8f4{ip: 192.168.157.230, host: trunk-nightly-sxkq5-3320257302, networkLocation: /default-rack, certSerialId: null} moved to stale state. Finalizing its pipelines [PipelineID=3bae2e3b-0eb8-466b-926f-85b96bd01710, PipelineID=05d16df0-ccaa-468f-9536-13161738c1f4]
2019-07-14 01:11:10,185 INFO  pipeline.SCMPipelineManager (SCMPipelineManager.java:finalizeAndDestroyPipeline(309)) - destroying pipeline:Pipeline[ Id: 3bae2e3b-0eb8-466b-926f-85b96bd01710, Nodes: 9478bc8e-041d-426e-9c77-bbfdf70f4392{ip: 192.168.157.230, host: trunk-nightly-sxkq5-3320257302, networkLocation: /default-rack, certSerialId: null}f3eac508-6af5-4edc-add6-c410547da8f4{ip: 192.168.157.230, host: trunk-nightly-sxkq5-3320257302, networkLocation: /default-rack, certSerialId: null}5d27a16c-da1a-4f85-bf61-26cd87951759{ip: 192.168.157.230, host: trunk-nightly-sxkq5-3320257302, networkLocation: /default-rack, certSerialId: null}, Type:RATIS, Factor:THREE, State:CLOSED]
2019-07-14 01:11:10,185 INFO  pipeline.SCMPipelineManager (SCMPipelineManager.java:finalizeAndDestroyPipeline(309)) - destroying pipeline:Pipeline[ Id: 05d16df0-ccaa-468f-9536-13161738c1f4, Nodes: f3eac508-6af5-4edc-add6-c410547da8f4{ip: 192.168.157.230, host: trunk-nightly-sxkq5-3320257302, networkLocation: /default-rack, certSerialId: null}, Type:RATIS, Factor:ONE, State:OPEN]
2019-07-14 01:11:10,185 INFO  pipeline.PipelineStateManager (PipelineStateManager.java:finalizePipeline(123)) - Pipeline Pipeline[ Id: 05d16df0-ccaa-468f-9536-13161738c1f4, Nodes: f3eac508-6af5-4edc-add6-c410547da8f4{ip: 192.168.157.230, host: trunk-nightly-sxkq5-3320257302, networkLocation: /default-rack, certSerialId: null}, Type:RATIS, Factor:ONE, State:CLOSED] moved to CLOSED state
2019-07-14 01:11:10,682 INFO  ozoneimpl.OzoneContainer (OzoneContainer.java:stop(199)) - Attempting to stop container services.
2019-07-14 01:11:10,682 INFO  ozoneimpl.OzoneContainer (OzoneContainer.java:stop(199)) - Attempting to stop container services.
2019-07-14 01:11:10,683 INFO  impl.RaftServerProxy (RaftServerProxy.java:lambda$close$4(314)) - 463a6fc8-38e8-4c1e-8d3c-1d0a27c7509c: close
2019-07-14 01:11:10,683 INFO  impl.RaftServerProxy (RaftServerProxy.java:lambda$close$4(314)) - f3eac508-6af5-4edc-add6-c410547da8f4: close
2019-07-14 01:11:10,683 INFO  impl.RaftServerImpl (RaftServerImpl.java:lambda$shutdown$3(245)) - 463a6fc8-38e8-4c1e-8d3c-1d0a27c7509c: shutdown group-682C52D51CD2
2019-07-14 01:11:10,684 INFO  impl.RaftServerImpl (RaftServerImpl.java:lambda$shutdown$3(245)) - f3eac508-6af5-4edc-add6-c410547da8f4: shutdown group-85B96BD01710
2019-07-14 01:11:10,684 INFO  util.JmxRegister (JmxRegister.java:unregister(73)) - Successfully un-registered JMX Bean with object name Ratis:service=RaftServer,group=group-682C52D51CD2,id=463a6fc8-38e8-4c1e-8d3c-1d0a27c7509c
2019-07-14 01:11:10,685 INFO  impl.RoleInfo (RoleInfo.java:shutdownLeaderState(104)) - 463a6fc8-38e8-4c1e-8d3c-1d0a27c7509c: shutdown LeaderState
2019-07-14 01:11:10,684 INFO  util.JmxRegister (JmxRegister.java:unregister(73)) - Successfully un-registered JMX Bean with object name Ratis:service=RaftServer,group=group-85B96BD01710,id=f3eac508-6af5-4edc-add6-c410547da8f4
2019-07-14 01:11:10,685 INFO  impl.PendingRequests (PendingRequests.java:sendNotLeaderResponses(202)) - 463a6fc8-38e8-4c1e-8d3c-1d0a27c7509c-PendingRequests: sendNotLeaderResponses
2019-07-14 01:11:10,685 INFO  impl.RoleInfo (RoleInfo.java:shutdownLeaderState(104)) - f3eac508-6af5-4edc-add6-c410547da8f4: shutdown LeaderState
2019-07-14 01:11:10,686 INFO  ratis.ContainerStateMachine (ContainerStateMachine.java:takeSnapshot(246)) - Taking snapshot at termIndex:(t:0, i:~)
2019-07-14 01:11:10,690 INFO  impl.PendingRequests (PendingRequests.java:sendNotLeaderResponses(202)) - f3eac508-6af5-4edc-add6-c410547da8f4-PendingRequests: sendNotLeaderResponses
2019-07-14 01:11:10,686 INFO  impl.StateMachineUpdater (StateMachineUpdater.java:stopAndJoin(115)) - StateMachineUpdater:463a6fc8-38e8-4c1e-8d3c-1d0a27c7509c:group-682C52D51CD2: set stopIndex = 0
2019-07-14 01:11:10,695 INFO  ratis.ContainerStateMachine (ContainerStateMachine.java:takeSnapshot(246)) - Taking snapshot at termIndex:(t:1, i:8)
2019-07-14 01:11:10,695 INFO  ratis.ContainerStateMachine (ContainerStateMachine.java:takeSnapshot(250)) - Taking a snapshot to file /tmp/workdir/hadoop-ozone/integration-test/target/test-dir/MiniOzoneClusterImpl-ba13c149-e692-4896-a6a2-c6a85364206c/datanode-0/data/ratis/3bae2e3b-0eb8-466b-926f-85b96bd01710/sm/snapshot.1_8
2019-07-14 01:11:10,695 INFO  impl.StateMachineUpdater (StateMachineUpdater.java:stopAndJoin(115)) - StateMachineUpdater:f3eac508-6af5-4edc-add6-c410547da8f4:group-85B96BD01710: set stopIndex = 8
2019-07-14 01:11:10,691 WARN  server.GrpcLogAppender (GrpcLogAppender.java:mayWait(143)) - GrpcLogAppender(f3eac508-6af5-4edc-add6-c410547da8f4->9478bc8e-041d-426e-9c77-bbfdf70f4392): Wait interrupted by java.lang.InterruptedException
2019-07-14 01:11:10,690 WARN  server.GrpcLogAppender (GrpcLogAppender.java:mayWait(143)) - GrpcLogAppender(f3eac508-6af5-4edc-add6-c410547da8f4->5d27a16c-da1a-4f85-bf61-26cd87951759): Wait interrupted by java.lang.InterruptedException
2019-07-14 01:11:10,695 INFO  impl.RaftServerImpl (ServerState.java:close(394)) - 463a6fc8-38e8-4c1e-8d3c-1d0a27c7509c:group-682C52D51CD2 closes. The last applied log index is 0
2019-07-14 01:11:10,697 INFO  segmented.SegmentedRaftLogWorker (SegmentedRaftLogWorker.java:run(313)) - 463a6fc8-38e8-4c1e-8d3c-1d0a27c7509c-SegmentedRaftLogWorker:Storage Directory /tmp/workdir/hadoop-ozone/integration-test/target/test-dir/MiniOzoneClusterImpl-ba13c149-e692-4896-a6a2-c6a85364206c/datanode-6/data/ratis/96f0af00-5fa5-49b9-b0d6-682c52d51cd2 was interrupted, exiting. There are 0 tasks remaining in the queue.
2019-07-14 01:11:10,699 INFO  impl.StateMachineUpdater (StateMachineUpdater.java:takeSnapshot(242)) - StateMachineUpdater:f3eac508-6af5-4edc-add6-c410547da8f4:group-85B96BD01710: Took a snapshot at index 8
2019-07-14 01:11:10,699 INFO  segmented.SegmentedRaftLogWorker (SegmentedRaftLogWorker.java:close(228)) - 463a6fc8-38e8-4c1e-8d3c-1d0a27c7509c-SegmentedRaftLogWorker:Storage Directory /tmp/workdir/hadoop-ozone/integration-test/target/test-dir/MiniOzoneClusterImpl-ba13c149-e692-4896-a6a2-c6a85364206c/datanode-6/data/ratis/96f0af00-5fa5-49b9-b0d6-682c52d51cd2 close()
2019-07-14 01:11:10,699 INFO  impl.StateMachineUpdater (StateMachineUpdater.java:lambda$new$0(80)) - StateMachineUpdater:f3eac508-6af5-4edc-add6-c410547da8f4:group-85B96BD01710: snapshotIndex: updateIncreasingly -1 -> 8
2019-07-14 01:11:10,701 INFO  server.GrpcService (GrpcService.java:closeImpl(155)) - 463a6fc8-38e8-4c1e-8d3c-1d0a27c7509c: shutdown server with port 45852 now
2019-07-14 01:11:10,701 INFO  impl.RaftServerImpl (ServerState.java:close(394)) - f3eac508-6af5-4edc-add6-c410547da8f4:group-85B96BD01710 closes. The last applied log index is 8
2019-07-14 01:11:10,703 INFO  server.GrpcService (GrpcService.java:closeImpl(163)) - 463a6fc8-38e8-4c1e-8d3c-1d0a27c7509c: shutdown server with port 45852 successfully
2019-07-14 01:11:10,703 INFO  segmented.SegmentedRaftLogWorker (SegmentedRaftLogWorker.java:run(313)) - f3eac508-6af5-4edc-add6-c410547da8f4-SegmentedRaftLogWorker:Storage Directory /tmp/workdir/hadoop-ozone/integration-test/target/test-dir/MiniOzoneClusterImpl-ba13c149-e692-4896-a6a2-c6a85364206c/datanode-0/data/ratis/3bae2e3b-0eb8-466b-926f-85b96bd01710 was interrupted, exiting. There are 0 tasks remaining in the queue.
2019-07-14 01:11:10,706 INFO  segmented.SegmentedRaftLogWorker (SegmentedRaftLogWorker.java:close(228)) - f3eac508-6af5-4edc-add6-c410547da8f4-SegmentedRaftLogWorker:Storage Directory /tmp/workdir/hadoop-ozone/integration-test/target/test-dir/MiniOzoneClusterImpl-ba13c149-e692-4896-a6a2-c6a85364206c/datanode-0/data/ratis/3bae2e3b-0eb8-466b-926f-85b96bd01710 close()
2019-07-14 01:11:10,708 INFO  impl.RaftServerImpl (RaftServerImpl.java:lambda$shutdown$3(245)) - f3eac508-6af5-4edc-add6-c410547da8f4: shutdown group-13161738C1F4
2019-07-14 01:11:10,708 INFO  utils.BackgroundService (BackgroundService.java:shutdown(148)) - Shutting down service BlockDeletingService
2019-07-14 01:11:10,708 INFO  util.JmxRegister (JmxRegister.java:unregister(73)) - Successfully un-registered JMX Bean with object name Ratis:service=RaftServer,group=group-13161738C1F4,id=f3eac508-6af5-4edc-add6-c410547da8f4
2019-07-14 01:11:10,709 INFO  impl.RoleInfo (RoleInfo.java:shutdownLeaderState(104)) - f3eac508-6af5-4edc-add6-c410547da8f4: shutdown LeaderState
2019-07-14 01:11:10,709 INFO  impl.PendingRequests (PendingRequests.java:sendNotLeaderResponses(202)) - f3eac508-6af5-4edc-add6-c410547da8f4-PendingRequests: sendNotLeaderResponses
2019-07-14 01:11:10,710 WARN  fs.CachingGetSpaceUsed (CachingGetSpaceUsed.java:run(183)) - Thread Interrupted waiting to refresh disk information: sleep interrupted
2019-07-14 01:11:10,710 INFO  ratis.ContainerStateMachine (ContainerStateMachine.java:takeSnapshot(246)) - Taking snapshot at termIndex:(t:0, i:~)
2019-07-14 01:11:10,710 INFO  impl.StateMachineUpdater (StateMachineUpdater.java:stopAndJoin(115)) - StateMachineUpdater:f3eac508-6af5-4edc-add6-c410547da8f4:group-13161738C1F4: set stopIndex = 0
2019-07-14 01:11:10,710 INFO  impl.RaftServerImpl (ServerState.java:close(394)) - f3eac508-6af5-4edc-add6-c410547da8f4:group-13161738C1F4 closes. The last applied log index is 0
2019-07-14 01:11:10,711 INFO  segmented.SegmentedRaftLogWorker (SegmentedRaftLogWorker.java:run(313)) - f3eac508-6af5-4edc-add6-c410547da8f4-SegmentedRaftLogWorker:Storage Directory /tmp/workdir/hadoop-ozone/integration-test/target/test-dir/MiniOzoneClusterImpl-ba13c149-e692-4896-a6a2-c6a85364206c/datanode-0/data/ratis/05d16df0-ccaa-468f-9536-13161738c1f4 was interrupted, exiting. There are 0 tasks remaining in the queue.
2019-07-14 01:11:10,713 INFO  segmented.SegmentedRaftLogWorker (SegmentedRaftLogWorker.java:close(228)) - f3eac508-6af5-4edc-add6-c410547da8f4-SegmentedRaftLogWorker:Storage Directory /tmp/workdir/hadoop-ozone/integration-test/target/test-dir/MiniOzoneClusterImpl-ba13c149-e692-4896-a6a2-c6a85364206c/datanode-0/data/ratis/05d16df0-ccaa-468f-9536-13161738c1f4 close()
2019-07-14 01:11:10,715 INFO  server.GrpcService (GrpcService.java:closeImpl(155)) - f3eac508-6af5-4edc-add6-c410547da8f4: shutdown server with port 44195 now
2019-07-14 01:11:10,716 INFO  server.GrpcService (GrpcService.java:closeImpl(163)) - f3eac508-6af5-4edc-add6-c410547da8f4: shutdown server with port 44195 successfully
2019-07-14 01:11:10,719 INFO  utils.BackgroundService (BackgroundService.java:shutdown(148)) - Shutting down service BlockDeletingService
2019-07-14 01:11:10,721 WARN  fs.CachingGetSpaceUsed (CachingGetSpaceUsed.java:run(183)) - Thread Interrupted waiting to refresh disk information: sleep interrupted
2019-07-14 01:11:10,732 INFO  statemachine.DatanodeStateMachine (DatanodeStateMachine.java:stopDaemon(395)) - Ozone container server stopped.
2019-07-14 01:11:10,733 INFO  handler.ContextHandler (ContextHandler.java:doStop(910)) - Stopped o.e.j.w.WebAppContext@12ef8410{/,null,UNAVAILABLE}{/hddsDatanode}
2019-07-14 01:11:10,733 INFO  server.AbstractConnector (AbstractConnector.java:doStop(318)) - Stopped ServerConnector@731819a0{HTTP/1.1,[http/1.1]}{0.0.0.0:0}
2019-07-14 01:11:10,734 INFO  handler.ContextHandler (ContextHandler.java:doStop(910)) - Stopped o.e.j.s.ServletContextHandler@7aa06fac{/static,jar:file:/home/user/.m2/repository/org/apache/hadoop/hadoop-hdds-container-service/0.5.0-SNAPSHOT/hadoop-hdds-container-service-0.5.0-SNAPSHOT.jar!/webapps/static,UNAVAILABLE}
2019-07-14 01:11:10,734 INFO  handler.ContextHandler (ContextHandler.java:doStop(910)) - Stopped o.e.j.s.ServletContextHandler@54ebacdc{/logs,file:///tmp/workdir/hadoop-ozone/integration-test/target/log,UNAVAILABLE}
2019-07-14 01:11:10,735 INFO  datanode.ObjectStoreHandler (ObjectStoreHandler.java:close(155)) - Closing ObjectStoreHandler.
2019-07-14 01:11:10,735 INFO  ozone.HddsDatanodeService (HddsDatanodeService.java:stop(452)) - Stopped plug-in org.apache.hadoop.ozone.web.OzoneHddsDatanodeService@255eadf5
2019-07-14 01:11:10,747 INFO  statemachine.DatanodeStateMachine (DatanodeStateMachine.java:stopDaemon(395)) - Ozone container server stopped.
2019-07-14 01:11:10,750 INFO  handler.ContextHandler (ContextHandler.java:doStop(910)) - Stopped o.e.j.w.WebAppContext@73ae084e{/,null,UNAVAILABLE}{/hddsDatanode}
2019-07-14 01:11:10,751 INFO  server.AbstractConnector (AbstractConnector.java:doStop(318)) - Stopped ServerConnector@363a1d8d{HTTP/1.1,[http/1.1]}{0.0.0.0:0}
2019-07-14 01:11:10,751 INFO  handler.ContextHandler (ContextHandler.java:doStop(910)) - Stopped o.e.j.s.ServletContextHandler@5ab2c5d8{/static,jar:file:/home/user/.m2/repository/org/apache/hadoop/hadoop-hdds-container-service/0.5.0-SNAPSHOT/hadoop-hdds-container-service-0.5.0-SNAPSHOT.jar!/webapps/static,UNAVAILABLE}
2019-07-14 01:11:10,752 INFO  handler.ContextHandler (ContextHandler.java:doStop(910)) - Stopped o.e.j.s.ServletContextHandler@7b13ae73{/logs,file:///tmp/workdir/hadoop-ozone/integration-test/target/log,UNAVAILABLE}
2019-07-14 01:11:11,349 INFO  statemachine.DatanodeStateMachine (DatanodeStateMachine.java:lambda$startDaemon$0(350)) - Ozone container server started.
2019-07-14 01:11:13,229 INFO  impl.FollowerState (FollowerState.java:run(106)) - d1587925-a911-45c7-ac20-8a6df57d1292:group-38A362F06419 changes to CANDIDATE, lastRpcTime:7839, electionTimeout:5152ms
2019-07-14 01:11:13,229 INFO  impl.RoleInfo (RoleInfo.java:shutdownFollowerState(121)) - d1587925-a911-45c7-ac20-8a6df57d1292: shutdown FollowerState
2019-07-14 01:11:13,229 INFO  impl.RaftServerImpl (RaftServerImpl.java:setRole(171)) - d1587925-a911-45c7-ac20-8a6df57d1292:group-38A362F06419 changes role from FOLLOWER to CANDIDATE at term 1 for changeToCandidate
2019-07-14 01:11:13,229 INFO  impl.RoleInfo (RoleInfo.java:updateAndGet(143)) - d1587925-a911-45c7-ac20-8a6df57d1292: start LeaderElection
2019-07-14 01:11:13,231 INFO  impl.RaftServerImpl (ServerState.java:setLeader(263)) - d1587925-a911-45c7-ac20-8a6df57d1292:group-38A362F06419 change Leader from d278cd0f-199e-431f-8b12-f3d669e45104 to null at term 1 for initElection
2019-07-14 01:11:13,264 INFO  impl.LeaderElection (LeaderElection.java:askForVotes(181)) - d1587925-a911-45c7-ac20-8a6df57d1292:group-38A362F06419:LeaderElection79: begin an election at term 2 for 0: [729cc98b-57a4-4371-b814-2b10682e9198:192.168.157.230:44283, d278cd0f-199e-431f-8b12-f3d669e45104:192.168.157.230:35736, d1587925-a911-45c7-ac20-8a6df57d1292:192.168.157.230:43222], old=null
2019-07-14 01:11:13,266 INFO  impl.LeaderElection (LogUtils.java:infoOrTrace(149)) - d1587925-a911-45c7-ac20-8a6df57d1292:group-38A362F06419:LeaderElection79 got exception when requesting votes: {}
java.util.concurrent.ExecutionException: org.apache.ratis.thirdparty.io.grpc.StatusRuntimeException: UNAVAILABLE: io exception
	at java.util.concurrent.FutureTask.report(FutureTask.java:122)
	at java.util.concurrent.FutureTask.get(FutureTask.java:192)
	at org.apache.ratis.server.impl.LeaderElection.waitForResults(LeaderElection.java:262)
	at org.apache.ratis.server.impl.LeaderElection.askForVotes(LeaderElection.java:200)
	at org.apache.ratis.server.impl.LeaderElection.run(LeaderElection.java:130)
	at java.lang.Thread.run(Thread.java:748)
Caused by: org.apache.ratis.thirdparty.io.grpc.StatusRuntimeException: UNAVAILABLE: io exception
	at org.apache.ratis.thirdparty.io.grpc.stub.ClientCalls.toStatusRuntimeException(ClientCalls.java:233)
	at org.apache.ratis.thirdparty.io.grpc.stub.ClientCalls.getUnchecked(ClientCalls.java:214)
	at org.apache.ratis.thirdparty.io.grpc.stub.ClientCalls.blockingUnaryCall(ClientCalls.java:139)
	at org.apache.ratis.proto.grpc.RaftServerProtocolServiceGrpc$RaftServerProtocolServiceBlockingStub.requestVote(RaftServerProtocolServiceGrpc.java:265)
	at org.apache.ratis.grpc.server.GrpcServerProtocolClient.requestVote(GrpcServerProtocolClient.java:83)
	at org.apache.ratis.grpc.server.GrpcService.requestVote(GrpcService.java:195)
	at org.apache.ratis.server.impl.LeaderElection.lambda$submitRequests$1(LeaderElection.java:237)
	at java.util.concurrent.FutureTask.run(FutureTask.java:266)
	at java.util.concurrent.Executors$RunnableAdapter.call(Executors.java:511)
	at java.util.concurrent.FutureTask.run(FutureTask.java:266)
	at java.util.concurrent.ThreadPoolExecutor.runWorker(ThreadPoolExecutor.java:1149)
	at java.util.concurrent.ThreadPoolExecutor$Worker.run(ThreadPoolExecutor.java:624)
	... 1 more
Caused by: org.apache.ratis.thirdparty.io.netty.channel.AbstractChannel$AnnotatedConnectException: Connection refused: /192.168.157.230:44283
	at sun.nio.ch.SocketChannelImpl.checkConnect(Native Method)
	at sun.nio.ch.SocketChannelImpl.finishConnect(SocketChannelImpl.java:717)
	at org.apache.ratis.thirdparty.io.netty.channel.socket.nio.NioSocketChannel.doFinishConnect(NioSocketChannel.java:327)
	at org.apache.ratis.thirdparty.io.netty.channel.nio.AbstractNioChannel$AbstractNioUnsafe.finishConnect(AbstractNioChannel.java:340)
	at org.apache.ratis.thirdparty.io.netty.channel.nio.NioEventLoop.processSelectedKey(NioEventLoop.java:632)
	at org.apache.ratis.thirdparty.io.netty.channel.nio.NioEventLoop.processSelectedKeysOptimized(NioEventLoop.java:579)
	at org.apache.ratis.thirdparty.io.netty.channel.nio.NioEventLoop.processSelectedKeys(NioEventLoop.java:496)
	at org.apache.ratis.thirdparty.io.netty.channel.nio.NioEventLoop.run(NioEventLoop.java:458)
	at org.apache.ratis.thirdparty.io.netty.util.concurrent.SingleThreadEventExecutor$5.run(SingleThreadEventExecutor.java:897)
	at org.apache.ratis.thirdparty.io.netty.util.concurrent.FastThreadLocalRunnable.run(FastThreadLocalRunnable.java:30)
	... 1 more
Caused by: java.net.ConnectException: Connection refused
	... 11 more
2019-07-14 01:11:13,268 INFO  impl.LeaderElection (LogUtils.java:infoOrTrace(149)) - d1587925-a911-45c7-ac20-8a6df57d1292:group-38A362F06419:LeaderElection79 got exception when requesting votes: {}
java.util.concurrent.ExecutionException: org.apache.ratis.thirdparty.io.grpc.StatusRuntimeException: UNAVAILABLE: io exception
	at java.util.concurrent.FutureTask.report(FutureTask.java:122)
	at java.util.concurrent.FutureTask.get(FutureTask.java:192)
	at org.apache.ratis.server.impl.LeaderElection.waitForResults(LeaderElection.java:262)
	at org.apache.ratis.server.impl.LeaderElection.askForVotes(LeaderElection.java:200)
	at org.apache.ratis.server.impl.LeaderElection.run(LeaderElection.java:130)
	at java.lang.Thread.run(Thread.java:748)
Caused by: org.apache.ratis.thirdparty.io.grpc.StatusRuntimeException: UNAVAILABLE: io exception
	at org.apache.ratis.thirdparty.io.grpc.stub.ClientCalls.toStatusRuntimeException(ClientCalls.java:233)
	at org.apache.ratis.thirdparty.io.grpc.stub.ClientCalls.getUnchecked(ClientCalls.java:214)
	at org.apache.ratis.thirdparty.io.grpc.stub.ClientCalls.blockingUnaryCall(ClientCalls.java:139)
	at org.apache.ratis.proto.grpc.RaftServerProtocolServiceGrpc$RaftServerProtocolServiceBlockingStub.requestVote(RaftServerProtocolServiceGrpc.java:265)
	at org.apache.ratis.grpc.server.GrpcServerProtocolClient.requestVote(GrpcServerProtocolClient.java:83)
	at org.apache.ratis.grpc.server.GrpcService.requestVote(GrpcService.java:195)
	at org.apache.ratis.server.impl.LeaderElection.lambda$submitRequests$1(LeaderElection.java:237)
	at java.util.concurrent.FutureTask.run(FutureTask.java:266)
	at java.util.concurrent.Executors$RunnableAdapter.call(Executors.java:511)
	at java.util.concurrent.FutureTask.run(FutureTask.java:266)
	at java.util.concurrent.ThreadPoolExecutor.runWorker(ThreadPoolExecutor.java:1149)
	at java.util.concurrent.ThreadPoolExecutor$Worker.run(ThreadPoolExecutor.java:624)
	... 1 more
Caused by: org.apache.ratis.thirdparty.io.netty.channel.AbstractChannel$AnnotatedConnectException: Connection refused: /192.168.157.230:35736
	at sun.nio.ch.SocketChannelImpl.checkConnect(Native Method)
	at sun.nio.ch.SocketChannelImpl.finishConnect(SocketChannelImpl.java:717)
	at org.apache.ratis.thirdparty.io.netty.channel.socket.nio.NioSocketChannel.doFinishConnect(NioSocketChannel.java:327)
	at org.apache.ratis.thirdparty.io.netty.channel.nio.AbstractNioChannel$AbstractNioUnsafe.finishConnect(AbstractNioChannel.java:340)
	at org.apache.ratis.thirdparty.io.netty.channel.nio.NioEventLoop.processSelectedKey(NioEventLoop.java:632)
	at org.apache.ratis.thirdparty.io.netty.channel.nio.NioEventLoop.processSelectedKeysOptimized(NioEventLoop.java:579)
	at org.apache.ratis.thirdparty.io.netty.channel.nio.NioEventLoop.processSelectedKeys(NioEventLoop.java:496)
	at org.apache.ratis.thirdparty.io.netty.channel.nio.NioEventLoop.run(NioEventLoop.java:458)
	at org.apache.ratis.thirdparty.io.netty.util.concurrent.SingleThreadEventExecutor$5.run(SingleThreadEventExecutor.java:897)
	at org.apache.ratis.thirdparty.io.netty.util.concurrent.FastThreadLocalRunnable.run(FastThreadLocalRunnable.java:30)
	... 1 more
Caused by: java.net.ConnectException: Connection refused
	... 11 more
2019-07-14 01:11:13,270 INFO  impl.LeaderElection (LeaderElection.java:logAndReturn(56)) - d1587925-a911-45c7-ac20-8a6df57d1292:group-38A362F06419:LeaderElection79: Election REJECTED; received 0 response(s) [] and 2 exception(s); d1587925-a911-45c7-ac20-8a6df57d1292:t2, leader=null, voted=d1587925-a911-45c7-ac20-8a6df57d1292, raftlog=d1587925-a911-45c7-ac20-8a6df57d1292-SegmentedRaftLog:OPENED:c6,f6,i6, conf=0: [729cc98b-57a4-4371-b814-2b10682e9198:192.168.157.230:44283, d278cd0f-199e-431f-8b12-f3d669e45104:192.168.157.230:35736, d1587925-a911-45c7-ac20-8a6df57d1292:192.168.157.230:43222], old=null
2019-07-14 01:11:13,270 INFO  impl.LeaderElection (LogUtils.java:infoOrTrace(149)) -   Exception 0: {}
java.util.concurrent.ExecutionException: org.apache.ratis.thirdparty.io.grpc.StatusRuntimeException: UNAVAILABLE: io exception
	at java.util.concurrent.FutureTask.report(FutureTask.java:122)
	at java.util.concurrent.FutureTask.get(FutureTask.java:192)
	at org.apache.ratis.server.impl.LeaderElection.waitForResults(LeaderElection.java:262)
	at org.apache.ratis.server.impl.LeaderElection.askForVotes(LeaderElection.java:200)
	at org.apache.ratis.server.impl.LeaderElection.run(LeaderElection.java:130)
	at java.lang.Thread.run(Thread.java:748)
Caused by: org.apache.ratis.thirdparty.io.grpc.StatusRuntimeException: UNAVAILABLE: io exception
	at org.apache.ratis.thirdparty.io.grpc.stub.ClientCalls.toStatusRuntimeException(ClientCalls.java:233)
	at org.apache.ratis.thirdparty.io.grpc.stub.ClientCalls.getUnchecked(ClientCalls.java:214)
	at org.apache.ratis.thirdparty.io.grpc.stub.ClientCalls.blockingUnaryCall(ClientCalls.java:139)
	at org.apache.ratis.proto.grpc.RaftServerProtocolServiceGrpc$RaftServerProtocolServiceBlockingStub.requestVote(RaftServerProtocolServiceGrpc.java:265)
	at org.apache.ratis.grpc.server.GrpcServerProtocolClient.requestVote(GrpcServerProtocolClient.java:83)
	at org.apache.ratis.grpc.server.GrpcService.requestVote(GrpcService.java:195)
	at org.apache.ratis.server.impl.LeaderElection.lambda$submitRequests$1(LeaderElection.java:237)
	at java.util.concurrent.FutureTask.run(FutureTask.java:266)
	at java.util.concurrent.Executors$RunnableAdapter.call(Executors.java:511)
	at java.util.concurrent.FutureTask.run(FutureTask.java:266)
	at java.util.concurrent.ThreadPoolExecutor.runWorker(ThreadPoolExecutor.java:1149)
	at java.util.concurrent.ThreadPoolExecutor$Worker.run(ThreadPoolExecutor.java:624)
	... 1 more
Caused by: org.apache.ratis.thirdparty.io.netty.channel.AbstractChannel$AnnotatedConnectException: Connection refused: /192.168.157.230:44283
	at sun.nio.ch.SocketChannelImpl.checkConnect(Native Method)
	at sun.nio.ch.SocketChannelImpl.finishConnect(SocketChannelImpl.java:717)
	at org.apache.ratis.thirdparty.io.netty.channel.socket.nio.NioSocketChannel.doFinishConnect(NioSocketChannel.java:327)
	at org.apache.ratis.thirdparty.io.netty.channel.nio.AbstractNioChannel$AbstractNioUnsafe.finishConnect(AbstractNioChannel.java:340)
	at org.apache.ratis.thirdparty.io.netty.channel.nio.NioEventLoop.processSelectedKey(NioEventLoop.java:632)
	at org.apache.ratis.thirdparty.io.netty.channel.nio.NioEventLoop.processSelectedKeysOptimized(NioEventLoop.java:579)
	at org.apache.ratis.thirdparty.io.netty.channel.nio.NioEventLoop.processSelectedKeys(NioEventLoop.java:496)
	at org.apache.ratis.thirdparty.io.netty.channel.nio.NioEventLoop.run(NioEventLoop.java:458)
	at org.apache.ratis.thirdparty.io.netty.util.concurrent.SingleThreadEventExecutor$5.run(SingleThreadEventExecutor.java:897)
	at org.apache.ratis.thirdparty.io.netty.util.concurrent.FastThreadLocalRunnable.run(FastThreadLocalRunnable.java:30)
	... 1 more
Caused by: java.net.ConnectException: Connection refused
	... 11 more
2019-07-14 01:11:13,270 INFO  impl.LeaderElection (LogUtils.java:infoOrTrace(149)) -   Exception 1: {}
java.util.concurrent.ExecutionException: org.apache.ratis.thirdparty.io.grpc.StatusRuntimeException: UNAVAILABLE: io exception
	at java.util.concurrent.FutureTask.report(FutureTask.java:122)
	at java.util.concurrent.FutureTask.get(FutureTask.java:192)
	at org.apache.ratis.server.impl.LeaderElection.waitForResults(LeaderElection.java:262)
	at org.apache.ratis.server.impl.LeaderElection.askForVotes(LeaderElection.java:200)
	at org.apache.ratis.server.impl.LeaderElection.run(LeaderElection.java:130)
	at java.lang.Thread.run(Thread.java:748)
Caused by: org.apache.ratis.thirdparty.io.grpc.StatusRuntimeException: UNAVAILABLE: io exception
	at org.apache.ratis.thirdparty.io.grpc.stub.ClientCalls.toStatusRuntimeException(ClientCalls.java:233)
	at org.apache.ratis.thirdparty.io.grpc.stub.ClientCalls.getUnchecked(ClientCalls.java:214)
	at org.apache.ratis.thirdparty.io.grpc.stub.ClientCalls.blockingUnaryCall(ClientCalls.java:139)
	at org.apache.ratis.proto.grpc.RaftServerProtocolServiceGrpc$RaftServerProtocolServiceBlockingStub.requestVote(RaftServerProtocolServiceGrpc.java:265)
	at org.apache.ratis.grpc.server.GrpcServerProtocolClient.requestVote(GrpcServerProtocolClient.java:83)
	at org.apache.ratis.grpc.server.GrpcService.requestVote(GrpcService.java:195)
	at org.apache.ratis.server.impl.LeaderElection.lambda$submitRequests$1(LeaderElection.java:237)
	at java.util.concurrent.FutureTask.run(FutureTask.java:266)
	at java.util.concurrent.Executors$RunnableAdapter.call(Executors.java:511)
	at java.util.concurrent.FutureTask.run(FutureTask.java:266)
	at java.util.concurrent.ThreadPoolExecutor.runWorker(ThreadPoolExecutor.java:1149)
	at java.util.concurrent.ThreadPoolExecutor$Worker.run(ThreadPoolExecutor.java:624)
	... 1 more
Caused by: org.apache.ratis.thirdparty.io.netty.channel.AbstractChannel$AnnotatedConnectException: Connection refused: /192.168.157.230:35736
	at sun.nio.ch.SocketChannelImpl.checkConnect(Native Method)
	at sun.nio.ch.SocketChannelImpl.finishConnect(SocketChannelImpl.java:717)
	at org.apache.ratis.thirdparty.io.netty.channel.socket.nio.NioSocketChannel.doFinishConnect(NioSocketChannel.java:327)
	at org.apache.ratis.thirdparty.io.netty.channel.nio.AbstractNioChannel$AbstractNioUnsafe.finishConnect(AbstractNioChannel.java:340)
	at org.apache.ratis.thirdparty.io.netty.channel.nio.NioEventLoop.processSelectedKey(NioEventLoop.java:632)
	at org.apache.ratis.thirdparty.io.netty.channel.nio.NioEventLoop.processSelectedKeysOptimized(NioEventLoop.java:579)
	at org.apache.ratis.thirdparty.io.netty.channel.nio.NioEventLoop.processSelectedKeys(NioEventLoop.java:496)
	at org.apache.ratis.thirdparty.io.netty.channel.nio.NioEventLoop.run(NioEventLoop.java:458)
	at org.apache.ratis.thirdparty.io.netty.util.concurrent.SingleThreadEventExecutor$5.run(SingleThreadEventExecutor.java:897)
	at org.apache.ratis.thirdparty.io.netty.util.concurrent.FastThreadLocalRunnable.run(FastThreadLocalRunnable.java:30)
	... 1 more
Caused by: java.net.ConnectException: Connection refused
	... 11 more
2019-07-14 01:11:13,270 INFO  impl.RaftServerImpl (RaftServerImpl.java:setRole(171)) - d1587925-a911-45c7-ac20-8a6df57d1292:group-38A362F06419 changes role from CANDIDATE to FOLLOWER at term 2 for DISCOVERED_A_NEW_TERM
2019-07-14 01:11:13,270 INFO  impl.RoleInfo (RoleInfo.java:shutdownLeaderElection(134)) - d1587925-a911-45c7-ac20-8a6df57d1292: shutdown LeaderElection
2019-07-14 01:11:13,271 INFO  impl.RoleInfo (RoleInfo.java:updateAndGet(143)) - d1587925-a911-45c7-ac20-8a6df57d1292: start FollowerState
2019-07-14 01:11:15,391 INFO  node.StaleNodeHandler (StaleNodeHandler.java:onMessage(58)) - Datanode d1587925-a911-45c7-ac20-8a6df57d1292{ip: 192.168.157.230, host: trunk-nightly-sxkq5-3320257302, networkLocation: /default-rack, certSerialId: null} moved to stale state. Finalizing its pipelines [PipelineID=e5e2a92d-8647-498b-b81d-38a362f06419, PipelineID=e1c3d569-3766-45c3-ad35-cdd9cb9c1b49]
2019-07-14 01:11:15,392 INFO  pipeline.SCMPipelineManager (SCMPipelineManager.java:finalizeAndDestroyPipeline(309)) - destroying pipeline:Pipeline[ Id: e5e2a92d-8647-498b-b81d-38a362f06419, Nodes: 729cc98b-57a4-4371-b814-2b10682e9198{ip: 192.168.157.230, host: trunk-nightly-sxkq5-3320257302, networkLocation: /default-rack, certSerialId: null}d278cd0f-199e-431f-8b12-f3d669e45104{ip: 192.168.157.230, host: trunk-nightly-sxkq5-3320257302, networkLocation: /default-rack, certSerialId: null}d1587925-a911-45c7-ac20-8a6df57d1292{ip: 192.168.157.230, host: trunk-nightly-sxkq5-3320257302, networkLocation: /default-rack, certSerialId: null}, Type:RATIS, Factor:THREE, State:CLOSED]
2019-07-14 01:11:15,392 INFO  pipeline.SCMPipelineManager (SCMPipelineManager.java:finalizeAndDestroyPipeline(309)) - destroying pipeline:Pipeline[ Id: e1c3d569-3766-45c3-ad35-cdd9cb9c1b49, Nodes: d1587925-a911-45c7-ac20-8a6df57d1292{ip: 192.168.157.230, host: trunk-nightly-sxkq5-3320257302, networkLocation: /default-rack, certSerialId: null}, Type:RATIS, Factor:ONE, State:OPEN]
2019-07-14 01:11:15,392 INFO  pipeline.PipelineStateManager (PipelineStateManager.java:finalizePipeline(123)) - Pipeline Pipeline[ Id: e1c3d569-3766-45c3-ad35-cdd9cb9c1b49, Nodes: d1587925-a911-45c7-ac20-8a6df57d1292{ip: 192.168.157.230, host: trunk-nightly-sxkq5-3320257302, networkLocation: /default-rack, certSerialId: null}, Type:RATIS, Factor:ONE, State:CLOSED] moved to CLOSED state
2019-07-14 01:11:15,736 INFO  ozoneimpl.OzoneContainer (OzoneContainer.java:stop(199)) - Attempting to stop container services.
2019-07-14 01:11:15,737 INFO  impl.RaftServerProxy (RaftServerProxy.java:lambda$close$4(314)) - d1587925-a911-45c7-ac20-8a6df57d1292: close
2019-07-14 01:11:15,737 INFO  impl.RaftServerImpl (RaftServerImpl.java:lambda$shutdown$3(245)) - d1587925-a911-45c7-ac20-8a6df57d1292: shutdown group-38A362F06419
2019-07-14 01:11:15,738 INFO  util.JmxRegister (JmxRegister.java:unregister(73)) - Successfully un-registered JMX Bean with object name Ratis:service=RaftServer,group=group-38A362F06419,id=d1587925-a911-45c7-ac20-8a6df57d1292
2019-07-14 01:11:15,738 INFO  impl.RoleInfo (RoleInfo.java:shutdownFollowerState(121)) - d1587925-a911-45c7-ac20-8a6df57d1292: shutdown FollowerState
2019-07-14 01:11:15,739 INFO  impl.StateMachineUpdater (StateMachineUpdater.java:stopAndJoin(115)) - StateMachineUpdater:d1587925-a911-45c7-ac20-8a6df57d1292:group-38A362F06419: set stopIndex = 6
2019-07-14 01:11:15,739 INFO  ratis.ContainerStateMachine (ContainerStateMachine.java:takeSnapshot(246)) - Taking snapshot at termIndex:(t:1, i:4)
2019-07-14 01:11:15,739 INFO  impl.FollowerState (FollowerState.java:run(114)) - d1587925-a911-45c7-ac20-8a6df57d1292: FollowerState was interrupted: java.lang.InterruptedException: sleep interrupted
2019-07-14 01:11:15,739 INFO  ratis.ContainerStateMachine (ContainerStateMachine.java:takeSnapshot(250)) - Taking a snapshot to file /tmp/workdir/hadoop-ozone/integration-test/target/test-dir/MiniOzoneClusterImpl-ba13c149-e692-4896-a6a2-c6a85364206c/datanode-5/data/ratis/e5e2a92d-8647-498b-b81d-38a362f06419/sm/snapshot.1_4
2019-07-14 01:11:15,742 INFO  impl.StateMachineUpdater (StateMachineUpdater.java:takeSnapshot(242)) - StateMachineUpdater:d1587925-a911-45c7-ac20-8a6df57d1292:group-38A362F06419: Took a snapshot at index 4
2019-07-14 01:11:15,742 INFO  impl.StateMachineUpdater (StateMachineUpdater.java:lambda$new$0(80)) - StateMachineUpdater:d1587925-a911-45c7-ac20-8a6df57d1292:group-38A362F06419: snapshotIndex: updateIncreasingly -1 -> 4
2019-07-14 01:11:15,743 INFO  impl.RaftServerImpl (ServerState.java:close(394)) - d1587925-a911-45c7-ac20-8a6df57d1292:group-38A362F06419 closes. The last applied log index is 6
2019-07-14 01:11:15,744 INFO  segmented.SegmentedRaftLogWorker (SegmentedRaftLogWorker.java:run(313)) - d1587925-a911-45c7-ac20-8a6df57d1292-SegmentedRaftLogWorker:Storage Directory /tmp/workdir/hadoop-ozone/integration-test/target/test-dir/MiniOzoneClusterImpl-ba13c149-e692-4896-a6a2-c6a85364206c/datanode-5/data/ratis/e5e2a92d-8647-498b-b81d-38a362f06419 was interrupted, exiting. There are 0 tasks remaining in the queue.
2019-07-14 01:11:15,745 INFO  segmented.SegmentedRaftLogWorker (SegmentedRaftLogWorker.java:close(228)) - d1587925-a911-45c7-ac20-8a6df57d1292-SegmentedRaftLogWorker:Storage Directory /tmp/workdir/hadoop-ozone/integration-test/target/test-dir/MiniOzoneClusterImpl-ba13c149-e692-4896-a6a2-c6a85364206c/datanode-5/data/ratis/e5e2a92d-8647-498b-b81d-38a362f06419 close()
2019-07-14 01:11:15,747 INFO  impl.RaftServerImpl (RaftServerImpl.java:lambda$shutdown$3(245)) - d1587925-a911-45c7-ac20-8a6df57d1292: shutdown group-CDD9CB9C1B49
2019-07-14 01:11:15,748 INFO  util.JmxRegister (JmxRegister.java:unregister(73)) - Successfully un-registered JMX Bean with object name Ratis:service=RaftServer,group=group-CDD9CB9C1B49,id=d1587925-a911-45c7-ac20-8a6df57d1292
2019-07-14 01:11:15,748 INFO  impl.RoleInfo (RoleInfo.java:shutdownLeaderState(104)) - d1587925-a911-45c7-ac20-8a6df57d1292: shutdown LeaderState
2019-07-14 01:11:15,749 INFO  impl.PendingRequests (PendingRequests.java:sendNotLeaderResponses(202)) - d1587925-a911-45c7-ac20-8a6df57d1292-PendingRequests: sendNotLeaderResponses
2019-07-14 01:11:15,749 INFO  impl.StateMachineUpdater (StateMachineUpdater.java:stopAndJoin(115)) - StateMachineUpdater:d1587925-a911-45c7-ac20-8a6df57d1292:group-CDD9CB9C1B49: set stopIndex = 0
2019-07-14 01:11:15,749 INFO  ratis.ContainerStateMachine (ContainerStateMachine.java:takeSnapshot(246)) - Taking snapshot at termIndex:(t:0, i:~)
2019-07-14 01:11:15,750 INFO  impl.RaftServerImpl (ServerState.java:close(394)) - d1587925-a911-45c7-ac20-8a6df57d1292:group-CDD9CB9C1B49 closes. The last applied log index is 0
2019-07-14 01:11:15,750 INFO  segmented.SegmentedRaftLogWorker (SegmentedRaftLogWorker.java:run(313)) - d1587925-a911-45c7-ac20-8a6df57d1292-SegmentedRaftLogWorker:Storage Directory /tmp/workdir/hadoop-ozone/integration-test/target/test-dir/MiniOzoneClusterImpl-ba13c149-e692-4896-a6a2-c6a85364206c/datanode-5/data/ratis/e1c3d569-3766-45c3-ad35-cdd9cb9c1b49 was interrupted, exiting. There are 0 tasks remaining in the queue.
2019-07-14 01:11:15,752 INFO  segmented.SegmentedRaftLogWorker (SegmentedRaftLogWorker.java:close(228)) - d1587925-a911-45c7-ac20-8a6df57d1292-SegmentedRaftLogWorker:Storage Directory /tmp/workdir/hadoop-ozone/integration-test/target/test-dir/MiniOzoneClusterImpl-ba13c149-e692-4896-a6a2-c6a85364206c/datanode-5/data/ratis/e1c3d569-3766-45c3-ad35-cdd9cb9c1b49 close()
2019-07-14 01:11:15,754 INFO  server.GrpcService (GrpcService.java:closeImpl(155)) - d1587925-a911-45c7-ac20-8a6df57d1292: shutdown server with port 43222 now
2019-07-14 01:11:15,754 INFO  server.GrpcService (GrpcService.java:closeImpl(163)) - d1587925-a911-45c7-ac20-8a6df57d1292: shutdown server with port 43222 successfully
2019-07-14 01:11:15,756 INFO  utils.BackgroundService (BackgroundService.java:shutdown(148)) - Shutting down service BlockDeletingService
2019-07-14 01:11:15,757 WARN  fs.CachingGetSpaceUsed (CachingGetSpaceUsed.java:run(183)) - Thread Interrupted waiting to refresh disk information: sleep interrupted
2019-07-14 01:11:15,772 INFO  statemachine.DatanodeStateMachine (DatanodeStateMachine.java:stopDaemon(395)) - Ozone container server stopped.
2019-07-14 01:11:15,773 INFO  handler.ContextHandler (ContextHandler.java:doStop(910)) - Stopped o.e.j.w.WebAppContext@6e245068{/,null,UNAVAILABLE}{/hddsDatanode}
2019-07-14 01:11:15,774 INFO  server.AbstractConnector (AbstractConnector.java:doStop(318)) - Stopped ServerConnector@aba4a33{HTTP/1.1,[http/1.1]}{0.0.0.0:0}
2019-07-14 01:11:15,775 INFO  handler.ContextHandler (ContextHandler.java:doStop(910)) - Stopped o.e.j.s.ServletContextHandler@4dcdc172{/static,jar:file:/home/user/.m2/repository/org/apache/hadoop/hadoop-hdds-container-service/0.5.0-SNAPSHOT/hadoop-hdds-container-service-0.5.0-SNAPSHOT.jar!/webapps/static,UNAVAILABLE}
2019-07-14 01:11:15,775 INFO  handler.ContextHandler (ContextHandler.java:doStop(910)) - Stopped o.e.j.s.ServletContextHandler@139224ab{/logs,file:///tmp/workdir/hadoop-ozone/integration-test/target/log,UNAVAILABLE}
2019-07-14 01:11:15,776 INFO  ozone.MiniOzoneClusterImpl (MiniOzoneClusterImpl.java:stop(353)) - Stopping the StorageContainerManager
2019-07-14 01:11:15,776 INFO  server.StorageContainerManager (StorageContainerManager.java:stop(796)) - Stopping Replication Manager Service.
2019-07-14 01:11:15,776 INFO  container.ReplicationManager (ReplicationManager.java:stop(187)) - Stopping Replication Monitor Thread.
2019-07-14 01:11:15,776 INFO  server.StorageContainerManager (StorageContainerManager.java:stop(803)) - Stopping Lease Manager of the command watchers
2019-07-14 01:11:15,777 INFO  server.StorageContainerManager (StorageContainerManager.java:stop(810)) - Stopping datanode service RPC server
2019-07-14 01:11:15,777 INFO  server.SCMDatanodeProtocolServer (SCMDatanodeProtocolServer.java:stop(375)) - Stopping the RPC server for DataNodes
2019-07-14 01:11:15,777 INFO  ipc.Server (Server.java:stop(3082)) - Stopping server on 41004
2019-07-14 01:11:15,779 INFO  ipc.Server (Server.java:run(1319)) - Stopping IPC Server Responder
2019-07-14 01:11:15,779 INFO  ipc.Server (Server.java:run(1185)) - Stopping IPC Server listener on 41004
2019-07-14 01:11:15,792 WARN  node.NodeStateManager (NodeStateManager.java:scheduleNextHealthCheck(631)) - Current Thread is interrupted, shutting down HB processing thread for Node Manager.
2019-07-14 01:11:15,792 INFO  server.StorageContainerManager (StorageContainerManager.java:stop(818)) - Stopping block service RPC server
2019-07-14 01:11:15,792 INFO  server.SCMBlockProtocolServer (SCMBlockProtocolServer.java:stop(148)) - Stopping the RPC server for Block Protocol
2019-07-14 01:11:15,792 INFO  ipc.Server (Server.java:stop(3082)) - Stopping server on 33627
2019-07-14 01:11:15,794 INFO  ipc.Server (Server.java:run(1185)) - Stopping IPC Server listener on 33627
2019-07-14 01:11:15,794 INFO  ipc.Server (Server.java:run(1319)) - Stopping IPC Server Responder
2019-07-14 01:11:15,794 INFO  server.StorageContainerManager (StorageContainerManager.java:stop(825)) - Stopping the StorageContainerLocationProtocol RPC server
2019-07-14 01:11:15,796 INFO  server.SCMClientProtocolServer (SCMClientProtocolServer.java:stop(157)) - Stopping the RPC server for Client Protocol
2019-07-14 01:11:15,796 INFO  ipc.Server (Server.java:stop(3082)) - Stopping server on 34373
2019-07-14 01:11:15,798 INFO  ipc.Server (Server.java:run(1185)) - Stopping IPC Server listener on 34373
2019-07-14 01:11:15,803 INFO  server.StorageContainerManager (StorageContainerManager.java:stop(832)) - Stopping Storage Container Manager HTTP server.
2019-07-14 01:11:15,798 INFO  ipc.Server (Server.java:run(1319)) - Stopping IPC Server Responder
2019-07-14 01:11:15,805 INFO  handler.ContextHandler (ContextHandler.java:doStop(910)) - Stopped o.e.j.w.WebAppContext@54bf2319{/,null,UNAVAILABLE}{/scm}
2019-07-14 01:11:15,805 INFO  server.AbstractConnector (AbstractConnector.java:doStop(318)) - Stopped ServerConnector@7d45e754{HTTP/1.1,[http/1.1]}{0.0.0.0:0}
2019-07-14 01:11:15,805 INFO  handler.ContextHandler (ContextHandler.java:doStop(910)) - Stopped o.e.j.s.ServletContextHandler@3b870ed3{/static,file:///tmp/workdir/hadoop-ozone/integration-test/target/test-classes/webapps/static,UNAVAILABLE}
2019-07-14 01:11:15,806 INFO  handler.ContextHandler (ContextHandler.java:doStop(910)) - Stopped o.e.j.s.ServletContextHandler@4271960c{/logs,file:///tmp/workdir/hadoop-ozone/integration-test/target/log,UNAVAILABLE}
2019-07-14 01:11:15,806 INFO  server.StorageContainerManager (StorageContainerManager.java:stop(843)) - Stopping Block Manager Service.
2019-07-14 01:11:15,807 INFO  utils.BackgroundService (BackgroundService.java:shutdown(148)) - Shutting down service SCMBlockDeletingService
2019-07-14 01:11:15,807 INFO  utils.BackgroundService (BackgroundService.java:shutdown(148)) - Shutting down service SCMBlockDeletingService
2019-07-14 01:11:15,807 INFO  server.StorageContainerManager (StorageContainerManager.java:stop(865)) - Stopping SCM Event Queue.
2019-07-14 01:11:15,811 INFO  impl.MetricsSystemImpl (MetricsSystemImpl.java:stop(210)) - Stopping HddsDatanode metrics system...
2019-07-14 01:11:15,821 INFO  impl.MetricsSystemImpl (MetricsSystemImpl.java:stop(216)) - HddsDatanode metrics system stopped.
]]></system-out>
    <system-err><![CDATA[Jul 14, 2019 1:10:42 AM com.sun.jersey.server.impl.application.WebApplicationImpl _initiate
INFO: Initiating Jersey application, version 'Jersey: 1.19 02/11/2015 03:25 AM'
Jul 14, 2019 1:10:42 AM com.sun.jersey.server.impl.application.WebApplicationImpl _initiate
INFO: Initiating Jersey application, version 'Jersey: 1.19 02/11/2015 03:25 AM'
Jul 14, 2019 1:10:42 AM com.sun.jersey.server.impl.application.WebApplicationImpl _initiate
INFO: Initiating Jersey application, version 'Jersey: 1.19 02/11/2015 03:25 AM'
Jul 14, 2019 1:10:42 AM com.sun.jersey.server.impl.application.WebApplicationImpl _initiate
INFO: Initiating Jersey application, version 'Jersey: 1.19 02/11/2015 03:25 AM'
Jul 14, 2019 1:10:43 AM com.sun.jersey.server.impl.application.WebApplicationImpl _initiate
INFO: Initiating Jersey application, version 'Jersey: 1.19 02/11/2015 03:25 AM'
Jul 14, 2019 1:10:43 AM com.sun.jersey.server.impl.application.WebApplicationImpl _initiate
INFO: Initiating Jersey application, version 'Jersey: 1.19 02/11/2015 03:25 AM'
Jul 14, 2019 1:10:43 AM com.sun.jersey.server.impl.application.WebApplicationImpl _initiate
INFO: Initiating Jersey application, version 'Jersey: 1.19 02/11/2015 03:25 AM'
]]></system-err>
  </testcase>
  <testcase name="testWatchForCommitWithCloseContainerException" classname="org.apache.hadoop.ozone.client.rpc.TestBlockOutputStreamWithFailures" time="34.613">
    <error type="java.lang.IllegalArgumentException">java.lang.IllegalArgumentException
	at com.google.common.base.Preconditions.checkArgument(Preconditions.java:72)
	at org.apache.hadoop.hdds.scm.XceiverClientManager.acquireClient(XceiverClientManager.java:150)
	at org.apache.hadoop.hdds.scm.XceiverClientManager.acquireClientForReadData(XceiverClientManager.java:143)
	at org.apache.hadoop.hdds.scm.storage.BlockInputStream.getChunkInfos(BlockInputStream.java:154)
	at org.apache.hadoop.hdds.scm.storage.BlockInputStream.initialize(BlockInputStream.java:118)
	at org.apache.hadoop.hdds.scm.storage.BlockInputStream.read(BlockInputStream.java:222)
	at org.apache.hadoop.ozone.client.io.KeyInputStream.read(KeyInputStream.java:171)
	at org.apache.hadoop.ozone.client.io.OzoneInputStream.read(OzoneInputStream.java:47)
	at java.io.InputStream.read(InputStream.java:101)
	at org.apache.hadoop.ozone.container.ContainerTestHelper.validateData(ContainerTestHelper.java:709)
	at org.apache.hadoop.ozone.client.rpc.TestBlockOutputStreamWithFailures.validateData(TestBlockOutputStreamWithFailures.java:1212)
	at org.apache.hadoop.ozone.client.rpc.TestBlockOutputStreamWithFailures.testWatchForCommitWithCloseContainerException(TestBlockOutputStreamWithFailures.java:260)
	at sun.reflect.NativeMethodAccessorImpl.invoke0(Native Method)
	at sun.reflect.NativeMethodAccessorImpl.invoke(NativeMethodAccessorImpl.java:62)
	at sun.reflect.DelegatingMethodAccessorImpl.invoke(DelegatingMethodAccessorImpl.java:43)
	at java.lang.reflect.Method.invoke(Method.java:498)
	at org.junit.runners.model.FrameworkMethod$1.runReflectiveCall(FrameworkMethod.java:47)
	at org.junit.internal.runners.model.ReflectiveCallable.run(ReflectiveCallable.java:12)
	at org.junit.runners.model.FrameworkMethod.invokeExplosively(FrameworkMethod.java:44)
	at org.junit.internal.runners.statements.InvokeMethod.evaluate(InvokeMethod.java:17)
	at org.junit.internal.runners.statements.RunBefores.evaluate(RunBefores.java:26)
	at org.junit.internal.runners.statements.RunAfters.evaluate(RunAfters.java:27)
	at org.junit.runners.ParentRunner.runLeaf(ParentRunner.java:271)
	at org.junit.runners.BlockJUnit4ClassRunner.runChild(BlockJUnit4ClassRunner.java:70)
	at org.junit.runners.BlockJUnit4ClassRunner.runChild(BlockJUnit4ClassRunner.java:50)
	at org.junit.runners.ParentRunner$3.run(ParentRunner.java:238)
	at org.junit.runners.ParentRunner$1.schedule(ParentRunner.java:63)
	at org.junit.runners.ParentRunner.runChildren(ParentRunner.java:236)
	at org.junit.runners.ParentRunner.access$000(ParentRunner.java:53)
	at org.junit.runners.ParentRunner$2.evaluate(ParentRunner.java:229)
	at org.junit.runners.ParentRunner.run(ParentRunner.java:309)
	at org.apache.maven.surefire.junit4.JUnit4Provider.execute(JUnit4Provider.java:365)
	at org.apache.maven.surefire.junit4.JUnit4Provider.executeWithRerun(JUnit4Provider.java:273)
	at org.apache.maven.surefire.junit4.JUnit4Provider.executeTestSet(JUnit4Provider.java:238)
	at org.apache.maven.surefire.junit4.JUnit4Provider.invoke(JUnit4Provider.java:159)
	at org.apache.maven.surefire.booter.ForkedBooter.invokeProviderInSameClassLoader(ForkedBooter.java:384)
	at org.apache.maven.surefire.booter.ForkedBooter.runSuitesInProcess(ForkedBooter.java:345)
	at org.apache.maven.surefire.booter.ForkedBooter.execute(ForkedBooter.java:126)
	at org.apache.maven.surefire.booter.ForkedBooter.main(ForkedBooter.java:418)
</error>
    <system-out><![CDATA[2019-07-14 01:11:15,866 WARN  server.ServerUtils (ServerUtils.java:getScmDbDir(145)) - ozone.scm.db.dirs is not configured. We recommend adding this setting. Falling back to ozone.metadata.dirs instead.
2019-07-14 01:11:15,892 WARN  server.ServerUtils (ServerUtils.java:getScmDbDir(145)) - ozone.scm.db.dirs is not configured. We recommend adding this setting. Falling back to ozone.metadata.dirs instead.
2019-07-14 01:11:15,892 WARN  server.ServerUtils (ServerUtils.java:getScmDbDir(145)) - ozone.scm.db.dirs is not configured. We recommend adding this setting. Falling back to ozone.metadata.dirs instead.
2019-07-14 01:11:15,892 INFO  db.DBStoreBuilder (DBStoreBuilder.java:addTable(110)) - using custom profile for table: deletedBlocks
2019-07-14 01:11:15,892 INFO  db.DBStoreBuilder (DBStoreBuilder.java:processTables(161)) - Using default column profile:DBProfile.DISK for Table:deletedBlocks
2019-07-14 01:11:15,893 INFO  db.DBStoreBuilder (DBStoreBuilder.java:addTable(110)) - using custom profile for table: validCerts
2019-07-14 01:11:15,893 INFO  db.DBStoreBuilder (DBStoreBuilder.java:processTables(161)) - Using default column profile:DBProfile.DISK for Table:validCerts
2019-07-14 01:11:15,893 INFO  db.DBStoreBuilder (DBStoreBuilder.java:addTable(110)) - using custom profile for table: revokedCerts
2019-07-14 01:11:15,893 INFO  db.DBStoreBuilder (DBStoreBuilder.java:processTables(161)) - Using default column profile:DBProfile.DISK for Table:revokedCerts
2019-07-14 01:11:15,893 INFO  db.DBStoreBuilder (DBStoreBuilder.java:addTable(110)) - using custom profile for table: default
2019-07-14 01:11:15,894 INFO  db.DBStoreBuilder (DBStoreBuilder.java:processTables(167)) - Using default column profile:DBProfile.DISK for Table:default
2019-07-14 01:11:15,894 INFO  db.DBStoreBuilder (DBStoreBuilder.java:getDbProfile(198)) - Using default options. DBProfile.DISK
2019-07-14 01:11:16,042 INFO  net.NodeSchemaLoader (NodeSchemaLoader.java:loadSchemaFromFile(125)) - Loading file from sun.misc.CompoundEnumeration@316975be
2019-07-14 01:11:16,042 INFO  net.NodeSchemaLoader (NodeSchemaLoader.java:loadSchema(171)) - Loading network topology layer schema file
2019-07-14 01:11:16,047 INFO  node.SCMNodeManager (SCMNodeManager.java:<init>(119)) - Entering startup safe mode.
2019-07-14 01:11:16,048 WARN  server.ServerUtils (ServerUtils.java:getScmDbDir(145)) - ozone.scm.db.dirs is not configured. We recommend adding this setting. Falling back to ozone.metadata.dirs instead.
2019-07-14 01:11:16,093 INFO  pipeline.SCMPipelineManager (SCMPipelineManager.java:initializePipelineState(126)) - No pipeline exists in current db
2019-07-14 01:11:16,094 WARN  server.ServerUtils (ServerUtils.java:getScmDbDir(145)) - ozone.scm.db.dirs is not configured. We recommend adding this setting. Falling back to ozone.metadata.dirs instead.
2019-07-14 01:11:16,142 WARN  events.EventQueue (EventQueue.java:fireEvent(175)) - No event handler registered for event TypedEvent{payloadType=SafeModeStatus, name='SafeModeStatus'}
2019-07-14 01:11:16,143 INFO  ipc.CallQueueManager (CallQueueManager.java:<init>(84)) - Using callQueue: class java.util.concurrent.LinkedBlockingQueue, queueCapacity: 2000, scheduler: class org.apache.hadoop.ipc.DefaultRpcScheduler, ipcBackoff: false.
2019-07-14 01:11:16,144 INFO  ipc.Server (Server.java:run(1074)) - Starting Socket Reader #1 for port 40898
2019-07-14 01:11:16,146 INFO  ipc.CallQueueManager (CallQueueManager.java:<init>(84)) - Using callQueue: class java.util.concurrent.LinkedBlockingQueue, queueCapacity: 2000, scheduler: class org.apache.hadoop.ipc.DefaultRpcScheduler, ipcBackoff: false.
2019-07-14 01:11:16,147 INFO  ipc.Server (Server.java:run(1074)) - Starting Socket Reader #1 for port 46469
2019-07-14 01:11:16,149 INFO  ipc.CallQueueManager (CallQueueManager.java:<init>(84)) - Using callQueue: class java.util.concurrent.LinkedBlockingQueue, queueCapacity: 2000, scheduler: class org.apache.hadoop.ipc.DefaultRpcScheduler, ipcBackoff: false.
2019-07-14 01:11:16,150 INFO  ipc.Server (Server.java:run(1074)) - Starting Socket Reader #1 for port 34713
2019-07-14 01:11:16,153 INFO  hdfs.DFSUtil (DFSUtil.java:httpServerTemplateForNNAndJN(1641)) - Starting Web-server for scm at: http://0.0.0.0:0
2019-07-14 01:11:16,155 INFO  server.AuthenticationFilter (AuthenticationFilter.java:constructSecretProvider(240)) - Unable to initialize FileSignerSecretProvider, falling back to use random secrets.
2019-07-14 01:11:16,156 WARN  http.HttpRequestLog (HttpRequestLog.java:getRequestLog(97)) - Jetty request log can only be enabled using Log4j
2019-07-14 01:11:16,158 INFO  http.HttpServer2 (HttpServer2.java:addGlobalFilter(975)) - Added global filter 'safety' (class=org.apache.hadoop.http.HttpServer2$QuotingInputFilter)
2019-07-14 01:11:16,159 INFO  http.HttpServer2 (HttpServer2.java:addFilter(948)) - Added filter static_user_filter (class=org.apache.hadoop.http.lib.StaticUserWebFilter$StaticUserFilter) to context scm
2019-07-14 01:11:16,159 INFO  http.HttpServer2 (HttpServer2.java:addFilter(958)) - Added filter static_user_filter (class=org.apache.hadoop.http.lib.StaticUserWebFilter$StaticUserFilter) to context static
2019-07-14 01:11:16,159 INFO  http.HttpServer2 (HttpServer2.java:addFilter(958)) - Added filter static_user_filter (class=org.apache.hadoop.http.lib.StaticUserWebFilter$StaticUserFilter) to context logs
2019-07-14 01:11:16,161 INFO  server.StorageContainerManager (StorageContainerManager.java:start(759)) - StorageContainerLocationProtocol RPC server is listening at /0.0.0.0:34713
2019-07-14 01:11:16,164 WARN  impl.MetricsConfig (MetricsConfig.java:loadFirst(134)) - Cannot locate configuration: tried hadoop-metrics2-storagecontainermanager.properties,hadoop-metrics2.properties
2019-07-14 01:11:16,165 INFO  impl.MetricsSystemImpl (MetricsSystemImpl.java:startTimer(374)) - Scheduled Metric snapshot period at 10 second(s).
2019-07-14 01:11:16,165 INFO  impl.MetricsSystemImpl (MetricsSystemImpl.java:start(191)) - StorageContainerManager metrics system started
2019-07-14 01:11:16,237 INFO  server.SCMClientProtocolServer (SCMClientProtocolServer.java:start(149)) - RPC server for Client  is listening at /0.0.0.0:34713
2019-07-14 01:11:16,238 INFO  ipc.Server (Server.java:run(1314)) - IPC Server Responder: starting
2019-07-14 01:11:16,238 INFO  ipc.Server (Server.java:run(1153)) - IPC Server listener on 34713: starting
2019-07-14 01:11:16,244 INFO  server.StorageContainerManager (StorageContainerManager.java:start(768)) - ScmBlockLocationProtocol RPC server is listening at /0.0.0.0:46469
2019-07-14 01:11:16,245 INFO  server.SCMBlockProtocolServer (SCMBlockProtocolServer.java:start(140)) - RPC server for Block Protocol is listening at /0.0.0.0:46469
2019-07-14 01:11:16,245 INFO  ipc.Server (Server.java:run(1314)) - IPC Server Responder: starting
2019-07-14 01:11:16,245 INFO  ipc.Server (Server.java:run(1153)) - IPC Server listener on 46469: starting
2019-07-14 01:11:16,250 INFO  server.StorageContainerManager (StorageContainerManager.java:start(772)) - ScmDatanodeProtocl RPC server is listening at /0.0.0.0:40898
2019-07-14 01:11:16,251 INFO  server.SCMDatanodeProtocolServer (SCMDatanodeProtocolServer.java:start(191)) - RPC server for DataNodes is listening at /0.0.0.0:40898
2019-07-14 01:11:16,251 INFO  ipc.Server (Server.java:run(1314)) - IPC Server Responder: starting
2019-07-14 01:11:16,251 INFO  ipc.Server (Server.java:run(1153)) - IPC Server listener on 40898: starting
2019-07-14 01:11:16,257 INFO  http.HttpServer2 (HttpServer2.java:bindListener(1191)) - Jetty bound to port 45595
2019-07-14 01:11:16,257 INFO  server.Server (Server.java:doStart(351)) - jetty-9.3.24.v20180605, build timestamp: 2018-06-05T17:11:56Z, git hash: 84205aa28f11a4f31f2a3b86d1bba2cc8ab69827
2019-07-14 01:11:16,259 INFO  handler.ContextHandler (ContextHandler.java:doStart(781)) - Started o.e.j.s.ServletContextHandler@31c87223{/logs,file:///tmp/workdir/hadoop-ozone/integration-test/target/log,AVAILABLE}
2019-07-14 01:11:16,260 INFO  handler.ContextHandler (ContextHandler.java:doStart(781)) - Started o.e.j.s.ServletContextHandler@3e9c59ed{/static,file:///tmp/workdir/hadoop-ozone/integration-test/target/test-classes/webapps/static,AVAILABLE}
2019-07-14 01:11:16,265 INFO  handler.ContextHandler (ContextHandler.java:doStart(781)) - Started o.e.j.w.WebAppContext@7669d7a2{/,file:///tmp/workdir/hadoop-ozone/integration-test/target/test-classes/webapps/scm/,AVAILABLE}{/scm}
2019-07-14 01:11:16,265 INFO  server.AbstractConnector (AbstractConnector.java:doStart(278)) - Started ServerConnector@724945{HTTP/1.1,[http/1.1]}{0.0.0.0:45595}
2019-07-14 01:11:16,267 INFO  server.Server (Server.java:doStart(419)) - Started @662613ms
2019-07-14 01:11:16,269 INFO  server.BaseHttpServer (BaseHttpServer.java:updateConnectorAddress(207)) - HTTP server of SCM is listening at http://0.0.0.0:45595
2019-07-14 01:11:16,270 WARN  server.ServerUtils (ServerUtils.java:getDBPath(222)) - ozone.om.db.dirs is not configured. We recommend adding this setting. Falling back to ozone.metadata.dirs instead.
2019-07-14 01:11:16,271 INFO  util.JvmPauseMonitor (JvmPauseMonitor.java:run(188)) - Starting JVM pause monitor
2019-07-14 01:11:16,285 WARN  server.ServerUtils (ServerUtils.java:getDBPath(222)) - ozone.om.db.dirs is not configured. We recommend adding this setting. Falling back to ozone.metadata.dirs instead.
2019-07-14 01:11:16,285 INFO  om.OzoneManager (OzoneManager.java:setOMNodeDetails(630)) - OM Service ID is not set. Setting it to the default ID: omServiceIdDefault
2019-07-14 01:11:16,286 INFO  om.OzoneManager (OzoneManager.java:setOMNodeDetails(636)) - OM Node ID is not set. Setting it to the OmStorage's OmID: c2cfaf3e-39f1-490f-b828-e82c7fe6a435
2019-07-14 01:11:16,286 INFO  om.OzoneManager (OzoneManager.java:loadOMHAConfigs(587)) - Found matching OM address with OMServiceId: null, OMNodeId: null, RPC Address: localhost:0 and Ratis port: 9872
2019-07-14 01:11:16,294 WARN  server.ServerUtils (ServerUtils.java:getDBPath(222)) - ozone.om.db.dirs is not configured. We recommend adding this setting. Falling back to ozone.metadata.dirs instead.
2019-07-14 01:11:16,295 INFO  db.DBStoreBuilder (DBStoreBuilder.java:addTable(110)) - using custom profile for table: userTable
2019-07-14 01:11:16,295 INFO  db.DBStoreBuilder (DBStoreBuilder.java:processTables(161)) - Using default column profile:DBProfile.DISK for Table:userTable
2019-07-14 01:11:16,295 INFO  db.DBStoreBuilder (DBStoreBuilder.java:addTable(110)) - using custom profile for table: volumeTable
2019-07-14 01:11:16,295 INFO  db.DBStoreBuilder (DBStoreBuilder.java:processTables(161)) - Using default column profile:DBProfile.DISK for Table:volumeTable
2019-07-14 01:11:16,296 INFO  db.DBStoreBuilder (DBStoreBuilder.java:addTable(110)) - using custom profile for table: bucketTable
2019-07-14 01:11:16,296 INFO  db.DBStoreBuilder (DBStoreBuilder.java:processTables(161)) - Using default column profile:DBProfile.DISK for Table:bucketTable
2019-07-14 01:11:16,296 INFO  db.DBStoreBuilder (DBStoreBuilder.java:addTable(110)) - using custom profile for table: keyTable
2019-07-14 01:11:16,296 INFO  db.DBStoreBuilder (DBStoreBuilder.java:processTables(161)) - Using default column profile:DBProfile.DISK for Table:keyTable
2019-07-14 01:11:16,297 INFO  db.DBStoreBuilder (DBStoreBuilder.java:addTable(110)) - using custom profile for table: deletedTable
2019-07-14 01:11:16,297 INFO  db.DBStoreBuilder (DBStoreBuilder.java:processTables(161)) - Using default column profile:DBProfile.DISK for Table:deletedTable
2019-07-14 01:11:16,297 INFO  db.DBStoreBuilder (DBStoreBuilder.java:addTable(110)) - using custom profile for table: openKeyTable
2019-07-14 01:11:16,297 INFO  db.DBStoreBuilder (DBStoreBuilder.java:processTables(161)) - Using default column profile:DBProfile.DISK for Table:openKeyTable
2019-07-14 01:11:16,298 INFO  db.DBStoreBuilder (DBStoreBuilder.java:addTable(110)) - using custom profile for table: s3Table
2019-07-14 01:11:16,298 INFO  db.DBStoreBuilder (DBStoreBuilder.java:processTables(161)) - Using default column profile:DBProfile.DISK for Table:s3Table
2019-07-14 01:11:16,298 INFO  db.DBStoreBuilder (DBStoreBuilder.java:addTable(110)) - using custom profile for table: multipartInfoTable
2019-07-14 01:11:16,299 INFO  db.DBStoreBuilder (DBStoreBuilder.java:processTables(161)) - Using default column profile:DBProfile.DISK for Table:multipartInfoTable
2019-07-14 01:11:16,299 INFO  db.DBStoreBuilder (DBStoreBuilder.java:addTable(110)) - using custom profile for table: dTokenTable
2019-07-14 01:11:16,299 INFO  db.DBStoreBuilder (DBStoreBuilder.java:processTables(161)) - Using default column profile:DBProfile.DISK for Table:dTokenTable
2019-07-14 01:11:16,299 INFO  db.DBStoreBuilder (DBStoreBuilder.java:addTable(110)) - using custom profile for table: s3SecretTable
2019-07-14 01:11:16,300 INFO  db.DBStoreBuilder (DBStoreBuilder.java:processTables(161)) - Using default column profile:DBProfile.DISK for Table:s3SecretTable
2019-07-14 01:11:16,300 INFO  db.DBStoreBuilder (DBStoreBuilder.java:addTable(110)) - using custom profile for table: prefixTable
2019-07-14 01:11:16,300 INFO  db.DBStoreBuilder (DBStoreBuilder.java:processTables(161)) - Using default column profile:DBProfile.DISK for Table:prefixTable
2019-07-14 01:11:16,300 INFO  db.DBStoreBuilder (DBStoreBuilder.java:addTable(110)) - using custom profile for table: default
2019-07-14 01:11:16,301 INFO  db.DBStoreBuilder (DBStoreBuilder.java:processTables(167)) - Using default column profile:DBProfile.DISK for Table:default
2019-07-14 01:11:16,301 INFO  db.DBStoreBuilder (DBStoreBuilder.java:getDbProfile(198)) - Using default options. DBProfile.DISK
2019-07-14 01:11:16,808 INFO  ipc.CallQueueManager (CallQueueManager.java:<init>(84)) - Using callQueue: class java.util.concurrent.LinkedBlockingQueue, queueCapacity: 2000, scheduler: class org.apache.hadoop.ipc.DefaultRpcScheduler, ipcBackoff: false.
2019-07-14 01:11:16,809 INFO  ipc.Server (Server.java:run(1074)) - Starting Socket Reader #1 for port 34532
2019-07-14 01:11:16,825 WARN  server.ServerUtils (ServerUtils.java:getDBPath(222)) - ozone.om.db.dirs is not configured. We recommend adding this setting. Falling back to ozone.metadata.dirs instead.
2019-07-14 01:11:16,825 INFO  om.OzoneManager (OzoneManager.java:start(1228)) - OzoneManager RPC server is listening at localhost/127.0.0.1:34532
2019-07-14 01:11:16,825 INFO  impl.MetricsSystemImpl (MetricsSystemImpl.java:init(158)) - OzoneManager metrics system started (again)
2019-07-14 01:11:16,826 INFO  ipc.Server (Server.java:run(1314)) - IPC Server Responder: starting
2019-07-14 01:11:16,826 INFO  ipc.Server (Server.java:run(1153)) - IPC Server listener on 34532: starting
2019-07-14 01:11:16,833 INFO  hdfs.DFSUtil (DFSUtil.java:httpServerTemplateForNNAndJN(1641)) - Starting Web-server for ozoneManager at: http://0.0.0.0:0
2019-07-14 01:11:16,835 INFO  server.AuthenticationFilter (AuthenticationFilter.java:constructSecretProvider(240)) - Unable to initialize FileSignerSecretProvider, falling back to use random secrets.
2019-07-14 01:11:16,836 WARN  http.HttpRequestLog (HttpRequestLog.java:getRequestLog(97)) - Jetty request log can only be enabled using Log4j
2019-07-14 01:11:16,838 INFO  http.HttpServer2 (HttpServer2.java:addGlobalFilter(975)) - Added global filter 'safety' (class=org.apache.hadoop.http.HttpServer2$QuotingInputFilter)
2019-07-14 01:11:16,838 INFO  http.HttpServer2 (HttpServer2.java:addFilter(948)) - Added filter static_user_filter (class=org.apache.hadoop.http.lib.StaticUserWebFilter$StaticUserFilter) to context ozoneManager
2019-07-14 01:11:16,839 INFO  http.HttpServer2 (HttpServer2.java:addFilter(958)) - Added filter static_user_filter (class=org.apache.hadoop.http.lib.StaticUserWebFilter$StaticUserFilter) to context static
2019-07-14 01:11:16,839 INFO  http.HttpServer2 (HttpServer2.java:addFilter(958)) - Added filter static_user_filter (class=org.apache.hadoop.http.lib.StaticUserWebFilter$StaticUserFilter) to context logs
2019-07-14 01:11:16,840 INFO  http.HttpServer2 (HttpServer2.java:bindListener(1191)) - Jetty bound to port 39517
2019-07-14 01:11:16,840 INFO  server.Server (Server.java:doStart(351)) - jetty-9.3.24.v20180605, build timestamp: 2018-06-05T17:11:56Z, git hash: 84205aa28f11a4f31f2a3b86d1bba2cc8ab69827
2019-07-14 01:11:16,843 INFO  handler.ContextHandler (ContextHandler.java:doStart(781)) - Started o.e.j.s.ServletContextHandler@75f3c0c9{/logs,file:///tmp/workdir/hadoop-ozone/integration-test/target/log,AVAILABLE}
2019-07-14 01:11:16,844 INFO  handler.ContextHandler (ContextHandler.java:doStart(781)) - Started o.e.j.s.ServletContextHandler@5068a2b1{/static,file:///tmp/workdir/hadoop-ozone/integration-test/target/test-classes/webapps/static,AVAILABLE}
2019-07-14 01:11:16,849 INFO  handler.ContextHandler (ContextHandler.java:doStart(781)) - Started o.e.j.w.WebAppContext@737e4a7b{/,file:///tmp/workdir/hadoop-ozone/integration-test/target/test-classes/webapps/ozoneManager/,AVAILABLE}{/ozoneManager}
2019-07-14 01:11:16,850 INFO  server.AbstractConnector (AbstractConnector.java:doStart(278)) - Started ServerConnector@5f5caea5{HTTP/1.1,[http/1.1]}{0.0.0.0:39517}
2019-07-14 01:11:16,851 INFO  server.Server (Server.java:doStart(419)) - Started @663198ms
2019-07-14 01:11:16,852 INFO  server.BaseHttpServer (BaseHttpServer.java:updateConnectorAddress(207)) - HTTP server of OZONEMANAGER is listening at http://0.0.0.0:39517
2019-07-14 01:11:16,868 INFO  impl.MetricsSystemImpl (MetricsSystemImpl.java:init(158)) - HddsDatanode metrics system started (again)
2019-07-14 01:11:16,869 INFO  ozone.HddsDatanodeService (HddsDatanodeService.java:start(185)) - HddsDatanodeService host:trunk-nightly-sxkq5-3320257302 ip:192.168.157.230
2019-07-14 01:11:16,883 INFO  volume.HddsVolume (HddsVolume.java:<init>(176)) - Creating Volume: /tmp/workdir/hadoop-ozone/integration-test/target/test-dir/MiniOzoneClusterImpl-1c1210bb-655e-47e6-ae7e-d700eb333cd1/datanode-0/data/containers/hdds of  storage type : DISK and capacity : 52710309888
2019-07-14 01:11:16,883 INFO  volume.VolumeSet (VolumeSet.java:initializeVolumeSet(170)) - Added Volume : /tmp/workdir/hadoop-ozone/integration-test/target/test-dir/MiniOzoneClusterImpl-1c1210bb-655e-47e6-ae7e-d700eb333cd1/datanode-0/data/containers/hdds to VolumeSet
2019-07-14 01:11:16,884 INFO  volume.ThrottledAsyncChecker (ThrottledAsyncChecker.java:schedule(140)) - Scheduling a check for org.apache.hadoop.ozone.container.common.volume.HddsVolume@1000303a
2019-07-14 01:11:16,884 INFO  volume.HddsVolumeChecker (HddsVolumeChecker.java:checkAllVolumes(203)) - Scheduled health check for volume org.apache.hadoop.ozone.container.common.volume.HddsVolume@1000303a
2019-07-14 01:11:16,903 INFO  impl.RaftServerProxy (ConfUtils.java:logGet(43)) - raft.rpc.type = GRPC (default)
2019-07-14 01:11:16,903 INFO  grpc.GrpcFactory (GrpcFactory.java:checkPooledByteBufAllocatorUseCacheForAllThreads(45)) - PERFORMANCE WARNING: useCacheForAllThreads is true that may cause Netty to create a lot garbage objects and, as a result, trigger GC.
	It is recommended to disable useCacheForAllThreads by setting -Dorg.apache.ratis.thirdparty.io.netty.allocator.useCacheForAllThreads=false in command line.
2019-07-14 01:11:16,903 INFO  grpc.GrpcConfigKeys$Server (ConfUtils.java:logGet(43)) - raft.grpc.server.port = 0 (default)
2019-07-14 01:11:16,903 INFO  server.GrpcService (ConfUtils.java:logGet(43)) - raft.grpc.message.size.max = 33570816 (custom)
2019-07-14 01:11:16,904 INFO  server.RaftServerConfigKeys (ConfUtils.java:logGet(43)) - raft.server.log.appender.buffer.byte-limit = 33554432 (custom)
2019-07-14 01:11:16,904 INFO  server.GrpcService (ConfUtils.java:logGet(43)) - raft.grpc.flow.control.window = 1MB (=1048576) (default)
2019-07-14 01:11:16,904 INFO  server.RaftServerConfigKeys (ConfUtils.java:logGet(43)) - raft.server.rpc.request.timeout = 3000ms (default)
2019-07-14 01:11:16,904 INFO  server.RaftServerConfigKeys (ConfUtils.java:logGet(43)) - raft.server.storage.dir = [/tmp/workdir/hadoop-ozone/integration-test/target/test-dir/MiniOzoneClusterImpl-1c1210bb-655e-47e6-ae7e-d700eb333cd1/datanode-0/data/ratis] (custom)
2019-07-14 01:11:16,905 INFO  replication.SimpleContainerDownloader (SimpleContainerDownloader.java:<init>(72)) - Starting container downloader service to copy containers to replicate.
2019-07-14 01:11:16,906 INFO  hdfs.DFSUtil (DFSUtil.java:httpServerTemplateForNNAndJN(1641)) - Starting Web-server for hddsDatanode at: http://0.0.0.0:0
2019-07-14 01:11:16,907 INFO  server.AuthenticationFilter (AuthenticationFilter.java:constructSecretProvider(240)) - Unable to initialize FileSignerSecretProvider, falling back to use random secrets.
2019-07-14 01:11:16,908 WARN  http.HttpRequestLog (HttpRequestLog.java:getRequestLog(97)) - Jetty request log can only be enabled using Log4j
2019-07-14 01:11:16,909 INFO  http.HttpServer2 (HttpServer2.java:addGlobalFilter(975)) - Added global filter 'safety' (class=org.apache.hadoop.http.HttpServer2$QuotingInputFilter)
2019-07-14 01:11:16,910 INFO  http.HttpServer2 (HttpServer2.java:addFilter(948)) - Added filter static_user_filter (class=org.apache.hadoop.http.lib.StaticUserWebFilter$StaticUserFilter) to context hddsDatanode
2019-07-14 01:11:16,910 INFO  http.HttpServer2 (HttpServer2.java:addFilter(958)) - Added filter static_user_filter (class=org.apache.hadoop.http.lib.StaticUserWebFilter$StaticUserFilter) to context logs
2019-07-14 01:11:16,910 INFO  http.HttpServer2 (HttpServer2.java:addFilter(958)) - Added filter static_user_filter (class=org.apache.hadoop.http.lib.StaticUserWebFilter$StaticUserFilter) to context static
2019-07-14 01:11:16,911 INFO  http.HttpServer2 (HttpServer2.java:bindListener(1191)) - Jetty bound to port 33782
2019-07-14 01:11:16,911 INFO  server.Server (Server.java:doStart(351)) - jetty-9.3.24.v20180605, build timestamp: 2018-06-05T17:11:56Z, git hash: 84205aa28f11a4f31f2a3b86d1bba2cc8ab69827
2019-07-14 01:11:16,912 INFO  handler.ContextHandler (ContextHandler.java:doStart(781)) - Started o.e.j.s.ServletContextHandler@210c4071{/logs,file:///tmp/workdir/hadoop-ozone/integration-test/target/log,AVAILABLE}
2019-07-14 01:11:16,913 INFO  handler.ContextHandler (ContextHandler.java:doStart(781)) - Started o.e.j.s.ServletContextHandler@211ffbd0{/static,jar:file:/home/user/.m2/repository/org/apache/hadoop/hadoop-hdds-container-service/0.5.0-SNAPSHOT/hadoop-hdds-container-service-0.5.0-SNAPSHOT.jar!/webapps/static,AVAILABLE}
2019-07-14 01:11:16,944 INFO  handler.ContextHandler (ContextHandler.java:doStart(781)) - Started o.e.j.w.WebAppContext@16b1dee7{/,file:///tmp/jetty-0.0.0.0-33782-hddsDatanode-_-any-871103575847331300.dir/webapp/,AVAILABLE}{/hddsDatanode}
2019-07-14 01:11:16,944 INFO  server.AbstractConnector (AbstractConnector.java:doStart(278)) - Started ServerConnector@690337df{HTTP/1.1,[http/1.1]}{0.0.0.0:33782}
2019-07-14 01:11:16,944 INFO  server.Server (Server.java:doStart(419)) - Started @663291ms
2019-07-14 01:11:16,946 INFO  server.BaseHttpServer (BaseHttpServer.java:updateConnectorAddress(207)) - HTTP server of HDDSDATANODE is listening at http://0.0.0.0:33782
2019-07-14 01:11:17,046 INFO  ozone.HddsDatanodeService (HddsDatanodeService.java:startPlugins(396)) - Started plug-in org.apache.hadoop.ozone.web.OzoneHddsDatanodeService@7b9661d4
2019-07-14 01:11:17,047 INFO  impl.MetricsSystemImpl (MetricsSystemImpl.java:init(158)) - HddsDatanode metrics system started (again)
2019-07-14 01:11:17,049 INFO  ozone.HddsDatanodeService (HddsDatanodeService.java:start(185)) - HddsDatanodeService host:trunk-nightly-sxkq5-3320257302 ip:192.168.157.230
2019-07-14 01:11:17,051 INFO  util.JvmPauseMonitor (JvmPauseMonitor.java:run(188)) - Starting JVM pause monitor
2019-07-14 01:11:17,052 INFO  datanode.InitDatanodeState (InitDatanodeState.java:persistContainerDatanodeDetails(140)) - DatanodeDetails is persisted to /tmp/workdir/hadoop-ozone/integration-test/target/test-dir/MiniOzoneClusterImpl-1c1210bb-655e-47e6-ae7e-d700eb333cd1/datanode-0/meta/datanode.id
2019-07-14 01:11:17,062 INFO  volume.HddsVolume (HddsVolume.java:<init>(176)) - Creating Volume: /tmp/workdir/hadoop-ozone/integration-test/target/test-dir/MiniOzoneClusterImpl-1c1210bb-655e-47e6-ae7e-d700eb333cd1/datanode-1/data/containers/hdds of  storage type : DISK and capacity : 52710309888
2019-07-14 01:11:17,063 INFO  volume.VolumeSet (VolumeSet.java:initializeVolumeSet(170)) - Added Volume : /tmp/workdir/hadoop-ozone/integration-test/target/test-dir/MiniOzoneClusterImpl-1c1210bb-655e-47e6-ae7e-d700eb333cd1/datanode-1/data/containers/hdds to VolumeSet
2019-07-14 01:11:17,063 INFO  volume.ThrottledAsyncChecker (ThrottledAsyncChecker.java:schedule(140)) - Scheduling a check for org.apache.hadoop.ozone.container.common.volume.HddsVolume@7f68e671
2019-07-14 01:11:17,063 INFO  volume.HddsVolumeChecker (HddsVolumeChecker.java:checkAllVolumes(203)) - Scheduled health check for volume org.apache.hadoop.ozone.container.common.volume.HddsVolume@7f68e671
2019-07-14 01:11:17,078 INFO  impl.RaftServerProxy (ConfUtils.java:logGet(43)) - raft.rpc.type = GRPC (default)
2019-07-14 01:11:17,078 INFO  grpc.GrpcFactory (GrpcFactory.java:checkPooledByteBufAllocatorUseCacheForAllThreads(45)) - PERFORMANCE WARNING: useCacheForAllThreads is true that may cause Netty to create a lot garbage objects and, as a result, trigger GC.
	It is recommended to disable useCacheForAllThreads by setting -Dorg.apache.ratis.thirdparty.io.netty.allocator.useCacheForAllThreads=false in command line.
2019-07-14 01:11:17,078 INFO  grpc.GrpcConfigKeys$Server (ConfUtils.java:logGet(43)) - raft.grpc.server.port = 0 (default)
2019-07-14 01:11:17,079 INFO  server.GrpcService (ConfUtils.java:logGet(43)) - raft.grpc.message.size.max = 33570816 (custom)
2019-07-14 01:11:17,079 INFO  server.RaftServerConfigKeys (ConfUtils.java:logGet(43)) - raft.server.log.appender.buffer.byte-limit = 33554432 (custom)
2019-07-14 01:11:17,079 INFO  server.GrpcService (ConfUtils.java:logGet(43)) - raft.grpc.flow.control.window = 1MB (=1048576) (default)
2019-07-14 01:11:17,079 INFO  server.RaftServerConfigKeys (ConfUtils.java:logGet(43)) - raft.server.rpc.request.timeout = 3000ms (default)
2019-07-14 01:11:17,079 INFO  server.RaftServerConfigKeys (ConfUtils.java:logGet(43)) - raft.server.storage.dir = [/tmp/workdir/hadoop-ozone/integration-test/target/test-dir/MiniOzoneClusterImpl-1c1210bb-655e-47e6-ae7e-d700eb333cd1/datanode-1/data/ratis] (custom)
2019-07-14 01:11:17,080 INFO  replication.SimpleContainerDownloader (SimpleContainerDownloader.java:<init>(72)) - Starting container downloader service to copy containers to replicate.
2019-07-14 01:11:17,081 INFO  hdfs.DFSUtil (DFSUtil.java:httpServerTemplateForNNAndJN(1641)) - Starting Web-server for hddsDatanode at: http://0.0.0.0:0
2019-07-14 01:11:17,082 INFO  server.AuthenticationFilter (AuthenticationFilter.java:constructSecretProvider(240)) - Unable to initialize FileSignerSecretProvider, falling back to use random secrets.
2019-07-14 01:11:17,082 WARN  http.HttpRequestLog (HttpRequestLog.java:getRequestLog(97)) - Jetty request log can only be enabled using Log4j
2019-07-14 01:11:17,083 INFO  http.HttpServer2 (HttpServer2.java:addGlobalFilter(975)) - Added global filter 'safety' (class=org.apache.hadoop.http.HttpServer2$QuotingInputFilter)
2019-07-14 01:11:17,083 INFO  http.HttpServer2 (HttpServer2.java:addFilter(948)) - Added filter static_user_filter (class=org.apache.hadoop.http.lib.StaticUserWebFilter$StaticUserFilter) to context hddsDatanode
2019-07-14 01:11:17,084 INFO  http.HttpServer2 (HttpServer2.java:addFilter(958)) - Added filter static_user_filter (class=org.apache.hadoop.http.lib.StaticUserWebFilter$StaticUserFilter) to context static
2019-07-14 01:11:17,084 INFO  http.HttpServer2 (HttpServer2.java:addFilter(958)) - Added filter static_user_filter (class=org.apache.hadoop.http.lib.StaticUserWebFilter$StaticUserFilter) to context logs
2019-07-14 01:11:17,085 INFO  http.HttpServer2 (HttpServer2.java:bindListener(1191)) - Jetty bound to port 43360
2019-07-14 01:11:17,085 INFO  server.Server (Server.java:doStart(351)) - jetty-9.3.24.v20180605, build timestamp: 2018-06-05T17:11:56Z, git hash: 84205aa28f11a4f31f2a3b86d1bba2cc8ab69827
2019-07-14 01:11:17,086 INFO  handler.ContextHandler (ContextHandler.java:doStart(781)) - Started o.e.j.s.ServletContextHandler@1a177f2c{/logs,file:///tmp/workdir/hadoop-ozone/integration-test/target/log,AVAILABLE}
2019-07-14 01:11:17,087 INFO  handler.ContextHandler (ContextHandler.java:doStart(781)) - Started o.e.j.s.ServletContextHandler@2e70d072{/static,jar:file:/home/user/.m2/repository/org/apache/hadoop/hadoop-hdds-container-service/0.5.0-SNAPSHOT/hadoop-hdds-container-service-0.5.0-SNAPSHOT.jar!/webapps/static,AVAILABLE}
2019-07-14 01:11:17,113 INFO  handler.ContextHandler (ContextHandler.java:doStart(781)) - Started o.e.j.w.WebAppContext@47c8c176{/,file:///tmp/jetty-0.0.0.0-43360-hddsDatanode-_-any-8933297526968957577.dir/webapp/,AVAILABLE}{/hddsDatanode}
2019-07-14 01:11:17,113 INFO  server.AbstractConnector (AbstractConnector.java:doStart(278)) - Started ServerConnector@5d9b79a2{HTTP/1.1,[http/1.1]}{0.0.0.0:43360}
2019-07-14 01:11:17,113 INFO  server.Server (Server.java:doStart(419)) - Started @663459ms
2019-07-14 01:11:17,115 INFO  server.BaseHttpServer (BaseHttpServer.java:updateConnectorAddress(207)) - HTTP server of HDDSDATANODE is listening at http://0.0.0.0:43360
2019-07-14 01:11:17,219 INFO  ozone.HddsDatanodeService (HddsDatanodeService.java:startPlugins(396)) - Started plug-in org.apache.hadoop.ozone.web.OzoneHddsDatanodeService@32a37d12
2019-07-14 01:11:17,220 INFO  impl.MetricsSystemImpl (MetricsSystemImpl.java:init(158)) - HddsDatanode metrics system started (again)
2019-07-14 01:11:17,221 INFO  ozone.HddsDatanodeService (HddsDatanodeService.java:start(185)) - HddsDatanodeService host:trunk-nightly-sxkq5-3320257302 ip:192.168.157.230
2019-07-14 01:11:17,223 INFO  util.JvmPauseMonitor (JvmPauseMonitor.java:run(188)) - Starting JVM pause monitor
2019-07-14 01:11:17,225 INFO  datanode.InitDatanodeState (InitDatanodeState.java:persistContainerDatanodeDetails(140)) - DatanodeDetails is persisted to /tmp/workdir/hadoop-ozone/integration-test/target/test-dir/MiniOzoneClusterImpl-1c1210bb-655e-47e6-ae7e-d700eb333cd1/datanode-1/meta/datanode.id
2019-07-14 01:11:17,235 INFO  volume.HddsVolume (HddsVolume.java:<init>(176)) - Creating Volume: /tmp/workdir/hadoop-ozone/integration-test/target/test-dir/MiniOzoneClusterImpl-1c1210bb-655e-47e6-ae7e-d700eb333cd1/datanode-2/data/containers/hdds of  storage type : DISK and capacity : 52710309888
2019-07-14 01:11:17,236 INFO  volume.VolumeSet (VolumeSet.java:initializeVolumeSet(170)) - Added Volume : /tmp/workdir/hadoop-ozone/integration-test/target/test-dir/MiniOzoneClusterImpl-1c1210bb-655e-47e6-ae7e-d700eb333cd1/datanode-2/data/containers/hdds to VolumeSet
2019-07-14 01:11:17,236 INFO  volume.ThrottledAsyncChecker (ThrottledAsyncChecker.java:schedule(140)) - Scheduling a check for org.apache.hadoop.ozone.container.common.volume.HddsVolume@28ea7f58
2019-07-14 01:11:17,237 INFO  volume.HddsVolumeChecker (HddsVolumeChecker.java:checkAllVolumes(203)) - Scheduled health check for volume org.apache.hadoop.ozone.container.common.volume.HddsVolume@28ea7f58
2019-07-14 01:11:17,250 INFO  impl.RaftServerProxy (ConfUtils.java:logGet(43)) - raft.rpc.type = GRPC (default)
2019-07-14 01:11:17,250 INFO  grpc.GrpcFactory (GrpcFactory.java:checkPooledByteBufAllocatorUseCacheForAllThreads(45)) - PERFORMANCE WARNING: useCacheForAllThreads is true that may cause Netty to create a lot garbage objects and, as a result, trigger GC.
	It is recommended to disable useCacheForAllThreads by setting -Dorg.apache.ratis.thirdparty.io.netty.allocator.useCacheForAllThreads=false in command line.
2019-07-14 01:11:17,250 INFO  grpc.GrpcConfigKeys$Server (ConfUtils.java:logGet(43)) - raft.grpc.server.port = 0 (default)
2019-07-14 01:11:17,250 INFO  server.GrpcService (ConfUtils.java:logGet(43)) - raft.grpc.message.size.max = 33570816 (custom)
2019-07-14 01:11:17,250 INFO  server.RaftServerConfigKeys (ConfUtils.java:logGet(43)) - raft.server.log.appender.buffer.byte-limit = 33554432 (custom)
2019-07-14 01:11:17,251 INFO  server.GrpcService (ConfUtils.java:logGet(43)) - raft.grpc.flow.control.window = 1MB (=1048576) (default)
2019-07-14 01:11:17,251 INFO  server.RaftServerConfigKeys (ConfUtils.java:logGet(43)) - raft.server.rpc.request.timeout = 3000ms (default)
2019-07-14 01:11:17,251 INFO  server.RaftServerConfigKeys (ConfUtils.java:logGet(43)) - raft.server.storage.dir = [/tmp/workdir/hadoop-ozone/integration-test/target/test-dir/MiniOzoneClusterImpl-1c1210bb-655e-47e6-ae7e-d700eb333cd1/datanode-2/data/ratis] (custom)
2019-07-14 01:11:17,252 INFO  replication.SimpleContainerDownloader (SimpleContainerDownloader.java:<init>(72)) - Starting container downloader service to copy containers to replicate.
2019-07-14 01:11:17,253 INFO  hdfs.DFSUtil (DFSUtil.java:httpServerTemplateForNNAndJN(1641)) - Starting Web-server for hddsDatanode at: http://0.0.0.0:0
2019-07-14 01:11:17,254 INFO  server.AuthenticationFilter (AuthenticationFilter.java:constructSecretProvider(240)) - Unable to initialize FileSignerSecretProvider, falling back to use random secrets.
2019-07-14 01:11:17,254 WARN  http.HttpRequestLog (HttpRequestLog.java:getRequestLog(97)) - Jetty request log can only be enabled using Log4j
2019-07-14 01:11:17,255 INFO  http.HttpServer2 (HttpServer2.java:addGlobalFilter(975)) - Added global filter 'safety' (class=org.apache.hadoop.http.HttpServer2$QuotingInputFilter)
2019-07-14 01:11:17,256 INFO  http.HttpServer2 (HttpServer2.java:addFilter(948)) - Added filter static_user_filter (class=org.apache.hadoop.http.lib.StaticUserWebFilter$StaticUserFilter) to context hddsDatanode
2019-07-14 01:11:17,256 INFO  http.HttpServer2 (HttpServer2.java:addFilter(958)) - Added filter static_user_filter (class=org.apache.hadoop.http.lib.StaticUserWebFilter$StaticUserFilter) to context static
2019-07-14 01:11:17,256 INFO  http.HttpServer2 (HttpServer2.java:addFilter(958)) - Added filter static_user_filter (class=org.apache.hadoop.http.lib.StaticUserWebFilter$StaticUserFilter) to context logs
2019-07-14 01:11:17,257 INFO  http.HttpServer2 (HttpServer2.java:bindListener(1191)) - Jetty bound to port 40947
2019-07-14 01:11:17,257 INFO  server.Server (Server.java:doStart(351)) - jetty-9.3.24.v20180605, build timestamp: 2018-06-05T17:11:56Z, git hash: 84205aa28f11a4f31f2a3b86d1bba2cc8ab69827
2019-07-14 01:11:17,258 INFO  handler.ContextHandler (ContextHandler.java:doStart(781)) - Started o.e.j.s.ServletContextHandler@5d260659{/logs,file:///tmp/workdir/hadoop-ozone/integration-test/target/log,AVAILABLE}
2019-07-14 01:11:17,259 INFO  handler.ContextHandler (ContextHandler.java:doStart(781)) - Started o.e.j.s.ServletContextHandler@47bc4445{/static,jar:file:/home/user/.m2/repository/org/apache/hadoop/hadoop-hdds-container-service/0.5.0-SNAPSHOT/hadoop-hdds-container-service-0.5.0-SNAPSHOT.jar!/webapps/static,AVAILABLE}
2019-07-14 01:11:17,285 INFO  handler.ContextHandler (ContextHandler.java:doStart(781)) - Started o.e.j.w.WebAppContext@18cdacd{/,file:///tmp/jetty-0.0.0.0-40947-hddsDatanode-_-any-3036852012174608436.dir/webapp/,AVAILABLE}{/hddsDatanode}
2019-07-14 01:11:17,285 INFO  server.AbstractConnector (AbstractConnector.java:doStart(278)) - Started ServerConnector@10b1f9f3{HTTP/1.1,[http/1.1]}{0.0.0.0:40947}
2019-07-14 01:11:17,286 INFO  server.Server (Server.java:doStart(419)) - Started @663632ms
2019-07-14 01:11:17,287 INFO  server.BaseHttpServer (BaseHttpServer.java:updateConnectorAddress(207)) - HTTP server of HDDSDATANODE is listening at http://0.0.0.0:40947
2019-07-14 01:11:17,387 INFO  ozone.HddsDatanodeService (HddsDatanodeService.java:startPlugins(396)) - Started plug-in org.apache.hadoop.ozone.web.OzoneHddsDatanodeService@5cdf6bb1
2019-07-14 01:11:17,387 INFO  impl.MetricsSystemImpl (MetricsSystemImpl.java:init(158)) - HddsDatanode metrics system started (again)
2019-07-14 01:11:17,389 INFO  ozone.HddsDatanodeService (HddsDatanodeService.java:start(185)) - HddsDatanodeService host:trunk-nightly-sxkq5-3320257302 ip:192.168.157.230
2019-07-14 01:11:17,391 INFO  util.JvmPauseMonitor (JvmPauseMonitor.java:run(188)) - Starting JVM pause monitor
2019-07-14 01:11:17,392 INFO  datanode.InitDatanodeState (InitDatanodeState.java:persistContainerDatanodeDetails(140)) - DatanodeDetails is persisted to /tmp/workdir/hadoop-ozone/integration-test/target/test-dir/MiniOzoneClusterImpl-1c1210bb-655e-47e6-ae7e-d700eb333cd1/datanode-2/meta/datanode.id
2019-07-14 01:11:17,403 INFO  volume.HddsVolume (HddsVolume.java:<init>(176)) - Creating Volume: /tmp/workdir/hadoop-ozone/integration-test/target/test-dir/MiniOzoneClusterImpl-1c1210bb-655e-47e6-ae7e-d700eb333cd1/datanode-3/data/containers/hdds of  storage type : DISK and capacity : 52710309888
2019-07-14 01:11:17,404 INFO  volume.VolumeSet (VolumeSet.java:initializeVolumeSet(170)) - Added Volume : /tmp/workdir/hadoop-ozone/integration-test/target/test-dir/MiniOzoneClusterImpl-1c1210bb-655e-47e6-ae7e-d700eb333cd1/datanode-3/data/containers/hdds to VolumeSet
2019-07-14 01:11:17,404 INFO  volume.ThrottledAsyncChecker (ThrottledAsyncChecker.java:schedule(140)) - Scheduling a check for org.apache.hadoop.ozone.container.common.volume.HddsVolume@69bf351e
2019-07-14 01:11:17,405 INFO  volume.HddsVolumeChecker (HddsVolumeChecker.java:checkAllVolumes(203)) - Scheduled health check for volume org.apache.hadoop.ozone.container.common.volume.HddsVolume@69bf351e
2019-07-14 01:11:17,420 INFO  impl.RaftServerProxy (ConfUtils.java:logGet(43)) - raft.rpc.type = GRPC (default)
2019-07-14 01:11:17,420 INFO  grpc.GrpcFactory (GrpcFactory.java:checkPooledByteBufAllocatorUseCacheForAllThreads(45)) - PERFORMANCE WARNING: useCacheForAllThreads is true that may cause Netty to create a lot garbage objects and, as a result, trigger GC.
	It is recommended to disable useCacheForAllThreads by setting -Dorg.apache.ratis.thirdparty.io.netty.allocator.useCacheForAllThreads=false in command line.
2019-07-14 01:11:17,420 INFO  grpc.GrpcConfigKeys$Server (ConfUtils.java:logGet(43)) - raft.grpc.server.port = 0 (default)
2019-07-14 01:11:17,420 INFO  server.GrpcService (ConfUtils.java:logGet(43)) - raft.grpc.message.size.max = 33570816 (custom)
2019-07-14 01:11:17,421 INFO  server.RaftServerConfigKeys (ConfUtils.java:logGet(43)) - raft.server.log.appender.buffer.byte-limit = 33554432 (custom)
2019-07-14 01:11:17,421 INFO  server.GrpcService (ConfUtils.java:logGet(43)) - raft.grpc.flow.control.window = 1MB (=1048576) (default)
2019-07-14 01:11:17,421 INFO  server.RaftServerConfigKeys (ConfUtils.java:logGet(43)) - raft.server.rpc.request.timeout = 3000ms (default)
2019-07-14 01:11:17,421 INFO  server.RaftServerConfigKeys (ConfUtils.java:logGet(43)) - raft.server.storage.dir = [/tmp/workdir/hadoop-ozone/integration-test/target/test-dir/MiniOzoneClusterImpl-1c1210bb-655e-47e6-ae7e-d700eb333cd1/datanode-3/data/ratis] (custom)
2019-07-14 01:11:17,422 INFO  replication.SimpleContainerDownloader (SimpleContainerDownloader.java:<init>(72)) - Starting container downloader service to copy containers to replicate.
2019-07-14 01:11:17,423 INFO  hdfs.DFSUtil (DFSUtil.java:httpServerTemplateForNNAndJN(1641)) - Starting Web-server for hddsDatanode at: http://0.0.0.0:0
2019-07-14 01:11:17,424 INFO  server.AuthenticationFilter (AuthenticationFilter.java:constructSecretProvider(240)) - Unable to initialize FileSignerSecretProvider, falling back to use random secrets.
2019-07-14 01:11:17,425 WARN  http.HttpRequestLog (HttpRequestLog.java:getRequestLog(97)) - Jetty request log can only be enabled using Log4j
2019-07-14 01:11:17,426 INFO  http.HttpServer2 (HttpServer2.java:addGlobalFilter(975)) - Added global filter 'safety' (class=org.apache.hadoop.http.HttpServer2$QuotingInputFilter)
2019-07-14 01:11:17,427 INFO  http.HttpServer2 (HttpServer2.java:addFilter(948)) - Added filter static_user_filter (class=org.apache.hadoop.http.lib.StaticUserWebFilter$StaticUserFilter) to context hddsDatanode
2019-07-14 01:11:17,427 INFO  http.HttpServer2 (HttpServer2.java:addFilter(958)) - Added filter static_user_filter (class=org.apache.hadoop.http.lib.StaticUserWebFilter$StaticUserFilter) to context logs
2019-07-14 01:11:17,427 INFO  http.HttpServer2 (HttpServer2.java:addFilter(958)) - Added filter static_user_filter (class=org.apache.hadoop.http.lib.StaticUserWebFilter$StaticUserFilter) to context static
2019-07-14 01:11:17,428 INFO  http.HttpServer2 (HttpServer2.java:bindListener(1191)) - Jetty bound to port 46397
2019-07-14 01:11:17,428 INFO  server.Server (Server.java:doStart(351)) - jetty-9.3.24.v20180605, build timestamp: 2018-06-05T17:11:56Z, git hash: 84205aa28f11a4f31f2a3b86d1bba2cc8ab69827
2019-07-14 01:11:17,429 INFO  handler.ContextHandler (ContextHandler.java:doStart(781)) - Started o.e.j.s.ServletContextHandler@77d5c4c6{/logs,file:///tmp/workdir/hadoop-ozone/integration-test/target/log,AVAILABLE}
2019-07-14 01:11:17,429 INFO  handler.ContextHandler (ContextHandler.java:doStart(781)) - Started o.e.j.s.ServletContextHandler@a929b6{/static,jar:file:/home/user/.m2/repository/org/apache/hadoop/hadoop-hdds-container-service/0.5.0-SNAPSHOT/hadoop-hdds-container-service-0.5.0-SNAPSHOT.jar!/webapps/static,AVAILABLE}
2019-07-14 01:11:17,456 INFO  handler.ContextHandler (ContextHandler.java:doStart(781)) - Started o.e.j.w.WebAppContext@6c5fbe8a{/,file:///tmp/jetty-0.0.0.0-46397-hddsDatanode-_-any-3785237266470551919.dir/webapp/,AVAILABLE}{/hddsDatanode}
2019-07-14 01:11:17,456 INFO  server.AbstractConnector (AbstractConnector.java:doStart(278)) - Started ServerConnector@76c6b12c{HTTP/1.1,[http/1.1]}{0.0.0.0:46397}
2019-07-14 01:11:17,456 INFO  server.Server (Server.java:doStart(419)) - Started @663803ms
2019-07-14 01:11:17,459 INFO  server.BaseHttpServer (BaseHttpServer.java:updateConnectorAddress(207)) - HTTP server of HDDSDATANODE is listening at http://0.0.0.0:46397
2019-07-14 01:11:17,559 INFO  ozone.HddsDatanodeService (HddsDatanodeService.java:startPlugins(396)) - Started plug-in org.apache.hadoop.ozone.web.OzoneHddsDatanodeService@3e13a74
2019-07-14 01:11:17,559 INFO  impl.MetricsSystemImpl (MetricsSystemImpl.java:init(158)) - HddsDatanode metrics system started (again)
2019-07-14 01:11:17,562 INFO  ozone.HddsDatanodeService (HddsDatanodeService.java:start(185)) - HddsDatanodeService host:trunk-nightly-sxkq5-3320257302 ip:192.168.157.230
2019-07-14 01:11:17,564 INFO  util.JvmPauseMonitor (JvmPauseMonitor.java:run(188)) - Starting JVM pause monitor
2019-07-14 01:11:17,565 INFO  datanode.InitDatanodeState (InitDatanodeState.java:persistContainerDatanodeDetails(140)) - DatanodeDetails is persisted to /tmp/workdir/hadoop-ozone/integration-test/target/test-dir/MiniOzoneClusterImpl-1c1210bb-655e-47e6-ae7e-d700eb333cd1/datanode-3/meta/datanode.id
2019-07-14 01:11:17,575 INFO  volume.HddsVolume (HddsVolume.java:<init>(176)) - Creating Volume: /tmp/workdir/hadoop-ozone/integration-test/target/test-dir/MiniOzoneClusterImpl-1c1210bb-655e-47e6-ae7e-d700eb333cd1/datanode-4/data/containers/hdds of  storage type : DISK and capacity : 52710309888
2019-07-14 01:11:17,576 INFO  volume.VolumeSet (VolumeSet.java:initializeVolumeSet(170)) - Added Volume : /tmp/workdir/hadoop-ozone/integration-test/target/test-dir/MiniOzoneClusterImpl-1c1210bb-655e-47e6-ae7e-d700eb333cd1/datanode-4/data/containers/hdds to VolumeSet
2019-07-14 01:11:17,576 INFO  volume.ThrottledAsyncChecker (ThrottledAsyncChecker.java:schedule(140)) - Scheduling a check for org.apache.hadoop.ozone.container.common.volume.HddsVolume@445760e0
2019-07-14 01:11:17,576 INFO  volume.HddsVolumeChecker (HddsVolumeChecker.java:checkAllVolumes(203)) - Scheduled health check for volume org.apache.hadoop.ozone.container.common.volume.HddsVolume@445760e0
2019-07-14 01:11:17,590 INFO  impl.RaftServerProxy (ConfUtils.java:logGet(43)) - raft.rpc.type = GRPC (default)
2019-07-14 01:11:17,590 INFO  grpc.GrpcFactory (GrpcFactory.java:checkPooledByteBufAllocatorUseCacheForAllThreads(45)) - PERFORMANCE WARNING: useCacheForAllThreads is true that may cause Netty to create a lot garbage objects and, as a result, trigger GC.
	It is recommended to disable useCacheForAllThreads by setting -Dorg.apache.ratis.thirdparty.io.netty.allocator.useCacheForAllThreads=false in command line.
2019-07-14 01:11:17,590 INFO  grpc.GrpcConfigKeys$Server (ConfUtils.java:logGet(43)) - raft.grpc.server.port = 0 (default)
2019-07-14 01:11:17,590 INFO  server.GrpcService (ConfUtils.java:logGet(43)) - raft.grpc.message.size.max = 33570816 (custom)
2019-07-14 01:11:17,591 INFO  server.RaftServerConfigKeys (ConfUtils.java:logGet(43)) - raft.server.log.appender.buffer.byte-limit = 33554432 (custom)
2019-07-14 01:11:17,591 INFO  server.GrpcService (ConfUtils.java:logGet(43)) - raft.grpc.flow.control.window = 1MB (=1048576) (default)
2019-07-14 01:11:17,591 INFO  server.RaftServerConfigKeys (ConfUtils.java:logGet(43)) - raft.server.rpc.request.timeout = 3000ms (default)
2019-07-14 01:11:17,591 INFO  server.RaftServerConfigKeys (ConfUtils.java:logGet(43)) - raft.server.storage.dir = [/tmp/workdir/hadoop-ozone/integration-test/target/test-dir/MiniOzoneClusterImpl-1c1210bb-655e-47e6-ae7e-d700eb333cd1/datanode-4/data/ratis] (custom)
2019-07-14 01:11:17,592 INFO  replication.SimpleContainerDownloader (SimpleContainerDownloader.java:<init>(72)) - Starting container downloader service to copy containers to replicate.
2019-07-14 01:11:17,593 INFO  hdfs.DFSUtil (DFSUtil.java:httpServerTemplateForNNAndJN(1641)) - Starting Web-server for hddsDatanode at: http://0.0.0.0:0
2019-07-14 01:11:17,594 INFO  server.AuthenticationFilter (AuthenticationFilter.java:constructSecretProvider(240)) - Unable to initialize FileSignerSecretProvider, falling back to use random secrets.
2019-07-14 01:11:17,595 WARN  http.HttpRequestLog (HttpRequestLog.java:getRequestLog(97)) - Jetty request log can only be enabled using Log4j
2019-07-14 01:11:17,596 INFO  http.HttpServer2 (HttpServer2.java:addGlobalFilter(975)) - Added global filter 'safety' (class=org.apache.hadoop.http.HttpServer2$QuotingInputFilter)
2019-07-14 01:11:17,596 INFO  http.HttpServer2 (HttpServer2.java:addFilter(948)) - Added filter static_user_filter (class=org.apache.hadoop.http.lib.StaticUserWebFilter$StaticUserFilter) to context hddsDatanode
2019-07-14 01:11:17,596 INFO  http.HttpServer2 (HttpServer2.java:addFilter(958)) - Added filter static_user_filter (class=org.apache.hadoop.http.lib.StaticUserWebFilter$StaticUserFilter) to context static
2019-07-14 01:11:17,596 INFO  http.HttpServer2 (HttpServer2.java:addFilter(958)) - Added filter static_user_filter (class=org.apache.hadoop.http.lib.StaticUserWebFilter$StaticUserFilter) to context logs
2019-07-14 01:11:17,597 INFO  http.HttpServer2 (HttpServer2.java:bindListener(1191)) - Jetty bound to port 37269
2019-07-14 01:11:17,597 INFO  server.Server (Server.java:doStart(351)) - jetty-9.3.24.v20180605, build timestamp: 2018-06-05T17:11:56Z, git hash: 84205aa28f11a4f31f2a3b86d1bba2cc8ab69827
2019-07-14 01:11:17,598 INFO  handler.ContextHandler (ContextHandler.java:doStart(781)) - Started o.e.j.s.ServletContextHandler@76ad048a{/logs,file:///tmp/workdir/hadoop-ozone/integration-test/target/log,AVAILABLE}
2019-07-14 01:11:17,599 INFO  handler.ContextHandler (ContextHandler.java:doStart(781)) - Started o.e.j.s.ServletContextHandler@4d13b552{/static,jar:file:/home/user/.m2/repository/org/apache/hadoop/hadoop-hdds-container-service/0.5.0-SNAPSHOT/hadoop-hdds-container-service-0.5.0-SNAPSHOT.jar!/webapps/static,AVAILABLE}
2019-07-14 01:11:17,625 INFO  handler.ContextHandler (ContextHandler.java:doStart(781)) - Started o.e.j.w.WebAppContext@4a907e5a{/,file:///tmp/jetty-0.0.0.0-37269-hddsDatanode-_-any-6746891474089069697.dir/webapp/,AVAILABLE}{/hddsDatanode}
2019-07-14 01:11:17,626 INFO  server.AbstractConnector (AbstractConnector.java:doStart(278)) - Started ServerConnector@52c22bc5{HTTP/1.1,[http/1.1]}{0.0.0.0:37269}
2019-07-14 01:11:17,626 INFO  server.Server (Server.java:doStart(419)) - Started @663972ms
2019-07-14 01:11:17,629 INFO  server.BaseHttpServer (BaseHttpServer.java:updateConnectorAddress(207)) - HTTP server of HDDSDATANODE is listening at http://0.0.0.0:37269
2019-07-14 01:11:17,731 INFO  ozone.HddsDatanodeService (HddsDatanodeService.java:startPlugins(396)) - Started plug-in org.apache.hadoop.ozone.web.OzoneHddsDatanodeService@4037a204
2019-07-14 01:11:17,732 INFO  impl.MetricsSystemImpl (MetricsSystemImpl.java:init(158)) - HddsDatanode metrics system started (again)
2019-07-14 01:11:17,735 INFO  ozone.HddsDatanodeService (HddsDatanodeService.java:start(185)) - HddsDatanodeService host:trunk-nightly-sxkq5-3320257302 ip:192.168.157.230
2019-07-14 01:11:17,736 INFO  util.JvmPauseMonitor (JvmPauseMonitor.java:run(188)) - Starting JVM pause monitor
2019-07-14 01:11:17,738 INFO  datanode.InitDatanodeState (InitDatanodeState.java:persistContainerDatanodeDetails(140)) - DatanodeDetails is persisted to /tmp/workdir/hadoop-ozone/integration-test/target/test-dir/MiniOzoneClusterImpl-1c1210bb-655e-47e6-ae7e-d700eb333cd1/datanode-4/meta/datanode.id
2019-07-14 01:11:17,749 INFO  volume.HddsVolume (HddsVolume.java:<init>(176)) - Creating Volume: /tmp/workdir/hadoop-ozone/integration-test/target/test-dir/MiniOzoneClusterImpl-1c1210bb-655e-47e6-ae7e-d700eb333cd1/datanode-5/data/containers/hdds of  storage type : DISK and capacity : 52710309888
2019-07-14 01:11:17,749 INFO  volume.VolumeSet (VolumeSet.java:initializeVolumeSet(170)) - Added Volume : /tmp/workdir/hadoop-ozone/integration-test/target/test-dir/MiniOzoneClusterImpl-1c1210bb-655e-47e6-ae7e-d700eb333cd1/datanode-5/data/containers/hdds to VolumeSet
2019-07-14 01:11:17,749 INFO  volume.ThrottledAsyncChecker (ThrottledAsyncChecker.java:schedule(140)) - Scheduling a check for org.apache.hadoop.ozone.container.common.volume.HddsVolume@1e27ed87
2019-07-14 01:11:17,749 INFO  volume.HddsVolumeChecker (HddsVolumeChecker.java:checkAllVolumes(203)) - Scheduled health check for volume org.apache.hadoop.ozone.container.common.volume.HddsVolume@1e27ed87
2019-07-14 01:11:17,762 INFO  impl.RaftServerProxy (ConfUtils.java:logGet(43)) - raft.rpc.type = GRPC (default)
2019-07-14 01:11:17,762 INFO  grpc.GrpcFactory (GrpcFactory.java:checkPooledByteBufAllocatorUseCacheForAllThreads(45)) - PERFORMANCE WARNING: useCacheForAllThreads is true that may cause Netty to create a lot garbage objects and, as a result, trigger GC.
	It is recommended to disable useCacheForAllThreads by setting -Dorg.apache.ratis.thirdparty.io.netty.allocator.useCacheForAllThreads=false in command line.
2019-07-14 01:11:17,762 INFO  grpc.GrpcConfigKeys$Server (ConfUtils.java:logGet(43)) - raft.grpc.server.port = 0 (default)
2019-07-14 01:11:17,763 INFO  server.GrpcService (ConfUtils.java:logGet(43)) - raft.grpc.message.size.max = 33570816 (custom)
2019-07-14 01:11:17,763 INFO  server.RaftServerConfigKeys (ConfUtils.java:logGet(43)) - raft.server.log.appender.buffer.byte-limit = 33554432 (custom)
2019-07-14 01:11:17,763 INFO  server.GrpcService (ConfUtils.java:logGet(43)) - raft.grpc.flow.control.window = 1MB (=1048576) (default)
2019-07-14 01:11:17,763 INFO  server.RaftServerConfigKeys (ConfUtils.java:logGet(43)) - raft.server.rpc.request.timeout = 3000ms (default)
2019-07-14 01:11:17,763 INFO  server.RaftServerConfigKeys (ConfUtils.java:logGet(43)) - raft.server.storage.dir = [/tmp/workdir/hadoop-ozone/integration-test/target/test-dir/MiniOzoneClusterImpl-1c1210bb-655e-47e6-ae7e-d700eb333cd1/datanode-5/data/ratis] (custom)
2019-07-14 01:11:17,764 INFO  replication.SimpleContainerDownloader (SimpleContainerDownloader.java:<init>(72)) - Starting container downloader service to copy containers to replicate.
2019-07-14 01:11:17,765 INFO  hdfs.DFSUtil (DFSUtil.java:httpServerTemplateForNNAndJN(1641)) - Starting Web-server for hddsDatanode at: http://0.0.0.0:0
2019-07-14 01:11:17,766 INFO  server.AuthenticationFilter (AuthenticationFilter.java:constructSecretProvider(240)) - Unable to initialize FileSignerSecretProvider, falling back to use random secrets.
2019-07-14 01:11:17,766 WARN  http.HttpRequestLog (HttpRequestLog.java:getRequestLog(97)) - Jetty request log can only be enabled using Log4j
2019-07-14 01:11:17,767 INFO  http.HttpServer2 (HttpServer2.java:addGlobalFilter(975)) - Added global filter 'safety' (class=org.apache.hadoop.http.HttpServer2$QuotingInputFilter)
2019-07-14 01:11:17,768 INFO  http.HttpServer2 (HttpServer2.java:addFilter(948)) - Added filter static_user_filter (class=org.apache.hadoop.http.lib.StaticUserWebFilter$StaticUserFilter) to context hddsDatanode
2019-07-14 01:11:17,768 INFO  http.HttpServer2 (HttpServer2.java:addFilter(958)) - Added filter static_user_filter (class=org.apache.hadoop.http.lib.StaticUserWebFilter$StaticUserFilter) to context logs
2019-07-14 01:11:17,768 INFO  http.HttpServer2 (HttpServer2.java:addFilter(958)) - Added filter static_user_filter (class=org.apache.hadoop.http.lib.StaticUserWebFilter$StaticUserFilter) to context static
2019-07-14 01:11:17,768 INFO  http.HttpServer2 (HttpServer2.java:bindListener(1191)) - Jetty bound to port 36067
2019-07-14 01:11:17,769 INFO  server.Server (Server.java:doStart(351)) - jetty-9.3.24.v20180605, build timestamp: 2018-06-05T17:11:56Z, git hash: 84205aa28f11a4f31f2a3b86d1bba2cc8ab69827
2019-07-14 01:11:17,770 INFO  handler.ContextHandler (ContextHandler.java:doStart(781)) - Started o.e.j.s.ServletContextHandler@4cee91b{/logs,file:///tmp/workdir/hadoop-ozone/integration-test/target/log,AVAILABLE}
2019-07-14 01:11:17,770 INFO  handler.ContextHandler (ContextHandler.java:doStart(781)) - Started o.e.j.s.ServletContextHandler@696e9e14{/static,jar:file:/home/user/.m2/repository/org/apache/hadoop/hadoop-hdds-container-service/0.5.0-SNAPSHOT/hadoop-hdds-container-service-0.5.0-SNAPSHOT.jar!/webapps/static,AVAILABLE}
2019-07-14 01:11:17,797 INFO  handler.ContextHandler (ContextHandler.java:doStart(781)) - Started o.e.j.w.WebAppContext@ef64a8f{/,file:///tmp/jetty-0.0.0.0-36067-hddsDatanode-_-any-337868269476316336.dir/webapp/,AVAILABLE}{/hddsDatanode}
2019-07-14 01:11:17,797 INFO  server.AbstractConnector (AbstractConnector.java:doStart(278)) - Started ServerConnector@3a2cc282{HTTP/1.1,[http/1.1]}{0.0.0.0:36067}
2019-07-14 01:11:17,797 INFO  server.Server (Server.java:doStart(419)) - Started @664144ms
2019-07-14 01:11:17,799 INFO  server.BaseHttpServer (BaseHttpServer.java:updateConnectorAddress(207)) - HTTP server of HDDSDATANODE is listening at http://0.0.0.0:36067
2019-07-14 01:11:17,899 INFO  ozone.HddsDatanodeService (HddsDatanodeService.java:startPlugins(396)) - Started plug-in org.apache.hadoop.ozone.web.OzoneHddsDatanodeService@6537dc79
2019-07-14 01:11:17,900 INFO  impl.MetricsSystemImpl (MetricsSystemImpl.java:init(158)) - HddsDatanode metrics system started (again)
2019-07-14 01:11:17,903 INFO  ozone.HddsDatanodeService (HddsDatanodeService.java:start(185)) - HddsDatanodeService host:trunk-nightly-sxkq5-3320257302 ip:192.168.157.230
2019-07-14 01:11:17,904 INFO  util.JvmPauseMonitor (JvmPauseMonitor.java:run(188)) - Starting JVM pause monitor
2019-07-14 01:11:17,906 INFO  datanode.InitDatanodeState (InitDatanodeState.java:persistContainerDatanodeDetails(140)) - DatanodeDetails is persisted to /tmp/workdir/hadoop-ozone/integration-test/target/test-dir/MiniOzoneClusterImpl-1c1210bb-655e-47e6-ae7e-d700eb333cd1/datanode-5/meta/datanode.id
2019-07-14 01:11:17,917 INFO  volume.HddsVolume (HddsVolume.java:<init>(176)) - Creating Volume: /tmp/workdir/hadoop-ozone/integration-test/target/test-dir/MiniOzoneClusterImpl-1c1210bb-655e-47e6-ae7e-d700eb333cd1/datanode-6/data/containers/hdds of  storage type : DISK and capacity : 52710309888
2019-07-14 01:11:17,918 INFO  volume.VolumeSet (VolumeSet.java:initializeVolumeSet(170)) - Added Volume : /tmp/workdir/hadoop-ozone/integration-test/target/test-dir/MiniOzoneClusterImpl-1c1210bb-655e-47e6-ae7e-d700eb333cd1/datanode-6/data/containers/hdds to VolumeSet
2019-07-14 01:11:17,918 INFO  volume.ThrottledAsyncChecker (ThrottledAsyncChecker.java:schedule(140)) - Scheduling a check for org.apache.hadoop.ozone.container.common.volume.HddsVolume@2fc94125
2019-07-14 01:11:17,918 INFO  volume.HddsVolumeChecker (HddsVolumeChecker.java:checkAllVolumes(203)) - Scheduled health check for volume org.apache.hadoop.ozone.container.common.volume.HddsVolume@2fc94125
2019-07-14 01:11:17,932 INFO  impl.RaftServerProxy (ConfUtils.java:logGet(43)) - raft.rpc.type = GRPC (default)
2019-07-14 01:11:17,932 INFO  grpc.GrpcFactory (GrpcFactory.java:checkPooledByteBufAllocatorUseCacheForAllThreads(45)) - PERFORMANCE WARNING: useCacheForAllThreads is true that may cause Netty to create a lot garbage objects and, as a result, trigger GC.
	It is recommended to disable useCacheForAllThreads by setting -Dorg.apache.ratis.thirdparty.io.netty.allocator.useCacheForAllThreads=false in command line.
2019-07-14 01:11:17,932 INFO  grpc.GrpcConfigKeys$Server (ConfUtils.java:logGet(43)) - raft.grpc.server.port = 0 (default)
2019-07-14 01:11:17,932 INFO  server.GrpcService (ConfUtils.java:logGet(43)) - raft.grpc.message.size.max = 33570816 (custom)
2019-07-14 01:11:17,933 INFO  server.RaftServerConfigKeys (ConfUtils.java:logGet(43)) - raft.server.log.appender.buffer.byte-limit = 33554432 (custom)
2019-07-14 01:11:17,933 INFO  server.GrpcService (ConfUtils.java:logGet(43)) - raft.grpc.flow.control.window = 1MB (=1048576) (default)
2019-07-14 01:11:17,933 INFO  server.RaftServerConfigKeys (ConfUtils.java:logGet(43)) - raft.server.rpc.request.timeout = 3000ms (default)
2019-07-14 01:11:17,933 INFO  server.RaftServerConfigKeys (ConfUtils.java:logGet(43)) - raft.server.storage.dir = [/tmp/workdir/hadoop-ozone/integration-test/target/test-dir/MiniOzoneClusterImpl-1c1210bb-655e-47e6-ae7e-d700eb333cd1/datanode-6/data/ratis] (custom)
2019-07-14 01:11:17,934 INFO  replication.SimpleContainerDownloader (SimpleContainerDownloader.java:<init>(72)) - Starting container downloader service to copy containers to replicate.
2019-07-14 01:11:17,935 INFO  hdfs.DFSUtil (DFSUtil.java:httpServerTemplateForNNAndJN(1641)) - Starting Web-server for hddsDatanode at: http://0.0.0.0:0
2019-07-14 01:11:17,936 INFO  server.AuthenticationFilter (AuthenticationFilter.java:constructSecretProvider(240)) - Unable to initialize FileSignerSecretProvider, falling back to use random secrets.
2019-07-14 01:11:17,936 WARN  http.HttpRequestLog (HttpRequestLog.java:getRequestLog(97)) - Jetty request log can only be enabled using Log4j
2019-07-14 01:11:17,937 INFO  http.HttpServer2 (HttpServer2.java:addGlobalFilter(975)) - Added global filter 'safety' (class=org.apache.hadoop.http.HttpServer2$QuotingInputFilter)
2019-07-14 01:11:17,938 INFO  http.HttpServer2 (HttpServer2.java:addFilter(948)) - Added filter static_user_filter (class=org.apache.hadoop.http.lib.StaticUserWebFilter$StaticUserFilter) to context hddsDatanode
2019-07-14 01:11:17,938 INFO  http.HttpServer2 (HttpServer2.java:addFilter(958)) - Added filter static_user_filter (class=org.apache.hadoop.http.lib.StaticUserWebFilter$StaticUserFilter) to context logs
2019-07-14 01:11:17,938 INFO  http.HttpServer2 (HttpServer2.java:addFilter(958)) - Added filter static_user_filter (class=org.apache.hadoop.http.lib.StaticUserWebFilter$StaticUserFilter) to context static
2019-07-14 01:11:17,938 INFO  http.HttpServer2 (HttpServer2.java:bindListener(1191)) - Jetty bound to port 35726
2019-07-14 01:11:17,939 INFO  server.Server (Server.java:doStart(351)) - jetty-9.3.24.v20180605, build timestamp: 2018-06-05T17:11:56Z, git hash: 84205aa28f11a4f31f2a3b86d1bba2cc8ab69827
2019-07-14 01:11:17,940 INFO  handler.ContextHandler (ContextHandler.java:doStart(781)) - Started o.e.j.s.ServletContextHandler@53ed864c{/logs,file:///tmp/workdir/hadoop-ozone/integration-test/target/log,AVAILABLE}
2019-07-14 01:11:17,940 INFO  handler.ContextHandler (ContextHandler.java:doStart(781)) - Started o.e.j.s.ServletContextHandler@38ce90b4{/static,jar:file:/home/user/.m2/repository/org/apache/hadoop/hadoop-hdds-container-service/0.5.0-SNAPSHOT/hadoop-hdds-container-service-0.5.0-SNAPSHOT.jar!/webapps/static,AVAILABLE}
2019-07-14 01:11:17,967 INFO  handler.ContextHandler (ContextHandler.java:doStart(781)) - Started o.e.j.w.WebAppContext@3095a6e0{/,file:///tmp/jetty-0.0.0.0-35726-hddsDatanode-_-any-5834227510156455482.dir/webapp/,AVAILABLE}{/hddsDatanode}
2019-07-14 01:11:17,967 INFO  server.AbstractConnector (AbstractConnector.java:doStart(278)) - Started ServerConnector@1f79536b{HTTP/1.1,[http/1.1]}{0.0.0.0:35726}
2019-07-14 01:11:17,969 INFO  server.Server (Server.java:doStart(419)) - Started @664315ms
2019-07-14 01:11:17,970 INFO  server.BaseHttpServer (BaseHttpServer.java:updateConnectorAddress(207)) - HTTP server of HDDSDATANODE is listening at http://0.0.0.0:35726
2019-07-14 01:11:18,067 INFO  ozone.HddsDatanodeService (HddsDatanodeService.java:startPlugins(396)) - Started plug-in org.apache.hadoop.ozone.web.OzoneHddsDatanodeService@22523986
2019-07-14 01:11:18,067 INFO  ozone.MiniOzoneClusterImpl (MiniOzoneClusterImpl.java:lambda$waitForClusterToBeReady$0(142)) - Waiting for cluster to be ready. Got 0 of 7 DN Heartbeats.
2019-07-14 01:11:18,072 INFO  util.JvmPauseMonitor (JvmPauseMonitor.java:run(188)) - Starting JVM pause monitor
2019-07-14 01:11:18,073 INFO  datanode.InitDatanodeState (InitDatanodeState.java:persistContainerDatanodeDetails(140)) - DatanodeDetails is persisted to /tmp/workdir/hadoop-ozone/integration-test/target/test-dir/MiniOzoneClusterImpl-1c1210bb-655e-47e6-ae7e-d700eb333cd1/datanode-6/meta/datanode.id
2019-07-14 01:11:19,068 INFO  ozone.MiniOzoneClusterImpl (MiniOzoneClusterImpl.java:lambda$waitForClusterToBeReady$0(142)) - Waiting for cluster to be ready. Got 0 of 7 DN Heartbeats.
2019-07-14 01:11:19,082 INFO  ozoneimpl.OzoneContainer (OzoneContainer.java:start(186)) - Attempting to start container services.
2019-07-14 01:11:19,085 INFO  ozoneimpl.OzoneContainer (OzoneContainer.java:startContainerScrub(160)) - Background container scrubber has been disabled by hdds.containerscrub.enabled
2019-07-14 01:11:19,086 INFO  ratis.XceiverServerRatis (XceiverServerRatis.java:start(418)) - Starting XceiverServerRatis 4a10d95a-fc32-43ca-baec-962b33441fc8 at port 0
2019-07-14 01:11:19,096 INFO  impl.RaftServerProxy (RaftServerProxy.java:lambda$start$3(299)) - 4a10d95a-fc32-43ca-baec-962b33441fc8: start RPC server
2019-07-14 01:11:19,098 INFO  server.GrpcService (GrpcService.java:startImpl(149)) - 4a10d95a-fc32-43ca-baec-962b33441fc8: GrpcService started, listening on 0.0.0.0/0.0.0.0:34084
2019-07-14 01:11:19,098 INFO  ratis.XceiverServerRatis (XceiverServerRatis.java:start(428)) - XceiverServerRatis 4a10d95a-fc32-43ca-baec-962b33441fc8 is started using port 34084
2019-07-14 01:11:19,099 INFO  server.XceiverServerGrpc (XceiverServerGrpc.java:start(161)) - XceiverServerGrpc 4a10d95a-fc32-43ca-baec-962b33441fc8 is started using port 34129
2019-07-14 01:11:19,238 INFO  ozoneimpl.OzoneContainer (OzoneContainer.java:start(186)) - Attempting to start container services.
2019-07-14 01:11:19,242 INFO  ozoneimpl.OzoneContainer (OzoneContainer.java:startContainerScrub(160)) - Background container scrubber has been disabled by hdds.containerscrub.enabled
2019-07-14 01:11:19,242 INFO  ratis.XceiverServerRatis (XceiverServerRatis.java:start(418)) - Starting XceiverServerRatis 414e4ec8-a841-4210-9e5f-ee36acc3bf1c at port 0
2019-07-14 01:11:19,252 INFO  impl.RaftServerProxy (RaftServerProxy.java:lambda$start$3(299)) - 414e4ec8-a841-4210-9e5f-ee36acc3bf1c: start RPC server
2019-07-14 01:11:19,260 INFO  server.GrpcService (GrpcService.java:startImpl(149)) - 414e4ec8-a841-4210-9e5f-ee36acc3bf1c: GrpcService started, listening on 0.0.0.0/0.0.0.0:46777
2019-07-14 01:11:19,261 INFO  ratis.XceiverServerRatis (XceiverServerRatis.java:start(428)) - XceiverServerRatis 414e4ec8-a841-4210-9e5f-ee36acc3bf1c is started using port 46777
2019-07-14 01:11:19,261 INFO  server.XceiverServerGrpc (XceiverServerGrpc.java:start(161)) - XceiverServerGrpc 414e4ec8-a841-4210-9e5f-ee36acc3bf1c is started using port 39660
2019-07-14 01:11:19,407 INFO  ozoneimpl.OzoneContainer (OzoneContainer.java:start(186)) - Attempting to start container services.
2019-07-14 01:11:19,414 INFO  ozoneimpl.OzoneContainer (OzoneContainer.java:startContainerScrub(160)) - Background container scrubber has been disabled by hdds.containerscrub.enabled
2019-07-14 01:11:19,414 INFO  ratis.XceiverServerRatis (XceiverServerRatis.java:start(418)) - Starting XceiverServerRatis 1043547d-a86b-4fba-8d83-7bfd4e36771d at port 0
2019-07-14 01:11:19,424 INFO  impl.RaftServerProxy (RaftServerProxy.java:lambda$start$3(299)) - 1043547d-a86b-4fba-8d83-7bfd4e36771d: start RPC server
2019-07-14 01:11:19,425 INFO  server.GrpcService (GrpcService.java:startImpl(149)) - 1043547d-a86b-4fba-8d83-7bfd4e36771d: GrpcService started, listening on 0.0.0.0/0.0.0.0:39139
2019-07-14 01:11:19,425 INFO  ratis.XceiverServerRatis (XceiverServerRatis.java:start(428)) - XceiverServerRatis 1043547d-a86b-4fba-8d83-7bfd4e36771d is started using port 39139
2019-07-14 01:11:19,427 INFO  server.XceiverServerGrpc (XceiverServerGrpc.java:start(161)) - XceiverServerGrpc 1043547d-a86b-4fba-8d83-7bfd4e36771d is started using port 46385
2019-07-14 01:11:19,579 INFO  ozoneimpl.OzoneContainer (OzoneContainer.java:start(186)) - Attempting to start container services.
2019-07-14 01:11:19,579 INFO  ozoneimpl.OzoneContainer (OzoneContainer.java:startContainerScrub(160)) - Background container scrubber has been disabled by hdds.containerscrub.enabled
2019-07-14 01:11:19,579 INFO  ratis.XceiverServerRatis (XceiverServerRatis.java:start(418)) - Starting XceiverServerRatis 5a88bb18-a471-4f7f-9c87-6417d7d13968 at port 0
2019-07-14 01:11:19,590 INFO  impl.RaftServerProxy (RaftServerProxy.java:lambda$start$3(299)) - 5a88bb18-a471-4f7f-9c87-6417d7d13968: start RPC server
2019-07-14 01:11:19,591 INFO  server.GrpcService (GrpcService.java:startImpl(149)) - 5a88bb18-a471-4f7f-9c87-6417d7d13968: GrpcService started, listening on 0.0.0.0/0.0.0.0:43246
2019-07-14 01:11:19,591 INFO  ratis.XceiverServerRatis (XceiverServerRatis.java:start(428)) - XceiverServerRatis 5a88bb18-a471-4f7f-9c87-6417d7d13968 is started using port 43246
2019-07-14 01:11:19,594 INFO  server.XceiverServerGrpc (XceiverServerGrpc.java:start(161)) - XceiverServerGrpc 5a88bb18-a471-4f7f-9c87-6417d7d13968 is started using port 42999
2019-07-14 01:11:19,751 INFO  ozoneimpl.OzoneContainer (OzoneContainer.java:start(186)) - Attempting to start container services.
2019-07-14 01:11:19,751 INFO  ozoneimpl.OzoneContainer (OzoneContainer.java:startContainerScrub(160)) - Background container scrubber has been disabled by hdds.containerscrub.enabled
2019-07-14 01:11:19,751 INFO  ratis.XceiverServerRatis (XceiverServerRatis.java:start(418)) - Starting XceiverServerRatis a1b95934-5204-42ea-9e02-af5e99675e4a at port 0
2019-07-14 01:11:19,760 INFO  impl.RaftServerProxy (RaftServerProxy.java:lambda$start$3(299)) - a1b95934-5204-42ea-9e02-af5e99675e4a: start RPC server
2019-07-14 01:11:19,761 INFO  server.GrpcService (GrpcService.java:startImpl(149)) - a1b95934-5204-42ea-9e02-af5e99675e4a: GrpcService started, listening on 0.0.0.0/0.0.0.0:34198
2019-07-14 01:11:19,761 INFO  ratis.XceiverServerRatis (XceiverServerRatis.java:start(428)) - XceiverServerRatis a1b95934-5204-42ea-9e02-af5e99675e4a is started using port 34198
2019-07-14 01:11:19,762 INFO  server.XceiverServerGrpc (XceiverServerGrpc.java:start(161)) - XceiverServerGrpc a1b95934-5204-42ea-9e02-af5e99675e4a is started using port 37003
2019-07-14 01:11:19,919 INFO  ozoneimpl.OzoneContainer (OzoneContainer.java:start(186)) - Attempting to start container services.
2019-07-14 01:11:19,920 INFO  ozoneimpl.OzoneContainer (OzoneContainer.java:startContainerScrub(160)) - Background container scrubber has been disabled by hdds.containerscrub.enabled
2019-07-14 01:11:19,920 INFO  ratis.XceiverServerRatis (XceiverServerRatis.java:start(418)) - Starting XceiverServerRatis df5639b5-8d27-41f9-bfe0-08f3354f2ffa at port 0
2019-07-14 01:11:19,929 INFO  impl.RaftServerProxy (RaftServerProxy.java:lambda$start$3(299)) - df5639b5-8d27-41f9-bfe0-08f3354f2ffa: start RPC server
2019-07-14 01:11:19,930 INFO  server.GrpcService (GrpcService.java:startImpl(149)) - df5639b5-8d27-41f9-bfe0-08f3354f2ffa: GrpcService started, listening on 0.0.0.0/0.0.0.0:39715
2019-07-14 01:11:19,930 INFO  ratis.XceiverServerRatis (XceiverServerRatis.java:start(428)) - XceiverServerRatis df5639b5-8d27-41f9-bfe0-08f3354f2ffa is started using port 39715
2019-07-14 01:11:19,935 INFO  server.XceiverServerGrpc (XceiverServerGrpc.java:start(161)) - XceiverServerGrpc df5639b5-8d27-41f9-bfe0-08f3354f2ffa is started using port 33915
2019-07-14 01:11:20,068 INFO  ozone.MiniOzoneClusterImpl (MiniOzoneClusterImpl.java:lambda$waitForClusterToBeReady$0(142)) - Waiting for cluster to be ready. Got 0 of 7 DN Heartbeats.
2019-07-14 01:11:20,086 INFO  ozoneimpl.OzoneContainer (OzoneContainer.java:start(186)) - Attempting to start container services.
2019-07-14 01:11:20,086 INFO  ozoneimpl.OzoneContainer (OzoneContainer.java:startContainerScrub(160)) - Background container scrubber has been disabled by hdds.containerscrub.enabled
2019-07-14 01:11:20,086 INFO  ratis.XceiverServerRatis (XceiverServerRatis.java:start(418)) - Starting XceiverServerRatis bba62e65-e9a2-4912-816e-f3fe765dbdec at port 0
2019-07-14 01:11:20,096 INFO  impl.RaftServerProxy (RaftServerProxy.java:lambda$start$3(299)) - bba62e65-e9a2-4912-816e-f3fe765dbdec: start RPC server
2019-07-14 01:11:20,096 INFO  server.GrpcService (GrpcService.java:startImpl(149)) - bba62e65-e9a2-4912-816e-f3fe765dbdec: GrpcService started, listening on 0.0.0.0/0.0.0.0:33724
2019-07-14 01:11:20,097 INFO  ratis.XceiverServerRatis (XceiverServerRatis.java:start(428)) - XceiverServerRatis bba62e65-e9a2-4912-816e-f3fe765dbdec is started using port 33724
2019-07-14 01:11:20,097 INFO  server.XceiverServerGrpc (XceiverServerGrpc.java:start(161)) - XceiverServerGrpc bba62e65-e9a2-4912-816e-f3fe765dbdec is started using port 42576
2019-07-14 01:11:21,057 INFO  net.NetworkTopology (NetworkTopologyImpl.java:add(110)) - Added a new node: /default-rack/192.168.157.230
2019-07-14 01:11:21,060 INFO  node.SCMNodeManager (SCMNodeManager.java:register(269)) - Registered Data node : 4a10d95a-fc32-43ca-baec-962b33441fc8{ip: 192.168.157.230, host: trunk-nightly-sxkq5-3320257302, networkLocation: /default-rack, certSerialId: null}
2019-07-14 01:11:21,061 INFO  safemode.SCMSafeModeManager (DataNodeSafeModeRule.java:process(71)) - SCM in safe mode. 1 DataNodes registered, 1 required.
2019-07-14 01:11:21,064 INFO  safemode.SCMSafeModeManager (SCMSafeModeManager.java:validateSafeModeExitRules(177)) - ScmSafeModeManager, all rules are successfully validated
2019-07-14 01:11:21,064 INFO  safemode.SCMSafeModeManager (SCMSafeModeManager.java:exitSafeMode(193)) - SCM exiting safe mode.
2019-07-14 01:11:21,070 INFO  ozone.MiniOzoneClusterImpl (MiniOzoneClusterImpl.java:lambda$waitForClusterToBeReady$0(142)) - Waiting for cluster to be ready. Got 1 of 7 DN Heartbeats.
2019-07-14 01:11:21,235 INFO  node.SCMNodeManager (SCMNodeManager.java:register(269)) - Registered Data node : 414e4ec8-a841-4210-9e5f-ee36acc3bf1c{ip: 192.168.157.230, host: trunk-nightly-sxkq5-3320257302, networkLocation: /default-rack, certSerialId: null}
2019-07-14 01:11:21,240 INFO  impl.RaftServerProxy (RaftServerProxy.java:addNew(89)) - 4a10d95a-fc32-43ca-baec-962b33441fc8: addNew group-83AEB8A56F81:[4a10d95a-fc32-43ca-baec-962b33441fc8:192.168.157.230:34084] returns group-83AEB8A56F81:java.util.concurrent.CompletableFuture@3fad4e6c[Not completed]
2019-07-14 01:11:21,243 INFO  impl.RaftServerImpl (RaftServerImpl.java:<init>(93)) - 4a10d95a-fc32-43ca-baec-962b33441fc8: new RaftServerImpl for group-83AEB8A56F81:[4a10d95a-fc32-43ca-baec-962b33441fc8:192.168.157.230:34084] with ContainerStateMachine:uninitialized
2019-07-14 01:11:21,243 INFO  server.RaftServerConfigKeys (ConfUtils.java:logGet(43)) - raft.server.rpc.timeout.min = 5s (custom)
2019-07-14 01:11:21,243 INFO  server.RaftServerConfigKeys (ConfUtils.java:logGet(43)) - raft.server.rpc.timeout.max = 5200ms (custom)
2019-07-14 01:11:21,245 INFO  server.RaftServerConfigKeys (ConfUtils.java:logGet(43)) - raft.server.rpcslowness.timeout = 120s (custom)
2019-07-14 01:11:21,245 INFO  server.RaftServerConfigKeys (ConfUtils.java:logGet(43)) - raft.server.sleep.deviation.threshold = 300 (default)
2019-07-14 01:11:21,245 INFO  server.RaftServerConfigKeys (ConfUtils.java:logGet(43)) - raft.server.log.appender.install.snapshot.enabled = false (custom)
2019-07-14 01:11:21,247 INFO  impl.RaftServerImpl (ServerState.java:<init>(105)) - 4a10d95a-fc32-43ca-baec-962b33441fc8:group-83AEB8A56F81 ConfigurationManager, init=-1: [4a10d95a-fc32-43ca-baec-962b33441fc8:192.168.157.230:34084], old=null, confs=<EMPTY_MAP>
2019-07-14 01:11:21,247 INFO  server.RaftServerConfigKeys (ConfUtils.java:logGet(43)) - raft.server.storage.dir = [/tmp/workdir/hadoop-ozone/integration-test/target/test-dir/MiniOzoneClusterImpl-1c1210bb-655e-47e6-ae7e-d700eb333cd1/datanode-0/data/ratis] (custom)
2019-07-14 01:11:21,253 INFO  storage.RaftStorageDirectory (RaftStorageDirectory.java:analyzeStorage(246)) - The storage directory /tmp/workdir/hadoop-ozone/integration-test/target/test-dir/MiniOzoneClusterImpl-1c1210bb-655e-47e6-ae7e-d700eb333cd1/datanode-0/data/ratis/984d8650-7ed0-49a1-a243-83aeb8a56f81 does not exist. Creating ...
2019-07-14 01:11:21,269 INFO  storage.RaftStorageDirectory (RaftStorageDirectory.java:tryLock(328)) - Lock on /tmp/workdir/hadoop-ozone/integration-test/target/test-dir/MiniOzoneClusterImpl-1c1210bb-655e-47e6-ae7e-d700eb333cd1/datanode-0/data/ratis/984d8650-7ed0-49a1-a243-83aeb8a56f81/in_use.lock acquired by nodename 26095@trunk-nightly-sxkq5-3320257302
2019-07-14 01:11:21,282 INFO  storage.RaftStorage (RaftStorage.java:format(72)) - Storage directory /tmp/workdir/hadoop-ozone/integration-test/target/test-dir/MiniOzoneClusterImpl-1c1210bb-655e-47e6-ae7e-d700eb333cd1/datanode-0/data/ratis/984d8650-7ed0-49a1-a243-83aeb8a56f81 has been successfully formatted.
2019-07-14 01:11:21,282 INFO  ratis.ContainerStateMachine (ContainerStateMachine.java:loadSnapshot(200)) - The snapshot info is null.Setting the last applied index to:(t:0, i:~)
2019-07-14 01:11:21,282 INFO  server.RaftServerConfigKeys (ConfUtils.java:logGet(43)) - raft.server.leader.election.timeout = 120s (custom)
2019-07-14 01:11:21,282 INFO  server.RaftServerConfigKeys (ConfUtils.java:logGet(43)) - raft.server.log.use.memory = false (default)
2019-07-14 01:11:21,283 INFO  server.RaftServerConfigKeys (ConfUtils.java:logGet(43)) - raft.server.log.purge.gap = 1000000000 (custom)
2019-07-14 01:11:21,283 INFO  server.RaftServerConfigKeys (ConfUtils.java:logGet(43)) - raft.server.log.appender.buffer.byte-limit = 33554432 (custom)
2019-07-14 01:11:21,283 INFO  server.RaftServerConfigKeys (ConfUtils.java:logGet(43)) - raft.server.log.segment.size.max = 1048576 (custom)
2019-07-14 01:11:21,283 INFO  server.RaftServerConfigKeys (ConfUtils.java:logGet(43)) - raft.server.log.segment.cache.num.max = 2 (custom)
2019-07-14 01:11:21,283 INFO  segmented.SegmentedRaftLogWorker (SegmentedRaftLogWorker.java:<init>(172)) - new 4a10d95a-fc32-43ca-baec-962b33441fc8-SegmentedRaftLogWorker:Storage Directory /tmp/workdir/hadoop-ozone/integration-test/target/test-dir/MiniOzoneClusterImpl-1c1210bb-655e-47e6-ae7e-d700eb333cd1/datanode-0/data/ratis/984d8650-7ed0-49a1-a243-83aeb8a56f81 for RaftStorage:Storage Directory /tmp/workdir/hadoop-ozone/integration-test/target/test-dir/MiniOzoneClusterImpl-1c1210bb-655e-47e6-ae7e-d700eb333cd1/datanode-0/data/ratis/984d8650-7ed0-49a1-a243-83aeb8a56f81
2019-07-14 01:11:21,283 INFO  server.RaftServerConfigKeys (ConfUtils.java:logGet(43)) - raft.server.log.queue.byte-limit = 2147483647 (custom)
2019-07-14 01:11:21,283 INFO  server.RaftServerConfigKeys (ConfUtils.java:logGet(43)) - raft.server.log.queue.element-limit = 1024 (custom)
2019-07-14 01:11:21,284 INFO  server.RaftServerConfigKeys (ConfUtils.java:logGet(43)) - raft.server.log.segment.size.max = 1048576 (custom)
2019-07-14 01:11:21,284 INFO  server.RaftServerConfigKeys (ConfUtils.java:logGet(43)) - raft.server.log.preallocated.size = 16384 (custom)
2019-07-14 01:11:21,284 INFO  server.RaftServerConfigKeys (ConfUtils.java:logGet(43)) - raft.server.log.write.buffer.size = 33554432 (custom)
2019-07-14 01:11:21,284 INFO  server.RaftServerConfigKeys (ConfUtils.java:logGet(43)) - raft.server.log.force.sync.num = 128 (default)
2019-07-14 01:11:21,284 INFO  server.RaftServerConfigKeys (ConfUtils.java:logGet(43)) - raft.server.log.statemachine.data.sync = true (default)
2019-07-14 01:11:21,284 INFO  server.RaftServerConfigKeys (ConfUtils.java:logGet(43)) - raft.server.log.statemachine.data.sync.timeout = 10s (default)
2019-07-14 01:11:21,284 INFO  server.RaftServerConfigKeys (ConfUtils.java:logGet(43)) - raft.server.log.statemachine.data.sync.timeout.retry = -1 (default)
2019-07-14 01:11:21,285 INFO  server.RaftServerConfigKeys (ConfUtils.java:logGet(43)) - raft.server.log.statemachine.data.caching.enabled = true (custom)
2019-07-14 01:11:21,285 INFO  segmented.SegmentedRaftLogWorker (SegmentedRaftLogWorker.java:lambda$new$0(132)) - 4a10d95a-fc32-43ca-baec-962b33441fc8-SegmentedRaftLogWorker:Storage Directory /tmp/workdir/hadoop-ozone/integration-test/target/test-dir/MiniOzoneClusterImpl-1c1210bb-655e-47e6-ae7e-d700eb333cd1/datanode-0/data/ratis/984d8650-7ed0-49a1-a243-83aeb8a56f81: flushIndex: setUnconditionally 0 -> -1
2019-07-14 01:11:21,285 INFO  server.RaftServerConfigKeys (ConfUtils.java:logGet(43)) - raft.server.snapshot.auto.trigger.enabled = true (custom)
2019-07-14 01:11:21,286 INFO  server.RaftServerConfigKeys (ConfUtils.java:logGet(43)) - raft.server.snapshot.auto.trigger.threshold = 10000 (custom)
2019-07-14 01:11:21,286 INFO  server.RaftServerConfigKeys (ConfUtils.java:logGet(43)) - raft.server.retrycache.expirytime = 600000ms (custom)
2019-07-14 01:11:21,286 INFO  impl.RaftServerImpl (RaftServerImpl.java:start(180)) - 4a10d95a-fc32-43ca-baec-962b33441fc8: start group-83AEB8A56F81
2019-07-14 01:11:21,286 INFO  impl.RaftServerImpl (RaftServerImpl.java:setRole(171)) - 4a10d95a-fc32-43ca-baec-962b33441fc8:group-83AEB8A56F81 changes role from null to FOLLOWER at term 0 for startAsFollower
2019-07-14 01:11:21,286 INFO  impl.RoleInfo (RoleInfo.java:updateAndGet(143)) - 4a10d95a-fc32-43ca-baec-962b33441fc8: start FollowerState
2019-07-14 01:11:21,287 INFO  util.JmxRegister (JmxRegister.java:tryRegister(44)) - Successfully registered JMX Bean with object name Ratis:service=RaftServer,group=group-83AEB8A56F81,id=4a10d95a-fc32-43ca-baec-962b33441fc8
2019-07-14 01:11:21,292 INFO  pipeline.PipelineStateManager (PipelineStateManager.java:addPipeline(56)) - Created pipeline Pipeline[ Id: 984d8650-7ed0-49a1-a243-83aeb8a56f81, Nodes: 4a10d95a-fc32-43ca-baec-962b33441fc8{ip: 192.168.157.230, host: trunk-nightly-sxkq5-3320257302, networkLocation: /default-rack, certSerialId: null}, Type:RATIS, Factor:ONE, State:OPEN]
2019-07-14 01:11:21,300 INFO  impl.RaftServerProxy (RaftServerProxy.java:addNew(89)) - 414e4ec8-a841-4210-9e5f-ee36acc3bf1c: addNew group-5E0BCBDB9655:[414e4ec8-a841-4210-9e5f-ee36acc3bf1c:192.168.157.230:46777] returns group-5E0BCBDB9655:java.util.concurrent.CompletableFuture@64817b56[Not completed]
2019-07-14 01:11:21,301 INFO  impl.RaftServerImpl (RaftServerImpl.java:<init>(93)) - 414e4ec8-a841-4210-9e5f-ee36acc3bf1c: new RaftServerImpl for group-5E0BCBDB9655:[414e4ec8-a841-4210-9e5f-ee36acc3bf1c:192.168.157.230:46777] with ContainerStateMachine:uninitialized
2019-07-14 01:11:21,301 INFO  server.RaftServerConfigKeys (ConfUtils.java:logGet(43)) - raft.server.rpc.timeout.min = 5s (custom)
2019-07-14 01:11:21,301 INFO  server.RaftServerConfigKeys (ConfUtils.java:logGet(43)) - raft.server.rpc.timeout.max = 5200ms (custom)
2019-07-14 01:11:21,301 INFO  server.RaftServerConfigKeys (ConfUtils.java:logGet(43)) - raft.server.rpcslowness.timeout = 120s (custom)
2019-07-14 01:11:21,301 INFO  server.RaftServerConfigKeys (ConfUtils.java:logGet(43)) - raft.server.sleep.deviation.threshold = 300 (default)
2019-07-14 01:11:21,301 INFO  server.RaftServerConfigKeys (ConfUtils.java:logGet(43)) - raft.server.log.appender.install.snapshot.enabled = false (custom)
2019-07-14 01:11:21,301 INFO  impl.RaftServerImpl (ServerState.java:<init>(105)) - 414e4ec8-a841-4210-9e5f-ee36acc3bf1c:group-5E0BCBDB9655 ConfigurationManager, init=-1: [414e4ec8-a841-4210-9e5f-ee36acc3bf1c:192.168.157.230:46777], old=null, confs=<EMPTY_MAP>
2019-07-14 01:11:21,302 INFO  server.RaftServerConfigKeys (ConfUtils.java:logGet(43)) - raft.server.storage.dir = [/tmp/workdir/hadoop-ozone/integration-test/target/test-dir/MiniOzoneClusterImpl-1c1210bb-655e-47e6-ae7e-d700eb333cd1/datanode-1/data/ratis] (custom)
2019-07-14 01:11:21,302 INFO  storage.RaftStorageDirectory (RaftStorageDirectory.java:analyzeStorage(246)) - The storage directory /tmp/workdir/hadoop-ozone/integration-test/target/test-dir/MiniOzoneClusterImpl-1c1210bb-655e-47e6-ae7e-d700eb333cd1/datanode-1/data/ratis/88a38524-b182-4304-bd70-5e0bcbdb9655 does not exist. Creating ...
2019-07-14 01:11:21,314 INFO  storage.RaftStorageDirectory (RaftStorageDirectory.java:tryLock(328)) - Lock on /tmp/workdir/hadoop-ozone/integration-test/target/test-dir/MiniOzoneClusterImpl-1c1210bb-655e-47e6-ae7e-d700eb333cd1/datanode-1/data/ratis/88a38524-b182-4304-bd70-5e0bcbdb9655/in_use.lock acquired by nodename 26095@trunk-nightly-sxkq5-3320257302
2019-07-14 01:11:21,327 INFO  storage.RaftStorage (RaftStorage.java:format(72)) - Storage directory /tmp/workdir/hadoop-ozone/integration-test/target/test-dir/MiniOzoneClusterImpl-1c1210bb-655e-47e6-ae7e-d700eb333cd1/datanode-1/data/ratis/88a38524-b182-4304-bd70-5e0bcbdb9655 has been successfully formatted.
2019-07-14 01:11:21,327 INFO  ratis.ContainerStateMachine (ContainerStateMachine.java:loadSnapshot(200)) - The snapshot info is null.Setting the last applied index to:(t:0, i:~)
2019-07-14 01:11:21,327 INFO  server.RaftServerConfigKeys (ConfUtils.java:logGet(43)) - raft.server.leader.election.timeout = 120s (custom)
2019-07-14 01:11:21,327 INFO  server.RaftServerConfigKeys (ConfUtils.java:logGet(43)) - raft.server.log.use.memory = false (default)
2019-07-14 01:11:21,327 INFO  server.RaftServerConfigKeys (ConfUtils.java:logGet(43)) - raft.server.log.purge.gap = 1000000000 (custom)
2019-07-14 01:11:21,327 INFO  server.RaftServerConfigKeys (ConfUtils.java:logGet(43)) - raft.server.log.appender.buffer.byte-limit = 33554432 (custom)
2019-07-14 01:11:21,327 INFO  server.RaftServerConfigKeys (ConfUtils.java:logGet(43)) - raft.server.log.segment.size.max = 1048576 (custom)
2019-07-14 01:11:21,328 INFO  server.RaftServerConfigKeys (ConfUtils.java:logGet(43)) - raft.server.log.segment.cache.num.max = 2 (custom)
2019-07-14 01:11:21,328 INFO  segmented.SegmentedRaftLogWorker (SegmentedRaftLogWorker.java:<init>(172)) - new 414e4ec8-a841-4210-9e5f-ee36acc3bf1c-SegmentedRaftLogWorker:Storage Directory /tmp/workdir/hadoop-ozone/integration-test/target/test-dir/MiniOzoneClusterImpl-1c1210bb-655e-47e6-ae7e-d700eb333cd1/datanode-1/data/ratis/88a38524-b182-4304-bd70-5e0bcbdb9655 for RaftStorage:Storage Directory /tmp/workdir/hadoop-ozone/integration-test/target/test-dir/MiniOzoneClusterImpl-1c1210bb-655e-47e6-ae7e-d700eb333cd1/datanode-1/data/ratis/88a38524-b182-4304-bd70-5e0bcbdb9655
2019-07-14 01:11:21,328 INFO  server.RaftServerConfigKeys (ConfUtils.java:logGet(43)) - raft.server.log.queue.byte-limit = 2147483647 (custom)
2019-07-14 01:11:21,328 INFO  server.RaftServerConfigKeys (ConfUtils.java:logGet(43)) - raft.server.log.queue.element-limit = 1024 (custom)
2019-07-14 01:11:21,328 INFO  server.RaftServerConfigKeys (ConfUtils.java:logGet(43)) - raft.server.log.segment.size.max = 1048576 (custom)
2019-07-14 01:11:21,328 INFO  server.RaftServerConfigKeys (ConfUtils.java:logGet(43)) - raft.server.log.preallocated.size = 16384 (custom)
2019-07-14 01:11:21,329 INFO  server.RaftServerConfigKeys (ConfUtils.java:logGet(43)) - raft.server.log.write.buffer.size = 33554432 (custom)
2019-07-14 01:11:21,329 INFO  server.RaftServerConfigKeys (ConfUtils.java:logGet(43)) - raft.server.log.force.sync.num = 128 (default)
2019-07-14 01:11:21,329 INFO  server.RaftServerConfigKeys (ConfUtils.java:logGet(43)) - raft.server.log.statemachine.data.sync = true (default)
2019-07-14 01:11:21,329 INFO  server.RaftServerConfigKeys (ConfUtils.java:logGet(43)) - raft.server.log.statemachine.data.sync.timeout = 10s (default)
2019-07-14 01:11:21,329 INFO  server.RaftServerConfigKeys (ConfUtils.java:logGet(43)) - raft.server.log.statemachine.data.sync.timeout.retry = -1 (default)
2019-07-14 01:11:21,329 INFO  server.RaftServerConfigKeys (ConfUtils.java:logGet(43)) - raft.server.log.statemachine.data.caching.enabled = true (custom)
2019-07-14 01:11:21,330 INFO  segmented.SegmentedRaftLogWorker (SegmentedRaftLogWorker.java:lambda$new$0(132)) - 414e4ec8-a841-4210-9e5f-ee36acc3bf1c-SegmentedRaftLogWorker:Storage Directory /tmp/workdir/hadoop-ozone/integration-test/target/test-dir/MiniOzoneClusterImpl-1c1210bb-655e-47e6-ae7e-d700eb333cd1/datanode-1/data/ratis/88a38524-b182-4304-bd70-5e0bcbdb9655: flushIndex: setUnconditionally 0 -> -1
2019-07-14 01:11:21,330 INFO  server.RaftServerConfigKeys (ConfUtils.java:logGet(43)) - raft.server.snapshot.auto.trigger.enabled = true (custom)
2019-07-14 01:11:21,330 INFO  server.RaftServerConfigKeys (ConfUtils.java:logGet(43)) - raft.server.snapshot.auto.trigger.threshold = 10000 (custom)
2019-07-14 01:11:21,330 INFO  server.RaftServerConfigKeys (ConfUtils.java:logGet(43)) - raft.server.retrycache.expirytime = 600000ms (custom)
2019-07-14 01:11:21,330 INFO  impl.RaftServerImpl (RaftServerImpl.java:start(180)) - 414e4ec8-a841-4210-9e5f-ee36acc3bf1c: start group-5E0BCBDB9655
2019-07-14 01:11:21,330 INFO  impl.RaftServerImpl (RaftServerImpl.java:setRole(171)) - 414e4ec8-a841-4210-9e5f-ee36acc3bf1c:group-5E0BCBDB9655 changes role from null to FOLLOWER at term 0 for startAsFollower
2019-07-14 01:11:21,330 INFO  impl.RoleInfo (RoleInfo.java:updateAndGet(143)) - 414e4ec8-a841-4210-9e5f-ee36acc3bf1c: start FollowerState
2019-07-14 01:11:21,331 INFO  util.JmxRegister (JmxRegister.java:tryRegister(44)) - Successfully registered JMX Bean with object name Ratis:service=RaftServer,group=group-5E0BCBDB9655,id=414e4ec8-a841-4210-9e5f-ee36acc3bf1c
2019-07-14 01:11:21,335 INFO  pipeline.PipelineStateManager (PipelineStateManager.java:addPipeline(56)) - Created pipeline Pipeline[ Id: 88a38524-b182-4304-bd70-5e0bcbdb9655, Nodes: 414e4ec8-a841-4210-9e5f-ee36acc3bf1c{ip: 192.168.157.230, host: trunk-nightly-sxkq5-3320257302, networkLocation: /default-rack, certSerialId: null}, Type:RATIS, Factor:ONE, State:OPEN]
2019-07-14 01:11:21,392 INFO  node.SCMNodeManager (SCMNodeManager.java:register(269)) - Registered Data node : 1043547d-a86b-4fba-8d83-7bfd4e36771d{ip: 192.168.157.230, host: trunk-nightly-sxkq5-3320257302, networkLocation: /default-rack, certSerialId: null}
2019-07-14 01:11:21,400 INFO  impl.RaftServerProxy (RaftServerProxy.java:addNew(89)) - 1043547d-a86b-4fba-8d83-7bfd4e36771d: addNew group-669011767C27:[1043547d-a86b-4fba-8d83-7bfd4e36771d:192.168.157.230:39139] returns group-669011767C27:java.util.concurrent.CompletableFuture@74c0fdc0[Not completed]
2019-07-14 01:11:21,401 INFO  impl.RaftServerImpl (RaftServerImpl.java:<init>(93)) - 1043547d-a86b-4fba-8d83-7bfd4e36771d: new RaftServerImpl for group-669011767C27:[1043547d-a86b-4fba-8d83-7bfd4e36771d:192.168.157.230:39139] with ContainerStateMachine:uninitialized
2019-07-14 01:11:21,401 INFO  server.RaftServerConfigKeys (ConfUtils.java:logGet(43)) - raft.server.rpc.timeout.min = 5s (custom)
2019-07-14 01:11:21,401 INFO  server.RaftServerConfigKeys (ConfUtils.java:logGet(43)) - raft.server.rpc.timeout.max = 5200ms (custom)
2019-07-14 01:11:21,401 INFO  server.RaftServerConfigKeys (ConfUtils.java:logGet(43)) - raft.server.rpcslowness.timeout = 120s (custom)
2019-07-14 01:11:21,401 INFO  server.RaftServerConfigKeys (ConfUtils.java:logGet(43)) - raft.server.sleep.deviation.threshold = 300 (default)
2019-07-14 01:11:21,401 INFO  server.RaftServerConfigKeys (ConfUtils.java:logGet(43)) - raft.server.log.appender.install.snapshot.enabled = false (custom)
2019-07-14 01:11:21,402 INFO  impl.RaftServerImpl (ServerState.java:<init>(105)) - 1043547d-a86b-4fba-8d83-7bfd4e36771d:group-669011767C27 ConfigurationManager, init=-1: [1043547d-a86b-4fba-8d83-7bfd4e36771d:192.168.157.230:39139], old=null, confs=<EMPTY_MAP>
2019-07-14 01:11:21,402 INFO  server.RaftServerConfigKeys (ConfUtils.java:logGet(43)) - raft.server.storage.dir = [/tmp/workdir/hadoop-ozone/integration-test/target/test-dir/MiniOzoneClusterImpl-1c1210bb-655e-47e6-ae7e-d700eb333cd1/datanode-2/data/ratis] (custom)
2019-07-14 01:11:21,402 INFO  storage.RaftStorageDirectory (RaftStorageDirectory.java:analyzeStorage(246)) - The storage directory /tmp/workdir/hadoop-ozone/integration-test/target/test-dir/MiniOzoneClusterImpl-1c1210bb-655e-47e6-ae7e-d700eb333cd1/datanode-2/data/ratis/9c82c248-a03e-409b-aa08-669011767c27 does not exist. Creating ...
2019-07-14 01:11:21,415 INFO  storage.RaftStorageDirectory (RaftStorageDirectory.java:tryLock(328)) - Lock on /tmp/workdir/hadoop-ozone/integration-test/target/test-dir/MiniOzoneClusterImpl-1c1210bb-655e-47e6-ae7e-d700eb333cd1/datanode-2/data/ratis/9c82c248-a03e-409b-aa08-669011767c27/in_use.lock acquired by nodename 26095@trunk-nightly-sxkq5-3320257302
2019-07-14 01:11:21,429 INFO  storage.RaftStorage (RaftStorage.java:format(72)) - Storage directory /tmp/workdir/hadoop-ozone/integration-test/target/test-dir/MiniOzoneClusterImpl-1c1210bb-655e-47e6-ae7e-d700eb333cd1/datanode-2/data/ratis/9c82c248-a03e-409b-aa08-669011767c27 has been successfully formatted.
2019-07-14 01:11:21,429 INFO  ratis.ContainerStateMachine (ContainerStateMachine.java:loadSnapshot(200)) - The snapshot info is null.Setting the last applied index to:(t:0, i:~)
2019-07-14 01:11:21,429 INFO  server.RaftServerConfigKeys (ConfUtils.java:logGet(43)) - raft.server.leader.election.timeout = 120s (custom)
2019-07-14 01:11:21,429 INFO  server.RaftServerConfigKeys (ConfUtils.java:logGet(43)) - raft.server.log.use.memory = false (default)
2019-07-14 01:11:21,429 INFO  server.RaftServerConfigKeys (ConfUtils.java:logGet(43)) - raft.server.log.purge.gap = 1000000000 (custom)
2019-07-14 01:11:21,430 INFO  server.RaftServerConfigKeys (ConfUtils.java:logGet(43)) - raft.server.log.appender.buffer.byte-limit = 33554432 (custom)
2019-07-14 01:11:21,430 INFO  server.RaftServerConfigKeys (ConfUtils.java:logGet(43)) - raft.server.log.segment.size.max = 1048576 (custom)
2019-07-14 01:11:21,430 INFO  server.RaftServerConfigKeys (ConfUtils.java:logGet(43)) - raft.server.log.segment.cache.num.max = 2 (custom)
2019-07-14 01:11:21,430 INFO  segmented.SegmentedRaftLogWorker (SegmentedRaftLogWorker.java:<init>(172)) - new 1043547d-a86b-4fba-8d83-7bfd4e36771d-SegmentedRaftLogWorker:Storage Directory /tmp/workdir/hadoop-ozone/integration-test/target/test-dir/MiniOzoneClusterImpl-1c1210bb-655e-47e6-ae7e-d700eb333cd1/datanode-2/data/ratis/9c82c248-a03e-409b-aa08-669011767c27 for RaftStorage:Storage Directory /tmp/workdir/hadoop-ozone/integration-test/target/test-dir/MiniOzoneClusterImpl-1c1210bb-655e-47e6-ae7e-d700eb333cd1/datanode-2/data/ratis/9c82c248-a03e-409b-aa08-669011767c27
2019-07-14 01:11:21,430 INFO  server.RaftServerConfigKeys (ConfUtils.java:logGet(43)) - raft.server.log.queue.byte-limit = 2147483647 (custom)
2019-07-14 01:11:21,430 INFO  server.RaftServerConfigKeys (ConfUtils.java:logGet(43)) - raft.server.log.queue.element-limit = 1024 (custom)
2019-07-14 01:11:21,431 INFO  server.RaftServerConfigKeys (ConfUtils.java:logGet(43)) - raft.server.log.segment.size.max = 1048576 (custom)
2019-07-14 01:11:21,431 INFO  server.RaftServerConfigKeys (ConfUtils.java:logGet(43)) - raft.server.log.preallocated.size = 16384 (custom)
2019-07-14 01:11:21,431 INFO  server.RaftServerConfigKeys (ConfUtils.java:logGet(43)) - raft.server.log.write.buffer.size = 33554432 (custom)
2019-07-14 01:11:21,431 INFO  server.RaftServerConfigKeys (ConfUtils.java:logGet(43)) - raft.server.log.force.sync.num = 128 (default)
2019-07-14 01:11:21,431 INFO  server.RaftServerConfigKeys (ConfUtils.java:logGet(43)) - raft.server.log.statemachine.data.sync = true (default)
2019-07-14 01:11:21,431 INFO  server.RaftServerConfigKeys (ConfUtils.java:logGet(43)) - raft.server.log.statemachine.data.sync.timeout = 10s (default)
2019-07-14 01:11:21,432 INFO  server.RaftServerConfigKeys (ConfUtils.java:logGet(43)) - raft.server.log.statemachine.data.sync.timeout.retry = -1 (default)
2019-07-14 01:11:21,432 INFO  server.RaftServerConfigKeys (ConfUtils.java:logGet(43)) - raft.server.log.statemachine.data.caching.enabled = true (custom)
2019-07-14 01:11:21,432 INFO  segmented.SegmentedRaftLogWorker (SegmentedRaftLogWorker.java:lambda$new$0(132)) - 1043547d-a86b-4fba-8d83-7bfd4e36771d-SegmentedRaftLogWorker:Storage Directory /tmp/workdir/hadoop-ozone/integration-test/target/test-dir/MiniOzoneClusterImpl-1c1210bb-655e-47e6-ae7e-d700eb333cd1/datanode-2/data/ratis/9c82c248-a03e-409b-aa08-669011767c27: flushIndex: setUnconditionally 0 -> -1
2019-07-14 01:11:21,433 INFO  server.RaftServerConfigKeys (ConfUtils.java:logGet(43)) - raft.server.snapshot.auto.trigger.enabled = true (custom)
2019-07-14 01:11:21,433 INFO  server.RaftServerConfigKeys (ConfUtils.java:logGet(43)) - raft.server.snapshot.auto.trigger.threshold = 10000 (custom)
2019-07-14 01:11:21,433 INFO  server.RaftServerConfigKeys (ConfUtils.java:logGet(43)) - raft.server.retrycache.expirytime = 600000ms (custom)
2019-07-14 01:11:21,433 INFO  impl.RaftServerImpl (RaftServerImpl.java:start(180)) - 1043547d-a86b-4fba-8d83-7bfd4e36771d: start group-669011767C27
2019-07-14 01:11:21,433 INFO  impl.RaftServerImpl (RaftServerImpl.java:setRole(171)) - 1043547d-a86b-4fba-8d83-7bfd4e36771d:group-669011767C27 changes role from null to FOLLOWER at term 0 for startAsFollower
2019-07-14 01:11:21,433 INFO  impl.RoleInfo (RoleInfo.java:updateAndGet(143)) - 1043547d-a86b-4fba-8d83-7bfd4e36771d: start FollowerState
2019-07-14 01:11:21,434 INFO  util.JmxRegister (JmxRegister.java:tryRegister(44)) - Successfully registered JMX Bean with object name Ratis:service=RaftServer,group=group-669011767C27,id=1043547d-a86b-4fba-8d83-7bfd4e36771d
2019-07-14 01:11:21,439 INFO  pipeline.PipelineStateManager (PipelineStateManager.java:addPipeline(56)) - Created pipeline Pipeline[ Id: 9c82c248-a03e-409b-aa08-669011767c27, Nodes: 1043547d-a86b-4fba-8d83-7bfd4e36771d{ip: 192.168.157.230, host: trunk-nightly-sxkq5-3320257302, networkLocation: /default-rack, certSerialId: null}, Type:RATIS, Factor:ONE, State:OPEN]
2019-07-14 01:11:21,454 INFO  impl.RaftServerProxy (RaftServerProxy.java:addNew(89)) - 4a10d95a-fc32-43ca-baec-962b33441fc8: addNew group-A56CEB851C8E:[414e4ec8-a841-4210-9e5f-ee36acc3bf1c:192.168.157.230:46777, 4a10d95a-fc32-43ca-baec-962b33441fc8:192.168.157.230:34084, 1043547d-a86b-4fba-8d83-7bfd4e36771d:192.168.157.230:39139] returns group-A56CEB851C8E:java.util.concurrent.CompletableFuture@22102f3b[Not completed]
2019-07-14 01:11:21,454 INFO  impl.RaftServerProxy (RaftServerProxy.java:addNew(89)) - 414e4ec8-a841-4210-9e5f-ee36acc3bf1c: addNew group-A56CEB851C8E:[414e4ec8-a841-4210-9e5f-ee36acc3bf1c:192.168.157.230:46777, 4a10d95a-fc32-43ca-baec-962b33441fc8:192.168.157.230:34084, 1043547d-a86b-4fba-8d83-7bfd4e36771d:192.168.157.230:39139] returns group-A56CEB851C8E:java.util.concurrent.CompletableFuture@70de0510[Not completed]
2019-07-14 01:11:21,455 INFO  impl.RaftServerProxy (RaftServerProxy.java:addNew(89)) - 1043547d-a86b-4fba-8d83-7bfd4e36771d: addNew group-A56CEB851C8E:[414e4ec8-a841-4210-9e5f-ee36acc3bf1c:192.168.157.230:46777, 4a10d95a-fc32-43ca-baec-962b33441fc8:192.168.157.230:34084, 1043547d-a86b-4fba-8d83-7bfd4e36771d:192.168.157.230:39139] returns group-A56CEB851C8E:java.util.concurrent.CompletableFuture@4b84b392[Not completed]
2019-07-14 01:11:21,456 INFO  impl.RaftServerImpl (RaftServerImpl.java:<init>(93)) - 414e4ec8-a841-4210-9e5f-ee36acc3bf1c: new RaftServerImpl for group-A56CEB851C8E:[414e4ec8-a841-4210-9e5f-ee36acc3bf1c:192.168.157.230:46777, 4a10d95a-fc32-43ca-baec-962b33441fc8:192.168.157.230:34084, 1043547d-a86b-4fba-8d83-7bfd4e36771d:192.168.157.230:39139] with ContainerStateMachine:uninitialized
2019-07-14 01:11:21,456 INFO  server.RaftServerConfigKeys (ConfUtils.java:logGet(43)) - raft.server.rpc.timeout.min = 5s (custom)
2019-07-14 01:11:21,456 INFO  server.RaftServerConfigKeys (ConfUtils.java:logGet(43)) - raft.server.rpc.timeout.max = 5200ms (custom)
2019-07-14 01:11:21,456 INFO  impl.RaftServerImpl (RaftServerImpl.java:<init>(93)) - 1043547d-a86b-4fba-8d83-7bfd4e36771d: new RaftServerImpl for group-A56CEB851C8E:[414e4ec8-a841-4210-9e5f-ee36acc3bf1c:192.168.157.230:46777, 4a10d95a-fc32-43ca-baec-962b33441fc8:192.168.157.230:34084, 1043547d-a86b-4fba-8d83-7bfd4e36771d:192.168.157.230:39139] with ContainerStateMachine:uninitialized
2019-07-14 01:11:21,456 INFO  server.RaftServerConfigKeys (ConfUtils.java:logGet(43)) - raft.server.rpcslowness.timeout = 120s (custom)
2019-07-14 01:11:21,456 INFO  server.RaftServerConfigKeys (ConfUtils.java:logGet(43)) - raft.server.rpc.timeout.min = 5s (custom)
2019-07-14 01:11:21,456 INFO  server.RaftServerConfigKeys (ConfUtils.java:logGet(43)) - raft.server.sleep.deviation.threshold = 300 (default)
2019-07-14 01:11:21,457 INFO  impl.RaftServerImpl (RaftServerImpl.java:<init>(93)) - 4a10d95a-fc32-43ca-baec-962b33441fc8: new RaftServerImpl for group-A56CEB851C8E:[414e4ec8-a841-4210-9e5f-ee36acc3bf1c:192.168.157.230:46777, 4a10d95a-fc32-43ca-baec-962b33441fc8:192.168.157.230:34084, 1043547d-a86b-4fba-8d83-7bfd4e36771d:192.168.157.230:39139] with ContainerStateMachine:uninitialized
2019-07-14 01:11:21,457 INFO  server.RaftServerConfigKeys (ConfUtils.java:logGet(43)) - raft.server.log.appender.install.snapshot.enabled = false (custom)
2019-07-14 01:11:21,457 INFO  server.RaftServerConfigKeys (ConfUtils.java:logGet(43)) - raft.server.rpc.timeout.max = 5200ms (custom)
2019-07-14 01:11:21,457 INFO  impl.RaftServerImpl (ServerState.java:<init>(105)) - 414e4ec8-a841-4210-9e5f-ee36acc3bf1c:group-A56CEB851C8E ConfigurationManager, init=-1: [414e4ec8-a841-4210-9e5f-ee36acc3bf1c:192.168.157.230:46777, 4a10d95a-fc32-43ca-baec-962b33441fc8:192.168.157.230:34084, 1043547d-a86b-4fba-8d83-7bfd4e36771d:192.168.157.230:39139], old=null, confs=<EMPTY_MAP>
2019-07-14 01:11:21,457 INFO  server.RaftServerConfigKeys (ConfUtils.java:logGet(43)) - raft.server.rpc.timeout.min = 5s (custom)
2019-07-14 01:11:21,457 INFO  server.RaftServerConfigKeys (ConfUtils.java:logGet(43)) - raft.server.storage.dir = [/tmp/workdir/hadoop-ozone/integration-test/target/test-dir/MiniOzoneClusterImpl-1c1210bb-655e-47e6-ae7e-d700eb333cd1/datanode-1/data/ratis] (custom)
2019-07-14 01:11:21,457 INFO  server.RaftServerConfigKeys (ConfUtils.java:logGet(43)) - raft.server.rpcslowness.timeout = 120s (custom)
2019-07-14 01:11:21,458 INFO  server.RaftServerConfigKeys (ConfUtils.java:logGet(43)) - raft.server.sleep.deviation.threshold = 300 (default)
2019-07-14 01:11:21,458 INFO  server.RaftServerConfigKeys (ConfUtils.java:logGet(43)) - raft.server.rpc.timeout.max = 5200ms (custom)
2019-07-14 01:11:21,458 INFO  storage.RaftStorageDirectory (RaftStorageDirectory.java:analyzeStorage(246)) - The storage directory /tmp/workdir/hadoop-ozone/integration-test/target/test-dir/MiniOzoneClusterImpl-1c1210bb-655e-47e6-ae7e-d700eb333cd1/datanode-1/data/ratis/fc2d561d-c10b-43fa-a6f2-a56ceb851c8e does not exist. Creating ...
2019-07-14 01:11:21,458 INFO  server.RaftServerConfigKeys (ConfUtils.java:logGet(43)) - raft.server.log.appender.install.snapshot.enabled = false (custom)
2019-07-14 01:11:21,458 INFO  server.RaftServerConfigKeys (ConfUtils.java:logGet(43)) - raft.server.rpcslowness.timeout = 120s (custom)
2019-07-14 01:11:21,458 INFO  impl.RaftServerImpl (ServerState.java:<init>(105)) - 1043547d-a86b-4fba-8d83-7bfd4e36771d:group-A56CEB851C8E ConfigurationManager, init=-1: [414e4ec8-a841-4210-9e5f-ee36acc3bf1c:192.168.157.230:46777, 4a10d95a-fc32-43ca-baec-962b33441fc8:192.168.157.230:34084, 1043547d-a86b-4fba-8d83-7bfd4e36771d:192.168.157.230:39139], old=null, confs=<EMPTY_MAP>
2019-07-14 01:11:21,459 INFO  server.RaftServerConfigKeys (ConfUtils.java:logGet(43)) - raft.server.sleep.deviation.threshold = 300 (default)
2019-07-14 01:11:21,459 INFO  server.RaftServerConfigKeys (ConfUtils.java:logGet(43)) - raft.server.storage.dir = [/tmp/workdir/hadoop-ozone/integration-test/target/test-dir/MiniOzoneClusterImpl-1c1210bb-655e-47e6-ae7e-d700eb333cd1/datanode-2/data/ratis] (custom)
2019-07-14 01:11:21,459 INFO  server.RaftServerConfigKeys (ConfUtils.java:logGet(43)) - raft.server.log.appender.install.snapshot.enabled = false (custom)
2019-07-14 01:11:21,459 INFO  impl.RaftServerImpl (ServerState.java:<init>(105)) - 4a10d95a-fc32-43ca-baec-962b33441fc8:group-A56CEB851C8E ConfigurationManager, init=-1: [414e4ec8-a841-4210-9e5f-ee36acc3bf1c:192.168.157.230:46777, 4a10d95a-fc32-43ca-baec-962b33441fc8:192.168.157.230:34084, 1043547d-a86b-4fba-8d83-7bfd4e36771d:192.168.157.230:39139], old=null, confs=<EMPTY_MAP>
2019-07-14 01:11:21,459 INFO  storage.RaftStorageDirectory (RaftStorageDirectory.java:analyzeStorage(246)) - The storage directory /tmp/workdir/hadoop-ozone/integration-test/target/test-dir/MiniOzoneClusterImpl-1c1210bb-655e-47e6-ae7e-d700eb333cd1/datanode-2/data/ratis/fc2d561d-c10b-43fa-a6f2-a56ceb851c8e does not exist. Creating ...
2019-07-14 01:11:21,459 INFO  server.RaftServerConfigKeys (ConfUtils.java:logGet(43)) - raft.server.storage.dir = [/tmp/workdir/hadoop-ozone/integration-test/target/test-dir/MiniOzoneClusterImpl-1c1210bb-655e-47e6-ae7e-d700eb333cd1/datanode-0/data/ratis] (custom)
2019-07-14 01:11:21,460 INFO  storage.RaftStorageDirectory (RaftStorageDirectory.java:analyzeStorage(246)) - The storage directory /tmp/workdir/hadoop-ozone/integration-test/target/test-dir/MiniOzoneClusterImpl-1c1210bb-655e-47e6-ae7e-d700eb333cd1/datanode-0/data/ratis/fc2d561d-c10b-43fa-a6f2-a56ceb851c8e does not exist. Creating ...
2019-07-14 01:11:21,472 INFO  storage.RaftStorageDirectory (RaftStorageDirectory.java:tryLock(328)) - Lock on /tmp/workdir/hadoop-ozone/integration-test/target/test-dir/MiniOzoneClusterImpl-1c1210bb-655e-47e6-ae7e-d700eb333cd1/datanode-0/data/ratis/fc2d561d-c10b-43fa-a6f2-a56ceb851c8e/in_use.lock acquired by nodename 26095@trunk-nightly-sxkq5-3320257302
2019-07-14 01:11:21,472 INFO  storage.RaftStorageDirectory (RaftStorageDirectory.java:tryLock(328)) - Lock on /tmp/workdir/hadoop-ozone/integration-test/target/test-dir/MiniOzoneClusterImpl-1c1210bb-655e-47e6-ae7e-d700eb333cd1/datanode-1/data/ratis/fc2d561d-c10b-43fa-a6f2-a56ceb851c8e/in_use.lock acquired by nodename 26095@trunk-nightly-sxkq5-3320257302
2019-07-14 01:11:21,472 INFO  storage.RaftStorageDirectory (RaftStorageDirectory.java:tryLock(328)) - Lock on /tmp/workdir/hadoop-ozone/integration-test/target/test-dir/MiniOzoneClusterImpl-1c1210bb-655e-47e6-ae7e-d700eb333cd1/datanode-2/data/ratis/fc2d561d-c10b-43fa-a6f2-a56ceb851c8e/in_use.lock acquired by nodename 26095@trunk-nightly-sxkq5-3320257302
2019-07-14 01:11:21,486 INFO  storage.RaftStorage (RaftStorage.java:format(72)) - Storage directory /tmp/workdir/hadoop-ozone/integration-test/target/test-dir/MiniOzoneClusterImpl-1c1210bb-655e-47e6-ae7e-d700eb333cd1/datanode-0/data/ratis/fc2d561d-c10b-43fa-a6f2-a56ceb851c8e has been successfully formatted.
2019-07-14 01:11:21,486 INFO  storage.RaftStorage (RaftStorage.java:format(72)) - Storage directory /tmp/workdir/hadoop-ozone/integration-test/target/test-dir/MiniOzoneClusterImpl-1c1210bb-655e-47e6-ae7e-d700eb333cd1/datanode-1/data/ratis/fc2d561d-c10b-43fa-a6f2-a56ceb851c8e has been successfully formatted.
2019-07-14 01:11:21,486 INFO  storage.RaftStorage (RaftStorage.java:format(72)) - Storage directory /tmp/workdir/hadoop-ozone/integration-test/target/test-dir/MiniOzoneClusterImpl-1c1210bb-655e-47e6-ae7e-d700eb333cd1/datanode-2/data/ratis/fc2d561d-c10b-43fa-a6f2-a56ceb851c8e has been successfully formatted.
2019-07-14 01:11:21,487 INFO  ratis.ContainerStateMachine (ContainerStateMachine.java:loadSnapshot(200)) - The snapshot info is null.Setting the last applied index to:(t:0, i:~)
2019-07-14 01:11:21,486 INFO  ratis.ContainerStateMachine (ContainerStateMachine.java:loadSnapshot(200)) - The snapshot info is null.Setting the last applied index to:(t:0, i:~)
2019-07-14 01:11:21,487 INFO  server.RaftServerConfigKeys (ConfUtils.java:logGet(43)) - raft.server.leader.election.timeout = 120s (custom)
2019-07-14 01:11:21,487 INFO  ratis.ContainerStateMachine (ContainerStateMachine.java:loadSnapshot(200)) - The snapshot info is null.Setting the last applied index to:(t:0, i:~)
2019-07-14 01:11:21,487 INFO  server.RaftServerConfigKeys (ConfUtils.java:logGet(43)) - raft.server.log.use.memory = false (default)
2019-07-14 01:11:21,487 INFO  server.RaftServerConfigKeys (ConfUtils.java:logGet(43)) - raft.server.leader.election.timeout = 120s (custom)
2019-07-14 01:11:21,487 INFO  server.RaftServerConfigKeys (ConfUtils.java:logGet(43)) - raft.server.log.purge.gap = 1000000000 (custom)
2019-07-14 01:11:21,487 INFO  server.RaftServerConfigKeys (ConfUtils.java:logGet(43)) - raft.server.leader.election.timeout = 120s (custom)
2019-07-14 01:11:21,488 INFO  server.RaftServerConfigKeys (ConfUtils.java:logGet(43)) - raft.server.log.appender.buffer.byte-limit = 33554432 (custom)
2019-07-14 01:11:21,488 INFO  server.RaftServerConfigKeys (ConfUtils.java:logGet(43)) - raft.server.log.use.memory = false (default)
2019-07-14 01:11:21,488 INFO  server.RaftServerConfigKeys (ConfUtils.java:logGet(43)) - raft.server.log.segment.size.max = 1048576 (custom)
2019-07-14 01:11:21,488 INFO  server.RaftServerConfigKeys (ConfUtils.java:logGet(43)) - raft.server.log.use.memory = false (default)
2019-07-14 01:11:21,488 INFO  server.RaftServerConfigKeys (ConfUtils.java:logGet(43)) - raft.server.log.segment.cache.num.max = 2 (custom)
2019-07-14 01:11:21,488 INFO  server.RaftServerConfigKeys (ConfUtils.java:logGet(43)) - raft.server.log.purge.gap = 1000000000 (custom)
2019-07-14 01:11:21,489 INFO  segmented.SegmentedRaftLogWorker (SegmentedRaftLogWorker.java:<init>(172)) - new 414e4ec8-a841-4210-9e5f-ee36acc3bf1c-SegmentedRaftLogWorker:Storage Directory /tmp/workdir/hadoop-ozone/integration-test/target/test-dir/MiniOzoneClusterImpl-1c1210bb-655e-47e6-ae7e-d700eb333cd1/datanode-1/data/ratis/fc2d561d-c10b-43fa-a6f2-a56ceb851c8e for RaftStorage:Storage Directory /tmp/workdir/hadoop-ozone/integration-test/target/test-dir/MiniOzoneClusterImpl-1c1210bb-655e-47e6-ae7e-d700eb333cd1/datanode-1/data/ratis/fc2d561d-c10b-43fa-a6f2-a56ceb851c8e
2019-07-14 01:11:21,488 INFO  server.RaftServerConfigKeys (ConfUtils.java:logGet(43)) - raft.server.log.purge.gap = 1000000000 (custom)
2019-07-14 01:11:21,489 INFO  server.RaftServerConfigKeys (ConfUtils.java:logGet(43)) - raft.server.log.queue.byte-limit = 2147483647 (custom)
2019-07-14 01:11:21,489 INFO  server.RaftServerConfigKeys (ConfUtils.java:logGet(43)) - raft.server.log.queue.element-limit = 1024 (custom)
2019-07-14 01:11:21,489 INFO  server.RaftServerConfigKeys (ConfUtils.java:logGet(43)) - raft.server.log.appender.buffer.byte-limit = 33554432 (custom)
2019-07-14 01:11:21,489 INFO  server.RaftServerConfigKeys (ConfUtils.java:logGet(43)) - raft.server.log.segment.size.max = 1048576 (custom)
2019-07-14 01:11:21,489 INFO  server.RaftServerConfigKeys (ConfUtils.java:logGet(43)) - raft.server.log.appender.buffer.byte-limit = 33554432 (custom)
2019-07-14 01:11:21,490 INFO  server.RaftServerConfigKeys (ConfUtils.java:logGet(43)) - raft.server.log.preallocated.size = 16384 (custom)
2019-07-14 01:11:21,490 INFO  server.RaftServerConfigKeys (ConfUtils.java:logGet(43)) - raft.server.log.segment.size.max = 1048576 (custom)
2019-07-14 01:11:21,490 INFO  server.RaftServerConfigKeys (ConfUtils.java:logGet(43)) - raft.server.log.write.buffer.size = 33554432 (custom)
2019-07-14 01:11:21,490 INFO  server.RaftServerConfigKeys (ConfUtils.java:logGet(43)) - raft.server.log.segment.size.max = 1048576 (custom)
2019-07-14 01:11:21,490 INFO  server.RaftServerConfigKeys (ConfUtils.java:logGet(43)) - raft.server.log.force.sync.num = 128 (default)
2019-07-14 01:11:21,490 INFO  server.RaftServerConfigKeys (ConfUtils.java:logGet(43)) - raft.server.log.segment.cache.num.max = 2 (custom)
2019-07-14 01:11:21,491 INFO  server.RaftServerConfigKeys (ConfUtils.java:logGet(43)) - raft.server.log.statemachine.data.sync = true (default)
2019-07-14 01:11:21,490 INFO  server.RaftServerConfigKeys (ConfUtils.java:logGet(43)) - raft.server.log.segment.cache.num.max = 2 (custom)
2019-07-14 01:11:21,491 INFO  server.RaftServerConfigKeys (ConfUtils.java:logGet(43)) - raft.server.log.statemachine.data.sync.timeout = 10s (default)
2019-07-14 01:11:21,491 INFO  server.RaftServerConfigKeys (ConfUtils.java:logGet(43)) - raft.server.log.statemachine.data.sync.timeout.retry = -1 (default)
2019-07-14 01:11:21,491 INFO  segmented.SegmentedRaftLogWorker (SegmentedRaftLogWorker.java:<init>(172)) - new 4a10d95a-fc32-43ca-baec-962b33441fc8-SegmentedRaftLogWorker:Storage Directory /tmp/workdir/hadoop-ozone/integration-test/target/test-dir/MiniOzoneClusterImpl-1c1210bb-655e-47e6-ae7e-d700eb333cd1/datanode-0/data/ratis/fc2d561d-c10b-43fa-a6f2-a56ceb851c8e for RaftStorage:Storage Directory /tmp/workdir/hadoop-ozone/integration-test/target/test-dir/MiniOzoneClusterImpl-1c1210bb-655e-47e6-ae7e-d700eb333cd1/datanode-0/data/ratis/fc2d561d-c10b-43fa-a6f2-a56ceb851c8e
2019-07-14 01:11:21,491 INFO  server.RaftServerConfigKeys (ConfUtils.java:logGet(43)) - raft.server.log.statemachine.data.caching.enabled = true (custom)
2019-07-14 01:11:21,491 INFO  segmented.SegmentedRaftLogWorker (SegmentedRaftLogWorker.java:<init>(172)) - new 1043547d-a86b-4fba-8d83-7bfd4e36771d-SegmentedRaftLogWorker:Storage Directory /tmp/workdir/hadoop-ozone/integration-test/target/test-dir/MiniOzoneClusterImpl-1c1210bb-655e-47e6-ae7e-d700eb333cd1/datanode-2/data/ratis/fc2d561d-c10b-43fa-a6f2-a56ceb851c8e for RaftStorage:Storage Directory /tmp/workdir/hadoop-ozone/integration-test/target/test-dir/MiniOzoneClusterImpl-1c1210bb-655e-47e6-ae7e-d700eb333cd1/datanode-2/data/ratis/fc2d561d-c10b-43fa-a6f2-a56ceb851c8e
2019-07-14 01:11:21,492 INFO  server.RaftServerConfigKeys (ConfUtils.java:logGet(43)) - raft.server.log.queue.byte-limit = 2147483647 (custom)
2019-07-14 01:11:21,492 INFO  server.RaftServerConfigKeys (ConfUtils.java:logGet(43)) - raft.server.log.queue.byte-limit = 2147483647 (custom)
2019-07-14 01:11:21,492 INFO  segmented.SegmentedRaftLogWorker (SegmentedRaftLogWorker.java:lambda$new$0(132)) - 414e4ec8-a841-4210-9e5f-ee36acc3bf1c-SegmentedRaftLogWorker:Storage Directory /tmp/workdir/hadoop-ozone/integration-test/target/test-dir/MiniOzoneClusterImpl-1c1210bb-655e-47e6-ae7e-d700eb333cd1/datanode-1/data/ratis/fc2d561d-c10b-43fa-a6f2-a56ceb851c8e: flushIndex: setUnconditionally 0 -> -1
2019-07-14 01:11:21,492 INFO  server.RaftServerConfigKeys (ConfUtils.java:logGet(43)) - raft.server.log.queue.element-limit = 1024 (custom)
2019-07-14 01:11:21,492 INFO  server.RaftServerConfigKeys (ConfUtils.java:logGet(43)) - raft.server.log.queue.element-limit = 1024 (custom)
2019-07-14 01:11:21,493 INFO  server.RaftServerConfigKeys (ConfUtils.java:logGet(43)) - raft.server.snapshot.auto.trigger.enabled = true (custom)
2019-07-14 01:11:21,493 INFO  server.RaftServerConfigKeys (ConfUtils.java:logGet(43)) - raft.server.log.segment.size.max = 1048576 (custom)
2019-07-14 01:11:21,493 INFO  server.RaftServerConfigKeys (ConfUtils.java:logGet(43)) - raft.server.snapshot.auto.trigger.threshold = 10000 (custom)
2019-07-14 01:11:21,493 INFO  server.RaftServerConfigKeys (ConfUtils.java:logGet(43)) - raft.server.log.segment.size.max = 1048576 (custom)
2019-07-14 01:11:21,493 INFO  server.RaftServerConfigKeys (ConfUtils.java:logGet(43)) - raft.server.retrycache.expirytime = 600000ms (custom)
2019-07-14 01:11:21,493 INFO  server.RaftServerConfigKeys (ConfUtils.java:logGet(43)) - raft.server.log.preallocated.size = 16384 (custom)
2019-07-14 01:11:21,493 INFO  impl.RaftServerImpl (RaftServerImpl.java:start(180)) - 414e4ec8-a841-4210-9e5f-ee36acc3bf1c: start group-A56CEB851C8E
2019-07-14 01:11:21,493 INFO  server.RaftServerConfigKeys (ConfUtils.java:logGet(43)) - raft.server.log.preallocated.size = 16384 (custom)
2019-07-14 01:11:21,494 INFO  impl.RaftServerImpl (RaftServerImpl.java:setRole(171)) - 414e4ec8-a841-4210-9e5f-ee36acc3bf1c:group-A56CEB851C8E changes role from null to FOLLOWER at term 0 for startAsFollower
2019-07-14 01:11:21,493 INFO  server.RaftServerConfigKeys (ConfUtils.java:logGet(43)) - raft.server.log.write.buffer.size = 33554432 (custom)
2019-07-14 01:11:21,494 INFO  impl.RoleInfo (RoleInfo.java:updateAndGet(143)) - 414e4ec8-a841-4210-9e5f-ee36acc3bf1c: start FollowerState
2019-07-14 01:11:21,494 INFO  server.RaftServerConfigKeys (ConfUtils.java:logGet(43)) - raft.server.log.write.buffer.size = 33554432 (custom)
2019-07-14 01:11:21,494 INFO  server.RaftServerConfigKeys (ConfUtils.java:logGet(43)) - raft.server.log.force.sync.num = 128 (default)
2019-07-14 01:11:21,494 INFO  util.JmxRegister (JmxRegister.java:tryRegister(44)) - Successfully registered JMX Bean with object name Ratis:service=RaftServer,group=group-A56CEB851C8E,id=414e4ec8-a841-4210-9e5f-ee36acc3bf1c
2019-07-14 01:11:21,494 INFO  server.RaftServerConfigKeys (ConfUtils.java:logGet(43)) - raft.server.log.force.sync.num = 128 (default)
2019-07-14 01:11:21,494 INFO  server.RaftServerConfigKeys (ConfUtils.java:logGet(43)) - raft.server.log.statemachine.data.sync = true (default)
2019-07-14 01:11:21,495 INFO  server.RaftServerConfigKeys (ConfUtils.java:logGet(43)) - raft.server.log.statemachine.data.sync = true (default)
2019-07-14 01:11:21,495 INFO  server.RaftServerConfigKeys (ConfUtils.java:logGet(43)) - raft.server.log.statemachine.data.sync.timeout = 10s (default)
2019-07-14 01:11:21,495 INFO  server.RaftServerConfigKeys (ConfUtils.java:logGet(43)) - raft.server.log.statemachine.data.sync.timeout = 10s (default)
2019-07-14 01:11:21,495 INFO  server.RaftServerConfigKeys (ConfUtils.java:logGet(43)) - raft.server.log.statemachine.data.sync.timeout.retry = -1 (default)
2019-07-14 01:11:21,495 INFO  server.RaftServerConfigKeys (ConfUtils.java:logGet(43)) - raft.server.log.statemachine.data.sync.timeout.retry = -1 (default)
2019-07-14 01:11:21,495 INFO  server.RaftServerConfigKeys (ConfUtils.java:logGet(43)) - raft.server.log.statemachine.data.caching.enabled = true (custom)
2019-07-14 01:11:21,496 INFO  server.RaftServerConfigKeys (ConfUtils.java:logGet(43)) - raft.server.log.statemachine.data.caching.enabled = true (custom)
2019-07-14 01:11:21,499 INFO  segmented.SegmentedRaftLogWorker (SegmentedRaftLogWorker.java:lambda$new$0(132)) - 1043547d-a86b-4fba-8d83-7bfd4e36771d-SegmentedRaftLogWorker:Storage Directory /tmp/workdir/hadoop-ozone/integration-test/target/test-dir/MiniOzoneClusterImpl-1c1210bb-655e-47e6-ae7e-d700eb333cd1/datanode-2/data/ratis/fc2d561d-c10b-43fa-a6f2-a56ceb851c8e: flushIndex: setUnconditionally 0 -> -1
2019-07-14 01:11:21,499 INFO  segmented.SegmentedRaftLogWorker (SegmentedRaftLogWorker.java:lambda$new$0(132)) - 4a10d95a-fc32-43ca-baec-962b33441fc8-SegmentedRaftLogWorker:Storage Directory /tmp/workdir/hadoop-ozone/integration-test/target/test-dir/MiniOzoneClusterImpl-1c1210bb-655e-47e6-ae7e-d700eb333cd1/datanode-0/data/ratis/fc2d561d-c10b-43fa-a6f2-a56ceb851c8e: flushIndex: setUnconditionally 0 -> -1
2019-07-14 01:11:21,499 INFO  server.RaftServerConfigKeys (ConfUtils.java:logGet(43)) - raft.server.snapshot.auto.trigger.enabled = true (custom)
2019-07-14 01:11:21,499 INFO  server.RaftServerConfigKeys (ConfUtils.java:logGet(43)) - raft.server.snapshot.auto.trigger.threshold = 10000 (custom)
2019-07-14 01:11:21,499 INFO  server.RaftServerConfigKeys (ConfUtils.java:logGet(43)) - raft.server.snapshot.auto.trigger.enabled = true (custom)
2019-07-14 01:11:21,499 INFO  server.RaftServerConfigKeys (ConfUtils.java:logGet(43)) - raft.server.retrycache.expirytime = 600000ms (custom)
2019-07-14 01:11:21,499 INFO  server.RaftServerConfigKeys (ConfUtils.java:logGet(43)) - raft.server.snapshot.auto.trigger.threshold = 10000 (custom)
2019-07-14 01:11:21,499 INFO  impl.RaftServerImpl (RaftServerImpl.java:start(180)) - 1043547d-a86b-4fba-8d83-7bfd4e36771d: start group-A56CEB851C8E
2019-07-14 01:11:21,500 INFO  server.RaftServerConfigKeys (ConfUtils.java:logGet(43)) - raft.server.retrycache.expirytime = 600000ms (custom)
2019-07-14 01:11:21,500 INFO  impl.RaftServerImpl (RaftServerImpl.java:setRole(171)) - 1043547d-a86b-4fba-8d83-7bfd4e36771d:group-A56CEB851C8E changes role from null to FOLLOWER at term 0 for startAsFollower
2019-07-14 01:11:21,500 INFO  impl.RaftServerImpl (RaftServerImpl.java:start(180)) - 4a10d95a-fc32-43ca-baec-962b33441fc8: start group-A56CEB851C8E
2019-07-14 01:11:21,500 INFO  impl.RoleInfo (RoleInfo.java:updateAndGet(143)) - 1043547d-a86b-4fba-8d83-7bfd4e36771d: start FollowerState
2019-07-14 01:11:21,500 INFO  impl.RaftServerImpl (RaftServerImpl.java:setRole(171)) - 4a10d95a-fc32-43ca-baec-962b33441fc8:group-A56CEB851C8E changes role from null to FOLLOWER at term 0 for startAsFollower
2019-07-14 01:11:21,500 INFO  impl.RoleInfo (RoleInfo.java:updateAndGet(143)) - 4a10d95a-fc32-43ca-baec-962b33441fc8: start FollowerState
2019-07-14 01:11:21,500 INFO  util.JmxRegister (JmxRegister.java:tryRegister(44)) - Successfully registered JMX Bean with object name Ratis:service=RaftServer,group=group-A56CEB851C8E,id=1043547d-a86b-4fba-8d83-7bfd4e36771d
2019-07-14 01:11:21,501 INFO  util.JmxRegister (JmxRegister.java:tryRegister(44)) - Successfully registered JMX Bean with object name Ratis:service=RaftServer,group=group-A56CEB851C8E,id=4a10d95a-fc32-43ca-baec-962b33441fc8
2019-07-14 01:11:21,506 INFO  pipeline.PipelineStateManager (PipelineStateManager.java:addPipeline(56)) - Created pipeline Pipeline[ Id: fc2d561d-c10b-43fa-a6f2-a56ceb851c8e, Nodes: 414e4ec8-a841-4210-9e5f-ee36acc3bf1c{ip: 192.168.157.230, host: trunk-nightly-sxkq5-3320257302, networkLocation: /default-rack, certSerialId: null}4a10d95a-fc32-43ca-baec-962b33441fc8{ip: 192.168.157.230, host: trunk-nightly-sxkq5-3320257302, networkLocation: /default-rack, certSerialId: null}1043547d-a86b-4fba-8d83-7bfd4e36771d{ip: 192.168.157.230, host: trunk-nightly-sxkq5-3320257302, networkLocation: /default-rack, certSerialId: null}, Type:RATIS, Factor:THREE, State:OPEN]
2019-07-14 01:11:21,565 INFO  node.SCMNodeManager (SCMNodeManager.java:register(269)) - Registered Data node : 5a88bb18-a471-4f7f-9c87-6417d7d13968{ip: 192.168.157.230, host: trunk-nightly-sxkq5-3320257302, networkLocation: /default-rack, certSerialId: null}
2019-07-14 01:11:21,574 INFO  impl.RaftServerProxy (RaftServerProxy.java:addNew(89)) - 5a88bb18-a471-4f7f-9c87-6417d7d13968: addNew group-7DE462FA327B:[5a88bb18-a471-4f7f-9c87-6417d7d13968:192.168.157.230:43246] returns group-7DE462FA327B:java.util.concurrent.CompletableFuture@723d12ea[Not completed]
2019-07-14 01:11:21,576 INFO  impl.RaftServerImpl (RaftServerImpl.java:<init>(93)) - 5a88bb18-a471-4f7f-9c87-6417d7d13968: new RaftServerImpl for group-7DE462FA327B:[5a88bb18-a471-4f7f-9c87-6417d7d13968:192.168.157.230:43246] with ContainerStateMachine:uninitialized
2019-07-14 01:11:21,576 INFO  server.RaftServerConfigKeys (ConfUtils.java:logGet(43)) - raft.server.rpc.timeout.min = 5s (custom)
2019-07-14 01:11:21,576 INFO  server.RaftServerConfigKeys (ConfUtils.java:logGet(43)) - raft.server.rpc.timeout.max = 5200ms (custom)
2019-07-14 01:11:21,576 INFO  server.RaftServerConfigKeys (ConfUtils.java:logGet(43)) - raft.server.rpcslowness.timeout = 120s (custom)
2019-07-14 01:11:21,576 INFO  server.RaftServerConfigKeys (ConfUtils.java:logGet(43)) - raft.server.sleep.deviation.threshold = 300 (default)
2019-07-14 01:11:21,576 INFO  server.RaftServerConfigKeys (ConfUtils.java:logGet(43)) - raft.server.log.appender.install.snapshot.enabled = false (custom)
2019-07-14 01:11:21,577 INFO  impl.RaftServerImpl (ServerState.java:<init>(105)) - 5a88bb18-a471-4f7f-9c87-6417d7d13968:group-7DE462FA327B ConfigurationManager, init=-1: [5a88bb18-a471-4f7f-9c87-6417d7d13968:192.168.157.230:43246], old=null, confs=<EMPTY_MAP>
2019-07-14 01:11:21,577 INFO  server.RaftServerConfigKeys (ConfUtils.java:logGet(43)) - raft.server.storage.dir = [/tmp/workdir/hadoop-ozone/integration-test/target/test-dir/MiniOzoneClusterImpl-1c1210bb-655e-47e6-ae7e-d700eb333cd1/datanode-3/data/ratis] (custom)
2019-07-14 01:11:21,577 INFO  storage.RaftStorageDirectory (RaftStorageDirectory.java:analyzeStorage(246)) - The storage directory /tmp/workdir/hadoop-ozone/integration-test/target/test-dir/MiniOzoneClusterImpl-1c1210bb-655e-47e6-ae7e-d700eb333cd1/datanode-3/data/ratis/2659c703-7b61-42d4-9a03-7de462fa327b does not exist. Creating ...
2019-07-14 01:11:21,590 INFO  storage.RaftStorageDirectory (RaftStorageDirectory.java:tryLock(328)) - Lock on /tmp/workdir/hadoop-ozone/integration-test/target/test-dir/MiniOzoneClusterImpl-1c1210bb-655e-47e6-ae7e-d700eb333cd1/datanode-3/data/ratis/2659c703-7b61-42d4-9a03-7de462fa327b/in_use.lock acquired by nodename 26095@trunk-nightly-sxkq5-3320257302
2019-07-14 01:11:21,603 INFO  storage.RaftStorage (RaftStorage.java:format(72)) - Storage directory /tmp/workdir/hadoop-ozone/integration-test/target/test-dir/MiniOzoneClusterImpl-1c1210bb-655e-47e6-ae7e-d700eb333cd1/datanode-3/data/ratis/2659c703-7b61-42d4-9a03-7de462fa327b has been successfully formatted.
2019-07-14 01:11:21,604 INFO  ratis.ContainerStateMachine (ContainerStateMachine.java:loadSnapshot(200)) - The snapshot info is null.Setting the last applied index to:(t:0, i:~)
2019-07-14 01:11:21,604 INFO  server.RaftServerConfigKeys (ConfUtils.java:logGet(43)) - raft.server.leader.election.timeout = 120s (custom)
2019-07-14 01:11:21,604 INFO  server.RaftServerConfigKeys (ConfUtils.java:logGet(43)) - raft.server.log.use.memory = false (default)
2019-07-14 01:11:21,604 INFO  server.RaftServerConfigKeys (ConfUtils.java:logGet(43)) - raft.server.log.purge.gap = 1000000000 (custom)
2019-07-14 01:11:21,604 INFO  server.RaftServerConfigKeys (ConfUtils.java:logGet(43)) - raft.server.log.appender.buffer.byte-limit = 33554432 (custom)
2019-07-14 01:11:21,605 INFO  server.RaftServerConfigKeys (ConfUtils.java:logGet(43)) - raft.server.log.segment.size.max = 1048576 (custom)
2019-07-14 01:11:21,605 INFO  server.RaftServerConfigKeys (ConfUtils.java:logGet(43)) - raft.server.log.segment.cache.num.max = 2 (custom)
2019-07-14 01:11:21,605 INFO  segmented.SegmentedRaftLogWorker (SegmentedRaftLogWorker.java:<init>(172)) - new 5a88bb18-a471-4f7f-9c87-6417d7d13968-SegmentedRaftLogWorker:Storage Directory /tmp/workdir/hadoop-ozone/integration-test/target/test-dir/MiniOzoneClusterImpl-1c1210bb-655e-47e6-ae7e-d700eb333cd1/datanode-3/data/ratis/2659c703-7b61-42d4-9a03-7de462fa327b for RaftStorage:Storage Directory /tmp/workdir/hadoop-ozone/integration-test/target/test-dir/MiniOzoneClusterImpl-1c1210bb-655e-47e6-ae7e-d700eb333cd1/datanode-3/data/ratis/2659c703-7b61-42d4-9a03-7de462fa327b
2019-07-14 01:11:21,605 INFO  server.RaftServerConfigKeys (ConfUtils.java:logGet(43)) - raft.server.log.queue.byte-limit = 2147483647 (custom)
2019-07-14 01:11:21,605 INFO  server.RaftServerConfigKeys (ConfUtils.java:logGet(43)) - raft.server.log.queue.element-limit = 1024 (custom)
2019-07-14 01:11:21,605 INFO  server.RaftServerConfigKeys (ConfUtils.java:logGet(43)) - raft.server.log.segment.size.max = 1048576 (custom)
2019-07-14 01:11:21,606 INFO  server.RaftServerConfigKeys (ConfUtils.java:logGet(43)) - raft.server.log.preallocated.size = 16384 (custom)
2019-07-14 01:11:21,606 INFO  server.RaftServerConfigKeys (ConfUtils.java:logGet(43)) - raft.server.log.write.buffer.size = 33554432 (custom)
2019-07-14 01:11:21,606 INFO  server.RaftServerConfigKeys (ConfUtils.java:logGet(43)) - raft.server.log.force.sync.num = 128 (default)
2019-07-14 01:11:21,606 INFO  server.RaftServerConfigKeys (ConfUtils.java:logGet(43)) - raft.server.log.statemachine.data.sync = true (default)
2019-07-14 01:11:21,606 INFO  server.RaftServerConfigKeys (ConfUtils.java:logGet(43)) - raft.server.log.statemachine.data.sync.timeout = 10s (default)
2019-07-14 01:11:21,606 INFO  server.RaftServerConfigKeys (ConfUtils.java:logGet(43)) - raft.server.log.statemachine.data.sync.timeout.retry = -1 (default)
2019-07-14 01:11:21,607 INFO  server.RaftServerConfigKeys (ConfUtils.java:logGet(43)) - raft.server.log.statemachine.data.caching.enabled = true (custom)
2019-07-14 01:11:21,607 INFO  segmented.SegmentedRaftLogWorker (SegmentedRaftLogWorker.java:lambda$new$0(132)) - 5a88bb18-a471-4f7f-9c87-6417d7d13968-SegmentedRaftLogWorker:Storage Directory /tmp/workdir/hadoop-ozone/integration-test/target/test-dir/MiniOzoneClusterImpl-1c1210bb-655e-47e6-ae7e-d700eb333cd1/datanode-3/data/ratis/2659c703-7b61-42d4-9a03-7de462fa327b: flushIndex: setUnconditionally 0 -> -1
2019-07-14 01:11:21,607 INFO  server.RaftServerConfigKeys (ConfUtils.java:logGet(43)) - raft.server.snapshot.auto.trigger.enabled = true (custom)
2019-07-14 01:11:21,607 INFO  server.RaftServerConfigKeys (ConfUtils.java:logGet(43)) - raft.server.snapshot.auto.trigger.threshold = 10000 (custom)
2019-07-14 01:11:21,608 INFO  server.RaftServerConfigKeys (ConfUtils.java:logGet(43)) - raft.server.retrycache.expirytime = 600000ms (custom)
2019-07-14 01:11:21,608 INFO  impl.RaftServerImpl (RaftServerImpl.java:start(180)) - 5a88bb18-a471-4f7f-9c87-6417d7d13968: start group-7DE462FA327B
2019-07-14 01:11:21,608 INFO  impl.RaftServerImpl (RaftServerImpl.java:setRole(171)) - 5a88bb18-a471-4f7f-9c87-6417d7d13968:group-7DE462FA327B changes role from null to FOLLOWER at term 0 for startAsFollower
2019-07-14 01:11:21,608 INFO  impl.RoleInfo (RoleInfo.java:updateAndGet(143)) - 5a88bb18-a471-4f7f-9c87-6417d7d13968: start FollowerState
2019-07-14 01:11:21,608 INFO  util.JmxRegister (JmxRegister.java:tryRegister(44)) - Successfully registered JMX Bean with object name Ratis:service=RaftServer,group=group-7DE462FA327B,id=5a88bb18-a471-4f7f-9c87-6417d7d13968
2019-07-14 01:11:21,613 INFO  pipeline.PipelineStateManager (PipelineStateManager.java:addPipeline(56)) - Created pipeline Pipeline[ Id: 2659c703-7b61-42d4-9a03-7de462fa327b, Nodes: 5a88bb18-a471-4f7f-9c87-6417d7d13968{ip: 192.168.157.230, host: trunk-nightly-sxkq5-3320257302, networkLocation: /default-rack, certSerialId: null}, Type:RATIS, Factor:ONE, State:OPEN]
2019-07-14 01:11:21,737 INFO  node.SCMNodeManager (SCMNodeManager.java:register(269)) - Registered Data node : a1b95934-5204-42ea-9e02-af5e99675e4a{ip: 192.168.157.230, host: trunk-nightly-sxkq5-3320257302, networkLocation: /default-rack, certSerialId: null}
2019-07-14 01:11:21,744 INFO  impl.RaftServerProxy (RaftServerProxy.java:addNew(89)) - a1b95934-5204-42ea-9e02-af5e99675e4a: addNew group-E89906A80882:[a1b95934-5204-42ea-9e02-af5e99675e4a:192.168.157.230:34198] returns group-E89906A80882:java.util.concurrent.CompletableFuture@e496231[Not completed]
2019-07-14 01:11:21,745 INFO  impl.RaftServerImpl (RaftServerImpl.java:<init>(93)) - a1b95934-5204-42ea-9e02-af5e99675e4a: new RaftServerImpl for group-E89906A80882:[a1b95934-5204-42ea-9e02-af5e99675e4a:192.168.157.230:34198] with ContainerStateMachine:uninitialized
2019-07-14 01:11:21,745 INFO  server.RaftServerConfigKeys (ConfUtils.java:logGet(43)) - raft.server.rpc.timeout.min = 5s (custom)
2019-07-14 01:11:21,745 INFO  server.RaftServerConfigKeys (ConfUtils.java:logGet(43)) - raft.server.rpc.timeout.max = 5200ms (custom)
2019-07-14 01:11:21,745 INFO  server.RaftServerConfigKeys (ConfUtils.java:logGet(43)) - raft.server.rpcslowness.timeout = 120s (custom)
2019-07-14 01:11:21,746 INFO  server.RaftServerConfigKeys (ConfUtils.java:logGet(43)) - raft.server.sleep.deviation.threshold = 300 (default)
2019-07-14 01:11:21,746 INFO  server.RaftServerConfigKeys (ConfUtils.java:logGet(43)) - raft.server.log.appender.install.snapshot.enabled = false (custom)
2019-07-14 01:11:21,746 INFO  impl.RaftServerImpl (ServerState.java:<init>(105)) - a1b95934-5204-42ea-9e02-af5e99675e4a:group-E89906A80882 ConfigurationManager, init=-1: [a1b95934-5204-42ea-9e02-af5e99675e4a:192.168.157.230:34198], old=null, confs=<EMPTY_MAP>
2019-07-14 01:11:21,746 INFO  server.RaftServerConfigKeys (ConfUtils.java:logGet(43)) - raft.server.storage.dir = [/tmp/workdir/hadoop-ozone/integration-test/target/test-dir/MiniOzoneClusterImpl-1c1210bb-655e-47e6-ae7e-d700eb333cd1/datanode-4/data/ratis] (custom)
2019-07-14 01:11:21,746 INFO  storage.RaftStorageDirectory (RaftStorageDirectory.java:analyzeStorage(246)) - The storage directory /tmp/workdir/hadoop-ozone/integration-test/target/test-dir/MiniOzoneClusterImpl-1c1210bb-655e-47e6-ae7e-d700eb333cd1/datanode-4/data/ratis/5d10df26-76db-4106-98a0-e89906a80882 does not exist. Creating ...
2019-07-14 01:11:21,753 INFO  storage.RaftStorageDirectory (RaftStorageDirectory.java:tryLock(328)) - Lock on /tmp/workdir/hadoop-ozone/integration-test/target/test-dir/MiniOzoneClusterImpl-1c1210bb-655e-47e6-ae7e-d700eb333cd1/datanode-4/data/ratis/5d10df26-76db-4106-98a0-e89906a80882/in_use.lock acquired by nodename 26095@trunk-nightly-sxkq5-3320257302
2019-07-14 01:11:21,774 INFO  storage.RaftStorage (RaftStorage.java:format(72)) - Storage directory /tmp/workdir/hadoop-ozone/integration-test/target/test-dir/MiniOzoneClusterImpl-1c1210bb-655e-47e6-ae7e-d700eb333cd1/datanode-4/data/ratis/5d10df26-76db-4106-98a0-e89906a80882 has been successfully formatted.
2019-07-14 01:11:21,775 INFO  ratis.ContainerStateMachine (ContainerStateMachine.java:loadSnapshot(200)) - The snapshot info is null.Setting the last applied index to:(t:0, i:~)
2019-07-14 01:11:21,775 INFO  server.RaftServerConfigKeys (ConfUtils.java:logGet(43)) - raft.server.leader.election.timeout = 120s (custom)
2019-07-14 01:11:21,775 INFO  server.RaftServerConfigKeys (ConfUtils.java:logGet(43)) - raft.server.log.use.memory = false (default)
2019-07-14 01:11:21,775 INFO  server.RaftServerConfigKeys (ConfUtils.java:logGet(43)) - raft.server.log.purge.gap = 1000000000 (custom)
2019-07-14 01:11:21,775 INFO  server.RaftServerConfigKeys (ConfUtils.java:logGet(43)) - raft.server.log.appender.buffer.byte-limit = 33554432 (custom)
2019-07-14 01:11:21,775 INFO  server.RaftServerConfigKeys (ConfUtils.java:logGet(43)) - raft.server.log.segment.size.max = 1048576 (custom)
2019-07-14 01:11:21,776 INFO  server.RaftServerConfigKeys (ConfUtils.java:logGet(43)) - raft.server.log.segment.cache.num.max = 2 (custom)
2019-07-14 01:11:21,776 INFO  segmented.SegmentedRaftLogWorker (SegmentedRaftLogWorker.java:<init>(172)) - new a1b95934-5204-42ea-9e02-af5e99675e4a-SegmentedRaftLogWorker:Storage Directory /tmp/workdir/hadoop-ozone/integration-test/target/test-dir/MiniOzoneClusterImpl-1c1210bb-655e-47e6-ae7e-d700eb333cd1/datanode-4/data/ratis/5d10df26-76db-4106-98a0-e89906a80882 for RaftStorage:Storage Directory /tmp/workdir/hadoop-ozone/integration-test/target/test-dir/MiniOzoneClusterImpl-1c1210bb-655e-47e6-ae7e-d700eb333cd1/datanode-4/data/ratis/5d10df26-76db-4106-98a0-e89906a80882
2019-07-14 01:11:21,776 INFO  server.RaftServerConfigKeys (ConfUtils.java:logGet(43)) - raft.server.log.queue.byte-limit = 2147483647 (custom)
2019-07-14 01:11:21,776 INFO  server.RaftServerConfigKeys (ConfUtils.java:logGet(43)) - raft.server.log.queue.element-limit = 1024 (custom)
2019-07-14 01:11:21,776 INFO  server.RaftServerConfigKeys (ConfUtils.java:logGet(43)) - raft.server.log.segment.size.max = 1048576 (custom)
2019-07-14 01:11:21,776 INFO  server.RaftServerConfigKeys (ConfUtils.java:logGet(43)) - raft.server.log.preallocated.size = 16384 (custom)
2019-07-14 01:11:21,777 INFO  server.RaftServerConfigKeys (ConfUtils.java:logGet(43)) - raft.server.log.write.buffer.size = 33554432 (custom)
2019-07-14 01:11:21,777 INFO  server.RaftServerConfigKeys (ConfUtils.java:logGet(43)) - raft.server.log.force.sync.num = 128 (default)
2019-07-14 01:11:21,777 INFO  server.RaftServerConfigKeys (ConfUtils.java:logGet(43)) - raft.server.log.statemachine.data.sync = true (default)
2019-07-14 01:11:21,777 INFO  server.RaftServerConfigKeys (ConfUtils.java:logGet(43)) - raft.server.log.statemachine.data.sync.timeout = 10s (default)
2019-07-14 01:11:21,777 INFO  server.RaftServerConfigKeys (ConfUtils.java:logGet(43)) - raft.server.log.statemachine.data.sync.timeout.retry = -1 (default)
2019-07-14 01:11:21,778 INFO  server.RaftServerConfigKeys (ConfUtils.java:logGet(43)) - raft.server.log.statemachine.data.caching.enabled = true (custom)
2019-07-14 01:11:21,778 INFO  segmented.SegmentedRaftLogWorker (SegmentedRaftLogWorker.java:lambda$new$0(132)) - a1b95934-5204-42ea-9e02-af5e99675e4a-SegmentedRaftLogWorker:Storage Directory /tmp/workdir/hadoop-ozone/integration-test/target/test-dir/MiniOzoneClusterImpl-1c1210bb-655e-47e6-ae7e-d700eb333cd1/datanode-4/data/ratis/5d10df26-76db-4106-98a0-e89906a80882: flushIndex: setUnconditionally 0 -> -1
2019-07-14 01:11:21,778 INFO  server.RaftServerConfigKeys (ConfUtils.java:logGet(43)) - raft.server.snapshot.auto.trigger.enabled = true (custom)
2019-07-14 01:11:21,778 INFO  server.RaftServerConfigKeys (ConfUtils.java:logGet(43)) - raft.server.snapshot.auto.trigger.threshold = 10000 (custom)
2019-07-14 01:11:21,779 INFO  server.RaftServerConfigKeys (ConfUtils.java:logGet(43)) - raft.server.retrycache.expirytime = 600000ms (custom)
2019-07-14 01:11:21,779 INFO  impl.RaftServerImpl (RaftServerImpl.java:start(180)) - a1b95934-5204-42ea-9e02-af5e99675e4a: start group-E89906A80882
2019-07-14 01:11:21,779 INFO  impl.RaftServerImpl (RaftServerImpl.java:setRole(171)) - a1b95934-5204-42ea-9e02-af5e99675e4a:group-E89906A80882 changes role from null to FOLLOWER at term 0 for startAsFollower
2019-07-14 01:11:21,779 INFO  impl.RoleInfo (RoleInfo.java:updateAndGet(143)) - a1b95934-5204-42ea-9e02-af5e99675e4a: start FollowerState
2019-07-14 01:11:21,780 INFO  util.JmxRegister (JmxRegister.java:tryRegister(44)) - Successfully registered JMX Bean with object name Ratis:service=RaftServer,group=group-E89906A80882,id=a1b95934-5204-42ea-9e02-af5e99675e4a
2019-07-14 01:11:21,784 INFO  pipeline.PipelineStateManager (PipelineStateManager.java:addPipeline(56)) - Created pipeline Pipeline[ Id: 5d10df26-76db-4106-98a0-e89906a80882, Nodes: a1b95934-5204-42ea-9e02-af5e99675e4a{ip: 192.168.157.230, host: trunk-nightly-sxkq5-3320257302, networkLocation: /default-rack, certSerialId: null}, Type:RATIS, Factor:ONE, State:OPEN]
2019-07-14 01:11:21,906 INFO  node.SCMNodeManager (SCMNodeManager.java:register(269)) - Registered Data node : df5639b5-8d27-41f9-bfe0-08f3354f2ffa{ip: 192.168.157.230, host: trunk-nightly-sxkq5-3320257302, networkLocation: /default-rack, certSerialId: null}
2019-07-14 01:11:21,916 INFO  impl.RaftServerProxy (RaftServerProxy.java:addNew(89)) - df5639b5-8d27-41f9-bfe0-08f3354f2ffa: addNew group-8280891474A0:[df5639b5-8d27-41f9-bfe0-08f3354f2ffa:192.168.157.230:39715] returns group-8280891474A0:java.util.concurrent.CompletableFuture@4ccbd1e[Not completed]
2019-07-14 01:11:21,917 INFO  impl.RaftServerImpl (RaftServerImpl.java:<init>(93)) - df5639b5-8d27-41f9-bfe0-08f3354f2ffa: new RaftServerImpl for group-8280891474A0:[df5639b5-8d27-41f9-bfe0-08f3354f2ffa:192.168.157.230:39715] with ContainerStateMachine:uninitialized
2019-07-14 01:11:21,917 INFO  server.RaftServerConfigKeys (ConfUtils.java:logGet(43)) - raft.server.rpc.timeout.min = 5s (custom)
2019-07-14 01:11:21,917 INFO  server.RaftServerConfigKeys (ConfUtils.java:logGet(43)) - raft.server.rpc.timeout.max = 5200ms (custom)
2019-07-14 01:11:21,917 INFO  server.RaftServerConfigKeys (ConfUtils.java:logGet(43)) - raft.server.rpcslowness.timeout = 120s (custom)
2019-07-14 01:11:21,917 INFO  server.RaftServerConfigKeys (ConfUtils.java:logGet(43)) - raft.server.sleep.deviation.threshold = 300 (default)
2019-07-14 01:11:21,918 INFO  server.RaftServerConfigKeys (ConfUtils.java:logGet(43)) - raft.server.log.appender.install.snapshot.enabled = false (custom)
2019-07-14 01:11:21,918 INFO  impl.RaftServerImpl (ServerState.java:<init>(105)) - df5639b5-8d27-41f9-bfe0-08f3354f2ffa:group-8280891474A0 ConfigurationManager, init=-1: [df5639b5-8d27-41f9-bfe0-08f3354f2ffa:192.168.157.230:39715], old=null, confs=<EMPTY_MAP>
2019-07-14 01:11:21,918 INFO  server.RaftServerConfigKeys (ConfUtils.java:logGet(43)) - raft.server.storage.dir = [/tmp/workdir/hadoop-ozone/integration-test/target/test-dir/MiniOzoneClusterImpl-1c1210bb-655e-47e6-ae7e-d700eb333cd1/datanode-5/data/ratis] (custom)
2019-07-14 01:11:21,918 INFO  storage.RaftStorageDirectory (RaftStorageDirectory.java:analyzeStorage(246)) - The storage directory /tmp/workdir/hadoop-ozone/integration-test/target/test-dir/MiniOzoneClusterImpl-1c1210bb-655e-47e6-ae7e-d700eb333cd1/datanode-5/data/ratis/521b88da-d8fa-4a94-8195-8280891474a0 does not exist. Creating ...
2019-07-14 01:11:21,932 INFO  storage.RaftStorageDirectory (RaftStorageDirectory.java:tryLock(328)) - Lock on /tmp/workdir/hadoop-ozone/integration-test/target/test-dir/MiniOzoneClusterImpl-1c1210bb-655e-47e6-ae7e-d700eb333cd1/datanode-5/data/ratis/521b88da-d8fa-4a94-8195-8280891474a0/in_use.lock acquired by nodename 26095@trunk-nightly-sxkq5-3320257302
2019-07-14 01:11:21,945 INFO  storage.RaftStorage (RaftStorage.java:format(72)) - Storage directory /tmp/workdir/hadoop-ozone/integration-test/target/test-dir/MiniOzoneClusterImpl-1c1210bb-655e-47e6-ae7e-d700eb333cd1/datanode-5/data/ratis/521b88da-d8fa-4a94-8195-8280891474a0 has been successfully formatted.
2019-07-14 01:11:21,945 INFO  ratis.ContainerStateMachine (ContainerStateMachine.java:loadSnapshot(200)) - The snapshot info is null.Setting the last applied index to:(t:0, i:~)
2019-07-14 01:11:21,945 INFO  server.RaftServerConfigKeys (ConfUtils.java:logGet(43)) - raft.server.leader.election.timeout = 120s (custom)
2019-07-14 01:11:21,946 INFO  server.RaftServerConfigKeys (ConfUtils.java:logGet(43)) - raft.server.log.use.memory = false (default)
2019-07-14 01:11:21,946 INFO  server.RaftServerConfigKeys (ConfUtils.java:logGet(43)) - raft.server.log.purge.gap = 1000000000 (custom)
2019-07-14 01:11:21,946 INFO  server.RaftServerConfigKeys (ConfUtils.java:logGet(43)) - raft.server.log.appender.buffer.byte-limit = 33554432 (custom)
2019-07-14 01:11:21,946 INFO  server.RaftServerConfigKeys (ConfUtils.java:logGet(43)) - raft.server.log.segment.size.max = 1048576 (custom)
2019-07-14 01:11:21,946 INFO  server.RaftServerConfigKeys (ConfUtils.java:logGet(43)) - raft.server.log.segment.cache.num.max = 2 (custom)
2019-07-14 01:11:21,946 INFO  segmented.SegmentedRaftLogWorker (SegmentedRaftLogWorker.java:<init>(172)) - new df5639b5-8d27-41f9-bfe0-08f3354f2ffa-SegmentedRaftLogWorker:Storage Directory /tmp/workdir/hadoop-ozone/integration-test/target/test-dir/MiniOzoneClusterImpl-1c1210bb-655e-47e6-ae7e-d700eb333cd1/datanode-5/data/ratis/521b88da-d8fa-4a94-8195-8280891474a0 for RaftStorage:Storage Directory /tmp/workdir/hadoop-ozone/integration-test/target/test-dir/MiniOzoneClusterImpl-1c1210bb-655e-47e6-ae7e-d700eb333cd1/datanode-5/data/ratis/521b88da-d8fa-4a94-8195-8280891474a0
2019-07-14 01:11:21,947 INFO  server.RaftServerConfigKeys (ConfUtils.java:logGet(43)) - raft.server.log.queue.byte-limit = 2147483647 (custom)
2019-07-14 01:11:21,947 INFO  server.RaftServerConfigKeys (ConfUtils.java:logGet(43)) - raft.server.log.queue.element-limit = 1024 (custom)
2019-07-14 01:11:21,947 INFO  server.RaftServerConfigKeys (ConfUtils.java:logGet(43)) - raft.server.log.segment.size.max = 1048576 (custom)
2019-07-14 01:11:21,947 INFO  server.RaftServerConfigKeys (ConfUtils.java:logGet(43)) - raft.server.log.preallocated.size = 16384 (custom)
2019-07-14 01:11:21,947 INFO  server.RaftServerConfigKeys (ConfUtils.java:logGet(43)) - raft.server.log.write.buffer.size = 33554432 (custom)
2019-07-14 01:11:21,947 INFO  server.RaftServerConfigKeys (ConfUtils.java:logGet(43)) - raft.server.log.force.sync.num = 128 (default)
2019-07-14 01:11:21,948 INFO  server.RaftServerConfigKeys (ConfUtils.java:logGet(43)) - raft.server.log.statemachine.data.sync = true (default)
2019-07-14 01:11:21,948 INFO  server.RaftServerConfigKeys (ConfUtils.java:logGet(43)) - raft.server.log.statemachine.data.sync.timeout = 10s (default)
2019-07-14 01:11:21,948 INFO  server.RaftServerConfigKeys (ConfUtils.java:logGet(43)) - raft.server.log.statemachine.data.sync.timeout.retry = -1 (default)
2019-07-14 01:11:21,948 INFO  server.RaftServerConfigKeys (ConfUtils.java:logGet(43)) - raft.server.log.statemachine.data.caching.enabled = true (custom)
2019-07-14 01:11:21,948 INFO  segmented.SegmentedRaftLogWorker (SegmentedRaftLogWorker.java:lambda$new$0(132)) - df5639b5-8d27-41f9-bfe0-08f3354f2ffa-SegmentedRaftLogWorker:Storage Directory /tmp/workdir/hadoop-ozone/integration-test/target/test-dir/MiniOzoneClusterImpl-1c1210bb-655e-47e6-ae7e-d700eb333cd1/datanode-5/data/ratis/521b88da-d8fa-4a94-8195-8280891474a0: flushIndex: setUnconditionally 0 -> -1
2019-07-14 01:11:21,949 INFO  server.RaftServerConfigKeys (ConfUtils.java:logGet(43)) - raft.server.snapshot.auto.trigger.enabled = true (custom)
2019-07-14 01:11:21,949 INFO  server.RaftServerConfigKeys (ConfUtils.java:logGet(43)) - raft.server.snapshot.auto.trigger.threshold = 10000 (custom)
2019-07-14 01:11:21,949 INFO  server.RaftServerConfigKeys (ConfUtils.java:logGet(43)) - raft.server.retrycache.expirytime = 600000ms (custom)
2019-07-14 01:11:21,949 INFO  impl.RaftServerImpl (RaftServerImpl.java:start(180)) - df5639b5-8d27-41f9-bfe0-08f3354f2ffa: start group-8280891474A0
2019-07-14 01:11:21,950 INFO  impl.RaftServerImpl (RaftServerImpl.java:setRole(171)) - df5639b5-8d27-41f9-bfe0-08f3354f2ffa:group-8280891474A0 changes role from null to FOLLOWER at term 0 for startAsFollower
2019-07-14 01:11:21,950 INFO  impl.RoleInfo (RoleInfo.java:updateAndGet(143)) - df5639b5-8d27-41f9-bfe0-08f3354f2ffa: start FollowerState
2019-07-14 01:11:21,950 INFO  util.JmxRegister (JmxRegister.java:tryRegister(44)) - Successfully registered JMX Bean with object name Ratis:service=RaftServer,group=group-8280891474A0,id=df5639b5-8d27-41f9-bfe0-08f3354f2ffa
2019-07-14 01:11:21,955 INFO  pipeline.PipelineStateManager (PipelineStateManager.java:addPipeline(56)) - Created pipeline Pipeline[ Id: 521b88da-d8fa-4a94-8195-8280891474a0, Nodes: df5639b5-8d27-41f9-bfe0-08f3354f2ffa{ip: 192.168.157.230, host: trunk-nightly-sxkq5-3320257302, networkLocation: /default-rack, certSerialId: null}, Type:RATIS, Factor:ONE, State:OPEN]
2019-07-14 01:11:21,983 INFO  impl.RaftServerProxy (RaftServerProxy.java:addNew(89)) - 5a88bb18-a471-4f7f-9c87-6417d7d13968: addNew group-8F7DF759B7BB:[a1b95934-5204-42ea-9e02-af5e99675e4a:192.168.157.230:34198, df5639b5-8d27-41f9-bfe0-08f3354f2ffa:192.168.157.230:39715, 5a88bb18-a471-4f7f-9c87-6417d7d13968:192.168.157.230:43246] returns group-8F7DF759B7BB:java.util.concurrent.CompletableFuture@192aaf3d[Not completed]
2019-07-14 01:11:21,983 INFO  impl.RaftServerProxy (RaftServerProxy.java:addNew(89)) - df5639b5-8d27-41f9-bfe0-08f3354f2ffa: addNew group-8F7DF759B7BB:[a1b95934-5204-42ea-9e02-af5e99675e4a:192.168.157.230:34198, df5639b5-8d27-41f9-bfe0-08f3354f2ffa:192.168.157.230:39715, 5a88bb18-a471-4f7f-9c87-6417d7d13968:192.168.157.230:43246] returns group-8F7DF759B7BB:java.util.concurrent.CompletableFuture@66492994[Not completed]
2019-07-14 01:11:21,983 INFO  impl.RaftServerProxy (RaftServerProxy.java:addNew(89)) - a1b95934-5204-42ea-9e02-af5e99675e4a: addNew group-8F7DF759B7BB:[a1b95934-5204-42ea-9e02-af5e99675e4a:192.168.157.230:34198, df5639b5-8d27-41f9-bfe0-08f3354f2ffa:192.168.157.230:39715, 5a88bb18-a471-4f7f-9c87-6417d7d13968:192.168.157.230:43246] returns group-8F7DF759B7BB:java.util.concurrent.CompletableFuture@5621f2da[Not completed]
2019-07-14 01:11:21,984 INFO  impl.RaftServerImpl (RaftServerImpl.java:<init>(93)) - a1b95934-5204-42ea-9e02-af5e99675e4a: new RaftServerImpl for group-8F7DF759B7BB:[a1b95934-5204-42ea-9e02-af5e99675e4a:192.168.157.230:34198, df5639b5-8d27-41f9-bfe0-08f3354f2ffa:192.168.157.230:39715, 5a88bb18-a471-4f7f-9c87-6417d7d13968:192.168.157.230:43246] with ContainerStateMachine:uninitialized
2019-07-14 01:11:21,984 INFO  server.RaftServerConfigKeys (ConfUtils.java:logGet(43)) - raft.server.rpc.timeout.min = 5s (custom)
2019-07-14 01:11:21,985 INFO  server.RaftServerConfigKeys (ConfUtils.java:logGet(43)) - raft.server.rpc.timeout.max = 5200ms (custom)
2019-07-14 01:11:21,985 INFO  impl.RaftServerImpl (RaftServerImpl.java:<init>(93)) - df5639b5-8d27-41f9-bfe0-08f3354f2ffa: new RaftServerImpl for group-8F7DF759B7BB:[a1b95934-5204-42ea-9e02-af5e99675e4a:192.168.157.230:34198, df5639b5-8d27-41f9-bfe0-08f3354f2ffa:192.168.157.230:39715, 5a88bb18-a471-4f7f-9c87-6417d7d13968:192.168.157.230:43246] with ContainerStateMachine:uninitialized
2019-07-14 01:11:21,985 INFO  server.RaftServerConfigKeys (ConfUtils.java:logGet(43)) - raft.server.rpcslowness.timeout = 120s (custom)
2019-07-14 01:11:21,985 INFO  server.RaftServerConfigKeys (ConfUtils.java:logGet(43)) - raft.server.rpc.timeout.min = 5s (custom)
2019-07-14 01:11:21,985 INFO  server.RaftServerConfigKeys (ConfUtils.java:logGet(43)) - raft.server.sleep.deviation.threshold = 300 (default)
2019-07-14 01:11:21,985 INFO  server.RaftServerConfigKeys (ConfUtils.java:logGet(43)) - raft.server.rpc.timeout.max = 5200ms (custom)
2019-07-14 01:11:21,985 INFO  server.RaftServerConfigKeys (ConfUtils.java:logGet(43)) - raft.server.log.appender.install.snapshot.enabled = false (custom)
2019-07-14 01:11:21,985 INFO  impl.RaftServerImpl (RaftServerImpl.java:<init>(93)) - 5a88bb18-a471-4f7f-9c87-6417d7d13968: new RaftServerImpl for group-8F7DF759B7BB:[a1b95934-5204-42ea-9e02-af5e99675e4a:192.168.157.230:34198, df5639b5-8d27-41f9-bfe0-08f3354f2ffa:192.168.157.230:39715, 5a88bb18-a471-4f7f-9c87-6417d7d13968:192.168.157.230:43246] with ContainerStateMachine:uninitialized
2019-07-14 01:11:21,985 INFO  server.RaftServerConfigKeys (ConfUtils.java:logGet(43)) - raft.server.rpcslowness.timeout = 120s (custom)
2019-07-14 01:11:21,986 INFO  server.RaftServerConfigKeys (ConfUtils.java:logGet(43)) - raft.server.rpc.timeout.min = 5s (custom)
2019-07-14 01:11:21,985 INFO  impl.RaftServerImpl (ServerState.java:<init>(105)) - a1b95934-5204-42ea-9e02-af5e99675e4a:group-8F7DF759B7BB ConfigurationManager, init=-1: [a1b95934-5204-42ea-9e02-af5e99675e4a:192.168.157.230:34198, df5639b5-8d27-41f9-bfe0-08f3354f2ffa:192.168.157.230:39715, 5a88bb18-a471-4f7f-9c87-6417d7d13968:192.168.157.230:43246], old=null, confs=<EMPTY_MAP>
2019-07-14 01:11:21,986 INFO  server.RaftServerConfigKeys (ConfUtils.java:logGet(43)) - raft.server.rpc.timeout.max = 5200ms (custom)
2019-07-14 01:11:21,986 INFO  server.RaftServerConfigKeys (ConfUtils.java:logGet(43)) - raft.server.rpcslowness.timeout = 120s (custom)
2019-07-14 01:11:21,986 INFO  server.RaftServerConfigKeys (ConfUtils.java:logGet(43)) - raft.server.sleep.deviation.threshold = 300 (default)
2019-07-14 01:11:21,987 INFO  server.RaftServerConfigKeys (ConfUtils.java:logGet(43)) - raft.server.sleep.deviation.threshold = 300 (default)
2019-07-14 01:11:21,986 INFO  server.RaftServerConfigKeys (ConfUtils.java:logGet(43)) - raft.server.storage.dir = [/tmp/workdir/hadoop-ozone/integration-test/target/test-dir/MiniOzoneClusterImpl-1c1210bb-655e-47e6-ae7e-d700eb333cd1/datanode-4/data/ratis] (custom)
2019-07-14 01:11:21,987 INFO  server.RaftServerConfigKeys (ConfUtils.java:logGet(43)) - raft.server.log.appender.install.snapshot.enabled = false (custom)
2019-07-14 01:11:21,987 INFO  server.RaftServerConfigKeys (ConfUtils.java:logGet(43)) - raft.server.log.appender.install.snapshot.enabled = false (custom)
2019-07-14 01:11:21,988 INFO  storage.RaftStorageDirectory (RaftStorageDirectory.java:analyzeStorage(246)) - The storage directory /tmp/workdir/hadoop-ozone/integration-test/target/test-dir/MiniOzoneClusterImpl-1c1210bb-655e-47e6-ae7e-d700eb333cd1/datanode-4/data/ratis/01df31c6-eec4-43cb-a782-8f7df759b7bb does not exist. Creating ...
2019-07-14 01:11:21,988 INFO  impl.RaftServerImpl (ServerState.java:<init>(105)) - 5a88bb18-a471-4f7f-9c87-6417d7d13968:group-8F7DF759B7BB ConfigurationManager, init=-1: [a1b95934-5204-42ea-9e02-af5e99675e4a:192.168.157.230:34198, df5639b5-8d27-41f9-bfe0-08f3354f2ffa:192.168.157.230:39715, 5a88bb18-a471-4f7f-9c87-6417d7d13968:192.168.157.230:43246], old=null, confs=<EMPTY_MAP>
2019-07-14 01:11:21,988 INFO  impl.RaftServerImpl (ServerState.java:<init>(105)) - df5639b5-8d27-41f9-bfe0-08f3354f2ffa:group-8F7DF759B7BB ConfigurationManager, init=-1: [a1b95934-5204-42ea-9e02-af5e99675e4a:192.168.157.230:34198, df5639b5-8d27-41f9-bfe0-08f3354f2ffa:192.168.157.230:39715, 5a88bb18-a471-4f7f-9c87-6417d7d13968:192.168.157.230:43246], old=null, confs=<EMPTY_MAP>
2019-07-14 01:11:21,988 INFO  server.RaftServerConfigKeys (ConfUtils.java:logGet(43)) - raft.server.storage.dir = [/tmp/workdir/hadoop-ozone/integration-test/target/test-dir/MiniOzoneClusterImpl-1c1210bb-655e-47e6-ae7e-d700eb333cd1/datanode-3/data/ratis] (custom)
2019-07-14 01:11:21,988 INFO  server.RaftServerConfigKeys (ConfUtils.java:logGet(43)) - raft.server.storage.dir = [/tmp/workdir/hadoop-ozone/integration-test/target/test-dir/MiniOzoneClusterImpl-1c1210bb-655e-47e6-ae7e-d700eb333cd1/datanode-5/data/ratis] (custom)
2019-07-14 01:11:21,989 INFO  storage.RaftStorageDirectory (RaftStorageDirectory.java:analyzeStorage(246)) - The storage directory /tmp/workdir/hadoop-ozone/integration-test/target/test-dir/MiniOzoneClusterImpl-1c1210bb-655e-47e6-ae7e-d700eb333cd1/datanode-5/data/ratis/01df31c6-eec4-43cb-a782-8f7df759b7bb does not exist. Creating ...
2019-07-14 01:11:21,989 INFO  storage.RaftStorageDirectory (RaftStorageDirectory.java:analyzeStorage(246)) - The storage directory /tmp/workdir/hadoop-ozone/integration-test/target/test-dir/MiniOzoneClusterImpl-1c1210bb-655e-47e6-ae7e-d700eb333cd1/datanode-3/data/ratis/01df31c6-eec4-43cb-a782-8f7df759b7bb does not exist. Creating ...
2019-07-14 01:11:22,001 INFO  storage.RaftStorageDirectory (RaftStorageDirectory.java:tryLock(328)) - Lock on /tmp/workdir/hadoop-ozone/integration-test/target/test-dir/MiniOzoneClusterImpl-1c1210bb-655e-47e6-ae7e-d700eb333cd1/datanode-3/data/ratis/01df31c6-eec4-43cb-a782-8f7df759b7bb/in_use.lock acquired by nodename 26095@trunk-nightly-sxkq5-3320257302
2019-07-14 01:11:22,001 INFO  storage.RaftStorageDirectory (RaftStorageDirectory.java:tryLock(328)) - Lock on /tmp/workdir/hadoop-ozone/integration-test/target/test-dir/MiniOzoneClusterImpl-1c1210bb-655e-47e6-ae7e-d700eb333cd1/datanode-4/data/ratis/01df31c6-eec4-43cb-a782-8f7df759b7bb/in_use.lock acquired by nodename 26095@trunk-nightly-sxkq5-3320257302
2019-07-14 01:11:22,001 INFO  storage.RaftStorageDirectory (RaftStorageDirectory.java:tryLock(328)) - Lock on /tmp/workdir/hadoop-ozone/integration-test/target/test-dir/MiniOzoneClusterImpl-1c1210bb-655e-47e6-ae7e-d700eb333cd1/datanode-5/data/ratis/01df31c6-eec4-43cb-a782-8f7df759b7bb/in_use.lock acquired by nodename 26095@trunk-nightly-sxkq5-3320257302
2019-07-14 01:11:22,023 INFO  storage.RaftStorage (RaftStorage.java:format(72)) - Storage directory /tmp/workdir/hadoop-ozone/integration-test/target/test-dir/MiniOzoneClusterImpl-1c1210bb-655e-47e6-ae7e-d700eb333cd1/datanode-4/data/ratis/01df31c6-eec4-43cb-a782-8f7df759b7bb has been successfully formatted.
2019-07-14 01:11:22,023 INFO  storage.RaftStorage (RaftStorage.java:format(72)) - Storage directory /tmp/workdir/hadoop-ozone/integration-test/target/test-dir/MiniOzoneClusterImpl-1c1210bb-655e-47e6-ae7e-d700eb333cd1/datanode-5/data/ratis/01df31c6-eec4-43cb-a782-8f7df759b7bb has been successfully formatted.
2019-07-14 01:11:22,023 INFO  storage.RaftStorage (RaftStorage.java:format(72)) - Storage directory /tmp/workdir/hadoop-ozone/integration-test/target/test-dir/MiniOzoneClusterImpl-1c1210bb-655e-47e6-ae7e-d700eb333cd1/datanode-3/data/ratis/01df31c6-eec4-43cb-a782-8f7df759b7bb has been successfully formatted.
2019-07-14 01:11:22,024 INFO  ratis.ContainerStateMachine (ContainerStateMachine.java:loadSnapshot(200)) - The snapshot info is null.Setting the last applied index to:(t:0, i:~)
2019-07-14 01:11:22,024 INFO  ratis.ContainerStateMachine (ContainerStateMachine.java:loadSnapshot(200)) - The snapshot info is null.Setting the last applied index to:(t:0, i:~)
2019-07-14 01:11:22,023 INFO  ratis.ContainerStateMachine (ContainerStateMachine.java:loadSnapshot(200)) - The snapshot info is null.Setting the last applied index to:(t:0, i:~)
2019-07-14 01:11:22,024 INFO  server.RaftServerConfigKeys (ConfUtils.java:logGet(43)) - raft.server.leader.election.timeout = 120s (custom)
2019-07-14 01:11:22,024 INFO  server.RaftServerConfigKeys (ConfUtils.java:logGet(43)) - raft.server.leader.election.timeout = 120s (custom)
2019-07-14 01:11:22,024 INFO  server.RaftServerConfigKeys (ConfUtils.java:logGet(43)) - raft.server.log.use.memory = false (default)
2019-07-14 01:11:22,024 INFO  server.RaftServerConfigKeys (ConfUtils.java:logGet(43)) - raft.server.leader.election.timeout = 120s (custom)
2019-07-14 01:11:22,025 INFO  server.RaftServerConfigKeys (ConfUtils.java:logGet(43)) - raft.server.log.purge.gap = 1000000000 (custom)
2019-07-14 01:11:22,024 INFO  server.RaftServerConfigKeys (ConfUtils.java:logGet(43)) - raft.server.log.use.memory = false (default)
2019-07-14 01:11:22,025 INFO  server.RaftServerConfigKeys (ConfUtils.java:logGet(43)) - raft.server.log.appender.buffer.byte-limit = 33554432 (custom)
2019-07-14 01:11:22,025 INFO  server.RaftServerConfigKeys (ConfUtils.java:logGet(43)) - raft.server.log.use.memory = false (default)
2019-07-14 01:11:22,025 INFO  server.RaftServerConfigKeys (ConfUtils.java:logGet(43)) - raft.server.log.segment.size.max = 1048576 (custom)
2019-07-14 01:11:22,025 INFO  server.RaftServerConfigKeys (ConfUtils.java:logGet(43)) - raft.server.log.purge.gap = 1000000000 (custom)
2019-07-14 01:11:22,026 INFO  server.RaftServerConfigKeys (ConfUtils.java:logGet(43)) - raft.server.log.segment.cache.num.max = 2 (custom)
2019-07-14 01:11:22,025 INFO  server.RaftServerConfigKeys (ConfUtils.java:logGet(43)) - raft.server.log.purge.gap = 1000000000 (custom)
2019-07-14 01:11:22,026 INFO  segmented.SegmentedRaftLogWorker (SegmentedRaftLogWorker.java:<init>(172)) - new 5a88bb18-a471-4f7f-9c87-6417d7d13968-SegmentedRaftLogWorker:Storage Directory /tmp/workdir/hadoop-ozone/integration-test/target/test-dir/MiniOzoneClusterImpl-1c1210bb-655e-47e6-ae7e-d700eb333cd1/datanode-3/data/ratis/01df31c6-eec4-43cb-a782-8f7df759b7bb for RaftStorage:Storage Directory /tmp/workdir/hadoop-ozone/integration-test/target/test-dir/MiniOzoneClusterImpl-1c1210bb-655e-47e6-ae7e-d700eb333cd1/datanode-3/data/ratis/01df31c6-eec4-43cb-a782-8f7df759b7bb
2019-07-14 01:11:22,026 INFO  server.RaftServerConfigKeys (ConfUtils.java:logGet(43)) - raft.server.log.appender.buffer.byte-limit = 33554432 (custom)
2019-07-14 01:11:22,026 INFO  server.RaftServerConfigKeys (ConfUtils.java:logGet(43)) - raft.server.log.queue.byte-limit = 2147483647 (custom)
2019-07-14 01:11:22,027 INFO  server.RaftServerConfigKeys (ConfUtils.java:logGet(43)) - raft.server.log.queue.element-limit = 1024 (custom)
2019-07-14 01:11:22,026 INFO  server.RaftServerConfigKeys (ConfUtils.java:logGet(43)) - raft.server.log.appender.buffer.byte-limit = 33554432 (custom)
2019-07-14 01:11:22,027 INFO  server.RaftServerConfigKeys (ConfUtils.java:logGet(43)) - raft.server.log.segment.size.max = 1048576 (custom)
2019-07-14 01:11:22,027 INFO  server.RaftServerConfigKeys (ConfUtils.java:logGet(43)) - raft.server.log.preallocated.size = 16384 (custom)
2019-07-14 01:11:22,027 INFO  server.RaftServerConfigKeys (ConfUtils.java:logGet(43)) - raft.server.log.segment.size.max = 1048576 (custom)
2019-07-14 01:11:22,027 INFO  server.RaftServerConfigKeys (ConfUtils.java:logGet(43)) - raft.server.log.write.buffer.size = 33554432 (custom)
2019-07-14 01:11:22,027 INFO  server.RaftServerConfigKeys (ConfUtils.java:logGet(43)) - raft.server.log.segment.size.max = 1048576 (custom)
2019-07-14 01:11:22,028 INFO  server.RaftServerConfigKeys (ConfUtils.java:logGet(43)) - raft.server.log.force.sync.num = 128 (default)
2019-07-14 01:11:22,028 INFO  server.RaftServerConfigKeys (ConfUtils.java:logGet(43)) - raft.server.log.segment.cache.num.max = 2 (custom)
2019-07-14 01:11:22,028 INFO  server.RaftServerConfigKeys (ConfUtils.java:logGet(43)) - raft.server.log.statemachine.data.sync = true (default)
2019-07-14 01:11:22,028 INFO  server.RaftServerConfigKeys (ConfUtils.java:logGet(43)) - raft.server.log.statemachine.data.sync.timeout = 10s (default)
2019-07-14 01:11:22,028 INFO  server.RaftServerConfigKeys (ConfUtils.java:logGet(43)) - raft.server.log.segment.cache.num.max = 2 (custom)
2019-07-14 01:11:22,029 INFO  server.RaftServerConfigKeys (ConfUtils.java:logGet(43)) - raft.server.log.statemachine.data.sync.timeout.retry = -1 (default)
2019-07-14 01:11:22,028 INFO  segmented.SegmentedRaftLogWorker (SegmentedRaftLogWorker.java:<init>(172)) - new df5639b5-8d27-41f9-bfe0-08f3354f2ffa-SegmentedRaftLogWorker:Storage Directory /tmp/workdir/hadoop-ozone/integration-test/target/test-dir/MiniOzoneClusterImpl-1c1210bb-655e-47e6-ae7e-d700eb333cd1/datanode-5/data/ratis/01df31c6-eec4-43cb-a782-8f7df759b7bb for RaftStorage:Storage Directory /tmp/workdir/hadoop-ozone/integration-test/target/test-dir/MiniOzoneClusterImpl-1c1210bb-655e-47e6-ae7e-d700eb333cd1/datanode-5/data/ratis/01df31c6-eec4-43cb-a782-8f7df759b7bb
2019-07-14 01:11:22,029 INFO  server.RaftServerConfigKeys (ConfUtils.java:logGet(43)) - raft.server.log.statemachine.data.caching.enabled = true (custom)
2019-07-14 01:11:22,029 INFO  segmented.SegmentedRaftLogWorker (SegmentedRaftLogWorker.java:<init>(172)) - new a1b95934-5204-42ea-9e02-af5e99675e4a-SegmentedRaftLogWorker:Storage Directory /tmp/workdir/hadoop-ozone/integration-test/target/test-dir/MiniOzoneClusterImpl-1c1210bb-655e-47e6-ae7e-d700eb333cd1/datanode-4/data/ratis/01df31c6-eec4-43cb-a782-8f7df759b7bb for RaftStorage:Storage Directory /tmp/workdir/hadoop-ozone/integration-test/target/test-dir/MiniOzoneClusterImpl-1c1210bb-655e-47e6-ae7e-d700eb333cd1/datanode-4/data/ratis/01df31c6-eec4-43cb-a782-8f7df759b7bb
2019-07-14 01:11:22,029 INFO  server.RaftServerConfigKeys (ConfUtils.java:logGet(43)) - raft.server.log.queue.byte-limit = 2147483647 (custom)
2019-07-14 01:11:22,029 INFO  server.RaftServerConfigKeys (ConfUtils.java:logGet(43)) - raft.server.log.queue.byte-limit = 2147483647 (custom)
2019-07-14 01:11:22,029 INFO  segmented.SegmentedRaftLogWorker (SegmentedRaftLogWorker.java:lambda$new$0(132)) - 5a88bb18-a471-4f7f-9c87-6417d7d13968-SegmentedRaftLogWorker:Storage Directory /tmp/workdir/hadoop-ozone/integration-test/target/test-dir/MiniOzoneClusterImpl-1c1210bb-655e-47e6-ae7e-d700eb333cd1/datanode-3/data/ratis/01df31c6-eec4-43cb-a782-8f7df759b7bb: flushIndex: setUnconditionally 0 -> -1
2019-07-14 01:11:22,030 INFO  server.RaftServerConfigKeys (ConfUtils.java:logGet(43)) - raft.server.log.queue.element-limit = 1024 (custom)
2019-07-14 01:11:22,030 INFO  server.RaftServerConfigKeys (ConfUtils.java:logGet(43)) - raft.server.log.queue.element-limit = 1024 (custom)
2019-07-14 01:11:22,030 INFO  server.RaftServerConfigKeys (ConfUtils.java:logGet(43)) - raft.server.snapshot.auto.trigger.enabled = true (custom)
2019-07-14 01:11:22,030 INFO  server.RaftServerConfigKeys (ConfUtils.java:logGet(43)) - raft.server.log.segment.size.max = 1048576 (custom)
2019-07-14 01:11:22,031 INFO  server.RaftServerConfigKeys (ConfUtils.java:logGet(43)) - raft.server.snapshot.auto.trigger.threshold = 10000 (custom)
2019-07-14 01:11:22,030 INFO  server.RaftServerConfigKeys (ConfUtils.java:logGet(43)) - raft.server.log.segment.size.max = 1048576 (custom)
2019-07-14 01:11:22,031 INFO  server.RaftServerConfigKeys (ConfUtils.java:logGet(43)) - raft.server.retrycache.expirytime = 600000ms (custom)
2019-07-14 01:11:22,031 INFO  server.RaftServerConfigKeys (ConfUtils.java:logGet(43)) - raft.server.log.preallocated.size = 16384 (custom)
2019-07-14 01:11:22,031 INFO  impl.RaftServerImpl (RaftServerImpl.java:start(180)) - 5a88bb18-a471-4f7f-9c87-6417d7d13968: start group-8F7DF759B7BB
2019-07-14 01:11:22,032 INFO  impl.RaftServerImpl (RaftServerImpl.java:setRole(171)) - 5a88bb18-a471-4f7f-9c87-6417d7d13968:group-8F7DF759B7BB changes role from null to FOLLOWER at term 0 for startAsFollower
2019-07-14 01:11:22,031 INFO  server.RaftServerConfigKeys (ConfUtils.java:logGet(43)) - raft.server.log.preallocated.size = 16384 (custom)
2019-07-14 01:11:22,032 INFO  impl.RoleInfo (RoleInfo.java:updateAndGet(143)) - 5a88bb18-a471-4f7f-9c87-6417d7d13968: start FollowerState
2019-07-14 01:11:22,031 INFO  server.RaftServerConfigKeys (ConfUtils.java:logGet(43)) - raft.server.log.write.buffer.size = 33554432 (custom)
2019-07-14 01:11:22,032 INFO  server.RaftServerConfigKeys (ConfUtils.java:logGet(43)) - raft.server.log.write.buffer.size = 33554432 (custom)
2019-07-14 01:11:22,032 INFO  util.JmxRegister (JmxRegister.java:tryRegister(44)) - Successfully registered JMX Bean with object name Ratis:service=RaftServer,group=group-8F7DF759B7BB,id=5a88bb18-a471-4f7f-9c87-6417d7d13968
2019-07-14 01:11:22,032 INFO  server.RaftServerConfigKeys (ConfUtils.java:logGet(43)) - raft.server.log.force.sync.num = 128 (default)
2019-07-14 01:11:22,032 INFO  server.RaftServerConfigKeys (ConfUtils.java:logGet(43)) - raft.server.log.force.sync.num = 128 (default)
2019-07-14 01:11:22,033 INFO  server.RaftServerConfigKeys (ConfUtils.java:logGet(43)) - raft.server.log.statemachine.data.sync = true (default)
2019-07-14 01:11:22,033 INFO  server.RaftServerConfigKeys (ConfUtils.java:logGet(43)) - raft.server.log.statemachine.data.sync = true (default)
2019-07-14 01:11:22,033 INFO  server.RaftServerConfigKeys (ConfUtils.java:logGet(43)) - raft.server.log.statemachine.data.sync.timeout = 10s (default)
2019-07-14 01:11:22,033 INFO  server.RaftServerConfigKeys (ConfUtils.java:logGet(43)) - raft.server.log.statemachine.data.sync.timeout = 10s (default)
2019-07-14 01:11:22,033 INFO  server.RaftServerConfigKeys (ConfUtils.java:logGet(43)) - raft.server.log.statemachine.data.sync.timeout.retry = -1 (default)
2019-07-14 01:11:22,034 INFO  server.RaftServerConfigKeys (ConfUtils.java:logGet(43)) - raft.server.log.statemachine.data.sync.timeout.retry = -1 (default)
2019-07-14 01:11:22,037 INFO  server.RaftServerConfigKeys (ConfUtils.java:logGet(43)) - raft.server.log.statemachine.data.caching.enabled = true (custom)
2019-07-14 01:11:22,037 INFO  server.RaftServerConfigKeys (ConfUtils.java:logGet(43)) - raft.server.log.statemachine.data.caching.enabled = true (custom)
2019-07-14 01:11:22,037 INFO  segmented.SegmentedRaftLogWorker (SegmentedRaftLogWorker.java:lambda$new$0(132)) - df5639b5-8d27-41f9-bfe0-08f3354f2ffa-SegmentedRaftLogWorker:Storage Directory /tmp/workdir/hadoop-ozone/integration-test/target/test-dir/MiniOzoneClusterImpl-1c1210bb-655e-47e6-ae7e-d700eb333cd1/datanode-5/data/ratis/01df31c6-eec4-43cb-a782-8f7df759b7bb: flushIndex: setUnconditionally 0 -> -1
2019-07-14 01:11:22,037 INFO  segmented.SegmentedRaftLogWorker (SegmentedRaftLogWorker.java:lambda$new$0(132)) - a1b95934-5204-42ea-9e02-af5e99675e4a-SegmentedRaftLogWorker:Storage Directory /tmp/workdir/hadoop-ozone/integration-test/target/test-dir/MiniOzoneClusterImpl-1c1210bb-655e-47e6-ae7e-d700eb333cd1/datanode-4/data/ratis/01df31c6-eec4-43cb-a782-8f7df759b7bb: flushIndex: setUnconditionally 0 -> -1
2019-07-14 01:11:22,038 INFO  server.RaftServerConfigKeys (ConfUtils.java:logGet(43)) - raft.server.snapshot.auto.trigger.enabled = true (custom)
2019-07-14 01:11:22,038 INFO  server.RaftServerConfigKeys (ConfUtils.java:logGet(43)) - raft.server.snapshot.auto.trigger.threshold = 10000 (custom)
2019-07-14 01:11:22,038 INFO  server.RaftServerConfigKeys (ConfUtils.java:logGet(43)) - raft.server.snapshot.auto.trigger.enabled = true (custom)
2019-07-14 01:11:22,038 INFO  server.RaftServerConfigKeys (ConfUtils.java:logGet(43)) - raft.server.retrycache.expirytime = 600000ms (custom)
2019-07-14 01:11:22,038 INFO  server.RaftServerConfigKeys (ConfUtils.java:logGet(43)) - raft.server.snapshot.auto.trigger.threshold = 10000 (custom)
2019-07-14 01:11:22,038 INFO  impl.RaftServerImpl (RaftServerImpl.java:start(180)) - df5639b5-8d27-41f9-bfe0-08f3354f2ffa: start group-8F7DF759B7BB
2019-07-14 01:11:22,039 INFO  server.RaftServerConfigKeys (ConfUtils.java:logGet(43)) - raft.server.retrycache.expirytime = 600000ms (custom)
2019-07-14 01:11:22,039 INFO  impl.RaftServerImpl (RaftServerImpl.java:setRole(171)) - df5639b5-8d27-41f9-bfe0-08f3354f2ffa:group-8F7DF759B7BB changes role from null to FOLLOWER at term 0 for startAsFollower
2019-07-14 01:11:22,039 INFO  impl.RaftServerImpl (RaftServerImpl.java:start(180)) - a1b95934-5204-42ea-9e02-af5e99675e4a: start group-8F7DF759B7BB
2019-07-14 01:11:22,039 INFO  impl.RoleInfo (RoleInfo.java:updateAndGet(143)) - df5639b5-8d27-41f9-bfe0-08f3354f2ffa: start FollowerState
2019-07-14 01:11:22,039 INFO  impl.RaftServerImpl (RaftServerImpl.java:setRole(171)) - a1b95934-5204-42ea-9e02-af5e99675e4a:group-8F7DF759B7BB changes role from null to FOLLOWER at term 0 for startAsFollower
2019-07-14 01:11:22,039 INFO  impl.RoleInfo (RoleInfo.java:updateAndGet(143)) - a1b95934-5204-42ea-9e02-af5e99675e4a: start FollowerState
2019-07-14 01:11:22,039 INFO  util.JmxRegister (JmxRegister.java:tryRegister(44)) - Successfully registered JMX Bean with object name Ratis:service=RaftServer,group=group-8F7DF759B7BB,id=df5639b5-8d27-41f9-bfe0-08f3354f2ffa
2019-07-14 01:11:22,040 INFO  util.JmxRegister (JmxRegister.java:tryRegister(44)) - Successfully registered JMX Bean with object name Ratis:service=RaftServer,group=group-8F7DF759B7BB,id=a1b95934-5204-42ea-9e02-af5e99675e4a
2019-07-14 01:11:22,048 INFO  pipeline.PipelineStateManager (PipelineStateManager.java:addPipeline(56)) - Created pipeline Pipeline[ Id: 01df31c6-eec4-43cb-a782-8f7df759b7bb, Nodes: a1b95934-5204-42ea-9e02-af5e99675e4a{ip: 192.168.157.230, host: trunk-nightly-sxkq5-3320257302, networkLocation: /default-rack, certSerialId: null}5a88bb18-a471-4f7f-9c87-6417d7d13968{ip: 192.168.157.230, host: trunk-nightly-sxkq5-3320257302, networkLocation: /default-rack, certSerialId: null}df5639b5-8d27-41f9-bfe0-08f3354f2ffa{ip: 192.168.157.230, host: trunk-nightly-sxkq5-3320257302, networkLocation: /default-rack, certSerialId: null}, Type:RATIS, Factor:THREE, State:OPEN]
2019-07-14 01:11:22,070 INFO  ozone.MiniOzoneClusterImpl (MiniOzoneClusterImpl.java:lambda$waitForClusterToBeReady$0(142)) - Waiting for cluster to be ready. Got 6 of 7 DN Heartbeats.
2019-07-14 01:11:22,073 INFO  node.SCMNodeManager (SCMNodeManager.java:register(269)) - Registered Data node : bba62e65-e9a2-4912-816e-f3fe765dbdec{ip: 192.168.157.230, host: trunk-nightly-sxkq5-3320257302, networkLocation: /default-rack, certSerialId: null}
2019-07-14 01:11:22,079 INFO  impl.RaftServerProxy (RaftServerProxy.java:addNew(89)) - bba62e65-e9a2-4912-816e-f3fe765dbdec: addNew group-10C8C11C13C0:[bba62e65-e9a2-4912-816e-f3fe765dbdec:192.168.157.230:33724] returns group-10C8C11C13C0:java.util.concurrent.CompletableFuture@3b879be8[Not completed]
2019-07-14 01:11:22,080 INFO  impl.RaftServerImpl (RaftServerImpl.java:<init>(93)) - bba62e65-e9a2-4912-816e-f3fe765dbdec: new RaftServerImpl for group-10C8C11C13C0:[bba62e65-e9a2-4912-816e-f3fe765dbdec:192.168.157.230:33724] with ContainerStateMachine:uninitialized
2019-07-14 01:11:22,081 INFO  server.RaftServerConfigKeys (ConfUtils.java:logGet(43)) - raft.server.rpc.timeout.min = 5s (custom)
2019-07-14 01:11:22,081 INFO  server.RaftServerConfigKeys (ConfUtils.java:logGet(43)) - raft.server.rpc.timeout.max = 5200ms (custom)
2019-07-14 01:11:22,081 INFO  server.RaftServerConfigKeys (ConfUtils.java:logGet(43)) - raft.server.rpcslowness.timeout = 120s (custom)
2019-07-14 01:11:22,081 INFO  server.RaftServerConfigKeys (ConfUtils.java:logGet(43)) - raft.server.sleep.deviation.threshold = 300 (default)
2019-07-14 01:11:22,081 INFO  server.RaftServerConfigKeys (ConfUtils.java:logGet(43)) - raft.server.log.appender.install.snapshot.enabled = false (custom)
2019-07-14 01:11:22,081 INFO  impl.RaftServerImpl (ServerState.java:<init>(105)) - bba62e65-e9a2-4912-816e-f3fe765dbdec:group-10C8C11C13C0 ConfigurationManager, init=-1: [bba62e65-e9a2-4912-816e-f3fe765dbdec:192.168.157.230:33724], old=null, confs=<EMPTY_MAP>
2019-07-14 01:11:22,082 INFO  server.RaftServerConfigKeys (ConfUtils.java:logGet(43)) - raft.server.storage.dir = [/tmp/workdir/hadoop-ozone/integration-test/target/test-dir/MiniOzoneClusterImpl-1c1210bb-655e-47e6-ae7e-d700eb333cd1/datanode-6/data/ratis] (custom)
2019-07-14 01:11:22,082 INFO  storage.RaftStorageDirectory (RaftStorageDirectory.java:analyzeStorage(246)) - The storage directory /tmp/workdir/hadoop-ozone/integration-test/target/test-dir/MiniOzoneClusterImpl-1c1210bb-655e-47e6-ae7e-d700eb333cd1/datanode-6/data/ratis/7881014f-b79d-4411-b353-10c8c11c13c0 does not exist. Creating ...
2019-07-14 01:11:22,107 INFO  storage.RaftStorageDirectory (RaftStorageDirectory.java:tryLock(328)) - Lock on /tmp/workdir/hadoop-ozone/integration-test/target/test-dir/MiniOzoneClusterImpl-1c1210bb-655e-47e6-ae7e-d700eb333cd1/datanode-6/data/ratis/7881014f-b79d-4411-b353-10c8c11c13c0/in_use.lock acquired by nodename 26095@trunk-nightly-sxkq5-3320257302
2019-07-14 01:11:22,121 INFO  storage.RaftStorage (RaftStorage.java:format(72)) - Storage directory /tmp/workdir/hadoop-ozone/integration-test/target/test-dir/MiniOzoneClusterImpl-1c1210bb-655e-47e6-ae7e-d700eb333cd1/datanode-6/data/ratis/7881014f-b79d-4411-b353-10c8c11c13c0 has been successfully formatted.
2019-07-14 01:11:22,121 INFO  ratis.ContainerStateMachine (ContainerStateMachine.java:loadSnapshot(200)) - The snapshot info is null.Setting the last applied index to:(t:0, i:~)
2019-07-14 01:11:22,121 INFO  server.RaftServerConfigKeys (ConfUtils.java:logGet(43)) - raft.server.leader.election.timeout = 120s (custom)
2019-07-14 01:11:22,121 INFO  server.RaftServerConfigKeys (ConfUtils.java:logGet(43)) - raft.server.log.use.memory = false (default)
2019-07-14 01:11:22,121 INFO  server.RaftServerConfigKeys (ConfUtils.java:logGet(43)) - raft.server.log.purge.gap = 1000000000 (custom)
2019-07-14 01:11:22,121 INFO  server.RaftServerConfigKeys (ConfUtils.java:logGet(43)) - raft.server.log.appender.buffer.byte-limit = 33554432 (custom)
2019-07-14 01:11:22,122 INFO  server.RaftServerConfigKeys (ConfUtils.java:logGet(43)) - raft.server.log.segment.size.max = 1048576 (custom)
2019-07-14 01:11:22,122 INFO  server.RaftServerConfigKeys (ConfUtils.java:logGet(43)) - raft.server.log.segment.cache.num.max = 2 (custom)
2019-07-14 01:11:22,122 INFO  segmented.SegmentedRaftLogWorker (SegmentedRaftLogWorker.java:<init>(172)) - new bba62e65-e9a2-4912-816e-f3fe765dbdec-SegmentedRaftLogWorker:Storage Directory /tmp/workdir/hadoop-ozone/integration-test/target/test-dir/MiniOzoneClusterImpl-1c1210bb-655e-47e6-ae7e-d700eb333cd1/datanode-6/data/ratis/7881014f-b79d-4411-b353-10c8c11c13c0 for RaftStorage:Storage Directory /tmp/workdir/hadoop-ozone/integration-test/target/test-dir/MiniOzoneClusterImpl-1c1210bb-655e-47e6-ae7e-d700eb333cd1/datanode-6/data/ratis/7881014f-b79d-4411-b353-10c8c11c13c0
2019-07-14 01:11:22,122 INFO  server.RaftServerConfigKeys (ConfUtils.java:logGet(43)) - raft.server.log.queue.byte-limit = 2147483647 (custom)
2019-07-14 01:11:22,122 INFO  server.RaftServerConfigKeys (ConfUtils.java:logGet(43)) - raft.server.log.queue.element-limit = 1024 (custom)
2019-07-14 01:11:22,123 INFO  server.RaftServerConfigKeys (ConfUtils.java:logGet(43)) - raft.server.log.segment.size.max = 1048576 (custom)
2019-07-14 01:11:22,123 INFO  server.RaftServerConfigKeys (ConfUtils.java:logGet(43)) - raft.server.log.preallocated.size = 16384 (custom)
2019-07-14 01:11:22,123 INFO  server.RaftServerConfigKeys (ConfUtils.java:logGet(43)) - raft.server.log.write.buffer.size = 33554432 (custom)
2019-07-14 01:11:22,123 INFO  server.RaftServerConfigKeys (ConfUtils.java:logGet(43)) - raft.server.log.force.sync.num = 128 (default)
2019-07-14 01:11:22,123 INFO  server.RaftServerConfigKeys (ConfUtils.java:logGet(43)) - raft.server.log.statemachine.data.sync = true (default)
2019-07-14 01:11:22,123 INFO  server.RaftServerConfigKeys (ConfUtils.java:logGet(43)) - raft.server.log.statemachine.data.sync.timeout = 10s (default)
2019-07-14 01:11:22,124 INFO  server.RaftServerConfigKeys (ConfUtils.java:logGet(43)) - raft.server.log.statemachine.data.sync.timeout.retry = -1 (default)
2019-07-14 01:11:22,124 INFO  server.RaftServerConfigKeys (ConfUtils.java:logGet(43)) - raft.server.log.statemachine.data.caching.enabled = true (custom)
2019-07-14 01:11:22,124 INFO  segmented.SegmentedRaftLogWorker (SegmentedRaftLogWorker.java:lambda$new$0(132)) - bba62e65-e9a2-4912-816e-f3fe765dbdec-SegmentedRaftLogWorker:Storage Directory /tmp/workdir/hadoop-ozone/integration-test/target/test-dir/MiniOzoneClusterImpl-1c1210bb-655e-47e6-ae7e-d700eb333cd1/datanode-6/data/ratis/7881014f-b79d-4411-b353-10c8c11c13c0: flushIndex: setUnconditionally 0 -> -1
2019-07-14 01:11:22,125 INFO  server.RaftServerConfigKeys (ConfUtils.java:logGet(43)) - raft.server.snapshot.auto.trigger.enabled = true (custom)
2019-07-14 01:11:22,125 INFO  server.RaftServerConfigKeys (ConfUtils.java:logGet(43)) - raft.server.snapshot.auto.trigger.threshold = 10000 (custom)
2019-07-14 01:11:22,125 INFO  server.RaftServerConfigKeys (ConfUtils.java:logGet(43)) - raft.server.retrycache.expirytime = 600000ms (custom)
2019-07-14 01:11:22,125 INFO  impl.RaftServerImpl (RaftServerImpl.java:start(180)) - bba62e65-e9a2-4912-816e-f3fe765dbdec: start group-10C8C11C13C0
2019-07-14 01:11:22,125 INFO  impl.RaftServerImpl (RaftServerImpl.java:setRole(171)) - bba62e65-e9a2-4912-816e-f3fe765dbdec:group-10C8C11C13C0 changes role from null to FOLLOWER at term 0 for startAsFollower
2019-07-14 01:11:22,125 INFO  impl.RoleInfo (RoleInfo.java:updateAndGet(143)) - bba62e65-e9a2-4912-816e-f3fe765dbdec: start FollowerState
2019-07-14 01:11:22,126 INFO  util.JmxRegister (JmxRegister.java:tryRegister(44)) - Successfully registered JMX Bean with object name Ratis:service=RaftServer,group=group-10C8C11C13C0,id=bba62e65-e9a2-4912-816e-f3fe765dbdec
2019-07-14 01:11:22,131 INFO  pipeline.PipelineStateManager (PipelineStateManager.java:addPipeline(56)) - Created pipeline Pipeline[ Id: 7881014f-b79d-4411-b353-10c8c11c13c0, Nodes: bba62e65-e9a2-4912-816e-f3fe765dbdec{ip: 192.168.157.230, host: trunk-nightly-sxkq5-3320257302, networkLocation: /default-rack, certSerialId: null}, Type:RATIS, Factor:ONE, State:OPEN]
2019-07-14 01:11:23,070 INFO  ozone.MiniOzoneClusterImpl (MiniOzoneClusterImpl.java:lambda$waitForClusterToBeReady$0(142)) - Cluster is ready. Got 7 of 7 DN Heartbeats.
2019-07-14 01:11:23,135 INFO  rpc.RpcClient (RpcClient.java:createVolume(287)) - Creating Volume: testblockoutputstream, with jenkins1000 as owner.
2019-07-14 01:11:23,152 INFO  rpc.RpcClient (RpcClient.java:createBucket(424)) - Creating Bucket: testblockoutputstream/testblockoutputstream, with Versioning false and Storage Type set to DISK and Encryption set to false 
2019-07-14 01:11:23,183 INFO  client.GrpcClientProtocolClient (GrpcClientProtocolClient.java:onNext(255)) - client-2479473246C7->414e4ec8-a841-4210-9e5f-ee36acc3bf1c: receive RaftClientReply:client-2479473246C7->414e4ec8-a841-4210-9e5f-ee36acc3bf1c@group-A56CEB851C8E, cid=221, FAILED org.apache.ratis.protocol.NotLeaderException: Server 414e4ec8-a841-4210-9e5f-ee36acc3bf1c is not the leader (null). Request must be sent to leader., logIndex=0, commits[414e4ec8-a841-4210-9e5f-ee36acc3bf1c:c-1]
2019-07-14 01:11:24,070 INFO  container.ReplicationManager (ReplicationManager.java:start(155)) - Starting Replication Monitor Thread.
2019-07-14 01:11:24,075 INFO  container.ReplicationManager (ReplicationManager.java:run(207)) - Replication Monitor Thread took 0 milliseconds for processing 1 containers.
2019-07-14 01:11:24,201 INFO  client.GrpcClientProtocolClient (GrpcClientProtocolClient.java:onNext(255)) - client-2479473246C7->1043547d-a86b-4fba-8d83-7bfd4e36771d: receive RaftClientReply:client-2479473246C7->1043547d-a86b-4fba-8d83-7bfd4e36771d@group-A56CEB851C8E, cid=221, FAILED org.apache.ratis.protocol.NotLeaderException: Server 1043547d-a86b-4fba-8d83-7bfd4e36771d is not the leader (null). Request must be sent to leader., logIndex=0, commits[1043547d-a86b-4fba-8d83-7bfd4e36771d:c-1]
2019-07-14 01:11:25,214 INFO  client.GrpcClientProtocolClient (GrpcClientProtocolClient.java:onNext(255)) - client-2479473246C7->414e4ec8-a841-4210-9e5f-ee36acc3bf1c: receive RaftClientReply:client-2479473246C7->414e4ec8-a841-4210-9e5f-ee36acc3bf1c@group-A56CEB851C8E, cid=221, FAILED org.apache.ratis.protocol.NotLeaderException: Server 414e4ec8-a841-4210-9e5f-ee36acc3bf1c is not the leader (null). Request must be sent to leader., logIndex=0, commits[414e4ec8-a841-4210-9e5f-ee36acc3bf1c:c-1]
2019-07-14 01:11:26,229 INFO  client.GrpcClientProtocolClient (GrpcClientProtocolClient.java:onNext(255)) - client-2479473246C7->4a10d95a-fc32-43ca-baec-962b33441fc8: receive RaftClientReply:client-2479473246C7->4a10d95a-fc32-43ca-baec-962b33441fc8@group-A56CEB851C8E, cid=221, FAILED org.apache.ratis.protocol.NotLeaderException: Server 4a10d95a-fc32-43ca-baec-962b33441fc8 is not the leader (null). Request must be sent to leader., logIndex=0, commits[4a10d95a-fc32-43ca-baec-962b33441fc8:c-1]
2019-07-14 01:11:26,339 INFO  impl.FollowerState (FollowerState.java:run(106)) - 414e4ec8-a841-4210-9e5f-ee36acc3bf1c:group-5E0BCBDB9655 changes to CANDIDATE, lastRpcTime:5008, electionTimeout:5008ms
2019-07-14 01:11:26,339 INFO  impl.RoleInfo (RoleInfo.java:shutdownFollowerState(121)) - 414e4ec8-a841-4210-9e5f-ee36acc3bf1c: shutdown FollowerState
2019-07-14 01:11:26,339 INFO  impl.RaftServerImpl (RaftServerImpl.java:setRole(171)) - 414e4ec8-a841-4210-9e5f-ee36acc3bf1c:group-5E0BCBDB9655 changes role from FOLLOWER to CANDIDATE at term 0 for changeToCandidate
2019-07-14 01:11:26,339 INFO  impl.RoleInfo (RoleInfo.java:updateAndGet(143)) - 414e4ec8-a841-4210-9e5f-ee36acc3bf1c: start LeaderElection
2019-07-14 01:11:26,364 INFO  impl.LeaderElection (LeaderElection.java:askForVotes(181)) - 414e4ec8-a841-4210-9e5f-ee36acc3bf1c:group-5E0BCBDB9655:LeaderElection80: begin an election at term 1 for -1: [414e4ec8-a841-4210-9e5f-ee36acc3bf1c:192.168.157.230:46777], old=null
2019-07-14 01:11:26,364 INFO  impl.FollowerState (FollowerState.java:run(106)) - 4a10d95a-fc32-43ca-baec-962b33441fc8:group-83AEB8A56F81 changes to CANDIDATE, lastRpcTime:5077, electionTimeout:5077ms
2019-07-14 01:11:26,364 INFO  impl.RoleInfo (RoleInfo.java:shutdownFollowerState(121)) - 4a10d95a-fc32-43ca-baec-962b33441fc8: shutdown FollowerState
2019-07-14 01:11:26,364 INFO  impl.RoleInfo (RoleInfo.java:shutdownLeaderElection(134)) - 414e4ec8-a841-4210-9e5f-ee36acc3bf1c: shutdown LeaderElection
2019-07-14 01:11:26,364 INFO  impl.RaftServerImpl (RaftServerImpl.java:setRole(171)) - 4a10d95a-fc32-43ca-baec-962b33441fc8:group-83AEB8A56F81 changes role from FOLLOWER to CANDIDATE at term 0 for changeToCandidate
2019-07-14 01:11:26,364 INFO  impl.RaftServerImpl (RaftServerImpl.java:setRole(171)) - 414e4ec8-a841-4210-9e5f-ee36acc3bf1c:group-5E0BCBDB9655 changes role from CANDIDATE to LEADER at term 1 for changeToLeader
2019-07-14 01:11:26,364 INFO  impl.RoleInfo (RoleInfo.java:updateAndGet(143)) - 4a10d95a-fc32-43ca-baec-962b33441fc8: start LeaderElection
2019-07-14 01:11:26,364 INFO  impl.RaftServerImpl (ServerState.java:setLeader(263)) - 414e4ec8-a841-4210-9e5f-ee36acc3bf1c:group-5E0BCBDB9655 change Leader from null to 414e4ec8-a841-4210-9e5f-ee36acc3bf1c at term 1 for becomeLeader, leader elected after 5037ms
2019-07-14 01:11:26,370 INFO  server.RaftServerConfigKeys (ConfUtils.java:logGet(43)) - raft.server.staging.catchup.gap = 1000 (default)
2019-07-14 01:11:26,376 INFO  server.RaftServerConfigKeys (ConfUtils.java:logGet(43)) - raft.server.rpc.sleep.time = 25ms (default)
2019-07-14 01:11:26,376 INFO  server.RaftServerConfigKeys (ConfUtils.java:logGet(43)) - raft.server.write.element-limit = 4096 (default)
2019-07-14 01:11:26,376 INFO  server.RaftServerConfigKeys (ConfUtils.java:logGet(43)) - raft.server.watch.timeout = 10s (default)
2019-07-14 01:11:26,376 INFO  server.RaftServerConfigKeys (ConfUtils.java:logGet(43)) - raft.server.watch.timeout.denomination = 1s (default)
2019-07-14 01:11:26,376 INFO  server.RaftServerConfigKeys (ConfUtils.java:logGet(43)) - raft.server.watch.element-limit = 65536 (default)
2019-07-14 01:11:26,377 INFO  impl.RoleInfo (RoleInfo.java:updateAndGet(143)) - 414e4ec8-a841-4210-9e5f-ee36acc3bf1c: start LeaderState
2019-07-14 01:11:26,377 INFO  segmented.SegmentedRaftLogWorker (SegmentedRaftLogWorker.java:startLogSegment(380)) - 414e4ec8-a841-4210-9e5f-ee36acc3bf1c-SegmentedRaftLogWorker:Storage Directory /tmp/workdir/hadoop-ozone/integration-test/target/test-dir/MiniOzoneClusterImpl-1c1210bb-655e-47e6-ae7e-d700eb333cd1/datanode-1/data/ratis/88a38524-b182-4304-bd70-5e0bcbdb9655: Starting segment from index:0
2019-07-14 01:11:26,378 INFO  impl.RaftServerImpl (ServerState.java:setRaftConf(361)) - 414e4ec8-a841-4210-9e5f-ee36acc3bf1c:group-5E0BCBDB9655 set configuration 0: [414e4ec8-a841-4210-9e5f-ee36acc3bf1c:192.168.157.230:46777], old=null at 0
2019-07-14 01:11:26,390 INFO  impl.LeaderElection (LeaderElection.java:askForVotes(181)) - 4a10d95a-fc32-43ca-baec-962b33441fc8:group-83AEB8A56F81:LeaderElection81: begin an election at term 1 for -1: [4a10d95a-fc32-43ca-baec-962b33441fc8:192.168.157.230:34084], old=null
2019-07-14 01:11:26,390 INFO  impl.RoleInfo (RoleInfo.java:shutdownLeaderElection(134)) - 4a10d95a-fc32-43ca-baec-962b33441fc8: shutdown LeaderElection
2019-07-14 01:11:26,390 INFO  impl.RaftServerImpl (RaftServerImpl.java:setRole(171)) - 4a10d95a-fc32-43ca-baec-962b33441fc8:group-83AEB8A56F81 changes role from CANDIDATE to LEADER at term 1 for changeToLeader
2019-07-14 01:11:26,390 INFO  impl.RaftServerImpl (ServerState.java:setLeader(263)) - 4a10d95a-fc32-43ca-baec-962b33441fc8:group-83AEB8A56F81 change Leader from null to 4a10d95a-fc32-43ca-baec-962b33441fc8 at term 1 for becomeLeader, leader elected after 5108ms
2019-07-14 01:11:26,399 INFO  server.RaftServerConfigKeys (ConfUtils.java:logGet(43)) - raft.server.staging.catchup.gap = 1000 (default)
2019-07-14 01:11:26,399 INFO  server.RaftServerConfigKeys (ConfUtils.java:logGet(43)) - raft.server.rpc.sleep.time = 25ms (default)
2019-07-14 01:11:26,400 INFO  server.RaftServerConfigKeys (ConfUtils.java:logGet(43)) - raft.server.write.element-limit = 4096 (default)
2019-07-14 01:11:26,400 INFO  server.RaftServerConfigKeys (ConfUtils.java:logGet(43)) - raft.server.watch.timeout = 10s (default)
2019-07-14 01:11:26,400 INFO  server.RaftServerConfigKeys (ConfUtils.java:logGet(43)) - raft.server.watch.timeout.denomination = 1s (default)
2019-07-14 01:11:26,400 INFO  server.RaftServerConfigKeys (ConfUtils.java:logGet(43)) - raft.server.watch.element-limit = 65536 (default)
2019-07-14 01:11:26,400 INFO  impl.RoleInfo (RoleInfo.java:updateAndGet(143)) - 4a10d95a-fc32-43ca-baec-962b33441fc8: start LeaderState
2019-07-14 01:11:26,401 INFO  segmented.SegmentedRaftLogWorker (SegmentedRaftLogWorker.java:startLogSegment(380)) - 4a10d95a-fc32-43ca-baec-962b33441fc8-SegmentedRaftLogWorker:Storage Directory /tmp/workdir/hadoop-ozone/integration-test/target/test-dir/MiniOzoneClusterImpl-1c1210bb-655e-47e6-ae7e-d700eb333cd1/datanode-0/data/ratis/984d8650-7ed0-49a1-a243-83aeb8a56f81: Starting segment from index:0
2019-07-14 01:11:26,401 INFO  impl.RaftServerImpl (ServerState.java:setRaftConf(361)) - 4a10d95a-fc32-43ca-baec-962b33441fc8:group-83AEB8A56F81 set configuration 0: [4a10d95a-fc32-43ca-baec-962b33441fc8:192.168.157.230:34084], old=null at 0
2019-07-14 01:11:26,412 INFO  segmented.SegmentedRaftLogWorker (SegmentedRaftLogWorker.java:execute(569)) - 414e4ec8-a841-4210-9e5f-ee36acc3bf1c-SegmentedRaftLogWorker:Storage Directory /tmp/workdir/hadoop-ozone/integration-test/target/test-dir/MiniOzoneClusterImpl-1c1210bb-655e-47e6-ae7e-d700eb333cd1/datanode-1/data/ratis/88a38524-b182-4304-bd70-5e0bcbdb9655: created new log segment /tmp/workdir/hadoop-ozone/integration-test/target/test-dir/MiniOzoneClusterImpl-1c1210bb-655e-47e6-ae7e-d700eb333cd1/datanode-1/data/ratis/88a38524-b182-4304-bd70-5e0bcbdb9655/current/log_inprogress_0
2019-07-14 01:11:26,425 INFO  segmented.SegmentedRaftLogWorker (SegmentedRaftLogWorker.java:execute(569)) - 4a10d95a-fc32-43ca-baec-962b33441fc8-SegmentedRaftLogWorker:Storage Directory /tmp/workdir/hadoop-ozone/integration-test/target/test-dir/MiniOzoneClusterImpl-1c1210bb-655e-47e6-ae7e-d700eb333cd1/datanode-0/data/ratis/984d8650-7ed0-49a1-a243-83aeb8a56f81: created new log segment /tmp/workdir/hadoop-ozone/integration-test/target/test-dir/MiniOzoneClusterImpl-1c1210bb-655e-47e6-ae7e-d700eb333cd1/datanode-0/data/ratis/984d8650-7ed0-49a1-a243-83aeb8a56f81/current/log_inprogress_0
2019-07-14 01:11:26,519 INFO  impl.FollowerState (FollowerState.java:run(106)) - 1043547d-a86b-4fba-8d83-7bfd4e36771d:group-669011767C27 changes to CANDIDATE, lastRpcTime:5085, electionTimeout:5085ms
2019-07-14 01:11:26,519 INFO  impl.RoleInfo (RoleInfo.java:shutdownFollowerState(121)) - 1043547d-a86b-4fba-8d83-7bfd4e36771d: shutdown FollowerState
2019-07-14 01:11:26,519 INFO  impl.RaftServerImpl (RaftServerImpl.java:setRole(171)) - 1043547d-a86b-4fba-8d83-7bfd4e36771d:group-669011767C27 changes role from FOLLOWER to CANDIDATE at term 0 for changeToCandidate
2019-07-14 01:11:26,519 INFO  impl.RoleInfo (RoleInfo.java:updateAndGet(143)) - 1043547d-a86b-4fba-8d83-7bfd4e36771d: start LeaderElection
2019-07-14 01:11:26,560 INFO  impl.LeaderElection (LeaderElection.java:askForVotes(181)) - 1043547d-a86b-4fba-8d83-7bfd4e36771d:group-669011767C27:LeaderElection82: begin an election at term 1 for -1: [1043547d-a86b-4fba-8d83-7bfd4e36771d:192.168.157.230:39139], old=null
2019-07-14 01:11:26,560 INFO  impl.RoleInfo (RoleInfo.java:shutdownLeaderElection(134)) - 1043547d-a86b-4fba-8d83-7bfd4e36771d: shutdown LeaderElection
2019-07-14 01:11:26,560 INFO  impl.RaftServerImpl (RaftServerImpl.java:setRole(171)) - 1043547d-a86b-4fba-8d83-7bfd4e36771d:group-669011767C27 changes role from CANDIDATE to LEADER at term 1 for changeToLeader
2019-07-14 01:11:26,560 INFO  impl.RaftServerImpl (ServerState.java:setLeader(263)) - 1043547d-a86b-4fba-8d83-7bfd4e36771d:group-669011767C27 change Leader from null to 1043547d-a86b-4fba-8d83-7bfd4e36771d at term 1 for becomeLeader, leader elected after 5131ms
2019-07-14 01:11:26,563 INFO  server.RaftServerConfigKeys (ConfUtils.java:logGet(43)) - raft.server.staging.catchup.gap = 1000 (default)
2019-07-14 01:11:26,563 INFO  server.RaftServerConfigKeys (ConfUtils.java:logGet(43)) - raft.server.rpc.sleep.time = 25ms (default)
2019-07-14 01:11:26,563 INFO  server.RaftServerConfigKeys (ConfUtils.java:logGet(43)) - raft.server.write.element-limit = 4096 (default)
2019-07-14 01:11:26,563 INFO  server.RaftServerConfigKeys (ConfUtils.java:logGet(43)) - raft.server.watch.timeout = 10s (default)
2019-07-14 01:11:26,564 INFO  server.RaftServerConfigKeys (ConfUtils.java:logGet(43)) - raft.server.watch.timeout.denomination = 1s (default)
2019-07-14 01:11:26,564 INFO  server.RaftServerConfigKeys (ConfUtils.java:logGet(43)) - raft.server.watch.element-limit = 65536 (default)
2019-07-14 01:11:26,564 INFO  impl.RoleInfo (RoleInfo.java:updateAndGet(143)) - 1043547d-a86b-4fba-8d83-7bfd4e36771d: start LeaderState
2019-07-14 01:11:26,564 INFO  segmented.SegmentedRaftLogWorker (SegmentedRaftLogWorker.java:startLogSegment(380)) - 1043547d-a86b-4fba-8d83-7bfd4e36771d-SegmentedRaftLogWorker:Storage Directory /tmp/workdir/hadoop-ozone/integration-test/target/test-dir/MiniOzoneClusterImpl-1c1210bb-655e-47e6-ae7e-d700eb333cd1/datanode-2/data/ratis/9c82c248-a03e-409b-aa08-669011767c27: Starting segment from index:0
2019-07-14 01:11:26,565 INFO  impl.RaftServerImpl (ServerState.java:setRaftConf(361)) - 1043547d-a86b-4fba-8d83-7bfd4e36771d:group-669011767C27 set configuration 0: [1043547d-a86b-4fba-8d83-7bfd4e36771d:192.168.157.230:39139], old=null at 0
2019-07-14 01:11:26,596 INFO  segmented.SegmentedRaftLogWorker (SegmentedRaftLogWorker.java:execute(569)) - 1043547d-a86b-4fba-8d83-7bfd4e36771d-SegmentedRaftLogWorker:Storage Directory /tmp/workdir/hadoop-ozone/integration-test/target/test-dir/MiniOzoneClusterImpl-1c1210bb-655e-47e6-ae7e-d700eb333cd1/datanode-2/data/ratis/9c82c248-a03e-409b-aa08-669011767c27: created new log segment /tmp/workdir/hadoop-ozone/integration-test/target/test-dir/MiniOzoneClusterImpl-1c1210bb-655e-47e6-ae7e-d700eb333cd1/datanode-2/data/ratis/9c82c248-a03e-409b-aa08-669011767c27/current/log_inprogress_0
2019-07-14 01:11:26,603 INFO  impl.FollowerState (FollowerState.java:run(106)) - 4a10d95a-fc32-43ca-baec-962b33441fc8:group-A56CEB851C8E changes to CANDIDATE, lastRpcTime:5102, electionTimeout:5102ms
2019-07-14 01:11:26,603 INFO  impl.RoleInfo (RoleInfo.java:shutdownFollowerState(121)) - 4a10d95a-fc32-43ca-baec-962b33441fc8: shutdown FollowerState
2019-07-14 01:11:26,603 INFO  impl.RaftServerImpl (RaftServerImpl.java:setRole(171)) - 4a10d95a-fc32-43ca-baec-962b33441fc8:group-A56CEB851C8E changes role from FOLLOWER to CANDIDATE at term 0 for changeToCandidate
2019-07-14 01:11:26,603 INFO  impl.RoleInfo (RoleInfo.java:updateAndGet(143)) - 4a10d95a-fc32-43ca-baec-962b33441fc8: start LeaderElection
2019-07-14 01:11:26,623 INFO  impl.LeaderElection (LeaderElection.java:askForVotes(181)) - 4a10d95a-fc32-43ca-baec-962b33441fc8:group-A56CEB851C8E:LeaderElection83: begin an election at term 1 for -1: [414e4ec8-a841-4210-9e5f-ee36acc3bf1c:192.168.157.230:46777, 4a10d95a-fc32-43ca-baec-962b33441fc8:192.168.157.230:34084, 1043547d-a86b-4fba-8d83-7bfd4e36771d:192.168.157.230:39139], old=null
2019-07-14 01:11:26,631 INFO  impl.RaftServerImpl (RaftServerImpl.java:setRole(171)) - 414e4ec8-a841-4210-9e5f-ee36acc3bf1c:group-A56CEB851C8E changes role from FOLLOWER to FOLLOWER at term 1 for recognizeCandidate:4a10d95a-fc32-43ca-baec-962b33441fc8
2019-07-14 01:11:26,631 INFO  impl.RaftServerImpl (RaftServerImpl.java:setRole(171)) - 1043547d-a86b-4fba-8d83-7bfd4e36771d:group-A56CEB851C8E changes role from FOLLOWER to FOLLOWER at term 1 for recognizeCandidate:4a10d95a-fc32-43ca-baec-962b33441fc8
2019-07-14 01:11:26,631 INFO  impl.RoleInfo (RoleInfo.java:shutdownFollowerState(121)) - 414e4ec8-a841-4210-9e5f-ee36acc3bf1c: shutdown FollowerState
2019-07-14 01:11:26,632 INFO  impl.RoleInfo (RoleInfo.java:shutdownFollowerState(121)) - 1043547d-a86b-4fba-8d83-7bfd4e36771d: shutdown FollowerState
2019-07-14 01:11:26,632 INFO  impl.FollowerState (FollowerState.java:run(114)) - 414e4ec8-a841-4210-9e5f-ee36acc3bf1c: FollowerState was interrupted: java.lang.InterruptedException: sleep interrupted
2019-07-14 01:11:26,633 INFO  impl.FollowerState (FollowerState.java:run(114)) - 1043547d-a86b-4fba-8d83-7bfd4e36771d: FollowerState was interrupted: java.lang.InterruptedException: sleep interrupted
2019-07-14 01:11:26,632 INFO  impl.RoleInfo (RoleInfo.java:updateAndGet(143)) - 414e4ec8-a841-4210-9e5f-ee36acc3bf1c: start FollowerState
2019-07-14 01:11:26,633 INFO  impl.RoleInfo (RoleInfo.java:updateAndGet(143)) - 1043547d-a86b-4fba-8d83-7bfd4e36771d: start FollowerState
2019-07-14 01:11:26,659 INFO  impl.LeaderElection (LeaderElection.java:logAndReturn(56)) - 4a10d95a-fc32-43ca-baec-962b33441fc8:group-A56CEB851C8E:LeaderElection83: Election PASSED; received 1 response(s) [4a10d95a-fc32-43ca-baec-962b33441fc8<-1043547d-a86b-4fba-8d83-7bfd4e36771d#0:OK-t1] and 0 exception(s); 4a10d95a-fc32-43ca-baec-962b33441fc8:t1, leader=null, voted=4a10d95a-fc32-43ca-baec-962b33441fc8, raftlog=4a10d95a-fc32-43ca-baec-962b33441fc8-SegmentedRaftLog:OPENED:c-1,f-1,i0, conf=-1: [414e4ec8-a841-4210-9e5f-ee36acc3bf1c:192.168.157.230:46777, 4a10d95a-fc32-43ca-baec-962b33441fc8:192.168.157.230:34084, 1043547d-a86b-4fba-8d83-7bfd4e36771d:192.168.157.230:39139], old=null
2019-07-14 01:11:26,659 INFO  impl.RoleInfo (RoleInfo.java:shutdownLeaderElection(134)) - 4a10d95a-fc32-43ca-baec-962b33441fc8: shutdown LeaderElection
2019-07-14 01:11:26,660 INFO  impl.RaftServerImpl (RaftServerImpl.java:setRole(171)) - 4a10d95a-fc32-43ca-baec-962b33441fc8:group-A56CEB851C8E changes role from CANDIDATE to LEADER at term 1 for changeToLeader
2019-07-14 01:11:26,660 INFO  impl.RaftServerImpl (ServerState.java:setLeader(263)) - 4a10d95a-fc32-43ca-baec-962b33441fc8:group-A56CEB851C8E change Leader from null to 4a10d95a-fc32-43ca-baec-962b33441fc8 at term 1 for becomeLeader, leader elected after 5172ms
2019-07-14 01:11:26,660 INFO  server.RaftServerConfigKeys (ConfUtils.java:logGet(43)) - raft.server.staging.catchup.gap = 1000 (default)
2019-07-14 01:11:26,660 INFO  server.RaftServerConfigKeys (ConfUtils.java:logGet(43)) - raft.server.rpc.sleep.time = 25ms (default)
2019-07-14 01:11:26,660 INFO  server.RaftServerConfigKeys (ConfUtils.java:logGet(43)) - raft.server.write.element-limit = 4096 (default)
2019-07-14 01:11:26,660 INFO  server.RaftServerConfigKeys (ConfUtils.java:logGet(43)) - raft.server.watch.timeout = 10s (default)
2019-07-14 01:11:26,661 INFO  server.RaftServerConfigKeys (ConfUtils.java:logGet(43)) - raft.server.watch.timeout.denomination = 1s (default)
2019-07-14 01:11:26,661 INFO  server.RaftServerConfigKeys (ConfUtils.java:logGet(43)) - raft.server.watch.element-limit = 65536 (default)
2019-07-14 01:11:26,661 INFO  server.RaftServerConfigKeys (ConfUtils.java:logGet(43)) - raft.server.log.appender.snapshot.chunk.size.max = 16MB (=16777216) (default)
2019-07-14 01:11:26,661 INFO  server.RaftServerConfigKeys (ConfUtils.java:logGet(43)) - raft.server.log.appender.buffer.byte-limit = 33554432 (custom)
2019-07-14 01:11:26,662 INFO  server.RaftServerConfigKeys (ConfUtils.java:logGet(43)) - raft.server.log.appender.buffer.element-limit = 1 (custom)
2019-07-14 01:11:26,662 INFO  grpc.GrpcConfigKeys$Server (ConfUtils.java:logGet(43)) - raft.grpc.server.leader.outstanding.appends.max = 128 (default)
2019-07-14 01:11:26,662 INFO  server.RaftServerConfigKeys (ConfUtils.java:logGet(43)) - raft.server.rpc.request.timeout = 3000ms (default)
2019-07-14 01:11:26,662 INFO  server.RaftServerConfigKeys (ConfUtils.java:logGet(43)) - raft.server.log.appender.install.snapshot.enabled = false (custom)
2019-07-14 01:11:26,663 INFO  server.RaftServerConfigKeys (ConfUtils.java:logGet(43)) - raft.server.log.appender.snapshot.chunk.size.max = 16MB (=16777216) (default)
2019-07-14 01:11:26,663 INFO  server.RaftServerConfigKeys (ConfUtils.java:logGet(43)) - raft.server.log.appender.buffer.byte-limit = 33554432 (custom)
2019-07-14 01:11:26,663 INFO  server.RaftServerConfigKeys (ConfUtils.java:logGet(43)) - raft.server.log.appender.buffer.element-limit = 1 (custom)
2019-07-14 01:11:26,663 INFO  grpc.GrpcConfigKeys$Server (ConfUtils.java:logGet(43)) - raft.grpc.server.leader.outstanding.appends.max = 128 (default)
2019-07-14 01:11:26,663 INFO  server.RaftServerConfigKeys (ConfUtils.java:logGet(43)) - raft.server.rpc.request.timeout = 3000ms (default)
2019-07-14 01:11:26,663 INFO  server.RaftServerConfigKeys (ConfUtils.java:logGet(43)) - raft.server.log.appender.install.snapshot.enabled = false (custom)
2019-07-14 01:11:26,664 INFO  impl.RoleInfo (RoleInfo.java:updateAndGet(143)) - 4a10d95a-fc32-43ca-baec-962b33441fc8: start LeaderState
2019-07-14 01:11:26,664 INFO  segmented.SegmentedRaftLogWorker (SegmentedRaftLogWorker.java:startLogSegment(380)) - 4a10d95a-fc32-43ca-baec-962b33441fc8-SegmentedRaftLogWorker:Storage Directory /tmp/workdir/hadoop-ozone/integration-test/target/test-dir/MiniOzoneClusterImpl-1c1210bb-655e-47e6-ae7e-d700eb333cd1/datanode-0/data/ratis/fc2d561d-c10b-43fa-a6f2-a56ceb851c8e: Starting segment from index:0
2019-07-14 01:11:26,665 INFO  impl.RaftServerImpl (ServerState.java:setRaftConf(361)) - 4a10d95a-fc32-43ca-baec-962b33441fc8:group-A56CEB851C8E set configuration 0: [414e4ec8-a841-4210-9e5f-ee36acc3bf1c:192.168.157.230:46777, 4a10d95a-fc32-43ca-baec-962b33441fc8:192.168.157.230:34084, 1043547d-a86b-4fba-8d83-7bfd4e36771d:192.168.157.230:39139], old=null at 0
2019-07-14 01:11:26,688 INFO  impl.RaftServerImpl (ServerState.java:setLeader(263)) - 1043547d-a86b-4fba-8d83-7bfd4e36771d:group-A56CEB851C8E change Leader from null to 4a10d95a-fc32-43ca-baec-962b33441fc8 at term 1 for appendEntries, leader elected after 5200ms
2019-07-14 01:11:26,688 INFO  impl.RaftServerImpl (ServerState.java:setLeader(263)) - 414e4ec8-a841-4210-9e5f-ee36acc3bf1c:group-A56CEB851C8E change Leader from null to 4a10d95a-fc32-43ca-baec-962b33441fc8 at term 1 for appendEntries, leader elected after 5201ms
2019-07-14 01:11:26,691 INFO  impl.RaftServerImpl (ServerState.java:setRaftConf(361)) - 1043547d-a86b-4fba-8d83-7bfd4e36771d:group-A56CEB851C8E set configuration 0: [414e4ec8-a841-4210-9e5f-ee36acc3bf1c:192.168.157.230:46777, 4a10d95a-fc32-43ca-baec-962b33441fc8:192.168.157.230:34084, 1043547d-a86b-4fba-8d83-7bfd4e36771d:192.168.157.230:39139], old=null at 0
2019-07-14 01:11:26,691 INFO  impl.RaftServerImpl (ServerState.java:setRaftConf(361)) - 414e4ec8-a841-4210-9e5f-ee36acc3bf1c:group-A56CEB851C8E set configuration 0: [414e4ec8-a841-4210-9e5f-ee36acc3bf1c:192.168.157.230:46777, 4a10d95a-fc32-43ca-baec-962b33441fc8:192.168.157.230:34084, 1043547d-a86b-4fba-8d83-7bfd4e36771d:192.168.157.230:39139], old=null at 0
2019-07-14 01:11:26,692 INFO  segmented.SegmentedRaftLogWorker (SegmentedRaftLogWorker.java:startLogSegment(380)) - 1043547d-a86b-4fba-8d83-7bfd4e36771d-SegmentedRaftLogWorker:Storage Directory /tmp/workdir/hadoop-ozone/integration-test/target/test-dir/MiniOzoneClusterImpl-1c1210bb-655e-47e6-ae7e-d700eb333cd1/datanode-2/data/ratis/fc2d561d-c10b-43fa-a6f2-a56ceb851c8e: Starting segment from index:0
2019-07-14 01:11:26,692 INFO  segmented.SegmentedRaftLogWorker (SegmentedRaftLogWorker.java:startLogSegment(380)) - 414e4ec8-a841-4210-9e5f-ee36acc3bf1c-SegmentedRaftLogWorker:Storage Directory /tmp/workdir/hadoop-ozone/integration-test/target/test-dir/MiniOzoneClusterImpl-1c1210bb-655e-47e6-ae7e-d700eb333cd1/datanode-1/data/ratis/fc2d561d-c10b-43fa-a6f2-a56ceb851c8e: Starting segment from index:0
2019-07-14 01:11:26,701 INFO  segmented.SegmentedRaftLogWorker (SegmentedRaftLogWorker.java:execute(569)) - 4a10d95a-fc32-43ca-baec-962b33441fc8-SegmentedRaftLogWorker:Storage Directory /tmp/workdir/hadoop-ozone/integration-test/target/test-dir/MiniOzoneClusterImpl-1c1210bb-655e-47e6-ae7e-d700eb333cd1/datanode-0/data/ratis/fc2d561d-c10b-43fa-a6f2-a56ceb851c8e: created new log segment /tmp/workdir/hadoop-ozone/integration-test/target/test-dir/MiniOzoneClusterImpl-1c1210bb-655e-47e6-ae7e-d700eb333cd1/datanode-0/data/ratis/fc2d561d-c10b-43fa-a6f2-a56ceb851c8e/current/log_inprogress_0
2019-07-14 01:11:26,704 INFO  impl.FollowerState (FollowerState.java:run(106)) - 5a88bb18-a471-4f7f-9c87-6417d7d13968:group-7DE462FA327B changes to CANDIDATE, lastRpcTime:5096, electionTimeout:5096ms
2019-07-14 01:11:26,705 INFO  impl.RoleInfo (RoleInfo.java:shutdownFollowerState(121)) - 5a88bb18-a471-4f7f-9c87-6417d7d13968: shutdown FollowerState
2019-07-14 01:11:26,705 INFO  impl.RaftServerImpl (RaftServerImpl.java:setRole(171)) - 5a88bb18-a471-4f7f-9c87-6417d7d13968:group-7DE462FA327B changes role from FOLLOWER to CANDIDATE at term 0 for changeToCandidate
2019-07-14 01:11:26,705 INFO  impl.RoleInfo (RoleInfo.java:updateAndGet(143)) - 5a88bb18-a471-4f7f-9c87-6417d7d13968: start LeaderElection
2019-07-14 01:11:26,729 INFO  segmented.SegmentedRaftLogWorker (SegmentedRaftLogWorker.java:execute(569)) - 1043547d-a86b-4fba-8d83-7bfd4e36771d-SegmentedRaftLogWorker:Storage Directory /tmp/workdir/hadoop-ozone/integration-test/target/test-dir/MiniOzoneClusterImpl-1c1210bb-655e-47e6-ae7e-d700eb333cd1/datanode-2/data/ratis/fc2d561d-c10b-43fa-a6f2-a56ceb851c8e: created new log segment /tmp/workdir/hadoop-ozone/integration-test/target/test-dir/MiniOzoneClusterImpl-1c1210bb-655e-47e6-ae7e-d700eb333cd1/datanode-2/data/ratis/fc2d561d-c10b-43fa-a6f2-a56ceb851c8e/current/log_inprogress_0
2019-07-14 01:11:26,729 INFO  impl.LeaderElection (LeaderElection.java:askForVotes(181)) - 5a88bb18-a471-4f7f-9c87-6417d7d13968:group-7DE462FA327B:LeaderElection84: begin an election at term 1 for -1: [5a88bb18-a471-4f7f-9c87-6417d7d13968:192.168.157.230:43246], old=null
2019-07-14 01:11:26,729 INFO  segmented.SegmentedRaftLogWorker (SegmentedRaftLogWorker.java:execute(569)) - 414e4ec8-a841-4210-9e5f-ee36acc3bf1c-SegmentedRaftLogWorker:Storage Directory /tmp/workdir/hadoop-ozone/integration-test/target/test-dir/MiniOzoneClusterImpl-1c1210bb-655e-47e6-ae7e-d700eb333cd1/datanode-1/data/ratis/fc2d561d-c10b-43fa-a6f2-a56ceb851c8e: created new log segment /tmp/workdir/hadoop-ozone/integration-test/target/test-dir/MiniOzoneClusterImpl-1c1210bb-655e-47e6-ae7e-d700eb333cd1/datanode-1/data/ratis/fc2d561d-c10b-43fa-a6f2-a56ceb851c8e/current/log_inprogress_0
2019-07-14 01:11:26,730 INFO  impl.RoleInfo (RoleInfo.java:shutdownLeaderElection(134)) - 5a88bb18-a471-4f7f-9c87-6417d7d13968: shutdown LeaderElection
2019-07-14 01:11:26,730 INFO  impl.RaftServerImpl (RaftServerImpl.java:setRole(171)) - 5a88bb18-a471-4f7f-9c87-6417d7d13968:group-7DE462FA327B changes role from CANDIDATE to LEADER at term 1 for changeToLeader
2019-07-14 01:11:26,730 INFO  impl.RaftServerImpl (ServerState.java:setLeader(263)) - 5a88bb18-a471-4f7f-9c87-6417d7d13968:group-7DE462FA327B change Leader from null to 5a88bb18-a471-4f7f-9c87-6417d7d13968 at term 1 for becomeLeader, leader elected after 5126ms
2019-07-14 01:11:26,733 INFO  server.RaftServerConfigKeys (ConfUtils.java:logGet(43)) - raft.server.staging.catchup.gap = 1000 (default)
2019-07-14 01:11:26,733 INFO  server.RaftServerConfigKeys (ConfUtils.java:logGet(43)) - raft.server.rpc.sleep.time = 25ms (default)
2019-07-14 01:11:26,733 INFO  server.RaftServerConfigKeys (ConfUtils.java:logGet(43)) - raft.server.write.element-limit = 4096 (default)
2019-07-14 01:11:26,733 INFO  server.RaftServerConfigKeys (ConfUtils.java:logGet(43)) - raft.server.watch.timeout = 10s (default)
2019-07-14 01:11:26,733 INFO  server.RaftServerConfigKeys (ConfUtils.java:logGet(43)) - raft.server.watch.timeout.denomination = 1s (default)
2019-07-14 01:11:26,733 INFO  server.RaftServerConfigKeys (ConfUtils.java:logGet(43)) - raft.server.watch.element-limit = 65536 (default)
2019-07-14 01:11:26,734 INFO  impl.RoleInfo (RoleInfo.java:updateAndGet(143)) - 5a88bb18-a471-4f7f-9c87-6417d7d13968: start LeaderState
2019-07-14 01:11:26,734 INFO  segmented.SegmentedRaftLogWorker (SegmentedRaftLogWorker.java:startLogSegment(380)) - 5a88bb18-a471-4f7f-9c87-6417d7d13968-SegmentedRaftLogWorker:Storage Directory /tmp/workdir/hadoop-ozone/integration-test/target/test-dir/MiniOzoneClusterImpl-1c1210bb-655e-47e6-ae7e-d700eb333cd1/datanode-3/data/ratis/2659c703-7b61-42d4-9a03-7de462fa327b: Starting segment from index:0
2019-07-14 01:11:26,735 INFO  impl.RaftServerImpl (ServerState.java:setRaftConf(361)) - 5a88bb18-a471-4f7f-9c87-6417d7d13968:group-7DE462FA327B set configuration 0: [5a88bb18-a471-4f7f-9c87-6417d7d13968:192.168.157.230:43246], old=null at 0
2019-07-14 01:11:26,764 INFO  segmented.SegmentedRaftLogWorker (SegmentedRaftLogWorker.java:execute(569)) - 5a88bb18-a471-4f7f-9c87-6417d7d13968-SegmentedRaftLogWorker:Storage Directory /tmp/workdir/hadoop-ozone/integration-test/target/test-dir/MiniOzoneClusterImpl-1c1210bb-655e-47e6-ae7e-d700eb333cd1/datanode-3/data/ratis/2659c703-7b61-42d4-9a03-7de462fa327b: created new log segment /tmp/workdir/hadoop-ozone/integration-test/target/test-dir/MiniOzoneClusterImpl-1c1210bb-655e-47e6-ae7e-d700eb333cd1/datanode-3/data/ratis/2659c703-7b61-42d4-9a03-7de462fa327b/current/log_inprogress_0
2019-07-14 01:11:26,793 INFO  impl.FollowerState (FollowerState.java:run(106)) - a1b95934-5204-42ea-9e02-af5e99675e4a:group-E89906A80882 changes to CANDIDATE, lastRpcTime:5013, electionTimeout:5013ms
2019-07-14 01:11:26,793 INFO  impl.RoleInfo (RoleInfo.java:shutdownFollowerState(121)) - a1b95934-5204-42ea-9e02-af5e99675e4a: shutdown FollowerState
2019-07-14 01:11:26,793 INFO  impl.RaftServerImpl (RaftServerImpl.java:setRole(171)) - a1b95934-5204-42ea-9e02-af5e99675e4a:group-E89906A80882 changes role from FOLLOWER to CANDIDATE at term 0 for changeToCandidate
2019-07-14 01:11:26,793 INFO  impl.RoleInfo (RoleInfo.java:updateAndGet(143)) - a1b95934-5204-42ea-9e02-af5e99675e4a: start LeaderElection
2019-07-14 01:11:26,817 INFO  impl.LeaderElection (LeaderElection.java:askForVotes(181)) - a1b95934-5204-42ea-9e02-af5e99675e4a:group-E89906A80882:LeaderElection85: begin an election at term 1 for -1: [a1b95934-5204-42ea-9e02-af5e99675e4a:192.168.157.230:34198], old=null
2019-07-14 01:11:26,817 INFO  impl.RoleInfo (RoleInfo.java:shutdownLeaderElection(134)) - a1b95934-5204-42ea-9e02-af5e99675e4a: shutdown LeaderElection
2019-07-14 01:11:26,817 INFO  impl.RaftServerImpl (RaftServerImpl.java:setRole(171)) - a1b95934-5204-42ea-9e02-af5e99675e4a:group-E89906A80882 changes role from CANDIDATE to LEADER at term 1 for changeToLeader
2019-07-14 01:11:26,817 INFO  impl.RaftServerImpl (ServerState.java:setLeader(263)) - a1b95934-5204-42ea-9e02-af5e99675e4a:group-E89906A80882 change Leader from null to a1b95934-5204-42ea-9e02-af5e99675e4a at term 1 for becomeLeader, leader elected after 5042ms
2019-07-14 01:11:26,820 INFO  server.RaftServerConfigKeys (ConfUtils.java:logGet(43)) - raft.server.staging.catchup.gap = 1000 (default)
2019-07-14 01:11:26,820 INFO  server.RaftServerConfigKeys (ConfUtils.java:logGet(43)) - raft.server.rpc.sleep.time = 25ms (default)
2019-07-14 01:11:26,820 INFO  server.RaftServerConfigKeys (ConfUtils.java:logGet(43)) - raft.server.write.element-limit = 4096 (default)
2019-07-14 01:11:26,820 INFO  server.RaftServerConfigKeys (ConfUtils.java:logGet(43)) - raft.server.watch.timeout = 10s (default)
2019-07-14 01:11:26,820 INFO  server.RaftServerConfigKeys (ConfUtils.java:logGet(43)) - raft.server.watch.timeout.denomination = 1s (default)
2019-07-14 01:11:26,820 INFO  server.RaftServerConfigKeys (ConfUtils.java:logGet(43)) - raft.server.watch.element-limit = 65536 (default)
2019-07-14 01:11:26,821 INFO  impl.RoleInfo (RoleInfo.java:updateAndGet(143)) - a1b95934-5204-42ea-9e02-af5e99675e4a: start LeaderState
2019-07-14 01:11:26,821 INFO  segmented.SegmentedRaftLogWorker (SegmentedRaftLogWorker.java:startLogSegment(380)) - a1b95934-5204-42ea-9e02-af5e99675e4a-SegmentedRaftLogWorker:Storage Directory /tmp/workdir/hadoop-ozone/integration-test/target/test-dir/MiniOzoneClusterImpl-1c1210bb-655e-47e6-ae7e-d700eb333cd1/datanode-4/data/ratis/5d10df26-76db-4106-98a0-e89906a80882: Starting segment from index:0
2019-07-14 01:11:26,821 INFO  impl.RaftServerImpl (ServerState.java:setRaftConf(361)) - a1b95934-5204-42ea-9e02-af5e99675e4a:group-E89906A80882 set configuration 0: [a1b95934-5204-42ea-9e02-af5e99675e4a:192.168.157.230:34198], old=null at 0
2019-07-14 01:11:26,884 INFO  segmented.SegmentedRaftLogWorker (SegmentedRaftLogWorker.java:execute(569)) - a1b95934-5204-42ea-9e02-af5e99675e4a-SegmentedRaftLogWorker:Storage Directory /tmp/workdir/hadoop-ozone/integration-test/target/test-dir/MiniOzoneClusterImpl-1c1210bb-655e-47e6-ae7e-d700eb333cd1/datanode-4/data/ratis/5d10df26-76db-4106-98a0-e89906a80882: created new log segment /tmp/workdir/hadoop-ozone/integration-test/target/test-dir/MiniOzoneClusterImpl-1c1210bb-655e-47e6-ae7e-d700eb333cd1/datanode-4/data/ratis/5d10df26-76db-4106-98a0-e89906a80882/current/log_inprogress_0
2019-07-14 01:11:27,046 INFO  impl.FollowerState (FollowerState.java:run(106)) - a1b95934-5204-42ea-9e02-af5e99675e4a:group-8F7DF759B7BB changes to CANDIDATE, lastRpcTime:5006, electionTimeout:5006ms
2019-07-14 01:11:27,046 INFO  impl.RoleInfo (RoleInfo.java:shutdownFollowerState(121)) - a1b95934-5204-42ea-9e02-af5e99675e4a: shutdown FollowerState
2019-07-14 01:11:27,046 INFO  impl.RaftServerImpl (RaftServerImpl.java:setRole(171)) - a1b95934-5204-42ea-9e02-af5e99675e4a:group-8F7DF759B7BB changes role from FOLLOWER to CANDIDATE at term 0 for changeToCandidate
2019-07-14 01:11:27,046 INFO  impl.RoleInfo (RoleInfo.java:updateAndGet(143)) - a1b95934-5204-42ea-9e02-af5e99675e4a: start LeaderElection
2019-07-14 01:11:27,068 INFO  impl.LeaderElection (LeaderElection.java:askForVotes(181)) - a1b95934-5204-42ea-9e02-af5e99675e4a:group-8F7DF759B7BB:LeaderElection86: begin an election at term 1 for -1: [a1b95934-5204-42ea-9e02-af5e99675e4a:192.168.157.230:34198, df5639b5-8d27-41f9-bfe0-08f3354f2ffa:192.168.157.230:39715, 5a88bb18-a471-4f7f-9c87-6417d7d13968:192.168.157.230:43246], old=null
2019-07-14 01:11:27,084 INFO  impl.RaftServerImpl (RaftServerImpl.java:setRole(171)) - df5639b5-8d27-41f9-bfe0-08f3354f2ffa:group-8F7DF759B7BB changes role from FOLLOWER to FOLLOWER at term 1 for recognizeCandidate:a1b95934-5204-42ea-9e02-af5e99675e4a
2019-07-14 01:11:27,085 INFO  impl.RoleInfo (RoleInfo.java:shutdownFollowerState(121)) - df5639b5-8d27-41f9-bfe0-08f3354f2ffa: shutdown FollowerState
2019-07-14 01:11:27,084 INFO  impl.RaftServerImpl (RaftServerImpl.java:setRole(171)) - 5a88bb18-a471-4f7f-9c87-6417d7d13968:group-8F7DF759B7BB changes role from FOLLOWER to FOLLOWER at term 1 for recognizeCandidate:a1b95934-5204-42ea-9e02-af5e99675e4a
2019-07-14 01:11:27,085 INFO  impl.FollowerState (FollowerState.java:run(114)) - df5639b5-8d27-41f9-bfe0-08f3354f2ffa: FollowerState was interrupted: java.lang.InterruptedException: sleep interrupted
2019-07-14 01:11:27,085 INFO  impl.RoleInfo (RoleInfo.java:shutdownFollowerState(121)) - 5a88bb18-a471-4f7f-9c87-6417d7d13968: shutdown FollowerState
2019-07-14 01:11:27,085 INFO  impl.RoleInfo (RoleInfo.java:updateAndGet(143)) - df5639b5-8d27-41f9-bfe0-08f3354f2ffa: start FollowerState
2019-07-14 01:11:27,088 INFO  impl.RoleInfo (RoleInfo.java:updateAndGet(143)) - 5a88bb18-a471-4f7f-9c87-6417d7d13968: start FollowerState
2019-07-14 01:11:27,122 INFO  impl.LeaderElection (LeaderElection.java:logAndReturn(56)) - a1b95934-5204-42ea-9e02-af5e99675e4a:group-8F7DF759B7BB:LeaderElection86: Election PASSED; received 1 response(s) [a1b95934-5204-42ea-9e02-af5e99675e4a<-5a88bb18-a471-4f7f-9c87-6417d7d13968#0:OK-t1] and 0 exception(s); a1b95934-5204-42ea-9e02-af5e99675e4a:t1, leader=null, voted=a1b95934-5204-42ea-9e02-af5e99675e4a, raftlog=a1b95934-5204-42ea-9e02-af5e99675e4a-SegmentedRaftLog:OPENED:c-1,f-1,i0, conf=-1: [a1b95934-5204-42ea-9e02-af5e99675e4a:192.168.157.230:34198, df5639b5-8d27-41f9-bfe0-08f3354f2ffa:192.168.157.230:39715, 5a88bb18-a471-4f7f-9c87-6417d7d13968:192.168.157.230:43246], old=null
2019-07-14 01:11:27,122 INFO  impl.RoleInfo (RoleInfo.java:shutdownLeaderElection(134)) - a1b95934-5204-42ea-9e02-af5e99675e4a: shutdown LeaderElection
2019-07-14 01:11:27,122 INFO  impl.RaftServerImpl (RaftServerImpl.java:setRole(171)) - a1b95934-5204-42ea-9e02-af5e99675e4a:group-8F7DF759B7BB changes role from CANDIDATE to LEADER at term 1 for changeToLeader
2019-07-14 01:11:27,122 INFO  impl.RaftServerImpl (ServerState.java:setLeader(263)) - a1b95934-5204-42ea-9e02-af5e99675e4a:group-8F7DF759B7BB change Leader from null to a1b95934-5204-42ea-9e02-af5e99675e4a at term 1 for becomeLeader, leader elected after 5098ms
2019-07-14 01:11:27,122 INFO  server.RaftServerConfigKeys (ConfUtils.java:logGet(43)) - raft.server.staging.catchup.gap = 1000 (default)
2019-07-14 01:11:27,123 INFO  server.RaftServerConfigKeys (ConfUtils.java:logGet(43)) - raft.server.rpc.sleep.time = 25ms (default)
2019-07-14 01:11:27,123 INFO  server.RaftServerConfigKeys (ConfUtils.java:logGet(43)) - raft.server.write.element-limit = 4096 (default)
2019-07-14 01:11:27,123 INFO  server.RaftServerConfigKeys (ConfUtils.java:logGet(43)) - raft.server.watch.timeout = 10s (default)
2019-07-14 01:11:27,123 INFO  server.RaftServerConfigKeys (ConfUtils.java:logGet(43)) - raft.server.watch.timeout.denomination = 1s (default)
2019-07-14 01:11:27,123 INFO  server.RaftServerConfigKeys (ConfUtils.java:logGet(43)) - raft.server.watch.element-limit = 65536 (default)
2019-07-14 01:11:27,124 INFO  server.RaftServerConfigKeys (ConfUtils.java:logGet(43)) - raft.server.log.appender.snapshot.chunk.size.max = 16MB (=16777216) (default)
2019-07-14 01:11:27,124 INFO  server.RaftServerConfigKeys (ConfUtils.java:logGet(43)) - raft.server.log.appender.buffer.byte-limit = 33554432 (custom)
2019-07-14 01:11:27,124 INFO  server.RaftServerConfigKeys (ConfUtils.java:logGet(43)) - raft.server.log.appender.buffer.element-limit = 1 (custom)
2019-07-14 01:11:27,124 INFO  grpc.GrpcConfigKeys$Server (ConfUtils.java:logGet(43)) - raft.grpc.server.leader.outstanding.appends.max = 128 (default)
2019-07-14 01:11:27,125 INFO  server.RaftServerConfigKeys (ConfUtils.java:logGet(43)) - raft.server.rpc.request.timeout = 3000ms (default)
2019-07-14 01:11:27,125 INFO  server.RaftServerConfigKeys (ConfUtils.java:logGet(43)) - raft.server.log.appender.install.snapshot.enabled = false (custom)
2019-07-14 01:11:27,125 INFO  server.RaftServerConfigKeys (ConfUtils.java:logGet(43)) - raft.server.log.appender.snapshot.chunk.size.max = 16MB (=16777216) (default)
2019-07-14 01:11:27,125 INFO  server.RaftServerConfigKeys (ConfUtils.java:logGet(43)) - raft.server.log.appender.buffer.byte-limit = 33554432 (custom)
2019-07-14 01:11:27,125 INFO  server.RaftServerConfigKeys (ConfUtils.java:logGet(43)) - raft.server.log.appender.buffer.element-limit = 1 (custom)
2019-07-14 01:11:27,126 INFO  grpc.GrpcConfigKeys$Server (ConfUtils.java:logGet(43)) - raft.grpc.server.leader.outstanding.appends.max = 128 (default)
2019-07-14 01:11:27,126 INFO  server.RaftServerConfigKeys (ConfUtils.java:logGet(43)) - raft.server.rpc.request.timeout = 3000ms (default)
2019-07-14 01:11:27,126 INFO  server.RaftServerConfigKeys (ConfUtils.java:logGet(43)) - raft.server.log.appender.install.snapshot.enabled = false (custom)
2019-07-14 01:11:27,126 INFO  impl.RoleInfo (RoleInfo.java:updateAndGet(143)) - a1b95934-5204-42ea-9e02-af5e99675e4a: start LeaderState
2019-07-14 01:11:27,127 INFO  segmented.SegmentedRaftLogWorker (SegmentedRaftLogWorker.java:startLogSegment(380)) - a1b95934-5204-42ea-9e02-af5e99675e4a-SegmentedRaftLogWorker:Storage Directory /tmp/workdir/hadoop-ozone/integration-test/target/test-dir/MiniOzoneClusterImpl-1c1210bb-655e-47e6-ae7e-d700eb333cd1/datanode-4/data/ratis/01df31c6-eec4-43cb-a782-8f7df759b7bb: Starting segment from index:0
2019-07-14 01:11:27,128 INFO  impl.RaftServerImpl (ServerState.java:setRaftConf(361)) - a1b95934-5204-42ea-9e02-af5e99675e4a:group-8F7DF759B7BB set configuration 0: [a1b95934-5204-42ea-9e02-af5e99675e4a:192.168.157.230:34198, df5639b5-8d27-41f9-bfe0-08f3354f2ffa:192.168.157.230:39715, 5a88bb18-a471-4f7f-9c87-6417d7d13968:192.168.157.230:43246], old=null at 0
2019-07-14 01:11:27,129 INFO  impl.RaftServerImpl (ServerState.java:setLeader(263)) - df5639b5-8d27-41f9-bfe0-08f3354f2ffa:group-8F7DF759B7BB change Leader from null to a1b95934-5204-42ea-9e02-af5e99675e4a at term 1 for appendEntries, leader elected after 5105ms
2019-07-14 01:11:27,129 INFO  impl.RaftServerImpl (ServerState.java:setLeader(263)) - 5a88bb18-a471-4f7f-9c87-6417d7d13968:group-8F7DF759B7BB change Leader from null to a1b95934-5204-42ea-9e02-af5e99675e4a at term 1 for appendEntries, leader elected after 5105ms
2019-07-14 01:11:27,150 INFO  impl.FollowerState (FollowerState.java:run(106)) - df5639b5-8d27-41f9-bfe0-08f3354f2ffa:group-8280891474A0 changes to CANDIDATE, lastRpcTime:5199, electionTimeout:5198ms
2019-07-14 01:11:27,150 INFO  impl.RoleInfo (RoleInfo.java:shutdownFollowerState(121)) - df5639b5-8d27-41f9-bfe0-08f3354f2ffa: shutdown FollowerState
2019-07-14 01:11:27,150 INFO  impl.RaftServerImpl (RaftServerImpl.java:setRole(171)) - df5639b5-8d27-41f9-bfe0-08f3354f2ffa:group-8280891474A0 changes role from FOLLOWER to CANDIDATE at term 0 for changeToCandidate
2019-07-14 01:11:27,150 INFO  impl.RoleInfo (RoleInfo.java:updateAndGet(143)) - df5639b5-8d27-41f9-bfe0-08f3354f2ffa: start LeaderElection
2019-07-14 01:11:27,158 INFO  impl.RaftServerImpl (ServerState.java:setRaftConf(361)) - 5a88bb18-a471-4f7f-9c87-6417d7d13968:group-8F7DF759B7BB set configuration 0: [a1b95934-5204-42ea-9e02-af5e99675e4a:192.168.157.230:34198, df5639b5-8d27-41f9-bfe0-08f3354f2ffa:192.168.157.230:39715, 5a88bb18-a471-4f7f-9c87-6417d7d13968:192.168.157.230:43246], old=null at 0
2019-07-14 01:11:27,158 INFO  impl.RaftServerImpl (ServerState.java:setRaftConf(361)) - df5639b5-8d27-41f9-bfe0-08f3354f2ffa:group-8F7DF759B7BB set configuration 0: [a1b95934-5204-42ea-9e02-af5e99675e4a:192.168.157.230:34198, df5639b5-8d27-41f9-bfe0-08f3354f2ffa:192.168.157.230:39715, 5a88bb18-a471-4f7f-9c87-6417d7d13968:192.168.157.230:43246], old=null at 0
2019-07-14 01:11:27,158 INFO  segmented.SegmentedRaftLogWorker (SegmentedRaftLogWorker.java:startLogSegment(380)) - 5a88bb18-a471-4f7f-9c87-6417d7d13968-SegmentedRaftLogWorker:Storage Directory /tmp/workdir/hadoop-ozone/integration-test/target/test-dir/MiniOzoneClusterImpl-1c1210bb-655e-47e6-ae7e-d700eb333cd1/datanode-3/data/ratis/01df31c6-eec4-43cb-a782-8f7df759b7bb: Starting segment from index:0
2019-07-14 01:11:27,158 INFO  segmented.SegmentedRaftLogWorker (SegmentedRaftLogWorker.java:startLogSegment(380)) - df5639b5-8d27-41f9-bfe0-08f3354f2ffa-SegmentedRaftLogWorker:Storage Directory /tmp/workdir/hadoop-ozone/integration-test/target/test-dir/MiniOzoneClusterImpl-1c1210bb-655e-47e6-ae7e-d700eb333cd1/datanode-5/data/ratis/01df31c6-eec4-43cb-a782-8f7df759b7bb: Starting segment from index:0
2019-07-14 01:11:27,163 INFO  segmented.SegmentedRaftLogWorker (SegmentedRaftLogWorker.java:execute(569)) - a1b95934-5204-42ea-9e02-af5e99675e4a-SegmentedRaftLogWorker:Storage Directory /tmp/workdir/hadoop-ozone/integration-test/target/test-dir/MiniOzoneClusterImpl-1c1210bb-655e-47e6-ae7e-d700eb333cd1/datanode-4/data/ratis/01df31c6-eec4-43cb-a782-8f7df759b7bb: created new log segment /tmp/workdir/hadoop-ozone/integration-test/target/test-dir/MiniOzoneClusterImpl-1c1210bb-655e-47e6-ae7e-d700eb333cd1/datanode-4/data/ratis/01df31c6-eec4-43cb-a782-8f7df759b7bb/current/log_inprogress_0
2019-07-14 01:11:27,163 INFO  impl.LeaderElection (LeaderElection.java:askForVotes(181)) - df5639b5-8d27-41f9-bfe0-08f3354f2ffa:group-8280891474A0:LeaderElection87: begin an election at term 1 for -1: [df5639b5-8d27-41f9-bfe0-08f3354f2ffa:192.168.157.230:39715], old=null
2019-07-14 01:11:27,164 INFO  impl.RoleInfo (RoleInfo.java:shutdownLeaderElection(134)) - df5639b5-8d27-41f9-bfe0-08f3354f2ffa: shutdown LeaderElection
2019-07-14 01:11:27,164 INFO  impl.RaftServerImpl (RaftServerImpl.java:setRole(171)) - df5639b5-8d27-41f9-bfe0-08f3354f2ffa:group-8280891474A0 changes role from CANDIDATE to LEADER at term 1 for changeToLeader
2019-07-14 01:11:27,164 INFO  impl.RaftServerImpl (ServerState.java:setLeader(263)) - df5639b5-8d27-41f9-bfe0-08f3354f2ffa:group-8280891474A0 change Leader from null to df5639b5-8d27-41f9-bfe0-08f3354f2ffa at term 1 for becomeLeader, leader elected after 5218ms
2019-07-14 01:11:27,181 INFO  server.RaftServerConfigKeys (ConfUtils.java:logGet(43)) - raft.server.staging.catchup.gap = 1000 (default)
2019-07-14 01:11:27,181 INFO  server.RaftServerConfigKeys (ConfUtils.java:logGet(43)) - raft.server.rpc.sleep.time = 25ms (default)
2019-07-14 01:11:27,182 INFO  server.RaftServerConfigKeys (ConfUtils.java:logGet(43)) - raft.server.write.element-limit = 4096 (default)
2019-07-14 01:11:27,182 INFO  server.RaftServerConfigKeys (ConfUtils.java:logGet(43)) - raft.server.watch.timeout = 10s (default)
2019-07-14 01:11:27,182 INFO  server.RaftServerConfigKeys (ConfUtils.java:logGet(43)) - raft.server.watch.timeout.denomination = 1s (default)
2019-07-14 01:11:27,182 INFO  server.RaftServerConfigKeys (ConfUtils.java:logGet(43)) - raft.server.watch.element-limit = 65536 (default)
2019-07-14 01:11:27,183 INFO  impl.RoleInfo (RoleInfo.java:updateAndGet(143)) - df5639b5-8d27-41f9-bfe0-08f3354f2ffa: start LeaderState
2019-07-14 01:11:27,183 INFO  segmented.SegmentedRaftLogWorker (SegmentedRaftLogWorker.java:startLogSegment(380)) - df5639b5-8d27-41f9-bfe0-08f3354f2ffa-SegmentedRaftLogWorker:Storage Directory /tmp/workdir/hadoop-ozone/integration-test/target/test-dir/MiniOzoneClusterImpl-1c1210bb-655e-47e6-ae7e-d700eb333cd1/datanode-5/data/ratis/521b88da-d8fa-4a94-8195-8280891474a0: Starting segment from index:0
2019-07-14 01:11:27,184 INFO  impl.RaftServerImpl (ServerState.java:setRaftConf(361)) - df5639b5-8d27-41f9-bfe0-08f3354f2ffa:group-8280891474A0 set configuration 0: [df5639b5-8d27-41f9-bfe0-08f3354f2ffa:192.168.157.230:39715], old=null at 0
2019-07-14 01:11:27,194 INFO  segmented.SegmentedRaftLogWorker (SegmentedRaftLogWorker.java:execute(569)) - df5639b5-8d27-41f9-bfe0-08f3354f2ffa-SegmentedRaftLogWorker:Storage Directory /tmp/workdir/hadoop-ozone/integration-test/target/test-dir/MiniOzoneClusterImpl-1c1210bb-655e-47e6-ae7e-d700eb333cd1/datanode-5/data/ratis/01df31c6-eec4-43cb-a782-8f7df759b7bb: created new log segment /tmp/workdir/hadoop-ozone/integration-test/target/test-dir/MiniOzoneClusterImpl-1c1210bb-655e-47e6-ae7e-d700eb333cd1/datanode-5/data/ratis/01df31c6-eec4-43cb-a782-8f7df759b7bb/current/log_inprogress_0
2019-07-14 01:11:27,194 INFO  segmented.SegmentedRaftLogWorker (SegmentedRaftLogWorker.java:execute(569)) - 5a88bb18-a471-4f7f-9c87-6417d7d13968-SegmentedRaftLogWorker:Storage Directory /tmp/workdir/hadoop-ozone/integration-test/target/test-dir/MiniOzoneClusterImpl-1c1210bb-655e-47e6-ae7e-d700eb333cd1/datanode-3/data/ratis/01df31c6-eec4-43cb-a782-8f7df759b7bb: created new log segment /tmp/workdir/hadoop-ozone/integration-test/target/test-dir/MiniOzoneClusterImpl-1c1210bb-655e-47e6-ae7e-d700eb333cd1/datanode-3/data/ratis/01df31c6-eec4-43cb-a782-8f7df759b7bb/current/log_inprogress_0
2019-07-14 01:11:27,215 INFO  segmented.SegmentedRaftLogWorker (SegmentedRaftLogWorker.java:execute(569)) - df5639b5-8d27-41f9-bfe0-08f3354f2ffa-SegmentedRaftLogWorker:Storage Directory /tmp/workdir/hadoop-ozone/integration-test/target/test-dir/MiniOzoneClusterImpl-1c1210bb-655e-47e6-ae7e-d700eb333cd1/datanode-5/data/ratis/521b88da-d8fa-4a94-8195-8280891474a0: created new log segment /tmp/workdir/hadoop-ozone/integration-test/target/test-dir/MiniOzoneClusterImpl-1c1210bb-655e-47e6-ae7e-d700eb333cd1/datanode-5/data/ratis/521b88da-d8fa-4a94-8195-8280891474a0/current/log_inprogress_0
2019-07-14 01:11:27,241 INFO  client.GrpcClientProtocolClient (GrpcClientProtocolClient.java:onNext(255)) - client-2479473246C7->1043547d-a86b-4fba-8d83-7bfd4e36771d: receive RaftClientReply:client-2479473246C7->1043547d-a86b-4fba-8d83-7bfd4e36771d@group-A56CEB851C8E, cid=221, FAILED org.apache.ratis.protocol.NotLeaderException: Server 1043547d-a86b-4fba-8d83-7bfd4e36771d is not the leader (4a10d95a-fc32-43ca-baec-962b33441fc8:192.168.157.230:34084). Request must be sent to leader., logIndex=0, commits[1043547d-a86b-4fba-8d83-7bfd4e36771d:c-1, 414e4ec8-a841-4210-9e5f-ee36acc3bf1c:c-1, 4a10d95a-fc32-43ca-baec-962b33441fc8:c-1]
2019-07-14 01:11:27,247 INFO  impl.FollowerState (FollowerState.java:run(106)) - bba62e65-e9a2-4912-816e-f3fe765dbdec:group-10C8C11C13C0 changes to CANDIDATE, lastRpcTime:5121, electionTimeout:5121ms
2019-07-14 01:11:27,247 INFO  impl.RoleInfo (RoleInfo.java:shutdownFollowerState(121)) - bba62e65-e9a2-4912-816e-f3fe765dbdec: shutdown FollowerState
2019-07-14 01:11:27,247 INFO  impl.RaftServerImpl (RaftServerImpl.java:setRole(171)) - bba62e65-e9a2-4912-816e-f3fe765dbdec:group-10C8C11C13C0 changes role from FOLLOWER to CANDIDATE at term 0 for changeToCandidate
2019-07-14 01:11:27,247 INFO  impl.RoleInfo (RoleInfo.java:updateAndGet(143)) - bba62e65-e9a2-4912-816e-f3fe765dbdec: start LeaderElection
2019-07-14 01:11:27,270 INFO  impl.LeaderElection (LeaderElection.java:askForVotes(181)) - bba62e65-e9a2-4912-816e-f3fe765dbdec:group-10C8C11C13C0:LeaderElection88: begin an election at term 1 for -1: [bba62e65-e9a2-4912-816e-f3fe765dbdec:192.168.157.230:33724], old=null
2019-07-14 01:11:27,270 INFO  impl.RoleInfo (RoleInfo.java:shutdownLeaderElection(134)) - bba62e65-e9a2-4912-816e-f3fe765dbdec: shutdown LeaderElection
2019-07-14 01:11:27,270 INFO  impl.RaftServerImpl (RaftServerImpl.java:setRole(171)) - bba62e65-e9a2-4912-816e-f3fe765dbdec:group-10C8C11C13C0 changes role from CANDIDATE to LEADER at term 1 for changeToLeader
2019-07-14 01:11:27,270 INFO  impl.RaftServerImpl (ServerState.java:setLeader(263)) - bba62e65-e9a2-4912-816e-f3fe765dbdec:group-10C8C11C13C0 change Leader from null to bba62e65-e9a2-4912-816e-f3fe765dbdec at term 1 for becomeLeader, leader elected after 5149ms
2019-07-14 01:11:27,273 INFO  server.RaftServerConfigKeys (ConfUtils.java:logGet(43)) - raft.server.staging.catchup.gap = 1000 (default)
2019-07-14 01:11:27,273 INFO  server.RaftServerConfigKeys (ConfUtils.java:logGet(43)) - raft.server.rpc.sleep.time = 25ms (default)
2019-07-14 01:11:27,273 INFO  server.RaftServerConfigKeys (ConfUtils.java:logGet(43)) - raft.server.write.element-limit = 4096 (default)
2019-07-14 01:11:27,273 INFO  server.RaftServerConfigKeys (ConfUtils.java:logGet(43)) - raft.server.watch.timeout = 10s (default)
2019-07-14 01:11:27,273 INFO  server.RaftServerConfigKeys (ConfUtils.java:logGet(43)) - raft.server.watch.timeout.denomination = 1s (default)
2019-07-14 01:11:27,274 INFO  server.RaftServerConfigKeys (ConfUtils.java:logGet(43)) - raft.server.watch.element-limit = 65536 (default)
2019-07-14 01:11:27,274 INFO  impl.RoleInfo (RoleInfo.java:updateAndGet(143)) - bba62e65-e9a2-4912-816e-f3fe765dbdec: start LeaderState
2019-07-14 01:11:27,274 INFO  segmented.SegmentedRaftLogWorker (SegmentedRaftLogWorker.java:startLogSegment(380)) - bba62e65-e9a2-4912-816e-f3fe765dbdec-SegmentedRaftLogWorker:Storage Directory /tmp/workdir/hadoop-ozone/integration-test/target/test-dir/MiniOzoneClusterImpl-1c1210bb-655e-47e6-ae7e-d700eb333cd1/datanode-6/data/ratis/7881014f-b79d-4411-b353-10c8c11c13c0: Starting segment from index:0
2019-07-14 01:11:27,274 INFO  impl.RaftServerImpl (ServerState.java:setRaftConf(361)) - bba62e65-e9a2-4912-816e-f3fe765dbdec:group-10C8C11C13C0 set configuration 0: [bba62e65-e9a2-4912-816e-f3fe765dbdec:192.168.157.230:33724], old=null at 0
2019-07-14 01:11:27,322 INFO  segmented.SegmentedRaftLogWorker (SegmentedRaftLogWorker.java:execute(569)) - bba62e65-e9a2-4912-816e-f3fe765dbdec-SegmentedRaftLogWorker:Storage Directory /tmp/workdir/hadoop-ozone/integration-test/target/test-dir/MiniOzoneClusterImpl-1c1210bb-655e-47e6-ae7e-d700eb333cd1/datanode-6/data/ratis/7881014f-b79d-4411-b353-10c8c11c13c0: created new log segment /tmp/workdir/hadoop-ozone/integration-test/target/test-dir/MiniOzoneClusterImpl-1c1210bb-655e-47e6-ae7e-d700eb333cd1/datanode-6/data/ratis/7881014f-b79d-4411-b353-10c8c11c13c0/current/log_inprogress_0
2019-07-14 01:11:27,399 INFO  client.GrpcClientProtocolClient (GrpcClientProtocolClient.java:onNext(255)) - client-2479473246C7->4a10d95a-fc32-43ca-baec-962b33441fc8: receive RaftClientReply:client-2479473246C7->4a10d95a-fc32-43ca-baec-962b33441fc8@group-A56CEB851C8E, cid=221, SUCCESS, logIndex=1, commits[4a10d95a-fc32-43ca-baec-962b33441fc8:c1, 414e4ec8-a841-4210-9e5f-ee36acc3bf1c:c0, 1043547d-a86b-4fba-8d83-7bfd4e36771d:c0]
2019-07-14 01:11:27,435 INFO  client.GrpcClientProtocolClient (GrpcClientProtocolClient.java:onNext(255)) - client-2479473246C7->4a10d95a-fc32-43ca-baec-962b33441fc8: receive RaftClientReply:client-2479473246C7->4a10d95a-fc32-43ca-baec-962b33441fc8@group-A56CEB851C8E, cid=222, SUCCESS, logIndex=3, commits[4a10d95a-fc32-43ca-baec-962b33441fc8:c4, 414e4ec8-a841-4210-9e5f-ee36acc3bf1c:c2, 1043547d-a86b-4fba-8d83-7bfd4e36771d:c2]
2019-07-14 01:11:27,481 INFO  client.GrpcClientProtocolClient (GrpcClientProtocolClient.java:onNext(255)) - client-2479473246C7->4a10d95a-fc32-43ca-baec-962b33441fc8: receive RaftClientReply:client-2479473246C7->4a10d95a-fc32-43ca-baec-962b33441fc8@group-A56CEB851C8E, cid=223, SUCCESS, logIndex=4, commits[4a10d95a-fc32-43ca-baec-962b33441fc8:c10, 414e4ec8-a841-4210-9e5f-ee36acc3bf1c:c7, 1043547d-a86b-4fba-8d83-7bfd4e36771d:c7]
2019-07-14 01:11:27,481 INFO  client.GrpcClientProtocolClient (GrpcClientProtocolClient.java:onNext(255)) - client-2479473246C7->4a10d95a-fc32-43ca-baec-962b33441fc8: receive RaftClientReply:client-2479473246C7->4a10d95a-fc32-43ca-baec-962b33441fc8@group-A56CEB851C8E, cid=224, SUCCESS, logIndex=5, commits[4a10d95a-fc32-43ca-baec-962b33441fc8:c10, 414e4ec8-a841-4210-9e5f-ee36acc3bf1c:c7, 1043547d-a86b-4fba-8d83-7bfd4e36771d:c7]
2019-07-14 01:11:27,482 INFO  client.GrpcClientProtocolClient (GrpcClientProtocolClient.java:onNext(255)) - client-2479473246C7->4a10d95a-fc32-43ca-baec-962b33441fc8: receive RaftClientReply:client-2479473246C7->4a10d95a-fc32-43ca-baec-962b33441fc8@group-A56CEB851C8E, cid=225, SUCCESS, logIndex=6, commits[4a10d95a-fc32-43ca-baec-962b33441fc8:c10, 414e4ec8-a841-4210-9e5f-ee36acc3bf1c:c7, 1043547d-a86b-4fba-8d83-7bfd4e36771d:c7]
2019-07-14 01:11:27,573 INFO  client.GrpcClientProtocolClient (GrpcClientProtocolClient.java:onNext(255)) - client-2479473246C7->4a10d95a-fc32-43ca-baec-962b33441fc8: receive RaftClientReply:client-2479473246C7->4a10d95a-fc32-43ca-baec-962b33441fc8@group-A56CEB851C8E, cid=226, SUCCESS, logIndex=7, commits[4a10d95a-fc32-43ca-baec-962b33441fc8:c10, 414e4ec8-a841-4210-9e5f-ee36acc3bf1c:c7, 1043547d-a86b-4fba-8d83-7bfd4e36771d:c7]
2019-07-14 01:11:27,594 INFO  client.GrpcClientProtocolClient (GrpcClientProtocolClient.java:onNext(255)) - client-2479473246C7->4a10d95a-fc32-43ca-baec-962b33441fc8: receive RaftClientReply:client-2479473246C7->4a10d95a-fc32-43ca-baec-962b33441fc8@group-A56CEB851C8E, cid=227, SUCCESS, logIndex=11, commits[4a10d95a-fc32-43ca-baec-962b33441fc8:c11, 414e4ec8-a841-4210-9e5f-ee36acc3bf1c:c10, 1043547d-a86b-4fba-8d83-7bfd4e36771d:c10]
2019-07-14 01:11:27,595 INFO  client.GrpcClientProtocolClient (GrpcClientProtocolClient.java:onNext(255)) - client-2479473246C7->4a10d95a-fc32-43ca-baec-962b33441fc8: receive RaftClientReply:client-2479473246C7->4a10d95a-fc32-43ca-baec-962b33441fc8@group-A56CEB851C8E, cid=228, SUCCESS, logIndex=12, commits[4a10d95a-fc32-43ca-baec-962b33441fc8:c12, 414e4ec8-a841-4210-9e5f-ee36acc3bf1c:c10, 1043547d-a86b-4fba-8d83-7bfd4e36771d:c10]
2019-07-14 01:11:27,612 INFO  client.GrpcClientProtocolClient (GrpcClientProtocolClient.java:onNext(255)) - client-2479473246C7->4a10d95a-fc32-43ca-baec-962b33441fc8: receive RaftClientReply:client-2479473246C7->4a10d95a-fc32-43ca-baec-962b33441fc8@group-A56CEB851C8E, cid=229, SUCCESS, logIndex=0, commits[4a10d95a-fc32-43ca-baec-962b33441fc8:c14, 414e4ec8-a841-4210-9e5f-ee36acc3bf1c:c12, 1043547d-a86b-4fba-8d83-7bfd4e36771d:c12]
2019-07-14 01:11:27,613 INFO  container.CloseContainerEventHandler (CloseContainerEventHandler.java:onMessage(61)) - Close container Event triggered for container : #1
2019-07-14 01:11:27,614 INFO  container.CloseContainerEventHandler (CloseContainerEventHandler.java:onMessage(61)) - Close container Event triggered for container : #1
2019-07-14 01:11:27,614 INFO  container.CloseContainerEventHandler (CloseContainerEventHandler.java:onMessage(61)) - Close container Event triggered for container : #1
2019-07-14 01:11:29,455 INFO  interfaces.Container (KeyValueContainer.java:compactDB(356)) - Container 1 is closed with bcsId 12.
2019-07-14 01:11:29,460 INFO  interfaces.Container (KeyValueContainer.java:compactDB(356)) - Container 1 is closed with bcsId 12.
2019-07-14 01:11:29,472 INFO  interfaces.Container (KeyValueContainer.java:compactDB(356)) - Container 1 is closed with bcsId 12.
01:11:29.616 [grpc-default-executor-6] ERROR DNAudit - user=null | ip=null | op=WRITE_CHUNK {blockData=conID: 1 locID: 102437138147901459 bcsId: 12} | ret=FAILURE
org.apache.hadoop.hdds.scm.container.common.helpers.ContainerNotOpenException: Container 1 in CLOSED state
	at org.apache.hadoop.ozone.container.common.impl.HddsDispatcher.validateContainerCommand(HddsDispatcher.java:408) ~[hadoop-hdds-container-service-0.5.0-SNAPSHOT.jar:?]
	at org.apache.hadoop.ozone.container.common.transport.server.ratis.ContainerStateMachine.startTransaction(ContainerStateMachine.java:271) ~[hadoop-hdds-container-service-0.5.0-SNAPSHOT.jar:?]
	at org.apache.ratis.server.impl.RaftServerImpl.submitClientRequestAsync(RaftServerImpl.java:566) ~[ratis-server-0.4.0-2337318-SNAPSHOT.jar:0.4.0-2337318-SNAPSHOT]
	at org.apache.ratis.server.impl.RaftServerProxy.lambda$submitClientRequestAsync$7(RaftServerProxy.java:333) ~[ratis-server-0.4.0-2337318-SNAPSHOT.jar:0.4.0-2337318-SNAPSHOT]
	at org.apache.ratis.server.impl.RaftServerProxy.lambda$null$5(RaftServerProxy.java:328) ~[ratis-server-0.4.0-2337318-SNAPSHOT.jar:0.4.0-2337318-SNAPSHOT]
	at org.apache.ratis.util.JavaUtils.callAsUnchecked(JavaUtils.java:109) ~[ratis-common-0.4.0-2337318-SNAPSHOT.jar:0.4.0-2337318-SNAPSHOT]
	at org.apache.ratis.server.impl.RaftServerProxy.lambda$submitRequest$6(RaftServerProxy.java:328) ~[ratis-server-0.4.0-2337318-SNAPSHOT.jar:0.4.0-2337318-SNAPSHOT]
	at java.util.concurrent.CompletableFuture.uniComposeStage(CompletableFuture.java:981) ~[?:1.8.0_212]
	at java.util.concurrent.CompletableFuture.thenCompose(CompletableFuture.java:2124) ~[?:1.8.0_212]
	at org.apache.ratis.server.impl.RaftServerProxy.submitRequest(RaftServerProxy.java:327) ~[ratis-server-0.4.0-2337318-SNAPSHOT.jar:0.4.0-2337318-SNAPSHOT]
	at org.apache.ratis.server.impl.RaftServerProxy.submitClientRequestAsync(RaftServerProxy.java:333) ~[ratis-server-0.4.0-2337318-SNAPSHOT.jar:0.4.0-2337318-SNAPSHOT]
	at org.apache.ratis.grpc.client.GrpcClientProtocolService$RequestStreamObserver.processClientRequest(GrpcClientProtocolService.java:220) ~[ratis-grpc-0.4.0-2337318-SNAPSHOT.jar:0.4.0-2337318-SNAPSHOT]
	at org.apache.ratis.grpc.client.GrpcClientProtocolService$OrderedRequestStreamObserver.processClientRequest(GrpcClientProtocolService.java:326) ~[ratis-grpc-0.4.0-2337318-SNAPSHOT.jar:0.4.0-2337318-SNAPSHOT]
	at org.apache.ratis.util.SlidingWindow$Server.processRequestsFromHead(SlidingWindow.java:429) [ratis-common-0.4.0-2337318-SNAPSHOT.jar:0.4.0-2337318-SNAPSHOT]
	at org.apache.ratis.util.SlidingWindow$Server.receivedRequest(SlidingWindow.java:421) [ratis-common-0.4.0-2337318-SNAPSHOT.jar:0.4.0-2337318-SNAPSHOT]
	at org.apache.ratis.grpc.client.GrpcClientProtocolService$OrderedRequestStreamObserver.processClientRequest(GrpcClientProtocolService.java:345) [ratis-grpc-0.4.0-2337318-SNAPSHOT.jar:0.4.0-2337318-SNAPSHOT]
	at org.apache.ratis.grpc.client.GrpcClientProtocolService$RequestStreamObserver.onNext(GrpcClientProtocolService.java:240) [ratis-grpc-0.4.0-2337318-SNAPSHOT.jar:0.4.0-2337318-SNAPSHOT]
	at org.apache.ratis.grpc.client.GrpcClientProtocolService$RequestStreamObserver.onNext(GrpcClientProtocolService.java:168) [ratis-grpc-0.4.0-2337318-SNAPSHOT.jar:0.4.0-2337318-SNAPSHOT]
	at org.apache.ratis.thirdparty.io.grpc.stub.ServerCalls$StreamingServerCallHandler$StreamingServerCallListener.onMessage(ServerCalls.java:248) [ratis-thirdparty-misc-0.2.0.jar:0.2.0]
	at org.apache.ratis.thirdparty.io.grpc.internal.ServerCallImpl$ServerStreamListenerImpl.messagesAvailable(ServerCallImpl.java:263) [ratis-thirdparty-misc-0.2.0.jar:0.2.0]
	at org.apache.ratis.thirdparty.io.grpc.internal.ServerImpl$JumpToApplicationThreadServerStreamListener$1MessagesAvailable.runInContext(ServerImpl.java:686) [ratis-thirdparty-misc-0.2.0.jar:0.2.0]
	at org.apache.ratis.thirdparty.io.grpc.internal.ContextRunnable.run(ContextRunnable.java:37) [ratis-thirdparty-misc-0.2.0.jar:0.2.0]
	at org.apache.ratis.thirdparty.io.grpc.internal.SerializingExecutor.run(SerializingExecutor.java:123) [ratis-thirdparty-misc-0.2.0.jar:0.2.0]
	at java.util.concurrent.ThreadPoolExecutor.runWorker(ThreadPoolExecutor.java:1149) [?:1.8.0_212]
	at java.util.concurrent.ThreadPoolExecutor$Worker.run(ThreadPoolExecutor.java:624) [?:1.8.0_212]
	at java.lang.Thread.run(Thread.java:748) [?:1.8.0_212]
01:11:29.618 [grpc-default-executor-6] ERROR DNAudit - user=null | ip=null | op=WRITE_CHUNK {blockData=conID: 1 locID: 102437138147901459 bcsId: 12} | ret=FAILURE
org.apache.hadoop.hdds.scm.container.common.helpers.ContainerNotOpenException: Container 1 in CLOSED state
	at org.apache.hadoop.ozone.container.common.impl.HddsDispatcher.validateContainerCommand(HddsDispatcher.java:408) ~[hadoop-hdds-container-service-0.5.0-SNAPSHOT.jar:?]
	at org.apache.hadoop.ozone.container.common.transport.server.ratis.ContainerStateMachine.startTransaction(ContainerStateMachine.java:271) ~[hadoop-hdds-container-service-0.5.0-SNAPSHOT.jar:?]
	at org.apache.ratis.server.impl.RaftServerImpl.submitClientRequestAsync(RaftServerImpl.java:566) ~[ratis-server-0.4.0-2337318-SNAPSHOT.jar:0.4.0-2337318-SNAPSHOT]
	at org.apache.ratis.server.impl.RaftServerProxy.lambda$submitClientRequestAsync$7(RaftServerProxy.java:333) ~[ratis-server-0.4.0-2337318-SNAPSHOT.jar:0.4.0-2337318-SNAPSHOT]
	at org.apache.ratis.server.impl.RaftServerProxy.lambda$null$5(RaftServerProxy.java:328) ~[ratis-server-0.4.0-2337318-SNAPSHOT.jar:0.4.0-2337318-SNAPSHOT]
	at org.apache.ratis.util.JavaUtils.callAsUnchecked(JavaUtils.java:109) ~[ratis-common-0.4.0-2337318-SNAPSHOT.jar:0.4.0-2337318-SNAPSHOT]
	at org.apache.ratis.server.impl.RaftServerProxy.lambda$submitRequest$6(RaftServerProxy.java:328) ~[ratis-server-0.4.0-2337318-SNAPSHOT.jar:0.4.0-2337318-SNAPSHOT]
	at java.util.concurrent.CompletableFuture.uniComposeStage(CompletableFuture.java:981) ~[?:1.8.0_212]
	at java.util.concurrent.CompletableFuture.thenCompose(CompletableFuture.java:2124) ~[?:1.8.0_212]
	at org.apache.ratis.server.impl.RaftServerProxy.submitRequest(RaftServerProxy.java:327) ~[ratis-server-0.4.0-2337318-SNAPSHOT.jar:0.4.0-2337318-SNAPSHOT]
	at org.apache.ratis.server.impl.RaftServerProxy.submitClientRequestAsync(RaftServerProxy.java:333) ~[ratis-server-0.4.0-2337318-SNAPSHOT.jar:0.4.0-2337318-SNAPSHOT]
	at org.apache.ratis.grpc.client.GrpcClientProtocolService$RequestStreamObserver.processClientRequest(GrpcClientProtocolService.java:220) ~[ratis-grpc-0.4.0-2337318-SNAPSHOT.jar:0.4.0-2337318-SNAPSHOT]
	at org.apache.ratis.grpc.client.GrpcClientProtocolService$OrderedRequestStreamObserver.processClientRequest(GrpcClientProtocolService.java:326) ~[ratis-grpc-0.4.0-2337318-SNAPSHOT.jar:0.4.0-2337318-SNAPSHOT]
	at org.apache.ratis.util.SlidingWindow$Server.processRequestsFromHead(SlidingWindow.java:429) [ratis-common-0.4.0-2337318-SNAPSHOT.jar:0.4.0-2337318-SNAPSHOT]
	at org.apache.ratis.util.SlidingWindow$Server.receivedRequest(SlidingWindow.java:421) [ratis-common-0.4.0-2337318-SNAPSHOT.jar:0.4.0-2337318-SNAPSHOT]
	at org.apache.ratis.grpc.client.GrpcClientProtocolService$OrderedRequestStreamObserver.processClientRequest(GrpcClientProtocolService.java:345) [ratis-grpc-0.4.0-2337318-SNAPSHOT.jar:0.4.0-2337318-SNAPSHOT]
	at org.apache.ratis.grpc.client.GrpcClientProtocolService$RequestStreamObserver.onNext(GrpcClientProtocolService.java:240) [ratis-grpc-0.4.0-2337318-SNAPSHOT.jar:0.4.0-2337318-SNAPSHOT]
	at org.apache.ratis.grpc.client.GrpcClientProtocolService$RequestStreamObserver.onNext(GrpcClientProtocolService.java:168) [ratis-grpc-0.4.0-2337318-SNAPSHOT.jar:0.4.0-2337318-SNAPSHOT]
	at org.apache.ratis.thirdparty.io.grpc.stub.ServerCalls$StreamingServerCallHandler$StreamingServerCallListener.onMessage(ServerCalls.java:248) [ratis-thirdparty-misc-0.2.0.jar:0.2.0]
	at org.apache.ratis.thirdparty.io.grpc.internal.ServerCallImpl$ServerStreamListenerImpl.messagesAvailable(ServerCallImpl.java:263) [ratis-thirdparty-misc-0.2.0.jar:0.2.0]
	at org.apache.ratis.thirdparty.io.grpc.internal.ServerImpl$JumpToApplicationThreadServerStreamListener$1MessagesAvailable.runInContext(ServerImpl.java:686) [ratis-thirdparty-misc-0.2.0.jar:0.2.0]
	at org.apache.ratis.thirdparty.io.grpc.internal.ContextRunnable.run(ContextRunnable.java:37) [ratis-thirdparty-misc-0.2.0.jar:0.2.0]
	at org.apache.ratis.thirdparty.io.grpc.internal.SerializingExecutor.run(SerializingExecutor.java:123) [ratis-thirdparty-misc-0.2.0.jar:0.2.0]
	at java.util.concurrent.ThreadPoolExecutor.runWorker(ThreadPoolExecutor.java:1149) [?:1.8.0_212]
	at java.util.concurrent.ThreadPoolExecutor$Worker.run(ThreadPoolExecutor.java:624) [?:1.8.0_212]
	at java.lang.Thread.run(Thread.java:748) [?:1.8.0_212]
01:11:29.629 [grpc-default-executor-6] ERROR DNAudit - user=null | ip=null | op=PUT_BLOCK {blockData=[blockId=conID: 1 locID: 102437138147901459 bcsId: 0,size=650]} | ret=FAILURE
org.apache.hadoop.hdds.scm.container.common.helpers.ContainerNotOpenException: Container 1 in CLOSED state
	at org.apache.hadoop.ozone.container.common.impl.HddsDispatcher.validateContainerCommand(HddsDispatcher.java:408) ~[hadoop-hdds-container-service-0.5.0-SNAPSHOT.jar:?]
	at org.apache.hadoop.ozone.container.common.transport.server.ratis.ContainerStateMachine.startTransaction(ContainerStateMachine.java:271) ~[hadoop-hdds-container-service-0.5.0-SNAPSHOT.jar:?]
	at org.apache.ratis.server.impl.RaftServerImpl.submitClientRequestAsync(RaftServerImpl.java:566) ~[ratis-server-0.4.0-2337318-SNAPSHOT.jar:0.4.0-2337318-SNAPSHOT]
	at org.apache.ratis.server.impl.RaftServerProxy.lambda$submitClientRequestAsync$7(RaftServerProxy.java:333) ~[ratis-server-0.4.0-2337318-SNAPSHOT.jar:0.4.0-2337318-SNAPSHOT]
	at org.apache.ratis.server.impl.RaftServerProxy.lambda$null$5(RaftServerProxy.java:328) ~[ratis-server-0.4.0-2337318-SNAPSHOT.jar:0.4.0-2337318-SNAPSHOT]
	at org.apache.ratis.util.JavaUtils.callAsUnchecked(JavaUtils.java:109) ~[ratis-common-0.4.0-2337318-SNAPSHOT.jar:0.4.0-2337318-SNAPSHOT]
	at org.apache.ratis.server.impl.RaftServerProxy.lambda$submitRequest$6(RaftServerProxy.java:328) ~[ratis-server-0.4.0-2337318-SNAPSHOT.jar:0.4.0-2337318-SNAPSHOT]
	at java.util.concurrent.CompletableFuture.uniComposeStage(CompletableFuture.java:981) ~[?:1.8.0_212]
	at java.util.concurrent.CompletableFuture.thenCompose(CompletableFuture.java:2124) ~[?:1.8.0_212]
	at org.apache.ratis.server.impl.RaftServerProxy.submitRequest(RaftServerProxy.java:327) ~[ratis-server-0.4.0-2337318-SNAPSHOT.jar:0.4.0-2337318-SNAPSHOT]
	at org.apache.ratis.server.impl.RaftServerProxy.submitClientRequestAsync(RaftServerProxy.java:333) ~[ratis-server-0.4.0-2337318-SNAPSHOT.jar:0.4.0-2337318-SNAPSHOT]
	at org.apache.ratis.grpc.client.GrpcClientProtocolService$RequestStreamObserver.processClientRequest(GrpcClientProtocolService.java:220) ~[ratis-grpc-0.4.0-2337318-SNAPSHOT.jar:0.4.0-2337318-SNAPSHOT]
	at org.apache.ratis.grpc.client.GrpcClientProtocolService$OrderedRequestStreamObserver.processClientRequest(GrpcClientProtocolService.java:326) ~[ratis-grpc-0.4.0-2337318-SNAPSHOT.jar:0.4.0-2337318-SNAPSHOT]
	at org.apache.ratis.util.SlidingWindow$Server.processRequestsFromHead(SlidingWindow.java:429) [ratis-common-0.4.0-2337318-SNAPSHOT.jar:0.4.0-2337318-SNAPSHOT]
	at org.apache.ratis.util.SlidingWindow$Server.receivedRequest(SlidingWindow.java:421) [ratis-common-0.4.0-2337318-SNAPSHOT.jar:0.4.0-2337318-SNAPSHOT]
	at org.apache.ratis.grpc.client.GrpcClientProtocolService$OrderedRequestStreamObserver.processClientRequest(GrpcClientProtocolService.java:345) [ratis-grpc-0.4.0-2337318-SNAPSHOT.jar:0.4.0-2337318-SNAPSHOT]
	at org.apache.ratis.grpc.client.GrpcClientProtocolService$RequestStreamObserver.onNext(GrpcClientProtocolService.java:240) [ratis-grpc-0.4.0-2337318-SNAPSHOT.jar:0.4.0-2337318-SNAPSHOT]
	at org.apache.ratis.grpc.client.GrpcClientProtocolService$RequestStreamObserver.onNext(GrpcClientProtocolService.java:168) [ratis-grpc-0.4.0-2337318-SNAPSHOT.jar:0.4.0-2337318-SNAPSHOT]
	at org.apache.ratis.thirdparty.io.grpc.stub.ServerCalls$StreamingServerCallHandler$StreamingServerCallListener.onMessage(ServerCalls.java:248) [ratis-thirdparty-misc-0.2.0.jar:0.2.0]
	at org.apache.ratis.thirdparty.io.grpc.internal.ServerCallImpl$ServerStreamListenerImpl.messagesAvailable(ServerCallImpl.java:263) [ratis-thirdparty-misc-0.2.0.jar:0.2.0]
	at org.apache.ratis.thirdparty.io.grpc.internal.ServerImpl$JumpToApplicationThreadServerStreamListener$1MessagesAvailable.runInContext(ServerImpl.java:686) [ratis-thirdparty-misc-0.2.0.jar:0.2.0]
	at org.apache.ratis.thirdparty.io.grpc.internal.ContextRunnable.run(ContextRunnable.java:37) [ratis-thirdparty-misc-0.2.0.jar:0.2.0]
	at org.apache.ratis.thirdparty.io.grpc.internal.SerializingExecutor.run(SerializingExecutor.java:123) [ratis-thirdparty-misc-0.2.0.jar:0.2.0]
	at java.util.concurrent.ThreadPoolExecutor.runWorker(ThreadPoolExecutor.java:1149) [?:1.8.0_212]
	at java.util.concurrent.ThreadPoolExecutor$Worker.run(ThreadPoolExecutor.java:624) [?:1.8.0_212]
	at java.lang.Thread.run(Thread.java:748) [?:1.8.0_212]
2019-07-14 01:11:29,637 INFO  client.GrpcClientProtocolClient (GrpcClientProtocolClient.java:onNext(255)) - client-2479473246C7->4a10d95a-fc32-43ca-baec-962b33441fc8: receive RaftClientReply:client-2479473246C7->4a10d95a-fc32-43ca-baec-962b33441fc8@group-A56CEB851C8E, cid=230, FAILED org.apache.ratis.protocol.StateMachineException: org.apache.hadoop.hdds.scm.container.common.helpers.ContainerNotOpenException from Server 4a10d95a-fc32-43ca-baec-962b33441fc8: Container 1 in CLOSED state, logIndex=0, commits[4a10d95a-fc32-43ca-baec-962b33441fc8:c16, 414e4ec8-a841-4210-9e5f-ee36acc3bf1c:c15, 1043547d-a86b-4fba-8d83-7bfd4e36771d:c15]
2019-07-14 01:11:29,643 INFO  client.GrpcClientProtocolClient (GrpcClientProtocolClient.java:onNext(255)) - client-2479473246C7->4a10d95a-fc32-43ca-baec-962b33441fc8: receive RaftClientReply:client-2479473246C7->4a10d95a-fc32-43ca-baec-962b33441fc8@group-A56CEB851C8E, cid=231, FAILED org.apache.ratis.protocol.StateMachineException: org.apache.hadoop.hdds.scm.container.common.helpers.ContainerNotOpenException from Server 4a10d95a-fc32-43ca-baec-962b33441fc8: Container 1 in CLOSED state, logIndex=0, commits[4a10d95a-fc32-43ca-baec-962b33441fc8:c16, 414e4ec8-a841-4210-9e5f-ee36acc3bf1c:c15, 1043547d-a86b-4fba-8d83-7bfd4e36771d:c15]
01:11:29.643 [grpc-default-executor-6] ERROR DNAudit - user=null | ip=null | op=WRITE_CHUNK {blockData=conID: 1 locID: 102437138147901459 bcsId: 12} | ret=FAILURE
org.apache.hadoop.hdds.scm.container.common.helpers.ContainerNotOpenException: Container 1 in CLOSED state
	at org.apache.hadoop.ozone.container.common.impl.HddsDispatcher.validateContainerCommand(HddsDispatcher.java:408) ~[hadoop-hdds-container-service-0.5.0-SNAPSHOT.jar:?]
	at org.apache.hadoop.ozone.container.common.transport.server.ratis.ContainerStateMachine.startTransaction(ContainerStateMachine.java:271) ~[hadoop-hdds-container-service-0.5.0-SNAPSHOT.jar:?]
	at org.apache.ratis.server.impl.RaftServerImpl.submitClientRequestAsync(RaftServerImpl.java:566) ~[ratis-server-0.4.0-2337318-SNAPSHOT.jar:0.4.0-2337318-SNAPSHOT]
	at org.apache.ratis.server.impl.RaftServerProxy.lambda$submitClientRequestAsync$7(RaftServerProxy.java:333) ~[ratis-server-0.4.0-2337318-SNAPSHOT.jar:0.4.0-2337318-SNAPSHOT]
	at org.apache.ratis.server.impl.RaftServerProxy.lambda$null$5(RaftServerProxy.java:328) ~[ratis-server-0.4.0-2337318-SNAPSHOT.jar:0.4.0-2337318-SNAPSHOT]
	at org.apache.ratis.util.JavaUtils.callAsUnchecked(JavaUtils.java:109) ~[ratis-common-0.4.0-2337318-SNAPSHOT.jar:0.4.0-2337318-SNAPSHOT]
	at org.apache.ratis.server.impl.RaftServerProxy.lambda$submitRequest$6(RaftServerProxy.java:328) ~[ratis-server-0.4.0-2337318-SNAPSHOT.jar:0.4.0-2337318-SNAPSHOT]
	at java.util.concurrent.CompletableFuture.uniComposeStage(CompletableFuture.java:981) ~[?:1.8.0_212]
	at java.util.concurrent.CompletableFuture.thenCompose(CompletableFuture.java:2124) ~[?:1.8.0_212]
	at org.apache.ratis.server.impl.RaftServerProxy.submitRequest(RaftServerProxy.java:327) ~[ratis-server-0.4.0-2337318-SNAPSHOT.jar:0.4.0-2337318-SNAPSHOT]
	at org.apache.ratis.server.impl.RaftServerProxy.submitClientRequestAsync(RaftServerProxy.java:333) ~[ratis-server-0.4.0-2337318-SNAPSHOT.jar:0.4.0-2337318-SNAPSHOT]
	at org.apache.ratis.grpc.client.GrpcClientProtocolService$RequestStreamObserver.processClientRequest(GrpcClientProtocolService.java:220) ~[ratis-grpc-0.4.0-2337318-SNAPSHOT.jar:0.4.0-2337318-SNAPSHOT]
	at org.apache.ratis.grpc.client.GrpcClientProtocolService$OrderedRequestStreamObserver.processClientRequest(GrpcClientProtocolService.java:326) ~[ratis-grpc-0.4.0-2337318-SNAPSHOT.jar:0.4.0-2337318-SNAPSHOT]
	at org.apache.ratis.util.SlidingWindow$Server.processRequestsFromHead(SlidingWindow.java:429) [ratis-common-0.4.0-2337318-SNAPSHOT.jar:0.4.0-2337318-SNAPSHOT]
	at org.apache.ratis.util.SlidingWindow$Server.receivedRequest(SlidingWindow.java:421) [ratis-common-0.4.0-2337318-SNAPSHOT.jar:0.4.0-2337318-SNAPSHOT]
	at org.apache.ratis.grpc.client.GrpcClientProtocolService$OrderedRequestStreamObserver.processClientRequest(GrpcClientProtocolService.java:345) [ratis-grpc-0.4.0-2337318-SNAPSHOT.jar:0.4.0-2337318-SNAPSHOT]
	at org.apache.ratis.grpc.client.GrpcClientProtocolService$RequestStreamObserver.onNext(GrpcClientProtocolService.java:240) [ratis-grpc-0.4.0-2337318-SNAPSHOT.jar:0.4.0-2337318-SNAPSHOT]
	at org.apache.ratis.grpc.client.GrpcClientProtocolService$RequestStreamObserver.onNext(GrpcClientProtocolService.java:168) [ratis-grpc-0.4.0-2337318-SNAPSHOT.jar:0.4.0-2337318-SNAPSHOT]
	at org.apache.ratis.thirdparty.io.grpc.stub.ServerCalls$StreamingServerCallHandler$StreamingServerCallListener.onMessage(ServerCalls.java:248) [ratis-thirdparty-misc-0.2.0.jar:0.2.0]
	at org.apache.ratis.thirdparty.io.grpc.internal.ServerCallImpl$ServerStreamListenerImpl.messagesAvailable(ServerCallImpl.java:263) [ratis-thirdparty-misc-0.2.0.jar:0.2.0]
	at org.apache.ratis.thirdparty.io.grpc.internal.ServerImpl$JumpToApplicationThreadServerStreamListener$1MessagesAvailable.runInContext(ServerImpl.java:686) [ratis-thirdparty-misc-0.2.0.jar:0.2.0]
	at org.apache.ratis.thirdparty.io.grpc.internal.ContextRunnable.run(ContextRunnable.java:37) [ratis-thirdparty-misc-0.2.0.jar:0.2.0]
	at org.apache.ratis.thirdparty.io.grpc.internal.SerializingExecutor.run(SerializingExecutor.java:123) [ratis-thirdparty-misc-0.2.0.jar:0.2.0]
	at java.util.concurrent.ThreadPoolExecutor.runWorker(ThreadPoolExecutor.java:1149) [?:1.8.0_212]
	at java.util.concurrent.ThreadPoolExecutor$Worker.run(ThreadPoolExecutor.java:624) [?:1.8.0_212]
	at java.lang.Thread.run(Thread.java:748) [?:1.8.0_212]
2019-07-14 01:11:29,645 INFO  client.GrpcClientProtocolClient (GrpcClientProtocolClient.java:onNext(255)) - client-2479473246C7->4a10d95a-fc32-43ca-baec-962b33441fc8: receive RaftClientReply:client-2479473246C7->4a10d95a-fc32-43ca-baec-962b33441fc8@group-A56CEB851C8E, cid=232, FAILED org.apache.ratis.protocol.StateMachineException: org.apache.hadoop.hdds.scm.container.common.helpers.ContainerNotOpenException from Server 4a10d95a-fc32-43ca-baec-962b33441fc8: Container 1 in CLOSED state, logIndex=0, commits[4a10d95a-fc32-43ca-baec-962b33441fc8:c16, 414e4ec8-a841-4210-9e5f-ee36acc3bf1c:c15, 1043547d-a86b-4fba-8d83-7bfd4e36771d:c15]
01:11:29.645 [grpc-default-executor-6] ERROR DNAudit - user=null | ip=null | op=WRITE_CHUNK {blockData=conID: 1 locID: 102437138147901459 bcsId: 12} | ret=FAILURE
org.apache.hadoop.hdds.scm.container.common.helpers.ContainerNotOpenException: Container 1 in CLOSED state
	at org.apache.hadoop.ozone.container.common.impl.HddsDispatcher.validateContainerCommand(HddsDispatcher.java:408) ~[hadoop-hdds-container-service-0.5.0-SNAPSHOT.jar:?]
	at org.apache.hadoop.ozone.container.common.transport.server.ratis.ContainerStateMachine.startTransaction(ContainerStateMachine.java:271) ~[hadoop-hdds-container-service-0.5.0-SNAPSHOT.jar:?]
	at org.apache.ratis.server.impl.RaftServerImpl.submitClientRequestAsync(RaftServerImpl.java:566) ~[ratis-server-0.4.0-2337318-SNAPSHOT.jar:0.4.0-2337318-SNAPSHOT]
	at org.apache.ratis.server.impl.RaftServerProxy.lambda$submitClientRequestAsync$7(RaftServerProxy.java:333) ~[ratis-server-0.4.0-2337318-SNAPSHOT.jar:0.4.0-2337318-SNAPSHOT]
	at org.apache.ratis.server.impl.RaftServerProxy.lambda$null$5(RaftServerProxy.java:328) ~[ratis-server-0.4.0-2337318-SNAPSHOT.jar:0.4.0-2337318-SNAPSHOT]
	at org.apache.ratis.util.JavaUtils.callAsUnchecked(JavaUtils.java:109) ~[ratis-common-0.4.0-2337318-SNAPSHOT.jar:0.4.0-2337318-SNAPSHOT]
	at org.apache.ratis.server.impl.RaftServerProxy.lambda$submitRequest$6(RaftServerProxy.java:328) ~[ratis-server-0.4.0-2337318-SNAPSHOT.jar:0.4.0-2337318-SNAPSHOT]
	at java.util.concurrent.CompletableFuture.uniComposeStage(CompletableFuture.java:981) ~[?:1.8.0_212]
	at java.util.concurrent.CompletableFuture.thenCompose(CompletableFuture.java:2124) ~[?:1.8.0_212]
	at org.apache.ratis.server.impl.RaftServerProxy.submitRequest(RaftServerProxy.java:327) ~[ratis-server-0.4.0-2337318-SNAPSHOT.jar:0.4.0-2337318-SNAPSHOT]
	at org.apache.ratis.server.impl.RaftServerProxy.submitClientRequestAsync(RaftServerProxy.java:333) ~[ratis-server-0.4.0-2337318-SNAPSHOT.jar:0.4.0-2337318-SNAPSHOT]
	at org.apache.ratis.grpc.client.GrpcClientProtocolService$RequestStreamObserver.processClientRequest(GrpcClientProtocolService.java:220) ~[ratis-grpc-0.4.0-2337318-SNAPSHOT.jar:0.4.0-2337318-SNAPSHOT]
	at org.apache.ratis.grpc.client.GrpcClientProtocolService$OrderedRequestStreamObserver.processClientRequest(GrpcClientProtocolService.java:326) ~[ratis-grpc-0.4.0-2337318-SNAPSHOT.jar:0.4.0-2337318-SNAPSHOT]
	at org.apache.ratis.util.SlidingWindow$Server.processRequestsFromHead(SlidingWindow.java:429) [ratis-common-0.4.0-2337318-SNAPSHOT.jar:0.4.0-2337318-SNAPSHOT]
	at org.apache.ratis.util.SlidingWindow$Server.receivedRequest(SlidingWindow.java:421) [ratis-common-0.4.0-2337318-SNAPSHOT.jar:0.4.0-2337318-SNAPSHOT]
	at org.apache.ratis.grpc.client.GrpcClientProtocolService$OrderedRequestStreamObserver.processClientRequest(GrpcClientProtocolService.java:345) [ratis-grpc-0.4.0-2337318-SNAPSHOT.jar:0.4.0-2337318-SNAPSHOT]
	at org.apache.ratis.grpc.client.GrpcClientProtocolService$RequestStreamObserver.onNext(GrpcClientProtocolService.java:240) [ratis-grpc-0.4.0-2337318-SNAPSHOT.jar:0.4.0-2337318-SNAPSHOT]
	at org.apache.ratis.grpc.client.GrpcClientProtocolService$RequestStreamObserver.onNext(GrpcClientProtocolService.java:168) [ratis-grpc-0.4.0-2337318-SNAPSHOT.jar:0.4.0-2337318-SNAPSHOT]
	at org.apache.ratis.thirdparty.io.grpc.stub.ServerCalls$StreamingServerCallHandler$StreamingServerCallListener.onMessage(ServerCalls.java:248) [ratis-thirdparty-misc-0.2.0.jar:0.2.0]
	at org.apache.ratis.thirdparty.io.grpc.internal.ServerCallImpl$ServerStreamListenerImpl.messagesAvailable(ServerCallImpl.java:263) [ratis-thirdparty-misc-0.2.0.jar:0.2.0]
	at org.apache.ratis.thirdparty.io.grpc.internal.ServerImpl$JumpToApplicationThreadServerStreamListener$1MessagesAvailable.runInContext(ServerImpl.java:686) [ratis-thirdparty-misc-0.2.0.jar:0.2.0]
	at org.apache.ratis.thirdparty.io.grpc.internal.ContextRunnable.run(ContextRunnable.java:37) [ratis-thirdparty-misc-0.2.0.jar:0.2.0]
	at org.apache.ratis.thirdparty.io.grpc.internal.SerializingExecutor.run(SerializingExecutor.java:123) [ratis-thirdparty-misc-0.2.0.jar:0.2.0]
	at java.util.concurrent.ThreadPoolExecutor.runWorker(ThreadPoolExecutor.java:1149) [?:1.8.0_212]
	at java.util.concurrent.ThreadPoolExecutor$Worker.run(ThreadPoolExecutor.java:624) [?:1.8.0_212]
	at java.lang.Thread.run(Thread.java:748) [?:1.8.0_212]
2019-07-14 01:11:29,658 INFO  client.GrpcClientProtocolClient (GrpcClientProtocolClient.java:onNext(255)) - client-2479473246C7->4a10d95a-fc32-43ca-baec-962b33441fc8: receive RaftClientReply:client-2479473246C7->4a10d95a-fc32-43ca-baec-962b33441fc8@group-A56CEB851C8E, cid=233, FAILED org.apache.ratis.protocol.StateMachineException: org.apache.hadoop.hdds.scm.container.common.helpers.ContainerNotOpenException from Server 4a10d95a-fc32-43ca-baec-962b33441fc8: Container 1 in CLOSED state, logIndex=0, commits[4a10d95a-fc32-43ca-baec-962b33441fc8:c16, 414e4ec8-a841-4210-9e5f-ee36acc3bf1c:c15, 1043547d-a86b-4fba-8d83-7bfd4e36771d:c15]
01:11:29.658 [grpc-default-executor-6] ERROR DNAudit - user=null | ip=null | op=PUT_BLOCK {blockData=[blockId=conID: 1 locID: 102437138147901459 bcsId: 0,size=800]} | ret=FAILURE
org.apache.hadoop.hdds.scm.container.common.helpers.ContainerNotOpenException: Container 1 in CLOSED state
	at org.apache.hadoop.ozone.container.common.impl.HddsDispatcher.validateContainerCommand(HddsDispatcher.java:408) ~[hadoop-hdds-container-service-0.5.0-SNAPSHOT.jar:?]
	at org.apache.hadoop.ozone.container.common.transport.server.ratis.ContainerStateMachine.startTransaction(ContainerStateMachine.java:271) ~[hadoop-hdds-container-service-0.5.0-SNAPSHOT.jar:?]
	at org.apache.ratis.server.impl.RaftServerImpl.submitClientRequestAsync(RaftServerImpl.java:566) ~[ratis-server-0.4.0-2337318-SNAPSHOT.jar:0.4.0-2337318-SNAPSHOT]
	at org.apache.ratis.server.impl.RaftServerProxy.lambda$submitClientRequestAsync$7(RaftServerProxy.java:333) ~[ratis-server-0.4.0-2337318-SNAPSHOT.jar:0.4.0-2337318-SNAPSHOT]
	at org.apache.ratis.server.impl.RaftServerProxy.lambda$null$5(RaftServerProxy.java:328) ~[ratis-server-0.4.0-2337318-SNAPSHOT.jar:0.4.0-2337318-SNAPSHOT]
	at org.apache.ratis.util.JavaUtils.callAsUnchecked(JavaUtils.java:109) ~[ratis-common-0.4.0-2337318-SNAPSHOT.jar:0.4.0-2337318-SNAPSHOT]
	at org.apache.ratis.server.impl.RaftServerProxy.lambda$submitRequest$6(RaftServerProxy.java:328) ~[ratis-server-0.4.0-2337318-SNAPSHOT.jar:0.4.0-2337318-SNAPSHOT]
	at java.util.concurrent.CompletableFuture.uniComposeStage(CompletableFuture.java:981) ~[?:1.8.0_212]
	at java.util.concurrent.CompletableFuture.thenCompose(CompletableFuture.java:2124) ~[?:1.8.0_212]
	at org.apache.ratis.server.impl.RaftServerProxy.submitRequest(RaftServerProxy.java:327) ~[ratis-server-0.4.0-2337318-SNAPSHOT.jar:0.4.0-2337318-SNAPSHOT]
	at org.apache.ratis.server.impl.RaftServerProxy.submitClientRequestAsync(RaftServerProxy.java:333) ~[ratis-server-0.4.0-2337318-SNAPSHOT.jar:0.4.0-2337318-SNAPSHOT]
	at org.apache.ratis.grpc.client.GrpcClientProtocolService$RequestStreamObserver.processClientRequest(GrpcClientProtocolService.java:220) ~[ratis-grpc-0.4.0-2337318-SNAPSHOT.jar:0.4.0-2337318-SNAPSHOT]
	at org.apache.ratis.grpc.client.GrpcClientProtocolService$OrderedRequestStreamObserver.processClientRequest(GrpcClientProtocolService.java:326) ~[ratis-grpc-0.4.0-2337318-SNAPSHOT.jar:0.4.0-2337318-SNAPSHOT]
	at org.apache.ratis.util.SlidingWindow$Server.processRequestsFromHead(SlidingWindow.java:429) [ratis-common-0.4.0-2337318-SNAPSHOT.jar:0.4.0-2337318-SNAPSHOT]
	at org.apache.ratis.util.SlidingWindow$Server.receivedRequest(SlidingWindow.java:421) [ratis-common-0.4.0-2337318-SNAPSHOT.jar:0.4.0-2337318-SNAPSHOT]
	at org.apache.ratis.grpc.client.GrpcClientProtocolService$OrderedRequestStreamObserver.processClientRequest(GrpcClientProtocolService.java:345) [ratis-grpc-0.4.0-2337318-SNAPSHOT.jar:0.4.0-2337318-SNAPSHOT]
	at org.apache.ratis.grpc.client.GrpcClientProtocolService$RequestStreamObserver.onNext(GrpcClientProtocolService.java:240) [ratis-grpc-0.4.0-2337318-SNAPSHOT.jar:0.4.0-2337318-SNAPSHOT]
	at org.apache.ratis.grpc.client.GrpcClientProtocolService$RequestStreamObserver.onNext(GrpcClientProtocolService.java:168) [ratis-grpc-0.4.0-2337318-SNAPSHOT.jar:0.4.0-2337318-SNAPSHOT]
	at org.apache.ratis.thirdparty.io.grpc.stub.ServerCalls$StreamingServerCallHandler$StreamingServerCallListener.onMessage(ServerCalls.java:248) [ratis-thirdparty-misc-0.2.0.jar:0.2.0]
	at org.apache.ratis.thirdparty.io.grpc.internal.ServerCallImpl$ServerStreamListenerImpl.messagesAvailable(ServerCallImpl.java:263) [ratis-thirdparty-misc-0.2.0.jar:0.2.0]
	at org.apache.ratis.thirdparty.io.grpc.internal.ServerImpl$JumpToApplicationThreadServerStreamListener$1MessagesAvailable.runInContext(ServerImpl.java:686) [ratis-thirdparty-misc-0.2.0.jar:0.2.0]
	at org.apache.ratis.thirdparty.io.grpc.internal.ContextRunnable.run(ContextRunnable.java:37) [ratis-thirdparty-misc-0.2.0.jar:0.2.0]
	at org.apache.ratis.thirdparty.io.grpc.internal.SerializingExecutor.run(SerializingExecutor.java:123) [ratis-thirdparty-misc-0.2.0.jar:0.2.0]
	at java.util.concurrent.ThreadPoolExecutor.runWorker(ThreadPoolExecutor.java:1149) [?:1.8.0_212]
	at java.util.concurrent.ThreadPoolExecutor$Worker.run(ThreadPoolExecutor.java:624) [?:1.8.0_212]
	at java.lang.Thread.run(Thread.java:748) [?:1.8.0_212]
2019-07-14 01:11:29,659 INFO  client.GrpcClientProtocolClient (GrpcClientProtocolClient.java:onNext(255)) - client-2479473246C7->4a10d95a-fc32-43ca-baec-962b33441fc8: receive RaftClientReply:client-2479473246C7->4a10d95a-fc32-43ca-baec-962b33441fc8@group-A56CEB851C8E, cid=234, FAILED org.apache.ratis.protocol.StateMachineException: org.apache.hadoop.hdds.scm.container.common.helpers.ContainerNotOpenException from Server 4a10d95a-fc32-43ca-baec-962b33441fc8: Container 1 in CLOSED state, logIndex=0, commits[4a10d95a-fc32-43ca-baec-962b33441fc8:c16, 414e4ec8-a841-4210-9e5f-ee36acc3bf1c:c15, 1043547d-a86b-4fba-8d83-7bfd4e36771d:c15]
2019-07-14 01:11:29,666 INFO  client.GrpcClientProtocolClient (GrpcClientProtocolClient.java:onNext(255)) - client-2479473246C7->4a10d95a-fc32-43ca-baec-962b33441fc8: receive RaftClientReply:client-2479473246C7->4a10d95a-fc32-43ca-baec-962b33441fc8@group-A56CEB851C8E, cid=235, FAILED org.apache.ratis.protocol.StateMachineException: org.apache.hadoop.hdds.scm.container.common.helpers.ContainerNotOpenException from Server 4a10d95a-fc32-43ca-baec-962b33441fc8: Container 1 in CLOSED state, logIndex=0, commits[4a10d95a-fc32-43ca-baec-962b33441fc8:c16, 414e4ec8-a841-4210-9e5f-ee36acc3bf1c:c15, 1043547d-a86b-4fba-8d83-7bfd4e36771d:c15]
2019-07-14 01:11:29,811 INFO  client.GrpcClientProtocolClient (GrpcClientProtocolClient.java:onNext(255)) - client-2479473246C7->4a10d95a-fc32-43ca-baec-962b33441fc8: receive RaftClientReply:client-2479473246C7->4a10d95a-fc32-43ca-baec-962b33441fc8@group-A56CEB851C8E, cid=236, SUCCESS, logIndex=17, commits[4a10d95a-fc32-43ca-baec-962b33441fc8:c22, 414e4ec8-a841-4210-9e5f-ee36acc3bf1c:c16, 1043547d-a86b-4fba-8d83-7bfd4e36771d:c16]
2019-07-14 01:11:29,812 INFO  client.GrpcClientProtocolClient (GrpcClientProtocolClient.java:onNext(255)) - client-2479473246C7->4a10d95a-fc32-43ca-baec-962b33441fc8: receive RaftClientReply:client-2479473246C7->4a10d95a-fc32-43ca-baec-962b33441fc8@group-A56CEB851C8E, cid=237, SUCCESS, logIndex=18, commits[4a10d95a-fc32-43ca-baec-962b33441fc8:c22, 414e4ec8-a841-4210-9e5f-ee36acc3bf1c:c16, 1043547d-a86b-4fba-8d83-7bfd4e36771d:c16]
2019-07-14 01:11:29,854 INFO  client.GrpcClientProtocolClient (GrpcClientProtocolClient.java:onNext(255)) - client-2479473246C7->4a10d95a-fc32-43ca-baec-962b33441fc8: receive RaftClientReply:client-2479473246C7->4a10d95a-fc32-43ca-baec-962b33441fc8@group-A56CEB851C8E, cid=238, SUCCESS, logIndex=19, commits[4a10d95a-fc32-43ca-baec-962b33441fc8:c27, 414e4ec8-a841-4210-9e5f-ee36acc3bf1c:c22, 1043547d-a86b-4fba-8d83-7bfd4e36771d:c22]
2019-07-14 01:11:29,858 INFO  client.GrpcClientProtocolClient (GrpcClientProtocolClient.java:onNext(255)) - client-2479473246C7->4a10d95a-fc32-43ca-baec-962b33441fc8: receive RaftClientReply:client-2479473246C7->4a10d95a-fc32-43ca-baec-962b33441fc8@group-A56CEB851C8E, cid=239, SUCCESS, logIndex=20, commits[4a10d95a-fc32-43ca-baec-962b33441fc8:c27, 414e4ec8-a841-4210-9e5f-ee36acc3bf1c:c22, 1043547d-a86b-4fba-8d83-7bfd4e36771d:c22]
2019-07-14 01:11:29,859 INFO  client.GrpcClientProtocolClient (GrpcClientProtocolClient.java:onNext(255)) - client-2479473246C7->4a10d95a-fc32-43ca-baec-962b33441fc8: receive RaftClientReply:client-2479473246C7->4a10d95a-fc32-43ca-baec-962b33441fc8@group-A56CEB851C8E, cid=240, SUCCESS, logIndex=21, commits[4a10d95a-fc32-43ca-baec-962b33441fc8:c27, 414e4ec8-a841-4210-9e5f-ee36acc3bf1c:c22, 1043547d-a86b-4fba-8d83-7bfd4e36771d:c22]
2019-07-14 01:11:29,946 INFO  client.GrpcClientProtocolClient (GrpcClientProtocolClient.java:onNext(255)) - client-2479473246C7->4a10d95a-fc32-43ca-baec-962b33441fc8: receive RaftClientReply:client-2479473246C7->4a10d95a-fc32-43ca-baec-962b33441fc8@group-A56CEB851C8E, cid=241, SUCCESS, logIndex=22, commits[4a10d95a-fc32-43ca-baec-962b33441fc8:c27, 414e4ec8-a841-4210-9e5f-ee36acc3bf1c:c22, 1043547d-a86b-4fba-8d83-7bfd4e36771d:c22]
2019-07-14 01:11:29,969 INFO  client.GrpcClientProtocolClient (GrpcClientProtocolClient.java:onNext(255)) - client-2479473246C7->4a10d95a-fc32-43ca-baec-962b33441fc8: receive RaftClientReply:client-2479473246C7->4a10d95a-fc32-43ca-baec-962b33441fc8@group-A56CEB851C8E, cid=242, SUCCESS, logIndex=28, commits[4a10d95a-fc32-43ca-baec-962b33441fc8:c29, 414e4ec8-a841-4210-9e5f-ee36acc3bf1c:c27, 1043547d-a86b-4fba-8d83-7bfd4e36771d:c27]
2019-07-14 01:11:29,971 INFO  client.GrpcClientProtocolClient (GrpcClientProtocolClient.java:onNext(255)) - client-2479473246C7->4a10d95a-fc32-43ca-baec-962b33441fc8: receive RaftClientReply:client-2479473246C7->4a10d95a-fc32-43ca-baec-962b33441fc8@group-A56CEB851C8E, cid=243, SUCCESS, logIndex=29, commits[4a10d95a-fc32-43ca-baec-962b33441fc8:c29, 414e4ec8-a841-4210-9e5f-ee36acc3bf1c:c27, 1043547d-a86b-4fba-8d83-7bfd4e36771d:c27]
2019-07-14 01:11:29,988 INFO  client.GrpcClientProtocolClient (GrpcClientProtocolClient.java:onNext(255)) - client-2479473246C7->4a10d95a-fc32-43ca-baec-962b33441fc8: receive RaftClientReply:client-2479473246C7->4a10d95a-fc32-43ca-baec-962b33441fc8@group-A56CEB851C8E, cid=244, SUCCESS, logIndex=0, commits[4a10d95a-fc32-43ca-baec-962b33441fc8:c31, 414e4ec8-a841-4210-9e5f-ee36acc3bf1c:c29, 1043547d-a86b-4fba-8d83-7bfd4e36771d:c29]
2019-07-14 01:11:30,005 INFO  pipeline.Pipeline (Pipeline.java:getProtobufMessage(195)) - Serialize pipeline PipelineID=fc2d561d-c10b-43fa-a6f2-a56ceb851c8e with nodesInOrder{ }
2019-07-14 01:11:30,006 INFO  ozone.MiniOzoneClusterImpl (MiniOzoneClusterImpl.java:shutdown(321)) - Shutting down the Mini Ozone Cluster
2019-07-14 01:11:30,007 INFO  ozone.MiniOzoneClusterImpl (MiniOzoneClusterImpl.java:stop(336)) - Stopping the Mini Ozone Cluster
2019-07-14 01:11:30,007 INFO  ozone.MiniOzoneClusterImpl (MiniOzoneClusterImpl.java:stop(338)) - Stopping the OzoneManager
2019-07-14 01:11:30,007 INFO  ipc.Server (Server.java:stop(3082)) - Stopping server on 34532
2019-07-14 01:11:30,016 INFO  ipc.Server (Server.java:run(1185)) - Stopping IPC Server listener on 34532
2019-07-14 01:11:30,016 INFO  utils.BackgroundService (BackgroundService.java:shutdown(148)) - Shutting down service KeyDeletingService
2019-07-14 01:11:30,024 INFO  ipc.Server (Server.java:run(1319)) - Stopping IPC Server Responder
2019-07-14 01:11:30,043 INFO  handler.ContextHandler (ContextHandler.java:doStop(910)) - Stopped o.e.j.w.WebAppContext@737e4a7b{/,null,UNAVAILABLE}{/ozoneManager}
2019-07-14 01:11:30,044 INFO  server.AbstractConnector (AbstractConnector.java:doStop(318)) - Stopped ServerConnector@5f5caea5{HTTP/1.1,[http/1.1]}{0.0.0.0:0}
2019-07-14 01:11:30,044 INFO  handler.ContextHandler (ContextHandler.java:doStop(910)) - Stopped o.e.j.s.ServletContextHandler@5068a2b1{/static,file:///tmp/workdir/hadoop-ozone/integration-test/target/test-classes/webapps/static,UNAVAILABLE}
2019-07-14 01:11:30,044 INFO  handler.ContextHandler (ContextHandler.java:doStop(910)) - Stopped o.e.j.s.ServletContextHandler@75f3c0c9{/logs,file:///tmp/workdir/hadoop-ozone/integration-test/target/log,UNAVAILABLE}
2019-07-14 01:11:30,047 INFO  ozone.MiniOzoneClusterImpl (MiniOzoneClusterImpl.java:stop(344)) - Shutting the HddsDatanodes
2019-07-14 01:11:30,048 INFO  datanode.ObjectStoreHandler (ObjectStoreHandler.java:close(155)) - Closing ObjectStoreHandler.
2019-07-14 01:11:30,048 INFO  datanode.ObjectStoreHandler (ObjectStoreHandler.java:close(155)) - Closing ObjectStoreHandler.
2019-07-14 01:11:30,048 INFO  ozone.HddsDatanodeService (HddsDatanodeService.java:stop(452)) - Stopped plug-in org.apache.hadoop.ozone.web.OzoneHddsDatanodeService@4037a204
2019-07-14 01:11:30,048 INFO  ozone.HddsDatanodeService (HddsDatanodeService.java:stop(452)) - Stopped plug-in org.apache.hadoop.ozone.web.OzoneHddsDatanodeService@32a37d12
2019-07-14 01:11:30,738 INFO  statemachine.DatanodeStateMachine (DatanodeStateMachine.java:lambda$startDaemon$0(350)) - Ozone container server started.
2019-07-14 01:11:30,798 INFO  statemachine.DatanodeStateMachine (DatanodeStateMachine.java:lambda$startDaemon$0(350)) - Ozone container server started.
2019-07-14 01:11:34,761 INFO  node.StaleNodeHandler (StaleNodeHandler.java:onMessage(58)) - Datanode a1b95934-5204-42ea-9e02-af5e99675e4a{ip: 192.168.157.230, host: trunk-nightly-sxkq5-3320257302, networkLocation: /default-rack, certSerialId: null} moved to stale state. Finalizing its pipelines [PipelineID=5d10df26-76db-4106-98a0-e89906a80882, PipelineID=01df31c6-eec4-43cb-a782-8f7df759b7bb]
2019-07-14 01:11:34,762 INFO  pipeline.SCMPipelineManager (SCMPipelineManager.java:finalizeAndDestroyPipeline(309)) - destroying pipeline:Pipeline[ Id: 5d10df26-76db-4106-98a0-e89906a80882, Nodes: a1b95934-5204-42ea-9e02-af5e99675e4a{ip: 192.168.157.230, host: trunk-nightly-sxkq5-3320257302, networkLocation: /default-rack, certSerialId: null}, Type:RATIS, Factor:ONE, State:OPEN]
2019-07-14 01:11:34,762 INFO  pipeline.PipelineStateManager (PipelineStateManager.java:finalizePipeline(123)) - Pipeline Pipeline[ Id: 5d10df26-76db-4106-98a0-e89906a80882, Nodes: a1b95934-5204-42ea-9e02-af5e99675e4a{ip: 192.168.157.230, host: trunk-nightly-sxkq5-3320257302, networkLocation: /default-rack, certSerialId: null}, Type:RATIS, Factor:ONE, State:CLOSED] moved to CLOSED state
2019-07-14 01:11:34,762 INFO  pipeline.SCMPipelineManager (SCMPipelineManager.java:finalizeAndDestroyPipeline(309)) - destroying pipeline:Pipeline[ Id: 01df31c6-eec4-43cb-a782-8f7df759b7bb, Nodes: a1b95934-5204-42ea-9e02-af5e99675e4a{ip: 192.168.157.230, host: trunk-nightly-sxkq5-3320257302, networkLocation: /default-rack, certSerialId: null}5a88bb18-a471-4f7f-9c87-6417d7d13968{ip: 192.168.157.230, host: trunk-nightly-sxkq5-3320257302, networkLocation: /default-rack, certSerialId: null}df5639b5-8d27-41f9-bfe0-08f3354f2ffa{ip: 192.168.157.230, host: trunk-nightly-sxkq5-3320257302, networkLocation: /default-rack, certSerialId: null}, Type:RATIS, Factor:THREE, State:OPEN]
2019-07-14 01:11:34,762 INFO  pipeline.PipelineStateManager (PipelineStateManager.java:finalizePipeline(123)) - Pipeline Pipeline[ Id: 01df31c6-eec4-43cb-a782-8f7df759b7bb, Nodes: a1b95934-5204-42ea-9e02-af5e99675e4a{ip: 192.168.157.230, host: trunk-nightly-sxkq5-3320257302, networkLocation: /default-rack, certSerialId: null}5a88bb18-a471-4f7f-9c87-6417d7d13968{ip: 192.168.157.230, host: trunk-nightly-sxkq5-3320257302, networkLocation: /default-rack, certSerialId: null}df5639b5-8d27-41f9-bfe0-08f3354f2ffa{ip: 192.168.157.230, host: trunk-nightly-sxkq5-3320257302, networkLocation: /default-rack, certSerialId: null}, Type:RATIS, Factor:THREE, State:CLOSED] moved to CLOSED state
2019-07-14 01:11:34,861 INFO  node.StaleNodeHandler (StaleNodeHandler.java:onMessage(58)) - Datanode 414e4ec8-a841-4210-9e5f-ee36acc3bf1c{ip: 192.168.157.230, host: trunk-nightly-sxkq5-3320257302, networkLocation: /default-rack, certSerialId: null} moved to stale state. Finalizing its pipelines [PipelineID=88a38524-b182-4304-bd70-5e0bcbdb9655, PipelineID=fc2d561d-c10b-43fa-a6f2-a56ceb851c8e]
2019-07-14 01:11:34,862 INFO  pipeline.SCMPipelineManager (SCMPipelineManager.java:finalizeAndDestroyPipeline(309)) - destroying pipeline:Pipeline[ Id: 88a38524-b182-4304-bd70-5e0bcbdb9655, Nodes: 414e4ec8-a841-4210-9e5f-ee36acc3bf1c{ip: 192.168.157.230, host: trunk-nightly-sxkq5-3320257302, networkLocation: /default-rack, certSerialId: null}, Type:RATIS, Factor:ONE, State:OPEN]
2019-07-14 01:11:34,862 INFO  pipeline.PipelineStateManager (PipelineStateManager.java:finalizePipeline(123)) - Pipeline Pipeline[ Id: 88a38524-b182-4304-bd70-5e0bcbdb9655, Nodes: 414e4ec8-a841-4210-9e5f-ee36acc3bf1c{ip: 192.168.157.230, host: trunk-nightly-sxkq5-3320257302, networkLocation: /default-rack, certSerialId: null}, Type:RATIS, Factor:ONE, State:CLOSED] moved to CLOSED state
2019-07-14 01:11:34,862 INFO  pipeline.SCMPipelineManager (SCMPipelineManager.java:finalizeAndDestroyPipeline(309)) - destroying pipeline:Pipeline[ Id: fc2d561d-c10b-43fa-a6f2-a56ceb851c8e, Nodes: 414e4ec8-a841-4210-9e5f-ee36acc3bf1c{ip: 192.168.157.230, host: trunk-nightly-sxkq5-3320257302, networkLocation: /default-rack, certSerialId: null}4a10d95a-fc32-43ca-baec-962b33441fc8{ip: 192.168.157.230, host: trunk-nightly-sxkq5-3320257302, networkLocation: /default-rack, certSerialId: null}1043547d-a86b-4fba-8d83-7bfd4e36771d{ip: 192.168.157.230, host: trunk-nightly-sxkq5-3320257302, networkLocation: /default-rack, certSerialId: null}, Type:RATIS, Factor:THREE, State:OPEN]
2019-07-14 01:11:34,862 INFO  pipeline.PipelineStateManager (PipelineStateManager.java:finalizePipeline(123)) - Pipeline Pipeline[ Id: fc2d561d-c10b-43fa-a6f2-a56ceb851c8e, Nodes: 414e4ec8-a841-4210-9e5f-ee36acc3bf1c{ip: 192.168.157.230, host: trunk-nightly-sxkq5-3320257302, networkLocation: /default-rack, certSerialId: null}4a10d95a-fc32-43ca-baec-962b33441fc8{ip: 192.168.157.230, host: trunk-nightly-sxkq5-3320257302, networkLocation: /default-rack, certSerialId: null}1043547d-a86b-4fba-8d83-7bfd4e36771d{ip: 192.168.157.230, host: trunk-nightly-sxkq5-3320257302, networkLocation: /default-rack, certSerialId: null}, Type:RATIS, Factor:THREE, State:CLOSED] moved to CLOSED state
2019-07-14 01:11:34,863 INFO  container.CloseContainerEventHandler (CloseContainerEventHandler.java:onMessage(61)) - Close container Event triggered for container : #2
2019-07-14 01:11:35,049 INFO  ozoneimpl.OzoneContainer (OzoneContainer.java:stop(199)) - Attempting to stop container services.
2019-07-14 01:11:35,049 INFO  ozoneimpl.OzoneContainer (OzoneContainer.java:stop(199)) - Attempting to stop container services.
2019-07-14 01:11:35,050 INFO  impl.RaftServerProxy (RaftServerProxy.java:lambda$close$4(314)) - a1b95934-5204-42ea-9e02-af5e99675e4a: close
2019-07-14 01:11:35,050 INFO  impl.RaftServerProxy (RaftServerProxy.java:lambda$close$4(314)) - 414e4ec8-a841-4210-9e5f-ee36acc3bf1c: close
2019-07-14 01:11:35,050 INFO  impl.RaftServerImpl (RaftServerImpl.java:lambda$shutdown$3(245)) - a1b95934-5204-42ea-9e02-af5e99675e4a: shutdown group-E89906A80882
2019-07-14 01:11:35,050 INFO  impl.RaftServerImpl (RaftServerImpl.java:lambda$shutdown$3(245)) - 414e4ec8-a841-4210-9e5f-ee36acc3bf1c: shutdown group-5E0BCBDB9655
2019-07-14 01:11:35,051 INFO  util.JmxRegister (JmxRegister.java:unregister(73)) - Successfully un-registered JMX Bean with object name Ratis:service=RaftServer,group=group-E89906A80882,id=a1b95934-5204-42ea-9e02-af5e99675e4a
2019-07-14 01:11:35,051 INFO  util.JmxRegister (JmxRegister.java:unregister(73)) - Successfully un-registered JMX Bean with object name Ratis:service=RaftServer,group=group-5E0BCBDB9655,id=414e4ec8-a841-4210-9e5f-ee36acc3bf1c
2019-07-14 01:11:35,052 INFO  impl.RoleInfo (RoleInfo.java:shutdownLeaderState(104)) - a1b95934-5204-42ea-9e02-af5e99675e4a: shutdown LeaderState
2019-07-14 01:11:35,052 INFO  impl.RoleInfo (RoleInfo.java:shutdownLeaderState(104)) - 414e4ec8-a841-4210-9e5f-ee36acc3bf1c: shutdown LeaderState
2019-07-14 01:11:35,052 INFO  impl.PendingRequests (PendingRequests.java:sendNotLeaderResponses(202)) - a1b95934-5204-42ea-9e02-af5e99675e4a-PendingRequests: sendNotLeaderResponses
2019-07-14 01:11:35,053 INFO  impl.PendingRequests (PendingRequests.java:sendNotLeaderResponses(202)) - 414e4ec8-a841-4210-9e5f-ee36acc3bf1c-PendingRequests: sendNotLeaderResponses
2019-07-14 01:11:35,053 INFO  ratis.ContainerStateMachine (ContainerStateMachine.java:takeSnapshot(246)) - Taking snapshot at termIndex:(t:0, i:~)
2019-07-14 01:11:35,053 INFO  impl.StateMachineUpdater (StateMachineUpdater.java:stopAndJoin(115)) - StateMachineUpdater:a1b95934-5204-42ea-9e02-af5e99675e4a:group-E89906A80882: set stopIndex = 0
2019-07-14 01:11:35,054 INFO  impl.RaftServerImpl (ServerState.java:close(394)) - a1b95934-5204-42ea-9e02-af5e99675e4a:group-E89906A80882 closes. The last applied log index is 0
2019-07-14 01:11:35,054 INFO  ratis.ContainerStateMachine (ContainerStateMachine.java:takeSnapshot(246)) - Taking snapshot at termIndex:(t:0, i:~)
2019-07-14 01:11:35,055 INFO  segmented.SegmentedRaftLogWorker (SegmentedRaftLogWorker.java:run(313)) - a1b95934-5204-42ea-9e02-af5e99675e4a-SegmentedRaftLogWorker:Storage Directory /tmp/workdir/hadoop-ozone/integration-test/target/test-dir/MiniOzoneClusterImpl-1c1210bb-655e-47e6-ae7e-d700eb333cd1/datanode-4/data/ratis/5d10df26-76db-4106-98a0-e89906a80882 was interrupted, exiting. There are 0 tasks remaining in the queue.
2019-07-14 01:11:35,054 INFO  impl.StateMachineUpdater (StateMachineUpdater.java:stopAndJoin(115)) - StateMachineUpdater:414e4ec8-a841-4210-9e5f-ee36acc3bf1c:group-5E0BCBDB9655: set stopIndex = 0
2019-07-14 01:11:35,060 INFO  impl.RaftServerImpl (ServerState.java:close(394)) - 414e4ec8-a841-4210-9e5f-ee36acc3bf1c:group-5E0BCBDB9655 closes. The last applied log index is 0
2019-07-14 01:11:35,060 INFO  segmented.SegmentedRaftLogWorker (SegmentedRaftLogWorker.java:close(228)) - a1b95934-5204-42ea-9e02-af5e99675e4a-SegmentedRaftLogWorker:Storage Directory /tmp/workdir/hadoop-ozone/integration-test/target/test-dir/MiniOzoneClusterImpl-1c1210bb-655e-47e6-ae7e-d700eb333cd1/datanode-4/data/ratis/5d10df26-76db-4106-98a0-e89906a80882 close()
2019-07-14 01:11:35,060 INFO  segmented.SegmentedRaftLogWorker (SegmentedRaftLogWorker.java:run(313)) - 414e4ec8-a841-4210-9e5f-ee36acc3bf1c-SegmentedRaftLogWorker:Storage Directory /tmp/workdir/hadoop-ozone/integration-test/target/test-dir/MiniOzoneClusterImpl-1c1210bb-655e-47e6-ae7e-d700eb333cd1/datanode-1/data/ratis/88a38524-b182-4304-bd70-5e0bcbdb9655 was interrupted, exiting. There are 0 tasks remaining in the queue.
2019-07-14 01:11:35,066 INFO  impl.RaftServerImpl (RaftServerImpl.java:lambda$shutdown$3(245)) - a1b95934-5204-42ea-9e02-af5e99675e4a: shutdown group-8F7DF759B7BB
2019-07-14 01:11:35,069 INFO  util.JmxRegister (JmxRegister.java:unregister(73)) - Successfully un-registered JMX Bean with object name Ratis:service=RaftServer,group=group-8F7DF759B7BB,id=a1b95934-5204-42ea-9e02-af5e99675e4a
2019-07-14 01:11:35,070 INFO  impl.RoleInfo (RoleInfo.java:shutdownLeaderState(104)) - a1b95934-5204-42ea-9e02-af5e99675e4a: shutdown LeaderState
2019-07-14 01:11:35,075 INFO  segmented.SegmentedRaftLogWorker (SegmentedRaftLogWorker.java:close(228)) - 414e4ec8-a841-4210-9e5f-ee36acc3bf1c-SegmentedRaftLogWorker:Storage Directory /tmp/workdir/hadoop-ozone/integration-test/target/test-dir/MiniOzoneClusterImpl-1c1210bb-655e-47e6-ae7e-d700eb333cd1/datanode-1/data/ratis/88a38524-b182-4304-bd70-5e0bcbdb9655 close()
2019-07-14 01:11:35,075 WARN  server.GrpcLogAppender (GrpcLogAppender.java:mayWait(143)) - GrpcLogAppender(a1b95934-5204-42ea-9e02-af5e99675e4a->5a88bb18-a471-4f7f-9c87-6417d7d13968): Wait interrupted by java.lang.InterruptedException
2019-07-14 01:11:35,075 WARN  server.GrpcLogAppender (GrpcLogAppender.java:mayWait(143)) - GrpcLogAppender(a1b95934-5204-42ea-9e02-af5e99675e4a->df5639b5-8d27-41f9-bfe0-08f3354f2ffa): Wait interrupted by java.lang.InterruptedException
2019-07-14 01:11:35,075 INFO  impl.PendingRequests (PendingRequests.java:sendNotLeaderResponses(202)) - a1b95934-5204-42ea-9e02-af5e99675e4a-PendingRequests: sendNotLeaderResponses
2019-07-14 01:11:35,082 INFO  server.GrpcServerProtocolService (GrpcServerProtocolService.java:onCompleted(104)) - df5639b5-8d27-41f9-bfe0-08f3354f2ffa: appendEntries completed
2019-07-14 01:11:35,083 INFO  ratis.ContainerStateMachine (ContainerStateMachine.java:takeSnapshot(246)) - Taking snapshot at termIndex:(t:0, i:~)
2019-07-14 01:11:35,082 INFO  server.GrpcServerProtocolService (GrpcServerProtocolService.java:onCompleted(104)) - 5a88bb18-a471-4f7f-9c87-6417d7d13968: appendEntries completed
2019-07-14 01:11:35,082 INFO  impl.RaftServerImpl (RaftServerImpl.java:lambda$shutdown$3(245)) - 414e4ec8-a841-4210-9e5f-ee36acc3bf1c: shutdown group-A56CEB851C8E
2019-07-14 01:11:35,083 INFO  server.GrpcLogAppender (GrpcLogAppender.java:onCompleted(292)) - a1b95934-5204-42ea-9e02-af5e99675e4a->df5639b5-8d27-41f9-bfe0-08f3354f2ffa: follower responses appendEntries COMPLETED
2019-07-14 01:11:35,083 INFO  impl.StateMachineUpdater (StateMachineUpdater.java:stopAndJoin(115)) - StateMachineUpdater:a1b95934-5204-42ea-9e02-af5e99675e4a:group-8F7DF759B7BB: set stopIndex = 0
2019-07-14 01:11:35,084 INFO  impl.FollowerInfo (FollowerInfo.java:lambda$new$0(50)) - a1b95934-5204-42ea-9e02-af5e99675e4a->df5639b5-8d27-41f9-bfe0-08f3354f2ffa: nextIndex: updateUnconditionally 1 -> 0
2019-07-14 01:11:35,083 INFO  server.GrpcLogAppender (GrpcLogAppender.java:onCompleted(292)) - a1b95934-5204-42ea-9e02-af5e99675e4a->5a88bb18-a471-4f7f-9c87-6417d7d13968: follower responses appendEntries COMPLETED
2019-07-14 01:11:35,083 INFO  util.JmxRegister (JmxRegister.java:unregister(73)) - Successfully un-registered JMX Bean with object name Ratis:service=RaftServer,group=group-A56CEB851C8E,id=414e4ec8-a841-4210-9e5f-ee36acc3bf1c
2019-07-14 01:11:35,085 INFO  impl.FollowerInfo (FollowerInfo.java:lambda$new$0(50)) - a1b95934-5204-42ea-9e02-af5e99675e4a->5a88bb18-a471-4f7f-9c87-6417d7d13968: nextIndex: updateUnconditionally 1 -> 0
2019-07-14 01:11:35,084 INFO  impl.RaftServerImpl (ServerState.java:close(394)) - a1b95934-5204-42ea-9e02-af5e99675e4a:group-8F7DF759B7BB closes. The last applied log index is 0
2019-07-14 01:11:35,085 INFO  impl.RoleInfo (RoleInfo.java:shutdownFollowerState(121)) - 414e4ec8-a841-4210-9e5f-ee36acc3bf1c: shutdown FollowerState
2019-07-14 01:11:35,086 INFO  segmented.SegmentedRaftLogWorker (SegmentedRaftLogWorker.java:run(313)) - a1b95934-5204-42ea-9e02-af5e99675e4a-SegmentedRaftLogWorker:Storage Directory /tmp/workdir/hadoop-ozone/integration-test/target/test-dir/MiniOzoneClusterImpl-1c1210bb-655e-47e6-ae7e-d700eb333cd1/datanode-4/data/ratis/01df31c6-eec4-43cb-a782-8f7df759b7bb was interrupted, exiting. There are 0 tasks remaining in the queue.
2019-07-14 01:11:35,086 INFO  ratis.ContainerStateMachine (ContainerStateMachine.java:takeSnapshot(246)) - Taking snapshot at termIndex:(t:1, i:29)
2019-07-14 01:11:35,086 INFO  impl.StateMachineUpdater (StateMachineUpdater.java:stopAndJoin(115)) - StateMachineUpdater:414e4ec8-a841-4210-9e5f-ee36acc3bf1c:group-A56CEB851C8E: set stopIndex = 31
2019-07-14 01:11:35,089 INFO  segmented.SegmentedRaftLogWorker (SegmentedRaftLogWorker.java:close(228)) - a1b95934-5204-42ea-9e02-af5e99675e4a-SegmentedRaftLogWorker:Storage Directory /tmp/workdir/hadoop-ozone/integration-test/target/test-dir/MiniOzoneClusterImpl-1c1210bb-655e-47e6-ae7e-d700eb333cd1/datanode-4/data/ratis/01df31c6-eec4-43cb-a782-8f7df759b7bb close()
2019-07-14 01:11:35,089 INFO  ratis.ContainerStateMachine (ContainerStateMachine.java:takeSnapshot(250)) - Taking a snapshot to file /tmp/workdir/hadoop-ozone/integration-test/target/test-dir/MiniOzoneClusterImpl-1c1210bb-655e-47e6-ae7e-d700eb333cd1/datanode-1/data/ratis/fc2d561d-c10b-43fa-a6f2-a56ceb851c8e/sm/snapshot.1_29
2019-07-14 01:11:35,095 INFO  server.GrpcService (GrpcService.java:closeImpl(155)) - a1b95934-5204-42ea-9e02-af5e99675e4a: shutdown server with port 34198 now
2019-07-14 01:11:35,086 INFO  impl.FollowerState (FollowerState.java:run(114)) - 414e4ec8-a841-4210-9e5f-ee36acc3bf1c: FollowerState was interrupted: java.lang.InterruptedException: sleep interrupted
2019-07-14 01:11:35,098 INFO  impl.StateMachineUpdater (StateMachineUpdater.java:takeSnapshot(242)) - StateMachineUpdater:414e4ec8-a841-4210-9e5f-ee36acc3bf1c:group-A56CEB851C8E: Took a snapshot at index 29
2019-07-14 01:11:35,098 INFO  server.GrpcService (GrpcService.java:closeImpl(163)) - a1b95934-5204-42ea-9e02-af5e99675e4a: shutdown server with port 34198 successfully
2019-07-14 01:11:35,098 INFO  impl.StateMachineUpdater (StateMachineUpdater.java:lambda$new$0(80)) - StateMachineUpdater:414e4ec8-a841-4210-9e5f-ee36acc3bf1c:group-A56CEB851C8E: snapshotIndex: updateIncreasingly -1 -> 29
2019-07-14 01:11:35,099 INFO  impl.RaftServerImpl (ServerState.java:close(394)) - 414e4ec8-a841-4210-9e5f-ee36acc3bf1c:group-A56CEB851C8E closes. The last applied log index is 31
2019-07-14 01:11:35,099 INFO  segmented.SegmentedRaftLogWorker (SegmentedRaftLogWorker.java:run(313)) - 414e4ec8-a841-4210-9e5f-ee36acc3bf1c-SegmentedRaftLogWorker:Storage Directory /tmp/workdir/hadoop-ozone/integration-test/target/test-dir/MiniOzoneClusterImpl-1c1210bb-655e-47e6-ae7e-d700eb333cd1/datanode-1/data/ratis/fc2d561d-c10b-43fa-a6f2-a56ceb851c8e was interrupted, exiting. There are 0 tasks remaining in the queue.
2019-07-14 01:11:35,100 INFO  utils.BackgroundService (BackgroundService.java:shutdown(148)) - Shutting down service BlockDeletingService
2019-07-14 01:11:35,104 INFO  segmented.SegmentedRaftLogWorker (SegmentedRaftLogWorker.java:close(228)) - 414e4ec8-a841-4210-9e5f-ee36acc3bf1c-SegmentedRaftLogWorker:Storage Directory /tmp/workdir/hadoop-ozone/integration-test/target/test-dir/MiniOzoneClusterImpl-1c1210bb-655e-47e6-ae7e-d700eb333cd1/datanode-1/data/ratis/fc2d561d-c10b-43fa-a6f2-a56ceb851c8e close()
2019-07-14 01:11:35,110 INFO  server.GrpcService (GrpcService.java:closeImpl(155)) - 414e4ec8-a841-4210-9e5f-ee36acc3bf1c: shutdown server with port 46777 now
2019-07-14 01:11:35,111 WARN  server.GrpcServerProtocolService (LogUtils.java:warn(134)) - 414e4ec8-a841-4210-9e5f-ee36acc3bf1c: appendEntries onError: org.apache.ratis.thirdparty.io.grpc.StatusRuntimeException: CANCELLED: cancelled before receiving half close
2019-07-14 01:11:35,111 INFO  server.GrpcService (GrpcService.java:closeImpl(163)) - 414e4ec8-a841-4210-9e5f-ee36acc3bf1c: shutdown server with port 46777 successfully
2019-07-14 01:11:35,112 WARN  server.GrpcLogAppender (LogUtils.java:warn(134)) - 4a10d95a-fc32-43ca-baec-962b33441fc8->414e4ec8-a841-4210-9e5f-ee36acc3bf1c: Failed appendEntries: org.apache.ratis.thirdparty.io.grpc.StatusRuntimeException: CANCELLED: HTTP/2 error code: CANCEL
Received Rst Stream
2019-07-14 01:11:35,112 INFO  utils.BackgroundService (BackgroundService.java:shutdown(148)) - Shutting down service BlockDeletingService
2019-07-14 01:11:35,112 INFO  impl.FollowerInfo (FollowerInfo.java:lambda$new$0(50)) - 4a10d95a-fc32-43ca-baec-962b33441fc8->414e4ec8-a841-4210-9e5f-ee36acc3bf1c: nextIndex: updateUnconditionally 32 -> 31
2019-07-14 01:11:35,118 WARN  fs.CachingGetSpaceUsed (CachingGetSpaceUsed.java:run(183)) - Thread Interrupted waiting to refresh disk information: sleep interrupted
2019-07-14 01:11:35,119 WARN  fs.CachingGetSpaceUsed (CachingGetSpaceUsed.java:run(183)) - Thread Interrupted waiting to refresh disk information: sleep interrupted
2019-07-14 01:11:35,138 INFO  statemachine.DatanodeStateMachine (DatanodeStateMachine.java:stopDaemon(395)) - Ozone container server stopped.
2019-07-14 01:11:35,145 INFO  handler.ContextHandler (ContextHandler.java:doStop(910)) - Stopped o.e.j.w.WebAppContext@47c8c176{/,null,UNAVAILABLE}{/hddsDatanode}
2019-07-14 01:11:35,146 INFO  server.AbstractConnector (AbstractConnector.java:doStop(318)) - Stopped ServerConnector@5d9b79a2{HTTP/1.1,[http/1.1]}{0.0.0.0:0}
2019-07-14 01:11:35,150 INFO  handler.ContextHandler (ContextHandler.java:doStop(910)) - Stopped o.e.j.s.ServletContextHandler@2e70d072{/static,jar:file:/home/user/.m2/repository/org/apache/hadoop/hadoop-hdds-container-service/0.5.0-SNAPSHOT/hadoop-hdds-container-service-0.5.0-SNAPSHOT.jar!/webapps/static,UNAVAILABLE}
2019-07-14 01:11:35,152 INFO  statemachine.DatanodeStateMachine (DatanodeStateMachine.java:stopDaemon(395)) - Ozone container server stopped.
2019-07-14 01:11:35,152 INFO  handler.ContextHandler (ContextHandler.java:doStop(910)) - Stopped o.e.j.s.ServletContextHandler@1a177f2c{/logs,file:///tmp/workdir/hadoop-ozone/integration-test/target/log,UNAVAILABLE}
2019-07-14 01:11:35,153 INFO  handler.ContextHandler (ContextHandler.java:doStop(910)) - Stopped o.e.j.w.WebAppContext@4a907e5a{/,null,UNAVAILABLE}{/hddsDatanode}
2019-07-14 01:11:35,153 INFO  datanode.ObjectStoreHandler (ObjectStoreHandler.java:close(155)) - Closing ObjectStoreHandler.
2019-07-14 01:11:35,153 INFO  server.AbstractConnector (AbstractConnector.java:doStop(318)) - Stopped ServerConnector@52c22bc5{HTTP/1.1,[http/1.1]}{0.0.0.0:0}
2019-07-14 01:11:35,154 INFO  ozone.HddsDatanodeService (HddsDatanodeService.java:stop(452)) - Stopped plug-in org.apache.hadoop.ozone.web.OzoneHddsDatanodeService@5cdf6bb1
2019-07-14 01:11:35,154 INFO  handler.ContextHandler (ContextHandler.java:doStop(910)) - Stopped o.e.j.s.ServletContextHandler@4d13b552{/static,jar:file:/home/user/.m2/repository/org/apache/hadoop/hadoop-hdds-container-service/0.5.0-SNAPSHOT/hadoop-hdds-container-service-0.5.0-SNAPSHOT.jar!/webapps/static,UNAVAILABLE}
2019-07-14 01:11:35,154 INFO  handler.ContextHandler (ContextHandler.java:doStop(910)) - Stopped o.e.j.s.ServletContextHandler@76ad048a{/logs,file:///tmp/workdir/hadoop-ozone/integration-test/target/log,UNAVAILABLE}
2019-07-14 01:11:35,155 INFO  datanode.ObjectStoreHandler (ObjectStoreHandler.java:close(155)) - Closing ObjectStoreHandler.
2019-07-14 01:11:35,156 INFO  ozone.HddsDatanodeService (HddsDatanodeService.java:stop(452)) - Stopped plug-in org.apache.hadoop.ozone.web.OzoneHddsDatanodeService@3e13a74
2019-07-14 01:11:35,566 INFO  statemachine.DatanodeStateMachine (DatanodeStateMachine.java:lambda$startDaemon$0(350)) - Ozone container server started.
2019-07-14 01:11:35,797 INFO  statemachine.DatanodeStateMachine (DatanodeStateMachine.java:lambda$startDaemon$0(350)) - Ozone container server started.
2019-07-14 01:11:37,493 WARN  server.GrpcLogAppender (LogUtils.java:warn(134)) - 4a10d95a-fc32-43ca-baec-962b33441fc8->414e4ec8-a841-4210-9e5f-ee36acc3bf1c: Failed appendEntries: org.apache.ratis.thirdparty.io.grpc.StatusRuntimeException: UNAVAILABLE: io exception
2019-07-14 01:11:37,494 INFO  impl.FollowerInfo (FollowerInfo.java:lambda$new$0(50)) - 4a10d95a-fc32-43ca-baec-962b33441fc8->414e4ec8-a841-4210-9e5f-ee36acc3bf1c: nextIndex: updateUnconditionally 31 -> 30
2019-07-14 01:11:37,803 WARN  server.GrpcLogAppender (LogUtils.java:warn(134)) - 4a10d95a-fc32-43ca-baec-962b33441fc8->414e4ec8-a841-4210-9e5f-ee36acc3bf1c: Failed appendEntries: org.apache.ratis.thirdparty.io.grpc.StatusRuntimeException: UNAVAILABLE: io exception
2019-07-14 01:11:37,803 INFO  impl.FollowerInfo (FollowerInfo.java:lambda$new$0(50)) - 4a10d95a-fc32-43ca-baec-962b33441fc8->414e4ec8-a841-4210-9e5f-ee36acc3bf1c: nextIndex: updateUnconditionally 31 -> 30
2019-07-14 01:11:37,814 WARN  server.GrpcLogAppender (LogUtils.java:warn(134)) - 4a10d95a-fc32-43ca-baec-962b33441fc8->414e4ec8-a841-4210-9e5f-ee36acc3bf1c: Failed appendEntries: org.apache.ratis.thirdparty.io.grpc.StatusRuntimeException: UNAVAILABLE: io exception
2019-07-14 01:11:37,815 INFO  impl.FollowerInfo (FollowerInfo.java:lambda$new$0(50)) - 4a10d95a-fc32-43ca-baec-962b33441fc8->414e4ec8-a841-4210-9e5f-ee36acc3bf1c: nextIndex: updateUnconditionally 31 -> 30
2019-07-14 01:11:37,826 WARN  server.GrpcLogAppender (LogUtils.java:warn(134)) - 4a10d95a-fc32-43ca-baec-962b33441fc8->414e4ec8-a841-4210-9e5f-ee36acc3bf1c: Failed appendEntries: org.apache.ratis.thirdparty.io.grpc.StatusRuntimeException: UNAVAILABLE: io exception
2019-07-14 01:11:37,827 INFO  impl.FollowerInfo (FollowerInfo.java:lambda$new$0(50)) - 4a10d95a-fc32-43ca-baec-962b33441fc8->414e4ec8-a841-4210-9e5f-ee36acc3bf1c: nextIndex: updateUnconditionally 31 -> 30
2019-07-14 01:11:37,845 INFO  interfaces.Container (KeyValueContainer.java:compactDB(356)) - Container 2 is closed with bcsId 29.
2019-07-14 01:11:37,871 INFO  interfaces.Container (KeyValueContainer.java:compactDB(356)) - Container 2 is closed with bcsId 29.
2019-07-14 01:11:39,572 INFO  node.StaleNodeHandler (StaleNodeHandler.java:onMessage(58)) - Datanode 5a88bb18-a471-4f7f-9c87-6417d7d13968{ip: 192.168.157.230, host: trunk-nightly-sxkq5-3320257302, networkLocation: /default-rack, certSerialId: null} moved to stale state. Finalizing its pipelines [PipelineID=2659c703-7b61-42d4-9a03-7de462fa327b, PipelineID=01df31c6-eec4-43cb-a782-8f7df759b7bb]
2019-07-14 01:11:39,572 INFO  pipeline.SCMPipelineManager (SCMPipelineManager.java:finalizeAndDestroyPipeline(309)) - destroying pipeline:Pipeline[ Id: 2659c703-7b61-42d4-9a03-7de462fa327b, Nodes: 5a88bb18-a471-4f7f-9c87-6417d7d13968{ip: 192.168.157.230, host: trunk-nightly-sxkq5-3320257302, networkLocation: /default-rack, certSerialId: null}, Type:RATIS, Factor:ONE, State:OPEN]
2019-07-14 01:11:39,573 INFO  pipeline.PipelineStateManager (PipelineStateManager.java:finalizePipeline(123)) - Pipeline Pipeline[ Id: 2659c703-7b61-42d4-9a03-7de462fa327b, Nodes: 5a88bb18-a471-4f7f-9c87-6417d7d13968{ip: 192.168.157.230, host: trunk-nightly-sxkq5-3320257302, networkLocation: /default-rack, certSerialId: null}, Type:RATIS, Factor:ONE, State:CLOSED] moved to CLOSED state
2019-07-14 01:11:39,573 INFO  pipeline.SCMPipelineManager (SCMPipelineManager.java:finalizeAndDestroyPipeline(309)) - destroying pipeline:Pipeline[ Id: 01df31c6-eec4-43cb-a782-8f7df759b7bb, Nodes: a1b95934-5204-42ea-9e02-af5e99675e4a{ip: 192.168.157.230, host: trunk-nightly-sxkq5-3320257302, networkLocation: /default-rack, certSerialId: null}5a88bb18-a471-4f7f-9c87-6417d7d13968{ip: 192.168.157.230, host: trunk-nightly-sxkq5-3320257302, networkLocation: /default-rack, certSerialId: null}df5639b5-8d27-41f9-bfe0-08f3354f2ffa{ip: 192.168.157.230, host: trunk-nightly-sxkq5-3320257302, networkLocation: /default-rack, certSerialId: null}, Type:RATIS, Factor:THREE, State:CLOSED]
2019-07-14 01:11:39,873 INFO  node.StaleNodeHandler (StaleNodeHandler.java:onMessage(58)) - Datanode 1043547d-a86b-4fba-8d83-7bfd4e36771d{ip: 192.168.157.230, host: trunk-nightly-sxkq5-3320257302, networkLocation: /default-rack, certSerialId: null} moved to stale state. Finalizing its pipelines [PipelineID=fc2d561d-c10b-43fa-a6f2-a56ceb851c8e, PipelineID=9c82c248-a03e-409b-aa08-669011767c27]
2019-07-14 01:11:39,873 INFO  pipeline.SCMPipelineManager (SCMPipelineManager.java:finalizeAndDestroyPipeline(309)) - destroying pipeline:Pipeline[ Id: fc2d561d-c10b-43fa-a6f2-a56ceb851c8e, Nodes: 414e4ec8-a841-4210-9e5f-ee36acc3bf1c{ip: 192.168.157.230, host: trunk-nightly-sxkq5-3320257302, networkLocation: /default-rack, certSerialId: null}4a10d95a-fc32-43ca-baec-962b33441fc8{ip: 192.168.157.230, host: trunk-nightly-sxkq5-3320257302, networkLocation: /default-rack, certSerialId: null}1043547d-a86b-4fba-8d83-7bfd4e36771d{ip: 192.168.157.230, host: trunk-nightly-sxkq5-3320257302, networkLocation: /default-rack, certSerialId: null}, Type:RATIS, Factor:THREE, State:CLOSED]
2019-07-14 01:11:39,873 INFO  pipeline.SCMPipelineManager (SCMPipelineManager.java:finalizeAndDestroyPipeline(309)) - destroying pipeline:Pipeline[ Id: 9c82c248-a03e-409b-aa08-669011767c27, Nodes: 1043547d-a86b-4fba-8d83-7bfd4e36771d{ip: 192.168.157.230, host: trunk-nightly-sxkq5-3320257302, networkLocation: /default-rack, certSerialId: null}, Type:RATIS, Factor:ONE, State:OPEN]
2019-07-14 01:11:39,873 INFO  pipeline.PipelineStateManager (PipelineStateManager.java:finalizePipeline(123)) - Pipeline Pipeline[ Id: 9c82c248-a03e-409b-aa08-669011767c27, Nodes: 1043547d-a86b-4fba-8d83-7bfd4e36771d{ip: 192.168.157.230, host: trunk-nightly-sxkq5-3320257302, networkLocation: /default-rack, certSerialId: null}, Type:RATIS, Factor:ONE, State:CLOSED] moved to CLOSED state
2019-07-14 01:11:40,155 INFO  ozoneimpl.OzoneContainer (OzoneContainer.java:stop(199)) - Attempting to stop container services.
2019-07-14 01:11:40,155 INFO  impl.RaftServerProxy (RaftServerProxy.java:lambda$close$4(314)) - 1043547d-a86b-4fba-8d83-7bfd4e36771d: close
2019-07-14 01:11:40,155 INFO  impl.RaftServerImpl (RaftServerImpl.java:lambda$shutdown$3(245)) - 1043547d-a86b-4fba-8d83-7bfd4e36771d: shutdown group-A56CEB851C8E
2019-07-14 01:11:40,156 INFO  util.JmxRegister (JmxRegister.java:unregister(73)) - Successfully un-registered JMX Bean with object name Ratis:service=RaftServer,group=group-A56CEB851C8E,id=1043547d-a86b-4fba-8d83-7bfd4e36771d
2019-07-14 01:11:40,156 INFO  impl.RoleInfo (RoleInfo.java:shutdownFollowerState(121)) - 1043547d-a86b-4fba-8d83-7bfd4e36771d: shutdown FollowerState
2019-07-14 01:11:40,156 INFO  ozoneimpl.OzoneContainer (OzoneContainer.java:stop(199)) - Attempting to stop container services.
2019-07-14 01:11:40,157 INFO  impl.FollowerState (FollowerState.java:run(114)) - 1043547d-a86b-4fba-8d83-7bfd4e36771d: FollowerState was interrupted: java.lang.InterruptedException: sleep interrupted
2019-07-14 01:11:40,157 INFO  ratis.ContainerStateMachine (ContainerStateMachine.java:takeSnapshot(246)) - Taking snapshot at termIndex:(t:1, i:32)
2019-07-14 01:11:40,161 INFO  ratis.ContainerStateMachine (ContainerStateMachine.java:takeSnapshot(250)) - Taking a snapshot to file /tmp/workdir/hadoop-ozone/integration-test/target/test-dir/MiniOzoneClusterImpl-1c1210bb-655e-47e6-ae7e-d700eb333cd1/datanode-2/data/ratis/fc2d561d-c10b-43fa-a6f2-a56ceb851c8e/sm/snapshot.1_32
2019-07-14 01:11:40,157 INFO  impl.StateMachineUpdater (StateMachineUpdater.java:stopAndJoin(115)) - StateMachineUpdater:1043547d-a86b-4fba-8d83-7bfd4e36771d:group-A56CEB851C8E: set stopIndex = 32
2019-07-14 01:11:40,162 INFO  impl.StateMachineUpdater (StateMachineUpdater.java:takeSnapshot(242)) - StateMachineUpdater:1043547d-a86b-4fba-8d83-7bfd4e36771d:group-A56CEB851C8E: Took a snapshot at index 32
2019-07-14 01:11:40,157 INFO  impl.RaftServerProxy (RaftServerProxy.java:lambda$close$4(314)) - 5a88bb18-a471-4f7f-9c87-6417d7d13968: close
2019-07-14 01:11:40,162 INFO  impl.StateMachineUpdater (StateMachineUpdater.java:lambda$new$0(80)) - StateMachineUpdater:1043547d-a86b-4fba-8d83-7bfd4e36771d:group-A56CEB851C8E: snapshotIndex: updateIncreasingly -1 -> 32
2019-07-14 01:11:40,162 INFO  impl.RaftServerImpl (RaftServerImpl.java:lambda$shutdown$3(245)) - 5a88bb18-a471-4f7f-9c87-6417d7d13968: shutdown group-7DE462FA327B
2019-07-14 01:11:40,163 INFO  impl.RaftServerImpl (ServerState.java:close(394)) - 1043547d-a86b-4fba-8d83-7bfd4e36771d:group-A56CEB851C8E closes. The last applied log index is 32
2019-07-14 01:11:40,163 INFO  util.JmxRegister (JmxRegister.java:unregister(73)) - Successfully un-registered JMX Bean with object name Ratis:service=RaftServer,group=group-7DE462FA327B,id=5a88bb18-a471-4f7f-9c87-6417d7d13968
2019-07-14 01:11:40,163 INFO  segmented.SegmentedRaftLogWorker (SegmentedRaftLogWorker.java:run(313)) - 1043547d-a86b-4fba-8d83-7bfd4e36771d-SegmentedRaftLogWorker:Storage Directory /tmp/workdir/hadoop-ozone/integration-test/target/test-dir/MiniOzoneClusterImpl-1c1210bb-655e-47e6-ae7e-d700eb333cd1/datanode-2/data/ratis/fc2d561d-c10b-43fa-a6f2-a56ceb851c8e was interrupted, exiting. There are 0 tasks remaining in the queue.
2019-07-14 01:11:40,164 INFO  impl.RoleInfo (RoleInfo.java:shutdownLeaderState(104)) - 5a88bb18-a471-4f7f-9c87-6417d7d13968: shutdown LeaderState
2019-07-14 01:11:40,166 INFO  segmented.SegmentedRaftLogWorker (SegmentedRaftLogWorker.java:close(228)) - 1043547d-a86b-4fba-8d83-7bfd4e36771d-SegmentedRaftLogWorker:Storage Directory /tmp/workdir/hadoop-ozone/integration-test/target/test-dir/MiniOzoneClusterImpl-1c1210bb-655e-47e6-ae7e-d700eb333cd1/datanode-2/data/ratis/fc2d561d-c10b-43fa-a6f2-a56ceb851c8e close()
2019-07-14 01:11:40,167 INFO  impl.PendingRequests (PendingRequests.java:sendNotLeaderResponses(202)) - 5a88bb18-a471-4f7f-9c87-6417d7d13968-PendingRequests: sendNotLeaderResponses
2019-07-14 01:11:40,182 INFO  impl.RaftServerImpl (RaftServerImpl.java:lambda$shutdown$3(245)) - 1043547d-a86b-4fba-8d83-7bfd4e36771d: shutdown group-669011767C27
2019-07-14 01:11:40,183 INFO  ratis.ContainerStateMachine (ContainerStateMachine.java:takeSnapshot(246)) - Taking snapshot at termIndex:(t:0, i:~)
2019-07-14 01:11:40,183 INFO  impl.StateMachineUpdater (StateMachineUpdater.java:stopAndJoin(115)) - StateMachineUpdater:5a88bb18-a471-4f7f-9c87-6417d7d13968:group-7DE462FA327B: set stopIndex = 0
2019-07-14 01:11:40,183 INFO  util.JmxRegister (JmxRegister.java:unregister(73)) - Successfully un-registered JMX Bean with object name Ratis:service=RaftServer,group=group-669011767C27,id=1043547d-a86b-4fba-8d83-7bfd4e36771d
2019-07-14 01:11:40,184 INFO  impl.RaftServerImpl (ServerState.java:close(394)) - 5a88bb18-a471-4f7f-9c87-6417d7d13968:group-7DE462FA327B closes. The last applied log index is 0
2019-07-14 01:11:40,184 INFO  impl.RoleInfo (RoleInfo.java:shutdownLeaderState(104)) - 1043547d-a86b-4fba-8d83-7bfd4e36771d: shutdown LeaderState
2019-07-14 01:11:40,185 INFO  segmented.SegmentedRaftLogWorker (SegmentedRaftLogWorker.java:run(313)) - 5a88bb18-a471-4f7f-9c87-6417d7d13968-SegmentedRaftLogWorker:Storage Directory /tmp/workdir/hadoop-ozone/integration-test/target/test-dir/MiniOzoneClusterImpl-1c1210bb-655e-47e6-ae7e-d700eb333cd1/datanode-3/data/ratis/2659c703-7b61-42d4-9a03-7de462fa327b was interrupted, exiting. There are 0 tasks remaining in the queue.
2019-07-14 01:11:40,185 INFO  impl.PendingRequests (PendingRequests.java:sendNotLeaderResponses(202)) - 1043547d-a86b-4fba-8d83-7bfd4e36771d-PendingRequests: sendNotLeaderResponses
2019-07-14 01:11:40,185 INFO  segmented.SegmentedRaftLogWorker (SegmentedRaftLogWorker.java:close(228)) - 5a88bb18-a471-4f7f-9c87-6417d7d13968-SegmentedRaftLogWorker:Storage Directory /tmp/workdir/hadoop-ozone/integration-test/target/test-dir/MiniOzoneClusterImpl-1c1210bb-655e-47e6-ae7e-d700eb333cd1/datanode-3/data/ratis/2659c703-7b61-42d4-9a03-7de462fa327b close()
2019-07-14 01:11:40,185 INFO  ratis.ContainerStateMachine (ContainerStateMachine.java:takeSnapshot(246)) - Taking snapshot at termIndex:(t:0, i:~)
2019-07-14 01:11:40,185 INFO  impl.StateMachineUpdater (StateMachineUpdater.java:stopAndJoin(115)) - StateMachineUpdater:1043547d-a86b-4fba-8d83-7bfd4e36771d:group-669011767C27: set stopIndex = 0
2019-07-14 01:11:40,188 INFO  impl.RaftServerImpl (ServerState.java:close(394)) - 1043547d-a86b-4fba-8d83-7bfd4e36771d:group-669011767C27 closes. The last applied log index is 0
2019-07-14 01:11:40,188 INFO  impl.RaftServerImpl (RaftServerImpl.java:lambda$shutdown$3(245)) - 5a88bb18-a471-4f7f-9c87-6417d7d13968: shutdown group-8F7DF759B7BB
2019-07-14 01:11:40,189 INFO  segmented.SegmentedRaftLogWorker (SegmentedRaftLogWorker.java:run(313)) - 1043547d-a86b-4fba-8d83-7bfd4e36771d-SegmentedRaftLogWorker:Storage Directory /tmp/workdir/hadoop-ozone/integration-test/target/test-dir/MiniOzoneClusterImpl-1c1210bb-655e-47e6-ae7e-d700eb333cd1/datanode-2/data/ratis/9c82c248-a03e-409b-aa08-669011767c27 was interrupted, exiting. There are 0 tasks remaining in the queue.
2019-07-14 01:11:40,189 INFO  util.JmxRegister (JmxRegister.java:unregister(73)) - Successfully un-registered JMX Bean with object name Ratis:service=RaftServer,group=group-8F7DF759B7BB,id=5a88bb18-a471-4f7f-9c87-6417d7d13968
2019-07-14 01:11:40,190 INFO  impl.RoleInfo (RoleInfo.java:shutdownFollowerState(121)) - 5a88bb18-a471-4f7f-9c87-6417d7d13968: shutdown FollowerState
2019-07-14 01:11:40,189 INFO  segmented.SegmentedRaftLogWorker (SegmentedRaftLogWorker.java:close(228)) - 1043547d-a86b-4fba-8d83-7bfd4e36771d-SegmentedRaftLogWorker:Storage Directory /tmp/workdir/hadoop-ozone/integration-test/target/test-dir/MiniOzoneClusterImpl-1c1210bb-655e-47e6-ae7e-d700eb333cd1/datanode-2/data/ratis/9c82c248-a03e-409b-aa08-669011767c27 close()
2019-07-14 01:11:40,190 INFO  impl.FollowerState (FollowerState.java:run(114)) - 5a88bb18-a471-4f7f-9c87-6417d7d13968: FollowerState was interrupted: java.lang.InterruptedException: sleep interrupted
2019-07-14 01:11:40,190 INFO  ratis.ContainerStateMachine (ContainerStateMachine.java:takeSnapshot(246)) - Taking snapshot at termIndex:(t:0, i:~)
2019-07-14 01:11:40,190 INFO  impl.StateMachineUpdater (StateMachineUpdater.java:stopAndJoin(115)) - StateMachineUpdater:5a88bb18-a471-4f7f-9c87-6417d7d13968:group-8F7DF759B7BB: set stopIndex = 0
2019-07-14 01:11:40,195 INFO  impl.RaftServerImpl (ServerState.java:close(394)) - 5a88bb18-a471-4f7f-9c87-6417d7d13968:group-8F7DF759B7BB closes. The last applied log index is 0
2019-07-14 01:11:40,195 INFO  server.GrpcService (GrpcService.java:closeImpl(155)) - 1043547d-a86b-4fba-8d83-7bfd4e36771d: shutdown server with port 39139 now
2019-07-14 01:11:40,196 INFO  segmented.SegmentedRaftLogWorker (SegmentedRaftLogWorker.java:run(313)) - 5a88bb18-a471-4f7f-9c87-6417d7d13968-SegmentedRaftLogWorker:Storage Directory /tmp/workdir/hadoop-ozone/integration-test/target/test-dir/MiniOzoneClusterImpl-1c1210bb-655e-47e6-ae7e-d700eb333cd1/datanode-3/data/ratis/01df31c6-eec4-43cb-a782-8f7df759b7bb was interrupted, exiting. There are 0 tasks remaining in the queue.
2019-07-14 01:11:40,196 INFO  segmented.SegmentedRaftLogWorker (SegmentedRaftLogWorker.java:close(228)) - 5a88bb18-a471-4f7f-9c87-6417d7d13968-SegmentedRaftLogWorker:Storage Directory /tmp/workdir/hadoop-ozone/integration-test/target/test-dir/MiniOzoneClusterImpl-1c1210bb-655e-47e6-ae7e-d700eb333cd1/datanode-3/data/ratis/01df31c6-eec4-43cb-a782-8f7df759b7bb close()
2019-07-14 01:11:40,199 INFO  server.GrpcService (GrpcService.java:closeImpl(155)) - 5a88bb18-a471-4f7f-9c87-6417d7d13968: shutdown server with port 43246 now
2019-07-14 01:11:40,199 INFO  server.GrpcService (GrpcService.java:closeImpl(163)) - 1043547d-a86b-4fba-8d83-7bfd4e36771d: shutdown server with port 39139 successfully
2019-07-14 01:11:40,199 WARN  server.GrpcServerProtocolService (LogUtils.java:warn(134)) - 1043547d-a86b-4fba-8d83-7bfd4e36771d: appendEntries onError: org.apache.ratis.thirdparty.io.grpc.StatusRuntimeException: CANCELLED: cancelled before receiving half close
2019-07-14 01:11:40,199 INFO  server.GrpcService (GrpcService.java:closeImpl(163)) - 5a88bb18-a471-4f7f-9c87-6417d7d13968: shutdown server with port 43246 successfully
2019-07-14 01:11:40,199 WARN  server.GrpcLogAppender (LogUtils.java:warn(134)) - 4a10d95a-fc32-43ca-baec-962b33441fc8->1043547d-a86b-4fba-8d83-7bfd4e36771d: Failed appendEntries: org.apache.ratis.thirdparty.io.grpc.StatusRuntimeException: CANCELLED: HTTP/2 error code: CANCEL
Received Rst Stream
2019-07-14 01:11:40,200 INFO  utils.BackgroundService (BackgroundService.java:shutdown(148)) - Shutting down service BlockDeletingService
2019-07-14 01:11:40,201 INFO  impl.FollowerInfo (FollowerInfo.java:lambda$new$0(50)) - 4a10d95a-fc32-43ca-baec-962b33441fc8->1043547d-a86b-4fba-8d83-7bfd4e36771d: nextIndex: updateUnconditionally 34 -> 33
2019-07-14 01:11:40,202 WARN  fs.CachingGetSpaceUsed (CachingGetSpaceUsed.java:run(183)) - Thread Interrupted waiting to refresh disk information: sleep interrupted
2019-07-14 01:11:40,205 INFO  utils.BackgroundService (BackgroundService.java:shutdown(148)) - Shutting down service BlockDeletingService
2019-07-14 01:11:40,210 WARN  fs.CachingGetSpaceUsed (CachingGetSpaceUsed.java:run(183)) - Thread Interrupted waiting to refresh disk information: sleep interrupted
2019-07-14 01:11:40,223 INFO  statemachine.DatanodeStateMachine (DatanodeStateMachine.java:stopDaemon(395)) - Ozone container server stopped.
2019-07-14 01:11:40,236 INFO  statemachine.DatanodeStateMachine (DatanodeStateMachine.java:stopDaemon(395)) - Ozone container server stopped.
2019-07-14 01:11:40,240 INFO  handler.ContextHandler (ContextHandler.java:doStop(910)) - Stopped o.e.j.w.WebAppContext@18cdacd{/,null,UNAVAILABLE}{/hddsDatanode}
2019-07-14 01:11:40,240 INFO  handler.ContextHandler (ContextHandler.java:doStop(910)) - Stopped o.e.j.w.WebAppContext@6c5fbe8a{/,null,UNAVAILABLE}{/hddsDatanode}
2019-07-14 01:11:40,241 INFO  server.AbstractConnector (AbstractConnector.java:doStop(318)) - Stopped ServerConnector@10b1f9f3{HTTP/1.1,[http/1.1]}{0.0.0.0:0}
2019-07-14 01:11:40,241 INFO  server.AbstractConnector (AbstractConnector.java:doStop(318)) - Stopped ServerConnector@76c6b12c{HTTP/1.1,[http/1.1]}{0.0.0.0:0}
2019-07-14 01:11:40,243 INFO  handler.ContextHandler (ContextHandler.java:doStop(910)) - Stopped o.e.j.s.ServletContextHandler@47bc4445{/static,jar:file:/home/user/.m2/repository/org/apache/hadoop/hadoop-hdds-container-service/0.5.0-SNAPSHOT/hadoop-hdds-container-service-0.5.0-SNAPSHOT.jar!/webapps/static,UNAVAILABLE}
2019-07-14 01:11:40,244 INFO  handler.ContextHandler (ContextHandler.java:doStop(910)) - Stopped o.e.j.s.ServletContextHandler@a929b6{/static,jar:file:/home/user/.m2/repository/org/apache/hadoop/hadoop-hdds-container-service/0.5.0-SNAPSHOT/hadoop-hdds-container-service-0.5.0-SNAPSHOT.jar!/webapps/static,UNAVAILABLE}
2019-07-14 01:11:40,246 INFO  handler.ContextHandler (ContextHandler.java:doStop(910)) - Stopped o.e.j.s.ServletContextHandler@5d260659{/logs,file:///tmp/workdir/hadoop-ozone/integration-test/target/log,UNAVAILABLE}
2019-07-14 01:11:40,246 INFO  handler.ContextHandler (ContextHandler.java:doStop(910)) - Stopped o.e.j.s.ServletContextHandler@77d5c4c6{/logs,file:///tmp/workdir/hadoop-ozone/integration-test/target/log,UNAVAILABLE}
2019-07-14 01:11:40,247 INFO  datanode.ObjectStoreHandler (ObjectStoreHandler.java:close(155)) - Closing ObjectStoreHandler.
2019-07-14 01:11:40,247 INFO  ozone.HddsDatanodeService (HddsDatanodeService.java:stop(452)) - Stopped plug-in org.apache.hadoop.ozone.web.OzoneHddsDatanodeService@7b9661d4
2019-07-14 01:11:40,247 INFO  datanode.ObjectStoreHandler (ObjectStoreHandler.java:close(155)) - Closing ObjectStoreHandler.
2019-07-14 01:11:40,248 INFO  ozone.HddsDatanodeService (HddsDatanodeService.java:stop(452)) - Stopped plug-in org.apache.hadoop.ozone.web.OzoneHddsDatanodeService@22523986
2019-07-14 01:11:40,328 WARN  server.GrpcLogAppender (LogUtils.java:warn(134)) - 4a10d95a-fc32-43ca-baec-962b33441fc8->1043547d-a86b-4fba-8d83-7bfd4e36771d: Failed appendEntries: org.apache.ratis.thirdparty.io.grpc.StatusRuntimeException: UNAVAILABLE: io exception
2019-07-14 01:11:40,328 WARN  server.GrpcLogAppender (LogUtils.java:warn(134)) - 4a10d95a-fc32-43ca-baec-962b33441fc8->414e4ec8-a841-4210-9e5f-ee36acc3bf1c: Failed appendEntries: org.apache.ratis.thirdparty.io.grpc.StatusRuntimeException: UNAVAILABLE: io exception
2019-07-14 01:11:40,328 INFO  impl.FollowerInfo (FollowerInfo.java:lambda$new$0(50)) - 4a10d95a-fc32-43ca-baec-962b33441fc8->1043547d-a86b-4fba-8d83-7bfd4e36771d: nextIndex: updateUnconditionally 33 -> 32
2019-07-14 01:11:40,328 INFO  impl.FollowerInfo (FollowerInfo.java:lambda$new$0(50)) - 4a10d95a-fc32-43ca-baec-962b33441fc8->414e4ec8-a841-4210-9e5f-ee36acc3bf1c: nextIndex: updateUnconditionally 30 -> 29
2019-07-14 01:11:40,845 INFO  statemachine.DatanodeStateMachine (DatanodeStateMachine.java:lambda$startDaemon$0(350)) - Ozone container server started.
2019-07-14 01:11:41,079 INFO  statemachine.DatanodeStateMachine (DatanodeStateMachine.java:lambda$startDaemon$0(350)) - Ozone container server started.
2019-07-14 01:11:42,338 INFO  impl.FollowerState (FollowerState.java:run(106)) - df5639b5-8d27-41f9-bfe0-08f3354f2ffa:group-8F7DF759B7BB changes to CANDIDATE, lastRpcTime:7634, electionTimeout:5022ms
2019-07-14 01:11:42,338 INFO  impl.RoleInfo (RoleInfo.java:shutdownFollowerState(121)) - df5639b5-8d27-41f9-bfe0-08f3354f2ffa: shutdown FollowerState
2019-07-14 01:11:42,338 INFO  impl.RaftServerImpl (RaftServerImpl.java:setRole(171)) - df5639b5-8d27-41f9-bfe0-08f3354f2ffa:group-8F7DF759B7BB changes role from FOLLOWER to CANDIDATE at term 1 for changeToCandidate
2019-07-14 01:11:42,338 INFO  impl.RoleInfo (RoleInfo.java:updateAndGet(143)) - df5639b5-8d27-41f9-bfe0-08f3354f2ffa: start LeaderElection
2019-07-14 01:11:42,342 INFO  impl.RaftServerImpl (ServerState.java:setLeader(263)) - df5639b5-8d27-41f9-bfe0-08f3354f2ffa:group-8F7DF759B7BB change Leader from a1b95934-5204-42ea-9e02-af5e99675e4a to null at term 1 for initElection
2019-07-14 01:11:42,357 INFO  impl.LeaderElection (LeaderElection.java:askForVotes(181)) - df5639b5-8d27-41f9-bfe0-08f3354f2ffa:group-8F7DF759B7BB:LeaderElection89: begin an election at term 2 for 0: [a1b95934-5204-42ea-9e02-af5e99675e4a:192.168.157.230:34198, df5639b5-8d27-41f9-bfe0-08f3354f2ffa:192.168.157.230:39715, 5a88bb18-a471-4f7f-9c87-6417d7d13968:192.168.157.230:43246], old=null
2019-07-14 01:11:42,359 INFO  impl.LeaderElection (LogUtils.java:infoOrTrace(149)) - df5639b5-8d27-41f9-bfe0-08f3354f2ffa:group-8F7DF759B7BB:LeaderElection89 got exception when requesting votes: {}
java.util.concurrent.ExecutionException: org.apache.ratis.thirdparty.io.grpc.StatusRuntimeException: UNAVAILABLE: io exception
	at java.util.concurrent.FutureTask.report(FutureTask.java:122)
	at java.util.concurrent.FutureTask.get(FutureTask.java:192)
	at org.apache.ratis.server.impl.LeaderElection.waitForResults(LeaderElection.java:262)
	at org.apache.ratis.server.impl.LeaderElection.askForVotes(LeaderElection.java:200)
	at org.apache.ratis.server.impl.LeaderElection.run(LeaderElection.java:130)
	at java.lang.Thread.run(Thread.java:748)
Caused by: org.apache.ratis.thirdparty.io.grpc.StatusRuntimeException: UNAVAILABLE: io exception
	at org.apache.ratis.thirdparty.io.grpc.stub.ClientCalls.toStatusRuntimeException(ClientCalls.java:233)
	at org.apache.ratis.thirdparty.io.grpc.stub.ClientCalls.getUnchecked(ClientCalls.java:214)
	at org.apache.ratis.thirdparty.io.grpc.stub.ClientCalls.blockingUnaryCall(ClientCalls.java:139)
	at org.apache.ratis.proto.grpc.RaftServerProtocolServiceGrpc$RaftServerProtocolServiceBlockingStub.requestVote(RaftServerProtocolServiceGrpc.java:265)
	at org.apache.ratis.grpc.server.GrpcServerProtocolClient.requestVote(GrpcServerProtocolClient.java:83)
	at org.apache.ratis.grpc.server.GrpcService.requestVote(GrpcService.java:195)
	at org.apache.ratis.server.impl.LeaderElection.lambda$submitRequests$1(LeaderElection.java:237)
	at java.util.concurrent.FutureTask.run(FutureTask.java:266)
	at java.util.concurrent.Executors$RunnableAdapter.call(Executors.java:511)
	at java.util.concurrent.FutureTask.run(FutureTask.java:266)
	at java.util.concurrent.ThreadPoolExecutor.runWorker(ThreadPoolExecutor.java:1149)
	at java.util.concurrent.ThreadPoolExecutor$Worker.run(ThreadPoolExecutor.java:624)
	... 1 more
Caused by: org.apache.ratis.thirdparty.io.netty.channel.AbstractChannel$AnnotatedConnectException: Connection refused: /192.168.157.230:34198
	at sun.nio.ch.SocketChannelImpl.checkConnect(Native Method)
	at sun.nio.ch.SocketChannelImpl.finishConnect(SocketChannelImpl.java:717)
	at org.apache.ratis.thirdparty.io.netty.channel.socket.nio.NioSocketChannel.doFinishConnect(NioSocketChannel.java:327)
	at org.apache.ratis.thirdparty.io.netty.channel.nio.AbstractNioChannel$AbstractNioUnsafe.finishConnect(AbstractNioChannel.java:340)
	at org.apache.ratis.thirdparty.io.netty.channel.nio.NioEventLoop.processSelectedKey(NioEventLoop.java:632)
	at org.apache.ratis.thirdparty.io.netty.channel.nio.NioEventLoop.processSelectedKeysOptimized(NioEventLoop.java:579)
	at org.apache.ratis.thirdparty.io.netty.channel.nio.NioEventLoop.processSelectedKeys(NioEventLoop.java:496)
	at org.apache.ratis.thirdparty.io.netty.channel.nio.NioEventLoop.run(NioEventLoop.java:458)
	at org.apache.ratis.thirdparty.io.netty.util.concurrent.SingleThreadEventExecutor$5.run(SingleThreadEventExecutor.java:897)
	at org.apache.ratis.thirdparty.io.netty.util.concurrent.FastThreadLocalRunnable.run(FastThreadLocalRunnable.java:30)
	... 1 more
Caused by: java.net.ConnectException: Connection refused
	... 11 more
2019-07-14 01:11:42,362 INFO  impl.LeaderElection (LogUtils.java:infoOrTrace(149)) - df5639b5-8d27-41f9-bfe0-08f3354f2ffa:group-8F7DF759B7BB:LeaderElection89 got exception when requesting votes: {}
java.util.concurrent.ExecutionException: org.apache.ratis.thirdparty.io.grpc.StatusRuntimeException: UNAVAILABLE: io exception
	at java.util.concurrent.FutureTask.report(FutureTask.java:122)
	at java.util.concurrent.FutureTask.get(FutureTask.java:192)
	at org.apache.ratis.server.impl.LeaderElection.waitForResults(LeaderElection.java:262)
	at org.apache.ratis.server.impl.LeaderElection.askForVotes(LeaderElection.java:200)
	at org.apache.ratis.server.impl.LeaderElection.run(LeaderElection.java:130)
	at java.lang.Thread.run(Thread.java:748)
Caused by: org.apache.ratis.thirdparty.io.grpc.StatusRuntimeException: UNAVAILABLE: io exception
	at org.apache.ratis.thirdparty.io.grpc.stub.ClientCalls.toStatusRuntimeException(ClientCalls.java:233)
	at org.apache.ratis.thirdparty.io.grpc.stub.ClientCalls.getUnchecked(ClientCalls.java:214)
	at org.apache.ratis.thirdparty.io.grpc.stub.ClientCalls.blockingUnaryCall(ClientCalls.java:139)
	at org.apache.ratis.proto.grpc.RaftServerProtocolServiceGrpc$RaftServerProtocolServiceBlockingStub.requestVote(RaftServerProtocolServiceGrpc.java:265)
	at org.apache.ratis.grpc.server.GrpcServerProtocolClient.requestVote(GrpcServerProtocolClient.java:83)
	at org.apache.ratis.grpc.server.GrpcService.requestVote(GrpcService.java:195)
	at org.apache.ratis.server.impl.LeaderElection.lambda$submitRequests$1(LeaderElection.java:237)
	at java.util.concurrent.FutureTask.run(FutureTask.java:266)
	at java.util.concurrent.Executors$RunnableAdapter.call(Executors.java:511)
	at java.util.concurrent.FutureTask.run(FutureTask.java:266)
	at java.util.concurrent.ThreadPoolExecutor.runWorker(ThreadPoolExecutor.java:1149)
	at java.util.concurrent.ThreadPoolExecutor$Worker.run(ThreadPoolExecutor.java:624)
	... 1 more
Caused by: org.apache.ratis.thirdparty.io.netty.channel.AbstractChannel$AnnotatedConnectException: Connection refused: /192.168.157.230:43246
	at sun.nio.ch.SocketChannelImpl.checkConnect(Native Method)
	at sun.nio.ch.SocketChannelImpl.finishConnect(SocketChannelImpl.java:717)
	at org.apache.ratis.thirdparty.io.netty.channel.socket.nio.NioSocketChannel.doFinishConnect(NioSocketChannel.java:327)
	at org.apache.ratis.thirdparty.io.netty.channel.nio.AbstractNioChannel$AbstractNioUnsafe.finishConnect(AbstractNioChannel.java:340)
	at org.apache.ratis.thirdparty.io.netty.channel.nio.NioEventLoop.processSelectedKey(NioEventLoop.java:632)
	at org.apache.ratis.thirdparty.io.netty.channel.nio.NioEventLoop.processSelectedKeysOptimized(NioEventLoop.java:579)
	at org.apache.ratis.thirdparty.io.netty.channel.nio.NioEventLoop.processSelectedKeys(NioEventLoop.java:496)
	at org.apache.ratis.thirdparty.io.netty.channel.nio.NioEventLoop.run(NioEventLoop.java:458)
	at org.apache.ratis.thirdparty.io.netty.util.concurrent.SingleThreadEventExecutor$5.run(SingleThreadEventExecutor.java:897)
	at org.apache.ratis.thirdparty.io.netty.util.concurrent.FastThreadLocalRunnable.run(FastThreadLocalRunnable.java:30)
	... 1 more
Caused by: java.net.ConnectException: Connection refused
	... 11 more
2019-07-14 01:11:42,364 INFO  impl.LeaderElection (LeaderElection.java:logAndReturn(56)) - df5639b5-8d27-41f9-bfe0-08f3354f2ffa:group-8F7DF759B7BB:LeaderElection89: Election REJECTED; received 0 response(s) [] and 2 exception(s); df5639b5-8d27-41f9-bfe0-08f3354f2ffa:t2, leader=null, voted=df5639b5-8d27-41f9-bfe0-08f3354f2ffa, raftlog=df5639b5-8d27-41f9-bfe0-08f3354f2ffa-SegmentedRaftLog:OPENED:c0,f0,i0, conf=0: [a1b95934-5204-42ea-9e02-af5e99675e4a:192.168.157.230:34198, df5639b5-8d27-41f9-bfe0-08f3354f2ffa:192.168.157.230:39715, 5a88bb18-a471-4f7f-9c87-6417d7d13968:192.168.157.230:43246], old=null
2019-07-14 01:11:42,364 INFO  impl.LeaderElection (LogUtils.java:infoOrTrace(149)) -   Exception 0: {}
java.util.concurrent.ExecutionException: org.apache.ratis.thirdparty.io.grpc.StatusRuntimeException: UNAVAILABLE: io exception
	at java.util.concurrent.FutureTask.report(FutureTask.java:122)
	at java.util.concurrent.FutureTask.get(FutureTask.java:192)
	at org.apache.ratis.server.impl.LeaderElection.waitForResults(LeaderElection.java:262)
	at org.apache.ratis.server.impl.LeaderElection.askForVotes(LeaderElection.java:200)
	at org.apache.ratis.server.impl.LeaderElection.run(LeaderElection.java:130)
	at java.lang.Thread.run(Thread.java:748)
Caused by: org.apache.ratis.thirdparty.io.grpc.StatusRuntimeException: UNAVAILABLE: io exception
	at org.apache.ratis.thirdparty.io.grpc.stub.ClientCalls.toStatusRuntimeException(ClientCalls.java:233)
	at org.apache.ratis.thirdparty.io.grpc.stub.ClientCalls.getUnchecked(ClientCalls.java:214)
	at org.apache.ratis.thirdparty.io.grpc.stub.ClientCalls.blockingUnaryCall(ClientCalls.java:139)
	at org.apache.ratis.proto.grpc.RaftServerProtocolServiceGrpc$RaftServerProtocolServiceBlockingStub.requestVote(RaftServerProtocolServiceGrpc.java:265)
	at org.apache.ratis.grpc.server.GrpcServerProtocolClient.requestVote(GrpcServerProtocolClient.java:83)
	at org.apache.ratis.grpc.server.GrpcService.requestVote(GrpcService.java:195)
	at org.apache.ratis.server.impl.LeaderElection.lambda$submitRequests$1(LeaderElection.java:237)
	at java.util.concurrent.FutureTask.run(FutureTask.java:266)
	at java.util.concurrent.Executors$RunnableAdapter.call(Executors.java:511)
	at java.util.concurrent.FutureTask.run(FutureTask.java:266)
	at java.util.concurrent.ThreadPoolExecutor.runWorker(ThreadPoolExecutor.java:1149)
	at java.util.concurrent.ThreadPoolExecutor$Worker.run(ThreadPoolExecutor.java:624)
	... 1 more
Caused by: org.apache.ratis.thirdparty.io.netty.channel.AbstractChannel$AnnotatedConnectException: Connection refused: /192.168.157.230:34198
	at sun.nio.ch.SocketChannelImpl.checkConnect(Native Method)
	at sun.nio.ch.SocketChannelImpl.finishConnect(SocketChannelImpl.java:717)
	at org.apache.ratis.thirdparty.io.netty.channel.socket.nio.NioSocketChannel.doFinishConnect(NioSocketChannel.java:327)
	at org.apache.ratis.thirdparty.io.netty.channel.nio.AbstractNioChannel$AbstractNioUnsafe.finishConnect(AbstractNioChannel.java:340)
	at org.apache.ratis.thirdparty.io.netty.channel.nio.NioEventLoop.processSelectedKey(NioEventLoop.java:632)
	at org.apache.ratis.thirdparty.io.netty.channel.nio.NioEventLoop.processSelectedKeysOptimized(NioEventLoop.java:579)
	at org.apache.ratis.thirdparty.io.netty.channel.nio.NioEventLoop.processSelectedKeys(NioEventLoop.java:496)
	at org.apache.ratis.thirdparty.io.netty.channel.nio.NioEventLoop.run(NioEventLoop.java:458)
	at org.apache.ratis.thirdparty.io.netty.util.concurrent.SingleThreadEventExecutor$5.run(SingleThreadEventExecutor.java:897)
	at org.apache.ratis.thirdparty.io.netty.util.concurrent.FastThreadLocalRunnable.run(FastThreadLocalRunnable.java:30)
	... 1 more
Caused by: java.net.ConnectException: Connection refused
	... 11 more
2019-07-14 01:11:42,365 INFO  impl.LeaderElection (LogUtils.java:infoOrTrace(149)) -   Exception 1: {}
java.util.concurrent.ExecutionException: org.apache.ratis.thirdparty.io.grpc.StatusRuntimeException: UNAVAILABLE: io exception
	at java.util.concurrent.FutureTask.report(FutureTask.java:122)
	at java.util.concurrent.FutureTask.get(FutureTask.java:192)
	at org.apache.ratis.server.impl.LeaderElection.waitForResults(LeaderElection.java:262)
	at org.apache.ratis.server.impl.LeaderElection.askForVotes(LeaderElection.java:200)
	at org.apache.ratis.server.impl.LeaderElection.run(LeaderElection.java:130)
	at java.lang.Thread.run(Thread.java:748)
Caused by: org.apache.ratis.thirdparty.io.grpc.StatusRuntimeException: UNAVAILABLE: io exception
	at org.apache.ratis.thirdparty.io.grpc.stub.ClientCalls.toStatusRuntimeException(ClientCalls.java:233)
	at org.apache.ratis.thirdparty.io.grpc.stub.ClientCalls.getUnchecked(ClientCalls.java:214)
	at org.apache.ratis.thirdparty.io.grpc.stub.ClientCalls.blockingUnaryCall(ClientCalls.java:139)
	at org.apache.ratis.proto.grpc.RaftServerProtocolServiceGrpc$RaftServerProtocolServiceBlockingStub.requestVote(RaftServerProtocolServiceGrpc.java:265)
	at org.apache.ratis.grpc.server.GrpcServerProtocolClient.requestVote(GrpcServerProtocolClient.java:83)
	at org.apache.ratis.grpc.server.GrpcService.requestVote(GrpcService.java:195)
	at org.apache.ratis.server.impl.LeaderElection.lambda$submitRequests$1(LeaderElection.java:237)
	at java.util.concurrent.FutureTask.run(FutureTask.java:266)
	at java.util.concurrent.Executors$RunnableAdapter.call(Executors.java:511)
	at java.util.concurrent.FutureTask.run(FutureTask.java:266)
	at java.util.concurrent.ThreadPoolExecutor.runWorker(ThreadPoolExecutor.java:1149)
	at java.util.concurrent.ThreadPoolExecutor$Worker.run(ThreadPoolExecutor.java:624)
	... 1 more
Caused by: org.apache.ratis.thirdparty.io.netty.channel.AbstractChannel$AnnotatedConnectException: Connection refused: /192.168.157.230:43246
	at sun.nio.ch.SocketChannelImpl.checkConnect(Native Method)
	at sun.nio.ch.SocketChannelImpl.finishConnect(SocketChannelImpl.java:717)
	at org.apache.ratis.thirdparty.io.netty.channel.socket.nio.NioSocketChannel.doFinishConnect(NioSocketChannel.java:327)
	at org.apache.ratis.thirdparty.io.netty.channel.nio.AbstractNioChannel$AbstractNioUnsafe.finishConnect(AbstractNioChannel.java:340)
	at org.apache.ratis.thirdparty.io.netty.channel.nio.NioEventLoop.processSelectedKey(NioEventLoop.java:632)
	at org.apache.ratis.thirdparty.io.netty.channel.nio.NioEventLoop.processSelectedKeysOptimized(NioEventLoop.java:579)
	at org.apache.ratis.thirdparty.io.netty.channel.nio.NioEventLoop.processSelectedKeys(NioEventLoop.java:496)
	at org.apache.ratis.thirdparty.io.netty.channel.nio.NioEventLoop.run(NioEventLoop.java:458)
	at org.apache.ratis.thirdparty.io.netty.util.concurrent.SingleThreadEventExecutor$5.run(SingleThreadEventExecutor.java:897)
	at org.apache.ratis.thirdparty.io.netty.util.concurrent.FastThreadLocalRunnable.run(FastThreadLocalRunnable.java:30)
	... 1 more
Caused by: java.net.ConnectException: Connection refused
	... 11 more
2019-07-14 01:11:42,365 INFO  impl.RaftServerImpl (RaftServerImpl.java:setRole(171)) - df5639b5-8d27-41f9-bfe0-08f3354f2ffa:group-8F7DF759B7BB changes role from CANDIDATE to FOLLOWER at term 2 for DISCOVERED_A_NEW_TERM
2019-07-14 01:11:42,365 INFO  impl.RoleInfo (RoleInfo.java:shutdownLeaderElection(134)) - df5639b5-8d27-41f9-bfe0-08f3354f2ffa: shutdown LeaderElection
2019-07-14 01:11:42,365 INFO  impl.RoleInfo (RoleInfo.java:updateAndGet(143)) - df5639b5-8d27-41f9-bfe0-08f3354f2ffa: start FollowerState
2019-07-14 01:11:42,827 WARN  server.GrpcLogAppender (LogUtils.java:warn(134)) - 4a10d95a-fc32-43ca-baec-962b33441fc8->1043547d-a86b-4fba-8d83-7bfd4e36771d: Failed appendEntries: org.apache.ratis.thirdparty.io.grpc.StatusRuntimeException: UNAVAILABLE: io exception
2019-07-14 01:11:42,827 WARN  server.GrpcLogAppender (LogUtils.java:warn(134)) - 4a10d95a-fc32-43ca-baec-962b33441fc8->414e4ec8-a841-4210-9e5f-ee36acc3bf1c: Failed appendEntries: org.apache.ratis.thirdparty.io.grpc.StatusRuntimeException: UNAVAILABLE: io exception
2019-07-14 01:11:42,828 INFO  impl.FollowerInfo (FollowerInfo.java:lambda$new$0(50)) - 4a10d95a-fc32-43ca-baec-962b33441fc8->1043547d-a86b-4fba-8d83-7bfd4e36771d: nextIndex: updateUnconditionally 32 -> 31
2019-07-14 01:11:42,828 INFO  impl.FollowerInfo (FollowerInfo.java:lambda$new$0(50)) - 4a10d95a-fc32-43ca-baec-962b33441fc8->414e4ec8-a841-4210-9e5f-ee36acc3bf1c: nextIndex: updateUnconditionally 29 -> 28
2019-07-14 01:11:44,886 INFO  node.StaleNodeHandler (StaleNodeHandler.java:onMessage(58)) - Datanode 4a10d95a-fc32-43ca-baec-962b33441fc8{ip: 192.168.157.230, host: trunk-nightly-sxkq5-3320257302, networkLocation: /default-rack, certSerialId: null} moved to stale state. Finalizing its pipelines [PipelineID=fc2d561d-c10b-43fa-a6f2-a56ceb851c8e, PipelineID=984d8650-7ed0-49a1-a243-83aeb8a56f81]
2019-07-14 01:11:44,887 INFO  pipeline.SCMPipelineManager (SCMPipelineManager.java:finalizeAndDestroyPipeline(309)) - destroying pipeline:Pipeline[ Id: fc2d561d-c10b-43fa-a6f2-a56ceb851c8e, Nodes: 414e4ec8-a841-4210-9e5f-ee36acc3bf1c{ip: 192.168.157.230, host: trunk-nightly-sxkq5-3320257302, networkLocation: /default-rack, certSerialId: null}4a10d95a-fc32-43ca-baec-962b33441fc8{ip: 192.168.157.230, host: trunk-nightly-sxkq5-3320257302, networkLocation: /default-rack, certSerialId: null}1043547d-a86b-4fba-8d83-7bfd4e36771d{ip: 192.168.157.230, host: trunk-nightly-sxkq5-3320257302, networkLocation: /default-rack, certSerialId: null}, Type:RATIS, Factor:THREE, State:CLOSED]
2019-07-14 01:11:44,887 INFO  pipeline.SCMPipelineManager (SCMPipelineManager.java:finalizeAndDestroyPipeline(309)) - destroying pipeline:Pipeline[ Id: 984d8650-7ed0-49a1-a243-83aeb8a56f81, Nodes: 4a10d95a-fc32-43ca-baec-962b33441fc8{ip: 192.168.157.230, host: trunk-nightly-sxkq5-3320257302, networkLocation: /default-rack, certSerialId: null}, Type:RATIS, Factor:ONE, State:OPEN]
2019-07-14 01:11:44,887 INFO  pipeline.PipelineStateManager (PipelineStateManager.java:finalizePipeline(123)) - Pipeline Pipeline[ Id: 984d8650-7ed0-49a1-a243-83aeb8a56f81, Nodes: 4a10d95a-fc32-43ca-baec-962b33441fc8{ip: 192.168.157.230, host: trunk-nightly-sxkq5-3320257302, networkLocation: /default-rack, certSerialId: null}, Type:RATIS, Factor:ONE, State:CLOSED] moved to CLOSED state
2019-07-14 01:11:45,087 INFO  node.StaleNodeHandler (StaleNodeHandler.java:onMessage(58)) - Datanode bba62e65-e9a2-4912-816e-f3fe765dbdec{ip: 192.168.157.230, host: trunk-nightly-sxkq5-3320257302, networkLocation: /default-rack, certSerialId: null} moved to stale state. Finalizing its pipelines [PipelineID=7881014f-b79d-4411-b353-10c8c11c13c0]
2019-07-14 01:11:45,087 INFO  pipeline.SCMPipelineManager (SCMPipelineManager.java:finalizeAndDestroyPipeline(309)) - destroying pipeline:Pipeline[ Id: 7881014f-b79d-4411-b353-10c8c11c13c0, Nodes: bba62e65-e9a2-4912-816e-f3fe765dbdec{ip: 192.168.157.230, host: trunk-nightly-sxkq5-3320257302, networkLocation: /default-rack, certSerialId: null}, Type:RATIS, Factor:ONE, State:OPEN]
2019-07-14 01:11:45,087 INFO  pipeline.PipelineStateManager (PipelineStateManager.java:finalizePipeline(123)) - Pipeline Pipeline[ Id: 7881014f-b79d-4411-b353-10c8c11c13c0, Nodes: bba62e65-e9a2-4912-816e-f3fe765dbdec{ip: 192.168.157.230, host: trunk-nightly-sxkq5-3320257302, networkLocation: /default-rack, certSerialId: null}, Type:RATIS, Factor:ONE, State:CLOSED] moved to CLOSED state
2019-07-14 01:11:45,248 INFO  ozoneimpl.OzoneContainer (OzoneContainer.java:stop(199)) - Attempting to stop container services.
2019-07-14 01:11:45,248 INFO  impl.RaftServerProxy (RaftServerProxy.java:lambda$close$4(314)) - 4a10d95a-fc32-43ca-baec-962b33441fc8: close
2019-07-14 01:11:45,249 INFO  ozoneimpl.OzoneContainer (OzoneContainer.java:stop(199)) - Attempting to stop container services.
2019-07-14 01:11:45,249 INFO  impl.RaftServerImpl (RaftServerImpl.java:lambda$shutdown$3(245)) - 4a10d95a-fc32-43ca-baec-962b33441fc8: shutdown group-A56CEB851C8E
2019-07-14 01:11:45,249 INFO  impl.RaftServerProxy (RaftServerProxy.java:lambda$close$4(314)) - bba62e65-e9a2-4912-816e-f3fe765dbdec: close
2019-07-14 01:11:45,250 INFO  util.JmxRegister (JmxRegister.java:unregister(73)) - Successfully un-registered JMX Bean with object name Ratis:service=RaftServer,group=group-A56CEB851C8E,id=4a10d95a-fc32-43ca-baec-962b33441fc8
2019-07-14 01:11:45,250 INFO  impl.RaftServerImpl (RaftServerImpl.java:lambda$shutdown$3(245)) - bba62e65-e9a2-4912-816e-f3fe765dbdec: shutdown group-10C8C11C13C0
2019-07-14 01:11:45,251 INFO  util.JmxRegister (JmxRegister.java:unregister(73)) - Successfully un-registered JMX Bean with object name Ratis:service=RaftServer,group=group-10C8C11C13C0,id=bba62e65-e9a2-4912-816e-f3fe765dbdec
2019-07-14 01:11:45,251 INFO  impl.RoleInfo (RoleInfo.java:shutdownLeaderState(104)) - bba62e65-e9a2-4912-816e-f3fe765dbdec: shutdown LeaderState
2019-07-14 01:11:45,250 INFO  impl.RoleInfo (RoleInfo.java:shutdownLeaderState(104)) - 4a10d95a-fc32-43ca-baec-962b33441fc8: shutdown LeaderState
2019-07-14 01:11:45,252 INFO  impl.PendingRequests (PendingRequests.java:sendNotLeaderResponses(202)) - bba62e65-e9a2-4912-816e-f3fe765dbdec-PendingRequests: sendNotLeaderResponses
2019-07-14 01:11:45,256 WARN  server.GrpcLogAppender (GrpcLogAppender.java:mayWait(143)) - GrpcLogAppender(4a10d95a-fc32-43ca-baec-962b33441fc8->414e4ec8-a841-4210-9e5f-ee36acc3bf1c): Wait interrupted by java.lang.InterruptedException
2019-07-14 01:11:45,257 INFO  ratis.ContainerStateMachine (ContainerStateMachine.java:takeSnapshot(246)) - Taking snapshot at termIndex:(t:0, i:~)
2019-07-14 01:11:45,256 WARN  server.GrpcLogAppender (GrpcLogAppender.java:mayWait(143)) - GrpcLogAppender(4a10d95a-fc32-43ca-baec-962b33441fc8->1043547d-a86b-4fba-8d83-7bfd4e36771d): Wait interrupted by java.lang.InterruptedException
2019-07-14 01:11:45,256 INFO  impl.PendingRequests (PendingRequests.java:sendNotLeaderResponses(202)) - 4a10d95a-fc32-43ca-baec-962b33441fc8-PendingRequests: sendNotLeaderResponses
2019-07-14 01:11:45,256 INFO  impl.StateMachineUpdater (StateMachineUpdater.java:stopAndJoin(115)) - StateMachineUpdater:bba62e65-e9a2-4912-816e-f3fe765dbdec:group-10C8C11C13C0: set stopIndex = 0
2019-07-14 01:11:45,260 INFO  impl.RaftServerImpl (ServerState.java:close(394)) - bba62e65-e9a2-4912-816e-f3fe765dbdec:group-10C8C11C13C0 closes. The last applied log index is 0
2019-07-14 01:11:45,259 INFO  ratis.ContainerStateMachine (ContainerStateMachine.java:takeSnapshot(246)) - Taking snapshot at termIndex:(t:1, i:33)
2019-07-14 01:11:45,261 INFO  ratis.ContainerStateMachine (ContainerStateMachine.java:takeSnapshot(250)) - Taking a snapshot to file /tmp/workdir/hadoop-ozone/integration-test/target/test-dir/MiniOzoneClusterImpl-1c1210bb-655e-47e6-ae7e-d700eb333cd1/datanode-0/data/ratis/fc2d561d-c10b-43fa-a6f2-a56ceb851c8e/sm/snapshot.1_33
2019-07-14 01:11:45,259 INFO  impl.StateMachineUpdater (StateMachineUpdater.java:stopAndJoin(115)) - StateMachineUpdater:4a10d95a-fc32-43ca-baec-962b33441fc8:group-A56CEB851C8E: set stopIndex = 33
2019-07-14 01:11:45,261 INFO  segmented.SegmentedRaftLogWorker (SegmentedRaftLogWorker.java:run(313)) - bba62e65-e9a2-4912-816e-f3fe765dbdec-SegmentedRaftLogWorker:Storage Directory /tmp/workdir/hadoop-ozone/integration-test/target/test-dir/MiniOzoneClusterImpl-1c1210bb-655e-47e6-ae7e-d700eb333cd1/datanode-6/data/ratis/7881014f-b79d-4411-b353-10c8c11c13c0 was interrupted, exiting. There are 0 tasks remaining in the queue.
2019-07-14 01:11:45,261 INFO  impl.StateMachineUpdater (StateMachineUpdater.java:takeSnapshot(242)) - StateMachineUpdater:4a10d95a-fc32-43ca-baec-962b33441fc8:group-A56CEB851C8E: Took a snapshot at index 33
2019-07-14 01:11:45,262 INFO  impl.StateMachineUpdater (StateMachineUpdater.java:lambda$new$0(80)) - StateMachineUpdater:4a10d95a-fc32-43ca-baec-962b33441fc8:group-A56CEB851C8E: snapshotIndex: updateIncreasingly -1 -> 33
2019-07-14 01:11:45,262 INFO  segmented.SegmentedRaftLogWorker (SegmentedRaftLogWorker.java:close(228)) - bba62e65-e9a2-4912-816e-f3fe765dbdec-SegmentedRaftLogWorker:Storage Directory /tmp/workdir/hadoop-ozone/integration-test/target/test-dir/MiniOzoneClusterImpl-1c1210bb-655e-47e6-ae7e-d700eb333cd1/datanode-6/data/ratis/7881014f-b79d-4411-b353-10c8c11c13c0 close()
2019-07-14 01:11:45,262 INFO  impl.RaftServerImpl (ServerState.java:close(394)) - 4a10d95a-fc32-43ca-baec-962b33441fc8:group-A56CEB851C8E closes. The last applied log index is 33
2019-07-14 01:11:45,264 INFO  server.GrpcService (GrpcService.java:closeImpl(155)) - bba62e65-e9a2-4912-816e-f3fe765dbdec: shutdown server with port 33724 now
2019-07-14 01:11:45,265 INFO  segmented.SegmentedRaftLogWorker (SegmentedRaftLogWorker.java:run(313)) - 4a10d95a-fc32-43ca-baec-962b33441fc8-SegmentedRaftLogWorker:Storage Directory /tmp/workdir/hadoop-ozone/integration-test/target/test-dir/MiniOzoneClusterImpl-1c1210bb-655e-47e6-ae7e-d700eb333cd1/datanode-0/data/ratis/fc2d561d-c10b-43fa-a6f2-a56ceb851c8e was interrupted, exiting. There are 0 tasks remaining in the queue.
2019-07-14 01:11:45,267 INFO  server.GrpcService (GrpcService.java:closeImpl(163)) - bba62e65-e9a2-4912-816e-f3fe765dbdec: shutdown server with port 33724 successfully
2019-07-14 01:11:45,267 INFO  segmented.SegmentedRaftLogWorker (SegmentedRaftLogWorker.java:close(228)) - 4a10d95a-fc32-43ca-baec-962b33441fc8-SegmentedRaftLogWorker:Storage Directory /tmp/workdir/hadoop-ozone/integration-test/target/test-dir/MiniOzoneClusterImpl-1c1210bb-655e-47e6-ae7e-d700eb333cd1/datanode-0/data/ratis/fc2d561d-c10b-43fa-a6f2-a56ceb851c8e close()
2019-07-14 01:11:45,270 INFO  impl.RaftServerImpl (RaftServerImpl.java:lambda$shutdown$3(245)) - 4a10d95a-fc32-43ca-baec-962b33441fc8: shutdown group-83AEB8A56F81
2019-07-14 01:11:45,270 INFO  utils.BackgroundService (BackgroundService.java:shutdown(148)) - Shutting down service BlockDeletingService
2019-07-14 01:11:45,270 INFO  util.JmxRegister (JmxRegister.java:unregister(73)) - Successfully un-registered JMX Bean with object name Ratis:service=RaftServer,group=group-83AEB8A56F81,id=4a10d95a-fc32-43ca-baec-962b33441fc8
2019-07-14 01:11:45,271 INFO  impl.RoleInfo (RoleInfo.java:shutdownLeaderState(104)) - 4a10d95a-fc32-43ca-baec-962b33441fc8: shutdown LeaderState
2019-07-14 01:11:45,271 WARN  fs.CachingGetSpaceUsed (CachingGetSpaceUsed.java:run(183)) - Thread Interrupted waiting to refresh disk information: sleep interrupted
2019-07-14 01:11:45,271 INFO  impl.PendingRequests (PendingRequests.java:sendNotLeaderResponses(202)) - 4a10d95a-fc32-43ca-baec-962b33441fc8-PendingRequests: sendNotLeaderResponses
2019-07-14 01:11:45,272 INFO  impl.StateMachineUpdater (StateMachineUpdater.java:stopAndJoin(115)) - StateMachineUpdater:4a10d95a-fc32-43ca-baec-962b33441fc8:group-83AEB8A56F81: set stopIndex = 0
2019-07-14 01:11:45,272 INFO  ratis.ContainerStateMachine (ContainerStateMachine.java:takeSnapshot(246)) - Taking snapshot at termIndex:(t:0, i:~)
2019-07-14 01:11:45,273 INFO  impl.RaftServerImpl (ServerState.java:close(394)) - 4a10d95a-fc32-43ca-baec-962b33441fc8:group-83AEB8A56F81 closes. The last applied log index is 0
2019-07-14 01:11:45,273 INFO  segmented.SegmentedRaftLogWorker (SegmentedRaftLogWorker.java:run(313)) - 4a10d95a-fc32-43ca-baec-962b33441fc8-SegmentedRaftLogWorker:Storage Directory /tmp/workdir/hadoop-ozone/integration-test/target/test-dir/MiniOzoneClusterImpl-1c1210bb-655e-47e6-ae7e-d700eb333cd1/datanode-0/data/ratis/984d8650-7ed0-49a1-a243-83aeb8a56f81 was interrupted, exiting. There are 0 tasks remaining in the queue.
2019-07-14 01:11:45,274 INFO  segmented.SegmentedRaftLogWorker (SegmentedRaftLogWorker.java:close(228)) - 4a10d95a-fc32-43ca-baec-962b33441fc8-SegmentedRaftLogWorker:Storage Directory /tmp/workdir/hadoop-ozone/integration-test/target/test-dir/MiniOzoneClusterImpl-1c1210bb-655e-47e6-ae7e-d700eb333cd1/datanode-0/data/ratis/984d8650-7ed0-49a1-a243-83aeb8a56f81 close()
2019-07-14 01:11:45,276 INFO  server.GrpcService (GrpcService.java:closeImpl(155)) - 4a10d95a-fc32-43ca-baec-962b33441fc8: shutdown server with port 34084 now
2019-07-14 01:11:45,277 WARN  client.GrpcClientProtocolService (LogUtils.java:warn(134)) - 2-UnorderedRequestStreamObserver2: onError: org.apache.ratis.thirdparty.io.grpc.StatusRuntimeException: CANCELLED: cancelled before receiving half close
2019-07-14 01:11:45,277 INFO  server.GrpcService (GrpcService.java:closeImpl(163)) - 4a10d95a-fc32-43ca-baec-962b33441fc8: shutdown server with port 34084 successfully
2019-07-14 01:11:45,278 INFO  utils.BackgroundService (BackgroundService.java:shutdown(148)) - Shutting down service BlockDeletingService
2019-07-14 01:11:45,283 WARN  fs.CachingGetSpaceUsed (CachingGetSpaceUsed.java:run(183)) - Thread Interrupted waiting to refresh disk information: sleep interrupted
2019-07-14 01:11:45,293 INFO  statemachine.DatanodeStateMachine (DatanodeStateMachine.java:stopDaemon(395)) - Ozone container server stopped.
2019-07-14 01:11:45,294 INFO  handler.ContextHandler (ContextHandler.java:doStop(910)) - Stopped o.e.j.w.WebAppContext@3095a6e0{/,null,UNAVAILABLE}{/hddsDatanode}
2019-07-14 01:11:45,295 INFO  server.AbstractConnector (AbstractConnector.java:doStop(318)) - Stopped ServerConnector@1f79536b{HTTP/1.1,[http/1.1]}{0.0.0.0:0}
2019-07-14 01:11:45,295 INFO  handler.ContextHandler (ContextHandler.java:doStop(910)) - Stopped o.e.j.s.ServletContextHandler@38ce90b4{/static,jar:file:/home/user/.m2/repository/org/apache/hadoop/hadoop-hdds-container-service/0.5.0-SNAPSHOT/hadoop-hdds-container-service-0.5.0-SNAPSHOT.jar!/webapps/static,UNAVAILABLE}
2019-07-14 01:11:45,296 INFO  handler.ContextHandler (ContextHandler.java:doStop(910)) - Stopped o.e.j.s.ServletContextHandler@53ed864c{/logs,file:///tmp/workdir/hadoop-ozone/integration-test/target/log,UNAVAILABLE}
2019-07-14 01:11:45,297 INFO  datanode.ObjectStoreHandler (ObjectStoreHandler.java:close(155)) - Closing ObjectStoreHandler.
2019-07-14 01:11:45,297 INFO  ozone.HddsDatanodeService (HddsDatanodeService.java:stop(452)) - Stopped plug-in org.apache.hadoop.ozone.web.OzoneHddsDatanodeService@6537dc79
2019-07-14 01:11:45,303 INFO  statemachine.DatanodeStateMachine (DatanodeStateMachine.java:stopDaemon(395)) - Ozone container server stopped.
2019-07-14 01:11:45,315 INFO  handler.ContextHandler (ContextHandler.java:doStop(910)) - Stopped o.e.j.w.WebAppContext@16b1dee7{/,null,UNAVAILABLE}{/hddsDatanode}
2019-07-14 01:11:45,316 INFO  server.AbstractConnector (AbstractConnector.java:doStop(318)) - Stopped ServerConnector@690337df{HTTP/1.1,[http/1.1]}{0.0.0.0:0}
2019-07-14 01:11:45,317 INFO  handler.ContextHandler (ContextHandler.java:doStop(910)) - Stopped o.e.j.s.ServletContextHandler@211ffbd0{/static,jar:file:/home/user/.m2/repository/org/apache/hadoop/hadoop-hdds-container-service/0.5.0-SNAPSHOT/hadoop-hdds-container-service-0.5.0-SNAPSHOT.jar!/webapps/static,UNAVAILABLE}
2019-07-14 01:11:45,319 INFO  handler.ContextHandler (ContextHandler.java:doStop(910)) - Stopped o.e.j.s.ServletContextHandler@210c4071{/logs,file:///tmp/workdir/hadoop-ozone/integration-test/target/log,UNAVAILABLE}
2019-07-14 01:11:45,909 INFO  statemachine.DatanodeStateMachine (DatanodeStateMachine.java:lambda$startDaemon$0(350)) - Ozone container server started.
2019-07-14 01:11:47,388 INFO  impl.FollowerState (FollowerState.java:run(106)) - df5639b5-8d27-41f9-bfe0-08f3354f2ffa:group-8F7DF759B7BB changes to CANDIDATE, lastRpcTime:5022, electionTimeout:5022ms
2019-07-14 01:11:47,388 INFO  impl.RoleInfo (RoleInfo.java:shutdownFollowerState(121)) - df5639b5-8d27-41f9-bfe0-08f3354f2ffa: shutdown FollowerState
2019-07-14 01:11:47,388 INFO  impl.RaftServerImpl (RaftServerImpl.java:setRole(171)) - df5639b5-8d27-41f9-bfe0-08f3354f2ffa:group-8F7DF759B7BB changes role from FOLLOWER to CANDIDATE at term 2 for changeToCandidate
2019-07-14 01:11:47,388 INFO  impl.RoleInfo (RoleInfo.java:updateAndGet(143)) - df5639b5-8d27-41f9-bfe0-08f3354f2ffa: start LeaderElection
2019-07-14 01:11:47,406 INFO  impl.LeaderElection (LeaderElection.java:askForVotes(181)) - df5639b5-8d27-41f9-bfe0-08f3354f2ffa:group-8F7DF759B7BB:LeaderElection90: begin an election at term 3 for 0: [a1b95934-5204-42ea-9e02-af5e99675e4a:192.168.157.230:34198, df5639b5-8d27-41f9-bfe0-08f3354f2ffa:192.168.157.230:39715, 5a88bb18-a471-4f7f-9c87-6417d7d13968:192.168.157.230:43246], old=null
2019-07-14 01:11:47,407 INFO  impl.LeaderElection (LogUtils.java:infoOrTrace(149)) - df5639b5-8d27-41f9-bfe0-08f3354f2ffa:group-8F7DF759B7BB:LeaderElection90 got exception when requesting votes: {}
java.util.concurrent.ExecutionException: org.apache.ratis.thirdparty.io.grpc.StatusRuntimeException: UNAVAILABLE: io exception
	at java.util.concurrent.FutureTask.report(FutureTask.java:122)
	at java.util.concurrent.FutureTask.get(FutureTask.java:192)
	at org.apache.ratis.server.impl.LeaderElection.waitForResults(LeaderElection.java:262)
	at org.apache.ratis.server.impl.LeaderElection.askForVotes(LeaderElection.java:200)
	at org.apache.ratis.server.impl.LeaderElection.run(LeaderElection.java:130)
	at java.lang.Thread.run(Thread.java:748)
Caused by: org.apache.ratis.thirdparty.io.grpc.StatusRuntimeException: UNAVAILABLE: io exception
	at org.apache.ratis.thirdparty.io.grpc.stub.ClientCalls.toStatusRuntimeException(ClientCalls.java:233)
	at org.apache.ratis.thirdparty.io.grpc.stub.ClientCalls.getUnchecked(ClientCalls.java:214)
	at org.apache.ratis.thirdparty.io.grpc.stub.ClientCalls.blockingUnaryCall(ClientCalls.java:139)
	at org.apache.ratis.proto.grpc.RaftServerProtocolServiceGrpc$RaftServerProtocolServiceBlockingStub.requestVote(RaftServerProtocolServiceGrpc.java:265)
	at org.apache.ratis.grpc.server.GrpcServerProtocolClient.requestVote(GrpcServerProtocolClient.java:83)
	at org.apache.ratis.grpc.server.GrpcService.requestVote(GrpcService.java:195)
	at org.apache.ratis.server.impl.LeaderElection.lambda$submitRequests$1(LeaderElection.java:237)
	at java.util.concurrent.FutureTask.run(FutureTask.java:266)
	at java.util.concurrent.Executors$RunnableAdapter.call(Executors.java:511)
	at java.util.concurrent.FutureTask.run(FutureTask.java:266)
	at java.util.concurrent.ThreadPoolExecutor.runWorker(ThreadPoolExecutor.java:1149)
	at java.util.concurrent.ThreadPoolExecutor$Worker.run(ThreadPoolExecutor.java:624)
	... 1 more
Caused by: org.apache.ratis.thirdparty.io.netty.channel.AbstractChannel$AnnotatedConnectException: Connection refused: /192.168.157.230:34198
	at sun.nio.ch.SocketChannelImpl.checkConnect(Native Method)
	at sun.nio.ch.SocketChannelImpl.finishConnect(SocketChannelImpl.java:717)
	at org.apache.ratis.thirdparty.io.netty.channel.socket.nio.NioSocketChannel.doFinishConnect(NioSocketChannel.java:327)
	at org.apache.ratis.thirdparty.io.netty.channel.nio.AbstractNioChannel$AbstractNioUnsafe.finishConnect(AbstractNioChannel.java:340)
	at org.apache.ratis.thirdparty.io.netty.channel.nio.NioEventLoop.processSelectedKey(NioEventLoop.java:632)
	at org.apache.ratis.thirdparty.io.netty.channel.nio.NioEventLoop.processSelectedKeysOptimized(NioEventLoop.java:579)
	at org.apache.ratis.thirdparty.io.netty.channel.nio.NioEventLoop.processSelectedKeys(NioEventLoop.java:496)
	at org.apache.ratis.thirdparty.io.netty.channel.nio.NioEventLoop.run(NioEventLoop.java:458)
	at org.apache.ratis.thirdparty.io.netty.util.concurrent.SingleThreadEventExecutor$5.run(SingleThreadEventExecutor.java:897)
	at org.apache.ratis.thirdparty.io.netty.util.concurrent.FastThreadLocalRunnable.run(FastThreadLocalRunnable.java:30)
	... 1 more
Caused by: java.net.ConnectException: Connection refused
	... 11 more
2019-07-14 01:11:47,409 INFO  impl.LeaderElection (LogUtils.java:infoOrTrace(149)) - df5639b5-8d27-41f9-bfe0-08f3354f2ffa:group-8F7DF759B7BB:LeaderElection90 got exception when requesting votes: {}
java.util.concurrent.ExecutionException: org.apache.ratis.thirdparty.io.grpc.StatusRuntimeException: UNAVAILABLE: io exception
	at java.util.concurrent.FutureTask.report(FutureTask.java:122)
	at java.util.concurrent.FutureTask.get(FutureTask.java:192)
	at org.apache.ratis.server.impl.LeaderElection.waitForResults(LeaderElection.java:262)
	at org.apache.ratis.server.impl.LeaderElection.askForVotes(LeaderElection.java:200)
	at org.apache.ratis.server.impl.LeaderElection.run(LeaderElection.java:130)
	at java.lang.Thread.run(Thread.java:748)
Caused by: org.apache.ratis.thirdparty.io.grpc.StatusRuntimeException: UNAVAILABLE: io exception
	at org.apache.ratis.thirdparty.io.grpc.stub.ClientCalls.toStatusRuntimeException(ClientCalls.java:233)
	at org.apache.ratis.thirdparty.io.grpc.stub.ClientCalls.getUnchecked(ClientCalls.java:214)
	at org.apache.ratis.thirdparty.io.grpc.stub.ClientCalls.blockingUnaryCall(ClientCalls.java:139)
	at org.apache.ratis.proto.grpc.RaftServerProtocolServiceGrpc$RaftServerProtocolServiceBlockingStub.requestVote(RaftServerProtocolServiceGrpc.java:265)
	at org.apache.ratis.grpc.server.GrpcServerProtocolClient.requestVote(GrpcServerProtocolClient.java:83)
	at org.apache.ratis.grpc.server.GrpcService.requestVote(GrpcService.java:195)
	at org.apache.ratis.server.impl.LeaderElection.lambda$submitRequests$1(LeaderElection.java:237)
	at java.util.concurrent.FutureTask.run(FutureTask.java:266)
	at java.util.concurrent.Executors$RunnableAdapter.call(Executors.java:511)
	at java.util.concurrent.FutureTask.run(FutureTask.java:266)
	at java.util.concurrent.ThreadPoolExecutor.runWorker(ThreadPoolExecutor.java:1149)
	at java.util.concurrent.ThreadPoolExecutor$Worker.run(ThreadPoolExecutor.java:624)
	... 1 more
Caused by: org.apache.ratis.thirdparty.io.netty.channel.AbstractChannel$AnnotatedConnectException: Connection refused: /192.168.157.230:43246
	at sun.nio.ch.SocketChannelImpl.checkConnect(Native Method)
	at sun.nio.ch.SocketChannelImpl.finishConnect(SocketChannelImpl.java:717)
	at org.apache.ratis.thirdparty.io.netty.channel.socket.nio.NioSocketChannel.doFinishConnect(NioSocketChannel.java:327)
	at org.apache.ratis.thirdparty.io.netty.channel.nio.AbstractNioChannel$AbstractNioUnsafe.finishConnect(AbstractNioChannel.java:340)
	at org.apache.ratis.thirdparty.io.netty.channel.nio.NioEventLoop.processSelectedKey(NioEventLoop.java:632)
	at org.apache.ratis.thirdparty.io.netty.channel.nio.NioEventLoop.processSelectedKeysOptimized(NioEventLoop.java:579)
	at org.apache.ratis.thirdparty.io.netty.channel.nio.NioEventLoop.processSelectedKeys(NioEventLoop.java:496)
	at org.apache.ratis.thirdparty.io.netty.channel.nio.NioEventLoop.run(NioEventLoop.java:458)
	at org.apache.ratis.thirdparty.io.netty.util.concurrent.SingleThreadEventExecutor$5.run(SingleThreadEventExecutor.java:897)
	at org.apache.ratis.thirdparty.io.netty.util.concurrent.FastThreadLocalRunnable.run(FastThreadLocalRunnable.java:30)
	... 1 more
Caused by: java.net.ConnectException: Connection refused
	... 11 more
2019-07-14 01:11:47,411 INFO  impl.LeaderElection (LeaderElection.java:logAndReturn(56)) - df5639b5-8d27-41f9-bfe0-08f3354f2ffa:group-8F7DF759B7BB:LeaderElection90: Election REJECTED; received 0 response(s) [] and 2 exception(s); df5639b5-8d27-41f9-bfe0-08f3354f2ffa:t3, leader=null, voted=df5639b5-8d27-41f9-bfe0-08f3354f2ffa, raftlog=df5639b5-8d27-41f9-bfe0-08f3354f2ffa-SegmentedRaftLog:OPENED:c0,f0,i0, conf=0: [a1b95934-5204-42ea-9e02-af5e99675e4a:192.168.157.230:34198, df5639b5-8d27-41f9-bfe0-08f3354f2ffa:192.168.157.230:39715, 5a88bb18-a471-4f7f-9c87-6417d7d13968:192.168.157.230:43246], old=null
2019-07-14 01:11:47,411 INFO  impl.LeaderElection (LogUtils.java:infoOrTrace(149)) -   Exception 0: {}
java.util.concurrent.ExecutionException: org.apache.ratis.thirdparty.io.grpc.StatusRuntimeException: UNAVAILABLE: io exception
	at java.util.concurrent.FutureTask.report(FutureTask.java:122)
	at java.util.concurrent.FutureTask.get(FutureTask.java:192)
	at org.apache.ratis.server.impl.LeaderElection.waitForResults(LeaderElection.java:262)
	at org.apache.ratis.server.impl.LeaderElection.askForVotes(LeaderElection.java:200)
	at org.apache.ratis.server.impl.LeaderElection.run(LeaderElection.java:130)
	at java.lang.Thread.run(Thread.java:748)
Caused by: org.apache.ratis.thirdparty.io.grpc.StatusRuntimeException: UNAVAILABLE: io exception
	at org.apache.ratis.thirdparty.io.grpc.stub.ClientCalls.toStatusRuntimeException(ClientCalls.java:233)
	at org.apache.ratis.thirdparty.io.grpc.stub.ClientCalls.getUnchecked(ClientCalls.java:214)
	at org.apache.ratis.thirdparty.io.grpc.stub.ClientCalls.blockingUnaryCall(ClientCalls.java:139)
	at org.apache.ratis.proto.grpc.RaftServerProtocolServiceGrpc$RaftServerProtocolServiceBlockingStub.requestVote(RaftServerProtocolServiceGrpc.java:265)
	at org.apache.ratis.grpc.server.GrpcServerProtocolClient.requestVote(GrpcServerProtocolClient.java:83)
	at org.apache.ratis.grpc.server.GrpcService.requestVote(GrpcService.java:195)
	at org.apache.ratis.server.impl.LeaderElection.lambda$submitRequests$1(LeaderElection.java:237)
	at java.util.concurrent.FutureTask.run(FutureTask.java:266)
	at java.util.concurrent.Executors$RunnableAdapter.call(Executors.java:511)
	at java.util.concurrent.FutureTask.run(FutureTask.java:266)
	at java.util.concurrent.ThreadPoolExecutor.runWorker(ThreadPoolExecutor.java:1149)
	at java.util.concurrent.ThreadPoolExecutor$Worker.run(ThreadPoolExecutor.java:624)
	... 1 more
Caused by: org.apache.ratis.thirdparty.io.netty.channel.AbstractChannel$AnnotatedConnectException: Connection refused: /192.168.157.230:34198
	at sun.nio.ch.SocketChannelImpl.checkConnect(Native Method)
	at sun.nio.ch.SocketChannelImpl.finishConnect(SocketChannelImpl.java:717)
	at org.apache.ratis.thirdparty.io.netty.channel.socket.nio.NioSocketChannel.doFinishConnect(NioSocketChannel.java:327)
	at org.apache.ratis.thirdparty.io.netty.channel.nio.AbstractNioChannel$AbstractNioUnsafe.finishConnect(AbstractNioChannel.java:340)
	at org.apache.ratis.thirdparty.io.netty.channel.nio.NioEventLoop.processSelectedKey(NioEventLoop.java:632)
	at org.apache.ratis.thirdparty.io.netty.channel.nio.NioEventLoop.processSelectedKeysOptimized(NioEventLoop.java:579)
	at org.apache.ratis.thirdparty.io.netty.channel.nio.NioEventLoop.processSelectedKeys(NioEventLoop.java:496)
	at org.apache.ratis.thirdparty.io.netty.channel.nio.NioEventLoop.run(NioEventLoop.java:458)
	at org.apache.ratis.thirdparty.io.netty.util.concurrent.SingleThreadEventExecutor$5.run(SingleThreadEventExecutor.java:897)
	at org.apache.ratis.thirdparty.io.netty.util.concurrent.FastThreadLocalRunnable.run(FastThreadLocalRunnable.java:30)
	... 1 more
Caused by: java.net.ConnectException: Connection refused
	... 11 more
2019-07-14 01:11:47,411 INFO  impl.LeaderElection (LogUtils.java:infoOrTrace(149)) -   Exception 1: {}
java.util.concurrent.ExecutionException: org.apache.ratis.thirdparty.io.grpc.StatusRuntimeException: UNAVAILABLE: io exception
	at java.util.concurrent.FutureTask.report(FutureTask.java:122)
	at java.util.concurrent.FutureTask.get(FutureTask.java:192)
	at org.apache.ratis.server.impl.LeaderElection.waitForResults(LeaderElection.java:262)
	at org.apache.ratis.server.impl.LeaderElection.askForVotes(LeaderElection.java:200)
	at org.apache.ratis.server.impl.LeaderElection.run(LeaderElection.java:130)
	at java.lang.Thread.run(Thread.java:748)
Caused by: org.apache.ratis.thirdparty.io.grpc.StatusRuntimeException: UNAVAILABLE: io exception
	at org.apache.ratis.thirdparty.io.grpc.stub.ClientCalls.toStatusRuntimeException(ClientCalls.java:233)
	at org.apache.ratis.thirdparty.io.grpc.stub.ClientCalls.getUnchecked(ClientCalls.java:214)
	at org.apache.ratis.thirdparty.io.grpc.stub.ClientCalls.blockingUnaryCall(ClientCalls.java:139)
	at org.apache.ratis.proto.grpc.RaftServerProtocolServiceGrpc$RaftServerProtocolServiceBlockingStub.requestVote(RaftServerProtocolServiceGrpc.java:265)
	at org.apache.ratis.grpc.server.GrpcServerProtocolClient.requestVote(GrpcServerProtocolClient.java:83)
	at org.apache.ratis.grpc.server.GrpcService.requestVote(GrpcService.java:195)
	at org.apache.ratis.server.impl.LeaderElection.lambda$submitRequests$1(LeaderElection.java:237)
	at java.util.concurrent.FutureTask.run(FutureTask.java:266)
	at java.util.concurrent.Executors$RunnableAdapter.call(Executors.java:511)
	at java.util.concurrent.FutureTask.run(FutureTask.java:266)
	at java.util.concurrent.ThreadPoolExecutor.runWorker(ThreadPoolExecutor.java:1149)
	at java.util.concurrent.ThreadPoolExecutor$Worker.run(ThreadPoolExecutor.java:624)
	... 1 more
Caused by: org.apache.ratis.thirdparty.io.netty.channel.AbstractChannel$AnnotatedConnectException: Connection refused: /192.168.157.230:43246
	at sun.nio.ch.SocketChannelImpl.checkConnect(Native Method)
	at sun.nio.ch.SocketChannelImpl.finishConnect(SocketChannelImpl.java:717)
	at org.apache.ratis.thirdparty.io.netty.channel.socket.nio.NioSocketChannel.doFinishConnect(NioSocketChannel.java:327)
	at org.apache.ratis.thirdparty.io.netty.channel.nio.AbstractNioChannel$AbstractNioUnsafe.finishConnect(AbstractNioChannel.java:340)
	at org.apache.ratis.thirdparty.io.netty.channel.nio.NioEventLoop.processSelectedKey(NioEventLoop.java:632)
	at org.apache.ratis.thirdparty.io.netty.channel.nio.NioEventLoop.processSelectedKeysOptimized(NioEventLoop.java:579)
	at org.apache.ratis.thirdparty.io.netty.channel.nio.NioEventLoop.processSelectedKeys(NioEventLoop.java:496)
	at org.apache.ratis.thirdparty.io.netty.channel.nio.NioEventLoop.run(NioEventLoop.java:458)
	at org.apache.ratis.thirdparty.io.netty.util.concurrent.SingleThreadEventExecutor$5.run(SingleThreadEventExecutor.java:897)
	at org.apache.ratis.thirdparty.io.netty.util.concurrent.FastThreadLocalRunnable.run(FastThreadLocalRunnable.java:30)
	... 1 more
Caused by: java.net.ConnectException: Connection refused
	... 11 more
2019-07-14 01:11:47,411 INFO  impl.RaftServerImpl (RaftServerImpl.java:setRole(171)) - df5639b5-8d27-41f9-bfe0-08f3354f2ffa:group-8F7DF759B7BB changes role from CANDIDATE to FOLLOWER at term 3 for DISCOVERED_A_NEW_TERM
2019-07-14 01:11:47,412 INFO  impl.RoleInfo (RoleInfo.java:shutdownLeaderElection(134)) - df5639b5-8d27-41f9-bfe0-08f3354f2ffa: shutdown LeaderElection
2019-07-14 01:11:47,412 INFO  impl.RoleInfo (RoleInfo.java:updateAndGet(143)) - df5639b5-8d27-41f9-bfe0-08f3354f2ffa: start FollowerState
2019-07-14 01:11:49,994 INFO  node.StaleNodeHandler (StaleNodeHandler.java:onMessage(58)) - Datanode df5639b5-8d27-41f9-bfe0-08f3354f2ffa{ip: 192.168.157.230, host: trunk-nightly-sxkq5-3320257302, networkLocation: /default-rack, certSerialId: null} moved to stale state. Finalizing its pipelines [PipelineID=01df31c6-eec4-43cb-a782-8f7df759b7bb, PipelineID=521b88da-d8fa-4a94-8195-8280891474a0]
2019-07-14 01:11:49,994 INFO  pipeline.SCMPipelineManager (SCMPipelineManager.java:finalizeAndDestroyPipeline(309)) - destroying pipeline:Pipeline[ Id: 01df31c6-eec4-43cb-a782-8f7df759b7bb, Nodes: a1b95934-5204-42ea-9e02-af5e99675e4a{ip: 192.168.157.230, host: trunk-nightly-sxkq5-3320257302, networkLocation: /default-rack, certSerialId: null}5a88bb18-a471-4f7f-9c87-6417d7d13968{ip: 192.168.157.230, host: trunk-nightly-sxkq5-3320257302, networkLocation: /default-rack, certSerialId: null}df5639b5-8d27-41f9-bfe0-08f3354f2ffa{ip: 192.168.157.230, host: trunk-nightly-sxkq5-3320257302, networkLocation: /default-rack, certSerialId: null}, Type:RATIS, Factor:THREE, State:CLOSED]
2019-07-14 01:11:49,995 INFO  pipeline.SCMPipelineManager (SCMPipelineManager.java:finalizeAndDestroyPipeline(309)) - destroying pipeline:Pipeline[ Id: 521b88da-d8fa-4a94-8195-8280891474a0, Nodes: df5639b5-8d27-41f9-bfe0-08f3354f2ffa{ip: 192.168.157.230, host: trunk-nightly-sxkq5-3320257302, networkLocation: /default-rack, certSerialId: null}, Type:RATIS, Factor:ONE, State:OPEN]
2019-07-14 01:11:49,995 INFO  pipeline.PipelineStateManager (PipelineStateManager.java:finalizePipeline(123)) - Pipeline Pipeline[ Id: 521b88da-d8fa-4a94-8195-8280891474a0, Nodes: df5639b5-8d27-41f9-bfe0-08f3354f2ffa{ip: 192.168.157.230, host: trunk-nightly-sxkq5-3320257302, networkLocation: /default-rack, certSerialId: null}, Type:RATIS, Factor:ONE, State:CLOSED] moved to CLOSED state
2019-07-14 01:11:50,298 INFO  ozoneimpl.OzoneContainer (OzoneContainer.java:stop(199)) - Attempting to stop container services.
2019-07-14 01:11:50,298 INFO  impl.RaftServerProxy (RaftServerProxy.java:lambda$close$4(314)) - df5639b5-8d27-41f9-bfe0-08f3354f2ffa: close
2019-07-14 01:11:50,299 INFO  impl.RaftServerImpl (RaftServerImpl.java:lambda$shutdown$3(245)) - df5639b5-8d27-41f9-bfe0-08f3354f2ffa: shutdown group-8F7DF759B7BB
2019-07-14 01:11:50,300 INFO  util.JmxRegister (JmxRegister.java:unregister(73)) - Successfully un-registered JMX Bean with object name Ratis:service=RaftServer,group=group-8F7DF759B7BB,id=df5639b5-8d27-41f9-bfe0-08f3354f2ffa
2019-07-14 01:11:50,300 INFO  impl.RoleInfo (RoleInfo.java:shutdownFollowerState(121)) - df5639b5-8d27-41f9-bfe0-08f3354f2ffa: shutdown FollowerState
2019-07-14 01:11:50,300 INFO  impl.StateMachineUpdater (StateMachineUpdater.java:stopAndJoin(115)) - StateMachineUpdater:df5639b5-8d27-41f9-bfe0-08f3354f2ffa:group-8F7DF759B7BB: set stopIndex = 0
2019-07-14 01:11:50,301 INFO  impl.FollowerState (FollowerState.java:run(114)) - df5639b5-8d27-41f9-bfe0-08f3354f2ffa: FollowerState was interrupted: java.lang.InterruptedException: sleep interrupted
2019-07-14 01:11:50,301 INFO  ratis.ContainerStateMachine (ContainerStateMachine.java:takeSnapshot(246)) - Taking snapshot at termIndex:(t:0, i:~)
2019-07-14 01:11:50,304 INFO  impl.RaftServerImpl (ServerState.java:close(394)) - df5639b5-8d27-41f9-bfe0-08f3354f2ffa:group-8F7DF759B7BB closes. The last applied log index is 0
2019-07-14 01:11:50,304 INFO  segmented.SegmentedRaftLogWorker (SegmentedRaftLogWorker.java:run(313)) - df5639b5-8d27-41f9-bfe0-08f3354f2ffa-SegmentedRaftLogWorker:Storage Directory /tmp/workdir/hadoop-ozone/integration-test/target/test-dir/MiniOzoneClusterImpl-1c1210bb-655e-47e6-ae7e-d700eb333cd1/datanode-5/data/ratis/01df31c6-eec4-43cb-a782-8f7df759b7bb was interrupted, exiting. There are 0 tasks remaining in the queue.
2019-07-14 01:11:50,305 INFO  segmented.SegmentedRaftLogWorker (SegmentedRaftLogWorker.java:close(228)) - df5639b5-8d27-41f9-bfe0-08f3354f2ffa-SegmentedRaftLogWorker:Storage Directory /tmp/workdir/hadoop-ozone/integration-test/target/test-dir/MiniOzoneClusterImpl-1c1210bb-655e-47e6-ae7e-d700eb333cd1/datanode-5/data/ratis/01df31c6-eec4-43cb-a782-8f7df759b7bb close()
2019-07-14 01:11:50,307 INFO  impl.RaftServerImpl (RaftServerImpl.java:lambda$shutdown$3(245)) - df5639b5-8d27-41f9-bfe0-08f3354f2ffa: shutdown group-8280891474A0
2019-07-14 01:11:50,307 INFO  util.JmxRegister (JmxRegister.java:unregister(73)) - Successfully un-registered JMX Bean with object name Ratis:service=RaftServer,group=group-8280891474A0,id=df5639b5-8d27-41f9-bfe0-08f3354f2ffa
2019-07-14 01:11:50,307 INFO  impl.RoleInfo (RoleInfo.java:shutdownLeaderState(104)) - df5639b5-8d27-41f9-bfe0-08f3354f2ffa: shutdown LeaderState
2019-07-14 01:11:50,308 INFO  impl.PendingRequests (PendingRequests.java:sendNotLeaderResponses(202)) - df5639b5-8d27-41f9-bfe0-08f3354f2ffa-PendingRequests: sendNotLeaderResponses
2019-07-14 01:11:50,308 INFO  impl.StateMachineUpdater (StateMachineUpdater.java:stopAndJoin(115)) - StateMachineUpdater:df5639b5-8d27-41f9-bfe0-08f3354f2ffa:group-8280891474A0: set stopIndex = 0
2019-07-14 01:11:50,308 INFO  ratis.ContainerStateMachine (ContainerStateMachine.java:takeSnapshot(246)) - Taking snapshot at termIndex:(t:0, i:~)
2019-07-14 01:11:50,309 INFO  impl.RaftServerImpl (ServerState.java:close(394)) - df5639b5-8d27-41f9-bfe0-08f3354f2ffa:group-8280891474A0 closes. The last applied log index is 0
2019-07-14 01:11:50,309 INFO  segmented.SegmentedRaftLogWorker (SegmentedRaftLogWorker.java:run(313)) - df5639b5-8d27-41f9-bfe0-08f3354f2ffa-SegmentedRaftLogWorker:Storage Directory /tmp/workdir/hadoop-ozone/integration-test/target/test-dir/MiniOzoneClusterImpl-1c1210bb-655e-47e6-ae7e-d700eb333cd1/datanode-5/data/ratis/521b88da-d8fa-4a94-8195-8280891474a0 was interrupted, exiting. There are 0 tasks remaining in the queue.
2019-07-14 01:11:50,310 INFO  segmented.SegmentedRaftLogWorker (SegmentedRaftLogWorker.java:close(228)) - df5639b5-8d27-41f9-bfe0-08f3354f2ffa-SegmentedRaftLogWorker:Storage Directory /tmp/workdir/hadoop-ozone/integration-test/target/test-dir/MiniOzoneClusterImpl-1c1210bb-655e-47e6-ae7e-d700eb333cd1/datanode-5/data/ratis/521b88da-d8fa-4a94-8195-8280891474a0 close()
2019-07-14 01:11:50,312 INFO  server.GrpcService (GrpcService.java:closeImpl(155)) - df5639b5-8d27-41f9-bfe0-08f3354f2ffa: shutdown server with port 39715 now
2019-07-14 01:11:50,312 INFO  server.GrpcService (GrpcService.java:closeImpl(163)) - df5639b5-8d27-41f9-bfe0-08f3354f2ffa: shutdown server with port 39715 successfully
2019-07-14 01:11:50,314 INFO  utils.BackgroundService (BackgroundService.java:shutdown(148)) - Shutting down service BlockDeletingService
2019-07-14 01:11:50,318 WARN  fs.CachingGetSpaceUsed (CachingGetSpaceUsed.java:run(183)) - Thread Interrupted waiting to refresh disk information: sleep interrupted
2019-07-14 01:11:50,333 INFO  statemachine.DatanodeStateMachine (DatanodeStateMachine.java:stopDaemon(395)) - Ozone container server stopped.
2019-07-14 01:11:50,345 INFO  handler.ContextHandler (ContextHandler.java:doStop(910)) - Stopped o.e.j.w.WebAppContext@ef64a8f{/,null,UNAVAILABLE}{/hddsDatanode}
2019-07-14 01:11:50,346 INFO  server.AbstractConnector (AbstractConnector.java:doStop(318)) - Stopped ServerConnector@3a2cc282{HTTP/1.1,[http/1.1]}{0.0.0.0:0}
2019-07-14 01:11:50,346 INFO  handler.ContextHandler (ContextHandler.java:doStop(910)) - Stopped o.e.j.s.ServletContextHandler@696e9e14{/static,jar:file:/home/user/.m2/repository/org/apache/hadoop/hadoop-hdds-container-service/0.5.0-SNAPSHOT/hadoop-hdds-container-service-0.5.0-SNAPSHOT.jar!/webapps/static,UNAVAILABLE}
2019-07-14 01:11:50,347 INFO  handler.ContextHandler (ContextHandler.java:doStop(910)) - Stopped o.e.j.s.ServletContextHandler@4cee91b{/logs,file:///tmp/workdir/hadoop-ozone/integration-test/target/log,UNAVAILABLE}
2019-07-14 01:11:50,348 INFO  ozone.MiniOzoneClusterImpl (MiniOzoneClusterImpl.java:stop(353)) - Stopping the StorageContainerManager
2019-07-14 01:11:50,348 INFO  server.StorageContainerManager (StorageContainerManager.java:stop(796)) - Stopping Replication Manager Service.
2019-07-14 01:11:50,348 INFO  container.ReplicationManager (ReplicationManager.java:stop(187)) - Stopping Replication Monitor Thread.
2019-07-14 01:11:50,348 INFO  server.StorageContainerManager (StorageContainerManager.java:stop(803)) - Stopping Lease Manager of the command watchers
2019-07-14 01:11:50,349 INFO  server.StorageContainerManager (StorageContainerManager.java:stop(810)) - Stopping datanode service RPC server
2019-07-14 01:11:50,349 INFO  server.SCMDatanodeProtocolServer (SCMDatanodeProtocolServer.java:stop(375)) - Stopping the RPC server for DataNodes
2019-07-14 01:11:50,349 INFO  ipc.Server (Server.java:stop(3082)) - Stopping server on 40898
2019-07-14 01:11:50,353 INFO  ipc.Server (Server.java:run(1185)) - Stopping IPC Server listener on 40898
2019-07-14 01:11:50,353 INFO  ipc.Server (Server.java:run(1319)) - Stopping IPC Server Responder
2019-07-14 01:11:50,394 WARN  node.NodeStateManager (NodeStateManager.java:scheduleNextHealthCheck(631)) - Current Thread is interrupted, shutting down HB processing thread for Node Manager.
2019-07-14 01:11:50,395 INFO  server.StorageContainerManager (StorageContainerManager.java:stop(818)) - Stopping block service RPC server
2019-07-14 01:11:50,395 INFO  server.SCMBlockProtocolServer (SCMBlockProtocolServer.java:stop(148)) - Stopping the RPC server for Block Protocol
2019-07-14 01:11:50,395 INFO  ipc.Server (Server.java:stop(3082)) - Stopping server on 46469
2019-07-14 01:11:50,398 INFO  ipc.Server (Server.java:run(1185)) - Stopping IPC Server listener on 46469
2019-07-14 01:11:50,398 INFO  server.StorageContainerManager (StorageContainerManager.java:stop(825)) - Stopping the StorageContainerLocationProtocol RPC server
2019-07-14 01:11:50,398 INFO  server.SCMClientProtocolServer (SCMClientProtocolServer.java:stop(157)) - Stopping the RPC server for Client Protocol
2019-07-14 01:11:50,398 INFO  ipc.Server (Server.java:stop(3082)) - Stopping server on 34713
2019-07-14 01:11:50,400 INFO  ipc.Server (Server.java:run(1319)) - Stopping IPC Server Responder
2019-07-14 01:11:50,402 INFO  ipc.Server (Server.java:run(1185)) - Stopping IPC Server listener on 34713
2019-07-14 01:11:50,402 INFO  server.StorageContainerManager (StorageContainerManager.java:stop(832)) - Stopping Storage Container Manager HTTP server.
2019-07-14 01:11:50,403 INFO  ipc.Server (Server.java:run(1319)) - Stopping IPC Server Responder
2019-07-14 01:11:50,405 INFO  handler.ContextHandler (ContextHandler.java:doStop(910)) - Stopped o.e.j.w.WebAppContext@7669d7a2{/,null,UNAVAILABLE}{/scm}
2019-07-14 01:11:50,405 INFO  server.AbstractConnector (AbstractConnector.java:doStop(318)) - Stopped ServerConnector@724945{HTTP/1.1,[http/1.1]}{0.0.0.0:0}
2019-07-14 01:11:50,406 INFO  handler.ContextHandler (ContextHandler.java:doStop(910)) - Stopped o.e.j.s.ServletContextHandler@3e9c59ed{/static,file:///tmp/workdir/hadoop-ozone/integration-test/target/test-classes/webapps/static,UNAVAILABLE}
2019-07-14 01:11:50,406 INFO  handler.ContextHandler (ContextHandler.java:doStop(910)) - Stopped o.e.j.s.ServletContextHandler@31c87223{/logs,file:///tmp/workdir/hadoop-ozone/integration-test/target/log,UNAVAILABLE}
2019-07-14 01:11:50,407 INFO  server.StorageContainerManager (StorageContainerManager.java:stop(843)) - Stopping Block Manager Service.
2019-07-14 01:11:50,408 INFO  utils.BackgroundService (BackgroundService.java:shutdown(148)) - Shutting down service SCMBlockDeletingService
2019-07-14 01:11:50,408 INFO  utils.BackgroundService (BackgroundService.java:shutdown(148)) - Shutting down service SCMBlockDeletingService
2019-07-14 01:11:50,409 INFO  server.StorageContainerManager (StorageContainerManager.java:stop(865)) - Stopping SCM Event Queue.
2019-07-14 01:11:50,413 INFO  impl.MetricsSystemImpl (MetricsSystemImpl.java:stop(210)) - Stopping HddsDatanode metrics system...
2019-07-14 01:11:50,429 INFO  impl.MetricsSystemImpl (MetricsSystemImpl.java:stop(216)) - HddsDatanode metrics system stopped.
]]></system-out>
    <system-err><![CDATA[Jul 14, 2019 1:11:16 AM com.sun.jersey.server.impl.application.WebApplicationImpl _initiate
INFO: Initiating Jersey application, version 'Jersey: 1.19 02/11/2015 03:25 AM'
Jul 14, 2019 1:11:17 AM com.sun.jersey.server.impl.application.WebApplicationImpl _initiate
INFO: Initiating Jersey application, version 'Jersey: 1.19 02/11/2015 03:25 AM'
Jul 14, 2019 1:11:17 AM com.sun.jersey.server.impl.application.WebApplicationImpl _initiate
INFO: Initiating Jersey application, version 'Jersey: 1.19 02/11/2015 03:25 AM'
Jul 14, 2019 1:11:17 AM com.sun.jersey.server.impl.application.WebApplicationImpl _initiate
INFO: Initiating Jersey application, version 'Jersey: 1.19 02/11/2015 03:25 AM'
Jul 14, 2019 1:11:17 AM com.sun.jersey.server.impl.application.WebApplicationImpl _initiate
INFO: Initiating Jersey application, version 'Jersey: 1.19 02/11/2015 03:25 AM'
Jul 14, 2019 1:11:17 AM com.sun.jersey.server.impl.application.WebApplicationImpl _initiate
INFO: Initiating Jersey application, version 'Jersey: 1.19 02/11/2015 03:25 AM'
Jul 14, 2019 1:11:17 AM com.sun.jersey.server.impl.application.WebApplicationImpl _initiate
INFO: Initiating Jersey application, version 'Jersey: 1.19 02/11/2015 03:25 AM'
Jul 14, 2019 1:11:21 AM org.apache.ratis.thirdparty.io.grpc.internal.ManagedChannelOrphanWrapper$ManagedChannelReference cleanQueue
SEVERE: *~*~*~ Channel ManagedChannelImpl{logId=3074, target=192.168.157.230:44195} was not shutdown properly!!! ~*~*~*
    Make sure to call shutdown()/shutdownNow() and wait until awaitTermination() returns true.
java.lang.RuntimeException: ManagedChannel allocation site
	at org.apache.ratis.thirdparty.io.grpc.internal.ManagedChannelOrphanWrapper$ManagedChannelReference.<init>(ManagedChannelOrphanWrapper.java:103)
	at org.apache.ratis.thirdparty.io.grpc.internal.ManagedChannelOrphanWrapper.<init>(ManagedChannelOrphanWrapper.java:53)
	at org.apache.ratis.thirdparty.io.grpc.internal.ManagedChannelOrphanWrapper.<init>(ManagedChannelOrphanWrapper.java:44)
	at org.apache.ratis.thirdparty.io.grpc.internal.AbstractManagedChannelImplBuilder.build(AbstractManagedChannelImplBuilder.java:411)
	at org.apache.ratis.grpc.client.GrpcClientProtocolClient.<init>(GrpcClientProtocolClient.java:119)
	at org.apache.ratis.grpc.client.GrpcClientRpc.lambda$new$0(GrpcClientRpc.java:55)
	at org.apache.ratis.util.PeerProxyMap$PeerAndProxy.lambda$getProxy$0(PeerProxyMap.java:61)
	at org.apache.ratis.util.LifeCycle.startAndTransition(LifeCycle.java:202)
	at org.apache.ratis.util.PeerProxyMap$PeerAndProxy.getProxy(PeerProxyMap.java:60)
	at org.apache.ratis.util.PeerProxyMap.getProxy(PeerProxyMap.java:107)
	at org.apache.ratis.grpc.client.GrpcClientRpc.sendRequestAsync(GrpcClientRpc.java:66)
	at org.apache.ratis.client.impl.OrderedAsync.sendRequest(OrderedAsync.java:208)
	at org.apache.ratis.client.impl.OrderedAsync.sendRequestWithRetry(OrderedAsync.java:169)
	at org.apache.ratis.util.SlidingWindow$Client.sendOrDelayRequest(SlidingWindow.java:278)
	at org.apache.ratis.util.SlidingWindow$Client.retry(SlidingWindow.java:294)
	at org.apache.ratis.client.impl.OrderedAsync.lambda$scheduleWithTimeout$7(OrderedAsync.java:195)
	at org.apache.ratis.util.TimeoutScheduler.lambda$onTimeout$0(TimeoutScheduler.java:85)
	at org.apache.ratis.util.TimeoutScheduler.lambda$onTimeout$1(TimeoutScheduler.java:104)
	at org.apache.ratis.util.LogUtils.runAndLog(LogUtils.java:50)
	at org.apache.ratis.util.LogUtils$1.run(LogUtils.java:91)
	at java.util.concurrent.Executors$RunnableAdapter.call(Executors.java:511)
	at java.util.concurrent.FutureTask.run(FutureTask.java:266)
	at java.util.concurrent.ScheduledThreadPoolExecutor$ScheduledFutureTask.access$201(ScheduledThreadPoolExecutor.java:180)
	at java.util.concurrent.ScheduledThreadPoolExecutor$ScheduledFutureTask.run(ScheduledThreadPoolExecutor.java:293)
	at java.util.concurrent.ThreadPoolExecutor.runWorker(ThreadPoolExecutor.java:1149)
	at java.util.concurrent.ThreadPoolExecutor$Worker.run(ThreadPoolExecutor.java:624)
	at java.lang.Thread.run(Thread.java:748)

Jul 14, 2019 1:11:21 AM org.apache.ratis.thirdparty.io.grpc.internal.ManagedChannelOrphanWrapper$ManagedChannelReference cleanQueue
SEVERE: *~*~*~ Channel ManagedChannelImpl{logId=3096, target=192.168.157.230:35736} was not shutdown properly!!! ~*~*~*
    Make sure to call shutdown()/shutdownNow() and wait until awaitTermination() returns true.
java.lang.RuntimeException: ManagedChannel allocation site
	at org.apache.ratis.thirdparty.io.grpc.internal.ManagedChannelOrphanWrapper$ManagedChannelReference.<init>(ManagedChannelOrphanWrapper.java:103)
	at org.apache.ratis.thirdparty.io.grpc.internal.ManagedChannelOrphanWrapper.<init>(ManagedChannelOrphanWrapper.java:53)
	at org.apache.ratis.thirdparty.io.grpc.internal.ManagedChannelOrphanWrapper.<init>(ManagedChannelOrphanWrapper.java:44)
	at org.apache.ratis.thirdparty.io.grpc.internal.AbstractManagedChannelImplBuilder.build(AbstractManagedChannelImplBuilder.java:411)
	at org.apache.ratis.grpc.client.GrpcClientProtocolClient.<init>(GrpcClientProtocolClient.java:119)
	at org.apache.ratis.grpc.client.GrpcClientRpc.lambda$new$0(GrpcClientRpc.java:55)
	at org.apache.ratis.util.PeerProxyMap$PeerAndProxy.lambda$getProxy$0(PeerProxyMap.java:61)
	at org.apache.ratis.util.LifeCycle.startAndTransition(LifeCycle.java:202)
	at org.apache.ratis.util.PeerProxyMap$PeerAndProxy.getProxy(PeerProxyMap.java:60)
	at org.apache.ratis.util.PeerProxyMap.getProxy(PeerProxyMap.java:107)
	at org.apache.ratis.grpc.client.GrpcClientRpc.sendRequestAsync(GrpcClientRpc.java:66)
	at org.apache.ratis.client.impl.OrderedAsync.sendRequest(OrderedAsync.java:208)
	at org.apache.ratis.client.impl.OrderedAsync.sendRequestWithRetry(OrderedAsync.java:169)
	at org.apache.ratis.util.SlidingWindow$Client.sendOrDelayRequest(SlidingWindow.java:278)
	at org.apache.ratis.util.SlidingWindow$Client.retry(SlidingWindow.java:294)
	at org.apache.ratis.client.impl.OrderedAsync.lambda$scheduleWithTimeout$7(OrderedAsync.java:195)
	at org.apache.ratis.util.TimeoutScheduler.lambda$onTimeout$0(TimeoutScheduler.java:85)
	at org.apache.ratis.util.TimeoutScheduler.lambda$onTimeout$1(TimeoutScheduler.java:104)
	at org.apache.ratis.util.LogUtils.runAndLog(LogUtils.java:50)
	at org.apache.ratis.util.LogUtils$1.run(LogUtils.java:91)
	at java.util.concurrent.Executors$RunnableAdapter.call(Executors.java:511)
	at java.util.concurrent.FutureTask.run(FutureTask.java:266)
	at java.util.concurrent.ScheduledThreadPoolExecutor$ScheduledFutureTask.access$201(ScheduledThreadPoolExecutor.java:180)
	at java.util.concurrent.ScheduledThreadPoolExecutor$ScheduledFutureTask.run(ScheduledThreadPoolExecutor.java:293)
	at java.util.concurrent.ThreadPoolExecutor.runWorker(ThreadPoolExecutor.java:1149)
	at java.util.concurrent.ThreadPoolExecutor$Worker.run(ThreadPoolExecutor.java:624)
	at java.lang.Thread.run(Thread.java:748)

]]></system-err>
  </testcase>
  <testcase name="testExceptionDuringClose" classname="org.apache.hadoop.ozone.client.rpc.TestBlockOutputStreamWithFailures" time="33.91">
    <error type="java.lang.IllegalArgumentException">java.lang.IllegalArgumentException
	at com.google.common.base.Preconditions.checkArgument(Preconditions.java:72)
	at org.apache.hadoop.hdds.scm.XceiverClientManager.acquireClient(XceiverClientManager.java:150)
	at org.apache.hadoop.hdds.scm.XceiverClientManager.acquireClientForReadData(XceiverClientManager.java:143)
	at org.apache.hadoop.hdds.scm.storage.BlockInputStream.getChunkInfos(BlockInputStream.java:154)
	at org.apache.hadoop.hdds.scm.storage.BlockInputStream.initialize(BlockInputStream.java:118)
	at org.apache.hadoop.hdds.scm.storage.BlockInputStream.read(BlockInputStream.java:222)
	at org.apache.hadoop.ozone.client.io.KeyInputStream.read(KeyInputStream.java:171)
	at org.apache.hadoop.ozone.client.io.OzoneInputStream.read(OzoneInputStream.java:47)
	at java.io.InputStream.read(InputStream.java:101)
	at org.apache.hadoop.ozone.container.ContainerTestHelper.validateData(ContainerTestHelper.java:709)
	at org.apache.hadoop.ozone.client.rpc.TestBlockOutputStreamWithFailures.validateData(TestBlockOutputStreamWithFailures.java:1212)
	at org.apache.hadoop.ozone.client.rpc.TestBlockOutputStreamWithFailures.testExceptionDuringClose(TestBlockOutputStreamWithFailures.java:773)
	at sun.reflect.NativeMethodAccessorImpl.invoke0(Native Method)
	at sun.reflect.NativeMethodAccessorImpl.invoke(NativeMethodAccessorImpl.java:62)
	at sun.reflect.DelegatingMethodAccessorImpl.invoke(DelegatingMethodAccessorImpl.java:43)
	at java.lang.reflect.Method.invoke(Method.java:498)
	at org.junit.runners.model.FrameworkMethod$1.runReflectiveCall(FrameworkMethod.java:47)
	at org.junit.internal.runners.model.ReflectiveCallable.run(ReflectiveCallable.java:12)
	at org.junit.runners.model.FrameworkMethod.invokeExplosively(FrameworkMethod.java:44)
	at org.junit.internal.runners.statements.InvokeMethod.evaluate(InvokeMethod.java:17)
	at org.junit.internal.runners.statements.RunBefores.evaluate(RunBefores.java:26)
	at org.junit.internal.runners.statements.RunAfters.evaluate(RunAfters.java:27)
	at org.junit.runners.ParentRunner.runLeaf(ParentRunner.java:271)
	at org.junit.runners.BlockJUnit4ClassRunner.runChild(BlockJUnit4ClassRunner.java:70)
	at org.junit.runners.BlockJUnit4ClassRunner.runChild(BlockJUnit4ClassRunner.java:50)
	at org.junit.runners.ParentRunner$3.run(ParentRunner.java:238)
	at org.junit.runners.ParentRunner$1.schedule(ParentRunner.java:63)
	at org.junit.runners.ParentRunner.runChildren(ParentRunner.java:236)
	at org.junit.runners.ParentRunner.access$000(ParentRunner.java:53)
	at org.junit.runners.ParentRunner$2.evaluate(ParentRunner.java:229)
	at org.junit.runners.ParentRunner.run(ParentRunner.java:309)
	at org.apache.maven.surefire.junit4.JUnit4Provider.execute(JUnit4Provider.java:365)
	at org.apache.maven.surefire.junit4.JUnit4Provider.executeWithRerun(JUnit4Provider.java:273)
	at org.apache.maven.surefire.junit4.JUnit4Provider.executeTestSet(JUnit4Provider.java:238)
	at org.apache.maven.surefire.junit4.JUnit4Provider.invoke(JUnit4Provider.java:159)
	at org.apache.maven.surefire.booter.ForkedBooter.invokeProviderInSameClassLoader(ForkedBooter.java:384)
	at org.apache.maven.surefire.booter.ForkedBooter.runSuitesInProcess(ForkedBooter.java:345)
	at org.apache.maven.surefire.booter.ForkedBooter.execute(ForkedBooter.java:126)
	at org.apache.maven.surefire.booter.ForkedBooter.main(ForkedBooter.java:418)
</error>
    <system-out><![CDATA[2019-07-14 01:11:50,485 WARN  server.ServerUtils (ServerUtils.java:getScmDbDir(145)) - ozone.scm.db.dirs is not configured. We recommend adding this setting. Falling back to ozone.metadata.dirs instead.
2019-07-14 01:11:50,511 WARN  server.ServerUtils (ServerUtils.java:getScmDbDir(145)) - ozone.scm.db.dirs is not configured. We recommend adding this setting. Falling back to ozone.metadata.dirs instead.
2019-07-14 01:11:50,511 WARN  server.ServerUtils (ServerUtils.java:getScmDbDir(145)) - ozone.scm.db.dirs is not configured. We recommend adding this setting. Falling back to ozone.metadata.dirs instead.
2019-07-14 01:11:50,512 INFO  db.DBStoreBuilder (DBStoreBuilder.java:addTable(110)) - using custom profile for table: deletedBlocks
2019-07-14 01:11:50,512 INFO  db.DBStoreBuilder (DBStoreBuilder.java:processTables(161)) - Using default column profile:DBProfile.DISK for Table:deletedBlocks
2019-07-14 01:11:50,513 INFO  db.DBStoreBuilder (DBStoreBuilder.java:addTable(110)) - using custom profile for table: validCerts
2019-07-14 01:11:50,513 INFO  db.DBStoreBuilder (DBStoreBuilder.java:processTables(161)) - Using default column profile:DBProfile.DISK for Table:validCerts
2019-07-14 01:11:50,513 INFO  db.DBStoreBuilder (DBStoreBuilder.java:addTable(110)) - using custom profile for table: revokedCerts
2019-07-14 01:11:50,513 INFO  db.DBStoreBuilder (DBStoreBuilder.java:processTables(161)) - Using default column profile:DBProfile.DISK for Table:revokedCerts
2019-07-14 01:11:50,514 INFO  db.DBStoreBuilder (DBStoreBuilder.java:addTable(110)) - using custom profile for table: default
2019-07-14 01:11:50,514 INFO  db.DBStoreBuilder (DBStoreBuilder.java:processTables(167)) - Using default column profile:DBProfile.DISK for Table:default
2019-07-14 01:11:50,514 INFO  db.DBStoreBuilder (DBStoreBuilder.java:getDbProfile(198)) - Using default options. DBProfile.DISK
2019-07-14 01:11:50,664 INFO  net.NodeSchemaLoader (NodeSchemaLoader.java:loadSchemaFromFile(125)) - Loading file from sun.misc.CompoundEnumeration@523d6b45
2019-07-14 01:11:50,664 INFO  net.NodeSchemaLoader (NodeSchemaLoader.java:loadSchema(171)) - Loading network topology layer schema file
2019-07-14 01:11:50,669 INFO  node.SCMNodeManager (SCMNodeManager.java:<init>(119)) - Entering startup safe mode.
2019-07-14 01:11:50,670 WARN  server.ServerUtils (ServerUtils.java:getScmDbDir(145)) - ozone.scm.db.dirs is not configured. We recommend adding this setting. Falling back to ozone.metadata.dirs instead.
2019-07-14 01:11:50,717 INFO  pipeline.SCMPipelineManager (SCMPipelineManager.java:initializePipelineState(126)) - No pipeline exists in current db
2019-07-14 01:11:50,717 WARN  server.ServerUtils (ServerUtils.java:getScmDbDir(145)) - ozone.scm.db.dirs is not configured. We recommend adding this setting. Falling back to ozone.metadata.dirs instead.
2019-07-14 01:11:50,779 WARN  events.EventQueue (EventQueue.java:fireEvent(175)) - No event handler registered for event TypedEvent{payloadType=SafeModeStatus, name='SafeModeStatus'}
2019-07-14 01:11:50,780 INFO  ipc.CallQueueManager (CallQueueManager.java:<init>(84)) - Using callQueue: class java.util.concurrent.LinkedBlockingQueue, queueCapacity: 2000, scheduler: class org.apache.hadoop.ipc.DefaultRpcScheduler, ipcBackoff: false.
2019-07-14 01:11:50,781 INFO  ipc.Server (Server.java:run(1074)) - Starting Socket Reader #1 for port 43825
2019-07-14 01:11:50,784 INFO  ipc.CallQueueManager (CallQueueManager.java:<init>(84)) - Using callQueue: class java.util.concurrent.LinkedBlockingQueue, queueCapacity: 2000, scheduler: class org.apache.hadoop.ipc.DefaultRpcScheduler, ipcBackoff: false.
2019-07-14 01:11:50,784 INFO  ipc.Server (Server.java:run(1074)) - Starting Socket Reader #1 for port 33050
2019-07-14 01:11:50,790 INFO  ipc.CallQueueManager (CallQueueManager.java:<init>(84)) - Using callQueue: class java.util.concurrent.LinkedBlockingQueue, queueCapacity: 2000, scheduler: class org.apache.hadoop.ipc.DefaultRpcScheduler, ipcBackoff: false.
2019-07-14 01:11:50,791 INFO  ipc.Server (Server.java:run(1074)) - Starting Socket Reader #1 for port 40766
2019-07-14 01:11:50,795 INFO  hdfs.DFSUtil (DFSUtil.java:httpServerTemplateForNNAndJN(1641)) - Starting Web-server for scm at: http://0.0.0.0:0
2019-07-14 01:11:50,797 INFO  server.AuthenticationFilter (AuthenticationFilter.java:constructSecretProvider(240)) - Unable to initialize FileSignerSecretProvider, falling back to use random secrets.
2019-07-14 01:11:50,798 WARN  http.HttpRequestLog (HttpRequestLog.java:getRequestLog(97)) - Jetty request log can only be enabled using Log4j
2019-07-14 01:11:50,800 INFO  http.HttpServer2 (HttpServer2.java:addGlobalFilter(975)) - Added global filter 'safety' (class=org.apache.hadoop.http.HttpServer2$QuotingInputFilter)
2019-07-14 01:11:50,801 INFO  http.HttpServer2 (HttpServer2.java:addFilter(948)) - Added filter static_user_filter (class=org.apache.hadoop.http.lib.StaticUserWebFilter$StaticUserFilter) to context scm
2019-07-14 01:11:50,801 INFO  http.HttpServer2 (HttpServer2.java:addFilter(958)) - Added filter static_user_filter (class=org.apache.hadoop.http.lib.StaticUserWebFilter$StaticUserFilter) to context static
2019-07-14 01:11:50,801 INFO  http.HttpServer2 (HttpServer2.java:addFilter(958)) - Added filter static_user_filter (class=org.apache.hadoop.http.lib.StaticUserWebFilter$StaticUserFilter) to context logs
2019-07-14 01:11:50,803 INFO  server.StorageContainerManager (StorageContainerManager.java:start(759)) - StorageContainerLocationProtocol RPC server is listening at /0.0.0.0:40766
2019-07-14 01:11:50,805 WARN  impl.MetricsConfig (MetricsConfig.java:loadFirst(134)) - Cannot locate configuration: tried hadoop-metrics2-storagecontainermanager.properties,hadoop-metrics2.properties
2019-07-14 01:11:50,806 INFO  impl.MetricsSystemImpl (MetricsSystemImpl.java:startTimer(374)) - Scheduled Metric snapshot period at 10 second(s).
2019-07-14 01:11:50,807 INFO  impl.MetricsSystemImpl (MetricsSystemImpl.java:start(191)) - StorageContainerManager metrics system started
2019-07-14 01:11:50,886 INFO  server.SCMClientProtocolServer (SCMClientProtocolServer.java:start(149)) - RPC server for Client  is listening at /0.0.0.0:40766
2019-07-14 01:11:50,886 INFO  ipc.Server (Server.java:run(1314)) - IPC Server Responder: starting
2019-07-14 01:11:50,887 INFO  ipc.Server (Server.java:run(1153)) - IPC Server listener on 40766: starting
2019-07-14 01:11:50,892 INFO  server.StorageContainerManager (StorageContainerManager.java:start(768)) - ScmBlockLocationProtocol RPC server is listening at /0.0.0.0:33050
2019-07-14 01:11:50,892 INFO  server.SCMBlockProtocolServer (SCMBlockProtocolServer.java:start(140)) - RPC server for Block Protocol is listening at /0.0.0.0:33050
2019-07-14 01:11:50,893 INFO  ipc.Server (Server.java:run(1314)) - IPC Server Responder: starting
2019-07-14 01:11:50,893 INFO  ipc.Server (Server.java:run(1153)) - IPC Server listener on 33050: starting
2019-07-14 01:11:50,898 INFO  server.StorageContainerManager (StorageContainerManager.java:start(772)) - ScmDatanodeProtocl RPC server is listening at /0.0.0.0:43825
2019-07-14 01:11:50,898 INFO  server.SCMDatanodeProtocolServer (SCMDatanodeProtocolServer.java:start(191)) - RPC server for DataNodes is listening at /0.0.0.0:43825
2019-07-14 01:11:50,899 INFO  ipc.Server (Server.java:run(1314)) - IPC Server Responder: starting
2019-07-14 01:11:50,900 INFO  ipc.Server (Server.java:run(1153)) - IPC Server listener on 43825: starting
2019-07-14 01:11:50,904 INFO  http.HttpServer2 (HttpServer2.java:bindListener(1191)) - Jetty bound to port 45653
2019-07-14 01:11:50,904 INFO  server.Server (Server.java:doStart(351)) - jetty-9.3.24.v20180605, build timestamp: 2018-06-05T17:11:56Z, git hash: 84205aa28f11a4f31f2a3b86d1bba2cc8ab69827
2019-07-14 01:11:50,906 INFO  handler.ContextHandler (ContextHandler.java:doStart(781)) - Started o.e.j.s.ServletContextHandler@39993624{/logs,file:///tmp/workdir/hadoop-ozone/integration-test/target/log,AVAILABLE}
2019-07-14 01:11:50,907 INFO  handler.ContextHandler (ContextHandler.java:doStart(781)) - Started o.e.j.s.ServletContextHandler@6ddf3c5e{/static,file:///tmp/workdir/hadoop-ozone/integration-test/target/test-classes/webapps/static,AVAILABLE}
2019-07-14 01:11:50,911 INFO  handler.ContextHandler (ContextHandler.java:doStart(781)) - Started o.e.j.w.WebAppContext@3fe5c9f1{/,file:///tmp/workdir/hadoop-ozone/integration-test/target/test-classes/webapps/scm/,AVAILABLE}{/scm}
2019-07-14 01:11:50,912 INFO  server.AbstractConnector (AbstractConnector.java:doStart(278)) - Started ServerConnector@f7b6b9e{HTTP/1.1,[http/1.1]}{0.0.0.0:45653}
2019-07-14 01:11:50,916 INFO  server.Server (Server.java:doStart(419)) - Started @697263ms
2019-07-14 01:11:50,917 INFO  server.BaseHttpServer (BaseHttpServer.java:updateConnectorAddress(207)) - HTTP server of SCM is listening at http://0.0.0.0:45653
2019-07-14 01:11:50,921 WARN  server.ServerUtils (ServerUtils.java:getDBPath(222)) - ozone.om.db.dirs is not configured. We recommend adding this setting. Falling back to ozone.metadata.dirs instead.
2019-07-14 01:11:50,922 INFO  util.JvmPauseMonitor (JvmPauseMonitor.java:run(188)) - Starting JVM pause monitor
2019-07-14 01:11:50,936 WARN  server.ServerUtils (ServerUtils.java:getDBPath(222)) - ozone.om.db.dirs is not configured. We recommend adding this setting. Falling back to ozone.metadata.dirs instead.
2019-07-14 01:11:50,936 INFO  om.OzoneManager (OzoneManager.java:setOMNodeDetails(630)) - OM Service ID is not set. Setting it to the default ID: omServiceIdDefault
2019-07-14 01:11:50,937 INFO  om.OzoneManager (OzoneManager.java:setOMNodeDetails(636)) - OM Node ID is not set. Setting it to the OmStorage's OmID: 3909b659-4f22-43b4-ae70-0db0c303756b
2019-07-14 01:11:50,937 INFO  om.OzoneManager (OzoneManager.java:loadOMHAConfigs(587)) - Found matching OM address with OMServiceId: null, OMNodeId: null, RPC Address: localhost:0 and Ratis port: 9872
2019-07-14 01:11:50,947 WARN  server.ServerUtils (ServerUtils.java:getDBPath(222)) - ozone.om.db.dirs is not configured. We recommend adding this setting. Falling back to ozone.metadata.dirs instead.
2019-07-14 01:11:50,948 INFO  db.DBStoreBuilder (DBStoreBuilder.java:addTable(110)) - using custom profile for table: userTable
2019-07-14 01:11:50,948 INFO  db.DBStoreBuilder (DBStoreBuilder.java:processTables(161)) - Using default column profile:DBProfile.DISK for Table:userTable
2019-07-14 01:11:50,948 INFO  db.DBStoreBuilder (DBStoreBuilder.java:addTable(110)) - using custom profile for table: volumeTable
2019-07-14 01:11:50,949 INFO  db.DBStoreBuilder (DBStoreBuilder.java:processTables(161)) - Using default column profile:DBProfile.DISK for Table:volumeTable
2019-07-14 01:11:50,949 INFO  db.DBStoreBuilder (DBStoreBuilder.java:addTable(110)) - using custom profile for table: bucketTable
2019-07-14 01:11:50,949 INFO  db.DBStoreBuilder (DBStoreBuilder.java:processTables(161)) - Using default column profile:DBProfile.DISK for Table:bucketTable
2019-07-14 01:11:50,949 INFO  db.DBStoreBuilder (DBStoreBuilder.java:addTable(110)) - using custom profile for table: keyTable
2019-07-14 01:11:50,950 INFO  db.DBStoreBuilder (DBStoreBuilder.java:processTables(161)) - Using default column profile:DBProfile.DISK for Table:keyTable
2019-07-14 01:11:50,950 INFO  db.DBStoreBuilder (DBStoreBuilder.java:addTable(110)) - using custom profile for table: deletedTable
2019-07-14 01:11:50,950 INFO  db.DBStoreBuilder (DBStoreBuilder.java:processTables(161)) - Using default column profile:DBProfile.DISK for Table:deletedTable
2019-07-14 01:11:50,950 INFO  db.DBStoreBuilder (DBStoreBuilder.java:addTable(110)) - using custom profile for table: openKeyTable
2019-07-14 01:11:50,951 INFO  db.DBStoreBuilder (DBStoreBuilder.java:processTables(161)) - Using default column profile:DBProfile.DISK for Table:openKeyTable
2019-07-14 01:11:50,951 INFO  db.DBStoreBuilder (DBStoreBuilder.java:addTable(110)) - using custom profile for table: s3Table
2019-07-14 01:11:50,951 INFO  db.DBStoreBuilder (DBStoreBuilder.java:processTables(161)) - Using default column profile:DBProfile.DISK for Table:s3Table
2019-07-14 01:11:50,951 INFO  db.DBStoreBuilder (DBStoreBuilder.java:addTable(110)) - using custom profile for table: multipartInfoTable
2019-07-14 01:11:50,952 INFO  db.DBStoreBuilder (DBStoreBuilder.java:processTables(161)) - Using default column profile:DBProfile.DISK for Table:multipartInfoTable
2019-07-14 01:11:50,952 INFO  db.DBStoreBuilder (DBStoreBuilder.java:addTable(110)) - using custom profile for table: dTokenTable
2019-07-14 01:11:50,952 INFO  db.DBStoreBuilder (DBStoreBuilder.java:processTables(161)) - Using default column profile:DBProfile.DISK for Table:dTokenTable
2019-07-14 01:11:50,952 INFO  db.DBStoreBuilder (DBStoreBuilder.java:addTable(110)) - using custom profile for table: s3SecretTable
2019-07-14 01:11:50,953 INFO  db.DBStoreBuilder (DBStoreBuilder.java:processTables(161)) - Using default column profile:DBProfile.DISK for Table:s3SecretTable
2019-07-14 01:11:50,953 INFO  db.DBStoreBuilder (DBStoreBuilder.java:addTable(110)) - using custom profile for table: prefixTable
2019-07-14 01:11:50,953 INFO  db.DBStoreBuilder (DBStoreBuilder.java:processTables(161)) - Using default column profile:DBProfile.DISK for Table:prefixTable
2019-07-14 01:11:50,953 INFO  db.DBStoreBuilder (DBStoreBuilder.java:addTable(110)) - using custom profile for table: default
2019-07-14 01:11:50,954 INFO  db.DBStoreBuilder (DBStoreBuilder.java:processTables(167)) - Using default column profile:DBProfile.DISK for Table:default
2019-07-14 01:11:50,954 INFO  db.DBStoreBuilder (DBStoreBuilder.java:getDbProfile(198)) - Using default options. DBProfile.DISK
2019-07-14 01:11:51,453 INFO  ipc.CallQueueManager (CallQueueManager.java:<init>(84)) - Using callQueue: class java.util.concurrent.LinkedBlockingQueue, queueCapacity: 2000, scheduler: class org.apache.hadoop.ipc.DefaultRpcScheduler, ipcBackoff: false.
2019-07-14 01:11:51,454 INFO  ipc.Server (Server.java:run(1074)) - Starting Socket Reader #1 for port 45725
2019-07-14 01:11:51,470 WARN  server.ServerUtils (ServerUtils.java:getDBPath(222)) - ozone.om.db.dirs is not configured. We recommend adding this setting. Falling back to ozone.metadata.dirs instead.
2019-07-14 01:11:51,470 INFO  om.OzoneManager (OzoneManager.java:start(1228)) - OzoneManager RPC server is listening at localhost/127.0.0.1:45725
2019-07-14 01:11:51,470 INFO  impl.MetricsSystemImpl (MetricsSystemImpl.java:init(158)) - OzoneManager metrics system started (again)
2019-07-14 01:11:51,471 INFO  ipc.Server (Server.java:run(1314)) - IPC Server Responder: starting
2019-07-14 01:11:51,473 INFO  ipc.Server (Server.java:run(1153)) - IPC Server listener on 45725: starting
2019-07-14 01:11:51,478 INFO  hdfs.DFSUtil (DFSUtil.java:httpServerTemplateForNNAndJN(1641)) - Starting Web-server for ozoneManager at: http://0.0.0.0:0
2019-07-14 01:11:51,480 INFO  server.AuthenticationFilter (AuthenticationFilter.java:constructSecretProvider(240)) - Unable to initialize FileSignerSecretProvider, falling back to use random secrets.
2019-07-14 01:11:51,481 WARN  http.HttpRequestLog (HttpRequestLog.java:getRequestLog(97)) - Jetty request log can only be enabled using Log4j
2019-07-14 01:11:51,483 INFO  http.HttpServer2 (HttpServer2.java:addGlobalFilter(975)) - Added global filter 'safety' (class=org.apache.hadoop.http.HttpServer2$QuotingInputFilter)
2019-07-14 01:11:51,484 INFO  http.HttpServer2 (HttpServer2.java:addFilter(948)) - Added filter static_user_filter (class=org.apache.hadoop.http.lib.StaticUserWebFilter$StaticUserFilter) to context ozoneManager
2019-07-14 01:11:51,484 INFO  http.HttpServer2 (HttpServer2.java:addFilter(958)) - Added filter static_user_filter (class=org.apache.hadoop.http.lib.StaticUserWebFilter$StaticUserFilter) to context static
2019-07-14 01:11:51,484 INFO  http.HttpServer2 (HttpServer2.java:addFilter(958)) - Added filter static_user_filter (class=org.apache.hadoop.http.lib.StaticUserWebFilter$StaticUserFilter) to context logs
2019-07-14 01:11:51,485 INFO  http.HttpServer2 (HttpServer2.java:bindListener(1191)) - Jetty bound to port 41267
2019-07-14 01:11:51,486 INFO  server.Server (Server.java:doStart(351)) - jetty-9.3.24.v20180605, build timestamp: 2018-06-05T17:11:56Z, git hash: 84205aa28f11a4f31f2a3b86d1bba2cc8ab69827
2019-07-14 01:11:51,488 INFO  handler.ContextHandler (ContextHandler.java:doStart(781)) - Started o.e.j.s.ServletContextHandler@7c9cecfb{/logs,file:///tmp/workdir/hadoop-ozone/integration-test/target/log,AVAILABLE}
2019-07-14 01:11:51,488 INFO  handler.ContextHandler (ContextHandler.java:doStart(781)) - Started o.e.j.s.ServletContextHandler@4632d697{/static,file:///tmp/workdir/hadoop-ozone/integration-test/target/test-classes/webapps/static,AVAILABLE}
2019-07-14 01:11:51,494 INFO  handler.ContextHandler (ContextHandler.java:doStart(781)) - Started o.e.j.w.WebAppContext@74faa12{/,file:///tmp/workdir/hadoop-ozone/integration-test/target/test-classes/webapps/ozoneManager/,AVAILABLE}{/ozoneManager}
2019-07-14 01:11:51,494 INFO  server.AbstractConnector (AbstractConnector.java:doStart(278)) - Started ServerConnector@650f4d76{HTTP/1.1,[http/1.1]}{0.0.0.0:41267}
2019-07-14 01:11:51,496 INFO  server.Server (Server.java:doStart(419)) - Started @697842ms
2019-07-14 01:11:51,497 INFO  server.BaseHttpServer (BaseHttpServer.java:updateConnectorAddress(207)) - HTTP server of OZONEMANAGER is listening at http://0.0.0.0:41267
2019-07-14 01:11:51,515 INFO  impl.MetricsSystemImpl (MetricsSystemImpl.java:init(158)) - HddsDatanode metrics system started (again)
2019-07-14 01:11:51,515 INFO  ozone.HddsDatanodeService (HddsDatanodeService.java:start(185)) - HddsDatanodeService host:trunk-nightly-sxkq5-3320257302 ip:192.168.157.230
2019-07-14 01:11:51,531 INFO  volume.HddsVolume (HddsVolume.java:<init>(176)) - Creating Volume: /tmp/workdir/hadoop-ozone/integration-test/target/test-dir/MiniOzoneClusterImpl-df343184-2264-4b4f-ad35-dc83a80966e1/datanode-0/data/containers/hdds of  storage type : DISK and capacity : 52710309888
2019-07-14 01:11:51,531 INFO  volume.VolumeSet (VolumeSet.java:initializeVolumeSet(170)) - Added Volume : /tmp/workdir/hadoop-ozone/integration-test/target/test-dir/MiniOzoneClusterImpl-df343184-2264-4b4f-ad35-dc83a80966e1/datanode-0/data/containers/hdds to VolumeSet
2019-07-14 01:11:51,531 INFO  volume.ThrottledAsyncChecker (ThrottledAsyncChecker.java:schedule(140)) - Scheduling a check for org.apache.hadoop.ozone.container.common.volume.HddsVolume@59f4df4e
2019-07-14 01:11:51,532 INFO  volume.HddsVolumeChecker (HddsVolumeChecker.java:checkAllVolumes(203)) - Scheduled health check for volume org.apache.hadoop.ozone.container.common.volume.HddsVolume@59f4df4e
2019-07-14 01:11:51,548 INFO  impl.RaftServerProxy (ConfUtils.java:logGet(43)) - raft.rpc.type = GRPC (default)
2019-07-14 01:11:51,548 INFO  grpc.GrpcFactory (GrpcFactory.java:checkPooledByteBufAllocatorUseCacheForAllThreads(45)) - PERFORMANCE WARNING: useCacheForAllThreads is true that may cause Netty to create a lot garbage objects and, as a result, trigger GC.
	It is recommended to disable useCacheForAllThreads by setting -Dorg.apache.ratis.thirdparty.io.netty.allocator.useCacheForAllThreads=false in command line.
2019-07-14 01:11:51,549 INFO  grpc.GrpcConfigKeys$Server (ConfUtils.java:logGet(43)) - raft.grpc.server.port = 0 (default)
2019-07-14 01:11:51,549 INFO  server.GrpcService (ConfUtils.java:logGet(43)) - raft.grpc.message.size.max = 33570816 (custom)
2019-07-14 01:11:51,549 INFO  server.RaftServerConfigKeys (ConfUtils.java:logGet(43)) - raft.server.log.appender.buffer.byte-limit = 33554432 (custom)
2019-07-14 01:11:51,549 INFO  server.GrpcService (ConfUtils.java:logGet(43)) - raft.grpc.flow.control.window = 1MB (=1048576) (default)
2019-07-14 01:11:51,549 INFO  server.RaftServerConfigKeys (ConfUtils.java:logGet(43)) - raft.server.rpc.request.timeout = 3000ms (default)
2019-07-14 01:11:51,550 INFO  server.RaftServerConfigKeys (ConfUtils.java:logGet(43)) - raft.server.storage.dir = [/tmp/workdir/hadoop-ozone/integration-test/target/test-dir/MiniOzoneClusterImpl-df343184-2264-4b4f-ad35-dc83a80966e1/datanode-0/data/ratis] (custom)
2019-07-14 01:11:51,551 INFO  replication.SimpleContainerDownloader (SimpleContainerDownloader.java:<init>(72)) - Starting container downloader service to copy containers to replicate.
2019-07-14 01:11:51,553 INFO  hdfs.DFSUtil (DFSUtil.java:httpServerTemplateForNNAndJN(1641)) - Starting Web-server for hddsDatanode at: http://0.0.0.0:0
2019-07-14 01:11:51,556 INFO  server.AuthenticationFilter (AuthenticationFilter.java:constructSecretProvider(240)) - Unable to initialize FileSignerSecretProvider, falling back to use random secrets.
2019-07-14 01:11:51,556 WARN  http.HttpRequestLog (HttpRequestLog.java:getRequestLog(97)) - Jetty request log can only be enabled using Log4j
2019-07-14 01:11:51,557 INFO  http.HttpServer2 (HttpServer2.java:addGlobalFilter(975)) - Added global filter 'safety' (class=org.apache.hadoop.http.HttpServer2$QuotingInputFilter)
2019-07-14 01:11:51,558 INFO  http.HttpServer2 (HttpServer2.java:addFilter(948)) - Added filter static_user_filter (class=org.apache.hadoop.http.lib.StaticUserWebFilter$StaticUserFilter) to context hddsDatanode
2019-07-14 01:11:51,558 INFO  http.HttpServer2 (HttpServer2.java:addFilter(958)) - Added filter static_user_filter (class=org.apache.hadoop.http.lib.StaticUserWebFilter$StaticUserFilter) to context logs
2019-07-14 01:11:51,558 INFO  http.HttpServer2 (HttpServer2.java:addFilter(958)) - Added filter static_user_filter (class=org.apache.hadoop.http.lib.StaticUserWebFilter$StaticUserFilter) to context static
2019-07-14 01:11:51,559 INFO  http.HttpServer2 (HttpServer2.java:bindListener(1191)) - Jetty bound to port 40296
2019-07-14 01:11:51,559 INFO  server.Server (Server.java:doStart(351)) - jetty-9.3.24.v20180605, build timestamp: 2018-06-05T17:11:56Z, git hash: 84205aa28f11a4f31f2a3b86d1bba2cc8ab69827
2019-07-14 01:11:51,561 INFO  handler.ContextHandler (ContextHandler.java:doStart(781)) - Started o.e.j.s.ServletContextHandler@58084f58{/logs,file:///tmp/workdir/hadoop-ozone/integration-test/target/log,AVAILABLE}
2019-07-14 01:11:51,561 INFO  handler.ContextHandler (ContextHandler.java:doStart(781)) - Started o.e.j.s.ServletContextHandler@39caf68a{/static,jar:file:/home/user/.m2/repository/org/apache/hadoop/hadoop-hdds-container-service/0.5.0-SNAPSHOT/hadoop-hdds-container-service-0.5.0-SNAPSHOT.jar!/webapps/static,AVAILABLE}
2019-07-14 01:11:51,592 INFO  handler.ContextHandler (ContextHandler.java:doStart(781)) - Started o.e.j.w.WebAppContext@aab0379{/,file:///tmp/jetty-0.0.0.0-40296-hddsDatanode-_-any-8593167507876514024.dir/webapp/,AVAILABLE}{/hddsDatanode}
2019-07-14 01:11:51,593 INFO  server.AbstractConnector (AbstractConnector.java:doStart(278)) - Started ServerConnector@4916619e{HTTP/1.1,[http/1.1]}{0.0.0.0:40296}
2019-07-14 01:11:51,593 INFO  server.Server (Server.java:doStart(419)) - Started @697939ms
2019-07-14 01:11:51,595 INFO  server.BaseHttpServer (BaseHttpServer.java:updateConnectorAddress(207)) - HTTP server of HDDSDATANODE is listening at http://0.0.0.0:40296
2019-07-14 01:11:51,693 INFO  ozone.HddsDatanodeService (HddsDatanodeService.java:startPlugins(396)) - Started plug-in org.apache.hadoop.ozone.web.OzoneHddsDatanodeService@17fe4f0f
2019-07-14 01:11:51,693 INFO  impl.MetricsSystemImpl (MetricsSystemImpl.java:init(158)) - HddsDatanode metrics system started (again)
2019-07-14 01:11:51,695 INFO  ozone.HddsDatanodeService (HddsDatanodeService.java:start(185)) - HddsDatanodeService host:trunk-nightly-sxkq5-3320257302 ip:192.168.157.230
2019-07-14 01:11:51,696 INFO  util.JvmPauseMonitor (JvmPauseMonitor.java:run(188)) - Starting JVM pause monitor
2019-07-14 01:11:51,698 INFO  datanode.InitDatanodeState (InitDatanodeState.java:persistContainerDatanodeDetails(140)) - DatanodeDetails is persisted to /tmp/workdir/hadoop-ozone/integration-test/target/test-dir/MiniOzoneClusterImpl-df343184-2264-4b4f-ad35-dc83a80966e1/datanode-0/meta/datanode.id
2019-07-14 01:11:51,709 INFO  volume.HddsVolume (HddsVolume.java:<init>(176)) - Creating Volume: /tmp/workdir/hadoop-ozone/integration-test/target/test-dir/MiniOzoneClusterImpl-df343184-2264-4b4f-ad35-dc83a80966e1/datanode-1/data/containers/hdds of  storage type : DISK and capacity : 52710309888
2019-07-14 01:11:51,709 INFO  volume.VolumeSet (VolumeSet.java:initializeVolumeSet(170)) - Added Volume : /tmp/workdir/hadoop-ozone/integration-test/target/test-dir/MiniOzoneClusterImpl-df343184-2264-4b4f-ad35-dc83a80966e1/datanode-1/data/containers/hdds to VolumeSet
2019-07-14 01:11:51,709 INFO  volume.ThrottledAsyncChecker (ThrottledAsyncChecker.java:schedule(140)) - Scheduling a check for org.apache.hadoop.ozone.container.common.volume.HddsVolume@3e1201dd
2019-07-14 01:11:51,710 INFO  volume.HddsVolumeChecker (HddsVolumeChecker.java:checkAllVolumes(203)) - Scheduled health check for volume org.apache.hadoop.ozone.container.common.volume.HddsVolume@3e1201dd
2019-07-14 01:11:51,726 INFO  impl.RaftServerProxy (ConfUtils.java:logGet(43)) - raft.rpc.type = GRPC (default)
2019-07-14 01:11:51,726 INFO  grpc.GrpcFactory (GrpcFactory.java:checkPooledByteBufAllocatorUseCacheForAllThreads(45)) - PERFORMANCE WARNING: useCacheForAllThreads is true that may cause Netty to create a lot garbage objects and, as a result, trigger GC.
	It is recommended to disable useCacheForAllThreads by setting -Dorg.apache.ratis.thirdparty.io.netty.allocator.useCacheForAllThreads=false in command line.
2019-07-14 01:11:51,726 INFO  grpc.GrpcConfigKeys$Server (ConfUtils.java:logGet(43)) - raft.grpc.server.port = 0 (default)
2019-07-14 01:11:51,726 INFO  server.GrpcService (ConfUtils.java:logGet(43)) - raft.grpc.message.size.max = 33570816 (custom)
2019-07-14 01:11:51,726 INFO  server.RaftServerConfigKeys (ConfUtils.java:logGet(43)) - raft.server.log.appender.buffer.byte-limit = 33554432 (custom)
2019-07-14 01:11:51,727 INFO  server.GrpcService (ConfUtils.java:logGet(43)) - raft.grpc.flow.control.window = 1MB (=1048576) (default)
2019-07-14 01:11:51,727 INFO  server.RaftServerConfigKeys (ConfUtils.java:logGet(43)) - raft.server.rpc.request.timeout = 3000ms (default)
2019-07-14 01:11:51,727 INFO  server.RaftServerConfigKeys (ConfUtils.java:logGet(43)) - raft.server.storage.dir = [/tmp/workdir/hadoop-ozone/integration-test/target/test-dir/MiniOzoneClusterImpl-df343184-2264-4b4f-ad35-dc83a80966e1/datanode-1/data/ratis] (custom)
2019-07-14 01:11:51,728 INFO  replication.SimpleContainerDownloader (SimpleContainerDownloader.java:<init>(72)) - Starting container downloader service to copy containers to replicate.
2019-07-14 01:11:51,729 INFO  hdfs.DFSUtil (DFSUtil.java:httpServerTemplateForNNAndJN(1641)) - Starting Web-server for hddsDatanode at: http://0.0.0.0:0
2019-07-14 01:11:51,730 INFO  server.AuthenticationFilter (AuthenticationFilter.java:constructSecretProvider(240)) - Unable to initialize FileSignerSecretProvider, falling back to use random secrets.
2019-07-14 01:11:51,730 WARN  http.HttpRequestLog (HttpRequestLog.java:getRequestLog(97)) - Jetty request log can only be enabled using Log4j
2019-07-14 01:11:51,731 INFO  http.HttpServer2 (HttpServer2.java:addGlobalFilter(975)) - Added global filter 'safety' (class=org.apache.hadoop.http.HttpServer2$QuotingInputFilter)
2019-07-14 01:11:51,731 INFO  http.HttpServer2 (HttpServer2.java:addFilter(948)) - Added filter static_user_filter (class=org.apache.hadoop.http.lib.StaticUserWebFilter$StaticUserFilter) to context hddsDatanode
2019-07-14 01:11:51,731 INFO  http.HttpServer2 (HttpServer2.java:addFilter(958)) - Added filter static_user_filter (class=org.apache.hadoop.http.lib.StaticUserWebFilter$StaticUserFilter) to context static
2019-07-14 01:11:51,732 INFO  http.HttpServer2 (HttpServer2.java:addFilter(958)) - Added filter static_user_filter (class=org.apache.hadoop.http.lib.StaticUserWebFilter$StaticUserFilter) to context logs
2019-07-14 01:11:51,732 INFO  http.HttpServer2 (HttpServer2.java:bindListener(1191)) - Jetty bound to port 39515
2019-07-14 01:11:51,732 INFO  server.Server (Server.java:doStart(351)) - jetty-9.3.24.v20180605, build timestamp: 2018-06-05T17:11:56Z, git hash: 84205aa28f11a4f31f2a3b86d1bba2cc8ab69827
2019-07-14 01:11:51,734 INFO  handler.ContextHandler (ContextHandler.java:doStart(781)) - Started o.e.j.s.ServletContextHandler@3df3e1e9{/logs,file:///tmp/workdir/hadoop-ozone/integration-test/target/log,AVAILABLE}
2019-07-14 01:11:51,734 INFO  handler.ContextHandler (ContextHandler.java:doStart(781)) - Started o.e.j.s.ServletContextHandler@39506f12{/static,jar:file:/home/user/.m2/repository/org/apache/hadoop/hadoop-hdds-container-service/0.5.0-SNAPSHOT/hadoop-hdds-container-service-0.5.0-SNAPSHOT.jar!/webapps/static,AVAILABLE}
2019-07-14 01:11:51,760 INFO  handler.ContextHandler (ContextHandler.java:doStart(781)) - Started o.e.j.w.WebAppContext@7a5151d7{/,file:///tmp/jetty-0.0.0.0-39515-hddsDatanode-_-any-3673495382061760309.dir/webapp/,AVAILABLE}{/hddsDatanode}
2019-07-14 01:11:51,761 INFO  server.AbstractConnector (AbstractConnector.java:doStart(278)) - Started ServerConnector@3f13c9a2{HTTP/1.1,[http/1.1]}{0.0.0.0:39515}
2019-07-14 01:11:51,761 INFO  server.Server (Server.java:doStart(419)) - Started @698107ms
2019-07-14 01:11:51,763 INFO  server.BaseHttpServer (BaseHttpServer.java:updateConnectorAddress(207)) - HTTP server of HDDSDATANODE is listening at http://0.0.0.0:39515
2019-07-14 01:11:51,859 INFO  ozone.HddsDatanodeService (HddsDatanodeService.java:startPlugins(396)) - Started plug-in org.apache.hadoop.ozone.web.OzoneHddsDatanodeService@ca5456e
2019-07-14 01:11:51,860 INFO  impl.MetricsSystemImpl (MetricsSystemImpl.java:init(158)) - HddsDatanode metrics system started (again)
2019-07-14 01:11:51,863 INFO  ozone.HddsDatanodeService (HddsDatanodeService.java:start(185)) - HddsDatanodeService host:trunk-nightly-sxkq5-3320257302 ip:192.168.157.230
2019-07-14 01:11:51,864 INFO  util.JvmPauseMonitor (JvmPauseMonitor.java:run(188)) - Starting JVM pause monitor
2019-07-14 01:11:51,866 INFO  datanode.InitDatanodeState (InitDatanodeState.java:persistContainerDatanodeDetails(140)) - DatanodeDetails is persisted to /tmp/workdir/hadoop-ozone/integration-test/target/test-dir/MiniOzoneClusterImpl-df343184-2264-4b4f-ad35-dc83a80966e1/datanode-1/meta/datanode.id
2019-07-14 01:11:51,876 INFO  volume.HddsVolume (HddsVolume.java:<init>(176)) - Creating Volume: /tmp/workdir/hadoop-ozone/integration-test/target/test-dir/MiniOzoneClusterImpl-df343184-2264-4b4f-ad35-dc83a80966e1/datanode-2/data/containers/hdds of  storage type : DISK and capacity : 52710309888
2019-07-14 01:11:51,876 INFO  volume.VolumeSet (VolumeSet.java:initializeVolumeSet(170)) - Added Volume : /tmp/workdir/hadoop-ozone/integration-test/target/test-dir/MiniOzoneClusterImpl-df343184-2264-4b4f-ad35-dc83a80966e1/datanode-2/data/containers/hdds to VolumeSet
2019-07-14 01:11:51,876 INFO  volume.ThrottledAsyncChecker (ThrottledAsyncChecker.java:schedule(140)) - Scheduling a check for org.apache.hadoop.ozone.container.common.volume.HddsVolume@7d932611
2019-07-14 01:11:51,877 INFO  volume.HddsVolumeChecker (HddsVolumeChecker.java:checkAllVolumes(203)) - Scheduled health check for volume org.apache.hadoop.ozone.container.common.volume.HddsVolume@7d932611
2019-07-14 01:11:51,891 INFO  impl.RaftServerProxy (ConfUtils.java:logGet(43)) - raft.rpc.type = GRPC (default)
2019-07-14 01:11:51,891 INFO  grpc.GrpcFactory (GrpcFactory.java:checkPooledByteBufAllocatorUseCacheForAllThreads(45)) - PERFORMANCE WARNING: useCacheForAllThreads is true that may cause Netty to create a lot garbage objects and, as a result, trigger GC.
	It is recommended to disable useCacheForAllThreads by setting -Dorg.apache.ratis.thirdparty.io.netty.allocator.useCacheForAllThreads=false in command line.
2019-07-14 01:11:51,892 INFO  grpc.GrpcConfigKeys$Server (ConfUtils.java:logGet(43)) - raft.grpc.server.port = 0 (default)
2019-07-14 01:11:51,892 INFO  server.GrpcService (ConfUtils.java:logGet(43)) - raft.grpc.message.size.max = 33570816 (custom)
2019-07-14 01:11:51,892 INFO  server.RaftServerConfigKeys (ConfUtils.java:logGet(43)) - raft.server.log.appender.buffer.byte-limit = 33554432 (custom)
2019-07-14 01:11:51,892 INFO  server.GrpcService (ConfUtils.java:logGet(43)) - raft.grpc.flow.control.window = 1MB (=1048576) (default)
2019-07-14 01:11:51,892 INFO  server.RaftServerConfigKeys (ConfUtils.java:logGet(43)) - raft.server.rpc.request.timeout = 3000ms (default)
2019-07-14 01:11:51,893 INFO  server.RaftServerConfigKeys (ConfUtils.java:logGet(43)) - raft.server.storage.dir = [/tmp/workdir/hadoop-ozone/integration-test/target/test-dir/MiniOzoneClusterImpl-df343184-2264-4b4f-ad35-dc83a80966e1/datanode-2/data/ratis] (custom)
2019-07-14 01:11:51,893 INFO  replication.SimpleContainerDownloader (SimpleContainerDownloader.java:<init>(72)) - Starting container downloader service to copy containers to replicate.
2019-07-14 01:11:51,894 INFO  hdfs.DFSUtil (DFSUtil.java:httpServerTemplateForNNAndJN(1641)) - Starting Web-server for hddsDatanode at: http://0.0.0.0:0
2019-07-14 01:11:51,895 INFO  server.AuthenticationFilter (AuthenticationFilter.java:constructSecretProvider(240)) - Unable to initialize FileSignerSecretProvider, falling back to use random secrets.
2019-07-14 01:11:51,895 WARN  http.HttpRequestLog (HttpRequestLog.java:getRequestLog(97)) - Jetty request log can only be enabled using Log4j
2019-07-14 01:11:51,896 INFO  http.HttpServer2 (HttpServer2.java:addGlobalFilter(975)) - Added global filter 'safety' (class=org.apache.hadoop.http.HttpServer2$QuotingInputFilter)
2019-07-14 01:11:51,897 INFO  http.HttpServer2 (HttpServer2.java:addFilter(948)) - Added filter static_user_filter (class=org.apache.hadoop.http.lib.StaticUserWebFilter$StaticUserFilter) to context hddsDatanode
2019-07-14 01:11:51,897 INFO  http.HttpServer2 (HttpServer2.java:addFilter(958)) - Added filter static_user_filter (class=org.apache.hadoop.http.lib.StaticUserWebFilter$StaticUserFilter) to context logs
2019-07-14 01:11:51,897 INFO  http.HttpServer2 (HttpServer2.java:addFilter(958)) - Added filter static_user_filter (class=org.apache.hadoop.http.lib.StaticUserWebFilter$StaticUserFilter) to context static
2019-07-14 01:11:51,897 INFO  http.HttpServer2 (HttpServer2.java:bindListener(1191)) - Jetty bound to port 35194
2019-07-14 01:11:51,898 INFO  server.Server (Server.java:doStart(351)) - jetty-9.3.24.v20180605, build timestamp: 2018-06-05T17:11:56Z, git hash: 84205aa28f11a4f31f2a3b86d1bba2cc8ab69827
2019-07-14 01:11:51,899 INFO  handler.ContextHandler (ContextHandler.java:doStart(781)) - Started o.e.j.s.ServletContextHandler@65bcc339{/logs,file:///tmp/workdir/hadoop-ozone/integration-test/target/log,AVAILABLE}
2019-07-14 01:11:51,899 INFO  handler.ContextHandler (ContextHandler.java:doStart(781)) - Started o.e.j.s.ServletContextHandler@7adde112{/static,jar:file:/home/user/.m2/repository/org/apache/hadoop/hadoop-hdds-container-service/0.5.0-SNAPSHOT/hadoop-hdds-container-service-0.5.0-SNAPSHOT.jar!/webapps/static,AVAILABLE}
2019-07-14 01:11:51,926 INFO  handler.ContextHandler (ContextHandler.java:doStart(781)) - Started o.e.j.w.WebAppContext@22a7d4a2{/,file:///tmp/jetty-0.0.0.0-35194-hddsDatanode-_-any-3606529546091119206.dir/webapp/,AVAILABLE}{/hddsDatanode}
2019-07-14 01:11:51,926 INFO  server.AbstractConnector (AbstractConnector.java:doStart(278)) - Started ServerConnector@792dc1fc{HTTP/1.1,[http/1.1]}{0.0.0.0:35194}
2019-07-14 01:11:51,926 INFO  server.Server (Server.java:doStart(419)) - Started @698273ms
2019-07-14 01:11:51,929 INFO  server.BaseHttpServer (BaseHttpServer.java:updateConnectorAddress(207)) - HTTP server of HDDSDATANODE is listening at http://0.0.0.0:35194
2019-07-14 01:11:52,025 INFO  ozone.HddsDatanodeService (HddsDatanodeService.java:startPlugins(396)) - Started plug-in org.apache.hadoop.ozone.web.OzoneHddsDatanodeService@3408fdb8
2019-07-14 01:11:52,025 INFO  impl.MetricsSystemImpl (MetricsSystemImpl.java:init(158)) - HddsDatanode metrics system started (again)
2019-07-14 01:11:52,029 INFO  ozone.HddsDatanodeService (HddsDatanodeService.java:start(185)) - HddsDatanodeService host:trunk-nightly-sxkq5-3320257302 ip:192.168.157.230
2019-07-14 01:11:52,030 INFO  util.JvmPauseMonitor (JvmPauseMonitor.java:run(188)) - Starting JVM pause monitor
2019-07-14 01:11:52,031 INFO  datanode.InitDatanodeState (InitDatanodeState.java:persistContainerDatanodeDetails(140)) - DatanodeDetails is persisted to /tmp/workdir/hadoop-ozone/integration-test/target/test-dir/MiniOzoneClusterImpl-df343184-2264-4b4f-ad35-dc83a80966e1/datanode-2/meta/datanode.id
2019-07-14 01:11:52,042 INFO  volume.HddsVolume (HddsVolume.java:<init>(176)) - Creating Volume: /tmp/workdir/hadoop-ozone/integration-test/target/test-dir/MiniOzoneClusterImpl-df343184-2264-4b4f-ad35-dc83a80966e1/datanode-3/data/containers/hdds of  storage type : DISK and capacity : 52710309888
2019-07-14 01:11:52,042 INFO  volume.VolumeSet (VolumeSet.java:initializeVolumeSet(170)) - Added Volume : /tmp/workdir/hadoop-ozone/integration-test/target/test-dir/MiniOzoneClusterImpl-df343184-2264-4b4f-ad35-dc83a80966e1/datanode-3/data/containers/hdds to VolumeSet
2019-07-14 01:11:52,043 INFO  volume.ThrottledAsyncChecker (ThrottledAsyncChecker.java:schedule(140)) - Scheduling a check for org.apache.hadoop.ozone.container.common.volume.HddsVolume@2c7178ed
2019-07-14 01:11:52,043 INFO  volume.HddsVolumeChecker (HddsVolumeChecker.java:checkAllVolumes(203)) - Scheduled health check for volume org.apache.hadoop.ozone.container.common.volume.HddsVolume@2c7178ed
2019-07-14 01:11:52,056 INFO  impl.RaftServerProxy (ConfUtils.java:logGet(43)) - raft.rpc.type = GRPC (default)
2019-07-14 01:11:52,057 INFO  grpc.GrpcFactory (GrpcFactory.java:checkPooledByteBufAllocatorUseCacheForAllThreads(45)) - PERFORMANCE WARNING: useCacheForAllThreads is true that may cause Netty to create a lot garbage objects and, as a result, trigger GC.
	It is recommended to disable useCacheForAllThreads by setting -Dorg.apache.ratis.thirdparty.io.netty.allocator.useCacheForAllThreads=false in command line.
2019-07-14 01:11:52,057 INFO  grpc.GrpcConfigKeys$Server (ConfUtils.java:logGet(43)) - raft.grpc.server.port = 0 (default)
2019-07-14 01:11:52,057 INFO  server.GrpcService (ConfUtils.java:logGet(43)) - raft.grpc.message.size.max = 33570816 (custom)
2019-07-14 01:11:52,057 INFO  server.RaftServerConfigKeys (ConfUtils.java:logGet(43)) - raft.server.log.appender.buffer.byte-limit = 33554432 (custom)
2019-07-14 01:11:52,057 INFO  server.GrpcService (ConfUtils.java:logGet(43)) - raft.grpc.flow.control.window = 1MB (=1048576) (default)
2019-07-14 01:11:52,057 INFO  server.RaftServerConfigKeys (ConfUtils.java:logGet(43)) - raft.server.rpc.request.timeout = 3000ms (default)
2019-07-14 01:11:52,058 INFO  server.RaftServerConfigKeys (ConfUtils.java:logGet(43)) - raft.server.storage.dir = [/tmp/workdir/hadoop-ozone/integration-test/target/test-dir/MiniOzoneClusterImpl-df343184-2264-4b4f-ad35-dc83a80966e1/datanode-3/data/ratis] (custom)
2019-07-14 01:11:52,058 INFO  replication.SimpleContainerDownloader (SimpleContainerDownloader.java:<init>(72)) - Starting container downloader service to copy containers to replicate.
2019-07-14 01:11:52,059 INFO  hdfs.DFSUtil (DFSUtil.java:httpServerTemplateForNNAndJN(1641)) - Starting Web-server for hddsDatanode at: http://0.0.0.0:0
2019-07-14 01:11:52,060 INFO  server.AuthenticationFilter (AuthenticationFilter.java:constructSecretProvider(240)) - Unable to initialize FileSignerSecretProvider, falling back to use random secrets.
2019-07-14 01:11:52,060 WARN  http.HttpRequestLog (HttpRequestLog.java:getRequestLog(97)) - Jetty request log can only be enabled using Log4j
2019-07-14 01:11:52,061 INFO  http.HttpServer2 (HttpServer2.java:addGlobalFilter(975)) - Added global filter 'safety' (class=org.apache.hadoop.http.HttpServer2$QuotingInputFilter)
2019-07-14 01:11:52,061 INFO  http.HttpServer2 (HttpServer2.java:addFilter(948)) - Added filter static_user_filter (class=org.apache.hadoop.http.lib.StaticUserWebFilter$StaticUserFilter) to context hddsDatanode
2019-07-14 01:11:52,062 INFO  http.HttpServer2 (HttpServer2.java:addFilter(958)) - Added filter static_user_filter (class=org.apache.hadoop.http.lib.StaticUserWebFilter$StaticUserFilter) to context logs
2019-07-14 01:11:52,062 INFO  http.HttpServer2 (HttpServer2.java:addFilter(958)) - Added filter static_user_filter (class=org.apache.hadoop.http.lib.StaticUserWebFilter$StaticUserFilter) to context static
2019-07-14 01:11:52,062 INFO  http.HttpServer2 (HttpServer2.java:bindListener(1191)) - Jetty bound to port 44729
2019-07-14 01:11:52,062 INFO  server.Server (Server.java:doStart(351)) - jetty-9.3.24.v20180605, build timestamp: 2018-06-05T17:11:56Z, git hash: 84205aa28f11a4f31f2a3b86d1bba2cc8ab69827
2019-07-14 01:11:52,064 INFO  handler.ContextHandler (ContextHandler.java:doStart(781)) - Started o.e.j.s.ServletContextHandler@40957c86{/logs,file:///tmp/workdir/hadoop-ozone/integration-test/target/log,AVAILABLE}
2019-07-14 01:11:52,064 INFO  handler.ContextHandler (ContextHandler.java:doStart(781)) - Started o.e.j.s.ServletContextHandler@77ae2d25{/static,jar:file:/home/user/.m2/repository/org/apache/hadoop/hadoop-hdds-container-service/0.5.0-SNAPSHOT/hadoop-hdds-container-service-0.5.0-SNAPSHOT.jar!/webapps/static,AVAILABLE}
2019-07-14 01:11:52,090 INFO  handler.ContextHandler (ContextHandler.java:doStart(781)) - Started o.e.j.w.WebAppContext@11a3ffe6{/,file:///tmp/jetty-0.0.0.0-44729-hddsDatanode-_-any-1856719067895852968.dir/webapp/,AVAILABLE}{/hddsDatanode}
2019-07-14 01:11:52,091 INFO  server.AbstractConnector (AbstractConnector.java:doStart(278)) - Started ServerConnector@66cdde2b{HTTP/1.1,[http/1.1]}{0.0.0.0:44729}
2019-07-14 01:11:52,091 INFO  server.Server (Server.java:doStart(419)) - Started @698437ms
2019-07-14 01:11:52,093 INFO  server.BaseHttpServer (BaseHttpServer.java:updateConnectorAddress(207)) - HTTP server of HDDSDATANODE is listening at http://0.0.0.0:44729
2019-07-14 01:11:52,190 INFO  ozone.HddsDatanodeService (HddsDatanodeService.java:startPlugins(396)) - Started plug-in org.apache.hadoop.ozone.web.OzoneHddsDatanodeService@1e2d4645
2019-07-14 01:11:52,191 INFO  impl.MetricsSystemImpl (MetricsSystemImpl.java:init(158)) - HddsDatanode metrics system started (again)
2019-07-14 01:11:52,194 INFO  ozone.HddsDatanodeService (HddsDatanodeService.java:start(185)) - HddsDatanodeService host:trunk-nightly-sxkq5-3320257302 ip:192.168.157.230
2019-07-14 01:11:52,195 INFO  util.JvmPauseMonitor (JvmPauseMonitor.java:run(188)) - Starting JVM pause monitor
2019-07-14 01:11:52,197 INFO  datanode.InitDatanodeState (InitDatanodeState.java:persistContainerDatanodeDetails(140)) - DatanodeDetails is persisted to /tmp/workdir/hadoop-ozone/integration-test/target/test-dir/MiniOzoneClusterImpl-df343184-2264-4b4f-ad35-dc83a80966e1/datanode-3/meta/datanode.id
2019-07-14 01:11:52,208 INFO  volume.HddsVolume (HddsVolume.java:<init>(176)) - Creating Volume: /tmp/workdir/hadoop-ozone/integration-test/target/test-dir/MiniOzoneClusterImpl-df343184-2264-4b4f-ad35-dc83a80966e1/datanode-4/data/containers/hdds of  storage type : DISK and capacity : 52710309888
2019-07-14 01:11:52,209 INFO  volume.VolumeSet (VolumeSet.java:initializeVolumeSet(170)) - Added Volume : /tmp/workdir/hadoop-ozone/integration-test/target/test-dir/MiniOzoneClusterImpl-df343184-2264-4b4f-ad35-dc83a80966e1/datanode-4/data/containers/hdds to VolumeSet
2019-07-14 01:11:52,209 INFO  volume.ThrottledAsyncChecker (ThrottledAsyncChecker.java:schedule(140)) - Scheduling a check for org.apache.hadoop.ozone.container.common.volume.HddsVolume@6782feb8
2019-07-14 01:11:52,209 INFO  volume.HddsVolumeChecker (HddsVolumeChecker.java:checkAllVolumes(203)) - Scheduled health check for volume org.apache.hadoop.ozone.container.common.volume.HddsVolume@6782feb8
2019-07-14 01:11:52,224 INFO  impl.RaftServerProxy (ConfUtils.java:logGet(43)) - raft.rpc.type = GRPC (default)
2019-07-14 01:11:52,224 INFO  grpc.GrpcFactory (GrpcFactory.java:checkPooledByteBufAllocatorUseCacheForAllThreads(45)) - PERFORMANCE WARNING: useCacheForAllThreads is true that may cause Netty to create a lot garbage objects and, as a result, trigger GC.
	It is recommended to disable useCacheForAllThreads by setting -Dorg.apache.ratis.thirdparty.io.netty.allocator.useCacheForAllThreads=false in command line.
2019-07-14 01:11:52,224 INFO  grpc.GrpcConfigKeys$Server (ConfUtils.java:logGet(43)) - raft.grpc.server.port = 0 (default)
2019-07-14 01:11:52,224 INFO  server.GrpcService (ConfUtils.java:logGet(43)) - raft.grpc.message.size.max = 33570816 (custom)
2019-07-14 01:11:52,225 INFO  server.RaftServerConfigKeys (ConfUtils.java:logGet(43)) - raft.server.log.appender.buffer.byte-limit = 33554432 (custom)
2019-07-14 01:11:52,225 INFO  server.GrpcService (ConfUtils.java:logGet(43)) - raft.grpc.flow.control.window = 1MB (=1048576) (default)
2019-07-14 01:11:52,225 INFO  server.RaftServerConfigKeys (ConfUtils.java:logGet(43)) - raft.server.rpc.request.timeout = 3000ms (default)
2019-07-14 01:11:52,225 INFO  server.RaftServerConfigKeys (ConfUtils.java:logGet(43)) - raft.server.storage.dir = [/tmp/workdir/hadoop-ozone/integration-test/target/test-dir/MiniOzoneClusterImpl-df343184-2264-4b4f-ad35-dc83a80966e1/datanode-4/data/ratis] (custom)
2019-07-14 01:11:52,226 INFO  replication.SimpleContainerDownloader (SimpleContainerDownloader.java:<init>(72)) - Starting container downloader service to copy containers to replicate.
2019-07-14 01:11:52,227 INFO  hdfs.DFSUtil (DFSUtil.java:httpServerTemplateForNNAndJN(1641)) - Starting Web-server for hddsDatanode at: http://0.0.0.0:0
2019-07-14 01:11:52,228 INFO  server.AuthenticationFilter (AuthenticationFilter.java:constructSecretProvider(240)) - Unable to initialize FileSignerSecretProvider, falling back to use random secrets.
2019-07-14 01:11:52,228 WARN  http.HttpRequestLog (HttpRequestLog.java:getRequestLog(97)) - Jetty request log can only be enabled using Log4j
2019-07-14 01:11:52,229 INFO  http.HttpServer2 (HttpServer2.java:addGlobalFilter(975)) - Added global filter 'safety' (class=org.apache.hadoop.http.HttpServer2$QuotingInputFilter)
2019-07-14 01:11:52,229 INFO  http.HttpServer2 (HttpServer2.java:addFilter(948)) - Added filter static_user_filter (class=org.apache.hadoop.http.lib.StaticUserWebFilter$StaticUserFilter) to context hddsDatanode
2019-07-14 01:11:52,229 INFO  http.HttpServer2 (HttpServer2.java:addFilter(958)) - Added filter static_user_filter (class=org.apache.hadoop.http.lib.StaticUserWebFilter$StaticUserFilter) to context logs
2019-07-14 01:11:52,229 INFO  http.HttpServer2 (HttpServer2.java:addFilter(958)) - Added filter static_user_filter (class=org.apache.hadoop.http.lib.StaticUserWebFilter$StaticUserFilter) to context static
2019-07-14 01:11:52,230 INFO  http.HttpServer2 (HttpServer2.java:bindListener(1191)) - Jetty bound to port 43860
2019-07-14 01:11:52,230 INFO  server.Server (Server.java:doStart(351)) - jetty-9.3.24.v20180605, build timestamp: 2018-06-05T17:11:56Z, git hash: 84205aa28f11a4f31f2a3b86d1bba2cc8ab69827
2019-07-14 01:11:52,232 INFO  handler.ContextHandler (ContextHandler.java:doStart(781)) - Started o.e.j.s.ServletContextHandler@281e2637{/logs,file:///tmp/workdir/hadoop-ozone/integration-test/target/log,AVAILABLE}
2019-07-14 01:11:52,232 INFO  handler.ContextHandler (ContextHandler.java:doStart(781)) - Started o.e.j.s.ServletContextHandler@10095d95{/static,jar:file:/home/user/.m2/repository/org/apache/hadoop/hadoop-hdds-container-service/0.5.0-SNAPSHOT/hadoop-hdds-container-service-0.5.0-SNAPSHOT.jar!/webapps/static,AVAILABLE}
2019-07-14 01:11:52,258 INFO  handler.ContextHandler (ContextHandler.java:doStart(781)) - Started o.e.j.w.WebAppContext@2429a26f{/,file:///tmp/jetty-0.0.0.0-43860-hddsDatanode-_-any-1064070839838249989.dir/webapp/,AVAILABLE}{/hddsDatanode}
2019-07-14 01:11:52,259 INFO  server.AbstractConnector (AbstractConnector.java:doStart(278)) - Started ServerConnector@3f9167f7{HTTP/1.1,[http/1.1]}{0.0.0.0:43860}
2019-07-14 01:11:52,260 INFO  server.Server (Server.java:doStart(419)) - Started @698607ms
2019-07-14 01:11:52,261 INFO  server.BaseHttpServer (BaseHttpServer.java:updateConnectorAddress(207)) - HTTP server of HDDSDATANODE is listening at http://0.0.0.0:43860
2019-07-14 01:11:52,358 INFO  ozone.HddsDatanodeService (HddsDatanodeService.java:startPlugins(396)) - Started plug-in org.apache.hadoop.ozone.web.OzoneHddsDatanodeService@11c929a2
2019-07-14 01:11:52,359 INFO  impl.MetricsSystemImpl (MetricsSystemImpl.java:init(158)) - HddsDatanode metrics system started (again)
2019-07-14 01:11:52,362 INFO  ozone.HddsDatanodeService (HddsDatanodeService.java:start(185)) - HddsDatanodeService host:trunk-nightly-sxkq5-3320257302 ip:192.168.157.230
2019-07-14 01:11:52,363 INFO  util.JvmPauseMonitor (JvmPauseMonitor.java:run(188)) - Starting JVM pause monitor
2019-07-14 01:11:52,365 INFO  datanode.InitDatanodeState (InitDatanodeState.java:persistContainerDatanodeDetails(140)) - DatanodeDetails is persisted to /tmp/workdir/hadoop-ozone/integration-test/target/test-dir/MiniOzoneClusterImpl-df343184-2264-4b4f-ad35-dc83a80966e1/datanode-4/meta/datanode.id
2019-07-14 01:11:52,376 INFO  volume.HddsVolume (HddsVolume.java:<init>(176)) - Creating Volume: /tmp/workdir/hadoop-ozone/integration-test/target/test-dir/MiniOzoneClusterImpl-df343184-2264-4b4f-ad35-dc83a80966e1/datanode-5/data/containers/hdds of  storage type : DISK and capacity : 52710309888
2019-07-14 01:11:52,377 INFO  volume.VolumeSet (VolumeSet.java:initializeVolumeSet(170)) - Added Volume : /tmp/workdir/hadoop-ozone/integration-test/target/test-dir/MiniOzoneClusterImpl-df343184-2264-4b4f-ad35-dc83a80966e1/datanode-5/data/containers/hdds to VolumeSet
2019-07-14 01:11:52,377 INFO  volume.ThrottledAsyncChecker (ThrottledAsyncChecker.java:schedule(140)) - Scheduling a check for org.apache.hadoop.ozone.container.common.volume.HddsVolume@4c3d056
2019-07-14 01:11:52,377 INFO  volume.HddsVolumeChecker (HddsVolumeChecker.java:checkAllVolumes(203)) - Scheduled health check for volume org.apache.hadoop.ozone.container.common.volume.HddsVolume@4c3d056
2019-07-14 01:11:52,392 INFO  impl.RaftServerProxy (ConfUtils.java:logGet(43)) - raft.rpc.type = GRPC (default)
2019-07-14 01:11:52,392 INFO  grpc.GrpcFactory (GrpcFactory.java:checkPooledByteBufAllocatorUseCacheForAllThreads(45)) - PERFORMANCE WARNING: useCacheForAllThreads is true that may cause Netty to create a lot garbage objects and, as a result, trigger GC.
	It is recommended to disable useCacheForAllThreads by setting -Dorg.apache.ratis.thirdparty.io.netty.allocator.useCacheForAllThreads=false in command line.
2019-07-14 01:11:52,392 INFO  grpc.GrpcConfigKeys$Server (ConfUtils.java:logGet(43)) - raft.grpc.server.port = 0 (default)
2019-07-14 01:11:52,393 INFO  server.GrpcService (ConfUtils.java:logGet(43)) - raft.grpc.message.size.max = 33570816 (custom)
2019-07-14 01:11:52,393 INFO  server.RaftServerConfigKeys (ConfUtils.java:logGet(43)) - raft.server.log.appender.buffer.byte-limit = 33554432 (custom)
2019-07-14 01:11:52,393 INFO  server.GrpcService (ConfUtils.java:logGet(43)) - raft.grpc.flow.control.window = 1MB (=1048576) (default)
2019-07-14 01:11:52,393 INFO  server.RaftServerConfigKeys (ConfUtils.java:logGet(43)) - raft.server.rpc.request.timeout = 3000ms (default)
2019-07-14 01:11:52,394 INFO  server.RaftServerConfigKeys (ConfUtils.java:logGet(43)) - raft.server.storage.dir = [/tmp/workdir/hadoop-ozone/integration-test/target/test-dir/MiniOzoneClusterImpl-df343184-2264-4b4f-ad35-dc83a80966e1/datanode-5/data/ratis] (custom)
2019-07-14 01:11:52,394 INFO  replication.SimpleContainerDownloader (SimpleContainerDownloader.java:<init>(72)) - Starting container downloader service to copy containers to replicate.
2019-07-14 01:11:52,395 INFO  hdfs.DFSUtil (DFSUtil.java:httpServerTemplateForNNAndJN(1641)) - Starting Web-server for hddsDatanode at: http://0.0.0.0:0
2019-07-14 01:11:52,396 INFO  server.AuthenticationFilter (AuthenticationFilter.java:constructSecretProvider(240)) - Unable to initialize FileSignerSecretProvider, falling back to use random secrets.
2019-07-14 01:11:52,396 WARN  http.HttpRequestLog (HttpRequestLog.java:getRequestLog(97)) - Jetty request log can only be enabled using Log4j
2019-07-14 01:11:52,397 INFO  http.HttpServer2 (HttpServer2.java:addGlobalFilter(975)) - Added global filter 'safety' (class=org.apache.hadoop.http.HttpServer2$QuotingInputFilter)
2019-07-14 01:11:52,397 INFO  http.HttpServer2 (HttpServer2.java:addFilter(948)) - Added filter static_user_filter (class=org.apache.hadoop.http.lib.StaticUserWebFilter$StaticUserFilter) to context hddsDatanode
2019-07-14 01:11:52,397 INFO  http.HttpServer2 (HttpServer2.java:addFilter(958)) - Added filter static_user_filter (class=org.apache.hadoop.http.lib.StaticUserWebFilter$StaticUserFilter) to context static
2019-07-14 01:11:52,398 INFO  http.HttpServer2 (HttpServer2.java:addFilter(958)) - Added filter static_user_filter (class=org.apache.hadoop.http.lib.StaticUserWebFilter$StaticUserFilter) to context logs
2019-07-14 01:11:52,398 INFO  http.HttpServer2 (HttpServer2.java:bindListener(1191)) - Jetty bound to port 41293
2019-07-14 01:11:52,398 INFO  server.Server (Server.java:doStart(351)) - jetty-9.3.24.v20180605, build timestamp: 2018-06-05T17:11:56Z, git hash: 84205aa28f11a4f31f2a3b86d1bba2cc8ab69827
2019-07-14 01:11:52,400 INFO  handler.ContextHandler (ContextHandler.java:doStart(781)) - Started o.e.j.s.ServletContextHandler@7fdef973{/logs,file:///tmp/workdir/hadoop-ozone/integration-test/target/log,AVAILABLE}
2019-07-14 01:11:52,400 INFO  handler.ContextHandler (ContextHandler.java:doStart(781)) - Started o.e.j.s.ServletContextHandler@63f8006f{/static,jar:file:/home/user/.m2/repository/org/apache/hadoop/hadoop-hdds-container-service/0.5.0-SNAPSHOT/hadoop-hdds-container-service-0.5.0-SNAPSHOT.jar!/webapps/static,AVAILABLE}
2019-07-14 01:11:52,426 INFO  handler.ContextHandler (ContextHandler.java:doStart(781)) - Started o.e.j.w.WebAppContext@283fe454{/,file:///tmp/jetty-0.0.0.0-41293-hddsDatanode-_-any-1111398824917655894.dir/webapp/,AVAILABLE}{/hddsDatanode}
2019-07-14 01:11:52,426 INFO  server.AbstractConnector (AbstractConnector.java:doStart(278)) - Started ServerConnector@42000b02{HTTP/1.1,[http/1.1]}{0.0.0.0:41293}
2019-07-14 01:11:52,427 INFO  server.Server (Server.java:doStart(419)) - Started @698773ms
2019-07-14 01:11:52,429 INFO  server.BaseHttpServer (BaseHttpServer.java:updateConnectorAddress(207)) - HTTP server of HDDSDATANODE is listening at http://0.0.0.0:41293
2019-07-14 01:11:52,524 INFO  ozone.HddsDatanodeService (HddsDatanodeService.java:startPlugins(396)) - Started plug-in org.apache.hadoop.ozone.web.OzoneHddsDatanodeService@55be2608
2019-07-14 01:11:52,524 INFO  impl.MetricsSystemImpl (MetricsSystemImpl.java:init(158)) - HddsDatanode metrics system started (again)
2019-07-14 01:11:52,528 INFO  ozone.HddsDatanodeService (HddsDatanodeService.java:start(185)) - HddsDatanodeService host:trunk-nightly-sxkq5-3320257302 ip:192.168.157.230
2019-07-14 01:11:52,529 INFO  util.JvmPauseMonitor (JvmPauseMonitor.java:run(188)) - Starting JVM pause monitor
2019-07-14 01:11:52,530 INFO  datanode.InitDatanodeState (InitDatanodeState.java:persistContainerDatanodeDetails(140)) - DatanodeDetails is persisted to /tmp/workdir/hadoop-ozone/integration-test/target/test-dir/MiniOzoneClusterImpl-df343184-2264-4b4f-ad35-dc83a80966e1/datanode-5/meta/datanode.id
2019-07-14 01:11:52,542 INFO  volume.HddsVolume (HddsVolume.java:<init>(176)) - Creating Volume: /tmp/workdir/hadoop-ozone/integration-test/target/test-dir/MiniOzoneClusterImpl-df343184-2264-4b4f-ad35-dc83a80966e1/datanode-6/data/containers/hdds of  storage type : DISK and capacity : 52710309888
2019-07-14 01:11:52,543 INFO  volume.VolumeSet (VolumeSet.java:initializeVolumeSet(170)) - Added Volume : /tmp/workdir/hadoop-ozone/integration-test/target/test-dir/MiniOzoneClusterImpl-df343184-2264-4b4f-ad35-dc83a80966e1/datanode-6/data/containers/hdds to VolumeSet
2019-07-14 01:11:52,543 INFO  volume.ThrottledAsyncChecker (ThrottledAsyncChecker.java:schedule(140)) - Scheduling a check for org.apache.hadoop.ozone.container.common.volume.HddsVolume@76dea970
2019-07-14 01:11:52,543 INFO  volume.HddsVolumeChecker (HddsVolumeChecker.java:checkAllVolumes(203)) - Scheduled health check for volume org.apache.hadoop.ozone.container.common.volume.HddsVolume@76dea970
2019-07-14 01:11:52,559 INFO  impl.RaftServerProxy (ConfUtils.java:logGet(43)) - raft.rpc.type = GRPC (default)
2019-07-14 01:11:52,559 INFO  grpc.GrpcFactory (GrpcFactory.java:checkPooledByteBufAllocatorUseCacheForAllThreads(45)) - PERFORMANCE WARNING: useCacheForAllThreads is true that may cause Netty to create a lot garbage objects and, as a result, trigger GC.
	It is recommended to disable useCacheForAllThreads by setting -Dorg.apache.ratis.thirdparty.io.netty.allocator.useCacheForAllThreads=false in command line.
2019-07-14 01:11:52,559 INFO  grpc.GrpcConfigKeys$Server (ConfUtils.java:logGet(43)) - raft.grpc.server.port = 0 (default)
2019-07-14 01:11:52,559 INFO  server.GrpcService (ConfUtils.java:logGet(43)) - raft.grpc.message.size.max = 33570816 (custom)
2019-07-14 01:11:52,560 INFO  server.RaftServerConfigKeys (ConfUtils.java:logGet(43)) - raft.server.log.appender.buffer.byte-limit = 33554432 (custom)
2019-07-14 01:11:52,560 INFO  server.GrpcService (ConfUtils.java:logGet(43)) - raft.grpc.flow.control.window = 1MB (=1048576) (default)
2019-07-14 01:11:52,560 INFO  server.RaftServerConfigKeys (ConfUtils.java:logGet(43)) - raft.server.rpc.request.timeout = 3000ms (default)
2019-07-14 01:11:52,560 INFO  server.RaftServerConfigKeys (ConfUtils.java:logGet(43)) - raft.server.storage.dir = [/tmp/workdir/hadoop-ozone/integration-test/target/test-dir/MiniOzoneClusterImpl-df343184-2264-4b4f-ad35-dc83a80966e1/datanode-6/data/ratis] (custom)
2019-07-14 01:11:52,561 INFO  replication.SimpleContainerDownloader (SimpleContainerDownloader.java:<init>(72)) - Starting container downloader service to copy containers to replicate.
2019-07-14 01:11:52,562 INFO  hdfs.DFSUtil (DFSUtil.java:httpServerTemplateForNNAndJN(1641)) - Starting Web-server for hddsDatanode at: http://0.0.0.0:0
2019-07-14 01:11:52,563 INFO  server.AuthenticationFilter (AuthenticationFilter.java:constructSecretProvider(240)) - Unable to initialize FileSignerSecretProvider, falling back to use random secrets.
2019-07-14 01:11:52,563 WARN  http.HttpRequestLog (HttpRequestLog.java:getRequestLog(97)) - Jetty request log can only be enabled using Log4j
2019-07-14 01:11:52,564 INFO  http.HttpServer2 (HttpServer2.java:addGlobalFilter(975)) - Added global filter 'safety' (class=org.apache.hadoop.http.HttpServer2$QuotingInputFilter)
2019-07-14 01:11:52,564 INFO  http.HttpServer2 (HttpServer2.java:addFilter(948)) - Added filter static_user_filter (class=org.apache.hadoop.http.lib.StaticUserWebFilter$StaticUserFilter) to context hddsDatanode
2019-07-14 01:11:52,564 INFO  http.HttpServer2 (HttpServer2.java:addFilter(958)) - Added filter static_user_filter (class=org.apache.hadoop.http.lib.StaticUserWebFilter$StaticUserFilter) to context static
2019-07-14 01:11:52,565 INFO  http.HttpServer2 (HttpServer2.java:addFilter(958)) - Added filter static_user_filter (class=org.apache.hadoop.http.lib.StaticUserWebFilter$StaticUserFilter) to context logs
2019-07-14 01:11:52,565 INFO  http.HttpServer2 (HttpServer2.java:bindListener(1191)) - Jetty bound to port 37418
2019-07-14 01:11:52,565 INFO  server.Server (Server.java:doStart(351)) - jetty-9.3.24.v20180605, build timestamp: 2018-06-05T17:11:56Z, git hash: 84205aa28f11a4f31f2a3b86d1bba2cc8ab69827
2019-07-14 01:11:52,567 INFO  handler.ContextHandler (ContextHandler.java:doStart(781)) - Started o.e.j.s.ServletContextHandler@eb3ceb4{/logs,file:///tmp/workdir/hadoop-ozone/integration-test/target/log,AVAILABLE}
2019-07-14 01:11:52,567 INFO  handler.ContextHandler (ContextHandler.java:doStart(781)) - Started o.e.j.s.ServletContextHandler@281c8eda{/static,jar:file:/home/user/.m2/repository/org/apache/hadoop/hadoop-hdds-container-service/0.5.0-SNAPSHOT/hadoop-hdds-container-service-0.5.0-SNAPSHOT.jar!/webapps/static,AVAILABLE}
2019-07-14 01:11:52,594 INFO  handler.ContextHandler (ContextHandler.java:doStart(781)) - Started o.e.j.w.WebAppContext@55de1b68{/,file:///tmp/jetty-0.0.0.0-37418-hddsDatanode-_-any-3062480420295705223.dir/webapp/,AVAILABLE}{/hddsDatanode}
2019-07-14 01:11:52,594 INFO  server.AbstractConnector (AbstractConnector.java:doStart(278)) - Started ServerConnector@2040722f{HTTP/1.1,[http/1.1]}{0.0.0.0:37418}
2019-07-14 01:11:52,594 INFO  server.Server (Server.java:doStart(419)) - Started @698941ms
2019-07-14 01:11:52,597 INFO  server.BaseHttpServer (BaseHttpServer.java:updateConnectorAddress(207)) - HTTP server of HDDSDATANODE is listening at http://0.0.0.0:37418
2019-07-14 01:11:52,691 INFO  ozone.HddsDatanodeService (HddsDatanodeService.java:startPlugins(396)) - Started plug-in org.apache.hadoop.ozone.web.OzoneHddsDatanodeService@410308ff
2019-07-14 01:11:52,692 INFO  ozone.MiniOzoneClusterImpl (MiniOzoneClusterImpl.java:lambda$waitForClusterToBeReady$0(142)) - Waiting for cluster to be ready. Got 0 of 7 DN Heartbeats.
2019-07-14 01:11:52,696 INFO  util.JvmPauseMonitor (JvmPauseMonitor.java:run(188)) - Starting JVM pause monitor
2019-07-14 01:11:52,698 INFO  datanode.InitDatanodeState (InitDatanodeState.java:persistContainerDatanodeDetails(140)) - DatanodeDetails is persisted to /tmp/workdir/hadoop-ozone/integration-test/target/test-dir/MiniOzoneClusterImpl-df343184-2264-4b4f-ad35-dc83a80966e1/datanode-6/meta/datanode.id
2019-07-14 01:11:53,692 INFO  ozone.MiniOzoneClusterImpl (MiniOzoneClusterImpl.java:lambda$waitForClusterToBeReady$0(142)) - Waiting for cluster to be ready. Got 0 of 7 DN Heartbeats.
2019-07-14 01:11:53,718 INFO  ozoneimpl.OzoneContainer (OzoneContainer.java:start(186)) - Attempting to start container services.
2019-07-14 01:11:53,722 INFO  ozoneimpl.OzoneContainer (OzoneContainer.java:startContainerScrub(160)) - Background container scrubber has been disabled by hdds.containerscrub.enabled
2019-07-14 01:11:53,722 INFO  ratis.XceiverServerRatis (XceiverServerRatis.java:start(418)) - Starting XceiverServerRatis 62e01051-a4ea-4573-9a91-dd0ecf8e4ae7 at port 0
2019-07-14 01:11:53,730 INFO  impl.RaftServerProxy (RaftServerProxy.java:lambda$start$3(299)) - 62e01051-a4ea-4573-9a91-dd0ecf8e4ae7: start RPC server
2019-07-14 01:11:53,731 INFO  server.GrpcService (GrpcService.java:startImpl(149)) - 62e01051-a4ea-4573-9a91-dd0ecf8e4ae7: GrpcService started, listening on 0.0.0.0/0.0.0.0:44931
2019-07-14 01:11:53,732 INFO  ratis.XceiverServerRatis (XceiverServerRatis.java:start(428)) - XceiverServerRatis 62e01051-a4ea-4573-9a91-dd0ecf8e4ae7 is started using port 44931
2019-07-14 01:11:53,732 INFO  server.XceiverServerGrpc (XceiverServerGrpc.java:start(161)) - XceiverServerGrpc 62e01051-a4ea-4573-9a91-dd0ecf8e4ae7 is started using port 36665
2019-07-14 01:11:53,881 INFO  ozoneimpl.OzoneContainer (OzoneContainer.java:start(186)) - Attempting to start container services.
2019-07-14 01:11:53,885 INFO  ozoneimpl.OzoneContainer (OzoneContainer.java:startContainerScrub(160)) - Background container scrubber has been disabled by hdds.containerscrub.enabled
2019-07-14 01:11:53,885 INFO  ratis.XceiverServerRatis (XceiverServerRatis.java:start(418)) - Starting XceiverServerRatis 1723e222-22d3-45e5-8ff4-786659216e38 at port 0
2019-07-14 01:11:53,893 INFO  impl.RaftServerProxy (RaftServerProxy.java:lambda$start$3(299)) - 1723e222-22d3-45e5-8ff4-786659216e38: start RPC server
2019-07-14 01:11:53,894 INFO  server.GrpcService (GrpcService.java:startImpl(149)) - 1723e222-22d3-45e5-8ff4-786659216e38: GrpcService started, listening on 0.0.0.0/0.0.0.0:37907
2019-07-14 01:11:53,894 INFO  ratis.XceiverServerRatis (XceiverServerRatis.java:start(428)) - XceiverServerRatis 1723e222-22d3-45e5-8ff4-786659216e38 is started using port 37907
2019-07-14 01:11:53,895 INFO  server.XceiverServerGrpc (XceiverServerGrpc.java:start(161)) - XceiverServerGrpc 1723e222-22d3-45e5-8ff4-786659216e38 is started using port 33901
2019-07-14 01:11:54,044 INFO  ozoneimpl.OzoneContainer (OzoneContainer.java:start(186)) - Attempting to start container services.
2019-07-14 01:11:54,053 INFO  ozoneimpl.OzoneContainer (OzoneContainer.java:startContainerScrub(160)) - Background container scrubber has been disabled by hdds.containerscrub.enabled
2019-07-14 01:11:54,053 INFO  ratis.XceiverServerRatis (XceiverServerRatis.java:start(418)) - Starting XceiverServerRatis 3f982a32-c9e2-43cd-8769-2c465688516d at port 0
2019-07-14 01:11:54,061 INFO  impl.RaftServerProxy (RaftServerProxy.java:lambda$start$3(299)) - 3f982a32-c9e2-43cd-8769-2c465688516d: start RPC server
2019-07-14 01:11:54,064 INFO  server.GrpcService (GrpcService.java:startImpl(149)) - 3f982a32-c9e2-43cd-8769-2c465688516d: GrpcService started, listening on 0.0.0.0/0.0.0.0:37455
2019-07-14 01:11:54,064 INFO  ratis.XceiverServerRatis (XceiverServerRatis.java:start(428)) - XceiverServerRatis 3f982a32-c9e2-43cd-8769-2c465688516d is started using port 37455
2019-07-14 01:11:54,072 INFO  server.XceiverServerGrpc (XceiverServerGrpc.java:start(161)) - XceiverServerGrpc 3f982a32-c9e2-43cd-8769-2c465688516d is started using port 35100
2019-07-14 01:11:54,209 INFO  ozoneimpl.OzoneContainer (OzoneContainer.java:start(186)) - Attempting to start container services.
2019-07-14 01:11:54,209 INFO  ozoneimpl.OzoneContainer (OzoneContainer.java:startContainerScrub(160)) - Background container scrubber has been disabled by hdds.containerscrub.enabled
2019-07-14 01:11:54,209 INFO  ratis.XceiverServerRatis (XceiverServerRatis.java:start(418)) - Starting XceiverServerRatis 85605e7b-3a2c-42e0-bbf8-66ce3c3d44ad at port 0
2019-07-14 01:11:54,217 INFO  impl.RaftServerProxy (RaftServerProxy.java:lambda$start$3(299)) - 85605e7b-3a2c-42e0-bbf8-66ce3c3d44ad: start RPC server
2019-07-14 01:11:54,220 INFO  server.GrpcService (GrpcService.java:startImpl(149)) - 85605e7b-3a2c-42e0-bbf8-66ce3c3d44ad: GrpcService started, listening on 0.0.0.0/0.0.0.0:34906
2019-07-14 01:11:54,220 INFO  ratis.XceiverServerRatis (XceiverServerRatis.java:start(428)) - XceiverServerRatis 85605e7b-3a2c-42e0-bbf8-66ce3c3d44ad is started using port 34906
2019-07-14 01:11:54,221 INFO  server.XceiverServerGrpc (XceiverServerGrpc.java:start(161)) - XceiverServerGrpc 85605e7b-3a2c-42e0-bbf8-66ce3c3d44ad is started using port 45680
2019-07-14 01:11:54,379 INFO  ozoneimpl.OzoneContainer (OzoneContainer.java:start(186)) - Attempting to start container services.
2019-07-14 01:11:54,379 INFO  ozoneimpl.OzoneContainer (OzoneContainer.java:startContainerScrub(160)) - Background container scrubber has been disabled by hdds.containerscrub.enabled
2019-07-14 01:11:54,379 INFO  ratis.XceiverServerRatis (XceiverServerRatis.java:start(418)) - Starting XceiverServerRatis 59cc0e86-5b81-4789-bfdf-6385f30d5dca at port 0
2019-07-14 01:11:54,387 INFO  impl.RaftServerProxy (RaftServerProxy.java:lambda$start$3(299)) - 59cc0e86-5b81-4789-bfdf-6385f30d5dca: start RPC server
2019-07-14 01:11:54,388 INFO  server.GrpcService (GrpcService.java:startImpl(149)) - 59cc0e86-5b81-4789-bfdf-6385f30d5dca: GrpcService started, listening on 0.0.0.0/0.0.0.0:44572
2019-07-14 01:11:54,388 INFO  ratis.XceiverServerRatis (XceiverServerRatis.java:start(428)) - XceiverServerRatis 59cc0e86-5b81-4789-bfdf-6385f30d5dca is started using port 44572
2019-07-14 01:11:54,389 INFO  server.XceiverServerGrpc (XceiverServerGrpc.java:start(161)) - XceiverServerGrpc 59cc0e86-5b81-4789-bfdf-6385f30d5dca is started using port 43745
2019-07-14 01:11:54,543 INFO  ozoneimpl.OzoneContainer (OzoneContainer.java:start(186)) - Attempting to start container services.
2019-07-14 01:11:54,543 INFO  ozoneimpl.OzoneContainer (OzoneContainer.java:startContainerScrub(160)) - Background container scrubber has been disabled by hdds.containerscrub.enabled
2019-07-14 01:11:54,543 INFO  ratis.XceiverServerRatis (XceiverServerRatis.java:start(418)) - Starting XceiverServerRatis 86648759-f9f0-416d-ac58-aaf1e59ffa7d at port 0
2019-07-14 01:11:54,552 INFO  impl.RaftServerProxy (RaftServerProxy.java:lambda$start$3(299)) - 86648759-f9f0-416d-ac58-aaf1e59ffa7d: start RPC server
2019-07-14 01:11:54,553 INFO  server.GrpcService (GrpcService.java:startImpl(149)) - 86648759-f9f0-416d-ac58-aaf1e59ffa7d: GrpcService started, listening on 0.0.0.0/0.0.0.0:36319
2019-07-14 01:11:54,553 INFO  ratis.XceiverServerRatis (XceiverServerRatis.java:start(428)) - XceiverServerRatis 86648759-f9f0-416d-ac58-aaf1e59ffa7d is started using port 36319
2019-07-14 01:11:54,553 INFO  server.XceiverServerGrpc (XceiverServerGrpc.java:start(161)) - XceiverServerGrpc 86648759-f9f0-416d-ac58-aaf1e59ffa7d is started using port 40983
2019-07-14 01:11:54,693 INFO  ozone.MiniOzoneClusterImpl (MiniOzoneClusterImpl.java:lambda$waitForClusterToBeReady$0(142)) - Waiting for cluster to be ready. Got 0 of 7 DN Heartbeats.
2019-07-14 01:11:54,710 INFO  ozoneimpl.OzoneContainer (OzoneContainer.java:start(186)) - Attempting to start container services.
2019-07-14 01:11:54,711 INFO  ozoneimpl.OzoneContainer (OzoneContainer.java:startContainerScrub(160)) - Background container scrubber has been disabled by hdds.containerscrub.enabled
2019-07-14 01:11:54,711 INFO  ratis.XceiverServerRatis (XceiverServerRatis.java:start(418)) - Starting XceiverServerRatis acee4cc0-5d26-40ab-9ce2-7e48cb5f639e at port 0
2019-07-14 01:11:54,719 INFO  impl.RaftServerProxy (RaftServerProxy.java:lambda$start$3(299)) - acee4cc0-5d26-40ab-9ce2-7e48cb5f639e: start RPC server
2019-07-14 01:11:54,719 INFO  server.GrpcService (GrpcService.java:startImpl(149)) - acee4cc0-5d26-40ab-9ce2-7e48cb5f639e: GrpcService started, listening on 0.0.0.0/0.0.0.0:33854
2019-07-14 01:11:54,720 INFO  ratis.XceiverServerRatis (XceiverServerRatis.java:start(428)) - XceiverServerRatis acee4cc0-5d26-40ab-9ce2-7e48cb5f639e is started using port 33854
2019-07-14 01:11:54,720 INFO  server.XceiverServerGrpc (XceiverServerGrpc.java:start(161)) - XceiverServerGrpc acee4cc0-5d26-40ab-9ce2-7e48cb5f639e is started using port 38292
2019-07-14 01:11:55,693 INFO  ozone.MiniOzoneClusterImpl (MiniOzoneClusterImpl.java:lambda$waitForClusterToBeReady$0(142)) - Waiting for cluster to be ready. Got 0 of 7 DN Heartbeats.
2019-07-14 01:11:55,702 INFO  net.NetworkTopology (NetworkTopologyImpl.java:add(110)) - Added a new node: /default-rack/192.168.157.230
2019-07-14 01:11:55,705 INFO  node.SCMNodeManager (SCMNodeManager.java:register(269)) - Registered Data node : 62e01051-a4ea-4573-9a91-dd0ecf8e4ae7{ip: 192.168.157.230, host: trunk-nightly-sxkq5-3320257302, networkLocation: /default-rack, certSerialId: null}
2019-07-14 01:11:55,706 INFO  safemode.SCMSafeModeManager (DataNodeSafeModeRule.java:process(71)) - SCM in safe mode. 1 DataNodes registered, 1 required.
2019-07-14 01:11:55,711 INFO  safemode.SCMSafeModeManager (SCMSafeModeManager.java:validateSafeModeExitRules(177)) - ScmSafeModeManager, all rules are successfully validated
2019-07-14 01:11:55,711 INFO  safemode.SCMSafeModeManager (SCMSafeModeManager.java:exitSafeMode(193)) - SCM exiting safe mode.
2019-07-14 01:11:55,725 INFO  impl.RaftServerProxy (RaftServerProxy.java:addNew(89)) - 62e01051-a4ea-4573-9a91-dd0ecf8e4ae7: addNew group-B78AFD7AD64C:[62e01051-a4ea-4573-9a91-dd0ecf8e4ae7:192.168.157.230:44931] returns group-B78AFD7AD64C:java.util.concurrent.CompletableFuture@2f4d0c64[Not completed]
2019-07-14 01:11:55,726 INFO  impl.RaftServerImpl (RaftServerImpl.java:<init>(93)) - 62e01051-a4ea-4573-9a91-dd0ecf8e4ae7: new RaftServerImpl for group-B78AFD7AD64C:[62e01051-a4ea-4573-9a91-dd0ecf8e4ae7:192.168.157.230:44931] with ContainerStateMachine:uninitialized
2019-07-14 01:11:55,726 INFO  server.RaftServerConfigKeys (ConfUtils.java:logGet(43)) - raft.server.rpc.timeout.min = 5s (custom)
2019-07-14 01:11:55,726 INFO  server.RaftServerConfigKeys (ConfUtils.java:logGet(43)) - raft.server.rpc.timeout.max = 5200ms (custom)
2019-07-14 01:11:55,726 INFO  server.RaftServerConfigKeys (ConfUtils.java:logGet(43)) - raft.server.rpcslowness.timeout = 120s (custom)
2019-07-14 01:11:55,726 INFO  server.RaftServerConfigKeys (ConfUtils.java:logGet(43)) - raft.server.sleep.deviation.threshold = 300 (default)
2019-07-14 01:11:55,726 INFO  server.RaftServerConfigKeys (ConfUtils.java:logGet(43)) - raft.server.log.appender.install.snapshot.enabled = false (custom)
2019-07-14 01:11:55,727 INFO  impl.RaftServerImpl (ServerState.java:<init>(105)) - 62e01051-a4ea-4573-9a91-dd0ecf8e4ae7:group-B78AFD7AD64C ConfigurationManager, init=-1: [62e01051-a4ea-4573-9a91-dd0ecf8e4ae7:192.168.157.230:44931], old=null, confs=<EMPTY_MAP>
2019-07-14 01:11:55,727 INFO  server.RaftServerConfigKeys (ConfUtils.java:logGet(43)) - raft.server.storage.dir = [/tmp/workdir/hadoop-ozone/integration-test/target/test-dir/MiniOzoneClusterImpl-df343184-2264-4b4f-ad35-dc83a80966e1/datanode-0/data/ratis] (custom)
2019-07-14 01:11:55,727 INFO  storage.RaftStorageDirectory (RaftStorageDirectory.java:analyzeStorage(246)) - The storage directory /tmp/workdir/hadoop-ozone/integration-test/target/test-dir/MiniOzoneClusterImpl-df343184-2264-4b4f-ad35-dc83a80966e1/datanode-0/data/ratis/706399a8-a728-4a22-bc7e-b78afd7ad64c does not exist. Creating ...
2019-07-14 01:11:55,741 INFO  storage.RaftStorageDirectory (RaftStorageDirectory.java:tryLock(328)) - Lock on /tmp/workdir/hadoop-ozone/integration-test/target/test-dir/MiniOzoneClusterImpl-df343184-2264-4b4f-ad35-dc83a80966e1/datanode-0/data/ratis/706399a8-a728-4a22-bc7e-b78afd7ad64c/in_use.lock acquired by nodename 26095@trunk-nightly-sxkq5-3320257302
2019-07-14 01:11:55,753 INFO  storage.RaftStorage (RaftStorage.java:format(72)) - Storage directory /tmp/workdir/hadoop-ozone/integration-test/target/test-dir/MiniOzoneClusterImpl-df343184-2264-4b4f-ad35-dc83a80966e1/datanode-0/data/ratis/706399a8-a728-4a22-bc7e-b78afd7ad64c has been successfully formatted.
2019-07-14 01:11:55,754 INFO  ratis.ContainerStateMachine (ContainerStateMachine.java:loadSnapshot(200)) - The snapshot info is null.Setting the last applied index to:(t:0, i:~)
2019-07-14 01:11:55,754 INFO  server.RaftServerConfigKeys (ConfUtils.java:logGet(43)) - raft.server.leader.election.timeout = 120s (custom)
2019-07-14 01:11:55,754 INFO  server.RaftServerConfigKeys (ConfUtils.java:logGet(43)) - raft.server.log.use.memory = false (default)
2019-07-14 01:11:55,754 INFO  server.RaftServerConfigKeys (ConfUtils.java:logGet(43)) - raft.server.log.purge.gap = 1000000000 (custom)
2019-07-14 01:11:55,754 INFO  server.RaftServerConfigKeys (ConfUtils.java:logGet(43)) - raft.server.log.appender.buffer.byte-limit = 33554432 (custom)
2019-07-14 01:11:55,754 INFO  server.RaftServerConfigKeys (ConfUtils.java:logGet(43)) - raft.server.log.segment.size.max = 1048576 (custom)
2019-07-14 01:11:55,755 INFO  server.RaftServerConfigKeys (ConfUtils.java:logGet(43)) - raft.server.log.segment.cache.num.max = 2 (custom)
2019-07-14 01:11:55,755 INFO  segmented.SegmentedRaftLogWorker (SegmentedRaftLogWorker.java:<init>(172)) - new 62e01051-a4ea-4573-9a91-dd0ecf8e4ae7-SegmentedRaftLogWorker:Storage Directory /tmp/workdir/hadoop-ozone/integration-test/target/test-dir/MiniOzoneClusterImpl-df343184-2264-4b4f-ad35-dc83a80966e1/datanode-0/data/ratis/706399a8-a728-4a22-bc7e-b78afd7ad64c for RaftStorage:Storage Directory /tmp/workdir/hadoop-ozone/integration-test/target/test-dir/MiniOzoneClusterImpl-df343184-2264-4b4f-ad35-dc83a80966e1/datanode-0/data/ratis/706399a8-a728-4a22-bc7e-b78afd7ad64c
2019-07-14 01:11:55,755 INFO  server.RaftServerConfigKeys (ConfUtils.java:logGet(43)) - raft.server.log.queue.byte-limit = 2147483647 (custom)
2019-07-14 01:11:55,755 INFO  server.RaftServerConfigKeys (ConfUtils.java:logGet(43)) - raft.server.log.queue.element-limit = 1024 (custom)
2019-07-14 01:11:55,755 INFO  server.RaftServerConfigKeys (ConfUtils.java:logGet(43)) - raft.server.log.segment.size.max = 1048576 (custom)
2019-07-14 01:11:55,756 INFO  server.RaftServerConfigKeys (ConfUtils.java:logGet(43)) - raft.server.log.preallocated.size = 16384 (custom)
2019-07-14 01:11:55,756 INFO  server.RaftServerConfigKeys (ConfUtils.java:logGet(43)) - raft.server.log.write.buffer.size = 33554432 (custom)
2019-07-14 01:11:55,756 INFO  server.RaftServerConfigKeys (ConfUtils.java:logGet(43)) - raft.server.log.force.sync.num = 128 (default)
2019-07-14 01:11:55,756 INFO  server.RaftServerConfigKeys (ConfUtils.java:logGet(43)) - raft.server.log.statemachine.data.sync = true (default)
2019-07-14 01:11:55,756 INFO  server.RaftServerConfigKeys (ConfUtils.java:logGet(43)) - raft.server.log.statemachine.data.sync.timeout = 10s (default)
2019-07-14 01:11:55,756 INFO  server.RaftServerConfigKeys (ConfUtils.java:logGet(43)) - raft.server.log.statemachine.data.sync.timeout.retry = -1 (default)
2019-07-14 01:11:55,757 INFO  server.RaftServerConfigKeys (ConfUtils.java:logGet(43)) - raft.server.log.statemachine.data.caching.enabled = true (custom)
2019-07-14 01:11:55,757 INFO  segmented.SegmentedRaftLogWorker (SegmentedRaftLogWorker.java:lambda$new$0(132)) - 62e01051-a4ea-4573-9a91-dd0ecf8e4ae7-SegmentedRaftLogWorker:Storage Directory /tmp/workdir/hadoop-ozone/integration-test/target/test-dir/MiniOzoneClusterImpl-df343184-2264-4b4f-ad35-dc83a80966e1/datanode-0/data/ratis/706399a8-a728-4a22-bc7e-b78afd7ad64c: flushIndex: setUnconditionally 0 -> -1
2019-07-14 01:11:55,757 INFO  server.RaftServerConfigKeys (ConfUtils.java:logGet(43)) - raft.server.snapshot.auto.trigger.enabled = true (custom)
2019-07-14 01:11:55,757 INFO  server.RaftServerConfigKeys (ConfUtils.java:logGet(43)) - raft.server.snapshot.auto.trigger.threshold = 10000 (custom)
2019-07-14 01:11:55,758 INFO  server.RaftServerConfigKeys (ConfUtils.java:logGet(43)) - raft.server.retrycache.expirytime = 600000ms (custom)
2019-07-14 01:11:55,758 INFO  impl.RaftServerImpl (RaftServerImpl.java:start(180)) - 62e01051-a4ea-4573-9a91-dd0ecf8e4ae7: start group-B78AFD7AD64C
2019-07-14 01:11:55,758 INFO  impl.RaftServerImpl (RaftServerImpl.java:setRole(171)) - 62e01051-a4ea-4573-9a91-dd0ecf8e4ae7:group-B78AFD7AD64C changes role from null to FOLLOWER at term 0 for startAsFollower
2019-07-14 01:11:55,758 INFO  impl.RoleInfo (RoleInfo.java:updateAndGet(143)) - 62e01051-a4ea-4573-9a91-dd0ecf8e4ae7: start FollowerState
2019-07-14 01:11:55,758 INFO  util.JmxRegister (JmxRegister.java:tryRegister(44)) - Successfully registered JMX Bean with object name Ratis:service=RaftServer,group=group-B78AFD7AD64C,id=62e01051-a4ea-4573-9a91-dd0ecf8e4ae7
2019-07-14 01:11:55,764 INFO  pipeline.PipelineStateManager (PipelineStateManager.java:addPipeline(56)) - Created pipeline Pipeline[ Id: 706399a8-a728-4a22-bc7e-b78afd7ad64c, Nodes: 62e01051-a4ea-4573-9a91-dd0ecf8e4ae7{ip: 192.168.157.230, host: trunk-nightly-sxkq5-3320257302, networkLocation: /default-rack, certSerialId: null}, Type:RATIS, Factor:ONE, State:OPEN]
2019-07-14 01:11:55,866 INFO  node.SCMNodeManager (SCMNodeManager.java:register(269)) - Registered Data node : 1723e222-22d3-45e5-8ff4-786659216e38{ip: 192.168.157.230, host: trunk-nightly-sxkq5-3320257302, networkLocation: /default-rack, certSerialId: null}
2019-07-14 01:11:55,874 INFO  impl.RaftServerProxy (RaftServerProxy.java:addNew(89)) - 1723e222-22d3-45e5-8ff4-786659216e38: addNew group-87FEE4811B04:[1723e222-22d3-45e5-8ff4-786659216e38:192.168.157.230:37907] returns group-87FEE4811B04:java.util.concurrent.CompletableFuture@27ab6789[Not completed]
2019-07-14 01:11:55,876 INFO  impl.RaftServerImpl (RaftServerImpl.java:<init>(93)) - 1723e222-22d3-45e5-8ff4-786659216e38: new RaftServerImpl for group-87FEE4811B04:[1723e222-22d3-45e5-8ff4-786659216e38:192.168.157.230:37907] with ContainerStateMachine:uninitialized
2019-07-14 01:11:55,876 INFO  server.RaftServerConfigKeys (ConfUtils.java:logGet(43)) - raft.server.rpc.timeout.min = 5s (custom)
2019-07-14 01:11:55,876 INFO  server.RaftServerConfigKeys (ConfUtils.java:logGet(43)) - raft.server.rpc.timeout.max = 5200ms (custom)
2019-07-14 01:11:55,876 INFO  server.RaftServerConfigKeys (ConfUtils.java:logGet(43)) - raft.server.rpcslowness.timeout = 120s (custom)
2019-07-14 01:11:55,876 INFO  server.RaftServerConfigKeys (ConfUtils.java:logGet(43)) - raft.server.sleep.deviation.threshold = 300 (default)
2019-07-14 01:11:55,877 INFO  server.RaftServerConfigKeys (ConfUtils.java:logGet(43)) - raft.server.log.appender.install.snapshot.enabled = false (custom)
2019-07-14 01:11:55,877 INFO  impl.RaftServerImpl (ServerState.java:<init>(105)) - 1723e222-22d3-45e5-8ff4-786659216e38:group-87FEE4811B04 ConfigurationManager, init=-1: [1723e222-22d3-45e5-8ff4-786659216e38:192.168.157.230:37907], old=null, confs=<EMPTY_MAP>
2019-07-14 01:11:55,877 INFO  server.RaftServerConfigKeys (ConfUtils.java:logGet(43)) - raft.server.storage.dir = [/tmp/workdir/hadoop-ozone/integration-test/target/test-dir/MiniOzoneClusterImpl-df343184-2264-4b4f-ad35-dc83a80966e1/datanode-1/data/ratis] (custom)
2019-07-14 01:11:55,877 INFO  storage.RaftStorageDirectory (RaftStorageDirectory.java:analyzeStorage(246)) - The storage directory /tmp/workdir/hadoop-ozone/integration-test/target/test-dir/MiniOzoneClusterImpl-df343184-2264-4b4f-ad35-dc83a80966e1/datanode-1/data/ratis/058040de-8499-4568-95c8-87fee4811b04 does not exist. Creating ...
2019-07-14 01:11:55,891 INFO  storage.RaftStorageDirectory (RaftStorageDirectory.java:tryLock(328)) - Lock on /tmp/workdir/hadoop-ozone/integration-test/target/test-dir/MiniOzoneClusterImpl-df343184-2264-4b4f-ad35-dc83a80966e1/datanode-1/data/ratis/058040de-8499-4568-95c8-87fee4811b04/in_use.lock acquired by nodename 26095@trunk-nightly-sxkq5-3320257302
2019-07-14 01:11:55,903 INFO  storage.RaftStorage (RaftStorage.java:format(72)) - Storage directory /tmp/workdir/hadoop-ozone/integration-test/target/test-dir/MiniOzoneClusterImpl-df343184-2264-4b4f-ad35-dc83a80966e1/datanode-1/data/ratis/058040de-8499-4568-95c8-87fee4811b04 has been successfully formatted.
2019-07-14 01:11:55,904 INFO  ratis.ContainerStateMachine (ContainerStateMachine.java:loadSnapshot(200)) - The snapshot info is null.Setting the last applied index to:(t:0, i:~)
2019-07-14 01:11:55,904 INFO  server.RaftServerConfigKeys (ConfUtils.java:logGet(43)) - raft.server.leader.election.timeout = 120s (custom)
2019-07-14 01:11:55,904 INFO  server.RaftServerConfigKeys (ConfUtils.java:logGet(43)) - raft.server.log.use.memory = false (default)
2019-07-14 01:11:55,904 INFO  server.RaftServerConfigKeys (ConfUtils.java:logGet(43)) - raft.server.log.purge.gap = 1000000000 (custom)
2019-07-14 01:11:55,904 INFO  server.RaftServerConfigKeys (ConfUtils.java:logGet(43)) - raft.server.log.appender.buffer.byte-limit = 33554432 (custom)
2019-07-14 01:11:55,905 INFO  server.RaftServerConfigKeys (ConfUtils.java:logGet(43)) - raft.server.log.segment.size.max = 1048576 (custom)
2019-07-14 01:11:55,905 INFO  server.RaftServerConfigKeys (ConfUtils.java:logGet(43)) - raft.server.log.segment.cache.num.max = 2 (custom)
2019-07-14 01:11:55,905 INFO  segmented.SegmentedRaftLogWorker (SegmentedRaftLogWorker.java:<init>(172)) - new 1723e222-22d3-45e5-8ff4-786659216e38-SegmentedRaftLogWorker:Storage Directory /tmp/workdir/hadoop-ozone/integration-test/target/test-dir/MiniOzoneClusterImpl-df343184-2264-4b4f-ad35-dc83a80966e1/datanode-1/data/ratis/058040de-8499-4568-95c8-87fee4811b04 for RaftStorage:Storage Directory /tmp/workdir/hadoop-ozone/integration-test/target/test-dir/MiniOzoneClusterImpl-df343184-2264-4b4f-ad35-dc83a80966e1/datanode-1/data/ratis/058040de-8499-4568-95c8-87fee4811b04
2019-07-14 01:11:55,905 INFO  server.RaftServerConfigKeys (ConfUtils.java:logGet(43)) - raft.server.log.queue.byte-limit = 2147483647 (custom)
2019-07-14 01:11:55,905 INFO  server.RaftServerConfigKeys (ConfUtils.java:logGet(43)) - raft.server.log.queue.element-limit = 1024 (custom)
2019-07-14 01:11:55,905 INFO  server.RaftServerConfigKeys (ConfUtils.java:logGet(43)) - raft.server.log.segment.size.max = 1048576 (custom)
2019-07-14 01:11:55,906 INFO  server.RaftServerConfigKeys (ConfUtils.java:logGet(43)) - raft.server.log.preallocated.size = 16384 (custom)
2019-07-14 01:11:55,906 INFO  server.RaftServerConfigKeys (ConfUtils.java:logGet(43)) - raft.server.log.write.buffer.size = 33554432 (custom)
2019-07-14 01:11:55,906 INFO  server.RaftServerConfigKeys (ConfUtils.java:logGet(43)) - raft.server.log.force.sync.num = 128 (default)
2019-07-14 01:11:55,906 INFO  server.RaftServerConfigKeys (ConfUtils.java:logGet(43)) - raft.server.log.statemachine.data.sync = true (default)
2019-07-14 01:11:55,906 INFO  server.RaftServerConfigKeys (ConfUtils.java:logGet(43)) - raft.server.log.statemachine.data.sync.timeout = 10s (default)
2019-07-14 01:11:55,906 INFO  server.RaftServerConfigKeys (ConfUtils.java:logGet(43)) - raft.server.log.statemachine.data.sync.timeout.retry = -1 (default)
2019-07-14 01:11:55,907 INFO  server.RaftServerConfigKeys (ConfUtils.java:logGet(43)) - raft.server.log.statemachine.data.caching.enabled = true (custom)
2019-07-14 01:11:55,907 INFO  segmented.SegmentedRaftLogWorker (SegmentedRaftLogWorker.java:lambda$new$0(132)) - 1723e222-22d3-45e5-8ff4-786659216e38-SegmentedRaftLogWorker:Storage Directory /tmp/workdir/hadoop-ozone/integration-test/target/test-dir/MiniOzoneClusterImpl-df343184-2264-4b4f-ad35-dc83a80966e1/datanode-1/data/ratis/058040de-8499-4568-95c8-87fee4811b04: flushIndex: setUnconditionally 0 -> -1
2019-07-14 01:11:55,907 INFO  server.RaftServerConfigKeys (ConfUtils.java:logGet(43)) - raft.server.snapshot.auto.trigger.enabled = true (custom)
2019-07-14 01:11:55,908 INFO  server.RaftServerConfigKeys (ConfUtils.java:logGet(43)) - raft.server.snapshot.auto.trigger.threshold = 10000 (custom)
2019-07-14 01:11:55,908 INFO  server.RaftServerConfigKeys (ConfUtils.java:logGet(43)) - raft.server.retrycache.expirytime = 600000ms (custom)
2019-07-14 01:11:55,908 INFO  impl.RaftServerImpl (RaftServerImpl.java:start(180)) - 1723e222-22d3-45e5-8ff4-786659216e38: start group-87FEE4811B04
2019-07-14 01:11:55,908 INFO  impl.RaftServerImpl (RaftServerImpl.java:setRole(171)) - 1723e222-22d3-45e5-8ff4-786659216e38:group-87FEE4811B04 changes role from null to FOLLOWER at term 0 for startAsFollower
2019-07-14 01:11:55,908 INFO  impl.RoleInfo (RoleInfo.java:updateAndGet(143)) - 1723e222-22d3-45e5-8ff4-786659216e38: start FollowerState
2019-07-14 01:11:55,909 INFO  util.JmxRegister (JmxRegister.java:tryRegister(44)) - Successfully registered JMX Bean with object name Ratis:service=RaftServer,group=group-87FEE4811B04,id=1723e222-22d3-45e5-8ff4-786659216e38
2019-07-14 01:11:55,915 INFO  pipeline.PipelineStateManager (PipelineStateManager.java:addPipeline(56)) - Created pipeline Pipeline[ Id: 058040de-8499-4568-95c8-87fee4811b04, Nodes: 1723e222-22d3-45e5-8ff4-786659216e38{ip: 192.168.157.230, host: trunk-nightly-sxkq5-3320257302, networkLocation: /default-rack, certSerialId: null}, Type:RATIS, Factor:ONE, State:OPEN]
2019-07-14 01:11:56,031 INFO  node.SCMNodeManager (SCMNodeManager.java:register(269)) - Registered Data node : 3f982a32-c9e2-43cd-8769-2c465688516d{ip: 192.168.157.230, host: trunk-nightly-sxkq5-3320257302, networkLocation: /default-rack, certSerialId: null}
2019-07-14 01:11:56,037 INFO  impl.RaftServerProxy (RaftServerProxy.java:addNew(89)) - 3f982a32-c9e2-43cd-8769-2c465688516d: addNew group-1E18BF45A716:[3f982a32-c9e2-43cd-8769-2c465688516d:192.168.157.230:37455] returns group-1E18BF45A716:java.util.concurrent.CompletableFuture@5b3a2df[Not completed]
2019-07-14 01:11:56,038 INFO  impl.RaftServerImpl (RaftServerImpl.java:<init>(93)) - 3f982a32-c9e2-43cd-8769-2c465688516d: new RaftServerImpl for group-1E18BF45A716:[3f982a32-c9e2-43cd-8769-2c465688516d:192.168.157.230:37455] with ContainerStateMachine:uninitialized
2019-07-14 01:11:56,039 INFO  server.RaftServerConfigKeys (ConfUtils.java:logGet(43)) - raft.server.rpc.timeout.min = 5s (custom)
2019-07-14 01:11:56,039 INFO  server.RaftServerConfigKeys (ConfUtils.java:logGet(43)) - raft.server.rpc.timeout.max = 5200ms (custom)
2019-07-14 01:11:56,039 INFO  server.RaftServerConfigKeys (ConfUtils.java:logGet(43)) - raft.server.rpcslowness.timeout = 120s (custom)
2019-07-14 01:11:56,039 INFO  server.RaftServerConfigKeys (ConfUtils.java:logGet(43)) - raft.server.sleep.deviation.threshold = 300 (default)
2019-07-14 01:11:56,039 INFO  server.RaftServerConfigKeys (ConfUtils.java:logGet(43)) - raft.server.log.appender.install.snapshot.enabled = false (custom)
2019-07-14 01:11:56,039 INFO  impl.RaftServerImpl (ServerState.java:<init>(105)) - 3f982a32-c9e2-43cd-8769-2c465688516d:group-1E18BF45A716 ConfigurationManager, init=-1: [3f982a32-c9e2-43cd-8769-2c465688516d:192.168.157.230:37455], old=null, confs=<EMPTY_MAP>
2019-07-14 01:11:56,040 INFO  server.RaftServerConfigKeys (ConfUtils.java:logGet(43)) - raft.server.storage.dir = [/tmp/workdir/hadoop-ozone/integration-test/target/test-dir/MiniOzoneClusterImpl-df343184-2264-4b4f-ad35-dc83a80966e1/datanode-2/data/ratis] (custom)
2019-07-14 01:11:56,040 INFO  storage.RaftStorageDirectory (RaftStorageDirectory.java:analyzeStorage(246)) - The storage directory /tmp/workdir/hadoop-ozone/integration-test/target/test-dir/MiniOzoneClusterImpl-df343184-2264-4b4f-ad35-dc83a80966e1/datanode-2/data/ratis/12af5e68-d0c4-4043-be6d-1e18bf45a716 does not exist. Creating ...
2019-07-14 01:11:56,058 INFO  storage.RaftStorageDirectory (RaftStorageDirectory.java:tryLock(328)) - Lock on /tmp/workdir/hadoop-ozone/integration-test/target/test-dir/MiniOzoneClusterImpl-df343184-2264-4b4f-ad35-dc83a80966e1/datanode-2/data/ratis/12af5e68-d0c4-4043-be6d-1e18bf45a716/in_use.lock acquired by nodename 26095@trunk-nightly-sxkq5-3320257302
2019-07-14 01:11:56,072 INFO  storage.RaftStorage (RaftStorage.java:format(72)) - Storage directory /tmp/workdir/hadoop-ozone/integration-test/target/test-dir/MiniOzoneClusterImpl-df343184-2264-4b4f-ad35-dc83a80966e1/datanode-2/data/ratis/12af5e68-d0c4-4043-be6d-1e18bf45a716 has been successfully formatted.
2019-07-14 01:11:56,072 INFO  ratis.ContainerStateMachine (ContainerStateMachine.java:loadSnapshot(200)) - The snapshot info is null.Setting the last applied index to:(t:0, i:~)
2019-07-14 01:11:56,072 INFO  server.RaftServerConfigKeys (ConfUtils.java:logGet(43)) - raft.server.leader.election.timeout = 120s (custom)
2019-07-14 01:11:56,072 INFO  server.RaftServerConfigKeys (ConfUtils.java:logGet(43)) - raft.server.log.use.memory = false (default)
2019-07-14 01:11:56,073 INFO  server.RaftServerConfigKeys (ConfUtils.java:logGet(43)) - raft.server.log.purge.gap = 1000000000 (custom)
2019-07-14 01:11:56,073 INFO  server.RaftServerConfigKeys (ConfUtils.java:logGet(43)) - raft.server.log.appender.buffer.byte-limit = 33554432 (custom)
2019-07-14 01:11:56,073 INFO  server.RaftServerConfigKeys (ConfUtils.java:logGet(43)) - raft.server.log.segment.size.max = 1048576 (custom)
2019-07-14 01:11:56,073 INFO  server.RaftServerConfigKeys (ConfUtils.java:logGet(43)) - raft.server.log.segment.cache.num.max = 2 (custom)
2019-07-14 01:11:56,073 INFO  segmented.SegmentedRaftLogWorker (SegmentedRaftLogWorker.java:<init>(172)) - new 3f982a32-c9e2-43cd-8769-2c465688516d-SegmentedRaftLogWorker:Storage Directory /tmp/workdir/hadoop-ozone/integration-test/target/test-dir/MiniOzoneClusterImpl-df343184-2264-4b4f-ad35-dc83a80966e1/datanode-2/data/ratis/12af5e68-d0c4-4043-be6d-1e18bf45a716 for RaftStorage:Storage Directory /tmp/workdir/hadoop-ozone/integration-test/target/test-dir/MiniOzoneClusterImpl-df343184-2264-4b4f-ad35-dc83a80966e1/datanode-2/data/ratis/12af5e68-d0c4-4043-be6d-1e18bf45a716
2019-07-14 01:11:56,073 INFO  server.RaftServerConfigKeys (ConfUtils.java:logGet(43)) - raft.server.log.queue.byte-limit = 2147483647 (custom)
2019-07-14 01:11:56,073 INFO  server.RaftServerConfigKeys (ConfUtils.java:logGet(43)) - raft.server.log.queue.element-limit = 1024 (custom)
2019-07-14 01:11:56,074 INFO  server.RaftServerConfigKeys (ConfUtils.java:logGet(43)) - raft.server.log.segment.size.max = 1048576 (custom)
2019-07-14 01:11:56,074 INFO  server.RaftServerConfigKeys (ConfUtils.java:logGet(43)) - raft.server.log.preallocated.size = 16384 (custom)
2019-07-14 01:11:56,074 INFO  server.RaftServerConfigKeys (ConfUtils.java:logGet(43)) - raft.server.log.write.buffer.size = 33554432 (custom)
2019-07-14 01:11:56,074 INFO  server.RaftServerConfigKeys (ConfUtils.java:logGet(43)) - raft.server.log.force.sync.num = 128 (default)
2019-07-14 01:11:56,074 INFO  server.RaftServerConfigKeys (ConfUtils.java:logGet(43)) - raft.server.log.statemachine.data.sync = true (default)
2019-07-14 01:11:56,074 INFO  server.RaftServerConfigKeys (ConfUtils.java:logGet(43)) - raft.server.log.statemachine.data.sync.timeout = 10s (default)
2019-07-14 01:11:56,074 INFO  server.RaftServerConfigKeys (ConfUtils.java:logGet(43)) - raft.server.log.statemachine.data.sync.timeout.retry = -1 (default)
2019-07-14 01:11:56,075 INFO  server.RaftServerConfigKeys (ConfUtils.java:logGet(43)) - raft.server.log.statemachine.data.caching.enabled = true (custom)
2019-07-14 01:11:56,075 INFO  segmented.SegmentedRaftLogWorker (SegmentedRaftLogWorker.java:lambda$new$0(132)) - 3f982a32-c9e2-43cd-8769-2c465688516d-SegmentedRaftLogWorker:Storage Directory /tmp/workdir/hadoop-ozone/integration-test/target/test-dir/MiniOzoneClusterImpl-df343184-2264-4b4f-ad35-dc83a80966e1/datanode-2/data/ratis/12af5e68-d0c4-4043-be6d-1e18bf45a716: flushIndex: setUnconditionally 0 -> -1
2019-07-14 01:11:56,075 INFO  server.RaftServerConfigKeys (ConfUtils.java:logGet(43)) - raft.server.snapshot.auto.trigger.enabled = true (custom)
2019-07-14 01:11:56,076 INFO  server.RaftServerConfigKeys (ConfUtils.java:logGet(43)) - raft.server.snapshot.auto.trigger.threshold = 10000 (custom)
2019-07-14 01:11:56,076 INFO  server.RaftServerConfigKeys (ConfUtils.java:logGet(43)) - raft.server.retrycache.expirytime = 600000ms (custom)
2019-07-14 01:11:56,076 INFO  impl.RaftServerImpl (RaftServerImpl.java:start(180)) - 3f982a32-c9e2-43cd-8769-2c465688516d: start group-1E18BF45A716
2019-07-14 01:11:56,076 INFO  impl.RaftServerImpl (RaftServerImpl.java:setRole(171)) - 3f982a32-c9e2-43cd-8769-2c465688516d:group-1E18BF45A716 changes role from null to FOLLOWER at term 0 for startAsFollower
2019-07-14 01:11:56,076 INFO  impl.RoleInfo (RoleInfo.java:updateAndGet(143)) - 3f982a32-c9e2-43cd-8769-2c465688516d: start FollowerState
2019-07-14 01:11:56,077 INFO  util.JmxRegister (JmxRegister.java:tryRegister(44)) - Successfully registered JMX Bean with object name Ratis:service=RaftServer,group=group-1E18BF45A716,id=3f982a32-c9e2-43cd-8769-2c465688516d
2019-07-14 01:11:56,081 INFO  pipeline.PipelineStateManager (PipelineStateManager.java:addPipeline(56)) - Created pipeline Pipeline[ Id: 12af5e68-d0c4-4043-be6d-1e18bf45a716, Nodes: 3f982a32-c9e2-43cd-8769-2c465688516d{ip: 192.168.157.230, host: trunk-nightly-sxkq5-3320257302, networkLocation: /default-rack, certSerialId: null}, Type:RATIS, Factor:ONE, State:OPEN]
2019-07-14 01:11:56,093 INFO  impl.RaftServerProxy (RaftServerProxy.java:addNew(89)) - 62e01051-a4ea-4573-9a91-dd0ecf8e4ae7: addNew group-D61B8E5ED4D8:[62e01051-a4ea-4573-9a91-dd0ecf8e4ae7:192.168.157.230:44931, 1723e222-22d3-45e5-8ff4-786659216e38:192.168.157.230:37907, 3f982a32-c9e2-43cd-8769-2c465688516d:192.168.157.230:37455] returns group-D61B8E5ED4D8:java.util.concurrent.CompletableFuture@65fe6135[Not completed]
2019-07-14 01:11:56,093 INFO  impl.RaftServerProxy (RaftServerProxy.java:addNew(89)) - 1723e222-22d3-45e5-8ff4-786659216e38: addNew group-D61B8E5ED4D8:[62e01051-a4ea-4573-9a91-dd0ecf8e4ae7:192.168.157.230:44931, 1723e222-22d3-45e5-8ff4-786659216e38:192.168.157.230:37907, 3f982a32-c9e2-43cd-8769-2c465688516d:192.168.157.230:37455] returns group-D61B8E5ED4D8:java.util.concurrent.CompletableFuture@685f81d4[Not completed]
2019-07-14 01:11:56,094 INFO  impl.RaftServerProxy (RaftServerProxy.java:addNew(89)) - 3f982a32-c9e2-43cd-8769-2c465688516d: addNew group-D61B8E5ED4D8:[62e01051-a4ea-4573-9a91-dd0ecf8e4ae7:192.168.157.230:44931, 1723e222-22d3-45e5-8ff4-786659216e38:192.168.157.230:37907, 3f982a32-c9e2-43cd-8769-2c465688516d:192.168.157.230:37455] returns group-D61B8E5ED4D8:java.util.concurrent.CompletableFuture@55781a79[Not completed]
2019-07-14 01:11:56,094 INFO  impl.RaftServerImpl (RaftServerImpl.java:<init>(93)) - 62e01051-a4ea-4573-9a91-dd0ecf8e4ae7: new RaftServerImpl for group-D61B8E5ED4D8:[62e01051-a4ea-4573-9a91-dd0ecf8e4ae7:192.168.157.230:44931, 1723e222-22d3-45e5-8ff4-786659216e38:192.168.157.230:37907, 3f982a32-c9e2-43cd-8769-2c465688516d:192.168.157.230:37455] with ContainerStateMachine:uninitialized
2019-07-14 01:11:56,094 INFO  server.RaftServerConfigKeys (ConfUtils.java:logGet(43)) - raft.server.rpc.timeout.min = 5s (custom)
2019-07-14 01:11:56,094 INFO  server.RaftServerConfigKeys (ConfUtils.java:logGet(43)) - raft.server.rpc.timeout.max = 5200ms (custom)
2019-07-14 01:11:56,094 INFO  server.RaftServerConfigKeys (ConfUtils.java:logGet(43)) - raft.server.rpcslowness.timeout = 120s (custom)
2019-07-14 01:11:56,094 INFO  server.RaftServerConfigKeys (ConfUtils.java:logGet(43)) - raft.server.sleep.deviation.threshold = 300 (default)
2019-07-14 01:11:56,094 INFO  impl.RaftServerImpl (RaftServerImpl.java:<init>(93)) - 1723e222-22d3-45e5-8ff4-786659216e38: new RaftServerImpl for group-D61B8E5ED4D8:[62e01051-a4ea-4573-9a91-dd0ecf8e4ae7:192.168.157.230:44931, 1723e222-22d3-45e5-8ff4-786659216e38:192.168.157.230:37907, 3f982a32-c9e2-43cd-8769-2c465688516d:192.168.157.230:37455] with ContainerStateMachine:uninitialized
2019-07-14 01:11:56,094 INFO  server.RaftServerConfigKeys (ConfUtils.java:logGet(43)) - raft.server.log.appender.install.snapshot.enabled = false (custom)
2019-07-14 01:11:56,095 INFO  server.RaftServerConfigKeys (ConfUtils.java:logGet(43)) - raft.server.rpc.timeout.min = 5s (custom)
2019-07-14 01:11:56,095 INFO  impl.RaftServerImpl (RaftServerImpl.java:<init>(93)) - 3f982a32-c9e2-43cd-8769-2c465688516d: new RaftServerImpl for group-D61B8E5ED4D8:[62e01051-a4ea-4573-9a91-dd0ecf8e4ae7:192.168.157.230:44931, 1723e222-22d3-45e5-8ff4-786659216e38:192.168.157.230:37907, 3f982a32-c9e2-43cd-8769-2c465688516d:192.168.157.230:37455] with ContainerStateMachine:uninitialized
2019-07-14 01:11:56,095 INFO  impl.RaftServerImpl (ServerState.java:<init>(105)) - 62e01051-a4ea-4573-9a91-dd0ecf8e4ae7:group-D61B8E5ED4D8 ConfigurationManager, init=-1: [62e01051-a4ea-4573-9a91-dd0ecf8e4ae7:192.168.157.230:44931, 1723e222-22d3-45e5-8ff4-786659216e38:192.168.157.230:37907, 3f982a32-c9e2-43cd-8769-2c465688516d:192.168.157.230:37455], old=null, confs=<EMPTY_MAP>
2019-07-14 01:11:56,095 INFO  server.RaftServerConfigKeys (ConfUtils.java:logGet(43)) - raft.server.rpc.timeout.min = 5s (custom)
2019-07-14 01:11:56,095 INFO  server.RaftServerConfigKeys (ConfUtils.java:logGet(43)) - raft.server.rpc.timeout.max = 5200ms (custom)
2019-07-14 01:11:56,095 INFO  server.RaftServerConfigKeys (ConfUtils.java:logGet(43)) - raft.server.rpc.timeout.max = 5200ms (custom)
2019-07-14 01:11:56,095 INFO  server.RaftServerConfigKeys (ConfUtils.java:logGet(43)) - raft.server.rpcslowness.timeout = 120s (custom)
2019-07-14 01:11:56,096 INFO  server.RaftServerConfigKeys (ConfUtils.java:logGet(43)) - raft.server.sleep.deviation.threshold = 300 (default)
2019-07-14 01:11:56,095 INFO  server.RaftServerConfigKeys (ConfUtils.java:logGet(43)) - raft.server.storage.dir = [/tmp/workdir/hadoop-ozone/integration-test/target/test-dir/MiniOzoneClusterImpl-df343184-2264-4b4f-ad35-dc83a80966e1/datanode-0/data/ratis] (custom)
2019-07-14 01:11:56,096 INFO  server.RaftServerConfigKeys (ConfUtils.java:logGet(43)) - raft.server.log.appender.install.snapshot.enabled = false (custom)
2019-07-14 01:11:56,096 INFO  impl.RaftServerImpl (ServerState.java:<init>(105)) - 3f982a32-c9e2-43cd-8769-2c465688516d:group-D61B8E5ED4D8 ConfigurationManager, init=-1: [62e01051-a4ea-4573-9a91-dd0ecf8e4ae7:192.168.157.230:44931, 1723e222-22d3-45e5-8ff4-786659216e38:192.168.157.230:37907, 3f982a32-c9e2-43cd-8769-2c465688516d:192.168.157.230:37455], old=null, confs=<EMPTY_MAP>
2019-07-14 01:11:56,096 INFO  server.RaftServerConfigKeys (ConfUtils.java:logGet(43)) - raft.server.rpcslowness.timeout = 120s (custom)
2019-07-14 01:11:56,096 INFO  server.RaftServerConfigKeys (ConfUtils.java:logGet(43)) - raft.server.storage.dir = [/tmp/workdir/hadoop-ozone/integration-test/target/test-dir/MiniOzoneClusterImpl-df343184-2264-4b4f-ad35-dc83a80966e1/datanode-2/data/ratis] (custom)
2019-07-14 01:11:56,096 INFO  storage.RaftStorageDirectory (RaftStorageDirectory.java:analyzeStorage(246)) - The storage directory /tmp/workdir/hadoop-ozone/integration-test/target/test-dir/MiniOzoneClusterImpl-df343184-2264-4b4f-ad35-dc83a80966e1/datanode-0/data/ratis/ff6e9405-0137-4187-93e9-d61b8e5ed4d8 does not exist. Creating ...
2019-07-14 01:11:56,096 INFO  server.RaftServerConfigKeys (ConfUtils.java:logGet(43)) - raft.server.sleep.deviation.threshold = 300 (default)
2019-07-14 01:11:56,097 INFO  storage.RaftStorageDirectory (RaftStorageDirectory.java:analyzeStorage(246)) - The storage directory /tmp/workdir/hadoop-ozone/integration-test/target/test-dir/MiniOzoneClusterImpl-df343184-2264-4b4f-ad35-dc83a80966e1/datanode-2/data/ratis/ff6e9405-0137-4187-93e9-d61b8e5ed4d8 does not exist. Creating ...
2019-07-14 01:11:56,097 INFO  server.RaftServerConfigKeys (ConfUtils.java:logGet(43)) - raft.server.log.appender.install.snapshot.enabled = false (custom)
2019-07-14 01:11:56,097 INFO  impl.RaftServerImpl (ServerState.java:<init>(105)) - 1723e222-22d3-45e5-8ff4-786659216e38:group-D61B8E5ED4D8 ConfigurationManager, init=-1: [62e01051-a4ea-4573-9a91-dd0ecf8e4ae7:192.168.157.230:44931, 1723e222-22d3-45e5-8ff4-786659216e38:192.168.157.230:37907, 3f982a32-c9e2-43cd-8769-2c465688516d:192.168.157.230:37455], old=null, confs=<EMPTY_MAP>
2019-07-14 01:11:56,097 INFO  server.RaftServerConfigKeys (ConfUtils.java:logGet(43)) - raft.server.storage.dir = [/tmp/workdir/hadoop-ozone/integration-test/target/test-dir/MiniOzoneClusterImpl-df343184-2264-4b4f-ad35-dc83a80966e1/datanode-1/data/ratis] (custom)
2019-07-14 01:11:56,098 INFO  storage.RaftStorageDirectory (RaftStorageDirectory.java:analyzeStorage(246)) - The storage directory /tmp/workdir/hadoop-ozone/integration-test/target/test-dir/MiniOzoneClusterImpl-df343184-2264-4b4f-ad35-dc83a80966e1/datanode-1/data/ratis/ff6e9405-0137-4187-93e9-d61b8e5ed4d8 does not exist. Creating ...
2019-07-14 01:11:56,110 INFO  storage.RaftStorageDirectory (RaftStorageDirectory.java:tryLock(328)) - Lock on /tmp/workdir/hadoop-ozone/integration-test/target/test-dir/MiniOzoneClusterImpl-df343184-2264-4b4f-ad35-dc83a80966e1/datanode-1/data/ratis/ff6e9405-0137-4187-93e9-d61b8e5ed4d8/in_use.lock acquired by nodename 26095@trunk-nightly-sxkq5-3320257302
2019-07-14 01:11:56,110 INFO  storage.RaftStorageDirectory (RaftStorageDirectory.java:tryLock(328)) - Lock on /tmp/workdir/hadoop-ozone/integration-test/target/test-dir/MiniOzoneClusterImpl-df343184-2264-4b4f-ad35-dc83a80966e1/datanode-0/data/ratis/ff6e9405-0137-4187-93e9-d61b8e5ed4d8/in_use.lock acquired by nodename 26095@trunk-nightly-sxkq5-3320257302
2019-07-14 01:11:56,110 INFO  storage.RaftStorageDirectory (RaftStorageDirectory.java:tryLock(328)) - Lock on /tmp/workdir/hadoop-ozone/integration-test/target/test-dir/MiniOzoneClusterImpl-df343184-2264-4b4f-ad35-dc83a80966e1/datanode-2/data/ratis/ff6e9405-0137-4187-93e9-d61b8e5ed4d8/in_use.lock acquired by nodename 26095@trunk-nightly-sxkq5-3320257302
2019-07-14 01:11:56,124 INFO  storage.RaftStorage (RaftStorage.java:format(72)) - Storage directory /tmp/workdir/hadoop-ozone/integration-test/target/test-dir/MiniOzoneClusterImpl-df343184-2264-4b4f-ad35-dc83a80966e1/datanode-2/data/ratis/ff6e9405-0137-4187-93e9-d61b8e5ed4d8 has been successfully formatted.
2019-07-14 01:11:56,124 INFO  storage.RaftStorage (RaftStorage.java:format(72)) - Storage directory /tmp/workdir/hadoop-ozone/integration-test/target/test-dir/MiniOzoneClusterImpl-df343184-2264-4b4f-ad35-dc83a80966e1/datanode-1/data/ratis/ff6e9405-0137-4187-93e9-d61b8e5ed4d8 has been successfully formatted.
2019-07-14 01:11:56,124 INFO  storage.RaftStorage (RaftStorage.java:format(72)) - Storage directory /tmp/workdir/hadoop-ozone/integration-test/target/test-dir/MiniOzoneClusterImpl-df343184-2264-4b4f-ad35-dc83a80966e1/datanode-0/data/ratis/ff6e9405-0137-4187-93e9-d61b8e5ed4d8 has been successfully formatted.
2019-07-14 01:11:56,125 INFO  ratis.ContainerStateMachine (ContainerStateMachine.java:loadSnapshot(200)) - The snapshot info is null.Setting the last applied index to:(t:0, i:~)
2019-07-14 01:11:56,124 INFO  ratis.ContainerStateMachine (ContainerStateMachine.java:loadSnapshot(200)) - The snapshot info is null.Setting the last applied index to:(t:0, i:~)
2019-07-14 01:11:56,125 INFO  server.RaftServerConfigKeys (ConfUtils.java:logGet(43)) - raft.server.leader.election.timeout = 120s (custom)
2019-07-14 01:11:56,125 INFO  server.RaftServerConfigKeys (ConfUtils.java:logGet(43)) - raft.server.log.use.memory = false (default)
2019-07-14 01:11:56,125 INFO  ratis.ContainerStateMachine (ContainerStateMachine.java:loadSnapshot(200)) - The snapshot info is null.Setting the last applied index to:(t:0, i:~)
2019-07-14 01:11:56,125 INFO  server.RaftServerConfigKeys (ConfUtils.java:logGet(43)) - raft.server.log.purge.gap = 1000000000 (custom)
2019-07-14 01:11:56,125 INFO  server.RaftServerConfigKeys (ConfUtils.java:logGet(43)) - raft.server.leader.election.timeout = 120s (custom)
2019-07-14 01:11:56,126 INFO  server.RaftServerConfigKeys (ConfUtils.java:logGet(43)) - raft.server.log.appender.buffer.byte-limit = 33554432 (custom)
2019-07-14 01:11:56,125 INFO  server.RaftServerConfigKeys (ConfUtils.java:logGet(43)) - raft.server.leader.election.timeout = 120s (custom)
2019-07-14 01:11:56,126 INFO  server.RaftServerConfigKeys (ConfUtils.java:logGet(43)) - raft.server.log.segment.size.max = 1048576 (custom)
2019-07-14 01:11:56,126 INFO  server.RaftServerConfigKeys (ConfUtils.java:logGet(43)) - raft.server.log.segment.cache.num.max = 2 (custom)
2019-07-14 01:11:56,126 INFO  server.RaftServerConfigKeys (ConfUtils.java:logGet(43)) - raft.server.log.use.memory = false (default)
2019-07-14 01:11:56,126 INFO  segmented.SegmentedRaftLogWorker (SegmentedRaftLogWorker.java:<init>(172)) - new 1723e222-22d3-45e5-8ff4-786659216e38-SegmentedRaftLogWorker:Storage Directory /tmp/workdir/hadoop-ozone/integration-test/target/test-dir/MiniOzoneClusterImpl-df343184-2264-4b4f-ad35-dc83a80966e1/datanode-1/data/ratis/ff6e9405-0137-4187-93e9-d61b8e5ed4d8 for RaftStorage:Storage Directory /tmp/workdir/hadoop-ozone/integration-test/target/test-dir/MiniOzoneClusterImpl-df343184-2264-4b4f-ad35-dc83a80966e1/datanode-1/data/ratis/ff6e9405-0137-4187-93e9-d61b8e5ed4d8
2019-07-14 01:11:56,127 INFO  server.RaftServerConfigKeys (ConfUtils.java:logGet(43)) - raft.server.log.queue.byte-limit = 2147483647 (custom)
2019-07-14 01:11:56,126 INFO  server.RaftServerConfigKeys (ConfUtils.java:logGet(43)) - raft.server.log.use.memory = false (default)
2019-07-14 01:11:56,127 INFO  server.RaftServerConfigKeys (ConfUtils.java:logGet(43)) - raft.server.log.queue.element-limit = 1024 (custom)
2019-07-14 01:11:56,126 INFO  server.RaftServerConfigKeys (ConfUtils.java:logGet(43)) - raft.server.log.purge.gap = 1000000000 (custom)
2019-07-14 01:11:56,127 INFO  server.RaftServerConfigKeys (ConfUtils.java:logGet(43)) - raft.server.log.segment.size.max = 1048576 (custom)
2019-07-14 01:11:56,127 INFO  server.RaftServerConfigKeys (ConfUtils.java:logGet(43)) - raft.server.log.purge.gap = 1000000000 (custom)
2019-07-14 01:11:56,127 INFO  server.RaftServerConfigKeys (ConfUtils.java:logGet(43)) - raft.server.log.preallocated.size = 16384 (custom)
2019-07-14 01:11:56,128 INFO  server.RaftServerConfigKeys (ConfUtils.java:logGet(43)) - raft.server.log.write.buffer.size = 33554432 (custom)
2019-07-14 01:11:56,127 INFO  server.RaftServerConfigKeys (ConfUtils.java:logGet(43)) - raft.server.log.appender.buffer.byte-limit = 33554432 (custom)
2019-07-14 01:11:56,128 INFO  server.RaftServerConfigKeys (ConfUtils.java:logGet(43)) - raft.server.log.force.sync.num = 128 (default)
2019-07-14 01:11:56,128 INFO  server.RaftServerConfigKeys (ConfUtils.java:logGet(43)) - raft.server.log.statemachine.data.sync = true (default)
2019-07-14 01:11:56,128 INFO  server.RaftServerConfigKeys (ConfUtils.java:logGet(43)) - raft.server.log.appender.buffer.byte-limit = 33554432 (custom)
2019-07-14 01:11:56,128 INFO  server.RaftServerConfigKeys (ConfUtils.java:logGet(43)) - raft.server.log.statemachine.data.sync.timeout = 10s (default)
2019-07-14 01:11:56,128 INFO  server.RaftServerConfigKeys (ConfUtils.java:logGet(43)) - raft.server.log.segment.size.max = 1048576 (custom)
2019-07-14 01:11:56,129 INFO  server.RaftServerConfigKeys (ConfUtils.java:logGet(43)) - raft.server.log.statemachine.data.sync.timeout.retry = -1 (default)
2019-07-14 01:11:56,129 INFO  server.RaftServerConfigKeys (ConfUtils.java:logGet(43)) - raft.server.log.segment.size.max = 1048576 (custom)
2019-07-14 01:11:56,129 INFO  server.RaftServerConfigKeys (ConfUtils.java:logGet(43)) - raft.server.log.statemachine.data.caching.enabled = true (custom)
2019-07-14 01:11:56,129 INFO  server.RaftServerConfigKeys (ConfUtils.java:logGet(43)) - raft.server.log.segment.cache.num.max = 2 (custom)
2019-07-14 01:11:56,129 INFO  segmented.SegmentedRaftLogWorker (SegmentedRaftLogWorker.java:lambda$new$0(132)) - 1723e222-22d3-45e5-8ff4-786659216e38-SegmentedRaftLogWorker:Storage Directory /tmp/workdir/hadoop-ozone/integration-test/target/test-dir/MiniOzoneClusterImpl-df343184-2264-4b4f-ad35-dc83a80966e1/datanode-1/data/ratis/ff6e9405-0137-4187-93e9-d61b8e5ed4d8: flushIndex: setUnconditionally 0 -> -1
2019-07-14 01:11:56,129 INFO  server.RaftServerConfigKeys (ConfUtils.java:logGet(43)) - raft.server.log.segment.cache.num.max = 2 (custom)
2019-07-14 01:11:56,130 INFO  server.RaftServerConfigKeys (ConfUtils.java:logGet(43)) - raft.server.snapshot.auto.trigger.enabled = true (custom)
2019-07-14 01:11:56,130 INFO  server.RaftServerConfigKeys (ConfUtils.java:logGet(43)) - raft.server.snapshot.auto.trigger.threshold = 10000 (custom)
2019-07-14 01:11:56,130 INFO  segmented.SegmentedRaftLogWorker (SegmentedRaftLogWorker.java:<init>(172)) - new 3f982a32-c9e2-43cd-8769-2c465688516d-SegmentedRaftLogWorker:Storage Directory /tmp/workdir/hadoop-ozone/integration-test/target/test-dir/MiniOzoneClusterImpl-df343184-2264-4b4f-ad35-dc83a80966e1/datanode-2/data/ratis/ff6e9405-0137-4187-93e9-d61b8e5ed4d8 for RaftStorage:Storage Directory /tmp/workdir/hadoop-ozone/integration-test/target/test-dir/MiniOzoneClusterImpl-df343184-2264-4b4f-ad35-dc83a80966e1/datanode-2/data/ratis/ff6e9405-0137-4187-93e9-d61b8e5ed4d8
2019-07-14 01:11:56,130 INFO  server.RaftServerConfigKeys (ConfUtils.java:logGet(43)) - raft.server.retrycache.expirytime = 600000ms (custom)
2019-07-14 01:11:56,130 INFO  segmented.SegmentedRaftLogWorker (SegmentedRaftLogWorker.java:<init>(172)) - new 62e01051-a4ea-4573-9a91-dd0ecf8e4ae7-SegmentedRaftLogWorker:Storage Directory /tmp/workdir/hadoop-ozone/integration-test/target/test-dir/MiniOzoneClusterImpl-df343184-2264-4b4f-ad35-dc83a80966e1/datanode-0/data/ratis/ff6e9405-0137-4187-93e9-d61b8e5ed4d8 for RaftStorage:Storage Directory /tmp/workdir/hadoop-ozone/integration-test/target/test-dir/MiniOzoneClusterImpl-df343184-2264-4b4f-ad35-dc83a80966e1/datanode-0/data/ratis/ff6e9405-0137-4187-93e9-d61b8e5ed4d8
2019-07-14 01:11:56,131 INFO  impl.RaftServerImpl (RaftServerImpl.java:start(180)) - 1723e222-22d3-45e5-8ff4-786659216e38: start group-D61B8E5ED4D8
2019-07-14 01:11:56,131 INFO  impl.RaftServerImpl (RaftServerImpl.java:setRole(171)) - 1723e222-22d3-45e5-8ff4-786659216e38:group-D61B8E5ED4D8 changes role from null to FOLLOWER at term 0 for startAsFollower
2019-07-14 01:11:56,130 INFO  server.RaftServerConfigKeys (ConfUtils.java:logGet(43)) - raft.server.log.queue.byte-limit = 2147483647 (custom)
2019-07-14 01:11:56,131 INFO  impl.RoleInfo (RoleInfo.java:updateAndGet(143)) - 1723e222-22d3-45e5-8ff4-786659216e38: start FollowerState
2019-07-14 01:11:56,131 INFO  server.RaftServerConfigKeys (ConfUtils.java:logGet(43)) - raft.server.log.queue.byte-limit = 2147483647 (custom)
2019-07-14 01:11:56,131 INFO  server.RaftServerConfigKeys (ConfUtils.java:logGet(43)) - raft.server.log.queue.element-limit = 1024 (custom)
2019-07-14 01:11:56,131 INFO  util.JmxRegister (JmxRegister.java:tryRegister(44)) - Successfully registered JMX Bean with object name Ratis:service=RaftServer,group=group-D61B8E5ED4D8,id=1723e222-22d3-45e5-8ff4-786659216e38
2019-07-14 01:11:56,131 INFO  server.RaftServerConfigKeys (ConfUtils.java:logGet(43)) - raft.server.log.queue.element-limit = 1024 (custom)
2019-07-14 01:11:56,132 INFO  server.RaftServerConfigKeys (ConfUtils.java:logGet(43)) - raft.server.log.segment.size.max = 1048576 (custom)
2019-07-14 01:11:56,132 INFO  server.RaftServerConfigKeys (ConfUtils.java:logGet(43)) - raft.server.log.segment.size.max = 1048576 (custom)
2019-07-14 01:11:56,132 INFO  server.RaftServerConfigKeys (ConfUtils.java:logGet(43)) - raft.server.log.preallocated.size = 16384 (custom)
2019-07-14 01:11:56,132 INFO  server.RaftServerConfigKeys (ConfUtils.java:logGet(43)) - raft.server.log.preallocated.size = 16384 (custom)
2019-07-14 01:11:56,132 INFO  server.RaftServerConfigKeys (ConfUtils.java:logGet(43)) - raft.server.log.write.buffer.size = 33554432 (custom)
2019-07-14 01:11:56,135 INFO  server.RaftServerConfigKeys (ConfUtils.java:logGet(43)) - raft.server.log.force.sync.num = 128 (default)
2019-07-14 01:11:56,132 INFO  server.RaftServerConfigKeys (ConfUtils.java:logGet(43)) - raft.server.log.write.buffer.size = 33554432 (custom)
2019-07-14 01:11:56,136 INFO  server.RaftServerConfigKeys (ConfUtils.java:logGet(43)) - raft.server.log.statemachine.data.sync = true (default)
2019-07-14 01:11:56,136 INFO  server.RaftServerConfigKeys (ConfUtils.java:logGet(43)) - raft.server.log.force.sync.num = 128 (default)
2019-07-14 01:11:56,136 INFO  server.RaftServerConfigKeys (ConfUtils.java:logGet(43)) - raft.server.log.statemachine.data.sync.timeout = 10s (default)
2019-07-14 01:11:56,136 INFO  server.RaftServerConfigKeys (ConfUtils.java:logGet(43)) - raft.server.log.statemachine.data.sync = true (default)
2019-07-14 01:11:56,136 INFO  server.RaftServerConfigKeys (ConfUtils.java:logGet(43)) - raft.server.log.statemachine.data.sync.timeout.retry = -1 (default)
2019-07-14 01:11:56,136 INFO  server.RaftServerConfigKeys (ConfUtils.java:logGet(43)) - raft.server.log.statemachine.data.sync.timeout = 10s (default)
2019-07-14 01:11:56,137 INFO  server.RaftServerConfigKeys (ConfUtils.java:logGet(43)) - raft.server.log.statemachine.data.caching.enabled = true (custom)
2019-07-14 01:11:56,137 INFO  server.RaftServerConfigKeys (ConfUtils.java:logGet(43)) - raft.server.log.statemachine.data.sync.timeout.retry = -1 (default)
2019-07-14 01:11:56,137 INFO  server.RaftServerConfigKeys (ConfUtils.java:logGet(43)) - raft.server.log.statemachine.data.caching.enabled = true (custom)
2019-07-14 01:11:56,137 INFO  segmented.SegmentedRaftLogWorker (SegmentedRaftLogWorker.java:lambda$new$0(132)) - 3f982a32-c9e2-43cd-8769-2c465688516d-SegmentedRaftLogWorker:Storage Directory /tmp/workdir/hadoop-ozone/integration-test/target/test-dir/MiniOzoneClusterImpl-df343184-2264-4b4f-ad35-dc83a80966e1/datanode-2/data/ratis/ff6e9405-0137-4187-93e9-d61b8e5ed4d8: flushIndex: setUnconditionally 0 -> -1
2019-07-14 01:11:56,137 INFO  segmented.SegmentedRaftLogWorker (SegmentedRaftLogWorker.java:lambda$new$0(132)) - 62e01051-a4ea-4573-9a91-dd0ecf8e4ae7-SegmentedRaftLogWorker:Storage Directory /tmp/workdir/hadoop-ozone/integration-test/target/test-dir/MiniOzoneClusterImpl-df343184-2264-4b4f-ad35-dc83a80966e1/datanode-0/data/ratis/ff6e9405-0137-4187-93e9-d61b8e5ed4d8: flushIndex: setUnconditionally 0 -> -1
2019-07-14 01:11:56,137 INFO  server.RaftServerConfigKeys (ConfUtils.java:logGet(43)) - raft.server.snapshot.auto.trigger.enabled = true (custom)
2019-07-14 01:11:56,138 INFO  server.RaftServerConfigKeys (ConfUtils.java:logGet(43)) - raft.server.snapshot.auto.trigger.enabled = true (custom)
2019-07-14 01:11:56,138 INFO  server.RaftServerConfigKeys (ConfUtils.java:logGet(43)) - raft.server.snapshot.auto.trigger.threshold = 10000 (custom)
2019-07-14 01:11:56,138 INFO  server.RaftServerConfigKeys (ConfUtils.java:logGet(43)) - raft.server.snapshot.auto.trigger.threshold = 10000 (custom)
2019-07-14 01:11:56,138 INFO  server.RaftServerConfigKeys (ConfUtils.java:logGet(43)) - raft.server.retrycache.expirytime = 600000ms (custom)
2019-07-14 01:11:56,138 INFO  server.RaftServerConfigKeys (ConfUtils.java:logGet(43)) - raft.server.retrycache.expirytime = 600000ms (custom)
2019-07-14 01:11:56,138 INFO  impl.RaftServerImpl (RaftServerImpl.java:start(180)) - 3f982a32-c9e2-43cd-8769-2c465688516d: start group-D61B8E5ED4D8
2019-07-14 01:11:56,138 INFO  impl.RaftServerImpl (RaftServerImpl.java:start(180)) - 62e01051-a4ea-4573-9a91-dd0ecf8e4ae7: start group-D61B8E5ED4D8
2019-07-14 01:11:56,138 INFO  impl.RaftServerImpl (RaftServerImpl.java:setRole(171)) - 3f982a32-c9e2-43cd-8769-2c465688516d:group-D61B8E5ED4D8 changes role from null to FOLLOWER at term 0 for startAsFollower
2019-07-14 01:11:56,139 INFO  impl.RaftServerImpl (RaftServerImpl.java:setRole(171)) - 62e01051-a4ea-4573-9a91-dd0ecf8e4ae7:group-D61B8E5ED4D8 changes role from null to FOLLOWER at term 0 for startAsFollower
2019-07-14 01:11:56,139 INFO  impl.RoleInfo (RoleInfo.java:updateAndGet(143)) - 3f982a32-c9e2-43cd-8769-2c465688516d: start FollowerState
2019-07-14 01:11:56,139 INFO  impl.RoleInfo (RoleInfo.java:updateAndGet(143)) - 62e01051-a4ea-4573-9a91-dd0ecf8e4ae7: start FollowerState
2019-07-14 01:11:56,139 INFO  util.JmxRegister (JmxRegister.java:tryRegister(44)) - Successfully registered JMX Bean with object name Ratis:service=RaftServer,group=group-D61B8E5ED4D8,id=3f982a32-c9e2-43cd-8769-2c465688516d
2019-07-14 01:11:56,139 INFO  util.JmxRegister (JmxRegister.java:tryRegister(44)) - Successfully registered JMX Bean with object name Ratis:service=RaftServer,group=group-D61B8E5ED4D8,id=62e01051-a4ea-4573-9a91-dd0ecf8e4ae7
2019-07-14 01:11:56,147 INFO  pipeline.PipelineStateManager (PipelineStateManager.java:addPipeline(56)) - Created pipeline Pipeline[ Id: ff6e9405-0137-4187-93e9-d61b8e5ed4d8, Nodes: 1723e222-22d3-45e5-8ff4-786659216e38{ip: 192.168.157.230, host: trunk-nightly-sxkq5-3320257302, networkLocation: /default-rack, certSerialId: null}62e01051-a4ea-4573-9a91-dd0ecf8e4ae7{ip: 192.168.157.230, host: trunk-nightly-sxkq5-3320257302, networkLocation: /default-rack, certSerialId: null}3f982a32-c9e2-43cd-8769-2c465688516d{ip: 192.168.157.230, host: trunk-nightly-sxkq5-3320257302, networkLocation: /default-rack, certSerialId: null}, Type:RATIS, Factor:THREE, State:OPEN]
2019-07-14 01:11:56,195 INFO  node.SCMNodeManager (SCMNodeManager.java:register(269)) - Registered Data node : 85605e7b-3a2c-42e0-bbf8-66ce3c3d44ad{ip: 192.168.157.230, host: trunk-nightly-sxkq5-3320257302, networkLocation: /default-rack, certSerialId: null}
2019-07-14 01:11:56,203 INFO  impl.RaftServerProxy (RaftServerProxy.java:addNew(89)) - 85605e7b-3a2c-42e0-bbf8-66ce3c3d44ad: addNew group-4C4593CCA204:[85605e7b-3a2c-42e0-bbf8-66ce3c3d44ad:192.168.157.230:34906] returns group-4C4593CCA204:java.util.concurrent.CompletableFuture@3086312f[Not completed]
2019-07-14 01:11:56,204 INFO  impl.RaftServerImpl (RaftServerImpl.java:<init>(93)) - 85605e7b-3a2c-42e0-bbf8-66ce3c3d44ad: new RaftServerImpl for group-4C4593CCA204:[85605e7b-3a2c-42e0-bbf8-66ce3c3d44ad:192.168.157.230:34906] with ContainerStateMachine:uninitialized
2019-07-14 01:11:56,204 INFO  server.RaftServerConfigKeys (ConfUtils.java:logGet(43)) - raft.server.rpc.timeout.min = 5s (custom)
2019-07-14 01:11:56,204 INFO  server.RaftServerConfigKeys (ConfUtils.java:logGet(43)) - raft.server.rpc.timeout.max = 5200ms (custom)
2019-07-14 01:11:56,205 INFO  server.RaftServerConfigKeys (ConfUtils.java:logGet(43)) - raft.server.rpcslowness.timeout = 120s (custom)
2019-07-14 01:11:56,205 INFO  server.RaftServerConfigKeys (ConfUtils.java:logGet(43)) - raft.server.sleep.deviation.threshold = 300 (default)
2019-07-14 01:11:56,205 INFO  server.RaftServerConfigKeys (ConfUtils.java:logGet(43)) - raft.server.log.appender.install.snapshot.enabled = false (custom)
2019-07-14 01:11:56,205 INFO  impl.RaftServerImpl (ServerState.java:<init>(105)) - 85605e7b-3a2c-42e0-bbf8-66ce3c3d44ad:group-4C4593CCA204 ConfigurationManager, init=-1: [85605e7b-3a2c-42e0-bbf8-66ce3c3d44ad:192.168.157.230:34906], old=null, confs=<EMPTY_MAP>
2019-07-14 01:11:56,205 INFO  server.RaftServerConfigKeys (ConfUtils.java:logGet(43)) - raft.server.storage.dir = [/tmp/workdir/hadoop-ozone/integration-test/target/test-dir/MiniOzoneClusterImpl-df343184-2264-4b4f-ad35-dc83a80966e1/datanode-3/data/ratis] (custom)
2019-07-14 01:11:56,206 INFO  storage.RaftStorageDirectory (RaftStorageDirectory.java:analyzeStorage(246)) - The storage directory /tmp/workdir/hadoop-ozone/integration-test/target/test-dir/MiniOzoneClusterImpl-df343184-2264-4b4f-ad35-dc83a80966e1/datanode-3/data/ratis/3ff58555-799a-43f5-bef4-4c4593cca204 does not exist. Creating ...
2019-07-14 01:11:56,218 INFO  storage.RaftStorageDirectory (RaftStorageDirectory.java:tryLock(328)) - Lock on /tmp/workdir/hadoop-ozone/integration-test/target/test-dir/MiniOzoneClusterImpl-df343184-2264-4b4f-ad35-dc83a80966e1/datanode-3/data/ratis/3ff58555-799a-43f5-bef4-4c4593cca204/in_use.lock acquired by nodename 26095@trunk-nightly-sxkq5-3320257302
2019-07-14 01:11:56,231 INFO  storage.RaftStorage (RaftStorage.java:format(72)) - Storage directory /tmp/workdir/hadoop-ozone/integration-test/target/test-dir/MiniOzoneClusterImpl-df343184-2264-4b4f-ad35-dc83a80966e1/datanode-3/data/ratis/3ff58555-799a-43f5-bef4-4c4593cca204 has been successfully formatted.
2019-07-14 01:11:56,231 INFO  ratis.ContainerStateMachine (ContainerStateMachine.java:loadSnapshot(200)) - The snapshot info is null.Setting the last applied index to:(t:0, i:~)
2019-07-14 01:11:56,231 INFO  server.RaftServerConfigKeys (ConfUtils.java:logGet(43)) - raft.server.leader.election.timeout = 120s (custom)
2019-07-14 01:11:56,232 INFO  server.RaftServerConfigKeys (ConfUtils.java:logGet(43)) - raft.server.log.use.memory = false (default)
2019-07-14 01:11:56,232 INFO  server.RaftServerConfigKeys (ConfUtils.java:logGet(43)) - raft.server.log.purge.gap = 1000000000 (custom)
2019-07-14 01:11:56,232 INFO  server.RaftServerConfigKeys (ConfUtils.java:logGet(43)) - raft.server.log.appender.buffer.byte-limit = 33554432 (custom)
2019-07-14 01:11:56,232 INFO  server.RaftServerConfigKeys (ConfUtils.java:logGet(43)) - raft.server.log.segment.size.max = 1048576 (custom)
2019-07-14 01:11:56,232 INFO  server.RaftServerConfigKeys (ConfUtils.java:logGet(43)) - raft.server.log.segment.cache.num.max = 2 (custom)
2019-07-14 01:11:56,232 INFO  segmented.SegmentedRaftLogWorker (SegmentedRaftLogWorker.java:<init>(172)) - new 85605e7b-3a2c-42e0-bbf8-66ce3c3d44ad-SegmentedRaftLogWorker:Storage Directory /tmp/workdir/hadoop-ozone/integration-test/target/test-dir/MiniOzoneClusterImpl-df343184-2264-4b4f-ad35-dc83a80966e1/datanode-3/data/ratis/3ff58555-799a-43f5-bef4-4c4593cca204 for RaftStorage:Storage Directory /tmp/workdir/hadoop-ozone/integration-test/target/test-dir/MiniOzoneClusterImpl-df343184-2264-4b4f-ad35-dc83a80966e1/datanode-3/data/ratis/3ff58555-799a-43f5-bef4-4c4593cca204
2019-07-14 01:11:56,233 INFO  server.RaftServerConfigKeys (ConfUtils.java:logGet(43)) - raft.server.log.queue.byte-limit = 2147483647 (custom)
2019-07-14 01:11:56,233 INFO  server.RaftServerConfigKeys (ConfUtils.java:logGet(43)) - raft.server.log.queue.element-limit = 1024 (custom)
2019-07-14 01:11:56,233 INFO  server.RaftServerConfigKeys (ConfUtils.java:logGet(43)) - raft.server.log.segment.size.max = 1048576 (custom)
2019-07-14 01:11:56,233 INFO  server.RaftServerConfigKeys (ConfUtils.java:logGet(43)) - raft.server.log.preallocated.size = 16384 (custom)
2019-07-14 01:11:56,233 INFO  server.RaftServerConfigKeys (ConfUtils.java:logGet(43)) - raft.server.log.write.buffer.size = 33554432 (custom)
2019-07-14 01:11:56,233 INFO  server.RaftServerConfigKeys (ConfUtils.java:logGet(43)) - raft.server.log.force.sync.num = 128 (default)
2019-07-14 01:11:56,233 INFO  server.RaftServerConfigKeys (ConfUtils.java:logGet(43)) - raft.server.log.statemachine.data.sync = true (default)
2019-07-14 01:11:56,234 INFO  server.RaftServerConfigKeys (ConfUtils.java:logGet(43)) - raft.server.log.statemachine.data.sync.timeout = 10s (default)
2019-07-14 01:11:56,234 INFO  server.RaftServerConfigKeys (ConfUtils.java:logGet(43)) - raft.server.log.statemachine.data.sync.timeout.retry = -1 (default)
2019-07-14 01:11:56,234 INFO  server.RaftServerConfigKeys (ConfUtils.java:logGet(43)) - raft.server.log.statemachine.data.caching.enabled = true (custom)
2019-07-14 01:11:56,234 INFO  segmented.SegmentedRaftLogWorker (SegmentedRaftLogWorker.java:lambda$new$0(132)) - 85605e7b-3a2c-42e0-bbf8-66ce3c3d44ad-SegmentedRaftLogWorker:Storage Directory /tmp/workdir/hadoop-ozone/integration-test/target/test-dir/MiniOzoneClusterImpl-df343184-2264-4b4f-ad35-dc83a80966e1/datanode-3/data/ratis/3ff58555-799a-43f5-bef4-4c4593cca204: flushIndex: setUnconditionally 0 -> -1
2019-07-14 01:11:56,235 INFO  server.RaftServerConfigKeys (ConfUtils.java:logGet(43)) - raft.server.snapshot.auto.trigger.enabled = true (custom)
2019-07-14 01:11:56,235 INFO  server.RaftServerConfigKeys (ConfUtils.java:logGet(43)) - raft.server.snapshot.auto.trigger.threshold = 10000 (custom)
2019-07-14 01:11:56,235 INFO  server.RaftServerConfigKeys (ConfUtils.java:logGet(43)) - raft.server.retrycache.expirytime = 600000ms (custom)
2019-07-14 01:11:56,235 INFO  impl.RaftServerImpl (RaftServerImpl.java:start(180)) - 85605e7b-3a2c-42e0-bbf8-66ce3c3d44ad: start group-4C4593CCA204
2019-07-14 01:11:56,235 INFO  impl.RaftServerImpl (RaftServerImpl.java:setRole(171)) - 85605e7b-3a2c-42e0-bbf8-66ce3c3d44ad:group-4C4593CCA204 changes role from null to FOLLOWER at term 0 for startAsFollower
2019-07-14 01:11:56,235 INFO  impl.RoleInfo (RoleInfo.java:updateAndGet(143)) - 85605e7b-3a2c-42e0-bbf8-66ce3c3d44ad: start FollowerState
2019-07-14 01:11:56,253 INFO  util.JmxRegister (JmxRegister.java:tryRegister(44)) - Successfully registered JMX Bean with object name Ratis:service=RaftServer,group=group-4C4593CCA204,id=85605e7b-3a2c-42e0-bbf8-66ce3c3d44ad
2019-07-14 01:11:56,267 INFO  pipeline.PipelineStateManager (PipelineStateManager.java:addPipeline(56)) - Created pipeline Pipeline[ Id: 3ff58555-799a-43f5-bef4-4c4593cca204, Nodes: 85605e7b-3a2c-42e0-bbf8-66ce3c3d44ad{ip: 192.168.157.230, host: trunk-nightly-sxkq5-3320257302, networkLocation: /default-rack, certSerialId: null}, Type:RATIS, Factor:ONE, State:OPEN]
2019-07-14 01:11:56,366 INFO  node.SCMNodeManager (SCMNodeManager.java:register(269)) - Registered Data node : 59cc0e86-5b81-4789-bfdf-6385f30d5dca{ip: 192.168.157.230, host: trunk-nightly-sxkq5-3320257302, networkLocation: /default-rack, certSerialId: null}
2019-07-14 01:11:56,373 INFO  impl.RaftServerProxy (RaftServerProxy.java:addNew(89)) - 59cc0e86-5b81-4789-bfdf-6385f30d5dca: addNew group-3F2D61CBB2C9:[59cc0e86-5b81-4789-bfdf-6385f30d5dca:192.168.157.230:44572] returns group-3F2D61CBB2C9:java.util.concurrent.CompletableFuture@1770bade[Not completed]
2019-07-14 01:11:56,374 INFO  impl.RaftServerImpl (RaftServerImpl.java:<init>(93)) - 59cc0e86-5b81-4789-bfdf-6385f30d5dca: new RaftServerImpl for group-3F2D61CBB2C9:[59cc0e86-5b81-4789-bfdf-6385f30d5dca:192.168.157.230:44572] with ContainerStateMachine:uninitialized
2019-07-14 01:11:56,374 INFO  server.RaftServerConfigKeys (ConfUtils.java:logGet(43)) - raft.server.rpc.timeout.min = 5s (custom)
2019-07-14 01:11:56,375 INFO  server.RaftServerConfigKeys (ConfUtils.java:logGet(43)) - raft.server.rpc.timeout.max = 5200ms (custom)
2019-07-14 01:11:56,375 INFO  server.RaftServerConfigKeys (ConfUtils.java:logGet(43)) - raft.server.rpcslowness.timeout = 120s (custom)
2019-07-14 01:11:56,375 INFO  server.RaftServerConfigKeys (ConfUtils.java:logGet(43)) - raft.server.sleep.deviation.threshold = 300 (default)
2019-07-14 01:11:56,375 INFO  server.RaftServerConfigKeys (ConfUtils.java:logGet(43)) - raft.server.log.appender.install.snapshot.enabled = false (custom)
2019-07-14 01:11:56,375 INFO  impl.RaftServerImpl (ServerState.java:<init>(105)) - 59cc0e86-5b81-4789-bfdf-6385f30d5dca:group-3F2D61CBB2C9 ConfigurationManager, init=-1: [59cc0e86-5b81-4789-bfdf-6385f30d5dca:192.168.157.230:44572], old=null, confs=<EMPTY_MAP>
2019-07-14 01:11:56,375 INFO  server.RaftServerConfigKeys (ConfUtils.java:logGet(43)) - raft.server.storage.dir = [/tmp/workdir/hadoop-ozone/integration-test/target/test-dir/MiniOzoneClusterImpl-df343184-2264-4b4f-ad35-dc83a80966e1/datanode-4/data/ratis] (custom)
2019-07-14 01:11:56,376 INFO  storage.RaftStorageDirectory (RaftStorageDirectory.java:analyzeStorage(246)) - The storage directory /tmp/workdir/hadoop-ozone/integration-test/target/test-dir/MiniOzoneClusterImpl-df343184-2264-4b4f-ad35-dc83a80966e1/datanode-4/data/ratis/397ef908-36a1-4e20-9ad9-3f2d61cbb2c9 does not exist. Creating ...
2019-07-14 01:11:56,389 INFO  storage.RaftStorageDirectory (RaftStorageDirectory.java:tryLock(328)) - Lock on /tmp/workdir/hadoop-ozone/integration-test/target/test-dir/MiniOzoneClusterImpl-df343184-2264-4b4f-ad35-dc83a80966e1/datanode-4/data/ratis/397ef908-36a1-4e20-9ad9-3f2d61cbb2c9/in_use.lock acquired by nodename 26095@trunk-nightly-sxkq5-3320257302
2019-07-14 01:11:56,402 INFO  storage.RaftStorage (RaftStorage.java:format(72)) - Storage directory /tmp/workdir/hadoop-ozone/integration-test/target/test-dir/MiniOzoneClusterImpl-df343184-2264-4b4f-ad35-dc83a80966e1/datanode-4/data/ratis/397ef908-36a1-4e20-9ad9-3f2d61cbb2c9 has been successfully formatted.
2019-07-14 01:11:56,402 INFO  ratis.ContainerStateMachine (ContainerStateMachine.java:loadSnapshot(200)) - The snapshot info is null.Setting the last applied index to:(t:0, i:~)
2019-07-14 01:11:56,403 INFO  server.RaftServerConfigKeys (ConfUtils.java:logGet(43)) - raft.server.leader.election.timeout = 120s (custom)
2019-07-14 01:11:56,403 INFO  server.RaftServerConfigKeys (ConfUtils.java:logGet(43)) - raft.server.log.use.memory = false (default)
2019-07-14 01:11:56,403 INFO  server.RaftServerConfigKeys (ConfUtils.java:logGet(43)) - raft.server.log.purge.gap = 1000000000 (custom)
2019-07-14 01:11:56,403 INFO  server.RaftServerConfigKeys (ConfUtils.java:logGet(43)) - raft.server.log.appender.buffer.byte-limit = 33554432 (custom)
2019-07-14 01:11:56,403 INFO  server.RaftServerConfigKeys (ConfUtils.java:logGet(43)) - raft.server.log.segment.size.max = 1048576 (custom)
2019-07-14 01:11:56,403 INFO  server.RaftServerConfigKeys (ConfUtils.java:logGet(43)) - raft.server.log.segment.cache.num.max = 2 (custom)
2019-07-14 01:11:56,403 INFO  segmented.SegmentedRaftLogWorker (SegmentedRaftLogWorker.java:<init>(172)) - new 59cc0e86-5b81-4789-bfdf-6385f30d5dca-SegmentedRaftLogWorker:Storage Directory /tmp/workdir/hadoop-ozone/integration-test/target/test-dir/MiniOzoneClusterImpl-df343184-2264-4b4f-ad35-dc83a80966e1/datanode-4/data/ratis/397ef908-36a1-4e20-9ad9-3f2d61cbb2c9 for RaftStorage:Storage Directory /tmp/workdir/hadoop-ozone/integration-test/target/test-dir/MiniOzoneClusterImpl-df343184-2264-4b4f-ad35-dc83a80966e1/datanode-4/data/ratis/397ef908-36a1-4e20-9ad9-3f2d61cbb2c9
2019-07-14 01:11:56,404 INFO  server.RaftServerConfigKeys (ConfUtils.java:logGet(43)) - raft.server.log.queue.byte-limit = 2147483647 (custom)
2019-07-14 01:11:56,404 INFO  server.RaftServerConfigKeys (ConfUtils.java:logGet(43)) - raft.server.log.queue.element-limit = 1024 (custom)
2019-07-14 01:11:56,404 INFO  server.RaftServerConfigKeys (ConfUtils.java:logGet(43)) - raft.server.log.segment.size.max = 1048576 (custom)
2019-07-14 01:11:56,404 INFO  server.RaftServerConfigKeys (ConfUtils.java:logGet(43)) - raft.server.log.preallocated.size = 16384 (custom)
2019-07-14 01:11:56,404 INFO  server.RaftServerConfigKeys (ConfUtils.java:logGet(43)) - raft.server.log.write.buffer.size = 33554432 (custom)
2019-07-14 01:11:56,404 INFO  server.RaftServerConfigKeys (ConfUtils.java:logGet(43)) - raft.server.log.force.sync.num = 128 (default)
2019-07-14 01:11:56,405 INFO  server.RaftServerConfigKeys (ConfUtils.java:logGet(43)) - raft.server.log.statemachine.data.sync = true (default)
2019-07-14 01:11:56,405 INFO  server.RaftServerConfigKeys (ConfUtils.java:logGet(43)) - raft.server.log.statemachine.data.sync.timeout = 10s (default)
2019-07-14 01:11:56,405 INFO  server.RaftServerConfigKeys (ConfUtils.java:logGet(43)) - raft.server.log.statemachine.data.sync.timeout.retry = -1 (default)
2019-07-14 01:11:56,405 INFO  server.RaftServerConfigKeys (ConfUtils.java:logGet(43)) - raft.server.log.statemachine.data.caching.enabled = true (custom)
2019-07-14 01:11:56,405 INFO  segmented.SegmentedRaftLogWorker (SegmentedRaftLogWorker.java:lambda$new$0(132)) - 59cc0e86-5b81-4789-bfdf-6385f30d5dca-SegmentedRaftLogWorker:Storage Directory /tmp/workdir/hadoop-ozone/integration-test/target/test-dir/MiniOzoneClusterImpl-df343184-2264-4b4f-ad35-dc83a80966e1/datanode-4/data/ratis/397ef908-36a1-4e20-9ad9-3f2d61cbb2c9: flushIndex: setUnconditionally 0 -> -1
2019-07-14 01:11:56,406 INFO  server.RaftServerConfigKeys (ConfUtils.java:logGet(43)) - raft.server.snapshot.auto.trigger.enabled = true (custom)
2019-07-14 01:11:56,406 INFO  server.RaftServerConfigKeys (ConfUtils.java:logGet(43)) - raft.server.snapshot.auto.trigger.threshold = 10000 (custom)
2019-07-14 01:11:56,406 INFO  server.RaftServerConfigKeys (ConfUtils.java:logGet(43)) - raft.server.retrycache.expirytime = 600000ms (custom)
2019-07-14 01:11:56,406 INFO  impl.RaftServerImpl (RaftServerImpl.java:start(180)) - 59cc0e86-5b81-4789-bfdf-6385f30d5dca: start group-3F2D61CBB2C9
2019-07-14 01:11:56,406 INFO  impl.RaftServerImpl (RaftServerImpl.java:setRole(171)) - 59cc0e86-5b81-4789-bfdf-6385f30d5dca:group-3F2D61CBB2C9 changes role from null to FOLLOWER at term 0 for startAsFollower
2019-07-14 01:11:56,406 INFO  impl.RoleInfo (RoleInfo.java:updateAndGet(143)) - 59cc0e86-5b81-4789-bfdf-6385f30d5dca: start FollowerState
2019-07-14 01:11:56,407 INFO  util.JmxRegister (JmxRegister.java:tryRegister(44)) - Successfully registered JMX Bean with object name Ratis:service=RaftServer,group=group-3F2D61CBB2C9,id=59cc0e86-5b81-4789-bfdf-6385f30d5dca
2019-07-14 01:11:56,412 INFO  pipeline.PipelineStateManager (PipelineStateManager.java:addPipeline(56)) - Created pipeline Pipeline[ Id: 397ef908-36a1-4e20-9ad9-3f2d61cbb2c9, Nodes: 59cc0e86-5b81-4789-bfdf-6385f30d5dca{ip: 192.168.157.230, host: trunk-nightly-sxkq5-3320257302, networkLocation: /default-rack, certSerialId: null}, Type:RATIS, Factor:ONE, State:OPEN]
2019-07-14 01:11:56,530 INFO  node.SCMNodeManager (SCMNodeManager.java:register(269)) - Registered Data node : 86648759-f9f0-416d-ac58-aaf1e59ffa7d{ip: 192.168.157.230, host: trunk-nightly-sxkq5-3320257302, networkLocation: /default-rack, certSerialId: null}
2019-07-14 01:11:56,536 INFO  impl.RaftServerProxy (RaftServerProxy.java:addNew(89)) - 86648759-f9f0-416d-ac58-aaf1e59ffa7d: addNew group-C9FCDFCE9785:[86648759-f9f0-416d-ac58-aaf1e59ffa7d:192.168.157.230:36319] returns group-C9FCDFCE9785:java.util.concurrent.CompletableFuture@64852b6e[Not completed]
2019-07-14 01:11:56,537 INFO  impl.RaftServerImpl (RaftServerImpl.java:<init>(93)) - 86648759-f9f0-416d-ac58-aaf1e59ffa7d: new RaftServerImpl for group-C9FCDFCE9785:[86648759-f9f0-416d-ac58-aaf1e59ffa7d:192.168.157.230:36319] with ContainerStateMachine:uninitialized
2019-07-14 01:11:56,537 INFO  server.RaftServerConfigKeys (ConfUtils.java:logGet(43)) - raft.server.rpc.timeout.min = 5s (custom)
2019-07-14 01:11:56,537 INFO  server.RaftServerConfigKeys (ConfUtils.java:logGet(43)) - raft.server.rpc.timeout.max = 5200ms (custom)
2019-07-14 01:11:56,537 INFO  server.RaftServerConfigKeys (ConfUtils.java:logGet(43)) - raft.server.rpcslowness.timeout = 120s (custom)
2019-07-14 01:11:56,538 INFO  server.RaftServerConfigKeys (ConfUtils.java:logGet(43)) - raft.server.sleep.deviation.threshold = 300 (default)
2019-07-14 01:11:56,538 INFO  server.RaftServerConfigKeys (ConfUtils.java:logGet(43)) - raft.server.log.appender.install.snapshot.enabled = false (custom)
2019-07-14 01:11:56,538 INFO  impl.RaftServerImpl (ServerState.java:<init>(105)) - 86648759-f9f0-416d-ac58-aaf1e59ffa7d:group-C9FCDFCE9785 ConfigurationManager, init=-1: [86648759-f9f0-416d-ac58-aaf1e59ffa7d:192.168.157.230:36319], old=null, confs=<EMPTY_MAP>
2019-07-14 01:11:56,538 INFO  server.RaftServerConfigKeys (ConfUtils.java:logGet(43)) - raft.server.storage.dir = [/tmp/workdir/hadoop-ozone/integration-test/target/test-dir/MiniOzoneClusterImpl-df343184-2264-4b4f-ad35-dc83a80966e1/datanode-5/data/ratis] (custom)
2019-07-14 01:11:56,538 INFO  storage.RaftStorageDirectory (RaftStorageDirectory.java:analyzeStorage(246)) - The storage directory /tmp/workdir/hadoop-ozone/integration-test/target/test-dir/MiniOzoneClusterImpl-df343184-2264-4b4f-ad35-dc83a80966e1/datanode-5/data/ratis/e6fc4f3d-072d-472c-a57f-c9fcdfce9785 does not exist. Creating ...
2019-07-14 01:11:56,551 INFO  storage.RaftStorageDirectory (RaftStorageDirectory.java:tryLock(328)) - Lock on /tmp/workdir/hadoop-ozone/integration-test/target/test-dir/MiniOzoneClusterImpl-df343184-2264-4b4f-ad35-dc83a80966e1/datanode-5/data/ratis/e6fc4f3d-072d-472c-a57f-c9fcdfce9785/in_use.lock acquired by nodename 26095@trunk-nightly-sxkq5-3320257302
2019-07-14 01:11:56,565 INFO  storage.RaftStorage (RaftStorage.java:format(72)) - Storage directory /tmp/workdir/hadoop-ozone/integration-test/target/test-dir/MiniOzoneClusterImpl-df343184-2264-4b4f-ad35-dc83a80966e1/datanode-5/data/ratis/e6fc4f3d-072d-472c-a57f-c9fcdfce9785 has been successfully formatted.
2019-07-14 01:11:56,565 INFO  ratis.ContainerStateMachine (ContainerStateMachine.java:loadSnapshot(200)) - The snapshot info is null.Setting the last applied index to:(t:0, i:~)
2019-07-14 01:11:56,565 INFO  server.RaftServerConfigKeys (ConfUtils.java:logGet(43)) - raft.server.leader.election.timeout = 120s (custom)
2019-07-14 01:11:56,565 INFO  server.RaftServerConfigKeys (ConfUtils.java:logGet(43)) - raft.server.log.use.memory = false (default)
2019-07-14 01:11:56,565 INFO  server.RaftServerConfigKeys (ConfUtils.java:logGet(43)) - raft.server.log.purge.gap = 1000000000 (custom)
2019-07-14 01:11:56,566 INFO  server.RaftServerConfigKeys (ConfUtils.java:logGet(43)) - raft.server.log.appender.buffer.byte-limit = 33554432 (custom)
2019-07-14 01:11:56,566 INFO  server.RaftServerConfigKeys (ConfUtils.java:logGet(43)) - raft.server.log.segment.size.max = 1048576 (custom)
2019-07-14 01:11:56,566 INFO  server.RaftServerConfigKeys (ConfUtils.java:logGet(43)) - raft.server.log.segment.cache.num.max = 2 (custom)
2019-07-14 01:11:56,566 INFO  segmented.SegmentedRaftLogWorker (SegmentedRaftLogWorker.java:<init>(172)) - new 86648759-f9f0-416d-ac58-aaf1e59ffa7d-SegmentedRaftLogWorker:Storage Directory /tmp/workdir/hadoop-ozone/integration-test/target/test-dir/MiniOzoneClusterImpl-df343184-2264-4b4f-ad35-dc83a80966e1/datanode-5/data/ratis/e6fc4f3d-072d-472c-a57f-c9fcdfce9785 for RaftStorage:Storage Directory /tmp/workdir/hadoop-ozone/integration-test/target/test-dir/MiniOzoneClusterImpl-df343184-2264-4b4f-ad35-dc83a80966e1/datanode-5/data/ratis/e6fc4f3d-072d-472c-a57f-c9fcdfce9785
2019-07-14 01:11:56,566 INFO  server.RaftServerConfigKeys (ConfUtils.java:logGet(43)) - raft.server.log.queue.byte-limit = 2147483647 (custom)
2019-07-14 01:11:56,566 INFO  server.RaftServerConfigKeys (ConfUtils.java:logGet(43)) - raft.server.log.queue.element-limit = 1024 (custom)
2019-07-14 01:11:56,567 INFO  server.RaftServerConfigKeys (ConfUtils.java:logGet(43)) - raft.server.log.segment.size.max = 1048576 (custom)
2019-07-14 01:11:56,567 INFO  server.RaftServerConfigKeys (ConfUtils.java:logGet(43)) - raft.server.log.preallocated.size = 16384 (custom)
2019-07-14 01:11:56,567 INFO  server.RaftServerConfigKeys (ConfUtils.java:logGet(43)) - raft.server.log.write.buffer.size = 33554432 (custom)
2019-07-14 01:11:56,567 INFO  server.RaftServerConfigKeys (ConfUtils.java:logGet(43)) - raft.server.log.force.sync.num = 128 (default)
2019-07-14 01:11:56,567 INFO  server.RaftServerConfigKeys (ConfUtils.java:logGet(43)) - raft.server.log.statemachine.data.sync = true (default)
2019-07-14 01:11:56,567 INFO  server.RaftServerConfigKeys (ConfUtils.java:logGet(43)) - raft.server.log.statemachine.data.sync.timeout = 10s (default)
2019-07-14 01:11:56,567 INFO  server.RaftServerConfigKeys (ConfUtils.java:logGet(43)) - raft.server.log.statemachine.data.sync.timeout.retry = -1 (default)
2019-07-14 01:11:56,568 INFO  server.RaftServerConfigKeys (ConfUtils.java:logGet(43)) - raft.server.log.statemachine.data.caching.enabled = true (custom)
2019-07-14 01:11:56,568 INFO  segmented.SegmentedRaftLogWorker (SegmentedRaftLogWorker.java:lambda$new$0(132)) - 86648759-f9f0-416d-ac58-aaf1e59ffa7d-SegmentedRaftLogWorker:Storage Directory /tmp/workdir/hadoop-ozone/integration-test/target/test-dir/MiniOzoneClusterImpl-df343184-2264-4b4f-ad35-dc83a80966e1/datanode-5/data/ratis/e6fc4f3d-072d-472c-a57f-c9fcdfce9785: flushIndex: setUnconditionally 0 -> -1
2019-07-14 01:11:56,568 INFO  server.RaftServerConfigKeys (ConfUtils.java:logGet(43)) - raft.server.snapshot.auto.trigger.enabled = true (custom)
2019-07-14 01:11:56,568 INFO  server.RaftServerConfigKeys (ConfUtils.java:logGet(43)) - raft.server.snapshot.auto.trigger.threshold = 10000 (custom)
2019-07-14 01:11:56,569 INFO  server.RaftServerConfigKeys (ConfUtils.java:logGet(43)) - raft.server.retrycache.expirytime = 600000ms (custom)
2019-07-14 01:11:56,569 INFO  impl.RaftServerImpl (RaftServerImpl.java:start(180)) - 86648759-f9f0-416d-ac58-aaf1e59ffa7d: start group-C9FCDFCE9785
2019-07-14 01:11:56,569 INFO  impl.RaftServerImpl (RaftServerImpl.java:setRole(171)) - 86648759-f9f0-416d-ac58-aaf1e59ffa7d:group-C9FCDFCE9785 changes role from null to FOLLOWER at term 0 for startAsFollower
2019-07-14 01:11:56,569 INFO  impl.RoleInfo (RoleInfo.java:updateAndGet(143)) - 86648759-f9f0-416d-ac58-aaf1e59ffa7d: start FollowerState
2019-07-14 01:11:56,570 INFO  util.JmxRegister (JmxRegister.java:tryRegister(44)) - Successfully registered JMX Bean with object name Ratis:service=RaftServer,group=group-C9FCDFCE9785,id=86648759-f9f0-416d-ac58-aaf1e59ffa7d
2019-07-14 01:11:56,574 INFO  pipeline.PipelineStateManager (PipelineStateManager.java:addPipeline(56)) - Created pipeline Pipeline[ Id: e6fc4f3d-072d-472c-a57f-c9fcdfce9785, Nodes: 86648759-f9f0-416d-ac58-aaf1e59ffa7d{ip: 192.168.157.230, host: trunk-nightly-sxkq5-3320257302, networkLocation: /default-rack, certSerialId: null}, Type:RATIS, Factor:ONE, State:OPEN]
2019-07-14 01:11:56,584 INFO  impl.RaftServerProxy (RaftServerProxy.java:addNew(89)) - 85605e7b-3a2c-42e0-bbf8-66ce3c3d44ad: addNew group-13FDD36F3711:[86648759-f9f0-416d-ac58-aaf1e59ffa7d:192.168.157.230:36319, 59cc0e86-5b81-4789-bfdf-6385f30d5dca:192.168.157.230:44572, 85605e7b-3a2c-42e0-bbf8-66ce3c3d44ad:192.168.157.230:34906] returns group-13FDD36F3711:java.util.concurrent.CompletableFuture@5e9096bc[Not completed]
2019-07-14 01:11:56,584 INFO  impl.RaftServerProxy (RaftServerProxy.java:addNew(89)) - 86648759-f9f0-416d-ac58-aaf1e59ffa7d: addNew group-13FDD36F3711:[86648759-f9f0-416d-ac58-aaf1e59ffa7d:192.168.157.230:36319, 59cc0e86-5b81-4789-bfdf-6385f30d5dca:192.168.157.230:44572, 85605e7b-3a2c-42e0-bbf8-66ce3c3d44ad:192.168.157.230:34906] returns group-13FDD36F3711:java.util.concurrent.CompletableFuture@76dac302[Not completed]
2019-07-14 01:11:56,584 INFO  impl.RaftServerProxy (RaftServerProxy.java:addNew(89)) - 59cc0e86-5b81-4789-bfdf-6385f30d5dca: addNew group-13FDD36F3711:[86648759-f9f0-416d-ac58-aaf1e59ffa7d:192.168.157.230:36319, 59cc0e86-5b81-4789-bfdf-6385f30d5dca:192.168.157.230:44572, 85605e7b-3a2c-42e0-bbf8-66ce3c3d44ad:192.168.157.230:34906] returns group-13FDD36F3711:java.util.concurrent.CompletableFuture@6e8c8460[Not completed]
2019-07-14 01:11:56,585 INFO  impl.RaftServerImpl (RaftServerImpl.java:<init>(93)) - 85605e7b-3a2c-42e0-bbf8-66ce3c3d44ad: new RaftServerImpl for group-13FDD36F3711:[86648759-f9f0-416d-ac58-aaf1e59ffa7d:192.168.157.230:36319, 59cc0e86-5b81-4789-bfdf-6385f30d5dca:192.168.157.230:44572, 85605e7b-3a2c-42e0-bbf8-66ce3c3d44ad:192.168.157.230:34906] with ContainerStateMachine:uninitialized
2019-07-14 01:11:56,585 INFO  server.RaftServerConfigKeys (ConfUtils.java:logGet(43)) - raft.server.rpc.timeout.min = 5s (custom)
2019-07-14 01:11:56,585 INFO  server.RaftServerConfigKeys (ConfUtils.java:logGet(43)) - raft.server.rpc.timeout.max = 5200ms (custom)
2019-07-14 01:11:56,586 INFO  impl.RaftServerImpl (RaftServerImpl.java:<init>(93)) - 59cc0e86-5b81-4789-bfdf-6385f30d5dca: new RaftServerImpl for group-13FDD36F3711:[86648759-f9f0-416d-ac58-aaf1e59ffa7d:192.168.157.230:36319, 59cc0e86-5b81-4789-bfdf-6385f30d5dca:192.168.157.230:44572, 85605e7b-3a2c-42e0-bbf8-66ce3c3d44ad:192.168.157.230:34906] with ContainerStateMachine:uninitialized
2019-07-14 01:11:56,586 INFO  server.RaftServerConfigKeys (ConfUtils.java:logGet(43)) - raft.server.rpcslowness.timeout = 120s (custom)
2019-07-14 01:11:56,586 INFO  server.RaftServerConfigKeys (ConfUtils.java:logGet(43)) - raft.server.rpc.timeout.min = 5s (custom)
2019-07-14 01:11:56,586 INFO  impl.RaftServerImpl (RaftServerImpl.java:<init>(93)) - 86648759-f9f0-416d-ac58-aaf1e59ffa7d: new RaftServerImpl for group-13FDD36F3711:[86648759-f9f0-416d-ac58-aaf1e59ffa7d:192.168.157.230:36319, 59cc0e86-5b81-4789-bfdf-6385f30d5dca:192.168.157.230:44572, 85605e7b-3a2c-42e0-bbf8-66ce3c3d44ad:192.168.157.230:34906] with ContainerStateMachine:uninitialized
2019-07-14 01:11:56,586 INFO  server.RaftServerConfigKeys (ConfUtils.java:logGet(43)) - raft.server.sleep.deviation.threshold = 300 (default)
2019-07-14 01:11:56,586 INFO  server.RaftServerConfigKeys (ConfUtils.java:logGet(43)) - raft.server.rpc.timeout.min = 5s (custom)
2019-07-14 01:11:56,586 INFO  server.RaftServerConfigKeys (ConfUtils.java:logGet(43)) - raft.server.rpc.timeout.max = 5200ms (custom)
2019-07-14 01:11:56,586 INFO  server.RaftServerConfigKeys (ConfUtils.java:logGet(43)) - raft.server.rpc.timeout.max = 5200ms (custom)
2019-07-14 01:11:56,587 INFO  server.RaftServerConfigKeys (ConfUtils.java:logGet(43)) - raft.server.rpcslowness.timeout = 120s (custom)
2019-07-14 01:11:56,587 INFO  server.RaftServerConfigKeys (ConfUtils.java:logGet(43)) - raft.server.sleep.deviation.threshold = 300 (default)
2019-07-14 01:11:56,586 INFO  server.RaftServerConfigKeys (ConfUtils.java:logGet(43)) - raft.server.log.appender.install.snapshot.enabled = false (custom)
2019-07-14 01:11:56,587 INFO  server.RaftServerConfigKeys (ConfUtils.java:logGet(43)) - raft.server.log.appender.install.snapshot.enabled = false (custom)
2019-07-14 01:11:56,587 INFO  server.RaftServerConfigKeys (ConfUtils.java:logGet(43)) - raft.server.rpcslowness.timeout = 120s (custom)
2019-07-14 01:11:56,587 INFO  impl.RaftServerImpl (ServerState.java:<init>(105)) - 86648759-f9f0-416d-ac58-aaf1e59ffa7d:group-13FDD36F3711 ConfigurationManager, init=-1: [86648759-f9f0-416d-ac58-aaf1e59ffa7d:192.168.157.230:36319, 59cc0e86-5b81-4789-bfdf-6385f30d5dca:192.168.157.230:44572, 85605e7b-3a2c-42e0-bbf8-66ce3c3d44ad:192.168.157.230:34906], old=null, confs=<EMPTY_MAP>
2019-07-14 01:11:56,587 INFO  impl.RaftServerImpl (ServerState.java:<init>(105)) - 85605e7b-3a2c-42e0-bbf8-66ce3c3d44ad:group-13FDD36F3711 ConfigurationManager, init=-1: [86648759-f9f0-416d-ac58-aaf1e59ffa7d:192.168.157.230:36319, 59cc0e86-5b81-4789-bfdf-6385f30d5dca:192.168.157.230:44572, 85605e7b-3a2c-42e0-bbf8-66ce3c3d44ad:192.168.157.230:34906], old=null, confs=<EMPTY_MAP>
2019-07-14 01:11:56,588 INFO  server.RaftServerConfigKeys (ConfUtils.java:logGet(43)) - raft.server.storage.dir = [/tmp/workdir/hadoop-ozone/integration-test/target/test-dir/MiniOzoneClusterImpl-df343184-2264-4b4f-ad35-dc83a80966e1/datanode-5/data/ratis] (custom)
2019-07-14 01:11:56,588 INFO  server.RaftServerConfigKeys (ConfUtils.java:logGet(43)) - raft.server.sleep.deviation.threshold = 300 (default)
2019-07-14 01:11:56,588 INFO  server.RaftServerConfigKeys (ConfUtils.java:logGet(43)) - raft.server.storage.dir = [/tmp/workdir/hadoop-ozone/integration-test/target/test-dir/MiniOzoneClusterImpl-df343184-2264-4b4f-ad35-dc83a80966e1/datanode-3/data/ratis] (custom)
2019-07-14 01:11:56,588 INFO  server.RaftServerConfigKeys (ConfUtils.java:logGet(43)) - raft.server.log.appender.install.snapshot.enabled = false (custom)
2019-07-14 01:11:56,588 INFO  storage.RaftStorageDirectory (RaftStorageDirectory.java:analyzeStorage(246)) - The storage directory /tmp/workdir/hadoop-ozone/integration-test/target/test-dir/MiniOzoneClusterImpl-df343184-2264-4b4f-ad35-dc83a80966e1/datanode-5/data/ratis/5cbb8820-f87a-4fc4-9e3c-13fdd36f3711 does not exist. Creating ...
2019-07-14 01:11:56,589 INFO  storage.RaftStorageDirectory (RaftStorageDirectory.java:analyzeStorage(246)) - The storage directory /tmp/workdir/hadoop-ozone/integration-test/target/test-dir/MiniOzoneClusterImpl-df343184-2264-4b4f-ad35-dc83a80966e1/datanode-3/data/ratis/5cbb8820-f87a-4fc4-9e3c-13fdd36f3711 does not exist. Creating ...
2019-07-14 01:11:56,589 INFO  impl.RaftServerImpl (ServerState.java:<init>(105)) - 59cc0e86-5b81-4789-bfdf-6385f30d5dca:group-13FDD36F3711 ConfigurationManager, init=-1: [86648759-f9f0-416d-ac58-aaf1e59ffa7d:192.168.157.230:36319, 59cc0e86-5b81-4789-bfdf-6385f30d5dca:192.168.157.230:44572, 85605e7b-3a2c-42e0-bbf8-66ce3c3d44ad:192.168.157.230:34906], old=null, confs=<EMPTY_MAP>
2019-07-14 01:11:56,589 INFO  server.RaftServerConfigKeys (ConfUtils.java:logGet(43)) - raft.server.storage.dir = [/tmp/workdir/hadoop-ozone/integration-test/target/test-dir/MiniOzoneClusterImpl-df343184-2264-4b4f-ad35-dc83a80966e1/datanode-4/data/ratis] (custom)
2019-07-14 01:11:56,589 INFO  storage.RaftStorageDirectory (RaftStorageDirectory.java:analyzeStorage(246)) - The storage directory /tmp/workdir/hadoop-ozone/integration-test/target/test-dir/MiniOzoneClusterImpl-df343184-2264-4b4f-ad35-dc83a80966e1/datanode-4/data/ratis/5cbb8820-f87a-4fc4-9e3c-13fdd36f3711 does not exist. Creating ...
2019-07-14 01:11:56,603 INFO  storage.RaftStorageDirectory (RaftStorageDirectory.java:tryLock(328)) - Lock on /tmp/workdir/hadoop-ozone/integration-test/target/test-dir/MiniOzoneClusterImpl-df343184-2264-4b4f-ad35-dc83a80966e1/datanode-4/data/ratis/5cbb8820-f87a-4fc4-9e3c-13fdd36f3711/in_use.lock acquired by nodename 26095@trunk-nightly-sxkq5-3320257302
2019-07-14 01:11:56,603 INFO  storage.RaftStorageDirectory (RaftStorageDirectory.java:tryLock(328)) - Lock on /tmp/workdir/hadoop-ozone/integration-test/target/test-dir/MiniOzoneClusterImpl-df343184-2264-4b4f-ad35-dc83a80966e1/datanode-5/data/ratis/5cbb8820-f87a-4fc4-9e3c-13fdd36f3711/in_use.lock acquired by nodename 26095@trunk-nightly-sxkq5-3320257302
2019-07-14 01:11:56,603 INFO  storage.RaftStorageDirectory (RaftStorageDirectory.java:tryLock(328)) - Lock on /tmp/workdir/hadoop-ozone/integration-test/target/test-dir/MiniOzoneClusterImpl-df343184-2264-4b4f-ad35-dc83a80966e1/datanode-3/data/ratis/5cbb8820-f87a-4fc4-9e3c-13fdd36f3711/in_use.lock acquired by nodename 26095@trunk-nightly-sxkq5-3320257302
2019-07-14 01:11:56,626 INFO  storage.RaftStorage (RaftStorage.java:format(72)) - Storage directory /tmp/workdir/hadoop-ozone/integration-test/target/test-dir/MiniOzoneClusterImpl-df343184-2264-4b4f-ad35-dc83a80966e1/datanode-3/data/ratis/5cbb8820-f87a-4fc4-9e3c-13fdd36f3711 has been successfully formatted.
2019-07-14 01:11:56,626 INFO  storage.RaftStorage (RaftStorage.java:format(72)) - Storage directory /tmp/workdir/hadoop-ozone/integration-test/target/test-dir/MiniOzoneClusterImpl-df343184-2264-4b4f-ad35-dc83a80966e1/datanode-4/data/ratis/5cbb8820-f87a-4fc4-9e3c-13fdd36f3711 has been successfully formatted.
2019-07-14 01:11:56,626 INFO  storage.RaftStorage (RaftStorage.java:format(72)) - Storage directory /tmp/workdir/hadoop-ozone/integration-test/target/test-dir/MiniOzoneClusterImpl-df343184-2264-4b4f-ad35-dc83a80966e1/datanode-5/data/ratis/5cbb8820-f87a-4fc4-9e3c-13fdd36f3711 has been successfully formatted.
2019-07-14 01:11:56,627 INFO  ratis.ContainerStateMachine (ContainerStateMachine.java:loadSnapshot(200)) - The snapshot info is null.Setting the last applied index to:(t:0, i:~)
2019-07-14 01:11:56,627 INFO  server.RaftServerConfigKeys (ConfUtils.java:logGet(43)) - raft.server.leader.election.timeout = 120s (custom)
2019-07-14 01:11:56,627 INFO  server.RaftServerConfigKeys (ConfUtils.java:logGet(43)) - raft.server.log.use.memory = false (default)
2019-07-14 01:11:56,627 INFO  ratis.ContainerStateMachine (ContainerStateMachine.java:loadSnapshot(200)) - The snapshot info is null.Setting the last applied index to:(t:0, i:~)
2019-07-14 01:11:56,627 INFO  server.RaftServerConfigKeys (ConfUtils.java:logGet(43)) - raft.server.log.purge.gap = 1000000000 (custom)
2019-07-14 01:11:56,627 INFO  ratis.ContainerStateMachine (ContainerStateMachine.java:loadSnapshot(200)) - The snapshot info is null.Setting the last applied index to:(t:0, i:~)
2019-07-14 01:11:56,628 INFO  server.RaftServerConfigKeys (ConfUtils.java:logGet(43)) - raft.server.log.appender.buffer.byte-limit = 33554432 (custom)
2019-07-14 01:11:56,627 INFO  server.RaftServerConfigKeys (ConfUtils.java:logGet(43)) - raft.server.leader.election.timeout = 120s (custom)
2019-07-14 01:11:56,628 INFO  server.RaftServerConfigKeys (ConfUtils.java:logGet(43)) - raft.server.log.segment.size.max = 1048576 (custom)
2019-07-14 01:11:56,628 INFO  server.RaftServerConfigKeys (ConfUtils.java:logGet(43)) - raft.server.leader.election.timeout = 120s (custom)
2019-07-14 01:11:56,628 INFO  server.RaftServerConfigKeys (ConfUtils.java:logGet(43)) - raft.server.log.segment.cache.num.max = 2 (custom)
2019-07-14 01:11:56,628 INFO  server.RaftServerConfigKeys (ConfUtils.java:logGet(43)) - raft.server.log.use.memory = false (default)
2019-07-14 01:11:56,629 INFO  segmented.SegmentedRaftLogWorker (SegmentedRaftLogWorker.java:<init>(172)) - new 59cc0e86-5b81-4789-bfdf-6385f30d5dca-SegmentedRaftLogWorker:Storage Directory /tmp/workdir/hadoop-ozone/integration-test/target/test-dir/MiniOzoneClusterImpl-df343184-2264-4b4f-ad35-dc83a80966e1/datanode-4/data/ratis/5cbb8820-f87a-4fc4-9e3c-13fdd36f3711 for RaftStorage:Storage Directory /tmp/workdir/hadoop-ozone/integration-test/target/test-dir/MiniOzoneClusterImpl-df343184-2264-4b4f-ad35-dc83a80966e1/datanode-4/data/ratis/5cbb8820-f87a-4fc4-9e3c-13fdd36f3711
2019-07-14 01:11:56,628 INFO  server.RaftServerConfigKeys (ConfUtils.java:logGet(43)) - raft.server.log.use.memory = false (default)
2019-07-14 01:11:56,629 INFO  server.RaftServerConfigKeys (ConfUtils.java:logGet(43)) - raft.server.log.queue.byte-limit = 2147483647 (custom)
2019-07-14 01:11:56,629 INFO  server.RaftServerConfigKeys (ConfUtils.java:logGet(43)) - raft.server.log.queue.element-limit = 1024 (custom)
2019-07-14 01:11:56,629 INFO  server.RaftServerConfigKeys (ConfUtils.java:logGet(43)) - raft.server.log.purge.gap = 1000000000 (custom)
2019-07-14 01:11:56,629 INFO  server.RaftServerConfigKeys (ConfUtils.java:logGet(43)) - raft.server.log.segment.size.max = 1048576 (custom)
2019-07-14 01:11:56,629 INFO  server.RaftServerConfigKeys (ConfUtils.java:logGet(43)) - raft.server.log.purge.gap = 1000000000 (custom)
2019-07-14 01:11:56,630 INFO  server.RaftServerConfigKeys (ConfUtils.java:logGet(43)) - raft.server.log.preallocated.size = 16384 (custom)
2019-07-14 01:11:56,629 INFO  server.RaftServerConfigKeys (ConfUtils.java:logGet(43)) - raft.server.log.appender.buffer.byte-limit = 33554432 (custom)
2019-07-14 01:11:56,630 INFO  server.RaftServerConfigKeys (ConfUtils.java:logGet(43)) - raft.server.log.write.buffer.size = 33554432 (custom)
2019-07-14 01:11:56,630 INFO  server.RaftServerConfigKeys (ConfUtils.java:logGet(43)) - raft.server.log.force.sync.num = 128 (default)
2019-07-14 01:11:56,630 INFO  server.RaftServerConfigKeys (ConfUtils.java:logGet(43)) - raft.server.log.appender.buffer.byte-limit = 33554432 (custom)
2019-07-14 01:11:56,630 INFO  server.RaftServerConfigKeys (ConfUtils.java:logGet(43)) - raft.server.log.statemachine.data.sync = true (default)
2019-07-14 01:11:56,631 INFO  server.RaftServerConfigKeys (ConfUtils.java:logGet(43)) - raft.server.log.statemachine.data.sync.timeout = 10s (default)
2019-07-14 01:11:56,630 INFO  server.RaftServerConfigKeys (ConfUtils.java:logGet(43)) - raft.server.log.segment.size.max = 1048576 (custom)
2019-07-14 01:11:56,631 INFO  server.RaftServerConfigKeys (ConfUtils.java:logGet(43)) - raft.server.log.statemachine.data.sync.timeout.retry = -1 (default)
2019-07-14 01:11:56,631 INFO  server.RaftServerConfigKeys (ConfUtils.java:logGet(43)) - raft.server.log.segment.size.max = 1048576 (custom)
2019-07-14 01:11:56,631 INFO  server.RaftServerConfigKeys (ConfUtils.java:logGet(43)) - raft.server.log.statemachine.data.caching.enabled = true (custom)
2019-07-14 01:11:56,631 INFO  server.RaftServerConfigKeys (ConfUtils.java:logGet(43)) - raft.server.log.segment.cache.num.max = 2 (custom)
2019-07-14 01:11:56,631 INFO  server.RaftServerConfigKeys (ConfUtils.java:logGet(43)) - raft.server.log.segment.cache.num.max = 2 (custom)
2019-07-14 01:11:56,632 INFO  segmented.SegmentedRaftLogWorker (SegmentedRaftLogWorker.java:<init>(172)) - new 85605e7b-3a2c-42e0-bbf8-66ce3c3d44ad-SegmentedRaftLogWorker:Storage Directory /tmp/workdir/hadoop-ozone/integration-test/target/test-dir/MiniOzoneClusterImpl-df343184-2264-4b4f-ad35-dc83a80966e1/datanode-3/data/ratis/5cbb8820-f87a-4fc4-9e3c-13fdd36f3711 for RaftStorage:Storage Directory /tmp/workdir/hadoop-ozone/integration-test/target/test-dir/MiniOzoneClusterImpl-df343184-2264-4b4f-ad35-dc83a80966e1/datanode-3/data/ratis/5cbb8820-f87a-4fc4-9e3c-13fdd36f3711
2019-07-14 01:11:56,632 INFO  segmented.SegmentedRaftLogWorker (SegmentedRaftLogWorker.java:lambda$new$0(132)) - 59cc0e86-5b81-4789-bfdf-6385f30d5dca-SegmentedRaftLogWorker:Storage Directory /tmp/workdir/hadoop-ozone/integration-test/target/test-dir/MiniOzoneClusterImpl-df343184-2264-4b4f-ad35-dc83a80966e1/datanode-4/data/ratis/5cbb8820-f87a-4fc4-9e3c-13fdd36f3711: flushIndex: setUnconditionally 0 -> -1
2019-07-14 01:11:56,632 INFO  server.RaftServerConfigKeys (ConfUtils.java:logGet(43)) - raft.server.log.queue.byte-limit = 2147483647 (custom)
2019-07-14 01:11:56,632 INFO  segmented.SegmentedRaftLogWorker (SegmentedRaftLogWorker.java:<init>(172)) - new 86648759-f9f0-416d-ac58-aaf1e59ffa7d-SegmentedRaftLogWorker:Storage Directory /tmp/workdir/hadoop-ozone/integration-test/target/test-dir/MiniOzoneClusterImpl-df343184-2264-4b4f-ad35-dc83a80966e1/datanode-5/data/ratis/5cbb8820-f87a-4fc4-9e3c-13fdd36f3711 for RaftStorage:Storage Directory /tmp/workdir/hadoop-ozone/integration-test/target/test-dir/MiniOzoneClusterImpl-df343184-2264-4b4f-ad35-dc83a80966e1/datanode-5/data/ratis/5cbb8820-f87a-4fc4-9e3c-13fdd36f3711
2019-07-14 01:11:56,632 INFO  server.RaftServerConfigKeys (ConfUtils.java:logGet(43)) - raft.server.snapshot.auto.trigger.enabled = true (custom)
2019-07-14 01:11:56,632 INFO  server.RaftServerConfigKeys (ConfUtils.java:logGet(43)) - raft.server.log.queue.element-limit = 1024 (custom)
2019-07-14 01:11:56,633 INFO  server.RaftServerConfigKeys (ConfUtils.java:logGet(43)) - raft.server.snapshot.auto.trigger.threshold = 10000 (custom)
2019-07-14 01:11:56,633 INFO  server.RaftServerConfigKeys (ConfUtils.java:logGet(43)) - raft.server.log.queue.byte-limit = 2147483647 (custom)
2019-07-14 01:11:56,633 INFO  server.RaftServerConfigKeys (ConfUtils.java:logGet(43)) - raft.server.retrycache.expirytime = 600000ms (custom)
2019-07-14 01:11:56,633 INFO  server.RaftServerConfigKeys (ConfUtils.java:logGet(43)) - raft.server.log.segment.size.max = 1048576 (custom)
2019-07-14 01:11:56,633 INFO  impl.RaftServerImpl (RaftServerImpl.java:start(180)) - 59cc0e86-5b81-4789-bfdf-6385f30d5dca: start group-13FDD36F3711
2019-07-14 01:11:56,634 INFO  impl.RaftServerImpl (RaftServerImpl.java:setRole(171)) - 59cc0e86-5b81-4789-bfdf-6385f30d5dca:group-13FDD36F3711 changes role from null to FOLLOWER at term 0 for startAsFollower
2019-07-14 01:11:56,633 INFO  server.RaftServerConfigKeys (ConfUtils.java:logGet(43)) - raft.server.log.queue.element-limit = 1024 (custom)
2019-07-14 01:11:56,634 INFO  impl.RoleInfo (RoleInfo.java:updateAndGet(143)) - 59cc0e86-5b81-4789-bfdf-6385f30d5dca: start FollowerState
2019-07-14 01:11:56,634 INFO  server.RaftServerConfigKeys (ConfUtils.java:logGet(43)) - raft.server.log.preallocated.size = 16384 (custom)
2019-07-14 01:11:56,634 INFO  server.RaftServerConfigKeys (ConfUtils.java:logGet(43)) - raft.server.log.segment.size.max = 1048576 (custom)
2019-07-14 01:11:56,634 INFO  util.JmxRegister (JmxRegister.java:tryRegister(44)) - Successfully registered JMX Bean with object name Ratis:service=RaftServer,group=group-13FDD36F3711,id=59cc0e86-5b81-4789-bfdf-6385f30d5dca
2019-07-14 01:11:56,634 INFO  server.RaftServerConfigKeys (ConfUtils.java:logGet(43)) - raft.server.log.write.buffer.size = 33554432 (custom)
2019-07-14 01:11:56,634 INFO  server.RaftServerConfigKeys (ConfUtils.java:logGet(43)) - raft.server.log.preallocated.size = 16384 (custom)
2019-07-14 01:11:56,635 INFO  server.RaftServerConfigKeys (ConfUtils.java:logGet(43)) - raft.server.log.force.sync.num = 128 (default)
2019-07-14 01:11:56,635 INFO  server.RaftServerConfigKeys (ConfUtils.java:logGet(43)) - raft.server.log.write.buffer.size = 33554432 (custom)
2019-07-14 01:11:56,635 INFO  server.RaftServerConfigKeys (ConfUtils.java:logGet(43)) - raft.server.log.statemachine.data.sync = true (default)
2019-07-14 01:11:56,635 INFO  server.RaftServerConfigKeys (ConfUtils.java:logGet(43)) - raft.server.log.force.sync.num = 128 (default)
2019-07-14 01:11:56,635 INFO  server.RaftServerConfigKeys (ConfUtils.java:logGet(43)) - raft.server.log.statemachine.data.sync.timeout = 10s (default)
2019-07-14 01:11:56,639 INFO  server.RaftServerConfigKeys (ConfUtils.java:logGet(43)) - raft.server.log.statemachine.data.sync.timeout.retry = -1 (default)
2019-07-14 01:11:56,636 INFO  server.RaftServerConfigKeys (ConfUtils.java:logGet(43)) - raft.server.log.statemachine.data.sync = true (default)
2019-07-14 01:11:56,639 INFO  server.RaftServerConfigKeys (ConfUtils.java:logGet(43)) - raft.server.log.statemachine.data.caching.enabled = true (custom)
2019-07-14 01:11:56,639 INFO  server.RaftServerConfigKeys (ConfUtils.java:logGet(43)) - raft.server.log.statemachine.data.sync.timeout = 10s (default)
2019-07-14 01:11:56,640 INFO  segmented.SegmentedRaftLogWorker (SegmentedRaftLogWorker.java:lambda$new$0(132)) - 85605e7b-3a2c-42e0-bbf8-66ce3c3d44ad-SegmentedRaftLogWorker:Storage Directory /tmp/workdir/hadoop-ozone/integration-test/target/test-dir/MiniOzoneClusterImpl-df343184-2264-4b4f-ad35-dc83a80966e1/datanode-3/data/ratis/5cbb8820-f87a-4fc4-9e3c-13fdd36f3711: flushIndex: setUnconditionally 0 -> -1
2019-07-14 01:11:56,640 INFO  server.RaftServerConfigKeys (ConfUtils.java:logGet(43)) - raft.server.log.statemachine.data.sync.timeout.retry = -1 (default)
2019-07-14 01:11:56,640 INFO  server.RaftServerConfigKeys (ConfUtils.java:logGet(43)) - raft.server.snapshot.auto.trigger.enabled = true (custom)
2019-07-14 01:11:56,640 INFO  server.RaftServerConfigKeys (ConfUtils.java:logGet(43)) - raft.server.log.statemachine.data.caching.enabled = true (custom)
2019-07-14 01:11:56,640 INFO  server.RaftServerConfigKeys (ConfUtils.java:logGet(43)) - raft.server.snapshot.auto.trigger.threshold = 10000 (custom)
2019-07-14 01:11:56,641 INFO  segmented.SegmentedRaftLogWorker (SegmentedRaftLogWorker.java:lambda$new$0(132)) - 86648759-f9f0-416d-ac58-aaf1e59ffa7d-SegmentedRaftLogWorker:Storage Directory /tmp/workdir/hadoop-ozone/integration-test/target/test-dir/MiniOzoneClusterImpl-df343184-2264-4b4f-ad35-dc83a80966e1/datanode-5/data/ratis/5cbb8820-f87a-4fc4-9e3c-13fdd36f3711: flushIndex: setUnconditionally 0 -> -1
2019-07-14 01:11:56,641 INFO  server.RaftServerConfigKeys (ConfUtils.java:logGet(43)) - raft.server.retrycache.expirytime = 600000ms (custom)
2019-07-14 01:11:56,641 INFO  impl.RaftServerImpl (RaftServerImpl.java:start(180)) - 85605e7b-3a2c-42e0-bbf8-66ce3c3d44ad: start group-13FDD36F3711
2019-07-14 01:11:56,641 INFO  server.RaftServerConfigKeys (ConfUtils.java:logGet(43)) - raft.server.snapshot.auto.trigger.enabled = true (custom)
2019-07-14 01:11:56,641 INFO  impl.RaftServerImpl (RaftServerImpl.java:setRole(171)) - 85605e7b-3a2c-42e0-bbf8-66ce3c3d44ad:group-13FDD36F3711 changes role from null to FOLLOWER at term 0 for startAsFollower
2019-07-14 01:11:56,641 INFO  server.RaftServerConfigKeys (ConfUtils.java:logGet(43)) - raft.server.snapshot.auto.trigger.threshold = 10000 (custom)
2019-07-14 01:11:56,641 INFO  impl.RoleInfo (RoleInfo.java:updateAndGet(143)) - 85605e7b-3a2c-42e0-bbf8-66ce3c3d44ad: start FollowerState
2019-07-14 01:11:56,642 INFO  server.RaftServerConfigKeys (ConfUtils.java:logGet(43)) - raft.server.retrycache.expirytime = 600000ms (custom)
2019-07-14 01:11:56,642 INFO  impl.RaftServerImpl (RaftServerImpl.java:start(180)) - 86648759-f9f0-416d-ac58-aaf1e59ffa7d: start group-13FDD36F3711
2019-07-14 01:11:56,642 INFO  util.JmxRegister (JmxRegister.java:tryRegister(44)) - Successfully registered JMX Bean with object name Ratis:service=RaftServer,group=group-13FDD36F3711,id=85605e7b-3a2c-42e0-bbf8-66ce3c3d44ad
2019-07-14 01:11:56,642 INFO  impl.RaftServerImpl (RaftServerImpl.java:setRole(171)) - 86648759-f9f0-416d-ac58-aaf1e59ffa7d:group-13FDD36F3711 changes role from null to FOLLOWER at term 0 for startAsFollower
2019-07-14 01:11:56,642 INFO  impl.RoleInfo (RoleInfo.java:updateAndGet(143)) - 86648759-f9f0-416d-ac58-aaf1e59ffa7d: start FollowerState
2019-07-14 01:11:56,643 INFO  util.JmxRegister (JmxRegister.java:tryRegister(44)) - Successfully registered JMX Bean with object name Ratis:service=RaftServer,group=group-13FDD36F3711,id=86648759-f9f0-416d-ac58-aaf1e59ffa7d
2019-07-14 01:11:56,650 INFO  pipeline.PipelineStateManager (PipelineStateManager.java:addPipeline(56)) - Created pipeline Pipeline[ Id: 5cbb8820-f87a-4fc4-9e3c-13fdd36f3711, Nodes: 85605e7b-3a2c-42e0-bbf8-66ce3c3d44ad{ip: 192.168.157.230, host: trunk-nightly-sxkq5-3320257302, networkLocation: /default-rack, certSerialId: null}86648759-f9f0-416d-ac58-aaf1e59ffa7d{ip: 192.168.157.230, host: trunk-nightly-sxkq5-3320257302, networkLocation: /default-rack, certSerialId: null}59cc0e86-5b81-4789-bfdf-6385f30d5dca{ip: 192.168.157.230, host: trunk-nightly-sxkq5-3320257302, networkLocation: /default-rack, certSerialId: null}, Type:RATIS, Factor:THREE, State:OPEN]
2019-07-14 01:11:56,693 INFO  ozone.MiniOzoneClusterImpl (MiniOzoneClusterImpl.java:lambda$waitForClusterToBeReady$0(142)) - Waiting for cluster to be ready. Got 6 of 7 DN Heartbeats.
2019-07-14 01:11:56,697 INFO  node.SCMNodeManager (SCMNodeManager.java:register(269)) - Registered Data node : acee4cc0-5d26-40ab-9ce2-7e48cb5f639e{ip: 192.168.157.230, host: trunk-nightly-sxkq5-3320257302, networkLocation: /default-rack, certSerialId: null}
2019-07-14 01:11:56,704 INFO  impl.RaftServerProxy (RaftServerProxy.java:addNew(89)) - acee4cc0-5d26-40ab-9ce2-7e48cb5f639e: addNew group-B456FEAC932B:[acee4cc0-5d26-40ab-9ce2-7e48cb5f639e:192.168.157.230:33854] returns group-B456FEAC932B:java.util.concurrent.CompletableFuture@2f92f225[Not completed]
2019-07-14 01:11:56,705 INFO  impl.RaftServerImpl (RaftServerImpl.java:<init>(93)) - acee4cc0-5d26-40ab-9ce2-7e48cb5f639e: new RaftServerImpl for group-B456FEAC932B:[acee4cc0-5d26-40ab-9ce2-7e48cb5f639e:192.168.157.230:33854] with ContainerStateMachine:uninitialized
2019-07-14 01:11:56,705 INFO  server.RaftServerConfigKeys (ConfUtils.java:logGet(43)) - raft.server.rpc.timeout.min = 5s (custom)
2019-07-14 01:11:56,706 INFO  server.RaftServerConfigKeys (ConfUtils.java:logGet(43)) - raft.server.rpc.timeout.max = 5200ms (custom)
2019-07-14 01:11:56,706 INFO  server.RaftServerConfigKeys (ConfUtils.java:logGet(43)) - raft.server.rpcslowness.timeout = 120s (custom)
2019-07-14 01:11:56,706 INFO  server.RaftServerConfigKeys (ConfUtils.java:logGet(43)) - raft.server.sleep.deviation.threshold = 300 (default)
2019-07-14 01:11:56,706 INFO  server.RaftServerConfigKeys (ConfUtils.java:logGet(43)) - raft.server.log.appender.install.snapshot.enabled = false (custom)
2019-07-14 01:11:56,706 INFO  impl.RaftServerImpl (ServerState.java:<init>(105)) - acee4cc0-5d26-40ab-9ce2-7e48cb5f639e:group-B456FEAC932B ConfigurationManager, init=-1: [acee4cc0-5d26-40ab-9ce2-7e48cb5f639e:192.168.157.230:33854], old=null, confs=<EMPTY_MAP>
2019-07-14 01:11:56,706 INFO  server.RaftServerConfigKeys (ConfUtils.java:logGet(43)) - raft.server.storage.dir = [/tmp/workdir/hadoop-ozone/integration-test/target/test-dir/MiniOzoneClusterImpl-df343184-2264-4b4f-ad35-dc83a80966e1/datanode-6/data/ratis] (custom)
2019-07-14 01:11:56,707 INFO  storage.RaftStorageDirectory (RaftStorageDirectory.java:analyzeStorage(246)) - The storage directory /tmp/workdir/hadoop-ozone/integration-test/target/test-dir/MiniOzoneClusterImpl-df343184-2264-4b4f-ad35-dc83a80966e1/datanode-6/data/ratis/24cbb620-ab05-44a3-9bb9-b456feac932b does not exist. Creating ...
2019-07-14 01:11:56,720 INFO  storage.RaftStorageDirectory (RaftStorageDirectory.java:tryLock(328)) - Lock on /tmp/workdir/hadoop-ozone/integration-test/target/test-dir/MiniOzoneClusterImpl-df343184-2264-4b4f-ad35-dc83a80966e1/datanode-6/data/ratis/24cbb620-ab05-44a3-9bb9-b456feac932b/in_use.lock acquired by nodename 26095@trunk-nightly-sxkq5-3320257302
2019-07-14 01:11:56,734 INFO  storage.RaftStorage (RaftStorage.java:format(72)) - Storage directory /tmp/workdir/hadoop-ozone/integration-test/target/test-dir/MiniOzoneClusterImpl-df343184-2264-4b4f-ad35-dc83a80966e1/datanode-6/data/ratis/24cbb620-ab05-44a3-9bb9-b456feac932b has been successfully formatted.
2019-07-14 01:11:56,734 INFO  ratis.ContainerStateMachine (ContainerStateMachine.java:loadSnapshot(200)) - The snapshot info is null.Setting the last applied index to:(t:0, i:~)
2019-07-14 01:11:56,735 INFO  server.RaftServerConfigKeys (ConfUtils.java:logGet(43)) - raft.server.leader.election.timeout = 120s (custom)
2019-07-14 01:11:56,735 INFO  server.RaftServerConfigKeys (ConfUtils.java:logGet(43)) - raft.server.log.use.memory = false (default)
2019-07-14 01:11:56,735 INFO  server.RaftServerConfigKeys (ConfUtils.java:logGet(43)) - raft.server.log.purge.gap = 1000000000 (custom)
2019-07-14 01:11:56,735 INFO  server.RaftServerConfigKeys (ConfUtils.java:logGet(43)) - raft.server.log.appender.buffer.byte-limit = 33554432 (custom)
2019-07-14 01:11:56,735 INFO  server.RaftServerConfigKeys (ConfUtils.java:logGet(43)) - raft.server.log.segment.size.max = 1048576 (custom)
2019-07-14 01:11:56,735 INFO  server.RaftServerConfigKeys (ConfUtils.java:logGet(43)) - raft.server.log.segment.cache.num.max = 2 (custom)
2019-07-14 01:11:56,735 INFO  segmented.SegmentedRaftLogWorker (SegmentedRaftLogWorker.java:<init>(172)) - new acee4cc0-5d26-40ab-9ce2-7e48cb5f639e-SegmentedRaftLogWorker:Storage Directory /tmp/workdir/hadoop-ozone/integration-test/target/test-dir/MiniOzoneClusterImpl-df343184-2264-4b4f-ad35-dc83a80966e1/datanode-6/data/ratis/24cbb620-ab05-44a3-9bb9-b456feac932b for RaftStorage:Storage Directory /tmp/workdir/hadoop-ozone/integration-test/target/test-dir/MiniOzoneClusterImpl-df343184-2264-4b4f-ad35-dc83a80966e1/datanode-6/data/ratis/24cbb620-ab05-44a3-9bb9-b456feac932b
2019-07-14 01:11:56,736 INFO  server.RaftServerConfigKeys (ConfUtils.java:logGet(43)) - raft.server.log.queue.byte-limit = 2147483647 (custom)
2019-07-14 01:11:56,736 INFO  server.RaftServerConfigKeys (ConfUtils.java:logGet(43)) - raft.server.log.queue.element-limit = 1024 (custom)
2019-07-14 01:11:56,736 INFO  server.RaftServerConfigKeys (ConfUtils.java:logGet(43)) - raft.server.log.segment.size.max = 1048576 (custom)
2019-07-14 01:11:56,736 INFO  server.RaftServerConfigKeys (ConfUtils.java:logGet(43)) - raft.server.log.preallocated.size = 16384 (custom)
2019-07-14 01:11:56,736 INFO  server.RaftServerConfigKeys (ConfUtils.java:logGet(43)) - raft.server.log.write.buffer.size = 33554432 (custom)
2019-07-14 01:11:56,736 INFO  server.RaftServerConfigKeys (ConfUtils.java:logGet(43)) - raft.server.log.force.sync.num = 128 (default)
2019-07-14 01:11:56,737 INFO  server.RaftServerConfigKeys (ConfUtils.java:logGet(43)) - raft.server.log.statemachine.data.sync = true (default)
2019-07-14 01:11:56,737 INFO  server.RaftServerConfigKeys (ConfUtils.java:logGet(43)) - raft.server.log.statemachine.data.sync.timeout = 10s (default)
2019-07-14 01:11:56,737 INFO  server.RaftServerConfigKeys (ConfUtils.java:logGet(43)) - raft.server.log.statemachine.data.sync.timeout.retry = -1 (default)
2019-07-14 01:11:56,737 INFO  server.RaftServerConfigKeys (ConfUtils.java:logGet(43)) - raft.server.log.statemachine.data.caching.enabled = true (custom)
2019-07-14 01:11:56,738 INFO  segmented.SegmentedRaftLogWorker (SegmentedRaftLogWorker.java:lambda$new$0(132)) - acee4cc0-5d26-40ab-9ce2-7e48cb5f639e-SegmentedRaftLogWorker:Storage Directory /tmp/workdir/hadoop-ozone/integration-test/target/test-dir/MiniOzoneClusterImpl-df343184-2264-4b4f-ad35-dc83a80966e1/datanode-6/data/ratis/24cbb620-ab05-44a3-9bb9-b456feac932b: flushIndex: setUnconditionally 0 -> -1
2019-07-14 01:11:56,738 INFO  server.RaftServerConfigKeys (ConfUtils.java:logGet(43)) - raft.server.snapshot.auto.trigger.enabled = true (custom)
2019-07-14 01:11:56,738 INFO  server.RaftServerConfigKeys (ConfUtils.java:logGet(43)) - raft.server.snapshot.auto.trigger.threshold = 10000 (custom)
2019-07-14 01:11:56,738 INFO  server.RaftServerConfigKeys (ConfUtils.java:logGet(43)) - raft.server.retrycache.expirytime = 600000ms (custom)
2019-07-14 01:11:56,738 INFO  impl.RaftServerImpl (RaftServerImpl.java:start(180)) - acee4cc0-5d26-40ab-9ce2-7e48cb5f639e: start group-B456FEAC932B
2019-07-14 01:11:56,739 INFO  impl.RaftServerImpl (RaftServerImpl.java:setRole(171)) - acee4cc0-5d26-40ab-9ce2-7e48cb5f639e:group-B456FEAC932B changes role from null to FOLLOWER at term 0 for startAsFollower
2019-07-14 01:11:56,739 INFO  impl.RoleInfo (RoleInfo.java:updateAndGet(143)) - acee4cc0-5d26-40ab-9ce2-7e48cb5f639e: start FollowerState
2019-07-14 01:11:56,739 INFO  util.JmxRegister (JmxRegister.java:tryRegister(44)) - Successfully registered JMX Bean with object name Ratis:service=RaftServer,group=group-B456FEAC932B,id=acee4cc0-5d26-40ab-9ce2-7e48cb5f639e
2019-07-14 01:11:56,744 INFO  pipeline.PipelineStateManager (PipelineStateManager.java:addPipeline(56)) - Created pipeline Pipeline[ Id: 24cbb620-ab05-44a3-9bb9-b456feac932b, Nodes: acee4cc0-5d26-40ab-9ce2-7e48cb5f639e{ip: 192.168.157.230, host: trunk-nightly-sxkq5-3320257302, networkLocation: /default-rack, certSerialId: null}, Type:RATIS, Factor:ONE, State:OPEN]
2019-07-14 01:11:57,694 INFO  ozone.MiniOzoneClusterImpl (MiniOzoneClusterImpl.java:lambda$waitForClusterToBeReady$0(142)) - Cluster is ready. Got 7 of 7 DN Heartbeats.
2019-07-14 01:11:57,767 INFO  rpc.RpcClient (RpcClient.java:createVolume(287)) - Creating Volume: testblockoutputstream, with jenkins1000 as owner.
2019-07-14 01:11:57,789 INFO  rpc.RpcClient (RpcClient.java:createBucket(424)) - Creating Bucket: testblockoutputstream/testblockoutputstream, with Versioning false and Storage Type set to DISK and Encryption set to false 
2019-07-14 01:11:57,825 INFO  client.GrpcClientProtocolClient (GrpcClientProtocolClient.java:onNext(255)) - client-B884336D3638->85605e7b-3a2c-42e0-bbf8-66ce3c3d44ad: receive RaftClientReply:client-B884336D3638->85605e7b-3a2c-42e0-bbf8-66ce3c3d44ad@group-13FDD36F3711, cid=258, FAILED org.apache.ratis.protocol.NotLeaderException: Server 85605e7b-3a2c-42e0-bbf8-66ce3c3d44ad is not the leader (null). Request must be sent to leader., logIndex=0, commits[85605e7b-3a2c-42e0-bbf8-66ce3c3d44ad:c-1]
2019-07-14 01:11:57,833 WARN  nio.NioEventLoop (NioEventLoop.java:select(786)) - Selector.select() returned prematurely {} times in a row; rebuilding Selector {}.
2019-07-14 01:11:57,834 INFO  nio.NioEventLoop (NioEventLoop.java:rebuildSelector0(396)) - Migrated 0 channel(s) to the new Selector.
2019-07-14 01:11:58,718 INFO  container.ReplicationManager (ReplicationManager.java:start(155)) - Starting Replication Monitor Thread.
2019-07-14 01:11:58,722 INFO  container.ReplicationManager (ReplicationManager.java:run(207)) - Replication Monitor Thread took 0 milliseconds for processing 1 containers.
2019-07-14 01:11:58,845 INFO  client.GrpcClientProtocolClient (GrpcClientProtocolClient.java:onNext(255)) - client-B884336D3638->86648759-f9f0-416d-ac58-aaf1e59ffa7d: receive RaftClientReply:client-B884336D3638->86648759-f9f0-416d-ac58-aaf1e59ffa7d@group-13FDD36F3711, cid=258, FAILED org.apache.ratis.protocol.NotLeaderException: Server 86648759-f9f0-416d-ac58-aaf1e59ffa7d is not the leader (null). Request must be sent to leader., logIndex=0, commits[86648759-f9f0-416d-ac58-aaf1e59ffa7d:c-1]
2019-07-14 01:11:59,861 INFO  client.GrpcClientProtocolClient (GrpcClientProtocolClient.java:onNext(255)) - client-B884336D3638->85605e7b-3a2c-42e0-bbf8-66ce3c3d44ad: receive RaftClientReply:client-B884336D3638->85605e7b-3a2c-42e0-bbf8-66ce3c3d44ad@group-13FDD36F3711, cid=258, FAILED org.apache.ratis.protocol.NotLeaderException: Server 85605e7b-3a2c-42e0-bbf8-66ce3c3d44ad is not the leader (null). Request must be sent to leader., logIndex=0, commits[85605e7b-3a2c-42e0-bbf8-66ce3c3d44ad:c-1]
2019-07-14 01:12:00,875 INFO  client.GrpcClientProtocolClient (GrpcClientProtocolClient.java:onNext(255)) - client-B884336D3638->86648759-f9f0-416d-ac58-aaf1e59ffa7d: receive RaftClientReply:client-B884336D3638->86648759-f9f0-416d-ac58-aaf1e59ffa7d@group-13FDD36F3711, cid=258, FAILED org.apache.ratis.protocol.NotLeaderException: Server 86648759-f9f0-416d-ac58-aaf1e59ffa7d is not the leader (null). Request must be sent to leader., logIndex=0, commits[86648759-f9f0-416d-ac58-aaf1e59ffa7d:c-1]
2019-07-14 01:12:00,938 INFO  impl.FollowerState (FollowerState.java:run(106)) - 62e01051-a4ea-4573-9a91-dd0ecf8e4ae7:group-B78AFD7AD64C changes to CANDIDATE, lastRpcTime:5179, electionTimeout:5179ms
2019-07-14 01:12:00,938 INFO  impl.RoleInfo (RoleInfo.java:shutdownFollowerState(121)) - 62e01051-a4ea-4573-9a91-dd0ecf8e4ae7: shutdown FollowerState
2019-07-14 01:12:00,938 INFO  impl.RaftServerImpl (RaftServerImpl.java:setRole(171)) - 62e01051-a4ea-4573-9a91-dd0ecf8e4ae7:group-B78AFD7AD64C changes role from FOLLOWER to CANDIDATE at term 0 for changeToCandidate
2019-07-14 01:12:00,938 INFO  impl.RoleInfo (RoleInfo.java:updateAndGet(143)) - 62e01051-a4ea-4573-9a91-dd0ecf8e4ae7: start LeaderElection
2019-07-14 01:12:00,975 INFO  impl.LeaderElection (LeaderElection.java:askForVotes(181)) - 62e01051-a4ea-4573-9a91-dd0ecf8e4ae7:group-B78AFD7AD64C:LeaderElection91: begin an election at term 1 for -1: [62e01051-a4ea-4573-9a91-dd0ecf8e4ae7:192.168.157.230:44931], old=null
2019-07-14 01:12:00,975 INFO  impl.RoleInfo (RoleInfo.java:shutdownLeaderElection(134)) - 62e01051-a4ea-4573-9a91-dd0ecf8e4ae7: shutdown LeaderElection
2019-07-14 01:12:00,975 INFO  impl.RaftServerImpl (RaftServerImpl.java:setRole(171)) - 62e01051-a4ea-4573-9a91-dd0ecf8e4ae7:group-B78AFD7AD64C changes role from CANDIDATE to LEADER at term 1 for changeToLeader
2019-07-14 01:12:00,975 INFO  impl.RaftServerImpl (ServerState.java:setLeader(263)) - 62e01051-a4ea-4573-9a91-dd0ecf8e4ae7:group-B78AFD7AD64C change Leader from null to 62e01051-a4ea-4573-9a91-dd0ecf8e4ae7 at term 1 for becomeLeader, leader elected after 5221ms
2019-07-14 01:12:00,977 INFO  server.RaftServerConfigKeys (ConfUtils.java:logGet(43)) - raft.server.staging.catchup.gap = 1000 (default)
2019-07-14 01:12:00,978 INFO  server.RaftServerConfigKeys (ConfUtils.java:logGet(43)) - raft.server.rpc.sleep.time = 25ms (default)
2019-07-14 01:12:00,978 INFO  server.RaftServerConfigKeys (ConfUtils.java:logGet(43)) - raft.server.write.element-limit = 4096 (default)
2019-07-14 01:12:00,978 INFO  server.RaftServerConfigKeys (ConfUtils.java:logGet(43)) - raft.server.watch.timeout = 10s (default)
2019-07-14 01:12:00,978 INFO  server.RaftServerConfigKeys (ConfUtils.java:logGet(43)) - raft.server.watch.timeout.denomination = 1s (default)
2019-07-14 01:12:00,978 INFO  server.RaftServerConfigKeys (ConfUtils.java:logGet(43)) - raft.server.watch.element-limit = 65536 (default)
2019-07-14 01:12:00,978 INFO  impl.RoleInfo (RoleInfo.java:updateAndGet(143)) - 62e01051-a4ea-4573-9a91-dd0ecf8e4ae7: start LeaderState
2019-07-14 01:12:00,978 INFO  segmented.SegmentedRaftLogWorker (SegmentedRaftLogWorker.java:startLogSegment(380)) - 62e01051-a4ea-4573-9a91-dd0ecf8e4ae7-SegmentedRaftLogWorker:Storage Directory /tmp/workdir/hadoop-ozone/integration-test/target/test-dir/MiniOzoneClusterImpl-df343184-2264-4b4f-ad35-dc83a80966e1/datanode-0/data/ratis/706399a8-a728-4a22-bc7e-b78afd7ad64c: Starting segment from index:0
2019-07-14 01:12:00,979 INFO  impl.RaftServerImpl (ServerState.java:setRaftConf(361)) - 62e01051-a4ea-4573-9a91-dd0ecf8e4ae7:group-B78AFD7AD64C set configuration 0: [62e01051-a4ea-4573-9a91-dd0ecf8e4ae7:192.168.157.230:44931], old=null at 0
2019-07-14 01:12:01,010 INFO  segmented.SegmentedRaftLogWorker (SegmentedRaftLogWorker.java:execute(569)) - 62e01051-a4ea-4573-9a91-dd0ecf8e4ae7-SegmentedRaftLogWorker:Storage Directory /tmp/workdir/hadoop-ozone/integration-test/target/test-dir/MiniOzoneClusterImpl-df343184-2264-4b4f-ad35-dc83a80966e1/datanode-0/data/ratis/706399a8-a728-4a22-bc7e-b78afd7ad64c: created new log segment /tmp/workdir/hadoop-ozone/integration-test/target/test-dir/MiniOzoneClusterImpl-df343184-2264-4b4f-ad35-dc83a80966e1/datanode-0/data/ratis/706399a8-a728-4a22-bc7e-b78afd7ad64c/current/log_inprogress_0
2019-07-14 01:12:01,084 INFO  impl.FollowerState (FollowerState.java:run(106)) - 1723e222-22d3-45e5-8ff4-786659216e38:group-87FEE4811B04 changes to CANDIDATE, lastRpcTime:5175, electionTimeout:5175ms
2019-07-14 01:12:01,084 INFO  impl.RoleInfo (RoleInfo.java:shutdownFollowerState(121)) - 1723e222-22d3-45e5-8ff4-786659216e38: shutdown FollowerState
2019-07-14 01:12:01,084 INFO  impl.RaftServerImpl (RaftServerImpl.java:setRole(171)) - 1723e222-22d3-45e5-8ff4-786659216e38:group-87FEE4811B04 changes role from FOLLOWER to CANDIDATE at term 0 for changeToCandidate
2019-07-14 01:12:01,084 INFO  impl.RoleInfo (RoleInfo.java:updateAndGet(143)) - 1723e222-22d3-45e5-8ff4-786659216e38: start LeaderElection
2019-07-14 01:12:01,102 INFO  impl.LeaderElection (LeaderElection.java:askForVotes(181)) - 1723e222-22d3-45e5-8ff4-786659216e38:group-87FEE4811B04:LeaderElection92: begin an election at term 1 for -1: [1723e222-22d3-45e5-8ff4-786659216e38:192.168.157.230:37907], old=null
2019-07-14 01:12:01,102 INFO  impl.RoleInfo (RoleInfo.java:shutdownLeaderElection(134)) - 1723e222-22d3-45e5-8ff4-786659216e38: shutdown LeaderElection
2019-07-14 01:12:01,102 INFO  impl.RaftServerImpl (RaftServerImpl.java:setRole(171)) - 1723e222-22d3-45e5-8ff4-786659216e38:group-87FEE4811B04 changes role from CANDIDATE to LEADER at term 1 for changeToLeader
2019-07-14 01:12:01,102 INFO  impl.RaftServerImpl (ServerState.java:setLeader(263)) - 1723e222-22d3-45e5-8ff4-786659216e38:group-87FEE4811B04 change Leader from null to 1723e222-22d3-45e5-8ff4-786659216e38 at term 1 for becomeLeader, leader elected after 5198ms
2019-07-14 01:12:01,104 INFO  server.RaftServerConfigKeys (ConfUtils.java:logGet(43)) - raft.server.staging.catchup.gap = 1000 (default)
2019-07-14 01:12:01,105 INFO  server.RaftServerConfigKeys (ConfUtils.java:logGet(43)) - raft.server.rpc.sleep.time = 25ms (default)
2019-07-14 01:12:01,105 INFO  server.RaftServerConfigKeys (ConfUtils.java:logGet(43)) - raft.server.write.element-limit = 4096 (default)
2019-07-14 01:12:01,105 INFO  server.RaftServerConfigKeys (ConfUtils.java:logGet(43)) - raft.server.watch.timeout = 10s (default)
2019-07-14 01:12:01,105 INFO  server.RaftServerConfigKeys (ConfUtils.java:logGet(43)) - raft.server.watch.timeout.denomination = 1s (default)
2019-07-14 01:12:01,105 INFO  server.RaftServerConfigKeys (ConfUtils.java:logGet(43)) - raft.server.watch.element-limit = 65536 (default)
2019-07-14 01:12:01,106 INFO  impl.RoleInfo (RoleInfo.java:updateAndGet(143)) - 1723e222-22d3-45e5-8ff4-786659216e38: start LeaderState
2019-07-14 01:12:01,106 INFO  segmented.SegmentedRaftLogWorker (SegmentedRaftLogWorker.java:startLogSegment(380)) - 1723e222-22d3-45e5-8ff4-786659216e38-SegmentedRaftLogWorker:Storage Directory /tmp/workdir/hadoop-ozone/integration-test/target/test-dir/MiniOzoneClusterImpl-df343184-2264-4b4f-ad35-dc83a80966e1/datanode-1/data/ratis/058040de-8499-4568-95c8-87fee4811b04: Starting segment from index:0
2019-07-14 01:12:01,106 INFO  impl.RaftServerImpl (ServerState.java:setRaftConf(361)) - 1723e222-22d3-45e5-8ff4-786659216e38:group-87FEE4811B04 set configuration 0: [1723e222-22d3-45e5-8ff4-786659216e38:192.168.157.230:37907], old=null at 0
2019-07-14 01:12:01,138 INFO  segmented.SegmentedRaftLogWorker (SegmentedRaftLogWorker.java:execute(569)) - 1723e222-22d3-45e5-8ff4-786659216e38-SegmentedRaftLogWorker:Storage Directory /tmp/workdir/hadoop-ozone/integration-test/target/test-dir/MiniOzoneClusterImpl-df343184-2264-4b4f-ad35-dc83a80966e1/datanode-1/data/ratis/058040de-8499-4568-95c8-87fee4811b04: created new log segment /tmp/workdir/hadoop-ozone/integration-test/target/test-dir/MiniOzoneClusterImpl-df343184-2264-4b4f-ad35-dc83a80966e1/datanode-1/data/ratis/058040de-8499-4568-95c8-87fee4811b04/current/log_inprogress_0
2019-07-14 01:12:01,170 INFO  impl.FollowerState (FollowerState.java:run(106)) - 3f982a32-c9e2-43cd-8769-2c465688516d:group-D61B8E5ED4D8 changes to CANDIDATE, lastRpcTime:5031, electionTimeout:5031ms
2019-07-14 01:12:01,170 INFO  impl.RoleInfo (RoleInfo.java:shutdownFollowerState(121)) - 3f982a32-c9e2-43cd-8769-2c465688516d: shutdown FollowerState
2019-07-14 01:12:01,171 INFO  impl.RaftServerImpl (RaftServerImpl.java:setRole(171)) - 3f982a32-c9e2-43cd-8769-2c465688516d:group-D61B8E5ED4D8 changes role from FOLLOWER to CANDIDATE at term 0 for changeToCandidate
2019-07-14 01:12:01,171 INFO  impl.RoleInfo (RoleInfo.java:updateAndGet(143)) - 3f982a32-c9e2-43cd-8769-2c465688516d: start LeaderElection
2019-07-14 01:12:01,191 INFO  impl.LeaderElection (LeaderElection.java:askForVotes(181)) - 3f982a32-c9e2-43cd-8769-2c465688516d:group-D61B8E5ED4D8:LeaderElection93: begin an election at term 1 for -1: [62e01051-a4ea-4573-9a91-dd0ecf8e4ae7:192.168.157.230:44931, 1723e222-22d3-45e5-8ff4-786659216e38:192.168.157.230:37907, 3f982a32-c9e2-43cd-8769-2c465688516d:192.168.157.230:37455], old=null
2019-07-14 01:12:01,210 INFO  impl.RaftServerImpl (RaftServerImpl.java:setRole(171)) - 1723e222-22d3-45e5-8ff4-786659216e38:group-D61B8E5ED4D8 changes role from FOLLOWER to FOLLOWER at term 1 for recognizeCandidate:3f982a32-c9e2-43cd-8769-2c465688516d
2019-07-14 01:12:01,210 INFO  impl.RaftServerImpl (RaftServerImpl.java:setRole(171)) - 62e01051-a4ea-4573-9a91-dd0ecf8e4ae7:group-D61B8E5ED4D8 changes role from FOLLOWER to FOLLOWER at term 1 for recognizeCandidate:3f982a32-c9e2-43cd-8769-2c465688516d
2019-07-14 01:12:01,210 INFO  impl.RoleInfo (RoleInfo.java:shutdownFollowerState(121)) - 1723e222-22d3-45e5-8ff4-786659216e38: shutdown FollowerState
2019-07-14 01:12:01,211 INFO  impl.RoleInfo (RoleInfo.java:shutdownFollowerState(121)) - 62e01051-a4ea-4573-9a91-dd0ecf8e4ae7: shutdown FollowerState
2019-07-14 01:12:01,211 INFO  impl.FollowerState (FollowerState.java:run(114)) - 1723e222-22d3-45e5-8ff4-786659216e38: FollowerState was interrupted: java.lang.InterruptedException: sleep interrupted
2019-07-14 01:12:01,211 INFO  impl.RoleInfo (RoleInfo.java:updateAndGet(143)) - 1723e222-22d3-45e5-8ff4-786659216e38: start FollowerState
2019-07-14 01:12:01,211 INFO  impl.FollowerState (FollowerState.java:run(114)) - 62e01051-a4ea-4573-9a91-dd0ecf8e4ae7: FollowerState was interrupted: java.lang.InterruptedException: sleep interrupted
2019-07-14 01:12:01,211 INFO  impl.RoleInfo (RoleInfo.java:updateAndGet(143)) - 62e01051-a4ea-4573-9a91-dd0ecf8e4ae7: start FollowerState
2019-07-14 01:12:01,229 INFO  impl.LeaderElection (LeaderElection.java:logAndReturn(56)) - 3f982a32-c9e2-43cd-8769-2c465688516d:group-D61B8E5ED4D8:LeaderElection93: Election PASSED; received 1 response(s) [3f982a32-c9e2-43cd-8769-2c465688516d<-1723e222-22d3-45e5-8ff4-786659216e38#0:OK-t1] and 0 exception(s); 3f982a32-c9e2-43cd-8769-2c465688516d:t1, leader=null, voted=3f982a32-c9e2-43cd-8769-2c465688516d, raftlog=3f982a32-c9e2-43cd-8769-2c465688516d-SegmentedRaftLog:OPENED:c-1,f-1,i0, conf=-1: [62e01051-a4ea-4573-9a91-dd0ecf8e4ae7:192.168.157.230:44931, 1723e222-22d3-45e5-8ff4-786659216e38:192.168.157.230:37907, 3f982a32-c9e2-43cd-8769-2c465688516d:192.168.157.230:37455], old=null
2019-07-14 01:12:01,229 INFO  impl.RoleInfo (RoleInfo.java:shutdownLeaderElection(134)) - 3f982a32-c9e2-43cd-8769-2c465688516d: shutdown LeaderElection
2019-07-14 01:12:01,229 INFO  impl.RaftServerImpl (RaftServerImpl.java:setRole(171)) - 3f982a32-c9e2-43cd-8769-2c465688516d:group-D61B8E5ED4D8 changes role from CANDIDATE to LEADER at term 1 for changeToLeader
2019-07-14 01:12:01,229 INFO  impl.RaftServerImpl (ServerState.java:setLeader(263)) - 3f982a32-c9e2-43cd-8769-2c465688516d:group-D61B8E5ED4D8 change Leader from null to 3f982a32-c9e2-43cd-8769-2c465688516d at term 1 for becomeLeader, leader elected after 5104ms
2019-07-14 01:12:01,232 INFO  server.RaftServerConfigKeys (ConfUtils.java:logGet(43)) - raft.server.staging.catchup.gap = 1000 (default)
2019-07-14 01:12:01,232 INFO  impl.FollowerState (FollowerState.java:run(106)) - 3f982a32-c9e2-43cd-8769-2c465688516d:group-1E18BF45A716 changes to CANDIDATE, lastRpcTime:5155, electionTimeout:5153ms
2019-07-14 01:12:01,232 INFO  impl.RoleInfo (RoleInfo.java:shutdownFollowerState(121)) - 3f982a32-c9e2-43cd-8769-2c465688516d: shutdown FollowerState
2019-07-14 01:12:01,232 INFO  impl.RaftServerImpl (RaftServerImpl.java:setRole(171)) - 3f982a32-c9e2-43cd-8769-2c465688516d:group-1E18BF45A716 changes role from FOLLOWER to CANDIDATE at term 0 for changeToCandidate
2019-07-14 01:12:01,232 INFO  server.RaftServerConfigKeys (ConfUtils.java:logGet(43)) - raft.server.rpc.sleep.time = 25ms (default)
2019-07-14 01:12:01,232 INFO  impl.RoleInfo (RoleInfo.java:updateAndGet(143)) - 3f982a32-c9e2-43cd-8769-2c465688516d: start LeaderElection
2019-07-14 01:12:01,233 INFO  server.RaftServerConfigKeys (ConfUtils.java:logGet(43)) - raft.server.write.element-limit = 4096 (default)
2019-07-14 01:12:01,233 INFO  server.RaftServerConfigKeys (ConfUtils.java:logGet(43)) - raft.server.watch.timeout = 10s (default)
2019-07-14 01:12:01,233 INFO  server.RaftServerConfigKeys (ConfUtils.java:logGet(43)) - raft.server.watch.timeout.denomination = 1s (default)
2019-07-14 01:12:01,235 INFO  server.RaftServerConfigKeys (ConfUtils.java:logGet(43)) - raft.server.watch.element-limit = 65536 (default)
2019-07-14 01:12:01,236 INFO  server.RaftServerConfigKeys (ConfUtils.java:logGet(43)) - raft.server.log.appender.snapshot.chunk.size.max = 16MB (=16777216) (default)
2019-07-14 01:12:01,236 INFO  server.RaftServerConfigKeys (ConfUtils.java:logGet(43)) - raft.server.log.appender.buffer.byte-limit = 33554432 (custom)
2019-07-14 01:12:01,236 INFO  server.RaftServerConfigKeys (ConfUtils.java:logGet(43)) - raft.server.log.appender.buffer.element-limit = 1 (custom)
2019-07-14 01:12:01,236 INFO  grpc.GrpcConfigKeys$Server (ConfUtils.java:logGet(43)) - raft.grpc.server.leader.outstanding.appends.max = 128 (default)
2019-07-14 01:12:01,236 INFO  server.RaftServerConfigKeys (ConfUtils.java:logGet(43)) - raft.server.rpc.request.timeout = 3000ms (default)
2019-07-14 01:12:01,237 INFO  server.RaftServerConfigKeys (ConfUtils.java:logGet(43)) - raft.server.log.appender.install.snapshot.enabled = false (custom)
2019-07-14 01:12:01,237 INFO  server.RaftServerConfigKeys (ConfUtils.java:logGet(43)) - raft.server.log.appender.snapshot.chunk.size.max = 16MB (=16777216) (default)
2019-07-14 01:12:01,237 INFO  server.RaftServerConfigKeys (ConfUtils.java:logGet(43)) - raft.server.log.appender.buffer.byte-limit = 33554432 (custom)
2019-07-14 01:12:01,237 INFO  server.RaftServerConfigKeys (ConfUtils.java:logGet(43)) - raft.server.log.appender.buffer.element-limit = 1 (custom)
2019-07-14 01:12:01,237 INFO  grpc.GrpcConfigKeys$Server (ConfUtils.java:logGet(43)) - raft.grpc.server.leader.outstanding.appends.max = 128 (default)
2019-07-14 01:12:01,237 INFO  server.RaftServerConfigKeys (ConfUtils.java:logGet(43)) - raft.server.rpc.request.timeout = 3000ms (default)
2019-07-14 01:12:01,238 INFO  server.RaftServerConfigKeys (ConfUtils.java:logGet(43)) - raft.server.log.appender.install.snapshot.enabled = false (custom)
2019-07-14 01:12:01,238 INFO  impl.RoleInfo (RoleInfo.java:updateAndGet(143)) - 3f982a32-c9e2-43cd-8769-2c465688516d: start LeaderState
2019-07-14 01:12:01,238 INFO  segmented.SegmentedRaftLogWorker (SegmentedRaftLogWorker.java:startLogSegment(380)) - 3f982a32-c9e2-43cd-8769-2c465688516d-SegmentedRaftLogWorker:Storage Directory /tmp/workdir/hadoop-ozone/integration-test/target/test-dir/MiniOzoneClusterImpl-df343184-2264-4b4f-ad35-dc83a80966e1/datanode-2/data/ratis/ff6e9405-0137-4187-93e9-d61b8e5ed4d8: Starting segment from index:0
2019-07-14 01:12:01,239 INFO  impl.RaftServerImpl (ServerState.java:setRaftConf(361)) - 3f982a32-c9e2-43cd-8769-2c465688516d:group-D61B8E5ED4D8 set configuration 0: [62e01051-a4ea-4573-9a91-dd0ecf8e4ae7:192.168.157.230:44931, 1723e222-22d3-45e5-8ff4-786659216e38:192.168.157.230:37907, 3f982a32-c9e2-43cd-8769-2c465688516d:192.168.157.230:37455], old=null at 0
2019-07-14 01:12:01,258 INFO  impl.LeaderElection (LeaderElection.java:askForVotes(181)) - 3f982a32-c9e2-43cd-8769-2c465688516d:group-1E18BF45A716:LeaderElection94: begin an election at term 1 for -1: [3f982a32-c9e2-43cd-8769-2c465688516d:192.168.157.230:37455], old=null
2019-07-14 01:12:01,258 INFO  impl.RoleInfo (RoleInfo.java:shutdownLeaderElection(134)) - 3f982a32-c9e2-43cd-8769-2c465688516d: shutdown LeaderElection
2019-07-14 01:12:01,259 INFO  impl.RaftServerImpl (RaftServerImpl.java:setRole(171)) - 3f982a32-c9e2-43cd-8769-2c465688516d:group-1E18BF45A716 changes role from CANDIDATE to LEADER at term 1 for changeToLeader
2019-07-14 01:12:01,259 INFO  impl.RaftServerImpl (ServerState.java:setLeader(263)) - 3f982a32-c9e2-43cd-8769-2c465688516d:group-1E18BF45A716 change Leader from null to 3f982a32-c9e2-43cd-8769-2c465688516d at term 1 for becomeLeader, leader elected after 5186ms
2019-07-14 01:12:01,259 INFO  server.RaftServerConfigKeys (ConfUtils.java:logGet(43)) - raft.server.staging.catchup.gap = 1000 (default)
2019-07-14 01:12:01,259 INFO  server.RaftServerConfigKeys (ConfUtils.java:logGet(43)) - raft.server.rpc.sleep.time = 25ms (default)
2019-07-14 01:12:01,259 INFO  server.RaftServerConfigKeys (ConfUtils.java:logGet(43)) - raft.server.write.element-limit = 4096 (default)
2019-07-14 01:12:01,260 INFO  server.RaftServerConfigKeys (ConfUtils.java:logGet(43)) - raft.server.watch.timeout = 10s (default)
2019-07-14 01:12:01,260 INFO  impl.RaftServerImpl (ServerState.java:setLeader(263)) - 62e01051-a4ea-4573-9a91-dd0ecf8e4ae7:group-D61B8E5ED4D8 change Leader from null to 3f982a32-c9e2-43cd-8769-2c465688516d at term 1 for appendEntries, leader elected after 5134ms
2019-07-14 01:12:01,260 INFO  impl.RaftServerImpl (ServerState.java:setLeader(263)) - 1723e222-22d3-45e5-8ff4-786659216e38:group-D61B8E5ED4D8 change Leader from null to 3f982a32-c9e2-43cd-8769-2c465688516d at term 1 for appendEntries, leader elected after 5134ms
2019-07-14 01:12:01,260 INFO  server.RaftServerConfigKeys (ConfUtils.java:logGet(43)) - raft.server.watch.timeout.denomination = 1s (default)
2019-07-14 01:12:01,261 INFO  server.RaftServerConfigKeys (ConfUtils.java:logGet(43)) - raft.server.watch.element-limit = 65536 (default)
2019-07-14 01:12:01,265 INFO  impl.RoleInfo (RoleInfo.java:updateAndGet(143)) - 3f982a32-c9e2-43cd-8769-2c465688516d: start LeaderState
2019-07-14 01:12:01,266 INFO  segmented.SegmentedRaftLogWorker (SegmentedRaftLogWorker.java:startLogSegment(380)) - 3f982a32-c9e2-43cd-8769-2c465688516d-SegmentedRaftLogWorker:Storage Directory /tmp/workdir/hadoop-ozone/integration-test/target/test-dir/MiniOzoneClusterImpl-df343184-2264-4b4f-ad35-dc83a80966e1/datanode-2/data/ratis/12af5e68-d0c4-4043-be6d-1e18bf45a716: Starting segment from index:0
2019-07-14 01:12:01,266 INFO  impl.RaftServerImpl (ServerState.java:setRaftConf(361)) - 3f982a32-c9e2-43cd-8769-2c465688516d:group-1E18BF45A716 set configuration 0: [3f982a32-c9e2-43cd-8769-2c465688516d:192.168.157.230:37455], old=null at 0
2019-07-14 01:12:01,288 INFO  segmented.SegmentedRaftLogWorker (SegmentedRaftLogWorker.java:execute(569)) - 3f982a32-c9e2-43cd-8769-2c465688516d-SegmentedRaftLogWorker:Storage Directory /tmp/workdir/hadoop-ozone/integration-test/target/test-dir/MiniOzoneClusterImpl-df343184-2264-4b4f-ad35-dc83a80966e1/datanode-2/data/ratis/ff6e9405-0137-4187-93e9-d61b8e5ed4d8: created new log segment /tmp/workdir/hadoop-ozone/integration-test/target/test-dir/MiniOzoneClusterImpl-df343184-2264-4b4f-ad35-dc83a80966e1/datanode-2/data/ratis/ff6e9405-0137-4187-93e9-d61b8e5ed4d8/current/log_inprogress_0
2019-07-14 01:12:01,288 INFO  impl.RaftServerImpl (ServerState.java:setRaftConf(361)) - 62e01051-a4ea-4573-9a91-dd0ecf8e4ae7:group-D61B8E5ED4D8 set configuration 0: [62e01051-a4ea-4573-9a91-dd0ecf8e4ae7:192.168.157.230:44931, 1723e222-22d3-45e5-8ff4-786659216e38:192.168.157.230:37907, 3f982a32-c9e2-43cd-8769-2c465688516d:192.168.157.230:37455], old=null at 0
2019-07-14 01:12:01,290 INFO  impl.RaftServerImpl (ServerState.java:setRaftConf(361)) - 1723e222-22d3-45e5-8ff4-786659216e38:group-D61B8E5ED4D8 set configuration 0: [62e01051-a4ea-4573-9a91-dd0ecf8e4ae7:192.168.157.230:44931, 1723e222-22d3-45e5-8ff4-786659216e38:192.168.157.230:37907, 3f982a32-c9e2-43cd-8769-2c465688516d:192.168.157.230:37455], old=null at 0
2019-07-14 01:12:01,291 INFO  segmented.SegmentedRaftLogWorker (SegmentedRaftLogWorker.java:startLogSegment(380)) - 62e01051-a4ea-4573-9a91-dd0ecf8e4ae7-SegmentedRaftLogWorker:Storage Directory /tmp/workdir/hadoop-ozone/integration-test/target/test-dir/MiniOzoneClusterImpl-df343184-2264-4b4f-ad35-dc83a80966e1/datanode-0/data/ratis/ff6e9405-0137-4187-93e9-d61b8e5ed4d8: Starting segment from index:0
2019-07-14 01:12:01,291 INFO  segmented.SegmentedRaftLogWorker (SegmentedRaftLogWorker.java:startLogSegment(380)) - 1723e222-22d3-45e5-8ff4-786659216e38-SegmentedRaftLogWorker:Storage Directory /tmp/workdir/hadoop-ozone/integration-test/target/test-dir/MiniOzoneClusterImpl-df343184-2264-4b4f-ad35-dc83a80966e1/datanode-1/data/ratis/ff6e9405-0137-4187-93e9-d61b8e5ed4d8: Starting segment from index:0
2019-07-14 01:12:01,300 INFO  segmented.SegmentedRaftLogWorker (SegmentedRaftLogWorker.java:execute(569)) - 3f982a32-c9e2-43cd-8769-2c465688516d-SegmentedRaftLogWorker:Storage Directory /tmp/workdir/hadoop-ozone/integration-test/target/test-dir/MiniOzoneClusterImpl-df343184-2264-4b4f-ad35-dc83a80966e1/datanode-2/data/ratis/12af5e68-d0c4-4043-be6d-1e18bf45a716: created new log segment /tmp/workdir/hadoop-ozone/integration-test/target/test-dir/MiniOzoneClusterImpl-df343184-2264-4b4f-ad35-dc83a80966e1/datanode-2/data/ratis/12af5e68-d0c4-4043-be6d-1e18bf45a716/current/log_inprogress_0
2019-07-14 01:12:01,309 INFO  impl.FollowerState (FollowerState.java:run(106)) - 85605e7b-3a2c-42e0-bbf8-66ce3c3d44ad:group-4C4593CCA204 changes to CANDIDATE, lastRpcTime:5073, electionTimeout:5073ms
2019-07-14 01:12:01,309 INFO  impl.RoleInfo (RoleInfo.java:shutdownFollowerState(121)) - 85605e7b-3a2c-42e0-bbf8-66ce3c3d44ad: shutdown FollowerState
2019-07-14 01:12:01,309 INFO  impl.RaftServerImpl (RaftServerImpl.java:setRole(171)) - 85605e7b-3a2c-42e0-bbf8-66ce3c3d44ad:group-4C4593CCA204 changes role from FOLLOWER to CANDIDATE at term 0 for changeToCandidate
2019-07-14 01:12:01,309 INFO  impl.RoleInfo (RoleInfo.java:updateAndGet(143)) - 85605e7b-3a2c-42e0-bbf8-66ce3c3d44ad: start LeaderElection
2019-07-14 01:12:01,333 INFO  segmented.SegmentedRaftLogWorker (SegmentedRaftLogWorker.java:execute(569)) - 1723e222-22d3-45e5-8ff4-786659216e38-SegmentedRaftLogWorker:Storage Directory /tmp/workdir/hadoop-ozone/integration-test/target/test-dir/MiniOzoneClusterImpl-df343184-2264-4b4f-ad35-dc83a80966e1/datanode-1/data/ratis/ff6e9405-0137-4187-93e9-d61b8e5ed4d8: created new log segment /tmp/workdir/hadoop-ozone/integration-test/target/test-dir/MiniOzoneClusterImpl-df343184-2264-4b4f-ad35-dc83a80966e1/datanode-1/data/ratis/ff6e9405-0137-4187-93e9-d61b8e5ed4d8/current/log_inprogress_0
2019-07-14 01:12:01,333 INFO  impl.LeaderElection (LeaderElection.java:askForVotes(181)) - 85605e7b-3a2c-42e0-bbf8-66ce3c3d44ad:group-4C4593CCA204:LeaderElection95: begin an election at term 1 for -1: [85605e7b-3a2c-42e0-bbf8-66ce3c3d44ad:192.168.157.230:34906], old=null
2019-07-14 01:12:01,333 INFO  segmented.SegmentedRaftLogWorker (SegmentedRaftLogWorker.java:execute(569)) - 62e01051-a4ea-4573-9a91-dd0ecf8e4ae7-SegmentedRaftLogWorker:Storage Directory /tmp/workdir/hadoop-ozone/integration-test/target/test-dir/MiniOzoneClusterImpl-df343184-2264-4b4f-ad35-dc83a80966e1/datanode-0/data/ratis/ff6e9405-0137-4187-93e9-d61b8e5ed4d8: created new log segment /tmp/workdir/hadoop-ozone/integration-test/target/test-dir/MiniOzoneClusterImpl-df343184-2264-4b4f-ad35-dc83a80966e1/datanode-0/data/ratis/ff6e9405-0137-4187-93e9-d61b8e5ed4d8/current/log_inprogress_0
2019-07-14 01:12:01,333 INFO  impl.RoleInfo (RoleInfo.java:shutdownLeaderElection(134)) - 85605e7b-3a2c-42e0-bbf8-66ce3c3d44ad: shutdown LeaderElection
2019-07-14 01:12:01,334 INFO  impl.RaftServerImpl (RaftServerImpl.java:setRole(171)) - 85605e7b-3a2c-42e0-bbf8-66ce3c3d44ad:group-4C4593CCA204 changes role from CANDIDATE to LEADER at term 1 for changeToLeader
2019-07-14 01:12:01,334 INFO  impl.RaftServerImpl (ServerState.java:setLeader(263)) - 85605e7b-3a2c-42e0-bbf8-66ce3c3d44ad:group-4C4593CCA204 change Leader from null to 85605e7b-3a2c-42e0-bbf8-66ce3c3d44ad at term 1 for becomeLeader, leader elected after 5102ms
2019-07-14 01:12:01,336 INFO  server.RaftServerConfigKeys (ConfUtils.java:logGet(43)) - raft.server.staging.catchup.gap = 1000 (default)
2019-07-14 01:12:01,336 INFO  server.RaftServerConfigKeys (ConfUtils.java:logGet(43)) - raft.server.rpc.sleep.time = 25ms (default)
2019-07-14 01:12:01,336 INFO  server.RaftServerConfigKeys (ConfUtils.java:logGet(43)) - raft.server.write.element-limit = 4096 (default)
2019-07-14 01:12:01,336 INFO  server.RaftServerConfigKeys (ConfUtils.java:logGet(43)) - raft.server.watch.timeout = 10s (default)
2019-07-14 01:12:01,336 INFO  server.RaftServerConfigKeys (ConfUtils.java:logGet(43)) - raft.server.watch.timeout.denomination = 1s (default)
2019-07-14 01:12:01,337 INFO  server.RaftServerConfigKeys (ConfUtils.java:logGet(43)) - raft.server.watch.element-limit = 65536 (default)
2019-07-14 01:12:01,337 INFO  impl.RoleInfo (RoleInfo.java:updateAndGet(143)) - 85605e7b-3a2c-42e0-bbf8-66ce3c3d44ad: start LeaderState
2019-07-14 01:12:01,337 INFO  segmented.SegmentedRaftLogWorker (SegmentedRaftLogWorker.java:startLogSegment(380)) - 85605e7b-3a2c-42e0-bbf8-66ce3c3d44ad-SegmentedRaftLogWorker:Storage Directory /tmp/workdir/hadoop-ozone/integration-test/target/test-dir/MiniOzoneClusterImpl-df343184-2264-4b4f-ad35-dc83a80966e1/datanode-3/data/ratis/3ff58555-799a-43f5-bef4-4c4593cca204: Starting segment from index:0
2019-07-14 01:12:01,337 INFO  impl.RaftServerImpl (ServerState.java:setRaftConf(361)) - 85605e7b-3a2c-42e0-bbf8-66ce3c3d44ad:group-4C4593CCA204 set configuration 0: [85605e7b-3a2c-42e0-bbf8-66ce3c3d44ad:192.168.157.230:34906], old=null at 0
2019-07-14 01:12:01,370 INFO  segmented.SegmentedRaftLogWorker (SegmentedRaftLogWorker.java:execute(569)) - 85605e7b-3a2c-42e0-bbf8-66ce3c3d44ad-SegmentedRaftLogWorker:Storage Directory /tmp/workdir/hadoop-ozone/integration-test/target/test-dir/MiniOzoneClusterImpl-df343184-2264-4b4f-ad35-dc83a80966e1/datanode-3/data/ratis/3ff58555-799a-43f5-bef4-4c4593cca204: created new log segment /tmp/workdir/hadoop-ozone/integration-test/target/test-dir/MiniOzoneClusterImpl-df343184-2264-4b4f-ad35-dc83a80966e1/datanode-3/data/ratis/3ff58555-799a-43f5-bef4-4c4593cca204/current/log_inprogress_0
2019-07-14 01:12:01,543 INFO  impl.FollowerState (FollowerState.java:run(106)) - 59cc0e86-5b81-4789-bfdf-6385f30d5dca:group-3F2D61CBB2C9 changes to CANDIDATE, lastRpcTime:5136, electionTimeout:5136ms
2019-07-14 01:12:01,543 INFO  impl.RoleInfo (RoleInfo.java:shutdownFollowerState(121)) - 59cc0e86-5b81-4789-bfdf-6385f30d5dca: shutdown FollowerState
2019-07-14 01:12:01,543 INFO  impl.RaftServerImpl (RaftServerImpl.java:setRole(171)) - 59cc0e86-5b81-4789-bfdf-6385f30d5dca:group-3F2D61CBB2C9 changes role from FOLLOWER to CANDIDATE at term 0 for changeToCandidate
2019-07-14 01:12:01,543 INFO  impl.RoleInfo (RoleInfo.java:updateAndGet(143)) - 59cc0e86-5b81-4789-bfdf-6385f30d5dca: start LeaderElection
2019-07-14 01:12:01,560 INFO  impl.LeaderElection (LeaderElection.java:askForVotes(181)) - 59cc0e86-5b81-4789-bfdf-6385f30d5dca:group-3F2D61CBB2C9:LeaderElection96: begin an election at term 1 for -1: [59cc0e86-5b81-4789-bfdf-6385f30d5dca:192.168.157.230:44572], old=null
2019-07-14 01:12:01,560 INFO  impl.RoleInfo (RoleInfo.java:shutdownLeaderElection(134)) - 59cc0e86-5b81-4789-bfdf-6385f30d5dca: shutdown LeaderElection
2019-07-14 01:12:01,560 INFO  impl.RaftServerImpl (RaftServerImpl.java:setRole(171)) - 59cc0e86-5b81-4789-bfdf-6385f30d5dca:group-3F2D61CBB2C9 changes role from CANDIDATE to LEADER at term 1 for changeToLeader
2019-07-14 01:12:01,561 INFO  impl.RaftServerImpl (ServerState.java:setLeader(263)) - 59cc0e86-5b81-4789-bfdf-6385f30d5dca:group-3F2D61CBB2C9 change Leader from null to 59cc0e86-5b81-4789-bfdf-6385f30d5dca at term 1 for becomeLeader, leader elected after 5157ms
2019-07-14 01:12:01,563 INFO  server.RaftServerConfigKeys (ConfUtils.java:logGet(43)) - raft.server.staging.catchup.gap = 1000 (default)
2019-07-14 01:12:01,563 INFO  server.RaftServerConfigKeys (ConfUtils.java:logGet(43)) - raft.server.rpc.sleep.time = 25ms (default)
2019-07-14 01:12:01,564 INFO  server.RaftServerConfigKeys (ConfUtils.java:logGet(43)) - raft.server.write.element-limit = 4096 (default)
2019-07-14 01:12:01,564 INFO  server.RaftServerConfigKeys (ConfUtils.java:logGet(43)) - raft.server.watch.timeout = 10s (default)
2019-07-14 01:12:01,564 INFO  server.RaftServerConfigKeys (ConfUtils.java:logGet(43)) - raft.server.watch.timeout.denomination = 1s (default)
2019-07-14 01:12:01,564 INFO  server.RaftServerConfigKeys (ConfUtils.java:logGet(43)) - raft.server.watch.element-limit = 65536 (default)
2019-07-14 01:12:01,564 INFO  impl.RoleInfo (RoleInfo.java:updateAndGet(143)) - 59cc0e86-5b81-4789-bfdf-6385f30d5dca: start LeaderState
2019-07-14 01:12:01,564 INFO  segmented.SegmentedRaftLogWorker (SegmentedRaftLogWorker.java:startLogSegment(380)) - 59cc0e86-5b81-4789-bfdf-6385f30d5dca-SegmentedRaftLogWorker:Storage Directory /tmp/workdir/hadoop-ozone/integration-test/target/test-dir/MiniOzoneClusterImpl-df343184-2264-4b4f-ad35-dc83a80966e1/datanode-4/data/ratis/397ef908-36a1-4e20-9ad9-3f2d61cbb2c9: Starting segment from index:0
2019-07-14 01:12:01,565 INFO  impl.RaftServerImpl (ServerState.java:setRaftConf(361)) - 59cc0e86-5b81-4789-bfdf-6385f30d5dca:group-3F2D61CBB2C9 set configuration 0: [59cc0e86-5b81-4789-bfdf-6385f30d5dca:192.168.157.230:44572], old=null at 0
2019-07-14 01:12:01,599 INFO  segmented.SegmentedRaftLogWorker (SegmentedRaftLogWorker.java:execute(569)) - 59cc0e86-5b81-4789-bfdf-6385f30d5dca-SegmentedRaftLogWorker:Storage Directory /tmp/workdir/hadoop-ozone/integration-test/target/test-dir/MiniOzoneClusterImpl-df343184-2264-4b4f-ad35-dc83a80966e1/datanode-4/data/ratis/397ef908-36a1-4e20-9ad9-3f2d61cbb2c9: created new log segment /tmp/workdir/hadoop-ozone/integration-test/target/test-dir/MiniOzoneClusterImpl-df343184-2264-4b4f-ad35-dc83a80966e1/datanode-4/data/ratis/397ef908-36a1-4e20-9ad9-3f2d61cbb2c9/current/log_inprogress_0
2019-07-14 01:12:01,672 INFO  impl.FollowerState (FollowerState.java:run(106)) - 59cc0e86-5b81-4789-bfdf-6385f30d5dca:group-13FDD36F3711 changes to CANDIDATE, lastRpcTime:5037, electionTimeout:5037ms
2019-07-14 01:12:01,672 INFO  impl.RoleInfo (RoleInfo.java:shutdownFollowerState(121)) - 59cc0e86-5b81-4789-bfdf-6385f30d5dca: shutdown FollowerState
2019-07-14 01:12:01,672 INFO  impl.RaftServerImpl (RaftServerImpl.java:setRole(171)) - 59cc0e86-5b81-4789-bfdf-6385f30d5dca:group-13FDD36F3711 changes role from FOLLOWER to CANDIDATE at term 0 for changeToCandidate
2019-07-14 01:12:01,672 INFO  impl.RoleInfo (RoleInfo.java:updateAndGet(143)) - 59cc0e86-5b81-4789-bfdf-6385f30d5dca: start LeaderElection
2019-07-14 01:12:01,677 INFO  impl.FollowerState (FollowerState.java:run(106)) - 86648759-f9f0-416d-ac58-aaf1e59ffa7d:group-C9FCDFCE9785 changes to CANDIDATE, lastRpcTime:5107, electionTimeout:5107ms
2019-07-14 01:12:01,677 INFO  impl.RoleInfo (RoleInfo.java:shutdownFollowerState(121)) - 86648759-f9f0-416d-ac58-aaf1e59ffa7d: shutdown FollowerState
2019-07-14 01:12:01,677 INFO  impl.RaftServerImpl (RaftServerImpl.java:setRole(171)) - 86648759-f9f0-416d-ac58-aaf1e59ffa7d:group-C9FCDFCE9785 changes role from FOLLOWER to CANDIDATE at term 0 for changeToCandidate
2019-07-14 01:12:01,677 INFO  impl.RoleInfo (RoleInfo.java:updateAndGet(143)) - 86648759-f9f0-416d-ac58-aaf1e59ffa7d: start LeaderElection
2019-07-14 01:12:01,684 INFO  impl.FollowerState (FollowerState.java:run(106)) - 85605e7b-3a2c-42e0-bbf8-66ce3c3d44ad:group-13FDD36F3711 changes to CANDIDATE, lastRpcTime:5042, electionTimeout:5042ms
2019-07-14 01:12:01,684 INFO  impl.RoleInfo (RoleInfo.java:shutdownFollowerState(121)) - 85605e7b-3a2c-42e0-bbf8-66ce3c3d44ad: shutdown FollowerState
2019-07-14 01:12:01,684 INFO  impl.RaftServerImpl (RaftServerImpl.java:setRole(171)) - 85605e7b-3a2c-42e0-bbf8-66ce3c3d44ad:group-13FDD36F3711 changes role from FOLLOWER to CANDIDATE at term 0 for changeToCandidate
2019-07-14 01:12:01,684 INFO  impl.RoleInfo (RoleInfo.java:updateAndGet(143)) - 85605e7b-3a2c-42e0-bbf8-66ce3c3d44ad: start LeaderElection
2019-07-14 01:12:01,689 INFO  impl.LeaderElection (LeaderElection.java:askForVotes(181)) - 86648759-f9f0-416d-ac58-aaf1e59ffa7d:group-C9FCDFCE9785:LeaderElection98: begin an election at term 1 for -1: [86648759-f9f0-416d-ac58-aaf1e59ffa7d:192.168.157.230:36319], old=null
2019-07-14 01:12:01,689 INFO  impl.RoleInfo (RoleInfo.java:shutdownLeaderElection(134)) - 86648759-f9f0-416d-ac58-aaf1e59ffa7d: shutdown LeaderElection
2019-07-14 01:12:01,690 INFO  impl.LeaderElection (LeaderElection.java:askForVotes(181)) - 59cc0e86-5b81-4789-bfdf-6385f30d5dca:group-13FDD36F3711:LeaderElection97: begin an election at term 1 for -1: [86648759-f9f0-416d-ac58-aaf1e59ffa7d:192.168.157.230:36319, 59cc0e86-5b81-4789-bfdf-6385f30d5dca:192.168.157.230:44572, 85605e7b-3a2c-42e0-bbf8-66ce3c3d44ad:192.168.157.230:34906], old=null
2019-07-14 01:12:01,690 INFO  impl.RaftServerImpl (RaftServerImpl.java:setRole(171)) - 86648759-f9f0-416d-ac58-aaf1e59ffa7d:group-C9FCDFCE9785 changes role from CANDIDATE to LEADER at term 1 for changeToLeader
2019-07-14 01:12:01,690 INFO  impl.RaftServerImpl (ServerState.java:setLeader(263)) - 86648759-f9f0-416d-ac58-aaf1e59ffa7d:group-C9FCDFCE9785 change Leader from null to 86648759-f9f0-416d-ac58-aaf1e59ffa7d at term 1 for becomeLeader, leader elected after 5124ms
2019-07-14 01:12:01,693 INFO  server.RaftServerConfigKeys (ConfUtils.java:logGet(43)) - raft.server.staging.catchup.gap = 1000 (default)
2019-07-14 01:12:01,693 INFO  impl.LeaderElection (LeaderElection.java:askForVotes(181)) - 85605e7b-3a2c-42e0-bbf8-66ce3c3d44ad:group-13FDD36F3711:LeaderElection99: begin an election at term 1 for -1: [86648759-f9f0-416d-ac58-aaf1e59ffa7d:192.168.157.230:36319, 59cc0e86-5b81-4789-bfdf-6385f30d5dca:192.168.157.230:44572, 85605e7b-3a2c-42e0-bbf8-66ce3c3d44ad:192.168.157.230:34906], old=null
2019-07-14 01:12:01,693 INFO  server.RaftServerConfigKeys (ConfUtils.java:logGet(43)) - raft.server.rpc.sleep.time = 25ms (default)
2019-07-14 01:12:01,694 INFO  server.RaftServerConfigKeys (ConfUtils.java:logGet(43)) - raft.server.write.element-limit = 4096 (default)
2019-07-14 01:12:01,694 INFO  server.RaftServerConfigKeys (ConfUtils.java:logGet(43)) - raft.server.watch.timeout = 10s (default)
2019-07-14 01:12:01,694 INFO  server.RaftServerConfigKeys (ConfUtils.java:logGet(43)) - raft.server.watch.timeout.denomination = 1s (default)
2019-07-14 01:12:01,694 INFO  server.RaftServerConfigKeys (ConfUtils.java:logGet(43)) - raft.server.watch.element-limit = 65536 (default)
2019-07-14 01:12:01,694 INFO  impl.RoleInfo (RoleInfo.java:updateAndGet(143)) - 86648759-f9f0-416d-ac58-aaf1e59ffa7d: start LeaderState
2019-07-14 01:12:01,694 INFO  segmented.SegmentedRaftLogWorker (SegmentedRaftLogWorker.java:startLogSegment(380)) - 86648759-f9f0-416d-ac58-aaf1e59ffa7d-SegmentedRaftLogWorker:Storage Directory /tmp/workdir/hadoop-ozone/integration-test/target/test-dir/MiniOzoneClusterImpl-df343184-2264-4b4f-ad35-dc83a80966e1/datanode-5/data/ratis/e6fc4f3d-072d-472c-a57f-c9fcdfce9785: Starting segment from index:0
2019-07-14 01:12:01,695 INFO  impl.RaftServerImpl (ServerState.java:setRaftConf(361)) - 86648759-f9f0-416d-ac58-aaf1e59ffa7d:group-C9FCDFCE9785 set configuration 0: [86648759-f9f0-416d-ac58-aaf1e59ffa7d:192.168.157.230:36319], old=null at 0
2019-07-14 01:12:01,723 INFO  impl.RaftServerImpl (RaftServerImpl.java:setRole(171)) - 86648759-f9f0-416d-ac58-aaf1e59ffa7d:group-13FDD36F3711 changes role from FOLLOWER to FOLLOWER at term 1 for recognizeCandidate:59cc0e86-5b81-4789-bfdf-6385f30d5dca
2019-07-14 01:12:01,725 INFO  impl.RoleInfo (RoleInfo.java:shutdownFollowerState(121)) - 86648759-f9f0-416d-ac58-aaf1e59ffa7d: shutdown FollowerState
2019-07-14 01:12:01,726 INFO  impl.RoleInfo (RoleInfo.java:updateAndGet(143)) - 86648759-f9f0-416d-ac58-aaf1e59ffa7d: start FollowerState
2019-07-14 01:12:01,726 INFO  impl.FollowerState (FollowerState.java:run(114)) - 86648759-f9f0-416d-ac58-aaf1e59ffa7d: FollowerState was interrupted: java.lang.InterruptedException: sleep interrupted
2019-07-14 01:12:01,738 INFO  segmented.SegmentedRaftLogWorker (SegmentedRaftLogWorker.java:execute(569)) - 86648759-f9f0-416d-ac58-aaf1e59ffa7d-SegmentedRaftLogWorker:Storage Directory /tmp/workdir/hadoop-ozone/integration-test/target/test-dir/MiniOzoneClusterImpl-df343184-2264-4b4f-ad35-dc83a80966e1/datanode-5/data/ratis/e6fc4f3d-072d-472c-a57f-c9fcdfce9785: created new log segment /tmp/workdir/hadoop-ozone/integration-test/target/test-dir/MiniOzoneClusterImpl-df343184-2264-4b4f-ad35-dc83a80966e1/datanode-5/data/ratis/e6fc4f3d-072d-472c-a57f-c9fcdfce9785/current/log_inprogress_0
2019-07-14 01:12:01,751 INFO  impl.LeaderElection (LeaderElection.java:logAndReturn(56)) - 59cc0e86-5b81-4789-bfdf-6385f30d5dca:group-13FDD36F3711:LeaderElection97: Election PASSED; received 2 response(s) [59cc0e86-5b81-4789-bfdf-6385f30d5dca<-86648759-f9f0-416d-ac58-aaf1e59ffa7d#0:OK-t1, 59cc0e86-5b81-4789-bfdf-6385f30d5dca<-85605e7b-3a2c-42e0-bbf8-66ce3c3d44ad#0:FAIL-t1] and 0 exception(s); 59cc0e86-5b81-4789-bfdf-6385f30d5dca:t1, leader=null, voted=59cc0e86-5b81-4789-bfdf-6385f30d5dca, raftlog=59cc0e86-5b81-4789-bfdf-6385f30d5dca-SegmentedRaftLog:OPENED:c-1,f-1,i0, conf=-1: [86648759-f9f0-416d-ac58-aaf1e59ffa7d:192.168.157.230:36319, 59cc0e86-5b81-4789-bfdf-6385f30d5dca:192.168.157.230:44572, 85605e7b-3a2c-42e0-bbf8-66ce3c3d44ad:192.168.157.230:34906], old=null
2019-07-14 01:12:01,751 INFO  impl.LeaderElection (LeaderElection.java:logAndReturn(56)) - 85605e7b-3a2c-42e0-bbf8-66ce3c3d44ad:group-13FDD36F3711:LeaderElection99: Election REJECTED; received 2 response(s) [85605e7b-3a2c-42e0-bbf8-66ce3c3d44ad<-86648759-f9f0-416d-ac58-aaf1e59ffa7d#0:FAIL-t1, 85605e7b-3a2c-42e0-bbf8-66ce3c3d44ad<-59cc0e86-5b81-4789-bfdf-6385f30d5dca#0:FAIL-t1] and 0 exception(s); 85605e7b-3a2c-42e0-bbf8-66ce3c3d44ad:t1, leader=null, voted=85605e7b-3a2c-42e0-bbf8-66ce3c3d44ad, raftlog=85605e7b-3a2c-42e0-bbf8-66ce3c3d44ad-SegmentedRaftLog:OPENED:c-1,f-1,i0, conf=-1: [86648759-f9f0-416d-ac58-aaf1e59ffa7d:192.168.157.230:36319, 59cc0e86-5b81-4789-bfdf-6385f30d5dca:192.168.157.230:44572, 85605e7b-3a2c-42e0-bbf8-66ce3c3d44ad:192.168.157.230:34906], old=null
2019-07-14 01:12:01,751 INFO  impl.RoleInfo (RoleInfo.java:shutdownLeaderElection(134)) - 59cc0e86-5b81-4789-bfdf-6385f30d5dca: shutdown LeaderElection
2019-07-14 01:12:01,752 INFO  impl.RaftServerImpl (RaftServerImpl.java:setRole(171)) - 85605e7b-3a2c-42e0-bbf8-66ce3c3d44ad:group-13FDD36F3711 changes role from CANDIDATE to FOLLOWER at term 1 for DISCOVERED_A_NEW_TERM
2019-07-14 01:12:01,752 INFO  impl.RaftServerImpl (RaftServerImpl.java:setRole(171)) - 59cc0e86-5b81-4789-bfdf-6385f30d5dca:group-13FDD36F3711 changes role from CANDIDATE to LEADER at term 1 for changeToLeader
2019-07-14 01:12:01,752 INFO  impl.RoleInfo (RoleInfo.java:shutdownLeaderElection(134)) - 85605e7b-3a2c-42e0-bbf8-66ce3c3d44ad: shutdown LeaderElection
2019-07-14 01:12:01,752 INFO  impl.RaftServerImpl (ServerState.java:setLeader(263)) - 59cc0e86-5b81-4789-bfdf-6385f30d5dca:group-13FDD36F3711 change Leader from null to 59cc0e86-5b81-4789-bfdf-6385f30d5dca at term 1 for becomeLeader, leader elected after 5124ms
2019-07-14 01:12:01,752 INFO  impl.RoleInfo (RoleInfo.java:updateAndGet(143)) - 85605e7b-3a2c-42e0-bbf8-66ce3c3d44ad: start FollowerState
2019-07-14 01:12:01,752 INFO  server.RaftServerConfigKeys (ConfUtils.java:logGet(43)) - raft.server.staging.catchup.gap = 1000 (default)
2019-07-14 01:12:01,752 INFO  server.RaftServerConfigKeys (ConfUtils.java:logGet(43)) - raft.server.rpc.sleep.time = 25ms (default)
2019-07-14 01:12:01,753 INFO  server.RaftServerConfigKeys (ConfUtils.java:logGet(43)) - raft.server.write.element-limit = 4096 (default)
2019-07-14 01:12:01,753 INFO  server.RaftServerConfigKeys (ConfUtils.java:logGet(43)) - raft.server.watch.timeout = 10s (default)
2019-07-14 01:12:01,753 INFO  server.RaftServerConfigKeys (ConfUtils.java:logGet(43)) - raft.server.watch.timeout.denomination = 1s (default)
2019-07-14 01:12:01,753 INFO  server.RaftServerConfigKeys (ConfUtils.java:logGet(43)) - raft.server.watch.element-limit = 65536 (default)
2019-07-14 01:12:01,753 INFO  server.RaftServerConfigKeys (ConfUtils.java:logGet(43)) - raft.server.log.appender.snapshot.chunk.size.max = 16MB (=16777216) (default)
2019-07-14 01:12:01,753 INFO  server.RaftServerConfigKeys (ConfUtils.java:logGet(43)) - raft.server.log.appender.buffer.byte-limit = 33554432 (custom)
2019-07-14 01:12:01,754 INFO  server.RaftServerConfigKeys (ConfUtils.java:logGet(43)) - raft.server.log.appender.buffer.element-limit = 1 (custom)
2019-07-14 01:12:01,754 INFO  grpc.GrpcConfigKeys$Server (ConfUtils.java:logGet(43)) - raft.grpc.server.leader.outstanding.appends.max = 128 (default)
2019-07-14 01:12:01,754 INFO  server.RaftServerConfigKeys (ConfUtils.java:logGet(43)) - raft.server.rpc.request.timeout = 3000ms (default)
2019-07-14 01:12:01,754 INFO  server.RaftServerConfigKeys (ConfUtils.java:logGet(43)) - raft.server.log.appender.install.snapshot.enabled = false (custom)
2019-07-14 01:12:01,754 INFO  server.RaftServerConfigKeys (ConfUtils.java:logGet(43)) - raft.server.log.appender.snapshot.chunk.size.max = 16MB (=16777216) (default)
2019-07-14 01:12:01,755 INFO  server.RaftServerConfigKeys (ConfUtils.java:logGet(43)) - raft.server.log.appender.buffer.byte-limit = 33554432 (custom)
2019-07-14 01:12:01,755 INFO  server.RaftServerConfigKeys (ConfUtils.java:logGet(43)) - raft.server.log.appender.buffer.element-limit = 1 (custom)
2019-07-14 01:12:01,755 INFO  grpc.GrpcConfigKeys$Server (ConfUtils.java:logGet(43)) - raft.grpc.server.leader.outstanding.appends.max = 128 (default)
2019-07-14 01:12:01,755 INFO  server.RaftServerConfigKeys (ConfUtils.java:logGet(43)) - raft.server.rpc.request.timeout = 3000ms (default)
2019-07-14 01:12:01,755 INFO  server.RaftServerConfigKeys (ConfUtils.java:logGet(43)) - raft.server.log.appender.install.snapshot.enabled = false (custom)
2019-07-14 01:12:01,756 INFO  impl.RoleInfo (RoleInfo.java:updateAndGet(143)) - 59cc0e86-5b81-4789-bfdf-6385f30d5dca: start LeaderState
2019-07-14 01:12:01,756 INFO  segmented.SegmentedRaftLogWorker (SegmentedRaftLogWorker.java:startLogSegment(380)) - 59cc0e86-5b81-4789-bfdf-6385f30d5dca-SegmentedRaftLogWorker:Storage Directory /tmp/workdir/hadoop-ozone/integration-test/target/test-dir/MiniOzoneClusterImpl-df343184-2264-4b4f-ad35-dc83a80966e1/datanode-4/data/ratis/5cbb8820-f87a-4fc4-9e3c-13fdd36f3711: Starting segment from index:0
2019-07-14 01:12:01,757 INFO  impl.RaftServerImpl (ServerState.java:setRaftConf(361)) - 59cc0e86-5b81-4789-bfdf-6385f30d5dca:group-13FDD36F3711 set configuration 0: [86648759-f9f0-416d-ac58-aaf1e59ffa7d:192.168.157.230:36319, 59cc0e86-5b81-4789-bfdf-6385f30d5dca:192.168.157.230:44572, 85605e7b-3a2c-42e0-bbf8-66ce3c3d44ad:192.168.157.230:34906], old=null at 0
2019-07-14 01:12:01,758 INFO  impl.RaftServerImpl (ServerState.java:setLeader(263)) - 86648759-f9f0-416d-ac58-aaf1e59ffa7d:group-13FDD36F3711 change Leader from null to 59cc0e86-5b81-4789-bfdf-6385f30d5dca at term 1 for appendEntries, leader elected after 5129ms
2019-07-14 01:12:01,758 INFO  impl.RaftServerImpl (ServerState.java:setLeader(263)) - 85605e7b-3a2c-42e0-bbf8-66ce3c3d44ad:group-13FDD36F3711 change Leader from null to 59cc0e86-5b81-4789-bfdf-6385f30d5dca at term 1 for appendEntries, leader elected after 5130ms
2019-07-14 01:12:01,760 INFO  impl.RaftServerImpl (ServerState.java:setRaftConf(361)) - 86648759-f9f0-416d-ac58-aaf1e59ffa7d:group-13FDD36F3711 set configuration 0: [86648759-f9f0-416d-ac58-aaf1e59ffa7d:192.168.157.230:36319, 59cc0e86-5b81-4789-bfdf-6385f30d5dca:192.168.157.230:44572, 85605e7b-3a2c-42e0-bbf8-66ce3c3d44ad:192.168.157.230:34906], old=null at 0
2019-07-14 01:12:01,761 INFO  segmented.SegmentedRaftLogWorker (SegmentedRaftLogWorker.java:startLogSegment(380)) - 86648759-f9f0-416d-ac58-aaf1e59ffa7d-SegmentedRaftLogWorker:Storage Directory /tmp/workdir/hadoop-ozone/integration-test/target/test-dir/MiniOzoneClusterImpl-df343184-2264-4b4f-ad35-dc83a80966e1/datanode-5/data/ratis/5cbb8820-f87a-4fc4-9e3c-13fdd36f3711: Starting segment from index:0
2019-07-14 01:12:01,761 INFO  impl.RaftServerImpl (ServerState.java:setRaftConf(361)) - 85605e7b-3a2c-42e0-bbf8-66ce3c3d44ad:group-13FDD36F3711 set configuration 0: [86648759-f9f0-416d-ac58-aaf1e59ffa7d:192.168.157.230:36319, 59cc0e86-5b81-4789-bfdf-6385f30d5dca:192.168.157.230:44572, 85605e7b-3a2c-42e0-bbf8-66ce3c3d44ad:192.168.157.230:34906], old=null at 0
2019-07-14 01:12:01,761 INFO  segmented.SegmentedRaftLogWorker (SegmentedRaftLogWorker.java:startLogSegment(380)) - 85605e7b-3a2c-42e0-bbf8-66ce3c3d44ad-SegmentedRaftLogWorker:Storage Directory /tmp/workdir/hadoop-ozone/integration-test/target/test-dir/MiniOzoneClusterImpl-df343184-2264-4b4f-ad35-dc83a80966e1/datanode-3/data/ratis/5cbb8820-f87a-4fc4-9e3c-13fdd36f3711: Starting segment from index:0
2019-07-14 01:12:01,789 INFO  segmented.SegmentedRaftLogWorker (SegmentedRaftLogWorker.java:execute(569)) - 59cc0e86-5b81-4789-bfdf-6385f30d5dca-SegmentedRaftLogWorker:Storage Directory /tmp/workdir/hadoop-ozone/integration-test/target/test-dir/MiniOzoneClusterImpl-df343184-2264-4b4f-ad35-dc83a80966e1/datanode-4/data/ratis/5cbb8820-f87a-4fc4-9e3c-13fdd36f3711: created new log segment /tmp/workdir/hadoop-ozone/integration-test/target/test-dir/MiniOzoneClusterImpl-df343184-2264-4b4f-ad35-dc83a80966e1/datanode-4/data/ratis/5cbb8820-f87a-4fc4-9e3c-13fdd36f3711/current/log_inprogress_0
2019-07-14 01:12:01,789 INFO  segmented.SegmentedRaftLogWorker (SegmentedRaftLogWorker.java:execute(569)) - 85605e7b-3a2c-42e0-bbf8-66ce3c3d44ad-SegmentedRaftLogWorker:Storage Directory /tmp/workdir/hadoop-ozone/integration-test/target/test-dir/MiniOzoneClusterImpl-df343184-2264-4b4f-ad35-dc83a80966e1/datanode-3/data/ratis/5cbb8820-f87a-4fc4-9e3c-13fdd36f3711: created new log segment /tmp/workdir/hadoop-ozone/integration-test/target/test-dir/MiniOzoneClusterImpl-df343184-2264-4b4f-ad35-dc83a80966e1/datanode-3/data/ratis/5cbb8820-f87a-4fc4-9e3c-13fdd36f3711/current/log_inprogress_0
2019-07-14 01:12:01,789 INFO  segmented.SegmentedRaftLogWorker (SegmentedRaftLogWorker.java:execute(569)) - 86648759-f9f0-416d-ac58-aaf1e59ffa7d-SegmentedRaftLogWorker:Storage Directory /tmp/workdir/hadoop-ozone/integration-test/target/test-dir/MiniOzoneClusterImpl-df343184-2264-4b4f-ad35-dc83a80966e1/datanode-5/data/ratis/5cbb8820-f87a-4fc4-9e3c-13fdd36f3711: created new log segment /tmp/workdir/hadoop-ozone/integration-test/target/test-dir/MiniOzoneClusterImpl-df343184-2264-4b4f-ad35-dc83a80966e1/datanode-5/data/ratis/5cbb8820-f87a-4fc4-9e3c-13fdd36f3711/current/log_inprogress_0
2019-07-14 01:12:01,799 INFO  impl.FollowerState (FollowerState.java:run(106)) - acee4cc0-5d26-40ab-9ce2-7e48cb5f639e:group-B456FEAC932B changes to CANDIDATE, lastRpcTime:5060, electionTimeout:5060ms
2019-07-14 01:12:01,799 INFO  impl.RoleInfo (RoleInfo.java:shutdownFollowerState(121)) - acee4cc0-5d26-40ab-9ce2-7e48cb5f639e: shutdown FollowerState
2019-07-14 01:12:01,800 INFO  impl.RaftServerImpl (RaftServerImpl.java:setRole(171)) - acee4cc0-5d26-40ab-9ce2-7e48cb5f639e:group-B456FEAC932B changes role from FOLLOWER to CANDIDATE at term 0 for changeToCandidate
2019-07-14 01:12:01,800 INFO  impl.RoleInfo (RoleInfo.java:updateAndGet(143)) - acee4cc0-5d26-40ab-9ce2-7e48cb5f639e: start LeaderElection
2019-07-14 01:12:01,818 INFO  impl.LeaderElection (LeaderElection.java:askForVotes(181)) - acee4cc0-5d26-40ab-9ce2-7e48cb5f639e:group-B456FEAC932B:LeaderElection100: begin an election at term 1 for -1: [acee4cc0-5d26-40ab-9ce2-7e48cb5f639e:192.168.157.230:33854], old=null
2019-07-14 01:12:01,818 INFO  impl.RoleInfo (RoleInfo.java:shutdownLeaderElection(134)) - acee4cc0-5d26-40ab-9ce2-7e48cb5f639e: shutdown LeaderElection
2019-07-14 01:12:01,818 INFO  impl.RaftServerImpl (RaftServerImpl.java:setRole(171)) - acee4cc0-5d26-40ab-9ce2-7e48cb5f639e:group-B456FEAC932B changes role from CANDIDATE to LEADER at term 1 for changeToLeader
2019-07-14 01:12:01,818 INFO  impl.RaftServerImpl (ServerState.java:setLeader(263)) - acee4cc0-5d26-40ab-9ce2-7e48cb5f639e:group-B456FEAC932B change Leader from null to acee4cc0-5d26-40ab-9ce2-7e48cb5f639e at term 1 for becomeLeader, leader elected after 5083ms
2019-07-14 01:12:01,820 INFO  server.RaftServerConfigKeys (ConfUtils.java:logGet(43)) - raft.server.staging.catchup.gap = 1000 (default)
2019-07-14 01:12:01,820 INFO  server.RaftServerConfigKeys (ConfUtils.java:logGet(43)) - raft.server.rpc.sleep.time = 25ms (default)
2019-07-14 01:12:01,820 INFO  server.RaftServerConfigKeys (ConfUtils.java:logGet(43)) - raft.server.write.element-limit = 4096 (default)
2019-07-14 01:12:01,821 INFO  server.RaftServerConfigKeys (ConfUtils.java:logGet(43)) - raft.server.watch.timeout = 10s (default)
2019-07-14 01:12:01,821 INFO  server.RaftServerConfigKeys (ConfUtils.java:logGet(43)) - raft.server.watch.timeout.denomination = 1s (default)
2019-07-14 01:12:01,821 INFO  server.RaftServerConfigKeys (ConfUtils.java:logGet(43)) - raft.server.watch.element-limit = 65536 (default)
2019-07-14 01:12:01,821 INFO  impl.RoleInfo (RoleInfo.java:updateAndGet(143)) - acee4cc0-5d26-40ab-9ce2-7e48cb5f639e: start LeaderState
2019-07-14 01:12:01,821 INFO  segmented.SegmentedRaftLogWorker (SegmentedRaftLogWorker.java:startLogSegment(380)) - acee4cc0-5d26-40ab-9ce2-7e48cb5f639e-SegmentedRaftLogWorker:Storage Directory /tmp/workdir/hadoop-ozone/integration-test/target/test-dir/MiniOzoneClusterImpl-df343184-2264-4b4f-ad35-dc83a80966e1/datanode-6/data/ratis/24cbb620-ab05-44a3-9bb9-b456feac932b: Starting segment from index:0
2019-07-14 01:12:01,822 INFO  impl.RaftServerImpl (ServerState.java:setRaftConf(361)) - acee4cc0-5d26-40ab-9ce2-7e48cb5f639e:group-B456FEAC932B set configuration 0: [acee4cc0-5d26-40ab-9ce2-7e48cb5f639e:192.168.157.230:33854], old=null at 0
2019-07-14 01:12:01,852 INFO  segmented.SegmentedRaftLogWorker (SegmentedRaftLogWorker.java:execute(569)) - acee4cc0-5d26-40ab-9ce2-7e48cb5f639e-SegmentedRaftLogWorker:Storage Directory /tmp/workdir/hadoop-ozone/integration-test/target/test-dir/MiniOzoneClusterImpl-df343184-2264-4b4f-ad35-dc83a80966e1/datanode-6/data/ratis/24cbb620-ab05-44a3-9bb9-b456feac932b: created new log segment /tmp/workdir/hadoop-ozone/integration-test/target/test-dir/MiniOzoneClusterImpl-df343184-2264-4b4f-ad35-dc83a80966e1/datanode-6/data/ratis/24cbb620-ab05-44a3-9bb9-b456feac932b/current/log_inprogress_0
2019-07-14 01:12:01,884 INFO  client.GrpcClientProtocolClient (GrpcClientProtocolClient.java:onNext(255)) - client-B884336D3638->85605e7b-3a2c-42e0-bbf8-66ce3c3d44ad: receive RaftClientReply:client-B884336D3638->85605e7b-3a2c-42e0-bbf8-66ce3c3d44ad@group-13FDD36F3711, cid=258, FAILED org.apache.ratis.protocol.NotLeaderException: Server 85605e7b-3a2c-42e0-bbf8-66ce3c3d44ad is not the leader (59cc0e86-5b81-4789-bfdf-6385f30d5dca:192.168.157.230:44572). Request must be sent to leader., logIndex=0, commits[85605e7b-3a2c-42e0-bbf8-66ce3c3d44ad:c-1, 86648759-f9f0-416d-ac58-aaf1e59ffa7d:c-1, 59cc0e86-5b81-4789-bfdf-6385f30d5dca:c-1]
2019-07-14 01:12:02,017 INFO  client.GrpcClientProtocolClient (GrpcClientProtocolClient.java:onNext(255)) - client-B884336D3638->59cc0e86-5b81-4789-bfdf-6385f30d5dca: receive RaftClientReply:client-B884336D3638->59cc0e86-5b81-4789-bfdf-6385f30d5dca@group-13FDD36F3711, cid=258, SUCCESS, logIndex=1, commits[59cc0e86-5b81-4789-bfdf-6385f30d5dca:c1, 86648759-f9f0-416d-ac58-aaf1e59ffa7d:c0, 85605e7b-3a2c-42e0-bbf8-66ce3c3d44ad:c0]
2019-07-14 01:12:02,042 INFO  client.GrpcClientProtocolClient (GrpcClientProtocolClient.java:onNext(255)) - client-B884336D3638->59cc0e86-5b81-4789-bfdf-6385f30d5dca: receive RaftClientReply:client-B884336D3638->59cc0e86-5b81-4789-bfdf-6385f30d5dca@group-13FDD36F3711, cid=259, SUCCESS, logIndex=3, commits[59cc0e86-5b81-4789-bfdf-6385f30d5dca:c4, 86648759-f9f0-416d-ac58-aaf1e59ffa7d:c2, 85605e7b-3a2c-42e0-bbf8-66ce3c3d44ad:c2]
2019-07-14 01:12:02,087 INFO  client.GrpcClientProtocolClient (GrpcClientProtocolClient.java:onNext(255)) - client-B884336D3638->59cc0e86-5b81-4789-bfdf-6385f30d5dca: receive RaftClientReply:client-B884336D3638->59cc0e86-5b81-4789-bfdf-6385f30d5dca@group-13FDD36F3711, cid=260, SUCCESS, logIndex=4, commits[59cc0e86-5b81-4789-bfdf-6385f30d5dca:c6, 86648759-f9f0-416d-ac58-aaf1e59ffa7d:c4, 85605e7b-3a2c-42e0-bbf8-66ce3c3d44ad:c4]
2019-07-14 01:12:02,088 INFO  container.CloseContainerEventHandler (CloseContainerEventHandler.java:onMessage(61)) - Close container Event triggered for container : #1
2019-07-14 01:12:02,089 INFO  container.CloseContainerEventHandler (CloseContainerEventHandler.java:onMessage(61)) - Close container Event triggered for container : #1
2019-07-14 01:12:02,089 INFO  container.CloseContainerEventHandler (CloseContainerEventHandler.java:onMessage(61)) - Close container Event triggered for container : #1
2019-07-14 01:12:03,568 INFO  interfaces.Container (KeyValueContainer.java:compactDB(356)) - Container 1 is closed with bcsId 4.
01:12:03.597 [grpc-default-executor-8] ERROR DNAudit - user=null | ip=null | op=WRITE_CHUNK {blockData=conID: 1 locID: 102437140418396182 bcsId: 4} | ret=FAILURE
org.apache.hadoop.hdds.scm.container.common.helpers.ContainerNotOpenException: Container 1 in CLOSED state
	at org.apache.hadoop.ozone.container.common.impl.HddsDispatcher.validateContainerCommand(HddsDispatcher.java:408) ~[hadoop-hdds-container-service-0.5.0-SNAPSHOT.jar:?]
	at org.apache.hadoop.ozone.container.common.transport.server.ratis.ContainerStateMachine.startTransaction(ContainerStateMachine.java:271) ~[hadoop-hdds-container-service-0.5.0-SNAPSHOT.jar:?]
	at org.apache.ratis.server.impl.RaftServerImpl.submitClientRequestAsync(RaftServerImpl.java:566) ~[ratis-server-0.4.0-2337318-SNAPSHOT.jar:0.4.0-2337318-SNAPSHOT]
	at org.apache.ratis.server.impl.RaftServerProxy.lambda$submitClientRequestAsync$7(RaftServerProxy.java:333) ~[ratis-server-0.4.0-2337318-SNAPSHOT.jar:0.4.0-2337318-SNAPSHOT]
	at org.apache.ratis.server.impl.RaftServerProxy.lambda$null$5(RaftServerProxy.java:328) ~[ratis-server-0.4.0-2337318-SNAPSHOT.jar:0.4.0-2337318-SNAPSHOT]
	at org.apache.ratis.util.JavaUtils.callAsUnchecked(JavaUtils.java:109) ~[ratis-common-0.4.0-2337318-SNAPSHOT.jar:0.4.0-2337318-SNAPSHOT]
	at org.apache.ratis.server.impl.RaftServerProxy.lambda$submitRequest$6(RaftServerProxy.java:328) ~[ratis-server-0.4.0-2337318-SNAPSHOT.jar:0.4.0-2337318-SNAPSHOT]
	at java.util.concurrent.CompletableFuture.uniComposeStage(CompletableFuture.java:981) ~[?:1.8.0_212]
	at java.util.concurrent.CompletableFuture.thenCompose(CompletableFuture.java:2124) ~[?:1.8.0_212]
	at org.apache.ratis.server.impl.RaftServerProxy.submitRequest(RaftServerProxy.java:327) ~[ratis-server-0.4.0-2337318-SNAPSHOT.jar:0.4.0-2337318-SNAPSHOT]
	at org.apache.ratis.server.impl.RaftServerProxy.submitClientRequestAsync(RaftServerProxy.java:333) ~[ratis-server-0.4.0-2337318-SNAPSHOT.jar:0.4.0-2337318-SNAPSHOT]
	at org.apache.ratis.grpc.client.GrpcClientProtocolService$RequestStreamObserver.processClientRequest(GrpcClientProtocolService.java:220) ~[ratis-grpc-0.4.0-2337318-SNAPSHOT.jar:0.4.0-2337318-SNAPSHOT]
	at org.apache.ratis.grpc.client.GrpcClientProtocolService$OrderedRequestStreamObserver.processClientRequest(GrpcClientProtocolService.java:326) ~[ratis-grpc-0.4.0-2337318-SNAPSHOT.jar:0.4.0-2337318-SNAPSHOT]
	at org.apache.ratis.util.SlidingWindow$Server.processRequestsFromHead(SlidingWindow.java:429) [ratis-common-0.4.0-2337318-SNAPSHOT.jar:0.4.0-2337318-SNAPSHOT]
	at org.apache.ratis.util.SlidingWindow$Server.receivedRequest(SlidingWindow.java:421) [ratis-common-0.4.0-2337318-SNAPSHOT.jar:0.4.0-2337318-SNAPSHOT]
	at org.apache.ratis.grpc.client.GrpcClientProtocolService$OrderedRequestStreamObserver.processClientRequest(GrpcClientProtocolService.java:345) [ratis-grpc-0.4.0-2337318-SNAPSHOT.jar:0.4.0-2337318-SNAPSHOT]
	at org.apache.ratis.grpc.client.GrpcClientProtocolService$RequestStreamObserver.onNext(GrpcClientProtocolService.java:240) [ratis-grpc-0.4.0-2337318-SNAPSHOT.jar:0.4.0-2337318-SNAPSHOT]
	at org.apache.ratis.grpc.client.GrpcClientProtocolService$RequestStreamObserver.onNext(GrpcClientProtocolService.java:168) [ratis-grpc-0.4.0-2337318-SNAPSHOT.jar:0.4.0-2337318-SNAPSHOT]
	at org.apache.ratis.thirdparty.io.grpc.stub.ServerCalls$StreamingServerCallHandler$StreamingServerCallListener.onMessage(ServerCalls.java:248) [ratis-thirdparty-misc-0.2.0.jar:0.2.0]
	at org.apache.ratis.thirdparty.io.grpc.internal.ServerCallImpl$ServerStreamListenerImpl.messagesAvailable(ServerCallImpl.java:263) [ratis-thirdparty-misc-0.2.0.jar:0.2.0]
	at org.apache.ratis.thirdparty.io.grpc.internal.ServerImpl$JumpToApplicationThreadServerStreamListener$1MessagesAvailable.runInContext(ServerImpl.java:686) [ratis-thirdparty-misc-0.2.0.jar:0.2.0]
	at org.apache.ratis.thirdparty.io.grpc.internal.ContextRunnable.run(ContextRunnable.java:37) [ratis-thirdparty-misc-0.2.0.jar:0.2.0]
	at org.apache.ratis.thirdparty.io.grpc.internal.SerializingExecutor.run(SerializingExecutor.java:123) [ratis-thirdparty-misc-0.2.0.jar:0.2.0]
	at java.util.concurrent.ThreadPoolExecutor.runWorker(ThreadPoolExecutor.java:1149) [?:1.8.0_212]
	at java.util.concurrent.ThreadPoolExecutor$Worker.run(ThreadPoolExecutor.java:624) [?:1.8.0_212]
	at java.lang.Thread.run(Thread.java:748) [?:1.8.0_212]
01:12:03.604 [grpc-default-executor-8] ERROR DNAudit - user=null | ip=null | op=WRITE_CHUNK {blockData=conID: 1 locID: 102437140418396182 bcsId: 4} | ret=FAILURE
org.apache.hadoop.hdds.scm.container.common.helpers.ContainerNotOpenException: Container 1 in CLOSED state
	at org.apache.hadoop.ozone.container.common.impl.HddsDispatcher.validateContainerCommand(HddsDispatcher.java:408) ~[hadoop-hdds-container-service-0.5.0-SNAPSHOT.jar:?]
	at org.apache.hadoop.ozone.container.common.transport.server.ratis.ContainerStateMachine.startTransaction(ContainerStateMachine.java:271) ~[hadoop-hdds-container-service-0.5.0-SNAPSHOT.jar:?]
	at org.apache.ratis.server.impl.RaftServerImpl.submitClientRequestAsync(RaftServerImpl.java:566) ~[ratis-server-0.4.0-2337318-SNAPSHOT.jar:0.4.0-2337318-SNAPSHOT]
	at org.apache.ratis.server.impl.RaftServerProxy.lambda$submitClientRequestAsync$7(RaftServerProxy.java:333) ~[ratis-server-0.4.0-2337318-SNAPSHOT.jar:0.4.0-2337318-SNAPSHOT]
	at org.apache.ratis.server.impl.RaftServerProxy.lambda$null$5(RaftServerProxy.java:328) ~[ratis-server-0.4.0-2337318-SNAPSHOT.jar:0.4.0-2337318-SNAPSHOT]
	at org.apache.ratis.util.JavaUtils.callAsUnchecked(JavaUtils.java:109) ~[ratis-common-0.4.0-2337318-SNAPSHOT.jar:0.4.0-2337318-SNAPSHOT]
	at org.apache.ratis.server.impl.RaftServerProxy.lambda$submitRequest$6(RaftServerProxy.java:328) ~[ratis-server-0.4.0-2337318-SNAPSHOT.jar:0.4.0-2337318-SNAPSHOT]
	at java.util.concurrent.CompletableFuture.uniComposeStage(CompletableFuture.java:981) ~[?:1.8.0_212]
	at java.util.concurrent.CompletableFuture.thenCompose(CompletableFuture.java:2124) ~[?:1.8.0_212]
	at org.apache.ratis.server.impl.RaftServerProxy.submitRequest(RaftServerProxy.java:327) ~[ratis-server-0.4.0-2337318-SNAPSHOT.jar:0.4.0-2337318-SNAPSHOT]
	at org.apache.ratis.server.impl.RaftServerProxy.submitClientRequestAsync(RaftServerProxy.java:333) ~[ratis-server-0.4.0-2337318-SNAPSHOT.jar:0.4.0-2337318-SNAPSHOT]
	at org.apache.ratis.grpc.client.GrpcClientProtocolService$RequestStreamObserver.processClientRequest(GrpcClientProtocolService.java:220) ~[ratis-grpc-0.4.0-2337318-SNAPSHOT.jar:0.4.0-2337318-SNAPSHOT]
	at org.apache.ratis.grpc.client.GrpcClientProtocolService$OrderedRequestStreamObserver.processClientRequest(GrpcClientProtocolService.java:326) ~[ratis-grpc-0.4.0-2337318-SNAPSHOT.jar:0.4.0-2337318-SNAPSHOT]
	at org.apache.ratis.util.SlidingWindow$Server.processRequestsFromHead(SlidingWindow.java:429) [ratis-common-0.4.0-2337318-SNAPSHOT.jar:0.4.0-2337318-SNAPSHOT]
	at org.apache.ratis.util.SlidingWindow$Server.receivedRequest(SlidingWindow.java:421) [ratis-common-0.4.0-2337318-SNAPSHOT.jar:0.4.0-2337318-SNAPSHOT]
	at org.apache.ratis.grpc.client.GrpcClientProtocolService$OrderedRequestStreamObserver.processClientRequest(GrpcClientProtocolService.java:345) [ratis-grpc-0.4.0-2337318-SNAPSHOT.jar:0.4.0-2337318-SNAPSHOT]
	at org.apache.ratis.grpc.client.GrpcClientProtocolService$RequestStreamObserver.onNext(GrpcClientProtocolService.java:240) [ratis-grpc-0.4.0-2337318-SNAPSHOT.jar:0.4.0-2337318-SNAPSHOT]
	at org.apache.ratis.grpc.client.GrpcClientProtocolService$RequestStreamObserver.onNext(GrpcClientProtocolService.java:168) [ratis-grpc-0.4.0-2337318-SNAPSHOT.jar:0.4.0-2337318-SNAPSHOT]
	at org.apache.ratis.thirdparty.io.grpc.stub.ServerCalls$StreamingServerCallHandler$StreamingServerCallListener.onMessage(ServerCalls.java:248) [ratis-thirdparty-misc-0.2.0.jar:0.2.0]
	at org.apache.ratis.thirdparty.io.grpc.internal.ServerCallImpl$ServerStreamListenerImpl.messagesAvailable(ServerCallImpl.java:263) [ratis-thirdparty-misc-0.2.0.jar:0.2.0]
	at org.apache.ratis.thirdparty.io.grpc.internal.ServerImpl$JumpToApplicationThreadServerStreamListener$1MessagesAvailable.runInContext(ServerImpl.java:686) [ratis-thirdparty-misc-0.2.0.jar:0.2.0]
	at org.apache.ratis.thirdparty.io.grpc.internal.ContextRunnable.run(ContextRunnable.java:37) [ratis-thirdparty-misc-0.2.0.jar:0.2.0]
	at org.apache.ratis.thirdparty.io.grpc.internal.SerializingExecutor.run(SerializingExecutor.java:123) [ratis-thirdparty-misc-0.2.0.jar:0.2.0]
	at java.util.concurrent.ThreadPoolExecutor.runWorker(ThreadPoolExecutor.java:1149) [?:1.8.0_212]
	at java.util.concurrent.ThreadPoolExecutor$Worker.run(ThreadPoolExecutor.java:624) [?:1.8.0_212]
	at java.lang.Thread.run(Thread.java:748) [?:1.8.0_212]
2019-07-14 01:12:03,605 INFO  interfaces.Container (KeyValueContainer.java:compactDB(356)) - Container 1 is closed with bcsId 4.
2019-07-14 01:12:03,617 INFO  interfaces.Container (KeyValueContainer.java:compactDB(356)) - Container 1 is closed with bcsId 4.
2019-07-14 01:12:03,617 INFO  client.GrpcClientProtocolClient (GrpcClientProtocolClient.java:onNext(255)) - client-B884336D3638->59cc0e86-5b81-4789-bfdf-6385f30d5dca: receive RaftClientReply:client-B884336D3638->59cc0e86-5b81-4789-bfdf-6385f30d5dca@group-13FDD36F3711, cid=261, FAILED org.apache.ratis.protocol.StateMachineException: org.apache.hadoop.hdds.scm.container.common.helpers.ContainerNotOpenException from Server 59cc0e86-5b81-4789-bfdf-6385f30d5dca: Container 1 in CLOSED state, logIndex=0, commits[59cc0e86-5b81-4789-bfdf-6385f30d5dca:c8, 86648759-f9f0-416d-ac58-aaf1e59ffa7d:c7, 85605e7b-3a2c-42e0-bbf8-66ce3c3d44ad:c7]
01:12:03.618 [grpc-default-executor-8] ERROR DNAudit - user=null | ip=null | op=PUT_BLOCK {blockData=[blockId=conID: 1 locID: 102437140418396182 bcsId: 0,size=334]} | ret=FAILURE
org.apache.hadoop.hdds.scm.container.common.helpers.ContainerNotOpenException: Container 1 in CLOSED state
	at org.apache.hadoop.ozone.container.common.impl.HddsDispatcher.validateContainerCommand(HddsDispatcher.java:408) ~[hadoop-hdds-container-service-0.5.0-SNAPSHOT.jar:?]
	at org.apache.hadoop.ozone.container.common.transport.server.ratis.ContainerStateMachine.startTransaction(ContainerStateMachine.java:271) ~[hadoop-hdds-container-service-0.5.0-SNAPSHOT.jar:?]
	at org.apache.ratis.server.impl.RaftServerImpl.submitClientRequestAsync(RaftServerImpl.java:566) ~[ratis-server-0.4.0-2337318-SNAPSHOT.jar:0.4.0-2337318-SNAPSHOT]
	at org.apache.ratis.server.impl.RaftServerProxy.lambda$submitClientRequestAsync$7(RaftServerProxy.java:333) ~[ratis-server-0.4.0-2337318-SNAPSHOT.jar:0.4.0-2337318-SNAPSHOT]
	at org.apache.ratis.server.impl.RaftServerProxy.lambda$null$5(RaftServerProxy.java:328) ~[ratis-server-0.4.0-2337318-SNAPSHOT.jar:0.4.0-2337318-SNAPSHOT]
	at org.apache.ratis.util.JavaUtils.callAsUnchecked(JavaUtils.java:109) ~[ratis-common-0.4.0-2337318-SNAPSHOT.jar:0.4.0-2337318-SNAPSHOT]
	at org.apache.ratis.server.impl.RaftServerProxy.lambda$submitRequest$6(RaftServerProxy.java:328) ~[ratis-server-0.4.0-2337318-SNAPSHOT.jar:0.4.0-2337318-SNAPSHOT]
	at java.util.concurrent.CompletableFuture.uniComposeStage(CompletableFuture.java:981) ~[?:1.8.0_212]
	at java.util.concurrent.CompletableFuture.thenCompose(CompletableFuture.java:2124) ~[?:1.8.0_212]
	at org.apache.ratis.server.impl.RaftServerProxy.submitRequest(RaftServerProxy.java:327) ~[ratis-server-0.4.0-2337318-SNAPSHOT.jar:0.4.0-2337318-SNAPSHOT]
	at org.apache.ratis.server.impl.RaftServerProxy.submitClientRequestAsync(RaftServerProxy.java:333) ~[ratis-server-0.4.0-2337318-SNAPSHOT.jar:0.4.0-2337318-SNAPSHOT]
	at org.apache.ratis.grpc.client.GrpcClientProtocolService$RequestStreamObserver.processClientRequest(GrpcClientProtocolService.java:220) ~[ratis-grpc-0.4.0-2337318-SNAPSHOT.jar:0.4.0-2337318-SNAPSHOT]
	at org.apache.ratis.grpc.client.GrpcClientProtocolService$OrderedRequestStreamObserver.processClientRequest(GrpcClientProtocolService.java:326) ~[ratis-grpc-0.4.0-2337318-SNAPSHOT.jar:0.4.0-2337318-SNAPSHOT]
	at org.apache.ratis.util.SlidingWindow$Server.processRequestsFromHead(SlidingWindow.java:429) [ratis-common-0.4.0-2337318-SNAPSHOT.jar:0.4.0-2337318-SNAPSHOT]
	at org.apache.ratis.util.SlidingWindow$Server.receivedRequest(SlidingWindow.java:421) [ratis-common-0.4.0-2337318-SNAPSHOT.jar:0.4.0-2337318-SNAPSHOT]
	at org.apache.ratis.grpc.client.GrpcClientProtocolService$OrderedRequestStreamObserver.processClientRequest(GrpcClientProtocolService.java:345) [ratis-grpc-0.4.0-2337318-SNAPSHOT.jar:0.4.0-2337318-SNAPSHOT]
	at org.apache.ratis.grpc.client.GrpcClientProtocolService$RequestStreamObserver.onNext(GrpcClientProtocolService.java:240) [ratis-grpc-0.4.0-2337318-SNAPSHOT.jar:0.4.0-2337318-SNAPSHOT]
	at org.apache.ratis.grpc.client.GrpcClientProtocolService$RequestStreamObserver.onNext(GrpcClientProtocolService.java:168) [ratis-grpc-0.4.0-2337318-SNAPSHOT.jar:0.4.0-2337318-SNAPSHOT]
	at org.apache.ratis.thirdparty.io.grpc.stub.ServerCalls$StreamingServerCallHandler$StreamingServerCallListener.onMessage(ServerCalls.java:248) [ratis-thirdparty-misc-0.2.0.jar:0.2.0]
	at org.apache.ratis.thirdparty.io.grpc.internal.ServerCallImpl$ServerStreamListenerImpl.messagesAvailable(ServerCallImpl.java:263) [ratis-thirdparty-misc-0.2.0.jar:0.2.0]
	at org.apache.ratis.thirdparty.io.grpc.internal.ServerImpl$JumpToApplicationThreadServerStreamListener$1MessagesAvailable.runInContext(ServerImpl.java:686) [ratis-thirdparty-misc-0.2.0.jar:0.2.0]
	at org.apache.ratis.thirdparty.io.grpc.internal.ContextRunnable.run(ContextRunnable.java:37) [ratis-thirdparty-misc-0.2.0.jar:0.2.0]
	at org.apache.ratis.thirdparty.io.grpc.internal.SerializingExecutor.run(SerializingExecutor.java:123) [ratis-thirdparty-misc-0.2.0.jar:0.2.0]
	at java.util.concurrent.ThreadPoolExecutor.runWorker(ThreadPoolExecutor.java:1149) [?:1.8.0_212]
	at java.util.concurrent.ThreadPoolExecutor$Worker.run(ThreadPoolExecutor.java:624) [?:1.8.0_212]
	at java.lang.Thread.run(Thread.java:748) [?:1.8.0_212]
2019-07-14 01:12:03,618 INFO  client.GrpcClientProtocolClient (GrpcClientProtocolClient.java:onNext(255)) - client-B884336D3638->59cc0e86-5b81-4789-bfdf-6385f30d5dca: receive RaftClientReply:client-B884336D3638->59cc0e86-5b81-4789-bfdf-6385f30d5dca@group-13FDD36F3711, cid=262, FAILED org.apache.ratis.protocol.StateMachineException: org.apache.hadoop.hdds.scm.container.common.helpers.ContainerNotOpenException from Server 59cc0e86-5b81-4789-bfdf-6385f30d5dca: Container 1 in CLOSED state, logIndex=0, commits[59cc0e86-5b81-4789-bfdf-6385f30d5dca:c8, 86648759-f9f0-416d-ac58-aaf1e59ffa7d:c7, 85605e7b-3a2c-42e0-bbf8-66ce3c3d44ad:c7]
2019-07-14 01:12:03,625 INFO  client.GrpcClientProtocolClient (GrpcClientProtocolClient.java:onNext(255)) - client-B884336D3638->59cc0e86-5b81-4789-bfdf-6385f30d5dca: receive RaftClientReply:client-B884336D3638->59cc0e86-5b81-4789-bfdf-6385f30d5dca@group-13FDD36F3711, cid=263, FAILED org.apache.ratis.protocol.StateMachineException: org.apache.hadoop.hdds.scm.container.common.helpers.ContainerNotOpenException from Server 59cc0e86-5b81-4789-bfdf-6385f30d5dca: Container 1 in CLOSED state, logIndex=0, commits[59cc0e86-5b81-4789-bfdf-6385f30d5dca:c8, 86648759-f9f0-416d-ac58-aaf1e59ffa7d:c7, 85605e7b-3a2c-42e0-bbf8-66ce3c3d44ad:c7]
2019-07-14 01:12:03,660 INFO  client.GrpcClientProtocolClient (GrpcClientProtocolClient.java:onNext(255)) - client-BE447FC46431->1723e222-22d3-45e5-8ff4-786659216e38: receive RaftClientReply:client-BE447FC46431->1723e222-22d3-45e5-8ff4-786659216e38@group-D61B8E5ED4D8, cid=264, FAILED org.apache.ratis.protocol.NotLeaderException: Server 1723e222-22d3-45e5-8ff4-786659216e38 is not the leader (3f982a32-c9e2-43cd-8769-2c465688516d:192.168.157.230:37455). Request must be sent to leader., logIndex=0, commits[1723e222-22d3-45e5-8ff4-786659216e38:c-1, 62e01051-a4ea-4573-9a91-dd0ecf8e4ae7:c-1, 3f982a32-c9e2-43cd-8769-2c465688516d:c-1]
2019-07-14 01:12:03,790 INFO  client.GrpcClientProtocolClient (GrpcClientProtocolClient.java:onNext(255)) - client-BE447FC46431->3f982a32-c9e2-43cd-8769-2c465688516d: receive RaftClientReply:client-BE447FC46431->3f982a32-c9e2-43cd-8769-2c465688516d@group-D61B8E5ED4D8, cid=264, SUCCESS, logIndex=1, commits[3f982a32-c9e2-43cd-8769-2c465688516d:c1, 62e01051-a4ea-4573-9a91-dd0ecf8e4ae7:c0, 1723e222-22d3-45e5-8ff4-786659216e38:c0]
2019-07-14 01:12:03,818 INFO  client.GrpcClientProtocolClient (GrpcClientProtocolClient.java:onNext(255)) - client-BE447FC46431->3f982a32-c9e2-43cd-8769-2c465688516d: receive RaftClientReply:client-BE447FC46431->3f982a32-c9e2-43cd-8769-2c465688516d@group-D61B8E5ED4D8, cid=265, SUCCESS, logIndex=3, commits[3f982a32-c9e2-43cd-8769-2c465688516d:c4, 62e01051-a4ea-4573-9a91-dd0ecf8e4ae7:c2, 1723e222-22d3-45e5-8ff4-786659216e38:c2]
2019-07-14 01:12:03,862 INFO  client.GrpcClientProtocolClient (GrpcClientProtocolClient.java:onNext(255)) - client-BE447FC46431->3f982a32-c9e2-43cd-8769-2c465688516d: receive RaftClientReply:client-BE447FC46431->3f982a32-c9e2-43cd-8769-2c465688516d@group-D61B8E5ED4D8, cid=266, SUCCESS, logIndex=4, commits[3f982a32-c9e2-43cd-8769-2c465688516d:c6, 62e01051-a4ea-4573-9a91-dd0ecf8e4ae7:c4, 1723e222-22d3-45e5-8ff4-786659216e38:c4]
2019-07-14 01:12:03,922 INFO  pipeline.Pipeline (Pipeline.java:getProtobufMessage(195)) - Serialize pipeline PipelineID=ff6e9405-0137-4187-93e9-d61b8e5ed4d8 with nodesInOrder{ }
2019-07-14 01:12:03,923 INFO  ozone.MiniOzoneClusterImpl (MiniOzoneClusterImpl.java:shutdown(321)) - Shutting down the Mini Ozone Cluster
2019-07-14 01:12:03,924 INFO  ozone.MiniOzoneClusterImpl (MiniOzoneClusterImpl.java:stop(336)) - Stopping the Mini Ozone Cluster
2019-07-14 01:12:03,924 INFO  ozone.MiniOzoneClusterImpl (MiniOzoneClusterImpl.java:stop(338)) - Stopping the OzoneManager
2019-07-14 01:12:03,924 INFO  ipc.Server (Server.java:stop(3082)) - Stopping server on 45725
2019-07-14 01:12:03,939 INFO  ipc.Server (Server.java:run(1185)) - Stopping IPC Server listener on 45725
2019-07-14 01:12:03,942 INFO  ipc.Server (Server.java:run(1319)) - Stopping IPC Server Responder
2019-07-14 01:12:03,942 INFO  utils.BackgroundService (BackgroundService.java:shutdown(148)) - Shutting down service KeyDeletingService
2019-07-14 01:12:03,982 INFO  handler.ContextHandler (ContextHandler.java:doStop(910)) - Stopped o.e.j.w.WebAppContext@74faa12{/,null,UNAVAILABLE}{/ozoneManager}
2019-07-14 01:12:03,983 INFO  server.AbstractConnector (AbstractConnector.java:doStop(318)) - Stopped ServerConnector@650f4d76{HTTP/1.1,[http/1.1]}{0.0.0.0:0}
2019-07-14 01:12:03,983 INFO  handler.ContextHandler (ContextHandler.java:doStop(910)) - Stopped o.e.j.s.ServletContextHandler@4632d697{/static,file:///tmp/workdir/hadoop-ozone/integration-test/target/test-classes/webapps/static,UNAVAILABLE}
2019-07-14 01:12:03,984 INFO  handler.ContextHandler (ContextHandler.java:doStop(910)) - Stopped o.e.j.s.ServletContextHandler@7c9cecfb{/logs,file:///tmp/workdir/hadoop-ozone/integration-test/target/log,UNAVAILABLE}
2019-07-14 01:12:03,993 INFO  ozone.MiniOzoneClusterImpl (MiniOzoneClusterImpl.java:stop(344)) - Shutting the HddsDatanodes
2019-07-14 01:12:03,994 INFO  datanode.ObjectStoreHandler (ObjectStoreHandler.java:close(155)) - Closing ObjectStoreHandler.
2019-07-14 01:12:03,994 INFO  datanode.ObjectStoreHandler (ObjectStoreHandler.java:close(155)) - Closing ObjectStoreHandler.
2019-07-14 01:12:03,994 INFO  ozone.HddsDatanodeService (HddsDatanodeService.java:stop(452)) - Stopped plug-in org.apache.hadoop.ozone.web.OzoneHddsDatanodeService@11c929a2
2019-07-14 01:12:03,995 INFO  ozone.HddsDatanodeService (HddsDatanodeService.java:stop(452)) - Stopped plug-in org.apache.hadoop.ozone.web.OzoneHddsDatanodeService@ca5456e
2019-07-14 01:12:04,569 INFO  statemachine.DatanodeStateMachine (DatanodeStateMachine.java:lambda$startDaemon$0(350)) - Ozone container server started.
2019-07-14 01:12:04,774 INFO  statemachine.DatanodeStateMachine (DatanodeStateMachine.java:lambda$startDaemon$0(350)) - Ozone container server started.
2019-07-14 01:12:08,591 INFO  node.StaleNodeHandler (StaleNodeHandler.java:onMessage(58)) - Datanode 59cc0e86-5b81-4789-bfdf-6385f30d5dca{ip: 192.168.157.230, host: trunk-nightly-sxkq5-3320257302, networkLocation: /default-rack, certSerialId: null} moved to stale state. Finalizing its pipelines [PipelineID=397ef908-36a1-4e20-9ad9-3f2d61cbb2c9, PipelineID=5cbb8820-f87a-4fc4-9e3c-13fdd36f3711]
2019-07-14 01:12:08,592 INFO  pipeline.SCMPipelineManager (SCMPipelineManager.java:finalizeAndDestroyPipeline(309)) - destroying pipeline:Pipeline[ Id: 397ef908-36a1-4e20-9ad9-3f2d61cbb2c9, Nodes: 59cc0e86-5b81-4789-bfdf-6385f30d5dca{ip: 192.168.157.230, host: trunk-nightly-sxkq5-3320257302, networkLocation: /default-rack, certSerialId: null}, Type:RATIS, Factor:ONE, State:OPEN]
2019-07-14 01:12:08,592 INFO  pipeline.PipelineStateManager (PipelineStateManager.java:finalizePipeline(123)) - Pipeline Pipeline[ Id: 397ef908-36a1-4e20-9ad9-3f2d61cbb2c9, Nodes: 59cc0e86-5b81-4789-bfdf-6385f30d5dca{ip: 192.168.157.230, host: trunk-nightly-sxkq5-3320257302, networkLocation: /default-rack, certSerialId: null}, Type:RATIS, Factor:ONE, State:CLOSED] moved to CLOSED state
2019-07-14 01:12:08,592 INFO  pipeline.SCMPipelineManager (SCMPipelineManager.java:finalizeAndDestroyPipeline(309)) - destroying pipeline:Pipeline[ Id: 5cbb8820-f87a-4fc4-9e3c-13fdd36f3711, Nodes: 85605e7b-3a2c-42e0-bbf8-66ce3c3d44ad{ip: 192.168.157.230, host: trunk-nightly-sxkq5-3320257302, networkLocation: /default-rack, certSerialId: null}86648759-f9f0-416d-ac58-aaf1e59ffa7d{ip: 192.168.157.230, host: trunk-nightly-sxkq5-3320257302, networkLocation: /default-rack, certSerialId: null}59cc0e86-5b81-4789-bfdf-6385f30d5dca{ip: 192.168.157.230, host: trunk-nightly-sxkq5-3320257302, networkLocation: /default-rack, certSerialId: null}, Type:RATIS, Factor:THREE, State:OPEN]
2019-07-14 01:12:08,592 INFO  pipeline.PipelineStateManager (PipelineStateManager.java:finalizePipeline(123)) - Pipeline Pipeline[ Id: 5cbb8820-f87a-4fc4-9e3c-13fdd36f3711, Nodes: 85605e7b-3a2c-42e0-bbf8-66ce3c3d44ad{ip: 192.168.157.230, host: trunk-nightly-sxkq5-3320257302, networkLocation: /default-rack, certSerialId: null}86648759-f9f0-416d-ac58-aaf1e59ffa7d{ip: 192.168.157.230, host: trunk-nightly-sxkq5-3320257302, networkLocation: /default-rack, certSerialId: null}59cc0e86-5b81-4789-bfdf-6385f30d5dca{ip: 192.168.157.230, host: trunk-nightly-sxkq5-3320257302, networkLocation: /default-rack, certSerialId: null}, Type:RATIS, Factor:THREE, State:CLOSED] moved to CLOSED state
2019-07-14 01:12:08,792 INFO  node.StaleNodeHandler (StaleNodeHandler.java:onMessage(58)) - Datanode 1723e222-22d3-45e5-8ff4-786659216e38{ip: 192.168.157.230, host: trunk-nightly-sxkq5-3320257302, networkLocation: /default-rack, certSerialId: null} moved to stale state. Finalizing its pipelines [PipelineID=058040de-8499-4568-95c8-87fee4811b04, PipelineID=ff6e9405-0137-4187-93e9-d61b8e5ed4d8]
2019-07-14 01:12:08,792 INFO  pipeline.SCMPipelineManager (SCMPipelineManager.java:finalizeAndDestroyPipeline(309)) - destroying pipeline:Pipeline[ Id: 058040de-8499-4568-95c8-87fee4811b04, Nodes: 1723e222-22d3-45e5-8ff4-786659216e38{ip: 192.168.157.230, host: trunk-nightly-sxkq5-3320257302, networkLocation: /default-rack, certSerialId: null}, Type:RATIS, Factor:ONE, State:OPEN]
2019-07-14 01:12:08,792 INFO  pipeline.PipelineStateManager (PipelineStateManager.java:finalizePipeline(123)) - Pipeline Pipeline[ Id: 058040de-8499-4568-95c8-87fee4811b04, Nodes: 1723e222-22d3-45e5-8ff4-786659216e38{ip: 192.168.157.230, host: trunk-nightly-sxkq5-3320257302, networkLocation: /default-rack, certSerialId: null}, Type:RATIS, Factor:ONE, State:CLOSED] moved to CLOSED state
2019-07-14 01:12:08,792 INFO  pipeline.SCMPipelineManager (SCMPipelineManager.java:finalizeAndDestroyPipeline(309)) - destroying pipeline:Pipeline[ Id: ff6e9405-0137-4187-93e9-d61b8e5ed4d8, Nodes: 1723e222-22d3-45e5-8ff4-786659216e38{ip: 192.168.157.230, host: trunk-nightly-sxkq5-3320257302, networkLocation: /default-rack, certSerialId: null}62e01051-a4ea-4573-9a91-dd0ecf8e4ae7{ip: 192.168.157.230, host: trunk-nightly-sxkq5-3320257302, networkLocation: /default-rack, certSerialId: null}3f982a32-c9e2-43cd-8769-2c465688516d{ip: 192.168.157.230, host: trunk-nightly-sxkq5-3320257302, networkLocation: /default-rack, certSerialId: null}, Type:RATIS, Factor:THREE, State:OPEN]
2019-07-14 01:12:08,792 INFO  pipeline.PipelineStateManager (PipelineStateManager.java:finalizePipeline(123)) - Pipeline Pipeline[ Id: ff6e9405-0137-4187-93e9-d61b8e5ed4d8, Nodes: 1723e222-22d3-45e5-8ff4-786659216e38{ip: 192.168.157.230, host: trunk-nightly-sxkq5-3320257302, networkLocation: /default-rack, certSerialId: null}62e01051-a4ea-4573-9a91-dd0ecf8e4ae7{ip: 192.168.157.230, host: trunk-nightly-sxkq5-3320257302, networkLocation: /default-rack, certSerialId: null}3f982a32-c9e2-43cd-8769-2c465688516d{ip: 192.168.157.230, host: trunk-nightly-sxkq5-3320257302, networkLocation: /default-rack, certSerialId: null}, Type:RATIS, Factor:THREE, State:CLOSED] moved to CLOSED state
2019-07-14 01:12:08,793 INFO  container.CloseContainerEventHandler (CloseContainerEventHandler.java:onMessage(61)) - Close container Event triggered for container : #2
2019-07-14 01:12:08,995 INFO  ozoneimpl.OzoneContainer (OzoneContainer.java:stop(199)) - Attempting to stop container services.
2019-07-14 01:12:08,995 INFO  ozoneimpl.OzoneContainer (OzoneContainer.java:stop(199)) - Attempting to stop container services.
2019-07-14 01:12:08,996 INFO  impl.RaftServerProxy (RaftServerProxy.java:lambda$close$4(314)) - 59cc0e86-5b81-4789-bfdf-6385f30d5dca: close
2019-07-14 01:12:08,996 INFO  impl.RaftServerProxy (RaftServerProxy.java:lambda$close$4(314)) - 1723e222-22d3-45e5-8ff4-786659216e38: close
2019-07-14 01:12:08,996 INFO  impl.RaftServerImpl (RaftServerImpl.java:lambda$shutdown$3(245)) - 59cc0e86-5b81-4789-bfdf-6385f30d5dca: shutdown group-3F2D61CBB2C9
2019-07-14 01:12:08,997 INFO  impl.RaftServerImpl (RaftServerImpl.java:lambda$shutdown$3(245)) - 1723e222-22d3-45e5-8ff4-786659216e38: shutdown group-87FEE4811B04
2019-07-14 01:12:08,997 INFO  util.JmxRegister (JmxRegister.java:unregister(73)) - Successfully un-registered JMX Bean with object name Ratis:service=RaftServer,group=group-3F2D61CBB2C9,id=59cc0e86-5b81-4789-bfdf-6385f30d5dca
2019-07-14 01:12:08,998 INFO  impl.RoleInfo (RoleInfo.java:shutdownLeaderState(104)) - 59cc0e86-5b81-4789-bfdf-6385f30d5dca: shutdown LeaderState
2019-07-14 01:12:08,997 INFO  util.JmxRegister (JmxRegister.java:unregister(73)) - Successfully un-registered JMX Bean with object name Ratis:service=RaftServer,group=group-87FEE4811B04,id=1723e222-22d3-45e5-8ff4-786659216e38
2019-07-14 01:12:08,998 INFO  impl.PendingRequests (PendingRequests.java:sendNotLeaderResponses(202)) - 59cc0e86-5b81-4789-bfdf-6385f30d5dca-PendingRequests: sendNotLeaderResponses
2019-07-14 01:12:08,998 INFO  impl.RoleInfo (RoleInfo.java:shutdownLeaderState(104)) - 1723e222-22d3-45e5-8ff4-786659216e38: shutdown LeaderState
2019-07-14 01:12:08,999 INFO  ratis.ContainerStateMachine (ContainerStateMachine.java:takeSnapshot(246)) - Taking snapshot at termIndex:(t:0, i:~)
2019-07-14 01:12:08,999 INFO  impl.StateMachineUpdater (StateMachineUpdater.java:stopAndJoin(115)) - StateMachineUpdater:59cc0e86-5b81-4789-bfdf-6385f30d5dca:group-3F2D61CBB2C9: set stopIndex = 0
2019-07-14 01:12:09,000 INFO  impl.RaftServerImpl (ServerState.java:close(394)) - 59cc0e86-5b81-4789-bfdf-6385f30d5dca:group-3F2D61CBB2C9 closes. The last applied log index is 0
2019-07-14 01:12:08,999 INFO  impl.PendingRequests (PendingRequests.java:sendNotLeaderResponses(202)) - 1723e222-22d3-45e5-8ff4-786659216e38-PendingRequests: sendNotLeaderResponses
2019-07-14 01:12:09,000 INFO  segmented.SegmentedRaftLogWorker (SegmentedRaftLogWorker.java:run(313)) - 59cc0e86-5b81-4789-bfdf-6385f30d5dca-SegmentedRaftLogWorker:Storage Directory /tmp/workdir/hadoop-ozone/integration-test/target/test-dir/MiniOzoneClusterImpl-df343184-2264-4b4f-ad35-dc83a80966e1/datanode-4/data/ratis/397ef908-36a1-4e20-9ad9-3f2d61cbb2c9 was interrupted, exiting. There are 0 tasks remaining in the queue.
2019-07-14 01:12:09,001 INFO  ratis.ContainerStateMachine (ContainerStateMachine.java:takeSnapshot(246)) - Taking snapshot at termIndex:(t:0, i:~)
2019-07-14 01:12:09,001 INFO  impl.StateMachineUpdater (StateMachineUpdater.java:stopAndJoin(115)) - StateMachineUpdater:1723e222-22d3-45e5-8ff4-786659216e38:group-87FEE4811B04: set stopIndex = 0
2019-07-14 01:12:09,004 INFO  impl.RaftServerImpl (ServerState.java:close(394)) - 1723e222-22d3-45e5-8ff4-786659216e38:group-87FEE4811B04 closes. The last applied log index is 0
2019-07-14 01:12:09,004 INFO  segmented.SegmentedRaftLogWorker (SegmentedRaftLogWorker.java:close(228)) - 59cc0e86-5b81-4789-bfdf-6385f30d5dca-SegmentedRaftLogWorker:Storage Directory /tmp/workdir/hadoop-ozone/integration-test/target/test-dir/MiniOzoneClusterImpl-df343184-2264-4b4f-ad35-dc83a80966e1/datanode-4/data/ratis/397ef908-36a1-4e20-9ad9-3f2d61cbb2c9 close()
2019-07-14 01:12:09,005 INFO  segmented.SegmentedRaftLogWorker (SegmentedRaftLogWorker.java:run(313)) - 1723e222-22d3-45e5-8ff4-786659216e38-SegmentedRaftLogWorker:Storage Directory /tmp/workdir/hadoop-ozone/integration-test/target/test-dir/MiniOzoneClusterImpl-df343184-2264-4b4f-ad35-dc83a80966e1/datanode-1/data/ratis/058040de-8499-4568-95c8-87fee4811b04 was interrupted, exiting. There are 0 tasks remaining in the queue.
2019-07-14 01:12:09,011 INFO  impl.RaftServerImpl (RaftServerImpl.java:lambda$shutdown$3(245)) - 59cc0e86-5b81-4789-bfdf-6385f30d5dca: shutdown group-13FDD36F3711
2019-07-14 01:12:09,014 INFO  segmented.SegmentedRaftLogWorker (SegmentedRaftLogWorker.java:close(228)) - 1723e222-22d3-45e5-8ff4-786659216e38-SegmentedRaftLogWorker:Storage Directory /tmp/workdir/hadoop-ozone/integration-test/target/test-dir/MiniOzoneClusterImpl-df343184-2264-4b4f-ad35-dc83a80966e1/datanode-1/data/ratis/058040de-8499-4568-95c8-87fee4811b04 close()
2019-07-14 01:12:09,014 INFO  util.JmxRegister (JmxRegister.java:unregister(73)) - Successfully un-registered JMX Bean with object name Ratis:service=RaftServer,group=group-13FDD36F3711,id=59cc0e86-5b81-4789-bfdf-6385f30d5dca
2019-07-14 01:12:09,020 INFO  impl.RoleInfo (RoleInfo.java:shutdownLeaderState(104)) - 59cc0e86-5b81-4789-bfdf-6385f30d5dca: shutdown LeaderState
2019-07-14 01:12:09,020 INFO  impl.RaftServerImpl (RaftServerImpl.java:lambda$shutdown$3(245)) - 1723e222-22d3-45e5-8ff4-786659216e38: shutdown group-D61B8E5ED4D8
2019-07-14 01:12:09,026 WARN  server.GrpcLogAppender (GrpcLogAppender.java:mayWait(143)) - GrpcLogAppender(59cc0e86-5b81-4789-bfdf-6385f30d5dca->85605e7b-3a2c-42e0-bbf8-66ce3c3d44ad): Wait interrupted by java.lang.InterruptedException
2019-07-14 01:12:09,026 WARN  server.GrpcLogAppender (GrpcLogAppender.java:mayWait(143)) - GrpcLogAppender(59cc0e86-5b81-4789-bfdf-6385f30d5dca->86648759-f9f0-416d-ac58-aaf1e59ffa7d): Wait interrupted by java.lang.InterruptedException
2019-07-14 01:12:09,026 INFO  impl.PendingRequests (PendingRequests.java:sendNotLeaderResponses(202)) - 59cc0e86-5b81-4789-bfdf-6385f30d5dca-PendingRequests: sendNotLeaderResponses
2019-07-14 01:12:09,027 INFO  server.GrpcServerProtocolService (GrpcServerProtocolService.java:onCompleted(104)) - 86648759-f9f0-416d-ac58-aaf1e59ffa7d: appendEntries completed
2019-07-14 01:12:09,030 INFO  impl.StateMachineUpdater (StateMachineUpdater.java:stopAndJoin(115)) - StateMachineUpdater:59cc0e86-5b81-4789-bfdf-6385f30d5dca:group-13FDD36F3711: set stopIndex = 8
2019-07-14 01:12:09,027 INFO  server.GrpcServerProtocolService (GrpcServerProtocolService.java:onCompleted(104)) - 85605e7b-3a2c-42e0-bbf8-66ce3c3d44ad: appendEntries completed
2019-07-14 01:12:09,026 INFO  util.JmxRegister (JmxRegister.java:unregister(73)) - Successfully un-registered JMX Bean with object name Ratis:service=RaftServer,group=group-D61B8E5ED4D8,id=1723e222-22d3-45e5-8ff4-786659216e38
2019-07-14 01:12:09,030 INFO  impl.RoleInfo (RoleInfo.java:shutdownFollowerState(121)) - 1723e222-22d3-45e5-8ff4-786659216e38: shutdown FollowerState
2019-07-14 01:12:09,030 INFO  server.GrpcLogAppender (GrpcLogAppender.java:onCompleted(292)) - 59cc0e86-5b81-4789-bfdf-6385f30d5dca->86648759-f9f0-416d-ac58-aaf1e59ffa7d: follower responses appendEntries COMPLETED
2019-07-14 01:12:09,030 INFO  ratis.ContainerStateMachine (ContainerStateMachine.java:takeSnapshot(246)) - Taking snapshot at termIndex:(t:1, i:8)
2019-07-14 01:12:09,031 INFO  impl.FollowerInfo (FollowerInfo.java:lambda$new$0(50)) - 59cc0e86-5b81-4789-bfdf-6385f30d5dca->86648759-f9f0-416d-ac58-aaf1e59ffa7d: nextIndex: updateUnconditionally 9 -> 8
2019-07-14 01:12:09,031 INFO  ratis.ContainerStateMachine (ContainerStateMachine.java:takeSnapshot(246)) - Taking snapshot at termIndex:(t:1, i:4)
2019-07-14 01:12:09,031 INFO  impl.FollowerState (FollowerState.java:run(114)) - 1723e222-22d3-45e5-8ff4-786659216e38: FollowerState was interrupted: java.lang.InterruptedException: sleep interrupted
2019-07-14 01:12:09,031 INFO  impl.StateMachineUpdater (StateMachineUpdater.java:stopAndJoin(115)) - StateMachineUpdater:1723e222-22d3-45e5-8ff4-786659216e38:group-D61B8E5ED4D8: set stopIndex = 6
2019-07-14 01:12:09,031 INFO  server.GrpcLogAppender (GrpcLogAppender.java:onCompleted(292)) - 59cc0e86-5b81-4789-bfdf-6385f30d5dca->85605e7b-3a2c-42e0-bbf8-66ce3c3d44ad: follower responses appendEntries COMPLETED
2019-07-14 01:12:09,032 INFO  ratis.ContainerStateMachine (ContainerStateMachine.java:takeSnapshot(250)) - Taking a snapshot to file /tmp/workdir/hadoop-ozone/integration-test/target/test-dir/MiniOzoneClusterImpl-df343184-2264-4b4f-ad35-dc83a80966e1/datanode-1/data/ratis/ff6e9405-0137-4187-93e9-d61b8e5ed4d8/sm/snapshot.1_4
2019-07-14 01:12:09,031 INFO  ratis.ContainerStateMachine (ContainerStateMachine.java:takeSnapshot(250)) - Taking a snapshot to file /tmp/workdir/hadoop-ozone/integration-test/target/test-dir/MiniOzoneClusterImpl-df343184-2264-4b4f-ad35-dc83a80966e1/datanode-4/data/ratis/5cbb8820-f87a-4fc4-9e3c-13fdd36f3711/sm/snapshot.1_8
2019-07-14 01:12:09,035 INFO  impl.FollowerInfo (FollowerInfo.java:lambda$new$0(50)) - 59cc0e86-5b81-4789-bfdf-6385f30d5dca->85605e7b-3a2c-42e0-bbf8-66ce3c3d44ad: nextIndex: updateUnconditionally 9 -> 8
2019-07-14 01:12:09,036 INFO  impl.StateMachineUpdater (StateMachineUpdater.java:takeSnapshot(242)) - StateMachineUpdater:1723e222-22d3-45e5-8ff4-786659216e38:group-D61B8E5ED4D8: Took a snapshot at index 4
2019-07-14 01:12:09,036 INFO  impl.StateMachineUpdater (StateMachineUpdater.java:takeSnapshot(242)) - StateMachineUpdater:59cc0e86-5b81-4789-bfdf-6385f30d5dca:group-13FDD36F3711: Took a snapshot at index 8
2019-07-14 01:12:09,036 INFO  impl.StateMachineUpdater (StateMachineUpdater.java:lambda$new$0(80)) - StateMachineUpdater:1723e222-22d3-45e5-8ff4-786659216e38:group-D61B8E5ED4D8: snapshotIndex: updateIncreasingly -1 -> 4
2019-07-14 01:12:09,036 INFO  impl.StateMachineUpdater (StateMachineUpdater.java:lambda$new$0(80)) - StateMachineUpdater:59cc0e86-5b81-4789-bfdf-6385f30d5dca:group-13FDD36F3711: snapshotIndex: updateIncreasingly -1 -> 8
2019-07-14 01:12:09,036 INFO  impl.RaftServerImpl (ServerState.java:close(394)) - 1723e222-22d3-45e5-8ff4-786659216e38:group-D61B8E5ED4D8 closes. The last applied log index is 6
2019-07-14 01:12:09,036 INFO  impl.RaftServerImpl (ServerState.java:close(394)) - 59cc0e86-5b81-4789-bfdf-6385f30d5dca:group-13FDD36F3711 closes. The last applied log index is 8
2019-07-14 01:12:09,037 INFO  segmented.SegmentedRaftLogWorker (SegmentedRaftLogWorker.java:run(313)) - 1723e222-22d3-45e5-8ff4-786659216e38-SegmentedRaftLogWorker:Storage Directory /tmp/workdir/hadoop-ozone/integration-test/target/test-dir/MiniOzoneClusterImpl-df343184-2264-4b4f-ad35-dc83a80966e1/datanode-1/data/ratis/ff6e9405-0137-4187-93e9-d61b8e5ed4d8 was interrupted, exiting. There are 0 tasks remaining in the queue.
2019-07-14 01:12:09,037 INFO  segmented.SegmentedRaftLogWorker (SegmentedRaftLogWorker.java:run(313)) - 59cc0e86-5b81-4789-bfdf-6385f30d5dca-SegmentedRaftLogWorker:Storage Directory /tmp/workdir/hadoop-ozone/integration-test/target/test-dir/MiniOzoneClusterImpl-df343184-2264-4b4f-ad35-dc83a80966e1/datanode-4/data/ratis/5cbb8820-f87a-4fc4-9e3c-13fdd36f3711 was interrupted, exiting. There are 0 tasks remaining in the queue.
2019-07-14 01:12:09,040 INFO  segmented.SegmentedRaftLogWorker (SegmentedRaftLogWorker.java:close(228)) - 1723e222-22d3-45e5-8ff4-786659216e38-SegmentedRaftLogWorker:Storage Directory /tmp/workdir/hadoop-ozone/integration-test/target/test-dir/MiniOzoneClusterImpl-df343184-2264-4b4f-ad35-dc83a80966e1/datanode-1/data/ratis/ff6e9405-0137-4187-93e9-d61b8e5ed4d8 close()
2019-07-14 01:12:09,043 INFO  segmented.SegmentedRaftLogWorker (SegmentedRaftLogWorker.java:close(228)) - 59cc0e86-5b81-4789-bfdf-6385f30d5dca-SegmentedRaftLogWorker:Storage Directory /tmp/workdir/hadoop-ozone/integration-test/target/test-dir/MiniOzoneClusterImpl-df343184-2264-4b4f-ad35-dc83a80966e1/datanode-4/data/ratis/5cbb8820-f87a-4fc4-9e3c-13fdd36f3711 close()
2019-07-14 01:12:09,047 INFO  server.GrpcService (GrpcService.java:closeImpl(155)) - 1723e222-22d3-45e5-8ff4-786659216e38: shutdown server with port 37907 now
2019-07-14 01:12:09,053 INFO  server.GrpcService (GrpcService.java:closeImpl(155)) - 59cc0e86-5b81-4789-bfdf-6385f30d5dca: shutdown server with port 44572 now
2019-07-14 01:12:09,053 WARN  server.GrpcServerProtocolService (LogUtils.java:warn(134)) - 1723e222-22d3-45e5-8ff4-786659216e38: appendEntries onError: org.apache.ratis.thirdparty.io.grpc.StatusRuntimeException: CANCELLED: cancelled before receiving half close
2019-07-14 01:12:09,053 WARN  server.GrpcLogAppender (LogUtils.java:warn(134)) - 3f982a32-c9e2-43cd-8769-2c465688516d->1723e222-22d3-45e5-8ff4-786659216e38: Failed appendEntries: org.apache.ratis.thirdparty.io.grpc.StatusRuntimeException: CANCELLED: HTTP/2 error code: CANCEL
Received Rst Stream
2019-07-14 01:12:09,053 INFO  server.GrpcService (GrpcService.java:closeImpl(163)) - 1723e222-22d3-45e5-8ff4-786659216e38: shutdown server with port 37907 successfully
2019-07-14 01:12:09,053 INFO  server.GrpcService (GrpcService.java:closeImpl(163)) - 59cc0e86-5b81-4789-bfdf-6385f30d5dca: shutdown server with port 44572 successfully
2019-07-14 01:12:09,054 INFO  impl.FollowerInfo (FollowerInfo.java:lambda$new$0(50)) - 3f982a32-c9e2-43cd-8769-2c465688516d->1723e222-22d3-45e5-8ff4-786659216e38: nextIndex: updateUnconditionally 7 -> 6
2019-07-14 01:12:09,055 INFO  utils.BackgroundService (BackgroundService.java:shutdown(148)) - Shutting down service BlockDeletingService
2019-07-14 01:12:09,056 INFO  utils.BackgroundService (BackgroundService.java:shutdown(148)) - Shutting down service BlockDeletingService
2019-07-14 01:12:09,057 WARN  fs.CachingGetSpaceUsed (CachingGetSpaceUsed.java:run(183)) - Thread Interrupted waiting to refresh disk information: sleep interrupted
2019-07-14 01:12:09,079 INFO  statemachine.DatanodeStateMachine (DatanodeStateMachine.java:stopDaemon(395)) - Ozone container server stopped.
2019-07-14 01:12:09,085 INFO  handler.ContextHandler (ContextHandler.java:doStop(910)) - Stopped o.e.j.w.WebAppContext@7a5151d7{/,null,UNAVAILABLE}{/hddsDatanode}
2019-07-14 01:12:09,086 INFO  server.AbstractConnector (AbstractConnector.java:doStop(318)) - Stopped ServerConnector@3f13c9a2{HTTP/1.1,[http/1.1]}{0.0.0.0:0}
2019-07-14 01:12:09,088 INFO  handler.ContextHandler (ContextHandler.java:doStop(910)) - Stopped o.e.j.s.ServletContextHandler@39506f12{/static,jar:file:/home/user/.m2/repository/org/apache/hadoop/hadoop-hdds-container-service/0.5.0-SNAPSHOT/hadoop-hdds-container-service-0.5.0-SNAPSHOT.jar!/webapps/static,UNAVAILABLE}
2019-07-14 01:12:09,090 INFO  handler.ContextHandler (ContextHandler.java:doStop(910)) - Stopped o.e.j.s.ServletContextHandler@3df3e1e9{/logs,file:///tmp/workdir/hadoop-ozone/integration-test/target/log,UNAVAILABLE}
2019-07-14 01:12:09,091 INFO  datanode.ObjectStoreHandler (ObjectStoreHandler.java:close(155)) - Closing ObjectStoreHandler.
2019-07-14 01:12:09,091 INFO  ozone.HddsDatanodeService (HddsDatanodeService.java:stop(452)) - Stopped plug-in org.apache.hadoop.ozone.web.OzoneHddsDatanodeService@3408fdb8
2019-07-14 01:12:09,152 WARN  fs.CachingGetSpaceUsed (CachingGetSpaceUsed.java:run(183)) - Thread Interrupted waiting to refresh disk information: sleep interrupted
2019-07-14 01:12:09,173 INFO  statemachine.DatanodeStateMachine (DatanodeStateMachine.java:stopDaemon(395)) - Ozone container server stopped.
2019-07-14 01:12:09,175 INFO  handler.ContextHandler (ContextHandler.java:doStop(910)) - Stopped o.e.j.w.WebAppContext@2429a26f{/,null,UNAVAILABLE}{/hddsDatanode}
2019-07-14 01:12:09,175 INFO  server.AbstractConnector (AbstractConnector.java:doStop(318)) - Stopped ServerConnector@3f9167f7{HTTP/1.1,[http/1.1]}{0.0.0.0:0}
2019-07-14 01:12:09,176 INFO  handler.ContextHandler (ContextHandler.java:doStop(910)) - Stopped o.e.j.s.ServletContextHandler@10095d95{/static,jar:file:/home/user/.m2/repository/org/apache/hadoop/hadoop-hdds-container-service/0.5.0-SNAPSHOT/hadoop-hdds-container-service-0.5.0-SNAPSHOT.jar!/webapps/static,UNAVAILABLE}
2019-07-14 01:12:09,176 INFO  handler.ContextHandler (ContextHandler.java:doStop(910)) - Stopped o.e.j.s.ServletContextHandler@281e2637{/logs,file:///tmp/workdir/hadoop-ozone/integration-test/target/log,UNAVAILABLE}
2019-07-14 01:12:09,177 INFO  datanode.ObjectStoreHandler (ObjectStoreHandler.java:close(155)) - Closing ObjectStoreHandler.
2019-07-14 01:12:09,177 INFO  ozone.HddsDatanodeService (HddsDatanodeService.java:stop(452)) - Stopped plug-in org.apache.hadoop.ozone.web.OzoneHddsDatanodeService@1e2d4645
2019-07-14 01:12:09,606 INFO  statemachine.DatanodeStateMachine (DatanodeStateMachine.java:lambda$startDaemon$0(350)) - Ozone container server started.
2019-07-14 01:12:09,777 INFO  statemachine.DatanodeStateMachine (DatanodeStateMachine.java:lambda$startDaemon$0(350)) - Ozone container server started.
2019-07-14 01:12:11,334 WARN  server.GrpcLogAppender (LogUtils.java:warn(134)) - 3f982a32-c9e2-43cd-8769-2c465688516d->1723e222-22d3-45e5-8ff4-786659216e38: Failed appendEntries: org.apache.ratis.thirdparty.io.grpc.StatusRuntimeException: UNAVAILABLE: io exception
2019-07-14 01:12:11,334 INFO  impl.FollowerInfo (FollowerInfo.java:lambda$new$0(50)) - 3f982a32-c9e2-43cd-8769-2c465688516d->1723e222-22d3-45e5-8ff4-786659216e38: nextIndex: updateUnconditionally 6 -> 5
2019-07-14 01:12:13,698 INFO  node.StaleNodeHandler (StaleNodeHandler.java:onMessage(58)) - Datanode 85605e7b-3a2c-42e0-bbf8-66ce3c3d44ad{ip: 192.168.157.230, host: trunk-nightly-sxkq5-3320257302, networkLocation: /default-rack, certSerialId: null} moved to stale state. Finalizing its pipelines [PipelineID=3ff58555-799a-43f5-bef4-4c4593cca204, PipelineID=5cbb8820-f87a-4fc4-9e3c-13fdd36f3711]
2019-07-14 01:12:13,698 INFO  pipeline.SCMPipelineManager (SCMPipelineManager.java:finalizeAndDestroyPipeline(309)) - destroying pipeline:Pipeline[ Id: 3ff58555-799a-43f5-bef4-4c4593cca204, Nodes: 85605e7b-3a2c-42e0-bbf8-66ce3c3d44ad{ip: 192.168.157.230, host: trunk-nightly-sxkq5-3320257302, networkLocation: /default-rack, certSerialId: null}, Type:RATIS, Factor:ONE, State:OPEN]
2019-07-14 01:12:13,698 INFO  pipeline.PipelineStateManager (PipelineStateManager.java:finalizePipeline(123)) - Pipeline Pipeline[ Id: 3ff58555-799a-43f5-bef4-4c4593cca204, Nodes: 85605e7b-3a2c-42e0-bbf8-66ce3c3d44ad{ip: 192.168.157.230, host: trunk-nightly-sxkq5-3320257302, networkLocation: /default-rack, certSerialId: null}, Type:RATIS, Factor:ONE, State:CLOSED] moved to CLOSED state
2019-07-14 01:12:13,698 INFO  pipeline.SCMPipelineManager (SCMPipelineManager.java:finalizeAndDestroyPipeline(309)) - destroying pipeline:Pipeline[ Id: 5cbb8820-f87a-4fc4-9e3c-13fdd36f3711, Nodes: 85605e7b-3a2c-42e0-bbf8-66ce3c3d44ad{ip: 192.168.157.230, host: trunk-nightly-sxkq5-3320257302, networkLocation: /default-rack, certSerialId: null}86648759-f9f0-416d-ac58-aaf1e59ffa7d{ip: 192.168.157.230, host: trunk-nightly-sxkq5-3320257302, networkLocation: /default-rack, certSerialId: null}59cc0e86-5b81-4789-bfdf-6385f30d5dca{ip: 192.168.157.230, host: trunk-nightly-sxkq5-3320257302, networkLocation: /default-rack, certSerialId: null}, Type:RATIS, Factor:THREE, State:CLOSED]
2019-07-14 01:12:13,798 INFO  node.StaleNodeHandler (StaleNodeHandler.java:onMessage(58)) - Datanode 3f982a32-c9e2-43cd-8769-2c465688516d{ip: 192.168.157.230, host: trunk-nightly-sxkq5-3320257302, networkLocation: /default-rack, certSerialId: null} moved to stale state. Finalizing its pipelines [PipelineID=12af5e68-d0c4-4043-be6d-1e18bf45a716, PipelineID=ff6e9405-0137-4187-93e9-d61b8e5ed4d8]
2019-07-14 01:12:13,798 INFO  pipeline.SCMPipelineManager (SCMPipelineManager.java:finalizeAndDestroyPipeline(309)) - destroying pipeline:Pipeline[ Id: 12af5e68-d0c4-4043-be6d-1e18bf45a716, Nodes: 3f982a32-c9e2-43cd-8769-2c465688516d{ip: 192.168.157.230, host: trunk-nightly-sxkq5-3320257302, networkLocation: /default-rack, certSerialId: null}, Type:RATIS, Factor:ONE, State:OPEN]
2019-07-14 01:12:13,798 INFO  pipeline.PipelineStateManager (PipelineStateManager.java:finalizePipeline(123)) - Pipeline Pipeline[ Id: 12af5e68-d0c4-4043-be6d-1e18bf45a716, Nodes: 3f982a32-c9e2-43cd-8769-2c465688516d{ip: 192.168.157.230, host: trunk-nightly-sxkq5-3320257302, networkLocation: /default-rack, certSerialId: null}, Type:RATIS, Factor:ONE, State:CLOSED] moved to CLOSED state
2019-07-14 01:12:13,798 INFO  pipeline.SCMPipelineManager (SCMPipelineManager.java:finalizeAndDestroyPipeline(309)) - destroying pipeline:Pipeline[ Id: ff6e9405-0137-4187-93e9-d61b8e5ed4d8, Nodes: 1723e222-22d3-45e5-8ff4-786659216e38{ip: 192.168.157.230, host: trunk-nightly-sxkq5-3320257302, networkLocation: /default-rack, certSerialId: null}62e01051-a4ea-4573-9a91-dd0ecf8e4ae7{ip: 192.168.157.230, host: trunk-nightly-sxkq5-3320257302, networkLocation: /default-rack, certSerialId: null}3f982a32-c9e2-43cd-8769-2c465688516d{ip: 192.168.157.230, host: trunk-nightly-sxkq5-3320257302, networkLocation: /default-rack, certSerialId: null}, Type:RATIS, Factor:THREE, State:CLOSED]
2019-07-14 01:12:13,834 WARN  server.GrpcLogAppender (LogUtils.java:warn(134)) - 3f982a32-c9e2-43cd-8769-2c465688516d->1723e222-22d3-45e5-8ff4-786659216e38: Failed appendEntries: org.apache.ratis.thirdparty.io.grpc.StatusRuntimeException: UNAVAILABLE: io exception
2019-07-14 01:12:13,835 INFO  impl.FollowerInfo (FollowerInfo.java:lambda$new$0(50)) - 3f982a32-c9e2-43cd-8769-2c465688516d->1723e222-22d3-45e5-8ff4-786659216e38: nextIndex: updateUnconditionally 5 -> 4
2019-07-14 01:12:14,092 INFO  ozoneimpl.OzoneContainer (OzoneContainer.java:stop(199)) - Attempting to stop container services.
2019-07-14 01:12:14,092 INFO  impl.RaftServerProxy (RaftServerProxy.java:lambda$close$4(314)) - 3f982a32-c9e2-43cd-8769-2c465688516d: close
2019-07-14 01:12:14,092 INFO  impl.RaftServerImpl (RaftServerImpl.java:lambda$shutdown$3(245)) - 3f982a32-c9e2-43cd-8769-2c465688516d: shutdown group-1E18BF45A716
2019-07-14 01:12:14,093 INFO  util.JmxRegister (JmxRegister.java:unregister(73)) - Successfully un-registered JMX Bean with object name Ratis:service=RaftServer,group=group-1E18BF45A716,id=3f982a32-c9e2-43cd-8769-2c465688516d
2019-07-14 01:12:14,093 INFO  impl.RoleInfo (RoleInfo.java:shutdownLeaderState(104)) - 3f982a32-c9e2-43cd-8769-2c465688516d: shutdown LeaderState
2019-07-14 01:12:14,093 INFO  impl.PendingRequests (PendingRequests.java:sendNotLeaderResponses(202)) - 3f982a32-c9e2-43cd-8769-2c465688516d-PendingRequests: sendNotLeaderResponses
2019-07-14 01:12:14,094 INFO  impl.StateMachineUpdater (StateMachineUpdater.java:stopAndJoin(115)) - StateMachineUpdater:3f982a32-c9e2-43cd-8769-2c465688516d:group-1E18BF45A716: set stopIndex = 0
2019-07-14 01:12:14,094 INFO  ratis.ContainerStateMachine (ContainerStateMachine.java:takeSnapshot(246)) - Taking snapshot at termIndex:(t:0, i:~)
2019-07-14 01:12:14,094 INFO  impl.RaftServerImpl (ServerState.java:close(394)) - 3f982a32-c9e2-43cd-8769-2c465688516d:group-1E18BF45A716 closes. The last applied log index is 0
2019-07-14 01:12:14,095 INFO  segmented.SegmentedRaftLogWorker (SegmentedRaftLogWorker.java:run(313)) - 3f982a32-c9e2-43cd-8769-2c465688516d-SegmentedRaftLogWorker:Storage Directory /tmp/workdir/hadoop-ozone/integration-test/target/test-dir/MiniOzoneClusterImpl-df343184-2264-4b4f-ad35-dc83a80966e1/datanode-2/data/ratis/12af5e68-d0c4-4043-be6d-1e18bf45a716 was interrupted, exiting. There are 0 tasks remaining in the queue.
2019-07-14 01:12:14,097 INFO  segmented.SegmentedRaftLogWorker (SegmentedRaftLogWorker.java:close(228)) - 3f982a32-c9e2-43cd-8769-2c465688516d-SegmentedRaftLogWorker:Storage Directory /tmp/workdir/hadoop-ozone/integration-test/target/test-dir/MiniOzoneClusterImpl-df343184-2264-4b4f-ad35-dc83a80966e1/datanode-2/data/ratis/12af5e68-d0c4-4043-be6d-1e18bf45a716 close()
2019-07-14 01:12:14,103 INFO  impl.RaftServerImpl (RaftServerImpl.java:lambda$shutdown$3(245)) - 3f982a32-c9e2-43cd-8769-2c465688516d: shutdown group-D61B8E5ED4D8
2019-07-14 01:12:14,103 INFO  util.JmxRegister (JmxRegister.java:unregister(73)) - Successfully un-registered JMX Bean with object name Ratis:service=RaftServer,group=group-D61B8E5ED4D8,id=3f982a32-c9e2-43cd-8769-2c465688516d
2019-07-14 01:12:14,103 INFO  impl.RoleInfo (RoleInfo.java:shutdownLeaderState(104)) - 3f982a32-c9e2-43cd-8769-2c465688516d: shutdown LeaderState
2019-07-14 01:12:14,108 INFO  impl.PendingRequests (PendingRequests.java:sendNotLeaderResponses(202)) - 3f982a32-c9e2-43cd-8769-2c465688516d-PendingRequests: sendNotLeaderResponses
2019-07-14 01:12:14,108 WARN  server.GrpcLogAppender (GrpcLogAppender.java:mayWait(143)) - GrpcLogAppender(3f982a32-c9e2-43cd-8769-2c465688516d->62e01051-a4ea-4573-9a91-dd0ecf8e4ae7): Wait interrupted by java.lang.InterruptedException
2019-07-14 01:12:14,108 WARN  server.GrpcLogAppender (GrpcLogAppender.java:mayWait(143)) - GrpcLogAppender(3f982a32-c9e2-43cd-8769-2c465688516d->1723e222-22d3-45e5-8ff4-786659216e38): Wait interrupted by java.lang.InterruptedException
2019-07-14 01:12:14,113 INFO  ratis.ContainerStateMachine (ContainerStateMachine.java:takeSnapshot(246)) - Taking snapshot at termIndex:(t:1, i:6)
2019-07-14 01:12:14,113 INFO  impl.StateMachineUpdater (StateMachineUpdater.java:stopAndJoin(115)) - StateMachineUpdater:3f982a32-c9e2-43cd-8769-2c465688516d:group-D61B8E5ED4D8: set stopIndex = 6
2019-07-14 01:12:14,113 INFO  server.GrpcServerProtocolService (GrpcServerProtocolService.java:onCompleted(104)) - 62e01051-a4ea-4573-9a91-dd0ecf8e4ae7: appendEntries completed
2019-07-14 01:12:14,113 INFO  ratis.ContainerStateMachine (ContainerStateMachine.java:takeSnapshot(250)) - Taking a snapshot to file /tmp/workdir/hadoop-ozone/integration-test/target/test-dir/MiniOzoneClusterImpl-df343184-2264-4b4f-ad35-dc83a80966e1/datanode-2/data/ratis/ff6e9405-0137-4187-93e9-d61b8e5ed4d8/sm/snapshot.1_6
2019-07-14 01:12:14,114 INFO  server.GrpcLogAppender (GrpcLogAppender.java:onCompleted(292)) - 3f982a32-c9e2-43cd-8769-2c465688516d->62e01051-a4ea-4573-9a91-dd0ecf8e4ae7: follower responses appendEntries COMPLETED
2019-07-14 01:12:14,114 INFO  impl.FollowerInfo (FollowerInfo.java:lambda$new$0(50)) - 3f982a32-c9e2-43cd-8769-2c465688516d->62e01051-a4ea-4573-9a91-dd0ecf8e4ae7: nextIndex: updateUnconditionally 7 -> 6
2019-07-14 01:12:14,114 INFO  impl.StateMachineUpdater (StateMachineUpdater.java:takeSnapshot(242)) - StateMachineUpdater:3f982a32-c9e2-43cd-8769-2c465688516d:group-D61B8E5ED4D8: Took a snapshot at index 6
2019-07-14 01:12:14,115 INFO  impl.StateMachineUpdater (StateMachineUpdater.java:lambda$new$0(80)) - StateMachineUpdater:3f982a32-c9e2-43cd-8769-2c465688516d:group-D61B8E5ED4D8: snapshotIndex: updateIncreasingly -1 -> 6
2019-07-14 01:12:14,115 INFO  impl.RaftServerImpl (ServerState.java:close(394)) - 3f982a32-c9e2-43cd-8769-2c465688516d:group-D61B8E5ED4D8 closes. The last applied log index is 6
2019-07-14 01:12:14,115 INFO  segmented.SegmentedRaftLogWorker (SegmentedRaftLogWorker.java:run(313)) - 3f982a32-c9e2-43cd-8769-2c465688516d-SegmentedRaftLogWorker:Storage Directory /tmp/workdir/hadoop-ozone/integration-test/target/test-dir/MiniOzoneClusterImpl-df343184-2264-4b4f-ad35-dc83a80966e1/datanode-2/data/ratis/ff6e9405-0137-4187-93e9-d61b8e5ed4d8 was interrupted, exiting. There are 0 tasks remaining in the queue.
2019-07-14 01:12:14,118 INFO  segmented.SegmentedRaftLogWorker (SegmentedRaftLogWorker.java:close(228)) - 3f982a32-c9e2-43cd-8769-2c465688516d-SegmentedRaftLogWorker:Storage Directory /tmp/workdir/hadoop-ozone/integration-test/target/test-dir/MiniOzoneClusterImpl-df343184-2264-4b4f-ad35-dc83a80966e1/datanode-2/data/ratis/ff6e9405-0137-4187-93e9-d61b8e5ed4d8 close()
2019-07-14 01:12:14,123 INFO  server.GrpcService (GrpcService.java:closeImpl(155)) - 3f982a32-c9e2-43cd-8769-2c465688516d: shutdown server with port 37455 now
2019-07-14 01:12:14,123 INFO  server.GrpcService (GrpcService.java:closeImpl(163)) - 3f982a32-c9e2-43cd-8769-2c465688516d: shutdown server with port 37455 successfully
2019-07-14 01:12:14,125 INFO  utils.BackgroundService (BackgroundService.java:shutdown(148)) - Shutting down service BlockDeletingService
2019-07-14 01:12:14,125 WARN  fs.CachingGetSpaceUsed (CachingGetSpaceUsed.java:run(183)) - Thread Interrupted waiting to refresh disk information: sleep interrupted
2019-07-14 01:12:14,147 INFO  statemachine.DatanodeStateMachine (DatanodeStateMachine.java:stopDaemon(395)) - Ozone container server stopped.
2019-07-14 01:12:14,154 INFO  handler.ContextHandler (ContextHandler.java:doStop(910)) - Stopped o.e.j.w.WebAppContext@22a7d4a2{/,null,UNAVAILABLE}{/hddsDatanode}
2019-07-14 01:12:14,155 INFO  server.AbstractConnector (AbstractConnector.java:doStop(318)) - Stopped ServerConnector@792dc1fc{HTTP/1.1,[http/1.1]}{0.0.0.0:0}
2019-07-14 01:12:14,157 INFO  handler.ContextHandler (ContextHandler.java:doStop(910)) - Stopped o.e.j.s.ServletContextHandler@7adde112{/static,jar:file:/home/user/.m2/repository/org/apache/hadoop/hadoop-hdds-container-service/0.5.0-SNAPSHOT/hadoop-hdds-container-service-0.5.0-SNAPSHOT.jar!/webapps/static,UNAVAILABLE}
2019-07-14 01:12:14,159 INFO  handler.ContextHandler (ContextHandler.java:doStop(910)) - Stopped o.e.j.s.ServletContextHandler@65bcc339{/logs,file:///tmp/workdir/hadoop-ozone/integration-test/target/log,UNAVAILABLE}
2019-07-14 01:12:14,160 INFO  datanode.ObjectStoreHandler (ObjectStoreHandler.java:close(155)) - Closing ObjectStoreHandler.
2019-07-14 01:12:14,160 INFO  ozone.HddsDatanodeService (HddsDatanodeService.java:stop(452)) - Stopped plug-in org.apache.hadoop.ozone.web.OzoneHddsDatanodeService@17fe4f0f
2019-07-14 01:12:14,178 INFO  ozoneimpl.OzoneContainer (OzoneContainer.java:stop(199)) - Attempting to stop container services.
2019-07-14 01:12:14,179 INFO  impl.RaftServerProxy (RaftServerProxy.java:lambda$close$4(314)) - 85605e7b-3a2c-42e0-bbf8-66ce3c3d44ad: close
2019-07-14 01:12:14,179 INFO  impl.RaftServerImpl (RaftServerImpl.java:lambda$shutdown$3(245)) - 85605e7b-3a2c-42e0-bbf8-66ce3c3d44ad: shutdown group-4C4593CCA204
2019-07-14 01:12:14,179 INFO  util.JmxRegister (JmxRegister.java:unregister(73)) - Successfully un-registered JMX Bean with object name Ratis:service=RaftServer,group=group-4C4593CCA204,id=85605e7b-3a2c-42e0-bbf8-66ce3c3d44ad
2019-07-14 01:12:14,180 INFO  impl.RoleInfo (RoleInfo.java:shutdownLeaderState(104)) - 85605e7b-3a2c-42e0-bbf8-66ce3c3d44ad: shutdown LeaderState
2019-07-14 01:12:14,180 INFO  impl.PendingRequests (PendingRequests.java:sendNotLeaderResponses(202)) - 85605e7b-3a2c-42e0-bbf8-66ce3c3d44ad-PendingRequests: sendNotLeaderResponses
2019-07-14 01:12:14,181 INFO  impl.StateMachineUpdater (StateMachineUpdater.java:stopAndJoin(115)) - StateMachineUpdater:85605e7b-3a2c-42e0-bbf8-66ce3c3d44ad:group-4C4593CCA204: set stopIndex = 0
2019-07-14 01:12:14,181 INFO  ratis.ContainerStateMachine (ContainerStateMachine.java:takeSnapshot(246)) - Taking snapshot at termIndex:(t:0, i:~)
2019-07-14 01:12:14,181 INFO  impl.RaftServerImpl (ServerState.java:close(394)) - 85605e7b-3a2c-42e0-bbf8-66ce3c3d44ad:group-4C4593CCA204 closes. The last applied log index is 0
2019-07-14 01:12:14,182 INFO  segmented.SegmentedRaftLogWorker (SegmentedRaftLogWorker.java:run(313)) - 85605e7b-3a2c-42e0-bbf8-66ce3c3d44ad-SegmentedRaftLogWorker:Storage Directory /tmp/workdir/hadoop-ozone/integration-test/target/test-dir/MiniOzoneClusterImpl-df343184-2264-4b4f-ad35-dc83a80966e1/datanode-3/data/ratis/3ff58555-799a-43f5-bef4-4c4593cca204 was interrupted, exiting. There are 0 tasks remaining in the queue.
2019-07-14 01:12:14,185 INFO  segmented.SegmentedRaftLogWorker (SegmentedRaftLogWorker.java:close(228)) - 85605e7b-3a2c-42e0-bbf8-66ce3c3d44ad-SegmentedRaftLogWorker:Storage Directory /tmp/workdir/hadoop-ozone/integration-test/target/test-dir/MiniOzoneClusterImpl-df343184-2264-4b4f-ad35-dc83a80966e1/datanode-3/data/ratis/3ff58555-799a-43f5-bef4-4c4593cca204 close()
2019-07-14 01:12:14,198 INFO  impl.RaftServerImpl (RaftServerImpl.java:lambda$shutdown$3(245)) - 85605e7b-3a2c-42e0-bbf8-66ce3c3d44ad: shutdown group-13FDD36F3711
2019-07-14 01:12:14,199 INFO  util.JmxRegister (JmxRegister.java:unregister(73)) - Successfully un-registered JMX Bean with object name Ratis:service=RaftServer,group=group-13FDD36F3711,id=85605e7b-3a2c-42e0-bbf8-66ce3c3d44ad
2019-07-14 01:12:14,199 INFO  impl.RoleInfo (RoleInfo.java:shutdownFollowerState(121)) - 85605e7b-3a2c-42e0-bbf8-66ce3c3d44ad: shutdown FollowerState
2019-07-14 01:12:14,200 INFO  impl.StateMachineUpdater (StateMachineUpdater.java:stopAndJoin(115)) - StateMachineUpdater:85605e7b-3a2c-42e0-bbf8-66ce3c3d44ad:group-13FDD36F3711: set stopIndex = 8
2019-07-14 01:12:14,200 INFO  ratis.ContainerStateMachine (ContainerStateMachine.java:takeSnapshot(246)) - Taking snapshot at termIndex:(t:1, i:7)
2019-07-14 01:12:14,200 INFO  impl.FollowerState (FollowerState.java:run(114)) - 85605e7b-3a2c-42e0-bbf8-66ce3c3d44ad: FollowerState was interrupted: java.lang.InterruptedException: sleep interrupted
2019-07-14 01:12:14,200 INFO  ratis.ContainerStateMachine (ContainerStateMachine.java:takeSnapshot(250)) - Taking a snapshot to file /tmp/workdir/hadoop-ozone/integration-test/target/test-dir/MiniOzoneClusterImpl-df343184-2264-4b4f-ad35-dc83a80966e1/datanode-3/data/ratis/5cbb8820-f87a-4fc4-9e3c-13fdd36f3711/sm/snapshot.1_7
2019-07-14 01:12:14,203 INFO  impl.StateMachineUpdater (StateMachineUpdater.java:takeSnapshot(242)) - StateMachineUpdater:85605e7b-3a2c-42e0-bbf8-66ce3c3d44ad:group-13FDD36F3711: Took a snapshot at index 7
2019-07-14 01:12:14,203 INFO  impl.StateMachineUpdater (StateMachineUpdater.java:lambda$new$0(80)) - StateMachineUpdater:85605e7b-3a2c-42e0-bbf8-66ce3c3d44ad:group-13FDD36F3711: snapshotIndex: updateIncreasingly -1 -> 7
2019-07-14 01:12:14,203 INFO  impl.RaftServerImpl (ServerState.java:close(394)) - 85605e7b-3a2c-42e0-bbf8-66ce3c3d44ad:group-13FDD36F3711 closes. The last applied log index is 8
2019-07-14 01:12:14,204 INFO  segmented.SegmentedRaftLogWorker (SegmentedRaftLogWorker.java:run(313)) - 85605e7b-3a2c-42e0-bbf8-66ce3c3d44ad-SegmentedRaftLogWorker:Storage Directory /tmp/workdir/hadoop-ozone/integration-test/target/test-dir/MiniOzoneClusterImpl-df343184-2264-4b4f-ad35-dc83a80966e1/datanode-3/data/ratis/5cbb8820-f87a-4fc4-9e3c-13fdd36f3711 was interrupted, exiting. There are 0 tasks remaining in the queue.
2019-07-14 01:12:14,206 INFO  segmented.SegmentedRaftLogWorker (SegmentedRaftLogWorker.java:close(228)) - 85605e7b-3a2c-42e0-bbf8-66ce3c3d44ad-SegmentedRaftLogWorker:Storage Directory /tmp/workdir/hadoop-ozone/integration-test/target/test-dir/MiniOzoneClusterImpl-df343184-2264-4b4f-ad35-dc83a80966e1/datanode-3/data/ratis/5cbb8820-f87a-4fc4-9e3c-13fdd36f3711 close()
2019-07-14 01:12:14,209 INFO  server.GrpcService (GrpcService.java:closeImpl(155)) - 85605e7b-3a2c-42e0-bbf8-66ce3c3d44ad: shutdown server with port 34906 now
2019-07-14 01:12:14,209 INFO  server.GrpcService (GrpcService.java:closeImpl(163)) - 85605e7b-3a2c-42e0-bbf8-66ce3c3d44ad: shutdown server with port 34906 successfully
2019-07-14 01:12:14,210 INFO  utils.BackgroundService (BackgroundService.java:shutdown(148)) - Shutting down service BlockDeletingService
2019-07-14 01:12:14,212 WARN  fs.CachingGetSpaceUsed (CachingGetSpaceUsed.java:run(183)) - Thread Interrupted waiting to refresh disk information: sleep interrupted
2019-07-14 01:12:14,235 INFO  statemachine.DatanodeStateMachine (DatanodeStateMachine.java:stopDaemon(395)) - Ozone container server stopped.
2019-07-14 01:12:14,236 INFO  handler.ContextHandler (ContextHandler.java:doStop(910)) - Stopped o.e.j.w.WebAppContext@11a3ffe6{/,null,UNAVAILABLE}{/hddsDatanode}
2019-07-14 01:12:14,237 INFO  server.AbstractConnector (AbstractConnector.java:doStop(318)) - Stopped ServerConnector@66cdde2b{HTTP/1.1,[http/1.1]}{0.0.0.0:0}
2019-07-14 01:12:14,237 INFO  handler.ContextHandler (ContextHandler.java:doStop(910)) - Stopped o.e.j.s.ServletContextHandler@77ae2d25{/static,jar:file:/home/user/.m2/repository/org/apache/hadoop/hadoop-hdds-container-service/0.5.0-SNAPSHOT/hadoop-hdds-container-service-0.5.0-SNAPSHOT.jar!/webapps/static,UNAVAILABLE}
2019-07-14 01:12:14,238 INFO  handler.ContextHandler (ContextHandler.java:doStop(910)) - Stopped o.e.j.s.ServletContextHandler@40957c86{/logs,file:///tmp/workdir/hadoop-ozone/integration-test/target/log,UNAVAILABLE}
2019-07-14 01:12:14,239 INFO  datanode.ObjectStoreHandler (ObjectStoreHandler.java:close(155)) - Closing ObjectStoreHandler.
2019-07-14 01:12:14,239 INFO  ozone.HddsDatanodeService (HddsDatanodeService.java:stop(452)) - Stopped plug-in org.apache.hadoop.ozone.web.OzoneHddsDatanodeService@410308ff
2019-07-14 01:12:14,718 INFO  statemachine.DatanodeStateMachine (DatanodeStateMachine.java:lambda$startDaemon$0(350)) - Ozone container server started.
2019-07-14 01:12:14,781 INFO  statemachine.DatanodeStateMachine (DatanodeStateMachine.java:lambda$startDaemon$0(350)) - Ozone container server started.
2019-07-14 01:12:17,030 INFO  impl.FollowerState (FollowerState.java:run(106)) - 86648759-f9f0-416d-ac58-aaf1e59ffa7d:group-13FDD36F3711 changes to CANDIDATE, lastRpcTime:8633, electionTimeout:5057ms
2019-07-14 01:12:17,030 INFO  impl.RoleInfo (RoleInfo.java:shutdownFollowerState(121)) - 86648759-f9f0-416d-ac58-aaf1e59ffa7d: shutdown FollowerState
2019-07-14 01:12:17,030 INFO  impl.RaftServerImpl (RaftServerImpl.java:setRole(171)) - 86648759-f9f0-416d-ac58-aaf1e59ffa7d:group-13FDD36F3711 changes role from FOLLOWER to CANDIDATE at term 1 for changeToCandidate
2019-07-14 01:12:17,030 INFO  impl.RoleInfo (RoleInfo.java:updateAndGet(143)) - 86648759-f9f0-416d-ac58-aaf1e59ffa7d: start LeaderElection
2019-07-14 01:12:17,033 INFO  impl.RaftServerImpl (ServerState.java:setLeader(263)) - 86648759-f9f0-416d-ac58-aaf1e59ffa7d:group-13FDD36F3711 change Leader from 59cc0e86-5b81-4789-bfdf-6385f30d5dca to null at term 1 for initElection
2019-07-14 01:12:17,059 INFO  impl.LeaderElection (LeaderElection.java:askForVotes(181)) - 86648759-f9f0-416d-ac58-aaf1e59ffa7d:group-13FDD36F3711:LeaderElection101: begin an election at term 2 for 0: [86648759-f9f0-416d-ac58-aaf1e59ffa7d:192.168.157.230:36319, 59cc0e86-5b81-4789-bfdf-6385f30d5dca:192.168.157.230:44572, 85605e7b-3a2c-42e0-bbf8-66ce3c3d44ad:192.168.157.230:34906], old=null
2019-07-14 01:12:17,062 INFO  impl.LeaderElection (LogUtils.java:infoOrTrace(149)) - 86648759-f9f0-416d-ac58-aaf1e59ffa7d:group-13FDD36F3711:LeaderElection101 got exception when requesting votes: {}
java.util.concurrent.ExecutionException: org.apache.ratis.thirdparty.io.grpc.StatusRuntimeException: UNAVAILABLE: io exception
	at java.util.concurrent.FutureTask.report(FutureTask.java:122)
	at java.util.concurrent.FutureTask.get(FutureTask.java:192)
	at org.apache.ratis.server.impl.LeaderElection.waitForResults(LeaderElection.java:262)
	at org.apache.ratis.server.impl.LeaderElection.askForVotes(LeaderElection.java:200)
	at org.apache.ratis.server.impl.LeaderElection.run(LeaderElection.java:130)
	at java.lang.Thread.run(Thread.java:748)
Caused by: org.apache.ratis.thirdparty.io.grpc.StatusRuntimeException: UNAVAILABLE: io exception
	at org.apache.ratis.thirdparty.io.grpc.stub.ClientCalls.toStatusRuntimeException(ClientCalls.java:233)
	at org.apache.ratis.thirdparty.io.grpc.stub.ClientCalls.getUnchecked(ClientCalls.java:214)
	at org.apache.ratis.thirdparty.io.grpc.stub.ClientCalls.blockingUnaryCall(ClientCalls.java:139)
	at org.apache.ratis.proto.grpc.RaftServerProtocolServiceGrpc$RaftServerProtocolServiceBlockingStub.requestVote(RaftServerProtocolServiceGrpc.java:265)
	at org.apache.ratis.grpc.server.GrpcServerProtocolClient.requestVote(GrpcServerProtocolClient.java:83)
	at org.apache.ratis.grpc.server.GrpcService.requestVote(GrpcService.java:195)
	at org.apache.ratis.server.impl.LeaderElection.lambda$submitRequests$1(LeaderElection.java:237)
	at java.util.concurrent.FutureTask.run(FutureTask.java:266)
	at java.util.concurrent.Executors$RunnableAdapter.call(Executors.java:511)
	at java.util.concurrent.FutureTask.run(FutureTask.java:266)
	at java.util.concurrent.ThreadPoolExecutor.runWorker(ThreadPoolExecutor.java:1149)
	at java.util.concurrent.ThreadPoolExecutor$Worker.run(ThreadPoolExecutor.java:624)
	... 1 more
Caused by: org.apache.ratis.thirdparty.io.netty.channel.AbstractChannel$AnnotatedConnectException: Connection refused: /192.168.157.230:44572
	at sun.nio.ch.SocketChannelImpl.checkConnect(Native Method)
	at sun.nio.ch.SocketChannelImpl.finishConnect(SocketChannelImpl.java:717)
	at org.apache.ratis.thirdparty.io.netty.channel.socket.nio.NioSocketChannel.doFinishConnect(NioSocketChannel.java:327)
	at org.apache.ratis.thirdparty.io.netty.channel.nio.AbstractNioChannel$AbstractNioUnsafe.finishConnect(AbstractNioChannel.java:340)
	at org.apache.ratis.thirdparty.io.netty.channel.nio.NioEventLoop.processSelectedKey(NioEventLoop.java:632)
	at org.apache.ratis.thirdparty.io.netty.channel.nio.NioEventLoop.processSelectedKeysOptimized(NioEventLoop.java:579)
	at org.apache.ratis.thirdparty.io.netty.channel.nio.NioEventLoop.processSelectedKeys(NioEventLoop.java:496)
	at org.apache.ratis.thirdparty.io.netty.channel.nio.NioEventLoop.run(NioEventLoop.java:458)
	at org.apache.ratis.thirdparty.io.netty.util.concurrent.SingleThreadEventExecutor$5.run(SingleThreadEventExecutor.java:897)
	at org.apache.ratis.thirdparty.io.netty.util.concurrent.FastThreadLocalRunnable.run(FastThreadLocalRunnable.java:30)
	... 1 more
Caused by: java.net.ConnectException: Connection refused
	... 11 more
2019-07-14 01:12:17,064 INFO  impl.LeaderElection (LogUtils.java:infoOrTrace(149)) - 86648759-f9f0-416d-ac58-aaf1e59ffa7d:group-13FDD36F3711:LeaderElection101 got exception when requesting votes: {}
java.util.concurrent.ExecutionException: org.apache.ratis.thirdparty.io.grpc.StatusRuntimeException: UNAVAILABLE: io exception
	at java.util.concurrent.FutureTask.report(FutureTask.java:122)
	at java.util.concurrent.FutureTask.get(FutureTask.java:192)
	at org.apache.ratis.server.impl.LeaderElection.waitForResults(LeaderElection.java:262)
	at org.apache.ratis.server.impl.LeaderElection.askForVotes(LeaderElection.java:200)
	at org.apache.ratis.server.impl.LeaderElection.run(LeaderElection.java:130)
	at java.lang.Thread.run(Thread.java:748)
Caused by: org.apache.ratis.thirdparty.io.grpc.StatusRuntimeException: UNAVAILABLE: io exception
	at org.apache.ratis.thirdparty.io.grpc.stub.ClientCalls.toStatusRuntimeException(ClientCalls.java:233)
	at org.apache.ratis.thirdparty.io.grpc.stub.ClientCalls.getUnchecked(ClientCalls.java:214)
	at org.apache.ratis.thirdparty.io.grpc.stub.ClientCalls.blockingUnaryCall(ClientCalls.java:139)
	at org.apache.ratis.proto.grpc.RaftServerProtocolServiceGrpc$RaftServerProtocolServiceBlockingStub.requestVote(RaftServerProtocolServiceGrpc.java:265)
	at org.apache.ratis.grpc.server.GrpcServerProtocolClient.requestVote(GrpcServerProtocolClient.java:83)
	at org.apache.ratis.grpc.server.GrpcService.requestVote(GrpcService.java:195)
	at org.apache.ratis.server.impl.LeaderElection.lambda$submitRequests$1(LeaderElection.java:237)
	at java.util.concurrent.FutureTask.run(FutureTask.java:266)
	at java.util.concurrent.Executors$RunnableAdapter.call(Executors.java:511)
	at java.util.concurrent.FutureTask.run(FutureTask.java:266)
	at java.util.concurrent.ThreadPoolExecutor.runWorker(ThreadPoolExecutor.java:1149)
	at java.util.concurrent.ThreadPoolExecutor$Worker.run(ThreadPoolExecutor.java:624)
	... 1 more
Caused by: org.apache.ratis.thirdparty.io.netty.channel.AbstractChannel$AnnotatedConnectException: Connection refused: /192.168.157.230:34906
	at sun.nio.ch.SocketChannelImpl.checkConnect(Native Method)
	at sun.nio.ch.SocketChannelImpl.finishConnect(SocketChannelImpl.java:717)
	at org.apache.ratis.thirdparty.io.netty.channel.socket.nio.NioSocketChannel.doFinishConnect(NioSocketChannel.java:327)
	at org.apache.ratis.thirdparty.io.netty.channel.nio.AbstractNioChannel$AbstractNioUnsafe.finishConnect(AbstractNioChannel.java:340)
	at org.apache.ratis.thirdparty.io.netty.channel.nio.NioEventLoop.processSelectedKey(NioEventLoop.java:632)
	at org.apache.ratis.thirdparty.io.netty.channel.nio.NioEventLoop.processSelectedKeysOptimized(NioEventLoop.java:579)
	at org.apache.ratis.thirdparty.io.netty.channel.nio.NioEventLoop.processSelectedKeys(NioEventLoop.java:496)
	at org.apache.ratis.thirdparty.io.netty.channel.nio.NioEventLoop.run(NioEventLoop.java:458)
	at org.apache.ratis.thirdparty.io.netty.util.concurrent.SingleThreadEventExecutor$5.run(SingleThreadEventExecutor.java:897)
	at org.apache.ratis.thirdparty.io.netty.util.concurrent.FastThreadLocalRunnable.run(FastThreadLocalRunnable.java:30)
	... 1 more
Caused by: java.net.ConnectException: Connection refused
	... 11 more
2019-07-14 01:12:17,067 INFO  impl.LeaderElection (LeaderElection.java:logAndReturn(56)) - 86648759-f9f0-416d-ac58-aaf1e59ffa7d:group-13FDD36F3711:LeaderElection101: Election REJECTED; received 0 response(s) [] and 2 exception(s); 86648759-f9f0-416d-ac58-aaf1e59ffa7d:t2, leader=null, voted=86648759-f9f0-416d-ac58-aaf1e59ffa7d, raftlog=86648759-f9f0-416d-ac58-aaf1e59ffa7d-SegmentedRaftLog:OPENED:c8,f8,i8, conf=0: [86648759-f9f0-416d-ac58-aaf1e59ffa7d:192.168.157.230:36319, 59cc0e86-5b81-4789-bfdf-6385f30d5dca:192.168.157.230:44572, 85605e7b-3a2c-42e0-bbf8-66ce3c3d44ad:192.168.157.230:34906], old=null
2019-07-14 01:12:17,067 INFO  impl.LeaderElection (LogUtils.java:infoOrTrace(149)) -   Exception 0: {}
java.util.concurrent.ExecutionException: org.apache.ratis.thirdparty.io.grpc.StatusRuntimeException: UNAVAILABLE: io exception
	at java.util.concurrent.FutureTask.report(FutureTask.java:122)
	at java.util.concurrent.FutureTask.get(FutureTask.java:192)
	at org.apache.ratis.server.impl.LeaderElection.waitForResults(LeaderElection.java:262)
	at org.apache.ratis.server.impl.LeaderElection.askForVotes(LeaderElection.java:200)
	at org.apache.ratis.server.impl.LeaderElection.run(LeaderElection.java:130)
	at java.lang.Thread.run(Thread.java:748)
Caused by: org.apache.ratis.thirdparty.io.grpc.StatusRuntimeException: UNAVAILABLE: io exception
	at org.apache.ratis.thirdparty.io.grpc.stub.ClientCalls.toStatusRuntimeException(ClientCalls.java:233)
	at org.apache.ratis.thirdparty.io.grpc.stub.ClientCalls.getUnchecked(ClientCalls.java:214)
	at org.apache.ratis.thirdparty.io.grpc.stub.ClientCalls.blockingUnaryCall(ClientCalls.java:139)
	at org.apache.ratis.proto.grpc.RaftServerProtocolServiceGrpc$RaftServerProtocolServiceBlockingStub.requestVote(RaftServerProtocolServiceGrpc.java:265)
	at org.apache.ratis.grpc.server.GrpcServerProtocolClient.requestVote(GrpcServerProtocolClient.java:83)
	at org.apache.ratis.grpc.server.GrpcService.requestVote(GrpcService.java:195)
	at org.apache.ratis.server.impl.LeaderElection.lambda$submitRequests$1(LeaderElection.java:237)
	at java.util.concurrent.FutureTask.run(FutureTask.java:266)
	at java.util.concurrent.Executors$RunnableAdapter.call(Executors.java:511)
	at java.util.concurrent.FutureTask.run(FutureTask.java:266)
	at java.util.concurrent.ThreadPoolExecutor.runWorker(ThreadPoolExecutor.java:1149)
	at java.util.concurrent.ThreadPoolExecutor$Worker.run(ThreadPoolExecutor.java:624)
	... 1 more
Caused by: org.apache.ratis.thirdparty.io.netty.channel.AbstractChannel$AnnotatedConnectException: Connection refused: /192.168.157.230:44572
	at sun.nio.ch.SocketChannelImpl.checkConnect(Native Method)
	at sun.nio.ch.SocketChannelImpl.finishConnect(SocketChannelImpl.java:717)
	at org.apache.ratis.thirdparty.io.netty.channel.socket.nio.NioSocketChannel.doFinishConnect(NioSocketChannel.java:327)
	at org.apache.ratis.thirdparty.io.netty.channel.nio.AbstractNioChannel$AbstractNioUnsafe.finishConnect(AbstractNioChannel.java:340)
	at org.apache.ratis.thirdparty.io.netty.channel.nio.NioEventLoop.processSelectedKey(NioEventLoop.java:632)
	at org.apache.ratis.thirdparty.io.netty.channel.nio.NioEventLoop.processSelectedKeysOptimized(NioEventLoop.java:579)
	at org.apache.ratis.thirdparty.io.netty.channel.nio.NioEventLoop.processSelectedKeys(NioEventLoop.java:496)
	at org.apache.ratis.thirdparty.io.netty.channel.nio.NioEventLoop.run(NioEventLoop.java:458)
	at org.apache.ratis.thirdparty.io.netty.util.concurrent.SingleThreadEventExecutor$5.run(SingleThreadEventExecutor.java:897)
	at org.apache.ratis.thirdparty.io.netty.util.concurrent.FastThreadLocalRunnable.run(FastThreadLocalRunnable.java:30)
	... 1 more
Caused by: java.net.ConnectException: Connection refused
	... 11 more
2019-07-14 01:12:17,067 INFO  impl.LeaderElection (LogUtils.java:infoOrTrace(149)) -   Exception 1: {}
java.util.concurrent.ExecutionException: org.apache.ratis.thirdparty.io.grpc.StatusRuntimeException: UNAVAILABLE: io exception
	at java.util.concurrent.FutureTask.report(FutureTask.java:122)
	at java.util.concurrent.FutureTask.get(FutureTask.java:192)
	at org.apache.ratis.server.impl.LeaderElection.waitForResults(LeaderElection.java:262)
	at org.apache.ratis.server.impl.LeaderElection.askForVotes(LeaderElection.java:200)
	at org.apache.ratis.server.impl.LeaderElection.run(LeaderElection.java:130)
	at java.lang.Thread.run(Thread.java:748)
Caused by: org.apache.ratis.thirdparty.io.grpc.StatusRuntimeException: UNAVAILABLE: io exception
	at org.apache.ratis.thirdparty.io.grpc.stub.ClientCalls.toStatusRuntimeException(ClientCalls.java:233)
	at org.apache.ratis.thirdparty.io.grpc.stub.ClientCalls.getUnchecked(ClientCalls.java:214)
	at org.apache.ratis.thirdparty.io.grpc.stub.ClientCalls.blockingUnaryCall(ClientCalls.java:139)
	at org.apache.ratis.proto.grpc.RaftServerProtocolServiceGrpc$RaftServerProtocolServiceBlockingStub.requestVote(RaftServerProtocolServiceGrpc.java:265)
	at org.apache.ratis.grpc.server.GrpcServerProtocolClient.requestVote(GrpcServerProtocolClient.java:83)
	at org.apache.ratis.grpc.server.GrpcService.requestVote(GrpcService.java:195)
	at org.apache.ratis.server.impl.LeaderElection.lambda$submitRequests$1(LeaderElection.java:237)
	at java.util.concurrent.FutureTask.run(FutureTask.java:266)
	at java.util.concurrent.Executors$RunnableAdapter.call(Executors.java:511)
	at java.util.concurrent.FutureTask.run(FutureTask.java:266)
	at java.util.concurrent.ThreadPoolExecutor.runWorker(ThreadPoolExecutor.java:1149)
	at java.util.concurrent.ThreadPoolExecutor$Worker.run(ThreadPoolExecutor.java:624)
	... 1 more
Caused by: org.apache.ratis.thirdparty.io.netty.channel.AbstractChannel$AnnotatedConnectException: Connection refused: /192.168.157.230:34906
	at sun.nio.ch.SocketChannelImpl.checkConnect(Native Method)
	at sun.nio.ch.SocketChannelImpl.finishConnect(SocketChannelImpl.java:717)
	at org.apache.ratis.thirdparty.io.netty.channel.socket.nio.NioSocketChannel.doFinishConnect(NioSocketChannel.java:327)
	at org.apache.ratis.thirdparty.io.netty.channel.nio.AbstractNioChannel$AbstractNioUnsafe.finishConnect(AbstractNioChannel.java:340)
	at org.apache.ratis.thirdparty.io.netty.channel.nio.NioEventLoop.processSelectedKey(NioEventLoop.java:632)
	at org.apache.ratis.thirdparty.io.netty.channel.nio.NioEventLoop.processSelectedKeysOptimized(NioEventLoop.java:579)
	at org.apache.ratis.thirdparty.io.netty.channel.nio.NioEventLoop.processSelectedKeys(NioEventLoop.java:496)
	at org.apache.ratis.thirdparty.io.netty.channel.nio.NioEventLoop.run(NioEventLoop.java:458)
	at org.apache.ratis.thirdparty.io.netty.util.concurrent.SingleThreadEventExecutor$5.run(SingleThreadEventExecutor.java:897)
	at org.apache.ratis.thirdparty.io.netty.util.concurrent.FastThreadLocalRunnable.run(FastThreadLocalRunnable.java:30)
	... 1 more
Caused by: java.net.ConnectException: Connection refused
	... 11 more
2019-07-14 01:12:17,068 INFO  impl.RaftServerImpl (RaftServerImpl.java:setRole(171)) - 86648759-f9f0-416d-ac58-aaf1e59ffa7d:group-13FDD36F3711 changes role from CANDIDATE to FOLLOWER at term 2 for DISCOVERED_A_NEW_TERM
2019-07-14 01:12:17,068 INFO  impl.RoleInfo (RoleInfo.java:shutdownLeaderElection(134)) - 86648759-f9f0-416d-ac58-aaf1e59ffa7d: shutdown LeaderElection
2019-07-14 01:12:17,068 INFO  impl.RoleInfo (RoleInfo.java:updateAndGet(143)) - 86648759-f9f0-416d-ac58-aaf1e59ffa7d: start FollowerState
2019-07-14 01:12:18,809 INFO  node.StaleNodeHandler (StaleNodeHandler.java:onMessage(58)) - Datanode acee4cc0-5d26-40ab-9ce2-7e48cb5f639e{ip: 192.168.157.230, host: trunk-nightly-sxkq5-3320257302, networkLocation: /default-rack, certSerialId: null} moved to stale state. Finalizing its pipelines [PipelineID=24cbb620-ab05-44a3-9bb9-b456feac932b]
2019-07-14 01:12:18,809 INFO  pipeline.SCMPipelineManager (SCMPipelineManager.java:finalizeAndDestroyPipeline(309)) - destroying pipeline:Pipeline[ Id: 24cbb620-ab05-44a3-9bb9-b456feac932b, Nodes: acee4cc0-5d26-40ab-9ce2-7e48cb5f639e{ip: 192.168.157.230, host: trunk-nightly-sxkq5-3320257302, networkLocation: /default-rack, certSerialId: null}, Type:RATIS, Factor:ONE, State:OPEN]
2019-07-14 01:12:18,809 INFO  pipeline.PipelineStateManager (PipelineStateManager.java:finalizePipeline(123)) - Pipeline Pipeline[ Id: 24cbb620-ab05-44a3-9bb9-b456feac932b, Nodes: acee4cc0-5d26-40ab-9ce2-7e48cb5f639e{ip: 192.168.157.230, host: trunk-nightly-sxkq5-3320257302, networkLocation: /default-rack, certSerialId: null}, Type:RATIS, Factor:ONE, State:CLOSED] moved to CLOSED state
2019-07-14 01:12:18,810 INFO  node.StaleNodeHandler (StaleNodeHandler.java:onMessage(58)) - Datanode 62e01051-a4ea-4573-9a91-dd0ecf8e4ae7{ip: 192.168.157.230, host: trunk-nightly-sxkq5-3320257302, networkLocation: /default-rack, certSerialId: null} moved to stale state. Finalizing its pipelines [PipelineID=706399a8-a728-4a22-bc7e-b78afd7ad64c, PipelineID=ff6e9405-0137-4187-93e9-d61b8e5ed4d8]
2019-07-14 01:12:18,810 INFO  pipeline.SCMPipelineManager (SCMPipelineManager.java:finalizeAndDestroyPipeline(309)) - destroying pipeline:Pipeline[ Id: 706399a8-a728-4a22-bc7e-b78afd7ad64c, Nodes: 62e01051-a4ea-4573-9a91-dd0ecf8e4ae7{ip: 192.168.157.230, host: trunk-nightly-sxkq5-3320257302, networkLocation: /default-rack, certSerialId: null}, Type:RATIS, Factor:ONE, State:OPEN]
2019-07-14 01:12:18,810 INFO  pipeline.PipelineStateManager (PipelineStateManager.java:finalizePipeline(123)) - Pipeline Pipeline[ Id: 706399a8-a728-4a22-bc7e-b78afd7ad64c, Nodes: 62e01051-a4ea-4573-9a91-dd0ecf8e4ae7{ip: 192.168.157.230, host: trunk-nightly-sxkq5-3320257302, networkLocation: /default-rack, certSerialId: null}, Type:RATIS, Factor:ONE, State:CLOSED] moved to CLOSED state
2019-07-14 01:12:18,810 INFO  pipeline.SCMPipelineManager (SCMPipelineManager.java:finalizeAndDestroyPipeline(309)) - destroying pipeline:Pipeline[ Id: ff6e9405-0137-4187-93e9-d61b8e5ed4d8, Nodes: 1723e222-22d3-45e5-8ff4-786659216e38{ip: 192.168.157.230, host: trunk-nightly-sxkq5-3320257302, networkLocation: /default-rack, certSerialId: null}62e01051-a4ea-4573-9a91-dd0ecf8e4ae7{ip: 192.168.157.230, host: trunk-nightly-sxkq5-3320257302, networkLocation: /default-rack, certSerialId: null}3f982a32-c9e2-43cd-8769-2c465688516d{ip: 192.168.157.230, host: trunk-nightly-sxkq5-3320257302, networkLocation: /default-rack, certSerialId: null}, Type:RATIS, Factor:THREE, State:CLOSED]
2019-07-14 01:12:19,161 INFO  ozoneimpl.OzoneContainer (OzoneContainer.java:stop(199)) - Attempting to stop container services.
2019-07-14 01:12:19,161 INFO  impl.RaftServerProxy (RaftServerProxy.java:lambda$close$4(314)) - 62e01051-a4ea-4573-9a91-dd0ecf8e4ae7: close
2019-07-14 01:12:19,161 INFO  impl.RaftServerImpl (RaftServerImpl.java:lambda$shutdown$3(245)) - 62e01051-a4ea-4573-9a91-dd0ecf8e4ae7: shutdown group-B78AFD7AD64C
2019-07-14 01:12:19,162 INFO  util.JmxRegister (JmxRegister.java:unregister(73)) - Successfully un-registered JMX Bean with object name Ratis:service=RaftServer,group=group-B78AFD7AD64C,id=62e01051-a4ea-4573-9a91-dd0ecf8e4ae7
2019-07-14 01:12:19,162 INFO  impl.RoleInfo (RoleInfo.java:shutdownLeaderState(104)) - 62e01051-a4ea-4573-9a91-dd0ecf8e4ae7: shutdown LeaderState
2019-07-14 01:12:19,162 INFO  impl.PendingRequests (PendingRequests.java:sendNotLeaderResponses(202)) - 62e01051-a4ea-4573-9a91-dd0ecf8e4ae7-PendingRequests: sendNotLeaderResponses
2019-07-14 01:12:19,163 INFO  impl.StateMachineUpdater (StateMachineUpdater.java:stopAndJoin(115)) - StateMachineUpdater:62e01051-a4ea-4573-9a91-dd0ecf8e4ae7:group-B78AFD7AD64C: set stopIndex = 0
2019-07-14 01:12:19,163 INFO  ratis.ContainerStateMachine (ContainerStateMachine.java:takeSnapshot(246)) - Taking snapshot at termIndex:(t:0, i:~)
2019-07-14 01:12:19,163 INFO  impl.RaftServerImpl (ServerState.java:close(394)) - 62e01051-a4ea-4573-9a91-dd0ecf8e4ae7:group-B78AFD7AD64C closes. The last applied log index is 0
2019-07-14 01:12:19,164 INFO  segmented.SegmentedRaftLogWorker (SegmentedRaftLogWorker.java:run(313)) - 62e01051-a4ea-4573-9a91-dd0ecf8e4ae7-SegmentedRaftLogWorker:Storage Directory /tmp/workdir/hadoop-ozone/integration-test/target/test-dir/MiniOzoneClusterImpl-df343184-2264-4b4f-ad35-dc83a80966e1/datanode-0/data/ratis/706399a8-a728-4a22-bc7e-b78afd7ad64c was interrupted, exiting. There are 0 tasks remaining in the queue.
2019-07-14 01:12:19,167 INFO  segmented.SegmentedRaftLogWorker (SegmentedRaftLogWorker.java:close(228)) - 62e01051-a4ea-4573-9a91-dd0ecf8e4ae7-SegmentedRaftLogWorker:Storage Directory /tmp/workdir/hadoop-ozone/integration-test/target/test-dir/MiniOzoneClusterImpl-df343184-2264-4b4f-ad35-dc83a80966e1/datanode-0/data/ratis/706399a8-a728-4a22-bc7e-b78afd7ad64c close()
2019-07-14 01:12:19,170 INFO  impl.RaftServerImpl (RaftServerImpl.java:lambda$shutdown$3(245)) - 62e01051-a4ea-4573-9a91-dd0ecf8e4ae7: shutdown group-D61B8E5ED4D8
2019-07-14 01:12:19,170 INFO  util.JmxRegister (JmxRegister.java:unregister(73)) - Successfully un-registered JMX Bean with object name Ratis:service=RaftServer,group=group-D61B8E5ED4D8,id=62e01051-a4ea-4573-9a91-dd0ecf8e4ae7
2019-07-14 01:12:19,170 INFO  impl.RoleInfo (RoleInfo.java:shutdownFollowerState(121)) - 62e01051-a4ea-4573-9a91-dd0ecf8e4ae7: shutdown FollowerState
2019-07-14 01:12:19,171 INFO  impl.StateMachineUpdater (StateMachineUpdater.java:stopAndJoin(115)) - StateMachineUpdater:62e01051-a4ea-4573-9a91-dd0ecf8e4ae7:group-D61B8E5ED4D8: set stopIndex = 6
2019-07-14 01:12:19,171 INFO  impl.FollowerState (FollowerState.java:run(114)) - 62e01051-a4ea-4573-9a91-dd0ecf8e4ae7: FollowerState was interrupted: java.lang.InterruptedException: sleep interrupted
2019-07-14 01:12:19,171 INFO  ratis.ContainerStateMachine (ContainerStateMachine.java:takeSnapshot(246)) - Taking snapshot at termIndex:(t:1, i:4)
2019-07-14 01:12:19,173 INFO  ratis.ContainerStateMachine (ContainerStateMachine.java:takeSnapshot(250)) - Taking a snapshot to file /tmp/workdir/hadoop-ozone/integration-test/target/test-dir/MiniOzoneClusterImpl-df343184-2264-4b4f-ad35-dc83a80966e1/datanode-0/data/ratis/ff6e9405-0137-4187-93e9-d61b8e5ed4d8/sm/snapshot.1_4
2019-07-14 01:12:19,174 INFO  impl.StateMachineUpdater (StateMachineUpdater.java:takeSnapshot(242)) - StateMachineUpdater:62e01051-a4ea-4573-9a91-dd0ecf8e4ae7:group-D61B8E5ED4D8: Took a snapshot at index 4
2019-07-14 01:12:19,174 INFO  impl.StateMachineUpdater (StateMachineUpdater.java:lambda$new$0(80)) - StateMachineUpdater:62e01051-a4ea-4573-9a91-dd0ecf8e4ae7:group-D61B8E5ED4D8: snapshotIndex: updateIncreasingly -1 -> 4
2019-07-14 01:12:19,174 INFO  impl.RaftServerImpl (ServerState.java:close(394)) - 62e01051-a4ea-4573-9a91-dd0ecf8e4ae7:group-D61B8E5ED4D8 closes. The last applied log index is 6
2019-07-14 01:12:19,175 INFO  segmented.SegmentedRaftLogWorker (SegmentedRaftLogWorker.java:run(313)) - 62e01051-a4ea-4573-9a91-dd0ecf8e4ae7-SegmentedRaftLogWorker:Storage Directory /tmp/workdir/hadoop-ozone/integration-test/target/test-dir/MiniOzoneClusterImpl-df343184-2264-4b4f-ad35-dc83a80966e1/datanode-0/data/ratis/ff6e9405-0137-4187-93e9-d61b8e5ed4d8 was interrupted, exiting. There are 0 tasks remaining in the queue.
2019-07-14 01:12:19,177 INFO  segmented.SegmentedRaftLogWorker (SegmentedRaftLogWorker.java:close(228)) - 62e01051-a4ea-4573-9a91-dd0ecf8e4ae7-SegmentedRaftLogWorker:Storage Directory /tmp/workdir/hadoop-ozone/integration-test/target/test-dir/MiniOzoneClusterImpl-df343184-2264-4b4f-ad35-dc83a80966e1/datanode-0/data/ratis/ff6e9405-0137-4187-93e9-d61b8e5ed4d8 close()
2019-07-14 01:12:19,186 INFO  server.GrpcService (GrpcService.java:closeImpl(155)) - 62e01051-a4ea-4573-9a91-dd0ecf8e4ae7: shutdown server with port 44931 now
2019-07-14 01:12:19,186 INFO  server.GrpcService (GrpcService.java:closeImpl(163)) - 62e01051-a4ea-4573-9a91-dd0ecf8e4ae7: shutdown server with port 44931 successfully
2019-07-14 01:12:19,187 INFO  utils.BackgroundService (BackgroundService.java:shutdown(148)) - Shutting down service BlockDeletingService
2019-07-14 01:12:19,188 WARN  fs.CachingGetSpaceUsed (CachingGetSpaceUsed.java:run(183)) - Thread Interrupted waiting to refresh disk information: sleep interrupted
2019-07-14 01:12:19,210 INFO  statemachine.DatanodeStateMachine (DatanodeStateMachine.java:stopDaemon(395)) - Ozone container server stopped.
2019-07-14 01:12:19,228 INFO  handler.ContextHandler (ContextHandler.java:doStop(910)) - Stopped o.e.j.w.WebAppContext@aab0379{/,null,UNAVAILABLE}{/hddsDatanode}
2019-07-14 01:12:19,229 INFO  server.AbstractConnector (AbstractConnector.java:doStop(318)) - Stopped ServerConnector@4916619e{HTTP/1.1,[http/1.1]}{0.0.0.0:0}
2019-07-14 01:12:19,231 INFO  handler.ContextHandler (ContextHandler.java:doStop(910)) - Stopped o.e.j.s.ServletContextHandler@39caf68a{/static,jar:file:/home/user/.m2/repository/org/apache/hadoop/hadoop-hdds-container-service/0.5.0-SNAPSHOT/hadoop-hdds-container-service-0.5.0-SNAPSHOT.jar!/webapps/static,UNAVAILABLE}
2019-07-14 01:12:19,233 INFO  handler.ContextHandler (ContextHandler.java:doStop(910)) - Stopped o.e.j.s.ServletContextHandler@58084f58{/logs,file:///tmp/workdir/hadoop-ozone/integration-test/target/log,UNAVAILABLE}
2019-07-14 01:12:19,234 INFO  datanode.ObjectStoreHandler (ObjectStoreHandler.java:close(155)) - Closing ObjectStoreHandler.
2019-07-14 01:12:19,234 INFO  ozone.HddsDatanodeService (HddsDatanodeService.java:stop(452)) - Stopped plug-in org.apache.hadoop.ozone.web.OzoneHddsDatanodeService@55be2608
2019-07-14 01:12:19,240 INFO  ozoneimpl.OzoneContainer (OzoneContainer.java:stop(199)) - Attempting to stop container services.
2019-07-14 01:12:19,240 INFO  impl.RaftServerProxy (RaftServerProxy.java:lambda$close$4(314)) - acee4cc0-5d26-40ab-9ce2-7e48cb5f639e: close
2019-07-14 01:12:19,240 INFO  impl.RaftServerImpl (RaftServerImpl.java:lambda$shutdown$3(245)) - acee4cc0-5d26-40ab-9ce2-7e48cb5f639e: shutdown group-B456FEAC932B
2019-07-14 01:12:19,241 INFO  util.JmxRegister (JmxRegister.java:unregister(73)) - Successfully un-registered JMX Bean with object name Ratis:service=RaftServer,group=group-B456FEAC932B,id=acee4cc0-5d26-40ab-9ce2-7e48cb5f639e
2019-07-14 01:12:19,241 INFO  impl.RoleInfo (RoleInfo.java:shutdownLeaderState(104)) - acee4cc0-5d26-40ab-9ce2-7e48cb5f639e: shutdown LeaderState
2019-07-14 01:12:19,242 INFO  impl.PendingRequests (PendingRequests.java:sendNotLeaderResponses(202)) - acee4cc0-5d26-40ab-9ce2-7e48cb5f639e-PendingRequests: sendNotLeaderResponses
2019-07-14 01:12:19,242 INFO  impl.StateMachineUpdater (StateMachineUpdater.java:stopAndJoin(115)) - StateMachineUpdater:acee4cc0-5d26-40ab-9ce2-7e48cb5f639e:group-B456FEAC932B: set stopIndex = 0
2019-07-14 01:12:19,242 INFO  ratis.ContainerStateMachine (ContainerStateMachine.java:takeSnapshot(246)) - Taking snapshot at termIndex:(t:0, i:~)
2019-07-14 01:12:19,243 INFO  impl.RaftServerImpl (ServerState.java:close(394)) - acee4cc0-5d26-40ab-9ce2-7e48cb5f639e:group-B456FEAC932B closes. The last applied log index is 0
2019-07-14 01:12:19,243 INFO  segmented.SegmentedRaftLogWorker (SegmentedRaftLogWorker.java:run(313)) - acee4cc0-5d26-40ab-9ce2-7e48cb5f639e-SegmentedRaftLogWorker:Storage Directory /tmp/workdir/hadoop-ozone/integration-test/target/test-dir/MiniOzoneClusterImpl-df343184-2264-4b4f-ad35-dc83a80966e1/datanode-6/data/ratis/24cbb620-ab05-44a3-9bb9-b456feac932b was interrupted, exiting. There are 0 tasks remaining in the queue.
2019-07-14 01:12:19,244 INFO  segmented.SegmentedRaftLogWorker (SegmentedRaftLogWorker.java:close(228)) - acee4cc0-5d26-40ab-9ce2-7e48cb5f639e-SegmentedRaftLogWorker:Storage Directory /tmp/workdir/hadoop-ozone/integration-test/target/test-dir/MiniOzoneClusterImpl-df343184-2264-4b4f-ad35-dc83a80966e1/datanode-6/data/ratis/24cbb620-ab05-44a3-9bb9-b456feac932b close()
2019-07-14 01:12:19,244 INFO  server.GrpcService (GrpcService.java:closeImpl(155)) - acee4cc0-5d26-40ab-9ce2-7e48cb5f639e: shutdown server with port 33854 now
2019-07-14 01:12:19,246 INFO  server.GrpcService (GrpcService.java:closeImpl(163)) - acee4cc0-5d26-40ab-9ce2-7e48cb5f639e: shutdown server with port 33854 successfully
2019-07-14 01:12:19,248 INFO  utils.BackgroundService (BackgroundService.java:shutdown(148)) - Shutting down service BlockDeletingService
2019-07-14 01:12:19,248 WARN  fs.CachingGetSpaceUsed (CachingGetSpaceUsed.java:run(183)) - Thread Interrupted waiting to refresh disk information: sleep interrupted
2019-07-14 01:12:19,267 INFO  statemachine.DatanodeStateMachine (DatanodeStateMachine.java:stopDaemon(395)) - Ozone container server stopped.
2019-07-14 01:12:19,268 INFO  handler.ContextHandler (ContextHandler.java:doStop(910)) - Stopped o.e.j.w.WebAppContext@55de1b68{/,null,UNAVAILABLE}{/hddsDatanode}
2019-07-14 01:12:19,269 INFO  server.AbstractConnector (AbstractConnector.java:doStop(318)) - Stopped ServerConnector@2040722f{HTTP/1.1,[http/1.1]}{0.0.0.0:0}
2019-07-14 01:12:19,269 INFO  handler.ContextHandler (ContextHandler.java:doStop(910)) - Stopped o.e.j.s.ServletContextHandler@281c8eda{/static,jar:file:/home/user/.m2/repository/org/apache/hadoop/hadoop-hdds-container-service/0.5.0-SNAPSHOT/hadoop-hdds-container-service-0.5.0-SNAPSHOT.jar!/webapps/static,UNAVAILABLE}
2019-07-14 01:12:19,269 INFO  handler.ContextHandler (ContextHandler.java:doStop(910)) - Stopped o.e.j.s.ServletContextHandler@eb3ceb4{/logs,file:///tmp/workdir/hadoop-ozone/integration-test/target/log,UNAVAILABLE}
2019-07-14 01:12:19,620 INFO  statemachine.DatanodeStateMachine (DatanodeStateMachine.java:lambda$startDaemon$0(350)) - Ozone container server started.
2019-07-14 01:12:22,185 INFO  impl.FollowerState (FollowerState.java:run(106)) - 86648759-f9f0-416d-ac58-aaf1e59ffa7d:group-13FDD36F3711 changes to CANDIDATE, lastRpcTime:5117, electionTimeout:5117ms
2019-07-14 01:12:22,186 INFO  impl.RoleInfo (RoleInfo.java:shutdownFollowerState(121)) - 86648759-f9f0-416d-ac58-aaf1e59ffa7d: shutdown FollowerState
2019-07-14 01:12:22,186 INFO  impl.RaftServerImpl (RaftServerImpl.java:setRole(171)) - 86648759-f9f0-416d-ac58-aaf1e59ffa7d:group-13FDD36F3711 changes role from FOLLOWER to CANDIDATE at term 2 for changeToCandidate
2019-07-14 01:12:22,186 INFO  impl.RoleInfo (RoleInfo.java:updateAndGet(143)) - 86648759-f9f0-416d-ac58-aaf1e59ffa7d: start LeaderElection
2019-07-14 01:12:22,202 INFO  impl.LeaderElection (LeaderElection.java:askForVotes(181)) - 86648759-f9f0-416d-ac58-aaf1e59ffa7d:group-13FDD36F3711:LeaderElection102: begin an election at term 3 for 0: [86648759-f9f0-416d-ac58-aaf1e59ffa7d:192.168.157.230:36319, 59cc0e86-5b81-4789-bfdf-6385f30d5dca:192.168.157.230:44572, 85605e7b-3a2c-42e0-bbf8-66ce3c3d44ad:192.168.157.230:34906], old=null
2019-07-14 01:12:22,203 INFO  impl.LeaderElection (LogUtils.java:infoOrTrace(149)) - 86648759-f9f0-416d-ac58-aaf1e59ffa7d:group-13FDD36F3711:LeaderElection102 got exception when requesting votes: {}
java.util.concurrent.ExecutionException: org.apache.ratis.thirdparty.io.grpc.StatusRuntimeException: UNAVAILABLE: io exception
	at java.util.concurrent.FutureTask.report(FutureTask.java:122)
	at java.util.concurrent.FutureTask.get(FutureTask.java:192)
	at org.apache.ratis.server.impl.LeaderElection.waitForResults(LeaderElection.java:262)
	at org.apache.ratis.server.impl.LeaderElection.askForVotes(LeaderElection.java:200)
	at org.apache.ratis.server.impl.LeaderElection.run(LeaderElection.java:130)
	at java.lang.Thread.run(Thread.java:748)
Caused by: org.apache.ratis.thirdparty.io.grpc.StatusRuntimeException: UNAVAILABLE: io exception
	at org.apache.ratis.thirdparty.io.grpc.stub.ClientCalls.toStatusRuntimeException(ClientCalls.java:233)
	at org.apache.ratis.thirdparty.io.grpc.stub.ClientCalls.getUnchecked(ClientCalls.java:214)
	at org.apache.ratis.thirdparty.io.grpc.stub.ClientCalls.blockingUnaryCall(ClientCalls.java:139)
	at org.apache.ratis.proto.grpc.RaftServerProtocolServiceGrpc$RaftServerProtocolServiceBlockingStub.requestVote(RaftServerProtocolServiceGrpc.java:265)
	at org.apache.ratis.grpc.server.GrpcServerProtocolClient.requestVote(GrpcServerProtocolClient.java:83)
	at org.apache.ratis.grpc.server.GrpcService.requestVote(GrpcService.java:195)
	at org.apache.ratis.server.impl.LeaderElection.lambda$submitRequests$1(LeaderElection.java:237)
	at java.util.concurrent.FutureTask.run(FutureTask.java:266)
	at java.util.concurrent.Executors$RunnableAdapter.call(Executors.java:511)
	at java.util.concurrent.FutureTask.run(FutureTask.java:266)
	at java.util.concurrent.ThreadPoolExecutor.runWorker(ThreadPoolExecutor.java:1149)
	at java.util.concurrent.ThreadPoolExecutor$Worker.run(ThreadPoolExecutor.java:624)
	... 1 more
Caused by: org.apache.ratis.thirdparty.io.netty.channel.AbstractChannel$AnnotatedConnectException: Connection refused: /192.168.157.230:44572
	at sun.nio.ch.SocketChannelImpl.checkConnect(Native Method)
	at sun.nio.ch.SocketChannelImpl.finishConnect(SocketChannelImpl.java:717)
	at org.apache.ratis.thirdparty.io.netty.channel.socket.nio.NioSocketChannel.doFinishConnect(NioSocketChannel.java:327)
	at org.apache.ratis.thirdparty.io.netty.channel.nio.AbstractNioChannel$AbstractNioUnsafe.finishConnect(AbstractNioChannel.java:340)
	at org.apache.ratis.thirdparty.io.netty.channel.nio.NioEventLoop.processSelectedKey(NioEventLoop.java:632)
	at org.apache.ratis.thirdparty.io.netty.channel.nio.NioEventLoop.processSelectedKeysOptimized(NioEventLoop.java:579)
	at org.apache.ratis.thirdparty.io.netty.channel.nio.NioEventLoop.processSelectedKeys(NioEventLoop.java:496)
	at org.apache.ratis.thirdparty.io.netty.channel.nio.NioEventLoop.run(NioEventLoop.java:458)
	at org.apache.ratis.thirdparty.io.netty.util.concurrent.SingleThreadEventExecutor$5.run(SingleThreadEventExecutor.java:897)
	at org.apache.ratis.thirdparty.io.netty.util.concurrent.FastThreadLocalRunnable.run(FastThreadLocalRunnable.java:30)
	... 1 more
Caused by: java.net.ConnectException: Connection refused
	... 11 more
2019-07-14 01:12:22,214 INFO  impl.LeaderElection (LogUtils.java:infoOrTrace(149)) - 86648759-f9f0-416d-ac58-aaf1e59ffa7d:group-13FDD36F3711:LeaderElection102 got exception when requesting votes: {}
java.util.concurrent.ExecutionException: org.apache.ratis.thirdparty.io.grpc.StatusRuntimeException: UNAVAILABLE: io exception
	at java.util.concurrent.FutureTask.report(FutureTask.java:122)
	at java.util.concurrent.FutureTask.get(FutureTask.java:192)
	at org.apache.ratis.server.impl.LeaderElection.waitForResults(LeaderElection.java:262)
	at org.apache.ratis.server.impl.LeaderElection.askForVotes(LeaderElection.java:200)
	at org.apache.ratis.server.impl.LeaderElection.run(LeaderElection.java:130)
	at java.lang.Thread.run(Thread.java:748)
Caused by: org.apache.ratis.thirdparty.io.grpc.StatusRuntimeException: UNAVAILABLE: io exception
	at org.apache.ratis.thirdparty.io.grpc.stub.ClientCalls.toStatusRuntimeException(ClientCalls.java:233)
	at org.apache.ratis.thirdparty.io.grpc.stub.ClientCalls.getUnchecked(ClientCalls.java:214)
	at org.apache.ratis.thirdparty.io.grpc.stub.ClientCalls.blockingUnaryCall(ClientCalls.java:139)
	at org.apache.ratis.proto.grpc.RaftServerProtocolServiceGrpc$RaftServerProtocolServiceBlockingStub.requestVote(RaftServerProtocolServiceGrpc.java:265)
	at org.apache.ratis.grpc.server.GrpcServerProtocolClient.requestVote(GrpcServerProtocolClient.java:83)
	at org.apache.ratis.grpc.server.GrpcService.requestVote(GrpcService.java:195)
	at org.apache.ratis.server.impl.LeaderElection.lambda$submitRequests$1(LeaderElection.java:237)
	at java.util.concurrent.FutureTask.run(FutureTask.java:266)
	at java.util.concurrent.Executors$RunnableAdapter.call(Executors.java:511)
	at java.util.concurrent.FutureTask.run(FutureTask.java:266)
	at java.util.concurrent.ThreadPoolExecutor.runWorker(ThreadPoolExecutor.java:1149)
	at java.util.concurrent.ThreadPoolExecutor$Worker.run(ThreadPoolExecutor.java:624)
	... 1 more
Caused by: org.apache.ratis.thirdparty.io.netty.channel.AbstractChannel$AnnotatedConnectException: Connection refused: /192.168.157.230:34906
	at sun.nio.ch.SocketChannelImpl.checkConnect(Native Method)
	at sun.nio.ch.SocketChannelImpl.finishConnect(SocketChannelImpl.java:717)
	at org.apache.ratis.thirdparty.io.netty.channel.socket.nio.NioSocketChannel.doFinishConnect(NioSocketChannel.java:327)
	at org.apache.ratis.thirdparty.io.netty.channel.nio.AbstractNioChannel$AbstractNioUnsafe.finishConnect(AbstractNioChannel.java:340)
	at org.apache.ratis.thirdparty.io.netty.channel.nio.NioEventLoop.processSelectedKey(NioEventLoop.java:632)
	at org.apache.ratis.thirdparty.io.netty.channel.nio.NioEventLoop.processSelectedKeysOptimized(NioEventLoop.java:579)
	at org.apache.ratis.thirdparty.io.netty.channel.nio.NioEventLoop.processSelectedKeys(NioEventLoop.java:496)
	at org.apache.ratis.thirdparty.io.netty.channel.nio.NioEventLoop.run(NioEventLoop.java:458)
	at org.apache.ratis.thirdparty.io.netty.util.concurrent.SingleThreadEventExecutor$5.run(SingleThreadEventExecutor.java:897)
	at org.apache.ratis.thirdparty.io.netty.util.concurrent.FastThreadLocalRunnable.run(FastThreadLocalRunnable.java:30)
	... 1 more
Caused by: java.net.ConnectException: Connection refused
	... 11 more
2019-07-14 01:12:22,215 INFO  impl.LeaderElection (LeaderElection.java:logAndReturn(56)) - 86648759-f9f0-416d-ac58-aaf1e59ffa7d:group-13FDD36F3711:LeaderElection102: Election REJECTED; received 0 response(s) [] and 2 exception(s); 86648759-f9f0-416d-ac58-aaf1e59ffa7d:t3, leader=null, voted=86648759-f9f0-416d-ac58-aaf1e59ffa7d, raftlog=86648759-f9f0-416d-ac58-aaf1e59ffa7d-SegmentedRaftLog:OPENED:c8,f8,i8, conf=0: [86648759-f9f0-416d-ac58-aaf1e59ffa7d:192.168.157.230:36319, 59cc0e86-5b81-4789-bfdf-6385f30d5dca:192.168.157.230:44572, 85605e7b-3a2c-42e0-bbf8-66ce3c3d44ad:192.168.157.230:34906], old=null
2019-07-14 01:12:22,215 INFO  impl.LeaderElection (LogUtils.java:infoOrTrace(149)) -   Exception 0: {}
java.util.concurrent.ExecutionException: org.apache.ratis.thirdparty.io.grpc.StatusRuntimeException: UNAVAILABLE: io exception
	at java.util.concurrent.FutureTask.report(FutureTask.java:122)
	at java.util.concurrent.FutureTask.get(FutureTask.java:192)
	at org.apache.ratis.server.impl.LeaderElection.waitForResults(LeaderElection.java:262)
	at org.apache.ratis.server.impl.LeaderElection.askForVotes(LeaderElection.java:200)
	at org.apache.ratis.server.impl.LeaderElection.run(LeaderElection.java:130)
	at java.lang.Thread.run(Thread.java:748)
Caused by: org.apache.ratis.thirdparty.io.grpc.StatusRuntimeException: UNAVAILABLE: io exception
	at org.apache.ratis.thirdparty.io.grpc.stub.ClientCalls.toStatusRuntimeException(ClientCalls.java:233)
	at org.apache.ratis.thirdparty.io.grpc.stub.ClientCalls.getUnchecked(ClientCalls.java:214)
	at org.apache.ratis.thirdparty.io.grpc.stub.ClientCalls.blockingUnaryCall(ClientCalls.java:139)
	at org.apache.ratis.proto.grpc.RaftServerProtocolServiceGrpc$RaftServerProtocolServiceBlockingStub.requestVote(RaftServerProtocolServiceGrpc.java:265)
	at org.apache.ratis.grpc.server.GrpcServerProtocolClient.requestVote(GrpcServerProtocolClient.java:83)
	at org.apache.ratis.grpc.server.GrpcService.requestVote(GrpcService.java:195)
	at org.apache.ratis.server.impl.LeaderElection.lambda$submitRequests$1(LeaderElection.java:237)
	at java.util.concurrent.FutureTask.run(FutureTask.java:266)
	at java.util.concurrent.Executors$RunnableAdapter.call(Executors.java:511)
	at java.util.concurrent.FutureTask.run(FutureTask.java:266)
	at java.util.concurrent.ThreadPoolExecutor.runWorker(ThreadPoolExecutor.java:1149)
	at java.util.concurrent.ThreadPoolExecutor$Worker.run(ThreadPoolExecutor.java:624)
	... 1 more
Caused by: org.apache.ratis.thirdparty.io.netty.channel.AbstractChannel$AnnotatedConnectException: Connection refused: /192.168.157.230:44572
	at sun.nio.ch.SocketChannelImpl.checkConnect(Native Method)
	at sun.nio.ch.SocketChannelImpl.finishConnect(SocketChannelImpl.java:717)
	at org.apache.ratis.thirdparty.io.netty.channel.socket.nio.NioSocketChannel.doFinishConnect(NioSocketChannel.java:327)
	at org.apache.ratis.thirdparty.io.netty.channel.nio.AbstractNioChannel$AbstractNioUnsafe.finishConnect(AbstractNioChannel.java:340)
	at org.apache.ratis.thirdparty.io.netty.channel.nio.NioEventLoop.processSelectedKey(NioEventLoop.java:632)
	at org.apache.ratis.thirdparty.io.netty.channel.nio.NioEventLoop.processSelectedKeysOptimized(NioEventLoop.java:579)
	at org.apache.ratis.thirdparty.io.netty.channel.nio.NioEventLoop.processSelectedKeys(NioEventLoop.java:496)
	at org.apache.ratis.thirdparty.io.netty.channel.nio.NioEventLoop.run(NioEventLoop.java:458)
	at org.apache.ratis.thirdparty.io.netty.util.concurrent.SingleThreadEventExecutor$5.run(SingleThreadEventExecutor.java:897)
	at org.apache.ratis.thirdparty.io.netty.util.concurrent.FastThreadLocalRunnable.run(FastThreadLocalRunnable.java:30)
	... 1 more
Caused by: java.net.ConnectException: Connection refused
	... 11 more
2019-07-14 01:12:22,215 INFO  impl.LeaderElection (LogUtils.java:infoOrTrace(149)) -   Exception 1: {}
java.util.concurrent.ExecutionException: org.apache.ratis.thirdparty.io.grpc.StatusRuntimeException: UNAVAILABLE: io exception
	at java.util.concurrent.FutureTask.report(FutureTask.java:122)
	at java.util.concurrent.FutureTask.get(FutureTask.java:192)
	at org.apache.ratis.server.impl.LeaderElection.waitForResults(LeaderElection.java:262)
	at org.apache.ratis.server.impl.LeaderElection.askForVotes(LeaderElection.java:200)
	at org.apache.ratis.server.impl.LeaderElection.run(LeaderElection.java:130)
	at java.lang.Thread.run(Thread.java:748)
Caused by: org.apache.ratis.thirdparty.io.grpc.StatusRuntimeException: UNAVAILABLE: io exception
	at org.apache.ratis.thirdparty.io.grpc.stub.ClientCalls.toStatusRuntimeException(ClientCalls.java:233)
	at org.apache.ratis.thirdparty.io.grpc.stub.ClientCalls.getUnchecked(ClientCalls.java:214)
	at org.apache.ratis.thirdparty.io.grpc.stub.ClientCalls.blockingUnaryCall(ClientCalls.java:139)
	at org.apache.ratis.proto.grpc.RaftServerProtocolServiceGrpc$RaftServerProtocolServiceBlockingStub.requestVote(RaftServerProtocolServiceGrpc.java:265)
	at org.apache.ratis.grpc.server.GrpcServerProtocolClient.requestVote(GrpcServerProtocolClient.java:83)
	at org.apache.ratis.grpc.server.GrpcService.requestVote(GrpcService.java:195)
	at org.apache.ratis.server.impl.LeaderElection.lambda$submitRequests$1(LeaderElection.java:237)
	at java.util.concurrent.FutureTask.run(FutureTask.java:266)
	at java.util.concurrent.Executors$RunnableAdapter.call(Executors.java:511)
	at java.util.concurrent.FutureTask.run(FutureTask.java:266)
	at java.util.concurrent.ThreadPoolExecutor.runWorker(ThreadPoolExecutor.java:1149)
	at java.util.concurrent.ThreadPoolExecutor$Worker.run(ThreadPoolExecutor.java:624)
	... 1 more
Caused by: org.apache.ratis.thirdparty.io.netty.channel.AbstractChannel$AnnotatedConnectException: Connection refused: /192.168.157.230:34906
	at sun.nio.ch.SocketChannelImpl.checkConnect(Native Method)
	at sun.nio.ch.SocketChannelImpl.finishConnect(SocketChannelImpl.java:717)
	at org.apache.ratis.thirdparty.io.netty.channel.socket.nio.NioSocketChannel.doFinishConnect(NioSocketChannel.java:327)
	at org.apache.ratis.thirdparty.io.netty.channel.nio.AbstractNioChannel$AbstractNioUnsafe.finishConnect(AbstractNioChannel.java:340)
	at org.apache.ratis.thirdparty.io.netty.channel.nio.NioEventLoop.processSelectedKey(NioEventLoop.java:632)
	at org.apache.ratis.thirdparty.io.netty.channel.nio.NioEventLoop.processSelectedKeysOptimized(NioEventLoop.java:579)
	at org.apache.ratis.thirdparty.io.netty.channel.nio.NioEventLoop.processSelectedKeys(NioEventLoop.java:496)
	at org.apache.ratis.thirdparty.io.netty.channel.nio.NioEventLoop.run(NioEventLoop.java:458)
	at org.apache.ratis.thirdparty.io.netty.util.concurrent.SingleThreadEventExecutor$5.run(SingleThreadEventExecutor.java:897)
	at org.apache.ratis.thirdparty.io.netty.util.concurrent.FastThreadLocalRunnable.run(FastThreadLocalRunnable.java:30)
	... 1 more
Caused by: java.net.ConnectException: Connection refused
	... 11 more
2019-07-14 01:12:22,215 INFO  impl.RaftServerImpl (RaftServerImpl.java:setRole(171)) - 86648759-f9f0-416d-ac58-aaf1e59ffa7d:group-13FDD36F3711 changes role from CANDIDATE to FOLLOWER at term 3 for DISCOVERED_A_NEW_TERM
2019-07-14 01:12:22,215 INFO  impl.RoleInfo (RoleInfo.java:shutdownLeaderElection(134)) - 86648759-f9f0-416d-ac58-aaf1e59ffa7d: shutdown LeaderElection
2019-07-14 01:12:22,216 INFO  impl.RoleInfo (RoleInfo.java:updateAndGet(143)) - 86648759-f9f0-416d-ac58-aaf1e59ffa7d: start FollowerState
2019-07-14 01:12:23,717 INFO  node.StaleNodeHandler (StaleNodeHandler.java:onMessage(58)) - Datanode 86648759-f9f0-416d-ac58-aaf1e59ffa7d{ip: 192.168.157.230, host: trunk-nightly-sxkq5-3320257302, networkLocation: /default-rack, certSerialId: null} moved to stale state. Finalizing its pipelines [PipelineID=e6fc4f3d-072d-472c-a57f-c9fcdfce9785, PipelineID=5cbb8820-f87a-4fc4-9e3c-13fdd36f3711]
2019-07-14 01:12:23,717 INFO  pipeline.SCMPipelineManager (SCMPipelineManager.java:finalizeAndDestroyPipeline(309)) - destroying pipeline:Pipeline[ Id: e6fc4f3d-072d-472c-a57f-c9fcdfce9785, Nodes: 86648759-f9f0-416d-ac58-aaf1e59ffa7d{ip: 192.168.157.230, host: trunk-nightly-sxkq5-3320257302, networkLocation: /default-rack, certSerialId: null}, Type:RATIS, Factor:ONE, State:OPEN]
2019-07-14 01:12:23,718 INFO  pipeline.PipelineStateManager (PipelineStateManager.java:finalizePipeline(123)) - Pipeline Pipeline[ Id: e6fc4f3d-072d-472c-a57f-c9fcdfce9785, Nodes: 86648759-f9f0-416d-ac58-aaf1e59ffa7d{ip: 192.168.157.230, host: trunk-nightly-sxkq5-3320257302, networkLocation: /default-rack, certSerialId: null}, Type:RATIS, Factor:ONE, State:CLOSED] moved to CLOSED state
2019-07-14 01:12:23,718 INFO  pipeline.SCMPipelineManager (SCMPipelineManager.java:finalizeAndDestroyPipeline(309)) - destroying pipeline:Pipeline[ Id: 5cbb8820-f87a-4fc4-9e3c-13fdd36f3711, Nodes: 85605e7b-3a2c-42e0-bbf8-66ce3c3d44ad{ip: 192.168.157.230, host: trunk-nightly-sxkq5-3320257302, networkLocation: /default-rack, certSerialId: null}86648759-f9f0-416d-ac58-aaf1e59ffa7d{ip: 192.168.157.230, host: trunk-nightly-sxkq5-3320257302, networkLocation: /default-rack, certSerialId: null}59cc0e86-5b81-4789-bfdf-6385f30d5dca{ip: 192.168.157.230, host: trunk-nightly-sxkq5-3320257302, networkLocation: /default-rack, certSerialId: null}, Type:RATIS, Factor:THREE, State:CLOSED]
2019-07-14 01:12:24,235 INFO  ozoneimpl.OzoneContainer (OzoneContainer.java:stop(199)) - Attempting to stop container services.
2019-07-14 01:12:24,235 INFO  impl.RaftServerProxy (RaftServerProxy.java:lambda$close$4(314)) - 86648759-f9f0-416d-ac58-aaf1e59ffa7d: close
2019-07-14 01:12:24,236 INFO  impl.RaftServerImpl (RaftServerImpl.java:lambda$shutdown$3(245)) - 86648759-f9f0-416d-ac58-aaf1e59ffa7d: shutdown group-C9FCDFCE9785
2019-07-14 01:12:24,236 INFO  util.JmxRegister (JmxRegister.java:unregister(73)) - Successfully un-registered JMX Bean with object name Ratis:service=RaftServer,group=group-C9FCDFCE9785,id=86648759-f9f0-416d-ac58-aaf1e59ffa7d
2019-07-14 01:12:24,236 INFO  impl.RoleInfo (RoleInfo.java:shutdownLeaderState(104)) - 86648759-f9f0-416d-ac58-aaf1e59ffa7d: shutdown LeaderState
2019-07-14 01:12:24,237 INFO  impl.PendingRequests (PendingRequests.java:sendNotLeaderResponses(202)) - 86648759-f9f0-416d-ac58-aaf1e59ffa7d-PendingRequests: sendNotLeaderResponses
2019-07-14 01:12:24,237 INFO  impl.StateMachineUpdater (StateMachineUpdater.java:stopAndJoin(115)) - StateMachineUpdater:86648759-f9f0-416d-ac58-aaf1e59ffa7d:group-C9FCDFCE9785: set stopIndex = 0
2019-07-14 01:12:24,237 INFO  ratis.ContainerStateMachine (ContainerStateMachine.java:takeSnapshot(246)) - Taking snapshot at termIndex:(t:0, i:~)
2019-07-14 01:12:24,237 INFO  impl.RaftServerImpl (ServerState.java:close(394)) - 86648759-f9f0-416d-ac58-aaf1e59ffa7d:group-C9FCDFCE9785 closes. The last applied log index is 0
2019-07-14 01:12:24,238 INFO  segmented.SegmentedRaftLogWorker (SegmentedRaftLogWorker.java:run(313)) - 86648759-f9f0-416d-ac58-aaf1e59ffa7d-SegmentedRaftLogWorker:Storage Directory /tmp/workdir/hadoop-ozone/integration-test/target/test-dir/MiniOzoneClusterImpl-df343184-2264-4b4f-ad35-dc83a80966e1/datanode-5/data/ratis/e6fc4f3d-072d-472c-a57f-c9fcdfce9785 was interrupted, exiting. There are 0 tasks remaining in the queue.
2019-07-14 01:12:24,238 INFO  segmented.SegmentedRaftLogWorker (SegmentedRaftLogWorker.java:close(228)) - 86648759-f9f0-416d-ac58-aaf1e59ffa7d-SegmentedRaftLogWorker:Storage Directory /tmp/workdir/hadoop-ozone/integration-test/target/test-dir/MiniOzoneClusterImpl-df343184-2264-4b4f-ad35-dc83a80966e1/datanode-5/data/ratis/e6fc4f3d-072d-472c-a57f-c9fcdfce9785 close()
2019-07-14 01:12:24,239 INFO  impl.RaftServerImpl (RaftServerImpl.java:lambda$shutdown$3(245)) - 86648759-f9f0-416d-ac58-aaf1e59ffa7d: shutdown group-13FDD36F3711
2019-07-14 01:12:24,239 INFO  util.JmxRegister (JmxRegister.java:unregister(73)) - Successfully un-registered JMX Bean with object name Ratis:service=RaftServer,group=group-13FDD36F3711,id=86648759-f9f0-416d-ac58-aaf1e59ffa7d
2019-07-14 01:12:24,239 INFO  impl.RoleInfo (RoleInfo.java:shutdownFollowerState(121)) - 86648759-f9f0-416d-ac58-aaf1e59ffa7d: shutdown FollowerState
2019-07-14 01:12:24,240 INFO  impl.StateMachineUpdater (StateMachineUpdater.java:stopAndJoin(115)) - StateMachineUpdater:86648759-f9f0-416d-ac58-aaf1e59ffa7d:group-13FDD36F3711: set stopIndex = 8
2019-07-14 01:12:24,240 INFO  impl.FollowerState (FollowerState.java:run(114)) - 86648759-f9f0-416d-ac58-aaf1e59ffa7d: FollowerState was interrupted: java.lang.InterruptedException: sleep interrupted
2019-07-14 01:12:24,240 INFO  ratis.ContainerStateMachine (ContainerStateMachine.java:takeSnapshot(246)) - Taking snapshot at termIndex:(t:1, i:7)
2019-07-14 01:12:24,242 INFO  ratis.ContainerStateMachine (ContainerStateMachine.java:takeSnapshot(250)) - Taking a snapshot to file /tmp/workdir/hadoop-ozone/integration-test/target/test-dir/MiniOzoneClusterImpl-df343184-2264-4b4f-ad35-dc83a80966e1/datanode-5/data/ratis/5cbb8820-f87a-4fc4-9e3c-13fdd36f3711/sm/snapshot.1_7
2019-07-14 01:12:24,242 INFO  impl.StateMachineUpdater (StateMachineUpdater.java:takeSnapshot(242)) - StateMachineUpdater:86648759-f9f0-416d-ac58-aaf1e59ffa7d:group-13FDD36F3711: Took a snapshot at index 7
2019-07-14 01:12:24,242 INFO  impl.StateMachineUpdater (StateMachineUpdater.java:lambda$new$0(80)) - StateMachineUpdater:86648759-f9f0-416d-ac58-aaf1e59ffa7d:group-13FDD36F3711: snapshotIndex: updateIncreasingly -1 -> 7
2019-07-14 01:12:24,243 INFO  impl.RaftServerImpl (ServerState.java:close(394)) - 86648759-f9f0-416d-ac58-aaf1e59ffa7d:group-13FDD36F3711 closes. The last applied log index is 8
2019-07-14 01:12:24,243 INFO  segmented.SegmentedRaftLogWorker (SegmentedRaftLogWorker.java:run(313)) - 86648759-f9f0-416d-ac58-aaf1e59ffa7d-SegmentedRaftLogWorker:Storage Directory /tmp/workdir/hadoop-ozone/integration-test/target/test-dir/MiniOzoneClusterImpl-df343184-2264-4b4f-ad35-dc83a80966e1/datanode-5/data/ratis/5cbb8820-f87a-4fc4-9e3c-13fdd36f3711 was interrupted, exiting. There are 0 tasks remaining in the queue.
2019-07-14 01:12:24,243 INFO  segmented.SegmentedRaftLogWorker (SegmentedRaftLogWorker.java:close(228)) - 86648759-f9f0-416d-ac58-aaf1e59ffa7d-SegmentedRaftLogWorker:Storage Directory /tmp/workdir/hadoop-ozone/integration-test/target/test-dir/MiniOzoneClusterImpl-df343184-2264-4b4f-ad35-dc83a80966e1/datanode-5/data/ratis/5cbb8820-f87a-4fc4-9e3c-13fdd36f3711 close()
2019-07-14 01:12:24,244 INFO  server.GrpcService (GrpcService.java:closeImpl(155)) - 86648759-f9f0-416d-ac58-aaf1e59ffa7d: shutdown server with port 36319 now
2019-07-14 01:12:24,244 INFO  server.GrpcService (GrpcService.java:closeImpl(163)) - 86648759-f9f0-416d-ac58-aaf1e59ffa7d: shutdown server with port 36319 successfully
2019-07-14 01:12:24,245 INFO  utils.BackgroundService (BackgroundService.java:shutdown(148)) - Shutting down service BlockDeletingService
2019-07-14 01:12:24,247 WARN  fs.CachingGetSpaceUsed (CachingGetSpaceUsed.java:run(183)) - Thread Interrupted waiting to refresh disk information: sleep interrupted
2019-07-14 01:12:24,266 INFO  statemachine.DatanodeStateMachine (DatanodeStateMachine.java:stopDaemon(395)) - Ozone container server stopped.
2019-07-14 01:12:24,282 INFO  handler.ContextHandler (ContextHandler.java:doStop(910)) - Stopped o.e.j.w.WebAppContext@283fe454{/,null,UNAVAILABLE}{/hddsDatanode}
2019-07-14 01:12:24,283 INFO  server.AbstractConnector (AbstractConnector.java:doStop(318)) - Stopped ServerConnector@42000b02{HTTP/1.1,[http/1.1]}{0.0.0.0:0}
2019-07-14 01:12:24,289 INFO  handler.ContextHandler (ContextHandler.java:doStop(910)) - Stopped o.e.j.s.ServletContextHandler@63f8006f{/static,jar:file:/home/user/.m2/repository/org/apache/hadoop/hadoop-hdds-container-service/0.5.0-SNAPSHOT/hadoop-hdds-container-service-0.5.0-SNAPSHOT.jar!/webapps/static,UNAVAILABLE}
2019-07-14 01:12:24,289 INFO  handler.ContextHandler (ContextHandler.java:doStop(910)) - Stopped o.e.j.s.ServletContextHandler@7fdef973{/logs,file:///tmp/workdir/hadoop-ozone/integration-test/target/log,UNAVAILABLE}
2019-07-14 01:12:24,290 INFO  ozone.MiniOzoneClusterImpl (MiniOzoneClusterImpl.java:stop(353)) - Stopping the StorageContainerManager
2019-07-14 01:12:24,290 INFO  server.StorageContainerManager (StorageContainerManager.java:stop(796)) - Stopping Replication Manager Service.
2019-07-14 01:12:24,290 INFO  container.ReplicationManager (ReplicationManager.java:stop(187)) - Stopping Replication Monitor Thread.
2019-07-14 01:12:24,290 INFO  server.StorageContainerManager (StorageContainerManager.java:stop(803)) - Stopping Lease Manager of the command watchers
2019-07-14 01:12:24,290 INFO  server.StorageContainerManager (StorageContainerManager.java:stop(810)) - Stopping datanode service RPC server
2019-07-14 01:12:24,291 INFO  server.SCMDatanodeProtocolServer (SCMDatanodeProtocolServer.java:stop(375)) - Stopping the RPC server for DataNodes
2019-07-14 01:12:24,291 INFO  ipc.Server (Server.java:stop(3082)) - Stopping server on 43825
2019-07-14 01:12:24,293 INFO  ipc.Server (Server.java:run(1185)) - Stopping IPC Server listener on 43825
2019-07-14 01:12:24,293 INFO  ipc.Server (Server.java:run(1319)) - Stopping IPC Server Responder
2019-07-14 01:12:24,318 WARN  node.NodeStateManager (NodeStateManager.java:scheduleNextHealthCheck(631)) - Current Thread is interrupted, shutting down HB processing thread for Node Manager.
2019-07-14 01:12:24,319 INFO  server.StorageContainerManager (StorageContainerManager.java:stop(818)) - Stopping block service RPC server
2019-07-14 01:12:24,319 INFO  server.SCMBlockProtocolServer (SCMBlockProtocolServer.java:stop(148)) - Stopping the RPC server for Block Protocol
2019-07-14 01:12:24,319 INFO  ipc.Server (Server.java:stop(3082)) - Stopping server on 33050
2019-07-14 01:12:24,321 INFO  ipc.Server (Server.java:run(1185)) - Stopping IPC Server listener on 33050
2019-07-14 01:12:24,321 INFO  server.StorageContainerManager (StorageContainerManager.java:stop(825)) - Stopping the StorageContainerLocationProtocol RPC server
2019-07-14 01:12:24,323 INFO  server.SCMClientProtocolServer (SCMClientProtocolServer.java:stop(157)) - Stopping the RPC server for Client Protocol
2019-07-14 01:12:24,323 INFO  ipc.Server (Server.java:stop(3082)) - Stopping server on 40766
2019-07-14 01:12:24,321 INFO  ipc.Server (Server.java:run(1319)) - Stopping IPC Server Responder
2019-07-14 01:12:24,325 INFO  ipc.Server (Server.java:run(1185)) - Stopping IPC Server listener on 40766
2019-07-14 01:12:24,325 INFO  server.StorageContainerManager (StorageContainerManager.java:stop(832)) - Stopping Storage Container Manager HTTP server.
2019-07-14 01:12:24,325 INFO  ipc.Server (Server.java:run(1319)) - Stopping IPC Server Responder
2019-07-14 01:12:24,327 INFO  handler.ContextHandler (ContextHandler.java:doStop(910)) - Stopped o.e.j.w.WebAppContext@3fe5c9f1{/,null,UNAVAILABLE}{/scm}
2019-07-14 01:12:24,329 INFO  server.AbstractConnector (AbstractConnector.java:doStop(318)) - Stopped ServerConnector@f7b6b9e{HTTP/1.1,[http/1.1]}{0.0.0.0:0}
2019-07-14 01:12:24,329 INFO  handler.ContextHandler (ContextHandler.java:doStop(910)) - Stopped o.e.j.s.ServletContextHandler@6ddf3c5e{/static,file:///tmp/workdir/hadoop-ozone/integration-test/target/test-classes/webapps/static,UNAVAILABLE}
2019-07-14 01:12:24,330 INFO  handler.ContextHandler (ContextHandler.java:doStop(910)) - Stopped o.e.j.s.ServletContextHandler@39993624{/logs,file:///tmp/workdir/hadoop-ozone/integration-test/target/log,UNAVAILABLE}
2019-07-14 01:12:24,330 INFO  server.StorageContainerManager (StorageContainerManager.java:stop(843)) - Stopping Block Manager Service.
2019-07-14 01:12:24,330 INFO  utils.BackgroundService (BackgroundService.java:shutdown(148)) - Shutting down service SCMBlockDeletingService
2019-07-14 01:12:24,332 INFO  utils.BackgroundService (BackgroundService.java:shutdown(148)) - Shutting down service SCMBlockDeletingService
2019-07-14 01:12:24,332 INFO  server.StorageContainerManager (StorageContainerManager.java:stop(865)) - Stopping SCM Event Queue.
2019-07-14 01:12:24,335 INFO  impl.MetricsSystemImpl (MetricsSystemImpl.java:stop(210)) - Stopping HddsDatanode metrics system...
2019-07-14 01:12:24,348 INFO  impl.MetricsSystemImpl (MetricsSystemImpl.java:stop(216)) - HddsDatanode metrics system stopped.
]]></system-out>
    <system-err><![CDATA[Jul 14, 2019 1:11:51 AM com.sun.jersey.server.impl.application.WebApplicationImpl _initiate
INFO: Initiating Jersey application, version 'Jersey: 1.19 02/11/2015 03:25 AM'
Jul 14, 2019 1:11:51 AM com.sun.jersey.server.impl.application.WebApplicationImpl _initiate
INFO: Initiating Jersey application, version 'Jersey: 1.19 02/11/2015 03:25 AM'
Jul 14, 2019 1:11:51 AM com.sun.jersey.server.impl.application.WebApplicationImpl _initiate
INFO: Initiating Jersey application, version 'Jersey: 1.19 02/11/2015 03:25 AM'
Jul 14, 2019 1:11:52 AM com.sun.jersey.server.impl.application.WebApplicationImpl _initiate
INFO: Initiating Jersey application, version 'Jersey: 1.19 02/11/2015 03:25 AM'
Jul 14, 2019 1:11:52 AM com.sun.jersey.server.impl.application.WebApplicationImpl _initiate
INFO: Initiating Jersey application, version 'Jersey: 1.19 02/11/2015 03:25 AM'
Jul 14, 2019 1:11:52 AM com.sun.jersey.server.impl.application.WebApplicationImpl _initiate
INFO: Initiating Jersey application, version 'Jersey: 1.19 02/11/2015 03:25 AM'
Jul 14, 2019 1:11:52 AM com.sun.jersey.server.impl.application.WebApplicationImpl _initiate
INFO: Initiating Jersey application, version 'Jersey: 1.19 02/11/2015 03:25 AM'
Jul 14, 2019 1:12:03 AM org.apache.ratis.thirdparty.io.grpc.internal.ManagedChannelOrphanWrapper$ManagedChannelReference cleanQueue
SEVERE: *~*~*~ Channel ManagedChannelImpl{logId=3414, target=192.168.157.230:34084} was not shutdown properly!!! ~*~*~*
    Make sure to call shutdown()/shutdownNow() and wait until awaitTermination() returns true.
java.lang.RuntimeException: ManagedChannel allocation site
	at org.apache.ratis.thirdparty.io.grpc.internal.ManagedChannelOrphanWrapper$ManagedChannelReference.<init>(ManagedChannelOrphanWrapper.java:103)
	at org.apache.ratis.thirdparty.io.grpc.internal.ManagedChannelOrphanWrapper.<init>(ManagedChannelOrphanWrapper.java:53)
	at org.apache.ratis.thirdparty.io.grpc.internal.ManagedChannelOrphanWrapper.<init>(ManagedChannelOrphanWrapper.java:44)
	at org.apache.ratis.thirdparty.io.grpc.internal.AbstractManagedChannelImplBuilder.build(AbstractManagedChannelImplBuilder.java:411)
	at org.apache.ratis.grpc.client.GrpcClientProtocolClient.<init>(GrpcClientProtocolClient.java:119)
	at org.apache.ratis.grpc.client.GrpcClientRpc.lambda$new$0(GrpcClientRpc.java:55)
	at org.apache.ratis.util.PeerProxyMap$PeerAndProxy.lambda$getProxy$0(PeerProxyMap.java:61)
	at org.apache.ratis.util.LifeCycle.startAndTransition(LifeCycle.java:202)
	at org.apache.ratis.util.PeerProxyMap$PeerAndProxy.getProxy(PeerProxyMap.java:60)
	at org.apache.ratis.util.PeerProxyMap.getProxy(PeerProxyMap.java:107)
	at org.apache.ratis.grpc.client.GrpcClientRpc.sendRequestAsync(GrpcClientRpc.java:66)
	at org.apache.ratis.client.impl.OrderedAsync.sendRequest(OrderedAsync.java:208)
	at org.apache.ratis.client.impl.OrderedAsync.sendRequestWithRetry(OrderedAsync.java:169)
	at org.apache.ratis.util.SlidingWindow$Client.sendOrDelayRequest(SlidingWindow.java:278)
	at org.apache.ratis.util.SlidingWindow$Client.retry(SlidingWindow.java:294)
	at org.apache.ratis.client.impl.OrderedAsync.lambda$scheduleWithTimeout$7(OrderedAsync.java:195)
	at org.apache.ratis.util.TimeoutScheduler.lambda$onTimeout$0(TimeoutScheduler.java:85)
	at org.apache.ratis.util.TimeoutScheduler.lambda$onTimeout$1(TimeoutScheduler.java:104)
	at org.apache.ratis.util.LogUtils.runAndLog(LogUtils.java:50)
	at org.apache.ratis.util.LogUtils$1.run(LogUtils.java:91)
	at java.util.concurrent.Executors$RunnableAdapter.call(Executors.java:511)
	at java.util.concurrent.FutureTask.run(FutureTask.java:266)
	at java.util.concurrent.ScheduledThreadPoolExecutor$ScheduledFutureTask.access$201(ScheduledThreadPoolExecutor.java:180)
	at java.util.concurrent.ScheduledThreadPoolExecutor$ScheduledFutureTask.run(ScheduledThreadPoolExecutor.java:293)
	at java.util.concurrent.ThreadPoolExecutor.runWorker(ThreadPoolExecutor.java:1149)
	at java.util.concurrent.ThreadPoolExecutor$Worker.run(ThreadPoolExecutor.java:624)
	at java.lang.Thread.run(Thread.java:748)

]]></system-err>
  </testcase>
</testsuite>