<?xml version="1.0" encoding="UTF-8"?>
<testsuite xmlns:xsi="http://www.w3.org/2001/XMLSchema-instance" xsi:noNamespaceSchemaLocation="https://maven.apache.org/surefire/maven-surefire-plugin/xsd/surefire-test-report.xsd" name="org.apache.hadoop.ozone.client.rpc.TestWatchForCommit" time="202.874" tests="6" errors="2" skipped="0" failures="0">
  <properties>
    <property name="awt.toolkit" value="sun.awt.X11.XToolkit"/>
    <property name="file.encoding.pkg" value="sun.io"/>
    <property name="java.specification.version" value="1.8"/>
    <property name="sun.cpu.isalist" value=""/>
    <property name="sun.jnu.encoding" value="UTF-8"/>
    <property name="java.class.path" value="/tmp/workdir/hadoop-ozone/integration-test/target/test-classes:/tmp/workdir/hadoop-ozone/integration-test/target/classes:/home/user/.m2/repository/org/apache/hadoop/hadoop-ozone-common/0.5.0-SNAPSHOT/hadoop-ozone-common-0.5.0-SNAPSHOT.jar:/home/user/.m2/repository/org/apache/commons/commons-compress/1.4.1/commons-compress-1.4.1.jar:/home/user/.m2/repository/org/tukaani/xz/1.0/xz-1.0.jar:/home/user/.m2/repository/org/apache/hadoop/hadoop-common/3.2.0/hadoop-common-3.2.0.jar:/home/user/.m2/repository/org/apache/hadoop/hadoop-hdfs/3.2.0/hadoop-hdfs-3.2.0.jar:/home/user/.m2/repository/org/apache/hadoop/hadoop-hdfs-client/3.2.0/hadoop-hdfs-client-3.2.0.jar:/home/user/.m2/repository/com/fasterxml/jackson/core/jackson-annotations/2.9.5/jackson-annotations-2.9.5.jar:/home/user/.m2/repository/org/apache/hadoop/hadoop-hdds-common/0.5.0-SNAPSHOT/hadoop-hdds-common-0.5.0-SNAPSHOT.jar:/home/user/.m2/repository/javax/annotation/javax.annotation-api/1.2/javax.annotation-api-1.2.jar:/home/user/.m2/repository/org/apache/ratis/ratis-server/0.4.0-2337318-SNAPSHOT/ratis-server-0.4.0-2337318-SNAPSHOT.jar:/home/user/.m2/repository/org/apache/ratis/ratis-thirdparty-misc/0.2.0/ratis-thirdparty-misc-0.2.0.jar:/home/user/.m2/repository/org/apache/ratis/ratis-proto/0.4.0-2337318-SNAPSHOT/ratis-proto-0.4.0-2337318-SNAPSHOT.jar:/home/user/.m2/repository/org/apache/ratis/ratis-common/0.4.0-2337318-SNAPSHOT/ratis-common-0.4.0-2337318-SNAPSHOT.jar:/home/user/.m2/repository/org/apache/ratis/ratis-client/0.4.0-2337318-SNAPSHOT/ratis-client-0.4.0-2337318-SNAPSHOT.jar:/home/user/.m2/repository/org/apache/ratis/ratis-metrics/0.4.0-2337318-SNAPSHOT/ratis-metrics-0.4.0-2337318-SNAPSHOT.jar:/home/user/.m2/repository/org/apache/ratis/ratis-netty/0.4.0-2337318-SNAPSHOT/ratis-netty-0.4.0-2337318-SNAPSHOT.jar:/home/user/.m2/repository/org/apache/ratis/ratis-grpc/0.4.0-2337318-SNAPSHOT/ratis-grpc-0.4.0-2337318-SNAPSHOT.jar:/home/user/.m2/repository/org/rocksdb/rocksdbjni/6.0.1/rocksdbjni-6.0.1.jar:/home/user/.m2/repository/org/apache/logging/log4j/log4j-api/2.11.0/log4j-api-2.11.0.jar:/home/user/.m2/repository/org/apache/logging/log4j/log4j-core/2.11.0/log4j-core-2.11.0.jar:/home/user/.m2/repository/com/lmax/disruptor/3.4.2/disruptor-3.4.2.jar:/home/user/.m2/repository/org/apache/commons/commons-pool2/2.6.0/commons-pool2-2.6.0.jar:/home/user/.m2/repository/org/bouncycastle/bcpkix-jdk15on/1.60/bcpkix-jdk15on-1.60.jar:/home/user/.m2/repository/commons-validator/commons-validator/1.6/commons-validator-1.6.jar:/home/user/.m2/repository/commons-digester/commons-digester/1.8.1/commons-digester-1.8.1.jar:/home/user/.m2/repository/io/jaegertracing/jaeger-client/0.33.1/jaeger-client-0.33.1.jar:/home/user/.m2/repository/io/jaegertracing/jaeger-thrift/0.33.1/jaeger-thrift-0.33.1.jar:/home/user/.m2/repository/org/apache/thrift/libthrift/0.11.0/libthrift-0.11.0.jar:/home/user/.m2/repository/com/squareup/okhttp3/okhttp/3.9.0/okhttp-3.9.0.jar:/home/user/.m2/repository/com/squareup/okio/okio/1.13.0/okio-1.13.0.jar:/home/user/.m2/repository/io/jaegertracing/jaeger-core/0.33.1/jaeger-core-0.33.1.jar:/home/user/.m2/repository/io/jaegertracing/jaeger-tracerresolver/0.33.1/jaeger-tracerresolver-0.33.1.jar:/home/user/.m2/repository/io/opentracing/contrib/opentracing-tracerresolver/0.1.5/opentracing-tracerresolver-0.1.5.jar:/home/user/.m2/repository/io/opentracing/opentracing-util/0.31.0/opentracing-util-0.31.0.jar:/home/user/.m2/repository/io/opentracing/opentracing-api/0.31.0/opentracing-api-0.31.0.jar:/home/user/.m2/repository/io/opentracing/opentracing-noop/0.31.0/opentracing-noop-0.31.0.jar:/home/user/.m2/repository/org/apache/hadoop/hadoop-hdds-server-framework/0.5.0-SNAPSHOT/hadoop-hdds-server-framework-0.5.0-SNAPSHOT.jar:/home/user/.m2/repository/org/apache/hadoop/hadoop-hdds-container-service/0.5.0-SNAPSHOT/hadoop-hdds-container-service-0.5.0-SNAPSHOT.jar:/home/user/.m2/repository/org/apache/hadoop/hadoop-hdds-client/0.5.0-SNAPSHOT/hadoop-hdds-client-0.5.0-SNAPSHOT.jar:/home/user/.m2/repository/org/apache/hadoop/hadoop-hdds-tools/0.5.0-SNAPSHOT/hadoop-hdds-tools-0.5.0-SNAPSHOT.jar:/home/user/.m2/repository/org/apache/hadoop/hadoop-hdds-server-scm/0.5.0-SNAPSHOT/hadoop-hdds-server-scm-0.5.0-SNAPSHOT.jar:/home/user/.m2/repository/org/apache/hadoop/hadoop-hdds-docs/0.5.0-SNAPSHOT/hadoop-hdds-docs-0.5.0-SNAPSHOT.jar:/home/user/.m2/repository/io/dropwizard/metrics/metrics-core/3.2.4/metrics-core-3.2.4.jar:/home/user/.m2/repository/org/hamcrest/hamcrest-all/1.3/hamcrest-all-1.3.jar:/home/user/.m2/repository/org/bouncycastle/bcprov-jdk15on/1.60/bcprov-jdk15on-1.60.jar:/home/user/.m2/repository/info/picocli/picocli/3.9.6/picocli-3.9.6.jar:/home/user/.m2/repository/com/google/protobuf/protobuf-java/2.5.0/protobuf-java-2.5.0.jar:/home/user/.m2/repository/com/google/guava/guava/11.0.2/guava-11.0.2.jar:/home/user/.m2/repository/org/apache/hadoop/hadoop-ozone-ozone-manager/0.5.0-SNAPSHOT/hadoop-ozone-ozone-manager-0.5.0-SNAPSHOT.jar:/home/user/.m2/repository/org/apache/hadoop/hadoop-minikdc/3.2.0/hadoop-minikdc-3.2.0.jar:/home/user/.m2/repository/commons-io/commons-io/2.5/commons-io-2.5.jar:/home/user/.m2/repository/org/apache/kerby/kerb-simplekdc/1.0.1/kerb-simplekdc-1.0.1.jar:/home/user/.m2/repository/org/apache/kerby/kerb-client/1.0.1/kerb-client-1.0.1.jar:/home/user/.m2/repository/org/apache/kerby/kerby-config/1.0.1/kerby-config-1.0.1.jar:/home/user/.m2/repository/org/apache/kerby/kerb-core/1.0.1/kerb-core-1.0.1.jar:/home/user/.m2/repository/org/apache/kerby/kerby-pkix/1.0.1/kerby-pkix-1.0.1.jar:/home/user/.m2/repository/org/apache/kerby/kerby-asn1/1.0.1/kerby-asn1-1.0.1.jar:/home/user/.m2/repository/org/apache/kerby/kerby-util/1.0.1/kerby-util-1.0.1.jar:/home/user/.m2/repository/org/apache/kerby/kerb-common/1.0.1/kerb-common-1.0.1.jar:/home/user/.m2/repository/org/apache/kerby/kerb-crypto/1.0.1/kerb-crypto-1.0.1.jar:/home/user/.m2/repository/org/apache/kerby/kerb-util/1.0.1/kerb-util-1.0.1.jar:/home/user/.m2/repository/org/apache/kerby/token-provider/1.0.1/token-provider-1.0.1.jar:/home/user/.m2/repository/org/apache/kerby/kerb-admin/1.0.1/kerb-admin-1.0.1.jar:/home/user/.m2/repository/org/apache/kerby/kerb-server/1.0.1/kerb-server-1.0.1.jar:/home/user/.m2/repository/org/apache/kerby/kerb-identity/1.0.1/kerb-identity-1.0.1.jar:/home/user/.m2/repository/org/apache/kerby/kerby-xdr/1.0.1/kerby-xdr-1.0.1.jar:/home/user/.m2/repository/org/slf4j/slf4j-log4j12/1.7.25/slf4j-log4j12-1.7.25.jar:/home/user/.m2/repository/org/apache/hadoop/hadoop-ozone-objectstore-service/0.5.0-SNAPSHOT/hadoop-ozone-objectstore-service-0.5.0-SNAPSHOT.jar:/home/user/.m2/repository/org/apache/hadoop/hadoop-ozone-s3gateway/0.5.0-SNAPSHOT/hadoop-ozone-s3gateway-0.5.0-SNAPSHOT.jar:/home/user/.m2/repository/org/jboss/weld/servlet/weld-servlet/2.4.7.Final/weld-servlet-2.4.7.Final.jar:/home/user/.m2/repository/org/glassfish/jersey/containers/jersey-container-servlet-core/2.27/jersey-container-servlet-core-2.27.jar:/home/user/.m2/repository/org/glassfish/hk2/external/javax.inject/2.5.0-b42/javax.inject-2.5.0-b42.jar:/home/user/.m2/repository/org/glassfish/jersey/core/jersey-common/2.27/jersey-common-2.27.jar:/home/user/.m2/repository/org/glassfish/hk2/osgi-resource-locator/1.0.1/osgi-resource-locator-1.0.1.jar:/home/user/.m2/repository/javax/ws/rs/javax.ws.rs-api/2.1/javax.ws.rs-api-2.1.jar:/home/user/.m2/repository/org/glassfish/jersey/ext/cdi/jersey-cdi1x/2.27/jersey-cdi1x-2.27.jar:/home/user/.m2/repository/org/glassfish/jersey/inject/jersey-hk2/2.27/jersey-hk2-2.27.jar:/home/user/.m2/repository/org/glassfish/hk2/hk2-locator/2.5.0-b42/hk2-locator-2.5.0-b42.jar:/home/user/.m2/repository/org/javassist/javassist/3.22.0-CR2/javassist-3.22.0-CR2.jar:/home/user/.m2/repository/org/glassfish/hk2/hk2-api/2.5.0/hk2-api-2.5.0.jar:/home/user/.m2/repository/org/glassfish/hk2/external/jakarta.inject/2.5.0/jakarta.inject-2.5.0.jar:/home/user/.m2/repository/org/glassfish/hk2/hk2-utils/2.5.0/hk2-utils-2.5.0.jar:/home/user/.m2/repository/jakarta/annotation/jakarta.annotation-api/1.3.4/jakarta.annotation-api-1.3.4.jar:/home/user/.m2/repository/org/glassfish/hk2/external/aopalliance-repackaged/2.5.0/aopalliance-repackaged-2.5.0.jar:/home/user/.m2/repository/com/fasterxml/jackson/dataformat/jackson-dataformat-xml/2.9.0/jackson-dataformat-xml-2.9.0.jar:/home/user/.m2/repository/com/fasterxml/jackson/core/jackson-core/2.9.5/jackson-core-2.9.5.jar:/home/user/.m2/repository/com/fasterxml/jackson/module/jackson-module-jaxb-annotations/2.9.5/jackson-module-jaxb-annotations-2.9.5.jar:/home/user/.m2/repository/javax/enterprise/cdi-api/1.2/cdi-api-1.2.jar:/home/user/.m2/repository/javax/el/javax.el-api/3.0.0/javax.el-api-3.0.0.jar:/home/user/.m2/repository/javax/interceptor/javax.interceptor-api/1.2/javax.interceptor-api-1.2.jar:/home/user/.m2/repository/javax/inject/javax.inject/1/javax.inject-1.jar:/home/user/.m2/repository/com/sun/xml/bind/jaxb-impl/2.3.0.1/jaxb-impl-2.3.0.1.jar:/home/user/.m2/repository/com/sun/xml/bind/jaxb-core/2.3.0.1/jaxb-core-2.3.0.1.jar:/home/user/.m2/repository/javax/xml/bind/jaxb-api/2.3.0/jaxb-api-2.3.0.jar:/home/user/.m2/repository/javax/activation/activation/1.1.1/activation-1.1.1.jar:/home/user/.m2/repository/org/apache/hadoop/hadoop-ozone-csi/0.5.0-SNAPSHOT/hadoop-ozone-csi-0.5.0-SNAPSHOT.jar:/home/user/.m2/repository/com/google/protobuf/protobuf-java-util/3.5.1/protobuf-java-util-3.5.1.jar:/home/user/.m2/repository/org/apache/hadoop/hadoop-hdds-config/0.5.0-SNAPSHOT/hadoop-hdds-config-0.5.0-SNAPSHOT.jar:/home/user/.m2/repository/io/grpc/grpc-netty/1.17.1/grpc-netty-1.17.1.jar:/home/user/.m2/repository/io/grpc/grpc-core/1.17.1/grpc-core-1.17.1.jar:/home/user/.m2/repository/io/grpc/grpc-context/1.17.1/grpc-context-1.17.1.jar:/home/user/.m2/repository/com/google/errorprone/error_prone_annotations/2.2.0/error_prone_annotations-2.2.0.jar:/home/user/.m2/repository/org/codehaus/mojo/animal-sniffer-annotations/1.17/animal-sniffer-annotations-1.17.jar:/home/user/.m2/repository/io/opencensus/opencensus-api/0.17.0/opencensus-api-0.17.0.jar:/home/user/.m2/repository/io/opencensus/opencensus-contrib-grpc-metrics/0.17.0/opencensus-contrib-grpc-metrics-0.17.0.jar:/home/user/.m2/repository/io/netty/netty-codec-http2/4.1.30.Final/netty-codec-http2-4.1.30.Final.jar:/home/user/.m2/repository/io/netty/netty-codec-http/4.1.30.Final/netty-codec-http-4.1.30.Final.jar:/home/user/.m2/repository/io/netty/netty-codec/4.1.30.Final/netty-codec-4.1.30.Final.jar:/home/user/.m2/repository/io/netty/netty-handler/4.1.30.Final/netty-handler-4.1.30.Final.jar:/home/user/.m2/repository/io/netty/netty-handler-proxy/4.1.30.Final/netty-handler-proxy-4.1.30.Final.jar:/home/user/.m2/repository/io/netty/netty-codec-socks/4.1.30.Final/netty-codec-socks-4.1.30.Final.jar:/home/user/.m2/repository/io/netty/netty-transport-native-epoll/4.1.30.Final/netty-transport-native-epoll-4.1.30.Final.jar:/home/user/.m2/repository/io/netty/netty-common/4.1.30.Final/netty-common-4.1.30.Final.jar:/home/user/.m2/repository/io/netty/netty-buffer/4.1.30.Final/netty-buffer-4.1.30.Final.jar:/home/user/.m2/repository/io/netty/netty-transport/4.1.30.Final/netty-transport-4.1.30.Final.jar:/home/user/.m2/repository/io/netty/netty-resolver/4.1.30.Final/netty-resolver-4.1.30.Final.jar:/home/user/.m2/repository/io/netty/netty-transport-native-unix-common/4.1.30.Final/netty-transport-native-unix-common-4.1.30.Final.jar:/home/user/.m2/repository/io/grpc/grpc-protobuf/1.17.1/grpc-protobuf-1.17.1.jar:/home/user/.m2/repository/com/google/api/grpc/proto-google-common-protos/1.0.0/proto-google-common-protos-1.0.0.jar:/home/user/.m2/repository/io/grpc/grpc-protobuf-lite/1.17.1/grpc-protobuf-lite-1.17.1.jar:/home/user/.m2/repository/io/grpc/grpc-stub/1.17.1/grpc-stub-1.17.1.jar:/home/user/.m2/repository/org/apache/hadoop/hadoop-ozone-recon/0.5.0-SNAPSHOT/hadoop-ozone-recon-0.5.0-SNAPSHOT.jar:/home/user/.m2/repository/org/apache/hadoop/hadoop-ozone-reconcodegen/0.5.0-SNAPSHOT/hadoop-ozone-reconcodegen-0.5.0-SNAPSHOT.jar:/home/user/.m2/repository/com/google/inject/extensions/guice-multibindings/4.0/guice-multibindings-4.0.jar:/home/user/.m2/repository/com/google/inject/guice/4.0/guice-4.0.jar:/home/user/.m2/repository/aopalliance/aopalliance/1.0/aopalliance-1.0.jar:/home/user/.m2/repository/com/google/inject/extensions/guice-servlet/4.0/guice-servlet-4.0.jar:/home/user/.m2/repository/org/glassfish/jersey/containers/jersey-container-servlet/2.27/jersey-container-servlet-2.27.jar:/home/user/.m2/repository/org/glassfish/hk2/guice-bridge/2.5.0/guice-bridge-2.5.0.jar:/home/user/.m2/repository/org/glassfish/jersey/core/jersey-server/2.27/jersey-server-2.27.jar:/home/user/.m2/repository/org/glassfish/jersey/core/jersey-client/2.27/jersey-client-2.27.jar:/home/user/.m2/repository/org/glassfish/jersey/media/jersey-media-jaxb/2.27/jersey-media-jaxb-2.27.jar:/home/user/.m2/repository/javax/validation/validation-api/1.1.0.Final/validation-api-1.1.0.Final.jar:/home/user/.m2/repository/org/glassfish/jersey/media/jersey-media-json-jackson/2.27/jersey-media-json-jackson-2.27.jar:/home/user/.m2/repository/org/glassfish/jersey/ext/jersey-entity-filtering/2.27/jersey-entity-filtering-2.27.jar:/home/user/.m2/repository/com/google/inject/extensions/guice-assistedinject/4.0/guice-assistedinject-4.0.jar:/home/user/.m2/repository/org/jooq/jooq/3.11.10/jooq-3.11.10.jar:/home/user/.m2/repository/org/jooq/jooq-meta/3.11.10/jooq-meta-3.11.10.jar:/home/user/.m2/repository/org/jooq/jooq-codegen/3.11.10/jooq-codegen-3.11.10.jar:/home/user/.m2/repository/com/jolbox/bonecp/0.8.0.RELEASE/bonecp-0.8.0.RELEASE.jar:/home/user/.m2/repository/org/xerial/sqlite-jdbc/3.25.2/sqlite-jdbc-3.25.2.jar:/home/user/.m2/repository/org/springframework/spring-jdbc/5.1.3.RELEASE/spring-jdbc-5.1.3.RELEASE.jar:/home/user/.m2/repository/org/springframework/spring-beans/5.1.3.RELEASE/spring-beans-5.1.3.RELEASE.jar:/home/user/.m2/repository/org/springframework/spring-core/5.1.3.RELEASE/spring-core-5.1.3.RELEASE.jar:/home/user/.m2/repository/org/springframework/spring-jcl/5.1.3.RELEASE/spring-jcl-5.1.3.RELEASE.jar:/home/user/.m2/repository/org/springframework/spring-tx/5.1.3.RELEASE/spring-tx-5.1.3.RELEASE.jar:/home/user/.m2/repository/org/apache/hadoop/hadoop-ozone-client/0.5.0-SNAPSHOT/hadoop-ozone-client-0.5.0-SNAPSHOT.jar:/home/user/.m2/repository/commons-lang/commons-lang/2.6/commons-lang-2.6.jar:/home/user/.m2/repository/org/apache/hadoop/hadoop-ozone-ozone-manager/0.5.0-SNAPSHOT/hadoop-ozone-ozone-manager-0.5.0-SNAPSHOT-tests.jar:/home/user/.m2/repository/junit/junit/4.11/junit-4.11.jar:/home/user/.m2/repository/org/hamcrest/hamcrest-core/1.3/hamcrest-core-1.3.jar:/home/user/.m2/repository/org/openjdk/jmh/jmh-core/1.19/jmh-core-1.19.jar:/home/user/.m2/repository/net/sf/jopt-simple/jopt-simple/4.6/jopt-simple-4.6.jar:/home/user/.m2/repository/org/apache/commons/commons-math3/3.1.1/commons-math3-3.1.1.jar:/home/user/.m2/repository/org/openjdk/jmh/jmh-generator-annprocess/1.19/jmh-generator-annprocess-1.19.jar:/home/user/.m2/repository/org/mockito/mockito-all/1.8.5/mockito-all-1.8.5.jar:/home/user/.m2/repository/org/apache/hadoop/hadoop-kms/3.2.0/hadoop-kms-3.2.0.jar:/home/user/.m2/repository/org/apache/hadoop/hadoop-auth/3.2.0/hadoop-auth-3.2.0.jar:/home/user/.m2/repository/com/nimbusds/nimbus-jose-jwt/4.41.1/nimbus-jose-jwt-4.41.1.jar:/home/user/.m2/repository/com/github/stephenc/jcip/jcip-annotations/1.0-1/jcip-annotations-1.0-1.jar:/home/user/.m2/repository/net/minidev/json-smart/2.3/json-smart-2.3.jar:/home/user/.m2/repository/net/minidev/accessors-smart/1.2/accessors-smart-1.2.jar:/home/user/.m2/repository/org/ow2/asm/asm/5.0.4/asm-5.0.4.jar:/home/user/.m2/repository/org/apache/curator/curator-framework/2.12.0/curator-framework-2.12.0.jar:/home/user/.m2/repository/com/sun/jersey/jersey-core/1.19/jersey-core-1.19.jar:/home/user/.m2/repository/javax/ws/rs/jsr311-api/1.1.1/jsr311-api-1.1.1.jar:/home/user/.m2/repository/com/sun/jersey/jersey-server/1.19/jersey-server-1.19.jar:/home/user/.m2/repository/javax/servlet/javax.servlet-api/3.1.0/javax.servlet-api-3.1.0.jar:/home/user/.m2/repository/org/eclipse/jetty/jetty-server/9.3.24.v20180605/jetty-server-9.3.24.v20180605.jar:/home/user/.m2/repository/org/eclipse/jetty/jetty-http/9.3.24.v20180605/jetty-http-9.3.24.v20180605.jar:/home/user/.m2/repository/org/eclipse/jetty/jetty-io/9.3.24.v20180605/jetty-io-9.3.24.v20180605.jar:/home/user/.m2/repository/org/eclipse/jetty/jetty-webapp/9.3.24.v20180605/jetty-webapp-9.3.24.v20180605.jar:/home/user/.m2/repository/org/eclipse/jetty/jetty-xml/9.3.24.v20180605/jetty-xml-9.3.24.v20180605.jar:/home/user/.m2/repository/log4j/log4j/1.2.17/log4j-1.2.17.jar:/home/user/.m2/repository/org/slf4j/slf4j-api/1.7.25/slf4j-api-1.7.25.jar:/home/user/.m2/repository/org/slf4j/jul-to-slf4j/1.7.25/jul-to-slf4j-1.7.25.jar:/home/user/.m2/repository/org/eclipse/jetty/jetty-util/9.3.24.v20180605/jetty-util-9.3.24.v20180605.jar:/home/user/.m2/repository/com/fasterxml/jackson/core/jackson-databind/2.9.5/jackson-databind-2.9.5.jar:/home/user/.m2/repository/org/apache/hadoop/hadoop-kms/3.2.0/hadoop-kms-3.2.0-tests.jar:/home/user/.m2/repository/org/apache/hadoop/hadoop-hdds-server-scm/0.5.0-SNAPSHOT/hadoop-hdds-server-scm-0.5.0-SNAPSHOT-tests.jar:/home/user/.m2/repository/org/apache/hadoop/hadoop-hdds-container-service/0.5.0-SNAPSHOT/hadoop-hdds-container-service-0.5.0-SNAPSHOT-tests.jar:/home/user/.m2/repository/org/yaml/snakeyaml/1.16/snakeyaml-1.16.jar:/home/user/.m2/repository/org/apache/hadoop/hadoop-common/3.2.0/hadoop-common-3.2.0-tests.jar:/home/user/.m2/repository/org/apache/hadoop/hadoop-annotations/3.2.0/hadoop-annotations-3.2.0.jar:/usr/lib/jvm/java-1.8-openjdk/jre/../lib/tools.jar:/home/user/.m2/repository/commons-cli/commons-cli/1.2/commons-cli-1.2.jar:/home/user/.m2/repository/org/apache/httpcomponents/httpclient/4.5.2/httpclient-4.5.2.jar:/home/user/.m2/repository/org/apache/httpcomponents/httpcore/4.4.4/httpcore-4.4.4.jar:/home/user/.m2/repository/commons-codec/commons-codec/1.11/commons-codec-1.11.jar:/home/user/.m2/repository/commons-net/commons-net/3.6/commons-net-3.6.jar:/home/user/.m2/repository/commons-collections/commons-collections/3.2.2/commons-collections-3.2.2.jar:/home/user/.m2/repository/org/eclipse/jetty/jetty-servlet/9.3.24.v20180605/jetty-servlet-9.3.24.v20180605.jar:/home/user/.m2/repository/org/eclipse/jetty/jetty-security/9.3.24.v20180605/jetty-security-9.3.24.v20180605.jar:/home/user/.m2/repository/javax/servlet/jsp/jsp-api/2.1/jsp-api-2.1.jar:/home/user/.m2/repository/com/sun/jersey/jersey-servlet/1.19/jersey-servlet-1.19.jar:/home/user/.m2/repository/com/sun/jersey/jersey-json/1.19/jersey-json-1.19.jar:/home/user/.m2/repository/org/codehaus/jettison/jettison/1.1/jettison-1.1.jar:/home/user/.m2/repository/org/codehaus/jackson/jackson-core-asl/1.9.13/jackson-core-asl-1.9.13.jar:/home/user/.m2/repository/org/codehaus/jackson/jackson-mapper-asl/1.9.13/jackson-mapper-asl-1.9.13.jar:/home/user/.m2/repository/org/codehaus/jackson/jackson-jaxrs/1.9.13/jackson-jaxrs-1.9.13.jar:/home/user/.m2/repository/org/codehaus/jackson/jackson-xc/1.9.13/jackson-xc-1.9.13.jar:/home/user/.m2/repository/commons-logging/commons-logging/1.1.3/commons-logging-1.1.3.jar:/home/user/.m2/repository/commons-beanutils/commons-beanutils/1.9.3/commons-beanutils-1.9.3.jar:/home/user/.m2/repository/org/apache/commons/commons-configuration2/2.1.1/commons-configuration2-2.1.1.jar:/home/user/.m2/repository/org/apache/commons/commons-lang3/3.7/commons-lang3-3.7.jar:/home/user/.m2/repository/org/apache/commons/commons-text/1.4/commons-text-1.4.jar:/home/user/.m2/repository/org/apache/avro/avro/1.7.7/avro-1.7.7.jar:/home/user/.m2/repository/com/thoughtworks/paranamer/paranamer/2.3/paranamer-2.3.jar:/home/user/.m2/repository/org/xerial/snappy/snappy-java/1.0.5/snappy-java-1.0.5.jar:/home/user/.m2/repository/com/google/re2j/re2j/1.1/re2j-1.1.jar:/home/user/.m2/repository/com/google/code/gson/gson/2.2.4/gson-2.2.4.jar:/home/user/.m2/repository/com/jcraft/jsch/0.1.54/jsch-0.1.54.jar:/home/user/.m2/repository/org/apache/curator/curator-client/2.12.0/curator-client-2.12.0.jar:/home/user/.m2/repository/org/apache/curator/curator-recipes/2.12.0/curator-recipes-2.12.0.jar:/home/user/.m2/repository/com/google/code/findbugs/jsr305/3.0.0/jsr305-3.0.0.jar:/home/user/.m2/repository/org/apache/htrace/htrace-core4/4.1.0-incubating/htrace-core4-4.1.0-incubating.jar:/home/user/.m2/repository/org/apache/zookeeper/zookeeper/3.4.13/zookeeper-3.4.13.jar:/home/user/.m2/repository/org/apache/yetus/audience-annotations/0.5.0/audience-annotations-0.5.0.jar:/home/user/.m2/repository/org/codehaus/woodstox/stax2-api/3.1.4/stax2-api-3.1.4.jar:/home/user/.m2/repository/com/fasterxml/woodstox/woodstox-core/5.0.3/woodstox-core-5.0.3.jar:/home/user/.m2/repository/dnsjava/dnsjava/2.1.7/dnsjava-2.1.7.jar:/home/user/.m2/repository/org/apache/hadoop/hadoop-hdfs/3.2.0/hadoop-hdfs-3.2.0-tests.jar:/home/user/.m2/repository/org/eclipse/jetty/jetty-util-ajax/9.3.24.v20180605/jetty-util-ajax-9.3.24.v20180605.jar:/home/user/.m2/repository/commons-daemon/commons-daemon/1.0.13/commons-daemon-1.0.13.jar:/home/user/.m2/repository/io/netty/netty/3.10.5.Final/netty-3.10.5.Final.jar:/home/user/.m2/repository/io/netty/netty-all/4.0.52.Final/netty-all-4.0.52.Final.jar:/home/user/.m2/repository/org/fusesource/leveldbjni/leveldbjni-all/1.8/leveldbjni-all-1.8.jar:"/>
    <property name="java.vm.vendor" value="IcedTea"/>
    <property name="sun.arch.data.model" value="64"/>
    <property name="test.build.dir" value="/tmp/workdir/hadoop-ozone/integration-test/target/test-dir"/>
    <property name="test.cache.data" value=""/>
    <property name="java.vendor.url" value="https://icedtea.classpath.org"/>
    <property name="user.timezone" value=""/>
    <property name="java.vm.specification.version" value="1.8"/>
    <property name="os.name" value="Linux"/>
    <property name="test.build.data" value="/tmp/workdir/hadoop-ozone/integration-test/target/test-dir"/>
    <property name="user.country" value="US"/>
    <property name="sun.java.launcher" value="SUN_STANDARD"/>
    <property name="sun.boot.library.path" value="/usr/lib/jvm/java-1.8-openjdk/jre/lib/amd64"/>
    <property name="sun.java.command" value="/tmp/workdir/hadoop-ozone/integration-test/target/surefire/surefirebooter878546574640740653.jar /tmp/workdir/hadoop-ozone/integration-test/target/surefire 2019-07-14T00-11-12_381-jvmRun1 surefire8594073036033774757tmp surefire_476740667999516554541tmp"/>
    <property name="surefire.test.class.path" value="/tmp/workdir/hadoop-ozone/integration-test/target/test-classes:/tmp/workdir/hadoop-ozone/integration-test/target/classes:/home/user/.m2/repository/org/apache/hadoop/hadoop-ozone-common/0.5.0-SNAPSHOT/hadoop-ozone-common-0.5.0-SNAPSHOT.jar:/home/user/.m2/repository/org/apache/commons/commons-compress/1.4.1/commons-compress-1.4.1.jar:/home/user/.m2/repository/org/tukaani/xz/1.0/xz-1.0.jar:/home/user/.m2/repository/org/apache/hadoop/hadoop-common/3.2.0/hadoop-common-3.2.0.jar:/home/user/.m2/repository/org/apache/hadoop/hadoop-hdfs/3.2.0/hadoop-hdfs-3.2.0.jar:/home/user/.m2/repository/org/apache/hadoop/hadoop-hdfs-client/3.2.0/hadoop-hdfs-client-3.2.0.jar:/home/user/.m2/repository/com/fasterxml/jackson/core/jackson-annotations/2.9.5/jackson-annotations-2.9.5.jar:/home/user/.m2/repository/org/apache/hadoop/hadoop-hdds-common/0.5.0-SNAPSHOT/hadoop-hdds-common-0.5.0-SNAPSHOT.jar:/home/user/.m2/repository/javax/annotation/javax.annotation-api/1.2/javax.annotation-api-1.2.jar:/home/user/.m2/repository/org/apache/ratis/ratis-server/0.4.0-2337318-SNAPSHOT/ratis-server-0.4.0-2337318-SNAPSHOT.jar:/home/user/.m2/repository/org/apache/ratis/ratis-thirdparty-misc/0.2.0/ratis-thirdparty-misc-0.2.0.jar:/home/user/.m2/repository/org/apache/ratis/ratis-proto/0.4.0-2337318-SNAPSHOT/ratis-proto-0.4.0-2337318-SNAPSHOT.jar:/home/user/.m2/repository/org/apache/ratis/ratis-common/0.4.0-2337318-SNAPSHOT/ratis-common-0.4.0-2337318-SNAPSHOT.jar:/home/user/.m2/repository/org/apache/ratis/ratis-client/0.4.0-2337318-SNAPSHOT/ratis-client-0.4.0-2337318-SNAPSHOT.jar:/home/user/.m2/repository/org/apache/ratis/ratis-metrics/0.4.0-2337318-SNAPSHOT/ratis-metrics-0.4.0-2337318-SNAPSHOT.jar:/home/user/.m2/repository/org/apache/ratis/ratis-netty/0.4.0-2337318-SNAPSHOT/ratis-netty-0.4.0-2337318-SNAPSHOT.jar:/home/user/.m2/repository/org/apache/ratis/ratis-grpc/0.4.0-2337318-SNAPSHOT/ratis-grpc-0.4.0-2337318-SNAPSHOT.jar:/home/user/.m2/repository/org/rocksdb/rocksdbjni/6.0.1/rocksdbjni-6.0.1.jar:/home/user/.m2/repository/org/apache/logging/log4j/log4j-api/2.11.0/log4j-api-2.11.0.jar:/home/user/.m2/repository/org/apache/logging/log4j/log4j-core/2.11.0/log4j-core-2.11.0.jar:/home/user/.m2/repository/com/lmax/disruptor/3.4.2/disruptor-3.4.2.jar:/home/user/.m2/repository/org/apache/commons/commons-pool2/2.6.0/commons-pool2-2.6.0.jar:/home/user/.m2/repository/org/bouncycastle/bcpkix-jdk15on/1.60/bcpkix-jdk15on-1.60.jar:/home/user/.m2/repository/commons-validator/commons-validator/1.6/commons-validator-1.6.jar:/home/user/.m2/repository/commons-digester/commons-digester/1.8.1/commons-digester-1.8.1.jar:/home/user/.m2/repository/io/jaegertracing/jaeger-client/0.33.1/jaeger-client-0.33.1.jar:/home/user/.m2/repository/io/jaegertracing/jaeger-thrift/0.33.1/jaeger-thrift-0.33.1.jar:/home/user/.m2/repository/org/apache/thrift/libthrift/0.11.0/libthrift-0.11.0.jar:/home/user/.m2/repository/com/squareup/okhttp3/okhttp/3.9.0/okhttp-3.9.0.jar:/home/user/.m2/repository/com/squareup/okio/okio/1.13.0/okio-1.13.0.jar:/home/user/.m2/repository/io/jaegertracing/jaeger-core/0.33.1/jaeger-core-0.33.1.jar:/home/user/.m2/repository/io/jaegertracing/jaeger-tracerresolver/0.33.1/jaeger-tracerresolver-0.33.1.jar:/home/user/.m2/repository/io/opentracing/contrib/opentracing-tracerresolver/0.1.5/opentracing-tracerresolver-0.1.5.jar:/home/user/.m2/repository/io/opentracing/opentracing-util/0.31.0/opentracing-util-0.31.0.jar:/home/user/.m2/repository/io/opentracing/opentracing-api/0.31.0/opentracing-api-0.31.0.jar:/home/user/.m2/repository/io/opentracing/opentracing-noop/0.31.0/opentracing-noop-0.31.0.jar:/home/user/.m2/repository/org/apache/hadoop/hadoop-hdds-server-framework/0.5.0-SNAPSHOT/hadoop-hdds-server-framework-0.5.0-SNAPSHOT.jar:/home/user/.m2/repository/org/apache/hadoop/hadoop-hdds-container-service/0.5.0-SNAPSHOT/hadoop-hdds-container-service-0.5.0-SNAPSHOT.jar:/home/user/.m2/repository/org/apache/hadoop/hadoop-hdds-client/0.5.0-SNAPSHOT/hadoop-hdds-client-0.5.0-SNAPSHOT.jar:/home/user/.m2/repository/org/apache/hadoop/hadoop-hdds-tools/0.5.0-SNAPSHOT/hadoop-hdds-tools-0.5.0-SNAPSHOT.jar:/home/user/.m2/repository/org/apache/hadoop/hadoop-hdds-server-scm/0.5.0-SNAPSHOT/hadoop-hdds-server-scm-0.5.0-SNAPSHOT.jar:/home/user/.m2/repository/org/apache/hadoop/hadoop-hdds-docs/0.5.0-SNAPSHOT/hadoop-hdds-docs-0.5.0-SNAPSHOT.jar:/home/user/.m2/repository/io/dropwizard/metrics/metrics-core/3.2.4/metrics-core-3.2.4.jar:/home/user/.m2/repository/org/hamcrest/hamcrest-all/1.3/hamcrest-all-1.3.jar:/home/user/.m2/repository/org/bouncycastle/bcprov-jdk15on/1.60/bcprov-jdk15on-1.60.jar:/home/user/.m2/repository/info/picocli/picocli/3.9.6/picocli-3.9.6.jar:/home/user/.m2/repository/com/google/protobuf/protobuf-java/2.5.0/protobuf-java-2.5.0.jar:/home/user/.m2/repository/com/google/guava/guava/11.0.2/guava-11.0.2.jar:/home/user/.m2/repository/org/apache/hadoop/hadoop-ozone-ozone-manager/0.5.0-SNAPSHOT/hadoop-ozone-ozone-manager-0.5.0-SNAPSHOT.jar:/home/user/.m2/repository/org/apache/hadoop/hadoop-minikdc/3.2.0/hadoop-minikdc-3.2.0.jar:/home/user/.m2/repository/commons-io/commons-io/2.5/commons-io-2.5.jar:/home/user/.m2/repository/org/apache/kerby/kerb-simplekdc/1.0.1/kerb-simplekdc-1.0.1.jar:/home/user/.m2/repository/org/apache/kerby/kerb-client/1.0.1/kerb-client-1.0.1.jar:/home/user/.m2/repository/org/apache/kerby/kerby-config/1.0.1/kerby-config-1.0.1.jar:/home/user/.m2/repository/org/apache/kerby/kerb-core/1.0.1/kerb-core-1.0.1.jar:/home/user/.m2/repository/org/apache/kerby/kerby-pkix/1.0.1/kerby-pkix-1.0.1.jar:/home/user/.m2/repository/org/apache/kerby/kerby-asn1/1.0.1/kerby-asn1-1.0.1.jar:/home/user/.m2/repository/org/apache/kerby/kerby-util/1.0.1/kerby-util-1.0.1.jar:/home/user/.m2/repository/org/apache/kerby/kerb-common/1.0.1/kerb-common-1.0.1.jar:/home/user/.m2/repository/org/apache/kerby/kerb-crypto/1.0.1/kerb-crypto-1.0.1.jar:/home/user/.m2/repository/org/apache/kerby/kerb-util/1.0.1/kerb-util-1.0.1.jar:/home/user/.m2/repository/org/apache/kerby/token-provider/1.0.1/token-provider-1.0.1.jar:/home/user/.m2/repository/org/apache/kerby/kerb-admin/1.0.1/kerb-admin-1.0.1.jar:/home/user/.m2/repository/org/apache/kerby/kerb-server/1.0.1/kerb-server-1.0.1.jar:/home/user/.m2/repository/org/apache/kerby/kerb-identity/1.0.1/kerb-identity-1.0.1.jar:/home/user/.m2/repository/org/apache/kerby/kerby-xdr/1.0.1/kerby-xdr-1.0.1.jar:/home/user/.m2/repository/org/slf4j/slf4j-log4j12/1.7.25/slf4j-log4j12-1.7.25.jar:/home/user/.m2/repository/org/apache/hadoop/hadoop-ozone-objectstore-service/0.5.0-SNAPSHOT/hadoop-ozone-objectstore-service-0.5.0-SNAPSHOT.jar:/home/user/.m2/repository/org/apache/hadoop/hadoop-ozone-s3gateway/0.5.0-SNAPSHOT/hadoop-ozone-s3gateway-0.5.0-SNAPSHOT.jar:/home/user/.m2/repository/org/jboss/weld/servlet/weld-servlet/2.4.7.Final/weld-servlet-2.4.7.Final.jar:/home/user/.m2/repository/org/glassfish/jersey/containers/jersey-container-servlet-core/2.27/jersey-container-servlet-core-2.27.jar:/home/user/.m2/repository/org/glassfish/hk2/external/javax.inject/2.5.0-b42/javax.inject-2.5.0-b42.jar:/home/user/.m2/repository/org/glassfish/jersey/core/jersey-common/2.27/jersey-common-2.27.jar:/home/user/.m2/repository/org/glassfish/hk2/osgi-resource-locator/1.0.1/osgi-resource-locator-1.0.1.jar:/home/user/.m2/repository/javax/ws/rs/javax.ws.rs-api/2.1/javax.ws.rs-api-2.1.jar:/home/user/.m2/repository/org/glassfish/jersey/ext/cdi/jersey-cdi1x/2.27/jersey-cdi1x-2.27.jar:/home/user/.m2/repository/org/glassfish/jersey/inject/jersey-hk2/2.27/jersey-hk2-2.27.jar:/home/user/.m2/repository/org/glassfish/hk2/hk2-locator/2.5.0-b42/hk2-locator-2.5.0-b42.jar:/home/user/.m2/repository/org/javassist/javassist/3.22.0-CR2/javassist-3.22.0-CR2.jar:/home/user/.m2/repository/org/glassfish/hk2/hk2-api/2.5.0/hk2-api-2.5.0.jar:/home/user/.m2/repository/org/glassfish/hk2/external/jakarta.inject/2.5.0/jakarta.inject-2.5.0.jar:/home/user/.m2/repository/org/glassfish/hk2/hk2-utils/2.5.0/hk2-utils-2.5.0.jar:/home/user/.m2/repository/jakarta/annotation/jakarta.annotation-api/1.3.4/jakarta.annotation-api-1.3.4.jar:/home/user/.m2/repository/org/glassfish/hk2/external/aopalliance-repackaged/2.5.0/aopalliance-repackaged-2.5.0.jar:/home/user/.m2/repository/com/fasterxml/jackson/dataformat/jackson-dataformat-xml/2.9.0/jackson-dataformat-xml-2.9.0.jar:/home/user/.m2/repository/com/fasterxml/jackson/core/jackson-core/2.9.5/jackson-core-2.9.5.jar:/home/user/.m2/repository/com/fasterxml/jackson/module/jackson-module-jaxb-annotations/2.9.5/jackson-module-jaxb-annotations-2.9.5.jar:/home/user/.m2/repository/javax/enterprise/cdi-api/1.2/cdi-api-1.2.jar:/home/user/.m2/repository/javax/el/javax.el-api/3.0.0/javax.el-api-3.0.0.jar:/home/user/.m2/repository/javax/interceptor/javax.interceptor-api/1.2/javax.interceptor-api-1.2.jar:/home/user/.m2/repository/javax/inject/javax.inject/1/javax.inject-1.jar:/home/user/.m2/repository/com/sun/xml/bind/jaxb-impl/2.3.0.1/jaxb-impl-2.3.0.1.jar:/home/user/.m2/repository/com/sun/xml/bind/jaxb-core/2.3.0.1/jaxb-core-2.3.0.1.jar:/home/user/.m2/repository/javax/xml/bind/jaxb-api/2.3.0/jaxb-api-2.3.0.jar:/home/user/.m2/repository/javax/activation/activation/1.1.1/activation-1.1.1.jar:/home/user/.m2/repository/org/apache/hadoop/hadoop-ozone-csi/0.5.0-SNAPSHOT/hadoop-ozone-csi-0.5.0-SNAPSHOT.jar:/home/user/.m2/repository/com/google/protobuf/protobuf-java-util/3.5.1/protobuf-java-util-3.5.1.jar:/home/user/.m2/repository/org/apache/hadoop/hadoop-hdds-config/0.5.0-SNAPSHOT/hadoop-hdds-config-0.5.0-SNAPSHOT.jar:/home/user/.m2/repository/io/grpc/grpc-netty/1.17.1/grpc-netty-1.17.1.jar:/home/user/.m2/repository/io/grpc/grpc-core/1.17.1/grpc-core-1.17.1.jar:/home/user/.m2/repository/io/grpc/grpc-context/1.17.1/grpc-context-1.17.1.jar:/home/user/.m2/repository/com/google/errorprone/error_prone_annotations/2.2.0/error_prone_annotations-2.2.0.jar:/home/user/.m2/repository/org/codehaus/mojo/animal-sniffer-annotations/1.17/animal-sniffer-annotations-1.17.jar:/home/user/.m2/repository/io/opencensus/opencensus-api/0.17.0/opencensus-api-0.17.0.jar:/home/user/.m2/repository/io/opencensus/opencensus-contrib-grpc-metrics/0.17.0/opencensus-contrib-grpc-metrics-0.17.0.jar:/home/user/.m2/repository/io/netty/netty-codec-http2/4.1.30.Final/netty-codec-http2-4.1.30.Final.jar:/home/user/.m2/repository/io/netty/netty-codec-http/4.1.30.Final/netty-codec-http-4.1.30.Final.jar:/home/user/.m2/repository/io/netty/netty-codec/4.1.30.Final/netty-codec-4.1.30.Final.jar:/home/user/.m2/repository/io/netty/netty-handler/4.1.30.Final/netty-handler-4.1.30.Final.jar:/home/user/.m2/repository/io/netty/netty-handler-proxy/4.1.30.Final/netty-handler-proxy-4.1.30.Final.jar:/home/user/.m2/repository/io/netty/netty-codec-socks/4.1.30.Final/netty-codec-socks-4.1.30.Final.jar:/home/user/.m2/repository/io/netty/netty-transport-native-epoll/4.1.30.Final/netty-transport-native-epoll-4.1.30.Final.jar:/home/user/.m2/repository/io/netty/netty-common/4.1.30.Final/netty-common-4.1.30.Final.jar:/home/user/.m2/repository/io/netty/netty-buffer/4.1.30.Final/netty-buffer-4.1.30.Final.jar:/home/user/.m2/repository/io/netty/netty-transport/4.1.30.Final/netty-transport-4.1.30.Final.jar:/home/user/.m2/repository/io/netty/netty-resolver/4.1.30.Final/netty-resolver-4.1.30.Final.jar:/home/user/.m2/repository/io/netty/netty-transport-native-unix-common/4.1.30.Final/netty-transport-native-unix-common-4.1.30.Final.jar:/home/user/.m2/repository/io/grpc/grpc-protobuf/1.17.1/grpc-protobuf-1.17.1.jar:/home/user/.m2/repository/com/google/api/grpc/proto-google-common-protos/1.0.0/proto-google-common-protos-1.0.0.jar:/home/user/.m2/repository/io/grpc/grpc-protobuf-lite/1.17.1/grpc-protobuf-lite-1.17.1.jar:/home/user/.m2/repository/io/grpc/grpc-stub/1.17.1/grpc-stub-1.17.1.jar:/home/user/.m2/repository/org/apache/hadoop/hadoop-ozone-recon/0.5.0-SNAPSHOT/hadoop-ozone-recon-0.5.0-SNAPSHOT.jar:/home/user/.m2/repository/org/apache/hadoop/hadoop-ozone-reconcodegen/0.5.0-SNAPSHOT/hadoop-ozone-reconcodegen-0.5.0-SNAPSHOT.jar:/home/user/.m2/repository/com/google/inject/extensions/guice-multibindings/4.0/guice-multibindings-4.0.jar:/home/user/.m2/repository/com/google/inject/guice/4.0/guice-4.0.jar:/home/user/.m2/repository/aopalliance/aopalliance/1.0/aopalliance-1.0.jar:/home/user/.m2/repository/com/google/inject/extensions/guice-servlet/4.0/guice-servlet-4.0.jar:/home/user/.m2/repository/org/glassfish/jersey/containers/jersey-container-servlet/2.27/jersey-container-servlet-2.27.jar:/home/user/.m2/repository/org/glassfish/hk2/guice-bridge/2.5.0/guice-bridge-2.5.0.jar:/home/user/.m2/repository/org/glassfish/jersey/core/jersey-server/2.27/jersey-server-2.27.jar:/home/user/.m2/repository/org/glassfish/jersey/core/jersey-client/2.27/jersey-client-2.27.jar:/home/user/.m2/repository/org/glassfish/jersey/media/jersey-media-jaxb/2.27/jersey-media-jaxb-2.27.jar:/home/user/.m2/repository/javax/validation/validation-api/1.1.0.Final/validation-api-1.1.0.Final.jar:/home/user/.m2/repository/org/glassfish/jersey/media/jersey-media-json-jackson/2.27/jersey-media-json-jackson-2.27.jar:/home/user/.m2/repository/org/glassfish/jersey/ext/jersey-entity-filtering/2.27/jersey-entity-filtering-2.27.jar:/home/user/.m2/repository/com/google/inject/extensions/guice-assistedinject/4.0/guice-assistedinject-4.0.jar:/home/user/.m2/repository/org/jooq/jooq/3.11.10/jooq-3.11.10.jar:/home/user/.m2/repository/org/jooq/jooq-meta/3.11.10/jooq-meta-3.11.10.jar:/home/user/.m2/repository/org/jooq/jooq-codegen/3.11.10/jooq-codegen-3.11.10.jar:/home/user/.m2/repository/com/jolbox/bonecp/0.8.0.RELEASE/bonecp-0.8.0.RELEASE.jar:/home/user/.m2/repository/org/xerial/sqlite-jdbc/3.25.2/sqlite-jdbc-3.25.2.jar:/home/user/.m2/repository/org/springframework/spring-jdbc/5.1.3.RELEASE/spring-jdbc-5.1.3.RELEASE.jar:/home/user/.m2/repository/org/springframework/spring-beans/5.1.3.RELEASE/spring-beans-5.1.3.RELEASE.jar:/home/user/.m2/repository/org/springframework/spring-core/5.1.3.RELEASE/spring-core-5.1.3.RELEASE.jar:/home/user/.m2/repository/org/springframework/spring-jcl/5.1.3.RELEASE/spring-jcl-5.1.3.RELEASE.jar:/home/user/.m2/repository/org/springframework/spring-tx/5.1.3.RELEASE/spring-tx-5.1.3.RELEASE.jar:/home/user/.m2/repository/org/apache/hadoop/hadoop-ozone-client/0.5.0-SNAPSHOT/hadoop-ozone-client-0.5.0-SNAPSHOT.jar:/home/user/.m2/repository/commons-lang/commons-lang/2.6/commons-lang-2.6.jar:/home/user/.m2/repository/org/apache/hadoop/hadoop-ozone-ozone-manager/0.5.0-SNAPSHOT/hadoop-ozone-ozone-manager-0.5.0-SNAPSHOT-tests.jar:/home/user/.m2/repository/junit/junit/4.11/junit-4.11.jar:/home/user/.m2/repository/org/hamcrest/hamcrest-core/1.3/hamcrest-core-1.3.jar:/home/user/.m2/repository/org/openjdk/jmh/jmh-core/1.19/jmh-core-1.19.jar:/home/user/.m2/repository/net/sf/jopt-simple/jopt-simple/4.6/jopt-simple-4.6.jar:/home/user/.m2/repository/org/apache/commons/commons-math3/3.1.1/commons-math3-3.1.1.jar:/home/user/.m2/repository/org/openjdk/jmh/jmh-generator-annprocess/1.19/jmh-generator-annprocess-1.19.jar:/home/user/.m2/repository/org/mockito/mockito-all/1.8.5/mockito-all-1.8.5.jar:/home/user/.m2/repository/org/apache/hadoop/hadoop-kms/3.2.0/hadoop-kms-3.2.0.jar:/home/user/.m2/repository/org/apache/hadoop/hadoop-auth/3.2.0/hadoop-auth-3.2.0.jar:/home/user/.m2/repository/com/nimbusds/nimbus-jose-jwt/4.41.1/nimbus-jose-jwt-4.41.1.jar:/home/user/.m2/repository/com/github/stephenc/jcip/jcip-annotations/1.0-1/jcip-annotations-1.0-1.jar:/home/user/.m2/repository/net/minidev/json-smart/2.3/json-smart-2.3.jar:/home/user/.m2/repository/net/minidev/accessors-smart/1.2/accessors-smart-1.2.jar:/home/user/.m2/repository/org/ow2/asm/asm/5.0.4/asm-5.0.4.jar:/home/user/.m2/repository/org/apache/curator/curator-framework/2.12.0/curator-framework-2.12.0.jar:/home/user/.m2/repository/com/sun/jersey/jersey-core/1.19/jersey-core-1.19.jar:/home/user/.m2/repository/javax/ws/rs/jsr311-api/1.1.1/jsr311-api-1.1.1.jar:/home/user/.m2/repository/com/sun/jersey/jersey-server/1.19/jersey-server-1.19.jar:/home/user/.m2/repository/javax/servlet/javax.servlet-api/3.1.0/javax.servlet-api-3.1.0.jar:/home/user/.m2/repository/org/eclipse/jetty/jetty-server/9.3.24.v20180605/jetty-server-9.3.24.v20180605.jar:/home/user/.m2/repository/org/eclipse/jetty/jetty-http/9.3.24.v20180605/jetty-http-9.3.24.v20180605.jar:/home/user/.m2/repository/org/eclipse/jetty/jetty-io/9.3.24.v20180605/jetty-io-9.3.24.v20180605.jar:/home/user/.m2/repository/org/eclipse/jetty/jetty-webapp/9.3.24.v20180605/jetty-webapp-9.3.24.v20180605.jar:/home/user/.m2/repository/org/eclipse/jetty/jetty-xml/9.3.24.v20180605/jetty-xml-9.3.24.v20180605.jar:/home/user/.m2/repository/log4j/log4j/1.2.17/log4j-1.2.17.jar:/home/user/.m2/repository/org/slf4j/slf4j-api/1.7.25/slf4j-api-1.7.25.jar:/home/user/.m2/repository/org/slf4j/jul-to-slf4j/1.7.25/jul-to-slf4j-1.7.25.jar:/home/user/.m2/repository/org/eclipse/jetty/jetty-util/9.3.24.v20180605/jetty-util-9.3.24.v20180605.jar:/home/user/.m2/repository/com/fasterxml/jackson/core/jackson-databind/2.9.5/jackson-databind-2.9.5.jar:/home/user/.m2/repository/org/apache/hadoop/hadoop-kms/3.2.0/hadoop-kms-3.2.0-tests.jar:/home/user/.m2/repository/org/apache/hadoop/hadoop-hdds-server-scm/0.5.0-SNAPSHOT/hadoop-hdds-server-scm-0.5.0-SNAPSHOT-tests.jar:/home/user/.m2/repository/org/apache/hadoop/hadoop-hdds-container-service/0.5.0-SNAPSHOT/hadoop-hdds-container-service-0.5.0-SNAPSHOT-tests.jar:/home/user/.m2/repository/org/yaml/snakeyaml/1.16/snakeyaml-1.16.jar:/home/user/.m2/repository/org/apache/hadoop/hadoop-common/3.2.0/hadoop-common-3.2.0-tests.jar:/home/user/.m2/repository/org/apache/hadoop/hadoop-annotations/3.2.0/hadoop-annotations-3.2.0.jar:/usr/lib/jvm/java-1.8-openjdk/jre/../lib/tools.jar:/home/user/.m2/repository/commons-cli/commons-cli/1.2/commons-cli-1.2.jar:/home/user/.m2/repository/org/apache/httpcomponents/httpclient/4.5.2/httpclient-4.5.2.jar:/home/user/.m2/repository/org/apache/httpcomponents/httpcore/4.4.4/httpcore-4.4.4.jar:/home/user/.m2/repository/commons-codec/commons-codec/1.11/commons-codec-1.11.jar:/home/user/.m2/repository/commons-net/commons-net/3.6/commons-net-3.6.jar:/home/user/.m2/repository/commons-collections/commons-collections/3.2.2/commons-collections-3.2.2.jar:/home/user/.m2/repository/org/eclipse/jetty/jetty-servlet/9.3.24.v20180605/jetty-servlet-9.3.24.v20180605.jar:/home/user/.m2/repository/org/eclipse/jetty/jetty-security/9.3.24.v20180605/jetty-security-9.3.24.v20180605.jar:/home/user/.m2/repository/javax/servlet/jsp/jsp-api/2.1/jsp-api-2.1.jar:/home/user/.m2/repository/com/sun/jersey/jersey-servlet/1.19/jersey-servlet-1.19.jar:/home/user/.m2/repository/com/sun/jersey/jersey-json/1.19/jersey-json-1.19.jar:/home/user/.m2/repository/org/codehaus/jettison/jettison/1.1/jettison-1.1.jar:/home/user/.m2/repository/org/codehaus/jackson/jackson-core-asl/1.9.13/jackson-core-asl-1.9.13.jar:/home/user/.m2/repository/org/codehaus/jackson/jackson-mapper-asl/1.9.13/jackson-mapper-asl-1.9.13.jar:/home/user/.m2/repository/org/codehaus/jackson/jackson-jaxrs/1.9.13/jackson-jaxrs-1.9.13.jar:/home/user/.m2/repository/org/codehaus/jackson/jackson-xc/1.9.13/jackson-xc-1.9.13.jar:/home/user/.m2/repository/commons-logging/commons-logging/1.1.3/commons-logging-1.1.3.jar:/home/user/.m2/repository/commons-beanutils/commons-beanutils/1.9.3/commons-beanutils-1.9.3.jar:/home/user/.m2/repository/org/apache/commons/commons-configuration2/2.1.1/commons-configuration2-2.1.1.jar:/home/user/.m2/repository/org/apache/commons/commons-lang3/3.7/commons-lang3-3.7.jar:/home/user/.m2/repository/org/apache/commons/commons-text/1.4/commons-text-1.4.jar:/home/user/.m2/repository/org/apache/avro/avro/1.7.7/avro-1.7.7.jar:/home/user/.m2/repository/com/thoughtworks/paranamer/paranamer/2.3/paranamer-2.3.jar:/home/user/.m2/repository/org/xerial/snappy/snappy-java/1.0.5/snappy-java-1.0.5.jar:/home/user/.m2/repository/com/google/re2j/re2j/1.1/re2j-1.1.jar:/home/user/.m2/repository/com/google/code/gson/gson/2.2.4/gson-2.2.4.jar:/home/user/.m2/repository/com/jcraft/jsch/0.1.54/jsch-0.1.54.jar:/home/user/.m2/repository/org/apache/curator/curator-client/2.12.0/curator-client-2.12.0.jar:/home/user/.m2/repository/org/apache/curator/curator-recipes/2.12.0/curator-recipes-2.12.0.jar:/home/user/.m2/repository/com/google/code/findbugs/jsr305/3.0.0/jsr305-3.0.0.jar:/home/user/.m2/repository/org/apache/htrace/htrace-core4/4.1.0-incubating/htrace-core4-4.1.0-incubating.jar:/home/user/.m2/repository/org/apache/zookeeper/zookeeper/3.4.13/zookeeper-3.4.13.jar:/home/user/.m2/repository/org/apache/yetus/audience-annotations/0.5.0/audience-annotations-0.5.0.jar:/home/user/.m2/repository/org/codehaus/woodstox/stax2-api/3.1.4/stax2-api-3.1.4.jar:/home/user/.m2/repository/com/fasterxml/woodstox/woodstox-core/5.0.3/woodstox-core-5.0.3.jar:/home/user/.m2/repository/dnsjava/dnsjava/2.1.7/dnsjava-2.1.7.jar:/home/user/.m2/repository/org/apache/hadoop/hadoop-hdfs/3.2.0/hadoop-hdfs-3.2.0-tests.jar:/home/user/.m2/repository/org/eclipse/jetty/jetty-util-ajax/9.3.24.v20180605/jetty-util-ajax-9.3.24.v20180605.jar:/home/user/.m2/repository/commons-daemon/commons-daemon/1.0.13/commons-daemon-1.0.13.jar:/home/user/.m2/repository/io/netty/netty/3.10.5.Final/netty-3.10.5.Final.jar:/home/user/.m2/repository/io/netty/netty-all/4.0.52.Final/netty-all-4.0.52.Final.jar:/home/user/.m2/repository/org/fusesource/leveldbjni/leveldbjni-all/1.8/leveldbjni-all-1.8.jar:"/>
    <property name="sun.cpu.endian" value="little"/>
    <property name="user.home" value="/home/user"/>
    <property name="user.language" value="en"/>
    <property name="java.specification.vendor" value="Oracle Corporation"/>
    <property name="java.home" value="/usr/lib/jvm/java-1.8-openjdk/jre"/>
    <property name="java.security.krb5.conf" value="/tmp/workdir/hadoop-ozone/integration-test/target/test-classes/krb5.conf"/>
    <property name="basedir" value="/tmp/workdir/hadoop-ozone/integration-test"/>
    <property name="file.separator" value="/"/>
    <property name="line.separator" value="&#10;"/>
    <property name="java.vm.specification.vendor" value="Oracle Corporation"/>
    <property name="java.specification.name" value="Java Platform API Specification"/>
    <property name="java.awt.graphicsenv" value="sun.awt.X11GraphicsEnvironment"/>
    <property name="surefire.real.class.path" value="/tmp/workdir/hadoop-ozone/integration-test/target/surefire/surefirebooter878546574640740653.jar"/>
    <property name="hadoop.log.dir" value="/tmp/workdir/hadoop-ozone/integration-test/target/log"/>
    <property name="sun.boot.class.path" value="/usr/lib/jvm/java-1.8-openjdk/jre/lib/resources.jar:/usr/lib/jvm/java-1.8-openjdk/jre/lib/rt.jar:/usr/lib/jvm/java-1.8-openjdk/jre/lib/sunrsasign.jar:/usr/lib/jvm/java-1.8-openjdk/jre/lib/jsse.jar:/usr/lib/jvm/java-1.8-openjdk/jre/lib/jce.jar:/usr/lib/jvm/java-1.8-openjdk/jre/lib/charsets.jar:/usr/lib/jvm/java-1.8-openjdk/jre/lib/jfr.jar:/usr/lib/jvm/java-1.8-openjdk/jre/classes"/>
    <property name="sun.management.compiler" value="HotSpot 64-Bit Tiered Compilers"/>
    <property name="java.runtime.version" value="1.8.0_212-b04"/>
    <property name="java.net.preferIPv4Stack" value="true"/>
    <property name="user.name" value="jenkins1000"/>
    <property name="path.separator" value=":"/>
    <property name="java.security.egd" value="file:///dev/urandom"/>
    <property name="os.version" value="3.10.0-957.12.2.el7.x86_64"/>
    <property name="java.endorsed.dirs" value="/usr/lib/jvm/java-1.8-openjdk/jre/lib/endorsed"/>
    <property name="java.runtime.name" value="OpenJDK Runtime Environment"/>
    <property name="file.encoding" value="UTF-8"/>
    <property name="java.vm.name" value="OpenJDK 64-Bit Server VM"/>
    <property name="test.build.webapps" value=""/>
    <property name="localRepository" value="/home/user/.m2/repository"/>
    <property name="java.vendor.url.bug" value="https://icedtea.classpath.org/bugzilla"/>
    <property name="java.io.tmpdir" value="/tmp"/>
    <property name="require.test.libhadoop" value=""/>
    <property name="java.version" value="1.8.0_212"/>
    <property name="user.dir" value="/tmp/workdir/hadoop-ozone/integration-test"/>
    <property name="os.arch" value="amd64"/>
    <property name="java.vm.specification.name" value="Java Virtual Machine Specification"/>
    <property name="test.build.classes" value="/tmp/workdir/hadoop-ozone/integration-test/target/test-classes"/>
    <property name="java.awt.printerjob" value="sun.print.PSPrinterJob"/>
    <property name="sun.os.patch.level" value="unknown"/>
    <property name="hadoop.tmp.dir" value="/tmp/workdir/hadoop-ozone/integration-test/target/tmp"/>
    <property name="java.library.path" value="/usr/lib/jvm/java-1.8-openjdk/jre/lib/amd64/server:/usr/lib/jvm/java-1.8-openjdk/jre/lib/amd64:/usr/lib/jvm/java-1.8-openjdk/jre/../lib/amd64:/tmp/workdir/hadoop-ozone/integration-test/target/native/target/usr/local/lib:/tmp/workdir/hadoop-ozone/integration-test/../../hadoop-common-project/hadoop-common/target/native/target/usr/local/lib:/usr/java/packages/lib/amd64:/usr/lib64:/lib64:/lib:/usr/lib"/>
    <property name="java.vm.info" value="mixed mode"/>
    <property name="java.vendor" value="IcedTea"/>
    <property name="java.vm.version" value="25.212-b04"/>
    <property name="java.ext.dirs" value="/usr/lib/jvm/java-1.8-openjdk/jre/lib/ext:/usr/java/packages/lib/ext"/>
    <property name="sun.io.unicode.encoding" value="UnicodeLittle"/>
    <property name="java.class.version" value="52.0"/>
  </properties>
  <testcase name="testWatchForCommitWithKeyWrite" classname="org.apache.hadoop.ozone.client.rpc.TestWatchForCommit" time="21.47">
    <error message="Allocated 0 blocks. Requested 1 blocks" type="INTERNAL_ERROR org.apache.hadoop.ozone.om.exceptions.OMException">INTERNAL_ERROR org.apache.hadoop.ozone.om.exceptions.OMException: Allocated 0 blocks. Requested 1 blocks
	at org.apache.hadoop.ozone.om.protocolPB.OzoneManagerProtocolClientSideTranslatorPB.handleError(OzoneManagerProtocolClientSideTranslatorPB.java:720)
	at org.apache.hadoop.ozone.om.protocolPB.OzoneManagerProtocolClientSideTranslatorPB.allocateBlock(OzoneManagerProtocolClientSideTranslatorPB.java:752)
	at org.apache.hadoop.ozone.client.io.BlockOutputStreamEntryPool.allocateNewBlock(BlockOutputStreamEntryPool.java:248)
	at org.apache.hadoop.ozone.client.io.BlockOutputStreamEntryPool.allocateBlockIfNeeded(BlockOutputStreamEntryPool.java:296)
	at org.apache.hadoop.ozone.client.io.KeyOutputStream.handleWrite(KeyOutputStream.java:201)
	at org.apache.hadoop.ozone.client.io.KeyOutputStream.handleRetry(KeyOutputStream.java:376)
	at org.apache.hadoop.ozone.client.io.KeyOutputStream.handleException(KeyOutputStream.java:325)
	at org.apache.hadoop.ozone.client.io.KeyOutputStream.handleWrite(KeyOutputStream.java:231)
	at org.apache.hadoop.ozone.client.io.KeyOutputStream.handleRetry(KeyOutputStream.java:376)
	at org.apache.hadoop.ozone.client.io.KeyOutputStream.handleException(KeyOutputStream.java:325)
	at org.apache.hadoop.ozone.client.io.KeyOutputStream.handleWrite(KeyOutputStream.java:231)
	at org.apache.hadoop.ozone.client.io.KeyOutputStream.write(KeyOutputStream.java:193)
	at org.apache.hadoop.ozone.client.io.OzoneOutputStream.write(OzoneOutputStream.java:49)
	at java.io.OutputStream.write(OutputStream.java:75)
	at org.apache.hadoop.ozone.client.rpc.TestWatchForCommit.testWatchForCommitWithKeyWrite(TestWatchForCommit.java:158)
	at sun.reflect.NativeMethodAccessorImpl.invoke0(Native Method)
	at sun.reflect.NativeMethodAccessorImpl.invoke(NativeMethodAccessorImpl.java:62)
	at sun.reflect.DelegatingMethodAccessorImpl.invoke(DelegatingMethodAccessorImpl.java:43)
	at java.lang.reflect.Method.invoke(Method.java:498)
	at org.junit.runners.model.FrameworkMethod$1.runReflectiveCall(FrameworkMethod.java:47)
	at org.junit.internal.runners.model.ReflectiveCallable.run(ReflectiveCallable.java:12)
	at org.junit.runners.model.FrameworkMethod.invokeExplosively(FrameworkMethod.java:44)
	at org.junit.internal.runners.statements.InvokeMethod.evaluate(InvokeMethod.java:17)
	at org.junit.runners.ParentRunner.runLeaf(ParentRunner.java:271)
	at org.junit.runners.BlockJUnit4ClassRunner.runChild(BlockJUnit4ClassRunner.java:70)
	at org.junit.runners.BlockJUnit4ClassRunner.runChild(BlockJUnit4ClassRunner.java:50)
	at org.junit.runners.ParentRunner$3.run(ParentRunner.java:238)
	at org.junit.runners.ParentRunner$1.schedule(ParentRunner.java:63)
	at org.junit.runners.ParentRunner.runChildren(ParentRunner.java:236)
	at org.junit.runners.ParentRunner.access$000(ParentRunner.java:53)
	at org.junit.runners.ParentRunner$2.evaluate(ParentRunner.java:229)
	at org.junit.runners.ParentRunner.run(ParentRunner.java:309)
	at org.apache.maven.surefire.junit4.JUnit4Provider.execute(JUnit4Provider.java:365)
	at org.apache.maven.surefire.junit4.JUnit4Provider.executeWithRerun(JUnit4Provider.java:273)
	at org.apache.maven.surefire.junit4.JUnit4Provider.executeTestSet(JUnit4Provider.java:238)
	at org.apache.maven.surefire.junit4.JUnit4Provider.invoke(JUnit4Provider.java:159)
	at org.apache.maven.surefire.booter.ForkedBooter.invokeProviderInSameClassLoader(ForkedBooter.java:384)
	at org.apache.maven.surefire.booter.ForkedBooter.runSuitesInProcess(ForkedBooter.java:345)
	at org.apache.maven.surefire.booter.ForkedBooter.execute(ForkedBooter.java:126)
	at org.apache.maven.surefire.booter.ForkedBooter.main(ForkedBooter.java:418)
</error>
    <system-out><![CDATA[2019-07-14 00:54:46,020 WARN  server.ServerUtils (ServerUtils.java:getScmDbDir(145)) - ozone.scm.db.dirs is not configured. We recommend adding this setting. Falling back to ozone.metadata.dirs instead.
2019-07-14 00:54:46,140 WARN  server.ServerUtils (ServerUtils.java:getScmDbDir(145)) - ozone.scm.db.dirs is not configured. We recommend adding this setting. Falling back to ozone.metadata.dirs instead.
2019-07-14 00:54:46,143 WARN  server.ServerUtils (ServerUtils.java:getScmDbDir(145)) - ozone.scm.db.dirs is not configured. We recommend adding this setting. Falling back to ozone.metadata.dirs instead.
2019-07-14 00:54:46,162 INFO  util.log (Log.java:initialized(192)) - Logging initialized @869ms
2019-07-14 00:54:46,279 INFO  db.DBStoreBuilder (DBStoreBuilder.java:addTable(110)) - using custom profile for table: deletedBlocks
2019-07-14 00:54:46,279 INFO  db.DBStoreBuilder (DBStoreBuilder.java:processTables(161)) - Using default column profile:DBProfile.DISK for Table:deletedBlocks
2019-07-14 00:54:46,280 INFO  db.DBStoreBuilder (DBStoreBuilder.java:addTable(110)) - using custom profile for table: validCerts
2019-07-14 00:54:46,280 INFO  db.DBStoreBuilder (DBStoreBuilder.java:processTables(161)) - Using default column profile:DBProfile.DISK for Table:validCerts
2019-07-14 00:54:46,281 INFO  db.DBStoreBuilder (DBStoreBuilder.java:addTable(110)) - using custom profile for table: revokedCerts
2019-07-14 00:54:46,281 INFO  db.DBStoreBuilder (DBStoreBuilder.java:processTables(161)) - Using default column profile:DBProfile.DISK for Table:revokedCerts
2019-07-14 00:54:46,298 INFO  db.DBStoreBuilder (DBStoreBuilder.java:addTable(110)) - using custom profile for table: default
2019-07-14 00:54:46,299 INFO  db.DBStoreBuilder (DBStoreBuilder.java:processTables(167)) - Using default column profile:DBProfile.DISK for Table:default
2019-07-14 00:54:46,300 INFO  db.DBStoreBuilder (DBStoreBuilder.java:getDbProfile(198)) - Using default options. DBProfile.DISK
2019-07-14 00:54:46,578 INFO  net.NodeSchemaLoader (NodeSchemaLoader.java:loadSchemaFromFile(125)) - Loading file from sun.misc.CompoundEnumeration@7714e963
2019-07-14 00:54:46,581 INFO  net.NodeSchemaLoader (NodeSchemaLoader.java:loadSchema(171)) - Loading network topology layer schema file
2019-07-14 00:54:46,688 WARN  server.ServerUtils (ServerUtils.java:sanitizeUserArgs(70)) - ozone.scm.stale.node.interval value = 300000 is larger than max = 100000 based on the key value of ozone.scm.heartbeat.thread.interval, reset to the max value 100000.
2019-07-14 00:54:46,691 WARN  server.ServerUtils (ServerUtils.java:sanitizeUserArgs(70)) - ozone.scm.stale.node.interval value = 300000 is larger than max = 100000 based on the key value of ozone.scm.heartbeat.thread.interval, reset to the max value 100000.
2019-07-14 00:54:46,694 INFO  node.SCMNodeManager (SCMNodeManager.java:<init>(119)) - Entering startup safe mode.
2019-07-14 00:54:46,781 WARN  server.ServerUtils (ServerUtils.java:getScmDbDir(145)) - ozone.scm.db.dirs is not configured. We recommend adding this setting. Falling back to ozone.metadata.dirs instead.
2019-07-14 00:54:46,839 INFO  pipeline.SCMPipelineManager (SCMPipelineManager.java:initializePipelineState(126)) - No pipeline exists in current db
2019-07-14 00:54:46,841 WARN  server.ServerUtils (ServerUtils.java:getScmDbDir(145)) - ozone.scm.db.dirs is not configured. We recommend adding this setting. Falling back to ozone.metadata.dirs instead.
2019-07-14 00:54:46,950 WARN  events.EventQueue (EventQueue.java:fireEvent(175)) - No event handler registered for event TypedEvent{payloadType=SafeModeStatus, name='SafeModeStatus'}
2019-07-14 00:54:47,277 INFO  ipc.CallQueueManager (CallQueueManager.java:<init>(84)) - Using callQueue: class java.util.concurrent.LinkedBlockingQueue, queueCapacity: 2000, scheduler: class org.apache.hadoop.ipc.DefaultRpcScheduler, ipcBackoff: false.
2019-07-14 00:54:47,304 INFO  ipc.Server (Server.java:run(1074)) - Starting Socket Reader #1 for port 42798
2019-07-14 00:54:47,327 INFO  ipc.CallQueueManager (CallQueueManager.java:<init>(84)) - Using callQueue: class java.util.concurrent.LinkedBlockingQueue, queueCapacity: 2000, scheduler: class org.apache.hadoop.ipc.DefaultRpcScheduler, ipcBackoff: false.
2019-07-14 00:54:47,328 INFO  ipc.Server (Server.java:run(1074)) - Starting Socket Reader #1 for port 43557
2019-07-14 00:54:47,334 INFO  ipc.CallQueueManager (CallQueueManager.java:<init>(84)) - Using callQueue: class java.util.concurrent.LinkedBlockingQueue, queueCapacity: 2000, scheduler: class org.apache.hadoop.ipc.DefaultRpcScheduler, ipcBackoff: false.
2019-07-14 00:54:47,335 INFO  ipc.Server (Server.java:run(1074)) - Starting Socket Reader #1 for port 44838
2019-07-14 00:54:47,472 INFO  hdfs.DFSUtil (DFSUtil.java:httpServerTemplateForNNAndJN(1641)) - Starting Web-server for scm at: http://0.0.0.0:0
2019-07-14 00:54:47,609 INFO  server.AuthenticationFilter (AuthenticationFilter.java:constructSecretProvider(240)) - Unable to initialize FileSignerSecretProvider, falling back to use random secrets.
2019-07-14 00:54:47,617 WARN  http.HttpRequestLog (HttpRequestLog.java:getRequestLog(97)) - Jetty request log can only be enabled using Log4j
2019-07-14 00:54:47,625 INFO  http.HttpServer2 (HttpServer2.java:addGlobalFilter(975)) - Added global filter 'safety' (class=org.apache.hadoop.http.HttpServer2$QuotingInputFilter)
2019-07-14 00:54:47,627 INFO  http.HttpServer2 (HttpServer2.java:addFilter(948)) - Added filter static_user_filter (class=org.apache.hadoop.http.lib.StaticUserWebFilter$StaticUserFilter) to context scm
2019-07-14 00:54:47,628 INFO  http.HttpServer2 (HttpServer2.java:addFilter(958)) - Added filter static_user_filter (class=org.apache.hadoop.http.lib.StaticUserWebFilter$StaticUserFilter) to context static
2019-07-14 00:54:47,628 INFO  http.HttpServer2 (HttpServer2.java:addFilter(958)) - Added filter static_user_filter (class=org.apache.hadoop.http.lib.StaticUserWebFilter$StaticUserFilter) to context logs
2019-07-14 00:54:47,661 INFO  server.StorageContainerManager (StorageContainerManager.java:start(759)) - StorageContainerLocationProtocol RPC server is listening at /0.0.0.0:44838
2019-07-14 00:54:47,743 WARN  impl.MetricsConfig (MetricsConfig.java:loadFirst(134)) - Cannot locate configuration: tried hadoop-metrics2-storagecontainermanager.properties,hadoop-metrics2.properties
2019-07-14 00:54:47,757 INFO  impl.MetricsSystemImpl (MetricsSystemImpl.java:startTimer(374)) - Scheduled Metric snapshot period at 10 second(s).
2019-07-14 00:54:47,758 INFO  impl.MetricsSystemImpl (MetricsSystemImpl.java:start(191)) - StorageContainerManager metrics system started
2019-07-14 00:54:47,977 INFO  server.SCMClientProtocolServer (SCMClientProtocolServer.java:start(149)) - RPC server for Client  is listening at /0.0.0.0:44838
2019-07-14 00:54:47,978 INFO  ipc.Server (Server.java:run(1314)) - IPC Server Responder: starting
2019-07-14 00:54:47,978 INFO  ipc.Server (Server.java:run(1153)) - IPC Server listener on 44838: starting
2019-07-14 00:54:47,982 INFO  server.StorageContainerManager (StorageContainerManager.java:start(768)) - ScmBlockLocationProtocol RPC server is listening at /0.0.0.0:43557
2019-07-14 00:54:47,983 INFO  server.SCMBlockProtocolServer (SCMBlockProtocolServer.java:start(140)) - RPC server for Block Protocol is listening at /0.0.0.0:43557
2019-07-14 00:54:47,983 INFO  ipc.Server (Server.java:run(1314)) - IPC Server Responder: starting
2019-07-14 00:54:47,983 INFO  ipc.Server (Server.java:run(1153)) - IPC Server listener on 43557: starting
2019-07-14 00:54:47,990 INFO  server.StorageContainerManager (StorageContainerManager.java:start(772)) - ScmDatanodeProtocl RPC server is listening at /0.0.0.0:42798
2019-07-14 00:54:47,991 INFO  server.SCMDatanodeProtocolServer (SCMDatanodeProtocolServer.java:start(191)) - RPC server for DataNodes is listening at /0.0.0.0:42798
2019-07-14 00:54:47,992 INFO  ipc.Server (Server.java:run(1314)) - IPC Server Responder: starting
2019-07-14 00:54:47,993 INFO  ipc.Server (Server.java:run(1153)) - IPC Server listener on 42798: starting
2019-07-14 00:54:48,003 INFO  http.HttpServer2 (HttpServer2.java:bindListener(1191)) - Jetty bound to port 34187
2019-07-14 00:54:48,005 INFO  server.Server (Server.java:doStart(351)) - jetty-9.3.24.v20180605, build timestamp: 2018-06-05T17:11:56Z, git hash: 84205aa28f11a4f31f2a3b86d1bba2cc8ab69827
2019-07-14 00:54:48,043 INFO  handler.ContextHandler (ContextHandler.java:doStart(781)) - Started o.e.j.s.ServletContextHandler@6bbe2511{/logs,file:///tmp/workdir/hadoop-ozone/integration-test/target/log,AVAILABLE}
2019-07-14 00:54:48,044 INFO  handler.ContextHandler (ContextHandler.java:doStart(781)) - Started o.e.j.s.ServletContextHandler@76012793{/static,file:///tmp/workdir/hadoop-ozone/integration-test/target/test-classes/webapps/static,AVAILABLE}
2019-07-14 00:54:48,077 INFO  handler.ContextHandler (ContextHandler.java:doStart(781)) - Started o.e.j.w.WebAppContext@6a1d204a{/,file:///tmp/workdir/hadoop-ozone/integration-test/target/test-classes/webapps/scm/,AVAILABLE}{/scm}
2019-07-14 00:54:48,082 INFO  server.AbstractConnector (AbstractConnector.java:doStart(278)) - Started ServerConnector@9d157ff{HTTP/1.1,[http/1.1]}{0.0.0.0:34187}
2019-07-14 00:54:48,082 INFO  server.Server (Server.java:doStart(419)) - Started @2789ms
2019-07-14 00:54:48,084 INFO  server.BaseHttpServer (BaseHttpServer.java:updateConnectorAddress(207)) - HTTP server of SCM is listening at http://0.0.0.0:34187
2019-07-14 00:54:48,094 INFO  util.JvmPauseMonitor (JvmPauseMonitor.java:run(188)) - Starting JVM pause monitor
2019-07-14 00:54:48,099 WARN  server.ServerUtils (ServerUtils.java:getDBPath(222)) - ozone.om.db.dirs is not configured. We recommend adding this setting. Falling back to ozone.metadata.dirs instead.
2019-07-14 00:54:48,241 WARN  server.ServerUtils (ServerUtils.java:getDBPath(222)) - ozone.om.db.dirs is not configured. We recommend adding this setting. Falling back to ozone.metadata.dirs instead.
2019-07-14 00:54:48,242 INFO  om.OzoneManager (OzoneManager.java:setOMNodeDetails(630)) - OM Service ID is not set. Setting it to the default ID: omServiceIdDefault
2019-07-14 00:54:48,242 INFO  om.OzoneManager (OzoneManager.java:setOMNodeDetails(636)) - OM Node ID is not set. Setting it to the OmStorage's OmID: eddf4125-c908-4362-8434-c47a7f1e1c27
2019-07-14 00:54:48,244 INFO  om.OzoneManager (OzoneManager.java:loadOMHAConfigs(587)) - Found matching OM address with OMServiceId: null, OMNodeId: null, RPC Address: localhost:0 and Ratis port: 9872
2019-07-14 00:54:48,495 WARN  server.ServerUtils (ServerUtils.java:getDBPath(222)) - ozone.om.db.dirs is not configured. We recommend adding this setting. Falling back to ozone.metadata.dirs instead.
2019-07-14 00:54:48,506 INFO  db.DBStoreBuilder (DBStoreBuilder.java:addTable(110)) - using custom profile for table: userTable
2019-07-14 00:54:48,507 INFO  db.DBStoreBuilder (DBStoreBuilder.java:processTables(161)) - Using default column profile:DBProfile.DISK for Table:userTable
2019-07-14 00:54:48,507 INFO  db.DBStoreBuilder (DBStoreBuilder.java:addTable(110)) - using custom profile for table: volumeTable
2019-07-14 00:54:48,508 INFO  db.DBStoreBuilder (DBStoreBuilder.java:processTables(161)) - Using default column profile:DBProfile.DISK for Table:volumeTable
2019-07-14 00:54:48,508 INFO  db.DBStoreBuilder (DBStoreBuilder.java:addTable(110)) - using custom profile for table: bucketTable
2019-07-14 00:54:48,509 INFO  db.DBStoreBuilder (DBStoreBuilder.java:processTables(161)) - Using default column profile:DBProfile.DISK for Table:bucketTable
2019-07-14 00:54:48,509 INFO  db.DBStoreBuilder (DBStoreBuilder.java:addTable(110)) - using custom profile for table: keyTable
2019-07-14 00:54:48,509 INFO  db.DBStoreBuilder (DBStoreBuilder.java:processTables(161)) - Using default column profile:DBProfile.DISK for Table:keyTable
2019-07-14 00:54:48,510 INFO  db.DBStoreBuilder (DBStoreBuilder.java:addTable(110)) - using custom profile for table: deletedTable
2019-07-14 00:54:48,510 INFO  db.DBStoreBuilder (DBStoreBuilder.java:processTables(161)) - Using default column profile:DBProfile.DISK for Table:deletedTable
2019-07-14 00:54:48,511 INFO  db.DBStoreBuilder (DBStoreBuilder.java:addTable(110)) - using custom profile for table: openKeyTable
2019-07-14 00:54:48,511 INFO  db.DBStoreBuilder (DBStoreBuilder.java:processTables(161)) - Using default column profile:DBProfile.DISK for Table:openKeyTable
2019-07-14 00:54:48,511 INFO  db.DBStoreBuilder (DBStoreBuilder.java:addTable(110)) - using custom profile for table: s3Table
2019-07-14 00:54:48,512 INFO  db.DBStoreBuilder (DBStoreBuilder.java:processTables(161)) - Using default column profile:DBProfile.DISK for Table:s3Table
2019-07-14 00:54:48,512 INFO  db.DBStoreBuilder (DBStoreBuilder.java:addTable(110)) - using custom profile for table: multipartInfoTable
2019-07-14 00:54:48,512 INFO  db.DBStoreBuilder (DBStoreBuilder.java:processTables(161)) - Using default column profile:DBProfile.DISK for Table:multipartInfoTable
2019-07-14 00:54:48,513 INFO  db.DBStoreBuilder (DBStoreBuilder.java:addTable(110)) - using custom profile for table: dTokenTable
2019-07-14 00:54:48,513 INFO  db.DBStoreBuilder (DBStoreBuilder.java:processTables(161)) - Using default column profile:DBProfile.DISK for Table:dTokenTable
2019-07-14 00:54:48,514 INFO  db.DBStoreBuilder (DBStoreBuilder.java:addTable(110)) - using custom profile for table: s3SecretTable
2019-07-14 00:54:48,514 INFO  db.DBStoreBuilder (DBStoreBuilder.java:processTables(161)) - Using default column profile:DBProfile.DISK for Table:s3SecretTable
2019-07-14 00:54:48,515 INFO  db.DBStoreBuilder (DBStoreBuilder.java:addTable(110)) - using custom profile for table: prefixTable
2019-07-14 00:54:48,515 INFO  db.DBStoreBuilder (DBStoreBuilder.java:processTables(161)) - Using default column profile:DBProfile.DISK for Table:prefixTable
2019-07-14 00:54:48,515 INFO  db.DBStoreBuilder (DBStoreBuilder.java:addTable(110)) - using custom profile for table: default
2019-07-14 00:54:48,516 INFO  db.DBStoreBuilder (DBStoreBuilder.java:processTables(167)) - Using default column profile:DBProfile.DISK for Table:default
2019-07-14 00:54:48,516 INFO  db.DBStoreBuilder (DBStoreBuilder.java:getDbProfile(198)) - Using default options. DBProfile.DISK
2019-07-14 00:54:49,483 INFO  ipc.CallQueueManager (CallQueueManager.java:<init>(84)) - Using callQueue: class java.util.concurrent.LinkedBlockingQueue, queueCapacity: 2000, scheduler: class org.apache.hadoop.ipc.DefaultRpcScheduler, ipcBackoff: false.
2019-07-14 00:54:49,485 INFO  ipc.Server (Server.java:run(1074)) - Starting Socket Reader #1 for port 42883
2019-07-14 00:54:49,524 WARN  server.ServerUtils (ServerUtils.java:getDBPath(222)) - ozone.om.db.dirs is not configured. We recommend adding this setting. Falling back to ozone.metadata.dirs instead.
2019-07-14 00:54:49,525 INFO  om.OzoneManager (OzoneManager.java:start(1228)) - OzoneManager RPC server is listening at localhost/127.0.0.1:42883
2019-07-14 00:54:49,525 INFO  impl.MetricsSystemImpl (MetricsSystemImpl.java:init(158)) - OzoneManager metrics system started (again)
2019-07-14 00:54:49,527 INFO  ipc.Server (Server.java:run(1314)) - IPC Server Responder: starting
2019-07-14 00:54:49,528 INFO  ipc.Server (Server.java:run(1153)) - IPC Server listener on 42883: starting
2019-07-14 00:54:49,543 INFO  hdfs.DFSUtil (DFSUtil.java:httpServerTemplateForNNAndJN(1641)) - Starting Web-server for ozoneManager at: http://0.0.0.0:0
2019-07-14 00:54:49,545 INFO  server.AuthenticationFilter (AuthenticationFilter.java:constructSecretProvider(240)) - Unable to initialize FileSignerSecretProvider, falling back to use random secrets.
2019-07-14 00:54:49,546 WARN  http.HttpRequestLog (HttpRequestLog.java:getRequestLog(97)) - Jetty request log can only be enabled using Log4j
2019-07-14 00:54:49,549 INFO  http.HttpServer2 (HttpServer2.java:addGlobalFilter(975)) - Added global filter 'safety' (class=org.apache.hadoop.http.HttpServer2$QuotingInputFilter)
2019-07-14 00:54:49,551 INFO  http.HttpServer2 (HttpServer2.java:addFilter(948)) - Added filter static_user_filter (class=org.apache.hadoop.http.lib.StaticUserWebFilter$StaticUserFilter) to context ozoneManager
2019-07-14 00:54:49,551 INFO  http.HttpServer2 (HttpServer2.java:addFilter(958)) - Added filter static_user_filter (class=org.apache.hadoop.http.lib.StaticUserWebFilter$StaticUserFilter) to context logs
2019-07-14 00:54:49,552 INFO  http.HttpServer2 (HttpServer2.java:addFilter(958)) - Added filter static_user_filter (class=org.apache.hadoop.http.lib.StaticUserWebFilter$StaticUserFilter) to context static
2019-07-14 00:54:49,555 INFO  http.HttpServer2 (HttpServer2.java:bindListener(1191)) - Jetty bound to port 43346
2019-07-14 00:54:49,555 INFO  server.Server (Server.java:doStart(351)) - jetty-9.3.24.v20180605, build timestamp: 2018-06-05T17:11:56Z, git hash: 84205aa28f11a4f31f2a3b86d1bba2cc8ab69827
2019-07-14 00:54:49,558 INFO  handler.ContextHandler (ContextHandler.java:doStart(781)) - Started o.e.j.s.ServletContextHandler@3e134896{/logs,file:///tmp/workdir/hadoop-ozone/integration-test/target/log,AVAILABLE}
2019-07-14 00:54:49,559 INFO  handler.ContextHandler (ContextHandler.java:doStart(781)) - Started o.e.j.s.ServletContextHandler@2e3a5237{/static,file:///tmp/workdir/hadoop-ozone/integration-test/target/test-classes/webapps/static,AVAILABLE}
2019-07-14 00:54:49,566 INFO  handler.ContextHandler (ContextHandler.java:doStart(781)) - Started o.e.j.w.WebAppContext@5b78fdb1{/,file:///tmp/workdir/hadoop-ozone/integration-test/target/test-classes/webapps/ozoneManager/,AVAILABLE}{/ozoneManager}
2019-07-14 00:54:49,567 INFO  server.AbstractConnector (AbstractConnector.java:doStart(278)) - Started ServerConnector@48bfb884{HTTP/1.1,[http/1.1]}{0.0.0.0:43346}
2019-07-14 00:54:49,569 INFO  server.Server (Server.java:doStart(419)) - Started @4275ms
2019-07-14 00:54:49,570 INFO  server.BaseHttpServer (BaseHttpServer.java:updateConnectorAddress(207)) - HTTP server of OZONEMANAGER is listening at http://0.0.0.0:43346
2019-07-14 00:54:49,852 INFO  impl.MetricsSystemImpl (MetricsSystemImpl.java:init(158)) - HddsDatanode metrics system started (again)
2019-07-14 00:54:49,942 INFO  ozone.HddsDatanodeService (HddsDatanodeService.java:start(185)) - HddsDatanodeService host:trunk-nightly-sxkq5-3320257302 ip:192.168.157.230
2019-07-14 00:54:49,971 INFO  volume.HddsVolume (HddsVolume.java:<init>(176)) - Creating Volume: /tmp/workdir/hadoop-ozone/integration-test/target/test-dir/MiniOzoneClusterImpl-987f3e30-4d2a-49e4-9ba3-798e60b5477b/datanode-0/data/containers/hdds of  storage type : DISK and capacity : 52710309888
2019-07-14 00:54:49,973 INFO  volume.VolumeSet (VolumeSet.java:initializeVolumeSet(170)) - Added Volume : /tmp/workdir/hadoop-ozone/integration-test/target/test-dir/MiniOzoneClusterImpl-987f3e30-4d2a-49e4-9ba3-798e60b5477b/datanode-0/data/containers/hdds to VolumeSet
2019-07-14 00:54:49,976 INFO  volume.ThrottledAsyncChecker (ThrottledAsyncChecker.java:schedule(140)) - Scheduling a check for org.apache.hadoop.ozone.container.common.volume.HddsVolume@1f52eb6f
2019-07-14 00:54:49,993 INFO  volume.HddsVolumeChecker (HddsVolumeChecker.java:checkAllVolumes(203)) - Scheduled health check for volume org.apache.hadoop.ozone.container.common.volume.HddsVolume@1f52eb6f
2019-07-14 00:54:50,104 INFO  impl.RaftServerProxy (ConfUtils.java:logGet(43)) - raft.rpc.type = GRPC (default)
2019-07-14 00:54:50,172 INFO  grpc.GrpcFactory (GrpcFactory.java:checkPooledByteBufAllocatorUseCacheForAllThreads(45)) - PERFORMANCE WARNING: useCacheForAllThreads is true that may cause Netty to create a lot garbage objects and, as a result, trigger GC.
	It is recommended to disable useCacheForAllThreads by setting -Dorg.apache.ratis.thirdparty.io.netty.allocator.useCacheForAllThreads=false in command line.
2019-07-14 00:54:50,178 INFO  grpc.GrpcConfigKeys$Server (ConfUtils.java:logGet(43)) - raft.grpc.server.port = 0 (default)
2019-07-14 00:54:50,179 INFO  server.GrpcService (ConfUtils.java:logGet(43)) - raft.grpc.message.size.max = 33570816 (custom)
2019-07-14 00:54:50,181 INFO  server.RaftServerConfigKeys (ConfUtils.java:logGet(43)) - raft.server.log.appender.buffer.byte-limit = 33554432 (custom)
2019-07-14 00:54:50,181 INFO  server.GrpcService (ConfUtils.java:logGet(43)) - raft.grpc.flow.control.window = 1MB (=1048576) (default)
2019-07-14 00:54:50,182 INFO  server.RaftServerConfigKeys (ConfUtils.java:logGet(43)) - raft.server.rpc.request.timeout = 3000ms (default)
2019-07-14 00:54:50,373 INFO  server.RaftServerConfigKeys (ConfUtils.java:logGet(43)) - raft.server.storage.dir = [/tmp/workdir/hadoop-ozone/integration-test/target/test-dir/MiniOzoneClusterImpl-987f3e30-4d2a-49e4-9ba3-798e60b5477b/datanode-0/data/ratis] (custom)
2019-07-14 00:54:50,424 INFO  replication.SimpleContainerDownloader (SimpleContainerDownloader.java:<init>(72)) - Starting container downloader service to copy containers to replicate.
2019-07-14 00:54:50,440 INFO  hdfs.DFSUtil (DFSUtil.java:httpServerTemplateForNNAndJN(1641)) - Starting Web-server for hddsDatanode at: http://0.0.0.0:0
2019-07-14 00:54:50,444 INFO  server.AuthenticationFilter (AuthenticationFilter.java:constructSecretProvider(240)) - Unable to initialize FileSignerSecretProvider, falling back to use random secrets.
2019-07-14 00:54:50,446 WARN  http.HttpRequestLog (HttpRequestLog.java:getRequestLog(97)) - Jetty request log can only be enabled using Log4j
2019-07-14 00:54:50,449 INFO  http.HttpServer2 (HttpServer2.java:addGlobalFilter(975)) - Added global filter 'safety' (class=org.apache.hadoop.http.HttpServer2$QuotingInputFilter)
2019-07-14 00:54:50,451 INFO  http.HttpServer2 (HttpServer2.java:addFilter(948)) - Added filter static_user_filter (class=org.apache.hadoop.http.lib.StaticUserWebFilter$StaticUserFilter) to context hddsDatanode
2019-07-14 00:54:50,451 INFO  http.HttpServer2 (HttpServer2.java:addFilter(958)) - Added filter static_user_filter (class=org.apache.hadoop.http.lib.StaticUserWebFilter$StaticUserFilter) to context static
2019-07-14 00:54:50,451 INFO  http.HttpServer2 (HttpServer2.java:addFilter(958)) - Added filter static_user_filter (class=org.apache.hadoop.http.lib.StaticUserWebFilter$StaticUserFilter) to context logs
2019-07-14 00:54:50,454 INFO  http.HttpServer2 (HttpServer2.java:bindListener(1191)) - Jetty bound to port 44028
2019-07-14 00:54:50,454 INFO  server.Server (Server.java:doStart(351)) - jetty-9.3.24.v20180605, build timestamp: 2018-06-05T17:11:56Z, git hash: 84205aa28f11a4f31f2a3b86d1bba2cc8ab69827
2019-07-14 00:54:50,458 INFO  handler.ContextHandler (ContextHandler.java:doStart(781)) - Started o.e.j.s.ServletContextHandler@761956ac{/logs,file:///tmp/workdir/hadoop-ozone/integration-test/target/log,AVAILABLE}
2019-07-14 00:54:50,459 INFO  handler.ContextHandler (ContextHandler.java:doStart(781)) - Started o.e.j.s.ServletContextHandler@304d0259{/static,jar:file:/home/user/.m2/repository/org/apache/hadoop/hadoop-hdds-container-service/0.5.0-SNAPSHOT/hadoop-hdds-container-service-0.5.0-SNAPSHOT.jar!/webapps/static,AVAILABLE}
2019-07-14 00:54:50,517 INFO  handler.ContextHandler (ContextHandler.java:doStart(781)) - Started o.e.j.w.WebAppContext@124ac145{/,file:///tmp/jetty-0.0.0.0-44028-hddsDatanode-_-any-1187937576056536939.dir/webapp/,AVAILABLE}{/hddsDatanode}
2019-07-14 00:54:50,518 INFO  server.AbstractConnector (AbstractConnector.java:doStart(278)) - Started ServerConnector@2def7a7a{HTTP/1.1,[http/1.1]}{0.0.0.0:44028}
2019-07-14 00:54:50,520 INFO  server.Server (Server.java:doStart(419)) - Started @5226ms
2019-07-14 00:54:50,521 INFO  server.BaseHttpServer (BaseHttpServer.java:updateConnectorAddress(207)) - HTTP server of HDDSDATANODE is listening at http://0.0.0.0:44028
2019-07-14 00:54:51,677 INFO  ozone.HddsDatanodeService (HddsDatanodeService.java:startPlugins(396)) - Started plug-in org.apache.hadoop.ozone.web.OzoneHddsDatanodeService@69f2cb04
2019-07-14 00:54:51,679 INFO  impl.MetricsSystemImpl (MetricsSystemImpl.java:init(158)) - HddsDatanode metrics system started (again)
2019-07-14 00:54:51,681 INFO  ozone.HddsDatanodeService (HddsDatanodeService.java:start(185)) - HddsDatanodeService host:trunk-nightly-sxkq5-3320257302 ip:192.168.157.230
2019-07-14 00:54:51,689 INFO  util.JvmPauseMonitor (JvmPauseMonitor.java:run(188)) - Starting JVM pause monitor
2019-07-14 00:54:51,693 INFO  volume.HddsVolume (HddsVolume.java:<init>(176)) - Creating Volume: /tmp/workdir/hadoop-ozone/integration-test/target/test-dir/MiniOzoneClusterImpl-987f3e30-4d2a-49e4-9ba3-798e60b5477b/datanode-1/data/containers/hdds of  storage type : DISK and capacity : 52710309888
2019-07-14 00:54:51,694 INFO  volume.VolumeSet (VolumeSet.java:initializeVolumeSet(170)) - Added Volume : /tmp/workdir/hadoop-ozone/integration-test/target/test-dir/MiniOzoneClusterImpl-987f3e30-4d2a-49e4-9ba3-798e60b5477b/datanode-1/data/containers/hdds to VolumeSet
2019-07-14 00:54:51,694 INFO  volume.ThrottledAsyncChecker (ThrottledAsyncChecker.java:schedule(140)) - Scheduling a check for org.apache.hadoop.ozone.container.common.volume.HddsVolume@656a3d6b
2019-07-14 00:54:51,696 INFO  volume.HddsVolumeChecker (HddsVolumeChecker.java:checkAllVolumes(203)) - Scheduled health check for volume org.apache.hadoop.ozone.container.common.volume.HddsVolume@656a3d6b
2019-07-14 00:54:51,719 INFO  impl.RaftServerProxy (ConfUtils.java:logGet(43)) - raft.rpc.type = GRPC (default)
2019-07-14 00:54:51,719 INFO  grpc.GrpcFactory (GrpcFactory.java:checkPooledByteBufAllocatorUseCacheForAllThreads(45)) - PERFORMANCE WARNING: useCacheForAllThreads is true that may cause Netty to create a lot garbage objects and, as a result, trigger GC.
	It is recommended to disable useCacheForAllThreads by setting -Dorg.apache.ratis.thirdparty.io.netty.allocator.useCacheForAllThreads=false in command line.
2019-07-14 00:54:51,719 INFO  grpc.GrpcConfigKeys$Server (ConfUtils.java:logGet(43)) - raft.grpc.server.port = 0 (default)
2019-07-14 00:54:51,720 INFO  server.GrpcService (ConfUtils.java:logGet(43)) - raft.grpc.message.size.max = 33570816 (custom)
2019-07-14 00:54:51,720 INFO  server.RaftServerConfigKeys (ConfUtils.java:logGet(43)) - raft.server.log.appender.buffer.byte-limit = 33554432 (custom)
2019-07-14 00:54:51,720 INFO  server.GrpcService (ConfUtils.java:logGet(43)) - raft.grpc.flow.control.window = 1MB (=1048576) (default)
2019-07-14 00:54:51,720 INFO  server.RaftServerConfigKeys (ConfUtils.java:logGet(43)) - raft.server.rpc.request.timeout = 3000ms (default)
2019-07-14 00:54:51,721 INFO  server.RaftServerConfigKeys (ConfUtils.java:logGet(43)) - raft.server.storage.dir = [/tmp/workdir/hadoop-ozone/integration-test/target/test-dir/MiniOzoneClusterImpl-987f3e30-4d2a-49e4-9ba3-798e60b5477b/datanode-1/data/ratis] (custom)
2019-07-14 00:54:51,722 INFO  replication.SimpleContainerDownloader (SimpleContainerDownloader.java:<init>(72)) - Starting container downloader service to copy containers to replicate.
2019-07-14 00:54:51,723 INFO  hdfs.DFSUtil (DFSUtil.java:httpServerTemplateForNNAndJN(1641)) - Starting Web-server for hddsDatanode at: http://0.0.0.0:0
2019-07-14 00:54:51,725 INFO  server.AuthenticationFilter (AuthenticationFilter.java:constructSecretProvider(240)) - Unable to initialize FileSignerSecretProvider, falling back to use random secrets.
2019-07-14 00:54:51,728 WARN  http.HttpRequestLog (HttpRequestLog.java:getRequestLog(97)) - Jetty request log can only be enabled using Log4j
2019-07-14 00:54:51,731 INFO  http.HttpServer2 (HttpServer2.java:addGlobalFilter(975)) - Added global filter 'safety' (class=org.apache.hadoop.http.HttpServer2$QuotingInputFilter)
2019-07-14 00:54:51,732 INFO  http.HttpServer2 (HttpServer2.java:addFilter(948)) - Added filter static_user_filter (class=org.apache.hadoop.http.lib.StaticUserWebFilter$StaticUserFilter) to context hddsDatanode
2019-07-14 00:54:51,732 INFO  http.HttpServer2 (HttpServer2.java:addFilter(958)) - Added filter static_user_filter (class=org.apache.hadoop.http.lib.StaticUserWebFilter$StaticUserFilter) to context static
2019-07-14 00:54:51,732 INFO  http.HttpServer2 (HttpServer2.java:addFilter(958)) - Added filter static_user_filter (class=org.apache.hadoop.http.lib.StaticUserWebFilter$StaticUserFilter) to context logs
2019-07-14 00:54:51,733 INFO  http.HttpServer2 (HttpServer2.java:bindListener(1191)) - Jetty bound to port 41928
2019-07-14 00:54:51,734 INFO  server.Server (Server.java:doStart(351)) - jetty-9.3.24.v20180605, build timestamp: 2018-06-05T17:11:56Z, git hash: 84205aa28f11a4f31f2a3b86d1bba2cc8ab69827
2019-07-14 00:54:51,738 INFO  handler.ContextHandler (ContextHandler.java:doStart(781)) - Started o.e.j.s.ServletContextHandler@733fb462{/logs,file:///tmp/workdir/hadoop-ozone/integration-test/target/log,AVAILABLE}
2019-07-14 00:54:51,739 INFO  handler.ContextHandler (ContextHandler.java:doStart(781)) - Started o.e.j.s.ServletContextHandler@359066bc{/static,jar:file:/home/user/.m2/repository/org/apache/hadoop/hadoop-hdds-container-service/0.5.0-SNAPSHOT/hadoop-hdds-container-service-0.5.0-SNAPSHOT.jar!/webapps/static,AVAILABLE}
2019-07-14 00:54:51,779 INFO  handler.ContextHandler (ContextHandler.java:doStart(781)) - Started o.e.j.w.WebAppContext@2a8b33ba{/,file:///tmp/jetty-0.0.0.0-41928-hddsDatanode-_-any-3194023716014105827.dir/webapp/,AVAILABLE}{/hddsDatanode}
2019-07-14 00:54:51,779 INFO  server.AbstractConnector (AbstractConnector.java:doStart(278)) - Started ServerConnector@4e8b357d{HTTP/1.1,[http/1.1]}{0.0.0.0:41928}
2019-07-14 00:54:51,781 INFO  server.Server (Server.java:doStart(419)) - Started @6487ms
2019-07-14 00:54:51,782 INFO  server.BaseHttpServer (BaseHttpServer.java:updateConnectorAddress(207)) - HTTP server of HDDSDATANODE is listening at http://0.0.0.0:41928
2019-07-14 00:54:51,825 INFO  datanode.InitDatanodeState (InitDatanodeState.java:persistContainerDatanodeDetails(140)) - DatanodeDetails is persisted to /tmp/workdir/hadoop-ozone/integration-test/target/test-dir/MiniOzoneClusterImpl-987f3e30-4d2a-49e4-9ba3-798e60b5477b/datanode-0/meta/datanode.id
2019-07-14 00:54:51,926 INFO  ozone.HddsDatanodeService (HddsDatanodeService.java:startPlugins(396)) - Started plug-in org.apache.hadoop.ozone.web.OzoneHddsDatanodeService@6097fca9
2019-07-14 00:54:51,927 INFO  impl.MetricsSystemImpl (MetricsSystemImpl.java:init(158)) - HddsDatanode metrics system started (again)
2019-07-14 00:54:51,928 INFO  ozone.HddsDatanodeService (HddsDatanodeService.java:start(185)) - HddsDatanodeService host:trunk-nightly-sxkq5-3320257302 ip:192.168.157.230
2019-07-14 00:54:51,930 INFO  util.JvmPauseMonitor (JvmPauseMonitor.java:run(188)) - Starting JVM pause monitor
2019-07-14 00:54:51,939 INFO  volume.HddsVolume (HddsVolume.java:<init>(176)) - Creating Volume: /tmp/workdir/hadoop-ozone/integration-test/target/test-dir/MiniOzoneClusterImpl-987f3e30-4d2a-49e4-9ba3-798e60b5477b/datanode-2/data/containers/hdds of  storage type : DISK and capacity : 52710309888
2019-07-14 00:54:51,939 INFO  volume.VolumeSet (VolumeSet.java:initializeVolumeSet(170)) - Added Volume : /tmp/workdir/hadoop-ozone/integration-test/target/test-dir/MiniOzoneClusterImpl-987f3e30-4d2a-49e4-9ba3-798e60b5477b/datanode-2/data/containers/hdds to VolumeSet
2019-07-14 00:54:51,940 INFO  volume.ThrottledAsyncChecker (ThrottledAsyncChecker.java:schedule(140)) - Scheduling a check for org.apache.hadoop.ozone.container.common.volume.HddsVolume@6371cf2f
2019-07-14 00:54:51,940 INFO  volume.HddsVolumeChecker (HddsVolumeChecker.java:checkAllVolumes(203)) - Scheduled health check for volume org.apache.hadoop.ozone.container.common.volume.HddsVolume@6371cf2f
2019-07-14 00:54:51,941 INFO  datanode.InitDatanodeState (InitDatanodeState.java:persistContainerDatanodeDetails(140)) - DatanodeDetails is persisted to /tmp/workdir/hadoop-ozone/integration-test/target/test-dir/MiniOzoneClusterImpl-987f3e30-4d2a-49e4-9ba3-798e60b5477b/datanode-1/meta/datanode.id
2019-07-14 00:54:51,958 INFO  impl.RaftServerProxy (ConfUtils.java:logGet(43)) - raft.rpc.type = GRPC (default)
2019-07-14 00:54:51,958 INFO  grpc.GrpcFactory (GrpcFactory.java:checkPooledByteBufAllocatorUseCacheForAllThreads(45)) - PERFORMANCE WARNING: useCacheForAllThreads is true that may cause Netty to create a lot garbage objects and, as a result, trigger GC.
	It is recommended to disable useCacheForAllThreads by setting -Dorg.apache.ratis.thirdparty.io.netty.allocator.useCacheForAllThreads=false in command line.
2019-07-14 00:54:51,958 INFO  grpc.GrpcConfigKeys$Server (ConfUtils.java:logGet(43)) - raft.grpc.server.port = 0 (default)
2019-07-14 00:54:51,958 INFO  server.GrpcService (ConfUtils.java:logGet(43)) - raft.grpc.message.size.max = 33570816 (custom)
2019-07-14 00:54:51,959 INFO  server.RaftServerConfigKeys (ConfUtils.java:logGet(43)) - raft.server.log.appender.buffer.byte-limit = 33554432 (custom)
2019-07-14 00:54:51,959 INFO  server.GrpcService (ConfUtils.java:logGet(43)) - raft.grpc.flow.control.window = 1MB (=1048576) (default)
2019-07-14 00:54:51,959 INFO  server.RaftServerConfigKeys (ConfUtils.java:logGet(43)) - raft.server.rpc.request.timeout = 3000ms (default)
2019-07-14 00:54:51,960 INFO  server.RaftServerConfigKeys (ConfUtils.java:logGet(43)) - raft.server.storage.dir = [/tmp/workdir/hadoop-ozone/integration-test/target/test-dir/MiniOzoneClusterImpl-987f3e30-4d2a-49e4-9ba3-798e60b5477b/datanode-2/data/ratis] (custom)
2019-07-14 00:54:51,960 INFO  replication.SimpleContainerDownloader (SimpleContainerDownloader.java:<init>(72)) - Starting container downloader service to copy containers to replicate.
2019-07-14 00:54:51,962 INFO  hdfs.DFSUtil (DFSUtil.java:httpServerTemplateForNNAndJN(1641)) - Starting Web-server for hddsDatanode at: http://0.0.0.0:0
2019-07-14 00:54:51,963 INFO  server.AuthenticationFilter (AuthenticationFilter.java:constructSecretProvider(240)) - Unable to initialize FileSignerSecretProvider, falling back to use random secrets.
2019-07-14 00:54:51,963 WARN  http.HttpRequestLog (HttpRequestLog.java:getRequestLog(97)) - Jetty request log can only be enabled using Log4j
2019-07-14 00:54:51,965 INFO  http.HttpServer2 (HttpServer2.java:addGlobalFilter(975)) - Added global filter 'safety' (class=org.apache.hadoop.http.HttpServer2$QuotingInputFilter)
2019-07-14 00:54:51,965 INFO  http.HttpServer2 (HttpServer2.java:addFilter(948)) - Added filter static_user_filter (class=org.apache.hadoop.http.lib.StaticUserWebFilter$StaticUserFilter) to context hddsDatanode
2019-07-14 00:54:51,965 INFO  http.HttpServer2 (HttpServer2.java:addFilter(958)) - Added filter static_user_filter (class=org.apache.hadoop.http.lib.StaticUserWebFilter$StaticUserFilter) to context logs
2019-07-14 00:54:51,966 INFO  http.HttpServer2 (HttpServer2.java:addFilter(958)) - Added filter static_user_filter (class=org.apache.hadoop.http.lib.StaticUserWebFilter$StaticUserFilter) to context static
2019-07-14 00:54:51,966 INFO  http.HttpServer2 (HttpServer2.java:bindListener(1191)) - Jetty bound to port 37885
2019-07-14 00:54:51,966 INFO  server.Server (Server.java:doStart(351)) - jetty-9.3.24.v20180605, build timestamp: 2018-06-05T17:11:56Z, git hash: 84205aa28f11a4f31f2a3b86d1bba2cc8ab69827
2019-07-14 00:54:51,969 INFO  handler.ContextHandler (ContextHandler.java:doStart(781)) - Started o.e.j.s.ServletContextHandler@3b97907c{/logs,file:///tmp/workdir/hadoop-ozone/integration-test/target/log,AVAILABLE}
2019-07-14 00:54:51,969 INFO  handler.ContextHandler (ContextHandler.java:doStart(781)) - Started o.e.j.s.ServletContextHandler@631c6d11{/static,jar:file:/home/user/.m2/repository/org/apache/hadoop/hadoop-hdds-container-service/0.5.0-SNAPSHOT/hadoop-hdds-container-service-0.5.0-SNAPSHOT.jar!/webapps/static,AVAILABLE}
2019-07-14 00:54:51,997 INFO  handler.ContextHandler (ContextHandler.java:doStart(781)) - Started o.e.j.w.WebAppContext@61608e1a{/,file:///tmp/jetty-0.0.0.0-37885-hddsDatanode-_-any-333412475077273445.dir/webapp/,AVAILABLE}{/hddsDatanode}
2019-07-14 00:54:51,997 INFO  server.AbstractConnector (AbstractConnector.java:doStart(278)) - Started ServerConnector@7c46c9c3{HTTP/1.1,[http/1.1]}{0.0.0.0:37885}
2019-07-14 00:54:51,998 INFO  server.Server (Server.java:doStart(419)) - Started @6705ms
2019-07-14 00:54:52,000 INFO  server.BaseHttpServer (BaseHttpServer.java:updateConnectorAddress(207)) - HTTP server of HDDSDATANODE is listening at http://0.0.0.0:37885
2019-07-14 00:54:52,126 INFO  ozone.HddsDatanodeService (HddsDatanodeService.java:startPlugins(396)) - Started plug-in org.apache.hadoop.ozone.web.OzoneHddsDatanodeService@4026461d
2019-07-14 00:54:52,127 INFO  impl.MetricsSystemImpl (MetricsSystemImpl.java:init(158)) - HddsDatanode metrics system started (again)
2019-07-14 00:54:52,128 INFO  ozone.HddsDatanodeService (HddsDatanodeService.java:start(185)) - HddsDatanodeService host:trunk-nightly-sxkq5-3320257302 ip:192.168.157.230
2019-07-14 00:54:52,131 INFO  util.JvmPauseMonitor (JvmPauseMonitor.java:run(188)) - Starting JVM pause monitor
2019-07-14 00:54:52,134 INFO  datanode.InitDatanodeState (InitDatanodeState.java:persistContainerDatanodeDetails(140)) - DatanodeDetails is persisted to /tmp/workdir/hadoop-ozone/integration-test/target/test-dir/MiniOzoneClusterImpl-987f3e30-4d2a-49e4-9ba3-798e60b5477b/datanode-2/meta/datanode.id
2019-07-14 00:54:52,137 INFO  volume.HddsVolume (HddsVolume.java:<init>(176)) - Creating Volume: /tmp/workdir/hadoop-ozone/integration-test/target/test-dir/MiniOzoneClusterImpl-987f3e30-4d2a-49e4-9ba3-798e60b5477b/datanode-3/data/containers/hdds of  storage type : DISK and capacity : 52710309888
2019-07-14 00:54:52,137 INFO  volume.VolumeSet (VolumeSet.java:initializeVolumeSet(170)) - Added Volume : /tmp/workdir/hadoop-ozone/integration-test/target/test-dir/MiniOzoneClusterImpl-987f3e30-4d2a-49e4-9ba3-798e60b5477b/datanode-3/data/containers/hdds to VolumeSet
2019-07-14 00:54:52,138 INFO  volume.ThrottledAsyncChecker (ThrottledAsyncChecker.java:schedule(140)) - Scheduling a check for org.apache.hadoop.ozone.container.common.volume.HddsVolume@57bd6a8f
2019-07-14 00:54:52,138 INFO  volume.HddsVolumeChecker (HddsVolumeChecker.java:checkAllVolumes(203)) - Scheduled health check for volume org.apache.hadoop.ozone.container.common.volume.HddsVolume@57bd6a8f
2019-07-14 00:54:52,155 INFO  impl.RaftServerProxy (ConfUtils.java:logGet(43)) - raft.rpc.type = GRPC (default)
2019-07-14 00:54:52,155 INFO  grpc.GrpcFactory (GrpcFactory.java:checkPooledByteBufAllocatorUseCacheForAllThreads(45)) - PERFORMANCE WARNING: useCacheForAllThreads is true that may cause Netty to create a lot garbage objects and, as a result, trigger GC.
	It is recommended to disable useCacheForAllThreads by setting -Dorg.apache.ratis.thirdparty.io.netty.allocator.useCacheForAllThreads=false in command line.
2019-07-14 00:54:52,155 INFO  grpc.GrpcConfigKeys$Server (ConfUtils.java:logGet(43)) - raft.grpc.server.port = 0 (default)
2019-07-14 00:54:52,156 INFO  server.GrpcService (ConfUtils.java:logGet(43)) - raft.grpc.message.size.max = 33570816 (custom)
2019-07-14 00:54:52,156 INFO  server.RaftServerConfigKeys (ConfUtils.java:logGet(43)) - raft.server.log.appender.buffer.byte-limit = 33554432 (custom)
2019-07-14 00:54:52,156 INFO  server.GrpcService (ConfUtils.java:logGet(43)) - raft.grpc.flow.control.window = 1MB (=1048576) (default)
2019-07-14 00:54:52,156 INFO  server.RaftServerConfigKeys (ConfUtils.java:logGet(43)) - raft.server.rpc.request.timeout = 3000ms (default)
2019-07-14 00:54:52,157 INFO  server.RaftServerConfigKeys (ConfUtils.java:logGet(43)) - raft.server.storage.dir = [/tmp/workdir/hadoop-ozone/integration-test/target/test-dir/MiniOzoneClusterImpl-987f3e30-4d2a-49e4-9ba3-798e60b5477b/datanode-3/data/ratis] (custom)
2019-07-14 00:54:52,157 INFO  replication.SimpleContainerDownloader (SimpleContainerDownloader.java:<init>(72)) - Starting container downloader service to copy containers to replicate.
2019-07-14 00:54:52,159 INFO  hdfs.DFSUtil (DFSUtil.java:httpServerTemplateForNNAndJN(1641)) - Starting Web-server for hddsDatanode at: http://0.0.0.0:0
2019-07-14 00:54:52,160 INFO  server.AuthenticationFilter (AuthenticationFilter.java:constructSecretProvider(240)) - Unable to initialize FileSignerSecretProvider, falling back to use random secrets.
2019-07-14 00:54:52,160 WARN  http.HttpRequestLog (HttpRequestLog.java:getRequestLog(97)) - Jetty request log can only be enabled using Log4j
2019-07-14 00:54:52,162 INFO  http.HttpServer2 (HttpServer2.java:addGlobalFilter(975)) - Added global filter 'safety' (class=org.apache.hadoop.http.HttpServer2$QuotingInputFilter)
2019-07-14 00:54:52,162 INFO  http.HttpServer2 (HttpServer2.java:addFilter(948)) - Added filter static_user_filter (class=org.apache.hadoop.http.lib.StaticUserWebFilter$StaticUserFilter) to context hddsDatanode
2019-07-14 00:54:52,162 INFO  http.HttpServer2 (HttpServer2.java:addFilter(958)) - Added filter static_user_filter (class=org.apache.hadoop.http.lib.StaticUserWebFilter$StaticUserFilter) to context static
2019-07-14 00:54:52,162 INFO  http.HttpServer2 (HttpServer2.java:addFilter(958)) - Added filter static_user_filter (class=org.apache.hadoop.http.lib.StaticUserWebFilter$StaticUserFilter) to context logs
2019-07-14 00:54:52,163 INFO  http.HttpServer2 (HttpServer2.java:bindListener(1191)) - Jetty bound to port 39093
2019-07-14 00:54:52,163 INFO  server.Server (Server.java:doStart(351)) - jetty-9.3.24.v20180605, build timestamp: 2018-06-05T17:11:56Z, git hash: 84205aa28f11a4f31f2a3b86d1bba2cc8ab69827
2019-07-14 00:54:52,169 INFO  handler.ContextHandler (ContextHandler.java:doStart(781)) - Started o.e.j.s.ServletContextHandler@5f395ce1{/logs,file:///tmp/workdir/hadoop-ozone/integration-test/target/log,AVAILABLE}
2019-07-14 00:54:52,170 INFO  handler.ContextHandler (ContextHandler.java:doStart(781)) - Started o.e.j.s.ServletContextHandler@1e30db85{/static,jar:file:/home/user/.m2/repository/org/apache/hadoop/hadoop-hdds-container-service/0.5.0-SNAPSHOT/hadoop-hdds-container-service-0.5.0-SNAPSHOT.jar!/webapps/static,AVAILABLE}
2019-07-14 00:54:52,198 INFO  handler.ContextHandler (ContextHandler.java:doStart(781)) - Started o.e.j.w.WebAppContext@1e00bfe2{/,file:///tmp/jetty-0.0.0.0-39093-hddsDatanode-_-any-684073894063749028.dir/webapp/,AVAILABLE}{/hddsDatanode}
2019-07-14 00:54:52,199 INFO  server.AbstractConnector (AbstractConnector.java:doStart(278)) - Started ServerConnector@4702e7a5{HTTP/1.1,[http/1.1]}{0.0.0.0:39093}
2019-07-14 00:54:52,200 INFO  server.Server (Server.java:doStart(419)) - Started @6906ms
2019-07-14 00:54:52,200 INFO  server.BaseHttpServer (BaseHttpServer.java:updateConnectorAddress(207)) - HTTP server of HDDSDATANODE is listening at http://0.0.0.0:39093
2019-07-14 00:54:52,321 INFO  ozone.HddsDatanodeService (HddsDatanodeService.java:startPlugins(396)) - Started plug-in org.apache.hadoop.ozone.web.OzoneHddsDatanodeService@1bd8afc8
2019-07-14 00:54:52,322 INFO  impl.MetricsSystemImpl (MetricsSystemImpl.java:init(158)) - HddsDatanode metrics system started (again)
2019-07-14 00:54:52,323 INFO  ozone.HddsDatanodeService (HddsDatanodeService.java:start(185)) - HddsDatanodeService host:trunk-nightly-sxkq5-3320257302 ip:192.168.157.230
2019-07-14 00:54:52,325 INFO  util.JvmPauseMonitor (JvmPauseMonitor.java:run(188)) - Starting JVM pause monitor
2019-07-14 00:54:52,328 INFO  datanode.InitDatanodeState (InitDatanodeState.java:persistContainerDatanodeDetails(140)) - DatanodeDetails is persisted to /tmp/workdir/hadoop-ozone/integration-test/target/test-dir/MiniOzoneClusterImpl-987f3e30-4d2a-49e4-9ba3-798e60b5477b/datanode-3/meta/datanode.id
2019-07-14 00:54:52,332 INFO  volume.HddsVolume (HddsVolume.java:<init>(176)) - Creating Volume: /tmp/workdir/hadoop-ozone/integration-test/target/test-dir/MiniOzoneClusterImpl-987f3e30-4d2a-49e4-9ba3-798e60b5477b/datanode-4/data/containers/hdds of  storage type : DISK and capacity : 52710309888
2019-07-14 00:54:52,332 INFO  volume.VolumeSet (VolumeSet.java:initializeVolumeSet(170)) - Added Volume : /tmp/workdir/hadoop-ozone/integration-test/target/test-dir/MiniOzoneClusterImpl-987f3e30-4d2a-49e4-9ba3-798e60b5477b/datanode-4/data/containers/hdds to VolumeSet
2019-07-14 00:54:52,332 INFO  volume.ThrottledAsyncChecker (ThrottledAsyncChecker.java:schedule(140)) - Scheduling a check for org.apache.hadoop.ozone.container.common.volume.HddsVolume@77a0dd63
2019-07-14 00:54:52,333 INFO  volume.HddsVolumeChecker (HddsVolumeChecker.java:checkAllVolumes(203)) - Scheduled health check for volume org.apache.hadoop.ozone.container.common.volume.HddsVolume@77a0dd63
2019-07-14 00:54:52,349 INFO  impl.RaftServerProxy (ConfUtils.java:logGet(43)) - raft.rpc.type = GRPC (default)
2019-07-14 00:54:52,350 INFO  grpc.GrpcFactory (GrpcFactory.java:checkPooledByteBufAllocatorUseCacheForAllThreads(45)) - PERFORMANCE WARNING: useCacheForAllThreads is true that may cause Netty to create a lot garbage objects and, as a result, trigger GC.
	It is recommended to disable useCacheForAllThreads by setting -Dorg.apache.ratis.thirdparty.io.netty.allocator.useCacheForAllThreads=false in command line.
2019-07-14 00:54:52,350 INFO  grpc.GrpcConfigKeys$Server (ConfUtils.java:logGet(43)) - raft.grpc.server.port = 0 (default)
2019-07-14 00:54:52,350 INFO  server.GrpcService (ConfUtils.java:logGet(43)) - raft.grpc.message.size.max = 33570816 (custom)
2019-07-14 00:54:52,350 INFO  server.RaftServerConfigKeys (ConfUtils.java:logGet(43)) - raft.server.log.appender.buffer.byte-limit = 33554432 (custom)
2019-07-14 00:54:52,351 INFO  server.GrpcService (ConfUtils.java:logGet(43)) - raft.grpc.flow.control.window = 1MB (=1048576) (default)
2019-07-14 00:54:52,351 INFO  server.RaftServerConfigKeys (ConfUtils.java:logGet(43)) - raft.server.rpc.request.timeout = 3000ms (default)
2019-07-14 00:54:52,351 INFO  server.RaftServerConfigKeys (ConfUtils.java:logGet(43)) - raft.server.storage.dir = [/tmp/workdir/hadoop-ozone/integration-test/target/test-dir/MiniOzoneClusterImpl-987f3e30-4d2a-49e4-9ba3-798e60b5477b/datanode-4/data/ratis] (custom)
2019-07-14 00:54:52,352 INFO  replication.SimpleContainerDownloader (SimpleContainerDownloader.java:<init>(72)) - Starting container downloader service to copy containers to replicate.
2019-07-14 00:54:52,353 INFO  hdfs.DFSUtil (DFSUtil.java:httpServerTemplateForNNAndJN(1641)) - Starting Web-server for hddsDatanode at: http://0.0.0.0:0
2019-07-14 00:54:52,354 INFO  server.AuthenticationFilter (AuthenticationFilter.java:constructSecretProvider(240)) - Unable to initialize FileSignerSecretProvider, falling back to use random secrets.
2019-07-14 00:54:52,355 WARN  http.HttpRequestLog (HttpRequestLog.java:getRequestLog(97)) - Jetty request log can only be enabled using Log4j
2019-07-14 00:54:52,357 INFO  http.HttpServer2 (HttpServer2.java:addGlobalFilter(975)) - Added global filter 'safety' (class=org.apache.hadoop.http.HttpServer2$QuotingInputFilter)
2019-07-14 00:54:52,357 INFO  http.HttpServer2 (HttpServer2.java:addFilter(948)) - Added filter static_user_filter (class=org.apache.hadoop.http.lib.StaticUserWebFilter$StaticUserFilter) to context hddsDatanode
2019-07-14 00:54:52,357 INFO  http.HttpServer2 (HttpServer2.java:addFilter(958)) - Added filter static_user_filter (class=org.apache.hadoop.http.lib.StaticUserWebFilter$StaticUserFilter) to context static
2019-07-14 00:54:52,358 INFO  http.HttpServer2 (HttpServer2.java:addFilter(958)) - Added filter static_user_filter (class=org.apache.hadoop.http.lib.StaticUserWebFilter$StaticUserFilter) to context logs
2019-07-14 00:54:52,358 INFO  http.HttpServer2 (HttpServer2.java:bindListener(1191)) - Jetty bound to port 39288
2019-07-14 00:54:52,358 INFO  server.Server (Server.java:doStart(351)) - jetty-9.3.24.v20180605, build timestamp: 2018-06-05T17:11:56Z, git hash: 84205aa28f11a4f31f2a3b86d1bba2cc8ab69827
2019-07-14 00:54:52,361 INFO  handler.ContextHandler (ContextHandler.java:doStart(781)) - Started o.e.j.s.ServletContextHandler@7aa01bd9{/logs,file:///tmp/workdir/hadoop-ozone/integration-test/target/log,AVAILABLE}
2019-07-14 00:54:52,362 INFO  handler.ContextHandler (ContextHandler.java:doStart(781)) - Started o.e.j.s.ServletContextHandler@615db358{/static,jar:file:/home/user/.m2/repository/org/apache/hadoop/hadoop-hdds-container-service/0.5.0-SNAPSHOT/hadoop-hdds-container-service-0.5.0-SNAPSHOT.jar!/webapps/static,AVAILABLE}
2019-07-14 00:54:52,389 INFO  handler.ContextHandler (ContextHandler.java:doStart(781)) - Started o.e.j.w.WebAppContext@34136bd1{/,file:///tmp/jetty-0.0.0.0-39288-hddsDatanode-_-any-2677094899644756233.dir/webapp/,AVAILABLE}{/hddsDatanode}
2019-07-14 00:54:52,389 INFO  server.AbstractConnector (AbstractConnector.java:doStart(278)) - Started ServerConnector@6de7778f{HTTP/1.1,[http/1.1]}{0.0.0.0:39288}
2019-07-14 00:54:52,391 INFO  server.Server (Server.java:doStart(419)) - Started @7097ms
2019-07-14 00:54:52,392 INFO  server.BaseHttpServer (BaseHttpServer.java:updateConnectorAddress(207)) - HTTP server of HDDSDATANODE is listening at http://0.0.0.0:39288
2019-07-14 00:54:52,499 INFO  ozone.HddsDatanodeService (HddsDatanodeService.java:startPlugins(396)) - Started plug-in org.apache.hadoop.ozone.web.OzoneHddsDatanodeService@5fdd97c1
2019-07-14 00:54:52,500 INFO  impl.MetricsSystemImpl (MetricsSystemImpl.java:init(158)) - HddsDatanode metrics system started (again)
2019-07-14 00:54:52,501 INFO  ozone.HddsDatanodeService (HddsDatanodeService.java:start(185)) - HddsDatanodeService host:trunk-nightly-sxkq5-3320257302 ip:192.168.157.230
2019-07-14 00:54:52,504 INFO  util.JvmPauseMonitor (JvmPauseMonitor.java:run(188)) - Starting JVM pause monitor
2019-07-14 00:54:52,507 INFO  datanode.InitDatanodeState (InitDatanodeState.java:persistContainerDatanodeDetails(140)) - DatanodeDetails is persisted to /tmp/workdir/hadoop-ozone/integration-test/target/test-dir/MiniOzoneClusterImpl-987f3e30-4d2a-49e4-9ba3-798e60b5477b/datanode-4/meta/datanode.id
2019-07-14 00:54:52,512 INFO  volume.HddsVolume (HddsVolume.java:<init>(176)) - Creating Volume: /tmp/workdir/hadoop-ozone/integration-test/target/test-dir/MiniOzoneClusterImpl-987f3e30-4d2a-49e4-9ba3-798e60b5477b/datanode-5/data/containers/hdds of  storage type : DISK and capacity : 52710309888
2019-07-14 00:54:52,512 INFO  volume.VolumeSet (VolumeSet.java:initializeVolumeSet(170)) - Added Volume : /tmp/workdir/hadoop-ozone/integration-test/target/test-dir/MiniOzoneClusterImpl-987f3e30-4d2a-49e4-9ba3-798e60b5477b/datanode-5/data/containers/hdds to VolumeSet
2019-07-14 00:54:52,512 INFO  volume.ThrottledAsyncChecker (ThrottledAsyncChecker.java:schedule(140)) - Scheduling a check for org.apache.hadoop.ozone.container.common.volume.HddsVolume@37d3e140
2019-07-14 00:54:52,513 INFO  volume.HddsVolumeChecker (HddsVolumeChecker.java:checkAllVolumes(203)) - Scheduled health check for volume org.apache.hadoop.ozone.container.common.volume.HddsVolume@37d3e140
2019-07-14 00:54:52,528 INFO  impl.RaftServerProxy (ConfUtils.java:logGet(43)) - raft.rpc.type = GRPC (default)
2019-07-14 00:54:52,529 INFO  grpc.GrpcFactory (GrpcFactory.java:checkPooledByteBufAllocatorUseCacheForAllThreads(45)) - PERFORMANCE WARNING: useCacheForAllThreads is true that may cause Netty to create a lot garbage objects and, as a result, trigger GC.
	It is recommended to disable useCacheForAllThreads by setting -Dorg.apache.ratis.thirdparty.io.netty.allocator.useCacheForAllThreads=false in command line.
2019-07-14 00:54:52,529 INFO  grpc.GrpcConfigKeys$Server (ConfUtils.java:logGet(43)) - raft.grpc.server.port = 0 (default)
2019-07-14 00:54:52,529 INFO  server.GrpcService (ConfUtils.java:logGet(43)) - raft.grpc.message.size.max = 33570816 (custom)
2019-07-14 00:54:52,529 INFO  server.RaftServerConfigKeys (ConfUtils.java:logGet(43)) - raft.server.log.appender.buffer.byte-limit = 33554432 (custom)
2019-07-14 00:54:52,529 INFO  server.GrpcService (ConfUtils.java:logGet(43)) - raft.grpc.flow.control.window = 1MB (=1048576) (default)
2019-07-14 00:54:52,530 INFO  server.RaftServerConfigKeys (ConfUtils.java:logGet(43)) - raft.server.rpc.request.timeout = 3000ms (default)
2019-07-14 00:54:52,530 INFO  server.RaftServerConfigKeys (ConfUtils.java:logGet(43)) - raft.server.storage.dir = [/tmp/workdir/hadoop-ozone/integration-test/target/test-dir/MiniOzoneClusterImpl-987f3e30-4d2a-49e4-9ba3-798e60b5477b/datanode-5/data/ratis] (custom)
2019-07-14 00:54:52,531 INFO  replication.SimpleContainerDownloader (SimpleContainerDownloader.java:<init>(72)) - Starting container downloader service to copy containers to replicate.
2019-07-14 00:54:52,532 INFO  hdfs.DFSUtil (DFSUtil.java:httpServerTemplateForNNAndJN(1641)) - Starting Web-server for hddsDatanode at: http://0.0.0.0:0
2019-07-14 00:54:52,533 INFO  server.AuthenticationFilter (AuthenticationFilter.java:constructSecretProvider(240)) - Unable to initialize FileSignerSecretProvider, falling back to use random secrets.
2019-07-14 00:54:52,533 WARN  http.HttpRequestLog (HttpRequestLog.java:getRequestLog(97)) - Jetty request log can only be enabled using Log4j
2019-07-14 00:54:52,535 INFO  http.HttpServer2 (HttpServer2.java:addGlobalFilter(975)) - Added global filter 'safety' (class=org.apache.hadoop.http.HttpServer2$QuotingInputFilter)
2019-07-14 00:54:52,535 INFO  http.HttpServer2 (HttpServer2.java:addFilter(948)) - Added filter static_user_filter (class=org.apache.hadoop.http.lib.StaticUserWebFilter$StaticUserFilter) to context hddsDatanode
2019-07-14 00:54:52,535 INFO  http.HttpServer2 (HttpServer2.java:addFilter(958)) - Added filter static_user_filter (class=org.apache.hadoop.http.lib.StaticUserWebFilter$StaticUserFilter) to context static
2019-07-14 00:54:52,536 INFO  http.HttpServer2 (HttpServer2.java:addFilter(958)) - Added filter static_user_filter (class=org.apache.hadoop.http.lib.StaticUserWebFilter$StaticUserFilter) to context logs
2019-07-14 00:54:52,536 INFO  http.HttpServer2 (HttpServer2.java:bindListener(1191)) - Jetty bound to port 45533
2019-07-14 00:54:52,536 INFO  server.Server (Server.java:doStart(351)) - jetty-9.3.24.v20180605, build timestamp: 2018-06-05T17:11:56Z, git hash: 84205aa28f11a4f31f2a3b86d1bba2cc8ab69827
2019-07-14 00:54:52,539 INFO  handler.ContextHandler (ContextHandler.java:doStart(781)) - Started o.e.j.s.ServletContextHandler@545d2560{/logs,file:///tmp/workdir/hadoop-ozone/integration-test/target/log,AVAILABLE}
2019-07-14 00:54:52,539 INFO  handler.ContextHandler (ContextHandler.java:doStart(781)) - Started o.e.j.s.ServletContextHandler@6885ed19{/static,jar:file:/home/user/.m2/repository/org/apache/hadoop/hadoop-hdds-container-service/0.5.0-SNAPSHOT/hadoop-hdds-container-service-0.5.0-SNAPSHOT.jar!/webapps/static,AVAILABLE}
2019-07-14 00:54:52,567 INFO  handler.ContextHandler (ContextHandler.java:doStart(781)) - Started o.e.j.w.WebAppContext@40c8067{/,file:///tmp/jetty-0.0.0.0-45533-hddsDatanode-_-any-4331147166574785586.dir/webapp/,AVAILABLE}{/hddsDatanode}
2019-07-14 00:54:52,567 INFO  server.AbstractConnector (AbstractConnector.java:doStart(278)) - Started ServerConnector@46bb0bdf{HTTP/1.1,[http/1.1]}{0.0.0.0:45533}
2019-07-14 00:54:52,568 INFO  server.Server (Server.java:doStart(419)) - Started @7275ms
2019-07-14 00:54:52,569 INFO  server.BaseHttpServer (BaseHttpServer.java:updateConnectorAddress(207)) - HTTP server of HDDSDATANODE is listening at http://0.0.0.0:45533
2019-07-14 00:54:52,679 INFO  ozone.HddsDatanodeService (HddsDatanodeService.java:startPlugins(396)) - Started plug-in org.apache.hadoop.ozone.web.OzoneHddsDatanodeService@7d25913
2019-07-14 00:54:52,680 INFO  impl.MetricsSystemImpl (MetricsSystemImpl.java:init(158)) - HddsDatanode metrics system started (again)
2019-07-14 00:54:52,681 INFO  ozone.HddsDatanodeService (HddsDatanodeService.java:start(185)) - HddsDatanodeService host:trunk-nightly-sxkq5-3320257302 ip:192.168.157.230
2019-07-14 00:54:52,683 INFO  util.JvmPauseMonitor (JvmPauseMonitor.java:run(188)) - Starting JVM pause monitor
2019-07-14 00:54:52,686 INFO  datanode.InitDatanodeState (InitDatanodeState.java:persistContainerDatanodeDetails(140)) - DatanodeDetails is persisted to /tmp/workdir/hadoop-ozone/integration-test/target/test-dir/MiniOzoneClusterImpl-987f3e30-4d2a-49e4-9ba3-798e60b5477b/datanode-5/meta/datanode.id
2019-07-14 00:54:52,691 INFO  volume.HddsVolume (HddsVolume.java:<init>(176)) - Creating Volume: /tmp/workdir/hadoop-ozone/integration-test/target/test-dir/MiniOzoneClusterImpl-987f3e30-4d2a-49e4-9ba3-798e60b5477b/datanode-6/data/containers/hdds of  storage type : DISK and capacity : 52710309888
2019-07-14 00:54:52,691 INFO  volume.VolumeSet (VolumeSet.java:initializeVolumeSet(170)) - Added Volume : /tmp/workdir/hadoop-ozone/integration-test/target/test-dir/MiniOzoneClusterImpl-987f3e30-4d2a-49e4-9ba3-798e60b5477b/datanode-6/data/containers/hdds to VolumeSet
2019-07-14 00:54:52,691 INFO  volume.ThrottledAsyncChecker (ThrottledAsyncChecker.java:schedule(140)) - Scheduling a check for org.apache.hadoop.ozone.container.common.volume.HddsVolume@40a1b6d4
2019-07-14 00:54:52,692 INFO  volume.HddsVolumeChecker (HddsVolumeChecker.java:checkAllVolumes(203)) - Scheduled health check for volume org.apache.hadoop.ozone.container.common.volume.HddsVolume@40a1b6d4
2019-07-14 00:54:52,708 INFO  impl.RaftServerProxy (ConfUtils.java:logGet(43)) - raft.rpc.type = GRPC (default)
2019-07-14 00:54:52,708 INFO  grpc.GrpcFactory (GrpcFactory.java:checkPooledByteBufAllocatorUseCacheForAllThreads(45)) - PERFORMANCE WARNING: useCacheForAllThreads is true that may cause Netty to create a lot garbage objects and, as a result, trigger GC.
	It is recommended to disable useCacheForAllThreads by setting -Dorg.apache.ratis.thirdparty.io.netty.allocator.useCacheForAllThreads=false in command line.
2019-07-14 00:54:52,708 INFO  grpc.GrpcConfigKeys$Server (ConfUtils.java:logGet(43)) - raft.grpc.server.port = 0 (default)
2019-07-14 00:54:52,708 INFO  server.GrpcService (ConfUtils.java:logGet(43)) - raft.grpc.message.size.max = 33570816 (custom)
2019-07-14 00:54:52,708 INFO  server.RaftServerConfigKeys (ConfUtils.java:logGet(43)) - raft.server.log.appender.buffer.byte-limit = 33554432 (custom)
2019-07-14 00:54:52,709 INFO  server.GrpcService (ConfUtils.java:logGet(43)) - raft.grpc.flow.control.window = 1MB (=1048576) (default)
2019-07-14 00:54:52,709 INFO  server.RaftServerConfigKeys (ConfUtils.java:logGet(43)) - raft.server.rpc.request.timeout = 3000ms (default)
2019-07-14 00:54:52,709 INFO  server.RaftServerConfigKeys (ConfUtils.java:logGet(43)) - raft.server.storage.dir = [/tmp/workdir/hadoop-ozone/integration-test/target/test-dir/MiniOzoneClusterImpl-987f3e30-4d2a-49e4-9ba3-798e60b5477b/datanode-6/data/ratis] (custom)
2019-07-14 00:54:52,710 INFO  replication.SimpleContainerDownloader (SimpleContainerDownloader.java:<init>(72)) - Starting container downloader service to copy containers to replicate.
2019-07-14 00:54:52,711 INFO  hdfs.DFSUtil (DFSUtil.java:httpServerTemplateForNNAndJN(1641)) - Starting Web-server for hddsDatanode at: http://0.0.0.0:0
2019-07-14 00:54:52,712 INFO  server.AuthenticationFilter (AuthenticationFilter.java:constructSecretProvider(240)) - Unable to initialize FileSignerSecretProvider, falling back to use random secrets.
2019-07-14 00:54:52,712 WARN  http.HttpRequestLog (HttpRequestLog.java:getRequestLog(97)) - Jetty request log can only be enabled using Log4j
2019-07-14 00:54:52,714 INFO  http.HttpServer2 (HttpServer2.java:addGlobalFilter(975)) - Added global filter 'safety' (class=org.apache.hadoop.http.HttpServer2$QuotingInputFilter)
2019-07-14 00:54:52,715 INFO  http.HttpServer2 (HttpServer2.java:addFilter(948)) - Added filter static_user_filter (class=org.apache.hadoop.http.lib.StaticUserWebFilter$StaticUserFilter) to context hddsDatanode
2019-07-14 00:54:52,715 INFO  http.HttpServer2 (HttpServer2.java:addFilter(958)) - Added filter static_user_filter (class=org.apache.hadoop.http.lib.StaticUserWebFilter$StaticUserFilter) to context static
2019-07-14 00:54:52,715 INFO  http.HttpServer2 (HttpServer2.java:addFilter(958)) - Added filter static_user_filter (class=org.apache.hadoop.http.lib.StaticUserWebFilter$StaticUserFilter) to context logs
2019-07-14 00:54:52,716 INFO  http.HttpServer2 (HttpServer2.java:bindListener(1191)) - Jetty bound to port 39537
2019-07-14 00:54:52,716 INFO  server.Server (Server.java:doStart(351)) - jetty-9.3.24.v20180605, build timestamp: 2018-06-05T17:11:56Z, git hash: 84205aa28f11a4f31f2a3b86d1bba2cc8ab69827
2019-07-14 00:54:52,718 INFO  handler.ContextHandler (ContextHandler.java:doStart(781)) - Started o.e.j.s.ServletContextHandler@718989fa{/logs,file:///tmp/workdir/hadoop-ozone/integration-test/target/log,AVAILABLE}
2019-07-14 00:54:52,718 INFO  handler.ContextHandler (ContextHandler.java:doStart(781)) - Started o.e.j.s.ServletContextHandler@6568f998{/static,jar:file:/home/user/.m2/repository/org/apache/hadoop/hadoop-hdds-container-service/0.5.0-SNAPSHOT/hadoop-hdds-container-service-0.5.0-SNAPSHOT.jar!/webapps/static,AVAILABLE}
2019-07-14 00:54:52,746 INFO  handler.ContextHandler (ContextHandler.java:doStart(781)) - Started o.e.j.w.WebAppContext@448ade1{/,file:///tmp/jetty-0.0.0.0-39537-hddsDatanode-_-any-6026217695656642263.dir/webapp/,AVAILABLE}{/hddsDatanode}
2019-07-14 00:54:52,746 INFO  server.AbstractConnector (AbstractConnector.java:doStart(278)) - Started ServerConnector@21f9c6ea{HTTP/1.1,[http/1.1]}{0.0.0.0:39537}
2019-07-14 00:54:52,747 INFO  server.Server (Server.java:doStart(419)) - Started @7454ms
2019-07-14 00:54:52,748 INFO  server.BaseHttpServer (BaseHttpServer.java:updateConnectorAddress(207)) - HTTP server of HDDSDATANODE is listening at http://0.0.0.0:39537
2019-07-14 00:54:52,932 INFO  ozone.HddsDatanodeService (HddsDatanodeService.java:startPlugins(396)) - Started plug-in org.apache.hadoop.ozone.web.OzoneHddsDatanodeService@112c2930
2019-07-14 00:54:52,935 INFO  ozone.MiniOzoneClusterImpl (MiniOzoneClusterImpl.java:lambda$waitForClusterToBeReady$0(142)) - Waiting for cluster to be ready. Got 0 of 7 DN Heartbeats.
2019-07-14 00:54:52,936 INFO  util.JvmPauseMonitor (JvmPauseMonitor.java:run(188)) - Starting JVM pause monitor
2019-07-14 00:54:52,939 INFO  datanode.InitDatanodeState (InitDatanodeState.java:persistContainerDatanodeDetails(140)) - DatanodeDetails is persisted to /tmp/workdir/hadoop-ozone/integration-test/target/test-dir/MiniOzoneClusterImpl-987f3e30-4d2a-49e4-9ba3-798e60b5477b/datanode-6/meta/datanode.id
2019-07-14 00:54:53,745 INFO  ozoneimpl.OzoneContainer (OzoneContainer.java:start(186)) - Attempting to start container services.
2019-07-14 00:54:53,747 INFO  ozoneimpl.OzoneContainer (OzoneContainer.java:startContainerScrub(160)) - Background container scrubber has been disabled by hdds.containerscrub.enabled
2019-07-14 00:54:53,748 INFO  ratis.XceiverServerRatis (XceiverServerRatis.java:start(418)) - Starting XceiverServerRatis 025db33a-bd67-45c6-be5e-3139845b0895 at port 0
2019-07-14 00:54:53,772 INFO  impl.RaftServerProxy (RaftServerProxy.java:lambda$start$3(299)) - 025db33a-bd67-45c6-be5e-3139845b0895: start RPC server
2019-07-14 00:54:53,906 INFO  server.GrpcService (GrpcService.java:startImpl(149)) - 025db33a-bd67-45c6-be5e-3139845b0895: GrpcService started, listening on 0.0.0.0/0.0.0.0:36356
2019-07-14 00:54:53,907 INFO  ratis.XceiverServerRatis (XceiverServerRatis.java:start(428)) - XceiverServerRatis 025db33a-bd67-45c6-be5e-3139845b0895 is started using port 36356
2019-07-14 00:54:53,909 INFO  server.XceiverServerGrpc (XceiverServerGrpc.java:start(161)) - XceiverServerGrpc 025db33a-bd67-45c6-be5e-3139845b0895 is started using port 35745
2019-07-14 00:54:53,935 INFO  ozone.MiniOzoneClusterImpl (MiniOzoneClusterImpl.java:lambda$waitForClusterToBeReady$0(142)) - Waiting for cluster to be ready. Got 0 of 7 DN Heartbeats.
2019-07-14 00:54:53,946 INFO  ozoneimpl.OzoneContainer (OzoneContainer.java:start(186)) - Attempting to start container services.
2019-07-14 00:54:53,949 INFO  ozoneimpl.OzoneContainer (OzoneContainer.java:startContainerScrub(160)) - Background container scrubber has been disabled by hdds.containerscrub.enabled
2019-07-14 00:54:53,949 INFO  ratis.XceiverServerRatis (XceiverServerRatis.java:start(418)) - Starting XceiverServerRatis 783b8b05-b1d3-492c-ad9c-c9c629e37620 at port 0
2019-07-14 00:54:53,959 INFO  impl.RaftServerProxy (RaftServerProxy.java:lambda$start$3(299)) - 783b8b05-b1d3-492c-ad9c-c9c629e37620: start RPC server
2019-07-14 00:54:53,963 INFO  server.GrpcService (GrpcService.java:startImpl(149)) - 783b8b05-b1d3-492c-ad9c-c9c629e37620: GrpcService started, listening on 0.0.0.0/0.0.0.0:38030
2019-07-14 00:54:53,963 INFO  ratis.XceiverServerRatis (XceiverServerRatis.java:start(428)) - XceiverServerRatis 783b8b05-b1d3-492c-ad9c-c9c629e37620 is started using port 38030
2019-07-14 00:54:53,965 INFO  server.XceiverServerGrpc (XceiverServerGrpc.java:start(161)) - XceiverServerGrpc 783b8b05-b1d3-492c-ad9c-c9c629e37620 is started using port 46199
2019-07-14 00:54:54,145 INFO  ozoneimpl.OzoneContainer (OzoneContainer.java:start(186)) - Attempting to start container services.
2019-07-14 00:54:54,151 INFO  ozoneimpl.OzoneContainer (OzoneContainer.java:startContainerScrub(160)) - Background container scrubber has been disabled by hdds.containerscrub.enabled
2019-07-14 00:54:54,151 INFO  ratis.XceiverServerRatis (XceiverServerRatis.java:start(418)) - Starting XceiverServerRatis 653fec2b-828f-462f-83ef-0fe963c2c3fc at port 0
2019-07-14 00:54:54,161 INFO  impl.RaftServerProxy (RaftServerProxy.java:lambda$start$3(299)) - 653fec2b-828f-462f-83ef-0fe963c2c3fc: start RPC server
2019-07-14 00:54:54,164 INFO  server.GrpcService (GrpcService.java:startImpl(149)) - 653fec2b-828f-462f-83ef-0fe963c2c3fc: GrpcService started, listening on 0.0.0.0/0.0.0.0:35736
2019-07-14 00:54:54,164 INFO  ratis.XceiverServerRatis (XceiverServerRatis.java:start(428)) - XceiverServerRatis 653fec2b-828f-462f-83ef-0fe963c2c3fc is started using port 35736
2019-07-14 00:54:54,167 INFO  server.XceiverServerGrpc (XceiverServerGrpc.java:start(161)) - XceiverServerGrpc 653fec2b-828f-462f-83ef-0fe963c2c3fc is started using port 41995
2019-07-14 00:54:54,351 INFO  ozoneimpl.OzoneContainer (OzoneContainer.java:start(186)) - Attempting to start container services.
2019-07-14 00:54:54,351 INFO  ozoneimpl.OzoneContainer (OzoneContainer.java:startContainerScrub(160)) - Background container scrubber has been disabled by hdds.containerscrub.enabled
2019-07-14 00:54:54,351 INFO  ratis.XceiverServerRatis (XceiverServerRatis.java:start(418)) - Starting XceiverServerRatis cee36198-446d-47bf-8813-9cfec4572e78 at port 0
2019-07-14 00:54:54,363 INFO  impl.RaftServerProxy (RaftServerProxy.java:lambda$start$3(299)) - cee36198-446d-47bf-8813-9cfec4572e78: start RPC server
2019-07-14 00:54:54,367 INFO  server.GrpcService (GrpcService.java:startImpl(149)) - cee36198-446d-47bf-8813-9cfec4572e78: GrpcService started, listening on 0.0.0.0/0.0.0.0:35741
2019-07-14 00:54:54,368 INFO  ratis.XceiverServerRatis (XceiverServerRatis.java:start(428)) - XceiverServerRatis cee36198-446d-47bf-8813-9cfec4572e78 is started using port 35741
2019-07-14 00:54:54,370 INFO  server.XceiverServerGrpc (XceiverServerGrpc.java:start(161)) - XceiverServerGrpc cee36198-446d-47bf-8813-9cfec4572e78 is started using port 38295
2019-07-14 00:54:54,533 INFO  ozoneimpl.OzoneContainer (OzoneContainer.java:start(186)) - Attempting to start container services.
2019-07-14 00:54:54,533 INFO  ozoneimpl.OzoneContainer (OzoneContainer.java:startContainerScrub(160)) - Background container scrubber has been disabled by hdds.containerscrub.enabled
2019-07-14 00:54:54,534 INFO  ratis.XceiverServerRatis (XceiverServerRatis.java:start(418)) - Starting XceiverServerRatis f7292ad1-a410-437d-b51d-24e6c6cb657b at port 0
2019-07-14 00:54:54,544 INFO  impl.RaftServerProxy (RaftServerProxy.java:lambda$start$3(299)) - f7292ad1-a410-437d-b51d-24e6c6cb657b: start RPC server
2019-07-14 00:54:54,548 INFO  server.GrpcService (GrpcService.java:startImpl(149)) - f7292ad1-a410-437d-b51d-24e6c6cb657b: GrpcService started, listening on 0.0.0.0/0.0.0.0:46263
2019-07-14 00:54:54,548 INFO  ratis.XceiverServerRatis (XceiverServerRatis.java:start(428)) - XceiverServerRatis f7292ad1-a410-437d-b51d-24e6c6cb657b is started using port 46263
2019-07-14 00:54:54,552 INFO  server.XceiverServerGrpc (XceiverServerGrpc.java:start(161)) - XceiverServerGrpc f7292ad1-a410-437d-b51d-24e6c6cb657b is started using port 41222
2019-07-14 00:54:54,699 INFO  ozoneimpl.OzoneContainer (OzoneContainer.java:start(186)) - Attempting to start container services.
2019-07-14 00:54:54,700 INFO  ozoneimpl.OzoneContainer (OzoneContainer.java:startContainerScrub(160)) - Background container scrubber has been disabled by hdds.containerscrub.enabled
2019-07-14 00:54:54,700 INFO  ratis.XceiverServerRatis (XceiverServerRatis.java:start(418)) - Starting XceiverServerRatis 4c018b83-5bd7-4258-92c8-f095042238e0 at port 0
2019-07-14 00:54:54,709 INFO  impl.RaftServerProxy (RaftServerProxy.java:lambda$start$3(299)) - 4c018b83-5bd7-4258-92c8-f095042238e0: start RPC server
2019-07-14 00:54:54,713 INFO  server.GrpcService (GrpcService.java:startImpl(149)) - 4c018b83-5bd7-4258-92c8-f095042238e0: GrpcService started, listening on 0.0.0.0/0.0.0.0:32858
2019-07-14 00:54:54,713 INFO  ratis.XceiverServerRatis (XceiverServerRatis.java:start(428)) - XceiverServerRatis 4c018b83-5bd7-4258-92c8-f095042238e0 is started using port 32858
2019-07-14 00:54:54,716 INFO  server.XceiverServerGrpc (XceiverServerGrpc.java:start(161)) - XceiverServerGrpc 4c018b83-5bd7-4258-92c8-f095042238e0 is started using port 45464
2019-07-14 00:54:54,936 INFO  ozone.MiniOzoneClusterImpl (MiniOzoneClusterImpl.java:lambda$waitForClusterToBeReady$0(142)) - Waiting for cluster to be ready. Got 0 of 7 DN Heartbeats.
2019-07-14 00:54:54,965 INFO  ozoneimpl.OzoneContainer (OzoneContainer.java:start(186)) - Attempting to start container services.
2019-07-14 00:54:54,966 INFO  ozoneimpl.OzoneContainer (OzoneContainer.java:startContainerScrub(160)) - Background container scrubber has been disabled by hdds.containerscrub.enabled
2019-07-14 00:54:54,966 INFO  ratis.XceiverServerRatis (XceiverServerRatis.java:start(418)) - Starting XceiverServerRatis 654df1de-c902-4012-a748-a827ca476937 at port 0
2019-07-14 00:54:54,974 INFO  impl.RaftServerProxy (RaftServerProxy.java:lambda$start$3(299)) - 654df1de-c902-4012-a748-a827ca476937: start RPC server
2019-07-14 00:54:54,979 INFO  server.GrpcService (GrpcService.java:startImpl(149)) - 654df1de-c902-4012-a748-a827ca476937: GrpcService started, listening on 0.0.0.0/0.0.0.0:40080
2019-07-14 00:54:54,979 INFO  ratis.XceiverServerRatis (XceiverServerRatis.java:start(428)) - XceiverServerRatis 654df1de-c902-4012-a748-a827ca476937 is started using port 40080
2019-07-14 00:54:54,983 INFO  server.XceiverServerGrpc (XceiverServerGrpc.java:start(161)) - XceiverServerGrpc 654df1de-c902-4012-a748-a827ca476937 is started using port 33916
2019-07-14 00:54:55,737 INFO  net.NetworkTopology (NetworkTopologyImpl.java:add(110)) - Added a new node: /default-rack/192.168.157.230
2019-07-14 00:54:55,737 INFO  node.SCMNodeManager (SCMNodeManager.java:register(269)) - Registered Data node : 025db33a-bd67-45c6-be5e-3139845b0895{ip: 192.168.157.230, host: trunk-nightly-sxkq5-3320257302, networkLocation: /default-rack, certSerialId: null}
2019-07-14 00:54:55,747 INFO  safemode.SCMSafeModeManager (DataNodeSafeModeRule.java:process(71)) - SCM in safe mode. 1 DataNodes registered, 1 required.
2019-07-14 00:54:55,747 INFO  safemode.SCMSafeModeManager (SCMSafeModeManager.java:validateSafeModeExitRules(177)) - ScmSafeModeManager, all rules are successfully validated
2019-07-14 00:54:55,747 INFO  safemode.SCMSafeModeManager (SCMSafeModeManager.java:exitSafeMode(193)) - SCM exiting safe mode.
2019-07-14 00:54:55,933 INFO  node.SCMNodeManager (SCMNodeManager.java:register(269)) - Registered Data node : 783b8b05-b1d3-492c-ad9c-c9c629e37620{ip: 192.168.157.230, host: trunk-nightly-sxkq5-3320257302, networkLocation: /default-rack, certSerialId: null}
2019-07-14 00:54:55,936 INFO  ozone.MiniOzoneClusterImpl (MiniOzoneClusterImpl.java:lambda$waitForClusterToBeReady$0(142)) - Waiting for cluster to be ready. Got 2 of 7 DN Heartbeats.
2019-07-14 00:54:56,134 INFO  node.SCMNodeManager (SCMNodeManager.java:register(269)) - Registered Data node : 653fec2b-828f-462f-83ef-0fe963c2c3fc{ip: 192.168.157.230, host: trunk-nightly-sxkq5-3320257302, networkLocation: /default-rack, certSerialId: null}
2019-07-14 00:54:56,697 INFO  node.SCMNodeManager (SCMNodeManager.java:register(269)) - Registered Data node : cee36198-446d-47bf-8813-9cfec4572e78{ip: 192.168.157.230, host: trunk-nightly-sxkq5-3320257302, networkLocation: /default-rack, certSerialId: null}
2019-07-14 00:54:56,710 INFO  node.SCMNodeManager (SCMNodeManager.java:register(269)) - Registered Data node : f7292ad1-a410-437d-b51d-24e6c6cb657b{ip: 192.168.157.230, host: trunk-nightly-sxkq5-3320257302, networkLocation: /default-rack, certSerialId: null}
2019-07-14 00:54:56,710 INFO  node.SCMNodeManager (SCMNodeManager.java:register(269)) - Registered Data node : 4c018b83-5bd7-4258-92c8-f095042238e0{ip: 192.168.157.230, host: trunk-nightly-sxkq5-3320257302, networkLocation: /default-rack, certSerialId: null}
2019-07-14 00:54:56,735 INFO  impl.RaftServerProxy (RaftServerProxy.java:addNew(89)) - 025db33a-bd67-45c6-be5e-3139845b0895: addNew group-CCF1FB83CA0A:[025db33a-bd67-45c6-be5e-3139845b0895:192.168.157.230:36356] returns group-CCF1FB83CA0A:java.util.concurrent.CompletableFuture@42729930[Not completed]
2019-07-14 00:54:56,757 INFO  impl.RaftServerImpl (RaftServerImpl.java:<init>(93)) - 025db33a-bd67-45c6-be5e-3139845b0895: new RaftServerImpl for group-CCF1FB83CA0A:[025db33a-bd67-45c6-be5e-3139845b0895:192.168.157.230:36356] with ContainerStateMachine:uninitialized
2019-07-14 00:54:56,759 INFO  server.RaftServerConfigKeys (ConfUtils.java:logGet(43)) - raft.server.rpc.timeout.min = 5s (custom)
2019-07-14 00:54:56,761 INFO  server.RaftServerConfigKeys (ConfUtils.java:logGet(43)) - raft.server.rpc.timeout.max = 5200ms (custom)
2019-07-14 00:54:56,761 INFO  server.RaftServerConfigKeys (ConfUtils.java:logGet(43)) - raft.server.rpcslowness.timeout = 120s (custom)
2019-07-14 00:54:56,763 INFO  server.RaftServerConfigKeys (ConfUtils.java:logGet(43)) - raft.server.sleep.deviation.threshold = 300 (default)
2019-07-14 00:54:56,764 INFO  server.RaftServerConfigKeys (ConfUtils.java:logGet(43)) - raft.server.log.appender.install.snapshot.enabled = false (custom)
2019-07-14 00:54:56,773 INFO  impl.RaftServerImpl (ServerState.java:<init>(105)) - 025db33a-bd67-45c6-be5e-3139845b0895:group-CCF1FB83CA0A ConfigurationManager, init=-1: [025db33a-bd67-45c6-be5e-3139845b0895:192.168.157.230:36356], old=null, confs=<EMPTY_MAP>
2019-07-14 00:54:56,774 INFO  server.RaftServerConfigKeys (ConfUtils.java:logGet(43)) - raft.server.storage.dir = [/tmp/workdir/hadoop-ozone/integration-test/target/test-dir/MiniOzoneClusterImpl-987f3e30-4d2a-49e4-9ba3-798e60b5477b/datanode-0/data/ratis] (custom)
2019-07-14 00:54:56,783 INFO  storage.RaftStorageDirectory (RaftStorageDirectory.java:analyzeStorage(246)) - The storage directory /tmp/workdir/hadoop-ozone/integration-test/target/test-dir/MiniOzoneClusterImpl-987f3e30-4d2a-49e4-9ba3-798e60b5477b/datanode-0/data/ratis/ae1b5317-2e9e-4aac-8887-ccf1fb83ca0a does not exist. Creating ...
2019-07-14 00:54:56,802 INFO  storage.RaftStorageDirectory (RaftStorageDirectory.java:tryLock(328)) - Lock on /tmp/workdir/hadoop-ozone/integration-test/target/test-dir/MiniOzoneClusterImpl-987f3e30-4d2a-49e4-9ba3-798e60b5477b/datanode-0/data/ratis/ae1b5317-2e9e-4aac-8887-ccf1fb83ca0a/in_use.lock acquired by nodename 12290@trunk-nightly-sxkq5-3320257302
2019-07-14 00:54:56,817 INFO  storage.RaftStorage (RaftStorage.java:format(72)) - Storage directory /tmp/workdir/hadoop-ozone/integration-test/target/test-dir/MiniOzoneClusterImpl-987f3e30-4d2a-49e4-9ba3-798e60b5477b/datanode-0/data/ratis/ae1b5317-2e9e-4aac-8887-ccf1fb83ca0a has been successfully formatted.
2019-07-14 00:54:56,820 INFO  ratis.ContainerStateMachine (ContainerStateMachine.java:loadSnapshot(200)) - The snapshot info is null.Setting the last applied index to:(t:0, i:~)
2019-07-14 00:54:56,820 INFO  server.RaftServerConfigKeys (ConfUtils.java:logGet(43)) - raft.server.leader.election.timeout = 120s (custom)
2019-07-14 00:54:56,822 INFO  server.RaftServerConfigKeys (ConfUtils.java:logGet(43)) - raft.server.log.use.memory = false (default)
2019-07-14 00:54:56,829 INFO  server.RaftServerConfigKeys (ConfUtils.java:logGet(43)) - raft.server.log.purge.gap = 1000000000 (custom)
2019-07-14 00:54:56,829 INFO  server.RaftServerConfigKeys (ConfUtils.java:logGet(43)) - raft.server.log.appender.buffer.byte-limit = 33554432 (custom)
2019-07-14 00:54:56,831 INFO  server.RaftServerConfigKeys (ConfUtils.java:logGet(43)) - raft.server.log.segment.size.max = 1048576 (custom)
2019-07-14 00:54:56,837 INFO  server.RaftServerConfigKeys (ConfUtils.java:logGet(43)) - raft.server.log.segment.cache.num.max = 2 (custom)
2019-07-14 00:54:56,843 INFO  segmented.SegmentedRaftLogWorker (SegmentedRaftLogWorker.java:<init>(172)) - new 025db33a-bd67-45c6-be5e-3139845b0895-SegmentedRaftLogWorker:Storage Directory /tmp/workdir/hadoop-ozone/integration-test/target/test-dir/MiniOzoneClusterImpl-987f3e30-4d2a-49e4-9ba3-798e60b5477b/datanode-0/data/ratis/ae1b5317-2e9e-4aac-8887-ccf1fb83ca0a for RaftStorage:Storage Directory /tmp/workdir/hadoop-ozone/integration-test/target/test-dir/MiniOzoneClusterImpl-987f3e30-4d2a-49e4-9ba3-798e60b5477b/datanode-0/data/ratis/ae1b5317-2e9e-4aac-8887-ccf1fb83ca0a
2019-07-14 00:54:56,854 INFO  server.RaftServerConfigKeys (ConfUtils.java:logGet(43)) - raft.server.log.queue.byte-limit = 2147483647 (custom)
2019-07-14 00:54:56,855 INFO  server.RaftServerConfigKeys (ConfUtils.java:logGet(43)) - raft.server.log.queue.element-limit = 1024 (custom)
2019-07-14 00:54:56,860 INFO  server.RaftServerConfigKeys (ConfUtils.java:logGet(43)) - raft.server.log.segment.size.max = 1048576 (custom)
2019-07-14 00:54:56,860 INFO  server.RaftServerConfigKeys (ConfUtils.java:logGet(43)) - raft.server.log.preallocated.size = 16384 (custom)
2019-07-14 00:54:56,860 INFO  server.RaftServerConfigKeys (ConfUtils.java:logGet(43)) - raft.server.log.write.buffer.size = 33554432 (custom)
2019-07-14 00:54:56,861 INFO  server.RaftServerConfigKeys (ConfUtils.java:logGet(43)) - raft.server.log.force.sync.num = 128 (default)
2019-07-14 00:54:56,862 INFO  server.RaftServerConfigKeys (ConfUtils.java:logGet(43)) - raft.server.log.statemachine.data.sync = true (default)
2019-07-14 00:54:56,862 INFO  server.RaftServerConfigKeys (ConfUtils.java:logGet(43)) - raft.server.log.statemachine.data.sync.timeout = 10s (default)
2019-07-14 00:54:56,862 INFO  server.RaftServerConfigKeys (ConfUtils.java:logGet(43)) - raft.server.log.statemachine.data.sync.timeout.retry = -1 (default)
2019-07-14 00:54:56,871 INFO  server.RaftServerConfigKeys (ConfUtils.java:logGet(43)) - raft.server.log.statemachine.data.caching.enabled = true (custom)
2019-07-14 00:54:56,879 INFO  segmented.SegmentedRaftLogWorker (SegmentedRaftLogWorker.java:lambda$new$0(132)) - 025db33a-bd67-45c6-be5e-3139845b0895-SegmentedRaftLogWorker:Storage Directory /tmp/workdir/hadoop-ozone/integration-test/target/test-dir/MiniOzoneClusterImpl-987f3e30-4d2a-49e4-9ba3-798e60b5477b/datanode-0/data/ratis/ae1b5317-2e9e-4aac-8887-ccf1fb83ca0a: flushIndex: setUnconditionally 0 -> -1
2019-07-14 00:54:56,883 INFO  server.RaftServerConfigKeys (ConfUtils.java:logGet(43)) - raft.server.snapshot.auto.trigger.enabled = true (custom)
2019-07-14 00:54:56,884 INFO  server.RaftServerConfigKeys (ConfUtils.java:logGet(43)) - raft.server.snapshot.auto.trigger.threshold = 10000 (custom)
2019-07-14 00:54:56,884 INFO  server.RaftServerConfigKeys (ConfUtils.java:logGet(43)) - raft.server.retrycache.expirytime = 600000ms (custom)
2019-07-14 00:54:56,903 INFO  impl.RaftServerImpl (RaftServerImpl.java:start(180)) - 025db33a-bd67-45c6-be5e-3139845b0895: start group-CCF1FB83CA0A
2019-07-14 00:54:56,904 INFO  impl.RaftServerImpl (RaftServerImpl.java:setRole(171)) - 025db33a-bd67-45c6-be5e-3139845b0895:group-CCF1FB83CA0A changes role from null to FOLLOWER at term 0 for startAsFollower
2019-07-14 00:54:56,905 INFO  impl.RoleInfo (RoleInfo.java:updateAndGet(143)) - 025db33a-bd67-45c6-be5e-3139845b0895: start FollowerState
2019-07-14 00:54:56,907 INFO  util.JmxRegister (JmxRegister.java:tryRegister(44)) - Successfully registered JMX Bean with object name Ratis:service=RaftServer,group=group-CCF1FB83CA0A,id=025db33a-bd67-45c6-be5e-3139845b0895
2019-07-14 00:54:56,937 INFO  ozone.MiniOzoneClusterImpl (MiniOzoneClusterImpl.java:lambda$waitForClusterToBeReady$0(142)) - Waiting for cluster to be ready. Got 6 of 7 DN Heartbeats.
2019-07-14 00:54:56,943 INFO  node.SCMNodeManager (SCMNodeManager.java:register(269)) - Registered Data node : 654df1de-c902-4012-a748-a827ca476937{ip: 192.168.157.230, host: trunk-nightly-sxkq5-3320257302, networkLocation: /default-rack, certSerialId: null}
2019-07-14 00:54:56,982 INFO  pipeline.PipelineStateManager (PipelineStateManager.java:addPipeline(56)) - Created pipeline Pipeline[ Id: ae1b5317-2e9e-4aac-8887-ccf1fb83ca0a, Nodes: 025db33a-bd67-45c6-be5e-3139845b0895{ip: 192.168.157.230, host: trunk-nightly-sxkq5-3320257302, networkLocation: /default-rack, certSerialId: null}, Type:RATIS, Factor:ONE, State:OPEN]
2019-07-14 00:54:57,017 INFO  impl.RaftServerProxy (RaftServerProxy.java:addNew(89)) - 4c018b83-5bd7-4258-92c8-f095042238e0: addNew group-FBEB5535A7D9:[4c018b83-5bd7-4258-92c8-f095042238e0:192.168.157.230:32858] returns group-FBEB5535A7D9:java.util.concurrent.CompletableFuture@69809c5e[Not completed]
2019-07-14 00:54:57,076 INFO  impl.RaftServerImpl (RaftServerImpl.java:<init>(93)) - 4c018b83-5bd7-4258-92c8-f095042238e0: new RaftServerImpl for group-FBEB5535A7D9:[4c018b83-5bd7-4258-92c8-f095042238e0:192.168.157.230:32858] with ContainerStateMachine:uninitialized
2019-07-14 00:54:57,078 INFO  server.RaftServerConfigKeys (ConfUtils.java:logGet(43)) - raft.server.rpc.timeout.min = 5s (custom)
2019-07-14 00:54:57,078 INFO  server.RaftServerConfigKeys (ConfUtils.java:logGet(43)) - raft.server.rpc.timeout.max = 5200ms (custom)
2019-07-14 00:54:57,078 INFO  server.RaftServerConfigKeys (ConfUtils.java:logGet(43)) - raft.server.rpcslowness.timeout = 120s (custom)
2019-07-14 00:54:57,079 INFO  server.RaftServerConfigKeys (ConfUtils.java:logGet(43)) - raft.server.sleep.deviation.threshold = 300 (default)
2019-07-14 00:54:57,079 INFO  server.RaftServerConfigKeys (ConfUtils.java:logGet(43)) - raft.server.log.appender.install.snapshot.enabled = false (custom)
2019-07-14 00:54:57,079 INFO  impl.RaftServerImpl (ServerState.java:<init>(105)) - 4c018b83-5bd7-4258-92c8-f095042238e0:group-FBEB5535A7D9 ConfigurationManager, init=-1: [4c018b83-5bd7-4258-92c8-f095042238e0:192.168.157.230:32858], old=null, confs=<EMPTY_MAP>
2019-07-14 00:54:57,079 INFO  server.RaftServerConfigKeys (ConfUtils.java:logGet(43)) - raft.server.storage.dir = [/tmp/workdir/hadoop-ozone/integration-test/target/test-dir/MiniOzoneClusterImpl-987f3e30-4d2a-49e4-9ba3-798e60b5477b/datanode-5/data/ratis] (custom)
2019-07-14 00:54:57,080 INFO  storage.RaftStorageDirectory (RaftStorageDirectory.java:analyzeStorage(246)) - The storage directory /tmp/workdir/hadoop-ozone/integration-test/target/test-dir/MiniOzoneClusterImpl-987f3e30-4d2a-49e4-9ba3-798e60b5477b/datanode-5/data/ratis/9efa58cc-b4f0-4155-abac-fbeb5535a7d9 does not exist. Creating ...
2019-07-14 00:54:57,103 INFO  storage.RaftStorageDirectory (RaftStorageDirectory.java:tryLock(328)) - Lock on /tmp/workdir/hadoop-ozone/integration-test/target/test-dir/MiniOzoneClusterImpl-987f3e30-4d2a-49e4-9ba3-798e60b5477b/datanode-5/data/ratis/9efa58cc-b4f0-4155-abac-fbeb5535a7d9/in_use.lock acquired by nodename 12290@trunk-nightly-sxkq5-3320257302
2019-07-14 00:54:57,124 INFO  storage.RaftStorage (RaftStorage.java:format(72)) - Storage directory /tmp/workdir/hadoop-ozone/integration-test/target/test-dir/MiniOzoneClusterImpl-987f3e30-4d2a-49e4-9ba3-798e60b5477b/datanode-5/data/ratis/9efa58cc-b4f0-4155-abac-fbeb5535a7d9 has been successfully formatted.
2019-07-14 00:54:57,126 INFO  ratis.ContainerStateMachine (ContainerStateMachine.java:loadSnapshot(200)) - The snapshot info is null.Setting the last applied index to:(t:0, i:~)
2019-07-14 00:54:57,128 INFO  server.RaftServerConfigKeys (ConfUtils.java:logGet(43)) - raft.server.leader.election.timeout = 120s (custom)
2019-07-14 00:54:57,128 INFO  server.RaftServerConfigKeys (ConfUtils.java:logGet(43)) - raft.server.log.use.memory = false (default)
2019-07-14 00:54:57,129 INFO  server.RaftServerConfigKeys (ConfUtils.java:logGet(43)) - raft.server.log.purge.gap = 1000000000 (custom)
2019-07-14 00:54:57,129 INFO  server.RaftServerConfigKeys (ConfUtils.java:logGet(43)) - raft.server.log.appender.buffer.byte-limit = 33554432 (custom)
2019-07-14 00:54:57,129 INFO  server.RaftServerConfigKeys (ConfUtils.java:logGet(43)) - raft.server.log.segment.size.max = 1048576 (custom)
2019-07-14 00:54:57,129 INFO  server.RaftServerConfigKeys (ConfUtils.java:logGet(43)) - raft.server.log.segment.cache.num.max = 2 (custom)
2019-07-14 00:54:57,129 INFO  segmented.SegmentedRaftLogWorker (SegmentedRaftLogWorker.java:<init>(172)) - new 4c018b83-5bd7-4258-92c8-f095042238e0-SegmentedRaftLogWorker:Storage Directory /tmp/workdir/hadoop-ozone/integration-test/target/test-dir/MiniOzoneClusterImpl-987f3e30-4d2a-49e4-9ba3-798e60b5477b/datanode-5/data/ratis/9efa58cc-b4f0-4155-abac-fbeb5535a7d9 for RaftStorage:Storage Directory /tmp/workdir/hadoop-ozone/integration-test/target/test-dir/MiniOzoneClusterImpl-987f3e30-4d2a-49e4-9ba3-798e60b5477b/datanode-5/data/ratis/9efa58cc-b4f0-4155-abac-fbeb5535a7d9
2019-07-14 00:54:57,131 INFO  server.RaftServerConfigKeys (ConfUtils.java:logGet(43)) - raft.server.log.queue.byte-limit = 2147483647 (custom)
2019-07-14 00:54:57,132 INFO  server.RaftServerConfigKeys (ConfUtils.java:logGet(43)) - raft.server.log.queue.element-limit = 1024 (custom)
2019-07-14 00:54:57,132 INFO  server.RaftServerConfigKeys (ConfUtils.java:logGet(43)) - raft.server.log.segment.size.max = 1048576 (custom)
2019-07-14 00:54:57,132 INFO  server.RaftServerConfigKeys (ConfUtils.java:logGet(43)) - raft.server.log.preallocated.size = 16384 (custom)
2019-07-14 00:54:57,132 INFO  server.RaftServerConfigKeys (ConfUtils.java:logGet(43)) - raft.server.log.write.buffer.size = 33554432 (custom)
2019-07-14 00:54:57,133 INFO  server.RaftServerConfigKeys (ConfUtils.java:logGet(43)) - raft.server.log.force.sync.num = 128 (default)
2019-07-14 00:54:57,133 INFO  server.RaftServerConfigKeys (ConfUtils.java:logGet(43)) - raft.server.log.statemachine.data.sync = true (default)
2019-07-14 00:54:57,133 INFO  server.RaftServerConfigKeys (ConfUtils.java:logGet(43)) - raft.server.log.statemachine.data.sync.timeout = 10s (default)
2019-07-14 00:54:57,133 INFO  server.RaftServerConfigKeys (ConfUtils.java:logGet(43)) - raft.server.log.statemachine.data.sync.timeout.retry = -1 (default)
2019-07-14 00:54:57,134 INFO  server.RaftServerConfigKeys (ConfUtils.java:logGet(43)) - raft.server.log.statemachine.data.caching.enabled = true (custom)
2019-07-14 00:54:57,134 INFO  segmented.SegmentedRaftLogWorker (SegmentedRaftLogWorker.java:lambda$new$0(132)) - 4c018b83-5bd7-4258-92c8-f095042238e0-SegmentedRaftLogWorker:Storage Directory /tmp/workdir/hadoop-ozone/integration-test/target/test-dir/MiniOzoneClusterImpl-987f3e30-4d2a-49e4-9ba3-798e60b5477b/datanode-5/data/ratis/9efa58cc-b4f0-4155-abac-fbeb5535a7d9: flushIndex: setUnconditionally 0 -> -1
2019-07-14 00:54:57,134 INFO  server.RaftServerConfigKeys (ConfUtils.java:logGet(43)) - raft.server.snapshot.auto.trigger.enabled = true (custom)
2019-07-14 00:54:57,135 INFO  server.RaftServerConfigKeys (ConfUtils.java:logGet(43)) - raft.server.snapshot.auto.trigger.threshold = 10000 (custom)
2019-07-14 00:54:57,135 INFO  server.RaftServerConfigKeys (ConfUtils.java:logGet(43)) - raft.server.retrycache.expirytime = 600000ms (custom)
2019-07-14 00:54:57,135 INFO  impl.RaftServerImpl (RaftServerImpl.java:start(180)) - 4c018b83-5bd7-4258-92c8-f095042238e0: start group-FBEB5535A7D9
2019-07-14 00:54:57,135 INFO  impl.RaftServerImpl (RaftServerImpl.java:setRole(171)) - 4c018b83-5bd7-4258-92c8-f095042238e0:group-FBEB5535A7D9 changes role from null to FOLLOWER at term 0 for startAsFollower
2019-07-14 00:54:57,136 INFO  impl.RoleInfo (RoleInfo.java:updateAndGet(143)) - 4c018b83-5bd7-4258-92c8-f095042238e0: start FollowerState
2019-07-14 00:54:57,138 INFO  util.JmxRegister (JmxRegister.java:tryRegister(44)) - Successfully registered JMX Bean with object name Ratis:service=RaftServer,group=group-FBEB5535A7D9,id=4c018b83-5bd7-4258-92c8-f095042238e0
2019-07-14 00:54:57,156 INFO  pipeline.PipelineStateManager (PipelineStateManager.java:addPipeline(56)) - Created pipeline Pipeline[ Id: 9efa58cc-b4f0-4155-abac-fbeb5535a7d9, Nodes: 4c018b83-5bd7-4258-92c8-f095042238e0{ip: 192.168.157.230, host: trunk-nightly-sxkq5-3320257302, networkLocation: /default-rack, certSerialId: null}, Type:RATIS, Factor:ONE, State:OPEN]
2019-07-14 00:54:57,189 INFO  impl.RaftServerProxy (RaftServerProxy.java:addNew(89)) - 783b8b05-b1d3-492c-ad9c-c9c629e37620: addNew group-B76AADD24D58:[783b8b05-b1d3-492c-ad9c-c9c629e37620:192.168.157.230:38030] returns group-B76AADD24D58:java.util.concurrent.CompletableFuture@2d1605e5[Not completed]
2019-07-14 00:54:57,201 INFO  impl.RaftServerImpl (RaftServerImpl.java:<init>(93)) - 783b8b05-b1d3-492c-ad9c-c9c629e37620: new RaftServerImpl for group-B76AADD24D58:[783b8b05-b1d3-492c-ad9c-c9c629e37620:192.168.157.230:38030] with ContainerStateMachine:uninitialized
2019-07-14 00:54:57,202 INFO  server.RaftServerConfigKeys (ConfUtils.java:logGet(43)) - raft.server.rpc.timeout.min = 5s (custom)
2019-07-14 00:54:57,202 INFO  server.RaftServerConfigKeys (ConfUtils.java:logGet(43)) - raft.server.rpc.timeout.max = 5200ms (custom)
2019-07-14 00:54:57,202 INFO  server.RaftServerConfigKeys (ConfUtils.java:logGet(43)) - raft.server.rpcslowness.timeout = 120s (custom)
2019-07-14 00:54:57,202 INFO  server.RaftServerConfigKeys (ConfUtils.java:logGet(43)) - raft.server.sleep.deviation.threshold = 300 (default)
2019-07-14 00:54:57,203 INFO  server.RaftServerConfigKeys (ConfUtils.java:logGet(43)) - raft.server.log.appender.install.snapshot.enabled = false (custom)
2019-07-14 00:54:57,203 INFO  impl.RaftServerImpl (ServerState.java:<init>(105)) - 783b8b05-b1d3-492c-ad9c-c9c629e37620:group-B76AADD24D58 ConfigurationManager, init=-1: [783b8b05-b1d3-492c-ad9c-c9c629e37620:192.168.157.230:38030], old=null, confs=<EMPTY_MAP>
2019-07-14 00:54:57,203 INFO  server.RaftServerConfigKeys (ConfUtils.java:logGet(43)) - raft.server.storage.dir = [/tmp/workdir/hadoop-ozone/integration-test/target/test-dir/MiniOzoneClusterImpl-987f3e30-4d2a-49e4-9ba3-798e60b5477b/datanode-1/data/ratis] (custom)
2019-07-14 00:54:57,204 INFO  storage.RaftStorageDirectory (RaftStorageDirectory.java:analyzeStorage(246)) - The storage directory /tmp/workdir/hadoop-ozone/integration-test/target/test-dir/MiniOzoneClusterImpl-987f3e30-4d2a-49e4-9ba3-798e60b5477b/datanode-1/data/ratis/a00e3eeb-3c2b-43d5-8f7a-b76aadd24d58 does not exist. Creating ...
2019-07-14 00:54:57,217 INFO  storage.RaftStorageDirectory (RaftStorageDirectory.java:tryLock(328)) - Lock on /tmp/workdir/hadoop-ozone/integration-test/target/test-dir/MiniOzoneClusterImpl-987f3e30-4d2a-49e4-9ba3-798e60b5477b/datanode-1/data/ratis/a00e3eeb-3c2b-43d5-8f7a-b76aadd24d58/in_use.lock acquired by nodename 12290@trunk-nightly-sxkq5-3320257302
2019-07-14 00:54:57,230 INFO  storage.RaftStorage (RaftStorage.java:format(72)) - Storage directory /tmp/workdir/hadoop-ozone/integration-test/target/test-dir/MiniOzoneClusterImpl-987f3e30-4d2a-49e4-9ba3-798e60b5477b/datanode-1/data/ratis/a00e3eeb-3c2b-43d5-8f7a-b76aadd24d58 has been successfully formatted.
2019-07-14 00:54:57,230 INFO  ratis.ContainerStateMachine (ContainerStateMachine.java:loadSnapshot(200)) - The snapshot info is null.Setting the last applied index to:(t:0, i:~)
2019-07-14 00:54:57,231 INFO  server.RaftServerConfigKeys (ConfUtils.java:logGet(43)) - raft.server.leader.election.timeout = 120s (custom)
2019-07-14 00:54:57,231 INFO  server.RaftServerConfigKeys (ConfUtils.java:logGet(43)) - raft.server.log.use.memory = false (default)
2019-07-14 00:54:57,231 INFO  server.RaftServerConfigKeys (ConfUtils.java:logGet(43)) - raft.server.log.purge.gap = 1000000000 (custom)
2019-07-14 00:54:57,231 INFO  server.RaftServerConfigKeys (ConfUtils.java:logGet(43)) - raft.server.log.appender.buffer.byte-limit = 33554432 (custom)
2019-07-14 00:54:57,232 INFO  server.RaftServerConfigKeys (ConfUtils.java:logGet(43)) - raft.server.log.segment.size.max = 1048576 (custom)
2019-07-14 00:54:57,232 INFO  server.RaftServerConfigKeys (ConfUtils.java:logGet(43)) - raft.server.log.segment.cache.num.max = 2 (custom)
2019-07-14 00:54:57,232 INFO  segmented.SegmentedRaftLogWorker (SegmentedRaftLogWorker.java:<init>(172)) - new 783b8b05-b1d3-492c-ad9c-c9c629e37620-SegmentedRaftLogWorker:Storage Directory /tmp/workdir/hadoop-ozone/integration-test/target/test-dir/MiniOzoneClusterImpl-987f3e30-4d2a-49e4-9ba3-798e60b5477b/datanode-1/data/ratis/a00e3eeb-3c2b-43d5-8f7a-b76aadd24d58 for RaftStorage:Storage Directory /tmp/workdir/hadoop-ozone/integration-test/target/test-dir/MiniOzoneClusterImpl-987f3e30-4d2a-49e4-9ba3-798e60b5477b/datanode-1/data/ratis/a00e3eeb-3c2b-43d5-8f7a-b76aadd24d58
2019-07-14 00:54:57,232 INFO  server.RaftServerConfigKeys (ConfUtils.java:logGet(43)) - raft.server.log.queue.byte-limit = 2147483647 (custom)
2019-07-14 00:54:57,232 INFO  server.RaftServerConfigKeys (ConfUtils.java:logGet(43)) - raft.server.log.queue.element-limit = 1024 (custom)
2019-07-14 00:54:57,233 INFO  server.RaftServerConfigKeys (ConfUtils.java:logGet(43)) - raft.server.log.segment.size.max = 1048576 (custom)
2019-07-14 00:54:57,233 INFO  server.RaftServerConfigKeys (ConfUtils.java:logGet(43)) - raft.server.log.preallocated.size = 16384 (custom)
2019-07-14 00:54:57,233 INFO  server.RaftServerConfigKeys (ConfUtils.java:logGet(43)) - raft.server.log.write.buffer.size = 33554432 (custom)
2019-07-14 00:54:57,234 INFO  server.RaftServerConfigKeys (ConfUtils.java:logGet(43)) - raft.server.log.force.sync.num = 128 (default)
2019-07-14 00:54:57,234 INFO  server.RaftServerConfigKeys (ConfUtils.java:logGet(43)) - raft.server.log.statemachine.data.sync = true (default)
2019-07-14 00:54:57,234 INFO  server.RaftServerConfigKeys (ConfUtils.java:logGet(43)) - raft.server.log.statemachine.data.sync.timeout = 10s (default)
2019-07-14 00:54:57,234 INFO  server.RaftServerConfigKeys (ConfUtils.java:logGet(43)) - raft.server.log.statemachine.data.sync.timeout.retry = -1 (default)
2019-07-14 00:54:57,235 INFO  server.RaftServerConfigKeys (ConfUtils.java:logGet(43)) - raft.server.log.statemachine.data.caching.enabled = true (custom)
2019-07-14 00:54:57,235 INFO  segmented.SegmentedRaftLogWorker (SegmentedRaftLogWorker.java:lambda$new$0(132)) - 783b8b05-b1d3-492c-ad9c-c9c629e37620-SegmentedRaftLogWorker:Storage Directory /tmp/workdir/hadoop-ozone/integration-test/target/test-dir/MiniOzoneClusterImpl-987f3e30-4d2a-49e4-9ba3-798e60b5477b/datanode-1/data/ratis/a00e3eeb-3c2b-43d5-8f7a-b76aadd24d58: flushIndex: setUnconditionally 0 -> -1
2019-07-14 00:54:57,236 INFO  server.RaftServerConfigKeys (ConfUtils.java:logGet(43)) - raft.server.snapshot.auto.trigger.enabled = true (custom)
2019-07-14 00:54:57,236 INFO  server.RaftServerConfigKeys (ConfUtils.java:logGet(43)) - raft.server.snapshot.auto.trigger.threshold = 10000 (custom)
2019-07-14 00:54:57,236 INFO  server.RaftServerConfigKeys (ConfUtils.java:logGet(43)) - raft.server.retrycache.expirytime = 600000ms (custom)
2019-07-14 00:54:57,236 INFO  impl.RaftServerImpl (RaftServerImpl.java:start(180)) - 783b8b05-b1d3-492c-ad9c-c9c629e37620: start group-B76AADD24D58
2019-07-14 00:54:57,237 INFO  impl.RaftServerImpl (RaftServerImpl.java:setRole(171)) - 783b8b05-b1d3-492c-ad9c-c9c629e37620:group-B76AADD24D58 changes role from null to FOLLOWER at term 0 for startAsFollower
2019-07-14 00:54:57,237 INFO  impl.RoleInfo (RoleInfo.java:updateAndGet(143)) - 783b8b05-b1d3-492c-ad9c-c9c629e37620: start FollowerState
2019-07-14 00:54:57,237 INFO  util.JmxRegister (JmxRegister.java:tryRegister(44)) - Successfully registered JMX Bean with object name Ratis:service=RaftServer,group=group-B76AADD24D58,id=783b8b05-b1d3-492c-ad9c-c9c629e37620
2019-07-14 00:54:57,253 INFO  pipeline.PipelineStateManager (PipelineStateManager.java:addPipeline(56)) - Created pipeline Pipeline[ Id: a00e3eeb-3c2b-43d5-8f7a-b76aadd24d58, Nodes: 783b8b05-b1d3-492c-ad9c-c9c629e37620{ip: 192.168.157.230, host: trunk-nightly-sxkq5-3320257302, networkLocation: /default-rack, certSerialId: null}, Type:RATIS, Factor:ONE, State:OPEN]
2019-07-14 00:54:57,282 INFO  impl.RaftServerProxy (RaftServerProxy.java:addNew(89)) - cee36198-446d-47bf-8813-9cfec4572e78: addNew group-E2B1347DBCCE:[cee36198-446d-47bf-8813-9cfec4572e78:192.168.157.230:35741] returns group-E2B1347DBCCE:java.util.concurrent.CompletableFuture@352c3c39[Not completed]
2019-07-14 00:54:57,284 INFO  impl.RaftServerImpl (RaftServerImpl.java:<init>(93)) - cee36198-446d-47bf-8813-9cfec4572e78: new RaftServerImpl for group-E2B1347DBCCE:[cee36198-446d-47bf-8813-9cfec4572e78:192.168.157.230:35741] with ContainerStateMachine:uninitialized
2019-07-14 00:54:57,284 INFO  server.RaftServerConfigKeys (ConfUtils.java:logGet(43)) - raft.server.rpc.timeout.min = 5s (custom)
2019-07-14 00:54:57,284 INFO  server.RaftServerConfigKeys (ConfUtils.java:logGet(43)) - raft.server.rpc.timeout.max = 5200ms (custom)
2019-07-14 00:54:57,285 INFO  server.RaftServerConfigKeys (ConfUtils.java:logGet(43)) - raft.server.rpcslowness.timeout = 120s (custom)
2019-07-14 00:54:57,285 INFO  server.RaftServerConfigKeys (ConfUtils.java:logGet(43)) - raft.server.sleep.deviation.threshold = 300 (default)
2019-07-14 00:54:57,285 INFO  server.RaftServerConfigKeys (ConfUtils.java:logGet(43)) - raft.server.log.appender.install.snapshot.enabled = false (custom)
2019-07-14 00:54:57,285 INFO  impl.RaftServerImpl (ServerState.java:<init>(105)) - cee36198-446d-47bf-8813-9cfec4572e78:group-E2B1347DBCCE ConfigurationManager, init=-1: [cee36198-446d-47bf-8813-9cfec4572e78:192.168.157.230:35741], old=null, confs=<EMPTY_MAP>
2019-07-14 00:54:57,285 INFO  server.RaftServerConfigKeys (ConfUtils.java:logGet(43)) - raft.server.storage.dir = [/tmp/workdir/hadoop-ozone/integration-test/target/test-dir/MiniOzoneClusterImpl-987f3e30-4d2a-49e4-9ba3-798e60b5477b/datanode-3/data/ratis] (custom)
2019-07-14 00:54:57,286 INFO  storage.RaftStorageDirectory (RaftStorageDirectory.java:analyzeStorage(246)) - The storage directory /tmp/workdir/hadoop-ozone/integration-test/target/test-dir/MiniOzoneClusterImpl-987f3e30-4d2a-49e4-9ba3-798e60b5477b/datanode-3/data/ratis/e0c3d89f-ef7f-4bd3-abea-e2b1347dbcce does not exist. Creating ...
2019-07-14 00:54:57,299 INFO  storage.RaftStorageDirectory (RaftStorageDirectory.java:tryLock(328)) - Lock on /tmp/workdir/hadoop-ozone/integration-test/target/test-dir/MiniOzoneClusterImpl-987f3e30-4d2a-49e4-9ba3-798e60b5477b/datanode-3/data/ratis/e0c3d89f-ef7f-4bd3-abea-e2b1347dbcce/in_use.lock acquired by nodename 12290@trunk-nightly-sxkq5-3320257302
2019-07-14 00:54:57,312 INFO  storage.RaftStorage (RaftStorage.java:format(72)) - Storage directory /tmp/workdir/hadoop-ozone/integration-test/target/test-dir/MiniOzoneClusterImpl-987f3e30-4d2a-49e4-9ba3-798e60b5477b/datanode-3/data/ratis/e0c3d89f-ef7f-4bd3-abea-e2b1347dbcce has been successfully formatted.
2019-07-14 00:54:57,312 INFO  ratis.ContainerStateMachine (ContainerStateMachine.java:loadSnapshot(200)) - The snapshot info is null.Setting the last applied index to:(t:0, i:~)
2019-07-14 00:54:57,312 INFO  server.RaftServerConfigKeys (ConfUtils.java:logGet(43)) - raft.server.leader.election.timeout = 120s (custom)
2019-07-14 00:54:57,312 INFO  server.RaftServerConfigKeys (ConfUtils.java:logGet(43)) - raft.server.log.use.memory = false (default)
2019-07-14 00:54:57,313 INFO  server.RaftServerConfigKeys (ConfUtils.java:logGet(43)) - raft.server.log.purge.gap = 1000000000 (custom)
2019-07-14 00:54:57,313 INFO  server.RaftServerConfigKeys (ConfUtils.java:logGet(43)) - raft.server.log.appender.buffer.byte-limit = 33554432 (custom)
2019-07-14 00:54:57,313 INFO  server.RaftServerConfigKeys (ConfUtils.java:logGet(43)) - raft.server.log.segment.size.max = 1048576 (custom)
2019-07-14 00:54:57,313 INFO  server.RaftServerConfigKeys (ConfUtils.java:logGet(43)) - raft.server.log.segment.cache.num.max = 2 (custom)
2019-07-14 00:54:57,313 INFO  segmented.SegmentedRaftLogWorker (SegmentedRaftLogWorker.java:<init>(172)) - new cee36198-446d-47bf-8813-9cfec4572e78-SegmentedRaftLogWorker:Storage Directory /tmp/workdir/hadoop-ozone/integration-test/target/test-dir/MiniOzoneClusterImpl-987f3e30-4d2a-49e4-9ba3-798e60b5477b/datanode-3/data/ratis/e0c3d89f-ef7f-4bd3-abea-e2b1347dbcce for RaftStorage:Storage Directory /tmp/workdir/hadoop-ozone/integration-test/target/test-dir/MiniOzoneClusterImpl-987f3e30-4d2a-49e4-9ba3-798e60b5477b/datanode-3/data/ratis/e0c3d89f-ef7f-4bd3-abea-e2b1347dbcce
2019-07-14 00:54:57,314 INFO  server.RaftServerConfigKeys (ConfUtils.java:logGet(43)) - raft.server.log.queue.byte-limit = 2147483647 (custom)
2019-07-14 00:54:57,314 INFO  server.RaftServerConfigKeys (ConfUtils.java:logGet(43)) - raft.server.log.queue.element-limit = 1024 (custom)
2019-07-14 00:54:57,314 INFO  server.RaftServerConfigKeys (ConfUtils.java:logGet(43)) - raft.server.log.segment.size.max = 1048576 (custom)
2019-07-14 00:54:57,314 INFO  server.RaftServerConfigKeys (ConfUtils.java:logGet(43)) - raft.server.log.preallocated.size = 16384 (custom)
2019-07-14 00:54:57,314 INFO  server.RaftServerConfigKeys (ConfUtils.java:logGet(43)) - raft.server.log.write.buffer.size = 33554432 (custom)
2019-07-14 00:54:57,315 INFO  server.RaftServerConfigKeys (ConfUtils.java:logGet(43)) - raft.server.log.force.sync.num = 128 (default)
2019-07-14 00:54:57,315 INFO  server.RaftServerConfigKeys (ConfUtils.java:logGet(43)) - raft.server.log.statemachine.data.sync = true (default)
2019-07-14 00:54:57,315 INFO  server.RaftServerConfigKeys (ConfUtils.java:logGet(43)) - raft.server.log.statemachine.data.sync.timeout = 10s (default)
2019-07-14 00:54:57,315 INFO  server.RaftServerConfigKeys (ConfUtils.java:logGet(43)) - raft.server.log.statemachine.data.sync.timeout.retry = -1 (default)
2019-07-14 00:54:57,316 INFO  server.RaftServerConfigKeys (ConfUtils.java:logGet(43)) - raft.server.log.statemachine.data.caching.enabled = true (custom)
2019-07-14 00:54:57,316 INFO  segmented.SegmentedRaftLogWorker (SegmentedRaftLogWorker.java:lambda$new$0(132)) - cee36198-446d-47bf-8813-9cfec4572e78-SegmentedRaftLogWorker:Storage Directory /tmp/workdir/hadoop-ozone/integration-test/target/test-dir/MiniOzoneClusterImpl-987f3e30-4d2a-49e4-9ba3-798e60b5477b/datanode-3/data/ratis/e0c3d89f-ef7f-4bd3-abea-e2b1347dbcce: flushIndex: setUnconditionally 0 -> -1
2019-07-14 00:54:57,316 INFO  server.RaftServerConfigKeys (ConfUtils.java:logGet(43)) - raft.server.snapshot.auto.trigger.enabled = true (custom)
2019-07-14 00:54:57,317 INFO  server.RaftServerConfigKeys (ConfUtils.java:logGet(43)) - raft.server.snapshot.auto.trigger.threshold = 10000 (custom)
2019-07-14 00:54:57,317 INFO  server.RaftServerConfigKeys (ConfUtils.java:logGet(43)) - raft.server.retrycache.expirytime = 600000ms (custom)
2019-07-14 00:54:57,317 INFO  impl.RaftServerImpl (RaftServerImpl.java:start(180)) - cee36198-446d-47bf-8813-9cfec4572e78: start group-E2B1347DBCCE
2019-07-14 00:54:57,317 INFO  impl.RaftServerImpl (RaftServerImpl.java:setRole(171)) - cee36198-446d-47bf-8813-9cfec4572e78:group-E2B1347DBCCE changes role from null to FOLLOWER at term 0 for startAsFollower
2019-07-14 00:54:57,318 INFO  impl.RoleInfo (RoleInfo.java:updateAndGet(143)) - cee36198-446d-47bf-8813-9cfec4572e78: start FollowerState
2019-07-14 00:54:57,318 INFO  util.JmxRegister (JmxRegister.java:tryRegister(44)) - Successfully registered JMX Bean with object name Ratis:service=RaftServer,group=group-E2B1347DBCCE,id=cee36198-446d-47bf-8813-9cfec4572e78
2019-07-14 00:54:57,332 INFO  pipeline.PipelineStateManager (PipelineStateManager.java:addPipeline(56)) - Created pipeline Pipeline[ Id: e0c3d89f-ef7f-4bd3-abea-e2b1347dbcce, Nodes: cee36198-446d-47bf-8813-9cfec4572e78{ip: 192.168.157.230, host: trunk-nightly-sxkq5-3320257302, networkLocation: /default-rack, certSerialId: null}, Type:RATIS, Factor:ONE, State:OPEN]
2019-07-14 00:54:57,355 INFO  impl.RaftServerProxy (RaftServerProxy.java:addNew(89)) - 653fec2b-828f-462f-83ef-0fe963c2c3fc: addNew group-032386DF11BA:[653fec2b-828f-462f-83ef-0fe963c2c3fc:192.168.157.230:35736] returns group-032386DF11BA:java.util.concurrent.CompletableFuture@478a9ff0[Not completed]
2019-07-14 00:54:57,357 INFO  impl.RaftServerImpl (RaftServerImpl.java:<init>(93)) - 653fec2b-828f-462f-83ef-0fe963c2c3fc: new RaftServerImpl for group-032386DF11BA:[653fec2b-828f-462f-83ef-0fe963c2c3fc:192.168.157.230:35736] with ContainerStateMachine:uninitialized
2019-07-14 00:54:57,357 INFO  server.RaftServerConfigKeys (ConfUtils.java:logGet(43)) - raft.server.rpc.timeout.min = 5s (custom)
2019-07-14 00:54:57,357 INFO  server.RaftServerConfigKeys (ConfUtils.java:logGet(43)) - raft.server.rpc.timeout.max = 5200ms (custom)
2019-07-14 00:54:57,357 INFO  server.RaftServerConfigKeys (ConfUtils.java:logGet(43)) - raft.server.rpcslowness.timeout = 120s (custom)
2019-07-14 00:54:57,357 INFO  server.RaftServerConfigKeys (ConfUtils.java:logGet(43)) - raft.server.sleep.deviation.threshold = 300 (default)
2019-07-14 00:54:57,358 INFO  server.RaftServerConfigKeys (ConfUtils.java:logGet(43)) - raft.server.log.appender.install.snapshot.enabled = false (custom)
2019-07-14 00:54:57,358 INFO  impl.RaftServerImpl (ServerState.java:<init>(105)) - 653fec2b-828f-462f-83ef-0fe963c2c3fc:group-032386DF11BA ConfigurationManager, init=-1: [653fec2b-828f-462f-83ef-0fe963c2c3fc:192.168.157.230:35736], old=null, confs=<EMPTY_MAP>
2019-07-14 00:54:57,358 INFO  server.RaftServerConfigKeys (ConfUtils.java:logGet(43)) - raft.server.storage.dir = [/tmp/workdir/hadoop-ozone/integration-test/target/test-dir/MiniOzoneClusterImpl-987f3e30-4d2a-49e4-9ba3-798e60b5477b/datanode-2/data/ratis] (custom)
2019-07-14 00:54:57,359 INFO  storage.RaftStorageDirectory (RaftStorageDirectory.java:analyzeStorage(246)) - The storage directory /tmp/workdir/hadoop-ozone/integration-test/target/test-dir/MiniOzoneClusterImpl-987f3e30-4d2a-49e4-9ba3-798e60b5477b/datanode-2/data/ratis/503c2597-dc85-4683-9190-032386df11ba does not exist. Creating ...
2019-07-14 00:54:57,371 INFO  storage.RaftStorageDirectory (RaftStorageDirectory.java:tryLock(328)) - Lock on /tmp/workdir/hadoop-ozone/integration-test/target/test-dir/MiniOzoneClusterImpl-987f3e30-4d2a-49e4-9ba3-798e60b5477b/datanode-2/data/ratis/503c2597-dc85-4683-9190-032386df11ba/in_use.lock acquired by nodename 12290@trunk-nightly-sxkq5-3320257302
2019-07-14 00:54:57,389 INFO  storage.RaftStorage (RaftStorage.java:format(72)) - Storage directory /tmp/workdir/hadoop-ozone/integration-test/target/test-dir/MiniOzoneClusterImpl-987f3e30-4d2a-49e4-9ba3-798e60b5477b/datanode-2/data/ratis/503c2597-dc85-4683-9190-032386df11ba has been successfully formatted.
2019-07-14 00:54:57,390 INFO  ratis.ContainerStateMachine (ContainerStateMachine.java:loadSnapshot(200)) - The snapshot info is null.Setting the last applied index to:(t:0, i:~)
2019-07-14 00:54:57,390 INFO  server.RaftServerConfigKeys (ConfUtils.java:logGet(43)) - raft.server.leader.election.timeout = 120s (custom)
2019-07-14 00:54:57,390 INFO  server.RaftServerConfigKeys (ConfUtils.java:logGet(43)) - raft.server.log.use.memory = false (default)
2019-07-14 00:54:57,390 INFO  server.RaftServerConfigKeys (ConfUtils.java:logGet(43)) - raft.server.log.purge.gap = 1000000000 (custom)
2019-07-14 00:54:57,391 INFO  server.RaftServerConfigKeys (ConfUtils.java:logGet(43)) - raft.server.log.appender.buffer.byte-limit = 33554432 (custom)
2019-07-14 00:54:57,391 INFO  server.RaftServerConfigKeys (ConfUtils.java:logGet(43)) - raft.server.log.segment.size.max = 1048576 (custom)
2019-07-14 00:54:57,391 INFO  server.RaftServerConfigKeys (ConfUtils.java:logGet(43)) - raft.server.log.segment.cache.num.max = 2 (custom)
2019-07-14 00:54:57,391 INFO  segmented.SegmentedRaftLogWorker (SegmentedRaftLogWorker.java:<init>(172)) - new 653fec2b-828f-462f-83ef-0fe963c2c3fc-SegmentedRaftLogWorker:Storage Directory /tmp/workdir/hadoop-ozone/integration-test/target/test-dir/MiniOzoneClusterImpl-987f3e30-4d2a-49e4-9ba3-798e60b5477b/datanode-2/data/ratis/503c2597-dc85-4683-9190-032386df11ba for RaftStorage:Storage Directory /tmp/workdir/hadoop-ozone/integration-test/target/test-dir/MiniOzoneClusterImpl-987f3e30-4d2a-49e4-9ba3-798e60b5477b/datanode-2/data/ratis/503c2597-dc85-4683-9190-032386df11ba
2019-07-14 00:54:57,391 INFO  server.RaftServerConfigKeys (ConfUtils.java:logGet(43)) - raft.server.log.queue.byte-limit = 2147483647 (custom)
2019-07-14 00:54:57,391 INFO  server.RaftServerConfigKeys (ConfUtils.java:logGet(43)) - raft.server.log.queue.element-limit = 1024 (custom)
2019-07-14 00:54:57,392 INFO  server.RaftServerConfigKeys (ConfUtils.java:logGet(43)) - raft.server.log.segment.size.max = 1048576 (custom)
2019-07-14 00:54:57,392 INFO  server.RaftServerConfigKeys (ConfUtils.java:logGet(43)) - raft.server.log.preallocated.size = 16384 (custom)
2019-07-14 00:54:57,392 INFO  server.RaftServerConfigKeys (ConfUtils.java:logGet(43)) - raft.server.log.write.buffer.size = 33554432 (custom)
2019-07-14 00:54:57,392 INFO  server.RaftServerConfigKeys (ConfUtils.java:logGet(43)) - raft.server.log.force.sync.num = 128 (default)
2019-07-14 00:54:57,392 INFO  server.RaftServerConfigKeys (ConfUtils.java:logGet(43)) - raft.server.log.statemachine.data.sync = true (default)
2019-07-14 00:54:57,393 INFO  server.RaftServerConfigKeys (ConfUtils.java:logGet(43)) - raft.server.log.statemachine.data.sync.timeout = 10s (default)
2019-07-14 00:54:57,393 INFO  server.RaftServerConfigKeys (ConfUtils.java:logGet(43)) - raft.server.log.statemachine.data.sync.timeout.retry = -1 (default)
2019-07-14 00:54:57,393 INFO  server.RaftServerConfigKeys (ConfUtils.java:logGet(43)) - raft.server.log.statemachine.data.caching.enabled = true (custom)
2019-07-14 00:54:57,394 INFO  segmented.SegmentedRaftLogWorker (SegmentedRaftLogWorker.java:lambda$new$0(132)) - 653fec2b-828f-462f-83ef-0fe963c2c3fc-SegmentedRaftLogWorker:Storage Directory /tmp/workdir/hadoop-ozone/integration-test/target/test-dir/MiniOzoneClusterImpl-987f3e30-4d2a-49e4-9ba3-798e60b5477b/datanode-2/data/ratis/503c2597-dc85-4683-9190-032386df11ba: flushIndex: setUnconditionally 0 -> -1
2019-07-14 00:54:57,394 INFO  server.RaftServerConfigKeys (ConfUtils.java:logGet(43)) - raft.server.snapshot.auto.trigger.enabled = true (custom)
2019-07-14 00:54:57,394 INFO  server.RaftServerConfigKeys (ConfUtils.java:logGet(43)) - raft.server.snapshot.auto.trigger.threshold = 10000 (custom)
2019-07-14 00:54:57,394 INFO  server.RaftServerConfigKeys (ConfUtils.java:logGet(43)) - raft.server.retrycache.expirytime = 600000ms (custom)
2019-07-14 00:54:57,395 INFO  impl.RaftServerImpl (RaftServerImpl.java:start(180)) - 653fec2b-828f-462f-83ef-0fe963c2c3fc: start group-032386DF11BA
2019-07-14 00:54:57,395 INFO  impl.RaftServerImpl (RaftServerImpl.java:setRole(171)) - 653fec2b-828f-462f-83ef-0fe963c2c3fc:group-032386DF11BA changes role from null to FOLLOWER at term 0 for startAsFollower
2019-07-14 00:54:57,395 INFO  impl.RoleInfo (RoleInfo.java:updateAndGet(143)) - 653fec2b-828f-462f-83ef-0fe963c2c3fc: start FollowerState
2019-07-14 00:54:57,396 INFO  util.JmxRegister (JmxRegister.java:tryRegister(44)) - Successfully registered JMX Bean with object name Ratis:service=RaftServer,group=group-032386DF11BA,id=653fec2b-828f-462f-83ef-0fe963c2c3fc
2019-07-14 00:54:57,410 INFO  pipeline.PipelineStateManager (PipelineStateManager.java:addPipeline(56)) - Created pipeline Pipeline[ Id: 503c2597-dc85-4683-9190-032386df11ba, Nodes: 653fec2b-828f-462f-83ef-0fe963c2c3fc{ip: 192.168.157.230, host: trunk-nightly-sxkq5-3320257302, networkLocation: /default-rack, certSerialId: null}, Type:RATIS, Factor:ONE, State:OPEN]
2019-07-14 00:54:57,435 INFO  impl.RaftServerProxy (RaftServerProxy.java:addNew(89)) - 654df1de-c902-4012-a748-a827ca476937: addNew group-C0A3C05A52C1:[654df1de-c902-4012-a748-a827ca476937:192.168.157.230:40080] returns group-C0A3C05A52C1:java.util.concurrent.CompletableFuture@da1c6f5[Not completed]
2019-07-14 00:54:57,437 INFO  impl.RaftServerImpl (RaftServerImpl.java:<init>(93)) - 654df1de-c902-4012-a748-a827ca476937: new RaftServerImpl for group-C0A3C05A52C1:[654df1de-c902-4012-a748-a827ca476937:192.168.157.230:40080] with ContainerStateMachine:uninitialized
2019-07-14 00:54:57,438 INFO  server.RaftServerConfigKeys (ConfUtils.java:logGet(43)) - raft.server.rpc.timeout.min = 5s (custom)
2019-07-14 00:54:57,438 INFO  server.RaftServerConfigKeys (ConfUtils.java:logGet(43)) - raft.server.rpc.timeout.max = 5200ms (custom)
2019-07-14 00:54:57,438 INFO  server.RaftServerConfigKeys (ConfUtils.java:logGet(43)) - raft.server.rpcslowness.timeout = 120s (custom)
2019-07-14 00:54:57,438 INFO  server.RaftServerConfigKeys (ConfUtils.java:logGet(43)) - raft.server.sleep.deviation.threshold = 300 (default)
2019-07-14 00:54:57,438 INFO  server.RaftServerConfigKeys (ConfUtils.java:logGet(43)) - raft.server.log.appender.install.snapshot.enabled = false (custom)
2019-07-14 00:54:57,439 INFO  impl.RaftServerImpl (ServerState.java:<init>(105)) - 654df1de-c902-4012-a748-a827ca476937:group-C0A3C05A52C1 ConfigurationManager, init=-1: [654df1de-c902-4012-a748-a827ca476937:192.168.157.230:40080], old=null, confs=<EMPTY_MAP>
2019-07-14 00:54:57,439 INFO  server.RaftServerConfigKeys (ConfUtils.java:logGet(43)) - raft.server.storage.dir = [/tmp/workdir/hadoop-ozone/integration-test/target/test-dir/MiniOzoneClusterImpl-987f3e30-4d2a-49e4-9ba3-798e60b5477b/datanode-6/data/ratis] (custom)
2019-07-14 00:54:57,439 INFO  storage.RaftStorageDirectory (RaftStorageDirectory.java:analyzeStorage(246)) - The storage directory /tmp/workdir/hadoop-ozone/integration-test/target/test-dir/MiniOzoneClusterImpl-987f3e30-4d2a-49e4-9ba3-798e60b5477b/datanode-6/data/ratis/5f3a2fdd-50c3-4073-93e1-c0a3c05a52c1 does not exist. Creating ...
2019-07-14 00:54:57,453 INFO  storage.RaftStorageDirectory (RaftStorageDirectory.java:tryLock(328)) - Lock on /tmp/workdir/hadoop-ozone/integration-test/target/test-dir/MiniOzoneClusterImpl-987f3e30-4d2a-49e4-9ba3-798e60b5477b/datanode-6/data/ratis/5f3a2fdd-50c3-4073-93e1-c0a3c05a52c1/in_use.lock acquired by nodename 12290@trunk-nightly-sxkq5-3320257302
2019-07-14 00:54:57,466 INFO  storage.RaftStorage (RaftStorage.java:format(72)) - Storage directory /tmp/workdir/hadoop-ozone/integration-test/target/test-dir/MiniOzoneClusterImpl-987f3e30-4d2a-49e4-9ba3-798e60b5477b/datanode-6/data/ratis/5f3a2fdd-50c3-4073-93e1-c0a3c05a52c1 has been successfully formatted.
2019-07-14 00:54:57,466 INFO  ratis.ContainerStateMachine (ContainerStateMachine.java:loadSnapshot(200)) - The snapshot info is null.Setting the last applied index to:(t:0, i:~)
2019-07-14 00:54:57,467 INFO  server.RaftServerConfigKeys (ConfUtils.java:logGet(43)) - raft.server.leader.election.timeout = 120s (custom)
2019-07-14 00:54:57,467 INFO  server.RaftServerConfigKeys (ConfUtils.java:logGet(43)) - raft.server.log.use.memory = false (default)
2019-07-14 00:54:57,467 INFO  server.RaftServerConfigKeys (ConfUtils.java:logGet(43)) - raft.server.log.purge.gap = 1000000000 (custom)
2019-07-14 00:54:57,467 INFO  server.RaftServerConfigKeys (ConfUtils.java:logGet(43)) - raft.server.log.appender.buffer.byte-limit = 33554432 (custom)
2019-07-14 00:54:57,467 INFO  server.RaftServerConfigKeys (ConfUtils.java:logGet(43)) - raft.server.log.segment.size.max = 1048576 (custom)
2019-07-14 00:54:57,468 INFO  server.RaftServerConfigKeys (ConfUtils.java:logGet(43)) - raft.server.log.segment.cache.num.max = 2 (custom)
2019-07-14 00:54:57,468 INFO  segmented.SegmentedRaftLogWorker (SegmentedRaftLogWorker.java:<init>(172)) - new 654df1de-c902-4012-a748-a827ca476937-SegmentedRaftLogWorker:Storage Directory /tmp/workdir/hadoop-ozone/integration-test/target/test-dir/MiniOzoneClusterImpl-987f3e30-4d2a-49e4-9ba3-798e60b5477b/datanode-6/data/ratis/5f3a2fdd-50c3-4073-93e1-c0a3c05a52c1 for RaftStorage:Storage Directory /tmp/workdir/hadoop-ozone/integration-test/target/test-dir/MiniOzoneClusterImpl-987f3e30-4d2a-49e4-9ba3-798e60b5477b/datanode-6/data/ratis/5f3a2fdd-50c3-4073-93e1-c0a3c05a52c1
2019-07-14 00:54:57,468 INFO  server.RaftServerConfigKeys (ConfUtils.java:logGet(43)) - raft.server.log.queue.byte-limit = 2147483647 (custom)
2019-07-14 00:54:57,468 INFO  server.RaftServerConfigKeys (ConfUtils.java:logGet(43)) - raft.server.log.queue.element-limit = 1024 (custom)
2019-07-14 00:54:57,469 INFO  server.RaftServerConfigKeys (ConfUtils.java:logGet(43)) - raft.server.log.segment.size.max = 1048576 (custom)
2019-07-14 00:54:57,469 INFO  server.RaftServerConfigKeys (ConfUtils.java:logGet(43)) - raft.server.log.preallocated.size = 16384 (custom)
2019-07-14 00:54:57,469 INFO  server.RaftServerConfigKeys (ConfUtils.java:logGet(43)) - raft.server.log.write.buffer.size = 33554432 (custom)
2019-07-14 00:54:57,469 INFO  server.RaftServerConfigKeys (ConfUtils.java:logGet(43)) - raft.server.log.force.sync.num = 128 (default)
2019-07-14 00:54:57,470 INFO  server.RaftServerConfigKeys (ConfUtils.java:logGet(43)) - raft.server.log.statemachine.data.sync = true (default)
2019-07-14 00:54:57,470 INFO  server.RaftServerConfigKeys (ConfUtils.java:logGet(43)) - raft.server.log.statemachine.data.sync.timeout = 10s (default)
2019-07-14 00:54:57,470 INFO  server.RaftServerConfigKeys (ConfUtils.java:logGet(43)) - raft.server.log.statemachine.data.sync.timeout.retry = -1 (default)
2019-07-14 00:54:57,470 INFO  server.RaftServerConfigKeys (ConfUtils.java:logGet(43)) - raft.server.log.statemachine.data.caching.enabled = true (custom)
2019-07-14 00:54:57,471 INFO  segmented.SegmentedRaftLogWorker (SegmentedRaftLogWorker.java:lambda$new$0(132)) - 654df1de-c902-4012-a748-a827ca476937-SegmentedRaftLogWorker:Storage Directory /tmp/workdir/hadoop-ozone/integration-test/target/test-dir/MiniOzoneClusterImpl-987f3e30-4d2a-49e4-9ba3-798e60b5477b/datanode-6/data/ratis/5f3a2fdd-50c3-4073-93e1-c0a3c05a52c1: flushIndex: setUnconditionally 0 -> -1
2019-07-14 00:54:57,471 INFO  server.RaftServerConfigKeys (ConfUtils.java:logGet(43)) - raft.server.snapshot.auto.trigger.enabled = true (custom)
2019-07-14 00:54:57,471 INFO  server.RaftServerConfigKeys (ConfUtils.java:logGet(43)) - raft.server.snapshot.auto.trigger.threshold = 10000 (custom)
2019-07-14 00:54:57,472 INFO  server.RaftServerConfigKeys (ConfUtils.java:logGet(43)) - raft.server.retrycache.expirytime = 600000ms (custom)
2019-07-14 00:54:57,472 INFO  impl.RaftServerImpl (RaftServerImpl.java:start(180)) - 654df1de-c902-4012-a748-a827ca476937: start group-C0A3C05A52C1
2019-07-14 00:54:57,472 INFO  impl.RaftServerImpl (RaftServerImpl.java:setRole(171)) - 654df1de-c902-4012-a748-a827ca476937:group-C0A3C05A52C1 changes role from null to FOLLOWER at term 0 for startAsFollower
2019-07-14 00:54:57,472 INFO  impl.RoleInfo (RoleInfo.java:updateAndGet(143)) - 654df1de-c902-4012-a748-a827ca476937: start FollowerState
2019-07-14 00:54:57,473 INFO  util.JmxRegister (JmxRegister.java:tryRegister(44)) - Successfully registered JMX Bean with object name Ratis:service=RaftServer,group=group-C0A3C05A52C1,id=654df1de-c902-4012-a748-a827ca476937
2019-07-14 00:54:57,487 INFO  pipeline.PipelineStateManager (PipelineStateManager.java:addPipeline(56)) - Created pipeline Pipeline[ Id: 5f3a2fdd-50c3-4073-93e1-c0a3c05a52c1, Nodes: 654df1de-c902-4012-a748-a827ca476937{ip: 192.168.157.230, host: trunk-nightly-sxkq5-3320257302, networkLocation: /default-rack, certSerialId: null}, Type:RATIS, Factor:ONE, State:OPEN]
2019-07-14 00:54:57,507 INFO  impl.RaftServerProxy (RaftServerProxy.java:addNew(89)) - f7292ad1-a410-437d-b51d-24e6c6cb657b: addNew group-FF02895B16B5:[f7292ad1-a410-437d-b51d-24e6c6cb657b:192.168.157.230:46263] returns group-FF02895B16B5:java.util.concurrent.CompletableFuture@6897aced[Not completed]
2019-07-14 00:54:57,509 INFO  impl.RaftServerImpl (RaftServerImpl.java:<init>(93)) - f7292ad1-a410-437d-b51d-24e6c6cb657b: new RaftServerImpl for group-FF02895B16B5:[f7292ad1-a410-437d-b51d-24e6c6cb657b:192.168.157.230:46263] with ContainerStateMachine:uninitialized
2019-07-14 00:54:57,509 INFO  server.RaftServerConfigKeys (ConfUtils.java:logGet(43)) - raft.server.rpc.timeout.min = 5s (custom)
2019-07-14 00:54:57,509 INFO  server.RaftServerConfigKeys (ConfUtils.java:logGet(43)) - raft.server.rpc.timeout.max = 5200ms (custom)
2019-07-14 00:54:57,510 INFO  server.RaftServerConfigKeys (ConfUtils.java:logGet(43)) - raft.server.rpcslowness.timeout = 120s (custom)
2019-07-14 00:54:57,510 INFO  server.RaftServerConfigKeys (ConfUtils.java:logGet(43)) - raft.server.sleep.deviation.threshold = 300 (default)
2019-07-14 00:54:57,510 INFO  server.RaftServerConfigKeys (ConfUtils.java:logGet(43)) - raft.server.log.appender.install.snapshot.enabled = false (custom)
2019-07-14 00:54:57,510 INFO  impl.RaftServerImpl (ServerState.java:<init>(105)) - f7292ad1-a410-437d-b51d-24e6c6cb657b:group-FF02895B16B5 ConfigurationManager, init=-1: [f7292ad1-a410-437d-b51d-24e6c6cb657b:192.168.157.230:46263], old=null, confs=<EMPTY_MAP>
2019-07-14 00:54:57,510 INFO  server.RaftServerConfigKeys (ConfUtils.java:logGet(43)) - raft.server.storage.dir = [/tmp/workdir/hadoop-ozone/integration-test/target/test-dir/MiniOzoneClusterImpl-987f3e30-4d2a-49e4-9ba3-798e60b5477b/datanode-4/data/ratis] (custom)
2019-07-14 00:54:57,511 INFO  storage.RaftStorageDirectory (RaftStorageDirectory.java:analyzeStorage(246)) - The storage directory /tmp/workdir/hadoop-ozone/integration-test/target/test-dir/MiniOzoneClusterImpl-987f3e30-4d2a-49e4-9ba3-798e60b5477b/datanode-4/data/ratis/9d0ff98f-0b58-4373-b002-ff02895b16b5 does not exist. Creating ...
2019-07-14 00:54:57,525 INFO  storage.RaftStorageDirectory (RaftStorageDirectory.java:tryLock(328)) - Lock on /tmp/workdir/hadoop-ozone/integration-test/target/test-dir/MiniOzoneClusterImpl-987f3e30-4d2a-49e4-9ba3-798e60b5477b/datanode-4/data/ratis/9d0ff98f-0b58-4373-b002-ff02895b16b5/in_use.lock acquired by nodename 12290@trunk-nightly-sxkq5-3320257302
2019-07-14 00:54:57,538 INFO  storage.RaftStorage (RaftStorage.java:format(72)) - Storage directory /tmp/workdir/hadoop-ozone/integration-test/target/test-dir/MiniOzoneClusterImpl-987f3e30-4d2a-49e4-9ba3-798e60b5477b/datanode-4/data/ratis/9d0ff98f-0b58-4373-b002-ff02895b16b5 has been successfully formatted.
2019-07-14 00:54:57,539 INFO  ratis.ContainerStateMachine (ContainerStateMachine.java:loadSnapshot(200)) - The snapshot info is null.Setting the last applied index to:(t:0, i:~)
2019-07-14 00:54:57,539 INFO  server.RaftServerConfigKeys (ConfUtils.java:logGet(43)) - raft.server.leader.election.timeout = 120s (custom)
2019-07-14 00:54:57,539 INFO  server.RaftServerConfigKeys (ConfUtils.java:logGet(43)) - raft.server.log.use.memory = false (default)
2019-07-14 00:54:57,539 INFO  server.RaftServerConfigKeys (ConfUtils.java:logGet(43)) - raft.server.log.purge.gap = 1000000000 (custom)
2019-07-14 00:54:57,539 INFO  server.RaftServerConfigKeys (ConfUtils.java:logGet(43)) - raft.server.log.appender.buffer.byte-limit = 33554432 (custom)
2019-07-14 00:54:57,540 INFO  server.RaftServerConfigKeys (ConfUtils.java:logGet(43)) - raft.server.log.segment.size.max = 1048576 (custom)
2019-07-14 00:54:57,540 INFO  server.RaftServerConfigKeys (ConfUtils.java:logGet(43)) - raft.server.log.segment.cache.num.max = 2 (custom)
2019-07-14 00:54:57,540 INFO  segmented.SegmentedRaftLogWorker (SegmentedRaftLogWorker.java:<init>(172)) - new f7292ad1-a410-437d-b51d-24e6c6cb657b-SegmentedRaftLogWorker:Storage Directory /tmp/workdir/hadoop-ozone/integration-test/target/test-dir/MiniOzoneClusterImpl-987f3e30-4d2a-49e4-9ba3-798e60b5477b/datanode-4/data/ratis/9d0ff98f-0b58-4373-b002-ff02895b16b5 for RaftStorage:Storage Directory /tmp/workdir/hadoop-ozone/integration-test/target/test-dir/MiniOzoneClusterImpl-987f3e30-4d2a-49e4-9ba3-798e60b5477b/datanode-4/data/ratis/9d0ff98f-0b58-4373-b002-ff02895b16b5
2019-07-14 00:54:57,540 INFO  server.RaftServerConfigKeys (ConfUtils.java:logGet(43)) - raft.server.log.queue.byte-limit = 2147483647 (custom)
2019-07-14 00:54:57,540 INFO  server.RaftServerConfigKeys (ConfUtils.java:logGet(43)) - raft.server.log.queue.element-limit = 1024 (custom)
2019-07-14 00:54:57,541 INFO  server.RaftServerConfigKeys (ConfUtils.java:logGet(43)) - raft.server.log.segment.size.max = 1048576 (custom)
2019-07-14 00:54:57,541 INFO  server.RaftServerConfigKeys (ConfUtils.java:logGet(43)) - raft.server.log.preallocated.size = 16384 (custom)
2019-07-14 00:54:57,541 INFO  server.RaftServerConfigKeys (ConfUtils.java:logGet(43)) - raft.server.log.write.buffer.size = 33554432 (custom)
2019-07-14 00:54:57,541 INFO  server.RaftServerConfigKeys (ConfUtils.java:logGet(43)) - raft.server.log.force.sync.num = 128 (default)
2019-07-14 00:54:57,541 INFO  server.RaftServerConfigKeys (ConfUtils.java:logGet(43)) - raft.server.log.statemachine.data.sync = true (default)
2019-07-14 00:54:57,542 INFO  server.RaftServerConfigKeys (ConfUtils.java:logGet(43)) - raft.server.log.statemachine.data.sync.timeout = 10s (default)
2019-07-14 00:54:57,542 INFO  server.RaftServerConfigKeys (ConfUtils.java:logGet(43)) - raft.server.log.statemachine.data.sync.timeout.retry = -1 (default)
2019-07-14 00:54:57,542 INFO  server.RaftServerConfigKeys (ConfUtils.java:logGet(43)) - raft.server.log.statemachine.data.caching.enabled = true (custom)
2019-07-14 00:54:57,543 INFO  segmented.SegmentedRaftLogWorker (SegmentedRaftLogWorker.java:lambda$new$0(132)) - f7292ad1-a410-437d-b51d-24e6c6cb657b-SegmentedRaftLogWorker:Storage Directory /tmp/workdir/hadoop-ozone/integration-test/target/test-dir/MiniOzoneClusterImpl-987f3e30-4d2a-49e4-9ba3-798e60b5477b/datanode-4/data/ratis/9d0ff98f-0b58-4373-b002-ff02895b16b5: flushIndex: setUnconditionally 0 -> -1
2019-07-14 00:54:57,543 INFO  server.RaftServerConfigKeys (ConfUtils.java:logGet(43)) - raft.server.snapshot.auto.trigger.enabled = true (custom)
2019-07-14 00:54:57,543 INFO  server.RaftServerConfigKeys (ConfUtils.java:logGet(43)) - raft.server.snapshot.auto.trigger.threshold = 10000 (custom)
2019-07-14 00:54:57,544 INFO  server.RaftServerConfigKeys (ConfUtils.java:logGet(43)) - raft.server.retrycache.expirytime = 600000ms (custom)
2019-07-14 00:54:57,544 INFO  impl.RaftServerImpl (RaftServerImpl.java:start(180)) - f7292ad1-a410-437d-b51d-24e6c6cb657b: start group-FF02895B16B5
2019-07-14 00:54:57,544 INFO  impl.RaftServerImpl (RaftServerImpl.java:setRole(171)) - f7292ad1-a410-437d-b51d-24e6c6cb657b:group-FF02895B16B5 changes role from null to FOLLOWER at term 0 for startAsFollower
2019-07-14 00:54:57,544 INFO  impl.RoleInfo (RoleInfo.java:updateAndGet(143)) - f7292ad1-a410-437d-b51d-24e6c6cb657b: start FollowerState
2019-07-14 00:54:57,545 INFO  util.JmxRegister (JmxRegister.java:tryRegister(44)) - Successfully registered JMX Bean with object name Ratis:service=RaftServer,group=group-FF02895B16B5,id=f7292ad1-a410-437d-b51d-24e6c6cb657b
2019-07-14 00:54:57,564 INFO  pipeline.PipelineStateManager (PipelineStateManager.java:addPipeline(56)) - Created pipeline Pipeline[ Id: 9d0ff98f-0b58-4373-b002-ff02895b16b5, Nodes: f7292ad1-a410-437d-b51d-24e6c6cb657b{ip: 192.168.157.230, host: trunk-nightly-sxkq5-3320257302, networkLocation: /default-rack, certSerialId: null}, Type:RATIS, Factor:ONE, State:OPEN]
2019-07-14 00:54:57,607 INFO  impl.RaftServerProxy (RaftServerProxy.java:addNew(89)) - 4c018b83-5bd7-4258-92c8-f095042238e0: addNew group-96ACFF846645:[783b8b05-b1d3-492c-ad9c-c9c629e37620:192.168.157.230:38030, cee36198-446d-47bf-8813-9cfec4572e78:192.168.157.230:35741, 4c018b83-5bd7-4258-92c8-f095042238e0:192.168.157.230:32858] returns group-96ACFF846645:java.util.concurrent.CompletableFuture@414c5454[Not completed]
2019-07-14 00:54:57,608 INFO  impl.RaftServerProxy (RaftServerProxy.java:addNew(89)) - cee36198-446d-47bf-8813-9cfec4572e78: addNew group-96ACFF846645:[783b8b05-b1d3-492c-ad9c-c9c629e37620:192.168.157.230:38030, cee36198-446d-47bf-8813-9cfec4572e78:192.168.157.230:35741, 4c018b83-5bd7-4258-92c8-f095042238e0:192.168.157.230:32858] returns group-96ACFF846645:java.util.concurrent.CompletableFuture@5ae1ae54[Not completed]
2019-07-14 00:54:57,611 INFO  impl.RaftServerProxy (RaftServerProxy.java:addNew(89)) - 783b8b05-b1d3-492c-ad9c-c9c629e37620: addNew group-96ACFF846645:[783b8b05-b1d3-492c-ad9c-c9c629e37620:192.168.157.230:38030, cee36198-446d-47bf-8813-9cfec4572e78:192.168.157.230:35741, 4c018b83-5bd7-4258-92c8-f095042238e0:192.168.157.230:32858] returns group-96ACFF846645:java.util.concurrent.CompletableFuture@1cdfd51[Not completed]
2019-07-14 00:54:57,611 INFO  impl.RaftServerImpl (RaftServerImpl.java:<init>(93)) - 4c018b83-5bd7-4258-92c8-f095042238e0: new RaftServerImpl for group-96ACFF846645:[783b8b05-b1d3-492c-ad9c-c9c629e37620:192.168.157.230:38030, cee36198-446d-47bf-8813-9cfec4572e78:192.168.157.230:35741, 4c018b83-5bd7-4258-92c8-f095042238e0:192.168.157.230:32858] with ContainerStateMachine:uninitialized
2019-07-14 00:54:57,611 INFO  server.RaftServerConfigKeys (ConfUtils.java:logGet(43)) - raft.server.rpc.timeout.min = 5s (custom)
2019-07-14 00:54:57,611 INFO  server.RaftServerConfigKeys (ConfUtils.java:logGet(43)) - raft.server.rpc.timeout.max = 5200ms (custom)
2019-07-14 00:54:57,612 INFO  server.RaftServerConfigKeys (ConfUtils.java:logGet(43)) - raft.server.rpcslowness.timeout = 120s (custom)
2019-07-14 00:54:57,612 INFO  server.RaftServerConfigKeys (ConfUtils.java:logGet(43)) - raft.server.sleep.deviation.threshold = 300 (default)
2019-07-14 00:54:57,612 INFO  server.RaftServerConfigKeys (ConfUtils.java:logGet(43)) - raft.server.log.appender.install.snapshot.enabled = false (custom)
2019-07-14 00:54:57,612 INFO  impl.RaftServerImpl (ServerState.java:<init>(105)) - 4c018b83-5bd7-4258-92c8-f095042238e0:group-96ACFF846645 ConfigurationManager, init=-1: [783b8b05-b1d3-492c-ad9c-c9c629e37620:192.168.157.230:38030, cee36198-446d-47bf-8813-9cfec4572e78:192.168.157.230:35741, 4c018b83-5bd7-4258-92c8-f095042238e0:192.168.157.230:32858], old=null, confs=<EMPTY_MAP>
2019-07-14 00:54:57,612 INFO  impl.RaftServerImpl (RaftServerImpl.java:<init>(93)) - cee36198-446d-47bf-8813-9cfec4572e78: new RaftServerImpl for group-96ACFF846645:[783b8b05-b1d3-492c-ad9c-c9c629e37620:192.168.157.230:38030, cee36198-446d-47bf-8813-9cfec4572e78:192.168.157.230:35741, 4c018b83-5bd7-4258-92c8-f095042238e0:192.168.157.230:32858] with ContainerStateMachine:uninitialized
2019-07-14 00:54:57,612 INFO  server.RaftServerConfigKeys (ConfUtils.java:logGet(43)) - raft.server.storage.dir = [/tmp/workdir/hadoop-ozone/integration-test/target/test-dir/MiniOzoneClusterImpl-987f3e30-4d2a-49e4-9ba3-798e60b5477b/datanode-5/data/ratis] (custom)
2019-07-14 00:54:57,612 INFO  server.RaftServerConfigKeys (ConfUtils.java:logGet(43)) - raft.server.rpc.timeout.min = 5s (custom)
2019-07-14 00:54:57,613 INFO  server.RaftServerConfigKeys (ConfUtils.java:logGet(43)) - raft.server.rpc.timeout.max = 5200ms (custom)
2019-07-14 00:54:57,613 INFO  storage.RaftStorageDirectory (RaftStorageDirectory.java:analyzeStorage(246)) - The storage directory /tmp/workdir/hadoop-ozone/integration-test/target/test-dir/MiniOzoneClusterImpl-987f3e30-4d2a-49e4-9ba3-798e60b5477b/datanode-5/data/ratis/b3bd6cdf-020c-4e73-98c5-96acff846645 does not exist. Creating ...
2019-07-14 00:54:57,613 INFO  server.RaftServerConfigKeys (ConfUtils.java:logGet(43)) - raft.server.rpcslowness.timeout = 120s (custom)
2019-07-14 00:54:57,613 INFO  server.RaftServerConfigKeys (ConfUtils.java:logGet(43)) - raft.server.sleep.deviation.threshold = 300 (default)
2019-07-14 00:54:57,613 INFO  server.RaftServerConfigKeys (ConfUtils.java:logGet(43)) - raft.server.log.appender.install.snapshot.enabled = false (custom)
2019-07-14 00:54:57,613 INFO  impl.RaftServerImpl (RaftServerImpl.java:<init>(93)) - 783b8b05-b1d3-492c-ad9c-c9c629e37620: new RaftServerImpl for group-96ACFF846645:[783b8b05-b1d3-492c-ad9c-c9c629e37620:192.168.157.230:38030, cee36198-446d-47bf-8813-9cfec4572e78:192.168.157.230:35741, 4c018b83-5bd7-4258-92c8-f095042238e0:192.168.157.230:32858] with ContainerStateMachine:uninitialized
2019-07-14 00:54:57,614 INFO  impl.RaftServerImpl (ServerState.java:<init>(105)) - cee36198-446d-47bf-8813-9cfec4572e78:group-96ACFF846645 ConfigurationManager, init=-1: [783b8b05-b1d3-492c-ad9c-c9c629e37620:192.168.157.230:38030, cee36198-446d-47bf-8813-9cfec4572e78:192.168.157.230:35741, 4c018b83-5bd7-4258-92c8-f095042238e0:192.168.157.230:32858], old=null, confs=<EMPTY_MAP>
2019-07-14 00:54:57,614 INFO  server.RaftServerConfigKeys (ConfUtils.java:logGet(43)) - raft.server.rpc.timeout.min = 5s (custom)
2019-07-14 00:54:57,614 INFO  server.RaftServerConfigKeys (ConfUtils.java:logGet(43)) - raft.server.storage.dir = [/tmp/workdir/hadoop-ozone/integration-test/target/test-dir/MiniOzoneClusterImpl-987f3e30-4d2a-49e4-9ba3-798e60b5477b/datanode-3/data/ratis] (custom)
2019-07-14 00:54:57,614 INFO  server.RaftServerConfigKeys (ConfUtils.java:logGet(43)) - raft.server.rpc.timeout.max = 5200ms (custom)
2019-07-14 00:54:57,614 INFO  server.RaftServerConfigKeys (ConfUtils.java:logGet(43)) - raft.server.rpcslowness.timeout = 120s (custom)
2019-07-14 00:54:57,615 INFO  storage.RaftStorageDirectory (RaftStorageDirectory.java:analyzeStorage(246)) - The storage directory /tmp/workdir/hadoop-ozone/integration-test/target/test-dir/MiniOzoneClusterImpl-987f3e30-4d2a-49e4-9ba3-798e60b5477b/datanode-3/data/ratis/b3bd6cdf-020c-4e73-98c5-96acff846645 does not exist. Creating ...
2019-07-14 00:54:57,615 INFO  server.RaftServerConfigKeys (ConfUtils.java:logGet(43)) - raft.server.sleep.deviation.threshold = 300 (default)
2019-07-14 00:54:57,615 INFO  server.RaftServerConfigKeys (ConfUtils.java:logGet(43)) - raft.server.log.appender.install.snapshot.enabled = false (custom)
2019-07-14 00:54:57,615 INFO  impl.RaftServerImpl (ServerState.java:<init>(105)) - 783b8b05-b1d3-492c-ad9c-c9c629e37620:group-96ACFF846645 ConfigurationManager, init=-1: [783b8b05-b1d3-492c-ad9c-c9c629e37620:192.168.157.230:38030, cee36198-446d-47bf-8813-9cfec4572e78:192.168.157.230:35741, 4c018b83-5bd7-4258-92c8-f095042238e0:192.168.157.230:32858], old=null, confs=<EMPTY_MAP>
2019-07-14 00:54:57,615 INFO  server.RaftServerConfigKeys (ConfUtils.java:logGet(43)) - raft.server.storage.dir = [/tmp/workdir/hadoop-ozone/integration-test/target/test-dir/MiniOzoneClusterImpl-987f3e30-4d2a-49e4-9ba3-798e60b5477b/datanode-1/data/ratis] (custom)
2019-07-14 00:54:57,616 INFO  storage.RaftStorageDirectory (RaftStorageDirectory.java:analyzeStorage(246)) - The storage directory /tmp/workdir/hadoop-ozone/integration-test/target/test-dir/MiniOzoneClusterImpl-987f3e30-4d2a-49e4-9ba3-798e60b5477b/datanode-1/data/ratis/b3bd6cdf-020c-4e73-98c5-96acff846645 does not exist. Creating ...
2019-07-14 00:54:57,626 INFO  storage.RaftStorageDirectory (RaftStorageDirectory.java:tryLock(328)) - Lock on /tmp/workdir/hadoop-ozone/integration-test/target/test-dir/MiniOzoneClusterImpl-987f3e30-4d2a-49e4-9ba3-798e60b5477b/datanode-3/data/ratis/b3bd6cdf-020c-4e73-98c5-96acff846645/in_use.lock acquired by nodename 12290@trunk-nightly-sxkq5-3320257302
2019-07-14 00:54:57,626 INFO  storage.RaftStorageDirectory (RaftStorageDirectory.java:tryLock(328)) - Lock on /tmp/workdir/hadoop-ozone/integration-test/target/test-dir/MiniOzoneClusterImpl-987f3e30-4d2a-49e4-9ba3-798e60b5477b/datanode-1/data/ratis/b3bd6cdf-020c-4e73-98c5-96acff846645/in_use.lock acquired by nodename 12290@trunk-nightly-sxkq5-3320257302
2019-07-14 00:54:57,626 INFO  storage.RaftStorageDirectory (RaftStorageDirectory.java:tryLock(328)) - Lock on /tmp/workdir/hadoop-ozone/integration-test/target/test-dir/MiniOzoneClusterImpl-987f3e30-4d2a-49e4-9ba3-798e60b5477b/datanode-5/data/ratis/b3bd6cdf-020c-4e73-98c5-96acff846645/in_use.lock acquired by nodename 12290@trunk-nightly-sxkq5-3320257302
2019-07-14 00:54:57,646 INFO  storage.RaftStorage (RaftStorage.java:format(72)) - Storage directory /tmp/workdir/hadoop-ozone/integration-test/target/test-dir/MiniOzoneClusterImpl-987f3e30-4d2a-49e4-9ba3-798e60b5477b/datanode-5/data/ratis/b3bd6cdf-020c-4e73-98c5-96acff846645 has been successfully formatted.
2019-07-14 00:54:57,646 INFO  storage.RaftStorage (RaftStorage.java:format(72)) - Storage directory /tmp/workdir/hadoop-ozone/integration-test/target/test-dir/MiniOzoneClusterImpl-987f3e30-4d2a-49e4-9ba3-798e60b5477b/datanode-1/data/ratis/b3bd6cdf-020c-4e73-98c5-96acff846645 has been successfully formatted.
2019-07-14 00:54:57,646 INFO  storage.RaftStorage (RaftStorage.java:format(72)) - Storage directory /tmp/workdir/hadoop-ozone/integration-test/target/test-dir/MiniOzoneClusterImpl-987f3e30-4d2a-49e4-9ba3-798e60b5477b/datanode-3/data/ratis/b3bd6cdf-020c-4e73-98c5-96acff846645 has been successfully formatted.
2019-07-14 00:54:57,647 INFO  ratis.ContainerStateMachine (ContainerStateMachine.java:loadSnapshot(200)) - The snapshot info is null.Setting the last applied index to:(t:0, i:~)
2019-07-14 00:54:57,647 INFO  ratis.ContainerStateMachine (ContainerStateMachine.java:loadSnapshot(200)) - The snapshot info is null.Setting the last applied index to:(t:0, i:~)
2019-07-14 00:54:57,647 INFO  server.RaftServerConfigKeys (ConfUtils.java:logGet(43)) - raft.server.leader.election.timeout = 120s (custom)
2019-07-14 00:54:57,647 INFO  ratis.ContainerStateMachine (ContainerStateMachine.java:loadSnapshot(200)) - The snapshot info is null.Setting the last applied index to:(t:0, i:~)
2019-07-14 00:54:57,648 INFO  server.RaftServerConfigKeys (ConfUtils.java:logGet(43)) - raft.server.log.use.memory = false (default)
2019-07-14 00:54:57,648 INFO  server.RaftServerConfigKeys (ConfUtils.java:logGet(43)) - raft.server.leader.election.timeout = 120s (custom)
2019-07-14 00:54:57,648 INFO  server.RaftServerConfigKeys (ConfUtils.java:logGet(43)) - raft.server.log.purge.gap = 1000000000 (custom)
2019-07-14 00:54:57,648 INFO  server.RaftServerConfigKeys (ConfUtils.java:logGet(43)) - raft.server.leader.election.timeout = 120s (custom)
2019-07-14 00:54:57,648 INFO  server.RaftServerConfigKeys (ConfUtils.java:logGet(43)) - raft.server.log.appender.buffer.byte-limit = 33554432 (custom)
2019-07-14 00:54:57,648 INFO  server.RaftServerConfigKeys (ConfUtils.java:logGet(43)) - raft.server.log.use.memory = false (default)
2019-07-14 00:54:57,649 INFO  server.RaftServerConfigKeys (ConfUtils.java:logGet(43)) - raft.server.log.segment.size.max = 1048576 (custom)
2019-07-14 00:54:57,648 INFO  server.RaftServerConfigKeys (ConfUtils.java:logGet(43)) - raft.server.log.use.memory = false (default)
2019-07-14 00:54:57,649 INFO  server.RaftServerConfigKeys (ConfUtils.java:logGet(43)) - raft.server.log.segment.cache.num.max = 2 (custom)
2019-07-14 00:54:57,649 INFO  server.RaftServerConfigKeys (ConfUtils.java:logGet(43)) - raft.server.log.purge.gap = 1000000000 (custom)
2019-07-14 00:54:57,649 INFO  segmented.SegmentedRaftLogWorker (SegmentedRaftLogWorker.java:<init>(172)) - new 4c018b83-5bd7-4258-92c8-f095042238e0-SegmentedRaftLogWorker:Storage Directory /tmp/workdir/hadoop-ozone/integration-test/target/test-dir/MiniOzoneClusterImpl-987f3e30-4d2a-49e4-9ba3-798e60b5477b/datanode-5/data/ratis/b3bd6cdf-020c-4e73-98c5-96acff846645 for RaftStorage:Storage Directory /tmp/workdir/hadoop-ozone/integration-test/target/test-dir/MiniOzoneClusterImpl-987f3e30-4d2a-49e4-9ba3-798e60b5477b/datanode-5/data/ratis/b3bd6cdf-020c-4e73-98c5-96acff846645
2019-07-14 00:54:57,649 INFO  server.RaftServerConfigKeys (ConfUtils.java:logGet(43)) - raft.server.log.purge.gap = 1000000000 (custom)
2019-07-14 00:54:57,650 INFO  server.RaftServerConfigKeys (ConfUtils.java:logGet(43)) - raft.server.log.queue.byte-limit = 2147483647 (custom)
2019-07-14 00:54:57,649 INFO  server.RaftServerConfigKeys (ConfUtils.java:logGet(43)) - raft.server.log.appender.buffer.byte-limit = 33554432 (custom)
2019-07-14 00:54:57,651 INFO  server.RaftServerConfigKeys (ConfUtils.java:logGet(43)) - raft.server.log.queue.element-limit = 1024 (custom)
2019-07-14 00:54:57,650 INFO  server.RaftServerConfigKeys (ConfUtils.java:logGet(43)) - raft.server.log.appender.buffer.byte-limit = 33554432 (custom)
2019-07-14 00:54:57,652 INFO  server.RaftServerConfigKeys (ConfUtils.java:logGet(43)) - raft.server.log.segment.size.max = 1048576 (custom)
2019-07-14 00:54:57,652 INFO  server.RaftServerConfigKeys (ConfUtils.java:logGet(43)) - raft.server.log.preallocated.size = 16384 (custom)
2019-07-14 00:54:57,652 INFO  server.RaftServerConfigKeys (ConfUtils.java:logGet(43)) - raft.server.log.segment.size.max = 1048576 (custom)
2019-07-14 00:54:57,652 INFO  server.RaftServerConfigKeys (ConfUtils.java:logGet(43)) - raft.server.log.write.buffer.size = 33554432 (custom)
2019-07-14 00:54:57,652 INFO  server.RaftServerConfigKeys (ConfUtils.java:logGet(43)) - raft.server.log.segment.size.max = 1048576 (custom)
2019-07-14 00:54:57,653 INFO  server.RaftServerConfigKeys (ConfUtils.java:logGet(43)) - raft.server.log.force.sync.num = 128 (default)
2019-07-14 00:54:57,653 INFO  server.RaftServerConfigKeys (ConfUtils.java:logGet(43)) - raft.server.log.segment.cache.num.max = 2 (custom)
2019-07-14 00:54:57,653 INFO  server.RaftServerConfigKeys (ConfUtils.java:logGet(43)) - raft.server.log.statemachine.data.sync = true (default)
2019-07-14 00:54:57,653 INFO  server.RaftServerConfigKeys (ConfUtils.java:logGet(43)) - raft.server.log.segment.cache.num.max = 2 (custom)
2019-07-14 00:54:57,653 INFO  server.RaftServerConfigKeys (ConfUtils.java:logGet(43)) - raft.server.log.statemachine.data.sync.timeout = 10s (default)
2019-07-14 00:54:57,653 INFO  segmented.SegmentedRaftLogWorker (SegmentedRaftLogWorker.java:<init>(172)) - new 783b8b05-b1d3-492c-ad9c-c9c629e37620-SegmentedRaftLogWorker:Storage Directory /tmp/workdir/hadoop-ozone/integration-test/target/test-dir/MiniOzoneClusterImpl-987f3e30-4d2a-49e4-9ba3-798e60b5477b/datanode-1/data/ratis/b3bd6cdf-020c-4e73-98c5-96acff846645 for RaftStorage:Storage Directory /tmp/workdir/hadoop-ozone/integration-test/target/test-dir/MiniOzoneClusterImpl-987f3e30-4d2a-49e4-9ba3-798e60b5477b/datanode-1/data/ratis/b3bd6cdf-020c-4e73-98c5-96acff846645
2019-07-14 00:54:57,654 INFO  server.RaftServerConfigKeys (ConfUtils.java:logGet(43)) - raft.server.log.statemachine.data.sync.timeout.retry = -1 (default)
2019-07-14 00:54:57,654 INFO  segmented.SegmentedRaftLogWorker (SegmentedRaftLogWorker.java:<init>(172)) - new cee36198-446d-47bf-8813-9cfec4572e78-SegmentedRaftLogWorker:Storage Directory /tmp/workdir/hadoop-ozone/integration-test/target/test-dir/MiniOzoneClusterImpl-987f3e30-4d2a-49e4-9ba3-798e60b5477b/datanode-3/data/ratis/b3bd6cdf-020c-4e73-98c5-96acff846645 for RaftStorage:Storage Directory /tmp/workdir/hadoop-ozone/integration-test/target/test-dir/MiniOzoneClusterImpl-987f3e30-4d2a-49e4-9ba3-798e60b5477b/datanode-3/data/ratis/b3bd6cdf-020c-4e73-98c5-96acff846645
2019-07-14 00:54:57,655 INFO  server.RaftServerConfigKeys (ConfUtils.java:logGet(43)) - raft.server.log.statemachine.data.caching.enabled = true (custom)
2019-07-14 00:54:57,654 INFO  server.RaftServerConfigKeys (ConfUtils.java:logGet(43)) - raft.server.log.queue.byte-limit = 2147483647 (custom)
2019-07-14 00:54:57,657 INFO  segmented.SegmentedRaftLogWorker (SegmentedRaftLogWorker.java:lambda$new$0(132)) - 4c018b83-5bd7-4258-92c8-f095042238e0-SegmentedRaftLogWorker:Storage Directory /tmp/workdir/hadoop-ozone/integration-test/target/test-dir/MiniOzoneClusterImpl-987f3e30-4d2a-49e4-9ba3-798e60b5477b/datanode-5/data/ratis/b3bd6cdf-020c-4e73-98c5-96acff846645: flushIndex: setUnconditionally 0 -> -1
2019-07-14 00:54:57,656 INFO  server.RaftServerConfigKeys (ConfUtils.java:logGet(43)) - raft.server.log.queue.byte-limit = 2147483647 (custom)
2019-07-14 00:54:57,658 INFO  server.RaftServerConfigKeys (ConfUtils.java:logGet(43)) - raft.server.snapshot.auto.trigger.enabled = true (custom)
2019-07-14 00:54:57,658 INFO  server.RaftServerConfigKeys (ConfUtils.java:logGet(43)) - raft.server.log.queue.element-limit = 1024 (custom)
2019-07-14 00:54:57,658 INFO  server.RaftServerConfigKeys (ConfUtils.java:logGet(43)) - raft.server.snapshot.auto.trigger.threshold = 10000 (custom)
2019-07-14 00:54:57,658 INFO  server.RaftServerConfigKeys (ConfUtils.java:logGet(43)) - raft.server.log.queue.element-limit = 1024 (custom)
2019-07-14 00:54:57,658 INFO  server.RaftServerConfigKeys (ConfUtils.java:logGet(43)) - raft.server.retrycache.expirytime = 600000ms (custom)
2019-07-14 00:54:57,658 INFO  server.RaftServerConfigKeys (ConfUtils.java:logGet(43)) - raft.server.log.segment.size.max = 1048576 (custom)
2019-07-14 00:54:57,659 INFO  impl.RaftServerImpl (RaftServerImpl.java:start(180)) - 4c018b83-5bd7-4258-92c8-f095042238e0: start group-96ACFF846645
2019-07-14 00:54:57,659 INFO  server.RaftServerConfigKeys (ConfUtils.java:logGet(43)) - raft.server.log.segment.size.max = 1048576 (custom)
2019-07-14 00:54:57,659 INFO  impl.RaftServerImpl (RaftServerImpl.java:setRole(171)) - 4c018b83-5bd7-4258-92c8-f095042238e0:group-96ACFF846645 changes role from null to FOLLOWER at term 0 for startAsFollower
2019-07-14 00:54:57,659 INFO  server.RaftServerConfigKeys (ConfUtils.java:logGet(43)) - raft.server.log.preallocated.size = 16384 (custom)
2019-07-14 00:54:57,659 INFO  impl.RoleInfo (RoleInfo.java:updateAndGet(143)) - 4c018b83-5bd7-4258-92c8-f095042238e0: start FollowerState
2019-07-14 00:54:57,659 INFO  server.RaftServerConfigKeys (ConfUtils.java:logGet(43)) - raft.server.log.preallocated.size = 16384 (custom)
2019-07-14 00:54:57,660 INFO  server.RaftServerConfigKeys (ConfUtils.java:logGet(43)) - raft.server.log.write.buffer.size = 33554432 (custom)
2019-07-14 00:54:57,660 INFO  util.JmxRegister (JmxRegister.java:tryRegister(44)) - Successfully registered JMX Bean with object name Ratis:service=RaftServer,group=group-96ACFF846645,id=4c018b83-5bd7-4258-92c8-f095042238e0
2019-07-14 00:54:57,660 INFO  server.RaftServerConfigKeys (ConfUtils.java:logGet(43)) - raft.server.log.write.buffer.size = 33554432 (custom)
2019-07-14 00:54:57,660 INFO  server.RaftServerConfigKeys (ConfUtils.java:logGet(43)) - raft.server.log.force.sync.num = 128 (default)
2019-07-14 00:54:57,661 INFO  server.RaftServerConfigKeys (ConfUtils.java:logGet(43)) - raft.server.log.force.sync.num = 128 (default)
2019-07-14 00:54:57,661 INFO  server.RaftServerConfigKeys (ConfUtils.java:logGet(43)) - raft.server.log.statemachine.data.sync = true (default)
2019-07-14 00:54:57,661 INFO  server.RaftServerConfigKeys (ConfUtils.java:logGet(43)) - raft.server.log.statemachine.data.sync = true (default)
2019-07-14 00:54:57,661 INFO  server.RaftServerConfigKeys (ConfUtils.java:logGet(43)) - raft.server.log.statemachine.data.sync.timeout = 10s (default)
2019-07-14 00:54:57,661 INFO  server.RaftServerConfigKeys (ConfUtils.java:logGet(43)) - raft.server.log.statemachine.data.sync.timeout = 10s (default)
2019-07-14 00:54:57,661 INFO  server.RaftServerConfigKeys (ConfUtils.java:logGet(43)) - raft.server.log.statemachine.data.sync.timeout.retry = -1 (default)
2019-07-14 00:54:57,662 INFO  server.RaftServerConfigKeys (ConfUtils.java:logGet(43)) - raft.server.log.statemachine.data.sync.timeout.retry = -1 (default)
2019-07-14 00:54:57,662 INFO  server.RaftServerConfigKeys (ConfUtils.java:logGet(43)) - raft.server.log.statemachine.data.caching.enabled = true (custom)
2019-07-14 00:54:57,662 INFO  server.RaftServerConfigKeys (ConfUtils.java:logGet(43)) - raft.server.log.statemachine.data.caching.enabled = true (custom)
2019-07-14 00:54:57,662 INFO  segmented.SegmentedRaftLogWorker (SegmentedRaftLogWorker.java:lambda$new$0(132)) - 783b8b05-b1d3-492c-ad9c-c9c629e37620-SegmentedRaftLogWorker:Storage Directory /tmp/workdir/hadoop-ozone/integration-test/target/test-dir/MiniOzoneClusterImpl-987f3e30-4d2a-49e4-9ba3-798e60b5477b/datanode-1/data/ratis/b3bd6cdf-020c-4e73-98c5-96acff846645: flushIndex: setUnconditionally 0 -> -1
2019-07-14 00:54:57,663 INFO  segmented.SegmentedRaftLogWorker (SegmentedRaftLogWorker.java:lambda$new$0(132)) - cee36198-446d-47bf-8813-9cfec4572e78-SegmentedRaftLogWorker:Storage Directory /tmp/workdir/hadoop-ozone/integration-test/target/test-dir/MiniOzoneClusterImpl-987f3e30-4d2a-49e4-9ba3-798e60b5477b/datanode-3/data/ratis/b3bd6cdf-020c-4e73-98c5-96acff846645: flushIndex: setUnconditionally 0 -> -1
2019-07-14 00:54:57,663 INFO  server.RaftServerConfigKeys (ConfUtils.java:logGet(43)) - raft.server.snapshot.auto.trigger.enabled = true (custom)
2019-07-14 00:54:57,665 INFO  server.RaftServerConfigKeys (ConfUtils.java:logGet(43)) - raft.server.snapshot.auto.trigger.enabled = true (custom)
2019-07-14 00:54:57,665 INFO  server.RaftServerConfigKeys (ConfUtils.java:logGet(43)) - raft.server.snapshot.auto.trigger.threshold = 10000 (custom)
2019-07-14 00:54:57,665 INFO  server.RaftServerConfigKeys (ConfUtils.java:logGet(43)) - raft.server.snapshot.auto.trigger.threshold = 10000 (custom)
2019-07-14 00:54:57,667 INFO  server.RaftServerConfigKeys (ConfUtils.java:logGet(43)) - raft.server.retrycache.expirytime = 600000ms (custom)
2019-07-14 00:54:57,667 INFO  server.RaftServerConfigKeys (ConfUtils.java:logGet(43)) - raft.server.retrycache.expirytime = 600000ms (custom)
2019-07-14 00:54:57,667 INFO  impl.RaftServerImpl (RaftServerImpl.java:start(180)) - 783b8b05-b1d3-492c-ad9c-c9c629e37620: start group-96ACFF846645
2019-07-14 00:54:57,667 INFO  impl.RaftServerImpl (RaftServerImpl.java:start(180)) - cee36198-446d-47bf-8813-9cfec4572e78: start group-96ACFF846645
2019-07-14 00:54:57,667 INFO  impl.RaftServerImpl (RaftServerImpl.java:setRole(171)) - 783b8b05-b1d3-492c-ad9c-c9c629e37620:group-96ACFF846645 changes role from null to FOLLOWER at term 0 for startAsFollower
2019-07-14 00:54:57,667 INFO  impl.RaftServerImpl (RaftServerImpl.java:setRole(171)) - cee36198-446d-47bf-8813-9cfec4572e78:group-96ACFF846645 changes role from null to FOLLOWER at term 0 for startAsFollower
2019-07-14 00:54:57,669 INFO  impl.RoleInfo (RoleInfo.java:updateAndGet(143)) - 783b8b05-b1d3-492c-ad9c-c9c629e37620: start FollowerState
2019-07-14 00:54:57,669 INFO  impl.RoleInfo (RoleInfo.java:updateAndGet(143)) - cee36198-446d-47bf-8813-9cfec4572e78: start FollowerState
2019-07-14 00:54:57,670 INFO  util.JmxRegister (JmxRegister.java:tryRegister(44)) - Successfully registered JMX Bean with object name Ratis:service=RaftServer,group=group-96ACFF846645,id=783b8b05-b1d3-492c-ad9c-c9c629e37620
2019-07-14 00:54:57,670 INFO  util.JmxRegister (JmxRegister.java:tryRegister(44)) - Successfully registered JMX Bean with object name Ratis:service=RaftServer,group=group-96ACFF846645,id=cee36198-446d-47bf-8813-9cfec4572e78
2019-07-14 00:54:57,686 INFO  pipeline.PipelineStateManager (PipelineStateManager.java:addPipeline(56)) - Created pipeline Pipeline[ Id: b3bd6cdf-020c-4e73-98c5-96acff846645, Nodes: 4c018b83-5bd7-4258-92c8-f095042238e0{ip: 192.168.157.230, host: trunk-nightly-sxkq5-3320257302, networkLocation: /default-rack, certSerialId: null}783b8b05-b1d3-492c-ad9c-c9c629e37620{ip: 192.168.157.230, host: trunk-nightly-sxkq5-3320257302, networkLocation: /default-rack, certSerialId: null}cee36198-446d-47bf-8813-9cfec4572e78{ip: 192.168.157.230, host: trunk-nightly-sxkq5-3320257302, networkLocation: /default-rack, certSerialId: null}, Type:RATIS, Factor:THREE, State:OPEN]
2019-07-14 00:54:57,727 INFO  impl.RaftServerProxy (RaftServerProxy.java:addNew(89)) - 654df1de-c902-4012-a748-a827ca476937: addNew group-25953BE85DCF:[653fec2b-828f-462f-83ef-0fe963c2c3fc:192.168.157.230:35736, 654df1de-c902-4012-a748-a827ca476937:192.168.157.230:40080, f7292ad1-a410-437d-b51d-24e6c6cb657b:192.168.157.230:46263] returns group-25953BE85DCF:java.util.concurrent.CompletableFuture@715e6f[Not completed]
2019-07-14 00:54:57,730 INFO  impl.RaftServerProxy (RaftServerProxy.java:addNew(89)) - 653fec2b-828f-462f-83ef-0fe963c2c3fc: addNew group-25953BE85DCF:[653fec2b-828f-462f-83ef-0fe963c2c3fc:192.168.157.230:35736, 654df1de-c902-4012-a748-a827ca476937:192.168.157.230:40080, f7292ad1-a410-437d-b51d-24e6c6cb657b:192.168.157.230:46263] returns group-25953BE85DCF:java.util.concurrent.CompletableFuture@7972382a[Not completed]
2019-07-14 00:54:57,731 INFO  impl.RaftServerProxy (RaftServerProxy.java:addNew(89)) - f7292ad1-a410-437d-b51d-24e6c6cb657b: addNew group-25953BE85DCF:[653fec2b-828f-462f-83ef-0fe963c2c3fc:192.168.157.230:35736, 654df1de-c902-4012-a748-a827ca476937:192.168.157.230:40080, f7292ad1-a410-437d-b51d-24e6c6cb657b:192.168.157.230:46263] returns group-25953BE85DCF:java.util.concurrent.CompletableFuture@387c08a7[Not completed]
2019-07-14 00:54:57,733 INFO  impl.RaftServerImpl (RaftServerImpl.java:<init>(93)) - 654df1de-c902-4012-a748-a827ca476937: new RaftServerImpl for group-25953BE85DCF:[653fec2b-828f-462f-83ef-0fe963c2c3fc:192.168.157.230:35736, 654df1de-c902-4012-a748-a827ca476937:192.168.157.230:40080, f7292ad1-a410-437d-b51d-24e6c6cb657b:192.168.157.230:46263] with ContainerStateMachine:uninitialized
2019-07-14 00:54:57,733 INFO  server.RaftServerConfigKeys (ConfUtils.java:logGet(43)) - raft.server.rpc.timeout.min = 5s (custom)
2019-07-14 00:54:57,734 INFO  server.RaftServerConfigKeys (ConfUtils.java:logGet(43)) - raft.server.rpc.timeout.max = 5200ms (custom)
2019-07-14 00:54:57,734 INFO  server.RaftServerConfigKeys (ConfUtils.java:logGet(43)) - raft.server.rpcslowness.timeout = 120s (custom)
2019-07-14 00:54:57,734 INFO  server.RaftServerConfigKeys (ConfUtils.java:logGet(43)) - raft.server.sleep.deviation.threshold = 300 (default)
2019-07-14 00:54:57,734 INFO  server.RaftServerConfigKeys (ConfUtils.java:logGet(43)) - raft.server.log.appender.install.snapshot.enabled = false (custom)
2019-07-14 00:54:57,734 INFO  impl.RaftServerImpl (RaftServerImpl.java:<init>(93)) - 653fec2b-828f-462f-83ef-0fe963c2c3fc: new RaftServerImpl for group-25953BE85DCF:[653fec2b-828f-462f-83ef-0fe963c2c3fc:192.168.157.230:35736, 654df1de-c902-4012-a748-a827ca476937:192.168.157.230:40080, f7292ad1-a410-437d-b51d-24e6c6cb657b:192.168.157.230:46263] with ContainerStateMachine:uninitialized
2019-07-14 00:54:57,734 INFO  impl.RaftServerImpl (ServerState.java:<init>(105)) - 654df1de-c902-4012-a748-a827ca476937:group-25953BE85DCF ConfigurationManager, init=-1: [653fec2b-828f-462f-83ef-0fe963c2c3fc:192.168.157.230:35736, 654df1de-c902-4012-a748-a827ca476937:192.168.157.230:40080, f7292ad1-a410-437d-b51d-24e6c6cb657b:192.168.157.230:46263], old=null, confs=<EMPTY_MAP>
2019-07-14 00:54:57,735 INFO  server.RaftServerConfigKeys (ConfUtils.java:logGet(43)) - raft.server.rpc.timeout.min = 5s (custom)
2019-07-14 00:54:57,735 INFO  server.RaftServerConfigKeys (ConfUtils.java:logGet(43)) - raft.server.storage.dir = [/tmp/workdir/hadoop-ozone/integration-test/target/test-dir/MiniOzoneClusterImpl-987f3e30-4d2a-49e4-9ba3-798e60b5477b/datanode-6/data/ratis] (custom)
2019-07-14 00:54:57,735 INFO  server.RaftServerConfigKeys (ConfUtils.java:logGet(43)) - raft.server.rpc.timeout.max = 5200ms (custom)
2019-07-14 00:54:57,735 INFO  impl.RaftServerImpl (RaftServerImpl.java:<init>(93)) - f7292ad1-a410-437d-b51d-24e6c6cb657b: new RaftServerImpl for group-25953BE85DCF:[653fec2b-828f-462f-83ef-0fe963c2c3fc:192.168.157.230:35736, 654df1de-c902-4012-a748-a827ca476937:192.168.157.230:40080, f7292ad1-a410-437d-b51d-24e6c6cb657b:192.168.157.230:46263] with ContainerStateMachine:uninitialized
2019-07-14 00:54:57,735 INFO  server.RaftServerConfigKeys (ConfUtils.java:logGet(43)) - raft.server.rpcslowness.timeout = 120s (custom)
2019-07-14 00:54:57,735 INFO  storage.RaftStorageDirectory (RaftStorageDirectory.java:analyzeStorage(246)) - The storage directory /tmp/workdir/hadoop-ozone/integration-test/target/test-dir/MiniOzoneClusterImpl-987f3e30-4d2a-49e4-9ba3-798e60b5477b/datanode-6/data/ratis/a28aa6bd-1f6f-441e-898d-25953be85dcf does not exist. Creating ...
2019-07-14 00:54:57,735 INFO  server.RaftServerConfigKeys (ConfUtils.java:logGet(43)) - raft.server.rpc.timeout.min = 5s (custom)
2019-07-14 00:54:57,735 INFO  server.RaftServerConfigKeys (ConfUtils.java:logGet(43)) - raft.server.sleep.deviation.threshold = 300 (default)
2019-07-14 00:54:57,736 INFO  server.RaftServerConfigKeys (ConfUtils.java:logGet(43)) - raft.server.rpc.timeout.max = 5200ms (custom)
2019-07-14 00:54:57,736 INFO  server.RaftServerConfigKeys (ConfUtils.java:logGet(43)) - raft.server.log.appender.install.snapshot.enabled = false (custom)
2019-07-14 00:54:57,736 INFO  server.RaftServerConfigKeys (ConfUtils.java:logGet(43)) - raft.server.rpcslowness.timeout = 120s (custom)
2019-07-14 00:54:57,736 INFO  impl.RaftServerImpl (ServerState.java:<init>(105)) - 653fec2b-828f-462f-83ef-0fe963c2c3fc:group-25953BE85DCF ConfigurationManager, init=-1: [653fec2b-828f-462f-83ef-0fe963c2c3fc:192.168.157.230:35736, 654df1de-c902-4012-a748-a827ca476937:192.168.157.230:40080, f7292ad1-a410-437d-b51d-24e6c6cb657b:192.168.157.230:46263], old=null, confs=<EMPTY_MAP>
2019-07-14 00:54:57,736 INFO  server.RaftServerConfigKeys (ConfUtils.java:logGet(43)) - raft.server.sleep.deviation.threshold = 300 (default)
2019-07-14 00:54:57,736 INFO  server.RaftServerConfigKeys (ConfUtils.java:logGet(43)) - raft.server.storage.dir = [/tmp/workdir/hadoop-ozone/integration-test/target/test-dir/MiniOzoneClusterImpl-987f3e30-4d2a-49e4-9ba3-798e60b5477b/datanode-2/data/ratis] (custom)
2019-07-14 00:54:57,736 INFO  server.RaftServerConfigKeys (ConfUtils.java:logGet(43)) - raft.server.log.appender.install.snapshot.enabled = false (custom)
2019-07-14 00:54:57,737 INFO  impl.RaftServerImpl (ServerState.java:<init>(105)) - f7292ad1-a410-437d-b51d-24e6c6cb657b:group-25953BE85DCF ConfigurationManager, init=-1: [653fec2b-828f-462f-83ef-0fe963c2c3fc:192.168.157.230:35736, 654df1de-c902-4012-a748-a827ca476937:192.168.157.230:40080, f7292ad1-a410-437d-b51d-24e6c6cb657b:192.168.157.230:46263], old=null, confs=<EMPTY_MAP>
2019-07-14 00:54:57,737 INFO  storage.RaftStorageDirectory (RaftStorageDirectory.java:analyzeStorage(246)) - The storage directory /tmp/workdir/hadoop-ozone/integration-test/target/test-dir/MiniOzoneClusterImpl-987f3e30-4d2a-49e4-9ba3-798e60b5477b/datanode-2/data/ratis/a28aa6bd-1f6f-441e-898d-25953be85dcf does not exist. Creating ...
2019-07-14 00:54:57,737 INFO  server.RaftServerConfigKeys (ConfUtils.java:logGet(43)) - raft.server.storage.dir = [/tmp/workdir/hadoop-ozone/integration-test/target/test-dir/MiniOzoneClusterImpl-987f3e30-4d2a-49e4-9ba3-798e60b5477b/datanode-4/data/ratis] (custom)
2019-07-14 00:54:57,737 INFO  storage.RaftStorageDirectory (RaftStorageDirectory.java:analyzeStorage(246)) - The storage directory /tmp/workdir/hadoop-ozone/integration-test/target/test-dir/MiniOzoneClusterImpl-987f3e30-4d2a-49e4-9ba3-798e60b5477b/datanode-4/data/ratis/a28aa6bd-1f6f-441e-898d-25953be85dcf does not exist. Creating ...
2019-07-14 00:54:57,749 INFO  storage.RaftStorageDirectory (RaftStorageDirectory.java:tryLock(328)) - Lock on /tmp/workdir/hadoop-ozone/integration-test/target/test-dir/MiniOzoneClusterImpl-987f3e30-4d2a-49e4-9ba3-798e60b5477b/datanode-2/data/ratis/a28aa6bd-1f6f-441e-898d-25953be85dcf/in_use.lock acquired by nodename 12290@trunk-nightly-sxkq5-3320257302
2019-07-14 00:54:57,749 INFO  storage.RaftStorageDirectory (RaftStorageDirectory.java:tryLock(328)) - Lock on /tmp/workdir/hadoop-ozone/integration-test/target/test-dir/MiniOzoneClusterImpl-987f3e30-4d2a-49e4-9ba3-798e60b5477b/datanode-6/data/ratis/a28aa6bd-1f6f-441e-898d-25953be85dcf/in_use.lock acquired by nodename 12290@trunk-nightly-sxkq5-3320257302
2019-07-14 00:54:57,749 INFO  storage.RaftStorageDirectory (RaftStorageDirectory.java:tryLock(328)) - Lock on /tmp/workdir/hadoop-ozone/integration-test/target/test-dir/MiniOzoneClusterImpl-987f3e30-4d2a-49e4-9ba3-798e60b5477b/datanode-4/data/ratis/a28aa6bd-1f6f-441e-898d-25953be85dcf/in_use.lock acquired by nodename 12290@trunk-nightly-sxkq5-3320257302
2019-07-14 00:54:57,763 INFO  storage.RaftStorage (RaftStorage.java:format(72)) - Storage directory /tmp/workdir/hadoop-ozone/integration-test/target/test-dir/MiniOzoneClusterImpl-987f3e30-4d2a-49e4-9ba3-798e60b5477b/datanode-2/data/ratis/a28aa6bd-1f6f-441e-898d-25953be85dcf has been successfully formatted.
2019-07-14 00:54:57,763 INFO  storage.RaftStorage (RaftStorage.java:format(72)) - Storage directory /tmp/workdir/hadoop-ozone/integration-test/target/test-dir/MiniOzoneClusterImpl-987f3e30-4d2a-49e4-9ba3-798e60b5477b/datanode-6/data/ratis/a28aa6bd-1f6f-441e-898d-25953be85dcf has been successfully formatted.
2019-07-14 00:54:57,763 INFO  storage.RaftStorage (RaftStorage.java:format(72)) - Storage directory /tmp/workdir/hadoop-ozone/integration-test/target/test-dir/MiniOzoneClusterImpl-987f3e30-4d2a-49e4-9ba3-798e60b5477b/datanode-4/data/ratis/a28aa6bd-1f6f-441e-898d-25953be85dcf has been successfully formatted.
2019-07-14 00:54:57,763 INFO  ratis.ContainerStateMachine (ContainerStateMachine.java:loadSnapshot(200)) - The snapshot info is null.Setting the last applied index to:(t:0, i:~)
2019-07-14 00:54:57,763 INFO  ratis.ContainerStateMachine (ContainerStateMachine.java:loadSnapshot(200)) - The snapshot info is null.Setting the last applied index to:(t:0, i:~)
2019-07-14 00:54:57,764 INFO  server.RaftServerConfigKeys (ConfUtils.java:logGet(43)) - raft.server.leader.election.timeout = 120s (custom)
2019-07-14 00:54:57,764 INFO  ratis.ContainerStateMachine (ContainerStateMachine.java:loadSnapshot(200)) - The snapshot info is null.Setting the last applied index to:(t:0, i:~)
2019-07-14 00:54:57,764 INFO  server.RaftServerConfigKeys (ConfUtils.java:logGet(43)) - raft.server.log.use.memory = false (default)
2019-07-14 00:54:57,764 INFO  server.RaftServerConfigKeys (ConfUtils.java:logGet(43)) - raft.server.leader.election.timeout = 120s (custom)
2019-07-14 00:54:57,764 INFO  server.RaftServerConfigKeys (ConfUtils.java:logGet(43)) - raft.server.log.purge.gap = 1000000000 (custom)
2019-07-14 00:54:57,764 INFO  server.RaftServerConfigKeys (ConfUtils.java:logGet(43)) - raft.server.leader.election.timeout = 120s (custom)
2019-07-14 00:54:57,765 INFO  server.RaftServerConfigKeys (ConfUtils.java:logGet(43)) - raft.server.log.appender.buffer.byte-limit = 33554432 (custom)
2019-07-14 00:54:57,764 INFO  server.RaftServerConfigKeys (ConfUtils.java:logGet(43)) - raft.server.log.use.memory = false (default)
2019-07-14 00:54:57,765 INFO  server.RaftServerConfigKeys (ConfUtils.java:logGet(43)) - raft.server.log.segment.size.max = 1048576 (custom)
2019-07-14 00:54:57,765 INFO  server.RaftServerConfigKeys (ConfUtils.java:logGet(43)) - raft.server.log.use.memory = false (default)
2019-07-14 00:54:57,765 INFO  server.RaftServerConfigKeys (ConfUtils.java:logGet(43)) - raft.server.log.segment.cache.num.max = 2 (custom)
2019-07-14 00:54:57,765 INFO  server.RaftServerConfigKeys (ConfUtils.java:logGet(43)) - raft.server.log.purge.gap = 1000000000 (custom)
2019-07-14 00:54:57,766 INFO  segmented.SegmentedRaftLogWorker (SegmentedRaftLogWorker.java:<init>(172)) - new 654df1de-c902-4012-a748-a827ca476937-SegmentedRaftLogWorker:Storage Directory /tmp/workdir/hadoop-ozone/integration-test/target/test-dir/MiniOzoneClusterImpl-987f3e30-4d2a-49e4-9ba3-798e60b5477b/datanode-6/data/ratis/a28aa6bd-1f6f-441e-898d-25953be85dcf for RaftStorage:Storage Directory /tmp/workdir/hadoop-ozone/integration-test/target/test-dir/MiniOzoneClusterImpl-987f3e30-4d2a-49e4-9ba3-798e60b5477b/datanode-6/data/ratis/a28aa6bd-1f6f-441e-898d-25953be85dcf
2019-07-14 00:54:57,765 INFO  server.RaftServerConfigKeys (ConfUtils.java:logGet(43)) - raft.server.log.purge.gap = 1000000000 (custom)
2019-07-14 00:54:57,766 INFO  server.RaftServerConfigKeys (ConfUtils.java:logGet(43)) - raft.server.log.queue.byte-limit = 2147483647 (custom)
2019-07-14 00:54:57,766 INFO  server.RaftServerConfigKeys (ConfUtils.java:logGet(43)) - raft.server.log.appender.buffer.byte-limit = 33554432 (custom)
2019-07-14 00:54:57,768 INFO  server.RaftServerConfigKeys (ConfUtils.java:logGet(43)) - raft.server.log.queue.element-limit = 1024 (custom)
2019-07-14 00:54:57,766 INFO  server.RaftServerConfigKeys (ConfUtils.java:logGet(43)) - raft.server.log.appender.buffer.byte-limit = 33554432 (custom)
2019-07-14 00:54:57,769 INFO  server.RaftServerConfigKeys (ConfUtils.java:logGet(43)) - raft.server.log.segment.size.max = 1048576 (custom)
2019-07-14 00:54:57,769 INFO  server.RaftServerConfigKeys (ConfUtils.java:logGet(43)) - raft.server.log.segment.size.max = 1048576 (custom)
2019-07-14 00:54:57,769 INFO  server.RaftServerConfigKeys (ConfUtils.java:logGet(43)) - raft.server.log.preallocated.size = 16384 (custom)
2019-07-14 00:54:57,769 INFO  server.RaftServerConfigKeys (ConfUtils.java:logGet(43)) - raft.server.log.segment.size.max = 1048576 (custom)
2019-07-14 00:54:57,770 INFO  server.RaftServerConfigKeys (ConfUtils.java:logGet(43)) - raft.server.log.write.buffer.size = 33554432 (custom)
2019-07-14 00:54:57,769 INFO  server.RaftServerConfigKeys (ConfUtils.java:logGet(43)) - raft.server.log.segment.cache.num.max = 2 (custom)
2019-07-14 00:54:57,770 INFO  server.RaftServerConfigKeys (ConfUtils.java:logGet(43)) - raft.server.log.force.sync.num = 128 (default)
2019-07-14 00:54:57,770 INFO  server.RaftServerConfigKeys (ConfUtils.java:logGet(43)) - raft.server.log.statemachine.data.sync = true (default)
2019-07-14 00:54:57,770 INFO  server.RaftServerConfigKeys (ConfUtils.java:logGet(43)) - raft.server.log.segment.cache.num.max = 2 (custom)
2019-07-14 00:54:57,770 INFO  server.RaftServerConfigKeys (ConfUtils.java:logGet(43)) - raft.server.log.statemachine.data.sync.timeout = 10s (default)
2019-07-14 00:54:57,770 INFO  segmented.SegmentedRaftLogWorker (SegmentedRaftLogWorker.java:<init>(172)) - new 653fec2b-828f-462f-83ef-0fe963c2c3fc-SegmentedRaftLogWorker:Storage Directory /tmp/workdir/hadoop-ozone/integration-test/target/test-dir/MiniOzoneClusterImpl-987f3e30-4d2a-49e4-9ba3-798e60b5477b/datanode-2/data/ratis/a28aa6bd-1f6f-441e-898d-25953be85dcf for RaftStorage:Storage Directory /tmp/workdir/hadoop-ozone/integration-test/target/test-dir/MiniOzoneClusterImpl-987f3e30-4d2a-49e4-9ba3-798e60b5477b/datanode-2/data/ratis/a28aa6bd-1f6f-441e-898d-25953be85dcf
2019-07-14 00:54:57,771 INFO  server.RaftServerConfigKeys (ConfUtils.java:logGet(43)) - raft.server.log.statemachine.data.sync.timeout.retry = -1 (default)
2019-07-14 00:54:57,771 INFO  segmented.SegmentedRaftLogWorker (SegmentedRaftLogWorker.java:<init>(172)) - new f7292ad1-a410-437d-b51d-24e6c6cb657b-SegmentedRaftLogWorker:Storage Directory /tmp/workdir/hadoop-ozone/integration-test/target/test-dir/MiniOzoneClusterImpl-987f3e30-4d2a-49e4-9ba3-798e60b5477b/datanode-4/data/ratis/a28aa6bd-1f6f-441e-898d-25953be85dcf for RaftStorage:Storage Directory /tmp/workdir/hadoop-ozone/integration-test/target/test-dir/MiniOzoneClusterImpl-987f3e30-4d2a-49e4-9ba3-798e60b5477b/datanode-4/data/ratis/a28aa6bd-1f6f-441e-898d-25953be85dcf
2019-07-14 00:54:57,773 INFO  server.RaftServerConfigKeys (ConfUtils.java:logGet(43)) - raft.server.log.statemachine.data.caching.enabled = true (custom)
2019-07-14 00:54:57,771 INFO  server.RaftServerConfigKeys (ConfUtils.java:logGet(43)) - raft.server.log.queue.byte-limit = 2147483647 (custom)
2019-07-14 00:54:57,776 INFO  segmented.SegmentedRaftLogWorker (SegmentedRaftLogWorker.java:lambda$new$0(132)) - 654df1de-c902-4012-a748-a827ca476937-SegmentedRaftLogWorker:Storage Directory /tmp/workdir/hadoop-ozone/integration-test/target/test-dir/MiniOzoneClusterImpl-987f3e30-4d2a-49e4-9ba3-798e60b5477b/datanode-6/data/ratis/a28aa6bd-1f6f-441e-898d-25953be85dcf: flushIndex: setUnconditionally 0 -> -1
2019-07-14 00:54:57,773 INFO  server.RaftServerConfigKeys (ConfUtils.java:logGet(43)) - raft.server.log.queue.byte-limit = 2147483647 (custom)
2019-07-14 00:54:57,776 INFO  server.RaftServerConfigKeys (ConfUtils.java:logGet(43)) - raft.server.log.queue.element-limit = 1024 (custom)
2019-07-14 00:54:57,776 INFO  server.RaftServerConfigKeys (ConfUtils.java:logGet(43)) - raft.server.log.queue.element-limit = 1024 (custom)
2019-07-14 00:54:57,776 INFO  server.RaftServerConfigKeys (ConfUtils.java:logGet(43)) - raft.server.snapshot.auto.trigger.enabled = true (custom)
2019-07-14 00:54:57,776 INFO  server.RaftServerConfigKeys (ConfUtils.java:logGet(43)) - raft.server.log.segment.size.max = 1048576 (custom)
2019-07-14 00:54:57,776 INFO  server.RaftServerConfigKeys (ConfUtils.java:logGet(43)) - raft.server.log.segment.size.max = 1048576 (custom)
2019-07-14 00:54:57,777 INFO  server.RaftServerConfigKeys (ConfUtils.java:logGet(43)) - raft.server.log.preallocated.size = 16384 (custom)
2019-07-14 00:54:57,776 INFO  server.RaftServerConfigKeys (ConfUtils.java:logGet(43)) - raft.server.snapshot.auto.trigger.threshold = 10000 (custom)
2019-07-14 00:54:57,777 INFO  server.RaftServerConfigKeys (ConfUtils.java:logGet(43)) - raft.server.log.write.buffer.size = 33554432 (custom)
2019-07-14 00:54:57,777 INFO  server.RaftServerConfigKeys (ConfUtils.java:logGet(43)) - raft.server.log.preallocated.size = 16384 (custom)
2019-07-14 00:54:57,777 INFO  server.RaftServerConfigKeys (ConfUtils.java:logGet(43)) - raft.server.log.force.sync.num = 128 (default)
2019-07-14 00:54:57,777 INFO  server.RaftServerConfigKeys (ConfUtils.java:logGet(43)) - raft.server.retrycache.expirytime = 600000ms (custom)
2019-07-14 00:54:57,778 INFO  server.RaftServerConfigKeys (ConfUtils.java:logGet(43)) - raft.server.log.statemachine.data.sync = true (default)
2019-07-14 00:54:57,777 INFO  server.RaftServerConfigKeys (ConfUtils.java:logGet(43)) - raft.server.log.write.buffer.size = 33554432 (custom)
2019-07-14 00:54:57,778 INFO  server.RaftServerConfigKeys (ConfUtils.java:logGet(43)) - raft.server.log.statemachine.data.sync.timeout = 10s (default)
2019-07-14 00:54:57,778 INFO  impl.RaftServerImpl (RaftServerImpl.java:start(180)) - 654df1de-c902-4012-a748-a827ca476937: start group-25953BE85DCF
2019-07-14 00:54:57,778 INFO  server.RaftServerConfigKeys (ConfUtils.java:logGet(43)) - raft.server.log.statemachine.data.sync.timeout.retry = -1 (default)
2019-07-14 00:54:57,778 INFO  server.RaftServerConfigKeys (ConfUtils.java:logGet(43)) - raft.server.log.force.sync.num = 128 (default)
2019-07-14 00:54:57,779 INFO  server.RaftServerConfigKeys (ConfUtils.java:logGet(43)) - raft.server.log.statemachine.data.caching.enabled = true (custom)
2019-07-14 00:54:57,778 INFO  impl.RaftServerImpl (RaftServerImpl.java:setRole(171)) - 654df1de-c902-4012-a748-a827ca476937:group-25953BE85DCF changes role from null to FOLLOWER at term 0 for startAsFollower
2019-07-14 00:54:57,779 INFO  server.RaftServerConfigKeys (ConfUtils.java:logGet(43)) - raft.server.log.statemachine.data.sync = true (default)
2019-07-14 00:54:57,779 INFO  segmented.SegmentedRaftLogWorker (SegmentedRaftLogWorker.java:lambda$new$0(132)) - f7292ad1-a410-437d-b51d-24e6c6cb657b-SegmentedRaftLogWorker:Storage Directory /tmp/workdir/hadoop-ozone/integration-test/target/test-dir/MiniOzoneClusterImpl-987f3e30-4d2a-49e4-9ba3-798e60b5477b/datanode-4/data/ratis/a28aa6bd-1f6f-441e-898d-25953be85dcf: flushIndex: setUnconditionally 0 -> -1
2019-07-14 00:54:57,779 INFO  impl.RoleInfo (RoleInfo.java:updateAndGet(143)) - 654df1de-c902-4012-a748-a827ca476937: start FollowerState
2019-07-14 00:54:57,780 INFO  server.RaftServerConfigKeys (ConfUtils.java:logGet(43)) - raft.server.log.statemachine.data.sync.timeout = 10s (default)
2019-07-14 00:54:57,780 INFO  server.RaftServerConfigKeys (ConfUtils.java:logGet(43)) - raft.server.snapshot.auto.trigger.enabled = true (custom)
2019-07-14 00:54:57,780 INFO  server.RaftServerConfigKeys (ConfUtils.java:logGet(43)) - raft.server.log.statemachine.data.sync.timeout.retry = -1 (default)
2019-07-14 00:54:57,780 INFO  util.JmxRegister (JmxRegister.java:tryRegister(44)) - Successfully registered JMX Bean with object name Ratis:service=RaftServer,group=group-25953BE85DCF,id=654df1de-c902-4012-a748-a827ca476937
2019-07-14 00:54:57,780 INFO  server.RaftServerConfigKeys (ConfUtils.java:logGet(43)) - raft.server.snapshot.auto.trigger.threshold = 10000 (custom)
2019-07-14 00:54:57,780 INFO  server.RaftServerConfigKeys (ConfUtils.java:logGet(43)) - raft.server.log.statemachine.data.caching.enabled = true (custom)
2019-07-14 00:54:57,781 INFO  server.RaftServerConfigKeys (ConfUtils.java:logGet(43)) - raft.server.retrycache.expirytime = 600000ms (custom)
2019-07-14 00:54:57,781 INFO  segmented.SegmentedRaftLogWorker (SegmentedRaftLogWorker.java:lambda$new$0(132)) - 653fec2b-828f-462f-83ef-0fe963c2c3fc-SegmentedRaftLogWorker:Storage Directory /tmp/workdir/hadoop-ozone/integration-test/target/test-dir/MiniOzoneClusterImpl-987f3e30-4d2a-49e4-9ba3-798e60b5477b/datanode-2/data/ratis/a28aa6bd-1f6f-441e-898d-25953be85dcf: flushIndex: setUnconditionally 0 -> -1
2019-07-14 00:54:57,781 INFO  impl.RaftServerImpl (RaftServerImpl.java:start(180)) - f7292ad1-a410-437d-b51d-24e6c6cb657b: start group-25953BE85DCF
2019-07-14 00:54:57,781 INFO  impl.RaftServerImpl (RaftServerImpl.java:setRole(171)) - f7292ad1-a410-437d-b51d-24e6c6cb657b:group-25953BE85DCF changes role from null to FOLLOWER at term 0 for startAsFollower
2019-07-14 00:54:57,781 INFO  server.RaftServerConfigKeys (ConfUtils.java:logGet(43)) - raft.server.snapshot.auto.trigger.enabled = true (custom)
2019-07-14 00:54:57,781 INFO  server.RaftServerConfigKeys (ConfUtils.java:logGet(43)) - raft.server.snapshot.auto.trigger.threshold = 10000 (custom)
2019-07-14 00:54:57,781 INFO  impl.RoleInfo (RoleInfo.java:updateAndGet(143)) - f7292ad1-a410-437d-b51d-24e6c6cb657b: start FollowerState
2019-07-14 00:54:57,782 INFO  server.RaftServerConfigKeys (ConfUtils.java:logGet(43)) - raft.server.retrycache.expirytime = 600000ms (custom)
2019-07-14 00:54:57,782 INFO  impl.RaftServerImpl (RaftServerImpl.java:start(180)) - 653fec2b-828f-462f-83ef-0fe963c2c3fc: start group-25953BE85DCF
2019-07-14 00:54:57,782 INFO  impl.RaftServerImpl (RaftServerImpl.java:setRole(171)) - 653fec2b-828f-462f-83ef-0fe963c2c3fc:group-25953BE85DCF changes role from null to FOLLOWER at term 0 for startAsFollower
2019-07-14 00:54:57,782 INFO  util.JmxRegister (JmxRegister.java:tryRegister(44)) - Successfully registered JMX Bean with object name Ratis:service=RaftServer,group=group-25953BE85DCF,id=f7292ad1-a410-437d-b51d-24e6c6cb657b
2019-07-14 00:54:57,784 INFO  impl.RoleInfo (RoleInfo.java:updateAndGet(143)) - 653fec2b-828f-462f-83ef-0fe963c2c3fc: start FollowerState
2019-07-14 00:54:57,785 INFO  util.JmxRegister (JmxRegister.java:tryRegister(44)) - Successfully registered JMX Bean with object name Ratis:service=RaftServer,group=group-25953BE85DCF,id=653fec2b-828f-462f-83ef-0fe963c2c3fc
2019-07-14 00:54:57,805 INFO  pipeline.PipelineStateManager (PipelineStateManager.java:addPipeline(56)) - Created pipeline Pipeline[ Id: a28aa6bd-1f6f-441e-898d-25953be85dcf, Nodes: 653fec2b-828f-462f-83ef-0fe963c2c3fc{ip: 192.168.157.230, host: trunk-nightly-sxkq5-3320257302, networkLocation: /default-rack, certSerialId: null}654df1de-c902-4012-a748-a827ca476937{ip: 192.168.157.230, host: trunk-nightly-sxkq5-3320257302, networkLocation: /default-rack, certSerialId: null}f7292ad1-a410-437d-b51d-24e6c6cb657b{ip: 192.168.157.230, host: trunk-nightly-sxkq5-3320257302, networkLocation: /default-rack, certSerialId: null}, Type:RATIS, Factor:THREE, State:OPEN]
2019-07-14 00:54:57,939 INFO  ozone.MiniOzoneClusterImpl (MiniOzoneClusterImpl.java:lambda$waitForClusterToBeReady$0(142)) - Cluster is ready. Got 7 of 7 DN Heartbeats.
2019-07-14 00:54:58,272 INFO  rpc.RpcClient (RpcClient.java:createVolume(287)) - Creating Volume: watchforcommithandlingtest, with jenkins1000 as owner.
2019-07-14 00:54:58,328 INFO  rpc.RpcClient (RpcClient.java:createBucket(424)) - Creating Bucket: watchforcommithandlingtest/watchforcommithandlingtest, with Versioning false and Storage Type set to DISK and Encryption set to false 
2019-07-14 00:54:58,348 INFO  ozone.MiniOzoneClusterImpl (MiniOzoneClusterImpl.java:getStorageContainerLocationClient(241)) - Creating StorageContainerLocationProtocol RPC client with address /0.0.0.0:44838
2019-07-14 00:54:58,596 INFO  client.GrpcClientProtocolClient (GrpcClientProtocolClient.java:onNext(255)) - client-A0DBFFAAA468->653fec2b-828f-462f-83ef-0fe963c2c3fc: receive RaftClientReply:client-A0DBFFAAA468->653fec2b-828f-462f-83ef-0fe963c2c3fc@group-25953BE85DCF, cid=13, FAILED org.apache.ratis.protocol.NotLeaderException: Server 653fec2b-828f-462f-83ef-0fe963c2c3fc is not the leader (null). Request must be sent to leader., logIndex=0, commits[653fec2b-828f-462f-83ef-0fe963c2c3fc:c-1]
2019-07-14 00:54:58,750 INFO  container.ReplicationManager (ReplicationManager.java:start(155)) - Starting Replication Monitor Thread.
2019-07-14 00:54:58,754 INFO  container.ReplicationManager (ReplicationManager.java:run(207)) - Replication Monitor Thread took 4 milliseconds for processing 1 containers.
2019-07-14 00:54:59,646 INFO  client.GrpcClientProtocolClient (GrpcClientProtocolClient.java:onNext(255)) - client-A0DBFFAAA468->654df1de-c902-4012-a748-a827ca476937: receive RaftClientReply:client-A0DBFFAAA468->654df1de-c902-4012-a748-a827ca476937@group-25953BE85DCF, cid=13, FAILED org.apache.ratis.protocol.NotLeaderException: Server 654df1de-c902-4012-a748-a827ca476937 is not the leader (null). Request must be sent to leader., logIndex=0, commits[654df1de-c902-4012-a748-a827ca476937:c-1]
2019-07-14 00:55:00,674 INFO  client.GrpcClientProtocolClient (GrpcClientProtocolClient.java:onNext(255)) - client-A0DBFFAAA468->653fec2b-828f-462f-83ef-0fe963c2c3fc: receive RaftClientReply:client-A0DBFFAAA468->653fec2b-828f-462f-83ef-0fe963c2c3fc@group-25953BE85DCF, cid=13, FAILED org.apache.ratis.protocol.NotLeaderException: Server 653fec2b-828f-462f-83ef-0fe963c2c3fc is not the leader (null). Request must be sent to leader., logIndex=0, commits[653fec2b-828f-462f-83ef-0fe963c2c3fc:c-1]
2019-07-14 00:55:01,701 INFO  client.GrpcClientProtocolClient (GrpcClientProtocolClient.java:onNext(255)) - client-A0DBFFAAA468->f7292ad1-a410-437d-b51d-24e6c6cb657b: receive RaftClientReply:client-A0DBFFAAA468->f7292ad1-a410-437d-b51d-24e6c6cb657b@group-25953BE85DCF, cid=13, FAILED org.apache.ratis.protocol.NotLeaderException: Server f7292ad1-a410-437d-b51d-24e6c6cb657b is not the leader (null). Request must be sent to leader., logIndex=0, commits[f7292ad1-a410-437d-b51d-24e6c6cb657b:c-1]
2019-07-14 00:55:02,088 INFO  impl.FollowerState (FollowerState.java:run(106)) - 025db33a-bd67-45c6-be5e-3139845b0895:group-CCF1FB83CA0A changes to CANDIDATE, lastRpcTime:5183, electionTimeout:5182ms
2019-07-14 00:55:02,088 INFO  impl.RoleInfo (RoleInfo.java:shutdownFollowerState(121)) - 025db33a-bd67-45c6-be5e-3139845b0895: shutdown FollowerState
2019-07-14 00:55:02,088 INFO  impl.RaftServerImpl (RaftServerImpl.java:setRole(171)) - 025db33a-bd67-45c6-be5e-3139845b0895:group-CCF1FB83CA0A changes role from FOLLOWER to CANDIDATE at term 0 for changeToCandidate
2019-07-14 00:55:02,096 INFO  impl.RoleInfo (RoleInfo.java:updateAndGet(143)) - 025db33a-bd67-45c6-be5e-3139845b0895: start LeaderElection
2019-07-14 00:55:02,118 INFO  impl.LeaderElection (LeaderElection.java:askForVotes(181)) - 025db33a-bd67-45c6-be5e-3139845b0895:group-CCF1FB83CA0A:LeaderElection1: begin an election at term 1 for -1: [025db33a-bd67-45c6-be5e-3139845b0895:192.168.157.230:36356], old=null
2019-07-14 00:55:02,120 INFO  impl.RoleInfo (RoleInfo.java:shutdownLeaderElection(134)) - 025db33a-bd67-45c6-be5e-3139845b0895: shutdown LeaderElection
2019-07-14 00:55:02,121 INFO  impl.RaftServerImpl (RaftServerImpl.java:setRole(171)) - 025db33a-bd67-45c6-be5e-3139845b0895:group-CCF1FB83CA0A changes role from CANDIDATE to LEADER at term 1 for changeToLeader
2019-07-14 00:55:02,121 INFO  impl.RaftServerImpl (ServerState.java:setLeader(263)) - 025db33a-bd67-45c6-be5e-3139845b0895:group-CCF1FB83CA0A change Leader from null to 025db33a-bd67-45c6-be5e-3139845b0895 at term 1 for becomeLeader, leader elected after 5300ms
2019-07-14 00:55:02,131 INFO  server.RaftServerConfigKeys (ConfUtils.java:logGet(43)) - raft.server.staging.catchup.gap = 1000 (default)
2019-07-14 00:55:02,131 INFO  server.RaftServerConfigKeys (ConfUtils.java:logGet(43)) - raft.server.rpc.sleep.time = 25ms (default)
2019-07-14 00:55:02,135 INFO  server.RaftServerConfigKeys (ConfUtils.java:logGet(43)) - raft.server.write.element-limit = 4096 (default)
2019-07-14 00:55:02,138 INFO  server.RaftServerConfigKeys (ConfUtils.java:logGet(43)) - raft.server.watch.timeout = 10s (default)
2019-07-14 00:55:02,138 INFO  server.RaftServerConfigKeys (ConfUtils.java:logGet(43)) - raft.server.watch.timeout.denomination = 1s (default)
2019-07-14 00:55:02,139 INFO  server.RaftServerConfigKeys (ConfUtils.java:logGet(43)) - raft.server.watch.element-limit = 65536 (default)
2019-07-14 00:55:02,150 INFO  impl.RoleInfo (RoleInfo.java:updateAndGet(143)) - 025db33a-bd67-45c6-be5e-3139845b0895: start LeaderState
2019-07-14 00:55:02,178 INFO  segmented.SegmentedRaftLogWorker (SegmentedRaftLogWorker.java:startLogSegment(380)) - 025db33a-bd67-45c6-be5e-3139845b0895-SegmentedRaftLogWorker:Storage Directory /tmp/workdir/hadoop-ozone/integration-test/target/test-dir/MiniOzoneClusterImpl-987f3e30-4d2a-49e4-9ba3-798e60b5477b/datanode-0/data/ratis/ae1b5317-2e9e-4aac-8887-ccf1fb83ca0a: Starting segment from index:0
2019-07-14 00:55:02,188 INFO  impl.RaftServerImpl (ServerState.java:setRaftConf(361)) - 025db33a-bd67-45c6-be5e-3139845b0895:group-CCF1FB83CA0A set configuration 0: [025db33a-bd67-45c6-be5e-3139845b0895:192.168.157.230:36356], old=null at 0
2019-07-14 00:55:02,224 INFO  impl.FollowerState (FollowerState.java:run(106)) - 4c018b83-5bd7-4258-92c8-f095042238e0:group-FBEB5535A7D9 changes to CANDIDATE, lastRpcTime:5088, electionTimeout:5086ms
2019-07-14 00:55:02,226 INFO  impl.RoleInfo (RoleInfo.java:shutdownFollowerState(121)) - 4c018b83-5bd7-4258-92c8-f095042238e0: shutdown FollowerState
2019-07-14 00:55:02,226 INFO  impl.RaftServerImpl (RaftServerImpl.java:setRole(171)) - 4c018b83-5bd7-4258-92c8-f095042238e0:group-FBEB5535A7D9 changes role from FOLLOWER to CANDIDATE at term 0 for changeToCandidate
2019-07-14 00:55:02,226 INFO  impl.RoleInfo (RoleInfo.java:updateAndGet(143)) - 4c018b83-5bd7-4258-92c8-f095042238e0: start LeaderElection
2019-07-14 00:55:02,247 INFO  impl.LeaderElection (LeaderElection.java:askForVotes(181)) - 4c018b83-5bd7-4258-92c8-f095042238e0:group-FBEB5535A7D9:LeaderElection2: begin an election at term 1 for -1: [4c018b83-5bd7-4258-92c8-f095042238e0:192.168.157.230:32858], old=null
2019-07-14 00:55:02,249 INFO  impl.RoleInfo (RoleInfo.java:shutdownLeaderElection(134)) - 4c018b83-5bd7-4258-92c8-f095042238e0: shutdown LeaderElection
2019-07-14 00:55:02,249 INFO  impl.RaftServerImpl (RaftServerImpl.java:setRole(171)) - 4c018b83-5bd7-4258-92c8-f095042238e0:group-FBEB5535A7D9 changes role from CANDIDATE to LEADER at term 1 for changeToLeader
2019-07-14 00:55:02,249 INFO  impl.RaftServerImpl (ServerState.java:setLeader(263)) - 4c018b83-5bd7-4258-92c8-f095042238e0:group-FBEB5535A7D9 change Leader from null to 4c018b83-5bd7-4258-92c8-f095042238e0 at term 1 for becomeLeader, leader elected after 5120ms
2019-07-14 00:55:02,251 INFO  server.RaftServerConfigKeys (ConfUtils.java:logGet(43)) - raft.server.staging.catchup.gap = 1000 (default)
2019-07-14 00:55:02,251 INFO  server.RaftServerConfigKeys (ConfUtils.java:logGet(43)) - raft.server.rpc.sleep.time = 25ms (default)
2019-07-14 00:55:02,252 INFO  server.RaftServerConfigKeys (ConfUtils.java:logGet(43)) - raft.server.write.element-limit = 4096 (default)
2019-07-14 00:55:02,252 INFO  server.RaftServerConfigKeys (ConfUtils.java:logGet(43)) - raft.server.watch.timeout = 10s (default)
2019-07-14 00:55:02,254 INFO  server.RaftServerConfigKeys (ConfUtils.java:logGet(43)) - raft.server.watch.timeout.denomination = 1s (default)
2019-07-14 00:55:02,254 INFO  server.RaftServerConfigKeys (ConfUtils.java:logGet(43)) - raft.server.watch.element-limit = 65536 (default)
2019-07-14 00:55:02,255 INFO  impl.RoleInfo (RoleInfo.java:updateAndGet(143)) - 4c018b83-5bd7-4258-92c8-f095042238e0: start LeaderState
2019-07-14 00:55:02,255 INFO  segmented.SegmentedRaftLogWorker (SegmentedRaftLogWorker.java:startLogSegment(380)) - 4c018b83-5bd7-4258-92c8-f095042238e0-SegmentedRaftLogWorker:Storage Directory /tmp/workdir/hadoop-ozone/integration-test/target/test-dir/MiniOzoneClusterImpl-987f3e30-4d2a-49e4-9ba3-798e60b5477b/datanode-5/data/ratis/9efa58cc-b4f0-4155-abac-fbeb5535a7d9: Starting segment from index:0
2019-07-14 00:55:02,256 INFO  impl.RaftServerImpl (ServerState.java:setRaftConf(361)) - 4c018b83-5bd7-4258-92c8-f095042238e0:group-FBEB5535A7D9 set configuration 0: [4c018b83-5bd7-4258-92c8-f095042238e0:192.168.157.230:32858], old=null at 0
2019-07-14 00:55:02,278 INFO  impl.FollowerState (FollowerState.java:run(106)) - 783b8b05-b1d3-492c-ad9c-c9c629e37620:group-B76AADD24D58 changes to CANDIDATE, lastRpcTime:5040, electionTimeout:5040ms
2019-07-14 00:55:02,278 INFO  impl.RoleInfo (RoleInfo.java:shutdownFollowerState(121)) - 783b8b05-b1d3-492c-ad9c-c9c629e37620: shutdown FollowerState
2019-07-14 00:55:02,278 INFO  impl.RaftServerImpl (RaftServerImpl.java:setRole(171)) - 783b8b05-b1d3-492c-ad9c-c9c629e37620:group-B76AADD24D58 changes role from FOLLOWER to CANDIDATE at term 0 for changeToCandidate
2019-07-14 00:55:02,278 INFO  impl.RoleInfo (RoleInfo.java:updateAndGet(143)) - 783b8b05-b1d3-492c-ad9c-c9c629e37620: start LeaderElection
2019-07-14 00:55:02,296 INFO  impl.LeaderElection (LeaderElection.java:askForVotes(181)) - 783b8b05-b1d3-492c-ad9c-c9c629e37620:group-B76AADD24D58:LeaderElection3: begin an election at term 1 for -1: [783b8b05-b1d3-492c-ad9c-c9c629e37620:192.168.157.230:38030], old=null
2019-07-14 00:55:02,296 INFO  impl.RoleInfo (RoleInfo.java:shutdownLeaderElection(134)) - 783b8b05-b1d3-492c-ad9c-c9c629e37620: shutdown LeaderElection
2019-07-14 00:55:02,296 INFO  impl.RaftServerImpl (RaftServerImpl.java:setRole(171)) - 783b8b05-b1d3-492c-ad9c-c9c629e37620:group-B76AADD24D58 changes role from CANDIDATE to LEADER at term 1 for changeToLeader
2019-07-14 00:55:02,296 INFO  impl.RaftServerImpl (ServerState.java:setLeader(263)) - 783b8b05-b1d3-492c-ad9c-c9c629e37620:group-B76AADD24D58 change Leader from null to 783b8b05-b1d3-492c-ad9c-c9c629e37620 at term 1 for becomeLeader, leader elected after 5065ms
2019-07-14 00:55:02,298 INFO  server.RaftServerConfigKeys (ConfUtils.java:logGet(43)) - raft.server.staging.catchup.gap = 1000 (default)
2019-07-14 00:55:02,299 INFO  server.RaftServerConfigKeys (ConfUtils.java:logGet(43)) - raft.server.rpc.sleep.time = 25ms (default)
2019-07-14 00:55:02,299 INFO  server.RaftServerConfigKeys (ConfUtils.java:logGet(43)) - raft.server.write.element-limit = 4096 (default)
2019-07-14 00:55:02,299 INFO  server.RaftServerConfigKeys (ConfUtils.java:logGet(43)) - raft.server.watch.timeout = 10s (default)
2019-07-14 00:55:02,299 INFO  server.RaftServerConfigKeys (ConfUtils.java:logGet(43)) - raft.server.watch.timeout.denomination = 1s (default)
2019-07-14 00:55:02,299 INFO  server.RaftServerConfigKeys (ConfUtils.java:logGet(43)) - raft.server.watch.element-limit = 65536 (default)
2019-07-14 00:55:02,300 INFO  impl.RoleInfo (RoleInfo.java:updateAndGet(143)) - 783b8b05-b1d3-492c-ad9c-c9c629e37620: start LeaderState
2019-07-14 00:55:02,300 INFO  segmented.SegmentedRaftLogWorker (SegmentedRaftLogWorker.java:startLogSegment(380)) - 783b8b05-b1d3-492c-ad9c-c9c629e37620-SegmentedRaftLogWorker:Storage Directory /tmp/workdir/hadoop-ozone/integration-test/target/test-dir/MiniOzoneClusterImpl-987f3e30-4d2a-49e4-9ba3-798e60b5477b/datanode-1/data/ratis/a00e3eeb-3c2b-43d5-8f7a-b76aadd24d58: Starting segment from index:0
2019-07-14 00:55:02,301 INFO  impl.RaftServerImpl (ServerState.java:setRaftConf(361)) - 783b8b05-b1d3-492c-ad9c-c9c629e37620:group-B76AADD24D58 set configuration 0: [783b8b05-b1d3-492c-ad9c-c9c629e37620:192.168.157.230:38030], old=null at 0
2019-07-14 00:55:02,397 INFO  segmented.SegmentedRaftLogWorker (SegmentedRaftLogWorker.java:execute(569)) - 025db33a-bd67-45c6-be5e-3139845b0895-SegmentedRaftLogWorker:Storage Directory /tmp/workdir/hadoop-ozone/integration-test/target/test-dir/MiniOzoneClusterImpl-987f3e30-4d2a-49e4-9ba3-798e60b5477b/datanode-0/data/ratis/ae1b5317-2e9e-4aac-8887-ccf1fb83ca0a: created new log segment /tmp/workdir/hadoop-ozone/integration-test/target/test-dir/MiniOzoneClusterImpl-987f3e30-4d2a-49e4-9ba3-798e60b5477b/datanode-0/data/ratis/ae1b5317-2e9e-4aac-8887-ccf1fb83ca0a/current/log_inprogress_0
2019-07-14 00:55:02,397 INFO  segmented.SegmentedRaftLogWorker (SegmentedRaftLogWorker.java:execute(569)) - 783b8b05-b1d3-492c-ad9c-c9c629e37620-SegmentedRaftLogWorker:Storage Directory /tmp/workdir/hadoop-ozone/integration-test/target/test-dir/MiniOzoneClusterImpl-987f3e30-4d2a-49e4-9ba3-798e60b5477b/datanode-1/data/ratis/a00e3eeb-3c2b-43d5-8f7a-b76aadd24d58: created new log segment /tmp/workdir/hadoop-ozone/integration-test/target/test-dir/MiniOzoneClusterImpl-987f3e30-4d2a-49e4-9ba3-798e60b5477b/datanode-1/data/ratis/a00e3eeb-3c2b-43d5-8f7a-b76aadd24d58/current/log_inprogress_0
2019-07-14 00:55:02,397 INFO  segmented.SegmentedRaftLogWorker (SegmentedRaftLogWorker.java:execute(569)) - 4c018b83-5bd7-4258-92c8-f095042238e0-SegmentedRaftLogWorker:Storage Directory /tmp/workdir/hadoop-ozone/integration-test/target/test-dir/MiniOzoneClusterImpl-987f3e30-4d2a-49e4-9ba3-798e60b5477b/datanode-5/data/ratis/9efa58cc-b4f0-4155-abac-fbeb5535a7d9: created new log segment /tmp/workdir/hadoop-ozone/integration-test/target/test-dir/MiniOzoneClusterImpl-987f3e30-4d2a-49e4-9ba3-798e60b5477b/datanode-5/data/ratis/9efa58cc-b4f0-4155-abac-fbeb5535a7d9/current/log_inprogress_0
2019-07-14 00:55:02,413 INFO  impl.FollowerState (FollowerState.java:run(106)) - 653fec2b-828f-462f-83ef-0fe963c2c3fc:group-032386DF11BA changes to CANDIDATE, lastRpcTime:5017, electionTimeout:5017ms
2019-07-14 00:55:02,415 INFO  impl.RoleInfo (RoleInfo.java:shutdownFollowerState(121)) - 653fec2b-828f-462f-83ef-0fe963c2c3fc: shutdown FollowerState
2019-07-14 00:55:02,415 INFO  impl.RaftServerImpl (RaftServerImpl.java:setRole(171)) - 653fec2b-828f-462f-83ef-0fe963c2c3fc:group-032386DF11BA changes role from FOLLOWER to CANDIDATE at term 0 for changeToCandidate
2019-07-14 00:55:02,415 INFO  impl.RoleInfo (RoleInfo.java:updateAndGet(143)) - 653fec2b-828f-462f-83ef-0fe963c2c3fc: start LeaderElection
2019-07-14 00:55:02,434 INFO  impl.LeaderElection (LeaderElection.java:askForVotes(181)) - 653fec2b-828f-462f-83ef-0fe963c2c3fc:group-032386DF11BA:LeaderElection4: begin an election at term 1 for -1: [653fec2b-828f-462f-83ef-0fe963c2c3fc:192.168.157.230:35736], old=null
2019-07-14 00:55:02,436 INFO  impl.RoleInfo (RoleInfo.java:shutdownLeaderElection(134)) - 653fec2b-828f-462f-83ef-0fe963c2c3fc: shutdown LeaderElection
2019-07-14 00:55:02,436 INFO  impl.RaftServerImpl (RaftServerImpl.java:setRole(171)) - 653fec2b-828f-462f-83ef-0fe963c2c3fc:group-032386DF11BA changes role from CANDIDATE to LEADER at term 1 for changeToLeader
2019-07-14 00:55:02,436 INFO  impl.RaftServerImpl (ServerState.java:setLeader(263)) - 653fec2b-828f-462f-83ef-0fe963c2c3fc:group-032386DF11BA change Leader from null to 653fec2b-828f-462f-83ef-0fe963c2c3fc at term 1 for becomeLeader, leader elected after 5045ms
2019-07-14 00:55:02,438 INFO  server.RaftServerConfigKeys (ConfUtils.java:logGet(43)) - raft.server.staging.catchup.gap = 1000 (default)
2019-07-14 00:55:02,438 INFO  server.RaftServerConfigKeys (ConfUtils.java:logGet(43)) - raft.server.rpc.sleep.time = 25ms (default)
2019-07-14 00:55:02,438 INFO  server.RaftServerConfigKeys (ConfUtils.java:logGet(43)) - raft.server.write.element-limit = 4096 (default)
2019-07-14 00:55:02,438 INFO  server.RaftServerConfigKeys (ConfUtils.java:logGet(43)) - raft.server.watch.timeout = 10s (default)
2019-07-14 00:55:02,438 INFO  server.RaftServerConfigKeys (ConfUtils.java:logGet(43)) - raft.server.watch.timeout.denomination = 1s (default)
2019-07-14 00:55:02,438 INFO  server.RaftServerConfigKeys (ConfUtils.java:logGet(43)) - raft.server.watch.element-limit = 65536 (default)
2019-07-14 00:55:02,438 INFO  impl.RoleInfo (RoleInfo.java:updateAndGet(143)) - 653fec2b-828f-462f-83ef-0fe963c2c3fc: start LeaderState
2019-07-14 00:55:02,439 INFO  segmented.SegmentedRaftLogWorker (SegmentedRaftLogWorker.java:startLogSegment(380)) - 653fec2b-828f-462f-83ef-0fe963c2c3fc-SegmentedRaftLogWorker:Storage Directory /tmp/workdir/hadoop-ozone/integration-test/target/test-dir/MiniOzoneClusterImpl-987f3e30-4d2a-49e4-9ba3-798e60b5477b/datanode-2/data/ratis/503c2597-dc85-4683-9190-032386df11ba: Starting segment from index:0
2019-07-14 00:55:02,439 INFO  impl.RaftServerImpl (ServerState.java:setRaftConf(361)) - 653fec2b-828f-462f-83ef-0fe963c2c3fc:group-032386DF11BA set configuration 0: [653fec2b-828f-462f-83ef-0fe963c2c3fc:192.168.157.230:35736], old=null at 0
2019-07-14 00:55:02,469 INFO  segmented.SegmentedRaftLogWorker (SegmentedRaftLogWorker.java:execute(569)) - 653fec2b-828f-462f-83ef-0fe963c2c3fc-SegmentedRaftLogWorker:Storage Directory /tmp/workdir/hadoop-ozone/integration-test/target/test-dir/MiniOzoneClusterImpl-987f3e30-4d2a-49e4-9ba3-798e60b5477b/datanode-2/data/ratis/503c2597-dc85-4683-9190-032386df11ba: created new log segment /tmp/workdir/hadoop-ozone/integration-test/target/test-dir/MiniOzoneClusterImpl-987f3e30-4d2a-49e4-9ba3-798e60b5477b/datanode-2/data/ratis/503c2597-dc85-4683-9190-032386df11ba/current/log_inprogress_0
2019-07-14 00:55:02,473 INFO  impl.FollowerState (FollowerState.java:run(106)) - cee36198-446d-47bf-8813-9cfec4572e78:group-E2B1347DBCCE changes to CANDIDATE, lastRpcTime:5155, electionTimeout:5155ms
2019-07-14 00:55:02,473 INFO  impl.RoleInfo (RoleInfo.java:shutdownFollowerState(121)) - cee36198-446d-47bf-8813-9cfec4572e78: shutdown FollowerState
2019-07-14 00:55:02,473 INFO  impl.RaftServerImpl (RaftServerImpl.java:setRole(171)) - cee36198-446d-47bf-8813-9cfec4572e78:group-E2B1347DBCCE changes role from FOLLOWER to CANDIDATE at term 0 for changeToCandidate
2019-07-14 00:55:02,474 INFO  impl.RoleInfo (RoleInfo.java:updateAndGet(143)) - cee36198-446d-47bf-8813-9cfec4572e78: start LeaderElection
2019-07-14 00:55:02,483 INFO  impl.LeaderElection (LeaderElection.java:askForVotes(181)) - cee36198-446d-47bf-8813-9cfec4572e78:group-E2B1347DBCCE:LeaderElection5: begin an election at term 1 for -1: [cee36198-446d-47bf-8813-9cfec4572e78:192.168.157.230:35741], old=null
2019-07-14 00:55:02,484 INFO  impl.RoleInfo (RoleInfo.java:shutdownLeaderElection(134)) - cee36198-446d-47bf-8813-9cfec4572e78: shutdown LeaderElection
2019-07-14 00:55:02,485 INFO  impl.RaftServerImpl (RaftServerImpl.java:setRole(171)) - cee36198-446d-47bf-8813-9cfec4572e78:group-E2B1347DBCCE changes role from CANDIDATE to LEADER at term 1 for changeToLeader
2019-07-14 00:55:02,485 INFO  impl.RaftServerImpl (ServerState.java:setLeader(263)) - cee36198-446d-47bf-8813-9cfec4572e78:group-E2B1347DBCCE change Leader from null to cee36198-446d-47bf-8813-9cfec4572e78 at term 1 for becomeLeader, leader elected after 5172ms
2019-07-14 00:55:02,487 INFO  server.RaftServerConfigKeys (ConfUtils.java:logGet(43)) - raft.server.staging.catchup.gap = 1000 (default)
2019-07-14 00:55:02,487 INFO  server.RaftServerConfigKeys (ConfUtils.java:logGet(43)) - raft.server.rpc.sleep.time = 25ms (default)
2019-07-14 00:55:02,487 INFO  server.RaftServerConfigKeys (ConfUtils.java:logGet(43)) - raft.server.write.element-limit = 4096 (default)
2019-07-14 00:55:02,487 INFO  server.RaftServerConfigKeys (ConfUtils.java:logGet(43)) - raft.server.watch.timeout = 10s (default)
2019-07-14 00:55:02,487 INFO  server.RaftServerConfigKeys (ConfUtils.java:logGet(43)) - raft.server.watch.timeout.denomination = 1s (default)
2019-07-14 00:55:02,488 INFO  server.RaftServerConfigKeys (ConfUtils.java:logGet(43)) - raft.server.watch.element-limit = 65536 (default)
2019-07-14 00:55:02,488 INFO  impl.RoleInfo (RoleInfo.java:updateAndGet(143)) - cee36198-446d-47bf-8813-9cfec4572e78: start LeaderState
2019-07-14 00:55:02,488 INFO  segmented.SegmentedRaftLogWorker (SegmentedRaftLogWorker.java:startLogSegment(380)) - cee36198-446d-47bf-8813-9cfec4572e78-SegmentedRaftLogWorker:Storage Directory /tmp/workdir/hadoop-ozone/integration-test/target/test-dir/MiniOzoneClusterImpl-987f3e30-4d2a-49e4-9ba3-798e60b5477b/datanode-3/data/ratis/e0c3d89f-ef7f-4bd3-abea-e2b1347dbcce: Starting segment from index:0
2019-07-14 00:55:02,489 INFO  impl.RaftServerImpl (ServerState.java:setRaftConf(361)) - cee36198-446d-47bf-8813-9cfec4572e78:group-E2B1347DBCCE set configuration 0: [cee36198-446d-47bf-8813-9cfec4572e78:192.168.157.230:35741], old=null at 0
2019-07-14 00:55:02,521 INFO  segmented.SegmentedRaftLogWorker (SegmentedRaftLogWorker.java:execute(569)) - cee36198-446d-47bf-8813-9cfec4572e78-SegmentedRaftLogWorker:Storage Directory /tmp/workdir/hadoop-ozone/integration-test/target/test-dir/MiniOzoneClusterImpl-987f3e30-4d2a-49e4-9ba3-798e60b5477b/datanode-3/data/ratis/e0c3d89f-ef7f-4bd3-abea-e2b1347dbcce: created new log segment /tmp/workdir/hadoop-ozone/integration-test/target/test-dir/MiniOzoneClusterImpl-987f3e30-4d2a-49e4-9ba3-798e60b5477b/datanode-3/data/ratis/e0c3d89f-ef7f-4bd3-abea-e2b1347dbcce/current/log_inprogress_0
2019-07-14 00:55:02,534 INFO  impl.FollowerState (FollowerState.java:run(106)) - 654df1de-c902-4012-a748-a827ca476937:group-C0A3C05A52C1 changes to CANDIDATE, lastRpcTime:5061, electionTimeout:5061ms
2019-07-14 00:55:02,534 INFO  impl.RoleInfo (RoleInfo.java:shutdownFollowerState(121)) - 654df1de-c902-4012-a748-a827ca476937: shutdown FollowerState
2019-07-14 00:55:02,534 INFO  impl.RaftServerImpl (RaftServerImpl.java:setRole(171)) - 654df1de-c902-4012-a748-a827ca476937:group-C0A3C05A52C1 changes role from FOLLOWER to CANDIDATE at term 0 for changeToCandidate
2019-07-14 00:55:02,535 INFO  impl.RoleInfo (RoleInfo.java:updateAndGet(143)) - 654df1de-c902-4012-a748-a827ca476937: start LeaderElection
2019-07-14 00:55:02,553 INFO  impl.LeaderElection (LeaderElection.java:askForVotes(181)) - 654df1de-c902-4012-a748-a827ca476937:group-C0A3C05A52C1:LeaderElection6: begin an election at term 1 for -1: [654df1de-c902-4012-a748-a827ca476937:192.168.157.230:40080], old=null
2019-07-14 00:55:02,561 INFO  impl.RoleInfo (RoleInfo.java:shutdownLeaderElection(134)) - 654df1de-c902-4012-a748-a827ca476937: shutdown LeaderElection
2019-07-14 00:55:02,561 INFO  impl.RaftServerImpl (RaftServerImpl.java:setRole(171)) - 654df1de-c902-4012-a748-a827ca476937:group-C0A3C05A52C1 changes role from CANDIDATE to LEADER at term 1 for changeToLeader
2019-07-14 00:55:02,561 INFO  impl.RaftServerImpl (ServerState.java:setLeader(263)) - 654df1de-c902-4012-a748-a827ca476937:group-C0A3C05A52C1 change Leader from null to 654df1de-c902-4012-a748-a827ca476937 at term 1 for becomeLeader, leader elected after 5094ms
2019-07-14 00:55:02,563 INFO  server.RaftServerConfigKeys (ConfUtils.java:logGet(43)) - raft.server.staging.catchup.gap = 1000 (default)
2019-07-14 00:55:02,563 INFO  server.RaftServerConfigKeys (ConfUtils.java:logGet(43)) - raft.server.rpc.sleep.time = 25ms (default)
2019-07-14 00:55:02,564 INFO  server.RaftServerConfigKeys (ConfUtils.java:logGet(43)) - raft.server.write.element-limit = 4096 (default)
2019-07-14 00:55:02,564 INFO  server.RaftServerConfigKeys (ConfUtils.java:logGet(43)) - raft.server.watch.timeout = 10s (default)
2019-07-14 00:55:02,564 INFO  server.RaftServerConfigKeys (ConfUtils.java:logGet(43)) - raft.server.watch.timeout.denomination = 1s (default)
2019-07-14 00:55:02,564 INFO  server.RaftServerConfigKeys (ConfUtils.java:logGet(43)) - raft.server.watch.element-limit = 65536 (default)
2019-07-14 00:55:02,564 INFO  impl.RoleInfo (RoleInfo.java:updateAndGet(143)) - 654df1de-c902-4012-a748-a827ca476937: start LeaderState
2019-07-14 00:55:02,565 INFO  segmented.SegmentedRaftLogWorker (SegmentedRaftLogWorker.java:startLogSegment(380)) - 654df1de-c902-4012-a748-a827ca476937-SegmentedRaftLogWorker:Storage Directory /tmp/workdir/hadoop-ozone/integration-test/target/test-dir/MiniOzoneClusterImpl-987f3e30-4d2a-49e4-9ba3-798e60b5477b/datanode-6/data/ratis/5f3a2fdd-50c3-4073-93e1-c0a3c05a52c1: Starting segment from index:0
2019-07-14 00:55:02,565 INFO  impl.RaftServerImpl (ServerState.java:setRaftConf(361)) - 654df1de-c902-4012-a748-a827ca476937:group-C0A3C05A52C1 set configuration 0: [654df1de-c902-4012-a748-a827ca476937:192.168.157.230:40080], old=null at 0
2019-07-14 00:55:02,598 INFO  segmented.SegmentedRaftLogWorker (SegmentedRaftLogWorker.java:execute(569)) - 654df1de-c902-4012-a748-a827ca476937-SegmentedRaftLogWorker:Storage Directory /tmp/workdir/hadoop-ozone/integration-test/target/test-dir/MiniOzoneClusterImpl-987f3e30-4d2a-49e4-9ba3-798e60b5477b/datanode-6/data/ratis/5f3a2fdd-50c3-4073-93e1-c0a3c05a52c1: created new log segment /tmp/workdir/hadoop-ozone/integration-test/target/test-dir/MiniOzoneClusterImpl-987f3e30-4d2a-49e4-9ba3-798e60b5477b/datanode-6/data/ratis/5f3a2fdd-50c3-4073-93e1-c0a3c05a52c1/current/log_inprogress_0
2019-07-14 00:55:02,722 INFO  impl.FollowerState (FollowerState.java:run(106)) - f7292ad1-a410-437d-b51d-24e6c6cb657b:group-FF02895B16B5 changes to CANDIDATE, lastRpcTime:5177, electionTimeout:5177ms
2019-07-14 00:55:02,722 INFO  impl.RoleInfo (RoleInfo.java:shutdownFollowerState(121)) - f7292ad1-a410-437d-b51d-24e6c6cb657b: shutdown FollowerState
2019-07-14 00:55:02,722 INFO  impl.RaftServerImpl (RaftServerImpl.java:setRole(171)) - f7292ad1-a410-437d-b51d-24e6c6cb657b:group-FF02895B16B5 changes role from FOLLOWER to CANDIDATE at term 0 for changeToCandidate
2019-07-14 00:55:02,723 INFO  impl.RoleInfo (RoleInfo.java:updateAndGet(143)) - f7292ad1-a410-437d-b51d-24e6c6cb657b: start LeaderElection
2019-07-14 00:55:02,731 INFO  client.GrpcClientProtocolClient (GrpcClientProtocolClient.java:onNext(255)) - client-A0DBFFAAA468->653fec2b-828f-462f-83ef-0fe963c2c3fc: receive RaftClientReply:client-A0DBFFAAA468->653fec2b-828f-462f-83ef-0fe963c2c3fc@group-25953BE85DCF, cid=13, FAILED org.apache.ratis.protocol.NotLeaderException: Server 653fec2b-828f-462f-83ef-0fe963c2c3fc is not the leader (null). Request must be sent to leader., logIndex=0, commits[653fec2b-828f-462f-83ef-0fe963c2c3fc:c-1]
2019-07-14 00:55:02,750 INFO  impl.FollowerState (FollowerState.java:run(106)) - 783b8b05-b1d3-492c-ad9c-c9c629e37620:group-96ACFF846645 changes to CANDIDATE, lastRpcTime:5080, electionTimeout:5080ms
2019-07-14 00:55:02,750 INFO  impl.RoleInfo (RoleInfo.java:shutdownFollowerState(121)) - 783b8b05-b1d3-492c-ad9c-c9c629e37620: shutdown FollowerState
2019-07-14 00:55:02,750 INFO  impl.RaftServerImpl (RaftServerImpl.java:setRole(171)) - 783b8b05-b1d3-492c-ad9c-c9c629e37620:group-96ACFF846645 changes role from FOLLOWER to CANDIDATE at term 0 for changeToCandidate
2019-07-14 00:55:02,750 INFO  impl.RoleInfo (RoleInfo.java:updateAndGet(143)) - 783b8b05-b1d3-492c-ad9c-c9c629e37620: start LeaderElection
2019-07-14 00:55:02,757 INFO  impl.LeaderElection (LeaderElection.java:askForVotes(181)) - f7292ad1-a410-437d-b51d-24e6c6cb657b:group-FF02895B16B5:LeaderElection7: begin an election at term 1 for -1: [f7292ad1-a410-437d-b51d-24e6c6cb657b:192.168.157.230:46263], old=null
2019-07-14 00:55:02,757 INFO  impl.RoleInfo (RoleInfo.java:shutdownLeaderElection(134)) - f7292ad1-a410-437d-b51d-24e6c6cb657b: shutdown LeaderElection
2019-07-14 00:55:02,757 INFO  impl.RaftServerImpl (RaftServerImpl.java:setRole(171)) - f7292ad1-a410-437d-b51d-24e6c6cb657b:group-FF02895B16B5 changes role from CANDIDATE to LEADER at term 1 for changeToLeader
2019-07-14 00:55:02,757 INFO  impl.RaftServerImpl (ServerState.java:setLeader(263)) - f7292ad1-a410-437d-b51d-24e6c6cb657b:group-FF02895B16B5 change Leader from null to f7292ad1-a410-437d-b51d-24e6c6cb657b at term 1 for becomeLeader, leader elected after 5218ms
2019-07-14 00:55:02,759 INFO  server.RaftServerConfigKeys (ConfUtils.java:logGet(43)) - raft.server.staging.catchup.gap = 1000 (default)
2019-07-14 00:55:02,760 INFO  server.RaftServerConfigKeys (ConfUtils.java:logGet(43)) - raft.server.rpc.sleep.time = 25ms (default)
2019-07-14 00:55:02,765 INFO  impl.FollowerState (FollowerState.java:run(106)) - 4c018b83-5bd7-4258-92c8-f095042238e0:group-96ACFF846645 changes to CANDIDATE, lastRpcTime:5105, electionTimeout:5104ms
2019-07-14 00:55:02,765 WARN  io.KeyOutputStream (KeyOutputStream.java:handleException(276)) - Encountered exception java.io.IOException: Unexpected Storage Container Exception: java.util.concurrent.CompletionException: java.util.concurrent.CompletionException: org.apache.ratis.protocol.RaftRetryFailureException: Failed RaftClientRequest:client-A0DBFFAAA468->653fec2b-828f-462f-83ef-0fe963c2c3fc@group-25953BE85DCF, cid=13, seq=1*, RW, org.apache.hadoop.hdds.scm.XceiverClientRatis$$Lambda$309/674659751@240051b4 for 5 attempts with RetryLimited(maxAttempts=5, sleepTime=1000ms) on the pipeline Pipeline[ Id: a28aa6bd-1f6f-441e-898d-25953be85dcf, Nodes: 653fec2b-828f-462f-83ef-0fe963c2c3fc{ip: 192.168.157.230, host: trunk-nightly-sxkq5-3320257302, networkLocation: /default-rack, certSerialId: null}654df1de-c902-4012-a748-a827ca476937{ip: 192.168.157.230, host: trunk-nightly-sxkq5-3320257302, networkLocation: /default-rack, certSerialId: null}f7292ad1-a410-437d-b51d-24e6c6cb657b{ip: 192.168.157.230, host: trunk-nightly-sxkq5-3320257302, networkLocation: /default-rack, certSerialId: null}, Type:RATIS, Factor:THREE, State:OPEN]. The last committed block length is 0, uncommitted data length is 400 retry count 0
2019-07-14 00:55:02,765 INFO  impl.RoleInfo (RoleInfo.java:shutdownFollowerState(121)) - 4c018b83-5bd7-4258-92c8-f095042238e0: shutdown FollowerState
2019-07-14 00:55:02,765 INFO  server.RaftServerConfigKeys (ConfUtils.java:logGet(43)) - raft.server.write.element-limit = 4096 (default)
2019-07-14 00:55:02,766 INFO  impl.RaftServerImpl (RaftServerImpl.java:setRole(171)) - 4c018b83-5bd7-4258-92c8-f095042238e0:group-96ACFF846645 changes role from FOLLOWER to CANDIDATE at term 0 for changeToCandidate
2019-07-14 00:55:02,768 INFO  server.RaftServerConfigKeys (ConfUtils.java:logGet(43)) - raft.server.watch.timeout = 10s (default)
2019-07-14 00:55:02,768 INFO  impl.RoleInfo (RoleInfo.java:updateAndGet(143)) - 4c018b83-5bd7-4258-92c8-f095042238e0: start LeaderElection
2019-07-14 00:55:02,768 INFO  server.RaftServerConfigKeys (ConfUtils.java:logGet(43)) - raft.server.watch.timeout.denomination = 1s (default)
2019-07-14 00:55:02,768 INFO  server.RaftServerConfigKeys (ConfUtils.java:logGet(43)) - raft.server.watch.element-limit = 65536 (default)
2019-07-14 00:55:02,774 INFO  impl.LeaderElection (LeaderElection.java:askForVotes(181)) - 783b8b05-b1d3-492c-ad9c-c9c629e37620:group-96ACFF846645:LeaderElection8: begin an election at term 1 for -1: [783b8b05-b1d3-492c-ad9c-c9c629e37620:192.168.157.230:38030, cee36198-446d-47bf-8813-9cfec4572e78:192.168.157.230:35741, 4c018b83-5bd7-4258-92c8-f095042238e0:192.168.157.230:32858], old=null
2019-07-14 00:55:02,774 INFO  impl.RoleInfo (RoleInfo.java:updateAndGet(143)) - f7292ad1-a410-437d-b51d-24e6c6cb657b: start LeaderState
2019-07-14 00:55:02,775 INFO  segmented.SegmentedRaftLogWorker (SegmentedRaftLogWorker.java:startLogSegment(380)) - f7292ad1-a410-437d-b51d-24e6c6cb657b-SegmentedRaftLogWorker:Storage Directory /tmp/workdir/hadoop-ozone/integration-test/target/test-dir/MiniOzoneClusterImpl-987f3e30-4d2a-49e4-9ba3-798e60b5477b/datanode-4/data/ratis/9d0ff98f-0b58-4373-b002-ff02895b16b5: Starting segment from index:0
2019-07-14 00:55:02,775 INFO  impl.RaftServerImpl (ServerState.java:setRaftConf(361)) - f7292ad1-a410-437d-b51d-24e6c6cb657b:group-FF02895B16B5 set configuration 0: [f7292ad1-a410-437d-b51d-24e6c6cb657b:192.168.157.230:46263], old=null at 0
2019-07-14 00:55:02,796 INFO  impl.LeaderElection (LeaderElection.java:askForVotes(181)) - 4c018b83-5bd7-4258-92c8-f095042238e0:group-96ACFF846645:LeaderElection9: begin an election at term 1 for -1: [783b8b05-b1d3-492c-ad9c-c9c629e37620:192.168.157.230:38030, cee36198-446d-47bf-8813-9cfec4572e78:192.168.157.230:35741, 4c018b83-5bd7-4258-92c8-f095042238e0:192.168.157.230:32858], old=null
2019-07-14 00:55:02,809 INFO  segmented.SegmentedRaftLogWorker (SegmentedRaftLogWorker.java:execute(569)) - f7292ad1-a410-437d-b51d-24e6c6cb657b-SegmentedRaftLogWorker:Storage Directory /tmp/workdir/hadoop-ozone/integration-test/target/test-dir/MiniOzoneClusterImpl-987f3e30-4d2a-49e4-9ba3-798e60b5477b/datanode-4/data/ratis/9d0ff98f-0b58-4373-b002-ff02895b16b5: created new log segment /tmp/workdir/hadoop-ozone/integration-test/target/test-dir/MiniOzoneClusterImpl-987f3e30-4d2a-49e4-9ba3-798e60b5477b/datanode-4/data/ratis/9d0ff98f-0b58-4373-b002-ff02895b16b5/current/log_inprogress_0
2019-07-14 00:55:02,814 INFO  impl.FollowerState (FollowerState.java:run(106)) - 654df1de-c902-4012-a748-a827ca476937:group-25953BE85DCF changes to CANDIDATE, lastRpcTime:5034, electionTimeout:5033ms
2019-07-14 00:55:02,814 INFO  impl.RoleInfo (RoleInfo.java:shutdownFollowerState(121)) - 654df1de-c902-4012-a748-a827ca476937: shutdown FollowerState
2019-07-14 00:55:02,814 INFO  impl.RaftServerImpl (RaftServerImpl.java:setRole(171)) - 654df1de-c902-4012-a748-a827ca476937:group-25953BE85DCF changes role from FOLLOWER to CANDIDATE at term 0 for changeToCandidate
2019-07-14 00:55:02,815 INFO  impl.RoleInfo (RoleInfo.java:updateAndGet(143)) - 654df1de-c902-4012-a748-a827ca476937: start LeaderElection
2019-07-14 00:55:02,823 INFO  impl.FollowerState (FollowerState.java:run(106)) - cee36198-446d-47bf-8813-9cfec4572e78:group-96ACFF846645 changes to CANDIDATE, lastRpcTime:5153, electionTimeout:5153ms
2019-07-14 00:55:02,825 INFO  impl.RoleInfo (RoleInfo.java:shutdownFollowerState(121)) - cee36198-446d-47bf-8813-9cfec4572e78: shutdown FollowerState
2019-07-14 00:55:02,825 INFO  impl.RaftServerImpl (RaftServerImpl.java:setRole(171)) - cee36198-446d-47bf-8813-9cfec4572e78:group-96ACFF846645 changes role from FOLLOWER to CANDIDATE at term 0 for changeToCandidate
2019-07-14 00:55:02,825 INFO  impl.RoleInfo (RoleInfo.java:updateAndGet(143)) - cee36198-446d-47bf-8813-9cfec4572e78: start LeaderElection
2019-07-14 00:55:02,847 INFO  impl.FollowerState (FollowerState.java:run(106)) - f7292ad1-a410-437d-b51d-24e6c6cb657b:group-25953BE85DCF changes to CANDIDATE, lastRpcTime:5065, electionTimeout:5063ms
2019-07-14 00:55:02,847 INFO  impl.RoleInfo (RoleInfo.java:shutdownFollowerState(121)) - f7292ad1-a410-437d-b51d-24e6c6cb657b: shutdown FollowerState
2019-07-14 00:55:02,847 INFO  impl.RaftServerImpl (RaftServerImpl.java:setRole(171)) - f7292ad1-a410-437d-b51d-24e6c6cb657b:group-25953BE85DCF changes role from FOLLOWER to CANDIDATE at term 0 for changeToCandidate
2019-07-14 00:55:02,847 INFO  impl.LeaderElection (LeaderElection.java:askForVotes(181)) - cee36198-446d-47bf-8813-9cfec4572e78:group-96ACFF846645:LeaderElection11: begin an election at term 1 for -1: [783b8b05-b1d3-492c-ad9c-c9c629e37620:192.168.157.230:38030, cee36198-446d-47bf-8813-9cfec4572e78:192.168.157.230:35741, 4c018b83-5bd7-4258-92c8-f095042238e0:192.168.157.230:32858], old=null
2019-07-14 00:55:02,847 INFO  impl.RoleInfo (RoleInfo.java:updateAndGet(143)) - f7292ad1-a410-437d-b51d-24e6c6cb657b: start LeaderElection
2019-07-14 00:55:02,847 INFO  impl.LeaderElection (LeaderElection.java:askForVotes(181)) - 654df1de-c902-4012-a748-a827ca476937:group-25953BE85DCF:LeaderElection10: begin an election at term 1 for -1: [653fec2b-828f-462f-83ef-0fe963c2c3fc:192.168.157.230:35736, 654df1de-c902-4012-a748-a827ca476937:192.168.157.230:40080, f7292ad1-a410-437d-b51d-24e6c6cb657b:192.168.157.230:46263], old=null
2019-07-14 00:55:02,857 INFO  impl.FollowerState (FollowerState.java:run(106)) - 653fec2b-828f-462f-83ef-0fe963c2c3fc:group-25953BE85DCF changes to CANDIDATE, lastRpcTime:5072, electionTimeout:5072ms
2019-07-14 00:55:02,857 INFO  impl.RoleInfo (RoleInfo.java:shutdownFollowerState(121)) - 653fec2b-828f-462f-83ef-0fe963c2c3fc: shutdown FollowerState
2019-07-14 00:55:02,858 INFO  impl.RaftServerImpl (RaftServerImpl.java:setRole(171)) - 653fec2b-828f-462f-83ef-0fe963c2c3fc:group-25953BE85DCF changes role from FOLLOWER to CANDIDATE at term 0 for changeToCandidate
2019-07-14 00:55:02,858 INFO  impl.RoleInfo (RoleInfo.java:updateAndGet(143)) - 653fec2b-828f-462f-83ef-0fe963c2c3fc: start LeaderElection
2019-07-14 00:55:02,876 INFO  impl.LeaderElection (LeaderElection.java:askForVotes(181)) - 653fec2b-828f-462f-83ef-0fe963c2c3fc:group-25953BE85DCF:LeaderElection13: begin an election at term 1 for -1: [653fec2b-828f-462f-83ef-0fe963c2c3fc:192.168.157.230:35736, 654df1de-c902-4012-a748-a827ca476937:192.168.157.230:40080, f7292ad1-a410-437d-b51d-24e6c6cb657b:192.168.157.230:46263], old=null
2019-07-14 00:55:02,876 INFO  impl.LeaderElection (LeaderElection.java:askForVotes(181)) - f7292ad1-a410-437d-b51d-24e6c6cb657b:group-25953BE85DCF:LeaderElection12: begin an election at term 1 for -1: [653fec2b-828f-462f-83ef-0fe963c2c3fc:192.168.157.230:35736, 654df1de-c902-4012-a748-a827ca476937:192.168.157.230:40080, f7292ad1-a410-437d-b51d-24e6c6cb657b:192.168.157.230:46263], old=null
2019-07-14 00:55:02,925 INFO  impl.LeaderElection (LeaderElection.java:logAndReturn(56)) - 783b8b05-b1d3-492c-ad9c-c9c629e37620:group-96ACFF846645:LeaderElection8: Election REJECTED; received 2 response(s) [783b8b05-b1d3-492c-ad9c-c9c629e37620<-cee36198-446d-47bf-8813-9cfec4572e78#0:FAIL-t1, 783b8b05-b1d3-492c-ad9c-c9c629e37620<-4c018b83-5bd7-4258-92c8-f095042238e0#0:FAIL-t1] and 0 exception(s); 783b8b05-b1d3-492c-ad9c-c9c629e37620:t1, leader=null, voted=783b8b05-b1d3-492c-ad9c-c9c629e37620, raftlog=783b8b05-b1d3-492c-ad9c-c9c629e37620-SegmentedRaftLog:OPENED:c-1,f-1,i0, conf=-1: [783b8b05-b1d3-492c-ad9c-c9c629e37620:192.168.157.230:38030, cee36198-446d-47bf-8813-9cfec4572e78:192.168.157.230:35741, 4c018b83-5bd7-4258-92c8-f095042238e0:192.168.157.230:32858], old=null
2019-07-14 00:55:02,925 INFO  impl.LeaderElection (LeaderElection.java:logAndReturn(56)) - 4c018b83-5bd7-4258-92c8-f095042238e0:group-96ACFF846645:LeaderElection9: Election REJECTED; received 2 response(s) [4c018b83-5bd7-4258-92c8-f095042238e0<-783b8b05-b1d3-492c-ad9c-c9c629e37620#0:FAIL-t1, 4c018b83-5bd7-4258-92c8-f095042238e0<-cee36198-446d-47bf-8813-9cfec4572e78#0:FAIL-t1] and 0 exception(s); 4c018b83-5bd7-4258-92c8-f095042238e0:t1, leader=null, voted=4c018b83-5bd7-4258-92c8-f095042238e0, raftlog=4c018b83-5bd7-4258-92c8-f095042238e0-SegmentedRaftLog:OPENED:c-1,f-1,i0, conf=-1: [783b8b05-b1d3-492c-ad9c-c9c629e37620:192.168.157.230:38030, cee36198-446d-47bf-8813-9cfec4572e78:192.168.157.230:35741, 4c018b83-5bd7-4258-92c8-f095042238e0:192.168.157.230:32858], old=null
2019-07-14 00:55:02,925 INFO  impl.LeaderElection (LeaderElection.java:logAndReturn(56)) - cee36198-446d-47bf-8813-9cfec4572e78:group-96ACFF846645:LeaderElection11: Election REJECTED; received 2 response(s) [cee36198-446d-47bf-8813-9cfec4572e78<-783b8b05-b1d3-492c-ad9c-c9c629e37620#0:FAIL-t1, cee36198-446d-47bf-8813-9cfec4572e78<-4c018b83-5bd7-4258-92c8-f095042238e0#0:FAIL-t1] and 0 exception(s); cee36198-446d-47bf-8813-9cfec4572e78:t1, leader=null, voted=cee36198-446d-47bf-8813-9cfec4572e78, raftlog=cee36198-446d-47bf-8813-9cfec4572e78-SegmentedRaftLog:OPENED:c-1,f-1,i0, conf=-1: [783b8b05-b1d3-492c-ad9c-c9c629e37620:192.168.157.230:38030, cee36198-446d-47bf-8813-9cfec4572e78:192.168.157.230:35741, 4c018b83-5bd7-4258-92c8-f095042238e0:192.168.157.230:32858], old=null
2019-07-14 00:55:02,937 INFO  impl.RaftServerImpl (RaftServerImpl.java:setRole(171)) - 4c018b83-5bd7-4258-92c8-f095042238e0:group-96ACFF846645 changes role from CANDIDATE to FOLLOWER at term 1 for DISCOVERED_A_NEW_TERM
2019-07-14 00:55:02,939 INFO  impl.RoleInfo (RoleInfo.java:shutdownLeaderElection(134)) - 4c018b83-5bd7-4258-92c8-f095042238e0: shutdown LeaderElection
2019-07-14 00:55:02,939 INFO  impl.RaftServerImpl (RaftServerImpl.java:setRole(171)) - cee36198-446d-47bf-8813-9cfec4572e78:group-96ACFF846645 changes role from CANDIDATE to FOLLOWER at term 1 for DISCOVERED_A_NEW_TERM
2019-07-14 00:55:02,941 INFO  impl.RaftServerImpl (RaftServerImpl.java:setRole(171)) - 783b8b05-b1d3-492c-ad9c-c9c629e37620:group-96ACFF846645 changes role from CANDIDATE to FOLLOWER at term 1 for DISCOVERED_A_NEW_TERM
2019-07-14 00:55:02,941 INFO  impl.RoleInfo (RoleInfo.java:shutdownLeaderElection(134)) - cee36198-446d-47bf-8813-9cfec4572e78: shutdown LeaderElection
2019-07-14 00:55:02,943 INFO  impl.RoleInfo (RoleInfo.java:shutdownLeaderElection(134)) - 783b8b05-b1d3-492c-ad9c-c9c629e37620: shutdown LeaderElection
2019-07-14 00:55:02,945 INFO  impl.RoleInfo (RoleInfo.java:updateAndGet(143)) - cee36198-446d-47bf-8813-9cfec4572e78: start FollowerState
2019-07-14 00:55:02,945 INFO  impl.RoleInfo (RoleInfo.java:updateAndGet(143)) - 4c018b83-5bd7-4258-92c8-f095042238e0: start FollowerState
2019-07-14 00:55:02,945 INFO  impl.RoleInfo (RoleInfo.java:updateAndGet(143)) - 783b8b05-b1d3-492c-ad9c-c9c629e37620: start FollowerState
2019-07-14 00:55:02,948 INFO  impl.LeaderElection (LeaderElection.java:logAndReturn(56)) - 653fec2b-828f-462f-83ef-0fe963c2c3fc:group-25953BE85DCF:LeaderElection13: Election REJECTED; received 2 response(s) [653fec2b-828f-462f-83ef-0fe963c2c3fc<-654df1de-c902-4012-a748-a827ca476937#0:FAIL-t1, 653fec2b-828f-462f-83ef-0fe963c2c3fc<-f7292ad1-a410-437d-b51d-24e6c6cb657b#0:FAIL-t1] and 0 exception(s); 653fec2b-828f-462f-83ef-0fe963c2c3fc:t1, leader=null, voted=653fec2b-828f-462f-83ef-0fe963c2c3fc, raftlog=653fec2b-828f-462f-83ef-0fe963c2c3fc-SegmentedRaftLog:OPENED:c-1,f-1,i0, conf=-1: [653fec2b-828f-462f-83ef-0fe963c2c3fc:192.168.157.230:35736, 654df1de-c902-4012-a748-a827ca476937:192.168.157.230:40080, f7292ad1-a410-437d-b51d-24e6c6cb657b:192.168.157.230:46263], old=null
2019-07-14 00:55:02,951 INFO  impl.RaftServerImpl (RaftServerImpl.java:setRole(171)) - 653fec2b-828f-462f-83ef-0fe963c2c3fc:group-25953BE85DCF changes role from CANDIDATE to FOLLOWER at term 1 for DISCOVERED_A_NEW_TERM
2019-07-14 00:55:02,954 INFO  impl.RoleInfo (RoleInfo.java:shutdownLeaderElection(134)) - 653fec2b-828f-462f-83ef-0fe963c2c3fc: shutdown LeaderElection
2019-07-14 00:55:02,955 INFO  impl.RoleInfo (RoleInfo.java:updateAndGet(143)) - 653fec2b-828f-462f-83ef-0fe963c2c3fc: start FollowerState
2019-07-14 00:55:02,957 INFO  impl.LeaderElection (LeaderElection.java:logAndReturn(56)) - 654df1de-c902-4012-a748-a827ca476937:group-25953BE85DCF:LeaderElection10: Election REJECTED; received 2 response(s) [654df1de-c902-4012-a748-a827ca476937<-653fec2b-828f-462f-83ef-0fe963c2c3fc#0:FAIL-t1, 654df1de-c902-4012-a748-a827ca476937<-f7292ad1-a410-437d-b51d-24e6c6cb657b#0:FAIL-t1] and 0 exception(s); 654df1de-c902-4012-a748-a827ca476937:t1, leader=null, voted=654df1de-c902-4012-a748-a827ca476937, raftlog=654df1de-c902-4012-a748-a827ca476937-SegmentedRaftLog:OPENED:c-1,f-1,i0, conf=-1: [653fec2b-828f-462f-83ef-0fe963c2c3fc:192.168.157.230:35736, 654df1de-c902-4012-a748-a827ca476937:192.168.157.230:40080, f7292ad1-a410-437d-b51d-24e6c6cb657b:192.168.157.230:46263], old=null
2019-07-14 00:55:02,959 INFO  impl.RaftServerImpl (RaftServerImpl.java:setRole(171)) - 654df1de-c902-4012-a748-a827ca476937:group-25953BE85DCF changes role from CANDIDATE to FOLLOWER at term 1 for DISCOVERED_A_NEW_TERM
2019-07-14 00:55:02,967 INFO  impl.RoleInfo (RoleInfo.java:shutdownLeaderElection(134)) - 654df1de-c902-4012-a748-a827ca476937: shutdown LeaderElection
2019-07-14 00:55:02,968 INFO  impl.RoleInfo (RoleInfo.java:updateAndGet(143)) - 654df1de-c902-4012-a748-a827ca476937: start FollowerState
2019-07-14 00:55:02,972 INFO  client.GrpcClientProtocolClient (GrpcClientProtocolClient.java:onNext(255)) - client-7EC0AF3D75C4->4c018b83-5bd7-4258-92c8-f095042238e0: receive RaftClientReply:client-7EC0AF3D75C4->4c018b83-5bd7-4258-92c8-f095042238e0@group-96ACFF846645, cid=19, FAILED org.apache.ratis.protocol.NotLeaderException: Server 4c018b83-5bd7-4258-92c8-f095042238e0 is not the leader (null). Request must be sent to leader., logIndex=0, commits[4c018b83-5bd7-4258-92c8-f095042238e0:c-1]
2019-07-14 00:55:02,972 INFO  impl.LeaderElection (LeaderElection.java:logAndReturn(56)) - f7292ad1-a410-437d-b51d-24e6c6cb657b:group-25953BE85DCF:LeaderElection12: Election REJECTED; received 2 response(s) [f7292ad1-a410-437d-b51d-24e6c6cb657b<-653fec2b-828f-462f-83ef-0fe963c2c3fc#0:FAIL-t1, f7292ad1-a410-437d-b51d-24e6c6cb657b<-654df1de-c902-4012-a748-a827ca476937#0:FAIL-t1] and 0 exception(s); f7292ad1-a410-437d-b51d-24e6c6cb657b:t1, leader=null, voted=f7292ad1-a410-437d-b51d-24e6c6cb657b, raftlog=f7292ad1-a410-437d-b51d-24e6c6cb657b-SegmentedRaftLog:OPENED:c-1,f-1,i0, conf=-1: [653fec2b-828f-462f-83ef-0fe963c2c3fc:192.168.157.230:35736, 654df1de-c902-4012-a748-a827ca476937:192.168.157.230:40080, f7292ad1-a410-437d-b51d-24e6c6cb657b:192.168.157.230:46263], old=null
2019-07-14 00:55:02,982 INFO  impl.RaftServerImpl (RaftServerImpl.java:setRole(171)) - f7292ad1-a410-437d-b51d-24e6c6cb657b:group-25953BE85DCF changes role from CANDIDATE to FOLLOWER at term 1 for DISCOVERED_A_NEW_TERM
2019-07-14 00:55:02,982 INFO  impl.RoleInfo (RoleInfo.java:shutdownLeaderElection(134)) - f7292ad1-a410-437d-b51d-24e6c6cb657b: shutdown LeaderElection
2019-07-14 00:55:02,983 INFO  impl.RoleInfo (RoleInfo.java:updateAndGet(143)) - f7292ad1-a410-437d-b51d-24e6c6cb657b: start FollowerState
2019-07-14 00:55:04,005 INFO  client.GrpcClientProtocolClient (GrpcClientProtocolClient.java:onNext(255)) - client-7EC0AF3D75C4->783b8b05-b1d3-492c-ad9c-c9c629e37620: receive RaftClientReply:client-7EC0AF3D75C4->783b8b05-b1d3-492c-ad9c-c9c629e37620@group-96ACFF846645, cid=19, FAILED org.apache.ratis.protocol.NotLeaderException: Server 783b8b05-b1d3-492c-ad9c-c9c629e37620 is not the leader (null). Request must be sent to leader., logIndex=0, commits[783b8b05-b1d3-492c-ad9c-c9c629e37620:c-1]
2019-07-14 00:55:05,044 INFO  client.GrpcClientProtocolClient (GrpcClientProtocolClient.java:onNext(255)) - client-7EC0AF3D75C4->4c018b83-5bd7-4258-92c8-f095042238e0: receive RaftClientReply:client-7EC0AF3D75C4->4c018b83-5bd7-4258-92c8-f095042238e0@group-96ACFF846645, cid=19, FAILED org.apache.ratis.protocol.NotLeaderException: Server 4c018b83-5bd7-4258-92c8-f095042238e0 is not the leader (null). Request must be sent to leader., logIndex=0, commits[4c018b83-5bd7-4258-92c8-f095042238e0:c-1]
2019-07-14 00:55:06,069 INFO  client.GrpcClientProtocolClient (GrpcClientProtocolClient.java:onNext(255)) - client-7EC0AF3D75C4->783b8b05-b1d3-492c-ad9c-c9c629e37620: receive RaftClientReply:client-7EC0AF3D75C4->783b8b05-b1d3-492c-ad9c-c9c629e37620@group-96ACFF846645, cid=19, FAILED org.apache.ratis.protocol.NotLeaderException: Server 783b8b05-b1d3-492c-ad9c-c9c629e37620 is not the leader (null). Request must be sent to leader., logIndex=0, commits[783b8b05-b1d3-492c-ad9c-c9c629e37620:c-1]
2019-07-14 00:55:07,094 INFO  client.GrpcClientProtocolClient (GrpcClientProtocolClient.java:onNext(255)) - client-7EC0AF3D75C4->4c018b83-5bd7-4258-92c8-f095042238e0: receive RaftClientReply:client-7EC0AF3D75C4->4c018b83-5bd7-4258-92c8-f095042238e0@group-96ACFF846645, cid=19, FAILED org.apache.ratis.protocol.NotLeaderException: Server 4c018b83-5bd7-4258-92c8-f095042238e0 is not the leader (null). Request must be sent to leader., logIndex=0, commits[4c018b83-5bd7-4258-92c8-f095042238e0:c-1]
2019-07-14 00:55:07,106 WARN  io.KeyOutputStream (KeyOutputStream.java:handleException(276)) - Encountered exception java.io.IOException: Unexpected Storage Container Exception: java.util.concurrent.CompletionException: java.util.concurrent.CompletionException: org.apache.ratis.protocol.RaftRetryFailureException: Failed RaftClientRequest:client-7EC0AF3D75C4->4c018b83-5bd7-4258-92c8-f095042238e0@group-96ACFF846645, cid=19, seq=1*, RW, org.apache.hadoop.hdds.scm.XceiverClientRatis$$Lambda$309/674659751@3a9d11d1 for 5 attempts with RetryLimited(maxAttempts=5, sleepTime=1000ms) on the pipeline Pipeline[ Id: b3bd6cdf-020c-4e73-98c5-96acff846645, Nodes: 4c018b83-5bd7-4258-92c8-f095042238e0{ip: 192.168.157.230, host: trunk-nightly-sxkq5-3320257302, networkLocation: /default-rack, certSerialId: null}783b8b05-b1d3-492c-ad9c-c9c629e37620{ip: 192.168.157.230, host: trunk-nightly-sxkq5-3320257302, networkLocation: /default-rack, certSerialId: null}cee36198-446d-47bf-8813-9cfec4572e78{ip: 192.168.157.230, host: trunk-nightly-sxkq5-3320257302, networkLocation: /default-rack, certSerialId: null}, Type:RATIS, Factor:THREE, State:OPEN]. The last committed block length is 0, uncommitted data length is 400 retry count 1
2019-07-14 00:55:07,124 WARN  block.BlockManagerImpl (BlockManagerImpl.java:allocateBlock(192)) - Pipeline creation failed for type:RATIS factor:THREE. Retrying get pipelines call once.
org.apache.hadoop.hdds.scm.pipeline.InsufficientDatanodesException: Cannot create pipeline of factor 3 using 1 nodes.
	at org.apache.hadoop.hdds.scm.pipeline.RatisPipelineProvider.create(RatisPipelineProvider.java:151)
	at org.apache.hadoop.hdds.scm.pipeline.PipelineFactory.create(PipelineFactory.java:57)
	at org.apache.hadoop.hdds.scm.pipeline.SCMPipelineManager.createPipeline(SCMPipelineManager.java:149)
	at org.apache.hadoop.hdds.scm.block.BlockManagerImpl.allocateBlock(BlockManagerImpl.java:190)
	at org.apache.hadoop.hdds.scm.server.SCMBlockProtocolServer.allocateBlock(SCMBlockProtocolServer.java:175)
	at org.apache.hadoop.ozone.protocolPB.ScmBlockLocationProtocolServerSideTranslatorPB.allocateScmBlock(ScmBlockLocationProtocolServerSideTranslatorPB.java:153)
	at org.apache.hadoop.ozone.protocolPB.ScmBlockLocationProtocolServerSideTranslatorPB.send(ScmBlockLocationProtocolServerSideTranslatorPB.java:112)
	at org.apache.hadoop.hdds.protocol.proto.ScmBlockLocationProtocolProtos$ScmBlockLocationProtocolService$2.callBlockingMethod(ScmBlockLocationProtocolProtos.java:13157)
	at org.apache.hadoop.ipc.ProtobufRpcEngine$Server$ProtoBufRpcInvoker.call(ProtobufRpcEngine.java:524)
	at org.apache.hadoop.ipc.RPC$Server.call(RPC.java:1025)
	at org.apache.hadoop.ipc.Server$RpcCall.run(Server.java:876)
	at org.apache.hadoop.ipc.Server$RpcCall.run(Server.java:822)
	at java.security.AccessController.doPrivileged(Native Method)
	at javax.security.auth.Subject.doAs(Subject.java:422)
	at org.apache.hadoop.security.UserGroupInformation.doAs(UserGroupInformation.java:1730)
	at org.apache.hadoop.ipc.Server$Handler.run(Server.java:2682)
2019-07-14 00:55:07,130 INFO  block.BlockManagerImpl (BlockManagerImpl.java:allocateBlock(198)) - Could not find available pipeline of type:RATIS and factor:THREE even after retrying
2019-07-14 00:55:07,130 ERROR block.BlockManagerImpl (BlockManagerImpl.java:allocateBlock(222)) - Unable to allocate a block for the size: 800, type: RATIS, factor: THREE
00:55:07.136 [IPC Server handler 15 on 42883] ERROR OMAudit - user=jenkins1000 | ip=127.0.0.1 | op=ALLOCATE_BLOCK {volume=watchforcommithandlingtest, bucket=watchforcommithandlingtest, key=f43c6c68-336d-4fdd-86df-830d13d37b2a, dataSize=0, replicationType=null, replicationFactor=null, keyLocationInfo=null, clientID=102437073609228288} | ret=FAILURE
org.apache.hadoop.hdds.scm.exceptions.SCMException: Allocated 0 blocks. Requested 1 blocks
	at org.apache.hadoop.hdds.scm.protocolPB.ScmBlockLocationProtocolClientSideTranslatorPB.handleError(ScmBlockLocationProtocolClientSideTranslatorPB.java:118) ~[hadoop-hdds-common-0.5.0-SNAPSHOT.jar:?]
	at org.apache.hadoop.hdds.scm.protocolPB.ScmBlockLocationProtocolClientSideTranslatorPB.allocateBlock(ScmBlockLocationProtocolClientSideTranslatorPB.java:156) ~[hadoop-hdds-common-0.5.0-SNAPSHOT.jar:?]
	at sun.reflect.NativeMethodAccessorImpl.invoke0(Native Method) ~[?:1.8.0_212]
	at sun.reflect.NativeMethodAccessorImpl.invoke(NativeMethodAccessorImpl.java:62) ~[?:1.8.0_212]
	at sun.reflect.DelegatingMethodAccessorImpl.invoke(DelegatingMethodAccessorImpl.java:43) ~[?:1.8.0_212]
	at java.lang.reflect.Method.invoke(Method.java:498) ~[?:1.8.0_212]
	at org.apache.hadoop.hdds.tracing.TraceAllMethod.invoke(TraceAllMethod.java:66) ~[hadoop-hdds-common-0.5.0-SNAPSHOT.jar:?]
	at com.sun.proxy.$Proxy25.allocateBlock(Unknown Source) ~[?:?]
	at org.apache.hadoop.ozone.om.KeyManagerImpl.allocateBlock(KeyManagerImpl.java:355) ~[hadoop-ozone-ozone-manager-0.5.0-SNAPSHOT.jar:?]
	at org.apache.hadoop.ozone.om.KeyManagerImpl.allocateBlock(KeyManagerImpl.java:323) ~[hadoop-ozone-ozone-manager-0.5.0-SNAPSHOT.jar:?]
	at org.apache.hadoop.ozone.om.OzoneManager.allocateBlock(OzoneManager.java:2349) [hadoop-ozone-ozone-manager-0.5.0-SNAPSHOT.jar:?]
	at org.apache.hadoop.ozone.protocolPB.OzoneManagerRequestHandler.allocateBlock(OzoneManagerRequestHandler.java:754) [hadoop-ozone-ozone-manager-0.5.0-SNAPSHOT.jar:?]
	at org.apache.hadoop.ozone.protocolPB.OzoneManagerRequestHandler.handle(OzoneManagerRequestHandler.java:249) [hadoop-ozone-ozone-manager-0.5.0-SNAPSHOT.jar:?]
	at org.apache.hadoop.ozone.protocolPB.OzoneManagerProtocolServerSideTranslatorPB.submitRequestDirectlyToOM(OzoneManagerProtocolServerSideTranslatorPB.java:192) [hadoop-ozone-ozone-manager-0.5.0-SNAPSHOT.jar:?]
	at org.apache.hadoop.ozone.protocolPB.OzoneManagerProtocolServerSideTranslatorPB.submitRequest(OzoneManagerProtocolServerSideTranslatorPB.java:110) [hadoop-ozone-ozone-manager-0.5.0-SNAPSHOT.jar:?]
	at org.apache.hadoop.ozone.protocol.proto.OzoneManagerProtocolProtos$OzoneManagerService$2.callBlockingMethod(OzoneManagerProtocolProtos.java) [hadoop-ozone-common-0.5.0-SNAPSHOT.jar:?]
	at org.apache.hadoop.ipc.ProtobufRpcEngine$Server$ProtoBufRpcInvoker.call(ProtobufRpcEngine.java:524) [hadoop-common-3.2.0.jar:?]
	at org.apache.hadoop.ipc.RPC$Server.call(RPC.java:1025) [hadoop-common-3.2.0.jar:?]
	at org.apache.hadoop.ipc.Server$RpcCall.run(Server.java:876) [hadoop-common-3.2.0.jar:?]
	at org.apache.hadoop.ipc.Server$RpcCall.run(Server.java:822) [hadoop-common-3.2.0.jar:?]
	at java.security.AccessController.doPrivileged(Native Method) [?:1.8.0_212]
	at javax.security.auth.Subject.doAs(Subject.java:422) [?:1.8.0_212]
	at org.apache.hadoop.security.UserGroupInformation.doAs(UserGroupInformation.java:1730) [hadoop-common-3.2.0.jar:?]
	at org.apache.hadoop.ipc.Server$Handler.run(Server.java:2682) [hadoop-common-3.2.0.jar:?]
2019-07-14 00:55:07,153 ERROR io.BlockOutputStreamEntryPool (BlockOutputStreamEntryPool.java:allocateBlockIfNeeded(299)) - Try to allocate more blocks for write failed, already allocated 0 blocks for this write.
INTERNAL_ERROR org.apache.hadoop.ozone.om.exceptions.OMException: Allocated 0 blocks. Requested 1 blocks
	at org.apache.hadoop.ozone.om.protocolPB.OzoneManagerProtocolClientSideTranslatorPB.handleError(OzoneManagerProtocolClientSideTranslatorPB.java:720)
	at org.apache.hadoop.ozone.om.protocolPB.OzoneManagerProtocolClientSideTranslatorPB.allocateBlock(OzoneManagerProtocolClientSideTranslatorPB.java:752)
	at org.apache.hadoop.ozone.client.io.BlockOutputStreamEntryPool.allocateNewBlock(BlockOutputStreamEntryPool.java:248)
	at org.apache.hadoop.ozone.client.io.BlockOutputStreamEntryPool.allocateBlockIfNeeded(BlockOutputStreamEntryPool.java:296)
	at org.apache.hadoop.ozone.client.io.KeyOutputStream.handleWrite(KeyOutputStream.java:201)
	at org.apache.hadoop.ozone.client.io.KeyOutputStream.handleRetry(KeyOutputStream.java:376)
	at org.apache.hadoop.ozone.client.io.KeyOutputStream.handleException(KeyOutputStream.java:325)
	at org.apache.hadoop.ozone.client.io.KeyOutputStream.handleWrite(KeyOutputStream.java:231)
	at org.apache.hadoop.ozone.client.io.KeyOutputStream.handleRetry(KeyOutputStream.java:376)
	at org.apache.hadoop.ozone.client.io.KeyOutputStream.handleException(KeyOutputStream.java:325)
	at org.apache.hadoop.ozone.client.io.KeyOutputStream.handleWrite(KeyOutputStream.java:231)
	at org.apache.hadoop.ozone.client.io.KeyOutputStream.write(KeyOutputStream.java:193)
	at org.apache.hadoop.ozone.client.io.OzoneOutputStream.write(OzoneOutputStream.java:49)
	at java.io.OutputStream.write(OutputStream.java:75)
	at org.apache.hadoop.ozone.client.rpc.TestWatchForCommit.testWatchForCommitWithKeyWrite(TestWatchForCommit.java:158)
	at sun.reflect.NativeMethodAccessorImpl.invoke0(Native Method)
	at sun.reflect.NativeMethodAccessorImpl.invoke(NativeMethodAccessorImpl.java:62)
	at sun.reflect.DelegatingMethodAccessorImpl.invoke(DelegatingMethodAccessorImpl.java:43)
	at java.lang.reflect.Method.invoke(Method.java:498)
	at org.junit.runners.model.FrameworkMethod$1.runReflectiveCall(FrameworkMethod.java:47)
	at org.junit.internal.runners.model.ReflectiveCallable.run(ReflectiveCallable.java:12)
	at org.junit.runners.model.FrameworkMethod.invokeExplosively(FrameworkMethod.java:44)
	at org.junit.internal.runners.statements.InvokeMethod.evaluate(InvokeMethod.java:17)
	at org.junit.runners.ParentRunner.runLeaf(ParentRunner.java:271)
	at org.junit.runners.BlockJUnit4ClassRunner.runChild(BlockJUnit4ClassRunner.java:70)
	at org.junit.runners.BlockJUnit4ClassRunner.runChild(BlockJUnit4ClassRunner.java:50)
	at org.junit.runners.ParentRunner$3.run(ParentRunner.java:238)
	at org.junit.runners.ParentRunner$1.schedule(ParentRunner.java:63)
	at org.junit.runners.ParentRunner.runChildren(ParentRunner.java:236)
	at org.junit.runners.ParentRunner.access$000(ParentRunner.java:53)
	at org.junit.runners.ParentRunner$2.evaluate(ParentRunner.java:229)
	at org.junit.runners.ParentRunner.run(ParentRunner.java:309)
	at org.apache.maven.surefire.junit4.JUnit4Provider.execute(JUnit4Provider.java:365)
	at org.apache.maven.surefire.junit4.JUnit4Provider.executeWithRerun(JUnit4Provider.java:273)
	at org.apache.maven.surefire.junit4.JUnit4Provider.executeTestSet(JUnit4Provider.java:238)
	at org.apache.maven.surefire.junit4.JUnit4Provider.invoke(JUnit4Provider.java:159)
	at org.apache.maven.surefire.booter.ForkedBooter.invokeProviderInSameClassLoader(ForkedBooter.java:384)
	at org.apache.maven.surefire.booter.ForkedBooter.runSuitesInProcess(ForkedBooter.java:345)
	at org.apache.maven.surefire.booter.ForkedBooter.execute(ForkedBooter.java:126)
	at org.apache.maven.surefire.booter.ForkedBooter.main(ForkedBooter.java:418)
]]></system-out>
    <system-err><![CDATA[ERROR StatusLogger No Log4j 2 configuration file found. Using default configuration (logging only errors to the console), or user programmatically provided configurations. Set system property 'log4j2.debug' to show Log4j 2 internal initialization logging. See https://logging.apache.org/log4j/2.x/manual/configuration.html for instructions on how to configure Log4j 2
Jul 14, 2019 12:54:50 AM com.sun.jersey.server.impl.application.WebApplicationImpl _initiate
INFO: Initiating Jersey application, version 'Jersey: 1.19 02/11/2015 03:25 AM'
Jul 14, 2019 12:54:51 AM com.sun.jersey.server.impl.application.WebApplicationImpl _initiate
INFO: Initiating Jersey application, version 'Jersey: 1.19 02/11/2015 03:25 AM'
Jul 14, 2019 12:54:52 AM com.sun.jersey.server.impl.application.WebApplicationImpl _initiate
INFO: Initiating Jersey application, version 'Jersey: 1.19 02/11/2015 03:25 AM'
Jul 14, 2019 12:54:52 AM com.sun.jersey.server.impl.application.WebApplicationImpl _initiate
INFO: Initiating Jersey application, version 'Jersey: 1.19 02/11/2015 03:25 AM'
Jul 14, 2019 12:54:52 AM com.sun.jersey.server.impl.application.WebApplicationImpl _initiate
INFO: Initiating Jersey application, version 'Jersey: 1.19 02/11/2015 03:25 AM'
Jul 14, 2019 12:54:52 AM com.sun.jersey.server.impl.application.WebApplicationImpl _initiate
INFO: Initiating Jersey application, version 'Jersey: 1.19 02/11/2015 03:25 AM'
Jul 14, 2019 12:54:52 AM com.sun.jersey.server.impl.application.WebApplicationImpl _initiate
INFO: Initiating Jersey application, version 'Jersey: 1.19 02/11/2015 03:25 AM'
]]></system-err>
  </testcase>
  <testcase name="testWatchForCommitWithSmallerTimeoutValue" classname="org.apache.hadoop.ozone.client.rpc.TestWatchForCommit" time="43.939"/>
  <testcase name="testWatchForCommitForRetryfailure" classname="org.apache.hadoop.ozone.client.rpc.TestWatchForCommit" time="53.495"/>
  <testcase name="testWatchForCommitForGroupMismatchException" classname="org.apache.hadoop.ozone.client.rpc.TestWatchForCommit" time="32.852"/>
  <testcase name="test2WayCommitForTimeoutException" classname="org.apache.hadoop.ozone.client.rpc.TestWatchForCommit" time="35.826"/>
  <testcase name="test2WayCommitForRetryfailure" classname="org.apache.hadoop.ozone.client.rpc.TestWatchForCommit" time="15.225">
    <error message="org.apache.ratis.protocol.RaftRetryFailureException: Failed RaftClientRequest:client-F26749881EC9-&gt;6d6353fa-4af9-45d6-8513-9edfc801ca7e@group-2987ADE9E5DC, cid=108, seq=1*, RW, org.apache.hadoop.hdds.scm.XceiverClientRatis$$Lambda$309/674659751@3ee59c6a for 8 attempts with RetryLimited(maxAttempts=8, sleepTime=1000ms)" type="java.util.concurrent.ExecutionException">java.util.concurrent.ExecutionException: org.apache.ratis.protocol.RaftRetryFailureException: Failed RaftClientRequest:client-F26749881EC9->6d6353fa-4af9-45d6-8513-9edfc801ca7e@group-2987ADE9E5DC, cid=108, seq=1*, RW, org.apache.hadoop.hdds.scm.XceiverClientRatis$$Lambda$309/674659751@3ee59c6a for 8 attempts with RetryLimited(maxAttempts=8, sleepTime=1000ms)
	at java.util.concurrent.CompletableFuture.reportGet(CompletableFuture.java:357)
	at java.util.concurrent.CompletableFuture.get(CompletableFuture.java:1895)
	at org.apache.hadoop.ozone.client.rpc.TestWatchForCommit.test2WayCommitForRetryfailure(TestWatchForCommit.java:382)
	at sun.reflect.NativeMethodAccessorImpl.invoke0(Native Method)
	at sun.reflect.NativeMethodAccessorImpl.invoke(NativeMethodAccessorImpl.java:62)
	at sun.reflect.DelegatingMethodAccessorImpl.invoke(DelegatingMethodAccessorImpl.java:43)
	at java.lang.reflect.Method.invoke(Method.java:498)
	at org.junit.runners.model.FrameworkMethod$1.runReflectiveCall(FrameworkMethod.java:47)
	at org.junit.internal.runners.model.ReflectiveCallable.run(ReflectiveCallable.java:12)
	at org.junit.runners.model.FrameworkMethod.invokeExplosively(FrameworkMethod.java:44)
	at org.junit.internal.runners.statements.InvokeMethod.evaluate(InvokeMethod.java:17)
	at org.junit.runners.ParentRunner.runLeaf(ParentRunner.java:271)
	at org.junit.runners.BlockJUnit4ClassRunner.runChild(BlockJUnit4ClassRunner.java:70)
	at org.junit.runners.BlockJUnit4ClassRunner.runChild(BlockJUnit4ClassRunner.java:50)
	at org.junit.runners.ParentRunner$3.run(ParentRunner.java:238)
	at org.junit.runners.ParentRunner$1.schedule(ParentRunner.java:63)
	at org.junit.runners.ParentRunner.runChildren(ParentRunner.java:236)
	at org.junit.runners.ParentRunner.access$000(ParentRunner.java:53)
	at org.junit.runners.ParentRunner$2.evaluate(ParentRunner.java:229)
	at org.junit.runners.ParentRunner.run(ParentRunner.java:309)
	at org.apache.maven.surefire.junit4.JUnit4Provider.execute(JUnit4Provider.java:365)
	at org.apache.maven.surefire.junit4.JUnit4Provider.executeWithRerun(JUnit4Provider.java:273)
	at org.apache.maven.surefire.junit4.JUnit4Provider.executeTestSet(JUnit4Provider.java:238)
	at org.apache.maven.surefire.junit4.JUnit4Provider.invoke(JUnit4Provider.java:159)
	at org.apache.maven.surefire.booter.ForkedBooter.invokeProviderInSameClassLoader(ForkedBooter.java:384)
	at org.apache.maven.surefire.booter.ForkedBooter.runSuitesInProcess(ForkedBooter.java:345)
	at org.apache.maven.surefire.booter.ForkedBooter.execute(ForkedBooter.java:126)
	at org.apache.maven.surefire.booter.ForkedBooter.main(ForkedBooter.java:418)
Caused by: org.apache.ratis.protocol.RaftRetryFailureException: Failed RaftClientRequest:client-F26749881EC9->6d6353fa-4af9-45d6-8513-9edfc801ca7e@group-2987ADE9E5DC, cid=108, seq=1*, RW, org.apache.hadoop.hdds.scm.XceiverClientRatis$$Lambda$309/674659751@3ee59c6a for 8 attempts with RetryLimited(maxAttempts=8, sleepTime=1000ms)
	at org.apache.ratis.client.impl.RaftClientImpl.noMoreRetries(RaftClientImpl.java:272)
	at org.apache.ratis.client.impl.OrderedAsync.handleAsyncRetryFailure(OrderedAsync.java:138)
	at org.apache.ratis.client.impl.OrderedAsync.lambda$sendRequest$10(OrderedAsync.java:230)
	at java.util.concurrent.CompletableFuture.uniExceptionally(CompletableFuture.java:870)
	at java.util.concurrent.CompletableFuture$UniExceptionally.tryFire(CompletableFuture.java:852)
	at java.util.concurrent.CompletableFuture.postComplete(CompletableFuture.java:474)
	at java.util.concurrent.CompletableFuture.completeExceptionally(CompletableFuture.java:1977)
	at org.apache.ratis.grpc.client.GrpcClientProtocolClient$AsyncStreamObservers.completeReplyExceptionally(GrpcClientProtocolClient.java:330)
	at org.apache.ratis.grpc.client.GrpcClientProtocolClient$AsyncStreamObservers.access$000(GrpcClientProtocolClient.java:246)
	at org.apache.ratis.grpc.client.GrpcClientProtocolClient$AsyncStreamObservers$1.onNext(GrpcClientProtocolClient.java:258)
	at org.apache.ratis.grpc.client.GrpcClientProtocolClient$AsyncStreamObservers$1.onNext(GrpcClientProtocolClient.java:249)
	at org.apache.ratis.thirdparty.io.grpc.stub.ClientCalls$StreamObserverToCallListenerAdapter.onMessage(ClientCalls.java:421)
	at org.apache.ratis.thirdparty.io.grpc.ForwardingClientCallListener.onMessage(ForwardingClientCallListener.java:33)
	at org.apache.ratis.thirdparty.io.grpc.ForwardingClientCallListener.onMessage(ForwardingClientCallListener.java:33)
	at org.apache.ratis.thirdparty.io.grpc.internal.ClientCallImpl$ClientStreamListenerImpl$1MessagesAvailable.runInContext(ClientCallImpl.java:519)
	at org.apache.ratis.thirdparty.io.grpc.internal.ContextRunnable.run(ContextRunnable.java:37)
	at org.apache.ratis.thirdparty.io.grpc.internal.SerializingExecutor.run(SerializingExecutor.java:123)
	at java.util.concurrent.ThreadPoolExecutor.runWorker(ThreadPoolExecutor.java:1149)
	at java.util.concurrent.ThreadPoolExecutor$Worker.run(ThreadPoolExecutor.java:624)
	at java.lang.Thread.run(Thread.java:748)
Caused by: org.apache.ratis.protocol.NotLeaderException: Server 6d6353fa-4af9-45d6-8513-9edfc801ca7e is not the leader (null). Request must be sent to leader.
	at org.apache.ratis.client.impl.ClientProtoUtils.toRaftClientReply(ClientProtoUtils.java:242)
	at org.apache.ratis.grpc.client.GrpcClientProtocolClient$AsyncStreamObservers$1.onNext(GrpcClientProtocolClient.java:254)
	... 10 more
</error>
    <system-out><![CDATA[2019-07-14 00:57:53,298 WARN  server.ServerUtils (ServerUtils.java:getScmDbDir(145)) - ozone.scm.db.dirs is not configured. We recommend adding this setting. Falling back to ozone.metadata.dirs instead.
2019-07-14 00:57:53,313 WARN  server.ServerUtils (ServerUtils.java:getScmDbDir(145)) - ozone.scm.db.dirs is not configured. We recommend adding this setting. Falling back to ozone.metadata.dirs instead.
2019-07-14 00:57:53,313 WARN  server.ServerUtils (ServerUtils.java:getScmDbDir(145)) - ozone.scm.db.dirs is not configured. We recommend adding this setting. Falling back to ozone.metadata.dirs instead.
2019-07-14 00:57:53,313 INFO  db.DBStoreBuilder (DBStoreBuilder.java:addTable(110)) - using custom profile for table: deletedBlocks
2019-07-14 00:57:53,314 INFO  db.DBStoreBuilder (DBStoreBuilder.java:processTables(161)) - Using default column profile:DBProfile.DISK for Table:deletedBlocks
2019-07-14 00:57:53,314 INFO  db.DBStoreBuilder (DBStoreBuilder.java:addTable(110)) - using custom profile for table: validCerts
2019-07-14 00:57:53,314 INFO  db.DBStoreBuilder (DBStoreBuilder.java:processTables(161)) - Using default column profile:DBProfile.DISK for Table:validCerts
2019-07-14 00:57:53,314 INFO  db.DBStoreBuilder (DBStoreBuilder.java:addTable(110)) - using custom profile for table: revokedCerts
2019-07-14 00:57:53,315 INFO  db.DBStoreBuilder (DBStoreBuilder.java:processTables(161)) - Using default column profile:DBProfile.DISK for Table:revokedCerts
2019-07-14 00:57:53,315 INFO  db.DBStoreBuilder (DBStoreBuilder.java:addTable(110)) - using custom profile for table: default
2019-07-14 00:57:53,315 INFO  db.DBStoreBuilder (DBStoreBuilder.java:processTables(167)) - Using default column profile:DBProfile.DISK for Table:default
2019-07-14 00:57:53,315 INFO  db.DBStoreBuilder (DBStoreBuilder.java:getDbProfile(198)) - Using default options. DBProfile.DISK
2019-07-14 00:57:53,499 INFO  net.NodeSchemaLoader (NodeSchemaLoader.java:loadSchemaFromFile(125)) - Loading file from sun.misc.CompoundEnumeration@3a917e07
2019-07-14 00:57:53,499 INFO  net.NodeSchemaLoader (NodeSchemaLoader.java:loadSchema(171)) - Loading network topology layer schema file
2019-07-14 00:57:53,504 WARN  server.ServerUtils (ServerUtils.java:sanitizeUserArgs(70)) - ozone.scm.stale.node.interval value = 300000 is larger than max = 100000 based on the key value of ozone.scm.heartbeat.thread.interval, reset to the max value 100000.
2019-07-14 00:57:53,504 WARN  server.ServerUtils (ServerUtils.java:sanitizeUserArgs(70)) - ozone.scm.stale.node.interval value = 300000 is larger than max = 100000 based on the key value of ozone.scm.heartbeat.thread.interval, reset to the max value 100000.
2019-07-14 00:57:53,505 INFO  node.SCMNodeManager (SCMNodeManager.java:<init>(119)) - Entering startup safe mode.
2019-07-14 00:57:53,506 WARN  server.ServerUtils (ServerUtils.java:getScmDbDir(145)) - ozone.scm.db.dirs is not configured. We recommend adding this setting. Falling back to ozone.metadata.dirs instead.
2019-07-14 00:57:53,554 INFO  pipeline.SCMPipelineManager (SCMPipelineManager.java:initializePipelineState(126)) - No pipeline exists in current db
2019-07-14 00:57:53,554 WARN  server.ServerUtils (ServerUtils.java:getScmDbDir(145)) - ozone.scm.db.dirs is not configured. We recommend adding this setting. Falling back to ozone.metadata.dirs instead.
2019-07-14 00:57:53,617 WARN  events.EventQueue (EventQueue.java:fireEvent(175)) - No event handler registered for event TypedEvent{payloadType=SafeModeStatus, name='SafeModeStatus'}
2019-07-14 00:57:53,618 INFO  ipc.CallQueueManager (CallQueueManager.java:<init>(84)) - Using callQueue: class java.util.concurrent.LinkedBlockingQueue, queueCapacity: 2000, scheduler: class org.apache.hadoop.ipc.DefaultRpcScheduler, ipcBackoff: false.
2019-07-14 00:57:53,619 INFO  ipc.Server (Server.java:run(1074)) - Starting Socket Reader #1 for port 37475
2019-07-14 00:57:53,623 INFO  ipc.CallQueueManager (CallQueueManager.java:<init>(84)) - Using callQueue: class java.util.concurrent.LinkedBlockingQueue, queueCapacity: 2000, scheduler: class org.apache.hadoop.ipc.DefaultRpcScheduler, ipcBackoff: false.
2019-07-14 00:57:53,624 INFO  ipc.Server (Server.java:run(1074)) - Starting Socket Reader #1 for port 39119
2019-07-14 00:57:53,627 INFO  ipc.CallQueueManager (CallQueueManager.java:<init>(84)) - Using callQueue: class java.util.concurrent.LinkedBlockingQueue, queueCapacity: 2000, scheduler: class org.apache.hadoop.ipc.DefaultRpcScheduler, ipcBackoff: false.
2019-07-14 00:57:53,628 INFO  ipc.Server (Server.java:run(1074)) - Starting Socket Reader #1 for port 35150
2019-07-14 00:57:53,642 INFO  hdfs.DFSUtil (DFSUtil.java:httpServerTemplateForNNAndJN(1641)) - Starting Web-server for scm at: http://0.0.0.0:0
2019-07-14 00:57:53,644 INFO  server.AuthenticationFilter (AuthenticationFilter.java:constructSecretProvider(240)) - Unable to initialize FileSignerSecretProvider, falling back to use random secrets.
2019-07-14 00:57:53,645 WARN  http.HttpRequestLog (HttpRequestLog.java:getRequestLog(97)) - Jetty request log can only be enabled using Log4j
2019-07-14 00:57:53,648 INFO  http.HttpServer2 (HttpServer2.java:addGlobalFilter(975)) - Added global filter 'safety' (class=org.apache.hadoop.http.HttpServer2$QuotingInputFilter)
2019-07-14 00:57:53,648 INFO  http.HttpServer2 (HttpServer2.java:addFilter(948)) - Added filter static_user_filter (class=org.apache.hadoop.http.lib.StaticUserWebFilter$StaticUserFilter) to context scm
2019-07-14 00:57:53,649 INFO  http.HttpServer2 (HttpServer2.java:addFilter(958)) - Added filter static_user_filter (class=org.apache.hadoop.http.lib.StaticUserWebFilter$StaticUserFilter) to context logs
2019-07-14 00:57:53,649 INFO  http.HttpServer2 (HttpServer2.java:addFilter(958)) - Added filter static_user_filter (class=org.apache.hadoop.http.lib.StaticUserWebFilter$StaticUserFilter) to context static
2019-07-14 00:57:53,651 INFO  server.StorageContainerManager (StorageContainerManager.java:start(759)) - StorageContainerLocationProtocol RPC server is listening at /0.0.0.0:35150
2019-07-14 00:57:53,654 WARN  impl.MetricsConfig (MetricsConfig.java:loadFirst(134)) - Cannot locate configuration: tried hadoop-metrics2-storagecontainermanager.properties,hadoop-metrics2.properties
2019-07-14 00:57:53,655 INFO  impl.MetricsSystemImpl (MetricsSystemImpl.java:startTimer(374)) - Scheduled Metric snapshot period at 10 second(s).
2019-07-14 00:57:53,655 INFO  impl.MetricsSystemImpl (MetricsSystemImpl.java:start(191)) - StorageContainerManager metrics system started
2019-07-14 00:57:53,805 INFO  server.SCMClientProtocolServer (SCMClientProtocolServer.java:start(149)) - RPC server for Client  is listening at /0.0.0.0:35150
2019-07-14 00:57:53,806 INFO  ipc.Server (Server.java:run(1153)) - IPC Server listener on 35150: starting
2019-07-14 00:57:53,806 INFO  ipc.Server (Server.java:run(1314)) - IPC Server Responder: starting
2019-07-14 00:57:53,813 INFO  server.StorageContainerManager (StorageContainerManager.java:start(768)) - ScmBlockLocationProtocol RPC server is listening at /0.0.0.0:39119
2019-07-14 00:57:53,813 INFO  server.SCMBlockProtocolServer (SCMBlockProtocolServer.java:start(140)) - RPC server for Block Protocol is listening at /0.0.0.0:39119
2019-07-14 00:57:53,814 INFO  ipc.Server (Server.java:run(1153)) - IPC Server listener on 39119: starting
2019-07-14 00:57:53,814 INFO  ipc.Server (Server.java:run(1314)) - IPC Server Responder: starting
2019-07-14 00:57:53,824 INFO  server.StorageContainerManager (StorageContainerManager.java:start(772)) - ScmDatanodeProtocl RPC server is listening at /0.0.0.0:37475
2019-07-14 00:57:53,824 INFO  server.SCMDatanodeProtocolServer (SCMDatanodeProtocolServer.java:start(191)) - RPC server for DataNodes is listening at /0.0.0.0:37475
2019-07-14 00:57:53,825 INFO  ipc.Server (Server.java:run(1314)) - IPC Server Responder: starting
2019-07-14 00:57:53,825 INFO  ipc.Server (Server.java:run(1153)) - IPC Server listener on 37475: starting
2019-07-14 00:57:53,848 INFO  http.HttpServer2 (HttpServer2.java:bindListener(1191)) - Jetty bound to port 44814
2019-07-14 00:57:53,849 INFO  server.Server (Server.java:doStart(351)) - jetty-9.3.24.v20180605, build timestamp: 2018-06-05T17:11:56Z, git hash: 84205aa28f11a4f31f2a3b86d1bba2cc8ab69827
2019-07-14 00:57:53,851 INFO  handler.ContextHandler (ContextHandler.java:doStart(781)) - Started o.e.j.s.ServletContextHandler@38c7ad43{/logs,file:///tmp/workdir/hadoop-ozone/integration-test/target/log,AVAILABLE}
2019-07-14 00:57:53,852 INFO  handler.ContextHandler (ContextHandler.java:doStart(781)) - Started o.e.j.s.ServletContextHandler@32fefbe6{/static,file:///tmp/workdir/hadoop-ozone/integration-test/target/test-classes/webapps/static,AVAILABLE}
2019-07-14 00:57:53,858 INFO  handler.ContextHandler (ContextHandler.java:doStart(781)) - Started o.e.j.w.WebAppContext@3bd7829b{/,file:///tmp/workdir/hadoop-ozone/integration-test/target/test-classes/webapps/scm/,AVAILABLE}{/scm}
2019-07-14 00:57:53,858 INFO  server.AbstractConnector (AbstractConnector.java:doStart(278)) - Started ServerConnector@4faccb34{HTTP/1.1,[http/1.1]}{0.0.0.0:44814}
2019-07-14 00:57:53,861 INFO  server.Server (Server.java:doStart(419)) - Started @188568ms
2019-07-14 00:57:53,863 INFO  server.BaseHttpServer (BaseHttpServer.java:updateConnectorAddress(207)) - HTTP server of SCM is listening at http://0.0.0.0:44814
2019-07-14 00:57:53,864 WARN  server.ServerUtils (ServerUtils.java:getDBPath(222)) - ozone.om.db.dirs is not configured. We recommend adding this setting. Falling back to ozone.metadata.dirs instead.
2019-07-14 00:57:53,867 INFO  util.JvmPauseMonitor (JvmPauseMonitor.java:run(188)) - Starting JVM pause monitor
2019-07-14 00:57:53,892 WARN  server.ServerUtils (ServerUtils.java:getDBPath(222)) - ozone.om.db.dirs is not configured. We recommend adding this setting. Falling back to ozone.metadata.dirs instead.
2019-07-14 00:57:53,893 INFO  om.OzoneManager (OzoneManager.java:setOMNodeDetails(630)) - OM Service ID is not set. Setting it to the default ID: omServiceIdDefault
2019-07-14 00:57:53,893 INFO  om.OzoneManager (OzoneManager.java:setOMNodeDetails(636)) - OM Node ID is not set. Setting it to the OmStorage's OmID: 9dd86d8d-cfe9-4f47-8b91-dd836d42cb14
2019-07-14 00:57:53,894 INFO  om.OzoneManager (OzoneManager.java:loadOMHAConfigs(587)) - Found matching OM address with OMServiceId: null, OMNodeId: null, RPC Address: localhost:0 and Ratis port: 9872
2019-07-14 00:57:53,909 WARN  server.ServerUtils (ServerUtils.java:getDBPath(222)) - ozone.om.db.dirs is not configured. We recommend adding this setting. Falling back to ozone.metadata.dirs instead.
2019-07-14 00:57:53,910 INFO  db.DBStoreBuilder (DBStoreBuilder.java:addTable(110)) - using custom profile for table: userTable
2019-07-14 00:57:53,910 INFO  db.DBStoreBuilder (DBStoreBuilder.java:processTables(161)) - Using default column profile:DBProfile.DISK for Table:userTable
2019-07-14 00:57:53,910 INFO  db.DBStoreBuilder (DBStoreBuilder.java:addTable(110)) - using custom profile for table: volumeTable
2019-07-14 00:57:53,910 INFO  db.DBStoreBuilder (DBStoreBuilder.java:processTables(161)) - Using default column profile:DBProfile.DISK for Table:volumeTable
2019-07-14 00:57:53,911 INFO  db.DBStoreBuilder (DBStoreBuilder.java:addTable(110)) - using custom profile for table: bucketTable
2019-07-14 00:57:53,911 INFO  db.DBStoreBuilder (DBStoreBuilder.java:processTables(161)) - Using default column profile:DBProfile.DISK for Table:bucketTable
2019-07-14 00:57:53,911 INFO  db.DBStoreBuilder (DBStoreBuilder.java:addTable(110)) - using custom profile for table: keyTable
2019-07-14 00:57:53,911 INFO  db.DBStoreBuilder (DBStoreBuilder.java:processTables(161)) - Using default column profile:DBProfile.DISK for Table:keyTable
2019-07-14 00:57:53,912 INFO  db.DBStoreBuilder (DBStoreBuilder.java:addTable(110)) - using custom profile for table: deletedTable
2019-07-14 00:57:53,912 INFO  db.DBStoreBuilder (DBStoreBuilder.java:processTables(161)) - Using default column profile:DBProfile.DISK for Table:deletedTable
2019-07-14 00:57:53,912 INFO  db.DBStoreBuilder (DBStoreBuilder.java:addTable(110)) - using custom profile for table: openKeyTable
2019-07-14 00:57:53,912 INFO  db.DBStoreBuilder (DBStoreBuilder.java:processTables(161)) - Using default column profile:DBProfile.DISK for Table:openKeyTable
2019-07-14 00:57:53,913 INFO  db.DBStoreBuilder (DBStoreBuilder.java:addTable(110)) - using custom profile for table: s3Table
2019-07-14 00:57:53,913 INFO  db.DBStoreBuilder (DBStoreBuilder.java:processTables(161)) - Using default column profile:DBProfile.DISK for Table:s3Table
2019-07-14 00:57:53,913 INFO  db.DBStoreBuilder (DBStoreBuilder.java:addTable(110)) - using custom profile for table: multipartInfoTable
2019-07-14 00:57:53,913 INFO  db.DBStoreBuilder (DBStoreBuilder.java:processTables(161)) - Using default column profile:DBProfile.DISK for Table:multipartInfoTable
2019-07-14 00:57:53,914 INFO  db.DBStoreBuilder (DBStoreBuilder.java:addTable(110)) - using custom profile for table: dTokenTable
2019-07-14 00:57:53,914 INFO  db.DBStoreBuilder (DBStoreBuilder.java:processTables(161)) - Using default column profile:DBProfile.DISK for Table:dTokenTable
2019-07-14 00:57:53,914 INFO  db.DBStoreBuilder (DBStoreBuilder.java:addTable(110)) - using custom profile for table: s3SecretTable
2019-07-14 00:57:53,914 INFO  db.DBStoreBuilder (DBStoreBuilder.java:processTables(161)) - Using default column profile:DBProfile.DISK for Table:s3SecretTable
2019-07-14 00:57:53,915 INFO  db.DBStoreBuilder (DBStoreBuilder.java:addTable(110)) - using custom profile for table: prefixTable
2019-07-14 00:57:53,915 INFO  db.DBStoreBuilder (DBStoreBuilder.java:processTables(161)) - Using default column profile:DBProfile.DISK for Table:prefixTable
2019-07-14 00:57:53,915 INFO  db.DBStoreBuilder (DBStoreBuilder.java:addTable(110)) - using custom profile for table: default
2019-07-14 00:57:53,915 INFO  db.DBStoreBuilder (DBStoreBuilder.java:processTables(167)) - Using default column profile:DBProfile.DISK for Table:default
2019-07-14 00:57:53,916 INFO  db.DBStoreBuilder (DBStoreBuilder.java:getDbProfile(198)) - Using default options. DBProfile.DISK
2019-07-14 00:57:54,496 INFO  ipc.CallQueueManager (CallQueueManager.java:<init>(84)) - Using callQueue: class java.util.concurrent.LinkedBlockingQueue, queueCapacity: 2000, scheduler: class org.apache.hadoop.ipc.DefaultRpcScheduler, ipcBackoff: false.
2019-07-14 00:57:54,497 INFO  ipc.Server (Server.java:run(1074)) - Starting Socket Reader #1 for port 41228
2019-07-14 00:57:54,529 WARN  server.ServerUtils (ServerUtils.java:getDBPath(222)) - ozone.om.db.dirs is not configured. We recommend adding this setting. Falling back to ozone.metadata.dirs instead.
2019-07-14 00:57:54,530 INFO  om.OzoneManager (OzoneManager.java:start(1228)) - OzoneManager RPC server is listening at localhost/127.0.0.1:41228
2019-07-14 00:57:54,530 INFO  impl.MetricsSystemImpl (MetricsSystemImpl.java:init(158)) - OzoneManager metrics system started (again)
2019-07-14 00:57:54,531 INFO  ipc.Server (Server.java:run(1314)) - IPC Server Responder: starting
2019-07-14 00:57:54,531 INFO  ipc.Server (Server.java:run(1153)) - IPC Server listener on 41228: starting
2019-07-14 00:57:54,543 INFO  hdfs.DFSUtil (DFSUtil.java:httpServerTemplateForNNAndJN(1641)) - Starting Web-server for ozoneManager at: http://0.0.0.0:0
2019-07-14 00:57:54,554 INFO  server.AuthenticationFilter (AuthenticationFilter.java:constructSecretProvider(240)) - Unable to initialize FileSignerSecretProvider, falling back to use random secrets.
2019-07-14 00:57:54,555 WARN  http.HttpRequestLog (HttpRequestLog.java:getRequestLog(97)) - Jetty request log can only be enabled using Log4j
2019-07-14 00:57:54,557 INFO  http.HttpServer2 (HttpServer2.java:addGlobalFilter(975)) - Added global filter 'safety' (class=org.apache.hadoop.http.HttpServer2$QuotingInputFilter)
2019-07-14 00:57:54,558 INFO  http.HttpServer2 (HttpServer2.java:addFilter(948)) - Added filter static_user_filter (class=org.apache.hadoop.http.lib.StaticUserWebFilter$StaticUserFilter) to context ozoneManager
2019-07-14 00:57:54,558 INFO  http.HttpServer2 (HttpServer2.java:addFilter(958)) - Added filter static_user_filter (class=org.apache.hadoop.http.lib.StaticUserWebFilter$StaticUserFilter) to context logs
2019-07-14 00:57:54,558 INFO  http.HttpServer2 (HttpServer2.java:addFilter(958)) - Added filter static_user_filter (class=org.apache.hadoop.http.lib.StaticUserWebFilter$StaticUserFilter) to context static
2019-07-14 00:57:54,559 INFO  http.HttpServer2 (HttpServer2.java:bindListener(1191)) - Jetty bound to port 43440
2019-07-14 00:57:54,559 INFO  server.Server (Server.java:doStart(351)) - jetty-9.3.24.v20180605, build timestamp: 2018-06-05T17:11:56Z, git hash: 84205aa28f11a4f31f2a3b86d1bba2cc8ab69827
2019-07-14 00:57:54,562 INFO  handler.ContextHandler (ContextHandler.java:doStart(781)) - Started o.e.j.s.ServletContextHandler@6d398b6c{/logs,file:///tmp/workdir/hadoop-ozone/integration-test/target/log,AVAILABLE}
2019-07-14 00:57:54,562 INFO  handler.ContextHandler (ContextHandler.java:doStart(781)) - Started o.e.j.s.ServletContextHandler@46c5747f{/static,file:///tmp/workdir/hadoop-ozone/integration-test/target/test-classes/webapps/static,AVAILABLE}
2019-07-14 00:57:54,568 INFO  handler.ContextHandler (ContextHandler.java:doStart(781)) - Started o.e.j.w.WebAppContext@27e42fe8{/,file:///tmp/workdir/hadoop-ozone/integration-test/target/test-classes/webapps/ozoneManager/,AVAILABLE}{/ozoneManager}
2019-07-14 00:57:54,568 INFO  server.AbstractConnector (AbstractConnector.java:doStart(278)) - Started ServerConnector@219bad15{HTTP/1.1,[http/1.1]}{0.0.0.0:43440}
2019-07-14 00:57:54,579 INFO  server.Server (Server.java:doStart(419)) - Started @189285ms
2019-07-14 00:57:54,580 INFO  server.BaseHttpServer (BaseHttpServer.java:updateConnectorAddress(207)) - HTTP server of OZONEMANAGER is listening at http://0.0.0.0:43440
2019-07-14 00:57:54,597 INFO  impl.MetricsSystemImpl (MetricsSystemImpl.java:init(158)) - HddsDatanode metrics system started (again)
2019-07-14 00:57:54,598 INFO  ozone.HddsDatanodeService (HddsDatanodeService.java:start(185)) - HddsDatanodeService host:trunk-nightly-sxkq5-3320257302 ip:192.168.157.230
2019-07-14 00:57:54,614 INFO  volume.HddsVolume (HddsVolume.java:<init>(176)) - Creating Volume: /tmp/workdir/hadoop-ozone/integration-test/target/test-dir/MiniOzoneClusterImpl-26790698-d9f8-48c1-a066-8ce0f022f48d/datanode-0/data/containers/hdds of  storage type : DISK and capacity : 52710309888
2019-07-14 00:57:54,615 INFO  volume.VolumeSet (VolumeSet.java:initializeVolumeSet(170)) - Added Volume : /tmp/workdir/hadoop-ozone/integration-test/target/test-dir/MiniOzoneClusterImpl-26790698-d9f8-48c1-a066-8ce0f022f48d/datanode-0/data/containers/hdds to VolumeSet
2019-07-14 00:57:54,615 INFO  volume.ThrottledAsyncChecker (ThrottledAsyncChecker.java:schedule(140)) - Scheduling a check for org.apache.hadoop.ozone.container.common.volume.HddsVolume@65145fb7
2019-07-14 00:57:54,616 INFO  volume.HddsVolumeChecker (HddsVolumeChecker.java:checkAllVolumes(203)) - Scheduled health check for volume org.apache.hadoop.ozone.container.common.volume.HddsVolume@65145fb7
2019-07-14 00:57:54,637 INFO  impl.RaftServerProxy (ConfUtils.java:logGet(43)) - raft.rpc.type = GRPC (default)
2019-07-14 00:57:54,637 INFO  grpc.GrpcFactory (GrpcFactory.java:checkPooledByteBufAllocatorUseCacheForAllThreads(45)) - PERFORMANCE WARNING: useCacheForAllThreads is true that may cause Netty to create a lot garbage objects and, as a result, trigger GC.
	It is recommended to disable useCacheForAllThreads by setting -Dorg.apache.ratis.thirdparty.io.netty.allocator.useCacheForAllThreads=false in command line.
2019-07-14 00:57:54,637 INFO  grpc.GrpcConfigKeys$Server (ConfUtils.java:logGet(43)) - raft.grpc.server.port = 0 (default)
2019-07-14 00:57:54,638 INFO  server.GrpcService (ConfUtils.java:logGet(43)) - raft.grpc.message.size.max = 33570816 (custom)
2019-07-14 00:57:54,638 INFO  server.RaftServerConfigKeys (ConfUtils.java:logGet(43)) - raft.server.log.appender.buffer.byte-limit = 33554432 (custom)
2019-07-14 00:57:54,638 INFO  server.GrpcService (ConfUtils.java:logGet(43)) - raft.grpc.flow.control.window = 1MB (=1048576) (default)
2019-07-14 00:57:54,638 INFO  server.RaftServerConfigKeys (ConfUtils.java:logGet(43)) - raft.server.rpc.request.timeout = 3000ms (default)
2019-07-14 00:57:54,639 INFO  server.RaftServerConfigKeys (ConfUtils.java:logGet(43)) - raft.server.storage.dir = [/tmp/workdir/hadoop-ozone/integration-test/target/test-dir/MiniOzoneClusterImpl-26790698-d9f8-48c1-a066-8ce0f022f48d/datanode-0/data/ratis] (custom)
2019-07-14 00:57:54,640 INFO  replication.SimpleContainerDownloader (SimpleContainerDownloader.java:<init>(72)) - Starting container downloader service to copy containers to replicate.
2019-07-14 00:57:54,641 INFO  hdfs.DFSUtil (DFSUtil.java:httpServerTemplateForNNAndJN(1641)) - Starting Web-server for hddsDatanode at: http://0.0.0.0:0
2019-07-14 00:57:54,642 INFO  server.AuthenticationFilter (AuthenticationFilter.java:constructSecretProvider(240)) - Unable to initialize FileSignerSecretProvider, falling back to use random secrets.
2019-07-14 00:57:54,643 WARN  http.HttpRequestLog (HttpRequestLog.java:getRequestLog(97)) - Jetty request log can only be enabled using Log4j
2019-07-14 00:57:54,644 INFO  http.HttpServer2 (HttpServer2.java:addGlobalFilter(975)) - Added global filter 'safety' (class=org.apache.hadoop.http.HttpServer2$QuotingInputFilter)
2019-07-14 00:57:54,645 INFO  http.HttpServer2 (HttpServer2.java:addFilter(948)) - Added filter static_user_filter (class=org.apache.hadoop.http.lib.StaticUserWebFilter$StaticUserFilter) to context hddsDatanode
2019-07-14 00:57:54,645 INFO  http.HttpServer2 (HttpServer2.java:addFilter(958)) - Added filter static_user_filter (class=org.apache.hadoop.http.lib.StaticUserWebFilter$StaticUserFilter) to context logs
2019-07-14 00:57:54,645 INFO  http.HttpServer2 (HttpServer2.java:addFilter(958)) - Added filter static_user_filter (class=org.apache.hadoop.http.lib.StaticUserWebFilter$StaticUserFilter) to context static
2019-07-14 00:57:54,646 INFO  http.HttpServer2 (HttpServer2.java:bindListener(1191)) - Jetty bound to port 38074
2019-07-14 00:57:54,646 INFO  server.Server (Server.java:doStart(351)) - jetty-9.3.24.v20180605, build timestamp: 2018-06-05T17:11:56Z, git hash: 84205aa28f11a4f31f2a3b86d1bba2cc8ab69827
2019-07-14 00:57:54,648 INFO  handler.ContextHandler (ContextHandler.java:doStart(781)) - Started o.e.j.s.ServletContextHandler@4ce9985f{/logs,file:///tmp/workdir/hadoop-ozone/integration-test/target/log,AVAILABLE}
2019-07-14 00:57:54,649 INFO  handler.ContextHandler (ContextHandler.java:doStart(781)) - Started o.e.j.s.ServletContextHandler@56d4481f{/static,jar:file:/home/user/.m2/repository/org/apache/hadoop/hadoop-hdds-container-service/0.5.0-SNAPSHOT/hadoop-hdds-container-service-0.5.0-SNAPSHOT.jar!/webapps/static,AVAILABLE}
2019-07-14 00:57:54,682 INFO  handler.ContextHandler (ContextHandler.java:doStart(781)) - Started o.e.j.w.WebAppContext@e10809f{/,file:///tmp/jetty-0.0.0.0-38074-hddsDatanode-_-any-6118618229290909599.dir/webapp/,AVAILABLE}{/hddsDatanode}
2019-07-14 00:57:54,683 INFO  server.AbstractConnector (AbstractConnector.java:doStart(278)) - Started ServerConnector@470c2a7a{HTTP/1.1,[http/1.1]}{0.0.0.0:38074}
2019-07-14 00:57:54,686 INFO  server.Server (Server.java:doStart(419)) - Started @189393ms
2019-07-14 00:57:54,687 INFO  server.BaseHttpServer (BaseHttpServer.java:updateConnectorAddress(207)) - HTTP server of HDDSDATANODE is listening at http://0.0.0.0:38074
2019-07-14 00:57:54,794 INFO  ozone.HddsDatanodeService (HddsDatanodeService.java:startPlugins(396)) - Started plug-in org.apache.hadoop.ozone.web.OzoneHddsDatanodeService@21312b5
2019-07-14 00:57:54,795 INFO  impl.MetricsSystemImpl (MetricsSystemImpl.java:init(158)) - HddsDatanode metrics system started (again)
2019-07-14 00:57:54,795 INFO  ozone.HddsDatanodeService (HddsDatanodeService.java:start(185)) - HddsDatanodeService host:trunk-nightly-sxkq5-3320257302 ip:192.168.157.230
2019-07-14 00:57:54,796 INFO  util.JvmPauseMonitor (JvmPauseMonitor.java:run(188)) - Starting JVM pause monitor
2019-07-14 00:57:54,798 INFO  datanode.InitDatanodeState (InitDatanodeState.java:persistContainerDatanodeDetails(140)) - DatanodeDetails is persisted to /tmp/workdir/hadoop-ozone/integration-test/target/test-dir/MiniOzoneClusterImpl-26790698-d9f8-48c1-a066-8ce0f022f48d/datanode-0/meta/datanode.id
2019-07-14 00:57:54,809 INFO  volume.HddsVolume (HddsVolume.java:<init>(176)) - Creating Volume: /tmp/workdir/hadoop-ozone/integration-test/target/test-dir/MiniOzoneClusterImpl-26790698-d9f8-48c1-a066-8ce0f022f48d/datanode-1/data/containers/hdds of  storage type : DISK and capacity : 52710309888
2019-07-14 00:57:54,809 INFO  volume.VolumeSet (VolumeSet.java:initializeVolumeSet(170)) - Added Volume : /tmp/workdir/hadoop-ozone/integration-test/target/test-dir/MiniOzoneClusterImpl-26790698-d9f8-48c1-a066-8ce0f022f48d/datanode-1/data/containers/hdds to VolumeSet
2019-07-14 00:57:54,809 INFO  volume.ThrottledAsyncChecker (ThrottledAsyncChecker.java:schedule(140)) - Scheduling a check for org.apache.hadoop.ozone.container.common.volume.HddsVolume@1912ba29
2019-07-14 00:57:54,810 INFO  volume.HddsVolumeChecker (HddsVolumeChecker.java:checkAllVolumes(203)) - Scheduled health check for volume org.apache.hadoop.ozone.container.common.volume.HddsVolume@1912ba29
2019-07-14 00:57:54,828 INFO  impl.RaftServerProxy (ConfUtils.java:logGet(43)) - raft.rpc.type = GRPC (default)
2019-07-14 00:57:54,829 INFO  grpc.GrpcFactory (GrpcFactory.java:checkPooledByteBufAllocatorUseCacheForAllThreads(45)) - PERFORMANCE WARNING: useCacheForAllThreads is true that may cause Netty to create a lot garbage objects and, as a result, trigger GC.
	It is recommended to disable useCacheForAllThreads by setting -Dorg.apache.ratis.thirdparty.io.netty.allocator.useCacheForAllThreads=false in command line.
2019-07-14 00:57:54,829 INFO  grpc.GrpcConfigKeys$Server (ConfUtils.java:logGet(43)) - raft.grpc.server.port = 0 (default)
2019-07-14 00:57:54,829 INFO  server.GrpcService (ConfUtils.java:logGet(43)) - raft.grpc.message.size.max = 33570816 (custom)
2019-07-14 00:57:54,829 INFO  server.RaftServerConfigKeys (ConfUtils.java:logGet(43)) - raft.server.log.appender.buffer.byte-limit = 33554432 (custom)
2019-07-14 00:57:54,829 INFO  server.GrpcService (ConfUtils.java:logGet(43)) - raft.grpc.flow.control.window = 1MB (=1048576) (default)
2019-07-14 00:57:54,829 INFO  server.RaftServerConfigKeys (ConfUtils.java:logGet(43)) - raft.server.rpc.request.timeout = 3000ms (default)
2019-07-14 00:57:54,830 INFO  server.RaftServerConfigKeys (ConfUtils.java:logGet(43)) - raft.server.storage.dir = [/tmp/workdir/hadoop-ozone/integration-test/target/test-dir/MiniOzoneClusterImpl-26790698-d9f8-48c1-a066-8ce0f022f48d/datanode-1/data/ratis] (custom)
2019-07-14 00:57:54,830 INFO  replication.SimpleContainerDownloader (SimpleContainerDownloader.java:<init>(72)) - Starting container downloader service to copy containers to replicate.
2019-07-14 00:57:54,831 INFO  hdfs.DFSUtil (DFSUtil.java:httpServerTemplateForNNAndJN(1641)) - Starting Web-server for hddsDatanode at: http://0.0.0.0:0
2019-07-14 00:57:54,832 INFO  server.AuthenticationFilter (AuthenticationFilter.java:constructSecretProvider(240)) - Unable to initialize FileSignerSecretProvider, falling back to use random secrets.
2019-07-14 00:57:54,833 WARN  http.HttpRequestLog (HttpRequestLog.java:getRequestLog(97)) - Jetty request log can only be enabled using Log4j
2019-07-14 00:57:54,834 INFO  http.HttpServer2 (HttpServer2.java:addGlobalFilter(975)) - Added global filter 'safety' (class=org.apache.hadoop.http.HttpServer2$QuotingInputFilter)
2019-07-14 00:57:54,834 INFO  http.HttpServer2 (HttpServer2.java:addFilter(948)) - Added filter static_user_filter (class=org.apache.hadoop.http.lib.StaticUserWebFilter$StaticUserFilter) to context hddsDatanode
2019-07-14 00:57:54,834 INFO  http.HttpServer2 (HttpServer2.java:addFilter(958)) - Added filter static_user_filter (class=org.apache.hadoop.http.lib.StaticUserWebFilter$StaticUserFilter) to context logs
2019-07-14 00:57:54,835 INFO  http.HttpServer2 (HttpServer2.java:addFilter(958)) - Added filter static_user_filter (class=org.apache.hadoop.http.lib.StaticUserWebFilter$StaticUserFilter) to context static
2019-07-14 00:57:54,835 INFO  http.HttpServer2 (HttpServer2.java:bindListener(1191)) - Jetty bound to port 46359
2019-07-14 00:57:54,835 INFO  server.Server (Server.java:doStart(351)) - jetty-9.3.24.v20180605, build timestamp: 2018-06-05T17:11:56Z, git hash: 84205aa28f11a4f31f2a3b86d1bba2cc8ab69827
2019-07-14 00:57:54,837 INFO  handler.ContextHandler (ContextHandler.java:doStart(781)) - Started o.e.j.s.ServletContextHandler@58052571{/logs,file:///tmp/workdir/hadoop-ozone/integration-test/target/log,AVAILABLE}
2019-07-14 00:57:54,837 INFO  handler.ContextHandler (ContextHandler.java:doStart(781)) - Started o.e.j.s.ServletContextHandler@14144cc9{/static,jar:file:/home/user/.m2/repository/org/apache/hadoop/hadoop-hdds-container-service/0.5.0-SNAPSHOT/hadoop-hdds-container-service-0.5.0-SNAPSHOT.jar!/webapps/static,AVAILABLE}
2019-07-14 00:57:54,863 INFO  handler.ContextHandler (ContextHandler.java:doStart(781)) - Started o.e.j.w.WebAppContext@5623fd90{/,file:///tmp/jetty-0.0.0.0-46359-hddsDatanode-_-any-4854532893109732489.dir/webapp/,AVAILABLE}{/hddsDatanode}
2019-07-14 00:57:54,864 INFO  server.AbstractConnector (AbstractConnector.java:doStart(278)) - Started ServerConnector@4842a683{HTTP/1.1,[http/1.1]}{0.0.0.0:46359}
2019-07-14 00:57:54,864 INFO  server.Server (Server.java:doStart(419)) - Started @189571ms
2019-07-14 00:57:54,868 INFO  server.BaseHttpServer (BaseHttpServer.java:updateConnectorAddress(207)) - HTTP server of HDDSDATANODE is listening at http://0.0.0.0:46359
2019-07-14 00:57:55,136 INFO  ozone.HddsDatanodeService (HddsDatanodeService.java:startPlugins(396)) - Started plug-in org.apache.hadoop.ozone.web.OzoneHddsDatanodeService@32eca9f4
2019-07-14 00:57:55,159 INFO  impl.MetricsSystemImpl (MetricsSystemImpl.java:init(158)) - HddsDatanode metrics system started (again)
2019-07-14 00:57:55,159 INFO  ozone.HddsDatanodeService (HddsDatanodeService.java:start(185)) - HddsDatanodeService host:trunk-nightly-sxkq5-3320257302 ip:192.168.157.230
2019-07-14 00:57:55,173 INFO  util.JvmPauseMonitor (JvmPauseMonitor.java:run(188)) - Starting JVM pause monitor
2019-07-14 00:57:55,178 INFO  datanode.InitDatanodeState (InitDatanodeState.java:persistContainerDatanodeDetails(140)) - DatanodeDetails is persisted to /tmp/workdir/hadoop-ozone/integration-test/target/test-dir/MiniOzoneClusterImpl-26790698-d9f8-48c1-a066-8ce0f022f48d/datanode-1/meta/datanode.id
2019-07-14 00:57:55,192 INFO  volume.HddsVolume (HddsVolume.java:<init>(176)) - Creating Volume: /tmp/workdir/hadoop-ozone/integration-test/target/test-dir/MiniOzoneClusterImpl-26790698-d9f8-48c1-a066-8ce0f022f48d/datanode-2/data/containers/hdds of  storage type : DISK and capacity : 52710309888
2019-07-14 00:57:55,192 INFO  volume.VolumeSet (VolumeSet.java:initializeVolumeSet(170)) - Added Volume : /tmp/workdir/hadoop-ozone/integration-test/target/test-dir/MiniOzoneClusterImpl-26790698-d9f8-48c1-a066-8ce0f022f48d/datanode-2/data/containers/hdds to VolumeSet
2019-07-14 00:57:55,192 INFO  volume.ThrottledAsyncChecker (ThrottledAsyncChecker.java:schedule(140)) - Scheduling a check for org.apache.hadoop.ozone.container.common.volume.HddsVolume@2daf650b
2019-07-14 00:57:55,193 INFO  volume.HddsVolumeChecker (HddsVolumeChecker.java:checkAllVolumes(203)) - Scheduled health check for volume org.apache.hadoop.ozone.container.common.volume.HddsVolume@2daf650b
2019-07-14 00:57:55,210 INFO  impl.RaftServerProxy (ConfUtils.java:logGet(43)) - raft.rpc.type = GRPC (default)
2019-07-14 00:57:55,210 INFO  grpc.GrpcFactory (GrpcFactory.java:checkPooledByteBufAllocatorUseCacheForAllThreads(45)) - PERFORMANCE WARNING: useCacheForAllThreads is true that may cause Netty to create a lot garbage objects and, as a result, trigger GC.
	It is recommended to disable useCacheForAllThreads by setting -Dorg.apache.ratis.thirdparty.io.netty.allocator.useCacheForAllThreads=false in command line.
2019-07-14 00:57:55,211 INFO  grpc.GrpcConfigKeys$Server (ConfUtils.java:logGet(43)) - raft.grpc.server.port = 0 (default)
2019-07-14 00:57:55,211 INFO  server.GrpcService (ConfUtils.java:logGet(43)) - raft.grpc.message.size.max = 33570816 (custom)
2019-07-14 00:57:55,211 INFO  server.RaftServerConfigKeys (ConfUtils.java:logGet(43)) - raft.server.log.appender.buffer.byte-limit = 33554432 (custom)
2019-07-14 00:57:55,212 INFO  server.GrpcService (ConfUtils.java:logGet(43)) - raft.grpc.flow.control.window = 1MB (=1048576) (default)
2019-07-14 00:57:55,212 INFO  server.RaftServerConfigKeys (ConfUtils.java:logGet(43)) - raft.server.rpc.request.timeout = 3000ms (default)
2019-07-14 00:57:55,213 INFO  server.RaftServerConfigKeys (ConfUtils.java:logGet(43)) - raft.server.storage.dir = [/tmp/workdir/hadoop-ozone/integration-test/target/test-dir/MiniOzoneClusterImpl-26790698-d9f8-48c1-a066-8ce0f022f48d/datanode-2/data/ratis] (custom)
2019-07-14 00:57:55,213 INFO  replication.SimpleContainerDownloader (SimpleContainerDownloader.java:<init>(72)) - Starting container downloader service to copy containers to replicate.
2019-07-14 00:57:55,215 INFO  hdfs.DFSUtil (DFSUtil.java:httpServerTemplateForNNAndJN(1641)) - Starting Web-server for hddsDatanode at: http://0.0.0.0:0
2019-07-14 00:57:55,217 INFO  server.AuthenticationFilter (AuthenticationFilter.java:constructSecretProvider(240)) - Unable to initialize FileSignerSecretProvider, falling back to use random secrets.
2019-07-14 00:57:55,217 WARN  http.HttpRequestLog (HttpRequestLog.java:getRequestLog(97)) - Jetty request log can only be enabled using Log4j
2019-07-14 00:57:55,219 INFO  http.HttpServer2 (HttpServer2.java:addGlobalFilter(975)) - Added global filter 'safety' (class=org.apache.hadoop.http.HttpServer2$QuotingInputFilter)
2019-07-14 00:57:55,220 INFO  http.HttpServer2 (HttpServer2.java:addFilter(948)) - Added filter static_user_filter (class=org.apache.hadoop.http.lib.StaticUserWebFilter$StaticUserFilter) to context hddsDatanode
2019-07-14 00:57:55,220 INFO  http.HttpServer2 (HttpServer2.java:addFilter(958)) - Added filter static_user_filter (class=org.apache.hadoop.http.lib.StaticUserWebFilter$StaticUserFilter) to context static
2019-07-14 00:57:55,220 INFO  http.HttpServer2 (HttpServer2.java:addFilter(958)) - Added filter static_user_filter (class=org.apache.hadoop.http.lib.StaticUserWebFilter$StaticUserFilter) to context logs
2019-07-14 00:57:55,221 INFO  http.HttpServer2 (HttpServer2.java:bindListener(1191)) - Jetty bound to port 40171
2019-07-14 00:57:55,221 INFO  server.Server (Server.java:doStart(351)) - jetty-9.3.24.v20180605, build timestamp: 2018-06-05T17:11:56Z, git hash: 84205aa28f11a4f31f2a3b86d1bba2cc8ab69827
2019-07-14 00:57:55,223 INFO  handler.ContextHandler (ContextHandler.java:doStart(781)) - Started o.e.j.s.ServletContextHandler@4540aade{/logs,file:///tmp/workdir/hadoop-ozone/integration-test/target/log,AVAILABLE}
2019-07-14 00:57:55,224 INFO  handler.ContextHandler (ContextHandler.java:doStart(781)) - Started o.e.j.s.ServletContextHandler@38cbbd0b{/static,jar:file:/home/user/.m2/repository/org/apache/hadoop/hadoop-hdds-container-service/0.5.0-SNAPSHOT/hadoop-hdds-container-service-0.5.0-SNAPSHOT.jar!/webapps/static,AVAILABLE}
2019-07-14 00:57:55,265 INFO  handler.ContextHandler (ContextHandler.java:doStart(781)) - Started o.e.j.w.WebAppContext@7ba70b3b{/,file:///tmp/jetty-0.0.0.0-40171-hddsDatanode-_-any-5489110943065941098.dir/webapp/,AVAILABLE}{/hddsDatanode}
2019-07-14 00:57:55,266 INFO  server.AbstractConnector (AbstractConnector.java:doStart(278)) - Started ServerConnector@3a72b2c9{HTTP/1.1,[http/1.1]}{0.0.0.0:40171}
2019-07-14 00:57:55,266 INFO  server.Server (Server.java:doStart(419)) - Started @189972ms
2019-07-14 00:57:55,270 INFO  server.BaseHttpServer (BaseHttpServer.java:updateConnectorAddress(207)) - HTTP server of HDDSDATANODE is listening at http://0.0.0.0:40171
2019-07-14 00:57:55,387 INFO  ozone.HddsDatanodeService (HddsDatanodeService.java:startPlugins(396)) - Started plug-in org.apache.hadoop.ozone.web.OzoneHddsDatanodeService@2ddb260e
2019-07-14 00:57:55,387 INFO  impl.MetricsSystemImpl (MetricsSystemImpl.java:init(158)) - HddsDatanode metrics system started (again)
2019-07-14 00:57:55,387 INFO  ozone.HddsDatanodeService (HddsDatanodeService.java:start(185)) - HddsDatanodeService host:trunk-nightly-sxkq5-3320257302 ip:192.168.157.230
2019-07-14 00:57:55,388 INFO  util.JvmPauseMonitor (JvmPauseMonitor.java:run(188)) - Starting JVM pause monitor
2019-07-14 00:57:55,390 INFO  datanode.InitDatanodeState (InitDatanodeState.java:persistContainerDatanodeDetails(140)) - DatanodeDetails is persisted to /tmp/workdir/hadoop-ozone/integration-test/target/test-dir/MiniOzoneClusterImpl-26790698-d9f8-48c1-a066-8ce0f022f48d/datanode-2/meta/datanode.id
2019-07-14 00:57:55,402 INFO  volume.HddsVolume (HddsVolume.java:<init>(176)) - Creating Volume: /tmp/workdir/hadoop-ozone/integration-test/target/test-dir/MiniOzoneClusterImpl-26790698-d9f8-48c1-a066-8ce0f022f48d/datanode-3/data/containers/hdds of  storage type : DISK and capacity : 52710309888
2019-07-14 00:57:55,402 INFO  volume.VolumeSet (VolumeSet.java:initializeVolumeSet(170)) - Added Volume : /tmp/workdir/hadoop-ozone/integration-test/target/test-dir/MiniOzoneClusterImpl-26790698-d9f8-48c1-a066-8ce0f022f48d/datanode-3/data/containers/hdds to VolumeSet
2019-07-14 00:57:55,402 INFO  volume.ThrottledAsyncChecker (ThrottledAsyncChecker.java:schedule(140)) - Scheduling a check for org.apache.hadoop.ozone.container.common.volume.HddsVolume@76a90ecb
2019-07-14 00:57:55,403 INFO  volume.HddsVolumeChecker (HddsVolumeChecker.java:checkAllVolumes(203)) - Scheduled health check for volume org.apache.hadoop.ozone.container.common.volume.HddsVolume@76a90ecb
2019-07-14 00:57:55,421 INFO  impl.RaftServerProxy (ConfUtils.java:logGet(43)) - raft.rpc.type = GRPC (default)
2019-07-14 00:57:55,421 INFO  grpc.GrpcFactory (GrpcFactory.java:checkPooledByteBufAllocatorUseCacheForAllThreads(45)) - PERFORMANCE WARNING: useCacheForAllThreads is true that may cause Netty to create a lot garbage objects and, as a result, trigger GC.
	It is recommended to disable useCacheForAllThreads by setting -Dorg.apache.ratis.thirdparty.io.netty.allocator.useCacheForAllThreads=false in command line.
2019-07-14 00:57:55,422 INFO  grpc.GrpcConfigKeys$Server (ConfUtils.java:logGet(43)) - raft.grpc.server.port = 0 (default)
2019-07-14 00:57:55,422 INFO  server.GrpcService (ConfUtils.java:logGet(43)) - raft.grpc.message.size.max = 33570816 (custom)
2019-07-14 00:57:55,422 INFO  server.RaftServerConfigKeys (ConfUtils.java:logGet(43)) - raft.server.log.appender.buffer.byte-limit = 33554432 (custom)
2019-07-14 00:57:55,422 INFO  server.GrpcService (ConfUtils.java:logGet(43)) - raft.grpc.flow.control.window = 1MB (=1048576) (default)
2019-07-14 00:57:55,422 INFO  server.RaftServerConfigKeys (ConfUtils.java:logGet(43)) - raft.server.rpc.request.timeout = 3000ms (default)
2019-07-14 00:57:55,423 INFO  server.RaftServerConfigKeys (ConfUtils.java:logGet(43)) - raft.server.storage.dir = [/tmp/workdir/hadoop-ozone/integration-test/target/test-dir/MiniOzoneClusterImpl-26790698-d9f8-48c1-a066-8ce0f022f48d/datanode-3/data/ratis] (custom)
2019-07-14 00:57:55,423 INFO  replication.SimpleContainerDownloader (SimpleContainerDownloader.java:<init>(72)) - Starting container downloader service to copy containers to replicate.
2019-07-14 00:57:55,424 INFO  hdfs.DFSUtil (DFSUtil.java:httpServerTemplateForNNAndJN(1641)) - Starting Web-server for hddsDatanode at: http://0.0.0.0:0
2019-07-14 00:57:55,425 INFO  server.AuthenticationFilter (AuthenticationFilter.java:constructSecretProvider(240)) - Unable to initialize FileSignerSecretProvider, falling back to use random secrets.
2019-07-14 00:57:55,426 WARN  http.HttpRequestLog (HttpRequestLog.java:getRequestLog(97)) - Jetty request log can only be enabled using Log4j
2019-07-14 00:57:55,427 INFO  http.HttpServer2 (HttpServer2.java:addGlobalFilter(975)) - Added global filter 'safety' (class=org.apache.hadoop.http.HttpServer2$QuotingInputFilter)
2019-07-14 00:57:55,427 INFO  http.HttpServer2 (HttpServer2.java:addFilter(948)) - Added filter static_user_filter (class=org.apache.hadoop.http.lib.StaticUserWebFilter$StaticUserFilter) to context hddsDatanode
2019-07-14 00:57:55,430 INFO  http.HttpServer2 (HttpServer2.java:addFilter(958)) - Added filter static_user_filter (class=org.apache.hadoop.http.lib.StaticUserWebFilter$StaticUserFilter) to context logs
2019-07-14 00:57:55,430 INFO  http.HttpServer2 (HttpServer2.java:addFilter(958)) - Added filter static_user_filter (class=org.apache.hadoop.http.lib.StaticUserWebFilter$StaticUserFilter) to context static
2019-07-14 00:57:55,430 INFO  http.HttpServer2 (HttpServer2.java:bindListener(1191)) - Jetty bound to port 34269
2019-07-14 00:57:55,431 INFO  server.Server (Server.java:doStart(351)) - jetty-9.3.24.v20180605, build timestamp: 2018-06-05T17:11:56Z, git hash: 84205aa28f11a4f31f2a3b86d1bba2cc8ab69827
2019-07-14 00:57:55,432 INFO  handler.ContextHandler (ContextHandler.java:doStart(781)) - Started o.e.j.s.ServletContextHandler@4870d2e1{/logs,file:///tmp/workdir/hadoop-ozone/integration-test/target/log,AVAILABLE}
2019-07-14 00:57:55,432 INFO  handler.ContextHandler (ContextHandler.java:doStart(781)) - Started o.e.j.s.ServletContextHandler@61ee9672{/static,jar:file:/home/user/.m2/repository/org/apache/hadoop/hadoop-hdds-container-service/0.5.0-SNAPSHOT/hadoop-hdds-container-service-0.5.0-SNAPSHOT.jar!/webapps/static,AVAILABLE}
2019-07-14 00:57:55,459 INFO  handler.ContextHandler (ContextHandler.java:doStart(781)) - Started o.e.j.w.WebAppContext@27215154{/,file:///tmp/jetty-0.0.0.0-34269-hddsDatanode-_-any-2715882402259514350.dir/webapp/,AVAILABLE}{/hddsDatanode}
2019-07-14 00:57:55,459 INFO  server.AbstractConnector (AbstractConnector.java:doStart(278)) - Started ServerConnector@6bca3b27{HTTP/1.1,[http/1.1]}{0.0.0.0:34269}
2019-07-14 00:57:55,459 INFO  server.Server (Server.java:doStart(419)) - Started @190166ms
2019-07-14 00:57:55,463 INFO  server.BaseHttpServer (BaseHttpServer.java:updateConnectorAddress(207)) - HTTP server of HDDSDATANODE is listening at http://0.0.0.0:34269
2019-07-14 00:57:55,563 INFO  ozone.HddsDatanodeService (HddsDatanodeService.java:startPlugins(396)) - Started plug-in org.apache.hadoop.ozone.web.OzoneHddsDatanodeService@19266ca3
2019-07-14 00:57:55,563 INFO  impl.MetricsSystemImpl (MetricsSystemImpl.java:init(158)) - HddsDatanode metrics system started (again)
2019-07-14 00:57:55,563 INFO  ozone.HddsDatanodeService (HddsDatanodeService.java:start(185)) - HddsDatanodeService host:trunk-nightly-sxkq5-3320257302 ip:192.168.157.230
2019-07-14 00:57:55,565 INFO  util.JvmPauseMonitor (JvmPauseMonitor.java:run(188)) - Starting JVM pause monitor
2019-07-14 00:57:55,566 INFO  datanode.InitDatanodeState (InitDatanodeState.java:persistContainerDatanodeDetails(140)) - DatanodeDetails is persisted to /tmp/workdir/hadoop-ozone/integration-test/target/test-dir/MiniOzoneClusterImpl-26790698-d9f8-48c1-a066-8ce0f022f48d/datanode-3/meta/datanode.id
2019-07-14 00:57:55,578 INFO  volume.HddsVolume (HddsVolume.java:<init>(176)) - Creating Volume: /tmp/workdir/hadoop-ozone/integration-test/target/test-dir/MiniOzoneClusterImpl-26790698-d9f8-48c1-a066-8ce0f022f48d/datanode-4/data/containers/hdds of  storage type : DISK and capacity : 52710309888
2019-07-14 00:57:55,578 INFO  volume.VolumeSet (VolumeSet.java:initializeVolumeSet(170)) - Added Volume : /tmp/workdir/hadoop-ozone/integration-test/target/test-dir/MiniOzoneClusterImpl-26790698-d9f8-48c1-a066-8ce0f022f48d/datanode-4/data/containers/hdds to VolumeSet
2019-07-14 00:57:55,578 INFO  volume.ThrottledAsyncChecker (ThrottledAsyncChecker.java:schedule(140)) - Scheduling a check for org.apache.hadoop.ozone.container.common.volume.HddsVolume@fc9313d
2019-07-14 00:57:55,579 INFO  volume.HddsVolumeChecker (HddsVolumeChecker.java:checkAllVolumes(203)) - Scheduled health check for volume org.apache.hadoop.ozone.container.common.volume.HddsVolume@fc9313d
2019-07-14 00:57:55,595 INFO  impl.RaftServerProxy (ConfUtils.java:logGet(43)) - raft.rpc.type = GRPC (default)
2019-07-14 00:57:55,596 INFO  grpc.GrpcFactory (GrpcFactory.java:checkPooledByteBufAllocatorUseCacheForAllThreads(45)) - PERFORMANCE WARNING: useCacheForAllThreads is true that may cause Netty to create a lot garbage objects and, as a result, trigger GC.
	It is recommended to disable useCacheForAllThreads by setting -Dorg.apache.ratis.thirdparty.io.netty.allocator.useCacheForAllThreads=false in command line.
2019-07-14 00:57:55,596 INFO  grpc.GrpcConfigKeys$Server (ConfUtils.java:logGet(43)) - raft.grpc.server.port = 0 (default)
2019-07-14 00:57:55,596 INFO  server.GrpcService (ConfUtils.java:logGet(43)) - raft.grpc.message.size.max = 33570816 (custom)
2019-07-14 00:57:55,596 INFO  server.RaftServerConfigKeys (ConfUtils.java:logGet(43)) - raft.server.log.appender.buffer.byte-limit = 33554432 (custom)
2019-07-14 00:57:55,596 INFO  server.GrpcService (ConfUtils.java:logGet(43)) - raft.grpc.flow.control.window = 1MB (=1048576) (default)
2019-07-14 00:57:55,597 INFO  server.RaftServerConfigKeys (ConfUtils.java:logGet(43)) - raft.server.rpc.request.timeout = 3000ms (default)
2019-07-14 00:57:55,597 INFO  server.RaftServerConfigKeys (ConfUtils.java:logGet(43)) - raft.server.storage.dir = [/tmp/workdir/hadoop-ozone/integration-test/target/test-dir/MiniOzoneClusterImpl-26790698-d9f8-48c1-a066-8ce0f022f48d/datanode-4/data/ratis] (custom)
2019-07-14 00:57:55,597 INFO  replication.SimpleContainerDownloader (SimpleContainerDownloader.java:<init>(72)) - Starting container downloader service to copy containers to replicate.
2019-07-14 00:57:55,598 INFO  hdfs.DFSUtil (DFSUtil.java:httpServerTemplateForNNAndJN(1641)) - Starting Web-server for hddsDatanode at: http://0.0.0.0:0
2019-07-14 00:57:55,599 INFO  server.AuthenticationFilter (AuthenticationFilter.java:constructSecretProvider(240)) - Unable to initialize FileSignerSecretProvider, falling back to use random secrets.
2019-07-14 00:57:55,600 WARN  http.HttpRequestLog (HttpRequestLog.java:getRequestLog(97)) - Jetty request log can only be enabled using Log4j
2019-07-14 00:57:55,601 INFO  http.HttpServer2 (HttpServer2.java:addGlobalFilter(975)) - Added global filter 'safety' (class=org.apache.hadoop.http.HttpServer2$QuotingInputFilter)
2019-07-14 00:57:55,601 INFO  http.HttpServer2 (HttpServer2.java:addFilter(948)) - Added filter static_user_filter (class=org.apache.hadoop.http.lib.StaticUserWebFilter$StaticUserFilter) to context hddsDatanode
2019-07-14 00:57:55,601 INFO  http.HttpServer2 (HttpServer2.java:addFilter(958)) - Added filter static_user_filter (class=org.apache.hadoop.http.lib.StaticUserWebFilter$StaticUserFilter) to context logs
2019-07-14 00:57:55,601 INFO  http.HttpServer2 (HttpServer2.java:addFilter(958)) - Added filter static_user_filter (class=org.apache.hadoop.http.lib.StaticUserWebFilter$StaticUserFilter) to context static
2019-07-14 00:57:55,602 INFO  http.HttpServer2 (HttpServer2.java:bindListener(1191)) - Jetty bound to port 44132
2019-07-14 00:57:55,602 INFO  server.Server (Server.java:doStart(351)) - jetty-9.3.24.v20180605, build timestamp: 2018-06-05T17:11:56Z, git hash: 84205aa28f11a4f31f2a3b86d1bba2cc8ab69827
2019-07-14 00:57:55,604 INFO  handler.ContextHandler (ContextHandler.java:doStart(781)) - Started o.e.j.s.ServletContextHandler@2296926d{/logs,file:///tmp/workdir/hadoop-ozone/integration-test/target/log,AVAILABLE}
2019-07-14 00:57:55,604 INFO  handler.ContextHandler (ContextHandler.java:doStart(781)) - Started o.e.j.s.ServletContextHandler@776d50d6{/static,jar:file:/home/user/.m2/repository/org/apache/hadoop/hadoop-hdds-container-service/0.5.0-SNAPSHOT/hadoop-hdds-container-service-0.5.0-SNAPSHOT.jar!/webapps/static,AVAILABLE}
2019-07-14 00:57:55,630 INFO  handler.ContextHandler (ContextHandler.java:doStart(781)) - Started o.e.j.w.WebAppContext@69e346b3{/,file:///tmp/jetty-0.0.0.0-44132-hddsDatanode-_-any-5280410651619387940.dir/webapp/,AVAILABLE}{/hddsDatanode}
2019-07-14 00:57:55,630 INFO  server.AbstractConnector (AbstractConnector.java:doStart(278)) - Started ServerConnector@1cda3a6d{HTTP/1.1,[http/1.1]}{0.0.0.0:44132}
2019-07-14 00:57:55,631 INFO  server.Server (Server.java:doStart(419)) - Started @190337ms
2019-07-14 00:57:55,635 INFO  server.BaseHttpServer (BaseHttpServer.java:updateConnectorAddress(207)) - HTTP server of HDDSDATANODE is listening at http://0.0.0.0:44132
2019-07-14 00:57:55,735 INFO  ozone.HddsDatanodeService (HddsDatanodeService.java:startPlugins(396)) - Started plug-in org.apache.hadoop.ozone.web.OzoneHddsDatanodeService@54e0b29c
2019-07-14 00:57:55,735 INFO  impl.MetricsSystemImpl (MetricsSystemImpl.java:init(158)) - HddsDatanode metrics system started (again)
2019-07-14 00:57:55,736 INFO  ozone.HddsDatanodeService (HddsDatanodeService.java:start(185)) - HddsDatanodeService host:trunk-nightly-sxkq5-3320257302 ip:192.168.157.230
2019-07-14 00:57:55,737 INFO  util.JvmPauseMonitor (JvmPauseMonitor.java:run(188)) - Starting JVM pause monitor
2019-07-14 00:57:55,738 INFO  datanode.InitDatanodeState (InitDatanodeState.java:persistContainerDatanodeDetails(140)) - DatanodeDetails is persisted to /tmp/workdir/hadoop-ozone/integration-test/target/test-dir/MiniOzoneClusterImpl-26790698-d9f8-48c1-a066-8ce0f022f48d/datanode-4/meta/datanode.id
2019-07-14 00:57:55,768 INFO  volume.HddsVolume (HddsVolume.java:<init>(176)) - Creating Volume: /tmp/workdir/hadoop-ozone/integration-test/target/test-dir/MiniOzoneClusterImpl-26790698-d9f8-48c1-a066-8ce0f022f48d/datanode-5/data/containers/hdds of  storage type : DISK and capacity : 52710309888
2019-07-14 00:57:55,769 INFO  volume.VolumeSet (VolumeSet.java:initializeVolumeSet(170)) - Added Volume : /tmp/workdir/hadoop-ozone/integration-test/target/test-dir/MiniOzoneClusterImpl-26790698-d9f8-48c1-a066-8ce0f022f48d/datanode-5/data/containers/hdds to VolumeSet
2019-07-14 00:57:55,769 INFO  volume.ThrottledAsyncChecker (ThrottledAsyncChecker.java:schedule(140)) - Scheduling a check for org.apache.hadoop.ozone.container.common.volume.HddsVolume@2762bd70
2019-07-14 00:57:55,770 INFO  volume.HddsVolumeChecker (HddsVolumeChecker.java:checkAllVolumes(203)) - Scheduled health check for volume org.apache.hadoop.ozone.container.common.volume.HddsVolume@2762bd70
2019-07-14 00:57:55,794 INFO  impl.RaftServerProxy (ConfUtils.java:logGet(43)) - raft.rpc.type = GRPC (default)
2019-07-14 00:57:55,794 INFO  grpc.GrpcFactory (GrpcFactory.java:checkPooledByteBufAllocatorUseCacheForAllThreads(45)) - PERFORMANCE WARNING: useCacheForAllThreads is true that may cause Netty to create a lot garbage objects and, as a result, trigger GC.
	It is recommended to disable useCacheForAllThreads by setting -Dorg.apache.ratis.thirdparty.io.netty.allocator.useCacheForAllThreads=false in command line.
2019-07-14 00:57:55,795 INFO  grpc.GrpcConfigKeys$Server (ConfUtils.java:logGet(43)) - raft.grpc.server.port = 0 (default)
2019-07-14 00:57:55,795 INFO  server.GrpcService (ConfUtils.java:logGet(43)) - raft.grpc.message.size.max = 33570816 (custom)
2019-07-14 00:57:55,795 INFO  server.RaftServerConfigKeys (ConfUtils.java:logGet(43)) - raft.server.log.appender.buffer.byte-limit = 33554432 (custom)
2019-07-14 00:57:55,795 INFO  server.GrpcService (ConfUtils.java:logGet(43)) - raft.grpc.flow.control.window = 1MB (=1048576) (default)
2019-07-14 00:57:55,796 INFO  server.RaftServerConfigKeys (ConfUtils.java:logGet(43)) - raft.server.rpc.request.timeout = 3000ms (default)
2019-07-14 00:57:55,796 INFO  server.RaftServerConfigKeys (ConfUtils.java:logGet(43)) - raft.server.storage.dir = [/tmp/workdir/hadoop-ozone/integration-test/target/test-dir/MiniOzoneClusterImpl-26790698-d9f8-48c1-a066-8ce0f022f48d/datanode-5/data/ratis] (custom)
2019-07-14 00:57:55,797 INFO  replication.SimpleContainerDownloader (SimpleContainerDownloader.java:<init>(72)) - Starting container downloader service to copy containers to replicate.
2019-07-14 00:57:55,798 INFO  hdfs.DFSUtil (DFSUtil.java:httpServerTemplateForNNAndJN(1641)) - Starting Web-server for hddsDatanode at: http://0.0.0.0:0
2019-07-14 00:57:55,800 INFO  server.AuthenticationFilter (AuthenticationFilter.java:constructSecretProvider(240)) - Unable to initialize FileSignerSecretProvider, falling back to use random secrets.
2019-07-14 00:57:55,801 WARN  http.HttpRequestLog (HttpRequestLog.java:getRequestLog(97)) - Jetty request log can only be enabled using Log4j
2019-07-14 00:57:55,802 INFO  http.HttpServer2 (HttpServer2.java:addGlobalFilter(975)) - Added global filter 'safety' (class=org.apache.hadoop.http.HttpServer2$QuotingInputFilter)
2019-07-14 00:57:55,803 INFO  http.HttpServer2 (HttpServer2.java:addFilter(948)) - Added filter static_user_filter (class=org.apache.hadoop.http.lib.StaticUserWebFilter$StaticUserFilter) to context hddsDatanode
2019-07-14 00:57:55,803 INFO  http.HttpServer2 (HttpServer2.java:addFilter(958)) - Added filter static_user_filter (class=org.apache.hadoop.http.lib.StaticUserWebFilter$StaticUserFilter) to context logs
2019-07-14 00:57:55,803 INFO  http.HttpServer2 (HttpServer2.java:addFilter(958)) - Added filter static_user_filter (class=org.apache.hadoop.http.lib.StaticUserWebFilter$StaticUserFilter) to context static
2019-07-14 00:57:55,804 INFO  http.HttpServer2 (HttpServer2.java:bindListener(1191)) - Jetty bound to port 34478
2019-07-14 00:57:55,804 INFO  server.Server (Server.java:doStart(351)) - jetty-9.3.24.v20180605, build timestamp: 2018-06-05T17:11:56Z, git hash: 84205aa28f11a4f31f2a3b86d1bba2cc8ab69827
2019-07-14 00:57:55,806 INFO  handler.ContextHandler (ContextHandler.java:doStart(781)) - Started o.e.j.s.ServletContextHandler@4cb084b{/logs,file:///tmp/workdir/hadoop-ozone/integration-test/target/log,AVAILABLE}
2019-07-14 00:57:55,807 INFO  handler.ContextHandler (ContextHandler.java:doStart(781)) - Started o.e.j.s.ServletContextHandler@7313e4fb{/static,jar:file:/home/user/.m2/repository/org/apache/hadoop/hadoop-hdds-container-service/0.5.0-SNAPSHOT/hadoop-hdds-container-service-0.5.0-SNAPSHOT.jar!/webapps/static,AVAILABLE}
2019-07-14 00:57:55,844 INFO  handler.ContextHandler (ContextHandler.java:doStart(781)) - Started o.e.j.w.WebAppContext@1a389b39{/,file:///tmp/jetty-0.0.0.0-34478-hddsDatanode-_-any-5128954047193644419.dir/webapp/,AVAILABLE}{/hddsDatanode}
2019-07-14 00:57:55,845 INFO  server.AbstractConnector (AbstractConnector.java:doStart(278)) - Started ServerConnector@50a2034c{HTTP/1.1,[http/1.1]}{0.0.0.0:34478}
2019-07-14 00:57:55,849 INFO  server.Server (Server.java:doStart(419)) - Started @190551ms
2019-07-14 00:57:55,849 INFO  server.BaseHttpServer (BaseHttpServer.java:updateConnectorAddress(207)) - HTTP server of HDDSDATANODE is listening at http://0.0.0.0:34478
2019-07-14 00:57:55,989 INFO  ozone.HddsDatanodeService (HddsDatanodeService.java:startPlugins(396)) - Started plug-in org.apache.hadoop.ozone.web.OzoneHddsDatanodeService@54d5500e
2019-07-14 00:57:55,989 INFO  impl.MetricsSystemImpl (MetricsSystemImpl.java:init(158)) - HddsDatanode metrics system started (again)
2019-07-14 00:57:55,990 INFO  ozone.HddsDatanodeService (HddsDatanodeService.java:start(185)) - HddsDatanodeService host:trunk-nightly-sxkq5-3320257302 ip:192.168.157.230
2019-07-14 00:57:55,991 INFO  util.JvmPauseMonitor (JvmPauseMonitor.java:run(188)) - Starting JVM pause monitor
2019-07-14 00:57:55,992 INFO  datanode.InitDatanodeState (InitDatanodeState.java:persistContainerDatanodeDetails(140)) - DatanodeDetails is persisted to /tmp/workdir/hadoop-ozone/integration-test/target/test-dir/MiniOzoneClusterImpl-26790698-d9f8-48c1-a066-8ce0f022f48d/datanode-5/meta/datanode.id
2019-07-14 00:57:56,006 INFO  volume.HddsVolume (HddsVolume.java:<init>(176)) - Creating Volume: /tmp/workdir/hadoop-ozone/integration-test/target/test-dir/MiniOzoneClusterImpl-26790698-d9f8-48c1-a066-8ce0f022f48d/datanode-6/data/containers/hdds of  storage type : DISK and capacity : 52710309888
2019-07-14 00:57:56,006 INFO  volume.VolumeSet (VolumeSet.java:initializeVolumeSet(170)) - Added Volume : /tmp/workdir/hadoop-ozone/integration-test/target/test-dir/MiniOzoneClusterImpl-26790698-d9f8-48c1-a066-8ce0f022f48d/datanode-6/data/containers/hdds to VolumeSet
2019-07-14 00:57:56,006 INFO  volume.ThrottledAsyncChecker (ThrottledAsyncChecker.java:schedule(140)) - Scheduling a check for org.apache.hadoop.ozone.container.common.volume.HddsVolume@b24e21f
2019-07-14 00:57:56,007 INFO  volume.HddsVolumeChecker (HddsVolumeChecker.java:checkAllVolumes(203)) - Scheduled health check for volume org.apache.hadoop.ozone.container.common.volume.HddsVolume@b24e21f
2019-07-14 00:57:56,027 INFO  impl.RaftServerProxy (ConfUtils.java:logGet(43)) - raft.rpc.type = GRPC (default)
2019-07-14 00:57:56,027 INFO  grpc.GrpcFactory (GrpcFactory.java:checkPooledByteBufAllocatorUseCacheForAllThreads(45)) - PERFORMANCE WARNING: useCacheForAllThreads is true that may cause Netty to create a lot garbage objects and, as a result, trigger GC.
	It is recommended to disable useCacheForAllThreads by setting -Dorg.apache.ratis.thirdparty.io.netty.allocator.useCacheForAllThreads=false in command line.
2019-07-14 00:57:56,028 INFO  grpc.GrpcConfigKeys$Server (ConfUtils.java:logGet(43)) - raft.grpc.server.port = 0 (default)
2019-07-14 00:57:56,028 INFO  server.GrpcService (ConfUtils.java:logGet(43)) - raft.grpc.message.size.max = 33570816 (custom)
2019-07-14 00:57:56,028 INFO  server.RaftServerConfigKeys (ConfUtils.java:logGet(43)) - raft.server.log.appender.buffer.byte-limit = 33554432 (custom)
2019-07-14 00:57:56,028 INFO  server.GrpcService (ConfUtils.java:logGet(43)) - raft.grpc.flow.control.window = 1MB (=1048576) (default)
2019-07-14 00:57:56,028 INFO  server.RaftServerConfigKeys (ConfUtils.java:logGet(43)) - raft.server.rpc.request.timeout = 3000ms (default)
2019-07-14 00:57:56,029 INFO  server.RaftServerConfigKeys (ConfUtils.java:logGet(43)) - raft.server.storage.dir = [/tmp/workdir/hadoop-ozone/integration-test/target/test-dir/MiniOzoneClusterImpl-26790698-d9f8-48c1-a066-8ce0f022f48d/datanode-6/data/ratis] (custom)
2019-07-14 00:57:56,029 INFO  replication.SimpleContainerDownloader (SimpleContainerDownloader.java:<init>(72)) - Starting container downloader service to copy containers to replicate.
2019-07-14 00:57:56,030 INFO  hdfs.DFSUtil (DFSUtil.java:httpServerTemplateForNNAndJN(1641)) - Starting Web-server for hddsDatanode at: http://0.0.0.0:0
2019-07-14 00:57:56,032 INFO  server.AuthenticationFilter (AuthenticationFilter.java:constructSecretProvider(240)) - Unable to initialize FileSignerSecretProvider, falling back to use random secrets.
2019-07-14 00:57:56,032 WARN  http.HttpRequestLog (HttpRequestLog.java:getRequestLog(97)) - Jetty request log can only be enabled using Log4j
2019-07-14 00:57:56,033 INFO  http.HttpServer2 (HttpServer2.java:addGlobalFilter(975)) - Added global filter 'safety' (class=org.apache.hadoop.http.HttpServer2$QuotingInputFilter)
2019-07-14 00:57:56,034 INFO  http.HttpServer2 (HttpServer2.java:addFilter(948)) - Added filter static_user_filter (class=org.apache.hadoop.http.lib.StaticUserWebFilter$StaticUserFilter) to context hddsDatanode
2019-07-14 00:57:56,034 INFO  http.HttpServer2 (HttpServer2.java:addFilter(958)) - Added filter static_user_filter (class=org.apache.hadoop.http.lib.StaticUserWebFilter$StaticUserFilter) to context static
2019-07-14 00:57:56,034 INFO  http.HttpServer2 (HttpServer2.java:addFilter(958)) - Added filter static_user_filter (class=org.apache.hadoop.http.lib.StaticUserWebFilter$StaticUserFilter) to context logs
2019-07-14 00:57:56,035 INFO  http.HttpServer2 (HttpServer2.java:bindListener(1191)) - Jetty bound to port 34794
2019-07-14 00:57:56,035 INFO  server.Server (Server.java:doStart(351)) - jetty-9.3.24.v20180605, build timestamp: 2018-06-05T17:11:56Z, git hash: 84205aa28f11a4f31f2a3b86d1bba2cc8ab69827
2019-07-14 00:57:56,036 INFO  handler.ContextHandler (ContextHandler.java:doStart(781)) - Started o.e.j.s.ServletContextHandler@665fb1d8{/logs,file:///tmp/workdir/hadoop-ozone/integration-test/target/log,AVAILABLE}
2019-07-14 00:57:56,037 INFO  handler.ContextHandler (ContextHandler.java:doStart(781)) - Started o.e.j.s.ServletContextHandler@43376a03{/static,jar:file:/home/user/.m2/repository/org/apache/hadoop/hadoop-hdds-container-service/0.5.0-SNAPSHOT/hadoop-hdds-container-service-0.5.0-SNAPSHOT.jar!/webapps/static,AVAILABLE}
2019-07-14 00:57:56,065 INFO  handler.ContextHandler (ContextHandler.java:doStart(781)) - Started o.e.j.w.WebAppContext@53b10e9a{/,file:///tmp/jetty-0.0.0.0-34794-hddsDatanode-_-any-7396052760512976855.dir/webapp/,AVAILABLE}{/hddsDatanode}
2019-07-14 00:57:56,065 INFO  server.AbstractConnector (AbstractConnector.java:doStart(278)) - Started ServerConnector@4a89722e{HTTP/1.1,[http/1.1]}{0.0.0.0:34794}
2019-07-14 00:57:56,065 INFO  server.Server (Server.java:doStart(419)) - Started @190772ms
2019-07-14 00:57:56,068 INFO  server.BaseHttpServer (BaseHttpServer.java:updateConnectorAddress(207)) - HTTP server of HDDSDATANODE is listening at http://0.0.0.0:34794
2019-07-14 00:57:56,169 INFO  ozone.HddsDatanodeService (HddsDatanodeService.java:startPlugins(396)) - Started plug-in org.apache.hadoop.ozone.web.OzoneHddsDatanodeService@456d3914
2019-07-14 00:57:56,169 INFO  ozone.MiniOzoneClusterImpl (MiniOzoneClusterImpl.java:lambda$waitForClusterToBeReady$0(142)) - Waiting for cluster to be ready. Got 0 of 7 DN Heartbeats.
2019-07-14 00:57:56,171 INFO  util.JvmPauseMonitor (JvmPauseMonitor.java:run(188)) - Starting JVM pause monitor
2019-07-14 00:57:56,172 INFO  datanode.InitDatanodeState (InitDatanodeState.java:persistContainerDatanodeDetails(140)) - DatanodeDetails is persisted to /tmp/workdir/hadoop-ozone/integration-test/target/test-dir/MiniOzoneClusterImpl-26790698-d9f8-48c1-a066-8ce0f022f48d/datanode-6/meta/datanode.id
2019-07-14 00:57:56,825 INFO  ozoneimpl.OzoneContainer (OzoneContainer.java:start(186)) - Attempting to start container services.
2019-07-14 00:57:56,825 INFO  ozoneimpl.OzoneContainer (OzoneContainer.java:startContainerScrub(160)) - Background container scrubber has been disabled by hdds.containerscrub.enabled
2019-07-14 00:57:56,825 INFO  ratis.XceiverServerRatis (XceiverServerRatis.java:start(418)) - Starting XceiverServerRatis db655c13-701f-4833-9664-39869cd638e2 at port 0
2019-07-14 00:57:56,832 INFO  impl.RaftServerProxy (RaftServerProxy.java:lambda$start$3(299)) - db655c13-701f-4833-9664-39869cd638e2: start RPC server
2019-07-14 00:57:56,833 INFO  server.GrpcService (GrpcService.java:startImpl(149)) - db655c13-701f-4833-9664-39869cd638e2: GrpcService started, listening on 0.0.0.0/0.0.0.0:38873
2019-07-14 00:57:56,833 INFO  ratis.XceiverServerRatis (XceiverServerRatis.java:start(428)) - XceiverServerRatis db655c13-701f-4833-9664-39869cd638e2 is started using port 38873
2019-07-14 00:57:56,834 INFO  server.XceiverServerGrpc (XceiverServerGrpc.java:start(161)) - XceiverServerGrpc db655c13-701f-4833-9664-39869cd638e2 is started using port 39878
2019-07-14 00:57:57,170 INFO  ozone.MiniOzoneClusterImpl (MiniOzoneClusterImpl.java:lambda$waitForClusterToBeReady$0(142)) - Waiting for cluster to be ready. Got 0 of 7 DN Heartbeats.
2019-07-14 00:57:57,186 INFO  ozoneimpl.OzoneContainer (OzoneContainer.java:start(186)) - Attempting to start container services.
2019-07-14 00:57:57,186 INFO  ozoneimpl.OzoneContainer (OzoneContainer.java:startContainerScrub(160)) - Background container scrubber has been disabled by hdds.containerscrub.enabled
2019-07-14 00:57:57,187 INFO  ratis.XceiverServerRatis (XceiverServerRatis.java:start(418)) - Starting XceiverServerRatis 6d6353fa-4af9-45d6-8513-9edfc801ca7e at port 0
2019-07-14 00:57:57,195 INFO  impl.RaftServerProxy (RaftServerProxy.java:lambda$start$3(299)) - 6d6353fa-4af9-45d6-8513-9edfc801ca7e: start RPC server
2019-07-14 00:57:57,195 INFO  server.GrpcService (GrpcService.java:startImpl(149)) - 6d6353fa-4af9-45d6-8513-9edfc801ca7e: GrpcService started, listening on 0.0.0.0/0.0.0.0:44213
2019-07-14 00:57:57,196 INFO  ratis.XceiverServerRatis (XceiverServerRatis.java:start(428)) - XceiverServerRatis 6d6353fa-4af9-45d6-8513-9edfc801ca7e is started using port 44213
2019-07-14 00:57:57,196 INFO  server.XceiverServerGrpc (XceiverServerGrpc.java:start(161)) - XceiverServerGrpc 6d6353fa-4af9-45d6-8513-9edfc801ca7e is started using port 40172
2019-07-14 00:57:57,414 INFO  ozoneimpl.OzoneContainer (OzoneContainer.java:start(186)) - Attempting to start container services.
2019-07-14 00:57:57,415 INFO  ozoneimpl.OzoneContainer (OzoneContainer.java:startContainerScrub(160)) - Background container scrubber has been disabled by hdds.containerscrub.enabled
2019-07-14 00:57:57,415 INFO  ratis.XceiverServerRatis (XceiverServerRatis.java:start(418)) - Starting XceiverServerRatis 417d9bfe-820a-4f77-a3de-1acef0c73e26 at port 0
2019-07-14 00:57:57,423 INFO  impl.RaftServerProxy (RaftServerProxy.java:lambda$start$3(299)) - 417d9bfe-820a-4f77-a3de-1acef0c73e26: start RPC server
2019-07-14 00:57:57,423 INFO  server.GrpcService (GrpcService.java:startImpl(149)) - 417d9bfe-820a-4f77-a3de-1acef0c73e26: GrpcService started, listening on 0.0.0.0/0.0.0.0:36822
2019-07-14 00:57:57,424 INFO  ratis.XceiverServerRatis (XceiverServerRatis.java:start(428)) - XceiverServerRatis 417d9bfe-820a-4f77-a3de-1acef0c73e26 is started using port 36822
2019-07-14 00:57:57,441 INFO  server.XceiverServerGrpc (XceiverServerGrpc.java:start(161)) - XceiverServerGrpc 417d9bfe-820a-4f77-a3de-1acef0c73e26 is started using port 44073
2019-07-14 00:57:57,591 INFO  ozoneimpl.OzoneContainer (OzoneContainer.java:start(186)) - Attempting to start container services.
2019-07-14 00:57:57,591 INFO  ozoneimpl.OzoneContainer (OzoneContainer.java:startContainerScrub(160)) - Background container scrubber has been disabled by hdds.containerscrub.enabled
2019-07-14 00:57:57,592 INFO  ratis.XceiverServerRatis (XceiverServerRatis.java:start(418)) - Starting XceiverServerRatis 874105b6-5a51-463e-b3e4-1e5d9fc032df at port 0
2019-07-14 00:57:57,599 INFO  impl.RaftServerProxy (RaftServerProxy.java:lambda$start$3(299)) - 874105b6-5a51-463e-b3e4-1e5d9fc032df: start RPC server
2019-07-14 00:57:57,600 INFO  server.GrpcService (GrpcService.java:startImpl(149)) - 874105b6-5a51-463e-b3e4-1e5d9fc032df: GrpcService started, listening on 0.0.0.0/0.0.0.0:36937
2019-07-14 00:57:57,600 INFO  ratis.XceiverServerRatis (XceiverServerRatis.java:start(428)) - XceiverServerRatis 874105b6-5a51-463e-b3e4-1e5d9fc032df is started using port 36937
2019-07-14 00:57:57,601 INFO  server.XceiverServerGrpc (XceiverServerGrpc.java:start(161)) - XceiverServerGrpc 874105b6-5a51-463e-b3e4-1e5d9fc032df is started using port 34224
2019-07-14 00:57:57,751 INFO  ozoneimpl.OzoneContainer (OzoneContainer.java:start(186)) - Attempting to start container services.
2019-07-14 00:57:57,751 INFO  ozoneimpl.OzoneContainer (OzoneContainer.java:startContainerScrub(160)) - Background container scrubber has been disabled by hdds.containerscrub.enabled
2019-07-14 00:57:57,751 INFO  ratis.XceiverServerRatis (XceiverServerRatis.java:start(418)) - Starting XceiverServerRatis fc2e4b37-2a17-42fc-b2ac-0b40110da3b2 at port 0
2019-07-14 00:57:57,759 INFO  impl.RaftServerProxy (RaftServerProxy.java:lambda$start$3(299)) - fc2e4b37-2a17-42fc-b2ac-0b40110da3b2: start RPC server
2019-07-14 00:57:57,766 INFO  server.GrpcService (GrpcService.java:startImpl(149)) - fc2e4b37-2a17-42fc-b2ac-0b40110da3b2: GrpcService started, listening on 0.0.0.0/0.0.0.0:34852
2019-07-14 00:57:57,766 INFO  ratis.XceiverServerRatis (XceiverServerRatis.java:start(428)) - XceiverServerRatis fc2e4b37-2a17-42fc-b2ac-0b40110da3b2 is started using port 34852
2019-07-14 00:57:57,766 INFO  server.XceiverServerGrpc (XceiverServerGrpc.java:start(161)) - XceiverServerGrpc fc2e4b37-2a17-42fc-b2ac-0b40110da3b2 is started using port 36918
2019-07-14 00:57:58,005 INFO  ozoneimpl.OzoneContainer (OzoneContainer.java:start(186)) - Attempting to start container services.
2019-07-14 00:57:58,005 INFO  ozoneimpl.OzoneContainer (OzoneContainer.java:startContainerScrub(160)) - Background container scrubber has been disabled by hdds.containerscrub.enabled
2019-07-14 00:57:58,005 INFO  ratis.XceiverServerRatis (XceiverServerRatis.java:start(418)) - Starting XceiverServerRatis 9fa61708-3ca4-47fe-a34e-55061d347c64 at port 0
2019-07-14 00:57:58,014 INFO  impl.RaftServerProxy (RaftServerProxy.java:lambda$start$3(299)) - 9fa61708-3ca4-47fe-a34e-55061d347c64: start RPC server
2019-07-14 00:57:58,015 INFO  server.GrpcService (GrpcService.java:startImpl(149)) - 9fa61708-3ca4-47fe-a34e-55061d347c64: GrpcService started, listening on 0.0.0.0/0.0.0.0:36199
2019-07-14 00:57:58,016 INFO  ratis.XceiverServerRatis (XceiverServerRatis.java:start(428)) - XceiverServerRatis 9fa61708-3ca4-47fe-a34e-55061d347c64 is started using port 36199
2019-07-14 00:57:58,016 INFO  server.XceiverServerGrpc (XceiverServerGrpc.java:start(161)) - XceiverServerGrpc 9fa61708-3ca4-47fe-a34e-55061d347c64 is started using port 45813
2019-07-14 00:57:58,170 INFO  ozone.MiniOzoneClusterImpl (MiniOzoneClusterImpl.java:lambda$waitForClusterToBeReady$0(142)) - Waiting for cluster to be ready. Got 0 of 7 DN Heartbeats.
2019-07-14 00:57:58,186 INFO  ozoneimpl.OzoneContainer (OzoneContainer.java:start(186)) - Attempting to start container services.
2019-07-14 00:57:58,186 INFO  ozoneimpl.OzoneContainer (OzoneContainer.java:startContainerScrub(160)) - Background container scrubber has been disabled by hdds.containerscrub.enabled
2019-07-14 00:57:58,186 INFO  ratis.XceiverServerRatis (XceiverServerRatis.java:start(418)) - Starting XceiverServerRatis 45264f66-c440-4b6f-bfb3-7ecf9b88d128 at port 0
2019-07-14 00:57:58,194 INFO  impl.RaftServerProxy (RaftServerProxy.java:lambda$start$3(299)) - 45264f66-c440-4b6f-bfb3-7ecf9b88d128: start RPC server
2019-07-14 00:57:58,202 INFO  server.GrpcService (GrpcService.java:startImpl(149)) - 45264f66-c440-4b6f-bfb3-7ecf9b88d128: GrpcService started, listening on 0.0.0.0/0.0.0.0:36422
2019-07-14 00:57:58,202 INFO  ratis.XceiverServerRatis (XceiverServerRatis.java:start(428)) - XceiverServerRatis 45264f66-c440-4b6f-bfb3-7ecf9b88d128 is started using port 36422
2019-07-14 00:57:58,203 INFO  server.XceiverServerGrpc (XceiverServerGrpc.java:start(161)) - XceiverServerGrpc 45264f66-c440-4b6f-bfb3-7ecf9b88d128 is started using port 38248
2019-07-14 00:57:58,805 INFO  net.NetworkTopology (NetworkTopologyImpl.java:add(110)) - Added a new node: /default-rack/192.168.157.230
2019-07-14 00:57:58,810 INFO  node.SCMNodeManager (SCMNodeManager.java:register(269)) - Registered Data node : db655c13-701f-4833-9664-39869cd638e2{ip: 192.168.157.230, host: trunk-nightly-sxkq5-3320257302, networkLocation: /default-rack, certSerialId: null}
2019-07-14 00:57:58,811 INFO  safemode.SCMSafeModeManager (DataNodeSafeModeRule.java:process(71)) - SCM in safe mode. 1 DataNodes registered, 1 required.
2019-07-14 00:57:58,840 INFO  safemode.SCMSafeModeManager (SCMSafeModeManager.java:validateSafeModeExitRules(177)) - ScmSafeModeManager, all rules are successfully validated
2019-07-14 00:57:58,840 INFO  safemode.SCMSafeModeManager (SCMSafeModeManager.java:exitSafeMode(193)) - SCM exiting safe mode.
2019-07-14 00:57:58,855 INFO  impl.RaftServerProxy (RaftServerProxy.java:addNew(89)) - db655c13-701f-4833-9664-39869cd638e2: addNew group-7BA7E12B332F:[db655c13-701f-4833-9664-39869cd638e2:192.168.157.230:38873] returns group-7BA7E12B332F:java.util.concurrent.CompletableFuture@4adcfd56[Not completed]
2019-07-14 00:57:58,856 INFO  impl.RaftServerImpl (RaftServerImpl.java:<init>(93)) - db655c13-701f-4833-9664-39869cd638e2: new RaftServerImpl for group-7BA7E12B332F:[db655c13-701f-4833-9664-39869cd638e2:192.168.157.230:38873] with ContainerStateMachine:uninitialized
2019-07-14 00:57:58,856 INFO  server.RaftServerConfigKeys (ConfUtils.java:logGet(43)) - raft.server.rpc.timeout.min = 5s (custom)
2019-07-14 00:57:58,856 INFO  server.RaftServerConfigKeys (ConfUtils.java:logGet(43)) - raft.server.rpc.timeout.max = 5200ms (custom)
2019-07-14 00:57:58,856 INFO  server.RaftServerConfigKeys (ConfUtils.java:logGet(43)) - raft.server.rpcslowness.timeout = 120s (custom)
2019-07-14 00:57:58,856 INFO  server.RaftServerConfigKeys (ConfUtils.java:logGet(43)) - raft.server.sleep.deviation.threshold = 300 (default)
2019-07-14 00:57:58,856 INFO  server.RaftServerConfigKeys (ConfUtils.java:logGet(43)) - raft.server.log.appender.install.snapshot.enabled = false (custom)
2019-07-14 00:57:58,857 INFO  impl.RaftServerImpl (ServerState.java:<init>(105)) - db655c13-701f-4833-9664-39869cd638e2:group-7BA7E12B332F ConfigurationManager, init=-1: [db655c13-701f-4833-9664-39869cd638e2:192.168.157.230:38873], old=null, confs=<EMPTY_MAP>
2019-07-14 00:57:58,857 INFO  server.RaftServerConfigKeys (ConfUtils.java:logGet(43)) - raft.server.storage.dir = [/tmp/workdir/hadoop-ozone/integration-test/target/test-dir/MiniOzoneClusterImpl-26790698-d9f8-48c1-a066-8ce0f022f48d/datanode-0/data/ratis] (custom)
2019-07-14 00:57:58,858 INFO  storage.RaftStorageDirectory (RaftStorageDirectory.java:analyzeStorage(246)) - The storage directory /tmp/workdir/hadoop-ozone/integration-test/target/test-dir/MiniOzoneClusterImpl-26790698-d9f8-48c1-a066-8ce0f022f48d/datanode-0/data/ratis/49644b74-3090-45d7-81fa-7ba7e12b332f does not exist. Creating ...
2019-07-14 00:57:58,882 INFO  storage.RaftStorageDirectory (RaftStorageDirectory.java:tryLock(328)) - Lock on /tmp/workdir/hadoop-ozone/integration-test/target/test-dir/MiniOzoneClusterImpl-26790698-d9f8-48c1-a066-8ce0f022f48d/datanode-0/data/ratis/49644b74-3090-45d7-81fa-7ba7e12b332f/in_use.lock acquired by nodename 12290@trunk-nightly-sxkq5-3320257302
2019-07-14 00:57:58,903 INFO  storage.RaftStorage (RaftStorage.java:format(72)) - Storage directory /tmp/workdir/hadoop-ozone/integration-test/target/test-dir/MiniOzoneClusterImpl-26790698-d9f8-48c1-a066-8ce0f022f48d/datanode-0/data/ratis/49644b74-3090-45d7-81fa-7ba7e12b332f has been successfully formatted.
2019-07-14 00:57:58,903 INFO  ratis.ContainerStateMachine (ContainerStateMachine.java:loadSnapshot(200)) - The snapshot info is null.Setting the last applied index to:(t:0, i:~)
2019-07-14 00:57:58,903 INFO  server.RaftServerConfigKeys (ConfUtils.java:logGet(43)) - raft.server.leader.election.timeout = 120s (custom)
2019-07-14 00:57:58,904 INFO  server.RaftServerConfigKeys (ConfUtils.java:logGet(43)) - raft.server.log.use.memory = false (default)
2019-07-14 00:57:58,904 INFO  server.RaftServerConfigKeys (ConfUtils.java:logGet(43)) - raft.server.log.purge.gap = 1000000000 (custom)
2019-07-14 00:57:58,904 INFO  server.RaftServerConfigKeys (ConfUtils.java:logGet(43)) - raft.server.log.appender.buffer.byte-limit = 33554432 (custom)
2019-07-14 00:57:58,904 INFO  server.RaftServerConfigKeys (ConfUtils.java:logGet(43)) - raft.server.log.segment.size.max = 1048576 (custom)
2019-07-14 00:57:58,904 INFO  server.RaftServerConfigKeys (ConfUtils.java:logGet(43)) - raft.server.log.segment.cache.num.max = 2 (custom)
2019-07-14 00:57:58,904 INFO  segmented.SegmentedRaftLogWorker (SegmentedRaftLogWorker.java:<init>(172)) - new db655c13-701f-4833-9664-39869cd638e2-SegmentedRaftLogWorker:Storage Directory /tmp/workdir/hadoop-ozone/integration-test/target/test-dir/MiniOzoneClusterImpl-26790698-d9f8-48c1-a066-8ce0f022f48d/datanode-0/data/ratis/49644b74-3090-45d7-81fa-7ba7e12b332f for RaftStorage:Storage Directory /tmp/workdir/hadoop-ozone/integration-test/target/test-dir/MiniOzoneClusterImpl-26790698-d9f8-48c1-a066-8ce0f022f48d/datanode-0/data/ratis/49644b74-3090-45d7-81fa-7ba7e12b332f
2019-07-14 00:57:58,905 INFO  server.RaftServerConfigKeys (ConfUtils.java:logGet(43)) - raft.server.log.queue.byte-limit = 2147483647 (custom)
2019-07-14 00:57:58,905 INFO  server.RaftServerConfigKeys (ConfUtils.java:logGet(43)) - raft.server.log.queue.element-limit = 1024 (custom)
2019-07-14 00:57:58,905 INFO  server.RaftServerConfigKeys (ConfUtils.java:logGet(43)) - raft.server.log.segment.size.max = 1048576 (custom)
2019-07-14 00:57:58,905 INFO  server.RaftServerConfigKeys (ConfUtils.java:logGet(43)) - raft.server.log.preallocated.size = 16384 (custom)
2019-07-14 00:57:58,905 INFO  server.RaftServerConfigKeys (ConfUtils.java:logGet(43)) - raft.server.log.write.buffer.size = 33554432 (custom)
2019-07-14 00:57:58,905 INFO  server.RaftServerConfigKeys (ConfUtils.java:logGet(43)) - raft.server.log.force.sync.num = 128 (default)
2019-07-14 00:57:58,906 INFO  server.RaftServerConfigKeys (ConfUtils.java:logGet(43)) - raft.server.log.statemachine.data.sync = true (default)
2019-07-14 00:57:58,906 INFO  server.RaftServerConfigKeys (ConfUtils.java:logGet(43)) - raft.server.log.statemachine.data.sync.timeout = 10s (default)
2019-07-14 00:57:58,906 INFO  server.RaftServerConfigKeys (ConfUtils.java:logGet(43)) - raft.server.log.statemachine.data.sync.timeout.retry = -1 (default)
2019-07-14 00:57:58,906 INFO  server.RaftServerConfigKeys (ConfUtils.java:logGet(43)) - raft.server.log.statemachine.data.caching.enabled = true (custom)
2019-07-14 00:57:58,907 INFO  segmented.SegmentedRaftLogWorker (SegmentedRaftLogWorker.java:lambda$new$0(132)) - db655c13-701f-4833-9664-39869cd638e2-SegmentedRaftLogWorker:Storage Directory /tmp/workdir/hadoop-ozone/integration-test/target/test-dir/MiniOzoneClusterImpl-26790698-d9f8-48c1-a066-8ce0f022f48d/datanode-0/data/ratis/49644b74-3090-45d7-81fa-7ba7e12b332f: flushIndex: setUnconditionally 0 -> -1
2019-07-14 00:57:58,907 INFO  server.RaftServerConfigKeys (ConfUtils.java:logGet(43)) - raft.server.snapshot.auto.trigger.enabled = true (custom)
2019-07-14 00:57:58,907 INFO  server.RaftServerConfigKeys (ConfUtils.java:logGet(43)) - raft.server.snapshot.auto.trigger.threshold = 10000 (custom)
2019-07-14 00:57:58,907 INFO  server.RaftServerConfigKeys (ConfUtils.java:logGet(43)) - raft.server.retrycache.expirytime = 600000ms (custom)
2019-07-14 00:57:58,908 INFO  impl.RaftServerImpl (RaftServerImpl.java:start(180)) - db655c13-701f-4833-9664-39869cd638e2: start group-7BA7E12B332F
2019-07-14 00:57:58,908 INFO  impl.RaftServerImpl (RaftServerImpl.java:setRole(171)) - db655c13-701f-4833-9664-39869cd638e2:group-7BA7E12B332F changes role from null to FOLLOWER at term 0 for startAsFollower
2019-07-14 00:57:58,908 INFO  impl.RoleInfo (RoleInfo.java:updateAndGet(143)) - db655c13-701f-4833-9664-39869cd638e2: start FollowerState
2019-07-14 00:57:58,908 INFO  util.JmxRegister (JmxRegister.java:tryRegister(44)) - Successfully registered JMX Bean with object name Ratis:service=RaftServer,group=group-7BA7E12B332F,id=db655c13-701f-4833-9664-39869cd638e2
2019-07-14 00:57:58,911 INFO  pipeline.PipelineStateManager (PipelineStateManager.java:addPipeline(56)) - Created pipeline Pipeline[ Id: 49644b74-3090-45d7-81fa-7ba7e12b332f, Nodes: db655c13-701f-4833-9664-39869cd638e2{ip: 192.168.157.230, host: trunk-nightly-sxkq5-3320257302, networkLocation: /default-rack, certSerialId: null}, Type:RATIS, Factor:ONE, State:OPEN]
2019-07-14 00:57:59,171 INFO  ozone.MiniOzoneClusterImpl (MiniOzoneClusterImpl.java:lambda$waitForClusterToBeReady$0(142)) - Waiting for cluster to be ready. Got 1 of 7 DN Heartbeats.
2019-07-14 00:57:59,174 INFO  node.SCMNodeManager (SCMNodeManager.java:register(269)) - Registered Data node : 6d6353fa-4af9-45d6-8513-9edfc801ca7e{ip: 192.168.157.230, host: trunk-nightly-sxkq5-3320257302, networkLocation: /default-rack, certSerialId: null}
2019-07-14 00:57:59,186 INFO  impl.RaftServerProxy (RaftServerProxy.java:addNew(89)) - 6d6353fa-4af9-45d6-8513-9edfc801ca7e: addNew group-4B8304B9BF0D:[6d6353fa-4af9-45d6-8513-9edfc801ca7e:192.168.157.230:44213] returns group-4B8304B9BF0D:java.util.concurrent.CompletableFuture@3f1b8dc6[Not completed]
2019-07-14 00:57:59,186 INFO  impl.RaftServerImpl (RaftServerImpl.java:<init>(93)) - 6d6353fa-4af9-45d6-8513-9edfc801ca7e: new RaftServerImpl for group-4B8304B9BF0D:[6d6353fa-4af9-45d6-8513-9edfc801ca7e:192.168.157.230:44213] with ContainerStateMachine:uninitialized
2019-07-14 00:57:59,187 INFO  server.RaftServerConfigKeys (ConfUtils.java:logGet(43)) - raft.server.rpc.timeout.min = 5s (custom)
2019-07-14 00:57:59,187 INFO  server.RaftServerConfigKeys (ConfUtils.java:logGet(43)) - raft.server.rpc.timeout.max = 5200ms (custom)
2019-07-14 00:57:59,187 INFO  server.RaftServerConfigKeys (ConfUtils.java:logGet(43)) - raft.server.rpcslowness.timeout = 120s (custom)
2019-07-14 00:57:59,187 INFO  server.RaftServerConfigKeys (ConfUtils.java:logGet(43)) - raft.server.sleep.deviation.threshold = 300 (default)
2019-07-14 00:57:59,187 INFO  server.RaftServerConfigKeys (ConfUtils.java:logGet(43)) - raft.server.log.appender.install.snapshot.enabled = false (custom)
2019-07-14 00:57:59,187 INFO  impl.RaftServerImpl (ServerState.java:<init>(105)) - 6d6353fa-4af9-45d6-8513-9edfc801ca7e:group-4B8304B9BF0D ConfigurationManager, init=-1: [6d6353fa-4af9-45d6-8513-9edfc801ca7e:192.168.157.230:44213], old=null, confs=<EMPTY_MAP>
2019-07-14 00:57:59,187 INFO  server.RaftServerConfigKeys (ConfUtils.java:logGet(43)) - raft.server.storage.dir = [/tmp/workdir/hadoop-ozone/integration-test/target/test-dir/MiniOzoneClusterImpl-26790698-d9f8-48c1-a066-8ce0f022f48d/datanode-1/data/ratis] (custom)
2019-07-14 00:57:59,188 INFO  storage.RaftStorageDirectory (RaftStorageDirectory.java:analyzeStorage(246)) - The storage directory /tmp/workdir/hadoop-ozone/integration-test/target/test-dir/MiniOzoneClusterImpl-26790698-d9f8-48c1-a066-8ce0f022f48d/datanode-1/data/ratis/7dc7eb69-dd1b-4240-b1bb-4b8304b9bf0d does not exist. Creating ...
2019-07-14 00:57:59,209 INFO  storage.RaftStorageDirectory (RaftStorageDirectory.java:tryLock(328)) - Lock on /tmp/workdir/hadoop-ozone/integration-test/target/test-dir/MiniOzoneClusterImpl-26790698-d9f8-48c1-a066-8ce0f022f48d/datanode-1/data/ratis/7dc7eb69-dd1b-4240-b1bb-4b8304b9bf0d/in_use.lock acquired by nodename 12290@trunk-nightly-sxkq5-3320257302
2019-07-14 00:57:59,222 INFO  storage.RaftStorage (RaftStorage.java:format(72)) - Storage directory /tmp/workdir/hadoop-ozone/integration-test/target/test-dir/MiniOzoneClusterImpl-26790698-d9f8-48c1-a066-8ce0f022f48d/datanode-1/data/ratis/7dc7eb69-dd1b-4240-b1bb-4b8304b9bf0d has been successfully formatted.
2019-07-14 00:57:59,223 INFO  ratis.ContainerStateMachine (ContainerStateMachine.java:loadSnapshot(200)) - The snapshot info is null.Setting the last applied index to:(t:0, i:~)
2019-07-14 00:57:59,223 INFO  server.RaftServerConfigKeys (ConfUtils.java:logGet(43)) - raft.server.leader.election.timeout = 120s (custom)
2019-07-14 00:57:59,223 INFO  server.RaftServerConfigKeys (ConfUtils.java:logGet(43)) - raft.server.log.use.memory = false (default)
2019-07-14 00:57:59,223 INFO  server.RaftServerConfigKeys (ConfUtils.java:logGet(43)) - raft.server.log.purge.gap = 1000000000 (custom)
2019-07-14 00:57:59,223 INFO  server.RaftServerConfigKeys (ConfUtils.java:logGet(43)) - raft.server.log.appender.buffer.byte-limit = 33554432 (custom)
2019-07-14 00:57:59,223 INFO  server.RaftServerConfigKeys (ConfUtils.java:logGet(43)) - raft.server.log.segment.size.max = 1048576 (custom)
2019-07-14 00:57:59,223 INFO  server.RaftServerConfigKeys (ConfUtils.java:logGet(43)) - raft.server.log.segment.cache.num.max = 2 (custom)
2019-07-14 00:57:59,224 INFO  segmented.SegmentedRaftLogWorker (SegmentedRaftLogWorker.java:<init>(172)) - new 6d6353fa-4af9-45d6-8513-9edfc801ca7e-SegmentedRaftLogWorker:Storage Directory /tmp/workdir/hadoop-ozone/integration-test/target/test-dir/MiniOzoneClusterImpl-26790698-d9f8-48c1-a066-8ce0f022f48d/datanode-1/data/ratis/7dc7eb69-dd1b-4240-b1bb-4b8304b9bf0d for RaftStorage:Storage Directory /tmp/workdir/hadoop-ozone/integration-test/target/test-dir/MiniOzoneClusterImpl-26790698-d9f8-48c1-a066-8ce0f022f48d/datanode-1/data/ratis/7dc7eb69-dd1b-4240-b1bb-4b8304b9bf0d
2019-07-14 00:57:59,224 INFO  server.RaftServerConfigKeys (ConfUtils.java:logGet(43)) - raft.server.log.queue.byte-limit = 2147483647 (custom)
2019-07-14 00:57:59,224 INFO  server.RaftServerConfigKeys (ConfUtils.java:logGet(43)) - raft.server.log.queue.element-limit = 1024 (custom)
2019-07-14 00:57:59,224 INFO  server.RaftServerConfigKeys (ConfUtils.java:logGet(43)) - raft.server.log.segment.size.max = 1048576 (custom)
2019-07-14 00:57:59,224 INFO  server.RaftServerConfigKeys (ConfUtils.java:logGet(43)) - raft.server.log.preallocated.size = 16384 (custom)
2019-07-14 00:57:59,224 INFO  server.RaftServerConfigKeys (ConfUtils.java:logGet(43)) - raft.server.log.write.buffer.size = 33554432 (custom)
2019-07-14 00:57:59,225 INFO  server.RaftServerConfigKeys (ConfUtils.java:logGet(43)) - raft.server.log.force.sync.num = 128 (default)
2019-07-14 00:57:59,225 INFO  server.RaftServerConfigKeys (ConfUtils.java:logGet(43)) - raft.server.log.statemachine.data.sync = true (default)
2019-07-14 00:57:59,225 INFO  server.RaftServerConfigKeys (ConfUtils.java:logGet(43)) - raft.server.log.statemachine.data.sync.timeout = 10s (default)
2019-07-14 00:57:59,225 INFO  server.RaftServerConfigKeys (ConfUtils.java:logGet(43)) - raft.server.log.statemachine.data.sync.timeout.retry = -1 (default)
2019-07-14 00:57:59,225 INFO  server.RaftServerConfigKeys (ConfUtils.java:logGet(43)) - raft.server.log.statemachine.data.caching.enabled = true (custom)
2019-07-14 00:57:59,225 INFO  segmented.SegmentedRaftLogWorker (SegmentedRaftLogWorker.java:lambda$new$0(132)) - 6d6353fa-4af9-45d6-8513-9edfc801ca7e-SegmentedRaftLogWorker:Storage Directory /tmp/workdir/hadoop-ozone/integration-test/target/test-dir/MiniOzoneClusterImpl-26790698-d9f8-48c1-a066-8ce0f022f48d/datanode-1/data/ratis/7dc7eb69-dd1b-4240-b1bb-4b8304b9bf0d: flushIndex: setUnconditionally 0 -> -1
2019-07-14 00:57:59,226 INFO  server.RaftServerConfigKeys (ConfUtils.java:logGet(43)) - raft.server.snapshot.auto.trigger.enabled = true (custom)
2019-07-14 00:57:59,226 INFO  server.RaftServerConfigKeys (ConfUtils.java:logGet(43)) - raft.server.snapshot.auto.trigger.threshold = 10000 (custom)
2019-07-14 00:57:59,226 INFO  server.RaftServerConfigKeys (ConfUtils.java:logGet(43)) - raft.server.retrycache.expirytime = 600000ms (custom)
2019-07-14 00:57:59,226 INFO  impl.RaftServerImpl (RaftServerImpl.java:start(180)) - 6d6353fa-4af9-45d6-8513-9edfc801ca7e: start group-4B8304B9BF0D
2019-07-14 00:57:59,226 INFO  impl.RaftServerImpl (RaftServerImpl.java:setRole(171)) - 6d6353fa-4af9-45d6-8513-9edfc801ca7e:group-4B8304B9BF0D changes role from null to FOLLOWER at term 0 for startAsFollower
2019-07-14 00:57:59,227 INFO  impl.RoleInfo (RoleInfo.java:updateAndGet(143)) - 6d6353fa-4af9-45d6-8513-9edfc801ca7e: start FollowerState
2019-07-14 00:57:59,227 INFO  util.JmxRegister (JmxRegister.java:tryRegister(44)) - Successfully registered JMX Bean with object name Ratis:service=RaftServer,group=group-4B8304B9BF0D,id=6d6353fa-4af9-45d6-8513-9edfc801ca7e
2019-07-14 00:57:59,229 INFO  pipeline.PipelineStateManager (PipelineStateManager.java:addPipeline(56)) - Created pipeline Pipeline[ Id: 7dc7eb69-dd1b-4240-b1bb-4b8304b9bf0d, Nodes: 6d6353fa-4af9-45d6-8513-9edfc801ca7e{ip: 192.168.157.230, host: trunk-nightly-sxkq5-3320257302, networkLocation: /default-rack, certSerialId: null}, Type:RATIS, Factor:ONE, State:OPEN]
2019-07-14 00:57:59,390 INFO  node.SCMNodeManager (SCMNodeManager.java:register(269)) - Registered Data node : 417d9bfe-820a-4f77-a3de-1acef0c73e26{ip: 192.168.157.230, host: trunk-nightly-sxkq5-3320257302, networkLocation: /default-rack, certSerialId: null}
2019-07-14 00:57:59,407 INFO  impl.RaftServerProxy (RaftServerProxy.java:addNew(89)) - 417d9bfe-820a-4f77-a3de-1acef0c73e26: addNew group-CF4964104931:[417d9bfe-820a-4f77-a3de-1acef0c73e26:192.168.157.230:36822] returns group-CF4964104931:java.util.concurrent.CompletableFuture@3ab06b2[Not completed]
2019-07-14 00:57:59,408 INFO  impl.RaftServerImpl (RaftServerImpl.java:<init>(93)) - 417d9bfe-820a-4f77-a3de-1acef0c73e26: new RaftServerImpl for group-CF4964104931:[417d9bfe-820a-4f77-a3de-1acef0c73e26:192.168.157.230:36822] with ContainerStateMachine:uninitialized
2019-07-14 00:57:59,408 INFO  server.RaftServerConfigKeys (ConfUtils.java:logGet(43)) - raft.server.rpc.timeout.min = 5s (custom)
2019-07-14 00:57:59,409 INFO  server.RaftServerConfigKeys (ConfUtils.java:logGet(43)) - raft.server.rpc.timeout.max = 5200ms (custom)
2019-07-14 00:57:59,409 INFO  server.RaftServerConfigKeys (ConfUtils.java:logGet(43)) - raft.server.rpcslowness.timeout = 120s (custom)
2019-07-14 00:57:59,409 INFO  server.RaftServerConfigKeys (ConfUtils.java:logGet(43)) - raft.server.sleep.deviation.threshold = 300 (default)
2019-07-14 00:57:59,409 INFO  server.RaftServerConfigKeys (ConfUtils.java:logGet(43)) - raft.server.log.appender.install.snapshot.enabled = false (custom)
2019-07-14 00:57:59,409 INFO  impl.RaftServerImpl (ServerState.java:<init>(105)) - 417d9bfe-820a-4f77-a3de-1acef0c73e26:group-CF4964104931 ConfigurationManager, init=-1: [417d9bfe-820a-4f77-a3de-1acef0c73e26:192.168.157.230:36822], old=null, confs=<EMPTY_MAP>
2019-07-14 00:57:59,409 INFO  server.RaftServerConfigKeys (ConfUtils.java:logGet(43)) - raft.server.storage.dir = [/tmp/workdir/hadoop-ozone/integration-test/target/test-dir/MiniOzoneClusterImpl-26790698-d9f8-48c1-a066-8ce0f022f48d/datanode-2/data/ratis] (custom)
2019-07-14 00:57:59,410 INFO  storage.RaftStorageDirectory (RaftStorageDirectory.java:analyzeStorage(246)) - The storage directory /tmp/workdir/hadoop-ozone/integration-test/target/test-dir/MiniOzoneClusterImpl-26790698-d9f8-48c1-a066-8ce0f022f48d/datanode-2/data/ratis/6f220968-9e6d-48f0-bc31-cf4964104931 does not exist. Creating ...
2019-07-14 00:57:59,454 INFO  storage.RaftStorageDirectory (RaftStorageDirectory.java:tryLock(328)) - Lock on /tmp/workdir/hadoop-ozone/integration-test/target/test-dir/MiniOzoneClusterImpl-26790698-d9f8-48c1-a066-8ce0f022f48d/datanode-2/data/ratis/6f220968-9e6d-48f0-bc31-cf4964104931/in_use.lock acquired by nodename 12290@trunk-nightly-sxkq5-3320257302
2019-07-14 00:57:59,472 INFO  storage.RaftStorage (RaftStorage.java:format(72)) - Storage directory /tmp/workdir/hadoop-ozone/integration-test/target/test-dir/MiniOzoneClusterImpl-26790698-d9f8-48c1-a066-8ce0f022f48d/datanode-2/data/ratis/6f220968-9e6d-48f0-bc31-cf4964104931 has been successfully formatted.
2019-07-14 00:57:59,472 INFO  ratis.ContainerStateMachine (ContainerStateMachine.java:loadSnapshot(200)) - The snapshot info is null.Setting the last applied index to:(t:0, i:~)
2019-07-14 00:57:59,472 INFO  server.RaftServerConfigKeys (ConfUtils.java:logGet(43)) - raft.server.leader.election.timeout = 120s (custom)
2019-07-14 00:57:59,472 INFO  server.RaftServerConfigKeys (ConfUtils.java:logGet(43)) - raft.server.log.use.memory = false (default)
2019-07-14 00:57:59,472 INFO  server.RaftServerConfigKeys (ConfUtils.java:logGet(43)) - raft.server.log.purge.gap = 1000000000 (custom)
2019-07-14 00:57:59,473 INFO  server.RaftServerConfigKeys (ConfUtils.java:logGet(43)) - raft.server.log.appender.buffer.byte-limit = 33554432 (custom)
2019-07-14 00:57:59,473 INFO  server.RaftServerConfigKeys (ConfUtils.java:logGet(43)) - raft.server.log.segment.size.max = 1048576 (custom)
2019-07-14 00:57:59,473 INFO  server.RaftServerConfigKeys (ConfUtils.java:logGet(43)) - raft.server.log.segment.cache.num.max = 2 (custom)
2019-07-14 00:57:59,473 INFO  segmented.SegmentedRaftLogWorker (SegmentedRaftLogWorker.java:<init>(172)) - new 417d9bfe-820a-4f77-a3de-1acef0c73e26-SegmentedRaftLogWorker:Storage Directory /tmp/workdir/hadoop-ozone/integration-test/target/test-dir/MiniOzoneClusterImpl-26790698-d9f8-48c1-a066-8ce0f022f48d/datanode-2/data/ratis/6f220968-9e6d-48f0-bc31-cf4964104931 for RaftStorage:Storage Directory /tmp/workdir/hadoop-ozone/integration-test/target/test-dir/MiniOzoneClusterImpl-26790698-d9f8-48c1-a066-8ce0f022f48d/datanode-2/data/ratis/6f220968-9e6d-48f0-bc31-cf4964104931
2019-07-14 00:57:59,473 INFO  server.RaftServerConfigKeys (ConfUtils.java:logGet(43)) - raft.server.log.queue.byte-limit = 2147483647 (custom)
2019-07-14 00:57:59,473 INFO  server.RaftServerConfigKeys (ConfUtils.java:logGet(43)) - raft.server.log.queue.element-limit = 1024 (custom)
2019-07-14 00:57:59,473 INFO  server.RaftServerConfigKeys (ConfUtils.java:logGet(43)) - raft.server.log.segment.size.max = 1048576 (custom)
2019-07-14 00:57:59,474 INFO  server.RaftServerConfigKeys (ConfUtils.java:logGet(43)) - raft.server.log.preallocated.size = 16384 (custom)
2019-07-14 00:57:59,474 INFO  server.RaftServerConfigKeys (ConfUtils.java:logGet(43)) - raft.server.log.write.buffer.size = 33554432 (custom)
2019-07-14 00:57:59,474 INFO  server.RaftServerConfigKeys (ConfUtils.java:logGet(43)) - raft.server.log.force.sync.num = 128 (default)
2019-07-14 00:57:59,474 INFO  server.RaftServerConfigKeys (ConfUtils.java:logGet(43)) - raft.server.log.statemachine.data.sync = true (default)
2019-07-14 00:57:59,474 INFO  server.RaftServerConfigKeys (ConfUtils.java:logGet(43)) - raft.server.log.statemachine.data.sync.timeout = 10s (default)
2019-07-14 00:57:59,474 INFO  server.RaftServerConfigKeys (ConfUtils.java:logGet(43)) - raft.server.log.statemachine.data.sync.timeout.retry = -1 (default)
2019-07-14 00:57:59,475 INFO  server.RaftServerConfigKeys (ConfUtils.java:logGet(43)) - raft.server.log.statemachine.data.caching.enabled = true (custom)
2019-07-14 00:57:59,475 INFO  segmented.SegmentedRaftLogWorker (SegmentedRaftLogWorker.java:lambda$new$0(132)) - 417d9bfe-820a-4f77-a3de-1acef0c73e26-SegmentedRaftLogWorker:Storage Directory /tmp/workdir/hadoop-ozone/integration-test/target/test-dir/MiniOzoneClusterImpl-26790698-d9f8-48c1-a066-8ce0f022f48d/datanode-2/data/ratis/6f220968-9e6d-48f0-bc31-cf4964104931: flushIndex: setUnconditionally 0 -> -1
2019-07-14 00:57:59,475 INFO  server.RaftServerConfigKeys (ConfUtils.java:logGet(43)) - raft.server.snapshot.auto.trigger.enabled = true (custom)
2019-07-14 00:57:59,475 INFO  server.RaftServerConfigKeys (ConfUtils.java:logGet(43)) - raft.server.snapshot.auto.trigger.threshold = 10000 (custom)
2019-07-14 00:57:59,476 INFO  server.RaftServerConfigKeys (ConfUtils.java:logGet(43)) - raft.server.retrycache.expirytime = 600000ms (custom)
2019-07-14 00:57:59,476 INFO  impl.RaftServerImpl (RaftServerImpl.java:start(180)) - 417d9bfe-820a-4f77-a3de-1acef0c73e26: start group-CF4964104931
2019-07-14 00:57:59,476 INFO  impl.RaftServerImpl (RaftServerImpl.java:setRole(171)) - 417d9bfe-820a-4f77-a3de-1acef0c73e26:group-CF4964104931 changes role from null to FOLLOWER at term 0 for startAsFollower
2019-07-14 00:57:59,476 INFO  impl.RoleInfo (RoleInfo.java:updateAndGet(143)) - 417d9bfe-820a-4f77-a3de-1acef0c73e26: start FollowerState
2019-07-14 00:57:59,476 INFO  util.JmxRegister (JmxRegister.java:tryRegister(44)) - Successfully registered JMX Bean with object name Ratis:service=RaftServer,group=group-CF4964104931,id=417d9bfe-820a-4f77-a3de-1acef0c73e26
2019-07-14 00:57:59,479 INFO  pipeline.PipelineStateManager (PipelineStateManager.java:addPipeline(56)) - Created pipeline Pipeline[ Id: 6f220968-9e6d-48f0-bc31-cf4964104931, Nodes: 417d9bfe-820a-4f77-a3de-1acef0c73e26{ip: 192.168.157.230, host: trunk-nightly-sxkq5-3320257302, networkLocation: /default-rack, certSerialId: null}, Type:RATIS, Factor:ONE, State:OPEN]
2019-07-14 00:57:59,501 INFO  impl.RaftServerProxy (RaftServerProxy.java:addNew(89)) - db655c13-701f-4833-9664-39869cd638e2: addNew group-2987ADE9E5DC:[db655c13-701f-4833-9664-39869cd638e2:192.168.157.230:38873, 417d9bfe-820a-4f77-a3de-1acef0c73e26:192.168.157.230:36822, 6d6353fa-4af9-45d6-8513-9edfc801ca7e:192.168.157.230:44213] returns group-2987ADE9E5DC:java.util.concurrent.CompletableFuture@4d3469dc[Not completed]
2019-07-14 00:57:59,501 INFO  impl.RaftServerProxy (RaftServerProxy.java:addNew(89)) - 417d9bfe-820a-4f77-a3de-1acef0c73e26: addNew group-2987ADE9E5DC:[db655c13-701f-4833-9664-39869cd638e2:192.168.157.230:38873, 417d9bfe-820a-4f77-a3de-1acef0c73e26:192.168.157.230:36822, 6d6353fa-4af9-45d6-8513-9edfc801ca7e:192.168.157.230:44213] returns group-2987ADE9E5DC:java.util.concurrent.CompletableFuture@75215a84[Not completed]
2019-07-14 00:57:59,501 INFO  impl.RaftServerProxy (RaftServerProxy.java:addNew(89)) - 6d6353fa-4af9-45d6-8513-9edfc801ca7e: addNew group-2987ADE9E5DC:[db655c13-701f-4833-9664-39869cd638e2:192.168.157.230:38873, 417d9bfe-820a-4f77-a3de-1acef0c73e26:192.168.157.230:36822, 6d6353fa-4af9-45d6-8513-9edfc801ca7e:192.168.157.230:44213] returns group-2987ADE9E5DC:java.util.concurrent.CompletableFuture@6d352e45[Not completed]
2019-07-14 00:57:59,502 INFO  impl.RaftServerImpl (RaftServerImpl.java:<init>(93)) - db655c13-701f-4833-9664-39869cd638e2: new RaftServerImpl for group-2987ADE9E5DC:[db655c13-701f-4833-9664-39869cd638e2:192.168.157.230:38873, 417d9bfe-820a-4f77-a3de-1acef0c73e26:192.168.157.230:36822, 6d6353fa-4af9-45d6-8513-9edfc801ca7e:192.168.157.230:44213] with ContainerStateMachine:uninitialized
2019-07-14 00:57:59,502 INFO  server.RaftServerConfigKeys (ConfUtils.java:logGet(43)) - raft.server.rpc.timeout.min = 5s (custom)
2019-07-14 00:57:59,502 INFO  server.RaftServerConfigKeys (ConfUtils.java:logGet(43)) - raft.server.rpc.timeout.max = 5200ms (custom)
2019-07-14 00:57:59,503 INFO  server.RaftServerConfigKeys (ConfUtils.java:logGet(43)) - raft.server.rpcslowness.timeout = 120s (custom)
2019-07-14 00:57:59,503 INFO  impl.RaftServerImpl (RaftServerImpl.java:<init>(93)) - 417d9bfe-820a-4f77-a3de-1acef0c73e26: new RaftServerImpl for group-2987ADE9E5DC:[db655c13-701f-4833-9664-39869cd638e2:192.168.157.230:38873, 417d9bfe-820a-4f77-a3de-1acef0c73e26:192.168.157.230:36822, 6d6353fa-4af9-45d6-8513-9edfc801ca7e:192.168.157.230:44213] with ContainerStateMachine:uninitialized
2019-07-14 00:57:59,503 INFO  server.RaftServerConfigKeys (ConfUtils.java:logGet(43)) - raft.server.sleep.deviation.threshold = 300 (default)
2019-07-14 00:57:59,503 INFO  server.RaftServerConfigKeys (ConfUtils.java:logGet(43)) - raft.server.rpc.timeout.min = 5s (custom)
2019-07-14 00:57:59,503 INFO  impl.RaftServerImpl (RaftServerImpl.java:<init>(93)) - 6d6353fa-4af9-45d6-8513-9edfc801ca7e: new RaftServerImpl for group-2987ADE9E5DC:[db655c13-701f-4833-9664-39869cd638e2:192.168.157.230:38873, 417d9bfe-820a-4f77-a3de-1acef0c73e26:192.168.157.230:36822, 6d6353fa-4af9-45d6-8513-9edfc801ca7e:192.168.157.230:44213] with ContainerStateMachine:uninitialized
2019-07-14 00:57:59,503 INFO  server.RaftServerConfigKeys (ConfUtils.java:logGet(43)) - raft.server.log.appender.install.snapshot.enabled = false (custom)
2019-07-14 00:57:59,503 INFO  server.RaftServerConfigKeys (ConfUtils.java:logGet(43)) - raft.server.rpc.timeout.min = 5s (custom)
2019-07-14 00:57:59,504 INFO  server.RaftServerConfigKeys (ConfUtils.java:logGet(43)) - raft.server.rpc.timeout.max = 5200ms (custom)
2019-07-14 00:57:59,503 INFO  server.RaftServerConfigKeys (ConfUtils.java:logGet(43)) - raft.server.rpc.timeout.max = 5200ms (custom)
2019-07-14 00:57:59,504 INFO  server.RaftServerConfigKeys (ConfUtils.java:logGet(43)) - raft.server.rpcslowness.timeout = 120s (custom)
2019-07-14 00:57:59,504 INFO  server.RaftServerConfigKeys (ConfUtils.java:logGet(43)) - raft.server.sleep.deviation.threshold = 300 (default)
2019-07-14 00:57:59,504 INFO  impl.RaftServerImpl (ServerState.java:<init>(105)) - db655c13-701f-4833-9664-39869cd638e2:group-2987ADE9E5DC ConfigurationManager, init=-1: [db655c13-701f-4833-9664-39869cd638e2:192.168.157.230:38873, 417d9bfe-820a-4f77-a3de-1acef0c73e26:192.168.157.230:36822, 6d6353fa-4af9-45d6-8513-9edfc801ca7e:192.168.157.230:44213], old=null, confs=<EMPTY_MAP>
2019-07-14 00:57:59,504 INFO  server.RaftServerConfigKeys (ConfUtils.java:logGet(43)) - raft.server.log.appender.install.snapshot.enabled = false (custom)
2019-07-14 00:57:59,504 INFO  server.RaftServerConfigKeys (ConfUtils.java:logGet(43)) - raft.server.rpcslowness.timeout = 120s (custom)
2019-07-14 00:57:59,505 INFO  impl.RaftServerImpl (ServerState.java:<init>(105)) - 6d6353fa-4af9-45d6-8513-9edfc801ca7e:group-2987ADE9E5DC ConfigurationManager, init=-1: [db655c13-701f-4833-9664-39869cd638e2:192.168.157.230:38873, 417d9bfe-820a-4f77-a3de-1acef0c73e26:192.168.157.230:36822, 6d6353fa-4af9-45d6-8513-9edfc801ca7e:192.168.157.230:44213], old=null, confs=<EMPTY_MAP>
2019-07-14 00:57:59,505 INFO  server.RaftServerConfigKeys (ConfUtils.java:logGet(43)) - raft.server.storage.dir = [/tmp/workdir/hadoop-ozone/integration-test/target/test-dir/MiniOzoneClusterImpl-26790698-d9f8-48c1-a066-8ce0f022f48d/datanode-0/data/ratis] (custom)
2019-07-14 00:57:59,505 INFO  server.RaftServerConfigKeys (ConfUtils.java:logGet(43)) - raft.server.storage.dir = [/tmp/workdir/hadoop-ozone/integration-test/target/test-dir/MiniOzoneClusterImpl-26790698-d9f8-48c1-a066-8ce0f022f48d/datanode-1/data/ratis] (custom)
2019-07-14 00:57:59,505 INFO  server.RaftServerConfigKeys (ConfUtils.java:logGet(43)) - raft.server.sleep.deviation.threshold = 300 (default)
2019-07-14 00:57:59,505 INFO  storage.RaftStorageDirectory (RaftStorageDirectory.java:analyzeStorage(246)) - The storage directory /tmp/workdir/hadoop-ozone/integration-test/target/test-dir/MiniOzoneClusterImpl-26790698-d9f8-48c1-a066-8ce0f022f48d/datanode-0/data/ratis/c07973a6-0913-479d-b966-2987ade9e5dc does not exist. Creating ...
2019-07-14 00:57:59,506 INFO  storage.RaftStorageDirectory (RaftStorageDirectory.java:analyzeStorage(246)) - The storage directory /tmp/workdir/hadoop-ozone/integration-test/target/test-dir/MiniOzoneClusterImpl-26790698-d9f8-48c1-a066-8ce0f022f48d/datanode-1/data/ratis/c07973a6-0913-479d-b966-2987ade9e5dc does not exist. Creating ...
2019-07-14 00:57:59,505 INFO  server.RaftServerConfigKeys (ConfUtils.java:logGet(43)) - raft.server.log.appender.install.snapshot.enabled = false (custom)
2019-07-14 00:57:59,506 INFO  impl.RaftServerImpl (ServerState.java:<init>(105)) - 417d9bfe-820a-4f77-a3de-1acef0c73e26:group-2987ADE9E5DC ConfigurationManager, init=-1: [db655c13-701f-4833-9664-39869cd638e2:192.168.157.230:38873, 417d9bfe-820a-4f77-a3de-1acef0c73e26:192.168.157.230:36822, 6d6353fa-4af9-45d6-8513-9edfc801ca7e:192.168.157.230:44213], old=null, confs=<EMPTY_MAP>
2019-07-14 00:57:59,506 INFO  server.RaftServerConfigKeys (ConfUtils.java:logGet(43)) - raft.server.storage.dir = [/tmp/workdir/hadoop-ozone/integration-test/target/test-dir/MiniOzoneClusterImpl-26790698-d9f8-48c1-a066-8ce0f022f48d/datanode-2/data/ratis] (custom)
2019-07-14 00:57:59,507 INFO  storage.RaftStorageDirectory (RaftStorageDirectory.java:analyzeStorage(246)) - The storage directory /tmp/workdir/hadoop-ozone/integration-test/target/test-dir/MiniOzoneClusterImpl-26790698-d9f8-48c1-a066-8ce0f022f48d/datanode-2/data/ratis/c07973a6-0913-479d-b966-2987ade9e5dc does not exist. Creating ...
2019-07-14 00:57:59,518 INFO  storage.RaftStorageDirectory (RaftStorageDirectory.java:tryLock(328)) - Lock on /tmp/workdir/hadoop-ozone/integration-test/target/test-dir/MiniOzoneClusterImpl-26790698-d9f8-48c1-a066-8ce0f022f48d/datanode-1/data/ratis/c07973a6-0913-479d-b966-2987ade9e5dc/in_use.lock acquired by nodename 12290@trunk-nightly-sxkq5-3320257302
2019-07-14 00:57:59,518 INFO  storage.RaftStorageDirectory (RaftStorageDirectory.java:tryLock(328)) - Lock on /tmp/workdir/hadoop-ozone/integration-test/target/test-dir/MiniOzoneClusterImpl-26790698-d9f8-48c1-a066-8ce0f022f48d/datanode-0/data/ratis/c07973a6-0913-479d-b966-2987ade9e5dc/in_use.lock acquired by nodename 12290@trunk-nightly-sxkq5-3320257302
2019-07-14 00:57:59,518 INFO  storage.RaftStorageDirectory (RaftStorageDirectory.java:tryLock(328)) - Lock on /tmp/workdir/hadoop-ozone/integration-test/target/test-dir/MiniOzoneClusterImpl-26790698-d9f8-48c1-a066-8ce0f022f48d/datanode-2/data/ratis/c07973a6-0913-479d-b966-2987ade9e5dc/in_use.lock acquired by nodename 12290@trunk-nightly-sxkq5-3320257302
2019-07-14 00:57:59,529 INFO  storage.RaftStorage (RaftStorage.java:format(72)) - Storage directory /tmp/workdir/hadoop-ozone/integration-test/target/test-dir/MiniOzoneClusterImpl-26790698-d9f8-48c1-a066-8ce0f022f48d/datanode-1/data/ratis/c07973a6-0913-479d-b966-2987ade9e5dc has been successfully formatted.
2019-07-14 00:57:59,529 INFO  storage.RaftStorage (RaftStorage.java:format(72)) - Storage directory /tmp/workdir/hadoop-ozone/integration-test/target/test-dir/MiniOzoneClusterImpl-26790698-d9f8-48c1-a066-8ce0f022f48d/datanode-2/data/ratis/c07973a6-0913-479d-b966-2987ade9e5dc has been successfully formatted.
2019-07-14 00:57:59,530 INFO  ratis.ContainerStateMachine (ContainerStateMachine.java:loadSnapshot(200)) - The snapshot info is null.Setting the last applied index to:(t:0, i:~)
2019-07-14 00:57:59,530 INFO  ratis.ContainerStateMachine (ContainerStateMachine.java:loadSnapshot(200)) - The snapshot info is null.Setting the last applied index to:(t:0, i:~)
2019-07-14 00:57:59,529 INFO  storage.RaftStorage (RaftStorage.java:format(72)) - Storage directory /tmp/workdir/hadoop-ozone/integration-test/target/test-dir/MiniOzoneClusterImpl-26790698-d9f8-48c1-a066-8ce0f022f48d/datanode-0/data/ratis/c07973a6-0913-479d-b966-2987ade9e5dc has been successfully formatted.
2019-07-14 00:57:59,530 INFO  server.RaftServerConfigKeys (ConfUtils.java:logGet(43)) - raft.server.leader.election.timeout = 120s (custom)
2019-07-14 00:57:59,530 INFO  ratis.ContainerStateMachine (ContainerStateMachine.java:loadSnapshot(200)) - The snapshot info is null.Setting the last applied index to:(t:0, i:~)
2019-07-14 00:57:59,530 INFO  server.RaftServerConfigKeys (ConfUtils.java:logGet(43)) - raft.server.leader.election.timeout = 120s (custom)
2019-07-14 00:57:59,530 INFO  server.RaftServerConfigKeys (ConfUtils.java:logGet(43)) - raft.server.leader.election.timeout = 120s (custom)
2019-07-14 00:57:59,530 INFO  server.RaftServerConfigKeys (ConfUtils.java:logGet(43)) - raft.server.log.use.memory = false (default)
2019-07-14 00:57:59,531 INFO  server.RaftServerConfigKeys (ConfUtils.java:logGet(43)) - raft.server.log.use.memory = false (default)
2019-07-14 00:57:59,531 INFO  server.RaftServerConfigKeys (ConfUtils.java:logGet(43)) - raft.server.log.use.memory = false (default)
2019-07-14 00:57:59,531 INFO  server.RaftServerConfigKeys (ConfUtils.java:logGet(43)) - raft.server.log.purge.gap = 1000000000 (custom)
2019-07-14 00:57:59,531 INFO  server.RaftServerConfigKeys (ConfUtils.java:logGet(43)) - raft.server.log.purge.gap = 1000000000 (custom)
2019-07-14 00:57:59,531 INFO  server.RaftServerConfigKeys (ConfUtils.java:logGet(43)) - raft.server.log.appender.buffer.byte-limit = 33554432 (custom)
2019-07-14 00:57:59,531 INFO  server.RaftServerConfigKeys (ConfUtils.java:logGet(43)) - raft.server.log.purge.gap = 1000000000 (custom)
2019-07-14 00:57:59,532 INFO  server.RaftServerConfigKeys (ConfUtils.java:logGet(43)) - raft.server.log.segment.size.max = 1048576 (custom)
2019-07-14 00:57:59,531 INFO  server.RaftServerConfigKeys (ConfUtils.java:logGet(43)) - raft.server.log.appender.buffer.byte-limit = 33554432 (custom)
2019-07-14 00:57:59,532 INFO  server.RaftServerConfigKeys (ConfUtils.java:logGet(43)) - raft.server.log.segment.cache.num.max = 2 (custom)
2019-07-14 00:57:59,532 INFO  server.RaftServerConfigKeys (ConfUtils.java:logGet(43)) - raft.server.log.appender.buffer.byte-limit = 33554432 (custom)
2019-07-14 00:57:59,532 INFO  segmented.SegmentedRaftLogWorker (SegmentedRaftLogWorker.java:<init>(172)) - new db655c13-701f-4833-9664-39869cd638e2-SegmentedRaftLogWorker:Storage Directory /tmp/workdir/hadoop-ozone/integration-test/target/test-dir/MiniOzoneClusterImpl-26790698-d9f8-48c1-a066-8ce0f022f48d/datanode-0/data/ratis/c07973a6-0913-479d-b966-2987ade9e5dc for RaftStorage:Storage Directory /tmp/workdir/hadoop-ozone/integration-test/target/test-dir/MiniOzoneClusterImpl-26790698-d9f8-48c1-a066-8ce0f022f48d/datanode-0/data/ratis/c07973a6-0913-479d-b966-2987ade9e5dc
2019-07-14 00:57:59,532 INFO  server.RaftServerConfigKeys (ConfUtils.java:logGet(43)) - raft.server.log.segment.size.max = 1048576 (custom)
2019-07-14 00:57:59,533 INFO  server.RaftServerConfigKeys (ConfUtils.java:logGet(43)) - raft.server.log.queue.byte-limit = 2147483647 (custom)
2019-07-14 00:57:59,533 INFO  server.RaftServerConfigKeys (ConfUtils.java:logGet(43)) - raft.server.log.queue.element-limit = 1024 (custom)
2019-07-14 00:57:59,532 INFO  server.RaftServerConfigKeys (ConfUtils.java:logGet(43)) - raft.server.log.segment.size.max = 1048576 (custom)
2019-07-14 00:57:59,533 INFO  server.RaftServerConfigKeys (ConfUtils.java:logGet(43)) - raft.server.log.segment.size.max = 1048576 (custom)
2019-07-14 00:57:59,533 INFO  server.RaftServerConfigKeys (ConfUtils.java:logGet(43)) - raft.server.log.preallocated.size = 16384 (custom)
2019-07-14 00:57:59,533 INFO  server.RaftServerConfigKeys (ConfUtils.java:logGet(43)) - raft.server.log.segment.cache.num.max = 2 (custom)
2019-07-14 00:57:59,533 INFO  server.RaftServerConfigKeys (ConfUtils.java:logGet(43)) - raft.server.log.write.buffer.size = 33554432 (custom)
2019-07-14 00:57:59,534 INFO  server.RaftServerConfigKeys (ConfUtils.java:logGet(43)) - raft.server.log.force.sync.num = 128 (default)
2019-07-14 00:57:59,533 INFO  server.RaftServerConfigKeys (ConfUtils.java:logGet(43)) - raft.server.log.segment.cache.num.max = 2 (custom)
2019-07-14 00:57:59,534 INFO  server.RaftServerConfigKeys (ConfUtils.java:logGet(43)) - raft.server.log.statemachine.data.sync = true (default)
2019-07-14 00:57:59,534 INFO  server.RaftServerConfigKeys (ConfUtils.java:logGet(43)) - raft.server.log.statemachine.data.sync.timeout = 10s (default)
2019-07-14 00:57:59,534 INFO  segmented.SegmentedRaftLogWorker (SegmentedRaftLogWorker.java:<init>(172)) - new 417d9bfe-820a-4f77-a3de-1acef0c73e26-SegmentedRaftLogWorker:Storage Directory /tmp/workdir/hadoop-ozone/integration-test/target/test-dir/MiniOzoneClusterImpl-26790698-d9f8-48c1-a066-8ce0f022f48d/datanode-2/data/ratis/c07973a6-0913-479d-b966-2987ade9e5dc for RaftStorage:Storage Directory /tmp/workdir/hadoop-ozone/integration-test/target/test-dir/MiniOzoneClusterImpl-26790698-d9f8-48c1-a066-8ce0f022f48d/datanode-2/data/ratis/c07973a6-0913-479d-b966-2987ade9e5dc
2019-07-14 00:57:59,534 INFO  server.RaftServerConfigKeys (ConfUtils.java:logGet(43)) - raft.server.log.statemachine.data.sync.timeout.retry = -1 (default)
2019-07-14 00:57:59,534 INFO  segmented.SegmentedRaftLogWorker (SegmentedRaftLogWorker.java:<init>(172)) - new 6d6353fa-4af9-45d6-8513-9edfc801ca7e-SegmentedRaftLogWorker:Storage Directory /tmp/workdir/hadoop-ozone/integration-test/target/test-dir/MiniOzoneClusterImpl-26790698-d9f8-48c1-a066-8ce0f022f48d/datanode-1/data/ratis/c07973a6-0913-479d-b966-2987ade9e5dc for RaftStorage:Storage Directory /tmp/workdir/hadoop-ozone/integration-test/target/test-dir/MiniOzoneClusterImpl-26790698-d9f8-48c1-a066-8ce0f022f48d/datanode-1/data/ratis/c07973a6-0913-479d-b966-2987ade9e5dc
2019-07-14 00:57:59,535 INFO  server.RaftServerConfigKeys (ConfUtils.java:logGet(43)) - raft.server.log.statemachine.data.caching.enabled = true (custom)
2019-07-14 00:57:59,535 INFO  server.RaftServerConfigKeys (ConfUtils.java:logGet(43)) - raft.server.log.queue.byte-limit = 2147483647 (custom)
2019-07-14 00:57:59,535 INFO  segmented.SegmentedRaftLogWorker (SegmentedRaftLogWorker.java:lambda$new$0(132)) - db655c13-701f-4833-9664-39869cd638e2-SegmentedRaftLogWorker:Storage Directory /tmp/workdir/hadoop-ozone/integration-test/target/test-dir/MiniOzoneClusterImpl-26790698-d9f8-48c1-a066-8ce0f022f48d/datanode-0/data/ratis/c07973a6-0913-479d-b966-2987ade9e5dc: flushIndex: setUnconditionally 0 -> -1
2019-07-14 00:57:59,535 INFO  server.RaftServerConfigKeys (ConfUtils.java:logGet(43)) - raft.server.log.queue.byte-limit = 2147483647 (custom)
2019-07-14 00:57:59,535 INFO  server.RaftServerConfigKeys (ConfUtils.java:logGet(43)) - raft.server.log.queue.element-limit = 1024 (custom)
2019-07-14 00:57:59,536 INFO  server.RaftServerConfigKeys (ConfUtils.java:logGet(43)) - raft.server.snapshot.auto.trigger.enabled = true (custom)
2019-07-14 00:57:59,536 INFO  server.RaftServerConfigKeys (ConfUtils.java:logGet(43)) - raft.server.log.queue.element-limit = 1024 (custom)
2019-07-14 00:57:59,536 INFO  server.RaftServerConfigKeys (ConfUtils.java:logGet(43)) - raft.server.snapshot.auto.trigger.threshold = 10000 (custom)
2019-07-14 00:57:59,536 INFO  server.RaftServerConfigKeys (ConfUtils.java:logGet(43)) - raft.server.log.segment.size.max = 1048576 (custom)
2019-07-14 00:57:59,536 INFO  server.RaftServerConfigKeys (ConfUtils.java:logGet(43)) - raft.server.retrycache.expirytime = 600000ms (custom)
2019-07-14 00:57:59,536 INFO  server.RaftServerConfigKeys (ConfUtils.java:logGet(43)) - raft.server.log.segment.size.max = 1048576 (custom)
2019-07-14 00:57:59,537 INFO  impl.RaftServerImpl (RaftServerImpl.java:start(180)) - db655c13-701f-4833-9664-39869cd638e2: start group-2987ADE9E5DC
2019-07-14 00:57:59,536 INFO  server.RaftServerConfigKeys (ConfUtils.java:logGet(43)) - raft.server.log.preallocated.size = 16384 (custom)
2019-07-14 00:57:59,537 INFO  impl.RaftServerImpl (RaftServerImpl.java:setRole(171)) - db655c13-701f-4833-9664-39869cd638e2:group-2987ADE9E5DC changes role from null to FOLLOWER at term 0 for startAsFollower
2019-07-14 00:57:59,537 INFO  impl.RoleInfo (RoleInfo.java:updateAndGet(143)) - db655c13-701f-4833-9664-39869cd638e2: start FollowerState
2019-07-14 00:57:59,537 INFO  server.RaftServerConfigKeys (ConfUtils.java:logGet(43)) - raft.server.log.preallocated.size = 16384 (custom)
2019-07-14 00:57:59,537 INFO  server.RaftServerConfigKeys (ConfUtils.java:logGet(43)) - raft.server.log.write.buffer.size = 33554432 (custom)
2019-07-14 00:57:59,538 INFO  util.JmxRegister (JmxRegister.java:tryRegister(44)) - Successfully registered JMX Bean with object name Ratis:service=RaftServer,group=group-2987ADE9E5DC,id=db655c13-701f-4833-9664-39869cd638e2
2019-07-14 00:57:59,538 INFO  server.RaftServerConfigKeys (ConfUtils.java:logGet(43)) - raft.server.log.write.buffer.size = 33554432 (custom)
2019-07-14 00:57:59,538 INFO  server.RaftServerConfigKeys (ConfUtils.java:logGet(43)) - raft.server.log.force.sync.num = 128 (default)
2019-07-14 00:57:59,538 INFO  server.RaftServerConfigKeys (ConfUtils.java:logGet(43)) - raft.server.log.force.sync.num = 128 (default)
2019-07-14 00:57:59,538 INFO  server.RaftServerConfigKeys (ConfUtils.java:logGet(43)) - raft.server.log.statemachine.data.sync = true (default)
2019-07-14 00:57:59,538 INFO  server.RaftServerConfigKeys (ConfUtils.java:logGet(43)) - raft.server.log.statemachine.data.sync = true (default)
2019-07-14 00:57:59,539 INFO  server.RaftServerConfigKeys (ConfUtils.java:logGet(43)) - raft.server.log.statemachine.data.sync.timeout = 10s (default)
2019-07-14 00:57:59,539 INFO  server.RaftServerConfigKeys (ConfUtils.java:logGet(43)) - raft.server.log.statemachine.data.sync.timeout = 10s (default)
2019-07-14 00:57:59,539 INFO  server.RaftServerConfigKeys (ConfUtils.java:logGet(43)) - raft.server.log.statemachine.data.sync.timeout.retry = -1 (default)
2019-07-14 00:57:59,539 INFO  server.RaftServerConfigKeys (ConfUtils.java:logGet(43)) - raft.server.log.statemachine.data.sync.timeout.retry = -1 (default)
2019-07-14 00:57:59,539 INFO  server.RaftServerConfigKeys (ConfUtils.java:logGet(43)) - raft.server.log.statemachine.data.caching.enabled = true (custom)
2019-07-14 00:57:59,539 INFO  server.RaftServerConfigKeys (ConfUtils.java:logGet(43)) - raft.server.log.statemachine.data.caching.enabled = true (custom)
2019-07-14 00:57:59,540 INFO  segmented.SegmentedRaftLogWorker (SegmentedRaftLogWorker.java:lambda$new$0(132)) - 417d9bfe-820a-4f77-a3de-1acef0c73e26-SegmentedRaftLogWorker:Storage Directory /tmp/workdir/hadoop-ozone/integration-test/target/test-dir/MiniOzoneClusterImpl-26790698-d9f8-48c1-a066-8ce0f022f48d/datanode-2/data/ratis/c07973a6-0913-479d-b966-2987ade9e5dc: flushIndex: setUnconditionally 0 -> -1
2019-07-14 00:57:59,540 INFO  segmented.SegmentedRaftLogWorker (SegmentedRaftLogWorker.java:lambda$new$0(132)) - 6d6353fa-4af9-45d6-8513-9edfc801ca7e-SegmentedRaftLogWorker:Storage Directory /tmp/workdir/hadoop-ozone/integration-test/target/test-dir/MiniOzoneClusterImpl-26790698-d9f8-48c1-a066-8ce0f022f48d/datanode-1/data/ratis/c07973a6-0913-479d-b966-2987ade9e5dc: flushIndex: setUnconditionally 0 -> -1
2019-07-14 00:57:59,540 INFO  server.RaftServerConfigKeys (ConfUtils.java:logGet(43)) - raft.server.snapshot.auto.trigger.enabled = true (custom)
2019-07-14 00:57:59,540 INFO  server.RaftServerConfigKeys (ConfUtils.java:logGet(43)) - raft.server.snapshot.auto.trigger.threshold = 10000 (custom)
2019-07-14 00:57:59,540 INFO  server.RaftServerConfigKeys (ConfUtils.java:logGet(43)) - raft.server.snapshot.auto.trigger.enabled = true (custom)
2019-07-14 00:57:59,540 INFO  server.RaftServerConfigKeys (ConfUtils.java:logGet(43)) - raft.server.retrycache.expirytime = 600000ms (custom)
2019-07-14 00:57:59,540 INFO  server.RaftServerConfigKeys (ConfUtils.java:logGet(43)) - raft.server.snapshot.auto.trigger.threshold = 10000 (custom)
2019-07-14 00:57:59,541 INFO  impl.RaftServerImpl (RaftServerImpl.java:start(180)) - 417d9bfe-820a-4f77-a3de-1acef0c73e26: start group-2987ADE9E5DC
2019-07-14 00:57:59,541 INFO  server.RaftServerConfigKeys (ConfUtils.java:logGet(43)) - raft.server.retrycache.expirytime = 600000ms (custom)
2019-07-14 00:57:59,541 INFO  impl.RaftServerImpl (RaftServerImpl.java:setRole(171)) - 417d9bfe-820a-4f77-a3de-1acef0c73e26:group-2987ADE9E5DC changes role from null to FOLLOWER at term 0 for startAsFollower
2019-07-14 00:57:59,541 INFO  impl.RaftServerImpl (RaftServerImpl.java:start(180)) - 6d6353fa-4af9-45d6-8513-9edfc801ca7e: start group-2987ADE9E5DC
2019-07-14 00:57:59,541 INFO  impl.RoleInfo (RoleInfo.java:updateAndGet(143)) - 417d9bfe-820a-4f77-a3de-1acef0c73e26: start FollowerState
2019-07-14 00:57:59,541 INFO  impl.RaftServerImpl (RaftServerImpl.java:setRole(171)) - 6d6353fa-4af9-45d6-8513-9edfc801ca7e:group-2987ADE9E5DC changes role from null to FOLLOWER at term 0 for startAsFollower
2019-07-14 00:57:59,542 INFO  impl.RoleInfo (RoleInfo.java:updateAndGet(143)) - 6d6353fa-4af9-45d6-8513-9edfc801ca7e: start FollowerState
2019-07-14 00:57:59,542 INFO  util.JmxRegister (JmxRegister.java:tryRegister(44)) - Successfully registered JMX Bean with object name Ratis:service=RaftServer,group=group-2987ADE9E5DC,id=417d9bfe-820a-4f77-a3de-1acef0c73e26
2019-07-14 00:57:59,542 INFO  util.JmxRegister (JmxRegister.java:tryRegister(44)) - Successfully registered JMX Bean with object name Ratis:service=RaftServer,group=group-2987ADE9E5DC,id=6d6353fa-4af9-45d6-8513-9edfc801ca7e
2019-07-14 00:57:59,545 INFO  pipeline.PipelineStateManager (PipelineStateManager.java:addPipeline(56)) - Created pipeline Pipeline[ Id: c07973a6-0913-479d-b966-2987ade9e5dc, Nodes: 6d6353fa-4af9-45d6-8513-9edfc801ca7e{ip: 192.168.157.230, host: trunk-nightly-sxkq5-3320257302, networkLocation: /default-rack, certSerialId: null}db655c13-701f-4833-9664-39869cd638e2{ip: 192.168.157.230, host: trunk-nightly-sxkq5-3320257302, networkLocation: /default-rack, certSerialId: null}417d9bfe-820a-4f77-a3de-1acef0c73e26{ip: 192.168.157.230, host: trunk-nightly-sxkq5-3320257302, networkLocation: /default-rack, certSerialId: null}, Type:RATIS, Factor:THREE, State:OPEN]
2019-07-14 00:57:59,565 INFO  node.SCMNodeManager (SCMNodeManager.java:register(269)) - Registered Data node : 874105b6-5a51-463e-b3e4-1e5d9fc032df{ip: 192.168.157.230, host: trunk-nightly-sxkq5-3320257302, networkLocation: /default-rack, certSerialId: null}
2019-07-14 00:57:59,583 INFO  impl.RaftServerProxy (RaftServerProxy.java:addNew(89)) - 874105b6-5a51-463e-b3e4-1e5d9fc032df: addNew group-B09A4313B083:[874105b6-5a51-463e-b3e4-1e5d9fc032df:192.168.157.230:36937] returns group-B09A4313B083:java.util.concurrent.CompletableFuture@1bb321ed[Not completed]
2019-07-14 00:57:59,584 INFO  impl.RaftServerImpl (RaftServerImpl.java:<init>(93)) - 874105b6-5a51-463e-b3e4-1e5d9fc032df: new RaftServerImpl for group-B09A4313B083:[874105b6-5a51-463e-b3e4-1e5d9fc032df:192.168.157.230:36937] with ContainerStateMachine:uninitialized
2019-07-14 00:57:59,584 INFO  server.RaftServerConfigKeys (ConfUtils.java:logGet(43)) - raft.server.rpc.timeout.min = 5s (custom)
2019-07-14 00:57:59,584 INFO  server.RaftServerConfigKeys (ConfUtils.java:logGet(43)) - raft.server.rpc.timeout.max = 5200ms (custom)
2019-07-14 00:57:59,584 INFO  server.RaftServerConfigKeys (ConfUtils.java:logGet(43)) - raft.server.rpcslowness.timeout = 120s (custom)
2019-07-14 00:57:59,584 INFO  server.RaftServerConfigKeys (ConfUtils.java:logGet(43)) - raft.server.sleep.deviation.threshold = 300 (default)
2019-07-14 00:57:59,585 INFO  server.RaftServerConfigKeys (ConfUtils.java:logGet(43)) - raft.server.log.appender.install.snapshot.enabled = false (custom)
2019-07-14 00:57:59,585 INFO  impl.RaftServerImpl (ServerState.java:<init>(105)) - 874105b6-5a51-463e-b3e4-1e5d9fc032df:group-B09A4313B083 ConfigurationManager, init=-1: [874105b6-5a51-463e-b3e4-1e5d9fc032df:192.168.157.230:36937], old=null, confs=<EMPTY_MAP>
2019-07-14 00:57:59,585 INFO  server.RaftServerConfigKeys (ConfUtils.java:logGet(43)) - raft.server.storage.dir = [/tmp/workdir/hadoop-ozone/integration-test/target/test-dir/MiniOzoneClusterImpl-26790698-d9f8-48c1-a066-8ce0f022f48d/datanode-3/data/ratis] (custom)
2019-07-14 00:57:59,585 INFO  storage.RaftStorageDirectory (RaftStorageDirectory.java:analyzeStorage(246)) - The storage directory /tmp/workdir/hadoop-ozone/integration-test/target/test-dir/MiniOzoneClusterImpl-26790698-d9f8-48c1-a066-8ce0f022f48d/datanode-3/data/ratis/85f78f74-d0cb-4682-b1ba-b09a4313b083 does not exist. Creating ...
2019-07-14 00:57:59,599 INFO  storage.RaftStorageDirectory (RaftStorageDirectory.java:tryLock(328)) - Lock on /tmp/workdir/hadoop-ozone/integration-test/target/test-dir/MiniOzoneClusterImpl-26790698-d9f8-48c1-a066-8ce0f022f48d/datanode-3/data/ratis/85f78f74-d0cb-4682-b1ba-b09a4313b083/in_use.lock acquired by nodename 12290@trunk-nightly-sxkq5-3320257302
2019-07-14 00:57:59,614 INFO  storage.RaftStorage (RaftStorage.java:format(72)) - Storage directory /tmp/workdir/hadoop-ozone/integration-test/target/test-dir/MiniOzoneClusterImpl-26790698-d9f8-48c1-a066-8ce0f022f48d/datanode-3/data/ratis/85f78f74-d0cb-4682-b1ba-b09a4313b083 has been successfully formatted.
2019-07-14 00:57:59,614 INFO  ratis.ContainerStateMachine (ContainerStateMachine.java:loadSnapshot(200)) - The snapshot info is null.Setting the last applied index to:(t:0, i:~)
2019-07-14 00:57:59,614 INFO  server.RaftServerConfigKeys (ConfUtils.java:logGet(43)) - raft.server.leader.election.timeout = 120s (custom)
2019-07-14 00:57:59,614 INFO  server.RaftServerConfigKeys (ConfUtils.java:logGet(43)) - raft.server.log.use.memory = false (default)
2019-07-14 00:57:59,615 INFO  server.RaftServerConfigKeys (ConfUtils.java:logGet(43)) - raft.server.log.purge.gap = 1000000000 (custom)
2019-07-14 00:57:59,615 INFO  server.RaftServerConfigKeys (ConfUtils.java:logGet(43)) - raft.server.log.appender.buffer.byte-limit = 33554432 (custom)
2019-07-14 00:57:59,615 INFO  server.RaftServerConfigKeys (ConfUtils.java:logGet(43)) - raft.server.log.segment.size.max = 1048576 (custom)
2019-07-14 00:57:59,615 INFO  server.RaftServerConfigKeys (ConfUtils.java:logGet(43)) - raft.server.log.segment.cache.num.max = 2 (custom)
2019-07-14 00:57:59,615 INFO  segmented.SegmentedRaftLogWorker (SegmentedRaftLogWorker.java:<init>(172)) - new 874105b6-5a51-463e-b3e4-1e5d9fc032df-SegmentedRaftLogWorker:Storage Directory /tmp/workdir/hadoop-ozone/integration-test/target/test-dir/MiniOzoneClusterImpl-26790698-d9f8-48c1-a066-8ce0f022f48d/datanode-3/data/ratis/85f78f74-d0cb-4682-b1ba-b09a4313b083 for RaftStorage:Storage Directory /tmp/workdir/hadoop-ozone/integration-test/target/test-dir/MiniOzoneClusterImpl-26790698-d9f8-48c1-a066-8ce0f022f48d/datanode-3/data/ratis/85f78f74-d0cb-4682-b1ba-b09a4313b083
2019-07-14 00:57:59,615 INFO  server.RaftServerConfigKeys (ConfUtils.java:logGet(43)) - raft.server.log.queue.byte-limit = 2147483647 (custom)
2019-07-14 00:57:59,615 INFO  server.RaftServerConfigKeys (ConfUtils.java:logGet(43)) - raft.server.log.queue.element-limit = 1024 (custom)
2019-07-14 00:57:59,616 INFO  server.RaftServerConfigKeys (ConfUtils.java:logGet(43)) - raft.server.log.segment.size.max = 1048576 (custom)
2019-07-14 00:57:59,616 INFO  server.RaftServerConfigKeys (ConfUtils.java:logGet(43)) - raft.server.log.preallocated.size = 16384 (custom)
2019-07-14 00:57:59,616 INFO  server.RaftServerConfigKeys (ConfUtils.java:logGet(43)) - raft.server.log.write.buffer.size = 33554432 (custom)
2019-07-14 00:57:59,616 INFO  server.RaftServerConfigKeys (ConfUtils.java:logGet(43)) - raft.server.log.force.sync.num = 128 (default)
2019-07-14 00:57:59,616 INFO  server.RaftServerConfigKeys (ConfUtils.java:logGet(43)) - raft.server.log.statemachine.data.sync = true (default)
2019-07-14 00:57:59,616 INFO  server.RaftServerConfigKeys (ConfUtils.java:logGet(43)) - raft.server.log.statemachine.data.sync.timeout = 10s (default)
2019-07-14 00:57:59,616 INFO  server.RaftServerConfigKeys (ConfUtils.java:logGet(43)) - raft.server.log.statemachine.data.sync.timeout.retry = -1 (default)
2019-07-14 00:57:59,617 INFO  server.RaftServerConfigKeys (ConfUtils.java:logGet(43)) - raft.server.log.statemachine.data.caching.enabled = true (custom)
2019-07-14 00:57:59,617 INFO  segmented.SegmentedRaftLogWorker (SegmentedRaftLogWorker.java:lambda$new$0(132)) - 874105b6-5a51-463e-b3e4-1e5d9fc032df-SegmentedRaftLogWorker:Storage Directory /tmp/workdir/hadoop-ozone/integration-test/target/test-dir/MiniOzoneClusterImpl-26790698-d9f8-48c1-a066-8ce0f022f48d/datanode-3/data/ratis/85f78f74-d0cb-4682-b1ba-b09a4313b083: flushIndex: setUnconditionally 0 -> -1
2019-07-14 00:57:59,617 INFO  server.RaftServerConfigKeys (ConfUtils.java:logGet(43)) - raft.server.snapshot.auto.trigger.enabled = true (custom)
2019-07-14 00:57:59,617 INFO  server.RaftServerConfigKeys (ConfUtils.java:logGet(43)) - raft.server.snapshot.auto.trigger.threshold = 10000 (custom)
2019-07-14 00:57:59,618 INFO  server.RaftServerConfigKeys (ConfUtils.java:logGet(43)) - raft.server.retrycache.expirytime = 600000ms (custom)
2019-07-14 00:57:59,618 INFO  impl.RaftServerImpl (RaftServerImpl.java:start(180)) - 874105b6-5a51-463e-b3e4-1e5d9fc032df: start group-B09A4313B083
2019-07-14 00:57:59,618 INFO  impl.RaftServerImpl (RaftServerImpl.java:setRole(171)) - 874105b6-5a51-463e-b3e4-1e5d9fc032df:group-B09A4313B083 changes role from null to FOLLOWER at term 0 for startAsFollower
2019-07-14 00:57:59,618 INFO  impl.RoleInfo (RoleInfo.java:updateAndGet(143)) - 874105b6-5a51-463e-b3e4-1e5d9fc032df: start FollowerState
2019-07-14 00:57:59,640 INFO  util.JmxRegister (JmxRegister.java:tryRegister(44)) - Successfully registered JMX Bean with object name Ratis:service=RaftServer,group=group-B09A4313B083,id=874105b6-5a51-463e-b3e4-1e5d9fc032df
2019-07-14 00:57:59,659 INFO  pipeline.PipelineStateManager (PipelineStateManager.java:addPipeline(56)) - Created pipeline Pipeline[ Id: 85f78f74-d0cb-4682-b1ba-b09a4313b083, Nodes: 874105b6-5a51-463e-b3e4-1e5d9fc032df{ip: 192.168.157.230, host: trunk-nightly-sxkq5-3320257302, networkLocation: /default-rack, certSerialId: null}, Type:RATIS, Factor:ONE, State:OPEN]
2019-07-14 00:57:59,738 INFO  node.SCMNodeManager (SCMNodeManager.java:register(269)) - Registered Data node : fc2e4b37-2a17-42fc-b2ac-0b40110da3b2{ip: 192.168.157.230, host: trunk-nightly-sxkq5-3320257302, networkLocation: /default-rack, certSerialId: null}
2019-07-14 00:57:59,756 INFO  impl.RaftServerProxy (RaftServerProxy.java:addNew(89)) - fc2e4b37-2a17-42fc-b2ac-0b40110da3b2: addNew group-BB489E2B1951:[fc2e4b37-2a17-42fc-b2ac-0b40110da3b2:192.168.157.230:34852] returns group-BB489E2B1951:java.util.concurrent.CompletableFuture@63cf203e[Not completed]
2019-07-14 00:57:59,757 INFO  impl.RaftServerImpl (RaftServerImpl.java:<init>(93)) - fc2e4b37-2a17-42fc-b2ac-0b40110da3b2: new RaftServerImpl for group-BB489E2B1951:[fc2e4b37-2a17-42fc-b2ac-0b40110da3b2:192.168.157.230:34852] with ContainerStateMachine:uninitialized
2019-07-14 00:57:59,758 INFO  server.RaftServerConfigKeys (ConfUtils.java:logGet(43)) - raft.server.rpc.timeout.min = 5s (custom)
2019-07-14 00:57:59,758 INFO  server.RaftServerConfigKeys (ConfUtils.java:logGet(43)) - raft.server.rpc.timeout.max = 5200ms (custom)
2019-07-14 00:57:59,758 INFO  server.RaftServerConfigKeys (ConfUtils.java:logGet(43)) - raft.server.rpcslowness.timeout = 120s (custom)
2019-07-14 00:57:59,758 INFO  server.RaftServerConfigKeys (ConfUtils.java:logGet(43)) - raft.server.sleep.deviation.threshold = 300 (default)
2019-07-14 00:57:59,758 INFO  server.RaftServerConfigKeys (ConfUtils.java:logGet(43)) - raft.server.log.appender.install.snapshot.enabled = false (custom)
2019-07-14 00:57:59,758 INFO  impl.RaftServerImpl (ServerState.java:<init>(105)) - fc2e4b37-2a17-42fc-b2ac-0b40110da3b2:group-BB489E2B1951 ConfigurationManager, init=-1: [fc2e4b37-2a17-42fc-b2ac-0b40110da3b2:192.168.157.230:34852], old=null, confs=<EMPTY_MAP>
2019-07-14 00:57:59,758 INFO  server.RaftServerConfigKeys (ConfUtils.java:logGet(43)) - raft.server.storage.dir = [/tmp/workdir/hadoop-ozone/integration-test/target/test-dir/MiniOzoneClusterImpl-26790698-d9f8-48c1-a066-8ce0f022f48d/datanode-4/data/ratis] (custom)
2019-07-14 00:57:59,759 INFO  storage.RaftStorageDirectory (RaftStorageDirectory.java:analyzeStorage(246)) - The storage directory /tmp/workdir/hadoop-ozone/integration-test/target/test-dir/MiniOzoneClusterImpl-26790698-d9f8-48c1-a066-8ce0f022f48d/datanode-4/data/ratis/de87c64f-2974-418f-b3b2-bb489e2b1951 does not exist. Creating ...
2019-07-14 00:57:59,772 INFO  storage.RaftStorageDirectory (RaftStorageDirectory.java:tryLock(328)) - Lock on /tmp/workdir/hadoop-ozone/integration-test/target/test-dir/MiniOzoneClusterImpl-26790698-d9f8-48c1-a066-8ce0f022f48d/datanode-4/data/ratis/de87c64f-2974-418f-b3b2-bb489e2b1951/in_use.lock acquired by nodename 12290@trunk-nightly-sxkq5-3320257302
2019-07-14 00:57:59,785 INFO  storage.RaftStorage (RaftStorage.java:format(72)) - Storage directory /tmp/workdir/hadoop-ozone/integration-test/target/test-dir/MiniOzoneClusterImpl-26790698-d9f8-48c1-a066-8ce0f022f48d/datanode-4/data/ratis/de87c64f-2974-418f-b3b2-bb489e2b1951 has been successfully formatted.
2019-07-14 00:57:59,785 INFO  ratis.ContainerStateMachine (ContainerStateMachine.java:loadSnapshot(200)) - The snapshot info is null.Setting the last applied index to:(t:0, i:~)
2019-07-14 00:57:59,785 INFO  server.RaftServerConfigKeys (ConfUtils.java:logGet(43)) - raft.server.leader.election.timeout = 120s (custom)
2019-07-14 00:57:59,785 INFO  server.RaftServerConfigKeys (ConfUtils.java:logGet(43)) - raft.server.log.use.memory = false (default)
2019-07-14 00:57:59,785 INFO  server.RaftServerConfigKeys (ConfUtils.java:logGet(43)) - raft.server.log.purge.gap = 1000000000 (custom)
2019-07-14 00:57:59,785 INFO  server.RaftServerConfigKeys (ConfUtils.java:logGet(43)) - raft.server.log.appender.buffer.byte-limit = 33554432 (custom)
2019-07-14 00:57:59,785 INFO  server.RaftServerConfigKeys (ConfUtils.java:logGet(43)) - raft.server.log.segment.size.max = 1048576 (custom)
2019-07-14 00:57:59,785 INFO  server.RaftServerConfigKeys (ConfUtils.java:logGet(43)) - raft.server.log.segment.cache.num.max = 2 (custom)
2019-07-14 00:57:59,786 INFO  segmented.SegmentedRaftLogWorker (SegmentedRaftLogWorker.java:<init>(172)) - new fc2e4b37-2a17-42fc-b2ac-0b40110da3b2-SegmentedRaftLogWorker:Storage Directory /tmp/workdir/hadoop-ozone/integration-test/target/test-dir/MiniOzoneClusterImpl-26790698-d9f8-48c1-a066-8ce0f022f48d/datanode-4/data/ratis/de87c64f-2974-418f-b3b2-bb489e2b1951 for RaftStorage:Storage Directory /tmp/workdir/hadoop-ozone/integration-test/target/test-dir/MiniOzoneClusterImpl-26790698-d9f8-48c1-a066-8ce0f022f48d/datanode-4/data/ratis/de87c64f-2974-418f-b3b2-bb489e2b1951
2019-07-14 00:57:59,786 INFO  server.RaftServerConfigKeys (ConfUtils.java:logGet(43)) - raft.server.log.queue.byte-limit = 2147483647 (custom)
2019-07-14 00:57:59,786 INFO  server.RaftServerConfigKeys (ConfUtils.java:logGet(43)) - raft.server.log.queue.element-limit = 1024 (custom)
2019-07-14 00:57:59,786 INFO  server.RaftServerConfigKeys (ConfUtils.java:logGet(43)) - raft.server.log.segment.size.max = 1048576 (custom)
2019-07-14 00:57:59,786 INFO  server.RaftServerConfigKeys (ConfUtils.java:logGet(43)) - raft.server.log.preallocated.size = 16384 (custom)
2019-07-14 00:57:59,786 INFO  server.RaftServerConfigKeys (ConfUtils.java:logGet(43)) - raft.server.log.write.buffer.size = 33554432 (custom)
2019-07-14 00:57:59,786 INFO  server.RaftServerConfigKeys (ConfUtils.java:logGet(43)) - raft.server.log.force.sync.num = 128 (default)
2019-07-14 00:57:59,786 INFO  server.RaftServerConfigKeys (ConfUtils.java:logGet(43)) - raft.server.log.statemachine.data.sync = true (default)
2019-07-14 00:57:59,786 INFO  server.RaftServerConfigKeys (ConfUtils.java:logGet(43)) - raft.server.log.statemachine.data.sync.timeout = 10s (default)
2019-07-14 00:57:59,786 INFO  server.RaftServerConfigKeys (ConfUtils.java:logGet(43)) - raft.server.log.statemachine.data.sync.timeout.retry = -1 (default)
2019-07-14 00:57:59,787 INFO  server.RaftServerConfigKeys (ConfUtils.java:logGet(43)) - raft.server.log.statemachine.data.caching.enabled = true (custom)
2019-07-14 00:57:59,787 INFO  segmented.SegmentedRaftLogWorker (SegmentedRaftLogWorker.java:lambda$new$0(132)) - fc2e4b37-2a17-42fc-b2ac-0b40110da3b2-SegmentedRaftLogWorker:Storage Directory /tmp/workdir/hadoop-ozone/integration-test/target/test-dir/MiniOzoneClusterImpl-26790698-d9f8-48c1-a066-8ce0f022f48d/datanode-4/data/ratis/de87c64f-2974-418f-b3b2-bb489e2b1951: flushIndex: setUnconditionally 0 -> -1
2019-07-14 00:57:59,787 INFO  server.RaftServerConfigKeys (ConfUtils.java:logGet(43)) - raft.server.snapshot.auto.trigger.enabled = true (custom)
2019-07-14 00:57:59,787 INFO  server.RaftServerConfigKeys (ConfUtils.java:logGet(43)) - raft.server.snapshot.auto.trigger.threshold = 10000 (custom)
2019-07-14 00:57:59,787 INFO  server.RaftServerConfigKeys (ConfUtils.java:logGet(43)) - raft.server.retrycache.expirytime = 600000ms (custom)
2019-07-14 00:57:59,788 INFO  impl.RaftServerImpl (RaftServerImpl.java:start(180)) - fc2e4b37-2a17-42fc-b2ac-0b40110da3b2: start group-BB489E2B1951
2019-07-14 00:57:59,788 INFO  impl.RaftServerImpl (RaftServerImpl.java:setRole(171)) - fc2e4b37-2a17-42fc-b2ac-0b40110da3b2:group-BB489E2B1951 changes role from null to FOLLOWER at term 0 for startAsFollower
2019-07-14 00:57:59,788 INFO  impl.RoleInfo (RoleInfo.java:updateAndGet(143)) - fc2e4b37-2a17-42fc-b2ac-0b40110da3b2: start FollowerState
2019-07-14 00:57:59,788 INFO  util.JmxRegister (JmxRegister.java:tryRegister(44)) - Successfully registered JMX Bean with object name Ratis:service=RaftServer,group=group-BB489E2B1951,id=fc2e4b37-2a17-42fc-b2ac-0b40110da3b2
2019-07-14 00:57:59,790 INFO  pipeline.PipelineStateManager (PipelineStateManager.java:addPipeline(56)) - Created pipeline Pipeline[ Id: de87c64f-2974-418f-b3b2-bb489e2b1951, Nodes: fc2e4b37-2a17-42fc-b2ac-0b40110da3b2{ip: 192.168.157.230, host: trunk-nightly-sxkq5-3320257302, networkLocation: /default-rack, certSerialId: null}, Type:RATIS, Factor:ONE, State:OPEN]
2019-07-14 00:57:59,992 INFO  node.SCMNodeManager (SCMNodeManager.java:register(269)) - Registered Data node : 9fa61708-3ca4-47fe-a34e-55061d347c64{ip: 192.168.157.230, host: trunk-nightly-sxkq5-3320257302, networkLocation: /default-rack, certSerialId: null}
2019-07-14 00:58:00,021 INFO  impl.RaftServerProxy (RaftServerProxy.java:addNew(89)) - 9fa61708-3ca4-47fe-a34e-55061d347c64: addNew group-EAFE2002DD74:[9fa61708-3ca4-47fe-a34e-55061d347c64:192.168.157.230:36199] returns group-EAFE2002DD74:java.util.concurrent.CompletableFuture@f6c7a37[Not completed]
2019-07-14 00:58:00,022 INFO  impl.RaftServerImpl (RaftServerImpl.java:<init>(93)) - 9fa61708-3ca4-47fe-a34e-55061d347c64: new RaftServerImpl for group-EAFE2002DD74:[9fa61708-3ca4-47fe-a34e-55061d347c64:192.168.157.230:36199] with ContainerStateMachine:uninitialized
2019-07-14 00:58:00,022 INFO  server.RaftServerConfigKeys (ConfUtils.java:logGet(43)) - raft.server.rpc.timeout.min = 5s (custom)
2019-07-14 00:58:00,022 INFO  server.RaftServerConfigKeys (ConfUtils.java:logGet(43)) - raft.server.rpc.timeout.max = 5200ms (custom)
2019-07-14 00:58:00,022 INFO  server.RaftServerConfigKeys (ConfUtils.java:logGet(43)) - raft.server.rpcslowness.timeout = 120s (custom)
2019-07-14 00:58:00,022 INFO  server.RaftServerConfigKeys (ConfUtils.java:logGet(43)) - raft.server.sleep.deviation.threshold = 300 (default)
2019-07-14 00:58:00,023 INFO  server.RaftServerConfigKeys (ConfUtils.java:logGet(43)) - raft.server.log.appender.install.snapshot.enabled = false (custom)
2019-07-14 00:58:00,023 INFO  impl.RaftServerImpl (ServerState.java:<init>(105)) - 9fa61708-3ca4-47fe-a34e-55061d347c64:group-EAFE2002DD74 ConfigurationManager, init=-1: [9fa61708-3ca4-47fe-a34e-55061d347c64:192.168.157.230:36199], old=null, confs=<EMPTY_MAP>
2019-07-14 00:58:00,023 INFO  server.RaftServerConfigKeys (ConfUtils.java:logGet(43)) - raft.server.storage.dir = [/tmp/workdir/hadoop-ozone/integration-test/target/test-dir/MiniOzoneClusterImpl-26790698-d9f8-48c1-a066-8ce0f022f48d/datanode-5/data/ratis] (custom)
2019-07-14 00:58:00,023 INFO  storage.RaftStorageDirectory (RaftStorageDirectory.java:analyzeStorage(246)) - The storage directory /tmp/workdir/hadoop-ozone/integration-test/target/test-dir/MiniOzoneClusterImpl-26790698-d9f8-48c1-a066-8ce0f022f48d/datanode-5/data/ratis/e639df30-c4a2-486f-9478-eafe2002dd74 does not exist. Creating ...
2019-07-14 00:58:00,038 INFO  storage.RaftStorageDirectory (RaftStorageDirectory.java:tryLock(328)) - Lock on /tmp/workdir/hadoop-ozone/integration-test/target/test-dir/MiniOzoneClusterImpl-26790698-d9f8-48c1-a066-8ce0f022f48d/datanode-5/data/ratis/e639df30-c4a2-486f-9478-eafe2002dd74/in_use.lock acquired by nodename 12290@trunk-nightly-sxkq5-3320257302
2019-07-14 00:58:00,070 INFO  storage.RaftStorage (RaftStorage.java:format(72)) - Storage directory /tmp/workdir/hadoop-ozone/integration-test/target/test-dir/MiniOzoneClusterImpl-26790698-d9f8-48c1-a066-8ce0f022f48d/datanode-5/data/ratis/e639df30-c4a2-486f-9478-eafe2002dd74 has been successfully formatted.
2019-07-14 00:58:00,070 INFO  ratis.ContainerStateMachine (ContainerStateMachine.java:loadSnapshot(200)) - The snapshot info is null.Setting the last applied index to:(t:0, i:~)
2019-07-14 00:58:00,071 INFO  server.RaftServerConfigKeys (ConfUtils.java:logGet(43)) - raft.server.leader.election.timeout = 120s (custom)
2019-07-14 00:58:00,071 INFO  server.RaftServerConfigKeys (ConfUtils.java:logGet(43)) - raft.server.log.use.memory = false (default)
2019-07-14 00:58:00,071 INFO  server.RaftServerConfigKeys (ConfUtils.java:logGet(43)) - raft.server.log.purge.gap = 1000000000 (custom)
2019-07-14 00:58:00,071 INFO  server.RaftServerConfigKeys (ConfUtils.java:logGet(43)) - raft.server.log.appender.buffer.byte-limit = 33554432 (custom)
2019-07-14 00:58:00,071 INFO  server.RaftServerConfigKeys (ConfUtils.java:logGet(43)) - raft.server.log.segment.size.max = 1048576 (custom)
2019-07-14 00:58:00,071 INFO  server.RaftServerConfigKeys (ConfUtils.java:logGet(43)) - raft.server.log.segment.cache.num.max = 2 (custom)
2019-07-14 00:58:00,071 INFO  segmented.SegmentedRaftLogWorker (SegmentedRaftLogWorker.java:<init>(172)) - new 9fa61708-3ca4-47fe-a34e-55061d347c64-SegmentedRaftLogWorker:Storage Directory /tmp/workdir/hadoop-ozone/integration-test/target/test-dir/MiniOzoneClusterImpl-26790698-d9f8-48c1-a066-8ce0f022f48d/datanode-5/data/ratis/e639df30-c4a2-486f-9478-eafe2002dd74 for RaftStorage:Storage Directory /tmp/workdir/hadoop-ozone/integration-test/target/test-dir/MiniOzoneClusterImpl-26790698-d9f8-48c1-a066-8ce0f022f48d/datanode-5/data/ratis/e639df30-c4a2-486f-9478-eafe2002dd74
2019-07-14 00:58:00,072 INFO  server.RaftServerConfigKeys (ConfUtils.java:logGet(43)) - raft.server.log.queue.byte-limit = 2147483647 (custom)
2019-07-14 00:58:00,072 INFO  server.RaftServerConfigKeys (ConfUtils.java:logGet(43)) - raft.server.log.queue.element-limit = 1024 (custom)
2019-07-14 00:58:00,072 INFO  server.RaftServerConfigKeys (ConfUtils.java:logGet(43)) - raft.server.log.segment.size.max = 1048576 (custom)
2019-07-14 00:58:00,072 INFO  server.RaftServerConfigKeys (ConfUtils.java:logGet(43)) - raft.server.log.preallocated.size = 16384 (custom)
2019-07-14 00:58:00,072 INFO  server.RaftServerConfigKeys (ConfUtils.java:logGet(43)) - raft.server.log.write.buffer.size = 33554432 (custom)
2019-07-14 00:58:00,073 INFO  server.RaftServerConfigKeys (ConfUtils.java:logGet(43)) - raft.server.log.force.sync.num = 128 (default)
2019-07-14 00:58:00,073 INFO  server.RaftServerConfigKeys (ConfUtils.java:logGet(43)) - raft.server.log.statemachine.data.sync = true (default)
2019-07-14 00:58:00,073 INFO  server.RaftServerConfigKeys (ConfUtils.java:logGet(43)) - raft.server.log.statemachine.data.sync.timeout = 10s (default)
2019-07-14 00:58:00,073 INFO  server.RaftServerConfigKeys (ConfUtils.java:logGet(43)) - raft.server.log.statemachine.data.sync.timeout.retry = -1 (default)
2019-07-14 00:58:00,073 INFO  server.RaftServerConfigKeys (ConfUtils.java:logGet(43)) - raft.server.log.statemachine.data.caching.enabled = true (custom)
2019-07-14 00:58:00,074 INFO  segmented.SegmentedRaftLogWorker (SegmentedRaftLogWorker.java:lambda$new$0(132)) - 9fa61708-3ca4-47fe-a34e-55061d347c64-SegmentedRaftLogWorker:Storage Directory /tmp/workdir/hadoop-ozone/integration-test/target/test-dir/MiniOzoneClusterImpl-26790698-d9f8-48c1-a066-8ce0f022f48d/datanode-5/data/ratis/e639df30-c4a2-486f-9478-eafe2002dd74: flushIndex: setUnconditionally 0 -> -1
2019-07-14 00:58:00,074 INFO  server.RaftServerConfigKeys (ConfUtils.java:logGet(43)) - raft.server.snapshot.auto.trigger.enabled = true (custom)
2019-07-14 00:58:00,074 INFO  server.RaftServerConfigKeys (ConfUtils.java:logGet(43)) - raft.server.snapshot.auto.trigger.threshold = 10000 (custom)
2019-07-14 00:58:00,074 INFO  server.RaftServerConfigKeys (ConfUtils.java:logGet(43)) - raft.server.retrycache.expirytime = 600000ms (custom)
2019-07-14 00:58:00,075 INFO  impl.RaftServerImpl (RaftServerImpl.java:start(180)) - 9fa61708-3ca4-47fe-a34e-55061d347c64: start group-EAFE2002DD74
2019-07-14 00:58:00,075 INFO  impl.RaftServerImpl (RaftServerImpl.java:setRole(171)) - 9fa61708-3ca4-47fe-a34e-55061d347c64:group-EAFE2002DD74 changes role from null to FOLLOWER at term 0 for startAsFollower
2019-07-14 00:58:00,075 INFO  impl.RoleInfo (RoleInfo.java:updateAndGet(143)) - 9fa61708-3ca4-47fe-a34e-55061d347c64: start FollowerState
2019-07-14 00:58:00,075 INFO  util.JmxRegister (JmxRegister.java:tryRegister(44)) - Successfully registered JMX Bean with object name Ratis:service=RaftServer,group=group-EAFE2002DD74,id=9fa61708-3ca4-47fe-a34e-55061d347c64
2019-07-14 00:58:00,078 INFO  pipeline.PipelineStateManager (PipelineStateManager.java:addPipeline(56)) - Created pipeline Pipeline[ Id: e639df30-c4a2-486f-9478-eafe2002dd74, Nodes: 9fa61708-3ca4-47fe-a34e-55061d347c64{ip: 192.168.157.230, host: trunk-nightly-sxkq5-3320257302, networkLocation: /default-rack, certSerialId: null}, Type:RATIS, Factor:ONE, State:OPEN]
2019-07-14 00:58:00,095 INFO  impl.RaftServerProxy (RaftServerProxy.java:addNew(89)) - 874105b6-5a51-463e-b3e4-1e5d9fc032df: addNew group-3F6D8FF84C2E:[9fa61708-3ca4-47fe-a34e-55061d347c64:192.168.157.230:36199, 874105b6-5a51-463e-b3e4-1e5d9fc032df:192.168.157.230:36937, fc2e4b37-2a17-42fc-b2ac-0b40110da3b2:192.168.157.230:34852] returns group-3F6D8FF84C2E:java.util.concurrent.CompletableFuture@8c27f67[Not completed]
2019-07-14 00:58:00,095 INFO  impl.RaftServerProxy (RaftServerProxy.java:addNew(89)) - fc2e4b37-2a17-42fc-b2ac-0b40110da3b2: addNew group-3F6D8FF84C2E:[9fa61708-3ca4-47fe-a34e-55061d347c64:192.168.157.230:36199, 874105b6-5a51-463e-b3e4-1e5d9fc032df:192.168.157.230:36937, fc2e4b37-2a17-42fc-b2ac-0b40110da3b2:192.168.157.230:34852] returns group-3F6D8FF84C2E:java.util.concurrent.CompletableFuture@7ec8331e[Not completed]
2019-07-14 00:58:00,095 INFO  impl.RaftServerProxy (RaftServerProxy.java:addNew(89)) - 9fa61708-3ca4-47fe-a34e-55061d347c64: addNew group-3F6D8FF84C2E:[9fa61708-3ca4-47fe-a34e-55061d347c64:192.168.157.230:36199, 874105b6-5a51-463e-b3e4-1e5d9fc032df:192.168.157.230:36937, fc2e4b37-2a17-42fc-b2ac-0b40110da3b2:192.168.157.230:34852] returns group-3F6D8FF84C2E:java.util.concurrent.CompletableFuture@7ae998a1[Not completed]
2019-07-14 00:58:00,096 INFO  impl.RaftServerImpl (RaftServerImpl.java:<init>(93)) - 874105b6-5a51-463e-b3e4-1e5d9fc032df: new RaftServerImpl for group-3F6D8FF84C2E:[9fa61708-3ca4-47fe-a34e-55061d347c64:192.168.157.230:36199, 874105b6-5a51-463e-b3e4-1e5d9fc032df:192.168.157.230:36937, fc2e4b37-2a17-42fc-b2ac-0b40110da3b2:192.168.157.230:34852] with ContainerStateMachine:uninitialized
2019-07-14 00:58:00,097 INFO  server.RaftServerConfigKeys (ConfUtils.java:logGet(43)) - raft.server.rpc.timeout.min = 5s (custom)
2019-07-14 00:58:00,097 INFO  server.RaftServerConfigKeys (ConfUtils.java:logGet(43)) - raft.server.rpc.timeout.max = 5200ms (custom)
2019-07-14 00:58:00,097 INFO  server.RaftServerConfigKeys (ConfUtils.java:logGet(43)) - raft.server.rpcslowness.timeout = 120s (custom)
2019-07-14 00:58:00,097 INFO  impl.RaftServerImpl (RaftServerImpl.java:<init>(93)) - fc2e4b37-2a17-42fc-b2ac-0b40110da3b2: new RaftServerImpl for group-3F6D8FF84C2E:[9fa61708-3ca4-47fe-a34e-55061d347c64:192.168.157.230:36199, 874105b6-5a51-463e-b3e4-1e5d9fc032df:192.168.157.230:36937, fc2e4b37-2a17-42fc-b2ac-0b40110da3b2:192.168.157.230:34852] with ContainerStateMachine:uninitialized
2019-07-14 00:58:00,097 INFO  server.RaftServerConfigKeys (ConfUtils.java:logGet(43)) - raft.server.sleep.deviation.threshold = 300 (default)
2019-07-14 00:58:00,097 INFO  server.RaftServerConfigKeys (ConfUtils.java:logGet(43)) - raft.server.rpc.timeout.min = 5s (custom)
2019-07-14 00:58:00,097 INFO  impl.RaftServerImpl (RaftServerImpl.java:<init>(93)) - 9fa61708-3ca4-47fe-a34e-55061d347c64: new RaftServerImpl for group-3F6D8FF84C2E:[9fa61708-3ca4-47fe-a34e-55061d347c64:192.168.157.230:36199, 874105b6-5a51-463e-b3e4-1e5d9fc032df:192.168.157.230:36937, fc2e4b37-2a17-42fc-b2ac-0b40110da3b2:192.168.157.230:34852] with ContainerStateMachine:uninitialized
2019-07-14 00:58:00,097 INFO  server.RaftServerConfigKeys (ConfUtils.java:logGet(43)) - raft.server.log.appender.install.snapshot.enabled = false (custom)
2019-07-14 00:58:00,098 INFO  server.RaftServerConfigKeys (ConfUtils.java:logGet(43)) - raft.server.rpc.timeout.min = 5s (custom)
2019-07-14 00:58:00,097 INFO  server.RaftServerConfigKeys (ConfUtils.java:logGet(43)) - raft.server.rpc.timeout.max = 5200ms (custom)
2019-07-14 00:58:00,098 INFO  server.RaftServerConfigKeys (ConfUtils.java:logGet(43)) - raft.server.rpc.timeout.max = 5200ms (custom)
2019-07-14 00:58:00,098 INFO  impl.RaftServerImpl (ServerState.java:<init>(105)) - 874105b6-5a51-463e-b3e4-1e5d9fc032df:group-3F6D8FF84C2E ConfigurationManager, init=-1: [9fa61708-3ca4-47fe-a34e-55061d347c64:192.168.157.230:36199, 874105b6-5a51-463e-b3e4-1e5d9fc032df:192.168.157.230:36937, fc2e4b37-2a17-42fc-b2ac-0b40110da3b2:192.168.157.230:34852], old=null, confs=<EMPTY_MAP>
2019-07-14 00:58:00,098 INFO  server.RaftServerConfigKeys (ConfUtils.java:logGet(43)) - raft.server.rpcslowness.timeout = 120s (custom)
2019-07-14 00:58:00,098 INFO  server.RaftServerConfigKeys (ConfUtils.java:logGet(43)) - raft.server.sleep.deviation.threshold = 300 (default)
2019-07-14 00:58:00,098 INFO  server.RaftServerConfigKeys (ConfUtils.java:logGet(43)) - raft.server.rpcslowness.timeout = 120s (custom)
2019-07-14 00:58:00,098 INFO  server.RaftServerConfigKeys (ConfUtils.java:logGet(43)) - raft.server.log.appender.install.snapshot.enabled = false (custom)
2019-07-14 00:58:00,098 INFO  server.RaftServerConfigKeys (ConfUtils.java:logGet(43)) - raft.server.storage.dir = [/tmp/workdir/hadoop-ozone/integration-test/target/test-dir/MiniOzoneClusterImpl-26790698-d9f8-48c1-a066-8ce0f022f48d/datanode-3/data/ratis] (custom)
2019-07-14 00:58:00,099 INFO  impl.RaftServerImpl (ServerState.java:<init>(105)) - 9fa61708-3ca4-47fe-a34e-55061d347c64:group-3F6D8FF84C2E ConfigurationManager, init=-1: [9fa61708-3ca4-47fe-a34e-55061d347c64:192.168.157.230:36199, 874105b6-5a51-463e-b3e4-1e5d9fc032df:192.168.157.230:36937, fc2e4b37-2a17-42fc-b2ac-0b40110da3b2:192.168.157.230:34852], old=null, confs=<EMPTY_MAP>
2019-07-14 00:58:00,099 INFO  server.RaftServerConfigKeys (ConfUtils.java:logGet(43)) - raft.server.sleep.deviation.threshold = 300 (default)
2019-07-14 00:58:00,099 INFO  storage.RaftStorageDirectory (RaftStorageDirectory.java:analyzeStorage(246)) - The storage directory /tmp/workdir/hadoop-ozone/integration-test/target/test-dir/MiniOzoneClusterImpl-26790698-d9f8-48c1-a066-8ce0f022f48d/datanode-3/data/ratis/168b08b3-d6cc-4129-bcee-3f6d8ff84c2e does not exist. Creating ...
2019-07-14 00:58:00,099 INFO  server.RaftServerConfigKeys (ConfUtils.java:logGet(43)) - raft.server.storage.dir = [/tmp/workdir/hadoop-ozone/integration-test/target/test-dir/MiniOzoneClusterImpl-26790698-d9f8-48c1-a066-8ce0f022f48d/datanode-5/data/ratis] (custom)
2019-07-14 00:58:00,099 INFO  server.RaftServerConfigKeys (ConfUtils.java:logGet(43)) - raft.server.log.appender.install.snapshot.enabled = false (custom)
2019-07-14 00:58:00,100 INFO  impl.RaftServerImpl (ServerState.java:<init>(105)) - fc2e4b37-2a17-42fc-b2ac-0b40110da3b2:group-3F6D8FF84C2E ConfigurationManager, init=-1: [9fa61708-3ca4-47fe-a34e-55061d347c64:192.168.157.230:36199, 874105b6-5a51-463e-b3e4-1e5d9fc032df:192.168.157.230:36937, fc2e4b37-2a17-42fc-b2ac-0b40110da3b2:192.168.157.230:34852], old=null, confs=<EMPTY_MAP>
2019-07-14 00:58:00,100 INFO  storage.RaftStorageDirectory (RaftStorageDirectory.java:analyzeStorage(246)) - The storage directory /tmp/workdir/hadoop-ozone/integration-test/target/test-dir/MiniOzoneClusterImpl-26790698-d9f8-48c1-a066-8ce0f022f48d/datanode-5/data/ratis/168b08b3-d6cc-4129-bcee-3f6d8ff84c2e does not exist. Creating ...
2019-07-14 00:58:00,100 INFO  server.RaftServerConfigKeys (ConfUtils.java:logGet(43)) - raft.server.storage.dir = [/tmp/workdir/hadoop-ozone/integration-test/target/test-dir/MiniOzoneClusterImpl-26790698-d9f8-48c1-a066-8ce0f022f48d/datanode-4/data/ratis] (custom)
2019-07-14 00:58:00,101 INFO  storage.RaftStorageDirectory (RaftStorageDirectory.java:analyzeStorage(246)) - The storage directory /tmp/workdir/hadoop-ozone/integration-test/target/test-dir/MiniOzoneClusterImpl-26790698-d9f8-48c1-a066-8ce0f022f48d/datanode-4/data/ratis/168b08b3-d6cc-4129-bcee-3f6d8ff84c2e does not exist. Creating ...
2019-07-14 00:58:00,114 INFO  storage.RaftStorageDirectory (RaftStorageDirectory.java:tryLock(328)) - Lock on /tmp/workdir/hadoop-ozone/integration-test/target/test-dir/MiniOzoneClusterImpl-26790698-d9f8-48c1-a066-8ce0f022f48d/datanode-4/data/ratis/168b08b3-d6cc-4129-bcee-3f6d8ff84c2e/in_use.lock acquired by nodename 12290@trunk-nightly-sxkq5-3320257302
2019-07-14 00:58:00,114 INFO  storage.RaftStorageDirectory (RaftStorageDirectory.java:tryLock(328)) - Lock on /tmp/workdir/hadoop-ozone/integration-test/target/test-dir/MiniOzoneClusterImpl-26790698-d9f8-48c1-a066-8ce0f022f48d/datanode-3/data/ratis/168b08b3-d6cc-4129-bcee-3f6d8ff84c2e/in_use.lock acquired by nodename 12290@trunk-nightly-sxkq5-3320257302
2019-07-14 00:58:00,114 INFO  storage.RaftStorageDirectory (RaftStorageDirectory.java:tryLock(328)) - Lock on /tmp/workdir/hadoop-ozone/integration-test/target/test-dir/MiniOzoneClusterImpl-26790698-d9f8-48c1-a066-8ce0f022f48d/datanode-5/data/ratis/168b08b3-d6cc-4129-bcee-3f6d8ff84c2e/in_use.lock acquired by nodename 12290@trunk-nightly-sxkq5-3320257302
2019-07-14 00:58:00,129 INFO  storage.RaftStorage (RaftStorage.java:format(72)) - Storage directory /tmp/workdir/hadoop-ozone/integration-test/target/test-dir/MiniOzoneClusterImpl-26790698-d9f8-48c1-a066-8ce0f022f48d/datanode-3/data/ratis/168b08b3-d6cc-4129-bcee-3f6d8ff84c2e has been successfully formatted.
2019-07-14 00:58:00,129 INFO  storage.RaftStorage (RaftStorage.java:format(72)) - Storage directory /tmp/workdir/hadoop-ozone/integration-test/target/test-dir/MiniOzoneClusterImpl-26790698-d9f8-48c1-a066-8ce0f022f48d/datanode-5/data/ratis/168b08b3-d6cc-4129-bcee-3f6d8ff84c2e has been successfully formatted.
2019-07-14 00:58:00,129 INFO  storage.RaftStorage (RaftStorage.java:format(72)) - Storage directory /tmp/workdir/hadoop-ozone/integration-test/target/test-dir/MiniOzoneClusterImpl-26790698-d9f8-48c1-a066-8ce0f022f48d/datanode-4/data/ratis/168b08b3-d6cc-4129-bcee-3f6d8ff84c2e has been successfully formatted.
2019-07-14 00:58:00,129 INFO  ratis.ContainerStateMachine (ContainerStateMachine.java:loadSnapshot(200)) - The snapshot info is null.Setting the last applied index to:(t:0, i:~)
2019-07-14 00:58:00,129 INFO  ratis.ContainerStateMachine (ContainerStateMachine.java:loadSnapshot(200)) - The snapshot info is null.Setting the last applied index to:(t:0, i:~)
2019-07-14 00:58:00,129 INFO  server.RaftServerConfigKeys (ConfUtils.java:logGet(43)) - raft.server.leader.election.timeout = 120s (custom)
2019-07-14 00:58:00,129 INFO  ratis.ContainerStateMachine (ContainerStateMachine.java:loadSnapshot(200)) - The snapshot info is null.Setting the last applied index to:(t:0, i:~)
2019-07-14 00:58:00,130 INFO  server.RaftServerConfigKeys (ConfUtils.java:logGet(43)) - raft.server.log.use.memory = false (default)
2019-07-14 00:58:00,130 INFO  server.RaftServerConfigKeys (ConfUtils.java:logGet(43)) - raft.server.leader.election.timeout = 120s (custom)
2019-07-14 00:58:00,130 INFO  server.RaftServerConfigKeys (ConfUtils.java:logGet(43)) - raft.server.log.purge.gap = 1000000000 (custom)
2019-07-14 00:58:00,130 INFO  server.RaftServerConfigKeys (ConfUtils.java:logGet(43)) - raft.server.leader.election.timeout = 120s (custom)
2019-07-14 00:58:00,130 INFO  server.RaftServerConfigKeys (ConfUtils.java:logGet(43)) - raft.server.log.appender.buffer.byte-limit = 33554432 (custom)
2019-07-14 00:58:00,131 INFO  server.RaftServerConfigKeys (ConfUtils.java:logGet(43)) - raft.server.log.segment.size.max = 1048576 (custom)
2019-07-14 00:58:00,130 INFO  server.RaftServerConfigKeys (ConfUtils.java:logGet(43)) - raft.server.log.use.memory = false (default)
2019-07-14 00:58:00,131 INFO  server.RaftServerConfigKeys (ConfUtils.java:logGet(43)) - raft.server.log.segment.cache.num.max = 2 (custom)
2019-07-14 00:58:00,131 INFO  segmented.SegmentedRaftLogWorker (SegmentedRaftLogWorker.java:<init>(172)) - new 9fa61708-3ca4-47fe-a34e-55061d347c64-SegmentedRaftLogWorker:Storage Directory /tmp/workdir/hadoop-ozone/integration-test/target/test-dir/MiniOzoneClusterImpl-26790698-d9f8-48c1-a066-8ce0f022f48d/datanode-5/data/ratis/168b08b3-d6cc-4129-bcee-3f6d8ff84c2e for RaftStorage:Storage Directory /tmp/workdir/hadoop-ozone/integration-test/target/test-dir/MiniOzoneClusterImpl-26790698-d9f8-48c1-a066-8ce0f022f48d/datanode-5/data/ratis/168b08b3-d6cc-4129-bcee-3f6d8ff84c2e
2019-07-14 00:58:00,130 INFO  server.RaftServerConfigKeys (ConfUtils.java:logGet(43)) - raft.server.log.use.memory = false (default)
2019-07-14 00:58:00,131 INFO  server.RaftServerConfigKeys (ConfUtils.java:logGet(43)) - raft.server.log.queue.byte-limit = 2147483647 (custom)
2019-07-14 00:58:00,131 INFO  server.RaftServerConfigKeys (ConfUtils.java:logGet(43)) - raft.server.log.purge.gap = 1000000000 (custom)
2019-07-14 00:58:00,132 INFO  server.RaftServerConfigKeys (ConfUtils.java:logGet(43)) - raft.server.log.queue.element-limit = 1024 (custom)
2019-07-14 00:58:00,132 INFO  server.RaftServerConfigKeys (ConfUtils.java:logGet(43)) - raft.server.log.purge.gap = 1000000000 (custom)
2019-07-14 00:58:00,132 INFO  server.RaftServerConfigKeys (ConfUtils.java:logGet(43)) - raft.server.log.segment.size.max = 1048576 (custom)
2019-07-14 00:58:00,132 INFO  server.RaftServerConfigKeys (ConfUtils.java:logGet(43)) - raft.server.log.preallocated.size = 16384 (custom)
2019-07-14 00:58:00,132 INFO  server.RaftServerConfigKeys (ConfUtils.java:logGet(43)) - raft.server.log.appender.buffer.byte-limit = 33554432 (custom)
2019-07-14 00:58:00,132 INFO  server.RaftServerConfigKeys (ConfUtils.java:logGet(43)) - raft.server.log.write.buffer.size = 33554432 (custom)
2019-07-14 00:58:00,133 INFO  server.RaftServerConfigKeys (ConfUtils.java:logGet(43)) - raft.server.log.force.sync.num = 128 (default)
2019-07-14 00:58:00,132 INFO  server.RaftServerConfigKeys (ConfUtils.java:logGet(43)) - raft.server.log.appender.buffer.byte-limit = 33554432 (custom)
2019-07-14 00:58:00,133 INFO  server.RaftServerConfigKeys (ConfUtils.java:logGet(43)) - raft.server.log.statemachine.data.sync = true (default)
2019-07-14 00:58:00,133 INFO  server.RaftServerConfigKeys (ConfUtils.java:logGet(43)) - raft.server.log.statemachine.data.sync.timeout = 10s (default)
2019-07-14 00:58:00,133 INFO  server.RaftServerConfigKeys (ConfUtils.java:logGet(43)) - raft.server.log.segment.size.max = 1048576 (custom)
2019-07-14 00:58:00,133 INFO  server.RaftServerConfigKeys (ConfUtils.java:logGet(43)) - raft.server.log.statemachine.data.sync.timeout.retry = -1 (default)
2019-07-14 00:58:00,133 INFO  server.RaftServerConfigKeys (ConfUtils.java:logGet(43)) - raft.server.log.segment.size.max = 1048576 (custom)
2019-07-14 00:58:00,134 INFO  server.RaftServerConfigKeys (ConfUtils.java:logGet(43)) - raft.server.log.statemachine.data.caching.enabled = true (custom)
2019-07-14 00:58:00,134 INFO  server.RaftServerConfigKeys (ConfUtils.java:logGet(43)) - raft.server.log.segment.cache.num.max = 2 (custom)
2019-07-14 00:58:00,134 INFO  segmented.SegmentedRaftLogWorker (SegmentedRaftLogWorker.java:lambda$new$0(132)) - 9fa61708-3ca4-47fe-a34e-55061d347c64-SegmentedRaftLogWorker:Storage Directory /tmp/workdir/hadoop-ozone/integration-test/target/test-dir/MiniOzoneClusterImpl-26790698-d9f8-48c1-a066-8ce0f022f48d/datanode-5/data/ratis/168b08b3-d6cc-4129-bcee-3f6d8ff84c2e: flushIndex: setUnconditionally 0 -> -1
2019-07-14 00:58:00,134 INFO  server.RaftServerConfigKeys (ConfUtils.java:logGet(43)) - raft.server.log.segment.cache.num.max = 2 (custom)
2019-07-14 00:58:00,134 INFO  segmented.SegmentedRaftLogWorker (SegmentedRaftLogWorker.java:<init>(172)) - new 874105b6-5a51-463e-b3e4-1e5d9fc032df-SegmentedRaftLogWorker:Storage Directory /tmp/workdir/hadoop-ozone/integration-test/target/test-dir/MiniOzoneClusterImpl-26790698-d9f8-48c1-a066-8ce0f022f48d/datanode-3/data/ratis/168b08b3-d6cc-4129-bcee-3f6d8ff84c2e for RaftStorage:Storage Directory /tmp/workdir/hadoop-ozone/integration-test/target/test-dir/MiniOzoneClusterImpl-26790698-d9f8-48c1-a066-8ce0f022f48d/datanode-3/data/ratis/168b08b3-d6cc-4129-bcee-3f6d8ff84c2e
2019-07-14 00:58:00,135 INFO  server.RaftServerConfigKeys (ConfUtils.java:logGet(43)) - raft.server.snapshot.auto.trigger.enabled = true (custom)
2019-07-14 00:58:00,135 INFO  segmented.SegmentedRaftLogWorker (SegmentedRaftLogWorker.java:<init>(172)) - new fc2e4b37-2a17-42fc-b2ac-0b40110da3b2-SegmentedRaftLogWorker:Storage Directory /tmp/workdir/hadoop-ozone/integration-test/target/test-dir/MiniOzoneClusterImpl-26790698-d9f8-48c1-a066-8ce0f022f48d/datanode-4/data/ratis/168b08b3-d6cc-4129-bcee-3f6d8ff84c2e for RaftStorage:Storage Directory /tmp/workdir/hadoop-ozone/integration-test/target/test-dir/MiniOzoneClusterImpl-26790698-d9f8-48c1-a066-8ce0f022f48d/datanode-4/data/ratis/168b08b3-d6cc-4129-bcee-3f6d8ff84c2e
2019-07-14 00:58:00,135 INFO  server.RaftServerConfigKeys (ConfUtils.java:logGet(43)) - raft.server.snapshot.auto.trigger.threshold = 10000 (custom)
2019-07-14 00:58:00,135 INFO  server.RaftServerConfigKeys (ConfUtils.java:logGet(43)) - raft.server.log.queue.byte-limit = 2147483647 (custom)
2019-07-14 00:58:00,135 INFO  server.RaftServerConfigKeys (ConfUtils.java:logGet(43)) - raft.server.retrycache.expirytime = 600000ms (custom)
2019-07-14 00:58:00,135 INFO  server.RaftServerConfigKeys (ConfUtils.java:logGet(43)) - raft.server.log.queue.byte-limit = 2147483647 (custom)
2019-07-14 00:58:00,136 INFO  impl.RaftServerImpl (RaftServerImpl.java:start(180)) - 9fa61708-3ca4-47fe-a34e-55061d347c64: start group-3F6D8FF84C2E
2019-07-14 00:58:00,135 INFO  server.RaftServerConfigKeys (ConfUtils.java:logGet(43)) - raft.server.log.queue.element-limit = 1024 (custom)
2019-07-14 00:58:00,136 INFO  impl.RaftServerImpl (RaftServerImpl.java:setRole(171)) - 9fa61708-3ca4-47fe-a34e-55061d347c64:group-3F6D8FF84C2E changes role from null to FOLLOWER at term 0 for startAsFollower
2019-07-14 00:58:00,136 INFO  server.RaftServerConfigKeys (ConfUtils.java:logGet(43)) - raft.server.log.queue.element-limit = 1024 (custom)
2019-07-14 00:58:00,136 INFO  impl.RoleInfo (RoleInfo.java:updateAndGet(143)) - 9fa61708-3ca4-47fe-a34e-55061d347c64: start FollowerState
2019-07-14 00:58:00,136 INFO  server.RaftServerConfigKeys (ConfUtils.java:logGet(43)) - raft.server.log.segment.size.max = 1048576 (custom)
2019-07-14 00:58:00,136 INFO  server.RaftServerConfigKeys (ConfUtils.java:logGet(43)) - raft.server.log.segment.size.max = 1048576 (custom)
2019-07-14 00:58:00,137 INFO  server.RaftServerConfigKeys (ConfUtils.java:logGet(43)) - raft.server.log.preallocated.size = 16384 (custom)
2019-07-14 00:58:00,137 INFO  server.RaftServerConfigKeys (ConfUtils.java:logGet(43)) - raft.server.log.preallocated.size = 16384 (custom)
2019-07-14 00:58:00,137 INFO  util.JmxRegister (JmxRegister.java:tryRegister(44)) - Successfully registered JMX Bean with object name Ratis:service=RaftServer,group=group-3F6D8FF84C2E,id=9fa61708-3ca4-47fe-a34e-55061d347c64
2019-07-14 00:58:00,137 INFO  server.RaftServerConfigKeys (ConfUtils.java:logGet(43)) - raft.server.log.write.buffer.size = 33554432 (custom)
2019-07-14 00:58:00,137 INFO  server.RaftServerConfigKeys (ConfUtils.java:logGet(43)) - raft.server.log.force.sync.num = 128 (default)
2019-07-14 00:58:00,137 INFO  server.RaftServerConfigKeys (ConfUtils.java:logGet(43)) - raft.server.log.write.buffer.size = 33554432 (custom)
2019-07-14 00:58:00,138 INFO  server.RaftServerConfigKeys (ConfUtils.java:logGet(43)) - raft.server.log.statemachine.data.sync = true (default)
2019-07-14 00:58:00,138 INFO  server.RaftServerConfigKeys (ConfUtils.java:logGet(43)) - raft.server.log.force.sync.num = 128 (default)
2019-07-14 00:58:00,138 INFO  server.RaftServerConfigKeys (ConfUtils.java:logGet(43)) - raft.server.log.statemachine.data.sync.timeout = 10s (default)
2019-07-14 00:58:00,138 INFO  server.RaftServerConfigKeys (ConfUtils.java:logGet(43)) - raft.server.log.statemachine.data.sync = true (default)
2019-07-14 00:58:00,138 INFO  server.RaftServerConfigKeys (ConfUtils.java:logGet(43)) - raft.server.log.statemachine.data.sync.timeout.retry = -1 (default)
2019-07-14 00:58:00,138 INFO  server.RaftServerConfigKeys (ConfUtils.java:logGet(43)) - raft.server.log.statemachine.data.sync.timeout = 10s (default)
2019-07-14 00:58:00,139 INFO  server.RaftServerConfigKeys (ConfUtils.java:logGet(43)) - raft.server.log.statemachine.data.caching.enabled = true (custom)
2019-07-14 00:58:00,139 INFO  server.RaftServerConfigKeys (ConfUtils.java:logGet(43)) - raft.server.log.statemachine.data.sync.timeout.retry = -1 (default)
2019-07-14 00:58:00,139 INFO  server.RaftServerConfigKeys (ConfUtils.java:logGet(43)) - raft.server.log.statemachine.data.caching.enabled = true (custom)
2019-07-14 00:58:00,139 INFO  segmented.SegmentedRaftLogWorker (SegmentedRaftLogWorker.java:lambda$new$0(132)) - fc2e4b37-2a17-42fc-b2ac-0b40110da3b2-SegmentedRaftLogWorker:Storage Directory /tmp/workdir/hadoop-ozone/integration-test/target/test-dir/MiniOzoneClusterImpl-26790698-d9f8-48c1-a066-8ce0f022f48d/datanode-4/data/ratis/168b08b3-d6cc-4129-bcee-3f6d8ff84c2e: flushIndex: setUnconditionally 0 -> -1
2019-07-14 00:58:00,139 INFO  segmented.SegmentedRaftLogWorker (SegmentedRaftLogWorker.java:lambda$new$0(132)) - 874105b6-5a51-463e-b3e4-1e5d9fc032df-SegmentedRaftLogWorker:Storage Directory /tmp/workdir/hadoop-ozone/integration-test/target/test-dir/MiniOzoneClusterImpl-26790698-d9f8-48c1-a066-8ce0f022f48d/datanode-3/data/ratis/168b08b3-d6cc-4129-bcee-3f6d8ff84c2e: flushIndex: setUnconditionally 0 -> -1
2019-07-14 00:58:00,140 INFO  server.RaftServerConfigKeys (ConfUtils.java:logGet(43)) - raft.server.snapshot.auto.trigger.enabled = true (custom)
2019-07-14 00:58:00,140 INFO  server.RaftServerConfigKeys (ConfUtils.java:logGet(43)) - raft.server.snapshot.auto.trigger.enabled = true (custom)
2019-07-14 00:58:00,140 INFO  server.RaftServerConfigKeys (ConfUtils.java:logGet(43)) - raft.server.snapshot.auto.trigger.threshold = 10000 (custom)
2019-07-14 00:58:00,140 INFO  server.RaftServerConfigKeys (ConfUtils.java:logGet(43)) - raft.server.snapshot.auto.trigger.threshold = 10000 (custom)
2019-07-14 00:58:00,140 INFO  server.RaftServerConfigKeys (ConfUtils.java:logGet(43)) - raft.server.retrycache.expirytime = 600000ms (custom)
2019-07-14 00:58:00,140 INFO  server.RaftServerConfigKeys (ConfUtils.java:logGet(43)) - raft.server.retrycache.expirytime = 600000ms (custom)
2019-07-14 00:58:00,140 INFO  impl.RaftServerImpl (RaftServerImpl.java:start(180)) - fc2e4b37-2a17-42fc-b2ac-0b40110da3b2: start group-3F6D8FF84C2E
2019-07-14 00:58:00,140 INFO  impl.RaftServerImpl (RaftServerImpl.java:start(180)) - 874105b6-5a51-463e-b3e4-1e5d9fc032df: start group-3F6D8FF84C2E
2019-07-14 00:58:00,140 INFO  impl.RaftServerImpl (RaftServerImpl.java:setRole(171)) - fc2e4b37-2a17-42fc-b2ac-0b40110da3b2:group-3F6D8FF84C2E changes role from null to FOLLOWER at term 0 for startAsFollower
2019-07-14 00:58:00,141 INFO  impl.RaftServerImpl (RaftServerImpl.java:setRole(171)) - 874105b6-5a51-463e-b3e4-1e5d9fc032df:group-3F6D8FF84C2E changes role from null to FOLLOWER at term 0 for startAsFollower
2019-07-14 00:58:00,141 INFO  impl.RoleInfo (RoleInfo.java:updateAndGet(143)) - fc2e4b37-2a17-42fc-b2ac-0b40110da3b2: start FollowerState
2019-07-14 00:58:00,141 INFO  impl.RoleInfo (RoleInfo.java:updateAndGet(143)) - 874105b6-5a51-463e-b3e4-1e5d9fc032df: start FollowerState
2019-07-14 00:58:00,141 INFO  util.JmxRegister (JmxRegister.java:tryRegister(44)) - Successfully registered JMX Bean with object name Ratis:service=RaftServer,group=group-3F6D8FF84C2E,id=fc2e4b37-2a17-42fc-b2ac-0b40110da3b2
2019-07-14 00:58:00,141 INFO  util.JmxRegister (JmxRegister.java:tryRegister(44)) - Successfully registered JMX Bean with object name Ratis:service=RaftServer,group=group-3F6D8FF84C2E,id=874105b6-5a51-463e-b3e4-1e5d9fc032df
2019-07-14 00:58:00,144 INFO  pipeline.PipelineStateManager (PipelineStateManager.java:addPipeline(56)) - Created pipeline Pipeline[ Id: 168b08b3-d6cc-4129-bcee-3f6d8ff84c2e, Nodes: fc2e4b37-2a17-42fc-b2ac-0b40110da3b2{ip: 192.168.157.230, host: trunk-nightly-sxkq5-3320257302, networkLocation: /default-rack, certSerialId: null}9fa61708-3ca4-47fe-a34e-55061d347c64{ip: 192.168.157.230, host: trunk-nightly-sxkq5-3320257302, networkLocation: /default-rack, certSerialId: null}874105b6-5a51-463e-b3e4-1e5d9fc032df{ip: 192.168.157.230, host: trunk-nightly-sxkq5-3320257302, networkLocation: /default-rack, certSerialId: null}, Type:RATIS, Factor:THREE, State:OPEN]
2019-07-14 00:58:00,171 INFO  ozone.MiniOzoneClusterImpl (MiniOzoneClusterImpl.java:lambda$waitForClusterToBeReady$0(142)) - Waiting for cluster to be ready. Got 6 of 7 DN Heartbeats.
2019-07-14 00:58:00,171 INFO  node.SCMNodeManager (SCMNodeManager.java:register(269)) - Registered Data node : 45264f66-c440-4b6f-bfb3-7ecf9b88d128{ip: 192.168.157.230, host: trunk-nightly-sxkq5-3320257302, networkLocation: /default-rack, certSerialId: null}
2019-07-14 00:58:00,182 INFO  impl.RaftServerProxy (RaftServerProxy.java:addNew(89)) - 45264f66-c440-4b6f-bfb3-7ecf9b88d128: addNew group-2CDAB6220402:[45264f66-c440-4b6f-bfb3-7ecf9b88d128:192.168.157.230:36422] returns group-2CDAB6220402:java.util.concurrent.CompletableFuture@639a8f3c[Not completed]
2019-07-14 00:58:00,183 INFO  impl.RaftServerImpl (RaftServerImpl.java:<init>(93)) - 45264f66-c440-4b6f-bfb3-7ecf9b88d128: new RaftServerImpl for group-2CDAB6220402:[45264f66-c440-4b6f-bfb3-7ecf9b88d128:192.168.157.230:36422] with ContainerStateMachine:uninitialized
2019-07-14 00:58:00,183 INFO  server.RaftServerConfigKeys (ConfUtils.java:logGet(43)) - raft.server.rpc.timeout.min = 5s (custom)
2019-07-14 00:58:00,183 INFO  server.RaftServerConfigKeys (ConfUtils.java:logGet(43)) - raft.server.rpc.timeout.max = 5200ms (custom)
2019-07-14 00:58:00,183 INFO  server.RaftServerConfigKeys (ConfUtils.java:logGet(43)) - raft.server.rpcslowness.timeout = 120s (custom)
2019-07-14 00:58:00,183 INFO  server.RaftServerConfigKeys (ConfUtils.java:logGet(43)) - raft.server.sleep.deviation.threshold = 300 (default)
2019-07-14 00:58:00,183 INFO  server.RaftServerConfigKeys (ConfUtils.java:logGet(43)) - raft.server.log.appender.install.snapshot.enabled = false (custom)
2019-07-14 00:58:00,184 INFO  impl.RaftServerImpl (ServerState.java:<init>(105)) - 45264f66-c440-4b6f-bfb3-7ecf9b88d128:group-2CDAB6220402 ConfigurationManager, init=-1: [45264f66-c440-4b6f-bfb3-7ecf9b88d128:192.168.157.230:36422], old=null, confs=<EMPTY_MAP>
2019-07-14 00:58:00,184 INFO  server.RaftServerConfigKeys (ConfUtils.java:logGet(43)) - raft.server.storage.dir = [/tmp/workdir/hadoop-ozone/integration-test/target/test-dir/MiniOzoneClusterImpl-26790698-d9f8-48c1-a066-8ce0f022f48d/datanode-6/data/ratis] (custom)
2019-07-14 00:58:00,184 INFO  storage.RaftStorageDirectory (RaftStorageDirectory.java:analyzeStorage(246)) - The storage directory /tmp/workdir/hadoop-ozone/integration-test/target/test-dir/MiniOzoneClusterImpl-26790698-d9f8-48c1-a066-8ce0f022f48d/datanode-6/data/ratis/2d2aae7f-1f78-41f9-a77c-2cdab6220402 does not exist. Creating ...
2019-07-14 00:58:00,197 INFO  storage.RaftStorageDirectory (RaftStorageDirectory.java:tryLock(328)) - Lock on /tmp/workdir/hadoop-ozone/integration-test/target/test-dir/MiniOzoneClusterImpl-26790698-d9f8-48c1-a066-8ce0f022f48d/datanode-6/data/ratis/2d2aae7f-1f78-41f9-a77c-2cdab6220402/in_use.lock acquired by nodename 12290@trunk-nightly-sxkq5-3320257302
2019-07-14 00:58:00,210 INFO  storage.RaftStorage (RaftStorage.java:format(72)) - Storage directory /tmp/workdir/hadoop-ozone/integration-test/target/test-dir/MiniOzoneClusterImpl-26790698-d9f8-48c1-a066-8ce0f022f48d/datanode-6/data/ratis/2d2aae7f-1f78-41f9-a77c-2cdab6220402 has been successfully formatted.
2019-07-14 00:58:00,211 INFO  ratis.ContainerStateMachine (ContainerStateMachine.java:loadSnapshot(200)) - The snapshot info is null.Setting the last applied index to:(t:0, i:~)
2019-07-14 00:58:00,211 INFO  server.RaftServerConfigKeys (ConfUtils.java:logGet(43)) - raft.server.leader.election.timeout = 120s (custom)
2019-07-14 00:58:00,211 INFO  server.RaftServerConfigKeys (ConfUtils.java:logGet(43)) - raft.server.log.use.memory = false (default)
2019-07-14 00:58:00,211 INFO  server.RaftServerConfigKeys (ConfUtils.java:logGet(43)) - raft.server.log.purge.gap = 1000000000 (custom)
2019-07-14 00:58:00,211 INFO  server.RaftServerConfigKeys (ConfUtils.java:logGet(43)) - raft.server.log.appender.buffer.byte-limit = 33554432 (custom)
2019-07-14 00:58:00,212 INFO  server.RaftServerConfigKeys (ConfUtils.java:logGet(43)) - raft.server.log.segment.size.max = 1048576 (custom)
2019-07-14 00:58:00,212 INFO  server.RaftServerConfigKeys (ConfUtils.java:logGet(43)) - raft.server.log.segment.cache.num.max = 2 (custom)
2019-07-14 00:58:00,212 INFO  segmented.SegmentedRaftLogWorker (SegmentedRaftLogWorker.java:<init>(172)) - new 45264f66-c440-4b6f-bfb3-7ecf9b88d128-SegmentedRaftLogWorker:Storage Directory /tmp/workdir/hadoop-ozone/integration-test/target/test-dir/MiniOzoneClusterImpl-26790698-d9f8-48c1-a066-8ce0f022f48d/datanode-6/data/ratis/2d2aae7f-1f78-41f9-a77c-2cdab6220402 for RaftStorage:Storage Directory /tmp/workdir/hadoop-ozone/integration-test/target/test-dir/MiniOzoneClusterImpl-26790698-d9f8-48c1-a066-8ce0f022f48d/datanode-6/data/ratis/2d2aae7f-1f78-41f9-a77c-2cdab6220402
2019-07-14 00:58:00,212 INFO  server.RaftServerConfigKeys (ConfUtils.java:logGet(43)) - raft.server.log.queue.byte-limit = 2147483647 (custom)
2019-07-14 00:58:00,212 INFO  server.RaftServerConfigKeys (ConfUtils.java:logGet(43)) - raft.server.log.queue.element-limit = 1024 (custom)
2019-07-14 00:58:00,212 INFO  server.RaftServerConfigKeys (ConfUtils.java:logGet(43)) - raft.server.log.segment.size.max = 1048576 (custom)
2019-07-14 00:58:00,213 INFO  server.RaftServerConfigKeys (ConfUtils.java:logGet(43)) - raft.server.log.preallocated.size = 16384 (custom)
2019-07-14 00:58:00,213 INFO  server.RaftServerConfigKeys (ConfUtils.java:logGet(43)) - raft.server.log.write.buffer.size = 33554432 (custom)
2019-07-14 00:58:00,213 INFO  server.RaftServerConfigKeys (ConfUtils.java:logGet(43)) - raft.server.log.force.sync.num = 128 (default)
2019-07-14 00:58:00,213 INFO  server.RaftServerConfigKeys (ConfUtils.java:logGet(43)) - raft.server.log.statemachine.data.sync = true (default)
2019-07-14 00:58:00,213 INFO  server.RaftServerConfigKeys (ConfUtils.java:logGet(43)) - raft.server.log.statemachine.data.sync.timeout = 10s (default)
2019-07-14 00:58:00,213 INFO  server.RaftServerConfigKeys (ConfUtils.java:logGet(43)) - raft.server.log.statemachine.data.sync.timeout.retry = -1 (default)
2019-07-14 00:58:00,214 INFO  server.RaftServerConfigKeys (ConfUtils.java:logGet(43)) - raft.server.log.statemachine.data.caching.enabled = true (custom)
2019-07-14 00:58:00,214 INFO  segmented.SegmentedRaftLogWorker (SegmentedRaftLogWorker.java:lambda$new$0(132)) - 45264f66-c440-4b6f-bfb3-7ecf9b88d128-SegmentedRaftLogWorker:Storage Directory /tmp/workdir/hadoop-ozone/integration-test/target/test-dir/MiniOzoneClusterImpl-26790698-d9f8-48c1-a066-8ce0f022f48d/datanode-6/data/ratis/2d2aae7f-1f78-41f9-a77c-2cdab6220402: flushIndex: setUnconditionally 0 -> -1
2019-07-14 00:58:00,214 INFO  server.RaftServerConfigKeys (ConfUtils.java:logGet(43)) - raft.server.snapshot.auto.trigger.enabled = true (custom)
2019-07-14 00:58:00,214 INFO  server.RaftServerConfigKeys (ConfUtils.java:logGet(43)) - raft.server.snapshot.auto.trigger.threshold = 10000 (custom)
2019-07-14 00:58:00,215 INFO  server.RaftServerConfigKeys (ConfUtils.java:logGet(43)) - raft.server.retrycache.expirytime = 600000ms (custom)
2019-07-14 00:58:00,215 INFO  impl.RaftServerImpl (RaftServerImpl.java:start(180)) - 45264f66-c440-4b6f-bfb3-7ecf9b88d128: start group-2CDAB6220402
2019-07-14 00:58:00,215 INFO  impl.RaftServerImpl (RaftServerImpl.java:setRole(171)) - 45264f66-c440-4b6f-bfb3-7ecf9b88d128:group-2CDAB6220402 changes role from null to FOLLOWER at term 0 for startAsFollower
2019-07-14 00:58:00,215 INFO  impl.RoleInfo (RoleInfo.java:updateAndGet(143)) - 45264f66-c440-4b6f-bfb3-7ecf9b88d128: start FollowerState
2019-07-14 00:58:00,216 INFO  util.JmxRegister (JmxRegister.java:tryRegister(44)) - Successfully registered JMX Bean with object name Ratis:service=RaftServer,group=group-2CDAB6220402,id=45264f66-c440-4b6f-bfb3-7ecf9b88d128
2019-07-14 00:58:00,218 INFO  pipeline.PipelineStateManager (PipelineStateManager.java:addPipeline(56)) - Created pipeline Pipeline[ Id: 2d2aae7f-1f78-41f9-a77c-2cdab6220402, Nodes: 45264f66-c440-4b6f-bfb3-7ecf9b88d128{ip: 192.168.157.230, host: trunk-nightly-sxkq5-3320257302, networkLocation: /default-rack, certSerialId: null}, Type:RATIS, Factor:ONE, State:OPEN]
2019-07-14 00:58:01,172 INFO  ozone.MiniOzoneClusterImpl (MiniOzoneClusterImpl.java:lambda$waitForClusterToBeReady$0(142)) - Cluster is ready. Got 7 of 7 DN Heartbeats.
2019-07-14 00:58:01,228 INFO  rpc.RpcClient (RpcClient.java:createVolume(287)) - Creating Volume: watchforcommithandlingtest, with jenkins1000 as owner.
2019-07-14 00:58:01,249 INFO  rpc.RpcClient (RpcClient.java:createBucket(424)) - Creating Bucket: watchforcommithandlingtest/watchforcommithandlingtest, with Versioning false and Storage Type set to DISK and Encryption set to false 
2019-07-14 00:58:01,255 INFO  ozone.MiniOzoneClusterImpl (MiniOzoneClusterImpl.java:getStorageContainerLocationClient(241)) - Creating StorageContainerLocationProtocol RPC client with address /0.0.0.0:35150
2019-07-14 00:58:01,273 INFO  client.GrpcClientProtocolClient (GrpcClientProtocolClient.java:onNext(255)) - client-F26749881EC9->6d6353fa-4af9-45d6-8513-9edfc801ca7e: receive RaftClientReply:client-F26749881EC9->6d6353fa-4af9-45d6-8513-9edfc801ca7e@group-2987ADE9E5DC, cid=108, FAILED org.apache.ratis.protocol.NotLeaderException: Server 6d6353fa-4af9-45d6-8513-9edfc801ca7e is not the leader (null). Request must be sent to leader., logIndex=0, commits[6d6353fa-4af9-45d6-8513-9edfc801ca7e:c-1]
2019-07-14 00:58:01,842 INFO  container.ReplicationManager (ReplicationManager.java:start(155)) - Starting Replication Monitor Thread.
2019-07-14 00:58:01,849 INFO  container.ReplicationManager (ReplicationManager.java:run(207)) - Replication Monitor Thread took 1 milliseconds for processing 1 containers.
2019-07-14 00:58:02,302 INFO  client.GrpcClientProtocolClient (GrpcClientProtocolClient.java:onNext(255)) - client-F26749881EC9->417d9bfe-820a-4f77-a3de-1acef0c73e26: receive RaftClientReply:client-F26749881EC9->417d9bfe-820a-4f77-a3de-1acef0c73e26@group-2987ADE9E5DC, cid=108, FAILED org.apache.ratis.protocol.NotLeaderException: Server 417d9bfe-820a-4f77-a3de-1acef0c73e26 is not the leader (null). Request must be sent to leader., logIndex=0, commits[417d9bfe-820a-4f77-a3de-1acef0c73e26:c-1]
2019-07-14 00:58:03,322 INFO  client.GrpcClientProtocolClient (GrpcClientProtocolClient.java:onNext(255)) - client-F26749881EC9->6d6353fa-4af9-45d6-8513-9edfc801ca7e: receive RaftClientReply:client-F26749881EC9->6d6353fa-4af9-45d6-8513-9edfc801ca7e@group-2987ADE9E5DC, cid=108, FAILED org.apache.ratis.protocol.NotLeaderException: Server 6d6353fa-4af9-45d6-8513-9edfc801ca7e is not the leader (null). Request must be sent to leader., logIndex=0, commits[6d6353fa-4af9-45d6-8513-9edfc801ca7e:c-1]
2019-07-14 00:58:04,106 INFO  impl.FollowerState (FollowerState.java:run(106)) - db655c13-701f-4833-9664-39869cd638e2:group-7BA7E12B332F changes to CANDIDATE, lastRpcTime:5198, electionTimeout:5198ms
2019-07-14 00:58:04,107 INFO  impl.RoleInfo (RoleInfo.java:shutdownFollowerState(121)) - db655c13-701f-4833-9664-39869cd638e2: shutdown FollowerState
2019-07-14 00:58:04,107 INFO  impl.RaftServerImpl (RaftServerImpl.java:setRole(171)) - db655c13-701f-4833-9664-39869cd638e2:group-7BA7E12B332F changes role from FOLLOWER to CANDIDATE at term 0 for changeToCandidate
2019-07-14 00:58:04,107 INFO  impl.RoleInfo (RoleInfo.java:updateAndGet(143)) - db655c13-701f-4833-9664-39869cd638e2: start LeaderElection
2019-07-14 00:58:04,146 INFO  impl.LeaderElection (LeaderElection.java:askForVotes(181)) - db655c13-701f-4833-9664-39869cd638e2:group-7BA7E12B332F:LeaderElection81: begin an election at term 1 for -1: [db655c13-701f-4833-9664-39869cd638e2:192.168.157.230:38873], old=null
2019-07-14 00:58:04,146 INFO  impl.RoleInfo (RoleInfo.java:shutdownLeaderElection(134)) - db655c13-701f-4833-9664-39869cd638e2: shutdown LeaderElection
2019-07-14 00:58:04,146 INFO  impl.RaftServerImpl (RaftServerImpl.java:setRole(171)) - db655c13-701f-4833-9664-39869cd638e2:group-7BA7E12B332F changes role from CANDIDATE to LEADER at term 1 for changeToLeader
2019-07-14 00:58:04,146 INFO  impl.RaftServerImpl (ServerState.java:setLeader(263)) - db655c13-701f-4833-9664-39869cd638e2:group-7BA7E12B332F change Leader from null to db655c13-701f-4833-9664-39869cd638e2 at term 1 for becomeLeader, leader elected after 5242ms
2019-07-14 00:58:04,146 INFO  server.RaftServerConfigKeys (ConfUtils.java:logGet(43)) - raft.server.staging.catchup.gap = 1000 (default)
2019-07-14 00:58:04,146 INFO  server.RaftServerConfigKeys (ConfUtils.java:logGet(43)) - raft.server.rpc.sleep.time = 25ms (default)
2019-07-14 00:58:04,147 INFO  server.RaftServerConfigKeys (ConfUtils.java:logGet(43)) - raft.server.write.element-limit = 4096 (default)
2019-07-14 00:58:04,147 INFO  server.RaftServerConfigKeys (ConfUtils.java:logGet(43)) - raft.server.watch.timeout = 10s (default)
2019-07-14 00:58:04,147 INFO  server.RaftServerConfigKeys (ConfUtils.java:logGet(43)) - raft.server.watch.timeout.denomination = 1s (default)
2019-07-14 00:58:04,147 INFO  server.RaftServerConfigKeys (ConfUtils.java:logGet(43)) - raft.server.watch.element-limit = 65536 (default)
2019-07-14 00:58:04,147 INFO  impl.RoleInfo (RoleInfo.java:updateAndGet(143)) - db655c13-701f-4833-9664-39869cd638e2: start LeaderState
2019-07-14 00:58:04,148 INFO  segmented.SegmentedRaftLogWorker (SegmentedRaftLogWorker.java:startLogSegment(380)) - db655c13-701f-4833-9664-39869cd638e2-SegmentedRaftLogWorker:Storage Directory /tmp/workdir/hadoop-ozone/integration-test/target/test-dir/MiniOzoneClusterImpl-26790698-d9f8-48c1-a066-8ce0f022f48d/datanode-0/data/ratis/49644b74-3090-45d7-81fa-7ba7e12b332f: Starting segment from index:0
2019-07-14 00:58:04,149 INFO  impl.RaftServerImpl (ServerState.java:setRaftConf(361)) - db655c13-701f-4833-9664-39869cd638e2:group-7BA7E12B332F set configuration 0: [db655c13-701f-4833-9664-39869cd638e2:192.168.157.230:38873], old=null at 0
2019-07-14 00:58:04,180 INFO  segmented.SegmentedRaftLogWorker (SegmentedRaftLogWorker.java:execute(569)) - db655c13-701f-4833-9664-39869cd638e2-SegmentedRaftLogWorker:Storage Directory /tmp/workdir/hadoop-ozone/integration-test/target/test-dir/MiniOzoneClusterImpl-26790698-d9f8-48c1-a066-8ce0f022f48d/datanode-0/data/ratis/49644b74-3090-45d7-81fa-7ba7e12b332f: created new log segment /tmp/workdir/hadoop-ozone/integration-test/target/test-dir/MiniOzoneClusterImpl-26790698-d9f8-48c1-a066-8ce0f022f48d/datanode-0/data/ratis/49644b74-3090-45d7-81fa-7ba7e12b332f/current/log_inprogress_0
2019-07-14 00:58:04,268 INFO  impl.FollowerState (FollowerState.java:run(106)) - 6d6353fa-4af9-45d6-8513-9edfc801ca7e:group-4B8304B9BF0D changes to CANDIDATE, lastRpcTime:5041, electionTimeout:5041ms
2019-07-14 00:58:04,268 INFO  impl.RoleInfo (RoleInfo.java:shutdownFollowerState(121)) - 6d6353fa-4af9-45d6-8513-9edfc801ca7e: shutdown FollowerState
2019-07-14 00:58:04,268 INFO  impl.RaftServerImpl (RaftServerImpl.java:setRole(171)) - 6d6353fa-4af9-45d6-8513-9edfc801ca7e:group-4B8304B9BF0D changes role from FOLLOWER to CANDIDATE at term 0 for changeToCandidate
2019-07-14 00:58:04,269 INFO  impl.RoleInfo (RoleInfo.java:updateAndGet(143)) - 6d6353fa-4af9-45d6-8513-9edfc801ca7e: start LeaderElection
2019-07-14 00:58:04,301 INFO  impl.LeaderElection (LeaderElection.java:askForVotes(181)) - 6d6353fa-4af9-45d6-8513-9edfc801ca7e:group-4B8304B9BF0D:LeaderElection82: begin an election at term 1 for -1: [6d6353fa-4af9-45d6-8513-9edfc801ca7e:192.168.157.230:44213], old=null
2019-07-14 00:58:04,301 INFO  impl.RoleInfo (RoleInfo.java:shutdownLeaderElection(134)) - 6d6353fa-4af9-45d6-8513-9edfc801ca7e: shutdown LeaderElection
2019-07-14 00:58:04,302 INFO  impl.RaftServerImpl (RaftServerImpl.java:setRole(171)) - 6d6353fa-4af9-45d6-8513-9edfc801ca7e:group-4B8304B9BF0D changes role from CANDIDATE to LEADER at term 1 for changeToLeader
2019-07-14 00:58:04,302 INFO  impl.RaftServerImpl (ServerState.java:setLeader(263)) - 6d6353fa-4af9-45d6-8513-9edfc801ca7e:group-4B8304B9BF0D change Leader from null to 6d6353fa-4af9-45d6-8513-9edfc801ca7e at term 1 for becomeLeader, leader elected after 5078ms
2019-07-14 00:58:04,302 INFO  server.RaftServerConfigKeys (ConfUtils.java:logGet(43)) - raft.server.staging.catchup.gap = 1000 (default)
2019-07-14 00:58:04,302 INFO  server.RaftServerConfigKeys (ConfUtils.java:logGet(43)) - raft.server.rpc.sleep.time = 25ms (default)
2019-07-14 00:58:04,302 INFO  server.RaftServerConfigKeys (ConfUtils.java:logGet(43)) - raft.server.write.element-limit = 4096 (default)
2019-07-14 00:58:04,302 INFO  server.RaftServerConfigKeys (ConfUtils.java:logGet(43)) - raft.server.watch.timeout = 10s (default)
2019-07-14 00:58:04,303 INFO  server.RaftServerConfigKeys (ConfUtils.java:logGet(43)) - raft.server.watch.timeout.denomination = 1s (default)
2019-07-14 00:58:04,303 INFO  server.RaftServerConfigKeys (ConfUtils.java:logGet(43)) - raft.server.watch.element-limit = 65536 (default)
2019-07-14 00:58:04,303 INFO  impl.RoleInfo (RoleInfo.java:updateAndGet(143)) - 6d6353fa-4af9-45d6-8513-9edfc801ca7e: start LeaderState
2019-07-14 00:58:04,303 INFO  segmented.SegmentedRaftLogWorker (SegmentedRaftLogWorker.java:startLogSegment(380)) - 6d6353fa-4af9-45d6-8513-9edfc801ca7e-SegmentedRaftLogWorker:Storage Directory /tmp/workdir/hadoop-ozone/integration-test/target/test-dir/MiniOzoneClusterImpl-26790698-d9f8-48c1-a066-8ce0f022f48d/datanode-1/data/ratis/7dc7eb69-dd1b-4240-b1bb-4b8304b9bf0d: Starting segment from index:0
2019-07-14 00:58:04,304 INFO  impl.RaftServerImpl (ServerState.java:setRaftConf(361)) - 6d6353fa-4af9-45d6-8513-9edfc801ca7e:group-4B8304B9BF0D set configuration 0: [6d6353fa-4af9-45d6-8513-9edfc801ca7e:192.168.157.230:44213], old=null at 0
2019-07-14 00:58:04,335 INFO  segmented.SegmentedRaftLogWorker (SegmentedRaftLogWorker.java:execute(569)) - 6d6353fa-4af9-45d6-8513-9edfc801ca7e-SegmentedRaftLogWorker:Storage Directory /tmp/workdir/hadoop-ozone/integration-test/target/test-dir/MiniOzoneClusterImpl-26790698-d9f8-48c1-a066-8ce0f022f48d/datanode-1/data/ratis/7dc7eb69-dd1b-4240-b1bb-4b8304b9bf0d: created new log segment /tmp/workdir/hadoop-ozone/integration-test/target/test-dir/MiniOzoneClusterImpl-26790698-d9f8-48c1-a066-8ce0f022f48d/datanode-1/data/ratis/7dc7eb69-dd1b-4240-b1bb-4b8304b9bf0d/current/log_inprogress_0
2019-07-14 00:58:04,346 INFO  client.GrpcClientProtocolClient (GrpcClientProtocolClient.java:onNext(255)) - client-F26749881EC9->417d9bfe-820a-4f77-a3de-1acef0c73e26: receive RaftClientReply:client-F26749881EC9->417d9bfe-820a-4f77-a3de-1acef0c73e26@group-2987ADE9E5DC, cid=108, FAILED org.apache.ratis.protocol.NotLeaderException: Server 417d9bfe-820a-4f77-a3de-1acef0c73e26 is not the leader (null). Request must be sent to leader., logIndex=0, commits[417d9bfe-820a-4f77-a3de-1acef0c73e26:c-1]
2019-07-14 00:58:04,650 INFO  impl.FollowerState (FollowerState.java:run(106)) - 417d9bfe-820a-4f77-a3de-1acef0c73e26:group-CF4964104931 changes to CANDIDATE, lastRpcTime:5173, electionTimeout:5173ms
2019-07-14 00:58:04,650 INFO  impl.RoleInfo (RoleInfo.java:shutdownFollowerState(121)) - 417d9bfe-820a-4f77-a3de-1acef0c73e26: shutdown FollowerState
2019-07-14 00:58:04,650 INFO  impl.RaftServerImpl (RaftServerImpl.java:setRole(171)) - 417d9bfe-820a-4f77-a3de-1acef0c73e26:group-CF4964104931 changes role from FOLLOWER to CANDIDATE at term 0 for changeToCandidate
2019-07-14 00:58:04,650 INFO  impl.RoleInfo (RoleInfo.java:updateAndGet(143)) - 417d9bfe-820a-4f77-a3de-1acef0c73e26: start LeaderElection
2019-07-14 00:58:04,668 INFO  impl.FollowerState (FollowerState.java:run(106)) - db655c13-701f-4833-9664-39869cd638e2:group-2987ADE9E5DC changes to CANDIDATE, lastRpcTime:5130, electionTimeout:5130ms
2019-07-14 00:58:04,668 INFO  impl.RoleInfo (RoleInfo.java:shutdownFollowerState(121)) - db655c13-701f-4833-9664-39869cd638e2: shutdown FollowerState
2019-07-14 00:58:04,668 INFO  impl.RaftServerImpl (RaftServerImpl.java:setRole(171)) - db655c13-701f-4833-9664-39869cd638e2:group-2987ADE9E5DC changes role from FOLLOWER to CANDIDATE at term 0 for changeToCandidate
2019-07-14 00:58:04,668 INFO  impl.RoleInfo (RoleInfo.java:updateAndGet(143)) - db655c13-701f-4833-9664-39869cd638e2: start LeaderElection
2019-07-14 00:58:04,677 INFO  impl.FollowerState (FollowerState.java:run(106)) - 874105b6-5a51-463e-b3e4-1e5d9fc032df:group-B09A4313B083 changes to CANDIDATE, lastRpcTime:5058, electionTimeout:5058ms
2019-07-14 00:58:04,681 INFO  impl.RoleInfo (RoleInfo.java:shutdownFollowerState(121)) - 874105b6-5a51-463e-b3e4-1e5d9fc032df: shutdown FollowerState
2019-07-14 00:58:04,681 INFO  impl.RaftServerImpl (RaftServerImpl.java:setRole(171)) - 874105b6-5a51-463e-b3e4-1e5d9fc032df:group-B09A4313B083 changes role from FOLLOWER to CANDIDATE at term 0 for changeToCandidate
2019-07-14 00:58:04,681 INFO  impl.RoleInfo (RoleInfo.java:updateAndGet(143)) - 874105b6-5a51-463e-b3e4-1e5d9fc032df: start LeaderElection
2019-07-14 00:58:04,715 INFO  impl.FollowerState (FollowerState.java:run(106)) - 6d6353fa-4af9-45d6-8513-9edfc801ca7e:group-2987ADE9E5DC changes to CANDIDATE, lastRpcTime:5173, electionTimeout:5167ms
2019-07-14 00:58:04,715 INFO  impl.FollowerState (FollowerState.java:run(106)) - 417d9bfe-820a-4f77-a3de-1acef0c73e26:group-2987ADE9E5DC changes to CANDIDATE, lastRpcTime:5173, electionTimeout:5167ms
2019-07-14 00:58:04,715 INFO  impl.LeaderElection (LeaderElection.java:askForVotes(181)) - db655c13-701f-4833-9664-39869cd638e2:group-2987ADE9E5DC:LeaderElection84: begin an election at term 1 for -1: [db655c13-701f-4833-9664-39869cd638e2:192.168.157.230:38873, 417d9bfe-820a-4f77-a3de-1acef0c73e26:192.168.157.230:36822, 6d6353fa-4af9-45d6-8513-9edfc801ca7e:192.168.157.230:44213], old=null
2019-07-14 00:58:04,715 INFO  impl.LeaderElection (LeaderElection.java:askForVotes(181)) - 417d9bfe-820a-4f77-a3de-1acef0c73e26:group-CF4964104931:LeaderElection83: begin an election at term 1 for -1: [417d9bfe-820a-4f77-a3de-1acef0c73e26:192.168.157.230:36822], old=null
2019-07-14 00:58:04,715 INFO  impl.RoleInfo (RoleInfo.java:shutdownFollowerState(121)) - 6d6353fa-4af9-45d6-8513-9edfc801ca7e: shutdown FollowerState
2019-07-14 00:58:04,716 INFO  impl.RoleInfo (RoleInfo.java:shutdownLeaderElection(134)) - 417d9bfe-820a-4f77-a3de-1acef0c73e26: shutdown LeaderElection
2019-07-14 00:58:04,715 INFO  impl.RoleInfo (RoleInfo.java:shutdownFollowerState(121)) - 417d9bfe-820a-4f77-a3de-1acef0c73e26: shutdown FollowerState
2019-07-14 00:58:04,716 INFO  impl.RaftServerImpl (RaftServerImpl.java:setRole(171)) - 417d9bfe-820a-4f77-a3de-1acef0c73e26:group-CF4964104931 changes role from CANDIDATE to LEADER at term 1 for changeToLeader
2019-07-14 00:58:04,716 INFO  impl.RaftServerImpl (ServerState.java:setLeader(263)) - 417d9bfe-820a-4f77-a3de-1acef0c73e26:group-CF4964104931 change Leader from null to 417d9bfe-820a-4f77-a3de-1acef0c73e26 at term 1 for becomeLeader, leader elected after 5244ms
2019-07-14 00:58:04,716 INFO  impl.RaftServerImpl (RaftServerImpl.java:setRole(171)) - 6d6353fa-4af9-45d6-8513-9edfc801ca7e:group-2987ADE9E5DC changes role from FOLLOWER to CANDIDATE at term 0 for changeToCandidate
2019-07-14 00:58:04,716 INFO  server.RaftServerConfigKeys (ConfUtils.java:logGet(43)) - raft.server.staging.catchup.gap = 1000 (default)
2019-07-14 00:58:04,716 INFO  impl.RaftServerImpl (RaftServerImpl.java:setRole(171)) - 417d9bfe-820a-4f77-a3de-1acef0c73e26:group-2987ADE9E5DC changes role from FOLLOWER to CANDIDATE at term 0 for changeToCandidate
2019-07-14 00:58:04,717 INFO  server.RaftServerConfigKeys (ConfUtils.java:logGet(43)) - raft.server.rpc.sleep.time = 25ms (default)
2019-07-14 00:58:04,717 INFO  impl.RoleInfo (RoleInfo.java:updateAndGet(143)) - 6d6353fa-4af9-45d6-8513-9edfc801ca7e: start LeaderElection
2019-07-14 00:58:04,717 INFO  server.RaftServerConfigKeys (ConfUtils.java:logGet(43)) - raft.server.write.element-limit = 4096 (default)
2019-07-14 00:58:04,717 INFO  impl.RoleInfo (RoleInfo.java:updateAndGet(143)) - 417d9bfe-820a-4f77-a3de-1acef0c73e26: start LeaderElection
2019-07-14 00:58:04,717 INFO  server.RaftServerConfigKeys (ConfUtils.java:logGet(43)) - raft.server.watch.timeout = 10s (default)
2019-07-14 00:58:04,725 INFO  server.RaftServerConfigKeys (ConfUtils.java:logGet(43)) - raft.server.watch.timeout.denomination = 1s (default)
2019-07-14 00:58:04,742 INFO  server.RaftServerConfigKeys (ConfUtils.java:logGet(43)) - raft.server.watch.element-limit = 65536 (default)
2019-07-14 00:58:04,742 INFO  impl.LeaderElection (LeaderElection.java:askForVotes(181)) - 874105b6-5a51-463e-b3e4-1e5d9fc032df:group-B09A4313B083:LeaderElection85: begin an election at term 1 for -1: [874105b6-5a51-463e-b3e4-1e5d9fc032df:192.168.157.230:36937], old=null
2019-07-14 00:58:04,742 INFO  impl.RoleInfo (RoleInfo.java:updateAndGet(143)) - 417d9bfe-820a-4f77-a3de-1acef0c73e26: start LeaderState
2019-07-14 00:58:04,742 INFO  impl.RoleInfo (RoleInfo.java:shutdownLeaderElection(134)) - 874105b6-5a51-463e-b3e4-1e5d9fc032df: shutdown LeaderElection
2019-07-14 00:58:04,743 INFO  impl.RaftServerImpl (RaftServerImpl.java:setRole(171)) - 874105b6-5a51-463e-b3e4-1e5d9fc032df:group-B09A4313B083 changes role from CANDIDATE to LEADER at term 1 for changeToLeader
2019-07-14 00:58:04,743 INFO  segmented.SegmentedRaftLogWorker (SegmentedRaftLogWorker.java:startLogSegment(380)) - 417d9bfe-820a-4f77-a3de-1acef0c73e26-SegmentedRaftLogWorker:Storage Directory /tmp/workdir/hadoop-ozone/integration-test/target/test-dir/MiniOzoneClusterImpl-26790698-d9f8-48c1-a066-8ce0f022f48d/datanode-2/data/ratis/6f220968-9e6d-48f0-bc31-cf4964104931: Starting segment from index:0
2019-07-14 00:58:04,743 INFO  impl.RaftServerImpl (ServerState.java:setLeader(263)) - 874105b6-5a51-463e-b3e4-1e5d9fc032df:group-B09A4313B083 change Leader from null to 874105b6-5a51-463e-b3e4-1e5d9fc032df at term 1 for becomeLeader, leader elected after 5128ms
2019-07-14 00:58:04,743 INFO  server.RaftServerConfigKeys (ConfUtils.java:logGet(43)) - raft.server.staging.catchup.gap = 1000 (default)
2019-07-14 00:58:04,743 INFO  server.RaftServerConfigKeys (ConfUtils.java:logGet(43)) - raft.server.rpc.sleep.time = 25ms (default)
2019-07-14 00:58:04,743 INFO  impl.RaftServerImpl (ServerState.java:setRaftConf(361)) - 417d9bfe-820a-4f77-a3de-1acef0c73e26:group-CF4964104931 set configuration 0: [417d9bfe-820a-4f77-a3de-1acef0c73e26:192.168.157.230:36822], old=null at 0
2019-07-14 00:58:04,743 INFO  server.RaftServerConfigKeys (ConfUtils.java:logGet(43)) - raft.server.write.element-limit = 4096 (default)
2019-07-14 00:58:04,743 INFO  server.RaftServerConfigKeys (ConfUtils.java:logGet(43)) - raft.server.watch.timeout = 10s (default)
2019-07-14 00:58:04,744 INFO  server.RaftServerConfigKeys (ConfUtils.java:logGet(43)) - raft.server.watch.timeout.denomination = 1s (default)
2019-07-14 00:58:04,744 INFO  server.RaftServerConfigKeys (ConfUtils.java:logGet(43)) - raft.server.watch.element-limit = 65536 (default)
2019-07-14 00:58:04,764 INFO  impl.LeaderElection (LeaderElection.java:askForVotes(181)) - 417d9bfe-820a-4f77-a3de-1acef0c73e26:group-2987ADE9E5DC:LeaderElection87: begin an election at term 1 for -1: [db655c13-701f-4833-9664-39869cd638e2:192.168.157.230:38873, 417d9bfe-820a-4f77-a3de-1acef0c73e26:192.168.157.230:36822, 6d6353fa-4af9-45d6-8513-9edfc801ca7e:192.168.157.230:44213], old=null
2019-07-14 00:58:04,764 INFO  impl.RoleInfo (RoleInfo.java:updateAndGet(143)) - 874105b6-5a51-463e-b3e4-1e5d9fc032df: start LeaderState
2019-07-14 00:58:04,764 INFO  impl.LeaderElection (LeaderElection.java:askForVotes(181)) - 6d6353fa-4af9-45d6-8513-9edfc801ca7e:group-2987ADE9E5DC:LeaderElection86: begin an election at term 1 for -1: [db655c13-701f-4833-9664-39869cd638e2:192.168.157.230:38873, 417d9bfe-820a-4f77-a3de-1acef0c73e26:192.168.157.230:36822, 6d6353fa-4af9-45d6-8513-9edfc801ca7e:192.168.157.230:44213], old=null
2019-07-14 00:58:04,765 INFO  segmented.SegmentedRaftLogWorker (SegmentedRaftLogWorker.java:startLogSegment(380)) - 874105b6-5a51-463e-b3e4-1e5d9fc032df-SegmentedRaftLogWorker:Storage Directory /tmp/workdir/hadoop-ozone/integration-test/target/test-dir/MiniOzoneClusterImpl-26790698-d9f8-48c1-a066-8ce0f022f48d/datanode-3/data/ratis/85f78f74-d0cb-4682-b1ba-b09a4313b083: Starting segment from index:0
2019-07-14 00:58:04,765 INFO  impl.LeaderElection (LeaderElection.java:logAndReturn(56)) - db655c13-701f-4833-9664-39869cd638e2:group-2987ADE9E5DC:LeaderElection84: Election REJECTED; received 2 response(s) [db655c13-701f-4833-9664-39869cd638e2<-417d9bfe-820a-4f77-a3de-1acef0c73e26#0:FAIL-t1, db655c13-701f-4833-9664-39869cd638e2<-6d6353fa-4af9-45d6-8513-9edfc801ca7e#0:FAIL-t1] and 0 exception(s); db655c13-701f-4833-9664-39869cd638e2:t1, leader=null, voted=db655c13-701f-4833-9664-39869cd638e2, raftlog=db655c13-701f-4833-9664-39869cd638e2-SegmentedRaftLog:OPENED:c-1,f-1,i0, conf=-1: [db655c13-701f-4833-9664-39869cd638e2:192.168.157.230:38873, 417d9bfe-820a-4f77-a3de-1acef0c73e26:192.168.157.230:36822, 6d6353fa-4af9-45d6-8513-9edfc801ca7e:192.168.157.230:44213], old=null
2019-07-14 00:58:04,765 INFO  impl.RaftServerImpl (ServerState.java:setRaftConf(361)) - 874105b6-5a51-463e-b3e4-1e5d9fc032df:group-B09A4313B083 set configuration 0: [874105b6-5a51-463e-b3e4-1e5d9fc032df:192.168.157.230:36937], old=null at 0
2019-07-14 00:58:04,766 INFO  impl.RaftServerImpl (RaftServerImpl.java:setRole(171)) - db655c13-701f-4833-9664-39869cd638e2:group-2987ADE9E5DC changes role from CANDIDATE to FOLLOWER at term 1 for DISCOVERED_A_NEW_TERM
2019-07-14 00:58:04,788 INFO  segmented.SegmentedRaftLogWorker (SegmentedRaftLogWorker.java:execute(569)) - 417d9bfe-820a-4f77-a3de-1acef0c73e26-SegmentedRaftLogWorker:Storage Directory /tmp/workdir/hadoop-ozone/integration-test/target/test-dir/MiniOzoneClusterImpl-26790698-d9f8-48c1-a066-8ce0f022f48d/datanode-2/data/ratis/6f220968-9e6d-48f0-bc31-cf4964104931: created new log segment /tmp/workdir/hadoop-ozone/integration-test/target/test-dir/MiniOzoneClusterImpl-26790698-d9f8-48c1-a066-8ce0f022f48d/datanode-2/data/ratis/6f220968-9e6d-48f0-bc31-cf4964104931/current/log_inprogress_0
2019-07-14 00:58:04,789 INFO  impl.RoleInfo (RoleInfo.java:shutdownLeaderElection(134)) - db655c13-701f-4833-9664-39869cd638e2: shutdown LeaderElection
2019-07-14 00:58:04,789 INFO  impl.RoleInfo (RoleInfo.java:updateAndGet(143)) - db655c13-701f-4833-9664-39869cd638e2: start FollowerState
2019-07-14 00:58:04,793 INFO  impl.LeaderElection (LeaderElection.java:logAndReturn(56)) - 6d6353fa-4af9-45d6-8513-9edfc801ca7e:group-2987ADE9E5DC:LeaderElection86: Election REJECTED; received 2 response(s) [6d6353fa-4af9-45d6-8513-9edfc801ca7e<-db655c13-701f-4833-9664-39869cd638e2#0:FAIL-t1, 6d6353fa-4af9-45d6-8513-9edfc801ca7e<-417d9bfe-820a-4f77-a3de-1acef0c73e26#0:FAIL-t1] and 0 exception(s); 6d6353fa-4af9-45d6-8513-9edfc801ca7e:t1, leader=null, voted=6d6353fa-4af9-45d6-8513-9edfc801ca7e, raftlog=6d6353fa-4af9-45d6-8513-9edfc801ca7e-SegmentedRaftLog:OPENED:c-1,f-1,i0, conf=-1: [db655c13-701f-4833-9664-39869cd638e2:192.168.157.230:38873, 417d9bfe-820a-4f77-a3de-1acef0c73e26:192.168.157.230:36822, 6d6353fa-4af9-45d6-8513-9edfc801ca7e:192.168.157.230:44213], old=null
2019-07-14 00:58:04,794 INFO  impl.LeaderElection (LeaderElection.java:logAndReturn(56)) - 417d9bfe-820a-4f77-a3de-1acef0c73e26:group-2987ADE9E5DC:LeaderElection87: Election REJECTED; received 2 response(s) [417d9bfe-820a-4f77-a3de-1acef0c73e26<-db655c13-701f-4833-9664-39869cd638e2#0:FAIL-t1, 417d9bfe-820a-4f77-a3de-1acef0c73e26<-6d6353fa-4af9-45d6-8513-9edfc801ca7e#0:FAIL-t1] and 0 exception(s); 417d9bfe-820a-4f77-a3de-1acef0c73e26:t1, leader=null, voted=417d9bfe-820a-4f77-a3de-1acef0c73e26, raftlog=417d9bfe-820a-4f77-a3de-1acef0c73e26-SegmentedRaftLog:OPENED:c-1,f-1,i0, conf=-1: [db655c13-701f-4833-9664-39869cd638e2:192.168.157.230:38873, 417d9bfe-820a-4f77-a3de-1acef0c73e26:192.168.157.230:36822, 6d6353fa-4af9-45d6-8513-9edfc801ca7e:192.168.157.230:44213], old=null
2019-07-14 00:58:04,794 INFO  impl.RaftServerImpl (RaftServerImpl.java:setRole(171)) - 6d6353fa-4af9-45d6-8513-9edfc801ca7e:group-2987ADE9E5DC changes role from CANDIDATE to FOLLOWER at term 1 for DISCOVERED_A_NEW_TERM
2019-07-14 00:58:04,794 INFO  impl.RaftServerImpl (RaftServerImpl.java:setRole(171)) - 417d9bfe-820a-4f77-a3de-1acef0c73e26:group-2987ADE9E5DC changes role from CANDIDATE to FOLLOWER at term 1 for DISCOVERED_A_NEW_TERM
2019-07-14 00:58:04,794 INFO  impl.RoleInfo (RoleInfo.java:shutdownLeaderElection(134)) - 6d6353fa-4af9-45d6-8513-9edfc801ca7e: shutdown LeaderElection
2019-07-14 00:58:04,794 INFO  impl.RoleInfo (RoleInfo.java:shutdownLeaderElection(134)) - 417d9bfe-820a-4f77-a3de-1acef0c73e26: shutdown LeaderElection
2019-07-14 00:58:04,794 INFO  impl.RoleInfo (RoleInfo.java:updateAndGet(143)) - 6d6353fa-4af9-45d6-8513-9edfc801ca7e: start FollowerState
2019-07-14 00:58:04,794 INFO  impl.RoleInfo (RoleInfo.java:updateAndGet(143)) - 417d9bfe-820a-4f77-a3de-1acef0c73e26: start FollowerState
2019-07-14 00:58:04,801 INFO  segmented.SegmentedRaftLogWorker (SegmentedRaftLogWorker.java:execute(569)) - 874105b6-5a51-463e-b3e4-1e5d9fc032df-SegmentedRaftLogWorker:Storage Directory /tmp/workdir/hadoop-ozone/integration-test/target/test-dir/MiniOzoneClusterImpl-26790698-d9f8-48c1-a066-8ce0f022f48d/datanode-3/data/ratis/85f78f74-d0cb-4682-b1ba-b09a4313b083: created new log segment /tmp/workdir/hadoop-ozone/integration-test/target/test-dir/MiniOzoneClusterImpl-26790698-d9f8-48c1-a066-8ce0f022f48d/datanode-3/data/ratis/85f78f74-d0cb-4682-b1ba-b09a4313b083/current/log_inprogress_0
2019-07-14 00:58:04,976 INFO  impl.FollowerState (FollowerState.java:run(106)) - fc2e4b37-2a17-42fc-b2ac-0b40110da3b2:group-BB489E2B1951 changes to CANDIDATE, lastRpcTime:5188, electionTimeout:5188ms
2019-07-14 00:58:04,976 INFO  impl.RoleInfo (RoleInfo.java:shutdownFollowerState(121)) - fc2e4b37-2a17-42fc-b2ac-0b40110da3b2: shutdown FollowerState
2019-07-14 00:58:04,977 INFO  impl.RaftServerImpl (RaftServerImpl.java:setRole(171)) - fc2e4b37-2a17-42fc-b2ac-0b40110da3b2:group-BB489E2B1951 changes role from FOLLOWER to CANDIDATE at term 0 for changeToCandidate
2019-07-14 00:58:04,977 INFO  impl.RoleInfo (RoleInfo.java:updateAndGet(143)) - fc2e4b37-2a17-42fc-b2ac-0b40110da3b2: start LeaderElection
2019-07-14 00:58:05,004 INFO  impl.LeaderElection (LeaderElection.java:askForVotes(181)) - fc2e4b37-2a17-42fc-b2ac-0b40110da3b2:group-BB489E2B1951:LeaderElection88: begin an election at term 1 for -1: [fc2e4b37-2a17-42fc-b2ac-0b40110da3b2:192.168.157.230:34852], old=null
2019-07-14 00:58:05,004 INFO  impl.RoleInfo (RoleInfo.java:shutdownLeaderElection(134)) - fc2e4b37-2a17-42fc-b2ac-0b40110da3b2: shutdown LeaderElection
2019-07-14 00:58:05,005 INFO  impl.RaftServerImpl (RaftServerImpl.java:setRole(171)) - fc2e4b37-2a17-42fc-b2ac-0b40110da3b2:group-BB489E2B1951 changes role from CANDIDATE to LEADER at term 1 for changeToLeader
2019-07-14 00:58:05,005 INFO  impl.RaftServerImpl (ServerState.java:setLeader(263)) - fc2e4b37-2a17-42fc-b2ac-0b40110da3b2:group-BB489E2B1951 change Leader from null to fc2e4b37-2a17-42fc-b2ac-0b40110da3b2 at term 1 for becomeLeader, leader elected after 5219ms
2019-07-14 00:58:05,005 INFO  server.RaftServerConfigKeys (ConfUtils.java:logGet(43)) - raft.server.staging.catchup.gap = 1000 (default)
2019-07-14 00:58:05,005 INFO  server.RaftServerConfigKeys (ConfUtils.java:logGet(43)) - raft.server.rpc.sleep.time = 25ms (default)
2019-07-14 00:58:05,005 INFO  server.RaftServerConfigKeys (ConfUtils.java:logGet(43)) - raft.server.write.element-limit = 4096 (default)
2019-07-14 00:58:05,005 INFO  server.RaftServerConfigKeys (ConfUtils.java:logGet(43)) - raft.server.watch.timeout = 10s (default)
2019-07-14 00:58:05,006 INFO  server.RaftServerConfigKeys (ConfUtils.java:logGet(43)) - raft.server.watch.timeout.denomination = 1s (default)
2019-07-14 00:58:05,006 INFO  server.RaftServerConfigKeys (ConfUtils.java:logGet(43)) - raft.server.watch.element-limit = 65536 (default)
2019-07-14 00:58:05,006 INFO  impl.RoleInfo (RoleInfo.java:updateAndGet(143)) - fc2e4b37-2a17-42fc-b2ac-0b40110da3b2: start LeaderState
2019-07-14 00:58:05,006 INFO  segmented.SegmentedRaftLogWorker (SegmentedRaftLogWorker.java:startLogSegment(380)) - fc2e4b37-2a17-42fc-b2ac-0b40110da3b2-SegmentedRaftLogWorker:Storage Directory /tmp/workdir/hadoop-ozone/integration-test/target/test-dir/MiniOzoneClusterImpl-26790698-d9f8-48c1-a066-8ce0f022f48d/datanode-4/data/ratis/de87c64f-2974-418f-b3b2-bb489e2b1951: Starting segment from index:0
2019-07-14 00:58:05,007 INFO  impl.RaftServerImpl (ServerState.java:setRaftConf(361)) - fc2e4b37-2a17-42fc-b2ac-0b40110da3b2:group-BB489E2B1951 set configuration 0: [fc2e4b37-2a17-42fc-b2ac-0b40110da3b2:192.168.157.230:34852], old=null at 0
2019-07-14 00:58:05,042 INFO  segmented.SegmentedRaftLogWorker (SegmentedRaftLogWorker.java:execute(569)) - fc2e4b37-2a17-42fc-b2ac-0b40110da3b2-SegmentedRaftLogWorker:Storage Directory /tmp/workdir/hadoop-ozone/integration-test/target/test-dir/MiniOzoneClusterImpl-26790698-d9f8-48c1-a066-8ce0f022f48d/datanode-4/data/ratis/de87c64f-2974-418f-b3b2-bb489e2b1951: created new log segment /tmp/workdir/hadoop-ozone/integration-test/target/test-dir/MiniOzoneClusterImpl-26790698-d9f8-48c1-a066-8ce0f022f48d/datanode-4/data/ratis/de87c64f-2974-418f-b3b2-bb489e2b1951/current/log_inprogress_0
2019-07-14 00:58:05,198 INFO  impl.FollowerState (FollowerState.java:run(106)) - 9fa61708-3ca4-47fe-a34e-55061d347c64:group-EAFE2002DD74 changes to CANDIDATE, lastRpcTime:5123, electionTimeout:5123ms
2019-07-14 00:58:05,199 INFO  impl.RoleInfo (RoleInfo.java:shutdownFollowerState(121)) - 9fa61708-3ca4-47fe-a34e-55061d347c64: shutdown FollowerState
2019-07-14 00:58:05,199 INFO  impl.RaftServerImpl (RaftServerImpl.java:setRole(171)) - 9fa61708-3ca4-47fe-a34e-55061d347c64:group-EAFE2002DD74 changes role from FOLLOWER to CANDIDATE at term 0 for changeToCandidate
2019-07-14 00:58:05,199 INFO  impl.RoleInfo (RoleInfo.java:updateAndGet(143)) - 9fa61708-3ca4-47fe-a34e-55061d347c64: start LeaderElection
2019-07-14 00:58:05,217 INFO  impl.FollowerState (FollowerState.java:run(106)) - 9fa61708-3ca4-47fe-a34e-55061d347c64:group-3F6D8FF84C2E changes to CANDIDATE, lastRpcTime:5080, electionTimeout:5080ms
2019-07-14 00:58:05,217 INFO  impl.RoleInfo (RoleInfo.java:shutdownFollowerState(121)) - 9fa61708-3ca4-47fe-a34e-55061d347c64: shutdown FollowerState
2019-07-14 00:58:05,217 INFO  impl.RaftServerImpl (RaftServerImpl.java:setRole(171)) - 9fa61708-3ca4-47fe-a34e-55061d347c64:group-3F6D8FF84C2E changes role from FOLLOWER to CANDIDATE at term 0 for changeToCandidate
2019-07-14 00:58:05,217 INFO  impl.RoleInfo (RoleInfo.java:updateAndGet(143)) - 9fa61708-3ca4-47fe-a34e-55061d347c64: start LeaderElection
2019-07-14 00:58:05,227 INFO  impl.LeaderElection (LeaderElection.java:askForVotes(181)) - 9fa61708-3ca4-47fe-a34e-55061d347c64:group-EAFE2002DD74:LeaderElection89: begin an election at term 1 for -1: [9fa61708-3ca4-47fe-a34e-55061d347c64:192.168.157.230:36199], old=null
2019-07-14 00:58:05,227 INFO  impl.RoleInfo (RoleInfo.java:shutdownLeaderElection(134)) - 9fa61708-3ca4-47fe-a34e-55061d347c64: shutdown LeaderElection
2019-07-14 00:58:05,227 INFO  impl.RaftServerImpl (RaftServerImpl.java:setRole(171)) - 9fa61708-3ca4-47fe-a34e-55061d347c64:group-EAFE2002DD74 changes role from CANDIDATE to LEADER at term 1 for changeToLeader
2019-07-14 00:58:05,227 INFO  impl.RaftServerImpl (ServerState.java:setLeader(263)) - 9fa61708-3ca4-47fe-a34e-55061d347c64:group-EAFE2002DD74 change Leader from null to 9fa61708-3ca4-47fe-a34e-55061d347c64 at term 1 for becomeLeader, leader elected after 5156ms
2019-07-14 00:58:05,227 INFO  server.RaftServerConfigKeys (ConfUtils.java:logGet(43)) - raft.server.staging.catchup.gap = 1000 (default)
2019-07-14 00:58:05,227 INFO  server.RaftServerConfigKeys (ConfUtils.java:logGet(43)) - raft.server.rpc.sleep.time = 25ms (default)
2019-07-14 00:58:05,228 INFO  server.RaftServerConfigKeys (ConfUtils.java:logGet(43)) - raft.server.write.element-limit = 4096 (default)
2019-07-14 00:58:05,228 INFO  server.RaftServerConfigKeys (ConfUtils.java:logGet(43)) - raft.server.watch.timeout = 10s (default)
2019-07-14 00:58:05,228 INFO  server.RaftServerConfigKeys (ConfUtils.java:logGet(43)) - raft.server.watch.timeout.denomination = 1s (default)
2019-07-14 00:58:05,228 INFO  server.RaftServerConfigKeys (ConfUtils.java:logGet(43)) - raft.server.watch.element-limit = 65536 (default)
2019-07-14 00:58:05,228 INFO  impl.RoleInfo (RoleInfo.java:updateAndGet(143)) - 9fa61708-3ca4-47fe-a34e-55061d347c64: start LeaderState
2019-07-14 00:58:05,228 INFO  segmented.SegmentedRaftLogWorker (SegmentedRaftLogWorker.java:startLogSegment(380)) - 9fa61708-3ca4-47fe-a34e-55061d347c64-SegmentedRaftLogWorker:Storage Directory /tmp/workdir/hadoop-ozone/integration-test/target/test-dir/MiniOzoneClusterImpl-26790698-d9f8-48c1-a066-8ce0f022f48d/datanode-5/data/ratis/e639df30-c4a2-486f-9478-eafe2002dd74: Starting segment from index:0
2019-07-14 00:58:05,229 INFO  impl.RaftServerImpl (ServerState.java:setRaftConf(361)) - 9fa61708-3ca4-47fe-a34e-55061d347c64:group-EAFE2002DD74 set configuration 0: [9fa61708-3ca4-47fe-a34e-55061d347c64:192.168.157.230:36199], old=null at 0
2019-07-14 00:58:05,252 INFO  impl.FollowerState (FollowerState.java:run(106)) - fc2e4b37-2a17-42fc-b2ac-0b40110da3b2:group-3F6D8FF84C2E changes to CANDIDATE, lastRpcTime:5111, electionTimeout:5099ms
2019-07-14 00:58:05,252 INFO  impl.LeaderElection (LeaderElection.java:askForVotes(181)) - 9fa61708-3ca4-47fe-a34e-55061d347c64:group-3F6D8FF84C2E:LeaderElection90: begin an election at term 1 for -1: [9fa61708-3ca4-47fe-a34e-55061d347c64:192.168.157.230:36199, 874105b6-5a51-463e-b3e4-1e5d9fc032df:192.168.157.230:36937, fc2e4b37-2a17-42fc-b2ac-0b40110da3b2:192.168.157.230:34852], old=null
2019-07-14 00:58:05,252 INFO  impl.RoleInfo (RoleInfo.java:shutdownFollowerState(121)) - fc2e4b37-2a17-42fc-b2ac-0b40110da3b2: shutdown FollowerState
2019-07-14 00:58:05,252 INFO  impl.RaftServerImpl (RaftServerImpl.java:setRole(171)) - fc2e4b37-2a17-42fc-b2ac-0b40110da3b2:group-3F6D8FF84C2E changes role from FOLLOWER to CANDIDATE at term 0 for changeToCandidate
2019-07-14 00:58:05,252 INFO  impl.RoleInfo (RoleInfo.java:updateAndGet(143)) - fc2e4b37-2a17-42fc-b2ac-0b40110da3b2: start LeaderElection
2019-07-14 00:58:05,257 INFO  segmented.SegmentedRaftLogWorker (SegmentedRaftLogWorker.java:execute(569)) - 9fa61708-3ca4-47fe-a34e-55061d347c64-SegmentedRaftLogWorker:Storage Directory /tmp/workdir/hadoop-ozone/integration-test/target/test-dir/MiniOzoneClusterImpl-26790698-d9f8-48c1-a066-8ce0f022f48d/datanode-5/data/ratis/e639df30-c4a2-486f-9478-eafe2002dd74: created new log segment /tmp/workdir/hadoop-ozone/integration-test/target/test-dir/MiniOzoneClusterImpl-26790698-d9f8-48c1-a066-8ce0f022f48d/datanode-5/data/ratis/e639df30-c4a2-486f-9478-eafe2002dd74/current/log_inprogress_0
2019-07-14 00:58:05,267 INFO  impl.RaftServerImpl (RaftServerImpl.java:setRole(171)) - 874105b6-5a51-463e-b3e4-1e5d9fc032df:group-3F6D8FF84C2E changes role from FOLLOWER to FOLLOWER at term 1 for recognizeCandidate:9fa61708-3ca4-47fe-a34e-55061d347c64
2019-07-14 00:58:05,267 INFO  impl.LeaderElection (LeaderElection.java:askForVotes(181)) - fc2e4b37-2a17-42fc-b2ac-0b40110da3b2:group-3F6D8FF84C2E:LeaderElection91: begin an election at term 1 for -1: [9fa61708-3ca4-47fe-a34e-55061d347c64:192.168.157.230:36199, 874105b6-5a51-463e-b3e4-1e5d9fc032df:192.168.157.230:36937, fc2e4b37-2a17-42fc-b2ac-0b40110da3b2:192.168.157.230:34852], old=null
2019-07-14 00:58:05,271 INFO  impl.RoleInfo (RoleInfo.java:shutdownFollowerState(121)) - 874105b6-5a51-463e-b3e4-1e5d9fc032df: shutdown FollowerState
2019-07-14 00:58:05,272 INFO  impl.FollowerState (FollowerState.java:run(114)) - 874105b6-5a51-463e-b3e4-1e5d9fc032df: FollowerState was interrupted: java.lang.InterruptedException: sleep interrupted
2019-07-14 00:58:05,272 INFO  impl.RoleInfo (RoleInfo.java:updateAndGet(143)) - 874105b6-5a51-463e-b3e4-1e5d9fc032df: start FollowerState
2019-07-14 00:58:05,296 INFO  impl.LeaderElection (LeaderElection.java:logAndReturn(56)) - 9fa61708-3ca4-47fe-a34e-55061d347c64:group-3F6D8FF84C2E:LeaderElection90: Election PASSED; received 2 response(s) [9fa61708-3ca4-47fe-a34e-55061d347c64<-874105b6-5a51-463e-b3e4-1e5d9fc032df#0:OK-t1, 9fa61708-3ca4-47fe-a34e-55061d347c64<-fc2e4b37-2a17-42fc-b2ac-0b40110da3b2#0:FAIL-t1] and 0 exception(s); 9fa61708-3ca4-47fe-a34e-55061d347c64:t1, leader=null, voted=9fa61708-3ca4-47fe-a34e-55061d347c64, raftlog=9fa61708-3ca4-47fe-a34e-55061d347c64-SegmentedRaftLog:OPENED:c-1,f-1,i0, conf=-1: [9fa61708-3ca4-47fe-a34e-55061d347c64:192.168.157.230:36199, 874105b6-5a51-463e-b3e4-1e5d9fc032df:192.168.157.230:36937, fc2e4b37-2a17-42fc-b2ac-0b40110da3b2:192.168.157.230:34852], old=null
2019-07-14 00:58:05,296 INFO  impl.LeaderElection (LeaderElection.java:logAndReturn(56)) - fc2e4b37-2a17-42fc-b2ac-0b40110da3b2:group-3F6D8FF84C2E:LeaderElection91: Election REJECTED; received 2 response(s) [fc2e4b37-2a17-42fc-b2ac-0b40110da3b2<-9fa61708-3ca4-47fe-a34e-55061d347c64#0:FAIL-t1, fc2e4b37-2a17-42fc-b2ac-0b40110da3b2<-874105b6-5a51-463e-b3e4-1e5d9fc032df#0:FAIL-t1] and 0 exception(s); fc2e4b37-2a17-42fc-b2ac-0b40110da3b2:t1, leader=null, voted=fc2e4b37-2a17-42fc-b2ac-0b40110da3b2, raftlog=fc2e4b37-2a17-42fc-b2ac-0b40110da3b2-SegmentedRaftLog:OPENED:c-1,f-1,i0, conf=-1: [9fa61708-3ca4-47fe-a34e-55061d347c64:192.168.157.230:36199, 874105b6-5a51-463e-b3e4-1e5d9fc032df:192.168.157.230:36937, fc2e4b37-2a17-42fc-b2ac-0b40110da3b2:192.168.157.230:34852], old=null
2019-07-14 00:58:05,296 INFO  impl.RoleInfo (RoleInfo.java:shutdownLeaderElection(134)) - 9fa61708-3ca4-47fe-a34e-55061d347c64: shutdown LeaderElection
2019-07-14 00:58:05,296 INFO  impl.RaftServerImpl (RaftServerImpl.java:setRole(171)) - fc2e4b37-2a17-42fc-b2ac-0b40110da3b2:group-3F6D8FF84C2E changes role from CANDIDATE to FOLLOWER at term 1 for DISCOVERED_A_NEW_TERM
2019-07-14 00:58:05,296 INFO  impl.RaftServerImpl (RaftServerImpl.java:setRole(171)) - 9fa61708-3ca4-47fe-a34e-55061d347c64:group-3F6D8FF84C2E changes role from CANDIDATE to LEADER at term 1 for changeToLeader
2019-07-14 00:58:05,297 INFO  impl.RoleInfo (RoleInfo.java:shutdownLeaderElection(134)) - fc2e4b37-2a17-42fc-b2ac-0b40110da3b2: shutdown LeaderElection
2019-07-14 00:58:05,297 INFO  impl.RaftServerImpl (ServerState.java:setLeader(263)) - 9fa61708-3ca4-47fe-a34e-55061d347c64:group-3F6D8FF84C2E change Leader from null to 9fa61708-3ca4-47fe-a34e-55061d347c64 at term 1 for becomeLeader, leader elected after 5167ms
2019-07-14 00:58:05,297 INFO  impl.RoleInfo (RoleInfo.java:updateAndGet(143)) - fc2e4b37-2a17-42fc-b2ac-0b40110da3b2: start FollowerState
2019-07-14 00:58:05,297 INFO  server.RaftServerConfigKeys (ConfUtils.java:logGet(43)) - raft.server.staging.catchup.gap = 1000 (default)
2019-07-14 00:58:05,297 INFO  server.RaftServerConfigKeys (ConfUtils.java:logGet(43)) - raft.server.rpc.sleep.time = 25ms (default)
2019-07-14 00:58:05,297 INFO  server.RaftServerConfigKeys (ConfUtils.java:logGet(43)) - raft.server.write.element-limit = 4096 (default)
2019-07-14 00:58:05,298 INFO  server.RaftServerConfigKeys (ConfUtils.java:logGet(43)) - raft.server.watch.timeout = 10s (default)
2019-07-14 00:58:05,298 INFO  server.RaftServerConfigKeys (ConfUtils.java:logGet(43)) - raft.server.watch.timeout.denomination = 1s (default)
2019-07-14 00:58:05,298 INFO  server.RaftServerConfigKeys (ConfUtils.java:logGet(43)) - raft.server.watch.element-limit = 65536 (default)
2019-07-14 00:58:05,298 INFO  server.RaftServerConfigKeys (ConfUtils.java:logGet(43)) - raft.server.log.appender.snapshot.chunk.size.max = 16MB (=16777216) (default)
2019-07-14 00:58:05,298 INFO  server.RaftServerConfigKeys (ConfUtils.java:logGet(43)) - raft.server.log.appender.buffer.byte-limit = 33554432 (custom)
2019-07-14 00:58:05,299 INFO  server.RaftServerConfigKeys (ConfUtils.java:logGet(43)) - raft.server.log.appender.buffer.element-limit = 1 (custom)
2019-07-14 00:58:05,299 INFO  grpc.GrpcConfigKeys$Server (ConfUtils.java:logGet(43)) - raft.grpc.server.leader.outstanding.appends.max = 128 (default)
2019-07-14 00:58:05,299 INFO  server.RaftServerConfigKeys (ConfUtils.java:logGet(43)) - raft.server.rpc.request.timeout = 3000ms (default)
2019-07-14 00:58:05,299 INFO  server.RaftServerConfigKeys (ConfUtils.java:logGet(43)) - raft.server.log.appender.install.snapshot.enabled = false (custom)
2019-07-14 00:58:05,300 INFO  server.RaftServerConfigKeys (ConfUtils.java:logGet(43)) - raft.server.log.appender.snapshot.chunk.size.max = 16MB (=16777216) (default)
2019-07-14 00:58:05,300 INFO  server.RaftServerConfigKeys (ConfUtils.java:logGet(43)) - raft.server.log.appender.buffer.byte-limit = 33554432 (custom)
2019-07-14 00:58:05,300 INFO  server.RaftServerConfigKeys (ConfUtils.java:logGet(43)) - raft.server.log.appender.buffer.element-limit = 1 (custom)
2019-07-14 00:58:05,300 INFO  grpc.GrpcConfigKeys$Server (ConfUtils.java:logGet(43)) - raft.grpc.server.leader.outstanding.appends.max = 128 (default)
2019-07-14 00:58:05,300 INFO  server.RaftServerConfigKeys (ConfUtils.java:logGet(43)) - raft.server.rpc.request.timeout = 3000ms (default)
2019-07-14 00:58:05,301 INFO  server.RaftServerConfigKeys (ConfUtils.java:logGet(43)) - raft.server.log.appender.install.snapshot.enabled = false (custom)
2019-07-14 00:58:05,301 INFO  impl.RoleInfo (RoleInfo.java:updateAndGet(143)) - 9fa61708-3ca4-47fe-a34e-55061d347c64: start LeaderState
2019-07-14 00:58:05,301 INFO  segmented.SegmentedRaftLogWorker (SegmentedRaftLogWorker.java:startLogSegment(380)) - 9fa61708-3ca4-47fe-a34e-55061d347c64-SegmentedRaftLogWorker:Storage Directory /tmp/workdir/hadoop-ozone/integration-test/target/test-dir/MiniOzoneClusterImpl-26790698-d9f8-48c1-a066-8ce0f022f48d/datanode-5/data/ratis/168b08b3-d6cc-4129-bcee-3f6d8ff84c2e: Starting segment from index:0
2019-07-14 00:58:05,302 INFO  impl.RaftServerImpl (ServerState.java:setRaftConf(361)) - 9fa61708-3ca4-47fe-a34e-55061d347c64:group-3F6D8FF84C2E set configuration 0: [9fa61708-3ca4-47fe-a34e-55061d347c64:192.168.157.230:36199, 874105b6-5a51-463e-b3e4-1e5d9fc032df:192.168.157.230:36937, fc2e4b37-2a17-42fc-b2ac-0b40110da3b2:192.168.157.230:34852], old=null at 0
2019-07-14 00:58:05,303 INFO  impl.RaftServerImpl (ServerState.java:setLeader(263)) - 874105b6-5a51-463e-b3e4-1e5d9fc032df:group-3F6D8FF84C2E change Leader from null to 9fa61708-3ca4-47fe-a34e-55061d347c64 at term 1 for appendEntries, leader elected after 5173ms
2019-07-14 00:58:05,303 INFO  impl.RaftServerImpl (ServerState.java:setLeader(263)) - fc2e4b37-2a17-42fc-b2ac-0b40110da3b2:group-3F6D8FF84C2E change Leader from null to 9fa61708-3ca4-47fe-a34e-55061d347c64 at term 1 for appendEntries, leader elected after 5173ms
2019-07-14 00:58:05,307 INFO  impl.RaftServerImpl (ServerState.java:setRaftConf(361)) - fc2e4b37-2a17-42fc-b2ac-0b40110da3b2:group-3F6D8FF84C2E set configuration 0: [9fa61708-3ca4-47fe-a34e-55061d347c64:192.168.157.230:36199, 874105b6-5a51-463e-b3e4-1e5d9fc032df:192.168.157.230:36937, fc2e4b37-2a17-42fc-b2ac-0b40110da3b2:192.168.157.230:34852], old=null at 0
2019-07-14 00:58:05,307 INFO  impl.RaftServerImpl (ServerState.java:setRaftConf(361)) - 874105b6-5a51-463e-b3e4-1e5d9fc032df:group-3F6D8FF84C2E set configuration 0: [9fa61708-3ca4-47fe-a34e-55061d347c64:192.168.157.230:36199, 874105b6-5a51-463e-b3e4-1e5d9fc032df:192.168.157.230:36937, fc2e4b37-2a17-42fc-b2ac-0b40110da3b2:192.168.157.230:34852], old=null at 0
2019-07-14 00:58:05,308 INFO  segmented.SegmentedRaftLogWorker (SegmentedRaftLogWorker.java:startLogSegment(380)) - fc2e4b37-2a17-42fc-b2ac-0b40110da3b2-SegmentedRaftLogWorker:Storage Directory /tmp/workdir/hadoop-ozone/integration-test/target/test-dir/MiniOzoneClusterImpl-26790698-d9f8-48c1-a066-8ce0f022f48d/datanode-4/data/ratis/168b08b3-d6cc-4129-bcee-3f6d8ff84c2e: Starting segment from index:0
2019-07-14 00:58:05,308 INFO  segmented.SegmentedRaftLogWorker (SegmentedRaftLogWorker.java:startLogSegment(380)) - 874105b6-5a51-463e-b3e4-1e5d9fc032df-SegmentedRaftLogWorker:Storage Directory /tmp/workdir/hadoop-ozone/integration-test/target/test-dir/MiniOzoneClusterImpl-26790698-d9f8-48c1-a066-8ce0f022f48d/datanode-3/data/ratis/168b08b3-d6cc-4129-bcee-3f6d8ff84c2e: Starting segment from index:0
2019-07-14 00:58:05,333 INFO  segmented.SegmentedRaftLogWorker (SegmentedRaftLogWorker.java:execute(569)) - 9fa61708-3ca4-47fe-a34e-55061d347c64-SegmentedRaftLogWorker:Storage Directory /tmp/workdir/hadoop-ozone/integration-test/target/test-dir/MiniOzoneClusterImpl-26790698-d9f8-48c1-a066-8ce0f022f48d/datanode-5/data/ratis/168b08b3-d6cc-4129-bcee-3f6d8ff84c2e: created new log segment /tmp/workdir/hadoop-ozone/integration-test/target/test-dir/MiniOzoneClusterImpl-26790698-d9f8-48c1-a066-8ce0f022f48d/datanode-5/data/ratis/168b08b3-d6cc-4129-bcee-3f6d8ff84c2e/current/log_inprogress_0
2019-07-14 00:58:05,333 INFO  segmented.SegmentedRaftLogWorker (SegmentedRaftLogWorker.java:execute(569)) - 874105b6-5a51-463e-b3e4-1e5d9fc032df-SegmentedRaftLogWorker:Storage Directory /tmp/workdir/hadoop-ozone/integration-test/target/test-dir/MiniOzoneClusterImpl-26790698-d9f8-48c1-a066-8ce0f022f48d/datanode-3/data/ratis/168b08b3-d6cc-4129-bcee-3f6d8ff84c2e: created new log segment /tmp/workdir/hadoop-ozone/integration-test/target/test-dir/MiniOzoneClusterImpl-26790698-d9f8-48c1-a066-8ce0f022f48d/datanode-3/data/ratis/168b08b3-d6cc-4129-bcee-3f6d8ff84c2e/current/log_inprogress_0
2019-07-14 00:58:05,333 INFO  segmented.SegmentedRaftLogWorker (SegmentedRaftLogWorker.java:execute(569)) - fc2e4b37-2a17-42fc-b2ac-0b40110da3b2-SegmentedRaftLogWorker:Storage Directory /tmp/workdir/hadoop-ozone/integration-test/target/test-dir/MiniOzoneClusterImpl-26790698-d9f8-48c1-a066-8ce0f022f48d/datanode-4/data/ratis/168b08b3-d6cc-4129-bcee-3f6d8ff84c2e: created new log segment /tmp/workdir/hadoop-ozone/integration-test/target/test-dir/MiniOzoneClusterImpl-26790698-d9f8-48c1-a066-8ce0f022f48d/datanode-4/data/ratis/168b08b3-d6cc-4129-bcee-3f6d8ff84c2e/current/log_inprogress_0
2019-07-14 00:58:05,353 INFO  impl.FollowerState (FollowerState.java:run(106)) - 45264f66-c440-4b6f-bfb3-7ecf9b88d128:group-2CDAB6220402 changes to CANDIDATE, lastRpcTime:5137, electionTimeout:5137ms
2019-07-14 00:58:05,353 INFO  impl.RoleInfo (RoleInfo.java:shutdownFollowerState(121)) - 45264f66-c440-4b6f-bfb3-7ecf9b88d128: shutdown FollowerState
2019-07-14 00:58:05,353 INFO  impl.RaftServerImpl (RaftServerImpl.java:setRole(171)) - 45264f66-c440-4b6f-bfb3-7ecf9b88d128:group-2CDAB6220402 changes role from FOLLOWER to CANDIDATE at term 0 for changeToCandidate
2019-07-14 00:58:05,353 INFO  impl.RoleInfo (RoleInfo.java:updateAndGet(143)) - 45264f66-c440-4b6f-bfb3-7ecf9b88d128: start LeaderElection
2019-07-14 00:58:05,371 INFO  client.GrpcClientProtocolClient (GrpcClientProtocolClient.java:onNext(255)) - client-F26749881EC9->db655c13-701f-4833-9664-39869cd638e2: receive RaftClientReply:client-F26749881EC9->db655c13-701f-4833-9664-39869cd638e2@group-2987ADE9E5DC, cid=108, FAILED org.apache.ratis.protocol.NotLeaderException: Server db655c13-701f-4833-9664-39869cd638e2 is not the leader (null). Request must be sent to leader., logIndex=0, commits[db655c13-701f-4833-9664-39869cd638e2:c-1]
2019-07-14 00:58:05,375 INFO  impl.LeaderElection (LeaderElection.java:askForVotes(181)) - 45264f66-c440-4b6f-bfb3-7ecf9b88d128:group-2CDAB6220402:LeaderElection92: begin an election at term 1 for -1: [45264f66-c440-4b6f-bfb3-7ecf9b88d128:192.168.157.230:36422], old=null
2019-07-14 00:58:05,379 INFO  impl.RoleInfo (RoleInfo.java:shutdownLeaderElection(134)) - 45264f66-c440-4b6f-bfb3-7ecf9b88d128: shutdown LeaderElection
2019-07-14 00:58:05,379 INFO  impl.RaftServerImpl (RaftServerImpl.java:setRole(171)) - 45264f66-c440-4b6f-bfb3-7ecf9b88d128:group-2CDAB6220402 changes role from CANDIDATE to LEADER at term 1 for changeToLeader
2019-07-14 00:58:05,383 INFO  impl.RaftServerImpl (ServerState.java:setLeader(263)) - 45264f66-c440-4b6f-bfb3-7ecf9b88d128:group-2CDAB6220402 change Leader from null to 45264f66-c440-4b6f-bfb3-7ecf9b88d128 at term 1 for becomeLeader, leader elected after 5172ms
2019-07-14 00:58:05,383 INFO  server.RaftServerConfigKeys (ConfUtils.java:logGet(43)) - raft.server.staging.catchup.gap = 1000 (default)
2019-07-14 00:58:05,384 INFO  server.RaftServerConfigKeys (ConfUtils.java:logGet(43)) - raft.server.rpc.sleep.time = 25ms (default)
2019-07-14 00:58:05,384 INFO  server.RaftServerConfigKeys (ConfUtils.java:logGet(43)) - raft.server.write.element-limit = 4096 (default)
2019-07-14 00:58:05,384 INFO  server.RaftServerConfigKeys (ConfUtils.java:logGet(43)) - raft.server.watch.timeout = 10s (default)
2019-07-14 00:58:05,384 INFO  server.RaftServerConfigKeys (ConfUtils.java:logGet(43)) - raft.server.watch.timeout.denomination = 1s (default)
2019-07-14 00:58:05,384 INFO  server.RaftServerConfigKeys (ConfUtils.java:logGet(43)) - raft.server.watch.element-limit = 65536 (default)
2019-07-14 00:58:05,384 INFO  impl.RoleInfo (RoleInfo.java:updateAndGet(143)) - 45264f66-c440-4b6f-bfb3-7ecf9b88d128: start LeaderState
2019-07-14 00:58:05,385 INFO  segmented.SegmentedRaftLogWorker (SegmentedRaftLogWorker.java:startLogSegment(380)) - 45264f66-c440-4b6f-bfb3-7ecf9b88d128-SegmentedRaftLogWorker:Storage Directory /tmp/workdir/hadoop-ozone/integration-test/target/test-dir/MiniOzoneClusterImpl-26790698-d9f8-48c1-a066-8ce0f022f48d/datanode-6/data/ratis/2d2aae7f-1f78-41f9-a77c-2cdab6220402: Starting segment from index:0
2019-07-14 00:58:05,385 INFO  impl.RaftServerImpl (ServerState.java:setRaftConf(361)) - 45264f66-c440-4b6f-bfb3-7ecf9b88d128:group-2CDAB6220402 set configuration 0: [45264f66-c440-4b6f-bfb3-7ecf9b88d128:192.168.157.230:36422], old=null at 0
2019-07-14 00:58:05,419 INFO  segmented.SegmentedRaftLogWorker (SegmentedRaftLogWorker.java:execute(569)) - 45264f66-c440-4b6f-bfb3-7ecf9b88d128-SegmentedRaftLogWorker:Storage Directory /tmp/workdir/hadoop-ozone/integration-test/target/test-dir/MiniOzoneClusterImpl-26790698-d9f8-48c1-a066-8ce0f022f48d/datanode-6/data/ratis/2d2aae7f-1f78-41f9-a77c-2cdab6220402: created new log segment /tmp/workdir/hadoop-ozone/integration-test/target/test-dir/MiniOzoneClusterImpl-26790698-d9f8-48c1-a066-8ce0f022f48d/datanode-6/data/ratis/2d2aae7f-1f78-41f9-a77c-2cdab6220402/current/log_inprogress_0
2019-07-14 00:58:06,392 INFO  client.GrpcClientProtocolClient (GrpcClientProtocolClient.java:onNext(255)) - client-F26749881EC9->6d6353fa-4af9-45d6-8513-9edfc801ca7e: receive RaftClientReply:client-F26749881EC9->6d6353fa-4af9-45d6-8513-9edfc801ca7e@group-2987ADE9E5DC, cid=108, FAILED org.apache.ratis.protocol.NotLeaderException: Server 6d6353fa-4af9-45d6-8513-9edfc801ca7e is not the leader (null). Request must be sent to leader., logIndex=0, commits[6d6353fa-4af9-45d6-8513-9edfc801ca7e:c-1]
2019-07-14 00:58:07,449 INFO  client.GrpcClientProtocolClient (GrpcClientProtocolClient.java:onNext(255)) - client-F26749881EC9->417d9bfe-820a-4f77-a3de-1acef0c73e26: receive RaftClientReply:client-F26749881EC9->417d9bfe-820a-4f77-a3de-1acef0c73e26@group-2987ADE9E5DC, cid=108, FAILED org.apache.ratis.protocol.NotLeaderException: Server 417d9bfe-820a-4f77-a3de-1acef0c73e26 is not the leader (null). Request must be sent to leader., logIndex=0, commits[417d9bfe-820a-4f77-a3de-1acef0c73e26:c-1]
2019-07-14 00:58:08,491 INFO  client.GrpcClientProtocolClient (GrpcClientProtocolClient.java:onNext(255)) - client-F26749881EC9->6d6353fa-4af9-45d6-8513-9edfc801ca7e: receive RaftClientReply:client-F26749881EC9->6d6353fa-4af9-45d6-8513-9edfc801ca7e@group-2987ADE9E5DC, cid=108, FAILED org.apache.ratis.protocol.NotLeaderException: Server 6d6353fa-4af9-45d6-8513-9edfc801ca7e is not the leader (null). Request must be sent to leader., logIndex=0, commits[6d6353fa-4af9-45d6-8513-9edfc801ca7e:c-1]
]]></system-out>
    <system-err><![CDATA[Jul 14, 2019 12:57:54 AM com.sun.jersey.server.impl.application.WebApplicationImpl _initiate
INFO: Initiating Jersey application, version 'Jersey: 1.19 02/11/2015 03:25 AM'
Jul 14, 2019 12:57:54 AM com.sun.jersey.server.impl.application.WebApplicationImpl _initiate
INFO: Initiating Jersey application, version 'Jersey: 1.19 02/11/2015 03:25 AM'
Jul 14, 2019 12:57:55 AM com.sun.jersey.server.impl.application.WebApplicationImpl _initiate
INFO: Initiating Jersey application, version 'Jersey: 1.19 02/11/2015 03:25 AM'
Jul 14, 2019 12:57:55 AM com.sun.jersey.server.impl.application.WebApplicationImpl _initiate
INFO: Initiating Jersey application, version 'Jersey: 1.19 02/11/2015 03:25 AM'
Jul 14, 2019 12:57:55 AM com.sun.jersey.server.impl.application.WebApplicationImpl _initiate
INFO: Initiating Jersey application, version 'Jersey: 1.19 02/11/2015 03:25 AM'
Jul 14, 2019 12:57:55 AM com.sun.jersey.server.impl.application.WebApplicationImpl _initiate
INFO: Initiating Jersey application, version 'Jersey: 1.19 02/11/2015 03:25 AM'
Jul 14, 2019 12:57:56 AM com.sun.jersey.server.impl.application.WebApplicationImpl _initiate
INFO: Initiating Jersey application, version 'Jersey: 1.19 02/11/2015 03:25 AM'
Jul 14, 2019 12:57:58 AM org.apache.ratis.thirdparty.io.grpc.internal.ManagedChannelOrphanWrapper$ManagedChannelReference cleanQueue
SEVERE: *~*~*~ Channel ManagedChannelImpl{logId=1257, target=192.168.157.230:36005} was not shutdown properly!!! ~*~*~*
    Make sure to call shutdown()/shutdownNow() and wait until awaitTermination() returns true.
java.lang.RuntimeException: ManagedChannel allocation site
	at org.apache.ratis.thirdparty.io.grpc.internal.ManagedChannelOrphanWrapper$ManagedChannelReference.<init>(ManagedChannelOrphanWrapper.java:103)
	at org.apache.ratis.thirdparty.io.grpc.internal.ManagedChannelOrphanWrapper.<init>(ManagedChannelOrphanWrapper.java:53)
	at org.apache.ratis.thirdparty.io.grpc.internal.ManagedChannelOrphanWrapper.<init>(ManagedChannelOrphanWrapper.java:44)
	at org.apache.ratis.thirdparty.io.grpc.internal.AbstractManagedChannelImplBuilder.build(AbstractManagedChannelImplBuilder.java:411)
	at org.apache.ratis.grpc.client.GrpcClientProtocolClient.<init>(GrpcClientProtocolClient.java:119)
	at org.apache.ratis.grpc.client.GrpcClientRpc.lambda$new$0(GrpcClientRpc.java:55)
	at org.apache.ratis.util.PeerProxyMap$PeerAndProxy.lambda$getProxy$0(PeerProxyMap.java:61)
	at org.apache.ratis.util.LifeCycle.startAndTransition(LifeCycle.java:202)
	at org.apache.ratis.util.PeerProxyMap$PeerAndProxy.getProxy(PeerProxyMap.java:60)
	at org.apache.ratis.util.PeerProxyMap.getProxy(PeerProxyMap.java:107)
	at org.apache.ratis.grpc.client.GrpcClientRpc.sendRequestAsync(GrpcClientRpc.java:66)
	at org.apache.ratis.client.impl.OrderedAsync.sendRequest(OrderedAsync.java:208)
	at org.apache.ratis.client.impl.OrderedAsync.sendRequestWithRetry(OrderedAsync.java:169)
	at org.apache.ratis.util.SlidingWindow$Client.sendOrDelayRequest(SlidingWindow.java:278)
	at org.apache.ratis.util.SlidingWindow$Client.retry(SlidingWindow.java:294)
	at org.apache.ratis.client.impl.OrderedAsync.lambda$scheduleWithTimeout$7(OrderedAsync.java:195)
	at org.apache.ratis.util.TimeoutScheduler.lambda$onTimeout$0(TimeoutScheduler.java:85)
	at org.apache.ratis.util.TimeoutScheduler.lambda$onTimeout$1(TimeoutScheduler.java:104)
	at org.apache.ratis.util.LogUtils.runAndLog(LogUtils.java:50)
	at org.apache.ratis.util.LogUtils$1.run(LogUtils.java:91)
	at java.util.concurrent.Executors$RunnableAdapter.call(Executors.java:511)
	at java.util.concurrent.FutureTask.run(FutureTask.java:266)
	at java.util.concurrent.ScheduledThreadPoolExecutor$ScheduledFutureTask.access$201(ScheduledThreadPoolExecutor.java:180)
	at java.util.concurrent.ScheduledThreadPoolExecutor$ScheduledFutureTask.run(ScheduledThreadPoolExecutor.java:293)
	at java.util.concurrent.ThreadPoolExecutor.runWorker(ThreadPoolExecutor.java:1149)
	at java.util.concurrent.ThreadPoolExecutor$Worker.run(ThreadPoolExecutor.java:624)
	at java.lang.Thread.run(Thread.java:748)

]]></system-err>
  </testcase>
</testsuite>