<?xml version="1.0" encoding="UTF-8"?>
<testsuite xmlns:xsi="http://www.w3.org/2001/XMLSchema-instance" xsi:noNamespaceSchemaLocation="https://maven.apache.org/surefire/maven-surefire-plugin/xsd/surefire-test-report.xsd" name="org.apache.hadoop.ozone.client.rpc.TestBlockOutputStreamWithFailures" time="741.528" tests="8" errors="0" skipped="0" failures="1">
  <properties>
    <property name="awt.toolkit" value="sun.awt.X11.XToolkit"/>
    <property name="file.encoding.pkg" value="sun.io"/>
    <property name="java.specification.version" value="1.8"/>
    <property name="sun.cpu.isalist" value=""/>
    <property name="sun.jnu.encoding" value="UTF-8"/>
    <property name="java.class.path" value="/workdir/hadoop-ozone/integration-test/target/test-classes:/workdir/hadoop-ozone/integration-test/target/classes:/home/user/.m2/repository/org/apache/hadoop/hadoop-ozone-common/0.5.0-SNAPSHOT/hadoop-ozone-common-0.5.0-SNAPSHOT.jar:/home/user/.m2/repository/org/apache/commons/commons-compress/1.4.1/commons-compress-1.4.1.jar:/home/user/.m2/repository/org/tukaani/xz/1.0/xz-1.0.jar:/home/user/.m2/repository/org/apache/hadoop/hadoop-common/3.2.0/hadoop-common-3.2.0.jar:/home/user/.m2/repository/org/apache/hadoop/hadoop-hdfs/3.2.0/hadoop-hdfs-3.2.0.jar:/home/user/.m2/repository/org/apache/hadoop/hadoop-hdfs-client/3.2.0/hadoop-hdfs-client-3.2.0.jar:/home/user/.m2/repository/com/fasterxml/jackson/core/jackson-annotations/2.9.5/jackson-annotations-2.9.5.jar:/home/user/.m2/repository/org/apache/hadoop/hadoop-hdds-common/0.5.0-SNAPSHOT/hadoop-hdds-common-0.5.0-SNAPSHOT.jar:/home/user/.m2/repository/javax/annotation/javax.annotation-api/1.2/javax.annotation-api-1.2.jar:/home/user/.m2/repository/org/apache/ratis/ratis-server/0.4.0-2337318-SNAPSHOT/ratis-server-0.4.0-2337318-SNAPSHOT.jar:/home/user/.m2/repository/org/apache/ratis/ratis-thirdparty-misc/0.2.0/ratis-thirdparty-misc-0.2.0.jar:/home/user/.m2/repository/org/apache/ratis/ratis-proto/0.4.0-2337318-SNAPSHOT/ratis-proto-0.4.0-2337318-SNAPSHOT.jar:/home/user/.m2/repository/org/apache/ratis/ratis-common/0.4.0-2337318-SNAPSHOT/ratis-common-0.4.0-2337318-SNAPSHOT.jar:/home/user/.m2/repository/org/apache/ratis/ratis-client/0.4.0-2337318-SNAPSHOT/ratis-client-0.4.0-2337318-SNAPSHOT.jar:/home/user/.m2/repository/org/apache/ratis/ratis-metrics/0.4.0-2337318-SNAPSHOT/ratis-metrics-0.4.0-2337318-SNAPSHOT.jar:/home/user/.m2/repository/org/apache/ratis/ratis-netty/0.4.0-2337318-SNAPSHOT/ratis-netty-0.4.0-2337318-SNAPSHOT.jar:/home/user/.m2/repository/org/apache/ratis/ratis-grpc/0.4.0-2337318-SNAPSHOT/ratis-grpc-0.4.0-2337318-SNAPSHOT.jar:/home/user/.m2/repository/org/rocksdb/rocksdbjni/6.0.1/rocksdbjni-6.0.1.jar:/home/user/.m2/repository/org/apache/logging/log4j/log4j-api/2.11.0/log4j-api-2.11.0.jar:/home/user/.m2/repository/org/apache/logging/log4j/log4j-core/2.11.0/log4j-core-2.11.0.jar:/home/user/.m2/repository/com/lmax/disruptor/3.4.2/disruptor-3.4.2.jar:/home/user/.m2/repository/org/apache/commons/commons-pool2/2.6.0/commons-pool2-2.6.0.jar:/home/user/.m2/repository/org/bouncycastle/bcpkix-jdk15on/1.60/bcpkix-jdk15on-1.60.jar:/home/user/.m2/repository/commons-validator/commons-validator/1.6/commons-validator-1.6.jar:/home/user/.m2/repository/commons-digester/commons-digester/1.8.1/commons-digester-1.8.1.jar:/home/user/.m2/repository/io/jaegertracing/jaeger-client/0.33.1/jaeger-client-0.33.1.jar:/home/user/.m2/repository/io/jaegertracing/jaeger-thrift/0.33.1/jaeger-thrift-0.33.1.jar:/home/user/.m2/repository/org/apache/thrift/libthrift/0.11.0/libthrift-0.11.0.jar:/home/user/.m2/repository/com/squareup/okhttp3/okhttp/3.9.0/okhttp-3.9.0.jar:/home/user/.m2/repository/com/squareup/okio/okio/1.13.0/okio-1.13.0.jar:/home/user/.m2/repository/io/jaegertracing/jaeger-core/0.33.1/jaeger-core-0.33.1.jar:/home/user/.m2/repository/io/jaegertracing/jaeger-tracerresolver/0.33.1/jaeger-tracerresolver-0.33.1.jar:/home/user/.m2/repository/io/opentracing/contrib/opentracing-tracerresolver/0.1.5/opentracing-tracerresolver-0.1.5.jar:/home/user/.m2/repository/io/opentracing/opentracing-util/0.31.0/opentracing-util-0.31.0.jar:/home/user/.m2/repository/io/opentracing/opentracing-api/0.31.0/opentracing-api-0.31.0.jar:/home/user/.m2/repository/io/opentracing/opentracing-noop/0.31.0/opentracing-noop-0.31.0.jar:/home/user/.m2/repository/org/apache/hadoop/hadoop-hdds-server-framework/0.5.0-SNAPSHOT/hadoop-hdds-server-framework-0.5.0-SNAPSHOT.jar:/home/user/.m2/repository/org/apache/hadoop/hadoop-hdds-container-service/0.5.0-SNAPSHOT/hadoop-hdds-container-service-0.5.0-SNAPSHOT.jar:/home/user/.m2/repository/org/apache/hadoop/hadoop-hdds-client/0.5.0-SNAPSHOT/hadoop-hdds-client-0.5.0-SNAPSHOT.jar:/home/user/.m2/repository/org/apache/hadoop/hadoop-hdds-tools/0.5.0-SNAPSHOT/hadoop-hdds-tools-0.5.0-SNAPSHOT.jar:/home/user/.m2/repository/org/apache/hadoop/hadoop-hdds-server-scm/0.5.0-SNAPSHOT/hadoop-hdds-server-scm-0.5.0-SNAPSHOT.jar:/home/user/.m2/repository/org/apache/hadoop/hadoop-hdds-docs/0.5.0-SNAPSHOT/hadoop-hdds-docs-0.5.0-SNAPSHOT.jar:/home/user/.m2/repository/io/dropwizard/metrics/metrics-core/3.2.4/metrics-core-3.2.4.jar:/home/user/.m2/repository/org/hamcrest/hamcrest-all/1.3/hamcrest-all-1.3.jar:/home/user/.m2/repository/org/bouncycastle/bcprov-jdk15on/1.60/bcprov-jdk15on-1.60.jar:/home/user/.m2/repository/info/picocli/picocli/3.9.6/picocli-3.9.6.jar:/home/user/.m2/repository/com/google/protobuf/protobuf-java/2.5.0/protobuf-java-2.5.0.jar:/home/user/.m2/repository/com/google/guava/guava/11.0.2/guava-11.0.2.jar:/home/user/.m2/repository/org/apache/hadoop/hadoop-ozone-ozone-manager/0.5.0-SNAPSHOT/hadoop-ozone-ozone-manager-0.5.0-SNAPSHOT.jar:/home/user/.m2/repository/org/apache/hadoop/hadoop-minikdc/3.2.0/hadoop-minikdc-3.2.0.jar:/home/user/.m2/repository/commons-io/commons-io/2.5/commons-io-2.5.jar:/home/user/.m2/repository/org/apache/kerby/kerb-simplekdc/1.0.1/kerb-simplekdc-1.0.1.jar:/home/user/.m2/repository/org/apache/kerby/kerb-client/1.0.1/kerb-client-1.0.1.jar:/home/user/.m2/repository/org/apache/kerby/kerby-config/1.0.1/kerby-config-1.0.1.jar:/home/user/.m2/repository/org/apache/kerby/kerb-core/1.0.1/kerb-core-1.0.1.jar:/home/user/.m2/repository/org/apache/kerby/kerby-pkix/1.0.1/kerby-pkix-1.0.1.jar:/home/user/.m2/repository/org/apache/kerby/kerby-asn1/1.0.1/kerby-asn1-1.0.1.jar:/home/user/.m2/repository/org/apache/kerby/kerby-util/1.0.1/kerby-util-1.0.1.jar:/home/user/.m2/repository/org/apache/kerby/kerb-common/1.0.1/kerb-common-1.0.1.jar:/home/user/.m2/repository/org/apache/kerby/kerb-crypto/1.0.1/kerb-crypto-1.0.1.jar:/home/user/.m2/repository/org/apache/kerby/kerb-util/1.0.1/kerb-util-1.0.1.jar:/home/user/.m2/repository/org/apache/kerby/token-provider/1.0.1/token-provider-1.0.1.jar:/home/user/.m2/repository/org/apache/kerby/kerb-admin/1.0.1/kerb-admin-1.0.1.jar:/home/user/.m2/repository/org/apache/kerby/kerb-server/1.0.1/kerb-server-1.0.1.jar:/home/user/.m2/repository/org/apache/kerby/kerb-identity/1.0.1/kerb-identity-1.0.1.jar:/home/user/.m2/repository/org/apache/kerby/kerby-xdr/1.0.1/kerby-xdr-1.0.1.jar:/home/user/.m2/repository/org/slf4j/slf4j-log4j12/1.7.25/slf4j-log4j12-1.7.25.jar:/home/user/.m2/repository/org/apache/hadoop/hadoop-ozone-s3gateway/0.5.0-SNAPSHOT/hadoop-ozone-s3gateway-0.5.0-SNAPSHOT.jar:/home/user/.m2/repository/org/jboss/weld/servlet/weld-servlet/2.4.7.Final/weld-servlet-2.4.7.Final.jar:/home/user/.m2/repository/org/glassfish/jersey/containers/jersey-container-servlet-core/2.27/jersey-container-servlet-core-2.27.jar:/home/user/.m2/repository/org/glassfish/hk2/external/javax.inject/2.5.0-b42/javax.inject-2.5.0-b42.jar:/home/user/.m2/repository/org/glassfish/jersey/core/jersey-common/2.27/jersey-common-2.27.jar:/home/user/.m2/repository/org/glassfish/hk2/osgi-resource-locator/1.0.1/osgi-resource-locator-1.0.1.jar:/home/user/.m2/repository/javax/ws/rs/javax.ws.rs-api/2.1/javax.ws.rs-api-2.1.jar:/home/user/.m2/repository/org/glassfish/jersey/ext/cdi/jersey-cdi1x/2.27/jersey-cdi1x-2.27.jar:/home/user/.m2/repository/org/glassfish/jersey/inject/jersey-hk2/2.27/jersey-hk2-2.27.jar:/home/user/.m2/repository/org/glassfish/hk2/hk2-locator/2.5.0-b42/hk2-locator-2.5.0-b42.jar:/home/user/.m2/repository/org/javassist/javassist/3.22.0-CR2/javassist-3.22.0-CR2.jar:/home/user/.m2/repository/org/glassfish/hk2/hk2-api/2.5.0/hk2-api-2.5.0.jar:/home/user/.m2/repository/org/glassfish/hk2/external/jakarta.inject/2.5.0/jakarta.inject-2.5.0.jar:/home/user/.m2/repository/org/glassfish/hk2/hk2-utils/2.5.0/hk2-utils-2.5.0.jar:/home/user/.m2/repository/jakarta/annotation/jakarta.annotation-api/1.3.4/jakarta.annotation-api-1.3.4.jar:/home/user/.m2/repository/org/glassfish/hk2/external/aopalliance-repackaged/2.5.0/aopalliance-repackaged-2.5.0.jar:/home/user/.m2/repository/com/fasterxml/jackson/dataformat/jackson-dataformat-xml/2.9.0/jackson-dataformat-xml-2.9.0.jar:/home/user/.m2/repository/com/fasterxml/jackson/core/jackson-core/2.9.5/jackson-core-2.9.5.jar:/home/user/.m2/repository/com/fasterxml/jackson/module/jackson-module-jaxb-annotations/2.9.5/jackson-module-jaxb-annotations-2.9.5.jar:/home/user/.m2/repository/javax/enterprise/cdi-api/1.2/cdi-api-1.2.jar:/home/user/.m2/repository/javax/el/javax.el-api/3.0.0/javax.el-api-3.0.0.jar:/home/user/.m2/repository/javax/interceptor/javax.interceptor-api/1.2/javax.interceptor-api-1.2.jar:/home/user/.m2/repository/javax/inject/javax.inject/1/javax.inject-1.jar:/home/user/.m2/repository/com/sun/xml/bind/jaxb-impl/2.3.0.1/jaxb-impl-2.3.0.1.jar:/home/user/.m2/repository/com/sun/xml/bind/jaxb-core/2.3.0.1/jaxb-core-2.3.0.1.jar:/home/user/.m2/repository/javax/xml/bind/jaxb-api/2.3.0/jaxb-api-2.3.0.jar:/home/user/.m2/repository/javax/activation/activation/1.1.1/activation-1.1.1.jar:/home/user/.m2/repository/org/apache/hadoop/hadoop-ozone-csi/0.5.0-SNAPSHOT/hadoop-ozone-csi-0.5.0-SNAPSHOT.jar:/home/user/.m2/repository/com/google/protobuf/protobuf-java-util/3.5.1/protobuf-java-util-3.5.1.jar:/home/user/.m2/repository/org/apache/hadoop/hadoop-hdds-config/0.5.0-SNAPSHOT/hadoop-hdds-config-0.5.0-SNAPSHOT.jar:/home/user/.m2/repository/io/grpc/grpc-netty/1.17.1/grpc-netty-1.17.1.jar:/home/user/.m2/repository/io/grpc/grpc-core/1.17.1/grpc-core-1.17.1.jar:/home/user/.m2/repository/io/grpc/grpc-context/1.17.1/grpc-context-1.17.1.jar:/home/user/.m2/repository/com/google/errorprone/error_prone_annotations/2.2.0/error_prone_annotations-2.2.0.jar:/home/user/.m2/repository/org/codehaus/mojo/animal-sniffer-annotations/1.17/animal-sniffer-annotations-1.17.jar:/home/user/.m2/repository/io/opencensus/opencensus-api/0.17.0/opencensus-api-0.17.0.jar:/home/user/.m2/repository/io/opencensus/opencensus-contrib-grpc-metrics/0.17.0/opencensus-contrib-grpc-metrics-0.17.0.jar:/home/user/.m2/repository/io/netty/netty-codec-http2/4.1.30.Final/netty-codec-http2-4.1.30.Final.jar:/home/user/.m2/repository/io/netty/netty-codec-http/4.1.30.Final/netty-codec-http-4.1.30.Final.jar:/home/user/.m2/repository/io/netty/netty-codec/4.1.30.Final/netty-codec-4.1.30.Final.jar:/home/user/.m2/repository/io/netty/netty-handler/4.1.30.Final/netty-handler-4.1.30.Final.jar:/home/user/.m2/repository/io/netty/netty-handler-proxy/4.1.30.Final/netty-handler-proxy-4.1.30.Final.jar:/home/user/.m2/repository/io/netty/netty-codec-socks/4.1.30.Final/netty-codec-socks-4.1.30.Final.jar:/home/user/.m2/repository/io/netty/netty-transport-native-epoll/4.1.30.Final/netty-transport-native-epoll-4.1.30.Final.jar:/home/user/.m2/repository/io/netty/netty-common/4.1.30.Final/netty-common-4.1.30.Final.jar:/home/user/.m2/repository/io/netty/netty-buffer/4.1.30.Final/netty-buffer-4.1.30.Final.jar:/home/user/.m2/repository/io/netty/netty-transport/4.1.30.Final/netty-transport-4.1.30.Final.jar:/home/user/.m2/repository/io/netty/netty-resolver/4.1.30.Final/netty-resolver-4.1.30.Final.jar:/home/user/.m2/repository/io/netty/netty-transport-native-unix-common/4.1.30.Final/netty-transport-native-unix-common-4.1.30.Final.jar:/home/user/.m2/repository/io/grpc/grpc-protobuf/1.17.1/grpc-protobuf-1.17.1.jar:/home/user/.m2/repository/com/google/api/grpc/proto-google-common-protos/1.0.0/proto-google-common-protos-1.0.0.jar:/home/user/.m2/repository/io/grpc/grpc-protobuf-lite/1.17.1/grpc-protobuf-lite-1.17.1.jar:/home/user/.m2/repository/io/grpc/grpc-stub/1.17.1/grpc-stub-1.17.1.jar:/home/user/.m2/repository/org/apache/hadoop/hadoop-ozone-recon/0.5.0-SNAPSHOT/hadoop-ozone-recon-0.5.0-SNAPSHOT.jar:/home/user/.m2/repository/org/apache/hadoop/hadoop-ozone-reconcodegen/0.5.0-SNAPSHOT/hadoop-ozone-reconcodegen-0.5.0-SNAPSHOT.jar:/home/user/.m2/repository/com/google/inject/extensions/guice-multibindings/4.0/guice-multibindings-4.0.jar:/home/user/.m2/repository/com/google/inject/guice/4.0/guice-4.0.jar:/home/user/.m2/repository/aopalliance/aopalliance/1.0/aopalliance-1.0.jar:/home/user/.m2/repository/com/google/inject/extensions/guice-servlet/4.0/guice-servlet-4.0.jar:/home/user/.m2/repository/org/glassfish/jersey/containers/jersey-container-servlet/2.27/jersey-container-servlet-2.27.jar:/home/user/.m2/repository/org/glassfish/hk2/guice-bridge/2.5.0/guice-bridge-2.5.0.jar:/home/user/.m2/repository/org/glassfish/jersey/core/jersey-server/2.27/jersey-server-2.27.jar:/home/user/.m2/repository/org/glassfish/jersey/core/jersey-client/2.27/jersey-client-2.27.jar:/home/user/.m2/repository/org/glassfish/jersey/media/jersey-media-jaxb/2.27/jersey-media-jaxb-2.27.jar:/home/user/.m2/repository/javax/validation/validation-api/1.1.0.Final/validation-api-1.1.0.Final.jar:/home/user/.m2/repository/org/glassfish/jersey/media/jersey-media-json-jackson/2.27/jersey-media-json-jackson-2.27.jar:/home/user/.m2/repository/org/glassfish/jersey/ext/jersey-entity-filtering/2.27/jersey-entity-filtering-2.27.jar:/home/user/.m2/repository/com/google/inject/extensions/guice-assistedinject/4.0/guice-assistedinject-4.0.jar:/home/user/.m2/repository/org/jooq/jooq/3.11.10/jooq-3.11.10.jar:/home/user/.m2/repository/org/jooq/jooq-meta/3.11.10/jooq-meta-3.11.10.jar:/home/user/.m2/repository/org/jooq/jooq-codegen/3.11.10/jooq-codegen-3.11.10.jar:/home/user/.m2/repository/com/jolbox/bonecp/0.8.0.RELEASE/bonecp-0.8.0.RELEASE.jar:/home/user/.m2/repository/org/xerial/sqlite-jdbc/3.25.2/sqlite-jdbc-3.25.2.jar:/home/user/.m2/repository/org/springframework/spring-jdbc/5.1.3.RELEASE/spring-jdbc-5.1.3.RELEASE.jar:/home/user/.m2/repository/org/springframework/spring-beans/5.1.3.RELEASE/spring-beans-5.1.3.RELEASE.jar:/home/user/.m2/repository/org/springframework/spring-core/5.1.3.RELEASE/spring-core-5.1.3.RELEASE.jar:/home/user/.m2/repository/org/springframework/spring-jcl/5.1.3.RELEASE/spring-jcl-5.1.3.RELEASE.jar:/home/user/.m2/repository/org/springframework/spring-tx/5.1.3.RELEASE/spring-tx-5.1.3.RELEASE.jar:/home/user/.m2/repository/org/apache/hadoop/hadoop-ozone-client/0.5.0-SNAPSHOT/hadoop-ozone-client-0.5.0-SNAPSHOT.jar:/home/user/.m2/repository/commons-lang/commons-lang/2.6/commons-lang-2.6.jar:/home/user/.m2/repository/org/apache/hadoop/hadoop-ozone-ozone-manager/0.5.0-SNAPSHOT/hadoop-ozone-ozone-manager-0.5.0-SNAPSHOT-tests.jar:/home/user/.m2/repository/junit/junit/4.11/junit-4.11.jar:/home/user/.m2/repository/org/hamcrest/hamcrest-core/1.3/hamcrest-core-1.3.jar:/home/user/.m2/repository/org/openjdk/jmh/jmh-core/1.19/jmh-core-1.19.jar:/home/user/.m2/repository/net/sf/jopt-simple/jopt-simple/4.6/jopt-simple-4.6.jar:/home/user/.m2/repository/org/apache/commons/commons-math3/3.1.1/commons-math3-3.1.1.jar:/home/user/.m2/repository/org/openjdk/jmh/jmh-generator-annprocess/1.19/jmh-generator-annprocess-1.19.jar:/home/user/.m2/repository/org/mockito/mockito-all/1.8.5/mockito-all-1.8.5.jar:/home/user/.m2/repository/org/apache/hadoop/hadoop-kms/3.2.0/hadoop-kms-3.2.0.jar:/home/user/.m2/repository/org/apache/hadoop/hadoop-auth/3.2.0/hadoop-auth-3.2.0.jar:/home/user/.m2/repository/com/nimbusds/nimbus-jose-jwt/4.41.1/nimbus-jose-jwt-4.41.1.jar:/home/user/.m2/repository/com/github/stephenc/jcip/jcip-annotations/1.0-1/jcip-annotations-1.0-1.jar:/home/user/.m2/repository/net/minidev/json-smart/2.3/json-smart-2.3.jar:/home/user/.m2/repository/net/minidev/accessors-smart/1.2/accessors-smart-1.2.jar:/home/user/.m2/repository/org/ow2/asm/asm/5.0.4/asm-5.0.4.jar:/home/user/.m2/repository/org/apache/curator/curator-framework/2.12.0/curator-framework-2.12.0.jar:/home/user/.m2/repository/com/sun/jersey/jersey-core/1.19/jersey-core-1.19.jar:/home/user/.m2/repository/javax/ws/rs/jsr311-api/1.1.1/jsr311-api-1.1.1.jar:/home/user/.m2/repository/com/sun/jersey/jersey-server/1.19/jersey-server-1.19.jar:/home/user/.m2/repository/javax/servlet/javax.servlet-api/3.1.0/javax.servlet-api-3.1.0.jar:/home/user/.m2/repository/org/eclipse/jetty/jetty-server/9.3.24.v20180605/jetty-server-9.3.24.v20180605.jar:/home/user/.m2/repository/org/eclipse/jetty/jetty-http/9.3.24.v20180605/jetty-http-9.3.24.v20180605.jar:/home/user/.m2/repository/org/eclipse/jetty/jetty-io/9.3.24.v20180605/jetty-io-9.3.24.v20180605.jar:/home/user/.m2/repository/org/eclipse/jetty/jetty-webapp/9.3.24.v20180605/jetty-webapp-9.3.24.v20180605.jar:/home/user/.m2/repository/org/eclipse/jetty/jetty-xml/9.3.24.v20180605/jetty-xml-9.3.24.v20180605.jar:/home/user/.m2/repository/log4j/log4j/1.2.17/log4j-1.2.17.jar:/home/user/.m2/repository/org/slf4j/slf4j-api/1.7.25/slf4j-api-1.7.25.jar:/home/user/.m2/repository/org/slf4j/jul-to-slf4j/1.7.25/jul-to-slf4j-1.7.25.jar:/home/user/.m2/repository/org/eclipse/jetty/jetty-util/9.3.24.v20180605/jetty-util-9.3.24.v20180605.jar:/home/user/.m2/repository/com/fasterxml/jackson/core/jackson-databind/2.9.5/jackson-databind-2.9.5.jar:/home/user/.m2/repository/org/apache/hadoop/hadoop-kms/3.2.0/hadoop-kms-3.2.0-tests.jar:/home/user/.m2/repository/org/apache/hadoop/hadoop-hdds-server-scm/0.5.0-SNAPSHOT/hadoop-hdds-server-scm-0.5.0-SNAPSHOT-tests.jar:/home/user/.m2/repository/org/apache/hadoop/hadoop-hdds-container-service/0.5.0-SNAPSHOT/hadoop-hdds-container-service-0.5.0-SNAPSHOT-tests.jar:/home/user/.m2/repository/org/yaml/snakeyaml/1.16/snakeyaml-1.16.jar:/home/user/.m2/repository/org/apache/hadoop/hadoop-common/3.2.0/hadoop-common-3.2.0-tests.jar:/home/user/.m2/repository/org/apache/hadoop/hadoop-annotations/3.2.0/hadoop-annotations-3.2.0.jar:/usr/lib/jvm/java-1.8-openjdk/jre/../lib/tools.jar:/home/user/.m2/repository/commons-cli/commons-cli/1.2/commons-cli-1.2.jar:/home/user/.m2/repository/org/apache/httpcomponents/httpclient/4.5.2/httpclient-4.5.2.jar:/home/user/.m2/repository/org/apache/httpcomponents/httpcore/4.4.4/httpcore-4.4.4.jar:/home/user/.m2/repository/commons-codec/commons-codec/1.11/commons-codec-1.11.jar:/home/user/.m2/repository/commons-net/commons-net/3.6/commons-net-3.6.jar:/home/user/.m2/repository/commons-collections/commons-collections/3.2.2/commons-collections-3.2.2.jar:/home/user/.m2/repository/org/eclipse/jetty/jetty-servlet/9.3.24.v20180605/jetty-servlet-9.3.24.v20180605.jar:/home/user/.m2/repository/org/eclipse/jetty/jetty-security/9.3.24.v20180605/jetty-security-9.3.24.v20180605.jar:/home/user/.m2/repository/javax/servlet/jsp/jsp-api/2.1/jsp-api-2.1.jar:/home/user/.m2/repository/com/sun/jersey/jersey-servlet/1.19/jersey-servlet-1.19.jar:/home/user/.m2/repository/com/sun/jersey/jersey-json/1.19/jersey-json-1.19.jar:/home/user/.m2/repository/org/codehaus/jettison/jettison/1.1/jettison-1.1.jar:/home/user/.m2/repository/org/codehaus/jackson/jackson-core-asl/1.9.13/jackson-core-asl-1.9.13.jar:/home/user/.m2/repository/org/codehaus/jackson/jackson-mapper-asl/1.9.13/jackson-mapper-asl-1.9.13.jar:/home/user/.m2/repository/org/codehaus/jackson/jackson-jaxrs/1.9.13/jackson-jaxrs-1.9.13.jar:/home/user/.m2/repository/org/codehaus/jackson/jackson-xc/1.9.13/jackson-xc-1.9.13.jar:/home/user/.m2/repository/commons-logging/commons-logging/1.1.3/commons-logging-1.1.3.jar:/home/user/.m2/repository/commons-beanutils/commons-beanutils/1.9.3/commons-beanutils-1.9.3.jar:/home/user/.m2/repository/org/apache/commons/commons-configuration2/2.1.1/commons-configuration2-2.1.1.jar:/home/user/.m2/repository/org/apache/commons/commons-lang3/3.7/commons-lang3-3.7.jar:/home/user/.m2/repository/org/apache/commons/commons-text/1.4/commons-text-1.4.jar:/home/user/.m2/repository/org/apache/avro/avro/1.7.7/avro-1.7.7.jar:/home/user/.m2/repository/com/thoughtworks/paranamer/paranamer/2.3/paranamer-2.3.jar:/home/user/.m2/repository/org/xerial/snappy/snappy-java/1.0.5/snappy-java-1.0.5.jar:/home/user/.m2/repository/com/google/re2j/re2j/1.1/re2j-1.1.jar:/home/user/.m2/repository/com/google/code/gson/gson/2.2.4/gson-2.2.4.jar:/home/user/.m2/repository/com/jcraft/jsch/0.1.54/jsch-0.1.54.jar:/home/user/.m2/repository/org/apache/curator/curator-client/2.12.0/curator-client-2.12.0.jar:/home/user/.m2/repository/org/apache/curator/curator-recipes/2.12.0/curator-recipes-2.12.0.jar:/home/user/.m2/repository/com/google/code/findbugs/jsr305/3.0.0/jsr305-3.0.0.jar:/home/user/.m2/repository/org/apache/htrace/htrace-core4/4.1.0-incubating/htrace-core4-4.1.0-incubating.jar:/home/user/.m2/repository/org/apache/zookeeper/zookeeper/3.4.13/zookeeper-3.4.13.jar:/home/user/.m2/repository/org/apache/yetus/audience-annotations/0.5.0/audience-annotations-0.5.0.jar:/home/user/.m2/repository/org/codehaus/woodstox/stax2-api/3.1.4/stax2-api-3.1.4.jar:/home/user/.m2/repository/com/fasterxml/woodstox/woodstox-core/5.0.3/woodstox-core-5.0.3.jar:/home/user/.m2/repository/dnsjava/dnsjava/2.1.7/dnsjava-2.1.7.jar:/home/user/.m2/repository/org/apache/hadoop/hadoop-hdfs/3.2.0/hadoop-hdfs-3.2.0-tests.jar:/home/user/.m2/repository/org/eclipse/jetty/jetty-util-ajax/9.3.24.v20180605/jetty-util-ajax-9.3.24.v20180605.jar:/home/user/.m2/repository/commons-daemon/commons-daemon/1.0.13/commons-daemon-1.0.13.jar:/home/user/.m2/repository/io/netty/netty/3.10.5.Final/netty-3.10.5.Final.jar:/home/user/.m2/repository/io/netty/netty-all/4.0.52.Final/netty-all-4.0.52.Final.jar:/home/user/.m2/repository/org/fusesource/leveldbjni/leveldbjni-all/1.8/leveldbjni-all-1.8.jar:"/>
    <property name="java.vm.vendor" value="IcedTea"/>
    <property name="sun.arch.data.model" value="64"/>
    <property name="test.build.dir" value="/workdir/hadoop-ozone/integration-test/target/test-dir"/>
    <property name="test.cache.data" value=""/>
    <property name="java.vendor.url" value="https://icedtea.classpath.org"/>
    <property name="user.timezone" value=""/>
    <property name="java.vm.specification.version" value="1.8"/>
    <property name="os.name" value="Linux"/>
    <property name="test.build.data" value="/workdir/hadoop-ozone/integration-test/target/test-dir"/>
    <property name="user.country" value="US"/>
    <property name="sun.java.launcher" value="SUN_STANDARD"/>
    <property name="sun.boot.library.path" value="/usr/lib/jvm/java-1.8-openjdk/jre/lib/amd64"/>
    <property name="sun.java.command" value="/workdir/hadoop-ozone/integration-test/target/surefire/surefirebooter3600943950446540049.jar /workdir/hadoop-ozone/integration-test/target/surefire 2019-09-02T17-07-50_230-jvmRun1 surefire8502425406818137172tmp surefire_164897820965540609425tmp"/>
    <property name="test" value="!TestMiniChaosOzoneCluster"/>
    <property name="surefire.test.class.path" value="/workdir/hadoop-ozone/integration-test/target/test-classes:/workdir/hadoop-ozone/integration-test/target/classes:/home/user/.m2/repository/org/apache/hadoop/hadoop-ozone-common/0.5.0-SNAPSHOT/hadoop-ozone-common-0.5.0-SNAPSHOT.jar:/home/user/.m2/repository/org/apache/commons/commons-compress/1.4.1/commons-compress-1.4.1.jar:/home/user/.m2/repository/org/tukaani/xz/1.0/xz-1.0.jar:/home/user/.m2/repository/org/apache/hadoop/hadoop-common/3.2.0/hadoop-common-3.2.0.jar:/home/user/.m2/repository/org/apache/hadoop/hadoop-hdfs/3.2.0/hadoop-hdfs-3.2.0.jar:/home/user/.m2/repository/org/apache/hadoop/hadoop-hdfs-client/3.2.0/hadoop-hdfs-client-3.2.0.jar:/home/user/.m2/repository/com/fasterxml/jackson/core/jackson-annotations/2.9.5/jackson-annotations-2.9.5.jar:/home/user/.m2/repository/org/apache/hadoop/hadoop-hdds-common/0.5.0-SNAPSHOT/hadoop-hdds-common-0.5.0-SNAPSHOT.jar:/home/user/.m2/repository/javax/annotation/javax.annotation-api/1.2/javax.annotation-api-1.2.jar:/home/user/.m2/repository/org/apache/ratis/ratis-server/0.4.0-2337318-SNAPSHOT/ratis-server-0.4.0-2337318-SNAPSHOT.jar:/home/user/.m2/repository/org/apache/ratis/ratis-thirdparty-misc/0.2.0/ratis-thirdparty-misc-0.2.0.jar:/home/user/.m2/repository/org/apache/ratis/ratis-proto/0.4.0-2337318-SNAPSHOT/ratis-proto-0.4.0-2337318-SNAPSHOT.jar:/home/user/.m2/repository/org/apache/ratis/ratis-common/0.4.0-2337318-SNAPSHOT/ratis-common-0.4.0-2337318-SNAPSHOT.jar:/home/user/.m2/repository/org/apache/ratis/ratis-client/0.4.0-2337318-SNAPSHOT/ratis-client-0.4.0-2337318-SNAPSHOT.jar:/home/user/.m2/repository/org/apache/ratis/ratis-metrics/0.4.0-2337318-SNAPSHOT/ratis-metrics-0.4.0-2337318-SNAPSHOT.jar:/home/user/.m2/repository/org/apache/ratis/ratis-netty/0.4.0-2337318-SNAPSHOT/ratis-netty-0.4.0-2337318-SNAPSHOT.jar:/home/user/.m2/repository/org/apache/ratis/ratis-grpc/0.4.0-2337318-SNAPSHOT/ratis-grpc-0.4.0-2337318-SNAPSHOT.jar:/home/user/.m2/repository/org/rocksdb/rocksdbjni/6.0.1/rocksdbjni-6.0.1.jar:/home/user/.m2/repository/org/apache/logging/log4j/log4j-api/2.11.0/log4j-api-2.11.0.jar:/home/user/.m2/repository/org/apache/logging/log4j/log4j-core/2.11.0/log4j-core-2.11.0.jar:/home/user/.m2/repository/com/lmax/disruptor/3.4.2/disruptor-3.4.2.jar:/home/user/.m2/repository/org/apache/commons/commons-pool2/2.6.0/commons-pool2-2.6.0.jar:/home/user/.m2/repository/org/bouncycastle/bcpkix-jdk15on/1.60/bcpkix-jdk15on-1.60.jar:/home/user/.m2/repository/commons-validator/commons-validator/1.6/commons-validator-1.6.jar:/home/user/.m2/repository/commons-digester/commons-digester/1.8.1/commons-digester-1.8.1.jar:/home/user/.m2/repository/io/jaegertracing/jaeger-client/0.33.1/jaeger-client-0.33.1.jar:/home/user/.m2/repository/io/jaegertracing/jaeger-thrift/0.33.1/jaeger-thrift-0.33.1.jar:/home/user/.m2/repository/org/apache/thrift/libthrift/0.11.0/libthrift-0.11.0.jar:/home/user/.m2/repository/com/squareup/okhttp3/okhttp/3.9.0/okhttp-3.9.0.jar:/home/user/.m2/repository/com/squareup/okio/okio/1.13.0/okio-1.13.0.jar:/home/user/.m2/repository/io/jaegertracing/jaeger-core/0.33.1/jaeger-core-0.33.1.jar:/home/user/.m2/repository/io/jaegertracing/jaeger-tracerresolver/0.33.1/jaeger-tracerresolver-0.33.1.jar:/home/user/.m2/repository/io/opentracing/contrib/opentracing-tracerresolver/0.1.5/opentracing-tracerresolver-0.1.5.jar:/home/user/.m2/repository/io/opentracing/opentracing-util/0.31.0/opentracing-util-0.31.0.jar:/home/user/.m2/repository/io/opentracing/opentracing-api/0.31.0/opentracing-api-0.31.0.jar:/home/user/.m2/repository/io/opentracing/opentracing-noop/0.31.0/opentracing-noop-0.31.0.jar:/home/user/.m2/repository/org/apache/hadoop/hadoop-hdds-server-framework/0.5.0-SNAPSHOT/hadoop-hdds-server-framework-0.5.0-SNAPSHOT.jar:/home/user/.m2/repository/org/apache/hadoop/hadoop-hdds-container-service/0.5.0-SNAPSHOT/hadoop-hdds-container-service-0.5.0-SNAPSHOT.jar:/home/user/.m2/repository/org/apache/hadoop/hadoop-hdds-client/0.5.0-SNAPSHOT/hadoop-hdds-client-0.5.0-SNAPSHOT.jar:/home/user/.m2/repository/org/apache/hadoop/hadoop-hdds-tools/0.5.0-SNAPSHOT/hadoop-hdds-tools-0.5.0-SNAPSHOT.jar:/home/user/.m2/repository/org/apache/hadoop/hadoop-hdds-server-scm/0.5.0-SNAPSHOT/hadoop-hdds-server-scm-0.5.0-SNAPSHOT.jar:/home/user/.m2/repository/org/apache/hadoop/hadoop-hdds-docs/0.5.0-SNAPSHOT/hadoop-hdds-docs-0.5.0-SNAPSHOT.jar:/home/user/.m2/repository/io/dropwizard/metrics/metrics-core/3.2.4/metrics-core-3.2.4.jar:/home/user/.m2/repository/org/hamcrest/hamcrest-all/1.3/hamcrest-all-1.3.jar:/home/user/.m2/repository/org/bouncycastle/bcprov-jdk15on/1.60/bcprov-jdk15on-1.60.jar:/home/user/.m2/repository/info/picocli/picocli/3.9.6/picocli-3.9.6.jar:/home/user/.m2/repository/com/google/protobuf/protobuf-java/2.5.0/protobuf-java-2.5.0.jar:/home/user/.m2/repository/com/google/guava/guava/11.0.2/guava-11.0.2.jar:/home/user/.m2/repository/org/apache/hadoop/hadoop-ozone-ozone-manager/0.5.0-SNAPSHOT/hadoop-ozone-ozone-manager-0.5.0-SNAPSHOT.jar:/home/user/.m2/repository/org/apache/hadoop/hadoop-minikdc/3.2.0/hadoop-minikdc-3.2.0.jar:/home/user/.m2/repository/commons-io/commons-io/2.5/commons-io-2.5.jar:/home/user/.m2/repository/org/apache/kerby/kerb-simplekdc/1.0.1/kerb-simplekdc-1.0.1.jar:/home/user/.m2/repository/org/apache/kerby/kerb-client/1.0.1/kerb-client-1.0.1.jar:/home/user/.m2/repository/org/apache/kerby/kerby-config/1.0.1/kerby-config-1.0.1.jar:/home/user/.m2/repository/org/apache/kerby/kerb-core/1.0.1/kerb-core-1.0.1.jar:/home/user/.m2/repository/org/apache/kerby/kerby-pkix/1.0.1/kerby-pkix-1.0.1.jar:/home/user/.m2/repository/org/apache/kerby/kerby-asn1/1.0.1/kerby-asn1-1.0.1.jar:/home/user/.m2/repository/org/apache/kerby/kerby-util/1.0.1/kerby-util-1.0.1.jar:/home/user/.m2/repository/org/apache/kerby/kerb-common/1.0.1/kerb-common-1.0.1.jar:/home/user/.m2/repository/org/apache/kerby/kerb-crypto/1.0.1/kerb-crypto-1.0.1.jar:/home/user/.m2/repository/org/apache/kerby/kerb-util/1.0.1/kerb-util-1.0.1.jar:/home/user/.m2/repository/org/apache/kerby/token-provider/1.0.1/token-provider-1.0.1.jar:/home/user/.m2/repository/org/apache/kerby/kerb-admin/1.0.1/kerb-admin-1.0.1.jar:/home/user/.m2/repository/org/apache/kerby/kerb-server/1.0.1/kerb-server-1.0.1.jar:/home/user/.m2/repository/org/apache/kerby/kerb-identity/1.0.1/kerb-identity-1.0.1.jar:/home/user/.m2/repository/org/apache/kerby/kerby-xdr/1.0.1/kerby-xdr-1.0.1.jar:/home/user/.m2/repository/org/slf4j/slf4j-log4j12/1.7.25/slf4j-log4j12-1.7.25.jar:/home/user/.m2/repository/org/apache/hadoop/hadoop-ozone-s3gateway/0.5.0-SNAPSHOT/hadoop-ozone-s3gateway-0.5.0-SNAPSHOT.jar:/home/user/.m2/repository/org/jboss/weld/servlet/weld-servlet/2.4.7.Final/weld-servlet-2.4.7.Final.jar:/home/user/.m2/repository/org/glassfish/jersey/containers/jersey-container-servlet-core/2.27/jersey-container-servlet-core-2.27.jar:/home/user/.m2/repository/org/glassfish/hk2/external/javax.inject/2.5.0-b42/javax.inject-2.5.0-b42.jar:/home/user/.m2/repository/org/glassfish/jersey/core/jersey-common/2.27/jersey-common-2.27.jar:/home/user/.m2/repository/org/glassfish/hk2/osgi-resource-locator/1.0.1/osgi-resource-locator-1.0.1.jar:/home/user/.m2/repository/javax/ws/rs/javax.ws.rs-api/2.1/javax.ws.rs-api-2.1.jar:/home/user/.m2/repository/org/glassfish/jersey/ext/cdi/jersey-cdi1x/2.27/jersey-cdi1x-2.27.jar:/home/user/.m2/repository/org/glassfish/jersey/inject/jersey-hk2/2.27/jersey-hk2-2.27.jar:/home/user/.m2/repository/org/glassfish/hk2/hk2-locator/2.5.0-b42/hk2-locator-2.5.0-b42.jar:/home/user/.m2/repository/org/javassist/javassist/3.22.0-CR2/javassist-3.22.0-CR2.jar:/home/user/.m2/repository/org/glassfish/hk2/hk2-api/2.5.0/hk2-api-2.5.0.jar:/home/user/.m2/repository/org/glassfish/hk2/external/jakarta.inject/2.5.0/jakarta.inject-2.5.0.jar:/home/user/.m2/repository/org/glassfish/hk2/hk2-utils/2.5.0/hk2-utils-2.5.0.jar:/home/user/.m2/repository/jakarta/annotation/jakarta.annotation-api/1.3.4/jakarta.annotation-api-1.3.4.jar:/home/user/.m2/repository/org/glassfish/hk2/external/aopalliance-repackaged/2.5.0/aopalliance-repackaged-2.5.0.jar:/home/user/.m2/repository/com/fasterxml/jackson/dataformat/jackson-dataformat-xml/2.9.0/jackson-dataformat-xml-2.9.0.jar:/home/user/.m2/repository/com/fasterxml/jackson/core/jackson-core/2.9.5/jackson-core-2.9.5.jar:/home/user/.m2/repository/com/fasterxml/jackson/module/jackson-module-jaxb-annotations/2.9.5/jackson-module-jaxb-annotations-2.9.5.jar:/home/user/.m2/repository/javax/enterprise/cdi-api/1.2/cdi-api-1.2.jar:/home/user/.m2/repository/javax/el/javax.el-api/3.0.0/javax.el-api-3.0.0.jar:/home/user/.m2/repository/javax/interceptor/javax.interceptor-api/1.2/javax.interceptor-api-1.2.jar:/home/user/.m2/repository/javax/inject/javax.inject/1/javax.inject-1.jar:/home/user/.m2/repository/com/sun/xml/bind/jaxb-impl/2.3.0.1/jaxb-impl-2.3.0.1.jar:/home/user/.m2/repository/com/sun/xml/bind/jaxb-core/2.3.0.1/jaxb-core-2.3.0.1.jar:/home/user/.m2/repository/javax/xml/bind/jaxb-api/2.3.0/jaxb-api-2.3.0.jar:/home/user/.m2/repository/javax/activation/activation/1.1.1/activation-1.1.1.jar:/home/user/.m2/repository/org/apache/hadoop/hadoop-ozone-csi/0.5.0-SNAPSHOT/hadoop-ozone-csi-0.5.0-SNAPSHOT.jar:/home/user/.m2/repository/com/google/protobuf/protobuf-java-util/3.5.1/protobuf-java-util-3.5.1.jar:/home/user/.m2/repository/org/apache/hadoop/hadoop-hdds-config/0.5.0-SNAPSHOT/hadoop-hdds-config-0.5.0-SNAPSHOT.jar:/home/user/.m2/repository/io/grpc/grpc-netty/1.17.1/grpc-netty-1.17.1.jar:/home/user/.m2/repository/io/grpc/grpc-core/1.17.1/grpc-core-1.17.1.jar:/home/user/.m2/repository/io/grpc/grpc-context/1.17.1/grpc-context-1.17.1.jar:/home/user/.m2/repository/com/google/errorprone/error_prone_annotations/2.2.0/error_prone_annotations-2.2.0.jar:/home/user/.m2/repository/org/codehaus/mojo/animal-sniffer-annotations/1.17/animal-sniffer-annotations-1.17.jar:/home/user/.m2/repository/io/opencensus/opencensus-api/0.17.0/opencensus-api-0.17.0.jar:/home/user/.m2/repository/io/opencensus/opencensus-contrib-grpc-metrics/0.17.0/opencensus-contrib-grpc-metrics-0.17.0.jar:/home/user/.m2/repository/io/netty/netty-codec-http2/4.1.30.Final/netty-codec-http2-4.1.30.Final.jar:/home/user/.m2/repository/io/netty/netty-codec-http/4.1.30.Final/netty-codec-http-4.1.30.Final.jar:/home/user/.m2/repository/io/netty/netty-codec/4.1.30.Final/netty-codec-4.1.30.Final.jar:/home/user/.m2/repository/io/netty/netty-handler/4.1.30.Final/netty-handler-4.1.30.Final.jar:/home/user/.m2/repository/io/netty/netty-handler-proxy/4.1.30.Final/netty-handler-proxy-4.1.30.Final.jar:/home/user/.m2/repository/io/netty/netty-codec-socks/4.1.30.Final/netty-codec-socks-4.1.30.Final.jar:/home/user/.m2/repository/io/netty/netty-transport-native-epoll/4.1.30.Final/netty-transport-native-epoll-4.1.30.Final.jar:/home/user/.m2/repository/io/netty/netty-common/4.1.30.Final/netty-common-4.1.30.Final.jar:/home/user/.m2/repository/io/netty/netty-buffer/4.1.30.Final/netty-buffer-4.1.30.Final.jar:/home/user/.m2/repository/io/netty/netty-transport/4.1.30.Final/netty-transport-4.1.30.Final.jar:/home/user/.m2/repository/io/netty/netty-resolver/4.1.30.Final/netty-resolver-4.1.30.Final.jar:/home/user/.m2/repository/io/netty/netty-transport-native-unix-common/4.1.30.Final/netty-transport-native-unix-common-4.1.30.Final.jar:/home/user/.m2/repository/io/grpc/grpc-protobuf/1.17.1/grpc-protobuf-1.17.1.jar:/home/user/.m2/repository/com/google/api/grpc/proto-google-common-protos/1.0.0/proto-google-common-protos-1.0.0.jar:/home/user/.m2/repository/io/grpc/grpc-protobuf-lite/1.17.1/grpc-protobuf-lite-1.17.1.jar:/home/user/.m2/repository/io/grpc/grpc-stub/1.17.1/grpc-stub-1.17.1.jar:/home/user/.m2/repository/org/apache/hadoop/hadoop-ozone-recon/0.5.0-SNAPSHOT/hadoop-ozone-recon-0.5.0-SNAPSHOT.jar:/home/user/.m2/repository/org/apache/hadoop/hadoop-ozone-reconcodegen/0.5.0-SNAPSHOT/hadoop-ozone-reconcodegen-0.5.0-SNAPSHOT.jar:/home/user/.m2/repository/com/google/inject/extensions/guice-multibindings/4.0/guice-multibindings-4.0.jar:/home/user/.m2/repository/com/google/inject/guice/4.0/guice-4.0.jar:/home/user/.m2/repository/aopalliance/aopalliance/1.0/aopalliance-1.0.jar:/home/user/.m2/repository/com/google/inject/extensions/guice-servlet/4.0/guice-servlet-4.0.jar:/home/user/.m2/repository/org/glassfish/jersey/containers/jersey-container-servlet/2.27/jersey-container-servlet-2.27.jar:/home/user/.m2/repository/org/glassfish/hk2/guice-bridge/2.5.0/guice-bridge-2.5.0.jar:/home/user/.m2/repository/org/glassfish/jersey/core/jersey-server/2.27/jersey-server-2.27.jar:/home/user/.m2/repository/org/glassfish/jersey/core/jersey-client/2.27/jersey-client-2.27.jar:/home/user/.m2/repository/org/glassfish/jersey/media/jersey-media-jaxb/2.27/jersey-media-jaxb-2.27.jar:/home/user/.m2/repository/javax/validation/validation-api/1.1.0.Final/validation-api-1.1.0.Final.jar:/home/user/.m2/repository/org/glassfish/jersey/media/jersey-media-json-jackson/2.27/jersey-media-json-jackson-2.27.jar:/home/user/.m2/repository/org/glassfish/jersey/ext/jersey-entity-filtering/2.27/jersey-entity-filtering-2.27.jar:/home/user/.m2/repository/com/google/inject/extensions/guice-assistedinject/4.0/guice-assistedinject-4.0.jar:/home/user/.m2/repository/org/jooq/jooq/3.11.10/jooq-3.11.10.jar:/home/user/.m2/repository/org/jooq/jooq-meta/3.11.10/jooq-meta-3.11.10.jar:/home/user/.m2/repository/org/jooq/jooq-codegen/3.11.10/jooq-codegen-3.11.10.jar:/home/user/.m2/repository/com/jolbox/bonecp/0.8.0.RELEASE/bonecp-0.8.0.RELEASE.jar:/home/user/.m2/repository/org/xerial/sqlite-jdbc/3.25.2/sqlite-jdbc-3.25.2.jar:/home/user/.m2/repository/org/springframework/spring-jdbc/5.1.3.RELEASE/spring-jdbc-5.1.3.RELEASE.jar:/home/user/.m2/repository/org/springframework/spring-beans/5.1.3.RELEASE/spring-beans-5.1.3.RELEASE.jar:/home/user/.m2/repository/org/springframework/spring-core/5.1.3.RELEASE/spring-core-5.1.3.RELEASE.jar:/home/user/.m2/repository/org/springframework/spring-jcl/5.1.3.RELEASE/spring-jcl-5.1.3.RELEASE.jar:/home/user/.m2/repository/org/springframework/spring-tx/5.1.3.RELEASE/spring-tx-5.1.3.RELEASE.jar:/home/user/.m2/repository/org/apache/hadoop/hadoop-ozone-client/0.5.0-SNAPSHOT/hadoop-ozone-client-0.5.0-SNAPSHOT.jar:/home/user/.m2/repository/commons-lang/commons-lang/2.6/commons-lang-2.6.jar:/home/user/.m2/repository/org/apache/hadoop/hadoop-ozone-ozone-manager/0.5.0-SNAPSHOT/hadoop-ozone-ozone-manager-0.5.0-SNAPSHOT-tests.jar:/home/user/.m2/repository/junit/junit/4.11/junit-4.11.jar:/home/user/.m2/repository/org/hamcrest/hamcrest-core/1.3/hamcrest-core-1.3.jar:/home/user/.m2/repository/org/openjdk/jmh/jmh-core/1.19/jmh-core-1.19.jar:/home/user/.m2/repository/net/sf/jopt-simple/jopt-simple/4.6/jopt-simple-4.6.jar:/home/user/.m2/repository/org/apache/commons/commons-math3/3.1.1/commons-math3-3.1.1.jar:/home/user/.m2/repository/org/openjdk/jmh/jmh-generator-annprocess/1.19/jmh-generator-annprocess-1.19.jar:/home/user/.m2/repository/org/mockito/mockito-all/1.8.5/mockito-all-1.8.5.jar:/home/user/.m2/repository/org/apache/hadoop/hadoop-kms/3.2.0/hadoop-kms-3.2.0.jar:/home/user/.m2/repository/org/apache/hadoop/hadoop-auth/3.2.0/hadoop-auth-3.2.0.jar:/home/user/.m2/repository/com/nimbusds/nimbus-jose-jwt/4.41.1/nimbus-jose-jwt-4.41.1.jar:/home/user/.m2/repository/com/github/stephenc/jcip/jcip-annotations/1.0-1/jcip-annotations-1.0-1.jar:/home/user/.m2/repository/net/minidev/json-smart/2.3/json-smart-2.3.jar:/home/user/.m2/repository/net/minidev/accessors-smart/1.2/accessors-smart-1.2.jar:/home/user/.m2/repository/org/ow2/asm/asm/5.0.4/asm-5.0.4.jar:/home/user/.m2/repository/org/apache/curator/curator-framework/2.12.0/curator-framework-2.12.0.jar:/home/user/.m2/repository/com/sun/jersey/jersey-core/1.19/jersey-core-1.19.jar:/home/user/.m2/repository/javax/ws/rs/jsr311-api/1.1.1/jsr311-api-1.1.1.jar:/home/user/.m2/repository/com/sun/jersey/jersey-server/1.19/jersey-server-1.19.jar:/home/user/.m2/repository/javax/servlet/javax.servlet-api/3.1.0/javax.servlet-api-3.1.0.jar:/home/user/.m2/repository/org/eclipse/jetty/jetty-server/9.3.24.v20180605/jetty-server-9.3.24.v20180605.jar:/home/user/.m2/repository/org/eclipse/jetty/jetty-http/9.3.24.v20180605/jetty-http-9.3.24.v20180605.jar:/home/user/.m2/repository/org/eclipse/jetty/jetty-io/9.3.24.v20180605/jetty-io-9.3.24.v20180605.jar:/home/user/.m2/repository/org/eclipse/jetty/jetty-webapp/9.3.24.v20180605/jetty-webapp-9.3.24.v20180605.jar:/home/user/.m2/repository/org/eclipse/jetty/jetty-xml/9.3.24.v20180605/jetty-xml-9.3.24.v20180605.jar:/home/user/.m2/repository/log4j/log4j/1.2.17/log4j-1.2.17.jar:/home/user/.m2/repository/org/slf4j/slf4j-api/1.7.25/slf4j-api-1.7.25.jar:/home/user/.m2/repository/org/slf4j/jul-to-slf4j/1.7.25/jul-to-slf4j-1.7.25.jar:/home/user/.m2/repository/org/eclipse/jetty/jetty-util/9.3.24.v20180605/jetty-util-9.3.24.v20180605.jar:/home/user/.m2/repository/com/fasterxml/jackson/core/jackson-databind/2.9.5/jackson-databind-2.9.5.jar:/home/user/.m2/repository/org/apache/hadoop/hadoop-kms/3.2.0/hadoop-kms-3.2.0-tests.jar:/home/user/.m2/repository/org/apache/hadoop/hadoop-hdds-server-scm/0.5.0-SNAPSHOT/hadoop-hdds-server-scm-0.5.0-SNAPSHOT-tests.jar:/home/user/.m2/repository/org/apache/hadoop/hadoop-hdds-container-service/0.5.0-SNAPSHOT/hadoop-hdds-container-service-0.5.0-SNAPSHOT-tests.jar:/home/user/.m2/repository/org/yaml/snakeyaml/1.16/snakeyaml-1.16.jar:/home/user/.m2/repository/org/apache/hadoop/hadoop-common/3.2.0/hadoop-common-3.2.0-tests.jar:/home/user/.m2/repository/org/apache/hadoop/hadoop-annotations/3.2.0/hadoop-annotations-3.2.0.jar:/usr/lib/jvm/java-1.8-openjdk/jre/../lib/tools.jar:/home/user/.m2/repository/commons-cli/commons-cli/1.2/commons-cli-1.2.jar:/home/user/.m2/repository/org/apache/httpcomponents/httpclient/4.5.2/httpclient-4.5.2.jar:/home/user/.m2/repository/org/apache/httpcomponents/httpcore/4.4.4/httpcore-4.4.4.jar:/home/user/.m2/repository/commons-codec/commons-codec/1.11/commons-codec-1.11.jar:/home/user/.m2/repository/commons-net/commons-net/3.6/commons-net-3.6.jar:/home/user/.m2/repository/commons-collections/commons-collections/3.2.2/commons-collections-3.2.2.jar:/home/user/.m2/repository/org/eclipse/jetty/jetty-servlet/9.3.24.v20180605/jetty-servlet-9.3.24.v20180605.jar:/home/user/.m2/repository/org/eclipse/jetty/jetty-security/9.3.24.v20180605/jetty-security-9.3.24.v20180605.jar:/home/user/.m2/repository/javax/servlet/jsp/jsp-api/2.1/jsp-api-2.1.jar:/home/user/.m2/repository/com/sun/jersey/jersey-servlet/1.19/jersey-servlet-1.19.jar:/home/user/.m2/repository/com/sun/jersey/jersey-json/1.19/jersey-json-1.19.jar:/home/user/.m2/repository/org/codehaus/jettison/jettison/1.1/jettison-1.1.jar:/home/user/.m2/repository/org/codehaus/jackson/jackson-core-asl/1.9.13/jackson-core-asl-1.9.13.jar:/home/user/.m2/repository/org/codehaus/jackson/jackson-mapper-asl/1.9.13/jackson-mapper-asl-1.9.13.jar:/home/user/.m2/repository/org/codehaus/jackson/jackson-jaxrs/1.9.13/jackson-jaxrs-1.9.13.jar:/home/user/.m2/repository/org/codehaus/jackson/jackson-xc/1.9.13/jackson-xc-1.9.13.jar:/home/user/.m2/repository/commons-logging/commons-logging/1.1.3/commons-logging-1.1.3.jar:/home/user/.m2/repository/commons-beanutils/commons-beanutils/1.9.3/commons-beanutils-1.9.3.jar:/home/user/.m2/repository/org/apache/commons/commons-configuration2/2.1.1/commons-configuration2-2.1.1.jar:/home/user/.m2/repository/org/apache/commons/commons-lang3/3.7/commons-lang3-3.7.jar:/home/user/.m2/repository/org/apache/commons/commons-text/1.4/commons-text-1.4.jar:/home/user/.m2/repository/org/apache/avro/avro/1.7.7/avro-1.7.7.jar:/home/user/.m2/repository/com/thoughtworks/paranamer/paranamer/2.3/paranamer-2.3.jar:/home/user/.m2/repository/org/xerial/snappy/snappy-java/1.0.5/snappy-java-1.0.5.jar:/home/user/.m2/repository/com/google/re2j/re2j/1.1/re2j-1.1.jar:/home/user/.m2/repository/com/google/code/gson/gson/2.2.4/gson-2.2.4.jar:/home/user/.m2/repository/com/jcraft/jsch/0.1.54/jsch-0.1.54.jar:/home/user/.m2/repository/org/apache/curator/curator-client/2.12.0/curator-client-2.12.0.jar:/home/user/.m2/repository/org/apache/curator/curator-recipes/2.12.0/curator-recipes-2.12.0.jar:/home/user/.m2/repository/com/google/code/findbugs/jsr305/3.0.0/jsr305-3.0.0.jar:/home/user/.m2/repository/org/apache/htrace/htrace-core4/4.1.0-incubating/htrace-core4-4.1.0-incubating.jar:/home/user/.m2/repository/org/apache/zookeeper/zookeeper/3.4.13/zookeeper-3.4.13.jar:/home/user/.m2/repository/org/apache/yetus/audience-annotations/0.5.0/audience-annotations-0.5.0.jar:/home/user/.m2/repository/org/codehaus/woodstox/stax2-api/3.1.4/stax2-api-3.1.4.jar:/home/user/.m2/repository/com/fasterxml/woodstox/woodstox-core/5.0.3/woodstox-core-5.0.3.jar:/home/user/.m2/repository/dnsjava/dnsjava/2.1.7/dnsjava-2.1.7.jar:/home/user/.m2/repository/org/apache/hadoop/hadoop-hdfs/3.2.0/hadoop-hdfs-3.2.0-tests.jar:/home/user/.m2/repository/org/eclipse/jetty/jetty-util-ajax/9.3.24.v20180605/jetty-util-ajax-9.3.24.v20180605.jar:/home/user/.m2/repository/commons-daemon/commons-daemon/1.0.13/commons-daemon-1.0.13.jar:/home/user/.m2/repository/io/netty/netty/3.10.5.Final/netty-3.10.5.Final.jar:/home/user/.m2/repository/io/netty/netty-all/4.0.52.Final/netty-all-4.0.52.Final.jar:/home/user/.m2/repository/org/fusesource/leveldbjni/leveldbjni-all/1.8/leveldbjni-all-1.8.jar:"/>
    <property name="sun.cpu.endian" value="little"/>
    <property name="user.home" value="/home/user"/>
    <property name="user.language" value="en"/>
    <property name="java.specification.vendor" value="Oracle Corporation"/>
    <property name="java.home" value="/usr/lib/jvm/java-1.8-openjdk/jre"/>
    <property name="java.security.krb5.conf" value="/workdir/hadoop-ozone/integration-test/target/test-classes/krb5.conf"/>
    <property name="basedir" value="/workdir/hadoop-ozone/integration-test"/>
    <property name="file.separator" value="/"/>
    <property name="line.separator" value="&#10;"/>
    <property name="java.vm.specification.vendor" value="Oracle Corporation"/>
    <property name="java.specification.name" value="Java Platform API Specification"/>
    <property name="java.awt.graphicsenv" value="sun.awt.X11GraphicsEnvironment"/>
    <property name="surefire.real.class.path" value="/workdir/hadoop-ozone/integration-test/target/surefire/surefirebooter3600943950446540049.jar"/>
    <property name="hadoop.log.dir" value="/workdir/hadoop-ozone/integration-test/target/log"/>
    <property name="sun.boot.class.path" value="/usr/lib/jvm/java-1.8-openjdk/jre/lib/resources.jar:/usr/lib/jvm/java-1.8-openjdk/jre/lib/rt.jar:/usr/lib/jvm/java-1.8-openjdk/jre/lib/sunrsasign.jar:/usr/lib/jvm/java-1.8-openjdk/jre/lib/jsse.jar:/usr/lib/jvm/java-1.8-openjdk/jre/lib/jce.jar:/usr/lib/jvm/java-1.8-openjdk/jre/lib/charsets.jar:/usr/lib/jvm/java-1.8-openjdk/jre/lib/jfr.jar:/usr/lib/jvm/java-1.8-openjdk/jre/classes"/>
    <property name="sun.management.compiler" value="HotSpot 64-Bit Tiered Compilers"/>
    <property name="java.runtime.version" value="1.8.0_212-b04"/>
    <property name="java.net.preferIPv4Stack" value="true"/>
    <property name="user.name" value="jenkins1000"/>
    <property name="path.separator" value=":"/>
    <property name="java.security.egd" value="file:///dev/urandom"/>
    <property name="os.version" value="3.10.0-957.12.2.el7.x86_64"/>
    <property name="java.endorsed.dirs" value="/usr/lib/jvm/java-1.8-openjdk/jre/lib/endorsed"/>
    <property name="java.runtime.name" value="OpenJDK Runtime Environment"/>
    <property name="file.encoding" value="UTF-8"/>
    <property name="java.vm.name" value="OpenJDK 64-Bit Server VM"/>
    <property name="test.build.webapps" value=""/>
    <property name="localRepository" value="/home/user/.m2/repository"/>
    <property name="java.vendor.url.bug" value="https://icedtea.classpath.org/bugzilla"/>
    <property name="java.io.tmpdir" value="/tmp"/>
    <property name="require.test.libhadoop" value=""/>
    <property name="java.version" value="1.8.0_212"/>
    <property name="user.dir" value="/workdir/hadoop-ozone/integration-test"/>
    <property name="os.arch" value="amd64"/>
    <property name="java.vm.specification.name" value="Java Virtual Machine Specification"/>
    <property name="test.build.classes" value="/workdir/hadoop-ozone/integration-test/target/test-classes"/>
    <property name="java.awt.printerjob" value="sun.print.PSPrinterJob"/>
    <property name="sun.os.patch.level" value="unknown"/>
    <property name="hadoop.tmp.dir" value="/workdir/hadoop-ozone/integration-test/target/tmp"/>
    <property name="java.library.path" value="/usr/lib/jvm/java-1.8-openjdk/jre/lib/amd64/server:/usr/lib/jvm/java-1.8-openjdk/jre/lib/amd64:/usr/lib/jvm/java-1.8-openjdk/jre/../lib/amd64:/workdir/hadoop-ozone/integration-test/target/native/target/usr/local/lib:/workdir/hadoop-ozone/integration-test/../../hadoop-common-project/hadoop-common/target/native/target/usr/local/lib:/usr/java/packages/lib/amd64:/usr/lib64:/lib64:/lib:/usr/lib"/>
    <property name="java.vm.info" value="mixed mode"/>
    <property name="java.vendor" value="IcedTea"/>
    <property name="java.vm.version" value="25.212-b04"/>
    <property name="java.ext.dirs" value="/usr/lib/jvm/java-1.8-openjdk/jre/lib/ext:/usr/java/packages/lib/ext"/>
    <property name="sun.io.unicode.encoding" value="UnicodeLittle"/>
    <property name="java.class.version" value="52.0"/>
  </properties>
  <testcase name="test2DatanodesFailure" classname="org.apache.hadoop.ozone.client.rpc.TestBlockOutputStreamWithFailures" time="109.192"/>
  <testcase name="testDatanodeFailureWithPreAllocation" classname="org.apache.hadoop.ozone.client.rpc.TestBlockOutputStreamWithFailures" time="223.978"/>
  <testcase name="testDatanodeFailureWithSingleNodeRatis" classname="org.apache.hadoop.ozone.client.rpc.TestBlockOutputStreamWithFailures" time="226.073"/>
  <testcase name="testWatchForCommitWithSingleNodeRatis" classname="org.apache.hadoop.ozone.client.rpc.TestBlockOutputStreamWithFailures" time="33.736"/>
  <testcase name="testWatchForCommitDatanodeFailure" classname="org.apache.hadoop.ozone.client.rpc.TestBlockOutputStreamWithFailures" time="39.739">
    <failure message="expected:&lt;61&gt; but was:&lt;62&gt;" type="java.lang.AssertionError"><![CDATA[java.lang.AssertionError: expected:<61> but was:<62>
	at org.junit.Assert.fail(Assert.java:88)
	at org.junit.Assert.failNotEquals(Assert.java:743)
	at org.junit.Assert.assertEquals(Assert.java:118)
	at org.junit.Assert.assertEquals(Assert.java:555)
	at org.junit.Assert.assertEquals(Assert.java:542)
	at org.apache.hadoop.ozone.client.rpc.TestBlockOutputStreamWithFailures.testWatchForCommitDatanodeFailure(TestBlockOutputStreamWithFailures.java:336)
	at sun.reflect.NativeMethodAccessorImpl.invoke0(Native Method)
	at sun.reflect.NativeMethodAccessorImpl.invoke(NativeMethodAccessorImpl.java:62)
	at sun.reflect.DelegatingMethodAccessorImpl.invoke(DelegatingMethodAccessorImpl.java:43)
	at java.lang.reflect.Method.invoke(Method.java:498)
	at org.junit.runners.model.FrameworkMethod$1.runReflectiveCall(FrameworkMethod.java:47)
	at org.junit.internal.runners.model.ReflectiveCallable.run(ReflectiveCallable.java:12)
	at org.junit.runners.model.FrameworkMethod.invokeExplosively(FrameworkMethod.java:44)
	at org.junit.internal.runners.statements.InvokeMethod.evaluate(InvokeMethod.java:17)
	at org.junit.internal.runners.statements.RunBefores.evaluate(RunBefores.java:26)
	at org.junit.internal.runners.statements.RunAfters.evaluate(RunAfters.java:27)
	at org.junit.runners.ParentRunner.runLeaf(ParentRunner.java:271)
	at org.junit.runners.BlockJUnit4ClassRunner.runChild(BlockJUnit4ClassRunner.java:70)
	at org.junit.runners.BlockJUnit4ClassRunner.runChild(BlockJUnit4ClassRunner.java:50)
	at org.junit.runners.ParentRunner$3.run(ParentRunner.java:238)
	at org.junit.runners.ParentRunner$1.schedule(ParentRunner.java:63)
	at org.junit.runners.ParentRunner.runChildren(ParentRunner.java:236)
	at org.junit.runners.ParentRunner.access$000(ParentRunner.java:53)
	at org.junit.runners.ParentRunner$2.evaluate(ParentRunner.java:229)
	at org.junit.runners.ParentRunner.run(ParentRunner.java:309)
	at org.apache.maven.surefire.junit4.JUnit4Provider.execute(JUnit4Provider.java:365)
	at org.apache.maven.surefire.junit4.JUnit4Provider.executeWithRerun(JUnit4Provider.java:273)
	at org.apache.maven.surefire.junit4.JUnit4Provider.executeTestSet(JUnit4Provider.java:238)
	at org.apache.maven.surefire.junit4.JUnit4Provider.invoke(JUnit4Provider.java:159)
	at org.apache.maven.surefire.booter.ForkedBooter.invokeProviderInSameClassLoader(ForkedBooter.java:384)
	at org.apache.maven.surefire.booter.ForkedBooter.runSuitesInProcess(ForkedBooter.java:345)
	at org.apache.maven.surefire.booter.ForkedBooter.execute(ForkedBooter.java:126)
	at org.apache.maven.surefire.booter.ForkedBooter.main(ForkedBooter.java:418)
]]></failure>
    <system-out><![CDATA[2019-09-02 17:29:25,327 [main] WARN  server.ServerUtils (ServerUtils.java:getScmDbDir(145)) - ozone.scm.db.dirs is not configured. We recommend adding this setting. Falling back to ozone.metadata.dirs instead.
2019-09-02 17:29:25,362 [main] WARN  server.ServerUtils (ServerUtils.java:getScmDbDir(145)) - ozone.scm.db.dirs is not configured. We recommend adding this setting. Falling back to ozone.metadata.dirs instead.
2019-09-02 17:29:25,363 [main] WARN  server.ServerUtils (ServerUtils.java:getScmDbDir(145)) - ozone.scm.db.dirs is not configured. We recommend adding this setting. Falling back to ozone.metadata.dirs instead.
2019-09-02 17:29:25,364 [main] INFO  db.DBStoreBuilder (DBStoreBuilder.java:addTable(110)) - using custom profile for table: deletedBlocks
2019-09-02 17:29:25,364 [main] INFO  db.DBStoreBuilder (DBStoreBuilder.java:processTables(161)) - Using default column profile:DBProfile.DISK for Table:deletedBlocks
2019-09-02 17:29:25,364 [main] INFO  db.DBStoreBuilder (DBStoreBuilder.java:addTable(110)) - using custom profile for table: validCerts
2019-09-02 17:29:25,365 [main] INFO  db.DBStoreBuilder (DBStoreBuilder.java:processTables(161)) - Using default column profile:DBProfile.DISK for Table:validCerts
2019-09-02 17:29:25,365 [main] INFO  db.DBStoreBuilder (DBStoreBuilder.java:addTable(110)) - using custom profile for table: revokedCerts
2019-09-02 17:29:25,365 [main] INFO  db.DBStoreBuilder (DBStoreBuilder.java:processTables(161)) - Using default column profile:DBProfile.DISK for Table:revokedCerts
2019-09-02 17:29:25,366 [main] INFO  db.DBStoreBuilder (DBStoreBuilder.java:addTable(110)) - using custom profile for table: default
2019-09-02 17:29:25,366 [main] INFO  db.DBStoreBuilder (DBStoreBuilder.java:processTables(167)) - Using default column profile:DBProfile.DISK for Table:default
2019-09-02 17:29:25,366 [main] INFO  db.DBStoreBuilder (DBStoreBuilder.java:getDbProfile(198)) - Using default options. DBProfile.DISK
2019-09-02 17:29:25,524 [main] INFO  net.NodeSchemaLoader (NodeSchemaLoader.java:loadSchemaFromFile(125)) - Loading file from sun.misc.CompoundEnumeration@76cdafa3
2019-09-02 17:29:25,525 [main] INFO  net.NodeSchemaLoader (NodeSchemaLoader.java:loadSchema(171)) - Loading network topology layer schema file
2019-09-02 17:29:25,532 [main] INFO  node.SCMNodeManager (SCMNodeManager.java:<init>(114)) - Entering startup safe mode.
2019-09-02 17:29:25,533 [main] INFO  algorithms.ContainerPlacementPolicyFactory (ContainerPlacementPolicyFactory.java:getPolicy(55)) - Create container placement policy of type org.apache.hadoop.hdds.scm.container.placement.algorithms.SCMContainerPlacementRandom
2019-09-02 17:29:25,533 [main] WARN  server.ServerUtils (ServerUtils.java:getScmDbDir(145)) - ozone.scm.db.dirs is not configured. We recommend adding this setting. Falling back to ozone.metadata.dirs instead.
2019-09-02 17:29:25,559 [main] INFO  pipeline.SCMPipelineManager (SCMPipelineManager.java:initializePipelineState(126)) - No pipeline exists in current db
2019-09-02 17:29:25,559 [main] WARN  server.ServerUtils (ServerUtils.java:getScmDbDir(145)) - ozone.scm.db.dirs is not configured. We recommend adding this setting. Falling back to ozone.metadata.dirs instead.
2019-09-02 17:29:25,588 [main] WARN  events.EventQueue (EventQueue.java:fireEvent(183)) - No event handler registered for event TypedEvent{payloadType=SafeModeStatus, name='SafeModeStatus'}
2019-09-02 17:29:25,589 [main] INFO  ipc.CallQueueManager (CallQueueManager.java:<init>(84)) - Using callQueue: class java.util.concurrent.LinkedBlockingQueue, queueCapacity: 2000, scheduler: class org.apache.hadoop.ipc.DefaultRpcScheduler, ipcBackoff: false.
2019-09-02 17:29:25,591 [Socket Reader #1 for port 38964] INFO  ipc.Server (Server.java:run(1074)) - Starting Socket Reader #1 for port 38964
2019-09-02 17:29:25,593 [main] INFO  ipc.CallQueueManager (CallQueueManager.java:<init>(84)) - Using callQueue: class java.util.concurrent.LinkedBlockingQueue, queueCapacity: 2000, scheduler: class org.apache.hadoop.ipc.DefaultRpcScheduler, ipcBackoff: false.
2019-09-02 17:29:25,594 [Socket Reader #1 for port 40093] INFO  ipc.Server (Server.java:run(1074)) - Starting Socket Reader #1 for port 40093
2019-09-02 17:29:25,596 [main] INFO  ipc.CallQueueManager (CallQueueManager.java:<init>(84)) - Using callQueue: class java.util.concurrent.LinkedBlockingQueue, queueCapacity: 2000, scheduler: class org.apache.hadoop.ipc.DefaultRpcScheduler, ipcBackoff: false.
2019-09-02 17:29:25,597 [Socket Reader #1 for port 37187] INFO  ipc.Server (Server.java:run(1074)) - Starting Socket Reader #1 for port 37187
2019-09-02 17:29:25,600 [main] INFO  hdfs.DFSUtil (DFSUtil.java:httpServerTemplateForNNAndJN(1641)) - Starting Web-server for scm at: http://0.0.0.0:0
2019-09-02 17:29:25,603 [main] INFO  server.AuthenticationFilter (AuthenticationFilter.java:constructSecretProvider(240)) - Unable to initialize FileSignerSecretProvider, falling back to use random secrets.
2019-09-02 17:29:25,604 [main] WARN  http.HttpRequestLog (HttpRequestLog.java:getRequestLog(97)) - Jetty request log can only be enabled using Log4j
2019-09-02 17:29:25,607 [main] INFO  http.HttpServer2 (HttpServer2.java:addGlobalFilter(975)) - Added global filter 'safety' (class=org.apache.hadoop.http.HttpServer2$QuotingInputFilter)
2019-09-02 17:29:25,607 [main] INFO  http.HttpServer2 (HttpServer2.java:addFilter(948)) - Added filter static_user_filter (class=org.apache.hadoop.http.lib.StaticUserWebFilter$StaticUserFilter) to context scm
2019-09-02 17:29:25,608 [main] INFO  http.HttpServer2 (HttpServer2.java:addFilter(958)) - Added filter static_user_filter (class=org.apache.hadoop.http.lib.StaticUserWebFilter$StaticUserFilter) to context static
2019-09-02 17:29:25,608 [main] INFO  http.HttpServer2 (HttpServer2.java:addFilter(958)) - Added filter static_user_filter (class=org.apache.hadoop.http.lib.StaticUserWebFilter$StaticUserFilter) to context logs
2019-09-02 17:29:25,610 [main] INFO  server.StorageContainerManager (StorageContainerManager.java:start(759)) - StorageContainerLocationProtocol RPC server is listening at /0.0.0.0:37187
2019-09-02 17:29:25,614 [main] WARN  impl.MetricsConfig (MetricsConfig.java:loadFirst(134)) - Cannot locate configuration: tried hadoop-metrics2-storagecontainermanager.properties,hadoop-metrics2.properties
2019-09-02 17:29:25,615 [main] INFO  impl.MetricsSystemImpl (MetricsSystemImpl.java:startTimer(374)) - Scheduled Metric snapshot period at 10 second(s).
2019-09-02 17:29:25,615 [main] INFO  impl.MetricsSystemImpl (MetricsSystemImpl.java:start(191)) - StorageContainerManager metrics system started
2019-09-02 17:29:25,656 [main] WARN  impl.MetricsSystemImpl (MetricsSystemImpl.java:register(276)) - Sink prometheus already exists!
2019-09-02 17:29:25,703 [main] INFO  server.SCMClientProtocolServer (SCMClientProtocolServer.java:start(151)) - RPC server for Client  is listening at /0.0.0.0:37187
2019-09-02 17:29:25,704 [IPC Server Responder] INFO  ipc.Server (Server.java:run(1314)) - IPC Server Responder: starting
2019-09-02 17:29:25,704 [IPC Server listener on 37187] INFO  ipc.Server (Server.java:run(1153)) - IPC Server listener on 37187: starting
2019-09-02 17:29:25,708 [main] INFO  server.StorageContainerManager (StorageContainerManager.java:start(769)) - ScmBlockLocationProtocol RPC server is listening at /0.0.0.0:40093
2019-09-02 17:29:25,709 [main] INFO  server.SCMBlockProtocolServer (SCMBlockProtocolServer.java:start(146)) - RPC server for Block Protocol is listening at /0.0.0.0:40093
2019-09-02 17:29:25,709 [IPC Server Responder] INFO  ipc.Server (Server.java:run(1314)) - IPC Server Responder: starting
2019-09-02 17:29:25,709 [IPC Server listener on 40093] INFO  ipc.Server (Server.java:run(1153)) - IPC Server listener on 40093: starting
2019-09-02 17:29:25,713 [main] INFO  server.StorageContainerManager (StorageContainerManager.java:start(773)) - ScmDatanodeProtocl RPC server is listening at /0.0.0.0:38964
2019-09-02 17:29:25,713 [main] INFO  server.SCMDatanodeProtocolServer (SCMDatanodeProtocolServer.java:start(191)) - RPC server for DataNodes is listening at /0.0.0.0:38964
2019-09-02 17:29:25,714 [IPC Server Responder] INFO  ipc.Server (Server.java:run(1314)) - IPC Server Responder: starting
2019-09-02 17:29:25,714 [IPC Server listener on 38964] INFO  ipc.Server (Server.java:run(1153)) - IPC Server listener on 38964: starting
2019-09-02 17:29:25,718 [main] INFO  http.HttpServer2 (HttpServer2.java:bindListener(1191)) - Jetty bound to port 43977
2019-09-02 17:29:25,718 [main] INFO  server.Server (Server.java:doStart(351)) - jetty-9.3.24.v20180605, build timestamp: 2018-06-05T17:11:56Z, git hash: 84205aa28f11a4f31f2a3b86d1bba2cc8ab69827
2019-09-02 17:29:25,721 [main] INFO  handler.ContextHandler (ContextHandler.java:doStart(781)) - Started o.e.j.s.ServletContextHandler@284bdeed{/logs,file:///workdir/hadoop-ozone/integration-test/target/log,AVAILABLE}
2019-09-02 17:29:25,721 [main] INFO  handler.ContextHandler (ContextHandler.java:doStart(781)) - Started o.e.j.s.ServletContextHandler@482c351d{/static,file:///workdir/hadoop-ozone/integration-test/target/test-classes/webapps/static,AVAILABLE}
2019-09-02 17:29:25,726 [main] INFO  handler.ContextHandler (ContextHandler.java:doStart(781)) - Started o.e.j.w.WebAppContext@666618d6{/,file:///workdir/hadoop-ozone/integration-test/target/test-classes/webapps/scm/,AVAILABLE}{/scm}
2019-09-02 17:29:25,727 [main] INFO  server.AbstractConnector (AbstractConnector.java:doStart(278)) - Started ServerConnector@5b1c32e4{HTTP/1.1,[http/1.1]}{0.0.0.0:43977}
2019-09-02 17:29:25,728 [main] INFO  server.Server (Server.java:doStart(419)) - Started @594061ms
2019-09-02 17:29:25,728 [main] WARN  impl.MetricsSystemImpl (MetricsSystemImpl.java:register(276)) - Sink prometheus already exists!
2019-09-02 17:29:25,730 [main] INFO  server.BaseHttpServer (BaseHttpServer.java:updateConnectorAddress(215)) - HTTP server of SCM is listening at http://0.0.0.0:43977
2019-09-02 17:29:25,731 [main] WARN  server.ServerUtils (ServerUtils.java:getDBPath(222)) - ozone.om.db.dirs is not configured. We recommend adding this setting. Falling back to ozone.metadata.dirs instead.
2019-09-02 17:29:25,732 [org.apache.hadoop.util.JvmPauseMonitor$Monitor@48bc2fce] INFO  util.JvmPauseMonitor (JvmPauseMonitor.java:run(188)) - Starting JVM pause monitor
2019-09-02 17:29:25,746 [main] WARN  server.ServerUtils (ServerUtils.java:getDBPath(222)) - ozone.om.db.dirs is not configured. We recommend adding this setting. Falling back to ozone.metadata.dirs instead.
2019-09-02 17:29:25,746 [main] WARN  server.ServerUtils (ServerUtils.java:getDBPath(222)) - ozone.om.db.dirs is not configured. We recommend adding this setting. Falling back to ozone.metadata.dirs instead.
2019-09-02 17:29:25,747 [main] INFO  om.OzoneManager (OzoneManager.java:setOMNodeDetails(649)) - OM Service ID is not set. Setting it to the default ID: omServiceIdDefault
2019-09-02 17:29:25,747 [main] INFO  om.OzoneManager (OzoneManager.java:setOMNodeDetails(655)) - OM Node ID is not set. Setting it to the OmStorage's OmID: 0361677e-a34f-4b93-8aef-c654f247c25f
2019-09-02 17:29:25,747 [main] INFO  om.OzoneManager (OzoneManager.java:loadOMHAConfigs(606)) - Found matching OM address with OMServiceId: null, OMNodeId: null, RPC Address: localhost:0 and Ratis port: 9872
2019-09-02 17:29:25,754 [main] WARN  server.ServerUtils (ServerUtils.java:getDBPath(222)) - ozone.om.db.dirs is not configured. We recommend adding this setting. Falling back to ozone.metadata.dirs instead.
2019-09-02 17:29:25,755 [main] INFO  db.DBStoreBuilder (DBStoreBuilder.java:addTable(110)) - using custom profile for table: userTable
2019-09-02 17:29:25,755 [main] INFO  db.DBStoreBuilder (DBStoreBuilder.java:processTables(161)) - Using default column profile:DBProfile.DISK for Table:userTable
2019-09-02 17:29:25,755 [main] INFO  db.DBStoreBuilder (DBStoreBuilder.java:addTable(110)) - using custom profile for table: volumeTable
2019-09-02 17:29:25,755 [main] INFO  db.DBStoreBuilder (DBStoreBuilder.java:processTables(161)) - Using default column profile:DBProfile.DISK for Table:volumeTable
2019-09-02 17:29:25,756 [main] INFO  db.DBStoreBuilder (DBStoreBuilder.java:addTable(110)) - using custom profile for table: bucketTable
2019-09-02 17:29:25,756 [main] INFO  db.DBStoreBuilder (DBStoreBuilder.java:processTables(161)) - Using default column profile:DBProfile.DISK for Table:bucketTable
2019-09-02 17:29:25,756 [main] INFO  db.DBStoreBuilder (DBStoreBuilder.java:addTable(110)) - using custom profile for table: keyTable
2019-09-02 17:29:25,756 [main] INFO  db.DBStoreBuilder (DBStoreBuilder.java:processTables(161)) - Using default column profile:DBProfile.DISK for Table:keyTable
2019-09-02 17:29:25,756 [main] INFO  db.DBStoreBuilder (DBStoreBuilder.java:addTable(110)) - using custom profile for table: deletedTable
2019-09-02 17:29:25,757 [main] INFO  db.DBStoreBuilder (DBStoreBuilder.java:processTables(161)) - Using default column profile:DBProfile.DISK for Table:deletedTable
2019-09-02 17:29:25,757 [main] INFO  db.DBStoreBuilder (DBStoreBuilder.java:addTable(110)) - using custom profile for table: openKeyTable
2019-09-02 17:29:25,757 [main] INFO  db.DBStoreBuilder (DBStoreBuilder.java:processTables(161)) - Using default column profile:DBProfile.DISK for Table:openKeyTable
2019-09-02 17:29:25,757 [main] INFO  db.DBStoreBuilder (DBStoreBuilder.java:addTable(110)) - using custom profile for table: s3Table
2019-09-02 17:29:25,757 [main] INFO  db.DBStoreBuilder (DBStoreBuilder.java:processTables(161)) - Using default column profile:DBProfile.DISK for Table:s3Table
2019-09-02 17:29:25,758 [main] INFO  db.DBStoreBuilder (DBStoreBuilder.java:addTable(110)) - using custom profile for table: multipartInfoTable
2019-09-02 17:29:25,758 [main] INFO  db.DBStoreBuilder (DBStoreBuilder.java:processTables(161)) - Using default column profile:DBProfile.DISK for Table:multipartInfoTable
2019-09-02 17:29:25,758 [main] INFO  db.DBStoreBuilder (DBStoreBuilder.java:addTable(110)) - using custom profile for table: dTokenTable
2019-09-02 17:29:25,758 [main] INFO  db.DBStoreBuilder (DBStoreBuilder.java:processTables(161)) - Using default column profile:DBProfile.DISK for Table:dTokenTable
2019-09-02 17:29:25,759 [main] INFO  db.DBStoreBuilder (DBStoreBuilder.java:addTable(110)) - using custom profile for table: s3SecretTable
2019-09-02 17:29:25,759 [main] INFO  db.DBStoreBuilder (DBStoreBuilder.java:processTables(161)) - Using default column profile:DBProfile.DISK for Table:s3SecretTable
2019-09-02 17:29:25,759 [main] INFO  db.DBStoreBuilder (DBStoreBuilder.java:addTable(110)) - using custom profile for table: prefixTable
2019-09-02 17:29:25,759 [main] INFO  db.DBStoreBuilder (DBStoreBuilder.java:processTables(161)) - Using default column profile:DBProfile.DISK for Table:prefixTable
2019-09-02 17:29:25,759 [main] INFO  db.DBStoreBuilder (DBStoreBuilder.java:addTable(110)) - using custom profile for table: default
2019-09-02 17:29:25,760 [main] INFO  db.DBStoreBuilder (DBStoreBuilder.java:processTables(167)) - Using default column profile:DBProfile.DISK for Table:default
2019-09-02 17:29:25,760 [main] INFO  db.DBStoreBuilder (DBStoreBuilder.java:getDbProfile(198)) - Using default options. DBProfile.DISK
2019-09-02 17:29:26,246 [main] INFO  ipc.CallQueueManager (CallQueueManager.java:<init>(84)) - Using callQueue: class java.util.concurrent.LinkedBlockingQueue, queueCapacity: 2000, scheduler: class org.apache.hadoop.ipc.DefaultRpcScheduler, ipcBackoff: false.
2019-09-02 17:29:26,248 [Socket Reader #1 for port 44119] INFO  ipc.Server (Server.java:run(1074)) - Starting Socket Reader #1 for port 44119
2019-09-02 17:29:26,262 [main] INFO  om.OzoneManager (OzoneManager.java:start(1240)) - OzoneManager RPC server is listening at localhost/127.0.0.1:44119
2019-09-02 17:29:26,262 [main] INFO  impl.MetricsSystemImpl (MetricsSystemImpl.java:init(158)) - OzoneManager metrics system started (again)
2019-09-02 17:29:26,263 [IPC Server Responder] INFO  ipc.Server (Server.java:run(1314)) - IPC Server Responder: starting
2019-09-02 17:29:26,263 [IPC Server listener on 44119] INFO  ipc.Server (Server.java:run(1153)) - IPC Server listener on 44119: starting
2019-09-02 17:29:26,268 [main] INFO  hdfs.DFSUtil (DFSUtil.java:httpServerTemplateForNNAndJN(1641)) - Starting Web-server for ozoneManager at: http://0.0.0.0:0
2019-09-02 17:29:26,269 [main] INFO  server.AuthenticationFilter (AuthenticationFilter.java:constructSecretProvider(240)) - Unable to initialize FileSignerSecretProvider, falling back to use random secrets.
2019-09-02 17:29:26,270 [main] WARN  http.HttpRequestLog (HttpRequestLog.java:getRequestLog(97)) - Jetty request log can only be enabled using Log4j
2019-09-02 17:29:26,271 [main] INFO  http.HttpServer2 (HttpServer2.java:addGlobalFilter(975)) - Added global filter 'safety' (class=org.apache.hadoop.http.HttpServer2$QuotingInputFilter)
2019-09-02 17:29:26,272 [main] INFO  http.HttpServer2 (HttpServer2.java:addFilter(948)) - Added filter static_user_filter (class=org.apache.hadoop.http.lib.StaticUserWebFilter$StaticUserFilter) to context ozoneManager
2019-09-02 17:29:26,272 [main] INFO  http.HttpServer2 (HttpServer2.java:addFilter(958)) - Added filter static_user_filter (class=org.apache.hadoop.http.lib.StaticUserWebFilter$StaticUserFilter) to context logs
2019-09-02 17:29:26,272 [main] INFO  http.HttpServer2 (HttpServer2.java:addFilter(958)) - Added filter static_user_filter (class=org.apache.hadoop.http.lib.StaticUserWebFilter$StaticUserFilter) to context static
2019-09-02 17:29:26,273 [main] INFO  http.HttpServer2 (HttpServer2.java:bindListener(1191)) - Jetty bound to port 43130
2019-09-02 17:29:26,273 [main] INFO  server.Server (Server.java:doStart(351)) - jetty-9.3.24.v20180605, build timestamp: 2018-06-05T17:11:56Z, git hash: 84205aa28f11a4f31f2a3b86d1bba2cc8ab69827
2019-09-02 17:29:26,275 [main] INFO  handler.ContextHandler (ContextHandler.java:doStart(781)) - Started o.e.j.s.ServletContextHandler@615efd1c{/logs,file:///workdir/hadoop-ozone/integration-test/target/log,AVAILABLE}
2019-09-02 17:29:26,275 [main] INFO  handler.ContextHandler (ContextHandler.java:doStart(781)) - Started o.e.j.s.ServletContextHandler@2a8dd942{/static,file:///workdir/hadoop-ozone/integration-test/target/test-classes/webapps/static,AVAILABLE}
2019-09-02 17:29:26,279 [main] INFO  handler.ContextHandler (ContextHandler.java:doStart(781)) - Started o.e.j.w.WebAppContext@22f02996{/,file:///workdir/hadoop-ozone/integration-test/target/test-classes/webapps/ozoneManager/,AVAILABLE}{/ozoneManager}
2019-09-02 17:29:26,279 [main] INFO  server.AbstractConnector (AbstractConnector.java:doStart(278)) - Started ServerConnector@7c8874ef{HTTP/1.1,[http/1.1]}{0.0.0.0:43130}
2019-09-02 17:29:26,280 [main] INFO  server.Server (Server.java:doStart(419)) - Started @594614ms
2019-09-02 17:29:26,281 [main] WARN  impl.MetricsSystemImpl (MetricsSystemImpl.java:register(276)) - Sink prometheus already exists!
2019-09-02 17:29:26,281 [main] INFO  server.BaseHttpServer (BaseHttpServer.java:updateConnectorAddress(215)) - HTTP server of OZONEMANAGER is listening at http://0.0.0.0:43130
2019-09-02 17:29:26,300 [main] INFO  impl.MetricsSystemImpl (MetricsSystemImpl.java:init(158)) - HddsDatanode metrics system started (again)
2019-09-02 17:29:26,302 [main] INFO  ozone.HddsDatanodeService (HddsDatanodeService.java:start(184)) - HddsDatanodeService host:pr-hdds-1982-decom-states-scqb7-844612507 ip:192.168.36.108
2019-09-02 17:29:26,309 [main] INFO  volume.HddsVolume (HddsVolume.java:<init>(176)) - Creating Volume: /workdir/hadoop-ozone/integration-test/target/test-dir/MiniOzoneClusterImpl-e559f1c9-459e-4782-a5d5-306a0def869d/datanode-0/data/containers/hdds of  storage type : DISK and capacity : 1482555576320
2019-09-02 17:29:26,310 [main] INFO  volume.VolumeSet (VolumeSet.java:initializeVolumeSet(170)) - Added Volume : /workdir/hadoop-ozone/integration-test/target/test-dir/MiniOzoneClusterImpl-e559f1c9-459e-4782-a5d5-306a0def869d/datanode-0/data/containers/hdds to VolumeSet
2019-09-02 17:29:26,310 [main] INFO  volume.ThrottledAsyncChecker (ThrottledAsyncChecker.java:schedule(140)) - Scheduling a check for org.apache.hadoop.ozone.container.common.volume.HddsVolume@2ca54da9
2019-09-02 17:29:26,311 [main] INFO  volume.HddsVolumeChecker (HddsVolumeChecker.java:checkAllVolumes(203)) - Scheduled health check for volume org.apache.hadoop.ozone.container.common.volume.HddsVolume@2ca54da9
2019-09-02 17:29:26,326 [main] INFO  impl.RaftServerProxy (ConfUtils.java:logGet(43)) - raft.rpc.type = GRPC (default)
2019-09-02 17:29:26,326 [main] INFO  grpc.GrpcFactory (GrpcFactory.java:checkPooledByteBufAllocatorUseCacheForAllThreads(45)) - PERFORMANCE WARNING: useCacheForAllThreads is true that may cause Netty to create a lot garbage objects and, as a result, trigger GC.
	It is recommended to disable useCacheForAllThreads by setting -Dorg.apache.ratis.thirdparty.io.netty.allocator.useCacheForAllThreads=false in command line.
2019-09-02 17:29:26,327 [main] INFO  grpc.GrpcConfigKeys$Server (ConfUtils.java:logGet(43)) - raft.grpc.server.port = 0 (default)
2019-09-02 17:29:26,327 [main] INFO  server.GrpcService (ConfUtils.java:logGet(43)) - raft.grpc.message.size.max = 33570816 (custom)
2019-09-02 17:29:26,327 [main] INFO  server.RaftServerConfigKeys (ConfUtils.java:logGet(43)) - raft.server.log.appender.buffer.byte-limit = 33554432 (custom)
2019-09-02 17:29:26,327 [main] INFO  server.GrpcService (ConfUtils.java:logGet(43)) - raft.grpc.flow.control.window = 1MB (=1048576) (default)
2019-09-02 17:29:26,327 [main] INFO  server.RaftServerConfigKeys (ConfUtils.java:logGet(43)) - raft.server.rpc.request.timeout = 3000ms (default)
2019-09-02 17:29:26,328 [main] INFO  server.RaftServerConfigKeys (ConfUtils.java:logGet(43)) - raft.server.storage.dir = [/workdir/hadoop-ozone/integration-test/target/test-dir/MiniOzoneClusterImpl-e559f1c9-459e-4782-a5d5-306a0def869d/datanode-0/data/ratis] (custom)
2019-09-02 17:29:26,330 [main] INFO  hdfs.DFSUtil (DFSUtil.java:httpServerTemplateForNNAndJN(1641)) - Starting Web-server for hddsDatanode at: http://0.0.0.0:0
2019-09-02 17:29:26,332 [main] INFO  server.AuthenticationFilter (AuthenticationFilter.java:constructSecretProvider(240)) - Unable to initialize FileSignerSecretProvider, falling back to use random secrets.
2019-09-02 17:29:26,332 [main] WARN  http.HttpRequestLog (HttpRequestLog.java:getRequestLog(97)) - Jetty request log can only be enabled using Log4j
2019-09-02 17:29:26,334 [main] INFO  http.HttpServer2 (HttpServer2.java:addGlobalFilter(975)) - Added global filter 'safety' (class=org.apache.hadoop.http.HttpServer2$QuotingInputFilter)
2019-09-02 17:29:26,335 [main] INFO  http.HttpServer2 (HttpServer2.java:addFilter(948)) - Added filter static_user_filter (class=org.apache.hadoop.http.lib.StaticUserWebFilter$StaticUserFilter) to context hddsDatanode
2019-09-02 17:29:26,335 [main] INFO  http.HttpServer2 (HttpServer2.java:addFilter(958)) - Added filter static_user_filter (class=org.apache.hadoop.http.lib.StaticUserWebFilter$StaticUserFilter) to context static
2019-09-02 17:29:26,336 [main] INFO  http.HttpServer2 (HttpServer2.java:addFilter(958)) - Added filter static_user_filter (class=org.apache.hadoop.http.lib.StaticUserWebFilter$StaticUserFilter) to context logs
2019-09-02 17:29:26,337 [main] INFO  http.HttpServer2 (HttpServer2.java:bindListener(1191)) - Jetty bound to port 35191
2019-09-02 17:29:26,337 [main] INFO  server.Server (Server.java:doStart(351)) - jetty-9.3.24.v20180605, build timestamp: 2018-06-05T17:11:56Z, git hash: 84205aa28f11a4f31f2a3b86d1bba2cc8ab69827
2019-09-02 17:29:26,339 [main] INFO  handler.ContextHandler (ContextHandler.java:doStart(781)) - Started o.e.j.s.ServletContextHandler@26f0141{/logs,file:///workdir/hadoop-ozone/integration-test/target/log,AVAILABLE}
2019-09-02 17:29:26,340 [main] INFO  handler.ContextHandler (ContextHandler.java:doStart(781)) - Started o.e.j.s.ServletContextHandler@6de7778f{/static,jar:file:/home/user/.m2/repository/org/apache/hadoop/hadoop-hdds-container-service/0.5.0-SNAPSHOT/hadoop-hdds-container-service-0.5.0-SNAPSHOT.jar!/webapps/static,AVAILABLE}
2019-09-02 17:29:26,382 [main] INFO  handler.ContextHandler (ContextHandler.java:doStart(781)) - Started o.e.j.w.WebAppContext@538a2f0e{/,file:///tmp/jetty-0.0.0.0-35191-hddsDatanode-_-any-6308848212066373957.dir/webapp/,AVAILABLE}{/hddsDatanode}
2019-09-02 17:29:26,382 [main] INFO  server.AbstractConnector (AbstractConnector.java:doStart(278)) - Started ServerConnector@d2708a7{HTTP/1.1,[http/1.1]}{0.0.0.0:35191}
2019-09-02 17:29:26,383 [main] INFO  server.Server (Server.java:doStart(419)) - Started @594717ms
2019-09-02 17:29:26,383 [main] WARN  impl.MetricsSystemImpl (MetricsSystemImpl.java:register(276)) - Sink prometheus already exists!
2019-09-02 17:29:26,384 [main] INFO  server.BaseHttpServer (BaseHttpServer.java:updateConnectorAddress(215)) - HTTP server of HDDSDATANODE is listening at http://0.0.0.0:35191
2019-09-02 17:29:26,385 [main] INFO  impl.MetricsSystemImpl (MetricsSystemImpl.java:init(158)) - HddsDatanode metrics system started (again)
2019-09-02 17:29:26,387 [org.apache.hadoop.util.JvmPauseMonitor$Monitor@3267b78c] INFO  util.JvmPauseMonitor (JvmPauseMonitor.java:run(188)) - Starting JVM pause monitor
2019-09-02 17:29:26,388 [main] INFO  ozone.HddsDatanodeService (HddsDatanodeService.java:start(184)) - HddsDatanodeService host:pr-hdds-1982-decom-states-scqb7-844612507 ip:192.168.36.108
2019-09-02 17:29:26,389 [Datanode State Machine Thread - 0] INFO  datanode.InitDatanodeState (InitDatanodeState.java:persistContainerDatanodeDetails(140)) - DatanodeDetails is persisted to /workdir/hadoop-ozone/integration-test/target/test-dir/MiniOzoneClusterImpl-e559f1c9-459e-4782-a5d5-306a0def869d/datanode-0/meta/datanode.id
2019-09-02 17:29:26,394 [main] INFO  volume.HddsVolume (HddsVolume.java:<init>(176)) - Creating Volume: /workdir/hadoop-ozone/integration-test/target/test-dir/MiniOzoneClusterImpl-e559f1c9-459e-4782-a5d5-306a0def869d/datanode-1/data/containers/hdds of  storage type : DISK and capacity : 1482555576320
2019-09-02 17:29:26,395 [main] INFO  volume.VolumeSet (VolumeSet.java:initializeVolumeSet(170)) - Added Volume : /workdir/hadoop-ozone/integration-test/target/test-dir/MiniOzoneClusterImpl-e559f1c9-459e-4782-a5d5-306a0def869d/datanode-1/data/containers/hdds to VolumeSet
2019-09-02 17:29:26,395 [main] INFO  volume.ThrottledAsyncChecker (ThrottledAsyncChecker.java:schedule(140)) - Scheduling a check for org.apache.hadoop.ozone.container.common.volume.HddsVolume@65cc5252
2019-09-02 17:29:26,395 [main] INFO  volume.HddsVolumeChecker (HddsVolumeChecker.java:checkAllVolumes(203)) - Scheduled health check for volume org.apache.hadoop.ozone.container.common.volume.HddsVolume@65cc5252
2019-09-02 17:29:26,411 [main] INFO  impl.RaftServerProxy (ConfUtils.java:logGet(43)) - raft.rpc.type = GRPC (default)
2019-09-02 17:29:26,411 [main] INFO  grpc.GrpcFactory (GrpcFactory.java:checkPooledByteBufAllocatorUseCacheForAllThreads(45)) - PERFORMANCE WARNING: useCacheForAllThreads is true that may cause Netty to create a lot garbage objects and, as a result, trigger GC.
	It is recommended to disable useCacheForAllThreads by setting -Dorg.apache.ratis.thirdparty.io.netty.allocator.useCacheForAllThreads=false in command line.
2019-09-02 17:29:26,411 [main] INFO  grpc.GrpcConfigKeys$Server (ConfUtils.java:logGet(43)) - raft.grpc.server.port = 0 (default)
2019-09-02 17:29:26,411 [main] INFO  server.GrpcService (ConfUtils.java:logGet(43)) - raft.grpc.message.size.max = 33570816 (custom)
2019-09-02 17:29:26,412 [main] INFO  server.RaftServerConfigKeys (ConfUtils.java:logGet(43)) - raft.server.log.appender.buffer.byte-limit = 33554432 (custom)
2019-09-02 17:29:26,412 [main] INFO  server.GrpcService (ConfUtils.java:logGet(43)) - raft.grpc.flow.control.window = 1MB (=1048576) (default)
2019-09-02 17:29:26,412 [main] INFO  server.RaftServerConfigKeys (ConfUtils.java:logGet(43)) - raft.server.rpc.request.timeout = 3000ms (default)
2019-09-02 17:29:26,412 [main] INFO  server.RaftServerConfigKeys (ConfUtils.java:logGet(43)) - raft.server.storage.dir = [/workdir/hadoop-ozone/integration-test/target/test-dir/MiniOzoneClusterImpl-e559f1c9-459e-4782-a5d5-306a0def869d/datanode-1/data/ratis] (custom)
2019-09-02 17:29:26,414 [main] INFO  hdfs.DFSUtil (DFSUtil.java:httpServerTemplateForNNAndJN(1641)) - Starting Web-server for hddsDatanode at: http://0.0.0.0:0
2019-09-02 17:29:26,416 [main] INFO  server.AuthenticationFilter (AuthenticationFilter.java:constructSecretProvider(240)) - Unable to initialize FileSignerSecretProvider, falling back to use random secrets.
2019-09-02 17:29:26,416 [main] WARN  http.HttpRequestLog (HttpRequestLog.java:getRequestLog(97)) - Jetty request log can only be enabled using Log4j
2019-09-02 17:29:26,418 [main] INFO  http.HttpServer2 (HttpServer2.java:addGlobalFilter(975)) - Added global filter 'safety' (class=org.apache.hadoop.http.HttpServer2$QuotingInputFilter)
2019-09-02 17:29:26,418 [main] INFO  http.HttpServer2 (HttpServer2.java:addFilter(948)) - Added filter static_user_filter (class=org.apache.hadoop.http.lib.StaticUserWebFilter$StaticUserFilter) to context hddsDatanode
2019-09-02 17:29:26,419 [main] INFO  http.HttpServer2 (HttpServer2.java:addFilter(958)) - Added filter static_user_filter (class=org.apache.hadoop.http.lib.StaticUserWebFilter$StaticUserFilter) to context logs
2019-09-02 17:29:26,419 [main] INFO  http.HttpServer2 (HttpServer2.java:addFilter(958)) - Added filter static_user_filter (class=org.apache.hadoop.http.lib.StaticUserWebFilter$StaticUserFilter) to context static
2019-09-02 17:29:26,420 [main] INFO  http.HttpServer2 (HttpServer2.java:bindListener(1191)) - Jetty bound to port 42920
2019-09-02 17:29:26,420 [main] INFO  server.Server (Server.java:doStart(351)) - jetty-9.3.24.v20180605, build timestamp: 2018-06-05T17:11:56Z, git hash: 84205aa28f11a4f31f2a3b86d1bba2cc8ab69827
2019-09-02 17:29:26,422 [main] INFO  handler.ContextHandler (ContextHandler.java:doStart(781)) - Started o.e.j.s.ServletContextHandler@4ffced4e{/logs,file:///workdir/hadoop-ozone/integration-test/target/log,AVAILABLE}
2019-09-02 17:29:26,422 [main] INFO  handler.ContextHandler (ContextHandler.java:doStart(781)) - Started o.e.j.s.ServletContextHandler@bbb6f0{/static,jar:file:/home/user/.m2/repository/org/apache/hadoop/hadoop-hdds-container-service/0.5.0-SNAPSHOT/hadoop-hdds-container-service-0.5.0-SNAPSHOT.jar!/webapps/static,AVAILABLE}
2019-09-02 17:29:26,460 [main] INFO  handler.ContextHandler (ContextHandler.java:doStart(781)) - Started o.e.j.w.WebAppContext@7d0cd23c{/,file:///tmp/jetty-0.0.0.0-42920-hddsDatanode-_-any-604281240552754854.dir/webapp/,AVAILABLE}{/hddsDatanode}
2019-09-02 17:29:26,461 [main] INFO  server.AbstractConnector (AbstractConnector.java:doStart(278)) - Started ServerConnector@17c4dc5b{HTTP/1.1,[http/1.1]}{0.0.0.0:42920}
2019-09-02 17:29:26,462 [main] INFO  server.Server (Server.java:doStart(419)) - Started @594795ms
2019-09-02 17:29:26,462 [main] WARN  impl.MetricsSystemImpl (MetricsSystemImpl.java:register(276)) - Sink prometheus already exists!
2019-09-02 17:29:26,463 [main] INFO  server.BaseHttpServer (BaseHttpServer.java:updateConnectorAddress(215)) - HTTP server of HDDSDATANODE is listening at http://0.0.0.0:42920
2019-09-02 17:29:26,463 [main] INFO  impl.MetricsSystemImpl (MetricsSystemImpl.java:init(158)) - HddsDatanode metrics system started (again)
2019-09-02 17:29:26,466 [main] INFO  ozone.HddsDatanodeService (HddsDatanodeService.java:start(184)) - HddsDatanodeService host:pr-hdds-1982-decom-states-scqb7-844612507 ip:192.168.36.108
2019-09-02 17:29:26,466 [org.apache.hadoop.util.JvmPauseMonitor$Monitor@48c8dcd2] INFO  util.JvmPauseMonitor (JvmPauseMonitor.java:run(188)) - Starting JVM pause monitor
2019-09-02 17:29:26,467 [Datanode State Machine Thread - 0] INFO  datanode.InitDatanodeState (InitDatanodeState.java:persistContainerDatanodeDetails(140)) - DatanodeDetails is persisted to /workdir/hadoop-ozone/integration-test/target/test-dir/MiniOzoneClusterImpl-e559f1c9-459e-4782-a5d5-306a0def869d/datanode-1/meta/datanode.id
2019-09-02 17:29:26,472 [main] INFO  volume.HddsVolume (HddsVolume.java:<init>(176)) - Creating Volume: /workdir/hadoop-ozone/integration-test/target/test-dir/MiniOzoneClusterImpl-e559f1c9-459e-4782-a5d5-306a0def869d/datanode-2/data/containers/hdds of  storage type : DISK and capacity : 1482555576320
2019-09-02 17:29:26,472 [main] INFO  volume.VolumeSet (VolumeSet.java:initializeVolumeSet(170)) - Added Volume : /workdir/hadoop-ozone/integration-test/target/test-dir/MiniOzoneClusterImpl-e559f1c9-459e-4782-a5d5-306a0def869d/datanode-2/data/containers/hdds to VolumeSet
2019-09-02 17:29:26,473 [main] INFO  volume.ThrottledAsyncChecker (ThrottledAsyncChecker.java:schedule(140)) - Scheduling a check for org.apache.hadoop.ozone.container.common.volume.HddsVolume@2506b881
2019-09-02 17:29:26,473 [main] INFO  volume.HddsVolumeChecker (HddsVolumeChecker.java:checkAllVolumes(203)) - Scheduled health check for volume org.apache.hadoop.ozone.container.common.volume.HddsVolume@2506b881
2019-09-02 17:29:26,488 [main] INFO  impl.RaftServerProxy (ConfUtils.java:logGet(43)) - raft.rpc.type = GRPC (default)
2019-09-02 17:29:26,488 [main] INFO  grpc.GrpcFactory (GrpcFactory.java:checkPooledByteBufAllocatorUseCacheForAllThreads(45)) - PERFORMANCE WARNING: useCacheForAllThreads is true that may cause Netty to create a lot garbage objects and, as a result, trigger GC.
	It is recommended to disable useCacheForAllThreads by setting -Dorg.apache.ratis.thirdparty.io.netty.allocator.useCacheForAllThreads=false in command line.
2019-09-02 17:29:26,488 [main] INFO  grpc.GrpcConfigKeys$Server (ConfUtils.java:logGet(43)) - raft.grpc.server.port = 0 (default)
2019-09-02 17:29:26,488 [main] INFO  server.GrpcService (ConfUtils.java:logGet(43)) - raft.grpc.message.size.max = 33570816 (custom)
2019-09-02 17:29:26,489 [main] INFO  server.RaftServerConfigKeys (ConfUtils.java:logGet(43)) - raft.server.log.appender.buffer.byte-limit = 33554432 (custom)
2019-09-02 17:29:26,489 [main] INFO  server.GrpcService (ConfUtils.java:logGet(43)) - raft.grpc.flow.control.window = 1MB (=1048576) (default)
2019-09-02 17:29:26,489 [main] INFO  server.RaftServerConfigKeys (ConfUtils.java:logGet(43)) - raft.server.rpc.request.timeout = 3000ms (default)
2019-09-02 17:29:26,489 [main] INFO  server.RaftServerConfigKeys (ConfUtils.java:logGet(43)) - raft.server.storage.dir = [/workdir/hadoop-ozone/integration-test/target/test-dir/MiniOzoneClusterImpl-e559f1c9-459e-4782-a5d5-306a0def869d/datanode-2/data/ratis] (custom)
2019-09-02 17:29:26,490 [main] INFO  hdfs.DFSUtil (DFSUtil.java:httpServerTemplateForNNAndJN(1641)) - Starting Web-server for hddsDatanode at: http://0.0.0.0:0
2019-09-02 17:29:26,492 [main] INFO  server.AuthenticationFilter (AuthenticationFilter.java:constructSecretProvider(240)) - Unable to initialize FileSignerSecretProvider, falling back to use random secrets.
2019-09-02 17:29:26,492 [main] WARN  http.HttpRequestLog (HttpRequestLog.java:getRequestLog(97)) - Jetty request log can only be enabled using Log4j
2019-09-02 17:29:26,494 [main] INFO  http.HttpServer2 (HttpServer2.java:addGlobalFilter(975)) - Added global filter 'safety' (class=org.apache.hadoop.http.HttpServer2$QuotingInputFilter)
2019-09-02 17:29:26,494 [main] INFO  http.HttpServer2 (HttpServer2.java:addFilter(948)) - Added filter static_user_filter (class=org.apache.hadoop.http.lib.StaticUserWebFilter$StaticUserFilter) to context hddsDatanode
2019-09-02 17:29:26,494 [main] INFO  http.HttpServer2 (HttpServer2.java:addFilter(958)) - Added filter static_user_filter (class=org.apache.hadoop.http.lib.StaticUserWebFilter$StaticUserFilter) to context logs
2019-09-02 17:29:26,495 [main] INFO  http.HttpServer2 (HttpServer2.java:addFilter(958)) - Added filter static_user_filter (class=org.apache.hadoop.http.lib.StaticUserWebFilter$StaticUserFilter) to context static
2019-09-02 17:29:26,495 [main] INFO  http.HttpServer2 (HttpServer2.java:bindListener(1191)) - Jetty bound to port 39096
2019-09-02 17:29:26,495 [main] INFO  server.Server (Server.java:doStart(351)) - jetty-9.3.24.v20180605, build timestamp: 2018-06-05T17:11:56Z, git hash: 84205aa28f11a4f31f2a3b86d1bba2cc8ab69827
2019-09-02 17:29:26,497 [main] INFO  handler.ContextHandler (ContextHandler.java:doStart(781)) - Started o.e.j.s.ServletContextHandler@723e2d08{/logs,file:///workdir/hadoop-ozone/integration-test/target/log,AVAILABLE}
2019-09-02 17:29:26,497 [main] INFO  handler.ContextHandler (ContextHandler.java:doStart(781)) - Started o.e.j.s.ServletContextHandler@14f060b8{/static,jar:file:/home/user/.m2/repository/org/apache/hadoop/hadoop-hdds-container-service/0.5.0-SNAPSHOT/hadoop-hdds-container-service-0.5.0-SNAPSHOT.jar!/webapps/static,AVAILABLE}
2019-09-02 17:29:26,525 [main] INFO  handler.ContextHandler (ContextHandler.java:doStart(781)) - Started o.e.j.w.WebAppContext@5fb3111a{/,file:///tmp/jetty-0.0.0.0-39096-hddsDatanode-_-any-1397508064432570662.dir/webapp/,AVAILABLE}{/hddsDatanode}
2019-09-02 17:29:26,526 [main] INFO  server.AbstractConnector (AbstractConnector.java:doStart(278)) - Started ServerConnector@4aaecabd{HTTP/1.1,[http/1.1]}{0.0.0.0:39096}
2019-09-02 17:29:26,526 [main] INFO  server.Server (Server.java:doStart(419)) - Started @594859ms
2019-09-02 17:29:26,527 [main] WARN  impl.MetricsSystemImpl (MetricsSystemImpl.java:register(276)) - Sink prometheus already exists!
2019-09-02 17:29:26,527 [main] INFO  server.BaseHttpServer (BaseHttpServer.java:updateConnectorAddress(215)) - HTTP server of HDDSDATANODE is listening at http://0.0.0.0:39096
2019-09-02 17:29:26,528 [main] INFO  impl.MetricsSystemImpl (MetricsSystemImpl.java:init(158)) - HddsDatanode metrics system started (again)
2019-09-02 17:29:26,530 [org.apache.hadoop.util.JvmPauseMonitor$Monitor@9970f21] INFO  util.JvmPauseMonitor (JvmPauseMonitor.java:run(188)) - Starting JVM pause monitor
2019-09-02 17:29:26,530 [main] INFO  ozone.HddsDatanodeService (HddsDatanodeService.java:start(184)) - HddsDatanodeService host:pr-hdds-1982-decom-states-scqb7-844612507 ip:192.168.36.108
2019-09-02 17:29:26,531 [Datanode State Machine Thread - 0] INFO  datanode.InitDatanodeState (InitDatanodeState.java:persistContainerDatanodeDetails(140)) - DatanodeDetails is persisted to /workdir/hadoop-ozone/integration-test/target/test-dir/MiniOzoneClusterImpl-e559f1c9-459e-4782-a5d5-306a0def869d/datanode-2/meta/datanode.id
2019-09-02 17:29:26,537 [main] INFO  volume.HddsVolume (HddsVolume.java:<init>(176)) - Creating Volume: /workdir/hadoop-ozone/integration-test/target/test-dir/MiniOzoneClusterImpl-e559f1c9-459e-4782-a5d5-306a0def869d/datanode-3/data/containers/hdds of  storage type : DISK and capacity : 1482555576320
2019-09-02 17:29:26,537 [main] INFO  volume.VolumeSet (VolumeSet.java:initializeVolumeSet(170)) - Added Volume : /workdir/hadoop-ozone/integration-test/target/test-dir/MiniOzoneClusterImpl-e559f1c9-459e-4782-a5d5-306a0def869d/datanode-3/data/containers/hdds to VolumeSet
2019-09-02 17:29:26,537 [main] INFO  volume.ThrottledAsyncChecker (ThrottledAsyncChecker.java:schedule(140)) - Scheduling a check for org.apache.hadoop.ozone.container.common.volume.HddsVolume@6b8b5020
2019-09-02 17:29:26,538 [main] INFO  volume.HddsVolumeChecker (HddsVolumeChecker.java:checkAllVolumes(203)) - Scheduled health check for volume org.apache.hadoop.ozone.container.common.volume.HddsVolume@6b8b5020
2019-09-02 17:29:26,550 [main] INFO  impl.RaftServerProxy (ConfUtils.java:logGet(43)) - raft.rpc.type = GRPC (default)
2019-09-02 17:29:26,550 [main] INFO  grpc.GrpcFactory (GrpcFactory.java:checkPooledByteBufAllocatorUseCacheForAllThreads(45)) - PERFORMANCE WARNING: useCacheForAllThreads is true that may cause Netty to create a lot garbage objects and, as a result, trigger GC.
	It is recommended to disable useCacheForAllThreads by setting -Dorg.apache.ratis.thirdparty.io.netty.allocator.useCacheForAllThreads=false in command line.
2019-09-02 17:29:26,550 [main] INFO  grpc.GrpcConfigKeys$Server (ConfUtils.java:logGet(43)) - raft.grpc.server.port = 0 (default)
2019-09-02 17:29:26,550 [main] INFO  server.GrpcService (ConfUtils.java:logGet(43)) - raft.grpc.message.size.max = 33570816 (custom)
2019-09-02 17:29:26,551 [main] INFO  server.RaftServerConfigKeys (ConfUtils.java:logGet(43)) - raft.server.log.appender.buffer.byte-limit = 33554432 (custom)
2019-09-02 17:29:26,551 [main] INFO  server.GrpcService (ConfUtils.java:logGet(43)) - raft.grpc.flow.control.window = 1MB (=1048576) (default)
2019-09-02 17:29:26,551 [main] INFO  server.RaftServerConfigKeys (ConfUtils.java:logGet(43)) - raft.server.rpc.request.timeout = 3000ms (default)
2019-09-02 17:29:26,551 [main] INFO  server.RaftServerConfigKeys (ConfUtils.java:logGet(43)) - raft.server.storage.dir = [/workdir/hadoop-ozone/integration-test/target/test-dir/MiniOzoneClusterImpl-e559f1c9-459e-4782-a5d5-306a0def869d/datanode-3/data/ratis] (custom)
2019-09-02 17:29:26,552 [main] INFO  hdfs.DFSUtil (DFSUtil.java:httpServerTemplateForNNAndJN(1641)) - Starting Web-server for hddsDatanode at: http://0.0.0.0:0
2019-09-02 17:29:26,553 [main] INFO  server.AuthenticationFilter (AuthenticationFilter.java:constructSecretProvider(240)) - Unable to initialize FileSignerSecretProvider, falling back to use random secrets.
2019-09-02 17:29:26,554 [main] WARN  http.HttpRequestLog (HttpRequestLog.java:getRequestLog(97)) - Jetty request log can only be enabled using Log4j
2019-09-02 17:29:26,555 [main] INFO  http.HttpServer2 (HttpServer2.java:addGlobalFilter(975)) - Added global filter 'safety' (class=org.apache.hadoop.http.HttpServer2$QuotingInputFilter)
2019-09-02 17:29:26,555 [main] INFO  http.HttpServer2 (HttpServer2.java:addFilter(948)) - Added filter static_user_filter (class=org.apache.hadoop.http.lib.StaticUserWebFilter$StaticUserFilter) to context hddsDatanode
2019-09-02 17:29:26,555 [main] INFO  http.HttpServer2 (HttpServer2.java:addFilter(958)) - Added filter static_user_filter (class=org.apache.hadoop.http.lib.StaticUserWebFilter$StaticUserFilter) to context static
2019-09-02 17:29:26,556 [main] INFO  http.HttpServer2 (HttpServer2.java:addFilter(958)) - Added filter static_user_filter (class=org.apache.hadoop.http.lib.StaticUserWebFilter$StaticUserFilter) to context logs
2019-09-02 17:29:26,556 [main] INFO  http.HttpServer2 (HttpServer2.java:bindListener(1191)) - Jetty bound to port 33912
2019-09-02 17:29:26,556 [main] INFO  server.Server (Server.java:doStart(351)) - jetty-9.3.24.v20180605, build timestamp: 2018-06-05T17:11:56Z, git hash: 84205aa28f11a4f31f2a3b86d1bba2cc8ab69827
2019-09-02 17:29:26,558 [main] INFO  handler.ContextHandler (ContextHandler.java:doStart(781)) - Started o.e.j.s.ServletContextHandler@67f946c3{/logs,file:///workdir/hadoop-ozone/integration-test/target/log,AVAILABLE}
2019-09-02 17:29:26,558 [main] INFO  handler.ContextHandler (ContextHandler.java:doStart(781)) - Started o.e.j.s.ServletContextHandler@1785d194{/static,jar:file:/home/user/.m2/repository/org/apache/hadoop/hadoop-hdds-container-service/0.5.0-SNAPSHOT/hadoop-hdds-container-service-0.5.0-SNAPSHOT.jar!/webapps/static,AVAILABLE}
2019-09-02 17:29:26,585 [main] INFO  handler.ContextHandler (ContextHandler.java:doStart(781)) - Started o.e.j.w.WebAppContext@27ec8754{/,file:///tmp/jetty-0.0.0.0-33912-hddsDatanode-_-any-8525983940843853617.dir/webapp/,AVAILABLE}{/hddsDatanode}
2019-09-02 17:29:26,586 [main] INFO  server.AbstractConnector (AbstractConnector.java:doStart(278)) - Started ServerConnector@3bbf1c0d{HTTP/1.1,[http/1.1]}{0.0.0.0:33912}
2019-09-02 17:29:26,587 [main] INFO  server.Server (Server.java:doStart(419)) - Started @594921ms
2019-09-02 17:29:26,587 [main] WARN  impl.MetricsSystemImpl (MetricsSystemImpl.java:register(276)) - Sink prometheus already exists!
2019-09-02 17:29:26,588 [main] INFO  server.BaseHttpServer (BaseHttpServer.java:updateConnectorAddress(215)) - HTTP server of HDDSDATANODE is listening at http://0.0.0.0:33912
2019-09-02 17:29:26,588 [main] INFO  impl.MetricsSystemImpl (MetricsSystemImpl.java:init(158)) - HddsDatanode metrics system started (again)
2019-09-02 17:29:26,592 [org.apache.hadoop.util.JvmPauseMonitor$Monitor@29299e0d] INFO  util.JvmPauseMonitor (JvmPauseMonitor.java:run(188)) - Starting JVM pause monitor
2019-09-02 17:29:26,592 [main] INFO  ozone.HddsDatanodeService (HddsDatanodeService.java:start(184)) - HddsDatanodeService host:pr-hdds-1982-decom-states-scqb7-844612507 ip:192.168.36.108
2019-09-02 17:29:26,593 [Datanode State Machine Thread - 0] INFO  datanode.InitDatanodeState (InitDatanodeState.java:persistContainerDatanodeDetails(140)) - DatanodeDetails is persisted to /workdir/hadoop-ozone/integration-test/target/test-dir/MiniOzoneClusterImpl-e559f1c9-459e-4782-a5d5-306a0def869d/datanode-3/meta/datanode.id
2019-09-02 17:29:26,599 [main] INFO  volume.HddsVolume (HddsVolume.java:<init>(176)) - Creating Volume: /workdir/hadoop-ozone/integration-test/target/test-dir/MiniOzoneClusterImpl-e559f1c9-459e-4782-a5d5-306a0def869d/datanode-4/data/containers/hdds of  storage type : DISK and capacity : 1482555576320
2019-09-02 17:29:26,599 [main] INFO  volume.VolumeSet (VolumeSet.java:initializeVolumeSet(170)) - Added Volume : /workdir/hadoop-ozone/integration-test/target/test-dir/MiniOzoneClusterImpl-e559f1c9-459e-4782-a5d5-306a0def869d/datanode-4/data/containers/hdds to VolumeSet
2019-09-02 17:29:26,599 [main] INFO  volume.ThrottledAsyncChecker (ThrottledAsyncChecker.java:schedule(140)) - Scheduling a check for org.apache.hadoop.ozone.container.common.volume.HddsVolume@310d57b1
2019-09-02 17:29:26,599 [main] INFO  volume.HddsVolumeChecker (HddsVolumeChecker.java:checkAllVolumes(203)) - Scheduled health check for volume org.apache.hadoop.ozone.container.common.volume.HddsVolume@310d57b1
2019-09-02 17:29:26,613 [main] INFO  impl.RaftServerProxy (ConfUtils.java:logGet(43)) - raft.rpc.type = GRPC (default)
2019-09-02 17:29:26,613 [main] INFO  grpc.GrpcFactory (GrpcFactory.java:checkPooledByteBufAllocatorUseCacheForAllThreads(45)) - PERFORMANCE WARNING: useCacheForAllThreads is true that may cause Netty to create a lot garbage objects and, as a result, trigger GC.
	It is recommended to disable useCacheForAllThreads by setting -Dorg.apache.ratis.thirdparty.io.netty.allocator.useCacheForAllThreads=false in command line.
2019-09-02 17:29:26,613 [main] INFO  grpc.GrpcConfigKeys$Server (ConfUtils.java:logGet(43)) - raft.grpc.server.port = 0 (default)
2019-09-02 17:29:26,614 [main] INFO  server.GrpcService (ConfUtils.java:logGet(43)) - raft.grpc.message.size.max = 33570816 (custom)
2019-09-02 17:29:26,614 [main] INFO  server.RaftServerConfigKeys (ConfUtils.java:logGet(43)) - raft.server.log.appender.buffer.byte-limit = 33554432 (custom)
2019-09-02 17:29:26,614 [main] INFO  server.GrpcService (ConfUtils.java:logGet(43)) - raft.grpc.flow.control.window = 1MB (=1048576) (default)
2019-09-02 17:29:26,614 [main] INFO  server.RaftServerConfigKeys (ConfUtils.java:logGet(43)) - raft.server.rpc.request.timeout = 3000ms (default)
2019-09-02 17:29:26,615 [main] INFO  server.RaftServerConfigKeys (ConfUtils.java:logGet(43)) - raft.server.storage.dir = [/workdir/hadoop-ozone/integration-test/target/test-dir/MiniOzoneClusterImpl-e559f1c9-459e-4782-a5d5-306a0def869d/datanode-4/data/ratis] (custom)
2019-09-02 17:29:26,616 [main] INFO  hdfs.DFSUtil (DFSUtil.java:httpServerTemplateForNNAndJN(1641)) - Starting Web-server for hddsDatanode at: http://0.0.0.0:0
2019-09-02 17:29:26,617 [main] INFO  server.AuthenticationFilter (AuthenticationFilter.java:constructSecretProvider(240)) - Unable to initialize FileSignerSecretProvider, falling back to use random secrets.
2019-09-02 17:29:26,617 [main] WARN  http.HttpRequestLog (HttpRequestLog.java:getRequestLog(97)) - Jetty request log can only be enabled using Log4j
2019-09-02 17:29:26,619 [main] INFO  http.HttpServer2 (HttpServer2.java:addGlobalFilter(975)) - Added global filter 'safety' (class=org.apache.hadoop.http.HttpServer2$QuotingInputFilter)
2019-09-02 17:29:26,619 [main] INFO  http.HttpServer2 (HttpServer2.java:addFilter(948)) - Added filter static_user_filter (class=org.apache.hadoop.http.lib.StaticUserWebFilter$StaticUserFilter) to context hddsDatanode
2019-09-02 17:29:26,620 [main] INFO  http.HttpServer2 (HttpServer2.java:addFilter(958)) - Added filter static_user_filter (class=org.apache.hadoop.http.lib.StaticUserWebFilter$StaticUserFilter) to context logs
2019-09-02 17:29:26,620 [main] INFO  http.HttpServer2 (HttpServer2.java:addFilter(958)) - Added filter static_user_filter (class=org.apache.hadoop.http.lib.StaticUserWebFilter$StaticUserFilter) to context static
2019-09-02 17:29:26,620 [main] INFO  http.HttpServer2 (HttpServer2.java:bindListener(1191)) - Jetty bound to port 33899
2019-09-02 17:29:26,621 [main] INFO  server.Server (Server.java:doStart(351)) - jetty-9.3.24.v20180605, build timestamp: 2018-06-05T17:11:56Z, git hash: 84205aa28f11a4f31f2a3b86d1bba2cc8ab69827
2019-09-02 17:29:26,622 [main] INFO  handler.ContextHandler (ContextHandler.java:doStart(781)) - Started o.e.j.s.ServletContextHandler@2997ddfc{/logs,file:///workdir/hadoop-ozone/integration-test/target/log,AVAILABLE}
2019-09-02 17:29:26,623 [main] INFO  handler.ContextHandler (ContextHandler.java:doStart(781)) - Started o.e.j.s.ServletContextHandler@78d73b1b{/static,jar:file:/home/user/.m2/repository/org/apache/hadoop/hadoop-hdds-container-service/0.5.0-SNAPSHOT/hadoop-hdds-container-service-0.5.0-SNAPSHOT.jar!/webapps/static,AVAILABLE}
2019-09-02 17:29:26,650 [main] INFO  handler.ContextHandler (ContextHandler.java:doStart(781)) - Started o.e.j.w.WebAppContext@39c87b42{/,file:///tmp/jetty-0.0.0.0-33899-hddsDatanode-_-any-3071967262233706426.dir/webapp/,AVAILABLE}{/hddsDatanode}
2019-09-02 17:29:26,650 [main] INFO  server.AbstractConnector (AbstractConnector.java:doStart(278)) - Started ServerConnector@47fcefb3{HTTP/1.1,[http/1.1]}{0.0.0.0:33899}
2019-09-02 17:29:26,650 [main] INFO  server.Server (Server.java:doStart(419)) - Started @594984ms
2019-09-02 17:29:26,652 [main] WARN  impl.MetricsSystemImpl (MetricsSystemImpl.java:register(276)) - Sink prometheus already exists!
2019-09-02 17:29:26,652 [main] INFO  server.BaseHttpServer (BaseHttpServer.java:updateConnectorAddress(215)) - HTTP server of HDDSDATANODE is listening at http://0.0.0.0:33899
2019-09-02 17:29:26,653 [main] INFO  impl.MetricsSystemImpl (MetricsSystemImpl.java:init(158)) - HddsDatanode metrics system started (again)
2019-09-02 17:29:26,654 [org.apache.hadoop.util.JvmPauseMonitor$Monitor@2f6d9787] INFO  util.JvmPauseMonitor (JvmPauseMonitor.java:run(188)) - Starting JVM pause monitor
2019-09-02 17:29:26,658 [Datanode State Machine Thread - 0] INFO  datanode.InitDatanodeState (InitDatanodeState.java:persistContainerDatanodeDetails(140)) - DatanodeDetails is persisted to /workdir/hadoop-ozone/integration-test/target/test-dir/MiniOzoneClusterImpl-e559f1c9-459e-4782-a5d5-306a0def869d/datanode-4/meta/datanode.id
2019-09-02 17:29:26,658 [main] INFO  ozone.HddsDatanodeService (HddsDatanodeService.java:start(184)) - HddsDatanodeService host:pr-hdds-1982-decom-states-scqb7-844612507 ip:192.168.36.108
2019-09-02 17:29:26,665 [main] INFO  volume.HddsVolume (HddsVolume.java:<init>(176)) - Creating Volume: /workdir/hadoop-ozone/integration-test/target/test-dir/MiniOzoneClusterImpl-e559f1c9-459e-4782-a5d5-306a0def869d/datanode-5/data/containers/hdds of  storage type : DISK and capacity : 1482555576320
2019-09-02 17:29:26,666 [main] INFO  volume.VolumeSet (VolumeSet.java:initializeVolumeSet(170)) - Added Volume : /workdir/hadoop-ozone/integration-test/target/test-dir/MiniOzoneClusterImpl-e559f1c9-459e-4782-a5d5-306a0def869d/datanode-5/data/containers/hdds to VolumeSet
2019-09-02 17:29:26,666 [main] INFO  volume.ThrottledAsyncChecker (ThrottledAsyncChecker.java:schedule(140)) - Scheduling a check for org.apache.hadoop.ozone.container.common.volume.HddsVolume@3cb6e0ee
2019-09-02 17:29:26,667 [main] INFO  volume.HddsVolumeChecker (HddsVolumeChecker.java:checkAllVolumes(203)) - Scheduled health check for volume org.apache.hadoop.ozone.container.common.volume.HddsVolume@3cb6e0ee
2019-09-02 17:29:26,688 [main] INFO  impl.RaftServerProxy (ConfUtils.java:logGet(43)) - raft.rpc.type = GRPC (default)
2019-09-02 17:29:26,689 [main] INFO  grpc.GrpcFactory (GrpcFactory.java:checkPooledByteBufAllocatorUseCacheForAllThreads(45)) - PERFORMANCE WARNING: useCacheForAllThreads is true that may cause Netty to create a lot garbage objects and, as a result, trigger GC.
	It is recommended to disable useCacheForAllThreads by setting -Dorg.apache.ratis.thirdparty.io.netty.allocator.useCacheForAllThreads=false in command line.
2019-09-02 17:29:26,689 [main] INFO  grpc.GrpcConfigKeys$Server (ConfUtils.java:logGet(43)) - raft.grpc.server.port = 0 (default)
2019-09-02 17:29:26,689 [main] INFO  server.GrpcService (ConfUtils.java:logGet(43)) - raft.grpc.message.size.max = 33570816 (custom)
2019-09-02 17:29:26,689 [main] INFO  server.RaftServerConfigKeys (ConfUtils.java:logGet(43)) - raft.server.log.appender.buffer.byte-limit = 33554432 (custom)
2019-09-02 17:29:26,690 [main] INFO  server.GrpcService (ConfUtils.java:logGet(43)) - raft.grpc.flow.control.window = 1MB (=1048576) (default)
2019-09-02 17:29:26,690 [main] INFO  server.RaftServerConfigKeys (ConfUtils.java:logGet(43)) - raft.server.rpc.request.timeout = 3000ms (default)
2019-09-02 17:29:26,691 [main] INFO  server.RaftServerConfigKeys (ConfUtils.java:logGet(43)) - raft.server.storage.dir = [/workdir/hadoop-ozone/integration-test/target/test-dir/MiniOzoneClusterImpl-e559f1c9-459e-4782-a5d5-306a0def869d/datanode-5/data/ratis] (custom)
2019-09-02 17:29:26,692 [main] INFO  hdfs.DFSUtil (DFSUtil.java:httpServerTemplateForNNAndJN(1641)) - Starting Web-server for hddsDatanode at: http://0.0.0.0:0
2019-09-02 17:29:26,693 [main] INFO  server.AuthenticationFilter (AuthenticationFilter.java:constructSecretProvider(240)) - Unable to initialize FileSignerSecretProvider, falling back to use random secrets.
2019-09-02 17:29:26,694 [main] WARN  http.HttpRequestLog (HttpRequestLog.java:getRequestLog(97)) - Jetty request log can only be enabled using Log4j
2019-09-02 17:29:26,696 [main] INFO  http.HttpServer2 (HttpServer2.java:addGlobalFilter(975)) - Added global filter 'safety' (class=org.apache.hadoop.http.HttpServer2$QuotingInputFilter)
2019-09-02 17:29:26,697 [main] INFO  http.HttpServer2 (HttpServer2.java:addFilter(948)) - Added filter static_user_filter (class=org.apache.hadoop.http.lib.StaticUserWebFilter$StaticUserFilter) to context hddsDatanode
2019-09-02 17:29:26,697 [main] INFO  http.HttpServer2 (HttpServer2.java:addFilter(958)) - Added filter static_user_filter (class=org.apache.hadoop.http.lib.StaticUserWebFilter$StaticUserFilter) to context static
2019-09-02 17:29:26,697 [main] INFO  http.HttpServer2 (HttpServer2.java:addFilter(958)) - Added filter static_user_filter (class=org.apache.hadoop.http.lib.StaticUserWebFilter$StaticUserFilter) to context logs
2019-09-02 17:29:26,698 [main] INFO  http.HttpServer2 (HttpServer2.java:bindListener(1191)) - Jetty bound to port 37017
2019-09-02 17:29:26,698 [main] INFO  server.Server (Server.java:doStart(351)) - jetty-9.3.24.v20180605, build timestamp: 2018-06-05T17:11:56Z, git hash: 84205aa28f11a4f31f2a3b86d1bba2cc8ab69827
2019-09-02 17:29:26,700 [main] INFO  handler.ContextHandler (ContextHandler.java:doStart(781)) - Started o.e.j.s.ServletContextHandler@5a30722c{/logs,file:///workdir/hadoop-ozone/integration-test/target/log,AVAILABLE}
2019-09-02 17:29:26,701 [main] INFO  handler.ContextHandler (ContextHandler.java:doStart(781)) - Started o.e.j.s.ServletContextHandler@2484dbb7{/static,jar:file:/home/user/.m2/repository/org/apache/hadoop/hadoop-hdds-container-service/0.5.0-SNAPSHOT/hadoop-hdds-container-service-0.5.0-SNAPSHOT.jar!/webapps/static,AVAILABLE}
2019-09-02 17:29:26,734 [main] INFO  handler.ContextHandler (ContextHandler.java:doStart(781)) - Started o.e.j.w.WebAppContext@5faeeb56{/,file:///tmp/jetty-0.0.0.0-37017-hddsDatanode-_-any-2809878965841554545.dir/webapp/,AVAILABLE}{/hddsDatanode}
2019-09-02 17:29:26,735 [main] INFO  server.AbstractConnector (AbstractConnector.java:doStart(278)) - Started ServerConnector@5396eeb1{HTTP/1.1,[http/1.1]}{0.0.0.0:37017}
2019-09-02 17:29:26,737 [main] INFO  server.Server (Server.java:doStart(419)) - Started @595070ms
2019-09-02 17:29:26,737 [main] WARN  impl.MetricsSystemImpl (MetricsSystemImpl.java:register(276)) - Sink prometheus already exists!
2019-09-02 17:29:26,738 [main] INFO  server.BaseHttpServer (BaseHttpServer.java:updateConnectorAddress(215)) - HTTP server of HDDSDATANODE is listening at http://0.0.0.0:37017
2019-09-02 17:29:26,738 [main] INFO  impl.MetricsSystemImpl (MetricsSystemImpl.java:init(158)) - HddsDatanode metrics system started (again)
2019-09-02 17:29:26,741 [org.apache.hadoop.util.JvmPauseMonitor$Monitor@11729eae] INFO  util.JvmPauseMonitor (JvmPauseMonitor.java:run(188)) - Starting JVM pause monitor
2019-09-02 17:29:26,742 [main] INFO  ozone.HddsDatanodeService (HddsDatanodeService.java:start(184)) - HddsDatanodeService host:pr-hdds-1982-decom-states-scqb7-844612507 ip:192.168.36.108
2019-09-02 17:29:26,743 [Datanode State Machine Thread - 0] INFO  datanode.InitDatanodeState (InitDatanodeState.java:persistContainerDatanodeDetails(140)) - DatanodeDetails is persisted to /workdir/hadoop-ozone/integration-test/target/test-dir/MiniOzoneClusterImpl-e559f1c9-459e-4782-a5d5-306a0def869d/datanode-5/meta/datanode.id
2019-09-02 17:29:26,749 [main] INFO  volume.HddsVolume (HddsVolume.java:<init>(176)) - Creating Volume: /workdir/hadoop-ozone/integration-test/target/test-dir/MiniOzoneClusterImpl-e559f1c9-459e-4782-a5d5-306a0def869d/datanode-6/data/containers/hdds of  storage type : DISK and capacity : 1482555576320
2019-09-02 17:29:26,749 [main] INFO  volume.VolumeSet (VolumeSet.java:initializeVolumeSet(170)) - Added Volume : /workdir/hadoop-ozone/integration-test/target/test-dir/MiniOzoneClusterImpl-e559f1c9-459e-4782-a5d5-306a0def869d/datanode-6/data/containers/hdds to VolumeSet
2019-09-02 17:29:26,749 [main] INFO  volume.ThrottledAsyncChecker (ThrottledAsyncChecker.java:schedule(140)) - Scheduling a check for org.apache.hadoop.ozone.container.common.volume.HddsVolume@1291aab5
2019-09-02 17:29:26,750 [main] INFO  volume.HddsVolumeChecker (HddsVolumeChecker.java:checkAllVolumes(203)) - Scheduled health check for volume org.apache.hadoop.ozone.container.common.volume.HddsVolume@1291aab5
2019-09-02 17:29:26,768 [main] INFO  impl.RaftServerProxy (ConfUtils.java:logGet(43)) - raft.rpc.type = GRPC (default)
2019-09-02 17:29:26,768 [main] INFO  grpc.GrpcFactory (GrpcFactory.java:checkPooledByteBufAllocatorUseCacheForAllThreads(45)) - PERFORMANCE WARNING: useCacheForAllThreads is true that may cause Netty to create a lot garbage objects and, as a result, trigger GC.
	It is recommended to disable useCacheForAllThreads by setting -Dorg.apache.ratis.thirdparty.io.netty.allocator.useCacheForAllThreads=false in command line.
2019-09-02 17:29:26,768 [main] INFO  grpc.GrpcConfigKeys$Server (ConfUtils.java:logGet(43)) - raft.grpc.server.port = 0 (default)
2019-09-02 17:29:26,769 [main] INFO  server.GrpcService (ConfUtils.java:logGet(43)) - raft.grpc.message.size.max = 33570816 (custom)
2019-09-02 17:29:26,769 [main] INFO  server.RaftServerConfigKeys (ConfUtils.java:logGet(43)) - raft.server.log.appender.buffer.byte-limit = 33554432 (custom)
2019-09-02 17:29:26,769 [main] INFO  server.GrpcService (ConfUtils.java:logGet(43)) - raft.grpc.flow.control.window = 1MB (=1048576) (default)
2019-09-02 17:29:26,769 [main] INFO  server.RaftServerConfigKeys (ConfUtils.java:logGet(43)) - raft.server.rpc.request.timeout = 3000ms (default)
2019-09-02 17:29:26,770 [main] INFO  server.RaftServerConfigKeys (ConfUtils.java:logGet(43)) - raft.server.storage.dir = [/workdir/hadoop-ozone/integration-test/target/test-dir/MiniOzoneClusterImpl-e559f1c9-459e-4782-a5d5-306a0def869d/datanode-6/data/ratis] (custom)
2019-09-02 17:29:26,771 [main] INFO  hdfs.DFSUtil (DFSUtil.java:httpServerTemplateForNNAndJN(1641)) - Starting Web-server for hddsDatanode at: http://0.0.0.0:0
2019-09-02 17:29:26,773 [main] INFO  server.AuthenticationFilter (AuthenticationFilter.java:constructSecretProvider(240)) - Unable to initialize FileSignerSecretProvider, falling back to use random secrets.
2019-09-02 17:29:26,773 [main] WARN  http.HttpRequestLog (HttpRequestLog.java:getRequestLog(97)) - Jetty request log can only be enabled using Log4j
2019-09-02 17:29:26,775 [main] INFO  http.HttpServer2 (HttpServer2.java:addGlobalFilter(975)) - Added global filter 'safety' (class=org.apache.hadoop.http.HttpServer2$QuotingInputFilter)
2019-09-02 17:29:26,776 [main] INFO  http.HttpServer2 (HttpServer2.java:addFilter(948)) - Added filter static_user_filter (class=org.apache.hadoop.http.lib.StaticUserWebFilter$StaticUserFilter) to context hddsDatanode
2019-09-02 17:29:26,776 [main] INFO  http.HttpServer2 (HttpServer2.java:addFilter(958)) - Added filter static_user_filter (class=org.apache.hadoop.http.lib.StaticUserWebFilter$StaticUserFilter) to context static
2019-09-02 17:29:26,776 [main] INFO  http.HttpServer2 (HttpServer2.java:addFilter(958)) - Added filter static_user_filter (class=org.apache.hadoop.http.lib.StaticUserWebFilter$StaticUserFilter) to context logs
2019-09-02 17:29:26,777 [main] INFO  http.HttpServer2 (HttpServer2.java:bindListener(1191)) - Jetty bound to port 43260
2019-09-02 17:29:26,777 [main] INFO  server.Server (Server.java:doStart(351)) - jetty-9.3.24.v20180605, build timestamp: 2018-06-05T17:11:56Z, git hash: 84205aa28f11a4f31f2a3b86d1bba2cc8ab69827
2019-09-02 17:29:26,779 [main] INFO  handler.ContextHandler (ContextHandler.java:doStart(781)) - Started o.e.j.s.ServletContextHandler@d8835af{/logs,file:///workdir/hadoop-ozone/integration-test/target/log,AVAILABLE}
2019-09-02 17:29:26,779 [main] INFO  handler.ContextHandler (ContextHandler.java:doStart(781)) - Started o.e.j.s.ServletContextHandler@6aae0e6f{/static,jar:file:/home/user/.m2/repository/org/apache/hadoop/hadoop-hdds-container-service/0.5.0-SNAPSHOT/hadoop-hdds-container-service-0.5.0-SNAPSHOT.jar!/webapps/static,AVAILABLE}
2019-09-02 17:29:26,813 [main] INFO  handler.ContextHandler (ContextHandler.java:doStart(781)) - Started o.e.j.w.WebAppContext@723742b2{/,file:///tmp/jetty-0.0.0.0-43260-hddsDatanode-_-any-2702660302040909678.dir/webapp/,AVAILABLE}{/hddsDatanode}
2019-09-02 17:29:26,813 [main] INFO  server.AbstractConnector (AbstractConnector.java:doStart(278)) - Started ServerConnector@559991f5{HTTP/1.1,[http/1.1]}{0.0.0.0:43260}
2019-09-02 17:29:26,813 [main] INFO  server.Server (Server.java:doStart(419)) - Started @595147ms
2019-09-02 17:29:26,817 [main] WARN  impl.MetricsSystemImpl (MetricsSystemImpl.java:register(276)) - Sink prometheus already exists!
2019-09-02 17:29:26,818 [main] INFO  server.BaseHttpServer (BaseHttpServer.java:updateConnectorAddress(215)) - HTTP server of HDDSDATANODE is listening at http://0.0.0.0:43260
2019-09-02 17:29:26,818 [main] INFO  ozone.MiniOzoneClusterImpl (MiniOzoneClusterImpl.java:lambda$waitForClusterToBeReady$0(140)) - Waiting for cluster to be ready. Got 0 of 7 DN Heartbeats.
2019-09-02 17:29:26,819 [org.apache.hadoop.util.JvmPauseMonitor$Monitor@4d5cad5c] INFO  util.JvmPauseMonitor (JvmPauseMonitor.java:run(188)) - Starting JVM pause monitor
2019-09-02 17:29:26,820 [Datanode State Machine Thread - 0] INFO  datanode.InitDatanodeState (InitDatanodeState.java:persistContainerDatanodeDetails(140)) - DatanodeDetails is persisted to /workdir/hadoop-ozone/integration-test/target/test-dir/MiniOzoneClusterImpl-e559f1c9-459e-4782-a5d5-306a0def869d/datanode-6/meta/datanode.id
2019-09-02 17:29:27,818 [main] INFO  ozone.MiniOzoneClusterImpl (MiniOzoneClusterImpl.java:lambda$waitForClusterToBeReady$0(140)) - Waiting for cluster to be ready. Got 0 of 7 DN Heartbeats.
2019-09-02 17:29:28,406 [Datanode State Machine Thread - 0] INFO  ozoneimpl.OzoneContainer (OzoneContainer.java:start(201)) - Attempting to start container services.
2019-09-02 17:29:28,407 [Datanode State Machine Thread - 0] INFO  ozoneimpl.OzoneContainer (OzoneContainer.java:startContainerScrub(175)) - Background container scrubber has been disabled by hdds.containerscrub.enabled
2019-09-02 17:29:28,407 [Datanode State Machine Thread - 0] INFO  ratis.XceiverServerRatis (XceiverServerRatis.java:start(393)) - Starting XceiverServerRatis 58181834-ae2d-4234-b7b5-7f7cdd8a2cb8 at port 0
2019-09-02 17:29:28,412 [Datanode State Machine Thread - 0] INFO  impl.RaftServerProxy (RaftServerProxy.java:lambda$start$3(299)) - 58181834-ae2d-4234-b7b5-7f7cdd8a2cb8: start RPC server
2019-09-02 17:29:28,414 [Datanode State Machine Thread - 0] INFO  server.GrpcService (GrpcService.java:startImpl(149)) - 58181834-ae2d-4234-b7b5-7f7cdd8a2cb8: GrpcService started, listening on 0.0.0.0/0.0.0.0:33919
2019-09-02 17:29:28,414 [Datanode State Machine Thread - 0] INFO  ratis.XceiverServerRatis (XceiverServerRatis.java:start(403)) - XceiverServerRatis 58181834-ae2d-4234-b7b5-7f7cdd8a2cb8 is started using port 33919
2019-09-02 17:29:28,415 [Datanode State Machine Thread - 0] INFO  server.XceiverServerGrpc (XceiverServerGrpc.java:start(163)) - XceiverServerGrpc 58181834-ae2d-4234-b7b5-7f7cdd8a2cb8 is started using port 37701
2019-09-02 17:29:28,481 [Datanode State Machine Thread - 0] INFO  ozoneimpl.OzoneContainer (OzoneContainer.java:start(201)) - Attempting to start container services.
2019-09-02 17:29:28,481 [Datanode State Machine Thread - 0] INFO  ozoneimpl.OzoneContainer (OzoneContainer.java:startContainerScrub(175)) - Background container scrubber has been disabled by hdds.containerscrub.enabled
2019-09-02 17:29:28,481 [Datanode State Machine Thread - 0] INFO  ratis.XceiverServerRatis (XceiverServerRatis.java:start(393)) - Starting XceiverServerRatis 9826e914-fbfc-44b9-9062-42de28e9045f at port 0
2019-09-02 17:29:28,486 [Datanode State Machine Thread - 0] INFO  impl.RaftServerProxy (RaftServerProxy.java:lambda$start$3(299)) - 9826e914-fbfc-44b9-9062-42de28e9045f: start RPC server
2019-09-02 17:29:28,487 [Datanode State Machine Thread - 0] INFO  server.GrpcService (GrpcService.java:startImpl(149)) - 9826e914-fbfc-44b9-9062-42de28e9045f: GrpcService started, listening on 0.0.0.0/0.0.0.0:46253
2019-09-02 17:29:28,487 [Datanode State Machine Thread - 0] INFO  ratis.XceiverServerRatis (XceiverServerRatis.java:start(403)) - XceiverServerRatis 9826e914-fbfc-44b9-9062-42de28e9045f is started using port 46253
2019-09-02 17:29:28,488 [Datanode State Machine Thread - 0] INFO  server.XceiverServerGrpc (XceiverServerGrpc.java:start(163)) - XceiverServerGrpc 9826e914-fbfc-44b9-9062-42de28e9045f is started using port 45544
2019-09-02 17:29:28,543 [Datanode State Machine Thread - 0] INFO  ozoneimpl.OzoneContainer (OzoneContainer.java:start(201)) - Attempting to start container services.
2019-09-02 17:29:28,543 [Datanode State Machine Thread - 0] INFO  ozoneimpl.OzoneContainer (OzoneContainer.java:startContainerScrub(175)) - Background container scrubber has been disabled by hdds.containerscrub.enabled
2019-09-02 17:29:28,543 [Datanode State Machine Thread - 0] INFO  ratis.XceiverServerRatis (XceiverServerRatis.java:start(393)) - Starting XceiverServerRatis a01dd778-3426-48bd-ab61-39edd5ffa8da at port 0
2019-09-02 17:29:28,548 [Datanode State Machine Thread - 0] INFO  impl.RaftServerProxy (RaftServerProxy.java:lambda$start$3(299)) - a01dd778-3426-48bd-ab61-39edd5ffa8da: start RPC server
2019-09-02 17:29:28,550 [Datanode State Machine Thread - 0] INFO  server.GrpcService (GrpcService.java:startImpl(149)) - a01dd778-3426-48bd-ab61-39edd5ffa8da: GrpcService started, listening on 0.0.0.0/0.0.0.0:44950
2019-09-02 17:29:28,550 [Datanode State Machine Thread - 0] INFO  ratis.XceiverServerRatis (XceiverServerRatis.java:start(403)) - XceiverServerRatis a01dd778-3426-48bd-ab61-39edd5ffa8da is started using port 44950
2019-09-02 17:29:28,550 [Datanode State Machine Thread - 0] INFO  server.XceiverServerGrpc (XceiverServerGrpc.java:start(163)) - XceiverServerGrpc a01dd778-3426-48bd-ab61-39edd5ffa8da is started using port 34595
2019-09-02 17:29:28,605 [Datanode State Machine Thread - 0] INFO  ozoneimpl.OzoneContainer (OzoneContainer.java:start(201)) - Attempting to start container services.
2019-09-02 17:29:28,605 [Datanode State Machine Thread - 0] INFO  ozoneimpl.OzoneContainer (OzoneContainer.java:startContainerScrub(175)) - Background container scrubber has been disabled by hdds.containerscrub.enabled
2019-09-02 17:29:28,605 [Datanode State Machine Thread - 0] INFO  ratis.XceiverServerRatis (XceiverServerRatis.java:start(393)) - Starting XceiverServerRatis 30722616-804a-4c33-9e8d-7555c917aefe at port 0
2019-09-02 17:29:28,610 [Datanode State Machine Thread - 0] INFO  impl.RaftServerProxy (RaftServerProxy.java:lambda$start$3(299)) - 30722616-804a-4c33-9e8d-7555c917aefe: start RPC server
2019-09-02 17:29:28,611 [Datanode State Machine Thread - 0] INFO  server.GrpcService (GrpcService.java:startImpl(149)) - 30722616-804a-4c33-9e8d-7555c917aefe: GrpcService started, listening on 0.0.0.0/0.0.0.0:38735
2019-09-02 17:29:28,611 [Datanode State Machine Thread - 0] INFO  ratis.XceiverServerRatis (XceiverServerRatis.java:start(403)) - XceiverServerRatis 30722616-804a-4c33-9e8d-7555c917aefe is started using port 38735
2019-09-02 17:29:28,611 [Datanode State Machine Thread - 0] INFO  server.XceiverServerGrpc (XceiverServerGrpc.java:start(163)) - XceiverServerGrpc 30722616-804a-4c33-9e8d-7555c917aefe is started using port 37920
2019-09-02 17:29:28,668 [Datanode State Machine Thread - 0] INFO  ozoneimpl.OzoneContainer (OzoneContainer.java:start(201)) - Attempting to start container services.
2019-09-02 17:29:28,668 [Datanode State Machine Thread - 0] INFO  ozoneimpl.OzoneContainer (OzoneContainer.java:startContainerScrub(175)) - Background container scrubber has been disabled by hdds.containerscrub.enabled
2019-09-02 17:29:28,669 [Datanode State Machine Thread - 0] INFO  ratis.XceiverServerRatis (XceiverServerRatis.java:start(393)) - Starting XceiverServerRatis 08cdee05-7543-4b36-9019-d7315469c5c6 at port 0
2019-09-02 17:29:28,673 [Datanode State Machine Thread - 0] INFO  impl.RaftServerProxy (RaftServerProxy.java:lambda$start$3(299)) - 08cdee05-7543-4b36-9019-d7315469c5c6: start RPC server
2019-09-02 17:29:28,674 [Datanode State Machine Thread - 0] INFO  server.GrpcService (GrpcService.java:startImpl(149)) - 08cdee05-7543-4b36-9019-d7315469c5c6: GrpcService started, listening on 0.0.0.0/0.0.0.0:36128
2019-09-02 17:29:28,674 [Datanode State Machine Thread - 0] INFO  ratis.XceiverServerRatis (XceiverServerRatis.java:start(403)) - XceiverServerRatis 08cdee05-7543-4b36-9019-d7315469c5c6 is started using port 36128
2019-09-02 17:29:28,677 [Datanode State Machine Thread - 0] INFO  server.XceiverServerGrpc (XceiverServerGrpc.java:start(163)) - XceiverServerGrpc 08cdee05-7543-4b36-9019-d7315469c5c6 is started using port 45817
2019-09-02 17:29:28,756 [Datanode State Machine Thread - 0] INFO  ozoneimpl.OzoneContainer (OzoneContainer.java:start(201)) - Attempting to start container services.
2019-09-02 17:29:28,757 [Datanode State Machine Thread - 0] INFO  ozoneimpl.OzoneContainer (OzoneContainer.java:startContainerScrub(175)) - Background container scrubber has been disabled by hdds.containerscrub.enabled
2019-09-02 17:29:28,757 [Datanode State Machine Thread - 0] INFO  ratis.XceiverServerRatis (XceiverServerRatis.java:start(393)) - Starting XceiverServerRatis c5cb85f2-5fb8-4def-a26e-7a40ca6d8c48 at port 0
2019-09-02 17:29:28,764 [Datanode State Machine Thread - 0] INFO  impl.RaftServerProxy (RaftServerProxy.java:lambda$start$3(299)) - c5cb85f2-5fb8-4def-a26e-7a40ca6d8c48: start RPC server
2019-09-02 17:29:28,765 [Datanode State Machine Thread - 0] INFO  server.GrpcService (GrpcService.java:startImpl(149)) - c5cb85f2-5fb8-4def-a26e-7a40ca6d8c48: GrpcService started, listening on 0.0.0.0/0.0.0.0:40980
2019-09-02 17:29:28,765 [Datanode State Machine Thread - 0] INFO  ratis.XceiverServerRatis (XceiverServerRatis.java:start(403)) - XceiverServerRatis c5cb85f2-5fb8-4def-a26e-7a40ca6d8c48 is started using port 40980
2019-09-02 17:29:28,765 [Datanode State Machine Thread - 0] INFO  server.XceiverServerGrpc (XceiverServerGrpc.java:start(163)) - XceiverServerGrpc c5cb85f2-5fb8-4def-a26e-7a40ca6d8c48 is started using port 39829
2019-09-02 17:29:28,819 [main] INFO  ozone.MiniOzoneClusterImpl (MiniOzoneClusterImpl.java:lambda$waitForClusterToBeReady$0(140)) - Waiting for cluster to be ready. Got 0 of 7 DN Heartbeats.
2019-09-02 17:29:28,832 [Datanode State Machine Thread - 0] INFO  ozoneimpl.OzoneContainer (OzoneContainer.java:start(201)) - Attempting to start container services.
2019-09-02 17:29:28,832 [Datanode State Machine Thread - 0] INFO  ozoneimpl.OzoneContainer (OzoneContainer.java:startContainerScrub(175)) - Background container scrubber has been disabled by hdds.containerscrub.enabled
2019-09-02 17:29:28,832 [Datanode State Machine Thread - 0] INFO  ratis.XceiverServerRatis (XceiverServerRatis.java:start(393)) - Starting XceiverServerRatis 8924c2cc-0b63-491b-a851-2031a6c7a041 at port 0
2019-09-02 17:29:28,839 [Datanode State Machine Thread - 0] INFO  impl.RaftServerProxy (RaftServerProxy.java:lambda$start$3(299)) - 8924c2cc-0b63-491b-a851-2031a6c7a041: start RPC server
2019-09-02 17:29:28,843 [Datanode State Machine Thread - 0] INFO  server.GrpcService (GrpcService.java:startImpl(149)) - 8924c2cc-0b63-491b-a851-2031a6c7a041: GrpcService started, listening on 0.0.0.0/0.0.0.0:43647
2019-09-02 17:29:28,844 [Datanode State Machine Thread - 0] INFO  ratis.XceiverServerRatis (XceiverServerRatis.java:start(403)) - XceiverServerRatis 8924c2cc-0b63-491b-a851-2031a6c7a041 is started using port 43647
2019-09-02 17:29:28,854 [Datanode State Machine Thread - 0] INFO  server.XceiverServerGrpc (XceiverServerGrpc.java:start(163)) - XceiverServerGrpc 8924c2cc-0b63-491b-a851-2031a6c7a041 is started using port 35044
2019-09-02 17:29:29,820 [main] INFO  ozone.MiniOzoneClusterImpl (MiniOzoneClusterImpl.java:lambda$waitForClusterToBeReady$0(140)) - Waiting for cluster to be ready. Got 0 of 7 DN Heartbeats.
2019-09-02 17:29:30,392 [IPC Server handler 1 on 38964] INFO  net.NetworkTopology (NetworkTopologyImpl.java:add(110)) - Added a new node: /default-rack/58181834-ae2d-4234-b7b5-7f7cdd8a2cb8
2019-09-02 17:29:30,395 [IPC Server handler 1 on 38964] INFO  node.SCMNodeManager (SCMNodeManager.java:register(266)) - Registered Data node : 58181834-ae2d-4234-b7b5-7f7cdd8a2cb8{ip: 192.168.36.108, host: pr-hdds-1982-decom-states-scqb7-844612507, networkLocation: /default-rack, certSerialId: null}
2019-09-02 17:29:30,396 [EventQueue-NodeRegistrationContainerReportForDataNodeSafeModeRule] INFO  safemode.SCMSafeModeManager (DataNodeSafeModeRule.java:process(71)) - SCM in safe mode. 1 DataNodes registered, 1 required.
2019-09-02 17:29:30,398 [EventQueue-NodeRegistrationContainerReportForDataNodeSafeModeRule] INFO  safemode.SCMSafeModeManager (SCMSafeModeManager.java:validateSafeModeExitRules(177)) - ScmSafeModeManager, all rules are successfully validated
2019-09-02 17:29:30,398 [EventQueue-NodeRegistrationContainerReportForDataNodeSafeModeRule] INFO  safemode.SCMSafeModeManager (SCMSafeModeManager.java:exitSafeMode(193)) - SCM exiting safe mode.
2019-09-02 17:29:30,414 [grpc-default-executor-5] INFO  impl.RaftServerProxy (RaftServerProxy.java:addNew(89)) - 58181834-ae2d-4234-b7b5-7f7cdd8a2cb8: addNew group-93EABEB20557:[58181834-ae2d-4234-b7b5-7f7cdd8a2cb8:192.168.36.108:33919] returns group-93EABEB20557:java.util.concurrent.CompletableFuture@d5ad694[Not completed]
2019-09-02 17:29:30,415 [pool-409-thread-1] INFO  impl.RaftServerImpl (RaftServerImpl.java:<init>(93)) - 58181834-ae2d-4234-b7b5-7f7cdd8a2cb8: new RaftServerImpl for group-93EABEB20557:[58181834-ae2d-4234-b7b5-7f7cdd8a2cb8:192.168.36.108:33919] with ContainerStateMachine:uninitialized
2019-09-02 17:29:30,415 [pool-409-thread-1] INFO  server.RaftServerConfigKeys (ConfUtils.java:logGet(43)) - raft.server.rpc.timeout.min = 5s (custom)
2019-09-02 17:29:30,415 [pool-409-thread-1] INFO  server.RaftServerConfigKeys (ConfUtils.java:logGet(43)) - raft.server.rpc.timeout.max = 5200ms (custom)
2019-09-02 17:29:30,415 [pool-409-thread-1] INFO  server.RaftServerConfigKeys (ConfUtils.java:logGet(43)) - raft.server.rpcslowness.timeout = 120s (custom)
2019-09-02 17:29:30,416 [pool-409-thread-1] INFO  server.RaftServerConfigKeys (ConfUtils.java:logGet(43)) - raft.server.sleep.deviation.threshold = 300 (default)
2019-09-02 17:29:30,416 [pool-409-thread-1] INFO  server.RaftServerConfigKeys (ConfUtils.java:logGet(43)) - raft.server.log.appender.install.snapshot.enabled = false (custom)
2019-09-02 17:29:30,416 [pool-409-thread-1] INFO  impl.RaftServerImpl (ServerState.java:<init>(105)) - 58181834-ae2d-4234-b7b5-7f7cdd8a2cb8:group-93EABEB20557 ConfigurationManager, init=-1: [58181834-ae2d-4234-b7b5-7f7cdd8a2cb8:192.168.36.108:33919], old=null, confs=<EMPTY_MAP>
2019-09-02 17:29:30,416 [pool-409-thread-1] INFO  server.RaftServerConfigKeys (ConfUtils.java:logGet(43)) - raft.server.storage.dir = [/workdir/hadoop-ozone/integration-test/target/test-dir/MiniOzoneClusterImpl-e559f1c9-459e-4782-a5d5-306a0def869d/datanode-0/data/ratis] (custom)
2019-09-02 17:29:30,416 [pool-409-thread-1] INFO  storage.RaftStorageDirectory (RaftStorageDirectory.java:analyzeStorage(246)) - The storage directory /workdir/hadoop-ozone/integration-test/target/test-dir/MiniOzoneClusterImpl-e559f1c9-459e-4782-a5d5-306a0def869d/datanode-0/data/ratis/f88b9913-99ab-49a4-8cc0-93eabeb20557 does not exist. Creating ...
2019-09-02 17:29:30,429 [pool-409-thread-1] INFO  storage.RaftStorageDirectory (RaftStorageDirectory.java:tryLock(328)) - Lock on /workdir/hadoop-ozone/integration-test/target/test-dir/MiniOzoneClusterImpl-e559f1c9-459e-4782-a5d5-306a0def869d/datanode-0/data/ratis/f88b9913-99ab-49a4-8cc0-93eabeb20557/in_use.lock acquired by nodename 22661@pr-hdds-1982-decom-states-scqb7-844612507
2019-09-02 17:29:30,442 [pool-409-thread-1] INFO  storage.RaftStorage (RaftStorage.java:format(72)) - Storage directory /workdir/hadoop-ozone/integration-test/target/test-dir/MiniOzoneClusterImpl-e559f1c9-459e-4782-a5d5-306a0def869d/datanode-0/data/ratis/f88b9913-99ab-49a4-8cc0-93eabeb20557 has been successfully formatted.
2019-09-02 17:29:30,442 [pool-409-thread-1] INFO  ratis.ContainerStateMachine (ContainerStateMachine.java:loadSnapshot(227)) - group-93EABEB20557: The snapshot info is null. Setting the last applied indexto:(t:0, i:~)
2019-09-02 17:29:30,442 [pool-409-thread-1] INFO  server.RaftServerConfigKeys (ConfUtils.java:logGet(43)) - raft.server.leader.election.timeout = 120s (custom)
2019-09-02 17:29:30,443 [pool-409-thread-1] INFO  server.RaftServerConfigKeys (ConfUtils.java:logGet(43)) - raft.server.log.use.memory = false (default)
2019-09-02 17:29:30,443 [pool-409-thread-1] INFO  server.RaftServerConfigKeys (ConfUtils.java:logGet(43)) - raft.server.log.purge.gap = 1000000 (custom)
2019-09-02 17:29:30,443 [pool-409-thread-1] INFO  server.RaftServerConfigKeys (ConfUtils.java:logGet(43)) - raft.server.log.appender.buffer.byte-limit = 33554432 (custom)
2019-09-02 17:29:30,443 [pool-409-thread-1] INFO  server.RaftServerConfigKeys (ConfUtils.java:logGet(43)) - raft.server.log.segment.size.max = 1048576 (custom)
2019-09-02 17:29:30,443 [pool-409-thread-1] INFO  server.RaftServerConfigKeys (ConfUtils.java:logGet(43)) - raft.server.log.segment.cache.num.max = 2 (custom)
2019-09-02 17:29:30,443 [pool-409-thread-1] INFO  segmented.SegmentedRaftLogWorker (SegmentedRaftLogWorker.java:<init>(172)) - new 58181834-ae2d-4234-b7b5-7f7cdd8a2cb8-SegmentedRaftLogWorker:Storage Directory /workdir/hadoop-ozone/integration-test/target/test-dir/MiniOzoneClusterImpl-e559f1c9-459e-4782-a5d5-306a0def869d/datanode-0/data/ratis/f88b9913-99ab-49a4-8cc0-93eabeb20557 for RaftStorage:Storage Directory /workdir/hadoop-ozone/integration-test/target/test-dir/MiniOzoneClusterImpl-e559f1c9-459e-4782-a5d5-306a0def869d/datanode-0/data/ratis/f88b9913-99ab-49a4-8cc0-93eabeb20557
2019-09-02 17:29:30,444 [pool-409-thread-1] INFO  server.RaftServerConfigKeys (ConfUtils.java:logGet(43)) - raft.server.log.queue.byte-limit = 2147483647 (custom)
2019-09-02 17:29:30,444 [pool-409-thread-1] INFO  server.RaftServerConfigKeys (ConfUtils.java:logGet(43)) - raft.server.log.queue.element-limit = 1024 (custom)
2019-09-02 17:29:30,444 [pool-409-thread-1] INFO  server.RaftServerConfigKeys (ConfUtils.java:logGet(43)) - raft.server.log.segment.size.max = 1048576 (custom)
2019-09-02 17:29:30,444 [pool-409-thread-1] INFO  server.RaftServerConfigKeys (ConfUtils.java:logGet(43)) - raft.server.log.preallocated.size = 16384 (custom)
2019-09-02 17:29:30,444 [pool-409-thread-1] INFO  server.RaftServerConfigKeys (ConfUtils.java:logGet(43)) - raft.server.log.write.buffer.size = 33554432 (custom)
2019-09-02 17:29:30,445 [pool-409-thread-1] INFO  server.RaftServerConfigKeys (ConfUtils.java:logGet(43)) - raft.server.log.force.sync.num = 128 (default)
2019-09-02 17:29:30,445 [pool-409-thread-1] INFO  server.RaftServerConfigKeys (ConfUtils.java:logGet(43)) - raft.server.log.statemachine.data.sync = true (default)
2019-09-02 17:29:30,445 [pool-409-thread-1] INFO  server.RaftServerConfigKeys (ConfUtils.java:logGet(43)) - raft.server.log.statemachine.data.sync.timeout = 10s (default)
2019-09-02 17:29:30,445 [pool-409-thread-1] INFO  server.RaftServerConfigKeys (ConfUtils.java:logGet(43)) - raft.server.log.statemachine.data.sync.timeout.retry = -1 (default)
2019-09-02 17:29:30,446 [pool-409-thread-1] INFO  server.RaftServerConfigKeys (ConfUtils.java:logGet(43)) - raft.server.log.statemachine.data.caching.enabled = true (custom)
2019-09-02 17:29:30,446 [pool-409-thread-1] INFO  segmented.SegmentedRaftLogWorker (SegmentedRaftLogWorker.java:lambda$new$0(132)) - 58181834-ae2d-4234-b7b5-7f7cdd8a2cb8-SegmentedRaftLogWorker:Storage Directory /workdir/hadoop-ozone/integration-test/target/test-dir/MiniOzoneClusterImpl-e559f1c9-459e-4782-a5d5-306a0def869d/datanode-0/data/ratis/f88b9913-99ab-49a4-8cc0-93eabeb20557: flushIndex: setUnconditionally 0 -> -1
2019-09-02 17:29:30,446 [pool-409-thread-1] INFO  server.RaftServerConfigKeys (ConfUtils.java:logGet(43)) - raft.server.snapshot.auto.trigger.enabled = true (custom)
2019-09-02 17:29:30,447 [pool-409-thread-1] INFO  server.RaftServerConfigKeys (ConfUtils.java:logGet(43)) - raft.server.snapshot.auto.trigger.threshold = 10000 (custom)
2019-09-02 17:29:30,447 [pool-409-thread-1] INFO  server.RaftServerConfigKeys (ConfUtils.java:logGet(43)) - raft.server.retrycache.expirytime = 600000ms (custom)
2019-09-02 17:29:30,447 [pool-409-thread-1] INFO  impl.RaftServerImpl (RaftServerImpl.java:start(180)) - 58181834-ae2d-4234-b7b5-7f7cdd8a2cb8: start group-93EABEB20557
2019-09-02 17:29:30,447 [pool-409-thread-1] INFO  impl.RaftServerImpl (RaftServerImpl.java:setRole(171)) - 58181834-ae2d-4234-b7b5-7f7cdd8a2cb8:group-93EABEB20557 changes role from null to FOLLOWER at term 0 for startAsFollower
2019-09-02 17:29:30,447 [pool-409-thread-1] INFO  impl.RoleInfo (RoleInfo.java:updateAndGet(143)) - 58181834-ae2d-4234-b7b5-7f7cdd8a2cb8: start FollowerState
2019-09-02 17:29:30,448 [pool-409-thread-1] INFO  util.JmxRegister (JmxRegister.java:tryRegister(44)) - Successfully registered JMX Bean with object name Ratis:service=RaftServer,group=group-93EABEB20557,id=58181834-ae2d-4234-b7b5-7f7cdd8a2cb8
2019-09-02 17:29:30,450 [RatisPipelineUtilsThread] INFO  pipeline.PipelineStateManager (PipelineStateManager.java:addPipeline(56)) - Created pipeline Pipeline[ Id: f88b9913-99ab-49a4-8cc0-93eabeb20557, Nodes: 58181834-ae2d-4234-b7b5-7f7cdd8a2cb8{ip: 192.168.36.108, host: pr-hdds-1982-decom-states-scqb7-844612507, networkLocation: /default-rack, certSerialId: null}, Type:RATIS, Factor:ONE, State:OPEN]
2019-09-02 17:29:30,467 [IPC Server handler 3 on 38964] INFO  net.NetworkTopology (NetworkTopologyImpl.java:add(110)) - Added a new node: /default-rack/9826e914-fbfc-44b9-9062-42de28e9045f
2019-09-02 17:29:30,467 [IPC Server handler 3 on 38964] INFO  node.SCMNodeManager (SCMNodeManager.java:register(266)) - Registered Data node : 9826e914-fbfc-44b9-9062-42de28e9045f{ip: 192.168.36.108, host: pr-hdds-1982-decom-states-scqb7-844612507, networkLocation: /default-rack, certSerialId: null}
2019-09-02 17:29:30,474 [grpc-default-executor-5] INFO  impl.RaftServerProxy (RaftServerProxy.java:addNew(89)) - 9826e914-fbfc-44b9-9062-42de28e9045f: addNew group-7EFD4735A8AE:[9826e914-fbfc-44b9-9062-42de28e9045f:192.168.36.108:46253] returns group-7EFD4735A8AE:java.util.concurrent.CompletableFuture@66542ca8[Not completed]
2019-09-02 17:29:30,475 [pool-419-thread-1] INFO  impl.RaftServerImpl (RaftServerImpl.java:<init>(93)) - 9826e914-fbfc-44b9-9062-42de28e9045f: new RaftServerImpl for group-7EFD4735A8AE:[9826e914-fbfc-44b9-9062-42de28e9045f:192.168.36.108:46253] with ContainerStateMachine:uninitialized
2019-09-02 17:29:30,475 [pool-419-thread-1] INFO  server.RaftServerConfigKeys (ConfUtils.java:logGet(43)) - raft.server.rpc.timeout.min = 5s (custom)
2019-09-02 17:29:30,476 [pool-419-thread-1] INFO  server.RaftServerConfigKeys (ConfUtils.java:logGet(43)) - raft.server.rpc.timeout.max = 5200ms (custom)
2019-09-02 17:29:30,476 [pool-419-thread-1] INFO  server.RaftServerConfigKeys (ConfUtils.java:logGet(43)) - raft.server.rpcslowness.timeout = 120s (custom)
2019-09-02 17:29:30,476 [pool-419-thread-1] INFO  server.RaftServerConfigKeys (ConfUtils.java:logGet(43)) - raft.server.sleep.deviation.threshold = 300 (default)
2019-09-02 17:29:30,476 [pool-419-thread-1] INFO  server.RaftServerConfigKeys (ConfUtils.java:logGet(43)) - raft.server.log.appender.install.snapshot.enabled = false (custom)
2019-09-02 17:29:30,476 [pool-419-thread-1] INFO  impl.RaftServerImpl (ServerState.java:<init>(105)) - 9826e914-fbfc-44b9-9062-42de28e9045f:group-7EFD4735A8AE ConfigurationManager, init=-1: [9826e914-fbfc-44b9-9062-42de28e9045f:192.168.36.108:46253], old=null, confs=<EMPTY_MAP>
2019-09-02 17:29:30,476 [pool-419-thread-1] INFO  server.RaftServerConfigKeys (ConfUtils.java:logGet(43)) - raft.server.storage.dir = [/workdir/hadoop-ozone/integration-test/target/test-dir/MiniOzoneClusterImpl-e559f1c9-459e-4782-a5d5-306a0def869d/datanode-1/data/ratis] (custom)
2019-09-02 17:29:30,476 [pool-419-thread-1] INFO  storage.RaftStorageDirectory (RaftStorageDirectory.java:analyzeStorage(246)) - The storage directory /workdir/hadoop-ozone/integration-test/target/test-dir/MiniOzoneClusterImpl-e559f1c9-459e-4782-a5d5-306a0def869d/datanode-1/data/ratis/f6cbbd6e-f5b7-48c5-ab13-7efd4735a8ae does not exist. Creating ...
2019-09-02 17:29:30,489 [pool-419-thread-1] INFO  storage.RaftStorageDirectory (RaftStorageDirectory.java:tryLock(328)) - Lock on /workdir/hadoop-ozone/integration-test/target/test-dir/MiniOzoneClusterImpl-e559f1c9-459e-4782-a5d5-306a0def869d/datanode-1/data/ratis/f6cbbd6e-f5b7-48c5-ab13-7efd4735a8ae/in_use.lock acquired by nodename 22661@pr-hdds-1982-decom-states-scqb7-844612507
2019-09-02 17:29:30,503 [pool-419-thread-1] INFO  storage.RaftStorage (RaftStorage.java:format(72)) - Storage directory /workdir/hadoop-ozone/integration-test/target/test-dir/MiniOzoneClusterImpl-e559f1c9-459e-4782-a5d5-306a0def869d/datanode-1/data/ratis/f6cbbd6e-f5b7-48c5-ab13-7efd4735a8ae has been successfully formatted.
2019-09-02 17:29:30,503 [pool-419-thread-1] INFO  ratis.ContainerStateMachine (ContainerStateMachine.java:loadSnapshot(227)) - group-7EFD4735A8AE: The snapshot info is null. Setting the last applied indexto:(t:0, i:~)
2019-09-02 17:29:30,503 [pool-419-thread-1] INFO  server.RaftServerConfigKeys (ConfUtils.java:logGet(43)) - raft.server.leader.election.timeout = 120s (custom)
2019-09-02 17:29:30,503 [pool-419-thread-1] INFO  server.RaftServerConfigKeys (ConfUtils.java:logGet(43)) - raft.server.log.use.memory = false (default)
2019-09-02 17:29:30,503 [pool-419-thread-1] INFO  server.RaftServerConfigKeys (ConfUtils.java:logGet(43)) - raft.server.log.purge.gap = 1000000 (custom)
2019-09-02 17:29:30,503 [pool-419-thread-1] INFO  server.RaftServerConfigKeys (ConfUtils.java:logGet(43)) - raft.server.log.appender.buffer.byte-limit = 33554432 (custom)
2019-09-02 17:29:30,504 [pool-419-thread-1] INFO  server.RaftServerConfigKeys (ConfUtils.java:logGet(43)) - raft.server.log.segment.size.max = 1048576 (custom)
2019-09-02 17:29:30,504 [pool-419-thread-1] INFO  server.RaftServerConfigKeys (ConfUtils.java:logGet(43)) - raft.server.log.segment.cache.num.max = 2 (custom)
2019-09-02 17:29:30,504 [pool-419-thread-1] INFO  segmented.SegmentedRaftLogWorker (SegmentedRaftLogWorker.java:<init>(172)) - new 9826e914-fbfc-44b9-9062-42de28e9045f-SegmentedRaftLogWorker:Storage Directory /workdir/hadoop-ozone/integration-test/target/test-dir/MiniOzoneClusterImpl-e559f1c9-459e-4782-a5d5-306a0def869d/datanode-1/data/ratis/f6cbbd6e-f5b7-48c5-ab13-7efd4735a8ae for RaftStorage:Storage Directory /workdir/hadoop-ozone/integration-test/target/test-dir/MiniOzoneClusterImpl-e559f1c9-459e-4782-a5d5-306a0def869d/datanode-1/data/ratis/f6cbbd6e-f5b7-48c5-ab13-7efd4735a8ae
2019-09-02 17:29:30,504 [pool-419-thread-1] INFO  server.RaftServerConfigKeys (ConfUtils.java:logGet(43)) - raft.server.log.queue.byte-limit = 2147483647 (custom)
2019-09-02 17:29:30,504 [pool-419-thread-1] INFO  server.RaftServerConfigKeys (ConfUtils.java:logGet(43)) - raft.server.log.queue.element-limit = 1024 (custom)
2019-09-02 17:29:30,504 [pool-419-thread-1] INFO  server.RaftServerConfigKeys (ConfUtils.java:logGet(43)) - raft.server.log.segment.size.max = 1048576 (custom)
2019-09-02 17:29:30,505 [pool-419-thread-1] INFO  server.RaftServerConfigKeys (ConfUtils.java:logGet(43)) - raft.server.log.preallocated.size = 16384 (custom)
2019-09-02 17:29:30,505 [pool-419-thread-1] INFO  server.RaftServerConfigKeys (ConfUtils.java:logGet(43)) - raft.server.log.write.buffer.size = 33554432 (custom)
2019-09-02 17:29:30,505 [pool-419-thread-1] INFO  server.RaftServerConfigKeys (ConfUtils.java:logGet(43)) - raft.server.log.force.sync.num = 128 (default)
2019-09-02 17:29:30,505 [pool-419-thread-1] INFO  server.RaftServerConfigKeys (ConfUtils.java:logGet(43)) - raft.server.log.statemachine.data.sync = true (default)
2019-09-02 17:29:30,505 [pool-419-thread-1] INFO  server.RaftServerConfigKeys (ConfUtils.java:logGet(43)) - raft.server.log.statemachine.data.sync.timeout = 10s (default)
2019-09-02 17:29:30,505 [pool-419-thread-1] INFO  server.RaftServerConfigKeys (ConfUtils.java:logGet(43)) - raft.server.log.statemachine.data.sync.timeout.retry = -1 (default)
2019-09-02 17:29:30,505 [pool-419-thread-1] INFO  server.RaftServerConfigKeys (ConfUtils.java:logGet(43)) - raft.server.log.statemachine.data.caching.enabled = true (custom)
2019-09-02 17:29:30,506 [pool-419-thread-1] INFO  segmented.SegmentedRaftLogWorker (SegmentedRaftLogWorker.java:lambda$new$0(132)) - 9826e914-fbfc-44b9-9062-42de28e9045f-SegmentedRaftLogWorker:Storage Directory /workdir/hadoop-ozone/integration-test/target/test-dir/MiniOzoneClusterImpl-e559f1c9-459e-4782-a5d5-306a0def869d/datanode-1/data/ratis/f6cbbd6e-f5b7-48c5-ab13-7efd4735a8ae: flushIndex: setUnconditionally 0 -> -1
2019-09-02 17:29:30,506 [pool-419-thread-1] INFO  server.RaftServerConfigKeys (ConfUtils.java:logGet(43)) - raft.server.snapshot.auto.trigger.enabled = true (custom)
2019-09-02 17:29:30,506 [pool-419-thread-1] INFO  server.RaftServerConfigKeys (ConfUtils.java:logGet(43)) - raft.server.snapshot.auto.trigger.threshold = 10000 (custom)
2019-09-02 17:29:30,506 [pool-419-thread-1] INFO  server.RaftServerConfigKeys (ConfUtils.java:logGet(43)) - raft.server.retrycache.expirytime = 600000ms (custom)
2019-09-02 17:29:30,507 [pool-419-thread-1] INFO  impl.RaftServerImpl (RaftServerImpl.java:start(180)) - 9826e914-fbfc-44b9-9062-42de28e9045f: start group-7EFD4735A8AE
2019-09-02 17:29:30,507 [pool-419-thread-1] INFO  impl.RaftServerImpl (RaftServerImpl.java:setRole(171)) - 9826e914-fbfc-44b9-9062-42de28e9045f:group-7EFD4735A8AE changes role from null to FOLLOWER at term 0 for startAsFollower
2019-09-02 17:29:30,507 [pool-419-thread-1] INFO  impl.RoleInfo (RoleInfo.java:updateAndGet(143)) - 9826e914-fbfc-44b9-9062-42de28e9045f: start FollowerState
2019-09-02 17:29:30,507 [pool-419-thread-1] INFO  util.JmxRegister (JmxRegister.java:tryRegister(44)) - Successfully registered JMX Bean with object name Ratis:service=RaftServer,group=group-7EFD4735A8AE,id=9826e914-fbfc-44b9-9062-42de28e9045f
2019-09-02 17:29:30,509 [RatisPipelineUtilsThread] INFO  pipeline.PipelineStateManager (PipelineStateManager.java:addPipeline(56)) - Created pipeline Pipeline[ Id: f6cbbd6e-f5b7-48c5-ab13-7efd4735a8ae, Nodes: 9826e914-fbfc-44b9-9062-42de28e9045f{ip: 192.168.36.108, host: pr-hdds-1982-decom-states-scqb7-844612507, networkLocation: /default-rack, certSerialId: null}, Type:RATIS, Factor:ONE, State:OPEN]
2019-09-02 17:29:30,531 [IPC Server handler 4 on 38964] INFO  net.NetworkTopology (NetworkTopologyImpl.java:add(110)) - Added a new node: /default-rack/a01dd778-3426-48bd-ab61-39edd5ffa8da
2019-09-02 17:29:30,531 [IPC Server handler 4 on 38964] INFO  node.SCMNodeManager (SCMNodeManager.java:register(266)) - Registered Data node : a01dd778-3426-48bd-ab61-39edd5ffa8da{ip: 192.168.36.108, host: pr-hdds-1982-decom-states-scqb7-844612507, networkLocation: /default-rack, certSerialId: null}
2019-09-02 17:29:30,538 [grpc-default-executor-5] INFO  impl.RaftServerProxy (RaftServerProxy.java:addNew(89)) - a01dd778-3426-48bd-ab61-39edd5ffa8da: addNew group-B8E0EEFE48FF:[a01dd778-3426-48bd-ab61-39edd5ffa8da:192.168.36.108:44950] returns group-B8E0EEFE48FF:java.util.concurrent.CompletableFuture@1588efbf[Not completed]
2019-09-02 17:29:30,539 [pool-429-thread-1] INFO  impl.RaftServerImpl (RaftServerImpl.java:<init>(93)) - a01dd778-3426-48bd-ab61-39edd5ffa8da: new RaftServerImpl for group-B8E0EEFE48FF:[a01dd778-3426-48bd-ab61-39edd5ffa8da:192.168.36.108:44950] with ContainerStateMachine:uninitialized
2019-09-02 17:29:30,539 [pool-429-thread-1] INFO  server.RaftServerConfigKeys (ConfUtils.java:logGet(43)) - raft.server.rpc.timeout.min = 5s (custom)
2019-09-02 17:29:30,539 [pool-429-thread-1] INFO  server.RaftServerConfigKeys (ConfUtils.java:logGet(43)) - raft.server.rpc.timeout.max = 5200ms (custom)
2019-09-02 17:29:30,539 [pool-429-thread-1] INFO  server.RaftServerConfigKeys (ConfUtils.java:logGet(43)) - raft.server.rpcslowness.timeout = 120s (custom)
2019-09-02 17:29:30,540 [pool-429-thread-1] INFO  server.RaftServerConfigKeys (ConfUtils.java:logGet(43)) - raft.server.sleep.deviation.threshold = 300 (default)
2019-09-02 17:29:30,540 [pool-429-thread-1] INFO  server.RaftServerConfigKeys (ConfUtils.java:logGet(43)) - raft.server.log.appender.install.snapshot.enabled = false (custom)
2019-09-02 17:29:30,540 [pool-429-thread-1] INFO  impl.RaftServerImpl (ServerState.java:<init>(105)) - a01dd778-3426-48bd-ab61-39edd5ffa8da:group-B8E0EEFE48FF ConfigurationManager, init=-1: [a01dd778-3426-48bd-ab61-39edd5ffa8da:192.168.36.108:44950], old=null, confs=<EMPTY_MAP>
2019-09-02 17:29:30,540 [pool-429-thread-1] INFO  server.RaftServerConfigKeys (ConfUtils.java:logGet(43)) - raft.server.storage.dir = [/workdir/hadoop-ozone/integration-test/target/test-dir/MiniOzoneClusterImpl-e559f1c9-459e-4782-a5d5-306a0def869d/datanode-2/data/ratis] (custom)
2019-09-02 17:29:30,540 [pool-429-thread-1] INFO  storage.RaftStorageDirectory (RaftStorageDirectory.java:analyzeStorage(246)) - The storage directory /workdir/hadoop-ozone/integration-test/target/test-dir/MiniOzoneClusterImpl-e559f1c9-459e-4782-a5d5-306a0def869d/datanode-2/data/ratis/ede3b3a0-fc36-4f0b-b433-b8e0eefe48ff does not exist. Creating ...
2019-09-02 17:29:30,553 [pool-429-thread-1] INFO  storage.RaftStorageDirectory (RaftStorageDirectory.java:tryLock(328)) - Lock on /workdir/hadoop-ozone/integration-test/target/test-dir/MiniOzoneClusterImpl-e559f1c9-459e-4782-a5d5-306a0def869d/datanode-2/data/ratis/ede3b3a0-fc36-4f0b-b433-b8e0eefe48ff/in_use.lock acquired by nodename 22661@pr-hdds-1982-decom-states-scqb7-844612507
2019-09-02 17:29:30,566 [pool-429-thread-1] INFO  storage.RaftStorage (RaftStorage.java:format(72)) - Storage directory /workdir/hadoop-ozone/integration-test/target/test-dir/MiniOzoneClusterImpl-e559f1c9-459e-4782-a5d5-306a0def869d/datanode-2/data/ratis/ede3b3a0-fc36-4f0b-b433-b8e0eefe48ff has been successfully formatted.
2019-09-02 17:29:30,567 [pool-429-thread-1] INFO  ratis.ContainerStateMachine (ContainerStateMachine.java:loadSnapshot(227)) - group-B8E0EEFE48FF: The snapshot info is null. Setting the last applied indexto:(t:0, i:~)
2019-09-02 17:29:30,567 [pool-429-thread-1] INFO  server.RaftServerConfigKeys (ConfUtils.java:logGet(43)) - raft.server.leader.election.timeout = 120s (custom)
2019-09-02 17:29:30,568 [pool-429-thread-1] INFO  server.RaftServerConfigKeys (ConfUtils.java:logGet(43)) - raft.server.log.use.memory = false (default)
2019-09-02 17:29:30,568 [pool-429-thread-1] INFO  server.RaftServerConfigKeys (ConfUtils.java:logGet(43)) - raft.server.log.purge.gap = 1000000 (custom)
2019-09-02 17:29:30,568 [pool-429-thread-1] INFO  server.RaftServerConfigKeys (ConfUtils.java:logGet(43)) - raft.server.log.appender.buffer.byte-limit = 33554432 (custom)
2019-09-02 17:29:30,568 [pool-429-thread-1] INFO  server.RaftServerConfigKeys (ConfUtils.java:logGet(43)) - raft.server.log.segment.size.max = 1048576 (custom)
2019-09-02 17:29:30,569 [pool-429-thread-1] INFO  server.RaftServerConfigKeys (ConfUtils.java:logGet(43)) - raft.server.log.segment.cache.num.max = 2 (custom)
2019-09-02 17:29:30,569 [pool-429-thread-1] INFO  segmented.SegmentedRaftLogWorker (SegmentedRaftLogWorker.java:<init>(172)) - new a01dd778-3426-48bd-ab61-39edd5ffa8da-SegmentedRaftLogWorker:Storage Directory /workdir/hadoop-ozone/integration-test/target/test-dir/MiniOzoneClusterImpl-e559f1c9-459e-4782-a5d5-306a0def869d/datanode-2/data/ratis/ede3b3a0-fc36-4f0b-b433-b8e0eefe48ff for RaftStorage:Storage Directory /workdir/hadoop-ozone/integration-test/target/test-dir/MiniOzoneClusterImpl-e559f1c9-459e-4782-a5d5-306a0def869d/datanode-2/data/ratis/ede3b3a0-fc36-4f0b-b433-b8e0eefe48ff
2019-09-02 17:29:30,569 [pool-429-thread-1] INFO  server.RaftServerConfigKeys (ConfUtils.java:logGet(43)) - raft.server.log.queue.byte-limit = 2147483647 (custom)
2019-09-02 17:29:30,569 [pool-429-thread-1] INFO  server.RaftServerConfigKeys (ConfUtils.java:logGet(43)) - raft.server.log.queue.element-limit = 1024 (custom)
2019-09-02 17:29:30,570 [pool-429-thread-1] INFO  server.RaftServerConfigKeys (ConfUtils.java:logGet(43)) - raft.server.log.segment.size.max = 1048576 (custom)
2019-09-02 17:29:30,570 [pool-429-thread-1] INFO  server.RaftServerConfigKeys (ConfUtils.java:logGet(43)) - raft.server.log.preallocated.size = 16384 (custom)
2019-09-02 17:29:30,570 [pool-429-thread-1] INFO  server.RaftServerConfigKeys (ConfUtils.java:logGet(43)) - raft.server.log.write.buffer.size = 33554432 (custom)
2019-09-02 17:29:30,570 [pool-429-thread-1] INFO  server.RaftServerConfigKeys (ConfUtils.java:logGet(43)) - raft.server.log.force.sync.num = 128 (default)
2019-09-02 17:29:30,570 [pool-429-thread-1] INFO  server.RaftServerConfigKeys (ConfUtils.java:logGet(43)) - raft.server.log.statemachine.data.sync = true (default)
2019-09-02 17:29:30,570 [pool-429-thread-1] INFO  server.RaftServerConfigKeys (ConfUtils.java:logGet(43)) - raft.server.log.statemachine.data.sync.timeout = 10s (default)
2019-09-02 17:29:30,571 [pool-429-thread-1] INFO  server.RaftServerConfigKeys (ConfUtils.java:logGet(43)) - raft.server.log.statemachine.data.sync.timeout.retry = -1 (default)
2019-09-02 17:29:30,571 [pool-429-thread-1] INFO  server.RaftServerConfigKeys (ConfUtils.java:logGet(43)) - raft.server.log.statemachine.data.caching.enabled = true (custom)
2019-09-02 17:29:30,572 [pool-429-thread-1] INFO  segmented.SegmentedRaftLogWorker (SegmentedRaftLogWorker.java:lambda$new$0(132)) - a01dd778-3426-48bd-ab61-39edd5ffa8da-SegmentedRaftLogWorker:Storage Directory /workdir/hadoop-ozone/integration-test/target/test-dir/MiniOzoneClusterImpl-e559f1c9-459e-4782-a5d5-306a0def869d/datanode-2/data/ratis/ede3b3a0-fc36-4f0b-b433-b8e0eefe48ff: flushIndex: setUnconditionally 0 -> -1
2019-09-02 17:29:30,573 [pool-429-thread-1] INFO  server.RaftServerConfigKeys (ConfUtils.java:logGet(43)) - raft.server.snapshot.auto.trigger.enabled = true (custom)
2019-09-02 17:29:30,573 [pool-429-thread-1] INFO  server.RaftServerConfigKeys (ConfUtils.java:logGet(43)) - raft.server.snapshot.auto.trigger.threshold = 10000 (custom)
2019-09-02 17:29:30,573 [pool-429-thread-1] INFO  server.RaftServerConfigKeys (ConfUtils.java:logGet(43)) - raft.server.retrycache.expirytime = 600000ms (custom)
2019-09-02 17:29:30,573 [pool-429-thread-1] INFO  impl.RaftServerImpl (RaftServerImpl.java:start(180)) - a01dd778-3426-48bd-ab61-39edd5ffa8da: start group-B8E0EEFE48FF
2019-09-02 17:29:30,573 [pool-429-thread-1] INFO  impl.RaftServerImpl (RaftServerImpl.java:setRole(171)) - a01dd778-3426-48bd-ab61-39edd5ffa8da:group-B8E0EEFE48FF changes role from null to FOLLOWER at term 0 for startAsFollower
2019-09-02 17:29:30,574 [pool-429-thread-1] INFO  impl.RoleInfo (RoleInfo.java:updateAndGet(143)) - a01dd778-3426-48bd-ab61-39edd5ffa8da: start FollowerState
2019-09-02 17:29:30,574 [pool-429-thread-1] INFO  util.JmxRegister (JmxRegister.java:tryRegister(44)) - Successfully registered JMX Bean with object name Ratis:service=RaftServer,group=group-B8E0EEFE48FF,id=a01dd778-3426-48bd-ab61-39edd5ffa8da
2019-09-02 17:29:30,577 [RatisPipelineUtilsThread] INFO  pipeline.PipelineStateManager (PipelineStateManager.java:addPipeline(56)) - Created pipeline Pipeline[ Id: ede3b3a0-fc36-4f0b-b433-b8e0eefe48ff, Nodes: a01dd778-3426-48bd-ab61-39edd5ffa8da{ip: 192.168.36.108, host: pr-hdds-1982-decom-states-scqb7-844612507, networkLocation: /default-rack, certSerialId: null}, Type:RATIS, Factor:ONE, State:OPEN]
2019-09-02 17:29:30,592 [IPC Server handler 6 on 38964] INFO  net.NetworkTopology (NetworkTopologyImpl.java:add(110)) - Added a new node: /default-rack/30722616-804a-4c33-9e8d-7555c917aefe
2019-09-02 17:29:30,592 [grpc-default-executor-5] INFO  impl.RaftServerProxy (RaftServerProxy.java:addNew(89)) - 58181834-ae2d-4234-b7b5-7f7cdd8a2cb8: addNew group-50AF6E24B2B3:[a01dd778-3426-48bd-ab61-39edd5ffa8da:192.168.36.108:44950, 9826e914-fbfc-44b9-9062-42de28e9045f:192.168.36.108:46253, 58181834-ae2d-4234-b7b5-7f7cdd8a2cb8:192.168.36.108:33919] returns group-50AF6E24B2B3:java.util.concurrent.CompletableFuture@62ebb7bd[Not completed]
2019-09-02 17:29:30,592 [grpc-default-executor-8] INFO  impl.RaftServerProxy (RaftServerProxy.java:addNew(89)) - a01dd778-3426-48bd-ab61-39edd5ffa8da: addNew group-50AF6E24B2B3:[a01dd778-3426-48bd-ab61-39edd5ffa8da:192.168.36.108:44950, 9826e914-fbfc-44b9-9062-42de28e9045f:192.168.36.108:46253, 58181834-ae2d-4234-b7b5-7f7cdd8a2cb8:192.168.36.108:33919] returns group-50AF6E24B2B3:java.util.concurrent.CompletableFuture@3a863847[Not completed]
2019-09-02 17:29:30,592 [grpc-default-executor-11] INFO  impl.RaftServerProxy (RaftServerProxy.java:addNew(89)) - 9826e914-fbfc-44b9-9062-42de28e9045f: addNew group-50AF6E24B2B3:[a01dd778-3426-48bd-ab61-39edd5ffa8da:192.168.36.108:44950, 9826e914-fbfc-44b9-9062-42de28e9045f:192.168.36.108:46253, 58181834-ae2d-4234-b7b5-7f7cdd8a2cb8:192.168.36.108:33919] returns group-50AF6E24B2B3:java.util.concurrent.CompletableFuture@7bc9a08d[Not completed]
2019-09-02 17:29:30,592 [IPC Server handler 6 on 38964] INFO  node.SCMNodeManager (SCMNodeManager.java:register(266)) - Registered Data node : 30722616-804a-4c33-9e8d-7555c917aefe{ip: 192.168.36.108, host: pr-hdds-1982-decom-states-scqb7-844612507, networkLocation: /default-rack, certSerialId: null}
2019-09-02 17:29:30,594 [pool-419-thread-1] INFO  impl.RaftServerImpl (RaftServerImpl.java:<init>(93)) - 9826e914-fbfc-44b9-9062-42de28e9045f: new RaftServerImpl for group-50AF6E24B2B3:[a01dd778-3426-48bd-ab61-39edd5ffa8da:192.168.36.108:44950, 9826e914-fbfc-44b9-9062-42de28e9045f:192.168.36.108:46253, 58181834-ae2d-4234-b7b5-7f7cdd8a2cb8:192.168.36.108:33919] with ContainerStateMachine:uninitialized
2019-09-02 17:29:30,594 [pool-419-thread-1] INFO  server.RaftServerConfigKeys (ConfUtils.java:logGet(43)) - raft.server.rpc.timeout.min = 5s (custom)
2019-09-02 17:29:30,594 [pool-419-thread-1] INFO  server.RaftServerConfigKeys (ConfUtils.java:logGet(43)) - raft.server.rpc.timeout.max = 5200ms (custom)
2019-09-02 17:29:30,594 [pool-429-thread-1] INFO  impl.RaftServerImpl (RaftServerImpl.java:<init>(93)) - a01dd778-3426-48bd-ab61-39edd5ffa8da: new RaftServerImpl for group-50AF6E24B2B3:[a01dd778-3426-48bd-ab61-39edd5ffa8da:192.168.36.108:44950, 9826e914-fbfc-44b9-9062-42de28e9045f:192.168.36.108:46253, 58181834-ae2d-4234-b7b5-7f7cdd8a2cb8:192.168.36.108:33919] with ContainerStateMachine:uninitialized
2019-09-02 17:29:30,594 [pool-419-thread-1] INFO  server.RaftServerConfigKeys (ConfUtils.java:logGet(43)) - raft.server.rpcslowness.timeout = 120s (custom)
2019-09-02 17:29:30,594 [pool-409-thread-1] INFO  impl.RaftServerImpl (RaftServerImpl.java:<init>(93)) - 58181834-ae2d-4234-b7b5-7f7cdd8a2cb8: new RaftServerImpl for group-50AF6E24B2B3:[a01dd778-3426-48bd-ab61-39edd5ffa8da:192.168.36.108:44950, 9826e914-fbfc-44b9-9062-42de28e9045f:192.168.36.108:46253, 58181834-ae2d-4234-b7b5-7f7cdd8a2cb8:192.168.36.108:33919] with ContainerStateMachine:uninitialized
2019-09-02 17:29:30,594 [pool-429-thread-1] INFO  server.RaftServerConfigKeys (ConfUtils.java:logGet(43)) - raft.server.rpc.timeout.min = 5s (custom)
2019-09-02 17:29:30,595 [pool-409-thread-1] INFO  server.RaftServerConfigKeys (ConfUtils.java:logGet(43)) - raft.server.rpc.timeout.min = 5s (custom)
2019-09-02 17:29:30,594 [pool-419-thread-1] INFO  server.RaftServerConfigKeys (ConfUtils.java:logGet(43)) - raft.server.sleep.deviation.threshold = 300 (default)
2019-09-02 17:29:30,595 [pool-409-thread-1] INFO  server.RaftServerConfigKeys (ConfUtils.java:logGet(43)) - raft.server.rpc.timeout.max = 5200ms (custom)
2019-09-02 17:29:30,595 [pool-429-thread-1] INFO  server.RaftServerConfigKeys (ConfUtils.java:logGet(43)) - raft.server.rpc.timeout.max = 5200ms (custom)
2019-09-02 17:29:30,595 [pool-409-thread-1] INFO  server.RaftServerConfigKeys (ConfUtils.java:logGet(43)) - raft.server.rpcslowness.timeout = 120s (custom)
2019-09-02 17:29:30,595 [pool-419-thread-1] INFO  server.RaftServerConfigKeys (ConfUtils.java:logGet(43)) - raft.server.log.appender.install.snapshot.enabled = false (custom)
2019-09-02 17:29:30,595 [pool-409-thread-1] INFO  server.RaftServerConfigKeys (ConfUtils.java:logGet(43)) - raft.server.sleep.deviation.threshold = 300 (default)
2019-09-02 17:29:30,595 [pool-429-thread-1] INFO  server.RaftServerConfigKeys (ConfUtils.java:logGet(43)) - raft.server.rpcslowness.timeout = 120s (custom)
2019-09-02 17:29:30,596 [pool-409-thread-1] INFO  server.RaftServerConfigKeys (ConfUtils.java:logGet(43)) - raft.server.log.appender.install.snapshot.enabled = false (custom)
2019-09-02 17:29:30,596 [pool-419-thread-1] INFO  impl.RaftServerImpl (ServerState.java:<init>(105)) - 9826e914-fbfc-44b9-9062-42de28e9045f:group-50AF6E24B2B3 ConfigurationManager, init=-1: [a01dd778-3426-48bd-ab61-39edd5ffa8da:192.168.36.108:44950, 9826e914-fbfc-44b9-9062-42de28e9045f:192.168.36.108:46253, 58181834-ae2d-4234-b7b5-7f7cdd8a2cb8:192.168.36.108:33919], old=null, confs=<EMPTY_MAP>
2019-09-02 17:29:30,596 [pool-409-thread-1] INFO  impl.RaftServerImpl (ServerState.java:<init>(105)) - 58181834-ae2d-4234-b7b5-7f7cdd8a2cb8:group-50AF6E24B2B3 ConfigurationManager, init=-1: [a01dd778-3426-48bd-ab61-39edd5ffa8da:192.168.36.108:44950, 9826e914-fbfc-44b9-9062-42de28e9045f:192.168.36.108:46253, 58181834-ae2d-4234-b7b5-7f7cdd8a2cb8:192.168.36.108:33919], old=null, confs=<EMPTY_MAP>
2019-09-02 17:29:30,596 [pool-429-thread-1] INFO  server.RaftServerConfigKeys (ConfUtils.java:logGet(43)) - raft.server.sleep.deviation.threshold = 300 (default)
2019-09-02 17:29:30,596 [pool-409-thread-1] INFO  server.RaftServerConfigKeys (ConfUtils.java:logGet(43)) - raft.server.storage.dir = [/workdir/hadoop-ozone/integration-test/target/test-dir/MiniOzoneClusterImpl-e559f1c9-459e-4782-a5d5-306a0def869d/datanode-0/data/ratis] (custom)
2019-09-02 17:29:30,596 [pool-419-thread-1] INFO  server.RaftServerConfigKeys (ConfUtils.java:logGet(43)) - raft.server.storage.dir = [/workdir/hadoop-ozone/integration-test/target/test-dir/MiniOzoneClusterImpl-e559f1c9-459e-4782-a5d5-306a0def869d/datanode-1/data/ratis] (custom)
2019-09-02 17:29:30,596 [pool-429-thread-1] INFO  server.RaftServerConfigKeys (ConfUtils.java:logGet(43)) - raft.server.log.appender.install.snapshot.enabled = false (custom)
2019-09-02 17:29:30,597 [pool-409-thread-1] INFO  storage.RaftStorageDirectory (RaftStorageDirectory.java:analyzeStorage(246)) - The storage directory /workdir/hadoop-ozone/integration-test/target/test-dir/MiniOzoneClusterImpl-e559f1c9-459e-4782-a5d5-306a0def869d/datanode-0/data/ratis/6f7bf7c1-ab1a-4875-b001-50af6e24b2b3 does not exist. Creating ...
2019-09-02 17:29:30,597 [pool-429-thread-1] INFO  impl.RaftServerImpl (ServerState.java:<init>(105)) - a01dd778-3426-48bd-ab61-39edd5ffa8da:group-50AF6E24B2B3 ConfigurationManager, init=-1: [a01dd778-3426-48bd-ab61-39edd5ffa8da:192.168.36.108:44950, 9826e914-fbfc-44b9-9062-42de28e9045f:192.168.36.108:46253, 58181834-ae2d-4234-b7b5-7f7cdd8a2cb8:192.168.36.108:33919], old=null, confs=<EMPTY_MAP>
2019-09-02 17:29:30,597 [pool-419-thread-1] INFO  storage.RaftStorageDirectory (RaftStorageDirectory.java:analyzeStorage(246)) - The storage directory /workdir/hadoop-ozone/integration-test/target/test-dir/MiniOzoneClusterImpl-e559f1c9-459e-4782-a5d5-306a0def869d/datanode-1/data/ratis/6f7bf7c1-ab1a-4875-b001-50af6e24b2b3 does not exist. Creating ...
2019-09-02 17:29:30,597 [pool-429-thread-1] INFO  server.RaftServerConfigKeys (ConfUtils.java:logGet(43)) - raft.server.storage.dir = [/workdir/hadoop-ozone/integration-test/target/test-dir/MiniOzoneClusterImpl-e559f1c9-459e-4782-a5d5-306a0def869d/datanode-2/data/ratis] (custom)
2019-09-02 17:29:30,598 [pool-429-thread-1] INFO  storage.RaftStorageDirectory (RaftStorageDirectory.java:analyzeStorage(246)) - The storage directory /workdir/hadoop-ozone/integration-test/target/test-dir/MiniOzoneClusterImpl-e559f1c9-459e-4782-a5d5-306a0def869d/datanode-2/data/ratis/6f7bf7c1-ab1a-4875-b001-50af6e24b2b3 does not exist. Creating ...
2019-09-02 17:29:30,610 [pool-419-thread-1] INFO  storage.RaftStorageDirectory (RaftStorageDirectory.java:tryLock(328)) - Lock on /workdir/hadoop-ozone/integration-test/target/test-dir/MiniOzoneClusterImpl-e559f1c9-459e-4782-a5d5-306a0def869d/datanode-1/data/ratis/6f7bf7c1-ab1a-4875-b001-50af6e24b2b3/in_use.lock acquired by nodename 22661@pr-hdds-1982-decom-states-scqb7-844612507
2019-09-02 17:29:30,610 [pool-409-thread-1] INFO  storage.RaftStorageDirectory (RaftStorageDirectory.java:tryLock(328)) - Lock on /workdir/hadoop-ozone/integration-test/target/test-dir/MiniOzoneClusterImpl-e559f1c9-459e-4782-a5d5-306a0def869d/datanode-0/data/ratis/6f7bf7c1-ab1a-4875-b001-50af6e24b2b3/in_use.lock acquired by nodename 22661@pr-hdds-1982-decom-states-scqb7-844612507
2019-09-02 17:29:30,610 [pool-429-thread-1] INFO  storage.RaftStorageDirectory (RaftStorageDirectory.java:tryLock(328)) - Lock on /workdir/hadoop-ozone/integration-test/target/test-dir/MiniOzoneClusterImpl-e559f1c9-459e-4782-a5d5-306a0def869d/datanode-2/data/ratis/6f7bf7c1-ab1a-4875-b001-50af6e24b2b3/in_use.lock acquired by nodename 22661@pr-hdds-1982-decom-states-scqb7-844612507
2019-09-02 17:29:30,624 [pool-419-thread-1] INFO  storage.RaftStorage (RaftStorage.java:format(72)) - Storage directory /workdir/hadoop-ozone/integration-test/target/test-dir/MiniOzoneClusterImpl-e559f1c9-459e-4782-a5d5-306a0def869d/datanode-1/data/ratis/6f7bf7c1-ab1a-4875-b001-50af6e24b2b3 has been successfully formatted.
2019-09-02 17:29:30,624 [pool-409-thread-1] INFO  storage.RaftStorage (RaftStorage.java:format(72)) - Storage directory /workdir/hadoop-ozone/integration-test/target/test-dir/MiniOzoneClusterImpl-e559f1c9-459e-4782-a5d5-306a0def869d/datanode-0/data/ratis/6f7bf7c1-ab1a-4875-b001-50af6e24b2b3 has been successfully formatted.
2019-09-02 17:29:30,624 [pool-429-thread-1] INFO  storage.RaftStorage (RaftStorage.java:format(72)) - Storage directory /workdir/hadoop-ozone/integration-test/target/test-dir/MiniOzoneClusterImpl-e559f1c9-459e-4782-a5d5-306a0def869d/datanode-2/data/ratis/6f7bf7c1-ab1a-4875-b001-50af6e24b2b3 has been successfully formatted.
2019-09-02 17:29:30,625 [pool-409-thread-1] INFO  ratis.ContainerStateMachine (ContainerStateMachine.java:loadSnapshot(227)) - group-50AF6E24B2B3: The snapshot info is null. Setting the last applied indexto:(t:0, i:~)
2019-09-02 17:29:30,624 [pool-419-thread-1] INFO  ratis.ContainerStateMachine (ContainerStateMachine.java:loadSnapshot(227)) - group-50AF6E24B2B3: The snapshot info is null. Setting the last applied indexto:(t:0, i:~)
2019-09-02 17:29:30,625 [pool-429-thread-1] INFO  ratis.ContainerStateMachine (ContainerStateMachine.java:loadSnapshot(227)) - group-50AF6E24B2B3: The snapshot info is null. Setting the last applied indexto:(t:0, i:~)
2019-09-02 17:29:30,625 [pool-409-thread-1] INFO  server.RaftServerConfigKeys (ConfUtils.java:logGet(43)) - raft.server.leader.election.timeout = 120s (custom)
2019-09-02 17:29:30,625 [pool-429-thread-1] INFO  server.RaftServerConfigKeys (ConfUtils.java:logGet(43)) - raft.server.leader.election.timeout = 120s (custom)
2019-09-02 17:29:30,625 [pool-419-thread-1] INFO  server.RaftServerConfigKeys (ConfUtils.java:logGet(43)) - raft.server.leader.election.timeout = 120s (custom)
2019-09-02 17:29:30,625 [pool-429-thread-1] INFO  server.RaftServerConfigKeys (ConfUtils.java:logGet(43)) - raft.server.log.use.memory = false (default)
2019-09-02 17:29:30,625 [pool-409-thread-1] INFO  server.RaftServerConfigKeys (ConfUtils.java:logGet(43)) - raft.server.log.use.memory = false (default)
2019-09-02 17:29:30,626 [pool-429-thread-1] INFO  server.RaftServerConfigKeys (ConfUtils.java:logGet(43)) - raft.server.log.purge.gap = 1000000 (custom)
2019-09-02 17:29:30,626 [pool-429-thread-1] INFO  server.RaftServerConfigKeys (ConfUtils.java:logGet(43)) - raft.server.log.appender.buffer.byte-limit = 33554432 (custom)
2019-09-02 17:29:30,625 [pool-419-thread-1] INFO  server.RaftServerConfigKeys (ConfUtils.java:logGet(43)) - raft.server.log.use.memory = false (default)
2019-09-02 17:29:30,626 [pool-429-thread-1] INFO  server.RaftServerConfigKeys (ConfUtils.java:logGet(43)) - raft.server.log.segment.size.max = 1048576 (custom)
2019-09-02 17:29:30,626 [pool-409-thread-1] INFO  server.RaftServerConfigKeys (ConfUtils.java:logGet(43)) - raft.server.log.purge.gap = 1000000 (custom)
2019-09-02 17:29:30,626 [pool-429-thread-1] INFO  server.RaftServerConfigKeys (ConfUtils.java:logGet(43)) - raft.server.log.segment.cache.num.max = 2 (custom)
2019-09-02 17:29:30,626 [pool-419-thread-1] INFO  server.RaftServerConfigKeys (ConfUtils.java:logGet(43)) - raft.server.log.purge.gap = 1000000 (custom)
2019-09-02 17:29:30,627 [pool-429-thread-1] INFO  segmented.SegmentedRaftLogWorker (SegmentedRaftLogWorker.java:<init>(172)) - new a01dd778-3426-48bd-ab61-39edd5ffa8da-SegmentedRaftLogWorker:Storage Directory /workdir/hadoop-ozone/integration-test/target/test-dir/MiniOzoneClusterImpl-e559f1c9-459e-4782-a5d5-306a0def869d/datanode-2/data/ratis/6f7bf7c1-ab1a-4875-b001-50af6e24b2b3 for RaftStorage:Storage Directory /workdir/hadoop-ozone/integration-test/target/test-dir/MiniOzoneClusterImpl-e559f1c9-459e-4782-a5d5-306a0def869d/datanode-2/data/ratis/6f7bf7c1-ab1a-4875-b001-50af6e24b2b3
2019-09-02 17:29:30,626 [pool-409-thread-1] INFO  server.RaftServerConfigKeys (ConfUtils.java:logGet(43)) - raft.server.log.appender.buffer.byte-limit = 33554432 (custom)
2019-09-02 17:29:30,627 [pool-429-thread-1] INFO  server.RaftServerConfigKeys (ConfUtils.java:logGet(43)) - raft.server.log.queue.byte-limit = 2147483647 (custom)
2019-09-02 17:29:30,627 [pool-429-thread-1] INFO  server.RaftServerConfigKeys (ConfUtils.java:logGet(43)) - raft.server.log.queue.element-limit = 1024 (custom)
2019-09-02 17:29:30,627 [pool-419-thread-1] INFO  server.RaftServerConfigKeys (ConfUtils.java:logGet(43)) - raft.server.log.appender.buffer.byte-limit = 33554432 (custom)
2019-09-02 17:29:30,627 [pool-429-thread-1] INFO  server.RaftServerConfigKeys (ConfUtils.java:logGet(43)) - raft.server.log.segment.size.max = 1048576 (custom)
2019-09-02 17:29:30,627 [pool-409-thread-1] INFO  server.RaftServerConfigKeys (ConfUtils.java:logGet(43)) - raft.server.log.segment.size.max = 1048576 (custom)
2019-09-02 17:29:30,627 [pool-429-thread-1] INFO  server.RaftServerConfigKeys (ConfUtils.java:logGet(43)) - raft.server.log.preallocated.size = 16384 (custom)
2019-09-02 17:29:30,627 [pool-419-thread-1] INFO  server.RaftServerConfigKeys (ConfUtils.java:logGet(43)) - raft.server.log.segment.size.max = 1048576 (custom)
2019-09-02 17:29:30,628 [pool-429-thread-1] INFO  server.RaftServerConfigKeys (ConfUtils.java:logGet(43)) - raft.server.log.write.buffer.size = 33554432 (custom)
2019-09-02 17:29:30,628 [pool-429-thread-1] INFO  server.RaftServerConfigKeys (ConfUtils.java:logGet(43)) - raft.server.log.force.sync.num = 128 (default)
2019-09-02 17:29:30,628 [pool-409-thread-1] INFO  server.RaftServerConfigKeys (ConfUtils.java:logGet(43)) - raft.server.log.segment.cache.num.max = 2 (custom)
2019-09-02 17:29:30,628 [pool-429-thread-1] INFO  server.RaftServerConfigKeys (ConfUtils.java:logGet(43)) - raft.server.log.statemachine.data.sync = true (default)
2019-09-02 17:29:30,628 [pool-419-thread-1] INFO  server.RaftServerConfigKeys (ConfUtils.java:logGet(43)) - raft.server.log.segment.cache.num.max = 2 (custom)
2019-09-02 17:29:30,628 [pool-429-thread-1] INFO  server.RaftServerConfigKeys (ConfUtils.java:logGet(43)) - raft.server.log.statemachine.data.sync.timeout = 10s (default)
2019-09-02 17:29:30,628 [pool-409-thread-1] INFO  segmented.SegmentedRaftLogWorker (SegmentedRaftLogWorker.java:<init>(172)) - new 58181834-ae2d-4234-b7b5-7f7cdd8a2cb8-SegmentedRaftLogWorker:Storage Directory /workdir/hadoop-ozone/integration-test/target/test-dir/MiniOzoneClusterImpl-e559f1c9-459e-4782-a5d5-306a0def869d/datanode-0/data/ratis/6f7bf7c1-ab1a-4875-b001-50af6e24b2b3 for RaftStorage:Storage Directory /workdir/hadoop-ozone/integration-test/target/test-dir/MiniOzoneClusterImpl-e559f1c9-459e-4782-a5d5-306a0def869d/datanode-0/data/ratis/6f7bf7c1-ab1a-4875-b001-50af6e24b2b3
2019-09-02 17:29:30,629 [pool-429-thread-1] INFO  server.RaftServerConfigKeys (ConfUtils.java:logGet(43)) - raft.server.log.statemachine.data.sync.timeout.retry = -1 (default)
2019-09-02 17:29:30,629 [pool-419-thread-1] INFO  segmented.SegmentedRaftLogWorker (SegmentedRaftLogWorker.java:<init>(172)) - new 9826e914-fbfc-44b9-9062-42de28e9045f-SegmentedRaftLogWorker:Storage Directory /workdir/hadoop-ozone/integration-test/target/test-dir/MiniOzoneClusterImpl-e559f1c9-459e-4782-a5d5-306a0def869d/datanode-1/data/ratis/6f7bf7c1-ab1a-4875-b001-50af6e24b2b3 for RaftStorage:Storage Directory /workdir/hadoop-ozone/integration-test/target/test-dir/MiniOzoneClusterImpl-e559f1c9-459e-4782-a5d5-306a0def869d/datanode-1/data/ratis/6f7bf7c1-ab1a-4875-b001-50af6e24b2b3
2019-09-02 17:29:30,629 [pool-429-thread-1] INFO  server.RaftServerConfigKeys (ConfUtils.java:logGet(43)) - raft.server.log.statemachine.data.caching.enabled = true (custom)
2019-09-02 17:29:30,629 [pool-409-thread-1] INFO  server.RaftServerConfigKeys (ConfUtils.java:logGet(43)) - raft.server.log.queue.byte-limit = 2147483647 (custom)
2019-09-02 17:29:30,629 [pool-419-thread-1] INFO  server.RaftServerConfigKeys (ConfUtils.java:logGet(43)) - raft.server.log.queue.byte-limit = 2147483647 (custom)
2019-09-02 17:29:30,629 [pool-429-thread-1] INFO  segmented.SegmentedRaftLogWorker (SegmentedRaftLogWorker.java:lambda$new$0(132)) - a01dd778-3426-48bd-ab61-39edd5ffa8da-SegmentedRaftLogWorker:Storage Directory /workdir/hadoop-ozone/integration-test/target/test-dir/MiniOzoneClusterImpl-e559f1c9-459e-4782-a5d5-306a0def869d/datanode-2/data/ratis/6f7bf7c1-ab1a-4875-b001-50af6e24b2b3: flushIndex: setUnconditionally 0 -> -1
2019-09-02 17:29:30,629 [pool-409-thread-1] INFO  server.RaftServerConfigKeys (ConfUtils.java:logGet(43)) - raft.server.log.queue.element-limit = 1024 (custom)
2019-09-02 17:29:30,629 [pool-419-thread-1] INFO  server.RaftServerConfigKeys (ConfUtils.java:logGet(43)) - raft.server.log.queue.element-limit = 1024 (custom)
2019-09-02 17:29:30,630 [pool-429-thread-1] INFO  server.RaftServerConfigKeys (ConfUtils.java:logGet(43)) - raft.server.snapshot.auto.trigger.enabled = true (custom)
2019-09-02 17:29:30,630 [pool-409-thread-1] INFO  server.RaftServerConfigKeys (ConfUtils.java:logGet(43)) - raft.server.log.segment.size.max = 1048576 (custom)
2019-09-02 17:29:30,630 [pool-429-thread-1] INFO  server.RaftServerConfigKeys (ConfUtils.java:logGet(43)) - raft.server.snapshot.auto.trigger.threshold = 10000 (custom)
2019-09-02 17:29:30,630 [pool-419-thread-1] INFO  server.RaftServerConfigKeys (ConfUtils.java:logGet(43)) - raft.server.log.segment.size.max = 1048576 (custom)
2019-09-02 17:29:30,630 [pool-429-thread-1] INFO  server.RaftServerConfigKeys (ConfUtils.java:logGet(43)) - raft.server.retrycache.expirytime = 600000ms (custom)
2019-09-02 17:29:30,630 [pool-409-thread-1] INFO  server.RaftServerConfigKeys (ConfUtils.java:logGet(43)) - raft.server.log.preallocated.size = 16384 (custom)
2019-09-02 17:29:30,630 [pool-429-thread-1] INFO  impl.RaftServerImpl (RaftServerImpl.java:start(180)) - a01dd778-3426-48bd-ab61-39edd5ffa8da: start group-50AF6E24B2B3
2019-09-02 17:29:30,630 [pool-419-thread-1] INFO  server.RaftServerConfigKeys (ConfUtils.java:logGet(43)) - raft.server.log.preallocated.size = 16384 (custom)
2019-09-02 17:29:30,631 [pool-429-thread-1] INFO  impl.RaftServerImpl (RaftServerImpl.java:setRole(171)) - a01dd778-3426-48bd-ab61-39edd5ffa8da:group-50AF6E24B2B3 changes role from null to FOLLOWER at term 0 for startAsFollower
2019-09-02 17:29:30,631 [pool-409-thread-1] INFO  server.RaftServerConfigKeys (ConfUtils.java:logGet(43)) - raft.server.log.write.buffer.size = 33554432 (custom)
2019-09-02 17:29:30,631 [pool-429-thread-1] INFO  impl.RoleInfo (RoleInfo.java:updateAndGet(143)) - a01dd778-3426-48bd-ab61-39edd5ffa8da: start FollowerState
2019-09-02 17:29:30,631 [pool-419-thread-1] INFO  server.RaftServerConfigKeys (ConfUtils.java:logGet(43)) - raft.server.log.write.buffer.size = 33554432 (custom)
2019-09-02 17:29:30,631 [pool-409-thread-1] INFO  server.RaftServerConfigKeys (ConfUtils.java:logGet(43)) - raft.server.log.force.sync.num = 128 (default)
2019-09-02 17:29:30,631 [pool-419-thread-1] INFO  server.RaftServerConfigKeys (ConfUtils.java:logGet(43)) - raft.server.log.force.sync.num = 128 (default)
2019-09-02 17:29:30,631 [pool-429-thread-1] INFO  util.JmxRegister (JmxRegister.java:tryRegister(44)) - Successfully registered JMX Bean with object name Ratis:service=RaftServer,group=group-50AF6E24B2B3,id=a01dd778-3426-48bd-ab61-39edd5ffa8da
2019-09-02 17:29:30,631 [pool-409-thread-1] INFO  server.RaftServerConfigKeys (ConfUtils.java:logGet(43)) - raft.server.log.statemachine.data.sync = true (default)
2019-09-02 17:29:30,632 [pool-409-thread-1] INFO  server.RaftServerConfigKeys (ConfUtils.java:logGet(43)) - raft.server.log.statemachine.data.sync.timeout = 10s (default)
2019-09-02 17:29:30,631 [pool-419-thread-1] INFO  server.RaftServerConfigKeys (ConfUtils.java:logGet(43)) - raft.server.log.statemachine.data.sync = true (default)
2019-09-02 17:29:30,632 [pool-409-thread-1] INFO  server.RaftServerConfigKeys (ConfUtils.java:logGet(43)) - raft.server.log.statemachine.data.sync.timeout.retry = -1 (default)
2019-09-02 17:29:30,632 [pool-419-thread-1] INFO  server.RaftServerConfigKeys (ConfUtils.java:logGet(43)) - raft.server.log.statemachine.data.sync.timeout = 10s (default)
2019-09-02 17:29:30,632 [pool-409-thread-1] INFO  server.RaftServerConfigKeys (ConfUtils.java:logGet(43)) - raft.server.log.statemachine.data.caching.enabled = true (custom)
2019-09-02 17:29:30,632 [pool-419-thread-1] INFO  server.RaftServerConfigKeys (ConfUtils.java:logGet(43)) - raft.server.log.statemachine.data.sync.timeout.retry = -1 (default)
2019-09-02 17:29:30,632 [pool-409-thread-1] INFO  segmented.SegmentedRaftLogWorker (SegmentedRaftLogWorker.java:lambda$new$0(132)) - 58181834-ae2d-4234-b7b5-7f7cdd8a2cb8-SegmentedRaftLogWorker:Storage Directory /workdir/hadoop-ozone/integration-test/target/test-dir/MiniOzoneClusterImpl-e559f1c9-459e-4782-a5d5-306a0def869d/datanode-0/data/ratis/6f7bf7c1-ab1a-4875-b001-50af6e24b2b3: flushIndex: setUnconditionally 0 -> -1
2019-09-02 17:29:30,633 [pool-419-thread-1] INFO  server.RaftServerConfigKeys (ConfUtils.java:logGet(43)) - raft.server.log.statemachine.data.caching.enabled = true (custom)
2019-09-02 17:29:30,633 [pool-409-thread-1] INFO  server.RaftServerConfigKeys (ConfUtils.java:logGet(43)) - raft.server.snapshot.auto.trigger.enabled = true (custom)
2019-09-02 17:29:30,633 [pool-419-thread-1] INFO  segmented.SegmentedRaftLogWorker (SegmentedRaftLogWorker.java:lambda$new$0(132)) - 9826e914-fbfc-44b9-9062-42de28e9045f-SegmentedRaftLogWorker:Storage Directory /workdir/hadoop-ozone/integration-test/target/test-dir/MiniOzoneClusterImpl-e559f1c9-459e-4782-a5d5-306a0def869d/datanode-1/data/ratis/6f7bf7c1-ab1a-4875-b001-50af6e24b2b3: flushIndex: setUnconditionally 0 -> -1
2019-09-02 17:29:30,633 [pool-409-thread-1] INFO  server.RaftServerConfigKeys (ConfUtils.java:logGet(43)) - raft.server.snapshot.auto.trigger.threshold = 10000 (custom)
2019-09-02 17:29:30,633 [pool-409-thread-1] INFO  server.RaftServerConfigKeys (ConfUtils.java:logGet(43)) - raft.server.retrycache.expirytime = 600000ms (custom)
2019-09-02 17:29:30,633 [pool-419-thread-1] INFO  server.RaftServerConfigKeys (ConfUtils.java:logGet(43)) - raft.server.snapshot.auto.trigger.enabled = true (custom)
2019-09-02 17:29:30,633 [pool-409-thread-1] INFO  impl.RaftServerImpl (RaftServerImpl.java:start(180)) - 58181834-ae2d-4234-b7b5-7f7cdd8a2cb8: start group-50AF6E24B2B3
2019-09-02 17:29:30,634 [pool-419-thread-1] INFO  server.RaftServerConfigKeys (ConfUtils.java:logGet(43)) - raft.server.snapshot.auto.trigger.threshold = 10000 (custom)
2019-09-02 17:29:30,634 [pool-409-thread-1] INFO  impl.RaftServerImpl (RaftServerImpl.java:setRole(171)) - 58181834-ae2d-4234-b7b5-7f7cdd8a2cb8:group-50AF6E24B2B3 changes role from null to FOLLOWER at term 0 for startAsFollower
2019-09-02 17:29:30,634 [pool-419-thread-1] INFO  server.RaftServerConfigKeys (ConfUtils.java:logGet(43)) - raft.server.retrycache.expirytime = 600000ms (custom)
2019-09-02 17:29:30,634 [pool-409-thread-1] INFO  impl.RoleInfo (RoleInfo.java:updateAndGet(143)) - 58181834-ae2d-4234-b7b5-7f7cdd8a2cb8: start FollowerState
2019-09-02 17:29:30,634 [pool-419-thread-1] INFO  impl.RaftServerImpl (RaftServerImpl.java:start(180)) - 9826e914-fbfc-44b9-9062-42de28e9045f: start group-50AF6E24B2B3
2019-09-02 17:29:30,634 [pool-419-thread-1] INFO  impl.RaftServerImpl (RaftServerImpl.java:setRole(171)) - 9826e914-fbfc-44b9-9062-42de28e9045f:group-50AF6E24B2B3 changes role from null to FOLLOWER at term 0 for startAsFollower
2019-09-02 17:29:30,634 [pool-419-thread-1] INFO  impl.RoleInfo (RoleInfo.java:updateAndGet(143)) - 9826e914-fbfc-44b9-9062-42de28e9045f: start FollowerState
2019-09-02 17:29:30,646 [pool-409-thread-1] INFO  util.JmxRegister (JmxRegister.java:tryRegister(44)) - Successfully registered JMX Bean with object name Ratis:service=RaftServer,group=group-50AF6E24B2B3,id=58181834-ae2d-4234-b7b5-7f7cdd8a2cb8
2019-09-02 17:29:30,646 [pool-419-thread-1] INFO  util.JmxRegister (JmxRegister.java:tryRegister(44)) - Successfully registered JMX Bean with object name Ratis:service=RaftServer,group=group-50AF6E24B2B3,id=9826e914-fbfc-44b9-9062-42de28e9045f
2019-09-02 17:29:30,655 [RatisPipelineUtilsThread] INFO  pipeline.PipelineStateManager (PipelineStateManager.java:addPipeline(56)) - Created pipeline Pipeline[ Id: 6f7bf7c1-ab1a-4875-b001-50af6e24b2b3, Nodes: a01dd778-3426-48bd-ab61-39edd5ffa8da{ip: 192.168.36.108, host: pr-hdds-1982-decom-states-scqb7-844612507, networkLocation: /default-rack, certSerialId: null}9826e914-fbfc-44b9-9062-42de28e9045f{ip: 192.168.36.108, host: pr-hdds-1982-decom-states-scqb7-844612507, networkLocation: /default-rack, certSerialId: null}58181834-ae2d-4234-b7b5-7f7cdd8a2cb8{ip: 192.168.36.108, host: pr-hdds-1982-decom-states-scqb7-844612507, networkLocation: /default-rack, certSerialId: null}, Type:RATIS, Factor:THREE, State:OPEN]
2019-09-02 17:29:30,655 [IPC Server handler 5 on 38964] INFO  net.NetworkTopology (NetworkTopologyImpl.java:add(110)) - Added a new node: /default-rack/08cdee05-7543-4b36-9019-d7315469c5c6
2019-09-02 17:29:30,655 [IPC Server handler 5 on 38964] INFO  node.SCMNodeManager (SCMNodeManager.java:register(266)) - Registered Data node : 08cdee05-7543-4b36-9019-d7315469c5c6{ip: 192.168.36.108, host: pr-hdds-1982-decom-states-scqb7-844612507, networkLocation: /default-rack, certSerialId: null}
2019-09-02 17:29:30,742 [IPC Server handler 0 on 38964] INFO  net.NetworkTopology (NetworkTopologyImpl.java:add(110)) - Added a new node: /default-rack/c5cb85f2-5fb8-4def-a26e-7a40ca6d8c48
2019-09-02 17:29:30,742 [IPC Server handler 0 on 38964] INFO  node.SCMNodeManager (SCMNodeManager.java:register(266)) - Registered Data node : c5cb85f2-5fb8-4def-a26e-7a40ca6d8c48{ip: 192.168.36.108, host: pr-hdds-1982-decom-states-scqb7-844612507, networkLocation: /default-rack, certSerialId: null}
2019-09-02 17:29:30,749 [grpc-default-executor-11] INFO  impl.RaftServerProxy (RaftServerProxy.java:addNew(89)) - c5cb85f2-5fb8-4def-a26e-7a40ca6d8c48: addNew group-50E7F8B5B551:[c5cb85f2-5fb8-4def-a26e-7a40ca6d8c48:192.168.36.108:40980] returns group-50E7F8B5B551:java.util.concurrent.CompletableFuture@49d46cea[Not completed]
2019-09-02 17:29:30,751 [pool-459-thread-1] INFO  impl.RaftServerImpl (RaftServerImpl.java:<init>(93)) - c5cb85f2-5fb8-4def-a26e-7a40ca6d8c48: new RaftServerImpl for group-50E7F8B5B551:[c5cb85f2-5fb8-4def-a26e-7a40ca6d8c48:192.168.36.108:40980] with ContainerStateMachine:uninitialized
2019-09-02 17:29:30,751 [pool-459-thread-1] INFO  server.RaftServerConfigKeys (ConfUtils.java:logGet(43)) - raft.server.rpc.timeout.min = 5s (custom)
2019-09-02 17:29:30,751 [pool-459-thread-1] INFO  server.RaftServerConfigKeys (ConfUtils.java:logGet(43)) - raft.server.rpc.timeout.max = 5200ms (custom)
2019-09-02 17:29:30,751 [pool-459-thread-1] INFO  server.RaftServerConfigKeys (ConfUtils.java:logGet(43)) - raft.server.rpcslowness.timeout = 120s (custom)
2019-09-02 17:29:30,751 [pool-459-thread-1] INFO  server.RaftServerConfigKeys (ConfUtils.java:logGet(43)) - raft.server.sleep.deviation.threshold = 300 (default)
2019-09-02 17:29:30,752 [pool-459-thread-1] INFO  server.RaftServerConfigKeys (ConfUtils.java:logGet(43)) - raft.server.log.appender.install.snapshot.enabled = false (custom)
2019-09-02 17:29:30,752 [pool-459-thread-1] INFO  impl.RaftServerImpl (ServerState.java:<init>(105)) - c5cb85f2-5fb8-4def-a26e-7a40ca6d8c48:group-50E7F8B5B551 ConfigurationManager, init=-1: [c5cb85f2-5fb8-4def-a26e-7a40ca6d8c48:192.168.36.108:40980], old=null, confs=<EMPTY_MAP>
2019-09-02 17:29:30,752 [pool-459-thread-1] INFO  server.RaftServerConfigKeys (ConfUtils.java:logGet(43)) - raft.server.storage.dir = [/workdir/hadoop-ozone/integration-test/target/test-dir/MiniOzoneClusterImpl-e559f1c9-459e-4782-a5d5-306a0def869d/datanode-5/data/ratis] (custom)
2019-09-02 17:29:30,752 [pool-459-thread-1] INFO  storage.RaftStorageDirectory (RaftStorageDirectory.java:analyzeStorage(246)) - The storage directory /workdir/hadoop-ozone/integration-test/target/test-dir/MiniOzoneClusterImpl-e559f1c9-459e-4782-a5d5-306a0def869d/datanode-5/data/ratis/ae915236-427e-4c92-a98b-50e7f8b5b551 does not exist. Creating ...
2019-09-02 17:29:30,766 [pool-459-thread-1] INFO  storage.RaftStorageDirectory (RaftStorageDirectory.java:tryLock(328)) - Lock on /workdir/hadoop-ozone/integration-test/target/test-dir/MiniOzoneClusterImpl-e559f1c9-459e-4782-a5d5-306a0def869d/datanode-5/data/ratis/ae915236-427e-4c92-a98b-50e7f8b5b551/in_use.lock acquired by nodename 22661@pr-hdds-1982-decom-states-scqb7-844612507
2019-09-02 17:29:30,779 [pool-459-thread-1] INFO  storage.RaftStorage (RaftStorage.java:format(72)) - Storage directory /workdir/hadoop-ozone/integration-test/target/test-dir/MiniOzoneClusterImpl-e559f1c9-459e-4782-a5d5-306a0def869d/datanode-5/data/ratis/ae915236-427e-4c92-a98b-50e7f8b5b551 has been successfully formatted.
2019-09-02 17:29:30,779 [pool-459-thread-1] INFO  ratis.ContainerStateMachine (ContainerStateMachine.java:loadSnapshot(227)) - group-50E7F8B5B551: The snapshot info is null. Setting the last applied indexto:(t:0, i:~)
2019-09-02 17:29:30,779 [pool-459-thread-1] INFO  server.RaftServerConfigKeys (ConfUtils.java:logGet(43)) - raft.server.leader.election.timeout = 120s (custom)
2019-09-02 17:29:30,780 [pool-459-thread-1] INFO  server.RaftServerConfigKeys (ConfUtils.java:logGet(43)) - raft.server.log.use.memory = false (default)
2019-09-02 17:29:30,780 [pool-459-thread-1] INFO  server.RaftServerConfigKeys (ConfUtils.java:logGet(43)) - raft.server.log.purge.gap = 1000000 (custom)
2019-09-02 17:29:30,780 [pool-459-thread-1] INFO  server.RaftServerConfigKeys (ConfUtils.java:logGet(43)) - raft.server.log.appender.buffer.byte-limit = 33554432 (custom)
2019-09-02 17:29:30,780 [pool-459-thread-1] INFO  server.RaftServerConfigKeys (ConfUtils.java:logGet(43)) - raft.server.log.segment.size.max = 1048576 (custom)
2019-09-02 17:29:30,780 [pool-459-thread-1] INFO  server.RaftServerConfigKeys (ConfUtils.java:logGet(43)) - raft.server.log.segment.cache.num.max = 2 (custom)
2019-09-02 17:29:30,780 [pool-459-thread-1] INFO  segmented.SegmentedRaftLogWorker (SegmentedRaftLogWorker.java:<init>(172)) - new c5cb85f2-5fb8-4def-a26e-7a40ca6d8c48-SegmentedRaftLogWorker:Storage Directory /workdir/hadoop-ozone/integration-test/target/test-dir/MiniOzoneClusterImpl-e559f1c9-459e-4782-a5d5-306a0def869d/datanode-5/data/ratis/ae915236-427e-4c92-a98b-50e7f8b5b551 for RaftStorage:Storage Directory /workdir/hadoop-ozone/integration-test/target/test-dir/MiniOzoneClusterImpl-e559f1c9-459e-4782-a5d5-306a0def869d/datanode-5/data/ratis/ae915236-427e-4c92-a98b-50e7f8b5b551
2019-09-02 17:29:30,781 [pool-459-thread-1] INFO  server.RaftServerConfigKeys (ConfUtils.java:logGet(43)) - raft.server.log.queue.byte-limit = 2147483647 (custom)
2019-09-02 17:29:30,781 [pool-459-thread-1] INFO  server.RaftServerConfigKeys (ConfUtils.java:logGet(43)) - raft.server.log.queue.element-limit = 1024 (custom)
2019-09-02 17:29:30,781 [pool-459-thread-1] INFO  server.RaftServerConfigKeys (ConfUtils.java:logGet(43)) - raft.server.log.segment.size.max = 1048576 (custom)
2019-09-02 17:29:30,781 [pool-459-thread-1] INFO  server.RaftServerConfigKeys (ConfUtils.java:logGet(43)) - raft.server.log.preallocated.size = 16384 (custom)
2019-09-02 17:29:30,781 [pool-459-thread-1] INFO  server.RaftServerConfigKeys (ConfUtils.java:logGet(43)) - raft.server.log.write.buffer.size = 33554432 (custom)
2019-09-02 17:29:30,782 [pool-459-thread-1] INFO  server.RaftServerConfigKeys (ConfUtils.java:logGet(43)) - raft.server.log.force.sync.num = 128 (default)
2019-09-02 17:29:30,782 [pool-459-thread-1] INFO  server.RaftServerConfigKeys (ConfUtils.java:logGet(43)) - raft.server.log.statemachine.data.sync = true (default)
2019-09-02 17:29:30,782 [pool-459-thread-1] INFO  server.RaftServerConfigKeys (ConfUtils.java:logGet(43)) - raft.server.log.statemachine.data.sync.timeout = 10s (default)
2019-09-02 17:29:30,782 [pool-459-thread-1] INFO  server.RaftServerConfigKeys (ConfUtils.java:logGet(43)) - raft.server.log.statemachine.data.sync.timeout.retry = -1 (default)
2019-09-02 17:29:30,782 [pool-459-thread-1] INFO  server.RaftServerConfigKeys (ConfUtils.java:logGet(43)) - raft.server.log.statemachine.data.caching.enabled = true (custom)
2019-09-02 17:29:30,783 [pool-459-thread-1] INFO  segmented.SegmentedRaftLogWorker (SegmentedRaftLogWorker.java:lambda$new$0(132)) - c5cb85f2-5fb8-4def-a26e-7a40ca6d8c48-SegmentedRaftLogWorker:Storage Directory /workdir/hadoop-ozone/integration-test/target/test-dir/MiniOzoneClusterImpl-e559f1c9-459e-4782-a5d5-306a0def869d/datanode-5/data/ratis/ae915236-427e-4c92-a98b-50e7f8b5b551: flushIndex: setUnconditionally 0 -> -1
2019-09-02 17:29:30,783 [pool-459-thread-1] INFO  server.RaftServerConfigKeys (ConfUtils.java:logGet(43)) - raft.server.snapshot.auto.trigger.enabled = true (custom)
2019-09-02 17:29:30,783 [pool-459-thread-1] INFO  server.RaftServerConfigKeys (ConfUtils.java:logGet(43)) - raft.server.snapshot.auto.trigger.threshold = 10000 (custom)
2019-09-02 17:29:30,783 [pool-459-thread-1] INFO  server.RaftServerConfigKeys (ConfUtils.java:logGet(43)) - raft.server.retrycache.expirytime = 600000ms (custom)
2019-09-02 17:29:30,784 [pool-459-thread-1] INFO  impl.RaftServerImpl (RaftServerImpl.java:start(180)) - c5cb85f2-5fb8-4def-a26e-7a40ca6d8c48: start group-50E7F8B5B551
2019-09-02 17:29:30,784 [pool-459-thread-1] INFO  impl.RaftServerImpl (RaftServerImpl.java:setRole(171)) - c5cb85f2-5fb8-4def-a26e-7a40ca6d8c48:group-50E7F8B5B551 changes role from null to FOLLOWER at term 0 for startAsFollower
2019-09-02 17:29:30,784 [pool-459-thread-1] INFO  impl.RoleInfo (RoleInfo.java:updateAndGet(143)) - c5cb85f2-5fb8-4def-a26e-7a40ca6d8c48: start FollowerState
2019-09-02 17:29:30,784 [pool-459-thread-1] INFO  util.JmxRegister (JmxRegister.java:tryRegister(44)) - Successfully registered JMX Bean with object name Ratis:service=RaftServer,group=group-50E7F8B5B551,id=c5cb85f2-5fb8-4def-a26e-7a40ca6d8c48
2019-09-02 17:29:30,787 [RatisPipelineUtilsThread] INFO  pipeline.PipelineStateManager (PipelineStateManager.java:addPipeline(56)) - Created pipeline Pipeline[ Id: ae915236-427e-4c92-a98b-50e7f8b5b551, Nodes: c5cb85f2-5fb8-4def-a26e-7a40ca6d8c48{ip: 192.168.36.108, host: pr-hdds-1982-decom-states-scqb7-844612507, networkLocation: /default-rack, certSerialId: null}, Type:RATIS, Factor:ONE, State:OPEN]
2019-09-02 17:29:30,794 [grpc-default-executor-11] INFO  impl.RaftServerProxy (RaftServerProxy.java:addNew(89)) - 08cdee05-7543-4b36-9019-d7315469c5c6: addNew group-913FA3E43E9A:[08cdee05-7543-4b36-9019-d7315469c5c6:192.168.36.108:36128] returns group-913FA3E43E9A:java.util.concurrent.CompletableFuture@1049f095[Not completed]
2019-09-02 17:29:30,795 [pool-449-thread-1] INFO  impl.RaftServerImpl (RaftServerImpl.java:<init>(93)) - 08cdee05-7543-4b36-9019-d7315469c5c6: new RaftServerImpl for group-913FA3E43E9A:[08cdee05-7543-4b36-9019-d7315469c5c6:192.168.36.108:36128] with ContainerStateMachine:uninitialized
2019-09-02 17:29:30,796 [pool-449-thread-1] INFO  server.RaftServerConfigKeys (ConfUtils.java:logGet(43)) - raft.server.rpc.timeout.min = 5s (custom)
2019-09-02 17:29:30,796 [pool-449-thread-1] INFO  server.RaftServerConfigKeys (ConfUtils.java:logGet(43)) - raft.server.rpc.timeout.max = 5200ms (custom)
2019-09-02 17:29:30,796 [pool-449-thread-1] INFO  server.RaftServerConfigKeys (ConfUtils.java:logGet(43)) - raft.server.rpcslowness.timeout = 120s (custom)
2019-09-02 17:29:30,796 [pool-449-thread-1] INFO  server.RaftServerConfigKeys (ConfUtils.java:logGet(43)) - raft.server.sleep.deviation.threshold = 300 (default)
2019-09-02 17:29:30,796 [pool-449-thread-1] INFO  server.RaftServerConfigKeys (ConfUtils.java:logGet(43)) - raft.server.log.appender.install.snapshot.enabled = false (custom)
2019-09-02 17:29:30,796 [pool-449-thread-1] INFO  impl.RaftServerImpl (ServerState.java:<init>(105)) - 08cdee05-7543-4b36-9019-d7315469c5c6:group-913FA3E43E9A ConfigurationManager, init=-1: [08cdee05-7543-4b36-9019-d7315469c5c6:192.168.36.108:36128], old=null, confs=<EMPTY_MAP>
2019-09-02 17:29:30,797 [pool-449-thread-1] INFO  server.RaftServerConfigKeys (ConfUtils.java:logGet(43)) - raft.server.storage.dir = [/workdir/hadoop-ozone/integration-test/target/test-dir/MiniOzoneClusterImpl-e559f1c9-459e-4782-a5d5-306a0def869d/datanode-4/data/ratis] (custom)
2019-09-02 17:29:30,797 [pool-449-thread-1] INFO  storage.RaftStorageDirectory (RaftStorageDirectory.java:analyzeStorage(246)) - The storage directory /workdir/hadoop-ozone/integration-test/target/test-dir/MiniOzoneClusterImpl-e559f1c9-459e-4782-a5d5-306a0def869d/datanode-4/data/ratis/2dee8aa9-259d-4c10-bf18-913fa3e43e9a does not exist. Creating ...
2019-09-02 17:29:30,810 [pool-449-thread-1] INFO  storage.RaftStorageDirectory (RaftStorageDirectory.java:tryLock(328)) - Lock on /workdir/hadoop-ozone/integration-test/target/test-dir/MiniOzoneClusterImpl-e559f1c9-459e-4782-a5d5-306a0def869d/datanode-4/data/ratis/2dee8aa9-259d-4c10-bf18-913fa3e43e9a/in_use.lock acquired by nodename 22661@pr-hdds-1982-decom-states-scqb7-844612507
2019-09-02 17:29:30,820 [IPC Server handler 2 on 38964] INFO  net.NetworkTopology (NetworkTopologyImpl.java:add(110)) - Added a new node: /default-rack/8924c2cc-0b63-491b-a851-2031a6c7a041
2019-09-02 17:29:30,820 [IPC Server handler 2 on 38964] INFO  node.SCMNodeManager (SCMNodeManager.java:register(266)) - Registered Data node : 8924c2cc-0b63-491b-a851-2031a6c7a041{ip: 192.168.36.108, host: pr-hdds-1982-decom-states-scqb7-844612507, networkLocation: /default-rack, certSerialId: null}
2019-09-02 17:29:30,820 [main] INFO  ozone.MiniOzoneClusterImpl (MiniOzoneClusterImpl.java:lambda$waitForClusterToBeReady$0(140)) - Cluster is ready. Got 7 of 7 DN Heartbeats.
2019-09-02 17:29:30,823 [pool-449-thread-1] INFO  storage.RaftStorage (RaftStorage.java:format(72)) - Storage directory /workdir/hadoop-ozone/integration-test/target/test-dir/MiniOzoneClusterImpl-e559f1c9-459e-4782-a5d5-306a0def869d/datanode-4/data/ratis/2dee8aa9-259d-4c10-bf18-913fa3e43e9a has been successfully formatted.
2019-09-02 17:29:30,828 [pool-449-thread-1] INFO  ratis.ContainerStateMachine (ContainerStateMachine.java:loadSnapshot(227)) - group-913FA3E43E9A: The snapshot info is null. Setting the last applied indexto:(t:0, i:~)
2019-09-02 17:29:30,828 [pool-449-thread-1] INFO  server.RaftServerConfigKeys (ConfUtils.java:logGet(43)) - raft.server.leader.election.timeout = 120s (custom)
2019-09-02 17:29:30,828 [pool-449-thread-1] INFO  server.RaftServerConfigKeys (ConfUtils.java:logGet(43)) - raft.server.log.use.memory = false (default)
2019-09-02 17:29:30,828 [pool-449-thread-1] INFO  server.RaftServerConfigKeys (ConfUtils.java:logGet(43)) - raft.server.log.purge.gap = 1000000 (custom)
2019-09-02 17:29:30,828 [pool-449-thread-1] INFO  server.RaftServerConfigKeys (ConfUtils.java:logGet(43)) - raft.server.log.appender.buffer.byte-limit = 33554432 (custom)
2019-09-02 17:29:30,829 [pool-449-thread-1] INFO  server.RaftServerConfigKeys (ConfUtils.java:logGet(43)) - raft.server.log.segment.size.max = 1048576 (custom)
2019-09-02 17:29:30,829 [pool-449-thread-1] INFO  server.RaftServerConfigKeys (ConfUtils.java:logGet(43)) - raft.server.log.segment.cache.num.max = 2 (custom)
2019-09-02 17:29:30,829 [pool-449-thread-1] INFO  segmented.SegmentedRaftLogWorker (SegmentedRaftLogWorker.java:<init>(172)) - new 08cdee05-7543-4b36-9019-d7315469c5c6-SegmentedRaftLogWorker:Storage Directory /workdir/hadoop-ozone/integration-test/target/test-dir/MiniOzoneClusterImpl-e559f1c9-459e-4782-a5d5-306a0def869d/datanode-4/data/ratis/2dee8aa9-259d-4c10-bf18-913fa3e43e9a for RaftStorage:Storage Directory /workdir/hadoop-ozone/integration-test/target/test-dir/MiniOzoneClusterImpl-e559f1c9-459e-4782-a5d5-306a0def869d/datanode-4/data/ratis/2dee8aa9-259d-4c10-bf18-913fa3e43e9a
2019-09-02 17:29:30,829 [pool-449-thread-1] INFO  server.RaftServerConfigKeys (ConfUtils.java:logGet(43)) - raft.server.log.queue.byte-limit = 2147483647 (custom)
2019-09-02 17:29:30,831 [pool-449-thread-1] INFO  server.RaftServerConfigKeys (ConfUtils.java:logGet(43)) - raft.server.log.queue.element-limit = 1024 (custom)
2019-09-02 17:29:30,832 [pool-449-thread-1] INFO  server.RaftServerConfigKeys (ConfUtils.java:logGet(43)) - raft.server.log.segment.size.max = 1048576 (custom)
2019-09-02 17:29:30,832 [pool-449-thread-1] INFO  server.RaftServerConfigKeys (ConfUtils.java:logGet(43)) - raft.server.log.preallocated.size = 16384 (custom)
2019-09-02 17:29:30,832 [pool-449-thread-1] INFO  server.RaftServerConfigKeys (ConfUtils.java:logGet(43)) - raft.server.log.write.buffer.size = 33554432 (custom)
2019-09-02 17:29:30,832 [pool-449-thread-1] INFO  server.RaftServerConfigKeys (ConfUtils.java:logGet(43)) - raft.server.log.force.sync.num = 128 (default)
2019-09-02 17:29:30,836 [pool-449-thread-1] INFO  server.RaftServerConfigKeys (ConfUtils.java:logGet(43)) - raft.server.log.statemachine.data.sync = true (default)
2019-09-02 17:29:30,844 [pool-449-thread-1] INFO  server.RaftServerConfigKeys (ConfUtils.java:logGet(43)) - raft.server.log.statemachine.data.sync.timeout = 10s (default)
2019-09-02 17:29:30,844 [pool-449-thread-1] INFO  server.RaftServerConfigKeys (ConfUtils.java:logGet(43)) - raft.server.log.statemachine.data.sync.timeout.retry = -1 (default)
2019-09-02 17:29:30,845 [pool-449-thread-1] INFO  server.RaftServerConfigKeys (ConfUtils.java:logGet(43)) - raft.server.log.statemachine.data.caching.enabled = true (custom)
2019-09-02 17:29:30,845 [pool-449-thread-1] INFO  segmented.SegmentedRaftLogWorker (SegmentedRaftLogWorker.java:lambda$new$0(132)) - 08cdee05-7543-4b36-9019-d7315469c5c6-SegmentedRaftLogWorker:Storage Directory /workdir/hadoop-ozone/integration-test/target/test-dir/MiniOzoneClusterImpl-e559f1c9-459e-4782-a5d5-306a0def869d/datanode-4/data/ratis/2dee8aa9-259d-4c10-bf18-913fa3e43e9a: flushIndex: setUnconditionally 0 -> -1
2019-09-02 17:29:30,846 [pool-449-thread-1] INFO  server.RaftServerConfigKeys (ConfUtils.java:logGet(43)) - raft.server.snapshot.auto.trigger.enabled = true (custom)
2019-09-02 17:29:30,846 [pool-449-thread-1] INFO  server.RaftServerConfigKeys (ConfUtils.java:logGet(43)) - raft.server.snapshot.auto.trigger.threshold = 10000 (custom)
2019-09-02 17:29:30,846 [pool-449-thread-1] INFO  server.RaftServerConfigKeys (ConfUtils.java:logGet(43)) - raft.server.retrycache.expirytime = 600000ms (custom)
2019-09-02 17:29:30,846 [pool-449-thread-1] INFO  impl.RaftServerImpl (RaftServerImpl.java:start(180)) - 08cdee05-7543-4b36-9019-d7315469c5c6: start group-913FA3E43E9A
2019-09-02 17:29:30,846 [pool-449-thread-1] INFO  impl.RaftServerImpl (RaftServerImpl.java:setRole(171)) - 08cdee05-7543-4b36-9019-d7315469c5c6:group-913FA3E43E9A changes role from null to FOLLOWER at term 0 for startAsFollower
2019-09-02 17:29:30,846 [pool-449-thread-1] INFO  impl.RoleInfo (RoleInfo.java:updateAndGet(143)) - 08cdee05-7543-4b36-9019-d7315469c5c6: start FollowerState
2019-09-02 17:29:30,847 [main] INFO  rpc.RpcClient (RpcClient.java:createVolume(293)) - Creating Volume: testblockoutputstream, with jenkins1000 as owner.
2019-09-02 17:29:30,847 [pool-449-thread-1] INFO  util.JmxRegister (JmxRegister.java:tryRegister(44)) - Successfully registered JMX Bean with object name Ratis:service=RaftServer,group=group-913FA3E43E9A,id=08cdee05-7543-4b36-9019-d7315469c5c6
2019-09-02 17:29:30,851 [RatisPipelineUtilsThread] INFO  pipeline.PipelineStateManager (PipelineStateManager.java:addPipeline(56)) - Created pipeline Pipeline[ Id: 2dee8aa9-259d-4c10-bf18-913fa3e43e9a, Nodes: 08cdee05-7543-4b36-9019-d7315469c5c6{ip: 192.168.36.108, host: pr-hdds-1982-decom-states-scqb7-844612507, networkLocation: /default-rack, certSerialId: null}, Type:RATIS, Factor:ONE, State:OPEN]
2019-09-02 17:29:30,861 [main] INFO  rpc.RpcClient (RpcClient.java:createBucket(432)) - Creating Bucket: testblockoutputstream/testblockoutputstream, with Versioning false and Storage Type set to DISK and Encryption set to false 
2019-09-02 17:29:30,867 [grpc-default-executor-11] INFO  impl.RaftServerProxy (RaftServerProxy.java:addNew(89)) - 8924c2cc-0b63-491b-a851-2031a6c7a041: addNew group-7600DE9200A6:[8924c2cc-0b63-491b-a851-2031a6c7a041:192.168.36.108:43647] returns group-7600DE9200A6:java.util.concurrent.CompletableFuture@268e65c7[Not completed]
2019-09-02 17:29:30,868 [pool-469-thread-1] INFO  impl.RaftServerImpl (RaftServerImpl.java:<init>(93)) - 8924c2cc-0b63-491b-a851-2031a6c7a041: new RaftServerImpl for group-7600DE9200A6:[8924c2cc-0b63-491b-a851-2031a6c7a041:192.168.36.108:43647] with ContainerStateMachine:uninitialized
2019-09-02 17:29:30,868 [pool-469-thread-1] INFO  server.RaftServerConfigKeys (ConfUtils.java:logGet(43)) - raft.server.rpc.timeout.min = 5s (custom)
2019-09-02 17:29:30,868 [pool-469-thread-1] INFO  server.RaftServerConfigKeys (ConfUtils.java:logGet(43)) - raft.server.rpc.timeout.max = 5200ms (custom)
2019-09-02 17:29:30,868 [pool-469-thread-1] INFO  server.RaftServerConfigKeys (ConfUtils.java:logGet(43)) - raft.server.rpcslowness.timeout = 120s (custom)
2019-09-02 17:29:30,869 [pool-469-thread-1] INFO  server.RaftServerConfigKeys (ConfUtils.java:logGet(43)) - raft.server.sleep.deviation.threshold = 300 (default)
2019-09-02 17:29:30,869 [pool-469-thread-1] INFO  server.RaftServerConfigKeys (ConfUtils.java:logGet(43)) - raft.server.log.appender.install.snapshot.enabled = false (custom)
2019-09-02 17:29:30,869 [pool-469-thread-1] INFO  impl.RaftServerImpl (ServerState.java:<init>(105)) - 8924c2cc-0b63-491b-a851-2031a6c7a041:group-7600DE9200A6 ConfigurationManager, init=-1: [8924c2cc-0b63-491b-a851-2031a6c7a041:192.168.36.108:43647], old=null, confs=<EMPTY_MAP>
2019-09-02 17:29:30,869 [pool-469-thread-1] INFO  server.RaftServerConfigKeys (ConfUtils.java:logGet(43)) - raft.server.storage.dir = [/workdir/hadoop-ozone/integration-test/target/test-dir/MiniOzoneClusterImpl-e559f1c9-459e-4782-a5d5-306a0def869d/datanode-6/data/ratis] (custom)
2019-09-02 17:29:30,869 [pool-469-thread-1] INFO  storage.RaftStorageDirectory (RaftStorageDirectory.java:analyzeStorage(246)) - The storage directory /workdir/hadoop-ozone/integration-test/target/test-dir/MiniOzoneClusterImpl-e559f1c9-459e-4782-a5d5-306a0def869d/datanode-6/data/ratis/c096e807-013f-457f-bbca-7600de9200a6 does not exist. Creating ...
2019-09-02 17:29:30,883 [pool-469-thread-1] INFO  storage.RaftStorageDirectory (RaftStorageDirectory.java:tryLock(328)) - Lock on /workdir/hadoop-ozone/integration-test/target/test-dir/MiniOzoneClusterImpl-e559f1c9-459e-4782-a5d5-306a0def869d/datanode-6/data/ratis/c096e807-013f-457f-bbca-7600de9200a6/in_use.lock acquired by nodename 22661@pr-hdds-1982-decom-states-scqb7-844612507
2019-09-02 17:29:30,896 [pool-469-thread-1] INFO  storage.RaftStorage (RaftStorage.java:format(72)) - Storage directory /workdir/hadoop-ozone/integration-test/target/test-dir/MiniOzoneClusterImpl-e559f1c9-459e-4782-a5d5-306a0def869d/datanode-6/data/ratis/c096e807-013f-457f-bbca-7600de9200a6 has been successfully formatted.
2019-09-02 17:29:30,896 [pool-469-thread-1] INFO  ratis.ContainerStateMachine (ContainerStateMachine.java:loadSnapshot(227)) - group-7600DE9200A6: The snapshot info is null. Setting the last applied indexto:(t:0, i:~)
2019-09-02 17:29:30,896 [pool-469-thread-1] INFO  server.RaftServerConfigKeys (ConfUtils.java:logGet(43)) - raft.server.leader.election.timeout = 120s (custom)
2019-09-02 17:29:30,896 [pool-469-thread-1] INFO  server.RaftServerConfigKeys (ConfUtils.java:logGet(43)) - raft.server.log.use.memory = false (default)
2019-09-02 17:29:30,897 [pool-469-thread-1] INFO  server.RaftServerConfigKeys (ConfUtils.java:logGet(43)) - raft.server.log.purge.gap = 1000000 (custom)
2019-09-02 17:29:30,897 [pool-469-thread-1] INFO  server.RaftServerConfigKeys (ConfUtils.java:logGet(43)) - raft.server.log.appender.buffer.byte-limit = 33554432 (custom)
2019-09-02 17:29:30,897 [pool-469-thread-1] INFO  server.RaftServerConfigKeys (ConfUtils.java:logGet(43)) - raft.server.log.segment.size.max = 1048576 (custom)
2019-09-02 17:29:30,897 [pool-469-thread-1] INFO  server.RaftServerConfigKeys (ConfUtils.java:logGet(43)) - raft.server.log.segment.cache.num.max = 2 (custom)
2019-09-02 17:29:30,897 [pool-469-thread-1] INFO  segmented.SegmentedRaftLogWorker (SegmentedRaftLogWorker.java:<init>(172)) - new 8924c2cc-0b63-491b-a851-2031a6c7a041-SegmentedRaftLogWorker:Storage Directory /workdir/hadoop-ozone/integration-test/target/test-dir/MiniOzoneClusterImpl-e559f1c9-459e-4782-a5d5-306a0def869d/datanode-6/data/ratis/c096e807-013f-457f-bbca-7600de9200a6 for RaftStorage:Storage Directory /workdir/hadoop-ozone/integration-test/target/test-dir/MiniOzoneClusterImpl-e559f1c9-459e-4782-a5d5-306a0def869d/datanode-6/data/ratis/c096e807-013f-457f-bbca-7600de9200a6
2019-09-02 17:29:30,897 [pool-469-thread-1] INFO  server.RaftServerConfigKeys (ConfUtils.java:logGet(43)) - raft.server.log.queue.byte-limit = 2147483647 (custom)
2019-09-02 17:29:30,897 [pool-469-thread-1] INFO  server.RaftServerConfigKeys (ConfUtils.java:logGet(43)) - raft.server.log.queue.element-limit = 1024 (custom)
2019-09-02 17:29:30,898 [pool-469-thread-1] INFO  server.RaftServerConfigKeys (ConfUtils.java:logGet(43)) - raft.server.log.segment.size.max = 1048576 (custom)
2019-09-02 17:29:30,898 [pool-469-thread-1] INFO  server.RaftServerConfigKeys (ConfUtils.java:logGet(43)) - raft.server.log.preallocated.size = 16384 (custom)
2019-09-02 17:29:30,898 [pool-469-thread-1] INFO  server.RaftServerConfigKeys (ConfUtils.java:logGet(43)) - raft.server.log.write.buffer.size = 33554432 (custom)
2019-09-02 17:29:30,898 [pool-469-thread-1] INFO  server.RaftServerConfigKeys (ConfUtils.java:logGet(43)) - raft.server.log.force.sync.num = 128 (default)
2019-09-02 17:29:30,898 [pool-469-thread-1] INFO  server.RaftServerConfigKeys (ConfUtils.java:logGet(43)) - raft.server.log.statemachine.data.sync = true (default)
2019-09-02 17:29:30,898 [pool-469-thread-1] INFO  server.RaftServerConfigKeys (ConfUtils.java:logGet(43)) - raft.server.log.statemachine.data.sync.timeout = 10s (default)
2019-09-02 17:29:30,898 [pool-469-thread-1] INFO  server.RaftServerConfigKeys (ConfUtils.java:logGet(43)) - raft.server.log.statemachine.data.sync.timeout.retry = -1 (default)
2019-09-02 17:29:30,899 [pool-469-thread-1] INFO  server.RaftServerConfigKeys (ConfUtils.java:logGet(43)) - raft.server.log.statemachine.data.caching.enabled = true (custom)
2019-09-02 17:29:30,899 [pool-469-thread-1] INFO  segmented.SegmentedRaftLogWorker (SegmentedRaftLogWorker.java:lambda$new$0(132)) - 8924c2cc-0b63-491b-a851-2031a6c7a041-SegmentedRaftLogWorker:Storage Directory /workdir/hadoop-ozone/integration-test/target/test-dir/MiniOzoneClusterImpl-e559f1c9-459e-4782-a5d5-306a0def869d/datanode-6/data/ratis/c096e807-013f-457f-bbca-7600de9200a6: flushIndex: setUnconditionally 0 -> -1
2019-09-02 17:29:30,899 [pool-469-thread-1] INFO  server.RaftServerConfigKeys (ConfUtils.java:logGet(43)) - raft.server.snapshot.auto.trigger.enabled = true (custom)
2019-09-02 17:29:30,899 [pool-469-thread-1] INFO  server.RaftServerConfigKeys (ConfUtils.java:logGet(43)) - raft.server.snapshot.auto.trigger.threshold = 10000 (custom)
2019-09-02 17:29:30,899 [pool-469-thread-1] INFO  server.RaftServerConfigKeys (ConfUtils.java:logGet(43)) - raft.server.retrycache.expirytime = 600000ms (custom)
2019-09-02 17:29:30,900 [pool-469-thread-1] INFO  impl.RaftServerImpl (RaftServerImpl.java:start(180)) - 8924c2cc-0b63-491b-a851-2031a6c7a041: start group-7600DE9200A6
2019-09-02 17:29:30,900 [pool-469-thread-1] INFO  impl.RaftServerImpl (RaftServerImpl.java:setRole(171)) - 8924c2cc-0b63-491b-a851-2031a6c7a041:group-7600DE9200A6 changes role from null to FOLLOWER at term 0 for startAsFollower
2019-09-02 17:29:30,900 [pool-469-thread-1] INFO  impl.RoleInfo (RoleInfo.java:updateAndGet(143)) - 8924c2cc-0b63-491b-a851-2031a6c7a041: start FollowerState
2019-09-02 17:29:30,900 [pool-469-thread-1] INFO  util.JmxRegister (JmxRegister.java:tryRegister(44)) - Successfully registered JMX Bean with object name Ratis:service=RaftServer,group=group-7600DE9200A6,id=8924c2cc-0b63-491b-a851-2031a6c7a041
2019-09-02 17:29:30,902 [RatisPipelineUtilsThread] INFO  pipeline.PipelineStateManager (PipelineStateManager.java:addPipeline(56)) - Created pipeline Pipeline[ Id: c096e807-013f-457f-bbca-7600de9200a6, Nodes: 8924c2cc-0b63-491b-a851-2031a6c7a041{ip: 192.168.36.108, host: pr-hdds-1982-decom-states-scqb7-844612507, networkLocation: /default-rack, certSerialId: null}, Type:RATIS, Factor:ONE, State:OPEN]
2019-09-02 17:29:30,911 [grpc-default-executor-11] INFO  impl.RaftServerProxy (RaftServerProxy.java:addNew(89)) - 30722616-804a-4c33-9e8d-7555c917aefe: addNew group-C312E09245D2:[30722616-804a-4c33-9e8d-7555c917aefe:192.168.36.108:38735] returns group-C312E09245D2:java.util.concurrent.CompletableFuture@2a820f0[Not completed]
2019-09-02 17:29:30,912 [pool-439-thread-1] INFO  impl.RaftServerImpl (RaftServerImpl.java:<init>(93)) - 30722616-804a-4c33-9e8d-7555c917aefe: new RaftServerImpl for group-C312E09245D2:[30722616-804a-4c33-9e8d-7555c917aefe:192.168.36.108:38735] with ContainerStateMachine:uninitialized
2019-09-02 17:29:30,912 [pool-439-thread-1] INFO  server.RaftServerConfigKeys (ConfUtils.java:logGet(43)) - raft.server.rpc.timeout.min = 5s (custom)
2019-09-02 17:29:30,912 [pool-439-thread-1] INFO  server.RaftServerConfigKeys (ConfUtils.java:logGet(43)) - raft.server.rpc.timeout.max = 5200ms (custom)
2019-09-02 17:29:30,913 [pool-439-thread-1] INFO  server.RaftServerConfigKeys (ConfUtils.java:logGet(43)) - raft.server.rpcslowness.timeout = 120s (custom)
2019-09-02 17:29:30,913 [pool-439-thread-1] INFO  server.RaftServerConfigKeys (ConfUtils.java:logGet(43)) - raft.server.sleep.deviation.threshold = 300 (default)
2019-09-02 17:29:30,913 [pool-439-thread-1] INFO  server.RaftServerConfigKeys (ConfUtils.java:logGet(43)) - raft.server.log.appender.install.snapshot.enabled = false (custom)
2019-09-02 17:29:30,913 [pool-439-thread-1] INFO  impl.RaftServerImpl (ServerState.java:<init>(105)) - 30722616-804a-4c33-9e8d-7555c917aefe:group-C312E09245D2 ConfigurationManager, init=-1: [30722616-804a-4c33-9e8d-7555c917aefe:192.168.36.108:38735], old=null, confs=<EMPTY_MAP>
2019-09-02 17:29:30,913 [pool-439-thread-1] INFO  server.RaftServerConfigKeys (ConfUtils.java:logGet(43)) - raft.server.storage.dir = [/workdir/hadoop-ozone/integration-test/target/test-dir/MiniOzoneClusterImpl-e559f1c9-459e-4782-a5d5-306a0def869d/datanode-3/data/ratis] (custom)
2019-09-02 17:29:30,913 [pool-439-thread-1] INFO  storage.RaftStorageDirectory (RaftStorageDirectory.java:analyzeStorage(246)) - The storage directory /workdir/hadoop-ozone/integration-test/target/test-dir/MiniOzoneClusterImpl-e559f1c9-459e-4782-a5d5-306a0def869d/datanode-3/data/ratis/986f3ec6-3508-4b4d-912b-c312e09245d2 does not exist. Creating ...
2019-09-02 17:29:30,926 [pool-439-thread-1] INFO  storage.RaftStorageDirectory (RaftStorageDirectory.java:tryLock(328)) - Lock on /workdir/hadoop-ozone/integration-test/target/test-dir/MiniOzoneClusterImpl-e559f1c9-459e-4782-a5d5-306a0def869d/datanode-3/data/ratis/986f3ec6-3508-4b4d-912b-c312e09245d2/in_use.lock acquired by nodename 22661@pr-hdds-1982-decom-states-scqb7-844612507
2019-09-02 17:29:30,939 [pool-439-thread-1] INFO  storage.RaftStorage (RaftStorage.java:format(72)) - Storage directory /workdir/hadoop-ozone/integration-test/target/test-dir/MiniOzoneClusterImpl-e559f1c9-459e-4782-a5d5-306a0def869d/datanode-3/data/ratis/986f3ec6-3508-4b4d-912b-c312e09245d2 has been successfully formatted.
2019-09-02 17:29:30,939 [pool-439-thread-1] INFO  ratis.ContainerStateMachine (ContainerStateMachine.java:loadSnapshot(227)) - group-C312E09245D2: The snapshot info is null. Setting the last applied indexto:(t:0, i:~)
2019-09-02 17:29:30,939 [pool-439-thread-1] INFO  server.RaftServerConfigKeys (ConfUtils.java:logGet(43)) - raft.server.leader.election.timeout = 120s (custom)
2019-09-02 17:29:30,940 [pool-439-thread-1] INFO  server.RaftServerConfigKeys (ConfUtils.java:logGet(43)) - raft.server.log.use.memory = false (default)
2019-09-02 17:29:30,940 [pool-439-thread-1] INFO  server.RaftServerConfigKeys (ConfUtils.java:logGet(43)) - raft.server.log.purge.gap = 1000000 (custom)
2019-09-02 17:29:30,940 [pool-439-thread-1] INFO  server.RaftServerConfigKeys (ConfUtils.java:logGet(43)) - raft.server.log.appender.buffer.byte-limit = 33554432 (custom)
2019-09-02 17:29:30,940 [pool-439-thread-1] INFO  server.RaftServerConfigKeys (ConfUtils.java:logGet(43)) - raft.server.log.segment.size.max = 1048576 (custom)
2019-09-02 17:29:30,940 [pool-439-thread-1] INFO  server.RaftServerConfigKeys (ConfUtils.java:logGet(43)) - raft.server.log.segment.cache.num.max = 2 (custom)
2019-09-02 17:29:30,940 [pool-439-thread-1] INFO  segmented.SegmentedRaftLogWorker (SegmentedRaftLogWorker.java:<init>(172)) - new 30722616-804a-4c33-9e8d-7555c917aefe-SegmentedRaftLogWorker:Storage Directory /workdir/hadoop-ozone/integration-test/target/test-dir/MiniOzoneClusterImpl-e559f1c9-459e-4782-a5d5-306a0def869d/datanode-3/data/ratis/986f3ec6-3508-4b4d-912b-c312e09245d2 for RaftStorage:Storage Directory /workdir/hadoop-ozone/integration-test/target/test-dir/MiniOzoneClusterImpl-e559f1c9-459e-4782-a5d5-306a0def869d/datanode-3/data/ratis/986f3ec6-3508-4b4d-912b-c312e09245d2
2019-09-02 17:29:30,940 [pool-439-thread-1] INFO  server.RaftServerConfigKeys (ConfUtils.java:logGet(43)) - raft.server.log.queue.byte-limit = 2147483647 (custom)
2019-09-02 17:29:30,940 [pool-439-thread-1] INFO  server.RaftServerConfigKeys (ConfUtils.java:logGet(43)) - raft.server.log.queue.element-limit = 1024 (custom)
2019-09-02 17:29:30,941 [pool-439-thread-1] INFO  server.RaftServerConfigKeys (ConfUtils.java:logGet(43)) - raft.server.log.segment.size.max = 1048576 (custom)
2019-09-02 17:29:30,941 [pool-439-thread-1] INFO  server.RaftServerConfigKeys (ConfUtils.java:logGet(43)) - raft.server.log.preallocated.size = 16384 (custom)
2019-09-02 17:29:30,941 [pool-439-thread-1] INFO  server.RaftServerConfigKeys (ConfUtils.java:logGet(43)) - raft.server.log.write.buffer.size = 33554432 (custom)
2019-09-02 17:29:30,941 [pool-439-thread-1] INFO  server.RaftServerConfigKeys (ConfUtils.java:logGet(43)) - raft.server.log.force.sync.num = 128 (default)
2019-09-02 17:29:30,941 [pool-439-thread-1] INFO  server.RaftServerConfigKeys (ConfUtils.java:logGet(43)) - raft.server.log.statemachine.data.sync = true (default)
2019-09-02 17:29:30,941 [pool-439-thread-1] INFO  server.RaftServerConfigKeys (ConfUtils.java:logGet(43)) - raft.server.log.statemachine.data.sync.timeout = 10s (default)
2019-09-02 17:29:30,941 [pool-439-thread-1] INFO  server.RaftServerConfigKeys (ConfUtils.java:logGet(43)) - raft.server.log.statemachine.data.sync.timeout.retry = -1 (default)
2019-09-02 17:29:30,942 [pool-439-thread-1] INFO  server.RaftServerConfigKeys (ConfUtils.java:logGet(43)) - raft.server.log.statemachine.data.caching.enabled = true (custom)
2019-09-02 17:29:30,942 [pool-439-thread-1] INFO  segmented.SegmentedRaftLogWorker (SegmentedRaftLogWorker.java:lambda$new$0(132)) - 30722616-804a-4c33-9e8d-7555c917aefe-SegmentedRaftLogWorker:Storage Directory /workdir/hadoop-ozone/integration-test/target/test-dir/MiniOzoneClusterImpl-e559f1c9-459e-4782-a5d5-306a0def869d/datanode-3/data/ratis/986f3ec6-3508-4b4d-912b-c312e09245d2: flushIndex: setUnconditionally 0 -> -1
2019-09-02 17:29:30,942 [pool-439-thread-1] INFO  server.RaftServerConfigKeys (ConfUtils.java:logGet(43)) - raft.server.snapshot.auto.trigger.enabled = true (custom)
2019-09-02 17:29:30,942 [pool-439-thread-1] INFO  server.RaftServerConfigKeys (ConfUtils.java:logGet(43)) - raft.server.snapshot.auto.trigger.threshold = 10000 (custom)
2019-09-02 17:29:30,943 [pool-439-thread-1] INFO  server.RaftServerConfigKeys (ConfUtils.java:logGet(43)) - raft.server.retrycache.expirytime = 600000ms (custom)
2019-09-02 17:29:30,943 [pool-439-thread-1] INFO  impl.RaftServerImpl (RaftServerImpl.java:start(180)) - 30722616-804a-4c33-9e8d-7555c917aefe: start group-C312E09245D2
2019-09-02 17:29:30,943 [pool-439-thread-1] INFO  impl.RaftServerImpl (RaftServerImpl.java:setRole(171)) - 30722616-804a-4c33-9e8d-7555c917aefe:group-C312E09245D2 changes role from null to FOLLOWER at term 0 for startAsFollower
2019-09-02 17:29:30,943 [pool-439-thread-1] INFO  impl.RoleInfo (RoleInfo.java:updateAndGet(143)) - 30722616-804a-4c33-9e8d-7555c917aefe: start FollowerState
2019-09-02 17:29:30,943 [pool-439-thread-1] INFO  util.JmxRegister (JmxRegister.java:tryRegister(44)) - Successfully registered JMX Bean with object name Ratis:service=RaftServer,group=group-C312E09245D2,id=30722616-804a-4c33-9e8d-7555c917aefe
2019-09-02 17:29:30,946 [RatisPipelineUtilsThread] INFO  pipeline.PipelineStateManager (PipelineStateManager.java:addPipeline(56)) - Created pipeline Pipeline[ Id: 986f3ec6-3508-4b4d-912b-c312e09245d2, Nodes: 30722616-804a-4c33-9e8d-7555c917aefe{ip: 192.168.36.108, host: pr-hdds-1982-decom-states-scqb7-844612507, networkLocation: /default-rack, certSerialId: null}, Type:RATIS, Factor:ONE, State:OPEN]
2019-09-02 17:29:30,957 [grpc-default-executor-5] INFO  impl.RaftServerProxy (RaftServerProxy.java:addNew(89)) - 08cdee05-7543-4b36-9019-d7315469c5c6: addNew group-6EF244A9CFC2:[8924c2cc-0b63-491b-a851-2031a6c7a041:192.168.36.108:43647, c5cb85f2-5fb8-4def-a26e-7a40ca6d8c48:192.168.36.108:40980, 08cdee05-7543-4b36-9019-d7315469c5c6:192.168.36.108:36128] returns group-6EF244A9CFC2:java.util.concurrent.CompletableFuture@202e5069[Not completed]
2019-09-02 17:29:30,957 [grpc-default-executor-11] INFO  impl.RaftServerProxy (RaftServerProxy.java:addNew(89)) - 8924c2cc-0b63-491b-a851-2031a6c7a041: addNew group-6EF244A9CFC2:[8924c2cc-0b63-491b-a851-2031a6c7a041:192.168.36.108:43647, c5cb85f2-5fb8-4def-a26e-7a40ca6d8c48:192.168.36.108:40980, 08cdee05-7543-4b36-9019-d7315469c5c6:192.168.36.108:36128] returns group-6EF244A9CFC2:java.util.concurrent.CompletableFuture@49794123[Not completed]
2019-09-02 17:29:30,957 [grpc-default-executor-8] INFO  impl.RaftServerProxy (RaftServerProxy.java:addNew(89)) - c5cb85f2-5fb8-4def-a26e-7a40ca6d8c48: addNew group-6EF244A9CFC2:[8924c2cc-0b63-491b-a851-2031a6c7a041:192.168.36.108:43647, c5cb85f2-5fb8-4def-a26e-7a40ca6d8c48:192.168.36.108:40980, 08cdee05-7543-4b36-9019-d7315469c5c6:192.168.36.108:36128] returns group-6EF244A9CFC2:java.util.concurrent.CompletableFuture@3e98fcca[Not completed]
2019-09-02 17:29:30,958 [pool-459-thread-1] INFO  impl.RaftServerImpl (RaftServerImpl.java:<init>(93)) - c5cb85f2-5fb8-4def-a26e-7a40ca6d8c48: new RaftServerImpl for group-6EF244A9CFC2:[8924c2cc-0b63-491b-a851-2031a6c7a041:192.168.36.108:43647, c5cb85f2-5fb8-4def-a26e-7a40ca6d8c48:192.168.36.108:40980, 08cdee05-7543-4b36-9019-d7315469c5c6:192.168.36.108:36128] with ContainerStateMachine:uninitialized
2019-09-02 17:29:30,958 [pool-459-thread-1] INFO  server.RaftServerConfigKeys (ConfUtils.java:logGet(43)) - raft.server.rpc.timeout.min = 5s (custom)
2019-09-02 17:29:30,958 [pool-459-thread-1] INFO  server.RaftServerConfigKeys (ConfUtils.java:logGet(43)) - raft.server.rpc.timeout.max = 5200ms (custom)
2019-09-02 17:29:30,958 [pool-459-thread-1] INFO  server.RaftServerConfigKeys (ConfUtils.java:logGet(43)) - raft.server.rpcslowness.timeout = 120s (custom)
2019-09-02 17:29:30,958 [pool-459-thread-1] INFO  server.RaftServerConfigKeys (ConfUtils.java:logGet(43)) - raft.server.sleep.deviation.threshold = 300 (default)
2019-09-02 17:29:30,958 [pool-459-thread-1] INFO  server.RaftServerConfigKeys (ConfUtils.java:logGet(43)) - raft.server.log.appender.install.snapshot.enabled = false (custom)
2019-09-02 17:29:30,958 [pool-449-thread-1] INFO  impl.RaftServerImpl (RaftServerImpl.java:<init>(93)) - 08cdee05-7543-4b36-9019-d7315469c5c6: new RaftServerImpl for group-6EF244A9CFC2:[8924c2cc-0b63-491b-a851-2031a6c7a041:192.168.36.108:43647, c5cb85f2-5fb8-4def-a26e-7a40ca6d8c48:192.168.36.108:40980, 08cdee05-7543-4b36-9019-d7315469c5c6:192.168.36.108:36128] with ContainerStateMachine:uninitialized
2019-09-02 17:29:30,958 [pool-459-thread-1] INFO  impl.RaftServerImpl (ServerState.java:<init>(105)) - c5cb85f2-5fb8-4def-a26e-7a40ca6d8c48:group-6EF244A9CFC2 ConfigurationManager, init=-1: [8924c2cc-0b63-491b-a851-2031a6c7a041:192.168.36.108:43647, c5cb85f2-5fb8-4def-a26e-7a40ca6d8c48:192.168.36.108:40980, 08cdee05-7543-4b36-9019-d7315469c5c6:192.168.36.108:36128], old=null, confs=<EMPTY_MAP>
2019-09-02 17:29:30,959 [pool-449-thread-1] INFO  server.RaftServerConfigKeys (ConfUtils.java:logGet(43)) - raft.server.rpc.timeout.min = 5s (custom)
2019-09-02 17:29:30,959 [pool-459-thread-1] INFO  server.RaftServerConfigKeys (ConfUtils.java:logGet(43)) - raft.server.storage.dir = [/workdir/hadoop-ozone/integration-test/target/test-dir/MiniOzoneClusterImpl-e559f1c9-459e-4782-a5d5-306a0def869d/datanode-5/data/ratis] (custom)
2019-09-02 17:29:30,959 [pool-449-thread-1] INFO  server.RaftServerConfigKeys (ConfUtils.java:logGet(43)) - raft.server.rpc.timeout.max = 5200ms (custom)
2019-09-02 17:29:30,959 [pool-469-thread-1] INFO  impl.RaftServerImpl (RaftServerImpl.java:<init>(93)) - 8924c2cc-0b63-491b-a851-2031a6c7a041: new RaftServerImpl for group-6EF244A9CFC2:[8924c2cc-0b63-491b-a851-2031a6c7a041:192.168.36.108:43647, c5cb85f2-5fb8-4def-a26e-7a40ca6d8c48:192.168.36.108:40980, 08cdee05-7543-4b36-9019-d7315469c5c6:192.168.36.108:36128] with ContainerStateMachine:uninitialized
2019-09-02 17:29:30,959 [pool-459-thread-1] INFO  storage.RaftStorageDirectory (RaftStorageDirectory.java:analyzeStorage(246)) - The storage directory /workdir/hadoop-ozone/integration-test/target/test-dir/MiniOzoneClusterImpl-e559f1c9-459e-4782-a5d5-306a0def869d/datanode-5/data/ratis/7ec1fdbc-7106-4c1e-bf8c-6ef244a9cfc2 does not exist. Creating ...
2019-09-02 17:29:30,959 [pool-449-thread-1] INFO  server.RaftServerConfigKeys (ConfUtils.java:logGet(43)) - raft.server.rpcslowness.timeout = 120s (custom)
2019-09-02 17:29:30,959 [pool-469-thread-1] INFO  server.RaftServerConfigKeys (ConfUtils.java:logGet(43)) - raft.server.rpc.timeout.min = 5s (custom)
2019-09-02 17:29:30,959 [pool-449-thread-1] INFO  server.RaftServerConfigKeys (ConfUtils.java:logGet(43)) - raft.server.sleep.deviation.threshold = 300 (default)
2019-09-02 17:29:30,959 [pool-469-thread-1] INFO  server.RaftServerConfigKeys (ConfUtils.java:logGet(43)) - raft.server.rpc.timeout.max = 5200ms (custom)
2019-09-02 17:29:30,960 [pool-449-thread-1] INFO  server.RaftServerConfigKeys (ConfUtils.java:logGet(43)) - raft.server.log.appender.install.snapshot.enabled = false (custom)
2019-09-02 17:29:30,960 [pool-469-thread-1] INFO  server.RaftServerConfigKeys (ConfUtils.java:logGet(43)) - raft.server.rpcslowness.timeout = 120s (custom)
2019-09-02 17:29:30,960 [pool-449-thread-1] INFO  impl.RaftServerImpl (ServerState.java:<init>(105)) - 08cdee05-7543-4b36-9019-d7315469c5c6:group-6EF244A9CFC2 ConfigurationManager, init=-1: [8924c2cc-0b63-491b-a851-2031a6c7a041:192.168.36.108:43647, c5cb85f2-5fb8-4def-a26e-7a40ca6d8c48:192.168.36.108:40980, 08cdee05-7543-4b36-9019-d7315469c5c6:192.168.36.108:36128], old=null, confs=<EMPTY_MAP>
2019-09-02 17:29:30,960 [pool-469-thread-1] INFO  server.RaftServerConfigKeys (ConfUtils.java:logGet(43)) - raft.server.sleep.deviation.threshold = 300 (default)
2019-09-02 17:29:30,960 [pool-449-thread-1] INFO  server.RaftServerConfigKeys (ConfUtils.java:logGet(43)) - raft.server.storage.dir = [/workdir/hadoop-ozone/integration-test/target/test-dir/MiniOzoneClusterImpl-e559f1c9-459e-4782-a5d5-306a0def869d/datanode-4/data/ratis] (custom)
2019-09-02 17:29:30,960 [pool-469-thread-1] INFO  server.RaftServerConfigKeys (ConfUtils.java:logGet(43)) - raft.server.log.appender.install.snapshot.enabled = false (custom)
2019-09-02 17:29:30,960 [pool-469-thread-1] INFO  impl.RaftServerImpl (ServerState.java:<init>(105)) - 8924c2cc-0b63-491b-a851-2031a6c7a041:group-6EF244A9CFC2 ConfigurationManager, init=-1: [8924c2cc-0b63-491b-a851-2031a6c7a041:192.168.36.108:43647, c5cb85f2-5fb8-4def-a26e-7a40ca6d8c48:192.168.36.108:40980, 08cdee05-7543-4b36-9019-d7315469c5c6:192.168.36.108:36128], old=null, confs=<EMPTY_MAP>
2019-09-02 17:29:30,960 [pool-449-thread-1] INFO  storage.RaftStorageDirectory (RaftStorageDirectory.java:analyzeStorage(246)) - The storage directory /workdir/hadoop-ozone/integration-test/target/test-dir/MiniOzoneClusterImpl-e559f1c9-459e-4782-a5d5-306a0def869d/datanode-4/data/ratis/7ec1fdbc-7106-4c1e-bf8c-6ef244a9cfc2 does not exist. Creating ...
2019-09-02 17:29:30,961 [pool-469-thread-1] INFO  server.RaftServerConfigKeys (ConfUtils.java:logGet(43)) - raft.server.storage.dir = [/workdir/hadoop-ozone/integration-test/target/test-dir/MiniOzoneClusterImpl-e559f1c9-459e-4782-a5d5-306a0def869d/datanode-6/data/ratis] (custom)
2019-09-02 17:29:30,961 [pool-469-thread-1] INFO  storage.RaftStorageDirectory (RaftStorageDirectory.java:analyzeStorage(246)) - The storage directory /workdir/hadoop-ozone/integration-test/target/test-dir/MiniOzoneClusterImpl-e559f1c9-459e-4782-a5d5-306a0def869d/datanode-6/data/ratis/7ec1fdbc-7106-4c1e-bf8c-6ef244a9cfc2 does not exist. Creating ...
2019-09-02 17:29:30,972 [pool-449-thread-1] INFO  storage.RaftStorageDirectory (RaftStorageDirectory.java:tryLock(328)) - Lock on /workdir/hadoop-ozone/integration-test/target/test-dir/MiniOzoneClusterImpl-e559f1c9-459e-4782-a5d5-306a0def869d/datanode-4/data/ratis/7ec1fdbc-7106-4c1e-bf8c-6ef244a9cfc2/in_use.lock acquired by nodename 22661@pr-hdds-1982-decom-states-scqb7-844612507
2019-09-02 17:29:30,972 [pool-469-thread-1] INFO  storage.RaftStorageDirectory (RaftStorageDirectory.java:tryLock(328)) - Lock on /workdir/hadoop-ozone/integration-test/target/test-dir/MiniOzoneClusterImpl-e559f1c9-459e-4782-a5d5-306a0def869d/datanode-6/data/ratis/7ec1fdbc-7106-4c1e-bf8c-6ef244a9cfc2/in_use.lock acquired by nodename 22661@pr-hdds-1982-decom-states-scqb7-844612507
2019-09-02 17:29:30,972 [pool-459-thread-1] INFO  storage.RaftStorageDirectory (RaftStorageDirectory.java:tryLock(328)) - Lock on /workdir/hadoop-ozone/integration-test/target/test-dir/MiniOzoneClusterImpl-e559f1c9-459e-4782-a5d5-306a0def869d/datanode-5/data/ratis/7ec1fdbc-7106-4c1e-bf8c-6ef244a9cfc2/in_use.lock acquired by nodename 22661@pr-hdds-1982-decom-states-scqb7-844612507
2019-09-02 17:29:30,986 [pool-459-thread-1] INFO  storage.RaftStorage (RaftStorage.java:format(72)) - Storage directory /workdir/hadoop-ozone/integration-test/target/test-dir/MiniOzoneClusterImpl-e559f1c9-459e-4782-a5d5-306a0def869d/datanode-5/data/ratis/7ec1fdbc-7106-4c1e-bf8c-6ef244a9cfc2 has been successfully formatted.
2019-09-02 17:29:30,986 [pool-449-thread-1] INFO  storage.RaftStorage (RaftStorage.java:format(72)) - Storage directory /workdir/hadoop-ozone/integration-test/target/test-dir/MiniOzoneClusterImpl-e559f1c9-459e-4782-a5d5-306a0def869d/datanode-4/data/ratis/7ec1fdbc-7106-4c1e-bf8c-6ef244a9cfc2 has been successfully formatted.
2019-09-02 17:29:30,986 [pool-469-thread-1] INFO  storage.RaftStorage (RaftStorage.java:format(72)) - Storage directory /workdir/hadoop-ozone/integration-test/target/test-dir/MiniOzoneClusterImpl-e559f1c9-459e-4782-a5d5-306a0def869d/datanode-6/data/ratis/7ec1fdbc-7106-4c1e-bf8c-6ef244a9cfc2 has been successfully formatted.
2019-09-02 17:29:30,986 [pool-459-thread-1] INFO  ratis.ContainerStateMachine (ContainerStateMachine.java:loadSnapshot(227)) - group-6EF244A9CFC2: The snapshot info is null. Setting the last applied indexto:(t:0, i:~)
2019-09-02 17:29:30,987 [pool-469-thread-1] INFO  ratis.ContainerStateMachine (ContainerStateMachine.java:loadSnapshot(227)) - group-6EF244A9CFC2: The snapshot info is null. Setting the last applied indexto:(t:0, i:~)
2019-09-02 17:29:30,987 [pool-449-thread-1] INFO  ratis.ContainerStateMachine (ContainerStateMachine.java:loadSnapshot(227)) - group-6EF244A9CFC2: The snapshot info is null. Setting the last applied indexto:(t:0, i:~)
2019-09-02 17:29:30,987 [pool-469-thread-1] INFO  server.RaftServerConfigKeys (ConfUtils.java:logGet(43)) - raft.server.leader.election.timeout = 120s (custom)
2019-09-02 17:29:30,987 [pool-459-thread-1] INFO  server.RaftServerConfigKeys (ConfUtils.java:logGet(43)) - raft.server.leader.election.timeout = 120s (custom)
2019-09-02 17:29:30,987 [pool-469-thread-1] INFO  server.RaftServerConfigKeys (ConfUtils.java:logGet(43)) - raft.server.log.use.memory = false (default)
2019-09-02 17:29:30,987 [pool-449-thread-1] INFO  server.RaftServerConfigKeys (ConfUtils.java:logGet(43)) - raft.server.leader.election.timeout = 120s (custom)
2019-09-02 17:29:30,988 [pool-469-thread-1] INFO  server.RaftServerConfigKeys (ConfUtils.java:logGet(43)) - raft.server.log.purge.gap = 1000000 (custom)
2019-09-02 17:29:30,987 [pool-459-thread-1] INFO  server.RaftServerConfigKeys (ConfUtils.java:logGet(43)) - raft.server.log.use.memory = false (default)
2019-09-02 17:29:30,988 [pool-469-thread-1] INFO  server.RaftServerConfigKeys (ConfUtils.java:logGet(43)) - raft.server.log.appender.buffer.byte-limit = 33554432 (custom)
2019-09-02 17:29:30,988 [pool-449-thread-1] INFO  server.RaftServerConfigKeys (ConfUtils.java:logGet(43)) - raft.server.log.use.memory = false (default)
2019-09-02 17:29:30,988 [pool-469-thread-1] INFO  server.RaftServerConfigKeys (ConfUtils.java:logGet(43)) - raft.server.log.segment.size.max = 1048576 (custom)
2019-09-02 17:29:30,988 [pool-459-thread-1] INFO  server.RaftServerConfigKeys (ConfUtils.java:logGet(43)) - raft.server.log.purge.gap = 1000000 (custom)
2019-09-02 17:29:30,989 [pool-469-thread-1] INFO  server.RaftServerConfigKeys (ConfUtils.java:logGet(43)) - raft.server.log.segment.cache.num.max = 2 (custom)
2019-09-02 17:29:30,988 [pool-449-thread-1] INFO  server.RaftServerConfigKeys (ConfUtils.java:logGet(43)) - raft.server.log.purge.gap = 1000000 (custom)
2019-09-02 17:29:30,989 [pool-469-thread-1] INFO  segmented.SegmentedRaftLogWorker (SegmentedRaftLogWorker.java:<init>(172)) - new 8924c2cc-0b63-491b-a851-2031a6c7a041-SegmentedRaftLogWorker:Storage Directory /workdir/hadoop-ozone/integration-test/target/test-dir/MiniOzoneClusterImpl-e559f1c9-459e-4782-a5d5-306a0def869d/datanode-6/data/ratis/7ec1fdbc-7106-4c1e-bf8c-6ef244a9cfc2 for RaftStorage:Storage Directory /workdir/hadoop-ozone/integration-test/target/test-dir/MiniOzoneClusterImpl-e559f1c9-459e-4782-a5d5-306a0def869d/datanode-6/data/ratis/7ec1fdbc-7106-4c1e-bf8c-6ef244a9cfc2
2019-09-02 17:29:30,989 [pool-459-thread-1] INFO  server.RaftServerConfigKeys (ConfUtils.java:logGet(43)) - raft.server.log.appender.buffer.byte-limit = 33554432 (custom)
2019-09-02 17:29:30,989 [pool-469-thread-1] INFO  server.RaftServerConfigKeys (ConfUtils.java:logGet(43)) - raft.server.log.queue.byte-limit = 2147483647 (custom)
2019-09-02 17:29:30,989 [pool-449-thread-1] INFO  server.RaftServerConfigKeys (ConfUtils.java:logGet(43)) - raft.server.log.appender.buffer.byte-limit = 33554432 (custom)
2019-09-02 17:29:30,989 [pool-469-thread-1] INFO  server.RaftServerConfigKeys (ConfUtils.java:logGet(43)) - raft.server.log.queue.element-limit = 1024 (custom)
2019-09-02 17:29:30,989 [pool-459-thread-1] INFO  server.RaftServerConfigKeys (ConfUtils.java:logGet(43)) - raft.server.log.segment.size.max = 1048576 (custom)
2019-09-02 17:29:30,990 [pool-469-thread-1] INFO  server.RaftServerConfigKeys (ConfUtils.java:logGet(43)) - raft.server.log.segment.size.max = 1048576 (custom)
2019-09-02 17:29:30,989 [pool-449-thread-1] INFO  server.RaftServerConfigKeys (ConfUtils.java:logGet(43)) - raft.server.log.segment.size.max = 1048576 (custom)
2019-09-02 17:29:30,990 [pool-469-thread-1] INFO  server.RaftServerConfigKeys (ConfUtils.java:logGet(43)) - raft.server.log.preallocated.size = 16384 (custom)
2019-09-02 17:29:30,990 [pool-459-thread-1] INFO  server.RaftServerConfigKeys (ConfUtils.java:logGet(43)) - raft.server.log.segment.cache.num.max = 2 (custom)
2019-09-02 17:29:30,990 [pool-469-thread-1] INFO  server.RaftServerConfigKeys (ConfUtils.java:logGet(43)) - raft.server.log.write.buffer.size = 33554432 (custom)
2019-09-02 17:29:30,990 [pool-449-thread-1] INFO  server.RaftServerConfigKeys (ConfUtils.java:logGet(43)) - raft.server.log.segment.cache.num.max = 2 (custom)
2019-09-02 17:29:30,990 [pool-469-thread-1] INFO  server.RaftServerConfigKeys (ConfUtils.java:logGet(43)) - raft.server.log.force.sync.num = 128 (default)
2019-09-02 17:29:30,990 [pool-459-thread-1] INFO  segmented.SegmentedRaftLogWorker (SegmentedRaftLogWorker.java:<init>(172)) - new c5cb85f2-5fb8-4def-a26e-7a40ca6d8c48-SegmentedRaftLogWorker:Storage Directory /workdir/hadoop-ozone/integration-test/target/test-dir/MiniOzoneClusterImpl-e559f1c9-459e-4782-a5d5-306a0def869d/datanode-5/data/ratis/7ec1fdbc-7106-4c1e-bf8c-6ef244a9cfc2 for RaftStorage:Storage Directory /workdir/hadoop-ozone/integration-test/target/test-dir/MiniOzoneClusterImpl-e559f1c9-459e-4782-a5d5-306a0def869d/datanode-5/data/ratis/7ec1fdbc-7106-4c1e-bf8c-6ef244a9cfc2
2019-09-02 17:29:30,991 [pool-469-thread-1] INFO  server.RaftServerConfigKeys (ConfUtils.java:logGet(43)) - raft.server.log.statemachine.data.sync = true (default)
2019-09-02 17:29:30,991 [pool-449-thread-1] INFO  segmented.SegmentedRaftLogWorker (SegmentedRaftLogWorker.java:<init>(172)) - new 08cdee05-7543-4b36-9019-d7315469c5c6-SegmentedRaftLogWorker:Storage Directory /workdir/hadoop-ozone/integration-test/target/test-dir/MiniOzoneClusterImpl-e559f1c9-459e-4782-a5d5-306a0def869d/datanode-4/data/ratis/7ec1fdbc-7106-4c1e-bf8c-6ef244a9cfc2 for RaftStorage:Storage Directory /workdir/hadoop-ozone/integration-test/target/test-dir/MiniOzoneClusterImpl-e559f1c9-459e-4782-a5d5-306a0def869d/datanode-4/data/ratis/7ec1fdbc-7106-4c1e-bf8c-6ef244a9cfc2
2019-09-02 17:29:30,991 [pool-469-thread-1] INFO  server.RaftServerConfigKeys (ConfUtils.java:logGet(43)) - raft.server.log.statemachine.data.sync.timeout = 10s (default)
2019-09-02 17:29:30,991 [pool-459-thread-1] INFO  server.RaftServerConfigKeys (ConfUtils.java:logGet(43)) - raft.server.log.queue.byte-limit = 2147483647 (custom)
2019-09-02 17:29:30,991 [pool-469-thread-1] INFO  server.RaftServerConfigKeys (ConfUtils.java:logGet(43)) - raft.server.log.statemachine.data.sync.timeout.retry = -1 (default)
2019-09-02 17:29:30,991 [pool-449-thread-1] INFO  server.RaftServerConfigKeys (ConfUtils.java:logGet(43)) - raft.server.log.queue.byte-limit = 2147483647 (custom)
2019-09-02 17:29:30,992 [pool-469-thread-1] INFO  server.RaftServerConfigKeys (ConfUtils.java:logGet(43)) - raft.server.log.statemachine.data.caching.enabled = true (custom)
2019-09-02 17:29:30,991 [pool-459-thread-1] INFO  server.RaftServerConfigKeys (ConfUtils.java:logGet(43)) - raft.server.log.queue.element-limit = 1024 (custom)
2019-09-02 17:29:30,992 [pool-449-thread-1] INFO  server.RaftServerConfigKeys (ConfUtils.java:logGet(43)) - raft.server.log.queue.element-limit = 1024 (custom)
2019-09-02 17:29:30,992 [pool-469-thread-1] INFO  segmented.SegmentedRaftLogWorker (SegmentedRaftLogWorker.java:lambda$new$0(132)) - 8924c2cc-0b63-491b-a851-2031a6c7a041-SegmentedRaftLogWorker:Storage Directory /workdir/hadoop-ozone/integration-test/target/test-dir/MiniOzoneClusterImpl-e559f1c9-459e-4782-a5d5-306a0def869d/datanode-6/data/ratis/7ec1fdbc-7106-4c1e-bf8c-6ef244a9cfc2: flushIndex: setUnconditionally 0 -> -1
2019-09-02 17:29:30,992 [pool-459-thread-1] INFO  server.RaftServerConfigKeys (ConfUtils.java:logGet(43)) - raft.server.log.segment.size.max = 1048576 (custom)
2019-09-02 17:29:30,992 [pool-449-thread-1] INFO  server.RaftServerConfigKeys (ConfUtils.java:logGet(43)) - raft.server.log.segment.size.max = 1048576 (custom)
2019-09-02 17:29:30,993 [pool-469-thread-1] INFO  server.RaftServerConfigKeys (ConfUtils.java:logGet(43)) - raft.server.snapshot.auto.trigger.enabled = true (custom)
2019-09-02 17:29:30,993 [pool-459-thread-1] INFO  server.RaftServerConfigKeys (ConfUtils.java:logGet(43)) - raft.server.log.preallocated.size = 16384 (custom)
2019-09-02 17:29:30,993 [pool-469-thread-1] INFO  server.RaftServerConfigKeys (ConfUtils.java:logGet(43)) - raft.server.snapshot.auto.trigger.threshold = 10000 (custom)
2019-09-02 17:29:30,993 [pool-449-thread-1] INFO  server.RaftServerConfigKeys (ConfUtils.java:logGet(43)) - raft.server.log.preallocated.size = 16384 (custom)
2019-09-02 17:29:30,993 [pool-469-thread-1] INFO  server.RaftServerConfigKeys (ConfUtils.java:logGet(43)) - raft.server.retrycache.expirytime = 600000ms (custom)
2019-09-02 17:29:30,993 [pool-459-thread-1] INFO  server.RaftServerConfigKeys (ConfUtils.java:logGet(43)) - raft.server.log.write.buffer.size = 33554432 (custom)
2019-09-02 17:29:30,994 [pool-469-thread-1] INFO  impl.RaftServerImpl (RaftServerImpl.java:start(180)) - 8924c2cc-0b63-491b-a851-2031a6c7a041: start group-6EF244A9CFC2
2019-09-02 17:29:30,993 [pool-449-thread-1] INFO  server.RaftServerConfigKeys (ConfUtils.java:logGet(43)) - raft.server.log.write.buffer.size = 33554432 (custom)
2019-09-02 17:29:30,994 [pool-469-thread-1] INFO  impl.RaftServerImpl (RaftServerImpl.java:setRole(171)) - 8924c2cc-0b63-491b-a851-2031a6c7a041:group-6EF244A9CFC2 changes role from null to FOLLOWER at term 0 for startAsFollower
2019-09-02 17:29:30,994 [pool-459-thread-1] INFO  server.RaftServerConfigKeys (ConfUtils.java:logGet(43)) - raft.server.log.force.sync.num = 128 (default)
2019-09-02 17:29:30,994 [pool-469-thread-1] INFO  impl.RoleInfo (RoleInfo.java:updateAndGet(143)) - 8924c2cc-0b63-491b-a851-2031a6c7a041: start FollowerState
2019-09-02 17:29:30,994 [pool-449-thread-1] INFO  server.RaftServerConfigKeys (ConfUtils.java:logGet(43)) - raft.server.log.force.sync.num = 128 (default)
2019-09-02 17:29:30,994 [pool-459-thread-1] INFO  server.RaftServerConfigKeys (ConfUtils.java:logGet(43)) - raft.server.log.statemachine.data.sync = true (default)
2019-09-02 17:29:30,995 [pool-449-thread-1] INFO  server.RaftServerConfigKeys (ConfUtils.java:logGet(43)) - raft.server.log.statemachine.data.sync = true (default)
2019-09-02 17:29:30,995 [pool-469-thread-1] INFO  util.JmxRegister (JmxRegister.java:tryRegister(44)) - Successfully registered JMX Bean with object name Ratis:service=RaftServer,group=group-6EF244A9CFC2,id=8924c2cc-0b63-491b-a851-2031a6c7a041
2019-09-02 17:29:30,995 [pool-459-thread-1] INFO  server.RaftServerConfigKeys (ConfUtils.java:logGet(43)) - raft.server.log.statemachine.data.sync.timeout = 10s (default)
2019-09-02 17:29:30,995 [pool-459-thread-1] INFO  server.RaftServerConfigKeys (ConfUtils.java:logGet(43)) - raft.server.log.statemachine.data.sync.timeout.retry = -1 (default)
2019-09-02 17:29:30,995 [pool-449-thread-1] INFO  server.RaftServerConfigKeys (ConfUtils.java:logGet(43)) - raft.server.log.statemachine.data.sync.timeout = 10s (default)
2019-09-02 17:29:30,995 [pool-459-thread-1] INFO  server.RaftServerConfigKeys (ConfUtils.java:logGet(43)) - raft.server.log.statemachine.data.caching.enabled = true (custom)
2019-09-02 17:29:30,996 [pool-449-thread-1] INFO  server.RaftServerConfigKeys (ConfUtils.java:logGet(43)) - raft.server.log.statemachine.data.sync.timeout.retry = -1 (default)
2019-09-02 17:29:30,996 [pool-459-thread-1] INFO  segmented.SegmentedRaftLogWorker (SegmentedRaftLogWorker.java:lambda$new$0(132)) - c5cb85f2-5fb8-4def-a26e-7a40ca6d8c48-SegmentedRaftLogWorker:Storage Directory /workdir/hadoop-ozone/integration-test/target/test-dir/MiniOzoneClusterImpl-e559f1c9-459e-4782-a5d5-306a0def869d/datanode-5/data/ratis/7ec1fdbc-7106-4c1e-bf8c-6ef244a9cfc2: flushIndex: setUnconditionally 0 -> -1
2019-09-02 17:29:30,996 [pool-449-thread-1] INFO  server.RaftServerConfigKeys (ConfUtils.java:logGet(43)) - raft.server.log.statemachine.data.caching.enabled = true (custom)
2019-09-02 17:29:30,996 [pool-459-thread-1] INFO  server.RaftServerConfigKeys (ConfUtils.java:logGet(43)) - raft.server.snapshot.auto.trigger.enabled = true (custom)
2019-09-02 17:29:30,996 [pool-459-thread-1] INFO  server.RaftServerConfigKeys (ConfUtils.java:logGet(43)) - raft.server.snapshot.auto.trigger.threshold = 10000 (custom)
2019-09-02 17:29:30,996 [pool-449-thread-1] INFO  segmented.SegmentedRaftLogWorker (SegmentedRaftLogWorker.java:lambda$new$0(132)) - 08cdee05-7543-4b36-9019-d7315469c5c6-SegmentedRaftLogWorker:Storage Directory /workdir/hadoop-ozone/integration-test/target/test-dir/MiniOzoneClusterImpl-e559f1c9-459e-4782-a5d5-306a0def869d/datanode-4/data/ratis/7ec1fdbc-7106-4c1e-bf8c-6ef244a9cfc2: flushIndex: setUnconditionally 0 -> -1
2019-09-02 17:29:30,997 [pool-459-thread-1] INFO  server.RaftServerConfigKeys (ConfUtils.java:logGet(43)) - raft.server.retrycache.expirytime = 600000ms (custom)
2019-09-02 17:29:30,997 [pool-459-thread-1] INFO  impl.RaftServerImpl (RaftServerImpl.java:start(180)) - c5cb85f2-5fb8-4def-a26e-7a40ca6d8c48: start group-6EF244A9CFC2
2019-09-02 17:29:30,997 [pool-449-thread-1] INFO  server.RaftServerConfigKeys (ConfUtils.java:logGet(43)) - raft.server.snapshot.auto.trigger.enabled = true (custom)
2019-09-02 17:29:30,997 [pool-459-thread-1] INFO  impl.RaftServerImpl (RaftServerImpl.java:setRole(171)) - c5cb85f2-5fb8-4def-a26e-7a40ca6d8c48:group-6EF244A9CFC2 changes role from null to FOLLOWER at term 0 for startAsFollower
2019-09-02 17:29:30,997 [pool-449-thread-1] INFO  server.RaftServerConfigKeys (ConfUtils.java:logGet(43)) - raft.server.snapshot.auto.trigger.threshold = 10000 (custom)
2019-09-02 17:29:30,997 [pool-459-thread-1] INFO  impl.RoleInfo (RoleInfo.java:updateAndGet(143)) - c5cb85f2-5fb8-4def-a26e-7a40ca6d8c48: start FollowerState
2019-09-02 17:29:30,997 [pool-449-thread-1] INFO  server.RaftServerConfigKeys (ConfUtils.java:logGet(43)) - raft.server.retrycache.expirytime = 600000ms (custom)
2019-09-02 17:29:30,998 [pool-449-thread-1] INFO  impl.RaftServerImpl (RaftServerImpl.java:start(180)) - 08cdee05-7543-4b36-9019-d7315469c5c6: start group-6EF244A9CFC2
2019-09-02 17:29:30,998 [pool-459-thread-1] INFO  util.JmxRegister (JmxRegister.java:tryRegister(44)) - Successfully registered JMX Bean with object name Ratis:service=RaftServer,group=group-6EF244A9CFC2,id=c5cb85f2-5fb8-4def-a26e-7a40ca6d8c48
2019-09-02 17:29:30,998 [pool-449-thread-1] INFO  impl.RaftServerImpl (RaftServerImpl.java:setRole(171)) - 08cdee05-7543-4b36-9019-d7315469c5c6:group-6EF244A9CFC2 changes role from null to FOLLOWER at term 0 for startAsFollower
2019-09-02 17:29:30,998 [pool-449-thread-1] INFO  impl.RoleInfo (RoleInfo.java:updateAndGet(143)) - 08cdee05-7543-4b36-9019-d7315469c5c6: start FollowerState
2019-09-02 17:29:30,999 [pool-449-thread-1] INFO  util.JmxRegister (JmxRegister.java:tryRegister(44)) - Successfully registered JMX Bean with object name Ratis:service=RaftServer,group=group-6EF244A9CFC2,id=08cdee05-7543-4b36-9019-d7315469c5c6
2019-09-02 17:29:31,001 [RatisPipelineUtilsThread] INFO  pipeline.PipelineStateManager (PipelineStateManager.java:addPipeline(56)) - Created pipeline Pipeline[ Id: 7ec1fdbc-7106-4c1e-bf8c-6ef244a9cfc2, Nodes: c5cb85f2-5fb8-4def-a26e-7a40ca6d8c48{ip: 192.168.36.108, host: pr-hdds-1982-decom-states-scqb7-844612507, networkLocation: /default-rack, certSerialId: null}8924c2cc-0b63-491b-a851-2031a6c7a041{ip: 192.168.36.108, host: pr-hdds-1982-decom-states-scqb7-844612507, networkLocation: /default-rack, certSerialId: null}08cdee05-7543-4b36-9019-d7315469c5c6{ip: 192.168.36.108, host: pr-hdds-1982-decom-states-scqb7-844612507, networkLocation: /default-rack, certSerialId: null}, Type:RATIS, Factor:THREE, State:OPEN]
2019-09-02 17:29:31,016 [grpc-default-executor-8] INFO  client.GrpcClientProtocolClient (GrpcClientProtocolClient.java:onNext(255)) - client-FC8215091030->c5cb85f2-5fb8-4def-a26e-7a40ca6d8c48: receive RaftClientReply:client-FC8215091030->c5cb85f2-5fb8-4def-a26e-7a40ca6d8c48@group-6EF244A9CFC2, cid=182, FAILED org.apache.ratis.protocol.NotLeaderException: Server c5cb85f2-5fb8-4def-a26e-7a40ca6d8c48 is not the leader (null). Request must be sent to leader., logIndex=0, commits[c5cb85f2-5fb8-4def-a26e-7a40ca6d8c48:c-1]
2019-09-02 17:29:32,034 [grpc-default-executor-11] INFO  client.GrpcClientProtocolClient (GrpcClientProtocolClient.java:onNext(255)) - client-FC8215091030->8924c2cc-0b63-491b-a851-2031a6c7a041: receive RaftClientReply:client-FC8215091030->8924c2cc-0b63-491b-a851-2031a6c7a041@group-6EF244A9CFC2, cid=182, FAILED org.apache.ratis.protocol.NotLeaderException: Server 8924c2cc-0b63-491b-a851-2031a6c7a041 is not the leader (null). Request must be sent to leader., logIndex=0, commits[8924c2cc-0b63-491b-a851-2031a6c7a041:c-1]
2019-09-02 17:29:33,055 [grpc-default-executor-11] INFO  client.GrpcClientProtocolClient (GrpcClientProtocolClient.java:onNext(255)) - client-FC8215091030->08cdee05-7543-4b36-9019-d7315469c5c6: receive RaftClientReply:client-FC8215091030->08cdee05-7543-4b36-9019-d7315469c5c6@group-6EF244A9CFC2, cid=182, FAILED org.apache.ratis.protocol.NotLeaderException: Server 08cdee05-7543-4b36-9019-d7315469c5c6 is not the leader (null). Request must be sent to leader., logIndex=0, commits[08cdee05-7543-4b36-9019-d7315469c5c6:c-1]
2019-09-02 17:29:33,408 [Thread-3570] INFO  container.ReplicationManager (ReplicationManager.java:start(162)) - Starting Replication Monitor Thread.
2019-09-02 17:29:33,412 [ReplicationMonitor] INFO  container.ReplicationManager (ReplicationManager.java:run(225)) - Replication Monitor Thread took 0 milliseconds for processing 1 containers.
2019-09-02 17:29:34,066 [grpc-default-executor-8] INFO  client.GrpcClientProtocolClient (GrpcClientProtocolClient.java:onNext(255)) - client-FC8215091030->8924c2cc-0b63-491b-a851-2031a6c7a041: receive RaftClientReply:client-FC8215091030->8924c2cc-0b63-491b-a851-2031a6c7a041@group-6EF244A9CFC2, cid=182, FAILED org.apache.ratis.protocol.NotLeaderException: Server 8924c2cc-0b63-491b-a851-2031a6c7a041 is not the leader (null). Request must be sent to leader., logIndex=0, commits[8924c2cc-0b63-491b-a851-2031a6c7a041:c-1]
2019-09-02 17:29:35,075 [grpc-default-executor-11] INFO  client.GrpcClientProtocolClient (GrpcClientProtocolClient.java:onNext(255)) - client-FC8215091030->c5cb85f2-5fb8-4def-a26e-7a40ca6d8c48: receive RaftClientReply:client-FC8215091030->c5cb85f2-5fb8-4def-a26e-7a40ca6d8c48@group-6EF244A9CFC2, cid=182, FAILED org.apache.ratis.protocol.NotLeaderException: Server c5cb85f2-5fb8-4def-a26e-7a40ca6d8c48 is not the leader (null). Request must be sent to leader., logIndex=0, commits[c5cb85f2-5fb8-4def-a26e-7a40ca6d8c48:c-1]
2019-09-02 17:29:35,499 [Thread-3572] INFO  impl.FollowerState (FollowerState.java:run(106)) - 58181834-ae2d-4234-b7b5-7f7cdd8a2cb8:group-93EABEB20557 changes to CANDIDATE, lastRpcTime:5051, electionTimeout:5051ms
2019-09-02 17:29:35,499 [Thread-3572] INFO  impl.RoleInfo (RoleInfo.java:shutdownFollowerState(121)) - 58181834-ae2d-4234-b7b5-7f7cdd8a2cb8: shutdown FollowerState
2019-09-02 17:29:35,499 [Thread-3572] INFO  impl.RaftServerImpl (RaftServerImpl.java:setRole(171)) - 58181834-ae2d-4234-b7b5-7f7cdd8a2cb8:group-93EABEB20557 changes role from FOLLOWER to CANDIDATE at term 0 for changeToCandidate
2019-09-02 17:29:35,499 [Thread-3572] INFO  impl.RoleInfo (RoleInfo.java:updateAndGet(143)) - 58181834-ae2d-4234-b7b5-7f7cdd8a2cb8: start LeaderElection
2019-09-02 17:29:35,521 [58181834-ae2d-4234-b7b5-7f7cdd8a2cb8:group-93EABEB20557:LeaderElection70] INFO  impl.LeaderElection (LeaderElection.java:askForVotes(181)) - 58181834-ae2d-4234-b7b5-7f7cdd8a2cb8:group-93EABEB20557:LeaderElection70: begin an election at term 1 for -1: [58181834-ae2d-4234-b7b5-7f7cdd8a2cb8:192.168.36.108:33919], old=null
2019-09-02 17:29:35,521 [58181834-ae2d-4234-b7b5-7f7cdd8a2cb8:group-93EABEB20557:LeaderElection70] INFO  impl.RoleInfo (RoleInfo.java:shutdownLeaderElection(134)) - 58181834-ae2d-4234-b7b5-7f7cdd8a2cb8: shutdown LeaderElection
2019-09-02 17:29:35,521 [58181834-ae2d-4234-b7b5-7f7cdd8a2cb8:group-93EABEB20557:LeaderElection70] INFO  impl.RaftServerImpl (RaftServerImpl.java:setRole(171)) - 58181834-ae2d-4234-b7b5-7f7cdd8a2cb8:group-93EABEB20557 changes role from CANDIDATE to LEADER at term 1 for changeToLeader
2019-09-02 17:29:35,521 [58181834-ae2d-4234-b7b5-7f7cdd8a2cb8:group-93EABEB20557:LeaderElection70] INFO  impl.RaftServerImpl (ServerState.java:setLeader(263)) - 58181834-ae2d-4234-b7b5-7f7cdd8a2cb8:group-93EABEB20557 change Leader from null to 58181834-ae2d-4234-b7b5-7f7cdd8a2cb8 at term 1 for becomeLeader, leader elected after 5078ms
2019-09-02 17:29:35,521 [58181834-ae2d-4234-b7b5-7f7cdd8a2cb8:group-93EABEB20557:LeaderElection70] INFO  server.RaftServerConfigKeys (ConfUtils.java:logGet(43)) - raft.server.staging.catchup.gap = 1000 (default)
2019-09-02 17:29:35,521 [58181834-ae2d-4234-b7b5-7f7cdd8a2cb8:group-93EABEB20557:LeaderElection70] INFO  server.RaftServerConfigKeys (ConfUtils.java:logGet(43)) - raft.server.rpc.sleep.time = 25ms (default)
2019-09-02 17:29:35,522 [58181834-ae2d-4234-b7b5-7f7cdd8a2cb8:group-93EABEB20557:LeaderElection70] INFO  server.RaftServerConfigKeys (ConfUtils.java:logGet(43)) - raft.server.write.element-limit = 4096 (default)
2019-09-02 17:29:35,522 [58181834-ae2d-4234-b7b5-7f7cdd8a2cb8:group-93EABEB20557:LeaderElection70] INFO  server.RaftServerConfigKeys (ConfUtils.java:logGet(43)) - raft.server.watch.timeout = 10s (default)
2019-09-02 17:29:35,522 [58181834-ae2d-4234-b7b5-7f7cdd8a2cb8:group-93EABEB20557:LeaderElection70] INFO  server.RaftServerConfigKeys (ConfUtils.java:logGet(43)) - raft.server.watch.timeout.denomination = 1s (default)
2019-09-02 17:29:35,522 [58181834-ae2d-4234-b7b5-7f7cdd8a2cb8:group-93EABEB20557:LeaderElection70] INFO  server.RaftServerConfigKeys (ConfUtils.java:logGet(43)) - raft.server.watch.element-limit = 65536 (default)
2019-09-02 17:29:35,522 [58181834-ae2d-4234-b7b5-7f7cdd8a2cb8:group-93EABEB20557:LeaderElection70] INFO  impl.RoleInfo (RoleInfo.java:updateAndGet(143)) - 58181834-ae2d-4234-b7b5-7f7cdd8a2cb8: start LeaderState
2019-09-02 17:29:35,523 [58181834-ae2d-4234-b7b5-7f7cdd8a2cb8:group-93EABEB20557:LeaderElection70] INFO  segmented.SegmentedRaftLogWorker (SegmentedRaftLogWorker.java:startLogSegment(380)) - 58181834-ae2d-4234-b7b5-7f7cdd8a2cb8-SegmentedRaftLogWorker:Storage Directory /workdir/hadoop-ozone/integration-test/target/test-dir/MiniOzoneClusterImpl-e559f1c9-459e-4782-a5d5-306a0def869d/datanode-0/data/ratis/f88b9913-99ab-49a4-8cc0-93eabeb20557: Starting segment from index:0
2019-09-02 17:29:35,524 [58181834-ae2d-4234-b7b5-7f7cdd8a2cb8:group-93EABEB20557:LeaderElection70] INFO  impl.RaftServerImpl (ServerState.java:setRaftConf(361)) - 58181834-ae2d-4234-b7b5-7f7cdd8a2cb8:group-93EABEB20557 set configuration 0: [58181834-ae2d-4234-b7b5-7f7cdd8a2cb8:192.168.36.108:33919], old=null at 0
2019-09-02 17:29:35,570 [58181834-ae2d-4234-b7b5-7f7cdd8a2cb8-SegmentedRaftLogWorker:Storage Directory /workdir/hadoop-ozone/integration-test/target/test-dir/MiniOzoneClusterImpl-e559f1c9-459e-4782-a5d5-306a0def869d/datanode-0/data/ratis/f88b9913-99ab-49a4-8cc0-93eabeb20557] INFO  segmented.SegmentedRaftLogWorker (SegmentedRaftLogWorker.java:execute(569)) - 58181834-ae2d-4234-b7b5-7f7cdd8a2cb8-SegmentedRaftLogWorker:Storage Directory /workdir/hadoop-ozone/integration-test/target/test-dir/MiniOzoneClusterImpl-e559f1c9-459e-4782-a5d5-306a0def869d/datanode-0/data/ratis/f88b9913-99ab-49a4-8cc0-93eabeb20557: created new log segment /workdir/hadoop-ozone/integration-test/target/test-dir/MiniOzoneClusterImpl-e559f1c9-459e-4782-a5d5-306a0def869d/datanode-0/data/ratis/f88b9913-99ab-49a4-8cc0-93eabeb20557/current/log_inprogress_0
2019-09-02 17:29:35,633 [Thread-3578] INFO  impl.FollowerState (FollowerState.java:run(106)) - a01dd778-3426-48bd-ab61-39edd5ffa8da:group-B8E0EEFE48FF changes to CANDIDATE, lastRpcTime:5059, electionTimeout:5059ms
2019-09-02 17:29:35,633 [Thread-3578] INFO  impl.RoleInfo (RoleInfo.java:shutdownFollowerState(121)) - a01dd778-3426-48bd-ab61-39edd5ffa8da: shutdown FollowerState
2019-09-02 17:29:35,633 [Thread-3578] INFO  impl.RaftServerImpl (RaftServerImpl.java:setRole(171)) - a01dd778-3426-48bd-ab61-39edd5ffa8da:group-B8E0EEFE48FF changes role from FOLLOWER to CANDIDATE at term 0 for changeToCandidate
2019-09-02 17:29:35,633 [Thread-3578] INFO  impl.RoleInfo (RoleInfo.java:updateAndGet(143)) - a01dd778-3426-48bd-ab61-39edd5ffa8da: start LeaderElection
2019-09-02 17:29:35,660 [Thread-3575] INFO  impl.FollowerState (FollowerState.java:run(106)) - 9826e914-fbfc-44b9-9062-42de28e9045f:group-7EFD4735A8AE changes to CANDIDATE, lastRpcTime:5152, electionTimeout:5152ms
2019-09-02 17:29:35,660 [Thread-3575] INFO  impl.RoleInfo (RoleInfo.java:shutdownFollowerState(121)) - 9826e914-fbfc-44b9-9062-42de28e9045f: shutdown FollowerState
2019-09-02 17:29:35,660 [Thread-3575] INFO  impl.RaftServerImpl (RaftServerImpl.java:setRole(171)) - 9826e914-fbfc-44b9-9062-42de28e9045f:group-7EFD4735A8AE changes role from FOLLOWER to CANDIDATE at term 0 for changeToCandidate
2019-09-02 17:29:35,660 [Thread-3575] INFO  impl.RoleInfo (RoleInfo.java:updateAndGet(143)) - 9826e914-fbfc-44b9-9062-42de28e9045f: start LeaderElection
2019-09-02 17:29:35,665 [Thread-3581] INFO  impl.FollowerState (FollowerState.java:run(106)) - a01dd778-3426-48bd-ab61-39edd5ffa8da:group-50AF6E24B2B3 changes to CANDIDATE, lastRpcTime:5033, electionTimeout:5033ms
2019-09-02 17:29:35,665 [Thread-3581] INFO  impl.RoleInfo (RoleInfo.java:shutdownFollowerState(121)) - a01dd778-3426-48bd-ab61-39edd5ffa8da: shutdown FollowerState
2019-09-02 17:29:35,665 [Thread-3581] INFO  impl.RaftServerImpl (RaftServerImpl.java:setRole(171)) - a01dd778-3426-48bd-ab61-39edd5ffa8da:group-50AF6E24B2B3 changes role from FOLLOWER to CANDIDATE at term 0 for changeToCandidate
2019-09-02 17:29:35,665 [Thread-3581] INFO  impl.RoleInfo (RoleInfo.java:updateAndGet(143)) - a01dd778-3426-48bd-ab61-39edd5ffa8da: start LeaderElection
2019-09-02 17:29:35,667 [a01dd778-3426-48bd-ab61-39edd5ffa8da:group-B8E0EEFE48FF:LeaderElection71] INFO  impl.LeaderElection (LeaderElection.java:askForVotes(181)) - a01dd778-3426-48bd-ab61-39edd5ffa8da:group-B8E0EEFE48FF:LeaderElection71: begin an election at term 1 for -1: [a01dd778-3426-48bd-ab61-39edd5ffa8da:192.168.36.108:44950], old=null
2019-09-02 17:29:35,670 [a01dd778-3426-48bd-ab61-39edd5ffa8da:group-B8E0EEFE48FF:LeaderElection71] INFO  impl.RoleInfo (RoleInfo.java:shutdownLeaderElection(134)) - a01dd778-3426-48bd-ab61-39edd5ffa8da: shutdown LeaderElection
2019-09-02 17:29:35,670 [a01dd778-3426-48bd-ab61-39edd5ffa8da:group-B8E0EEFE48FF:LeaderElection71] INFO  impl.RaftServerImpl (RaftServerImpl.java:setRole(171)) - a01dd778-3426-48bd-ab61-39edd5ffa8da:group-B8E0EEFE48FF changes role from CANDIDATE to LEADER at term 1 for changeToLeader
2019-09-02 17:29:35,670 [a01dd778-3426-48bd-ab61-39edd5ffa8da:group-B8E0EEFE48FF:LeaderElection71] INFO  impl.RaftServerImpl (ServerState.java:setLeader(263)) - a01dd778-3426-48bd-ab61-39edd5ffa8da:group-B8E0EEFE48FF change Leader from null to a01dd778-3426-48bd-ab61-39edd5ffa8da at term 1 for becomeLeader, leader elected after 5102ms
2019-09-02 17:29:35,670 [a01dd778-3426-48bd-ab61-39edd5ffa8da:group-B8E0EEFE48FF:LeaderElection71] INFO  server.RaftServerConfigKeys (ConfUtils.java:logGet(43)) - raft.server.staging.catchup.gap = 1000 (default)
2019-09-02 17:29:35,670 [a01dd778-3426-48bd-ab61-39edd5ffa8da:group-B8E0EEFE48FF:LeaderElection71] INFO  server.RaftServerConfigKeys (ConfUtils.java:logGet(43)) - raft.server.rpc.sleep.time = 25ms (default)
2019-09-02 17:29:35,670 [a01dd778-3426-48bd-ab61-39edd5ffa8da:group-B8E0EEFE48FF:LeaderElection71] INFO  server.RaftServerConfigKeys (ConfUtils.java:logGet(43)) - raft.server.write.element-limit = 4096 (default)
2019-09-02 17:29:35,671 [a01dd778-3426-48bd-ab61-39edd5ffa8da:group-B8E0EEFE48FF:LeaderElection71] INFO  server.RaftServerConfigKeys (ConfUtils.java:logGet(43)) - raft.server.watch.timeout = 10s (default)
2019-09-02 17:29:35,671 [a01dd778-3426-48bd-ab61-39edd5ffa8da:group-B8E0EEFE48FF:LeaderElection71] INFO  server.RaftServerConfigKeys (ConfUtils.java:logGet(43)) - raft.server.watch.timeout.denomination = 1s (default)
2019-09-02 17:29:35,671 [a01dd778-3426-48bd-ab61-39edd5ffa8da:group-B8E0EEFE48FF:LeaderElection71] INFO  server.RaftServerConfigKeys (ConfUtils.java:logGet(43)) - raft.server.watch.element-limit = 65536 (default)
2019-09-02 17:29:35,671 [Thread-3586] INFO  impl.FollowerState (FollowerState.java:run(106)) - 9826e914-fbfc-44b9-9062-42de28e9045f:group-50AF6E24B2B3 changes to CANDIDATE, lastRpcTime:5036, electionTimeout:5025ms
2019-09-02 17:29:35,671 [Thread-3586] INFO  impl.RoleInfo (RoleInfo.java:shutdownFollowerState(121)) - 9826e914-fbfc-44b9-9062-42de28e9045f: shutdown FollowerState
2019-09-02 17:29:35,671 [a01dd778-3426-48bd-ab61-39edd5ffa8da:group-B8E0EEFE48FF:LeaderElection71] INFO  impl.RoleInfo (RoleInfo.java:updateAndGet(143)) - a01dd778-3426-48bd-ab61-39edd5ffa8da: start LeaderState
2019-09-02 17:29:35,671 [Thread-3586] INFO  impl.RaftServerImpl (RaftServerImpl.java:setRole(171)) - 9826e914-fbfc-44b9-9062-42de28e9045f:group-50AF6E24B2B3 changes role from FOLLOWER to CANDIDATE at term 0 for changeToCandidate
2019-09-02 17:29:35,672 [a01dd778-3426-48bd-ab61-39edd5ffa8da:group-B8E0EEFE48FF:LeaderElection71] INFO  segmented.SegmentedRaftLogWorker (SegmentedRaftLogWorker.java:startLogSegment(380)) - a01dd778-3426-48bd-ab61-39edd5ffa8da-SegmentedRaftLogWorker:Storage Directory /workdir/hadoop-ozone/integration-test/target/test-dir/MiniOzoneClusterImpl-e559f1c9-459e-4782-a5d5-306a0def869d/datanode-2/data/ratis/ede3b3a0-fc36-4f0b-b433-b8e0eefe48ff: Starting segment from index:0
2019-09-02 17:29:35,672 [Thread-3586] INFO  impl.RoleInfo (RoleInfo.java:updateAndGet(143)) - 9826e914-fbfc-44b9-9062-42de28e9045f: start LeaderElection
2019-09-02 17:29:35,672 [a01dd778-3426-48bd-ab61-39edd5ffa8da:group-B8E0EEFE48FF:LeaderElection71] INFO  impl.RaftServerImpl (ServerState.java:setRaftConf(361)) - a01dd778-3426-48bd-ab61-39edd5ffa8da:group-B8E0EEFE48FF set configuration 0: [a01dd778-3426-48bd-ab61-39edd5ffa8da:192.168.36.108:44950], old=null at 0
2019-09-02 17:29:35,707 [9826e914-fbfc-44b9-9062-42de28e9045f:group-7EFD4735A8AE:LeaderElection72] INFO  impl.LeaderElection (LeaderElection.java:askForVotes(181)) - 9826e914-fbfc-44b9-9062-42de28e9045f:group-7EFD4735A8AE:LeaderElection72: begin an election at term 1 for -1: [9826e914-fbfc-44b9-9062-42de28e9045f:192.168.36.108:46253], old=null
2019-09-02 17:29:35,707 [a01dd778-3426-48bd-ab61-39edd5ffa8da:group-50AF6E24B2B3:LeaderElection73] INFO  impl.LeaderElection (LeaderElection.java:askForVotes(181)) - a01dd778-3426-48bd-ab61-39edd5ffa8da:group-50AF6E24B2B3:LeaderElection73: begin an election at term 1 for -1: [a01dd778-3426-48bd-ab61-39edd5ffa8da:192.168.36.108:44950, 9826e914-fbfc-44b9-9062-42de28e9045f:192.168.36.108:46253, 58181834-ae2d-4234-b7b5-7f7cdd8a2cb8:192.168.36.108:33919], old=null
2019-09-02 17:29:35,713 [9826e914-fbfc-44b9-9062-42de28e9045f:group-7EFD4735A8AE:LeaderElection72] INFO  impl.RoleInfo (RoleInfo.java:shutdownLeaderElection(134)) - 9826e914-fbfc-44b9-9062-42de28e9045f: shutdown LeaderElection
2019-09-02 17:29:35,713 [9826e914-fbfc-44b9-9062-42de28e9045f:group-7EFD4735A8AE:LeaderElection72] INFO  impl.RaftServerImpl (RaftServerImpl.java:setRole(171)) - 9826e914-fbfc-44b9-9062-42de28e9045f:group-7EFD4735A8AE changes role from CANDIDATE to LEADER at term 1 for changeToLeader
2019-09-02 17:29:35,714 [9826e914-fbfc-44b9-9062-42de28e9045f:group-7EFD4735A8AE:LeaderElection72] INFO  impl.RaftServerImpl (ServerState.java:setLeader(263)) - 9826e914-fbfc-44b9-9062-42de28e9045f:group-7EFD4735A8AE change Leader from null to 9826e914-fbfc-44b9-9062-42de28e9045f at term 1 for becomeLeader, leader elected after 5210ms
2019-09-02 17:29:35,714 [9826e914-fbfc-44b9-9062-42de28e9045f:group-7EFD4735A8AE:LeaderElection72] INFO  server.RaftServerConfigKeys (ConfUtils.java:logGet(43)) - raft.server.staging.catchup.gap = 1000 (default)
2019-09-02 17:29:35,714 [9826e914-fbfc-44b9-9062-42de28e9045f:group-7EFD4735A8AE:LeaderElection72] INFO  server.RaftServerConfigKeys (ConfUtils.java:logGet(43)) - raft.server.rpc.sleep.time = 25ms (default)
2019-09-02 17:29:35,714 [9826e914-fbfc-44b9-9062-42de28e9045f:group-7EFD4735A8AE:LeaderElection72] INFO  server.RaftServerConfigKeys (ConfUtils.java:logGet(43)) - raft.server.write.element-limit = 4096 (default)
2019-09-02 17:29:35,714 [9826e914-fbfc-44b9-9062-42de28e9045f:group-7EFD4735A8AE:LeaderElection72] INFO  server.RaftServerConfigKeys (ConfUtils.java:logGet(43)) - raft.server.watch.timeout = 10s (default)
2019-09-02 17:29:35,714 [9826e914-fbfc-44b9-9062-42de28e9045f:group-7EFD4735A8AE:LeaderElection72] INFO  server.RaftServerConfigKeys (ConfUtils.java:logGet(43)) - raft.server.watch.timeout.denomination = 1s (default)
2019-09-02 17:29:35,715 [9826e914-fbfc-44b9-9062-42de28e9045f:group-7EFD4735A8AE:LeaderElection72] INFO  server.RaftServerConfigKeys (ConfUtils.java:logGet(43)) - raft.server.watch.element-limit = 65536 (default)
2019-09-02 17:29:35,715 [9826e914-fbfc-44b9-9062-42de28e9045f:group-7EFD4735A8AE:LeaderElection72] INFO  impl.RoleInfo (RoleInfo.java:updateAndGet(143)) - 9826e914-fbfc-44b9-9062-42de28e9045f: start LeaderState
2019-09-02 17:29:35,715 [9826e914-fbfc-44b9-9062-42de28e9045f:group-7EFD4735A8AE:LeaderElection72] INFO  segmented.SegmentedRaftLogWorker (SegmentedRaftLogWorker.java:startLogSegment(380)) - 9826e914-fbfc-44b9-9062-42de28e9045f-SegmentedRaftLogWorker:Storage Directory /workdir/hadoop-ozone/integration-test/target/test-dir/MiniOzoneClusterImpl-e559f1c9-459e-4782-a5d5-306a0def869d/datanode-1/data/ratis/f6cbbd6e-f5b7-48c5-ab13-7efd4735a8ae: Starting segment from index:0
2019-09-02 17:29:35,718 [9826e914-fbfc-44b9-9062-42de28e9045f:group-7EFD4735A8AE:LeaderElection72] INFO  impl.RaftServerImpl (ServerState.java:setRaftConf(361)) - 9826e914-fbfc-44b9-9062-42de28e9045f:group-7EFD4735A8AE set configuration 0: [9826e914-fbfc-44b9-9062-42de28e9045f:192.168.36.108:46253], old=null at 0
2019-09-02 17:29:35,757 [a01dd778-3426-48bd-ab61-39edd5ffa8da-SegmentedRaftLogWorker:Storage Directory /workdir/hadoop-ozone/integration-test/target/test-dir/MiniOzoneClusterImpl-e559f1c9-459e-4782-a5d5-306a0def869d/datanode-2/data/ratis/ede3b3a0-fc36-4f0b-b433-b8e0eefe48ff] INFO  segmented.SegmentedRaftLogWorker (SegmentedRaftLogWorker.java:execute(569)) - a01dd778-3426-48bd-ab61-39edd5ffa8da-SegmentedRaftLogWorker:Storage Directory /workdir/hadoop-ozone/integration-test/target/test-dir/MiniOzoneClusterImpl-e559f1c9-459e-4782-a5d5-306a0def869d/datanode-2/data/ratis/ede3b3a0-fc36-4f0b-b433-b8e0eefe48ff: created new log segment /workdir/hadoop-ozone/integration-test/target/test-dir/MiniOzoneClusterImpl-e559f1c9-459e-4782-a5d5-306a0def869d/datanode-2/data/ratis/ede3b3a0-fc36-4f0b-b433-b8e0eefe48ff/current/log_inprogress_0
2019-09-02 17:29:35,757 [9826e914-fbfc-44b9-9062-42de28e9045f:group-50AF6E24B2B3:LeaderElection74] INFO  impl.LeaderElection (LeaderElection.java:askForVotes(181)) - 9826e914-fbfc-44b9-9062-42de28e9045f:group-50AF6E24B2B3:LeaderElection74: begin an election at term 1 for -1: [a01dd778-3426-48bd-ab61-39edd5ffa8da:192.168.36.108:44950, 9826e914-fbfc-44b9-9062-42de28e9045f:192.168.36.108:46253, 58181834-ae2d-4234-b7b5-7f7cdd8a2cb8:192.168.36.108:33919], old=null
2019-09-02 17:29:35,766 [grpc-default-executor-8] INFO  impl.RaftServerImpl (RaftServerImpl.java:setRole(171)) - 58181834-ae2d-4234-b7b5-7f7cdd8a2cb8:group-50AF6E24B2B3 changes role from FOLLOWER to FOLLOWER at term 1 for recognizeCandidate:a01dd778-3426-48bd-ab61-39edd5ffa8da
2019-09-02 17:29:35,766 [grpc-default-executor-8] INFO  impl.RoleInfo (RoleInfo.java:shutdownFollowerState(121)) - 58181834-ae2d-4234-b7b5-7f7cdd8a2cb8: shutdown FollowerState
2019-09-02 17:29:35,768 [grpc-default-executor-8] INFO  impl.RoleInfo (RoleInfo.java:updateAndGet(143)) - 58181834-ae2d-4234-b7b5-7f7cdd8a2cb8: start FollowerState
2019-09-02 17:29:35,769 [Thread-3585] INFO  impl.FollowerState (FollowerState.java:run(114)) - 58181834-ae2d-4234-b7b5-7f7cdd8a2cb8: FollowerState was interrupted: java.lang.InterruptedException: sleep interrupted
2019-09-02 17:29:35,779 [9826e914-fbfc-44b9-9062-42de28e9045f-SegmentedRaftLogWorker:Storage Directory /workdir/hadoop-ozone/integration-test/target/test-dir/MiniOzoneClusterImpl-e559f1c9-459e-4782-a5d5-306a0def869d/datanode-1/data/ratis/f6cbbd6e-f5b7-48c5-ab13-7efd4735a8ae] INFO  segmented.SegmentedRaftLogWorker (SegmentedRaftLogWorker.java:execute(569)) - 9826e914-fbfc-44b9-9062-42de28e9045f-SegmentedRaftLogWorker:Storage Directory /workdir/hadoop-ozone/integration-test/target/test-dir/MiniOzoneClusterImpl-e559f1c9-459e-4782-a5d5-306a0def869d/datanode-1/data/ratis/f6cbbd6e-f5b7-48c5-ab13-7efd4735a8ae: created new log segment /workdir/hadoop-ozone/integration-test/target/test-dir/MiniOzoneClusterImpl-e559f1c9-459e-4782-a5d5-306a0def869d/datanode-1/data/ratis/f6cbbd6e-f5b7-48c5-ab13-7efd4735a8ae/current/log_inprogress_0
2019-09-02 17:29:35,784 [a01dd778-3426-48bd-ab61-39edd5ffa8da:group-50AF6E24B2B3:LeaderElection73] INFO  impl.LeaderElection (LeaderElection.java:logAndReturn(56)) - a01dd778-3426-48bd-ab61-39edd5ffa8da:group-50AF6E24B2B3:LeaderElection73: Election PASSED; received 2 response(s) [a01dd778-3426-48bd-ab61-39edd5ffa8da<-9826e914-fbfc-44b9-9062-42de28e9045f#0:FAIL-t1, a01dd778-3426-48bd-ab61-39edd5ffa8da<-58181834-ae2d-4234-b7b5-7f7cdd8a2cb8#0:OK-t1] and 0 exception(s); a01dd778-3426-48bd-ab61-39edd5ffa8da:t1, leader=null, voted=a01dd778-3426-48bd-ab61-39edd5ffa8da, raftlog=a01dd778-3426-48bd-ab61-39edd5ffa8da-SegmentedRaftLog:OPENED:c-1,f-1,i0, conf=-1: [a01dd778-3426-48bd-ab61-39edd5ffa8da:192.168.36.108:44950, 9826e914-fbfc-44b9-9062-42de28e9045f:192.168.36.108:46253, 58181834-ae2d-4234-b7b5-7f7cdd8a2cb8:192.168.36.108:33919], old=null
2019-09-02 17:29:35,785 [9826e914-fbfc-44b9-9062-42de28e9045f:group-50AF6E24B2B3:LeaderElection74] INFO  impl.LeaderElection (LeaderElection.java:logAndReturn(56)) - 9826e914-fbfc-44b9-9062-42de28e9045f:group-50AF6E24B2B3:LeaderElection74: Election REJECTED; received 2 response(s) [9826e914-fbfc-44b9-9062-42de28e9045f<-a01dd778-3426-48bd-ab61-39edd5ffa8da#0:FAIL-t1, 9826e914-fbfc-44b9-9062-42de28e9045f<-58181834-ae2d-4234-b7b5-7f7cdd8a2cb8#0:FAIL-t1] and 0 exception(s); 9826e914-fbfc-44b9-9062-42de28e9045f:t1, leader=null, voted=9826e914-fbfc-44b9-9062-42de28e9045f, raftlog=9826e914-fbfc-44b9-9062-42de28e9045f-SegmentedRaftLog:OPENED:c-1,f-1,i0, conf=-1: [a01dd778-3426-48bd-ab61-39edd5ffa8da:192.168.36.108:44950, 9826e914-fbfc-44b9-9062-42de28e9045f:192.168.36.108:46253, 58181834-ae2d-4234-b7b5-7f7cdd8a2cb8:192.168.36.108:33919], old=null
2019-09-02 17:29:35,785 [a01dd778-3426-48bd-ab61-39edd5ffa8da:group-50AF6E24B2B3:LeaderElection73] INFO  impl.RoleInfo (RoleInfo.java:shutdownLeaderElection(134)) - a01dd778-3426-48bd-ab61-39edd5ffa8da: shutdown LeaderElection
2019-09-02 17:29:35,785 [9826e914-fbfc-44b9-9062-42de28e9045f:group-50AF6E24B2B3:LeaderElection74] INFO  impl.RaftServerImpl (RaftServerImpl.java:setRole(171)) - 9826e914-fbfc-44b9-9062-42de28e9045f:group-50AF6E24B2B3 changes role from CANDIDATE to FOLLOWER at term 1 for DISCOVERED_A_NEW_TERM
2019-09-02 17:29:35,785 [a01dd778-3426-48bd-ab61-39edd5ffa8da:group-50AF6E24B2B3:LeaderElection73] INFO  impl.RaftServerImpl (RaftServerImpl.java:setRole(171)) - a01dd778-3426-48bd-ab61-39edd5ffa8da:group-50AF6E24B2B3 changes role from CANDIDATE to LEADER at term 1 for changeToLeader
2019-09-02 17:29:35,785 [9826e914-fbfc-44b9-9062-42de28e9045f:group-50AF6E24B2B3:LeaderElection74] INFO  impl.RoleInfo (RoleInfo.java:shutdownLeaderElection(134)) - 9826e914-fbfc-44b9-9062-42de28e9045f: shutdown LeaderElection
2019-09-02 17:29:35,785 [a01dd778-3426-48bd-ab61-39edd5ffa8da:group-50AF6E24B2B3:LeaderElection73] INFO  impl.RaftServerImpl (ServerState.java:setLeader(263)) - a01dd778-3426-48bd-ab61-39edd5ffa8da:group-50AF6E24B2B3 change Leader from null to a01dd778-3426-48bd-ab61-39edd5ffa8da at term 1 for becomeLeader, leader elected after 5160ms
2019-09-02 17:29:35,786 [9826e914-fbfc-44b9-9062-42de28e9045f:group-50AF6E24B2B3:LeaderElection74] INFO  impl.RoleInfo (RoleInfo.java:updateAndGet(143)) - 9826e914-fbfc-44b9-9062-42de28e9045f: start FollowerState
2019-09-02 17:29:35,786 [a01dd778-3426-48bd-ab61-39edd5ffa8da:group-50AF6E24B2B3:LeaderElection73] INFO  server.RaftServerConfigKeys (ConfUtils.java:logGet(43)) - raft.server.staging.catchup.gap = 1000 (default)
2019-09-02 17:29:35,786 [a01dd778-3426-48bd-ab61-39edd5ffa8da:group-50AF6E24B2B3:LeaderElection73] INFO  server.RaftServerConfigKeys (ConfUtils.java:logGet(43)) - raft.server.rpc.sleep.time = 25ms (default)
2019-09-02 17:29:35,786 [a01dd778-3426-48bd-ab61-39edd5ffa8da:group-50AF6E24B2B3:LeaderElection73] INFO  server.RaftServerConfigKeys (ConfUtils.java:logGet(43)) - raft.server.write.element-limit = 4096 (default)
2019-09-02 17:29:35,786 [a01dd778-3426-48bd-ab61-39edd5ffa8da:group-50AF6E24B2B3:LeaderElection73] INFO  server.RaftServerConfigKeys (ConfUtils.java:logGet(43)) - raft.server.watch.timeout = 10s (default)
2019-09-02 17:29:35,787 [a01dd778-3426-48bd-ab61-39edd5ffa8da:group-50AF6E24B2B3:LeaderElection73] INFO  server.RaftServerConfigKeys (ConfUtils.java:logGet(43)) - raft.server.watch.timeout.denomination = 1s (default)
2019-09-02 17:29:35,787 [a01dd778-3426-48bd-ab61-39edd5ffa8da:group-50AF6E24B2B3:LeaderElection73] INFO  server.RaftServerConfigKeys (ConfUtils.java:logGet(43)) - raft.server.watch.element-limit = 65536 (default)
2019-09-02 17:29:35,787 [a01dd778-3426-48bd-ab61-39edd5ffa8da:group-50AF6E24B2B3:LeaderElection73] INFO  server.RaftServerConfigKeys (ConfUtils.java:logGet(43)) - raft.server.log.appender.snapshot.chunk.size.max = 16MB (=16777216) (default)
2019-09-02 17:29:35,787 [a01dd778-3426-48bd-ab61-39edd5ffa8da:group-50AF6E24B2B3:LeaderElection73] INFO  server.RaftServerConfigKeys (ConfUtils.java:logGet(43)) - raft.server.log.appender.buffer.byte-limit = 33554432 (custom)
2019-09-02 17:29:35,787 [a01dd778-3426-48bd-ab61-39edd5ffa8da:group-50AF6E24B2B3:LeaderElection73] INFO  server.RaftServerConfigKeys (ConfUtils.java:logGet(43)) - raft.server.log.appender.buffer.element-limit = 1 (custom)
2019-09-02 17:29:35,788 [a01dd778-3426-48bd-ab61-39edd5ffa8da:group-50AF6E24B2B3:LeaderElection73] INFO  grpc.GrpcConfigKeys$Server (ConfUtils.java:logGet(43)) - raft.grpc.server.leader.outstanding.appends.max = 128 (default)
2019-09-02 17:29:35,788 [a01dd778-3426-48bd-ab61-39edd5ffa8da:group-50AF6E24B2B3:LeaderElection73] INFO  server.RaftServerConfigKeys (ConfUtils.java:logGet(43)) - raft.server.rpc.request.timeout = 3000ms (default)
2019-09-02 17:29:35,788 [a01dd778-3426-48bd-ab61-39edd5ffa8da:group-50AF6E24B2B3:LeaderElection73] INFO  server.RaftServerConfigKeys (ConfUtils.java:logGet(43)) - raft.server.log.appender.install.snapshot.enabled = false (custom)
2019-09-02 17:29:35,788 [a01dd778-3426-48bd-ab61-39edd5ffa8da:group-50AF6E24B2B3:LeaderElection73] INFO  server.RaftServerConfigKeys (ConfUtils.java:logGet(43)) - raft.server.log.appender.snapshot.chunk.size.max = 16MB (=16777216) (default)
2019-09-02 17:29:35,788 [a01dd778-3426-48bd-ab61-39edd5ffa8da:group-50AF6E24B2B3:LeaderElection73] INFO  server.RaftServerConfigKeys (ConfUtils.java:logGet(43)) - raft.server.log.appender.buffer.byte-limit = 33554432 (custom)
2019-09-02 17:29:35,789 [a01dd778-3426-48bd-ab61-39edd5ffa8da:group-50AF6E24B2B3:LeaderElection73] INFO  server.RaftServerConfigKeys (ConfUtils.java:logGet(43)) - raft.server.log.appender.buffer.element-limit = 1 (custom)
2019-09-02 17:29:35,789 [a01dd778-3426-48bd-ab61-39edd5ffa8da:group-50AF6E24B2B3:LeaderElection73] INFO  grpc.GrpcConfigKeys$Server (ConfUtils.java:logGet(43)) - raft.grpc.server.leader.outstanding.appends.max = 128 (default)
2019-09-02 17:29:35,789 [a01dd778-3426-48bd-ab61-39edd5ffa8da:group-50AF6E24B2B3:LeaderElection73] INFO  server.RaftServerConfigKeys (ConfUtils.java:logGet(43)) - raft.server.rpc.request.timeout = 3000ms (default)
2019-09-02 17:29:35,789 [a01dd778-3426-48bd-ab61-39edd5ffa8da:group-50AF6E24B2B3:LeaderElection73] INFO  server.RaftServerConfigKeys (ConfUtils.java:logGet(43)) - raft.server.log.appender.install.snapshot.enabled = false (custom)
2019-09-02 17:29:35,789 [a01dd778-3426-48bd-ab61-39edd5ffa8da:group-50AF6E24B2B3:LeaderElection73] INFO  impl.RoleInfo (RoleInfo.java:updateAndGet(143)) - a01dd778-3426-48bd-ab61-39edd5ffa8da: start LeaderState
2019-09-02 17:29:35,790 [a01dd778-3426-48bd-ab61-39edd5ffa8da:group-50AF6E24B2B3:LeaderElection73] INFO  segmented.SegmentedRaftLogWorker (SegmentedRaftLogWorker.java:startLogSegment(380)) - a01dd778-3426-48bd-ab61-39edd5ffa8da-SegmentedRaftLogWorker:Storage Directory /workdir/hadoop-ozone/integration-test/target/test-dir/MiniOzoneClusterImpl-e559f1c9-459e-4782-a5d5-306a0def869d/datanode-2/data/ratis/6f7bf7c1-ab1a-4875-b001-50af6e24b2b3: Starting segment from index:0
2019-09-02 17:29:35,791 [a01dd778-3426-48bd-ab61-39edd5ffa8da:group-50AF6E24B2B3:LeaderElection73] INFO  impl.RaftServerImpl (ServerState.java:setRaftConf(361)) - a01dd778-3426-48bd-ab61-39edd5ffa8da:group-50AF6E24B2B3 set configuration 0: [a01dd778-3426-48bd-ab61-39edd5ffa8da:192.168.36.108:44950, 9826e914-fbfc-44b9-9062-42de28e9045f:192.168.36.108:46253, 58181834-ae2d-4234-b7b5-7f7cdd8a2cb8:192.168.36.108:33919], old=null at 0
2019-09-02 17:29:35,828 [Thread-3590] INFO  impl.FollowerState (FollowerState.java:run(106)) - c5cb85f2-5fb8-4def-a26e-7a40ca6d8c48:group-50E7F8B5B551 changes to CANDIDATE, lastRpcTime:5044, electionTimeout:5028ms
2019-09-02 17:29:35,829 [Thread-3590] INFO  impl.RoleInfo (RoleInfo.java:shutdownFollowerState(121)) - c5cb85f2-5fb8-4def-a26e-7a40ca6d8c48: shutdown FollowerState
2019-09-02 17:29:35,829 [Thread-3590] INFO  impl.RaftServerImpl (RaftServerImpl.java:setRole(171)) - c5cb85f2-5fb8-4def-a26e-7a40ca6d8c48:group-50E7F8B5B551 changes role from FOLLOWER to CANDIDATE at term 0 for changeToCandidate
2019-09-02 17:29:35,829 [Thread-3590] INFO  impl.RoleInfo (RoleInfo.java:updateAndGet(143)) - c5cb85f2-5fb8-4def-a26e-7a40ca6d8c48: start LeaderElection
2019-09-02 17:29:35,840 [grpc-default-executor-8] INFO  impl.RaftServerImpl (ServerState.java:setLeader(263)) - 58181834-ae2d-4234-b7b5-7f7cdd8a2cb8:group-50AF6E24B2B3 change Leader from null to a01dd778-3426-48bd-ab61-39edd5ffa8da at term 1 for appendEntries, leader elected after 5206ms
2019-09-02 17:29:35,841 [grpc-default-executor-11] INFO  impl.RaftServerImpl (ServerState.java:setLeader(263)) - 9826e914-fbfc-44b9-9062-42de28e9045f:group-50AF6E24B2B3 change Leader from null to a01dd778-3426-48bd-ab61-39edd5ffa8da at term 1 for appendEntries, leader elected after 5215ms
2019-09-02 17:29:35,841 [a01dd778-3426-48bd-ab61-39edd5ffa8da-SegmentedRaftLogWorker:Storage Directory /workdir/hadoop-ozone/integration-test/target/test-dir/MiniOzoneClusterImpl-e559f1c9-459e-4782-a5d5-306a0def869d/datanode-2/data/ratis/6f7bf7c1-ab1a-4875-b001-50af6e24b2b3] INFO  segmented.SegmentedRaftLogWorker (SegmentedRaftLogWorker.java:execute(569)) - a01dd778-3426-48bd-ab61-39edd5ffa8da-SegmentedRaftLogWorker:Storage Directory /workdir/hadoop-ozone/integration-test/target/test-dir/MiniOzoneClusterImpl-e559f1c9-459e-4782-a5d5-306a0def869d/datanode-2/data/ratis/6f7bf7c1-ab1a-4875-b001-50af6e24b2b3: created new log segment /workdir/hadoop-ozone/integration-test/target/test-dir/MiniOzoneClusterImpl-e559f1c9-459e-4782-a5d5-306a0def869d/datanode-2/data/ratis/6f7bf7c1-ab1a-4875-b001-50af6e24b2b3/current/log_inprogress_0
2019-09-02 17:29:35,843 [grpc-default-executor-11] INFO  impl.RaftServerImpl (ServerState.java:setRaftConf(361)) - 58181834-ae2d-4234-b7b5-7f7cdd8a2cb8:group-50AF6E24B2B3 set configuration 0: [a01dd778-3426-48bd-ab61-39edd5ffa8da:192.168.36.108:44950, 9826e914-fbfc-44b9-9062-42de28e9045f:192.168.36.108:46253, 58181834-ae2d-4234-b7b5-7f7cdd8a2cb8:192.168.36.108:33919], old=null at 0
2019-09-02 17:29:35,844 [grpc-default-executor-8] INFO  impl.RaftServerImpl (ServerState.java:setRaftConf(361)) - 9826e914-fbfc-44b9-9062-42de28e9045f:group-50AF6E24B2B3 set configuration 0: [a01dd778-3426-48bd-ab61-39edd5ffa8da:192.168.36.108:44950, 9826e914-fbfc-44b9-9062-42de28e9045f:192.168.36.108:46253, 58181834-ae2d-4234-b7b5-7f7cdd8a2cb8:192.168.36.108:33919], old=null at 0
2019-09-02 17:29:35,844 [c5cb85f2-5fb8-4def-a26e-7a40ca6d8c48:group-50E7F8B5B551:LeaderElection75] INFO  impl.LeaderElection (LeaderElection.java:askForVotes(181)) - c5cb85f2-5fb8-4def-a26e-7a40ca6d8c48:group-50E7F8B5B551:LeaderElection75: begin an election at term 1 for -1: [c5cb85f2-5fb8-4def-a26e-7a40ca6d8c48:192.168.36.108:40980], old=null
2019-09-02 17:29:35,845 [grpc-default-executor-8] INFO  segmented.SegmentedRaftLogWorker (SegmentedRaftLogWorker.java:startLogSegment(380)) - 9826e914-fbfc-44b9-9062-42de28e9045f-SegmentedRaftLogWorker:Storage Directory /workdir/hadoop-ozone/integration-test/target/test-dir/MiniOzoneClusterImpl-e559f1c9-459e-4782-a5d5-306a0def869d/datanode-1/data/ratis/6f7bf7c1-ab1a-4875-b001-50af6e24b2b3: Starting segment from index:0
2019-09-02 17:29:35,845 [c5cb85f2-5fb8-4def-a26e-7a40ca6d8c48:group-50E7F8B5B551:LeaderElection75] INFO  impl.RoleInfo (RoleInfo.java:shutdownLeaderElection(134)) - c5cb85f2-5fb8-4def-a26e-7a40ca6d8c48: shutdown LeaderElection
2019-09-02 17:29:35,845 [c5cb85f2-5fb8-4def-a26e-7a40ca6d8c48:group-50E7F8B5B551:LeaderElection75] INFO  impl.RaftServerImpl (RaftServerImpl.java:setRole(171)) - c5cb85f2-5fb8-4def-a26e-7a40ca6d8c48:group-50E7F8B5B551 changes role from CANDIDATE to LEADER at term 1 for changeToLeader
2019-09-02 17:29:35,845 [c5cb85f2-5fb8-4def-a26e-7a40ca6d8c48:group-50E7F8B5B551:LeaderElection75] INFO  impl.RaftServerImpl (ServerState.java:setLeader(263)) - c5cb85f2-5fb8-4def-a26e-7a40ca6d8c48:group-50E7F8B5B551 change Leader from null to c5cb85f2-5fb8-4def-a26e-7a40ca6d8c48 at term 1 for becomeLeader, leader elected after 5066ms
2019-09-02 17:29:35,851 [c5cb85f2-5fb8-4def-a26e-7a40ca6d8c48:group-50E7F8B5B551:LeaderElection75] INFO  server.RaftServerConfigKeys (ConfUtils.java:logGet(43)) - raft.server.staging.catchup.gap = 1000 (default)
2019-09-02 17:29:35,851 [grpc-default-executor-11] INFO  segmented.SegmentedRaftLogWorker (SegmentedRaftLogWorker.java:startLogSegment(380)) - 58181834-ae2d-4234-b7b5-7f7cdd8a2cb8-SegmentedRaftLogWorker:Storage Directory /workdir/hadoop-ozone/integration-test/target/test-dir/MiniOzoneClusterImpl-e559f1c9-459e-4782-a5d5-306a0def869d/datanode-0/data/ratis/6f7bf7c1-ab1a-4875-b001-50af6e24b2b3: Starting segment from index:0
2019-09-02 17:29:35,852 [c5cb85f2-5fb8-4def-a26e-7a40ca6d8c48:group-50E7F8B5B551:LeaderElection75] INFO  server.RaftServerConfigKeys (ConfUtils.java:logGet(43)) - raft.server.rpc.sleep.time = 25ms (default)
2019-09-02 17:29:35,852 [c5cb85f2-5fb8-4def-a26e-7a40ca6d8c48:group-50E7F8B5B551:LeaderElection75] INFO  server.RaftServerConfigKeys (ConfUtils.java:logGet(43)) - raft.server.write.element-limit = 4096 (default)
2019-09-02 17:29:35,852 [c5cb85f2-5fb8-4def-a26e-7a40ca6d8c48:group-50E7F8B5B551:LeaderElection75] INFO  server.RaftServerConfigKeys (ConfUtils.java:logGet(43)) - raft.server.watch.timeout = 10s (default)
2019-09-02 17:29:35,853 [c5cb85f2-5fb8-4def-a26e-7a40ca6d8c48:group-50E7F8B5B551:LeaderElection75] INFO  server.RaftServerConfigKeys (ConfUtils.java:logGet(43)) - raft.server.watch.timeout.denomination = 1s (default)
2019-09-02 17:29:35,853 [c5cb85f2-5fb8-4def-a26e-7a40ca6d8c48:group-50E7F8B5B551:LeaderElection75] INFO  server.RaftServerConfigKeys (ConfUtils.java:logGet(43)) - raft.server.watch.element-limit = 65536 (default)
2019-09-02 17:29:35,853 [c5cb85f2-5fb8-4def-a26e-7a40ca6d8c48:group-50E7F8B5B551:LeaderElection75] INFO  impl.RoleInfo (RoleInfo.java:updateAndGet(143)) - c5cb85f2-5fb8-4def-a26e-7a40ca6d8c48: start LeaderState
2019-09-02 17:29:35,853 [c5cb85f2-5fb8-4def-a26e-7a40ca6d8c48:group-50E7F8B5B551:LeaderElection75] INFO  segmented.SegmentedRaftLogWorker (SegmentedRaftLogWorker.java:startLogSegment(380)) - c5cb85f2-5fb8-4def-a26e-7a40ca6d8c48-SegmentedRaftLogWorker:Storage Directory /workdir/hadoop-ozone/integration-test/target/test-dir/MiniOzoneClusterImpl-e559f1c9-459e-4782-a5d5-306a0def869d/datanode-5/data/ratis/ae915236-427e-4c92-a98b-50e7f8b5b551: Starting segment from index:0
2019-09-02 17:29:35,854 [c5cb85f2-5fb8-4def-a26e-7a40ca6d8c48:group-50E7F8B5B551:LeaderElection75] INFO  impl.RaftServerImpl (ServerState.java:setRaftConf(361)) - c5cb85f2-5fb8-4def-a26e-7a40ca6d8c48:group-50E7F8B5B551 set configuration 0: [c5cb85f2-5fb8-4def-a26e-7a40ca6d8c48:192.168.36.108:40980], old=null at 0
2019-09-02 17:29:35,910 [9826e914-fbfc-44b9-9062-42de28e9045f-SegmentedRaftLogWorker:Storage Directory /workdir/hadoop-ozone/integration-test/target/test-dir/MiniOzoneClusterImpl-e559f1c9-459e-4782-a5d5-306a0def869d/datanode-1/data/ratis/6f7bf7c1-ab1a-4875-b001-50af6e24b2b3] INFO  segmented.SegmentedRaftLogWorker (SegmentedRaftLogWorker.java:execute(569)) - 9826e914-fbfc-44b9-9062-42de28e9045f-SegmentedRaftLogWorker:Storage Directory /workdir/hadoop-ozone/integration-test/target/test-dir/MiniOzoneClusterImpl-e559f1c9-459e-4782-a5d5-306a0def869d/datanode-1/data/ratis/6f7bf7c1-ab1a-4875-b001-50af6e24b2b3: created new log segment /workdir/hadoop-ozone/integration-test/target/test-dir/MiniOzoneClusterImpl-e559f1c9-459e-4782-a5d5-306a0def869d/datanode-1/data/ratis/6f7bf7c1-ab1a-4875-b001-50af6e24b2b3/current/log_inprogress_0
2019-09-02 17:29:35,910 [58181834-ae2d-4234-b7b5-7f7cdd8a2cb8-SegmentedRaftLogWorker:Storage Directory /workdir/hadoop-ozone/integration-test/target/test-dir/MiniOzoneClusterImpl-e559f1c9-459e-4782-a5d5-306a0def869d/datanode-0/data/ratis/6f7bf7c1-ab1a-4875-b001-50af6e24b2b3] INFO  segmented.SegmentedRaftLogWorker (SegmentedRaftLogWorker.java:execute(569)) - 58181834-ae2d-4234-b7b5-7f7cdd8a2cb8-SegmentedRaftLogWorker:Storage Directory /workdir/hadoop-ozone/integration-test/target/test-dir/MiniOzoneClusterImpl-e559f1c9-459e-4782-a5d5-306a0def869d/datanode-0/data/ratis/6f7bf7c1-ab1a-4875-b001-50af6e24b2b3: created new log segment /workdir/hadoop-ozone/integration-test/target/test-dir/MiniOzoneClusterImpl-e559f1c9-459e-4782-a5d5-306a0def869d/datanode-0/data/ratis/6f7bf7c1-ab1a-4875-b001-50af6e24b2b3/current/log_inprogress_0
2019-09-02 17:29:35,910 [c5cb85f2-5fb8-4def-a26e-7a40ca6d8c48-SegmentedRaftLogWorker:Storage Directory /workdir/hadoop-ozone/integration-test/target/test-dir/MiniOzoneClusterImpl-e559f1c9-459e-4782-a5d5-306a0def869d/datanode-5/data/ratis/ae915236-427e-4c92-a98b-50e7f8b5b551] INFO  segmented.SegmentedRaftLogWorker (SegmentedRaftLogWorker.java:execute(569)) - c5cb85f2-5fb8-4def-a26e-7a40ca6d8c48-SegmentedRaftLogWorker:Storage Directory /workdir/hadoop-ozone/integration-test/target/test-dir/MiniOzoneClusterImpl-e559f1c9-459e-4782-a5d5-306a0def869d/datanode-5/data/ratis/ae915236-427e-4c92-a98b-50e7f8b5b551: created new log segment /workdir/hadoop-ozone/integration-test/target/test-dir/MiniOzoneClusterImpl-e559f1c9-459e-4782-a5d5-306a0def869d/datanode-5/data/ratis/ae915236-427e-4c92-a98b-50e7f8b5b551/current/log_inprogress_0
2019-09-02 17:29:35,946 [Thread-3595] INFO  impl.FollowerState (FollowerState.java:run(106)) - 08cdee05-7543-4b36-9019-d7315469c5c6:group-913FA3E43E9A changes to CANDIDATE, lastRpcTime:5099, electionTimeout:5099ms
2019-09-02 17:29:35,946 [Thread-3595] INFO  impl.RoleInfo (RoleInfo.java:shutdownFollowerState(121)) - 08cdee05-7543-4b36-9019-d7315469c5c6: shutdown FollowerState
2019-09-02 17:29:35,946 [Thread-3595] INFO  impl.RaftServerImpl (RaftServerImpl.java:setRole(171)) - 08cdee05-7543-4b36-9019-d7315469c5c6:group-913FA3E43E9A changes role from FOLLOWER to CANDIDATE at term 0 for changeToCandidate
2019-09-02 17:29:35,946 [Thread-3595] INFO  impl.RoleInfo (RoleInfo.java:updateAndGet(143)) - 08cdee05-7543-4b36-9019-d7315469c5c6: start LeaderElection
2019-09-02 17:29:35,964 [08cdee05-7543-4b36-9019-d7315469c5c6:group-913FA3E43E9A:LeaderElection76] INFO  impl.LeaderElection (LeaderElection.java:askForVotes(181)) - 08cdee05-7543-4b36-9019-d7315469c5c6:group-913FA3E43E9A:LeaderElection76: begin an election at term 1 for -1: [08cdee05-7543-4b36-9019-d7315469c5c6:192.168.36.108:36128], old=null
2019-09-02 17:29:35,964 [08cdee05-7543-4b36-9019-d7315469c5c6:group-913FA3E43E9A:LeaderElection76] INFO  impl.RoleInfo (RoleInfo.java:shutdownLeaderElection(134)) - 08cdee05-7543-4b36-9019-d7315469c5c6: shutdown LeaderElection
2019-09-02 17:29:35,964 [08cdee05-7543-4b36-9019-d7315469c5c6:group-913FA3E43E9A:LeaderElection76] INFO  impl.RaftServerImpl (RaftServerImpl.java:setRole(171)) - 08cdee05-7543-4b36-9019-d7315469c5c6:group-913FA3E43E9A changes role from CANDIDATE to LEADER at term 1 for changeToLeader
2019-09-02 17:29:35,965 [08cdee05-7543-4b36-9019-d7315469c5c6:group-913FA3E43E9A:LeaderElection76] INFO  impl.RaftServerImpl (ServerState.java:setLeader(263)) - 08cdee05-7543-4b36-9019-d7315469c5c6:group-913FA3E43E9A change Leader from null to 08cdee05-7543-4b36-9019-d7315469c5c6 at term 1 for becomeLeader, leader elected after 5136ms
2019-09-02 17:29:35,965 [08cdee05-7543-4b36-9019-d7315469c5c6:group-913FA3E43E9A:LeaderElection76] INFO  server.RaftServerConfigKeys (ConfUtils.java:logGet(43)) - raft.server.staging.catchup.gap = 1000 (default)
2019-09-02 17:29:35,965 [08cdee05-7543-4b36-9019-d7315469c5c6:group-913FA3E43E9A:LeaderElection76] INFO  server.RaftServerConfigKeys (ConfUtils.java:logGet(43)) - raft.server.rpc.sleep.time = 25ms (default)
2019-09-02 17:29:35,965 [08cdee05-7543-4b36-9019-d7315469c5c6:group-913FA3E43E9A:LeaderElection76] INFO  server.RaftServerConfigKeys (ConfUtils.java:logGet(43)) - raft.server.write.element-limit = 4096 (default)
2019-09-02 17:29:35,965 [08cdee05-7543-4b36-9019-d7315469c5c6:group-913FA3E43E9A:LeaderElection76] INFO  server.RaftServerConfigKeys (ConfUtils.java:logGet(43)) - raft.server.watch.timeout = 10s (default)
2019-09-02 17:29:35,965 [08cdee05-7543-4b36-9019-d7315469c5c6:group-913FA3E43E9A:LeaderElection76] INFO  server.RaftServerConfigKeys (ConfUtils.java:logGet(43)) - raft.server.watch.timeout.denomination = 1s (default)
2019-09-02 17:29:35,966 [08cdee05-7543-4b36-9019-d7315469c5c6:group-913FA3E43E9A:LeaderElection76] INFO  server.RaftServerConfigKeys (ConfUtils.java:logGet(43)) - raft.server.watch.element-limit = 65536 (default)
2019-09-02 17:29:35,966 [08cdee05-7543-4b36-9019-d7315469c5c6:group-913FA3E43E9A:LeaderElection76] INFO  impl.RoleInfo (RoleInfo.java:updateAndGet(143)) - 08cdee05-7543-4b36-9019-d7315469c5c6: start LeaderState
2019-09-02 17:29:35,966 [08cdee05-7543-4b36-9019-d7315469c5c6:group-913FA3E43E9A:LeaderElection76] INFO  segmented.SegmentedRaftLogWorker (SegmentedRaftLogWorker.java:startLogSegment(380)) - 08cdee05-7543-4b36-9019-d7315469c5c6-SegmentedRaftLogWorker:Storage Directory /workdir/hadoop-ozone/integration-test/target/test-dir/MiniOzoneClusterImpl-e559f1c9-459e-4782-a5d5-306a0def869d/datanode-4/data/ratis/2dee8aa9-259d-4c10-bf18-913fa3e43e9a: Starting segment from index:0
2019-09-02 17:29:35,967 [08cdee05-7543-4b36-9019-d7315469c5c6:group-913FA3E43E9A:LeaderElection76] INFO  impl.RaftServerImpl (ServerState.java:setRaftConf(361)) - 08cdee05-7543-4b36-9019-d7315469c5c6:group-913FA3E43E9A set configuration 0: [08cdee05-7543-4b36-9019-d7315469c5c6:192.168.36.108:36128], old=null at 0
2019-09-02 17:29:36,010 [Thread-3609] INFO  impl.FollowerState (FollowerState.java:run(106)) - 08cdee05-7543-4b36-9019-d7315469c5c6:group-6EF244A9CFC2 changes to CANDIDATE, lastRpcTime:5011, electionTimeout:5000ms
2019-09-02 17:29:36,010 [Thread-3598] INFO  impl.FollowerState (FollowerState.java:run(106)) - 8924c2cc-0b63-491b-a851-2031a6c7a041:group-7600DE9200A6 changes to CANDIDATE, lastRpcTime:5110, electionTimeout:5101ms
2019-09-02 17:29:36,010 [Thread-3609] INFO  impl.RoleInfo (RoleInfo.java:shutdownFollowerState(121)) - 08cdee05-7543-4b36-9019-d7315469c5c6: shutdown FollowerState
2019-09-02 17:29:36,010 [Thread-3598] INFO  impl.RoleInfo (RoleInfo.java:shutdownFollowerState(121)) - 8924c2cc-0b63-491b-a851-2031a6c7a041: shutdown FollowerState
2019-09-02 17:29:36,011 [Thread-3609] INFO  impl.RaftServerImpl (RaftServerImpl.java:setRole(171)) - 08cdee05-7543-4b36-9019-d7315469c5c6:group-6EF244A9CFC2 changes role from FOLLOWER to CANDIDATE at term 0 for changeToCandidate
2019-09-02 17:29:36,011 [Thread-3598] INFO  impl.RaftServerImpl (RaftServerImpl.java:setRole(171)) - 8924c2cc-0b63-491b-a851-2031a6c7a041:group-7600DE9200A6 changes role from FOLLOWER to CANDIDATE at term 0 for changeToCandidate
2019-09-02 17:29:36,011 [Thread-3609] INFO  impl.RoleInfo (RoleInfo.java:updateAndGet(143)) - 08cdee05-7543-4b36-9019-d7315469c5c6: start LeaderElection
2019-09-02 17:29:36,011 [Thread-3598] INFO  impl.RoleInfo (RoleInfo.java:updateAndGet(143)) - 8924c2cc-0b63-491b-a851-2031a6c7a041: start LeaderElection
2019-09-02 17:29:36,023 [08cdee05-7543-4b36-9019-d7315469c5c6-SegmentedRaftLogWorker:Storage Directory /workdir/hadoop-ozone/integration-test/target/test-dir/MiniOzoneClusterImpl-e559f1c9-459e-4782-a5d5-306a0def869d/datanode-4/data/ratis/2dee8aa9-259d-4c10-bf18-913fa3e43e9a] INFO  segmented.SegmentedRaftLogWorker (SegmentedRaftLogWorker.java:execute(569)) - 08cdee05-7543-4b36-9019-d7315469c5c6-SegmentedRaftLogWorker:Storage Directory /workdir/hadoop-ozone/integration-test/target/test-dir/MiniOzoneClusterImpl-e559f1c9-459e-4782-a5d5-306a0def869d/datanode-4/data/ratis/2dee8aa9-259d-4c10-bf18-913fa3e43e9a: created new log segment /workdir/hadoop-ozone/integration-test/target/test-dir/MiniOzoneClusterImpl-e559f1c9-459e-4782-a5d5-306a0def869d/datanode-4/data/ratis/2dee8aa9-259d-4c10-bf18-913fa3e43e9a/current/log_inprogress_0
2019-09-02 17:29:36,024 [08cdee05-7543-4b36-9019-d7315469c5c6:group-6EF244A9CFC2:LeaderElection77] INFO  impl.LeaderElection (LeaderElection.java:askForVotes(181)) - 08cdee05-7543-4b36-9019-d7315469c5c6:group-6EF244A9CFC2:LeaderElection77: begin an election at term 1 for -1: [8924c2cc-0b63-491b-a851-2031a6c7a041:192.168.36.108:43647, c5cb85f2-5fb8-4def-a26e-7a40ca6d8c48:192.168.36.108:40980, 08cdee05-7543-4b36-9019-d7315469c5c6:192.168.36.108:36128], old=null
2019-09-02 17:29:36,025 [8924c2cc-0b63-491b-a851-2031a6c7a041:group-7600DE9200A6:LeaderElection78] INFO  impl.LeaderElection (LeaderElection.java:askForVotes(181)) - 8924c2cc-0b63-491b-a851-2031a6c7a041:group-7600DE9200A6:LeaderElection78: begin an election at term 1 for -1: [8924c2cc-0b63-491b-a851-2031a6c7a041:192.168.36.108:43647], old=null
2019-09-02 17:29:36,025 [8924c2cc-0b63-491b-a851-2031a6c7a041:group-7600DE9200A6:LeaderElection78] INFO  impl.RoleInfo (RoleInfo.java:shutdownLeaderElection(134)) - 8924c2cc-0b63-491b-a851-2031a6c7a041: shutdown LeaderElection
2019-09-02 17:29:36,025 [8924c2cc-0b63-491b-a851-2031a6c7a041:group-7600DE9200A6:LeaderElection78] INFO  impl.RaftServerImpl (RaftServerImpl.java:setRole(171)) - 8924c2cc-0b63-491b-a851-2031a6c7a041:group-7600DE9200A6 changes role from CANDIDATE to LEADER at term 1 for changeToLeader
2019-09-02 17:29:36,025 [8924c2cc-0b63-491b-a851-2031a6c7a041:group-7600DE9200A6:LeaderElection78] INFO  impl.RaftServerImpl (ServerState.java:setLeader(263)) - 8924c2cc-0b63-491b-a851-2031a6c7a041:group-7600DE9200A6 change Leader from null to 8924c2cc-0b63-491b-a851-2031a6c7a041 at term 1 for becomeLeader, leader elected after 5129ms
2019-09-02 17:29:36,026 [8924c2cc-0b63-491b-a851-2031a6c7a041:group-7600DE9200A6:LeaderElection78] INFO  server.RaftServerConfigKeys (ConfUtils.java:logGet(43)) - raft.server.staging.catchup.gap = 1000 (default)
2019-09-02 17:29:36,026 [8924c2cc-0b63-491b-a851-2031a6c7a041:group-7600DE9200A6:LeaderElection78] INFO  server.RaftServerConfigKeys (ConfUtils.java:logGet(43)) - raft.server.rpc.sleep.time = 25ms (default)
2019-09-02 17:29:36,026 [8924c2cc-0b63-491b-a851-2031a6c7a041:group-7600DE9200A6:LeaderElection78] INFO  server.RaftServerConfigKeys (ConfUtils.java:logGet(43)) - raft.server.write.element-limit = 4096 (default)
2019-09-02 17:29:36,026 [8924c2cc-0b63-491b-a851-2031a6c7a041:group-7600DE9200A6:LeaderElection78] INFO  server.RaftServerConfigKeys (ConfUtils.java:logGet(43)) - raft.server.watch.timeout = 10s (default)
2019-09-02 17:29:36,026 [8924c2cc-0b63-491b-a851-2031a6c7a041:group-7600DE9200A6:LeaderElection78] INFO  server.RaftServerConfigKeys (ConfUtils.java:logGet(43)) - raft.server.watch.timeout.denomination = 1s (default)
2019-09-02 17:29:36,026 [8924c2cc-0b63-491b-a851-2031a6c7a041:group-7600DE9200A6:LeaderElection78] INFO  server.RaftServerConfigKeys (ConfUtils.java:logGet(43)) - raft.server.watch.element-limit = 65536 (default)
2019-09-02 17:29:36,027 [8924c2cc-0b63-491b-a851-2031a6c7a041:group-7600DE9200A6:LeaderElection78] INFO  impl.RoleInfo (RoleInfo.java:updateAndGet(143)) - 8924c2cc-0b63-491b-a851-2031a6c7a041: start LeaderState
2019-09-02 17:29:36,027 [8924c2cc-0b63-491b-a851-2031a6c7a041:group-7600DE9200A6:LeaderElection78] INFO  segmented.SegmentedRaftLogWorker (SegmentedRaftLogWorker.java:startLogSegment(380)) - 8924c2cc-0b63-491b-a851-2031a6c7a041-SegmentedRaftLogWorker:Storage Directory /workdir/hadoop-ozone/integration-test/target/test-dir/MiniOzoneClusterImpl-e559f1c9-459e-4782-a5d5-306a0def869d/datanode-6/data/ratis/c096e807-013f-457f-bbca-7600de9200a6: Starting segment from index:0
2019-09-02 17:29:36,028 [8924c2cc-0b63-491b-a851-2031a6c7a041:group-7600DE9200A6:LeaderElection78] INFO  impl.RaftServerImpl (ServerState.java:setRaftConf(361)) - 8924c2cc-0b63-491b-a851-2031a6c7a041:group-7600DE9200A6 set configuration 0: [8924c2cc-0b63-491b-a851-2031a6c7a041:192.168.36.108:43647], old=null at 0
2019-09-02 17:29:36,067 [Thread-3604] INFO  impl.FollowerState (FollowerState.java:run(106)) - 8924c2cc-0b63-491b-a851-2031a6c7a041:group-6EF244A9CFC2 changes to CANDIDATE, lastRpcTime:5072, electionTimeout:5067ms
2019-09-02 17:29:36,067 [Thread-3607] INFO  impl.FollowerState (FollowerState.java:run(106)) - c5cb85f2-5fb8-4def-a26e-7a40ca6d8c48:group-6EF244A9CFC2 changes to CANDIDATE, lastRpcTime:5069, electionTimeout:5052ms
2019-09-02 17:29:36,067 [Thread-3604] INFO  impl.RoleInfo (RoleInfo.java:shutdownFollowerState(121)) - 8924c2cc-0b63-491b-a851-2031a6c7a041: shutdown FollowerState
2019-09-02 17:29:36,067 [Thread-3607] INFO  impl.RoleInfo (RoleInfo.java:shutdownFollowerState(121)) - c5cb85f2-5fb8-4def-a26e-7a40ca6d8c48: shutdown FollowerState
2019-09-02 17:29:36,067 [Thread-3604] INFO  impl.RaftServerImpl (RaftServerImpl.java:setRole(171)) - 8924c2cc-0b63-491b-a851-2031a6c7a041:group-6EF244A9CFC2 changes role from FOLLOWER to CANDIDATE at term 0 for changeToCandidate
2019-09-02 17:29:36,067 [Thread-3607] INFO  impl.RaftServerImpl (RaftServerImpl.java:setRole(171)) - c5cb85f2-5fb8-4def-a26e-7a40ca6d8c48:group-6EF244A9CFC2 changes role from FOLLOWER to CANDIDATE at term 0 for changeToCandidate
2019-09-02 17:29:36,067 [Thread-3604] INFO  impl.RoleInfo (RoleInfo.java:updateAndGet(143)) - 8924c2cc-0b63-491b-a851-2031a6c7a041: start LeaderElection
2019-09-02 17:29:36,067 [Thread-3607] INFO  impl.RoleInfo (RoleInfo.java:updateAndGet(143)) - c5cb85f2-5fb8-4def-a26e-7a40ca6d8c48: start LeaderElection
2019-09-02 17:29:36,076 [Thread-3601] INFO  impl.FollowerState (FollowerState.java:run(106)) - 30722616-804a-4c33-9e8d-7555c917aefe:group-C312E09245D2 changes to CANDIDATE, lastRpcTime:5133, electionTimeout:5133ms
2019-09-02 17:29:36,077 [Thread-3601] INFO  impl.RoleInfo (RoleInfo.java:shutdownFollowerState(121)) - 30722616-804a-4c33-9e8d-7555c917aefe: shutdown FollowerState
2019-09-02 17:29:36,077 [Thread-3601] INFO  impl.RaftServerImpl (RaftServerImpl.java:setRole(171)) - 30722616-804a-4c33-9e8d-7555c917aefe:group-C312E09245D2 changes role from FOLLOWER to CANDIDATE at term 0 for changeToCandidate
2019-09-02 17:29:36,077 [Thread-3601] INFO  impl.RoleInfo (RoleInfo.java:updateAndGet(143)) - 30722616-804a-4c33-9e8d-7555c917aefe: start LeaderElection
2019-09-02 17:29:36,082 [8924c2cc-0b63-491b-a851-2031a6c7a041-SegmentedRaftLogWorker:Storage Directory /workdir/hadoop-ozone/integration-test/target/test-dir/MiniOzoneClusterImpl-e559f1c9-459e-4782-a5d5-306a0def869d/datanode-6/data/ratis/c096e807-013f-457f-bbca-7600de9200a6] INFO  segmented.SegmentedRaftLogWorker (SegmentedRaftLogWorker.java:execute(569)) - 8924c2cc-0b63-491b-a851-2031a6c7a041-SegmentedRaftLogWorker:Storage Directory /workdir/hadoop-ozone/integration-test/target/test-dir/MiniOzoneClusterImpl-e559f1c9-459e-4782-a5d5-306a0def869d/datanode-6/data/ratis/c096e807-013f-457f-bbca-7600de9200a6: created new log segment /workdir/hadoop-ozone/integration-test/target/test-dir/MiniOzoneClusterImpl-e559f1c9-459e-4782-a5d5-306a0def869d/datanode-6/data/ratis/c096e807-013f-457f-bbca-7600de9200a6/current/log_inprogress_0
2019-09-02 17:29:36,082 [8924c2cc-0b63-491b-a851-2031a6c7a041:group-6EF244A9CFC2:LeaderElection79] INFO  impl.LeaderElection (LeaderElection.java:askForVotes(181)) - 8924c2cc-0b63-491b-a851-2031a6c7a041:group-6EF244A9CFC2:LeaderElection79: begin an election at term 1 for -1: [8924c2cc-0b63-491b-a851-2031a6c7a041:192.168.36.108:43647, c5cb85f2-5fb8-4def-a26e-7a40ca6d8c48:192.168.36.108:40980, 08cdee05-7543-4b36-9019-d7315469c5c6:192.168.36.108:36128], old=null
2019-09-02 17:29:36,082 [c5cb85f2-5fb8-4def-a26e-7a40ca6d8c48:group-6EF244A9CFC2:LeaderElection80] INFO  impl.LeaderElection (LeaderElection.java:askForVotes(181)) - c5cb85f2-5fb8-4def-a26e-7a40ca6d8c48:group-6EF244A9CFC2:LeaderElection80: begin an election at term 1 for -1: [8924c2cc-0b63-491b-a851-2031a6c7a041:192.168.36.108:43647, c5cb85f2-5fb8-4def-a26e-7a40ca6d8c48:192.168.36.108:40980, 08cdee05-7543-4b36-9019-d7315469c5c6:192.168.36.108:36128], old=null
2019-09-02 17:29:36,083 [08cdee05-7543-4b36-9019-d7315469c5c6:group-6EF244A9CFC2:LeaderElection77] INFO  impl.LeaderElection (LeaderElection.java:logAndReturn(56)) - 08cdee05-7543-4b36-9019-d7315469c5c6:group-6EF244A9CFC2:LeaderElection77: Election REJECTED; received 2 response(s) [08cdee05-7543-4b36-9019-d7315469c5c6<-8924c2cc-0b63-491b-a851-2031a6c7a041#0:FAIL-t1, 08cdee05-7543-4b36-9019-d7315469c5c6<-c5cb85f2-5fb8-4def-a26e-7a40ca6d8c48#0:FAIL-t1] and 0 exception(s); 08cdee05-7543-4b36-9019-d7315469c5c6:t1, leader=null, voted=08cdee05-7543-4b36-9019-d7315469c5c6, raftlog=08cdee05-7543-4b36-9019-d7315469c5c6-SegmentedRaftLog:OPENED:c-1,f-1,i0, conf=-1: [8924c2cc-0b63-491b-a851-2031a6c7a041:192.168.36.108:43647, c5cb85f2-5fb8-4def-a26e-7a40ca6d8c48:192.168.36.108:40980, 08cdee05-7543-4b36-9019-d7315469c5c6:192.168.36.108:36128], old=null
2019-09-02 17:29:36,083 [08cdee05-7543-4b36-9019-d7315469c5c6:group-6EF244A9CFC2:LeaderElection77] INFO  impl.RaftServerImpl (RaftServerImpl.java:setRole(171)) - 08cdee05-7543-4b36-9019-d7315469c5c6:group-6EF244A9CFC2 changes role from CANDIDATE to FOLLOWER at term 1 for DISCOVERED_A_NEW_TERM
2019-09-02 17:29:36,084 [08cdee05-7543-4b36-9019-d7315469c5c6:group-6EF244A9CFC2:LeaderElection77] INFO  impl.RoleInfo (RoleInfo.java:shutdownLeaderElection(134)) - 08cdee05-7543-4b36-9019-d7315469c5c6: shutdown LeaderElection
2019-09-02 17:29:36,084 [08cdee05-7543-4b36-9019-d7315469c5c6:group-6EF244A9CFC2:LeaderElection77] INFO  impl.RoleInfo (RoleInfo.java:updateAndGet(143)) - 08cdee05-7543-4b36-9019-d7315469c5c6: start FollowerState
2019-09-02 17:29:36,089 [grpc-default-executor-5] INFO  client.GrpcClientProtocolClient (GrpcClientProtocolClient.java:onNext(255)) - client-FC8215091030->08cdee05-7543-4b36-9019-d7315469c5c6: receive RaftClientReply:client-FC8215091030->08cdee05-7543-4b36-9019-d7315469c5c6@group-6EF244A9CFC2, cid=182, FAILED org.apache.ratis.protocol.NotLeaderException: Server 08cdee05-7543-4b36-9019-d7315469c5c6 is not the leader (null). Request must be sent to leader., logIndex=0, commits[08cdee05-7543-4b36-9019-d7315469c5c6:c-1]
2019-09-02 17:29:36,093 [8924c2cc-0b63-491b-a851-2031a6c7a041:group-6EF244A9CFC2:LeaderElection79] INFO  impl.LeaderElection (LeaderElection.java:logAndReturn(56)) - 8924c2cc-0b63-491b-a851-2031a6c7a041:group-6EF244A9CFC2:LeaderElection79: Election REJECTED; received 2 response(s) [8924c2cc-0b63-491b-a851-2031a6c7a041<-c5cb85f2-5fb8-4def-a26e-7a40ca6d8c48#0:FAIL-t1, 8924c2cc-0b63-491b-a851-2031a6c7a041<-08cdee05-7543-4b36-9019-d7315469c5c6#0:FAIL-t1] and 0 exception(s); 8924c2cc-0b63-491b-a851-2031a6c7a041:t1, leader=null, voted=8924c2cc-0b63-491b-a851-2031a6c7a041, raftlog=8924c2cc-0b63-491b-a851-2031a6c7a041-SegmentedRaftLog:OPENED:c-1,f-1,i0, conf=-1: [8924c2cc-0b63-491b-a851-2031a6c7a041:192.168.36.108:43647, c5cb85f2-5fb8-4def-a26e-7a40ca6d8c48:192.168.36.108:40980, 08cdee05-7543-4b36-9019-d7315469c5c6:192.168.36.108:36128], old=null
2019-09-02 17:29:36,093 [8924c2cc-0b63-491b-a851-2031a6c7a041:group-6EF244A9CFC2:LeaderElection79] INFO  impl.RaftServerImpl (RaftServerImpl.java:setRole(171)) - 8924c2cc-0b63-491b-a851-2031a6c7a041:group-6EF244A9CFC2 changes role from CANDIDATE to FOLLOWER at term 1 for DISCOVERED_A_NEW_TERM
2019-09-02 17:29:36,093 [8924c2cc-0b63-491b-a851-2031a6c7a041:group-6EF244A9CFC2:LeaderElection79] INFO  impl.RoleInfo (RoleInfo.java:shutdownLeaderElection(134)) - 8924c2cc-0b63-491b-a851-2031a6c7a041: shutdown LeaderElection
2019-09-02 17:29:36,093 [c5cb85f2-5fb8-4def-a26e-7a40ca6d8c48:group-6EF244A9CFC2:LeaderElection80] INFO  impl.LeaderElection (LeaderElection.java:logAndReturn(56)) - c5cb85f2-5fb8-4def-a26e-7a40ca6d8c48:group-6EF244A9CFC2:LeaderElection80: Election REJECTED; received 2 response(s) [c5cb85f2-5fb8-4def-a26e-7a40ca6d8c48<-8924c2cc-0b63-491b-a851-2031a6c7a041#0:FAIL-t1, c5cb85f2-5fb8-4def-a26e-7a40ca6d8c48<-08cdee05-7543-4b36-9019-d7315469c5c6#0:FAIL-t1] and 0 exception(s); c5cb85f2-5fb8-4def-a26e-7a40ca6d8c48:t1, leader=null, voted=c5cb85f2-5fb8-4def-a26e-7a40ca6d8c48, raftlog=c5cb85f2-5fb8-4def-a26e-7a40ca6d8c48-SegmentedRaftLog:OPENED:c-1,f-1,i0, conf=-1: [8924c2cc-0b63-491b-a851-2031a6c7a041:192.168.36.108:43647, c5cb85f2-5fb8-4def-a26e-7a40ca6d8c48:192.168.36.108:40980, 08cdee05-7543-4b36-9019-d7315469c5c6:192.168.36.108:36128], old=null
2019-09-02 17:29:36,093 [8924c2cc-0b63-491b-a851-2031a6c7a041:group-6EF244A9CFC2:LeaderElection79] INFO  impl.RoleInfo (RoleInfo.java:updateAndGet(143)) - 8924c2cc-0b63-491b-a851-2031a6c7a041: start FollowerState
2019-09-02 17:29:36,093 [c5cb85f2-5fb8-4def-a26e-7a40ca6d8c48:group-6EF244A9CFC2:LeaderElection80] INFO  impl.RaftServerImpl (RaftServerImpl.java:setRole(171)) - c5cb85f2-5fb8-4def-a26e-7a40ca6d8c48:group-6EF244A9CFC2 changes role from CANDIDATE to FOLLOWER at term 1 for DISCOVERED_A_NEW_TERM
2019-09-02 17:29:36,094 [c5cb85f2-5fb8-4def-a26e-7a40ca6d8c48:group-6EF244A9CFC2:LeaderElection80] INFO  impl.RoleInfo (RoleInfo.java:shutdownLeaderElection(134)) - c5cb85f2-5fb8-4def-a26e-7a40ca6d8c48: shutdown LeaderElection
2019-09-02 17:29:36,094 [c5cb85f2-5fb8-4def-a26e-7a40ca6d8c48:group-6EF244A9CFC2:LeaderElection80] INFO  impl.RoleInfo (RoleInfo.java:updateAndGet(143)) - c5cb85f2-5fb8-4def-a26e-7a40ca6d8c48: start FollowerState
2019-09-02 17:29:36,096 [30722616-804a-4c33-9e8d-7555c917aefe:group-C312E09245D2:LeaderElection81] INFO  impl.LeaderElection (LeaderElection.java:askForVotes(181)) - 30722616-804a-4c33-9e8d-7555c917aefe:group-C312E09245D2:LeaderElection81: begin an election at term 1 for -1: [30722616-804a-4c33-9e8d-7555c917aefe:192.168.36.108:38735], old=null
2019-09-02 17:29:36,096 [30722616-804a-4c33-9e8d-7555c917aefe:group-C312E09245D2:LeaderElection81] INFO  impl.RoleInfo (RoleInfo.java:shutdownLeaderElection(134)) - 30722616-804a-4c33-9e8d-7555c917aefe: shutdown LeaderElection
2019-09-02 17:29:36,096 [30722616-804a-4c33-9e8d-7555c917aefe:group-C312E09245D2:LeaderElection81] INFO  impl.RaftServerImpl (RaftServerImpl.java:setRole(171)) - 30722616-804a-4c33-9e8d-7555c917aefe:group-C312E09245D2 changes role from CANDIDATE to LEADER at term 1 for changeToLeader
2019-09-02 17:29:36,096 [30722616-804a-4c33-9e8d-7555c917aefe:group-C312E09245D2:LeaderElection81] INFO  impl.RaftServerImpl (ServerState.java:setLeader(263)) - 30722616-804a-4c33-9e8d-7555c917aefe:group-C312E09245D2 change Leader from null to 30722616-804a-4c33-9e8d-7555c917aefe at term 1 for becomeLeader, leader elected after 5156ms
2019-09-02 17:29:36,096 [30722616-804a-4c33-9e8d-7555c917aefe:group-C312E09245D2:LeaderElection81] INFO  server.RaftServerConfigKeys (ConfUtils.java:logGet(43)) - raft.server.staging.catchup.gap = 1000 (default)
2019-09-02 17:29:36,097 [30722616-804a-4c33-9e8d-7555c917aefe:group-C312E09245D2:LeaderElection81] INFO  server.RaftServerConfigKeys (ConfUtils.java:logGet(43)) - raft.server.rpc.sleep.time = 25ms (default)
2019-09-02 17:29:36,097 [30722616-804a-4c33-9e8d-7555c917aefe:group-C312E09245D2:LeaderElection81] INFO  server.RaftServerConfigKeys (ConfUtils.java:logGet(43)) - raft.server.write.element-limit = 4096 (default)
2019-09-02 17:29:36,097 [30722616-804a-4c33-9e8d-7555c917aefe:group-C312E09245D2:LeaderElection81] INFO  server.RaftServerConfigKeys (ConfUtils.java:logGet(43)) - raft.server.watch.timeout = 10s (default)
2019-09-02 17:29:36,097 [30722616-804a-4c33-9e8d-7555c917aefe:group-C312E09245D2:LeaderElection81] INFO  server.RaftServerConfigKeys (ConfUtils.java:logGet(43)) - raft.server.watch.timeout.denomination = 1s (default)
2019-09-02 17:29:36,097 [30722616-804a-4c33-9e8d-7555c917aefe:group-C312E09245D2:LeaderElection81] INFO  server.RaftServerConfigKeys (ConfUtils.java:logGet(43)) - raft.server.watch.element-limit = 65536 (default)
2019-09-02 17:29:36,097 [30722616-804a-4c33-9e8d-7555c917aefe:group-C312E09245D2:LeaderElection81] INFO  impl.RoleInfo (RoleInfo.java:updateAndGet(143)) - 30722616-804a-4c33-9e8d-7555c917aefe: start LeaderState
2019-09-02 17:29:36,097 [30722616-804a-4c33-9e8d-7555c917aefe:group-C312E09245D2:LeaderElection81] INFO  segmented.SegmentedRaftLogWorker (SegmentedRaftLogWorker.java:startLogSegment(380)) - 30722616-804a-4c33-9e8d-7555c917aefe-SegmentedRaftLogWorker:Storage Directory /workdir/hadoop-ozone/integration-test/target/test-dir/MiniOzoneClusterImpl-e559f1c9-459e-4782-a5d5-306a0def869d/datanode-3/data/ratis/986f3ec6-3508-4b4d-912b-c312e09245d2: Starting segment from index:0
2019-09-02 17:29:36,098 [30722616-804a-4c33-9e8d-7555c917aefe:group-C312E09245D2:LeaderElection81] INFO  impl.RaftServerImpl (ServerState.java:setRaftConf(361)) - 30722616-804a-4c33-9e8d-7555c917aefe:group-C312E09245D2 set configuration 0: [30722616-804a-4c33-9e8d-7555c917aefe:192.168.36.108:38735], old=null at 0
2019-09-02 17:29:36,150 [30722616-804a-4c33-9e8d-7555c917aefe-SegmentedRaftLogWorker:Storage Directory /workdir/hadoop-ozone/integration-test/target/test-dir/MiniOzoneClusterImpl-e559f1c9-459e-4782-a5d5-306a0def869d/datanode-3/data/ratis/986f3ec6-3508-4b4d-912b-c312e09245d2] INFO  segmented.SegmentedRaftLogWorker (SegmentedRaftLogWorker.java:execute(569)) - 30722616-804a-4c33-9e8d-7555c917aefe-SegmentedRaftLogWorker:Storage Directory /workdir/hadoop-ozone/integration-test/target/test-dir/MiniOzoneClusterImpl-e559f1c9-459e-4782-a5d5-306a0def869d/datanode-3/data/ratis/986f3ec6-3508-4b4d-912b-c312e09245d2: created new log segment /workdir/hadoop-ozone/integration-test/target/test-dir/MiniOzoneClusterImpl-e559f1c9-459e-4782-a5d5-306a0def869d/datanode-3/data/ratis/986f3ec6-3508-4b4d-912b-c312e09245d2/current/log_inprogress_0
2019-09-02 17:29:37,099 [grpc-default-executor-8] INFO  client.GrpcClientProtocolClient (GrpcClientProtocolClient.java:onNext(255)) - client-FC8215091030->c5cb85f2-5fb8-4def-a26e-7a40ca6d8c48: receive RaftClientReply:client-FC8215091030->c5cb85f2-5fb8-4def-a26e-7a40ca6d8c48@group-6EF244A9CFC2, cid=182, FAILED org.apache.ratis.protocol.NotLeaderException: Server c5cb85f2-5fb8-4def-a26e-7a40ca6d8c48 is not the leader (null). Request must be sent to leader., logIndex=0, commits[c5cb85f2-5fb8-4def-a26e-7a40ca6d8c48:c-1]
2019-09-02 17:29:38,108 [grpc-default-executor-11] INFO  client.GrpcClientProtocolClient (GrpcClientProtocolClient.java:onNext(255)) - client-FC8215091030->08cdee05-7543-4b36-9019-d7315469c5c6: receive RaftClientReply:client-FC8215091030->08cdee05-7543-4b36-9019-d7315469c5c6@group-6EF244A9CFC2, cid=182, FAILED org.apache.ratis.protocol.NotLeaderException: Server 08cdee05-7543-4b36-9019-d7315469c5c6 is not the leader (null). Request must be sent to leader., logIndex=0, commits[08cdee05-7543-4b36-9019-d7315469c5c6:c-1]
2019-09-02 17:29:39,119 [grpc-default-executor-11] INFO  client.GrpcClientProtocolClient (GrpcClientProtocolClient.java:onNext(255)) - client-FC8215091030->8924c2cc-0b63-491b-a851-2031a6c7a041: receive RaftClientReply:client-FC8215091030->8924c2cc-0b63-491b-a851-2031a6c7a041@group-6EF244A9CFC2, cid=182, FAILED org.apache.ratis.protocol.NotLeaderException: Server 8924c2cc-0b63-491b-a851-2031a6c7a041 is not the leader (null). Request must be sent to leader., logIndex=0, commits[8924c2cc-0b63-491b-a851-2031a6c7a041:c-1]
2019-09-02 17:29:40,130 [grpc-default-executor-8] INFO  client.GrpcClientProtocolClient (GrpcClientProtocolClient.java:onNext(255)) - client-FC8215091030->c5cb85f2-5fb8-4def-a26e-7a40ca6d8c48: receive RaftClientReply:client-FC8215091030->c5cb85f2-5fb8-4def-a26e-7a40ca6d8c48@group-6EF244A9CFC2, cid=182, FAILED org.apache.ratis.protocol.NotLeaderException: Server c5cb85f2-5fb8-4def-a26e-7a40ca6d8c48 is not the leader (null). Request must be sent to leader., logIndex=0, commits[c5cb85f2-5fb8-4def-a26e-7a40ca6d8c48:c-1]
2019-09-02 17:29:41,125 [Thread-3671] INFO  impl.FollowerState (FollowerState.java:run(106)) - 8924c2cc-0b63-491b-a851-2031a6c7a041:group-6EF244A9CFC2 changes to CANDIDATE, lastRpcTime:5031, electionTimeout:5031ms
2019-09-02 17:29:41,125 [Thread-3671] INFO  impl.RoleInfo (RoleInfo.java:shutdownFollowerState(121)) - 8924c2cc-0b63-491b-a851-2031a6c7a041: shutdown FollowerState
2019-09-02 17:29:41,125 [Thread-3671] INFO  impl.RaftServerImpl (RaftServerImpl.java:setRole(171)) - 8924c2cc-0b63-491b-a851-2031a6c7a041:group-6EF244A9CFC2 changes role from FOLLOWER to CANDIDATE at term 1 for changeToCandidate
2019-09-02 17:29:41,126 [Thread-3671] INFO  impl.RoleInfo (RoleInfo.java:updateAndGet(143)) - 8924c2cc-0b63-491b-a851-2031a6c7a041: start LeaderElection
2019-09-02 17:29:41,137 [grpc-default-executor-8] INFO  client.GrpcClientProtocolClient (GrpcClientProtocolClient.java:onNext(255)) - client-FC8215091030->8924c2cc-0b63-491b-a851-2031a6c7a041: receive RaftClientReply:client-FC8215091030->8924c2cc-0b63-491b-a851-2031a6c7a041@group-6EF244A9CFC2, cid=182, FAILED org.apache.ratis.protocol.NotLeaderException: Server 8924c2cc-0b63-491b-a851-2031a6c7a041 is not the leader (null). Request must be sent to leader., logIndex=0, commits[8924c2cc-0b63-491b-a851-2031a6c7a041:c-1]
2019-09-02 17:29:41,142 [8924c2cc-0b63-491b-a851-2031a6c7a041:group-6EF244A9CFC2:LeaderElection82] INFO  impl.LeaderElection (LeaderElection.java:askForVotes(181)) - 8924c2cc-0b63-491b-a851-2031a6c7a041:group-6EF244A9CFC2:LeaderElection82: begin an election at term 2 for -1: [8924c2cc-0b63-491b-a851-2031a6c7a041:192.168.36.108:43647, c5cb85f2-5fb8-4def-a26e-7a40ca6d8c48:192.168.36.108:40980, 08cdee05-7543-4b36-9019-d7315469c5c6:192.168.36.108:36128], old=null
2019-09-02 17:29:41,145 [grpc-default-executor-11] INFO  impl.RaftServerImpl (RaftServerImpl.java:setRole(171)) - c5cb85f2-5fb8-4def-a26e-7a40ca6d8c48:group-6EF244A9CFC2 changes role from FOLLOWER to FOLLOWER at term 2 for recognizeCandidate:8924c2cc-0b63-491b-a851-2031a6c7a041
2019-09-02 17:29:41,145 [grpc-default-executor-8] INFO  impl.RaftServerImpl (RaftServerImpl.java:setRole(171)) - 08cdee05-7543-4b36-9019-d7315469c5c6:group-6EF244A9CFC2 changes role from FOLLOWER to FOLLOWER at term 2 for recognizeCandidate:8924c2cc-0b63-491b-a851-2031a6c7a041
2019-09-02 17:29:41,145 [grpc-default-executor-11] INFO  impl.RoleInfo (RoleInfo.java:shutdownFollowerState(121)) - c5cb85f2-5fb8-4def-a26e-7a40ca6d8c48: shutdown FollowerState
2019-09-02 17:29:41,145 [grpc-default-executor-8] INFO  impl.RoleInfo (RoleInfo.java:shutdownFollowerState(121)) - 08cdee05-7543-4b36-9019-d7315469c5c6: shutdown FollowerState
2019-09-02 17:29:41,145 [grpc-default-executor-11] INFO  impl.RoleInfo (RoleInfo.java:updateAndGet(143)) - c5cb85f2-5fb8-4def-a26e-7a40ca6d8c48: start FollowerState
2019-09-02 17:29:41,146 [Thread-3669] INFO  impl.FollowerState (FollowerState.java:run(114)) - 08cdee05-7543-4b36-9019-d7315469c5c6: FollowerState was interrupted: java.lang.InterruptedException: sleep interrupted
2019-09-02 17:29:41,145 [Thread-3672] INFO  impl.FollowerState (FollowerState.java:run(114)) - c5cb85f2-5fb8-4def-a26e-7a40ca6d8c48: FollowerState was interrupted: java.lang.InterruptedException: sleep interrupted
2019-09-02 17:29:41,145 [grpc-default-executor-8] INFO  impl.RoleInfo (RoleInfo.java:updateAndGet(143)) - 08cdee05-7543-4b36-9019-d7315469c5c6: start FollowerState
2019-09-02 17:29:41,164 [8924c2cc-0b63-491b-a851-2031a6c7a041:group-6EF244A9CFC2:LeaderElection82] INFO  impl.LeaderElection (LeaderElection.java:logAndReturn(56)) - 8924c2cc-0b63-491b-a851-2031a6c7a041:group-6EF244A9CFC2:LeaderElection82: Election PASSED; received 1 response(s) [8924c2cc-0b63-491b-a851-2031a6c7a041<-08cdee05-7543-4b36-9019-d7315469c5c6#0:OK-t2] and 0 exception(s); 8924c2cc-0b63-491b-a851-2031a6c7a041:t2, leader=null, voted=8924c2cc-0b63-491b-a851-2031a6c7a041, raftlog=8924c2cc-0b63-491b-a851-2031a6c7a041-SegmentedRaftLog:OPENED:c-1,f-1,i0, conf=-1: [8924c2cc-0b63-491b-a851-2031a6c7a041:192.168.36.108:43647, c5cb85f2-5fb8-4def-a26e-7a40ca6d8c48:192.168.36.108:40980, 08cdee05-7543-4b36-9019-d7315469c5c6:192.168.36.108:36128], old=null
2019-09-02 17:29:41,164 [8924c2cc-0b63-491b-a851-2031a6c7a041:group-6EF244A9CFC2:LeaderElection82] INFO  impl.RoleInfo (RoleInfo.java:shutdownLeaderElection(134)) - 8924c2cc-0b63-491b-a851-2031a6c7a041: shutdown LeaderElection
2019-09-02 17:29:41,164 [8924c2cc-0b63-491b-a851-2031a6c7a041:group-6EF244A9CFC2:LeaderElection82] INFO  impl.RaftServerImpl (RaftServerImpl.java:setRole(171)) - 8924c2cc-0b63-491b-a851-2031a6c7a041:group-6EF244A9CFC2 changes role from CANDIDATE to LEADER at term 2 for changeToLeader
2019-09-02 17:29:41,164 [8924c2cc-0b63-491b-a851-2031a6c7a041:group-6EF244A9CFC2:LeaderElection82] INFO  impl.RaftServerImpl (ServerState.java:setLeader(263)) - 8924c2cc-0b63-491b-a851-2031a6c7a041:group-6EF244A9CFC2 change Leader from null to 8924c2cc-0b63-491b-a851-2031a6c7a041 at term 2 for becomeLeader, leader elected after 10177ms
2019-09-02 17:29:41,164 [8924c2cc-0b63-491b-a851-2031a6c7a041:group-6EF244A9CFC2:LeaderElection82] INFO  server.RaftServerConfigKeys (ConfUtils.java:logGet(43)) - raft.server.staging.catchup.gap = 1000 (default)
2019-09-02 17:29:41,164 [8924c2cc-0b63-491b-a851-2031a6c7a041:group-6EF244A9CFC2:LeaderElection82] INFO  server.RaftServerConfigKeys (ConfUtils.java:logGet(43)) - raft.server.rpc.sleep.time = 25ms (default)
2019-09-02 17:29:41,165 [8924c2cc-0b63-491b-a851-2031a6c7a041:group-6EF244A9CFC2:LeaderElection82] INFO  server.RaftServerConfigKeys (ConfUtils.java:logGet(43)) - raft.server.write.element-limit = 4096 (default)
2019-09-02 17:29:41,165 [8924c2cc-0b63-491b-a851-2031a6c7a041:group-6EF244A9CFC2:LeaderElection82] INFO  server.RaftServerConfigKeys (ConfUtils.java:logGet(43)) - raft.server.watch.timeout = 10s (default)
2019-09-02 17:29:41,165 [8924c2cc-0b63-491b-a851-2031a6c7a041:group-6EF244A9CFC2:LeaderElection82] INFO  server.RaftServerConfigKeys (ConfUtils.java:logGet(43)) - raft.server.watch.timeout.denomination = 1s (default)
2019-09-02 17:29:41,165 [8924c2cc-0b63-491b-a851-2031a6c7a041:group-6EF244A9CFC2:LeaderElection82] INFO  server.RaftServerConfigKeys (ConfUtils.java:logGet(43)) - raft.server.watch.element-limit = 65536 (default)
2019-09-02 17:29:41,165 [8924c2cc-0b63-491b-a851-2031a6c7a041:group-6EF244A9CFC2:LeaderElection82] INFO  server.RaftServerConfigKeys (ConfUtils.java:logGet(43)) - raft.server.log.appender.snapshot.chunk.size.max = 16MB (=16777216) (default)
2019-09-02 17:29:41,165 [8924c2cc-0b63-491b-a851-2031a6c7a041:group-6EF244A9CFC2:LeaderElection82] INFO  server.RaftServerConfigKeys (ConfUtils.java:logGet(43)) - raft.server.log.appender.buffer.byte-limit = 33554432 (custom)
2019-09-02 17:29:41,166 [8924c2cc-0b63-491b-a851-2031a6c7a041:group-6EF244A9CFC2:LeaderElection82] INFO  server.RaftServerConfigKeys (ConfUtils.java:logGet(43)) - raft.server.log.appender.buffer.element-limit = 1 (custom)
2019-09-02 17:29:41,166 [8924c2cc-0b63-491b-a851-2031a6c7a041:group-6EF244A9CFC2:LeaderElection82] INFO  grpc.GrpcConfigKeys$Server (ConfUtils.java:logGet(43)) - raft.grpc.server.leader.outstanding.appends.max = 128 (default)
2019-09-02 17:29:41,166 [8924c2cc-0b63-491b-a851-2031a6c7a041:group-6EF244A9CFC2:LeaderElection82] INFO  server.RaftServerConfigKeys (ConfUtils.java:logGet(43)) - raft.server.rpc.request.timeout = 3000ms (default)
2019-09-02 17:29:41,166 [8924c2cc-0b63-491b-a851-2031a6c7a041:group-6EF244A9CFC2:LeaderElection82] INFO  server.RaftServerConfigKeys (ConfUtils.java:logGet(43)) - raft.server.log.appender.install.snapshot.enabled = false (custom)
2019-09-02 17:29:41,166 [8924c2cc-0b63-491b-a851-2031a6c7a041:group-6EF244A9CFC2:LeaderElection82] INFO  server.RaftServerConfigKeys (ConfUtils.java:logGet(43)) - raft.server.log.appender.snapshot.chunk.size.max = 16MB (=16777216) (default)
2019-09-02 17:29:41,167 [8924c2cc-0b63-491b-a851-2031a6c7a041:group-6EF244A9CFC2:LeaderElection82] INFO  server.RaftServerConfigKeys (ConfUtils.java:logGet(43)) - raft.server.log.appender.buffer.byte-limit = 33554432 (custom)
2019-09-02 17:29:41,167 [8924c2cc-0b63-491b-a851-2031a6c7a041:group-6EF244A9CFC2:LeaderElection82] INFO  server.RaftServerConfigKeys (ConfUtils.java:logGet(43)) - raft.server.log.appender.buffer.element-limit = 1 (custom)
2019-09-02 17:29:41,167 [8924c2cc-0b63-491b-a851-2031a6c7a041:group-6EF244A9CFC2:LeaderElection82] INFO  grpc.GrpcConfigKeys$Server (ConfUtils.java:logGet(43)) - raft.grpc.server.leader.outstanding.appends.max = 128 (default)
2019-09-02 17:29:41,167 [8924c2cc-0b63-491b-a851-2031a6c7a041:group-6EF244A9CFC2:LeaderElection82] INFO  server.RaftServerConfigKeys (ConfUtils.java:logGet(43)) - raft.server.rpc.request.timeout = 3000ms (default)
2019-09-02 17:29:41,167 [8924c2cc-0b63-491b-a851-2031a6c7a041:group-6EF244A9CFC2:LeaderElection82] INFO  server.RaftServerConfigKeys (ConfUtils.java:logGet(43)) - raft.server.log.appender.install.snapshot.enabled = false (custom)
2019-09-02 17:29:41,168 [8924c2cc-0b63-491b-a851-2031a6c7a041:group-6EF244A9CFC2:LeaderElection82] INFO  impl.RoleInfo (RoleInfo.java:updateAndGet(143)) - 8924c2cc-0b63-491b-a851-2031a6c7a041: start LeaderState
2019-09-02 17:29:41,168 [8924c2cc-0b63-491b-a851-2031a6c7a041:group-6EF244A9CFC2:LeaderElection82] INFO  segmented.SegmentedRaftLogWorker (SegmentedRaftLogWorker.java:startLogSegment(380)) - 8924c2cc-0b63-491b-a851-2031a6c7a041-SegmentedRaftLogWorker:Storage Directory /workdir/hadoop-ozone/integration-test/target/test-dir/MiniOzoneClusterImpl-e559f1c9-459e-4782-a5d5-306a0def869d/datanode-6/data/ratis/7ec1fdbc-7106-4c1e-bf8c-6ef244a9cfc2: Starting segment from index:0
2019-09-02 17:29:41,169 [8924c2cc-0b63-491b-a851-2031a6c7a041:group-6EF244A9CFC2:LeaderElection82] INFO  impl.RaftServerImpl (ServerState.java:setRaftConf(361)) - 8924c2cc-0b63-491b-a851-2031a6c7a041:group-6EF244A9CFC2 set configuration 0: [8924c2cc-0b63-491b-a851-2031a6c7a041:192.168.36.108:43647, c5cb85f2-5fb8-4def-a26e-7a40ca6d8c48:192.168.36.108:40980, 08cdee05-7543-4b36-9019-d7315469c5c6:192.168.36.108:36128], old=null at 0
2019-09-02 17:29:41,170 [grpc-default-executor-11] INFO  impl.RaftServerImpl (ServerState.java:setLeader(263)) - 08cdee05-7543-4b36-9019-d7315469c5c6:group-6EF244A9CFC2 change Leader from null to 8924c2cc-0b63-491b-a851-2031a6c7a041 at term 2 for appendEntries, leader elected after 10182ms
2019-09-02 17:29:41,170 [grpc-default-executor-8] INFO  impl.RaftServerImpl (ServerState.java:setLeader(263)) - c5cb85f2-5fb8-4def-a26e-7a40ca6d8c48:group-6EF244A9CFC2 change Leader from null to 8924c2cc-0b63-491b-a851-2031a6c7a041 at term 2 for appendEntries, leader elected after 10183ms
2019-09-02 17:29:41,173 [grpc-default-executor-8] INFO  impl.RaftServerImpl (ServerState.java:setRaftConf(361)) - 08cdee05-7543-4b36-9019-d7315469c5c6:group-6EF244A9CFC2 set configuration 0: [8924c2cc-0b63-491b-a851-2031a6c7a041:192.168.36.108:43647, c5cb85f2-5fb8-4def-a26e-7a40ca6d8c48:192.168.36.108:40980, 08cdee05-7543-4b36-9019-d7315469c5c6:192.168.36.108:36128], old=null at 0
2019-09-02 17:29:41,173 [grpc-default-executor-11] INFO  impl.RaftServerImpl (ServerState.java:setRaftConf(361)) - c5cb85f2-5fb8-4def-a26e-7a40ca6d8c48:group-6EF244A9CFC2 set configuration 0: [8924c2cc-0b63-491b-a851-2031a6c7a041:192.168.36.108:43647, c5cb85f2-5fb8-4def-a26e-7a40ca6d8c48:192.168.36.108:40980, 08cdee05-7543-4b36-9019-d7315469c5c6:192.168.36.108:36128], old=null at 0
2019-09-02 17:29:41,173 [grpc-default-executor-8] INFO  segmented.SegmentedRaftLogWorker (SegmentedRaftLogWorker.java:startLogSegment(380)) - 08cdee05-7543-4b36-9019-d7315469c5c6-SegmentedRaftLogWorker:Storage Directory /workdir/hadoop-ozone/integration-test/target/test-dir/MiniOzoneClusterImpl-e559f1c9-459e-4782-a5d5-306a0def869d/datanode-4/data/ratis/7ec1fdbc-7106-4c1e-bf8c-6ef244a9cfc2: Starting segment from index:0
2019-09-02 17:29:41,174 [grpc-default-executor-11] INFO  segmented.SegmentedRaftLogWorker (SegmentedRaftLogWorker.java:startLogSegment(380)) - c5cb85f2-5fb8-4def-a26e-7a40ca6d8c48-SegmentedRaftLogWorker:Storage Directory /workdir/hadoop-ozone/integration-test/target/test-dir/MiniOzoneClusterImpl-e559f1c9-459e-4782-a5d5-306a0def869d/datanode-5/data/ratis/7ec1fdbc-7106-4c1e-bf8c-6ef244a9cfc2: Starting segment from index:0
2019-09-02 17:29:41,217 [8924c2cc-0b63-491b-a851-2031a6c7a041-SegmentedRaftLogWorker:Storage Directory /workdir/hadoop-ozone/integration-test/target/test-dir/MiniOzoneClusterImpl-e559f1c9-459e-4782-a5d5-306a0def869d/datanode-6/data/ratis/7ec1fdbc-7106-4c1e-bf8c-6ef244a9cfc2] INFO  segmented.SegmentedRaftLogWorker (SegmentedRaftLogWorker.java:execute(569)) - 8924c2cc-0b63-491b-a851-2031a6c7a041-SegmentedRaftLogWorker:Storage Directory /workdir/hadoop-ozone/integration-test/target/test-dir/MiniOzoneClusterImpl-e559f1c9-459e-4782-a5d5-306a0def869d/datanode-6/data/ratis/7ec1fdbc-7106-4c1e-bf8c-6ef244a9cfc2: created new log segment /workdir/hadoop-ozone/integration-test/target/test-dir/MiniOzoneClusterImpl-e559f1c9-459e-4782-a5d5-306a0def869d/datanode-6/data/ratis/7ec1fdbc-7106-4c1e-bf8c-6ef244a9cfc2/current/log_inprogress_0
2019-09-02 17:29:41,217 [08cdee05-7543-4b36-9019-d7315469c5c6-SegmentedRaftLogWorker:Storage Directory /workdir/hadoop-ozone/integration-test/target/test-dir/MiniOzoneClusterImpl-e559f1c9-459e-4782-a5d5-306a0def869d/datanode-4/data/ratis/7ec1fdbc-7106-4c1e-bf8c-6ef244a9cfc2] INFO  segmented.SegmentedRaftLogWorker (SegmentedRaftLogWorker.java:execute(569)) - 08cdee05-7543-4b36-9019-d7315469c5c6-SegmentedRaftLogWorker:Storage Directory /workdir/hadoop-ozone/integration-test/target/test-dir/MiniOzoneClusterImpl-e559f1c9-459e-4782-a5d5-306a0def869d/datanode-4/data/ratis/7ec1fdbc-7106-4c1e-bf8c-6ef244a9cfc2: created new log segment /workdir/hadoop-ozone/integration-test/target/test-dir/MiniOzoneClusterImpl-e559f1c9-459e-4782-a5d5-306a0def869d/datanode-4/data/ratis/7ec1fdbc-7106-4c1e-bf8c-6ef244a9cfc2/current/log_inprogress_0
2019-09-02 17:29:41,219 [c5cb85f2-5fb8-4def-a26e-7a40ca6d8c48-SegmentedRaftLogWorker:Storage Directory /workdir/hadoop-ozone/integration-test/target/test-dir/MiniOzoneClusterImpl-e559f1c9-459e-4782-a5d5-306a0def869d/datanode-5/data/ratis/7ec1fdbc-7106-4c1e-bf8c-6ef244a9cfc2] INFO  segmented.SegmentedRaftLogWorker (SegmentedRaftLogWorker.java:execute(569)) - c5cb85f2-5fb8-4def-a26e-7a40ca6d8c48-SegmentedRaftLogWorker:Storage Directory /workdir/hadoop-ozone/integration-test/target/test-dir/MiniOzoneClusterImpl-e559f1c9-459e-4782-a5d5-306a0def869d/datanode-5/data/ratis/7ec1fdbc-7106-4c1e-bf8c-6ef244a9cfc2: created new log segment /workdir/hadoop-ozone/integration-test/target/test-dir/MiniOzoneClusterImpl-e559f1c9-459e-4782-a5d5-306a0def869d/datanode-5/data/ratis/7ec1fdbc-7106-4c1e-bf8c-6ef244a9cfc2/current/log_inprogress_0
2019-09-02 17:29:42,146 [grpc-default-executor-11] INFO  client.GrpcClientProtocolClient (GrpcClientProtocolClient.java:onNext(255)) - client-FC8215091030->c5cb85f2-5fb8-4def-a26e-7a40ca6d8c48: receive RaftClientReply:client-FC8215091030->c5cb85f2-5fb8-4def-a26e-7a40ca6d8c48@group-6EF244A9CFC2, cid=182, FAILED org.apache.ratis.protocol.NotLeaderException: Server c5cb85f2-5fb8-4def-a26e-7a40ca6d8c48 is not the leader (8924c2cc-0b63-491b-a851-2031a6c7a041:192.168.36.108:43647). Request must be sent to leader., logIndex=0, commits[c5cb85f2-5fb8-4def-a26e-7a40ca6d8c48:c-1, 8924c2cc-0b63-491b-a851-2031a6c7a041:c-1, 08cdee05-7543-4b36-9019-d7315469c5c6:c-1]
2019-09-02 17:29:42,279 [grpc-default-executor-8] INFO  client.GrpcClientProtocolClient (GrpcClientProtocolClient.java:onNext(255)) - client-FC8215091030->8924c2cc-0b63-491b-a851-2031a6c7a041: receive RaftClientReply:client-FC8215091030->8924c2cc-0b63-491b-a851-2031a6c7a041@group-6EF244A9CFC2, cid=182, SUCCESS, logIndex=1, commits[8924c2cc-0b63-491b-a851-2031a6c7a041:c1, c5cb85f2-5fb8-4def-a26e-7a40ca6d8c48:c0, 08cdee05-7543-4b36-9019-d7315469c5c6:c0]
2019-09-02 17:29:42,303 [grpc-default-executor-8] INFO  client.GrpcClientProtocolClient (GrpcClientProtocolClient.java:onNext(255)) - client-FC8215091030->8924c2cc-0b63-491b-a851-2031a6c7a041: receive RaftClientReply:client-FC8215091030->8924c2cc-0b63-491b-a851-2031a6c7a041@group-6EF244A9CFC2, cid=183, SUCCESS, logIndex=3, commits[8924c2cc-0b63-491b-a851-2031a6c7a041:c4, c5cb85f2-5fb8-4def-a26e-7a40ca6d8c48:c1, 08cdee05-7543-4b36-9019-d7315469c5c6:c1]
2019-09-02 17:29:42,327 [grpc-default-executor-10] INFO  client.GrpcClientProtocolClient (GrpcClientProtocolClient.java:onNext(255)) - client-FC8215091030->8924c2cc-0b63-491b-a851-2031a6c7a041: receive RaftClientReply:client-FC8215091030->8924c2cc-0b63-491b-a851-2031a6c7a041@group-6EF244A9CFC2, cid=184, SUCCESS, logIndex=4, commits[8924c2cc-0b63-491b-a851-2031a6c7a041:c8, c5cb85f2-5fb8-4def-a26e-7a40ca6d8c48:c7, 08cdee05-7543-4b36-9019-d7315469c5c6:c7]
2019-09-02 17:29:42,327 [grpc-default-executor-10] INFO  client.GrpcClientProtocolClient (GrpcClientProtocolClient.java:onNext(255)) - client-FC8215091030->8924c2cc-0b63-491b-a851-2031a6c7a041: receive RaftClientReply:client-FC8215091030->8924c2cc-0b63-491b-a851-2031a6c7a041@group-6EF244A9CFC2, cid=185, SUCCESS, logIndex=5, commits[8924c2cc-0b63-491b-a851-2031a6c7a041:c8, c5cb85f2-5fb8-4def-a26e-7a40ca6d8c48:c7, 08cdee05-7543-4b36-9019-d7315469c5c6:c7]
2019-09-02 17:29:42,328 [grpc-default-executor-10] INFO  client.GrpcClientProtocolClient (GrpcClientProtocolClient.java:onNext(255)) - client-FC8215091030->8924c2cc-0b63-491b-a851-2031a6c7a041: receive RaftClientReply:client-FC8215091030->8924c2cc-0b63-491b-a851-2031a6c7a041@group-6EF244A9CFC2, cid=186, SUCCESS, logIndex=6, commits[8924c2cc-0b63-491b-a851-2031a6c7a041:c8, c5cb85f2-5fb8-4def-a26e-7a40ca6d8c48:c7, 08cdee05-7543-4b36-9019-d7315469c5c6:c7]
2019-09-02 17:29:42,366 [grpc-default-executor-10] INFO  client.GrpcClientProtocolClient (GrpcClientProtocolClient.java:onNext(255)) - client-FC8215091030->8924c2cc-0b63-491b-a851-2031a6c7a041: receive RaftClientReply:client-FC8215091030->8924c2cc-0b63-491b-a851-2031a6c7a041@group-6EF244A9CFC2, cid=187, SUCCESS, logIndex=7, commits[8924c2cc-0b63-491b-a851-2031a6c7a041:c11, c5cb85f2-5fb8-4def-a26e-7a40ca6d8c48:c7, 08cdee05-7543-4b36-9019-d7315469c5c6:c7]
2019-09-02 17:29:42,384 [grpc-default-executor-10] INFO  client.GrpcClientProtocolClient (GrpcClientProtocolClient.java:onNext(255)) - client-FC8215091030->8924c2cc-0b63-491b-a851-2031a6c7a041: receive RaftClientReply:client-FC8215091030->8924c2cc-0b63-491b-a851-2031a6c7a041@group-6EF244A9CFC2, cid=188, SUCCESS, logIndex=12, commits[8924c2cc-0b63-491b-a851-2031a6c7a041:c12, c5cb85f2-5fb8-4def-a26e-7a40ca6d8c48:c11, 08cdee05-7543-4b36-9019-d7315469c5c6:c11]
2019-09-02 17:29:42,389 [grpc-default-executor-10] INFO  client.GrpcClientProtocolClient (GrpcClientProtocolClient.java:onNext(255)) - client-FC8215091030->8924c2cc-0b63-491b-a851-2031a6c7a041: receive RaftClientReply:client-FC8215091030->8924c2cc-0b63-491b-a851-2031a6c7a041@group-6EF244A9CFC2, cid=189, SUCCESS, logIndex=13, commits[8924c2cc-0b63-491b-a851-2031a6c7a041:c15, c5cb85f2-5fb8-4def-a26e-7a40ca6d8c48:c11, 08cdee05-7543-4b36-9019-d7315469c5c6:c11]
2019-09-02 17:29:43,390 [main] WARN  scm.XceiverClientRatis (XceiverClientRatis.java:watchForCommit(262)) - 3 way commit failed on pipeline Pipeline[ Id: 7ec1fdbc-7106-4c1e-bf8c-6ef244a9cfc2, Nodes: c5cb85f2-5fb8-4def-a26e-7a40ca6d8c48{ip: 192.168.36.108, host: pr-hdds-1982-decom-states-scqb7-844612507, networkLocation: /default-rack, certSerialId: null}8924c2cc-0b63-491b-a851-2031a6c7a041{ip: 192.168.36.108, host: pr-hdds-1982-decom-states-scqb7-844612507, networkLocation: /default-rack, certSerialId: null}08cdee05-7543-4b36-9019-d7315469c5c6{ip: 192.168.36.108, host: pr-hdds-1982-decom-states-scqb7-844612507, networkLocation: /default-rack, certSerialId: null}, Type:RATIS, Factor:THREE, State:OPEN]
java.util.concurrent.TimeoutException
	at java.util.concurrent.CompletableFuture.timedGet(CompletableFuture.java:1771)
	at java.util.concurrent.CompletableFuture.get(CompletableFuture.java:1915)
	at org.apache.hadoop.hdds.scm.XceiverClientRatis.watchForCommit(XceiverClientRatis.java:259)
	at org.apache.hadoop.hdds.scm.storage.CommitWatcher.watchForCommit(CommitWatcher.java:194)
	at org.apache.hadoop.hdds.scm.storage.CommitWatcher.watchOnLastIndex(CommitWatcher.java:157)
	at org.apache.hadoop.hdds.scm.storage.BlockOutputStream.watchForCommit(BlockOutputStream.java:347)
	at org.apache.hadoop.hdds.scm.storage.BlockOutputStream.handleFlush(BlockOutputStream.java:479)
	at org.apache.hadoop.hdds.scm.storage.BlockOutputStream.flush(BlockOutputStream.java:428)
	at org.apache.hadoop.ozone.client.io.BlockOutputStreamEntry.flush(BlockOutputStreamEntry.java:136)
	at org.apache.hadoop.ozone.client.io.KeyOutputStream.handleFlushOrClose(KeyOutputStream.java:442)
	at org.apache.hadoop.ozone.client.io.KeyOutputStream.flush(KeyOutputStream.java:396)
	at org.apache.hadoop.ozone.client.io.OzoneOutputStream.flush(OzoneOutputStream.java:54)
	at org.apache.hadoop.ozone.client.rpc.TestBlockOutputStreamWithFailures.testWatchForCommitDatanodeFailure(TestBlockOutputStreamWithFailures.java:330)
	at sun.reflect.NativeMethodAccessorImpl.invoke0(Native Method)
	at sun.reflect.NativeMethodAccessorImpl.invoke(NativeMethodAccessorImpl.java:62)
	at sun.reflect.DelegatingMethodAccessorImpl.invoke(DelegatingMethodAccessorImpl.java:43)
	at java.lang.reflect.Method.invoke(Method.java:498)
	at org.junit.runners.model.FrameworkMethod$1.runReflectiveCall(FrameworkMethod.java:47)
	at org.junit.internal.runners.model.ReflectiveCallable.run(ReflectiveCallable.java:12)
	at org.junit.runners.model.FrameworkMethod.invokeExplosively(FrameworkMethod.java:44)
	at org.junit.internal.runners.statements.InvokeMethod.evaluate(InvokeMethod.java:17)
	at org.junit.internal.runners.statements.RunBefores.evaluate(RunBefores.java:26)
	at org.junit.internal.runners.statements.RunAfters.evaluate(RunAfters.java:27)
	at org.junit.runners.ParentRunner.runLeaf(ParentRunner.java:271)
	at org.junit.runners.BlockJUnit4ClassRunner.runChild(BlockJUnit4ClassRunner.java:70)
	at org.junit.runners.BlockJUnit4ClassRunner.runChild(BlockJUnit4ClassRunner.java:50)
	at org.junit.runners.ParentRunner$3.run(ParentRunner.java:238)
	at org.junit.runners.ParentRunner$1.schedule(ParentRunner.java:63)
	at org.junit.runners.ParentRunner.runChildren(ParentRunner.java:236)
	at org.junit.runners.ParentRunner.access$000(ParentRunner.java:53)
	at org.junit.runners.ParentRunner$2.evaluate(ParentRunner.java:229)
	at org.junit.runners.ParentRunner.run(ParentRunner.java:309)
	at org.apache.maven.surefire.junit4.JUnit4Provider.execute(JUnit4Provider.java:365)
	at org.apache.maven.surefire.junit4.JUnit4Provider.executeWithRerun(JUnit4Provider.java:273)
	at org.apache.maven.surefire.junit4.JUnit4Provider.executeTestSet(JUnit4Provider.java:238)
	at org.apache.maven.surefire.junit4.JUnit4Provider.invoke(JUnit4Provider.java:159)
	at org.apache.maven.surefire.booter.ForkedBooter.invokeProviderInSameClassLoader(ForkedBooter.java:384)
	at org.apache.maven.surefire.booter.ForkedBooter.runSuitesInProcess(ForkedBooter.java:345)
	at org.apache.maven.surefire.booter.ForkedBooter.execute(ForkedBooter.java:126)
	at org.apache.maven.surefire.booter.ForkedBooter.main(ForkedBooter.java:418)
2019-09-02 17:29:44,392 [main] WARN  storage.CommitWatcher (CommitWatcher.java:watchForCommit(203)) - watchForCommit failed for index 13
java.util.concurrent.TimeoutException
	at java.util.concurrent.CompletableFuture.timedGet(CompletableFuture.java:1771)
	at java.util.concurrent.CompletableFuture.get(CompletableFuture.java:1915)
	at org.apache.hadoop.hdds.scm.XceiverClientRatis.watchForCommit(XceiverClientRatis.java:268)
	at org.apache.hadoop.hdds.scm.storage.CommitWatcher.watchForCommit(CommitWatcher.java:194)
	at org.apache.hadoop.hdds.scm.storage.CommitWatcher.watchOnLastIndex(CommitWatcher.java:157)
	at org.apache.hadoop.hdds.scm.storage.BlockOutputStream.watchForCommit(BlockOutputStream.java:347)
	at org.apache.hadoop.hdds.scm.storage.BlockOutputStream.handleFlush(BlockOutputStream.java:479)
	at org.apache.hadoop.hdds.scm.storage.BlockOutputStream.flush(BlockOutputStream.java:428)
	at org.apache.hadoop.ozone.client.io.BlockOutputStreamEntry.flush(BlockOutputStreamEntry.java:136)
	at org.apache.hadoop.ozone.client.io.KeyOutputStream.handleFlushOrClose(KeyOutputStream.java:442)
	at org.apache.hadoop.ozone.client.io.KeyOutputStream.flush(KeyOutputStream.java:396)
	at org.apache.hadoop.ozone.client.io.OzoneOutputStream.flush(OzoneOutputStream.java:54)
	at org.apache.hadoop.ozone.client.rpc.TestBlockOutputStreamWithFailures.testWatchForCommitDatanodeFailure(TestBlockOutputStreamWithFailures.java:330)
	at sun.reflect.NativeMethodAccessorImpl.invoke0(Native Method)
	at sun.reflect.NativeMethodAccessorImpl.invoke(NativeMethodAccessorImpl.java:62)
	at sun.reflect.DelegatingMethodAccessorImpl.invoke(DelegatingMethodAccessorImpl.java:43)
	at java.lang.reflect.Method.invoke(Method.java:498)
	at org.junit.runners.model.FrameworkMethod$1.runReflectiveCall(FrameworkMethod.java:47)
	at org.junit.internal.runners.model.ReflectiveCallable.run(ReflectiveCallable.java:12)
	at org.junit.runners.model.FrameworkMethod.invokeExplosively(FrameworkMethod.java:44)
	at org.junit.internal.runners.statements.InvokeMethod.evaluate(InvokeMethod.java:17)
	at org.junit.internal.runners.statements.RunBefores.evaluate(RunBefores.java:26)
	at org.junit.internal.runners.statements.RunAfters.evaluate(RunAfters.java:27)
	at org.junit.runners.ParentRunner.runLeaf(ParentRunner.java:271)
	at org.junit.runners.BlockJUnit4ClassRunner.runChild(BlockJUnit4ClassRunner.java:70)
	at org.junit.runners.BlockJUnit4ClassRunner.runChild(BlockJUnit4ClassRunner.java:50)
	at org.junit.runners.ParentRunner$3.run(ParentRunner.java:238)
	at org.junit.runners.ParentRunner$1.schedule(ParentRunner.java:63)
	at org.junit.runners.ParentRunner.runChildren(ParentRunner.java:236)
	at org.junit.runners.ParentRunner.access$000(ParentRunner.java:53)
	at org.junit.runners.ParentRunner$2.evaluate(ParentRunner.java:229)
	at org.junit.runners.ParentRunner.run(ParentRunner.java:309)
	at org.apache.maven.surefire.junit4.JUnit4Provider.execute(JUnit4Provider.java:365)
	at org.apache.maven.surefire.junit4.JUnit4Provider.executeWithRerun(JUnit4Provider.java:273)
	at org.apache.maven.surefire.junit4.JUnit4Provider.executeTestSet(JUnit4Provider.java:238)
	at org.apache.maven.surefire.junit4.JUnit4Provider.invoke(JUnit4Provider.java:159)
	at org.apache.maven.surefire.booter.ForkedBooter.invokeProviderInSameClassLoader(ForkedBooter.java:384)
	at org.apache.maven.surefire.booter.ForkedBooter.runSuitesInProcess(ForkedBooter.java:345)
	at org.apache.maven.surefire.booter.ForkedBooter.execute(ForkedBooter.java:126)
	at org.apache.maven.surefire.booter.ForkedBooter.main(ForkedBooter.java:418)
2019-09-02 17:29:44,394 [main] WARN  io.KeyOutputStream (KeyOutputStream.java:handleException(276)) - Encountered exception java.io.IOException: Unexpected Storage Container Exception: java.io.IOException: Unexpected Storage Container Exception: java.util.concurrent.TimeoutException on the pipeline Pipeline[ Id: 7ec1fdbc-7106-4c1e-bf8c-6ef244a9cfc2, Nodes: c5cb85f2-5fb8-4def-a26e-7a40ca6d8c48{ip: 192.168.36.108, host: pr-hdds-1982-decom-states-scqb7-844612507, networkLocation: /default-rack, certSerialId: null}8924c2cc-0b63-491b-a851-2031a6c7a041{ip: 192.168.36.108, host: pr-hdds-1982-decom-states-scqb7-844612507, networkLocation: /default-rack, certSerialId: null}08cdee05-7543-4b36-9019-d7315469c5c6{ip: 192.168.36.108, host: pr-hdds-1982-decom-states-scqb7-844612507, networkLocation: /default-rack, certSerialId: null}, Type:RATIS, Factor:THREE, State:OPEN]. The last committed block length is 400, uncommitted data length is 50 retry count 0
2019-09-02 17:29:44,537 [grpc-default-executor-10] INFO  client.GrpcClientProtocolClient (GrpcClientProtocolClient.java:onNext(255)) - client-2479DF1520B2->a01dd778-3426-48bd-ab61-39edd5ffa8da: receive RaftClientReply:client-2479DF1520B2->a01dd778-3426-48bd-ab61-39edd5ffa8da@group-50AF6E24B2B3, cid=192, SUCCESS, logIndex=1, commits[a01dd778-3426-48bd-ab61-39edd5ffa8da:c1, 9826e914-fbfc-44b9-9062-42de28e9045f:c0, 58181834-ae2d-4234-b7b5-7f7cdd8a2cb8:c0]
2019-09-02 17:29:44,625 [grpc-default-executor-11] INFO  client.GrpcClientProtocolClient (GrpcClientProtocolClient.java:onNext(255)) - client-2479DF1520B2->a01dd778-3426-48bd-ab61-39edd5ffa8da: receive RaftClientReply:client-2479DF1520B2->a01dd778-3426-48bd-ab61-39edd5ffa8da@group-50AF6E24B2B3, cid=193, SUCCESS, logIndex=3, commits[a01dd778-3426-48bd-ab61-39edd5ffa8da:c4, 9826e914-fbfc-44b9-9062-42de28e9045f:c3, 58181834-ae2d-4234-b7b5-7f7cdd8a2cb8:c3]
2019-09-02 17:29:44,626 [main] INFO  ozone.MiniOzoneClusterImpl (MiniOzoneClusterImpl.java:shutdown(307)) - Shutting down the Mini Ozone Cluster
2019-09-02 17:29:44,627 [main] INFO  ozone.MiniOzoneClusterImpl (MiniOzoneClusterImpl.java:stop(322)) - Stopping the Mini Ozone Cluster
2019-09-02 17:29:44,627 [main] INFO  ozone.MiniOzoneClusterImpl (MiniOzoneClusterImpl.java:stop(324)) - Stopping the OzoneManager
2019-09-02 17:29:44,627 [main] INFO  ipc.Server (Server.java:stop(3082)) - Stopping server on 44119
2019-09-02 17:29:44,642 [main] INFO  ratis.OzoneManagerDoubleBuffer (OzoneManagerDoubleBuffer.java:stop(248)) - Stopping OMDoubleBuffer flush thread
2019-09-02 17:29:44,642 [IPC Server Responder] INFO  ipc.Server (Server.java:run(1319)) - Stopping IPC Server Responder
2019-09-02 17:29:44,642 [IPC Server listener on 44119] INFO  ipc.Server (Server.java:run(1185)) - Stopping IPC Server listener on 44119
2019-09-02 17:29:44,650 [OMDoubleBufferFlushThread] INFO  ratis.OzoneManagerDoubleBuffer (OzoneManagerDoubleBuffer.java:flushTransactions(191)) - OMDoubleBuffer flush thread OMDoubleBufferFlushThread is interrupted and will exit. OMDoubleBufferFlushThread
2019-09-02 17:29:44,656 [main] INFO  utils.BackgroundService (BackgroundService.java:shutdown(148)) - Shutting down service KeyDeletingService
2019-09-02 17:29:44,671 [main] INFO  handler.ContextHandler (ContextHandler.java:doStop(910)) - Stopped o.e.j.w.WebAppContext@22f02996{/,null,UNAVAILABLE}{/ozoneManager}
2019-09-02 17:29:44,672 [main] INFO  server.AbstractConnector (AbstractConnector.java:doStop(318)) - Stopped ServerConnector@7c8874ef{HTTP/1.1,[http/1.1]}{0.0.0.0:0}
2019-09-02 17:29:44,672 [main] INFO  handler.ContextHandler (ContextHandler.java:doStop(910)) - Stopped o.e.j.s.ServletContextHandler@2a8dd942{/static,file:///workdir/hadoop-ozone/integration-test/target/test-classes/webapps/static,UNAVAILABLE}
2019-09-02 17:29:44,673 [main] INFO  handler.ContextHandler (ContextHandler.java:doStop(910)) - Stopped o.e.j.s.ServletContextHandler@615efd1c{/logs,file:///workdir/hadoop-ozone/integration-test/target/log,UNAVAILABLE}
2019-09-02 17:29:44,675 [main] INFO  ozone.MiniOzoneClusterImpl (MiniOzoneClusterImpl.java:stop(330)) - Shutting the HddsDatanodes
2019-09-02 17:29:44,888 [grpc-default-executor-11] INFO  client.GrpcClientProtocolClient (GrpcClientProtocolClient.java:onNext(255)) - client-FC8215091030->8924c2cc-0b63-491b-a851-2031a6c7a041: receive RaftClientReply:client-FC8215091030->8924c2cc-0b63-491b-a851-2031a6c7a041@group-6EF244A9CFC2, cid=191, SUCCESS, logIndex=0, commits[8924c2cc-0b63-491b-a851-2031a6c7a041:c15, c5cb85f2-5fb8-4def-a26e-7a40ca6d8c48:c11, 08cdee05-7543-4b36-9019-d7315469c5c6:c15]
2019-09-02 17:29:44,889 [grpc-default-executor-11] INFO  client.GrpcClientProtocolClient (GrpcClientProtocolClient.java:onNext(255)) - client-FC8215091030->8924c2cc-0b63-491b-a851-2031a6c7a041: receive RaftClientReply:client-FC8215091030->8924c2cc-0b63-491b-a851-2031a6c7a041@group-6EF244A9CFC2, cid=190, SUCCESS, logIndex=0, commits[8924c2cc-0b63-491b-a851-2031a6c7a041:c15, c5cb85f2-5fb8-4def-a26e-7a40ca6d8c48:c15, 08cdee05-7543-4b36-9019-d7315469c5c6:c15]
2019-09-02 17:29:45,258 [Datanode State Machine Thread - 0] INFO  statemachine.DatanodeStateMachine (DatanodeStateMachine.java:lambda$startDaemon$0(350)) - Ozone container server started.
2019-09-02 17:29:45,525 [Datanode State Machine Thread - 0] INFO  statemachine.DatanodeStateMachine (DatanodeStateMachine.java:lambda$startDaemon$0(350)) - Ozone container server started.
2019-09-02 17:29:49,357 [EventQueue-StaleNodeForStaleNodeHandler] INFO  node.StaleNodeHandler (StaleNodeHandler.java:onMessage(58)) - Datanode 08cdee05-7543-4b36-9019-d7315469c5c6{ip: 192.168.36.108, host: pr-hdds-1982-decom-states-scqb7-844612507, networkLocation: /default-rack, certSerialId: null} moved to stale state. Finalizing its pipelines [PipelineID=7ec1fdbc-7106-4c1e-bf8c-6ef244a9cfc2, PipelineID=2dee8aa9-259d-4c10-bf18-913fa3e43e9a]
2019-09-02 17:29:49,357 [EventQueue-StaleNodeForStaleNodeHandler] INFO  pipeline.SCMPipelineManager (SCMPipelineManager.java:finalizeAndDestroyPipeline(309)) - destroying pipeline:Pipeline[ Id: 7ec1fdbc-7106-4c1e-bf8c-6ef244a9cfc2, Nodes: c5cb85f2-5fb8-4def-a26e-7a40ca6d8c48{ip: 192.168.36.108, host: pr-hdds-1982-decom-states-scqb7-844612507, networkLocation: /default-rack, certSerialId: null}8924c2cc-0b63-491b-a851-2031a6c7a041{ip: 192.168.36.108, host: pr-hdds-1982-decom-states-scqb7-844612507, networkLocation: /default-rack, certSerialId: null}08cdee05-7543-4b36-9019-d7315469c5c6{ip: 192.168.36.108, host: pr-hdds-1982-decom-states-scqb7-844612507, networkLocation: /default-rack, certSerialId: null}, Type:RATIS, Factor:THREE, State:OPEN]
2019-09-02 17:29:49,358 [EventQueue-StaleNodeForStaleNodeHandler] INFO  pipeline.PipelineStateManager (PipelineStateManager.java:finalizePipeline(123)) - Pipeline Pipeline[ Id: 7ec1fdbc-7106-4c1e-bf8c-6ef244a9cfc2, Nodes: c5cb85f2-5fb8-4def-a26e-7a40ca6d8c48{ip: 192.168.36.108, host: pr-hdds-1982-decom-states-scqb7-844612507, networkLocation: /default-rack, certSerialId: null}8924c2cc-0b63-491b-a851-2031a6c7a041{ip: 192.168.36.108, host: pr-hdds-1982-decom-states-scqb7-844612507, networkLocation: /default-rack, certSerialId: null}08cdee05-7543-4b36-9019-d7315469c5c6{ip: 192.168.36.108, host: pr-hdds-1982-decom-states-scqb7-844612507, networkLocation: /default-rack, certSerialId: null}, Type:RATIS, Factor:THREE, State:CLOSED] moved to CLOSED state
2019-09-02 17:29:49,359 [EventQueue-CloseContainerForCloseContainerEventHandler] INFO  container.CloseContainerEventHandler (CloseContainerEventHandler.java:onMessage(61)) - Close container Event triggered for container : #1
2019-09-02 17:29:49,359 [EventQueue-StaleNodeForStaleNodeHandler] INFO  pipeline.SCMPipelineManager (SCMPipelineManager.java:finalizeAndDestroyPipeline(309)) - destroying pipeline:Pipeline[ Id: 2dee8aa9-259d-4c10-bf18-913fa3e43e9a, Nodes: 08cdee05-7543-4b36-9019-d7315469c5c6{ip: 192.168.36.108, host: pr-hdds-1982-decom-states-scqb7-844612507, networkLocation: /default-rack, certSerialId: null}, Type:RATIS, Factor:ONE, State:OPEN]
2019-09-02 17:29:49,359 [EventQueue-StaleNodeForStaleNodeHandler] INFO  pipeline.PipelineStateManager (PipelineStateManager.java:finalizePipeline(123)) - Pipeline Pipeline[ Id: 2dee8aa9-259d-4c10-bf18-913fa3e43e9a, Nodes: 08cdee05-7543-4b36-9019-d7315469c5c6{ip: 192.168.36.108, host: pr-hdds-1982-decom-states-scqb7-844612507, networkLocation: /default-rack, certSerialId: null}, Type:RATIS, Factor:ONE, State:CLOSED] moved to CLOSED state
2019-09-02 17:29:49,557 [EventQueue-StaleNodeForStaleNodeHandler] INFO  node.StaleNodeHandler (StaleNodeHandler.java:onMessage(58)) - Datanode 9826e914-fbfc-44b9-9062-42de28e9045f{ip: 192.168.36.108, host: pr-hdds-1982-decom-states-scqb7-844612507, networkLocation: /default-rack, certSerialId: null} moved to stale state. Finalizing its pipelines [PipelineID=f6cbbd6e-f5b7-48c5-ab13-7efd4735a8ae, PipelineID=6f7bf7c1-ab1a-4875-b001-50af6e24b2b3]
2019-09-02 17:29:49,558 [EventQueue-StaleNodeForStaleNodeHandler] INFO  pipeline.SCMPipelineManager (SCMPipelineManager.java:finalizeAndDestroyPipeline(309)) - destroying pipeline:Pipeline[ Id: f6cbbd6e-f5b7-48c5-ab13-7efd4735a8ae, Nodes: 9826e914-fbfc-44b9-9062-42de28e9045f{ip: 192.168.36.108, host: pr-hdds-1982-decom-states-scqb7-844612507, networkLocation: /default-rack, certSerialId: null}, Type:RATIS, Factor:ONE, State:OPEN]
2019-09-02 17:29:49,558 [EventQueue-StaleNodeForStaleNodeHandler] INFO  pipeline.PipelineStateManager (PipelineStateManager.java:finalizePipeline(123)) - Pipeline Pipeline[ Id: f6cbbd6e-f5b7-48c5-ab13-7efd4735a8ae, Nodes: 9826e914-fbfc-44b9-9062-42de28e9045f{ip: 192.168.36.108, host: pr-hdds-1982-decom-states-scqb7-844612507, networkLocation: /default-rack, certSerialId: null}, Type:RATIS, Factor:ONE, State:CLOSED] moved to CLOSED state
2019-09-02 17:29:49,558 [EventQueue-StaleNodeForStaleNodeHandler] INFO  pipeline.SCMPipelineManager (SCMPipelineManager.java:finalizeAndDestroyPipeline(309)) - destroying pipeline:Pipeline[ Id: 6f7bf7c1-ab1a-4875-b001-50af6e24b2b3, Nodes: a01dd778-3426-48bd-ab61-39edd5ffa8da{ip: 192.168.36.108, host: pr-hdds-1982-decom-states-scqb7-844612507, networkLocation: /default-rack, certSerialId: null}9826e914-fbfc-44b9-9062-42de28e9045f{ip: 192.168.36.108, host: pr-hdds-1982-decom-states-scqb7-844612507, networkLocation: /default-rack, certSerialId: null}58181834-ae2d-4234-b7b5-7f7cdd8a2cb8{ip: 192.168.36.108, host: pr-hdds-1982-decom-states-scqb7-844612507, networkLocation: /default-rack, certSerialId: null}, Type:RATIS, Factor:THREE, State:OPEN]
2019-09-02 17:29:49,558 [EventQueue-StaleNodeForStaleNodeHandler] INFO  pipeline.PipelineStateManager (PipelineStateManager.java:finalizePipeline(123)) - Pipeline Pipeline[ Id: 6f7bf7c1-ab1a-4875-b001-50af6e24b2b3, Nodes: a01dd778-3426-48bd-ab61-39edd5ffa8da{ip: 192.168.36.108, host: pr-hdds-1982-decom-states-scqb7-844612507, networkLocation: /default-rack, certSerialId: null}9826e914-fbfc-44b9-9062-42de28e9045f{ip: 192.168.36.108, host: pr-hdds-1982-decom-states-scqb7-844612507, networkLocation: /default-rack, certSerialId: null}58181834-ae2d-4234-b7b5-7f7cdd8a2cb8{ip: 192.168.36.108, host: pr-hdds-1982-decom-states-scqb7-844612507, networkLocation: /default-rack, certSerialId: null}, Type:RATIS, Factor:THREE, State:CLOSED] moved to CLOSED state
2019-09-02 17:29:49,559 [EventQueue-CloseContainerForCloseContainerEventHandler] INFO  container.CloseContainerEventHandler (CloseContainerEventHandler.java:onMessage(61)) - Close container Event triggered for container : #2
2019-09-02 17:29:49,676 [ForkJoinPool.commonPool-worker-0] INFO  ozoneimpl.OzoneContainer (OzoneContainer.java:stop(215)) - Attempting to stop container services.
2019-09-02 17:29:49,676 [main] INFO  ozoneimpl.OzoneContainer (OzoneContainer.java:stop(215)) - Attempting to stop container services.
2019-09-02 17:29:49,676 [ForkJoinPool.commonPool-worker-0] INFO  impl.RaftServerProxy (RaftServerProxy.java:lambda$close$4(314)) - 9826e914-fbfc-44b9-9062-42de28e9045f: close
2019-09-02 17:29:49,677 [main] INFO  impl.RaftServerProxy (RaftServerProxy.java:lambda$close$4(314)) - 08cdee05-7543-4b36-9019-d7315469c5c6: close
2019-09-02 17:29:49,677 [ForkJoinPool.commonPool-worker-0] INFO  impl.RaftServerImpl (RaftServerImpl.java:lambda$shutdown$3(245)) - 9826e914-fbfc-44b9-9062-42de28e9045f: shutdown group-7EFD4735A8AE
2019-09-02 17:29:49,677 [main] INFO  impl.RaftServerImpl (RaftServerImpl.java:lambda$shutdown$3(245)) - 08cdee05-7543-4b36-9019-d7315469c5c6: shutdown group-6EF244A9CFC2
2019-09-02 17:29:49,678 [ForkJoinPool.commonPool-worker-0] INFO  util.JmxRegister (JmxRegister.java:unregister(73)) - Successfully un-registered JMX Bean with object name Ratis:service=RaftServer,group=group-7EFD4735A8AE,id=9826e914-fbfc-44b9-9062-42de28e9045f
2019-09-02 17:29:49,678 [main] INFO  util.JmxRegister (JmxRegister.java:unregister(73)) - Successfully un-registered JMX Bean with object name Ratis:service=RaftServer,group=group-6EF244A9CFC2,id=08cdee05-7543-4b36-9019-d7315469c5c6
2019-09-02 17:29:49,678 [ForkJoinPool.commonPool-worker-0] INFO  impl.RoleInfo (RoleInfo.java:shutdownLeaderState(104)) - 9826e914-fbfc-44b9-9062-42de28e9045f: shutdown LeaderState
2019-09-02 17:29:49,679 [main] INFO  impl.RoleInfo (RoleInfo.java:shutdownFollowerState(121)) - 08cdee05-7543-4b36-9019-d7315469c5c6: shutdown FollowerState
2019-09-02 17:29:49,679 [ForkJoinPool.commonPool-worker-0] INFO  impl.PendingRequests (PendingRequests.java:sendNotLeaderResponses(202)) - 9826e914-fbfc-44b9-9062-42de28e9045f-PendingRequests: sendNotLeaderResponses
2019-09-02 17:29:49,682 [Thread-3697] INFO  impl.FollowerState (FollowerState.java:run(114)) - 08cdee05-7543-4b36-9019-d7315469c5c6: FollowerState was interrupted: java.lang.InterruptedException: sleep interrupted
2019-09-02 17:29:49,682 [StateMachineUpdater:08cdee05-7543-4b36-9019-d7315469c5c6:group-6EF244A9CFC2] INFO  ratis.ContainerStateMachine (ContainerStateMachine.java:takeSnapshot(284)) - group-6EF244A9CFC2: Taking a snapshot at:(t:2, i:15) file /workdir/hadoop-ozone/integration-test/target/test-dir/MiniOzoneClusterImpl-e559f1c9-459e-4782-a5d5-306a0def869d/datanode-4/data/ratis/7ec1fdbc-7106-4c1e-bf8c-6ef244a9cfc2/sm/snapshot.2_15
2019-09-02 17:29:49,682 [main] INFO  impl.StateMachineUpdater (StateMachineUpdater.java:stopAndJoin(115)) - StateMachineUpdater:08cdee05-7543-4b36-9019-d7315469c5c6:group-6EF244A9CFC2: set stopIndex = 15
2019-09-02 17:29:49,682 [ForkJoinPool.commonPool-worker-0] INFO  impl.StateMachineUpdater (StateMachineUpdater.java:stopAndJoin(115)) - StateMachineUpdater:9826e914-fbfc-44b9-9062-42de28e9045f:group-7EFD4735A8AE: set stopIndex = 0
2019-09-02 17:29:49,687 [ForkJoinPool.commonPool-worker-0] INFO  impl.RaftServerImpl (ServerState.java:close(394)) - 9826e914-fbfc-44b9-9062-42de28e9045f:group-7EFD4735A8AE closes. The last applied log index is 0
2019-09-02 17:29:49,688 [9826e914-fbfc-44b9-9062-42de28e9045f-SegmentedRaftLogWorker:Storage Directory /workdir/hadoop-ozone/integration-test/target/test-dir/MiniOzoneClusterImpl-e559f1c9-459e-4782-a5d5-306a0def869d/datanode-1/data/ratis/f6cbbd6e-f5b7-48c5-ab13-7efd4735a8ae] INFO  segmented.SegmentedRaftLogWorker (SegmentedRaftLogWorker.java:run(313)) - 9826e914-fbfc-44b9-9062-42de28e9045f-SegmentedRaftLogWorker:Storage Directory /workdir/hadoop-ozone/integration-test/target/test-dir/MiniOzoneClusterImpl-e559f1c9-459e-4782-a5d5-306a0def869d/datanode-1/data/ratis/f6cbbd6e-f5b7-48c5-ab13-7efd4735a8ae was interrupted, exiting. There are 0 tasks remaining in the queue.
2019-09-02 17:29:49,690 [ForkJoinPool.commonPool-worker-0] INFO  segmented.SegmentedRaftLogWorker (SegmentedRaftLogWorker.java:close(228)) - 9826e914-fbfc-44b9-9062-42de28e9045f-SegmentedRaftLogWorker:Storage Directory /workdir/hadoop-ozone/integration-test/target/test-dir/MiniOzoneClusterImpl-e559f1c9-459e-4782-a5d5-306a0def869d/datanode-1/data/ratis/f6cbbd6e-f5b7-48c5-ab13-7efd4735a8ae close()
2019-09-02 17:29:49,695 [ForkJoinPool.commonPool-worker-0] INFO  impl.RaftServerImpl (RaftServerImpl.java:lambda$shutdown$3(245)) - 9826e914-fbfc-44b9-9062-42de28e9045f: shutdown group-50AF6E24B2B3
2019-09-02 17:29:49,695 [ForkJoinPool.commonPool-worker-0] INFO  util.JmxRegister (JmxRegister.java:unregister(73)) - Successfully un-registered JMX Bean with object name Ratis:service=RaftServer,group=group-50AF6E24B2B3,id=9826e914-fbfc-44b9-9062-42de28e9045f
2019-09-02 17:29:49,695 [ForkJoinPool.commonPool-worker-0] INFO  impl.RoleInfo (RoleInfo.java:shutdownFollowerState(121)) - 9826e914-fbfc-44b9-9062-42de28e9045f: shutdown FollowerState
2019-09-02 17:29:49,696 [ForkJoinPool.commonPool-worker-0] INFO  impl.StateMachineUpdater (StateMachineUpdater.java:stopAndJoin(115)) - StateMachineUpdater:9826e914-fbfc-44b9-9062-42de28e9045f:group-50AF6E24B2B3: set stopIndex = 4
2019-09-02 17:29:49,696 [Thread-3641] INFO  impl.FollowerState (FollowerState.java:run(114)) - 9826e914-fbfc-44b9-9062-42de28e9045f: FollowerState was interrupted: java.lang.InterruptedException: sleep interrupted
2019-09-02 17:29:49,696 [StateMachineUpdater:9826e914-fbfc-44b9-9062-42de28e9045f:group-50AF6E24B2B3] INFO  ratis.ContainerStateMachine (ContainerStateMachine.java:takeSnapshot(284)) - group-50AF6E24B2B3: Taking a snapshot at:(t:1, i:3) file /workdir/hadoop-ozone/integration-test/target/test-dir/MiniOzoneClusterImpl-e559f1c9-459e-4782-a5d5-306a0def869d/datanode-1/data/ratis/6f7bf7c1-ab1a-4875-b001-50af6e24b2b3/sm/snapshot.1_3
2019-09-02 17:29:49,702 [StateMachineUpdater:08cdee05-7543-4b36-9019-d7315469c5c6:group-6EF244A9CFC2] INFO  ratis.ContainerStateMachine (ContainerStateMachine.java:takeSnapshot(295)) - group-6EF244A9CFC2: Finished taking a snapshot at:(t:2, i:15) file:/workdir/hadoop-ozone/integration-test/target/test-dir/MiniOzoneClusterImpl-e559f1c9-459e-4782-a5d5-306a0def869d/datanode-4/data/ratis/7ec1fdbc-7106-4c1e-bf8c-6ef244a9cfc2/sm/snapshot.2_15 time:20
2019-09-02 17:29:49,702 [StateMachineUpdater:08cdee05-7543-4b36-9019-d7315469c5c6:group-6EF244A9CFC2] INFO  impl.StateMachineUpdater (StateMachineUpdater.java:takeSnapshot(242)) - StateMachineUpdater:08cdee05-7543-4b36-9019-d7315469c5c6:group-6EF244A9CFC2: Took a snapshot at index 15
2019-09-02 17:29:49,702 [StateMachineUpdater:08cdee05-7543-4b36-9019-d7315469c5c6:group-6EF244A9CFC2] INFO  impl.StateMachineUpdater (StateMachineUpdater.java:lambda$new$0(80)) - StateMachineUpdater:08cdee05-7543-4b36-9019-d7315469c5c6:group-6EF244A9CFC2: snapshotIndex: updateIncreasingly -1 -> 15
2019-09-02 17:29:49,703 [main] INFO  impl.RaftServerImpl (ServerState.java:close(394)) - 08cdee05-7543-4b36-9019-d7315469c5c6:group-6EF244A9CFC2 closes. The last applied log index is 15
2019-09-02 17:29:49,703 [08cdee05-7543-4b36-9019-d7315469c5c6-SegmentedRaftLogWorker:Storage Directory /workdir/hadoop-ozone/integration-test/target/test-dir/MiniOzoneClusterImpl-e559f1c9-459e-4782-a5d5-306a0def869d/datanode-4/data/ratis/7ec1fdbc-7106-4c1e-bf8c-6ef244a9cfc2] INFO  segmented.SegmentedRaftLogWorker (SegmentedRaftLogWorker.java:run(313)) - 08cdee05-7543-4b36-9019-d7315469c5c6-SegmentedRaftLogWorker:Storage Directory /workdir/hadoop-ozone/integration-test/target/test-dir/MiniOzoneClusterImpl-e559f1c9-459e-4782-a5d5-306a0def869d/datanode-4/data/ratis/7ec1fdbc-7106-4c1e-bf8c-6ef244a9cfc2 was interrupted, exiting. There are 0 tasks remaining in the queue.
2019-09-02 17:29:49,705 [StateMachineUpdater:9826e914-fbfc-44b9-9062-42de28e9045f:group-50AF6E24B2B3] INFO  ratis.ContainerStateMachine (ContainerStateMachine.java:takeSnapshot(295)) - group-50AF6E24B2B3: Finished taking a snapshot at:(t:1, i:3) file:/workdir/hadoop-ozone/integration-test/target/test-dir/MiniOzoneClusterImpl-e559f1c9-459e-4782-a5d5-306a0def869d/datanode-1/data/ratis/6f7bf7c1-ab1a-4875-b001-50af6e24b2b3/sm/snapshot.1_3 time:10
2019-09-02 17:29:49,705 [main] INFO  segmented.SegmentedRaftLogWorker (SegmentedRaftLogWorker.java:close(228)) - 08cdee05-7543-4b36-9019-d7315469c5c6-SegmentedRaftLogWorker:Storage Directory /workdir/hadoop-ozone/integration-test/target/test-dir/MiniOzoneClusterImpl-e559f1c9-459e-4782-a5d5-306a0def869d/datanode-4/data/ratis/7ec1fdbc-7106-4c1e-bf8c-6ef244a9cfc2 close()
2019-09-02 17:29:49,706 [StateMachineUpdater:9826e914-fbfc-44b9-9062-42de28e9045f:group-50AF6E24B2B3] INFO  impl.StateMachineUpdater (StateMachineUpdater.java:takeSnapshot(242)) - StateMachineUpdater:9826e914-fbfc-44b9-9062-42de28e9045f:group-50AF6E24B2B3: Took a snapshot at index 3
2019-09-02 17:29:49,710 [main] INFO  impl.RaftServerImpl (RaftServerImpl.java:lambda$shutdown$3(245)) - 08cdee05-7543-4b36-9019-d7315469c5c6: shutdown group-913FA3E43E9A
2019-09-02 17:29:49,710 [StateMachineUpdater:9826e914-fbfc-44b9-9062-42de28e9045f:group-50AF6E24B2B3] INFO  impl.StateMachineUpdater (StateMachineUpdater.java:lambda$new$0(80)) - StateMachineUpdater:9826e914-fbfc-44b9-9062-42de28e9045f:group-50AF6E24B2B3: snapshotIndex: updateIncreasingly -1 -> 3
2019-09-02 17:29:49,710 [main] INFO  util.JmxRegister (JmxRegister.java:unregister(73)) - Successfully un-registered JMX Bean with object name Ratis:service=RaftServer,group=group-913FA3E43E9A,id=08cdee05-7543-4b36-9019-d7315469c5c6
2019-09-02 17:29:49,711 [ForkJoinPool.commonPool-worker-0] INFO  impl.RaftServerImpl (ServerState.java:close(394)) - 9826e914-fbfc-44b9-9062-42de28e9045f:group-50AF6E24B2B3 closes. The last applied log index is 4
2019-09-02 17:29:49,711 [main] INFO  impl.RoleInfo (RoleInfo.java:shutdownLeaderState(104)) - 08cdee05-7543-4b36-9019-d7315469c5c6: shutdown LeaderState
2019-09-02 17:29:49,711 [9826e914-fbfc-44b9-9062-42de28e9045f-SegmentedRaftLogWorker:Storage Directory /workdir/hadoop-ozone/integration-test/target/test-dir/MiniOzoneClusterImpl-e559f1c9-459e-4782-a5d5-306a0def869d/datanode-1/data/ratis/6f7bf7c1-ab1a-4875-b001-50af6e24b2b3] INFO  segmented.SegmentedRaftLogWorker (SegmentedRaftLogWorker.java:run(313)) - 9826e914-fbfc-44b9-9062-42de28e9045f-SegmentedRaftLogWorker:Storage Directory /workdir/hadoop-ozone/integration-test/target/test-dir/MiniOzoneClusterImpl-e559f1c9-459e-4782-a5d5-306a0def869d/datanode-1/data/ratis/6f7bf7c1-ab1a-4875-b001-50af6e24b2b3 was interrupted, exiting. There are 0 tasks remaining in the queue.
2019-09-02 17:29:49,712 [main] INFO  impl.PendingRequests (PendingRequests.java:sendNotLeaderResponses(202)) - 08cdee05-7543-4b36-9019-d7315469c5c6-PendingRequests: sendNotLeaderResponses
2019-09-02 17:29:49,714 [ForkJoinPool.commonPool-worker-0] INFO  segmented.SegmentedRaftLogWorker (SegmentedRaftLogWorker.java:close(228)) - 9826e914-fbfc-44b9-9062-42de28e9045f-SegmentedRaftLogWorker:Storage Directory /workdir/hadoop-ozone/integration-test/target/test-dir/MiniOzoneClusterImpl-e559f1c9-459e-4782-a5d5-306a0def869d/datanode-1/data/ratis/6f7bf7c1-ab1a-4875-b001-50af6e24b2b3 close()
2019-09-02 17:29:49,715 [main] INFO  impl.StateMachineUpdater (StateMachineUpdater.java:stopAndJoin(115)) - StateMachineUpdater:08cdee05-7543-4b36-9019-d7315469c5c6:group-913FA3E43E9A: set stopIndex = 0
2019-09-02 17:29:49,719 [ForkJoinPool.commonPool-worker-0] INFO  server.GrpcService (GrpcService.java:closeImpl(155)) - 9826e914-fbfc-44b9-9062-42de28e9045f: shutdown server with port 46253 now
2019-09-02 17:29:49,719 [main] INFO  impl.RaftServerImpl (ServerState.java:close(394)) - 08cdee05-7543-4b36-9019-d7315469c5c6:group-913FA3E43E9A closes. The last applied log index is 0
2019-09-02 17:29:49,720 [08cdee05-7543-4b36-9019-d7315469c5c6-SegmentedRaftLogWorker:Storage Directory /workdir/hadoop-ozone/integration-test/target/test-dir/MiniOzoneClusterImpl-e559f1c9-459e-4782-a5d5-306a0def869d/datanode-4/data/ratis/2dee8aa9-259d-4c10-bf18-913fa3e43e9a] INFO  segmented.SegmentedRaftLogWorker (SegmentedRaftLogWorker.java:run(313)) - 08cdee05-7543-4b36-9019-d7315469c5c6-SegmentedRaftLogWorker:Storage Directory /workdir/hadoop-ozone/integration-test/target/test-dir/MiniOzoneClusterImpl-e559f1c9-459e-4782-a5d5-306a0def869d/datanode-4/data/ratis/2dee8aa9-259d-4c10-bf18-913fa3e43e9a was interrupted, exiting. There are 0 tasks remaining in the queue.
2019-09-02 17:29:49,722 [main] INFO  segmented.SegmentedRaftLogWorker (SegmentedRaftLogWorker.java:close(228)) - 08cdee05-7543-4b36-9019-d7315469c5c6-SegmentedRaftLogWorker:Storage Directory /workdir/hadoop-ozone/integration-test/target/test-dir/MiniOzoneClusterImpl-e559f1c9-459e-4782-a5d5-306a0def869d/datanode-4/data/ratis/2dee8aa9-259d-4c10-bf18-913fa3e43e9a close()
2019-09-02 17:29:49,723 [ForkJoinPool.commonPool-worker-0] INFO  server.GrpcService (GrpcService.java:closeImpl(163)) - 9826e914-fbfc-44b9-9062-42de28e9045f: shutdown server with port 46253 successfully
2019-09-02 17:29:49,726 [main] INFO  server.GrpcService (GrpcService.java:closeImpl(155)) - 08cdee05-7543-4b36-9019-d7315469c5c6: shutdown server with port 36128 now
2019-09-02 17:29:49,723 [grpc-default-executor-10] WARN  server.GrpcServerProtocolService (LogUtils.java:warn(134)) - 9826e914-fbfc-44b9-9062-42de28e9045f: appendEntries onError: org.apache.ratis.thirdparty.io.grpc.StatusRuntimeException: CANCELLED: cancelled before receiving half close
2019-09-02 17:29:49,727 [grpc-default-executor-8] WARN  server.GrpcLogAppender (LogUtils.java:warn(134)) - a01dd778-3426-48bd-ab61-39edd5ffa8da->9826e914-fbfc-44b9-9062-42de28e9045f: Failed appendEntries: org.apache.ratis.thirdparty.io.grpc.StatusRuntimeException: CANCELLED: HTTP/2 error code: CANCEL
Received Rst Stream
2019-09-02 17:29:49,728 [main] INFO  server.GrpcService (GrpcService.java:closeImpl(163)) - 08cdee05-7543-4b36-9019-d7315469c5c6: shutdown server with port 36128 successfully
2019-09-02 17:29:49,727 [grpc-default-executor-5] WARN  server.GrpcServerProtocolService (LogUtils.java:warn(134)) - 08cdee05-7543-4b36-9019-d7315469c5c6: appendEntries onError: org.apache.ratis.thirdparty.io.grpc.StatusRuntimeException: CANCELLED: cancelled before receiving half close
2019-09-02 17:29:49,728 [grpc-default-executor-8] INFO  impl.FollowerInfo (FollowerInfo.java:lambda$new$0(50)) - a01dd778-3426-48bd-ab61-39edd5ffa8da->9826e914-fbfc-44b9-9062-42de28e9045f: nextIndex: updateUnconditionally 5 -> 4
2019-09-02 17:29:49,728 [grpc-default-executor-11] WARN  server.GrpcLogAppender (LogUtils.java:warn(134)) - 8924c2cc-0b63-491b-a851-2031a6c7a041->08cdee05-7543-4b36-9019-d7315469c5c6: Failed appendEntries: org.apache.ratis.thirdparty.io.grpc.StatusRuntimeException: CANCELLED: HTTP/2 error code: CANCEL
Received Rst Stream
2019-09-02 17:29:49,729 [grpc-default-executor-11] INFO  impl.FollowerInfo (FollowerInfo.java:lambda$new$0(50)) - 8924c2cc-0b63-491b-a851-2031a6c7a041->08cdee05-7543-4b36-9019-d7315469c5c6: nextIndex: updateUnconditionally 16 -> 15
2019-09-02 17:29:49,729 [refreshUsed-/workdir/hadoop-ozone/integration-test/target/test-dir/MiniOzoneClusterImpl-e559f1c9-459e-4782-a5d5-306a0def869d/datanode-1/data/containers] WARN  fs.CachingGetSpaceUsed (CachingGetSpaceUsed.java:run(183)) - Thread Interrupted waiting to refresh disk information: sleep interrupted
2019-09-02 17:29:49,732 [refreshUsed-/workdir/hadoop-ozone/integration-test/target/test-dir/MiniOzoneClusterImpl-e559f1c9-459e-4782-a5d5-306a0def869d/datanode-4/data/containers] WARN  fs.CachingGetSpaceUsed (CachingGetSpaceUsed.java:run(183)) - Thread Interrupted waiting to refresh disk information: sleep interrupted
2019-09-02 17:29:49,759 [ForkJoinPool.commonPool-worker-0] INFO  utils.BackgroundService (BackgroundService.java:shutdown(148)) - Shutting down service BlockDeletingService
2019-09-02 17:29:49,759 [main] INFO  utils.BackgroundService (BackgroundService.java:shutdown(148)) - Shutting down service BlockDeletingService
2019-09-02 17:29:49,768 [ForkJoinPool.commonPool-worker-0] INFO  statemachine.DatanodeStateMachine (DatanodeStateMachine.java:stopDaemon(395)) - Ozone container server stopped.
2019-09-02 17:29:49,768 [main] INFO  statemachine.DatanodeStateMachine (DatanodeStateMachine.java:stopDaemon(395)) - Ozone container server stopped.
2019-09-02 17:29:49,774 [ForkJoinPool.commonPool-worker-0] INFO  handler.ContextHandler (ContextHandler.java:doStop(910)) - Stopped o.e.j.w.WebAppContext@7d0cd23c{/,null,UNAVAILABLE}{/hddsDatanode}
2019-09-02 17:29:49,774 [main] INFO  handler.ContextHandler (ContextHandler.java:doStop(910)) - Stopped o.e.j.w.WebAppContext@39c87b42{/,null,UNAVAILABLE}{/hddsDatanode}
2019-09-02 17:29:49,775 [ForkJoinPool.commonPool-worker-0] INFO  server.AbstractConnector (AbstractConnector.java:doStop(318)) - Stopped ServerConnector@17c4dc5b{HTTP/1.1,[http/1.1]}{0.0.0.0:0}
2019-09-02 17:29:49,777 [main] INFO  server.AbstractConnector (AbstractConnector.java:doStop(318)) - Stopped ServerConnector@47fcefb3{HTTP/1.1,[http/1.1]}{0.0.0.0:0}
2019-09-02 17:29:49,777 [ForkJoinPool.commonPool-worker-0] INFO  handler.ContextHandler (ContextHandler.java:doStop(910)) - Stopped o.e.j.s.ServletContextHandler@bbb6f0{/static,jar:file:/home/user/.m2/repository/org/apache/hadoop/hadoop-hdds-container-service/0.5.0-SNAPSHOT/hadoop-hdds-container-service-0.5.0-SNAPSHOT.jar!/webapps/static,UNAVAILABLE}
2019-09-02 17:29:49,777 [main] INFO  handler.ContextHandler (ContextHandler.java:doStop(910)) - Stopped o.e.j.s.ServletContextHandler@78d73b1b{/static,jar:file:/home/user/.m2/repository/org/apache/hadoop/hadoop-hdds-container-service/0.5.0-SNAPSHOT/hadoop-hdds-container-service-0.5.0-SNAPSHOT.jar!/webapps/static,UNAVAILABLE}
2019-09-02 17:29:49,779 [ForkJoinPool.commonPool-worker-0] INFO  handler.ContextHandler (ContextHandler.java:doStop(910)) - Stopped o.e.j.s.ServletContextHandler@4ffced4e{/logs,file:///workdir/hadoop-ozone/integration-test/target/log,UNAVAILABLE}
2019-09-02 17:29:49,779 [main] INFO  handler.ContextHandler (ContextHandler.java:doStop(910)) - Stopped o.e.j.s.ServletContextHandler@2997ddfc{/logs,file:///workdir/hadoop-ozone/integration-test/target/log,UNAVAILABLE}
2019-09-02 17:29:49,888 [grpc-default-executor-11] WARN  server.GrpcLogAppender (LogUtils.java:warn(134)) - 8924c2cc-0b63-491b-a851-2031a6c7a041->08cdee05-7543-4b36-9019-d7315469c5c6: Failed appendEntries: org.apache.ratis.thirdparty.io.grpc.StatusRuntimeException: UNAVAILABLE: io exception
2019-09-02 17:29:49,888 [grpc-default-executor-11] INFO  impl.FollowerInfo (FollowerInfo.java:lambda$new$0(50)) - 8924c2cc-0b63-491b-a851-2031a6c7a041->08cdee05-7543-4b36-9019-d7315469c5c6: nextIndex: updateUnconditionally 15 -> 14
2019-09-02 17:29:50,525 [Datanode State Machine Thread - 0] INFO  statemachine.DatanodeStateMachine (DatanodeStateMachine.java:lambda$startDaemon$0(350)) - Ozone container server started.
2019-09-02 17:29:50,593 [Datanode State Machine Thread - 0] INFO  statemachine.DatanodeStateMachine (DatanodeStateMachine.java:lambda$startDaemon$0(350)) - Ozone container server started.
2019-09-02 17:29:51,278 [grpc-default-executor-5] WARN  server.GrpcLogAppender (LogUtils.java:warn(134)) - 8924c2cc-0b63-491b-a851-2031a6c7a041->08cdee05-7543-4b36-9019-d7315469c5c6: Failed appendEntries: org.apache.ratis.thirdparty.io.grpc.StatusRuntimeException: UNAVAILABLE: io exception
2019-09-02 17:29:51,278 [grpc-default-executor-5] INFO  impl.FollowerInfo (FollowerInfo.java:lambda$new$0(50)) - 8924c2cc-0b63-491b-a851-2031a6c7a041->08cdee05-7543-4b36-9019-d7315469c5c6: nextIndex: updateUnconditionally 15 -> 14
2019-09-02 17:29:51,291 [grpc-default-executor-11] WARN  server.GrpcLogAppender (LogUtils.java:warn(134)) - 8924c2cc-0b63-491b-a851-2031a6c7a041->08cdee05-7543-4b36-9019-d7315469c5c6: Failed appendEntries: org.apache.ratis.thirdparty.io.grpc.StatusRuntimeException: UNAVAILABLE: io exception
2019-09-02 17:29:51,291 [grpc-default-executor-11] INFO  impl.FollowerInfo (FollowerInfo.java:lambda$new$0(50)) - 8924c2cc-0b63-491b-a851-2031a6c7a041->08cdee05-7543-4b36-9019-d7315469c5c6: nextIndex: updateUnconditionally 15 -> 14
2019-09-02 17:29:51,304 [grpc-default-executor-8] WARN  server.GrpcLogAppender (LogUtils.java:warn(134)) - 8924c2cc-0b63-491b-a851-2031a6c7a041->08cdee05-7543-4b36-9019-d7315469c5c6: Failed appendEntries: org.apache.ratis.thirdparty.io.grpc.StatusRuntimeException: UNAVAILABLE: io exception
2019-09-02 17:29:51,304 [grpc-default-executor-8] INFO  impl.FollowerInfo (FollowerInfo.java:lambda$new$0(50)) - 8924c2cc-0b63-491b-a851-2031a6c7a041->08cdee05-7543-4b36-9019-d7315469c5c6: nextIndex: updateUnconditionally 15 -> 14
2019-09-02 17:29:51,305 [RatisApplyTransactionExecutor 1] INFO  interfaces.Container (KeyValueContainer.java:flushAndSyncDB(382)) - Container 1 is synced with bcsId 13.
2019-09-02 17:29:51,305 [RatisApplyTransactionExecutor 1] INFO  interfaces.Container (KeyValueContainer.java:flushAndSyncDB(382)) - Container 1 is synced with bcsId 13.
2019-09-02 17:29:51,321 [RatisApplyTransactionExecutor 1] INFO  interfaces.Container (KeyValueContainer.java:flushAndSyncDB(382)) - Container 1 is synced with bcsId 13.
2019-09-02 17:29:51,321 [RatisApplyTransactionExecutor 1] INFO  interfaces.Container (KeyValueContainer.java:flushAndSyncDB(382)) - Container 1 is synced with bcsId 13.
2019-09-02 17:29:51,322 [EventQueue-IncrementalContainerReportForIncrementalContainerReportHandler] INFO  container.IncrementalContainerReportHandler (AbstractContainerReportHandler.java:updateContainerState(176)) - Moving container #1 to CLOSED state, datanode 8924c2cc-0b63-491b-a851-2031a6c7a041{ip: 192.168.36.108, host: pr-hdds-1982-decom-states-scqb7-844612507, networkLocation: /default-rack, certSerialId: null} reported CLOSED replica.
2019-09-02 17:29:52,093 [grpc-default-executor-8] WARN  server.GrpcLogAppender (LogUtils.java:warn(134)) - a01dd778-3426-48bd-ab61-39edd5ffa8da->9826e914-fbfc-44b9-9062-42de28e9045f: Failed appendEntries: org.apache.ratis.thirdparty.io.grpc.StatusRuntimeException: UNAVAILABLE: io exception
2019-09-02 17:29:52,094 [grpc-default-executor-8] INFO  impl.FollowerInfo (FollowerInfo.java:lambda$new$0(50)) - a01dd778-3426-48bd-ab61-39edd5ffa8da->9826e914-fbfc-44b9-9062-42de28e9045f: nextIndex: updateUnconditionally 4 -> 3
2019-09-02 17:29:53,805 [grpc-default-executor-5] WARN  server.GrpcLogAppender (LogUtils.java:warn(134)) - 8924c2cc-0b63-491b-a851-2031a6c7a041->08cdee05-7543-4b36-9019-d7315469c5c6: Failed appendEntries: org.apache.ratis.thirdparty.io.grpc.StatusRuntimeException: UNAVAILABLE: io exception
2019-09-02 17:29:53,806 [grpc-default-executor-5] INFO  impl.FollowerInfo (FollowerInfo.java:lambda$new$0(50)) - 8924c2cc-0b63-491b-a851-2031a6c7a041->08cdee05-7543-4b36-9019-d7315469c5c6: nextIndex: updateUnconditionally 14 -> 13
2019-09-02 17:29:54,570 [EventQueue-StaleNodeForStaleNodeHandler] INFO  node.StaleNodeHandler (StaleNodeHandler.java:onMessage(58)) - Datanode a01dd778-3426-48bd-ab61-39edd5ffa8da{ip: 192.168.36.108, host: pr-hdds-1982-decom-states-scqb7-844612507, networkLocation: /default-rack, certSerialId: null} moved to stale state. Finalizing its pipelines [PipelineID=ede3b3a0-fc36-4f0b-b433-b8e0eefe48ff, PipelineID=6f7bf7c1-ab1a-4875-b001-50af6e24b2b3]
2019-09-02 17:29:54,571 [EventQueue-StaleNodeForStaleNodeHandler] INFO  pipeline.SCMPipelineManager (SCMPipelineManager.java:finalizeAndDestroyPipeline(309)) - destroying pipeline:Pipeline[ Id: ede3b3a0-fc36-4f0b-b433-b8e0eefe48ff, Nodes: a01dd778-3426-48bd-ab61-39edd5ffa8da{ip: 192.168.36.108, host: pr-hdds-1982-decom-states-scqb7-844612507, networkLocation: /default-rack, certSerialId: null}, Type:RATIS, Factor:ONE, State:OPEN]
2019-09-02 17:29:54,571 [EventQueue-StaleNodeForStaleNodeHandler] INFO  pipeline.PipelineStateManager (PipelineStateManager.java:finalizePipeline(123)) - Pipeline Pipeline[ Id: ede3b3a0-fc36-4f0b-b433-b8e0eefe48ff, Nodes: a01dd778-3426-48bd-ab61-39edd5ffa8da{ip: 192.168.36.108, host: pr-hdds-1982-decom-states-scqb7-844612507, networkLocation: /default-rack, certSerialId: null}, Type:RATIS, Factor:ONE, State:CLOSED] moved to CLOSED state
2019-09-02 17:29:54,571 [EventQueue-StaleNodeForStaleNodeHandler] INFO  pipeline.SCMPipelineManager (SCMPipelineManager.java:finalizeAndDestroyPipeline(309)) - destroying pipeline:Pipeline[ Id: 6f7bf7c1-ab1a-4875-b001-50af6e24b2b3, Nodes: a01dd778-3426-48bd-ab61-39edd5ffa8da{ip: 192.168.36.108, host: pr-hdds-1982-decom-states-scqb7-844612507, networkLocation: /default-rack, certSerialId: null}9826e914-fbfc-44b9-9062-42de28e9045f{ip: 192.168.36.108, host: pr-hdds-1982-decom-states-scqb7-844612507, networkLocation: /default-rack, certSerialId: null}58181834-ae2d-4234-b7b5-7f7cdd8a2cb8{ip: 192.168.36.108, host: pr-hdds-1982-decom-states-scqb7-844612507, networkLocation: /default-rack, certSerialId: null}, Type:RATIS, Factor:THREE, State:CLOSED]
2019-09-02 17:29:54,595 [grpc-default-executor-5] WARN  server.GrpcLogAppender (LogUtils.java:warn(134)) - a01dd778-3426-48bd-ab61-39edd5ffa8da->9826e914-fbfc-44b9-9062-42de28e9045f: Failed appendEntries: org.apache.ratis.thirdparty.io.grpc.StatusRuntimeException: UNAVAILABLE: io exception
2019-09-02 17:29:54,596 [grpc-default-executor-5] INFO  impl.FollowerInfo (FollowerInfo.java:lambda$new$0(50)) - a01dd778-3426-48bd-ab61-39edd5ffa8da->9826e914-fbfc-44b9-9062-42de28e9045f: nextIndex: updateUnconditionally 3 -> 2
2019-09-02 17:29:54,670 [EventQueue-StaleNodeForStaleNodeHandler] INFO  node.StaleNodeHandler (StaleNodeHandler.java:onMessage(58)) - Datanode 30722616-804a-4c33-9e8d-7555c917aefe{ip: 192.168.36.108, host: pr-hdds-1982-decom-states-scqb7-844612507, networkLocation: /default-rack, certSerialId: null} moved to stale state. Finalizing its pipelines [PipelineID=986f3ec6-3508-4b4d-912b-c312e09245d2]
2019-09-02 17:29:54,670 [EventQueue-StaleNodeForStaleNodeHandler] INFO  pipeline.SCMPipelineManager (SCMPipelineManager.java:finalizeAndDestroyPipeline(309)) - destroying pipeline:Pipeline[ Id: 986f3ec6-3508-4b4d-912b-c312e09245d2, Nodes: 30722616-804a-4c33-9e8d-7555c917aefe{ip: 192.168.36.108, host: pr-hdds-1982-decom-states-scqb7-844612507, networkLocation: /default-rack, certSerialId: null}, Type:RATIS, Factor:ONE, State:OPEN]
2019-09-02 17:29:54,670 [EventQueue-StaleNodeForStaleNodeHandler] INFO  pipeline.PipelineStateManager (PipelineStateManager.java:finalizePipeline(123)) - Pipeline Pipeline[ Id: 986f3ec6-3508-4b4d-912b-c312e09245d2, Nodes: 30722616-804a-4c33-9e8d-7555c917aefe{ip: 192.168.36.108, host: pr-hdds-1982-decom-states-scqb7-844612507, networkLocation: /default-rack, certSerialId: null}, Type:RATIS, Factor:ONE, State:CLOSED] moved to CLOSED state
2019-09-02 17:29:54,782 [ForkJoinPool.commonPool-worker-0] INFO  ozoneimpl.OzoneContainer (OzoneContainer.java:stop(215)) - Attempting to stop container services.
2019-09-02 17:29:54,782 [main] INFO  ozoneimpl.OzoneContainer (OzoneContainer.java:stop(215)) - Attempting to stop container services.
2019-09-02 17:29:54,783 [ForkJoinPool.commonPool-worker-0] INFO  impl.RaftServerProxy (RaftServerProxy.java:lambda$close$4(314)) - a01dd778-3426-48bd-ab61-39edd5ffa8da: close
2019-09-02 17:29:54,783 [main] INFO  impl.RaftServerProxy (RaftServerProxy.java:lambda$close$4(314)) - 30722616-804a-4c33-9e8d-7555c917aefe: close
2019-09-02 17:29:54,783 [ForkJoinPool.commonPool-worker-0] INFO  impl.RaftServerImpl (RaftServerImpl.java:lambda$shutdown$3(245)) - a01dd778-3426-48bd-ab61-39edd5ffa8da: shutdown group-B8E0EEFE48FF
2019-09-02 17:29:54,784 [main] INFO  impl.RaftServerImpl (RaftServerImpl.java:lambda$shutdown$3(245)) - 30722616-804a-4c33-9e8d-7555c917aefe: shutdown group-C312E09245D2
2019-09-02 17:29:54,784 [ForkJoinPool.commonPool-worker-0] INFO  util.JmxRegister (JmxRegister.java:unregister(73)) - Successfully un-registered JMX Bean with object name Ratis:service=RaftServer,group=group-B8E0EEFE48FF,id=a01dd778-3426-48bd-ab61-39edd5ffa8da
2019-09-02 17:29:54,784 [main] INFO  util.JmxRegister (JmxRegister.java:unregister(73)) - Successfully un-registered JMX Bean with object name Ratis:service=RaftServer,group=group-C312E09245D2,id=30722616-804a-4c33-9e8d-7555c917aefe
2019-09-02 17:29:54,785 [ForkJoinPool.commonPool-worker-0] INFO  impl.RoleInfo (RoleInfo.java:shutdownLeaderState(104)) - a01dd778-3426-48bd-ab61-39edd5ffa8da: shutdown LeaderState
2019-09-02 17:29:54,785 [main] INFO  impl.RoleInfo (RoleInfo.java:shutdownLeaderState(104)) - 30722616-804a-4c33-9e8d-7555c917aefe: shutdown LeaderState
2019-09-02 17:29:54,785 [ForkJoinPool.commonPool-worker-0] INFO  impl.PendingRequests (PendingRequests.java:sendNotLeaderResponses(202)) - a01dd778-3426-48bd-ab61-39edd5ffa8da-PendingRequests: sendNotLeaderResponses
2019-09-02 17:29:54,786 [main] INFO  impl.PendingRequests (PendingRequests.java:sendNotLeaderResponses(202)) - 30722616-804a-4c33-9e8d-7555c917aefe-PendingRequests: sendNotLeaderResponses
2019-09-02 17:29:54,786 [ForkJoinPool.commonPool-worker-0] INFO  impl.StateMachineUpdater (StateMachineUpdater.java:stopAndJoin(115)) - StateMachineUpdater:a01dd778-3426-48bd-ab61-39edd5ffa8da:group-B8E0EEFE48FF: set stopIndex = 0
2019-09-02 17:29:54,787 [main] INFO  impl.StateMachineUpdater (StateMachineUpdater.java:stopAndJoin(115)) - StateMachineUpdater:30722616-804a-4c33-9e8d-7555c917aefe:group-C312E09245D2: set stopIndex = 0
2019-09-02 17:29:54,787 [ForkJoinPool.commonPool-worker-0] INFO  impl.RaftServerImpl (ServerState.java:close(394)) - a01dd778-3426-48bd-ab61-39edd5ffa8da:group-B8E0EEFE48FF closes. The last applied log index is 0
2019-09-02 17:29:54,787 [main] INFO  impl.RaftServerImpl (ServerState.java:close(394)) - 30722616-804a-4c33-9e8d-7555c917aefe:group-C312E09245D2 closes. The last applied log index is 0
2019-09-02 17:29:54,788 [a01dd778-3426-48bd-ab61-39edd5ffa8da-SegmentedRaftLogWorker:Storage Directory /workdir/hadoop-ozone/integration-test/target/test-dir/MiniOzoneClusterImpl-e559f1c9-459e-4782-a5d5-306a0def869d/datanode-2/data/ratis/ede3b3a0-fc36-4f0b-b433-b8e0eefe48ff] INFO  segmented.SegmentedRaftLogWorker (SegmentedRaftLogWorker.java:run(313)) - a01dd778-3426-48bd-ab61-39edd5ffa8da-SegmentedRaftLogWorker:Storage Directory /workdir/hadoop-ozone/integration-test/target/test-dir/MiniOzoneClusterImpl-e559f1c9-459e-4782-a5d5-306a0def869d/datanode-2/data/ratis/ede3b3a0-fc36-4f0b-b433-b8e0eefe48ff was interrupted, exiting. There are 0 tasks remaining in the queue.
2019-09-02 17:29:54,788 [30722616-804a-4c33-9e8d-7555c917aefe-SegmentedRaftLogWorker:Storage Directory /workdir/hadoop-ozone/integration-test/target/test-dir/MiniOzoneClusterImpl-e559f1c9-459e-4782-a5d5-306a0def869d/datanode-3/data/ratis/986f3ec6-3508-4b4d-912b-c312e09245d2] INFO  segmented.SegmentedRaftLogWorker (SegmentedRaftLogWorker.java:run(313)) - 30722616-804a-4c33-9e8d-7555c917aefe-SegmentedRaftLogWorker:Storage Directory /workdir/hadoop-ozone/integration-test/target/test-dir/MiniOzoneClusterImpl-e559f1c9-459e-4782-a5d5-306a0def869d/datanode-3/data/ratis/986f3ec6-3508-4b4d-912b-c312e09245d2 was interrupted, exiting. There are 0 tasks remaining in the queue.
2019-09-02 17:29:54,793 [main] INFO  segmented.SegmentedRaftLogWorker (SegmentedRaftLogWorker.java:close(228)) - 30722616-804a-4c33-9e8d-7555c917aefe-SegmentedRaftLogWorker:Storage Directory /workdir/hadoop-ozone/integration-test/target/test-dir/MiniOzoneClusterImpl-e559f1c9-459e-4782-a5d5-306a0def869d/datanode-3/data/ratis/986f3ec6-3508-4b4d-912b-c312e09245d2 close()
2019-09-02 17:29:54,793 [ForkJoinPool.commonPool-worker-0] INFO  segmented.SegmentedRaftLogWorker (SegmentedRaftLogWorker.java:close(228)) - a01dd778-3426-48bd-ab61-39edd5ffa8da-SegmentedRaftLogWorker:Storage Directory /workdir/hadoop-ozone/integration-test/target/test-dir/MiniOzoneClusterImpl-e559f1c9-459e-4782-a5d5-306a0def869d/datanode-2/data/ratis/ede3b3a0-fc36-4f0b-b433-b8e0eefe48ff close()
2019-09-02 17:29:54,797 [main] INFO  server.GrpcService (GrpcService.java:closeImpl(155)) - 30722616-804a-4c33-9e8d-7555c917aefe: shutdown server with port 38735 now
2019-09-02 17:29:54,800 [ForkJoinPool.commonPool-worker-0] INFO  impl.RaftServerImpl (RaftServerImpl.java:lambda$shutdown$3(245)) - a01dd778-3426-48bd-ab61-39edd5ffa8da: shutdown group-50AF6E24B2B3
2019-09-02 17:29:54,802 [main] INFO  server.GrpcService (GrpcService.java:closeImpl(163)) - 30722616-804a-4c33-9e8d-7555c917aefe: shutdown server with port 38735 successfully
2019-09-02 17:29:54,802 [ForkJoinPool.commonPool-worker-0] INFO  util.JmxRegister (JmxRegister.java:unregister(73)) - Successfully un-registered JMX Bean with object name Ratis:service=RaftServer,group=group-50AF6E24B2B3,id=a01dd778-3426-48bd-ab61-39edd5ffa8da
2019-09-02 17:29:54,803 [ForkJoinPool.commonPool-worker-0] INFO  impl.RoleInfo (RoleInfo.java:shutdownLeaderState(104)) - a01dd778-3426-48bd-ab61-39edd5ffa8da: shutdown LeaderState
2019-09-02 17:29:54,807 [org.apache.ratis.server.impl.LogAppender$AppenderDaemon$$Lambda$479/1507435482@4b908faf] WARN  server.GrpcLogAppender (GrpcLogAppender.java:mayWait(143)) - GrpcLogAppender(a01dd778-3426-48bd-ab61-39edd5ffa8da->9826e914-fbfc-44b9-9062-42de28e9045f): Wait interrupted by java.lang.InterruptedException
2019-09-02 17:29:54,807 [ForkJoinPool.commonPool-worker-0] INFO  impl.PendingRequests (PendingRequests.java:sendNotLeaderResponses(202)) - a01dd778-3426-48bd-ab61-39edd5ffa8da-PendingRequests: sendNotLeaderResponses
2019-09-02 17:29:54,807 [org.apache.ratis.server.impl.LogAppender$AppenderDaemon$$Lambda$479/1507435482@e9208b9] WARN  server.GrpcLogAppender (GrpcLogAppender.java:mayWait(143)) - GrpcLogAppender(a01dd778-3426-48bd-ab61-39edd5ffa8da->58181834-ae2d-4234-b7b5-7f7cdd8a2cb8): Wait interrupted by java.lang.InterruptedException
2019-09-02 17:29:54,817 [refreshUsed-/workdir/hadoop-ozone/integration-test/target/test-dir/MiniOzoneClusterImpl-e559f1c9-459e-4782-a5d5-306a0def869d/datanode-3/data/containers] WARN  fs.CachingGetSpaceUsed (CachingGetSpaceUsed.java:run(183)) - Thread Interrupted waiting to refresh disk information: sleep interrupted
2019-09-02 17:29:54,817 [grpc-default-executor-5] INFO  server.GrpcServerProtocolService (GrpcServerProtocolService.java:onCompleted(104)) - 58181834-ae2d-4234-b7b5-7f7cdd8a2cb8: appendEntries completed
2019-09-02 17:29:54,818 [ForkJoinPool.commonPool-worker-0] INFO  impl.StateMachineUpdater (StateMachineUpdater.java:stopAndJoin(115)) - StateMachineUpdater:a01dd778-3426-48bd-ab61-39edd5ffa8da:group-50AF6E24B2B3: set stopIndex = 4
2019-09-02 17:29:54,819 [StateMachineUpdater:a01dd778-3426-48bd-ab61-39edd5ffa8da:group-50AF6E24B2B3] INFO  ratis.ContainerStateMachine (ContainerStateMachine.java:takeSnapshot(284)) - group-50AF6E24B2B3: Taking a snapshot at:(t:1, i:4) file /workdir/hadoop-ozone/integration-test/target/test-dir/MiniOzoneClusterImpl-e559f1c9-459e-4782-a5d5-306a0def869d/datanode-2/data/ratis/6f7bf7c1-ab1a-4875-b001-50af6e24b2b3/sm/snapshot.1_4
2019-09-02 17:29:54,819 [grpc-default-executor-5] INFO  server.GrpcLogAppender (GrpcLogAppender.java:onCompleted(292)) - a01dd778-3426-48bd-ab61-39edd5ffa8da->58181834-ae2d-4234-b7b5-7f7cdd8a2cb8: follower responses appendEntries COMPLETED
2019-09-02 17:29:54,820 [grpc-default-executor-5] INFO  impl.FollowerInfo (FollowerInfo.java:lambda$new$0(50)) - a01dd778-3426-48bd-ab61-39edd5ffa8da->58181834-ae2d-4234-b7b5-7f7cdd8a2cb8: nextIndex: updateUnconditionally 5 -> 4
2019-09-02 17:29:54,830 [main] INFO  utils.BackgroundService (BackgroundService.java:shutdown(148)) - Shutting down service BlockDeletingService
2019-09-02 17:29:54,834 [main] INFO  statemachine.DatanodeStateMachine (DatanodeStateMachine.java:stopDaemon(395)) - Ozone container server stopped.
2019-09-02 17:29:54,834 [StateMachineUpdater:a01dd778-3426-48bd-ab61-39edd5ffa8da:group-50AF6E24B2B3] INFO  ratis.ContainerStateMachine (ContainerStateMachine.java:takeSnapshot(295)) - group-50AF6E24B2B3: Finished taking a snapshot at:(t:1, i:4) file:/workdir/hadoop-ozone/integration-test/target/test-dir/MiniOzoneClusterImpl-e559f1c9-459e-4782-a5d5-306a0def869d/datanode-2/data/ratis/6f7bf7c1-ab1a-4875-b001-50af6e24b2b3/sm/snapshot.1_4 time:17
2019-09-02 17:29:54,835 [StateMachineUpdater:a01dd778-3426-48bd-ab61-39edd5ffa8da:group-50AF6E24B2B3] INFO  impl.StateMachineUpdater (StateMachineUpdater.java:takeSnapshot(242)) - StateMachineUpdater:a01dd778-3426-48bd-ab61-39edd5ffa8da:group-50AF6E24B2B3: Took a snapshot at index 4
2019-09-02 17:29:54,835 [StateMachineUpdater:a01dd778-3426-48bd-ab61-39edd5ffa8da:group-50AF6E24B2B3] INFO  impl.StateMachineUpdater (StateMachineUpdater.java:lambda$new$0(80)) - StateMachineUpdater:a01dd778-3426-48bd-ab61-39edd5ffa8da:group-50AF6E24B2B3: snapshotIndex: updateIncreasingly -1 -> 4
2019-09-02 17:29:54,835 [ForkJoinPool.commonPool-worker-0] INFO  impl.RaftServerImpl (ServerState.java:close(394)) - a01dd778-3426-48bd-ab61-39edd5ffa8da:group-50AF6E24B2B3 closes. The last applied log index is 4
2019-09-02 17:29:54,835 [a01dd778-3426-48bd-ab61-39edd5ffa8da-SegmentedRaftLogWorker:Storage Directory /workdir/hadoop-ozone/integration-test/target/test-dir/MiniOzoneClusterImpl-e559f1c9-459e-4782-a5d5-306a0def869d/datanode-2/data/ratis/6f7bf7c1-ab1a-4875-b001-50af6e24b2b3] INFO  segmented.SegmentedRaftLogWorker (SegmentedRaftLogWorker.java:run(313)) - a01dd778-3426-48bd-ab61-39edd5ffa8da-SegmentedRaftLogWorker:Storage Directory /workdir/hadoop-ozone/integration-test/target/test-dir/MiniOzoneClusterImpl-e559f1c9-459e-4782-a5d5-306a0def869d/datanode-2/data/ratis/6f7bf7c1-ab1a-4875-b001-50af6e24b2b3 was interrupted, exiting. There are 0 tasks remaining in the queue.
2019-09-02 17:29:54,837 [ForkJoinPool.commonPool-worker-0] INFO  segmented.SegmentedRaftLogWorker (SegmentedRaftLogWorker.java:close(228)) - a01dd778-3426-48bd-ab61-39edd5ffa8da-SegmentedRaftLogWorker:Storage Directory /workdir/hadoop-ozone/integration-test/target/test-dir/MiniOzoneClusterImpl-e559f1c9-459e-4782-a5d5-306a0def869d/datanode-2/data/ratis/6f7bf7c1-ab1a-4875-b001-50af6e24b2b3 close()
2019-09-02 17:29:54,837 [main] INFO  handler.ContextHandler (ContextHandler.java:doStop(910)) - Stopped o.e.j.w.WebAppContext@27ec8754{/,null,UNAVAILABLE}{/hddsDatanode}
2019-09-02 17:29:54,839 [ForkJoinPool.commonPool-worker-0] INFO  server.GrpcService (GrpcService.java:closeImpl(155)) - a01dd778-3426-48bd-ab61-39edd5ffa8da: shutdown server with port 44950 now
2019-09-02 17:29:54,839 [main] INFO  server.AbstractConnector (AbstractConnector.java:doStop(318)) - Stopped ServerConnector@3bbf1c0d{HTTP/1.1,[http/1.1]}{0.0.0.0:0}
2019-09-02 17:29:54,839 [ForkJoinPool.commonPool-worker-0] INFO  server.GrpcService (GrpcService.java:closeImpl(163)) - a01dd778-3426-48bd-ab61-39edd5ffa8da: shutdown server with port 44950 successfully
2019-09-02 17:29:54,840 [main] INFO  handler.ContextHandler (ContextHandler.java:doStop(910)) - Stopped o.e.j.s.ServletContextHandler@1785d194{/static,jar:file:/home/user/.m2/repository/org/apache/hadoop/hadoop-hdds-container-service/0.5.0-SNAPSHOT/hadoop-hdds-container-service-0.5.0-SNAPSHOT.jar!/webapps/static,UNAVAILABLE}
2019-09-02 17:29:54,840 [main] INFO  handler.ContextHandler (ContextHandler.java:doStop(910)) - Stopped o.e.j.s.ServletContextHandler@67f946c3{/logs,file:///workdir/hadoop-ozone/integration-test/target/log,UNAVAILABLE}
2019-09-02 17:29:54,843 [refreshUsed-/workdir/hadoop-ozone/integration-test/target/test-dir/MiniOzoneClusterImpl-e559f1c9-459e-4782-a5d5-306a0def869d/datanode-2/data/containers] WARN  fs.CachingGetSpaceUsed (CachingGetSpaceUsed.java:run(183)) - Thread Interrupted waiting to refresh disk information: sleep interrupted
2019-09-02 17:29:54,859 [ForkJoinPool.commonPool-worker-0] INFO  utils.BackgroundService (BackgroundService.java:shutdown(148)) - Shutting down service BlockDeletingService
2019-09-02 17:29:54,862 [ForkJoinPool.commonPool-worker-0] INFO  statemachine.DatanodeStateMachine (DatanodeStateMachine.java:stopDaemon(395)) - Ozone container server stopped.
2019-09-02 17:29:54,866 [ForkJoinPool.commonPool-worker-0] INFO  handler.ContextHandler (ContextHandler.java:doStop(910)) - Stopped o.e.j.w.WebAppContext@5fb3111a{/,null,UNAVAILABLE}{/hddsDatanode}
2019-09-02 17:29:54,867 [ForkJoinPool.commonPool-worker-0] INFO  server.AbstractConnector (AbstractConnector.java:doStop(318)) - Stopped ServerConnector@4aaecabd{HTTP/1.1,[http/1.1]}{0.0.0.0:0}
2019-09-02 17:29:54,868 [ForkJoinPool.commonPool-worker-0] INFO  handler.ContextHandler (ContextHandler.java:doStop(910)) - Stopped o.e.j.s.ServletContextHandler@14f060b8{/static,jar:file:/home/user/.m2/repository/org/apache/hadoop/hadoop-hdds-container-service/0.5.0-SNAPSHOT/hadoop-hdds-container-service-0.5.0-SNAPSHOT.jar!/webapps/static,UNAVAILABLE}
2019-09-02 17:29:54,869 [ForkJoinPool.commonPool-worker-0] INFO  handler.ContextHandler (ContextHandler.java:doStop(910)) - Stopped o.e.j.s.ServletContextHandler@723e2d08{/logs,file:///workdir/hadoop-ozone/integration-test/target/log,UNAVAILABLE}
2019-09-02 17:29:55,322 [Datanode State Machine Thread - 0] INFO  statemachine.DatanodeStateMachine (DatanodeStateMachine.java:lambda$startDaemon$0(350)) - Ozone container server started.
2019-09-02 17:29:55,542 [Datanode State Machine Thread - 0] INFO  statemachine.DatanodeStateMachine (DatanodeStateMachine.java:lambda$startDaemon$0(350)) - Ozone container server started.
2019-09-02 17:29:56,306 [grpc-default-executor-8] WARN  server.GrpcLogAppender (LogUtils.java:warn(134)) - 8924c2cc-0b63-491b-a851-2031a6c7a041->08cdee05-7543-4b36-9019-d7315469c5c6: Failed appendEntries: org.apache.ratis.thirdparty.io.grpc.StatusRuntimeException: UNAVAILABLE: io exception
2019-09-02 17:29:56,307 [grpc-default-executor-8] INFO  impl.FollowerInfo (FollowerInfo.java:lambda$new$0(50)) - 8924c2cc-0b63-491b-a851-2031a6c7a041->08cdee05-7543-4b36-9019-d7315469c5c6: nextIndex: updateUnconditionally 13 -> 12
2019-09-02 17:29:58,807 [grpc-default-executor-11] WARN  server.GrpcLogAppender (LogUtils.java:warn(134)) - 8924c2cc-0b63-491b-a851-2031a6c7a041->08cdee05-7543-4b36-9019-d7315469c5c6: Failed appendEntries: org.apache.ratis.thirdparty.io.grpc.StatusRuntimeException: UNAVAILABLE: io exception
2019-09-02 17:29:58,807 [grpc-default-executor-11] INFO  impl.FollowerInfo (FollowerInfo.java:lambda$new$0(50)) - 8924c2cc-0b63-491b-a851-2031a6c7a041->08cdee05-7543-4b36-9019-d7315469c5c6: nextIndex: updateUnconditionally 12 -> 11
2019-09-02 17:29:59,376 [EventQueue-StaleNodeForStaleNodeHandler] INFO  node.StaleNodeHandler (StaleNodeHandler.java:onMessage(58)) - Datanode 8924c2cc-0b63-491b-a851-2031a6c7a041{ip: 192.168.36.108, host: pr-hdds-1982-decom-states-scqb7-844612507, networkLocation: /default-rack, certSerialId: null} moved to stale state. Finalizing its pipelines [PipelineID=7ec1fdbc-7106-4c1e-bf8c-6ef244a9cfc2, PipelineID=c096e807-013f-457f-bbca-7600de9200a6]
2019-09-02 17:29:59,376 [EventQueue-StaleNodeForStaleNodeHandler] INFO  pipeline.SCMPipelineManager (SCMPipelineManager.java:finalizeAndDestroyPipeline(309)) - destroying pipeline:Pipeline[ Id: 7ec1fdbc-7106-4c1e-bf8c-6ef244a9cfc2, Nodes: c5cb85f2-5fb8-4def-a26e-7a40ca6d8c48{ip: 192.168.36.108, host: pr-hdds-1982-decom-states-scqb7-844612507, networkLocation: /default-rack, certSerialId: null}8924c2cc-0b63-491b-a851-2031a6c7a041{ip: 192.168.36.108, host: pr-hdds-1982-decom-states-scqb7-844612507, networkLocation: /default-rack, certSerialId: null}08cdee05-7543-4b36-9019-d7315469c5c6{ip: 192.168.36.108, host: pr-hdds-1982-decom-states-scqb7-844612507, networkLocation: /default-rack, certSerialId: null}, Type:RATIS, Factor:THREE, State:CLOSED]
2019-09-02 17:29:59,377 [EventQueue-StaleNodeForStaleNodeHandler] INFO  pipeline.SCMPipelineManager (SCMPipelineManager.java:finalizeAndDestroyPipeline(309)) - destroying pipeline:Pipeline[ Id: c096e807-013f-457f-bbca-7600de9200a6, Nodes: 8924c2cc-0b63-491b-a851-2031a6c7a041{ip: 192.168.36.108, host: pr-hdds-1982-decom-states-scqb7-844612507, networkLocation: /default-rack, certSerialId: null}, Type:RATIS, Factor:ONE, State:OPEN]
2019-09-02 17:29:59,377 [EventQueue-StaleNodeForStaleNodeHandler] INFO  pipeline.PipelineStateManager (PipelineStateManager.java:finalizePipeline(123)) - Pipeline Pipeline[ Id: c096e807-013f-457f-bbca-7600de9200a6, Nodes: 8924c2cc-0b63-491b-a851-2031a6c7a041{ip: 192.168.36.108, host: pr-hdds-1982-decom-states-scqb7-844612507, networkLocation: /default-rack, certSerialId: null}, Type:RATIS, Factor:ONE, State:CLOSED] moved to CLOSED state
2019-09-02 17:29:59,576 [EventQueue-StaleNodeForStaleNodeHandler] INFO  node.StaleNodeHandler (StaleNodeHandler.java:onMessage(58)) - Datanode 58181834-ae2d-4234-b7b5-7f7cdd8a2cb8{ip: 192.168.36.108, host: pr-hdds-1982-decom-states-scqb7-844612507, networkLocation: /default-rack, certSerialId: null} moved to stale state. Finalizing its pipelines [PipelineID=f88b9913-99ab-49a4-8cc0-93eabeb20557, PipelineID=6f7bf7c1-ab1a-4875-b001-50af6e24b2b3]
2019-09-02 17:29:59,577 [EventQueue-StaleNodeForStaleNodeHandler] INFO  pipeline.SCMPipelineManager (SCMPipelineManager.java:finalizeAndDestroyPipeline(309)) - destroying pipeline:Pipeline[ Id: f88b9913-99ab-49a4-8cc0-93eabeb20557, Nodes: 58181834-ae2d-4234-b7b5-7f7cdd8a2cb8{ip: 192.168.36.108, host: pr-hdds-1982-decom-states-scqb7-844612507, networkLocation: /default-rack, certSerialId: null}, Type:RATIS, Factor:ONE, State:OPEN]
2019-09-02 17:29:59,577 [EventQueue-StaleNodeForStaleNodeHandler] INFO  pipeline.PipelineStateManager (PipelineStateManager.java:finalizePipeline(123)) - Pipeline Pipeline[ Id: f88b9913-99ab-49a4-8cc0-93eabeb20557, Nodes: 58181834-ae2d-4234-b7b5-7f7cdd8a2cb8{ip: 192.168.36.108, host: pr-hdds-1982-decom-states-scqb7-844612507, networkLocation: /default-rack, certSerialId: null}, Type:RATIS, Factor:ONE, State:CLOSED] moved to CLOSED state
2019-09-02 17:29:59,577 [EventQueue-StaleNodeForStaleNodeHandler] INFO  pipeline.SCMPipelineManager (SCMPipelineManager.java:finalizeAndDestroyPipeline(309)) - destroying pipeline:Pipeline[ Id: 6f7bf7c1-ab1a-4875-b001-50af6e24b2b3, Nodes: a01dd778-3426-48bd-ab61-39edd5ffa8da{ip: 192.168.36.108, host: pr-hdds-1982-decom-states-scqb7-844612507, networkLocation: /default-rack, certSerialId: null}9826e914-fbfc-44b9-9062-42de28e9045f{ip: 192.168.36.108, host: pr-hdds-1982-decom-states-scqb7-844612507, networkLocation: /default-rack, certSerialId: null}58181834-ae2d-4234-b7b5-7f7cdd8a2cb8{ip: 192.168.36.108, host: pr-hdds-1982-decom-states-scqb7-844612507, networkLocation: /default-rack, certSerialId: null}, Type:RATIS, Factor:THREE, State:CLOSED]
2019-09-02 17:29:59,847 [main] INFO  ozoneimpl.OzoneContainer (OzoneContainer.java:stop(215)) - Attempting to stop container services.
2019-09-02 17:29:59,847 [main] INFO  impl.RaftServerProxy (RaftServerProxy.java:lambda$close$4(314)) - 8924c2cc-0b63-491b-a851-2031a6c7a041: close
2019-09-02 17:29:59,848 [main] INFO  impl.RaftServerImpl (RaftServerImpl.java:lambda$shutdown$3(245)) - 8924c2cc-0b63-491b-a851-2031a6c7a041: shutdown group-6EF244A9CFC2
2019-09-02 17:29:59,848 [main] INFO  util.JmxRegister (JmxRegister.java:unregister(73)) - Successfully un-registered JMX Bean with object name Ratis:service=RaftServer,group=group-6EF244A9CFC2,id=8924c2cc-0b63-491b-a851-2031a6c7a041
2019-09-02 17:29:59,848 [main] INFO  impl.RoleInfo (RoleInfo.java:shutdownLeaderState(104)) - 8924c2cc-0b63-491b-a851-2031a6c7a041: shutdown LeaderState
2019-09-02 17:29:59,851 [main] INFO  impl.PendingRequests (PendingRequests.java:sendNotLeaderResponses(202)) - 8924c2cc-0b63-491b-a851-2031a6c7a041-PendingRequests: sendNotLeaderResponses
2019-09-02 17:29:59,851 [org.apache.ratis.server.impl.LogAppender$AppenderDaemon$$Lambda$479/1507435482@665079b8] WARN  server.GrpcLogAppender (GrpcLogAppender.java:mayWait(143)) - GrpcLogAppender(8924c2cc-0b63-491b-a851-2031a6c7a041->08cdee05-7543-4b36-9019-d7315469c5c6): Wait interrupted by java.lang.InterruptedException
2019-09-02 17:29:59,852 [main] INFO  impl.StateMachineUpdater (StateMachineUpdater.java:stopAndJoin(115)) - StateMachineUpdater:8924c2cc-0b63-491b-a851-2031a6c7a041:group-6EF244A9CFC2: set stopIndex = 17
2019-09-02 17:29:59,854 [StateMachineUpdater:8924c2cc-0b63-491b-a851-2031a6c7a041:group-6EF244A9CFC2] INFO  ratis.ContainerStateMachine (ContainerStateMachine.java:takeSnapshot(284)) - group-6EF244A9CFC2: Taking a snapshot at:(t:2, i:17) file /workdir/hadoop-ozone/integration-test/target/test-dir/MiniOzoneClusterImpl-e559f1c9-459e-4782-a5d5-306a0def869d/datanode-6/data/ratis/7ec1fdbc-7106-4c1e-bf8c-6ef244a9cfc2/sm/snapshot.2_17
2019-09-02 17:29:59,854 [org.apache.ratis.server.impl.LogAppender$AppenderDaemon$$Lambda$479/1507435482@2352e3b6] WARN  server.GrpcLogAppender (GrpcLogAppender.java:mayWait(143)) - GrpcLogAppender(8924c2cc-0b63-491b-a851-2031a6c7a041->c5cb85f2-5fb8-4def-a26e-7a40ca6d8c48): Wait interrupted by java.lang.InterruptedException
2019-09-02 17:29:59,855 [grpc-default-executor-11] INFO  server.GrpcServerProtocolService (GrpcServerProtocolService.java:onCompleted(104)) - c5cb85f2-5fb8-4def-a26e-7a40ca6d8c48: appendEntries completed
2019-09-02 17:29:59,855 [grpc-default-executor-11] INFO  server.GrpcLogAppender (GrpcLogAppender.java:onCompleted(292)) - 8924c2cc-0b63-491b-a851-2031a6c7a041->c5cb85f2-5fb8-4def-a26e-7a40ca6d8c48: follower responses appendEntries COMPLETED
2019-09-02 17:29:59,855 [grpc-default-executor-11] INFO  impl.FollowerInfo (FollowerInfo.java:lambda$new$0(50)) - 8924c2cc-0b63-491b-a851-2031a6c7a041->c5cb85f2-5fb8-4def-a26e-7a40ca6d8c48: nextIndex: updateUnconditionally 18 -> 17
2019-09-02 17:29:59,868 [StateMachineUpdater:8924c2cc-0b63-491b-a851-2031a6c7a041:group-6EF244A9CFC2] INFO  ratis.ContainerStateMachine (ContainerStateMachine.java:takeSnapshot(295)) - group-6EF244A9CFC2: Finished taking a snapshot at:(t:2, i:17) file:/workdir/hadoop-ozone/integration-test/target/test-dir/MiniOzoneClusterImpl-e559f1c9-459e-4782-a5d5-306a0def869d/datanode-6/data/ratis/7ec1fdbc-7106-4c1e-bf8c-6ef244a9cfc2/sm/snapshot.2_17 time:14
2019-09-02 17:29:59,868 [StateMachineUpdater:8924c2cc-0b63-491b-a851-2031a6c7a041:group-6EF244A9CFC2] INFO  impl.StateMachineUpdater (StateMachineUpdater.java:takeSnapshot(242)) - StateMachineUpdater:8924c2cc-0b63-491b-a851-2031a6c7a041:group-6EF244A9CFC2: Took a snapshot at index 17
2019-09-02 17:29:59,868 [StateMachineUpdater:8924c2cc-0b63-491b-a851-2031a6c7a041:group-6EF244A9CFC2] INFO  impl.StateMachineUpdater (StateMachineUpdater.java:lambda$new$0(80)) - StateMachineUpdater:8924c2cc-0b63-491b-a851-2031a6c7a041:group-6EF244A9CFC2: snapshotIndex: updateIncreasingly -1 -> 17
2019-09-02 17:29:59,868 [main] INFO  impl.RaftServerImpl (ServerState.java:close(394)) - 8924c2cc-0b63-491b-a851-2031a6c7a041:group-6EF244A9CFC2 closes. The last applied log index is 17
2019-09-02 17:29:59,869 [8924c2cc-0b63-491b-a851-2031a6c7a041-SegmentedRaftLogWorker:Storage Directory /workdir/hadoop-ozone/integration-test/target/test-dir/MiniOzoneClusterImpl-e559f1c9-459e-4782-a5d5-306a0def869d/datanode-6/data/ratis/7ec1fdbc-7106-4c1e-bf8c-6ef244a9cfc2] INFO  segmented.SegmentedRaftLogWorker (SegmentedRaftLogWorker.java:run(313)) - 8924c2cc-0b63-491b-a851-2031a6c7a041-SegmentedRaftLogWorker:Storage Directory /workdir/hadoop-ozone/integration-test/target/test-dir/MiniOzoneClusterImpl-e559f1c9-459e-4782-a5d5-306a0def869d/datanode-6/data/ratis/7ec1fdbc-7106-4c1e-bf8c-6ef244a9cfc2 was interrupted, exiting. There are 0 tasks remaining in the queue.
2019-09-02 17:29:59,870 [main] INFO  segmented.SegmentedRaftLogWorker (SegmentedRaftLogWorker.java:close(228)) - 8924c2cc-0b63-491b-a851-2031a6c7a041-SegmentedRaftLogWorker:Storage Directory /workdir/hadoop-ozone/integration-test/target/test-dir/MiniOzoneClusterImpl-e559f1c9-459e-4782-a5d5-306a0def869d/datanode-6/data/ratis/7ec1fdbc-7106-4c1e-bf8c-6ef244a9cfc2 close()
2019-09-02 17:29:59,872 [ForkJoinPool.commonPool-worker-0] INFO  ozoneimpl.OzoneContainer (OzoneContainer.java:stop(215)) - Attempting to stop container services.
2019-09-02 17:29:59,872 [main] INFO  impl.RaftServerImpl (RaftServerImpl.java:lambda$shutdown$3(245)) - 8924c2cc-0b63-491b-a851-2031a6c7a041: shutdown group-7600DE9200A6
2019-09-02 17:29:59,873 [ForkJoinPool.commonPool-worker-0] INFO  impl.RaftServerProxy (RaftServerProxy.java:lambda$close$4(314)) - 58181834-ae2d-4234-b7b5-7f7cdd8a2cb8: close
2019-09-02 17:29:59,873 [main] INFO  util.JmxRegister (JmxRegister.java:unregister(73)) - Successfully un-registered JMX Bean with object name Ratis:service=RaftServer,group=group-7600DE9200A6,id=8924c2cc-0b63-491b-a851-2031a6c7a041
2019-09-02 17:29:59,873 [ForkJoinPool.commonPool-worker-0] INFO  impl.RaftServerImpl (RaftServerImpl.java:lambda$shutdown$3(245)) - 58181834-ae2d-4234-b7b5-7f7cdd8a2cb8: shutdown group-93EABEB20557
2019-09-02 17:29:59,874 [main] INFO  impl.RoleInfo (RoleInfo.java:shutdownLeaderState(104)) - 8924c2cc-0b63-491b-a851-2031a6c7a041: shutdown LeaderState
2019-09-02 17:29:59,874 [ForkJoinPool.commonPool-worker-0] INFO  util.JmxRegister (JmxRegister.java:unregister(73)) - Successfully un-registered JMX Bean with object name Ratis:service=RaftServer,group=group-93EABEB20557,id=58181834-ae2d-4234-b7b5-7f7cdd8a2cb8
2019-09-02 17:29:59,874 [main] INFO  impl.PendingRequests (PendingRequests.java:sendNotLeaderResponses(202)) - 8924c2cc-0b63-491b-a851-2031a6c7a041-PendingRequests: sendNotLeaderResponses
2019-09-02 17:29:59,875 [ForkJoinPool.commonPool-worker-0] INFO  impl.RoleInfo (RoleInfo.java:shutdownLeaderState(104)) - 58181834-ae2d-4234-b7b5-7f7cdd8a2cb8: shutdown LeaderState
2019-09-02 17:29:59,875 [main] INFO  impl.StateMachineUpdater (StateMachineUpdater.java:stopAndJoin(115)) - StateMachineUpdater:8924c2cc-0b63-491b-a851-2031a6c7a041:group-7600DE9200A6: set stopIndex = 0
2019-09-02 17:29:59,876 [main] INFO  impl.RaftServerImpl (ServerState.java:close(394)) - 8924c2cc-0b63-491b-a851-2031a6c7a041:group-7600DE9200A6 closes. The last applied log index is 0
2019-09-02 17:29:59,875 [ForkJoinPool.commonPool-worker-0] INFO  impl.PendingRequests (PendingRequests.java:sendNotLeaderResponses(202)) - 58181834-ae2d-4234-b7b5-7f7cdd8a2cb8-PendingRequests: sendNotLeaderResponses
2019-09-02 17:29:59,876 [8924c2cc-0b63-491b-a851-2031a6c7a041-SegmentedRaftLogWorker:Storage Directory /workdir/hadoop-ozone/integration-test/target/test-dir/MiniOzoneClusterImpl-e559f1c9-459e-4782-a5d5-306a0def869d/datanode-6/data/ratis/c096e807-013f-457f-bbca-7600de9200a6] INFO  segmented.SegmentedRaftLogWorker (SegmentedRaftLogWorker.java:run(313)) - 8924c2cc-0b63-491b-a851-2031a6c7a041-SegmentedRaftLogWorker:Storage Directory /workdir/hadoop-ozone/integration-test/target/test-dir/MiniOzoneClusterImpl-e559f1c9-459e-4782-a5d5-306a0def869d/datanode-6/data/ratis/c096e807-013f-457f-bbca-7600de9200a6 was interrupted, exiting. There are 0 tasks remaining in the queue.
2019-09-02 17:29:59,876 [ForkJoinPool.commonPool-worker-0] INFO  impl.StateMachineUpdater (StateMachineUpdater.java:stopAndJoin(115)) - StateMachineUpdater:58181834-ae2d-4234-b7b5-7f7cdd8a2cb8:group-93EABEB20557: set stopIndex = 0
2019-09-02 17:29:59,878 [main] INFO  segmented.SegmentedRaftLogWorker (SegmentedRaftLogWorker.java:close(228)) - 8924c2cc-0b63-491b-a851-2031a6c7a041-SegmentedRaftLogWorker:Storage Directory /workdir/hadoop-ozone/integration-test/target/test-dir/MiniOzoneClusterImpl-e559f1c9-459e-4782-a5d5-306a0def869d/datanode-6/data/ratis/c096e807-013f-457f-bbca-7600de9200a6 close()
2019-09-02 17:29:59,878 [ForkJoinPool.commonPool-worker-0] INFO  impl.RaftServerImpl (ServerState.java:close(394)) - 58181834-ae2d-4234-b7b5-7f7cdd8a2cb8:group-93EABEB20557 closes. The last applied log index is 0
2019-09-02 17:29:59,880 [main] INFO  server.GrpcService (GrpcService.java:closeImpl(155)) - 8924c2cc-0b63-491b-a851-2031a6c7a041: shutdown server with port 43647 now
2019-09-02 17:29:59,880 [58181834-ae2d-4234-b7b5-7f7cdd8a2cb8-SegmentedRaftLogWorker:Storage Directory /workdir/hadoop-ozone/integration-test/target/test-dir/MiniOzoneClusterImpl-e559f1c9-459e-4782-a5d5-306a0def869d/datanode-0/data/ratis/f88b9913-99ab-49a4-8cc0-93eabeb20557] INFO  segmented.SegmentedRaftLogWorker (SegmentedRaftLogWorker.java:run(313)) - 58181834-ae2d-4234-b7b5-7f7cdd8a2cb8-SegmentedRaftLogWorker:Storage Directory /workdir/hadoop-ozone/integration-test/target/test-dir/MiniOzoneClusterImpl-e559f1c9-459e-4782-a5d5-306a0def869d/datanode-0/data/ratis/f88b9913-99ab-49a4-8cc0-93eabeb20557 was interrupted, exiting. There are 0 tasks remaining in the queue.
2019-09-02 17:29:59,882 [ForkJoinPool.commonPool-worker-0] INFO  segmented.SegmentedRaftLogWorker (SegmentedRaftLogWorker.java:close(228)) - 58181834-ae2d-4234-b7b5-7f7cdd8a2cb8-SegmentedRaftLogWorker:Storage Directory /workdir/hadoop-ozone/integration-test/target/test-dir/MiniOzoneClusterImpl-e559f1c9-459e-4782-a5d5-306a0def869d/datanode-0/data/ratis/f88b9913-99ab-49a4-8cc0-93eabeb20557 close()
2019-09-02 17:29:59,882 [grpc-default-executor-5] WARN  client.GrpcClientProtocolService (LogUtils.java:warn(134)) - 5-UnorderedRequestStreamObserver5: onError: org.apache.ratis.thirdparty.io.grpc.StatusRuntimeException: CANCELLED: cancelled before receiving half close
2019-09-02 17:29:59,891 [ForkJoinPool.commonPool-worker-0] INFO  impl.RaftServerImpl (RaftServerImpl.java:lambda$shutdown$3(245)) - 58181834-ae2d-4234-b7b5-7f7cdd8a2cb8: shutdown group-50AF6E24B2B3
2019-09-02 17:29:59,882 [main] INFO  server.GrpcService (GrpcService.java:closeImpl(163)) - 8924c2cc-0b63-491b-a851-2031a6c7a041: shutdown server with port 43647 successfully
2019-09-02 17:29:59,891 [ForkJoinPool.commonPool-worker-0] INFO  util.JmxRegister (JmxRegister.java:unregister(73)) - Successfully un-registered JMX Bean with object name Ratis:service=RaftServer,group=group-50AF6E24B2B3,id=58181834-ae2d-4234-b7b5-7f7cdd8a2cb8
2019-09-02 17:29:59,892 [ForkJoinPool.commonPool-worker-0] INFO  impl.RoleInfo (RoleInfo.java:shutdownFollowerState(121)) - 58181834-ae2d-4234-b7b5-7f7cdd8a2cb8: shutdown FollowerState
2019-09-02 17:29:59,893 [ForkJoinPool.commonPool-worker-0] INFO  impl.StateMachineUpdater (StateMachineUpdater.java:stopAndJoin(115)) - StateMachineUpdater:58181834-ae2d-4234-b7b5-7f7cdd8a2cb8:group-50AF6E24B2B3: set stopIndex = 4
2019-09-02 17:29:59,893 [Thread-3640] INFO  impl.FollowerState (FollowerState.java:run(114)) - 58181834-ae2d-4234-b7b5-7f7cdd8a2cb8: FollowerState was interrupted: java.lang.InterruptedException: sleep interrupted
2019-09-02 17:29:59,893 [StateMachineUpdater:58181834-ae2d-4234-b7b5-7f7cdd8a2cb8:group-50AF6E24B2B3] INFO  ratis.ContainerStateMachine (ContainerStateMachine.java:takeSnapshot(284)) - group-50AF6E24B2B3: Taking a snapshot at:(t:1, i:3) file /workdir/hadoop-ozone/integration-test/target/test-dir/MiniOzoneClusterImpl-e559f1c9-459e-4782-a5d5-306a0def869d/datanode-0/data/ratis/6f7bf7c1-ab1a-4875-b001-50af6e24b2b3/sm/snapshot.1_3
2019-09-02 17:29:59,895 [refreshUsed-/workdir/hadoop-ozone/integration-test/target/test-dir/MiniOzoneClusterImpl-e559f1c9-459e-4782-a5d5-306a0def869d/datanode-6/data/containers] WARN  fs.CachingGetSpaceUsed (CachingGetSpaceUsed.java:run(183)) - Thread Interrupted waiting to refresh disk information: sleep interrupted
2019-09-02 17:29:59,912 [main] INFO  utils.BackgroundService (BackgroundService.java:shutdown(148)) - Shutting down service BlockDeletingService
2019-09-02 17:29:59,915 [main] INFO  statemachine.DatanodeStateMachine (DatanodeStateMachine.java:stopDaemon(395)) - Ozone container server stopped.
2019-09-02 17:29:59,916 [main] INFO  handler.ContextHandler (ContextHandler.java:doStop(910)) - Stopped o.e.j.w.WebAppContext@723742b2{/,null,UNAVAILABLE}{/hddsDatanode}
2019-09-02 17:29:59,918 [main] INFO  server.AbstractConnector (AbstractConnector.java:doStop(318)) - Stopped ServerConnector@559991f5{HTTP/1.1,[http/1.1]}{0.0.0.0:0}
2019-09-02 17:29:59,918 [main] INFO  handler.ContextHandler (ContextHandler.java:doStop(910)) - Stopped o.e.j.s.ServletContextHandler@6aae0e6f{/static,jar:file:/home/user/.m2/repository/org/apache/hadoop/hadoop-hdds-container-service/0.5.0-SNAPSHOT/hadoop-hdds-container-service-0.5.0-SNAPSHOT.jar!/webapps/static,UNAVAILABLE}
2019-09-02 17:29:59,919 [main] INFO  handler.ContextHandler (ContextHandler.java:doStop(910)) - Stopped o.e.j.s.ServletContextHandler@d8835af{/logs,file:///workdir/hadoop-ozone/integration-test/target/log,UNAVAILABLE}
2019-09-02 17:29:59,927 [StateMachineUpdater:58181834-ae2d-4234-b7b5-7f7cdd8a2cb8:group-50AF6E24B2B3] INFO  ratis.ContainerStateMachine (ContainerStateMachine.java:takeSnapshot(295)) - group-50AF6E24B2B3: Finished taking a snapshot at:(t:1, i:3) file:/workdir/hadoop-ozone/integration-test/target/test-dir/MiniOzoneClusterImpl-e559f1c9-459e-4782-a5d5-306a0def869d/datanode-0/data/ratis/6f7bf7c1-ab1a-4875-b001-50af6e24b2b3/sm/snapshot.1_3 time:34
2019-09-02 17:29:59,927 [StateMachineUpdater:58181834-ae2d-4234-b7b5-7f7cdd8a2cb8:group-50AF6E24B2B3] INFO  impl.StateMachineUpdater (StateMachineUpdater.java:takeSnapshot(242)) - StateMachineUpdater:58181834-ae2d-4234-b7b5-7f7cdd8a2cb8:group-50AF6E24B2B3: Took a snapshot at index 3
2019-09-02 17:29:59,928 [StateMachineUpdater:58181834-ae2d-4234-b7b5-7f7cdd8a2cb8:group-50AF6E24B2B3] INFO  impl.StateMachineUpdater (StateMachineUpdater.java:lambda$new$0(80)) - StateMachineUpdater:58181834-ae2d-4234-b7b5-7f7cdd8a2cb8:group-50AF6E24B2B3: snapshotIndex: updateIncreasingly -1 -> 3
2019-09-02 17:29:59,928 [ForkJoinPool.commonPool-worker-0] INFO  impl.RaftServerImpl (ServerState.java:close(394)) - 58181834-ae2d-4234-b7b5-7f7cdd8a2cb8:group-50AF6E24B2B3 closes. The last applied log index is 4
2019-09-02 17:29:59,929 [58181834-ae2d-4234-b7b5-7f7cdd8a2cb8-SegmentedRaftLogWorker:Storage Directory /workdir/hadoop-ozone/integration-test/target/test-dir/MiniOzoneClusterImpl-e559f1c9-459e-4782-a5d5-306a0def869d/datanode-0/data/ratis/6f7bf7c1-ab1a-4875-b001-50af6e24b2b3] INFO  segmented.SegmentedRaftLogWorker (SegmentedRaftLogWorker.java:run(313)) - 58181834-ae2d-4234-b7b5-7f7cdd8a2cb8-SegmentedRaftLogWorker:Storage Directory /workdir/hadoop-ozone/integration-test/target/test-dir/MiniOzoneClusterImpl-e559f1c9-459e-4782-a5d5-306a0def869d/datanode-0/data/ratis/6f7bf7c1-ab1a-4875-b001-50af6e24b2b3 was interrupted, exiting. There are 0 tasks remaining in the queue.
2019-09-02 17:29:59,929 [ForkJoinPool.commonPool-worker-0] INFO  segmented.SegmentedRaftLogWorker (SegmentedRaftLogWorker.java:close(228)) - 58181834-ae2d-4234-b7b5-7f7cdd8a2cb8-SegmentedRaftLogWorker:Storage Directory /workdir/hadoop-ozone/integration-test/target/test-dir/MiniOzoneClusterImpl-e559f1c9-459e-4782-a5d5-306a0def869d/datanode-0/data/ratis/6f7bf7c1-ab1a-4875-b001-50af6e24b2b3 close()
2019-09-02 17:29:59,930 [ForkJoinPool.commonPool-worker-0] INFO  server.GrpcService (GrpcService.java:closeImpl(155)) - 58181834-ae2d-4234-b7b5-7f7cdd8a2cb8: shutdown server with port 33919 now
2019-09-02 17:29:59,931 [ForkJoinPool.commonPool-worker-0] INFO  server.GrpcService (GrpcService.java:closeImpl(163)) - 58181834-ae2d-4234-b7b5-7f7cdd8a2cb8: shutdown server with port 33919 successfully
2019-09-02 17:29:59,933 [refreshUsed-/workdir/hadoop-ozone/integration-test/target/test-dir/MiniOzoneClusterImpl-e559f1c9-459e-4782-a5d5-306a0def869d/datanode-0/data/containers] WARN  fs.CachingGetSpaceUsed (CachingGetSpaceUsed.java:run(183)) - Thread Interrupted waiting to refresh disk information: sleep interrupted
2019-09-02 17:29:59,951 [ForkJoinPool.commonPool-worker-0] INFO  utils.BackgroundService (BackgroundService.java:shutdown(148)) - Shutting down service BlockDeletingService
2019-09-02 17:29:59,953 [ForkJoinPool.commonPool-worker-0] INFO  statemachine.DatanodeStateMachine (DatanodeStateMachine.java:stopDaemon(395)) - Ozone container server stopped.
2019-09-02 17:29:59,957 [ForkJoinPool.commonPool-worker-0] INFO  handler.ContextHandler (ContextHandler.java:doStop(910)) - Stopped o.e.j.w.WebAppContext@538a2f0e{/,null,UNAVAILABLE}{/hddsDatanode}
2019-09-02 17:29:59,957 [ForkJoinPool.commonPool-worker-0] INFO  server.AbstractConnector (AbstractConnector.java:doStop(318)) - Stopped ServerConnector@d2708a7{HTTP/1.1,[http/1.1]}{0.0.0.0:0}
2019-09-02 17:29:59,960 [ForkJoinPool.commonPool-worker-0] INFO  handler.ContextHandler (ContextHandler.java:doStop(910)) - Stopped o.e.j.s.ServletContextHandler@6de7778f{/static,jar:file:/home/user/.m2/repository/org/apache/hadoop/hadoop-hdds-container-service/0.5.0-SNAPSHOT/hadoop-hdds-container-service-0.5.0-SNAPSHOT.jar!/webapps/static,UNAVAILABLE}
2019-09-02 17:29:59,961 [ForkJoinPool.commonPool-worker-0] INFO  handler.ContextHandler (ContextHandler.java:doStop(910)) - Stopped o.e.j.s.ServletContextHandler@26f0141{/logs,file:///workdir/hadoop-ozone/integration-test/target/log,UNAVAILABLE}
2019-09-02 17:30:00,336 [Datanode State Machine Thread - 0] INFO  statemachine.DatanodeStateMachine (DatanodeStateMachine.java:lambda$startDaemon$0(350)) - Ozone container server started.
2019-09-02 17:30:04,384 [EventQueue-StaleNodeForStaleNodeHandler] INFO  node.StaleNodeHandler (StaleNodeHandler.java:onMessage(58)) - Datanode c5cb85f2-5fb8-4def-a26e-7a40ca6d8c48{ip: 192.168.36.108, host: pr-hdds-1982-decom-states-scqb7-844612507, networkLocation: /default-rack, certSerialId: null} moved to stale state. Finalizing its pipelines [PipelineID=7ec1fdbc-7106-4c1e-bf8c-6ef244a9cfc2, PipelineID=ae915236-427e-4c92-a98b-50e7f8b5b551]
2019-09-02 17:30:04,384 [EventQueue-StaleNodeForStaleNodeHandler] INFO  pipeline.SCMPipelineManager (SCMPipelineManager.java:finalizeAndDestroyPipeline(309)) - destroying pipeline:Pipeline[ Id: 7ec1fdbc-7106-4c1e-bf8c-6ef244a9cfc2, Nodes: c5cb85f2-5fb8-4def-a26e-7a40ca6d8c48{ip: 192.168.36.108, host: pr-hdds-1982-decom-states-scqb7-844612507, networkLocation: /default-rack, certSerialId: null}8924c2cc-0b63-491b-a851-2031a6c7a041{ip: 192.168.36.108, host: pr-hdds-1982-decom-states-scqb7-844612507, networkLocation: /default-rack, certSerialId: null}08cdee05-7543-4b36-9019-d7315469c5c6{ip: 192.168.36.108, host: pr-hdds-1982-decom-states-scqb7-844612507, networkLocation: /default-rack, certSerialId: null}, Type:RATIS, Factor:THREE, State:CLOSED]
2019-09-02 17:30:04,385 [EventQueue-StaleNodeForStaleNodeHandler] INFO  pipeline.SCMPipelineManager (SCMPipelineManager.java:finalizeAndDestroyPipeline(309)) - destroying pipeline:Pipeline[ Id: ae915236-427e-4c92-a98b-50e7f8b5b551, Nodes: c5cb85f2-5fb8-4def-a26e-7a40ca6d8c48{ip: 192.168.36.108, host: pr-hdds-1982-decom-states-scqb7-844612507, networkLocation: /default-rack, certSerialId: null}, Type:RATIS, Factor:ONE, State:OPEN]
2019-09-02 17:30:04,385 [EventQueue-StaleNodeForStaleNodeHandler] INFO  pipeline.PipelineStateManager (PipelineStateManager.java:finalizePipeline(123)) - Pipeline Pipeline[ Id: ae915236-427e-4c92-a98b-50e7f8b5b551, Nodes: c5cb85f2-5fb8-4def-a26e-7a40ca6d8c48{ip: 192.168.36.108, host: pr-hdds-1982-decom-states-scqb7-844612507, networkLocation: /default-rack, certSerialId: null}, Type:RATIS, Factor:ONE, State:CLOSED] moved to CLOSED state
2019-09-02 17:30:04,920 [main] INFO  ozoneimpl.OzoneContainer (OzoneContainer.java:stop(215)) - Attempting to stop container services.
2019-09-02 17:30:04,921 [main] INFO  impl.RaftServerProxy (RaftServerProxy.java:lambda$close$4(314)) - c5cb85f2-5fb8-4def-a26e-7a40ca6d8c48: close
2019-09-02 17:30:04,922 [main] INFO  impl.RaftServerImpl (RaftServerImpl.java:lambda$shutdown$3(245)) - c5cb85f2-5fb8-4def-a26e-7a40ca6d8c48: shutdown group-6EF244A9CFC2
2019-09-02 17:30:04,922 [main] INFO  util.JmxRegister (JmxRegister.java:unregister(73)) - Successfully un-registered JMX Bean with object name Ratis:service=RaftServer,group=group-6EF244A9CFC2,id=c5cb85f2-5fb8-4def-a26e-7a40ca6d8c48
2019-09-02 17:30:04,922 [main] INFO  impl.RoleInfo (RoleInfo.java:shutdownFollowerState(121)) - c5cb85f2-5fb8-4def-a26e-7a40ca6d8c48: shutdown FollowerState
2019-09-02 17:30:04,922 [main] INFO  impl.StateMachineUpdater (StateMachineUpdater.java:stopAndJoin(115)) - StateMachineUpdater:c5cb85f2-5fb8-4def-a26e-7a40ca6d8c48:group-6EF244A9CFC2: set stopIndex = 17
2019-09-02 17:30:04,923 [Thread-3696] INFO  impl.FollowerState (FollowerState.java:run(114)) - c5cb85f2-5fb8-4def-a26e-7a40ca6d8c48: FollowerState was interrupted: java.lang.InterruptedException: sleep interrupted
2019-09-02 17:30:04,923 [StateMachineUpdater:c5cb85f2-5fb8-4def-a26e-7a40ca6d8c48:group-6EF244A9CFC2] INFO  ratis.ContainerStateMachine (ContainerStateMachine.java:takeSnapshot(284)) - group-6EF244A9CFC2: Taking a snapshot at:(t:2, i:16) file /workdir/hadoop-ozone/integration-test/target/test-dir/MiniOzoneClusterImpl-e559f1c9-459e-4782-a5d5-306a0def869d/datanode-5/data/ratis/7ec1fdbc-7106-4c1e-bf8c-6ef244a9cfc2/sm/snapshot.2_16
2019-09-02 17:30:04,941 [StateMachineUpdater:c5cb85f2-5fb8-4def-a26e-7a40ca6d8c48:group-6EF244A9CFC2] INFO  ratis.ContainerStateMachine (ContainerStateMachine.java:takeSnapshot(295)) - group-6EF244A9CFC2: Finished taking a snapshot at:(t:2, i:16) file:/workdir/hadoop-ozone/integration-test/target/test-dir/MiniOzoneClusterImpl-e559f1c9-459e-4782-a5d5-306a0def869d/datanode-5/data/ratis/7ec1fdbc-7106-4c1e-bf8c-6ef244a9cfc2/sm/snapshot.2_16 time:18
2019-09-02 17:30:04,941 [StateMachineUpdater:c5cb85f2-5fb8-4def-a26e-7a40ca6d8c48:group-6EF244A9CFC2] INFO  impl.StateMachineUpdater (StateMachineUpdater.java:takeSnapshot(242)) - StateMachineUpdater:c5cb85f2-5fb8-4def-a26e-7a40ca6d8c48:group-6EF244A9CFC2: Took a snapshot at index 16
2019-09-02 17:30:04,941 [StateMachineUpdater:c5cb85f2-5fb8-4def-a26e-7a40ca6d8c48:group-6EF244A9CFC2] INFO  impl.StateMachineUpdater (StateMachineUpdater.java:lambda$new$0(80)) - StateMachineUpdater:c5cb85f2-5fb8-4def-a26e-7a40ca6d8c48:group-6EF244A9CFC2: snapshotIndex: updateIncreasingly -1 -> 16
2019-09-02 17:30:04,941 [main] INFO  impl.RaftServerImpl (ServerState.java:close(394)) - c5cb85f2-5fb8-4def-a26e-7a40ca6d8c48:group-6EF244A9CFC2 closes. The last applied log index is 17
2019-09-02 17:30:04,942 [c5cb85f2-5fb8-4def-a26e-7a40ca6d8c48-SegmentedRaftLogWorker:Storage Directory /workdir/hadoop-ozone/integration-test/target/test-dir/MiniOzoneClusterImpl-e559f1c9-459e-4782-a5d5-306a0def869d/datanode-5/data/ratis/7ec1fdbc-7106-4c1e-bf8c-6ef244a9cfc2] INFO  segmented.SegmentedRaftLogWorker (SegmentedRaftLogWorker.java:run(313)) - c5cb85f2-5fb8-4def-a26e-7a40ca6d8c48-SegmentedRaftLogWorker:Storage Directory /workdir/hadoop-ozone/integration-test/target/test-dir/MiniOzoneClusterImpl-e559f1c9-459e-4782-a5d5-306a0def869d/datanode-5/data/ratis/7ec1fdbc-7106-4c1e-bf8c-6ef244a9cfc2 was interrupted, exiting. There are 0 tasks remaining in the queue.
2019-09-02 17:30:04,942 [main] INFO  segmented.SegmentedRaftLogWorker (SegmentedRaftLogWorker.java:close(228)) - c5cb85f2-5fb8-4def-a26e-7a40ca6d8c48-SegmentedRaftLogWorker:Storage Directory /workdir/hadoop-ozone/integration-test/target/test-dir/MiniOzoneClusterImpl-e559f1c9-459e-4782-a5d5-306a0def869d/datanode-5/data/ratis/7ec1fdbc-7106-4c1e-bf8c-6ef244a9cfc2 close()
2019-09-02 17:30:04,943 [main] INFO  impl.RaftServerImpl (RaftServerImpl.java:lambda$shutdown$3(245)) - c5cb85f2-5fb8-4def-a26e-7a40ca6d8c48: shutdown group-50E7F8B5B551
2019-09-02 17:30:04,944 [main] INFO  util.JmxRegister (JmxRegister.java:unregister(73)) - Successfully un-registered JMX Bean with object name Ratis:service=RaftServer,group=group-50E7F8B5B551,id=c5cb85f2-5fb8-4def-a26e-7a40ca6d8c48
2019-09-02 17:30:04,944 [main] INFO  impl.RoleInfo (RoleInfo.java:shutdownLeaderState(104)) - c5cb85f2-5fb8-4def-a26e-7a40ca6d8c48: shutdown LeaderState
2019-09-02 17:30:04,944 [main] INFO  impl.PendingRequests (PendingRequests.java:sendNotLeaderResponses(202)) - c5cb85f2-5fb8-4def-a26e-7a40ca6d8c48-PendingRequests: sendNotLeaderResponses
2019-09-02 17:30:04,945 [main] INFO  impl.StateMachineUpdater (StateMachineUpdater.java:stopAndJoin(115)) - StateMachineUpdater:c5cb85f2-5fb8-4def-a26e-7a40ca6d8c48:group-50E7F8B5B551: set stopIndex = 0
2019-09-02 17:30:04,945 [main] INFO  impl.RaftServerImpl (ServerState.java:close(394)) - c5cb85f2-5fb8-4def-a26e-7a40ca6d8c48:group-50E7F8B5B551 closes. The last applied log index is 0
2019-09-02 17:30:04,945 [c5cb85f2-5fb8-4def-a26e-7a40ca6d8c48-SegmentedRaftLogWorker:Storage Directory /workdir/hadoop-ozone/integration-test/target/test-dir/MiniOzoneClusterImpl-e559f1c9-459e-4782-a5d5-306a0def869d/datanode-5/data/ratis/ae915236-427e-4c92-a98b-50e7f8b5b551] INFO  segmented.SegmentedRaftLogWorker (SegmentedRaftLogWorker.java:run(313)) - c5cb85f2-5fb8-4def-a26e-7a40ca6d8c48-SegmentedRaftLogWorker:Storage Directory /workdir/hadoop-ozone/integration-test/target/test-dir/MiniOzoneClusterImpl-e559f1c9-459e-4782-a5d5-306a0def869d/datanode-5/data/ratis/ae915236-427e-4c92-a98b-50e7f8b5b551 was interrupted, exiting. There are 0 tasks remaining in the queue.
2019-09-02 17:30:04,945 [main] INFO  segmented.SegmentedRaftLogWorker (SegmentedRaftLogWorker.java:close(228)) - c5cb85f2-5fb8-4def-a26e-7a40ca6d8c48-SegmentedRaftLogWorker:Storage Directory /workdir/hadoop-ozone/integration-test/target/test-dir/MiniOzoneClusterImpl-e559f1c9-459e-4782-a5d5-306a0def869d/datanode-5/data/ratis/ae915236-427e-4c92-a98b-50e7f8b5b551 close()
2019-09-02 17:30:04,947 [main] INFO  server.GrpcService (GrpcService.java:closeImpl(155)) - c5cb85f2-5fb8-4def-a26e-7a40ca6d8c48: shutdown server with port 40980 now
2019-09-02 17:30:04,947 [main] INFO  server.GrpcService (GrpcService.java:closeImpl(163)) - c5cb85f2-5fb8-4def-a26e-7a40ca6d8c48: shutdown server with port 40980 successfully
2019-09-02 17:30:04,950 [refreshUsed-/workdir/hadoop-ozone/integration-test/target/test-dir/MiniOzoneClusterImpl-e559f1c9-459e-4782-a5d5-306a0def869d/datanode-5/data/containers] WARN  fs.CachingGetSpaceUsed (CachingGetSpaceUsed.java:run(183)) - Thread Interrupted waiting to refresh disk information: sleep interrupted
2019-09-02 17:30:04,962 [main] INFO  utils.BackgroundService (BackgroundService.java:shutdown(148)) - Shutting down service BlockDeletingService
2019-09-02 17:30:04,965 [main] INFO  statemachine.DatanodeStateMachine (DatanodeStateMachine.java:stopDaemon(395)) - Ozone container server stopped.
2019-09-02 17:30:04,966 [main] INFO  handler.ContextHandler (ContextHandler.java:doStop(910)) - Stopped o.e.j.w.WebAppContext@5faeeb56{/,null,UNAVAILABLE}{/hddsDatanode}
2019-09-02 17:30:04,966 [main] INFO  server.AbstractConnector (AbstractConnector.java:doStop(318)) - Stopped ServerConnector@5396eeb1{HTTP/1.1,[http/1.1]}{0.0.0.0:0}
2019-09-02 17:30:04,967 [main] INFO  handler.ContextHandler (ContextHandler.java:doStop(910)) - Stopped o.e.j.s.ServletContextHandler@2484dbb7{/static,jar:file:/home/user/.m2/repository/org/apache/hadoop/hadoop-hdds-container-service/0.5.0-SNAPSHOT/hadoop-hdds-container-service-0.5.0-SNAPSHOT.jar!/webapps/static,UNAVAILABLE}
2019-09-02 17:30:04,967 [main] INFO  handler.ContextHandler (ContextHandler.java:doStop(910)) - Stopped o.e.j.s.ServletContextHandler@5a30722c{/logs,file:///workdir/hadoop-ozone/integration-test/target/log,UNAVAILABLE}
2019-09-02 17:30:04,968 [main] INFO  ozone.MiniOzoneClusterImpl (MiniOzoneClusterImpl.java:stop(339)) - Stopping the StorageContainerManager
2019-09-02 17:30:04,968 [main] INFO  server.StorageContainerManager (StorageContainerManager.java:stop(797)) - Stopping Replication Manager Service.
2019-09-02 17:30:04,968 [main] INFO  container.ReplicationManager (ReplicationManager.java:stop(203)) - Stopping Replication Monitor Thread.
2019-09-02 17:30:04,968 [main] INFO  server.StorageContainerManager (StorageContainerManager.java:stop(804)) - Stopping Lease Manager of the command watchers
2019-09-02 17:30:04,968 [main] INFO  server.StorageContainerManager (StorageContainerManager.java:stop(811)) - Stopping datanode service RPC server
2019-09-02 17:30:04,969 [main] INFO  server.SCMDatanodeProtocolServer (SCMDatanodeProtocolServer.java:stop(367)) - Stopping the RPC server for DataNodes
2019-09-02 17:30:04,969 [main] INFO  ipc.Server (Server.java:stop(3082)) - Stopping server on 38964
2019-09-02 17:30:04,972 [IPC Server listener on 38964] INFO  ipc.Server (Server.java:run(1185)) - Stopping IPC Server listener on 38964
2019-09-02 17:30:04,972 [IPC Server Responder] INFO  ipc.Server (Server.java:run(1319)) - Stopping IPC Server Responder
2019-09-02 17:30:04,985 [SCM Heartbeat Processing Thread - 0] WARN  node.NodeStateManager (NodeStateManager.java:scheduleNextHealthCheck(657)) - Current Thread is interrupted, shutting down HB processing thread for Node Manager.
2019-09-02 17:30:04,985 [main] INFO  server.StorageContainerManager (StorageContainerManager.java:stop(819)) - Stopping block service RPC server
2019-09-02 17:30:04,985 [main] INFO  server.SCMBlockProtocolServer (SCMBlockProtocolServer.java:stop(155)) - Stopping the RPC server for Block Protocol
2019-09-02 17:30:04,985 [main] INFO  ipc.Server (Server.java:stop(3082)) - Stopping server on 40093
2019-09-02 17:30:04,986 [IPC Server listener on 40093] INFO  ipc.Server (Server.java:run(1185)) - Stopping IPC Server listener on 40093
2019-09-02 17:30:04,987 [main] INFO  server.StorageContainerManager (StorageContainerManager.java:stop(826)) - Stopping the StorageContainerLocationProtocol RPC server
2019-09-02 17:30:04,988 [main] INFO  server.SCMClientProtocolServer (SCMClientProtocolServer.java:stop(159)) - Stopping the RPC server for Client Protocol
2019-09-02 17:30:04,989 [main] INFO  ipc.Server (Server.java:stop(3082)) - Stopping server on 37187
2019-09-02 17:30:04,988 [IPC Server Responder] INFO  ipc.Server (Server.java:run(1319)) - Stopping IPC Server Responder
2019-09-02 17:30:04,991 [IPC Server listener on 37187] INFO  ipc.Server (Server.java:run(1185)) - Stopping IPC Server listener on 37187
2019-09-02 17:30:04,991 [main] INFO  server.StorageContainerManager (StorageContainerManager.java:stop(833)) - Stopping Storage Container Manager HTTP server.
2019-09-02 17:30:04,992 [IPC Server Responder] INFO  ipc.Server (Server.java:run(1319)) - Stopping IPC Server Responder
2019-09-02 17:30:04,993 [main] INFO  handler.ContextHandler (ContextHandler.java:doStop(910)) - Stopped o.e.j.w.WebAppContext@666618d6{/,null,UNAVAILABLE}{/scm}
2019-09-02 17:30:04,993 [main] INFO  server.AbstractConnector (AbstractConnector.java:doStop(318)) - Stopped ServerConnector@5b1c32e4{HTTP/1.1,[http/1.1]}{0.0.0.0:0}
2019-09-02 17:30:04,994 [main] INFO  handler.ContextHandler (ContextHandler.java:doStop(910)) - Stopped o.e.j.s.ServletContextHandler@482c351d{/static,file:///workdir/hadoop-ozone/integration-test/target/test-classes/webapps/static,UNAVAILABLE}
2019-09-02 17:30:04,994 [main] INFO  handler.ContextHandler (ContextHandler.java:doStop(910)) - Stopped o.e.j.s.ServletContextHandler@284bdeed{/logs,file:///workdir/hadoop-ozone/integration-test/target/log,UNAVAILABLE}
2019-09-02 17:30:04,995 [main] INFO  server.StorageContainerManager (StorageContainerManager.java:stop(844)) - Stopping Block Manager Service.
2019-09-02 17:30:04,995 [main] INFO  utils.BackgroundService (BackgroundService.java:shutdown(148)) - Shutting down service SCMBlockDeletingService
2019-09-02 17:30:04,996 [main] INFO  utils.BackgroundService (BackgroundService.java:shutdown(148)) - Shutting down service SCMBlockDeletingService
2019-09-02 17:30:04,996 [main] INFO  server.StorageContainerManager (StorageContainerManager.java:stop(866)) - Stopping SCM Event Queue.
2019-09-02 17:30:05,000 [main] INFO  impl.MetricsSystemImpl (MetricsSystemImpl.java:stop(210)) - Stopping HddsDatanode metrics system...
2019-09-02 17:30:05,011 [main] INFO  impl.MetricsSystemImpl (MetricsSystemImpl.java:stop(216)) - HddsDatanode metrics system stopped.
]]></system-out>
  </testcase>
  <testcase name="testFailureWithPrimeSizedData" classname="org.apache.hadoop.ozone.client.rpc.TestBlockOutputStreamWithFailures" time="34.835"/>
  <testcase name="testWatchForCommitWithCloseContainerException" classname="org.apache.hadoop.ozone.client.rpc.TestBlockOutputStreamWithFailures" time="38.394"/>
  <testcase name="testExceptionDuringClose" classname="org.apache.hadoop.ozone.client.rpc.TestBlockOutputStreamWithFailures" time="35.295"/>
</testsuite>