<?xml version="1.0" encoding="UTF-8"?>
<testsuite xmlns:xsi="http://www.w3.org/2001/XMLSchema-instance" xsi:noNamespaceSchemaLocation="https://maven.apache.org/surefire/maven-surefire-plugin/xsd/surefire-test-report.xsd" name="org.apache.hadoop.ozone.client.rpc.TestOzoneClientRetriesOnException" time="156.294" tests="2" errors="1" skipped="0" failures="0">
  <properties>
    <property name="awt.toolkit" value="sun.awt.X11.XToolkit"/>
    <property name="file.encoding.pkg" value="sun.io"/>
    <property name="java.specification.version" value="1.8"/>
    <property name="sun.cpu.isalist" value=""/>
    <property name="sun.jnu.encoding" value="UTF-8"/>
    <property name="java.class.path" value="/workdir/hadoop-ozone/integration-test/target/test-classes:/workdir/hadoop-ozone/integration-test/target/classes:/home/user/.m2/repository/org/apache/hadoop/hadoop-ozone-common/0.5.0-SNAPSHOT/hadoop-ozone-common-0.5.0-SNAPSHOT.jar:/home/user/.m2/repository/org/apache/commons/commons-compress/1.4.1/commons-compress-1.4.1.jar:/home/user/.m2/repository/org/tukaani/xz/1.0/xz-1.0.jar:/home/user/.m2/repository/org/apache/hadoop/hadoop-common/3.2.0/hadoop-common-3.2.0.jar:/home/user/.m2/repository/org/apache/hadoop/hadoop-hdfs/3.2.0/hadoop-hdfs-3.2.0.jar:/home/user/.m2/repository/org/apache/hadoop/hadoop-hdfs-client/3.2.0/hadoop-hdfs-client-3.2.0.jar:/home/user/.m2/repository/com/fasterxml/jackson/core/jackson-annotations/2.9.9/jackson-annotations-2.9.9.jar:/home/user/.m2/repository/org/apache/hadoop/hadoop-hdds-common/0.5.0-SNAPSHOT/hadoop-hdds-common-0.5.0-SNAPSHOT.jar:/home/user/.m2/repository/javax/annotation/javax.annotation-api/1.2/javax.annotation-api-1.2.jar:/home/user/.m2/repository/org/apache/ratis/ratis-server/0.4.0/ratis-server-0.4.0.jar:/home/user/.m2/repository/org/apache/ratis/ratis-thirdparty-misc/0.2.0/ratis-thirdparty-misc-0.2.0.jar:/home/user/.m2/repository/org/apache/ratis/ratis-proto/0.4.0/ratis-proto-0.4.0.jar:/home/user/.m2/repository/org/apache/ratis/ratis-common/0.4.0/ratis-common-0.4.0.jar:/home/user/.m2/repository/org/apache/ratis/ratis-client/0.4.0/ratis-client-0.4.0.jar:/home/user/.m2/repository/org/apache/ratis/ratis-metrics/0.4.0/ratis-metrics-0.4.0.jar:/home/user/.m2/repository/com/github/joshelser/dropwizard-metrics-hadoop-metrics2-reporter/0.1.2/dropwizard-metrics-hadoop-metrics2-reporter-0.1.2.jar:/home/user/.m2/repository/io/dropwizard/metrics/metrics-jvm/3.2.5/metrics-jvm-3.2.5.jar:/home/user/.m2/repository/io/dropwizard/metrics/metrics-ganglia/3.2.5/metrics-ganglia-3.2.5.jar:/home/user/.m2/repository/info/ganglia/gmetric4j/gmetric4j/1.0.7/gmetric4j-1.0.7.jar:/home/user/.m2/repository/org/apache/ratis/ratis-netty/0.4.0/ratis-netty-0.4.0.jar:/home/user/.m2/repository/org/apache/ratis/ratis-grpc/0.4.0/ratis-grpc-0.4.0.jar:/home/user/.m2/repository/org/rocksdb/rocksdbjni/6.0.1/rocksdbjni-6.0.1.jar:/home/user/.m2/repository/org/apache/logging/log4j/log4j-api/2.11.0/log4j-api-2.11.0.jar:/home/user/.m2/repository/org/apache/logging/log4j/log4j-core/2.11.0/log4j-core-2.11.0.jar:/home/user/.m2/repository/com/lmax/disruptor/3.4.2/disruptor-3.4.2.jar:/home/user/.m2/repository/org/apache/commons/commons-pool2/2.6.0/commons-pool2-2.6.0.jar:/home/user/.m2/repository/org/bouncycastle/bcpkix-jdk15on/1.60/bcpkix-jdk15on-1.60.jar:/home/user/.m2/repository/commons-validator/commons-validator/1.6/commons-validator-1.6.jar:/home/user/.m2/repository/commons-digester/commons-digester/1.8.1/commons-digester-1.8.1.jar:/home/user/.m2/repository/io/jaegertracing/jaeger-client/0.34.0/jaeger-client-0.34.0.jar:/home/user/.m2/repository/io/jaegertracing/jaeger-thrift/0.34.0/jaeger-thrift-0.34.0.jar:/home/user/.m2/repository/org/apache/thrift/libthrift/0.12.0/libthrift-0.12.0.jar:/home/user/.m2/repository/com/squareup/okhttp3/okhttp/3.9.0/okhttp-3.9.0.jar:/home/user/.m2/repository/com/squareup/okio/okio/1.13.0/okio-1.13.0.jar:/home/user/.m2/repository/io/jaegertracing/jaeger-core/0.34.0/jaeger-core-0.34.0.jar:/home/user/.m2/repository/io/jaegertracing/jaeger-tracerresolver/0.34.0/jaeger-tracerresolver-0.34.0.jar:/home/user/.m2/repository/io/opentracing/contrib/opentracing-tracerresolver/0.1.5/opentracing-tracerresolver-0.1.5.jar:/home/user/.m2/repository/io/opentracing/opentracing-util/0.31.0/opentracing-util-0.31.0.jar:/home/user/.m2/repository/io/opentracing/opentracing-api/0.31.0/opentracing-api-0.31.0.jar:/home/user/.m2/repository/io/opentracing/opentracing-noop/0.31.0/opentracing-noop-0.31.0.jar:/home/user/.m2/repository/org/apache/hadoop/hadoop-hdds-server-framework/0.5.0-SNAPSHOT/hadoop-hdds-server-framework-0.5.0-SNAPSHOT.jar:/home/user/.m2/repository/org/apache/hadoop/hadoop-hdds-container-service/0.5.0-SNAPSHOT/hadoop-hdds-container-service-0.5.0-SNAPSHOT.jar:/home/user/.m2/repository/org/apache/hadoop/hadoop-hdds-client/0.5.0-SNAPSHOT/hadoop-hdds-client-0.5.0-SNAPSHOT.jar:/home/user/.m2/repository/org/apache/hadoop/hadoop-hdds-tools/0.5.0-SNAPSHOT/hadoop-hdds-tools-0.5.0-SNAPSHOT.jar:/home/user/.m2/repository/org/apache/hadoop/hadoop-hdds-server-scm/0.5.0-SNAPSHOT/hadoop-hdds-server-scm-0.5.0-SNAPSHOT.jar:/home/user/.m2/repository/org/apache/hadoop/hadoop-hdds-docs/0.5.0-SNAPSHOT/hadoop-hdds-docs-0.5.0-SNAPSHOT.jar:/home/user/.m2/repository/io/dropwizard/metrics/metrics-core/3.2.4/metrics-core-3.2.4.jar:/home/user/.m2/repository/org/hamcrest/hamcrest-all/1.3/hamcrest-all-1.3.jar:/home/user/.m2/repository/org/bouncycastle/bcprov-jdk15on/1.60/bcprov-jdk15on-1.60.jar:/home/user/.m2/repository/info/picocli/picocli/3.9.6/picocli-3.9.6.jar:/home/user/.m2/repository/com/google/protobuf/protobuf-java/2.5.0/protobuf-java-2.5.0.jar:/home/user/.m2/repository/com/google/guava/guava/11.0.2/guava-11.0.2.jar:/home/user/.m2/repository/org/apache/hadoop/hadoop-ozone-ozone-manager/0.5.0-SNAPSHOT/hadoop-ozone-ozone-manager-0.5.0-SNAPSHOT.jar:/home/user/.m2/repository/org/apache/hadoop/hadoop-minikdc/3.2.0/hadoop-minikdc-3.2.0.jar:/home/user/.m2/repository/commons-io/commons-io/2.5/commons-io-2.5.jar:/home/user/.m2/repository/org/apache/kerby/kerb-simplekdc/1.0.1/kerb-simplekdc-1.0.1.jar:/home/user/.m2/repository/org/apache/kerby/kerb-client/1.0.1/kerb-client-1.0.1.jar:/home/user/.m2/repository/org/apache/kerby/kerby-config/1.0.1/kerby-config-1.0.1.jar:/home/user/.m2/repository/org/apache/kerby/kerb-core/1.0.1/kerb-core-1.0.1.jar:/home/user/.m2/repository/org/apache/kerby/kerby-pkix/1.0.1/kerby-pkix-1.0.1.jar:/home/user/.m2/repository/org/apache/kerby/kerby-asn1/1.0.1/kerby-asn1-1.0.1.jar:/home/user/.m2/repository/org/apache/kerby/kerby-util/1.0.1/kerby-util-1.0.1.jar:/home/user/.m2/repository/org/apache/kerby/kerb-common/1.0.1/kerb-common-1.0.1.jar:/home/user/.m2/repository/org/apache/kerby/kerb-crypto/1.0.1/kerb-crypto-1.0.1.jar:/home/user/.m2/repository/org/apache/kerby/kerb-util/1.0.1/kerb-util-1.0.1.jar:/home/user/.m2/repository/org/apache/kerby/token-provider/1.0.1/token-provider-1.0.1.jar:/home/user/.m2/repository/org/apache/kerby/kerb-admin/1.0.1/kerb-admin-1.0.1.jar:/home/user/.m2/repository/org/apache/kerby/kerb-server/1.0.1/kerb-server-1.0.1.jar:/home/user/.m2/repository/org/apache/kerby/kerb-identity/1.0.1/kerb-identity-1.0.1.jar:/home/user/.m2/repository/org/apache/kerby/kerby-xdr/1.0.1/kerby-xdr-1.0.1.jar:/home/user/.m2/repository/org/slf4j/slf4j-log4j12/1.7.25/slf4j-log4j12-1.7.25.jar:/home/user/.m2/repository/org/apache/hadoop/hadoop-ozone-s3gateway/0.5.0-SNAPSHOT/hadoop-ozone-s3gateway-0.5.0-SNAPSHOT.jar:/home/user/.m2/repository/org/jboss/weld/servlet/weld-servlet/2.4.7.Final/weld-servlet-2.4.7.Final.jar:/home/user/.m2/repository/org/glassfish/jersey/containers/jersey-container-servlet-core/2.27/jersey-container-servlet-core-2.27.jar:/home/user/.m2/repository/org/glassfish/hk2/external/javax.inject/2.5.0-b42/javax.inject-2.5.0-b42.jar:/home/user/.m2/repository/org/glassfish/jersey/core/jersey-common/2.27/jersey-common-2.27.jar:/home/user/.m2/repository/org/glassfish/hk2/osgi-resource-locator/1.0.1/osgi-resource-locator-1.0.1.jar:/home/user/.m2/repository/javax/ws/rs/javax.ws.rs-api/2.1/javax.ws.rs-api-2.1.jar:/home/user/.m2/repository/org/glassfish/jersey/ext/cdi/jersey-cdi1x/2.27/jersey-cdi1x-2.27.jar:/home/user/.m2/repository/org/glassfish/jersey/inject/jersey-hk2/2.27/jersey-hk2-2.27.jar:/home/user/.m2/repository/org/glassfish/hk2/hk2-locator/2.5.0-b42/hk2-locator-2.5.0-b42.jar:/home/user/.m2/repository/org/javassist/javassist/3.22.0-CR2/javassist-3.22.0-CR2.jar:/home/user/.m2/repository/org/glassfish/hk2/hk2-api/2.5.0/hk2-api-2.5.0.jar:/home/user/.m2/repository/org/glassfish/hk2/external/jakarta.inject/2.5.0/jakarta.inject-2.5.0.jar:/home/user/.m2/repository/org/glassfish/hk2/hk2-utils/2.5.0/hk2-utils-2.5.0.jar:/home/user/.m2/repository/jakarta/annotation/jakarta.annotation-api/1.3.4/jakarta.annotation-api-1.3.4.jar:/home/user/.m2/repository/org/glassfish/hk2/external/aopalliance-repackaged/2.5.0/aopalliance-repackaged-2.5.0.jar:/home/user/.m2/repository/com/fasterxml/jackson/dataformat/jackson-dataformat-xml/2.9.0/jackson-dataformat-xml-2.9.0.jar:/home/user/.m2/repository/com/fasterxml/jackson/core/jackson-core/2.9.9/jackson-core-2.9.9.jar:/home/user/.m2/repository/com/fasterxml/jackson/module/jackson-module-jaxb-annotations/2.9.9/jackson-module-jaxb-annotations-2.9.9.jar:/home/user/.m2/repository/javax/enterprise/cdi-api/1.2/cdi-api-1.2.jar:/home/user/.m2/repository/javax/el/javax.el-api/3.0.0/javax.el-api-3.0.0.jar:/home/user/.m2/repository/javax/interceptor/javax.interceptor-api/1.2/javax.interceptor-api-1.2.jar:/home/user/.m2/repository/javax/inject/javax.inject/1/javax.inject-1.jar:/home/user/.m2/repository/com/sun/xml/bind/jaxb-impl/2.3.0.1/jaxb-impl-2.3.0.1.jar:/home/user/.m2/repository/com/sun/xml/bind/jaxb-core/2.3.0.1/jaxb-core-2.3.0.1.jar:/home/user/.m2/repository/javax/xml/bind/jaxb-api/2.3.0/jaxb-api-2.3.0.jar:/home/user/.m2/repository/javax/activation/activation/1.1.1/activation-1.1.1.jar:/home/user/.m2/repository/org/apache/hadoop/hadoop-ozone-csi/0.5.0-SNAPSHOT/hadoop-ozone-csi-0.5.0-SNAPSHOT.jar:/home/user/.m2/repository/com/google/protobuf/protobuf-java-util/3.5.1/protobuf-java-util-3.5.1.jar:/home/user/.m2/repository/org/apache/hadoop/hadoop-hdds-config/0.5.0-SNAPSHOT/hadoop-hdds-config-0.5.0-SNAPSHOT.jar:/home/user/.m2/repository/io/grpc/grpc-netty/1.17.1/grpc-netty-1.17.1.jar:/home/user/.m2/repository/io/grpc/grpc-core/1.17.1/grpc-core-1.17.1.jar:/home/user/.m2/repository/io/grpc/grpc-context/1.17.1/grpc-context-1.17.1.jar:/home/user/.m2/repository/com/google/errorprone/error_prone_annotations/2.2.0/error_prone_annotations-2.2.0.jar:/home/user/.m2/repository/org/codehaus/mojo/animal-sniffer-annotations/1.17/animal-sniffer-annotations-1.17.jar:/home/user/.m2/repository/io/opencensus/opencensus-api/0.17.0/opencensus-api-0.17.0.jar:/home/user/.m2/repository/io/opencensus/opencensus-contrib-grpc-metrics/0.17.0/opencensus-contrib-grpc-metrics-0.17.0.jar:/home/user/.m2/repository/io/netty/netty-codec-http2/4.1.30.Final/netty-codec-http2-4.1.30.Final.jar:/home/user/.m2/repository/io/netty/netty-codec-http/4.1.30.Final/netty-codec-http-4.1.30.Final.jar:/home/user/.m2/repository/io/netty/netty-codec/4.1.30.Final/netty-codec-4.1.30.Final.jar:/home/user/.m2/repository/io/netty/netty-handler/4.1.30.Final/netty-handler-4.1.30.Final.jar:/home/user/.m2/repository/io/netty/netty-handler-proxy/4.1.30.Final/netty-handler-proxy-4.1.30.Final.jar:/home/user/.m2/repository/io/netty/netty-codec-socks/4.1.30.Final/netty-codec-socks-4.1.30.Final.jar:/home/user/.m2/repository/io/netty/netty-transport-native-epoll/4.1.30.Final/netty-transport-native-epoll-4.1.30.Final.jar:/home/user/.m2/repository/io/netty/netty-common/4.1.30.Final/netty-common-4.1.30.Final.jar:/home/user/.m2/repository/io/netty/netty-buffer/4.1.30.Final/netty-buffer-4.1.30.Final.jar:/home/user/.m2/repository/io/netty/netty-transport/4.1.30.Final/netty-transport-4.1.30.Final.jar:/home/user/.m2/repository/io/netty/netty-resolver/4.1.30.Final/netty-resolver-4.1.30.Final.jar:/home/user/.m2/repository/io/netty/netty-transport-native-unix-common/4.1.30.Final/netty-transport-native-unix-common-4.1.30.Final.jar:/home/user/.m2/repository/io/grpc/grpc-protobuf/1.17.1/grpc-protobuf-1.17.1.jar:/home/user/.m2/repository/com/google/api/grpc/proto-google-common-protos/1.0.0/proto-google-common-protos-1.0.0.jar:/home/user/.m2/repository/io/grpc/grpc-protobuf-lite/1.17.1/grpc-protobuf-lite-1.17.1.jar:/home/user/.m2/repository/io/grpc/grpc-stub/1.17.1/grpc-stub-1.17.1.jar:/home/user/.m2/repository/org/apache/hadoop/hadoop-ozone-recon/0.5.0-SNAPSHOT/hadoop-ozone-recon-0.5.0-SNAPSHOT.jar:/home/user/.m2/repository/org/apache/hadoop/hadoop-ozone-reconcodegen/0.5.0-SNAPSHOT/hadoop-ozone-reconcodegen-0.5.0-SNAPSHOT.jar:/home/user/.m2/repository/com/google/inject/extensions/guice-multibindings/4.0/guice-multibindings-4.0.jar:/home/user/.m2/repository/com/google/inject/guice/4.0/guice-4.0.jar:/home/user/.m2/repository/aopalliance/aopalliance/1.0/aopalliance-1.0.jar:/home/user/.m2/repository/com/google/inject/extensions/guice-servlet/4.0/guice-servlet-4.0.jar:/home/user/.m2/repository/org/glassfish/jersey/containers/jersey-container-servlet/2.27/jersey-container-servlet-2.27.jar:/home/user/.m2/repository/org/glassfish/hk2/guice-bridge/2.5.0/guice-bridge-2.5.0.jar:/home/user/.m2/repository/org/glassfish/jersey/core/jersey-server/2.27/jersey-server-2.27.jar:/home/user/.m2/repository/org/glassfish/jersey/core/jersey-client/2.27/jersey-client-2.27.jar:/home/user/.m2/repository/org/glassfish/jersey/media/jersey-media-jaxb/2.27/jersey-media-jaxb-2.27.jar:/home/user/.m2/repository/javax/validation/validation-api/1.1.0.Final/validation-api-1.1.0.Final.jar:/home/user/.m2/repository/org/glassfish/jersey/media/jersey-media-json-jackson/2.27/jersey-media-json-jackson-2.27.jar:/home/user/.m2/repository/org/glassfish/jersey/ext/jersey-entity-filtering/2.27/jersey-entity-filtering-2.27.jar:/home/user/.m2/repository/com/google/inject/extensions/guice-assistedinject/4.0/guice-assistedinject-4.0.jar:/home/user/.m2/repository/org/jooq/jooq/3.11.10/jooq-3.11.10.jar:/home/user/.m2/repository/org/jooq/jooq-meta/3.11.10/jooq-meta-3.11.10.jar:/home/user/.m2/repository/org/jooq/jooq-codegen/3.11.10/jooq-codegen-3.11.10.jar:/home/user/.m2/repository/com/jolbox/bonecp/0.8.0.RELEASE/bonecp-0.8.0.RELEASE.jar:/home/user/.m2/repository/org/xerial/sqlite-jdbc/3.25.2/sqlite-jdbc-3.25.2.jar:/home/user/.m2/repository/org/springframework/spring-jdbc/5.1.3.RELEASE/spring-jdbc-5.1.3.RELEASE.jar:/home/user/.m2/repository/org/springframework/spring-beans/5.1.3.RELEASE/spring-beans-5.1.3.RELEASE.jar:/home/user/.m2/repository/org/springframework/spring-core/5.1.3.RELEASE/spring-core-5.1.3.RELEASE.jar:/home/user/.m2/repository/org/springframework/spring-jcl/5.1.3.RELEASE/spring-jcl-5.1.3.RELEASE.jar:/home/user/.m2/repository/org/springframework/spring-tx/5.1.3.RELEASE/spring-tx-5.1.3.RELEASE.jar:/home/user/.m2/repository/org/apache/hadoop/hadoop-ozone-client/0.5.0-SNAPSHOT/hadoop-ozone-client-0.5.0-SNAPSHOT.jar:/home/user/.m2/repository/commons-lang/commons-lang/2.6/commons-lang-2.6.jar:/home/user/.m2/repository/org/apache/hadoop/hadoop-ozone-ozone-manager/0.5.0-SNAPSHOT/hadoop-ozone-ozone-manager-0.5.0-SNAPSHOT-tests.jar:/home/user/.m2/repository/junit/junit/4.11/junit-4.11.jar:/home/user/.m2/repository/org/hamcrest/hamcrest-core/1.3/hamcrest-core-1.3.jar:/home/user/.m2/repository/org/openjdk/jmh/jmh-core/1.19/jmh-core-1.19.jar:/home/user/.m2/repository/net/sf/jopt-simple/jopt-simple/4.6/jopt-simple-4.6.jar:/home/user/.m2/repository/org/apache/commons/commons-math3/3.1.1/commons-math3-3.1.1.jar:/home/user/.m2/repository/org/openjdk/jmh/jmh-generator-annprocess/1.19/jmh-generator-annprocess-1.19.jar:/home/user/.m2/repository/org/mockito/mockito-all/1.8.5/mockito-all-1.8.5.jar:/home/user/.m2/repository/org/apache/hadoop/hadoop-kms/3.2.0/hadoop-kms-3.2.0.jar:/home/user/.m2/repository/org/apache/hadoop/hadoop-auth/3.2.0/hadoop-auth-3.2.0.jar:/home/user/.m2/repository/com/nimbusds/nimbus-jose-jwt/4.41.1/nimbus-jose-jwt-4.41.1.jar:/home/user/.m2/repository/com/github/stephenc/jcip/jcip-annotations/1.0-1/jcip-annotations-1.0-1.jar:/home/user/.m2/repository/net/minidev/json-smart/2.3/json-smart-2.3.jar:/home/user/.m2/repository/net/minidev/accessors-smart/1.2/accessors-smart-1.2.jar:/home/user/.m2/repository/org/ow2/asm/asm/5.0.4/asm-5.0.4.jar:/home/user/.m2/repository/org/apache/curator/curator-framework/2.12.0/curator-framework-2.12.0.jar:/home/user/.m2/repository/com/sun/jersey/jersey-core/1.19/jersey-core-1.19.jar:/home/user/.m2/repository/javax/ws/rs/jsr311-api/1.1.1/jsr311-api-1.1.1.jar:/home/user/.m2/repository/com/sun/jersey/jersey-server/1.19/jersey-server-1.19.jar:/home/user/.m2/repository/javax/servlet/javax.servlet-api/3.1.0/javax.servlet-api-3.1.0.jar:/home/user/.m2/repository/org/eclipse/jetty/jetty-server/9.3.25.v20180904/jetty-server-9.3.25.v20180904.jar:/home/user/.m2/repository/org/eclipse/jetty/jetty-http/9.3.25.v20180904/jetty-http-9.3.25.v20180904.jar:/home/user/.m2/repository/org/eclipse/jetty/jetty-io/9.3.25.v20180904/jetty-io-9.3.25.v20180904.jar:/home/user/.m2/repository/org/eclipse/jetty/jetty-webapp/9.3.25.v20180904/jetty-webapp-9.3.25.v20180904.jar:/home/user/.m2/repository/org/eclipse/jetty/jetty-xml/9.3.25.v20180904/jetty-xml-9.3.25.v20180904.jar:/home/user/.m2/repository/log4j/log4j/1.2.17/log4j-1.2.17.jar:/home/user/.m2/repository/org/slf4j/slf4j-api/1.7.25/slf4j-api-1.7.25.jar:/home/user/.m2/repository/org/slf4j/jul-to-slf4j/1.7.25/jul-to-slf4j-1.7.25.jar:/home/user/.m2/repository/org/eclipse/jetty/jetty-util/9.3.25.v20180904/jetty-util-9.3.25.v20180904.jar:/home/user/.m2/repository/com/fasterxml/jackson/core/jackson-databind/2.9.9/jackson-databind-2.9.9.jar:/home/user/.m2/repository/org/apache/hadoop/hadoop-kms/3.2.0/hadoop-kms-3.2.0-tests.jar:/home/user/.m2/repository/org/apache/hadoop/hadoop-hdds-server-scm/0.5.0-SNAPSHOT/hadoop-hdds-server-scm-0.5.0-SNAPSHOT-tests.jar:/home/user/.m2/repository/org/apache/hadoop/hadoop-hdds-container-service/0.5.0-SNAPSHOT/hadoop-hdds-container-service-0.5.0-SNAPSHOT-tests.jar:/home/user/.m2/repository/org/yaml/snakeyaml/1.16/snakeyaml-1.16.jar:/home/user/.m2/repository/org/apache/hadoop/hadoop-common/3.2.0/hadoop-common-3.2.0-tests.jar:/home/user/.m2/repository/org/apache/hadoop/hadoop-annotations/3.2.0/hadoop-annotations-3.2.0.jar:/usr/lib/jvm/java-1.8-openjdk/jre/../lib/tools.jar:/home/user/.m2/repository/commons-cli/commons-cli/1.2/commons-cli-1.2.jar:/home/user/.m2/repository/org/apache/httpcomponents/httpclient/4.5.2/httpclient-4.5.2.jar:/home/user/.m2/repository/org/apache/httpcomponents/httpcore/4.4.4/httpcore-4.4.4.jar:/home/user/.m2/repository/commons-codec/commons-codec/1.11/commons-codec-1.11.jar:/home/user/.m2/repository/commons-net/commons-net/3.6/commons-net-3.6.jar:/home/user/.m2/repository/commons-collections/commons-collections/3.2.2/commons-collections-3.2.2.jar:/home/user/.m2/repository/org/eclipse/jetty/jetty-servlet/9.3.25.v20180904/jetty-servlet-9.3.25.v20180904.jar:/home/user/.m2/repository/org/eclipse/jetty/jetty-security/9.3.25.v20180904/jetty-security-9.3.25.v20180904.jar:/home/user/.m2/repository/javax/servlet/jsp/jsp-api/2.1/jsp-api-2.1.jar:/home/user/.m2/repository/com/sun/jersey/jersey-servlet/1.19/jersey-servlet-1.19.jar:/home/user/.m2/repository/com/sun/jersey/jersey-json/1.19/jersey-json-1.19.jar:/home/user/.m2/repository/org/codehaus/jettison/jettison/1.1/jettison-1.1.jar:/home/user/.m2/repository/org/codehaus/jackson/jackson-core-asl/1.9.13/jackson-core-asl-1.9.13.jar:/home/user/.m2/repository/org/codehaus/jackson/jackson-mapper-asl/1.9.13/jackson-mapper-asl-1.9.13.jar:/home/user/.m2/repository/org/codehaus/jackson/jackson-jaxrs/1.9.13/jackson-jaxrs-1.9.13.jar:/home/user/.m2/repository/org/codehaus/jackson/jackson-xc/1.9.13/jackson-xc-1.9.13.jar:/home/user/.m2/repository/commons-logging/commons-logging/1.1.3/commons-logging-1.1.3.jar:/home/user/.m2/repository/commons-beanutils/commons-beanutils/1.9.4/commons-beanutils-1.9.4.jar:/home/user/.m2/repository/org/apache/commons/commons-configuration2/2.1.1/commons-configuration2-2.1.1.jar:/home/user/.m2/repository/org/apache/commons/commons-lang3/3.7/commons-lang3-3.7.jar:/home/user/.m2/repository/org/apache/commons/commons-text/1.4/commons-text-1.4.jar:/home/user/.m2/repository/org/apache/avro/avro/1.7.7/avro-1.7.7.jar:/home/user/.m2/repository/com/thoughtworks/paranamer/paranamer/2.3/paranamer-2.3.jar:/home/user/.m2/repository/org/xerial/snappy/snappy-java/1.0.5/snappy-java-1.0.5.jar:/home/user/.m2/repository/com/google/re2j/re2j/1.1/re2j-1.1.jar:/home/user/.m2/repository/com/google/code/gson/gson/2.2.4/gson-2.2.4.jar:/home/user/.m2/repository/com/jcraft/jsch/0.1.54/jsch-0.1.54.jar:/home/user/.m2/repository/org/apache/curator/curator-client/2.12.0/curator-client-2.12.0.jar:/home/user/.m2/repository/org/apache/curator/curator-recipes/2.12.0/curator-recipes-2.12.0.jar:/home/user/.m2/repository/com/google/code/findbugs/jsr305/3.0.0/jsr305-3.0.0.jar:/home/user/.m2/repository/org/apache/htrace/htrace-core4/4.1.0-incubating/htrace-core4-4.1.0-incubating.jar:/home/user/.m2/repository/org/apache/zookeeper/zookeeper/3.4.13/zookeeper-3.4.13.jar:/home/user/.m2/repository/jline/jline/0.9.94/jline-0.9.94.jar:/home/user/.m2/repository/org/apache/yetus/audience-annotations/0.5.0/audience-annotations-0.5.0.jar:/home/user/.m2/repository/org/codehaus/woodstox/stax2-api/3.1.4/stax2-api-3.1.4.jar:/home/user/.m2/repository/com/fasterxml/woodstox/woodstox-core/5.0.3/woodstox-core-5.0.3.jar:/home/user/.m2/repository/dnsjava/dnsjava/2.1.7/dnsjava-2.1.7.jar:/home/user/.m2/repository/org/apache/hadoop/hadoop-hdfs/3.2.0/hadoop-hdfs-3.2.0-tests.jar:/home/user/.m2/repository/org/eclipse/jetty/jetty-util-ajax/9.3.25.v20180904/jetty-util-ajax-9.3.25.v20180904.jar:/home/user/.m2/repository/commons-daemon/commons-daemon/1.0.13/commons-daemon-1.0.13.jar:/home/user/.m2/repository/io/netty/netty/3.10.5.Final/netty-3.10.5.Final.jar:/home/user/.m2/repository/io/netty/netty-all/4.0.52.Final/netty-all-4.0.52.Final.jar:/home/user/.m2/repository/org/fusesource/leveldbjni/leveldbjni-all/1.8/leveldbjni-all-1.8.jar:"/>
    <property name="java.vm.vendor" value="IcedTea"/>
    <property name="sun.arch.data.model" value="64"/>
    <property name="test.build.dir" value="/workdir/hadoop-ozone/integration-test/target/test-dir"/>
    <property name="test.cache.data" value=""/>
    <property name="java.vendor.url" value="https://icedtea.classpath.org"/>
    <property name="user.timezone" value=""/>
    <property name="java.vm.specification.version" value="1.8"/>
    <property name="os.name" value="Linux"/>
    <property name="test.build.data" value="/workdir/hadoop-ozone/integration-test/target/test-dir"/>
    <property name="user.country" value="US"/>
    <property name="sun.java.launcher" value="SUN_STANDARD"/>
    <property name="sun.boot.library.path" value="/usr/lib/jvm/java-1.8-openjdk/jre/lib/amd64"/>
    <property name="sun.java.command" value="/workdir/hadoop-ozone/integration-test/target/surefire/surefirebooter5040843886663972149.jar /workdir/hadoop-ozone/integration-test/target/surefire 2019-09-25T04-24-54_173-jvmRun1 surefire4593727233194306360tmp surefire_134035725346427705238tmp"/>
    <property name="test" value="!TestMiniChaosOzoneCluster"/>
    <property name="surefire.test.class.path" value="/workdir/hadoop-ozone/integration-test/target/test-classes:/workdir/hadoop-ozone/integration-test/target/classes:/home/user/.m2/repository/org/apache/hadoop/hadoop-ozone-common/0.5.0-SNAPSHOT/hadoop-ozone-common-0.5.0-SNAPSHOT.jar:/home/user/.m2/repository/org/apache/commons/commons-compress/1.4.1/commons-compress-1.4.1.jar:/home/user/.m2/repository/org/tukaani/xz/1.0/xz-1.0.jar:/home/user/.m2/repository/org/apache/hadoop/hadoop-common/3.2.0/hadoop-common-3.2.0.jar:/home/user/.m2/repository/org/apache/hadoop/hadoop-hdfs/3.2.0/hadoop-hdfs-3.2.0.jar:/home/user/.m2/repository/org/apache/hadoop/hadoop-hdfs-client/3.2.0/hadoop-hdfs-client-3.2.0.jar:/home/user/.m2/repository/com/fasterxml/jackson/core/jackson-annotations/2.9.9/jackson-annotations-2.9.9.jar:/home/user/.m2/repository/org/apache/hadoop/hadoop-hdds-common/0.5.0-SNAPSHOT/hadoop-hdds-common-0.5.0-SNAPSHOT.jar:/home/user/.m2/repository/javax/annotation/javax.annotation-api/1.2/javax.annotation-api-1.2.jar:/home/user/.m2/repository/org/apache/ratis/ratis-server/0.4.0/ratis-server-0.4.0.jar:/home/user/.m2/repository/org/apache/ratis/ratis-thirdparty-misc/0.2.0/ratis-thirdparty-misc-0.2.0.jar:/home/user/.m2/repository/org/apache/ratis/ratis-proto/0.4.0/ratis-proto-0.4.0.jar:/home/user/.m2/repository/org/apache/ratis/ratis-common/0.4.0/ratis-common-0.4.0.jar:/home/user/.m2/repository/org/apache/ratis/ratis-client/0.4.0/ratis-client-0.4.0.jar:/home/user/.m2/repository/org/apache/ratis/ratis-metrics/0.4.0/ratis-metrics-0.4.0.jar:/home/user/.m2/repository/com/github/joshelser/dropwizard-metrics-hadoop-metrics2-reporter/0.1.2/dropwizard-metrics-hadoop-metrics2-reporter-0.1.2.jar:/home/user/.m2/repository/io/dropwizard/metrics/metrics-jvm/3.2.5/metrics-jvm-3.2.5.jar:/home/user/.m2/repository/io/dropwizard/metrics/metrics-ganglia/3.2.5/metrics-ganglia-3.2.5.jar:/home/user/.m2/repository/info/ganglia/gmetric4j/gmetric4j/1.0.7/gmetric4j-1.0.7.jar:/home/user/.m2/repository/org/apache/ratis/ratis-netty/0.4.0/ratis-netty-0.4.0.jar:/home/user/.m2/repository/org/apache/ratis/ratis-grpc/0.4.0/ratis-grpc-0.4.0.jar:/home/user/.m2/repository/org/rocksdb/rocksdbjni/6.0.1/rocksdbjni-6.0.1.jar:/home/user/.m2/repository/org/apache/logging/log4j/log4j-api/2.11.0/log4j-api-2.11.0.jar:/home/user/.m2/repository/org/apache/logging/log4j/log4j-core/2.11.0/log4j-core-2.11.0.jar:/home/user/.m2/repository/com/lmax/disruptor/3.4.2/disruptor-3.4.2.jar:/home/user/.m2/repository/org/apache/commons/commons-pool2/2.6.0/commons-pool2-2.6.0.jar:/home/user/.m2/repository/org/bouncycastle/bcpkix-jdk15on/1.60/bcpkix-jdk15on-1.60.jar:/home/user/.m2/repository/commons-validator/commons-validator/1.6/commons-validator-1.6.jar:/home/user/.m2/repository/commons-digester/commons-digester/1.8.1/commons-digester-1.8.1.jar:/home/user/.m2/repository/io/jaegertracing/jaeger-client/0.34.0/jaeger-client-0.34.0.jar:/home/user/.m2/repository/io/jaegertracing/jaeger-thrift/0.34.0/jaeger-thrift-0.34.0.jar:/home/user/.m2/repository/org/apache/thrift/libthrift/0.12.0/libthrift-0.12.0.jar:/home/user/.m2/repository/com/squareup/okhttp3/okhttp/3.9.0/okhttp-3.9.0.jar:/home/user/.m2/repository/com/squareup/okio/okio/1.13.0/okio-1.13.0.jar:/home/user/.m2/repository/io/jaegertracing/jaeger-core/0.34.0/jaeger-core-0.34.0.jar:/home/user/.m2/repository/io/jaegertracing/jaeger-tracerresolver/0.34.0/jaeger-tracerresolver-0.34.0.jar:/home/user/.m2/repository/io/opentracing/contrib/opentracing-tracerresolver/0.1.5/opentracing-tracerresolver-0.1.5.jar:/home/user/.m2/repository/io/opentracing/opentracing-util/0.31.0/opentracing-util-0.31.0.jar:/home/user/.m2/repository/io/opentracing/opentracing-api/0.31.0/opentracing-api-0.31.0.jar:/home/user/.m2/repository/io/opentracing/opentracing-noop/0.31.0/opentracing-noop-0.31.0.jar:/home/user/.m2/repository/org/apache/hadoop/hadoop-hdds-server-framework/0.5.0-SNAPSHOT/hadoop-hdds-server-framework-0.5.0-SNAPSHOT.jar:/home/user/.m2/repository/org/apache/hadoop/hadoop-hdds-container-service/0.5.0-SNAPSHOT/hadoop-hdds-container-service-0.5.0-SNAPSHOT.jar:/home/user/.m2/repository/org/apache/hadoop/hadoop-hdds-client/0.5.0-SNAPSHOT/hadoop-hdds-client-0.5.0-SNAPSHOT.jar:/home/user/.m2/repository/org/apache/hadoop/hadoop-hdds-tools/0.5.0-SNAPSHOT/hadoop-hdds-tools-0.5.0-SNAPSHOT.jar:/home/user/.m2/repository/org/apache/hadoop/hadoop-hdds-server-scm/0.5.0-SNAPSHOT/hadoop-hdds-server-scm-0.5.0-SNAPSHOT.jar:/home/user/.m2/repository/org/apache/hadoop/hadoop-hdds-docs/0.5.0-SNAPSHOT/hadoop-hdds-docs-0.5.0-SNAPSHOT.jar:/home/user/.m2/repository/io/dropwizard/metrics/metrics-core/3.2.4/metrics-core-3.2.4.jar:/home/user/.m2/repository/org/hamcrest/hamcrest-all/1.3/hamcrest-all-1.3.jar:/home/user/.m2/repository/org/bouncycastle/bcprov-jdk15on/1.60/bcprov-jdk15on-1.60.jar:/home/user/.m2/repository/info/picocli/picocli/3.9.6/picocli-3.9.6.jar:/home/user/.m2/repository/com/google/protobuf/protobuf-java/2.5.0/protobuf-java-2.5.0.jar:/home/user/.m2/repository/com/google/guava/guava/11.0.2/guava-11.0.2.jar:/home/user/.m2/repository/org/apache/hadoop/hadoop-ozone-ozone-manager/0.5.0-SNAPSHOT/hadoop-ozone-ozone-manager-0.5.0-SNAPSHOT.jar:/home/user/.m2/repository/org/apache/hadoop/hadoop-minikdc/3.2.0/hadoop-minikdc-3.2.0.jar:/home/user/.m2/repository/commons-io/commons-io/2.5/commons-io-2.5.jar:/home/user/.m2/repository/org/apache/kerby/kerb-simplekdc/1.0.1/kerb-simplekdc-1.0.1.jar:/home/user/.m2/repository/org/apache/kerby/kerb-client/1.0.1/kerb-client-1.0.1.jar:/home/user/.m2/repository/org/apache/kerby/kerby-config/1.0.1/kerby-config-1.0.1.jar:/home/user/.m2/repository/org/apache/kerby/kerb-core/1.0.1/kerb-core-1.0.1.jar:/home/user/.m2/repository/org/apache/kerby/kerby-pkix/1.0.1/kerby-pkix-1.0.1.jar:/home/user/.m2/repository/org/apache/kerby/kerby-asn1/1.0.1/kerby-asn1-1.0.1.jar:/home/user/.m2/repository/org/apache/kerby/kerby-util/1.0.1/kerby-util-1.0.1.jar:/home/user/.m2/repository/org/apache/kerby/kerb-common/1.0.1/kerb-common-1.0.1.jar:/home/user/.m2/repository/org/apache/kerby/kerb-crypto/1.0.1/kerb-crypto-1.0.1.jar:/home/user/.m2/repository/org/apache/kerby/kerb-util/1.0.1/kerb-util-1.0.1.jar:/home/user/.m2/repository/org/apache/kerby/token-provider/1.0.1/token-provider-1.0.1.jar:/home/user/.m2/repository/org/apache/kerby/kerb-admin/1.0.1/kerb-admin-1.0.1.jar:/home/user/.m2/repository/org/apache/kerby/kerb-server/1.0.1/kerb-server-1.0.1.jar:/home/user/.m2/repository/org/apache/kerby/kerb-identity/1.0.1/kerb-identity-1.0.1.jar:/home/user/.m2/repository/org/apache/kerby/kerby-xdr/1.0.1/kerby-xdr-1.0.1.jar:/home/user/.m2/repository/org/slf4j/slf4j-log4j12/1.7.25/slf4j-log4j12-1.7.25.jar:/home/user/.m2/repository/org/apache/hadoop/hadoop-ozone-s3gateway/0.5.0-SNAPSHOT/hadoop-ozone-s3gateway-0.5.0-SNAPSHOT.jar:/home/user/.m2/repository/org/jboss/weld/servlet/weld-servlet/2.4.7.Final/weld-servlet-2.4.7.Final.jar:/home/user/.m2/repository/org/glassfish/jersey/containers/jersey-container-servlet-core/2.27/jersey-container-servlet-core-2.27.jar:/home/user/.m2/repository/org/glassfish/hk2/external/javax.inject/2.5.0-b42/javax.inject-2.5.0-b42.jar:/home/user/.m2/repository/org/glassfish/jersey/core/jersey-common/2.27/jersey-common-2.27.jar:/home/user/.m2/repository/org/glassfish/hk2/osgi-resource-locator/1.0.1/osgi-resource-locator-1.0.1.jar:/home/user/.m2/repository/javax/ws/rs/javax.ws.rs-api/2.1/javax.ws.rs-api-2.1.jar:/home/user/.m2/repository/org/glassfish/jersey/ext/cdi/jersey-cdi1x/2.27/jersey-cdi1x-2.27.jar:/home/user/.m2/repository/org/glassfish/jersey/inject/jersey-hk2/2.27/jersey-hk2-2.27.jar:/home/user/.m2/repository/org/glassfish/hk2/hk2-locator/2.5.0-b42/hk2-locator-2.5.0-b42.jar:/home/user/.m2/repository/org/javassist/javassist/3.22.0-CR2/javassist-3.22.0-CR2.jar:/home/user/.m2/repository/org/glassfish/hk2/hk2-api/2.5.0/hk2-api-2.5.0.jar:/home/user/.m2/repository/org/glassfish/hk2/external/jakarta.inject/2.5.0/jakarta.inject-2.5.0.jar:/home/user/.m2/repository/org/glassfish/hk2/hk2-utils/2.5.0/hk2-utils-2.5.0.jar:/home/user/.m2/repository/jakarta/annotation/jakarta.annotation-api/1.3.4/jakarta.annotation-api-1.3.4.jar:/home/user/.m2/repository/org/glassfish/hk2/external/aopalliance-repackaged/2.5.0/aopalliance-repackaged-2.5.0.jar:/home/user/.m2/repository/com/fasterxml/jackson/dataformat/jackson-dataformat-xml/2.9.0/jackson-dataformat-xml-2.9.0.jar:/home/user/.m2/repository/com/fasterxml/jackson/core/jackson-core/2.9.9/jackson-core-2.9.9.jar:/home/user/.m2/repository/com/fasterxml/jackson/module/jackson-module-jaxb-annotations/2.9.9/jackson-module-jaxb-annotations-2.9.9.jar:/home/user/.m2/repository/javax/enterprise/cdi-api/1.2/cdi-api-1.2.jar:/home/user/.m2/repository/javax/el/javax.el-api/3.0.0/javax.el-api-3.0.0.jar:/home/user/.m2/repository/javax/interceptor/javax.interceptor-api/1.2/javax.interceptor-api-1.2.jar:/home/user/.m2/repository/javax/inject/javax.inject/1/javax.inject-1.jar:/home/user/.m2/repository/com/sun/xml/bind/jaxb-impl/2.3.0.1/jaxb-impl-2.3.0.1.jar:/home/user/.m2/repository/com/sun/xml/bind/jaxb-core/2.3.0.1/jaxb-core-2.3.0.1.jar:/home/user/.m2/repository/javax/xml/bind/jaxb-api/2.3.0/jaxb-api-2.3.0.jar:/home/user/.m2/repository/javax/activation/activation/1.1.1/activation-1.1.1.jar:/home/user/.m2/repository/org/apache/hadoop/hadoop-ozone-csi/0.5.0-SNAPSHOT/hadoop-ozone-csi-0.5.0-SNAPSHOT.jar:/home/user/.m2/repository/com/google/protobuf/protobuf-java-util/3.5.1/protobuf-java-util-3.5.1.jar:/home/user/.m2/repository/org/apache/hadoop/hadoop-hdds-config/0.5.0-SNAPSHOT/hadoop-hdds-config-0.5.0-SNAPSHOT.jar:/home/user/.m2/repository/io/grpc/grpc-netty/1.17.1/grpc-netty-1.17.1.jar:/home/user/.m2/repository/io/grpc/grpc-core/1.17.1/grpc-core-1.17.1.jar:/home/user/.m2/repository/io/grpc/grpc-context/1.17.1/grpc-context-1.17.1.jar:/home/user/.m2/repository/com/google/errorprone/error_prone_annotations/2.2.0/error_prone_annotations-2.2.0.jar:/home/user/.m2/repository/org/codehaus/mojo/animal-sniffer-annotations/1.17/animal-sniffer-annotations-1.17.jar:/home/user/.m2/repository/io/opencensus/opencensus-api/0.17.0/opencensus-api-0.17.0.jar:/home/user/.m2/repository/io/opencensus/opencensus-contrib-grpc-metrics/0.17.0/opencensus-contrib-grpc-metrics-0.17.0.jar:/home/user/.m2/repository/io/netty/netty-codec-http2/4.1.30.Final/netty-codec-http2-4.1.30.Final.jar:/home/user/.m2/repository/io/netty/netty-codec-http/4.1.30.Final/netty-codec-http-4.1.30.Final.jar:/home/user/.m2/repository/io/netty/netty-codec/4.1.30.Final/netty-codec-4.1.30.Final.jar:/home/user/.m2/repository/io/netty/netty-handler/4.1.30.Final/netty-handler-4.1.30.Final.jar:/home/user/.m2/repository/io/netty/netty-handler-proxy/4.1.30.Final/netty-handler-proxy-4.1.30.Final.jar:/home/user/.m2/repository/io/netty/netty-codec-socks/4.1.30.Final/netty-codec-socks-4.1.30.Final.jar:/home/user/.m2/repository/io/netty/netty-transport-native-epoll/4.1.30.Final/netty-transport-native-epoll-4.1.30.Final.jar:/home/user/.m2/repository/io/netty/netty-common/4.1.30.Final/netty-common-4.1.30.Final.jar:/home/user/.m2/repository/io/netty/netty-buffer/4.1.30.Final/netty-buffer-4.1.30.Final.jar:/home/user/.m2/repository/io/netty/netty-transport/4.1.30.Final/netty-transport-4.1.30.Final.jar:/home/user/.m2/repository/io/netty/netty-resolver/4.1.30.Final/netty-resolver-4.1.30.Final.jar:/home/user/.m2/repository/io/netty/netty-transport-native-unix-common/4.1.30.Final/netty-transport-native-unix-common-4.1.30.Final.jar:/home/user/.m2/repository/io/grpc/grpc-protobuf/1.17.1/grpc-protobuf-1.17.1.jar:/home/user/.m2/repository/com/google/api/grpc/proto-google-common-protos/1.0.0/proto-google-common-protos-1.0.0.jar:/home/user/.m2/repository/io/grpc/grpc-protobuf-lite/1.17.1/grpc-protobuf-lite-1.17.1.jar:/home/user/.m2/repository/io/grpc/grpc-stub/1.17.1/grpc-stub-1.17.1.jar:/home/user/.m2/repository/org/apache/hadoop/hadoop-ozone-recon/0.5.0-SNAPSHOT/hadoop-ozone-recon-0.5.0-SNAPSHOT.jar:/home/user/.m2/repository/org/apache/hadoop/hadoop-ozone-reconcodegen/0.5.0-SNAPSHOT/hadoop-ozone-reconcodegen-0.5.0-SNAPSHOT.jar:/home/user/.m2/repository/com/google/inject/extensions/guice-multibindings/4.0/guice-multibindings-4.0.jar:/home/user/.m2/repository/com/google/inject/guice/4.0/guice-4.0.jar:/home/user/.m2/repository/aopalliance/aopalliance/1.0/aopalliance-1.0.jar:/home/user/.m2/repository/com/google/inject/extensions/guice-servlet/4.0/guice-servlet-4.0.jar:/home/user/.m2/repository/org/glassfish/jersey/containers/jersey-container-servlet/2.27/jersey-container-servlet-2.27.jar:/home/user/.m2/repository/org/glassfish/hk2/guice-bridge/2.5.0/guice-bridge-2.5.0.jar:/home/user/.m2/repository/org/glassfish/jersey/core/jersey-server/2.27/jersey-server-2.27.jar:/home/user/.m2/repository/org/glassfish/jersey/core/jersey-client/2.27/jersey-client-2.27.jar:/home/user/.m2/repository/org/glassfish/jersey/media/jersey-media-jaxb/2.27/jersey-media-jaxb-2.27.jar:/home/user/.m2/repository/javax/validation/validation-api/1.1.0.Final/validation-api-1.1.0.Final.jar:/home/user/.m2/repository/org/glassfish/jersey/media/jersey-media-json-jackson/2.27/jersey-media-json-jackson-2.27.jar:/home/user/.m2/repository/org/glassfish/jersey/ext/jersey-entity-filtering/2.27/jersey-entity-filtering-2.27.jar:/home/user/.m2/repository/com/google/inject/extensions/guice-assistedinject/4.0/guice-assistedinject-4.0.jar:/home/user/.m2/repository/org/jooq/jooq/3.11.10/jooq-3.11.10.jar:/home/user/.m2/repository/org/jooq/jooq-meta/3.11.10/jooq-meta-3.11.10.jar:/home/user/.m2/repository/org/jooq/jooq-codegen/3.11.10/jooq-codegen-3.11.10.jar:/home/user/.m2/repository/com/jolbox/bonecp/0.8.0.RELEASE/bonecp-0.8.0.RELEASE.jar:/home/user/.m2/repository/org/xerial/sqlite-jdbc/3.25.2/sqlite-jdbc-3.25.2.jar:/home/user/.m2/repository/org/springframework/spring-jdbc/5.1.3.RELEASE/spring-jdbc-5.1.3.RELEASE.jar:/home/user/.m2/repository/org/springframework/spring-beans/5.1.3.RELEASE/spring-beans-5.1.3.RELEASE.jar:/home/user/.m2/repository/org/springframework/spring-core/5.1.3.RELEASE/spring-core-5.1.3.RELEASE.jar:/home/user/.m2/repository/org/springframework/spring-jcl/5.1.3.RELEASE/spring-jcl-5.1.3.RELEASE.jar:/home/user/.m2/repository/org/springframework/spring-tx/5.1.3.RELEASE/spring-tx-5.1.3.RELEASE.jar:/home/user/.m2/repository/org/apache/hadoop/hadoop-ozone-client/0.5.0-SNAPSHOT/hadoop-ozone-client-0.5.0-SNAPSHOT.jar:/home/user/.m2/repository/commons-lang/commons-lang/2.6/commons-lang-2.6.jar:/home/user/.m2/repository/org/apache/hadoop/hadoop-ozone-ozone-manager/0.5.0-SNAPSHOT/hadoop-ozone-ozone-manager-0.5.0-SNAPSHOT-tests.jar:/home/user/.m2/repository/junit/junit/4.11/junit-4.11.jar:/home/user/.m2/repository/org/hamcrest/hamcrest-core/1.3/hamcrest-core-1.3.jar:/home/user/.m2/repository/org/openjdk/jmh/jmh-core/1.19/jmh-core-1.19.jar:/home/user/.m2/repository/net/sf/jopt-simple/jopt-simple/4.6/jopt-simple-4.6.jar:/home/user/.m2/repository/org/apache/commons/commons-math3/3.1.1/commons-math3-3.1.1.jar:/home/user/.m2/repository/org/openjdk/jmh/jmh-generator-annprocess/1.19/jmh-generator-annprocess-1.19.jar:/home/user/.m2/repository/org/mockito/mockito-all/1.8.5/mockito-all-1.8.5.jar:/home/user/.m2/repository/org/apache/hadoop/hadoop-kms/3.2.0/hadoop-kms-3.2.0.jar:/home/user/.m2/repository/org/apache/hadoop/hadoop-auth/3.2.0/hadoop-auth-3.2.0.jar:/home/user/.m2/repository/com/nimbusds/nimbus-jose-jwt/4.41.1/nimbus-jose-jwt-4.41.1.jar:/home/user/.m2/repository/com/github/stephenc/jcip/jcip-annotations/1.0-1/jcip-annotations-1.0-1.jar:/home/user/.m2/repository/net/minidev/json-smart/2.3/json-smart-2.3.jar:/home/user/.m2/repository/net/minidev/accessors-smart/1.2/accessors-smart-1.2.jar:/home/user/.m2/repository/org/ow2/asm/asm/5.0.4/asm-5.0.4.jar:/home/user/.m2/repository/org/apache/curator/curator-framework/2.12.0/curator-framework-2.12.0.jar:/home/user/.m2/repository/com/sun/jersey/jersey-core/1.19/jersey-core-1.19.jar:/home/user/.m2/repository/javax/ws/rs/jsr311-api/1.1.1/jsr311-api-1.1.1.jar:/home/user/.m2/repository/com/sun/jersey/jersey-server/1.19/jersey-server-1.19.jar:/home/user/.m2/repository/javax/servlet/javax.servlet-api/3.1.0/javax.servlet-api-3.1.0.jar:/home/user/.m2/repository/org/eclipse/jetty/jetty-server/9.3.25.v20180904/jetty-server-9.3.25.v20180904.jar:/home/user/.m2/repository/org/eclipse/jetty/jetty-http/9.3.25.v20180904/jetty-http-9.3.25.v20180904.jar:/home/user/.m2/repository/org/eclipse/jetty/jetty-io/9.3.25.v20180904/jetty-io-9.3.25.v20180904.jar:/home/user/.m2/repository/org/eclipse/jetty/jetty-webapp/9.3.25.v20180904/jetty-webapp-9.3.25.v20180904.jar:/home/user/.m2/repository/org/eclipse/jetty/jetty-xml/9.3.25.v20180904/jetty-xml-9.3.25.v20180904.jar:/home/user/.m2/repository/log4j/log4j/1.2.17/log4j-1.2.17.jar:/home/user/.m2/repository/org/slf4j/slf4j-api/1.7.25/slf4j-api-1.7.25.jar:/home/user/.m2/repository/org/slf4j/jul-to-slf4j/1.7.25/jul-to-slf4j-1.7.25.jar:/home/user/.m2/repository/org/eclipse/jetty/jetty-util/9.3.25.v20180904/jetty-util-9.3.25.v20180904.jar:/home/user/.m2/repository/com/fasterxml/jackson/core/jackson-databind/2.9.9/jackson-databind-2.9.9.jar:/home/user/.m2/repository/org/apache/hadoop/hadoop-kms/3.2.0/hadoop-kms-3.2.0-tests.jar:/home/user/.m2/repository/org/apache/hadoop/hadoop-hdds-server-scm/0.5.0-SNAPSHOT/hadoop-hdds-server-scm-0.5.0-SNAPSHOT-tests.jar:/home/user/.m2/repository/org/apache/hadoop/hadoop-hdds-container-service/0.5.0-SNAPSHOT/hadoop-hdds-container-service-0.5.0-SNAPSHOT-tests.jar:/home/user/.m2/repository/org/yaml/snakeyaml/1.16/snakeyaml-1.16.jar:/home/user/.m2/repository/org/apache/hadoop/hadoop-common/3.2.0/hadoop-common-3.2.0-tests.jar:/home/user/.m2/repository/org/apache/hadoop/hadoop-annotations/3.2.0/hadoop-annotations-3.2.0.jar:/usr/lib/jvm/java-1.8-openjdk/jre/../lib/tools.jar:/home/user/.m2/repository/commons-cli/commons-cli/1.2/commons-cli-1.2.jar:/home/user/.m2/repository/org/apache/httpcomponents/httpclient/4.5.2/httpclient-4.5.2.jar:/home/user/.m2/repository/org/apache/httpcomponents/httpcore/4.4.4/httpcore-4.4.4.jar:/home/user/.m2/repository/commons-codec/commons-codec/1.11/commons-codec-1.11.jar:/home/user/.m2/repository/commons-net/commons-net/3.6/commons-net-3.6.jar:/home/user/.m2/repository/commons-collections/commons-collections/3.2.2/commons-collections-3.2.2.jar:/home/user/.m2/repository/org/eclipse/jetty/jetty-servlet/9.3.25.v20180904/jetty-servlet-9.3.25.v20180904.jar:/home/user/.m2/repository/org/eclipse/jetty/jetty-security/9.3.25.v20180904/jetty-security-9.3.25.v20180904.jar:/home/user/.m2/repository/javax/servlet/jsp/jsp-api/2.1/jsp-api-2.1.jar:/home/user/.m2/repository/com/sun/jersey/jersey-servlet/1.19/jersey-servlet-1.19.jar:/home/user/.m2/repository/com/sun/jersey/jersey-json/1.19/jersey-json-1.19.jar:/home/user/.m2/repository/org/codehaus/jettison/jettison/1.1/jettison-1.1.jar:/home/user/.m2/repository/org/codehaus/jackson/jackson-core-asl/1.9.13/jackson-core-asl-1.9.13.jar:/home/user/.m2/repository/org/codehaus/jackson/jackson-mapper-asl/1.9.13/jackson-mapper-asl-1.9.13.jar:/home/user/.m2/repository/org/codehaus/jackson/jackson-jaxrs/1.9.13/jackson-jaxrs-1.9.13.jar:/home/user/.m2/repository/org/codehaus/jackson/jackson-xc/1.9.13/jackson-xc-1.9.13.jar:/home/user/.m2/repository/commons-logging/commons-logging/1.1.3/commons-logging-1.1.3.jar:/home/user/.m2/repository/commons-beanutils/commons-beanutils/1.9.4/commons-beanutils-1.9.4.jar:/home/user/.m2/repository/org/apache/commons/commons-configuration2/2.1.1/commons-configuration2-2.1.1.jar:/home/user/.m2/repository/org/apache/commons/commons-lang3/3.7/commons-lang3-3.7.jar:/home/user/.m2/repository/org/apache/commons/commons-text/1.4/commons-text-1.4.jar:/home/user/.m2/repository/org/apache/avro/avro/1.7.7/avro-1.7.7.jar:/home/user/.m2/repository/com/thoughtworks/paranamer/paranamer/2.3/paranamer-2.3.jar:/home/user/.m2/repository/org/xerial/snappy/snappy-java/1.0.5/snappy-java-1.0.5.jar:/home/user/.m2/repository/com/google/re2j/re2j/1.1/re2j-1.1.jar:/home/user/.m2/repository/com/google/code/gson/gson/2.2.4/gson-2.2.4.jar:/home/user/.m2/repository/com/jcraft/jsch/0.1.54/jsch-0.1.54.jar:/home/user/.m2/repository/org/apache/curator/curator-client/2.12.0/curator-client-2.12.0.jar:/home/user/.m2/repository/org/apache/curator/curator-recipes/2.12.0/curator-recipes-2.12.0.jar:/home/user/.m2/repository/com/google/code/findbugs/jsr305/3.0.0/jsr305-3.0.0.jar:/home/user/.m2/repository/org/apache/htrace/htrace-core4/4.1.0-incubating/htrace-core4-4.1.0-incubating.jar:/home/user/.m2/repository/org/apache/zookeeper/zookeeper/3.4.13/zookeeper-3.4.13.jar:/home/user/.m2/repository/jline/jline/0.9.94/jline-0.9.94.jar:/home/user/.m2/repository/org/apache/yetus/audience-annotations/0.5.0/audience-annotations-0.5.0.jar:/home/user/.m2/repository/org/codehaus/woodstox/stax2-api/3.1.4/stax2-api-3.1.4.jar:/home/user/.m2/repository/com/fasterxml/woodstox/woodstox-core/5.0.3/woodstox-core-5.0.3.jar:/home/user/.m2/repository/dnsjava/dnsjava/2.1.7/dnsjava-2.1.7.jar:/home/user/.m2/repository/org/apache/hadoop/hadoop-hdfs/3.2.0/hadoop-hdfs-3.2.0-tests.jar:/home/user/.m2/repository/org/eclipse/jetty/jetty-util-ajax/9.3.25.v20180904/jetty-util-ajax-9.3.25.v20180904.jar:/home/user/.m2/repository/commons-daemon/commons-daemon/1.0.13/commons-daemon-1.0.13.jar:/home/user/.m2/repository/io/netty/netty/3.10.5.Final/netty-3.10.5.Final.jar:/home/user/.m2/repository/io/netty/netty-all/4.0.52.Final/netty-all-4.0.52.Final.jar:/home/user/.m2/repository/org/fusesource/leveldbjni/leveldbjni-all/1.8/leveldbjni-all-1.8.jar:"/>
    <property name="sun.cpu.endian" value="little"/>
    <property name="user.home" value="/home/user"/>
    <property name="user.language" value="en"/>
    <property name="java.specification.vendor" value="Oracle Corporation"/>
    <property name="java.home" value="/usr/lib/jvm/java-1.8-openjdk/jre"/>
    <property name="java.security.krb5.conf" value="/workdir/hadoop-ozone/integration-test/target/test-classes/krb5.conf"/>
    <property name="basedir" value="/workdir/hadoop-ozone/integration-test"/>
    <property name="file.separator" value="/"/>
    <property name="line.separator" value="&#10;"/>
    <property name="java.vm.specification.vendor" value="Oracle Corporation"/>
    <property name="java.specification.name" value="Java Platform API Specification"/>
    <property name="java.awt.graphicsenv" value="sun.awt.X11GraphicsEnvironment"/>
    <property name="surefire.real.class.path" value="/workdir/hadoop-ozone/integration-test/target/surefire/surefirebooter5040843886663972149.jar"/>
    <property name="hadoop.log.dir" value="/workdir/hadoop-ozone/integration-test/target/log"/>
    <property name="sun.boot.class.path" value="/usr/lib/jvm/java-1.8-openjdk/jre/lib/resources.jar:/usr/lib/jvm/java-1.8-openjdk/jre/lib/rt.jar:/usr/lib/jvm/java-1.8-openjdk/jre/lib/sunrsasign.jar:/usr/lib/jvm/java-1.8-openjdk/jre/lib/jsse.jar:/usr/lib/jvm/java-1.8-openjdk/jre/lib/jce.jar:/usr/lib/jvm/java-1.8-openjdk/jre/lib/charsets.jar:/usr/lib/jvm/java-1.8-openjdk/jre/lib/jfr.jar:/usr/lib/jvm/java-1.8-openjdk/jre/classes"/>
    <property name="sun.management.compiler" value="HotSpot 64-Bit Tiered Compilers"/>
    <property name="java.runtime.version" value="1.8.0_212-b04"/>
    <property name="java.net.preferIPv4Stack" value="true"/>
    <property name="user.name" value="jenkins1000"/>
    <property name="path.separator" value=":"/>
    <property name="java.security.egd" value="file:///dev/urandom"/>
    <property name="os.version" value="3.10.0-957.12.2.el7.x86_64"/>
    <property name="java.endorsed.dirs" value="/usr/lib/jvm/java-1.8-openjdk/jre/lib/endorsed"/>
    <property name="java.runtime.name" value="OpenJDK Runtime Environment"/>
    <property name="file.encoding" value="UTF-8"/>
    <property name="java.vm.name" value="OpenJDK 64-Bit Server VM"/>
    <property name="test.build.webapps" value=""/>
    <property name="localRepository" value="/home/user/.m2/repository"/>
    <property name="java.vendor.url.bug" value="https://icedtea.classpath.org/bugzilla"/>
    <property name="java.io.tmpdir" value="/tmp"/>
    <property name="require.test.libhadoop" value=""/>
    <property name="java.version" value="1.8.0_212"/>
    <property name="user.dir" value="/workdir/hadoop-ozone/integration-test"/>
    <property name="os.arch" value="amd64"/>
    <property name="java.vm.specification.name" value="Java Virtual Machine Specification"/>
    <property name="test.build.classes" value="/workdir/hadoop-ozone/integration-test/target/test-classes"/>
    <property name="java.awt.printerjob" value="sun.print.PSPrinterJob"/>
    <property name="sun.os.patch.level" value="unknown"/>
    <property name="hadoop.tmp.dir" value="/workdir/hadoop-ozone/integration-test/target/tmp"/>
    <property name="java.library.path" value="/usr/lib/jvm/java-1.8-openjdk/jre/lib/amd64/server:/usr/lib/jvm/java-1.8-openjdk/jre/lib/amd64:/usr/lib/jvm/java-1.8-openjdk/jre/../lib/amd64:/workdir/hadoop-ozone/integration-test/target/native/target/usr/local/lib:/workdir/hadoop-ozone/integration-test/../../hadoop-common-project/hadoop-common/target/native/target/usr/local/lib:/usr/java/packages/lib/amd64:/usr/lib64:/lib64:/lib:/usr/lib"/>
    <property name="java.vm.info" value="mixed mode"/>
    <property name="java.vendor" value="IcedTea"/>
    <property name="java.vm.version" value="25.212-b04"/>
    <property name="java.ext.dirs" value="/usr/lib/jvm/java-1.8-openjdk/jre/lib/ext:/usr/java/packages/lib/ext"/>
    <property name="sun.io.unicode.encoding" value="UnicodeLittle"/>
    <property name="java.class.version" value="52.0"/>
  </properties>
  <testcase name="testGroupMismatchExceptionHandling" classname="org.apache.hadoop.ozone.client.rpc.TestOzoneClientRetriesOnException" time="83.59"/>
  <testcase name="testMaxRetriesByOzoneClient" classname="org.apache.hadoop.ozone.client.rpc.TestOzoneClientRetriesOnException" time="72.414">
    <error message="Allocated 3 blocks. Requested 4 blocks" type="INTERNAL_ERROR org.apache.hadoop.ozone.om.exceptions.OMException">INTERNAL_ERROR org.apache.hadoop.ozone.om.exceptions.OMException: Allocated 3 blocks. Requested 4 blocks
	at org.apache.hadoop.ozone.om.protocolPB.OzoneManagerProtocolClientSideTranslatorPB.handleError(OzoneManagerProtocolClientSideTranslatorPB.java:732)
	at org.apache.hadoop.ozone.om.protocolPB.OzoneManagerProtocolClientSideTranslatorPB.openKey(OzoneManagerProtocolClientSideTranslatorPB.java:723)
	at sun.reflect.NativeMethodAccessorImpl.invoke0(Native Method)
	at sun.reflect.NativeMethodAccessorImpl.invoke(NativeMethodAccessorImpl.java:62)
	at sun.reflect.DelegatingMethodAccessorImpl.invoke(DelegatingMethodAccessorImpl.java:43)
	at java.lang.reflect.Method.invoke(Method.java:498)
	at org.apache.hadoop.hdds.tracing.TraceAllMethod.invoke(TraceAllMethod.java:66)
	at com.sun.proxy.$Proxy37.openKey(Unknown Source)
	at org.apache.hadoop.ozone.client.rpc.RpcClient.createKey(RpcClient.java:614)
	at org.apache.hadoop.ozone.client.OzoneBucket.createKey(OzoneBucket.java:325)
	at org.apache.hadoop.ozone.container.ContainerTestHelper.createKey(ContainerTestHelper.java:695)
	at org.apache.hadoop.ozone.client.rpc.TestOzoneClientRetriesOnException.createKey(TestOzoneClientRetriesOnException.java:226)
	at org.apache.hadoop.ozone.client.rpc.TestOzoneClientRetriesOnException.testMaxRetriesByOzoneClient(TestOzoneClientRetriesOnException.java:167)
	at sun.reflect.NativeMethodAccessorImpl.invoke0(Native Method)
	at sun.reflect.NativeMethodAccessorImpl.invoke(NativeMethodAccessorImpl.java:62)
	at sun.reflect.DelegatingMethodAccessorImpl.invoke(DelegatingMethodAccessorImpl.java:43)
	at java.lang.reflect.Method.invoke(Method.java:498)
	at org.junit.runners.model.FrameworkMethod$1.runReflectiveCall(FrameworkMethod.java:47)
	at org.junit.internal.runners.model.ReflectiveCallable.run(ReflectiveCallable.java:12)
	at org.junit.runners.model.FrameworkMethod.invokeExplosively(FrameworkMethod.java:44)
	at org.junit.internal.runners.statements.InvokeMethod.evaluate(InvokeMethod.java:17)
	at org.junit.internal.runners.statements.RunBefores.evaluate(RunBefores.java:26)
	at org.junit.internal.runners.statements.RunAfters.evaluate(RunAfters.java:27)
	at org.junit.runners.ParentRunner.runLeaf(ParentRunner.java:271)
	at org.junit.runners.BlockJUnit4ClassRunner.runChild(BlockJUnit4ClassRunner.java:70)
	at org.junit.runners.BlockJUnit4ClassRunner.runChild(BlockJUnit4ClassRunner.java:50)
	at org.junit.runners.ParentRunner$3.run(ParentRunner.java:238)
	at org.junit.runners.ParentRunner$1.schedule(ParentRunner.java:63)
	at org.junit.runners.ParentRunner.runChildren(ParentRunner.java:236)
	at org.junit.runners.ParentRunner.access$000(ParentRunner.java:53)
	at org.junit.runners.ParentRunner$2.evaluate(ParentRunner.java:229)
	at org.junit.runners.ParentRunner.run(ParentRunner.java:309)
	at org.apache.maven.surefire.junit4.JUnit4Provider.execute(JUnit4Provider.java:365)
	at org.apache.maven.surefire.junit4.JUnit4Provider.executeWithRerun(JUnit4Provider.java:273)
	at org.apache.maven.surefire.junit4.JUnit4Provider.executeTestSet(JUnit4Provider.java:238)
	at org.apache.maven.surefire.junit4.JUnit4Provider.invoke(JUnit4Provider.java:159)
	at org.apache.maven.surefire.booter.ForkedBooter.invokeProviderInSameClassLoader(ForkedBooter.java:384)
	at org.apache.maven.surefire.booter.ForkedBooter.runSuitesInProcess(ForkedBooter.java:345)
	at org.apache.maven.surefire.booter.ForkedBooter.execute(ForkedBooter.java:126)
	at org.apache.maven.surefire.booter.ForkedBooter.main(ForkedBooter.java:418)
</error>
    <system-out><![CDATA[2019-09-25 04:43:55,041 [main] WARN  server.ServerUtils (ServerUtils.java:getScmDbDir(145)) - ozone.scm.db.dirs is not configured. We recommend adding this setting. Falling back to ozone.metadata.dirs instead.
2019-09-25 04:43:55,386 [main] WARN  server.ServerUtils (ServerUtils.java:getScmDbDir(145)) - ozone.scm.db.dirs is not configured. We recommend adding this setting. Falling back to ozone.metadata.dirs instead.
2019-09-25 04:43:55,387 [main] WARN  server.ServerUtils (ServerUtils.java:getScmDbDir(145)) - ozone.scm.db.dirs is not configured. We recommend adding this setting. Falling back to ozone.metadata.dirs instead.
2019-09-25 04:43:55,388 [main] INFO  db.DBStoreBuilder (DBStoreBuilder.java:addTable(110)) - using custom profile for table: deletedBlocks
2019-09-25 04:43:55,388 [main] INFO  db.DBStoreBuilder (DBStoreBuilder.java:processTables(161)) - Using default column profile:DBProfile.DISK for Table:deletedBlocks
2019-09-25 04:43:55,389 [main] INFO  db.DBStoreBuilder (DBStoreBuilder.java:addTable(110)) - using custom profile for table: validCerts
2019-09-25 04:43:55,389 [main] INFO  db.DBStoreBuilder (DBStoreBuilder.java:processTables(161)) - Using default column profile:DBProfile.DISK for Table:validCerts
2019-09-25 04:43:55,389 [main] INFO  db.DBStoreBuilder (DBStoreBuilder.java:addTable(110)) - using custom profile for table: revokedCerts
2019-09-25 04:43:55,390 [main] INFO  db.DBStoreBuilder (DBStoreBuilder.java:processTables(161)) - Using default column profile:DBProfile.DISK for Table:revokedCerts
2019-09-25 04:43:55,390 [main] INFO  db.DBStoreBuilder (DBStoreBuilder.java:addTable(110)) - using custom profile for table: default
2019-09-25 04:43:55,391 [main] INFO  db.DBStoreBuilder (DBStoreBuilder.java:processTables(167)) - Using default column profile:DBProfile.DISK for Table:default
2019-09-25 04:43:55,391 [main] INFO  db.DBStoreBuilder (DBStoreBuilder.java:getDbProfile(198)) - Using default options. DBProfile.DISK
2019-09-25 04:43:58,114 [main] INFO  net.NodeSchemaLoader (NodeSchemaLoader.java:loadSchemaFromFile(125)) - Loading file from sun.misc.CompoundEnumeration@7c2924d7
2019-09-25 04:43:58,114 [main] INFO  net.NodeSchemaLoader (NodeSchemaLoader.java:loadSchema(171)) - Loading network topology layer schema file
2019-09-25 04:43:58,121 [main] WARN  server.ServerUtils (ServerUtils.java:sanitizeUserArgs(70)) - ozone.scm.stale.node.interval value = 300000 is larger than max = 100000 based on the key value of ozone.scm.heartbeat.thread.interval, reset to the max value 100000.
2019-09-25 04:43:58,121 [main] WARN  server.ServerUtils (ServerUtils.java:sanitizeUserArgs(70)) - ozone.scm.stale.node.interval value = 300000 is larger than max = 100000 based on the key value of ozone.scm.heartbeat.thread.interval, reset to the max value 100000.
2019-09-25 04:43:58,122 [main] INFO  node.SCMNodeManager (SCMNodeManager.java:<init>(114)) - Entering startup safe mode.
2019-09-25 04:43:58,123 [main] INFO  algorithms.ContainerPlacementPolicyFactory (ContainerPlacementPolicyFactory.java:getPolicy(57)) - Create container placement policy of type org.apache.hadoop.hdds.scm.container.placement.algorithms.SCMContainerPlacementRandom
2019-09-25 04:43:58,124 [main] WARN  server.ServerUtils (ServerUtils.java:getScmDbDir(145)) - ozone.scm.db.dirs is not configured. We recommend adding this setting. Falling back to ozone.metadata.dirs instead.
2019-09-25 04:43:59,201 [main] INFO  pipeline.SCMPipelineManager (SCMPipelineManager.java:initializePipelineState(132)) - No pipeline exists in current db
2019-09-25 04:43:59,204 [main] WARN  server.ServerUtils (ServerUtils.java:getScmDbDir(145)) - ozone.scm.db.dirs is not configured. We recommend adding this setting. Falling back to ozone.metadata.dirs instead.
2019-09-25 04:44:05,048 [main] WARN  events.EventQueue (EventQueue.java:fireEvent(183)) - No event handler registered for event TypedEvent{payloadType=SafeModeStatus, name='SafeModeStatus'}
2019-09-25 04:44:05,051 [main] INFO  ipc.CallQueueManager (CallQueueManager.java:<init>(84)) - Using callQueue: class java.util.concurrent.LinkedBlockingQueue, queueCapacity: 2000, scheduler: class org.apache.hadoop.ipc.DefaultRpcScheduler, ipcBackoff: false.
2019-09-25 04:44:05,053 [Socket Reader #1 for port 36489] INFO  ipc.Server (Server.java:run(1074)) - Starting Socket Reader #1 for port 36489
2019-09-25 04:44:05,057 [main] INFO  ipc.CallQueueManager (CallQueueManager.java:<init>(84)) - Using callQueue: class java.util.concurrent.LinkedBlockingQueue, queueCapacity: 2000, scheduler: class org.apache.hadoop.ipc.DefaultRpcScheduler, ipcBackoff: false.
2019-09-25 04:44:05,058 [Socket Reader #1 for port 38535] INFO  ipc.Server (Server.java:run(1074)) - Starting Socket Reader #1 for port 38535
2019-09-25 04:44:05,059 [main] INFO  ipc.CallQueueManager (CallQueueManager.java:<init>(84)) - Using callQueue: class java.util.concurrent.LinkedBlockingQueue, queueCapacity: 2000, scheduler: class org.apache.hadoop.ipc.DefaultRpcScheduler, ipcBackoff: false.
2019-09-25 04:44:05,060 [Socket Reader #1 for port 43154] INFO  ipc.Server (Server.java:run(1074)) - Starting Socket Reader #1 for port 43154
2019-09-25 04:44:05,063 [main] INFO  hdfs.DFSUtil (DFSUtil.java:httpServerTemplateForNNAndJN(1641)) - Starting Web-server for scm at: http://0.0.0.0:0
2019-09-25 04:44:05,067 [main] INFO  server.AuthenticationFilter (AuthenticationFilter.java:constructSecretProvider(240)) - Unable to initialize FileSignerSecretProvider, falling back to use random secrets.
2019-09-25 04:44:05,068 [main] WARN  http.HttpRequestLog (HttpRequestLog.java:getRequestLog(97)) - Jetty request log can only be enabled using Log4j
2019-09-25 04:44:05,071 [main] INFO  http.HttpServer2 (HttpServer2.java:addGlobalFilter(975)) - Added global filter 'safety' (class=org.apache.hadoop.http.HttpServer2$QuotingInputFilter)
2019-09-25 04:44:05,072 [main] INFO  http.HttpServer2 (HttpServer2.java:addFilter(948)) - Added filter static_user_filter (class=org.apache.hadoop.http.lib.StaticUserWebFilter$StaticUserFilter) to context scm
2019-09-25 04:44:05,072 [main] INFO  http.HttpServer2 (HttpServer2.java:addFilter(958)) - Added filter static_user_filter (class=org.apache.hadoop.http.lib.StaticUserWebFilter$StaticUserFilter) to context static
2019-09-25 04:44:05,073 [main] INFO  http.HttpServer2 (HttpServer2.java:addFilter(958)) - Added filter static_user_filter (class=org.apache.hadoop.http.lib.StaticUserWebFilter$StaticUserFilter) to context logs
2019-09-25 04:44:05,076 [main] INFO  server.StorageContainerManager (StorageContainerManager.java:start(770)) - StorageContainerLocationProtocol RPC server is listening at /0.0.0.0:43154
2019-09-25 04:44:05,082 [main] WARN  impl.MetricsConfig (MetricsConfig.java:loadFirst(134)) - Cannot locate configuration: tried hadoop-metrics2-storagecontainermanager.properties,hadoop-metrics2.properties
2019-09-25 04:44:05,084 [main] INFO  impl.MetricsSystemImpl (MetricsSystemImpl.java:startTimer(374)) - Scheduled Metric snapshot period at 10 second(s).
2019-09-25 04:44:05,084 [main] INFO  impl.MetricsSystemImpl (MetricsSystemImpl.java:start(191)) - StorageContainerManager metrics system started
2019-09-25 04:44:05,132 [main] WARN  impl.MetricsSystemImpl (MetricsSystemImpl.java:register(276)) - Sink prometheus already exists!
2019-09-25 04:44:05,137 [main] INFO  server.SCMClientProtocolServer (SCMClientProtocolServer.java:start(151)) - RPC server for Client  is listening at /0.0.0.0:43154
2019-09-25 04:44:05,138 [IPC Server Responder] INFO  ipc.Server (Server.java:run(1314)) - IPC Server Responder: starting
2019-09-25 04:44:05,138 [IPC Server listener on 43154] INFO  ipc.Server (Server.java:run(1153)) - IPC Server listener on 43154: starting
2019-09-25 04:44:05,143 [main] INFO  server.StorageContainerManager (StorageContainerManager.java:start(780)) - ScmBlockLocationProtocol RPC server is listening at /0.0.0.0:38535
2019-09-25 04:44:05,144 [main] INFO  server.SCMBlockProtocolServer (SCMBlockProtocolServer.java:start(146)) - RPC server for Block Protocol is listening at /0.0.0.0:38535
2019-09-25 04:44:05,145 [IPC Server Responder] INFO  ipc.Server (Server.java:run(1314)) - IPC Server Responder: starting
2019-09-25 04:44:05,145 [IPC Server listener on 38535] INFO  ipc.Server (Server.java:run(1153)) - IPC Server listener on 38535: starting
2019-09-25 04:44:05,149 [main] INFO  server.StorageContainerManager (StorageContainerManager.java:start(784)) - ScmDatanodeProtocl RPC server is listening at /0.0.0.0:36489
2019-09-25 04:44:05,149 [main] INFO  server.SCMDatanodeProtocolServer (SCMDatanodeProtocolServer.java:start(191)) - RPC server for DataNodes is listening at /0.0.0.0:36489
2019-09-25 04:44:05,149 [IPC Server Responder] INFO  ipc.Server (Server.java:run(1314)) - IPC Server Responder: starting
2019-09-25 04:44:05,150 [IPC Server listener on 36489] INFO  ipc.Server (Server.java:run(1153)) - IPC Server listener on 36489: starting
2019-09-25 04:44:05,154 [main] INFO  http.HttpServer2 (HttpServer2.java:bindListener(1191)) - Jetty bound to port 39119
2019-09-25 04:44:05,154 [main] INFO  server.Server (Server.java:doStart(351)) - jetty-9.3.25.v20180904, build timestamp: 2018-09-04T21:11:46Z, git hash: 3ce520221d0240229c862b122d2b06c12a625732
2019-09-25 04:44:05,157 [main] INFO  handler.ContextHandler (ContextHandler.java:doStart(781)) - Started o.e.j.s.ServletContextHandler@bc6288b{/logs,file:///workdir/hadoop-ozone/integration-test/target/log,AVAILABLE}
2019-09-25 04:44:05,157 [main] INFO  handler.ContextHandler (ContextHandler.java:doStart(781)) - Started o.e.j.s.ServletContextHandler@34c70b5e{/static,file:///workdir/hadoop-ozone/integration-test/target/test-classes/webapps/static,AVAILABLE}
2019-09-25 04:44:05,162 [main] INFO  handler.ContextHandler (ContextHandler.java:doStart(781)) - Started o.e.j.w.WebAppContext@2dbfcf7{/,file:///workdir/hadoop-ozone/integration-test/target/test-classes/webapps/scm/,AVAILABLE}{/scm}
2019-09-25 04:44:05,163 [main] INFO  server.AbstractConnector (AbstractConnector.java:doStart(278)) - Started ServerConnector@239f017e{HTTP/1.1,[http/1.1]}{0.0.0.0:39119}
2019-09-25 04:44:05,164 [main] INFO  server.Server (Server.java:doStart(419)) - Started @94374ms
2019-09-25 04:44:05,164 [main] WARN  impl.MetricsSystemImpl (MetricsSystemImpl.java:register(276)) - Sink prometheus already exists!
2019-09-25 04:44:05,165 [main] INFO  server.BaseHttpServer (BaseHttpServer.java:updateConnectorAddress(215)) - HTTP server of SCM is listening at http://0.0.0.0:39119
2019-09-25 04:44:05,166 [main] WARN  server.ServerUtils (ServerUtils.java:getDBPath(222)) - ozone.om.db.dirs is not configured. We recommend adding this setting. Falling back to ozone.metadata.dirs instead.
2019-09-25 04:44:05,166 [org.apache.hadoop.util.JvmPauseMonitor$Monitor@772caabe] INFO  util.JvmPauseMonitor (JvmPauseMonitor.java:run(188)) - Starting JVM pause monitor
2019-09-25 04:44:05,363 [main] WARN  server.ServerUtils (ServerUtils.java:getDBPath(222)) - ozone.om.db.dirs is not configured. We recommend adding this setting. Falling back to ozone.metadata.dirs instead.
2019-09-25 04:44:05,363 [main] WARN  server.ServerUtils (ServerUtils.java:getDBPath(222)) - ozone.om.db.dirs is not configured. We recommend adding this setting. Falling back to ozone.metadata.dirs instead.
2019-09-25 04:44:05,364 [main] INFO  om.OzoneManager (OzoneManager.java:setOMNodeDetails(652)) - OM Service ID is not set. Setting it to the default ID: omServiceIdDefault
2019-09-25 04:44:05,364 [main] INFO  om.OzoneManager (OzoneManager.java:setOMNodeDetails(658)) - OM Node ID is not set. Setting it to the OmStorage's OmID: a40e431e-2041-4e52-a787-554bdb3554b5
2019-09-25 04:44:05,364 [main] INFO  om.OzoneManager (OzoneManager.java:loadOMHAConfigs(609)) - Found matching OM address with OMServiceId: null, OMNodeId: null, RPC Address: localhost:0 and Ratis port: 9872
2019-09-25 04:44:05,372 [main] WARN  server.ServerUtils (ServerUtils.java:getDBPath(222)) - ozone.om.db.dirs is not configured. We recommend adding this setting. Falling back to ozone.metadata.dirs instead.
2019-09-25 04:44:05,372 [main] INFO  db.DBStoreBuilder (DBStoreBuilder.java:addTable(110)) - using custom profile for table: userTable
2019-09-25 04:44:05,372 [main] INFO  db.DBStoreBuilder (DBStoreBuilder.java:processTables(161)) - Using default column profile:DBProfile.DISK for Table:userTable
2019-09-25 04:44:05,372 [main] INFO  db.DBStoreBuilder (DBStoreBuilder.java:addTable(110)) - using custom profile for table: volumeTable
2019-09-25 04:44:05,373 [main] INFO  db.DBStoreBuilder (DBStoreBuilder.java:processTables(161)) - Using default column profile:DBProfile.DISK for Table:volumeTable
2019-09-25 04:44:05,373 [main] INFO  db.DBStoreBuilder (DBStoreBuilder.java:addTable(110)) - using custom profile for table: bucketTable
2019-09-25 04:44:05,373 [main] INFO  db.DBStoreBuilder (DBStoreBuilder.java:processTables(161)) - Using default column profile:DBProfile.DISK for Table:bucketTable
2019-09-25 04:44:05,373 [main] INFO  db.DBStoreBuilder (DBStoreBuilder.java:addTable(110)) - using custom profile for table: keyTable
2019-09-25 04:44:05,373 [main] INFO  db.DBStoreBuilder (DBStoreBuilder.java:processTables(161)) - Using default column profile:DBProfile.DISK for Table:keyTable
2019-09-25 04:44:05,374 [main] INFO  db.DBStoreBuilder (DBStoreBuilder.java:addTable(110)) - using custom profile for table: deletedTable
2019-09-25 04:44:05,374 [main] INFO  db.DBStoreBuilder (DBStoreBuilder.java:processTables(161)) - Using default column profile:DBProfile.DISK for Table:deletedTable
2019-09-25 04:44:05,374 [main] INFO  db.DBStoreBuilder (DBStoreBuilder.java:addTable(110)) - using custom profile for table: openKeyTable
2019-09-25 04:44:05,374 [main] INFO  db.DBStoreBuilder (DBStoreBuilder.java:processTables(161)) - Using default column profile:DBProfile.DISK for Table:openKeyTable
2019-09-25 04:44:05,374 [main] INFO  db.DBStoreBuilder (DBStoreBuilder.java:addTable(110)) - using custom profile for table: s3Table
2019-09-25 04:44:05,375 [main] INFO  db.DBStoreBuilder (DBStoreBuilder.java:processTables(161)) - Using default column profile:DBProfile.DISK for Table:s3Table
2019-09-25 04:44:05,375 [main] INFO  db.DBStoreBuilder (DBStoreBuilder.java:addTable(110)) - using custom profile for table: multipartInfoTable
2019-09-25 04:44:05,375 [main] INFO  db.DBStoreBuilder (DBStoreBuilder.java:processTables(161)) - Using default column profile:DBProfile.DISK for Table:multipartInfoTable
2019-09-25 04:44:05,375 [main] INFO  db.DBStoreBuilder (DBStoreBuilder.java:addTable(110)) - using custom profile for table: dTokenTable
2019-09-25 04:44:05,375 [main] INFO  db.DBStoreBuilder (DBStoreBuilder.java:processTables(161)) - Using default column profile:DBProfile.DISK for Table:dTokenTable
2019-09-25 04:44:05,376 [main] INFO  db.DBStoreBuilder (DBStoreBuilder.java:addTable(110)) - using custom profile for table: s3SecretTable
2019-09-25 04:44:05,376 [main] INFO  db.DBStoreBuilder (DBStoreBuilder.java:processTables(161)) - Using default column profile:DBProfile.DISK for Table:s3SecretTable
2019-09-25 04:44:05,376 [main] INFO  db.DBStoreBuilder (DBStoreBuilder.java:addTable(110)) - using custom profile for table: prefixTable
2019-09-25 04:44:05,376 [main] INFO  db.DBStoreBuilder (DBStoreBuilder.java:processTables(161)) - Using default column profile:DBProfile.DISK for Table:prefixTable
2019-09-25 04:44:05,376 [main] INFO  db.DBStoreBuilder (DBStoreBuilder.java:addTable(110)) - using custom profile for table: default
2019-09-25 04:44:05,376 [main] INFO  db.DBStoreBuilder (DBStoreBuilder.java:processTables(167)) - Using default column profile:DBProfile.DISK for Table:default
2019-09-25 04:44:05,377 [main] INFO  db.DBStoreBuilder (DBStoreBuilder.java:getDbProfile(198)) - Using default options. DBProfile.DISK
2019-09-25 04:44:22,069 [main] INFO  ipc.CallQueueManager (CallQueueManager.java:<init>(84)) - Using callQueue: class java.util.concurrent.LinkedBlockingQueue, queueCapacity: 2000, scheduler: class org.apache.hadoop.ipc.DefaultRpcScheduler, ipcBackoff: false.
2019-09-25 04:44:22,073 [Socket Reader #1 for port 33130] INFO  ipc.Server (Server.java:run(1074)) - Starting Socket Reader #1 for port 33130
2019-09-25 04:44:22,098 [main] INFO  om.OzoneManager (OzoneManager.java:start(1243)) - OzoneManager RPC server is listening at localhost/127.0.0.1:33130
2019-09-25 04:44:22,099 [main] INFO  impl.MetricsSystemImpl (MetricsSystemImpl.java:init(158)) - OzoneManager metrics system started (again)
2019-09-25 04:44:22,100 [IPC Server Responder] INFO  ipc.Server (Server.java:run(1314)) - IPC Server Responder: starting
2019-09-25 04:44:22,100 [IPC Server listener on 33130] INFO  ipc.Server (Server.java:run(1153)) - IPC Server listener on 33130: starting
2019-09-25 04:44:22,106 [main] INFO  hdfs.DFSUtil (DFSUtil.java:httpServerTemplateForNNAndJN(1641)) - Starting Web-server for ozoneManager at: http://0.0.0.0:0
2019-09-25 04:44:22,109 [main] INFO  server.AuthenticationFilter (AuthenticationFilter.java:constructSecretProvider(240)) - Unable to initialize FileSignerSecretProvider, falling back to use random secrets.
2019-09-25 04:44:22,110 [main] WARN  http.HttpRequestLog (HttpRequestLog.java:getRequestLog(97)) - Jetty request log can only be enabled using Log4j
2019-09-25 04:44:22,113 [main] INFO  http.HttpServer2 (HttpServer2.java:addGlobalFilter(975)) - Added global filter 'safety' (class=org.apache.hadoop.http.HttpServer2$QuotingInputFilter)
2019-09-25 04:44:22,114 [main] INFO  http.HttpServer2 (HttpServer2.java:addFilter(948)) - Added filter static_user_filter (class=org.apache.hadoop.http.lib.StaticUserWebFilter$StaticUserFilter) to context ozoneManager
2019-09-25 04:44:22,114 [main] INFO  http.HttpServer2 (HttpServer2.java:addFilter(958)) - Added filter static_user_filter (class=org.apache.hadoop.http.lib.StaticUserWebFilter$StaticUserFilter) to context logs
2019-09-25 04:44:22,115 [main] INFO  http.HttpServer2 (HttpServer2.java:addFilter(958)) - Added filter static_user_filter (class=org.apache.hadoop.http.lib.StaticUserWebFilter$StaticUserFilter) to context static
2019-09-25 04:44:22,117 [main] INFO  http.HttpServer2 (HttpServer2.java:bindListener(1191)) - Jetty bound to port 45057
2019-09-25 04:44:22,117 [main] INFO  server.Server (Server.java:doStart(351)) - jetty-9.3.25.v20180904, build timestamp: 2018-09-04T21:11:46Z, git hash: 3ce520221d0240229c862b122d2b06c12a625732
2019-09-25 04:44:22,119 [main] INFO  handler.ContextHandler (ContextHandler.java:doStart(781)) - Started o.e.j.s.ServletContextHandler@76d72b5b{/logs,file:///workdir/hadoop-ozone/integration-test/target/log,AVAILABLE}
2019-09-25 04:44:22,120 [main] INFO  handler.ContextHandler (ContextHandler.java:doStart(781)) - Started o.e.j.s.ServletContextHandler@479b5066{/static,file:///workdir/hadoop-ozone/integration-test/target/test-classes/webapps/static,AVAILABLE}
2019-09-25 04:44:22,127 [main] INFO  handler.ContextHandler (ContextHandler.java:doStart(781)) - Started o.e.j.w.WebAppContext@54089484{/,file:///workdir/hadoop-ozone/integration-test/target/test-classes/webapps/ozoneManager/,AVAILABLE}{/ozoneManager}
2019-09-25 04:44:22,129 [main] INFO  server.AbstractConnector (AbstractConnector.java:doStart(278)) - Started ServerConnector@45adc393{HTTP/1.1,[http/1.1]}{0.0.0.0:45057}
2019-09-25 04:44:22,129 [main] INFO  server.Server (Server.java:doStart(419)) - Started @111339ms
2019-09-25 04:44:22,129 [main] WARN  impl.MetricsSystemImpl (MetricsSystemImpl.java:register(276)) - Sink prometheus already exists!
2019-09-25 04:44:22,130 [main] INFO  server.BaseHttpServer (BaseHttpServer.java:updateConnectorAddress(215)) - HTTP server of OZONEMANAGER is listening at http://0.0.0.0:45057
2019-09-25 04:44:22,152 [main] INFO  impl.MetricsSystemImpl (MetricsSystemImpl.java:init(158)) - HddsDatanode metrics system started (again)
2019-09-25 04:44:22,154 [main] INFO  ozone.HddsDatanodeService (HddsDatanodeService.java:start(184)) - HddsDatanodeService host:pr-hdds-2174-pqx5g-486351168 ip:192.168.36.126
2019-09-25 04:44:22,161 [main] INFO  volume.HddsVolume (HddsVolume.java:<init>(176)) - Creating Volume: /workdir/hadoop-ozone/integration-test/target/test-dir/MiniOzoneClusterImpl-35769ac5-a4ef-4df9-86f1-fb87f256fef7/datanode-0/data/containers/hdds of  storage type : DISK and capacity : 1482555576320
2019-09-25 04:44:22,161 [main] INFO  volume.VolumeSet (VolumeSet.java:initializeVolumeSet(170)) - Added Volume : /workdir/hadoop-ozone/integration-test/target/test-dir/MiniOzoneClusterImpl-35769ac5-a4ef-4df9-86f1-fb87f256fef7/datanode-0/data/containers/hdds to VolumeSet
2019-09-25 04:44:22,161 [main] INFO  volume.ThrottledAsyncChecker (ThrottledAsyncChecker.java:schedule(139)) - Scheduling a check for org.apache.hadoop.ozone.container.common.volume.HddsVolume@46039a21
2019-09-25 04:44:22,162 [main] INFO  volume.HddsVolumeChecker (HddsVolumeChecker.java:checkAllVolumes(202)) - Scheduled health check for volume org.apache.hadoop.ozone.container.common.volume.HddsVolume@46039a21
2019-09-25 04:44:22,180 [main] INFO  impl.RaftServerProxy (ConfUtils.java:logGet(43)) - raft.rpc.type = GRPC (default)
2019-09-25 04:44:22,180 [main] INFO  grpc.GrpcFactory (GrpcFactory.java:checkPooledByteBufAllocatorUseCacheForAllThreads(45)) - PERFORMANCE WARNING: useCacheForAllThreads is true that may cause Netty to create a lot garbage objects and, as a result, trigger GC.
	It is recommended to disable useCacheForAllThreads by setting -Dorg.apache.ratis.thirdparty.io.netty.allocator.useCacheForAllThreads=false in command line.
2019-09-25 04:44:22,180 [main] INFO  grpc.GrpcConfigKeys$Server (ConfUtils.java:logGet(43)) - raft.grpc.server.port = 0 (default)
2019-09-25 04:44:22,181 [main] INFO  server.GrpcService (ConfUtils.java:logGet(43)) - raft.grpc.message.size.max = 33570816 (custom)
2019-09-25 04:44:22,181 [main] INFO  server.RaftServerConfigKeys (ConfUtils.java:logGet(43)) - raft.server.log.appender.buffer.byte-limit = 33554432 (custom)
2019-09-25 04:44:22,181 [main] INFO  server.GrpcService (ConfUtils.java:logGet(43)) - raft.grpc.flow.control.window = 1MB (=1048576) (default)
2019-09-25 04:44:22,181 [main] INFO  server.RaftServerConfigKeys (ConfUtils.java:logGet(43)) - raft.server.rpc.request.timeout = 3000ms (default)
2019-09-25 04:44:22,182 [main] INFO  server.RaftServerConfigKeys (ConfUtils.java:logGet(43)) - raft.server.storage.dir = [/workdir/hadoop-ozone/integration-test/target/test-dir/MiniOzoneClusterImpl-35769ac5-a4ef-4df9-86f1-fb87f256fef7/datanode-0/data/ratis] (custom)
2019-09-25 04:44:22,184 [main] INFO  hdfs.DFSUtil (DFSUtil.java:httpServerTemplateForNNAndJN(1641)) - Starting Web-server for hddsDatanode at: http://0.0.0.0:0
2019-09-25 04:44:22,185 [main] INFO  server.AuthenticationFilter (AuthenticationFilter.java:constructSecretProvider(240)) - Unable to initialize FileSignerSecretProvider, falling back to use random secrets.
2019-09-25 04:44:22,186 [main] WARN  http.HttpRequestLog (HttpRequestLog.java:getRequestLog(97)) - Jetty request log can only be enabled using Log4j
2019-09-25 04:44:22,187 [main] INFO  http.HttpServer2 (HttpServer2.java:addGlobalFilter(975)) - Added global filter 'safety' (class=org.apache.hadoop.http.HttpServer2$QuotingInputFilter)
2019-09-25 04:44:22,188 [main] INFO  http.HttpServer2 (HttpServer2.java:addFilter(948)) - Added filter static_user_filter (class=org.apache.hadoop.http.lib.StaticUserWebFilter$StaticUserFilter) to context hddsDatanode
2019-09-25 04:44:22,188 [main] INFO  http.HttpServer2 (HttpServer2.java:addFilter(958)) - Added filter static_user_filter (class=org.apache.hadoop.http.lib.StaticUserWebFilter$StaticUserFilter) to context logs
2019-09-25 04:44:22,188 [main] INFO  http.HttpServer2 (HttpServer2.java:addFilter(958)) - Added filter static_user_filter (class=org.apache.hadoop.http.lib.StaticUserWebFilter$StaticUserFilter) to context static
2019-09-25 04:44:22,189 [main] INFO  http.HttpServer2 (HttpServer2.java:bindListener(1191)) - Jetty bound to port 35135
2019-09-25 04:44:22,189 [main] INFO  server.Server (Server.java:doStart(351)) - jetty-9.3.25.v20180904, build timestamp: 2018-09-04T21:11:46Z, git hash: 3ce520221d0240229c862b122d2b06c12a625732
2019-09-25 04:44:22,191 [main] INFO  handler.ContextHandler (ContextHandler.java:doStart(781)) - Started o.e.j.s.ServletContextHandler@17e9bc9e{/logs,file:///workdir/hadoop-ozone/integration-test/target/log,AVAILABLE}
2019-09-25 04:44:22,191 [main] INFO  handler.ContextHandler (ContextHandler.java:doStart(781)) - Started o.e.j.s.ServletContextHandler@4130955c{/static,jar:file:/home/user/.m2/repository/org/apache/hadoop/hadoop-hdds-container-service/0.5.0-SNAPSHOT/hadoop-hdds-container-service-0.5.0-SNAPSHOT.jar!/webapps/static,AVAILABLE}
2019-09-25 04:44:22,220 [main] INFO  handler.ContextHandler (ContextHandler.java:doStart(781)) - Started o.e.j.w.WebAppContext@1c3259fa{/,file:///tmp/jetty-0.0.0.0-35135-hddsDatanode-_-any-1592417014460978138.dir/webapp/,AVAILABLE}{/hddsDatanode}
2019-09-25 04:44:22,221 [main] INFO  server.AbstractConnector (AbstractConnector.java:doStart(278)) - Started ServerConnector@217bf99e{HTTP/1.1,[http/1.1]}{0.0.0.0:35135}
2019-09-25 04:44:22,222 [main] INFO  server.Server (Server.java:doStart(419)) - Started @111432ms
2019-09-25 04:44:22,222 [main] WARN  impl.MetricsSystemImpl (MetricsSystemImpl.java:register(276)) - Sink prometheus already exists!
2019-09-25 04:44:22,223 [main] INFO  server.BaseHttpServer (BaseHttpServer.java:updateConnectorAddress(215)) - HTTP server of HDDSDATANODE is listening at http://0.0.0.0:35135
2019-09-25 04:44:22,223 [main] INFO  impl.MetricsSystemImpl (MetricsSystemImpl.java:init(158)) - HddsDatanode metrics system started (again)
2019-09-25 04:44:22,227 [org.apache.hadoop.util.JvmPauseMonitor$Monitor@78f2bb75] INFO  util.JvmPauseMonitor (JvmPauseMonitor.java:run(188)) - Starting JVM pause monitor
2019-09-25 04:44:22,227 [main] INFO  ozone.HddsDatanodeService (HddsDatanodeService.java:start(184)) - HddsDatanodeService host:pr-hdds-2174-pqx5g-486351168 ip:192.168.36.126
2019-09-25 04:44:22,230 [Datanode State Machine Thread - 0] INFO  datanode.InitDatanodeState (InitDatanodeState.java:persistContainerDatanodeDetails(140)) - DatanodeDetails is persisted to /workdir/hadoop-ozone/integration-test/target/test-dir/MiniOzoneClusterImpl-35769ac5-a4ef-4df9-86f1-fb87f256fef7/datanode-0/meta/datanode.id
2019-09-25 04:44:22,234 [main] INFO  volume.HddsVolume (HddsVolume.java:<init>(176)) - Creating Volume: /workdir/hadoop-ozone/integration-test/target/test-dir/MiniOzoneClusterImpl-35769ac5-a4ef-4df9-86f1-fb87f256fef7/datanode-1/data/containers/hdds of  storage type : DISK and capacity : 1482555576320
2019-09-25 04:44:22,234 [main] INFO  volume.VolumeSet (VolumeSet.java:initializeVolumeSet(170)) - Added Volume : /workdir/hadoop-ozone/integration-test/target/test-dir/MiniOzoneClusterImpl-35769ac5-a4ef-4df9-86f1-fb87f256fef7/datanode-1/data/containers/hdds to VolumeSet
2019-09-25 04:44:22,234 [main] INFO  volume.ThrottledAsyncChecker (ThrottledAsyncChecker.java:schedule(139)) - Scheduling a check for org.apache.hadoop.ozone.container.common.volume.HddsVolume@58fbd02e
2019-09-25 04:44:22,235 [main] INFO  volume.HddsVolumeChecker (HddsVolumeChecker.java:checkAllVolumes(202)) - Scheduled health check for volume org.apache.hadoop.ozone.container.common.volume.HddsVolume@58fbd02e
2019-09-25 04:44:22,254 [main] INFO  impl.RaftServerProxy (ConfUtils.java:logGet(43)) - raft.rpc.type = GRPC (default)
2019-09-25 04:44:22,254 [main] INFO  grpc.GrpcFactory (GrpcFactory.java:checkPooledByteBufAllocatorUseCacheForAllThreads(45)) - PERFORMANCE WARNING: useCacheForAllThreads is true that may cause Netty to create a lot garbage objects and, as a result, trigger GC.
	It is recommended to disable useCacheForAllThreads by setting -Dorg.apache.ratis.thirdparty.io.netty.allocator.useCacheForAllThreads=false in command line.
2019-09-25 04:44:22,255 [main] INFO  grpc.GrpcConfigKeys$Server (ConfUtils.java:logGet(43)) - raft.grpc.server.port = 0 (default)
2019-09-25 04:44:22,255 [main] INFO  server.GrpcService (ConfUtils.java:logGet(43)) - raft.grpc.message.size.max = 33570816 (custom)
2019-09-25 04:44:22,255 [main] INFO  server.RaftServerConfigKeys (ConfUtils.java:logGet(43)) - raft.server.log.appender.buffer.byte-limit = 33554432 (custom)
2019-09-25 04:44:22,256 [main] INFO  server.GrpcService (ConfUtils.java:logGet(43)) - raft.grpc.flow.control.window = 1MB (=1048576) (default)
2019-09-25 04:44:22,256 [main] INFO  server.RaftServerConfigKeys (ConfUtils.java:logGet(43)) - raft.server.rpc.request.timeout = 3000ms (default)
2019-09-25 04:44:22,256 [main] INFO  server.RaftServerConfigKeys (ConfUtils.java:logGet(43)) - raft.server.storage.dir = [/workdir/hadoop-ozone/integration-test/target/test-dir/MiniOzoneClusterImpl-35769ac5-a4ef-4df9-86f1-fb87f256fef7/datanode-1/data/ratis] (custom)
2019-09-25 04:44:22,258 [main] INFO  hdfs.DFSUtil (DFSUtil.java:httpServerTemplateForNNAndJN(1641)) - Starting Web-server for hddsDatanode at: http://0.0.0.0:0
2019-09-25 04:44:22,260 [main] INFO  server.AuthenticationFilter (AuthenticationFilter.java:constructSecretProvider(240)) - Unable to initialize FileSignerSecretProvider, falling back to use random secrets.
2019-09-25 04:44:22,260 [main] WARN  http.HttpRequestLog (HttpRequestLog.java:getRequestLog(97)) - Jetty request log can only be enabled using Log4j
2019-09-25 04:44:22,262 [main] INFO  http.HttpServer2 (HttpServer2.java:addGlobalFilter(975)) - Added global filter 'safety' (class=org.apache.hadoop.http.HttpServer2$QuotingInputFilter)
2019-09-25 04:44:22,263 [main] INFO  http.HttpServer2 (HttpServer2.java:addFilter(948)) - Added filter static_user_filter (class=org.apache.hadoop.http.lib.StaticUserWebFilter$StaticUserFilter) to context hddsDatanode
2019-09-25 04:44:22,263 [main] INFO  http.HttpServer2 (HttpServer2.java:addFilter(958)) - Added filter static_user_filter (class=org.apache.hadoop.http.lib.StaticUserWebFilter$StaticUserFilter) to context logs
2019-09-25 04:44:22,263 [main] INFO  http.HttpServer2 (HttpServer2.java:addFilter(958)) - Added filter static_user_filter (class=org.apache.hadoop.http.lib.StaticUserWebFilter$StaticUserFilter) to context static
2019-09-25 04:44:22,264 [main] INFO  http.HttpServer2 (HttpServer2.java:bindListener(1191)) - Jetty bound to port 38225
2019-09-25 04:44:22,264 [main] INFO  server.Server (Server.java:doStart(351)) - jetty-9.3.25.v20180904, build timestamp: 2018-09-04T21:11:46Z, git hash: 3ce520221d0240229c862b122d2b06c12a625732
2019-09-25 04:44:22,266 [main] INFO  handler.ContextHandler (ContextHandler.java:doStart(781)) - Started o.e.j.s.ServletContextHandler@65a9ea3c{/logs,file:///workdir/hadoop-ozone/integration-test/target/log,AVAILABLE}
2019-09-25 04:44:22,267 [main] INFO  handler.ContextHandler (ContextHandler.java:doStart(781)) - Started o.e.j.s.ServletContextHandler@46911148{/static,jar:file:/home/user/.m2/repository/org/apache/hadoop/hadoop-hdds-container-service/0.5.0-SNAPSHOT/hadoop-hdds-container-service-0.5.0-SNAPSHOT.jar!/webapps/static,AVAILABLE}
2019-09-25 04:44:22,303 [main] INFO  handler.ContextHandler (ContextHandler.java:doStart(781)) - Started o.e.j.w.WebAppContext@7b61bf11{/,file:///tmp/jetty-0.0.0.0-38225-hddsDatanode-_-any-659600988750428890.dir/webapp/,AVAILABLE}{/hddsDatanode}
2019-09-25 04:44:22,304 [main] INFO  server.AbstractConnector (AbstractConnector.java:doStart(278)) - Started ServerConnector@40247d48{HTTP/1.1,[http/1.1]}{0.0.0.0:38225}
2019-09-25 04:44:22,305 [main] INFO  server.Server (Server.java:doStart(419)) - Started @111515ms
2019-09-25 04:44:22,305 [main] WARN  impl.MetricsSystemImpl (MetricsSystemImpl.java:register(276)) - Sink prometheus already exists!
2019-09-25 04:44:22,306 [main] INFO  server.BaseHttpServer (BaseHttpServer.java:updateConnectorAddress(215)) - HTTP server of HDDSDATANODE is listening at http://0.0.0.0:38225
2019-09-25 04:44:22,306 [main] INFO  impl.MetricsSystemImpl (MetricsSystemImpl.java:init(158)) - HddsDatanode metrics system started (again)
2019-09-25 04:44:22,309 [org.apache.hadoop.util.JvmPauseMonitor$Monitor@33766d1b] INFO  util.JvmPauseMonitor (JvmPauseMonitor.java:run(188)) - Starting JVM pause monitor
2019-09-25 04:44:22,310 [main] INFO  ozone.HddsDatanodeService (HddsDatanodeService.java:start(184)) - HddsDatanodeService host:pr-hdds-2174-pqx5g-486351168 ip:192.168.36.126
2019-09-25 04:44:22,313 [Datanode State Machine Thread - 0] INFO  datanode.InitDatanodeState (InitDatanodeState.java:persistContainerDatanodeDetails(140)) - DatanodeDetails is persisted to /workdir/hadoop-ozone/integration-test/target/test-dir/MiniOzoneClusterImpl-35769ac5-a4ef-4df9-86f1-fb87f256fef7/datanode-1/meta/datanode.id
2019-09-25 04:44:22,316 [main] INFO  volume.HddsVolume (HddsVolume.java:<init>(176)) - Creating Volume: /workdir/hadoop-ozone/integration-test/target/test-dir/MiniOzoneClusterImpl-35769ac5-a4ef-4df9-86f1-fb87f256fef7/datanode-2/data/containers/hdds of  storage type : DISK and capacity : 1482555576320
2019-09-25 04:44:22,316 [main] INFO  volume.VolumeSet (VolumeSet.java:initializeVolumeSet(170)) - Added Volume : /workdir/hadoop-ozone/integration-test/target/test-dir/MiniOzoneClusterImpl-35769ac5-a4ef-4df9-86f1-fb87f256fef7/datanode-2/data/containers/hdds to VolumeSet
2019-09-25 04:44:22,317 [main] INFO  volume.ThrottledAsyncChecker (ThrottledAsyncChecker.java:schedule(139)) - Scheduling a check for org.apache.hadoop.ozone.container.common.volume.HddsVolume@29c17c3d
2019-09-25 04:44:22,317 [main] INFO  volume.HddsVolumeChecker (HddsVolumeChecker.java:checkAllVolumes(202)) - Scheduled health check for volume org.apache.hadoop.ozone.container.common.volume.HddsVolume@29c17c3d
2019-09-25 04:44:22,333 [main] INFO  impl.RaftServerProxy (ConfUtils.java:logGet(43)) - raft.rpc.type = GRPC (default)
2019-09-25 04:44:22,333 [main] INFO  grpc.GrpcFactory (GrpcFactory.java:checkPooledByteBufAllocatorUseCacheForAllThreads(45)) - PERFORMANCE WARNING: useCacheForAllThreads is true that may cause Netty to create a lot garbage objects and, as a result, trigger GC.
	It is recommended to disable useCacheForAllThreads by setting -Dorg.apache.ratis.thirdparty.io.netty.allocator.useCacheForAllThreads=false in command line.
2019-09-25 04:44:22,334 [main] INFO  grpc.GrpcConfigKeys$Server (ConfUtils.java:logGet(43)) - raft.grpc.server.port = 0 (default)
2019-09-25 04:44:22,334 [main] INFO  server.GrpcService (ConfUtils.java:logGet(43)) - raft.grpc.message.size.max = 33570816 (custom)
2019-09-25 04:44:22,334 [main] INFO  server.RaftServerConfigKeys (ConfUtils.java:logGet(43)) - raft.server.log.appender.buffer.byte-limit = 33554432 (custom)
2019-09-25 04:44:22,334 [main] INFO  server.GrpcService (ConfUtils.java:logGet(43)) - raft.grpc.flow.control.window = 1MB (=1048576) (default)
2019-09-25 04:44:22,334 [main] INFO  server.RaftServerConfigKeys (ConfUtils.java:logGet(43)) - raft.server.rpc.request.timeout = 3000ms (default)
2019-09-25 04:44:22,335 [main] INFO  server.RaftServerConfigKeys (ConfUtils.java:logGet(43)) - raft.server.storage.dir = [/workdir/hadoop-ozone/integration-test/target/test-dir/MiniOzoneClusterImpl-35769ac5-a4ef-4df9-86f1-fb87f256fef7/datanode-2/data/ratis] (custom)
2019-09-25 04:44:22,337 [main] INFO  hdfs.DFSUtil (DFSUtil.java:httpServerTemplateForNNAndJN(1641)) - Starting Web-server for hddsDatanode at: http://0.0.0.0:0
2019-09-25 04:44:22,339 [main] INFO  server.AuthenticationFilter (AuthenticationFilter.java:constructSecretProvider(240)) - Unable to initialize FileSignerSecretProvider, falling back to use random secrets.
2019-09-25 04:44:22,339 [main] WARN  http.HttpRequestLog (HttpRequestLog.java:getRequestLog(97)) - Jetty request log can only be enabled using Log4j
2019-09-25 04:44:22,341 [main] INFO  http.HttpServer2 (HttpServer2.java:addGlobalFilter(975)) - Added global filter 'safety' (class=org.apache.hadoop.http.HttpServer2$QuotingInputFilter)
2019-09-25 04:44:22,343 [main] INFO  http.HttpServer2 (HttpServer2.java:addFilter(948)) - Added filter static_user_filter (class=org.apache.hadoop.http.lib.StaticUserWebFilter$StaticUserFilter) to context hddsDatanode
2019-09-25 04:44:22,343 [main] INFO  http.HttpServer2 (HttpServer2.java:addFilter(958)) - Added filter static_user_filter (class=org.apache.hadoop.http.lib.StaticUserWebFilter$StaticUserFilter) to context static
2019-09-25 04:44:22,343 [main] INFO  http.HttpServer2 (HttpServer2.java:addFilter(958)) - Added filter static_user_filter (class=org.apache.hadoop.http.lib.StaticUserWebFilter$StaticUserFilter) to context logs
2019-09-25 04:44:22,344 [main] INFO  http.HttpServer2 (HttpServer2.java:bindListener(1191)) - Jetty bound to port 43130
2019-09-25 04:44:22,344 [main] INFO  server.Server (Server.java:doStart(351)) - jetty-9.3.25.v20180904, build timestamp: 2018-09-04T21:11:46Z, git hash: 3ce520221d0240229c862b122d2b06c12a625732
2019-09-25 04:44:22,346 [main] INFO  handler.ContextHandler (ContextHandler.java:doStart(781)) - Started o.e.j.s.ServletContextHandler@6088451e{/logs,file:///workdir/hadoop-ozone/integration-test/target/log,AVAILABLE}
2019-09-25 04:44:22,346 [main] INFO  handler.ContextHandler (ContextHandler.java:doStart(781)) - Started o.e.j.s.ServletContextHandler@2f10f633{/static,jar:file:/home/user/.m2/repository/org/apache/hadoop/hadoop-hdds-container-service/0.5.0-SNAPSHOT/hadoop-hdds-container-service-0.5.0-SNAPSHOT.jar!/webapps/static,AVAILABLE}
2019-09-25 04:44:22,381 [main] INFO  handler.ContextHandler (ContextHandler.java:doStart(781)) - Started o.e.j.w.WebAppContext@3f6bf8aa{/,file:///tmp/jetty-0.0.0.0-43130-hddsDatanode-_-any-4408607657173658099.dir/webapp/,AVAILABLE}{/hddsDatanode}
2019-09-25 04:44:22,381 [main] INFO  server.AbstractConnector (AbstractConnector.java:doStart(278)) - Started ServerConnector@13c8ac77{HTTP/1.1,[http/1.1]}{0.0.0.0:43130}
2019-09-25 04:44:22,383 [main] INFO  server.Server (Server.java:doStart(419)) - Started @111593ms
2019-09-25 04:44:22,383 [main] WARN  impl.MetricsSystemImpl (MetricsSystemImpl.java:register(276)) - Sink prometheus already exists!
2019-09-25 04:44:22,384 [main] INFO  server.BaseHttpServer (BaseHttpServer.java:updateConnectorAddress(215)) - HTTP server of HDDSDATANODE is listening at http://0.0.0.0:43130
2019-09-25 04:44:22,384 [main] INFO  impl.MetricsSystemImpl (MetricsSystemImpl.java:init(158)) - HddsDatanode metrics system started (again)
2019-09-25 04:44:22,388 [org.apache.hadoop.util.JvmPauseMonitor$Monitor@4e53d999] INFO  util.JvmPauseMonitor (JvmPauseMonitor.java:run(188)) - Starting JVM pause monitor
2019-09-25 04:44:22,389 [main] INFO  ozone.HddsDatanodeService (HddsDatanodeService.java:start(184)) - HddsDatanodeService host:pr-hdds-2174-pqx5g-486351168 ip:192.168.36.126
2019-09-25 04:44:22,389 [Datanode State Machine Thread - 0] INFO  datanode.InitDatanodeState (InitDatanodeState.java:persistContainerDatanodeDetails(140)) - DatanodeDetails is persisted to /workdir/hadoop-ozone/integration-test/target/test-dir/MiniOzoneClusterImpl-35769ac5-a4ef-4df9-86f1-fb87f256fef7/datanode-2/meta/datanode.id
2019-09-25 04:44:22,395 [main] INFO  volume.HddsVolume (HddsVolume.java:<init>(176)) - Creating Volume: /workdir/hadoop-ozone/integration-test/target/test-dir/MiniOzoneClusterImpl-35769ac5-a4ef-4df9-86f1-fb87f256fef7/datanode-3/data/containers/hdds of  storage type : DISK and capacity : 1482555576320
2019-09-25 04:44:22,395 [main] INFO  volume.VolumeSet (VolumeSet.java:initializeVolumeSet(170)) - Added Volume : /workdir/hadoop-ozone/integration-test/target/test-dir/MiniOzoneClusterImpl-35769ac5-a4ef-4df9-86f1-fb87f256fef7/datanode-3/data/containers/hdds to VolumeSet
2019-09-25 04:44:22,396 [main] INFO  volume.ThrottledAsyncChecker (ThrottledAsyncChecker.java:schedule(139)) - Scheduling a check for org.apache.hadoop.ozone.container.common.volume.HddsVolume@7885776b
2019-09-25 04:44:22,396 [main] INFO  volume.HddsVolumeChecker (HddsVolumeChecker.java:checkAllVolumes(202)) - Scheduled health check for volume org.apache.hadoop.ozone.container.common.volume.HddsVolume@7885776b
2019-09-25 04:44:22,416 [main] INFO  impl.RaftServerProxy (ConfUtils.java:logGet(43)) - raft.rpc.type = GRPC (default)
2019-09-25 04:44:22,416 [main] INFO  grpc.GrpcFactory (GrpcFactory.java:checkPooledByteBufAllocatorUseCacheForAllThreads(45)) - PERFORMANCE WARNING: useCacheForAllThreads is true that may cause Netty to create a lot garbage objects and, as a result, trigger GC.
	It is recommended to disable useCacheForAllThreads by setting -Dorg.apache.ratis.thirdparty.io.netty.allocator.useCacheForAllThreads=false in command line.
2019-09-25 04:44:22,416 [main] INFO  grpc.GrpcConfigKeys$Server (ConfUtils.java:logGet(43)) - raft.grpc.server.port = 0 (default)
2019-09-25 04:44:22,417 [main] INFO  server.GrpcService (ConfUtils.java:logGet(43)) - raft.grpc.message.size.max = 33570816 (custom)
2019-09-25 04:44:22,417 [main] INFO  server.RaftServerConfigKeys (ConfUtils.java:logGet(43)) - raft.server.log.appender.buffer.byte-limit = 33554432 (custom)
2019-09-25 04:44:22,417 [main] INFO  server.GrpcService (ConfUtils.java:logGet(43)) - raft.grpc.flow.control.window = 1MB (=1048576) (default)
2019-09-25 04:44:22,417 [main] INFO  server.RaftServerConfigKeys (ConfUtils.java:logGet(43)) - raft.server.rpc.request.timeout = 3000ms (default)
2019-09-25 04:44:22,418 [main] INFO  server.RaftServerConfigKeys (ConfUtils.java:logGet(43)) - raft.server.storage.dir = [/workdir/hadoop-ozone/integration-test/target/test-dir/MiniOzoneClusterImpl-35769ac5-a4ef-4df9-86f1-fb87f256fef7/datanode-3/data/ratis] (custom)
2019-09-25 04:44:22,420 [main] INFO  hdfs.DFSUtil (DFSUtil.java:httpServerTemplateForNNAndJN(1641)) - Starting Web-server for hddsDatanode at: http://0.0.0.0:0
2019-09-25 04:44:22,421 [main] INFO  server.AuthenticationFilter (AuthenticationFilter.java:constructSecretProvider(240)) - Unable to initialize FileSignerSecretProvider, falling back to use random secrets.
2019-09-25 04:44:22,422 [main] WARN  http.HttpRequestLog (HttpRequestLog.java:getRequestLog(97)) - Jetty request log can only be enabled using Log4j
2019-09-25 04:44:22,424 [main] INFO  http.HttpServer2 (HttpServer2.java:addGlobalFilter(975)) - Added global filter 'safety' (class=org.apache.hadoop.http.HttpServer2$QuotingInputFilter)
2019-09-25 04:44:22,424 [main] INFO  http.HttpServer2 (HttpServer2.java:addFilter(948)) - Added filter static_user_filter (class=org.apache.hadoop.http.lib.StaticUserWebFilter$StaticUserFilter) to context hddsDatanode
2019-09-25 04:44:22,425 [main] INFO  http.HttpServer2 (HttpServer2.java:addFilter(958)) - Added filter static_user_filter (class=org.apache.hadoop.http.lib.StaticUserWebFilter$StaticUserFilter) to context logs
2019-09-25 04:44:22,425 [main] INFO  http.HttpServer2 (HttpServer2.java:addFilter(958)) - Added filter static_user_filter (class=org.apache.hadoop.http.lib.StaticUserWebFilter$StaticUserFilter) to context static
2019-09-25 04:44:22,426 [main] INFO  http.HttpServer2 (HttpServer2.java:bindListener(1191)) - Jetty bound to port 41807
2019-09-25 04:44:22,426 [main] INFO  server.Server (Server.java:doStart(351)) - jetty-9.3.25.v20180904, build timestamp: 2018-09-04T21:11:46Z, git hash: 3ce520221d0240229c862b122d2b06c12a625732
2019-09-25 04:44:22,428 [main] INFO  handler.ContextHandler (ContextHandler.java:doStart(781)) - Started o.e.j.s.ServletContextHandler@6af90849{/logs,file:///workdir/hadoop-ozone/integration-test/target/log,AVAILABLE}
2019-09-25 04:44:22,429 [main] INFO  handler.ContextHandler (ContextHandler.java:doStart(781)) - Started o.e.j.s.ServletContextHandler@4fa4f485{/static,jar:file:/home/user/.m2/repository/org/apache/hadoop/hadoop-hdds-container-service/0.5.0-SNAPSHOT/hadoop-hdds-container-service-0.5.0-SNAPSHOT.jar!/webapps/static,AVAILABLE}
2019-09-25 04:44:22,463 [main] INFO  handler.ContextHandler (ContextHandler.java:doStart(781)) - Started o.e.j.w.WebAppContext@66a5755{/,file:///tmp/jetty-0.0.0.0-41807-hddsDatanode-_-any-8426732501753648632.dir/webapp/,AVAILABLE}{/hddsDatanode}
2019-09-25 04:44:22,464 [main] INFO  server.AbstractConnector (AbstractConnector.java:doStart(278)) - Started ServerConnector@771a7d53{HTTP/1.1,[http/1.1]}{0.0.0.0:41807}
2019-09-25 04:44:22,465 [main] INFO  server.Server (Server.java:doStart(419)) - Started @111676ms
2019-09-25 04:44:22,465 [main] WARN  impl.MetricsSystemImpl (MetricsSystemImpl.java:register(276)) - Sink prometheus already exists!
2019-09-25 04:44:22,466 [main] INFO  server.BaseHttpServer (BaseHttpServer.java:updateConnectorAddress(215)) - HTTP server of HDDSDATANODE is listening at http://0.0.0.0:41807
2019-09-25 04:44:22,467 [main] INFO  impl.MetricsSystemImpl (MetricsSystemImpl.java:init(158)) - HddsDatanode metrics system started (again)
2019-09-25 04:44:22,599 [org.apache.hadoop.util.JvmPauseMonitor$Monitor@dac7c95] INFO  util.JvmPauseMonitor (JvmPauseMonitor.java:run(188)) - Starting JVM pause monitor
2019-09-25 04:44:22,626 [Datanode State Machine Thread - 0] INFO  datanode.InitDatanodeState (InitDatanodeState.java:persistContainerDatanodeDetails(140)) - DatanodeDetails is persisted to /workdir/hadoop-ozone/integration-test/target/test-dir/MiniOzoneClusterImpl-35769ac5-a4ef-4df9-86f1-fb87f256fef7/datanode-3/meta/datanode.id
2019-09-25 04:44:22,689 [main] INFO  ozone.HddsDatanodeService (HddsDatanodeService.java:start(184)) - HddsDatanodeService host:pr-hdds-2174-pqx5g-486351168 ip:192.168.36.126
2019-09-25 04:44:22,698 [main] INFO  volume.HddsVolume (HddsVolume.java:<init>(176)) - Creating Volume: /workdir/hadoop-ozone/integration-test/target/test-dir/MiniOzoneClusterImpl-35769ac5-a4ef-4df9-86f1-fb87f256fef7/datanode-4/data/containers/hdds of  storage type : DISK and capacity : 1482555576320
2019-09-25 04:44:22,699 [main] INFO  volume.VolumeSet (VolumeSet.java:initializeVolumeSet(170)) - Added Volume : /workdir/hadoop-ozone/integration-test/target/test-dir/MiniOzoneClusterImpl-35769ac5-a4ef-4df9-86f1-fb87f256fef7/datanode-4/data/containers/hdds to VolumeSet
2019-09-25 04:44:22,699 [main] INFO  volume.ThrottledAsyncChecker (ThrottledAsyncChecker.java:schedule(139)) - Scheduling a check for org.apache.hadoop.ozone.container.common.volume.HddsVolume@53ce2392
2019-09-25 04:44:22,700 [main] INFO  volume.HddsVolumeChecker (HddsVolumeChecker.java:checkAllVolumes(202)) - Scheduled health check for volume org.apache.hadoop.ozone.container.common.volume.HddsVolume@53ce2392
2019-09-25 04:44:22,739 [main] INFO  impl.RaftServerProxy (ConfUtils.java:logGet(43)) - raft.rpc.type = GRPC (default)
2019-09-25 04:44:22,739 [main] INFO  grpc.GrpcFactory (GrpcFactory.java:checkPooledByteBufAllocatorUseCacheForAllThreads(45)) - PERFORMANCE WARNING: useCacheForAllThreads is true that may cause Netty to create a lot garbage objects and, as a result, trigger GC.
	It is recommended to disable useCacheForAllThreads by setting -Dorg.apache.ratis.thirdparty.io.netty.allocator.useCacheForAllThreads=false in command line.
2019-09-25 04:44:22,739 [main] INFO  grpc.GrpcConfigKeys$Server (ConfUtils.java:logGet(43)) - raft.grpc.server.port = 0 (default)
2019-09-25 04:44:22,740 [main] INFO  server.GrpcService (ConfUtils.java:logGet(43)) - raft.grpc.message.size.max = 33570816 (custom)
2019-09-25 04:44:22,740 [main] INFO  server.RaftServerConfigKeys (ConfUtils.java:logGet(43)) - raft.server.log.appender.buffer.byte-limit = 33554432 (custom)
2019-09-25 04:44:22,740 [main] INFO  server.GrpcService (ConfUtils.java:logGet(43)) - raft.grpc.flow.control.window = 1MB (=1048576) (default)
2019-09-25 04:44:22,740 [main] INFO  server.RaftServerConfigKeys (ConfUtils.java:logGet(43)) - raft.server.rpc.request.timeout = 3000ms (default)
2019-09-25 04:44:22,741 [main] INFO  server.RaftServerConfigKeys (ConfUtils.java:logGet(43)) - raft.server.storage.dir = [/workdir/hadoop-ozone/integration-test/target/test-dir/MiniOzoneClusterImpl-35769ac5-a4ef-4df9-86f1-fb87f256fef7/datanode-4/data/ratis] (custom)
2019-09-25 04:44:22,742 [main] INFO  hdfs.DFSUtil (DFSUtil.java:httpServerTemplateForNNAndJN(1641)) - Starting Web-server for hddsDatanode at: http://0.0.0.0:0
2019-09-25 04:44:22,744 [main] INFO  server.AuthenticationFilter (AuthenticationFilter.java:constructSecretProvider(240)) - Unable to initialize FileSignerSecretProvider, falling back to use random secrets.
2019-09-25 04:44:22,745 [main] WARN  http.HttpRequestLog (HttpRequestLog.java:getRequestLog(97)) - Jetty request log can only be enabled using Log4j
2019-09-25 04:44:22,746 [main] INFO  http.HttpServer2 (HttpServer2.java:addGlobalFilter(975)) - Added global filter 'safety' (class=org.apache.hadoop.http.HttpServer2$QuotingInputFilter)
2019-09-25 04:44:22,747 [main] INFO  http.HttpServer2 (HttpServer2.java:addFilter(948)) - Added filter static_user_filter (class=org.apache.hadoop.http.lib.StaticUserWebFilter$StaticUserFilter) to context hddsDatanode
2019-09-25 04:44:22,748 [main] INFO  http.HttpServer2 (HttpServer2.java:addFilter(958)) - Added filter static_user_filter (class=org.apache.hadoop.http.lib.StaticUserWebFilter$StaticUserFilter) to context static
2019-09-25 04:44:22,748 [main] INFO  http.HttpServer2 (HttpServer2.java:addFilter(958)) - Added filter static_user_filter (class=org.apache.hadoop.http.lib.StaticUserWebFilter$StaticUserFilter) to context logs
2019-09-25 04:44:22,749 [main] INFO  http.HttpServer2 (HttpServer2.java:bindListener(1191)) - Jetty bound to port 35845
2019-09-25 04:44:22,749 [main] INFO  server.Server (Server.java:doStart(351)) - jetty-9.3.25.v20180904, build timestamp: 2018-09-04T21:11:46Z, git hash: 3ce520221d0240229c862b122d2b06c12a625732
2019-09-25 04:44:22,751 [main] INFO  handler.ContextHandler (ContextHandler.java:doStart(781)) - Started o.e.j.s.ServletContextHandler@294f9d50{/logs,file:///workdir/hadoop-ozone/integration-test/target/log,AVAILABLE}
2019-09-25 04:44:22,752 [main] INFO  handler.ContextHandler (ContextHandler.java:doStart(781)) - Started o.e.j.s.ServletContextHandler@3ddb774f{/static,jar:file:/home/user/.m2/repository/org/apache/hadoop/hadoop-hdds-container-service/0.5.0-SNAPSHOT/hadoop-hdds-container-service-0.5.0-SNAPSHOT.jar!/webapps/static,AVAILABLE}
2019-09-25 04:44:22,783 [main] INFO  handler.ContextHandler (ContextHandler.java:doStart(781)) - Started o.e.j.w.WebAppContext@b61edb9{/,file:///tmp/jetty-0.0.0.0-35845-hddsDatanode-_-any-1256154366252470337.dir/webapp/,AVAILABLE}{/hddsDatanode}
2019-09-25 04:44:22,784 [main] INFO  server.AbstractConnector (AbstractConnector.java:doStart(278)) - Started ServerConnector@5d3ff859{HTTP/1.1,[http/1.1]}{0.0.0.0:35845}
2019-09-25 04:44:22,785 [main] INFO  server.Server (Server.java:doStart(419)) - Started @111995ms
2019-09-25 04:44:22,785 [main] WARN  impl.MetricsSystemImpl (MetricsSystemImpl.java:register(276)) - Sink prometheus already exists!
2019-09-25 04:44:22,786 [main] INFO  server.BaseHttpServer (BaseHttpServer.java:updateConnectorAddress(215)) - HTTP server of HDDSDATANODE is listening at http://0.0.0.0:35845
2019-09-25 04:44:22,786 [main] INFO  impl.MetricsSystemImpl (MetricsSystemImpl.java:init(158)) - HddsDatanode metrics system started (again)
2019-09-25 04:44:22,790 [org.apache.hadoop.util.JvmPauseMonitor$Monitor@5df6b9ae] INFO  util.JvmPauseMonitor (JvmPauseMonitor.java:run(188)) - Starting JVM pause monitor
2019-09-25 04:44:22,791 [main] INFO  ozone.HddsDatanodeService (HddsDatanodeService.java:start(184)) - HddsDatanodeService host:pr-hdds-2174-pqx5g-486351168 ip:192.168.36.126
2019-09-25 04:44:22,792 [Datanode State Machine Thread - 0] INFO  datanode.InitDatanodeState (InitDatanodeState.java:persistContainerDatanodeDetails(140)) - DatanodeDetails is persisted to /workdir/hadoop-ozone/integration-test/target/test-dir/MiniOzoneClusterImpl-35769ac5-a4ef-4df9-86f1-fb87f256fef7/datanode-4/meta/datanode.id
2019-09-25 04:44:22,796 [main] INFO  volume.HddsVolume (HddsVolume.java:<init>(176)) - Creating Volume: /workdir/hadoop-ozone/integration-test/target/test-dir/MiniOzoneClusterImpl-35769ac5-a4ef-4df9-86f1-fb87f256fef7/datanode-5/data/containers/hdds of  storage type : DISK and capacity : 1482555576320
2019-09-25 04:44:22,796 [main] INFO  volume.VolumeSet (VolumeSet.java:initializeVolumeSet(170)) - Added Volume : /workdir/hadoop-ozone/integration-test/target/test-dir/MiniOzoneClusterImpl-35769ac5-a4ef-4df9-86f1-fb87f256fef7/datanode-5/data/containers/hdds to VolumeSet
2019-09-25 04:44:22,796 [main] INFO  volume.ThrottledAsyncChecker (ThrottledAsyncChecker.java:schedule(139)) - Scheduling a check for org.apache.hadoop.ozone.container.common.volume.HddsVolume@f29353f
2019-09-25 04:44:22,797 [main] INFO  volume.HddsVolumeChecker (HddsVolumeChecker.java:checkAllVolumes(202)) - Scheduled health check for volume org.apache.hadoop.ozone.container.common.volume.HddsVolume@f29353f
2019-09-25 04:44:22,812 [main] INFO  impl.RaftServerProxy (ConfUtils.java:logGet(43)) - raft.rpc.type = GRPC (default)
2019-09-25 04:44:22,812 [main] INFO  grpc.GrpcFactory (GrpcFactory.java:checkPooledByteBufAllocatorUseCacheForAllThreads(45)) - PERFORMANCE WARNING: useCacheForAllThreads is true that may cause Netty to create a lot garbage objects and, as a result, trigger GC.
	It is recommended to disable useCacheForAllThreads by setting -Dorg.apache.ratis.thirdparty.io.netty.allocator.useCacheForAllThreads=false in command line.
2019-09-25 04:44:22,812 [main] INFO  grpc.GrpcConfigKeys$Server (ConfUtils.java:logGet(43)) - raft.grpc.server.port = 0 (default)
2019-09-25 04:44:22,812 [main] INFO  server.GrpcService (ConfUtils.java:logGet(43)) - raft.grpc.message.size.max = 33570816 (custom)
2019-09-25 04:44:22,813 [main] INFO  server.RaftServerConfigKeys (ConfUtils.java:logGet(43)) - raft.server.log.appender.buffer.byte-limit = 33554432 (custom)
2019-09-25 04:44:22,813 [main] INFO  server.GrpcService (ConfUtils.java:logGet(43)) - raft.grpc.flow.control.window = 1MB (=1048576) (default)
2019-09-25 04:44:22,813 [main] INFO  server.RaftServerConfigKeys (ConfUtils.java:logGet(43)) - raft.server.rpc.request.timeout = 3000ms (default)
2019-09-25 04:44:22,813 [main] INFO  server.RaftServerConfigKeys (ConfUtils.java:logGet(43)) - raft.server.storage.dir = [/workdir/hadoop-ozone/integration-test/target/test-dir/MiniOzoneClusterImpl-35769ac5-a4ef-4df9-86f1-fb87f256fef7/datanode-5/data/ratis] (custom)
2019-09-25 04:44:22,815 [main] INFO  hdfs.DFSUtil (DFSUtil.java:httpServerTemplateForNNAndJN(1641)) - Starting Web-server for hddsDatanode at: http://0.0.0.0:0
2019-09-25 04:44:22,816 [main] INFO  server.AuthenticationFilter (AuthenticationFilter.java:constructSecretProvider(240)) - Unable to initialize FileSignerSecretProvider, falling back to use random secrets.
2019-09-25 04:44:22,816 [main] WARN  http.HttpRequestLog (HttpRequestLog.java:getRequestLog(97)) - Jetty request log can only be enabled using Log4j
2019-09-25 04:44:22,817 [main] INFO  http.HttpServer2 (HttpServer2.java:addGlobalFilter(975)) - Added global filter 'safety' (class=org.apache.hadoop.http.HttpServer2$QuotingInputFilter)
2019-09-25 04:44:22,818 [main] INFO  http.HttpServer2 (HttpServer2.java:addFilter(948)) - Added filter static_user_filter (class=org.apache.hadoop.http.lib.StaticUserWebFilter$StaticUserFilter) to context hddsDatanode
2019-09-25 04:44:22,818 [main] INFO  http.HttpServer2 (HttpServer2.java:addFilter(958)) - Added filter static_user_filter (class=org.apache.hadoop.http.lib.StaticUserWebFilter$StaticUserFilter) to context logs
2019-09-25 04:44:22,818 [main] INFO  http.HttpServer2 (HttpServer2.java:addFilter(958)) - Added filter static_user_filter (class=org.apache.hadoop.http.lib.StaticUserWebFilter$StaticUserFilter) to context static
2019-09-25 04:44:22,819 [main] INFO  http.HttpServer2 (HttpServer2.java:bindListener(1191)) - Jetty bound to port 46867
2019-09-25 04:44:22,819 [main] INFO  server.Server (Server.java:doStart(351)) - jetty-9.3.25.v20180904, build timestamp: 2018-09-04T21:11:46Z, git hash: 3ce520221d0240229c862b122d2b06c12a625732
2019-09-25 04:44:22,820 [main] INFO  handler.ContextHandler (ContextHandler.java:doStart(781)) - Started o.e.j.s.ServletContextHandler@23da79eb{/logs,file:///workdir/hadoop-ozone/integration-test/target/log,AVAILABLE}
2019-09-25 04:44:22,821 [main] INFO  handler.ContextHandler (ContextHandler.java:doStart(781)) - Started o.e.j.s.ServletContextHandler@3e05586b{/static,jar:file:/home/user/.m2/repository/org/apache/hadoop/hadoop-hdds-container-service/0.5.0-SNAPSHOT/hadoop-hdds-container-service-0.5.0-SNAPSHOT.jar!/webapps/static,AVAILABLE}
2019-09-25 04:44:22,848 [main] INFO  handler.ContextHandler (ContextHandler.java:doStart(781)) - Started o.e.j.w.WebAppContext@630bf683{/,file:///tmp/jetty-0.0.0.0-46867-hddsDatanode-_-any-2898671156170995420.dir/webapp/,AVAILABLE}{/hddsDatanode}
2019-09-25 04:44:22,848 [main] INFO  server.AbstractConnector (AbstractConnector.java:doStart(278)) - Started ServerConnector@22d322f5{HTTP/1.1,[http/1.1]}{0.0.0.0:46867}
2019-09-25 04:44:22,849 [main] INFO  server.Server (Server.java:doStart(419)) - Started @112059ms
2019-09-25 04:44:22,849 [main] WARN  impl.MetricsSystemImpl (MetricsSystemImpl.java:register(276)) - Sink prometheus already exists!
2019-09-25 04:44:22,850 [main] INFO  server.BaseHttpServer (BaseHttpServer.java:updateConnectorAddress(215)) - HTTP server of HDDSDATANODE is listening at http://0.0.0.0:46867
2019-09-25 04:44:22,850 [main] INFO  impl.MetricsSystemImpl (MetricsSystemImpl.java:init(158)) - HddsDatanode metrics system started (again)
2019-09-25 04:44:22,854 [org.apache.hadoop.util.JvmPauseMonitor$Monitor@3fe4e0e1] INFO  util.JvmPauseMonitor (JvmPauseMonitor.java:run(188)) - Starting JVM pause monitor
2019-09-25 04:44:22,854 [main] INFO  ozone.HddsDatanodeService (HddsDatanodeService.java:start(184)) - HddsDatanodeService host:pr-hdds-2174-pqx5g-486351168 ip:192.168.36.126
2019-09-25 04:44:22,855 [Datanode State Machine Thread - 0] INFO  datanode.InitDatanodeState (InitDatanodeState.java:persistContainerDatanodeDetails(140)) - DatanodeDetails is persisted to /workdir/hadoop-ozone/integration-test/target/test-dir/MiniOzoneClusterImpl-35769ac5-a4ef-4df9-86f1-fb87f256fef7/datanode-5/meta/datanode.id
2019-09-25 04:44:22,859 [main] INFO  volume.HddsVolume (HddsVolume.java:<init>(176)) - Creating Volume: /workdir/hadoop-ozone/integration-test/target/test-dir/MiniOzoneClusterImpl-35769ac5-a4ef-4df9-86f1-fb87f256fef7/datanode-6/data/containers/hdds of  storage type : DISK and capacity : 1482555576320
2019-09-25 04:44:22,859 [main] INFO  volume.VolumeSet (VolumeSet.java:initializeVolumeSet(170)) - Added Volume : /workdir/hadoop-ozone/integration-test/target/test-dir/MiniOzoneClusterImpl-35769ac5-a4ef-4df9-86f1-fb87f256fef7/datanode-6/data/containers/hdds to VolumeSet
2019-09-25 04:44:22,860 [main] INFO  volume.ThrottledAsyncChecker (ThrottledAsyncChecker.java:schedule(139)) - Scheduling a check for org.apache.hadoop.ozone.container.common.volume.HddsVolume@26837057
2019-09-25 04:44:22,860 [main] INFO  volume.HddsVolumeChecker (HddsVolumeChecker.java:checkAllVolumes(202)) - Scheduled health check for volume org.apache.hadoop.ozone.container.common.volume.HddsVolume@26837057
2019-09-25 04:44:22,872 [main] INFO  impl.RaftServerProxy (ConfUtils.java:logGet(43)) - raft.rpc.type = GRPC (default)
2019-09-25 04:44:22,872 [main] INFO  grpc.GrpcFactory (GrpcFactory.java:checkPooledByteBufAllocatorUseCacheForAllThreads(45)) - PERFORMANCE WARNING: useCacheForAllThreads is true that may cause Netty to create a lot garbage objects and, as a result, trigger GC.
	It is recommended to disable useCacheForAllThreads by setting -Dorg.apache.ratis.thirdparty.io.netty.allocator.useCacheForAllThreads=false in command line.
2019-09-25 04:44:22,872 [main] INFO  grpc.GrpcConfigKeys$Server (ConfUtils.java:logGet(43)) - raft.grpc.server.port = 0 (default)
2019-09-25 04:44:22,872 [main] INFO  server.GrpcService (ConfUtils.java:logGet(43)) - raft.grpc.message.size.max = 33570816 (custom)
2019-09-25 04:44:22,873 [main] INFO  server.RaftServerConfigKeys (ConfUtils.java:logGet(43)) - raft.server.log.appender.buffer.byte-limit = 33554432 (custom)
2019-09-25 04:44:22,873 [main] INFO  server.GrpcService (ConfUtils.java:logGet(43)) - raft.grpc.flow.control.window = 1MB (=1048576) (default)
2019-09-25 04:44:22,873 [main] INFO  server.RaftServerConfigKeys (ConfUtils.java:logGet(43)) - raft.server.rpc.request.timeout = 3000ms (default)
2019-09-25 04:44:22,873 [main] INFO  server.RaftServerConfigKeys (ConfUtils.java:logGet(43)) - raft.server.storage.dir = [/workdir/hadoop-ozone/integration-test/target/test-dir/MiniOzoneClusterImpl-35769ac5-a4ef-4df9-86f1-fb87f256fef7/datanode-6/data/ratis] (custom)
2019-09-25 04:44:22,875 [main] INFO  hdfs.DFSUtil (DFSUtil.java:httpServerTemplateForNNAndJN(1641)) - Starting Web-server for hddsDatanode at: http://0.0.0.0:0
2019-09-25 04:44:22,876 [main] INFO  server.AuthenticationFilter (AuthenticationFilter.java:constructSecretProvider(240)) - Unable to initialize FileSignerSecretProvider, falling back to use random secrets.
2019-09-25 04:44:22,876 [main] WARN  http.HttpRequestLog (HttpRequestLog.java:getRequestLog(97)) - Jetty request log can only be enabled using Log4j
2019-09-25 04:44:22,877 [main] INFO  http.HttpServer2 (HttpServer2.java:addGlobalFilter(975)) - Added global filter 'safety' (class=org.apache.hadoop.http.HttpServer2$QuotingInputFilter)
2019-09-25 04:44:22,878 [main] INFO  http.HttpServer2 (HttpServer2.java:addFilter(948)) - Added filter static_user_filter (class=org.apache.hadoop.http.lib.StaticUserWebFilter$StaticUserFilter) to context hddsDatanode
2019-09-25 04:44:22,878 [main] INFO  http.HttpServer2 (HttpServer2.java:addFilter(958)) - Added filter static_user_filter (class=org.apache.hadoop.http.lib.StaticUserWebFilter$StaticUserFilter) to context static
2019-09-25 04:44:22,878 [main] INFO  http.HttpServer2 (HttpServer2.java:addFilter(958)) - Added filter static_user_filter (class=org.apache.hadoop.http.lib.StaticUserWebFilter$StaticUserFilter) to context logs
2019-09-25 04:44:22,879 [main] INFO  http.HttpServer2 (HttpServer2.java:bindListener(1191)) - Jetty bound to port 33016
2019-09-25 04:44:22,879 [main] INFO  server.Server (Server.java:doStart(351)) - jetty-9.3.25.v20180904, build timestamp: 2018-09-04T21:11:46Z, git hash: 3ce520221d0240229c862b122d2b06c12a625732
2019-09-25 04:44:22,881 [main] INFO  handler.ContextHandler (ContextHandler.java:doStart(781)) - Started o.e.j.s.ServletContextHandler@7237f3c1{/logs,file:///workdir/hadoop-ozone/integration-test/target/log,AVAILABLE}
2019-09-25 04:44:22,881 [main] INFO  handler.ContextHandler (ContextHandler.java:doStart(781)) - Started o.e.j.s.ServletContextHandler@642a16aa{/static,jar:file:/home/user/.m2/repository/org/apache/hadoop/hadoop-hdds-container-service/0.5.0-SNAPSHOT/hadoop-hdds-container-service-0.5.0-SNAPSHOT.jar!/webapps/static,AVAILABLE}
2019-09-25 04:44:22,908 [main] INFO  handler.ContextHandler (ContextHandler.java:doStart(781)) - Started o.e.j.w.WebAppContext@46e3559f{/,file:///tmp/jetty-0.0.0.0-33016-hddsDatanode-_-any-7424543887374227624.dir/webapp/,AVAILABLE}{/hddsDatanode}
2019-09-25 04:44:22,908 [main] INFO  server.AbstractConnector (AbstractConnector.java:doStart(278)) - Started ServerConnector@3b83459e{HTTP/1.1,[http/1.1]}{0.0.0.0:33016}
2019-09-25 04:44:22,910 [main] INFO  server.Server (Server.java:doStart(419)) - Started @112120ms
2019-09-25 04:44:22,910 [main] WARN  impl.MetricsSystemImpl (MetricsSystemImpl.java:register(276)) - Sink prometheus already exists!
2019-09-25 04:44:22,911 [main] INFO  server.BaseHttpServer (BaseHttpServer.java:updateConnectorAddress(215)) - HTTP server of HDDSDATANODE is listening at http://0.0.0.0:33016
2019-09-25 04:44:22,911 [main] INFO  ozone.MiniOzoneClusterImpl (MiniOzoneClusterImpl.java:lambda$waitForClusterToBeReady$0(147)) - Waiting for cluster to be ready. Got 0 of 7 DN Heartbeats.
2019-09-25 04:44:22,914 [org.apache.hadoop.util.JvmPauseMonitor$Monitor@10643c22] INFO  util.JvmPauseMonitor (JvmPauseMonitor.java:run(188)) - Starting JVM pause monitor
2019-09-25 04:44:22,916 [Datanode State Machine Thread - 0] INFO  datanode.InitDatanodeState (InitDatanodeState.java:persistContainerDatanodeDetails(140)) - DatanodeDetails is persisted to /workdir/hadoop-ozone/integration-test/target/test-dir/MiniOzoneClusterImpl-35769ac5-a4ef-4df9-86f1-fb87f256fef7/datanode-6/meta/datanode.id
2019-09-25 04:44:23,918 [main] INFO  ozone.MiniOzoneClusterImpl (MiniOzoneClusterImpl.java:lambda$waitForClusterToBeReady$0(147)) - Waiting for cluster to be ready. Got 0 of 7 DN Heartbeats.
2019-09-25 04:44:24,296 [Datanode State Machine Thread - 0] INFO  ozoneimpl.OzoneContainer (OzoneContainer.java:start(217)) - Attempting to start container services.
2019-09-25 04:44:24,300 [Datanode State Machine Thread - 0] INFO  ozoneimpl.OzoneContainer (OzoneContainer.java:startContainerScrub(179)) - Background container scanner has been disabled.
2019-09-25 04:44:24,300 [Datanode State Machine Thread - 0] INFO  ratis.XceiverServerRatis (XceiverServerRatis.java:start(411)) - Starting XceiverServerRatis 501e761e-a7a2-4fbd-b2cb-ccb733f61c47 at port 0
2019-09-25 04:44:24,306 [Datanode State Machine Thread - 0] INFO  impl.RaftServerProxy (RaftServerProxy.java:lambda$start$3(299)) - 501e761e-a7a2-4fbd-b2cb-ccb733f61c47: start RPC server
2019-09-25 04:44:24,311 [Datanode State Machine Thread - 0] INFO  server.GrpcService (GrpcService.java:startImpl(158)) - 501e761e-a7a2-4fbd-b2cb-ccb733f61c47: GrpcService started, listening on 0.0.0.0/0.0.0.0:43187
2019-09-25 04:44:24,311 [Datanode State Machine Thread - 0] INFO  ratis.XceiverServerRatis (XceiverServerRatis.java:start(421)) - XceiverServerRatis 501e761e-a7a2-4fbd-b2cb-ccb733f61c47 is started using port 43187
2019-09-25 04:44:24,313 [Datanode State Machine Thread - 0] INFO  server.XceiverServerGrpc (XceiverServerGrpc.java:start(149)) - XceiverServerGrpc 501e761e-a7a2-4fbd-b2cb-ccb733f61c47 is started using port 43027
2019-09-25 04:44:24,350 [Datanode State Machine Thread - 0] INFO  ozoneimpl.OzoneContainer (OzoneContainer.java:start(217)) - Attempting to start container services.
2019-09-25 04:44:24,357 [Datanode State Machine Thread - 0] INFO  ozoneimpl.OzoneContainer (OzoneContainer.java:startContainerScrub(179)) - Background container scanner has been disabled.
2019-09-25 04:44:24,357 [Datanode State Machine Thread - 0] INFO  ratis.XceiverServerRatis (XceiverServerRatis.java:start(411)) - Starting XceiverServerRatis 4a6eb500-5cbf-400b-b677-1633421db4a2 at port 0
2019-09-25 04:44:24,366 [Datanode State Machine Thread - 0] INFO  impl.RaftServerProxy (RaftServerProxy.java:lambda$start$3(299)) - 4a6eb500-5cbf-400b-b677-1633421db4a2: start RPC server
2019-09-25 04:44:24,370 [Datanode State Machine Thread - 0] INFO  server.GrpcService (GrpcService.java:startImpl(158)) - 4a6eb500-5cbf-400b-b677-1633421db4a2: GrpcService started, listening on 0.0.0.0/0.0.0.0:41453
2019-09-25 04:44:24,371 [Datanode State Machine Thread - 0] INFO  ratis.XceiverServerRatis (XceiverServerRatis.java:start(421)) - XceiverServerRatis 4a6eb500-5cbf-400b-b677-1633421db4a2 is started using port 41453
2019-09-25 04:44:24,374 [Datanode State Machine Thread - 0] INFO  server.XceiverServerGrpc (XceiverServerGrpc.java:start(149)) - XceiverServerGrpc 4a6eb500-5cbf-400b-b677-1633421db4a2 is started using port 35738
2019-09-25 04:44:24,417 [Datanode State Machine Thread - 0] INFO  ozoneimpl.OzoneContainer (OzoneContainer.java:start(217)) - Attempting to start container services.
2019-09-25 04:44:24,417 [Datanode State Machine Thread - 0] INFO  ozoneimpl.OzoneContainer (OzoneContainer.java:startContainerScrub(179)) - Background container scanner has been disabled.
2019-09-25 04:44:24,417 [Datanode State Machine Thread - 0] INFO  ratis.XceiverServerRatis (XceiverServerRatis.java:start(411)) - Starting XceiverServerRatis 475ba912-5711-4c23-b52c-8faeeb9e9943 at port 0
2019-09-25 04:44:24,425 [Datanode State Machine Thread - 0] INFO  impl.RaftServerProxy (RaftServerProxy.java:lambda$start$3(299)) - 475ba912-5711-4c23-b52c-8faeeb9e9943: start RPC server
2019-09-25 04:44:24,427 [Datanode State Machine Thread - 0] INFO  server.GrpcService (GrpcService.java:startImpl(158)) - 475ba912-5711-4c23-b52c-8faeeb9e9943: GrpcService started, listening on 0.0.0.0/0.0.0.0:44033
2019-09-25 04:44:24,427 [Datanode State Machine Thread - 0] INFO  ratis.XceiverServerRatis (XceiverServerRatis.java:start(421)) - XceiverServerRatis 475ba912-5711-4c23-b52c-8faeeb9e9943 is started using port 44033
2019-09-25 04:44:24,432 [Datanode State Machine Thread - 0] INFO  server.XceiverServerGrpc (XceiverServerGrpc.java:start(149)) - XceiverServerGrpc 475ba912-5711-4c23-b52c-8faeeb9e9943 is started using port 40777
2019-09-25 04:44:24,640 [Datanode State Machine Thread - 0] INFO  ozoneimpl.OzoneContainer (OzoneContainer.java:start(217)) - Attempting to start container services.
2019-09-25 04:44:24,640 [Datanode State Machine Thread - 0] INFO  ozoneimpl.OzoneContainer (OzoneContainer.java:startContainerScrub(179)) - Background container scanner has been disabled.
2019-09-25 04:44:24,641 [Datanode State Machine Thread - 0] INFO  ratis.XceiverServerRatis (XceiverServerRatis.java:start(411)) - Starting XceiverServerRatis a060778b-05f6-4510-a12a-face2191e804 at port 0
2019-09-25 04:44:24,646 [Datanode State Machine Thread - 0] INFO  impl.RaftServerProxy (RaftServerProxy.java:lambda$start$3(299)) - a060778b-05f6-4510-a12a-face2191e804: start RPC server
2019-09-25 04:44:24,649 [Datanode State Machine Thread - 0] INFO  server.GrpcService (GrpcService.java:startImpl(158)) - a060778b-05f6-4510-a12a-face2191e804: GrpcService started, listening on 0.0.0.0/0.0.0.0:43915
2019-09-25 04:44:24,649 [Datanode State Machine Thread - 0] INFO  ratis.XceiverServerRatis (XceiverServerRatis.java:start(421)) - XceiverServerRatis a060778b-05f6-4510-a12a-face2191e804 is started using port 43915
2019-09-25 04:44:24,649 [Datanode State Machine Thread - 0] INFO  server.XceiverServerGrpc (XceiverServerGrpc.java:start(149)) - XceiverServerGrpc a060778b-05f6-4510-a12a-face2191e804 is started using port 45512
2019-09-25 04:44:24,837 [Datanode State Machine Thread - 0] INFO  ozoneimpl.OzoneContainer (OzoneContainer.java:start(217)) - Attempting to start container services.
2019-09-25 04:44:24,837 [Datanode State Machine Thread - 0] INFO  ozoneimpl.OzoneContainer (OzoneContainer.java:startContainerScrub(179)) - Background container scanner has been disabled.
2019-09-25 04:44:24,837 [Datanode State Machine Thread - 0] INFO  ratis.XceiverServerRatis (XceiverServerRatis.java:start(411)) - Starting XceiverServerRatis 30c93de7-62f8-424f-b9ba-e4db297a056a at port 0
2019-09-25 04:44:24,845 [Datanode State Machine Thread - 0] INFO  impl.RaftServerProxy (RaftServerProxy.java:lambda$start$3(299)) - 30c93de7-62f8-424f-b9ba-e4db297a056a: start RPC server
2019-09-25 04:44:24,846 [Datanode State Machine Thread - 0] INFO  server.GrpcService (GrpcService.java:startImpl(158)) - 30c93de7-62f8-424f-b9ba-e4db297a056a: GrpcService started, listening on 0.0.0.0/0.0.0.0:44387
2019-09-25 04:44:24,846 [Datanode State Machine Thread - 0] INFO  ratis.XceiverServerRatis (XceiverServerRatis.java:start(421)) - XceiverServerRatis 30c93de7-62f8-424f-b9ba-e4db297a056a is started using port 44387
2019-09-25 04:44:24,846 [Datanode State Machine Thread - 0] INFO  server.XceiverServerGrpc (XceiverServerGrpc.java:start(149)) - XceiverServerGrpc 30c93de7-62f8-424f-b9ba-e4db297a056a is started using port 40563
2019-09-25 04:44:24,918 [main] INFO  ozone.MiniOzoneClusterImpl (MiniOzoneClusterImpl.java:lambda$waitForClusterToBeReady$0(147)) - Waiting for cluster to be ready. Got 0 of 7 DN Heartbeats.
2019-09-25 04:44:24,919 [Datanode State Machine Thread - 0] INFO  ozoneimpl.OzoneContainer (OzoneContainer.java:start(217)) - Attempting to start container services.
2019-09-25 04:44:24,920 [Datanode State Machine Thread - 0] INFO  ozoneimpl.OzoneContainer (OzoneContainer.java:startContainerScrub(179)) - Background container scanner has been disabled.
2019-09-25 04:44:24,920 [Datanode State Machine Thread - 0] INFO  ratis.XceiverServerRatis (XceiverServerRatis.java:start(411)) - Starting XceiverServerRatis 20057af8-ad38-476a-8ab5-e2c30549d271 at port 0
2019-09-25 04:44:24,927 [Datanode State Machine Thread - 0] INFO  impl.RaftServerProxy (RaftServerProxy.java:lambda$start$3(299)) - 20057af8-ad38-476a-8ab5-e2c30549d271: start RPC server
2019-09-25 04:44:24,931 [Datanode State Machine Thread - 0] INFO  server.GrpcService (GrpcService.java:startImpl(158)) - 20057af8-ad38-476a-8ab5-e2c30549d271: GrpcService started, listening on 0.0.0.0/0.0.0.0:45594
2019-09-25 04:44:24,931 [Datanode State Machine Thread - 0] INFO  ratis.XceiverServerRatis (XceiverServerRatis.java:start(421)) - XceiverServerRatis 20057af8-ad38-476a-8ab5-e2c30549d271 is started using port 45594
2019-09-25 04:44:24,932 [Datanode State Machine Thread - 0] INFO  server.XceiverServerGrpc (XceiverServerGrpc.java:start(149)) - XceiverServerGrpc 20057af8-ad38-476a-8ab5-e2c30549d271 is started using port 44910
2019-09-25 04:44:24,948 [Datanode State Machine Thread - 0] INFO  ozoneimpl.OzoneContainer (OzoneContainer.java:start(217)) - Attempting to start container services.
2019-09-25 04:44:24,948 [Datanode State Machine Thread - 0] INFO  ozoneimpl.OzoneContainer (OzoneContainer.java:startContainerScrub(179)) - Background container scanner has been disabled.
2019-09-25 04:44:24,948 [Datanode State Machine Thread - 0] INFO  ratis.XceiverServerRatis (XceiverServerRatis.java:start(411)) - Starting XceiverServerRatis ebed67c2-0f83-410d-9a30-a672fb1e8de7 at port 0
2019-09-25 04:44:24,955 [Datanode State Machine Thread - 0] INFO  impl.RaftServerProxy (RaftServerProxy.java:lambda$start$3(299)) - ebed67c2-0f83-410d-9a30-a672fb1e8de7: start RPC server
2019-09-25 04:44:24,957 [Datanode State Machine Thread - 0] INFO  server.GrpcService (GrpcService.java:startImpl(158)) - ebed67c2-0f83-410d-9a30-a672fb1e8de7: GrpcService started, listening on 0.0.0.0/0.0.0.0:33127
2019-09-25 04:44:24,958 [Datanode State Machine Thread - 0] INFO  ratis.XceiverServerRatis (XceiverServerRatis.java:start(421)) - XceiverServerRatis ebed67c2-0f83-410d-9a30-a672fb1e8de7 is started using port 33127
2019-09-25 04:44:24,960 [Datanode State Machine Thread - 0] INFO  server.XceiverServerGrpc (XceiverServerGrpc.java:start(149)) - XceiverServerGrpc ebed67c2-0f83-410d-9a30-a672fb1e8de7 is started using port 41384
2019-09-25 04:44:25,919 [main] INFO  ozone.MiniOzoneClusterImpl (MiniOzoneClusterImpl.java:lambda$waitForClusterToBeReady$0(147)) - Waiting for cluster to be ready. Got 0 of 7 DN Heartbeats.
2019-09-25 04:44:26,232 [IPC Server handler 1 on 36489] INFO  net.NetworkTopology (NetworkTopologyImpl.java:add(111)) - Added a new node: /default-rack/501e761e-a7a2-4fbd-b2cb-ccb733f61c47
2019-09-25 04:44:26,234 [IPC Server handler 1 on 36489] INFO  node.SCMNodeManager (SCMNodeManager.java:register(266)) - Registered Data node : 501e761e-a7a2-4fbd-b2cb-ccb733f61c47{ip: 192.168.36.126, host: pr-hdds-2174-pqx5g-486351168, networkLocation: /default-rack, certSerialId: null}
2019-09-25 04:44:26,235 [EventQueue-NodeRegistrationContainerReportForDataNodeSafeModeRule] INFO  safemode.SCMSafeModeManager (DataNodeSafeModeRule.java:process(71)) - SCM in safe mode. 1 DataNodes registered, 1 required.
2019-09-25 04:44:26,238 [EventQueue-NodeRegistrationContainerReportForDataNodeSafeModeRule] INFO  safemode.SCMSafeModeManager (SCMSafeModeManager.java:validateSafeModeExitRules(177)) - ScmSafeModeManager, all rules are successfully validated
2019-09-25 04:44:26,238 [EventQueue-NodeRegistrationContainerReportForDataNodeSafeModeRule] INFO  safemode.SCMSafeModeManager (SCMSafeModeManager.java:exitSafeMode(193)) - SCM exiting safe mode.
2019-09-25 04:44:26,256 [grpc-default-executor-3] INFO  impl.RaftServerProxy (RaftServerProxy.java:addNew(89)) - 501e761e-a7a2-4fbd-b2cb-ccb733f61c47: addNew group-5E2D46E32BAE:[501e761e-a7a2-4fbd-b2cb-ccb733f61c47:192.168.36.126:43187] returns group-5E2D46E32BAE:java.util.concurrent.CompletableFuture@7e1e6f9[Not completed]
2019-09-25 04:44:26,258 [pool-119-thread-1] INFO  impl.RaftServerImpl (RaftServerImpl.java:<init>(95)) - 501e761e-a7a2-4fbd-b2cb-ccb733f61c47: new RaftServerImpl for group-5E2D46E32BAE:[501e761e-a7a2-4fbd-b2cb-ccb733f61c47:192.168.36.126:43187] with ContainerStateMachine:uninitialized
2019-09-25 04:44:26,259 [pool-119-thread-1] INFO  server.RaftServerConfigKeys (ConfUtils.java:logGet(43)) - raft.server.rpc.timeout.min = 5s (custom)
2019-09-25 04:44:26,259 [pool-119-thread-1] INFO  server.RaftServerConfigKeys (ConfUtils.java:logGet(43)) - raft.server.rpc.timeout.max = 5200ms (custom)
2019-09-25 04:44:26,259 [pool-119-thread-1] INFO  server.RaftServerConfigKeys (ConfUtils.java:logGet(43)) - raft.server.rpcslowness.timeout = 120s (custom)
2019-09-25 04:44:26,259 [pool-119-thread-1] INFO  server.RaftServerConfigKeys (ConfUtils.java:logGet(43)) - raft.server.sleep.deviation.threshold = 300 (default)
2019-09-25 04:44:26,259 [pool-119-thread-1] INFO  server.RaftServerConfigKeys (ConfUtils.java:logGet(43)) - raft.server.log.appender.install.snapshot.enabled = false (custom)
2019-09-25 04:44:26,260 [pool-119-thread-1] INFO  impl.RaftServerImpl (ServerState.java:<init>(103)) - 501e761e-a7a2-4fbd-b2cb-ccb733f61c47@group-5E2D46E32BAE: ConfigurationManager, init=-1: [501e761e-a7a2-4fbd-b2cb-ccb733f61c47:192.168.36.126:43187], old=null, confs=<EMPTY_MAP>
2019-09-25 04:44:26,260 [pool-119-thread-1] INFO  server.RaftServerConfigKeys (ConfUtils.java:logGet(43)) - raft.server.storage.dir = [/workdir/hadoop-ozone/integration-test/target/test-dir/MiniOzoneClusterImpl-35769ac5-a4ef-4df9-86f1-fb87f256fef7/datanode-0/data/ratis] (custom)
2019-09-25 04:44:26,261 [pool-119-thread-1] INFO  storage.RaftStorageDirectory (RaftStorageDirectory.java:analyzeStorage(246)) - The storage directory /workdir/hadoop-ozone/integration-test/target/test-dir/MiniOzoneClusterImpl-35769ac5-a4ef-4df9-86f1-fb87f256fef7/datanode-0/data/ratis/9a457684-8425-40e2-8438-5e2d46e32bae does not exist. Creating ...
2019-09-25 04:44:26,311 [IPC Server handler 4 on 36489] INFO  net.NetworkTopology (NetworkTopologyImpl.java:add(111)) - Added a new node: /default-rack/4a6eb500-5cbf-400b-b677-1633421db4a2
2019-09-25 04:44:26,312 [IPC Server handler 4 on 36489] INFO  node.SCMNodeManager (SCMNodeManager.java:register(266)) - Registered Data node : 4a6eb500-5cbf-400b-b677-1633421db4a2{ip: 192.168.36.126, host: pr-hdds-2174-pqx5g-486351168, networkLocation: /default-rack, certSerialId: null}
2019-09-25 04:44:26,389 [IPC Server handler 5 on 36489] INFO  net.NetworkTopology (NetworkTopologyImpl.java:add(111)) - Added a new node: /default-rack/475ba912-5711-4c23-b52c-8faeeb9e9943
2019-09-25 04:44:26,389 [IPC Server handler 5 on 36489] INFO  node.SCMNodeManager (SCMNodeManager.java:register(266)) - Registered Data node : 475ba912-5711-4c23-b52c-8faeeb9e9943{ip: 192.168.36.126, host: pr-hdds-2174-pqx5g-486351168, networkLocation: /default-rack, certSerialId: null}
2019-09-25 04:44:26,600 [IPC Server handler 3 on 36489] INFO  net.NetworkTopology (NetworkTopologyImpl.java:add(111)) - Added a new node: /default-rack/a060778b-05f6-4510-a12a-face2191e804
2019-09-25 04:44:26,600 [IPC Server handler 3 on 36489] INFO  node.SCMNodeManager (SCMNodeManager.java:register(266)) - Registered Data node : a060778b-05f6-4510-a12a-face2191e804{ip: 192.168.36.126, host: pr-hdds-2174-pqx5g-486351168, networkLocation: /default-rack, certSerialId: null}
2019-09-25 04:44:26,792 [IPC Server handler 6 on 36489] INFO  net.NetworkTopology (NetworkTopologyImpl.java:add(111)) - Added a new node: /default-rack/30c93de7-62f8-424f-b9ba-e4db297a056a
2019-09-25 04:44:26,793 [IPC Server handler 6 on 36489] INFO  node.SCMNodeManager (SCMNodeManager.java:register(266)) - Registered Data node : 30c93de7-62f8-424f-b9ba-e4db297a056a{ip: 192.168.36.126, host: pr-hdds-2174-pqx5g-486351168, networkLocation: /default-rack, certSerialId: null}
2019-09-25 04:44:26,855 [IPC Server handler 8 on 36489] INFO  net.NetworkTopology (NetworkTopologyImpl.java:add(111)) - Added a new node: /default-rack/20057af8-ad38-476a-8ab5-e2c30549d271
2019-09-25 04:44:26,855 [IPC Server handler 8 on 36489] INFO  node.SCMNodeManager (SCMNodeManager.java:register(266)) - Registered Data node : 20057af8-ad38-476a-8ab5-e2c30549d271{ip: 192.168.36.126, host: pr-hdds-2174-pqx5g-486351168, networkLocation: /default-rack, certSerialId: null}
2019-09-25 04:44:26,915 [IPC Server handler 7 on 36489] INFO  net.NetworkTopology (NetworkTopologyImpl.java:add(111)) - Added a new node: /default-rack/ebed67c2-0f83-410d-9a30-a672fb1e8de7
2019-09-25 04:44:26,915 [IPC Server handler 7 on 36489] INFO  node.SCMNodeManager (SCMNodeManager.java:register(266)) - Registered Data node : ebed67c2-0f83-410d-9a30-a672fb1e8de7{ip: 192.168.36.126, host: pr-hdds-2174-pqx5g-486351168, networkLocation: /default-rack, certSerialId: null}
2019-09-25 04:44:26,920 [main] INFO  ozone.MiniOzoneClusterImpl (MiniOzoneClusterImpl.java:lambda$waitForClusterToBeReady$0(147)) - Cluster is ready. Got 7 of 7 DN Heartbeats.
2019-09-25 04:44:26,952 [main] INFO  rpc.RpcClient (RpcClient.java:createVolume(276)) - Creating Volume: testblockoutputstreamwithretries, with jenkins1000 as owner.
2019-09-25 04:44:26,956 [IPC Server handler 2 on 33130] INFO  volume.OMVolumeCreateRequest (OMVolumeCreateRequest.java:validateAndUpdateCache(194)) - created volume:testblockoutputstreamwithretries for user:jenkins1000
2019-09-25 04:44:26,970 [main] INFO  rpc.RpcClient (RpcClient.java:createBucket(415)) - Creating Bucket: testblockoutputstreamwithretries/testblockoutputstreamwithretries, with Versioning false and Storage Type set to DISK and Encryption set to false 
2019-09-25 04:44:29,243 [Thread-854] INFO  container.ReplicationManager (ReplicationManager.java:start(162)) - Starting Replication Monitor Thread.
2019-09-25 04:44:29,247 [ReplicationMonitor] INFO  container.ReplicationManager (ReplicationManager.java:run(225)) - Replication Monitor Thread took 0 milliseconds for processing 0 containers.
2019-09-25 04:44:29,249 [RATISCREATEPIPELINE1] ERROR pipeline.RatisPipelineProvider (RatisPipelineProvider.java:lambda$null$5(235)) - Failed invoke Ratis rpc org.apache.hadoop.hdds.scm.pipeline.RatisPipelineProvider$$Lambda$187/885365384@2d7b25e9 for 501e761e-a7a2-4fbd-b2cb-ccb733f61c47
org.apache.ratis.protocol.TimeoutIOException: deadline exceeded after 2999427272ns
	at org.apache.ratis.grpc.GrpcUtil.tryUnwrapException(GrpcUtil.java:82)
	at org.apache.ratis.grpc.GrpcUtil.unwrapException(GrpcUtil.java:75)
	at org.apache.ratis.grpc.client.GrpcClientProtocolClient.blockingCall(GrpcClientProtocolClient.java:178)
	at org.apache.ratis.grpc.client.GrpcClientProtocolClient.groupAdd(GrpcClientProtocolClient.java:147)
	at org.apache.ratis.grpc.client.GrpcClientRpc.sendRequest(GrpcClientRpc.java:94)
	at org.apache.ratis.client.impl.RaftClientImpl.sendRequest(RaftClientImpl.java:278)
	at org.apache.ratis.client.impl.RaftClientImpl.groupAdd(RaftClientImpl.java:205)
	at org.apache.hadoop.hdds.scm.pipeline.RatisPipelineProvider.lambda$initializePipeline$4(RatisPipelineProvider.java:196)
	at org.apache.hadoop.hdds.scm.pipeline.RatisPipelineProvider.lambda$null$5(RatisPipelineProvider.java:231)
	at java.util.stream.ForEachOps$ForEachOp$OfRef.accept(ForEachOps.java:184)
	at java.util.ArrayList$ArrayListSpliterator.forEachRemaining(ArrayList.java:1382)
	at java.util.stream.AbstractPipeline.copyInto(AbstractPipeline.java:482)
	at java.util.stream.ForEachOps$ForEachTask.compute(ForEachOps.java:291)
	at java.util.concurrent.CountedCompleter.exec(CountedCompleter.java:731)
	at java.util.concurrent.ForkJoinTask.doExec(ForkJoinTask.java:289)
	at java.util.concurrent.ForkJoinTask.doInvoke(ForkJoinTask.java:401)
	at java.util.concurrent.ForkJoinTask.invoke(ForkJoinTask.java:734)
	at java.util.stream.ForEachOps$ForEachOp.evaluateParallel(ForEachOps.java:160)
	at java.util.stream.ForEachOps$ForEachOp$OfRef.evaluateParallel(ForEachOps.java:174)
	at java.util.stream.AbstractPipeline.evaluate(AbstractPipeline.java:233)
	at java.util.stream.ReferencePipeline.forEach(ReferencePipeline.java:418)
	at java.util.stream.ReferencePipeline$Head.forEach(ReferencePipeline.java:583)
	at org.apache.hadoop.hdds.scm.pipeline.RatisPipelineProvider.lambda$callRatisRpc$6(RatisPipelineProvider.java:225)
	at java.util.concurrent.ForkJoinTask$AdaptedRunnableAction.exec(ForkJoinTask.java:1386)
	at java.util.concurrent.ForkJoinTask.doExec(ForkJoinTask.java:289)
	at java.util.concurrent.ForkJoinPool$WorkQueue.runTask(ForkJoinPool.java:1056)
	at java.util.concurrent.ForkJoinPool.runWorker(ForkJoinPool.java:1692)
	at java.util.concurrent.ForkJoinWorkerThread.run(ForkJoinWorkerThread.java:157)
Caused by: org.apache.ratis.thirdparty.io.grpc.StatusRuntimeException: DEADLINE_EXCEEDED: deadline exceeded after 2999427272ns
	at org.apache.ratis.thirdparty.io.grpc.stub.ClientCalls.toStatusRuntimeException(ClientCalls.java:233)
	at org.apache.ratis.thirdparty.io.grpc.stub.ClientCalls.getUnchecked(ClientCalls.java:214)
	at org.apache.ratis.thirdparty.io.grpc.stub.ClientCalls.blockingUnaryCall(ClientCalls.java:139)
	at org.apache.ratis.proto.grpc.AdminProtocolServiceGrpc$AdminProtocolServiceBlockingStub.groupManagement(AdminProtocolServiceGrpc.java:274)
	at org.apache.ratis.grpc.client.GrpcClientProtocolClient.lambda$groupAdd$3(GrpcClientProtocolClient.java:149)
	at org.apache.ratis.grpc.client.GrpcClientProtocolClient.blockingCall(GrpcClientProtocolClient.java:176)
	... 25 more
2019-09-25 04:44:29,278 [grpc-default-executor-7] INFO  impl.RaftServerProxy (RaftServerProxy.java:addNew(89)) - 501e761e-a7a2-4fbd-b2cb-ccb733f61c47: addNew group-D717B926E0E9:[4a6eb500-5cbf-400b-b677-1633421db4a2:192.168.36.126:41453, 501e761e-a7a2-4fbd-b2cb-ccb733f61c47:192.168.36.126:43187, 20057af8-ad38-476a-8ab5-e2c30549d271:192.168.36.126:45594] returns group-D717B926E0E9:java.util.concurrent.CompletableFuture@74bb7f06[Not completed]
2019-09-25 04:44:29,278 [grpc-default-executor-3] INFO  impl.RaftServerProxy (RaftServerProxy.java:addNew(89)) - 20057af8-ad38-476a-8ab5-e2c30549d271: addNew group-D717B926E0E9:[4a6eb500-5cbf-400b-b677-1633421db4a2:192.168.36.126:41453, 501e761e-a7a2-4fbd-b2cb-ccb733f61c47:192.168.36.126:43187, 20057af8-ad38-476a-8ab5-e2c30549d271:192.168.36.126:45594] returns group-D717B926E0E9:java.util.concurrent.CompletableFuture@1887aab7[Not completed]
2019-09-25 04:44:29,278 [grpc-default-executor-9] INFO  impl.RaftServerProxy (RaftServerProxy.java:addNew(89)) - 4a6eb500-5cbf-400b-b677-1633421db4a2: addNew group-D717B926E0E9:[4a6eb500-5cbf-400b-b677-1633421db4a2:192.168.36.126:41453, 501e761e-a7a2-4fbd-b2cb-ccb733f61c47:192.168.36.126:43187, 20057af8-ad38-476a-8ab5-e2c30549d271:192.168.36.126:45594] returns group-D717B926E0E9:java.util.concurrent.CompletableFuture@117158b1[Not completed]
2019-09-25 04:44:29,283 [pool-169-thread-1] INFO  impl.RaftServerImpl (RaftServerImpl.java:<init>(95)) - 20057af8-ad38-476a-8ab5-e2c30549d271: new RaftServerImpl for group-D717B926E0E9:[4a6eb500-5cbf-400b-b677-1633421db4a2:192.168.36.126:41453, 501e761e-a7a2-4fbd-b2cb-ccb733f61c47:192.168.36.126:43187, 20057af8-ad38-476a-8ab5-e2c30549d271:192.168.36.126:45594] with ContainerStateMachine:uninitialized
2019-09-25 04:44:29,283 [pool-169-thread-1] INFO  server.RaftServerConfigKeys (ConfUtils.java:logGet(43)) - raft.server.rpc.timeout.min = 5s (custom)
2019-09-25 04:44:29,283 [pool-169-thread-1] INFO  server.RaftServerConfigKeys (ConfUtils.java:logGet(43)) - raft.server.rpc.timeout.max = 5200ms (custom)
2019-09-25 04:44:29,283 [pool-169-thread-1] INFO  server.RaftServerConfigKeys (ConfUtils.java:logGet(43)) - raft.server.rpcslowness.timeout = 120s (custom)
2019-09-25 04:44:29,283 [pool-169-thread-1] INFO  server.RaftServerConfigKeys (ConfUtils.java:logGet(43)) - raft.server.sleep.deviation.threshold = 300 (default)
2019-09-25 04:44:29,283 [pool-169-thread-1] INFO  server.RaftServerConfigKeys (ConfUtils.java:logGet(43)) - raft.server.log.appender.install.snapshot.enabled = false (custom)
2019-09-25 04:44:29,283 [pool-169-thread-1] INFO  impl.RaftServerImpl (ServerState.java:<init>(103)) - 20057af8-ad38-476a-8ab5-e2c30549d271@group-D717B926E0E9: ConfigurationManager, init=-1: [4a6eb500-5cbf-400b-b677-1633421db4a2:192.168.36.126:41453, 501e761e-a7a2-4fbd-b2cb-ccb733f61c47:192.168.36.126:43187, 20057af8-ad38-476a-8ab5-e2c30549d271:192.168.36.126:45594], old=null, confs=<EMPTY_MAP>
2019-09-25 04:44:29,284 [pool-169-thread-1] INFO  server.RaftServerConfigKeys (ConfUtils.java:logGet(43)) - raft.server.storage.dir = [/workdir/hadoop-ozone/integration-test/target/test-dir/MiniOzoneClusterImpl-35769ac5-a4ef-4df9-86f1-fb87f256fef7/datanode-5/data/ratis] (custom)
2019-09-25 04:44:29,285 [pool-129-thread-1] INFO  impl.RaftServerImpl (RaftServerImpl.java:<init>(95)) - 4a6eb500-5cbf-400b-b677-1633421db4a2: new RaftServerImpl for group-D717B926E0E9:[4a6eb500-5cbf-400b-b677-1633421db4a2:192.168.36.126:41453, 501e761e-a7a2-4fbd-b2cb-ccb733f61c47:192.168.36.126:43187, 20057af8-ad38-476a-8ab5-e2c30549d271:192.168.36.126:45594] with ContainerStateMachine:uninitialized
2019-09-25 04:44:29,285 [pool-129-thread-1] INFO  server.RaftServerConfigKeys (ConfUtils.java:logGet(43)) - raft.server.rpc.timeout.min = 5s (custom)
2019-09-25 04:44:29,285 [pool-129-thread-1] INFO  server.RaftServerConfigKeys (ConfUtils.java:logGet(43)) - raft.server.rpc.timeout.max = 5200ms (custom)
2019-09-25 04:44:29,286 [pool-129-thread-1] INFO  server.RaftServerConfigKeys (ConfUtils.java:logGet(43)) - raft.server.rpcslowness.timeout = 120s (custom)
2019-09-25 04:44:29,286 [pool-129-thread-1] INFO  server.RaftServerConfigKeys (ConfUtils.java:logGet(43)) - raft.server.sleep.deviation.threshold = 300 (default)
2019-09-25 04:44:29,286 [pool-129-thread-1] INFO  server.RaftServerConfigKeys (ConfUtils.java:logGet(43)) - raft.server.log.appender.install.snapshot.enabled = false (custom)
2019-09-25 04:44:29,286 [pool-129-thread-1] INFO  impl.RaftServerImpl (ServerState.java:<init>(103)) - 4a6eb500-5cbf-400b-b677-1633421db4a2@group-D717B926E0E9: ConfigurationManager, init=-1: [4a6eb500-5cbf-400b-b677-1633421db4a2:192.168.36.126:41453, 501e761e-a7a2-4fbd-b2cb-ccb733f61c47:192.168.36.126:43187, 20057af8-ad38-476a-8ab5-e2c30549d271:192.168.36.126:45594], old=null, confs=<EMPTY_MAP>
2019-09-25 04:44:29,286 [pool-129-thread-1] INFO  server.RaftServerConfigKeys (ConfUtils.java:logGet(43)) - raft.server.storage.dir = [/workdir/hadoop-ozone/integration-test/target/test-dir/MiniOzoneClusterImpl-35769ac5-a4ef-4df9-86f1-fb87f256fef7/datanode-1/data/ratis] (custom)
2019-09-25 04:44:31,094 [pool-119-thread-1] INFO  storage.RaftStorageDirectory (RaftStorageDirectory.java:tryLock(328)) - Lock on /workdir/hadoop-ozone/integration-test/target/test-dir/MiniOzoneClusterImpl-35769ac5-a4ef-4df9-86f1-fb87f256fef7/datanode-0/data/ratis/9a457684-8425-40e2-8438-5e2d46e32bae/in_use.lock acquired by nodename 15566@pr-hdds-2174-pqx5g-486351168
2019-09-25 04:44:31,104 [pool-129-thread-1] INFO  storage.RaftStorageDirectory (RaftStorageDirectory.java:analyzeStorage(246)) - The storage directory /workdir/hadoop-ozone/integration-test/target/test-dir/MiniOzoneClusterImpl-35769ac5-a4ef-4df9-86f1-fb87f256fef7/datanode-1/data/ratis/5fd56a38-d2c0-4162-b173-d717b926e0e9 does not exist. Creating ...
2019-09-25 04:44:31,104 [pool-169-thread-1] INFO  storage.RaftStorageDirectory (RaftStorageDirectory.java:analyzeStorage(246)) - The storage directory /workdir/hadoop-ozone/integration-test/target/test-dir/MiniOzoneClusterImpl-35769ac5-a4ef-4df9-86f1-fb87f256fef7/datanode-5/data/ratis/5fd56a38-d2c0-4162-b173-d717b926e0e9 does not exist. Creating ...
2019-09-25 04:44:32,272 [RATISCREATEPIPELINE1] ERROR pipeline.RatisPipelineProvider (RatisPipelineProvider.java:lambda$null$5(235)) - Failed invoke Ratis rpc org.apache.hadoop.hdds.scm.pipeline.RatisPipelineProvider$$Lambda$187/885365384@6f8bd056 for 20057af8-ad38-476a-8ab5-e2c30549d271
org.apache.ratis.protocol.TimeoutIOException: deadline exceeded after 2999813939ns
	at org.apache.ratis.grpc.GrpcUtil.tryUnwrapException(GrpcUtil.java:82)
	at org.apache.ratis.grpc.GrpcUtil.unwrapException(GrpcUtil.java:75)
	at org.apache.ratis.grpc.client.GrpcClientProtocolClient.blockingCall(GrpcClientProtocolClient.java:178)
	at org.apache.ratis.grpc.client.GrpcClientProtocolClient.groupAdd(GrpcClientProtocolClient.java:147)
	at org.apache.ratis.grpc.client.GrpcClientRpc.sendRequest(GrpcClientRpc.java:94)
	at org.apache.ratis.client.impl.RaftClientImpl.sendRequest(RaftClientImpl.java:278)
	at org.apache.ratis.client.impl.RaftClientImpl.groupAdd(RaftClientImpl.java:205)
	at org.apache.hadoop.hdds.scm.pipeline.RatisPipelineProvider.lambda$initializePipeline$4(RatisPipelineProvider.java:196)
	at org.apache.hadoop.hdds.scm.pipeline.RatisPipelineProvider.lambda$null$5(RatisPipelineProvider.java:231)
	at java.util.stream.ForEachOps$ForEachOp$OfRef.accept(ForEachOps.java:184)
	at java.util.ArrayList$ArrayListSpliterator.forEachRemaining(ArrayList.java:1382)
	at java.util.stream.AbstractPipeline.copyInto(AbstractPipeline.java:482)
	at java.util.stream.ForEachOps$ForEachTask.compute(ForEachOps.java:291)
	at java.util.concurrent.CountedCompleter.exec(CountedCompleter.java:731)
	at java.util.concurrent.ForkJoinTask.doExec(ForkJoinTask.java:289)
	at java.util.concurrent.ForkJoinTask.doInvoke(ForkJoinTask.java:401)
	at java.util.concurrent.ForkJoinTask.invoke(ForkJoinTask.java:734)
	at java.util.stream.ForEachOps$ForEachOp.evaluateParallel(ForEachOps.java:160)
	at java.util.stream.ForEachOps$ForEachOp$OfRef.evaluateParallel(ForEachOps.java:174)
	at java.util.stream.AbstractPipeline.evaluate(AbstractPipeline.java:233)
	at java.util.stream.ReferencePipeline.forEach(ReferencePipeline.java:418)
	at java.util.stream.ReferencePipeline$Head.forEach(ReferencePipeline.java:583)
	at org.apache.hadoop.hdds.scm.pipeline.RatisPipelineProvider.lambda$callRatisRpc$6(RatisPipelineProvider.java:225)
	at java.util.concurrent.ForkJoinTask$AdaptedRunnableAction.exec(ForkJoinTask.java:1386)
	at java.util.concurrent.ForkJoinTask.doExec(ForkJoinTask.java:289)
	at java.util.concurrent.ForkJoinPool$WorkQueue.runTask(ForkJoinPool.java:1056)
	at java.util.concurrent.ForkJoinPool.runWorker(ForkJoinPool.java:1692)
	at java.util.concurrent.ForkJoinWorkerThread.run(ForkJoinWorkerThread.java:157)
Caused by: org.apache.ratis.thirdparty.io.grpc.StatusRuntimeException: DEADLINE_EXCEEDED: deadline exceeded after 2999813939ns
	at org.apache.ratis.thirdparty.io.grpc.stub.ClientCalls.toStatusRuntimeException(ClientCalls.java:233)
	at org.apache.ratis.thirdparty.io.grpc.stub.ClientCalls.getUnchecked(ClientCalls.java:214)
	at org.apache.ratis.thirdparty.io.grpc.stub.ClientCalls.blockingUnaryCall(ClientCalls.java:139)
	at org.apache.ratis.proto.grpc.AdminProtocolServiceGrpc$AdminProtocolServiceBlockingStub.groupManagement(AdminProtocolServiceGrpc.java:274)
	at org.apache.ratis.grpc.client.GrpcClientProtocolClient.lambda$groupAdd$3(GrpcClientProtocolClient.java:149)
	at org.apache.ratis.grpc.client.GrpcClientProtocolClient.blockingCall(GrpcClientProtocolClient.java:176)
	... 25 more
2019-09-25 04:44:32,272 [RATISCREATEPIPELINE3] ERROR pipeline.RatisPipelineProvider (RatisPipelineProvider.java:lambda$null$5(235)) - Failed invoke Ratis rpc org.apache.hadoop.hdds.scm.pipeline.RatisPipelineProvider$$Lambda$187/885365384@6f8bd056 for 501e761e-a7a2-4fbd-b2cb-ccb733f61c47
org.apache.ratis.protocol.TimeoutIOException: deadline exceeded after 2999744314ns
	at org.apache.ratis.grpc.GrpcUtil.tryUnwrapException(GrpcUtil.java:82)
	at org.apache.ratis.grpc.GrpcUtil.unwrapException(GrpcUtil.java:75)
	at org.apache.ratis.grpc.client.GrpcClientProtocolClient.blockingCall(GrpcClientProtocolClient.java:178)
	at org.apache.ratis.grpc.client.GrpcClientProtocolClient.groupAdd(GrpcClientProtocolClient.java:147)
	at org.apache.ratis.grpc.client.GrpcClientRpc.sendRequest(GrpcClientRpc.java:94)
	at org.apache.ratis.client.impl.RaftClientImpl.sendRequest(RaftClientImpl.java:278)
	at org.apache.ratis.client.impl.RaftClientImpl.groupAdd(RaftClientImpl.java:205)
	at org.apache.hadoop.hdds.scm.pipeline.RatisPipelineProvider.lambda$initializePipeline$4(RatisPipelineProvider.java:196)
	at org.apache.hadoop.hdds.scm.pipeline.RatisPipelineProvider.lambda$null$5(RatisPipelineProvider.java:231)
	at java.util.stream.ForEachOps$ForEachOp$OfRef.accept(ForEachOps.java:184)
	at java.util.ArrayList$ArrayListSpliterator.forEachRemaining(ArrayList.java:1382)
	at java.util.stream.AbstractPipeline.copyInto(AbstractPipeline.java:482)
	at java.util.stream.ForEachOps$ForEachTask.compute(ForEachOps.java:291)
	at java.util.concurrent.CountedCompleter.exec(CountedCompleter.java:731)
	at java.util.concurrent.ForkJoinTask.doExec(ForkJoinTask.java:289)
	at java.util.concurrent.ForkJoinPool$WorkQueue.runTask(ForkJoinPool.java:1056)
	at java.util.concurrent.ForkJoinPool.runWorker(ForkJoinPool.java:1692)
	at java.util.concurrent.ForkJoinWorkerThread.run(ForkJoinWorkerThread.java:157)
Caused by: org.apache.ratis.thirdparty.io.grpc.StatusRuntimeException: DEADLINE_EXCEEDED: deadline exceeded after 2999744314ns
	at org.apache.ratis.thirdparty.io.grpc.stub.ClientCalls.toStatusRuntimeException(ClientCalls.java:233)
	at org.apache.ratis.thirdparty.io.grpc.stub.ClientCalls.getUnchecked(ClientCalls.java:214)
	at org.apache.ratis.thirdparty.io.grpc.stub.ClientCalls.blockingUnaryCall(ClientCalls.java:139)
	at org.apache.ratis.proto.grpc.AdminProtocolServiceGrpc$AdminProtocolServiceBlockingStub.groupManagement(AdminProtocolServiceGrpc.java:274)
	at org.apache.ratis.grpc.client.GrpcClientProtocolClient.lambda$groupAdd$3(GrpcClientProtocolClient.java:149)
	at org.apache.ratis.grpc.client.GrpcClientProtocolClient.blockingCall(GrpcClientProtocolClient.java:176)
	... 15 more
2019-09-25 04:44:32,272 [RATISCREATEPIPELINE2] ERROR pipeline.RatisPipelineProvider (RatisPipelineProvider.java:lambda$null$5(235)) - Failed invoke Ratis rpc org.apache.hadoop.hdds.scm.pipeline.RatisPipelineProvider$$Lambda$187/885365384@6f8bd056 for 4a6eb500-5cbf-400b-b677-1633421db4a2
org.apache.ratis.protocol.TimeoutIOException: deadline exceeded after 2999742900ns
	at org.apache.ratis.grpc.GrpcUtil.tryUnwrapException(GrpcUtil.java:82)
	at org.apache.ratis.grpc.GrpcUtil.unwrapException(GrpcUtil.java:75)
	at org.apache.ratis.grpc.client.GrpcClientProtocolClient.blockingCall(GrpcClientProtocolClient.java:178)
	at org.apache.ratis.grpc.client.GrpcClientProtocolClient.groupAdd(GrpcClientProtocolClient.java:147)
	at org.apache.ratis.grpc.client.GrpcClientRpc.sendRequest(GrpcClientRpc.java:94)
	at org.apache.ratis.client.impl.RaftClientImpl.sendRequest(RaftClientImpl.java:278)
	at org.apache.ratis.client.impl.RaftClientImpl.groupAdd(RaftClientImpl.java:205)
	at org.apache.hadoop.hdds.scm.pipeline.RatisPipelineProvider.lambda$initializePipeline$4(RatisPipelineProvider.java:196)
	at org.apache.hadoop.hdds.scm.pipeline.RatisPipelineProvider.lambda$null$5(RatisPipelineProvider.java:231)
	at java.util.stream.ForEachOps$ForEachOp$OfRef.accept(ForEachOps.java:184)
	at java.util.ArrayList$ArrayListSpliterator.forEachRemaining(ArrayList.java:1382)
	at java.util.stream.AbstractPipeline.copyInto(AbstractPipeline.java:482)
	at java.util.stream.ForEachOps$ForEachTask.compute(ForEachOps.java:291)
	at java.util.concurrent.CountedCompleter.exec(CountedCompleter.java:731)
	at java.util.concurrent.ForkJoinTask.doExec(ForkJoinTask.java:289)
	at java.util.concurrent.ForkJoinPool$WorkQueue.runTask(ForkJoinPool.java:1056)
	at java.util.concurrent.ForkJoinPool.runWorker(ForkJoinPool.java:1692)
	at java.util.concurrent.ForkJoinWorkerThread.run(ForkJoinWorkerThread.java:157)
Caused by: org.apache.ratis.thirdparty.io.grpc.StatusRuntimeException: DEADLINE_EXCEEDED: deadline exceeded after 2999742900ns
	at org.apache.ratis.thirdparty.io.grpc.stub.ClientCalls.toStatusRuntimeException(ClientCalls.java:233)
	at org.apache.ratis.thirdparty.io.grpc.stub.ClientCalls.getUnchecked(ClientCalls.java:214)
	at org.apache.ratis.thirdparty.io.grpc.stub.ClientCalls.blockingUnaryCall(ClientCalls.java:139)
	at org.apache.ratis.proto.grpc.AdminProtocolServiceGrpc$AdminProtocolServiceBlockingStub.groupManagement(AdminProtocolServiceGrpc.java:274)
	at org.apache.ratis.grpc.client.GrpcClientProtocolClient.lambda$groupAdd$3(GrpcClientProtocolClient.java:149)
	at org.apache.ratis.grpc.client.GrpcClientProtocolClient.blockingCall(GrpcClientProtocolClient.java:176)
	... 15 more
2019-09-25 04:44:32,286 [grpc-default-executor-3] INFO  impl.RaftServerProxy (RaftServerProxy.java:addNew(89)) - 4a6eb500-5cbf-400b-b677-1633421db4a2: addNew group-CE735EE107E7:[4a6eb500-5cbf-400b-b677-1633421db4a2:192.168.36.126:41453] returns group-CE735EE107E7:java.util.concurrent.CompletableFuture@1e6ae6cb[Not completed]
2019-09-25 04:44:35,283 [RATISCREATEPIPELINE1] ERROR pipeline.RatisPipelineProvider (RatisPipelineProvider.java:lambda$null$5(235)) - Failed invoke Ratis rpc org.apache.hadoop.hdds.scm.pipeline.RatisPipelineProvider$$Lambda$187/885365384@5904f9e0 for 4a6eb500-5cbf-400b-b677-1633421db4a2
org.apache.ratis.protocol.TimeoutIOException: deadline exceeded after 2999674633ns
	at org.apache.ratis.grpc.GrpcUtil.tryUnwrapException(GrpcUtil.java:82)
	at org.apache.ratis.grpc.GrpcUtil.unwrapException(GrpcUtil.java:75)
	at org.apache.ratis.grpc.client.GrpcClientProtocolClient.blockingCall(GrpcClientProtocolClient.java:178)
	at org.apache.ratis.grpc.client.GrpcClientProtocolClient.groupAdd(GrpcClientProtocolClient.java:147)
	at org.apache.ratis.grpc.client.GrpcClientRpc.sendRequest(GrpcClientRpc.java:94)
	at org.apache.ratis.client.impl.RaftClientImpl.sendRequest(RaftClientImpl.java:278)
	at org.apache.ratis.client.impl.RaftClientImpl.groupAdd(RaftClientImpl.java:205)
	at org.apache.hadoop.hdds.scm.pipeline.RatisPipelineProvider.lambda$initializePipeline$4(RatisPipelineProvider.java:196)
	at org.apache.hadoop.hdds.scm.pipeline.RatisPipelineProvider.lambda$null$5(RatisPipelineProvider.java:231)
	at java.util.stream.ForEachOps$ForEachOp$OfRef.accept(ForEachOps.java:184)
	at java.util.ArrayList$ArrayListSpliterator.forEachRemaining(ArrayList.java:1382)
	at java.util.stream.AbstractPipeline.copyInto(AbstractPipeline.java:482)
	at java.util.stream.ForEachOps$ForEachTask.compute(ForEachOps.java:291)
	at java.util.concurrent.CountedCompleter.exec(CountedCompleter.java:731)
	at java.util.concurrent.ForkJoinTask.doExec(ForkJoinTask.java:289)
	at java.util.concurrent.ForkJoinTask.doInvoke(ForkJoinTask.java:401)
	at java.util.concurrent.ForkJoinTask.invoke(ForkJoinTask.java:734)
	at java.util.stream.ForEachOps$ForEachOp.evaluateParallel(ForEachOps.java:160)
	at java.util.stream.ForEachOps$ForEachOp$OfRef.evaluateParallel(ForEachOps.java:174)
	at java.util.stream.AbstractPipeline.evaluate(AbstractPipeline.java:233)
	at java.util.stream.ReferencePipeline.forEach(ReferencePipeline.java:418)
	at java.util.stream.ReferencePipeline$Head.forEach(ReferencePipeline.java:583)
	at org.apache.hadoop.hdds.scm.pipeline.RatisPipelineProvider.lambda$callRatisRpc$6(RatisPipelineProvider.java:225)
	at java.util.concurrent.ForkJoinTask$AdaptedRunnableAction.exec(ForkJoinTask.java:1386)
	at java.util.concurrent.ForkJoinTask.doExec(ForkJoinTask.java:289)
	at java.util.concurrent.ForkJoinPool$WorkQueue.runTask(ForkJoinPool.java:1056)
	at java.util.concurrent.ForkJoinPool.runWorker(ForkJoinPool.java:1692)
	at java.util.concurrent.ForkJoinWorkerThread.run(ForkJoinWorkerThread.java:157)
Caused by: org.apache.ratis.thirdparty.io.grpc.StatusRuntimeException: DEADLINE_EXCEEDED: deadline exceeded after 2999674633ns
	at org.apache.ratis.thirdparty.io.grpc.stub.ClientCalls.toStatusRuntimeException(ClientCalls.java:233)
	at org.apache.ratis.thirdparty.io.grpc.stub.ClientCalls.getUnchecked(ClientCalls.java:214)
	at org.apache.ratis.thirdparty.io.grpc.stub.ClientCalls.blockingUnaryCall(ClientCalls.java:139)
	at org.apache.ratis.proto.grpc.AdminProtocolServiceGrpc$AdminProtocolServiceBlockingStub.groupManagement(AdminProtocolServiceGrpc.java:274)
	at org.apache.ratis.grpc.client.GrpcClientProtocolClient.lambda$groupAdd$3(GrpcClientProtocolClient.java:149)
	at org.apache.ratis.grpc.client.GrpcClientProtocolClient.blockingCall(GrpcClientProtocolClient.java:176)
	... 25 more
2019-09-25 04:44:35,304 [grpc-default-executor-9] INFO  impl.RaftServerProxy (RaftServerProxy.java:addNew(89)) - 20057af8-ad38-476a-8ab5-e2c30549d271: addNew group-80D42DB64689:[4a6eb500-5cbf-400b-b677-1633421db4a2:192.168.36.126:41453, 501e761e-a7a2-4fbd-b2cb-ccb733f61c47:192.168.36.126:43187, 20057af8-ad38-476a-8ab5-e2c30549d271:192.168.36.126:45594] returns group-80D42DB64689:java.util.concurrent.CompletableFuture@9505971[Not completed]
2019-09-25 04:44:35,304 [grpc-default-executor-3] INFO  impl.RaftServerProxy (RaftServerProxy.java:addNew(89)) - 4a6eb500-5cbf-400b-b677-1633421db4a2: addNew group-80D42DB64689:[4a6eb500-5cbf-400b-b677-1633421db4a2:192.168.36.126:41453, 501e761e-a7a2-4fbd-b2cb-ccb733f61c47:192.168.36.126:43187, 20057af8-ad38-476a-8ab5-e2c30549d271:192.168.36.126:45594] returns group-80D42DB64689:java.util.concurrent.CompletableFuture@31f55b3[Not completed]
2019-09-25 04:44:35,304 [grpc-default-executor-7] INFO  impl.RaftServerProxy (RaftServerProxy.java:addNew(89)) - 501e761e-a7a2-4fbd-b2cb-ccb733f61c47: addNew group-80D42DB64689:[4a6eb500-5cbf-400b-b677-1633421db4a2:192.168.36.126:41453, 501e761e-a7a2-4fbd-b2cb-ccb733f61c47:192.168.36.126:43187, 20057af8-ad38-476a-8ab5-e2c30549d271:192.168.36.126:45594] returns group-80D42DB64689:java.util.concurrent.CompletableFuture@5eea44d[Not completed]
2019-09-25 04:44:36,144 [pool-169-thread-1] INFO  storage.RaftStorageDirectory (RaftStorageDirectory.java:tryLock(328)) - Lock on /workdir/hadoop-ozone/integration-test/target/test-dir/MiniOzoneClusterImpl-35769ac5-a4ef-4df9-86f1-fb87f256fef7/datanode-5/data/ratis/5fd56a38-d2c0-4162-b173-d717b926e0e9/in_use.lock acquired by nodename 15566@pr-hdds-2174-pqx5g-486351168
2019-09-25 04:44:36,144 [pool-119-thread-1] INFO  storage.RaftStorage (RaftStorage.java:format(72)) - Storage directory /workdir/hadoop-ozone/integration-test/target/test-dir/MiniOzoneClusterImpl-35769ac5-a4ef-4df9-86f1-fb87f256fef7/datanode-0/data/ratis/9a457684-8425-40e2-8438-5e2d46e32bae has been successfully formatted.
2019-09-25 04:44:36,144 [pool-129-thread-1] INFO  storage.RaftStorageDirectory (RaftStorageDirectory.java:tryLock(328)) - Lock on /workdir/hadoop-ozone/integration-test/target/test-dir/MiniOzoneClusterImpl-35769ac5-a4ef-4df9-86f1-fb87f256fef7/datanode-1/data/ratis/5fd56a38-d2c0-4162-b173-d717b926e0e9/in_use.lock acquired by nodename 15566@pr-hdds-2174-pqx5g-486351168
2019-09-25 04:44:36,145 [pool-119-thread-1] INFO  ratis.ContainerStateMachine (ContainerStateMachine.java:loadSnapshot(230)) - group-5E2D46E32BAE: The snapshot info is null. Setting the last applied indexto:(t:0, i:~)
2019-09-25 04:44:36,145 [pool-119-thread-1] INFO  server.RaftServerConfigKeys (ConfUtils.java:logGet(43)) - raft.server.notification.no-leader.timeout = 120s (custom)
2019-09-25 04:44:36,145 [pool-119-thread-1] INFO  server.RaftServerConfigKeys (ConfUtils.java:logGet(43)) - raft.server.log.use.memory = false (default)
2019-09-25 04:44:36,146 [pool-119-thread-1] INFO  server.RaftServerConfigKeys (ConfUtils.java:logGet(43)) - raft.server.log.purge.gap = 1000000 (custom)
2019-09-25 04:44:36,146 [pool-119-thread-1] INFO  server.RaftServerConfigKeys (ConfUtils.java:logGet(43)) - raft.server.log.appender.buffer.byte-limit = 33554432 (custom)
2019-09-25 04:44:36,146 [pool-119-thread-1] INFO  server.RaftServerConfigKeys (ConfUtils.java:logGet(43)) - raft.server.log.segment.size.max = 1048576 (custom)
2019-09-25 04:44:36,146 [pool-119-thread-1] INFO  server.RaftServerConfigKeys (ConfUtils.java:logGet(43)) - raft.server.log.segment.cache.num.max = 2 (custom)
2019-09-25 04:44:36,147 [pool-119-thread-1] INFO  segmented.SegmentedRaftLogWorker (SegmentedRaftLogWorker.java:<init>(172)) - new 501e761e-a7a2-4fbd-b2cb-ccb733f61c47@group-5E2D46E32BAE-SegmentedRaftLogWorker for RaftStorage:Storage Directory /workdir/hadoop-ozone/integration-test/target/test-dir/MiniOzoneClusterImpl-35769ac5-a4ef-4df9-86f1-fb87f256fef7/datanode-0/data/ratis/9a457684-8425-40e2-8438-5e2d46e32bae
2019-09-25 04:44:36,150 [pool-119-thread-1] INFO  server.RaftServerConfigKeys (ConfUtils.java:logGet(43)) - raft.server.log.queue.byte-limit = 2147483647 (custom)
2019-09-25 04:44:36,150 [pool-119-thread-1] INFO  server.RaftServerConfigKeys (ConfUtils.java:logGet(43)) - raft.server.log.queue.element-limit = 1024 (custom)
2019-09-25 04:44:36,150 [pool-119-thread-1] INFO  server.RaftServerConfigKeys (ConfUtils.java:logGet(43)) - raft.server.log.segment.size.max = 1048576 (custom)
2019-09-25 04:44:36,151 [pool-119-thread-1] INFO  server.RaftServerConfigKeys (ConfUtils.java:logGet(43)) - raft.server.log.preallocated.size = 16384 (custom)
2019-09-25 04:44:36,151 [pool-119-thread-1] INFO  server.RaftServerConfigKeys (ConfUtils.java:logGet(43)) - raft.server.log.write.buffer.size = 33554432 (custom)
2019-09-25 04:44:36,151 [pool-119-thread-1] INFO  server.RaftServerConfigKeys (ConfUtils.java:logGet(43)) - raft.server.log.force.sync.num = 128 (default)
2019-09-25 04:44:36,151 [pool-119-thread-1] INFO  server.RaftServerConfigKeys (ConfUtils.java:logGet(43)) - raft.server.log.statemachine.data.sync = true (default)
2019-09-25 04:44:36,151 [pool-119-thread-1] INFO  server.RaftServerConfigKeys (ConfUtils.java:logGet(43)) - raft.server.log.statemachine.data.sync.timeout = 10s (default)
2019-09-25 04:44:36,151 [pool-119-thread-1] INFO  server.RaftServerConfigKeys (ConfUtils.java:logGet(43)) - raft.server.log.statemachine.data.sync.timeout.retry = -1 (default)
2019-09-25 04:44:36,152 [pool-119-thread-1] INFO  server.RaftServerConfigKeys (ConfUtils.java:logGet(43)) - raft.server.log.statemachine.data.caching.enabled = true (custom)
2019-09-25 04:44:36,152 [pool-119-thread-1] INFO  segmented.SegmentedRaftLogWorker (SegmentedRaftLogWorker.java:lambda$new$0(132)) - 501e761e-a7a2-4fbd-b2cb-ccb733f61c47@group-5E2D46E32BAE-SegmentedRaftLogWorker: flushIndex: setUnconditionally 0 -> -1
2019-09-25 04:44:36,153 [pool-119-thread-1] INFO  server.RaftServerConfigKeys (ConfUtils.java:logGet(43)) - raft.server.snapshot.auto.trigger.enabled = true (custom)
2019-09-25 04:44:36,153 [pool-119-thread-1] INFO  server.RaftServerConfigKeys (ConfUtils.java:logGet(43)) - raft.server.snapshot.auto.trigger.threshold = 10000 (custom)
2019-09-25 04:44:36,153 [pool-119-thread-1] INFO  server.RaftServerConfigKeys (ConfUtils.java:logGet(43)) - raft.server.snapshot.retention.num.files = 5 (custom)
2019-09-25 04:44:36,153 [pool-119-thread-1] INFO  server.RaftServerConfigKeys (ConfUtils.java:logGet(43)) - raft.server.retrycache.expirytime = 600000ms (custom)
2019-09-25 04:44:36,158 [pool-119-thread-1] INFO  impl.RaftServerImpl (RaftServerImpl.java:<init>(95)) - 501e761e-a7a2-4fbd-b2cb-ccb733f61c47: new RaftServerImpl for group-D717B926E0E9:[4a6eb500-5cbf-400b-b677-1633421db4a2:192.168.36.126:41453, 501e761e-a7a2-4fbd-b2cb-ccb733f61c47:192.168.36.126:43187, 20057af8-ad38-476a-8ab5-e2c30549d271:192.168.36.126:45594] with ContainerStateMachine:uninitialized
2019-09-25 04:44:36,158 [pool-119-thread-1] INFO  server.RaftServerConfigKeys (ConfUtils.java:logGet(43)) - raft.server.rpc.timeout.min = 5s (custom)
2019-09-25 04:44:36,158 [pool-119-thread-1] INFO  server.RaftServerConfigKeys (ConfUtils.java:logGet(43)) - raft.server.rpc.timeout.max = 5200ms (custom)
2019-09-25 04:44:36,158 [pool-119-thread-1] INFO  server.RaftServerConfigKeys (ConfUtils.java:logGet(43)) - raft.server.rpcslowness.timeout = 120s (custom)
2019-09-25 04:44:36,158 [pool-119-thread-1] INFO  server.RaftServerConfigKeys (ConfUtils.java:logGet(43)) - raft.server.sleep.deviation.threshold = 300 (default)
2019-09-25 04:44:36,159 [pool-119-thread-1] INFO  server.RaftServerConfigKeys (ConfUtils.java:logGet(43)) - raft.server.log.appender.install.snapshot.enabled = false (custom)
2019-09-25 04:44:36,159 [pool-119-thread-1] INFO  impl.RaftServerImpl (ServerState.java:<init>(103)) - 501e761e-a7a2-4fbd-b2cb-ccb733f61c47@group-D717B926E0E9: ConfigurationManager, init=-1: [4a6eb500-5cbf-400b-b677-1633421db4a2:192.168.36.126:41453, 501e761e-a7a2-4fbd-b2cb-ccb733f61c47:192.168.36.126:43187, 20057af8-ad38-476a-8ab5-e2c30549d271:192.168.36.126:45594], old=null, confs=<EMPTY_MAP>
2019-09-25 04:44:36,159 [pool-119-thread-1] INFO  server.RaftServerConfigKeys (ConfUtils.java:logGet(43)) - raft.server.storage.dir = [/workdir/hadoop-ozone/integration-test/target/test-dir/MiniOzoneClusterImpl-35769ac5-a4ef-4df9-86f1-fb87f256fef7/datanode-0/data/ratis] (custom)
2019-09-25 04:44:36,159 [pool-119-thread-1] INFO  storage.RaftStorageDirectory (RaftStorageDirectory.java:analyzeStorage(246)) - The storage directory /workdir/hadoop-ozone/integration-test/target/test-dir/MiniOzoneClusterImpl-35769ac5-a4ef-4df9-86f1-fb87f256fef7/datanode-0/data/ratis/5fd56a38-d2c0-4162-b173-d717b926e0e9 does not exist. Creating ...
2019-09-25 04:44:38,298 [RATISCREATEPIPELINE3] ERROR pipeline.RatisPipelineProvider (RatisPipelineProvider.java:lambda$null$5(235)) - Failed invoke Ratis rpc org.apache.hadoop.hdds.scm.pipeline.RatisPipelineProvider$$Lambda$187/885365384@42e65afb for 4a6eb500-5cbf-400b-b677-1633421db4a2
org.apache.ratis.protocol.TimeoutIOException: deadline exceeded after 2999762560ns
	at org.apache.ratis.grpc.GrpcUtil.tryUnwrapException(GrpcUtil.java:82)
	at org.apache.ratis.grpc.GrpcUtil.unwrapException(GrpcUtil.java:75)
	at org.apache.ratis.grpc.client.GrpcClientProtocolClient.blockingCall(GrpcClientProtocolClient.java:178)
	at org.apache.ratis.grpc.client.GrpcClientProtocolClient.groupAdd(GrpcClientProtocolClient.java:147)
	at org.apache.ratis.grpc.client.GrpcClientRpc.sendRequest(GrpcClientRpc.java:94)
	at org.apache.ratis.client.impl.RaftClientImpl.sendRequest(RaftClientImpl.java:278)
	at org.apache.ratis.client.impl.RaftClientImpl.groupAdd(RaftClientImpl.java:205)
	at org.apache.hadoop.hdds.scm.pipeline.RatisPipelineProvider.lambda$initializePipeline$4(RatisPipelineProvider.java:196)
	at org.apache.hadoop.hdds.scm.pipeline.RatisPipelineProvider.lambda$null$5(RatisPipelineProvider.java:231)
	at java.util.stream.ForEachOps$ForEachOp$OfRef.accept(ForEachOps.java:184)
	at java.util.ArrayList$ArrayListSpliterator.forEachRemaining(ArrayList.java:1382)
	at java.util.stream.AbstractPipeline.copyInto(AbstractPipeline.java:482)
	at java.util.stream.ForEachOps$ForEachTask.compute(ForEachOps.java:291)
	at java.util.concurrent.CountedCompleter.exec(CountedCompleter.java:731)
	at java.util.concurrent.ForkJoinTask.doExec(ForkJoinTask.java:289)
	at java.util.concurrent.ForkJoinPool$WorkQueue.runTask(ForkJoinPool.java:1056)
	at java.util.concurrent.ForkJoinPool.runWorker(ForkJoinPool.java:1692)
	at java.util.concurrent.ForkJoinWorkerThread.run(ForkJoinWorkerThread.java:157)
Caused by: org.apache.ratis.thirdparty.io.grpc.StatusRuntimeException: DEADLINE_EXCEEDED: deadline exceeded after 2999762560ns
	at org.apache.ratis.thirdparty.io.grpc.stub.ClientCalls.toStatusRuntimeException(ClientCalls.java:233)
	at org.apache.ratis.thirdparty.io.grpc.stub.ClientCalls.getUnchecked(ClientCalls.java:214)
	at org.apache.ratis.thirdparty.io.grpc.stub.ClientCalls.blockingUnaryCall(ClientCalls.java:139)
	at org.apache.ratis.proto.grpc.AdminProtocolServiceGrpc$AdminProtocolServiceBlockingStub.groupManagement(AdminProtocolServiceGrpc.java:274)
	at org.apache.ratis.grpc.client.GrpcClientProtocolClient.lambda$groupAdd$3(GrpcClientProtocolClient.java:149)
	at org.apache.ratis.grpc.client.GrpcClientProtocolClient.blockingCall(GrpcClientProtocolClient.java:176)
	... 15 more
2019-09-25 04:44:38,299 [RATISCREATEPIPELINE1] ERROR pipeline.RatisPipelineProvider (RatisPipelineProvider.java:lambda$null$5(235)) - Failed invoke Ratis rpc org.apache.hadoop.hdds.scm.pipeline.RatisPipelineProvider$$Lambda$187/885365384@42e65afb for 20057af8-ad38-476a-8ab5-e2c30549d271
org.apache.ratis.protocol.TimeoutIOException: deadline exceeded after 2997594463ns
	at org.apache.ratis.grpc.GrpcUtil.tryUnwrapException(GrpcUtil.java:82)
	at org.apache.ratis.grpc.GrpcUtil.unwrapException(GrpcUtil.java:75)
	at org.apache.ratis.grpc.client.GrpcClientProtocolClient.blockingCall(GrpcClientProtocolClient.java:178)
	at org.apache.ratis.grpc.client.GrpcClientProtocolClient.groupAdd(GrpcClientProtocolClient.java:147)
	at org.apache.ratis.grpc.client.GrpcClientRpc.sendRequest(GrpcClientRpc.java:94)
	at org.apache.ratis.client.impl.RaftClientImpl.sendRequest(RaftClientImpl.java:278)
	at org.apache.ratis.client.impl.RaftClientImpl.groupAdd(RaftClientImpl.java:205)
	at org.apache.hadoop.hdds.scm.pipeline.RatisPipelineProvider.lambda$initializePipeline$4(RatisPipelineProvider.java:196)
	at org.apache.hadoop.hdds.scm.pipeline.RatisPipelineProvider.lambda$null$5(RatisPipelineProvider.java:231)
	at java.util.stream.ForEachOps$ForEachOp$OfRef.accept(ForEachOps.java:184)
	at java.util.ArrayList$ArrayListSpliterator.forEachRemaining(ArrayList.java:1382)
	at java.util.stream.AbstractPipeline.copyInto(AbstractPipeline.java:482)
	at java.util.stream.ForEachOps$ForEachTask.compute(ForEachOps.java:291)
	at java.util.concurrent.CountedCompleter.exec(CountedCompleter.java:731)
	at java.util.concurrent.ForkJoinTask.doExec(ForkJoinTask.java:289)
	at java.util.concurrent.ForkJoinTask.doInvoke(ForkJoinTask.java:401)
	at java.util.concurrent.ForkJoinTask.invoke(ForkJoinTask.java:734)
	at java.util.stream.ForEachOps$ForEachOp.evaluateParallel(ForEachOps.java:160)
	at java.util.stream.ForEachOps$ForEachOp$OfRef.evaluateParallel(ForEachOps.java:174)
	at java.util.stream.AbstractPipeline.evaluate(AbstractPipeline.java:233)
	at java.util.stream.ReferencePipeline.forEach(ReferencePipeline.java:418)
	at java.util.stream.ReferencePipeline$Head.forEach(ReferencePipeline.java:583)
	at org.apache.hadoop.hdds.scm.pipeline.RatisPipelineProvider.lambda$callRatisRpc$6(RatisPipelineProvider.java:225)
	at java.util.concurrent.ForkJoinTask$AdaptedRunnableAction.exec(ForkJoinTask.java:1386)
	at java.util.concurrent.ForkJoinTask.doExec(ForkJoinTask.java:289)
	at java.util.concurrent.ForkJoinPool$WorkQueue.runTask(ForkJoinPool.java:1056)
	at java.util.concurrent.ForkJoinPool.runWorker(ForkJoinPool.java:1692)
	at java.util.concurrent.ForkJoinWorkerThread.run(ForkJoinWorkerThread.java:157)
Caused by: org.apache.ratis.thirdparty.io.grpc.StatusRuntimeException: DEADLINE_EXCEEDED: deadline exceeded after 2997594463ns
	at org.apache.ratis.thirdparty.io.grpc.stub.ClientCalls.toStatusRuntimeException(ClientCalls.java:233)
	at org.apache.ratis.thirdparty.io.grpc.stub.ClientCalls.getUnchecked(ClientCalls.java:214)
	at org.apache.ratis.thirdparty.io.grpc.stub.ClientCalls.blockingUnaryCall(ClientCalls.java:139)
	at org.apache.ratis.proto.grpc.AdminProtocolServiceGrpc$AdminProtocolServiceBlockingStub.groupManagement(AdminProtocolServiceGrpc.java:274)
	at org.apache.ratis.grpc.client.GrpcClientProtocolClient.lambda$groupAdd$3(GrpcClientProtocolClient.java:149)
	at org.apache.ratis.grpc.client.GrpcClientProtocolClient.blockingCall(GrpcClientProtocolClient.java:176)
	... 25 more
2019-09-25 04:44:38,299 [RATISCREATEPIPELINE2] ERROR pipeline.RatisPipelineProvider (RatisPipelineProvider.java:lambda$null$5(235)) - Failed invoke Ratis rpc org.apache.hadoop.hdds.scm.pipeline.RatisPipelineProvider$$Lambda$187/885365384@42e65afb for 501e761e-a7a2-4fbd-b2cb-ccb733f61c47
org.apache.ratis.protocol.TimeoutIOException: deadline exceeded after 2999744312ns
	at org.apache.ratis.grpc.GrpcUtil.tryUnwrapException(GrpcUtil.java:82)
	at org.apache.ratis.grpc.GrpcUtil.unwrapException(GrpcUtil.java:75)
	at org.apache.ratis.grpc.client.GrpcClientProtocolClient.blockingCall(GrpcClientProtocolClient.java:178)
	at org.apache.ratis.grpc.client.GrpcClientProtocolClient.groupAdd(GrpcClientProtocolClient.java:147)
	at org.apache.ratis.grpc.client.GrpcClientRpc.sendRequest(GrpcClientRpc.java:94)
	at org.apache.ratis.client.impl.RaftClientImpl.sendRequest(RaftClientImpl.java:278)
	at org.apache.ratis.client.impl.RaftClientImpl.groupAdd(RaftClientImpl.java:205)
	at org.apache.hadoop.hdds.scm.pipeline.RatisPipelineProvider.lambda$initializePipeline$4(RatisPipelineProvider.java:196)
	at org.apache.hadoop.hdds.scm.pipeline.RatisPipelineProvider.lambda$null$5(RatisPipelineProvider.java:231)
	at java.util.stream.ForEachOps$ForEachOp$OfRef.accept(ForEachOps.java:184)
	at java.util.ArrayList$ArrayListSpliterator.forEachRemaining(ArrayList.java:1382)
	at java.util.stream.AbstractPipeline.copyInto(AbstractPipeline.java:482)
	at java.util.stream.ForEachOps$ForEachTask.compute(ForEachOps.java:291)
	at java.util.concurrent.CountedCompleter.exec(CountedCompleter.java:731)
	at java.util.concurrent.ForkJoinTask.doExec(ForkJoinTask.java:289)
	at java.util.concurrent.ForkJoinPool$WorkQueue.runTask(ForkJoinPool.java:1056)
	at java.util.concurrent.ForkJoinPool.runWorker(ForkJoinPool.java:1692)
	at java.util.concurrent.ForkJoinWorkerThread.run(ForkJoinWorkerThread.java:157)
Caused by: org.apache.ratis.thirdparty.io.grpc.StatusRuntimeException: DEADLINE_EXCEEDED: deadline exceeded after 2999744312ns
	at org.apache.ratis.thirdparty.io.grpc.stub.ClientCalls.toStatusRuntimeException(ClientCalls.java:233)
	at org.apache.ratis.thirdparty.io.grpc.stub.ClientCalls.getUnchecked(ClientCalls.java:214)
	at org.apache.ratis.thirdparty.io.grpc.stub.ClientCalls.blockingUnaryCall(ClientCalls.java:139)
	at org.apache.ratis.proto.grpc.AdminProtocolServiceGrpc$AdminProtocolServiceBlockingStub.groupManagement(AdminProtocolServiceGrpc.java:274)
	at org.apache.ratis.grpc.client.GrpcClientProtocolClient.lambda$groupAdd$3(GrpcClientProtocolClient.java:149)
	at org.apache.ratis.grpc.client.GrpcClientProtocolClient.blockingCall(GrpcClientProtocolClient.java:176)
	... 15 more
2019-09-25 04:44:38,318 [grpc-default-executor-9] INFO  impl.RaftServerProxy (RaftServerProxy.java:addNew(89)) - 20057af8-ad38-476a-8ab5-e2c30549d271: addNew group-440F611E4189:[4a6eb500-5cbf-400b-b677-1633421db4a2:192.168.36.126:41453, 501e761e-a7a2-4fbd-b2cb-ccb733f61c47:192.168.36.126:43187, 20057af8-ad38-476a-8ab5-e2c30549d271:192.168.36.126:45594] returns group-440F611E4189:java.util.concurrent.CompletableFuture@a757191[Not completed]
2019-09-25 04:44:38,318 [grpc-default-executor-7] INFO  impl.RaftServerProxy (RaftServerProxy.java:addNew(89)) - 501e761e-a7a2-4fbd-b2cb-ccb733f61c47: addNew group-440F611E4189:[4a6eb500-5cbf-400b-b677-1633421db4a2:192.168.36.126:41453, 501e761e-a7a2-4fbd-b2cb-ccb733f61c47:192.168.36.126:43187, 20057af8-ad38-476a-8ab5-e2c30549d271:192.168.36.126:45594] returns group-440F611E4189:java.util.concurrent.CompletableFuture@8cb8f67[Not completed]
2019-09-25 04:44:38,318 [grpc-default-executor-3] INFO  impl.RaftServerProxy (RaftServerProxy.java:addNew(89)) - 4a6eb500-5cbf-400b-b677-1633421db4a2: addNew group-440F611E4189:[4a6eb500-5cbf-400b-b677-1633421db4a2:192.168.36.126:41453, 501e761e-a7a2-4fbd-b2cb-ccb733f61c47:192.168.36.126:43187, 20057af8-ad38-476a-8ab5-e2c30549d271:192.168.36.126:45594] returns group-440F611E4189:java.util.concurrent.CompletableFuture@1082af26[Not completed]
2019-09-25 04:44:41,230 [pool-119-thread-1] INFO  storage.RaftStorageDirectory (RaftStorageDirectory.java:tryLock(328)) - Lock on /workdir/hadoop-ozone/integration-test/target/test-dir/MiniOzoneClusterImpl-35769ac5-a4ef-4df9-86f1-fb87f256fef7/datanode-0/data/ratis/5fd56a38-d2c0-4162-b173-d717b926e0e9/in_use.lock acquired by nodename 15566@pr-hdds-2174-pqx5g-486351168
2019-09-25 04:44:41,230 [pool-129-thread-1] INFO  storage.RaftStorage (RaftStorage.java:format(72)) - Storage directory /workdir/hadoop-ozone/integration-test/target/test-dir/MiniOzoneClusterImpl-35769ac5-a4ef-4df9-86f1-fb87f256fef7/datanode-1/data/ratis/5fd56a38-d2c0-4162-b173-d717b926e0e9 has been successfully formatted.
2019-09-25 04:44:41,230 [pool-169-thread-1] INFO  storage.RaftStorage (RaftStorage.java:format(72)) - Storage directory /workdir/hadoop-ozone/integration-test/target/test-dir/MiniOzoneClusterImpl-35769ac5-a4ef-4df9-86f1-fb87f256fef7/datanode-5/data/ratis/5fd56a38-d2c0-4162-b173-d717b926e0e9 has been successfully formatted.
2019-09-25 04:44:41,231 [pool-129-thread-1] INFO  ratis.ContainerStateMachine (ContainerStateMachine.java:loadSnapshot(230)) - group-D717B926E0E9: The snapshot info is null. Setting the last applied indexto:(t:0, i:~)
2019-09-25 04:44:41,231 [pool-169-thread-1] INFO  ratis.ContainerStateMachine (ContainerStateMachine.java:loadSnapshot(230)) - group-D717B926E0E9: The snapshot info is null. Setting the last applied indexto:(t:0, i:~)
2019-09-25 04:44:41,231 [pool-129-thread-1] INFO  server.RaftServerConfigKeys (ConfUtils.java:logGet(43)) - raft.server.notification.no-leader.timeout = 120s (custom)
2019-09-25 04:44:41,231 [pool-169-thread-1] INFO  server.RaftServerConfigKeys (ConfUtils.java:logGet(43)) - raft.server.notification.no-leader.timeout = 120s (custom)
2019-09-25 04:44:41,231 [pool-129-thread-1] INFO  server.RaftServerConfigKeys (ConfUtils.java:logGet(43)) - raft.server.log.use.memory = false (default)
2019-09-25 04:44:41,232 [pool-169-thread-1] INFO  server.RaftServerConfigKeys (ConfUtils.java:logGet(43)) - raft.server.log.use.memory = false (default)
2019-09-25 04:44:41,232 [pool-129-thread-1] INFO  server.RaftServerConfigKeys (ConfUtils.java:logGet(43)) - raft.server.log.purge.gap = 1000000 (custom)
2019-09-25 04:44:41,232 [pool-169-thread-1] INFO  server.RaftServerConfigKeys (ConfUtils.java:logGet(43)) - raft.server.log.purge.gap = 1000000 (custom)
2019-09-25 04:44:41,232 [pool-129-thread-1] INFO  server.RaftServerConfigKeys (ConfUtils.java:logGet(43)) - raft.server.log.appender.buffer.byte-limit = 33554432 (custom)
2019-09-25 04:44:41,232 [pool-169-thread-1] INFO  server.RaftServerConfigKeys (ConfUtils.java:logGet(43)) - raft.server.log.appender.buffer.byte-limit = 33554432 (custom)
2019-09-25 04:44:41,232 [pool-129-thread-1] INFO  server.RaftServerConfigKeys (ConfUtils.java:logGet(43)) - raft.server.log.segment.size.max = 1048576 (custom)
2019-09-25 04:44:41,233 [pool-169-thread-1] INFO  server.RaftServerConfigKeys (ConfUtils.java:logGet(43)) - raft.server.log.segment.size.max = 1048576 (custom)
2019-09-25 04:44:41,233 [pool-129-thread-1] INFO  server.RaftServerConfigKeys (ConfUtils.java:logGet(43)) - raft.server.log.segment.cache.num.max = 2 (custom)
2019-09-25 04:44:41,233 [pool-169-thread-1] INFO  server.RaftServerConfigKeys (ConfUtils.java:logGet(43)) - raft.server.log.segment.cache.num.max = 2 (custom)
2019-09-25 04:44:41,233 [pool-129-thread-1] INFO  segmented.SegmentedRaftLogWorker (SegmentedRaftLogWorker.java:<init>(172)) - new 4a6eb500-5cbf-400b-b677-1633421db4a2@group-D717B926E0E9-SegmentedRaftLogWorker for RaftStorage:Storage Directory /workdir/hadoop-ozone/integration-test/target/test-dir/MiniOzoneClusterImpl-35769ac5-a4ef-4df9-86f1-fb87f256fef7/datanode-1/data/ratis/5fd56a38-d2c0-4162-b173-d717b926e0e9
2019-09-25 04:44:41,233 [pool-169-thread-1] INFO  segmented.SegmentedRaftLogWorker (SegmentedRaftLogWorker.java:<init>(172)) - new 20057af8-ad38-476a-8ab5-e2c30549d271@group-D717B926E0E9-SegmentedRaftLogWorker for RaftStorage:Storage Directory /workdir/hadoop-ozone/integration-test/target/test-dir/MiniOzoneClusterImpl-35769ac5-a4ef-4df9-86f1-fb87f256fef7/datanode-5/data/ratis/5fd56a38-d2c0-4162-b173-d717b926e0e9
2019-09-25 04:44:41,237 [pool-129-thread-1] INFO  server.RaftServerConfigKeys (ConfUtils.java:logGet(43)) - raft.server.log.queue.byte-limit = 2147483647 (custom)
2019-09-25 04:44:41,237 [pool-169-thread-1] INFO  server.RaftServerConfigKeys (ConfUtils.java:logGet(43)) - raft.server.log.queue.byte-limit = 2147483647 (custom)
2019-09-25 04:44:41,237 [pool-129-thread-1] INFO  server.RaftServerConfigKeys (ConfUtils.java:logGet(43)) - raft.server.log.queue.element-limit = 1024 (custom)
2019-09-25 04:44:41,237 [pool-169-thread-1] INFO  server.RaftServerConfigKeys (ConfUtils.java:logGet(43)) - raft.server.log.queue.element-limit = 1024 (custom)
2019-09-25 04:44:41,237 [pool-129-thread-1] INFO  server.RaftServerConfigKeys (ConfUtils.java:logGet(43)) - raft.server.log.segment.size.max = 1048576 (custom)
2019-09-25 04:44:41,238 [pool-169-thread-1] INFO  server.RaftServerConfigKeys (ConfUtils.java:logGet(43)) - raft.server.log.segment.size.max = 1048576 (custom)
2019-09-25 04:44:41,238 [pool-129-thread-1] INFO  server.RaftServerConfigKeys (ConfUtils.java:logGet(43)) - raft.server.log.preallocated.size = 16384 (custom)
2019-09-25 04:44:41,238 [pool-169-thread-1] INFO  server.RaftServerConfigKeys (ConfUtils.java:logGet(43)) - raft.server.log.preallocated.size = 16384 (custom)
2019-09-25 04:44:41,238 [pool-129-thread-1] INFO  server.RaftServerConfigKeys (ConfUtils.java:logGet(43)) - raft.server.log.write.buffer.size = 33554432 (custom)
2019-09-25 04:44:41,238 [pool-169-thread-1] INFO  server.RaftServerConfigKeys (ConfUtils.java:logGet(43)) - raft.server.log.write.buffer.size = 33554432 (custom)
2019-09-25 04:44:41,238 [pool-129-thread-1] INFO  server.RaftServerConfigKeys (ConfUtils.java:logGet(43)) - raft.server.log.force.sync.num = 128 (default)
2019-09-25 04:44:41,238 [pool-169-thread-1] INFO  server.RaftServerConfigKeys (ConfUtils.java:logGet(43)) - raft.server.log.force.sync.num = 128 (default)
2019-09-25 04:44:41,239 [pool-129-thread-1] INFO  server.RaftServerConfigKeys (ConfUtils.java:logGet(43)) - raft.server.log.statemachine.data.sync = true (default)
2019-09-25 04:44:41,239 [pool-169-thread-1] INFO  server.RaftServerConfigKeys (ConfUtils.java:logGet(43)) - raft.server.log.statemachine.data.sync = true (default)
2019-09-25 04:44:41,239 [pool-129-thread-1] INFO  server.RaftServerConfigKeys (ConfUtils.java:logGet(43)) - raft.server.log.statemachine.data.sync.timeout = 10s (default)
2019-09-25 04:44:41,239 [pool-169-thread-1] INFO  server.RaftServerConfigKeys (ConfUtils.java:logGet(43)) - raft.server.log.statemachine.data.sync.timeout = 10s (default)
2019-09-25 04:44:41,239 [pool-129-thread-1] INFO  server.RaftServerConfigKeys (ConfUtils.java:logGet(43)) - raft.server.log.statemachine.data.sync.timeout.retry = -1 (default)
2019-09-25 04:44:41,239 [pool-169-thread-1] INFO  server.RaftServerConfigKeys (ConfUtils.java:logGet(43)) - raft.server.log.statemachine.data.sync.timeout.retry = -1 (default)
2019-09-25 04:44:41,240 [pool-129-thread-1] INFO  server.RaftServerConfigKeys (ConfUtils.java:logGet(43)) - raft.server.log.statemachine.data.caching.enabled = true (custom)
2019-09-25 04:44:41,240 [pool-169-thread-1] INFO  server.RaftServerConfigKeys (ConfUtils.java:logGet(43)) - raft.server.log.statemachine.data.caching.enabled = true (custom)
2019-09-25 04:44:41,240 [pool-129-thread-1] INFO  segmented.SegmentedRaftLogWorker (SegmentedRaftLogWorker.java:lambda$new$0(132)) - 4a6eb500-5cbf-400b-b677-1633421db4a2@group-D717B926E0E9-SegmentedRaftLogWorker: flushIndex: setUnconditionally 0 -> -1
2019-09-25 04:44:41,240 [pool-169-thread-1] INFO  segmented.SegmentedRaftLogWorker (SegmentedRaftLogWorker.java:lambda$new$0(132)) - 20057af8-ad38-476a-8ab5-e2c30549d271@group-D717B926E0E9-SegmentedRaftLogWorker: flushIndex: setUnconditionally 0 -> -1
2019-09-25 04:44:41,240 [pool-129-thread-1] INFO  server.RaftServerConfigKeys (ConfUtils.java:logGet(43)) - raft.server.snapshot.auto.trigger.enabled = true (custom)
2019-09-25 04:44:41,241 [pool-169-thread-1] INFO  server.RaftServerConfigKeys (ConfUtils.java:logGet(43)) - raft.server.snapshot.auto.trigger.enabled = true (custom)
2019-09-25 04:44:41,241 [pool-129-thread-1] INFO  server.RaftServerConfigKeys (ConfUtils.java:logGet(43)) - raft.server.snapshot.auto.trigger.threshold = 10000 (custom)
2019-09-25 04:44:41,241 [pool-169-thread-1] INFO  server.RaftServerConfigKeys (ConfUtils.java:logGet(43)) - raft.server.snapshot.auto.trigger.threshold = 10000 (custom)
2019-09-25 04:44:41,241 [pool-129-thread-1] INFO  server.RaftServerConfigKeys (ConfUtils.java:logGet(43)) - raft.server.snapshot.retention.num.files = 5 (custom)
2019-09-25 04:44:41,241 [pool-169-thread-1] INFO  server.RaftServerConfigKeys (ConfUtils.java:logGet(43)) - raft.server.snapshot.retention.num.files = 5 (custom)
2019-09-25 04:44:41,241 [pool-129-thread-1] INFO  server.RaftServerConfigKeys (ConfUtils.java:logGet(43)) - raft.server.retrycache.expirytime = 600000ms (custom)
2019-09-25 04:44:41,241 [pool-169-thread-1] INFO  server.RaftServerConfigKeys (ConfUtils.java:logGet(43)) - raft.server.retrycache.expirytime = 600000ms (custom)
2019-09-25 04:44:41,248 [pool-129-thread-1] INFO  impl.RaftServerImpl (RaftServerImpl.java:<init>(95)) - 4a6eb500-5cbf-400b-b677-1633421db4a2: new RaftServerImpl for group-CE735EE107E7:[4a6eb500-5cbf-400b-b677-1633421db4a2:192.168.36.126:41453] with ContainerStateMachine:uninitialized
2019-09-25 04:44:41,248 [pool-129-thread-1] INFO  server.RaftServerConfigKeys (ConfUtils.java:logGet(43)) - raft.server.rpc.timeout.min = 5s (custom)
2019-09-25 04:44:41,248 [pool-129-thread-1] INFO  server.RaftServerConfigKeys (ConfUtils.java:logGet(43)) - raft.server.rpc.timeout.max = 5200ms (custom)
2019-09-25 04:44:41,248 [pool-129-thread-1] INFO  server.RaftServerConfigKeys (ConfUtils.java:logGet(43)) - raft.server.rpcslowness.timeout = 120s (custom)
2019-09-25 04:44:41,248 [pool-169-thread-1] INFO  impl.RaftServerImpl (RaftServerImpl.java:<init>(95)) - 20057af8-ad38-476a-8ab5-e2c30549d271: new RaftServerImpl for group-80D42DB64689:[4a6eb500-5cbf-400b-b677-1633421db4a2:192.168.36.126:41453, 501e761e-a7a2-4fbd-b2cb-ccb733f61c47:192.168.36.126:43187, 20057af8-ad38-476a-8ab5-e2c30549d271:192.168.36.126:45594] with ContainerStateMachine:uninitialized
2019-09-25 04:44:41,248 [pool-129-thread-1] INFO  server.RaftServerConfigKeys (ConfUtils.java:logGet(43)) - raft.server.sleep.deviation.threshold = 300 (default)
2019-09-25 04:44:41,248 [pool-169-thread-1] INFO  server.RaftServerConfigKeys (ConfUtils.java:logGet(43)) - raft.server.rpc.timeout.min = 5s (custom)
2019-09-25 04:44:41,249 [pool-129-thread-1] INFO  server.RaftServerConfigKeys (ConfUtils.java:logGet(43)) - raft.server.log.appender.install.snapshot.enabled = false (custom)
2019-09-25 04:44:41,249 [pool-169-thread-1] INFO  server.RaftServerConfigKeys (ConfUtils.java:logGet(43)) - raft.server.rpc.timeout.max = 5200ms (custom)
2019-09-25 04:44:41,249 [pool-129-thread-1] INFO  impl.RaftServerImpl (ServerState.java:<init>(103)) - 4a6eb500-5cbf-400b-b677-1633421db4a2@group-CE735EE107E7: ConfigurationManager, init=-1: [4a6eb500-5cbf-400b-b677-1633421db4a2:192.168.36.126:41453], old=null, confs=<EMPTY_MAP>
2019-09-25 04:44:41,249 [pool-169-thread-1] INFO  server.RaftServerConfigKeys (ConfUtils.java:logGet(43)) - raft.server.rpcslowness.timeout = 120s (custom)
2019-09-25 04:44:41,249 [pool-129-thread-1] INFO  server.RaftServerConfigKeys (ConfUtils.java:logGet(43)) - raft.server.storage.dir = [/workdir/hadoop-ozone/integration-test/target/test-dir/MiniOzoneClusterImpl-35769ac5-a4ef-4df9-86f1-fb87f256fef7/datanode-1/data/ratis] (custom)
2019-09-25 04:44:41,249 [pool-169-thread-1] INFO  server.RaftServerConfigKeys (ConfUtils.java:logGet(43)) - raft.server.sleep.deviation.threshold = 300 (default)
2019-09-25 04:44:41,250 [pool-169-thread-1] INFO  server.RaftServerConfigKeys (ConfUtils.java:logGet(43)) - raft.server.log.appender.install.snapshot.enabled = false (custom)
2019-09-25 04:44:41,250 [pool-129-thread-1] INFO  storage.RaftStorageDirectory (RaftStorageDirectory.java:analyzeStorage(246)) - The storage directory /workdir/hadoop-ozone/integration-test/target/test-dir/MiniOzoneClusterImpl-35769ac5-a4ef-4df9-86f1-fb87f256fef7/datanode-1/data/ratis/cdfc50f5-a2f8-4422-ad0d-ce735ee107e7 does not exist. Creating ...
2019-09-25 04:44:41,250 [pool-169-thread-1] INFO  impl.RaftServerImpl (ServerState.java:<init>(103)) - 20057af8-ad38-476a-8ab5-e2c30549d271@group-80D42DB64689: ConfigurationManager, init=-1: [4a6eb500-5cbf-400b-b677-1633421db4a2:192.168.36.126:41453, 501e761e-a7a2-4fbd-b2cb-ccb733f61c47:192.168.36.126:43187, 20057af8-ad38-476a-8ab5-e2c30549d271:192.168.36.126:45594], old=null, confs=<EMPTY_MAP>
2019-09-25 04:44:41,250 [pool-169-thread-1] INFO  server.RaftServerConfigKeys (ConfUtils.java:logGet(43)) - raft.server.storage.dir = [/workdir/hadoop-ozone/integration-test/target/test-dir/MiniOzoneClusterImpl-35769ac5-a4ef-4df9-86f1-fb87f256fef7/datanode-5/data/ratis] (custom)
2019-09-25 04:44:41,250 [pool-169-thread-1] INFO  storage.RaftStorageDirectory (RaftStorageDirectory.java:analyzeStorage(246)) - The storage directory /workdir/hadoop-ozone/integration-test/target/test-dir/MiniOzoneClusterImpl-35769ac5-a4ef-4df9-86f1-fb87f256fef7/datanode-5/data/ratis/fd089765-8088-464a-b4a9-80d42db64689 does not exist. Creating ...
2019-09-25 04:44:41,314 [RATISCREATEPIPELINE3] ERROR pipeline.RatisPipelineProvider (RatisPipelineProvider.java:lambda$null$5(235)) - Failed invoke Ratis rpc org.apache.hadoop.hdds.scm.pipeline.RatisPipelineProvider$$Lambda$187/885365384@50418456 for 501e761e-a7a2-4fbd-b2cb-ccb733f61c47
org.apache.ratis.protocol.TimeoutIOException: deadline exceeded after 2999708403ns
	at org.apache.ratis.grpc.GrpcUtil.tryUnwrapException(GrpcUtil.java:82)
	at org.apache.ratis.grpc.GrpcUtil.unwrapException(GrpcUtil.java:75)
	at org.apache.ratis.grpc.client.GrpcClientProtocolClient.blockingCall(GrpcClientProtocolClient.java:178)
	at org.apache.ratis.grpc.client.GrpcClientProtocolClient.groupAdd(GrpcClientProtocolClient.java:147)
	at org.apache.ratis.grpc.client.GrpcClientRpc.sendRequest(GrpcClientRpc.java:94)
	at org.apache.ratis.client.impl.RaftClientImpl.sendRequest(RaftClientImpl.java:278)
	at org.apache.ratis.client.impl.RaftClientImpl.groupAdd(RaftClientImpl.java:205)
	at org.apache.hadoop.hdds.scm.pipeline.RatisPipelineProvider.lambda$initializePipeline$4(RatisPipelineProvider.java:196)
	at org.apache.hadoop.hdds.scm.pipeline.RatisPipelineProvider.lambda$null$5(RatisPipelineProvider.java:231)
	at java.util.stream.ForEachOps$ForEachOp$OfRef.accept(ForEachOps.java:184)
	at java.util.ArrayList$ArrayListSpliterator.forEachRemaining(ArrayList.java:1382)
	at java.util.stream.AbstractPipeline.copyInto(AbstractPipeline.java:482)
	at java.util.stream.ForEachOps$ForEachTask.compute(ForEachOps.java:291)
	at java.util.concurrent.CountedCompleter.exec(CountedCompleter.java:731)
	at java.util.concurrent.ForkJoinTask.doExec(ForkJoinTask.java:289)
	at java.util.concurrent.ForkJoinPool$WorkQueue.runTask(ForkJoinPool.java:1056)
	at java.util.concurrent.ForkJoinPool.runWorker(ForkJoinPool.java:1692)
	at java.util.concurrent.ForkJoinWorkerThread.run(ForkJoinWorkerThread.java:157)
Caused by: org.apache.ratis.thirdparty.io.grpc.StatusRuntimeException: DEADLINE_EXCEEDED: deadline exceeded after 2999708403ns
	at org.apache.ratis.thirdparty.io.grpc.stub.ClientCalls.toStatusRuntimeException(ClientCalls.java:233)
	at org.apache.ratis.thirdparty.io.grpc.stub.ClientCalls.getUnchecked(ClientCalls.java:214)
	at org.apache.ratis.thirdparty.io.grpc.stub.ClientCalls.blockingUnaryCall(ClientCalls.java:139)
	at org.apache.ratis.proto.grpc.AdminProtocolServiceGrpc$AdminProtocolServiceBlockingStub.groupManagement(AdminProtocolServiceGrpc.java:274)
	at org.apache.ratis.grpc.client.GrpcClientProtocolClient.lambda$groupAdd$3(GrpcClientProtocolClient.java:149)
	at org.apache.ratis.grpc.client.GrpcClientProtocolClient.blockingCall(GrpcClientProtocolClient.java:176)
	... 15 more
2019-09-25 04:44:41,314 [RATISCREATEPIPELINE1] ERROR pipeline.RatisPipelineProvider (RatisPipelineProvider.java:lambda$null$5(235)) - Failed invoke Ratis rpc org.apache.hadoop.hdds.scm.pipeline.RatisPipelineProvider$$Lambda$187/885365384@50418456 for 20057af8-ad38-476a-8ab5-e2c30549d271
org.apache.ratis.protocol.TimeoutIOException: deadline exceeded after 2999736886ns
	at org.apache.ratis.grpc.GrpcUtil.tryUnwrapException(GrpcUtil.java:82)
	at org.apache.ratis.grpc.GrpcUtil.unwrapException(GrpcUtil.java:75)
	at org.apache.ratis.grpc.client.GrpcClientProtocolClient.blockingCall(GrpcClientProtocolClient.java:178)
	at org.apache.ratis.grpc.client.GrpcClientProtocolClient.groupAdd(GrpcClientProtocolClient.java:147)
	at org.apache.ratis.grpc.client.GrpcClientRpc.sendRequest(GrpcClientRpc.java:94)
	at org.apache.ratis.client.impl.RaftClientImpl.sendRequest(RaftClientImpl.java:278)
	at org.apache.ratis.client.impl.RaftClientImpl.groupAdd(RaftClientImpl.java:205)
	at org.apache.hadoop.hdds.scm.pipeline.RatisPipelineProvider.lambda$initializePipeline$4(RatisPipelineProvider.java:196)
	at org.apache.hadoop.hdds.scm.pipeline.RatisPipelineProvider.lambda$null$5(RatisPipelineProvider.java:231)
	at java.util.stream.ForEachOps$ForEachOp$OfRef.accept(ForEachOps.java:184)
	at java.util.ArrayList$ArrayListSpliterator.forEachRemaining(ArrayList.java:1382)
	at java.util.stream.AbstractPipeline.copyInto(AbstractPipeline.java:482)
	at java.util.stream.ForEachOps$ForEachTask.compute(ForEachOps.java:291)
	at java.util.concurrent.CountedCompleter.exec(CountedCompleter.java:731)
	at java.util.concurrent.ForkJoinTask.doExec(ForkJoinTask.java:289)
	at java.util.concurrent.ForkJoinTask.doInvoke(ForkJoinTask.java:401)
	at java.util.concurrent.ForkJoinTask.invoke(ForkJoinTask.java:734)
	at java.util.stream.ForEachOps$ForEachOp.evaluateParallel(ForEachOps.java:160)
	at java.util.stream.ForEachOps$ForEachOp$OfRef.evaluateParallel(ForEachOps.java:174)
	at java.util.stream.AbstractPipeline.evaluate(AbstractPipeline.java:233)
	at java.util.stream.ReferencePipeline.forEach(ReferencePipeline.java:418)
	at java.util.stream.ReferencePipeline$Head.forEach(ReferencePipeline.java:583)
	at org.apache.hadoop.hdds.scm.pipeline.RatisPipelineProvider.lambda$callRatisRpc$6(RatisPipelineProvider.java:225)
	at java.util.concurrent.ForkJoinTask$AdaptedRunnableAction.exec(ForkJoinTask.java:1386)
	at java.util.concurrent.ForkJoinTask.doExec(ForkJoinTask.java:289)
	at java.util.concurrent.ForkJoinPool$WorkQueue.runTask(ForkJoinPool.java:1056)
	at java.util.concurrent.ForkJoinPool.runWorker(ForkJoinPool.java:1692)
	at java.util.concurrent.ForkJoinWorkerThread.run(ForkJoinWorkerThread.java:157)
Caused by: org.apache.ratis.thirdparty.io.grpc.StatusRuntimeException: DEADLINE_EXCEEDED: deadline exceeded after 2999736886ns
	at org.apache.ratis.thirdparty.io.grpc.stub.ClientCalls.toStatusRuntimeException(ClientCalls.java:233)
	at org.apache.ratis.thirdparty.io.grpc.stub.ClientCalls.getUnchecked(ClientCalls.java:214)
	at org.apache.ratis.thirdparty.io.grpc.stub.ClientCalls.blockingUnaryCall(ClientCalls.java:139)
	at org.apache.ratis.proto.grpc.AdminProtocolServiceGrpc$AdminProtocolServiceBlockingStub.groupManagement(AdminProtocolServiceGrpc.java:274)
	at org.apache.ratis.grpc.client.GrpcClientProtocolClient.lambda$groupAdd$3(GrpcClientProtocolClient.java:149)
	at org.apache.ratis.grpc.client.GrpcClientProtocolClient.blockingCall(GrpcClientProtocolClient.java:176)
	... 25 more
2019-09-25 04:44:41,315 [RATISCREATEPIPELINE2] ERROR pipeline.RatisPipelineProvider (RatisPipelineProvider.java:lambda$null$5(235)) - Failed invoke Ratis rpc org.apache.hadoop.hdds.scm.pipeline.RatisPipelineProvider$$Lambda$187/885365384@50418456 for 4a6eb500-5cbf-400b-b677-1633421db4a2
org.apache.ratis.protocol.TimeoutIOException: deadline exceeded after 2999702502ns
	at org.apache.ratis.grpc.GrpcUtil.tryUnwrapException(GrpcUtil.java:82)
	at org.apache.ratis.grpc.GrpcUtil.unwrapException(GrpcUtil.java:75)
	at org.apache.ratis.grpc.client.GrpcClientProtocolClient.blockingCall(GrpcClientProtocolClient.java:178)
	at org.apache.ratis.grpc.client.GrpcClientProtocolClient.groupAdd(GrpcClientProtocolClient.java:147)
	at org.apache.ratis.grpc.client.GrpcClientRpc.sendRequest(GrpcClientRpc.java:94)
	at org.apache.ratis.client.impl.RaftClientImpl.sendRequest(RaftClientImpl.java:278)
	at org.apache.ratis.client.impl.RaftClientImpl.groupAdd(RaftClientImpl.java:205)
	at org.apache.hadoop.hdds.scm.pipeline.RatisPipelineProvider.lambda$initializePipeline$4(RatisPipelineProvider.java:196)
	at org.apache.hadoop.hdds.scm.pipeline.RatisPipelineProvider.lambda$null$5(RatisPipelineProvider.java:231)
	at java.util.stream.ForEachOps$ForEachOp$OfRef.accept(ForEachOps.java:184)
	at java.util.ArrayList$ArrayListSpliterator.forEachRemaining(ArrayList.java:1382)
	at java.util.stream.AbstractPipeline.copyInto(AbstractPipeline.java:482)
	at java.util.stream.ForEachOps$ForEachTask.compute(ForEachOps.java:291)
	at java.util.concurrent.CountedCompleter.exec(CountedCompleter.java:731)
	at java.util.concurrent.ForkJoinTask.doExec(ForkJoinTask.java:289)
	at java.util.concurrent.ForkJoinPool$WorkQueue.runTask(ForkJoinPool.java:1056)
	at java.util.concurrent.ForkJoinPool.runWorker(ForkJoinPool.java:1692)
	at java.util.concurrent.ForkJoinWorkerThread.run(ForkJoinWorkerThread.java:157)
Caused by: org.apache.ratis.thirdparty.io.grpc.StatusRuntimeException: DEADLINE_EXCEEDED: deadline exceeded after 2999702502ns
	at org.apache.ratis.thirdparty.io.grpc.stub.ClientCalls.toStatusRuntimeException(ClientCalls.java:233)
	at org.apache.ratis.thirdparty.io.grpc.stub.ClientCalls.getUnchecked(ClientCalls.java:214)
	at org.apache.ratis.thirdparty.io.grpc.stub.ClientCalls.blockingUnaryCall(ClientCalls.java:139)
	at org.apache.ratis.proto.grpc.AdminProtocolServiceGrpc$AdminProtocolServiceBlockingStub.groupManagement(AdminProtocolServiceGrpc.java:274)
	at org.apache.ratis.grpc.client.GrpcClientProtocolClient.lambda$groupAdd$3(GrpcClientProtocolClient.java:149)
	at org.apache.ratis.grpc.client.GrpcClientProtocolClient.blockingCall(GrpcClientProtocolClient.java:176)
	... 15 more
2019-09-25 04:44:41,336 [IPC Server handler 3 on 38535] WARN  block.BlockManagerImpl (BlockManagerImpl.java:allocateBlock(192)) - Pipeline creation failed for type:RATIS factor:THREE. Retrying get pipelines call once.
org.apache.hadoop.io.MultipleIOException: 3 exceptions [java.io.IOException: Failed invoke Ratis rpc org.apache.hadoop.hdds.scm.pipeline.RatisPipelineProvider$$Lambda$187/885365384@50418456 for 501e761e-a7a2-4fbd-b2cb-ccb733f61c47, java.io.IOException: Failed invoke Ratis rpc org.apache.hadoop.hdds.scm.pipeline.RatisPipelineProvider$$Lambda$187/885365384@50418456 for 20057af8-ad38-476a-8ab5-e2c30549d271, java.io.IOException: Failed invoke Ratis rpc org.apache.hadoop.hdds.scm.pipeline.RatisPipelineProvider$$Lambda$187/885365384@50418456 for 4a6eb500-5cbf-400b-b677-1633421db4a2]
	at org.apache.hadoop.io.MultipleIOException.createIOException(MultipleIOException.java:53)
	at org.apache.hadoop.hdds.scm.pipeline.RatisPipelineProvider.callRatisRpc(RatisPipelineProvider.java:251)
	at org.apache.hadoop.hdds.scm.pipeline.RatisPipelineProvider.initializePipeline(RatisPipelineProvider.java:194)
	at org.apache.hadoop.hdds.scm.pipeline.RatisPipelineProvider.create(RatisPipelineProvider.java:163)
	at org.apache.hadoop.hdds.scm.pipeline.PipelineFactory.create(PipelineFactory.java:58)
	at org.apache.hadoop.hdds.scm.pipeline.SCMPipelineManager.createPipeline(SCMPipelineManager.java:155)
	at org.apache.hadoop.hdds.scm.block.BlockManagerImpl.allocateBlock(BlockManagerImpl.java:190)
	at org.apache.hadoop.hdds.scm.server.SCMBlockProtocolServer.allocateBlock(SCMBlockProtocolServer.java:182)
	at org.apache.hadoop.ozone.protocolPB.ScmBlockLocationProtocolServerSideTranslatorPB.allocateScmBlock(ScmBlockLocationProtocolServerSideTranslatorPB.java:183)
	at org.apache.hadoop.ozone.protocolPB.ScmBlockLocationProtocolServerSideTranslatorPB.processMessage(ScmBlockLocationProtocolServerSideTranslatorPB.java:141)
	at org.apache.hadoop.ozone.protocolPB.ScmBlockLocationProtocolServerSideTranslatorPB.send(ScmBlockLocationProtocolServerSideTranslatorPB.java:116)
	at org.apache.hadoop.hdds.protocol.proto.ScmBlockLocationProtocolProtos$ScmBlockLocationProtocolService$2.callBlockingMethod(ScmBlockLocationProtocolProtos.java:13157)
	at org.apache.hadoop.ipc.ProtobufRpcEngine$Server$ProtoBufRpcInvoker.call(ProtobufRpcEngine.java:524)
	at org.apache.hadoop.ipc.RPC$Server.call(RPC.java:1025)
	at org.apache.hadoop.ipc.Server$RpcCall.run(Server.java:876)
	at org.apache.hadoop.ipc.Server$RpcCall.run(Server.java:822)
	at java.security.AccessController.doPrivileged(Native Method)
	at javax.security.auth.Subject.doAs(Subject.java:422)
	at org.apache.hadoop.security.UserGroupInformation.doAs(UserGroupInformation.java:1730)
	at org.apache.hadoop.ipc.Server$Handler.run(Server.java:2682)
2019-09-25 04:44:41,337 [IPC Server handler 3 on 38535] INFO  block.BlockManagerImpl (BlockManagerImpl.java:allocateBlock(198)) - Could not find available pipeline of type:RATIS and factor:THREE even after retrying
2019-09-25 04:44:41,337 [IPC Server handler 3 on 38535] ERROR block.BlockManagerImpl (BlockManagerImpl.java:allocateBlock(222)) - Unable to allocate a block for the size: 800, type: RATIS, factor: THREE
2019-09-25 04:44:41,348 [grpc-default-executor-9] INFO  impl.RaftServerProxy (RaftServerProxy.java:addNew(89)) - 4a6eb500-5cbf-400b-b677-1633421db4a2: addNew group-88AFA1C08B7F:[4a6eb500-5cbf-400b-b677-1633421db4a2:192.168.36.126:41453, 501e761e-a7a2-4fbd-b2cb-ccb733f61c47:192.168.36.126:43187, 20057af8-ad38-476a-8ab5-e2c30549d271:192.168.36.126:45594] returns group-88AFA1C08B7F:java.util.concurrent.CompletableFuture@36ff417[Not completed]
2019-09-25 04:44:41,349 [grpc-default-executor-7] INFO  impl.RaftServerProxy (RaftServerProxy.java:addNew(89)) - 20057af8-ad38-476a-8ab5-e2c30549d271: addNew group-88AFA1C08B7F:[4a6eb500-5cbf-400b-b677-1633421db4a2:192.168.36.126:41453, 501e761e-a7a2-4fbd-b2cb-ccb733f61c47:192.168.36.126:43187, 20057af8-ad38-476a-8ab5-e2c30549d271:192.168.36.126:45594] returns group-88AFA1C08B7F:java.util.concurrent.CompletableFuture@2da525d2[Not completed]
2019-09-25 04:44:41,349 [grpc-default-executor-3] INFO  impl.RaftServerProxy (RaftServerProxy.java:addNew(89)) - 501e761e-a7a2-4fbd-b2cb-ccb733f61c47: addNew group-88AFA1C08B7F:[4a6eb500-5cbf-400b-b677-1633421db4a2:192.168.36.126:41453, 501e761e-a7a2-4fbd-b2cb-ccb733f61c47:192.168.36.126:43187, 20057af8-ad38-476a-8ab5-e2c30549d271:192.168.36.126:45594] returns group-88AFA1C08B7F:java.util.concurrent.CompletableFuture@bcd731a[Not completed]
2019-09-25 04:44:41,496 [pool-129-thread-1] INFO  storage.RaftStorageDirectory (RaftStorageDirectory.java:tryLock(328)) - Lock on /workdir/hadoop-ozone/integration-test/target/test-dir/MiniOzoneClusterImpl-35769ac5-a4ef-4df9-86f1-fb87f256fef7/datanode-1/data/ratis/cdfc50f5-a2f8-4422-ad0d-ce735ee107e7/in_use.lock acquired by nodename 15566@pr-hdds-2174-pqx5g-486351168
2019-09-25 04:44:41,496 [pool-119-thread-1] INFO  storage.RaftStorage (RaftStorage.java:format(72)) - Storage directory /workdir/hadoop-ozone/integration-test/target/test-dir/MiniOzoneClusterImpl-35769ac5-a4ef-4df9-86f1-fb87f256fef7/datanode-0/data/ratis/5fd56a38-d2c0-4162-b173-d717b926e0e9 has been successfully formatted.
2019-09-25 04:44:41,496 [pool-169-thread-1] INFO  storage.RaftStorageDirectory (RaftStorageDirectory.java:tryLock(328)) - Lock on /workdir/hadoop-ozone/integration-test/target/test-dir/MiniOzoneClusterImpl-35769ac5-a4ef-4df9-86f1-fb87f256fef7/datanode-5/data/ratis/fd089765-8088-464a-b4a9-80d42db64689/in_use.lock acquired by nodename 15566@pr-hdds-2174-pqx5g-486351168
2019-09-25 04:44:41,497 [pool-119-thread-1] INFO  ratis.ContainerStateMachine (ContainerStateMachine.java:loadSnapshot(230)) - group-D717B926E0E9: The snapshot info is null. Setting the last applied indexto:(t:0, i:~)
2019-09-25 04:44:41,497 [pool-119-thread-1] INFO  server.RaftServerConfigKeys (ConfUtils.java:logGet(43)) - raft.server.notification.no-leader.timeout = 120s (custom)
2019-09-25 04:44:41,497 [pool-119-thread-1] INFO  server.RaftServerConfigKeys (ConfUtils.java:logGet(43)) - raft.server.log.use.memory = false (default)
2019-09-25 04:44:41,497 [pool-119-thread-1] INFO  server.RaftServerConfigKeys (ConfUtils.java:logGet(43)) - raft.server.log.purge.gap = 1000000 (custom)
2019-09-25 04:44:41,498 [pool-119-thread-1] INFO  server.RaftServerConfigKeys (ConfUtils.java:logGet(43)) - raft.server.log.appender.buffer.byte-limit = 33554432 (custom)
2019-09-25 04:44:41,498 [pool-119-thread-1] INFO  server.RaftServerConfigKeys (ConfUtils.java:logGet(43)) - raft.server.log.segment.size.max = 1048576 (custom)
2019-09-25 04:44:41,498 [pool-119-thread-1] INFO  server.RaftServerConfigKeys (ConfUtils.java:logGet(43)) - raft.server.log.segment.cache.num.max = 2 (custom)
2019-09-25 04:44:41,498 [pool-119-thread-1] INFO  segmented.SegmentedRaftLogWorker (SegmentedRaftLogWorker.java:<init>(172)) - new 501e761e-a7a2-4fbd-b2cb-ccb733f61c47@group-D717B926E0E9-SegmentedRaftLogWorker for RaftStorage:Storage Directory /workdir/hadoop-ozone/integration-test/target/test-dir/MiniOzoneClusterImpl-35769ac5-a4ef-4df9-86f1-fb87f256fef7/datanode-0/data/ratis/5fd56a38-d2c0-4162-b173-d717b926e0e9
2019-09-25 04:44:41,498 [pool-119-thread-1] INFO  server.RaftServerConfigKeys (ConfUtils.java:logGet(43)) - raft.server.log.queue.byte-limit = 2147483647 (custom)
2019-09-25 04:44:41,499 [pool-119-thread-1] INFO  server.RaftServerConfigKeys (ConfUtils.java:logGet(43)) - raft.server.log.queue.element-limit = 1024 (custom)
2019-09-25 04:44:41,499 [pool-119-thread-1] INFO  server.RaftServerConfigKeys (ConfUtils.java:logGet(43)) - raft.server.log.segment.size.max = 1048576 (custom)
2019-09-25 04:44:41,499 [pool-119-thread-1] INFO  server.RaftServerConfigKeys (ConfUtils.java:logGet(43)) - raft.server.log.preallocated.size = 16384 (custom)
2019-09-25 04:44:41,499 [pool-119-thread-1] INFO  server.RaftServerConfigKeys (ConfUtils.java:logGet(43)) - raft.server.log.write.buffer.size = 33554432 (custom)
2019-09-25 04:44:41,499 [pool-119-thread-1] INFO  server.RaftServerConfigKeys (ConfUtils.java:logGet(43)) - raft.server.log.force.sync.num = 128 (default)
2019-09-25 04:44:41,499 [pool-119-thread-1] INFO  server.RaftServerConfigKeys (ConfUtils.java:logGet(43)) - raft.server.log.statemachine.data.sync = true (default)
2019-09-25 04:44:41,500 [pool-119-thread-1] INFO  server.RaftServerConfigKeys (ConfUtils.java:logGet(43)) - raft.server.log.statemachine.data.sync.timeout = 10s (default)
2019-09-25 04:44:41,500 [pool-119-thread-1] INFO  server.RaftServerConfigKeys (ConfUtils.java:logGet(43)) - raft.server.log.statemachine.data.sync.timeout.retry = -1 (default)
2019-09-25 04:44:41,500 [pool-119-thread-1] INFO  server.RaftServerConfigKeys (ConfUtils.java:logGet(43)) - raft.server.log.statemachine.data.caching.enabled = true (custom)
2019-09-25 04:44:41,500 [pool-119-thread-1] INFO  segmented.SegmentedRaftLogWorker (SegmentedRaftLogWorker.java:lambda$new$0(132)) - 501e761e-a7a2-4fbd-b2cb-ccb733f61c47@group-D717B926E0E9-SegmentedRaftLogWorker: flushIndex: setUnconditionally 0 -> -1
2019-09-25 04:44:41,501 [pool-119-thread-1] INFO  server.RaftServerConfigKeys (ConfUtils.java:logGet(43)) - raft.server.snapshot.auto.trigger.enabled = true (custom)
2019-09-25 04:44:41,501 [pool-119-thread-1] INFO  server.RaftServerConfigKeys (ConfUtils.java:logGet(43)) - raft.server.snapshot.auto.trigger.threshold = 10000 (custom)
2019-09-25 04:44:41,501 [pool-119-thread-1] INFO  server.RaftServerConfigKeys (ConfUtils.java:logGet(43)) - raft.server.snapshot.retention.num.files = 5 (custom)
2019-09-25 04:44:41,501 [pool-119-thread-1] INFO  server.RaftServerConfigKeys (ConfUtils.java:logGet(43)) - raft.server.retrycache.expirytime = 600000ms (custom)
2019-09-25 04:44:41,505 [pool-119-thread-1] INFO  impl.RaftServerImpl (RaftServerImpl.java:<init>(95)) - 501e761e-a7a2-4fbd-b2cb-ccb733f61c47: new RaftServerImpl for group-80D42DB64689:[4a6eb500-5cbf-400b-b677-1633421db4a2:192.168.36.126:41453, 501e761e-a7a2-4fbd-b2cb-ccb733f61c47:192.168.36.126:43187, 20057af8-ad38-476a-8ab5-e2c30549d271:192.168.36.126:45594] with ContainerStateMachine:uninitialized
2019-09-25 04:44:41,506 [pool-119-thread-1] INFO  server.RaftServerConfigKeys (ConfUtils.java:logGet(43)) - raft.server.rpc.timeout.min = 5s (custom)
2019-09-25 04:44:41,506 [pool-119-thread-1] INFO  server.RaftServerConfigKeys (ConfUtils.java:logGet(43)) - raft.server.rpc.timeout.max = 5200ms (custom)
2019-09-25 04:44:41,506 [pool-119-thread-1] INFO  server.RaftServerConfigKeys (ConfUtils.java:logGet(43)) - raft.server.rpcslowness.timeout = 120s (custom)
2019-09-25 04:44:41,506 [pool-119-thread-1] INFO  server.RaftServerConfigKeys (ConfUtils.java:logGet(43)) - raft.server.sleep.deviation.threshold = 300 (default)
2019-09-25 04:44:41,506 [pool-119-thread-1] INFO  server.RaftServerConfigKeys (ConfUtils.java:logGet(43)) - raft.server.log.appender.install.snapshot.enabled = false (custom)
2019-09-25 04:44:41,506 [pool-119-thread-1] INFO  impl.RaftServerImpl (ServerState.java:<init>(103)) - 501e761e-a7a2-4fbd-b2cb-ccb733f61c47@group-80D42DB64689: ConfigurationManager, init=-1: [4a6eb500-5cbf-400b-b677-1633421db4a2:192.168.36.126:41453, 501e761e-a7a2-4fbd-b2cb-ccb733f61c47:192.168.36.126:43187, 20057af8-ad38-476a-8ab5-e2c30549d271:192.168.36.126:45594], old=null, confs=<EMPTY_MAP>
2019-09-25 04:44:41,507 [pool-119-thread-1] INFO  server.RaftServerConfigKeys (ConfUtils.java:logGet(43)) - raft.server.storage.dir = [/workdir/hadoop-ozone/integration-test/target/test-dir/MiniOzoneClusterImpl-35769ac5-a4ef-4df9-86f1-fb87f256fef7/datanode-0/data/ratis] (custom)
2019-09-25 04:44:41,507 [pool-119-thread-1] INFO  storage.RaftStorageDirectory (RaftStorageDirectory.java:analyzeStorage(246)) - The storage directory /workdir/hadoop-ozone/integration-test/target/test-dir/MiniOzoneClusterImpl-35769ac5-a4ef-4df9-86f1-fb87f256fef7/datanode-0/data/ratis/fd089765-8088-464a-b4a9-80d42db64689 does not exist. Creating ...
2019-09-25 04:44:41,856 [pool-119-thread-1] INFO  storage.RaftStorageDirectory (RaftStorageDirectory.java:tryLock(328)) - Lock on /workdir/hadoop-ozone/integration-test/target/test-dir/MiniOzoneClusterImpl-35769ac5-a4ef-4df9-86f1-fb87f256fef7/datanode-0/data/ratis/fd089765-8088-464a-b4a9-80d42db64689/in_use.lock acquired by nodename 15566@pr-hdds-2174-pqx5g-486351168
2019-09-25 04:44:41,856 [pool-169-thread-1] INFO  storage.RaftStorage (RaftStorage.java:format(72)) - Storage directory /workdir/hadoop-ozone/integration-test/target/test-dir/MiniOzoneClusterImpl-35769ac5-a4ef-4df9-86f1-fb87f256fef7/datanode-5/data/ratis/fd089765-8088-464a-b4a9-80d42db64689 has been successfully formatted.
2019-09-25 04:44:41,856 [pool-129-thread-1] INFO  storage.RaftStorage (RaftStorage.java:format(72)) - Storage directory /workdir/hadoop-ozone/integration-test/target/test-dir/MiniOzoneClusterImpl-35769ac5-a4ef-4df9-86f1-fb87f256fef7/datanode-1/data/ratis/cdfc50f5-a2f8-4422-ad0d-ce735ee107e7 has been successfully formatted.
2019-09-25 04:44:41,857 [pool-169-thread-1] INFO  ratis.ContainerStateMachine (ContainerStateMachine.java:loadSnapshot(230)) - group-80D42DB64689: The snapshot info is null. Setting the last applied indexto:(t:0, i:~)
2019-09-25 04:44:41,857 [pool-129-thread-1] INFO  ratis.ContainerStateMachine (ContainerStateMachine.java:loadSnapshot(230)) - group-CE735EE107E7: The snapshot info is null. Setting the last applied indexto:(t:0, i:~)
2019-09-25 04:44:41,857 [pool-169-thread-1] INFO  server.RaftServerConfigKeys (ConfUtils.java:logGet(43)) - raft.server.notification.no-leader.timeout = 120s (custom)
2019-09-25 04:44:41,857 [pool-129-thread-1] INFO  server.RaftServerConfigKeys (ConfUtils.java:logGet(43)) - raft.server.notification.no-leader.timeout = 120s (custom)
2019-09-25 04:44:41,857 [pool-169-thread-1] INFO  server.RaftServerConfigKeys (ConfUtils.java:logGet(43)) - raft.server.log.use.memory = false (default)
2019-09-25 04:44:41,858 [pool-129-thread-1] INFO  server.RaftServerConfigKeys (ConfUtils.java:logGet(43)) - raft.server.log.use.memory = false (default)
2019-09-25 04:44:41,858 [pool-169-thread-1] INFO  server.RaftServerConfigKeys (ConfUtils.java:logGet(43)) - raft.server.log.purge.gap = 1000000 (custom)
2019-09-25 04:44:41,858 [pool-129-thread-1] INFO  server.RaftServerConfigKeys (ConfUtils.java:logGet(43)) - raft.server.log.purge.gap = 1000000 (custom)
2019-09-25 04:44:41,858 [pool-169-thread-1] INFO  server.RaftServerConfigKeys (ConfUtils.java:logGet(43)) - raft.server.log.appender.buffer.byte-limit = 33554432 (custom)
2019-09-25 04:44:41,858 [pool-129-thread-1] INFO  server.RaftServerConfigKeys (ConfUtils.java:logGet(43)) - raft.server.log.appender.buffer.byte-limit = 33554432 (custom)
2019-09-25 04:44:41,858 [pool-169-thread-1] INFO  server.RaftServerConfigKeys (ConfUtils.java:logGet(43)) - raft.server.log.segment.size.max = 1048576 (custom)
2019-09-25 04:44:41,858 [pool-129-thread-1] INFO  server.RaftServerConfigKeys (ConfUtils.java:logGet(43)) - raft.server.log.segment.size.max = 1048576 (custom)
2019-09-25 04:44:41,859 [pool-169-thread-1] INFO  server.RaftServerConfigKeys (ConfUtils.java:logGet(43)) - raft.server.log.segment.cache.num.max = 2 (custom)
2019-09-25 04:44:41,859 [pool-129-thread-1] INFO  server.RaftServerConfigKeys (ConfUtils.java:logGet(43)) - raft.server.log.segment.cache.num.max = 2 (custom)
2019-09-25 04:44:41,859 [pool-169-thread-1] INFO  segmented.SegmentedRaftLogWorker (SegmentedRaftLogWorker.java:<init>(172)) - new 20057af8-ad38-476a-8ab5-e2c30549d271@group-80D42DB64689-SegmentedRaftLogWorker for RaftStorage:Storage Directory /workdir/hadoop-ozone/integration-test/target/test-dir/MiniOzoneClusterImpl-35769ac5-a4ef-4df9-86f1-fb87f256fef7/datanode-5/data/ratis/fd089765-8088-464a-b4a9-80d42db64689
2019-09-25 04:44:41,859 [pool-129-thread-1] INFO  segmented.SegmentedRaftLogWorker (SegmentedRaftLogWorker.java:<init>(172)) - new 4a6eb500-5cbf-400b-b677-1633421db4a2@group-CE735EE107E7-SegmentedRaftLogWorker for RaftStorage:Storage Directory /workdir/hadoop-ozone/integration-test/target/test-dir/MiniOzoneClusterImpl-35769ac5-a4ef-4df9-86f1-fb87f256fef7/datanode-1/data/ratis/cdfc50f5-a2f8-4422-ad0d-ce735ee107e7
2019-09-25 04:44:41,859 [pool-169-thread-1] INFO  server.RaftServerConfigKeys (ConfUtils.java:logGet(43)) - raft.server.log.queue.byte-limit = 2147483647 (custom)
2019-09-25 04:44:41,859 [pool-129-thread-1] INFO  server.RaftServerConfigKeys (ConfUtils.java:logGet(43)) - raft.server.log.queue.byte-limit = 2147483647 (custom)
2019-09-25 04:44:41,860 [pool-169-thread-1] INFO  server.RaftServerConfigKeys (ConfUtils.java:logGet(43)) - raft.server.log.queue.element-limit = 1024 (custom)
2019-09-25 04:44:41,860 [pool-129-thread-1] INFO  server.RaftServerConfigKeys (ConfUtils.java:logGet(43)) - raft.server.log.queue.element-limit = 1024 (custom)
2019-09-25 04:44:41,860 [pool-169-thread-1] INFO  server.RaftServerConfigKeys (ConfUtils.java:logGet(43)) - raft.server.log.segment.size.max = 1048576 (custom)
2019-09-25 04:44:41,860 [pool-129-thread-1] INFO  server.RaftServerConfigKeys (ConfUtils.java:logGet(43)) - raft.server.log.segment.size.max = 1048576 (custom)
2019-09-25 04:44:41,860 [pool-169-thread-1] INFO  server.RaftServerConfigKeys (ConfUtils.java:logGet(43)) - raft.server.log.preallocated.size = 16384 (custom)
2019-09-25 04:44:41,860 [pool-129-thread-1] INFO  server.RaftServerConfigKeys (ConfUtils.java:logGet(43)) - raft.server.log.preallocated.size = 16384 (custom)
2019-09-25 04:44:41,860 [pool-169-thread-1] INFO  server.RaftServerConfigKeys (ConfUtils.java:logGet(43)) - raft.server.log.write.buffer.size = 33554432 (custom)
2019-09-25 04:44:41,861 [pool-129-thread-1] INFO  server.RaftServerConfigKeys (ConfUtils.java:logGet(43)) - raft.server.log.write.buffer.size = 33554432 (custom)
2019-09-25 04:44:41,861 [pool-169-thread-1] INFO  server.RaftServerConfigKeys (ConfUtils.java:logGet(43)) - raft.server.log.force.sync.num = 128 (default)
2019-09-25 04:44:41,861 [pool-129-thread-1] INFO  server.RaftServerConfigKeys (ConfUtils.java:logGet(43)) - raft.server.log.force.sync.num = 128 (default)
2019-09-25 04:44:41,861 [pool-169-thread-1] INFO  server.RaftServerConfigKeys (ConfUtils.java:logGet(43)) - raft.server.log.statemachine.data.sync = true (default)
2019-09-25 04:44:41,861 [pool-129-thread-1] INFO  server.RaftServerConfigKeys (ConfUtils.java:logGet(43)) - raft.server.log.statemachine.data.sync = true (default)
2019-09-25 04:44:41,861 [pool-169-thread-1] INFO  server.RaftServerConfigKeys (ConfUtils.java:logGet(43)) - raft.server.log.statemachine.data.sync.timeout = 10s (default)
2019-09-25 04:44:41,861 [pool-129-thread-1] INFO  server.RaftServerConfigKeys (ConfUtils.java:logGet(43)) - raft.server.log.statemachine.data.sync.timeout = 10s (default)
2019-09-25 04:44:41,862 [pool-169-thread-1] INFO  server.RaftServerConfigKeys (ConfUtils.java:logGet(43)) - raft.server.log.statemachine.data.sync.timeout.retry = -1 (default)
2019-09-25 04:44:41,862 [pool-129-thread-1] INFO  server.RaftServerConfigKeys (ConfUtils.java:logGet(43)) - raft.server.log.statemachine.data.sync.timeout.retry = -1 (default)
2019-09-25 04:44:41,862 [pool-169-thread-1] INFO  server.RaftServerConfigKeys (ConfUtils.java:logGet(43)) - raft.server.log.statemachine.data.caching.enabled = true (custom)
2019-09-25 04:44:41,862 [pool-129-thread-1] INFO  server.RaftServerConfigKeys (ConfUtils.java:logGet(43)) - raft.server.log.statemachine.data.caching.enabled = true (custom)
2019-09-25 04:44:41,862 [pool-169-thread-1] INFO  segmented.SegmentedRaftLogWorker (SegmentedRaftLogWorker.java:lambda$new$0(132)) - 20057af8-ad38-476a-8ab5-e2c30549d271@group-80D42DB64689-SegmentedRaftLogWorker: flushIndex: setUnconditionally 0 -> -1
2019-09-25 04:44:41,863 [pool-129-thread-1] INFO  segmented.SegmentedRaftLogWorker (SegmentedRaftLogWorker.java:lambda$new$0(132)) - 4a6eb500-5cbf-400b-b677-1633421db4a2@group-CE735EE107E7-SegmentedRaftLogWorker: flushIndex: setUnconditionally 0 -> -1
2019-09-25 04:44:41,863 [pool-169-thread-1] INFO  server.RaftServerConfigKeys (ConfUtils.java:logGet(43)) - raft.server.snapshot.auto.trigger.enabled = true (custom)
2019-09-25 04:44:41,863 [pool-129-thread-1] INFO  server.RaftServerConfigKeys (ConfUtils.java:logGet(43)) - raft.server.snapshot.auto.trigger.enabled = true (custom)
2019-09-25 04:44:41,863 [pool-169-thread-1] INFO  server.RaftServerConfigKeys (ConfUtils.java:logGet(43)) - raft.server.snapshot.auto.trigger.threshold = 10000 (custom)
2019-09-25 04:44:41,863 [pool-129-thread-1] INFO  server.RaftServerConfigKeys (ConfUtils.java:logGet(43)) - raft.server.snapshot.auto.trigger.threshold = 10000 (custom)
2019-09-25 04:44:41,863 [pool-169-thread-1] INFO  server.RaftServerConfigKeys (ConfUtils.java:logGet(43)) - raft.server.snapshot.retention.num.files = 5 (custom)
2019-09-25 04:44:41,864 [pool-129-thread-1] INFO  server.RaftServerConfigKeys (ConfUtils.java:logGet(43)) - raft.server.snapshot.retention.num.files = 5 (custom)
2019-09-25 04:44:41,864 [pool-169-thread-1] INFO  server.RaftServerConfigKeys (ConfUtils.java:logGet(43)) - raft.server.retrycache.expirytime = 600000ms (custom)
2019-09-25 04:44:41,864 [pool-129-thread-1] INFO  server.RaftServerConfigKeys (ConfUtils.java:logGet(43)) - raft.server.retrycache.expirytime = 600000ms (custom)
2019-09-25 04:44:41,869 [pool-169-thread-1] INFO  impl.RaftServerImpl (RaftServerImpl.java:<init>(95)) - 20057af8-ad38-476a-8ab5-e2c30549d271: new RaftServerImpl for group-440F611E4189:[4a6eb500-5cbf-400b-b677-1633421db4a2:192.168.36.126:41453, 501e761e-a7a2-4fbd-b2cb-ccb733f61c47:192.168.36.126:43187, 20057af8-ad38-476a-8ab5-e2c30549d271:192.168.36.126:45594] with ContainerStateMachine:uninitialized
2019-09-25 04:44:41,869 [pool-169-thread-1] INFO  server.RaftServerConfigKeys (ConfUtils.java:logGet(43)) - raft.server.rpc.timeout.min = 5s (custom)
2019-09-25 04:44:41,869 [pool-169-thread-1] INFO  server.RaftServerConfigKeys (ConfUtils.java:logGet(43)) - raft.server.rpc.timeout.max = 5200ms (custom)
2019-09-25 04:44:41,869 [pool-169-thread-1] INFO  server.RaftServerConfigKeys (ConfUtils.java:logGet(43)) - raft.server.rpcslowness.timeout = 120s (custom)
2019-09-25 04:44:41,870 [pool-129-thread-1] INFO  impl.RaftServerImpl (RaftServerImpl.java:<init>(95)) - 4a6eb500-5cbf-400b-b677-1633421db4a2: new RaftServerImpl for group-80D42DB64689:[4a6eb500-5cbf-400b-b677-1633421db4a2:192.168.36.126:41453, 501e761e-a7a2-4fbd-b2cb-ccb733f61c47:192.168.36.126:43187, 20057af8-ad38-476a-8ab5-e2c30549d271:192.168.36.126:45594] with ContainerStateMachine:uninitialized
2019-09-25 04:44:41,870 [pool-169-thread-1] INFO  server.RaftServerConfigKeys (ConfUtils.java:logGet(43)) - raft.server.sleep.deviation.threshold = 300 (default)
2019-09-25 04:44:41,870 [pool-129-thread-1] INFO  server.RaftServerConfigKeys (ConfUtils.java:logGet(43)) - raft.server.rpc.timeout.min = 5s (custom)
2019-09-25 04:44:41,870 [pool-169-thread-1] INFO  server.RaftServerConfigKeys (ConfUtils.java:logGet(43)) - raft.server.log.appender.install.snapshot.enabled = false (custom)
2019-09-25 04:44:41,870 [pool-129-thread-1] INFO  server.RaftServerConfigKeys (ConfUtils.java:logGet(43)) - raft.server.rpc.timeout.max = 5200ms (custom)
2019-09-25 04:44:41,870 [pool-169-thread-1] INFO  impl.RaftServerImpl (ServerState.java:<init>(103)) - 20057af8-ad38-476a-8ab5-e2c30549d271@group-440F611E4189: ConfigurationManager, init=-1: [4a6eb500-5cbf-400b-b677-1633421db4a2:192.168.36.126:41453, 501e761e-a7a2-4fbd-b2cb-ccb733f61c47:192.168.36.126:43187, 20057af8-ad38-476a-8ab5-e2c30549d271:192.168.36.126:45594], old=null, confs=<EMPTY_MAP>
2019-09-25 04:44:41,870 [pool-129-thread-1] INFO  server.RaftServerConfigKeys (ConfUtils.java:logGet(43)) - raft.server.rpcslowness.timeout = 120s (custom)
2019-09-25 04:44:41,871 [pool-169-thread-1] INFO  server.RaftServerConfigKeys (ConfUtils.java:logGet(43)) - raft.server.storage.dir = [/workdir/hadoop-ozone/integration-test/target/test-dir/MiniOzoneClusterImpl-35769ac5-a4ef-4df9-86f1-fb87f256fef7/datanode-5/data/ratis] (custom)
2019-09-25 04:44:41,871 [pool-129-thread-1] INFO  server.RaftServerConfigKeys (ConfUtils.java:logGet(43)) - raft.server.sleep.deviation.threshold = 300 (default)
2019-09-25 04:44:41,871 [pool-129-thread-1] INFO  server.RaftServerConfigKeys (ConfUtils.java:logGet(43)) - raft.server.log.appender.install.snapshot.enabled = false (custom)
2019-09-25 04:44:41,871 [pool-129-thread-1] INFO  impl.RaftServerImpl (ServerState.java:<init>(103)) - 4a6eb500-5cbf-400b-b677-1633421db4a2@group-80D42DB64689: ConfigurationManager, init=-1: [4a6eb500-5cbf-400b-b677-1633421db4a2:192.168.36.126:41453, 501e761e-a7a2-4fbd-b2cb-ccb733f61c47:192.168.36.126:43187, 20057af8-ad38-476a-8ab5-e2c30549d271:192.168.36.126:45594], old=null, confs=<EMPTY_MAP>
2019-09-25 04:44:41,871 [pool-169-thread-1] INFO  storage.RaftStorageDirectory (RaftStorageDirectory.java:analyzeStorage(246)) - The storage directory /workdir/hadoop-ozone/integration-test/target/test-dir/MiniOzoneClusterImpl-35769ac5-a4ef-4df9-86f1-fb87f256fef7/datanode-5/data/ratis/ab8180fa-7b56-4fd6-96a7-440f611e4189 does not exist. Creating ...
2019-09-25 04:44:41,871 [pool-129-thread-1] INFO  server.RaftServerConfigKeys (ConfUtils.java:logGet(43)) - raft.server.storage.dir = [/workdir/hadoop-ozone/integration-test/target/test-dir/MiniOzoneClusterImpl-35769ac5-a4ef-4df9-86f1-fb87f256fef7/datanode-1/data/ratis] (custom)
2019-09-25 04:44:41,872 [pool-129-thread-1] INFO  storage.RaftStorageDirectory (RaftStorageDirectory.java:analyzeStorage(246)) - The storage directory /workdir/hadoop-ozone/integration-test/target/test-dir/MiniOzoneClusterImpl-35769ac5-a4ef-4df9-86f1-fb87f256fef7/datanode-1/data/ratis/fd089765-8088-464a-b4a9-80d42db64689 does not exist. Creating ...
2019-09-25 04:44:42,263 [pool-169-thread-1] INFO  storage.RaftStorageDirectory (RaftStorageDirectory.java:tryLock(328)) - Lock on /workdir/hadoop-ozone/integration-test/target/test-dir/MiniOzoneClusterImpl-35769ac5-a4ef-4df9-86f1-fb87f256fef7/datanode-5/data/ratis/ab8180fa-7b56-4fd6-96a7-440f611e4189/in_use.lock acquired by nodename 15566@pr-hdds-2174-pqx5g-486351168
2019-09-25 04:44:42,263 [pool-119-thread-1] INFO  storage.RaftStorage (RaftStorage.java:format(72)) - Storage directory /workdir/hadoop-ozone/integration-test/target/test-dir/MiniOzoneClusterImpl-35769ac5-a4ef-4df9-86f1-fb87f256fef7/datanode-0/data/ratis/fd089765-8088-464a-b4a9-80d42db64689 has been successfully formatted.
2019-09-25 04:44:42,263 [pool-129-thread-1] INFO  storage.RaftStorageDirectory (RaftStorageDirectory.java:tryLock(328)) - Lock on /workdir/hadoop-ozone/integration-test/target/test-dir/MiniOzoneClusterImpl-35769ac5-a4ef-4df9-86f1-fb87f256fef7/datanode-1/data/ratis/fd089765-8088-464a-b4a9-80d42db64689/in_use.lock acquired by nodename 15566@pr-hdds-2174-pqx5g-486351168
2019-09-25 04:44:42,264 [pool-119-thread-1] INFO  ratis.ContainerStateMachine (ContainerStateMachine.java:loadSnapshot(230)) - group-80D42DB64689: The snapshot info is null. Setting the last applied indexto:(t:0, i:~)
2019-09-25 04:44:42,264 [pool-119-thread-1] INFO  server.RaftServerConfigKeys (ConfUtils.java:logGet(43)) - raft.server.notification.no-leader.timeout = 120s (custom)
2019-09-25 04:44:42,264 [pool-119-thread-1] INFO  server.RaftServerConfigKeys (ConfUtils.java:logGet(43)) - raft.server.log.use.memory = false (default)
2019-09-25 04:44:42,264 [pool-119-thread-1] INFO  server.RaftServerConfigKeys (ConfUtils.java:logGet(43)) - raft.server.log.purge.gap = 1000000 (custom)
2019-09-25 04:44:42,265 [pool-119-thread-1] INFO  server.RaftServerConfigKeys (ConfUtils.java:logGet(43)) - raft.server.log.appender.buffer.byte-limit = 33554432 (custom)
2019-09-25 04:44:42,265 [pool-119-thread-1] INFO  server.RaftServerConfigKeys (ConfUtils.java:logGet(43)) - raft.server.log.segment.size.max = 1048576 (custom)
2019-09-25 04:44:42,265 [pool-119-thread-1] INFO  server.RaftServerConfigKeys (ConfUtils.java:logGet(43)) - raft.server.log.segment.cache.num.max = 2 (custom)
2019-09-25 04:44:42,265 [pool-119-thread-1] INFO  segmented.SegmentedRaftLogWorker (SegmentedRaftLogWorker.java:<init>(172)) - new 501e761e-a7a2-4fbd-b2cb-ccb733f61c47@group-80D42DB64689-SegmentedRaftLogWorker for RaftStorage:Storage Directory /workdir/hadoop-ozone/integration-test/target/test-dir/MiniOzoneClusterImpl-35769ac5-a4ef-4df9-86f1-fb87f256fef7/datanode-0/data/ratis/fd089765-8088-464a-b4a9-80d42db64689
2019-09-25 04:44:42,265 [pool-119-thread-1] INFO  server.RaftServerConfigKeys (ConfUtils.java:logGet(43)) - raft.server.log.queue.byte-limit = 2147483647 (custom)
2019-09-25 04:44:42,266 [pool-119-thread-1] INFO  server.RaftServerConfigKeys (ConfUtils.java:logGet(43)) - raft.server.log.queue.element-limit = 1024 (custom)
2019-09-25 04:44:42,266 [pool-119-thread-1] INFO  server.RaftServerConfigKeys (ConfUtils.java:logGet(43)) - raft.server.log.segment.size.max = 1048576 (custom)
2019-09-25 04:44:42,266 [pool-119-thread-1] INFO  server.RaftServerConfigKeys (ConfUtils.java:logGet(43)) - raft.server.log.preallocated.size = 16384 (custom)
2019-09-25 04:44:42,266 [pool-119-thread-1] INFO  server.RaftServerConfigKeys (ConfUtils.java:logGet(43)) - raft.server.log.write.buffer.size = 33554432 (custom)
2019-09-25 04:44:42,266 [pool-119-thread-1] INFO  server.RaftServerConfigKeys (ConfUtils.java:logGet(43)) - raft.server.log.force.sync.num = 128 (default)
2019-09-25 04:44:42,266 [pool-119-thread-1] INFO  server.RaftServerConfigKeys (ConfUtils.java:logGet(43)) - raft.server.log.statemachine.data.sync = true (default)
2019-09-25 04:44:42,266 [pool-119-thread-1] INFO  server.RaftServerConfigKeys (ConfUtils.java:logGet(43)) - raft.server.log.statemachine.data.sync.timeout = 10s (default)
2019-09-25 04:44:42,267 [pool-119-thread-1] INFO  server.RaftServerConfigKeys (ConfUtils.java:logGet(43)) - raft.server.log.statemachine.data.sync.timeout.retry = -1 (default)
2019-09-25 04:44:42,267 [pool-119-thread-1] INFO  server.RaftServerConfigKeys (ConfUtils.java:logGet(43)) - raft.server.log.statemachine.data.caching.enabled = true (custom)
2019-09-25 04:44:42,267 [pool-119-thread-1] INFO  segmented.SegmentedRaftLogWorker (SegmentedRaftLogWorker.java:lambda$new$0(132)) - 501e761e-a7a2-4fbd-b2cb-ccb733f61c47@group-80D42DB64689-SegmentedRaftLogWorker: flushIndex: setUnconditionally 0 -> -1
2019-09-25 04:44:42,267 [pool-119-thread-1] INFO  server.RaftServerConfigKeys (ConfUtils.java:logGet(43)) - raft.server.snapshot.auto.trigger.enabled = true (custom)
2019-09-25 04:44:42,267 [pool-119-thread-1] INFO  server.RaftServerConfigKeys (ConfUtils.java:logGet(43)) - raft.server.snapshot.auto.trigger.threshold = 10000 (custom)
2019-09-25 04:44:42,268 [pool-119-thread-1] INFO  server.RaftServerConfigKeys (ConfUtils.java:logGet(43)) - raft.server.snapshot.retention.num.files = 5 (custom)
2019-09-25 04:44:42,268 [pool-119-thread-1] INFO  server.RaftServerConfigKeys (ConfUtils.java:logGet(43)) - raft.server.retrycache.expirytime = 600000ms (custom)
2019-09-25 04:44:42,270 [pool-119-thread-1] INFO  impl.RaftServerImpl (RaftServerImpl.java:start(185)) - 501e761e-a7a2-4fbd-b2cb-ccb733f61c47@group-5E2D46E32BAE: start as a follower, conf=-1: [501e761e-a7a2-4fbd-b2cb-ccb733f61c47:192.168.36.126:43187], old=null
2019-09-25 04:44:42,270 [pool-119-thread-1] INFO  impl.RaftServerImpl (RaftServerImpl.java:setRole(174)) - 501e761e-a7a2-4fbd-b2cb-ccb733f61c47@group-5E2D46E32BAE: changes role from      null to FOLLOWER at term 0 for startAsFollower
2019-09-25 04:44:42,270 [pool-119-thread-1] INFO  impl.RoleInfo (RoleInfo.java:updateAndGet(143)) - 501e761e-a7a2-4fbd-b2cb-ccb733f61c47: start FollowerState
2019-09-25 04:44:42,271 [pool-119-thread-1] INFO  util.JmxRegister (JmxRegister.java:tryRegister(44)) - Successfully registered JMX Bean with object name Ratis:service=RaftServer,group=group-5E2D46E32BAE,id=501e761e-a7a2-4fbd-b2cb-ccb733f61c47
2019-09-25 04:44:42,272 [pool-119-thread-1] INFO  impl.RaftServerImpl (RaftServerImpl.java:<init>(95)) - 501e761e-a7a2-4fbd-b2cb-ccb733f61c47: new RaftServerImpl for group-440F611E4189:[4a6eb500-5cbf-400b-b677-1633421db4a2:192.168.36.126:41453, 501e761e-a7a2-4fbd-b2cb-ccb733f61c47:192.168.36.126:43187, 20057af8-ad38-476a-8ab5-e2c30549d271:192.168.36.126:45594] with ContainerStateMachine:uninitialized
2019-09-25 04:44:42,272 [pool-119-thread-1] INFO  server.RaftServerConfigKeys (ConfUtils.java:logGet(43)) - raft.server.rpc.timeout.min = 5s (custom)
2019-09-25 04:44:42,272 [pool-119-thread-1] INFO  server.RaftServerConfigKeys (ConfUtils.java:logGet(43)) - raft.server.rpc.timeout.max = 5200ms (custom)
2019-09-25 04:44:42,272 [pool-119-thread-1] INFO  server.RaftServerConfigKeys (ConfUtils.java:logGet(43)) - raft.server.rpcslowness.timeout = 120s (custom)
2019-09-25 04:44:42,273 [pool-119-thread-1] INFO  server.RaftServerConfigKeys (ConfUtils.java:logGet(43)) - raft.server.sleep.deviation.threshold = 300 (default)
2019-09-25 04:44:42,273 [pool-119-thread-1] INFO  server.RaftServerConfigKeys (ConfUtils.java:logGet(43)) - raft.server.log.appender.install.snapshot.enabled = false (custom)
2019-09-25 04:44:42,273 [pool-119-thread-1] INFO  impl.RaftServerImpl (ServerState.java:<init>(103)) - 501e761e-a7a2-4fbd-b2cb-ccb733f61c47@group-440F611E4189: ConfigurationManager, init=-1: [4a6eb500-5cbf-400b-b677-1633421db4a2:192.168.36.126:41453, 501e761e-a7a2-4fbd-b2cb-ccb733f61c47:192.168.36.126:43187, 20057af8-ad38-476a-8ab5-e2c30549d271:192.168.36.126:45594], old=null, confs=<EMPTY_MAP>
2019-09-25 04:44:42,273 [pool-119-thread-1] INFO  server.RaftServerConfigKeys (ConfUtils.java:logGet(43)) - raft.server.storage.dir = [/workdir/hadoop-ozone/integration-test/target/test-dir/MiniOzoneClusterImpl-35769ac5-a4ef-4df9-86f1-fb87f256fef7/datanode-0/data/ratis] (custom)
2019-09-25 04:44:42,273 [pool-119-thread-1] INFO  storage.RaftStorageDirectory (RaftStorageDirectory.java:analyzeStorage(246)) - The storage directory /workdir/hadoop-ozone/integration-test/target/test-dir/MiniOzoneClusterImpl-35769ac5-a4ef-4df9-86f1-fb87f256fef7/datanode-0/data/ratis/ab8180fa-7b56-4fd6-96a7-440f611e4189 does not exist. Creating ...
2019-09-25 04:44:42,491 [pool-119-thread-1] INFO  storage.RaftStorageDirectory (RaftStorageDirectory.java:tryLock(328)) - Lock on /workdir/hadoop-ozone/integration-test/target/test-dir/MiniOzoneClusterImpl-35769ac5-a4ef-4df9-86f1-fb87f256fef7/datanode-0/data/ratis/ab8180fa-7b56-4fd6-96a7-440f611e4189/in_use.lock acquired by nodename 15566@pr-hdds-2174-pqx5g-486351168
2019-09-25 04:44:42,491 [pool-129-thread-1] INFO  storage.RaftStorage (RaftStorage.java:format(72)) - Storage directory /workdir/hadoop-ozone/integration-test/target/test-dir/MiniOzoneClusterImpl-35769ac5-a4ef-4df9-86f1-fb87f256fef7/datanode-1/data/ratis/fd089765-8088-464a-b4a9-80d42db64689 has been successfully formatted.
2019-09-25 04:44:42,491 [pool-169-thread-1] INFO  storage.RaftStorage (RaftStorage.java:format(72)) - Storage directory /workdir/hadoop-ozone/integration-test/target/test-dir/MiniOzoneClusterImpl-35769ac5-a4ef-4df9-86f1-fb87f256fef7/datanode-5/data/ratis/ab8180fa-7b56-4fd6-96a7-440f611e4189 has been successfully formatted.
2019-09-25 04:44:42,491 [pool-129-thread-1] INFO  ratis.ContainerStateMachine (ContainerStateMachine.java:loadSnapshot(230)) - group-80D42DB64689: The snapshot info is null. Setting the last applied indexto:(t:0, i:~)
2019-09-25 04:44:42,492 [pool-169-thread-1] INFO  ratis.ContainerStateMachine (ContainerStateMachine.java:loadSnapshot(230)) - group-440F611E4189: The snapshot info is null. Setting the last applied indexto:(t:0, i:~)
2019-09-25 04:44:42,492 [pool-129-thread-1] INFO  server.RaftServerConfigKeys (ConfUtils.java:logGet(43)) - raft.server.notification.no-leader.timeout = 120s (custom)
2019-09-25 04:44:42,492 [pool-169-thread-1] INFO  server.RaftServerConfigKeys (ConfUtils.java:logGet(43)) - raft.server.notification.no-leader.timeout = 120s (custom)
2019-09-25 04:44:42,492 [pool-129-thread-1] INFO  server.RaftServerConfigKeys (ConfUtils.java:logGet(43)) - raft.server.log.use.memory = false (default)
2019-09-25 04:44:42,492 [pool-169-thread-1] INFO  server.RaftServerConfigKeys (ConfUtils.java:logGet(43)) - raft.server.log.use.memory = false (default)
2019-09-25 04:44:42,492 [pool-129-thread-1] INFO  server.RaftServerConfigKeys (ConfUtils.java:logGet(43)) - raft.server.log.purge.gap = 1000000 (custom)
2019-09-25 04:44:42,493 [pool-169-thread-1] INFO  server.RaftServerConfigKeys (ConfUtils.java:logGet(43)) - raft.server.log.purge.gap = 1000000 (custom)
2019-09-25 04:44:42,493 [pool-129-thread-1] INFO  server.RaftServerConfigKeys (ConfUtils.java:logGet(43)) - raft.server.log.appender.buffer.byte-limit = 33554432 (custom)
2019-09-25 04:44:42,493 [pool-169-thread-1] INFO  server.RaftServerConfigKeys (ConfUtils.java:logGet(43)) - raft.server.log.appender.buffer.byte-limit = 33554432 (custom)
2019-09-25 04:44:42,493 [pool-129-thread-1] INFO  server.RaftServerConfigKeys (ConfUtils.java:logGet(43)) - raft.server.log.segment.size.max = 1048576 (custom)
2019-09-25 04:44:42,493 [pool-169-thread-1] INFO  server.RaftServerConfigKeys (ConfUtils.java:logGet(43)) - raft.server.log.segment.size.max = 1048576 (custom)
2019-09-25 04:44:42,493 [pool-129-thread-1] INFO  server.RaftServerConfigKeys (ConfUtils.java:logGet(43)) - raft.server.log.segment.cache.num.max = 2 (custom)
2019-09-25 04:44:42,494 [pool-169-thread-1] INFO  server.RaftServerConfigKeys (ConfUtils.java:logGet(43)) - raft.server.log.segment.cache.num.max = 2 (custom)
2019-09-25 04:44:42,494 [pool-129-thread-1] INFO  segmented.SegmentedRaftLogWorker (SegmentedRaftLogWorker.java:<init>(172)) - new 4a6eb500-5cbf-400b-b677-1633421db4a2@group-80D42DB64689-SegmentedRaftLogWorker for RaftStorage:Storage Directory /workdir/hadoop-ozone/integration-test/target/test-dir/MiniOzoneClusterImpl-35769ac5-a4ef-4df9-86f1-fb87f256fef7/datanode-1/data/ratis/fd089765-8088-464a-b4a9-80d42db64689
2019-09-25 04:44:42,494 [pool-169-thread-1] INFO  segmented.SegmentedRaftLogWorker (SegmentedRaftLogWorker.java:<init>(172)) - new 20057af8-ad38-476a-8ab5-e2c30549d271@group-440F611E4189-SegmentedRaftLogWorker for RaftStorage:Storage Directory /workdir/hadoop-ozone/integration-test/target/test-dir/MiniOzoneClusterImpl-35769ac5-a4ef-4df9-86f1-fb87f256fef7/datanode-5/data/ratis/ab8180fa-7b56-4fd6-96a7-440f611e4189
2019-09-25 04:44:42,494 [pool-129-thread-1] INFO  server.RaftServerConfigKeys (ConfUtils.java:logGet(43)) - raft.server.log.queue.byte-limit = 2147483647 (custom)
2019-09-25 04:44:42,494 [pool-169-thread-1] INFO  server.RaftServerConfigKeys (ConfUtils.java:logGet(43)) - raft.server.log.queue.byte-limit = 2147483647 (custom)
2019-09-25 04:44:42,494 [pool-129-thread-1] INFO  server.RaftServerConfigKeys (ConfUtils.java:logGet(43)) - raft.server.log.queue.element-limit = 1024 (custom)
2019-09-25 04:44:42,495 [pool-169-thread-1] INFO  server.RaftServerConfigKeys (ConfUtils.java:logGet(43)) - raft.server.log.queue.element-limit = 1024 (custom)
2019-09-25 04:44:42,495 [pool-129-thread-1] INFO  server.RaftServerConfigKeys (ConfUtils.java:logGet(43)) - raft.server.log.segment.size.max = 1048576 (custom)
2019-09-25 04:44:42,495 [pool-169-thread-1] INFO  server.RaftServerConfigKeys (ConfUtils.java:logGet(43)) - raft.server.log.segment.size.max = 1048576 (custom)
2019-09-25 04:44:42,495 [pool-129-thread-1] INFO  server.RaftServerConfigKeys (ConfUtils.java:logGet(43)) - raft.server.log.preallocated.size = 16384 (custom)
2019-09-25 04:44:42,495 [pool-169-thread-1] INFO  server.RaftServerConfigKeys (ConfUtils.java:logGet(43)) - raft.server.log.preallocated.size = 16384 (custom)
2019-09-25 04:44:42,496 [pool-129-thread-1] INFO  server.RaftServerConfigKeys (ConfUtils.java:logGet(43)) - raft.server.log.write.buffer.size = 33554432 (custom)
2019-09-25 04:44:42,496 [pool-169-thread-1] INFO  server.RaftServerConfigKeys (ConfUtils.java:logGet(43)) - raft.server.log.write.buffer.size = 33554432 (custom)
2019-09-25 04:44:42,496 [pool-129-thread-1] INFO  server.RaftServerConfigKeys (ConfUtils.java:logGet(43)) - raft.server.log.force.sync.num = 128 (default)
2019-09-25 04:44:42,496 [pool-169-thread-1] INFO  server.RaftServerConfigKeys (ConfUtils.java:logGet(43)) - raft.server.log.force.sync.num = 128 (default)
2019-09-25 04:44:42,496 [pool-129-thread-1] INFO  server.RaftServerConfigKeys (ConfUtils.java:logGet(43)) - raft.server.log.statemachine.data.sync = true (default)
2019-09-25 04:44:42,496 [pool-169-thread-1] INFO  server.RaftServerConfigKeys (ConfUtils.java:logGet(43)) - raft.server.log.statemachine.data.sync = true (default)
2019-09-25 04:44:42,497 [pool-129-thread-1] INFO  server.RaftServerConfigKeys (ConfUtils.java:logGet(43)) - raft.server.log.statemachine.data.sync.timeout = 10s (default)
2019-09-25 04:44:42,497 [pool-169-thread-1] INFO  server.RaftServerConfigKeys (ConfUtils.java:logGet(43)) - raft.server.log.statemachine.data.sync.timeout = 10s (default)
2019-09-25 04:44:42,497 [pool-129-thread-1] INFO  server.RaftServerConfigKeys (ConfUtils.java:logGet(43)) - raft.server.log.statemachine.data.sync.timeout.retry = -1 (default)
2019-09-25 04:44:42,497 [pool-169-thread-1] INFO  server.RaftServerConfigKeys (ConfUtils.java:logGet(43)) - raft.server.log.statemachine.data.sync.timeout.retry = -1 (default)
2019-09-25 04:44:42,497 [pool-129-thread-1] INFO  server.RaftServerConfigKeys (ConfUtils.java:logGet(43)) - raft.server.log.statemachine.data.caching.enabled = true (custom)
2019-09-25 04:44:42,498 [pool-169-thread-1] INFO  server.RaftServerConfigKeys (ConfUtils.java:logGet(43)) - raft.server.log.statemachine.data.caching.enabled = true (custom)
2019-09-25 04:44:42,498 [pool-129-thread-1] INFO  segmented.SegmentedRaftLogWorker (SegmentedRaftLogWorker.java:lambda$new$0(132)) - 4a6eb500-5cbf-400b-b677-1633421db4a2@group-80D42DB64689-SegmentedRaftLogWorker: flushIndex: setUnconditionally 0 -> -1
2019-09-25 04:44:42,498 [pool-169-thread-1] INFO  segmented.SegmentedRaftLogWorker (SegmentedRaftLogWorker.java:lambda$new$0(132)) - 20057af8-ad38-476a-8ab5-e2c30549d271@group-440F611E4189-SegmentedRaftLogWorker: flushIndex: setUnconditionally 0 -> -1
2019-09-25 04:44:42,498 [pool-129-thread-1] INFO  server.RaftServerConfigKeys (ConfUtils.java:logGet(43)) - raft.server.snapshot.auto.trigger.enabled = true (custom)
2019-09-25 04:44:42,499 [pool-129-thread-1] INFO  server.RaftServerConfigKeys (ConfUtils.java:logGet(43)) - raft.server.snapshot.auto.trigger.threshold = 10000 (custom)
2019-09-25 04:44:42,499 [pool-169-thread-1] INFO  server.RaftServerConfigKeys (ConfUtils.java:logGet(43)) - raft.server.snapshot.auto.trigger.enabled = true (custom)
2019-09-25 04:44:42,499 [pool-129-thread-1] INFO  server.RaftServerConfigKeys (ConfUtils.java:logGet(43)) - raft.server.snapshot.retention.num.files = 5 (custom)
2019-09-25 04:44:42,499 [pool-169-thread-1] INFO  server.RaftServerConfigKeys (ConfUtils.java:logGet(43)) - raft.server.snapshot.auto.trigger.threshold = 10000 (custom)
2019-09-25 04:44:42,499 [pool-129-thread-1] INFO  server.RaftServerConfigKeys (ConfUtils.java:logGet(43)) - raft.server.retrycache.expirytime = 600000ms (custom)
2019-09-25 04:44:42,499 [pool-169-thread-1] INFO  server.RaftServerConfigKeys (ConfUtils.java:logGet(43)) - raft.server.snapshot.retention.num.files = 5 (custom)
2019-09-25 04:44:42,500 [pool-169-thread-1] INFO  server.RaftServerConfigKeys (ConfUtils.java:logGet(43)) - raft.server.retrycache.expirytime = 600000ms (custom)
2019-09-25 04:44:42,504 [pool-169-thread-1] INFO  impl.RaftServerImpl (RaftServerImpl.java:start(185)) - 20057af8-ad38-476a-8ab5-e2c30549d271@group-D717B926E0E9: start as a follower, conf=-1: [4a6eb500-5cbf-400b-b677-1633421db4a2:192.168.36.126:41453, 501e761e-a7a2-4fbd-b2cb-ccb733f61c47:192.168.36.126:43187, 20057af8-ad38-476a-8ab5-e2c30549d271:192.168.36.126:45594], old=null
2019-09-25 04:44:42,504 [pool-169-thread-1] INFO  impl.RaftServerImpl (RaftServerImpl.java:setRole(174)) - 20057af8-ad38-476a-8ab5-e2c30549d271@group-D717B926E0E9: changes role from      null to FOLLOWER at term 0 for startAsFollower
2019-09-25 04:44:42,504 [pool-169-thread-1] INFO  impl.RoleInfo (RoleInfo.java:updateAndGet(143)) - 20057af8-ad38-476a-8ab5-e2c30549d271: start FollowerState
2019-09-25 04:44:42,504 [pool-169-thread-1] INFO  util.JmxRegister (JmxRegister.java:tryRegister(44)) - Successfully registered JMX Bean with object name Ratis:service=RaftServer,group=group-D717B926E0E9,id=20057af8-ad38-476a-8ab5-e2c30549d271
2019-09-25 04:44:42,506 [pool-129-thread-1] INFO  impl.RaftServerImpl (RaftServerImpl.java:<init>(95)) - 4a6eb500-5cbf-400b-b677-1633421db4a2: new RaftServerImpl for group-440F611E4189:[4a6eb500-5cbf-400b-b677-1633421db4a2:192.168.36.126:41453, 501e761e-a7a2-4fbd-b2cb-ccb733f61c47:192.168.36.126:43187, 20057af8-ad38-476a-8ab5-e2c30549d271:192.168.36.126:45594] with ContainerStateMachine:uninitialized
2019-09-25 04:44:42,506 [pool-129-thread-1] INFO  server.RaftServerConfigKeys (ConfUtils.java:logGet(43)) - raft.server.rpc.timeout.min = 5s (custom)
2019-09-25 04:44:42,507 [pool-129-thread-1] INFO  server.RaftServerConfigKeys (ConfUtils.java:logGet(43)) - raft.server.rpc.timeout.max = 5200ms (custom)
2019-09-25 04:44:42,507 [pool-129-thread-1] INFO  server.RaftServerConfigKeys (ConfUtils.java:logGet(43)) - raft.server.rpcslowness.timeout = 120s (custom)
2019-09-25 04:44:42,507 [pool-169-thread-1] INFO  impl.RaftServerImpl (RaftServerImpl.java:<init>(95)) - 20057af8-ad38-476a-8ab5-e2c30549d271: new RaftServerImpl for group-88AFA1C08B7F:[4a6eb500-5cbf-400b-b677-1633421db4a2:192.168.36.126:41453, 501e761e-a7a2-4fbd-b2cb-ccb733f61c47:192.168.36.126:43187, 20057af8-ad38-476a-8ab5-e2c30549d271:192.168.36.126:45594] with ContainerStateMachine:uninitialized
2019-09-25 04:44:42,507 [pool-129-thread-1] INFO  server.RaftServerConfigKeys (ConfUtils.java:logGet(43)) - raft.server.sleep.deviation.threshold = 300 (default)
2019-09-25 04:44:42,507 [pool-169-thread-1] INFO  server.RaftServerConfigKeys (ConfUtils.java:logGet(43)) - raft.server.rpc.timeout.min = 5s (custom)
2019-09-25 04:44:42,507 [pool-129-thread-1] INFO  server.RaftServerConfigKeys (ConfUtils.java:logGet(43)) - raft.server.log.appender.install.snapshot.enabled = false (custom)
2019-09-25 04:44:42,507 [pool-169-thread-1] INFO  server.RaftServerConfigKeys (ConfUtils.java:logGet(43)) - raft.server.rpc.timeout.max = 5200ms (custom)
2019-09-25 04:44:42,508 [pool-129-thread-1] INFO  impl.RaftServerImpl (ServerState.java:<init>(103)) - 4a6eb500-5cbf-400b-b677-1633421db4a2@group-440F611E4189: ConfigurationManager, init=-1: [4a6eb500-5cbf-400b-b677-1633421db4a2:192.168.36.126:41453, 501e761e-a7a2-4fbd-b2cb-ccb733f61c47:192.168.36.126:43187, 20057af8-ad38-476a-8ab5-e2c30549d271:192.168.36.126:45594], old=null, confs=<EMPTY_MAP>
2019-09-25 04:44:42,508 [pool-169-thread-1] INFO  server.RaftServerConfigKeys (ConfUtils.java:logGet(43)) - raft.server.rpcslowness.timeout = 120s (custom)
2019-09-25 04:44:42,508 [pool-129-thread-1] INFO  server.RaftServerConfigKeys (ConfUtils.java:logGet(43)) - raft.server.storage.dir = [/workdir/hadoop-ozone/integration-test/target/test-dir/MiniOzoneClusterImpl-35769ac5-a4ef-4df9-86f1-fb87f256fef7/datanode-1/data/ratis] (custom)
2019-09-25 04:44:42,508 [pool-169-thread-1] INFO  server.RaftServerConfigKeys (ConfUtils.java:logGet(43)) - raft.server.sleep.deviation.threshold = 300 (default)
2019-09-25 04:44:42,508 [pool-169-thread-1] INFO  server.RaftServerConfigKeys (ConfUtils.java:logGet(43)) - raft.server.log.appender.install.snapshot.enabled = false (custom)
2019-09-25 04:44:42,508 [pool-169-thread-1] INFO  impl.RaftServerImpl (ServerState.java:<init>(103)) - 20057af8-ad38-476a-8ab5-e2c30549d271@group-88AFA1C08B7F: ConfigurationManager, init=-1: [4a6eb500-5cbf-400b-b677-1633421db4a2:192.168.36.126:41453, 501e761e-a7a2-4fbd-b2cb-ccb733f61c47:192.168.36.126:43187, 20057af8-ad38-476a-8ab5-e2c30549d271:192.168.36.126:45594], old=null, confs=<EMPTY_MAP>
2019-09-25 04:44:42,508 [pool-129-thread-1] INFO  storage.RaftStorageDirectory (RaftStorageDirectory.java:analyzeStorage(246)) - The storage directory /workdir/hadoop-ozone/integration-test/target/test-dir/MiniOzoneClusterImpl-35769ac5-a4ef-4df9-86f1-fb87f256fef7/datanode-1/data/ratis/ab8180fa-7b56-4fd6-96a7-440f611e4189 does not exist. Creating ...
2019-09-25 04:44:42,509 [pool-169-thread-1] INFO  server.RaftServerConfigKeys (ConfUtils.java:logGet(43)) - raft.server.storage.dir = [/workdir/hadoop-ozone/integration-test/target/test-dir/MiniOzoneClusterImpl-35769ac5-a4ef-4df9-86f1-fb87f256fef7/datanode-5/data/ratis] (custom)
2019-09-25 04:44:42,509 [pool-169-thread-1] INFO  storage.RaftStorageDirectory (RaftStorageDirectory.java:analyzeStorage(246)) - The storage directory /workdir/hadoop-ozone/integration-test/target/test-dir/MiniOzoneClusterImpl-35769ac5-a4ef-4df9-86f1-fb87f256fef7/datanode-5/data/ratis/75219495-4434-4a84-853e-88afa1c08b7f does not exist. Creating ...
2019-09-25 04:44:42,843 [pool-129-thread-1] INFO  storage.RaftStorageDirectory (RaftStorageDirectory.java:tryLock(328)) - Lock on /workdir/hadoop-ozone/integration-test/target/test-dir/MiniOzoneClusterImpl-35769ac5-a4ef-4df9-86f1-fb87f256fef7/datanode-1/data/ratis/ab8180fa-7b56-4fd6-96a7-440f611e4189/in_use.lock acquired by nodename 15566@pr-hdds-2174-pqx5g-486351168
2019-09-25 04:44:42,843 [pool-119-thread-1] INFO  storage.RaftStorage (RaftStorage.java:format(72)) - Storage directory /workdir/hadoop-ozone/integration-test/target/test-dir/MiniOzoneClusterImpl-35769ac5-a4ef-4df9-86f1-fb87f256fef7/datanode-0/data/ratis/ab8180fa-7b56-4fd6-96a7-440f611e4189 has been successfully formatted.
2019-09-25 04:44:42,843 [pool-169-thread-1] INFO  storage.RaftStorageDirectory (RaftStorageDirectory.java:tryLock(328)) - Lock on /workdir/hadoop-ozone/integration-test/target/test-dir/MiniOzoneClusterImpl-35769ac5-a4ef-4df9-86f1-fb87f256fef7/datanode-5/data/ratis/75219495-4434-4a84-853e-88afa1c08b7f/in_use.lock acquired by nodename 15566@pr-hdds-2174-pqx5g-486351168
2019-09-25 04:44:42,844 [pool-119-thread-1] INFO  ratis.ContainerStateMachine (ContainerStateMachine.java:loadSnapshot(230)) - group-440F611E4189: The snapshot info is null. Setting the last applied indexto:(t:0, i:~)
2019-09-25 04:44:42,844 [pool-119-thread-1] INFO  server.RaftServerConfigKeys (ConfUtils.java:logGet(43)) - raft.server.notification.no-leader.timeout = 120s (custom)
2019-09-25 04:44:42,844 [pool-119-thread-1] INFO  server.RaftServerConfigKeys (ConfUtils.java:logGet(43)) - raft.server.log.use.memory = false (default)
2019-09-25 04:44:42,844 [pool-119-thread-1] INFO  server.RaftServerConfigKeys (ConfUtils.java:logGet(43)) - raft.server.log.purge.gap = 1000000 (custom)
2019-09-25 04:44:42,844 [pool-119-thread-1] INFO  server.RaftServerConfigKeys (ConfUtils.java:logGet(43)) - raft.server.log.appender.buffer.byte-limit = 33554432 (custom)
2019-09-25 04:44:42,845 [pool-119-thread-1] INFO  server.RaftServerConfigKeys (ConfUtils.java:logGet(43)) - raft.server.log.segment.size.max = 1048576 (custom)
2019-09-25 04:44:42,845 [pool-119-thread-1] INFO  server.RaftServerConfigKeys (ConfUtils.java:logGet(43)) - raft.server.log.segment.cache.num.max = 2 (custom)
2019-09-25 04:44:42,845 [pool-119-thread-1] INFO  segmented.SegmentedRaftLogWorker (SegmentedRaftLogWorker.java:<init>(172)) - new 501e761e-a7a2-4fbd-b2cb-ccb733f61c47@group-440F611E4189-SegmentedRaftLogWorker for RaftStorage:Storage Directory /workdir/hadoop-ozone/integration-test/target/test-dir/MiniOzoneClusterImpl-35769ac5-a4ef-4df9-86f1-fb87f256fef7/datanode-0/data/ratis/ab8180fa-7b56-4fd6-96a7-440f611e4189
2019-09-25 04:44:42,845 [pool-119-thread-1] INFO  server.RaftServerConfigKeys (ConfUtils.java:logGet(43)) - raft.server.log.queue.byte-limit = 2147483647 (custom)
2019-09-25 04:44:42,845 [pool-119-thread-1] INFO  server.RaftServerConfigKeys (ConfUtils.java:logGet(43)) - raft.server.log.queue.element-limit = 1024 (custom)
2019-09-25 04:44:42,846 [pool-119-thread-1] INFO  server.RaftServerConfigKeys (ConfUtils.java:logGet(43)) - raft.server.log.segment.size.max = 1048576 (custom)
2019-09-25 04:44:42,846 [pool-119-thread-1] INFO  server.RaftServerConfigKeys (ConfUtils.java:logGet(43)) - raft.server.log.preallocated.size = 16384 (custom)
2019-09-25 04:44:42,846 [pool-119-thread-1] INFO  server.RaftServerConfigKeys (ConfUtils.java:logGet(43)) - raft.server.log.write.buffer.size = 33554432 (custom)
2019-09-25 04:44:42,846 [pool-119-thread-1] INFO  server.RaftServerConfigKeys (ConfUtils.java:logGet(43)) - raft.server.log.force.sync.num = 128 (default)
2019-09-25 04:44:42,846 [pool-119-thread-1] INFO  server.RaftServerConfigKeys (ConfUtils.java:logGet(43)) - raft.server.log.statemachine.data.sync = true (default)
2019-09-25 04:44:42,846 [pool-119-thread-1] INFO  server.RaftServerConfigKeys (ConfUtils.java:logGet(43)) - raft.server.log.statemachine.data.sync.timeout = 10s (default)
2019-09-25 04:44:42,847 [pool-119-thread-1] INFO  server.RaftServerConfigKeys (ConfUtils.java:logGet(43)) - raft.server.log.statemachine.data.sync.timeout.retry = -1 (default)
2019-09-25 04:44:42,847 [pool-119-thread-1] INFO  server.RaftServerConfigKeys (ConfUtils.java:logGet(43)) - raft.server.log.statemachine.data.caching.enabled = true (custom)
2019-09-25 04:44:42,847 [pool-119-thread-1] INFO  segmented.SegmentedRaftLogWorker (SegmentedRaftLogWorker.java:lambda$new$0(132)) - 501e761e-a7a2-4fbd-b2cb-ccb733f61c47@group-440F611E4189-SegmentedRaftLogWorker: flushIndex: setUnconditionally 0 -> -1
2019-09-25 04:44:42,848 [pool-119-thread-1] INFO  server.RaftServerConfigKeys (ConfUtils.java:logGet(43)) - raft.server.snapshot.auto.trigger.enabled = true (custom)
2019-09-25 04:44:42,848 [pool-119-thread-1] INFO  server.RaftServerConfigKeys (ConfUtils.java:logGet(43)) - raft.server.snapshot.auto.trigger.threshold = 10000 (custom)
2019-09-25 04:44:42,848 [pool-119-thread-1] INFO  server.RaftServerConfigKeys (ConfUtils.java:logGet(43)) - raft.server.snapshot.retention.num.files = 5 (custom)
2019-09-25 04:44:42,848 [pool-119-thread-1] INFO  server.RaftServerConfigKeys (ConfUtils.java:logGet(43)) - raft.server.retrycache.expirytime = 600000ms (custom)
2019-09-25 04:44:42,852 [pool-119-thread-1] INFO  impl.RaftServerImpl (RaftServerImpl.java:<init>(95)) - 501e761e-a7a2-4fbd-b2cb-ccb733f61c47: new RaftServerImpl for group-88AFA1C08B7F:[4a6eb500-5cbf-400b-b677-1633421db4a2:192.168.36.126:41453, 501e761e-a7a2-4fbd-b2cb-ccb733f61c47:192.168.36.126:43187, 20057af8-ad38-476a-8ab5-e2c30549d271:192.168.36.126:45594] with ContainerStateMachine:uninitialized
2019-09-25 04:44:42,853 [pool-119-thread-1] INFO  server.RaftServerConfigKeys (ConfUtils.java:logGet(43)) - raft.server.rpc.timeout.min = 5s (custom)
2019-09-25 04:44:42,853 [pool-119-thread-1] INFO  server.RaftServerConfigKeys (ConfUtils.java:logGet(43)) - raft.server.rpc.timeout.max = 5200ms (custom)
2019-09-25 04:44:42,853 [pool-119-thread-1] INFO  server.RaftServerConfigKeys (ConfUtils.java:logGet(43)) - raft.server.rpcslowness.timeout = 120s (custom)
2019-09-25 04:44:42,853 [pool-119-thread-1] INFO  server.RaftServerConfigKeys (ConfUtils.java:logGet(43)) - raft.server.sleep.deviation.threshold = 300 (default)
2019-09-25 04:44:42,853 [pool-119-thread-1] INFO  server.RaftServerConfigKeys (ConfUtils.java:logGet(43)) - raft.server.log.appender.install.snapshot.enabled = false (custom)
2019-09-25 04:44:42,853 [pool-119-thread-1] INFO  impl.RaftServerImpl (ServerState.java:<init>(103)) - 501e761e-a7a2-4fbd-b2cb-ccb733f61c47@group-88AFA1C08B7F: ConfigurationManager, init=-1: [4a6eb500-5cbf-400b-b677-1633421db4a2:192.168.36.126:41453, 501e761e-a7a2-4fbd-b2cb-ccb733f61c47:192.168.36.126:43187, 20057af8-ad38-476a-8ab5-e2c30549d271:192.168.36.126:45594], old=null, confs=<EMPTY_MAP>
2019-09-25 04:44:42,854 [pool-119-thread-1] INFO  server.RaftServerConfigKeys (ConfUtils.java:logGet(43)) - raft.server.storage.dir = [/workdir/hadoop-ozone/integration-test/target/test-dir/MiniOzoneClusterImpl-35769ac5-a4ef-4df9-86f1-fb87f256fef7/datanode-0/data/ratis] (custom)
2019-09-25 04:44:42,854 [pool-119-thread-1] INFO  storage.RaftStorageDirectory (RaftStorageDirectory.java:analyzeStorage(246)) - The storage directory /workdir/hadoop-ozone/integration-test/target/test-dir/MiniOzoneClusterImpl-35769ac5-a4ef-4df9-86f1-fb87f256fef7/datanode-0/data/ratis/75219495-4434-4a84-853e-88afa1c08b7f does not exist. Creating ...
2019-09-25 04:44:43,126 [pool-119-thread-1] INFO  storage.RaftStorageDirectory (RaftStorageDirectory.java:tryLock(328)) - Lock on /workdir/hadoop-ozone/integration-test/target/test-dir/MiniOzoneClusterImpl-35769ac5-a4ef-4df9-86f1-fb87f256fef7/datanode-0/data/ratis/75219495-4434-4a84-853e-88afa1c08b7f/in_use.lock acquired by nodename 15566@pr-hdds-2174-pqx5g-486351168
2019-09-25 04:44:43,126 [pool-169-thread-1] INFO  storage.RaftStorage (RaftStorage.java:format(72)) - Storage directory /workdir/hadoop-ozone/integration-test/target/test-dir/MiniOzoneClusterImpl-35769ac5-a4ef-4df9-86f1-fb87f256fef7/datanode-5/data/ratis/75219495-4434-4a84-853e-88afa1c08b7f has been successfully formatted.
2019-09-25 04:44:43,126 [pool-129-thread-1] INFO  storage.RaftStorage (RaftStorage.java:format(72)) - Storage directory /workdir/hadoop-ozone/integration-test/target/test-dir/MiniOzoneClusterImpl-35769ac5-a4ef-4df9-86f1-fb87f256fef7/datanode-1/data/ratis/ab8180fa-7b56-4fd6-96a7-440f611e4189 has been successfully formatted.
2019-09-25 04:44:43,126 [pool-129-thread-1] INFO  ratis.ContainerStateMachine (ContainerStateMachine.java:loadSnapshot(230)) - group-440F611E4189: The snapshot info is null. Setting the last applied indexto:(t:0, i:~)
2019-09-25 04:44:43,127 [pool-129-thread-1] INFO  server.RaftServerConfigKeys (ConfUtils.java:logGet(43)) - raft.server.notification.no-leader.timeout = 120s (custom)
2019-09-25 04:44:43,127 [pool-129-thread-1] INFO  server.RaftServerConfigKeys (ConfUtils.java:logGet(43)) - raft.server.log.use.memory = false (default)
2019-09-25 04:44:43,127 [pool-129-thread-1] INFO  server.RaftServerConfigKeys (ConfUtils.java:logGet(43)) - raft.server.log.purge.gap = 1000000 (custom)
2019-09-25 04:44:43,127 [pool-169-thread-1] INFO  ratis.ContainerStateMachine (ContainerStateMachine.java:loadSnapshot(230)) - group-88AFA1C08B7F: The snapshot info is null. Setting the last applied indexto:(t:0, i:~)
2019-09-25 04:44:43,127 [pool-129-thread-1] INFO  server.RaftServerConfigKeys (ConfUtils.java:logGet(43)) - raft.server.log.appender.buffer.byte-limit = 33554432 (custom)
2019-09-25 04:44:43,127 [pool-169-thread-1] INFO  server.RaftServerConfigKeys (ConfUtils.java:logGet(43)) - raft.server.notification.no-leader.timeout = 120s (custom)
2019-09-25 04:44:43,127 [pool-129-thread-1] INFO  server.RaftServerConfigKeys (ConfUtils.java:logGet(43)) - raft.server.log.segment.size.max = 1048576 (custom)
2019-09-25 04:44:43,127 [pool-169-thread-1] INFO  server.RaftServerConfigKeys (ConfUtils.java:logGet(43)) - raft.server.log.use.memory = false (default)
2019-09-25 04:44:43,127 [pool-129-thread-1] INFO  server.RaftServerConfigKeys (ConfUtils.java:logGet(43)) - raft.server.log.segment.cache.num.max = 2 (custom)
2019-09-25 04:44:43,127 [pool-169-thread-1] INFO  server.RaftServerConfigKeys (ConfUtils.java:logGet(43)) - raft.server.log.purge.gap = 1000000 (custom)
2019-09-25 04:44:43,128 [pool-129-thread-1] INFO  segmented.SegmentedRaftLogWorker (SegmentedRaftLogWorker.java:<init>(172)) - new 4a6eb500-5cbf-400b-b677-1633421db4a2@group-440F611E4189-SegmentedRaftLogWorker for RaftStorage:Storage Directory /workdir/hadoop-ozone/integration-test/target/test-dir/MiniOzoneClusterImpl-35769ac5-a4ef-4df9-86f1-fb87f256fef7/datanode-1/data/ratis/ab8180fa-7b56-4fd6-96a7-440f611e4189
2019-09-25 04:44:43,128 [pool-169-thread-1] INFO  server.RaftServerConfigKeys (ConfUtils.java:logGet(43)) - raft.server.log.appender.buffer.byte-limit = 33554432 (custom)
2019-09-25 04:44:43,128 [pool-129-thread-1] INFO  server.RaftServerConfigKeys (ConfUtils.java:logGet(43)) - raft.server.log.queue.byte-limit = 2147483647 (custom)
2019-09-25 04:44:43,128 [pool-169-thread-1] INFO  server.RaftServerConfigKeys (ConfUtils.java:logGet(43)) - raft.server.log.segment.size.max = 1048576 (custom)
2019-09-25 04:44:43,128 [pool-129-thread-1] INFO  server.RaftServerConfigKeys (ConfUtils.java:logGet(43)) - raft.server.log.queue.element-limit = 1024 (custom)
2019-09-25 04:44:43,128 [pool-169-thread-1] INFO  server.RaftServerConfigKeys (ConfUtils.java:logGet(43)) - raft.server.log.segment.cache.num.max = 2 (custom)
2019-09-25 04:44:43,128 [pool-129-thread-1] INFO  server.RaftServerConfigKeys (ConfUtils.java:logGet(43)) - raft.server.log.segment.size.max = 1048576 (custom)
2019-09-25 04:44:43,128 [pool-169-thread-1] INFO  segmented.SegmentedRaftLogWorker (SegmentedRaftLogWorker.java:<init>(172)) - new 20057af8-ad38-476a-8ab5-e2c30549d271@group-88AFA1C08B7F-SegmentedRaftLogWorker for RaftStorage:Storage Directory /workdir/hadoop-ozone/integration-test/target/test-dir/MiniOzoneClusterImpl-35769ac5-a4ef-4df9-86f1-fb87f256fef7/datanode-5/data/ratis/75219495-4434-4a84-853e-88afa1c08b7f
2019-09-25 04:44:43,128 [pool-129-thread-1] INFO  server.RaftServerConfigKeys (ConfUtils.java:logGet(43)) - raft.server.log.preallocated.size = 16384 (custom)
2019-09-25 04:44:43,129 [pool-169-thread-1] INFO  server.RaftServerConfigKeys (ConfUtils.java:logGet(43)) - raft.server.log.queue.byte-limit = 2147483647 (custom)
2019-09-25 04:44:43,129 [pool-129-thread-1] INFO  server.RaftServerConfigKeys (ConfUtils.java:logGet(43)) - raft.server.log.write.buffer.size = 33554432 (custom)
2019-09-25 04:44:43,129 [pool-169-thread-1] INFO  server.RaftServerConfigKeys (ConfUtils.java:logGet(43)) - raft.server.log.queue.element-limit = 1024 (custom)
2019-09-25 04:44:43,129 [pool-129-thread-1] INFO  server.RaftServerConfigKeys (ConfUtils.java:logGet(43)) - raft.server.log.force.sync.num = 128 (default)
2019-09-25 04:44:43,129 [pool-169-thread-1] INFO  server.RaftServerConfigKeys (ConfUtils.java:logGet(43)) - raft.server.log.segment.size.max = 1048576 (custom)
2019-09-25 04:44:43,129 [pool-129-thread-1] INFO  server.RaftServerConfigKeys (ConfUtils.java:logGet(43)) - raft.server.log.statemachine.data.sync = true (default)
2019-09-25 04:44:43,129 [pool-169-thread-1] INFO  server.RaftServerConfigKeys (ConfUtils.java:logGet(43)) - raft.server.log.preallocated.size = 16384 (custom)
2019-09-25 04:44:43,130 [pool-129-thread-1] INFO  server.RaftServerConfigKeys (ConfUtils.java:logGet(43)) - raft.server.log.statemachine.data.sync.timeout = 10s (default)
2019-09-25 04:44:43,130 [pool-169-thread-1] INFO  server.RaftServerConfigKeys (ConfUtils.java:logGet(43)) - raft.server.log.write.buffer.size = 33554432 (custom)
2019-09-25 04:44:43,130 [pool-129-thread-1] INFO  server.RaftServerConfigKeys (ConfUtils.java:logGet(43)) - raft.server.log.statemachine.data.sync.timeout.retry = -1 (default)
2019-09-25 04:44:43,130 [pool-169-thread-1] INFO  server.RaftServerConfigKeys (ConfUtils.java:logGet(43)) - raft.server.log.force.sync.num = 128 (default)
2019-09-25 04:44:43,130 [pool-129-thread-1] INFO  server.RaftServerConfigKeys (ConfUtils.java:logGet(43)) - raft.server.log.statemachine.data.caching.enabled = true (custom)
2019-09-25 04:44:43,130 [pool-169-thread-1] INFO  server.RaftServerConfigKeys (ConfUtils.java:logGet(43)) - raft.server.log.statemachine.data.sync = true (default)
2019-09-25 04:44:43,130 [pool-169-thread-1] INFO  server.RaftServerConfigKeys (ConfUtils.java:logGet(43)) - raft.server.log.statemachine.data.sync.timeout = 10s (default)
2019-09-25 04:44:43,131 [pool-169-thread-1] INFO  server.RaftServerConfigKeys (ConfUtils.java:logGet(43)) - raft.server.log.statemachine.data.sync.timeout.retry = -1 (default)
2019-09-25 04:44:43,131 [pool-129-thread-1] INFO  segmented.SegmentedRaftLogWorker (SegmentedRaftLogWorker.java:lambda$new$0(132)) - 4a6eb500-5cbf-400b-b677-1633421db4a2@group-440F611E4189-SegmentedRaftLogWorker: flushIndex: setUnconditionally 0 -> -1
2019-09-25 04:44:43,131 [pool-169-thread-1] INFO  server.RaftServerConfigKeys (ConfUtils.java:logGet(43)) - raft.server.log.statemachine.data.caching.enabled = true (custom)
2019-09-25 04:44:43,131 [pool-169-thread-1] INFO  segmented.SegmentedRaftLogWorker (SegmentedRaftLogWorker.java:lambda$new$0(132)) - 20057af8-ad38-476a-8ab5-e2c30549d271@group-88AFA1C08B7F-SegmentedRaftLogWorker: flushIndex: setUnconditionally 0 -> -1
2019-09-25 04:44:43,131 [pool-129-thread-1] INFO  server.RaftServerConfigKeys (ConfUtils.java:logGet(43)) - raft.server.snapshot.auto.trigger.enabled = true (custom)
2019-09-25 04:44:43,131 [pool-169-thread-1] INFO  server.RaftServerConfigKeys (ConfUtils.java:logGet(43)) - raft.server.snapshot.auto.trigger.enabled = true (custom)
2019-09-25 04:44:43,131 [pool-129-thread-1] INFO  server.RaftServerConfigKeys (ConfUtils.java:logGet(43)) - raft.server.snapshot.auto.trigger.threshold = 10000 (custom)
2019-09-25 04:44:43,131 [pool-169-thread-1] INFO  server.RaftServerConfigKeys (ConfUtils.java:logGet(43)) - raft.server.snapshot.auto.trigger.threshold = 10000 (custom)
2019-09-25 04:44:43,132 [pool-129-thread-1] INFO  server.RaftServerConfigKeys (ConfUtils.java:logGet(43)) - raft.server.snapshot.retention.num.files = 5 (custom)
2019-09-25 04:44:43,132 [pool-169-thread-1] INFO  server.RaftServerConfigKeys (ConfUtils.java:logGet(43)) - raft.server.snapshot.retention.num.files = 5 (custom)
2019-09-25 04:44:43,132 [pool-129-thread-1] INFO  server.RaftServerConfigKeys (ConfUtils.java:logGet(43)) - raft.server.retrycache.expirytime = 600000ms (custom)
2019-09-25 04:44:43,132 [pool-169-thread-1] INFO  server.RaftServerConfigKeys (ConfUtils.java:logGet(43)) - raft.server.retrycache.expirytime = 600000ms (custom)
2019-09-25 04:44:43,135 [pool-169-thread-1] INFO  impl.RaftServerImpl (RaftServerImpl.java:start(185)) - 20057af8-ad38-476a-8ab5-e2c30549d271@group-80D42DB64689: start as a follower, conf=-1: [4a6eb500-5cbf-400b-b677-1633421db4a2:192.168.36.126:41453, 501e761e-a7a2-4fbd-b2cb-ccb733f61c47:192.168.36.126:43187, 20057af8-ad38-476a-8ab5-e2c30549d271:192.168.36.126:45594], old=null
2019-09-25 04:44:43,135 [pool-169-thread-1] INFO  impl.RaftServerImpl (RaftServerImpl.java:setRole(174)) - 20057af8-ad38-476a-8ab5-e2c30549d271@group-80D42DB64689: changes role from      null to FOLLOWER at term 0 for startAsFollower
2019-09-25 04:44:43,136 [pool-169-thread-1] INFO  impl.RoleInfo (RoleInfo.java:updateAndGet(143)) - 20057af8-ad38-476a-8ab5-e2c30549d271: start FollowerState
2019-09-25 04:44:43,136 [pool-129-thread-1] INFO  impl.RaftServerImpl (RaftServerImpl.java:start(185)) - 4a6eb500-5cbf-400b-b677-1633421db4a2@group-D717B926E0E9: start as a follower, conf=-1: [4a6eb500-5cbf-400b-b677-1633421db4a2:192.168.36.126:41453, 501e761e-a7a2-4fbd-b2cb-ccb733f61c47:192.168.36.126:43187, 20057af8-ad38-476a-8ab5-e2c30549d271:192.168.36.126:45594], old=null
2019-09-25 04:44:43,136 [pool-129-thread-1] INFO  impl.RaftServerImpl (RaftServerImpl.java:setRole(174)) - 4a6eb500-5cbf-400b-b677-1633421db4a2@group-D717B926E0E9: changes role from      null to FOLLOWER at term 0 for startAsFollower
2019-09-25 04:44:43,136 [pool-169-thread-1] INFO  util.JmxRegister (JmxRegister.java:tryRegister(44)) - Successfully registered JMX Bean with object name Ratis:service=RaftServer,group=group-80D42DB64689,id=20057af8-ad38-476a-8ab5-e2c30549d271
2019-09-25 04:44:43,136 [pool-129-thread-1] INFO  impl.RoleInfo (RoleInfo.java:updateAndGet(143)) - 4a6eb500-5cbf-400b-b677-1633421db4a2: start FollowerState
2019-09-25 04:44:43,137 [pool-129-thread-1] INFO  util.JmxRegister (JmxRegister.java:tryRegister(44)) - Successfully registered JMX Bean with object name Ratis:service=RaftServer,group=group-D717B926E0E9,id=4a6eb500-5cbf-400b-b677-1633421db4a2
2019-09-25 04:44:43,137 [pool-169-thread-1] INFO  impl.RaftServerImpl (RaftServerImpl.java:start(185)) - 20057af8-ad38-476a-8ab5-e2c30549d271@group-440F611E4189: start as a follower, conf=-1: [4a6eb500-5cbf-400b-b677-1633421db4a2:192.168.36.126:41453, 501e761e-a7a2-4fbd-b2cb-ccb733f61c47:192.168.36.126:43187, 20057af8-ad38-476a-8ab5-e2c30549d271:192.168.36.126:45594], old=null
2019-09-25 04:44:43,137 [pool-169-thread-1] INFO  impl.RaftServerImpl (RaftServerImpl.java:setRole(174)) - 20057af8-ad38-476a-8ab5-e2c30549d271@group-440F611E4189: changes role from      null to FOLLOWER at term 0 for startAsFollower
2019-09-25 04:44:43,137 [pool-169-thread-1] INFO  impl.RoleInfo (RoleInfo.java:updateAndGet(143)) - 20057af8-ad38-476a-8ab5-e2c30549d271: start FollowerState
2019-09-25 04:44:43,137 [pool-169-thread-1] INFO  util.JmxRegister (JmxRegister.java:tryRegister(44)) - Successfully registered JMX Bean with object name Ratis:service=RaftServer,group=group-440F611E4189,id=20057af8-ad38-476a-8ab5-e2c30549d271
2019-09-25 04:44:43,138 [pool-169-thread-1] INFO  impl.RaftServerImpl (RaftServerImpl.java:start(185)) - 20057af8-ad38-476a-8ab5-e2c30549d271@group-88AFA1C08B7F: start as a follower, conf=-1: [4a6eb500-5cbf-400b-b677-1633421db4a2:192.168.36.126:41453, 501e761e-a7a2-4fbd-b2cb-ccb733f61c47:192.168.36.126:43187, 20057af8-ad38-476a-8ab5-e2c30549d271:192.168.36.126:45594], old=null
2019-09-25 04:44:43,138 [pool-169-thread-1] INFO  impl.RaftServerImpl (RaftServerImpl.java:setRole(174)) - 20057af8-ad38-476a-8ab5-e2c30549d271@group-88AFA1C08B7F: changes role from      null to FOLLOWER at term 0 for startAsFollower
2019-09-25 04:44:43,138 [pool-169-thread-1] INFO  impl.RoleInfo (RoleInfo.java:updateAndGet(143)) - 20057af8-ad38-476a-8ab5-e2c30549d271: start FollowerState
2019-09-25 04:44:43,138 [pool-169-thread-1] INFO  util.JmxRegister (JmxRegister.java:tryRegister(44)) - Successfully registered JMX Bean with object name Ratis:service=RaftServer,group=group-88AFA1C08B7F,id=20057af8-ad38-476a-8ab5-e2c30549d271
2019-09-25 04:44:43,139 [pool-129-thread-1] INFO  impl.RaftServerImpl (RaftServerImpl.java:<init>(95)) - 4a6eb500-5cbf-400b-b677-1633421db4a2: new RaftServerImpl for group-88AFA1C08B7F:[4a6eb500-5cbf-400b-b677-1633421db4a2:192.168.36.126:41453, 501e761e-a7a2-4fbd-b2cb-ccb733f61c47:192.168.36.126:43187, 20057af8-ad38-476a-8ab5-e2c30549d271:192.168.36.126:45594] with ContainerStateMachine:uninitialized
2019-09-25 04:44:43,139 [pool-129-thread-1] INFO  server.RaftServerConfigKeys (ConfUtils.java:logGet(43)) - raft.server.rpc.timeout.min = 5s (custom)
2019-09-25 04:44:43,140 [pool-129-thread-1] INFO  server.RaftServerConfigKeys (ConfUtils.java:logGet(43)) - raft.server.rpc.timeout.max = 5200ms (custom)
2019-09-25 04:44:43,140 [pool-129-thread-1] INFO  server.RaftServerConfigKeys (ConfUtils.java:logGet(43)) - raft.server.rpcslowness.timeout = 120s (custom)
2019-09-25 04:44:43,140 [pool-129-thread-1] INFO  server.RaftServerConfigKeys (ConfUtils.java:logGet(43)) - raft.server.sleep.deviation.threshold = 300 (default)
2019-09-25 04:44:43,140 [pool-129-thread-1] INFO  server.RaftServerConfigKeys (ConfUtils.java:logGet(43)) - raft.server.log.appender.install.snapshot.enabled = false (custom)
2019-09-25 04:44:43,140 [pool-129-thread-1] INFO  impl.RaftServerImpl (ServerState.java:<init>(103)) - 4a6eb500-5cbf-400b-b677-1633421db4a2@group-88AFA1C08B7F: ConfigurationManager, init=-1: [4a6eb500-5cbf-400b-b677-1633421db4a2:192.168.36.126:41453, 501e761e-a7a2-4fbd-b2cb-ccb733f61c47:192.168.36.126:43187, 20057af8-ad38-476a-8ab5-e2c30549d271:192.168.36.126:45594], old=null, confs=<EMPTY_MAP>
2019-09-25 04:44:43,140 [pool-129-thread-1] INFO  server.RaftServerConfigKeys (ConfUtils.java:logGet(43)) - raft.server.storage.dir = [/workdir/hadoop-ozone/integration-test/target/test-dir/MiniOzoneClusterImpl-35769ac5-a4ef-4df9-86f1-fb87f256fef7/datanode-1/data/ratis] (custom)
2019-09-25 04:44:43,141 [pool-129-thread-1] INFO  storage.RaftStorageDirectory (RaftStorageDirectory.java:analyzeStorage(246)) - The storage directory /workdir/hadoop-ozone/integration-test/target/test-dir/MiniOzoneClusterImpl-35769ac5-a4ef-4df9-86f1-fb87f256fef7/datanode-1/data/ratis/75219495-4434-4a84-853e-88afa1c08b7f does not exist. Creating ...
2019-09-25 04:44:43,508 [pool-129-thread-1] INFO  storage.RaftStorageDirectory (RaftStorageDirectory.java:tryLock(328)) - Lock on /workdir/hadoop-ozone/integration-test/target/test-dir/MiniOzoneClusterImpl-35769ac5-a4ef-4df9-86f1-fb87f256fef7/datanode-1/data/ratis/75219495-4434-4a84-853e-88afa1c08b7f/in_use.lock acquired by nodename 15566@pr-hdds-2174-pqx5g-486351168
2019-09-25 04:44:43,508 [pool-119-thread-1] INFO  storage.RaftStorage (RaftStorage.java:format(72)) - Storage directory /workdir/hadoop-ozone/integration-test/target/test-dir/MiniOzoneClusterImpl-35769ac5-a4ef-4df9-86f1-fb87f256fef7/datanode-0/data/ratis/75219495-4434-4a84-853e-88afa1c08b7f has been successfully formatted.
2019-09-25 04:44:43,508 [pool-119-thread-1] INFO  ratis.ContainerStateMachine (ContainerStateMachine.java:loadSnapshot(230)) - group-88AFA1C08B7F: The snapshot info is null. Setting the last applied indexto:(t:0, i:~)
2019-09-25 04:44:43,509 [pool-119-thread-1] INFO  server.RaftServerConfigKeys (ConfUtils.java:logGet(43)) - raft.server.notification.no-leader.timeout = 120s (custom)
2019-09-25 04:44:43,509 [pool-119-thread-1] INFO  server.RaftServerConfigKeys (ConfUtils.java:logGet(43)) - raft.server.log.use.memory = false (default)
2019-09-25 04:44:43,509 [pool-119-thread-1] INFO  server.RaftServerConfigKeys (ConfUtils.java:logGet(43)) - raft.server.log.purge.gap = 1000000 (custom)
2019-09-25 04:44:43,509 [pool-119-thread-1] INFO  server.RaftServerConfigKeys (ConfUtils.java:logGet(43)) - raft.server.log.appender.buffer.byte-limit = 33554432 (custom)
2019-09-25 04:44:43,509 [pool-119-thread-1] INFO  server.RaftServerConfigKeys (ConfUtils.java:logGet(43)) - raft.server.log.segment.size.max = 1048576 (custom)
2019-09-25 04:44:43,510 [pool-119-thread-1] INFO  server.RaftServerConfigKeys (ConfUtils.java:logGet(43)) - raft.server.log.segment.cache.num.max = 2 (custom)
2019-09-25 04:44:43,510 [pool-119-thread-1] INFO  segmented.SegmentedRaftLogWorker (SegmentedRaftLogWorker.java:<init>(172)) - new 501e761e-a7a2-4fbd-b2cb-ccb733f61c47@group-88AFA1C08B7F-SegmentedRaftLogWorker for RaftStorage:Storage Directory /workdir/hadoop-ozone/integration-test/target/test-dir/MiniOzoneClusterImpl-35769ac5-a4ef-4df9-86f1-fb87f256fef7/datanode-0/data/ratis/75219495-4434-4a84-853e-88afa1c08b7f
2019-09-25 04:44:43,510 [pool-119-thread-1] INFO  server.RaftServerConfigKeys (ConfUtils.java:logGet(43)) - raft.server.log.queue.byte-limit = 2147483647 (custom)
2019-09-25 04:44:43,510 [pool-119-thread-1] INFO  server.RaftServerConfigKeys (ConfUtils.java:logGet(43)) - raft.server.log.queue.element-limit = 1024 (custom)
2019-09-25 04:44:43,510 [pool-119-thread-1] INFO  server.RaftServerConfigKeys (ConfUtils.java:logGet(43)) - raft.server.log.segment.size.max = 1048576 (custom)
2019-09-25 04:44:43,511 [pool-119-thread-1] INFO  server.RaftServerConfigKeys (ConfUtils.java:logGet(43)) - raft.server.log.preallocated.size = 16384 (custom)
2019-09-25 04:44:43,511 [pool-119-thread-1] INFO  server.RaftServerConfigKeys (ConfUtils.java:logGet(43)) - raft.server.log.write.buffer.size = 33554432 (custom)
2019-09-25 04:44:43,511 [pool-119-thread-1] INFO  server.RaftServerConfigKeys (ConfUtils.java:logGet(43)) - raft.server.log.force.sync.num = 128 (default)
2019-09-25 04:44:43,511 [pool-119-thread-1] INFO  server.RaftServerConfigKeys (ConfUtils.java:logGet(43)) - raft.server.log.statemachine.data.sync = true (default)
2019-09-25 04:44:43,511 [pool-119-thread-1] INFO  server.RaftServerConfigKeys (ConfUtils.java:logGet(43)) - raft.server.log.statemachine.data.sync.timeout = 10s (default)
2019-09-25 04:44:43,511 [pool-119-thread-1] INFO  server.RaftServerConfigKeys (ConfUtils.java:logGet(43)) - raft.server.log.statemachine.data.sync.timeout.retry = -1 (default)
2019-09-25 04:44:43,512 [pool-119-thread-1] INFO  server.RaftServerConfigKeys (ConfUtils.java:logGet(43)) - raft.server.log.statemachine.data.caching.enabled = true (custom)
2019-09-25 04:44:43,512 [pool-119-thread-1] INFO  segmented.SegmentedRaftLogWorker (SegmentedRaftLogWorker.java:lambda$new$0(132)) - 501e761e-a7a2-4fbd-b2cb-ccb733f61c47@group-88AFA1C08B7F-SegmentedRaftLogWorker: flushIndex: setUnconditionally 0 -> -1
2019-09-25 04:44:43,512 [pool-119-thread-1] INFO  server.RaftServerConfigKeys (ConfUtils.java:logGet(43)) - raft.server.snapshot.auto.trigger.enabled = true (custom)
2019-09-25 04:44:43,513 [pool-119-thread-1] INFO  server.RaftServerConfigKeys (ConfUtils.java:logGet(43)) - raft.server.snapshot.auto.trigger.threshold = 10000 (custom)
2019-09-25 04:44:43,513 [pool-119-thread-1] INFO  server.RaftServerConfigKeys (ConfUtils.java:logGet(43)) - raft.server.snapshot.retention.num.files = 5 (custom)
2019-09-25 04:44:43,513 [pool-119-thread-1] INFO  server.RaftServerConfigKeys (ConfUtils.java:logGet(43)) - raft.server.retrycache.expirytime = 600000ms (custom)
2019-09-25 04:44:43,516 [pool-119-thread-1] INFO  impl.RaftServerImpl (RaftServerImpl.java:start(185)) - 501e761e-a7a2-4fbd-b2cb-ccb733f61c47@group-D717B926E0E9: start as a follower, conf=-1: [4a6eb500-5cbf-400b-b677-1633421db4a2:192.168.36.126:41453, 501e761e-a7a2-4fbd-b2cb-ccb733f61c47:192.168.36.126:43187, 20057af8-ad38-476a-8ab5-e2c30549d271:192.168.36.126:45594], old=null
2019-09-25 04:44:43,516 [pool-119-thread-1] INFO  impl.RaftServerImpl (RaftServerImpl.java:setRole(174)) - 501e761e-a7a2-4fbd-b2cb-ccb733f61c47@group-D717B926E0E9: changes role from      null to FOLLOWER at term 0 for startAsFollower
2019-09-25 04:44:43,516 [pool-119-thread-1] INFO  impl.RoleInfo (RoleInfo.java:updateAndGet(143)) - 501e761e-a7a2-4fbd-b2cb-ccb733f61c47: start FollowerState
2019-09-25 04:44:43,517 [pool-119-thread-1] INFO  util.JmxRegister (JmxRegister.java:tryRegister(44)) - Successfully registered JMX Bean with object name Ratis:service=RaftServer,group=group-D717B926E0E9,id=501e761e-a7a2-4fbd-b2cb-ccb733f61c47
2019-09-25 04:44:43,518 [pool-119-thread-1] INFO  impl.RaftServerImpl (RaftServerImpl.java:start(185)) - 501e761e-a7a2-4fbd-b2cb-ccb733f61c47@group-80D42DB64689: start as a follower, conf=-1: [4a6eb500-5cbf-400b-b677-1633421db4a2:192.168.36.126:41453, 501e761e-a7a2-4fbd-b2cb-ccb733f61c47:192.168.36.126:43187, 20057af8-ad38-476a-8ab5-e2c30549d271:192.168.36.126:45594], old=null
2019-09-25 04:44:43,518 [pool-119-thread-1] INFO  impl.RaftServerImpl (RaftServerImpl.java:setRole(174)) - 501e761e-a7a2-4fbd-b2cb-ccb733f61c47@group-80D42DB64689: changes role from      null to FOLLOWER at term 0 for startAsFollower
2019-09-25 04:44:43,518 [pool-119-thread-1] INFO  impl.RoleInfo (RoleInfo.java:updateAndGet(143)) - 501e761e-a7a2-4fbd-b2cb-ccb733f61c47: start FollowerState
2019-09-25 04:44:43,518 [pool-119-thread-1] INFO  util.JmxRegister (JmxRegister.java:tryRegister(44)) - Successfully registered JMX Bean with object name Ratis:service=RaftServer,group=group-80D42DB64689,id=501e761e-a7a2-4fbd-b2cb-ccb733f61c47
2019-09-25 04:44:43,519 [pool-119-thread-1] INFO  impl.RaftServerImpl (RaftServerImpl.java:start(185)) - 501e761e-a7a2-4fbd-b2cb-ccb733f61c47@group-440F611E4189: start as a follower, conf=-1: [4a6eb500-5cbf-400b-b677-1633421db4a2:192.168.36.126:41453, 501e761e-a7a2-4fbd-b2cb-ccb733f61c47:192.168.36.126:43187, 20057af8-ad38-476a-8ab5-e2c30549d271:192.168.36.126:45594], old=null
2019-09-25 04:44:43,519 [pool-119-thread-1] INFO  impl.RaftServerImpl (RaftServerImpl.java:setRole(174)) - 501e761e-a7a2-4fbd-b2cb-ccb733f61c47@group-440F611E4189: changes role from      null to FOLLOWER at term 0 for startAsFollower
2019-09-25 04:44:43,519 [pool-119-thread-1] INFO  impl.RoleInfo (RoleInfo.java:updateAndGet(143)) - 501e761e-a7a2-4fbd-b2cb-ccb733f61c47: start FollowerState
2019-09-25 04:44:43,520 [pool-119-thread-1] INFO  util.JmxRegister (JmxRegister.java:tryRegister(44)) - Successfully registered JMX Bean with object name Ratis:service=RaftServer,group=group-440F611E4189,id=501e761e-a7a2-4fbd-b2cb-ccb733f61c47
2019-09-25 04:44:43,520 [pool-119-thread-1] INFO  impl.RaftServerImpl (RaftServerImpl.java:start(185)) - 501e761e-a7a2-4fbd-b2cb-ccb733f61c47@group-88AFA1C08B7F: start as a follower, conf=-1: [4a6eb500-5cbf-400b-b677-1633421db4a2:192.168.36.126:41453, 501e761e-a7a2-4fbd-b2cb-ccb733f61c47:192.168.36.126:43187, 20057af8-ad38-476a-8ab5-e2c30549d271:192.168.36.126:45594], old=null
2019-09-25 04:44:43,520 [pool-119-thread-1] INFO  impl.RaftServerImpl (RaftServerImpl.java:setRole(174)) - 501e761e-a7a2-4fbd-b2cb-ccb733f61c47@group-88AFA1C08B7F: changes role from      null to FOLLOWER at term 0 for startAsFollower
2019-09-25 04:44:43,520 [pool-119-thread-1] INFO  impl.RoleInfo (RoleInfo.java:updateAndGet(143)) - 501e761e-a7a2-4fbd-b2cb-ccb733f61c47: start FollowerState
2019-09-25 04:44:43,521 [pool-119-thread-1] INFO  util.JmxRegister (JmxRegister.java:tryRegister(44)) - Successfully registered JMX Bean with object name Ratis:service=RaftServer,group=group-88AFA1C08B7F,id=501e761e-a7a2-4fbd-b2cb-ccb733f61c47
2019-09-25 04:44:43,787 [pool-129-thread-1] INFO  storage.RaftStorage (RaftStorage.java:format(72)) - Storage directory /workdir/hadoop-ozone/integration-test/target/test-dir/MiniOzoneClusterImpl-35769ac5-a4ef-4df9-86f1-fb87f256fef7/datanode-1/data/ratis/75219495-4434-4a84-853e-88afa1c08b7f has been successfully formatted.
2019-09-25 04:44:43,788 [pool-129-thread-1] INFO  ratis.ContainerStateMachine (ContainerStateMachine.java:loadSnapshot(230)) - group-88AFA1C08B7F: The snapshot info is null. Setting the last applied indexto:(t:0, i:~)
2019-09-25 04:44:43,788 [pool-129-thread-1] INFO  server.RaftServerConfigKeys (ConfUtils.java:logGet(43)) - raft.server.notification.no-leader.timeout = 120s (custom)
2019-09-25 04:44:43,788 [pool-129-thread-1] INFO  server.RaftServerConfigKeys (ConfUtils.java:logGet(43)) - raft.server.log.use.memory = false (default)
2019-09-25 04:44:43,788 [pool-129-thread-1] INFO  server.RaftServerConfigKeys (ConfUtils.java:logGet(43)) - raft.server.log.purge.gap = 1000000 (custom)
2019-09-25 04:44:43,789 [pool-129-thread-1] INFO  server.RaftServerConfigKeys (ConfUtils.java:logGet(43)) - raft.server.log.appender.buffer.byte-limit = 33554432 (custom)
2019-09-25 04:44:43,789 [pool-129-thread-1] INFO  server.RaftServerConfigKeys (ConfUtils.java:logGet(43)) - raft.server.log.segment.size.max = 1048576 (custom)
2019-09-25 04:44:43,789 [pool-129-thread-1] INFO  server.RaftServerConfigKeys (ConfUtils.java:logGet(43)) - raft.server.log.segment.cache.num.max = 2 (custom)
2019-09-25 04:44:43,789 [pool-129-thread-1] INFO  segmented.SegmentedRaftLogWorker (SegmentedRaftLogWorker.java:<init>(172)) - new 4a6eb500-5cbf-400b-b677-1633421db4a2@group-88AFA1C08B7F-SegmentedRaftLogWorker for RaftStorage:Storage Directory /workdir/hadoop-ozone/integration-test/target/test-dir/MiniOzoneClusterImpl-35769ac5-a4ef-4df9-86f1-fb87f256fef7/datanode-1/data/ratis/75219495-4434-4a84-853e-88afa1c08b7f
2019-09-25 04:44:43,789 [pool-129-thread-1] INFO  server.RaftServerConfigKeys (ConfUtils.java:logGet(43)) - raft.server.log.queue.byte-limit = 2147483647 (custom)
2019-09-25 04:44:43,789 [pool-129-thread-1] INFO  server.RaftServerConfigKeys (ConfUtils.java:logGet(43)) - raft.server.log.queue.element-limit = 1024 (custom)
2019-09-25 04:44:43,790 [pool-129-thread-1] INFO  server.RaftServerConfigKeys (ConfUtils.java:logGet(43)) - raft.server.log.segment.size.max = 1048576 (custom)
2019-09-25 04:44:43,790 [pool-129-thread-1] INFO  server.RaftServerConfigKeys (ConfUtils.java:logGet(43)) - raft.server.log.preallocated.size = 16384 (custom)
2019-09-25 04:44:43,790 [pool-129-thread-1] INFO  server.RaftServerConfigKeys (ConfUtils.java:logGet(43)) - raft.server.log.write.buffer.size = 33554432 (custom)
2019-09-25 04:44:43,790 [pool-129-thread-1] INFO  server.RaftServerConfigKeys (ConfUtils.java:logGet(43)) - raft.server.log.force.sync.num = 128 (default)
2019-09-25 04:44:43,790 [pool-129-thread-1] INFO  server.RaftServerConfigKeys (ConfUtils.java:logGet(43)) - raft.server.log.statemachine.data.sync = true (default)
2019-09-25 04:44:43,790 [pool-129-thread-1] INFO  server.RaftServerConfigKeys (ConfUtils.java:logGet(43)) - raft.server.log.statemachine.data.sync.timeout = 10s (default)
2019-09-25 04:44:43,791 [pool-129-thread-1] INFO  server.RaftServerConfigKeys (ConfUtils.java:logGet(43)) - raft.server.log.statemachine.data.sync.timeout.retry = -1 (default)
2019-09-25 04:44:43,791 [pool-129-thread-1] INFO  server.RaftServerConfigKeys (ConfUtils.java:logGet(43)) - raft.server.log.statemachine.data.caching.enabled = true (custom)
2019-09-25 04:44:43,791 [pool-129-thread-1] INFO  segmented.SegmentedRaftLogWorker (SegmentedRaftLogWorker.java:lambda$new$0(132)) - 4a6eb500-5cbf-400b-b677-1633421db4a2@group-88AFA1C08B7F-SegmentedRaftLogWorker: flushIndex: setUnconditionally 0 -> -1
2019-09-25 04:44:43,791 [pool-129-thread-1] INFO  server.RaftServerConfigKeys (ConfUtils.java:logGet(43)) - raft.server.snapshot.auto.trigger.enabled = true (custom)
2019-09-25 04:44:43,792 [pool-129-thread-1] INFO  server.RaftServerConfigKeys (ConfUtils.java:logGet(43)) - raft.server.snapshot.auto.trigger.threshold = 10000 (custom)
2019-09-25 04:44:43,792 [pool-129-thread-1] INFO  server.RaftServerConfigKeys (ConfUtils.java:logGet(43)) - raft.server.snapshot.retention.num.files = 5 (custom)
2019-09-25 04:44:43,792 [pool-129-thread-1] INFO  server.RaftServerConfigKeys (ConfUtils.java:logGet(43)) - raft.server.retrycache.expirytime = 600000ms (custom)
2019-09-25 04:44:43,795 [pool-129-thread-1] INFO  impl.RaftServerImpl (RaftServerImpl.java:start(185)) - 4a6eb500-5cbf-400b-b677-1633421db4a2@group-CE735EE107E7: start as a follower, conf=-1: [4a6eb500-5cbf-400b-b677-1633421db4a2:192.168.36.126:41453], old=null
2019-09-25 04:44:43,795 [pool-129-thread-1] INFO  impl.RaftServerImpl (RaftServerImpl.java:setRole(174)) - 4a6eb500-5cbf-400b-b677-1633421db4a2@group-CE735EE107E7: changes role from      null to FOLLOWER at term 0 for startAsFollower
2019-09-25 04:44:43,795 [pool-129-thread-1] INFO  impl.RoleInfo (RoleInfo.java:updateAndGet(143)) - 4a6eb500-5cbf-400b-b677-1633421db4a2: start FollowerState
2019-09-25 04:44:43,795 [pool-129-thread-1] INFO  util.JmxRegister (JmxRegister.java:tryRegister(44)) - Successfully registered JMX Bean with object name Ratis:service=RaftServer,group=group-CE735EE107E7,id=4a6eb500-5cbf-400b-b677-1633421db4a2
2019-09-25 04:44:43,796 [pool-129-thread-1] INFO  impl.RaftServerImpl (RaftServerImpl.java:start(185)) - 4a6eb500-5cbf-400b-b677-1633421db4a2@group-80D42DB64689: start as a follower, conf=-1: [4a6eb500-5cbf-400b-b677-1633421db4a2:192.168.36.126:41453, 501e761e-a7a2-4fbd-b2cb-ccb733f61c47:192.168.36.126:43187, 20057af8-ad38-476a-8ab5-e2c30549d271:192.168.36.126:45594], old=null
2019-09-25 04:44:43,796 [pool-129-thread-1] INFO  impl.RaftServerImpl (RaftServerImpl.java:setRole(174)) - 4a6eb500-5cbf-400b-b677-1633421db4a2@group-80D42DB64689: changes role from      null to FOLLOWER at term 0 for startAsFollower
2019-09-25 04:44:43,796 [pool-129-thread-1] INFO  impl.RoleInfo (RoleInfo.java:updateAndGet(143)) - 4a6eb500-5cbf-400b-b677-1633421db4a2: start FollowerState
2019-09-25 04:44:43,797 [pool-129-thread-1] INFO  util.JmxRegister (JmxRegister.java:tryRegister(44)) - Successfully registered JMX Bean with object name Ratis:service=RaftServer,group=group-80D42DB64689,id=4a6eb500-5cbf-400b-b677-1633421db4a2
2019-09-25 04:44:43,797 [pool-129-thread-1] INFO  impl.RaftServerImpl (RaftServerImpl.java:start(185)) - 4a6eb500-5cbf-400b-b677-1633421db4a2@group-440F611E4189: start as a follower, conf=-1: [4a6eb500-5cbf-400b-b677-1633421db4a2:192.168.36.126:41453, 501e761e-a7a2-4fbd-b2cb-ccb733f61c47:192.168.36.126:43187, 20057af8-ad38-476a-8ab5-e2c30549d271:192.168.36.126:45594], old=null
2019-09-25 04:44:43,797 [pool-129-thread-1] INFO  impl.RaftServerImpl (RaftServerImpl.java:setRole(174)) - 4a6eb500-5cbf-400b-b677-1633421db4a2@group-440F611E4189: changes role from      null to FOLLOWER at term 0 for startAsFollower
2019-09-25 04:44:43,797 [pool-129-thread-1] INFO  impl.RoleInfo (RoleInfo.java:updateAndGet(143)) - 4a6eb500-5cbf-400b-b677-1633421db4a2: start FollowerState
2019-09-25 04:44:43,798 [pool-129-thread-1] INFO  util.JmxRegister (JmxRegister.java:tryRegister(44)) - Successfully registered JMX Bean with object name Ratis:service=RaftServer,group=group-440F611E4189,id=4a6eb500-5cbf-400b-b677-1633421db4a2
2019-09-25 04:44:43,798 [pool-129-thread-1] INFO  impl.RaftServerImpl (RaftServerImpl.java:start(185)) - 4a6eb500-5cbf-400b-b677-1633421db4a2@group-88AFA1C08B7F: start as a follower, conf=-1: [4a6eb500-5cbf-400b-b677-1633421db4a2:192.168.36.126:41453, 501e761e-a7a2-4fbd-b2cb-ccb733f61c47:192.168.36.126:43187, 20057af8-ad38-476a-8ab5-e2c30549d271:192.168.36.126:45594], old=null
2019-09-25 04:44:43,798 [pool-129-thread-1] INFO  impl.RaftServerImpl (RaftServerImpl.java:setRole(174)) - 4a6eb500-5cbf-400b-b677-1633421db4a2@group-88AFA1C08B7F: changes role from      null to FOLLOWER at term 0 for startAsFollower
2019-09-25 04:44:43,799 [pool-129-thread-1] INFO  impl.RoleInfo (RoleInfo.java:updateAndGet(143)) - 4a6eb500-5cbf-400b-b677-1633421db4a2: start FollowerState
2019-09-25 04:44:43,799 [pool-129-thread-1] INFO  util.JmxRegister (JmxRegister.java:tryRegister(44)) - Successfully registered JMX Bean with object name Ratis:service=RaftServer,group=group-88AFA1C08B7F,id=4a6eb500-5cbf-400b-b677-1633421db4a2
2019-09-25 04:44:43,802 [IPC Server handler 3 on 38535] INFO  pipeline.PipelineStateManager (PipelineStateManager.java:addPipeline(56)) - Created pipeline Pipeline[ Id: 75219495-4434-4a84-853e-88afa1c08b7f, Nodes: 4a6eb500-5cbf-400b-b677-1633421db4a2{ip: 192.168.36.126, host: pr-hdds-2174-pqx5g-486351168, networkLocation: /default-rack, certSerialId: null}20057af8-ad38-476a-8ab5-e2c30549d271{ip: 192.168.36.126, host: pr-hdds-2174-pqx5g-486351168, networkLocation: /default-rack, certSerialId: null}501e761e-a7a2-4fbd-b2cb-ccb733f61c47{ip: 192.168.36.126, host: pr-hdds-2174-pqx5g-486351168, networkLocation: /default-rack, certSerialId: null}, Type:RATIS, Factor:THREE, State:OPEN]
2019-09-25 04:44:43,809 [main] INFO  ozone.MiniOzoneClusterImpl (MiniOzoneClusterImpl.java:shutdown(314)) - Shutting down the Mini Ozone Cluster
2019-09-25 04:44:43,809 [main] INFO  ozone.MiniOzoneClusterImpl (MiniOzoneClusterImpl.java:stop(330)) - Stopping the Mini Ozone Cluster
2019-09-25 04:44:43,810 [main] INFO  ozone.MiniOzoneClusterImpl (MiniOzoneClusterImpl.java:stopOM(400)) - Stopping the OzoneManager
2019-09-25 04:44:43,810 [main] INFO  ipc.Server (Server.java:stop(3082)) - Stopping server on 33130
2019-09-25 04:44:43,837 [IPC Server listener on 33130] INFO  ipc.Server (Server.java:run(1185)) - Stopping IPC Server listener on 33130
2019-09-25 04:44:43,839 [main] INFO  ratis.OzoneManagerDoubleBuffer (OzoneManagerDoubleBuffer.java:stop(248)) - Stopping OMDoubleBuffer flush thread
2019-09-25 04:44:43,839 [IPC Server Responder] INFO  ipc.Server (Server.java:run(1319)) - Stopping IPC Server Responder
2019-09-25 04:44:43,841 [OMDoubleBufferFlushThread] INFO  ratis.OzoneManagerDoubleBuffer (OzoneManagerDoubleBuffer.java:flushTransactions(191)) - OMDoubleBuffer flush thread OMDoubleBufferFlushThread is interrupted and will exit. OMDoubleBufferFlushThread
2019-09-25 04:44:43,841 [main] INFO  utils.BackgroundService (BackgroundService.java:shutdown(148)) - Shutting down service KeyDeletingService
2019-09-25 04:44:43,843 [main] INFO  handler.ContextHandler (ContextHandler.java:doStop(910)) - Stopped o.e.j.w.WebAppContext@54089484{/,null,UNAVAILABLE}{/ozoneManager}
2019-09-25 04:44:43,844 [main] INFO  server.AbstractConnector (AbstractConnector.java:doStop(318)) - Stopped ServerConnector@45adc393{HTTP/1.1,[http/1.1]}{0.0.0.0:0}
2019-09-25 04:44:43,844 [main] INFO  handler.ContextHandler (ContextHandler.java:doStop(910)) - Stopped o.e.j.s.ServletContextHandler@479b5066{/static,file:///workdir/hadoop-ozone/integration-test/target/test-classes/webapps/static,UNAVAILABLE}
2019-09-25 04:44:43,845 [main] INFO  handler.ContextHandler (ContextHandler.java:doStop(910)) - Stopped o.e.j.s.ServletContextHandler@76d72b5b{/logs,file:///workdir/hadoop-ozone/integration-test/target/log,UNAVAILABLE}
2019-09-25 04:44:43,848 [main] INFO  ozone.MiniOzoneClusterImpl (MiniOzoneClusterImpl.java:stopDatanodes(377)) - Stopping the HddsDatanodes
2019-09-25 04:44:44,313 [Datanode State Machine Thread - 0] INFO  statemachine.DatanodeStateMachine (DatanodeStateMachine.java:lambda$startDaemon$0(350)) - Ozone container server started.
2019-09-25 04:44:44,793 [Datanode State Machine Thread - 0] INFO  statemachine.DatanodeStateMachine (DatanodeStateMachine.java:lambda$startDaemon$0(350)) - Ozone container server started.
2019-09-25 04:44:47,343 [Thread-866] INFO  impl.FollowerState (FollowerState.java:run(106)) - 501e761e-a7a2-4fbd-b2cb-ccb733f61c47:group-5E2D46E32BAE changes to CANDIDATE, lastRpcTime:5072, electionTimeout:5072ms
2019-09-25 04:44:47,343 [Thread-866] INFO  impl.RoleInfo (RoleInfo.java:shutdownFollowerState(121)) - 501e761e-a7a2-4fbd-b2cb-ccb733f61c47: shutdown FollowerState
2019-09-25 04:44:47,343 [Thread-866] INFO  impl.RaftServerImpl (RaftServerImpl.java:setRole(174)) - 501e761e-a7a2-4fbd-b2cb-ccb733f61c47@group-5E2D46E32BAE: changes role from  FOLLOWER to CANDIDATE at term 0 for changeToCandidate
2019-09-25 04:44:47,344 [Thread-866] INFO  impl.RoleInfo (RoleInfo.java:updateAndGet(143)) - 501e761e-a7a2-4fbd-b2cb-ccb733f61c47: start LeaderElection
2019-09-25 04:44:47,407 [501e761e-a7a2-4fbd-b2cb-ccb733f61c47@group-5E2D46E32BAE:LeaderElection34] INFO  impl.LeaderElection (LeaderElection.java:askForVotes(182)) - 501e761e-a7a2-4fbd-b2cb-ccb733f61c47@group-5E2D46E32BAE:LeaderElection34: begin an election at term 1 for -1: [501e761e-a7a2-4fbd-b2cb-ccb733f61c47:192.168.36.126:43187], old=null
2019-09-25 04:44:47,407 [501e761e-a7a2-4fbd-b2cb-ccb733f61c47@group-5E2D46E32BAE:LeaderElection34] INFO  impl.RoleInfo (RoleInfo.java:shutdownLeaderElection(134)) - 501e761e-a7a2-4fbd-b2cb-ccb733f61c47: shutdown LeaderElection
2019-09-25 04:44:47,407 [501e761e-a7a2-4fbd-b2cb-ccb733f61c47@group-5E2D46E32BAE:LeaderElection34] INFO  impl.RaftServerImpl (RaftServerImpl.java:setRole(174)) - 501e761e-a7a2-4fbd-b2cb-ccb733f61c47@group-5E2D46E32BAE: changes role from CANDIDATE to LEADER at term 1 for changeToLeader
2019-09-25 04:44:47,407 [501e761e-a7a2-4fbd-b2cb-ccb733f61c47@group-5E2D46E32BAE:LeaderElection34] INFO  impl.RaftServerImpl (ServerState.java:setLeader(253)) - 501e761e-a7a2-4fbd-b2cb-ccb733f61c47@group-5E2D46E32BAE: change Leader from null to 501e761e-a7a2-4fbd-b2cb-ccb733f61c47 at term 1 for becomeLeader, leader elected after 11262ms
2019-09-25 04:44:47,410 [501e761e-a7a2-4fbd-b2cb-ccb733f61c47@group-5E2D46E32BAE:LeaderElection34] INFO  server.RaftServerConfigKeys (ConfUtils.java:logGet(43)) - raft.server.staging.catchup.gap = 1000 (default)
2019-09-25 04:44:47,411 [501e761e-a7a2-4fbd-b2cb-ccb733f61c47@group-5E2D46E32BAE:LeaderElection34] INFO  server.RaftServerConfigKeys (ConfUtils.java:logGet(43)) - raft.server.rpc.sleep.time = 25ms (default)
2019-09-25 04:44:47,411 [501e761e-a7a2-4fbd-b2cb-ccb733f61c47@group-5E2D46E32BAE:LeaderElection34] INFO  server.RaftServerConfigKeys (ConfUtils.java:logGet(43)) - raft.server.write.element-limit = 4096 (default)
2019-09-25 04:44:47,411 [501e761e-a7a2-4fbd-b2cb-ccb733f61c47@group-5E2D46E32BAE:LeaderElection34] INFO  server.RaftServerConfigKeys (ConfUtils.java:logGet(43)) - raft.server.watch.timeout = 10s (default)
2019-09-25 04:44:47,411 [501e761e-a7a2-4fbd-b2cb-ccb733f61c47@group-5E2D46E32BAE:LeaderElection34] INFO  server.RaftServerConfigKeys (ConfUtils.java:logGet(43)) - raft.server.watch.timeout.denomination = 1s (default)
2019-09-25 04:44:47,411 [501e761e-a7a2-4fbd-b2cb-ccb733f61c47@group-5E2D46E32BAE:LeaderElection34] INFO  server.RaftServerConfigKeys (ConfUtils.java:logGet(43)) - raft.server.watch.element-limit = 65536 (default)
2019-09-25 04:44:47,414 [501e761e-a7a2-4fbd-b2cb-ccb733f61c47@group-5E2D46E32BAE:LeaderElection34] INFO  impl.RoleInfo (RoleInfo.java:updateAndGet(143)) - 501e761e-a7a2-4fbd-b2cb-ccb733f61c47: start LeaderState
2019-09-25 04:44:47,415 [501e761e-a7a2-4fbd-b2cb-ccb733f61c47@group-5E2D46E32BAE:LeaderElection34] INFO  segmented.SegmentedRaftLogWorker (SegmentedRaftLogWorker.java:startLogSegment(380)) - 501e761e-a7a2-4fbd-b2cb-ccb733f61c47@group-5E2D46E32BAE-SegmentedRaftLogWorker: Starting segment from index:0
2019-09-25 04:44:47,416 [501e761e-a7a2-4fbd-b2cb-ccb733f61c47@group-5E2D46E32BAE:LeaderElection34] INFO  impl.RaftServerImpl (ServerState.java:setRaftConf(354)) - 501e761e-a7a2-4fbd-b2cb-ccb733f61c47@group-5E2D46E32BAE: set configuration 0: [501e761e-a7a2-4fbd-b2cb-ccb733f61c47:192.168.36.126:43187], old=null at 0
2019-09-25 04:44:47,701 [Thread-870] INFO  impl.FollowerState (FollowerState.java:run(106)) - 20057af8-ad38-476a-8ab5-e2c30549d271:group-D717B926E0E9 changes to CANDIDATE, lastRpcTime:5196, electionTimeout:5196ms
2019-09-25 04:44:47,701 [Thread-870] INFO  impl.RoleInfo (RoleInfo.java:shutdownFollowerState(121)) - 20057af8-ad38-476a-8ab5-e2c30549d271: shutdown FollowerState
2019-09-25 04:44:47,701 [Thread-870] INFO  impl.RaftServerImpl (RaftServerImpl.java:setRole(174)) - 20057af8-ad38-476a-8ab5-e2c30549d271@group-D717B926E0E9: changes role from  FOLLOWER to CANDIDATE at term 0 for changeToCandidate
2019-09-25 04:44:47,701 [Thread-870] INFO  impl.RoleInfo (RoleInfo.java:updateAndGet(143)) - 20057af8-ad38-476a-8ab5-e2c30549d271: start LeaderElection
2019-09-25 04:44:48,176 [Thread-875] INFO  impl.FollowerState (FollowerState.java:run(106)) - 20057af8-ad38-476a-8ab5-e2c30549d271:group-80D42DB64689 changes to CANDIDATE, lastRpcTime:5040, electionTimeout:5040ms
2019-09-25 04:44:48,177 [Thread-875] INFO  impl.RoleInfo (RoleInfo.java:shutdownFollowerState(121)) - 20057af8-ad38-476a-8ab5-e2c30549d271: shutdown FollowerState
2019-09-25 04:44:48,177 [Thread-875] INFO  impl.RaftServerImpl (RaftServerImpl.java:setRole(174)) - 20057af8-ad38-476a-8ab5-e2c30549d271@group-80D42DB64689: changes role from  FOLLOWER to CANDIDATE at term 0 for changeToCandidate
2019-09-25 04:44:48,177 [Thread-875] INFO  impl.RoleInfo (RoleInfo.java:updateAndGet(143)) - 20057af8-ad38-476a-8ab5-e2c30549d271: start LeaderElection
2019-09-25 04:44:48,195 [Thread-876] INFO  impl.FollowerState (FollowerState.java:run(106)) - 4a6eb500-5cbf-400b-b677-1633421db4a2:group-D717B926E0E9 changes to CANDIDATE, lastRpcTime:5058, electionTimeout:5058ms
2019-09-25 04:44:48,195 [Thread-876] INFO  impl.RoleInfo (RoleInfo.java:shutdownFollowerState(121)) - 4a6eb500-5cbf-400b-b677-1633421db4a2: shutdown FollowerState
2019-09-25 04:44:48,195 [Thread-876] INFO  impl.RaftServerImpl (RaftServerImpl.java:setRole(174)) - 4a6eb500-5cbf-400b-b677-1633421db4a2@group-D717B926E0E9: changes role from  FOLLOWER to CANDIDATE at term 0 for changeToCandidate
2019-09-25 04:44:48,195 [Thread-876] INFO  impl.RoleInfo (RoleInfo.java:updateAndGet(143)) - 4a6eb500-5cbf-400b-b677-1633421db4a2: start LeaderElection
2019-09-25 04:44:48,229 [Thread-881] INFO  impl.FollowerState (FollowerState.java:run(106)) - 20057af8-ad38-476a-8ab5-e2c30549d271:group-88AFA1C08B7F changes to CANDIDATE, lastRpcTime:5090, electionTimeout:5090ms
2019-09-25 04:44:48,229 [Thread-881] INFO  impl.RoleInfo (RoleInfo.java:shutdownFollowerState(121)) - 20057af8-ad38-476a-8ab5-e2c30549d271: shutdown FollowerState
2019-09-25 04:44:48,229 [Thread-881] INFO  impl.RaftServerImpl (RaftServerImpl.java:setRole(174)) - 20057af8-ad38-476a-8ab5-e2c30549d271@group-88AFA1C08B7F: changes role from  FOLLOWER to CANDIDATE at term 0 for changeToCandidate
2019-09-25 04:44:48,229 [Thread-881] INFO  impl.RoleInfo (RoleInfo.java:updateAndGet(143)) - 20057af8-ad38-476a-8ab5-e2c30549d271: start LeaderElection
2019-09-25 04:44:48,270 [Thread-878] INFO  impl.FollowerState (FollowerState.java:run(106)) - 20057af8-ad38-476a-8ab5-e2c30549d271:group-440F611E4189 changes to CANDIDATE, lastRpcTime:5132, electionTimeout:5132ms
2019-09-25 04:44:48,270 [Thread-878] INFO  impl.RoleInfo (RoleInfo.java:shutdownFollowerState(121)) - 20057af8-ad38-476a-8ab5-e2c30549d271: shutdown FollowerState
2019-09-25 04:44:48,270 [Thread-878] INFO  impl.RaftServerImpl (RaftServerImpl.java:setRole(174)) - 20057af8-ad38-476a-8ab5-e2c30549d271@group-440F611E4189: changes role from  FOLLOWER to CANDIDATE at term 0 for changeToCandidate
2019-09-25 04:44:48,270 [Thread-878] INFO  impl.RoleInfo (RoleInfo.java:updateAndGet(143)) - 20057af8-ad38-476a-8ab5-e2c30549d271: start LeaderElection
2019-09-25 04:44:48,521 [Thread-884] INFO  impl.FollowerState (FollowerState.java:run(106)) - 501e761e-a7a2-4fbd-b2cb-ccb733f61c47:group-D717B926E0E9 changes to CANDIDATE, lastRpcTime:5004, electionTimeout:5004ms
2019-09-25 04:44:48,521 [Thread-884] INFO  impl.RoleInfo (RoleInfo.java:shutdownFollowerState(121)) - 501e761e-a7a2-4fbd-b2cb-ccb733f61c47: shutdown FollowerState
2019-09-25 04:44:48,521 [Thread-884] INFO  impl.RaftServerImpl (RaftServerImpl.java:setRole(174)) - 501e761e-a7a2-4fbd-b2cb-ccb733f61c47@group-D717B926E0E9: changes role from  FOLLOWER to CANDIDATE at term 0 for changeToCandidate
2019-09-25 04:44:48,522 [Thread-884] INFO  impl.RoleInfo (RoleInfo.java:updateAndGet(143)) - 501e761e-a7a2-4fbd-b2cb-ccb733f61c47: start LeaderElection
2019-09-25 04:44:48,567 [Thread-888] INFO  impl.FollowerState (FollowerState.java:run(106)) - 501e761e-a7a2-4fbd-b2cb-ccb733f61c47:group-440F611E4189 changes to CANDIDATE, lastRpcTime:5047, electionTimeout:5047ms
2019-09-25 04:44:48,567 [Thread-888] INFO  impl.RoleInfo (RoleInfo.java:shutdownFollowerState(121)) - 501e761e-a7a2-4fbd-b2cb-ccb733f61c47: shutdown FollowerState
2019-09-25 04:44:48,567 [Thread-888] INFO  impl.RaftServerImpl (RaftServerImpl.java:setRole(174)) - 501e761e-a7a2-4fbd-b2cb-ccb733f61c47@group-440F611E4189: changes role from  FOLLOWER to CANDIDATE at term 0 for changeToCandidate
2019-09-25 04:44:48,567 [Thread-888] INFO  impl.RoleInfo (RoleInfo.java:updateAndGet(143)) - 501e761e-a7a2-4fbd-b2cb-ccb733f61c47: start LeaderElection
2019-09-25 04:44:48,663 [Thread-890] INFO  impl.FollowerState (FollowerState.java:run(106)) - 501e761e-a7a2-4fbd-b2cb-ccb733f61c47:group-88AFA1C08B7F changes to CANDIDATE, lastRpcTime:5142, electionTimeout:5142ms
2019-09-25 04:44:48,663 [Thread-890] INFO  impl.RoleInfo (RoleInfo.java:shutdownFollowerState(121)) - 501e761e-a7a2-4fbd-b2cb-ccb733f61c47: shutdown FollowerState
2019-09-25 04:44:48,664 [Thread-890] INFO  impl.RaftServerImpl (RaftServerImpl.java:setRole(174)) - 501e761e-a7a2-4fbd-b2cb-ccb733f61c47@group-88AFA1C08B7F: changes role from  FOLLOWER to CANDIDATE at term 0 for changeToCandidate
2019-09-25 04:44:48,664 [Thread-890] INFO  impl.RoleInfo (RoleInfo.java:updateAndGet(143)) - 501e761e-a7a2-4fbd-b2cb-ccb733f61c47: start LeaderElection
2019-09-25 04:44:48,674 [Thread-886] INFO  impl.FollowerState (FollowerState.java:run(106)) - 501e761e-a7a2-4fbd-b2cb-ccb733f61c47:group-80D42DB64689 changes to CANDIDATE, lastRpcTime:5156, electionTimeout:5156ms
2019-09-25 04:44:48,675 [Thread-886] INFO  impl.RoleInfo (RoleInfo.java:shutdownFollowerState(121)) - 501e761e-a7a2-4fbd-b2cb-ccb733f61c47: shutdown FollowerState
2019-09-25 04:44:48,675 [Thread-886] INFO  impl.RaftServerImpl (RaftServerImpl.java:setRole(174)) - 501e761e-a7a2-4fbd-b2cb-ccb733f61c47@group-80D42DB64689: changes role from  FOLLOWER to CANDIDATE at term 0 for changeToCandidate
2019-09-25 04:44:48,675 [Thread-886] INFO  impl.RoleInfo (RoleInfo.java:updateAndGet(143)) - 501e761e-a7a2-4fbd-b2cb-ccb733f61c47: start LeaderElection
2019-09-25 04:44:48,849 [ForkJoinPool.commonPool-worker-0] INFO  ozoneimpl.OzoneContainer (OzoneContainer.java:stop(231)) - Attempting to stop container services.
2019-09-25 04:44:48,849 [main] INFO  ozoneimpl.OzoneContainer (OzoneContainer.java:stop(231)) - Attempting to stop container services.
2019-09-25 04:44:48,850 [ForkJoinPool.commonPool-worker-0] INFO  impl.RaftServerProxy (RaftServerProxy.java:lambda$close$4(314)) - 4a6eb500-5cbf-400b-b677-1633421db4a2: close
2019-09-25 04:44:48,849 [Thread-893] INFO  impl.FollowerState (FollowerState.java:run(106)) - 4a6eb500-5cbf-400b-b677-1633421db4a2:group-CE735EE107E7 changes to CANDIDATE, lastRpcTime:5054, electionTimeout:5054ms
2019-09-25 04:44:48,850 [ForkJoinPool.commonPool-worker-0] INFO  impl.RaftServerImpl (RaftServerImpl.java:lambda$shutdown$3(251)) - 4a6eb500-5cbf-400b-b677-1633421db4a2@group-D717B926E0E9: shutdown
2019-09-25 04:44:48,850 [main] INFO  impl.RaftServerProxy (RaftServerProxy.java:lambda$close$4(314)) - 30c93de7-62f8-424f-b9ba-e4db297a056a: close
2019-09-25 04:44:48,851 [ForkJoinPool.commonPool-worker-0] INFO  util.JmxRegister (JmxRegister.java:unregister(73)) - Successfully un-registered JMX Bean with object name Ratis:service=RaftServer,group=group-D717B926E0E9,id=4a6eb500-5cbf-400b-b677-1633421db4a2
2019-09-25 04:44:48,850 [Thread-893] INFO  impl.RoleInfo (RoleInfo.java:shutdownFollowerState(121)) - 4a6eb500-5cbf-400b-b677-1633421db4a2: shutdown FollowerState
2019-09-25 04:44:48,853 [ForkJoinPool.commonPool-worker-0] INFO  impl.RoleInfo (RoleInfo.java:shutdownLeaderElection(134)) - 4a6eb500-5cbf-400b-b677-1633421db4a2: shutdown LeaderElection
2019-09-25 04:44:48,854 [Thread-895] INFO  impl.FollowerState (FollowerState.java:run(106)) - 4a6eb500-5cbf-400b-b677-1633421db4a2:group-80D42DB64689 changes to CANDIDATE, lastRpcTime:5057, electionTimeout:5057ms
2019-09-25 04:44:48,853 [main] INFO  server.GrpcService (GrpcService.java:closeImpl(164)) - 30c93de7-62f8-424f-b9ba-e4db297a056a: shutdown server with port 44387 now
2019-09-25 04:44:48,854 [Thread-895] INFO  impl.RoleInfo (RoleInfo.java:shutdownFollowerState(121)) - 4a6eb500-5cbf-400b-b677-1633421db4a2: shutdown FollowerState
2019-09-25 04:44:48,854 [ForkJoinPool.commonPool-worker-0] INFO  impl.StateMachineUpdater (StateMachineUpdater.java:stopAndJoin(125)) - 4a6eb500-5cbf-400b-b677-1633421db4a2@group-D717B926E0E9-StateMachineUpdater: set stopIndex = -1
2019-09-25 04:44:48,853 [Thread-893] INFO  impl.RaftServerImpl (RaftServerImpl.java:setRole(174)) - 4a6eb500-5cbf-400b-b677-1633421db4a2@group-CE735EE107E7: changes role from  FOLLOWER to CANDIDATE at term 0 for changeToCandidate
2019-09-25 04:44:48,855 [ForkJoinPool.commonPool-worker-0] INFO  impl.RaftServerImpl (ServerState.java:close(385)) - 4a6eb500-5cbf-400b-b677-1633421db4a2@group-D717B926E0E9: closes. applyIndex: -1
2019-09-25 04:44:48,855 [main] INFO  server.GrpcService (GrpcService.java:closeImpl(172)) - 30c93de7-62f8-424f-b9ba-e4db297a056a: shutdown server with port 44387 successfully
2019-09-25 04:44:48,855 [Thread-895] INFO  impl.RaftServerImpl (RaftServerImpl.java:setRole(174)) - 4a6eb500-5cbf-400b-b677-1633421db4a2@group-80D42DB64689: changes role from  FOLLOWER to CANDIDATE at term 0 for changeToCandidate
2019-09-25 04:44:48,855 [4a6eb500-5cbf-400b-b677-1633421db4a2@group-D717B926E0E9-SegmentedRaftLogWorker] INFO  segmented.SegmentedRaftLogWorker (SegmentedRaftLogWorker.java:run(313)) - 4a6eb500-5cbf-400b-b677-1633421db4a2@group-D717B926E0E9-SegmentedRaftLogWorker was interrupted, exiting. There are 0 tasks remaining in the queue.
2019-09-25 04:44:48,856 [Thread-895] INFO  impl.RoleInfo (RoleInfo.java:updateAndGet(143)) - 4a6eb500-5cbf-400b-b677-1633421db4a2: start LeaderElection
2019-09-25 04:44:48,855 [Thread-893] INFO  impl.RoleInfo (RoleInfo.java:updateAndGet(143)) - 4a6eb500-5cbf-400b-b677-1633421db4a2: start LeaderElection
2019-09-25 04:44:48,856 [ForkJoinPool.commonPool-worker-0] INFO  segmented.SegmentedRaftLogWorker (SegmentedRaftLogWorker.java:close(228)) - 4a6eb500-5cbf-400b-b677-1633421db4a2@group-D717B926E0E9-SegmentedRaftLogWorker close()
2019-09-25 04:44:48,869 [ForkJoinPool.commonPool-worker-0] INFO  impl.RaftServerImpl (RaftServerImpl.java:lambda$shutdown$3(251)) - 4a6eb500-5cbf-400b-b677-1633421db4a2@group-440F611E4189: shutdown
2019-09-25 04:44:48,870 [ForkJoinPool.commonPool-worker-0] INFO  util.JmxRegister (JmxRegister.java:unregister(73)) - Successfully un-registered JMX Bean with object name Ratis:service=RaftServer,group=group-440F611E4189,id=4a6eb500-5cbf-400b-b677-1633421db4a2
2019-09-25 04:44:48,870 [refreshUsed-/workdir/hadoop-ozone/integration-test/target/test-dir/MiniOzoneClusterImpl-35769ac5-a4ef-4df9-86f1-fb87f256fef7/datanode-4/data/containers] WARN  fs.CachingGetSpaceUsed (CachingGetSpaceUsed.java:run(183)) - Thread Interrupted waiting to refresh disk information: sleep interrupted
2019-09-25 04:44:48,870 [ForkJoinPool.commonPool-worker-0] INFO  impl.RoleInfo (RoleInfo.java:shutdownFollowerState(121)) - 4a6eb500-5cbf-400b-b677-1633421db4a2: shutdown FollowerState
2019-09-25 04:44:48,871 [ForkJoinPool.commonPool-worker-0] INFO  impl.StateMachineUpdater (StateMachineUpdater.java:stopAndJoin(125)) - 4a6eb500-5cbf-400b-b677-1633421db4a2@group-440F611E4189-StateMachineUpdater: set stopIndex = -1
2019-09-25 04:44:48,871 [Thread-897] INFO  impl.FollowerState (FollowerState.java:run(115)) - 4a6eb500-5cbf-400b-b677-1633421db4a2: FollowerState was interrupted: java.lang.InterruptedException: sleep interrupted
2019-09-25 04:44:48,871 [ForkJoinPool.commonPool-worker-0] INFO  impl.RaftServerImpl (ServerState.java:close(385)) - 4a6eb500-5cbf-400b-b677-1633421db4a2@group-440F611E4189: closes. applyIndex: -1
2019-09-25 04:44:48,874 [4a6eb500-5cbf-400b-b677-1633421db4a2@group-440F611E4189-SegmentedRaftLogWorker] INFO  segmented.SegmentedRaftLogWorker (SegmentedRaftLogWorker.java:run(313)) - 4a6eb500-5cbf-400b-b677-1633421db4a2@group-440F611E4189-SegmentedRaftLogWorker was interrupted, exiting. There are 0 tasks remaining in the queue.
2019-09-25 04:44:48,875 [ForkJoinPool.commonPool-worker-0] INFO  segmented.SegmentedRaftLogWorker (SegmentedRaftLogWorker.java:close(228)) - 4a6eb500-5cbf-400b-b677-1633421db4a2@group-440F611E4189-SegmentedRaftLogWorker close()
2019-09-25 04:44:48,880 [ForkJoinPool.commonPool-worker-0] INFO  impl.RaftServerImpl (RaftServerImpl.java:lambda$shutdown$3(251)) - 4a6eb500-5cbf-400b-b677-1633421db4a2@group-88AFA1C08B7F: shutdown
2019-09-25 04:44:48,881 [ForkJoinPool.commonPool-worker-0] INFO  util.JmxRegister (JmxRegister.java:unregister(73)) - Successfully un-registered JMX Bean with object name Ratis:service=RaftServer,group=group-88AFA1C08B7F,id=4a6eb500-5cbf-400b-b677-1633421db4a2
2019-09-25 04:44:48,881 [ForkJoinPool.commonPool-worker-0] INFO  impl.RoleInfo (RoleInfo.java:shutdownFollowerState(121)) - 4a6eb500-5cbf-400b-b677-1633421db4a2: shutdown FollowerState
2019-09-25 04:44:48,881 [ForkJoinPool.commonPool-worker-0] INFO  impl.StateMachineUpdater (StateMachineUpdater.java:stopAndJoin(125)) - 4a6eb500-5cbf-400b-b677-1633421db4a2@group-88AFA1C08B7F-StateMachineUpdater: set stopIndex = -1
2019-09-25 04:44:48,881 [Thread-899] INFO  impl.FollowerState (FollowerState.java:run(115)) - 4a6eb500-5cbf-400b-b677-1633421db4a2: FollowerState was interrupted: java.lang.InterruptedException: sleep interrupted
2019-09-25 04:44:48,881 [ForkJoinPool.commonPool-worker-0] INFO  impl.RaftServerImpl (ServerState.java:close(385)) - 4a6eb500-5cbf-400b-b677-1633421db4a2@group-88AFA1C08B7F: closes. applyIndex: -1
2019-09-25 04:44:48,884 [4a6eb500-5cbf-400b-b677-1633421db4a2@group-88AFA1C08B7F-SegmentedRaftLogWorker] INFO  segmented.SegmentedRaftLogWorker (SegmentedRaftLogWorker.java:run(313)) - 4a6eb500-5cbf-400b-b677-1633421db4a2@group-88AFA1C08B7F-SegmentedRaftLogWorker was interrupted, exiting. There are 0 tasks remaining in the queue.
2019-09-25 04:44:48,884 [ForkJoinPool.commonPool-worker-0] INFO  segmented.SegmentedRaftLogWorker (SegmentedRaftLogWorker.java:close(228)) - 4a6eb500-5cbf-400b-b677-1633421db4a2@group-88AFA1C08B7F-SegmentedRaftLogWorker close()
2019-09-25 04:44:48,888 [ForkJoinPool.commonPool-worker-0] INFO  impl.RaftServerImpl (RaftServerImpl.java:lambda$shutdown$3(251)) - 4a6eb500-5cbf-400b-b677-1633421db4a2@group-CE735EE107E7: shutdown
2019-09-25 04:44:48,889 [ForkJoinPool.commonPool-worker-0] INFO  util.JmxRegister (JmxRegister.java:unregister(73)) - Successfully un-registered JMX Bean with object name Ratis:service=RaftServer,group=group-CE735EE107E7,id=4a6eb500-5cbf-400b-b677-1633421db4a2
2019-09-25 04:44:48,889 [ForkJoinPool.commonPool-worker-0] INFO  impl.RoleInfo (RoleInfo.java:shutdownLeaderElection(134)) - 4a6eb500-5cbf-400b-b677-1633421db4a2: shutdown LeaderElection
2019-09-25 04:44:48,889 [ForkJoinPool.commonPool-worker-0] INFO  impl.StateMachineUpdater (StateMachineUpdater.java:stopAndJoin(125)) - 4a6eb500-5cbf-400b-b677-1633421db4a2@group-CE735EE107E7-StateMachineUpdater: set stopIndex = -1
2019-09-25 04:44:48,889 [ForkJoinPool.commonPool-worker-0] INFO  impl.RaftServerImpl (ServerState.java:close(385)) - 4a6eb500-5cbf-400b-b677-1633421db4a2@group-CE735EE107E7: closes. applyIndex: -1
2019-09-25 04:44:48,890 [4a6eb500-5cbf-400b-b677-1633421db4a2@group-CE735EE107E7-SegmentedRaftLogWorker] INFO  segmented.SegmentedRaftLogWorker (SegmentedRaftLogWorker.java:run(313)) - 4a6eb500-5cbf-400b-b677-1633421db4a2@group-CE735EE107E7-SegmentedRaftLogWorker was interrupted, exiting. There are 0 tasks remaining in the queue.
2019-09-25 04:44:48,890 [ForkJoinPool.commonPool-worker-0] INFO  segmented.SegmentedRaftLogWorker (SegmentedRaftLogWorker.java:close(228)) - 4a6eb500-5cbf-400b-b677-1633421db4a2@group-CE735EE107E7-SegmentedRaftLogWorker close()
2019-09-25 04:44:48,894 [ForkJoinPool.commonPool-worker-0] INFO  impl.RaftServerImpl (RaftServerImpl.java:lambda$shutdown$3(251)) - 4a6eb500-5cbf-400b-b677-1633421db4a2@group-80D42DB64689: shutdown
2019-09-25 04:44:48,894 [ForkJoinPool.commonPool-worker-0] INFO  util.JmxRegister (JmxRegister.java:unregister(73)) - Successfully un-registered JMX Bean with object name Ratis:service=RaftServer,group=group-80D42DB64689,id=4a6eb500-5cbf-400b-b677-1633421db4a2
2019-09-25 04:44:48,895 [ForkJoinPool.commonPool-worker-0] INFO  impl.RoleInfo (RoleInfo.java:shutdownLeaderElection(134)) - 4a6eb500-5cbf-400b-b677-1633421db4a2: shutdown LeaderElection
2019-09-25 04:44:48,895 [ForkJoinPool.commonPool-worker-0] INFO  impl.StateMachineUpdater (StateMachineUpdater.java:stopAndJoin(125)) - 4a6eb500-5cbf-400b-b677-1633421db4a2@group-80D42DB64689-StateMachineUpdater: set stopIndex = -1
2019-09-25 04:44:48,895 [ForkJoinPool.commonPool-worker-0] INFO  impl.RaftServerImpl (ServerState.java:close(385)) - 4a6eb500-5cbf-400b-b677-1633421db4a2@group-80D42DB64689: closes. applyIndex: -1
2019-09-25 04:44:48,896 [4a6eb500-5cbf-400b-b677-1633421db4a2@group-80D42DB64689-SegmentedRaftLogWorker] INFO  segmented.SegmentedRaftLogWorker (SegmentedRaftLogWorker.java:run(313)) - 4a6eb500-5cbf-400b-b677-1633421db4a2@group-80D42DB64689-SegmentedRaftLogWorker was interrupted, exiting. There are 0 tasks remaining in the queue.
2019-09-25 04:44:48,896 [ForkJoinPool.commonPool-worker-0] INFO  segmented.SegmentedRaftLogWorker (SegmentedRaftLogWorker.java:close(228)) - 4a6eb500-5cbf-400b-b677-1633421db4a2@group-80D42DB64689-SegmentedRaftLogWorker close()
2019-09-25 04:44:48,900 [ForkJoinPool.commonPool-worker-0] INFO  server.GrpcService (GrpcService.java:closeImpl(164)) - 4a6eb500-5cbf-400b-b677-1633421db4a2: shutdown server with port 41453 now
2019-09-25 04:44:48,900 [ForkJoinPool.commonPool-worker-0] INFO  server.GrpcService (GrpcService.java:closeImpl(172)) - 4a6eb500-5cbf-400b-b677-1633421db4a2: shutdown server with port 41453 successfully
2019-09-25 04:44:48,902 [refreshUsed-/workdir/hadoop-ozone/integration-test/target/test-dir/MiniOzoneClusterImpl-35769ac5-a4ef-4df9-86f1-fb87f256fef7/datanode-1/data/containers] WARN  fs.CachingGetSpaceUsed (CachingGetSpaceUsed.java:run(183)) - Thread Interrupted waiting to refresh disk information: sleep interrupted
2019-09-25 04:44:48,910 [main] INFO  utils.BackgroundService (BackgroundService.java:shutdown(148)) - Shutting down service BlockDeletingService
2019-09-25 04:44:48,916 [main] INFO  statemachine.DatanodeStateMachine (DatanodeStateMachine.java:stopDaemon(395)) - Ozone container server stopped.
2019-09-25 04:44:48,917 [main] INFO  handler.ContextHandler (ContextHandler.java:doStop(910)) - Stopped o.e.j.w.WebAppContext@b61edb9{/,null,UNAVAILABLE}{/hddsDatanode}
2019-09-25 04:44:48,918 [main] INFO  server.AbstractConnector (AbstractConnector.java:doStop(318)) - Stopped ServerConnector@5d3ff859{HTTP/1.1,[http/1.1]}{0.0.0.0:0}
2019-09-25 04:44:48,918 [main] INFO  handler.ContextHandler (ContextHandler.java:doStop(910)) - Stopped o.e.j.s.ServletContextHandler@3ddb774f{/static,jar:file:/home/user/.m2/repository/org/apache/hadoop/hadoop-hdds-container-service/0.5.0-SNAPSHOT/hadoop-hdds-container-service-0.5.0-SNAPSHOT.jar!/webapps/static,UNAVAILABLE}
2019-09-25 04:44:48,919 [main] INFO  handler.ContextHandler (ContextHandler.java:doStop(910)) - Stopped o.e.j.s.ServletContextHandler@294f9d50{/logs,file:///workdir/hadoop-ozone/integration-test/target/log,UNAVAILABLE}
2019-09-25 04:44:48,922 [ForkJoinPool.commonPool-worker-0] INFO  utils.BackgroundService (BackgroundService.java:shutdown(148)) - Shutting down service BlockDeletingService
2019-09-25 04:44:48,928 [ForkJoinPool.commonPool-worker-0] INFO  statemachine.DatanodeStateMachine (DatanodeStateMachine.java:stopDaemon(395)) - Ozone container server stopped.
2019-09-25 04:44:48,933 [ForkJoinPool.commonPool-worker-0] INFO  handler.ContextHandler (ContextHandler.java:doStop(910)) - Stopped o.e.j.w.WebAppContext@7b61bf11{/,null,UNAVAILABLE}{/hddsDatanode}
2019-09-25 04:44:48,933 [ForkJoinPool.commonPool-worker-0] INFO  server.AbstractConnector (AbstractConnector.java:doStop(318)) - Stopped ServerConnector@40247d48{HTTP/1.1,[http/1.1]}{0.0.0.0:0}
2019-09-25 04:44:48,935 [ForkJoinPool.commonPool-worker-0] INFO  handler.ContextHandler (ContextHandler.java:doStop(910)) - Stopped o.e.j.s.ServletContextHandler@46911148{/static,jar:file:/home/user/.m2/repository/org/apache/hadoop/hadoop-hdds-container-service/0.5.0-SNAPSHOT/hadoop-hdds-container-service-0.5.0-SNAPSHOT.jar!/webapps/static,UNAVAILABLE}
2019-09-25 04:44:48,936 [ForkJoinPool.commonPool-worker-0] INFO  handler.ContextHandler (ContextHandler.java:doStop(910)) - Stopped o.e.j.s.ServletContextHandler@65a9ea3c{/logs,file:///workdir/hadoop-ozone/integration-test/target/log,UNAVAILABLE}
2019-09-25 04:44:49,391 [Datanode State Machine Thread - 0] INFO  statemachine.DatanodeStateMachine (DatanodeStateMachine.java:lambda$startDaemon$0(350)) - Ozone container server started.
2019-09-25 04:44:49,601 [Datanode State Machine Thread - 0] INFO  statemachine.DatanodeStateMachine (DatanodeStateMachine.java:lambda$startDaemon$0(350)) - Ozone container server started.
2019-09-25 04:44:51,824 [501e761e-a7a2-4fbd-b2cb-ccb733f61c47@group-5E2D46E32BAE-SegmentedRaftLogWorker] INFO  segmented.SegmentedRaftLogWorker (SegmentedRaftLogWorker.java:execute(569)) - 501e761e-a7a2-4fbd-b2cb-ccb733f61c47@group-5E2D46E32BAE-SegmentedRaftLogWorker: created new log segment /workdir/hadoop-ozone/integration-test/target/test-dir/MiniOzoneClusterImpl-35769ac5-a4ef-4df9-86f1-fb87f256fef7/datanode-0/data/ratis/9a457684-8425-40e2-8438-5e2d46e32bae/current/log_inprogress_0
2019-09-25 04:44:51,847 [501e761e-a7a2-4fbd-b2cb-ccb733f61c47@group-440F611E4189:LeaderElection41] INFO  impl.LeaderElection (LeaderElection.java:askForVotes(182)) - 501e761e-a7a2-4fbd-b2cb-ccb733f61c47@group-440F611E4189:LeaderElection41: begin an election at term 1 for -1: [4a6eb500-5cbf-400b-b677-1633421db4a2:192.168.36.126:41453, 501e761e-a7a2-4fbd-b2cb-ccb733f61c47:192.168.36.126:43187, 20057af8-ad38-476a-8ab5-e2c30549d271:192.168.36.126:45594], old=null
2019-09-25 04:44:51,847 [20057af8-ad38-476a-8ab5-e2c30549d271@group-D717B926E0E9:LeaderElection35] INFO  impl.LeaderElection (LeaderElection.java:askForVotes(182)) - 20057af8-ad38-476a-8ab5-e2c30549d271@group-D717B926E0E9:LeaderElection35: begin an election at term 1 for -1: [4a6eb500-5cbf-400b-b677-1633421db4a2:192.168.36.126:41453, 501e761e-a7a2-4fbd-b2cb-ccb733f61c47:192.168.36.126:43187, 20057af8-ad38-476a-8ab5-e2c30549d271:192.168.36.126:45594], old=null
2019-09-25 04:44:51,847 [20057af8-ad38-476a-8ab5-e2c30549d271@group-80D42DB64689:LeaderElection36] INFO  impl.LeaderElection (LeaderElection.java:askForVotes(182)) - 20057af8-ad38-476a-8ab5-e2c30549d271@group-80D42DB64689:LeaderElection36: begin an election at term 1 for -1: [4a6eb500-5cbf-400b-b677-1633421db4a2:192.168.36.126:41453, 501e761e-a7a2-4fbd-b2cb-ccb733f61c47:192.168.36.126:43187, 20057af8-ad38-476a-8ab5-e2c30549d271:192.168.36.126:45594], old=null
2019-09-25 04:44:51,847 [20057af8-ad38-476a-8ab5-e2c30549d271@group-440F611E4189:LeaderElection39] INFO  impl.LeaderElection (LeaderElection.java:askForVotes(182)) - 20057af8-ad38-476a-8ab5-e2c30549d271@group-440F611E4189:LeaderElection39: begin an election at term 1 for -1: [4a6eb500-5cbf-400b-b677-1633421db4a2:192.168.36.126:41453, 501e761e-a7a2-4fbd-b2cb-ccb733f61c47:192.168.36.126:43187, 20057af8-ad38-476a-8ab5-e2c30549d271:192.168.36.126:45594], old=null
2019-09-25 04:44:51,847 [20057af8-ad38-476a-8ab5-e2c30549d271@group-88AFA1C08B7F:LeaderElection38] INFO  impl.LeaderElection (LeaderElection.java:askForVotes(182)) - 20057af8-ad38-476a-8ab5-e2c30549d271@group-88AFA1C08B7F:LeaderElection38: begin an election at term 1 for -1: [4a6eb500-5cbf-400b-b677-1633421db4a2:192.168.36.126:41453, 501e761e-a7a2-4fbd-b2cb-ccb733f61c47:192.168.36.126:43187, 20057af8-ad38-476a-8ab5-e2c30549d271:192.168.36.126:45594], old=null
2019-09-25 04:44:51,847 [4a6eb500-5cbf-400b-b677-1633421db4a2@group-D717B926E0E9:LeaderElection37] INFO  impl.LeaderElection (LeaderElection.java:askForVotes(182)) - 4a6eb500-5cbf-400b-b677-1633421db4a2@group-D717B926E0E9:LeaderElection37: begin an election at term 1 for -1: [4a6eb500-5cbf-400b-b677-1633421db4a2:192.168.36.126:41453, 501e761e-a7a2-4fbd-b2cb-ccb733f61c47:192.168.36.126:43187, 20057af8-ad38-476a-8ab5-e2c30549d271:192.168.36.126:45594], old=null
2019-09-25 04:44:51,847 [501e761e-a7a2-4fbd-b2cb-ccb733f61c47@group-D717B926E0E9:LeaderElection40] INFO  impl.LeaderElection (LeaderElection.java:askForVotes(182)) - 501e761e-a7a2-4fbd-b2cb-ccb733f61c47@group-D717B926E0E9:LeaderElection40: begin an election at term 1 for -1: [4a6eb500-5cbf-400b-b677-1633421db4a2:192.168.36.126:41453, 501e761e-a7a2-4fbd-b2cb-ccb733f61c47:192.168.36.126:43187, 20057af8-ad38-476a-8ab5-e2c30549d271:192.168.36.126:45594], old=null
2019-09-25 04:44:51,848 [4a6eb500-5cbf-400b-b677-1633421db4a2@group-D717B926E0E9:LeaderElection37] INFO  impl.LeaderElection (LogUtils.java:infoOrTrace(149)) - Failed 4a6eb500-5cbf-400b-b677-1633421db4a2@group-D717B926E0E9:LeaderElection37, state=CLOSING: {}
java.lang.IllegalArgumentException: 4a6eb500-5cbf-400b-b677-1633421db4a2@group-D717B926E0E9-SegmentedRaftLog is expected to be opened but it is CLOSED
	at org.apache.ratis.util.OpenCloseState.assertOpen(OpenCloseState.java:63)
	at org.apache.ratis.server.raftlog.RaftLog.checkLogState(RaftLog.java:102)
	at org.apache.ratis.server.raftlog.segmented.SegmentedRaftLog.getLastEntryTermIndex(SegmentedRaftLog.java:324)
	at org.apache.ratis.server.impl.LeaderElection.askForVotes(LeaderElection.java:184)
	at org.apache.ratis.server.impl.LeaderElection.run(LeaderElection.java:133)
	at java.lang.Thread.run(Thread.java:748)
Caused by: org.apache.ratis.util.OpenCloseState$CloseTrace: Close 4a6eb500-5cbf-400b-b677-1633421db4a2@group-D717B926E0E9-SegmentedRaftLog
	at org.apache.ratis.util.OpenCloseState.lambda$close$1(OpenCloseState.java:109)
	at java.util.concurrent.atomic.AtomicReference.getAndUpdate(AtomicReference.java:160)
	at org.apache.ratis.util.OpenCloseState.close(OpenCloseState.java:109)
	at org.apache.ratis.server.raftlog.RaftLog.close(RaftLog.java:437)
	at org.apache.ratis.server.raftlog.segmented.SegmentedRaftLog.close(SegmentedRaftLog.java:476)
	at org.apache.ratis.server.impl.ServerState.close(ServerState.java:387)
	at org.apache.ratis.server.impl.RaftServerImpl.lambda$shutdown$3(RaftServerImpl.java:273)
	at org.apache.ratis.util.LifeCycle.lambda$checkStateAndClose$2(LifeCycle.java:231)
	at org.apache.ratis.util.LifeCycle.checkStateAndClose(LifeCycle.java:251)
	at org.apache.ratis.util.LifeCycle.checkStateAndClose(LifeCycle.java:229)
	at org.apache.ratis.server.impl.RaftServerImpl.shutdown(RaftServerImpl.java:250)
	at org.apache.ratis.server.impl.RaftServerProxy$ImplMap.lambda$close$0(RaftServerProxy.java:107)
	at java.util.stream.ForEachOps$ForEachOp$OfRef.accept(ForEachOps.java:184)
	at java.util.stream.ReferencePipeline$3$1.accept(ReferencePipeline.java:193)
	at java.util.concurrent.ConcurrentHashMap$ValueSpliterator.forEachRemaining(ConcurrentHashMap.java:3566)
	at java.util.stream.AbstractPipeline.copyInto(AbstractPipeline.java:482)
	at java.util.stream.ForEachOps$ForEachTask.compute(ForEachOps.java:291)
	at java.util.concurrent.CountedCompleter.exec(CountedCompleter.java:731)
	at java.util.concurrent.ForkJoinTask.doExec(ForkJoinTask.java:289)
	at java.util.concurrent.ForkJoinTask.doInvoke(ForkJoinTask.java:401)
	at java.util.concurrent.ForkJoinTask.invoke(ForkJoinTask.java:734)
	at java.util.stream.ForEachOps$ForEachOp.evaluateParallel(ForEachOps.java:160)
	at java.util.stream.ForEachOps$ForEachOp$OfRef.evaluateParallel(ForEachOps.java:174)
	at java.util.stream.AbstractPipeline.evaluate(AbstractPipeline.java:233)
	at java.util.stream.ReferencePipeline.forEach(ReferencePipeline.java:418)
	at org.apache.ratis.server.impl.RaftServerProxy$ImplMap.close(RaftServerProxy.java:107)
	at org.apache.ratis.server.impl.RaftServerProxy.lambda$close$4(RaftServerProxy.java:315)
	at org.apache.ratis.util.LifeCycle.lambda$checkStateAndClose$2(LifeCycle.java:231)
	at org.apache.ratis.util.LifeCycle.checkStateAndClose(LifeCycle.java:251)
	at org.apache.ratis.util.LifeCycle.checkStateAndClose(LifeCycle.java:229)
	at org.apache.ratis.server.impl.RaftServerProxy.close(RaftServerProxy.java:313)
	at org.apache.hadoop.ozone.container.common.transport.server.ratis.XceiverServerRatis.stop(XceiverServerRatis.java:441)
	at org.apache.hadoop.ozone.container.ozoneimpl.OzoneContainer.stop(OzoneContainer.java:233)
	at org.apache.hadoop.ozone.container.common.statemachine.DatanodeStateMachine.close(DatanodeStateMachine.java:270)
	at org.apache.hadoop.ozone.container.common.statemachine.DatanodeStateMachine.stopDaemon(DatanodeStateMachine.java:394)
	at org.apache.hadoop.ozone.HddsDatanodeService.stop(HddsDatanodeService.java:457)
	at org.apache.hadoop.ozone.MiniOzoneClusterImpl.stopDatanode(MiniOzoneClusterImpl.java:385)
	at java.util.stream.ForEachOps$ForEachOp$OfRef.accept(ForEachOps.java:184)
	at java.util.ArrayList$ArrayListSpliterator.forEachRemaining(ArrayList.java:1382)
	at java.util.stream.AbstractPipeline.copyInto(AbstractPipeline.java:482)
	at java.util.stream.ForEachOps$ForEachTask.compute(ForEachOps.java:291)
	at java.util.concurrent.CountedCompleter.exec(CountedCompleter.java:731)
	at java.util.concurrent.ForkJoinTask.doExec(ForkJoinTask.java:289)
	at java.util.concurrent.ForkJoinPool$WorkQueue.runTask(ForkJoinPool.java:1056)
	at java.util.concurrent.ForkJoinPool.runWorker(ForkJoinPool.java:1692)
	at java.util.concurrent.ForkJoinWorkerThread.run(ForkJoinWorkerThread.java:157)
2019-09-25 04:44:51,852 [4a6eb500-5cbf-400b-b677-1633421db4a2@group-D717B926E0E9:LeaderElection37] INFO  impl.LeaderElection (LeaderElection.java:run(140)) - 4a6eb500-5cbf-400b-b677-1633421db4a2@group-D717B926E0E9:LeaderElection37: IllegalArgumentException is safely ignored since this is already CLOSING
2019-09-25 04:44:51,854 [501e761e-a7a2-4fbd-b2cb-ccb733f61c47@group-440F611E4189:LeaderElection41] INFO  impl.LeaderElection (LogUtils.java:infoOrTrace(149)) - 501e761e-a7a2-4fbd-b2cb-ccb733f61c47@group-440F611E4189:LeaderElection41 got exception when requesting votes: {}
java.util.concurrent.ExecutionException: org.apache.ratis.thirdparty.io.grpc.StatusRuntimeException: UNAVAILABLE: io exception
	at java.util.concurrent.FutureTask.report(FutureTask.java:122)
	at java.util.concurrent.FutureTask.get(FutureTask.java:192)
	at org.apache.ratis.server.impl.LeaderElection.waitForResults(LeaderElection.java:263)
	at org.apache.ratis.server.impl.LeaderElection.askForVotes(LeaderElection.java:201)
	at org.apache.ratis.server.impl.LeaderElection.run(LeaderElection.java:133)
	at java.lang.Thread.run(Thread.java:748)
Caused by: org.apache.ratis.thirdparty.io.grpc.StatusRuntimeException: UNAVAILABLE: io exception
	at org.apache.ratis.thirdparty.io.grpc.stub.ClientCalls.toStatusRuntimeException(ClientCalls.java:233)
	at org.apache.ratis.thirdparty.io.grpc.stub.ClientCalls.getUnchecked(ClientCalls.java:214)
	at org.apache.ratis.thirdparty.io.grpc.stub.ClientCalls.blockingUnaryCall(ClientCalls.java:139)
	at org.apache.ratis.proto.grpc.RaftServerProtocolServiceGrpc$RaftServerProtocolServiceBlockingStub.requestVote(RaftServerProtocolServiceGrpc.java:265)
	at org.apache.ratis.grpc.server.GrpcServerProtocolClient.requestVote(GrpcServerProtocolClient.java:90)
	at org.apache.ratis.grpc.server.GrpcService.requestVote(GrpcService.java:204)
	at org.apache.ratis.server.impl.LeaderElection.lambda$submitRequests$1(LeaderElection.java:238)
	at java.util.concurrent.FutureTask.run(FutureTask.java:266)
	at java.util.concurrent.Executors$RunnableAdapter.call(Executors.java:511)
	at java.util.concurrent.FutureTask.run(FutureTask.java:266)
	at java.util.concurrent.ThreadPoolExecutor.runWorker(ThreadPoolExecutor.java:1149)
	at java.util.concurrent.ThreadPoolExecutor$Worker.run(ThreadPoolExecutor.java:624)
	... 1 more
Caused by: org.apache.ratis.thirdparty.io.netty.channel.AbstractChannel$AnnotatedConnectException: Connection refused: /192.168.36.126:41453
	at sun.nio.ch.SocketChannelImpl.checkConnect(Native Method)
	at sun.nio.ch.SocketChannelImpl.finishConnect(SocketChannelImpl.java:717)
	at org.apache.ratis.thirdparty.io.netty.channel.socket.nio.NioSocketChannel.doFinishConnect(NioSocketChannel.java:327)
	at org.apache.ratis.thirdparty.io.netty.channel.nio.AbstractNioChannel$AbstractNioUnsafe.finishConnect(AbstractNioChannel.java:340)
	at org.apache.ratis.thirdparty.io.netty.channel.nio.NioEventLoop.processSelectedKey(NioEventLoop.java:632)
	at org.apache.ratis.thirdparty.io.netty.channel.nio.NioEventLoop.processSelectedKeysOptimized(NioEventLoop.java:579)
	at org.apache.ratis.thirdparty.io.netty.channel.nio.NioEventLoop.processSelectedKeys(NioEventLoop.java:496)
	at org.apache.ratis.thirdparty.io.netty.channel.nio.NioEventLoop.run(NioEventLoop.java:458)
	at org.apache.ratis.thirdparty.io.netty.util.concurrent.SingleThreadEventExecutor$5.run(SingleThreadEventExecutor.java:897)
	at org.apache.ratis.thirdparty.io.netty.util.concurrent.FastThreadLocalRunnable.run(FastThreadLocalRunnable.java:30)
	... 1 more
Caused by: java.net.ConnectException: Connection refused
	... 11 more
2019-09-25 04:44:51,854 [501e761e-a7a2-4fbd-b2cb-ccb733f61c47@group-D717B926E0E9:LeaderElection40] INFO  impl.LeaderElection (LogUtils.java:infoOrTrace(149)) - 501e761e-a7a2-4fbd-b2cb-ccb733f61c47@group-D717B926E0E9:LeaderElection40 got exception when requesting votes: {}
java.util.concurrent.ExecutionException: org.apache.ratis.thirdparty.io.grpc.StatusRuntimeException: UNAVAILABLE: io exception
	at java.util.concurrent.FutureTask.report(FutureTask.java:122)
	at java.util.concurrent.FutureTask.get(FutureTask.java:192)
	at org.apache.ratis.server.impl.LeaderElection.waitForResults(LeaderElection.java:263)
	at org.apache.ratis.server.impl.LeaderElection.askForVotes(LeaderElection.java:201)
	at org.apache.ratis.server.impl.LeaderElection.run(LeaderElection.java:133)
	at java.lang.Thread.run(Thread.java:748)
Caused by: org.apache.ratis.thirdparty.io.grpc.StatusRuntimeException: UNAVAILABLE: io exception
	at org.apache.ratis.thirdparty.io.grpc.stub.ClientCalls.toStatusRuntimeException(ClientCalls.java:233)
	at org.apache.ratis.thirdparty.io.grpc.stub.ClientCalls.getUnchecked(ClientCalls.java:214)
	at org.apache.ratis.thirdparty.io.grpc.stub.ClientCalls.blockingUnaryCall(ClientCalls.java:139)
	at org.apache.ratis.proto.grpc.RaftServerProtocolServiceGrpc$RaftServerProtocolServiceBlockingStub.requestVote(RaftServerProtocolServiceGrpc.java:265)
	at org.apache.ratis.grpc.server.GrpcServerProtocolClient.requestVote(GrpcServerProtocolClient.java:90)
	at org.apache.ratis.grpc.server.GrpcService.requestVote(GrpcService.java:204)
	at org.apache.ratis.server.impl.LeaderElection.lambda$submitRequests$1(LeaderElection.java:238)
	at java.util.concurrent.FutureTask.run(FutureTask.java:266)
	at java.util.concurrent.Executors$RunnableAdapter.call(Executors.java:511)
	at java.util.concurrent.FutureTask.run(FutureTask.java:266)
	at java.util.concurrent.ThreadPoolExecutor.runWorker(ThreadPoolExecutor.java:1149)
	at java.util.concurrent.ThreadPoolExecutor$Worker.run(ThreadPoolExecutor.java:624)
	... 1 more
Caused by: org.apache.ratis.thirdparty.io.netty.channel.AbstractChannel$AnnotatedConnectException: Connection refused: /192.168.36.126:41453
	at sun.nio.ch.SocketChannelImpl.checkConnect(Native Method)
	at sun.nio.ch.SocketChannelImpl.finishConnect(SocketChannelImpl.java:717)
	at org.apache.ratis.thirdparty.io.netty.channel.socket.nio.NioSocketChannel.doFinishConnect(NioSocketChannel.java:327)
	at org.apache.ratis.thirdparty.io.netty.channel.nio.AbstractNioChannel$AbstractNioUnsafe.finishConnect(AbstractNioChannel.java:340)
	at org.apache.ratis.thirdparty.io.netty.channel.nio.NioEventLoop.processSelectedKey(NioEventLoop.java:632)
	at org.apache.ratis.thirdparty.io.netty.channel.nio.NioEventLoop.processSelectedKeysOptimized(NioEventLoop.java:579)
	at org.apache.ratis.thirdparty.io.netty.channel.nio.NioEventLoop.processSelectedKeys(NioEventLoop.java:496)
	at org.apache.ratis.thirdparty.io.netty.channel.nio.NioEventLoop.run(NioEventLoop.java:458)
	at org.apache.ratis.thirdparty.io.netty.util.concurrent.SingleThreadEventExecutor$5.run(SingleThreadEventExecutor.java:897)
	at org.apache.ratis.thirdparty.io.netty.util.concurrent.FastThreadLocalRunnable.run(FastThreadLocalRunnable.java:30)
	... 1 more
Caused by: java.net.ConnectException: Connection refused
	... 11 more
2019-09-25 04:44:51,857 [20057af8-ad38-476a-8ab5-e2c30549d271@group-88AFA1C08B7F:LeaderElection38] INFO  impl.LeaderElection (LogUtils.java:infoOrTrace(149)) - 20057af8-ad38-476a-8ab5-e2c30549d271@group-88AFA1C08B7F:LeaderElection38 got exception when requesting votes: {}
java.util.concurrent.ExecutionException: org.apache.ratis.thirdparty.io.grpc.StatusRuntimeException: UNAVAILABLE: io exception
	at java.util.concurrent.FutureTask.report(FutureTask.java:122)
	at java.util.concurrent.FutureTask.get(FutureTask.java:192)
	at org.apache.ratis.server.impl.LeaderElection.waitForResults(LeaderElection.java:263)
	at org.apache.ratis.server.impl.LeaderElection.askForVotes(LeaderElection.java:201)
	at org.apache.ratis.server.impl.LeaderElection.run(LeaderElection.java:133)
	at java.lang.Thread.run(Thread.java:748)
Caused by: org.apache.ratis.thirdparty.io.grpc.StatusRuntimeException: UNAVAILABLE: io exception
	at org.apache.ratis.thirdparty.io.grpc.stub.ClientCalls.toStatusRuntimeException(ClientCalls.java:233)
	at org.apache.ratis.thirdparty.io.grpc.stub.ClientCalls.getUnchecked(ClientCalls.java:214)
	at org.apache.ratis.thirdparty.io.grpc.stub.ClientCalls.blockingUnaryCall(ClientCalls.java:139)
	at org.apache.ratis.proto.grpc.RaftServerProtocolServiceGrpc$RaftServerProtocolServiceBlockingStub.requestVote(RaftServerProtocolServiceGrpc.java:265)
	at org.apache.ratis.grpc.server.GrpcServerProtocolClient.requestVote(GrpcServerProtocolClient.java:90)
	at org.apache.ratis.grpc.server.GrpcService.requestVote(GrpcService.java:204)
	at org.apache.ratis.server.impl.LeaderElection.lambda$submitRequests$1(LeaderElection.java:238)
	at java.util.concurrent.FutureTask.run(FutureTask.java:266)
	at java.util.concurrent.Executors$RunnableAdapter.call(Executors.java:511)
	at java.util.concurrent.FutureTask.run(FutureTask.java:266)
	at java.util.concurrent.ThreadPoolExecutor.runWorker(ThreadPoolExecutor.java:1149)
	at java.util.concurrent.ThreadPoolExecutor$Worker.run(ThreadPoolExecutor.java:624)
	... 1 more
Caused by: org.apache.ratis.thirdparty.io.netty.channel.AbstractChannel$AnnotatedConnectException: Connection refused: /192.168.36.126:41453
	at sun.nio.ch.SocketChannelImpl.checkConnect(Native Method)
	at sun.nio.ch.SocketChannelImpl.finishConnect(SocketChannelImpl.java:717)
	at org.apache.ratis.thirdparty.io.netty.channel.socket.nio.NioSocketChannel.doFinishConnect(NioSocketChannel.java:327)
	at org.apache.ratis.thirdparty.io.netty.channel.nio.AbstractNioChannel$AbstractNioUnsafe.finishConnect(AbstractNioChannel.java:340)
	at org.apache.ratis.thirdparty.io.netty.channel.nio.NioEventLoop.processSelectedKey(NioEventLoop.java:632)
	at org.apache.ratis.thirdparty.io.netty.channel.nio.NioEventLoop.processSelectedKeysOptimized(NioEventLoop.java:579)
	at org.apache.ratis.thirdparty.io.netty.channel.nio.NioEventLoop.processSelectedKeys(NioEventLoop.java:496)
	at org.apache.ratis.thirdparty.io.netty.channel.nio.NioEventLoop.run(NioEventLoop.java:458)
	at org.apache.ratis.thirdparty.io.netty.util.concurrent.SingleThreadEventExecutor$5.run(SingleThreadEventExecutor.java:897)
	at org.apache.ratis.thirdparty.io.netty.util.concurrent.FastThreadLocalRunnable.run(FastThreadLocalRunnable.java:30)
	... 1 more
Caused by: java.net.ConnectException: Connection refused
	... 11 more
2019-09-25 04:44:51,857 [20057af8-ad38-476a-8ab5-e2c30549d271@group-80D42DB64689:LeaderElection36] INFO  impl.LeaderElection (LogUtils.java:infoOrTrace(149)) - 20057af8-ad38-476a-8ab5-e2c30549d271@group-80D42DB64689:LeaderElection36 got exception when requesting votes: {}
java.util.concurrent.ExecutionException: org.apache.ratis.thirdparty.io.grpc.StatusRuntimeException: UNAVAILABLE: io exception
	at java.util.concurrent.FutureTask.report(FutureTask.java:122)
	at java.util.concurrent.FutureTask.get(FutureTask.java:192)
	at org.apache.ratis.server.impl.LeaderElection.waitForResults(LeaderElection.java:263)
	at org.apache.ratis.server.impl.LeaderElection.askForVotes(LeaderElection.java:201)
	at org.apache.ratis.server.impl.LeaderElection.run(LeaderElection.java:133)
	at java.lang.Thread.run(Thread.java:748)
Caused by: org.apache.ratis.thirdparty.io.grpc.StatusRuntimeException: UNAVAILABLE: io exception
	at org.apache.ratis.thirdparty.io.grpc.stub.ClientCalls.toStatusRuntimeException(ClientCalls.java:233)
	at org.apache.ratis.thirdparty.io.grpc.stub.ClientCalls.getUnchecked(ClientCalls.java:214)
	at org.apache.ratis.thirdparty.io.grpc.stub.ClientCalls.blockingUnaryCall(ClientCalls.java:139)
	at org.apache.ratis.proto.grpc.RaftServerProtocolServiceGrpc$RaftServerProtocolServiceBlockingStub.requestVote(RaftServerProtocolServiceGrpc.java:265)
	at org.apache.ratis.grpc.server.GrpcServerProtocolClient.requestVote(GrpcServerProtocolClient.java:90)
	at org.apache.ratis.grpc.server.GrpcService.requestVote(GrpcService.java:204)
	at org.apache.ratis.server.impl.LeaderElection.lambda$submitRequests$1(LeaderElection.java:238)
	at java.util.concurrent.FutureTask.run(FutureTask.java:266)
	at java.util.concurrent.Executors$RunnableAdapter.call(Executors.java:511)
	at java.util.concurrent.FutureTask.run(FutureTask.java:266)
	at java.util.concurrent.ThreadPoolExecutor.runWorker(ThreadPoolExecutor.java:1149)
	at java.util.concurrent.ThreadPoolExecutor$Worker.run(ThreadPoolExecutor.java:624)
	... 1 more
Caused by: org.apache.ratis.thirdparty.io.netty.channel.AbstractChannel$AnnotatedConnectException: Connection refused: /192.168.36.126:41453
	at sun.nio.ch.SocketChannelImpl.checkConnect(Native Method)
	at sun.nio.ch.SocketChannelImpl.finishConnect(SocketChannelImpl.java:717)
	at org.apache.ratis.thirdparty.io.netty.channel.socket.nio.NioSocketChannel.doFinishConnect(NioSocketChannel.java:327)
	at org.apache.ratis.thirdparty.io.netty.channel.nio.AbstractNioChannel$AbstractNioUnsafe.finishConnect(AbstractNioChannel.java:340)
	at org.apache.ratis.thirdparty.io.netty.channel.nio.NioEventLoop.processSelectedKey(NioEventLoop.java:632)
	at org.apache.ratis.thirdparty.io.netty.channel.nio.NioEventLoop.processSelectedKeysOptimized(NioEventLoop.java:579)
	at org.apache.ratis.thirdparty.io.netty.channel.nio.NioEventLoop.processSelectedKeys(NioEventLoop.java:496)
	at org.apache.ratis.thirdparty.io.netty.channel.nio.NioEventLoop.run(NioEventLoop.java:458)
	at org.apache.ratis.thirdparty.io.netty.util.concurrent.SingleThreadEventExecutor$5.run(SingleThreadEventExecutor.java:897)
	at org.apache.ratis.thirdparty.io.netty.util.concurrent.FastThreadLocalRunnable.run(FastThreadLocalRunnable.java:30)
	... 1 more
Caused by: java.net.ConnectException: Connection refused
	... 11 more
2019-09-25 04:44:51,857 [20057af8-ad38-476a-8ab5-e2c30549d271@group-440F611E4189:LeaderElection39] INFO  impl.LeaderElection (LogUtils.java:infoOrTrace(149)) - 20057af8-ad38-476a-8ab5-e2c30549d271@group-440F611E4189:LeaderElection39 got exception when requesting votes: {}
java.util.concurrent.ExecutionException: org.apache.ratis.thirdparty.io.grpc.StatusRuntimeException: UNAVAILABLE: io exception
	at java.util.concurrent.FutureTask.report(FutureTask.java:122)
	at java.util.concurrent.FutureTask.get(FutureTask.java:192)
	at org.apache.ratis.server.impl.LeaderElection.waitForResults(LeaderElection.java:263)
	at org.apache.ratis.server.impl.LeaderElection.askForVotes(LeaderElection.java:201)
	at org.apache.ratis.server.impl.LeaderElection.run(LeaderElection.java:133)
	at java.lang.Thread.run(Thread.java:748)
Caused by: org.apache.ratis.thirdparty.io.grpc.StatusRuntimeException: UNAVAILABLE: io exception
	at org.apache.ratis.thirdparty.io.grpc.stub.ClientCalls.toStatusRuntimeException(ClientCalls.java:233)
	at org.apache.ratis.thirdparty.io.grpc.stub.ClientCalls.getUnchecked(ClientCalls.java:214)
	at org.apache.ratis.thirdparty.io.grpc.stub.ClientCalls.blockingUnaryCall(ClientCalls.java:139)
	at org.apache.ratis.proto.grpc.RaftServerProtocolServiceGrpc$RaftServerProtocolServiceBlockingStub.requestVote(RaftServerProtocolServiceGrpc.java:265)
	at org.apache.ratis.grpc.server.GrpcServerProtocolClient.requestVote(GrpcServerProtocolClient.java:90)
	at org.apache.ratis.grpc.server.GrpcService.requestVote(GrpcService.java:204)
	at org.apache.ratis.server.impl.LeaderElection.lambda$submitRequests$1(LeaderElection.java:238)
	at java.util.concurrent.FutureTask.run(FutureTask.java:266)
	at java.util.concurrent.Executors$RunnableAdapter.call(Executors.java:511)
	at java.util.concurrent.FutureTask.run(FutureTask.java:266)
	at java.util.concurrent.ThreadPoolExecutor.runWorker(ThreadPoolExecutor.java:1149)
	at java.util.concurrent.ThreadPoolExecutor$Worker.run(ThreadPoolExecutor.java:624)
	... 1 more
Caused by: org.apache.ratis.thirdparty.io.netty.channel.AbstractChannel$AnnotatedConnectException: Connection refused: /192.168.36.126:41453
	at sun.nio.ch.SocketChannelImpl.checkConnect(Native Method)
	at sun.nio.ch.SocketChannelImpl.finishConnect(SocketChannelImpl.java:717)
	at org.apache.ratis.thirdparty.io.netty.channel.socket.nio.NioSocketChannel.doFinishConnect(NioSocketChannel.java:327)
	at org.apache.ratis.thirdparty.io.netty.channel.nio.AbstractNioChannel$AbstractNioUnsafe.finishConnect(AbstractNioChannel.java:340)
	at org.apache.ratis.thirdparty.io.netty.channel.nio.NioEventLoop.processSelectedKey(NioEventLoop.java:632)
	at org.apache.ratis.thirdparty.io.netty.channel.nio.NioEventLoop.processSelectedKeysOptimized(NioEventLoop.java:579)
	at org.apache.ratis.thirdparty.io.netty.channel.nio.NioEventLoop.processSelectedKeys(NioEventLoop.java:496)
	at org.apache.ratis.thirdparty.io.netty.channel.nio.NioEventLoop.run(NioEventLoop.java:458)
	at org.apache.ratis.thirdparty.io.netty.util.concurrent.SingleThreadEventExecutor$5.run(SingleThreadEventExecutor.java:897)
	at org.apache.ratis.thirdparty.io.netty.util.concurrent.FastThreadLocalRunnable.run(FastThreadLocalRunnable.java:30)
	... 1 more
Caused by: java.net.ConnectException: Connection refused
	... 11 more
2019-09-25 04:44:51,857 [20057af8-ad38-476a-8ab5-e2c30549d271@group-D717B926E0E9:LeaderElection35] INFO  impl.LeaderElection (LogUtils.java:infoOrTrace(149)) - 20057af8-ad38-476a-8ab5-e2c30549d271@group-D717B926E0E9:LeaderElection35 got exception when requesting votes: {}
java.util.concurrent.ExecutionException: org.apache.ratis.thirdparty.io.grpc.StatusRuntimeException: UNAVAILABLE: io exception
	at java.util.concurrent.FutureTask.report(FutureTask.java:122)
	at java.util.concurrent.FutureTask.get(FutureTask.java:192)
	at org.apache.ratis.server.impl.LeaderElection.waitForResults(LeaderElection.java:263)
	at org.apache.ratis.server.impl.LeaderElection.askForVotes(LeaderElection.java:201)
	at org.apache.ratis.server.impl.LeaderElection.run(LeaderElection.java:133)
	at java.lang.Thread.run(Thread.java:748)
Caused by: org.apache.ratis.thirdparty.io.grpc.StatusRuntimeException: UNAVAILABLE: io exception
	at org.apache.ratis.thirdparty.io.grpc.stub.ClientCalls.toStatusRuntimeException(ClientCalls.java:233)
	at org.apache.ratis.thirdparty.io.grpc.stub.ClientCalls.getUnchecked(ClientCalls.java:214)
	at org.apache.ratis.thirdparty.io.grpc.stub.ClientCalls.blockingUnaryCall(ClientCalls.java:139)
	at org.apache.ratis.proto.grpc.RaftServerProtocolServiceGrpc$RaftServerProtocolServiceBlockingStub.requestVote(RaftServerProtocolServiceGrpc.java:265)
	at org.apache.ratis.grpc.server.GrpcServerProtocolClient.requestVote(GrpcServerProtocolClient.java:90)
	at org.apache.ratis.grpc.server.GrpcService.requestVote(GrpcService.java:204)
	at org.apache.ratis.server.impl.LeaderElection.lambda$submitRequests$1(LeaderElection.java:238)
	at java.util.concurrent.FutureTask.run(FutureTask.java:266)
	at java.util.concurrent.Executors$RunnableAdapter.call(Executors.java:511)
	at java.util.concurrent.FutureTask.run(FutureTask.java:266)
	at java.util.concurrent.ThreadPoolExecutor.runWorker(ThreadPoolExecutor.java:1149)
	at java.util.concurrent.ThreadPoolExecutor$Worker.run(ThreadPoolExecutor.java:624)
	... 1 more
Caused by: org.apache.ratis.thirdparty.io.netty.channel.AbstractChannel$AnnotatedConnectException: Connection refused: /192.168.36.126:41453
	at sun.nio.ch.SocketChannelImpl.checkConnect(Native Method)
	at sun.nio.ch.SocketChannelImpl.finishConnect(SocketChannelImpl.java:717)
	at org.apache.ratis.thirdparty.io.netty.channel.socket.nio.NioSocketChannel.doFinishConnect(NioSocketChannel.java:327)
	at org.apache.ratis.thirdparty.io.netty.channel.nio.AbstractNioChannel$AbstractNioUnsafe.finishConnect(AbstractNioChannel.java:340)
	at org.apache.ratis.thirdparty.io.netty.channel.nio.NioEventLoop.processSelectedKey(NioEventLoop.java:632)
	at org.apache.ratis.thirdparty.io.netty.channel.nio.NioEventLoop.processSelectedKeysOptimized(NioEventLoop.java:579)
	at org.apache.ratis.thirdparty.io.netty.channel.nio.NioEventLoop.processSelectedKeys(NioEventLoop.java:496)
	at org.apache.ratis.thirdparty.io.netty.channel.nio.NioEventLoop.run(NioEventLoop.java:458)
	at org.apache.ratis.thirdparty.io.netty.util.concurrent.SingleThreadEventExecutor$5.run(SingleThreadEventExecutor.java:897)
	at org.apache.ratis.thirdparty.io.netty.util.concurrent.FastThreadLocalRunnable.run(FastThreadLocalRunnable.java:30)
	... 1 more
Caused by: java.net.ConnectException: Connection refused
	... 11 more
2019-09-25 04:44:51,870 [501e761e-a7a2-4fbd-b2cb-ccb733f61c47@group-D717B926E0E9:LeaderElection40] INFO  impl.LeaderElection (LeaderElection.java:logAndReturn(56)) - 501e761e-a7a2-4fbd-b2cb-ccb733f61c47@group-D717B926E0E9:LeaderElection40: Election REJECTED; received 1 response(s) [501e761e-a7a2-4fbd-b2cb-ccb733f61c47<-20057af8-ad38-476a-8ab5-e2c30549d271#0:FAIL-t1] and 1 exception(s); 501e761e-a7a2-4fbd-b2cb-ccb733f61c47@group-D717B926E0E9:t1, leader=null, voted=501e761e-a7a2-4fbd-b2cb-ccb733f61c47, raftlog=501e761e-a7a2-4fbd-b2cb-ccb733f61c47@group-D717B926E0E9-SegmentedRaftLog:OPENED:c-1,f-1,i0, conf=-1: [4a6eb500-5cbf-400b-b677-1633421db4a2:192.168.36.126:41453, 501e761e-a7a2-4fbd-b2cb-ccb733f61c47:192.168.36.126:43187, 20057af8-ad38-476a-8ab5-e2c30549d271:192.168.36.126:45594], old=null
2019-09-25 04:44:51,870 [501e761e-a7a2-4fbd-b2cb-ccb733f61c47@group-D717B926E0E9:LeaderElection40] INFO  impl.LeaderElection (LogUtils.java:infoOrTrace(149)) -   Exception 0: {}
java.util.concurrent.ExecutionException: org.apache.ratis.thirdparty.io.grpc.StatusRuntimeException: UNAVAILABLE: io exception
	at java.util.concurrent.FutureTask.report(FutureTask.java:122)
	at java.util.concurrent.FutureTask.get(FutureTask.java:192)
	at org.apache.ratis.server.impl.LeaderElection.waitForResults(LeaderElection.java:263)
	at org.apache.ratis.server.impl.LeaderElection.askForVotes(LeaderElection.java:201)
	at org.apache.ratis.server.impl.LeaderElection.run(LeaderElection.java:133)
	at java.lang.Thread.run(Thread.java:748)
Caused by: org.apache.ratis.thirdparty.io.grpc.StatusRuntimeException: UNAVAILABLE: io exception
	at org.apache.ratis.thirdparty.io.grpc.stub.ClientCalls.toStatusRuntimeException(ClientCalls.java:233)
	at org.apache.ratis.thirdparty.io.grpc.stub.ClientCalls.getUnchecked(ClientCalls.java:214)
	at org.apache.ratis.thirdparty.io.grpc.stub.ClientCalls.blockingUnaryCall(ClientCalls.java:139)
	at org.apache.ratis.proto.grpc.RaftServerProtocolServiceGrpc$RaftServerProtocolServiceBlockingStub.requestVote(RaftServerProtocolServiceGrpc.java:265)
	at org.apache.ratis.grpc.server.GrpcServerProtocolClient.requestVote(GrpcServerProtocolClient.java:90)
	at org.apache.ratis.grpc.server.GrpcService.requestVote(GrpcService.java:204)
	at org.apache.ratis.server.impl.LeaderElection.lambda$submitRequests$1(LeaderElection.java:238)
	at java.util.concurrent.FutureTask.run(FutureTask.java:266)
	at java.util.concurrent.Executors$RunnableAdapter.call(Executors.java:511)
	at java.util.concurrent.FutureTask.run(FutureTask.java:266)
	at java.util.concurrent.ThreadPoolExecutor.runWorker(ThreadPoolExecutor.java:1149)
	at java.util.concurrent.ThreadPoolExecutor$Worker.run(ThreadPoolExecutor.java:624)
	... 1 more
Caused by: org.apache.ratis.thirdparty.io.netty.channel.AbstractChannel$AnnotatedConnectException: Connection refused: /192.168.36.126:41453
	at sun.nio.ch.SocketChannelImpl.checkConnect(Native Method)
	at sun.nio.ch.SocketChannelImpl.finishConnect(SocketChannelImpl.java:717)
	at org.apache.ratis.thirdparty.io.netty.channel.socket.nio.NioSocketChannel.doFinishConnect(NioSocketChannel.java:327)
	at org.apache.ratis.thirdparty.io.netty.channel.nio.AbstractNioChannel$AbstractNioUnsafe.finishConnect(AbstractNioChannel.java:340)
	at org.apache.ratis.thirdparty.io.netty.channel.nio.NioEventLoop.processSelectedKey(NioEventLoop.java:632)
	at org.apache.ratis.thirdparty.io.netty.channel.nio.NioEventLoop.processSelectedKeysOptimized(NioEventLoop.java:579)
	at org.apache.ratis.thirdparty.io.netty.channel.nio.NioEventLoop.processSelectedKeys(NioEventLoop.java:496)
	at org.apache.ratis.thirdparty.io.netty.channel.nio.NioEventLoop.run(NioEventLoop.java:458)
	at org.apache.ratis.thirdparty.io.netty.util.concurrent.SingleThreadEventExecutor$5.run(SingleThreadEventExecutor.java:897)
	at org.apache.ratis.thirdparty.io.netty.util.concurrent.FastThreadLocalRunnable.run(FastThreadLocalRunnable.java:30)
	... 1 more
Caused by: java.net.ConnectException: Connection refused
	... 11 more
2019-09-25 04:44:51,871 [501e761e-a7a2-4fbd-b2cb-ccb733f61c47@group-D717B926E0E9:LeaderElection40] INFO  impl.RaftServerImpl (RaftServerImpl.java:setRole(174)) - 501e761e-a7a2-4fbd-b2cb-ccb733f61c47@group-D717B926E0E9: changes role from CANDIDATE to FOLLOWER at term 1 for DISCOVERED_A_NEW_TERM
2019-09-25 04:44:51,871 [20057af8-ad38-476a-8ab5-e2c30549d271@group-D717B926E0E9:LeaderElection35] INFO  impl.LeaderElection (LeaderElection.java:logAndReturn(56)) - 20057af8-ad38-476a-8ab5-e2c30549d271@group-D717B926E0E9:LeaderElection35: Election REJECTED; received 1 response(s) [20057af8-ad38-476a-8ab5-e2c30549d271<-501e761e-a7a2-4fbd-b2cb-ccb733f61c47#0:FAIL-t1] and 1 exception(s); 20057af8-ad38-476a-8ab5-e2c30549d271@group-D717B926E0E9:t1, leader=null, voted=20057af8-ad38-476a-8ab5-e2c30549d271, raftlog=20057af8-ad38-476a-8ab5-e2c30549d271@group-D717B926E0E9-SegmentedRaftLog:OPENED:c-1,f-1,i0, conf=-1: [4a6eb500-5cbf-400b-b677-1633421db4a2:192.168.36.126:41453, 501e761e-a7a2-4fbd-b2cb-ccb733f61c47:192.168.36.126:43187, 20057af8-ad38-476a-8ab5-e2c30549d271:192.168.36.126:45594], old=null
2019-09-25 04:44:51,873 [501e761e-a7a2-4fbd-b2cb-ccb733f61c47@group-440F611E4189:LeaderElection41] INFO  impl.LeaderElection (LeaderElection.java:logAndReturn(56)) - 501e761e-a7a2-4fbd-b2cb-ccb733f61c47@group-440F611E4189:LeaderElection41: Election REJECTED; received 1 response(s) [501e761e-a7a2-4fbd-b2cb-ccb733f61c47<-20057af8-ad38-476a-8ab5-e2c30549d271#0:FAIL-t1] and 1 exception(s); 501e761e-a7a2-4fbd-b2cb-ccb733f61c47@group-440F611E4189:t1, leader=null, voted=501e761e-a7a2-4fbd-b2cb-ccb733f61c47, raftlog=501e761e-a7a2-4fbd-b2cb-ccb733f61c47@group-440F611E4189-SegmentedRaftLog:OPENED:c-1,f-1,i0, conf=-1: [4a6eb500-5cbf-400b-b677-1633421db4a2:192.168.36.126:41453, 501e761e-a7a2-4fbd-b2cb-ccb733f61c47:192.168.36.126:43187, 20057af8-ad38-476a-8ab5-e2c30549d271:192.168.36.126:45594], old=null
2019-09-25 04:44:51,873 [501e761e-a7a2-4fbd-b2cb-ccb733f61c47@group-440F611E4189:LeaderElection41] INFO  impl.LeaderElection (LogUtils.java:infoOrTrace(149)) -   Exception 0: {}
java.util.concurrent.ExecutionException: org.apache.ratis.thirdparty.io.grpc.StatusRuntimeException: UNAVAILABLE: io exception
	at java.util.concurrent.FutureTask.report(FutureTask.java:122)
	at java.util.concurrent.FutureTask.get(FutureTask.java:192)
	at org.apache.ratis.server.impl.LeaderElection.waitForResults(LeaderElection.java:263)
	at org.apache.ratis.server.impl.LeaderElection.askForVotes(LeaderElection.java:201)
	at org.apache.ratis.server.impl.LeaderElection.run(LeaderElection.java:133)
	at java.lang.Thread.run(Thread.java:748)
Caused by: org.apache.ratis.thirdparty.io.grpc.StatusRuntimeException: UNAVAILABLE: io exception
	at org.apache.ratis.thirdparty.io.grpc.stub.ClientCalls.toStatusRuntimeException(ClientCalls.java:233)
	at org.apache.ratis.thirdparty.io.grpc.stub.ClientCalls.getUnchecked(ClientCalls.java:214)
	at org.apache.ratis.thirdparty.io.grpc.stub.ClientCalls.blockingUnaryCall(ClientCalls.java:139)
	at org.apache.ratis.proto.grpc.RaftServerProtocolServiceGrpc$RaftServerProtocolServiceBlockingStub.requestVote(RaftServerProtocolServiceGrpc.java:265)
	at org.apache.ratis.grpc.server.GrpcServerProtocolClient.requestVote(GrpcServerProtocolClient.java:90)
	at org.apache.ratis.grpc.server.GrpcService.requestVote(GrpcService.java:204)
	at org.apache.ratis.server.impl.LeaderElection.lambda$submitRequests$1(LeaderElection.java:238)
	at java.util.concurrent.FutureTask.run(FutureTask.java:266)
	at java.util.concurrent.Executors$RunnableAdapter.call(Executors.java:511)
	at java.util.concurrent.FutureTask.run(FutureTask.java:266)
	at java.util.concurrent.ThreadPoolExecutor.runWorker(ThreadPoolExecutor.java:1149)
	at java.util.concurrent.ThreadPoolExecutor$Worker.run(ThreadPoolExecutor.java:624)
	... 1 more
Caused by: org.apache.ratis.thirdparty.io.netty.channel.AbstractChannel$AnnotatedConnectException: Connection refused: /192.168.36.126:41453
	at sun.nio.ch.SocketChannelImpl.checkConnect(Native Method)
	at sun.nio.ch.SocketChannelImpl.finishConnect(SocketChannelImpl.java:717)
	at org.apache.ratis.thirdparty.io.netty.channel.socket.nio.NioSocketChannel.doFinishConnect(NioSocketChannel.java:327)
	at org.apache.ratis.thirdparty.io.netty.channel.nio.AbstractNioChannel$AbstractNioUnsafe.finishConnect(AbstractNioChannel.java:340)
	at org.apache.ratis.thirdparty.io.netty.channel.nio.NioEventLoop.processSelectedKey(NioEventLoop.java:632)
	at org.apache.ratis.thirdparty.io.netty.channel.nio.NioEventLoop.processSelectedKeysOptimized(NioEventLoop.java:579)
	at org.apache.ratis.thirdparty.io.netty.channel.nio.NioEventLoop.processSelectedKeys(NioEventLoop.java:496)
	at org.apache.ratis.thirdparty.io.netty.channel.nio.NioEventLoop.run(NioEventLoop.java:458)
	at org.apache.ratis.thirdparty.io.netty.util.concurrent.SingleThreadEventExecutor$5.run(SingleThreadEventExecutor.java:897)
	at org.apache.ratis.thirdparty.io.netty.util.concurrent.FastThreadLocalRunnable.run(FastThreadLocalRunnable.java:30)
	... 1 more
Caused by: java.net.ConnectException: Connection refused
	... 11 more
2019-09-25 04:44:51,873 [20057af8-ad38-476a-8ab5-e2c30549d271@group-440F611E4189:LeaderElection39] INFO  impl.LeaderElection (LeaderElection.java:logAndReturn(56)) - 20057af8-ad38-476a-8ab5-e2c30549d271@group-440F611E4189:LeaderElection39: Election REJECTED; received 1 response(s) [20057af8-ad38-476a-8ab5-e2c30549d271<-501e761e-a7a2-4fbd-b2cb-ccb733f61c47#0:FAIL-t1] and 1 exception(s); 20057af8-ad38-476a-8ab5-e2c30549d271@group-440F611E4189:t1, leader=null, voted=20057af8-ad38-476a-8ab5-e2c30549d271, raftlog=20057af8-ad38-476a-8ab5-e2c30549d271@group-440F611E4189-SegmentedRaftLog:OPENED:c-1,f-1,i0, conf=-1: [4a6eb500-5cbf-400b-b677-1633421db4a2:192.168.36.126:41453, 501e761e-a7a2-4fbd-b2cb-ccb733f61c47:192.168.36.126:43187, 20057af8-ad38-476a-8ab5-e2c30549d271:192.168.36.126:45594], old=null
2019-09-25 04:44:51,876 [20057af8-ad38-476a-8ab5-e2c30549d271@group-440F611E4189:LeaderElection39] INFO  impl.LeaderElection (LogUtils.java:infoOrTrace(149)) -   Exception 0: {}
java.util.concurrent.ExecutionException: org.apache.ratis.thirdparty.io.grpc.StatusRuntimeException: UNAVAILABLE: io exception
	at java.util.concurrent.FutureTask.report(FutureTask.java:122)
	at java.util.concurrent.FutureTask.get(FutureTask.java:192)
	at org.apache.ratis.server.impl.LeaderElection.waitForResults(LeaderElection.java:263)
	at org.apache.ratis.server.impl.LeaderElection.askForVotes(LeaderElection.java:201)
	at org.apache.ratis.server.impl.LeaderElection.run(LeaderElection.java:133)
	at java.lang.Thread.run(Thread.java:748)
Caused by: org.apache.ratis.thirdparty.io.grpc.StatusRuntimeException: UNAVAILABLE: io exception
	at org.apache.ratis.thirdparty.io.grpc.stub.ClientCalls.toStatusRuntimeException(ClientCalls.java:233)
	at org.apache.ratis.thirdparty.io.grpc.stub.ClientCalls.getUnchecked(ClientCalls.java:214)
	at org.apache.ratis.thirdparty.io.grpc.stub.ClientCalls.blockingUnaryCall(ClientCalls.java:139)
	at org.apache.ratis.proto.grpc.RaftServerProtocolServiceGrpc$RaftServerProtocolServiceBlockingStub.requestVote(RaftServerProtocolServiceGrpc.java:265)
	at org.apache.ratis.grpc.server.GrpcServerProtocolClient.requestVote(GrpcServerProtocolClient.java:90)
	at org.apache.ratis.grpc.server.GrpcService.requestVote(GrpcService.java:204)
	at org.apache.ratis.server.impl.LeaderElection.lambda$submitRequests$1(LeaderElection.java:238)
	at java.util.concurrent.FutureTask.run(FutureTask.java:266)
	at java.util.concurrent.Executors$RunnableAdapter.call(Executors.java:511)
	at java.util.concurrent.FutureTask.run(FutureTask.java:266)
	at java.util.concurrent.ThreadPoolExecutor.runWorker(ThreadPoolExecutor.java:1149)
	at java.util.concurrent.ThreadPoolExecutor$Worker.run(ThreadPoolExecutor.java:624)
	... 1 more
Caused by: org.apache.ratis.thirdparty.io.netty.channel.AbstractChannel$AnnotatedConnectException: Connection refused: /192.168.36.126:41453
	at sun.nio.ch.SocketChannelImpl.checkConnect(Native Method)
	at sun.nio.ch.SocketChannelImpl.finishConnect(SocketChannelImpl.java:717)
	at org.apache.ratis.thirdparty.io.netty.channel.socket.nio.NioSocketChannel.doFinishConnect(NioSocketChannel.java:327)
	at org.apache.ratis.thirdparty.io.netty.channel.nio.AbstractNioChannel$AbstractNioUnsafe.finishConnect(AbstractNioChannel.java:340)
	at org.apache.ratis.thirdparty.io.netty.channel.nio.NioEventLoop.processSelectedKey(NioEventLoop.java:632)
	at org.apache.ratis.thirdparty.io.netty.channel.nio.NioEventLoop.processSelectedKeysOptimized(NioEventLoop.java:579)
	at org.apache.ratis.thirdparty.io.netty.channel.nio.NioEventLoop.processSelectedKeys(NioEventLoop.java:496)
	at org.apache.ratis.thirdparty.io.netty.channel.nio.NioEventLoop.run(NioEventLoop.java:458)
	at org.apache.ratis.thirdparty.io.netty.util.concurrent.SingleThreadEventExecutor$5.run(SingleThreadEventExecutor.java:897)
	at org.apache.ratis.thirdparty.io.netty.util.concurrent.FastThreadLocalRunnable.run(FastThreadLocalRunnable.java:30)
	... 1 more
Caused by: java.net.ConnectException: Connection refused
	... 11 more
2019-09-25 04:44:51,871 [501e761e-a7a2-4fbd-b2cb-ccb733f61c47@group-D717B926E0E9:LeaderElection40] INFO  impl.RoleInfo (RoleInfo.java:shutdownLeaderElection(134)) - 501e761e-a7a2-4fbd-b2cb-ccb733f61c47: shutdown LeaderElection
2019-09-25 04:44:51,877 [20057af8-ad38-476a-8ab5-e2c30549d271@group-440F611E4189:LeaderElection39] INFO  impl.RaftServerImpl (RaftServerImpl.java:setRole(174)) - 20057af8-ad38-476a-8ab5-e2c30549d271@group-440F611E4189: changes role from CANDIDATE to FOLLOWER at term 1 for DISCOVERED_A_NEW_TERM
2019-09-25 04:44:51,879 [20057af8-ad38-476a-8ab5-e2c30549d271@group-440F611E4189:LeaderElection39] INFO  impl.RoleInfo (RoleInfo.java:shutdownLeaderElection(134)) - 20057af8-ad38-476a-8ab5-e2c30549d271: shutdown LeaderElection
2019-09-25 04:44:51,873 [501e761e-a7a2-4fbd-b2cb-ccb733f61c47@group-440F611E4189:LeaderElection41] INFO  impl.RaftServerImpl (RaftServerImpl.java:setRole(174)) - 501e761e-a7a2-4fbd-b2cb-ccb733f61c47@group-440F611E4189: changes role from CANDIDATE to FOLLOWER at term 1 for DISCOVERED_A_NEW_TERM
2019-09-25 04:44:51,873 [20057af8-ad38-476a-8ab5-e2c30549d271@group-D717B926E0E9:LeaderElection35] INFO  impl.LeaderElection (LogUtils.java:infoOrTrace(149)) -   Exception 0: {}
java.util.concurrent.ExecutionException: org.apache.ratis.thirdparty.io.grpc.StatusRuntimeException: UNAVAILABLE: io exception
	at java.util.concurrent.FutureTask.report(FutureTask.java:122)
	at java.util.concurrent.FutureTask.get(FutureTask.java:192)
	at org.apache.ratis.server.impl.LeaderElection.waitForResults(LeaderElection.java:263)
	at org.apache.ratis.server.impl.LeaderElection.askForVotes(LeaderElection.java:201)
	at org.apache.ratis.server.impl.LeaderElection.run(LeaderElection.java:133)
	at java.lang.Thread.run(Thread.java:748)
Caused by: org.apache.ratis.thirdparty.io.grpc.StatusRuntimeException: UNAVAILABLE: io exception
	at org.apache.ratis.thirdparty.io.grpc.stub.ClientCalls.toStatusRuntimeException(ClientCalls.java:233)
	at org.apache.ratis.thirdparty.io.grpc.stub.ClientCalls.getUnchecked(ClientCalls.java:214)
	at org.apache.ratis.thirdparty.io.grpc.stub.ClientCalls.blockingUnaryCall(ClientCalls.java:139)
	at org.apache.ratis.proto.grpc.RaftServerProtocolServiceGrpc$RaftServerProtocolServiceBlockingStub.requestVote(RaftServerProtocolServiceGrpc.java:265)
	at org.apache.ratis.grpc.server.GrpcServerProtocolClient.requestVote(GrpcServerProtocolClient.java:90)
	at org.apache.ratis.grpc.server.GrpcService.requestVote(GrpcService.java:204)
	at org.apache.ratis.server.impl.LeaderElection.lambda$submitRequests$1(LeaderElection.java:238)
	at java.util.concurrent.FutureTask.run(FutureTask.java:266)
	at java.util.concurrent.Executors$RunnableAdapter.call(Executors.java:511)
	at java.util.concurrent.FutureTask.run(FutureTask.java:266)
	at java.util.concurrent.ThreadPoolExecutor.runWorker(ThreadPoolExecutor.java:1149)
	at java.util.concurrent.ThreadPoolExecutor$Worker.run(ThreadPoolExecutor.java:624)
	... 1 more
Caused by: org.apache.ratis.thirdparty.io.netty.channel.AbstractChannel$AnnotatedConnectException: Connection refused: /192.168.36.126:41453
	at sun.nio.ch.SocketChannelImpl.checkConnect(Native Method)
	at sun.nio.ch.SocketChannelImpl.finishConnect(SocketChannelImpl.java:717)
	at org.apache.ratis.thirdparty.io.netty.channel.socket.nio.NioSocketChannel.doFinishConnect(NioSocketChannel.java:327)
	at org.apache.ratis.thirdparty.io.netty.channel.nio.AbstractNioChannel$AbstractNioUnsafe.finishConnect(AbstractNioChannel.java:340)
	at org.apache.ratis.thirdparty.io.netty.channel.nio.NioEventLoop.processSelectedKey(NioEventLoop.java:632)
	at org.apache.ratis.thirdparty.io.netty.channel.nio.NioEventLoop.processSelectedKeysOptimized(NioEventLoop.java:579)
	at org.apache.ratis.thirdparty.io.netty.channel.nio.NioEventLoop.processSelectedKeys(NioEventLoop.java:496)
	at org.apache.ratis.thirdparty.io.netty.channel.nio.NioEventLoop.run(NioEventLoop.java:458)
	at org.apache.ratis.thirdparty.io.netty.util.concurrent.SingleThreadEventExecutor$5.run(SingleThreadEventExecutor.java:897)
	at org.apache.ratis.thirdparty.io.netty.util.concurrent.FastThreadLocalRunnable.run(FastThreadLocalRunnable.java:30)
	... 1 more
Caused by: java.net.ConnectException: Connection refused
	... 11 more
2019-09-25 04:44:51,879 [501e761e-a7a2-4fbd-b2cb-ccb733f61c47@group-440F611E4189:LeaderElection41] INFO  impl.RoleInfo (RoleInfo.java:shutdownLeaderElection(134)) - 501e761e-a7a2-4fbd-b2cb-ccb733f61c47: shutdown LeaderElection
2019-09-25 04:44:51,879 [20057af8-ad38-476a-8ab5-e2c30549d271@group-440F611E4189:LeaderElection39] INFO  impl.RoleInfo (RoleInfo.java:updateAndGet(143)) - 20057af8-ad38-476a-8ab5-e2c30549d271: start FollowerState
2019-09-25 04:44:51,879 [501e761e-a7a2-4fbd-b2cb-ccb733f61c47@group-D717B926E0E9:LeaderElection40] INFO  impl.RoleInfo (RoleInfo.java:updateAndGet(143)) - 501e761e-a7a2-4fbd-b2cb-ccb733f61c47: start FollowerState
2019-09-25 04:44:51,880 [501e761e-a7a2-4fbd-b2cb-ccb733f61c47@group-440F611E4189:LeaderElection41] INFO  impl.RoleInfo (RoleInfo.java:updateAndGet(143)) - 501e761e-a7a2-4fbd-b2cb-ccb733f61c47: start FollowerState
2019-09-25 04:44:51,880 [20057af8-ad38-476a-8ab5-e2c30549d271@group-D717B926E0E9:LeaderElection35] INFO  impl.RaftServerImpl (RaftServerImpl.java:setRole(174)) - 20057af8-ad38-476a-8ab5-e2c30549d271@group-D717B926E0E9: changes role from CANDIDATE to FOLLOWER at term 1 for DISCOVERED_A_NEW_TERM
2019-09-25 04:44:51,880 [20057af8-ad38-476a-8ab5-e2c30549d271@group-D717B926E0E9:LeaderElection35] INFO  impl.RoleInfo (RoleInfo.java:shutdownLeaderElection(134)) - 20057af8-ad38-476a-8ab5-e2c30549d271: shutdown LeaderElection
2019-09-25 04:44:51,881 [20057af8-ad38-476a-8ab5-e2c30549d271@group-D717B926E0E9:LeaderElection35] INFO  impl.RoleInfo (RoleInfo.java:updateAndGet(143)) - 20057af8-ad38-476a-8ab5-e2c30549d271: start FollowerState
2019-09-25 04:44:51,888 [501e761e-a7a2-4fbd-b2cb-ccb733f61c47@group-88AFA1C08B7F:LeaderElection42] INFO  impl.LeaderElection (LeaderElection.java:askForVotes(182)) - 501e761e-a7a2-4fbd-b2cb-ccb733f61c47@group-88AFA1C08B7F:LeaderElection42: begin an election at term 1 for -1: [4a6eb500-5cbf-400b-b677-1633421db4a2:192.168.36.126:41453, 501e761e-a7a2-4fbd-b2cb-ccb733f61c47:192.168.36.126:43187, 20057af8-ad38-476a-8ab5-e2c30549d271:192.168.36.126:45594], old=null
2019-09-25 04:44:51,888 [4a6eb500-5cbf-400b-b677-1633421db4a2@group-80D42DB64689:LeaderElection45] INFO  impl.LeaderElection (LeaderElection.java:askForVotes(182)) - 4a6eb500-5cbf-400b-b677-1633421db4a2@group-80D42DB64689:LeaderElection45: begin an election at term 1 for -1: [4a6eb500-5cbf-400b-b677-1633421db4a2:192.168.36.126:41453, 501e761e-a7a2-4fbd-b2cb-ccb733f61c47:192.168.36.126:43187, 20057af8-ad38-476a-8ab5-e2c30549d271:192.168.36.126:45594], old=null
2019-09-25 04:44:51,888 [4a6eb500-5cbf-400b-b677-1633421db4a2@group-CE735EE107E7:LeaderElection44] INFO  impl.LeaderElection (LeaderElection.java:askForVotes(182)) - 4a6eb500-5cbf-400b-b677-1633421db4a2@group-CE735EE107E7:LeaderElection44: begin an election at term 1 for -1: [4a6eb500-5cbf-400b-b677-1633421db4a2:192.168.36.126:41453], old=null
2019-09-25 04:44:51,888 [501e761e-a7a2-4fbd-b2cb-ccb733f61c47@group-80D42DB64689:LeaderElection43] INFO  impl.LeaderElection (LeaderElection.java:askForVotes(182)) - 501e761e-a7a2-4fbd-b2cb-ccb733f61c47@group-80D42DB64689:LeaderElection43: begin an election at term 1 for -1: [4a6eb500-5cbf-400b-b677-1633421db4a2:192.168.36.126:41453, 501e761e-a7a2-4fbd-b2cb-ccb733f61c47:192.168.36.126:43187, 20057af8-ad38-476a-8ab5-e2c30549d271:192.168.36.126:45594], old=null
2019-09-25 04:44:51,888 [4a6eb500-5cbf-400b-b677-1633421db4a2@group-CE735EE107E7:LeaderElection44] INFO  impl.LeaderElection (LogUtils.java:infoOrTrace(149)) - Failed 4a6eb500-5cbf-400b-b677-1633421db4a2@group-CE735EE107E7:LeaderElection44, state=CLOSING: {}
java.lang.IllegalArgumentException: 4a6eb500-5cbf-400b-b677-1633421db4a2@group-CE735EE107E7-SegmentedRaftLog is expected to be opened but it is CLOSED
	at org.apache.ratis.util.OpenCloseState.assertOpen(OpenCloseState.java:63)
	at org.apache.ratis.server.raftlog.RaftLog.checkLogState(RaftLog.java:102)
	at org.apache.ratis.server.raftlog.segmented.SegmentedRaftLog.getLastEntryTermIndex(SegmentedRaftLog.java:324)
	at org.apache.ratis.server.impl.LeaderElection.askForVotes(LeaderElection.java:184)
	at org.apache.ratis.server.impl.LeaderElection.run(LeaderElection.java:133)
	at java.lang.Thread.run(Thread.java:748)
Caused by: org.apache.ratis.util.OpenCloseState$CloseTrace: Close 4a6eb500-5cbf-400b-b677-1633421db4a2@group-CE735EE107E7-SegmentedRaftLog
	at org.apache.ratis.util.OpenCloseState.lambda$close$1(OpenCloseState.java:109)
	at java.util.concurrent.atomic.AtomicReference.getAndUpdate(AtomicReference.java:160)
	at org.apache.ratis.util.OpenCloseState.close(OpenCloseState.java:109)
	at org.apache.ratis.server.raftlog.RaftLog.close(RaftLog.java:437)
	at org.apache.ratis.server.raftlog.segmented.SegmentedRaftLog.close(SegmentedRaftLog.java:476)
	at org.apache.ratis.server.impl.ServerState.close(ServerState.java:387)
	at org.apache.ratis.server.impl.RaftServerImpl.lambda$shutdown$3(RaftServerImpl.java:273)
	at org.apache.ratis.util.LifeCycle.lambda$checkStateAndClose$2(LifeCycle.java:231)
	at org.apache.ratis.util.LifeCycle.checkStateAndClose(LifeCycle.java:251)
	at org.apache.ratis.util.LifeCycle.checkStateAndClose(LifeCycle.java:229)
	at org.apache.ratis.server.impl.RaftServerImpl.shutdown(RaftServerImpl.java:250)
	at org.apache.ratis.server.impl.RaftServerProxy$ImplMap.lambda$close$0(RaftServerProxy.java:107)
	at java.util.stream.ForEachOps$ForEachOp$OfRef.accept(ForEachOps.java:184)
	at java.util.stream.ReferencePipeline$3$1.accept(ReferencePipeline.java:193)
	at java.util.concurrent.ConcurrentHashMap$ValueSpliterator.forEachRemaining(ConcurrentHashMap.java:3566)
	at java.util.stream.AbstractPipeline.copyInto(AbstractPipeline.java:482)
	at java.util.stream.ForEachOps$ForEachTask.compute(ForEachOps.java:291)
	at java.util.concurrent.CountedCompleter.exec(CountedCompleter.java:731)
	at java.util.concurrent.ForkJoinTask.doExec(ForkJoinTask.java:289)
	at java.util.concurrent.ForkJoinPool.helpComplete(ForkJoinPool.java:1870)
	at java.util.concurrent.ForkJoinPool.awaitJoin(ForkJoinPool.java:2045)
	at java.util.concurrent.ForkJoinTask.doInvoke(ForkJoinTask.java:404)
	at java.util.concurrent.ForkJoinTask.invoke(ForkJoinTask.java:734)
	at java.util.stream.ForEachOps$ForEachOp.evaluateParallel(ForEachOps.java:160)
	at java.util.stream.ForEachOps$ForEachOp$OfRef.evaluateParallel(ForEachOps.java:174)
	at java.util.stream.AbstractPipeline.evaluate(AbstractPipeline.java:233)
	at java.util.stream.ReferencePipeline.forEach(ReferencePipeline.java:418)
	at org.apache.ratis.server.impl.RaftServerProxy$ImplMap.close(RaftServerProxy.java:107)
	at org.apache.ratis.server.impl.RaftServerProxy.lambda$close$4(RaftServerProxy.java:315)
	at org.apache.ratis.util.LifeCycle.lambda$checkStateAndClose$2(LifeCycle.java:231)
	at org.apache.ratis.util.LifeCycle.checkStateAndClose(LifeCycle.java:251)
	at org.apache.ratis.util.LifeCycle.checkStateAndClose(LifeCycle.java:229)
	at org.apache.ratis.server.impl.RaftServerProxy.close(RaftServerProxy.java:313)
	at org.apache.hadoop.ozone.container.common.transport.server.ratis.XceiverServerRatis.stop(XceiverServerRatis.java:441)
	at org.apache.hadoop.ozone.container.ozoneimpl.OzoneContainer.stop(OzoneContainer.java:233)
	at org.apache.hadoop.ozone.container.common.statemachine.DatanodeStateMachine.close(DatanodeStateMachine.java:270)
	at org.apache.hadoop.ozone.container.common.statemachine.DatanodeStateMachine.stopDaemon(DatanodeStateMachine.java:394)
	at org.apache.hadoop.ozone.HddsDatanodeService.stop(HddsDatanodeService.java:457)
	at org.apache.hadoop.ozone.MiniOzoneClusterImpl.stopDatanode(MiniOzoneClusterImpl.java:385)
	at java.util.stream.ForEachOps$ForEachOp$OfRef.accept(ForEachOps.java:184)
	at java.util.ArrayList$ArrayListSpliterator.forEachRemaining(ArrayList.java:1382)
	at java.util.stream.AbstractPipeline.copyInto(AbstractPipeline.java:482)
	at java.util.stream.ForEachOps$ForEachTask.compute(ForEachOps.java:291)
	at java.util.concurrent.CountedCompleter.exec(CountedCompleter.java:731)
	at java.util.concurrent.ForkJoinTask.doExec(ForkJoinTask.java:289)
	at java.util.concurrent.ForkJoinPool$WorkQueue.runTask(ForkJoinPool.java:1056)
	at java.util.concurrent.ForkJoinPool.runWorker(ForkJoinPool.java:1692)
	at java.util.concurrent.ForkJoinWorkerThread.run(ForkJoinWorkerThread.java:157)
2019-09-25 04:44:51,888 [4a6eb500-5cbf-400b-b677-1633421db4a2@group-80D42DB64689:LeaderElection45] INFO  impl.LeaderElection (LogUtils.java:infoOrTrace(149)) - Failed 4a6eb500-5cbf-400b-b677-1633421db4a2@group-80D42DB64689:LeaderElection45, state=CLOSING: {}
java.lang.IllegalArgumentException: 4a6eb500-5cbf-400b-b677-1633421db4a2@group-80D42DB64689-SegmentedRaftLog is expected to be opened but it is CLOSED
	at org.apache.ratis.util.OpenCloseState.assertOpen(OpenCloseState.java:63)
	at org.apache.ratis.server.raftlog.RaftLog.checkLogState(RaftLog.java:102)
	at org.apache.ratis.server.raftlog.segmented.SegmentedRaftLog.getLastEntryTermIndex(SegmentedRaftLog.java:324)
	at org.apache.ratis.server.impl.LeaderElection.askForVotes(LeaderElection.java:184)
	at org.apache.ratis.server.impl.LeaderElection.run(LeaderElection.java:133)
	at java.lang.Thread.run(Thread.java:748)
Caused by: org.apache.ratis.util.OpenCloseState$CloseTrace: Close 4a6eb500-5cbf-400b-b677-1633421db4a2@group-80D42DB64689-SegmentedRaftLog
	at org.apache.ratis.util.OpenCloseState.lambda$close$1(OpenCloseState.java:109)
	at java.util.concurrent.atomic.AtomicReference.getAndUpdate(AtomicReference.java:160)
	at org.apache.ratis.util.OpenCloseState.close(OpenCloseState.java:109)
	at org.apache.ratis.server.raftlog.RaftLog.close(RaftLog.java:437)
	at org.apache.ratis.server.raftlog.segmented.SegmentedRaftLog.close(SegmentedRaftLog.java:476)
	at org.apache.ratis.server.impl.ServerState.close(ServerState.java:387)
	at org.apache.ratis.server.impl.RaftServerImpl.lambda$shutdown$3(RaftServerImpl.java:273)
	at org.apache.ratis.util.LifeCycle.lambda$checkStateAndClose$2(LifeCycle.java:231)
	at org.apache.ratis.util.LifeCycle.checkStateAndClose(LifeCycle.java:251)
	at org.apache.ratis.util.LifeCycle.checkStateAndClose(LifeCycle.java:229)
	at org.apache.ratis.server.impl.RaftServerImpl.shutdown(RaftServerImpl.java:250)
	at org.apache.ratis.server.impl.RaftServerProxy$ImplMap.lambda$close$0(RaftServerProxy.java:107)
	at java.util.stream.ForEachOps$ForEachOp$OfRef.accept(ForEachOps.java:184)
	at java.util.stream.ReferencePipeline$3$1.accept(ReferencePipeline.java:193)
	at java.util.concurrent.ConcurrentHashMap$ValueSpliterator.forEachRemaining(ConcurrentHashMap.java:3566)
	at java.util.stream.AbstractPipeline.copyInto(AbstractPipeline.java:482)
	at java.util.stream.ForEachOps$ForEachTask.compute(ForEachOps.java:291)
	at java.util.concurrent.CountedCompleter.exec(CountedCompleter.java:731)
	at java.util.concurrent.ForkJoinTask.doExec(ForkJoinTask.java:289)
	at java.util.concurrent.ForkJoinPool.helpComplete(ForkJoinPool.java:1870)
	at java.util.concurrent.ForkJoinPool.awaitJoin(ForkJoinPool.java:2045)
	at java.util.concurrent.ForkJoinTask.doInvoke(ForkJoinTask.java:404)
	at java.util.concurrent.ForkJoinTask.invoke(ForkJoinTask.java:734)
	at java.util.stream.ForEachOps$ForEachOp.evaluateParallel(ForEachOps.java:160)
	at java.util.stream.ForEachOps$ForEachOp$OfRef.evaluateParallel(ForEachOps.java:174)
	at java.util.stream.AbstractPipeline.evaluate(AbstractPipeline.java:233)
	at java.util.stream.ReferencePipeline.forEach(ReferencePipeline.java:418)
	at org.apache.ratis.server.impl.RaftServerProxy$ImplMap.close(RaftServerProxy.java:107)
	at org.apache.ratis.server.impl.RaftServerProxy.lambda$close$4(RaftServerProxy.java:315)
	at org.apache.ratis.util.LifeCycle.lambda$checkStateAndClose$2(LifeCycle.java:231)
	at org.apache.ratis.util.LifeCycle.checkStateAndClose(LifeCycle.java:251)
	at org.apache.ratis.util.LifeCycle.checkStateAndClose(LifeCycle.java:229)
	at org.apache.ratis.server.impl.RaftServerProxy.close(RaftServerProxy.java:313)
	at org.apache.hadoop.ozone.container.common.transport.server.ratis.XceiverServerRatis.stop(XceiverServerRatis.java:441)
	at org.apache.hadoop.ozone.container.ozoneimpl.OzoneContainer.stop(OzoneContainer.java:233)
	at org.apache.hadoop.ozone.container.common.statemachine.DatanodeStateMachine.close(DatanodeStateMachine.java:270)
	at org.apache.hadoop.ozone.container.common.statemachine.DatanodeStateMachine.stopDaemon(DatanodeStateMachine.java:394)
	at org.apache.hadoop.ozone.HddsDatanodeService.stop(HddsDatanodeService.java:457)
	at org.apache.hadoop.ozone.MiniOzoneClusterImpl.stopDatanode(MiniOzoneClusterImpl.java:385)
	at java.util.stream.ForEachOps$ForEachOp$OfRef.accept(ForEachOps.java:184)
	at java.util.ArrayList$ArrayListSpliterator.forEachRemaining(ArrayList.java:1382)
	at java.util.stream.AbstractPipeline.copyInto(AbstractPipeline.java:482)
	at java.util.stream.ForEachOps$ForEachTask.compute(ForEachOps.java:291)
	at java.util.concurrent.CountedCompleter.exec(CountedCompleter.java:731)
	at java.util.concurrent.ForkJoinTask.doExec(ForkJoinTask.java:289)
	at java.util.concurrent.ForkJoinPool$WorkQueue.runTask(ForkJoinPool.java:1056)
	at java.util.concurrent.ForkJoinPool.runWorker(ForkJoinPool.java:1692)
	at java.util.concurrent.ForkJoinWorkerThread.run(ForkJoinWorkerThread.java:157)
2019-09-25 04:44:51,894 [4a6eb500-5cbf-400b-b677-1633421db4a2@group-80D42DB64689:LeaderElection45] INFO  impl.LeaderElection (LeaderElection.java:run(140)) - 4a6eb500-5cbf-400b-b677-1633421db4a2@group-80D42DB64689:LeaderElection45: IllegalArgumentException is safely ignored since this is already CLOSING
2019-09-25 04:44:51,891 [4a6eb500-5cbf-400b-b677-1633421db4a2@group-CE735EE107E7:LeaderElection44] INFO  impl.LeaderElection (LeaderElection.java:run(140)) - 4a6eb500-5cbf-400b-b677-1633421db4a2@group-CE735EE107E7:LeaderElection44: IllegalArgumentException is safely ignored since this is already CLOSING
2019-09-25 04:44:51,891 [20057af8-ad38-476a-8ab5-e2c30549d271@group-88AFA1C08B7F:LeaderElection38] INFO  impl.LeaderElection (LeaderElection.java:logAndReturn(56)) - 20057af8-ad38-476a-8ab5-e2c30549d271@group-88AFA1C08B7F:LeaderElection38: Election REJECTED; received 1 response(s) [20057af8-ad38-476a-8ab5-e2c30549d271<-501e761e-a7a2-4fbd-b2cb-ccb733f61c47#0:FAIL-t1] and 1 exception(s); 20057af8-ad38-476a-8ab5-e2c30549d271@group-88AFA1C08B7F:t1, leader=null, voted=20057af8-ad38-476a-8ab5-e2c30549d271, raftlog=20057af8-ad38-476a-8ab5-e2c30549d271@group-88AFA1C08B7F-SegmentedRaftLog:OPENED:c-1,f-1,i0, conf=-1: [4a6eb500-5cbf-400b-b677-1633421db4a2:192.168.36.126:41453, 501e761e-a7a2-4fbd-b2cb-ccb733f61c47:192.168.36.126:43187, 20057af8-ad38-476a-8ab5-e2c30549d271:192.168.36.126:45594], old=null
2019-09-25 04:44:51,891 [501e761e-a7a2-4fbd-b2cb-ccb733f61c47@group-80D42DB64689:LeaderElection43] INFO  impl.LeaderElection (LogUtils.java:infoOrTrace(149)) - 501e761e-a7a2-4fbd-b2cb-ccb733f61c47@group-80D42DB64689:LeaderElection43 got exception when requesting votes: {}
java.util.concurrent.ExecutionException: org.apache.ratis.thirdparty.io.grpc.StatusRuntimeException: UNAVAILABLE: io exception
	at java.util.concurrent.FutureTask.report(FutureTask.java:122)
	at java.util.concurrent.FutureTask.get(FutureTask.java:192)
	at org.apache.ratis.server.impl.LeaderElection.waitForResults(LeaderElection.java:263)
	at org.apache.ratis.server.impl.LeaderElection.askForVotes(LeaderElection.java:201)
	at org.apache.ratis.server.impl.LeaderElection.run(LeaderElection.java:133)
	at java.lang.Thread.run(Thread.java:748)
Caused by: org.apache.ratis.thirdparty.io.grpc.StatusRuntimeException: UNAVAILABLE: io exception
	at org.apache.ratis.thirdparty.io.grpc.stub.ClientCalls.toStatusRuntimeException(ClientCalls.java:233)
	at org.apache.ratis.thirdparty.io.grpc.stub.ClientCalls.getUnchecked(ClientCalls.java:214)
	at org.apache.ratis.thirdparty.io.grpc.stub.ClientCalls.blockingUnaryCall(ClientCalls.java:139)
	at org.apache.ratis.proto.grpc.RaftServerProtocolServiceGrpc$RaftServerProtocolServiceBlockingStub.requestVote(RaftServerProtocolServiceGrpc.java:265)
	at org.apache.ratis.grpc.server.GrpcServerProtocolClient.requestVote(GrpcServerProtocolClient.java:90)
	at org.apache.ratis.grpc.server.GrpcService.requestVote(GrpcService.java:204)
	at org.apache.ratis.server.impl.LeaderElection.lambda$submitRequests$1(LeaderElection.java:238)
	at java.util.concurrent.FutureTask.run(FutureTask.java:266)
	at java.util.concurrent.Executors$RunnableAdapter.call(Executors.java:511)
	at java.util.concurrent.FutureTask.run(FutureTask.java:266)
	at java.util.concurrent.ThreadPoolExecutor.runWorker(ThreadPoolExecutor.java:1149)
	at java.util.concurrent.ThreadPoolExecutor$Worker.run(ThreadPoolExecutor.java:624)
	... 1 more
Caused by: org.apache.ratis.thirdparty.io.netty.channel.AbstractChannel$AnnotatedConnectException: Connection refused: /192.168.36.126:41453
	at sun.nio.ch.SocketChannelImpl.checkConnect(Native Method)
	at sun.nio.ch.SocketChannelImpl.finishConnect(SocketChannelImpl.java:717)
	at org.apache.ratis.thirdparty.io.netty.channel.socket.nio.NioSocketChannel.doFinishConnect(NioSocketChannel.java:327)
	at org.apache.ratis.thirdparty.io.netty.channel.nio.AbstractNioChannel$AbstractNioUnsafe.finishConnect(AbstractNioChannel.java:340)
	at org.apache.ratis.thirdparty.io.netty.channel.nio.NioEventLoop.processSelectedKey(NioEventLoop.java:632)
	at org.apache.ratis.thirdparty.io.netty.channel.nio.NioEventLoop.processSelectedKeysOptimized(NioEventLoop.java:579)
	at org.apache.ratis.thirdparty.io.netty.channel.nio.NioEventLoop.processSelectedKeys(NioEventLoop.java:496)
	at org.apache.ratis.thirdparty.io.netty.channel.nio.NioEventLoop.run(NioEventLoop.java:458)
	at org.apache.ratis.thirdparty.io.netty.util.concurrent.SingleThreadEventExecutor$5.run(SingleThreadEventExecutor.java:897)
	at org.apache.ratis.thirdparty.io.netty.util.concurrent.FastThreadLocalRunnable.run(FastThreadLocalRunnable.java:30)
	... 1 more
Caused by: java.net.ConnectException: Connection refused
	... 11 more
2019-09-25 04:44:51,891 [20057af8-ad38-476a-8ab5-e2c30549d271@group-80D42DB64689:LeaderElection36] INFO  impl.LeaderElection (LeaderElection.java:logAndReturn(56)) - 20057af8-ad38-476a-8ab5-e2c30549d271@group-80D42DB64689:LeaderElection36: Election REJECTED; received 1 response(s) [20057af8-ad38-476a-8ab5-e2c30549d271<-501e761e-a7a2-4fbd-b2cb-ccb733f61c47#0:FAIL-t1] and 1 exception(s); 20057af8-ad38-476a-8ab5-e2c30549d271@group-80D42DB64689:t1, leader=null, voted=20057af8-ad38-476a-8ab5-e2c30549d271, raftlog=20057af8-ad38-476a-8ab5-e2c30549d271@group-80D42DB64689-SegmentedRaftLog:OPENED:c-1,f-1,i0, conf=-1: [4a6eb500-5cbf-400b-b677-1633421db4a2:192.168.36.126:41453, 501e761e-a7a2-4fbd-b2cb-ccb733f61c47:192.168.36.126:43187, 20057af8-ad38-476a-8ab5-e2c30549d271:192.168.36.126:45594], old=null
2019-09-25 04:44:51,891 [501e761e-a7a2-4fbd-b2cb-ccb733f61c47@group-88AFA1C08B7F:LeaderElection42] INFO  impl.LeaderElection (LogUtils.java:infoOrTrace(149)) - 501e761e-a7a2-4fbd-b2cb-ccb733f61c47@group-88AFA1C08B7F:LeaderElection42 got exception when requesting votes: {}
java.util.concurrent.ExecutionException: org.apache.ratis.thirdparty.io.grpc.StatusRuntimeException: UNAVAILABLE: io exception
	at java.util.concurrent.FutureTask.report(FutureTask.java:122)
	at java.util.concurrent.FutureTask.get(FutureTask.java:192)
	at org.apache.ratis.server.impl.LeaderElection.waitForResults(LeaderElection.java:263)
	at org.apache.ratis.server.impl.LeaderElection.askForVotes(LeaderElection.java:201)
	at org.apache.ratis.server.impl.LeaderElection.run(LeaderElection.java:133)
	at java.lang.Thread.run(Thread.java:748)
Caused by: org.apache.ratis.thirdparty.io.grpc.StatusRuntimeException: UNAVAILABLE: io exception
	at org.apache.ratis.thirdparty.io.grpc.stub.ClientCalls.toStatusRuntimeException(ClientCalls.java:233)
	at org.apache.ratis.thirdparty.io.grpc.stub.ClientCalls.getUnchecked(ClientCalls.java:214)
	at org.apache.ratis.thirdparty.io.grpc.stub.ClientCalls.blockingUnaryCall(ClientCalls.java:139)
	at org.apache.ratis.proto.grpc.RaftServerProtocolServiceGrpc$RaftServerProtocolServiceBlockingStub.requestVote(RaftServerProtocolServiceGrpc.java:265)
	at org.apache.ratis.grpc.server.GrpcServerProtocolClient.requestVote(GrpcServerProtocolClient.java:90)
	at org.apache.ratis.grpc.server.GrpcService.requestVote(GrpcService.java:204)
	at org.apache.ratis.server.impl.LeaderElection.lambda$submitRequests$1(LeaderElection.java:238)
	at java.util.concurrent.FutureTask.run(FutureTask.java:266)
	at java.util.concurrent.Executors$RunnableAdapter.call(Executors.java:511)
	at java.util.concurrent.FutureTask.run(FutureTask.java:266)
	at java.util.concurrent.ThreadPoolExecutor.runWorker(ThreadPoolExecutor.java:1149)
	at java.util.concurrent.ThreadPoolExecutor$Worker.run(ThreadPoolExecutor.java:624)
	... 1 more
Caused by: org.apache.ratis.thirdparty.io.netty.channel.AbstractChannel$AnnotatedConnectException: Connection refused: /192.168.36.126:41453
	at sun.nio.ch.SocketChannelImpl.checkConnect(Native Method)
	at sun.nio.ch.SocketChannelImpl.finishConnect(SocketChannelImpl.java:717)
	at org.apache.ratis.thirdparty.io.netty.channel.socket.nio.NioSocketChannel.doFinishConnect(NioSocketChannel.java:327)
	at org.apache.ratis.thirdparty.io.netty.channel.nio.AbstractNioChannel$AbstractNioUnsafe.finishConnect(AbstractNioChannel.java:340)
	at org.apache.ratis.thirdparty.io.netty.channel.nio.NioEventLoop.processSelectedKey(NioEventLoop.java:632)
	at org.apache.ratis.thirdparty.io.netty.channel.nio.NioEventLoop.processSelectedKeysOptimized(NioEventLoop.java:579)
	at org.apache.ratis.thirdparty.io.netty.channel.nio.NioEventLoop.processSelectedKeys(NioEventLoop.java:496)
	at org.apache.ratis.thirdparty.io.netty.channel.nio.NioEventLoop.run(NioEventLoop.java:458)
	at org.apache.ratis.thirdparty.io.netty.util.concurrent.SingleThreadEventExecutor$5.run(SingleThreadEventExecutor.java:897)
	at org.apache.ratis.thirdparty.io.netty.util.concurrent.FastThreadLocalRunnable.run(FastThreadLocalRunnable.java:30)
	... 1 more
Caused by: java.net.ConnectException: Connection refused
	... 11 more
2019-09-25 04:44:51,900 [501e761e-a7a2-4fbd-b2cb-ccb733f61c47@group-80D42DB64689:LeaderElection43] INFO  impl.LeaderElection (LeaderElection.java:logAndReturn(56)) - 501e761e-a7a2-4fbd-b2cb-ccb733f61c47@group-80D42DB64689:LeaderElection43: Election REJECTED; received 1 response(s) [501e761e-a7a2-4fbd-b2cb-ccb733f61c47<-20057af8-ad38-476a-8ab5-e2c30549d271#0:FAIL-t1] and 1 exception(s); 501e761e-a7a2-4fbd-b2cb-ccb733f61c47@group-80D42DB64689:t1, leader=null, voted=501e761e-a7a2-4fbd-b2cb-ccb733f61c47, raftlog=501e761e-a7a2-4fbd-b2cb-ccb733f61c47@group-80D42DB64689-SegmentedRaftLog:OPENED:c-1,f-1,i0, conf=-1: [4a6eb500-5cbf-400b-b677-1633421db4a2:192.168.36.126:41453, 501e761e-a7a2-4fbd-b2cb-ccb733f61c47:192.168.36.126:43187, 20057af8-ad38-476a-8ab5-e2c30549d271:192.168.36.126:45594], old=null
2019-09-25 04:44:51,898 [20057af8-ad38-476a-8ab5-e2c30549d271@group-80D42DB64689:LeaderElection36] INFO  impl.LeaderElection (LogUtils.java:infoOrTrace(149)) -   Exception 0: {}
java.util.concurrent.ExecutionException: org.apache.ratis.thirdparty.io.grpc.StatusRuntimeException: UNAVAILABLE: io exception
	at java.util.concurrent.FutureTask.report(FutureTask.java:122)
	at java.util.concurrent.FutureTask.get(FutureTask.java:192)
	at org.apache.ratis.server.impl.LeaderElection.waitForResults(LeaderElection.java:263)
	at org.apache.ratis.server.impl.LeaderElection.askForVotes(LeaderElection.java:201)
	at org.apache.ratis.server.impl.LeaderElection.run(LeaderElection.java:133)
	at java.lang.Thread.run(Thread.java:748)
Caused by: org.apache.ratis.thirdparty.io.grpc.StatusRuntimeException: UNAVAILABLE: io exception
	at org.apache.ratis.thirdparty.io.grpc.stub.ClientCalls.toStatusRuntimeException(ClientCalls.java:233)
	at org.apache.ratis.thirdparty.io.grpc.stub.ClientCalls.getUnchecked(ClientCalls.java:214)
	at org.apache.ratis.thirdparty.io.grpc.stub.ClientCalls.blockingUnaryCall(ClientCalls.java:139)
	at org.apache.ratis.proto.grpc.RaftServerProtocolServiceGrpc$RaftServerProtocolServiceBlockingStub.requestVote(RaftServerProtocolServiceGrpc.java:265)
	at org.apache.ratis.grpc.server.GrpcServerProtocolClient.requestVote(GrpcServerProtocolClient.java:90)
	at org.apache.ratis.grpc.server.GrpcService.requestVote(GrpcService.java:204)
	at org.apache.ratis.server.impl.LeaderElection.lambda$submitRequests$1(LeaderElection.java:238)
	at java.util.concurrent.FutureTask.run(FutureTask.java:266)
	at java.util.concurrent.Executors$RunnableAdapter.call(Executors.java:511)
	at java.util.concurrent.FutureTask.run(FutureTask.java:266)
	at java.util.concurrent.ThreadPoolExecutor.runWorker(ThreadPoolExecutor.java:1149)
	at java.util.concurrent.ThreadPoolExecutor$Worker.run(ThreadPoolExecutor.java:624)
	... 1 more
Caused by: org.apache.ratis.thirdparty.io.netty.channel.AbstractChannel$AnnotatedConnectException: Connection refused: /192.168.36.126:41453
	at sun.nio.ch.SocketChannelImpl.checkConnect(Native Method)
	at sun.nio.ch.SocketChannelImpl.finishConnect(SocketChannelImpl.java:717)
	at org.apache.ratis.thirdparty.io.netty.channel.socket.nio.NioSocketChannel.doFinishConnect(NioSocketChannel.java:327)
	at org.apache.ratis.thirdparty.io.netty.channel.nio.AbstractNioChannel$AbstractNioUnsafe.finishConnect(AbstractNioChannel.java:340)
	at org.apache.ratis.thirdparty.io.netty.channel.nio.NioEventLoop.processSelectedKey(NioEventLoop.java:632)
	at org.apache.ratis.thirdparty.io.netty.channel.nio.NioEventLoop.processSelectedKeysOptimized(NioEventLoop.java:579)
	at org.apache.ratis.thirdparty.io.netty.channel.nio.NioEventLoop.processSelectedKeys(NioEventLoop.java:496)
	at org.apache.ratis.thirdparty.io.netty.channel.nio.NioEventLoop.run(NioEventLoop.java:458)
	at org.apache.ratis.thirdparty.io.netty.util.concurrent.SingleThreadEventExecutor$5.run(SingleThreadEventExecutor.java:897)
	at org.apache.ratis.thirdparty.io.netty.util.concurrent.FastThreadLocalRunnable.run(FastThreadLocalRunnable.java:30)
	... 1 more
Caused by: java.net.ConnectException: Connection refused
	... 11 more
2019-09-25 04:44:51,894 [20057af8-ad38-476a-8ab5-e2c30549d271@group-88AFA1C08B7F:LeaderElection38] INFO  impl.LeaderElection (LogUtils.java:infoOrTrace(149)) -   Exception 0: {}
java.util.concurrent.ExecutionException: org.apache.ratis.thirdparty.io.grpc.StatusRuntimeException: UNAVAILABLE: io exception
	at java.util.concurrent.FutureTask.report(FutureTask.java:122)
	at java.util.concurrent.FutureTask.get(FutureTask.java:192)
	at org.apache.ratis.server.impl.LeaderElection.waitForResults(LeaderElection.java:263)
	at org.apache.ratis.server.impl.LeaderElection.askForVotes(LeaderElection.java:201)
	at org.apache.ratis.server.impl.LeaderElection.run(LeaderElection.java:133)
	at java.lang.Thread.run(Thread.java:748)
Caused by: org.apache.ratis.thirdparty.io.grpc.StatusRuntimeException: UNAVAILABLE: io exception
	at org.apache.ratis.thirdparty.io.grpc.stub.ClientCalls.toStatusRuntimeException(ClientCalls.java:233)
	at org.apache.ratis.thirdparty.io.grpc.stub.ClientCalls.getUnchecked(ClientCalls.java:214)
	at org.apache.ratis.thirdparty.io.grpc.stub.ClientCalls.blockingUnaryCall(ClientCalls.java:139)
	at org.apache.ratis.proto.grpc.RaftServerProtocolServiceGrpc$RaftServerProtocolServiceBlockingStub.requestVote(RaftServerProtocolServiceGrpc.java:265)
	at org.apache.ratis.grpc.server.GrpcServerProtocolClient.requestVote(GrpcServerProtocolClient.java:90)
	at org.apache.ratis.grpc.server.GrpcService.requestVote(GrpcService.java:204)
	at org.apache.ratis.server.impl.LeaderElection.lambda$submitRequests$1(LeaderElection.java:238)
	at java.util.concurrent.FutureTask.run(FutureTask.java:266)
	at java.util.concurrent.Executors$RunnableAdapter.call(Executors.java:511)
	at java.util.concurrent.FutureTask.run(FutureTask.java:266)
	at java.util.concurrent.ThreadPoolExecutor.runWorker(ThreadPoolExecutor.java:1149)
	at java.util.concurrent.ThreadPoolExecutor$Worker.run(ThreadPoolExecutor.java:624)
	... 1 more
Caused by: org.apache.ratis.thirdparty.io.netty.channel.AbstractChannel$AnnotatedConnectException: Connection refused: /192.168.36.126:41453
	at sun.nio.ch.SocketChannelImpl.checkConnect(Native Method)
	at sun.nio.ch.SocketChannelImpl.finishConnect(SocketChannelImpl.java:717)
	at org.apache.ratis.thirdparty.io.netty.channel.socket.nio.NioSocketChannel.doFinishConnect(NioSocketChannel.java:327)
	at org.apache.ratis.thirdparty.io.netty.channel.nio.AbstractNioChannel$AbstractNioUnsafe.finishConnect(AbstractNioChannel.java:340)
	at org.apache.ratis.thirdparty.io.netty.channel.nio.NioEventLoop.processSelectedKey(NioEventLoop.java:632)
	at org.apache.ratis.thirdparty.io.netty.channel.nio.NioEventLoop.processSelectedKeysOptimized(NioEventLoop.java:579)
	at org.apache.ratis.thirdparty.io.netty.channel.nio.NioEventLoop.processSelectedKeys(NioEventLoop.java:496)
	at org.apache.ratis.thirdparty.io.netty.channel.nio.NioEventLoop.run(NioEventLoop.java:458)
	at org.apache.ratis.thirdparty.io.netty.util.concurrent.SingleThreadEventExecutor$5.run(SingleThreadEventExecutor.java:897)
	at org.apache.ratis.thirdparty.io.netty.util.concurrent.FastThreadLocalRunnable.run(FastThreadLocalRunnable.java:30)
	... 1 more
Caused by: java.net.ConnectException: Connection refused
	... 11 more
2019-09-25 04:44:51,903 [20057af8-ad38-476a-8ab5-e2c30549d271@group-80D42DB64689:LeaderElection36] INFO  impl.RaftServerImpl (RaftServerImpl.java:setRole(174)) - 20057af8-ad38-476a-8ab5-e2c30549d271@group-80D42DB64689: changes role from CANDIDATE to FOLLOWER at term 1 for DISCOVERED_A_NEW_TERM
2019-09-25 04:44:51,902 [501e761e-a7a2-4fbd-b2cb-ccb733f61c47@group-80D42DB64689:LeaderElection43] INFO  impl.LeaderElection (LogUtils.java:infoOrTrace(149)) -   Exception 0: {}
java.util.concurrent.ExecutionException: org.apache.ratis.thirdparty.io.grpc.StatusRuntimeException: UNAVAILABLE: io exception
	at java.util.concurrent.FutureTask.report(FutureTask.java:122)
	at java.util.concurrent.FutureTask.get(FutureTask.java:192)
	at org.apache.ratis.server.impl.LeaderElection.waitForResults(LeaderElection.java:263)
	at org.apache.ratis.server.impl.LeaderElection.askForVotes(LeaderElection.java:201)
	at org.apache.ratis.server.impl.LeaderElection.run(LeaderElection.java:133)
	at java.lang.Thread.run(Thread.java:748)
Caused by: org.apache.ratis.thirdparty.io.grpc.StatusRuntimeException: UNAVAILABLE: io exception
	at org.apache.ratis.thirdparty.io.grpc.stub.ClientCalls.toStatusRuntimeException(ClientCalls.java:233)
	at org.apache.ratis.thirdparty.io.grpc.stub.ClientCalls.getUnchecked(ClientCalls.java:214)
	at org.apache.ratis.thirdparty.io.grpc.stub.ClientCalls.blockingUnaryCall(ClientCalls.java:139)
	at org.apache.ratis.proto.grpc.RaftServerProtocolServiceGrpc$RaftServerProtocolServiceBlockingStub.requestVote(RaftServerProtocolServiceGrpc.java:265)
	at org.apache.ratis.grpc.server.GrpcServerProtocolClient.requestVote(GrpcServerProtocolClient.java:90)
	at org.apache.ratis.grpc.server.GrpcService.requestVote(GrpcService.java:204)
	at org.apache.ratis.server.impl.LeaderElection.lambda$submitRequests$1(LeaderElection.java:238)
	at java.util.concurrent.FutureTask.run(FutureTask.java:266)
	at java.util.concurrent.Executors$RunnableAdapter.call(Executors.java:511)
	at java.util.concurrent.FutureTask.run(FutureTask.java:266)
	at java.util.concurrent.ThreadPoolExecutor.runWorker(ThreadPoolExecutor.java:1149)
	at java.util.concurrent.ThreadPoolExecutor$Worker.run(ThreadPoolExecutor.java:624)
	... 1 more
Caused by: org.apache.ratis.thirdparty.io.netty.channel.AbstractChannel$AnnotatedConnectException: Connection refused: /192.168.36.126:41453
	at sun.nio.ch.SocketChannelImpl.checkConnect(Native Method)
	at sun.nio.ch.SocketChannelImpl.finishConnect(SocketChannelImpl.java:717)
	at org.apache.ratis.thirdparty.io.netty.channel.socket.nio.NioSocketChannel.doFinishConnect(NioSocketChannel.java:327)
	at org.apache.ratis.thirdparty.io.netty.channel.nio.AbstractNioChannel$AbstractNioUnsafe.finishConnect(AbstractNioChannel.java:340)
	at org.apache.ratis.thirdparty.io.netty.channel.nio.NioEventLoop.processSelectedKey(NioEventLoop.java:632)
	at org.apache.ratis.thirdparty.io.netty.channel.nio.NioEventLoop.processSelectedKeysOptimized(NioEventLoop.java:579)
	at org.apache.ratis.thirdparty.io.netty.channel.nio.NioEventLoop.processSelectedKeys(NioEventLoop.java:496)
	at org.apache.ratis.thirdparty.io.netty.channel.nio.NioEventLoop.run(NioEventLoop.java:458)
	at org.apache.ratis.thirdparty.io.netty.util.concurrent.SingleThreadEventExecutor$5.run(SingleThreadEventExecutor.java:897)
	at org.apache.ratis.thirdparty.io.netty.util.concurrent.FastThreadLocalRunnable.run(FastThreadLocalRunnable.java:30)
	... 1 more
Caused by: java.net.ConnectException: Connection refused
	... 11 more
2019-09-25 04:44:51,902 [501e761e-a7a2-4fbd-b2cb-ccb733f61c47@group-88AFA1C08B7F:LeaderElection42] INFO  impl.LeaderElection (LeaderElection.java:logAndReturn(56)) - 501e761e-a7a2-4fbd-b2cb-ccb733f61c47@group-88AFA1C08B7F:LeaderElection42: Election REJECTED; received 1 response(s) [501e761e-a7a2-4fbd-b2cb-ccb733f61c47<-20057af8-ad38-476a-8ab5-e2c30549d271#0:FAIL-t1] and 1 exception(s); 501e761e-a7a2-4fbd-b2cb-ccb733f61c47@group-88AFA1C08B7F:t1, leader=null, voted=501e761e-a7a2-4fbd-b2cb-ccb733f61c47, raftlog=501e761e-a7a2-4fbd-b2cb-ccb733f61c47@group-88AFA1C08B7F-SegmentedRaftLog:OPENED:c-1,f-1,i0, conf=-1: [4a6eb500-5cbf-400b-b677-1633421db4a2:192.168.36.126:41453, 501e761e-a7a2-4fbd-b2cb-ccb733f61c47:192.168.36.126:43187, 20057af8-ad38-476a-8ab5-e2c30549d271:192.168.36.126:45594], old=null
2019-09-25 04:44:51,905 [501e761e-a7a2-4fbd-b2cb-ccb733f61c47@group-80D42DB64689:LeaderElection43] INFO  impl.RaftServerImpl (RaftServerImpl.java:setRole(174)) - 501e761e-a7a2-4fbd-b2cb-ccb733f61c47@group-80D42DB64689: changes role from CANDIDATE to FOLLOWER at term 1 for DISCOVERED_A_NEW_TERM
2019-09-25 04:44:51,905 [20057af8-ad38-476a-8ab5-e2c30549d271@group-80D42DB64689:LeaderElection36] INFO  impl.RoleInfo (RoleInfo.java:shutdownLeaderElection(134)) - 20057af8-ad38-476a-8ab5-e2c30549d271: shutdown LeaderElection
2019-09-25 04:44:51,905 [20057af8-ad38-476a-8ab5-e2c30549d271@group-88AFA1C08B7F:LeaderElection38] INFO  impl.RaftServerImpl (RaftServerImpl.java:setRole(174)) - 20057af8-ad38-476a-8ab5-e2c30549d271@group-88AFA1C08B7F: changes role from CANDIDATE to FOLLOWER at term 1 for DISCOVERED_A_NEW_TERM
2019-09-25 04:44:51,907 [20057af8-ad38-476a-8ab5-e2c30549d271@group-80D42DB64689:LeaderElection36] INFO  impl.RoleInfo (RoleInfo.java:updateAndGet(143)) - 20057af8-ad38-476a-8ab5-e2c30549d271: start FollowerState
2019-09-25 04:44:51,906 [501e761e-a7a2-4fbd-b2cb-ccb733f61c47@group-80D42DB64689:LeaderElection43] INFO  impl.RoleInfo (RoleInfo.java:shutdownLeaderElection(134)) - 501e761e-a7a2-4fbd-b2cb-ccb733f61c47: shutdown LeaderElection
2019-09-25 04:44:51,906 [501e761e-a7a2-4fbd-b2cb-ccb733f61c47@group-88AFA1C08B7F:LeaderElection42] INFO  impl.LeaderElection (LogUtils.java:infoOrTrace(149)) -   Exception 0: {}
java.util.concurrent.ExecutionException: org.apache.ratis.thirdparty.io.grpc.StatusRuntimeException: UNAVAILABLE: io exception
	at java.util.concurrent.FutureTask.report(FutureTask.java:122)
	at java.util.concurrent.FutureTask.get(FutureTask.java:192)
	at org.apache.ratis.server.impl.LeaderElection.waitForResults(LeaderElection.java:263)
	at org.apache.ratis.server.impl.LeaderElection.askForVotes(LeaderElection.java:201)
	at org.apache.ratis.server.impl.LeaderElection.run(LeaderElection.java:133)
	at java.lang.Thread.run(Thread.java:748)
Caused by: org.apache.ratis.thirdparty.io.grpc.StatusRuntimeException: UNAVAILABLE: io exception
	at org.apache.ratis.thirdparty.io.grpc.stub.ClientCalls.toStatusRuntimeException(ClientCalls.java:233)
	at org.apache.ratis.thirdparty.io.grpc.stub.ClientCalls.getUnchecked(ClientCalls.java:214)
	at org.apache.ratis.thirdparty.io.grpc.stub.ClientCalls.blockingUnaryCall(ClientCalls.java:139)
	at org.apache.ratis.proto.grpc.RaftServerProtocolServiceGrpc$RaftServerProtocolServiceBlockingStub.requestVote(RaftServerProtocolServiceGrpc.java:265)
	at org.apache.ratis.grpc.server.GrpcServerProtocolClient.requestVote(GrpcServerProtocolClient.java:90)
	at org.apache.ratis.grpc.server.GrpcService.requestVote(GrpcService.java:204)
	at org.apache.ratis.server.impl.LeaderElection.lambda$submitRequests$1(LeaderElection.java:238)
	at java.util.concurrent.FutureTask.run(FutureTask.java:266)
	at java.util.concurrent.Executors$RunnableAdapter.call(Executors.java:511)
	at java.util.concurrent.FutureTask.run(FutureTask.java:266)
	at java.util.concurrent.ThreadPoolExecutor.runWorker(ThreadPoolExecutor.java:1149)
	at java.util.concurrent.ThreadPoolExecutor$Worker.run(ThreadPoolExecutor.java:624)
	... 1 more
Caused by: org.apache.ratis.thirdparty.io.netty.channel.AbstractChannel$AnnotatedConnectException: Connection refused: /192.168.36.126:41453
	at sun.nio.ch.SocketChannelImpl.checkConnect(Native Method)
	at sun.nio.ch.SocketChannelImpl.finishConnect(SocketChannelImpl.java:717)
	at org.apache.ratis.thirdparty.io.netty.channel.socket.nio.NioSocketChannel.doFinishConnect(NioSocketChannel.java:327)
	at org.apache.ratis.thirdparty.io.netty.channel.nio.AbstractNioChannel$AbstractNioUnsafe.finishConnect(AbstractNioChannel.java:340)
	at org.apache.ratis.thirdparty.io.netty.channel.nio.NioEventLoop.processSelectedKey(NioEventLoop.java:632)
	at org.apache.ratis.thirdparty.io.netty.channel.nio.NioEventLoop.processSelectedKeysOptimized(NioEventLoop.java:579)
	at org.apache.ratis.thirdparty.io.netty.channel.nio.NioEventLoop.processSelectedKeys(NioEventLoop.java:496)
	at org.apache.ratis.thirdparty.io.netty.channel.nio.NioEventLoop.run(NioEventLoop.java:458)
	at org.apache.ratis.thirdparty.io.netty.util.concurrent.SingleThreadEventExecutor$5.run(SingleThreadEventExecutor.java:897)
	at org.apache.ratis.thirdparty.io.netty.util.concurrent.FastThreadLocalRunnable.run(FastThreadLocalRunnable.java:30)
	... 1 more
Caused by: java.net.ConnectException: Connection refused
	... 11 more
2019-09-25 04:44:51,908 [501e761e-a7a2-4fbd-b2cb-ccb733f61c47@group-80D42DB64689:LeaderElection43] INFO  impl.RoleInfo (RoleInfo.java:updateAndGet(143)) - 501e761e-a7a2-4fbd-b2cb-ccb733f61c47: start FollowerState
2019-09-25 04:44:51,908 [20057af8-ad38-476a-8ab5-e2c30549d271@group-88AFA1C08B7F:LeaderElection38] INFO  impl.RoleInfo (RoleInfo.java:shutdownLeaderElection(134)) - 20057af8-ad38-476a-8ab5-e2c30549d271: shutdown LeaderElection
2019-09-25 04:44:51,908 [501e761e-a7a2-4fbd-b2cb-ccb733f61c47@group-88AFA1C08B7F:LeaderElection42] INFO  impl.RaftServerImpl (RaftServerImpl.java:setRole(174)) - 501e761e-a7a2-4fbd-b2cb-ccb733f61c47@group-88AFA1C08B7F: changes role from CANDIDATE to FOLLOWER at term 1 for DISCOVERED_A_NEW_TERM
2019-09-25 04:44:51,909 [20057af8-ad38-476a-8ab5-e2c30549d271@group-88AFA1C08B7F:LeaderElection38] INFO  impl.RoleInfo (RoleInfo.java:updateAndGet(143)) - 20057af8-ad38-476a-8ab5-e2c30549d271: start FollowerState
2019-09-25 04:44:51,909 [501e761e-a7a2-4fbd-b2cb-ccb733f61c47@group-88AFA1C08B7F:LeaderElection42] INFO  impl.RoleInfo (RoleInfo.java:shutdownLeaderElection(134)) - 501e761e-a7a2-4fbd-b2cb-ccb733f61c47: shutdown LeaderElection
2019-09-25 04:44:51,909 [501e761e-a7a2-4fbd-b2cb-ccb733f61c47@group-88AFA1C08B7F:LeaderElection42] INFO  impl.RoleInfo (RoleInfo.java:updateAndGet(143)) - 501e761e-a7a2-4fbd-b2cb-ccb733f61c47: start FollowerState
2019-09-25 04:44:53,920 [main] INFO  ozoneimpl.OzoneContainer (OzoneContainer.java:stop(231)) - Attempting to stop container services.
2019-09-25 04:44:53,921 [main] INFO  impl.RaftServerProxy (RaftServerProxy.java:lambda$close$4(314)) - a060778b-05f6-4510-a12a-face2191e804: close
2019-09-25 04:44:53,924 [main] INFO  server.GrpcService (GrpcService.java:closeImpl(164)) - a060778b-05f6-4510-a12a-face2191e804: shutdown server with port 43915 now
2019-09-25 04:44:53,925 [main] INFO  server.GrpcService (GrpcService.java:closeImpl(172)) - a060778b-05f6-4510-a12a-face2191e804: shutdown server with port 43915 successfully
2019-09-25 04:44:53,927 [refreshUsed-/workdir/hadoop-ozone/integration-test/target/test-dir/MiniOzoneClusterImpl-35769ac5-a4ef-4df9-86f1-fb87f256fef7/datanode-3/data/containers] WARN  fs.CachingGetSpaceUsed (CachingGetSpaceUsed.java:run(183)) - Thread Interrupted waiting to refresh disk information: sleep interrupted
2019-09-25 04:44:53,938 [ForkJoinPool.commonPool-worker-0] INFO  ozoneimpl.OzoneContainer (OzoneContainer.java:stop(231)) - Attempting to stop container services.
2019-09-25 04:44:53,938 [ForkJoinPool.commonPool-worker-0] INFO  impl.RaftServerProxy (RaftServerProxy.java:lambda$close$4(314)) - 475ba912-5711-4c23-b52c-8faeeb9e9943: close
2019-09-25 04:44:53,940 [ForkJoinPool.commonPool-worker-0] INFO  server.GrpcService (GrpcService.java:closeImpl(164)) - 475ba912-5711-4c23-b52c-8faeeb9e9943: shutdown server with port 44033 now
2019-09-25 04:44:53,940 [ForkJoinPool.commonPool-worker-0] INFO  server.GrpcService (GrpcService.java:closeImpl(172)) - 475ba912-5711-4c23-b52c-8faeeb9e9943: shutdown server with port 44033 successfully
2019-09-25 04:44:53,942 [refreshUsed-/workdir/hadoop-ozone/integration-test/target/test-dir/MiniOzoneClusterImpl-35769ac5-a4ef-4df9-86f1-fb87f256fef7/datanode-2/data/containers] WARN  fs.CachingGetSpaceUsed (CachingGetSpaceUsed.java:run(183)) - Thread Interrupted waiting to refresh disk information: sleep interrupted
2019-09-25 04:44:53,950 [main] INFO  utils.BackgroundService (BackgroundService.java:shutdown(148)) - Shutting down service BlockDeletingService
2019-09-25 04:44:53,955 [main] INFO  statemachine.DatanodeStateMachine (DatanodeStateMachine.java:stopDaemon(395)) - Ozone container server stopped.
2019-09-25 04:44:53,956 [main] INFO  handler.ContextHandler (ContextHandler.java:doStop(910)) - Stopped o.e.j.w.WebAppContext@66a5755{/,null,UNAVAILABLE}{/hddsDatanode}
2019-09-25 04:44:53,957 [main] INFO  server.AbstractConnector (AbstractConnector.java:doStop(318)) - Stopped ServerConnector@771a7d53{HTTP/1.1,[http/1.1]}{0.0.0.0:0}
2019-09-25 04:44:53,958 [main] INFO  handler.ContextHandler (ContextHandler.java:doStop(910)) - Stopped o.e.j.s.ServletContextHandler@4fa4f485{/static,jar:file:/home/user/.m2/repository/org/apache/hadoop/hadoop-hdds-container-service/0.5.0-SNAPSHOT/hadoop-hdds-container-service-0.5.0-SNAPSHOT.jar!/webapps/static,UNAVAILABLE}
2019-09-25 04:44:53,958 [main] INFO  handler.ContextHandler (ContextHandler.java:doStop(910)) - Stopped o.e.j.s.ServletContextHandler@6af90849{/logs,file:///workdir/hadoop-ozone/integration-test/target/log,UNAVAILABLE}
2019-09-25 04:44:53,965 [ForkJoinPool.commonPool-worker-0] INFO  utils.BackgroundService (BackgroundService.java:shutdown(148)) - Shutting down service BlockDeletingService
2019-09-25 04:44:53,968 [ForkJoinPool.commonPool-worker-0] INFO  statemachine.DatanodeStateMachine (DatanodeStateMachine.java:stopDaemon(395)) - Ozone container server stopped.
2019-09-25 04:44:53,973 [ForkJoinPool.commonPool-worker-0] INFO  handler.ContextHandler (ContextHandler.java:doStop(910)) - Stopped o.e.j.w.WebAppContext@3f6bf8aa{/,null,UNAVAILABLE}{/hddsDatanode}
2019-09-25 04:44:53,973 [ForkJoinPool.commonPool-worker-0] INFO  server.AbstractConnector (AbstractConnector.java:doStop(318)) - Stopped ServerConnector@13c8ac77{HTTP/1.1,[http/1.1]}{0.0.0.0:0}
2019-09-25 04:44:53,975 [ForkJoinPool.commonPool-worker-0] INFO  handler.ContextHandler (ContextHandler.java:doStop(910)) - Stopped o.e.j.s.ServletContextHandler@2f10f633{/static,jar:file:/home/user/.m2/repository/org/apache/hadoop/hadoop-hdds-container-service/0.5.0-SNAPSHOT/hadoop-hdds-container-service-0.5.0-SNAPSHOT.jar!/webapps/static,UNAVAILABLE}
2019-09-25 04:44:53,977 [ForkJoinPool.commonPool-worker-0] INFO  handler.ContextHandler (ContextHandler.java:doStop(910)) - Stopped o.e.j.s.ServletContextHandler@6088451e{/logs,file:///workdir/hadoop-ozone/integration-test/target/log,UNAVAILABLE}
2019-09-25 04:44:54,228 [Datanode State Machine Thread - 0] INFO  statemachine.DatanodeStateMachine (DatanodeStateMachine.java:lambda$startDaemon$0(350)) - Ozone container server started.
2019-09-25 04:44:54,927 [Datanode State Machine Thread - 0] INFO  statemachine.DatanodeStateMachine (DatanodeStateMachine.java:lambda$startDaemon$0(350)) - Ozone container server started.
2019-09-25 04:44:56,902 [Thread-928] INFO  impl.FollowerState (FollowerState.java:run(106)) - 501e761e-a7a2-4fbd-b2cb-ccb733f61c47:group-440F611E4189 changes to CANDIDATE, lastRpcTime:5022, electionTimeout:5021ms
2019-09-25 04:44:56,902 [Thread-928] INFO  impl.RoleInfo (RoleInfo.java:shutdownFollowerState(121)) - 501e761e-a7a2-4fbd-b2cb-ccb733f61c47: shutdown FollowerState
2019-09-25 04:44:56,902 [Thread-928] INFO  impl.RaftServerImpl (RaftServerImpl.java:setRole(174)) - 501e761e-a7a2-4fbd-b2cb-ccb733f61c47@group-440F611E4189: changes role from  FOLLOWER to CANDIDATE at term 1 for changeToCandidate
2019-09-25 04:44:56,903 [Thread-928] INFO  impl.RoleInfo (RoleInfo.java:updateAndGet(143)) - 501e761e-a7a2-4fbd-b2cb-ccb733f61c47: start LeaderElection
2019-09-25 04:44:56,940 [Thread-927] INFO  impl.FollowerState (FollowerState.java:run(106)) - 20057af8-ad38-476a-8ab5-e2c30549d271:group-440F611E4189 changes to CANDIDATE, lastRpcTime:5060, electionTimeout:5059ms
2019-09-25 04:44:56,940 [Thread-927] INFO  impl.RoleInfo (RoleInfo.java:shutdownFollowerState(121)) - 20057af8-ad38-476a-8ab5-e2c30549d271: shutdown FollowerState
2019-09-25 04:44:56,940 [Thread-927] INFO  impl.RaftServerImpl (RaftServerImpl.java:setRole(174)) - 20057af8-ad38-476a-8ab5-e2c30549d271@group-440F611E4189: changes role from  FOLLOWER to CANDIDATE at term 1 for changeToCandidate
2019-09-25 04:44:56,940 [Thread-927] INFO  impl.RoleInfo (RoleInfo.java:updateAndGet(143)) - 20057af8-ad38-476a-8ab5-e2c30549d271: start LeaderElection
2019-09-25 04:44:56,987 [Thread-936] INFO  impl.FollowerState (FollowerState.java:run(106)) - 20057af8-ad38-476a-8ab5-e2c30549d271:group-88AFA1C08B7F changes to CANDIDATE, lastRpcTime:5078, electionTimeout:5078ms
2019-09-25 04:44:56,988 [Thread-936] INFO  impl.RoleInfo (RoleInfo.java:shutdownFollowerState(121)) - 20057af8-ad38-476a-8ab5-e2c30549d271: shutdown FollowerState
2019-09-25 04:44:56,988 [Thread-936] INFO  impl.RaftServerImpl (RaftServerImpl.java:setRole(174)) - 20057af8-ad38-476a-8ab5-e2c30549d271@group-88AFA1C08B7F: changes role from  FOLLOWER to CANDIDATE at term 1 for changeToCandidate
2019-09-25 04:44:56,988 [Thread-936] INFO  impl.RoleInfo (RoleInfo.java:updateAndGet(143)) - 20057af8-ad38-476a-8ab5-e2c30549d271: start LeaderElection
2019-09-25 04:44:57,022 [Thread-929] INFO  impl.FollowerState (FollowerState.java:run(106)) - 20057af8-ad38-476a-8ab5-e2c30549d271:group-D717B926E0E9 changes to CANDIDATE, lastRpcTime:5141, electionTimeout:5141ms
2019-09-25 04:44:57,023 [Thread-929] INFO  impl.RoleInfo (RoleInfo.java:shutdownFollowerState(121)) - 20057af8-ad38-476a-8ab5-e2c30549d271: shutdown FollowerState
2019-09-25 04:44:57,023 [Thread-929] INFO  impl.RaftServerImpl (RaftServerImpl.java:setRole(174)) - 20057af8-ad38-476a-8ab5-e2c30549d271@group-D717B926E0E9: changes role from  FOLLOWER to CANDIDATE at term 1 for changeToCandidate
2019-09-25 04:44:57,023 [Thread-929] INFO  impl.RoleInfo (RoleInfo.java:updateAndGet(143)) - 20057af8-ad38-476a-8ab5-e2c30549d271: start LeaderElection
2019-09-25 04:44:57,026 [Thread-926] INFO  impl.FollowerState (FollowerState.java:run(106)) - 501e761e-a7a2-4fbd-b2cb-ccb733f61c47:group-D717B926E0E9 changes to CANDIDATE, lastRpcTime:5146, electionTimeout:5145ms
2019-09-25 04:44:57,026 [Thread-926] INFO  impl.RoleInfo (RoleInfo.java:shutdownFollowerState(121)) - 501e761e-a7a2-4fbd-b2cb-ccb733f61c47: shutdown FollowerState
2019-09-25 04:44:57,026 [Thread-926] INFO  impl.RaftServerImpl (RaftServerImpl.java:setRole(174)) - 501e761e-a7a2-4fbd-b2cb-ccb733f61c47@group-D717B926E0E9: changes role from  FOLLOWER to CANDIDATE at term 1 for changeToCandidate
2019-09-25 04:44:57,026 [Thread-926] INFO  impl.RoleInfo (RoleInfo.java:updateAndGet(143)) - 501e761e-a7a2-4fbd-b2cb-ccb733f61c47: start LeaderElection
2019-09-25 04:44:57,027 [Thread-934] INFO  impl.FollowerState (FollowerState.java:run(106)) - 20057af8-ad38-476a-8ab5-e2c30549d271:group-80D42DB64689 changes to CANDIDATE, lastRpcTime:5119, electionTimeout:5119ms
2019-09-25 04:44:57,027 [Thread-934] INFO  impl.RoleInfo (RoleInfo.java:shutdownFollowerState(121)) - 20057af8-ad38-476a-8ab5-e2c30549d271: shutdown FollowerState
2019-09-25 04:44:57,027 [Thread-934] INFO  impl.RaftServerImpl (RaftServerImpl.java:setRole(174)) - 20057af8-ad38-476a-8ab5-e2c30549d271@group-80D42DB64689: changes role from  FOLLOWER to CANDIDATE at term 1 for changeToCandidate
2019-09-25 04:44:57,028 [Thread-934] INFO  impl.RoleInfo (RoleInfo.java:updateAndGet(143)) - 20057af8-ad38-476a-8ab5-e2c30549d271: start LeaderElection
2019-09-25 04:44:57,044 [Thread-937] INFO  impl.FollowerState (FollowerState.java:run(106)) - 501e761e-a7a2-4fbd-b2cb-ccb733f61c47:group-88AFA1C08B7F changes to CANDIDATE, lastRpcTime:5134, electionTimeout:5134ms
2019-09-25 04:44:57,044 [Thread-937] INFO  impl.RoleInfo (RoleInfo.java:shutdownFollowerState(121)) - 501e761e-a7a2-4fbd-b2cb-ccb733f61c47: shutdown FollowerState
2019-09-25 04:44:57,044 [Thread-937] INFO  impl.RaftServerImpl (RaftServerImpl.java:setRole(174)) - 501e761e-a7a2-4fbd-b2cb-ccb733f61c47@group-88AFA1C08B7F: changes role from  FOLLOWER to CANDIDATE at term 1 for changeToCandidate
2019-09-25 04:44:57,044 [Thread-937] INFO  impl.RoleInfo (RoleInfo.java:updateAndGet(143)) - 501e761e-a7a2-4fbd-b2cb-ccb733f61c47: start LeaderElection
2019-09-25 04:44:57,062 [Thread-935] INFO  impl.FollowerState (FollowerState.java:run(106)) - 501e761e-a7a2-4fbd-b2cb-ccb733f61c47:group-80D42DB64689 changes to CANDIDATE, lastRpcTime:5154, electionTimeout:5153ms
2019-09-25 04:44:57,062 [Thread-935] INFO  impl.RoleInfo (RoleInfo.java:shutdownFollowerState(121)) - 501e761e-a7a2-4fbd-b2cb-ccb733f61c47: shutdown FollowerState
2019-09-25 04:44:57,063 [Thread-935] INFO  impl.RaftServerImpl (RaftServerImpl.java:setRole(174)) - 501e761e-a7a2-4fbd-b2cb-ccb733f61c47@group-80D42DB64689: changes role from  FOLLOWER to CANDIDATE at term 1 for changeToCandidate
2019-09-25 04:44:57,063 [Thread-935] INFO  impl.RoleInfo (RoleInfo.java:updateAndGet(143)) - 501e761e-a7a2-4fbd-b2cb-ccb733f61c47: start LeaderElection
2019-09-25 04:44:57,458 [20057af8-ad38-476a-8ab5-e2c30549d271@group-80D42DB64689:LeaderElection51] INFO  impl.LeaderElection (LeaderElection.java:askForVotes(182)) - 20057af8-ad38-476a-8ab5-e2c30549d271@group-80D42DB64689:LeaderElection51: begin an election at term 2 for -1: [4a6eb500-5cbf-400b-b677-1633421db4a2:192.168.36.126:41453, 501e761e-a7a2-4fbd-b2cb-ccb733f61c47:192.168.36.126:43187, 20057af8-ad38-476a-8ab5-e2c30549d271:192.168.36.126:45594], old=null
2019-09-25 04:44:57,458 [20057af8-ad38-476a-8ab5-e2c30549d271@group-88AFA1C08B7F:LeaderElection48] INFO  impl.LeaderElection (LeaderElection.java:askForVotes(182)) - 20057af8-ad38-476a-8ab5-e2c30549d271@group-88AFA1C08B7F:LeaderElection48: begin an election at term 2 for -1: [4a6eb500-5cbf-400b-b677-1633421db4a2:192.168.36.126:41453, 501e761e-a7a2-4fbd-b2cb-ccb733f61c47:192.168.36.126:43187, 20057af8-ad38-476a-8ab5-e2c30549d271:192.168.36.126:45594], old=null
2019-09-25 04:44:57,458 [20057af8-ad38-476a-8ab5-e2c30549d271@group-D717B926E0E9:LeaderElection49] INFO  impl.LeaderElection (LeaderElection.java:askForVotes(182)) - 20057af8-ad38-476a-8ab5-e2c30549d271@group-D717B926E0E9:LeaderElection49: begin an election at term 2 for -1: [4a6eb500-5cbf-400b-b677-1633421db4a2:192.168.36.126:41453, 501e761e-a7a2-4fbd-b2cb-ccb733f61c47:192.168.36.126:43187, 20057af8-ad38-476a-8ab5-e2c30549d271:192.168.36.126:45594], old=null
2019-09-25 04:44:57,458 [501e761e-a7a2-4fbd-b2cb-ccb733f61c47@group-80D42DB64689:LeaderElection53] INFO  impl.LeaderElection (LeaderElection.java:askForVotes(182)) - 501e761e-a7a2-4fbd-b2cb-ccb733f61c47@group-80D42DB64689:LeaderElection53: begin an election at term 2 for -1: [4a6eb500-5cbf-400b-b677-1633421db4a2:192.168.36.126:41453, 501e761e-a7a2-4fbd-b2cb-ccb733f61c47:192.168.36.126:43187, 20057af8-ad38-476a-8ab5-e2c30549d271:192.168.36.126:45594], old=null
2019-09-25 04:44:57,458 [501e761e-a7a2-4fbd-b2cb-ccb733f61c47@group-D717B926E0E9:LeaderElection50] INFO  impl.LeaderElection (LeaderElection.java:askForVotes(182)) - 501e761e-a7a2-4fbd-b2cb-ccb733f61c47@group-D717B926E0E9:LeaderElection50: begin an election at term 2 for -1: [4a6eb500-5cbf-400b-b677-1633421db4a2:192.168.36.126:41453, 501e761e-a7a2-4fbd-b2cb-ccb733f61c47:192.168.36.126:43187, 20057af8-ad38-476a-8ab5-e2c30549d271:192.168.36.126:45594], old=null
2019-09-25 04:44:57,458 [20057af8-ad38-476a-8ab5-e2c30549d271@group-440F611E4189:LeaderElection47] INFO  impl.LeaderElection (LeaderElection.java:askForVotes(182)) - 20057af8-ad38-476a-8ab5-e2c30549d271@group-440F611E4189:LeaderElection47: begin an election at term 2 for -1: [4a6eb500-5cbf-400b-b677-1633421db4a2:192.168.36.126:41453, 501e761e-a7a2-4fbd-b2cb-ccb733f61c47:192.168.36.126:43187, 20057af8-ad38-476a-8ab5-e2c30549d271:192.168.36.126:45594], old=null
2019-09-25 04:44:57,458 [501e761e-a7a2-4fbd-b2cb-ccb733f61c47@group-88AFA1C08B7F:LeaderElection52] INFO  impl.LeaderElection (LeaderElection.java:askForVotes(182)) - 501e761e-a7a2-4fbd-b2cb-ccb733f61c47@group-88AFA1C08B7F:LeaderElection52: begin an election at term 2 for -1: [4a6eb500-5cbf-400b-b677-1633421db4a2:192.168.36.126:41453, 501e761e-a7a2-4fbd-b2cb-ccb733f61c47:192.168.36.126:43187, 20057af8-ad38-476a-8ab5-e2c30549d271:192.168.36.126:45594], old=null
2019-09-25 04:44:57,458 [501e761e-a7a2-4fbd-b2cb-ccb733f61c47@group-440F611E4189:LeaderElection46] INFO  impl.LeaderElection (LeaderElection.java:askForVotes(182)) - 501e761e-a7a2-4fbd-b2cb-ccb733f61c47@group-440F611E4189:LeaderElection46: begin an election at term 2 for -1: [4a6eb500-5cbf-400b-b677-1633421db4a2:192.168.36.126:41453, 501e761e-a7a2-4fbd-b2cb-ccb733f61c47:192.168.36.126:43187, 20057af8-ad38-476a-8ab5-e2c30549d271:192.168.36.126:45594], old=null
2019-09-25 04:44:57,460 [20057af8-ad38-476a-8ab5-e2c30549d271@group-88AFA1C08B7F:LeaderElection48] INFO  impl.LeaderElection (LogUtils.java:infoOrTrace(149)) - 20057af8-ad38-476a-8ab5-e2c30549d271@group-88AFA1C08B7F:LeaderElection48 got exception when requesting votes: {}
java.util.concurrent.ExecutionException: org.apache.ratis.thirdparty.io.grpc.StatusRuntimeException: UNAVAILABLE: io exception
	at java.util.concurrent.FutureTask.report(FutureTask.java:122)
	at java.util.concurrent.FutureTask.get(FutureTask.java:192)
	at org.apache.ratis.server.impl.LeaderElection.waitForResults(LeaderElection.java:263)
	at org.apache.ratis.server.impl.LeaderElection.askForVotes(LeaderElection.java:201)
	at org.apache.ratis.server.impl.LeaderElection.run(LeaderElection.java:133)
	at java.lang.Thread.run(Thread.java:748)
Caused by: org.apache.ratis.thirdparty.io.grpc.StatusRuntimeException: UNAVAILABLE: io exception
	at org.apache.ratis.thirdparty.io.grpc.stub.ClientCalls.toStatusRuntimeException(ClientCalls.java:233)
	at org.apache.ratis.thirdparty.io.grpc.stub.ClientCalls.getUnchecked(ClientCalls.java:214)
	at org.apache.ratis.thirdparty.io.grpc.stub.ClientCalls.blockingUnaryCall(ClientCalls.java:139)
	at org.apache.ratis.proto.grpc.RaftServerProtocolServiceGrpc$RaftServerProtocolServiceBlockingStub.requestVote(RaftServerProtocolServiceGrpc.java:265)
	at org.apache.ratis.grpc.server.GrpcServerProtocolClient.requestVote(GrpcServerProtocolClient.java:90)
	at org.apache.ratis.grpc.server.GrpcService.requestVote(GrpcService.java:204)
	at org.apache.ratis.server.impl.LeaderElection.lambda$submitRequests$1(LeaderElection.java:238)
	at java.util.concurrent.FutureTask.run(FutureTask.java:266)
	at java.util.concurrent.Executors$RunnableAdapter.call(Executors.java:511)
	at java.util.concurrent.FutureTask.run(FutureTask.java:266)
	at java.util.concurrent.ThreadPoolExecutor.runWorker(ThreadPoolExecutor.java:1149)
	at java.util.concurrent.ThreadPoolExecutor$Worker.run(ThreadPoolExecutor.java:624)
	... 1 more
Caused by: org.apache.ratis.thirdparty.io.netty.channel.AbstractChannel$AnnotatedConnectException: Connection refused: /192.168.36.126:41453
	at sun.nio.ch.SocketChannelImpl.checkConnect(Native Method)
	at sun.nio.ch.SocketChannelImpl.finishConnect(SocketChannelImpl.java:717)
	at org.apache.ratis.thirdparty.io.netty.channel.socket.nio.NioSocketChannel.doFinishConnect(NioSocketChannel.java:327)
	at org.apache.ratis.thirdparty.io.netty.channel.nio.AbstractNioChannel$AbstractNioUnsafe.finishConnect(AbstractNioChannel.java:340)
	at org.apache.ratis.thirdparty.io.netty.channel.nio.NioEventLoop.processSelectedKey(NioEventLoop.java:632)
	at org.apache.ratis.thirdparty.io.netty.channel.nio.NioEventLoop.processSelectedKeysOptimized(NioEventLoop.java:579)
	at org.apache.ratis.thirdparty.io.netty.channel.nio.NioEventLoop.processSelectedKeys(NioEventLoop.java:496)
	at org.apache.ratis.thirdparty.io.netty.channel.nio.NioEventLoop.run(NioEventLoop.java:458)
	at org.apache.ratis.thirdparty.io.netty.util.concurrent.SingleThreadEventExecutor$5.run(SingleThreadEventExecutor.java:897)
	at org.apache.ratis.thirdparty.io.netty.util.concurrent.FastThreadLocalRunnable.run(FastThreadLocalRunnable.java:30)
	... 1 more
Caused by: java.net.ConnectException: Connection refused
	... 11 more
2019-09-25 04:44:57,463 [501e761e-a7a2-4fbd-b2cb-ccb733f61c47@group-D717B926E0E9:LeaderElection50] INFO  impl.LeaderElection (LogUtils.java:infoOrTrace(149)) - 501e761e-a7a2-4fbd-b2cb-ccb733f61c47@group-D717B926E0E9:LeaderElection50 got exception when requesting votes: {}
java.util.concurrent.ExecutionException: org.apache.ratis.thirdparty.io.grpc.StatusRuntimeException: UNAVAILABLE: io exception
	at java.util.concurrent.FutureTask.report(FutureTask.java:122)
	at java.util.concurrent.FutureTask.get(FutureTask.java:192)
	at org.apache.ratis.server.impl.LeaderElection.waitForResults(LeaderElection.java:263)
	at org.apache.ratis.server.impl.LeaderElection.askForVotes(LeaderElection.java:201)
	at org.apache.ratis.server.impl.LeaderElection.run(LeaderElection.java:133)
	at java.lang.Thread.run(Thread.java:748)
Caused by: org.apache.ratis.thirdparty.io.grpc.StatusRuntimeException: UNAVAILABLE: io exception
	at org.apache.ratis.thirdparty.io.grpc.stub.ClientCalls.toStatusRuntimeException(ClientCalls.java:233)
	at org.apache.ratis.thirdparty.io.grpc.stub.ClientCalls.getUnchecked(ClientCalls.java:214)
	at org.apache.ratis.thirdparty.io.grpc.stub.ClientCalls.blockingUnaryCall(ClientCalls.java:139)
	at org.apache.ratis.proto.grpc.RaftServerProtocolServiceGrpc$RaftServerProtocolServiceBlockingStub.requestVote(RaftServerProtocolServiceGrpc.java:265)
	at org.apache.ratis.grpc.server.GrpcServerProtocolClient.requestVote(GrpcServerProtocolClient.java:90)
	at org.apache.ratis.grpc.server.GrpcService.requestVote(GrpcService.java:204)
	at org.apache.ratis.server.impl.LeaderElection.lambda$submitRequests$1(LeaderElection.java:238)
	at java.util.concurrent.FutureTask.run(FutureTask.java:266)
	at java.util.concurrent.Executors$RunnableAdapter.call(Executors.java:511)
	at java.util.concurrent.FutureTask.run(FutureTask.java:266)
	at java.util.concurrent.ThreadPoolExecutor.runWorker(ThreadPoolExecutor.java:1149)
	at java.util.concurrent.ThreadPoolExecutor$Worker.run(ThreadPoolExecutor.java:624)
	... 1 more
Caused by: org.apache.ratis.thirdparty.io.netty.channel.AbstractChannel$AnnotatedConnectException: Connection refused: /192.168.36.126:41453
	at sun.nio.ch.SocketChannelImpl.checkConnect(Native Method)
	at sun.nio.ch.SocketChannelImpl.finishConnect(SocketChannelImpl.java:717)
	at org.apache.ratis.thirdparty.io.netty.channel.socket.nio.NioSocketChannel.doFinishConnect(NioSocketChannel.java:327)
	at org.apache.ratis.thirdparty.io.netty.channel.nio.AbstractNioChannel$AbstractNioUnsafe.finishConnect(AbstractNioChannel.java:340)
	at org.apache.ratis.thirdparty.io.netty.channel.nio.NioEventLoop.processSelectedKey(NioEventLoop.java:632)
	at org.apache.ratis.thirdparty.io.netty.channel.nio.NioEventLoop.processSelectedKeysOptimized(NioEventLoop.java:579)
	at org.apache.ratis.thirdparty.io.netty.channel.nio.NioEventLoop.processSelectedKeys(NioEventLoop.java:496)
	at org.apache.ratis.thirdparty.io.netty.channel.nio.NioEventLoop.run(NioEventLoop.java:458)
	at org.apache.ratis.thirdparty.io.netty.util.concurrent.SingleThreadEventExecutor$5.run(SingleThreadEventExecutor.java:897)
	at org.apache.ratis.thirdparty.io.netty.util.concurrent.FastThreadLocalRunnable.run(FastThreadLocalRunnable.java:30)
	... 1 more
Caused by: java.net.ConnectException: Connection refused
	... 11 more
2019-09-25 04:44:57,461 [501e761e-a7a2-4fbd-b2cb-ccb733f61c47@group-80D42DB64689:LeaderElection53] INFO  impl.LeaderElection (LogUtils.java:infoOrTrace(149)) - 501e761e-a7a2-4fbd-b2cb-ccb733f61c47@group-80D42DB64689:LeaderElection53 got exception when requesting votes: {}
java.util.concurrent.ExecutionException: org.apache.ratis.thirdparty.io.grpc.StatusRuntimeException: UNAVAILABLE: io exception
	at java.util.concurrent.FutureTask.report(FutureTask.java:122)
	at java.util.concurrent.FutureTask.get(FutureTask.java:192)
	at org.apache.ratis.server.impl.LeaderElection.waitForResults(LeaderElection.java:263)
	at org.apache.ratis.server.impl.LeaderElection.askForVotes(LeaderElection.java:201)
	at org.apache.ratis.server.impl.LeaderElection.run(LeaderElection.java:133)
	at java.lang.Thread.run(Thread.java:748)
Caused by: org.apache.ratis.thirdparty.io.grpc.StatusRuntimeException: UNAVAILABLE: io exception
	at org.apache.ratis.thirdparty.io.grpc.stub.ClientCalls.toStatusRuntimeException(ClientCalls.java:233)
	at org.apache.ratis.thirdparty.io.grpc.stub.ClientCalls.getUnchecked(ClientCalls.java:214)
	at org.apache.ratis.thirdparty.io.grpc.stub.ClientCalls.blockingUnaryCall(ClientCalls.java:139)
	at org.apache.ratis.proto.grpc.RaftServerProtocolServiceGrpc$RaftServerProtocolServiceBlockingStub.requestVote(RaftServerProtocolServiceGrpc.java:265)
	at org.apache.ratis.grpc.server.GrpcServerProtocolClient.requestVote(GrpcServerProtocolClient.java:90)
	at org.apache.ratis.grpc.server.GrpcService.requestVote(GrpcService.java:204)
	at org.apache.ratis.server.impl.LeaderElection.lambda$submitRequests$1(LeaderElection.java:238)
	at java.util.concurrent.FutureTask.run(FutureTask.java:266)
	at java.util.concurrent.Executors$RunnableAdapter.call(Executors.java:511)
	at java.util.concurrent.FutureTask.run(FutureTask.java:266)
	at java.util.concurrent.ThreadPoolExecutor.runWorker(ThreadPoolExecutor.java:1149)
	at java.util.concurrent.ThreadPoolExecutor$Worker.run(ThreadPoolExecutor.java:624)
	... 1 more
Caused by: org.apache.ratis.thirdparty.io.netty.channel.AbstractChannel$AnnotatedConnectException: Connection refused: /192.168.36.126:41453
	at sun.nio.ch.SocketChannelImpl.checkConnect(Native Method)
	at sun.nio.ch.SocketChannelImpl.finishConnect(SocketChannelImpl.java:717)
	at org.apache.ratis.thirdparty.io.netty.channel.socket.nio.NioSocketChannel.doFinishConnect(NioSocketChannel.java:327)
	at org.apache.ratis.thirdparty.io.netty.channel.nio.AbstractNioChannel$AbstractNioUnsafe.finishConnect(AbstractNioChannel.java:340)
	at org.apache.ratis.thirdparty.io.netty.channel.nio.NioEventLoop.processSelectedKey(NioEventLoop.java:632)
	at org.apache.ratis.thirdparty.io.netty.channel.nio.NioEventLoop.processSelectedKeysOptimized(NioEventLoop.java:579)
	at org.apache.ratis.thirdparty.io.netty.channel.nio.NioEventLoop.processSelectedKeys(NioEventLoop.java:496)
	at org.apache.ratis.thirdparty.io.netty.channel.nio.NioEventLoop.run(NioEventLoop.java:458)
	at org.apache.ratis.thirdparty.io.netty.util.concurrent.SingleThreadEventExecutor$5.run(SingleThreadEventExecutor.java:897)
	at org.apache.ratis.thirdparty.io.netty.util.concurrent.FastThreadLocalRunnable.run(FastThreadLocalRunnable.java:30)
	... 1 more
Caused by: java.net.ConnectException: Connection refused
	... 11 more
2019-09-25 04:44:57,460 [20057af8-ad38-476a-8ab5-e2c30549d271@group-80D42DB64689:LeaderElection51] INFO  impl.LeaderElection (LogUtils.java:infoOrTrace(149)) - 20057af8-ad38-476a-8ab5-e2c30549d271@group-80D42DB64689:LeaderElection51 got exception when requesting votes: {}
java.util.concurrent.ExecutionException: org.apache.ratis.thirdparty.io.grpc.StatusRuntimeException: UNAVAILABLE: io exception
	at java.util.concurrent.FutureTask.report(FutureTask.java:122)
	at java.util.concurrent.FutureTask.get(FutureTask.java:192)
	at org.apache.ratis.server.impl.LeaderElection.waitForResults(LeaderElection.java:263)
	at org.apache.ratis.server.impl.LeaderElection.askForVotes(LeaderElection.java:201)
	at org.apache.ratis.server.impl.LeaderElection.run(LeaderElection.java:133)
	at java.lang.Thread.run(Thread.java:748)
Caused by: org.apache.ratis.thirdparty.io.grpc.StatusRuntimeException: UNAVAILABLE: io exception
	at org.apache.ratis.thirdparty.io.grpc.stub.ClientCalls.toStatusRuntimeException(ClientCalls.java:233)
	at org.apache.ratis.thirdparty.io.grpc.stub.ClientCalls.getUnchecked(ClientCalls.java:214)
	at org.apache.ratis.thirdparty.io.grpc.stub.ClientCalls.blockingUnaryCall(ClientCalls.java:139)
	at org.apache.ratis.proto.grpc.RaftServerProtocolServiceGrpc$RaftServerProtocolServiceBlockingStub.requestVote(RaftServerProtocolServiceGrpc.java:265)
	at org.apache.ratis.grpc.server.GrpcServerProtocolClient.requestVote(GrpcServerProtocolClient.java:90)
	at org.apache.ratis.grpc.server.GrpcService.requestVote(GrpcService.java:204)
	at org.apache.ratis.server.impl.LeaderElection.lambda$submitRequests$1(LeaderElection.java:238)
	at java.util.concurrent.FutureTask.run(FutureTask.java:266)
	at java.util.concurrent.Executors$RunnableAdapter.call(Executors.java:511)
	at java.util.concurrent.FutureTask.run(FutureTask.java:266)
	at java.util.concurrent.ThreadPoolExecutor.runWorker(ThreadPoolExecutor.java:1149)
	at java.util.concurrent.ThreadPoolExecutor$Worker.run(ThreadPoolExecutor.java:624)
	... 1 more
Caused by: org.apache.ratis.thirdparty.io.netty.channel.AbstractChannel$AnnotatedConnectException: Connection refused: /192.168.36.126:41453
	at sun.nio.ch.SocketChannelImpl.checkConnect(Native Method)
	at sun.nio.ch.SocketChannelImpl.finishConnect(SocketChannelImpl.java:717)
	at org.apache.ratis.thirdparty.io.netty.channel.socket.nio.NioSocketChannel.doFinishConnect(NioSocketChannel.java:327)
	at org.apache.ratis.thirdparty.io.netty.channel.nio.AbstractNioChannel$AbstractNioUnsafe.finishConnect(AbstractNioChannel.java:340)
	at org.apache.ratis.thirdparty.io.netty.channel.nio.NioEventLoop.processSelectedKey(NioEventLoop.java:632)
	at org.apache.ratis.thirdparty.io.netty.channel.nio.NioEventLoop.processSelectedKeysOptimized(NioEventLoop.java:579)
	at org.apache.ratis.thirdparty.io.netty.channel.nio.NioEventLoop.processSelectedKeys(NioEventLoop.java:496)
	at org.apache.ratis.thirdparty.io.netty.channel.nio.NioEventLoop.run(NioEventLoop.java:458)
	at org.apache.ratis.thirdparty.io.netty.util.concurrent.SingleThreadEventExecutor$5.run(SingleThreadEventExecutor.java:897)
	at org.apache.ratis.thirdparty.io.netty.util.concurrent.FastThreadLocalRunnable.run(FastThreadLocalRunnable.java:30)
	... 1 more
Caused by: java.net.ConnectException: Connection refused
	... 11 more
2019-09-25 04:44:57,460 [20057af8-ad38-476a-8ab5-e2c30549d271@group-D717B926E0E9:LeaderElection49] INFO  impl.LeaderElection (LogUtils.java:infoOrTrace(149)) - 20057af8-ad38-476a-8ab5-e2c30549d271@group-D717B926E0E9:LeaderElection49 got exception when requesting votes: {}
java.util.concurrent.ExecutionException: org.apache.ratis.thirdparty.io.grpc.StatusRuntimeException: UNAVAILABLE: io exception
	at java.util.concurrent.FutureTask.report(FutureTask.java:122)
	at java.util.concurrent.FutureTask.get(FutureTask.java:192)
	at org.apache.ratis.server.impl.LeaderElection.waitForResults(LeaderElection.java:263)
	at org.apache.ratis.server.impl.LeaderElection.askForVotes(LeaderElection.java:201)
	at org.apache.ratis.server.impl.LeaderElection.run(LeaderElection.java:133)
	at java.lang.Thread.run(Thread.java:748)
Caused by: org.apache.ratis.thirdparty.io.grpc.StatusRuntimeException: UNAVAILABLE: io exception
	at org.apache.ratis.thirdparty.io.grpc.stub.ClientCalls.toStatusRuntimeException(ClientCalls.java:233)
	at org.apache.ratis.thirdparty.io.grpc.stub.ClientCalls.getUnchecked(ClientCalls.java:214)
	at org.apache.ratis.thirdparty.io.grpc.stub.ClientCalls.blockingUnaryCall(ClientCalls.java:139)
	at org.apache.ratis.proto.grpc.RaftServerProtocolServiceGrpc$RaftServerProtocolServiceBlockingStub.requestVote(RaftServerProtocolServiceGrpc.java:265)
	at org.apache.ratis.grpc.server.GrpcServerProtocolClient.requestVote(GrpcServerProtocolClient.java:90)
	at org.apache.ratis.grpc.server.GrpcService.requestVote(GrpcService.java:204)
	at org.apache.ratis.server.impl.LeaderElection.lambda$submitRequests$1(LeaderElection.java:238)
	at java.util.concurrent.FutureTask.run(FutureTask.java:266)
	at java.util.concurrent.Executors$RunnableAdapter.call(Executors.java:511)
	at java.util.concurrent.FutureTask.run(FutureTask.java:266)
	at java.util.concurrent.ThreadPoolExecutor.runWorker(ThreadPoolExecutor.java:1149)
	at java.util.concurrent.ThreadPoolExecutor$Worker.run(ThreadPoolExecutor.java:624)
	... 1 more
Caused by: org.apache.ratis.thirdparty.io.netty.channel.AbstractChannel$AnnotatedConnectException: Connection refused: /192.168.36.126:41453
	at sun.nio.ch.SocketChannelImpl.checkConnect(Native Method)
	at sun.nio.ch.SocketChannelImpl.finishConnect(SocketChannelImpl.java:717)
	at org.apache.ratis.thirdparty.io.netty.channel.socket.nio.NioSocketChannel.doFinishConnect(NioSocketChannel.java:327)
	at org.apache.ratis.thirdparty.io.netty.channel.nio.AbstractNioChannel$AbstractNioUnsafe.finishConnect(AbstractNioChannel.java:340)
	at org.apache.ratis.thirdparty.io.netty.channel.nio.NioEventLoop.processSelectedKey(NioEventLoop.java:632)
	at org.apache.ratis.thirdparty.io.netty.channel.nio.NioEventLoop.processSelectedKeysOptimized(NioEventLoop.java:579)
	at org.apache.ratis.thirdparty.io.netty.channel.nio.NioEventLoop.processSelectedKeys(NioEventLoop.java:496)
	at org.apache.ratis.thirdparty.io.netty.channel.nio.NioEventLoop.run(NioEventLoop.java:458)
	at org.apache.ratis.thirdparty.io.netty.util.concurrent.SingleThreadEventExecutor$5.run(SingleThreadEventExecutor.java:897)
	at org.apache.ratis.thirdparty.io.netty.util.concurrent.FastThreadLocalRunnable.run(FastThreadLocalRunnable.java:30)
	... 1 more
Caused by: java.net.ConnectException: Connection refused
	... 11 more
2019-09-25 04:44:57,460 [20057af8-ad38-476a-8ab5-e2c30549d271@group-440F611E4189:LeaderElection47] INFO  impl.LeaderElection (LogUtils.java:infoOrTrace(149)) - 20057af8-ad38-476a-8ab5-e2c30549d271@group-440F611E4189:LeaderElection47 got exception when requesting votes: {}
java.util.concurrent.ExecutionException: org.apache.ratis.thirdparty.io.grpc.StatusRuntimeException: UNAVAILABLE: io exception
	at java.util.concurrent.FutureTask.report(FutureTask.java:122)
	at java.util.concurrent.FutureTask.get(FutureTask.java:192)
	at org.apache.ratis.server.impl.LeaderElection.waitForResults(LeaderElection.java:263)
	at org.apache.ratis.server.impl.LeaderElection.askForVotes(LeaderElection.java:201)
	at org.apache.ratis.server.impl.LeaderElection.run(LeaderElection.java:133)
	at java.lang.Thread.run(Thread.java:748)
Caused by: org.apache.ratis.thirdparty.io.grpc.StatusRuntimeException: UNAVAILABLE: io exception
	at org.apache.ratis.thirdparty.io.grpc.stub.ClientCalls.toStatusRuntimeException(ClientCalls.java:233)
	at org.apache.ratis.thirdparty.io.grpc.stub.ClientCalls.getUnchecked(ClientCalls.java:214)
	at org.apache.ratis.thirdparty.io.grpc.stub.ClientCalls.blockingUnaryCall(ClientCalls.java:139)
	at org.apache.ratis.proto.grpc.RaftServerProtocolServiceGrpc$RaftServerProtocolServiceBlockingStub.requestVote(RaftServerProtocolServiceGrpc.java:265)
	at org.apache.ratis.grpc.server.GrpcServerProtocolClient.requestVote(GrpcServerProtocolClient.java:90)
	at org.apache.ratis.grpc.server.GrpcService.requestVote(GrpcService.java:204)
	at org.apache.ratis.server.impl.LeaderElection.lambda$submitRequests$1(LeaderElection.java:238)
	at java.util.concurrent.FutureTask.run(FutureTask.java:266)
	at java.util.concurrent.Executors$RunnableAdapter.call(Executors.java:511)
	at java.util.concurrent.FutureTask.run(FutureTask.java:266)
	at java.util.concurrent.ThreadPoolExecutor.runWorker(ThreadPoolExecutor.java:1149)
	at java.util.concurrent.ThreadPoolExecutor$Worker.run(ThreadPoolExecutor.java:624)
	... 1 more
Caused by: org.apache.ratis.thirdparty.io.netty.channel.AbstractChannel$AnnotatedConnectException: Connection refused: /192.168.36.126:41453
	at sun.nio.ch.SocketChannelImpl.checkConnect(Native Method)
	at sun.nio.ch.SocketChannelImpl.finishConnect(SocketChannelImpl.java:717)
	at org.apache.ratis.thirdparty.io.netty.channel.socket.nio.NioSocketChannel.doFinishConnect(NioSocketChannel.java:327)
	at org.apache.ratis.thirdparty.io.netty.channel.nio.AbstractNioChannel$AbstractNioUnsafe.finishConnect(AbstractNioChannel.java:340)
	at org.apache.ratis.thirdparty.io.netty.channel.nio.NioEventLoop.processSelectedKey(NioEventLoop.java:632)
	at org.apache.ratis.thirdparty.io.netty.channel.nio.NioEventLoop.processSelectedKeysOptimized(NioEventLoop.java:579)
	at org.apache.ratis.thirdparty.io.netty.channel.nio.NioEventLoop.processSelectedKeys(NioEventLoop.java:496)
	at org.apache.ratis.thirdparty.io.netty.channel.nio.NioEventLoop.run(NioEventLoop.java:458)
	at org.apache.ratis.thirdparty.io.netty.util.concurrent.SingleThreadEventExecutor$5.run(SingleThreadEventExecutor.java:897)
	at org.apache.ratis.thirdparty.io.netty.util.concurrent.FastThreadLocalRunnable.run(FastThreadLocalRunnable.java:30)
	... 1 more
Caused by: java.net.ConnectException: Connection refused
	... 11 more
2019-09-25 04:44:57,464 [501e761e-a7a2-4fbd-b2cb-ccb733f61c47@group-440F611E4189:LeaderElection46] INFO  impl.LeaderElection (LogUtils.java:infoOrTrace(149)) - 501e761e-a7a2-4fbd-b2cb-ccb733f61c47@group-440F611E4189:LeaderElection46 got exception when requesting votes: {}
java.util.concurrent.ExecutionException: org.apache.ratis.thirdparty.io.grpc.StatusRuntimeException: UNAVAILABLE: io exception
	at java.util.concurrent.FutureTask.report(FutureTask.java:122)
	at java.util.concurrent.FutureTask.get(FutureTask.java:192)
	at org.apache.ratis.server.impl.LeaderElection.waitForResults(LeaderElection.java:263)
	at org.apache.ratis.server.impl.LeaderElection.askForVotes(LeaderElection.java:201)
	at org.apache.ratis.server.impl.LeaderElection.run(LeaderElection.java:133)
	at java.lang.Thread.run(Thread.java:748)
Caused by: org.apache.ratis.thirdparty.io.grpc.StatusRuntimeException: UNAVAILABLE: io exception
	at org.apache.ratis.thirdparty.io.grpc.stub.ClientCalls.toStatusRuntimeException(ClientCalls.java:233)
	at org.apache.ratis.thirdparty.io.grpc.stub.ClientCalls.getUnchecked(ClientCalls.java:214)
	at org.apache.ratis.thirdparty.io.grpc.stub.ClientCalls.blockingUnaryCall(ClientCalls.java:139)
	at org.apache.ratis.proto.grpc.RaftServerProtocolServiceGrpc$RaftServerProtocolServiceBlockingStub.requestVote(RaftServerProtocolServiceGrpc.java:265)
	at org.apache.ratis.grpc.server.GrpcServerProtocolClient.requestVote(GrpcServerProtocolClient.java:90)
	at org.apache.ratis.grpc.server.GrpcService.requestVote(GrpcService.java:204)
	at org.apache.ratis.server.impl.LeaderElection.lambda$submitRequests$1(LeaderElection.java:238)
	at java.util.concurrent.FutureTask.run(FutureTask.java:266)
	at java.util.concurrent.Executors$RunnableAdapter.call(Executors.java:511)
	at java.util.concurrent.FutureTask.run(FutureTask.java:266)
	at java.util.concurrent.ThreadPoolExecutor.runWorker(ThreadPoolExecutor.java:1149)
	at java.util.concurrent.ThreadPoolExecutor$Worker.run(ThreadPoolExecutor.java:624)
	... 1 more
Caused by: org.apache.ratis.thirdparty.io.netty.channel.AbstractChannel$AnnotatedConnectException: Connection refused: /192.168.36.126:41453
	at sun.nio.ch.SocketChannelImpl.checkConnect(Native Method)
	at sun.nio.ch.SocketChannelImpl.finishConnect(SocketChannelImpl.java:717)
	at org.apache.ratis.thirdparty.io.netty.channel.socket.nio.NioSocketChannel.doFinishConnect(NioSocketChannel.java:327)
	at org.apache.ratis.thirdparty.io.netty.channel.nio.AbstractNioChannel$AbstractNioUnsafe.finishConnect(AbstractNioChannel.java:340)
	at org.apache.ratis.thirdparty.io.netty.channel.nio.NioEventLoop.processSelectedKey(NioEventLoop.java:632)
	at org.apache.ratis.thirdparty.io.netty.channel.nio.NioEventLoop.processSelectedKeysOptimized(NioEventLoop.java:579)
	at org.apache.ratis.thirdparty.io.netty.channel.nio.NioEventLoop.processSelectedKeys(NioEventLoop.java:496)
	at org.apache.ratis.thirdparty.io.netty.channel.nio.NioEventLoop.run(NioEventLoop.java:458)
	at org.apache.ratis.thirdparty.io.netty.util.concurrent.SingleThreadEventExecutor$5.run(SingleThreadEventExecutor.java:897)
	at org.apache.ratis.thirdparty.io.netty.util.concurrent.FastThreadLocalRunnable.run(FastThreadLocalRunnable.java:30)
	... 1 more
Caused by: java.net.ConnectException: Connection refused
	... 11 more
2019-09-25 04:44:57,463 [501e761e-a7a2-4fbd-b2cb-ccb733f61c47@group-88AFA1C08B7F:LeaderElection52] INFO  impl.LeaderElection (LogUtils.java:infoOrTrace(149)) - 501e761e-a7a2-4fbd-b2cb-ccb733f61c47@group-88AFA1C08B7F:LeaderElection52 got exception when requesting votes: {}
java.util.concurrent.ExecutionException: org.apache.ratis.thirdparty.io.grpc.StatusRuntimeException: UNAVAILABLE: io exception
	at java.util.concurrent.FutureTask.report(FutureTask.java:122)
	at java.util.concurrent.FutureTask.get(FutureTask.java:192)
	at org.apache.ratis.server.impl.LeaderElection.waitForResults(LeaderElection.java:263)
	at org.apache.ratis.server.impl.LeaderElection.askForVotes(LeaderElection.java:201)
	at org.apache.ratis.server.impl.LeaderElection.run(LeaderElection.java:133)
	at java.lang.Thread.run(Thread.java:748)
Caused by: org.apache.ratis.thirdparty.io.grpc.StatusRuntimeException: UNAVAILABLE: io exception
	at org.apache.ratis.thirdparty.io.grpc.stub.ClientCalls.toStatusRuntimeException(ClientCalls.java:233)
	at org.apache.ratis.thirdparty.io.grpc.stub.ClientCalls.getUnchecked(ClientCalls.java:214)
	at org.apache.ratis.thirdparty.io.grpc.stub.ClientCalls.blockingUnaryCall(ClientCalls.java:139)
	at org.apache.ratis.proto.grpc.RaftServerProtocolServiceGrpc$RaftServerProtocolServiceBlockingStub.requestVote(RaftServerProtocolServiceGrpc.java:265)
	at org.apache.ratis.grpc.server.GrpcServerProtocolClient.requestVote(GrpcServerProtocolClient.java:90)
	at org.apache.ratis.grpc.server.GrpcService.requestVote(GrpcService.java:204)
	at org.apache.ratis.server.impl.LeaderElection.lambda$submitRequests$1(LeaderElection.java:238)
	at java.util.concurrent.FutureTask.run(FutureTask.java:266)
	at java.util.concurrent.Executors$RunnableAdapter.call(Executors.java:511)
	at java.util.concurrent.FutureTask.run(FutureTask.java:266)
	at java.util.concurrent.ThreadPoolExecutor.runWorker(ThreadPoolExecutor.java:1149)
	at java.util.concurrent.ThreadPoolExecutor$Worker.run(ThreadPoolExecutor.java:624)
	... 1 more
Caused by: org.apache.ratis.thirdparty.io.netty.channel.AbstractChannel$AnnotatedConnectException: Connection refused: /192.168.36.126:41453
	at sun.nio.ch.SocketChannelImpl.checkConnect(Native Method)
	at sun.nio.ch.SocketChannelImpl.finishConnect(SocketChannelImpl.java:717)
	at org.apache.ratis.thirdparty.io.netty.channel.socket.nio.NioSocketChannel.doFinishConnect(NioSocketChannel.java:327)
	at org.apache.ratis.thirdparty.io.netty.channel.nio.AbstractNioChannel$AbstractNioUnsafe.finishConnect(AbstractNioChannel.java:340)
	at org.apache.ratis.thirdparty.io.netty.channel.nio.NioEventLoop.processSelectedKey(NioEventLoop.java:632)
	at org.apache.ratis.thirdparty.io.netty.channel.nio.NioEventLoop.processSelectedKeysOptimized(NioEventLoop.java:579)
	at org.apache.ratis.thirdparty.io.netty.channel.nio.NioEventLoop.processSelectedKeys(NioEventLoop.java:496)
	at org.apache.ratis.thirdparty.io.netty.channel.nio.NioEventLoop.run(NioEventLoop.java:458)
	at org.apache.ratis.thirdparty.io.netty.util.concurrent.SingleThreadEventExecutor$5.run(SingleThreadEventExecutor.java:897)
	at org.apache.ratis.thirdparty.io.netty.util.concurrent.FastThreadLocalRunnable.run(FastThreadLocalRunnable.java:30)
	... 1 more
Caused by: java.net.ConnectException: Connection refused
	... 11 more
2019-09-25 04:44:57,480 [20057af8-ad38-476a-8ab5-e2c30549d271@group-80D42DB64689:LeaderElection51] INFO  impl.LeaderElection (LeaderElection.java:logAndReturn(56)) - 20057af8-ad38-476a-8ab5-e2c30549d271@group-80D42DB64689:LeaderElection51: Election REJECTED; received 1 response(s) [20057af8-ad38-476a-8ab5-e2c30549d271<-501e761e-a7a2-4fbd-b2cb-ccb733f61c47#0:FAIL-t2] and 1 exception(s); 20057af8-ad38-476a-8ab5-e2c30549d271@group-80D42DB64689:t2, leader=null, voted=20057af8-ad38-476a-8ab5-e2c30549d271, raftlog=20057af8-ad38-476a-8ab5-e2c30549d271@group-80D42DB64689-SegmentedRaftLog:OPENED:c-1,f-1,i0, conf=-1: [4a6eb500-5cbf-400b-b677-1633421db4a2:192.168.36.126:41453, 501e761e-a7a2-4fbd-b2cb-ccb733f61c47:192.168.36.126:43187, 20057af8-ad38-476a-8ab5-e2c30549d271:192.168.36.126:45594], old=null
2019-09-25 04:44:57,480 [20057af8-ad38-476a-8ab5-e2c30549d271@group-440F611E4189:LeaderElection47] INFO  impl.LeaderElection (LeaderElection.java:logAndReturn(56)) - 20057af8-ad38-476a-8ab5-e2c30549d271@group-440F611E4189:LeaderElection47: Election REJECTED; received 1 response(s) [20057af8-ad38-476a-8ab5-e2c30549d271<-501e761e-a7a2-4fbd-b2cb-ccb733f61c47#0:FAIL-t2] and 1 exception(s); 20057af8-ad38-476a-8ab5-e2c30549d271@group-440F611E4189:t2, leader=null, voted=20057af8-ad38-476a-8ab5-e2c30549d271, raftlog=20057af8-ad38-476a-8ab5-e2c30549d271@group-440F611E4189-SegmentedRaftLog:OPENED:c-1,f-1,i0, conf=-1: [4a6eb500-5cbf-400b-b677-1633421db4a2:192.168.36.126:41453, 501e761e-a7a2-4fbd-b2cb-ccb733f61c47:192.168.36.126:43187, 20057af8-ad38-476a-8ab5-e2c30549d271:192.168.36.126:45594], old=null
2019-09-25 04:44:57,480 [501e761e-a7a2-4fbd-b2cb-ccb733f61c47@group-D717B926E0E9:LeaderElection50] INFO  impl.LeaderElection (LeaderElection.java:logAndReturn(56)) - 501e761e-a7a2-4fbd-b2cb-ccb733f61c47@group-D717B926E0E9:LeaderElection50: Election REJECTED; received 1 response(s) [501e761e-a7a2-4fbd-b2cb-ccb733f61c47<-20057af8-ad38-476a-8ab5-e2c30549d271#0:FAIL-t2] and 1 exception(s); 501e761e-a7a2-4fbd-b2cb-ccb733f61c47@group-D717B926E0E9:t2, leader=null, voted=501e761e-a7a2-4fbd-b2cb-ccb733f61c47, raftlog=501e761e-a7a2-4fbd-b2cb-ccb733f61c47@group-D717B926E0E9-SegmentedRaftLog:OPENED:c-1,f-1,i0, conf=-1: [4a6eb500-5cbf-400b-b677-1633421db4a2:192.168.36.126:41453, 501e761e-a7a2-4fbd-b2cb-ccb733f61c47:192.168.36.126:43187, 20057af8-ad38-476a-8ab5-e2c30549d271:192.168.36.126:45594], old=null
2019-09-25 04:44:57,480 [20057af8-ad38-476a-8ab5-e2c30549d271@group-88AFA1C08B7F:LeaderElection48] INFO  impl.LeaderElection (LeaderElection.java:logAndReturn(56)) - 20057af8-ad38-476a-8ab5-e2c30549d271@group-88AFA1C08B7F:LeaderElection48: Election REJECTED; received 1 response(s) [20057af8-ad38-476a-8ab5-e2c30549d271<-501e761e-a7a2-4fbd-b2cb-ccb733f61c47#0:FAIL-t2] and 1 exception(s); 20057af8-ad38-476a-8ab5-e2c30549d271@group-88AFA1C08B7F:t2, leader=null, voted=20057af8-ad38-476a-8ab5-e2c30549d271, raftlog=20057af8-ad38-476a-8ab5-e2c30549d271@group-88AFA1C08B7F-SegmentedRaftLog:OPENED:c-1,f-1,i0, conf=-1: [4a6eb500-5cbf-400b-b677-1633421db4a2:192.168.36.126:41453, 501e761e-a7a2-4fbd-b2cb-ccb733f61c47:192.168.36.126:43187, 20057af8-ad38-476a-8ab5-e2c30549d271:192.168.36.126:45594], old=null
2019-09-25 04:44:57,484 [501e761e-a7a2-4fbd-b2cb-ccb733f61c47@group-440F611E4189:LeaderElection46] INFO  impl.LeaderElection (LeaderElection.java:logAndReturn(56)) - 501e761e-a7a2-4fbd-b2cb-ccb733f61c47@group-440F611E4189:LeaderElection46: Election REJECTED; received 1 response(s) [501e761e-a7a2-4fbd-b2cb-ccb733f61c47<-20057af8-ad38-476a-8ab5-e2c30549d271#0:FAIL-t2] and 1 exception(s); 501e761e-a7a2-4fbd-b2cb-ccb733f61c47@group-440F611E4189:t2, leader=null, voted=501e761e-a7a2-4fbd-b2cb-ccb733f61c47, raftlog=501e761e-a7a2-4fbd-b2cb-ccb733f61c47@group-440F611E4189-SegmentedRaftLog:OPENED:c-1,f-1,i0, conf=-1: [4a6eb500-5cbf-400b-b677-1633421db4a2:192.168.36.126:41453, 501e761e-a7a2-4fbd-b2cb-ccb733f61c47:192.168.36.126:43187, 20057af8-ad38-476a-8ab5-e2c30549d271:192.168.36.126:45594], old=null
2019-09-25 04:44:57,486 [501e761e-a7a2-4fbd-b2cb-ccb733f61c47@group-440F611E4189:LeaderElection46] INFO  impl.LeaderElection (LogUtils.java:infoOrTrace(149)) -   Exception 0: {}
java.util.concurrent.ExecutionException: org.apache.ratis.thirdparty.io.grpc.StatusRuntimeException: UNAVAILABLE: io exception
	at java.util.concurrent.FutureTask.report(FutureTask.java:122)
	at java.util.concurrent.FutureTask.get(FutureTask.java:192)
	at org.apache.ratis.server.impl.LeaderElection.waitForResults(LeaderElection.java:263)
	at org.apache.ratis.server.impl.LeaderElection.askForVotes(LeaderElection.java:201)
	at org.apache.ratis.server.impl.LeaderElection.run(LeaderElection.java:133)
	at java.lang.Thread.run(Thread.java:748)
Caused by: org.apache.ratis.thirdparty.io.grpc.StatusRuntimeException: UNAVAILABLE: io exception
	at org.apache.ratis.thirdparty.io.grpc.stub.ClientCalls.toStatusRuntimeException(ClientCalls.java:233)
	at org.apache.ratis.thirdparty.io.grpc.stub.ClientCalls.getUnchecked(ClientCalls.java:214)
	at org.apache.ratis.thirdparty.io.grpc.stub.ClientCalls.blockingUnaryCall(ClientCalls.java:139)
	at org.apache.ratis.proto.grpc.RaftServerProtocolServiceGrpc$RaftServerProtocolServiceBlockingStub.requestVote(RaftServerProtocolServiceGrpc.java:265)
	at org.apache.ratis.grpc.server.GrpcServerProtocolClient.requestVote(GrpcServerProtocolClient.java:90)
	at org.apache.ratis.grpc.server.GrpcService.requestVote(GrpcService.java:204)
	at org.apache.ratis.server.impl.LeaderElection.lambda$submitRequests$1(LeaderElection.java:238)
	at java.util.concurrent.FutureTask.run(FutureTask.java:266)
	at java.util.concurrent.Executors$RunnableAdapter.call(Executors.java:511)
	at java.util.concurrent.FutureTask.run(FutureTask.java:266)
	at java.util.concurrent.ThreadPoolExecutor.runWorker(ThreadPoolExecutor.java:1149)
	at java.util.concurrent.ThreadPoolExecutor$Worker.run(ThreadPoolExecutor.java:624)
	... 1 more
Caused by: org.apache.ratis.thirdparty.io.netty.channel.AbstractChannel$AnnotatedConnectException: Connection refused: /192.168.36.126:41453
	at sun.nio.ch.SocketChannelImpl.checkConnect(Native Method)
	at sun.nio.ch.SocketChannelImpl.finishConnect(SocketChannelImpl.java:717)
	at org.apache.ratis.thirdparty.io.netty.channel.socket.nio.NioSocketChannel.doFinishConnect(NioSocketChannel.java:327)
	at org.apache.ratis.thirdparty.io.netty.channel.nio.AbstractNioChannel$AbstractNioUnsafe.finishConnect(AbstractNioChannel.java:340)
	at org.apache.ratis.thirdparty.io.netty.channel.nio.NioEventLoop.processSelectedKey(NioEventLoop.java:632)
	at org.apache.ratis.thirdparty.io.netty.channel.nio.NioEventLoop.processSelectedKeysOptimized(NioEventLoop.java:579)
	at org.apache.ratis.thirdparty.io.netty.channel.nio.NioEventLoop.processSelectedKeys(NioEventLoop.java:496)
	at org.apache.ratis.thirdparty.io.netty.channel.nio.NioEventLoop.run(NioEventLoop.java:458)
	at org.apache.ratis.thirdparty.io.netty.util.concurrent.SingleThreadEventExecutor$5.run(SingleThreadEventExecutor.java:897)
	at org.apache.ratis.thirdparty.io.netty.util.concurrent.FastThreadLocalRunnable.run(FastThreadLocalRunnable.java:30)
	... 1 more
Caused by: java.net.ConnectException: Connection refused
	... 11 more
2019-09-25 04:44:57,484 [501e761e-a7a2-4fbd-b2cb-ccb733f61c47@group-D717B926E0E9:LeaderElection50] INFO  impl.LeaderElection (LogUtils.java:infoOrTrace(149)) -   Exception 0: {}
java.util.concurrent.ExecutionException: org.apache.ratis.thirdparty.io.grpc.StatusRuntimeException: UNAVAILABLE: io exception
	at java.util.concurrent.FutureTask.report(FutureTask.java:122)
	at java.util.concurrent.FutureTask.get(FutureTask.java:192)
	at org.apache.ratis.server.impl.LeaderElection.waitForResults(LeaderElection.java:263)
	at org.apache.ratis.server.impl.LeaderElection.askForVotes(LeaderElection.java:201)
	at org.apache.ratis.server.impl.LeaderElection.run(LeaderElection.java:133)
	at java.lang.Thread.run(Thread.java:748)
Caused by: org.apache.ratis.thirdparty.io.grpc.StatusRuntimeException: UNAVAILABLE: io exception
	at org.apache.ratis.thirdparty.io.grpc.stub.ClientCalls.toStatusRuntimeException(ClientCalls.java:233)
	at org.apache.ratis.thirdparty.io.grpc.stub.ClientCalls.getUnchecked(ClientCalls.java:214)
	at org.apache.ratis.thirdparty.io.grpc.stub.ClientCalls.blockingUnaryCall(ClientCalls.java:139)
	at org.apache.ratis.proto.grpc.RaftServerProtocolServiceGrpc$RaftServerProtocolServiceBlockingStub.requestVote(RaftServerProtocolServiceGrpc.java:265)
	at org.apache.ratis.grpc.server.GrpcServerProtocolClient.requestVote(GrpcServerProtocolClient.java:90)
	at org.apache.ratis.grpc.server.GrpcService.requestVote(GrpcService.java:204)
	at org.apache.ratis.server.impl.LeaderElection.lambda$submitRequests$1(LeaderElection.java:238)
	at java.util.concurrent.FutureTask.run(FutureTask.java:266)
	at java.util.concurrent.Executors$RunnableAdapter.call(Executors.java:511)
	at java.util.concurrent.FutureTask.run(FutureTask.java:266)
	at java.util.concurrent.ThreadPoolExecutor.runWorker(ThreadPoolExecutor.java:1149)
	at java.util.concurrent.ThreadPoolExecutor$Worker.run(ThreadPoolExecutor.java:624)
	... 1 more
Caused by: org.apache.ratis.thirdparty.io.netty.channel.AbstractChannel$AnnotatedConnectException: Connection refused: /192.168.36.126:41453
	at sun.nio.ch.SocketChannelImpl.checkConnect(Native Method)
	at sun.nio.ch.SocketChannelImpl.finishConnect(SocketChannelImpl.java:717)
	at org.apache.ratis.thirdparty.io.netty.channel.socket.nio.NioSocketChannel.doFinishConnect(NioSocketChannel.java:327)
	at org.apache.ratis.thirdparty.io.netty.channel.nio.AbstractNioChannel$AbstractNioUnsafe.finishConnect(AbstractNioChannel.java:340)
	at org.apache.ratis.thirdparty.io.netty.channel.nio.NioEventLoop.processSelectedKey(NioEventLoop.java:632)
	at org.apache.ratis.thirdparty.io.netty.channel.nio.NioEventLoop.processSelectedKeysOptimized(NioEventLoop.java:579)
	at org.apache.ratis.thirdparty.io.netty.channel.nio.NioEventLoop.processSelectedKeys(NioEventLoop.java:496)
	at org.apache.ratis.thirdparty.io.netty.channel.nio.NioEventLoop.run(NioEventLoop.java:458)
	at org.apache.ratis.thirdparty.io.netty.util.concurrent.SingleThreadEventExecutor$5.run(SingleThreadEventExecutor.java:897)
	at org.apache.ratis.thirdparty.io.netty.util.concurrent.FastThreadLocalRunnable.run(FastThreadLocalRunnable.java:30)
	... 1 more
Caused by: java.net.ConnectException: Connection refused
	... 11 more
2019-09-25 04:44:57,484 [20057af8-ad38-476a-8ab5-e2c30549d271@group-D717B926E0E9:LeaderElection49] INFO  impl.LeaderElection (LeaderElection.java:logAndReturn(56)) - 20057af8-ad38-476a-8ab5-e2c30549d271@group-D717B926E0E9:LeaderElection49: Election REJECTED; received 1 response(s) [20057af8-ad38-476a-8ab5-e2c30549d271<-501e761e-a7a2-4fbd-b2cb-ccb733f61c47#0:FAIL-t2] and 1 exception(s); 20057af8-ad38-476a-8ab5-e2c30549d271@group-D717B926E0E9:t2, leader=null, voted=20057af8-ad38-476a-8ab5-e2c30549d271, raftlog=20057af8-ad38-476a-8ab5-e2c30549d271@group-D717B926E0E9-SegmentedRaftLog:OPENED:c-1,f-1,i0, conf=-1: [4a6eb500-5cbf-400b-b677-1633421db4a2:192.168.36.126:41453, 501e761e-a7a2-4fbd-b2cb-ccb733f61c47:192.168.36.126:43187, 20057af8-ad38-476a-8ab5-e2c30549d271:192.168.36.126:45594], old=null
2019-09-25 04:44:57,488 [20057af8-ad38-476a-8ab5-e2c30549d271@group-D717B926E0E9:LeaderElection49] INFO  impl.LeaderElection (LogUtils.java:infoOrTrace(149)) -   Exception 0: {}
java.util.concurrent.ExecutionException: org.apache.ratis.thirdparty.io.grpc.StatusRuntimeException: UNAVAILABLE: io exception
	at java.util.concurrent.FutureTask.report(FutureTask.java:122)
	at java.util.concurrent.FutureTask.get(FutureTask.java:192)
	at org.apache.ratis.server.impl.LeaderElection.waitForResults(LeaderElection.java:263)
	at org.apache.ratis.server.impl.LeaderElection.askForVotes(LeaderElection.java:201)
	at org.apache.ratis.server.impl.LeaderElection.run(LeaderElection.java:133)
	at java.lang.Thread.run(Thread.java:748)
Caused by: org.apache.ratis.thirdparty.io.grpc.StatusRuntimeException: UNAVAILABLE: io exception
	at org.apache.ratis.thirdparty.io.grpc.stub.ClientCalls.toStatusRuntimeException(ClientCalls.java:233)
	at org.apache.ratis.thirdparty.io.grpc.stub.ClientCalls.getUnchecked(ClientCalls.java:214)
	at org.apache.ratis.thirdparty.io.grpc.stub.ClientCalls.blockingUnaryCall(ClientCalls.java:139)
	at org.apache.ratis.proto.grpc.RaftServerProtocolServiceGrpc$RaftServerProtocolServiceBlockingStub.requestVote(RaftServerProtocolServiceGrpc.java:265)
	at org.apache.ratis.grpc.server.GrpcServerProtocolClient.requestVote(GrpcServerProtocolClient.java:90)
	at org.apache.ratis.grpc.server.GrpcService.requestVote(GrpcService.java:204)
	at org.apache.ratis.server.impl.LeaderElection.lambda$submitRequests$1(LeaderElection.java:238)
	at java.util.concurrent.FutureTask.run(FutureTask.java:266)
	at java.util.concurrent.Executors$RunnableAdapter.call(Executors.java:511)
	at java.util.concurrent.FutureTask.run(FutureTask.java:266)
	at java.util.concurrent.ThreadPoolExecutor.runWorker(ThreadPoolExecutor.java:1149)
	at java.util.concurrent.ThreadPoolExecutor$Worker.run(ThreadPoolExecutor.java:624)
	... 1 more
Caused by: org.apache.ratis.thirdparty.io.netty.channel.AbstractChannel$AnnotatedConnectException: Connection refused: /192.168.36.126:41453
	at sun.nio.ch.SocketChannelImpl.checkConnect(Native Method)
	at sun.nio.ch.SocketChannelImpl.finishConnect(SocketChannelImpl.java:717)
	at org.apache.ratis.thirdparty.io.netty.channel.socket.nio.NioSocketChannel.doFinishConnect(NioSocketChannel.java:327)
	at org.apache.ratis.thirdparty.io.netty.channel.nio.AbstractNioChannel$AbstractNioUnsafe.finishConnect(AbstractNioChannel.java:340)
	at org.apache.ratis.thirdparty.io.netty.channel.nio.NioEventLoop.processSelectedKey(NioEventLoop.java:632)
	at org.apache.ratis.thirdparty.io.netty.channel.nio.NioEventLoop.processSelectedKeysOptimized(NioEventLoop.java:579)
	at org.apache.ratis.thirdparty.io.netty.channel.nio.NioEventLoop.processSelectedKeys(NioEventLoop.java:496)
	at org.apache.ratis.thirdparty.io.netty.channel.nio.NioEventLoop.run(NioEventLoop.java:458)
	at org.apache.ratis.thirdparty.io.netty.util.concurrent.SingleThreadEventExecutor$5.run(SingleThreadEventExecutor.java:897)
	at org.apache.ratis.thirdparty.io.netty.util.concurrent.FastThreadLocalRunnable.run(FastThreadLocalRunnable.java:30)
	... 1 more
Caused by: java.net.ConnectException: Connection refused
	... 11 more
2019-09-25 04:44:57,481 [501e761e-a7a2-4fbd-b2cb-ccb733f61c47@group-80D42DB64689:LeaderElection53] INFO  impl.LeaderElection (LeaderElection.java:logAndReturn(56)) - 501e761e-a7a2-4fbd-b2cb-ccb733f61c47@group-80D42DB64689:LeaderElection53: Election REJECTED; received 1 response(s) [501e761e-a7a2-4fbd-b2cb-ccb733f61c47<-20057af8-ad38-476a-8ab5-e2c30549d271#0:FAIL-t2] and 1 exception(s); 501e761e-a7a2-4fbd-b2cb-ccb733f61c47@group-80D42DB64689:t2, leader=null, voted=501e761e-a7a2-4fbd-b2cb-ccb733f61c47, raftlog=501e761e-a7a2-4fbd-b2cb-ccb733f61c47@group-80D42DB64689-SegmentedRaftLog:OPENED:c-1,f-1,i0, conf=-1: [4a6eb500-5cbf-400b-b677-1633421db4a2:192.168.36.126:41453, 501e761e-a7a2-4fbd-b2cb-ccb733f61c47:192.168.36.126:43187, 20057af8-ad38-476a-8ab5-e2c30549d271:192.168.36.126:45594], old=null
2019-09-25 04:44:57,481 [20057af8-ad38-476a-8ab5-e2c30549d271@group-440F611E4189:LeaderElection47] INFO  impl.LeaderElection (LogUtils.java:infoOrTrace(149)) -   Exception 0: {}
java.util.concurrent.ExecutionException: org.apache.ratis.thirdparty.io.grpc.StatusRuntimeException: UNAVAILABLE: io exception
	at java.util.concurrent.FutureTask.report(FutureTask.java:122)
	at java.util.concurrent.FutureTask.get(FutureTask.java:192)
	at org.apache.ratis.server.impl.LeaderElection.waitForResults(LeaderElection.java:263)
	at org.apache.ratis.server.impl.LeaderElection.askForVotes(LeaderElection.java:201)
	at org.apache.ratis.server.impl.LeaderElection.run(LeaderElection.java:133)
	at java.lang.Thread.run(Thread.java:748)
Caused by: org.apache.ratis.thirdparty.io.grpc.StatusRuntimeException: UNAVAILABLE: io exception
	at org.apache.ratis.thirdparty.io.grpc.stub.ClientCalls.toStatusRuntimeException(ClientCalls.java:233)
	at org.apache.ratis.thirdparty.io.grpc.stub.ClientCalls.getUnchecked(ClientCalls.java:214)
	at org.apache.ratis.thirdparty.io.grpc.stub.ClientCalls.blockingUnaryCall(ClientCalls.java:139)
	at org.apache.ratis.proto.grpc.RaftServerProtocolServiceGrpc$RaftServerProtocolServiceBlockingStub.requestVote(RaftServerProtocolServiceGrpc.java:265)
	at org.apache.ratis.grpc.server.GrpcServerProtocolClient.requestVote(GrpcServerProtocolClient.java:90)
	at org.apache.ratis.grpc.server.GrpcService.requestVote(GrpcService.java:204)
	at org.apache.ratis.server.impl.LeaderElection.lambda$submitRequests$1(LeaderElection.java:238)
	at java.util.concurrent.FutureTask.run(FutureTask.java:266)
	at java.util.concurrent.Executors$RunnableAdapter.call(Executors.java:511)
	at java.util.concurrent.FutureTask.run(FutureTask.java:266)
	at java.util.concurrent.ThreadPoolExecutor.runWorker(ThreadPoolExecutor.java:1149)
	at java.util.concurrent.ThreadPoolExecutor$Worker.run(ThreadPoolExecutor.java:624)
	... 1 more
Caused by: org.apache.ratis.thirdparty.io.netty.channel.AbstractChannel$AnnotatedConnectException: Connection refused: /192.168.36.126:41453
	at sun.nio.ch.SocketChannelImpl.checkConnect(Native Method)
	at sun.nio.ch.SocketChannelImpl.finishConnect(SocketChannelImpl.java:717)
	at org.apache.ratis.thirdparty.io.netty.channel.socket.nio.NioSocketChannel.doFinishConnect(NioSocketChannel.java:327)
	at org.apache.ratis.thirdparty.io.netty.channel.nio.AbstractNioChannel$AbstractNioUnsafe.finishConnect(AbstractNioChannel.java:340)
	at org.apache.ratis.thirdparty.io.netty.channel.nio.NioEventLoop.processSelectedKey(NioEventLoop.java:632)
	at org.apache.ratis.thirdparty.io.netty.channel.nio.NioEventLoop.processSelectedKeysOptimized(NioEventLoop.java:579)
	at org.apache.ratis.thirdparty.io.netty.channel.nio.NioEventLoop.processSelectedKeys(NioEventLoop.java:496)
	at org.apache.ratis.thirdparty.io.netty.channel.nio.NioEventLoop.run(NioEventLoop.java:458)
	at org.apache.ratis.thirdparty.io.netty.util.concurrent.SingleThreadEventExecutor$5.run(SingleThreadEventExecutor.java:897)
	at org.apache.ratis.thirdparty.io.netty.util.concurrent.FastThreadLocalRunnable.run(FastThreadLocalRunnable.java:30)
	... 1 more
Caused by: java.net.ConnectException: Connection refused
	... 11 more
2019-09-25 04:44:57,480 [20057af8-ad38-476a-8ab5-e2c30549d271@group-80D42DB64689:LeaderElection51] INFO  impl.LeaderElection (LogUtils.java:infoOrTrace(149)) -   Exception 0: {}
java.util.concurrent.ExecutionException: org.apache.ratis.thirdparty.io.grpc.StatusRuntimeException: UNAVAILABLE: io exception
	at java.util.concurrent.FutureTask.report(FutureTask.java:122)
	at java.util.concurrent.FutureTask.get(FutureTask.java:192)
	at org.apache.ratis.server.impl.LeaderElection.waitForResults(LeaderElection.java:263)
	at org.apache.ratis.server.impl.LeaderElection.askForVotes(LeaderElection.java:201)
	at org.apache.ratis.server.impl.LeaderElection.run(LeaderElection.java:133)
	at java.lang.Thread.run(Thread.java:748)
Caused by: org.apache.ratis.thirdparty.io.grpc.StatusRuntimeException: UNAVAILABLE: io exception
	at org.apache.ratis.thirdparty.io.grpc.stub.ClientCalls.toStatusRuntimeException(ClientCalls.java:233)
	at org.apache.ratis.thirdparty.io.grpc.stub.ClientCalls.getUnchecked(ClientCalls.java:214)
	at org.apache.ratis.thirdparty.io.grpc.stub.ClientCalls.blockingUnaryCall(ClientCalls.java:139)
	at org.apache.ratis.proto.grpc.RaftServerProtocolServiceGrpc$RaftServerProtocolServiceBlockingStub.requestVote(RaftServerProtocolServiceGrpc.java:265)
	at org.apache.ratis.grpc.server.GrpcServerProtocolClient.requestVote(GrpcServerProtocolClient.java:90)
	at org.apache.ratis.grpc.server.GrpcService.requestVote(GrpcService.java:204)
	at org.apache.ratis.server.impl.LeaderElection.lambda$submitRequests$1(LeaderElection.java:238)
	at java.util.concurrent.FutureTask.run(FutureTask.java:266)
	at java.util.concurrent.Executors$RunnableAdapter.call(Executors.java:511)
	at java.util.concurrent.FutureTask.run(FutureTask.java:266)
	at java.util.concurrent.ThreadPoolExecutor.runWorker(ThreadPoolExecutor.java:1149)
	at java.util.concurrent.ThreadPoolExecutor$Worker.run(ThreadPoolExecutor.java:624)
	... 1 more
Caused by: org.apache.ratis.thirdparty.io.netty.channel.AbstractChannel$AnnotatedConnectException: Connection refused: /192.168.36.126:41453
	at sun.nio.ch.SocketChannelImpl.checkConnect(Native Method)
	at sun.nio.ch.SocketChannelImpl.finishConnect(SocketChannelImpl.java:717)
	at org.apache.ratis.thirdparty.io.netty.channel.socket.nio.NioSocketChannel.doFinishConnect(NioSocketChannel.java:327)
	at org.apache.ratis.thirdparty.io.netty.channel.nio.AbstractNioChannel$AbstractNioUnsafe.finishConnect(AbstractNioChannel.java:340)
	at org.apache.ratis.thirdparty.io.netty.channel.nio.NioEventLoop.processSelectedKey(NioEventLoop.java:632)
	at org.apache.ratis.thirdparty.io.netty.channel.nio.NioEventLoop.processSelectedKeysOptimized(NioEventLoop.java:579)
	at org.apache.ratis.thirdparty.io.netty.channel.nio.NioEventLoop.processSelectedKeys(NioEventLoop.java:496)
	at org.apache.ratis.thirdparty.io.netty.channel.nio.NioEventLoop.run(NioEventLoop.java:458)
	at org.apache.ratis.thirdparty.io.netty.util.concurrent.SingleThreadEventExecutor$5.run(SingleThreadEventExecutor.java:897)
	at org.apache.ratis.thirdparty.io.netty.util.concurrent.FastThreadLocalRunnable.run(FastThreadLocalRunnable.java:30)
	... 1 more
Caused by: java.net.ConnectException: Connection refused
	... 11 more
2019-09-25 04:44:57,493 [20057af8-ad38-476a-8ab5-e2c30549d271@group-440F611E4189:LeaderElection47] INFO  impl.RaftServerImpl (RaftServerImpl.java:setRole(174)) - 20057af8-ad38-476a-8ab5-e2c30549d271@group-440F611E4189: changes role from CANDIDATE to FOLLOWER at term 2 for DISCOVERED_A_NEW_TERM
2019-09-25 04:44:57,493 [20057af8-ad38-476a-8ab5-e2c30549d271@group-80D42DB64689:LeaderElection51] INFO  impl.RaftServerImpl (RaftServerImpl.java:setRole(174)) - 20057af8-ad38-476a-8ab5-e2c30549d271@group-80D42DB64689: changes role from CANDIDATE to FOLLOWER at term 2 for DISCOVERED_A_NEW_TERM
2019-09-25 04:44:57,491 [501e761e-a7a2-4fbd-b2cb-ccb733f61c47@group-80D42DB64689:LeaderElection53] INFO  impl.LeaderElection (LogUtils.java:infoOrTrace(149)) -   Exception 0: {}
java.util.concurrent.ExecutionException: org.apache.ratis.thirdparty.io.grpc.StatusRuntimeException: UNAVAILABLE: io exception
	at java.util.concurrent.FutureTask.report(FutureTask.java:122)
	at java.util.concurrent.FutureTask.get(FutureTask.java:192)
	at org.apache.ratis.server.impl.LeaderElection.waitForResults(LeaderElection.java:263)
	at org.apache.ratis.server.impl.LeaderElection.askForVotes(LeaderElection.java:201)
	at org.apache.ratis.server.impl.LeaderElection.run(LeaderElection.java:133)
	at java.lang.Thread.run(Thread.java:748)
Caused by: org.apache.ratis.thirdparty.io.grpc.StatusRuntimeException: UNAVAILABLE: io exception
	at org.apache.ratis.thirdparty.io.grpc.stub.ClientCalls.toStatusRuntimeException(ClientCalls.java:233)
	at org.apache.ratis.thirdparty.io.grpc.stub.ClientCalls.getUnchecked(ClientCalls.java:214)
	at org.apache.ratis.thirdparty.io.grpc.stub.ClientCalls.blockingUnaryCall(ClientCalls.java:139)
	at org.apache.ratis.proto.grpc.RaftServerProtocolServiceGrpc$RaftServerProtocolServiceBlockingStub.requestVote(RaftServerProtocolServiceGrpc.java:265)
	at org.apache.ratis.grpc.server.GrpcServerProtocolClient.requestVote(GrpcServerProtocolClient.java:90)
	at org.apache.ratis.grpc.server.GrpcService.requestVote(GrpcService.java:204)
	at org.apache.ratis.server.impl.LeaderElection.lambda$submitRequests$1(LeaderElection.java:238)
	at java.util.concurrent.FutureTask.run(FutureTask.java:266)
	at java.util.concurrent.Executors$RunnableAdapter.call(Executors.java:511)
	at java.util.concurrent.FutureTask.run(FutureTask.java:266)
	at java.util.concurrent.ThreadPoolExecutor.runWorker(ThreadPoolExecutor.java:1149)
	at java.util.concurrent.ThreadPoolExecutor$Worker.run(ThreadPoolExecutor.java:624)
	... 1 more
Caused by: org.apache.ratis.thirdparty.io.netty.channel.AbstractChannel$AnnotatedConnectException: Connection refused: /192.168.36.126:41453
	at sun.nio.ch.SocketChannelImpl.checkConnect(Native Method)
	at sun.nio.ch.SocketChannelImpl.finishConnect(SocketChannelImpl.java:717)
	at org.apache.ratis.thirdparty.io.netty.channel.socket.nio.NioSocketChannel.doFinishConnect(NioSocketChannel.java:327)
	at org.apache.ratis.thirdparty.io.netty.channel.nio.AbstractNioChannel$AbstractNioUnsafe.finishConnect(AbstractNioChannel.java:340)
	at org.apache.ratis.thirdparty.io.netty.channel.nio.NioEventLoop.processSelectedKey(NioEventLoop.java:632)
	at org.apache.ratis.thirdparty.io.netty.channel.nio.NioEventLoop.processSelectedKeysOptimized(NioEventLoop.java:579)
	at org.apache.ratis.thirdparty.io.netty.channel.nio.NioEventLoop.processSelectedKeys(NioEventLoop.java:496)
	at org.apache.ratis.thirdparty.io.netty.channel.nio.NioEventLoop.run(NioEventLoop.java:458)
	at org.apache.ratis.thirdparty.io.netty.util.concurrent.SingleThreadEventExecutor$5.run(SingleThreadEventExecutor.java:897)
	at org.apache.ratis.thirdparty.io.netty.util.concurrent.FastThreadLocalRunnable.run(FastThreadLocalRunnable.java:30)
	... 1 more
Caused by: java.net.ConnectException: Connection refused
	... 11 more
2019-09-25 04:44:57,490 [20057af8-ad38-476a-8ab5-e2c30549d271@group-D717B926E0E9:LeaderElection49] INFO  impl.RaftServerImpl (RaftServerImpl.java:setRole(174)) - 20057af8-ad38-476a-8ab5-e2c30549d271@group-D717B926E0E9: changes role from CANDIDATE to FOLLOWER at term 2 for DISCOVERED_A_NEW_TERM
2019-09-25 04:44:57,494 [20057af8-ad38-476a-8ab5-e2c30549d271@group-D717B926E0E9:LeaderElection49] INFO  impl.RoleInfo (RoleInfo.java:shutdownLeaderElection(134)) - 20057af8-ad38-476a-8ab5-e2c30549d271: shutdown LeaderElection
2019-09-25 04:44:57,488 [501e761e-a7a2-4fbd-b2cb-ccb733f61c47@group-D717B926E0E9:LeaderElection50] INFO  impl.RaftServerImpl (RaftServerImpl.java:setRole(174)) - 501e761e-a7a2-4fbd-b2cb-ccb733f61c47@group-D717B926E0E9: changes role from CANDIDATE to FOLLOWER at term 2 for DISCOVERED_A_NEW_TERM
2019-09-25 04:44:57,488 [501e761e-a7a2-4fbd-b2cb-ccb733f61c47@group-440F611E4189:LeaderElection46] INFO  impl.RaftServerImpl (RaftServerImpl.java:setRole(174)) - 501e761e-a7a2-4fbd-b2cb-ccb733f61c47@group-440F611E4189: changes role from CANDIDATE to FOLLOWER at term 2 for DISCOVERED_A_NEW_TERM
2019-09-25 04:44:57,486 [501e761e-a7a2-4fbd-b2cb-ccb733f61c47@group-88AFA1C08B7F:LeaderElection52] INFO  impl.LeaderElection (LeaderElection.java:logAndReturn(56)) - 501e761e-a7a2-4fbd-b2cb-ccb733f61c47@group-88AFA1C08B7F:LeaderElection52: Election REJECTED; received 1 response(s) [501e761e-a7a2-4fbd-b2cb-ccb733f61c47<-20057af8-ad38-476a-8ab5-e2c30549d271#0:FAIL-t2] and 1 exception(s); 501e761e-a7a2-4fbd-b2cb-ccb733f61c47@group-88AFA1C08B7F:t2, leader=null, voted=501e761e-a7a2-4fbd-b2cb-ccb733f61c47, raftlog=501e761e-a7a2-4fbd-b2cb-ccb733f61c47@group-88AFA1C08B7F-SegmentedRaftLog:OPENED:c-1,f-1,i0, conf=-1: [4a6eb500-5cbf-400b-b677-1633421db4a2:192.168.36.126:41453, 501e761e-a7a2-4fbd-b2cb-ccb733f61c47:192.168.36.126:43187, 20057af8-ad38-476a-8ab5-e2c30549d271:192.168.36.126:45594], old=null
2019-09-25 04:44:57,486 [20057af8-ad38-476a-8ab5-e2c30549d271@group-88AFA1C08B7F:LeaderElection48] INFO  impl.LeaderElection (LogUtils.java:infoOrTrace(149)) -   Exception 0: {}
java.util.concurrent.ExecutionException: org.apache.ratis.thirdparty.io.grpc.StatusRuntimeException: UNAVAILABLE: io exception
	at java.util.concurrent.FutureTask.report(FutureTask.java:122)
	at java.util.concurrent.FutureTask.get(FutureTask.java:192)
	at org.apache.ratis.server.impl.LeaderElection.waitForResults(LeaderElection.java:263)
	at org.apache.ratis.server.impl.LeaderElection.askForVotes(LeaderElection.java:201)
	at org.apache.ratis.server.impl.LeaderElection.run(LeaderElection.java:133)
	at java.lang.Thread.run(Thread.java:748)
Caused by: org.apache.ratis.thirdparty.io.grpc.StatusRuntimeException: UNAVAILABLE: io exception
	at org.apache.ratis.thirdparty.io.grpc.stub.ClientCalls.toStatusRuntimeException(ClientCalls.java:233)
	at org.apache.ratis.thirdparty.io.grpc.stub.ClientCalls.getUnchecked(ClientCalls.java:214)
	at org.apache.ratis.thirdparty.io.grpc.stub.ClientCalls.blockingUnaryCall(ClientCalls.java:139)
	at org.apache.ratis.proto.grpc.RaftServerProtocolServiceGrpc$RaftServerProtocolServiceBlockingStub.requestVote(RaftServerProtocolServiceGrpc.java:265)
	at org.apache.ratis.grpc.server.GrpcServerProtocolClient.requestVote(GrpcServerProtocolClient.java:90)
	at org.apache.ratis.grpc.server.GrpcService.requestVote(GrpcService.java:204)
	at org.apache.ratis.server.impl.LeaderElection.lambda$submitRequests$1(LeaderElection.java:238)
	at java.util.concurrent.FutureTask.run(FutureTask.java:266)
	at java.util.concurrent.Executors$RunnableAdapter.call(Executors.java:511)
	at java.util.concurrent.FutureTask.run(FutureTask.java:266)
	at java.util.concurrent.ThreadPoolExecutor.runWorker(ThreadPoolExecutor.java:1149)
	at java.util.concurrent.ThreadPoolExecutor$Worker.run(ThreadPoolExecutor.java:624)
	... 1 more
Caused by: org.apache.ratis.thirdparty.io.netty.channel.AbstractChannel$AnnotatedConnectException: Connection refused: /192.168.36.126:41453
	at sun.nio.ch.SocketChannelImpl.checkConnect(Native Method)
	at sun.nio.ch.SocketChannelImpl.finishConnect(SocketChannelImpl.java:717)
	at org.apache.ratis.thirdparty.io.netty.channel.socket.nio.NioSocketChannel.doFinishConnect(NioSocketChannel.java:327)
	at org.apache.ratis.thirdparty.io.netty.channel.nio.AbstractNioChannel$AbstractNioUnsafe.finishConnect(AbstractNioChannel.java:340)
	at org.apache.ratis.thirdparty.io.netty.channel.nio.NioEventLoop.processSelectedKey(NioEventLoop.java:632)
	at org.apache.ratis.thirdparty.io.netty.channel.nio.NioEventLoop.processSelectedKeysOptimized(NioEventLoop.java:579)
	at org.apache.ratis.thirdparty.io.netty.channel.nio.NioEventLoop.processSelectedKeys(NioEventLoop.java:496)
	at org.apache.ratis.thirdparty.io.netty.channel.nio.NioEventLoop.run(NioEventLoop.java:458)
	at org.apache.ratis.thirdparty.io.netty.util.concurrent.SingleThreadEventExecutor$5.run(SingleThreadEventExecutor.java:897)
	at org.apache.ratis.thirdparty.io.netty.util.concurrent.FastThreadLocalRunnable.run(FastThreadLocalRunnable.java:30)
	... 1 more
Caused by: java.net.ConnectException: Connection refused
	... 11 more
2019-09-25 04:44:57,494 [501e761e-a7a2-4fbd-b2cb-ccb733f61c47@group-88AFA1C08B7F:LeaderElection52] INFO  impl.LeaderElection (LogUtils.java:infoOrTrace(149)) -   Exception 0: {}
java.util.concurrent.ExecutionException: org.apache.ratis.thirdparty.io.grpc.StatusRuntimeException: UNAVAILABLE: io exception
	at java.util.concurrent.FutureTask.report(FutureTask.java:122)
	at java.util.concurrent.FutureTask.get(FutureTask.java:192)
	at org.apache.ratis.server.impl.LeaderElection.waitForResults(LeaderElection.java:263)
	at org.apache.ratis.server.impl.LeaderElection.askForVotes(LeaderElection.java:201)
	at org.apache.ratis.server.impl.LeaderElection.run(LeaderElection.java:133)
	at java.lang.Thread.run(Thread.java:748)
Caused by: org.apache.ratis.thirdparty.io.grpc.StatusRuntimeException: UNAVAILABLE: io exception
	at org.apache.ratis.thirdparty.io.grpc.stub.ClientCalls.toStatusRuntimeException(ClientCalls.java:233)
	at org.apache.ratis.thirdparty.io.grpc.stub.ClientCalls.getUnchecked(ClientCalls.java:214)
	at org.apache.ratis.thirdparty.io.grpc.stub.ClientCalls.blockingUnaryCall(ClientCalls.java:139)
	at org.apache.ratis.proto.grpc.RaftServerProtocolServiceGrpc$RaftServerProtocolServiceBlockingStub.requestVote(RaftServerProtocolServiceGrpc.java:265)
	at org.apache.ratis.grpc.server.GrpcServerProtocolClient.requestVote(GrpcServerProtocolClient.java:90)
	at org.apache.ratis.grpc.server.GrpcService.requestVote(GrpcService.java:204)
	at org.apache.ratis.server.impl.LeaderElection.lambda$submitRequests$1(LeaderElection.java:238)
	at java.util.concurrent.FutureTask.run(FutureTask.java:266)
	at java.util.concurrent.Executors$RunnableAdapter.call(Executors.java:511)
	at java.util.concurrent.FutureTask.run(FutureTask.java:266)
	at java.util.concurrent.ThreadPoolExecutor.runWorker(ThreadPoolExecutor.java:1149)
	at java.util.concurrent.ThreadPoolExecutor$Worker.run(ThreadPoolExecutor.java:624)
	... 1 more
Caused by: org.apache.ratis.thirdparty.io.netty.channel.AbstractChannel$AnnotatedConnectException: Connection refused: /192.168.36.126:41453
	at sun.nio.ch.SocketChannelImpl.checkConnect(Native Method)
	at sun.nio.ch.SocketChannelImpl.finishConnect(SocketChannelImpl.java:717)
	at org.apache.ratis.thirdparty.io.netty.channel.socket.nio.NioSocketChannel.doFinishConnect(NioSocketChannel.java:327)
	at org.apache.ratis.thirdparty.io.netty.channel.nio.AbstractNioChannel$AbstractNioUnsafe.finishConnect(AbstractNioChannel.java:340)
	at org.apache.ratis.thirdparty.io.netty.channel.nio.NioEventLoop.processSelectedKey(NioEventLoop.java:632)
	at org.apache.ratis.thirdparty.io.netty.channel.nio.NioEventLoop.processSelectedKeysOptimized(NioEventLoop.java:579)
	at org.apache.ratis.thirdparty.io.netty.channel.nio.NioEventLoop.processSelectedKeys(NioEventLoop.java:496)
	at org.apache.ratis.thirdparty.io.netty.channel.nio.NioEventLoop.run(NioEventLoop.java:458)
	at org.apache.ratis.thirdparty.io.netty.util.concurrent.SingleThreadEventExecutor$5.run(SingleThreadEventExecutor.java:897)
	at org.apache.ratis.thirdparty.io.netty.util.concurrent.FastThreadLocalRunnable.run(FastThreadLocalRunnable.java:30)
	... 1 more
Caused by: java.net.ConnectException: Connection refused
	... 11 more
2019-09-25 04:44:57,494 [501e761e-a7a2-4fbd-b2cb-ccb733f61c47@group-440F611E4189:LeaderElection46] INFO  impl.RoleInfo (RoleInfo.java:shutdownLeaderElection(134)) - 501e761e-a7a2-4fbd-b2cb-ccb733f61c47: shutdown LeaderElection
2019-09-25 04:44:57,494 [501e761e-a7a2-4fbd-b2cb-ccb733f61c47@group-D717B926E0E9:LeaderElection50] INFO  impl.RoleInfo (RoleInfo.java:shutdownLeaderElection(134)) - 501e761e-a7a2-4fbd-b2cb-ccb733f61c47: shutdown LeaderElection
2019-09-25 04:44:57,494 [20057af8-ad38-476a-8ab5-e2c30549d271@group-D717B926E0E9:LeaderElection49] INFO  impl.RoleInfo (RoleInfo.java:updateAndGet(143)) - 20057af8-ad38-476a-8ab5-e2c30549d271: start FollowerState
2019-09-25 04:44:57,494 [501e761e-a7a2-4fbd-b2cb-ccb733f61c47@group-80D42DB64689:LeaderElection53] INFO  impl.RaftServerImpl (RaftServerImpl.java:setRole(174)) - 501e761e-a7a2-4fbd-b2cb-ccb733f61c47@group-80D42DB64689: changes role from CANDIDATE to FOLLOWER at term 2 for DISCOVERED_A_NEW_TERM
2019-09-25 04:44:57,493 [20057af8-ad38-476a-8ab5-e2c30549d271@group-80D42DB64689:LeaderElection51] INFO  impl.RoleInfo (RoleInfo.java:shutdownLeaderElection(134)) - 20057af8-ad38-476a-8ab5-e2c30549d271: shutdown LeaderElection
2019-09-25 04:44:57,493 [20057af8-ad38-476a-8ab5-e2c30549d271@group-440F611E4189:LeaderElection47] INFO  impl.RoleInfo (RoleInfo.java:shutdownLeaderElection(134)) - 20057af8-ad38-476a-8ab5-e2c30549d271: shutdown LeaderElection
2019-09-25 04:44:57,498 [20057af8-ad38-476a-8ab5-e2c30549d271@group-80D42DB64689:LeaderElection51] INFO  impl.RoleInfo (RoleInfo.java:updateAndGet(143)) - 20057af8-ad38-476a-8ab5-e2c30549d271: start FollowerState
2019-09-25 04:44:57,498 [501e761e-a7a2-4fbd-b2cb-ccb733f61c47@group-80D42DB64689:LeaderElection53] INFO  impl.RoleInfo (RoleInfo.java:shutdownLeaderElection(134)) - 501e761e-a7a2-4fbd-b2cb-ccb733f61c47: shutdown LeaderElection
2019-09-25 04:44:57,498 [501e761e-a7a2-4fbd-b2cb-ccb733f61c47@group-D717B926E0E9:LeaderElection50] INFO  impl.RoleInfo (RoleInfo.java:updateAndGet(143)) - 501e761e-a7a2-4fbd-b2cb-ccb733f61c47: start FollowerState
2019-09-25 04:44:57,497 [501e761e-a7a2-4fbd-b2cb-ccb733f61c47@group-440F611E4189:LeaderElection46] INFO  impl.RoleInfo (RoleInfo.java:updateAndGet(143)) - 501e761e-a7a2-4fbd-b2cb-ccb733f61c47: start FollowerState
2019-09-25 04:44:57,497 [501e761e-a7a2-4fbd-b2cb-ccb733f61c47@group-88AFA1C08B7F:LeaderElection52] INFO  impl.RaftServerImpl (RaftServerImpl.java:setRole(174)) - 501e761e-a7a2-4fbd-b2cb-ccb733f61c47@group-88AFA1C08B7F: changes role from CANDIDATE to FOLLOWER at term 2 for DISCOVERED_A_NEW_TERM
2019-09-25 04:44:57,498 [501e761e-a7a2-4fbd-b2cb-ccb733f61c47@group-88AFA1C08B7F:LeaderElection52] INFO  impl.RoleInfo (RoleInfo.java:shutdownLeaderElection(134)) - 501e761e-a7a2-4fbd-b2cb-ccb733f61c47: shutdown LeaderElection
2019-09-25 04:44:57,497 [20057af8-ad38-476a-8ab5-e2c30549d271@group-88AFA1C08B7F:LeaderElection48] INFO  impl.RaftServerImpl (RaftServerImpl.java:setRole(174)) - 20057af8-ad38-476a-8ab5-e2c30549d271@group-88AFA1C08B7F: changes role from CANDIDATE to FOLLOWER at term 2 for DISCOVERED_A_NEW_TERM
2019-09-25 04:44:57,499 [501e761e-a7a2-4fbd-b2cb-ccb733f61c47@group-88AFA1C08B7F:LeaderElection52] INFO  impl.RoleInfo (RoleInfo.java:updateAndGet(143)) - 501e761e-a7a2-4fbd-b2cb-ccb733f61c47: start FollowerState
2019-09-25 04:44:57,498 [501e761e-a7a2-4fbd-b2cb-ccb733f61c47@group-80D42DB64689:LeaderElection53] INFO  impl.RoleInfo (RoleInfo.java:updateAndGet(143)) - 501e761e-a7a2-4fbd-b2cb-ccb733f61c47: start FollowerState
2019-09-25 04:44:57,498 [20057af8-ad38-476a-8ab5-e2c30549d271@group-440F611E4189:LeaderElection47] INFO  impl.RoleInfo (RoleInfo.java:updateAndGet(143)) - 20057af8-ad38-476a-8ab5-e2c30549d271: start FollowerState
2019-09-25 04:44:57,499 [20057af8-ad38-476a-8ab5-e2c30549d271@group-88AFA1C08B7F:LeaderElection48] INFO  impl.RoleInfo (RoleInfo.java:shutdownLeaderElection(134)) - 20057af8-ad38-476a-8ab5-e2c30549d271: shutdown LeaderElection
2019-09-25 04:44:57,499 [20057af8-ad38-476a-8ab5-e2c30549d271@group-88AFA1C08B7F:LeaderElection48] INFO  impl.RoleInfo (RoleInfo.java:updateAndGet(143)) - 20057af8-ad38-476a-8ab5-e2c30549d271: start FollowerState
2019-09-25 04:44:58,960 [main] INFO  ozoneimpl.OzoneContainer (OzoneContainer.java:stop(231)) - Attempting to stop container services.
2019-09-25 04:44:58,961 [main] INFO  impl.RaftServerProxy (RaftServerProxy.java:lambda$close$4(314)) - ebed67c2-0f83-410d-9a30-a672fb1e8de7: close
2019-09-25 04:44:58,963 [main] INFO  server.GrpcService (GrpcService.java:closeImpl(164)) - ebed67c2-0f83-410d-9a30-a672fb1e8de7: shutdown server with port 33127 now
2019-09-25 04:44:58,963 [main] INFO  server.GrpcService (GrpcService.java:closeImpl(172)) - ebed67c2-0f83-410d-9a30-a672fb1e8de7: shutdown server with port 33127 successfully
2019-09-25 04:44:58,968 [refreshUsed-/workdir/hadoop-ozone/integration-test/target/test-dir/MiniOzoneClusterImpl-35769ac5-a4ef-4df9-86f1-fb87f256fef7/datanode-6/data/containers] WARN  fs.CachingGetSpaceUsed (CachingGetSpaceUsed.java:run(183)) - Thread Interrupted waiting to refresh disk information: sleep interrupted
2019-09-25 04:44:58,978 [ForkJoinPool.commonPool-worker-0] INFO  ozoneimpl.OzoneContainer (OzoneContainer.java:stop(231)) - Attempting to stop container services.
2019-09-25 04:44:58,979 [ForkJoinPool.commonPool-worker-0] INFO  impl.RaftServerProxy (RaftServerProxy.java:lambda$close$4(314)) - 501e761e-a7a2-4fbd-b2cb-ccb733f61c47: close
2019-09-25 04:44:58,979 [ForkJoinPool.commonPool-worker-0] INFO  impl.RaftServerImpl (RaftServerImpl.java:lambda$shutdown$3(251)) - 501e761e-a7a2-4fbd-b2cb-ccb733f61c47@group-D717B926E0E9: shutdown
2019-09-25 04:44:58,979 [ForkJoinPool.commonPool-worker-0] INFO  util.JmxRegister (JmxRegister.java:unregister(73)) - Successfully un-registered JMX Bean with object name Ratis:service=RaftServer,group=group-D717B926E0E9,id=501e761e-a7a2-4fbd-b2cb-ccb733f61c47
2019-09-25 04:44:58,979 [ForkJoinPool.commonPool-worker-0] INFO  impl.RoleInfo (RoleInfo.java:shutdownFollowerState(121)) - 501e761e-a7a2-4fbd-b2cb-ccb733f61c47: shutdown FollowerState
2019-09-25 04:44:58,980 [ForkJoinPool.commonPool-worker-0] INFO  impl.StateMachineUpdater (StateMachineUpdater.java:stopAndJoin(125)) - 501e761e-a7a2-4fbd-b2cb-ccb733f61c47@group-D717B926E0E9-StateMachineUpdater: set stopIndex = -1
2019-09-25 04:44:58,980 [Thread-964] INFO  impl.FollowerState (FollowerState.java:run(115)) - 501e761e-a7a2-4fbd-b2cb-ccb733f61c47: FollowerState was interrupted: java.lang.InterruptedException: sleep interrupted
2019-09-25 04:44:58,980 [ForkJoinPool.commonPool-worker-0] INFO  impl.RaftServerImpl (ServerState.java:close(385)) - 501e761e-a7a2-4fbd-b2cb-ccb733f61c47@group-D717B926E0E9: closes. applyIndex: -1
2019-09-25 04:44:58,982 [501e761e-a7a2-4fbd-b2cb-ccb733f61c47@group-D717B926E0E9-SegmentedRaftLogWorker] INFO  segmented.SegmentedRaftLogWorker (SegmentedRaftLogWorker.java:run(313)) - 501e761e-a7a2-4fbd-b2cb-ccb733f61c47@group-D717B926E0E9-SegmentedRaftLogWorker was interrupted, exiting. There are 0 tasks remaining in the queue.
2019-09-25 04:44:58,982 [ForkJoinPool.commonPool-worker-0] INFO  segmented.SegmentedRaftLogWorker (SegmentedRaftLogWorker.java:close(228)) - 501e761e-a7a2-4fbd-b2cb-ccb733f61c47@group-D717B926E0E9-SegmentedRaftLogWorker close()
2019-09-25 04:44:58,984 [ForkJoinPool.commonPool-worker-0] INFO  impl.RaftServerImpl (RaftServerImpl.java:lambda$shutdown$3(251)) - 501e761e-a7a2-4fbd-b2cb-ccb733f61c47@group-440F611E4189: shutdown
2019-09-25 04:44:58,984 [ForkJoinPool.commonPool-worker-0] INFO  util.JmxRegister (JmxRegister.java:unregister(73)) - Successfully un-registered JMX Bean with object name Ratis:service=RaftServer,group=group-440F611E4189,id=501e761e-a7a2-4fbd-b2cb-ccb733f61c47
2019-09-25 04:44:58,985 [ForkJoinPool.commonPool-worker-0] INFO  impl.RoleInfo (RoleInfo.java:shutdownFollowerState(121)) - 501e761e-a7a2-4fbd-b2cb-ccb733f61c47: shutdown FollowerState
2019-09-25 04:44:58,985 [ForkJoinPool.commonPool-worker-0] INFO  impl.StateMachineUpdater (StateMachineUpdater.java:stopAndJoin(125)) - 501e761e-a7a2-4fbd-b2cb-ccb733f61c47@group-440F611E4189-StateMachineUpdater: set stopIndex = -1
2019-09-25 04:44:58,985 [Thread-963] INFO  impl.FollowerState (FollowerState.java:run(115)) - 501e761e-a7a2-4fbd-b2cb-ccb733f61c47: FollowerState was interrupted: java.lang.InterruptedException: sleep interrupted
2019-09-25 04:44:58,985 [ForkJoinPool.commonPool-worker-0] INFO  impl.RaftServerImpl (ServerState.java:close(385)) - 501e761e-a7a2-4fbd-b2cb-ccb733f61c47@group-440F611E4189: closes. applyIndex: -1
2019-09-25 04:44:58,986 [501e761e-a7a2-4fbd-b2cb-ccb733f61c47@group-440F611E4189-SegmentedRaftLogWorker] INFO  segmented.SegmentedRaftLogWorker (SegmentedRaftLogWorker.java:run(313)) - 501e761e-a7a2-4fbd-b2cb-ccb733f61c47@group-440F611E4189-SegmentedRaftLogWorker was interrupted, exiting. There are 0 tasks remaining in the queue.
2019-09-25 04:44:58,987 [ForkJoinPool.commonPool-worker-0] INFO  segmented.SegmentedRaftLogWorker (SegmentedRaftLogWorker.java:close(228)) - 501e761e-a7a2-4fbd-b2cb-ccb733f61c47@group-440F611E4189-SegmentedRaftLogWorker close()
2019-09-25 04:44:58,988 [ForkJoinPool.commonPool-worker-0] INFO  impl.RaftServerImpl (RaftServerImpl.java:lambda$shutdown$3(251)) - 501e761e-a7a2-4fbd-b2cb-ccb733f61c47@group-88AFA1C08B7F: shutdown
2019-09-25 04:44:58,989 [ForkJoinPool.commonPool-worker-0] INFO  util.JmxRegister (JmxRegister.java:unregister(73)) - Successfully un-registered JMX Bean with object name Ratis:service=RaftServer,group=group-88AFA1C08B7F,id=501e761e-a7a2-4fbd-b2cb-ccb733f61c47
2019-09-25 04:44:58,989 [ForkJoinPool.commonPool-worker-0] INFO  impl.RoleInfo (RoleInfo.java:shutdownFollowerState(121)) - 501e761e-a7a2-4fbd-b2cb-ccb733f61c47: shutdown FollowerState
2019-09-25 04:44:58,989 [ForkJoinPool.commonPool-worker-0] INFO  impl.StateMachineUpdater (StateMachineUpdater.java:stopAndJoin(125)) - 501e761e-a7a2-4fbd-b2cb-ccb733f61c47@group-88AFA1C08B7F-StateMachineUpdater: set stopIndex = -1
2019-09-25 04:44:58,989 [Thread-968] INFO  impl.FollowerState (FollowerState.java:run(115)) - 501e761e-a7a2-4fbd-b2cb-ccb733f61c47: FollowerState was interrupted: java.lang.InterruptedException: sleep interrupted
2019-09-25 04:44:58,990 [ForkJoinPool.commonPool-worker-0] INFO  impl.RaftServerImpl (ServerState.java:close(385)) - 501e761e-a7a2-4fbd-b2cb-ccb733f61c47@group-88AFA1C08B7F: closes. applyIndex: -1
2019-09-25 04:44:58,991 [501e761e-a7a2-4fbd-b2cb-ccb733f61c47@group-88AFA1C08B7F-SegmentedRaftLogWorker] INFO  segmented.SegmentedRaftLogWorker (SegmentedRaftLogWorker.java:run(313)) - 501e761e-a7a2-4fbd-b2cb-ccb733f61c47@group-88AFA1C08B7F-SegmentedRaftLogWorker was interrupted, exiting. There are 0 tasks remaining in the queue.
2019-09-25 04:44:58,991 [ForkJoinPool.commonPool-worker-0] INFO  segmented.SegmentedRaftLogWorker (SegmentedRaftLogWorker.java:close(228)) - 501e761e-a7a2-4fbd-b2cb-ccb733f61c47@group-88AFA1C08B7F-SegmentedRaftLogWorker close()
2019-09-25 04:44:58,993 [ForkJoinPool.commonPool-worker-0] INFO  impl.RaftServerImpl (RaftServerImpl.java:lambda$shutdown$3(251)) - 501e761e-a7a2-4fbd-b2cb-ccb733f61c47@group-80D42DB64689: shutdown
2019-09-25 04:44:58,993 [ForkJoinPool.commonPool-worker-0] INFO  util.JmxRegister (JmxRegister.java:unregister(73)) - Successfully un-registered JMX Bean with object name Ratis:service=RaftServer,group=group-80D42DB64689,id=501e761e-a7a2-4fbd-b2cb-ccb733f61c47
2019-09-25 04:44:58,993 [main] INFO  utils.BackgroundService (BackgroundService.java:shutdown(148)) - Shutting down service BlockDeletingService
2019-09-25 04:44:58,993 [ForkJoinPool.commonPool-worker-0] INFO  impl.RoleInfo (RoleInfo.java:shutdownFollowerState(121)) - 501e761e-a7a2-4fbd-b2cb-ccb733f61c47: shutdown FollowerState
2019-09-25 04:44:58,996 [ForkJoinPool.commonPool-worker-0] INFO  impl.StateMachineUpdater (StateMachineUpdater.java:stopAndJoin(125)) - 501e761e-a7a2-4fbd-b2cb-ccb733f61c47@group-80D42DB64689-StateMachineUpdater: set stopIndex = -1
2019-09-25 04:44:58,996 [Thread-967] INFO  impl.FollowerState (FollowerState.java:run(115)) - 501e761e-a7a2-4fbd-b2cb-ccb733f61c47: FollowerState was interrupted: java.lang.InterruptedException: sleep interrupted
2019-09-25 04:44:58,997 [main] INFO  statemachine.DatanodeStateMachine (DatanodeStateMachine.java:stopDaemon(395)) - Ozone container server stopped.
2019-09-25 04:44:58,996 [ForkJoinPool.commonPool-worker-0] INFO  impl.RaftServerImpl (ServerState.java:close(385)) - 501e761e-a7a2-4fbd-b2cb-ccb733f61c47@group-80D42DB64689: closes. applyIndex: -1
2019-09-25 04:44:58,999 [501e761e-a7a2-4fbd-b2cb-ccb733f61c47@group-80D42DB64689-SegmentedRaftLogWorker] INFO  segmented.SegmentedRaftLogWorker (SegmentedRaftLogWorker.java:run(313)) - 501e761e-a7a2-4fbd-b2cb-ccb733f61c47@group-80D42DB64689-SegmentedRaftLogWorker was interrupted, exiting. There are 0 tasks remaining in the queue.
2019-09-25 04:44:58,999 [ForkJoinPool.commonPool-worker-0] INFO  segmented.SegmentedRaftLogWorker (SegmentedRaftLogWorker.java:close(228)) - 501e761e-a7a2-4fbd-b2cb-ccb733f61c47@group-80D42DB64689-SegmentedRaftLogWorker close()
2019-09-25 04:44:58,999 [main] INFO  handler.ContextHandler (ContextHandler.java:doStop(910)) - Stopped o.e.j.w.WebAppContext@46e3559f{/,null,UNAVAILABLE}{/hddsDatanode}
2019-09-25 04:44:59,001 [ForkJoinPool.commonPool-worker-0] INFO  impl.RaftServerImpl (RaftServerImpl.java:lambda$shutdown$3(251)) - 501e761e-a7a2-4fbd-b2cb-ccb733f61c47@group-5E2D46E32BAE: shutdown
2019-09-25 04:44:59,001 [ForkJoinPool.commonPool-worker-0] INFO  util.JmxRegister (JmxRegister.java:unregister(73)) - Successfully un-registered JMX Bean with object name Ratis:service=RaftServer,group=group-5E2D46E32BAE,id=501e761e-a7a2-4fbd-b2cb-ccb733f61c47
2019-09-25 04:44:59,002 [main] INFO  server.AbstractConnector (AbstractConnector.java:doStop(318)) - Stopped ServerConnector@3b83459e{HTTP/1.1,[http/1.1]}{0.0.0.0:0}
2019-09-25 04:44:59,002 [ForkJoinPool.commonPool-worker-0] INFO  impl.RoleInfo (RoleInfo.java:shutdownLeaderState(104)) - 501e761e-a7a2-4fbd-b2cb-ccb733f61c47: shutdown LeaderState
2019-09-25 04:44:59,002 [main] INFO  handler.ContextHandler (ContextHandler.java:doStop(910)) - Stopped o.e.j.s.ServletContextHandler@642a16aa{/static,jar:file:/home/user/.m2/repository/org/apache/hadoop/hadoop-hdds-container-service/0.5.0-SNAPSHOT/hadoop-hdds-container-service-0.5.0-SNAPSHOT.jar!/webapps/static,UNAVAILABLE}
2019-09-25 04:44:59,002 [ForkJoinPool.commonPool-worker-0] INFO  impl.PendingRequests (PendingRequests.java:sendNotLeaderResponses(202)) - 501e761e-a7a2-4fbd-b2cb-ccb733f61c47-PendingRequests: sendNotLeaderResponses
2019-09-25 04:44:59,003 [main] INFO  handler.ContextHandler (ContextHandler.java:doStop(910)) - Stopped o.e.j.s.ServletContextHandler@7237f3c1{/logs,file:///workdir/hadoop-ozone/integration-test/target/log,UNAVAILABLE}
2019-09-25 04:44:59,003 [ForkJoinPool.commonPool-worker-0] INFO  impl.StateMachineUpdater (StateMachineUpdater.java:stopAndJoin(125)) - 501e761e-a7a2-4fbd-b2cb-ccb733f61c47@group-5E2D46E32BAE-StateMachineUpdater: set stopIndex = 0
2019-09-25 04:44:59,004 [ForkJoinPool.commonPool-worker-0] INFO  impl.RaftServerImpl (ServerState.java:close(385)) - 501e761e-a7a2-4fbd-b2cb-ccb733f61c47@group-5E2D46E32BAE: closes. applyIndex: 0
2019-09-25 04:44:59,004 [501e761e-a7a2-4fbd-b2cb-ccb733f61c47@group-5E2D46E32BAE-SegmentedRaftLogWorker] INFO  segmented.SegmentedRaftLogWorker (SegmentedRaftLogWorker.java:run(313)) - 501e761e-a7a2-4fbd-b2cb-ccb733f61c47@group-5E2D46E32BAE-SegmentedRaftLogWorker was interrupted, exiting. There are 0 tasks remaining in the queue.
2019-09-25 04:44:59,005 [ForkJoinPool.commonPool-worker-0] INFO  segmented.SegmentedRaftLogWorker (SegmentedRaftLogWorker.java:close(228)) - 501e761e-a7a2-4fbd-b2cb-ccb733f61c47@group-5E2D46E32BAE-SegmentedRaftLogWorker close()
2019-09-25 04:44:59,008 [ForkJoinPool.commonPool-worker-0] INFO  server.GrpcService (GrpcService.java:closeImpl(164)) - 501e761e-a7a2-4fbd-b2cb-ccb733f61c47: shutdown server with port 43187 now
2019-09-25 04:44:59,011 [ForkJoinPool.commonPool-worker-0] INFO  server.GrpcService (GrpcService.java:closeImpl(172)) - 501e761e-a7a2-4fbd-b2cb-ccb733f61c47: shutdown server with port 43187 successfully
2019-09-25 04:44:59,015 [refreshUsed-/workdir/hadoop-ozone/integration-test/target/test-dir/MiniOzoneClusterImpl-35769ac5-a4ef-4df9-86f1-fb87f256fef7/datanode-0/data/containers] WARN  fs.CachingGetSpaceUsed (CachingGetSpaceUsed.java:run(183)) - Thread Interrupted waiting to refresh disk information: sleep interrupted
2019-09-25 04:44:59,030 [ForkJoinPool.commonPool-worker-0] INFO  utils.BackgroundService (BackgroundService.java:shutdown(148)) - Shutting down service BlockDeletingService
2019-09-25 04:44:59,033 [ForkJoinPool.commonPool-worker-0] INFO  statemachine.DatanodeStateMachine (DatanodeStateMachine.java:stopDaemon(395)) - Ozone container server stopped.
2019-09-25 04:44:59,036 [ForkJoinPool.commonPool-worker-0] INFO  handler.ContextHandler (ContextHandler.java:doStop(910)) - Stopped o.e.j.w.WebAppContext@1c3259fa{/,null,UNAVAILABLE}{/hddsDatanode}
2019-09-25 04:44:59,037 [ForkJoinPool.commonPool-worker-0] INFO  server.AbstractConnector (AbstractConnector.java:doStop(318)) - Stopped ServerConnector@217bf99e{HTTP/1.1,[http/1.1]}{0.0.0.0:0}
2019-09-25 04:44:59,041 [ForkJoinPool.commonPool-worker-0] INFO  handler.ContextHandler (ContextHandler.java:doStop(910)) - Stopped o.e.j.s.ServletContextHandler@4130955c{/static,jar:file:/home/user/.m2/repository/org/apache/hadoop/hadoop-hdds-container-service/0.5.0-SNAPSHOT/hadoop-hdds-container-service-0.5.0-SNAPSHOT.jar!/webapps/static,UNAVAILABLE}
2019-09-25 04:44:59,041 [ForkJoinPool.commonPool-worker-0] INFO  handler.ContextHandler (ContextHandler.java:doStop(910)) - Stopped o.e.j.s.ServletContextHandler@17e9bc9e{/logs,file:///workdir/hadoop-ozone/integration-test/target/log,UNAVAILABLE}
2019-09-25 04:44:59,861 [Datanode State Machine Thread - 0] INFO  statemachine.DatanodeStateMachine (DatanodeStateMachine.java:lambda$startDaemon$0(350)) - Ozone container server started.
2019-09-25 04:45:02,582 [Thread-962] INFO  impl.FollowerState (FollowerState.java:run(106)) - 20057af8-ad38-476a-8ab5-e2c30549d271:group-D717B926E0E9 changes to CANDIDATE, lastRpcTime:5087, electionTimeout:5084ms
2019-09-25 04:45:02,582 [Thread-962] INFO  impl.RoleInfo (RoleInfo.java:shutdownFollowerState(121)) - 20057af8-ad38-476a-8ab5-e2c30549d271: shutdown FollowerState
2019-09-25 04:45:02,583 [Thread-962] INFO  impl.RaftServerImpl (RaftServerImpl.java:setRole(174)) - 20057af8-ad38-476a-8ab5-e2c30549d271@group-D717B926E0E9: changes role from  FOLLOWER to CANDIDATE at term 2 for changeToCandidate
2019-09-25 04:45:02,583 [Thread-962] INFO  impl.RoleInfo (RoleInfo.java:updateAndGet(143)) - 20057af8-ad38-476a-8ab5-e2c30549d271: start LeaderElection
2019-09-25 04:45:02,591 [Thread-966] INFO  impl.FollowerState (FollowerState.java:run(106)) - 20057af8-ad38-476a-8ab5-e2c30549d271:group-440F611E4189 changes to CANDIDATE, lastRpcTime:5092, electionTimeout:5091ms
2019-09-25 04:45:02,591 [Thread-966] INFO  impl.RoleInfo (RoleInfo.java:shutdownFollowerState(121)) - 20057af8-ad38-476a-8ab5-e2c30549d271: shutdown FollowerState
2019-09-25 04:45:02,591 [Thread-966] INFO  impl.RaftServerImpl (RaftServerImpl.java:setRole(174)) - 20057af8-ad38-476a-8ab5-e2c30549d271@group-440F611E4189: changes role from  FOLLOWER to CANDIDATE at term 2 for changeToCandidate
2019-09-25 04:45:02,591 [Thread-966] INFO  impl.RoleInfo (RoleInfo.java:updateAndGet(143)) - 20057af8-ad38-476a-8ab5-e2c30549d271: start LeaderElection
2019-09-25 04:45:02,649 [Thread-965] INFO  impl.FollowerState (FollowerState.java:run(106)) - 20057af8-ad38-476a-8ab5-e2c30549d271:group-80D42DB64689 changes to CANDIDATE, lastRpcTime:5151, electionTimeout:5151ms
2019-09-25 04:45:02,650 [Thread-965] INFO  impl.RoleInfo (RoleInfo.java:shutdownFollowerState(121)) - 20057af8-ad38-476a-8ab5-e2c30549d271: shutdown FollowerState
2019-09-25 04:45:02,650 [Thread-965] INFO  impl.RaftServerImpl (RaftServerImpl.java:setRole(174)) - 20057af8-ad38-476a-8ab5-e2c30549d271@group-80D42DB64689: changes role from  FOLLOWER to CANDIDATE at term 2 for changeToCandidate
2019-09-25 04:45:02,650 [Thread-965] INFO  impl.RoleInfo (RoleInfo.java:updateAndGet(143)) - 20057af8-ad38-476a-8ab5-e2c30549d271: start LeaderElection
2019-09-25 04:45:02,678 [Thread-969] INFO  impl.FollowerState (FollowerState.java:run(106)) - 20057af8-ad38-476a-8ab5-e2c30549d271:group-88AFA1C08B7F changes to CANDIDATE, lastRpcTime:5178, electionTimeout:5178ms
2019-09-25 04:45:02,678 [Thread-969] INFO  impl.RoleInfo (RoleInfo.java:shutdownFollowerState(121)) - 20057af8-ad38-476a-8ab5-e2c30549d271: shutdown FollowerState
2019-09-25 04:45:02,678 [Thread-969] INFO  impl.RaftServerImpl (RaftServerImpl.java:setRole(174)) - 20057af8-ad38-476a-8ab5-e2c30549d271@group-88AFA1C08B7F: changes role from  FOLLOWER to CANDIDATE at term 2 for changeToCandidate
2019-09-25 04:45:02,678 [Thread-969] INFO  impl.RoleInfo (RoleInfo.java:updateAndGet(143)) - 20057af8-ad38-476a-8ab5-e2c30549d271: start LeaderElection
2019-09-25 04:45:04,005 [main] INFO  ozoneimpl.OzoneContainer (OzoneContainer.java:stop(231)) - Attempting to stop container services.
2019-09-25 04:45:04,005 [main] INFO  impl.RaftServerProxy (RaftServerProxy.java:lambda$close$4(314)) - 20057af8-ad38-476a-8ab5-e2c30549d271: close
2019-09-25 04:45:04,006 [main] INFO  impl.RaftServerImpl (RaftServerImpl.java:lambda$shutdown$3(251)) - 20057af8-ad38-476a-8ab5-e2c30549d271@group-D717B926E0E9: shutdown
2019-09-25 04:45:04,006 [ForkJoinPool.commonPool-worker-1] INFO  impl.RaftServerImpl (RaftServerImpl.java:lambda$shutdown$3(251)) - 20057af8-ad38-476a-8ab5-e2c30549d271@group-88AFA1C08B7F: shutdown
2019-09-25 04:45:04,007 [main] INFO  util.JmxRegister (JmxRegister.java:unregister(73)) - Successfully un-registered JMX Bean with object name Ratis:service=RaftServer,group=group-D717B926E0E9,id=20057af8-ad38-476a-8ab5-e2c30549d271
2019-09-25 04:45:04,007 [ForkJoinPool.commonPool-worker-1] INFO  util.JmxRegister (JmxRegister.java:unregister(73)) - Successfully un-registered JMX Bean with object name Ratis:service=RaftServer,group=group-88AFA1C08B7F,id=20057af8-ad38-476a-8ab5-e2c30549d271
2019-09-25 04:45:04,007 [main] INFO  impl.RoleInfo (RoleInfo.java:shutdownLeaderElection(134)) - 20057af8-ad38-476a-8ab5-e2c30549d271: shutdown LeaderElection
2019-09-25 04:45:04,007 [ForkJoinPool.commonPool-worker-1] INFO  impl.RoleInfo (RoleInfo.java:shutdownLeaderElection(134)) - 20057af8-ad38-476a-8ab5-e2c30549d271: shutdown LeaderElection
2019-09-25 04:45:04,008 [main] INFO  impl.StateMachineUpdater (StateMachineUpdater.java:stopAndJoin(125)) - 20057af8-ad38-476a-8ab5-e2c30549d271@group-D717B926E0E9-StateMachineUpdater: set stopIndex = -1
2019-09-25 04:45:04,008 [ForkJoinPool.commonPool-worker-1] INFO  impl.StateMachineUpdater (StateMachineUpdater.java:stopAndJoin(125)) - 20057af8-ad38-476a-8ab5-e2c30549d271@group-88AFA1C08B7F-StateMachineUpdater: set stopIndex = -1
2019-09-25 04:45:04,009 [main] INFO  impl.RaftServerImpl (ServerState.java:close(385)) - 20057af8-ad38-476a-8ab5-e2c30549d271@group-D717B926E0E9: closes. applyIndex: -1
2019-09-25 04:45:04,009 [ForkJoinPool.commonPool-worker-1] INFO  impl.RaftServerImpl (ServerState.java:close(385)) - 20057af8-ad38-476a-8ab5-e2c30549d271@group-88AFA1C08B7F: closes. applyIndex: -1
2019-09-25 04:45:04,009 [20057af8-ad38-476a-8ab5-e2c30549d271@group-D717B926E0E9-SegmentedRaftLogWorker] INFO  segmented.SegmentedRaftLogWorker (SegmentedRaftLogWorker.java:run(313)) - 20057af8-ad38-476a-8ab5-e2c30549d271@group-D717B926E0E9-SegmentedRaftLogWorker was interrupted, exiting. There are 0 tasks remaining in the queue.
2019-09-25 04:45:04,009 [20057af8-ad38-476a-8ab5-e2c30549d271@group-88AFA1C08B7F-SegmentedRaftLogWorker] INFO  segmented.SegmentedRaftLogWorker (SegmentedRaftLogWorker.java:run(313)) - 20057af8-ad38-476a-8ab5-e2c30549d271@group-88AFA1C08B7F-SegmentedRaftLogWorker was interrupted, exiting. There are 0 tasks remaining in the queue.
2019-09-25 04:45:04,010 [main] INFO  segmented.SegmentedRaftLogWorker (SegmentedRaftLogWorker.java:close(228)) - 20057af8-ad38-476a-8ab5-e2c30549d271@group-D717B926E0E9-SegmentedRaftLogWorker close()
2019-09-25 04:45:04,010 [ForkJoinPool.commonPool-worker-1] INFO  segmented.SegmentedRaftLogWorker (SegmentedRaftLogWorker.java:close(228)) - 20057af8-ad38-476a-8ab5-e2c30549d271@group-88AFA1C08B7F-SegmentedRaftLogWorker close()
2019-09-25 04:45:04,012 [main] INFO  impl.RaftServerImpl (RaftServerImpl.java:lambda$shutdown$3(251)) - 20057af8-ad38-476a-8ab5-e2c30549d271@group-440F611E4189: shutdown
2019-09-25 04:45:04,014 [ForkJoinPool.commonPool-worker-1] INFO  impl.RaftServerImpl (RaftServerImpl.java:lambda$shutdown$3(251)) - 20057af8-ad38-476a-8ab5-e2c30549d271@group-80D42DB64689: shutdown
2019-09-25 04:45:04,015 [main] INFO  util.JmxRegister (JmxRegister.java:unregister(73)) - Successfully un-registered JMX Bean with object name Ratis:service=RaftServer,group=group-440F611E4189,id=20057af8-ad38-476a-8ab5-e2c30549d271
2019-09-25 04:45:04,015 [ForkJoinPool.commonPool-worker-1] INFO  util.JmxRegister (JmxRegister.java:unregister(73)) - Successfully un-registered JMX Bean with object name Ratis:service=RaftServer,group=group-80D42DB64689,id=20057af8-ad38-476a-8ab5-e2c30549d271
2019-09-25 04:45:04,015 [main] INFO  impl.RoleInfo (RoleInfo.java:shutdownLeaderElection(134)) - 20057af8-ad38-476a-8ab5-e2c30549d271: shutdown LeaderElection
2019-09-25 04:45:04,015 [ForkJoinPool.commonPool-worker-1] INFO  impl.RoleInfo (RoleInfo.java:shutdownLeaderElection(134)) - 20057af8-ad38-476a-8ab5-e2c30549d271: shutdown LeaderElection
2019-09-25 04:45:04,016 [main] INFO  impl.StateMachineUpdater (StateMachineUpdater.java:stopAndJoin(125)) - 20057af8-ad38-476a-8ab5-e2c30549d271@group-440F611E4189-StateMachineUpdater: set stopIndex = -1
2019-09-25 04:45:04,016 [ForkJoinPool.commonPool-worker-1] INFO  impl.StateMachineUpdater (StateMachineUpdater.java:stopAndJoin(125)) - 20057af8-ad38-476a-8ab5-e2c30549d271@group-80D42DB64689-StateMachineUpdater: set stopIndex = -1
2019-09-25 04:45:04,016 [main] INFO  impl.RaftServerImpl (ServerState.java:close(385)) - 20057af8-ad38-476a-8ab5-e2c30549d271@group-440F611E4189: closes. applyIndex: -1
2019-09-25 04:45:04,017 [ForkJoinPool.commonPool-worker-1] INFO  impl.RaftServerImpl (ServerState.java:close(385)) - 20057af8-ad38-476a-8ab5-e2c30549d271@group-80D42DB64689: closes. applyIndex: -1
2019-09-25 04:45:04,017 [20057af8-ad38-476a-8ab5-e2c30549d271@group-440F611E4189-SegmentedRaftLogWorker] INFO  segmented.SegmentedRaftLogWorker (SegmentedRaftLogWorker.java:run(313)) - 20057af8-ad38-476a-8ab5-e2c30549d271@group-440F611E4189-SegmentedRaftLogWorker was interrupted, exiting. There are 0 tasks remaining in the queue.
2019-09-25 04:45:04,017 [20057af8-ad38-476a-8ab5-e2c30549d271@group-80D42DB64689-SegmentedRaftLogWorker] INFO  segmented.SegmentedRaftLogWorker (SegmentedRaftLogWorker.java:run(313)) - 20057af8-ad38-476a-8ab5-e2c30549d271@group-80D42DB64689-SegmentedRaftLogWorker was interrupted, exiting. There are 0 tasks remaining in the queue.
2019-09-25 04:45:04,017 [main] INFO  segmented.SegmentedRaftLogWorker (SegmentedRaftLogWorker.java:close(228)) - 20057af8-ad38-476a-8ab5-e2c30549d271@group-440F611E4189-SegmentedRaftLogWorker close()
2019-09-25 04:45:04,017 [ForkJoinPool.commonPool-worker-1] INFO  segmented.SegmentedRaftLogWorker (SegmentedRaftLogWorker.java:close(228)) - 20057af8-ad38-476a-8ab5-e2c30549d271@group-80D42DB64689-SegmentedRaftLogWorker close()
2019-09-25 04:45:04,022 [main] INFO  server.GrpcService (GrpcService.java:closeImpl(164)) - 20057af8-ad38-476a-8ab5-e2c30549d271: shutdown server with port 45594 now
2019-09-25 04:45:04,024 [main] INFO  server.GrpcService (GrpcService.java:closeImpl(172)) - 20057af8-ad38-476a-8ab5-e2c30549d271: shutdown server with port 45594 successfully
2019-09-25 04:45:07,270 [refreshUsed-/workdir/hadoop-ozone/integration-test/target/test-dir/MiniOzoneClusterImpl-35769ac5-a4ef-4df9-86f1-fb87f256fef7/datanode-5/data/containers] WARN  fs.CachingGetSpaceUsed (CachingGetSpaceUsed.java:run(183)) - Thread Interrupted waiting to refresh disk information: sleep interrupted
2019-09-25 04:45:07,288 [main] INFO  utils.BackgroundService (BackgroundService.java:shutdown(148)) - Shutting down service BlockDeletingService
2019-09-25 04:45:07,291 [main] INFO  statemachine.DatanodeStateMachine (DatanodeStateMachine.java:stopDaemon(395)) - Ozone container server stopped.
2019-09-25 04:45:07,292 [main] INFO  handler.ContextHandler (ContextHandler.java:doStop(910)) - Stopped o.e.j.w.WebAppContext@630bf683{/,null,UNAVAILABLE}{/hddsDatanode}
2019-09-25 04:45:07,293 [main] INFO  server.AbstractConnector (AbstractConnector.java:doStop(318)) - Stopped ServerConnector@22d322f5{HTTP/1.1,[http/1.1]}{0.0.0.0:0}
2019-09-25 04:45:07,293 [main] INFO  handler.ContextHandler (ContextHandler.java:doStop(910)) - Stopped o.e.j.s.ServletContextHandler@3e05586b{/static,jar:file:/home/user/.m2/repository/org/apache/hadoop/hadoop-hdds-container-service/0.5.0-SNAPSHOT/hadoop-hdds-container-service-0.5.0-SNAPSHOT.jar!/webapps/static,UNAVAILABLE}
2019-09-25 04:45:07,293 [main] INFO  handler.ContextHandler (ContextHandler.java:doStop(910)) - Stopped o.e.j.s.ServletContextHandler@23da79eb{/logs,file:///workdir/hadoop-ozone/integration-test/target/log,UNAVAILABLE}
2019-09-25 04:45:07,294 [main] INFO  ozone.MiniOzoneClusterImpl (MiniOzoneClusterImpl.java:stopSCM(392)) - Stopping the StorageContainerManager
2019-09-25 04:45:07,295 [main] INFO  server.StorageContainerManager (StorageContainerManager.java:stop(808)) - Stopping Replication Manager Service.
2019-09-25 04:45:07,295 [main] INFO  container.ReplicationManager (ReplicationManager.java:stop(203)) - Stopping Replication Monitor Thread.
2019-09-25 04:45:07,295 [main] INFO  server.StorageContainerManager (StorageContainerManager.java:stop(815)) - Stopping Lease Manager of the command watchers
2019-09-25 04:45:07,295 [main] INFO  server.StorageContainerManager (StorageContainerManager.java:stop(822)) - Stopping datanode service RPC server
2019-09-25 04:45:07,295 [main] INFO  server.SCMDatanodeProtocolServer (SCMDatanodeProtocolServer.java:stop(367)) - Stopping the RPC server for DataNodes
2019-09-25 04:45:07,295 [main] INFO  ipc.Server (Server.java:stop(3082)) - Stopping server on 36489
2019-09-25 04:45:07,297 [IPC Server listener on 36489] INFO  ipc.Server (Server.java:run(1185)) - Stopping IPC Server listener on 36489
2019-09-25 04:45:07,298 [IPC Server Responder] INFO  ipc.Server (Server.java:run(1319)) - Stopping IPC Server Responder
2019-09-25 04:45:07,378 [SCM Heartbeat Processing Thread - 0] WARN  node.NodeStateManager (NodeStateManager.java:scheduleNextHealthCheck(646)) - Current Thread is interrupted, shutting down HB processing thread for Node Manager.
2019-09-25 04:45:07,378 [main] INFO  server.StorageContainerManager (StorageContainerManager.java:stop(830)) - Stopping block service RPC server
2019-09-25 04:45:07,379 [main] INFO  server.SCMBlockProtocolServer (SCMBlockProtocolServer.java:stop(155)) - Stopping the RPC server for Block Protocol
2019-09-25 04:45:07,379 [main] INFO  ipc.Server (Server.java:stop(3082)) - Stopping server on 38535
2019-09-25 04:45:07,380 [IPC Server listener on 38535] INFO  ipc.Server (Server.java:run(1185)) - Stopping IPC Server listener on 38535
2019-09-25 04:45:07,381 [main] INFO  server.StorageContainerManager (StorageContainerManager.java:stop(837)) - Stopping the StorageContainerLocationProtocol RPC server
2019-09-25 04:45:07,382 [main] INFO  server.SCMClientProtocolServer (SCMClientProtocolServer.java:stop(159)) - Stopping the RPC server for Client Protocol
2019-09-25 04:45:07,382 [main] INFO  ipc.Server (Server.java:stop(3082)) - Stopping server on 43154
2019-09-25 04:45:07,382 [IPC Server Responder] INFO  ipc.Server (Server.java:run(1319)) - Stopping IPC Server Responder
2019-09-25 04:45:07,384 [IPC Server listener on 43154] INFO  ipc.Server (Server.java:run(1185)) - Stopping IPC Server listener on 43154
2019-09-25 04:45:07,384 [main] INFO  server.StorageContainerManager (StorageContainerManager.java:stop(844)) - Stopping Storage Container Manager HTTP server.
2019-09-25 04:45:07,385 [IPC Server Responder] INFO  ipc.Server (Server.java:run(1319)) - Stopping IPC Server Responder
2019-09-25 04:45:07,386 [main] INFO  handler.ContextHandler (ContextHandler.java:doStop(910)) - Stopped o.e.j.w.WebAppContext@2dbfcf7{/,null,UNAVAILABLE}{/scm}
2019-09-25 04:45:07,387 [main] INFO  server.AbstractConnector (AbstractConnector.java:doStop(318)) - Stopped ServerConnector@239f017e{HTTP/1.1,[http/1.1]}{0.0.0.0:0}
2019-09-25 04:45:07,387 [main] INFO  handler.ContextHandler (ContextHandler.java:doStop(910)) - Stopped o.e.j.s.ServletContextHandler@34c70b5e{/static,file:///workdir/hadoop-ozone/integration-test/target/test-classes/webapps/static,UNAVAILABLE}
2019-09-25 04:45:07,388 [main] INFO  handler.ContextHandler (ContextHandler.java:doStop(910)) - Stopped o.e.j.s.ServletContextHandler@bc6288b{/logs,file:///workdir/hadoop-ozone/integration-test/target/log,UNAVAILABLE}
2019-09-25 04:45:07,389 [main] INFO  server.StorageContainerManager (StorageContainerManager.java:stop(855)) - Stopping Block Manager Service.
2019-09-25 04:45:07,389 [main] INFO  utils.BackgroundService (BackgroundService.java:shutdown(148)) - Shutting down service SCMBlockDeletingService
2019-09-25 04:45:07,389 [main] INFO  utils.BackgroundService (BackgroundService.java:shutdown(148)) - Shutting down service SCMBlockDeletingService
2019-09-25 04:45:07,390 [main] INFO  server.StorageContainerManager (StorageContainerManager.java:stop(877)) - Stopping SCM Event Queue.
2019-09-25 04:45:07,393 [main] INFO  impl.MetricsSystemImpl (MetricsSystemImpl.java:stop(210)) - Stopping HddsDatanode metrics system...
2019-09-25 04:45:07,406 [main] INFO  impl.MetricsSystemImpl (MetricsSystemImpl.java:stop(216)) - HddsDatanode metrics system stopped.
]]></system-out>
  </testcase>
</testsuite>