<?xml version="1.0" encoding="UTF-8"?>
<testsuite xmlns:xsi="http://www.w3.org/2001/XMLSchema-instance" xsi:noNamespaceSchemaLocation="https://maven.apache.org/surefire/maven-surefire-plugin/xsd/surefire-test-report.xsd" name="org.apache.hadoop.ozone.client.rpc.TestWatchForCommit" time="460.75" tests="5" errors="3" skipped="0" failures="0">
  <properties>
    <property name="awt.toolkit" value="sun.awt.X11.XToolkit"/>
    <property name="file.encoding.pkg" value="sun.io"/>
    <property name="java.specification.version" value="1.8"/>
    <property name="sun.cpu.isalist" value=""/>
    <property name="sun.jnu.encoding" value="UTF-8"/>
    <property name="java.class.path" value="/workdir/hadoop-ozone/integration-test/target/test-classes:/workdir/hadoop-ozone/integration-test/target/classes:/home/user/.m2/repository/org/apache/hadoop/hadoop-ozone-common/0.5.0-SNAPSHOT/hadoop-ozone-common-0.5.0-SNAPSHOT.jar:/home/user/.m2/repository/org/apache/commons/commons-compress/1.4.1/commons-compress-1.4.1.jar:/home/user/.m2/repository/org/tukaani/xz/1.0/xz-1.0.jar:/home/user/.m2/repository/org/apache/hadoop/hadoop-common/3.2.0/hadoop-common-3.2.0.jar:/home/user/.m2/repository/org/apache/hadoop/hadoop-hdfs/3.2.0/hadoop-hdfs-3.2.0.jar:/home/user/.m2/repository/org/apache/hadoop/hadoop-hdfs-client/3.2.0/hadoop-hdfs-client-3.2.0.jar:/home/user/.m2/repository/com/fasterxml/jackson/core/jackson-annotations/2.9.9/jackson-annotations-2.9.9.jar:/home/user/.m2/repository/org/apache/hadoop/hadoop-hdds-common/0.5.0-SNAPSHOT/hadoop-hdds-common-0.5.0-SNAPSHOT.jar:/home/user/.m2/repository/javax/annotation/javax.annotation-api/1.2/javax.annotation-api-1.2.jar:/home/user/.m2/repository/org/apache/ratis/ratis-server/0.4.0/ratis-server-0.4.0.jar:/home/user/.m2/repository/org/apache/ratis/ratis-thirdparty-misc/0.2.0/ratis-thirdparty-misc-0.2.0.jar:/home/user/.m2/repository/org/apache/ratis/ratis-proto/0.4.0/ratis-proto-0.4.0.jar:/home/user/.m2/repository/org/apache/ratis/ratis-common/0.4.0/ratis-common-0.4.0.jar:/home/user/.m2/repository/org/apache/ratis/ratis-client/0.4.0/ratis-client-0.4.0.jar:/home/user/.m2/repository/org/apache/ratis/ratis-metrics/0.4.0/ratis-metrics-0.4.0.jar:/home/user/.m2/repository/com/github/joshelser/dropwizard-metrics-hadoop-metrics2-reporter/0.1.2/dropwizard-metrics-hadoop-metrics2-reporter-0.1.2.jar:/home/user/.m2/repository/io/dropwizard/metrics/metrics-jvm/3.2.5/metrics-jvm-3.2.5.jar:/home/user/.m2/repository/io/dropwizard/metrics/metrics-ganglia/3.2.5/metrics-ganglia-3.2.5.jar:/home/user/.m2/repository/info/ganglia/gmetric4j/gmetric4j/1.0.7/gmetric4j-1.0.7.jar:/home/user/.m2/repository/org/apache/ratis/ratis-netty/0.4.0/ratis-netty-0.4.0.jar:/home/user/.m2/repository/org/apache/ratis/ratis-grpc/0.4.0/ratis-grpc-0.4.0.jar:/home/user/.m2/repository/org/rocksdb/rocksdbjni/6.0.1/rocksdbjni-6.0.1.jar:/home/user/.m2/repository/org/apache/logging/log4j/log4j-api/2.11.0/log4j-api-2.11.0.jar:/home/user/.m2/repository/org/apache/logging/log4j/log4j-core/2.11.0/log4j-core-2.11.0.jar:/home/user/.m2/repository/com/lmax/disruptor/3.4.2/disruptor-3.4.2.jar:/home/user/.m2/repository/org/apache/commons/commons-pool2/2.6.0/commons-pool2-2.6.0.jar:/home/user/.m2/repository/org/bouncycastle/bcpkix-jdk15on/1.60/bcpkix-jdk15on-1.60.jar:/home/user/.m2/repository/commons-validator/commons-validator/1.6/commons-validator-1.6.jar:/home/user/.m2/repository/commons-digester/commons-digester/1.8.1/commons-digester-1.8.1.jar:/home/user/.m2/repository/io/jaegertracing/jaeger-client/0.34.0/jaeger-client-0.34.0.jar:/home/user/.m2/repository/io/jaegertracing/jaeger-thrift/0.34.0/jaeger-thrift-0.34.0.jar:/home/user/.m2/repository/org/apache/thrift/libthrift/0.12.0/libthrift-0.12.0.jar:/home/user/.m2/repository/com/squareup/okhttp3/okhttp/3.9.0/okhttp-3.9.0.jar:/home/user/.m2/repository/com/squareup/okio/okio/1.13.0/okio-1.13.0.jar:/home/user/.m2/repository/io/jaegertracing/jaeger-core/0.34.0/jaeger-core-0.34.0.jar:/home/user/.m2/repository/io/jaegertracing/jaeger-tracerresolver/0.34.0/jaeger-tracerresolver-0.34.0.jar:/home/user/.m2/repository/io/opentracing/contrib/opentracing-tracerresolver/0.1.5/opentracing-tracerresolver-0.1.5.jar:/home/user/.m2/repository/io/opentracing/opentracing-util/0.31.0/opentracing-util-0.31.0.jar:/home/user/.m2/repository/io/opentracing/opentracing-api/0.31.0/opentracing-api-0.31.0.jar:/home/user/.m2/repository/io/opentracing/opentracing-noop/0.31.0/opentracing-noop-0.31.0.jar:/home/user/.m2/repository/org/apache/hadoop/hadoop-hdds-server-framework/0.5.0-SNAPSHOT/hadoop-hdds-server-framework-0.5.0-SNAPSHOT.jar:/home/user/.m2/repository/org/apache/hadoop/hadoop-hdds-container-service/0.5.0-SNAPSHOT/hadoop-hdds-container-service-0.5.0-SNAPSHOT.jar:/home/user/.m2/repository/org/apache/hadoop/hadoop-hdds-client/0.5.0-SNAPSHOT/hadoop-hdds-client-0.5.0-SNAPSHOT.jar:/home/user/.m2/repository/org/apache/hadoop/hadoop-hdds-tools/0.5.0-SNAPSHOT/hadoop-hdds-tools-0.5.0-SNAPSHOT.jar:/home/user/.m2/repository/org/apache/hadoop/hadoop-hdds-server-scm/0.5.0-SNAPSHOT/hadoop-hdds-server-scm-0.5.0-SNAPSHOT.jar:/home/user/.m2/repository/org/apache/hadoop/hadoop-hdds-docs/0.5.0-SNAPSHOT/hadoop-hdds-docs-0.5.0-SNAPSHOT.jar:/home/user/.m2/repository/io/dropwizard/metrics/metrics-core/3.2.4/metrics-core-3.2.4.jar:/home/user/.m2/repository/org/hamcrest/hamcrest-all/1.3/hamcrest-all-1.3.jar:/home/user/.m2/repository/org/bouncycastle/bcprov-jdk15on/1.60/bcprov-jdk15on-1.60.jar:/home/user/.m2/repository/info/picocli/picocli/3.9.6/picocli-3.9.6.jar:/home/user/.m2/repository/com/google/protobuf/protobuf-java/2.5.0/protobuf-java-2.5.0.jar:/home/user/.m2/repository/com/google/guava/guava/11.0.2/guava-11.0.2.jar:/home/user/.m2/repository/org/apache/hadoop/hadoop-ozone-ozone-manager/0.5.0-SNAPSHOT/hadoop-ozone-ozone-manager-0.5.0-SNAPSHOT.jar:/home/user/.m2/repository/org/apache/hadoop/hadoop-minikdc/3.2.0/hadoop-minikdc-3.2.0.jar:/home/user/.m2/repository/commons-io/commons-io/2.5/commons-io-2.5.jar:/home/user/.m2/repository/org/apache/kerby/kerb-simplekdc/1.0.1/kerb-simplekdc-1.0.1.jar:/home/user/.m2/repository/org/apache/kerby/kerb-client/1.0.1/kerb-client-1.0.1.jar:/home/user/.m2/repository/org/apache/kerby/kerby-config/1.0.1/kerby-config-1.0.1.jar:/home/user/.m2/repository/org/apache/kerby/kerb-core/1.0.1/kerb-core-1.0.1.jar:/home/user/.m2/repository/org/apache/kerby/kerby-pkix/1.0.1/kerby-pkix-1.0.1.jar:/home/user/.m2/repository/org/apache/kerby/kerby-asn1/1.0.1/kerby-asn1-1.0.1.jar:/home/user/.m2/repository/org/apache/kerby/kerby-util/1.0.1/kerby-util-1.0.1.jar:/home/user/.m2/repository/org/apache/kerby/kerb-common/1.0.1/kerb-common-1.0.1.jar:/home/user/.m2/repository/org/apache/kerby/kerb-crypto/1.0.1/kerb-crypto-1.0.1.jar:/home/user/.m2/repository/org/apache/kerby/kerb-util/1.0.1/kerb-util-1.0.1.jar:/home/user/.m2/repository/org/apache/kerby/token-provider/1.0.1/token-provider-1.0.1.jar:/home/user/.m2/repository/org/apache/kerby/kerb-admin/1.0.1/kerb-admin-1.0.1.jar:/home/user/.m2/repository/org/apache/kerby/kerb-server/1.0.1/kerb-server-1.0.1.jar:/home/user/.m2/repository/org/apache/kerby/kerb-identity/1.0.1/kerb-identity-1.0.1.jar:/home/user/.m2/repository/org/apache/kerby/kerby-xdr/1.0.1/kerby-xdr-1.0.1.jar:/home/user/.m2/repository/org/slf4j/slf4j-log4j12/1.7.25/slf4j-log4j12-1.7.25.jar:/home/user/.m2/repository/org/apache/hadoop/hadoop-ozone-s3gateway/0.5.0-SNAPSHOT/hadoop-ozone-s3gateway-0.5.0-SNAPSHOT.jar:/home/user/.m2/repository/org/jboss/weld/servlet/weld-servlet/2.4.7.Final/weld-servlet-2.4.7.Final.jar:/home/user/.m2/repository/org/glassfish/jersey/containers/jersey-container-servlet-core/2.27/jersey-container-servlet-core-2.27.jar:/home/user/.m2/repository/org/glassfish/hk2/external/javax.inject/2.5.0-b42/javax.inject-2.5.0-b42.jar:/home/user/.m2/repository/org/glassfish/jersey/core/jersey-common/2.27/jersey-common-2.27.jar:/home/user/.m2/repository/org/glassfish/hk2/osgi-resource-locator/1.0.1/osgi-resource-locator-1.0.1.jar:/home/user/.m2/repository/javax/ws/rs/javax.ws.rs-api/2.1/javax.ws.rs-api-2.1.jar:/home/user/.m2/repository/org/glassfish/jersey/ext/cdi/jersey-cdi1x/2.27/jersey-cdi1x-2.27.jar:/home/user/.m2/repository/org/glassfish/jersey/inject/jersey-hk2/2.27/jersey-hk2-2.27.jar:/home/user/.m2/repository/org/glassfish/hk2/hk2-locator/2.5.0-b42/hk2-locator-2.5.0-b42.jar:/home/user/.m2/repository/org/javassist/javassist/3.22.0-CR2/javassist-3.22.0-CR2.jar:/home/user/.m2/repository/org/glassfish/hk2/hk2-api/2.5.0/hk2-api-2.5.0.jar:/home/user/.m2/repository/org/glassfish/hk2/external/jakarta.inject/2.5.0/jakarta.inject-2.5.0.jar:/home/user/.m2/repository/org/glassfish/hk2/hk2-utils/2.5.0/hk2-utils-2.5.0.jar:/home/user/.m2/repository/jakarta/annotation/jakarta.annotation-api/1.3.4/jakarta.annotation-api-1.3.4.jar:/home/user/.m2/repository/org/glassfish/hk2/external/aopalliance-repackaged/2.5.0/aopalliance-repackaged-2.5.0.jar:/home/user/.m2/repository/com/fasterxml/jackson/dataformat/jackson-dataformat-xml/2.9.0/jackson-dataformat-xml-2.9.0.jar:/home/user/.m2/repository/com/fasterxml/jackson/core/jackson-core/2.9.9/jackson-core-2.9.9.jar:/home/user/.m2/repository/com/fasterxml/jackson/module/jackson-module-jaxb-annotations/2.9.9/jackson-module-jaxb-annotations-2.9.9.jar:/home/user/.m2/repository/javax/enterprise/cdi-api/1.2/cdi-api-1.2.jar:/home/user/.m2/repository/javax/el/javax.el-api/3.0.0/javax.el-api-3.0.0.jar:/home/user/.m2/repository/javax/interceptor/javax.interceptor-api/1.2/javax.interceptor-api-1.2.jar:/home/user/.m2/repository/javax/inject/javax.inject/1/javax.inject-1.jar:/home/user/.m2/repository/com/sun/xml/bind/jaxb-impl/2.3.0.1/jaxb-impl-2.3.0.1.jar:/home/user/.m2/repository/com/sun/xml/bind/jaxb-core/2.3.0.1/jaxb-core-2.3.0.1.jar:/home/user/.m2/repository/javax/xml/bind/jaxb-api/2.3.0/jaxb-api-2.3.0.jar:/home/user/.m2/repository/javax/activation/activation/1.1.1/activation-1.1.1.jar:/home/user/.m2/repository/org/apache/hadoop/hadoop-ozone-csi/0.5.0-SNAPSHOT/hadoop-ozone-csi-0.5.0-SNAPSHOT.jar:/home/user/.m2/repository/com/google/protobuf/protobuf-java-util/3.5.1/protobuf-java-util-3.5.1.jar:/home/user/.m2/repository/org/apache/hadoop/hadoop-hdds-config/0.5.0-SNAPSHOT/hadoop-hdds-config-0.5.0-SNAPSHOT.jar:/home/user/.m2/repository/io/grpc/grpc-netty/1.17.1/grpc-netty-1.17.1.jar:/home/user/.m2/repository/io/grpc/grpc-core/1.17.1/grpc-core-1.17.1.jar:/home/user/.m2/repository/io/grpc/grpc-context/1.17.1/grpc-context-1.17.1.jar:/home/user/.m2/repository/com/google/errorprone/error_prone_annotations/2.2.0/error_prone_annotations-2.2.0.jar:/home/user/.m2/repository/org/codehaus/mojo/animal-sniffer-annotations/1.17/animal-sniffer-annotations-1.17.jar:/home/user/.m2/repository/io/opencensus/opencensus-api/0.17.0/opencensus-api-0.17.0.jar:/home/user/.m2/repository/io/opencensus/opencensus-contrib-grpc-metrics/0.17.0/opencensus-contrib-grpc-metrics-0.17.0.jar:/home/user/.m2/repository/io/netty/netty-codec-http2/4.1.30.Final/netty-codec-http2-4.1.30.Final.jar:/home/user/.m2/repository/io/netty/netty-codec-http/4.1.30.Final/netty-codec-http-4.1.30.Final.jar:/home/user/.m2/repository/io/netty/netty-codec/4.1.30.Final/netty-codec-4.1.30.Final.jar:/home/user/.m2/repository/io/netty/netty-handler/4.1.30.Final/netty-handler-4.1.30.Final.jar:/home/user/.m2/repository/io/netty/netty-handler-proxy/4.1.30.Final/netty-handler-proxy-4.1.30.Final.jar:/home/user/.m2/repository/io/netty/netty-codec-socks/4.1.30.Final/netty-codec-socks-4.1.30.Final.jar:/home/user/.m2/repository/io/netty/netty-transport-native-epoll/4.1.30.Final/netty-transport-native-epoll-4.1.30.Final.jar:/home/user/.m2/repository/io/netty/netty-common/4.1.30.Final/netty-common-4.1.30.Final.jar:/home/user/.m2/repository/io/netty/netty-buffer/4.1.30.Final/netty-buffer-4.1.30.Final.jar:/home/user/.m2/repository/io/netty/netty-transport/4.1.30.Final/netty-transport-4.1.30.Final.jar:/home/user/.m2/repository/io/netty/netty-resolver/4.1.30.Final/netty-resolver-4.1.30.Final.jar:/home/user/.m2/repository/io/netty/netty-transport-native-unix-common/4.1.30.Final/netty-transport-native-unix-common-4.1.30.Final.jar:/home/user/.m2/repository/io/grpc/grpc-protobuf/1.17.1/grpc-protobuf-1.17.1.jar:/home/user/.m2/repository/com/google/api/grpc/proto-google-common-protos/1.0.0/proto-google-common-protos-1.0.0.jar:/home/user/.m2/repository/io/grpc/grpc-protobuf-lite/1.17.1/grpc-protobuf-lite-1.17.1.jar:/home/user/.m2/repository/io/grpc/grpc-stub/1.17.1/grpc-stub-1.17.1.jar:/home/user/.m2/repository/org/apache/hadoop/hadoop-ozone-recon/0.5.0-SNAPSHOT/hadoop-ozone-recon-0.5.0-SNAPSHOT.jar:/home/user/.m2/repository/org/apache/hadoop/hadoop-ozone-reconcodegen/0.5.0-SNAPSHOT/hadoop-ozone-reconcodegen-0.5.0-SNAPSHOT.jar:/home/user/.m2/repository/com/google/inject/extensions/guice-multibindings/4.0/guice-multibindings-4.0.jar:/home/user/.m2/repository/com/google/inject/guice/4.0/guice-4.0.jar:/home/user/.m2/repository/aopalliance/aopalliance/1.0/aopalliance-1.0.jar:/home/user/.m2/repository/com/google/inject/extensions/guice-servlet/4.0/guice-servlet-4.0.jar:/home/user/.m2/repository/org/glassfish/jersey/containers/jersey-container-servlet/2.27/jersey-container-servlet-2.27.jar:/home/user/.m2/repository/org/glassfish/hk2/guice-bridge/2.5.0/guice-bridge-2.5.0.jar:/home/user/.m2/repository/org/glassfish/jersey/core/jersey-server/2.27/jersey-server-2.27.jar:/home/user/.m2/repository/org/glassfish/jersey/core/jersey-client/2.27/jersey-client-2.27.jar:/home/user/.m2/repository/org/glassfish/jersey/media/jersey-media-jaxb/2.27/jersey-media-jaxb-2.27.jar:/home/user/.m2/repository/javax/validation/validation-api/1.1.0.Final/validation-api-1.1.0.Final.jar:/home/user/.m2/repository/org/glassfish/jersey/media/jersey-media-json-jackson/2.27/jersey-media-json-jackson-2.27.jar:/home/user/.m2/repository/org/glassfish/jersey/ext/jersey-entity-filtering/2.27/jersey-entity-filtering-2.27.jar:/home/user/.m2/repository/com/google/inject/extensions/guice-assistedinject/4.0/guice-assistedinject-4.0.jar:/home/user/.m2/repository/org/jooq/jooq/3.11.10/jooq-3.11.10.jar:/home/user/.m2/repository/org/jooq/jooq-meta/3.11.10/jooq-meta-3.11.10.jar:/home/user/.m2/repository/org/jooq/jooq-codegen/3.11.10/jooq-codegen-3.11.10.jar:/home/user/.m2/repository/com/jolbox/bonecp/0.8.0.RELEASE/bonecp-0.8.0.RELEASE.jar:/home/user/.m2/repository/org/xerial/sqlite-jdbc/3.25.2/sqlite-jdbc-3.25.2.jar:/home/user/.m2/repository/org/springframework/spring-jdbc/5.1.3.RELEASE/spring-jdbc-5.1.3.RELEASE.jar:/home/user/.m2/repository/org/springframework/spring-beans/5.1.3.RELEASE/spring-beans-5.1.3.RELEASE.jar:/home/user/.m2/repository/org/springframework/spring-core/5.1.3.RELEASE/spring-core-5.1.3.RELEASE.jar:/home/user/.m2/repository/org/springframework/spring-jcl/5.1.3.RELEASE/spring-jcl-5.1.3.RELEASE.jar:/home/user/.m2/repository/org/springframework/spring-tx/5.1.3.RELEASE/spring-tx-5.1.3.RELEASE.jar:/home/user/.m2/repository/org/apache/hadoop/hadoop-ozone-client/0.5.0-SNAPSHOT/hadoop-ozone-client-0.5.0-SNAPSHOT.jar:/home/user/.m2/repository/commons-lang/commons-lang/2.6/commons-lang-2.6.jar:/home/user/.m2/repository/org/apache/hadoop/hadoop-ozone-ozone-manager/0.5.0-SNAPSHOT/hadoop-ozone-ozone-manager-0.5.0-SNAPSHOT-tests.jar:/home/user/.m2/repository/junit/junit/4.11/junit-4.11.jar:/home/user/.m2/repository/org/hamcrest/hamcrest-core/1.3/hamcrest-core-1.3.jar:/home/user/.m2/repository/org/openjdk/jmh/jmh-core/1.19/jmh-core-1.19.jar:/home/user/.m2/repository/net/sf/jopt-simple/jopt-simple/4.6/jopt-simple-4.6.jar:/home/user/.m2/repository/org/apache/commons/commons-math3/3.1.1/commons-math3-3.1.1.jar:/home/user/.m2/repository/org/openjdk/jmh/jmh-generator-annprocess/1.19/jmh-generator-annprocess-1.19.jar:/home/user/.m2/repository/org/mockito/mockito-all/1.8.5/mockito-all-1.8.5.jar:/home/user/.m2/repository/org/apache/hadoop/hadoop-kms/3.2.0/hadoop-kms-3.2.0.jar:/home/user/.m2/repository/org/apache/hadoop/hadoop-auth/3.2.0/hadoop-auth-3.2.0.jar:/home/user/.m2/repository/com/nimbusds/nimbus-jose-jwt/4.41.1/nimbus-jose-jwt-4.41.1.jar:/home/user/.m2/repository/com/github/stephenc/jcip/jcip-annotations/1.0-1/jcip-annotations-1.0-1.jar:/home/user/.m2/repository/net/minidev/json-smart/2.3/json-smart-2.3.jar:/home/user/.m2/repository/net/minidev/accessors-smart/1.2/accessors-smart-1.2.jar:/home/user/.m2/repository/org/ow2/asm/asm/5.0.4/asm-5.0.4.jar:/home/user/.m2/repository/org/apache/curator/curator-framework/2.12.0/curator-framework-2.12.0.jar:/home/user/.m2/repository/com/sun/jersey/jersey-core/1.19/jersey-core-1.19.jar:/home/user/.m2/repository/javax/ws/rs/jsr311-api/1.1.1/jsr311-api-1.1.1.jar:/home/user/.m2/repository/com/sun/jersey/jersey-server/1.19/jersey-server-1.19.jar:/home/user/.m2/repository/javax/servlet/javax.servlet-api/3.1.0/javax.servlet-api-3.1.0.jar:/home/user/.m2/repository/org/eclipse/jetty/jetty-server/9.3.25.v20180904/jetty-server-9.3.25.v20180904.jar:/home/user/.m2/repository/org/eclipse/jetty/jetty-http/9.3.25.v20180904/jetty-http-9.3.25.v20180904.jar:/home/user/.m2/repository/org/eclipse/jetty/jetty-io/9.3.25.v20180904/jetty-io-9.3.25.v20180904.jar:/home/user/.m2/repository/org/eclipse/jetty/jetty-webapp/9.3.25.v20180904/jetty-webapp-9.3.25.v20180904.jar:/home/user/.m2/repository/org/eclipse/jetty/jetty-xml/9.3.25.v20180904/jetty-xml-9.3.25.v20180904.jar:/home/user/.m2/repository/log4j/log4j/1.2.17/log4j-1.2.17.jar:/home/user/.m2/repository/org/slf4j/slf4j-api/1.7.25/slf4j-api-1.7.25.jar:/home/user/.m2/repository/org/slf4j/jul-to-slf4j/1.7.25/jul-to-slf4j-1.7.25.jar:/home/user/.m2/repository/org/eclipse/jetty/jetty-util/9.3.25.v20180904/jetty-util-9.3.25.v20180904.jar:/home/user/.m2/repository/com/fasterxml/jackson/core/jackson-databind/2.9.9/jackson-databind-2.9.9.jar:/home/user/.m2/repository/org/apache/hadoop/hadoop-kms/3.2.0/hadoop-kms-3.2.0-tests.jar:/home/user/.m2/repository/org/apache/hadoop/hadoop-hdds-server-scm/0.5.0-SNAPSHOT/hadoop-hdds-server-scm-0.5.0-SNAPSHOT-tests.jar:/home/user/.m2/repository/org/apache/hadoop/hadoop-hdds-container-service/0.5.0-SNAPSHOT/hadoop-hdds-container-service-0.5.0-SNAPSHOT-tests.jar:/home/user/.m2/repository/org/yaml/snakeyaml/1.16/snakeyaml-1.16.jar:/home/user/.m2/repository/org/apache/hadoop/hadoop-common/3.2.0/hadoop-common-3.2.0-tests.jar:/home/user/.m2/repository/org/apache/hadoop/hadoop-annotations/3.2.0/hadoop-annotations-3.2.0.jar:/usr/lib/jvm/java-1.8-openjdk/jre/../lib/tools.jar:/home/user/.m2/repository/commons-cli/commons-cli/1.2/commons-cli-1.2.jar:/home/user/.m2/repository/org/apache/httpcomponents/httpclient/4.5.2/httpclient-4.5.2.jar:/home/user/.m2/repository/org/apache/httpcomponents/httpcore/4.4.4/httpcore-4.4.4.jar:/home/user/.m2/repository/commons-codec/commons-codec/1.11/commons-codec-1.11.jar:/home/user/.m2/repository/commons-net/commons-net/3.6/commons-net-3.6.jar:/home/user/.m2/repository/commons-collections/commons-collections/3.2.2/commons-collections-3.2.2.jar:/home/user/.m2/repository/org/eclipse/jetty/jetty-servlet/9.3.25.v20180904/jetty-servlet-9.3.25.v20180904.jar:/home/user/.m2/repository/org/eclipse/jetty/jetty-security/9.3.25.v20180904/jetty-security-9.3.25.v20180904.jar:/home/user/.m2/repository/javax/servlet/jsp/jsp-api/2.1/jsp-api-2.1.jar:/home/user/.m2/repository/com/sun/jersey/jersey-servlet/1.19/jersey-servlet-1.19.jar:/home/user/.m2/repository/com/sun/jersey/jersey-json/1.19/jersey-json-1.19.jar:/home/user/.m2/repository/org/codehaus/jettison/jettison/1.1/jettison-1.1.jar:/home/user/.m2/repository/org/codehaus/jackson/jackson-core-asl/1.9.13/jackson-core-asl-1.9.13.jar:/home/user/.m2/repository/org/codehaus/jackson/jackson-mapper-asl/1.9.13/jackson-mapper-asl-1.9.13.jar:/home/user/.m2/repository/org/codehaus/jackson/jackson-jaxrs/1.9.13/jackson-jaxrs-1.9.13.jar:/home/user/.m2/repository/org/codehaus/jackson/jackson-xc/1.9.13/jackson-xc-1.9.13.jar:/home/user/.m2/repository/commons-logging/commons-logging/1.1.3/commons-logging-1.1.3.jar:/home/user/.m2/repository/commons-beanutils/commons-beanutils/1.9.4/commons-beanutils-1.9.4.jar:/home/user/.m2/repository/org/apache/commons/commons-configuration2/2.1.1/commons-configuration2-2.1.1.jar:/home/user/.m2/repository/org/apache/commons/commons-lang3/3.7/commons-lang3-3.7.jar:/home/user/.m2/repository/org/apache/commons/commons-text/1.4/commons-text-1.4.jar:/home/user/.m2/repository/org/apache/avro/avro/1.7.7/avro-1.7.7.jar:/home/user/.m2/repository/com/thoughtworks/paranamer/paranamer/2.3/paranamer-2.3.jar:/home/user/.m2/repository/org/xerial/snappy/snappy-java/1.0.5/snappy-java-1.0.5.jar:/home/user/.m2/repository/com/google/re2j/re2j/1.1/re2j-1.1.jar:/home/user/.m2/repository/com/google/code/gson/gson/2.2.4/gson-2.2.4.jar:/home/user/.m2/repository/com/jcraft/jsch/0.1.54/jsch-0.1.54.jar:/home/user/.m2/repository/org/apache/curator/curator-client/2.12.0/curator-client-2.12.0.jar:/home/user/.m2/repository/org/apache/curator/curator-recipes/2.12.0/curator-recipes-2.12.0.jar:/home/user/.m2/repository/com/google/code/findbugs/jsr305/3.0.0/jsr305-3.0.0.jar:/home/user/.m2/repository/org/apache/htrace/htrace-core4/4.1.0-incubating/htrace-core4-4.1.0-incubating.jar:/home/user/.m2/repository/org/apache/zookeeper/zookeeper/3.4.13/zookeeper-3.4.13.jar:/home/user/.m2/repository/jline/jline/0.9.94/jline-0.9.94.jar:/home/user/.m2/repository/org/apache/yetus/audience-annotations/0.5.0/audience-annotations-0.5.0.jar:/home/user/.m2/repository/org/codehaus/woodstox/stax2-api/3.1.4/stax2-api-3.1.4.jar:/home/user/.m2/repository/com/fasterxml/woodstox/woodstox-core/5.0.3/woodstox-core-5.0.3.jar:/home/user/.m2/repository/dnsjava/dnsjava/2.1.7/dnsjava-2.1.7.jar:/home/user/.m2/repository/org/apache/hadoop/hadoop-hdfs/3.2.0/hadoop-hdfs-3.2.0-tests.jar:/home/user/.m2/repository/org/eclipse/jetty/jetty-util-ajax/9.3.25.v20180904/jetty-util-ajax-9.3.25.v20180904.jar:/home/user/.m2/repository/commons-daemon/commons-daemon/1.0.13/commons-daemon-1.0.13.jar:/home/user/.m2/repository/io/netty/netty/3.10.5.Final/netty-3.10.5.Final.jar:/home/user/.m2/repository/io/netty/netty-all/4.0.52.Final/netty-all-4.0.52.Final.jar:/home/user/.m2/repository/org/fusesource/leveldbjni/leveldbjni-all/1.8/leveldbjni-all-1.8.jar:"/>
    <property name="java.vm.vendor" value="IcedTea"/>
    <property name="sun.arch.data.model" value="64"/>
    <property name="test.build.dir" value="/workdir/hadoop-ozone/integration-test/target/test-dir"/>
    <property name="test.cache.data" value=""/>
    <property name="java.vendor.url" value="https://icedtea.classpath.org"/>
    <property name="user.timezone" value=""/>
    <property name="java.vm.specification.version" value="1.8"/>
    <property name="os.name" value="Linux"/>
    <property name="test.build.data" value="/workdir/hadoop-ozone/integration-test/target/test-dir"/>
    <property name="user.country" value="US"/>
    <property name="sun.java.launcher" value="SUN_STANDARD"/>
    <property name="sun.boot.library.path" value="/usr/lib/jvm/java-1.8-openjdk/jre/lib/amd64"/>
    <property name="sun.java.command" value="/workdir/hadoop-ozone/integration-test/target/surefire/surefirebooter3486457856780820454.jar /workdir/hadoop-ozone/integration-test/target/surefire 2019-09-25T04-24-54_173-jvmRun1 surefire2320229255136578078tmp surefire_187076062620838950698tmp"/>
    <property name="test" value="!TestMiniChaosOzoneCluster"/>
    <property name="surefire.test.class.path" value="/workdir/hadoop-ozone/integration-test/target/test-classes:/workdir/hadoop-ozone/integration-test/target/classes:/home/user/.m2/repository/org/apache/hadoop/hadoop-ozone-common/0.5.0-SNAPSHOT/hadoop-ozone-common-0.5.0-SNAPSHOT.jar:/home/user/.m2/repository/org/apache/commons/commons-compress/1.4.1/commons-compress-1.4.1.jar:/home/user/.m2/repository/org/tukaani/xz/1.0/xz-1.0.jar:/home/user/.m2/repository/org/apache/hadoop/hadoop-common/3.2.0/hadoop-common-3.2.0.jar:/home/user/.m2/repository/org/apache/hadoop/hadoop-hdfs/3.2.0/hadoop-hdfs-3.2.0.jar:/home/user/.m2/repository/org/apache/hadoop/hadoop-hdfs-client/3.2.0/hadoop-hdfs-client-3.2.0.jar:/home/user/.m2/repository/com/fasterxml/jackson/core/jackson-annotations/2.9.9/jackson-annotations-2.9.9.jar:/home/user/.m2/repository/org/apache/hadoop/hadoop-hdds-common/0.5.0-SNAPSHOT/hadoop-hdds-common-0.5.0-SNAPSHOT.jar:/home/user/.m2/repository/javax/annotation/javax.annotation-api/1.2/javax.annotation-api-1.2.jar:/home/user/.m2/repository/org/apache/ratis/ratis-server/0.4.0/ratis-server-0.4.0.jar:/home/user/.m2/repository/org/apache/ratis/ratis-thirdparty-misc/0.2.0/ratis-thirdparty-misc-0.2.0.jar:/home/user/.m2/repository/org/apache/ratis/ratis-proto/0.4.0/ratis-proto-0.4.0.jar:/home/user/.m2/repository/org/apache/ratis/ratis-common/0.4.0/ratis-common-0.4.0.jar:/home/user/.m2/repository/org/apache/ratis/ratis-client/0.4.0/ratis-client-0.4.0.jar:/home/user/.m2/repository/org/apache/ratis/ratis-metrics/0.4.0/ratis-metrics-0.4.0.jar:/home/user/.m2/repository/com/github/joshelser/dropwizard-metrics-hadoop-metrics2-reporter/0.1.2/dropwizard-metrics-hadoop-metrics2-reporter-0.1.2.jar:/home/user/.m2/repository/io/dropwizard/metrics/metrics-jvm/3.2.5/metrics-jvm-3.2.5.jar:/home/user/.m2/repository/io/dropwizard/metrics/metrics-ganglia/3.2.5/metrics-ganglia-3.2.5.jar:/home/user/.m2/repository/info/ganglia/gmetric4j/gmetric4j/1.0.7/gmetric4j-1.0.7.jar:/home/user/.m2/repository/org/apache/ratis/ratis-netty/0.4.0/ratis-netty-0.4.0.jar:/home/user/.m2/repository/org/apache/ratis/ratis-grpc/0.4.0/ratis-grpc-0.4.0.jar:/home/user/.m2/repository/org/rocksdb/rocksdbjni/6.0.1/rocksdbjni-6.0.1.jar:/home/user/.m2/repository/org/apache/logging/log4j/log4j-api/2.11.0/log4j-api-2.11.0.jar:/home/user/.m2/repository/org/apache/logging/log4j/log4j-core/2.11.0/log4j-core-2.11.0.jar:/home/user/.m2/repository/com/lmax/disruptor/3.4.2/disruptor-3.4.2.jar:/home/user/.m2/repository/org/apache/commons/commons-pool2/2.6.0/commons-pool2-2.6.0.jar:/home/user/.m2/repository/org/bouncycastle/bcpkix-jdk15on/1.60/bcpkix-jdk15on-1.60.jar:/home/user/.m2/repository/commons-validator/commons-validator/1.6/commons-validator-1.6.jar:/home/user/.m2/repository/commons-digester/commons-digester/1.8.1/commons-digester-1.8.1.jar:/home/user/.m2/repository/io/jaegertracing/jaeger-client/0.34.0/jaeger-client-0.34.0.jar:/home/user/.m2/repository/io/jaegertracing/jaeger-thrift/0.34.0/jaeger-thrift-0.34.0.jar:/home/user/.m2/repository/org/apache/thrift/libthrift/0.12.0/libthrift-0.12.0.jar:/home/user/.m2/repository/com/squareup/okhttp3/okhttp/3.9.0/okhttp-3.9.0.jar:/home/user/.m2/repository/com/squareup/okio/okio/1.13.0/okio-1.13.0.jar:/home/user/.m2/repository/io/jaegertracing/jaeger-core/0.34.0/jaeger-core-0.34.0.jar:/home/user/.m2/repository/io/jaegertracing/jaeger-tracerresolver/0.34.0/jaeger-tracerresolver-0.34.0.jar:/home/user/.m2/repository/io/opentracing/contrib/opentracing-tracerresolver/0.1.5/opentracing-tracerresolver-0.1.5.jar:/home/user/.m2/repository/io/opentracing/opentracing-util/0.31.0/opentracing-util-0.31.0.jar:/home/user/.m2/repository/io/opentracing/opentracing-api/0.31.0/opentracing-api-0.31.0.jar:/home/user/.m2/repository/io/opentracing/opentracing-noop/0.31.0/opentracing-noop-0.31.0.jar:/home/user/.m2/repository/org/apache/hadoop/hadoop-hdds-server-framework/0.5.0-SNAPSHOT/hadoop-hdds-server-framework-0.5.0-SNAPSHOT.jar:/home/user/.m2/repository/org/apache/hadoop/hadoop-hdds-container-service/0.5.0-SNAPSHOT/hadoop-hdds-container-service-0.5.0-SNAPSHOT.jar:/home/user/.m2/repository/org/apache/hadoop/hadoop-hdds-client/0.5.0-SNAPSHOT/hadoop-hdds-client-0.5.0-SNAPSHOT.jar:/home/user/.m2/repository/org/apache/hadoop/hadoop-hdds-tools/0.5.0-SNAPSHOT/hadoop-hdds-tools-0.5.0-SNAPSHOT.jar:/home/user/.m2/repository/org/apache/hadoop/hadoop-hdds-server-scm/0.5.0-SNAPSHOT/hadoop-hdds-server-scm-0.5.0-SNAPSHOT.jar:/home/user/.m2/repository/org/apache/hadoop/hadoop-hdds-docs/0.5.0-SNAPSHOT/hadoop-hdds-docs-0.5.0-SNAPSHOT.jar:/home/user/.m2/repository/io/dropwizard/metrics/metrics-core/3.2.4/metrics-core-3.2.4.jar:/home/user/.m2/repository/org/hamcrest/hamcrest-all/1.3/hamcrest-all-1.3.jar:/home/user/.m2/repository/org/bouncycastle/bcprov-jdk15on/1.60/bcprov-jdk15on-1.60.jar:/home/user/.m2/repository/info/picocli/picocli/3.9.6/picocli-3.9.6.jar:/home/user/.m2/repository/com/google/protobuf/protobuf-java/2.5.0/protobuf-java-2.5.0.jar:/home/user/.m2/repository/com/google/guava/guava/11.0.2/guava-11.0.2.jar:/home/user/.m2/repository/org/apache/hadoop/hadoop-ozone-ozone-manager/0.5.0-SNAPSHOT/hadoop-ozone-ozone-manager-0.5.0-SNAPSHOT.jar:/home/user/.m2/repository/org/apache/hadoop/hadoop-minikdc/3.2.0/hadoop-minikdc-3.2.0.jar:/home/user/.m2/repository/commons-io/commons-io/2.5/commons-io-2.5.jar:/home/user/.m2/repository/org/apache/kerby/kerb-simplekdc/1.0.1/kerb-simplekdc-1.0.1.jar:/home/user/.m2/repository/org/apache/kerby/kerb-client/1.0.1/kerb-client-1.0.1.jar:/home/user/.m2/repository/org/apache/kerby/kerby-config/1.0.1/kerby-config-1.0.1.jar:/home/user/.m2/repository/org/apache/kerby/kerb-core/1.0.1/kerb-core-1.0.1.jar:/home/user/.m2/repository/org/apache/kerby/kerby-pkix/1.0.1/kerby-pkix-1.0.1.jar:/home/user/.m2/repository/org/apache/kerby/kerby-asn1/1.0.1/kerby-asn1-1.0.1.jar:/home/user/.m2/repository/org/apache/kerby/kerby-util/1.0.1/kerby-util-1.0.1.jar:/home/user/.m2/repository/org/apache/kerby/kerb-common/1.0.1/kerb-common-1.0.1.jar:/home/user/.m2/repository/org/apache/kerby/kerb-crypto/1.0.1/kerb-crypto-1.0.1.jar:/home/user/.m2/repository/org/apache/kerby/kerb-util/1.0.1/kerb-util-1.0.1.jar:/home/user/.m2/repository/org/apache/kerby/token-provider/1.0.1/token-provider-1.0.1.jar:/home/user/.m2/repository/org/apache/kerby/kerb-admin/1.0.1/kerb-admin-1.0.1.jar:/home/user/.m2/repository/org/apache/kerby/kerb-server/1.0.1/kerb-server-1.0.1.jar:/home/user/.m2/repository/org/apache/kerby/kerb-identity/1.0.1/kerb-identity-1.0.1.jar:/home/user/.m2/repository/org/apache/kerby/kerby-xdr/1.0.1/kerby-xdr-1.0.1.jar:/home/user/.m2/repository/org/slf4j/slf4j-log4j12/1.7.25/slf4j-log4j12-1.7.25.jar:/home/user/.m2/repository/org/apache/hadoop/hadoop-ozone-s3gateway/0.5.0-SNAPSHOT/hadoop-ozone-s3gateway-0.5.0-SNAPSHOT.jar:/home/user/.m2/repository/org/jboss/weld/servlet/weld-servlet/2.4.7.Final/weld-servlet-2.4.7.Final.jar:/home/user/.m2/repository/org/glassfish/jersey/containers/jersey-container-servlet-core/2.27/jersey-container-servlet-core-2.27.jar:/home/user/.m2/repository/org/glassfish/hk2/external/javax.inject/2.5.0-b42/javax.inject-2.5.0-b42.jar:/home/user/.m2/repository/org/glassfish/jersey/core/jersey-common/2.27/jersey-common-2.27.jar:/home/user/.m2/repository/org/glassfish/hk2/osgi-resource-locator/1.0.1/osgi-resource-locator-1.0.1.jar:/home/user/.m2/repository/javax/ws/rs/javax.ws.rs-api/2.1/javax.ws.rs-api-2.1.jar:/home/user/.m2/repository/org/glassfish/jersey/ext/cdi/jersey-cdi1x/2.27/jersey-cdi1x-2.27.jar:/home/user/.m2/repository/org/glassfish/jersey/inject/jersey-hk2/2.27/jersey-hk2-2.27.jar:/home/user/.m2/repository/org/glassfish/hk2/hk2-locator/2.5.0-b42/hk2-locator-2.5.0-b42.jar:/home/user/.m2/repository/org/javassist/javassist/3.22.0-CR2/javassist-3.22.0-CR2.jar:/home/user/.m2/repository/org/glassfish/hk2/hk2-api/2.5.0/hk2-api-2.5.0.jar:/home/user/.m2/repository/org/glassfish/hk2/external/jakarta.inject/2.5.0/jakarta.inject-2.5.0.jar:/home/user/.m2/repository/org/glassfish/hk2/hk2-utils/2.5.0/hk2-utils-2.5.0.jar:/home/user/.m2/repository/jakarta/annotation/jakarta.annotation-api/1.3.4/jakarta.annotation-api-1.3.4.jar:/home/user/.m2/repository/org/glassfish/hk2/external/aopalliance-repackaged/2.5.0/aopalliance-repackaged-2.5.0.jar:/home/user/.m2/repository/com/fasterxml/jackson/dataformat/jackson-dataformat-xml/2.9.0/jackson-dataformat-xml-2.9.0.jar:/home/user/.m2/repository/com/fasterxml/jackson/core/jackson-core/2.9.9/jackson-core-2.9.9.jar:/home/user/.m2/repository/com/fasterxml/jackson/module/jackson-module-jaxb-annotations/2.9.9/jackson-module-jaxb-annotations-2.9.9.jar:/home/user/.m2/repository/javax/enterprise/cdi-api/1.2/cdi-api-1.2.jar:/home/user/.m2/repository/javax/el/javax.el-api/3.0.0/javax.el-api-3.0.0.jar:/home/user/.m2/repository/javax/interceptor/javax.interceptor-api/1.2/javax.interceptor-api-1.2.jar:/home/user/.m2/repository/javax/inject/javax.inject/1/javax.inject-1.jar:/home/user/.m2/repository/com/sun/xml/bind/jaxb-impl/2.3.0.1/jaxb-impl-2.3.0.1.jar:/home/user/.m2/repository/com/sun/xml/bind/jaxb-core/2.3.0.1/jaxb-core-2.3.0.1.jar:/home/user/.m2/repository/javax/xml/bind/jaxb-api/2.3.0/jaxb-api-2.3.0.jar:/home/user/.m2/repository/javax/activation/activation/1.1.1/activation-1.1.1.jar:/home/user/.m2/repository/org/apache/hadoop/hadoop-ozone-csi/0.5.0-SNAPSHOT/hadoop-ozone-csi-0.5.0-SNAPSHOT.jar:/home/user/.m2/repository/com/google/protobuf/protobuf-java-util/3.5.1/protobuf-java-util-3.5.1.jar:/home/user/.m2/repository/org/apache/hadoop/hadoop-hdds-config/0.5.0-SNAPSHOT/hadoop-hdds-config-0.5.0-SNAPSHOT.jar:/home/user/.m2/repository/io/grpc/grpc-netty/1.17.1/grpc-netty-1.17.1.jar:/home/user/.m2/repository/io/grpc/grpc-core/1.17.1/grpc-core-1.17.1.jar:/home/user/.m2/repository/io/grpc/grpc-context/1.17.1/grpc-context-1.17.1.jar:/home/user/.m2/repository/com/google/errorprone/error_prone_annotations/2.2.0/error_prone_annotations-2.2.0.jar:/home/user/.m2/repository/org/codehaus/mojo/animal-sniffer-annotations/1.17/animal-sniffer-annotations-1.17.jar:/home/user/.m2/repository/io/opencensus/opencensus-api/0.17.0/opencensus-api-0.17.0.jar:/home/user/.m2/repository/io/opencensus/opencensus-contrib-grpc-metrics/0.17.0/opencensus-contrib-grpc-metrics-0.17.0.jar:/home/user/.m2/repository/io/netty/netty-codec-http2/4.1.30.Final/netty-codec-http2-4.1.30.Final.jar:/home/user/.m2/repository/io/netty/netty-codec-http/4.1.30.Final/netty-codec-http-4.1.30.Final.jar:/home/user/.m2/repository/io/netty/netty-codec/4.1.30.Final/netty-codec-4.1.30.Final.jar:/home/user/.m2/repository/io/netty/netty-handler/4.1.30.Final/netty-handler-4.1.30.Final.jar:/home/user/.m2/repository/io/netty/netty-handler-proxy/4.1.30.Final/netty-handler-proxy-4.1.30.Final.jar:/home/user/.m2/repository/io/netty/netty-codec-socks/4.1.30.Final/netty-codec-socks-4.1.30.Final.jar:/home/user/.m2/repository/io/netty/netty-transport-native-epoll/4.1.30.Final/netty-transport-native-epoll-4.1.30.Final.jar:/home/user/.m2/repository/io/netty/netty-common/4.1.30.Final/netty-common-4.1.30.Final.jar:/home/user/.m2/repository/io/netty/netty-buffer/4.1.30.Final/netty-buffer-4.1.30.Final.jar:/home/user/.m2/repository/io/netty/netty-transport/4.1.30.Final/netty-transport-4.1.30.Final.jar:/home/user/.m2/repository/io/netty/netty-resolver/4.1.30.Final/netty-resolver-4.1.30.Final.jar:/home/user/.m2/repository/io/netty/netty-transport-native-unix-common/4.1.30.Final/netty-transport-native-unix-common-4.1.30.Final.jar:/home/user/.m2/repository/io/grpc/grpc-protobuf/1.17.1/grpc-protobuf-1.17.1.jar:/home/user/.m2/repository/com/google/api/grpc/proto-google-common-protos/1.0.0/proto-google-common-protos-1.0.0.jar:/home/user/.m2/repository/io/grpc/grpc-protobuf-lite/1.17.1/grpc-protobuf-lite-1.17.1.jar:/home/user/.m2/repository/io/grpc/grpc-stub/1.17.1/grpc-stub-1.17.1.jar:/home/user/.m2/repository/org/apache/hadoop/hadoop-ozone-recon/0.5.0-SNAPSHOT/hadoop-ozone-recon-0.5.0-SNAPSHOT.jar:/home/user/.m2/repository/org/apache/hadoop/hadoop-ozone-reconcodegen/0.5.0-SNAPSHOT/hadoop-ozone-reconcodegen-0.5.0-SNAPSHOT.jar:/home/user/.m2/repository/com/google/inject/extensions/guice-multibindings/4.0/guice-multibindings-4.0.jar:/home/user/.m2/repository/com/google/inject/guice/4.0/guice-4.0.jar:/home/user/.m2/repository/aopalliance/aopalliance/1.0/aopalliance-1.0.jar:/home/user/.m2/repository/com/google/inject/extensions/guice-servlet/4.0/guice-servlet-4.0.jar:/home/user/.m2/repository/org/glassfish/jersey/containers/jersey-container-servlet/2.27/jersey-container-servlet-2.27.jar:/home/user/.m2/repository/org/glassfish/hk2/guice-bridge/2.5.0/guice-bridge-2.5.0.jar:/home/user/.m2/repository/org/glassfish/jersey/core/jersey-server/2.27/jersey-server-2.27.jar:/home/user/.m2/repository/org/glassfish/jersey/core/jersey-client/2.27/jersey-client-2.27.jar:/home/user/.m2/repository/org/glassfish/jersey/media/jersey-media-jaxb/2.27/jersey-media-jaxb-2.27.jar:/home/user/.m2/repository/javax/validation/validation-api/1.1.0.Final/validation-api-1.1.0.Final.jar:/home/user/.m2/repository/org/glassfish/jersey/media/jersey-media-json-jackson/2.27/jersey-media-json-jackson-2.27.jar:/home/user/.m2/repository/org/glassfish/jersey/ext/jersey-entity-filtering/2.27/jersey-entity-filtering-2.27.jar:/home/user/.m2/repository/com/google/inject/extensions/guice-assistedinject/4.0/guice-assistedinject-4.0.jar:/home/user/.m2/repository/org/jooq/jooq/3.11.10/jooq-3.11.10.jar:/home/user/.m2/repository/org/jooq/jooq-meta/3.11.10/jooq-meta-3.11.10.jar:/home/user/.m2/repository/org/jooq/jooq-codegen/3.11.10/jooq-codegen-3.11.10.jar:/home/user/.m2/repository/com/jolbox/bonecp/0.8.0.RELEASE/bonecp-0.8.0.RELEASE.jar:/home/user/.m2/repository/org/xerial/sqlite-jdbc/3.25.2/sqlite-jdbc-3.25.2.jar:/home/user/.m2/repository/org/springframework/spring-jdbc/5.1.3.RELEASE/spring-jdbc-5.1.3.RELEASE.jar:/home/user/.m2/repository/org/springframework/spring-beans/5.1.3.RELEASE/spring-beans-5.1.3.RELEASE.jar:/home/user/.m2/repository/org/springframework/spring-core/5.1.3.RELEASE/spring-core-5.1.3.RELEASE.jar:/home/user/.m2/repository/org/springframework/spring-jcl/5.1.3.RELEASE/spring-jcl-5.1.3.RELEASE.jar:/home/user/.m2/repository/org/springframework/spring-tx/5.1.3.RELEASE/spring-tx-5.1.3.RELEASE.jar:/home/user/.m2/repository/org/apache/hadoop/hadoop-ozone-client/0.5.0-SNAPSHOT/hadoop-ozone-client-0.5.0-SNAPSHOT.jar:/home/user/.m2/repository/commons-lang/commons-lang/2.6/commons-lang-2.6.jar:/home/user/.m2/repository/org/apache/hadoop/hadoop-ozone-ozone-manager/0.5.0-SNAPSHOT/hadoop-ozone-ozone-manager-0.5.0-SNAPSHOT-tests.jar:/home/user/.m2/repository/junit/junit/4.11/junit-4.11.jar:/home/user/.m2/repository/org/hamcrest/hamcrest-core/1.3/hamcrest-core-1.3.jar:/home/user/.m2/repository/org/openjdk/jmh/jmh-core/1.19/jmh-core-1.19.jar:/home/user/.m2/repository/net/sf/jopt-simple/jopt-simple/4.6/jopt-simple-4.6.jar:/home/user/.m2/repository/org/apache/commons/commons-math3/3.1.1/commons-math3-3.1.1.jar:/home/user/.m2/repository/org/openjdk/jmh/jmh-generator-annprocess/1.19/jmh-generator-annprocess-1.19.jar:/home/user/.m2/repository/org/mockito/mockito-all/1.8.5/mockito-all-1.8.5.jar:/home/user/.m2/repository/org/apache/hadoop/hadoop-kms/3.2.0/hadoop-kms-3.2.0.jar:/home/user/.m2/repository/org/apache/hadoop/hadoop-auth/3.2.0/hadoop-auth-3.2.0.jar:/home/user/.m2/repository/com/nimbusds/nimbus-jose-jwt/4.41.1/nimbus-jose-jwt-4.41.1.jar:/home/user/.m2/repository/com/github/stephenc/jcip/jcip-annotations/1.0-1/jcip-annotations-1.0-1.jar:/home/user/.m2/repository/net/minidev/json-smart/2.3/json-smart-2.3.jar:/home/user/.m2/repository/net/minidev/accessors-smart/1.2/accessors-smart-1.2.jar:/home/user/.m2/repository/org/ow2/asm/asm/5.0.4/asm-5.0.4.jar:/home/user/.m2/repository/org/apache/curator/curator-framework/2.12.0/curator-framework-2.12.0.jar:/home/user/.m2/repository/com/sun/jersey/jersey-core/1.19/jersey-core-1.19.jar:/home/user/.m2/repository/javax/ws/rs/jsr311-api/1.1.1/jsr311-api-1.1.1.jar:/home/user/.m2/repository/com/sun/jersey/jersey-server/1.19/jersey-server-1.19.jar:/home/user/.m2/repository/javax/servlet/javax.servlet-api/3.1.0/javax.servlet-api-3.1.0.jar:/home/user/.m2/repository/org/eclipse/jetty/jetty-server/9.3.25.v20180904/jetty-server-9.3.25.v20180904.jar:/home/user/.m2/repository/org/eclipse/jetty/jetty-http/9.3.25.v20180904/jetty-http-9.3.25.v20180904.jar:/home/user/.m2/repository/org/eclipse/jetty/jetty-io/9.3.25.v20180904/jetty-io-9.3.25.v20180904.jar:/home/user/.m2/repository/org/eclipse/jetty/jetty-webapp/9.3.25.v20180904/jetty-webapp-9.3.25.v20180904.jar:/home/user/.m2/repository/org/eclipse/jetty/jetty-xml/9.3.25.v20180904/jetty-xml-9.3.25.v20180904.jar:/home/user/.m2/repository/log4j/log4j/1.2.17/log4j-1.2.17.jar:/home/user/.m2/repository/org/slf4j/slf4j-api/1.7.25/slf4j-api-1.7.25.jar:/home/user/.m2/repository/org/slf4j/jul-to-slf4j/1.7.25/jul-to-slf4j-1.7.25.jar:/home/user/.m2/repository/org/eclipse/jetty/jetty-util/9.3.25.v20180904/jetty-util-9.3.25.v20180904.jar:/home/user/.m2/repository/com/fasterxml/jackson/core/jackson-databind/2.9.9/jackson-databind-2.9.9.jar:/home/user/.m2/repository/org/apache/hadoop/hadoop-kms/3.2.0/hadoop-kms-3.2.0-tests.jar:/home/user/.m2/repository/org/apache/hadoop/hadoop-hdds-server-scm/0.5.0-SNAPSHOT/hadoop-hdds-server-scm-0.5.0-SNAPSHOT-tests.jar:/home/user/.m2/repository/org/apache/hadoop/hadoop-hdds-container-service/0.5.0-SNAPSHOT/hadoop-hdds-container-service-0.5.0-SNAPSHOT-tests.jar:/home/user/.m2/repository/org/yaml/snakeyaml/1.16/snakeyaml-1.16.jar:/home/user/.m2/repository/org/apache/hadoop/hadoop-common/3.2.0/hadoop-common-3.2.0-tests.jar:/home/user/.m2/repository/org/apache/hadoop/hadoop-annotations/3.2.0/hadoop-annotations-3.2.0.jar:/usr/lib/jvm/java-1.8-openjdk/jre/../lib/tools.jar:/home/user/.m2/repository/commons-cli/commons-cli/1.2/commons-cli-1.2.jar:/home/user/.m2/repository/org/apache/httpcomponents/httpclient/4.5.2/httpclient-4.5.2.jar:/home/user/.m2/repository/org/apache/httpcomponents/httpcore/4.4.4/httpcore-4.4.4.jar:/home/user/.m2/repository/commons-codec/commons-codec/1.11/commons-codec-1.11.jar:/home/user/.m2/repository/commons-net/commons-net/3.6/commons-net-3.6.jar:/home/user/.m2/repository/commons-collections/commons-collections/3.2.2/commons-collections-3.2.2.jar:/home/user/.m2/repository/org/eclipse/jetty/jetty-servlet/9.3.25.v20180904/jetty-servlet-9.3.25.v20180904.jar:/home/user/.m2/repository/org/eclipse/jetty/jetty-security/9.3.25.v20180904/jetty-security-9.3.25.v20180904.jar:/home/user/.m2/repository/javax/servlet/jsp/jsp-api/2.1/jsp-api-2.1.jar:/home/user/.m2/repository/com/sun/jersey/jersey-servlet/1.19/jersey-servlet-1.19.jar:/home/user/.m2/repository/com/sun/jersey/jersey-json/1.19/jersey-json-1.19.jar:/home/user/.m2/repository/org/codehaus/jettison/jettison/1.1/jettison-1.1.jar:/home/user/.m2/repository/org/codehaus/jackson/jackson-core-asl/1.9.13/jackson-core-asl-1.9.13.jar:/home/user/.m2/repository/org/codehaus/jackson/jackson-mapper-asl/1.9.13/jackson-mapper-asl-1.9.13.jar:/home/user/.m2/repository/org/codehaus/jackson/jackson-jaxrs/1.9.13/jackson-jaxrs-1.9.13.jar:/home/user/.m2/repository/org/codehaus/jackson/jackson-xc/1.9.13/jackson-xc-1.9.13.jar:/home/user/.m2/repository/commons-logging/commons-logging/1.1.3/commons-logging-1.1.3.jar:/home/user/.m2/repository/commons-beanutils/commons-beanutils/1.9.4/commons-beanutils-1.9.4.jar:/home/user/.m2/repository/org/apache/commons/commons-configuration2/2.1.1/commons-configuration2-2.1.1.jar:/home/user/.m2/repository/org/apache/commons/commons-lang3/3.7/commons-lang3-3.7.jar:/home/user/.m2/repository/org/apache/commons/commons-text/1.4/commons-text-1.4.jar:/home/user/.m2/repository/org/apache/avro/avro/1.7.7/avro-1.7.7.jar:/home/user/.m2/repository/com/thoughtworks/paranamer/paranamer/2.3/paranamer-2.3.jar:/home/user/.m2/repository/org/xerial/snappy/snappy-java/1.0.5/snappy-java-1.0.5.jar:/home/user/.m2/repository/com/google/re2j/re2j/1.1/re2j-1.1.jar:/home/user/.m2/repository/com/google/code/gson/gson/2.2.4/gson-2.2.4.jar:/home/user/.m2/repository/com/jcraft/jsch/0.1.54/jsch-0.1.54.jar:/home/user/.m2/repository/org/apache/curator/curator-client/2.12.0/curator-client-2.12.0.jar:/home/user/.m2/repository/org/apache/curator/curator-recipes/2.12.0/curator-recipes-2.12.0.jar:/home/user/.m2/repository/com/google/code/findbugs/jsr305/3.0.0/jsr305-3.0.0.jar:/home/user/.m2/repository/org/apache/htrace/htrace-core4/4.1.0-incubating/htrace-core4-4.1.0-incubating.jar:/home/user/.m2/repository/org/apache/zookeeper/zookeeper/3.4.13/zookeeper-3.4.13.jar:/home/user/.m2/repository/jline/jline/0.9.94/jline-0.9.94.jar:/home/user/.m2/repository/org/apache/yetus/audience-annotations/0.5.0/audience-annotations-0.5.0.jar:/home/user/.m2/repository/org/codehaus/woodstox/stax2-api/3.1.4/stax2-api-3.1.4.jar:/home/user/.m2/repository/com/fasterxml/woodstox/woodstox-core/5.0.3/woodstox-core-5.0.3.jar:/home/user/.m2/repository/dnsjava/dnsjava/2.1.7/dnsjava-2.1.7.jar:/home/user/.m2/repository/org/apache/hadoop/hadoop-hdfs/3.2.0/hadoop-hdfs-3.2.0-tests.jar:/home/user/.m2/repository/org/eclipse/jetty/jetty-util-ajax/9.3.25.v20180904/jetty-util-ajax-9.3.25.v20180904.jar:/home/user/.m2/repository/commons-daemon/commons-daemon/1.0.13/commons-daemon-1.0.13.jar:/home/user/.m2/repository/io/netty/netty/3.10.5.Final/netty-3.10.5.Final.jar:/home/user/.m2/repository/io/netty/netty-all/4.0.52.Final/netty-all-4.0.52.Final.jar:/home/user/.m2/repository/org/fusesource/leveldbjni/leveldbjni-all/1.8/leveldbjni-all-1.8.jar:"/>
    <property name="sun.cpu.endian" value="little"/>
    <property name="user.home" value="/home/user"/>
    <property name="user.language" value="en"/>
    <property name="java.specification.vendor" value="Oracle Corporation"/>
    <property name="java.home" value="/usr/lib/jvm/java-1.8-openjdk/jre"/>
    <property name="java.security.krb5.conf" value="/workdir/hadoop-ozone/integration-test/target/test-classes/krb5.conf"/>
    <property name="basedir" value="/workdir/hadoop-ozone/integration-test"/>
    <property name="file.separator" value="/"/>
    <property name="line.separator" value="&#10;"/>
    <property name="java.vm.specification.vendor" value="Oracle Corporation"/>
    <property name="java.specification.name" value="Java Platform API Specification"/>
    <property name="java.awt.graphicsenv" value="sun.awt.X11GraphicsEnvironment"/>
    <property name="surefire.real.class.path" value="/workdir/hadoop-ozone/integration-test/target/surefire/surefirebooter3486457856780820454.jar"/>
    <property name="hadoop.log.dir" value="/workdir/hadoop-ozone/integration-test/target/log"/>
    <property name="sun.boot.class.path" value="/usr/lib/jvm/java-1.8-openjdk/jre/lib/resources.jar:/usr/lib/jvm/java-1.8-openjdk/jre/lib/rt.jar:/usr/lib/jvm/java-1.8-openjdk/jre/lib/sunrsasign.jar:/usr/lib/jvm/java-1.8-openjdk/jre/lib/jsse.jar:/usr/lib/jvm/java-1.8-openjdk/jre/lib/jce.jar:/usr/lib/jvm/java-1.8-openjdk/jre/lib/charsets.jar:/usr/lib/jvm/java-1.8-openjdk/jre/lib/jfr.jar:/usr/lib/jvm/java-1.8-openjdk/jre/classes"/>
    <property name="sun.management.compiler" value="HotSpot 64-Bit Tiered Compilers"/>
    <property name="java.runtime.version" value="1.8.0_212-b04"/>
    <property name="java.net.preferIPv4Stack" value="true"/>
    <property name="user.name" value="jenkins1000"/>
    <property name="path.separator" value=":"/>
    <property name="java.security.egd" value="file:///dev/urandom"/>
    <property name="os.version" value="3.10.0-957.12.2.el7.x86_64"/>
    <property name="java.endorsed.dirs" value="/usr/lib/jvm/java-1.8-openjdk/jre/lib/endorsed"/>
    <property name="java.runtime.name" value="OpenJDK Runtime Environment"/>
    <property name="file.encoding" value="UTF-8"/>
    <property name="java.vm.name" value="OpenJDK 64-Bit Server VM"/>
    <property name="test.build.webapps" value=""/>
    <property name="localRepository" value="/home/user/.m2/repository"/>
    <property name="java.vendor.url.bug" value="https://icedtea.classpath.org/bugzilla"/>
    <property name="java.io.tmpdir" value="/tmp"/>
    <property name="require.test.libhadoop" value=""/>
    <property name="java.version" value="1.8.0_212"/>
    <property name="user.dir" value="/workdir/hadoop-ozone/integration-test"/>
    <property name="os.arch" value="amd64"/>
    <property name="java.vm.specification.name" value="Java Virtual Machine Specification"/>
    <property name="test.build.classes" value="/workdir/hadoop-ozone/integration-test/target/test-classes"/>
    <property name="java.awt.printerjob" value="sun.print.PSPrinterJob"/>
    <property name="sun.os.patch.level" value="unknown"/>
    <property name="hadoop.tmp.dir" value="/workdir/hadoop-ozone/integration-test/target/tmp"/>
    <property name="java.library.path" value="/usr/lib/jvm/java-1.8-openjdk/jre/lib/amd64/server:/usr/lib/jvm/java-1.8-openjdk/jre/lib/amd64:/usr/lib/jvm/java-1.8-openjdk/jre/../lib/amd64:/workdir/hadoop-ozone/integration-test/target/native/target/usr/local/lib:/workdir/hadoop-ozone/integration-test/../../hadoop-common-project/hadoop-common/target/native/target/usr/local/lib:/usr/java/packages/lib/amd64:/usr/lib64:/lib64:/lib:/usr/lib"/>
    <property name="java.vm.info" value="mixed mode"/>
    <property name="java.vendor" value="IcedTea"/>
    <property name="java.vm.version" value="25.212-b04"/>
    <property name="java.ext.dirs" value="/usr/lib/jvm/java-1.8-openjdk/jre/lib/ext:/usr/java/packages/lib/ext"/>
    <property name="sun.io.unicode.encoding" value="UnicodeLittle"/>
    <property name="java.class.version" value="52.0"/>
  </properties>
  <testcase name="testWatchForCommitWithKeyWrite" classname="org.apache.hadoop.ozone.client.rpc.TestWatchForCommit" time="198.933"/>
  <testcase name="testWatchForCommitWithSmallerTimeoutValue" classname="org.apache.hadoop.ozone.client.rpc.TestWatchForCommit" time="39.694">
    <error message="org.apache.ratis.protocol.RaftRetryFailureException: Failed RaftClientRequest:client-21C14A7E438E-&gt;59abef46-29ea-4eff-a512-e596f80f6db1@group-8F81A5CD80FE, cid=53, seq=1*, RW, org.apache.hadoop.hdds.scm.XceiverClientRatis$$Lambda$434/1172943149@7ab6e52c for 20 attempts with RetryLimited(maxAttempts=20, sleepTime=1000ms)" type="java.util.concurrent.ExecutionException">java.util.concurrent.ExecutionException: org.apache.ratis.protocol.RaftRetryFailureException: Failed RaftClientRequest:client-21C14A7E438E->59abef46-29ea-4eff-a512-e596f80f6db1@group-8F81A5CD80FE, cid=53, seq=1*, RW, org.apache.hadoop.hdds.scm.XceiverClientRatis$$Lambda$434/1172943149@7ab6e52c for 20 attempts with RetryLimited(maxAttempts=20, sleepTime=1000ms)
	at java.util.concurrent.CompletableFuture.reportGet(CompletableFuture.java:357)
	at java.util.concurrent.CompletableFuture.get(CompletableFuture.java:1895)
	at org.apache.hadoop.ozone.client.rpc.TestWatchForCommit.testWatchForCommitWithSmallerTimeoutValue(TestWatchForCommit.java:293)
	at sun.reflect.NativeMethodAccessorImpl.invoke0(Native Method)
	at sun.reflect.NativeMethodAccessorImpl.invoke(NativeMethodAccessorImpl.java:62)
	at sun.reflect.DelegatingMethodAccessorImpl.invoke(DelegatingMethodAccessorImpl.java:43)
	at java.lang.reflect.Method.invoke(Method.java:498)
	at org.junit.runners.model.FrameworkMethod$1.runReflectiveCall(FrameworkMethod.java:47)
	at org.junit.internal.runners.model.ReflectiveCallable.run(ReflectiveCallable.java:12)
	at org.junit.runners.model.FrameworkMethod.invokeExplosively(FrameworkMethod.java:44)
	at org.junit.internal.runners.statements.InvokeMethod.evaluate(InvokeMethod.java:17)
	at org.junit.runners.ParentRunner.runLeaf(ParentRunner.java:271)
	at org.junit.runners.BlockJUnit4ClassRunner.runChild(BlockJUnit4ClassRunner.java:70)
	at org.junit.runners.BlockJUnit4ClassRunner.runChild(BlockJUnit4ClassRunner.java:50)
	at org.junit.runners.ParentRunner$3.run(ParentRunner.java:238)
	at org.junit.runners.ParentRunner$1.schedule(ParentRunner.java:63)
	at org.junit.runners.ParentRunner.runChildren(ParentRunner.java:236)
	at org.junit.runners.ParentRunner.access$000(ParentRunner.java:53)
	at org.junit.runners.ParentRunner$2.evaluate(ParentRunner.java:229)
	at org.junit.runners.ParentRunner.run(ParentRunner.java:309)
	at org.apache.maven.surefire.junit4.JUnit4Provider.execute(JUnit4Provider.java:365)
	at org.apache.maven.surefire.junit4.JUnit4Provider.executeWithRerun(JUnit4Provider.java:273)
	at org.apache.maven.surefire.junit4.JUnit4Provider.executeTestSet(JUnit4Provider.java:238)
	at org.apache.maven.surefire.junit4.JUnit4Provider.invoke(JUnit4Provider.java:159)
	at org.apache.maven.surefire.booter.ForkedBooter.invokeProviderInSameClassLoader(ForkedBooter.java:384)
	at org.apache.maven.surefire.booter.ForkedBooter.runSuitesInProcess(ForkedBooter.java:345)
	at org.apache.maven.surefire.booter.ForkedBooter.execute(ForkedBooter.java:126)
	at org.apache.maven.surefire.booter.ForkedBooter.main(ForkedBooter.java:418)
Caused by: org.apache.ratis.protocol.RaftRetryFailureException: Failed RaftClientRequest:client-21C14A7E438E->59abef46-29ea-4eff-a512-e596f80f6db1@group-8F81A5CD80FE, cid=53, seq=1*, RW, org.apache.hadoop.hdds.scm.XceiverClientRatis$$Lambda$434/1172943149@7ab6e52c for 20 attempts with RetryLimited(maxAttempts=20, sleepTime=1000ms)
	at org.apache.ratis.client.impl.RaftClientImpl.noMoreRetries(RaftClientImpl.java:271)
	at org.apache.ratis.client.impl.OrderedAsync.handleAsyncRetryFailure(OrderedAsync.java:138)
	at org.apache.ratis.client.impl.OrderedAsync.lambda$sendRequest$10(OrderedAsync.java:230)
	at java.util.concurrent.CompletableFuture.uniExceptionally(CompletableFuture.java:870)
	at java.util.concurrent.CompletableFuture$UniExceptionally.tryFire(CompletableFuture.java:852)
	at java.util.concurrent.CompletableFuture.postComplete(CompletableFuture.java:474)
	at java.util.concurrent.CompletableFuture.completeExceptionally(CompletableFuture.java:1977)
	at org.apache.ratis.grpc.client.GrpcClientProtocolClient$AsyncStreamObservers.completeReplyExceptionally(GrpcClientProtocolClient.java:339)
	at org.apache.ratis.grpc.client.GrpcClientProtocolClient$AsyncStreamObservers.access$000(GrpcClientProtocolClient.java:255)
	at org.apache.ratis.grpc.client.GrpcClientProtocolClient$AsyncStreamObservers$1.onNext(GrpcClientProtocolClient.java:267)
	at org.apache.ratis.grpc.client.GrpcClientProtocolClient$AsyncStreamObservers$1.onNext(GrpcClientProtocolClient.java:258)
	at org.apache.ratis.thirdparty.io.grpc.stub.ClientCalls$StreamObserverToCallListenerAdapter.onMessage(ClientCalls.java:421)
	at org.apache.ratis.thirdparty.io.grpc.ForwardingClientCallListener.onMessage(ForwardingClientCallListener.java:33)
	at org.apache.ratis.thirdparty.io.grpc.ForwardingClientCallListener.onMessage(ForwardingClientCallListener.java:33)
	at org.apache.ratis.thirdparty.io.grpc.internal.ClientCallImpl$ClientStreamListenerImpl$1MessagesAvailable.runInContext(ClientCallImpl.java:519)
	at org.apache.ratis.thirdparty.io.grpc.internal.ContextRunnable.run(ContextRunnable.java:37)
	at org.apache.ratis.thirdparty.io.grpc.internal.SerializingExecutor.run(SerializingExecutor.java:123)
	at java.util.concurrent.ThreadPoolExecutor.runWorker(ThreadPoolExecutor.java:1149)
	at java.util.concurrent.ThreadPoolExecutor$Worker.run(ThreadPoolExecutor.java:624)
	at java.lang.Thread.run(Thread.java:748)
Caused by: org.apache.ratis.protocol.NotLeaderException: Server 59abef46-29ea-4eff-a512-e596f80f6db1@group-8F81A5CD80FE is not the leader
	at org.apache.ratis.client.impl.ClientProtoUtils.toRaftClientReply(ClientProtoUtils.java:243)
	at org.apache.ratis.grpc.client.GrpcClientProtocolClient$AsyncStreamObservers$1.onNext(GrpcClientProtocolClient.java:263)
	... 10 more
</error>
    <system-out><![CDATA[2019-09-25 05:06:58,186 [main] WARN  server.ServerUtils (ServerUtils.java:getScmDbDir(145)) - ozone.scm.db.dirs is not configured. We recommend adding this setting. Falling back to ozone.metadata.dirs instead.
2019-09-25 05:07:03,504 [main] WARN  server.ServerUtils (ServerUtils.java:getScmDbDir(145)) - ozone.scm.db.dirs is not configured. We recommend adding this setting. Falling back to ozone.metadata.dirs instead.
2019-09-25 05:07:03,506 [main] WARN  server.ServerUtils (ServerUtils.java:getScmDbDir(145)) - ozone.scm.db.dirs is not configured. We recommend adding this setting. Falling back to ozone.metadata.dirs instead.
2019-09-25 05:07:03,508 [main] INFO  db.DBStoreBuilder (DBStoreBuilder.java:addTable(110)) - using custom profile for table: deletedBlocks
2019-09-25 05:07:03,508 [main] INFO  db.DBStoreBuilder (DBStoreBuilder.java:processTables(161)) - Using default column profile:DBProfile.DISK for Table:deletedBlocks
2019-09-25 05:07:03,509 [main] INFO  db.DBStoreBuilder (DBStoreBuilder.java:addTable(110)) - using custom profile for table: validCerts
2019-09-25 05:07:03,509 [main] INFO  db.DBStoreBuilder (DBStoreBuilder.java:processTables(161)) - Using default column profile:DBProfile.DISK for Table:validCerts
2019-09-25 05:07:03,510 [main] INFO  db.DBStoreBuilder (DBStoreBuilder.java:addTable(110)) - using custom profile for table: revokedCerts
2019-09-25 05:07:03,510 [main] INFO  db.DBStoreBuilder (DBStoreBuilder.java:processTables(161)) - Using default column profile:DBProfile.DISK for Table:revokedCerts
2019-09-25 05:07:03,510 [main] INFO  db.DBStoreBuilder (DBStoreBuilder.java:addTable(110)) - using custom profile for table: default
2019-09-25 05:07:03,511 [main] INFO  db.DBStoreBuilder (DBStoreBuilder.java:processTables(167)) - Using default column profile:DBProfile.DISK for Table:default
2019-09-25 05:07:03,511 [main] INFO  db.DBStoreBuilder (DBStoreBuilder.java:getDbProfile(198)) - Using default options. DBProfile.DISK
2019-09-25 05:07:05,614 [main] INFO  net.NodeSchemaLoader (NodeSchemaLoader.java:loadSchemaFromFile(125)) - Loading file from sun.misc.CompoundEnumeration@3667faa8
2019-09-25 05:07:05,615 [main] INFO  net.NodeSchemaLoader (NodeSchemaLoader.java:loadSchema(171)) - Loading network topology layer schema file
2019-09-25 05:07:05,624 [main] WARN  server.ServerUtils (ServerUtils.java:sanitizeUserArgs(70)) - ozone.scm.stale.node.interval value = 300000 is larger than max = 100000 based on the key value of ozone.scm.heartbeat.thread.interval, reset to the max value 100000.
2019-09-25 05:07:05,624 [main] WARN  server.ServerUtils (ServerUtils.java:sanitizeUserArgs(70)) - ozone.scm.stale.node.interval value = 300000 is larger than max = 100000 based on the key value of ozone.scm.heartbeat.thread.interval, reset to the max value 100000.
2019-09-25 05:07:05,625 [main] INFO  node.SCMNodeManager (SCMNodeManager.java:<init>(114)) - Entering startup safe mode.
2019-09-25 05:07:05,627 [main] INFO  algorithms.ContainerPlacementPolicyFactory (ContainerPlacementPolicyFactory.java:getPolicy(57)) - Create container placement policy of type org.apache.hadoop.hdds.scm.container.placement.algorithms.SCMContainerPlacementRandom
2019-09-25 05:07:05,627 [main] WARN  server.ServerUtils (ServerUtils.java:getScmDbDir(145)) - ozone.scm.db.dirs is not configured. We recommend adding this setting. Falling back to ozone.metadata.dirs instead.
2019-09-25 05:07:05,885 [main] INFO  pipeline.SCMPipelineManager (SCMPipelineManager.java:initializePipelineState(132)) - No pipeline exists in current db
2019-09-25 05:07:05,886 [main] WARN  server.ServerUtils (ServerUtils.java:getScmDbDir(145)) - ozone.scm.db.dirs is not configured. We recommend adding this setting. Falling back to ozone.metadata.dirs instead.
2019-09-25 05:07:06,023 [main] WARN  events.EventQueue (EventQueue.java:fireEvent(183)) - No event handler registered for event TypedEvent{payloadType=SafeModeStatus, name='SafeModeStatus'}
2019-09-25 05:07:06,024 [main] INFO  ipc.CallQueueManager (CallQueueManager.java:<init>(84)) - Using callQueue: class java.util.concurrent.LinkedBlockingQueue, queueCapacity: 2000, scheduler: class org.apache.hadoop.ipc.DefaultRpcScheduler, ipcBackoff: false.
2019-09-25 05:07:06,026 [Socket Reader #1 for port 43291] INFO  ipc.Server (Server.java:run(1074)) - Starting Socket Reader #1 for port 43291
2019-09-25 05:07:06,029 [main] INFO  ipc.CallQueueManager (CallQueueManager.java:<init>(84)) - Using callQueue: class java.util.concurrent.LinkedBlockingQueue, queueCapacity: 2000, scheduler: class org.apache.hadoop.ipc.DefaultRpcScheduler, ipcBackoff: false.
2019-09-25 05:07:06,030 [Socket Reader #1 for port 43882] INFO  ipc.Server (Server.java:run(1074)) - Starting Socket Reader #1 for port 43882
2019-09-25 05:07:06,031 [main] INFO  ipc.CallQueueManager (CallQueueManager.java:<init>(84)) - Using callQueue: class java.util.concurrent.LinkedBlockingQueue, queueCapacity: 2000, scheduler: class org.apache.hadoop.ipc.DefaultRpcScheduler, ipcBackoff: false.
2019-09-25 05:07:06,032 [Socket Reader #1 for port 46294] INFO  ipc.Server (Server.java:run(1074)) - Starting Socket Reader #1 for port 46294
2019-09-25 05:07:06,035 [main] INFO  hdfs.DFSUtil (DFSUtil.java:httpServerTemplateForNNAndJN(1641)) - Starting Web-server for scm at: http://0.0.0.0:0
2019-09-25 05:07:06,038 [main] INFO  server.AuthenticationFilter (AuthenticationFilter.java:constructSecretProvider(240)) - Unable to initialize FileSignerSecretProvider, falling back to use random secrets.
2019-09-25 05:07:06,039 [main] WARN  http.HttpRequestLog (HttpRequestLog.java:getRequestLog(97)) - Jetty request log can only be enabled using Log4j
2019-09-25 05:07:06,042 [main] INFO  http.HttpServer2 (HttpServer2.java:addGlobalFilter(975)) - Added global filter 'safety' (class=org.apache.hadoop.http.HttpServer2$QuotingInputFilter)
2019-09-25 05:07:06,043 [main] INFO  http.HttpServer2 (HttpServer2.java:addFilter(948)) - Added filter static_user_filter (class=org.apache.hadoop.http.lib.StaticUserWebFilter$StaticUserFilter) to context scm
2019-09-25 05:07:06,043 [main] INFO  http.HttpServer2 (HttpServer2.java:addFilter(958)) - Added filter static_user_filter (class=org.apache.hadoop.http.lib.StaticUserWebFilter$StaticUserFilter) to context logs
2019-09-25 05:07:06,044 [main] INFO  http.HttpServer2 (HttpServer2.java:addFilter(958)) - Added filter static_user_filter (class=org.apache.hadoop.http.lib.StaticUserWebFilter$StaticUserFilter) to context static
2019-09-25 05:07:06,047 [main] INFO  server.StorageContainerManager (StorageContainerManager.java:start(770)) - StorageContainerLocationProtocol RPC server is listening at /0.0.0.0:46294
2019-09-25 05:07:06,050 [main] WARN  impl.MetricsConfig (MetricsConfig.java:loadFirst(134)) - Cannot locate configuration: tried hadoop-metrics2-storagecontainermanager.properties,hadoop-metrics2.properties
2019-09-25 05:07:06,052 [main] INFO  impl.MetricsSystemImpl (MetricsSystemImpl.java:startTimer(374)) - Scheduled Metric snapshot period at 10 second(s).
2019-09-25 05:07:06,052 [main] INFO  impl.MetricsSystemImpl (MetricsSystemImpl.java:start(191)) - StorageContainerManager metrics system started
2019-09-25 05:07:06,091 [main] WARN  impl.MetricsSystemImpl (MetricsSystemImpl.java:register(276)) - Sink prometheus already exists!
2019-09-25 05:07:06,095 [main] INFO  server.SCMClientProtocolServer (SCMClientProtocolServer.java:start(151)) - RPC server for Client  is listening at /0.0.0.0:46294
2019-09-25 05:07:06,096 [IPC Server listener on 46294] INFO  ipc.Server (Server.java:run(1153)) - IPC Server listener on 46294: starting
2019-09-25 05:07:06,096 [IPC Server Responder] INFO  ipc.Server (Server.java:run(1314)) - IPC Server Responder: starting
2019-09-25 05:07:06,099 [main] INFO  server.StorageContainerManager (StorageContainerManager.java:start(780)) - ScmBlockLocationProtocol RPC server is listening at /0.0.0.0:43882
2019-09-25 05:07:06,100 [main] INFO  server.SCMBlockProtocolServer (SCMBlockProtocolServer.java:start(146)) - RPC server for Block Protocol is listening at /0.0.0.0:43882
2019-09-25 05:07:06,100 [IPC Server Responder] INFO  ipc.Server (Server.java:run(1314)) - IPC Server Responder: starting
2019-09-25 05:07:06,100 [IPC Server listener on 43882] INFO  ipc.Server (Server.java:run(1153)) - IPC Server listener on 43882: starting
2019-09-25 05:07:06,105 [main] INFO  server.StorageContainerManager (StorageContainerManager.java:start(784)) - ScmDatanodeProtocl RPC server is listening at /0.0.0.0:43291
2019-09-25 05:07:06,105 [main] INFO  server.SCMDatanodeProtocolServer (SCMDatanodeProtocolServer.java:start(191)) - RPC server for DataNodes is listening at /0.0.0.0:43291
2019-09-25 05:07:06,105 [IPC Server Responder] INFO  ipc.Server (Server.java:run(1314)) - IPC Server Responder: starting
2019-09-25 05:07:06,105 [IPC Server listener on 43291] INFO  ipc.Server (Server.java:run(1153)) - IPC Server listener on 43291: starting
2019-09-25 05:07:06,109 [main] INFO  http.HttpServer2 (HttpServer2.java:bindListener(1191)) - Jetty bound to port 42975
2019-09-25 05:07:06,110 [main] INFO  server.Server (Server.java:doStart(351)) - jetty-9.3.25.v20180904, build timestamp: 2018-09-04T21:11:46Z, git hash: 3ce520221d0240229c862b122d2b06c12a625732
2019-09-25 05:07:06,112 [main] INFO  handler.ContextHandler (ContextHandler.java:doStart(781)) - Started o.e.j.s.ServletContextHandler@575c3e9b{/logs,file:///workdir/hadoop-ozone/integration-test/target/log,AVAILABLE}
2019-09-25 05:07:06,112 [main] INFO  handler.ContextHandler (ContextHandler.java:doStart(781)) - Started o.e.j.s.ServletContextHandler@73c3cd09{/static,file:///workdir/hadoop-ozone/integration-test/target/test-classes/webapps/static,AVAILABLE}
2019-09-25 05:07:06,117 [main] INFO  handler.ContextHandler (ContextHandler.java:doStart(781)) - Started o.e.j.w.WebAppContext@7316523a{/,file:///workdir/hadoop-ozone/integration-test/target/test-classes/webapps/scm/,AVAILABLE}{/scm}
2019-09-25 05:07:06,118 [main] INFO  server.AbstractConnector (AbstractConnector.java:doStart(278)) - Started ServerConnector@33a55bd8{HTTP/1.1,[http/1.1]}{0.0.0.0:42975}
2019-09-25 05:07:06,118 [main] INFO  server.Server (Server.java:doStart(419)) - Started @207327ms
2019-09-25 05:07:06,119 [main] WARN  impl.MetricsSystemImpl (MetricsSystemImpl.java:register(276)) - Sink prometheus already exists!
2019-09-25 05:07:06,119 [main] INFO  server.BaseHttpServer (BaseHttpServer.java:updateConnectorAddress(215)) - HTTP server of SCM is listening at http://0.0.0.0:42975
2019-09-25 05:07:06,121 [main] WARN  server.ServerUtils (ServerUtils.java:getDBPath(222)) - ozone.om.db.dirs is not configured. We recommend adding this setting. Falling back to ozone.metadata.dirs instead.
2019-09-25 05:07:06,121 [org.apache.hadoop.util.JvmPauseMonitor$Monitor@1a1cc163] INFO  util.JvmPauseMonitor (JvmPauseMonitor.java:run(188)) - Starting JVM pause monitor
2019-09-25 05:07:06,149 [main] WARN  server.ServerUtils (ServerUtils.java:getDBPath(222)) - ozone.om.db.dirs is not configured. We recommend adding this setting. Falling back to ozone.metadata.dirs instead.
2019-09-25 05:07:06,149 [main] WARN  server.ServerUtils (ServerUtils.java:getDBPath(222)) - ozone.om.db.dirs is not configured. We recommend adding this setting. Falling back to ozone.metadata.dirs instead.
2019-09-25 05:07:06,150 [main] INFO  om.OzoneManager (OzoneManager.java:setOMNodeDetails(652)) - OM Service ID is not set. Setting it to the default ID: omServiceIdDefault
2019-09-25 05:07:06,150 [main] INFO  om.OzoneManager (OzoneManager.java:setOMNodeDetails(658)) - OM Node ID is not set. Setting it to the OmStorage's OmID: a0db82bf-0bed-4dd2-803f-5e3c411bb88c
2019-09-25 05:07:06,150 [main] INFO  om.OzoneManager (OzoneManager.java:loadOMHAConfigs(609)) - Found matching OM address with OMServiceId: null, OMNodeId: null, RPC Address: localhost:0 and Ratis port: 9872
2019-09-25 05:07:06,157 [main] WARN  server.ServerUtils (ServerUtils.java:getDBPath(222)) - ozone.om.db.dirs is not configured. We recommend adding this setting. Falling back to ozone.metadata.dirs instead.
2019-09-25 05:07:06,158 [main] INFO  db.DBStoreBuilder (DBStoreBuilder.java:addTable(110)) - using custom profile for table: userTable
2019-09-25 05:07:06,158 [main] INFO  db.DBStoreBuilder (DBStoreBuilder.java:processTables(161)) - Using default column profile:DBProfile.DISK for Table:userTable
2019-09-25 05:07:06,159 [main] INFO  db.DBStoreBuilder (DBStoreBuilder.java:addTable(110)) - using custom profile for table: volumeTable
2019-09-25 05:07:06,159 [main] INFO  db.DBStoreBuilder (DBStoreBuilder.java:processTables(161)) - Using default column profile:DBProfile.DISK for Table:volumeTable
2019-09-25 05:07:06,159 [main] INFO  db.DBStoreBuilder (DBStoreBuilder.java:addTable(110)) - using custom profile for table: bucketTable
2019-09-25 05:07:06,159 [main] INFO  db.DBStoreBuilder (DBStoreBuilder.java:processTables(161)) - Using default column profile:DBProfile.DISK for Table:bucketTable
2019-09-25 05:07:06,160 [main] INFO  db.DBStoreBuilder (DBStoreBuilder.java:addTable(110)) - using custom profile for table: keyTable
2019-09-25 05:07:06,160 [main] INFO  db.DBStoreBuilder (DBStoreBuilder.java:processTables(161)) - Using default column profile:DBProfile.DISK for Table:keyTable
2019-09-25 05:07:06,160 [main] INFO  db.DBStoreBuilder (DBStoreBuilder.java:addTable(110)) - using custom profile for table: deletedTable
2019-09-25 05:07:06,160 [main] INFO  db.DBStoreBuilder (DBStoreBuilder.java:processTables(161)) - Using default column profile:DBProfile.DISK for Table:deletedTable
2019-09-25 05:07:06,161 [main] INFO  db.DBStoreBuilder (DBStoreBuilder.java:addTable(110)) - using custom profile for table: openKeyTable
2019-09-25 05:07:06,161 [main] INFO  db.DBStoreBuilder (DBStoreBuilder.java:processTables(161)) - Using default column profile:DBProfile.DISK for Table:openKeyTable
2019-09-25 05:07:06,161 [main] INFO  db.DBStoreBuilder (DBStoreBuilder.java:addTable(110)) - using custom profile for table: s3Table
2019-09-25 05:07:06,161 [main] INFO  db.DBStoreBuilder (DBStoreBuilder.java:processTables(161)) - Using default column profile:DBProfile.DISK for Table:s3Table
2019-09-25 05:07:06,162 [main] INFO  db.DBStoreBuilder (DBStoreBuilder.java:addTable(110)) - using custom profile for table: multipartInfoTable
2019-09-25 05:07:06,162 [main] INFO  db.DBStoreBuilder (DBStoreBuilder.java:processTables(161)) - Using default column profile:DBProfile.DISK for Table:multipartInfoTable
2019-09-25 05:07:06,162 [main] INFO  db.DBStoreBuilder (DBStoreBuilder.java:addTable(110)) - using custom profile for table: dTokenTable
2019-09-25 05:07:06,162 [main] INFO  db.DBStoreBuilder (DBStoreBuilder.java:processTables(161)) - Using default column profile:DBProfile.DISK for Table:dTokenTable
2019-09-25 05:07:06,163 [main] INFO  db.DBStoreBuilder (DBStoreBuilder.java:addTable(110)) - using custom profile for table: s3SecretTable
2019-09-25 05:07:06,163 [main] INFO  db.DBStoreBuilder (DBStoreBuilder.java:processTables(161)) - Using default column profile:DBProfile.DISK for Table:s3SecretTable
2019-09-25 05:07:06,163 [main] INFO  db.DBStoreBuilder (DBStoreBuilder.java:addTable(110)) - using custom profile for table: prefixTable
2019-09-25 05:07:06,163 [main] INFO  db.DBStoreBuilder (DBStoreBuilder.java:processTables(161)) - Using default column profile:DBProfile.DISK for Table:prefixTable
2019-09-25 05:07:06,164 [main] INFO  db.DBStoreBuilder (DBStoreBuilder.java:addTable(110)) - using custom profile for table: default
2019-09-25 05:07:06,164 [main] INFO  db.DBStoreBuilder (DBStoreBuilder.java:processTables(167)) - Using default column profile:DBProfile.DISK for Table:default
2019-09-25 05:07:06,164 [main] INFO  db.DBStoreBuilder (DBStoreBuilder.java:getDbProfile(198)) - Using default options. DBProfile.DISK
2019-09-25 05:07:06,905 [main] INFO  ipc.CallQueueManager (CallQueueManager.java:<init>(84)) - Using callQueue: class java.util.concurrent.LinkedBlockingQueue, queueCapacity: 2000, scheduler: class org.apache.hadoop.ipc.DefaultRpcScheduler, ipcBackoff: false.
2019-09-25 05:07:06,906 [Socket Reader #1 for port 33484] INFO  ipc.Server (Server.java:run(1074)) - Starting Socket Reader #1 for port 33484
2019-09-25 05:07:06,922 [main] INFO  om.OzoneManager (OzoneManager.java:start(1243)) - OzoneManager RPC server is listening at localhost/127.0.0.1:33484
2019-09-25 05:07:06,923 [main] INFO  impl.MetricsSystemImpl (MetricsSystemImpl.java:init(158)) - OzoneManager metrics system started (again)
2019-09-25 05:07:06,923 [IPC Server Responder] INFO  ipc.Server (Server.java:run(1314)) - IPC Server Responder: starting
2019-09-25 05:07:06,923 [IPC Server listener on 33484] INFO  ipc.Server (Server.java:run(1153)) - IPC Server listener on 33484: starting
2019-09-25 05:07:06,929 [main] INFO  hdfs.DFSUtil (DFSUtil.java:httpServerTemplateForNNAndJN(1641)) - Starting Web-server for ozoneManager at: http://0.0.0.0:0
2019-09-25 05:07:06,931 [main] INFO  server.AuthenticationFilter (AuthenticationFilter.java:constructSecretProvider(240)) - Unable to initialize FileSignerSecretProvider, falling back to use random secrets.
2019-09-25 05:07:06,931 [main] WARN  http.HttpRequestLog (HttpRequestLog.java:getRequestLog(97)) - Jetty request log can only be enabled using Log4j
2019-09-25 05:07:06,934 [main] INFO  http.HttpServer2 (HttpServer2.java:addGlobalFilter(975)) - Added global filter 'safety' (class=org.apache.hadoop.http.HttpServer2$QuotingInputFilter)
2019-09-25 05:07:06,935 [main] INFO  http.HttpServer2 (HttpServer2.java:addFilter(948)) - Added filter static_user_filter (class=org.apache.hadoop.http.lib.StaticUserWebFilter$StaticUserFilter) to context ozoneManager
2019-09-25 05:07:06,935 [main] INFO  http.HttpServer2 (HttpServer2.java:addFilter(958)) - Added filter static_user_filter (class=org.apache.hadoop.http.lib.StaticUserWebFilter$StaticUserFilter) to context logs
2019-09-25 05:07:06,935 [main] INFO  http.HttpServer2 (HttpServer2.java:addFilter(958)) - Added filter static_user_filter (class=org.apache.hadoop.http.lib.StaticUserWebFilter$StaticUserFilter) to context static
2019-09-25 05:07:06,936 [main] INFO  http.HttpServer2 (HttpServer2.java:bindListener(1191)) - Jetty bound to port 45966
2019-09-25 05:07:06,937 [main] INFO  server.Server (Server.java:doStart(351)) - jetty-9.3.25.v20180904, build timestamp: 2018-09-04T21:11:46Z, git hash: 3ce520221d0240229c862b122d2b06c12a625732
2019-09-25 05:07:06,939 [main] INFO  handler.ContextHandler (ContextHandler.java:doStart(781)) - Started o.e.j.s.ServletContextHandler@493b01ef{/logs,file:///workdir/hadoop-ozone/integration-test/target/log,AVAILABLE}
2019-09-25 05:07:06,940 [main] INFO  handler.ContextHandler (ContextHandler.java:doStart(781)) - Started o.e.j.s.ServletContextHandler@55fee662{/static,file:///workdir/hadoop-ozone/integration-test/target/test-classes/webapps/static,AVAILABLE}
2019-09-25 05:07:06,945 [main] INFO  handler.ContextHandler (ContextHandler.java:doStart(781)) - Started o.e.j.w.WebAppContext@2ffb3aec{/,file:///workdir/hadoop-ozone/integration-test/target/test-classes/webapps/ozoneManager/,AVAILABLE}{/ozoneManager}
2019-09-25 05:07:06,946 [main] INFO  server.AbstractConnector (AbstractConnector.java:doStart(278)) - Started ServerConnector@786ff1cb{HTTP/1.1,[http/1.1]}{0.0.0.0:45966}
2019-09-25 05:07:06,947 [main] INFO  server.Server (Server.java:doStart(419)) - Started @208155ms
2019-09-25 05:07:06,947 [main] WARN  impl.MetricsSystemImpl (MetricsSystemImpl.java:register(276)) - Sink prometheus already exists!
2019-09-25 05:07:06,948 [main] INFO  server.BaseHttpServer (BaseHttpServer.java:updateConnectorAddress(215)) - HTTP server of OZONEMANAGER is listening at http://0.0.0.0:45966
2019-09-25 05:07:06,970 [main] INFO  impl.MetricsSystemImpl (MetricsSystemImpl.java:init(158)) - HddsDatanode metrics system started (again)
2019-09-25 05:07:06,973 [main] INFO  ozone.HddsDatanodeService (HddsDatanodeService.java:start(184)) - HddsDatanodeService host:pr-hdds-2174-pqx5g-486351168 ip:192.168.36.126
2019-09-25 05:07:06,979 [main] INFO  volume.HddsVolume (HddsVolume.java:<init>(176)) - Creating Volume: /workdir/hadoop-ozone/integration-test/target/test-dir/MiniOzoneClusterImpl-9445efff-1a51-4441-b04f-96fa6a6cc491/datanode-0/data/containers/hdds of  storage type : DISK and capacity : 1482555576320
2019-09-25 05:07:06,979 [main] INFO  volume.VolumeSet (VolumeSet.java:initializeVolumeSet(170)) - Added Volume : /workdir/hadoop-ozone/integration-test/target/test-dir/MiniOzoneClusterImpl-9445efff-1a51-4441-b04f-96fa6a6cc491/datanode-0/data/containers/hdds to VolumeSet
2019-09-25 05:07:06,979 [main] INFO  volume.ThrottledAsyncChecker (ThrottledAsyncChecker.java:schedule(139)) - Scheduling a check for org.apache.hadoop.ozone.container.common.volume.HddsVolume@22c53d82
2019-09-25 05:07:06,980 [main] INFO  volume.HddsVolumeChecker (HddsVolumeChecker.java:checkAllVolumes(202)) - Scheduled health check for volume org.apache.hadoop.ozone.container.common.volume.HddsVolume@22c53d82
2019-09-25 05:07:06,997 [main] INFO  impl.RaftServerProxy (ConfUtils.java:logGet(43)) - raft.rpc.type = GRPC (default)
2019-09-25 05:07:06,998 [main] INFO  grpc.GrpcFactory (GrpcFactory.java:checkPooledByteBufAllocatorUseCacheForAllThreads(45)) - PERFORMANCE WARNING: useCacheForAllThreads is true that may cause Netty to create a lot garbage objects and, as a result, trigger GC.
	It is recommended to disable useCacheForAllThreads by setting -Dorg.apache.ratis.thirdparty.io.netty.allocator.useCacheForAllThreads=false in command line.
2019-09-25 05:07:06,998 [main] INFO  grpc.GrpcConfigKeys$Server (ConfUtils.java:logGet(43)) - raft.grpc.server.port = 0 (default)
2019-09-25 05:07:06,998 [main] INFO  server.GrpcService (ConfUtils.java:logGet(43)) - raft.grpc.message.size.max = 33570816 (custom)
2019-09-25 05:07:06,998 [main] INFO  server.RaftServerConfigKeys (ConfUtils.java:logGet(43)) - raft.server.log.appender.buffer.byte-limit = 33554432 (custom)
2019-09-25 05:07:06,999 [main] INFO  server.GrpcService (ConfUtils.java:logGet(43)) - raft.grpc.flow.control.window = 1MB (=1048576) (default)
2019-09-25 05:07:06,999 [main] INFO  server.RaftServerConfigKeys (ConfUtils.java:logGet(43)) - raft.server.rpc.request.timeout = 3000ms (default)
2019-09-25 05:07:07,000 [main] INFO  server.RaftServerConfigKeys (ConfUtils.java:logGet(43)) - raft.server.storage.dir = [/workdir/hadoop-ozone/integration-test/target/test-dir/MiniOzoneClusterImpl-9445efff-1a51-4441-b04f-96fa6a6cc491/datanode-0/data/ratis] (custom)
2019-09-25 05:07:07,002 [main] INFO  hdfs.DFSUtil (DFSUtil.java:httpServerTemplateForNNAndJN(1641)) - Starting Web-server for hddsDatanode at: http://0.0.0.0:0
2019-09-25 05:07:07,003 [main] INFO  server.AuthenticationFilter (AuthenticationFilter.java:constructSecretProvider(240)) - Unable to initialize FileSignerSecretProvider, falling back to use random secrets.
2019-09-25 05:07:07,004 [main] WARN  http.HttpRequestLog (HttpRequestLog.java:getRequestLog(97)) - Jetty request log can only be enabled using Log4j
2019-09-25 05:07:07,005 [main] INFO  http.HttpServer2 (HttpServer2.java:addGlobalFilter(975)) - Added global filter 'safety' (class=org.apache.hadoop.http.HttpServer2$QuotingInputFilter)
2019-09-25 05:07:07,006 [main] INFO  http.HttpServer2 (HttpServer2.java:addFilter(948)) - Added filter static_user_filter (class=org.apache.hadoop.http.lib.StaticUserWebFilter$StaticUserFilter) to context hddsDatanode
2019-09-25 05:07:07,006 [main] INFO  http.HttpServer2 (HttpServer2.java:addFilter(958)) - Added filter static_user_filter (class=org.apache.hadoop.http.lib.StaticUserWebFilter$StaticUserFilter) to context static
2019-09-25 05:07:07,006 [main] INFO  http.HttpServer2 (HttpServer2.java:addFilter(958)) - Added filter static_user_filter (class=org.apache.hadoop.http.lib.StaticUserWebFilter$StaticUserFilter) to context logs
2019-09-25 05:07:07,007 [main] INFO  http.HttpServer2 (HttpServer2.java:bindListener(1191)) - Jetty bound to port 44334
2019-09-25 05:07:07,007 [main] INFO  server.Server (Server.java:doStart(351)) - jetty-9.3.25.v20180904, build timestamp: 2018-09-04T21:11:46Z, git hash: 3ce520221d0240229c862b122d2b06c12a625732
2019-09-25 05:07:07,009 [main] INFO  handler.ContextHandler (ContextHandler.java:doStart(781)) - Started o.e.j.s.ServletContextHandler@1c3259fa{/logs,file:///workdir/hadoop-ozone/integration-test/target/log,AVAILABLE}
2019-09-25 05:07:07,009 [main] INFO  handler.ContextHandler (ContextHandler.java:doStart(781)) - Started o.e.j.s.ServletContextHandler@6807a356{/static,jar:file:/home/user/.m2/repository/org/apache/hadoop/hadoop-hdds-container-service/0.5.0-SNAPSHOT/hadoop-hdds-container-service-0.5.0-SNAPSHOT.jar!/webapps/static,AVAILABLE}
2019-09-25 05:07:07,037 [main] INFO  handler.ContextHandler (ContextHandler.java:doStart(781)) - Started o.e.j.w.WebAppContext@68f6e55d{/,file:///tmp/jetty-0.0.0.0-44334-hddsDatanode-_-any-1263952886679977240.dir/webapp/,AVAILABLE}{/hddsDatanode}
2019-09-25 05:07:07,038 [main] INFO  server.AbstractConnector (AbstractConnector.java:doStart(278)) - Started ServerConnector@6fff46bf{HTTP/1.1,[http/1.1]}{0.0.0.0:44334}
2019-09-25 05:07:07,039 [main] INFO  server.Server (Server.java:doStart(419)) - Started @208247ms
2019-09-25 05:07:07,039 [main] WARN  impl.MetricsSystemImpl (MetricsSystemImpl.java:register(276)) - Sink prometheus already exists!
2019-09-25 05:07:07,040 [main] INFO  server.BaseHttpServer (BaseHttpServer.java:updateConnectorAddress(215)) - HTTP server of HDDSDATANODE is listening at http://0.0.0.0:44334
2019-09-25 05:07:07,040 [main] INFO  impl.MetricsSystemImpl (MetricsSystemImpl.java:init(158)) - HddsDatanode metrics system started (again)
2019-09-25 05:07:07,042 [org.apache.hadoop.util.JvmPauseMonitor$Monitor@2eaf5dcf] INFO  util.JvmPauseMonitor (JvmPauseMonitor.java:run(188)) - Starting JVM pause monitor
2019-09-25 05:07:07,042 [main] INFO  ozone.HddsDatanodeService (HddsDatanodeService.java:start(184)) - HddsDatanodeService host:pr-hdds-2174-pqx5g-486351168 ip:192.168.36.126
2019-09-25 05:07:07,048 [main] INFO  volume.HddsVolume (HddsVolume.java:<init>(176)) - Creating Volume: /workdir/hadoop-ozone/integration-test/target/test-dir/MiniOzoneClusterImpl-9445efff-1a51-4441-b04f-96fa6a6cc491/datanode-1/data/containers/hdds of  storage type : DISK and capacity : 1482555576320
2019-09-25 05:07:07,048 [main] INFO  volume.VolumeSet (VolumeSet.java:initializeVolumeSet(170)) - Added Volume : /workdir/hadoop-ozone/integration-test/target/test-dir/MiniOzoneClusterImpl-9445efff-1a51-4441-b04f-96fa6a6cc491/datanode-1/data/containers/hdds to VolumeSet
2019-09-25 05:07:07,048 [main] INFO  volume.ThrottledAsyncChecker (ThrottledAsyncChecker.java:schedule(139)) - Scheduling a check for org.apache.hadoop.ozone.container.common.volume.HddsVolume@4d84049a
2019-09-25 05:07:07,049 [main] INFO  volume.HddsVolumeChecker (HddsVolumeChecker.java:checkAllVolumes(202)) - Scheduled health check for volume org.apache.hadoop.ozone.container.common.volume.HddsVolume@4d84049a
2019-09-25 05:07:07,051 [Datanode State Machine Thread - 0] INFO  datanode.InitDatanodeState (InitDatanodeState.java:persistContainerDatanodeDetails(140)) - DatanodeDetails is persisted to /workdir/hadoop-ozone/integration-test/target/test-dir/MiniOzoneClusterImpl-9445efff-1a51-4441-b04f-96fa6a6cc491/datanode-0/meta/datanode.id
2019-09-25 05:07:07,064 [main] INFO  impl.RaftServerProxy (ConfUtils.java:logGet(43)) - raft.rpc.type = GRPC (default)
2019-09-25 05:07:07,064 [main] INFO  grpc.GrpcFactory (GrpcFactory.java:checkPooledByteBufAllocatorUseCacheForAllThreads(45)) - PERFORMANCE WARNING: useCacheForAllThreads is true that may cause Netty to create a lot garbage objects and, as a result, trigger GC.
	It is recommended to disable useCacheForAllThreads by setting -Dorg.apache.ratis.thirdparty.io.netty.allocator.useCacheForAllThreads=false in command line.
2019-09-25 05:07:07,064 [main] INFO  grpc.GrpcConfigKeys$Server (ConfUtils.java:logGet(43)) - raft.grpc.server.port = 0 (default)
2019-09-25 05:07:07,064 [main] INFO  server.GrpcService (ConfUtils.java:logGet(43)) - raft.grpc.message.size.max = 33570816 (custom)
2019-09-25 05:07:07,065 [main] INFO  server.RaftServerConfigKeys (ConfUtils.java:logGet(43)) - raft.server.log.appender.buffer.byte-limit = 33554432 (custom)
2019-09-25 05:07:07,065 [main] INFO  server.GrpcService (ConfUtils.java:logGet(43)) - raft.grpc.flow.control.window = 1MB (=1048576) (default)
2019-09-25 05:07:07,065 [main] INFO  server.RaftServerConfigKeys (ConfUtils.java:logGet(43)) - raft.server.rpc.request.timeout = 3000ms (default)
2019-09-25 05:07:07,066 [main] INFO  server.RaftServerConfigKeys (ConfUtils.java:logGet(43)) - raft.server.storage.dir = [/workdir/hadoop-ozone/integration-test/target/test-dir/MiniOzoneClusterImpl-9445efff-1a51-4441-b04f-96fa6a6cc491/datanode-1/data/ratis] (custom)
2019-09-25 05:07:07,067 [main] INFO  hdfs.DFSUtil (DFSUtil.java:httpServerTemplateForNNAndJN(1641)) - Starting Web-server for hddsDatanode at: http://0.0.0.0:0
2019-09-25 05:07:07,070 [main] INFO  server.AuthenticationFilter (AuthenticationFilter.java:constructSecretProvider(240)) - Unable to initialize FileSignerSecretProvider, falling back to use random secrets.
2019-09-25 05:07:07,070 [main] WARN  http.HttpRequestLog (HttpRequestLog.java:getRequestLog(97)) - Jetty request log can only be enabled using Log4j
2019-09-25 05:07:07,073 [main] INFO  http.HttpServer2 (HttpServer2.java:addGlobalFilter(975)) - Added global filter 'safety' (class=org.apache.hadoop.http.HttpServer2$QuotingInputFilter)
2019-09-25 05:07:07,075 [main] INFO  http.HttpServer2 (HttpServer2.java:addFilter(948)) - Added filter static_user_filter (class=org.apache.hadoop.http.lib.StaticUserWebFilter$StaticUserFilter) to context hddsDatanode
2019-09-25 05:07:07,075 [main] INFO  http.HttpServer2 (HttpServer2.java:addFilter(958)) - Added filter static_user_filter (class=org.apache.hadoop.http.lib.StaticUserWebFilter$StaticUserFilter) to context logs
2019-09-25 05:07:07,075 [main] INFO  http.HttpServer2 (HttpServer2.java:addFilter(958)) - Added filter static_user_filter (class=org.apache.hadoop.http.lib.StaticUserWebFilter$StaticUserFilter) to context static
2019-09-25 05:07:07,076 [main] INFO  http.HttpServer2 (HttpServer2.java:bindListener(1191)) - Jetty bound to port 34746
2019-09-25 05:07:07,076 [main] INFO  server.Server (Server.java:doStart(351)) - jetty-9.3.25.v20180904, build timestamp: 2018-09-04T21:11:46Z, git hash: 3ce520221d0240229c862b122d2b06c12a625732
2019-09-25 05:07:07,079 [main] INFO  handler.ContextHandler (ContextHandler.java:doStart(781)) - Started o.e.j.s.ServletContextHandler@7b61bf11{/logs,file:///workdir/hadoop-ozone/integration-test/target/log,AVAILABLE}
2019-09-25 05:07:07,079 [main] INFO  handler.ContextHandler (ContextHandler.java:doStart(781)) - Started o.e.j.s.ServletContextHandler@3ff54f3d{/static,jar:file:/home/user/.m2/repository/org/apache/hadoop/hadoop-hdds-container-service/0.5.0-SNAPSHOT/hadoop-hdds-container-service-0.5.0-SNAPSHOT.jar!/webapps/static,AVAILABLE}
2019-09-25 05:07:07,123 [main] INFO  handler.ContextHandler (ContextHandler.java:doStart(781)) - Started o.e.j.w.WebAppContext@3b55dd15{/,file:///tmp/jetty-0.0.0.0-34746-hddsDatanode-_-any-818063257964724194.dir/webapp/,AVAILABLE}{/hddsDatanode}
2019-09-25 05:07:07,124 [main] INFO  server.AbstractConnector (AbstractConnector.java:doStart(278)) - Started ServerConnector@f3560d4{HTTP/1.1,[http/1.1]}{0.0.0.0:34746}
2019-09-25 05:07:07,125 [main] INFO  server.Server (Server.java:doStart(419)) - Started @208334ms
2019-09-25 05:07:07,125 [main] WARN  impl.MetricsSystemImpl (MetricsSystemImpl.java:register(276)) - Sink prometheus already exists!
2019-09-25 05:07:07,126 [main] INFO  server.BaseHttpServer (BaseHttpServer.java:updateConnectorAddress(215)) - HTTP server of HDDSDATANODE is listening at http://0.0.0.0:34746
2019-09-25 05:07:07,127 [main] INFO  impl.MetricsSystemImpl (MetricsSystemImpl.java:init(158)) - HddsDatanode metrics system started (again)
2019-09-25 05:07:07,129 [org.apache.hadoop.util.JvmPauseMonitor$Monitor@1a1e7b13] INFO  util.JvmPauseMonitor (JvmPauseMonitor.java:run(188)) - Starting JVM pause monitor
2019-09-25 05:07:07,129 [main] INFO  ozone.HddsDatanodeService (HddsDatanodeService.java:start(184)) - HddsDatanodeService host:pr-hdds-2174-pqx5g-486351168 ip:192.168.36.126
2019-09-25 05:07:07,131 [Datanode State Machine Thread - 0] INFO  datanode.InitDatanodeState (InitDatanodeState.java:persistContainerDatanodeDetails(140)) - DatanodeDetails is persisted to /workdir/hadoop-ozone/integration-test/target/test-dir/MiniOzoneClusterImpl-9445efff-1a51-4441-b04f-96fa6a6cc491/datanode-1/meta/datanode.id
2019-09-25 05:07:07,139 [main] INFO  volume.HddsVolume (HddsVolume.java:<init>(176)) - Creating Volume: /workdir/hadoop-ozone/integration-test/target/test-dir/MiniOzoneClusterImpl-9445efff-1a51-4441-b04f-96fa6a6cc491/datanode-2/data/containers/hdds of  storage type : DISK and capacity : 1482555576320
2019-09-25 05:07:07,140 [main] INFO  volume.VolumeSet (VolumeSet.java:initializeVolumeSet(170)) - Added Volume : /workdir/hadoop-ozone/integration-test/target/test-dir/MiniOzoneClusterImpl-9445efff-1a51-4441-b04f-96fa6a6cc491/datanode-2/data/containers/hdds to VolumeSet
2019-09-25 05:07:07,140 [main] INFO  volume.ThrottledAsyncChecker (ThrottledAsyncChecker.java:schedule(139)) - Scheduling a check for org.apache.hadoop.ozone.container.common.volume.HddsVolume@b0fd744
2019-09-25 05:07:07,141 [main] INFO  volume.HddsVolumeChecker (HddsVolumeChecker.java:checkAllVolumes(202)) - Scheduled health check for volume org.apache.hadoop.ozone.container.common.volume.HddsVolume@b0fd744
2019-09-25 05:07:07,161 [main] INFO  impl.RaftServerProxy (ConfUtils.java:logGet(43)) - raft.rpc.type = GRPC (default)
2019-09-25 05:07:07,162 [main] INFO  grpc.GrpcFactory (GrpcFactory.java:checkPooledByteBufAllocatorUseCacheForAllThreads(45)) - PERFORMANCE WARNING: useCacheForAllThreads is true that may cause Netty to create a lot garbage objects and, as a result, trigger GC.
	It is recommended to disable useCacheForAllThreads by setting -Dorg.apache.ratis.thirdparty.io.netty.allocator.useCacheForAllThreads=false in command line.
2019-09-25 05:07:07,162 [main] INFO  grpc.GrpcConfigKeys$Server (ConfUtils.java:logGet(43)) - raft.grpc.server.port = 0 (default)
2019-09-25 05:07:07,162 [main] INFO  server.GrpcService (ConfUtils.java:logGet(43)) - raft.grpc.message.size.max = 33570816 (custom)
2019-09-25 05:07:07,162 [main] INFO  server.RaftServerConfigKeys (ConfUtils.java:logGet(43)) - raft.server.log.appender.buffer.byte-limit = 33554432 (custom)
2019-09-25 05:07:07,162 [main] INFO  server.GrpcService (ConfUtils.java:logGet(43)) - raft.grpc.flow.control.window = 1MB (=1048576) (default)
2019-09-25 05:07:07,163 [main] INFO  server.RaftServerConfigKeys (ConfUtils.java:logGet(43)) - raft.server.rpc.request.timeout = 3000ms (default)
2019-09-25 05:07:07,163 [main] INFO  server.RaftServerConfigKeys (ConfUtils.java:logGet(43)) - raft.server.storage.dir = [/workdir/hadoop-ozone/integration-test/target/test-dir/MiniOzoneClusterImpl-9445efff-1a51-4441-b04f-96fa6a6cc491/datanode-2/data/ratis] (custom)
2019-09-25 05:07:07,165 [main] INFO  hdfs.DFSUtil (DFSUtil.java:httpServerTemplateForNNAndJN(1641)) - Starting Web-server for hddsDatanode at: http://0.0.0.0:0
2019-09-25 05:07:07,166 [main] INFO  server.AuthenticationFilter (AuthenticationFilter.java:constructSecretProvider(240)) - Unable to initialize FileSignerSecretProvider, falling back to use random secrets.
2019-09-25 05:07:07,167 [main] WARN  http.HttpRequestLog (HttpRequestLog.java:getRequestLog(97)) - Jetty request log can only be enabled using Log4j
2019-09-25 05:07:07,168 [main] INFO  http.HttpServer2 (HttpServer2.java:addGlobalFilter(975)) - Added global filter 'safety' (class=org.apache.hadoop.http.HttpServer2$QuotingInputFilter)
2019-09-25 05:07:07,169 [main] INFO  http.HttpServer2 (HttpServer2.java:addFilter(948)) - Added filter static_user_filter (class=org.apache.hadoop.http.lib.StaticUserWebFilter$StaticUserFilter) to context hddsDatanode
2019-09-25 05:07:07,169 [main] INFO  http.HttpServer2 (HttpServer2.java:addFilter(958)) - Added filter static_user_filter (class=org.apache.hadoop.http.lib.StaticUserWebFilter$StaticUserFilter) to context logs
2019-09-25 05:07:07,169 [main] INFO  http.HttpServer2 (HttpServer2.java:addFilter(958)) - Added filter static_user_filter (class=org.apache.hadoop.http.lib.StaticUserWebFilter$StaticUserFilter) to context static
2019-09-25 05:07:07,170 [main] INFO  http.HttpServer2 (HttpServer2.java:bindListener(1191)) - Jetty bound to port 37516
2019-09-25 05:07:07,170 [main] INFO  server.Server (Server.java:doStart(351)) - jetty-9.3.25.v20180904, build timestamp: 2018-09-04T21:11:46Z, git hash: 3ce520221d0240229c862b122d2b06c12a625732
2019-09-25 05:07:07,172 [main] INFO  handler.ContextHandler (ContextHandler.java:doStart(781)) - Started o.e.j.s.ServletContextHandler@3f6bf8aa{/logs,file:///workdir/hadoop-ozone/integration-test/target/log,AVAILABLE}
2019-09-25 05:07:07,173 [main] INFO  handler.ContextHandler (ContextHandler.java:doStart(781)) - Started o.e.j.s.ServletContextHandler@4bdf{/static,jar:file:/home/user/.m2/repository/org/apache/hadoop/hadoop-hdds-container-service/0.5.0-SNAPSHOT/hadoop-hdds-container-service-0.5.0-SNAPSHOT.jar!/webapps/static,AVAILABLE}
2019-09-25 05:07:07,202 [main] INFO  handler.ContextHandler (ContextHandler.java:doStart(781)) - Started o.e.j.w.WebAppContext@46dcbeab{/,file:///tmp/jetty-0.0.0.0-37516-hddsDatanode-_-any-4468435108837652029.dir/webapp/,AVAILABLE}{/hddsDatanode}
2019-09-25 05:07:07,203 [main] INFO  server.AbstractConnector (AbstractConnector.java:doStart(278)) - Started ServerConnector@36e43829{HTTP/1.1,[http/1.1]}{0.0.0.0:37516}
2019-09-25 05:07:07,204 [main] INFO  server.Server (Server.java:doStart(419)) - Started @208412ms
2019-09-25 05:07:07,204 [main] WARN  impl.MetricsSystemImpl (MetricsSystemImpl.java:register(276)) - Sink prometheus already exists!
2019-09-25 05:07:07,205 [main] INFO  server.BaseHttpServer (BaseHttpServer.java:updateConnectorAddress(215)) - HTTP server of HDDSDATANODE is listening at http://0.0.0.0:37516
2019-09-25 05:07:07,206 [main] INFO  impl.MetricsSystemImpl (MetricsSystemImpl.java:init(158)) - HddsDatanode metrics system started (again)
2019-09-25 05:07:07,210 [org.apache.hadoop.util.JvmPauseMonitor$Monitor@5a77046] INFO  util.JvmPauseMonitor (JvmPauseMonitor.java:run(188)) - Starting JVM pause monitor
2019-09-25 05:07:07,211 [main] INFO  ozone.HddsDatanodeService (HddsDatanodeService.java:start(184)) - HddsDatanodeService host:pr-hdds-2174-pqx5g-486351168 ip:192.168.36.126
2019-09-25 05:07:07,212 [Datanode State Machine Thread - 0] INFO  datanode.InitDatanodeState (InitDatanodeState.java:persistContainerDatanodeDetails(140)) - DatanodeDetails is persisted to /workdir/hadoop-ozone/integration-test/target/test-dir/MiniOzoneClusterImpl-9445efff-1a51-4441-b04f-96fa6a6cc491/datanode-2/meta/datanode.id
2019-09-25 05:07:07,218 [main] INFO  volume.HddsVolume (HddsVolume.java:<init>(176)) - Creating Volume: /workdir/hadoop-ozone/integration-test/target/test-dir/MiniOzoneClusterImpl-9445efff-1a51-4441-b04f-96fa6a6cc491/datanode-3/data/containers/hdds of  storage type : DISK and capacity : 1482555576320
2019-09-25 05:07:07,218 [main] INFO  volume.VolumeSet (VolumeSet.java:initializeVolumeSet(170)) - Added Volume : /workdir/hadoop-ozone/integration-test/target/test-dir/MiniOzoneClusterImpl-9445efff-1a51-4441-b04f-96fa6a6cc491/datanode-3/data/containers/hdds to VolumeSet
2019-09-25 05:07:07,218 [main] INFO  volume.ThrottledAsyncChecker (ThrottledAsyncChecker.java:schedule(139)) - Scheduling a check for org.apache.hadoop.ozone.container.common.volume.HddsVolume@10272bbb
2019-09-25 05:07:07,219 [main] INFO  volume.HddsVolumeChecker (HddsVolumeChecker.java:checkAllVolumes(202)) - Scheduled health check for volume org.apache.hadoop.ozone.container.common.volume.HddsVolume@10272bbb
2019-09-25 05:07:07,243 [main] INFO  impl.RaftServerProxy (ConfUtils.java:logGet(43)) - raft.rpc.type = GRPC (default)
2019-09-25 05:07:07,243 [main] INFO  grpc.GrpcFactory (GrpcFactory.java:checkPooledByteBufAllocatorUseCacheForAllThreads(45)) - PERFORMANCE WARNING: useCacheForAllThreads is true that may cause Netty to create a lot garbage objects and, as a result, trigger GC.
	It is recommended to disable useCacheForAllThreads by setting -Dorg.apache.ratis.thirdparty.io.netty.allocator.useCacheForAllThreads=false in command line.
2019-09-25 05:07:07,243 [main] INFO  grpc.GrpcConfigKeys$Server (ConfUtils.java:logGet(43)) - raft.grpc.server.port = 0 (default)
2019-09-25 05:07:07,244 [main] INFO  server.GrpcService (ConfUtils.java:logGet(43)) - raft.grpc.message.size.max = 33570816 (custom)
2019-09-25 05:07:07,244 [main] INFO  server.RaftServerConfigKeys (ConfUtils.java:logGet(43)) - raft.server.log.appender.buffer.byte-limit = 33554432 (custom)
2019-09-25 05:07:07,244 [main] INFO  server.GrpcService (ConfUtils.java:logGet(43)) - raft.grpc.flow.control.window = 1MB (=1048576) (default)
2019-09-25 05:07:07,244 [main] INFO  server.RaftServerConfigKeys (ConfUtils.java:logGet(43)) - raft.server.rpc.request.timeout = 3000ms (default)
2019-09-25 05:07:07,245 [main] INFO  server.RaftServerConfigKeys (ConfUtils.java:logGet(43)) - raft.server.storage.dir = [/workdir/hadoop-ozone/integration-test/target/test-dir/MiniOzoneClusterImpl-9445efff-1a51-4441-b04f-96fa6a6cc491/datanode-3/data/ratis] (custom)
2019-09-25 05:07:07,247 [main] INFO  hdfs.DFSUtil (DFSUtil.java:httpServerTemplateForNNAndJN(1641)) - Starting Web-server for hddsDatanode at: http://0.0.0.0:0
2019-09-25 05:07:07,248 [main] INFO  server.AuthenticationFilter (AuthenticationFilter.java:constructSecretProvider(240)) - Unable to initialize FileSignerSecretProvider, falling back to use random secrets.
2019-09-25 05:07:07,249 [main] WARN  http.HttpRequestLog (HttpRequestLog.java:getRequestLog(97)) - Jetty request log can only be enabled using Log4j
2019-09-25 05:07:07,251 [main] INFO  http.HttpServer2 (HttpServer2.java:addGlobalFilter(975)) - Added global filter 'safety' (class=org.apache.hadoop.http.HttpServer2$QuotingInputFilter)
2019-09-25 05:07:07,252 [main] INFO  http.HttpServer2 (HttpServer2.java:addFilter(948)) - Added filter static_user_filter (class=org.apache.hadoop.http.lib.StaticUserWebFilter$StaticUserFilter) to context hddsDatanode
2019-09-25 05:07:07,252 [main] INFO  http.HttpServer2 (HttpServer2.java:addFilter(958)) - Added filter static_user_filter (class=org.apache.hadoop.http.lib.StaticUserWebFilter$StaticUserFilter) to context static
2019-09-25 05:07:07,252 [main] INFO  http.HttpServer2 (HttpServer2.java:addFilter(958)) - Added filter static_user_filter (class=org.apache.hadoop.http.lib.StaticUserWebFilter$StaticUserFilter) to context logs
2019-09-25 05:07:07,253 [main] INFO  http.HttpServer2 (HttpServer2.java:bindListener(1191)) - Jetty bound to port 35007
2019-09-25 05:07:07,253 [main] INFO  server.Server (Server.java:doStart(351)) - jetty-9.3.25.v20180904, build timestamp: 2018-09-04T21:11:46Z, git hash: 3ce520221d0240229c862b122d2b06c12a625732
2019-09-25 05:07:07,255 [main] INFO  handler.ContextHandler (ContextHandler.java:doStart(781)) - Started o.e.j.s.ServletContextHandler@66a5755{/logs,file:///workdir/hadoop-ozone/integration-test/target/log,AVAILABLE}
2019-09-25 05:07:07,256 [main] INFO  handler.ContextHandler (ContextHandler.java:doStart(781)) - Started o.e.j.s.ServletContextHandler@6d6d480c{/static,jar:file:/home/user/.m2/repository/org/apache/hadoop/hadoop-hdds-container-service/0.5.0-SNAPSHOT/hadoop-hdds-container-service-0.5.0-SNAPSHOT.jar!/webapps/static,AVAILABLE}
2019-09-25 05:07:07,288 [main] INFO  handler.ContextHandler (ContextHandler.java:doStart(781)) - Started o.e.j.w.WebAppContext@4dde8976{/,file:///tmp/jetty-0.0.0.0-35007-hddsDatanode-_-any-1871105341161319163.dir/webapp/,AVAILABLE}{/hddsDatanode}
2019-09-25 05:07:07,289 [main] INFO  server.AbstractConnector (AbstractConnector.java:doStart(278)) - Started ServerConnector@4887de2b{HTTP/1.1,[http/1.1]}{0.0.0.0:35007}
2019-09-25 05:07:07,291 [main] INFO  server.Server (Server.java:doStart(419)) - Started @208499ms
2019-09-25 05:07:07,291 [main] WARN  impl.MetricsSystemImpl (MetricsSystemImpl.java:register(276)) - Sink prometheus already exists!
2019-09-25 05:07:07,292 [main] INFO  server.BaseHttpServer (BaseHttpServer.java:updateConnectorAddress(215)) - HTTP server of HDDSDATANODE is listening at http://0.0.0.0:35007
2019-09-25 05:07:07,292 [main] INFO  impl.MetricsSystemImpl (MetricsSystemImpl.java:init(158)) - HddsDatanode metrics system started (again)
2019-09-25 05:07:07,295 [org.apache.hadoop.util.JvmPauseMonitor$Monitor@1379ef64] INFO  util.JvmPauseMonitor (JvmPauseMonitor.java:run(188)) - Starting JVM pause monitor
2019-09-25 05:07:07,295 [main] INFO  ozone.HddsDatanodeService (HddsDatanodeService.java:start(184)) - HddsDatanodeService host:pr-hdds-2174-pqx5g-486351168 ip:192.168.36.126
2019-09-25 05:07:07,297 [Datanode State Machine Thread - 0] INFO  datanode.InitDatanodeState (InitDatanodeState.java:persistContainerDatanodeDetails(140)) - DatanodeDetails is persisted to /workdir/hadoop-ozone/integration-test/target/test-dir/MiniOzoneClusterImpl-9445efff-1a51-4441-b04f-96fa6a6cc491/datanode-3/meta/datanode.id
2019-09-25 05:07:07,300 [main] INFO  volume.HddsVolume (HddsVolume.java:<init>(176)) - Creating Volume: /workdir/hadoop-ozone/integration-test/target/test-dir/MiniOzoneClusterImpl-9445efff-1a51-4441-b04f-96fa6a6cc491/datanode-4/data/containers/hdds of  storage type : DISK and capacity : 1482555576320
2019-09-25 05:07:07,301 [main] INFO  volume.VolumeSet (VolumeSet.java:initializeVolumeSet(170)) - Added Volume : /workdir/hadoop-ozone/integration-test/target/test-dir/MiniOzoneClusterImpl-9445efff-1a51-4441-b04f-96fa6a6cc491/datanode-4/data/containers/hdds to VolumeSet
2019-09-25 05:07:07,301 [main] INFO  volume.ThrottledAsyncChecker (ThrottledAsyncChecker.java:schedule(139)) - Scheduling a check for org.apache.hadoop.ozone.container.common.volume.HddsVolume@1d858300
2019-09-25 05:07:07,301 [main] INFO  volume.HddsVolumeChecker (HddsVolumeChecker.java:checkAllVolumes(202)) - Scheduled health check for volume org.apache.hadoop.ozone.container.common.volume.HddsVolume@1d858300
2019-09-25 05:07:07,317 [main] INFO  impl.RaftServerProxy (ConfUtils.java:logGet(43)) - raft.rpc.type = GRPC (default)
2019-09-25 05:07:07,318 [main] INFO  grpc.GrpcFactory (GrpcFactory.java:checkPooledByteBufAllocatorUseCacheForAllThreads(45)) - PERFORMANCE WARNING: useCacheForAllThreads is true that may cause Netty to create a lot garbage objects and, as a result, trigger GC.
	It is recommended to disable useCacheForAllThreads by setting -Dorg.apache.ratis.thirdparty.io.netty.allocator.useCacheForAllThreads=false in command line.
2019-09-25 05:07:07,318 [main] INFO  grpc.GrpcConfigKeys$Server (ConfUtils.java:logGet(43)) - raft.grpc.server.port = 0 (default)
2019-09-25 05:07:07,318 [main] INFO  server.GrpcService (ConfUtils.java:logGet(43)) - raft.grpc.message.size.max = 33570816 (custom)
2019-09-25 05:07:07,318 [main] INFO  server.RaftServerConfigKeys (ConfUtils.java:logGet(43)) - raft.server.log.appender.buffer.byte-limit = 33554432 (custom)
2019-09-25 05:07:07,319 [main] INFO  server.GrpcService (ConfUtils.java:logGet(43)) - raft.grpc.flow.control.window = 1MB (=1048576) (default)
2019-09-25 05:07:07,319 [main] INFO  server.RaftServerConfigKeys (ConfUtils.java:logGet(43)) - raft.server.rpc.request.timeout = 3000ms (default)
2019-09-25 05:07:07,319 [main] INFO  server.RaftServerConfigKeys (ConfUtils.java:logGet(43)) - raft.server.storage.dir = [/workdir/hadoop-ozone/integration-test/target/test-dir/MiniOzoneClusterImpl-9445efff-1a51-4441-b04f-96fa6a6cc491/datanode-4/data/ratis] (custom)
2019-09-25 05:07:07,320 [main] INFO  hdfs.DFSUtil (DFSUtil.java:httpServerTemplateForNNAndJN(1641)) - Starting Web-server for hddsDatanode at: http://0.0.0.0:0
2019-09-25 05:07:07,322 [main] INFO  server.AuthenticationFilter (AuthenticationFilter.java:constructSecretProvider(240)) - Unable to initialize FileSignerSecretProvider, falling back to use random secrets.
2019-09-25 05:07:07,323 [main] WARN  http.HttpRequestLog (HttpRequestLog.java:getRequestLog(97)) - Jetty request log can only be enabled using Log4j
2019-09-25 05:07:07,324 [main] INFO  http.HttpServer2 (HttpServer2.java:addGlobalFilter(975)) - Added global filter 'safety' (class=org.apache.hadoop.http.HttpServer2$QuotingInputFilter)
2019-09-25 05:07:07,325 [main] INFO  http.HttpServer2 (HttpServer2.java:addFilter(948)) - Added filter static_user_filter (class=org.apache.hadoop.http.lib.StaticUserWebFilter$StaticUserFilter) to context hddsDatanode
2019-09-25 05:07:07,325 [main] INFO  http.HttpServer2 (HttpServer2.java:addFilter(958)) - Added filter static_user_filter (class=org.apache.hadoop.http.lib.StaticUserWebFilter$StaticUserFilter) to context logs
2019-09-25 05:07:07,325 [main] INFO  http.HttpServer2 (HttpServer2.java:addFilter(958)) - Added filter static_user_filter (class=org.apache.hadoop.http.lib.StaticUserWebFilter$StaticUserFilter) to context static
2019-09-25 05:07:07,326 [main] INFO  http.HttpServer2 (HttpServer2.java:bindListener(1191)) - Jetty bound to port 46468
2019-09-25 05:07:07,326 [main] INFO  server.Server (Server.java:doStart(351)) - jetty-9.3.25.v20180904, build timestamp: 2018-09-04T21:11:46Z, git hash: 3ce520221d0240229c862b122d2b06c12a625732
2019-09-25 05:07:07,329 [main] INFO  handler.ContextHandler (ContextHandler.java:doStart(781)) - Started o.e.j.s.ServletContextHandler@12c0c0b3{/logs,file:///workdir/hadoop-ozone/integration-test/target/log,AVAILABLE}
2019-09-25 05:07:07,329 [main] INFO  handler.ContextHandler (ContextHandler.java:doStart(781)) - Started o.e.j.s.ServletContextHandler@9c73fff{/static,jar:file:/home/user/.m2/repository/org/apache/hadoop/hadoop-hdds-container-service/0.5.0-SNAPSHOT/hadoop-hdds-container-service-0.5.0-SNAPSHOT.jar!/webapps/static,AVAILABLE}
2019-09-25 05:07:07,358 [main] INFO  handler.ContextHandler (ContextHandler.java:doStart(781)) - Started o.e.j.w.WebAppContext@29be997f{/,file:///tmp/jetty-0.0.0.0-46468-hddsDatanode-_-any-5217046873163583175.dir/webapp/,AVAILABLE}{/hddsDatanode}
2019-09-25 05:07:07,359 [main] INFO  server.AbstractConnector (AbstractConnector.java:doStart(278)) - Started ServerConnector@33eb6758{HTTP/1.1,[http/1.1]}{0.0.0.0:46468}
2019-09-25 05:07:07,360 [main] INFO  server.Server (Server.java:doStart(419)) - Started @208568ms
2019-09-25 05:07:07,360 [main] WARN  impl.MetricsSystemImpl (MetricsSystemImpl.java:register(276)) - Sink prometheus already exists!
2019-09-25 05:07:07,361 [main] INFO  server.BaseHttpServer (BaseHttpServer.java:updateConnectorAddress(215)) - HTTP server of HDDSDATANODE is listening at http://0.0.0.0:46468
2019-09-25 05:07:07,362 [main] INFO  impl.MetricsSystemImpl (MetricsSystemImpl.java:init(158)) - HddsDatanode metrics system started (again)
2019-09-25 05:07:07,363 [org.apache.hadoop.util.JvmPauseMonitor$Monitor@5b6b88a4] INFO  util.JvmPauseMonitor (JvmPauseMonitor.java:run(188)) - Starting JVM pause monitor
2019-09-25 05:07:07,365 [main] INFO  ozone.HddsDatanodeService (HddsDatanodeService.java:start(184)) - HddsDatanodeService host:pr-hdds-2174-pqx5g-486351168 ip:192.168.36.126
2019-09-25 05:07:07,366 [Datanode State Machine Thread - 0] INFO  datanode.InitDatanodeState (InitDatanodeState.java:persistContainerDatanodeDetails(140)) - DatanodeDetails is persisted to /workdir/hadoop-ozone/integration-test/target/test-dir/MiniOzoneClusterImpl-9445efff-1a51-4441-b04f-96fa6a6cc491/datanode-4/meta/datanode.id
2019-09-25 05:07:07,370 [main] INFO  volume.HddsVolume (HddsVolume.java:<init>(176)) - Creating Volume: /workdir/hadoop-ozone/integration-test/target/test-dir/MiniOzoneClusterImpl-9445efff-1a51-4441-b04f-96fa6a6cc491/datanode-5/data/containers/hdds of  storage type : DISK and capacity : 1482555576320
2019-09-25 05:07:07,370 [main] INFO  volume.VolumeSet (VolumeSet.java:initializeVolumeSet(170)) - Added Volume : /workdir/hadoop-ozone/integration-test/target/test-dir/MiniOzoneClusterImpl-9445efff-1a51-4441-b04f-96fa6a6cc491/datanode-5/data/containers/hdds to VolumeSet
2019-09-25 05:07:07,371 [main] INFO  volume.ThrottledAsyncChecker (ThrottledAsyncChecker.java:schedule(139)) - Scheduling a check for org.apache.hadoop.ozone.container.common.volume.HddsVolume@383c3eb3
2019-09-25 05:07:07,371 [main] INFO  volume.HddsVolumeChecker (HddsVolumeChecker.java:checkAllVolumes(202)) - Scheduled health check for volume org.apache.hadoop.ozone.container.common.volume.HddsVolume@383c3eb3
2019-09-25 05:07:07,387 [main] INFO  impl.RaftServerProxy (ConfUtils.java:logGet(43)) - raft.rpc.type = GRPC (default)
2019-09-25 05:07:07,387 [main] INFO  grpc.GrpcFactory (GrpcFactory.java:checkPooledByteBufAllocatorUseCacheForAllThreads(45)) - PERFORMANCE WARNING: useCacheForAllThreads is true that may cause Netty to create a lot garbage objects and, as a result, trigger GC.
	It is recommended to disable useCacheForAllThreads by setting -Dorg.apache.ratis.thirdparty.io.netty.allocator.useCacheForAllThreads=false in command line.
2019-09-25 05:07:07,388 [main] INFO  grpc.GrpcConfigKeys$Server (ConfUtils.java:logGet(43)) - raft.grpc.server.port = 0 (default)
2019-09-25 05:07:07,388 [main] INFO  server.GrpcService (ConfUtils.java:logGet(43)) - raft.grpc.message.size.max = 33570816 (custom)
2019-09-25 05:07:07,388 [main] INFO  server.RaftServerConfigKeys (ConfUtils.java:logGet(43)) - raft.server.log.appender.buffer.byte-limit = 33554432 (custom)
2019-09-25 05:07:07,388 [main] INFO  server.GrpcService (ConfUtils.java:logGet(43)) - raft.grpc.flow.control.window = 1MB (=1048576) (default)
2019-09-25 05:07:07,388 [main] INFO  server.RaftServerConfigKeys (ConfUtils.java:logGet(43)) - raft.server.rpc.request.timeout = 3000ms (default)
2019-09-25 05:07:07,389 [main] INFO  server.RaftServerConfigKeys (ConfUtils.java:logGet(43)) - raft.server.storage.dir = [/workdir/hadoop-ozone/integration-test/target/test-dir/MiniOzoneClusterImpl-9445efff-1a51-4441-b04f-96fa6a6cc491/datanode-5/data/ratis] (custom)
2019-09-25 05:07:07,390 [main] INFO  hdfs.DFSUtil (DFSUtil.java:httpServerTemplateForNNAndJN(1641)) - Starting Web-server for hddsDatanode at: http://0.0.0.0:0
2019-09-25 05:07:07,392 [main] INFO  server.AuthenticationFilter (AuthenticationFilter.java:constructSecretProvider(240)) - Unable to initialize FileSignerSecretProvider, falling back to use random secrets.
2019-09-25 05:07:07,393 [main] WARN  http.HttpRequestLog (HttpRequestLog.java:getRequestLog(97)) - Jetty request log can only be enabled using Log4j
2019-09-25 05:07:07,396 [main] INFO  http.HttpServer2 (HttpServer2.java:addGlobalFilter(975)) - Added global filter 'safety' (class=org.apache.hadoop.http.HttpServer2$QuotingInputFilter)
2019-09-25 05:07:07,397 [main] INFO  http.HttpServer2 (HttpServer2.java:addFilter(948)) - Added filter static_user_filter (class=org.apache.hadoop.http.lib.StaticUserWebFilter$StaticUserFilter) to context hddsDatanode
2019-09-25 05:07:07,397 [main] INFO  http.HttpServer2 (HttpServer2.java:addFilter(958)) - Added filter static_user_filter (class=org.apache.hadoop.http.lib.StaticUserWebFilter$StaticUserFilter) to context static
2019-09-25 05:07:07,398 [main] INFO  http.HttpServer2 (HttpServer2.java:addFilter(958)) - Added filter static_user_filter (class=org.apache.hadoop.http.lib.StaticUserWebFilter$StaticUserFilter) to context logs
2019-09-25 05:07:07,399 [main] INFO  http.HttpServer2 (HttpServer2.java:bindListener(1191)) - Jetty bound to port 45045
2019-09-25 05:07:07,399 [main] INFO  server.Server (Server.java:doStart(351)) - jetty-9.3.25.v20180904, build timestamp: 2018-09-04T21:11:46Z, git hash: 3ce520221d0240229c862b122d2b06c12a625732
2019-09-25 05:07:07,402 [main] INFO  handler.ContextHandler (ContextHandler.java:doStart(781)) - Started o.e.j.s.ServletContextHandler@640cc04b{/logs,file:///workdir/hadoop-ozone/integration-test/target/log,AVAILABLE}
2019-09-25 05:07:07,402 [main] INFO  handler.ContextHandler (ContextHandler.java:doStart(781)) - Started o.e.j.s.ServletContextHandler@22d322f5{/static,jar:file:/home/user/.m2/repository/org/apache/hadoop/hadoop-hdds-container-service/0.5.0-SNAPSHOT/hadoop-hdds-container-service-0.5.0-SNAPSHOT.jar!/webapps/static,AVAILABLE}
2019-09-25 05:07:07,450 [main] INFO  handler.ContextHandler (ContextHandler.java:doStart(781)) - Started o.e.j.w.WebAppContext@2e7bf7b7{/,file:///tmp/jetty-0.0.0.0-45045-hddsDatanode-_-any-7139483982992321680.dir/webapp/,AVAILABLE}{/hddsDatanode}
2019-09-25 05:07:07,450 [main] INFO  server.AbstractConnector (AbstractConnector.java:doStart(278)) - Started ServerConnector@2fb25f4c{HTTP/1.1,[http/1.1]}{0.0.0.0:45045}
2019-09-25 05:07:07,452 [main] INFO  server.Server (Server.java:doStart(419)) - Started @208660ms
2019-09-25 05:07:07,452 [main] WARN  impl.MetricsSystemImpl (MetricsSystemImpl.java:register(276)) - Sink prometheus already exists!
2019-09-25 05:07:07,453 [main] INFO  server.BaseHttpServer (BaseHttpServer.java:updateConnectorAddress(215)) - HTTP server of HDDSDATANODE is listening at http://0.0.0.0:45045
2019-09-25 05:07:07,453 [main] INFO  impl.MetricsSystemImpl (MetricsSystemImpl.java:init(158)) - HddsDatanode metrics system started (again)
2019-09-25 05:07:07,457 [org.apache.hadoop.util.JvmPauseMonitor$Monitor@4bcd490d] INFO  util.JvmPauseMonitor (JvmPauseMonitor.java:run(188)) - Starting JVM pause monitor
2019-09-25 05:07:07,459 [main] INFO  ozone.HddsDatanodeService (HddsDatanodeService.java:start(184)) - HddsDatanodeService host:pr-hdds-2174-pqx5g-486351168 ip:192.168.36.126
2019-09-25 05:07:07,459 [Datanode State Machine Thread - 0] INFO  datanode.InitDatanodeState (InitDatanodeState.java:persistContainerDatanodeDetails(140)) - DatanodeDetails is persisted to /workdir/hadoop-ozone/integration-test/target/test-dir/MiniOzoneClusterImpl-9445efff-1a51-4441-b04f-96fa6a6cc491/datanode-5/meta/datanode.id
2019-09-25 05:07:07,465 [main] INFO  volume.HddsVolume (HddsVolume.java:<init>(176)) - Creating Volume: /workdir/hadoop-ozone/integration-test/target/test-dir/MiniOzoneClusterImpl-9445efff-1a51-4441-b04f-96fa6a6cc491/datanode-6/data/containers/hdds of  storage type : DISK and capacity : 1482555576320
2019-09-25 05:07:07,466 [main] INFO  volume.VolumeSet (VolumeSet.java:initializeVolumeSet(170)) - Added Volume : /workdir/hadoop-ozone/integration-test/target/test-dir/MiniOzoneClusterImpl-9445efff-1a51-4441-b04f-96fa6a6cc491/datanode-6/data/containers/hdds to VolumeSet
2019-09-25 05:07:07,466 [main] INFO  volume.ThrottledAsyncChecker (ThrottledAsyncChecker.java:schedule(139)) - Scheduling a check for org.apache.hadoop.ozone.container.common.volume.HddsVolume@58a2d9f9
2019-09-25 05:07:07,467 [main] INFO  volume.HddsVolumeChecker (HddsVolumeChecker.java:checkAllVolumes(202)) - Scheduled health check for volume org.apache.hadoop.ozone.container.common.volume.HddsVolume@58a2d9f9
2019-09-25 05:07:07,490 [main] INFO  impl.RaftServerProxy (ConfUtils.java:logGet(43)) - raft.rpc.type = GRPC (default)
2019-09-25 05:07:07,490 [main] INFO  grpc.GrpcFactory (GrpcFactory.java:checkPooledByteBufAllocatorUseCacheForAllThreads(45)) - PERFORMANCE WARNING: useCacheForAllThreads is true that may cause Netty to create a lot garbage objects and, as a result, trigger GC.
	It is recommended to disable useCacheForAllThreads by setting -Dorg.apache.ratis.thirdparty.io.netty.allocator.useCacheForAllThreads=false in command line.
2019-09-25 05:07:07,490 [main] INFO  grpc.GrpcConfigKeys$Server (ConfUtils.java:logGet(43)) - raft.grpc.server.port = 0 (default)
2019-09-25 05:07:07,491 [main] INFO  server.GrpcService (ConfUtils.java:logGet(43)) - raft.grpc.message.size.max = 33570816 (custom)
2019-09-25 05:07:07,491 [main] INFO  server.RaftServerConfigKeys (ConfUtils.java:logGet(43)) - raft.server.log.appender.buffer.byte-limit = 33554432 (custom)
2019-09-25 05:07:07,491 [main] INFO  server.GrpcService (ConfUtils.java:logGet(43)) - raft.grpc.flow.control.window = 1MB (=1048576) (default)
2019-09-25 05:07:07,492 [main] INFO  server.RaftServerConfigKeys (ConfUtils.java:logGet(43)) - raft.server.rpc.request.timeout = 3000ms (default)
2019-09-25 05:07:07,492 [main] INFO  server.RaftServerConfigKeys (ConfUtils.java:logGet(43)) - raft.server.storage.dir = [/workdir/hadoop-ozone/integration-test/target/test-dir/MiniOzoneClusterImpl-9445efff-1a51-4441-b04f-96fa6a6cc491/datanode-6/data/ratis] (custom)
2019-09-25 05:07:07,494 [main] INFO  hdfs.DFSUtil (DFSUtil.java:httpServerTemplateForNNAndJN(1641)) - Starting Web-server for hddsDatanode at: http://0.0.0.0:0
2019-09-25 05:07:07,495 [main] INFO  server.AuthenticationFilter (AuthenticationFilter.java:constructSecretProvider(240)) - Unable to initialize FileSignerSecretProvider, falling back to use random secrets.
2019-09-25 05:07:07,496 [main] WARN  http.HttpRequestLog (HttpRequestLog.java:getRequestLog(97)) - Jetty request log can only be enabled using Log4j
2019-09-25 05:07:07,498 [main] INFO  http.HttpServer2 (HttpServer2.java:addGlobalFilter(975)) - Added global filter 'safety' (class=org.apache.hadoop.http.HttpServer2$QuotingInputFilter)
2019-09-25 05:07:07,499 [main] INFO  http.HttpServer2 (HttpServer2.java:addFilter(948)) - Added filter static_user_filter (class=org.apache.hadoop.http.lib.StaticUserWebFilter$StaticUserFilter) to context hddsDatanode
2019-09-25 05:07:07,500 [main] INFO  http.HttpServer2 (HttpServer2.java:addFilter(958)) - Added filter static_user_filter (class=org.apache.hadoop.http.lib.StaticUserWebFilter$StaticUserFilter) to context logs
2019-09-25 05:07:07,500 [main] INFO  http.HttpServer2 (HttpServer2.java:addFilter(958)) - Added filter static_user_filter (class=org.apache.hadoop.http.lib.StaticUserWebFilter$StaticUserFilter) to context static
2019-09-25 05:07:07,501 [main] INFO  http.HttpServer2 (HttpServer2.java:bindListener(1191)) - Jetty bound to port 45494
2019-09-25 05:07:07,502 [main] INFO  server.Server (Server.java:doStart(351)) - jetty-9.3.25.v20180904, build timestamp: 2018-09-04T21:11:46Z, git hash: 3ce520221d0240229c862b122d2b06c12a625732
2019-09-25 05:07:07,504 [main] INFO  handler.ContextHandler (ContextHandler.java:doStart(781)) - Started o.e.j.s.ServletContextHandler@388623ad{/logs,file:///workdir/hadoop-ozone/integration-test/target/log,AVAILABLE}
2019-09-25 05:07:07,505 [main] INFO  handler.ContextHandler (ContextHandler.java:doStart(781)) - Started o.e.j.s.ServletContextHandler@46e3559f{/static,jar:file:/home/user/.m2/repository/org/apache/hadoop/hadoop-hdds-container-service/0.5.0-SNAPSHOT/hadoop-hdds-container-service-0.5.0-SNAPSHOT.jar!/webapps/static,AVAILABLE}
2019-09-25 05:07:07,545 [main] INFO  handler.ContextHandler (ContextHandler.java:doStart(781)) - Started o.e.j.w.WebAppContext@1290ed28{/,file:///tmp/jetty-0.0.0.0-45494-hddsDatanode-_-any-8503051884569822992.dir/webapp/,AVAILABLE}{/hddsDatanode}
2019-09-25 05:07:07,545 [main] INFO  server.AbstractConnector (AbstractConnector.java:doStart(278)) - Started ServerConnector@7a3269f5{HTTP/1.1,[http/1.1]}{0.0.0.0:45494}
2019-09-25 05:07:07,547 [main] INFO  server.Server (Server.java:doStart(419)) - Started @208755ms
2019-09-25 05:07:07,547 [main] WARN  impl.MetricsSystemImpl (MetricsSystemImpl.java:register(276)) - Sink prometheus already exists!
2019-09-25 05:07:07,548 [main] INFO  server.BaseHttpServer (BaseHttpServer.java:updateConnectorAddress(215)) - HTTP server of HDDSDATANODE is listening at http://0.0.0.0:45494
2019-09-25 05:07:07,548 [main] INFO  ozone.MiniOzoneClusterImpl (MiniOzoneClusterImpl.java:lambda$waitForClusterToBeReady$0(147)) - Waiting for cluster to be ready. Got 0 of 7 DN Heartbeats.
2019-09-25 05:07:07,550 [org.apache.hadoop.util.JvmPauseMonitor$Monitor@9a41f05] INFO  util.JvmPauseMonitor (JvmPauseMonitor.java:run(188)) - Starting JVM pause monitor
2019-09-25 05:07:07,551 [Datanode State Machine Thread - 0] INFO  datanode.InitDatanodeState (InitDatanodeState.java:persistContainerDatanodeDetails(140)) - DatanodeDetails is persisted to /workdir/hadoop-ozone/integration-test/target/test-dir/MiniOzoneClusterImpl-9445efff-1a51-4441-b04f-96fa6a6cc491/datanode-6/meta/datanode.id
2019-09-25 05:07:08,549 [main] INFO  ozone.MiniOzoneClusterImpl (MiniOzoneClusterImpl.java:lambda$waitForClusterToBeReady$0(147)) - Waiting for cluster to be ready. Got 0 of 7 DN Heartbeats.
2019-09-25 05:07:09,076 [Datanode State Machine Thread - 0] INFO  ozoneimpl.OzoneContainer (OzoneContainer.java:start(217)) - Attempting to start container services.
2019-09-25 05:07:09,076 [Datanode State Machine Thread - 0] INFO  ozoneimpl.OzoneContainer (OzoneContainer.java:startContainerScrub(179)) - Background container scanner has been disabled.
2019-09-25 05:07:09,076 [Datanode State Machine Thread - 0] INFO  ratis.XceiverServerRatis (XceiverServerRatis.java:start(411)) - Starting XceiverServerRatis d10fc367-6717-4be7-9c4c-7b0b4f4b0759 at port 0
2019-09-25 05:07:09,084 [Datanode State Machine Thread - 0] INFO  impl.RaftServerProxy (RaftServerProxy.java:lambda$start$3(299)) - d10fc367-6717-4be7-9c4c-7b0b4f4b0759: start RPC server
2019-09-25 05:07:09,087 [Datanode State Machine Thread - 0] INFO  server.GrpcService (GrpcService.java:startImpl(158)) - d10fc367-6717-4be7-9c4c-7b0b4f4b0759: GrpcService started, listening on 0.0.0.0/0.0.0.0:35315
2019-09-25 05:07:09,087 [Datanode State Machine Thread - 0] INFO  ratis.XceiverServerRatis (XceiverServerRatis.java:start(421)) - XceiverServerRatis d10fc367-6717-4be7-9c4c-7b0b4f4b0759 is started using port 35315
2019-09-25 05:07:09,088 [Datanode State Machine Thread - 0] INFO  server.XceiverServerGrpc (XceiverServerGrpc.java:start(149)) - XceiverServerGrpc d10fc367-6717-4be7-9c4c-7b0b4f4b0759 is started using port 45696
2019-09-25 05:07:09,147 [Datanode State Machine Thread - 0] INFO  ozoneimpl.OzoneContainer (OzoneContainer.java:start(217)) - Attempting to start container services.
2019-09-25 05:07:09,147 [Datanode State Machine Thread - 0] INFO  ozoneimpl.OzoneContainer (OzoneContainer.java:startContainerScrub(179)) - Background container scanner has been disabled.
2019-09-25 05:07:09,147 [Datanode State Machine Thread - 0] INFO  ratis.XceiverServerRatis (XceiverServerRatis.java:start(411)) - Starting XceiverServerRatis c0eca757-0426-4809-8d60-c283fabf02c6 at port 0
2019-09-25 05:07:09,156 [Datanode State Machine Thread - 0] INFO  impl.RaftServerProxy (RaftServerProxy.java:lambda$start$3(299)) - c0eca757-0426-4809-8d60-c283fabf02c6: start RPC server
2019-09-25 05:07:09,156 [Datanode State Machine Thread - 0] INFO  server.GrpcService (GrpcService.java:startImpl(158)) - c0eca757-0426-4809-8d60-c283fabf02c6: GrpcService started, listening on 0.0.0.0/0.0.0.0:34880
2019-09-25 05:07:09,157 [Datanode State Machine Thread - 0] INFO  ratis.XceiverServerRatis (XceiverServerRatis.java:start(421)) - XceiverServerRatis c0eca757-0426-4809-8d60-c283fabf02c6 is started using port 34880
2019-09-25 05:07:09,157 [Datanode State Machine Thread - 0] INFO  server.XceiverServerGrpc (XceiverServerGrpc.java:start(149)) - XceiverServerGrpc c0eca757-0426-4809-8d60-c283fabf02c6 is started using port 34994
2019-09-25 05:07:09,246 [Datanode State Machine Thread - 0] INFO  ozoneimpl.OzoneContainer (OzoneContainer.java:start(217)) - Attempting to start container services.
2019-09-25 05:07:09,246 [Datanode State Machine Thread - 0] INFO  ozoneimpl.OzoneContainer (OzoneContainer.java:startContainerScrub(179)) - Background container scanner has been disabled.
2019-09-25 05:07:09,246 [Datanode State Machine Thread - 0] INFO  ratis.XceiverServerRatis (XceiverServerRatis.java:start(411)) - Starting XceiverServerRatis 337eba68-33ee-48dd-bb88-253007d49397 at port 0
2019-09-25 05:07:09,253 [Datanode State Machine Thread - 0] INFO  impl.RaftServerProxy (RaftServerProxy.java:lambda$start$3(299)) - 337eba68-33ee-48dd-bb88-253007d49397: start RPC server
2019-09-25 05:07:09,261 [Datanode State Machine Thread - 0] INFO  server.GrpcService (GrpcService.java:startImpl(158)) - 337eba68-33ee-48dd-bb88-253007d49397: GrpcService started, listening on 0.0.0.0/0.0.0.0:37092
2019-09-25 05:07:09,261 [Datanode State Machine Thread - 0] INFO  ratis.XceiverServerRatis (XceiverServerRatis.java:start(421)) - XceiverServerRatis 337eba68-33ee-48dd-bb88-253007d49397 is started using port 37092
2019-09-25 05:07:09,266 [Datanode State Machine Thread - 0] INFO  server.XceiverServerGrpc (XceiverServerGrpc.java:start(149)) - XceiverServerGrpc 337eba68-33ee-48dd-bb88-253007d49397 is started using port 44843
2019-09-25 05:07:09,313 [Datanode State Machine Thread - 0] INFO  ozoneimpl.OzoneContainer (OzoneContainer.java:start(217)) - Attempting to start container services.
2019-09-25 05:07:09,313 [Datanode State Machine Thread - 0] INFO  ozoneimpl.OzoneContainer (OzoneContainer.java:startContainerScrub(179)) - Background container scanner has been disabled.
2019-09-25 05:07:09,313 [Datanode State Machine Thread - 0] INFO  ratis.XceiverServerRatis (XceiverServerRatis.java:start(411)) - Starting XceiverServerRatis 59abef46-29ea-4eff-a512-e596f80f6db1 at port 0
2019-09-25 05:07:09,320 [Datanode State Machine Thread - 0] INFO  impl.RaftServerProxy (RaftServerProxy.java:lambda$start$3(299)) - 59abef46-29ea-4eff-a512-e596f80f6db1: start RPC server
2019-09-25 05:07:09,323 [Datanode State Machine Thread - 0] INFO  server.GrpcService (GrpcService.java:startImpl(158)) - 59abef46-29ea-4eff-a512-e596f80f6db1: GrpcService started, listening on 0.0.0.0/0.0.0.0:38401
2019-09-25 05:07:09,323 [Datanode State Machine Thread - 0] INFO  ratis.XceiverServerRatis (XceiverServerRatis.java:start(421)) - XceiverServerRatis 59abef46-29ea-4eff-a512-e596f80f6db1 is started using port 38401
2019-09-25 05:07:09,326 [Datanode State Machine Thread - 0] INFO  server.XceiverServerGrpc (XceiverServerGrpc.java:start(149)) - XceiverServerGrpc 59abef46-29ea-4eff-a512-e596f80f6db1 is started using port 43080
2019-09-25 05:07:09,388 [Datanode State Machine Thread - 0] INFO  ozoneimpl.OzoneContainer (OzoneContainer.java:start(217)) - Attempting to start container services.
2019-09-25 05:07:09,389 [Datanode State Machine Thread - 0] INFO  ozoneimpl.OzoneContainer (OzoneContainer.java:startContainerScrub(179)) - Background container scanner has been disabled.
2019-09-25 05:07:09,389 [Datanode State Machine Thread - 0] INFO  ratis.XceiverServerRatis (XceiverServerRatis.java:start(411)) - Starting XceiverServerRatis caeda6cb-6345-44ea-a0d4-5f314a967b77 at port 0
2019-09-25 05:07:09,397 [Datanode State Machine Thread - 0] INFO  impl.RaftServerProxy (RaftServerProxy.java:lambda$start$3(299)) - caeda6cb-6345-44ea-a0d4-5f314a967b77: start RPC server
2019-09-25 05:07:09,398 [Datanode State Machine Thread - 0] INFO  server.GrpcService (GrpcService.java:startImpl(158)) - caeda6cb-6345-44ea-a0d4-5f314a967b77: GrpcService started, listening on 0.0.0.0/0.0.0.0:40532
2019-09-25 05:07:09,398 [Datanode State Machine Thread - 0] INFO  ratis.XceiverServerRatis (XceiverServerRatis.java:start(421)) - XceiverServerRatis caeda6cb-6345-44ea-a0d4-5f314a967b77 is started using port 40532
2019-09-25 05:07:09,399 [Datanode State Machine Thread - 0] INFO  server.XceiverServerGrpc (XceiverServerGrpc.java:start(149)) - XceiverServerGrpc caeda6cb-6345-44ea-a0d4-5f314a967b77 is started using port 38826
2019-09-25 05:07:09,480 [Datanode State Machine Thread - 0] INFO  ozoneimpl.OzoneContainer (OzoneContainer.java:start(217)) - Attempting to start container services.
2019-09-25 05:07:09,481 [Datanode State Machine Thread - 0] INFO  ozoneimpl.OzoneContainer (OzoneContainer.java:startContainerScrub(179)) - Background container scanner has been disabled.
2019-09-25 05:07:09,481 [Datanode State Machine Thread - 0] INFO  ratis.XceiverServerRatis (XceiverServerRatis.java:start(411)) - Starting XceiverServerRatis 158ad28b-aa8e-4172-b96b-cbb323932650 at port 0
2019-09-25 05:07:09,489 [Datanode State Machine Thread - 0] INFO  impl.RaftServerProxy (RaftServerProxy.java:lambda$start$3(299)) - 158ad28b-aa8e-4172-b96b-cbb323932650: start RPC server
2019-09-25 05:07:09,490 [Datanode State Machine Thread - 0] INFO  server.GrpcService (GrpcService.java:startImpl(158)) - 158ad28b-aa8e-4172-b96b-cbb323932650: GrpcService started, listening on 0.0.0.0/0.0.0.0:34188
2019-09-25 05:07:09,490 [Datanode State Machine Thread - 0] INFO  ratis.XceiverServerRatis (XceiverServerRatis.java:start(421)) - XceiverServerRatis 158ad28b-aa8e-4172-b96b-cbb323932650 is started using port 34188
2019-09-25 05:07:09,490 [Datanode State Machine Thread - 0] INFO  server.XceiverServerGrpc (XceiverServerGrpc.java:start(149)) - XceiverServerGrpc 158ad28b-aa8e-4172-b96b-cbb323932650 is started using port 36342
2019-09-25 05:07:09,549 [main] INFO  ozone.MiniOzoneClusterImpl (MiniOzoneClusterImpl.java:lambda$waitForClusterToBeReady$0(147)) - Waiting for cluster to be ready. Got 0 of 7 DN Heartbeats.
2019-09-25 05:07:09,580 [Datanode State Machine Thread - 0] INFO  ozoneimpl.OzoneContainer (OzoneContainer.java:start(217)) - Attempting to start container services.
2019-09-25 05:07:09,581 [Datanode State Machine Thread - 0] INFO  ozoneimpl.OzoneContainer (OzoneContainer.java:startContainerScrub(179)) - Background container scanner has been disabled.
2019-09-25 05:07:09,581 [Datanode State Machine Thread - 0] INFO  ratis.XceiverServerRatis (XceiverServerRatis.java:start(411)) - Starting XceiverServerRatis bc163c1a-f845-4c36-9592-f8e34b91970d at port 0
2019-09-25 05:07:09,588 [Datanode State Machine Thread - 0] INFO  impl.RaftServerProxy (RaftServerProxy.java:lambda$start$3(299)) - bc163c1a-f845-4c36-9592-f8e34b91970d: start RPC server
2019-09-25 05:07:09,591 [Datanode State Machine Thread - 0] INFO  server.GrpcService (GrpcService.java:startImpl(158)) - bc163c1a-f845-4c36-9592-f8e34b91970d: GrpcService started, listening on 0.0.0.0/0.0.0.0:38248
2019-09-25 05:07:09,591 [Datanode State Machine Thread - 0] INFO  ratis.XceiverServerRatis (XceiverServerRatis.java:start(421)) - XceiverServerRatis bc163c1a-f845-4c36-9592-f8e34b91970d is started using port 38248
2019-09-25 05:07:09,594 [Datanode State Machine Thread - 0] INFO  server.XceiverServerGrpc (XceiverServerGrpc.java:start(149)) - XceiverServerGrpc bc163c1a-f845-4c36-9592-f8e34b91970d is started using port 39398
2019-09-25 05:07:10,550 [main] INFO  ozone.MiniOzoneClusterImpl (MiniOzoneClusterImpl.java:lambda$waitForClusterToBeReady$0(147)) - Waiting for cluster to be ready. Got 0 of 7 DN Heartbeats.
2019-09-25 05:07:11,047 [IPC Server handler 6 on 43291] INFO  net.NetworkTopology (NetworkTopologyImpl.java:add(111)) - Added a new node: /default-rack/d10fc367-6717-4be7-9c4c-7b0b4f4b0759
2019-09-25 05:07:11,049 [IPC Server handler 6 on 43291] INFO  node.SCMNodeManager (SCMNodeManager.java:register(266)) - Registered Data node : d10fc367-6717-4be7-9c4c-7b0b4f4b0759{ip: 192.168.36.126, host: pr-hdds-2174-pqx5g-486351168, networkLocation: /default-rack, certSerialId: null}
2019-09-25 05:07:11,051 [EventQueue-NodeRegistrationContainerReportForDataNodeSafeModeRule] INFO  safemode.SCMSafeModeManager (DataNodeSafeModeRule.java:process(71)) - SCM in safe mode. 1 DataNodes registered, 1 required.
2019-09-25 05:07:11,055 [EventQueue-NodeRegistrationContainerReportForDataNodeSafeModeRule] INFO  safemode.SCMSafeModeManager (SCMSafeModeManager.java:validateSafeModeExitRules(177)) - ScmSafeModeManager, all rules are successfully validated
2019-09-25 05:07:11,055 [EventQueue-NodeRegistrationContainerReportForDataNodeSafeModeRule] INFO  safemode.SCMSafeModeManager (SCMSafeModeManager.java:exitSafeMode(193)) - SCM exiting safe mode.
2019-09-25 05:07:11,068 [grpc-default-executor-4] INFO  impl.RaftServerProxy (RaftServerProxy.java:addNew(89)) - d10fc367-6717-4be7-9c4c-7b0b4f4b0759: addNew group-59F8C4AAACE9:[d10fc367-6717-4be7-9c4c-7b0b4f4b0759:192.168.36.126:35315] returns group-59F8C4AAACE9:java.util.concurrent.CompletableFuture@3f3e2629[Not completed]
2019-09-25 05:07:11,072 [pool-119-thread-1] INFO  impl.RaftServerImpl (RaftServerImpl.java:<init>(95)) - d10fc367-6717-4be7-9c4c-7b0b4f4b0759: new RaftServerImpl for group-59F8C4AAACE9:[d10fc367-6717-4be7-9c4c-7b0b4f4b0759:192.168.36.126:35315] with ContainerStateMachine:uninitialized
2019-09-25 05:07:11,072 [pool-119-thread-1] INFO  server.RaftServerConfigKeys (ConfUtils.java:logGet(43)) - raft.server.rpc.timeout.min = 5s (custom)
2019-09-25 05:07:11,072 [pool-119-thread-1] INFO  server.RaftServerConfigKeys (ConfUtils.java:logGet(43)) - raft.server.rpc.timeout.max = 5200ms (custom)
2019-09-25 05:07:11,073 [pool-119-thread-1] INFO  server.RaftServerConfigKeys (ConfUtils.java:logGet(43)) - raft.server.rpcslowness.timeout = 120s (custom)
2019-09-25 05:07:11,073 [pool-119-thread-1] INFO  server.RaftServerConfigKeys (ConfUtils.java:logGet(43)) - raft.server.sleep.deviation.threshold = 300 (default)
2019-09-25 05:07:11,073 [pool-119-thread-1] INFO  server.RaftServerConfigKeys (ConfUtils.java:logGet(43)) - raft.server.log.appender.install.snapshot.enabled = false (custom)
2019-09-25 05:07:11,073 [pool-119-thread-1] INFO  impl.RaftServerImpl (ServerState.java:<init>(103)) - d10fc367-6717-4be7-9c4c-7b0b4f4b0759@group-59F8C4AAACE9: ConfigurationManager, init=-1: [d10fc367-6717-4be7-9c4c-7b0b4f4b0759:192.168.36.126:35315], old=null, confs=<EMPTY_MAP>
2019-09-25 05:07:11,073 [pool-119-thread-1] INFO  server.RaftServerConfigKeys (ConfUtils.java:logGet(43)) - raft.server.storage.dir = [/workdir/hadoop-ozone/integration-test/target/test-dir/MiniOzoneClusterImpl-9445efff-1a51-4441-b04f-96fa6a6cc491/datanode-0/data/ratis] (custom)
2019-09-25 05:07:11,074 [pool-119-thread-1] INFO  storage.RaftStorageDirectory (RaftStorageDirectory.java:analyzeStorage(246)) - The storage directory /workdir/hadoop-ozone/integration-test/target/test-dir/MiniOzoneClusterImpl-9445efff-1a51-4441-b04f-96fa6a6cc491/datanode-0/data/ratis/465bce23-b01b-4150-a0ae-59f8c4aaace9 does not exist. Creating ...
2019-09-25 05:07:11,130 [IPC Server handler 0 on 43291] INFO  net.NetworkTopology (NetworkTopologyImpl.java:add(111)) - Added a new node: /default-rack/c0eca757-0426-4809-8d60-c283fabf02c6
2019-09-25 05:07:11,130 [IPC Server handler 0 on 43291] INFO  node.SCMNodeManager (SCMNodeManager.java:register(266)) - Registered Data node : c0eca757-0426-4809-8d60-c283fabf02c6{ip: 192.168.36.126, host: pr-hdds-2174-pqx5g-486351168, networkLocation: /default-rack, certSerialId: null}
2019-09-25 05:07:11,211 [IPC Server handler 1 on 43291] INFO  net.NetworkTopology (NetworkTopologyImpl.java:add(111)) - Added a new node: /default-rack/337eba68-33ee-48dd-bb88-253007d49397
2019-09-25 05:07:11,211 [IPC Server handler 1 on 43291] INFO  node.SCMNodeManager (SCMNodeManager.java:register(266)) - Registered Data node : 337eba68-33ee-48dd-bb88-253007d49397{ip: 192.168.36.126, host: pr-hdds-2174-pqx5g-486351168, networkLocation: /default-rack, certSerialId: null}
2019-09-25 05:07:11,296 [IPC Server handler 3 on 43291] INFO  net.NetworkTopology (NetworkTopologyImpl.java:add(111)) - Added a new node: /default-rack/59abef46-29ea-4eff-a512-e596f80f6db1
2019-09-25 05:07:11,297 [IPC Server handler 3 on 43291] INFO  node.SCMNodeManager (SCMNodeManager.java:register(266)) - Registered Data node : 59abef46-29ea-4eff-a512-e596f80f6db1{ip: 192.168.36.126, host: pr-hdds-2174-pqx5g-486351168, networkLocation: /default-rack, certSerialId: null}
2019-09-25 05:07:11,364 [IPC Server handler 4 on 43291] INFO  net.NetworkTopology (NetworkTopologyImpl.java:add(111)) - Added a new node: /default-rack/caeda6cb-6345-44ea-a0d4-5f314a967b77
2019-09-25 05:07:11,364 [IPC Server handler 4 on 43291] INFO  node.SCMNodeManager (SCMNodeManager.java:register(266)) - Registered Data node : caeda6cb-6345-44ea-a0d4-5f314a967b77{ip: 192.168.36.126, host: pr-hdds-2174-pqx5g-486351168, networkLocation: /default-rack, certSerialId: null}
2019-09-25 05:07:11,458 [IPC Server handler 5 on 43291] INFO  net.NetworkTopology (NetworkTopologyImpl.java:add(111)) - Added a new node: /default-rack/158ad28b-aa8e-4172-b96b-cbb323932650
2019-09-25 05:07:11,458 [IPC Server handler 5 on 43291] INFO  node.SCMNodeManager (SCMNodeManager.java:register(266)) - Registered Data node : 158ad28b-aa8e-4172-b96b-cbb323932650{ip: 192.168.36.126, host: pr-hdds-2174-pqx5g-486351168, networkLocation: /default-rack, certSerialId: null}
2019-09-25 05:07:11,551 [main] INFO  ozone.MiniOzoneClusterImpl (MiniOzoneClusterImpl.java:lambda$waitForClusterToBeReady$0(147)) - Waiting for cluster to be ready. Got 6 of 7 DN Heartbeats.
2019-09-25 05:07:11,551 [IPC Server handler 6 on 43291] INFO  net.NetworkTopology (NetworkTopologyImpl.java:add(111)) - Added a new node: /default-rack/bc163c1a-f845-4c36-9592-f8e34b91970d
2019-09-25 05:07:11,551 [IPC Server handler 6 on 43291] INFO  node.SCMNodeManager (SCMNodeManager.java:register(266)) - Registered Data node : bc163c1a-f845-4c36-9592-f8e34b91970d{ip: 192.168.36.126, host: pr-hdds-2174-pqx5g-486351168, networkLocation: /default-rack, certSerialId: null}
2019-09-25 05:07:12,163 [pool-119-thread-1] INFO  storage.RaftStorageDirectory (RaftStorageDirectory.java:tryLock(328)) - Lock on /workdir/hadoop-ozone/integration-test/target/test-dir/MiniOzoneClusterImpl-9445efff-1a51-4441-b04f-96fa6a6cc491/datanode-0/data/ratis/465bce23-b01b-4150-a0ae-59f8c4aaace9/in_use.lock acquired by nodename 31467@pr-hdds-2174-pqx5g-486351168
2019-09-25 05:07:12,551 [main] INFO  ozone.MiniOzoneClusterImpl (MiniOzoneClusterImpl.java:lambda$waitForClusterToBeReady$0(147)) - Cluster is ready. Got 7 of 7 DN Heartbeats.
2019-09-25 05:07:12,586 [main] INFO  rpc.RpcClient (RpcClient.java:createVolume(276)) - Creating Volume: watchforcommithandlingtest, with jenkins1000 as owner.
2019-09-25 05:07:12,589 [IPC Server handler 2 on 33484] INFO  volume.OMVolumeCreateRequest (OMVolumeCreateRequest.java:validateAndUpdateCache(194)) - created volume:watchforcommithandlingtest for user:jenkins1000
2019-09-25 05:07:12,602 [main] INFO  rpc.RpcClient (RpcClient.java:createBucket(415)) - Creating Bucket: watchforcommithandlingtest/watchforcommithandlingtest, with Versioning false and Storage Type set to DISK and Encryption set to false 
2019-09-25 05:07:12,606 [main] INFO  ozone.MiniOzoneClusterImpl (MiniOzoneClusterImpl.java:getStorageContainerLocationClient(234)) - Creating StorageContainerLocationProtocol RPC client with address /0.0.0.0:46294
2019-09-25 05:07:12,662 [pool-119-thread-1] INFO  storage.RaftStorage (RaftStorage.java:format(72)) - Storage directory /workdir/hadoop-ozone/integration-test/target/test-dir/MiniOzoneClusterImpl-9445efff-1a51-4441-b04f-96fa6a6cc491/datanode-0/data/ratis/465bce23-b01b-4150-a0ae-59f8c4aaace9 has been successfully formatted.
2019-09-25 05:07:12,663 [pool-119-thread-1] INFO  ratis.ContainerStateMachine (ContainerStateMachine.java:loadSnapshot(230)) - group-59F8C4AAACE9: The snapshot info is null. Setting the last applied indexto:(t:0, i:~)
2019-09-25 05:07:12,663 [pool-119-thread-1] INFO  server.RaftServerConfigKeys (ConfUtils.java:logGet(43)) - raft.server.notification.no-leader.timeout = 120s (custom)
2019-09-25 05:07:12,663 [pool-119-thread-1] INFO  server.RaftServerConfigKeys (ConfUtils.java:logGet(43)) - raft.server.log.use.memory = false (default)
2019-09-25 05:07:12,663 [pool-119-thread-1] INFO  server.RaftServerConfigKeys (ConfUtils.java:logGet(43)) - raft.server.log.purge.gap = 1000000 (custom)
2019-09-25 05:07:12,663 [pool-119-thread-1] INFO  server.RaftServerConfigKeys (ConfUtils.java:logGet(43)) - raft.server.log.appender.buffer.byte-limit = 33554432 (custom)
2019-09-25 05:07:12,664 [pool-119-thread-1] INFO  server.RaftServerConfigKeys (ConfUtils.java:logGet(43)) - raft.server.log.segment.size.max = 1048576 (custom)
2019-09-25 05:07:12,664 [pool-119-thread-1] INFO  server.RaftServerConfigKeys (ConfUtils.java:logGet(43)) - raft.server.log.segment.cache.num.max = 2 (custom)
2019-09-25 05:07:12,664 [pool-119-thread-1] INFO  segmented.SegmentedRaftLogWorker (SegmentedRaftLogWorker.java:<init>(172)) - new d10fc367-6717-4be7-9c4c-7b0b4f4b0759@group-59F8C4AAACE9-SegmentedRaftLogWorker for RaftStorage:Storage Directory /workdir/hadoop-ozone/integration-test/target/test-dir/MiniOzoneClusterImpl-9445efff-1a51-4441-b04f-96fa6a6cc491/datanode-0/data/ratis/465bce23-b01b-4150-a0ae-59f8c4aaace9
2019-09-25 05:07:12,667 [pool-119-thread-1] INFO  server.RaftServerConfigKeys (ConfUtils.java:logGet(43)) - raft.server.log.queue.byte-limit = 2147483647 (custom)
2019-09-25 05:07:12,667 [pool-119-thread-1] INFO  server.RaftServerConfigKeys (ConfUtils.java:logGet(43)) - raft.server.log.queue.element-limit = 1024 (custom)
2019-09-25 05:07:12,667 [pool-119-thread-1] INFO  server.RaftServerConfigKeys (ConfUtils.java:logGet(43)) - raft.server.log.segment.size.max = 1048576 (custom)
2019-09-25 05:07:12,668 [pool-119-thread-1] INFO  server.RaftServerConfigKeys (ConfUtils.java:logGet(43)) - raft.server.log.preallocated.size = 16384 (custom)
2019-09-25 05:07:12,668 [pool-119-thread-1] INFO  server.RaftServerConfigKeys (ConfUtils.java:logGet(43)) - raft.server.log.write.buffer.size = 33554432 (custom)
2019-09-25 05:07:12,668 [pool-119-thread-1] INFO  server.RaftServerConfigKeys (ConfUtils.java:logGet(43)) - raft.server.log.force.sync.num = 128 (default)
2019-09-25 05:07:12,668 [pool-119-thread-1] INFO  server.RaftServerConfigKeys (ConfUtils.java:logGet(43)) - raft.server.log.statemachine.data.sync = true (default)
2019-09-25 05:07:12,668 [pool-119-thread-1] INFO  server.RaftServerConfigKeys (ConfUtils.java:logGet(43)) - raft.server.log.statemachine.data.sync.timeout = 10s (default)
2019-09-25 05:07:12,668 [pool-119-thread-1] INFO  server.RaftServerConfigKeys (ConfUtils.java:logGet(43)) - raft.server.log.statemachine.data.sync.timeout.retry = -1 (default)
2019-09-25 05:07:12,669 [pool-119-thread-1] INFO  server.RaftServerConfigKeys (ConfUtils.java:logGet(43)) - raft.server.log.statemachine.data.caching.enabled = true (custom)
2019-09-25 05:07:12,669 [pool-119-thread-1] INFO  segmented.SegmentedRaftLogWorker (SegmentedRaftLogWorker.java:lambda$new$0(132)) - d10fc367-6717-4be7-9c4c-7b0b4f4b0759@group-59F8C4AAACE9-SegmentedRaftLogWorker: flushIndex: setUnconditionally 0 -> -1
2019-09-25 05:07:12,669 [pool-119-thread-1] INFO  server.RaftServerConfigKeys (ConfUtils.java:logGet(43)) - raft.server.snapshot.auto.trigger.enabled = true (custom)
2019-09-25 05:07:12,670 [pool-119-thread-1] INFO  server.RaftServerConfigKeys (ConfUtils.java:logGet(43)) - raft.server.snapshot.auto.trigger.threshold = 10000 (custom)
2019-09-25 05:07:12,670 [pool-119-thread-1] INFO  server.RaftServerConfigKeys (ConfUtils.java:logGet(43)) - raft.server.snapshot.retention.num.files = 5 (custom)
2019-09-25 05:07:12,670 [pool-119-thread-1] INFO  server.RaftServerConfigKeys (ConfUtils.java:logGet(43)) - raft.server.retrycache.expirytime = 600000ms (custom)
2019-09-25 05:07:12,672 [pool-119-thread-1] INFO  impl.RaftServerImpl (RaftServerImpl.java:start(185)) - d10fc367-6717-4be7-9c4c-7b0b4f4b0759@group-59F8C4AAACE9: start as a follower, conf=-1: [d10fc367-6717-4be7-9c4c-7b0b4f4b0759:192.168.36.126:35315], old=null
2019-09-25 05:07:12,673 [pool-119-thread-1] INFO  impl.RaftServerImpl (RaftServerImpl.java:setRole(174)) - d10fc367-6717-4be7-9c4c-7b0b4f4b0759@group-59F8C4AAACE9: changes role from      null to FOLLOWER at term 0 for startAsFollower
2019-09-25 05:07:12,673 [pool-119-thread-1] INFO  impl.RoleInfo (RoleInfo.java:updateAndGet(143)) - d10fc367-6717-4be7-9c4c-7b0b4f4b0759: start FollowerState
2019-09-25 05:07:12,673 [pool-119-thread-1] INFO  util.JmxRegister (JmxRegister.java:tryRegister(44)) - Successfully registered JMX Bean with object name Ratis:service=RaftServer,group=group-59F8C4AAACE9,id=d10fc367-6717-4be7-9c4c-7b0b4f4b0759
2019-09-25 05:07:12,677 [RatisPipelineUtilsThread] INFO  pipeline.PipelineStateManager (PipelineStateManager.java:addPipeline(56)) - Created pipeline Pipeline[ Id: 465bce23-b01b-4150-a0ae-59f8c4aaace9, Nodes: d10fc367-6717-4be7-9c4c-7b0b4f4b0759{ip: 192.168.36.126, host: pr-hdds-2174-pqx5g-486351168, networkLocation: /default-rack, certSerialId: null}, Type:RATIS, Factor:ONE, State:OPEN]
2019-09-25 05:07:12,685 [grpc-default-executor-4] INFO  impl.RaftServerProxy (RaftServerProxy.java:addNew(89)) - 59abef46-29ea-4eff-a512-e596f80f6db1: addNew group-37A5A7116A3D:[59abef46-29ea-4eff-a512-e596f80f6db1:192.168.36.126:38401] returns group-37A5A7116A3D:java.util.concurrent.CompletableFuture@20b82665[Not completed]
2019-09-25 05:07:12,687 [pool-149-thread-1] INFO  impl.RaftServerImpl (RaftServerImpl.java:<init>(95)) - 59abef46-29ea-4eff-a512-e596f80f6db1: new RaftServerImpl for group-37A5A7116A3D:[59abef46-29ea-4eff-a512-e596f80f6db1:192.168.36.126:38401] with ContainerStateMachine:uninitialized
2019-09-25 05:07:12,687 [pool-149-thread-1] INFO  server.RaftServerConfigKeys (ConfUtils.java:logGet(43)) - raft.server.rpc.timeout.min = 5s (custom)
2019-09-25 05:07:12,687 [pool-149-thread-1] INFO  server.RaftServerConfigKeys (ConfUtils.java:logGet(43)) - raft.server.rpc.timeout.max = 5200ms (custom)
2019-09-25 05:07:12,687 [pool-149-thread-1] INFO  server.RaftServerConfigKeys (ConfUtils.java:logGet(43)) - raft.server.rpcslowness.timeout = 120s (custom)
2019-09-25 05:07:12,687 [pool-149-thread-1] INFO  server.RaftServerConfigKeys (ConfUtils.java:logGet(43)) - raft.server.sleep.deviation.threshold = 300 (default)
2019-09-25 05:07:12,687 [pool-149-thread-1] INFO  server.RaftServerConfigKeys (ConfUtils.java:logGet(43)) - raft.server.log.appender.install.snapshot.enabled = false (custom)
2019-09-25 05:07:12,688 [pool-149-thread-1] INFO  impl.RaftServerImpl (ServerState.java:<init>(103)) - 59abef46-29ea-4eff-a512-e596f80f6db1@group-37A5A7116A3D: ConfigurationManager, init=-1: [59abef46-29ea-4eff-a512-e596f80f6db1:192.168.36.126:38401], old=null, confs=<EMPTY_MAP>
2019-09-25 05:07:12,688 [pool-149-thread-1] INFO  server.RaftServerConfigKeys (ConfUtils.java:logGet(43)) - raft.server.storage.dir = [/workdir/hadoop-ozone/integration-test/target/test-dir/MiniOzoneClusterImpl-9445efff-1a51-4441-b04f-96fa6a6cc491/datanode-3/data/ratis] (custom)
2019-09-25 05:07:12,688 [pool-149-thread-1] INFO  storage.RaftStorageDirectory (RaftStorageDirectory.java:analyzeStorage(246)) - The storage directory /workdir/hadoop-ozone/integration-test/target/test-dir/MiniOzoneClusterImpl-9445efff-1a51-4441-b04f-96fa6a6cc491/datanode-3/data/ratis/9028053e-fa9b-4330-972a-37a5a7116a3d does not exist. Creating ...
2019-09-25 05:07:13,164 [pool-149-thread-1] INFO  storage.RaftStorageDirectory (RaftStorageDirectory.java:tryLock(328)) - Lock on /workdir/hadoop-ozone/integration-test/target/test-dir/MiniOzoneClusterImpl-9445efff-1a51-4441-b04f-96fa6a6cc491/datanode-3/data/ratis/9028053e-fa9b-4330-972a-37a5a7116a3d/in_use.lock acquired by nodename 31467@pr-hdds-2174-pqx5g-486351168
2019-09-25 05:07:13,510 [pool-149-thread-1] INFO  storage.RaftStorage (RaftStorage.java:format(72)) - Storage directory /workdir/hadoop-ozone/integration-test/target/test-dir/MiniOzoneClusterImpl-9445efff-1a51-4441-b04f-96fa6a6cc491/datanode-3/data/ratis/9028053e-fa9b-4330-972a-37a5a7116a3d has been successfully formatted.
2019-09-25 05:07:13,511 [pool-149-thread-1] INFO  ratis.ContainerStateMachine (ContainerStateMachine.java:loadSnapshot(230)) - group-37A5A7116A3D: The snapshot info is null. Setting the last applied indexto:(t:0, i:~)
2019-09-25 05:07:13,511 [pool-149-thread-1] INFO  server.RaftServerConfigKeys (ConfUtils.java:logGet(43)) - raft.server.notification.no-leader.timeout = 120s (custom)
2019-09-25 05:07:13,511 [pool-149-thread-1] INFO  server.RaftServerConfigKeys (ConfUtils.java:logGet(43)) - raft.server.log.use.memory = false (default)
2019-09-25 05:07:13,511 [pool-149-thread-1] INFO  server.RaftServerConfigKeys (ConfUtils.java:logGet(43)) - raft.server.log.purge.gap = 1000000 (custom)
2019-09-25 05:07:13,512 [pool-149-thread-1] INFO  server.RaftServerConfigKeys (ConfUtils.java:logGet(43)) - raft.server.log.appender.buffer.byte-limit = 33554432 (custom)
2019-09-25 05:07:13,512 [pool-149-thread-1] INFO  server.RaftServerConfigKeys (ConfUtils.java:logGet(43)) - raft.server.log.segment.size.max = 1048576 (custom)
2019-09-25 05:07:13,512 [pool-149-thread-1] INFO  server.RaftServerConfigKeys (ConfUtils.java:logGet(43)) - raft.server.log.segment.cache.num.max = 2 (custom)
2019-09-25 05:07:13,512 [pool-149-thread-1] INFO  segmented.SegmentedRaftLogWorker (SegmentedRaftLogWorker.java:<init>(172)) - new 59abef46-29ea-4eff-a512-e596f80f6db1@group-37A5A7116A3D-SegmentedRaftLogWorker for RaftStorage:Storage Directory /workdir/hadoop-ozone/integration-test/target/test-dir/MiniOzoneClusterImpl-9445efff-1a51-4441-b04f-96fa6a6cc491/datanode-3/data/ratis/9028053e-fa9b-4330-972a-37a5a7116a3d
2019-09-25 05:07:13,515 [pool-149-thread-1] INFO  server.RaftServerConfigKeys (ConfUtils.java:logGet(43)) - raft.server.log.queue.byte-limit = 2147483647 (custom)
2019-09-25 05:07:13,515 [pool-149-thread-1] INFO  server.RaftServerConfigKeys (ConfUtils.java:logGet(43)) - raft.server.log.queue.element-limit = 1024 (custom)
2019-09-25 05:07:13,515 [pool-149-thread-1] INFO  server.RaftServerConfigKeys (ConfUtils.java:logGet(43)) - raft.server.log.segment.size.max = 1048576 (custom)
2019-09-25 05:07:13,515 [pool-149-thread-1] INFO  server.RaftServerConfigKeys (ConfUtils.java:logGet(43)) - raft.server.log.preallocated.size = 16384 (custom)
2019-09-25 05:07:13,516 [pool-149-thread-1] INFO  server.RaftServerConfigKeys (ConfUtils.java:logGet(43)) - raft.server.log.write.buffer.size = 33554432 (custom)
2019-09-25 05:07:13,516 [pool-149-thread-1] INFO  server.RaftServerConfigKeys (ConfUtils.java:logGet(43)) - raft.server.log.force.sync.num = 128 (default)
2019-09-25 05:07:13,516 [pool-149-thread-1] INFO  server.RaftServerConfigKeys (ConfUtils.java:logGet(43)) - raft.server.log.statemachine.data.sync = true (default)
2019-09-25 05:07:13,516 [pool-149-thread-1] INFO  server.RaftServerConfigKeys (ConfUtils.java:logGet(43)) - raft.server.log.statemachine.data.sync.timeout = 10s (default)
2019-09-25 05:07:13,516 [pool-149-thread-1] INFO  server.RaftServerConfigKeys (ConfUtils.java:logGet(43)) - raft.server.log.statemachine.data.sync.timeout.retry = -1 (default)
2019-09-25 05:07:13,517 [pool-149-thread-1] INFO  server.RaftServerConfigKeys (ConfUtils.java:logGet(43)) - raft.server.log.statemachine.data.caching.enabled = true (custom)
2019-09-25 05:07:13,517 [pool-149-thread-1] INFO  segmented.SegmentedRaftLogWorker (SegmentedRaftLogWorker.java:lambda$new$0(132)) - 59abef46-29ea-4eff-a512-e596f80f6db1@group-37A5A7116A3D-SegmentedRaftLogWorker: flushIndex: setUnconditionally 0 -> -1
2019-09-25 05:07:13,517 [pool-149-thread-1] INFO  server.RaftServerConfigKeys (ConfUtils.java:logGet(43)) - raft.server.snapshot.auto.trigger.enabled = true (custom)
2019-09-25 05:07:13,517 [pool-149-thread-1] INFO  server.RaftServerConfigKeys (ConfUtils.java:logGet(43)) - raft.server.snapshot.auto.trigger.threshold = 10000 (custom)
2019-09-25 05:07:13,518 [pool-149-thread-1] INFO  server.RaftServerConfigKeys (ConfUtils.java:logGet(43)) - raft.server.snapshot.retention.num.files = 5 (custom)
2019-09-25 05:07:13,518 [pool-149-thread-1] INFO  server.RaftServerConfigKeys (ConfUtils.java:logGet(43)) - raft.server.retrycache.expirytime = 600000ms (custom)
2019-09-25 05:07:13,520 [pool-149-thread-1] INFO  impl.RaftServerImpl (RaftServerImpl.java:start(185)) - 59abef46-29ea-4eff-a512-e596f80f6db1@group-37A5A7116A3D: start as a follower, conf=-1: [59abef46-29ea-4eff-a512-e596f80f6db1:192.168.36.126:38401], old=null
2019-09-25 05:07:13,520 [pool-149-thread-1] INFO  impl.RaftServerImpl (RaftServerImpl.java:setRole(174)) - 59abef46-29ea-4eff-a512-e596f80f6db1@group-37A5A7116A3D: changes role from      null to FOLLOWER at term 0 for startAsFollower
2019-09-25 05:07:13,521 [pool-149-thread-1] INFO  impl.RoleInfo (RoleInfo.java:updateAndGet(143)) - 59abef46-29ea-4eff-a512-e596f80f6db1: start FollowerState
2019-09-25 05:07:13,521 [pool-149-thread-1] INFO  util.JmxRegister (JmxRegister.java:tryRegister(44)) - Successfully registered JMX Bean with object name Ratis:service=RaftServer,group=group-37A5A7116A3D,id=59abef46-29ea-4eff-a512-e596f80f6db1
2019-09-25 05:07:13,524 [RatisPipelineUtilsThread] INFO  pipeline.PipelineStateManager (PipelineStateManager.java:addPipeline(56)) - Created pipeline Pipeline[ Id: 9028053e-fa9b-4330-972a-37a5a7116a3d, Nodes: 59abef46-29ea-4eff-a512-e596f80f6db1{ip: 192.168.36.126, host: pr-hdds-2174-pqx5g-486351168, networkLocation: /default-rack, certSerialId: null}, Type:RATIS, Factor:ONE, State:OPEN]
2019-09-25 05:07:13,534 [grpc-default-executor-4] INFO  impl.RaftServerProxy (RaftServerProxy.java:addNew(89)) - bc163c1a-f845-4c36-9592-f8e34b91970d: addNew group-DA95C432E39A:[bc163c1a-f845-4c36-9592-f8e34b91970d:192.168.36.126:38248] returns group-DA95C432E39A:java.util.concurrent.CompletableFuture@3da74d0f[Not completed]
2019-09-25 05:07:13,535 [pool-179-thread-1] INFO  impl.RaftServerImpl (RaftServerImpl.java:<init>(95)) - bc163c1a-f845-4c36-9592-f8e34b91970d: new RaftServerImpl for group-DA95C432E39A:[bc163c1a-f845-4c36-9592-f8e34b91970d:192.168.36.126:38248] with ContainerStateMachine:uninitialized
2019-09-25 05:07:13,535 [pool-179-thread-1] INFO  server.RaftServerConfigKeys (ConfUtils.java:logGet(43)) - raft.server.rpc.timeout.min = 5s (custom)
2019-09-25 05:07:13,535 [pool-179-thread-1] INFO  server.RaftServerConfigKeys (ConfUtils.java:logGet(43)) - raft.server.rpc.timeout.max = 5200ms (custom)
2019-09-25 05:07:13,535 [pool-179-thread-1] INFO  server.RaftServerConfigKeys (ConfUtils.java:logGet(43)) - raft.server.rpcslowness.timeout = 120s (custom)
2019-09-25 05:07:13,535 [pool-179-thread-1] INFO  server.RaftServerConfigKeys (ConfUtils.java:logGet(43)) - raft.server.sleep.deviation.threshold = 300 (default)
2019-09-25 05:07:13,535 [pool-179-thread-1] INFO  server.RaftServerConfigKeys (ConfUtils.java:logGet(43)) - raft.server.log.appender.install.snapshot.enabled = false (custom)
2019-09-25 05:07:13,535 [pool-179-thread-1] INFO  impl.RaftServerImpl (ServerState.java:<init>(103)) - bc163c1a-f845-4c36-9592-f8e34b91970d@group-DA95C432E39A: ConfigurationManager, init=-1: [bc163c1a-f845-4c36-9592-f8e34b91970d:192.168.36.126:38248], old=null, confs=<EMPTY_MAP>
2019-09-25 05:07:13,535 [pool-179-thread-1] INFO  server.RaftServerConfigKeys (ConfUtils.java:logGet(43)) - raft.server.storage.dir = [/workdir/hadoop-ozone/integration-test/target/test-dir/MiniOzoneClusterImpl-9445efff-1a51-4441-b04f-96fa6a6cc491/datanode-6/data/ratis] (custom)
2019-09-25 05:07:13,536 [pool-179-thread-1] INFO  storage.RaftStorageDirectory (RaftStorageDirectory.java:analyzeStorage(246)) - The storage directory /workdir/hadoop-ozone/integration-test/target/test-dir/MiniOzoneClusterImpl-9445efff-1a51-4441-b04f-96fa6a6cc491/datanode-6/data/ratis/779470a0-82fd-49d2-b589-da95c432e39a does not exist. Creating ...
2019-09-25 05:07:13,906 [pool-179-thread-1] INFO  storage.RaftStorageDirectory (RaftStorageDirectory.java:tryLock(328)) - Lock on /workdir/hadoop-ozone/integration-test/target/test-dir/MiniOzoneClusterImpl-9445efff-1a51-4441-b04f-96fa6a6cc491/datanode-6/data/ratis/779470a0-82fd-49d2-b589-da95c432e39a/in_use.lock acquired by nodename 31467@pr-hdds-2174-pqx5g-486351168
2019-09-25 05:07:14,056 [Thread-1367] INFO  container.ReplicationManager (ReplicationManager.java:start(162)) - Starting Replication Monitor Thread.
2019-09-25 05:07:14,301 [pool-179-thread-1] INFO  storage.RaftStorage (RaftStorage.java:format(72)) - Storage directory /workdir/hadoop-ozone/integration-test/target/test-dir/MiniOzoneClusterImpl-9445efff-1a51-4441-b04f-96fa6a6cc491/datanode-6/data/ratis/779470a0-82fd-49d2-b589-da95c432e39a has been successfully formatted.
2019-09-25 05:07:14,302 [pool-179-thread-1] INFO  ratis.ContainerStateMachine (ContainerStateMachine.java:loadSnapshot(230)) - group-DA95C432E39A: The snapshot info is null. Setting the last applied indexto:(t:0, i:~)
2019-09-25 05:07:14,302 [pool-179-thread-1] INFO  server.RaftServerConfigKeys (ConfUtils.java:logGet(43)) - raft.server.notification.no-leader.timeout = 120s (custom)
2019-09-25 05:07:14,302 [pool-179-thread-1] INFO  server.RaftServerConfigKeys (ConfUtils.java:logGet(43)) - raft.server.log.use.memory = false (default)
2019-09-25 05:07:14,302 [pool-179-thread-1] INFO  server.RaftServerConfigKeys (ConfUtils.java:logGet(43)) - raft.server.log.purge.gap = 1000000 (custom)
2019-09-25 05:07:14,303 [pool-179-thread-1] INFO  server.RaftServerConfigKeys (ConfUtils.java:logGet(43)) - raft.server.log.appender.buffer.byte-limit = 33554432 (custom)
2019-09-25 05:07:14,303 [pool-179-thread-1] INFO  server.RaftServerConfigKeys (ConfUtils.java:logGet(43)) - raft.server.log.segment.size.max = 1048576 (custom)
2019-09-25 05:07:14,303 [pool-179-thread-1] INFO  server.RaftServerConfigKeys (ConfUtils.java:logGet(43)) - raft.server.log.segment.cache.num.max = 2 (custom)
2019-09-25 05:07:14,303 [pool-179-thread-1] INFO  segmented.SegmentedRaftLogWorker (SegmentedRaftLogWorker.java:<init>(172)) - new bc163c1a-f845-4c36-9592-f8e34b91970d@group-DA95C432E39A-SegmentedRaftLogWorker for RaftStorage:Storage Directory /workdir/hadoop-ozone/integration-test/target/test-dir/MiniOzoneClusterImpl-9445efff-1a51-4441-b04f-96fa6a6cc491/datanode-6/data/ratis/779470a0-82fd-49d2-b589-da95c432e39a
2019-09-25 05:07:14,306 [pool-179-thread-1] INFO  server.RaftServerConfigKeys (ConfUtils.java:logGet(43)) - raft.server.log.queue.byte-limit = 2147483647 (custom)
2019-09-25 05:07:14,306 [pool-179-thread-1] INFO  server.RaftServerConfigKeys (ConfUtils.java:logGet(43)) - raft.server.log.queue.element-limit = 1024 (custom)
2019-09-25 05:07:14,306 [pool-179-thread-1] INFO  server.RaftServerConfigKeys (ConfUtils.java:logGet(43)) - raft.server.log.segment.size.max = 1048576 (custom)
2019-09-25 05:07:14,306 [pool-179-thread-1] INFO  server.RaftServerConfigKeys (ConfUtils.java:logGet(43)) - raft.server.log.preallocated.size = 16384 (custom)
2019-09-25 05:07:14,307 [pool-179-thread-1] INFO  server.RaftServerConfigKeys (ConfUtils.java:logGet(43)) - raft.server.log.write.buffer.size = 33554432 (custom)
2019-09-25 05:07:14,307 [pool-179-thread-1] INFO  server.RaftServerConfigKeys (ConfUtils.java:logGet(43)) - raft.server.log.force.sync.num = 128 (default)
2019-09-25 05:07:14,307 [pool-179-thread-1] INFO  server.RaftServerConfigKeys (ConfUtils.java:logGet(43)) - raft.server.log.statemachine.data.sync = true (default)
2019-09-25 05:07:14,307 [pool-179-thread-1] INFO  server.RaftServerConfigKeys (ConfUtils.java:logGet(43)) - raft.server.log.statemachine.data.sync.timeout = 10s (default)
2019-09-25 05:07:14,307 [pool-179-thread-1] INFO  server.RaftServerConfigKeys (ConfUtils.java:logGet(43)) - raft.server.log.statemachine.data.sync.timeout.retry = -1 (default)
2019-09-25 05:07:14,307 [pool-179-thread-1] INFO  server.RaftServerConfigKeys (ConfUtils.java:logGet(43)) - raft.server.log.statemachine.data.caching.enabled = true (custom)
2019-09-25 05:07:14,308 [pool-179-thread-1] INFO  segmented.SegmentedRaftLogWorker (SegmentedRaftLogWorker.java:lambda$new$0(132)) - bc163c1a-f845-4c36-9592-f8e34b91970d@group-DA95C432E39A-SegmentedRaftLogWorker: flushIndex: setUnconditionally 0 -> -1
2019-09-25 05:07:14,308 [pool-179-thread-1] INFO  server.RaftServerConfigKeys (ConfUtils.java:logGet(43)) - raft.server.snapshot.auto.trigger.enabled = true (custom)
2019-09-25 05:07:14,308 [pool-179-thread-1] INFO  server.RaftServerConfigKeys (ConfUtils.java:logGet(43)) - raft.server.snapshot.auto.trigger.threshold = 10000 (custom)
2019-09-25 05:07:14,308 [pool-179-thread-1] INFO  server.RaftServerConfigKeys (ConfUtils.java:logGet(43)) - raft.server.snapshot.retention.num.files = 5 (custom)
2019-09-25 05:07:14,309 [pool-179-thread-1] INFO  server.RaftServerConfigKeys (ConfUtils.java:logGet(43)) - raft.server.retrycache.expirytime = 600000ms (custom)
2019-09-25 05:07:14,311 [pool-179-thread-1] INFO  impl.RaftServerImpl (RaftServerImpl.java:start(185)) - bc163c1a-f845-4c36-9592-f8e34b91970d@group-DA95C432E39A: start as a follower, conf=-1: [bc163c1a-f845-4c36-9592-f8e34b91970d:192.168.36.126:38248], old=null
2019-09-25 05:07:14,311 [pool-179-thread-1] INFO  impl.RaftServerImpl (RaftServerImpl.java:setRole(174)) - bc163c1a-f845-4c36-9592-f8e34b91970d@group-DA95C432E39A: changes role from      null to FOLLOWER at term 0 for startAsFollower
2019-09-25 05:07:14,311 [pool-179-thread-1] INFO  impl.RoleInfo (RoleInfo.java:updateAndGet(143)) - bc163c1a-f845-4c36-9592-f8e34b91970d: start FollowerState
2019-09-25 05:07:14,312 [pool-179-thread-1] INFO  util.JmxRegister (JmxRegister.java:tryRegister(44)) - Successfully registered JMX Bean with object name Ratis:service=RaftServer,group=group-DA95C432E39A,id=bc163c1a-f845-4c36-9592-f8e34b91970d
2019-09-25 05:07:14,315 [RatisPipelineUtilsThread] INFO  pipeline.PipelineStateManager (PipelineStateManager.java:addPipeline(56)) - Created pipeline Pipeline[ Id: 779470a0-82fd-49d2-b589-da95c432e39a, Nodes: bc163c1a-f845-4c36-9592-f8e34b91970d{ip: 192.168.36.126, host: pr-hdds-2174-pqx5g-486351168, networkLocation: /default-rack, certSerialId: null}, Type:RATIS, Factor:ONE, State:OPEN]
2019-09-25 05:07:14,328 [grpc-default-executor-4] INFO  impl.RaftServerProxy (RaftServerProxy.java:addNew(89)) - 158ad28b-aa8e-4172-b96b-cbb323932650: addNew group-CCE701E931BA:[158ad28b-aa8e-4172-b96b-cbb323932650:192.168.36.126:34188] returns group-CCE701E931BA:java.util.concurrent.CompletableFuture@5e506eb4[Not completed]
2019-09-25 05:07:14,331 [pool-169-thread-1] INFO  impl.RaftServerImpl (RaftServerImpl.java:<init>(95)) - 158ad28b-aa8e-4172-b96b-cbb323932650: new RaftServerImpl for group-CCE701E931BA:[158ad28b-aa8e-4172-b96b-cbb323932650:192.168.36.126:34188] with ContainerStateMachine:uninitialized
2019-09-25 05:07:14,331 [pool-169-thread-1] INFO  server.RaftServerConfigKeys (ConfUtils.java:logGet(43)) - raft.server.rpc.timeout.min = 5s (custom)
2019-09-25 05:07:14,331 [pool-169-thread-1] INFO  server.RaftServerConfigKeys (ConfUtils.java:logGet(43)) - raft.server.rpc.timeout.max = 5200ms (custom)
2019-09-25 05:07:14,331 [pool-169-thread-1] INFO  server.RaftServerConfigKeys (ConfUtils.java:logGet(43)) - raft.server.rpcslowness.timeout = 120s (custom)
2019-09-25 05:07:14,331 [pool-169-thread-1] INFO  server.RaftServerConfigKeys (ConfUtils.java:logGet(43)) - raft.server.sleep.deviation.threshold = 300 (default)
2019-09-25 05:07:14,331 [pool-169-thread-1] INFO  server.RaftServerConfigKeys (ConfUtils.java:logGet(43)) - raft.server.log.appender.install.snapshot.enabled = false (custom)
2019-09-25 05:07:14,332 [pool-169-thread-1] INFO  impl.RaftServerImpl (ServerState.java:<init>(103)) - 158ad28b-aa8e-4172-b96b-cbb323932650@group-CCE701E931BA: ConfigurationManager, init=-1: [158ad28b-aa8e-4172-b96b-cbb323932650:192.168.36.126:34188], old=null, confs=<EMPTY_MAP>
2019-09-25 05:07:14,332 [pool-169-thread-1] INFO  server.RaftServerConfigKeys (ConfUtils.java:logGet(43)) - raft.server.storage.dir = [/workdir/hadoop-ozone/integration-test/target/test-dir/MiniOzoneClusterImpl-9445efff-1a51-4441-b04f-96fa6a6cc491/datanode-5/data/ratis] (custom)
2019-09-25 05:07:14,332 [pool-169-thread-1] INFO  storage.RaftStorageDirectory (RaftStorageDirectory.java:analyzeStorage(246)) - The storage directory /workdir/hadoop-ozone/integration-test/target/test-dir/MiniOzoneClusterImpl-9445efff-1a51-4441-b04f-96fa6a6cc491/datanode-5/data/ratis/55526af5-6dc3-43f7-9e9e-cce701e931ba does not exist. Creating ...
2019-09-25 05:07:14,685 [pool-169-thread-1] INFO  storage.RaftStorageDirectory (RaftStorageDirectory.java:tryLock(328)) - Lock on /workdir/hadoop-ozone/integration-test/target/test-dir/MiniOzoneClusterImpl-9445efff-1a51-4441-b04f-96fa6a6cc491/datanode-5/data/ratis/55526af5-6dc3-43f7-9e9e-cce701e931ba/in_use.lock acquired by nodename 31467@pr-hdds-2174-pqx5g-486351168
2019-09-25 05:07:15,025 [pool-169-thread-1] INFO  storage.RaftStorage (RaftStorage.java:format(72)) - Storage directory /workdir/hadoop-ozone/integration-test/target/test-dir/MiniOzoneClusterImpl-9445efff-1a51-4441-b04f-96fa6a6cc491/datanode-5/data/ratis/55526af5-6dc3-43f7-9e9e-cce701e931ba has been successfully formatted.
2019-09-25 05:07:15,026 [pool-169-thread-1] INFO  ratis.ContainerStateMachine (ContainerStateMachine.java:loadSnapshot(230)) - group-CCE701E931BA: The snapshot info is null. Setting the last applied indexto:(t:0, i:~)
2019-09-25 05:07:15,026 [pool-169-thread-1] INFO  server.RaftServerConfigKeys (ConfUtils.java:logGet(43)) - raft.server.notification.no-leader.timeout = 120s (custom)
2019-09-25 05:07:15,026 [pool-169-thread-1] INFO  server.RaftServerConfigKeys (ConfUtils.java:logGet(43)) - raft.server.log.use.memory = false (default)
2019-09-25 05:07:15,027 [pool-169-thread-1] INFO  server.RaftServerConfigKeys (ConfUtils.java:logGet(43)) - raft.server.log.purge.gap = 1000000 (custom)
2019-09-25 05:07:15,027 [pool-169-thread-1] INFO  server.RaftServerConfigKeys (ConfUtils.java:logGet(43)) - raft.server.log.appender.buffer.byte-limit = 33554432 (custom)
2019-09-25 05:07:15,027 [pool-169-thread-1] INFO  server.RaftServerConfigKeys (ConfUtils.java:logGet(43)) - raft.server.log.segment.size.max = 1048576 (custom)
2019-09-25 05:07:15,027 [pool-169-thread-1] INFO  server.RaftServerConfigKeys (ConfUtils.java:logGet(43)) - raft.server.log.segment.cache.num.max = 2 (custom)
2019-09-25 05:07:15,028 [pool-169-thread-1] INFO  segmented.SegmentedRaftLogWorker (SegmentedRaftLogWorker.java:<init>(172)) - new 158ad28b-aa8e-4172-b96b-cbb323932650@group-CCE701E931BA-SegmentedRaftLogWorker for RaftStorage:Storage Directory /workdir/hadoop-ozone/integration-test/target/test-dir/MiniOzoneClusterImpl-9445efff-1a51-4441-b04f-96fa6a6cc491/datanode-5/data/ratis/55526af5-6dc3-43f7-9e9e-cce701e931ba
2019-09-25 05:07:15,031 [pool-169-thread-1] INFO  server.RaftServerConfigKeys (ConfUtils.java:logGet(43)) - raft.server.log.queue.byte-limit = 2147483647 (custom)
2019-09-25 05:07:15,032 [pool-169-thread-1] INFO  server.RaftServerConfigKeys (ConfUtils.java:logGet(43)) - raft.server.log.queue.element-limit = 1024 (custom)
2019-09-25 05:07:15,032 [pool-169-thread-1] INFO  server.RaftServerConfigKeys (ConfUtils.java:logGet(43)) - raft.server.log.segment.size.max = 1048576 (custom)
2019-09-25 05:07:15,032 [pool-169-thread-1] INFO  server.RaftServerConfigKeys (ConfUtils.java:logGet(43)) - raft.server.log.preallocated.size = 16384 (custom)
2019-09-25 05:07:15,032 [pool-169-thread-1] INFO  server.RaftServerConfigKeys (ConfUtils.java:logGet(43)) - raft.server.log.write.buffer.size = 33554432 (custom)
2019-09-25 05:07:15,033 [pool-169-thread-1] INFO  server.RaftServerConfigKeys (ConfUtils.java:logGet(43)) - raft.server.log.force.sync.num = 128 (default)
2019-09-25 05:07:15,033 [pool-169-thread-1] INFO  server.RaftServerConfigKeys (ConfUtils.java:logGet(43)) - raft.server.log.statemachine.data.sync = true (default)
2019-09-25 05:07:15,033 [pool-169-thread-1] INFO  server.RaftServerConfigKeys (ConfUtils.java:logGet(43)) - raft.server.log.statemachine.data.sync.timeout = 10s (default)
2019-09-25 05:07:15,033 [pool-169-thread-1] INFO  server.RaftServerConfigKeys (ConfUtils.java:logGet(43)) - raft.server.log.statemachine.data.sync.timeout.retry = -1 (default)
2019-09-25 05:07:15,034 [pool-169-thread-1] INFO  server.RaftServerConfigKeys (ConfUtils.java:logGet(43)) - raft.server.log.statemachine.data.caching.enabled = true (custom)
2019-09-25 05:07:15,034 [pool-169-thread-1] INFO  segmented.SegmentedRaftLogWorker (SegmentedRaftLogWorker.java:lambda$new$0(132)) - 158ad28b-aa8e-4172-b96b-cbb323932650@group-CCE701E931BA-SegmentedRaftLogWorker: flushIndex: setUnconditionally 0 -> -1
2019-09-25 05:07:15,034 [pool-169-thread-1] INFO  server.RaftServerConfigKeys (ConfUtils.java:logGet(43)) - raft.server.snapshot.auto.trigger.enabled = true (custom)
2019-09-25 05:07:15,035 [pool-169-thread-1] INFO  server.RaftServerConfigKeys (ConfUtils.java:logGet(43)) - raft.server.snapshot.auto.trigger.threshold = 10000 (custom)
2019-09-25 05:07:15,035 [pool-169-thread-1] INFO  server.RaftServerConfigKeys (ConfUtils.java:logGet(43)) - raft.server.snapshot.retention.num.files = 5 (custom)
2019-09-25 05:07:15,035 [pool-169-thread-1] INFO  server.RaftServerConfigKeys (ConfUtils.java:logGet(43)) - raft.server.retrycache.expirytime = 600000ms (custom)
2019-09-25 05:07:15,038 [pool-169-thread-1] INFO  impl.RaftServerImpl (RaftServerImpl.java:start(185)) - 158ad28b-aa8e-4172-b96b-cbb323932650@group-CCE701E931BA: start as a follower, conf=-1: [158ad28b-aa8e-4172-b96b-cbb323932650:192.168.36.126:34188], old=null
2019-09-25 05:07:15,039 [pool-169-thread-1] INFO  impl.RaftServerImpl (RaftServerImpl.java:setRole(174)) - 158ad28b-aa8e-4172-b96b-cbb323932650@group-CCE701E931BA: changes role from      null to FOLLOWER at term 0 for startAsFollower
2019-09-25 05:07:15,039 [pool-169-thread-1] INFO  impl.RoleInfo (RoleInfo.java:updateAndGet(143)) - 158ad28b-aa8e-4172-b96b-cbb323932650: start FollowerState
2019-09-25 05:07:15,039 [pool-169-thread-1] INFO  util.JmxRegister (JmxRegister.java:tryRegister(44)) - Successfully registered JMX Bean with object name Ratis:service=RaftServer,group=group-CCE701E931BA,id=158ad28b-aa8e-4172-b96b-cbb323932650
2019-09-25 05:07:15,042 [RatisPipelineUtilsThread] INFO  pipeline.PipelineStateManager (PipelineStateManager.java:addPipeline(56)) - Created pipeline Pipeline[ Id: 55526af5-6dc3-43f7-9e9e-cce701e931ba, Nodes: 158ad28b-aa8e-4172-b96b-cbb323932650{ip: 192.168.36.126, host: pr-hdds-2174-pqx5g-486351168, networkLocation: /default-rack, certSerialId: null}, Type:RATIS, Factor:ONE, State:OPEN]
2019-09-25 05:07:15,050 [grpc-default-executor-4] INFO  impl.RaftServerProxy (RaftServerProxy.java:addNew(89)) - caeda6cb-6345-44ea-a0d4-5f314a967b77: addNew group-1A906D884C09:[caeda6cb-6345-44ea-a0d4-5f314a967b77:192.168.36.126:40532] returns group-1A906D884C09:java.util.concurrent.CompletableFuture@595ef7eb[Not completed]
2019-09-25 05:07:15,052 [pool-159-thread-1] INFO  impl.RaftServerImpl (RaftServerImpl.java:<init>(95)) - caeda6cb-6345-44ea-a0d4-5f314a967b77: new RaftServerImpl for group-1A906D884C09:[caeda6cb-6345-44ea-a0d4-5f314a967b77:192.168.36.126:40532] with ContainerStateMachine:uninitialized
2019-09-25 05:07:15,052 [pool-159-thread-1] INFO  server.RaftServerConfigKeys (ConfUtils.java:logGet(43)) - raft.server.rpc.timeout.min = 5s (custom)
2019-09-25 05:07:15,052 [pool-159-thread-1] INFO  server.RaftServerConfigKeys (ConfUtils.java:logGet(43)) - raft.server.rpc.timeout.max = 5200ms (custom)
2019-09-25 05:07:15,052 [pool-159-thread-1] INFO  server.RaftServerConfigKeys (ConfUtils.java:logGet(43)) - raft.server.rpcslowness.timeout = 120s (custom)
2019-09-25 05:07:15,052 [pool-159-thread-1] INFO  server.RaftServerConfigKeys (ConfUtils.java:logGet(43)) - raft.server.sleep.deviation.threshold = 300 (default)
2019-09-25 05:07:15,053 [pool-159-thread-1] INFO  server.RaftServerConfigKeys (ConfUtils.java:logGet(43)) - raft.server.log.appender.install.snapshot.enabled = false (custom)
2019-09-25 05:07:15,053 [pool-159-thread-1] INFO  impl.RaftServerImpl (ServerState.java:<init>(103)) - caeda6cb-6345-44ea-a0d4-5f314a967b77@group-1A906D884C09: ConfigurationManager, init=-1: [caeda6cb-6345-44ea-a0d4-5f314a967b77:192.168.36.126:40532], old=null, confs=<EMPTY_MAP>
2019-09-25 05:07:15,053 [pool-159-thread-1] INFO  server.RaftServerConfigKeys (ConfUtils.java:logGet(43)) - raft.server.storage.dir = [/workdir/hadoop-ozone/integration-test/target/test-dir/MiniOzoneClusterImpl-9445efff-1a51-4441-b04f-96fa6a6cc491/datanode-4/data/ratis] (custom)
2019-09-25 05:07:15,053 [pool-159-thread-1] INFO  storage.RaftStorageDirectory (RaftStorageDirectory.java:analyzeStorage(246)) - The storage directory /workdir/hadoop-ozone/integration-test/target/test-dir/MiniOzoneClusterImpl-9445efff-1a51-4441-b04f-96fa6a6cc491/datanode-4/data/ratis/acb312a9-da0a-4ae1-80b9-1a906d884c09 does not exist. Creating ...
2019-09-25 05:07:15,285 [pool-159-thread-1] INFO  storage.RaftStorageDirectory (RaftStorageDirectory.java:tryLock(328)) - Lock on /workdir/hadoop-ozone/integration-test/target/test-dir/MiniOzoneClusterImpl-9445efff-1a51-4441-b04f-96fa6a6cc491/datanode-4/data/ratis/acb312a9-da0a-4ae1-80b9-1a906d884c09/in_use.lock acquired by nodename 31467@pr-hdds-2174-pqx5g-486351168
2019-09-25 05:07:15,540 [pool-159-thread-1] INFO  storage.RaftStorage (RaftStorage.java:format(72)) - Storage directory /workdir/hadoop-ozone/integration-test/target/test-dir/MiniOzoneClusterImpl-9445efff-1a51-4441-b04f-96fa6a6cc491/datanode-4/data/ratis/acb312a9-da0a-4ae1-80b9-1a906d884c09 has been successfully formatted.
2019-09-25 05:07:15,540 [pool-159-thread-1] INFO  ratis.ContainerStateMachine (ContainerStateMachine.java:loadSnapshot(230)) - group-1A906D884C09: The snapshot info is null. Setting the last applied indexto:(t:0, i:~)
2019-09-25 05:07:15,540 [pool-159-thread-1] INFO  server.RaftServerConfigKeys (ConfUtils.java:logGet(43)) - raft.server.notification.no-leader.timeout = 120s (custom)
2019-09-25 05:07:15,541 [pool-159-thread-1] INFO  server.RaftServerConfigKeys (ConfUtils.java:logGet(43)) - raft.server.log.use.memory = false (default)
2019-09-25 05:07:15,541 [pool-159-thread-1] INFO  server.RaftServerConfigKeys (ConfUtils.java:logGet(43)) - raft.server.log.purge.gap = 1000000 (custom)
2019-09-25 05:07:15,541 [pool-159-thread-1] INFO  server.RaftServerConfigKeys (ConfUtils.java:logGet(43)) - raft.server.log.appender.buffer.byte-limit = 33554432 (custom)
2019-09-25 05:07:15,541 [pool-159-thread-1] INFO  server.RaftServerConfigKeys (ConfUtils.java:logGet(43)) - raft.server.log.segment.size.max = 1048576 (custom)
2019-09-25 05:07:15,541 [pool-159-thread-1] INFO  server.RaftServerConfigKeys (ConfUtils.java:logGet(43)) - raft.server.log.segment.cache.num.max = 2 (custom)
2019-09-25 05:07:15,541 [pool-159-thread-1] INFO  segmented.SegmentedRaftLogWorker (SegmentedRaftLogWorker.java:<init>(172)) - new caeda6cb-6345-44ea-a0d4-5f314a967b77@group-1A906D884C09-SegmentedRaftLogWorker for RaftStorage:Storage Directory /workdir/hadoop-ozone/integration-test/target/test-dir/MiniOzoneClusterImpl-9445efff-1a51-4441-b04f-96fa6a6cc491/datanode-4/data/ratis/acb312a9-da0a-4ae1-80b9-1a906d884c09
2019-09-25 05:07:15,544 [pool-159-thread-1] INFO  server.RaftServerConfigKeys (ConfUtils.java:logGet(43)) - raft.server.log.queue.byte-limit = 2147483647 (custom)
2019-09-25 05:07:15,544 [pool-159-thread-1] INFO  server.RaftServerConfigKeys (ConfUtils.java:logGet(43)) - raft.server.log.queue.element-limit = 1024 (custom)
2019-09-25 05:07:15,545 [pool-159-thread-1] INFO  server.RaftServerConfigKeys (ConfUtils.java:logGet(43)) - raft.server.log.segment.size.max = 1048576 (custom)
2019-09-25 05:07:15,545 [pool-159-thread-1] INFO  server.RaftServerConfigKeys (ConfUtils.java:logGet(43)) - raft.server.log.preallocated.size = 16384 (custom)
2019-09-25 05:07:15,545 [pool-159-thread-1] INFO  server.RaftServerConfigKeys (ConfUtils.java:logGet(43)) - raft.server.log.write.buffer.size = 33554432 (custom)
2019-09-25 05:07:15,545 [pool-159-thread-1] INFO  server.RaftServerConfigKeys (ConfUtils.java:logGet(43)) - raft.server.log.force.sync.num = 128 (default)
2019-09-25 05:07:15,545 [pool-159-thread-1] INFO  server.RaftServerConfigKeys (ConfUtils.java:logGet(43)) - raft.server.log.statemachine.data.sync = true (default)
2019-09-25 05:07:15,545 [pool-159-thread-1] INFO  server.RaftServerConfigKeys (ConfUtils.java:logGet(43)) - raft.server.log.statemachine.data.sync.timeout = 10s (default)
2019-09-25 05:07:15,546 [pool-159-thread-1] INFO  server.RaftServerConfigKeys (ConfUtils.java:logGet(43)) - raft.server.log.statemachine.data.sync.timeout.retry = -1 (default)
2019-09-25 05:07:15,546 [pool-159-thread-1] INFO  server.RaftServerConfigKeys (ConfUtils.java:logGet(43)) - raft.server.log.statemachine.data.caching.enabled = true (custom)
2019-09-25 05:07:15,546 [pool-159-thread-1] INFO  segmented.SegmentedRaftLogWorker (SegmentedRaftLogWorker.java:lambda$new$0(132)) - caeda6cb-6345-44ea-a0d4-5f314a967b77@group-1A906D884C09-SegmentedRaftLogWorker: flushIndex: setUnconditionally 0 -> -1
2019-09-25 05:07:15,547 [pool-159-thread-1] INFO  server.RaftServerConfigKeys (ConfUtils.java:logGet(43)) - raft.server.snapshot.auto.trigger.enabled = true (custom)
2019-09-25 05:07:15,547 [pool-159-thread-1] INFO  server.RaftServerConfigKeys (ConfUtils.java:logGet(43)) - raft.server.snapshot.auto.trigger.threshold = 10000 (custom)
2019-09-25 05:07:15,547 [pool-159-thread-1] INFO  server.RaftServerConfigKeys (ConfUtils.java:logGet(43)) - raft.server.snapshot.retention.num.files = 5 (custom)
2019-09-25 05:07:15,547 [pool-159-thread-1] INFO  server.RaftServerConfigKeys (ConfUtils.java:logGet(43)) - raft.server.retrycache.expirytime = 600000ms (custom)
2019-09-25 05:07:15,550 [pool-159-thread-1] INFO  impl.RaftServerImpl (RaftServerImpl.java:start(185)) - caeda6cb-6345-44ea-a0d4-5f314a967b77@group-1A906D884C09: start as a follower, conf=-1: [caeda6cb-6345-44ea-a0d4-5f314a967b77:192.168.36.126:40532], old=null
2019-09-25 05:07:15,551 [pool-159-thread-1] INFO  impl.RaftServerImpl (RaftServerImpl.java:setRole(174)) - caeda6cb-6345-44ea-a0d4-5f314a967b77@group-1A906D884C09: changes role from      null to FOLLOWER at term 0 for startAsFollower
2019-09-25 05:07:15,551 [pool-159-thread-1] INFO  impl.RoleInfo (RoleInfo.java:updateAndGet(143)) - caeda6cb-6345-44ea-a0d4-5f314a967b77: start FollowerState
2019-09-25 05:07:15,551 [pool-159-thread-1] INFO  util.JmxRegister (JmxRegister.java:tryRegister(44)) - Successfully registered JMX Bean with object name Ratis:service=RaftServer,group=group-1A906D884C09,id=caeda6cb-6345-44ea-a0d4-5f314a967b77
2019-09-25 05:07:15,554 [RatisPipelineUtilsThread] INFO  pipeline.PipelineStateManager (PipelineStateManager.java:addPipeline(56)) - Created pipeline Pipeline[ Id: acb312a9-da0a-4ae1-80b9-1a906d884c09, Nodes: caeda6cb-6345-44ea-a0d4-5f314a967b77{ip: 192.168.36.126, host: pr-hdds-2174-pqx5g-486351168, networkLocation: /default-rack, certSerialId: null}, Type:RATIS, Factor:ONE, State:OPEN]
2019-09-25 05:07:15,561 [grpc-default-executor-4] INFO  impl.RaftServerProxy (RaftServerProxy.java:addNew(89)) - c0eca757-0426-4809-8d60-c283fabf02c6: addNew group-648D0116ACD5:[c0eca757-0426-4809-8d60-c283fabf02c6:192.168.36.126:34880] returns group-648D0116ACD5:java.util.concurrent.CompletableFuture@3d23afbe[Not completed]
2019-09-25 05:07:15,563 [pool-129-thread-1] INFO  impl.RaftServerImpl (RaftServerImpl.java:<init>(95)) - c0eca757-0426-4809-8d60-c283fabf02c6: new RaftServerImpl for group-648D0116ACD5:[c0eca757-0426-4809-8d60-c283fabf02c6:192.168.36.126:34880] with ContainerStateMachine:uninitialized
2019-09-25 05:07:15,563 [pool-129-thread-1] INFO  server.RaftServerConfigKeys (ConfUtils.java:logGet(43)) - raft.server.rpc.timeout.min = 5s (custom)
2019-09-25 05:07:15,563 [pool-129-thread-1] INFO  server.RaftServerConfigKeys (ConfUtils.java:logGet(43)) - raft.server.rpc.timeout.max = 5200ms (custom)
2019-09-25 05:07:15,563 [pool-129-thread-1] INFO  server.RaftServerConfigKeys (ConfUtils.java:logGet(43)) - raft.server.rpcslowness.timeout = 120s (custom)
2019-09-25 05:07:15,563 [pool-129-thread-1] INFO  server.RaftServerConfigKeys (ConfUtils.java:logGet(43)) - raft.server.sleep.deviation.threshold = 300 (default)
2019-09-25 05:07:15,563 [pool-129-thread-1] INFO  server.RaftServerConfigKeys (ConfUtils.java:logGet(43)) - raft.server.log.appender.install.snapshot.enabled = false (custom)
2019-09-25 05:07:15,564 [pool-129-thread-1] INFO  impl.RaftServerImpl (ServerState.java:<init>(103)) - c0eca757-0426-4809-8d60-c283fabf02c6@group-648D0116ACD5: ConfigurationManager, init=-1: [c0eca757-0426-4809-8d60-c283fabf02c6:192.168.36.126:34880], old=null, confs=<EMPTY_MAP>
2019-09-25 05:07:15,564 [pool-129-thread-1] INFO  server.RaftServerConfigKeys (ConfUtils.java:logGet(43)) - raft.server.storage.dir = [/workdir/hadoop-ozone/integration-test/target/test-dir/MiniOzoneClusterImpl-9445efff-1a51-4441-b04f-96fa6a6cc491/datanode-1/data/ratis] (custom)
2019-09-25 05:07:15,564 [pool-129-thread-1] INFO  storage.RaftStorageDirectory (RaftStorageDirectory.java:analyzeStorage(246)) - The storage directory /workdir/hadoop-ozone/integration-test/target/test-dir/MiniOzoneClusterImpl-9445efff-1a51-4441-b04f-96fa6a6cc491/datanode-1/data/ratis/e12fbf0c-1131-4df5-b481-648d0116acd5 does not exist. Creating ...
2019-09-25 05:07:15,795 [pool-129-thread-1] INFO  storage.RaftStorageDirectory (RaftStorageDirectory.java:tryLock(328)) - Lock on /workdir/hadoop-ozone/integration-test/target/test-dir/MiniOzoneClusterImpl-9445efff-1a51-4441-b04f-96fa6a6cc491/datanode-1/data/ratis/e12fbf0c-1131-4df5-b481-648d0116acd5/in_use.lock acquired by nodename 31467@pr-hdds-2174-pqx5g-486351168
2019-09-25 05:07:16,185 [pool-129-thread-1] INFO  storage.RaftStorage (RaftStorage.java:format(72)) - Storage directory /workdir/hadoop-ozone/integration-test/target/test-dir/MiniOzoneClusterImpl-9445efff-1a51-4441-b04f-96fa6a6cc491/datanode-1/data/ratis/e12fbf0c-1131-4df5-b481-648d0116acd5 has been successfully formatted.
2019-09-25 05:07:16,185 [pool-129-thread-1] INFO  ratis.ContainerStateMachine (ContainerStateMachine.java:loadSnapshot(230)) - group-648D0116ACD5: The snapshot info is null. Setting the last applied indexto:(t:0, i:~)
2019-09-25 05:07:16,185 [pool-129-thread-1] INFO  server.RaftServerConfigKeys (ConfUtils.java:logGet(43)) - raft.server.notification.no-leader.timeout = 120s (custom)
2019-09-25 05:07:16,185 [pool-129-thread-1] INFO  server.RaftServerConfigKeys (ConfUtils.java:logGet(43)) - raft.server.log.use.memory = false (default)
2019-09-25 05:07:16,186 [pool-129-thread-1] INFO  server.RaftServerConfigKeys (ConfUtils.java:logGet(43)) - raft.server.log.purge.gap = 1000000 (custom)
2019-09-25 05:07:16,186 [pool-129-thread-1] INFO  server.RaftServerConfigKeys (ConfUtils.java:logGet(43)) - raft.server.log.appender.buffer.byte-limit = 33554432 (custom)
2019-09-25 05:07:16,186 [pool-129-thread-1] INFO  server.RaftServerConfigKeys (ConfUtils.java:logGet(43)) - raft.server.log.segment.size.max = 1048576 (custom)
2019-09-25 05:07:16,186 [pool-129-thread-1] INFO  server.RaftServerConfigKeys (ConfUtils.java:logGet(43)) - raft.server.log.segment.cache.num.max = 2 (custom)
2019-09-25 05:07:16,186 [pool-129-thread-1] INFO  segmented.SegmentedRaftLogWorker (SegmentedRaftLogWorker.java:<init>(172)) - new c0eca757-0426-4809-8d60-c283fabf02c6@group-648D0116ACD5-SegmentedRaftLogWorker for RaftStorage:Storage Directory /workdir/hadoop-ozone/integration-test/target/test-dir/MiniOzoneClusterImpl-9445efff-1a51-4441-b04f-96fa6a6cc491/datanode-1/data/ratis/e12fbf0c-1131-4df5-b481-648d0116acd5
2019-09-25 05:07:16,188 [pool-129-thread-1] INFO  server.RaftServerConfigKeys (ConfUtils.java:logGet(43)) - raft.server.log.queue.byte-limit = 2147483647 (custom)
2019-09-25 05:07:16,189 [pool-129-thread-1] INFO  server.RaftServerConfigKeys (ConfUtils.java:logGet(43)) - raft.server.log.queue.element-limit = 1024 (custom)
2019-09-25 05:07:16,189 [pool-129-thread-1] INFO  server.RaftServerConfigKeys (ConfUtils.java:logGet(43)) - raft.server.log.segment.size.max = 1048576 (custom)
2019-09-25 05:07:16,189 [pool-129-thread-1] INFO  server.RaftServerConfigKeys (ConfUtils.java:logGet(43)) - raft.server.log.preallocated.size = 16384 (custom)
2019-09-25 05:07:16,189 [pool-129-thread-1] INFO  server.RaftServerConfigKeys (ConfUtils.java:logGet(43)) - raft.server.log.write.buffer.size = 33554432 (custom)
2019-09-25 05:07:16,189 [pool-129-thread-1] INFO  server.RaftServerConfigKeys (ConfUtils.java:logGet(43)) - raft.server.log.force.sync.num = 128 (default)
2019-09-25 05:07:16,189 [pool-129-thread-1] INFO  server.RaftServerConfigKeys (ConfUtils.java:logGet(43)) - raft.server.log.statemachine.data.sync = true (default)
2019-09-25 05:07:16,189 [pool-129-thread-1] INFO  server.RaftServerConfigKeys (ConfUtils.java:logGet(43)) - raft.server.log.statemachine.data.sync.timeout = 10s (default)
2019-09-25 05:07:16,189 [pool-129-thread-1] INFO  server.RaftServerConfigKeys (ConfUtils.java:logGet(43)) - raft.server.log.statemachine.data.sync.timeout.retry = -1 (default)
2019-09-25 05:07:16,190 [pool-129-thread-1] INFO  server.RaftServerConfigKeys (ConfUtils.java:logGet(43)) - raft.server.log.statemachine.data.caching.enabled = true (custom)
2019-09-25 05:07:16,190 [pool-129-thread-1] INFO  segmented.SegmentedRaftLogWorker (SegmentedRaftLogWorker.java:lambda$new$0(132)) - c0eca757-0426-4809-8d60-c283fabf02c6@group-648D0116ACD5-SegmentedRaftLogWorker: flushIndex: setUnconditionally 0 -> -1
2019-09-25 05:07:16,190 [pool-129-thread-1] INFO  server.RaftServerConfigKeys (ConfUtils.java:logGet(43)) - raft.server.snapshot.auto.trigger.enabled = true (custom)
2019-09-25 05:07:16,190 [pool-129-thread-1] INFO  server.RaftServerConfigKeys (ConfUtils.java:logGet(43)) - raft.server.snapshot.auto.trigger.threshold = 10000 (custom)
2019-09-25 05:07:16,191 [pool-129-thread-1] INFO  server.RaftServerConfigKeys (ConfUtils.java:logGet(43)) - raft.server.snapshot.retention.num.files = 5 (custom)
2019-09-25 05:07:16,191 [pool-129-thread-1] INFO  server.RaftServerConfigKeys (ConfUtils.java:logGet(43)) - raft.server.retrycache.expirytime = 600000ms (custom)
2019-09-25 05:07:16,193 [pool-129-thread-1] INFO  impl.RaftServerImpl (RaftServerImpl.java:start(185)) - c0eca757-0426-4809-8d60-c283fabf02c6@group-648D0116ACD5: start as a follower, conf=-1: [c0eca757-0426-4809-8d60-c283fabf02c6:192.168.36.126:34880], old=null
2019-09-25 05:07:16,193 [pool-129-thread-1] INFO  impl.RaftServerImpl (RaftServerImpl.java:setRole(174)) - c0eca757-0426-4809-8d60-c283fabf02c6@group-648D0116ACD5: changes role from      null to FOLLOWER at term 0 for startAsFollower
2019-09-25 05:07:16,193 [pool-129-thread-1] INFO  impl.RoleInfo (RoleInfo.java:updateAndGet(143)) - c0eca757-0426-4809-8d60-c283fabf02c6: start FollowerState
2019-09-25 05:07:16,193 [pool-129-thread-1] INFO  util.JmxRegister (JmxRegister.java:tryRegister(44)) - Successfully registered JMX Bean with object name Ratis:service=RaftServer,group=group-648D0116ACD5,id=c0eca757-0426-4809-8d60-c283fabf02c6
2019-09-25 05:07:16,196 [RatisPipelineUtilsThread] INFO  pipeline.PipelineStateManager (PipelineStateManager.java:addPipeline(56)) - Created pipeline Pipeline[ Id: e12fbf0c-1131-4df5-b481-648d0116acd5, Nodes: c0eca757-0426-4809-8d60-c283fabf02c6{ip: 192.168.36.126, host: pr-hdds-2174-pqx5g-486351168, networkLocation: /default-rack, certSerialId: null}, Type:RATIS, Factor:ONE, State:OPEN]
2019-09-25 05:07:16,204 [grpc-default-executor-4] INFO  impl.RaftServerProxy (RaftServerProxy.java:addNew(89)) - 337eba68-33ee-48dd-bb88-253007d49397: addNew group-6B120CD89ACB:[337eba68-33ee-48dd-bb88-253007d49397:192.168.36.126:37092] returns group-6B120CD89ACB:java.util.concurrent.CompletableFuture@709bc111[Not completed]
2019-09-25 05:07:16,205 [pool-139-thread-1] INFO  impl.RaftServerImpl (RaftServerImpl.java:<init>(95)) - 337eba68-33ee-48dd-bb88-253007d49397: new RaftServerImpl for group-6B120CD89ACB:[337eba68-33ee-48dd-bb88-253007d49397:192.168.36.126:37092] with ContainerStateMachine:uninitialized
2019-09-25 05:07:16,205 [pool-139-thread-1] INFO  server.RaftServerConfigKeys (ConfUtils.java:logGet(43)) - raft.server.rpc.timeout.min = 5s (custom)
2019-09-25 05:07:16,205 [pool-139-thread-1] INFO  server.RaftServerConfigKeys (ConfUtils.java:logGet(43)) - raft.server.rpc.timeout.max = 5200ms (custom)
2019-09-25 05:07:16,205 [pool-139-thread-1] INFO  server.RaftServerConfigKeys (ConfUtils.java:logGet(43)) - raft.server.rpcslowness.timeout = 120s (custom)
2019-09-25 05:07:16,205 [pool-139-thread-1] INFO  server.RaftServerConfigKeys (ConfUtils.java:logGet(43)) - raft.server.sleep.deviation.threshold = 300 (default)
2019-09-25 05:07:16,206 [pool-139-thread-1] INFO  server.RaftServerConfigKeys (ConfUtils.java:logGet(43)) - raft.server.log.appender.install.snapshot.enabled = false (custom)
2019-09-25 05:07:16,206 [pool-139-thread-1] INFO  impl.RaftServerImpl (ServerState.java:<init>(103)) - 337eba68-33ee-48dd-bb88-253007d49397@group-6B120CD89ACB: ConfigurationManager, init=-1: [337eba68-33ee-48dd-bb88-253007d49397:192.168.36.126:37092], old=null, confs=<EMPTY_MAP>
2019-09-25 05:07:16,206 [pool-139-thread-1] INFO  server.RaftServerConfigKeys (ConfUtils.java:logGet(43)) - raft.server.storage.dir = [/workdir/hadoop-ozone/integration-test/target/test-dir/MiniOzoneClusterImpl-9445efff-1a51-4441-b04f-96fa6a6cc491/datanode-2/data/ratis] (custom)
2019-09-25 05:07:16,206 [pool-139-thread-1] INFO  storage.RaftStorageDirectory (RaftStorageDirectory.java:analyzeStorage(246)) - The storage directory /workdir/hadoop-ozone/integration-test/target/test-dir/MiniOzoneClusterImpl-9445efff-1a51-4441-b04f-96fa6a6cc491/datanode-2/data/ratis/75631ce5-650c-44bb-bca1-6b120cd89acb does not exist. Creating ...
2019-09-25 05:07:16,422 [pool-139-thread-1] INFO  storage.RaftStorageDirectory (RaftStorageDirectory.java:tryLock(328)) - Lock on /workdir/hadoop-ozone/integration-test/target/test-dir/MiniOzoneClusterImpl-9445efff-1a51-4441-b04f-96fa6a6cc491/datanode-2/data/ratis/75631ce5-650c-44bb-bca1-6b120cd89acb/in_use.lock acquired by nodename 31467@pr-hdds-2174-pqx5g-486351168
2019-09-25 05:07:16,883 [pool-139-thread-1] INFO  storage.RaftStorage (RaftStorage.java:format(72)) - Storage directory /workdir/hadoop-ozone/integration-test/target/test-dir/MiniOzoneClusterImpl-9445efff-1a51-4441-b04f-96fa6a6cc491/datanode-2/data/ratis/75631ce5-650c-44bb-bca1-6b120cd89acb has been successfully formatted.
2019-09-25 05:07:16,883 [pool-139-thread-1] INFO  ratis.ContainerStateMachine (ContainerStateMachine.java:loadSnapshot(230)) - group-6B120CD89ACB: The snapshot info is null. Setting the last applied indexto:(t:0, i:~)
2019-09-25 05:07:16,884 [pool-139-thread-1] INFO  server.RaftServerConfigKeys (ConfUtils.java:logGet(43)) - raft.server.notification.no-leader.timeout = 120s (custom)
2019-09-25 05:07:16,884 [pool-139-thread-1] INFO  server.RaftServerConfigKeys (ConfUtils.java:logGet(43)) - raft.server.log.use.memory = false (default)
2019-09-25 05:07:16,884 [pool-139-thread-1] INFO  server.RaftServerConfigKeys (ConfUtils.java:logGet(43)) - raft.server.log.purge.gap = 1000000 (custom)
2019-09-25 05:07:16,884 [pool-139-thread-1] INFO  server.RaftServerConfigKeys (ConfUtils.java:logGet(43)) - raft.server.log.appender.buffer.byte-limit = 33554432 (custom)
2019-09-25 05:07:16,884 [pool-139-thread-1] INFO  server.RaftServerConfigKeys (ConfUtils.java:logGet(43)) - raft.server.log.segment.size.max = 1048576 (custom)
2019-09-25 05:07:16,885 [pool-139-thread-1] INFO  server.RaftServerConfigKeys (ConfUtils.java:logGet(43)) - raft.server.log.segment.cache.num.max = 2 (custom)
2019-09-25 05:07:16,885 [pool-139-thread-1] INFO  segmented.SegmentedRaftLogWorker (SegmentedRaftLogWorker.java:<init>(172)) - new 337eba68-33ee-48dd-bb88-253007d49397@group-6B120CD89ACB-SegmentedRaftLogWorker for RaftStorage:Storage Directory /workdir/hadoop-ozone/integration-test/target/test-dir/MiniOzoneClusterImpl-9445efff-1a51-4441-b04f-96fa6a6cc491/datanode-2/data/ratis/75631ce5-650c-44bb-bca1-6b120cd89acb
2019-09-25 05:07:16,888 [pool-139-thread-1] INFO  server.RaftServerConfigKeys (ConfUtils.java:logGet(43)) - raft.server.log.queue.byte-limit = 2147483647 (custom)
2019-09-25 05:07:16,888 [pool-139-thread-1] INFO  server.RaftServerConfigKeys (ConfUtils.java:logGet(43)) - raft.server.log.queue.element-limit = 1024 (custom)
2019-09-25 05:07:16,888 [pool-139-thread-1] INFO  server.RaftServerConfigKeys (ConfUtils.java:logGet(43)) - raft.server.log.segment.size.max = 1048576 (custom)
2019-09-25 05:07:16,888 [pool-139-thread-1] INFO  server.RaftServerConfigKeys (ConfUtils.java:logGet(43)) - raft.server.log.preallocated.size = 16384 (custom)
2019-09-25 05:07:16,888 [pool-139-thread-1] INFO  server.RaftServerConfigKeys (ConfUtils.java:logGet(43)) - raft.server.log.write.buffer.size = 33554432 (custom)
2019-09-25 05:07:16,889 [pool-139-thread-1] INFO  server.RaftServerConfigKeys (ConfUtils.java:logGet(43)) - raft.server.log.force.sync.num = 128 (default)
2019-09-25 05:07:16,889 [pool-139-thread-1] INFO  server.RaftServerConfigKeys (ConfUtils.java:logGet(43)) - raft.server.log.statemachine.data.sync = true (default)
2019-09-25 05:07:16,889 [pool-139-thread-1] INFO  server.RaftServerConfigKeys (ConfUtils.java:logGet(43)) - raft.server.log.statemachine.data.sync.timeout = 10s (default)
2019-09-25 05:07:16,889 [pool-139-thread-1] INFO  server.RaftServerConfigKeys (ConfUtils.java:logGet(43)) - raft.server.log.statemachine.data.sync.timeout.retry = -1 (default)
2019-09-25 05:07:16,889 [pool-139-thread-1] INFO  server.RaftServerConfigKeys (ConfUtils.java:logGet(43)) - raft.server.log.statemachine.data.caching.enabled = true (custom)
2019-09-25 05:07:16,890 [pool-139-thread-1] INFO  segmented.SegmentedRaftLogWorker (SegmentedRaftLogWorker.java:lambda$new$0(132)) - 337eba68-33ee-48dd-bb88-253007d49397@group-6B120CD89ACB-SegmentedRaftLogWorker: flushIndex: setUnconditionally 0 -> -1
2019-09-25 05:07:16,890 [pool-139-thread-1] INFO  server.RaftServerConfigKeys (ConfUtils.java:logGet(43)) - raft.server.snapshot.auto.trigger.enabled = true (custom)
2019-09-25 05:07:16,890 [pool-139-thread-1] INFO  server.RaftServerConfigKeys (ConfUtils.java:logGet(43)) - raft.server.snapshot.auto.trigger.threshold = 10000 (custom)
2019-09-25 05:07:16,891 [pool-139-thread-1] INFO  server.RaftServerConfigKeys (ConfUtils.java:logGet(43)) - raft.server.snapshot.retention.num.files = 5 (custom)
2019-09-25 05:07:16,891 [pool-139-thread-1] INFO  server.RaftServerConfigKeys (ConfUtils.java:logGet(43)) - raft.server.retrycache.expirytime = 600000ms (custom)
2019-09-25 05:07:16,894 [pool-139-thread-1] INFO  impl.RaftServerImpl (RaftServerImpl.java:start(185)) - 337eba68-33ee-48dd-bb88-253007d49397@group-6B120CD89ACB: start as a follower, conf=-1: [337eba68-33ee-48dd-bb88-253007d49397:192.168.36.126:37092], old=null
2019-09-25 05:07:16,894 [pool-139-thread-1] INFO  impl.RaftServerImpl (RaftServerImpl.java:setRole(174)) - 337eba68-33ee-48dd-bb88-253007d49397@group-6B120CD89ACB: changes role from      null to FOLLOWER at term 0 for startAsFollower
2019-09-25 05:07:16,894 [pool-139-thread-1] INFO  impl.RoleInfo (RoleInfo.java:updateAndGet(143)) - 337eba68-33ee-48dd-bb88-253007d49397: start FollowerState
2019-09-25 05:07:16,903 [pool-139-thread-1] INFO  util.JmxRegister (JmxRegister.java:tryRegister(44)) - Successfully registered JMX Bean with object name Ratis:service=RaftServer,group=group-6B120CD89ACB,id=337eba68-33ee-48dd-bb88-253007d49397
2019-09-25 05:07:16,910 [RatisPipelineUtilsThread] INFO  pipeline.PipelineStateManager (PipelineStateManager.java:addPipeline(56)) - Created pipeline Pipeline[ Id: 75631ce5-650c-44bb-bca1-6b120cd89acb, Nodes: 337eba68-33ee-48dd-bb88-253007d49397{ip: 192.168.36.126, host: pr-hdds-2174-pqx5g-486351168, networkLocation: /default-rack, certSerialId: null}, Type:RATIS, Factor:ONE, State:OPEN]
2019-09-25 05:07:16,922 [grpc-default-executor-3] INFO  impl.RaftServerProxy (RaftServerProxy.java:addNew(89)) - bc163c1a-f845-4c36-9592-f8e34b91970d: addNew group-8F81A5CD80FE:[bc163c1a-f845-4c36-9592-f8e34b91970d:192.168.36.126:38248, 158ad28b-aa8e-4172-b96b-cbb323932650:192.168.36.126:34188, 59abef46-29ea-4eff-a512-e596f80f6db1:192.168.36.126:38401] returns group-8F81A5CD80FE:java.util.concurrent.CompletableFuture@72b36f03[Not completed]
2019-09-25 05:07:16,922 [grpc-default-executor-6] INFO  impl.RaftServerProxy (RaftServerProxy.java:addNew(89)) - 158ad28b-aa8e-4172-b96b-cbb323932650: addNew group-8F81A5CD80FE:[bc163c1a-f845-4c36-9592-f8e34b91970d:192.168.36.126:38248, 158ad28b-aa8e-4172-b96b-cbb323932650:192.168.36.126:34188, 59abef46-29ea-4eff-a512-e596f80f6db1:192.168.36.126:38401] returns group-8F81A5CD80FE:java.util.concurrent.CompletableFuture@7c629c95[Not completed]
2019-09-25 05:07:16,922 [grpc-default-executor-3] INFO  impl.RaftServerProxy (RaftServerProxy.java:addNew(89)) - 59abef46-29ea-4eff-a512-e596f80f6db1: addNew group-8F81A5CD80FE:[bc163c1a-f845-4c36-9592-f8e34b91970d:192.168.36.126:38248, 158ad28b-aa8e-4172-b96b-cbb323932650:192.168.36.126:34188, 59abef46-29ea-4eff-a512-e596f80f6db1:192.168.36.126:38401] returns group-8F81A5CD80FE:java.util.concurrent.CompletableFuture@6f8bac69[Not completed]
2019-09-25 05:07:16,923 [pool-169-thread-1] INFO  impl.RaftServerImpl (RaftServerImpl.java:<init>(95)) - 158ad28b-aa8e-4172-b96b-cbb323932650: new RaftServerImpl for group-8F81A5CD80FE:[bc163c1a-f845-4c36-9592-f8e34b91970d:192.168.36.126:38248, 158ad28b-aa8e-4172-b96b-cbb323932650:192.168.36.126:34188, 59abef46-29ea-4eff-a512-e596f80f6db1:192.168.36.126:38401] with ContainerStateMachine:uninitialized
2019-09-25 05:07:16,923 [pool-169-thread-1] INFO  server.RaftServerConfigKeys (ConfUtils.java:logGet(43)) - raft.server.rpc.timeout.min = 5s (custom)
2019-09-25 05:07:16,923 [pool-169-thread-1] INFO  server.RaftServerConfigKeys (ConfUtils.java:logGet(43)) - raft.server.rpc.timeout.max = 5200ms (custom)
2019-09-25 05:07:16,924 [pool-169-thread-1] INFO  server.RaftServerConfigKeys (ConfUtils.java:logGet(43)) - raft.server.rpcslowness.timeout = 120s (custom)
2019-09-25 05:07:16,924 [pool-169-thread-1] INFO  server.RaftServerConfigKeys (ConfUtils.java:logGet(43)) - raft.server.sleep.deviation.threshold = 300 (default)
2019-09-25 05:07:16,924 [pool-149-thread-1] INFO  impl.RaftServerImpl (RaftServerImpl.java:<init>(95)) - 59abef46-29ea-4eff-a512-e596f80f6db1: new RaftServerImpl for group-8F81A5CD80FE:[bc163c1a-f845-4c36-9592-f8e34b91970d:192.168.36.126:38248, 158ad28b-aa8e-4172-b96b-cbb323932650:192.168.36.126:34188, 59abef46-29ea-4eff-a512-e596f80f6db1:192.168.36.126:38401] with ContainerStateMachine:uninitialized
2019-09-25 05:07:16,924 [pool-169-thread-1] INFO  server.RaftServerConfigKeys (ConfUtils.java:logGet(43)) - raft.server.log.appender.install.snapshot.enabled = false (custom)
2019-09-25 05:07:16,924 [pool-149-thread-1] INFO  server.RaftServerConfigKeys (ConfUtils.java:logGet(43)) - raft.server.rpc.timeout.min = 5s (custom)
2019-09-25 05:07:16,924 [pool-169-thread-1] INFO  impl.RaftServerImpl (ServerState.java:<init>(103)) - 158ad28b-aa8e-4172-b96b-cbb323932650@group-8F81A5CD80FE: ConfigurationManager, init=-1: [bc163c1a-f845-4c36-9592-f8e34b91970d:192.168.36.126:38248, 158ad28b-aa8e-4172-b96b-cbb323932650:192.168.36.126:34188, 59abef46-29ea-4eff-a512-e596f80f6db1:192.168.36.126:38401], old=null, confs=<EMPTY_MAP>
2019-09-25 05:07:16,924 [pool-149-thread-1] INFO  server.RaftServerConfigKeys (ConfUtils.java:logGet(43)) - raft.server.rpc.timeout.max = 5200ms (custom)
2019-09-25 05:07:16,924 [pool-169-thread-1] INFO  server.RaftServerConfigKeys (ConfUtils.java:logGet(43)) - raft.server.storage.dir = [/workdir/hadoop-ozone/integration-test/target/test-dir/MiniOzoneClusterImpl-9445efff-1a51-4441-b04f-96fa6a6cc491/datanode-5/data/ratis] (custom)
2019-09-25 05:07:16,924 [pool-149-thread-1] INFO  server.RaftServerConfigKeys (ConfUtils.java:logGet(43)) - raft.server.rpcslowness.timeout = 120s (custom)
2019-09-25 05:07:16,925 [pool-179-thread-1] INFO  impl.RaftServerImpl (RaftServerImpl.java:<init>(95)) - bc163c1a-f845-4c36-9592-f8e34b91970d: new RaftServerImpl for group-8F81A5CD80FE:[bc163c1a-f845-4c36-9592-f8e34b91970d:192.168.36.126:38248, 158ad28b-aa8e-4172-b96b-cbb323932650:192.168.36.126:34188, 59abef46-29ea-4eff-a512-e596f80f6db1:192.168.36.126:38401] with ContainerStateMachine:uninitialized
2019-09-25 05:07:16,925 [pool-149-thread-1] INFO  server.RaftServerConfigKeys (ConfUtils.java:logGet(43)) - raft.server.sleep.deviation.threshold = 300 (default)
2019-09-25 05:07:16,925 [pool-169-thread-1] INFO  storage.RaftStorageDirectory (RaftStorageDirectory.java:analyzeStorage(246)) - The storage directory /workdir/hadoop-ozone/integration-test/target/test-dir/MiniOzoneClusterImpl-9445efff-1a51-4441-b04f-96fa6a6cc491/datanode-5/data/ratis/99fb0877-89b1-4c45-8334-8f81a5cd80fe does not exist. Creating ...
2019-09-25 05:07:16,925 [pool-179-thread-1] INFO  server.RaftServerConfigKeys (ConfUtils.java:logGet(43)) - raft.server.rpc.timeout.min = 5s (custom)
2019-09-25 05:07:16,925 [pool-149-thread-1] INFO  server.RaftServerConfigKeys (ConfUtils.java:logGet(43)) - raft.server.log.appender.install.snapshot.enabled = false (custom)
2019-09-25 05:07:16,925 [pool-179-thread-1] INFO  server.RaftServerConfigKeys (ConfUtils.java:logGet(43)) - raft.server.rpc.timeout.max = 5200ms (custom)
2019-09-25 05:07:16,925 [pool-149-thread-1] INFO  impl.RaftServerImpl (ServerState.java:<init>(103)) - 59abef46-29ea-4eff-a512-e596f80f6db1@group-8F81A5CD80FE: ConfigurationManager, init=-1: [bc163c1a-f845-4c36-9592-f8e34b91970d:192.168.36.126:38248, 158ad28b-aa8e-4172-b96b-cbb323932650:192.168.36.126:34188, 59abef46-29ea-4eff-a512-e596f80f6db1:192.168.36.126:38401], old=null, confs=<EMPTY_MAP>
2019-09-25 05:07:16,925 [pool-179-thread-1] INFO  server.RaftServerConfigKeys (ConfUtils.java:logGet(43)) - raft.server.rpcslowness.timeout = 120s (custom)
2019-09-25 05:07:16,926 [pool-149-thread-1] INFO  server.RaftServerConfigKeys (ConfUtils.java:logGet(43)) - raft.server.storage.dir = [/workdir/hadoop-ozone/integration-test/target/test-dir/MiniOzoneClusterImpl-9445efff-1a51-4441-b04f-96fa6a6cc491/datanode-3/data/ratis] (custom)
2019-09-25 05:07:16,926 [pool-179-thread-1] INFO  server.RaftServerConfigKeys (ConfUtils.java:logGet(43)) - raft.server.sleep.deviation.threshold = 300 (default)
2019-09-25 05:07:16,926 [pool-179-thread-1] INFO  server.RaftServerConfigKeys (ConfUtils.java:logGet(43)) - raft.server.log.appender.install.snapshot.enabled = false (custom)
2019-09-25 05:07:16,926 [pool-149-thread-1] INFO  storage.RaftStorageDirectory (RaftStorageDirectory.java:analyzeStorage(246)) - The storage directory /workdir/hadoop-ozone/integration-test/target/test-dir/MiniOzoneClusterImpl-9445efff-1a51-4441-b04f-96fa6a6cc491/datanode-3/data/ratis/99fb0877-89b1-4c45-8334-8f81a5cd80fe does not exist. Creating ...
2019-09-25 05:07:16,926 [pool-179-thread-1] INFO  impl.RaftServerImpl (ServerState.java:<init>(103)) - bc163c1a-f845-4c36-9592-f8e34b91970d@group-8F81A5CD80FE: ConfigurationManager, init=-1: [bc163c1a-f845-4c36-9592-f8e34b91970d:192.168.36.126:38248, 158ad28b-aa8e-4172-b96b-cbb323932650:192.168.36.126:34188, 59abef46-29ea-4eff-a512-e596f80f6db1:192.168.36.126:38401], old=null, confs=<EMPTY_MAP>
2019-09-25 05:07:16,926 [pool-179-thread-1] INFO  server.RaftServerConfigKeys (ConfUtils.java:logGet(43)) - raft.server.storage.dir = [/workdir/hadoop-ozone/integration-test/target/test-dir/MiniOzoneClusterImpl-9445efff-1a51-4441-b04f-96fa6a6cc491/datanode-6/data/ratis] (custom)
2019-09-25 05:07:16,927 [pool-179-thread-1] INFO  storage.RaftStorageDirectory (RaftStorageDirectory.java:analyzeStorage(246)) - The storage directory /workdir/hadoop-ozone/integration-test/target/test-dir/MiniOzoneClusterImpl-9445efff-1a51-4441-b04f-96fa6a6cc491/datanode-6/data/ratis/99fb0877-89b1-4c45-8334-8f81a5cd80fe does not exist. Creating ...
2019-09-25 05:07:17,368 [pool-149-thread-1] INFO  storage.RaftStorageDirectory (RaftStorageDirectory.java:tryLock(328)) - Lock on /workdir/hadoop-ozone/integration-test/target/test-dir/MiniOzoneClusterImpl-9445efff-1a51-4441-b04f-96fa6a6cc491/datanode-3/data/ratis/99fb0877-89b1-4c45-8334-8f81a5cd80fe/in_use.lock acquired by nodename 31467@pr-hdds-2174-pqx5g-486351168
2019-09-25 05:07:17,368 [pool-169-thread-1] INFO  storage.RaftStorageDirectory (RaftStorageDirectory.java:tryLock(328)) - Lock on /workdir/hadoop-ozone/integration-test/target/test-dir/MiniOzoneClusterImpl-9445efff-1a51-4441-b04f-96fa6a6cc491/datanode-5/data/ratis/99fb0877-89b1-4c45-8334-8f81a5cd80fe/in_use.lock acquired by nodename 31467@pr-hdds-2174-pqx5g-486351168
2019-09-25 05:07:17,368 [pool-179-thread-1] INFO  storage.RaftStorageDirectory (RaftStorageDirectory.java:tryLock(328)) - Lock on /workdir/hadoop-ozone/integration-test/target/test-dir/MiniOzoneClusterImpl-9445efff-1a51-4441-b04f-96fa6a6cc491/datanode-6/data/ratis/99fb0877-89b1-4c45-8334-8f81a5cd80fe/in_use.lock acquired by nodename 31467@pr-hdds-2174-pqx5g-486351168
2019-09-25 05:07:17,705 [pool-169-thread-1] INFO  storage.RaftStorage (RaftStorage.java:format(72)) - Storage directory /workdir/hadoop-ozone/integration-test/target/test-dir/MiniOzoneClusterImpl-9445efff-1a51-4441-b04f-96fa6a6cc491/datanode-5/data/ratis/99fb0877-89b1-4c45-8334-8f81a5cd80fe has been successfully formatted.
2019-09-25 05:07:17,705 [pool-149-thread-1] INFO  storage.RaftStorage (RaftStorage.java:format(72)) - Storage directory /workdir/hadoop-ozone/integration-test/target/test-dir/MiniOzoneClusterImpl-9445efff-1a51-4441-b04f-96fa6a6cc491/datanode-3/data/ratis/99fb0877-89b1-4c45-8334-8f81a5cd80fe has been successfully formatted.
2019-09-25 05:07:17,705 [pool-179-thread-1] INFO  storage.RaftStorage (RaftStorage.java:format(72)) - Storage directory /workdir/hadoop-ozone/integration-test/target/test-dir/MiniOzoneClusterImpl-9445efff-1a51-4441-b04f-96fa6a6cc491/datanode-6/data/ratis/99fb0877-89b1-4c45-8334-8f81a5cd80fe has been successfully formatted.
2019-09-25 05:07:17,705 [pool-149-thread-1] INFO  ratis.ContainerStateMachine (ContainerStateMachine.java:loadSnapshot(230)) - group-8F81A5CD80FE: The snapshot info is null. Setting the last applied indexto:(t:0, i:~)
2019-09-25 05:07:17,705 [pool-169-thread-1] INFO  ratis.ContainerStateMachine (ContainerStateMachine.java:loadSnapshot(230)) - group-8F81A5CD80FE: The snapshot info is null. Setting the last applied indexto:(t:0, i:~)
2019-09-25 05:07:17,705 [pool-149-thread-1] INFO  server.RaftServerConfigKeys (ConfUtils.java:logGet(43)) - raft.server.notification.no-leader.timeout = 120s (custom)
2019-09-25 05:07:17,705 [pool-179-thread-1] INFO  ratis.ContainerStateMachine (ContainerStateMachine.java:loadSnapshot(230)) - group-8F81A5CD80FE: The snapshot info is null. Setting the last applied indexto:(t:0, i:~)
2019-09-25 05:07:17,706 [pool-149-thread-1] INFO  server.RaftServerConfigKeys (ConfUtils.java:logGet(43)) - raft.server.log.use.memory = false (default)
2019-09-25 05:07:17,706 [pool-169-thread-1] INFO  server.RaftServerConfigKeys (ConfUtils.java:logGet(43)) - raft.server.notification.no-leader.timeout = 120s (custom)
2019-09-25 05:07:17,706 [pool-149-thread-1] INFO  server.RaftServerConfigKeys (ConfUtils.java:logGet(43)) - raft.server.log.purge.gap = 1000000 (custom)
2019-09-25 05:07:17,706 [pool-179-thread-1] INFO  server.RaftServerConfigKeys (ConfUtils.java:logGet(43)) - raft.server.notification.no-leader.timeout = 120s (custom)
2019-09-25 05:07:17,706 [pool-149-thread-1] INFO  server.RaftServerConfigKeys (ConfUtils.java:logGet(43)) - raft.server.log.appender.buffer.byte-limit = 33554432 (custom)
2019-09-25 05:07:17,706 [pool-169-thread-1] INFO  server.RaftServerConfigKeys (ConfUtils.java:logGet(43)) - raft.server.log.use.memory = false (default)
2019-09-25 05:07:17,707 [pool-149-thread-1] INFO  server.RaftServerConfigKeys (ConfUtils.java:logGet(43)) - raft.server.log.segment.size.max = 1048576 (custom)
2019-09-25 05:07:17,707 [pool-179-thread-1] INFO  server.RaftServerConfigKeys (ConfUtils.java:logGet(43)) - raft.server.log.use.memory = false (default)
2019-09-25 05:07:17,707 [pool-149-thread-1] INFO  server.RaftServerConfigKeys (ConfUtils.java:logGet(43)) - raft.server.log.segment.cache.num.max = 2 (custom)
2019-09-25 05:07:17,707 [pool-169-thread-1] INFO  server.RaftServerConfigKeys (ConfUtils.java:logGet(43)) - raft.server.log.purge.gap = 1000000 (custom)
2019-09-25 05:07:17,707 [pool-149-thread-1] INFO  segmented.SegmentedRaftLogWorker (SegmentedRaftLogWorker.java:<init>(172)) - new 59abef46-29ea-4eff-a512-e596f80f6db1@group-8F81A5CD80FE-SegmentedRaftLogWorker for RaftStorage:Storage Directory /workdir/hadoop-ozone/integration-test/target/test-dir/MiniOzoneClusterImpl-9445efff-1a51-4441-b04f-96fa6a6cc491/datanode-3/data/ratis/99fb0877-89b1-4c45-8334-8f81a5cd80fe
2019-09-25 05:07:17,707 [pool-179-thread-1] INFO  server.RaftServerConfigKeys (ConfUtils.java:logGet(43)) - raft.server.log.purge.gap = 1000000 (custom)
2019-09-25 05:07:17,708 [pool-149-thread-1] INFO  server.RaftServerConfigKeys (ConfUtils.java:logGet(43)) - raft.server.log.queue.byte-limit = 2147483647 (custom)
2019-09-25 05:07:17,707 [pool-169-thread-1] INFO  server.RaftServerConfigKeys (ConfUtils.java:logGet(43)) - raft.server.log.appender.buffer.byte-limit = 33554432 (custom)
2019-09-25 05:07:17,708 [pool-149-thread-1] INFO  server.RaftServerConfigKeys (ConfUtils.java:logGet(43)) - raft.server.log.queue.element-limit = 1024 (custom)
2019-09-25 05:07:17,708 [pool-179-thread-1] INFO  server.RaftServerConfigKeys (ConfUtils.java:logGet(43)) - raft.server.log.appender.buffer.byte-limit = 33554432 (custom)
2019-09-25 05:07:17,708 [pool-149-thread-1] INFO  server.RaftServerConfigKeys (ConfUtils.java:logGet(43)) - raft.server.log.segment.size.max = 1048576 (custom)
2019-09-25 05:07:17,708 [pool-169-thread-1] INFO  server.RaftServerConfigKeys (ConfUtils.java:logGet(43)) - raft.server.log.segment.size.max = 1048576 (custom)
2019-09-25 05:07:17,708 [pool-149-thread-1] INFO  server.RaftServerConfigKeys (ConfUtils.java:logGet(43)) - raft.server.log.preallocated.size = 16384 (custom)
2019-09-25 05:07:17,708 [pool-179-thread-1] INFO  server.RaftServerConfigKeys (ConfUtils.java:logGet(43)) - raft.server.log.segment.size.max = 1048576 (custom)
2019-09-25 05:07:17,709 [pool-149-thread-1] INFO  server.RaftServerConfigKeys (ConfUtils.java:logGet(43)) - raft.server.log.write.buffer.size = 33554432 (custom)
2019-09-25 05:07:17,709 [pool-169-thread-1] INFO  server.RaftServerConfigKeys (ConfUtils.java:logGet(43)) - raft.server.log.segment.cache.num.max = 2 (custom)
2019-09-25 05:07:17,709 [pool-149-thread-1] INFO  server.RaftServerConfigKeys (ConfUtils.java:logGet(43)) - raft.server.log.force.sync.num = 128 (default)
2019-09-25 05:07:17,709 [pool-179-thread-1] INFO  server.RaftServerConfigKeys (ConfUtils.java:logGet(43)) - raft.server.log.segment.cache.num.max = 2 (custom)
2019-09-25 05:07:17,709 [pool-149-thread-1] INFO  server.RaftServerConfigKeys (ConfUtils.java:logGet(43)) - raft.server.log.statemachine.data.sync = true (default)
2019-09-25 05:07:17,709 [pool-169-thread-1] INFO  segmented.SegmentedRaftLogWorker (SegmentedRaftLogWorker.java:<init>(172)) - new 158ad28b-aa8e-4172-b96b-cbb323932650@group-8F81A5CD80FE-SegmentedRaftLogWorker for RaftStorage:Storage Directory /workdir/hadoop-ozone/integration-test/target/test-dir/MiniOzoneClusterImpl-9445efff-1a51-4441-b04f-96fa6a6cc491/datanode-5/data/ratis/99fb0877-89b1-4c45-8334-8f81a5cd80fe
2019-09-25 05:07:17,710 [pool-149-thread-1] INFO  server.RaftServerConfigKeys (ConfUtils.java:logGet(43)) - raft.server.log.statemachine.data.sync.timeout = 10s (default)
2019-09-25 05:07:17,709 [pool-179-thread-1] INFO  segmented.SegmentedRaftLogWorker (SegmentedRaftLogWorker.java:<init>(172)) - new bc163c1a-f845-4c36-9592-f8e34b91970d@group-8F81A5CD80FE-SegmentedRaftLogWorker for RaftStorage:Storage Directory /workdir/hadoop-ozone/integration-test/target/test-dir/MiniOzoneClusterImpl-9445efff-1a51-4441-b04f-96fa6a6cc491/datanode-6/data/ratis/99fb0877-89b1-4c45-8334-8f81a5cd80fe
2019-09-25 05:07:17,710 [pool-149-thread-1] INFO  server.RaftServerConfigKeys (ConfUtils.java:logGet(43)) - raft.server.log.statemachine.data.sync.timeout.retry = -1 (default)
2019-09-25 05:07:17,710 [pool-169-thread-1] INFO  server.RaftServerConfigKeys (ConfUtils.java:logGet(43)) - raft.server.log.queue.byte-limit = 2147483647 (custom)
2019-09-25 05:07:17,710 [pool-149-thread-1] INFO  server.RaftServerConfigKeys (ConfUtils.java:logGet(43)) - raft.server.log.statemachine.data.caching.enabled = true (custom)
2019-09-25 05:07:17,710 [pool-179-thread-1] INFO  server.RaftServerConfigKeys (ConfUtils.java:logGet(43)) - raft.server.log.queue.byte-limit = 2147483647 (custom)
2019-09-25 05:07:17,711 [pool-179-thread-1] INFO  server.RaftServerConfigKeys (ConfUtils.java:logGet(43)) - raft.server.log.queue.element-limit = 1024 (custom)
2019-09-25 05:07:17,710 [pool-169-thread-1] INFO  server.RaftServerConfigKeys (ConfUtils.java:logGet(43)) - raft.server.log.queue.element-limit = 1024 (custom)
2019-09-25 05:07:17,711 [pool-179-thread-1] INFO  server.RaftServerConfigKeys (ConfUtils.java:logGet(43)) - raft.server.log.segment.size.max = 1048576 (custom)
2019-09-25 05:07:17,711 [pool-149-thread-1] INFO  segmented.SegmentedRaftLogWorker (SegmentedRaftLogWorker.java:lambda$new$0(132)) - 59abef46-29ea-4eff-a512-e596f80f6db1@group-8F81A5CD80FE-SegmentedRaftLogWorker: flushIndex: setUnconditionally 0 -> -1
2019-09-25 05:07:17,711 [pool-179-thread-1] INFO  server.RaftServerConfigKeys (ConfUtils.java:logGet(43)) - raft.server.log.preallocated.size = 16384 (custom)
2019-09-25 05:07:17,711 [pool-179-thread-1] INFO  server.RaftServerConfigKeys (ConfUtils.java:logGet(43)) - raft.server.log.write.buffer.size = 33554432 (custom)
2019-09-25 05:07:17,711 [pool-169-thread-1] INFO  server.RaftServerConfigKeys (ConfUtils.java:logGet(43)) - raft.server.log.segment.size.max = 1048576 (custom)
2019-09-25 05:07:17,711 [pool-179-thread-1] INFO  server.RaftServerConfigKeys (ConfUtils.java:logGet(43)) - raft.server.log.force.sync.num = 128 (default)
2019-09-25 05:07:17,711 [pool-149-thread-1] INFO  server.RaftServerConfigKeys (ConfUtils.java:logGet(43)) - raft.server.snapshot.auto.trigger.enabled = true (custom)
2019-09-25 05:07:17,712 [pool-179-thread-1] INFO  server.RaftServerConfigKeys (ConfUtils.java:logGet(43)) - raft.server.log.statemachine.data.sync = true (default)
2019-09-25 05:07:17,712 [pool-169-thread-1] INFO  server.RaftServerConfigKeys (ConfUtils.java:logGet(43)) - raft.server.log.preallocated.size = 16384 (custom)
2019-09-25 05:07:17,712 [pool-179-thread-1] INFO  server.RaftServerConfigKeys (ConfUtils.java:logGet(43)) - raft.server.log.statemachine.data.sync.timeout = 10s (default)
2019-09-25 05:07:17,712 [pool-149-thread-1] INFO  server.RaftServerConfigKeys (ConfUtils.java:logGet(43)) - raft.server.snapshot.auto.trigger.threshold = 10000 (custom)
2019-09-25 05:07:17,712 [pool-179-thread-1] INFO  server.RaftServerConfigKeys (ConfUtils.java:logGet(43)) - raft.server.log.statemachine.data.sync.timeout.retry = -1 (default)
2019-09-25 05:07:17,712 [pool-169-thread-1] INFO  server.RaftServerConfigKeys (ConfUtils.java:logGet(43)) - raft.server.log.write.buffer.size = 33554432 (custom)
2019-09-25 05:07:17,712 [pool-179-thread-1] INFO  server.RaftServerConfigKeys (ConfUtils.java:logGet(43)) - raft.server.log.statemachine.data.caching.enabled = true (custom)
2019-09-25 05:07:17,712 [pool-149-thread-1] INFO  server.RaftServerConfigKeys (ConfUtils.java:logGet(43)) - raft.server.snapshot.retention.num.files = 5 (custom)
2019-09-25 05:07:17,713 [pool-169-thread-1] INFO  server.RaftServerConfigKeys (ConfUtils.java:logGet(43)) - raft.server.log.force.sync.num = 128 (default)
2019-09-25 05:07:17,713 [pool-149-thread-1] INFO  server.RaftServerConfigKeys (ConfUtils.java:logGet(43)) - raft.server.retrycache.expirytime = 600000ms (custom)
2019-09-25 05:07:17,713 [pool-179-thread-1] INFO  segmented.SegmentedRaftLogWorker (SegmentedRaftLogWorker.java:lambda$new$0(132)) - bc163c1a-f845-4c36-9592-f8e34b91970d@group-8F81A5CD80FE-SegmentedRaftLogWorker: flushIndex: setUnconditionally 0 -> -1
2019-09-25 05:07:17,713 [pool-169-thread-1] INFO  server.RaftServerConfigKeys (ConfUtils.java:logGet(43)) - raft.server.log.statemachine.data.sync = true (default)
2019-09-25 05:07:17,713 [pool-169-thread-1] INFO  server.RaftServerConfigKeys (ConfUtils.java:logGet(43)) - raft.server.log.statemachine.data.sync.timeout = 10s (default)
2019-09-25 05:07:17,713 [pool-179-thread-1] INFO  server.RaftServerConfigKeys (ConfUtils.java:logGet(43)) - raft.server.snapshot.auto.trigger.enabled = true (custom)
2019-09-25 05:07:17,714 [pool-169-thread-1] INFO  server.RaftServerConfigKeys (ConfUtils.java:logGet(43)) - raft.server.log.statemachine.data.sync.timeout.retry = -1 (default)
2019-09-25 05:07:17,714 [pool-179-thread-1] INFO  server.RaftServerConfigKeys (ConfUtils.java:logGet(43)) - raft.server.snapshot.auto.trigger.threshold = 10000 (custom)
2019-09-25 05:07:17,714 [pool-169-thread-1] INFO  server.RaftServerConfigKeys (ConfUtils.java:logGet(43)) - raft.server.log.statemachine.data.caching.enabled = true (custom)
2019-09-25 05:07:17,714 [pool-179-thread-1] INFO  server.RaftServerConfigKeys (ConfUtils.java:logGet(43)) - raft.server.snapshot.retention.num.files = 5 (custom)
2019-09-25 05:07:17,714 [pool-169-thread-1] INFO  segmented.SegmentedRaftLogWorker (SegmentedRaftLogWorker.java:lambda$new$0(132)) - 158ad28b-aa8e-4172-b96b-cbb323932650@group-8F81A5CD80FE-SegmentedRaftLogWorker: flushIndex: setUnconditionally 0 -> -1
2019-09-25 05:07:17,714 [pool-179-thread-1] INFO  server.RaftServerConfigKeys (ConfUtils.java:logGet(43)) - raft.server.retrycache.expirytime = 600000ms (custom)
2019-09-25 05:07:17,714 [pool-169-thread-1] INFO  server.RaftServerConfigKeys (ConfUtils.java:logGet(43)) - raft.server.snapshot.auto.trigger.enabled = true (custom)
2019-09-25 05:07:17,715 [pool-169-thread-1] INFO  server.RaftServerConfigKeys (ConfUtils.java:logGet(43)) - raft.server.snapshot.auto.trigger.threshold = 10000 (custom)
2019-09-25 05:07:17,715 [pool-169-thread-1] INFO  server.RaftServerConfigKeys (ConfUtils.java:logGet(43)) - raft.server.snapshot.retention.num.files = 5 (custom)
2019-09-25 05:07:17,715 [pool-169-thread-1] INFO  server.RaftServerConfigKeys (ConfUtils.java:logGet(43)) - raft.server.retrycache.expirytime = 600000ms (custom)
2019-09-25 05:07:17,717 [pool-149-thread-1] INFO  impl.RaftServerImpl (RaftServerImpl.java:start(185)) - 59abef46-29ea-4eff-a512-e596f80f6db1@group-8F81A5CD80FE: start as a follower, conf=-1: [bc163c1a-f845-4c36-9592-f8e34b91970d:192.168.36.126:38248, 158ad28b-aa8e-4172-b96b-cbb323932650:192.168.36.126:34188, 59abef46-29ea-4eff-a512-e596f80f6db1:192.168.36.126:38401], old=null
2019-09-25 05:07:17,717 [pool-149-thread-1] INFO  impl.RaftServerImpl (RaftServerImpl.java:setRole(174)) - 59abef46-29ea-4eff-a512-e596f80f6db1@group-8F81A5CD80FE: changes role from      null to FOLLOWER at term 0 for startAsFollower
2019-09-25 05:07:17,718 [pool-149-thread-1] INFO  impl.RoleInfo (RoleInfo.java:updateAndGet(143)) - 59abef46-29ea-4eff-a512-e596f80f6db1: start FollowerState
2019-09-25 05:07:17,718 [pool-149-thread-1] INFO  util.JmxRegister (JmxRegister.java:tryRegister(44)) - Successfully registered JMX Bean with object name Ratis:service=RaftServer,group=group-8F81A5CD80FE,id=59abef46-29ea-4eff-a512-e596f80f6db1
2019-09-25 05:07:17,718 [pool-179-thread-1] INFO  impl.RaftServerImpl (RaftServerImpl.java:start(185)) - bc163c1a-f845-4c36-9592-f8e34b91970d@group-8F81A5CD80FE: start as a follower, conf=-1: [bc163c1a-f845-4c36-9592-f8e34b91970d:192.168.36.126:38248, 158ad28b-aa8e-4172-b96b-cbb323932650:192.168.36.126:34188, 59abef46-29ea-4eff-a512-e596f80f6db1:192.168.36.126:38401], old=null
2019-09-25 05:07:17,718 [pool-179-thread-1] INFO  impl.RaftServerImpl (RaftServerImpl.java:setRole(174)) - bc163c1a-f845-4c36-9592-f8e34b91970d@group-8F81A5CD80FE: changes role from      null to FOLLOWER at term 0 for startAsFollower
2019-09-25 05:07:17,718 [pool-169-thread-1] INFO  impl.RaftServerImpl (RaftServerImpl.java:start(185)) - 158ad28b-aa8e-4172-b96b-cbb323932650@group-8F81A5CD80FE: start as a follower, conf=-1: [bc163c1a-f845-4c36-9592-f8e34b91970d:192.168.36.126:38248, 158ad28b-aa8e-4172-b96b-cbb323932650:192.168.36.126:34188, 59abef46-29ea-4eff-a512-e596f80f6db1:192.168.36.126:38401], old=null
2019-09-25 05:07:17,718 [pool-179-thread-1] INFO  impl.RoleInfo (RoleInfo.java:updateAndGet(143)) - bc163c1a-f845-4c36-9592-f8e34b91970d: start FollowerState
2019-09-25 05:07:17,719 [pool-169-thread-1] INFO  impl.RaftServerImpl (RaftServerImpl.java:setRole(174)) - 158ad28b-aa8e-4172-b96b-cbb323932650@group-8F81A5CD80FE: changes role from      null to FOLLOWER at term 0 for startAsFollower
2019-09-25 05:07:17,719 [pool-169-thread-1] INFO  impl.RoleInfo (RoleInfo.java:updateAndGet(143)) - 158ad28b-aa8e-4172-b96b-cbb323932650: start FollowerState
2019-09-25 05:07:17,719 [pool-179-thread-1] INFO  util.JmxRegister (JmxRegister.java:tryRegister(44)) - Successfully registered JMX Bean with object name Ratis:service=RaftServer,group=group-8F81A5CD80FE,id=bc163c1a-f845-4c36-9592-f8e34b91970d
2019-09-25 05:07:17,719 [pool-169-thread-1] INFO  util.JmxRegister (JmxRegister.java:tryRegister(44)) - Successfully registered JMX Bean with object name Ratis:service=RaftServer,group=group-8F81A5CD80FE,id=158ad28b-aa8e-4172-b96b-cbb323932650
2019-09-25 05:07:17,721 [Thread-1371] INFO  impl.FollowerState (FollowerState.java:run(106)) - d10fc367-6717-4be7-9c4c-7b0b4f4b0759:group-59F8C4AAACE9 changes to CANDIDATE, lastRpcTime:5048, electionTimeout:5048ms
2019-09-25 05:07:17,721 [Thread-1371] INFO  impl.RoleInfo (RoleInfo.java:shutdownFollowerState(121)) - d10fc367-6717-4be7-9c4c-7b0b4f4b0759: shutdown FollowerState
2019-09-25 05:07:17,721 [RatisPipelineUtilsThread] INFO  pipeline.PipelineStateManager (PipelineStateManager.java:addPipeline(56)) - Created pipeline Pipeline[ Id: 99fb0877-89b1-4c45-8334-8f81a5cd80fe, Nodes: 59abef46-29ea-4eff-a512-e596f80f6db1{ip: 192.168.36.126, host: pr-hdds-2174-pqx5g-486351168, networkLocation: /default-rack, certSerialId: null}bc163c1a-f845-4c36-9592-f8e34b91970d{ip: 192.168.36.126, host: pr-hdds-2174-pqx5g-486351168, networkLocation: /default-rack, certSerialId: null}158ad28b-aa8e-4172-b96b-cbb323932650{ip: 192.168.36.126, host: pr-hdds-2174-pqx5g-486351168, networkLocation: /default-rack, certSerialId: null}, Type:RATIS, Factor:THREE, State:OPEN]
2019-09-25 05:07:17,722 [Thread-1371] INFO  impl.RaftServerImpl (RaftServerImpl.java:setRole(174)) - d10fc367-6717-4be7-9c4c-7b0b4f4b0759@group-59F8C4AAACE9: changes role from  FOLLOWER to CANDIDATE at term 0 for changeToCandidate
2019-09-25 05:07:17,722 [Thread-1371] INFO  impl.RoleInfo (RoleInfo.java:updateAndGet(143)) - d10fc367-6717-4be7-9c4c-7b0b4f4b0759: start LeaderElection
2019-09-25 05:07:17,741 [grpc-default-executor-3] INFO  impl.RaftServerProxy (RaftServerProxy.java:addNew(89)) - caeda6cb-6345-44ea-a0d4-5f314a967b77: addNew group-3A2C0294070D:[d10fc367-6717-4be7-9c4c-7b0b4f4b0759:192.168.36.126:35315, c0eca757-0426-4809-8d60-c283fabf02c6:192.168.36.126:34880, caeda6cb-6345-44ea-a0d4-5f314a967b77:192.168.36.126:40532] returns group-3A2C0294070D:java.util.concurrent.CompletableFuture@48f6c272[Not completed]
2019-09-25 05:07:17,741 [grpc-default-executor-4] INFO  impl.RaftServerProxy (RaftServerProxy.java:addNew(89)) - d10fc367-6717-4be7-9c4c-7b0b4f4b0759: addNew group-3A2C0294070D:[d10fc367-6717-4be7-9c4c-7b0b4f4b0759:192.168.36.126:35315, c0eca757-0426-4809-8d60-c283fabf02c6:192.168.36.126:34880, caeda6cb-6345-44ea-a0d4-5f314a967b77:192.168.36.126:40532] returns group-3A2C0294070D:java.util.concurrent.CompletableFuture@1af0c138[Not completed]
2019-09-25 05:07:17,742 [grpc-default-executor-3] INFO  impl.RaftServerProxy (RaftServerProxy.java:addNew(89)) - c0eca757-0426-4809-8d60-c283fabf02c6: addNew group-3A2C0294070D:[d10fc367-6717-4be7-9c4c-7b0b4f4b0759:192.168.36.126:35315, c0eca757-0426-4809-8d60-c283fabf02c6:192.168.36.126:34880, caeda6cb-6345-44ea-a0d4-5f314a967b77:192.168.36.126:40532] returns group-3A2C0294070D:java.util.concurrent.CompletableFuture@21d46718[Not completed]
2019-09-25 05:07:17,742 [pool-159-thread-1] INFO  impl.RaftServerImpl (RaftServerImpl.java:<init>(95)) - caeda6cb-6345-44ea-a0d4-5f314a967b77: new RaftServerImpl for group-3A2C0294070D:[d10fc367-6717-4be7-9c4c-7b0b4f4b0759:192.168.36.126:35315, c0eca757-0426-4809-8d60-c283fabf02c6:192.168.36.126:34880, caeda6cb-6345-44ea-a0d4-5f314a967b77:192.168.36.126:40532] with ContainerStateMachine:uninitialized
2019-09-25 05:07:17,743 [pool-159-thread-1] INFO  server.RaftServerConfigKeys (ConfUtils.java:logGet(43)) - raft.server.rpc.timeout.min = 5s (custom)
2019-09-25 05:07:17,743 [pool-159-thread-1] INFO  server.RaftServerConfigKeys (ConfUtils.java:logGet(43)) - raft.server.rpc.timeout.max = 5200ms (custom)
2019-09-25 05:07:17,743 [pool-159-thread-1] INFO  server.RaftServerConfigKeys (ConfUtils.java:logGet(43)) - raft.server.rpcslowness.timeout = 120s (custom)
2019-09-25 05:07:17,743 [pool-129-thread-1] INFO  impl.RaftServerImpl (RaftServerImpl.java:<init>(95)) - c0eca757-0426-4809-8d60-c283fabf02c6: new RaftServerImpl for group-3A2C0294070D:[d10fc367-6717-4be7-9c4c-7b0b4f4b0759:192.168.36.126:35315, c0eca757-0426-4809-8d60-c283fabf02c6:192.168.36.126:34880, caeda6cb-6345-44ea-a0d4-5f314a967b77:192.168.36.126:40532] with ContainerStateMachine:uninitialized
2019-09-25 05:07:17,743 [pool-159-thread-1] INFO  server.RaftServerConfigKeys (ConfUtils.java:logGet(43)) - raft.server.sleep.deviation.threshold = 300 (default)
2019-09-25 05:07:17,743 [pool-129-thread-1] INFO  server.RaftServerConfigKeys (ConfUtils.java:logGet(43)) - raft.server.rpc.timeout.min = 5s (custom)
2019-09-25 05:07:17,743 [pool-159-thread-1] INFO  server.RaftServerConfigKeys (ConfUtils.java:logGet(43)) - raft.server.log.appender.install.snapshot.enabled = false (custom)
2019-09-25 05:07:17,743 [pool-129-thread-1] INFO  server.RaftServerConfigKeys (ConfUtils.java:logGet(43)) - raft.server.rpc.timeout.max = 5200ms (custom)
2019-09-25 05:07:17,743 [pool-159-thread-1] INFO  impl.RaftServerImpl (ServerState.java:<init>(103)) - caeda6cb-6345-44ea-a0d4-5f314a967b77@group-3A2C0294070D: ConfigurationManager, init=-1: [d10fc367-6717-4be7-9c4c-7b0b4f4b0759:192.168.36.126:35315, c0eca757-0426-4809-8d60-c283fabf02c6:192.168.36.126:34880, caeda6cb-6345-44ea-a0d4-5f314a967b77:192.168.36.126:40532], old=null, confs=<EMPTY_MAP>
2019-09-25 05:07:17,744 [pool-119-thread-1] INFO  impl.RaftServerImpl (RaftServerImpl.java:<init>(95)) - d10fc367-6717-4be7-9c4c-7b0b4f4b0759: new RaftServerImpl for group-3A2C0294070D:[d10fc367-6717-4be7-9c4c-7b0b4f4b0759:192.168.36.126:35315, c0eca757-0426-4809-8d60-c283fabf02c6:192.168.36.126:34880, caeda6cb-6345-44ea-a0d4-5f314a967b77:192.168.36.126:40532] with ContainerStateMachine:uninitialized
2019-09-25 05:07:17,743 [pool-129-thread-1] INFO  server.RaftServerConfigKeys (ConfUtils.java:logGet(43)) - raft.server.rpcslowness.timeout = 120s (custom)
2019-09-25 05:07:17,744 [pool-119-thread-1] INFO  server.RaftServerConfigKeys (ConfUtils.java:logGet(43)) - raft.server.rpc.timeout.min = 5s (custom)
2019-09-25 05:07:17,744 [pool-129-thread-1] INFO  server.RaftServerConfigKeys (ConfUtils.java:logGet(43)) - raft.server.sleep.deviation.threshold = 300 (default)
2019-09-25 05:07:17,744 [pool-129-thread-1] INFO  server.RaftServerConfigKeys (ConfUtils.java:logGet(43)) - raft.server.log.appender.install.snapshot.enabled = false (custom)
2019-09-25 05:07:17,744 [pool-159-thread-1] INFO  server.RaftServerConfigKeys (ConfUtils.java:logGet(43)) - raft.server.storage.dir = [/workdir/hadoop-ozone/integration-test/target/test-dir/MiniOzoneClusterImpl-9445efff-1a51-4441-b04f-96fa6a6cc491/datanode-4/data/ratis] (custom)
2019-09-25 05:07:17,744 [pool-129-thread-1] INFO  impl.RaftServerImpl (ServerState.java:<init>(103)) - c0eca757-0426-4809-8d60-c283fabf02c6@group-3A2C0294070D: ConfigurationManager, init=-1: [d10fc367-6717-4be7-9c4c-7b0b4f4b0759:192.168.36.126:35315, c0eca757-0426-4809-8d60-c283fabf02c6:192.168.36.126:34880, caeda6cb-6345-44ea-a0d4-5f314a967b77:192.168.36.126:40532], old=null, confs=<EMPTY_MAP>
2019-09-25 05:07:17,744 [pool-119-thread-1] INFO  server.RaftServerConfigKeys (ConfUtils.java:logGet(43)) - raft.server.rpc.timeout.max = 5200ms (custom)
2019-09-25 05:07:17,744 [pool-129-thread-1] INFO  server.RaftServerConfigKeys (ConfUtils.java:logGet(43)) - raft.server.storage.dir = [/workdir/hadoop-ozone/integration-test/target/test-dir/MiniOzoneClusterImpl-9445efff-1a51-4441-b04f-96fa6a6cc491/datanode-1/data/ratis] (custom)
2019-09-25 05:07:17,744 [pool-159-thread-1] INFO  storage.RaftStorageDirectory (RaftStorageDirectory.java:analyzeStorage(246)) - The storage directory /workdir/hadoop-ozone/integration-test/target/test-dir/MiniOzoneClusterImpl-9445efff-1a51-4441-b04f-96fa6a6cc491/datanode-4/data/ratis/b704ee4a-cdab-486e-8b91-3a2c0294070d does not exist. Creating ...
2019-09-25 05:07:17,744 [pool-119-thread-1] INFO  server.RaftServerConfigKeys (ConfUtils.java:logGet(43)) - raft.server.rpcslowness.timeout = 120s (custom)
2019-09-25 05:07:17,745 [pool-129-thread-1] INFO  storage.RaftStorageDirectory (RaftStorageDirectory.java:analyzeStorage(246)) - The storage directory /workdir/hadoop-ozone/integration-test/target/test-dir/MiniOzoneClusterImpl-9445efff-1a51-4441-b04f-96fa6a6cc491/datanode-1/data/ratis/b704ee4a-cdab-486e-8b91-3a2c0294070d does not exist. Creating ...
2019-09-25 05:07:17,745 [pool-119-thread-1] INFO  server.RaftServerConfigKeys (ConfUtils.java:logGet(43)) - raft.server.sleep.deviation.threshold = 300 (default)
2019-09-25 05:07:17,745 [pool-119-thread-1] INFO  server.RaftServerConfigKeys (ConfUtils.java:logGet(43)) - raft.server.log.appender.install.snapshot.enabled = false (custom)
2019-09-25 05:07:17,745 [pool-119-thread-1] INFO  impl.RaftServerImpl (ServerState.java:<init>(103)) - d10fc367-6717-4be7-9c4c-7b0b4f4b0759@group-3A2C0294070D: ConfigurationManager, init=-1: [d10fc367-6717-4be7-9c4c-7b0b4f4b0759:192.168.36.126:35315, c0eca757-0426-4809-8d60-c283fabf02c6:192.168.36.126:34880, caeda6cb-6345-44ea-a0d4-5f314a967b77:192.168.36.126:40532], old=null, confs=<EMPTY_MAP>
2019-09-25 05:07:17,745 [pool-119-thread-1] INFO  server.RaftServerConfigKeys (ConfUtils.java:logGet(43)) - raft.server.storage.dir = [/workdir/hadoop-ozone/integration-test/target/test-dir/MiniOzoneClusterImpl-9445efff-1a51-4441-b04f-96fa6a6cc491/datanode-0/data/ratis] (custom)
2019-09-25 05:07:17,745 [pool-119-thread-1] INFO  storage.RaftStorageDirectory (RaftStorageDirectory.java:analyzeStorage(246)) - The storage directory /workdir/hadoop-ozone/integration-test/target/test-dir/MiniOzoneClusterImpl-9445efff-1a51-4441-b04f-96fa6a6cc491/datanode-0/data/ratis/b704ee4a-cdab-486e-8b91-3a2c0294070d does not exist. Creating ...
2019-09-25 05:07:18,039 [pool-159-thread-1] INFO  storage.RaftStorageDirectory (RaftStorageDirectory.java:tryLock(328)) - Lock on /workdir/hadoop-ozone/integration-test/target/test-dir/MiniOzoneClusterImpl-9445efff-1a51-4441-b04f-96fa6a6cc491/datanode-4/data/ratis/b704ee4a-cdab-486e-8b91-3a2c0294070d/in_use.lock acquired by nodename 31467@pr-hdds-2174-pqx5g-486351168
2019-09-25 05:07:18,039 [d10fc367-6717-4be7-9c4c-7b0b4f4b0759@group-59F8C4AAACE9:LeaderElection69] INFO  impl.LeaderElection (LeaderElection.java:askForVotes(182)) - d10fc367-6717-4be7-9c4c-7b0b4f4b0759@group-59F8C4AAACE9:LeaderElection69: begin an election at term 1 for -1: [d10fc367-6717-4be7-9c4c-7b0b4f4b0759:192.168.36.126:35315], old=null
2019-09-25 05:07:18,039 [pool-119-thread-1] INFO  storage.RaftStorageDirectory (RaftStorageDirectory.java:tryLock(328)) - Lock on /workdir/hadoop-ozone/integration-test/target/test-dir/MiniOzoneClusterImpl-9445efff-1a51-4441-b04f-96fa6a6cc491/datanode-0/data/ratis/b704ee4a-cdab-486e-8b91-3a2c0294070d/in_use.lock acquired by nodename 31467@pr-hdds-2174-pqx5g-486351168
2019-09-25 05:07:18,039 [pool-129-thread-1] INFO  storage.RaftStorageDirectory (RaftStorageDirectory.java:tryLock(328)) - Lock on /workdir/hadoop-ozone/integration-test/target/test-dir/MiniOzoneClusterImpl-9445efff-1a51-4441-b04f-96fa6a6cc491/datanode-1/data/ratis/b704ee4a-cdab-486e-8b91-3a2c0294070d/in_use.lock acquired by nodename 31467@pr-hdds-2174-pqx5g-486351168
2019-09-25 05:07:18,039 [d10fc367-6717-4be7-9c4c-7b0b4f4b0759@group-59F8C4AAACE9:LeaderElection69] INFO  impl.RoleInfo (RoleInfo.java:shutdownLeaderElection(134)) - d10fc367-6717-4be7-9c4c-7b0b4f4b0759: shutdown LeaderElection
2019-09-25 05:07:18,040 [d10fc367-6717-4be7-9c4c-7b0b4f4b0759@group-59F8C4AAACE9:LeaderElection69] INFO  impl.RaftServerImpl (RaftServerImpl.java:setRole(174)) - d10fc367-6717-4be7-9c4c-7b0b4f4b0759@group-59F8C4AAACE9: changes role from CANDIDATE to LEADER at term 1 for changeToLeader
2019-09-25 05:07:18,040 [d10fc367-6717-4be7-9c4c-7b0b4f4b0759@group-59F8C4AAACE9:LeaderElection69] INFO  impl.RaftServerImpl (ServerState.java:setLeader(253)) - d10fc367-6717-4be7-9c4c-7b0b4f4b0759@group-59F8C4AAACE9: change Leader from null to d10fc367-6717-4be7-9c4c-7b0b4f4b0759 at term 1 for becomeLeader, leader elected after 5376ms
2019-09-25 05:07:18,040 [d10fc367-6717-4be7-9c4c-7b0b4f4b0759@group-59F8C4AAACE9:LeaderElection69] INFO  server.RaftServerConfigKeys (ConfUtils.java:logGet(43)) - raft.server.staging.catchup.gap = 1000 (default)
2019-09-25 05:07:18,040 [d10fc367-6717-4be7-9c4c-7b0b4f4b0759@group-59F8C4AAACE9:LeaderElection69] INFO  server.RaftServerConfigKeys (ConfUtils.java:logGet(43)) - raft.server.rpc.sleep.time = 25ms (default)
2019-09-25 05:07:18,040 [d10fc367-6717-4be7-9c4c-7b0b4f4b0759@group-59F8C4AAACE9:LeaderElection69] INFO  server.RaftServerConfigKeys (ConfUtils.java:logGet(43)) - raft.server.write.element-limit = 4096 (default)
2019-09-25 05:07:18,041 [d10fc367-6717-4be7-9c4c-7b0b4f4b0759@group-59F8C4AAACE9:LeaderElection69] INFO  server.RaftServerConfigKeys (ConfUtils.java:logGet(43)) - raft.server.watch.timeout = 10s (default)
2019-09-25 05:07:18,041 [d10fc367-6717-4be7-9c4c-7b0b4f4b0759@group-59F8C4AAACE9:LeaderElection69] INFO  server.RaftServerConfigKeys (ConfUtils.java:logGet(43)) - raft.server.watch.timeout.denomination = 1s (default)
2019-09-25 05:07:18,041 [d10fc367-6717-4be7-9c4c-7b0b4f4b0759@group-59F8C4AAACE9:LeaderElection69] INFO  server.RaftServerConfigKeys (ConfUtils.java:logGet(43)) - raft.server.watch.element-limit = 65536 (default)
2019-09-25 05:07:18,044 [d10fc367-6717-4be7-9c4c-7b0b4f4b0759@group-59F8C4AAACE9:LeaderElection69] INFO  impl.RoleInfo (RoleInfo.java:updateAndGet(143)) - d10fc367-6717-4be7-9c4c-7b0b4f4b0759: start LeaderState
2019-09-25 05:07:18,044 [d10fc367-6717-4be7-9c4c-7b0b4f4b0759@group-59F8C4AAACE9:LeaderElection69] INFO  segmented.SegmentedRaftLogWorker (SegmentedRaftLogWorker.java:startLogSegment(380)) - d10fc367-6717-4be7-9c4c-7b0b4f4b0759@group-59F8C4AAACE9-SegmentedRaftLogWorker: Starting segment from index:0
2019-09-25 05:07:18,045 [d10fc367-6717-4be7-9c4c-7b0b4f4b0759@group-59F8C4AAACE9:LeaderElection69] INFO  impl.RaftServerImpl (ServerState.java:setRaftConf(354)) - d10fc367-6717-4be7-9c4c-7b0b4f4b0759@group-59F8C4AAACE9: set configuration 0: [d10fc367-6717-4be7-9c4c-7b0b4f4b0759:192.168.36.126:35315], old=null at 0
2019-09-25 05:07:18,415 [pool-119-thread-1] INFO  storage.RaftStorage (RaftStorage.java:format(72)) - Storage directory /workdir/hadoop-ozone/integration-test/target/test-dir/MiniOzoneClusterImpl-9445efff-1a51-4441-b04f-96fa6a6cc491/datanode-0/data/ratis/b704ee4a-cdab-486e-8b91-3a2c0294070d has been successfully formatted.
2019-09-25 05:07:18,415 [pool-129-thread-1] INFO  storage.RaftStorage (RaftStorage.java:format(72)) - Storage directory /workdir/hadoop-ozone/integration-test/target/test-dir/MiniOzoneClusterImpl-9445efff-1a51-4441-b04f-96fa6a6cc491/datanode-1/data/ratis/b704ee4a-cdab-486e-8b91-3a2c0294070d has been successfully formatted.
2019-09-25 05:07:18,415 [pool-119-thread-1] INFO  ratis.ContainerStateMachine (ContainerStateMachine.java:loadSnapshot(230)) - group-3A2C0294070D: The snapshot info is null. Setting the last applied indexto:(t:0, i:~)
2019-09-25 05:07:18,415 [d10fc367-6717-4be7-9c4c-7b0b4f4b0759@group-59F8C4AAACE9-SegmentedRaftLogWorker] INFO  segmented.SegmentedRaftLogWorker (SegmentedRaftLogWorker.java:execute(569)) - d10fc367-6717-4be7-9c4c-7b0b4f4b0759@group-59F8C4AAACE9-SegmentedRaftLogWorker: created new log segment /workdir/hadoop-ozone/integration-test/target/test-dir/MiniOzoneClusterImpl-9445efff-1a51-4441-b04f-96fa6a6cc491/datanode-0/data/ratis/465bce23-b01b-4150-a0ae-59f8c4aaace9/current/log_inprogress_0
2019-09-25 05:07:18,415 [pool-159-thread-1] INFO  storage.RaftStorage (RaftStorage.java:format(72)) - Storage directory /workdir/hadoop-ozone/integration-test/target/test-dir/MiniOzoneClusterImpl-9445efff-1a51-4441-b04f-96fa6a6cc491/datanode-4/data/ratis/b704ee4a-cdab-486e-8b91-3a2c0294070d has been successfully formatted.
2019-09-25 05:07:18,415 [pool-119-thread-1] INFO  server.RaftServerConfigKeys (ConfUtils.java:logGet(43)) - raft.server.notification.no-leader.timeout = 120s (custom)
2019-09-25 05:07:18,415 [pool-129-thread-1] INFO  ratis.ContainerStateMachine (ContainerStateMachine.java:loadSnapshot(230)) - group-3A2C0294070D: The snapshot info is null. Setting the last applied indexto:(t:0, i:~)
2019-09-25 05:07:18,416 [pool-119-thread-1] INFO  server.RaftServerConfigKeys (ConfUtils.java:logGet(43)) - raft.server.log.use.memory = false (default)
2019-09-25 05:07:18,416 [pool-159-thread-1] INFO  ratis.ContainerStateMachine (ContainerStateMachine.java:loadSnapshot(230)) - group-3A2C0294070D: The snapshot info is null. Setting the last applied indexto:(t:0, i:~)
2019-09-25 05:07:18,416 [pool-119-thread-1] INFO  server.RaftServerConfigKeys (ConfUtils.java:logGet(43)) - raft.server.log.purge.gap = 1000000 (custom)
2019-09-25 05:07:18,416 [pool-129-thread-1] INFO  server.RaftServerConfigKeys (ConfUtils.java:logGet(43)) - raft.server.notification.no-leader.timeout = 120s (custom)
2019-09-25 05:07:18,416 [pool-119-thread-1] INFO  server.RaftServerConfigKeys (ConfUtils.java:logGet(43)) - raft.server.log.appender.buffer.byte-limit = 33554432 (custom)
2019-09-25 05:07:18,416 [pool-159-thread-1] INFO  server.RaftServerConfigKeys (ConfUtils.java:logGet(43)) - raft.server.notification.no-leader.timeout = 120s (custom)
2019-09-25 05:07:18,417 [pool-119-thread-1] INFO  server.RaftServerConfigKeys (ConfUtils.java:logGet(43)) - raft.server.log.segment.size.max = 1048576 (custom)
2019-09-25 05:07:18,417 [pool-129-thread-1] INFO  server.RaftServerConfigKeys (ConfUtils.java:logGet(43)) - raft.server.log.use.memory = false (default)
2019-09-25 05:07:18,417 [pool-119-thread-1] INFO  server.RaftServerConfigKeys (ConfUtils.java:logGet(43)) - raft.server.log.segment.cache.num.max = 2 (custom)
2019-09-25 05:07:18,417 [pool-159-thread-1] INFO  server.RaftServerConfigKeys (ConfUtils.java:logGet(43)) - raft.server.log.use.memory = false (default)
2019-09-25 05:07:18,417 [pool-119-thread-1] INFO  segmented.SegmentedRaftLogWorker (SegmentedRaftLogWorker.java:<init>(172)) - new d10fc367-6717-4be7-9c4c-7b0b4f4b0759@group-3A2C0294070D-SegmentedRaftLogWorker for RaftStorage:Storage Directory /workdir/hadoop-ozone/integration-test/target/test-dir/MiniOzoneClusterImpl-9445efff-1a51-4441-b04f-96fa6a6cc491/datanode-0/data/ratis/b704ee4a-cdab-486e-8b91-3a2c0294070d
2019-09-25 05:07:18,417 [pool-129-thread-1] INFO  server.RaftServerConfigKeys (ConfUtils.java:logGet(43)) - raft.server.log.purge.gap = 1000000 (custom)
2019-09-25 05:07:18,418 [pool-119-thread-1] INFO  server.RaftServerConfigKeys (ConfUtils.java:logGet(43)) - raft.server.log.queue.byte-limit = 2147483647 (custom)
2019-09-25 05:07:18,417 [pool-159-thread-1] INFO  server.RaftServerConfigKeys (ConfUtils.java:logGet(43)) - raft.server.log.purge.gap = 1000000 (custom)
2019-09-25 05:07:18,418 [pool-119-thread-1] INFO  server.RaftServerConfigKeys (ConfUtils.java:logGet(43)) - raft.server.log.queue.element-limit = 1024 (custom)
2019-09-25 05:07:18,418 [pool-129-thread-1] INFO  server.RaftServerConfigKeys (ConfUtils.java:logGet(43)) - raft.server.log.appender.buffer.byte-limit = 33554432 (custom)
2019-09-25 05:07:18,418 [pool-119-thread-1] INFO  server.RaftServerConfigKeys (ConfUtils.java:logGet(43)) - raft.server.log.segment.size.max = 1048576 (custom)
2019-09-25 05:07:18,419 [pool-119-thread-1] INFO  server.RaftServerConfigKeys (ConfUtils.java:logGet(43)) - raft.server.log.preallocated.size = 16384 (custom)
2019-09-25 05:07:18,418 [pool-159-thread-1] INFO  server.RaftServerConfigKeys (ConfUtils.java:logGet(43)) - raft.server.log.appender.buffer.byte-limit = 33554432 (custom)
2019-09-25 05:07:18,419 [pool-119-thread-1] INFO  server.RaftServerConfigKeys (ConfUtils.java:logGet(43)) - raft.server.log.write.buffer.size = 33554432 (custom)
2019-09-25 05:07:18,418 [pool-129-thread-1] INFO  server.RaftServerConfigKeys (ConfUtils.java:logGet(43)) - raft.server.log.segment.size.max = 1048576 (custom)
2019-09-25 05:07:18,419 [pool-119-thread-1] INFO  server.RaftServerConfigKeys (ConfUtils.java:logGet(43)) - raft.server.log.force.sync.num = 128 (default)
2019-09-25 05:07:18,419 [pool-159-thread-1] INFO  server.RaftServerConfigKeys (ConfUtils.java:logGet(43)) - raft.server.log.segment.size.max = 1048576 (custom)
2019-09-25 05:07:18,419 [pool-119-thread-1] INFO  server.RaftServerConfigKeys (ConfUtils.java:logGet(43)) - raft.server.log.statemachine.data.sync = true (default)
2019-09-25 05:07:18,420 [pool-119-thread-1] INFO  server.RaftServerConfigKeys (ConfUtils.java:logGet(43)) - raft.server.log.statemachine.data.sync.timeout = 10s (default)
2019-09-25 05:07:18,419 [pool-129-thread-1] INFO  server.RaftServerConfigKeys (ConfUtils.java:logGet(43)) - raft.server.log.segment.cache.num.max = 2 (custom)
2019-09-25 05:07:18,420 [pool-119-thread-1] INFO  server.RaftServerConfigKeys (ConfUtils.java:logGet(43)) - raft.server.log.statemachine.data.sync.timeout.retry = -1 (default)
2019-09-25 05:07:18,419 [pool-159-thread-1] INFO  server.RaftServerConfigKeys (ConfUtils.java:logGet(43)) - raft.server.log.segment.cache.num.max = 2 (custom)
2019-09-25 05:07:18,420 [pool-119-thread-1] INFO  server.RaftServerConfigKeys (ConfUtils.java:logGet(43)) - raft.server.log.statemachine.data.caching.enabled = true (custom)
2019-09-25 05:07:18,420 [pool-129-thread-1] INFO  segmented.SegmentedRaftLogWorker (SegmentedRaftLogWorker.java:<init>(172)) - new c0eca757-0426-4809-8d60-c283fabf02c6@group-3A2C0294070D-SegmentedRaftLogWorker for RaftStorage:Storage Directory /workdir/hadoop-ozone/integration-test/target/test-dir/MiniOzoneClusterImpl-9445efff-1a51-4441-b04f-96fa6a6cc491/datanode-1/data/ratis/b704ee4a-cdab-486e-8b91-3a2c0294070d
2019-09-25 05:07:18,420 [pool-159-thread-1] INFO  segmented.SegmentedRaftLogWorker (SegmentedRaftLogWorker.java:<init>(172)) - new caeda6cb-6345-44ea-a0d4-5f314a967b77@group-3A2C0294070D-SegmentedRaftLogWorker for RaftStorage:Storage Directory /workdir/hadoop-ozone/integration-test/target/test-dir/MiniOzoneClusterImpl-9445efff-1a51-4441-b04f-96fa6a6cc491/datanode-4/data/ratis/b704ee4a-cdab-486e-8b91-3a2c0294070d
2019-09-25 05:07:18,421 [pool-119-thread-1] INFO  segmented.SegmentedRaftLogWorker (SegmentedRaftLogWorker.java:lambda$new$0(132)) - d10fc367-6717-4be7-9c4c-7b0b4f4b0759@group-3A2C0294070D-SegmentedRaftLogWorker: flushIndex: setUnconditionally 0 -> -1
2019-09-25 05:07:18,421 [pool-129-thread-1] INFO  server.RaftServerConfigKeys (ConfUtils.java:logGet(43)) - raft.server.log.queue.byte-limit = 2147483647 (custom)
2019-09-25 05:07:18,421 [pool-119-thread-1] INFO  server.RaftServerConfigKeys (ConfUtils.java:logGet(43)) - raft.server.snapshot.auto.trigger.enabled = true (custom)
2019-09-25 05:07:18,421 [pool-159-thread-1] INFO  server.RaftServerConfigKeys (ConfUtils.java:logGet(43)) - raft.server.log.queue.byte-limit = 2147483647 (custom)
2019-09-25 05:07:18,421 [pool-119-thread-1] INFO  server.RaftServerConfigKeys (ConfUtils.java:logGet(43)) - raft.server.snapshot.auto.trigger.threshold = 10000 (custom)
2019-09-25 05:07:18,421 [pool-129-thread-1] INFO  server.RaftServerConfigKeys (ConfUtils.java:logGet(43)) - raft.server.log.queue.element-limit = 1024 (custom)
2019-09-25 05:07:18,422 [pool-119-thread-1] INFO  server.RaftServerConfigKeys (ConfUtils.java:logGet(43)) - raft.server.snapshot.retention.num.files = 5 (custom)
2019-09-25 05:07:18,421 [pool-159-thread-1] INFO  server.RaftServerConfigKeys (ConfUtils.java:logGet(43)) - raft.server.log.queue.element-limit = 1024 (custom)
2019-09-25 05:07:18,422 [pool-119-thread-1] INFO  server.RaftServerConfigKeys (ConfUtils.java:logGet(43)) - raft.server.retrycache.expirytime = 600000ms (custom)
2019-09-25 05:07:18,422 [pool-129-thread-1] INFO  server.RaftServerConfigKeys (ConfUtils.java:logGet(43)) - raft.server.log.segment.size.max = 1048576 (custom)
2019-09-25 05:07:18,422 [pool-159-thread-1] INFO  server.RaftServerConfigKeys (ConfUtils.java:logGet(43)) - raft.server.log.segment.size.max = 1048576 (custom)
2019-09-25 05:07:18,422 [pool-129-thread-1] INFO  server.RaftServerConfigKeys (ConfUtils.java:logGet(43)) - raft.server.log.preallocated.size = 16384 (custom)
2019-09-25 05:07:18,423 [pool-159-thread-1] INFO  server.RaftServerConfigKeys (ConfUtils.java:logGet(43)) - raft.server.log.preallocated.size = 16384 (custom)
2019-09-25 05:07:18,423 [pool-129-thread-1] INFO  server.RaftServerConfigKeys (ConfUtils.java:logGet(43)) - raft.server.log.write.buffer.size = 33554432 (custom)
2019-09-25 05:07:18,423 [pool-159-thread-1] INFO  server.RaftServerConfigKeys (ConfUtils.java:logGet(43)) - raft.server.log.write.buffer.size = 33554432 (custom)
2019-09-25 05:07:18,423 [pool-129-thread-1] INFO  server.RaftServerConfigKeys (ConfUtils.java:logGet(43)) - raft.server.log.force.sync.num = 128 (default)
2019-09-25 05:07:18,423 [pool-159-thread-1] INFO  server.RaftServerConfigKeys (ConfUtils.java:logGet(43)) - raft.server.log.force.sync.num = 128 (default)
2019-09-25 05:07:18,423 [pool-129-thread-1] INFO  server.RaftServerConfigKeys (ConfUtils.java:logGet(43)) - raft.server.log.statemachine.data.sync = true (default)
2019-09-25 05:07:18,423 [pool-159-thread-1] INFO  server.RaftServerConfigKeys (ConfUtils.java:logGet(43)) - raft.server.log.statemachine.data.sync = true (default)
2019-09-25 05:07:18,424 [pool-129-thread-1] INFO  server.RaftServerConfigKeys (ConfUtils.java:logGet(43)) - raft.server.log.statemachine.data.sync.timeout = 10s (default)
2019-09-25 05:07:18,424 [pool-159-thread-1] INFO  server.RaftServerConfigKeys (ConfUtils.java:logGet(43)) - raft.server.log.statemachine.data.sync.timeout = 10s (default)
2019-09-25 05:07:18,424 [pool-129-thread-1] INFO  server.RaftServerConfigKeys (ConfUtils.java:logGet(43)) - raft.server.log.statemachine.data.sync.timeout.retry = -1 (default)
2019-09-25 05:07:18,424 [pool-159-thread-1] INFO  server.RaftServerConfigKeys (ConfUtils.java:logGet(43)) - raft.server.log.statemachine.data.sync.timeout.retry = -1 (default)
2019-09-25 05:07:18,424 [pool-129-thread-1] INFO  server.RaftServerConfigKeys (ConfUtils.java:logGet(43)) - raft.server.log.statemachine.data.caching.enabled = true (custom)
2019-09-25 05:07:18,424 [pool-159-thread-1] INFO  server.RaftServerConfigKeys (ConfUtils.java:logGet(43)) - raft.server.log.statemachine.data.caching.enabled = true (custom)
2019-09-25 05:07:18,425 [pool-129-thread-1] INFO  segmented.SegmentedRaftLogWorker (SegmentedRaftLogWorker.java:lambda$new$0(132)) - c0eca757-0426-4809-8d60-c283fabf02c6@group-3A2C0294070D-SegmentedRaftLogWorker: flushIndex: setUnconditionally 0 -> -1
2019-09-25 05:07:18,425 [pool-119-thread-1] INFO  impl.RaftServerImpl (RaftServerImpl.java:start(185)) - d10fc367-6717-4be7-9c4c-7b0b4f4b0759@group-3A2C0294070D: start as a follower, conf=-1: [d10fc367-6717-4be7-9c4c-7b0b4f4b0759:192.168.36.126:35315, c0eca757-0426-4809-8d60-c283fabf02c6:192.168.36.126:34880, caeda6cb-6345-44ea-a0d4-5f314a967b77:192.168.36.126:40532], old=null
2019-09-25 05:07:18,425 [pool-129-thread-1] INFO  server.RaftServerConfigKeys (ConfUtils.java:logGet(43)) - raft.server.snapshot.auto.trigger.enabled = true (custom)
2019-09-25 05:07:18,425 [pool-159-thread-1] INFO  segmented.SegmentedRaftLogWorker (SegmentedRaftLogWorker.java:lambda$new$0(132)) - caeda6cb-6345-44ea-a0d4-5f314a967b77@group-3A2C0294070D-SegmentedRaftLogWorker: flushIndex: setUnconditionally 0 -> -1
2019-09-25 05:07:18,425 [pool-129-thread-1] INFO  server.RaftServerConfigKeys (ConfUtils.java:logGet(43)) - raft.server.snapshot.auto.trigger.threshold = 10000 (custom)
2019-09-25 05:07:18,425 [pool-119-thread-1] INFO  impl.RaftServerImpl (RaftServerImpl.java:setRole(174)) - d10fc367-6717-4be7-9c4c-7b0b4f4b0759@group-3A2C0294070D: changes role from      null to FOLLOWER at term 0 for startAsFollower
2019-09-25 05:07:18,425 [pool-159-thread-1] INFO  server.RaftServerConfigKeys (ConfUtils.java:logGet(43)) - raft.server.snapshot.auto.trigger.enabled = true (custom)
2019-09-25 05:07:18,425 [pool-129-thread-1] INFO  server.RaftServerConfigKeys (ConfUtils.java:logGet(43)) - raft.server.snapshot.retention.num.files = 5 (custom)
2019-09-25 05:07:18,426 [pool-159-thread-1] INFO  server.RaftServerConfigKeys (ConfUtils.java:logGet(43)) - raft.server.snapshot.auto.trigger.threshold = 10000 (custom)
2019-09-25 05:07:18,426 [pool-119-thread-1] INFO  impl.RoleInfo (RoleInfo.java:updateAndGet(143)) - d10fc367-6717-4be7-9c4c-7b0b4f4b0759: start FollowerState
2019-09-25 05:07:18,426 [pool-159-thread-1] INFO  server.RaftServerConfigKeys (ConfUtils.java:logGet(43)) - raft.server.snapshot.retention.num.files = 5 (custom)
2019-09-25 05:07:18,426 [pool-129-thread-1] INFO  server.RaftServerConfigKeys (ConfUtils.java:logGet(43)) - raft.server.retrycache.expirytime = 600000ms (custom)
2019-09-25 05:07:18,426 [pool-159-thread-1] INFO  server.RaftServerConfigKeys (ConfUtils.java:logGet(43)) - raft.server.retrycache.expirytime = 600000ms (custom)
2019-09-25 05:07:18,426 [pool-119-thread-1] INFO  util.JmxRegister (JmxRegister.java:tryRegister(44)) - Successfully registered JMX Bean with object name Ratis:service=RaftServer,group=group-3A2C0294070D,id=d10fc367-6717-4be7-9c4c-7b0b4f4b0759
2019-09-25 05:07:18,430 [pool-129-thread-1] INFO  impl.RaftServerImpl (RaftServerImpl.java:start(185)) - c0eca757-0426-4809-8d60-c283fabf02c6@group-3A2C0294070D: start as a follower, conf=-1: [d10fc367-6717-4be7-9c4c-7b0b4f4b0759:192.168.36.126:35315, c0eca757-0426-4809-8d60-c283fabf02c6:192.168.36.126:34880, caeda6cb-6345-44ea-a0d4-5f314a967b77:192.168.36.126:40532], old=null
2019-09-25 05:07:18,430 [pool-129-thread-1] INFO  impl.RaftServerImpl (RaftServerImpl.java:setRole(174)) - c0eca757-0426-4809-8d60-c283fabf02c6@group-3A2C0294070D: changes role from      null to FOLLOWER at term 0 for startAsFollower
2019-09-25 05:07:18,430 [pool-129-thread-1] INFO  impl.RoleInfo (RoleInfo.java:updateAndGet(143)) - c0eca757-0426-4809-8d60-c283fabf02c6: start FollowerState
2019-09-25 05:07:18,430 [pool-159-thread-1] INFO  impl.RaftServerImpl (RaftServerImpl.java:start(185)) - caeda6cb-6345-44ea-a0d4-5f314a967b77@group-3A2C0294070D: start as a follower, conf=-1: [d10fc367-6717-4be7-9c4c-7b0b4f4b0759:192.168.36.126:35315, c0eca757-0426-4809-8d60-c283fabf02c6:192.168.36.126:34880, caeda6cb-6345-44ea-a0d4-5f314a967b77:192.168.36.126:40532], old=null
2019-09-25 05:07:18,430 [pool-159-thread-1] INFO  impl.RaftServerImpl (RaftServerImpl.java:setRole(174)) - caeda6cb-6345-44ea-a0d4-5f314a967b77@group-3A2C0294070D: changes role from      null to FOLLOWER at term 0 for startAsFollower
2019-09-25 05:07:18,430 [pool-129-thread-1] INFO  util.JmxRegister (JmxRegister.java:tryRegister(44)) - Successfully registered JMX Bean with object name Ratis:service=RaftServer,group=group-3A2C0294070D,id=c0eca757-0426-4809-8d60-c283fabf02c6
2019-09-25 05:07:18,430 [pool-159-thread-1] INFO  impl.RoleInfo (RoleInfo.java:updateAndGet(143)) - caeda6cb-6345-44ea-a0d4-5f314a967b77: start FollowerState
2019-09-25 05:07:18,431 [pool-159-thread-1] INFO  util.JmxRegister (JmxRegister.java:tryRegister(44)) - Successfully registered JMX Bean with object name Ratis:service=RaftServer,group=group-3A2C0294070D,id=caeda6cb-6345-44ea-a0d4-5f314a967b77
2019-09-25 05:07:18,433 [RatisPipelineUtilsThread] INFO  pipeline.PipelineStateManager (PipelineStateManager.java:addPipeline(56)) - Created pipeline Pipeline[ Id: b704ee4a-cdab-486e-8b91-3a2c0294070d, Nodes: d10fc367-6717-4be7-9c4c-7b0b4f4b0759{ip: 192.168.36.126, host: pr-hdds-2174-pqx5g-486351168, networkLocation: /default-rack, certSerialId: null}caeda6cb-6345-44ea-a0d4-5f314a967b77{ip: 192.168.36.126, host: pr-hdds-2174-pqx5g-486351168, networkLocation: /default-rack, certSerialId: null}c0eca757-0426-4809-8d60-c283fabf02c6{ip: 192.168.36.126, host: pr-hdds-2174-pqx5g-486351168, networkLocation: /default-rack, certSerialId: null}, Type:RATIS, Factor:THREE, State:OPEN]
2019-09-25 05:07:18,436 [ReplicationMonitor] INFO  container.ReplicationManager (ReplicationManager.java:run(225)) - Replication Monitor Thread took 4378 milliseconds for processing 1 containers.
2019-09-25 05:07:18,658 [Thread-1374] INFO  impl.FollowerState (FollowerState.java:run(106)) - 59abef46-29ea-4eff-a512-e596f80f6db1:group-37A5A7116A3D changes to CANDIDATE, lastRpcTime:5137, electionTimeout:5137ms
2019-09-25 05:07:18,659 [Thread-1374] INFO  impl.RoleInfo (RoleInfo.java:shutdownFollowerState(121)) - 59abef46-29ea-4eff-a512-e596f80f6db1: shutdown FollowerState
2019-09-25 05:07:18,659 [Thread-1374] INFO  impl.RaftServerImpl (RaftServerImpl.java:setRole(174)) - 59abef46-29ea-4eff-a512-e596f80f6db1@group-37A5A7116A3D: changes role from  FOLLOWER to CANDIDATE at term 0 for changeToCandidate
2019-09-25 05:07:18,659 [Thread-1374] INFO  impl.RoleInfo (RoleInfo.java:updateAndGet(143)) - 59abef46-29ea-4eff-a512-e596f80f6db1: start LeaderElection
2019-09-25 05:07:19,071 [59abef46-29ea-4eff-a512-e596f80f6db1@group-37A5A7116A3D:LeaderElection70] INFO  impl.LeaderElection (LeaderElection.java:askForVotes(182)) - 59abef46-29ea-4eff-a512-e596f80f6db1@group-37A5A7116A3D:LeaderElection70: begin an election at term 1 for -1: [59abef46-29ea-4eff-a512-e596f80f6db1:192.168.36.126:38401], old=null
2019-09-25 05:07:19,072 [59abef46-29ea-4eff-a512-e596f80f6db1@group-37A5A7116A3D:LeaderElection70] INFO  impl.RoleInfo (RoleInfo.java:shutdownLeaderElection(134)) - 59abef46-29ea-4eff-a512-e596f80f6db1: shutdown LeaderElection
2019-09-25 05:07:19,072 [59abef46-29ea-4eff-a512-e596f80f6db1@group-37A5A7116A3D:LeaderElection70] INFO  impl.RaftServerImpl (RaftServerImpl.java:setRole(174)) - 59abef46-29ea-4eff-a512-e596f80f6db1@group-37A5A7116A3D: changes role from CANDIDATE to LEADER at term 1 for changeToLeader
2019-09-25 05:07:19,072 [59abef46-29ea-4eff-a512-e596f80f6db1@group-37A5A7116A3D:LeaderElection70] INFO  impl.RaftServerImpl (ServerState.java:setLeader(253)) - 59abef46-29ea-4eff-a512-e596f80f6db1@group-37A5A7116A3D: change Leader from null to 59abef46-29ea-4eff-a512-e596f80f6db1 at term 1 for becomeLeader, leader elected after 5560ms
2019-09-25 05:07:19,072 [59abef46-29ea-4eff-a512-e596f80f6db1@group-37A5A7116A3D:LeaderElection70] INFO  server.RaftServerConfigKeys (ConfUtils.java:logGet(43)) - raft.server.staging.catchup.gap = 1000 (default)
2019-09-25 05:07:19,072 [59abef46-29ea-4eff-a512-e596f80f6db1@group-37A5A7116A3D:LeaderElection70] INFO  server.RaftServerConfigKeys (ConfUtils.java:logGet(43)) - raft.server.rpc.sleep.time = 25ms (default)
2019-09-25 05:07:19,073 [59abef46-29ea-4eff-a512-e596f80f6db1@group-37A5A7116A3D:LeaderElection70] INFO  server.RaftServerConfigKeys (ConfUtils.java:logGet(43)) - raft.server.write.element-limit = 4096 (default)
2019-09-25 05:07:19,073 [59abef46-29ea-4eff-a512-e596f80f6db1@group-37A5A7116A3D:LeaderElection70] INFO  server.RaftServerConfigKeys (ConfUtils.java:logGet(43)) - raft.server.watch.timeout = 10s (default)
2019-09-25 05:07:19,073 [59abef46-29ea-4eff-a512-e596f80f6db1@group-37A5A7116A3D:LeaderElection70] INFO  server.RaftServerConfigKeys (ConfUtils.java:logGet(43)) - raft.server.watch.timeout.denomination = 1s (default)
2019-09-25 05:07:19,073 [59abef46-29ea-4eff-a512-e596f80f6db1@group-37A5A7116A3D:LeaderElection70] INFO  server.RaftServerConfigKeys (ConfUtils.java:logGet(43)) - raft.server.watch.element-limit = 65536 (default)
2019-09-25 05:07:19,076 [59abef46-29ea-4eff-a512-e596f80f6db1@group-37A5A7116A3D:LeaderElection70] INFO  impl.RoleInfo (RoleInfo.java:updateAndGet(143)) - 59abef46-29ea-4eff-a512-e596f80f6db1: start LeaderState
2019-09-25 05:07:19,076 [59abef46-29ea-4eff-a512-e596f80f6db1@group-37A5A7116A3D:LeaderElection70] INFO  segmented.SegmentedRaftLogWorker (SegmentedRaftLogWorker.java:startLogSegment(380)) - 59abef46-29ea-4eff-a512-e596f80f6db1@group-37A5A7116A3D-SegmentedRaftLogWorker: Starting segment from index:0
2019-09-25 05:07:19,077 [59abef46-29ea-4eff-a512-e596f80f6db1@group-37A5A7116A3D:LeaderElection70] INFO  impl.RaftServerImpl (ServerState.java:setRaftConf(354)) - 59abef46-29ea-4eff-a512-e596f80f6db1@group-37A5A7116A3D: set configuration 0: [59abef46-29ea-4eff-a512-e596f80f6db1:192.168.36.126:38401], old=null at 0
2019-09-25 05:07:19,321 [Thread-1378] INFO  impl.FollowerState (FollowerState.java:run(106)) - bc163c1a-f845-4c36-9592-f8e34b91970d:group-DA95C432E39A changes to CANDIDATE, lastRpcTime:5009, electionTimeout:5009ms
2019-09-25 05:07:19,322 [Thread-1378] INFO  impl.RoleInfo (RoleInfo.java:shutdownFollowerState(121)) - bc163c1a-f845-4c36-9592-f8e34b91970d: shutdown FollowerState
2019-09-25 05:07:19,322 [Thread-1378] INFO  impl.RaftServerImpl (RaftServerImpl.java:setRole(174)) - bc163c1a-f845-4c36-9592-f8e34b91970d@group-DA95C432E39A: changes role from  FOLLOWER to CANDIDATE at term 0 for changeToCandidate
2019-09-25 05:07:19,323 [Thread-1378] INFO  impl.RoleInfo (RoleInfo.java:updateAndGet(143)) - bc163c1a-f845-4c36-9592-f8e34b91970d: start LeaderElection
2019-09-25 05:07:19,663 [59abef46-29ea-4eff-a512-e596f80f6db1@group-37A5A7116A3D-SegmentedRaftLogWorker] INFO  segmented.SegmentedRaftLogWorker (SegmentedRaftLogWorker.java:execute(569)) - 59abef46-29ea-4eff-a512-e596f80f6db1@group-37A5A7116A3D-SegmentedRaftLogWorker: created new log segment /workdir/hadoop-ozone/integration-test/target/test-dir/MiniOzoneClusterImpl-9445efff-1a51-4441-b04f-96fa6a6cc491/datanode-3/data/ratis/9028053e-fa9b-4330-972a-37a5a7116a3d/current/log_inprogress_0
2019-09-25 05:07:19,663 [bc163c1a-f845-4c36-9592-f8e34b91970d@group-DA95C432E39A:LeaderElection71] INFO  impl.LeaderElection (LeaderElection.java:askForVotes(182)) - bc163c1a-f845-4c36-9592-f8e34b91970d@group-DA95C432E39A:LeaderElection71: begin an election at term 1 for -1: [bc163c1a-f845-4c36-9592-f8e34b91970d:192.168.36.126:38248], old=null
2019-09-25 05:07:19,663 [bc163c1a-f845-4c36-9592-f8e34b91970d@group-DA95C432E39A:LeaderElection71] INFO  impl.RoleInfo (RoleInfo.java:shutdownLeaderElection(134)) - bc163c1a-f845-4c36-9592-f8e34b91970d: shutdown LeaderElection
2019-09-25 05:07:19,663 [bc163c1a-f845-4c36-9592-f8e34b91970d@group-DA95C432E39A:LeaderElection71] INFO  impl.RaftServerImpl (RaftServerImpl.java:setRole(174)) - bc163c1a-f845-4c36-9592-f8e34b91970d@group-DA95C432E39A: changes role from CANDIDATE to LEADER at term 1 for changeToLeader
2019-09-25 05:07:19,663 [bc163c1a-f845-4c36-9592-f8e34b91970d@group-DA95C432E39A:LeaderElection71] INFO  impl.RaftServerImpl (ServerState.java:setLeader(253)) - bc163c1a-f845-4c36-9592-f8e34b91970d@group-DA95C432E39A: change Leader from null to bc163c1a-f845-4c36-9592-f8e34b91970d at term 1 for becomeLeader, leader elected after 5361ms
2019-09-25 05:07:19,664 [bc163c1a-f845-4c36-9592-f8e34b91970d@group-DA95C432E39A:LeaderElection71] INFO  server.RaftServerConfigKeys (ConfUtils.java:logGet(43)) - raft.server.staging.catchup.gap = 1000 (default)
2019-09-25 05:07:19,664 [bc163c1a-f845-4c36-9592-f8e34b91970d@group-DA95C432E39A:LeaderElection71] INFO  server.RaftServerConfigKeys (ConfUtils.java:logGet(43)) - raft.server.rpc.sleep.time = 25ms (default)
2019-09-25 05:07:19,664 [bc163c1a-f845-4c36-9592-f8e34b91970d@group-DA95C432E39A:LeaderElection71] INFO  server.RaftServerConfigKeys (ConfUtils.java:logGet(43)) - raft.server.write.element-limit = 4096 (default)
2019-09-25 05:07:19,664 [bc163c1a-f845-4c36-9592-f8e34b91970d@group-DA95C432E39A:LeaderElection71] INFO  server.RaftServerConfigKeys (ConfUtils.java:logGet(43)) - raft.server.watch.timeout = 10s (default)
2019-09-25 05:07:19,664 [bc163c1a-f845-4c36-9592-f8e34b91970d@group-DA95C432E39A:LeaderElection71] INFO  server.RaftServerConfigKeys (ConfUtils.java:logGet(43)) - raft.server.watch.timeout.denomination = 1s (default)
2019-09-25 05:07:19,665 [bc163c1a-f845-4c36-9592-f8e34b91970d@group-DA95C432E39A:LeaderElection71] INFO  server.RaftServerConfigKeys (ConfUtils.java:logGet(43)) - raft.server.watch.element-limit = 65536 (default)
2019-09-25 05:07:19,668 [bc163c1a-f845-4c36-9592-f8e34b91970d@group-DA95C432E39A:LeaderElection71] INFO  impl.RoleInfo (RoleInfo.java:updateAndGet(143)) - bc163c1a-f845-4c36-9592-f8e34b91970d: start LeaderState
2019-09-25 05:07:19,668 [bc163c1a-f845-4c36-9592-f8e34b91970d@group-DA95C432E39A:LeaderElection71] INFO  segmented.SegmentedRaftLogWorker (SegmentedRaftLogWorker.java:startLogSegment(380)) - bc163c1a-f845-4c36-9592-f8e34b91970d@group-DA95C432E39A-SegmentedRaftLogWorker: Starting segment from index:0
2019-09-25 05:07:19,668 [bc163c1a-f845-4c36-9592-f8e34b91970d@group-DA95C432E39A:LeaderElection71] INFO  impl.RaftServerImpl (ServerState.java:setRaftConf(354)) - bc163c1a-f845-4c36-9592-f8e34b91970d@group-DA95C432E39A: set configuration 0: [bc163c1a-f845-4c36-9592-f8e34b91970d:192.168.36.126:38248], old=null at 0
2019-09-25 05:07:20,036 [bc163c1a-f845-4c36-9592-f8e34b91970d@group-DA95C432E39A-SegmentedRaftLogWorker] INFO  segmented.SegmentedRaftLogWorker (SegmentedRaftLogWorker.java:execute(569)) - bc163c1a-f845-4c36-9592-f8e34b91970d@group-DA95C432E39A-SegmentedRaftLogWorker: created new log segment /workdir/hadoop-ozone/integration-test/target/test-dir/MiniOzoneClusterImpl-9445efff-1a51-4441-b04f-96fa6a6cc491/datanode-6/data/ratis/779470a0-82fd-49d2-b589-da95c432e39a/current/log_inprogress_0
2019-09-25 05:07:20,184 [Thread-1381] INFO  impl.FollowerState (FollowerState.java:run(106)) - 158ad28b-aa8e-4172-b96b-cbb323932650:group-CCE701E931BA changes to CANDIDATE, lastRpcTime:5145, electionTimeout:5145ms
2019-09-25 05:07:20,185 [Thread-1381] INFO  impl.RoleInfo (RoleInfo.java:shutdownFollowerState(121)) - 158ad28b-aa8e-4172-b96b-cbb323932650: shutdown FollowerState
2019-09-25 05:07:20,185 [Thread-1381] INFO  impl.RaftServerImpl (RaftServerImpl.java:setRole(174)) - 158ad28b-aa8e-4172-b96b-cbb323932650@group-CCE701E931BA: changes role from  FOLLOWER to CANDIDATE at term 0 for changeToCandidate
2019-09-25 05:07:20,185 [Thread-1381] INFO  impl.RoleInfo (RoleInfo.java:updateAndGet(143)) - 158ad28b-aa8e-4172-b96b-cbb323932650: start LeaderElection
2019-09-25 05:07:20,533 [158ad28b-aa8e-4172-b96b-cbb323932650@group-CCE701E931BA:LeaderElection72] INFO  impl.LeaderElection (LeaderElection.java:askForVotes(182)) - 158ad28b-aa8e-4172-b96b-cbb323932650@group-CCE701E931BA:LeaderElection72: begin an election at term 1 for -1: [158ad28b-aa8e-4172-b96b-cbb323932650:192.168.36.126:34188], old=null
2019-09-25 05:07:20,533 [158ad28b-aa8e-4172-b96b-cbb323932650@group-CCE701E931BA:LeaderElection72] INFO  impl.RoleInfo (RoleInfo.java:shutdownLeaderElection(134)) - 158ad28b-aa8e-4172-b96b-cbb323932650: shutdown LeaderElection
2019-09-25 05:07:20,533 [158ad28b-aa8e-4172-b96b-cbb323932650@group-CCE701E931BA:LeaderElection72] INFO  impl.RaftServerImpl (RaftServerImpl.java:setRole(174)) - 158ad28b-aa8e-4172-b96b-cbb323932650@group-CCE701E931BA: changes role from CANDIDATE to LEADER at term 1 for changeToLeader
2019-09-25 05:07:20,534 [158ad28b-aa8e-4172-b96b-cbb323932650@group-CCE701E931BA:LeaderElection72] INFO  impl.RaftServerImpl (ServerState.java:setLeader(253)) - 158ad28b-aa8e-4172-b96b-cbb323932650@group-CCE701E931BA: change Leader from null to 158ad28b-aa8e-4172-b96b-cbb323932650 at term 1 for becomeLeader, leader elected after 5507ms
2019-09-25 05:07:20,534 [158ad28b-aa8e-4172-b96b-cbb323932650@group-CCE701E931BA:LeaderElection72] INFO  server.RaftServerConfigKeys (ConfUtils.java:logGet(43)) - raft.server.staging.catchup.gap = 1000 (default)
2019-09-25 05:07:20,534 [158ad28b-aa8e-4172-b96b-cbb323932650@group-CCE701E931BA:LeaderElection72] INFO  server.RaftServerConfigKeys (ConfUtils.java:logGet(43)) - raft.server.rpc.sleep.time = 25ms (default)
2019-09-25 05:07:20,534 [158ad28b-aa8e-4172-b96b-cbb323932650@group-CCE701E931BA:LeaderElection72] INFO  server.RaftServerConfigKeys (ConfUtils.java:logGet(43)) - raft.server.write.element-limit = 4096 (default)
2019-09-25 05:07:20,534 [158ad28b-aa8e-4172-b96b-cbb323932650@group-CCE701E931BA:LeaderElection72] INFO  server.RaftServerConfigKeys (ConfUtils.java:logGet(43)) - raft.server.watch.timeout = 10s (default)
2019-09-25 05:07:20,534 [158ad28b-aa8e-4172-b96b-cbb323932650@group-CCE701E931BA:LeaderElection72] INFO  server.RaftServerConfigKeys (ConfUtils.java:logGet(43)) - raft.server.watch.timeout.denomination = 1s (default)
2019-09-25 05:07:20,535 [158ad28b-aa8e-4172-b96b-cbb323932650@group-CCE701E931BA:LeaderElection72] INFO  server.RaftServerConfigKeys (ConfUtils.java:logGet(43)) - raft.server.watch.element-limit = 65536 (default)
2019-09-25 05:07:20,538 [158ad28b-aa8e-4172-b96b-cbb323932650@group-CCE701E931BA:LeaderElection72] INFO  impl.RoleInfo (RoleInfo.java:updateAndGet(143)) - 158ad28b-aa8e-4172-b96b-cbb323932650: start LeaderState
2019-09-25 05:07:20,538 [158ad28b-aa8e-4172-b96b-cbb323932650@group-CCE701E931BA:LeaderElection72] INFO  segmented.SegmentedRaftLogWorker (SegmentedRaftLogWorker.java:startLogSegment(380)) - 158ad28b-aa8e-4172-b96b-cbb323932650@group-CCE701E931BA-SegmentedRaftLogWorker: Starting segment from index:0
2019-09-25 05:07:20,539 [158ad28b-aa8e-4172-b96b-cbb323932650@group-CCE701E931BA:LeaderElection72] INFO  impl.RaftServerImpl (ServerState.java:setRaftConf(354)) - 158ad28b-aa8e-4172-b96b-cbb323932650@group-CCE701E931BA: set configuration 0: [158ad28b-aa8e-4172-b96b-cbb323932650:192.168.36.126:34188], old=null at 0
2019-09-25 05:07:20,738 [Thread-1384] INFO  impl.FollowerState (FollowerState.java:run(106)) - caeda6cb-6345-44ea-a0d4-5f314a967b77:group-1A906D884C09 changes to CANDIDATE, lastRpcTime:5187, electionTimeout:5187ms
2019-09-25 05:07:20,739 [Thread-1384] INFO  impl.RoleInfo (RoleInfo.java:shutdownFollowerState(121)) - caeda6cb-6345-44ea-a0d4-5f314a967b77: shutdown FollowerState
2019-09-25 05:07:20,739 [Thread-1384] INFO  impl.RaftServerImpl (RaftServerImpl.java:setRole(174)) - caeda6cb-6345-44ea-a0d4-5f314a967b77@group-1A906D884C09: changes role from  FOLLOWER to CANDIDATE at term 0 for changeToCandidate
2019-09-25 05:07:20,739 [Thread-1384] INFO  impl.RoleInfo (RoleInfo.java:updateAndGet(143)) - caeda6cb-6345-44ea-a0d4-5f314a967b77: start LeaderElection
2019-09-25 05:07:20,859 [158ad28b-aa8e-4172-b96b-cbb323932650@group-CCE701E931BA-SegmentedRaftLogWorker] INFO  segmented.SegmentedRaftLogWorker (SegmentedRaftLogWorker.java:execute(569)) - 158ad28b-aa8e-4172-b96b-cbb323932650@group-CCE701E931BA-SegmentedRaftLogWorker: created new log segment /workdir/hadoop-ozone/integration-test/target/test-dir/MiniOzoneClusterImpl-9445efff-1a51-4441-b04f-96fa6a6cc491/datanode-5/data/ratis/55526af5-6dc3-43f7-9e9e-cce701e931ba/current/log_inprogress_0
2019-09-25 05:07:20,859 [caeda6cb-6345-44ea-a0d4-5f314a967b77@group-1A906D884C09:LeaderElection73] INFO  impl.LeaderElection (LeaderElection.java:askForVotes(182)) - caeda6cb-6345-44ea-a0d4-5f314a967b77@group-1A906D884C09:LeaderElection73: begin an election at term 1 for -1: [caeda6cb-6345-44ea-a0d4-5f314a967b77:192.168.36.126:40532], old=null
2019-09-25 05:07:20,860 [caeda6cb-6345-44ea-a0d4-5f314a967b77@group-1A906D884C09:LeaderElection73] INFO  impl.RoleInfo (RoleInfo.java:shutdownLeaderElection(134)) - caeda6cb-6345-44ea-a0d4-5f314a967b77: shutdown LeaderElection
2019-09-25 05:07:20,860 [caeda6cb-6345-44ea-a0d4-5f314a967b77@group-1A906D884C09:LeaderElection73] INFO  impl.RaftServerImpl (RaftServerImpl.java:setRole(174)) - caeda6cb-6345-44ea-a0d4-5f314a967b77@group-1A906D884C09: changes role from CANDIDATE to LEADER at term 1 for changeToLeader
2019-09-25 05:07:20,860 [caeda6cb-6345-44ea-a0d4-5f314a967b77@group-1A906D884C09:LeaderElection73] INFO  impl.RaftServerImpl (ServerState.java:setLeader(253)) - caeda6cb-6345-44ea-a0d4-5f314a967b77@group-1A906D884C09: change Leader from null to caeda6cb-6345-44ea-a0d4-5f314a967b77 at term 1 for becomeLeader, leader elected after 5319ms
2019-09-25 05:07:20,860 [caeda6cb-6345-44ea-a0d4-5f314a967b77@group-1A906D884C09:LeaderElection73] INFO  server.RaftServerConfigKeys (ConfUtils.java:logGet(43)) - raft.server.staging.catchup.gap = 1000 (default)
2019-09-25 05:07:20,860 [caeda6cb-6345-44ea-a0d4-5f314a967b77@group-1A906D884C09:LeaderElection73] INFO  server.RaftServerConfigKeys (ConfUtils.java:logGet(43)) - raft.server.rpc.sleep.time = 25ms (default)
2019-09-25 05:07:20,860 [caeda6cb-6345-44ea-a0d4-5f314a967b77@group-1A906D884C09:LeaderElection73] INFO  server.RaftServerConfigKeys (ConfUtils.java:logGet(43)) - raft.server.write.element-limit = 4096 (default)
2019-09-25 05:07:20,861 [caeda6cb-6345-44ea-a0d4-5f314a967b77@group-1A906D884C09:LeaderElection73] INFO  server.RaftServerConfigKeys (ConfUtils.java:logGet(43)) - raft.server.watch.timeout = 10s (default)
2019-09-25 05:07:20,861 [caeda6cb-6345-44ea-a0d4-5f314a967b77@group-1A906D884C09:LeaderElection73] INFO  server.RaftServerConfigKeys (ConfUtils.java:logGet(43)) - raft.server.watch.timeout.denomination = 1s (default)
2019-09-25 05:07:20,861 [caeda6cb-6345-44ea-a0d4-5f314a967b77@group-1A906D884C09:LeaderElection73] INFO  server.RaftServerConfigKeys (ConfUtils.java:logGet(43)) - raft.server.watch.element-limit = 65536 (default)
2019-09-25 05:07:20,863 [caeda6cb-6345-44ea-a0d4-5f314a967b77@group-1A906D884C09:LeaderElection73] INFO  impl.RoleInfo (RoleInfo.java:updateAndGet(143)) - caeda6cb-6345-44ea-a0d4-5f314a967b77: start LeaderState
2019-09-25 05:07:20,864 [caeda6cb-6345-44ea-a0d4-5f314a967b77@group-1A906D884C09:LeaderElection73] INFO  segmented.SegmentedRaftLogWorker (SegmentedRaftLogWorker.java:startLogSegment(380)) - caeda6cb-6345-44ea-a0d4-5f314a967b77@group-1A906D884C09-SegmentedRaftLogWorker: Starting segment from index:0
2019-09-25 05:07:20,864 [caeda6cb-6345-44ea-a0d4-5f314a967b77@group-1A906D884C09:LeaderElection73] INFO  impl.RaftServerImpl (ServerState.java:setRaftConf(354)) - caeda6cb-6345-44ea-a0d4-5f314a967b77@group-1A906D884C09: set configuration 0: [caeda6cb-6345-44ea-a0d4-5f314a967b77:192.168.36.126:40532], old=null at 0
2019-09-25 05:07:21,204 [Thread-1387] INFO  impl.FollowerState (FollowerState.java:run(106)) - c0eca757-0426-4809-8d60-c283fabf02c6:group-648D0116ACD5 changes to CANDIDATE, lastRpcTime:5010, electionTimeout:5010ms
2019-09-25 05:07:21,204 [Thread-1387] INFO  impl.RoleInfo (RoleInfo.java:shutdownFollowerState(121)) - c0eca757-0426-4809-8d60-c283fabf02c6: shutdown FollowerState
2019-09-25 05:07:21,204 [Thread-1387] INFO  impl.RaftServerImpl (RaftServerImpl.java:setRole(174)) - c0eca757-0426-4809-8d60-c283fabf02c6@group-648D0116ACD5: changes role from  FOLLOWER to CANDIDATE at term 0 for changeToCandidate
2019-09-25 05:07:21,204 [Thread-1387] INFO  impl.RoleInfo (RoleInfo.java:updateAndGet(143)) - c0eca757-0426-4809-8d60-c283fabf02c6: start LeaderElection
2019-09-25 05:07:21,518 [caeda6cb-6345-44ea-a0d4-5f314a967b77@group-1A906D884C09-SegmentedRaftLogWorker] INFO  segmented.SegmentedRaftLogWorker (SegmentedRaftLogWorker.java:execute(569)) - caeda6cb-6345-44ea-a0d4-5f314a967b77@group-1A906D884C09-SegmentedRaftLogWorker: created new log segment /workdir/hadoop-ozone/integration-test/target/test-dir/MiniOzoneClusterImpl-9445efff-1a51-4441-b04f-96fa6a6cc491/datanode-4/data/ratis/acb312a9-da0a-4ae1-80b9-1a906d884c09/current/log_inprogress_0
2019-09-25 05:07:21,518 [c0eca757-0426-4809-8d60-c283fabf02c6@group-648D0116ACD5:LeaderElection74] INFO  impl.LeaderElection (LeaderElection.java:askForVotes(182)) - c0eca757-0426-4809-8d60-c283fabf02c6@group-648D0116ACD5:LeaderElection74: begin an election at term 1 for -1: [c0eca757-0426-4809-8d60-c283fabf02c6:192.168.36.126:34880], old=null
2019-09-25 05:07:21,518 [c0eca757-0426-4809-8d60-c283fabf02c6@group-648D0116ACD5:LeaderElection74] INFO  impl.RoleInfo (RoleInfo.java:shutdownLeaderElection(134)) - c0eca757-0426-4809-8d60-c283fabf02c6: shutdown LeaderElection
2019-09-25 05:07:21,518 [c0eca757-0426-4809-8d60-c283fabf02c6@group-648D0116ACD5:LeaderElection74] INFO  impl.RaftServerImpl (RaftServerImpl.java:setRole(174)) - c0eca757-0426-4809-8d60-c283fabf02c6@group-648D0116ACD5: changes role from CANDIDATE to LEADER at term 1 for changeToLeader
2019-09-25 05:07:21,518 [c0eca757-0426-4809-8d60-c283fabf02c6@group-648D0116ACD5:LeaderElection74] INFO  impl.RaftServerImpl (ServerState.java:setLeader(253)) - c0eca757-0426-4809-8d60-c283fabf02c6@group-648D0116ACD5: change Leader from null to c0eca757-0426-4809-8d60-c283fabf02c6 at term 1 for becomeLeader, leader elected after 5333ms
2019-09-25 05:07:21,519 [c0eca757-0426-4809-8d60-c283fabf02c6@group-648D0116ACD5:LeaderElection74] INFO  server.RaftServerConfigKeys (ConfUtils.java:logGet(43)) - raft.server.staging.catchup.gap = 1000 (default)
2019-09-25 05:07:21,519 [c0eca757-0426-4809-8d60-c283fabf02c6@group-648D0116ACD5:LeaderElection74] INFO  server.RaftServerConfigKeys (ConfUtils.java:logGet(43)) - raft.server.rpc.sleep.time = 25ms (default)
2019-09-25 05:07:21,519 [c0eca757-0426-4809-8d60-c283fabf02c6@group-648D0116ACD5:LeaderElection74] INFO  server.RaftServerConfigKeys (ConfUtils.java:logGet(43)) - raft.server.write.element-limit = 4096 (default)
2019-09-25 05:07:21,519 [c0eca757-0426-4809-8d60-c283fabf02c6@group-648D0116ACD5:LeaderElection74] INFO  server.RaftServerConfigKeys (ConfUtils.java:logGet(43)) - raft.server.watch.timeout = 10s (default)
2019-09-25 05:07:21,519 [c0eca757-0426-4809-8d60-c283fabf02c6@group-648D0116ACD5:LeaderElection74] INFO  server.RaftServerConfigKeys (ConfUtils.java:logGet(43)) - raft.server.watch.timeout.denomination = 1s (default)
2019-09-25 05:07:21,519 [c0eca757-0426-4809-8d60-c283fabf02c6@group-648D0116ACD5:LeaderElection74] INFO  server.RaftServerConfigKeys (ConfUtils.java:logGet(43)) - raft.server.watch.element-limit = 65536 (default)
2019-09-25 05:07:21,522 [c0eca757-0426-4809-8d60-c283fabf02c6@group-648D0116ACD5:LeaderElection74] INFO  impl.RoleInfo (RoleInfo.java:updateAndGet(143)) - c0eca757-0426-4809-8d60-c283fabf02c6: start LeaderState
2019-09-25 05:07:21,522 [c0eca757-0426-4809-8d60-c283fabf02c6@group-648D0116ACD5:LeaderElection74] INFO  segmented.SegmentedRaftLogWorker (SegmentedRaftLogWorker.java:startLogSegment(380)) - c0eca757-0426-4809-8d60-c283fabf02c6@group-648D0116ACD5-SegmentedRaftLogWorker: Starting segment from index:0
2019-09-25 05:07:21,523 [c0eca757-0426-4809-8d60-c283fabf02c6@group-648D0116ACD5:LeaderElection74] INFO  impl.RaftServerImpl (ServerState.java:setRaftConf(354)) - c0eca757-0426-4809-8d60-c283fabf02c6@group-648D0116ACD5: set configuration 0: [c0eca757-0426-4809-8d60-c283fabf02c6:192.168.36.126:34880], old=null at 0
2019-09-25 05:07:21,922 [Thread-1390] INFO  impl.FollowerState (FollowerState.java:run(106)) - 337eba68-33ee-48dd-bb88-253007d49397:group-6B120CD89ACB changes to CANDIDATE, lastRpcTime:5027, electionTimeout:5027ms
2019-09-25 05:07:21,923 [Thread-1390] INFO  impl.RoleInfo (RoleInfo.java:shutdownFollowerState(121)) - 337eba68-33ee-48dd-bb88-253007d49397: shutdown FollowerState
2019-09-25 05:07:21,923 [Thread-1390] INFO  impl.RaftServerImpl (RaftServerImpl.java:setRole(174)) - 337eba68-33ee-48dd-bb88-253007d49397@group-6B120CD89ACB: changes role from  FOLLOWER to CANDIDATE at term 0 for changeToCandidate
2019-09-25 05:07:21,923 [Thread-1390] INFO  impl.RoleInfo (RoleInfo.java:updateAndGet(143)) - 337eba68-33ee-48dd-bb88-253007d49397: start LeaderElection
2019-09-25 05:07:21,943 [c0eca757-0426-4809-8d60-c283fabf02c6@group-648D0116ACD5-SegmentedRaftLogWorker] INFO  segmented.SegmentedRaftLogWorker (SegmentedRaftLogWorker.java:execute(569)) - c0eca757-0426-4809-8d60-c283fabf02c6@group-648D0116ACD5-SegmentedRaftLogWorker: created new log segment /workdir/hadoop-ozone/integration-test/target/test-dir/MiniOzoneClusterImpl-9445efff-1a51-4441-b04f-96fa6a6cc491/datanode-1/data/ratis/e12fbf0c-1131-4df5-b481-648d0116acd5/current/log_inprogress_0
2019-09-25 05:07:22,161 [337eba68-33ee-48dd-bb88-253007d49397@group-6B120CD89ACB:LeaderElection75] INFO  impl.LeaderElection (LeaderElection.java:askForVotes(182)) - 337eba68-33ee-48dd-bb88-253007d49397@group-6B120CD89ACB:LeaderElection75: begin an election at term 1 for -1: [337eba68-33ee-48dd-bb88-253007d49397:192.168.36.126:37092], old=null
2019-09-25 05:07:22,161 [337eba68-33ee-48dd-bb88-253007d49397@group-6B120CD89ACB:LeaderElection75] INFO  impl.RoleInfo (RoleInfo.java:shutdownLeaderElection(134)) - 337eba68-33ee-48dd-bb88-253007d49397: shutdown LeaderElection
2019-09-25 05:07:22,161 [337eba68-33ee-48dd-bb88-253007d49397@group-6B120CD89ACB:LeaderElection75] INFO  impl.RaftServerImpl (RaftServerImpl.java:setRole(174)) - 337eba68-33ee-48dd-bb88-253007d49397@group-6B120CD89ACB: changes role from CANDIDATE to LEADER at term 1 for changeToLeader
2019-09-25 05:07:22,161 [337eba68-33ee-48dd-bb88-253007d49397@group-6B120CD89ACB:LeaderElection75] INFO  impl.RaftServerImpl (ServerState.java:setLeader(253)) - 337eba68-33ee-48dd-bb88-253007d49397@group-6B120CD89ACB: change Leader from null to 337eba68-33ee-48dd-bb88-253007d49397 at term 1 for becomeLeader, leader elected after 5277ms
2019-09-25 05:07:22,161 [337eba68-33ee-48dd-bb88-253007d49397@group-6B120CD89ACB:LeaderElection75] INFO  server.RaftServerConfigKeys (ConfUtils.java:logGet(43)) - raft.server.staging.catchup.gap = 1000 (default)
2019-09-25 05:07:22,162 [337eba68-33ee-48dd-bb88-253007d49397@group-6B120CD89ACB:LeaderElection75] INFO  server.RaftServerConfigKeys (ConfUtils.java:logGet(43)) - raft.server.rpc.sleep.time = 25ms (default)
2019-09-25 05:07:22,162 [337eba68-33ee-48dd-bb88-253007d49397@group-6B120CD89ACB:LeaderElection75] INFO  server.RaftServerConfigKeys (ConfUtils.java:logGet(43)) - raft.server.write.element-limit = 4096 (default)
2019-09-25 05:07:22,162 [337eba68-33ee-48dd-bb88-253007d49397@group-6B120CD89ACB:LeaderElection75] INFO  server.RaftServerConfigKeys (ConfUtils.java:logGet(43)) - raft.server.watch.timeout = 10s (default)
2019-09-25 05:07:22,162 [337eba68-33ee-48dd-bb88-253007d49397@group-6B120CD89ACB:LeaderElection75] INFO  server.RaftServerConfigKeys (ConfUtils.java:logGet(43)) - raft.server.watch.timeout.denomination = 1s (default)
2019-09-25 05:07:22,162 [337eba68-33ee-48dd-bb88-253007d49397@group-6B120CD89ACB:LeaderElection75] INFO  server.RaftServerConfigKeys (ConfUtils.java:logGet(43)) - raft.server.watch.element-limit = 65536 (default)
2019-09-25 05:07:22,165 [337eba68-33ee-48dd-bb88-253007d49397@group-6B120CD89ACB:LeaderElection75] INFO  impl.RoleInfo (RoleInfo.java:updateAndGet(143)) - 337eba68-33ee-48dd-bb88-253007d49397: start LeaderState
2019-09-25 05:07:22,166 [337eba68-33ee-48dd-bb88-253007d49397@group-6B120CD89ACB:LeaderElection75] INFO  segmented.SegmentedRaftLogWorker (SegmentedRaftLogWorker.java:startLogSegment(380)) - 337eba68-33ee-48dd-bb88-253007d49397@group-6B120CD89ACB-SegmentedRaftLogWorker: Starting segment from index:0
2019-09-25 05:07:22,166 [337eba68-33ee-48dd-bb88-253007d49397@group-6B120CD89ACB:LeaderElection75] INFO  impl.RaftServerImpl (ServerState.java:setRaftConf(354)) - 337eba68-33ee-48dd-bb88-253007d49397@group-6B120CD89ACB: set configuration 0: [337eba68-33ee-48dd-bb88-253007d49397:192.168.36.126:37092], old=null at 0
2019-09-25 05:07:22,611 [337eba68-33ee-48dd-bb88-253007d49397@group-6B120CD89ACB-SegmentedRaftLogWorker] INFO  segmented.SegmentedRaftLogWorker (SegmentedRaftLogWorker.java:execute(569)) - 337eba68-33ee-48dd-bb88-253007d49397@group-6B120CD89ACB-SegmentedRaftLogWorker: created new log segment /workdir/hadoop-ozone/integration-test/target/test-dir/MiniOzoneClusterImpl-9445efff-1a51-4441-b04f-96fa6a6cc491/datanode-2/data/ratis/75631ce5-650c-44bb-bca1-6b120cd89acb/current/log_inprogress_0
2019-09-25 05:07:22,724 [Thread-1397] INFO  impl.FollowerState (FollowerState.java:run(106)) - bc163c1a-f845-4c36-9592-f8e34b91970d:group-8F81A5CD80FE changes to CANDIDATE, lastRpcTime:5005, electionTimeout:5005ms
2019-09-25 05:07:22,724 [Thread-1397] INFO  impl.RoleInfo (RoleInfo.java:shutdownFollowerState(121)) - bc163c1a-f845-4c36-9592-f8e34b91970d: shutdown FollowerState
2019-09-25 05:07:22,725 [Thread-1397] INFO  impl.RaftServerImpl (RaftServerImpl.java:setRole(174)) - bc163c1a-f845-4c36-9592-f8e34b91970d@group-8F81A5CD80FE: changes role from  FOLLOWER to CANDIDATE at term 0 for changeToCandidate
2019-09-25 05:07:22,725 [Thread-1397] INFO  impl.RoleInfo (RoleInfo.java:updateAndGet(143)) - bc163c1a-f845-4c36-9592-f8e34b91970d: start LeaderElection
2019-09-25 05:07:22,840 [Thread-1398] INFO  impl.FollowerState (FollowerState.java:run(106)) - 158ad28b-aa8e-4172-b96b-cbb323932650:group-8F81A5CD80FE changes to CANDIDATE, lastRpcTime:5121, electionTimeout:5121ms
2019-09-25 05:07:22,841 [Thread-1398] INFO  impl.RoleInfo (RoleInfo.java:shutdownFollowerState(121)) - 158ad28b-aa8e-4172-b96b-cbb323932650: shutdown FollowerState
2019-09-25 05:07:22,841 [Thread-1398] INFO  impl.RaftServerImpl (RaftServerImpl.java:setRole(174)) - 158ad28b-aa8e-4172-b96b-cbb323932650@group-8F81A5CD80FE: changes role from  FOLLOWER to CANDIDATE at term 0 for changeToCandidate
2019-09-25 05:07:22,841 [Thread-1398] INFO  impl.RoleInfo (RoleInfo.java:updateAndGet(143)) - 158ad28b-aa8e-4172-b96b-cbb323932650: start LeaderElection
2019-09-25 05:07:22,846 [Thread-1395] INFO  impl.FollowerState (FollowerState.java:run(106)) - 59abef46-29ea-4eff-a512-e596f80f6db1:group-8F81A5CD80FE changes to CANDIDATE, lastRpcTime:5128, electionTimeout:5124ms
2019-09-25 05:07:22,846 [Thread-1395] INFO  impl.RoleInfo (RoleInfo.java:shutdownFollowerState(121)) - 59abef46-29ea-4eff-a512-e596f80f6db1: shutdown FollowerState
2019-09-25 05:07:22,846 [Thread-1395] INFO  impl.RaftServerImpl (RaftServerImpl.java:setRole(174)) - 59abef46-29ea-4eff-a512-e596f80f6db1@group-8F81A5CD80FE: changes role from  FOLLOWER to CANDIDATE at term 0 for changeToCandidate
2019-09-25 05:07:22,846 [Thread-1395] INFO  impl.RoleInfo (RoleInfo.java:updateAndGet(143)) - 59abef46-29ea-4eff-a512-e596f80f6db1: start LeaderElection
2019-09-25 05:07:23,145 [bc163c1a-f845-4c36-9592-f8e34b91970d@group-8F81A5CD80FE:LeaderElection76] INFO  impl.LeaderElection (LeaderElection.java:askForVotes(182)) - bc163c1a-f845-4c36-9592-f8e34b91970d@group-8F81A5CD80FE:LeaderElection76: begin an election at term 1 for -1: [bc163c1a-f845-4c36-9592-f8e34b91970d:192.168.36.126:38248, 158ad28b-aa8e-4172-b96b-cbb323932650:192.168.36.126:34188, 59abef46-29ea-4eff-a512-e596f80f6db1:192.168.36.126:38401], old=null
2019-09-25 05:07:23,145 [158ad28b-aa8e-4172-b96b-cbb323932650@group-8F81A5CD80FE:LeaderElection77] INFO  impl.LeaderElection (LeaderElection.java:askForVotes(182)) - 158ad28b-aa8e-4172-b96b-cbb323932650@group-8F81A5CD80FE:LeaderElection77: begin an election at term 1 for -1: [bc163c1a-f845-4c36-9592-f8e34b91970d:192.168.36.126:38248, 158ad28b-aa8e-4172-b96b-cbb323932650:192.168.36.126:34188, 59abef46-29ea-4eff-a512-e596f80f6db1:192.168.36.126:38401], old=null
2019-09-25 05:07:23,145 [59abef46-29ea-4eff-a512-e596f80f6db1@group-8F81A5CD80FE:LeaderElection78] INFO  impl.LeaderElection (LeaderElection.java:askForVotes(182)) - 59abef46-29ea-4eff-a512-e596f80f6db1@group-8F81A5CD80FE:LeaderElection78: begin an election at term 1 for -1: [bc163c1a-f845-4c36-9592-f8e34b91970d:192.168.36.126:38248, 158ad28b-aa8e-4172-b96b-cbb323932650:192.168.36.126:34188, 59abef46-29ea-4eff-a512-e596f80f6db1:192.168.36.126:38401], old=null
2019-09-25 05:07:23,152 [bc163c1a-f845-4c36-9592-f8e34b91970d@group-8F81A5CD80FE:LeaderElection76] INFO  impl.LeaderElection (LeaderElection.java:logAndReturn(56)) - bc163c1a-f845-4c36-9592-f8e34b91970d@group-8F81A5CD80FE:LeaderElection76: Election REJECTED; received 2 response(s) [bc163c1a-f845-4c36-9592-f8e34b91970d<-158ad28b-aa8e-4172-b96b-cbb323932650#0:FAIL-t1, bc163c1a-f845-4c36-9592-f8e34b91970d<-59abef46-29ea-4eff-a512-e596f80f6db1#0:FAIL-t1] and 0 exception(s); bc163c1a-f845-4c36-9592-f8e34b91970d@group-8F81A5CD80FE:t1, leader=null, voted=bc163c1a-f845-4c36-9592-f8e34b91970d, raftlog=bc163c1a-f845-4c36-9592-f8e34b91970d@group-8F81A5CD80FE-SegmentedRaftLog:OPENED:c-1,f-1,i0, conf=-1: [bc163c1a-f845-4c36-9592-f8e34b91970d:192.168.36.126:38248, 158ad28b-aa8e-4172-b96b-cbb323932650:192.168.36.126:34188, 59abef46-29ea-4eff-a512-e596f80f6db1:192.168.36.126:38401], old=null
2019-09-25 05:07:23,152 [bc163c1a-f845-4c36-9592-f8e34b91970d@group-8F81A5CD80FE:LeaderElection76] INFO  impl.RaftServerImpl (RaftServerImpl.java:setRole(174)) - bc163c1a-f845-4c36-9592-f8e34b91970d@group-8F81A5CD80FE: changes role from CANDIDATE to FOLLOWER at term 1 for DISCOVERED_A_NEW_TERM
2019-09-25 05:07:23,152 [bc163c1a-f845-4c36-9592-f8e34b91970d@group-8F81A5CD80FE:LeaderElection76] INFO  impl.RoleInfo (RoleInfo.java:shutdownLeaderElection(134)) - bc163c1a-f845-4c36-9592-f8e34b91970d: shutdown LeaderElection
2019-09-25 05:07:23,152 [59abef46-29ea-4eff-a512-e596f80f6db1@group-8F81A5CD80FE:LeaderElection78] INFO  impl.LeaderElection (LeaderElection.java:logAndReturn(56)) - 59abef46-29ea-4eff-a512-e596f80f6db1@group-8F81A5CD80FE:LeaderElection78: Election REJECTED; received 2 response(s) [59abef46-29ea-4eff-a512-e596f80f6db1<-bc163c1a-f845-4c36-9592-f8e34b91970d#0:FAIL-t1, 59abef46-29ea-4eff-a512-e596f80f6db1<-158ad28b-aa8e-4172-b96b-cbb323932650#0:FAIL-t1] and 0 exception(s); 59abef46-29ea-4eff-a512-e596f80f6db1@group-8F81A5CD80FE:t1, leader=null, voted=59abef46-29ea-4eff-a512-e596f80f6db1, raftlog=59abef46-29ea-4eff-a512-e596f80f6db1@group-8F81A5CD80FE-SegmentedRaftLog:OPENED:c-1,f-1,i0, conf=-1: [bc163c1a-f845-4c36-9592-f8e34b91970d:192.168.36.126:38248, 158ad28b-aa8e-4172-b96b-cbb323932650:192.168.36.126:34188, 59abef46-29ea-4eff-a512-e596f80f6db1:192.168.36.126:38401], old=null
2019-09-25 05:07:23,152 [bc163c1a-f845-4c36-9592-f8e34b91970d@group-8F81A5CD80FE:LeaderElection76] INFO  impl.RoleInfo (RoleInfo.java:updateAndGet(143)) - bc163c1a-f845-4c36-9592-f8e34b91970d: start FollowerState
2019-09-25 05:07:23,153 [59abef46-29ea-4eff-a512-e596f80f6db1@group-8F81A5CD80FE:LeaderElection78] INFO  impl.RaftServerImpl (RaftServerImpl.java:setRole(174)) - 59abef46-29ea-4eff-a512-e596f80f6db1@group-8F81A5CD80FE: changes role from CANDIDATE to FOLLOWER at term 1 for DISCOVERED_A_NEW_TERM
2019-09-25 05:07:23,153 [158ad28b-aa8e-4172-b96b-cbb323932650@group-8F81A5CD80FE:LeaderElection77] INFO  impl.LeaderElection (LeaderElection.java:logAndReturn(56)) - 158ad28b-aa8e-4172-b96b-cbb323932650@group-8F81A5CD80FE:LeaderElection77: Election REJECTED; received 2 response(s) [158ad28b-aa8e-4172-b96b-cbb323932650<-bc163c1a-f845-4c36-9592-f8e34b91970d#0:FAIL-t1, 158ad28b-aa8e-4172-b96b-cbb323932650<-59abef46-29ea-4eff-a512-e596f80f6db1#0:FAIL-t1] and 0 exception(s); 158ad28b-aa8e-4172-b96b-cbb323932650@group-8F81A5CD80FE:t1, leader=null, voted=158ad28b-aa8e-4172-b96b-cbb323932650, raftlog=158ad28b-aa8e-4172-b96b-cbb323932650@group-8F81A5CD80FE-SegmentedRaftLog:OPENED:c-1,f-1,i0, conf=-1: [bc163c1a-f845-4c36-9592-f8e34b91970d:192.168.36.126:38248, 158ad28b-aa8e-4172-b96b-cbb323932650:192.168.36.126:34188, 59abef46-29ea-4eff-a512-e596f80f6db1:192.168.36.126:38401], old=null
2019-09-25 05:07:23,153 [59abef46-29ea-4eff-a512-e596f80f6db1@group-8F81A5CD80FE:LeaderElection78] INFO  impl.RoleInfo (RoleInfo.java:shutdownLeaderElection(134)) - 59abef46-29ea-4eff-a512-e596f80f6db1: shutdown LeaderElection
2019-09-25 05:07:23,153 [158ad28b-aa8e-4172-b96b-cbb323932650@group-8F81A5CD80FE:LeaderElection77] INFO  impl.RaftServerImpl (RaftServerImpl.java:setRole(174)) - 158ad28b-aa8e-4172-b96b-cbb323932650@group-8F81A5CD80FE: changes role from CANDIDATE to FOLLOWER at term 1 for DISCOVERED_A_NEW_TERM
2019-09-25 05:07:23,153 [59abef46-29ea-4eff-a512-e596f80f6db1@group-8F81A5CD80FE:LeaderElection78] INFO  impl.RoleInfo (RoleInfo.java:updateAndGet(143)) - 59abef46-29ea-4eff-a512-e596f80f6db1: start FollowerState
2019-09-25 05:07:23,153 [158ad28b-aa8e-4172-b96b-cbb323932650@group-8F81A5CD80FE:LeaderElection77] INFO  impl.RoleInfo (RoleInfo.java:shutdownLeaderElection(134)) - 158ad28b-aa8e-4172-b96b-cbb323932650: shutdown LeaderElection
2019-09-25 05:07:23,154 [158ad28b-aa8e-4172-b96b-cbb323932650@group-8F81A5CD80FE:LeaderElection77] INFO  impl.RoleInfo (RoleInfo.java:updateAndGet(143)) - 158ad28b-aa8e-4172-b96b-cbb323932650: start FollowerState
2019-09-25 05:07:23,552 [Thread-1409] INFO  impl.FollowerState (FollowerState.java:run(106)) - caeda6cb-6345-44ea-a0d4-5f314a967b77:group-3A2C0294070D changes to CANDIDATE, lastRpcTime:5121, electionTimeout:5118ms
2019-09-25 05:07:23,552 [Thread-1409] INFO  impl.RoleInfo (RoleInfo.java:shutdownFollowerState(121)) - caeda6cb-6345-44ea-a0d4-5f314a967b77: shutdown FollowerState
2019-09-25 05:07:23,553 [Thread-1409] INFO  impl.RaftServerImpl (RaftServerImpl.java:setRole(174)) - caeda6cb-6345-44ea-a0d4-5f314a967b77@group-3A2C0294070D: changes role from  FOLLOWER to CANDIDATE at term 0 for changeToCandidate
2019-09-25 05:07:23,553 [Thread-1409] INFO  impl.RoleInfo (RoleInfo.java:updateAndGet(143)) - caeda6cb-6345-44ea-a0d4-5f314a967b77: start LeaderElection
2019-09-25 05:07:23,590 [Thread-1404] INFO  impl.FollowerState (FollowerState.java:run(106)) - d10fc367-6717-4be7-9c4c-7b0b4f4b0759:group-3A2C0294070D changes to CANDIDATE, lastRpcTime:5163, electionTimeout:5163ms
2019-09-25 05:07:23,590 [Thread-1404] INFO  impl.RoleInfo (RoleInfo.java:shutdownFollowerState(121)) - d10fc367-6717-4be7-9c4c-7b0b4f4b0759: shutdown FollowerState
2019-09-25 05:07:23,590 [Thread-1404] INFO  impl.RaftServerImpl (RaftServerImpl.java:setRole(174)) - d10fc367-6717-4be7-9c4c-7b0b4f4b0759@group-3A2C0294070D: changes role from  FOLLOWER to CANDIDATE at term 0 for changeToCandidate
2019-09-25 05:07:23,590 [Thread-1404] INFO  impl.RoleInfo (RoleInfo.java:updateAndGet(143)) - d10fc367-6717-4be7-9c4c-7b0b4f4b0759: start LeaderElection
2019-09-25 05:07:23,618 [Thread-1408] INFO  impl.FollowerState (FollowerState.java:run(106)) - c0eca757-0426-4809-8d60-c283fabf02c6:group-3A2C0294070D changes to CANDIDATE, lastRpcTime:5187, electionTimeout:5187ms
2019-09-25 05:07:23,618 [Thread-1408] INFO  impl.RoleInfo (RoleInfo.java:shutdownFollowerState(121)) - c0eca757-0426-4809-8d60-c283fabf02c6: shutdown FollowerState
2019-09-25 05:07:23,618 [Thread-1408] INFO  impl.RaftServerImpl (RaftServerImpl.java:setRole(174)) - c0eca757-0426-4809-8d60-c283fabf02c6@group-3A2C0294070D: changes role from  FOLLOWER to CANDIDATE at term 0 for changeToCandidate
2019-09-25 05:07:23,618 [Thread-1408] INFO  impl.RoleInfo (RoleInfo.java:updateAndGet(143)) - c0eca757-0426-4809-8d60-c283fabf02c6: start LeaderElection
2019-09-25 05:07:24,012 [d10fc367-6717-4be7-9c4c-7b0b4f4b0759@group-3A2C0294070D:LeaderElection80] INFO  impl.LeaderElection (LeaderElection.java:askForVotes(182)) - d10fc367-6717-4be7-9c4c-7b0b4f4b0759@group-3A2C0294070D:LeaderElection80: begin an election at term 1 for -1: [d10fc367-6717-4be7-9c4c-7b0b4f4b0759:192.168.36.126:35315, c0eca757-0426-4809-8d60-c283fabf02c6:192.168.36.126:34880, caeda6cb-6345-44ea-a0d4-5f314a967b77:192.168.36.126:40532], old=null
2019-09-25 05:07:24,012 [c0eca757-0426-4809-8d60-c283fabf02c6@group-3A2C0294070D:LeaderElection81] INFO  impl.LeaderElection (LeaderElection.java:askForVotes(182)) - c0eca757-0426-4809-8d60-c283fabf02c6@group-3A2C0294070D:LeaderElection81: begin an election at term 1 for -1: [d10fc367-6717-4be7-9c4c-7b0b4f4b0759:192.168.36.126:35315, c0eca757-0426-4809-8d60-c283fabf02c6:192.168.36.126:34880, caeda6cb-6345-44ea-a0d4-5f314a967b77:192.168.36.126:40532], old=null
2019-09-25 05:07:24,012 [caeda6cb-6345-44ea-a0d4-5f314a967b77@group-3A2C0294070D:LeaderElection79] INFO  impl.LeaderElection (LeaderElection.java:askForVotes(182)) - caeda6cb-6345-44ea-a0d4-5f314a967b77@group-3A2C0294070D:LeaderElection79: begin an election at term 1 for -1: [d10fc367-6717-4be7-9c4c-7b0b4f4b0759:192.168.36.126:35315, c0eca757-0426-4809-8d60-c283fabf02c6:192.168.36.126:34880, caeda6cb-6345-44ea-a0d4-5f314a967b77:192.168.36.126:40532], old=null
2019-09-25 05:07:24,030 [d10fc367-6717-4be7-9c4c-7b0b4f4b0759@group-3A2C0294070D:LeaderElection80] INFO  impl.LeaderElection (LeaderElection.java:logAndReturn(56)) - d10fc367-6717-4be7-9c4c-7b0b4f4b0759@group-3A2C0294070D:LeaderElection80: Election REJECTED; received 2 response(s) [d10fc367-6717-4be7-9c4c-7b0b4f4b0759<-c0eca757-0426-4809-8d60-c283fabf02c6#0:FAIL-t1, d10fc367-6717-4be7-9c4c-7b0b4f4b0759<-caeda6cb-6345-44ea-a0d4-5f314a967b77#0:FAIL-t1] and 0 exception(s); d10fc367-6717-4be7-9c4c-7b0b4f4b0759@group-3A2C0294070D:t1, leader=null, voted=d10fc367-6717-4be7-9c4c-7b0b4f4b0759, raftlog=d10fc367-6717-4be7-9c4c-7b0b4f4b0759@group-3A2C0294070D-SegmentedRaftLog:OPENED:c-1,f-1,i0, conf=-1: [d10fc367-6717-4be7-9c4c-7b0b4f4b0759:192.168.36.126:35315, c0eca757-0426-4809-8d60-c283fabf02c6:192.168.36.126:34880, caeda6cb-6345-44ea-a0d4-5f314a967b77:192.168.36.126:40532], old=null
2019-09-25 05:07:24,030 [d10fc367-6717-4be7-9c4c-7b0b4f4b0759@group-3A2C0294070D:LeaderElection80] INFO  impl.RaftServerImpl (RaftServerImpl.java:setRole(174)) - d10fc367-6717-4be7-9c4c-7b0b4f4b0759@group-3A2C0294070D: changes role from CANDIDATE to FOLLOWER at term 1 for DISCOVERED_A_NEW_TERM
2019-09-25 05:07:24,030 [d10fc367-6717-4be7-9c4c-7b0b4f4b0759@group-3A2C0294070D:LeaderElection80] INFO  impl.RoleInfo (RoleInfo.java:shutdownLeaderElection(134)) - d10fc367-6717-4be7-9c4c-7b0b4f4b0759: shutdown LeaderElection
2019-09-25 05:07:24,030 [d10fc367-6717-4be7-9c4c-7b0b4f4b0759@group-3A2C0294070D:LeaderElection80] INFO  impl.RoleInfo (RoleInfo.java:updateAndGet(143)) - d10fc367-6717-4be7-9c4c-7b0b4f4b0759: start FollowerState
2019-09-25 05:07:24,031 [c0eca757-0426-4809-8d60-c283fabf02c6@group-3A2C0294070D:LeaderElection81] INFO  impl.LeaderElection (LeaderElection.java:logAndReturn(56)) - c0eca757-0426-4809-8d60-c283fabf02c6@group-3A2C0294070D:LeaderElection81: Election REJECTED; received 2 response(s) [c0eca757-0426-4809-8d60-c283fabf02c6<-d10fc367-6717-4be7-9c4c-7b0b4f4b0759#0:FAIL-t1, c0eca757-0426-4809-8d60-c283fabf02c6<-caeda6cb-6345-44ea-a0d4-5f314a967b77#0:FAIL-t1] and 0 exception(s); c0eca757-0426-4809-8d60-c283fabf02c6@group-3A2C0294070D:t1, leader=null, voted=c0eca757-0426-4809-8d60-c283fabf02c6, raftlog=c0eca757-0426-4809-8d60-c283fabf02c6@group-3A2C0294070D-SegmentedRaftLog:OPENED:c-1,f-1,i0, conf=-1: [d10fc367-6717-4be7-9c4c-7b0b4f4b0759:192.168.36.126:35315, c0eca757-0426-4809-8d60-c283fabf02c6:192.168.36.126:34880, caeda6cb-6345-44ea-a0d4-5f314a967b77:192.168.36.126:40532], old=null
2019-09-25 05:07:24,031 [caeda6cb-6345-44ea-a0d4-5f314a967b77@group-3A2C0294070D:LeaderElection79] INFO  impl.LeaderElection (LeaderElection.java:logAndReturn(56)) - caeda6cb-6345-44ea-a0d4-5f314a967b77@group-3A2C0294070D:LeaderElection79: Election REJECTED; received 2 response(s) [caeda6cb-6345-44ea-a0d4-5f314a967b77<-d10fc367-6717-4be7-9c4c-7b0b4f4b0759#0:FAIL-t1, caeda6cb-6345-44ea-a0d4-5f314a967b77<-c0eca757-0426-4809-8d60-c283fabf02c6#0:FAIL-t1] and 0 exception(s); caeda6cb-6345-44ea-a0d4-5f314a967b77@group-3A2C0294070D:t1, leader=null, voted=caeda6cb-6345-44ea-a0d4-5f314a967b77, raftlog=caeda6cb-6345-44ea-a0d4-5f314a967b77@group-3A2C0294070D-SegmentedRaftLog:OPENED:c-1,f-1,i0, conf=-1: [d10fc367-6717-4be7-9c4c-7b0b4f4b0759:192.168.36.126:35315, c0eca757-0426-4809-8d60-c283fabf02c6:192.168.36.126:34880, caeda6cb-6345-44ea-a0d4-5f314a967b77:192.168.36.126:40532], old=null
2019-09-25 05:07:24,031 [c0eca757-0426-4809-8d60-c283fabf02c6@group-3A2C0294070D:LeaderElection81] INFO  impl.RaftServerImpl (RaftServerImpl.java:setRole(174)) - c0eca757-0426-4809-8d60-c283fabf02c6@group-3A2C0294070D: changes role from CANDIDATE to FOLLOWER at term 1 for DISCOVERED_A_NEW_TERM
2019-09-25 05:07:24,031 [caeda6cb-6345-44ea-a0d4-5f314a967b77@group-3A2C0294070D:LeaderElection79] INFO  impl.RaftServerImpl (RaftServerImpl.java:setRole(174)) - caeda6cb-6345-44ea-a0d4-5f314a967b77@group-3A2C0294070D: changes role from CANDIDATE to FOLLOWER at term 1 for DISCOVERED_A_NEW_TERM
2019-09-25 05:07:24,031 [c0eca757-0426-4809-8d60-c283fabf02c6@group-3A2C0294070D:LeaderElection81] INFO  impl.RoleInfo (RoleInfo.java:shutdownLeaderElection(134)) - c0eca757-0426-4809-8d60-c283fabf02c6: shutdown LeaderElection
2019-09-25 05:07:24,031 [caeda6cb-6345-44ea-a0d4-5f314a967b77@group-3A2C0294070D:LeaderElection79] INFO  impl.RoleInfo (RoleInfo.java:shutdownLeaderElection(134)) - caeda6cb-6345-44ea-a0d4-5f314a967b77: shutdown LeaderElection
2019-09-25 05:07:24,031 [c0eca757-0426-4809-8d60-c283fabf02c6@group-3A2C0294070D:LeaderElection81] INFO  impl.RoleInfo (RoleInfo.java:updateAndGet(143)) - c0eca757-0426-4809-8d60-c283fabf02c6: start FollowerState
2019-09-25 05:07:24,032 [caeda6cb-6345-44ea-a0d4-5f314a967b77@group-3A2C0294070D:LeaderElection79] INFO  impl.RoleInfo (RoleInfo.java:updateAndGet(143)) - caeda6cb-6345-44ea-a0d4-5f314a967b77: start FollowerState
2019-09-25 05:07:28,199 [Thread-1445] INFO  impl.FollowerState (FollowerState.java:run(106)) - 59abef46-29ea-4eff-a512-e596f80f6db1:group-8F81A5CD80FE changes to CANDIDATE, lastRpcTime:5045, electionTimeout:5045ms
2019-09-25 05:07:28,199 [Thread-1445] INFO  impl.RoleInfo (RoleInfo.java:shutdownFollowerState(121)) - 59abef46-29ea-4eff-a512-e596f80f6db1: shutdown FollowerState
2019-09-25 05:07:28,200 [Thread-1445] INFO  impl.RaftServerImpl (RaftServerImpl.java:setRole(174)) - 59abef46-29ea-4eff-a512-e596f80f6db1@group-8F81A5CD80FE: changes role from  FOLLOWER to CANDIDATE at term 1 for changeToCandidate
2019-09-25 05:07:28,200 [Thread-1445] INFO  impl.RoleInfo (RoleInfo.java:updateAndGet(143)) - 59abef46-29ea-4eff-a512-e596f80f6db1: start LeaderElection
2019-09-25 05:07:28,333 [Thread-1446] INFO  impl.FollowerState (FollowerState.java:run(106)) - 158ad28b-aa8e-4172-b96b-cbb323932650:group-8F81A5CD80FE changes to CANDIDATE, lastRpcTime:5179, electionTimeout:5179ms
2019-09-25 05:07:28,333 [Thread-1446] INFO  impl.RoleInfo (RoleInfo.java:shutdownFollowerState(121)) - 158ad28b-aa8e-4172-b96b-cbb323932650: shutdown FollowerState
2019-09-25 05:07:28,334 [Thread-1446] INFO  impl.RaftServerImpl (RaftServerImpl.java:setRole(174)) - 158ad28b-aa8e-4172-b96b-cbb323932650@group-8F81A5CD80FE: changes role from  FOLLOWER to CANDIDATE at term 1 for changeToCandidate
2019-09-25 05:07:28,334 [Thread-1446] INFO  impl.RoleInfo (RoleInfo.java:updateAndGet(143)) - 158ad28b-aa8e-4172-b96b-cbb323932650: start LeaderElection
2019-09-25 05:07:28,335 [Thread-1444] INFO  impl.FollowerState (FollowerState.java:run(106)) - bc163c1a-f845-4c36-9592-f8e34b91970d:group-8F81A5CD80FE changes to CANDIDATE, lastRpcTime:5183, electionTimeout:5182ms
2019-09-25 05:07:28,336 [Thread-1444] INFO  impl.RoleInfo (RoleInfo.java:shutdownFollowerState(121)) - bc163c1a-f845-4c36-9592-f8e34b91970d: shutdown FollowerState
2019-09-25 05:07:28,336 [Thread-1444] INFO  impl.RaftServerImpl (RaftServerImpl.java:setRole(174)) - bc163c1a-f845-4c36-9592-f8e34b91970d@group-8F81A5CD80FE: changes role from  FOLLOWER to CANDIDATE at term 1 for changeToCandidate
2019-09-25 05:07:28,336 [Thread-1444] INFO  impl.RoleInfo (RoleInfo.java:updateAndGet(143)) - bc163c1a-f845-4c36-9592-f8e34b91970d: start LeaderElection
2019-09-25 05:07:28,581 [bc163c1a-f845-4c36-9592-f8e34b91970d@group-8F81A5CD80FE:LeaderElection84] INFO  impl.LeaderElection (LeaderElection.java:askForVotes(182)) - bc163c1a-f845-4c36-9592-f8e34b91970d@group-8F81A5CD80FE:LeaderElection84: begin an election at term 2 for -1: [bc163c1a-f845-4c36-9592-f8e34b91970d:192.168.36.126:38248, 158ad28b-aa8e-4172-b96b-cbb323932650:192.168.36.126:34188, 59abef46-29ea-4eff-a512-e596f80f6db1:192.168.36.126:38401], old=null
2019-09-25 05:07:28,581 [59abef46-29ea-4eff-a512-e596f80f6db1@group-8F81A5CD80FE:LeaderElection82] INFO  impl.LeaderElection (LeaderElection.java:askForVotes(182)) - 59abef46-29ea-4eff-a512-e596f80f6db1@group-8F81A5CD80FE:LeaderElection82: begin an election at term 2 for -1: [bc163c1a-f845-4c36-9592-f8e34b91970d:192.168.36.126:38248, 158ad28b-aa8e-4172-b96b-cbb323932650:192.168.36.126:34188, 59abef46-29ea-4eff-a512-e596f80f6db1:192.168.36.126:38401], old=null
2019-09-25 05:07:28,581 [158ad28b-aa8e-4172-b96b-cbb323932650@group-8F81A5CD80FE:LeaderElection83] INFO  impl.LeaderElection (LeaderElection.java:askForVotes(182)) - 158ad28b-aa8e-4172-b96b-cbb323932650@group-8F81A5CD80FE:LeaderElection83: begin an election at term 2 for -1: [bc163c1a-f845-4c36-9592-f8e34b91970d:192.168.36.126:38248, 158ad28b-aa8e-4172-b96b-cbb323932650:192.168.36.126:34188, 59abef46-29ea-4eff-a512-e596f80f6db1:192.168.36.126:38401], old=null
2019-09-25 05:07:28,587 [158ad28b-aa8e-4172-b96b-cbb323932650@group-8F81A5CD80FE:LeaderElection83] INFO  impl.LeaderElection (LeaderElection.java:logAndReturn(56)) - 158ad28b-aa8e-4172-b96b-cbb323932650@group-8F81A5CD80FE:LeaderElection83: Election REJECTED; received 2 response(s) [158ad28b-aa8e-4172-b96b-cbb323932650<-bc163c1a-f845-4c36-9592-f8e34b91970d#0:FAIL-t2, 158ad28b-aa8e-4172-b96b-cbb323932650<-59abef46-29ea-4eff-a512-e596f80f6db1#0:FAIL-t2] and 0 exception(s); 158ad28b-aa8e-4172-b96b-cbb323932650@group-8F81A5CD80FE:t2, leader=null, voted=158ad28b-aa8e-4172-b96b-cbb323932650, raftlog=158ad28b-aa8e-4172-b96b-cbb323932650@group-8F81A5CD80FE-SegmentedRaftLog:OPENED:c-1,f-1,i0, conf=-1: [bc163c1a-f845-4c36-9592-f8e34b91970d:192.168.36.126:38248, 158ad28b-aa8e-4172-b96b-cbb323932650:192.168.36.126:34188, 59abef46-29ea-4eff-a512-e596f80f6db1:192.168.36.126:38401], old=null
2019-09-25 05:07:28,587 [59abef46-29ea-4eff-a512-e596f80f6db1@group-8F81A5CD80FE:LeaderElection82] INFO  impl.LeaderElection (LeaderElection.java:logAndReturn(56)) - 59abef46-29ea-4eff-a512-e596f80f6db1@group-8F81A5CD80FE:LeaderElection82: Election REJECTED; received 2 response(s) [59abef46-29ea-4eff-a512-e596f80f6db1<-bc163c1a-f845-4c36-9592-f8e34b91970d#0:FAIL-t2, 59abef46-29ea-4eff-a512-e596f80f6db1<-158ad28b-aa8e-4172-b96b-cbb323932650#0:FAIL-t2] and 0 exception(s); 59abef46-29ea-4eff-a512-e596f80f6db1@group-8F81A5CD80FE:t2, leader=null, voted=59abef46-29ea-4eff-a512-e596f80f6db1, raftlog=59abef46-29ea-4eff-a512-e596f80f6db1@group-8F81A5CD80FE-SegmentedRaftLog:OPENED:c-1,f-1,i0, conf=-1: [bc163c1a-f845-4c36-9592-f8e34b91970d:192.168.36.126:38248, 158ad28b-aa8e-4172-b96b-cbb323932650:192.168.36.126:34188, 59abef46-29ea-4eff-a512-e596f80f6db1:192.168.36.126:38401], old=null
2019-09-25 05:07:28,587 [158ad28b-aa8e-4172-b96b-cbb323932650@group-8F81A5CD80FE:LeaderElection83] INFO  impl.RaftServerImpl (RaftServerImpl.java:setRole(174)) - 158ad28b-aa8e-4172-b96b-cbb323932650@group-8F81A5CD80FE: changes role from CANDIDATE to FOLLOWER at term 2 for DISCOVERED_A_NEW_TERM
2019-09-25 05:07:28,587 [59abef46-29ea-4eff-a512-e596f80f6db1@group-8F81A5CD80FE:LeaderElection82] INFO  impl.RaftServerImpl (RaftServerImpl.java:setRole(174)) - 59abef46-29ea-4eff-a512-e596f80f6db1@group-8F81A5CD80FE: changes role from CANDIDATE to FOLLOWER at term 2 for DISCOVERED_A_NEW_TERM
2019-09-25 05:07:28,588 [158ad28b-aa8e-4172-b96b-cbb323932650@group-8F81A5CD80FE:LeaderElection83] INFO  impl.RoleInfo (RoleInfo.java:shutdownLeaderElection(134)) - 158ad28b-aa8e-4172-b96b-cbb323932650: shutdown LeaderElection
2019-09-25 05:07:28,588 [59abef46-29ea-4eff-a512-e596f80f6db1@group-8F81A5CD80FE:LeaderElection82] INFO  impl.RoleInfo (RoleInfo.java:shutdownLeaderElection(134)) - 59abef46-29ea-4eff-a512-e596f80f6db1: shutdown LeaderElection
2019-09-25 05:07:28,588 [158ad28b-aa8e-4172-b96b-cbb323932650@group-8F81A5CD80FE:LeaderElection83] INFO  impl.RoleInfo (RoleInfo.java:updateAndGet(143)) - 158ad28b-aa8e-4172-b96b-cbb323932650: start FollowerState
2019-09-25 05:07:28,588 [59abef46-29ea-4eff-a512-e596f80f6db1@group-8F81A5CD80FE:LeaderElection82] INFO  impl.RoleInfo (RoleInfo.java:updateAndGet(143)) - 59abef46-29ea-4eff-a512-e596f80f6db1: start FollowerState
2019-09-25 05:07:28,588 [bc163c1a-f845-4c36-9592-f8e34b91970d@group-8F81A5CD80FE:LeaderElection84] INFO  impl.LeaderElection (LeaderElection.java:logAndReturn(56)) - bc163c1a-f845-4c36-9592-f8e34b91970d@group-8F81A5CD80FE:LeaderElection84: Election REJECTED; received 2 response(s) [bc163c1a-f845-4c36-9592-f8e34b91970d<-158ad28b-aa8e-4172-b96b-cbb323932650#0:FAIL-t2, bc163c1a-f845-4c36-9592-f8e34b91970d<-59abef46-29ea-4eff-a512-e596f80f6db1#0:FAIL-t2] and 0 exception(s); bc163c1a-f845-4c36-9592-f8e34b91970d@group-8F81A5CD80FE:t2, leader=null, voted=bc163c1a-f845-4c36-9592-f8e34b91970d, raftlog=bc163c1a-f845-4c36-9592-f8e34b91970d@group-8F81A5CD80FE-SegmentedRaftLog:OPENED:c-1,f-1,i0, conf=-1: [bc163c1a-f845-4c36-9592-f8e34b91970d:192.168.36.126:38248, 158ad28b-aa8e-4172-b96b-cbb323932650:192.168.36.126:34188, 59abef46-29ea-4eff-a512-e596f80f6db1:192.168.36.126:38401], old=null
2019-09-25 05:07:28,588 [bc163c1a-f845-4c36-9592-f8e34b91970d@group-8F81A5CD80FE:LeaderElection84] INFO  impl.RaftServerImpl (RaftServerImpl.java:setRole(174)) - bc163c1a-f845-4c36-9592-f8e34b91970d@group-8F81A5CD80FE: changes role from CANDIDATE to FOLLOWER at term 2 for DISCOVERED_A_NEW_TERM
2019-09-25 05:07:28,588 [bc163c1a-f845-4c36-9592-f8e34b91970d@group-8F81A5CD80FE:LeaderElection84] INFO  impl.RoleInfo (RoleInfo.java:shutdownLeaderElection(134)) - bc163c1a-f845-4c36-9592-f8e34b91970d: shutdown LeaderElection
2019-09-25 05:07:28,588 [bc163c1a-f845-4c36-9592-f8e34b91970d@group-8F81A5CD80FE:LeaderElection84] INFO  impl.RoleInfo (RoleInfo.java:updateAndGet(143)) - bc163c1a-f845-4c36-9592-f8e34b91970d: start FollowerState
2019-09-25 05:07:29,146 [Thread-1460] INFO  impl.FollowerState (FollowerState.java:run(106)) - caeda6cb-6345-44ea-a0d4-5f314a967b77:group-3A2C0294070D changes to CANDIDATE, lastRpcTime:5114, electionTimeout:5114ms
2019-09-25 05:07:29,147 [Thread-1460] INFO  impl.RoleInfo (RoleInfo.java:shutdownFollowerState(121)) - caeda6cb-6345-44ea-a0d4-5f314a967b77: shutdown FollowerState
2019-09-25 05:07:29,147 [Thread-1460] INFO  impl.RaftServerImpl (RaftServerImpl.java:setRole(174)) - caeda6cb-6345-44ea-a0d4-5f314a967b77@group-3A2C0294070D: changes role from  FOLLOWER to CANDIDATE at term 1 for changeToCandidate
2019-09-25 05:07:29,148 [Thread-1460] INFO  impl.RoleInfo (RoleInfo.java:updateAndGet(143)) - caeda6cb-6345-44ea-a0d4-5f314a967b77: start LeaderElection
2019-09-25 05:07:29,148 [Thread-1458] INFO  impl.FollowerState (FollowerState.java:run(106)) - d10fc367-6717-4be7-9c4c-7b0b4f4b0759:group-3A2C0294070D changes to CANDIDATE, lastRpcTime:5117, electionTimeout:5117ms
2019-09-25 05:07:29,149 [Thread-1458] INFO  impl.RoleInfo (RoleInfo.java:shutdownFollowerState(121)) - d10fc367-6717-4be7-9c4c-7b0b4f4b0759: shutdown FollowerState
2019-09-25 05:07:29,149 [Thread-1458] INFO  impl.RaftServerImpl (RaftServerImpl.java:setRole(174)) - d10fc367-6717-4be7-9c4c-7b0b4f4b0759@group-3A2C0294070D: changes role from  FOLLOWER to CANDIDATE at term 1 for changeToCandidate
2019-09-25 05:07:29,149 [Thread-1458] INFO  impl.RoleInfo (RoleInfo.java:updateAndGet(143)) - d10fc367-6717-4be7-9c4c-7b0b4f4b0759: start LeaderElection
2019-09-25 05:07:29,220 [Thread-1459] INFO  impl.FollowerState (FollowerState.java:run(106)) - c0eca757-0426-4809-8d60-c283fabf02c6:group-3A2C0294070D changes to CANDIDATE, lastRpcTime:5188, electionTimeout:5188ms
2019-09-25 05:07:29,220 [Thread-1459] INFO  impl.RoleInfo (RoleInfo.java:shutdownFollowerState(121)) - c0eca757-0426-4809-8d60-c283fabf02c6: shutdown FollowerState
2019-09-25 05:07:29,220 [Thread-1459] INFO  impl.RaftServerImpl (RaftServerImpl.java:setRole(174)) - c0eca757-0426-4809-8d60-c283fabf02c6@group-3A2C0294070D: changes role from  FOLLOWER to CANDIDATE at term 1 for changeToCandidate
2019-09-25 05:07:29,221 [Thread-1459] INFO  impl.RoleInfo (RoleInfo.java:updateAndGet(143)) - c0eca757-0426-4809-8d60-c283fabf02c6: start LeaderElection
2019-09-25 05:07:29,614 [c0eca757-0426-4809-8d60-c283fabf02c6@group-3A2C0294070D:LeaderElection87] INFO  impl.LeaderElection (LeaderElection.java:askForVotes(182)) - c0eca757-0426-4809-8d60-c283fabf02c6@group-3A2C0294070D:LeaderElection87: begin an election at term 2 for -1: [d10fc367-6717-4be7-9c4c-7b0b4f4b0759:192.168.36.126:35315, c0eca757-0426-4809-8d60-c283fabf02c6:192.168.36.126:34880, caeda6cb-6345-44ea-a0d4-5f314a967b77:192.168.36.126:40532], old=null
2019-09-25 05:07:29,614 [d10fc367-6717-4be7-9c4c-7b0b4f4b0759@group-3A2C0294070D:LeaderElection86] INFO  impl.LeaderElection (LeaderElection.java:askForVotes(182)) - d10fc367-6717-4be7-9c4c-7b0b4f4b0759@group-3A2C0294070D:LeaderElection86: begin an election at term 2 for -1: [d10fc367-6717-4be7-9c4c-7b0b4f4b0759:192.168.36.126:35315, c0eca757-0426-4809-8d60-c283fabf02c6:192.168.36.126:34880, caeda6cb-6345-44ea-a0d4-5f314a967b77:192.168.36.126:40532], old=null
2019-09-25 05:07:29,614 [caeda6cb-6345-44ea-a0d4-5f314a967b77@group-3A2C0294070D:LeaderElection85] INFO  impl.LeaderElection (LeaderElection.java:askForVotes(182)) - caeda6cb-6345-44ea-a0d4-5f314a967b77@group-3A2C0294070D:LeaderElection85: begin an election at term 2 for -1: [d10fc367-6717-4be7-9c4c-7b0b4f4b0759:192.168.36.126:35315, c0eca757-0426-4809-8d60-c283fabf02c6:192.168.36.126:34880, caeda6cb-6345-44ea-a0d4-5f314a967b77:192.168.36.126:40532], old=null
2019-09-25 05:07:29,621 [caeda6cb-6345-44ea-a0d4-5f314a967b77@group-3A2C0294070D:LeaderElection85] INFO  impl.LeaderElection (LeaderElection.java:logAndReturn(56)) - caeda6cb-6345-44ea-a0d4-5f314a967b77@group-3A2C0294070D:LeaderElection85: Election REJECTED; received 2 response(s) [caeda6cb-6345-44ea-a0d4-5f314a967b77<-d10fc367-6717-4be7-9c4c-7b0b4f4b0759#0:FAIL-t2, caeda6cb-6345-44ea-a0d4-5f314a967b77<-c0eca757-0426-4809-8d60-c283fabf02c6#0:FAIL-t2] and 0 exception(s); caeda6cb-6345-44ea-a0d4-5f314a967b77@group-3A2C0294070D:t2, leader=null, voted=caeda6cb-6345-44ea-a0d4-5f314a967b77, raftlog=caeda6cb-6345-44ea-a0d4-5f314a967b77@group-3A2C0294070D-SegmentedRaftLog:OPENED:c-1,f-1,i0, conf=-1: [d10fc367-6717-4be7-9c4c-7b0b4f4b0759:192.168.36.126:35315, c0eca757-0426-4809-8d60-c283fabf02c6:192.168.36.126:34880, caeda6cb-6345-44ea-a0d4-5f314a967b77:192.168.36.126:40532], old=null
2019-09-25 05:07:29,621 [c0eca757-0426-4809-8d60-c283fabf02c6@group-3A2C0294070D:LeaderElection87] INFO  impl.LeaderElection (LeaderElection.java:logAndReturn(56)) - c0eca757-0426-4809-8d60-c283fabf02c6@group-3A2C0294070D:LeaderElection87: Election REJECTED; received 2 response(s) [c0eca757-0426-4809-8d60-c283fabf02c6<-d10fc367-6717-4be7-9c4c-7b0b4f4b0759#0:FAIL-t2, c0eca757-0426-4809-8d60-c283fabf02c6<-caeda6cb-6345-44ea-a0d4-5f314a967b77#0:FAIL-t2] and 0 exception(s); c0eca757-0426-4809-8d60-c283fabf02c6@group-3A2C0294070D:t2, leader=null, voted=c0eca757-0426-4809-8d60-c283fabf02c6, raftlog=c0eca757-0426-4809-8d60-c283fabf02c6@group-3A2C0294070D-SegmentedRaftLog:OPENED:c-1,f-1,i0, conf=-1: [d10fc367-6717-4be7-9c4c-7b0b4f4b0759:192.168.36.126:35315, c0eca757-0426-4809-8d60-c283fabf02c6:192.168.36.126:34880, caeda6cb-6345-44ea-a0d4-5f314a967b77:192.168.36.126:40532], old=null
2019-09-25 05:07:29,621 [caeda6cb-6345-44ea-a0d4-5f314a967b77@group-3A2C0294070D:LeaderElection85] INFO  impl.RaftServerImpl (RaftServerImpl.java:setRole(174)) - caeda6cb-6345-44ea-a0d4-5f314a967b77@group-3A2C0294070D: changes role from CANDIDATE to FOLLOWER at term 2 for DISCOVERED_A_NEW_TERM
2019-09-25 05:07:29,622 [d10fc367-6717-4be7-9c4c-7b0b4f4b0759@group-3A2C0294070D:LeaderElection86] INFO  impl.LeaderElection (LeaderElection.java:logAndReturn(56)) - d10fc367-6717-4be7-9c4c-7b0b4f4b0759@group-3A2C0294070D:LeaderElection86: Election REJECTED; received 2 response(s) [d10fc367-6717-4be7-9c4c-7b0b4f4b0759<-c0eca757-0426-4809-8d60-c283fabf02c6#0:FAIL-t2, d10fc367-6717-4be7-9c4c-7b0b4f4b0759<-caeda6cb-6345-44ea-a0d4-5f314a967b77#0:FAIL-t2] and 0 exception(s); d10fc367-6717-4be7-9c4c-7b0b4f4b0759@group-3A2C0294070D:t2, leader=null, voted=d10fc367-6717-4be7-9c4c-7b0b4f4b0759, raftlog=d10fc367-6717-4be7-9c4c-7b0b4f4b0759@group-3A2C0294070D-SegmentedRaftLog:OPENED:c-1,f-1,i0, conf=-1: [d10fc367-6717-4be7-9c4c-7b0b4f4b0759:192.168.36.126:35315, c0eca757-0426-4809-8d60-c283fabf02c6:192.168.36.126:34880, caeda6cb-6345-44ea-a0d4-5f314a967b77:192.168.36.126:40532], old=null
2019-09-25 05:07:29,622 [c0eca757-0426-4809-8d60-c283fabf02c6@group-3A2C0294070D:LeaderElection87] INFO  impl.RaftServerImpl (RaftServerImpl.java:setRole(174)) - c0eca757-0426-4809-8d60-c283fabf02c6@group-3A2C0294070D: changes role from CANDIDATE to FOLLOWER at term 2 for DISCOVERED_A_NEW_TERM
2019-09-25 05:07:29,622 [d10fc367-6717-4be7-9c4c-7b0b4f4b0759@group-3A2C0294070D:LeaderElection86] INFO  impl.RaftServerImpl (RaftServerImpl.java:setRole(174)) - d10fc367-6717-4be7-9c4c-7b0b4f4b0759@group-3A2C0294070D: changes role from CANDIDATE to FOLLOWER at term 2 for DISCOVERED_A_NEW_TERM
2019-09-25 05:07:29,622 [caeda6cb-6345-44ea-a0d4-5f314a967b77@group-3A2C0294070D:LeaderElection85] INFO  impl.RoleInfo (RoleInfo.java:shutdownLeaderElection(134)) - caeda6cb-6345-44ea-a0d4-5f314a967b77: shutdown LeaderElection
2019-09-25 05:07:29,622 [d10fc367-6717-4be7-9c4c-7b0b4f4b0759@group-3A2C0294070D:LeaderElection86] INFO  impl.RoleInfo (RoleInfo.java:shutdownLeaderElection(134)) - d10fc367-6717-4be7-9c4c-7b0b4f4b0759: shutdown LeaderElection
2019-09-25 05:07:29,622 [c0eca757-0426-4809-8d60-c283fabf02c6@group-3A2C0294070D:LeaderElection87] INFO  impl.RoleInfo (RoleInfo.java:shutdownLeaderElection(134)) - c0eca757-0426-4809-8d60-c283fabf02c6: shutdown LeaderElection
2019-09-25 05:07:29,623 [d10fc367-6717-4be7-9c4c-7b0b4f4b0759@group-3A2C0294070D:LeaderElection86] INFO  impl.RoleInfo (RoleInfo.java:updateAndGet(143)) - d10fc367-6717-4be7-9c4c-7b0b4f4b0759: start FollowerState
2019-09-25 05:07:29,623 [caeda6cb-6345-44ea-a0d4-5f314a967b77@group-3A2C0294070D:LeaderElection85] INFO  impl.RoleInfo (RoleInfo.java:updateAndGet(143)) - caeda6cb-6345-44ea-a0d4-5f314a967b77: start FollowerState
2019-09-25 05:07:29,623 [c0eca757-0426-4809-8d60-c283fabf02c6@group-3A2C0294070D:LeaderElection87] INFO  impl.RoleInfo (RoleInfo.java:updateAndGet(143)) - c0eca757-0426-4809-8d60-c283fabf02c6: start FollowerState
2019-09-25 05:07:33,748 [Thread-1478] INFO  impl.FollowerState (FollowerState.java:run(106)) - 158ad28b-aa8e-4172-b96b-cbb323932650:group-8F81A5CD80FE changes to CANDIDATE, lastRpcTime:5160, electionTimeout:5160ms
2019-09-25 05:07:33,749 [Thread-1478] INFO  impl.RoleInfo (RoleInfo.java:shutdownFollowerState(121)) - 158ad28b-aa8e-4172-b96b-cbb323932650: shutdown FollowerState
2019-09-25 05:07:33,749 [Thread-1478] INFO  impl.RaftServerImpl (RaftServerImpl.java:setRole(174)) - 158ad28b-aa8e-4172-b96b-cbb323932650@group-8F81A5CD80FE: changes role from  FOLLOWER to CANDIDATE at term 2 for changeToCandidate
2019-09-25 05:07:33,749 [Thread-1478] INFO  impl.RoleInfo (RoleInfo.java:updateAndGet(143)) - 158ad28b-aa8e-4172-b96b-cbb323932650: start LeaderElection
2019-09-25 05:07:33,752 [Thread-1480] INFO  impl.FollowerState (FollowerState.java:run(106)) - bc163c1a-f845-4c36-9592-f8e34b91970d:group-8F81A5CD80FE changes to CANDIDATE, lastRpcTime:5163, electionTimeout:5163ms
2019-09-25 05:07:33,752 [Thread-1480] INFO  impl.RoleInfo (RoleInfo.java:shutdownFollowerState(121)) - bc163c1a-f845-4c36-9592-f8e34b91970d: shutdown FollowerState
2019-09-25 05:07:33,752 [Thread-1480] INFO  impl.RaftServerImpl (RaftServerImpl.java:setRole(174)) - bc163c1a-f845-4c36-9592-f8e34b91970d@group-8F81A5CD80FE: changes role from  FOLLOWER to CANDIDATE at term 2 for changeToCandidate
2019-09-25 05:07:33,752 [Thread-1480] INFO  impl.RoleInfo (RoleInfo.java:updateAndGet(143)) - bc163c1a-f845-4c36-9592-f8e34b91970d: start LeaderElection
2019-09-25 05:07:33,785 [Thread-1479] INFO  impl.FollowerState (FollowerState.java:run(106)) - 59abef46-29ea-4eff-a512-e596f80f6db1:group-8F81A5CD80FE changes to CANDIDATE, lastRpcTime:5196, electionTimeout:5196ms
2019-09-25 05:07:33,785 [Thread-1479] INFO  impl.RoleInfo (RoleInfo.java:shutdownFollowerState(121)) - 59abef46-29ea-4eff-a512-e596f80f6db1: shutdown FollowerState
2019-09-25 05:07:33,785 [Thread-1479] INFO  impl.RaftServerImpl (RaftServerImpl.java:setRole(174)) - 59abef46-29ea-4eff-a512-e596f80f6db1@group-8F81A5CD80FE: changes role from  FOLLOWER to CANDIDATE at term 2 for changeToCandidate
2019-09-25 05:07:33,785 [Thread-1479] INFO  impl.RoleInfo (RoleInfo.java:updateAndGet(143)) - 59abef46-29ea-4eff-a512-e596f80f6db1: start LeaderElection
2019-09-25 05:07:34,091 [bc163c1a-f845-4c36-9592-f8e34b91970d@group-8F81A5CD80FE:LeaderElection89] INFO  impl.LeaderElection (LeaderElection.java:askForVotes(182)) - bc163c1a-f845-4c36-9592-f8e34b91970d@group-8F81A5CD80FE:LeaderElection89: begin an election at term 3 for -1: [bc163c1a-f845-4c36-9592-f8e34b91970d:192.168.36.126:38248, 158ad28b-aa8e-4172-b96b-cbb323932650:192.168.36.126:34188, 59abef46-29ea-4eff-a512-e596f80f6db1:192.168.36.126:38401], old=null
2019-09-25 05:07:34,091 [59abef46-29ea-4eff-a512-e596f80f6db1@group-8F81A5CD80FE:LeaderElection90] INFO  impl.LeaderElection (LeaderElection.java:askForVotes(182)) - 59abef46-29ea-4eff-a512-e596f80f6db1@group-8F81A5CD80FE:LeaderElection90: begin an election at term 3 for -1: [bc163c1a-f845-4c36-9592-f8e34b91970d:192.168.36.126:38248, 158ad28b-aa8e-4172-b96b-cbb323932650:192.168.36.126:34188, 59abef46-29ea-4eff-a512-e596f80f6db1:192.168.36.126:38401], old=null
2019-09-25 05:07:34,091 [158ad28b-aa8e-4172-b96b-cbb323932650@group-8F81A5CD80FE:LeaderElection88] INFO  impl.LeaderElection (LeaderElection.java:askForVotes(182)) - 158ad28b-aa8e-4172-b96b-cbb323932650@group-8F81A5CD80FE:LeaderElection88: begin an election at term 3 for -1: [bc163c1a-f845-4c36-9592-f8e34b91970d:192.168.36.126:38248, 158ad28b-aa8e-4172-b96b-cbb323932650:192.168.36.126:34188, 59abef46-29ea-4eff-a512-e596f80f6db1:192.168.36.126:38401], old=null
2019-09-25 05:07:34,096 [bc163c1a-f845-4c36-9592-f8e34b91970d@group-8F81A5CD80FE:LeaderElection89] INFO  impl.LeaderElection (LeaderElection.java:logAndReturn(56)) - bc163c1a-f845-4c36-9592-f8e34b91970d@group-8F81A5CD80FE:LeaderElection89: Election REJECTED; received 2 response(s) [bc163c1a-f845-4c36-9592-f8e34b91970d<-158ad28b-aa8e-4172-b96b-cbb323932650#0:FAIL-t3, bc163c1a-f845-4c36-9592-f8e34b91970d<-59abef46-29ea-4eff-a512-e596f80f6db1#0:FAIL-t3] and 0 exception(s); bc163c1a-f845-4c36-9592-f8e34b91970d@group-8F81A5CD80FE:t3, leader=null, voted=bc163c1a-f845-4c36-9592-f8e34b91970d, raftlog=bc163c1a-f845-4c36-9592-f8e34b91970d@group-8F81A5CD80FE-SegmentedRaftLog:OPENED:c-1,f-1,i0, conf=-1: [bc163c1a-f845-4c36-9592-f8e34b91970d:192.168.36.126:38248, 158ad28b-aa8e-4172-b96b-cbb323932650:192.168.36.126:34188, 59abef46-29ea-4eff-a512-e596f80f6db1:192.168.36.126:38401], old=null
2019-09-25 05:07:34,096 [bc163c1a-f845-4c36-9592-f8e34b91970d@group-8F81A5CD80FE:LeaderElection89] INFO  impl.RaftServerImpl (RaftServerImpl.java:setRole(174)) - bc163c1a-f845-4c36-9592-f8e34b91970d@group-8F81A5CD80FE: changes role from CANDIDATE to FOLLOWER at term 3 for DISCOVERED_A_NEW_TERM
2019-09-25 05:07:34,096 [bc163c1a-f845-4c36-9592-f8e34b91970d@group-8F81A5CD80FE:LeaderElection89] INFO  impl.RoleInfo (RoleInfo.java:shutdownLeaderElection(134)) - bc163c1a-f845-4c36-9592-f8e34b91970d: shutdown LeaderElection
2019-09-25 05:07:34,096 [59abef46-29ea-4eff-a512-e596f80f6db1@group-8F81A5CD80FE:LeaderElection90] INFO  impl.LeaderElection (LeaderElection.java:logAndReturn(56)) - 59abef46-29ea-4eff-a512-e596f80f6db1@group-8F81A5CD80FE:LeaderElection90: Election REJECTED; received 2 response(s) [59abef46-29ea-4eff-a512-e596f80f6db1<-158ad28b-aa8e-4172-b96b-cbb323932650#0:FAIL-t3, 59abef46-29ea-4eff-a512-e596f80f6db1<-bc163c1a-f845-4c36-9592-f8e34b91970d#0:FAIL-t3] and 0 exception(s); 59abef46-29ea-4eff-a512-e596f80f6db1@group-8F81A5CD80FE:t3, leader=null, voted=59abef46-29ea-4eff-a512-e596f80f6db1, raftlog=59abef46-29ea-4eff-a512-e596f80f6db1@group-8F81A5CD80FE-SegmentedRaftLog:OPENED:c-1,f-1,i0, conf=-1: [bc163c1a-f845-4c36-9592-f8e34b91970d:192.168.36.126:38248, 158ad28b-aa8e-4172-b96b-cbb323932650:192.168.36.126:34188, 59abef46-29ea-4eff-a512-e596f80f6db1:192.168.36.126:38401], old=null
2019-09-25 05:07:34,096 [bc163c1a-f845-4c36-9592-f8e34b91970d@group-8F81A5CD80FE:LeaderElection89] INFO  impl.RoleInfo (RoleInfo.java:updateAndGet(143)) - bc163c1a-f845-4c36-9592-f8e34b91970d: start FollowerState
2019-09-25 05:07:34,096 [158ad28b-aa8e-4172-b96b-cbb323932650@group-8F81A5CD80FE:LeaderElection88] INFO  impl.LeaderElection (LeaderElection.java:logAndReturn(56)) - 158ad28b-aa8e-4172-b96b-cbb323932650@group-8F81A5CD80FE:LeaderElection88: Election REJECTED; received 2 response(s) [158ad28b-aa8e-4172-b96b-cbb323932650<-bc163c1a-f845-4c36-9592-f8e34b91970d#0:FAIL-t3, 158ad28b-aa8e-4172-b96b-cbb323932650<-59abef46-29ea-4eff-a512-e596f80f6db1#0:FAIL-t3] and 0 exception(s); 158ad28b-aa8e-4172-b96b-cbb323932650@group-8F81A5CD80FE:t3, leader=null, voted=158ad28b-aa8e-4172-b96b-cbb323932650, raftlog=158ad28b-aa8e-4172-b96b-cbb323932650@group-8F81A5CD80FE-SegmentedRaftLog:OPENED:c-1,f-1,i0, conf=-1: [bc163c1a-f845-4c36-9592-f8e34b91970d:192.168.36.126:38248, 158ad28b-aa8e-4172-b96b-cbb323932650:192.168.36.126:34188, 59abef46-29ea-4eff-a512-e596f80f6db1:192.168.36.126:38401], old=null
2019-09-25 05:07:34,096 [59abef46-29ea-4eff-a512-e596f80f6db1@group-8F81A5CD80FE:LeaderElection90] INFO  impl.RaftServerImpl (RaftServerImpl.java:setRole(174)) - 59abef46-29ea-4eff-a512-e596f80f6db1@group-8F81A5CD80FE: changes role from CANDIDATE to FOLLOWER at term 3 for DISCOVERED_A_NEW_TERM
2019-09-25 05:07:34,097 [158ad28b-aa8e-4172-b96b-cbb323932650@group-8F81A5CD80FE:LeaderElection88] INFO  impl.RaftServerImpl (RaftServerImpl.java:setRole(174)) - 158ad28b-aa8e-4172-b96b-cbb323932650@group-8F81A5CD80FE: changes role from CANDIDATE to FOLLOWER at term 3 for DISCOVERED_A_NEW_TERM
2019-09-25 05:07:34,097 [59abef46-29ea-4eff-a512-e596f80f6db1@group-8F81A5CD80FE:LeaderElection90] INFO  impl.RoleInfo (RoleInfo.java:shutdownLeaderElection(134)) - 59abef46-29ea-4eff-a512-e596f80f6db1: shutdown LeaderElection
2019-09-25 05:07:34,097 [158ad28b-aa8e-4172-b96b-cbb323932650@group-8F81A5CD80FE:LeaderElection88] INFO  impl.RoleInfo (RoleInfo.java:shutdownLeaderElection(134)) - 158ad28b-aa8e-4172-b96b-cbb323932650: shutdown LeaderElection
2019-09-25 05:07:34,097 [59abef46-29ea-4eff-a512-e596f80f6db1@group-8F81A5CD80FE:LeaderElection90] INFO  impl.RoleInfo (RoleInfo.java:updateAndGet(143)) - 59abef46-29ea-4eff-a512-e596f80f6db1: start FollowerState
2019-09-25 05:07:34,097 [158ad28b-aa8e-4172-b96b-cbb323932650@group-8F81A5CD80FE:LeaderElection88] INFO  impl.RoleInfo (RoleInfo.java:updateAndGet(143)) - 158ad28b-aa8e-4172-b96b-cbb323932650: start FollowerState
2019-09-25 05:07:34,650 [Thread-1494] INFO  impl.FollowerState (FollowerState.java:run(106)) - c0eca757-0426-4809-8d60-c283fabf02c6:group-3A2C0294070D changes to CANDIDATE, lastRpcTime:5027, electionTimeout:5026ms
2019-09-25 05:07:34,650 [Thread-1494] INFO  impl.RoleInfo (RoleInfo.java:shutdownFollowerState(121)) - c0eca757-0426-4809-8d60-c283fabf02c6: shutdown FollowerState
2019-09-25 05:07:34,650 [Thread-1494] INFO  impl.RaftServerImpl (RaftServerImpl.java:setRole(174)) - c0eca757-0426-4809-8d60-c283fabf02c6@group-3A2C0294070D: changes role from  FOLLOWER to CANDIDATE at term 2 for changeToCandidate
2019-09-25 05:07:34,651 [Thread-1494] INFO  impl.RoleInfo (RoleInfo.java:updateAndGet(143)) - c0eca757-0426-4809-8d60-c283fabf02c6: start LeaderElection
2019-09-25 05:07:34,736 [Thread-1492] INFO  impl.FollowerState (FollowerState.java:run(106)) - caeda6cb-6345-44ea-a0d4-5f314a967b77:group-3A2C0294070D changes to CANDIDATE, lastRpcTime:5113, electionTimeout:5113ms
2019-09-25 05:07:34,737 [Thread-1492] INFO  impl.RoleInfo (RoleInfo.java:shutdownFollowerState(121)) - caeda6cb-6345-44ea-a0d4-5f314a967b77: shutdown FollowerState
2019-09-25 05:07:34,737 [Thread-1492] INFO  impl.RaftServerImpl (RaftServerImpl.java:setRole(174)) - caeda6cb-6345-44ea-a0d4-5f314a967b77@group-3A2C0294070D: changes role from  FOLLOWER to CANDIDATE at term 2 for changeToCandidate
2019-09-25 05:07:34,737 [Thread-1492] INFO  impl.RoleInfo (RoleInfo.java:updateAndGet(143)) - caeda6cb-6345-44ea-a0d4-5f314a967b77: start LeaderElection
2019-09-25 05:07:34,796 [Thread-1493] INFO  impl.FollowerState (FollowerState.java:run(106)) - d10fc367-6717-4be7-9c4c-7b0b4f4b0759:group-3A2C0294070D changes to CANDIDATE, lastRpcTime:5173, electionTimeout:5173ms
2019-09-25 05:07:34,796 [Thread-1493] INFO  impl.RoleInfo (RoleInfo.java:shutdownFollowerState(121)) - d10fc367-6717-4be7-9c4c-7b0b4f4b0759: shutdown FollowerState
2019-09-25 05:07:34,797 [Thread-1493] INFO  impl.RaftServerImpl (RaftServerImpl.java:setRole(174)) - d10fc367-6717-4be7-9c4c-7b0b4f4b0759@group-3A2C0294070D: changes role from  FOLLOWER to CANDIDATE at term 2 for changeToCandidate
2019-09-25 05:07:34,797 [Thread-1493] INFO  impl.RoleInfo (RoleInfo.java:updateAndGet(143)) - d10fc367-6717-4be7-9c4c-7b0b4f4b0759: start LeaderElection
2019-09-25 05:07:35,171 [d10fc367-6717-4be7-9c4c-7b0b4f4b0759@group-3A2C0294070D:LeaderElection93] INFO  impl.LeaderElection (LeaderElection.java:askForVotes(182)) - d10fc367-6717-4be7-9c4c-7b0b4f4b0759@group-3A2C0294070D:LeaderElection93: begin an election at term 3 for -1: [d10fc367-6717-4be7-9c4c-7b0b4f4b0759:192.168.36.126:35315, c0eca757-0426-4809-8d60-c283fabf02c6:192.168.36.126:34880, caeda6cb-6345-44ea-a0d4-5f314a967b77:192.168.36.126:40532], old=null
2019-09-25 05:07:35,171 [c0eca757-0426-4809-8d60-c283fabf02c6@group-3A2C0294070D:LeaderElection91] INFO  impl.LeaderElection (LeaderElection.java:askForVotes(182)) - c0eca757-0426-4809-8d60-c283fabf02c6@group-3A2C0294070D:LeaderElection91: begin an election at term 3 for -1: [d10fc367-6717-4be7-9c4c-7b0b4f4b0759:192.168.36.126:35315, c0eca757-0426-4809-8d60-c283fabf02c6:192.168.36.126:34880, caeda6cb-6345-44ea-a0d4-5f314a967b77:192.168.36.126:40532], old=null
2019-09-25 05:07:35,171 [caeda6cb-6345-44ea-a0d4-5f314a967b77@group-3A2C0294070D:LeaderElection92] INFO  impl.LeaderElection (LeaderElection.java:askForVotes(182)) - caeda6cb-6345-44ea-a0d4-5f314a967b77@group-3A2C0294070D:LeaderElection92: begin an election at term 3 for -1: [d10fc367-6717-4be7-9c4c-7b0b4f4b0759:192.168.36.126:35315, c0eca757-0426-4809-8d60-c283fabf02c6:192.168.36.126:34880, caeda6cb-6345-44ea-a0d4-5f314a967b77:192.168.36.126:40532], old=null
2019-09-25 05:07:35,176 [c0eca757-0426-4809-8d60-c283fabf02c6@group-3A2C0294070D:LeaderElection91] INFO  impl.LeaderElection (LeaderElection.java:logAndReturn(56)) - c0eca757-0426-4809-8d60-c283fabf02c6@group-3A2C0294070D:LeaderElection91: Election REJECTED; received 2 response(s) [c0eca757-0426-4809-8d60-c283fabf02c6<-d10fc367-6717-4be7-9c4c-7b0b4f4b0759#0:FAIL-t3, c0eca757-0426-4809-8d60-c283fabf02c6<-caeda6cb-6345-44ea-a0d4-5f314a967b77#0:FAIL-t3] and 0 exception(s); c0eca757-0426-4809-8d60-c283fabf02c6@group-3A2C0294070D:t3, leader=null, voted=c0eca757-0426-4809-8d60-c283fabf02c6, raftlog=c0eca757-0426-4809-8d60-c283fabf02c6@group-3A2C0294070D-SegmentedRaftLog:OPENED:c-1,f-1,i0, conf=-1: [d10fc367-6717-4be7-9c4c-7b0b4f4b0759:192.168.36.126:35315, c0eca757-0426-4809-8d60-c283fabf02c6:192.168.36.126:34880, caeda6cb-6345-44ea-a0d4-5f314a967b77:192.168.36.126:40532], old=null
2019-09-25 05:07:35,176 [d10fc367-6717-4be7-9c4c-7b0b4f4b0759@group-3A2C0294070D:LeaderElection93] INFO  impl.LeaderElection (LeaderElection.java:logAndReturn(56)) - d10fc367-6717-4be7-9c4c-7b0b4f4b0759@group-3A2C0294070D:LeaderElection93: Election REJECTED; received 2 response(s) [d10fc367-6717-4be7-9c4c-7b0b4f4b0759<-c0eca757-0426-4809-8d60-c283fabf02c6#0:FAIL-t3, d10fc367-6717-4be7-9c4c-7b0b4f4b0759<-caeda6cb-6345-44ea-a0d4-5f314a967b77#0:FAIL-t3] and 0 exception(s); d10fc367-6717-4be7-9c4c-7b0b4f4b0759@group-3A2C0294070D:t3, leader=null, voted=d10fc367-6717-4be7-9c4c-7b0b4f4b0759, raftlog=d10fc367-6717-4be7-9c4c-7b0b4f4b0759@group-3A2C0294070D-SegmentedRaftLog:OPENED:c-1,f-1,i0, conf=-1: [d10fc367-6717-4be7-9c4c-7b0b4f4b0759:192.168.36.126:35315, c0eca757-0426-4809-8d60-c283fabf02c6:192.168.36.126:34880, caeda6cb-6345-44ea-a0d4-5f314a967b77:192.168.36.126:40532], old=null
2019-09-25 05:07:35,176 [c0eca757-0426-4809-8d60-c283fabf02c6@group-3A2C0294070D:LeaderElection91] INFO  impl.RaftServerImpl (RaftServerImpl.java:setRole(174)) - c0eca757-0426-4809-8d60-c283fabf02c6@group-3A2C0294070D: changes role from CANDIDATE to FOLLOWER at term 3 for DISCOVERED_A_NEW_TERM
2019-09-25 05:07:35,177 [c0eca757-0426-4809-8d60-c283fabf02c6@group-3A2C0294070D:LeaderElection91] INFO  impl.RoleInfo (RoleInfo.java:shutdownLeaderElection(134)) - c0eca757-0426-4809-8d60-c283fabf02c6: shutdown LeaderElection
2019-09-25 05:07:35,176 [caeda6cb-6345-44ea-a0d4-5f314a967b77@group-3A2C0294070D:LeaderElection92] INFO  impl.LeaderElection (LeaderElection.java:logAndReturn(56)) - caeda6cb-6345-44ea-a0d4-5f314a967b77@group-3A2C0294070D:LeaderElection92: Election REJECTED; received 2 response(s) [caeda6cb-6345-44ea-a0d4-5f314a967b77<-d10fc367-6717-4be7-9c4c-7b0b4f4b0759#0:FAIL-t3, caeda6cb-6345-44ea-a0d4-5f314a967b77<-c0eca757-0426-4809-8d60-c283fabf02c6#0:FAIL-t3] and 0 exception(s); caeda6cb-6345-44ea-a0d4-5f314a967b77@group-3A2C0294070D:t3, leader=null, voted=caeda6cb-6345-44ea-a0d4-5f314a967b77, raftlog=caeda6cb-6345-44ea-a0d4-5f314a967b77@group-3A2C0294070D-SegmentedRaftLog:OPENED:c-1,f-1,i0, conf=-1: [d10fc367-6717-4be7-9c4c-7b0b4f4b0759:192.168.36.126:35315, c0eca757-0426-4809-8d60-c283fabf02c6:192.168.36.126:34880, caeda6cb-6345-44ea-a0d4-5f314a967b77:192.168.36.126:40532], old=null
2019-09-25 05:07:35,177 [c0eca757-0426-4809-8d60-c283fabf02c6@group-3A2C0294070D:LeaderElection91] INFO  impl.RoleInfo (RoleInfo.java:updateAndGet(143)) - c0eca757-0426-4809-8d60-c283fabf02c6: start FollowerState
2019-09-25 05:07:35,177 [d10fc367-6717-4be7-9c4c-7b0b4f4b0759@group-3A2C0294070D:LeaderElection93] INFO  impl.RaftServerImpl (RaftServerImpl.java:setRole(174)) - d10fc367-6717-4be7-9c4c-7b0b4f4b0759@group-3A2C0294070D: changes role from CANDIDATE to FOLLOWER at term 3 for DISCOVERED_A_NEW_TERM
2019-09-25 05:07:35,177 [caeda6cb-6345-44ea-a0d4-5f314a967b77@group-3A2C0294070D:LeaderElection92] INFO  impl.RaftServerImpl (RaftServerImpl.java:setRole(174)) - caeda6cb-6345-44ea-a0d4-5f314a967b77@group-3A2C0294070D: changes role from CANDIDATE to FOLLOWER at term 3 for DISCOVERED_A_NEW_TERM
2019-09-25 05:07:35,177 [d10fc367-6717-4be7-9c4c-7b0b4f4b0759@group-3A2C0294070D:LeaderElection93] INFO  impl.RoleInfo (RoleInfo.java:shutdownLeaderElection(134)) - d10fc367-6717-4be7-9c4c-7b0b4f4b0759: shutdown LeaderElection
2019-09-25 05:07:35,177 [caeda6cb-6345-44ea-a0d4-5f314a967b77@group-3A2C0294070D:LeaderElection92] INFO  impl.RoleInfo (RoleInfo.java:shutdownLeaderElection(134)) - caeda6cb-6345-44ea-a0d4-5f314a967b77: shutdown LeaderElection
2019-09-25 05:07:35,178 [d10fc367-6717-4be7-9c4c-7b0b4f4b0759@group-3A2C0294070D:LeaderElection93] INFO  impl.RoleInfo (RoleInfo.java:updateAndGet(143)) - d10fc367-6717-4be7-9c4c-7b0b4f4b0759: start FollowerState
2019-09-25 05:07:35,178 [caeda6cb-6345-44ea-a0d4-5f314a967b77@group-3A2C0294070D:LeaderElection92] INFO  impl.RoleInfo (RoleInfo.java:updateAndGet(143)) - caeda6cb-6345-44ea-a0d4-5f314a967b77: start FollowerState
]]></system-out>
  </testcase>
  <testcase name="testWatchForCommitForRetryfailure" classname="org.apache.hadoop.ozone.client.rpc.TestWatchForCommit" time="17.889">
    <error message="Could not allocate container. Cannot get any matching pipeline for Type:RATIS, Factor:THREE, State:PipelineState.OPEN&#10;	at org.apache.hadoop.hdds.scm.container.ContainerStateManager.allocateContainer(ContainerStateManager.java:260)&#10;	at org.apache.hadoop.hdds.scm.container.SCMContainerManager.allocateContainer(SCMContainerManager.java:247)&#10;	at org.apache.hadoop.hdds.scm.server.SCMClientProtocolServer.allocateContainer(SCMClientProtocolServer.java:186)&#10;	at org.apache.hadoop.ozone.protocolPB.StorageContainerLocationProtocolServerSideTranslatorPB.allocateContainer(StorageContainerLocationProtocolServerSideTranslatorPB.java:123)&#10;	at org.apache.hadoop.hdds.protocol.proto.StorageContainerLocationProtocolProtos$StorageContainerLocationProtocolService$2.callBlockingMethod(StorageContainerLocationProtocolProtos.java:21239)&#10;	at org.apache.hadoop.ipc.ProtobufRpcEngine$Server$ProtoBufRpcInvoker.call(ProtobufRpcEngine.java:524)&#10;	at org.apache.hadoop.ipc.RPC$Server.call(RPC.java:1025)&#10;	at org.apache.hadoop.ipc.Server$RpcCall.run(Server.java:876)&#10;	at org.apache.hadoop.ipc.Server$RpcCall.run(Server.java:822)&#10;	at java.security.AccessController.doPrivileged(Native Method)&#10;	at javax.security.auth.Subject.doAs(Subject.java:422)&#10;	at org.apache.hadoop.security.UserGroupInformation.doAs(UserGroupInformation.java:1730)&#10;	at org.apache.hadoop.ipc.Server$Handler.run(Server.java:2682)&#10;" type="org.apache.hadoop.ipc.RemoteException(java.io.IOException)">org.apache.hadoop.ipc.RemoteException(java.io.IOException): Could not allocate container. Cannot get any matching pipeline for Type:RATIS, Factor:THREE, State:PipelineState.OPEN
	at org.apache.hadoop.hdds.scm.container.ContainerStateManager.allocateContainer(ContainerStateManager.java:260)
	at org.apache.hadoop.hdds.scm.container.SCMContainerManager.allocateContainer(SCMContainerManager.java:247)
	at org.apache.hadoop.hdds.scm.server.SCMClientProtocolServer.allocateContainer(SCMClientProtocolServer.java:186)
	at org.apache.hadoop.ozone.protocolPB.StorageContainerLocationProtocolServerSideTranslatorPB.allocateContainer(StorageContainerLocationProtocolServerSideTranslatorPB.java:123)
	at org.apache.hadoop.hdds.protocol.proto.StorageContainerLocationProtocolProtos$StorageContainerLocationProtocolService$2.callBlockingMethod(StorageContainerLocationProtocolProtos.java:21239)
	at org.apache.hadoop.ipc.ProtobufRpcEngine$Server$ProtoBufRpcInvoker.call(ProtobufRpcEngine.java:524)
	at org.apache.hadoop.ipc.RPC$Server.call(RPC.java:1025)
	at org.apache.hadoop.ipc.Server$RpcCall.run(Server.java:876)
	at org.apache.hadoop.ipc.Server$RpcCall.run(Server.java:822)
	at java.security.AccessController.doPrivileged(Native Method)
	at javax.security.auth.Subject.doAs(Subject.java:422)
	at org.apache.hadoop.security.UserGroupInformation.doAs(UserGroupInformation.java:1730)
	at org.apache.hadoop.ipc.Server$Handler.run(Server.java:2682)

	at org.apache.hadoop.ipc.Client.getRpcResponse(Client.java:1511)
	at org.apache.hadoop.ipc.Client.call(Client.java:1457)
	at org.apache.hadoop.ipc.Client.call(Client.java:1367)
	at org.apache.hadoop.ipc.ProtobufRpcEngine$Invoker.invoke(ProtobufRpcEngine.java:228)
	at org.apache.hadoop.ipc.ProtobufRpcEngine$Invoker.invoke(ProtobufRpcEngine.java:116)
	at com.sun.proxy.$Proxy22.allocateContainer(Unknown Source)
	at org.apache.hadoop.hdds.scm.protocolPB.StorageContainerLocationProtocolClientSideTranslatorPB.allocateContainer(StorageContainerLocationProtocolClientSideTranslatorPB.java:127)
	at org.apache.hadoop.ozone.client.rpc.TestWatchForCommit.testWatchForCommitForRetryfailure(TestWatchForCommit.java:323)
	at sun.reflect.NativeMethodAccessorImpl.invoke0(Native Method)
	at sun.reflect.NativeMethodAccessorImpl.invoke(NativeMethodAccessorImpl.java:62)
	at sun.reflect.DelegatingMethodAccessorImpl.invoke(DelegatingMethodAccessorImpl.java:43)
	at java.lang.reflect.Method.invoke(Method.java:498)
	at org.junit.runners.model.FrameworkMethod$1.runReflectiveCall(FrameworkMethod.java:47)
	at org.junit.internal.runners.model.ReflectiveCallable.run(ReflectiveCallable.java:12)
	at org.junit.runners.model.FrameworkMethod.invokeExplosively(FrameworkMethod.java:44)
	at org.junit.internal.runners.statements.InvokeMethod.evaluate(InvokeMethod.java:17)
	at org.junit.runners.ParentRunner.runLeaf(ParentRunner.java:271)
	at org.junit.runners.BlockJUnit4ClassRunner.runChild(BlockJUnit4ClassRunner.java:70)
	at org.junit.runners.BlockJUnit4ClassRunner.runChild(BlockJUnit4ClassRunner.java:50)
	at org.junit.runners.ParentRunner$3.run(ParentRunner.java:238)
	at org.junit.runners.ParentRunner$1.schedule(ParentRunner.java:63)
	at org.junit.runners.ParentRunner.runChildren(ParentRunner.java:236)
	at org.junit.runners.ParentRunner.access$000(ParentRunner.java:53)
	at org.junit.runners.ParentRunner$2.evaluate(ParentRunner.java:229)
	at org.junit.runners.ParentRunner.run(ParentRunner.java:309)
	at org.apache.maven.surefire.junit4.JUnit4Provider.execute(JUnit4Provider.java:365)
	at org.apache.maven.surefire.junit4.JUnit4Provider.executeWithRerun(JUnit4Provider.java:273)
	at org.apache.maven.surefire.junit4.JUnit4Provider.executeTestSet(JUnit4Provider.java:238)
	at org.apache.maven.surefire.junit4.JUnit4Provider.invoke(JUnit4Provider.java:159)
	at org.apache.maven.surefire.booter.ForkedBooter.invokeProviderInSameClassLoader(ForkedBooter.java:384)
	at org.apache.maven.surefire.booter.ForkedBooter.runSuitesInProcess(ForkedBooter.java:345)
	at org.apache.maven.surefire.booter.ForkedBooter.execute(ForkedBooter.java:126)
	at org.apache.maven.surefire.booter.ForkedBooter.main(ForkedBooter.java:418)
</error>
    <system-out><![CDATA[2019-09-25 05:07:37,883 [main] WARN  server.ServerUtils (ServerUtils.java:getScmDbDir(145)) - ozone.scm.db.dirs is not configured. We recommend adding this setting. Falling back to ozone.metadata.dirs instead.
2019-09-25 05:07:38,238 [main] WARN  server.ServerUtils (ServerUtils.java:getScmDbDir(145)) - ozone.scm.db.dirs is not configured. We recommend adding this setting. Falling back to ozone.metadata.dirs instead.
2019-09-25 05:07:38,239 [main] WARN  server.ServerUtils (ServerUtils.java:getScmDbDir(145)) - ozone.scm.db.dirs is not configured. We recommend adding this setting. Falling back to ozone.metadata.dirs instead.
2019-09-25 05:07:38,240 [main] INFO  db.DBStoreBuilder (DBStoreBuilder.java:addTable(110)) - using custom profile for table: deletedBlocks
2019-09-25 05:07:38,240 [main] INFO  db.DBStoreBuilder (DBStoreBuilder.java:processTables(161)) - Using default column profile:DBProfile.DISK for Table:deletedBlocks
2019-09-25 05:07:38,240 [main] INFO  db.DBStoreBuilder (DBStoreBuilder.java:addTable(110)) - using custom profile for table: validCerts
2019-09-25 05:07:38,240 [main] INFO  db.DBStoreBuilder (DBStoreBuilder.java:processTables(161)) - Using default column profile:DBProfile.DISK for Table:validCerts
2019-09-25 05:07:38,241 [main] INFO  db.DBStoreBuilder (DBStoreBuilder.java:addTable(110)) - using custom profile for table: revokedCerts
2019-09-25 05:07:38,241 [main] INFO  db.DBStoreBuilder (DBStoreBuilder.java:processTables(161)) - Using default column profile:DBProfile.DISK for Table:revokedCerts
2019-09-25 05:07:38,242 [main] INFO  db.DBStoreBuilder (DBStoreBuilder.java:addTable(110)) - using custom profile for table: default
2019-09-25 05:07:38,242 [main] INFO  db.DBStoreBuilder (DBStoreBuilder.java:processTables(167)) - Using default column profile:DBProfile.DISK for Table:default
2019-09-25 05:07:38,242 [main] INFO  db.DBStoreBuilder (DBStoreBuilder.java:getDbProfile(198)) - Using default options. DBProfile.DISK
2019-09-25 05:07:39,109 [Thread-1515] INFO  impl.FollowerState (FollowerState.java:run(106)) - 59abef46-29ea-4eff-a512-e596f80f6db1:group-8F81A5CD80FE changes to CANDIDATE, lastRpcTime:5011, electionTimeout:5011ms
2019-09-25 05:07:39,109 [Thread-1515] INFO  impl.RoleInfo (RoleInfo.java:shutdownFollowerState(121)) - 59abef46-29ea-4eff-a512-e596f80f6db1: shutdown FollowerState
2019-09-25 05:07:39,109 [Thread-1515] INFO  impl.RaftServerImpl (RaftServerImpl.java:setRole(174)) - 59abef46-29ea-4eff-a512-e596f80f6db1@group-8F81A5CD80FE: changes role from  FOLLOWER to CANDIDATE at term 3 for changeToCandidate
2019-09-25 05:07:39,110 [Thread-1515] INFO  impl.RoleInfo (RoleInfo.java:updateAndGet(143)) - 59abef46-29ea-4eff-a512-e596f80f6db1: start LeaderElection
2019-09-25 05:07:39,184 [Thread-1516] INFO  impl.FollowerState (FollowerState.java:run(106)) - 158ad28b-aa8e-4172-b96b-cbb323932650:group-8F81A5CD80FE changes to CANDIDATE, lastRpcTime:5086, electionTimeout:5086ms
2019-09-25 05:07:39,184 [Thread-1516] INFO  impl.RoleInfo (RoleInfo.java:shutdownFollowerState(121)) - 158ad28b-aa8e-4172-b96b-cbb323932650: shutdown FollowerState
2019-09-25 05:07:39,184 [Thread-1516] INFO  impl.RaftServerImpl (RaftServerImpl.java:setRole(174)) - 158ad28b-aa8e-4172-b96b-cbb323932650@group-8F81A5CD80FE: changes role from  FOLLOWER to CANDIDATE at term 3 for changeToCandidate
2019-09-25 05:07:39,185 [Thread-1516] INFO  impl.RoleInfo (RoleInfo.java:updateAndGet(143)) - 158ad28b-aa8e-4172-b96b-cbb323932650: start LeaderElection
2019-09-25 05:07:39,294 [Thread-1514] INFO  impl.FollowerState (FollowerState.java:run(106)) - bc163c1a-f845-4c36-9592-f8e34b91970d:group-8F81A5CD80FE changes to CANDIDATE, lastRpcTime:5197, electionTimeout:5197ms
2019-09-25 05:07:39,294 [Thread-1514] INFO  impl.RoleInfo (RoleInfo.java:shutdownFollowerState(121)) - bc163c1a-f845-4c36-9592-f8e34b91970d: shutdown FollowerState
2019-09-25 05:07:39,294 [Thread-1514] INFO  impl.RaftServerImpl (RaftServerImpl.java:setRole(174)) - bc163c1a-f845-4c36-9592-f8e34b91970d@group-8F81A5CD80FE: changes role from  FOLLOWER to CANDIDATE at term 3 for changeToCandidate
2019-09-25 05:07:39,294 [Thread-1514] INFO  impl.RoleInfo (RoleInfo.java:updateAndGet(143)) - bc163c1a-f845-4c36-9592-f8e34b91970d: start LeaderElection
2019-09-25 05:07:39,555 [158ad28b-aa8e-4172-b96b-cbb323932650@group-8F81A5CD80FE:LeaderElection95] INFO  impl.LeaderElection (LeaderElection.java:askForVotes(182)) - 158ad28b-aa8e-4172-b96b-cbb323932650@group-8F81A5CD80FE:LeaderElection95: begin an election at term 4 for -1: [bc163c1a-f845-4c36-9592-f8e34b91970d:192.168.36.126:38248, 158ad28b-aa8e-4172-b96b-cbb323932650:192.168.36.126:34188, 59abef46-29ea-4eff-a512-e596f80f6db1:192.168.36.126:38401], old=null
2019-09-25 05:07:39,555 [59abef46-29ea-4eff-a512-e596f80f6db1@group-8F81A5CD80FE:LeaderElection94] INFO  impl.LeaderElection (LeaderElection.java:askForVotes(182)) - 59abef46-29ea-4eff-a512-e596f80f6db1@group-8F81A5CD80FE:LeaderElection94: begin an election at term 4 for -1: [bc163c1a-f845-4c36-9592-f8e34b91970d:192.168.36.126:38248, 158ad28b-aa8e-4172-b96b-cbb323932650:192.168.36.126:34188, 59abef46-29ea-4eff-a512-e596f80f6db1:192.168.36.126:38401], old=null
2019-09-25 05:07:39,555 [bc163c1a-f845-4c36-9592-f8e34b91970d@group-8F81A5CD80FE:LeaderElection96] INFO  impl.LeaderElection (LeaderElection.java:askForVotes(182)) - bc163c1a-f845-4c36-9592-f8e34b91970d@group-8F81A5CD80FE:LeaderElection96: begin an election at term 4 for -1: [bc163c1a-f845-4c36-9592-f8e34b91970d:192.168.36.126:38248, 158ad28b-aa8e-4172-b96b-cbb323932650:192.168.36.126:34188, 59abef46-29ea-4eff-a512-e596f80f6db1:192.168.36.126:38401], old=null
2019-09-25 05:07:39,561 [59abef46-29ea-4eff-a512-e596f80f6db1@group-8F81A5CD80FE:LeaderElection94] INFO  impl.LeaderElection (LeaderElection.java:logAndReturn(56)) - 59abef46-29ea-4eff-a512-e596f80f6db1@group-8F81A5CD80FE:LeaderElection94: Election REJECTED; received 2 response(s) [59abef46-29ea-4eff-a512-e596f80f6db1<-bc163c1a-f845-4c36-9592-f8e34b91970d#0:FAIL-t4, 59abef46-29ea-4eff-a512-e596f80f6db1<-158ad28b-aa8e-4172-b96b-cbb323932650#0:FAIL-t4] and 0 exception(s); 59abef46-29ea-4eff-a512-e596f80f6db1@group-8F81A5CD80FE:t4, leader=null, voted=59abef46-29ea-4eff-a512-e596f80f6db1, raftlog=59abef46-29ea-4eff-a512-e596f80f6db1@group-8F81A5CD80FE-SegmentedRaftLog:OPENED:c-1,f-1,i0, conf=-1: [bc163c1a-f845-4c36-9592-f8e34b91970d:192.168.36.126:38248, 158ad28b-aa8e-4172-b96b-cbb323932650:192.168.36.126:34188, 59abef46-29ea-4eff-a512-e596f80f6db1:192.168.36.126:38401], old=null
2019-09-25 05:07:39,561 [158ad28b-aa8e-4172-b96b-cbb323932650@group-8F81A5CD80FE:LeaderElection95] INFO  impl.LeaderElection (LeaderElection.java:logAndReturn(56)) - 158ad28b-aa8e-4172-b96b-cbb323932650@group-8F81A5CD80FE:LeaderElection95: Election REJECTED; received 2 response(s) [158ad28b-aa8e-4172-b96b-cbb323932650<-bc163c1a-f845-4c36-9592-f8e34b91970d#0:FAIL-t4, 158ad28b-aa8e-4172-b96b-cbb323932650<-59abef46-29ea-4eff-a512-e596f80f6db1#0:FAIL-t4] and 0 exception(s); 158ad28b-aa8e-4172-b96b-cbb323932650@group-8F81A5CD80FE:t4, leader=null, voted=158ad28b-aa8e-4172-b96b-cbb323932650, raftlog=158ad28b-aa8e-4172-b96b-cbb323932650@group-8F81A5CD80FE-SegmentedRaftLog:OPENED:c-1,f-1,i0, conf=-1: [bc163c1a-f845-4c36-9592-f8e34b91970d:192.168.36.126:38248, 158ad28b-aa8e-4172-b96b-cbb323932650:192.168.36.126:34188, 59abef46-29ea-4eff-a512-e596f80f6db1:192.168.36.126:38401], old=null
2019-09-25 05:07:39,561 [bc163c1a-f845-4c36-9592-f8e34b91970d@group-8F81A5CD80FE:LeaderElection96] INFO  impl.LeaderElection (LeaderElection.java:logAndReturn(56)) - bc163c1a-f845-4c36-9592-f8e34b91970d@group-8F81A5CD80FE:LeaderElection96: Election REJECTED; received 2 response(s) [bc163c1a-f845-4c36-9592-f8e34b91970d<-158ad28b-aa8e-4172-b96b-cbb323932650#0:FAIL-t4, bc163c1a-f845-4c36-9592-f8e34b91970d<-59abef46-29ea-4eff-a512-e596f80f6db1#0:FAIL-t4] and 0 exception(s); bc163c1a-f845-4c36-9592-f8e34b91970d@group-8F81A5CD80FE:t4, leader=null, voted=bc163c1a-f845-4c36-9592-f8e34b91970d, raftlog=bc163c1a-f845-4c36-9592-f8e34b91970d@group-8F81A5CD80FE-SegmentedRaftLog:OPENED:c-1,f-1,i0, conf=-1: [bc163c1a-f845-4c36-9592-f8e34b91970d:192.168.36.126:38248, 158ad28b-aa8e-4172-b96b-cbb323932650:192.168.36.126:34188, 59abef46-29ea-4eff-a512-e596f80f6db1:192.168.36.126:38401], old=null
2019-09-25 05:07:39,561 [59abef46-29ea-4eff-a512-e596f80f6db1@group-8F81A5CD80FE:LeaderElection94] INFO  impl.RaftServerImpl (RaftServerImpl.java:setRole(174)) - 59abef46-29ea-4eff-a512-e596f80f6db1@group-8F81A5CD80FE: changes role from CANDIDATE to FOLLOWER at term 4 for DISCOVERED_A_NEW_TERM
2019-09-25 05:07:39,562 [158ad28b-aa8e-4172-b96b-cbb323932650@group-8F81A5CD80FE:LeaderElection95] INFO  impl.RaftServerImpl (RaftServerImpl.java:setRole(174)) - 158ad28b-aa8e-4172-b96b-cbb323932650@group-8F81A5CD80FE: changes role from CANDIDATE to FOLLOWER at term 4 for DISCOVERED_A_NEW_TERM
2019-09-25 05:07:39,562 [59abef46-29ea-4eff-a512-e596f80f6db1@group-8F81A5CD80FE:LeaderElection94] INFO  impl.RoleInfo (RoleInfo.java:shutdownLeaderElection(134)) - 59abef46-29ea-4eff-a512-e596f80f6db1: shutdown LeaderElection
2019-09-25 05:07:39,562 [bc163c1a-f845-4c36-9592-f8e34b91970d@group-8F81A5CD80FE:LeaderElection96] INFO  impl.RaftServerImpl (RaftServerImpl.java:setRole(174)) - bc163c1a-f845-4c36-9592-f8e34b91970d@group-8F81A5CD80FE: changes role from CANDIDATE to FOLLOWER at term 4 for DISCOVERED_A_NEW_TERM
2019-09-25 05:07:39,562 [59abef46-29ea-4eff-a512-e596f80f6db1@group-8F81A5CD80FE:LeaderElection94] INFO  impl.RoleInfo (RoleInfo.java:updateAndGet(143)) - 59abef46-29ea-4eff-a512-e596f80f6db1: start FollowerState
2019-09-25 05:07:39,562 [158ad28b-aa8e-4172-b96b-cbb323932650@group-8F81A5CD80FE:LeaderElection95] INFO  impl.RoleInfo (RoleInfo.java:shutdownLeaderElection(134)) - 158ad28b-aa8e-4172-b96b-cbb323932650: shutdown LeaderElection
2019-09-25 05:07:39,562 [bc163c1a-f845-4c36-9592-f8e34b91970d@group-8F81A5CD80FE:LeaderElection96] INFO  impl.RoleInfo (RoleInfo.java:shutdownLeaderElection(134)) - bc163c1a-f845-4c36-9592-f8e34b91970d: shutdown LeaderElection
2019-09-25 05:07:39,563 [158ad28b-aa8e-4172-b96b-cbb323932650@group-8F81A5CD80FE:LeaderElection95] INFO  impl.RoleInfo (RoleInfo.java:updateAndGet(143)) - 158ad28b-aa8e-4172-b96b-cbb323932650: start FollowerState
2019-09-25 05:07:39,563 [bc163c1a-f845-4c36-9592-f8e34b91970d@group-8F81A5CD80FE:LeaderElection96] INFO  impl.RoleInfo (RoleInfo.java:updateAndGet(143)) - bc163c1a-f845-4c36-9592-f8e34b91970d: start FollowerState
2019-09-25 05:07:40,263 [Thread-1530] INFO  impl.FollowerState (FollowerState.java:run(106)) - caeda6cb-6345-44ea-a0d4-5f314a967b77:group-3A2C0294070D changes to CANDIDATE, lastRpcTime:5085, electionTimeout:5085ms
2019-09-25 05:07:40,264 [Thread-1530] INFO  impl.RoleInfo (RoleInfo.java:shutdownFollowerState(121)) - caeda6cb-6345-44ea-a0d4-5f314a967b77: shutdown FollowerState
2019-09-25 05:07:40,264 [Thread-1530] INFO  impl.RaftServerImpl (RaftServerImpl.java:setRole(174)) - caeda6cb-6345-44ea-a0d4-5f314a967b77@group-3A2C0294070D: changes role from  FOLLOWER to CANDIDATE at term 3 for changeToCandidate
2019-09-25 05:07:40,264 [Thread-1530] INFO  impl.RoleInfo (RoleInfo.java:updateAndGet(143)) - caeda6cb-6345-44ea-a0d4-5f314a967b77: start LeaderElection
2019-09-25 05:07:40,289 [Thread-1528] INFO  impl.FollowerState (FollowerState.java:run(106)) - c0eca757-0426-4809-8d60-c283fabf02c6:group-3A2C0294070D changes to CANDIDATE, lastRpcTime:5111, electionTimeout:5111ms
2019-09-25 05:07:40,289 [Thread-1528] INFO  impl.RoleInfo (RoleInfo.java:shutdownFollowerState(121)) - c0eca757-0426-4809-8d60-c283fabf02c6: shutdown FollowerState
2019-09-25 05:07:40,289 [Thread-1528] INFO  impl.RaftServerImpl (RaftServerImpl.java:setRole(174)) - c0eca757-0426-4809-8d60-c283fabf02c6@group-3A2C0294070D: changes role from  FOLLOWER to CANDIDATE at term 3 for changeToCandidate
2019-09-25 05:07:40,289 [Thread-1528] INFO  impl.RoleInfo (RoleInfo.java:updateAndGet(143)) - c0eca757-0426-4809-8d60-c283fabf02c6: start LeaderElection
2019-09-25 05:07:40,375 [Thread-1529] INFO  impl.FollowerState (FollowerState.java:run(106)) - d10fc367-6717-4be7-9c4c-7b0b4f4b0759:group-3A2C0294070D changes to CANDIDATE, lastRpcTime:5197, electionTimeout:5197ms
2019-09-25 05:07:40,376 [Thread-1529] INFO  impl.RoleInfo (RoleInfo.java:shutdownFollowerState(121)) - d10fc367-6717-4be7-9c4c-7b0b4f4b0759: shutdown FollowerState
2019-09-25 05:07:40,376 [Thread-1529] INFO  impl.RaftServerImpl (RaftServerImpl.java:setRole(174)) - d10fc367-6717-4be7-9c4c-7b0b4f4b0759@group-3A2C0294070D: changes role from  FOLLOWER to CANDIDATE at term 3 for changeToCandidate
2019-09-25 05:07:40,376 [Thread-1529] INFO  impl.RoleInfo (RoleInfo.java:updateAndGet(143)) - d10fc367-6717-4be7-9c4c-7b0b4f4b0759: start LeaderElection
2019-09-25 05:07:40,697 [c0eca757-0426-4809-8d60-c283fabf02c6@group-3A2C0294070D:LeaderElection98] INFO  impl.LeaderElection (LeaderElection.java:askForVotes(182)) - c0eca757-0426-4809-8d60-c283fabf02c6@group-3A2C0294070D:LeaderElection98: begin an election at term 4 for -1: [d10fc367-6717-4be7-9c4c-7b0b4f4b0759:192.168.36.126:35315, c0eca757-0426-4809-8d60-c283fabf02c6:192.168.36.126:34880, caeda6cb-6345-44ea-a0d4-5f314a967b77:192.168.36.126:40532], old=null
2019-09-25 05:07:40,697 [caeda6cb-6345-44ea-a0d4-5f314a967b77@group-3A2C0294070D:LeaderElection97] INFO  impl.LeaderElection (LeaderElection.java:askForVotes(182)) - caeda6cb-6345-44ea-a0d4-5f314a967b77@group-3A2C0294070D:LeaderElection97: begin an election at term 4 for -1: [d10fc367-6717-4be7-9c4c-7b0b4f4b0759:192.168.36.126:35315, c0eca757-0426-4809-8d60-c283fabf02c6:192.168.36.126:34880, caeda6cb-6345-44ea-a0d4-5f314a967b77:192.168.36.126:40532], old=null
2019-09-25 05:07:40,698 [d10fc367-6717-4be7-9c4c-7b0b4f4b0759@group-3A2C0294070D:LeaderElection99] INFO  impl.LeaderElection (LeaderElection.java:askForVotes(182)) - d10fc367-6717-4be7-9c4c-7b0b4f4b0759@group-3A2C0294070D:LeaderElection99: begin an election at term 4 for -1: [d10fc367-6717-4be7-9c4c-7b0b4f4b0759:192.168.36.126:35315, c0eca757-0426-4809-8d60-c283fabf02c6:192.168.36.126:34880, caeda6cb-6345-44ea-a0d4-5f314a967b77:192.168.36.126:40532], old=null
2019-09-25 05:07:40,705 [caeda6cb-6345-44ea-a0d4-5f314a967b77@group-3A2C0294070D:LeaderElection97] INFO  impl.LeaderElection (LeaderElection.java:logAndReturn(56)) - caeda6cb-6345-44ea-a0d4-5f314a967b77@group-3A2C0294070D:LeaderElection97: Election REJECTED; received 2 response(s) [caeda6cb-6345-44ea-a0d4-5f314a967b77<-d10fc367-6717-4be7-9c4c-7b0b4f4b0759#0:FAIL-t4, caeda6cb-6345-44ea-a0d4-5f314a967b77<-c0eca757-0426-4809-8d60-c283fabf02c6#0:FAIL-t4] and 0 exception(s); caeda6cb-6345-44ea-a0d4-5f314a967b77@group-3A2C0294070D:t4, leader=null, voted=caeda6cb-6345-44ea-a0d4-5f314a967b77, raftlog=caeda6cb-6345-44ea-a0d4-5f314a967b77@group-3A2C0294070D-SegmentedRaftLog:OPENED:c-1,f-1,i0, conf=-1: [d10fc367-6717-4be7-9c4c-7b0b4f4b0759:192.168.36.126:35315, c0eca757-0426-4809-8d60-c283fabf02c6:192.168.36.126:34880, caeda6cb-6345-44ea-a0d4-5f314a967b77:192.168.36.126:40532], old=null
2019-09-25 05:07:40,705 [c0eca757-0426-4809-8d60-c283fabf02c6@group-3A2C0294070D:LeaderElection98] INFO  impl.LeaderElection (LeaderElection.java:logAndReturn(56)) - c0eca757-0426-4809-8d60-c283fabf02c6@group-3A2C0294070D:LeaderElection98: Election REJECTED; received 2 response(s) [c0eca757-0426-4809-8d60-c283fabf02c6<-d10fc367-6717-4be7-9c4c-7b0b4f4b0759#0:FAIL-t4, c0eca757-0426-4809-8d60-c283fabf02c6<-caeda6cb-6345-44ea-a0d4-5f314a967b77#0:FAIL-t4] and 0 exception(s); c0eca757-0426-4809-8d60-c283fabf02c6@group-3A2C0294070D:t4, leader=null, voted=c0eca757-0426-4809-8d60-c283fabf02c6, raftlog=c0eca757-0426-4809-8d60-c283fabf02c6@group-3A2C0294070D-SegmentedRaftLog:OPENED:c-1,f-1,i0, conf=-1: [d10fc367-6717-4be7-9c4c-7b0b4f4b0759:192.168.36.126:35315, c0eca757-0426-4809-8d60-c283fabf02c6:192.168.36.126:34880, caeda6cb-6345-44ea-a0d4-5f314a967b77:192.168.36.126:40532], old=null
2019-09-25 05:07:40,706 [caeda6cb-6345-44ea-a0d4-5f314a967b77@group-3A2C0294070D:LeaderElection97] INFO  impl.RaftServerImpl (RaftServerImpl.java:setRole(174)) - caeda6cb-6345-44ea-a0d4-5f314a967b77@group-3A2C0294070D: changes role from CANDIDATE to FOLLOWER at term 4 for DISCOVERED_A_NEW_TERM
2019-09-25 05:07:40,706 [caeda6cb-6345-44ea-a0d4-5f314a967b77@group-3A2C0294070D:LeaderElection97] INFO  impl.RoleInfo (RoleInfo.java:shutdownLeaderElection(134)) - caeda6cb-6345-44ea-a0d4-5f314a967b77: shutdown LeaderElection
2019-09-25 05:07:40,706 [c0eca757-0426-4809-8d60-c283fabf02c6@group-3A2C0294070D:LeaderElection98] INFO  impl.RaftServerImpl (RaftServerImpl.java:setRole(174)) - c0eca757-0426-4809-8d60-c283fabf02c6@group-3A2C0294070D: changes role from CANDIDATE to FOLLOWER at term 4 for DISCOVERED_A_NEW_TERM
2019-09-25 05:07:40,706 [caeda6cb-6345-44ea-a0d4-5f314a967b77@group-3A2C0294070D:LeaderElection97] INFO  impl.RoleInfo (RoleInfo.java:updateAndGet(143)) - caeda6cb-6345-44ea-a0d4-5f314a967b77: start FollowerState
2019-09-25 05:07:40,706 [d10fc367-6717-4be7-9c4c-7b0b4f4b0759@group-3A2C0294070D:LeaderElection99] INFO  impl.LeaderElection (LeaderElection.java:logAndReturn(56)) - d10fc367-6717-4be7-9c4c-7b0b4f4b0759@group-3A2C0294070D:LeaderElection99: Election REJECTED; received 2 response(s) [d10fc367-6717-4be7-9c4c-7b0b4f4b0759<-c0eca757-0426-4809-8d60-c283fabf02c6#0:FAIL-t4, d10fc367-6717-4be7-9c4c-7b0b4f4b0759<-caeda6cb-6345-44ea-a0d4-5f314a967b77#0:FAIL-t4] and 0 exception(s); d10fc367-6717-4be7-9c4c-7b0b4f4b0759@group-3A2C0294070D:t4, leader=null, voted=d10fc367-6717-4be7-9c4c-7b0b4f4b0759, raftlog=d10fc367-6717-4be7-9c4c-7b0b4f4b0759@group-3A2C0294070D-SegmentedRaftLog:OPENED:c-1,f-1,i0, conf=-1: [d10fc367-6717-4be7-9c4c-7b0b4f4b0759:192.168.36.126:35315, c0eca757-0426-4809-8d60-c283fabf02c6:192.168.36.126:34880, caeda6cb-6345-44ea-a0d4-5f314a967b77:192.168.36.126:40532], old=null
2019-09-25 05:07:40,707 [c0eca757-0426-4809-8d60-c283fabf02c6@group-3A2C0294070D:LeaderElection98] INFO  impl.RoleInfo (RoleInfo.java:shutdownLeaderElection(134)) - c0eca757-0426-4809-8d60-c283fabf02c6: shutdown LeaderElection
2019-09-25 05:07:40,707 [d10fc367-6717-4be7-9c4c-7b0b4f4b0759@group-3A2C0294070D:LeaderElection99] INFO  impl.RaftServerImpl (RaftServerImpl.java:setRole(174)) - d10fc367-6717-4be7-9c4c-7b0b4f4b0759@group-3A2C0294070D: changes role from CANDIDATE to FOLLOWER at term 4 for DISCOVERED_A_NEW_TERM
2019-09-25 05:07:40,707 [c0eca757-0426-4809-8d60-c283fabf02c6@group-3A2C0294070D:LeaderElection98] INFO  impl.RoleInfo (RoleInfo.java:updateAndGet(143)) - c0eca757-0426-4809-8d60-c283fabf02c6: start FollowerState
2019-09-25 05:07:40,707 [d10fc367-6717-4be7-9c4c-7b0b4f4b0759@group-3A2C0294070D:LeaderElection99] INFO  impl.RoleInfo (RoleInfo.java:shutdownLeaderElection(134)) - d10fc367-6717-4be7-9c4c-7b0b4f4b0759: shutdown LeaderElection
2019-09-25 05:07:40,707 [d10fc367-6717-4be7-9c4c-7b0b4f4b0759@group-3A2C0294070D:LeaderElection99] INFO  impl.RoleInfo (RoleInfo.java:updateAndGet(143)) - d10fc367-6717-4be7-9c4c-7b0b4f4b0759: start FollowerState
2019-09-25 05:07:41,168 [main] INFO  net.NodeSchemaLoader (NodeSchemaLoader.java:loadSchemaFromFile(125)) - Loading file from sun.misc.CompoundEnumeration@2e62ead7
2019-09-25 05:07:41,168 [main] INFO  net.NodeSchemaLoader (NodeSchemaLoader.java:loadSchema(171)) - Loading network topology layer schema file
2019-09-25 05:07:41,174 [main] WARN  server.ServerUtils (ServerUtils.java:sanitizeUserArgs(70)) - ozone.scm.stale.node.interval value = 300000 is larger than max = 100000 based on the key value of ozone.scm.heartbeat.thread.interval, reset to the max value 100000.
2019-09-25 05:07:41,175 [main] WARN  server.ServerUtils (ServerUtils.java:sanitizeUserArgs(70)) - ozone.scm.stale.node.interval value = 300000 is larger than max = 100000 based on the key value of ozone.scm.heartbeat.thread.interval, reset to the max value 100000.
2019-09-25 05:07:41,175 [main] INFO  node.SCMNodeManager (SCMNodeManager.java:<init>(114)) - Entering startup safe mode.
2019-09-25 05:07:41,177 [main] INFO  algorithms.ContainerPlacementPolicyFactory (ContainerPlacementPolicyFactory.java:getPolicy(57)) - Create container placement policy of type org.apache.hadoop.hdds.scm.container.placement.algorithms.SCMContainerPlacementRandom
2019-09-25 05:07:41,177 [main] WARN  server.ServerUtils (ServerUtils.java:getScmDbDir(145)) - ozone.scm.db.dirs is not configured. We recommend adding this setting. Falling back to ozone.metadata.dirs instead.
2019-09-25 05:07:41,307 [main] INFO  pipeline.SCMPipelineManager (SCMPipelineManager.java:initializePipelineState(132)) - No pipeline exists in current db
2019-09-25 05:07:41,307 [main] WARN  server.ServerUtils (ServerUtils.java:getScmDbDir(145)) - ozone.scm.db.dirs is not configured. We recommend adding this setting. Falling back to ozone.metadata.dirs instead.
2019-09-25 05:07:41,425 [main] WARN  events.EventQueue (EventQueue.java:fireEvent(183)) - No event handler registered for event TypedEvent{payloadType=SafeModeStatus, name='SafeModeStatus'}
2019-09-25 05:07:41,427 [main] INFO  ipc.CallQueueManager (CallQueueManager.java:<init>(84)) - Using callQueue: class java.util.concurrent.LinkedBlockingQueue, queueCapacity: 2000, scheduler: class org.apache.hadoop.ipc.DefaultRpcScheduler, ipcBackoff: false.
2019-09-25 05:07:41,428 [Socket Reader #1 for port 35146] INFO  ipc.Server (Server.java:run(1074)) - Starting Socket Reader #1 for port 35146
2019-09-25 05:07:41,435 [main] INFO  ipc.CallQueueManager (CallQueueManager.java:<init>(84)) - Using callQueue: class java.util.concurrent.LinkedBlockingQueue, queueCapacity: 2000, scheduler: class org.apache.hadoop.ipc.DefaultRpcScheduler, ipcBackoff: false.
2019-09-25 05:07:41,436 [Socket Reader #1 for port 45111] INFO  ipc.Server (Server.java:run(1074)) - Starting Socket Reader #1 for port 45111
2019-09-25 05:07:41,441 [main] INFO  ipc.CallQueueManager (CallQueueManager.java:<init>(84)) - Using callQueue: class java.util.concurrent.LinkedBlockingQueue, queueCapacity: 2000, scheduler: class org.apache.hadoop.ipc.DefaultRpcScheduler, ipcBackoff: false.
2019-09-25 05:07:41,442 [Socket Reader #1 for port 41745] INFO  ipc.Server (Server.java:run(1074)) - Starting Socket Reader #1 for port 41745
2019-09-25 05:07:41,455 [main] INFO  hdfs.DFSUtil (DFSUtil.java:httpServerTemplateForNNAndJN(1641)) - Starting Web-server for scm at: http://0.0.0.0:0
2019-09-25 05:07:41,457 [main] INFO  server.AuthenticationFilter (AuthenticationFilter.java:constructSecretProvider(240)) - Unable to initialize FileSignerSecretProvider, falling back to use random secrets.
2019-09-25 05:07:41,458 [main] WARN  http.HttpRequestLog (HttpRequestLog.java:getRequestLog(97)) - Jetty request log can only be enabled using Log4j
2019-09-25 05:07:41,461 [main] INFO  http.HttpServer2 (HttpServer2.java:addGlobalFilter(975)) - Added global filter 'safety' (class=org.apache.hadoop.http.HttpServer2$QuotingInputFilter)
2019-09-25 05:07:41,462 [main] INFO  http.HttpServer2 (HttpServer2.java:addFilter(948)) - Added filter static_user_filter (class=org.apache.hadoop.http.lib.StaticUserWebFilter$StaticUserFilter) to context scm
2019-09-25 05:07:41,462 [main] INFO  http.HttpServer2 (HttpServer2.java:addFilter(958)) - Added filter static_user_filter (class=org.apache.hadoop.http.lib.StaticUserWebFilter$StaticUserFilter) to context logs
2019-09-25 05:07:41,462 [main] INFO  http.HttpServer2 (HttpServer2.java:addFilter(958)) - Added filter static_user_filter (class=org.apache.hadoop.http.lib.StaticUserWebFilter$StaticUserFilter) to context static
2019-09-25 05:07:41,470 [main] INFO  server.StorageContainerManager (StorageContainerManager.java:start(770)) - StorageContainerLocationProtocol RPC server is listening at /0.0.0.0:41745
2019-09-25 05:07:41,470 [main] INFO  impl.MetricsSystemImpl (MetricsSystemImpl.java:init(158)) - StorageContainerManager metrics system started (again)
2019-09-25 05:07:41,490 [main] INFO  server.SCMClientProtocolServer (SCMClientProtocolServer.java:start(151)) - RPC server for Client  is listening at /0.0.0.0:41745
2019-09-25 05:07:41,490 [IPC Server Responder] INFO  ipc.Server (Server.java:run(1314)) - IPC Server Responder: starting
2019-09-25 05:07:41,490 [IPC Server listener on 41745] INFO  ipc.Server (Server.java:run(1153)) - IPC Server listener on 41745: starting
2019-09-25 05:07:41,500 [main] INFO  server.StorageContainerManager (StorageContainerManager.java:start(780)) - ScmBlockLocationProtocol RPC server is listening at /0.0.0.0:45111
2019-09-25 05:07:41,500 [main] INFO  server.SCMBlockProtocolServer (SCMBlockProtocolServer.java:start(146)) - RPC server for Block Protocol is listening at /0.0.0.0:45111
2019-09-25 05:07:41,501 [IPC Server Responder] INFO  ipc.Server (Server.java:run(1314)) - IPC Server Responder: starting
2019-09-25 05:07:41,501 [IPC Server listener on 45111] INFO  ipc.Server (Server.java:run(1153)) - IPC Server listener on 45111: starting
2019-09-25 05:07:41,510 [main] INFO  server.StorageContainerManager (StorageContainerManager.java:start(784)) - ScmDatanodeProtocl RPC server is listening at /0.0.0.0:35146
2019-09-25 05:07:41,510 [main] INFO  server.SCMDatanodeProtocolServer (SCMDatanodeProtocolServer.java:start(191)) - RPC server for DataNodes is listening at /0.0.0.0:35146
2019-09-25 05:07:41,510 [IPC Server Responder] INFO  ipc.Server (Server.java:run(1314)) - IPC Server Responder: starting
2019-09-25 05:07:41,511 [IPC Server listener on 35146] INFO  ipc.Server (Server.java:run(1153)) - IPC Server listener on 35146: starting
2019-09-25 05:07:41,520 [main] INFO  http.HttpServer2 (HttpServer2.java:bindListener(1191)) - Jetty bound to port 43157
2019-09-25 05:07:41,520 [main] INFO  server.Server (Server.java:doStart(351)) - jetty-9.3.25.v20180904, build timestamp: 2018-09-04T21:11:46Z, git hash: 3ce520221d0240229c862b122d2b06c12a625732
2019-09-25 05:07:41,522 [main] INFO  handler.ContextHandler (ContextHandler.java:doStart(781)) - Started o.e.j.s.ServletContextHandler@250b5e5b{/logs,file:///workdir/hadoop-ozone/integration-test/target/log,AVAILABLE}
2019-09-25 05:07:41,523 [main] INFO  handler.ContextHandler (ContextHandler.java:doStart(781)) - Started o.e.j.s.ServletContextHandler@34be065a{/static,file:///workdir/hadoop-ozone/integration-test/target/test-classes/webapps/static,AVAILABLE}
2019-09-25 05:07:41,527 [main] INFO  handler.ContextHandler (ContextHandler.java:doStart(781)) - Started o.e.j.w.WebAppContext@3443e476{/,file:///workdir/hadoop-ozone/integration-test/target/test-classes/webapps/scm/,AVAILABLE}{/scm}
2019-09-25 05:07:41,530 [main] INFO  server.AbstractConnector (AbstractConnector.java:doStart(278)) - Started ServerConnector@7ccfdaef{HTTP/1.1,[http/1.1]}{0.0.0.0:43157}
2019-09-25 05:07:41,531 [main] INFO  server.Server (Server.java:doStart(419)) - Started @242739ms
2019-09-25 05:07:41,531 [main] WARN  impl.MetricsSystemImpl (MetricsSystemImpl.java:register(276)) - Sink prometheus already exists!
2019-09-25 05:07:41,532 [main] INFO  server.BaseHttpServer (BaseHttpServer.java:updateConnectorAddress(215)) - HTTP server of SCM is listening at http://0.0.0.0:43157
2019-09-25 05:07:41,534 [main] WARN  server.ServerUtils (ServerUtils.java:getDBPath(222)) - ozone.om.db.dirs is not configured. We recommend adding this setting. Falling back to ozone.metadata.dirs instead.
2019-09-25 05:07:41,535 [org.apache.hadoop.util.JvmPauseMonitor$Monitor@32f5ecc4] INFO  util.JvmPauseMonitor (JvmPauseMonitor.java:run(188)) - Starting JVM pause monitor
2019-09-25 05:07:41,560 [main] WARN  server.ServerUtils (ServerUtils.java:getDBPath(222)) - ozone.om.db.dirs is not configured. We recommend adding this setting. Falling back to ozone.metadata.dirs instead.
2019-09-25 05:07:41,560 [main] WARN  server.ServerUtils (ServerUtils.java:getDBPath(222)) - ozone.om.db.dirs is not configured. We recommend adding this setting. Falling back to ozone.metadata.dirs instead.
2019-09-25 05:07:41,561 [main] INFO  om.OzoneManager (OzoneManager.java:setOMNodeDetails(652)) - OM Service ID is not set. Setting it to the default ID: omServiceIdDefault
2019-09-25 05:07:41,561 [main] INFO  om.OzoneManager (OzoneManager.java:setOMNodeDetails(658)) - OM Node ID is not set. Setting it to the OmStorage's OmID: 84f4ee80-ff5f-4ca7-b1df-42be776dbe27
2019-09-25 05:07:41,562 [main] INFO  om.OzoneManager (OzoneManager.java:loadOMHAConfigs(609)) - Found matching OM address with OMServiceId: null, OMNodeId: null, RPC Address: localhost:0 and Ratis port: 9872
2019-09-25 05:07:41,576 [main] WARN  server.ServerUtils (ServerUtils.java:getDBPath(222)) - ozone.om.db.dirs is not configured. We recommend adding this setting. Falling back to ozone.metadata.dirs instead.
2019-09-25 05:07:41,577 [main] INFO  db.DBStoreBuilder (DBStoreBuilder.java:addTable(110)) - using custom profile for table: userTable
2019-09-25 05:07:41,577 [main] INFO  db.DBStoreBuilder (DBStoreBuilder.java:processTables(161)) - Using default column profile:DBProfile.DISK for Table:userTable
2019-09-25 05:07:41,578 [main] INFO  db.DBStoreBuilder (DBStoreBuilder.java:addTable(110)) - using custom profile for table: volumeTable
2019-09-25 05:07:41,578 [main] INFO  db.DBStoreBuilder (DBStoreBuilder.java:processTables(161)) - Using default column profile:DBProfile.DISK for Table:volumeTable
2019-09-25 05:07:41,579 [main] INFO  db.DBStoreBuilder (DBStoreBuilder.java:addTable(110)) - using custom profile for table: bucketTable
2019-09-25 05:07:41,579 [main] INFO  db.DBStoreBuilder (DBStoreBuilder.java:processTables(161)) - Using default column profile:DBProfile.DISK for Table:bucketTable
2019-09-25 05:07:41,579 [main] INFO  db.DBStoreBuilder (DBStoreBuilder.java:addTable(110)) - using custom profile for table: keyTable
2019-09-25 05:07:41,579 [main] INFO  db.DBStoreBuilder (DBStoreBuilder.java:processTables(161)) - Using default column profile:DBProfile.DISK for Table:keyTable
2019-09-25 05:07:41,580 [main] INFO  db.DBStoreBuilder (DBStoreBuilder.java:addTable(110)) - using custom profile for table: deletedTable
2019-09-25 05:07:41,580 [main] INFO  db.DBStoreBuilder (DBStoreBuilder.java:processTables(161)) - Using default column profile:DBProfile.DISK for Table:deletedTable
2019-09-25 05:07:41,580 [main] INFO  db.DBStoreBuilder (DBStoreBuilder.java:addTable(110)) - using custom profile for table: openKeyTable
2019-09-25 05:07:41,581 [main] INFO  db.DBStoreBuilder (DBStoreBuilder.java:processTables(161)) - Using default column profile:DBProfile.DISK for Table:openKeyTable
2019-09-25 05:07:41,581 [main] INFO  db.DBStoreBuilder (DBStoreBuilder.java:addTable(110)) - using custom profile for table: s3Table
2019-09-25 05:07:41,581 [main] INFO  db.DBStoreBuilder (DBStoreBuilder.java:processTables(161)) - Using default column profile:DBProfile.DISK for Table:s3Table
2019-09-25 05:07:41,582 [main] INFO  db.DBStoreBuilder (DBStoreBuilder.java:addTable(110)) - using custom profile for table: multipartInfoTable
2019-09-25 05:07:41,582 [main] INFO  db.DBStoreBuilder (DBStoreBuilder.java:processTables(161)) - Using default column profile:DBProfile.DISK for Table:multipartInfoTable
2019-09-25 05:07:41,582 [main] INFO  db.DBStoreBuilder (DBStoreBuilder.java:addTable(110)) - using custom profile for table: dTokenTable
2019-09-25 05:07:41,582 [main] INFO  db.DBStoreBuilder (DBStoreBuilder.java:processTables(161)) - Using default column profile:DBProfile.DISK for Table:dTokenTable
2019-09-25 05:07:41,583 [main] INFO  db.DBStoreBuilder (DBStoreBuilder.java:addTable(110)) - using custom profile for table: s3SecretTable
2019-09-25 05:07:41,583 [main] INFO  db.DBStoreBuilder (DBStoreBuilder.java:processTables(161)) - Using default column profile:DBProfile.DISK for Table:s3SecretTable
2019-09-25 05:07:41,583 [main] INFO  db.DBStoreBuilder (DBStoreBuilder.java:addTable(110)) - using custom profile for table: prefixTable
2019-09-25 05:07:41,584 [main] INFO  db.DBStoreBuilder (DBStoreBuilder.java:processTables(161)) - Using default column profile:DBProfile.DISK for Table:prefixTable
2019-09-25 05:07:41,584 [main] INFO  db.DBStoreBuilder (DBStoreBuilder.java:addTable(110)) - using custom profile for table: default
2019-09-25 05:07:41,584 [main] INFO  db.DBStoreBuilder (DBStoreBuilder.java:processTables(167)) - Using default column profile:DBProfile.DISK for Table:default
2019-09-25 05:07:41,584 [main] INFO  db.DBStoreBuilder (DBStoreBuilder.java:getDbProfile(198)) - Using default options. DBProfile.DISK
2019-09-25 05:07:42,356 [main] INFO  ipc.CallQueueManager (CallQueueManager.java:<init>(84)) - Using callQueue: class java.util.concurrent.LinkedBlockingQueue, queueCapacity: 2000, scheduler: class org.apache.hadoop.ipc.DefaultRpcScheduler, ipcBackoff: false.
2019-09-25 05:07:42,358 [Socket Reader #1 for port 32979] INFO  ipc.Server (Server.java:run(1074)) - Starting Socket Reader #1 for port 32979
2019-09-25 05:07:42,383 [main] INFO  om.OzoneManager (OzoneManager.java:start(1243)) - OzoneManager RPC server is listening at localhost/127.0.0.1:32979
2019-09-25 05:07:42,383 [main] INFO  impl.MetricsSystemImpl (MetricsSystemImpl.java:init(158)) - OzoneManager metrics system started (again)
2019-09-25 05:07:42,384 [IPC Server listener on 32979] INFO  ipc.Server (Server.java:run(1153)) - IPC Server listener on 32979: starting
2019-09-25 05:07:42,384 [IPC Server Responder] INFO  ipc.Server (Server.java:run(1314)) - IPC Server Responder: starting
2019-09-25 05:07:42,393 [main] INFO  hdfs.DFSUtil (DFSUtil.java:httpServerTemplateForNNAndJN(1641)) - Starting Web-server for ozoneManager at: http://0.0.0.0:0
2019-09-25 05:07:42,405 [main] INFO  server.AuthenticationFilter (AuthenticationFilter.java:constructSecretProvider(240)) - Unable to initialize FileSignerSecretProvider, falling back to use random secrets.
2019-09-25 05:07:42,406 [main] WARN  http.HttpRequestLog (HttpRequestLog.java:getRequestLog(97)) - Jetty request log can only be enabled using Log4j
2019-09-25 05:07:42,408 [main] INFO  http.HttpServer2 (HttpServer2.java:addGlobalFilter(975)) - Added global filter 'safety' (class=org.apache.hadoop.http.HttpServer2$QuotingInputFilter)
2019-09-25 05:07:42,409 [main] INFO  http.HttpServer2 (HttpServer2.java:addFilter(948)) - Added filter static_user_filter (class=org.apache.hadoop.http.lib.StaticUserWebFilter$StaticUserFilter) to context ozoneManager
2019-09-25 05:07:42,409 [main] INFO  http.HttpServer2 (HttpServer2.java:addFilter(958)) - Added filter static_user_filter (class=org.apache.hadoop.http.lib.StaticUserWebFilter$StaticUserFilter) to context logs
2019-09-25 05:07:42,409 [main] INFO  http.HttpServer2 (HttpServer2.java:addFilter(958)) - Added filter static_user_filter (class=org.apache.hadoop.http.lib.StaticUserWebFilter$StaticUserFilter) to context static
2019-09-25 05:07:42,410 [main] INFO  http.HttpServer2 (HttpServer2.java:bindListener(1191)) - Jetty bound to port 38643
2019-09-25 05:07:42,410 [main] INFO  server.Server (Server.java:doStart(351)) - jetty-9.3.25.v20180904, build timestamp: 2018-09-04T21:11:46Z, git hash: 3ce520221d0240229c862b122d2b06c12a625732
2019-09-25 05:07:42,413 [main] INFO  handler.ContextHandler (ContextHandler.java:doStart(781)) - Started o.e.j.s.ServletContextHandler@7944b8b4{/logs,file:///workdir/hadoop-ozone/integration-test/target/log,AVAILABLE}
2019-09-25 05:07:42,413 [main] INFO  handler.ContextHandler (ContextHandler.java:doStart(781)) - Started o.e.j.s.ServletContextHandler@1450131a{/static,file:///workdir/hadoop-ozone/integration-test/target/test-classes/webapps/static,AVAILABLE}
2019-09-25 05:07:42,419 [main] INFO  handler.ContextHandler (ContextHandler.java:doStart(781)) - Started o.e.j.w.WebAppContext@32f32623{/,file:///workdir/hadoop-ozone/integration-test/target/test-classes/webapps/ozoneManager/,AVAILABLE}{/ozoneManager}
2019-09-25 05:07:42,419 [main] INFO  server.AbstractConnector (AbstractConnector.java:doStart(278)) - Started ServerConnector@3becc950{HTTP/1.1,[http/1.1]}{0.0.0.0:38643}
2019-09-25 05:07:42,429 [main] INFO  server.Server (Server.java:doStart(419)) - Started @243637ms
2019-09-25 05:07:42,429 [main] WARN  impl.MetricsSystemImpl (MetricsSystemImpl.java:register(276)) - Sink prometheus already exists!
2019-09-25 05:07:42,430 [main] INFO  server.BaseHttpServer (BaseHttpServer.java:updateConnectorAddress(215)) - HTTP server of OZONEMANAGER is listening at http://0.0.0.0:38643
2019-09-25 05:07:42,458 [main] INFO  impl.MetricsSystemImpl (MetricsSystemImpl.java:init(158)) - HddsDatanode metrics system started (again)
2019-09-25 05:07:42,479 [main] INFO  ozone.HddsDatanodeService (HddsDatanodeService.java:start(184)) - HddsDatanodeService host:pr-hdds-2174-pqx5g-486351168 ip:192.168.36.126
2019-09-25 05:07:42,488 [main] INFO  volume.HddsVolume (HddsVolume.java:<init>(176)) - Creating Volume: /workdir/hadoop-ozone/integration-test/target/test-dir/MiniOzoneClusterImpl-4a5a4de4-737d-4e52-b3c3-543a3eb2b617/datanode-0/data/containers/hdds of  storage type : DISK and capacity : 1482555576320
2019-09-25 05:07:42,489 [main] INFO  volume.VolumeSet (VolumeSet.java:initializeVolumeSet(170)) - Added Volume : /workdir/hadoop-ozone/integration-test/target/test-dir/MiniOzoneClusterImpl-4a5a4de4-737d-4e52-b3c3-543a3eb2b617/datanode-0/data/containers/hdds to VolumeSet
2019-09-25 05:07:42,489 [main] INFO  volume.ThrottledAsyncChecker (ThrottledAsyncChecker.java:schedule(139)) - Scheduling a check for org.apache.hadoop.ozone.container.common.volume.HddsVolume@7b25ab31
2019-09-25 05:07:42,490 [main] INFO  volume.HddsVolumeChecker (HddsVolumeChecker.java:checkAllVolumes(202)) - Scheduled health check for volume org.apache.hadoop.ozone.container.common.volume.HddsVolume@7b25ab31
2019-09-25 05:07:42,506 [main] INFO  impl.RaftServerProxy (ConfUtils.java:logGet(43)) - raft.rpc.type = GRPC (default)
2019-09-25 05:07:42,506 [main] INFO  grpc.GrpcFactory (GrpcFactory.java:checkPooledByteBufAllocatorUseCacheForAllThreads(45)) - PERFORMANCE WARNING: useCacheForAllThreads is true that may cause Netty to create a lot garbage objects and, as a result, trigger GC.
	It is recommended to disable useCacheForAllThreads by setting -Dorg.apache.ratis.thirdparty.io.netty.allocator.useCacheForAllThreads=false in command line.
2019-09-25 05:07:42,506 [main] INFO  grpc.GrpcConfigKeys$Server (ConfUtils.java:logGet(43)) - raft.grpc.server.port = 0 (default)
2019-09-25 05:07:42,507 [main] INFO  server.GrpcService (ConfUtils.java:logGet(43)) - raft.grpc.message.size.max = 33570816 (custom)
2019-09-25 05:07:42,507 [main] INFO  server.RaftServerConfigKeys (ConfUtils.java:logGet(43)) - raft.server.log.appender.buffer.byte-limit = 33554432 (custom)
2019-09-25 05:07:42,507 [main] INFO  server.GrpcService (ConfUtils.java:logGet(43)) - raft.grpc.flow.control.window = 1MB (=1048576) (default)
2019-09-25 05:07:42,508 [main] INFO  server.RaftServerConfigKeys (ConfUtils.java:logGet(43)) - raft.server.rpc.request.timeout = 3000ms (default)
2019-09-25 05:07:42,508 [main] INFO  server.RaftServerConfigKeys (ConfUtils.java:logGet(43)) - raft.server.storage.dir = [/workdir/hadoop-ozone/integration-test/target/test-dir/MiniOzoneClusterImpl-4a5a4de4-737d-4e52-b3c3-543a3eb2b617/datanode-0/data/ratis] (custom)
2019-09-25 05:07:42,510 [main] INFO  hdfs.DFSUtil (DFSUtil.java:httpServerTemplateForNNAndJN(1641)) - Starting Web-server for hddsDatanode at: http://0.0.0.0:0
2019-09-25 05:07:42,512 [main] INFO  server.AuthenticationFilter (AuthenticationFilter.java:constructSecretProvider(240)) - Unable to initialize FileSignerSecretProvider, falling back to use random secrets.
2019-09-25 05:07:42,512 [main] WARN  http.HttpRequestLog (HttpRequestLog.java:getRequestLog(97)) - Jetty request log can only be enabled using Log4j
2019-09-25 05:07:42,514 [main] INFO  http.HttpServer2 (HttpServer2.java:addGlobalFilter(975)) - Added global filter 'safety' (class=org.apache.hadoop.http.HttpServer2$QuotingInputFilter)
2019-09-25 05:07:42,515 [main] INFO  http.HttpServer2 (HttpServer2.java:addFilter(948)) - Added filter static_user_filter (class=org.apache.hadoop.http.lib.StaticUserWebFilter$StaticUserFilter) to context hddsDatanode
2019-09-25 05:07:42,515 [main] INFO  http.HttpServer2 (HttpServer2.java:addFilter(958)) - Added filter static_user_filter (class=org.apache.hadoop.http.lib.StaticUserWebFilter$StaticUserFilter) to context logs
2019-09-25 05:07:42,515 [main] INFO  http.HttpServer2 (HttpServer2.java:addFilter(958)) - Added filter static_user_filter (class=org.apache.hadoop.http.lib.StaticUserWebFilter$StaticUserFilter) to context static
2019-09-25 05:07:42,516 [main] INFO  http.HttpServer2 (HttpServer2.java:bindListener(1191)) - Jetty bound to port 37924
2019-09-25 05:07:42,516 [main] INFO  server.Server (Server.java:doStart(351)) - jetty-9.3.25.v20180904, build timestamp: 2018-09-04T21:11:46Z, git hash: 3ce520221d0240229c862b122d2b06c12a625732
2019-09-25 05:07:42,518 [main] INFO  handler.ContextHandler (ContextHandler.java:doStart(781)) - Started o.e.j.s.ServletContextHandler@6d672bd4{/logs,file:///workdir/hadoop-ozone/integration-test/target/log,AVAILABLE}
2019-09-25 05:07:42,519 [main] INFO  handler.ContextHandler (ContextHandler.java:doStart(781)) - Started o.e.j.s.ServletContextHandler@72906e{/static,jar:file:/home/user/.m2/repository/org/apache/hadoop/hadoop-hdds-container-service/0.5.0-SNAPSHOT/hadoop-hdds-container-service-0.5.0-SNAPSHOT.jar!/webapps/static,AVAILABLE}
2019-09-25 05:07:42,553 [main] INFO  handler.ContextHandler (ContextHandler.java:doStart(781)) - Started o.e.j.w.WebAppContext@76d7881e{/,file:///tmp/jetty-0.0.0.0-37924-hddsDatanode-_-any-727505344502120812.dir/webapp/,AVAILABLE}{/hddsDatanode}
2019-09-25 05:07:42,553 [main] INFO  server.AbstractConnector (AbstractConnector.java:doStart(278)) - Started ServerConnector@4aa31ffc{HTTP/1.1,[http/1.1]}{0.0.0.0:37924}
2019-09-25 05:07:42,557 [main] INFO  server.Server (Server.java:doStart(419)) - Started @243765ms
2019-09-25 05:07:42,557 [main] WARN  impl.MetricsSystemImpl (MetricsSystemImpl.java:register(276)) - Sink prometheus already exists!
2019-09-25 05:07:42,558 [main] INFO  server.BaseHttpServer (BaseHttpServer.java:updateConnectorAddress(215)) - HTTP server of HDDSDATANODE is listening at http://0.0.0.0:37924
2019-09-25 05:07:42,558 [main] INFO  impl.MetricsSystemImpl (MetricsSystemImpl.java:init(158)) - HddsDatanode metrics system started (again)
2019-09-25 05:07:42,576 [org.apache.hadoop.util.JvmPauseMonitor$Monitor@63cc0c53] INFO  util.JvmPauseMonitor (JvmPauseMonitor.java:run(188)) - Starting JVM pause monitor
2019-09-25 05:07:42,578 [Datanode State Machine Thread - 0] INFO  datanode.InitDatanodeState (InitDatanodeState.java:persistContainerDatanodeDetails(140)) - DatanodeDetails is persisted to /workdir/hadoop-ozone/integration-test/target/test-dir/MiniOzoneClusterImpl-4a5a4de4-737d-4e52-b3c3-543a3eb2b617/datanode-0/meta/datanode.id
2019-09-25 05:07:42,579 [main] INFO  ozone.HddsDatanodeService (HddsDatanodeService.java:start(184)) - HddsDatanodeService host:pr-hdds-2174-pqx5g-486351168 ip:192.168.36.126
2019-09-25 05:07:42,589 [main] INFO  volume.HddsVolume (HddsVolume.java:<init>(176)) - Creating Volume: /workdir/hadoop-ozone/integration-test/target/test-dir/MiniOzoneClusterImpl-4a5a4de4-737d-4e52-b3c3-543a3eb2b617/datanode-1/data/containers/hdds of  storage type : DISK and capacity : 1482555576320
2019-09-25 05:07:42,590 [main] INFO  volume.VolumeSet (VolumeSet.java:initializeVolumeSet(170)) - Added Volume : /workdir/hadoop-ozone/integration-test/target/test-dir/MiniOzoneClusterImpl-4a5a4de4-737d-4e52-b3c3-543a3eb2b617/datanode-1/data/containers/hdds to VolumeSet
2019-09-25 05:07:42,590 [main] INFO  volume.ThrottledAsyncChecker (ThrottledAsyncChecker.java:schedule(139)) - Scheduling a check for org.apache.hadoop.ozone.container.common.volume.HddsVolume@56b8aaf1
2019-09-25 05:07:42,590 [main] INFO  volume.HddsVolumeChecker (HddsVolumeChecker.java:checkAllVolumes(202)) - Scheduled health check for volume org.apache.hadoop.ozone.container.common.volume.HddsVolume@56b8aaf1
2019-09-25 05:07:42,608 [main] INFO  impl.RaftServerProxy (ConfUtils.java:logGet(43)) - raft.rpc.type = GRPC (default)
2019-09-25 05:07:42,609 [main] INFO  grpc.GrpcFactory (GrpcFactory.java:checkPooledByteBufAllocatorUseCacheForAllThreads(45)) - PERFORMANCE WARNING: useCacheForAllThreads is true that may cause Netty to create a lot garbage objects and, as a result, trigger GC.
	It is recommended to disable useCacheForAllThreads by setting -Dorg.apache.ratis.thirdparty.io.netty.allocator.useCacheForAllThreads=false in command line.
2019-09-25 05:07:42,609 [main] INFO  grpc.GrpcConfigKeys$Server (ConfUtils.java:logGet(43)) - raft.grpc.server.port = 0 (default)
2019-09-25 05:07:42,609 [main] INFO  server.GrpcService (ConfUtils.java:logGet(43)) - raft.grpc.message.size.max = 33570816 (custom)
2019-09-25 05:07:42,609 [main] INFO  server.RaftServerConfigKeys (ConfUtils.java:logGet(43)) - raft.server.log.appender.buffer.byte-limit = 33554432 (custom)
2019-09-25 05:07:42,609 [main] INFO  server.GrpcService (ConfUtils.java:logGet(43)) - raft.grpc.flow.control.window = 1MB (=1048576) (default)
2019-09-25 05:07:42,609 [main] INFO  server.RaftServerConfigKeys (ConfUtils.java:logGet(43)) - raft.server.rpc.request.timeout = 3000ms (default)
2019-09-25 05:07:42,610 [main] INFO  server.RaftServerConfigKeys (ConfUtils.java:logGet(43)) - raft.server.storage.dir = [/workdir/hadoop-ozone/integration-test/target/test-dir/MiniOzoneClusterImpl-4a5a4de4-737d-4e52-b3c3-543a3eb2b617/datanode-1/data/ratis] (custom)
2019-09-25 05:07:42,612 [main] INFO  hdfs.DFSUtil (DFSUtil.java:httpServerTemplateForNNAndJN(1641)) - Starting Web-server for hddsDatanode at: http://0.0.0.0:0
2019-09-25 05:07:42,613 [main] INFO  server.AuthenticationFilter (AuthenticationFilter.java:constructSecretProvider(240)) - Unable to initialize FileSignerSecretProvider, falling back to use random secrets.
2019-09-25 05:07:42,614 [main] WARN  http.HttpRequestLog (HttpRequestLog.java:getRequestLog(97)) - Jetty request log can only be enabled using Log4j
2019-09-25 05:07:42,615 [main] INFO  http.HttpServer2 (HttpServer2.java:addGlobalFilter(975)) - Added global filter 'safety' (class=org.apache.hadoop.http.HttpServer2$QuotingInputFilter)
2019-09-25 05:07:42,616 [main] INFO  http.HttpServer2 (HttpServer2.java:addFilter(948)) - Added filter static_user_filter (class=org.apache.hadoop.http.lib.StaticUserWebFilter$StaticUserFilter) to context hddsDatanode
2019-09-25 05:07:42,616 [main] INFO  http.HttpServer2 (HttpServer2.java:addFilter(958)) - Added filter static_user_filter (class=org.apache.hadoop.http.lib.StaticUserWebFilter$StaticUserFilter) to context static
2019-09-25 05:07:42,616 [main] INFO  http.HttpServer2 (HttpServer2.java:addFilter(958)) - Added filter static_user_filter (class=org.apache.hadoop.http.lib.StaticUserWebFilter$StaticUserFilter) to context logs
2019-09-25 05:07:42,617 [main] INFO  http.HttpServer2 (HttpServer2.java:bindListener(1191)) - Jetty bound to port 33449
2019-09-25 05:07:42,617 [main] INFO  server.Server (Server.java:doStart(351)) - jetty-9.3.25.v20180904, build timestamp: 2018-09-04T21:11:46Z, git hash: 3ce520221d0240229c862b122d2b06c12a625732
2019-09-25 05:07:42,619 [main] INFO  handler.ContextHandler (ContextHandler.java:doStart(781)) - Started o.e.j.s.ServletContextHandler@71179b6f{/logs,file:///workdir/hadoop-ozone/integration-test/target/log,AVAILABLE}
2019-09-25 05:07:42,620 [main] INFO  handler.ContextHandler (ContextHandler.java:doStart(781)) - Started o.e.j.s.ServletContextHandler@526e8108{/static,jar:file:/home/user/.m2/repository/org/apache/hadoop/hadoop-hdds-container-service/0.5.0-SNAPSHOT/hadoop-hdds-container-service-0.5.0-SNAPSHOT.jar!/webapps/static,AVAILABLE}
2019-09-25 05:07:42,652 [main] INFO  handler.ContextHandler (ContextHandler.java:doStart(781)) - Started o.e.j.w.WebAppContext@6436e181{/,file:///tmp/jetty-0.0.0.0-33449-hddsDatanode-_-any-22802958366683824.dir/webapp/,AVAILABLE}{/hddsDatanode}
2019-09-25 05:07:42,653 [main] INFO  server.AbstractConnector (AbstractConnector.java:doStart(278)) - Started ServerConnector@7186b202{HTTP/1.1,[http/1.1]}{0.0.0.0:33449}
2019-09-25 05:07:42,655 [main] INFO  server.Server (Server.java:doStart(419)) - Started @243864ms
2019-09-25 05:07:42,656 [main] WARN  impl.MetricsSystemImpl (MetricsSystemImpl.java:register(276)) - Sink prometheus already exists!
2019-09-25 05:07:42,656 [main] INFO  server.BaseHttpServer (BaseHttpServer.java:updateConnectorAddress(215)) - HTTP server of HDDSDATANODE is listening at http://0.0.0.0:33449
2019-09-25 05:07:42,657 [main] INFO  impl.MetricsSystemImpl (MetricsSystemImpl.java:init(158)) - HddsDatanode metrics system started (again)
2019-09-25 05:07:42,675 [org.apache.hadoop.util.JvmPauseMonitor$Monitor@5149bf48] INFO  util.JvmPauseMonitor (JvmPauseMonitor.java:run(188)) - Starting JVM pause monitor
2019-09-25 05:07:42,678 [main] INFO  ozone.HddsDatanodeService (HddsDatanodeService.java:start(184)) - HddsDatanodeService host:pr-hdds-2174-pqx5g-486351168 ip:192.168.36.126
2019-09-25 05:07:42,679 [Datanode State Machine Thread - 0] INFO  datanode.InitDatanodeState (InitDatanodeState.java:persistContainerDatanodeDetails(140)) - DatanodeDetails is persisted to /workdir/hadoop-ozone/integration-test/target/test-dir/MiniOzoneClusterImpl-4a5a4de4-737d-4e52-b3c3-543a3eb2b617/datanode-1/meta/datanode.id
2019-09-25 05:07:42,687 [main] INFO  volume.HddsVolume (HddsVolume.java:<init>(176)) - Creating Volume: /workdir/hadoop-ozone/integration-test/target/test-dir/MiniOzoneClusterImpl-4a5a4de4-737d-4e52-b3c3-543a3eb2b617/datanode-2/data/containers/hdds of  storage type : DISK and capacity : 1482555576320
2019-09-25 05:07:42,688 [main] INFO  volume.VolumeSet (VolumeSet.java:initializeVolumeSet(170)) - Added Volume : /workdir/hadoop-ozone/integration-test/target/test-dir/MiniOzoneClusterImpl-4a5a4de4-737d-4e52-b3c3-543a3eb2b617/datanode-2/data/containers/hdds to VolumeSet
2019-09-25 05:07:42,688 [main] INFO  volume.ThrottledAsyncChecker (ThrottledAsyncChecker.java:schedule(139)) - Scheduling a check for org.apache.hadoop.ozone.container.common.volume.HddsVolume@4b8137c5
2019-09-25 05:07:42,688 [main] INFO  volume.HddsVolumeChecker (HddsVolumeChecker.java:checkAllVolumes(202)) - Scheduled health check for volume org.apache.hadoop.ozone.container.common.volume.HddsVolume@4b8137c5
2019-09-25 05:07:42,705 [main] INFO  impl.RaftServerProxy (ConfUtils.java:logGet(43)) - raft.rpc.type = GRPC (default)
2019-09-25 05:07:42,706 [main] INFO  grpc.GrpcFactory (GrpcFactory.java:checkPooledByteBufAllocatorUseCacheForAllThreads(45)) - PERFORMANCE WARNING: useCacheForAllThreads is true that may cause Netty to create a lot garbage objects and, as a result, trigger GC.
	It is recommended to disable useCacheForAllThreads by setting -Dorg.apache.ratis.thirdparty.io.netty.allocator.useCacheForAllThreads=false in command line.
2019-09-25 05:07:42,706 [main] INFO  grpc.GrpcConfigKeys$Server (ConfUtils.java:logGet(43)) - raft.grpc.server.port = 0 (default)
2019-09-25 05:07:42,706 [main] INFO  server.GrpcService (ConfUtils.java:logGet(43)) - raft.grpc.message.size.max = 33570816 (custom)
2019-09-25 05:07:42,706 [main] INFO  server.RaftServerConfigKeys (ConfUtils.java:logGet(43)) - raft.server.log.appender.buffer.byte-limit = 33554432 (custom)
2019-09-25 05:07:42,706 [main] INFO  server.GrpcService (ConfUtils.java:logGet(43)) - raft.grpc.flow.control.window = 1MB (=1048576) (default)
2019-09-25 05:07:42,706 [main] INFO  server.RaftServerConfigKeys (ConfUtils.java:logGet(43)) - raft.server.rpc.request.timeout = 3000ms (default)
2019-09-25 05:07:42,707 [main] INFO  server.RaftServerConfigKeys (ConfUtils.java:logGet(43)) - raft.server.storage.dir = [/workdir/hadoop-ozone/integration-test/target/test-dir/MiniOzoneClusterImpl-4a5a4de4-737d-4e52-b3c3-543a3eb2b617/datanode-2/data/ratis] (custom)
2019-09-25 05:07:42,708 [main] INFO  hdfs.DFSUtil (DFSUtil.java:httpServerTemplateForNNAndJN(1641)) - Starting Web-server for hddsDatanode at: http://0.0.0.0:0
2019-09-25 05:07:42,710 [main] INFO  server.AuthenticationFilter (AuthenticationFilter.java:constructSecretProvider(240)) - Unable to initialize FileSignerSecretProvider, falling back to use random secrets.
2019-09-25 05:07:42,710 [main] WARN  http.HttpRequestLog (HttpRequestLog.java:getRequestLog(97)) - Jetty request log can only be enabled using Log4j
2019-09-25 05:07:42,712 [main] INFO  http.HttpServer2 (HttpServer2.java:addGlobalFilter(975)) - Added global filter 'safety' (class=org.apache.hadoop.http.HttpServer2$QuotingInputFilter)
2019-09-25 05:07:42,713 [main] INFO  http.HttpServer2 (HttpServer2.java:addFilter(948)) - Added filter static_user_filter (class=org.apache.hadoop.http.lib.StaticUserWebFilter$StaticUserFilter) to context hddsDatanode
2019-09-25 05:07:42,713 [main] INFO  http.HttpServer2 (HttpServer2.java:addFilter(958)) - Added filter static_user_filter (class=org.apache.hadoop.http.lib.StaticUserWebFilter$StaticUserFilter) to context static
2019-09-25 05:07:42,713 [main] INFO  http.HttpServer2 (HttpServer2.java:addFilter(958)) - Added filter static_user_filter (class=org.apache.hadoop.http.lib.StaticUserWebFilter$StaticUserFilter) to context logs
2019-09-25 05:07:42,714 [main] INFO  http.HttpServer2 (HttpServer2.java:bindListener(1191)) - Jetty bound to port 44358
2019-09-25 05:07:42,714 [main] INFO  server.Server (Server.java:doStart(351)) - jetty-9.3.25.v20180904, build timestamp: 2018-09-04T21:11:46Z, git hash: 3ce520221d0240229c862b122d2b06c12a625732
2019-09-25 05:07:42,716 [main] INFO  handler.ContextHandler (ContextHandler.java:doStart(781)) - Started o.e.j.s.ServletContextHandler@65514add{/logs,file:///workdir/hadoop-ozone/integration-test/target/log,AVAILABLE}
2019-09-25 05:07:42,716 [main] INFO  handler.ContextHandler (ContextHandler.java:doStart(781)) - Started o.e.j.s.ServletContextHandler@773014d3{/static,jar:file:/home/user/.m2/repository/org/apache/hadoop/hadoop-hdds-container-service/0.5.0-SNAPSHOT/hadoop-hdds-container-service-0.5.0-SNAPSHOT.jar!/webapps/static,AVAILABLE}
2019-09-25 05:07:42,747 [main] INFO  handler.ContextHandler (ContextHandler.java:doStart(781)) - Started o.e.j.w.WebAppContext@2c748a15{/,file:///tmp/jetty-0.0.0.0-44358-hddsDatanode-_-any-428423921369294865.dir/webapp/,AVAILABLE}{/hddsDatanode}
2019-09-25 05:07:42,747 [main] INFO  server.AbstractConnector (AbstractConnector.java:doStart(278)) - Started ServerConnector@19fd43da{HTTP/1.1,[http/1.1]}{0.0.0.0:44358}
2019-09-25 05:07:42,750 [main] INFO  server.Server (Server.java:doStart(419)) - Started @243958ms
2019-09-25 05:07:42,750 [main] WARN  impl.MetricsSystemImpl (MetricsSystemImpl.java:register(276)) - Sink prometheus already exists!
2019-09-25 05:07:42,751 [main] INFO  server.BaseHttpServer (BaseHttpServer.java:updateConnectorAddress(215)) - HTTP server of HDDSDATANODE is listening at http://0.0.0.0:44358
2019-09-25 05:07:42,752 [main] INFO  impl.MetricsSystemImpl (MetricsSystemImpl.java:init(158)) - HddsDatanode metrics system started (again)
2019-09-25 05:07:42,781 [org.apache.hadoop.util.JvmPauseMonitor$Monitor@78cb791e] INFO  util.JvmPauseMonitor (JvmPauseMonitor.java:run(188)) - Starting JVM pause monitor
2019-09-25 05:07:42,782 [Datanode State Machine Thread - 0] INFO  datanode.InitDatanodeState (InitDatanodeState.java:persistContainerDatanodeDetails(140)) - DatanodeDetails is persisted to /workdir/hadoop-ozone/integration-test/target/test-dir/MiniOzoneClusterImpl-4a5a4de4-737d-4e52-b3c3-543a3eb2b617/datanode-2/meta/datanode.id
2019-09-25 05:07:42,785 [main] INFO  ozone.HddsDatanodeService (HddsDatanodeService.java:start(184)) - HddsDatanodeService host:pr-hdds-2174-pqx5g-486351168 ip:192.168.36.126
2019-09-25 05:07:42,804 [main] INFO  volume.HddsVolume (HddsVolume.java:<init>(176)) - Creating Volume: /workdir/hadoop-ozone/integration-test/target/test-dir/MiniOzoneClusterImpl-4a5a4de4-737d-4e52-b3c3-543a3eb2b617/datanode-3/data/containers/hdds of  storage type : DISK and capacity : 1482555576320
2019-09-25 05:07:42,804 [main] INFO  volume.VolumeSet (VolumeSet.java:initializeVolumeSet(170)) - Added Volume : /workdir/hadoop-ozone/integration-test/target/test-dir/MiniOzoneClusterImpl-4a5a4de4-737d-4e52-b3c3-543a3eb2b617/datanode-3/data/containers/hdds to VolumeSet
2019-09-25 05:07:42,805 [main] INFO  volume.ThrottledAsyncChecker (ThrottledAsyncChecker.java:schedule(139)) - Scheduling a check for org.apache.hadoop.ozone.container.common.volume.HddsVolume@58324c9f
2019-09-25 05:07:42,805 [main] INFO  volume.HddsVolumeChecker (HddsVolumeChecker.java:checkAllVolumes(202)) - Scheduled health check for volume org.apache.hadoop.ozone.container.common.volume.HddsVolume@58324c9f
2019-09-25 05:07:42,825 [main] INFO  impl.RaftServerProxy (ConfUtils.java:logGet(43)) - raft.rpc.type = GRPC (default)
2019-09-25 05:07:42,826 [main] INFO  grpc.GrpcFactory (GrpcFactory.java:checkPooledByteBufAllocatorUseCacheForAllThreads(45)) - PERFORMANCE WARNING: useCacheForAllThreads is true that may cause Netty to create a lot garbage objects and, as a result, trigger GC.
	It is recommended to disable useCacheForAllThreads by setting -Dorg.apache.ratis.thirdparty.io.netty.allocator.useCacheForAllThreads=false in command line.
2019-09-25 05:07:42,826 [main] INFO  grpc.GrpcConfigKeys$Server (ConfUtils.java:logGet(43)) - raft.grpc.server.port = 0 (default)
2019-09-25 05:07:42,826 [main] INFO  server.GrpcService (ConfUtils.java:logGet(43)) - raft.grpc.message.size.max = 33570816 (custom)
2019-09-25 05:07:42,827 [main] INFO  server.RaftServerConfigKeys (ConfUtils.java:logGet(43)) - raft.server.log.appender.buffer.byte-limit = 33554432 (custom)
2019-09-25 05:07:42,827 [main] INFO  server.GrpcService (ConfUtils.java:logGet(43)) - raft.grpc.flow.control.window = 1MB (=1048576) (default)
2019-09-25 05:07:42,827 [main] INFO  server.RaftServerConfigKeys (ConfUtils.java:logGet(43)) - raft.server.rpc.request.timeout = 3000ms (default)
2019-09-25 05:07:42,828 [main] INFO  server.RaftServerConfigKeys (ConfUtils.java:logGet(43)) - raft.server.storage.dir = [/workdir/hadoop-ozone/integration-test/target/test-dir/MiniOzoneClusterImpl-4a5a4de4-737d-4e52-b3c3-543a3eb2b617/datanode-3/data/ratis] (custom)
2019-09-25 05:07:42,830 [main] INFO  hdfs.DFSUtil (DFSUtil.java:httpServerTemplateForNNAndJN(1641)) - Starting Web-server for hddsDatanode at: http://0.0.0.0:0
2019-09-25 05:07:42,832 [main] INFO  server.AuthenticationFilter (AuthenticationFilter.java:constructSecretProvider(240)) - Unable to initialize FileSignerSecretProvider, falling back to use random secrets.
2019-09-25 05:07:42,833 [main] WARN  http.HttpRequestLog (HttpRequestLog.java:getRequestLog(97)) - Jetty request log can only be enabled using Log4j
2019-09-25 05:07:42,835 [main] INFO  http.HttpServer2 (HttpServer2.java:addGlobalFilter(975)) - Added global filter 'safety' (class=org.apache.hadoop.http.HttpServer2$QuotingInputFilter)
2019-09-25 05:07:42,836 [main] INFO  http.HttpServer2 (HttpServer2.java:addFilter(948)) - Added filter static_user_filter (class=org.apache.hadoop.http.lib.StaticUserWebFilter$StaticUserFilter) to context hddsDatanode
2019-09-25 05:07:42,836 [main] INFO  http.HttpServer2 (HttpServer2.java:addFilter(958)) - Added filter static_user_filter (class=org.apache.hadoop.http.lib.StaticUserWebFilter$StaticUserFilter) to context logs
2019-09-25 05:07:42,837 [main] INFO  http.HttpServer2 (HttpServer2.java:addFilter(958)) - Added filter static_user_filter (class=org.apache.hadoop.http.lib.StaticUserWebFilter$StaticUserFilter) to context static
2019-09-25 05:07:42,838 [main] INFO  http.HttpServer2 (HttpServer2.java:bindListener(1191)) - Jetty bound to port 44942
2019-09-25 05:07:42,838 [main] INFO  server.Server (Server.java:doStart(351)) - jetty-9.3.25.v20180904, build timestamp: 2018-09-04T21:11:46Z, git hash: 3ce520221d0240229c862b122d2b06c12a625732
2019-09-25 05:07:42,840 [main] INFO  handler.ContextHandler (ContextHandler.java:doStart(781)) - Started o.e.j.s.ServletContextHandler@21ae657b{/logs,file:///workdir/hadoop-ozone/integration-test/target/log,AVAILABLE}
2019-09-25 05:07:42,841 [main] INFO  handler.ContextHandler (ContextHandler.java:doStart(781)) - Started o.e.j.s.ServletContextHandler@576b7c74{/static,jar:file:/home/user/.m2/repository/org/apache/hadoop/hadoop-hdds-container-service/0.5.0-SNAPSHOT/hadoop-hdds-container-service-0.5.0-SNAPSHOT.jar!/webapps/static,AVAILABLE}
2019-09-25 05:07:42,886 [main] INFO  handler.ContextHandler (ContextHandler.java:doStart(781)) - Started o.e.j.w.WebAppContext@ee8e7ff{/,file:///tmp/jetty-0.0.0.0-44942-hddsDatanode-_-any-7779724210769032943.dir/webapp/,AVAILABLE}{/hddsDatanode}
2019-09-25 05:07:42,886 [main] INFO  server.AbstractConnector (AbstractConnector.java:doStart(278)) - Started ServerConnector@61a2aeb7{HTTP/1.1,[http/1.1]}{0.0.0.0:44942}
2019-09-25 05:07:42,890 [main] INFO  server.Server (Server.java:doStart(419)) - Started @244099ms
2019-09-25 05:07:42,891 [main] WARN  impl.MetricsSystemImpl (MetricsSystemImpl.java:register(276)) - Sink prometheus already exists!
2019-09-25 05:07:42,891 [main] INFO  server.BaseHttpServer (BaseHttpServer.java:updateConnectorAddress(215)) - HTTP server of HDDSDATANODE is listening at http://0.0.0.0:44942
2019-09-25 05:07:42,892 [main] INFO  impl.MetricsSystemImpl (MetricsSystemImpl.java:init(158)) - HddsDatanode metrics system started (again)
2019-09-25 05:07:42,915 [org.apache.hadoop.util.JvmPauseMonitor$Monitor@3aee54a3] INFO  util.JvmPauseMonitor (JvmPauseMonitor.java:run(188)) - Starting JVM pause monitor
2019-09-25 05:07:42,918 [Datanode State Machine Thread - 0] INFO  datanode.InitDatanodeState (InitDatanodeState.java:persistContainerDatanodeDetails(140)) - DatanodeDetails is persisted to /workdir/hadoop-ozone/integration-test/target/test-dir/MiniOzoneClusterImpl-4a5a4de4-737d-4e52-b3c3-543a3eb2b617/datanode-3/meta/datanode.id
2019-09-25 05:07:42,919 [main] INFO  ozone.HddsDatanodeService (HddsDatanodeService.java:start(184)) - HddsDatanodeService host:pr-hdds-2174-pqx5g-486351168 ip:192.168.36.126
2019-09-25 05:07:42,939 [main] INFO  volume.HddsVolume (HddsVolume.java:<init>(176)) - Creating Volume: /workdir/hadoop-ozone/integration-test/target/test-dir/MiniOzoneClusterImpl-4a5a4de4-737d-4e52-b3c3-543a3eb2b617/datanode-4/data/containers/hdds of  storage type : DISK and capacity : 1482555576320
2019-09-25 05:07:42,940 [main] INFO  volume.VolumeSet (VolumeSet.java:initializeVolumeSet(170)) - Added Volume : /workdir/hadoop-ozone/integration-test/target/test-dir/MiniOzoneClusterImpl-4a5a4de4-737d-4e52-b3c3-543a3eb2b617/datanode-4/data/containers/hdds to VolumeSet
2019-09-25 05:07:42,940 [main] INFO  volume.ThrottledAsyncChecker (ThrottledAsyncChecker.java:schedule(139)) - Scheduling a check for org.apache.hadoop.ozone.container.common.volume.HddsVolume@60cb1ed6
2019-09-25 05:07:42,940 [main] INFO  volume.HddsVolumeChecker (HddsVolumeChecker.java:checkAllVolumes(202)) - Scheduled health check for volume org.apache.hadoop.ozone.container.common.volume.HddsVolume@60cb1ed6
2019-09-25 05:07:42,960 [main] INFO  impl.RaftServerProxy (ConfUtils.java:logGet(43)) - raft.rpc.type = GRPC (default)
2019-09-25 05:07:42,961 [main] INFO  grpc.GrpcFactory (GrpcFactory.java:checkPooledByteBufAllocatorUseCacheForAllThreads(45)) - PERFORMANCE WARNING: useCacheForAllThreads is true that may cause Netty to create a lot garbage objects and, as a result, trigger GC.
	It is recommended to disable useCacheForAllThreads by setting -Dorg.apache.ratis.thirdparty.io.netty.allocator.useCacheForAllThreads=false in command line.
2019-09-25 05:07:42,961 [main] INFO  grpc.GrpcConfigKeys$Server (ConfUtils.java:logGet(43)) - raft.grpc.server.port = 0 (default)
2019-09-25 05:07:42,961 [main] INFO  server.GrpcService (ConfUtils.java:logGet(43)) - raft.grpc.message.size.max = 33570816 (custom)
2019-09-25 05:07:42,961 [main] INFO  server.RaftServerConfigKeys (ConfUtils.java:logGet(43)) - raft.server.log.appender.buffer.byte-limit = 33554432 (custom)
2019-09-25 05:07:42,961 [main] INFO  server.GrpcService (ConfUtils.java:logGet(43)) - raft.grpc.flow.control.window = 1MB (=1048576) (default)
2019-09-25 05:07:42,962 [main] INFO  server.RaftServerConfigKeys (ConfUtils.java:logGet(43)) - raft.server.rpc.request.timeout = 3000ms (default)
2019-09-25 05:07:42,962 [main] INFO  server.RaftServerConfigKeys (ConfUtils.java:logGet(43)) - raft.server.storage.dir = [/workdir/hadoop-ozone/integration-test/target/test-dir/MiniOzoneClusterImpl-4a5a4de4-737d-4e52-b3c3-543a3eb2b617/datanode-4/data/ratis] (custom)
2019-09-25 05:07:42,964 [main] INFO  hdfs.DFSUtil (DFSUtil.java:httpServerTemplateForNNAndJN(1641)) - Starting Web-server for hddsDatanode at: http://0.0.0.0:0
2019-09-25 05:07:42,966 [main] INFO  server.AuthenticationFilter (AuthenticationFilter.java:constructSecretProvider(240)) - Unable to initialize FileSignerSecretProvider, falling back to use random secrets.
2019-09-25 05:07:42,966 [main] WARN  http.HttpRequestLog (HttpRequestLog.java:getRequestLog(97)) - Jetty request log can only be enabled using Log4j
2019-09-25 05:07:42,968 [main] INFO  http.HttpServer2 (HttpServer2.java:addGlobalFilter(975)) - Added global filter 'safety' (class=org.apache.hadoop.http.HttpServer2$QuotingInputFilter)
2019-09-25 05:07:42,969 [main] INFO  http.HttpServer2 (HttpServer2.java:addFilter(948)) - Added filter static_user_filter (class=org.apache.hadoop.http.lib.StaticUserWebFilter$StaticUserFilter) to context hddsDatanode
2019-09-25 05:07:42,969 [main] INFO  http.HttpServer2 (HttpServer2.java:addFilter(958)) - Added filter static_user_filter (class=org.apache.hadoop.http.lib.StaticUserWebFilter$StaticUserFilter) to context logs
2019-09-25 05:07:42,970 [main] INFO  http.HttpServer2 (HttpServer2.java:addFilter(958)) - Added filter static_user_filter (class=org.apache.hadoop.http.lib.StaticUserWebFilter$StaticUserFilter) to context static
2019-09-25 05:07:42,971 [main] INFO  http.HttpServer2 (HttpServer2.java:bindListener(1191)) - Jetty bound to port 42097
2019-09-25 05:07:42,971 [main] INFO  server.Server (Server.java:doStart(351)) - jetty-9.3.25.v20180904, build timestamp: 2018-09-04T21:11:46Z, git hash: 3ce520221d0240229c862b122d2b06c12a625732
2019-09-25 05:07:42,973 [main] INFO  handler.ContextHandler (ContextHandler.java:doStart(781)) - Started o.e.j.s.ServletContextHandler@3d40a3b4{/logs,file:///workdir/hadoop-ozone/integration-test/target/log,AVAILABLE}
2019-09-25 05:07:42,974 [main] INFO  handler.ContextHandler (ContextHandler.java:doStart(781)) - Started o.e.j.s.ServletContextHandler@59fc6d05{/static,jar:file:/home/user/.m2/repository/org/apache/hadoop/hadoop-hdds-container-service/0.5.0-SNAPSHOT/hadoop-hdds-container-service-0.5.0-SNAPSHOT.jar!/webapps/static,AVAILABLE}
2019-09-25 05:07:43,011 [main] INFO  handler.ContextHandler (ContextHandler.java:doStart(781)) - Started o.e.j.w.WebAppContext@72443081{/,file:///tmp/jetty-0.0.0.0-42097-hddsDatanode-_-any-6529318869900241566.dir/webapp/,AVAILABLE}{/hddsDatanode}
2019-09-25 05:07:43,012 [main] INFO  server.AbstractConnector (AbstractConnector.java:doStart(278)) - Started ServerConnector@33feda48{HTTP/1.1,[http/1.1]}{0.0.0.0:42097}
2019-09-25 05:07:43,015 [main] INFO  server.Server (Server.java:doStart(419)) - Started @244223ms
2019-09-25 05:07:43,015 [main] WARN  impl.MetricsSystemImpl (MetricsSystemImpl.java:register(276)) - Sink prometheus already exists!
2019-09-25 05:07:43,016 [main] INFO  server.BaseHttpServer (BaseHttpServer.java:updateConnectorAddress(215)) - HTTP server of HDDSDATANODE is listening at http://0.0.0.0:42097
2019-09-25 05:07:43,016 [main] INFO  impl.MetricsSystemImpl (MetricsSystemImpl.java:init(158)) - HddsDatanode metrics system started (again)
2019-09-25 05:07:43,041 [org.apache.hadoop.util.JvmPauseMonitor$Monitor@68fbd7a8] INFO  util.JvmPauseMonitor (JvmPauseMonitor.java:run(188)) - Starting JVM pause monitor
2019-09-25 05:07:43,043 [Datanode State Machine Thread - 0] INFO  datanode.InitDatanodeState (InitDatanodeState.java:persistContainerDatanodeDetails(140)) - DatanodeDetails is persisted to /workdir/hadoop-ozone/integration-test/target/test-dir/MiniOzoneClusterImpl-4a5a4de4-737d-4e52-b3c3-543a3eb2b617/datanode-4/meta/datanode.id
2019-09-25 05:07:43,044 [main] INFO  ozone.HddsDatanodeService (HddsDatanodeService.java:start(184)) - HddsDatanodeService host:pr-hdds-2174-pqx5g-486351168 ip:192.168.36.126
2019-09-25 05:07:43,053 [main] INFO  volume.HddsVolume (HddsVolume.java:<init>(176)) - Creating Volume: /workdir/hadoop-ozone/integration-test/target/test-dir/MiniOzoneClusterImpl-4a5a4de4-737d-4e52-b3c3-543a3eb2b617/datanode-5/data/containers/hdds of  storage type : DISK and capacity : 1482555576320
2019-09-25 05:07:43,054 [main] INFO  volume.VolumeSet (VolumeSet.java:initializeVolumeSet(170)) - Added Volume : /workdir/hadoop-ozone/integration-test/target/test-dir/MiniOzoneClusterImpl-4a5a4de4-737d-4e52-b3c3-543a3eb2b617/datanode-5/data/containers/hdds to VolumeSet
2019-09-25 05:07:43,054 [main] INFO  volume.ThrottledAsyncChecker (ThrottledAsyncChecker.java:schedule(139)) - Scheduling a check for org.apache.hadoop.ozone.container.common.volume.HddsVolume@766a52f5
2019-09-25 05:07:43,054 [main] INFO  volume.HddsVolumeChecker (HddsVolumeChecker.java:checkAllVolumes(202)) - Scheduled health check for volume org.apache.hadoop.ozone.container.common.volume.HddsVolume@766a52f5
2019-09-25 05:07:43,073 [main] INFO  impl.RaftServerProxy (ConfUtils.java:logGet(43)) - raft.rpc.type = GRPC (default)
2019-09-25 05:07:43,073 [main] INFO  grpc.GrpcFactory (GrpcFactory.java:checkPooledByteBufAllocatorUseCacheForAllThreads(45)) - PERFORMANCE WARNING: useCacheForAllThreads is true that may cause Netty to create a lot garbage objects and, as a result, trigger GC.
	It is recommended to disable useCacheForAllThreads by setting -Dorg.apache.ratis.thirdparty.io.netty.allocator.useCacheForAllThreads=false in command line.
2019-09-25 05:07:43,073 [main] INFO  grpc.GrpcConfigKeys$Server (ConfUtils.java:logGet(43)) - raft.grpc.server.port = 0 (default)
2019-09-25 05:07:43,073 [main] INFO  server.GrpcService (ConfUtils.java:logGet(43)) - raft.grpc.message.size.max = 33570816 (custom)
2019-09-25 05:07:43,073 [main] INFO  server.RaftServerConfigKeys (ConfUtils.java:logGet(43)) - raft.server.log.appender.buffer.byte-limit = 33554432 (custom)
2019-09-25 05:07:43,074 [main] INFO  server.GrpcService (ConfUtils.java:logGet(43)) - raft.grpc.flow.control.window = 1MB (=1048576) (default)
2019-09-25 05:07:43,074 [main] INFO  server.RaftServerConfigKeys (ConfUtils.java:logGet(43)) - raft.server.rpc.request.timeout = 3000ms (default)
2019-09-25 05:07:43,074 [main] INFO  server.RaftServerConfigKeys (ConfUtils.java:logGet(43)) - raft.server.storage.dir = [/workdir/hadoop-ozone/integration-test/target/test-dir/MiniOzoneClusterImpl-4a5a4de4-737d-4e52-b3c3-543a3eb2b617/datanode-5/data/ratis] (custom)
2019-09-25 05:07:43,076 [main] INFO  hdfs.DFSUtil (DFSUtil.java:httpServerTemplateForNNAndJN(1641)) - Starting Web-server for hddsDatanode at: http://0.0.0.0:0
2019-09-25 05:07:43,078 [main] INFO  server.AuthenticationFilter (AuthenticationFilter.java:constructSecretProvider(240)) - Unable to initialize FileSignerSecretProvider, falling back to use random secrets.
2019-09-25 05:07:43,079 [main] WARN  http.HttpRequestLog (HttpRequestLog.java:getRequestLog(97)) - Jetty request log can only be enabled using Log4j
2019-09-25 05:07:43,081 [main] INFO  http.HttpServer2 (HttpServer2.java:addGlobalFilter(975)) - Added global filter 'safety' (class=org.apache.hadoop.http.HttpServer2$QuotingInputFilter)
2019-09-25 05:07:43,082 [main] INFO  http.HttpServer2 (HttpServer2.java:addFilter(948)) - Added filter static_user_filter (class=org.apache.hadoop.http.lib.StaticUserWebFilter$StaticUserFilter) to context hddsDatanode
2019-09-25 05:07:43,082 [main] INFO  http.HttpServer2 (HttpServer2.java:addFilter(958)) - Added filter static_user_filter (class=org.apache.hadoop.http.lib.StaticUserWebFilter$StaticUserFilter) to context logs
2019-09-25 05:07:43,082 [main] INFO  http.HttpServer2 (HttpServer2.java:addFilter(958)) - Added filter static_user_filter (class=org.apache.hadoop.http.lib.StaticUserWebFilter$StaticUserFilter) to context static
2019-09-25 05:07:43,083 [main] INFO  http.HttpServer2 (HttpServer2.java:bindListener(1191)) - Jetty bound to port 46212
2019-09-25 05:07:43,084 [main] INFO  server.Server (Server.java:doStart(351)) - jetty-9.3.25.v20180904, build timestamp: 2018-09-04T21:11:46Z, git hash: 3ce520221d0240229c862b122d2b06c12a625732
2019-09-25 05:07:43,086 [main] INFO  handler.ContextHandler (ContextHandler.java:doStart(781)) - Started o.e.j.s.ServletContextHandler@384fda47{/logs,file:///workdir/hadoop-ozone/integration-test/target/log,AVAILABLE}
2019-09-25 05:07:43,087 [main] INFO  handler.ContextHandler (ContextHandler.java:doStart(781)) - Started o.e.j.s.ServletContextHandler@575cabf0{/static,jar:file:/home/user/.m2/repository/org/apache/hadoop/hadoop-hdds-container-service/0.5.0-SNAPSHOT/hadoop-hdds-container-service-0.5.0-SNAPSHOT.jar!/webapps/static,AVAILABLE}
2019-09-25 05:07:43,125 [main] INFO  handler.ContextHandler (ContextHandler.java:doStart(781)) - Started o.e.j.w.WebAppContext@1c34365c{/,file:///tmp/jetty-0.0.0.0-46212-hddsDatanode-_-any-3944337093651438258.dir/webapp/,AVAILABLE}{/hddsDatanode}
2019-09-25 05:07:43,126 [main] INFO  server.AbstractConnector (AbstractConnector.java:doStart(278)) - Started ServerConnector@348137e8{HTTP/1.1,[http/1.1]}{0.0.0.0:46212}
2019-09-25 05:07:43,130 [main] INFO  server.Server (Server.java:doStart(419)) - Started @244338ms
2019-09-25 05:07:43,130 [main] WARN  impl.MetricsSystemImpl (MetricsSystemImpl.java:register(276)) - Sink prometheus already exists!
2019-09-25 05:07:43,131 [main] INFO  server.BaseHttpServer (BaseHttpServer.java:updateConnectorAddress(215)) - HTTP server of HDDSDATANODE is listening at http://0.0.0.0:46212
2019-09-25 05:07:43,131 [main] INFO  impl.MetricsSystemImpl (MetricsSystemImpl.java:init(158)) - HddsDatanode metrics system started (again)
2019-09-25 05:07:43,156 [org.apache.hadoop.util.JvmPauseMonitor$Monitor@3f3352ea] INFO  util.JvmPauseMonitor (JvmPauseMonitor.java:run(188)) - Starting JVM pause monitor
2019-09-25 05:07:43,157 [main] INFO  ozone.HddsDatanodeService (HddsDatanodeService.java:start(184)) - HddsDatanodeService host:pr-hdds-2174-pqx5g-486351168 ip:192.168.36.126
2019-09-25 05:07:43,158 [Datanode State Machine Thread - 0] INFO  datanode.InitDatanodeState (InitDatanodeState.java:persistContainerDatanodeDetails(140)) - DatanodeDetails is persisted to /workdir/hadoop-ozone/integration-test/target/test-dir/MiniOzoneClusterImpl-4a5a4de4-737d-4e52-b3c3-543a3eb2b617/datanode-5/meta/datanode.id
2019-09-25 05:07:43,166 [main] INFO  volume.HddsVolume (HddsVolume.java:<init>(176)) - Creating Volume: /workdir/hadoop-ozone/integration-test/target/test-dir/MiniOzoneClusterImpl-4a5a4de4-737d-4e52-b3c3-543a3eb2b617/datanode-6/data/containers/hdds of  storage type : DISK and capacity : 1482555576320
2019-09-25 05:07:43,166 [main] INFO  volume.VolumeSet (VolumeSet.java:initializeVolumeSet(170)) - Added Volume : /workdir/hadoop-ozone/integration-test/target/test-dir/MiniOzoneClusterImpl-4a5a4de4-737d-4e52-b3c3-543a3eb2b617/datanode-6/data/containers/hdds to VolumeSet
2019-09-25 05:07:43,167 [main] INFO  volume.ThrottledAsyncChecker (ThrottledAsyncChecker.java:schedule(139)) - Scheduling a check for org.apache.hadoop.ozone.container.common.volume.HddsVolume@38d80d65
2019-09-25 05:07:43,167 [main] INFO  volume.HddsVolumeChecker (HddsVolumeChecker.java:checkAllVolumes(202)) - Scheduled health check for volume org.apache.hadoop.ozone.container.common.volume.HddsVolume@38d80d65
2019-09-25 05:07:43,182 [main] INFO  impl.RaftServerProxy (ConfUtils.java:logGet(43)) - raft.rpc.type = GRPC (default)
2019-09-25 05:07:43,182 [main] INFO  grpc.GrpcFactory (GrpcFactory.java:checkPooledByteBufAllocatorUseCacheForAllThreads(45)) - PERFORMANCE WARNING: useCacheForAllThreads is true that may cause Netty to create a lot garbage objects and, as a result, trigger GC.
	It is recommended to disable useCacheForAllThreads by setting -Dorg.apache.ratis.thirdparty.io.netty.allocator.useCacheForAllThreads=false in command line.
2019-09-25 05:07:43,183 [main] INFO  grpc.GrpcConfigKeys$Server (ConfUtils.java:logGet(43)) - raft.grpc.server.port = 0 (default)
2019-09-25 05:07:43,183 [main] INFO  server.GrpcService (ConfUtils.java:logGet(43)) - raft.grpc.message.size.max = 33570816 (custom)
2019-09-25 05:07:43,183 [main] INFO  server.RaftServerConfigKeys (ConfUtils.java:logGet(43)) - raft.server.log.appender.buffer.byte-limit = 33554432 (custom)
2019-09-25 05:07:43,183 [main] INFO  server.GrpcService (ConfUtils.java:logGet(43)) - raft.grpc.flow.control.window = 1MB (=1048576) (default)
2019-09-25 05:07:43,183 [main] INFO  server.RaftServerConfigKeys (ConfUtils.java:logGet(43)) - raft.server.rpc.request.timeout = 3000ms (default)
2019-09-25 05:07:43,184 [main] INFO  server.RaftServerConfigKeys (ConfUtils.java:logGet(43)) - raft.server.storage.dir = [/workdir/hadoop-ozone/integration-test/target/test-dir/MiniOzoneClusterImpl-4a5a4de4-737d-4e52-b3c3-543a3eb2b617/datanode-6/data/ratis] (custom)
2019-09-25 05:07:43,185 [main] INFO  hdfs.DFSUtil (DFSUtil.java:httpServerTemplateForNNAndJN(1641)) - Starting Web-server for hddsDatanode at: http://0.0.0.0:0
2019-09-25 05:07:43,187 [main] INFO  server.AuthenticationFilter (AuthenticationFilter.java:constructSecretProvider(240)) - Unable to initialize FileSignerSecretProvider, falling back to use random secrets.
2019-09-25 05:07:43,188 [main] WARN  http.HttpRequestLog (HttpRequestLog.java:getRequestLog(97)) - Jetty request log can only be enabled using Log4j
2019-09-25 05:07:43,190 [main] INFO  http.HttpServer2 (HttpServer2.java:addGlobalFilter(975)) - Added global filter 'safety' (class=org.apache.hadoop.http.HttpServer2$QuotingInputFilter)
2019-09-25 05:07:43,191 [main] INFO  http.HttpServer2 (HttpServer2.java:addFilter(948)) - Added filter static_user_filter (class=org.apache.hadoop.http.lib.StaticUserWebFilter$StaticUserFilter) to context hddsDatanode
2019-09-25 05:07:43,192 [main] INFO  http.HttpServer2 (HttpServer2.java:addFilter(958)) - Added filter static_user_filter (class=org.apache.hadoop.http.lib.StaticUserWebFilter$StaticUserFilter) to context logs
2019-09-25 05:07:43,192 [main] INFO  http.HttpServer2 (HttpServer2.java:addFilter(958)) - Added filter static_user_filter (class=org.apache.hadoop.http.lib.StaticUserWebFilter$StaticUserFilter) to context static
2019-09-25 05:07:43,193 [main] INFO  http.HttpServer2 (HttpServer2.java:bindListener(1191)) - Jetty bound to port 40897
2019-09-25 05:07:43,193 [main] INFO  server.Server (Server.java:doStart(351)) - jetty-9.3.25.v20180904, build timestamp: 2018-09-04T21:11:46Z, git hash: 3ce520221d0240229c862b122d2b06c12a625732
2019-09-25 05:07:43,195 [main] INFO  handler.ContextHandler (ContextHandler.java:doStart(781)) - Started o.e.j.s.ServletContextHandler@e7b265e{/logs,file:///workdir/hadoop-ozone/integration-test/target/log,AVAILABLE}
2019-09-25 05:07:43,196 [main] INFO  handler.ContextHandler (ContextHandler.java:doStart(781)) - Started o.e.j.s.ServletContextHandler@33d60b7e{/static,jar:file:/home/user/.m2/repository/org/apache/hadoop/hadoop-hdds-container-service/0.5.0-SNAPSHOT/hadoop-hdds-container-service-0.5.0-SNAPSHOT.jar!/webapps/static,AVAILABLE}
2019-09-25 05:07:43,240 [main] INFO  handler.ContextHandler (ContextHandler.java:doStart(781)) - Started o.e.j.w.WebAppContext@193bb809{/,file:///tmp/jetty-0.0.0.0-40897-hddsDatanode-_-any-1362145306683645993.dir/webapp/,AVAILABLE}{/hddsDatanode}
2019-09-25 05:07:43,241 [main] INFO  server.AbstractConnector (AbstractConnector.java:doStart(278)) - Started ServerConnector@64b018f3{HTTP/1.1,[http/1.1]}{0.0.0.0:40897}
2019-09-25 05:07:43,246 [main] INFO  server.Server (Server.java:doStart(419)) - Started @244454ms
2019-09-25 05:07:43,246 [main] WARN  impl.MetricsSystemImpl (MetricsSystemImpl.java:register(276)) - Sink prometheus already exists!
2019-09-25 05:07:43,247 [main] INFO  server.BaseHttpServer (BaseHttpServer.java:updateConnectorAddress(215)) - HTTP server of HDDSDATANODE is listening at http://0.0.0.0:40897
2019-09-25 05:07:43,247 [main] INFO  ozone.MiniOzoneClusterImpl (MiniOzoneClusterImpl.java:lambda$waitForClusterToBeReady$0(147)) - Waiting for cluster to be ready. Got 0 of 7 DN Heartbeats.
2019-09-25 05:07:43,249 [org.apache.hadoop.util.JvmPauseMonitor$Monitor@39fc18da] INFO  util.JvmPauseMonitor (JvmPauseMonitor.java:run(188)) - Starting JVM pause monitor
2019-09-25 05:07:43,251 [Datanode State Machine Thread - 0] INFO  datanode.InitDatanodeState (InitDatanodeState.java:persistContainerDatanodeDetails(140)) - DatanodeDetails is persisted to /workdir/hadoop-ozone/integration-test/target/test-dir/MiniOzoneClusterImpl-4a5a4de4-737d-4e52-b3c3-543a3eb2b617/datanode-6/meta/datanode.id
2019-09-25 05:07:44,251 [main] INFO  ozone.MiniOzoneClusterImpl (MiniOzoneClusterImpl.java:lambda$waitForClusterToBeReady$0(147)) - Waiting for cluster to be ready. Got 0 of 7 DN Heartbeats.
2019-09-25 05:07:44,564 [Thread-1548] INFO  impl.FollowerState (FollowerState.java:run(106)) - bc163c1a-f845-4c36-9592-f8e34b91970d:group-8F81A5CD80FE changes to CANDIDATE, lastRpcTime:5000, electionTimeout:5000ms
2019-09-25 05:07:44,564 [Thread-1548] INFO  impl.RoleInfo (RoleInfo.java:shutdownFollowerState(121)) - bc163c1a-f845-4c36-9592-f8e34b91970d: shutdown FollowerState
2019-09-25 05:07:44,564 [Thread-1548] INFO  impl.RaftServerImpl (RaftServerImpl.java:setRole(174)) - bc163c1a-f845-4c36-9592-f8e34b91970d@group-8F81A5CD80FE: changes role from  FOLLOWER to CANDIDATE at term 4 for changeToCandidate
2019-09-25 05:07:44,564 [Thread-1548] INFO  impl.RoleInfo (RoleInfo.java:updateAndGet(143)) - bc163c1a-f845-4c36-9592-f8e34b91970d: start LeaderElection
2019-09-25 05:07:44,604 [Thread-1547] INFO  impl.FollowerState (FollowerState.java:run(106)) - 158ad28b-aa8e-4172-b96b-cbb323932650:group-8F81A5CD80FE changes to CANDIDATE, lastRpcTime:5041, electionTimeout:5041ms
2019-09-25 05:07:44,604 [Thread-1547] INFO  impl.RoleInfo (RoleInfo.java:shutdownFollowerState(121)) - 158ad28b-aa8e-4172-b96b-cbb323932650: shutdown FollowerState
2019-09-25 05:07:44,604 [Thread-1547] INFO  impl.RaftServerImpl (RaftServerImpl.java:setRole(174)) - 158ad28b-aa8e-4172-b96b-cbb323932650@group-8F81A5CD80FE: changes role from  FOLLOWER to CANDIDATE at term 4 for changeToCandidate
2019-09-25 05:07:44,605 [Thread-1547] INFO  impl.RoleInfo (RoleInfo.java:updateAndGet(143)) - 158ad28b-aa8e-4172-b96b-cbb323932650: start LeaderElection
2019-09-25 05:07:44,678 [Thread-1546] INFO  impl.FollowerState (FollowerState.java:run(106)) - 59abef46-29ea-4eff-a512-e596f80f6db1:group-8F81A5CD80FE changes to CANDIDATE, lastRpcTime:5116, electionTimeout:5114ms
2019-09-25 05:07:44,679 [Thread-1546] INFO  impl.RoleInfo (RoleInfo.java:shutdownFollowerState(121)) - 59abef46-29ea-4eff-a512-e596f80f6db1: shutdown FollowerState
2019-09-25 05:07:44,679 [Thread-1546] INFO  impl.RaftServerImpl (RaftServerImpl.java:setRole(174)) - 59abef46-29ea-4eff-a512-e596f80f6db1@group-8F81A5CD80FE: changes role from  FOLLOWER to CANDIDATE at term 4 for changeToCandidate
2019-09-25 05:07:44,679 [Thread-1546] INFO  impl.RoleInfo (RoleInfo.java:updateAndGet(143)) - 59abef46-29ea-4eff-a512-e596f80f6db1: start LeaderElection
2019-09-25 05:07:44,785 [158ad28b-aa8e-4172-b96b-cbb323932650@group-8F81A5CD80FE:LeaderElection101] INFO  impl.LeaderElection (LeaderElection.java:askForVotes(182)) - 158ad28b-aa8e-4172-b96b-cbb323932650@group-8F81A5CD80FE:LeaderElection101: begin an election at term 5 for -1: [bc163c1a-f845-4c36-9592-f8e34b91970d:192.168.36.126:38248, 158ad28b-aa8e-4172-b96b-cbb323932650:192.168.36.126:34188, 59abef46-29ea-4eff-a512-e596f80f6db1:192.168.36.126:38401], old=null
2019-09-25 05:07:44,785 [Datanode State Machine Thread - 0] INFO  ozoneimpl.OzoneContainer (OzoneContainer.java:start(217)) - Attempting to start container services.
2019-09-25 05:07:44,785 [Datanode State Machine Thread - 0] INFO  ozoneimpl.OzoneContainer (OzoneContainer.java:start(217)) - Attempting to start container services.
2019-09-25 05:07:44,786 [Datanode State Machine Thread - 0] INFO  ozoneimpl.OzoneContainer (OzoneContainer.java:startContainerScrub(179)) - Background container scanner has been disabled.
2019-09-25 05:07:44,785 [59abef46-29ea-4eff-a512-e596f80f6db1@group-8F81A5CD80FE:LeaderElection102] INFO  impl.LeaderElection (LeaderElection.java:askForVotes(182)) - 59abef46-29ea-4eff-a512-e596f80f6db1@group-8F81A5CD80FE:LeaderElection102: begin an election at term 5 for -1: [bc163c1a-f845-4c36-9592-f8e34b91970d:192.168.36.126:38248, 158ad28b-aa8e-4172-b96b-cbb323932650:192.168.36.126:34188, 59abef46-29ea-4eff-a512-e596f80f6db1:192.168.36.126:38401], old=null
2019-09-25 05:07:44,785 [bc163c1a-f845-4c36-9592-f8e34b91970d@group-8F81A5CD80FE:LeaderElection100] INFO  impl.LeaderElection (LeaderElection.java:askForVotes(182)) - bc163c1a-f845-4c36-9592-f8e34b91970d@group-8F81A5CD80FE:LeaderElection100: begin an election at term 5 for -1: [bc163c1a-f845-4c36-9592-f8e34b91970d:192.168.36.126:38248, 158ad28b-aa8e-4172-b96b-cbb323932650:192.168.36.126:34188, 59abef46-29ea-4eff-a512-e596f80f6db1:192.168.36.126:38401], old=null
2019-09-25 05:07:44,786 [Datanode State Machine Thread - 0] INFO  ratis.XceiverServerRatis (XceiverServerRatis.java:start(411)) - Starting XceiverServerRatis 0c186508-9ecb-45e3-9dfe-464b7fe9f193 at port 0
2019-09-25 05:07:44,786 [Datanode State Machine Thread - 0] INFO  ozoneimpl.OzoneContainer (OzoneContainer.java:startContainerScrub(179)) - Background container scanner has been disabled.
2019-09-25 05:07:44,787 [Datanode State Machine Thread - 0] INFO  ratis.XceiverServerRatis (XceiverServerRatis.java:start(411)) - Starting XceiverServerRatis 665fb744-05d8-48a8-bbaf-0f536164953d at port 0
2019-09-25 05:07:44,796 [bc163c1a-f845-4c36-9592-f8e34b91970d@group-8F81A5CD80FE:LeaderElection100] INFO  impl.LeaderElection (LeaderElection.java:logAndReturn(56)) - bc163c1a-f845-4c36-9592-f8e34b91970d@group-8F81A5CD80FE:LeaderElection100: Election REJECTED; received 2 response(s) [bc163c1a-f845-4c36-9592-f8e34b91970d<-158ad28b-aa8e-4172-b96b-cbb323932650#0:FAIL-t5, bc163c1a-f845-4c36-9592-f8e34b91970d<-59abef46-29ea-4eff-a512-e596f80f6db1#0:FAIL-t5] and 0 exception(s); bc163c1a-f845-4c36-9592-f8e34b91970d@group-8F81A5CD80FE:t5, leader=null, voted=bc163c1a-f845-4c36-9592-f8e34b91970d, raftlog=bc163c1a-f845-4c36-9592-f8e34b91970d@group-8F81A5CD80FE-SegmentedRaftLog:OPENED:c-1,f-1,i0, conf=-1: [bc163c1a-f845-4c36-9592-f8e34b91970d:192.168.36.126:38248, 158ad28b-aa8e-4172-b96b-cbb323932650:192.168.36.126:34188, 59abef46-29ea-4eff-a512-e596f80f6db1:192.168.36.126:38401], old=null
2019-09-25 05:07:44,797 [59abef46-29ea-4eff-a512-e596f80f6db1@group-8F81A5CD80FE:LeaderElection102] INFO  impl.LeaderElection (LeaderElection.java:logAndReturn(56)) - 59abef46-29ea-4eff-a512-e596f80f6db1@group-8F81A5CD80FE:LeaderElection102: Election REJECTED; received 2 response(s) [59abef46-29ea-4eff-a512-e596f80f6db1<-bc163c1a-f845-4c36-9592-f8e34b91970d#0:FAIL-t5, 59abef46-29ea-4eff-a512-e596f80f6db1<-158ad28b-aa8e-4172-b96b-cbb323932650#0:FAIL-t5] and 0 exception(s); 59abef46-29ea-4eff-a512-e596f80f6db1@group-8F81A5CD80FE:t5, leader=null, voted=59abef46-29ea-4eff-a512-e596f80f6db1, raftlog=59abef46-29ea-4eff-a512-e596f80f6db1@group-8F81A5CD80FE-SegmentedRaftLog:OPENED:c-1,f-1,i0, conf=-1: [bc163c1a-f845-4c36-9592-f8e34b91970d:192.168.36.126:38248, 158ad28b-aa8e-4172-b96b-cbb323932650:192.168.36.126:34188, 59abef46-29ea-4eff-a512-e596f80f6db1:192.168.36.126:38401], old=null
2019-09-25 05:07:44,796 [158ad28b-aa8e-4172-b96b-cbb323932650@group-8F81A5CD80FE:LeaderElection101] INFO  impl.LeaderElection (LeaderElection.java:logAndReturn(56)) - 158ad28b-aa8e-4172-b96b-cbb323932650@group-8F81A5CD80FE:LeaderElection101: Election REJECTED; received 2 response(s) [158ad28b-aa8e-4172-b96b-cbb323932650<-bc163c1a-f845-4c36-9592-f8e34b91970d#0:FAIL-t5, 158ad28b-aa8e-4172-b96b-cbb323932650<-59abef46-29ea-4eff-a512-e596f80f6db1#0:FAIL-t5] and 0 exception(s); 158ad28b-aa8e-4172-b96b-cbb323932650@group-8F81A5CD80FE:t5, leader=null, voted=158ad28b-aa8e-4172-b96b-cbb323932650, raftlog=158ad28b-aa8e-4172-b96b-cbb323932650@group-8F81A5CD80FE-SegmentedRaftLog:OPENED:c-1,f-1,i0, conf=-1: [bc163c1a-f845-4c36-9592-f8e34b91970d:192.168.36.126:38248, 158ad28b-aa8e-4172-b96b-cbb323932650:192.168.36.126:34188, 59abef46-29ea-4eff-a512-e596f80f6db1:192.168.36.126:38401], old=null
2019-09-25 05:07:44,797 [158ad28b-aa8e-4172-b96b-cbb323932650@group-8F81A5CD80FE:LeaderElection101] INFO  impl.RaftServerImpl (RaftServerImpl.java:setRole(174)) - 158ad28b-aa8e-4172-b96b-cbb323932650@group-8F81A5CD80FE: changes role from CANDIDATE to FOLLOWER at term 5 for DISCOVERED_A_NEW_TERM
2019-09-25 05:07:44,797 [bc163c1a-f845-4c36-9592-f8e34b91970d@group-8F81A5CD80FE:LeaderElection100] INFO  impl.RaftServerImpl (RaftServerImpl.java:setRole(174)) - bc163c1a-f845-4c36-9592-f8e34b91970d@group-8F81A5CD80FE: changes role from CANDIDATE to FOLLOWER at term 5 for DISCOVERED_A_NEW_TERM
2019-09-25 05:07:44,797 [158ad28b-aa8e-4172-b96b-cbb323932650@group-8F81A5CD80FE:LeaderElection101] INFO  impl.RoleInfo (RoleInfo.java:shutdownLeaderElection(134)) - 158ad28b-aa8e-4172-b96b-cbb323932650: shutdown LeaderElection
2019-09-25 05:07:44,798 [bc163c1a-f845-4c36-9592-f8e34b91970d@group-8F81A5CD80FE:LeaderElection100] INFO  impl.RoleInfo (RoleInfo.java:shutdownLeaderElection(134)) - bc163c1a-f845-4c36-9592-f8e34b91970d: shutdown LeaderElection
2019-09-25 05:07:44,798 [158ad28b-aa8e-4172-b96b-cbb323932650@group-8F81A5CD80FE:LeaderElection101] INFO  impl.RoleInfo (RoleInfo.java:updateAndGet(143)) - 158ad28b-aa8e-4172-b96b-cbb323932650: start FollowerState
2019-09-25 05:07:44,798 [59abef46-29ea-4eff-a512-e596f80f6db1@group-8F81A5CD80FE:LeaderElection102] INFO  impl.RaftServerImpl (RaftServerImpl.java:setRole(174)) - 59abef46-29ea-4eff-a512-e596f80f6db1@group-8F81A5CD80FE: changes role from CANDIDATE to FOLLOWER at term 5 for DISCOVERED_A_NEW_TERM
2019-09-25 05:07:44,798 [bc163c1a-f845-4c36-9592-f8e34b91970d@group-8F81A5CD80FE:LeaderElection100] INFO  impl.RoleInfo (RoleInfo.java:updateAndGet(143)) - bc163c1a-f845-4c36-9592-f8e34b91970d: start FollowerState
2019-09-25 05:07:44,798 [59abef46-29ea-4eff-a512-e596f80f6db1@group-8F81A5CD80FE:LeaderElection102] INFO  impl.RoleInfo (RoleInfo.java:shutdownLeaderElection(134)) - 59abef46-29ea-4eff-a512-e596f80f6db1: shutdown LeaderElection
2019-09-25 05:07:44,799 [59abef46-29ea-4eff-a512-e596f80f6db1@group-8F81A5CD80FE:LeaderElection102] INFO  impl.RoleInfo (RoleInfo.java:updateAndGet(143)) - 59abef46-29ea-4eff-a512-e596f80f6db1: start FollowerState
2019-09-25 05:07:44,804 [Datanode State Machine Thread - 0] INFO  impl.RaftServerProxy (RaftServerProxy.java:lambda$start$3(299)) - 665fb744-05d8-48a8-bbaf-0f536164953d: start RPC server
2019-09-25 05:07:44,804 [Datanode State Machine Thread - 0] INFO  impl.RaftServerProxy (RaftServerProxy.java:lambda$start$3(299)) - 0c186508-9ecb-45e3-9dfe-464b7fe9f193: start RPC server
2019-09-25 05:07:44,805 [Datanode State Machine Thread - 0] INFO  server.GrpcService (GrpcService.java:startImpl(158)) - 0c186508-9ecb-45e3-9dfe-464b7fe9f193: GrpcService started, listening on 0.0.0.0/0.0.0.0:34098
2019-09-25 05:07:44,805 [Datanode State Machine Thread - 0] INFO  server.GrpcService (GrpcService.java:startImpl(158)) - 665fb744-05d8-48a8-bbaf-0f536164953d: GrpcService started, listening on 0.0.0.0/0.0.0.0:44468
2019-09-25 05:07:44,806 [Datanode State Machine Thread - 0] INFO  ratis.XceiverServerRatis (XceiverServerRatis.java:start(421)) - XceiverServerRatis 0c186508-9ecb-45e3-9dfe-464b7fe9f193 is started using port 34098
2019-09-25 05:07:44,806 [Datanode State Machine Thread - 0] INFO  ratis.XceiverServerRatis (XceiverServerRatis.java:start(421)) - XceiverServerRatis 665fb744-05d8-48a8-bbaf-0f536164953d is started using port 44468
2019-09-25 05:07:44,806 [Datanode State Machine Thread - 0] INFO  server.XceiverServerGrpc (XceiverServerGrpc.java:start(149)) - XceiverServerGrpc 0c186508-9ecb-45e3-9dfe-464b7fe9f193 is started using port 41108
2019-09-25 05:07:44,806 [Datanode State Machine Thread - 0] INFO  server.XceiverServerGrpc (XceiverServerGrpc.java:start(149)) - XceiverServerGrpc 665fb744-05d8-48a8-bbaf-0f536164953d is started using port 40355
2019-09-25 05:07:44,812 [Datanode State Machine Thread - 0] INFO  ozoneimpl.OzoneContainer (OzoneContainer.java:start(217)) - Attempting to start container services.
2019-09-25 05:07:44,812 [Datanode State Machine Thread - 0] INFO  ozoneimpl.OzoneContainer (OzoneContainer.java:startContainerScrub(179)) - Background container scanner has been disabled.
2019-09-25 05:07:44,812 [Datanode State Machine Thread - 0] INFO  ratis.XceiverServerRatis (XceiverServerRatis.java:start(411)) - Starting XceiverServerRatis 5b4c8945-d95a-4015-a388-08fce59cb1a2 at port 0
2019-09-25 05:07:44,819 [Datanode State Machine Thread - 0] INFO  impl.RaftServerProxy (RaftServerProxy.java:lambda$start$3(299)) - 5b4c8945-d95a-4015-a388-08fce59cb1a2: start RPC server
2019-09-25 05:07:44,824 [Datanode State Machine Thread - 0] INFO  server.GrpcService (GrpcService.java:startImpl(158)) - 5b4c8945-d95a-4015-a388-08fce59cb1a2: GrpcService started, listening on 0.0.0.0/0.0.0.0:41083
2019-09-25 05:07:44,824 [Datanode State Machine Thread - 0] INFO  ratis.XceiverServerRatis (XceiverServerRatis.java:start(421)) - XceiverServerRatis 5b4c8945-d95a-4015-a388-08fce59cb1a2 is started using port 41083
2019-09-25 05:07:44,824 [Datanode State Machine Thread - 0] INFO  server.XceiverServerGrpc (XceiverServerGrpc.java:start(149)) - XceiverServerGrpc 5b4c8945-d95a-4015-a388-08fce59cb1a2 is started using port 39000
2019-09-25 05:07:44,939 [Datanode State Machine Thread - 0] INFO  ozoneimpl.OzoneContainer (OzoneContainer.java:start(217)) - Attempting to start container services.
2019-09-25 05:07:44,939 [Datanode State Machine Thread - 0] INFO  ozoneimpl.OzoneContainer (OzoneContainer.java:startContainerScrub(179)) - Background container scanner has been disabled.
2019-09-25 05:07:44,939 [Datanode State Machine Thread - 0] INFO  ratis.XceiverServerRatis (XceiverServerRatis.java:start(411)) - Starting XceiverServerRatis 57ce28bf-38dd-4f24-b203-06a0e6be4b9f at port 0
2019-09-25 05:07:44,944 [Datanode State Machine Thread - 0] INFO  impl.RaftServerProxy (RaftServerProxy.java:lambda$start$3(299)) - 57ce28bf-38dd-4f24-b203-06a0e6be4b9f: start RPC server
2019-09-25 05:07:44,945 [Datanode State Machine Thread - 0] INFO  server.GrpcService (GrpcService.java:startImpl(158)) - 57ce28bf-38dd-4f24-b203-06a0e6be4b9f: GrpcService started, listening on 0.0.0.0/0.0.0.0:37998
2019-09-25 05:07:44,945 [Datanode State Machine Thread - 0] INFO  ratis.XceiverServerRatis (XceiverServerRatis.java:start(421)) - XceiverServerRatis 57ce28bf-38dd-4f24-b203-06a0e6be4b9f is started using port 37998
2019-09-25 05:07:44,946 [Datanode State Machine Thread - 0] INFO  server.XceiverServerGrpc (XceiverServerGrpc.java:start(149)) - XceiverServerGrpc 57ce28bf-38dd-4f24-b203-06a0e6be4b9f is started using port 37286
2019-09-25 05:07:45,074 [Datanode State Machine Thread - 0] INFO  ozoneimpl.OzoneContainer (OzoneContainer.java:start(217)) - Attempting to start container services.
2019-09-25 05:07:45,074 [Datanode State Machine Thread - 0] INFO  ozoneimpl.OzoneContainer (OzoneContainer.java:startContainerScrub(179)) - Background container scanner has been disabled.
2019-09-25 05:07:45,074 [Datanode State Machine Thread - 0] INFO  ratis.XceiverServerRatis (XceiverServerRatis.java:start(411)) - Starting XceiverServerRatis 1e4f299d-27e6-442d-9871-12ab226dd7a8 at port 0
2019-09-25 05:07:45,079 [Datanode State Machine Thread - 0] INFO  impl.RaftServerProxy (RaftServerProxy.java:lambda$start$3(299)) - 1e4f299d-27e6-442d-9871-12ab226dd7a8: start RPC server
2019-09-25 05:07:45,080 [Datanode State Machine Thread - 0] INFO  server.GrpcService (GrpcService.java:startImpl(158)) - 1e4f299d-27e6-442d-9871-12ab226dd7a8: GrpcService started, listening on 0.0.0.0/0.0.0.0:46862
2019-09-25 05:07:45,080 [Datanode State Machine Thread - 0] INFO  ratis.XceiverServerRatis (XceiverServerRatis.java:start(421)) - XceiverServerRatis 1e4f299d-27e6-442d-9871-12ab226dd7a8 is started using port 46862
2019-09-25 05:07:45,085 [Datanode State Machine Thread - 0] INFO  server.XceiverServerGrpc (XceiverServerGrpc.java:start(149)) - XceiverServerGrpc 1e4f299d-27e6-442d-9871-12ab226dd7a8 is started using port 36239
2019-09-25 05:07:45,252 [main] INFO  ozone.MiniOzoneClusterImpl (MiniOzoneClusterImpl.java:lambda$waitForClusterToBeReady$0(147)) - Waiting for cluster to be ready. Got 0 of 7 DN Heartbeats.
2019-09-25 05:07:45,260 [Datanode State Machine Thread - 0] INFO  ozoneimpl.OzoneContainer (OzoneContainer.java:start(217)) - Attempting to start container services.
2019-09-25 05:07:45,260 [Datanode State Machine Thread - 0] INFO  ozoneimpl.OzoneContainer (OzoneContainer.java:startContainerScrub(179)) - Background container scanner has been disabled.
2019-09-25 05:07:45,260 [Datanode State Machine Thread - 0] INFO  ratis.XceiverServerRatis (XceiverServerRatis.java:start(411)) - Starting XceiverServerRatis 5ca56b9a-e569-491e-8f85-da91bec6ddd5 at port 0
2019-09-25 05:07:45,267 [Datanode State Machine Thread - 0] INFO  impl.RaftServerProxy (RaftServerProxy.java:lambda$start$3(299)) - 5ca56b9a-e569-491e-8f85-da91bec6ddd5: start RPC server
2019-09-25 05:07:45,268 [Datanode State Machine Thread - 0] INFO  server.GrpcService (GrpcService.java:startImpl(158)) - 5ca56b9a-e569-491e-8f85-da91bec6ddd5: GrpcService started, listening on 0.0.0.0/0.0.0.0:40204
2019-09-25 05:07:45,268 [Datanode State Machine Thread - 0] INFO  ratis.XceiverServerRatis (XceiverServerRatis.java:start(421)) - XceiverServerRatis 5ca56b9a-e569-491e-8f85-da91bec6ddd5 is started using port 40204
2019-09-25 05:07:45,268 [Datanode State Machine Thread - 0] INFO  server.XceiverServerGrpc (XceiverServerGrpc.java:start(149)) - XceiverServerGrpc 5ca56b9a-e569-491e-8f85-da91bec6ddd5 is started using port 43914
2019-09-25 05:07:45,277 [Datanode State Machine Thread - 0] INFO  ozoneimpl.OzoneContainer (OzoneContainer.java:start(217)) - Attempting to start container services.
2019-09-25 05:07:45,277 [Datanode State Machine Thread - 0] INFO  ozoneimpl.OzoneContainer (OzoneContainer.java:startContainerScrub(179)) - Background container scanner has been disabled.
2019-09-25 05:07:45,277 [Datanode State Machine Thread - 0] INFO  ratis.XceiverServerRatis (XceiverServerRatis.java:start(411)) - Starting XceiverServerRatis 95dec85b-23b9-41b7-9d30-1b2eb1816676 at port 0
2019-09-25 05:07:45,282 [Datanode State Machine Thread - 0] INFO  impl.RaftServerProxy (RaftServerProxy.java:lambda$start$3(299)) - 95dec85b-23b9-41b7-9d30-1b2eb1816676: start RPC server
2019-09-25 05:07:45,283 [Datanode State Machine Thread - 0] INFO  server.GrpcService (GrpcService.java:startImpl(158)) - 95dec85b-23b9-41b7-9d30-1b2eb1816676: GrpcService started, listening on 0.0.0.0/0.0.0.0:33370
2019-09-25 05:07:45,283 [Datanode State Machine Thread - 0] INFO  ratis.XceiverServerRatis (XceiverServerRatis.java:start(421)) - XceiverServerRatis 95dec85b-23b9-41b7-9d30-1b2eb1816676 is started using port 33370
2019-09-25 05:07:45,283 [Datanode State Machine Thread - 0] INFO  server.XceiverServerGrpc (XceiverServerGrpc.java:start(149)) - XceiverServerGrpc 95dec85b-23b9-41b7-9d30-1b2eb1816676 is started using port 44998
2019-09-25 05:07:45,716 [Thread-1559] INFO  impl.FollowerState (FollowerState.java:run(106)) - c0eca757-0426-4809-8d60-c283fabf02c6:group-3A2C0294070D changes to CANDIDATE, lastRpcTime:5008, electionTimeout:5008ms
2019-09-25 05:07:45,716 [Thread-1559] INFO  impl.RoleInfo (RoleInfo.java:shutdownFollowerState(121)) - c0eca757-0426-4809-8d60-c283fabf02c6: shutdown FollowerState
2019-09-25 05:07:45,716 [Thread-1559] INFO  impl.RaftServerImpl (RaftServerImpl.java:setRole(174)) - c0eca757-0426-4809-8d60-c283fabf02c6@group-3A2C0294070D: changes role from  FOLLOWER to CANDIDATE at term 4 for changeToCandidate
2019-09-25 05:07:45,717 [Thread-1559] INFO  impl.RoleInfo (RoleInfo.java:updateAndGet(143)) - c0eca757-0426-4809-8d60-c283fabf02c6: start LeaderElection
2019-09-25 05:07:45,797 [Thread-1560] INFO  impl.FollowerState (FollowerState.java:run(106)) - d10fc367-6717-4be7-9c4c-7b0b4f4b0759:group-3A2C0294070D changes to CANDIDATE, lastRpcTime:5089, electionTimeout:5089ms
2019-09-25 05:07:45,797 [Thread-1560] INFO  impl.RoleInfo (RoleInfo.java:shutdownFollowerState(121)) - d10fc367-6717-4be7-9c4c-7b0b4f4b0759: shutdown FollowerState
2019-09-25 05:07:45,797 [Thread-1560] INFO  impl.RaftServerImpl (RaftServerImpl.java:setRole(174)) - d10fc367-6717-4be7-9c4c-7b0b4f4b0759@group-3A2C0294070D: changes role from  FOLLOWER to CANDIDATE at term 4 for changeToCandidate
2019-09-25 05:07:45,798 [Thread-1560] INFO  impl.RoleInfo (RoleInfo.java:updateAndGet(143)) - d10fc367-6717-4be7-9c4c-7b0b4f4b0759: start LeaderElection
2019-09-25 05:07:45,808 [Thread-1558] INFO  impl.FollowerState (FollowerState.java:run(106)) - caeda6cb-6345-44ea-a0d4-5f314a967b77:group-3A2C0294070D changes to CANDIDATE, lastRpcTime:5101, electionTimeout:5101ms
2019-09-25 05:07:45,808 [Thread-1558] INFO  impl.RoleInfo (RoleInfo.java:shutdownFollowerState(121)) - caeda6cb-6345-44ea-a0d4-5f314a967b77: shutdown FollowerState
2019-09-25 05:07:45,809 [Thread-1558] INFO  impl.RaftServerImpl (RaftServerImpl.java:setRole(174)) - caeda6cb-6345-44ea-a0d4-5f314a967b77@group-3A2C0294070D: changes role from  FOLLOWER to CANDIDATE at term 4 for changeToCandidate
2019-09-25 05:07:45,809 [Thread-1558] INFO  impl.RoleInfo (RoleInfo.java:updateAndGet(143)) - caeda6cb-6345-44ea-a0d4-5f314a967b77: start LeaderElection
2019-09-25 05:07:46,252 [main] INFO  ozone.MiniOzoneClusterImpl (MiniOzoneClusterImpl.java:lambda$waitForClusterToBeReady$0(147)) - Waiting for cluster to be ready. Got 0 of 7 DN Heartbeats.
2019-09-25 05:07:46,584 [IPC Server handler 0 on 35146] INFO  net.NetworkTopology (NetworkTopologyImpl.java:add(111)) - Added a new node: /default-rack/0c186508-9ecb-45e3-9dfe-464b7fe9f193
2019-09-25 05:07:46,589 [IPC Server handler 0 on 35146] INFO  node.SCMNodeManager (SCMNodeManager.java:register(266)) - Registered Data node : 0c186508-9ecb-45e3-9dfe-464b7fe9f193{ip: 192.168.36.126, host: pr-hdds-2174-pqx5g-486351168, networkLocation: /default-rack, certSerialId: null}
2019-09-25 05:07:46,590 [EventQueue-NodeRegistrationContainerReportForDataNodeSafeModeRule] INFO  safemode.SCMSafeModeManager (DataNodeSafeModeRule.java:process(71)) - SCM in safe mode. 1 DataNodes registered, 1 required.
2019-09-25 05:07:46,594 [EventQueue-NodeRegistrationContainerReportForDataNodeSafeModeRule] INFO  safemode.SCMSafeModeManager (SCMSafeModeManager.java:validateSafeModeExitRules(177)) - ScmSafeModeManager, all rules are successfully validated
2019-09-25 05:07:46,594 [EventQueue-NodeRegistrationContainerReportForDataNodeSafeModeRule] INFO  safemode.SCMSafeModeManager (SCMSafeModeManager.java:exitSafeMode(193)) - SCM exiting safe mode.
2019-09-25 05:07:46,635 [grpc-default-executor-4] INFO  impl.RaftServerProxy (RaftServerProxy.java:addNew(89)) - 0c186508-9ecb-45e3-9dfe-464b7fe9f193: addNew group-34516644C2A0:[0c186508-9ecb-45e3-9dfe-464b7fe9f193:192.168.36.126:34098] returns group-34516644C2A0:java.util.concurrent.CompletableFuture@6c06b6a6[Not completed]
2019-09-25 05:07:46,637 [pool-207-thread-1] INFO  impl.RaftServerImpl (RaftServerImpl.java:<init>(95)) - 0c186508-9ecb-45e3-9dfe-464b7fe9f193: new RaftServerImpl for group-34516644C2A0:[0c186508-9ecb-45e3-9dfe-464b7fe9f193:192.168.36.126:34098] with ContainerStateMachine:uninitialized
2019-09-25 05:07:46,637 [pool-207-thread-1] INFO  server.RaftServerConfigKeys (ConfUtils.java:logGet(43)) - raft.server.rpc.timeout.min = 5s (custom)
2019-09-25 05:07:46,637 [pool-207-thread-1] INFO  server.RaftServerConfigKeys (ConfUtils.java:logGet(43)) - raft.server.rpc.timeout.max = 5200ms (custom)
2019-09-25 05:07:46,637 [pool-207-thread-1] INFO  server.RaftServerConfigKeys (ConfUtils.java:logGet(43)) - raft.server.rpcslowness.timeout = 120s (custom)
2019-09-25 05:07:46,638 [pool-207-thread-1] INFO  server.RaftServerConfigKeys (ConfUtils.java:logGet(43)) - raft.server.sleep.deviation.threshold = 300 (default)
2019-09-25 05:07:46,638 [pool-207-thread-1] INFO  server.RaftServerConfigKeys (ConfUtils.java:logGet(43)) - raft.server.log.appender.install.snapshot.enabled = false (custom)
2019-09-25 05:07:46,638 [pool-207-thread-1] INFO  impl.RaftServerImpl (ServerState.java:<init>(103)) - 0c186508-9ecb-45e3-9dfe-464b7fe9f193@group-34516644C2A0: ConfigurationManager, init=-1: [0c186508-9ecb-45e3-9dfe-464b7fe9f193:192.168.36.126:34098], old=null, confs=<EMPTY_MAP>
2019-09-25 05:07:46,638 [pool-207-thread-1] INFO  server.RaftServerConfigKeys (ConfUtils.java:logGet(43)) - raft.server.storage.dir = [/workdir/hadoop-ozone/integration-test/target/test-dir/MiniOzoneClusterImpl-4a5a4de4-737d-4e52-b3c3-543a3eb2b617/datanode-0/data/ratis] (custom)
2019-09-25 05:07:46,638 [pool-207-thread-1] INFO  storage.RaftStorageDirectory (RaftStorageDirectory.java:analyzeStorage(246)) - The storage directory /workdir/hadoop-ozone/integration-test/target/test-dir/MiniOzoneClusterImpl-4a5a4de4-737d-4e52-b3c3-543a3eb2b617/datanode-0/data/ratis/0a162389-f87b-4fec-bcf7-34516644c2a0 does not exist. Creating ...
2019-09-25 05:07:46,676 [IPC Server handler 1 on 35146] INFO  net.NetworkTopology (NetworkTopologyImpl.java:add(111)) - Added a new node: /default-rack/665fb744-05d8-48a8-bbaf-0f536164953d
2019-09-25 05:07:46,676 [IPC Server handler 1 on 35146] INFO  node.SCMNodeManager (SCMNodeManager.java:register(266)) - Registered Data node : 665fb744-05d8-48a8-bbaf-0f536164953d{ip: 192.168.36.126, host: pr-hdds-2174-pqx5g-486351168, networkLocation: /default-rack, certSerialId: null}
2019-09-25 05:07:46,782 [IPC Server handler 2 on 35146] INFO  net.NetworkTopology (NetworkTopologyImpl.java:add(111)) - Added a new node: /default-rack/5b4c8945-d95a-4015-a388-08fce59cb1a2
2019-09-25 05:07:46,782 [IPC Server handler 2 on 35146] INFO  node.SCMNodeManager (SCMNodeManager.java:register(266)) - Registered Data node : 5b4c8945-d95a-4015-a388-08fce59cb1a2{ip: 192.168.36.126, host: pr-hdds-2174-pqx5g-486351168, networkLocation: /default-rack, certSerialId: null}
2019-09-25 05:07:46,916 [IPC Server handler 4 on 35146] INFO  net.NetworkTopology (NetworkTopologyImpl.java:add(111)) - Added a new node: /default-rack/57ce28bf-38dd-4f24-b203-06a0e6be4b9f
2019-09-25 05:07:46,916 [IPC Server handler 4 on 35146] INFO  node.SCMNodeManager (SCMNodeManager.java:register(266)) - Registered Data node : 57ce28bf-38dd-4f24-b203-06a0e6be4b9f{ip: 192.168.36.126, host: pr-hdds-2174-pqx5g-486351168, networkLocation: /default-rack, certSerialId: null}
2019-09-25 05:07:47,042 [IPC Server handler 5 on 35146] INFO  net.NetworkTopology (NetworkTopologyImpl.java:add(111)) - Added a new node: /default-rack/1e4f299d-27e6-442d-9871-12ab226dd7a8
2019-09-25 05:07:47,043 [IPC Server handler 5 on 35146] INFO  node.SCMNodeManager (SCMNodeManager.java:register(266)) - Registered Data node : 1e4f299d-27e6-442d-9871-12ab226dd7a8{ip: 192.168.36.126, host: pr-hdds-2174-pqx5g-486351168, networkLocation: /default-rack, certSerialId: null}
2019-09-25 05:07:47,157 [IPC Server handler 3 on 35146] INFO  net.NetworkTopology (NetworkTopologyImpl.java:add(111)) - Added a new node: /default-rack/5ca56b9a-e569-491e-8f85-da91bec6ddd5
2019-09-25 05:07:47,157 [IPC Server handler 3 on 35146] INFO  node.SCMNodeManager (SCMNodeManager.java:register(266)) - Registered Data node : 5ca56b9a-e569-491e-8f85-da91bec6ddd5{ip: 192.168.36.126, host: pr-hdds-2174-pqx5g-486351168, networkLocation: /default-rack, certSerialId: null}
2019-09-25 05:07:47,251 [IPC Server handler 6 on 35146] INFO  net.NetworkTopology (NetworkTopologyImpl.java:add(111)) - Added a new node: /default-rack/95dec85b-23b9-41b7-9d30-1b2eb1816676
2019-09-25 05:07:47,251 [IPC Server handler 6 on 35146] INFO  node.SCMNodeManager (SCMNodeManager.java:register(266)) - Registered Data node : 95dec85b-23b9-41b7-9d30-1b2eb1816676{ip: 192.168.36.126, host: pr-hdds-2174-pqx5g-486351168, networkLocation: /default-rack, certSerialId: null}
2019-09-25 05:07:47,253 [main] INFO  ozone.MiniOzoneClusterImpl (MiniOzoneClusterImpl.java:lambda$waitForClusterToBeReady$0(147)) - Cluster is ready. Got 7 of 7 DN Heartbeats.
2019-09-25 05:07:47,292 [main] INFO  rpc.RpcClient (RpcClient.java:createVolume(276)) - Creating Volume: watchforcommithandlingtest, with jenkins1000 as owner.
2019-09-25 05:07:47,295 [IPC Server handler 1 on 32979] INFO  volume.OMVolumeCreateRequest (OMVolumeCreateRequest.java:validateAndUpdateCache(194)) - created volume:watchforcommithandlingtest for user:jenkins1000
2019-09-25 05:07:47,322 [main] INFO  rpc.RpcClient (RpcClient.java:createBucket(415)) - Creating Bucket: watchforcommithandlingtest/watchforcommithandlingtest, with Versioning false and Storage Type set to DISK and Encryption set to false 
2019-09-25 05:07:47,326 [main] INFO  ozone.MiniOzoneClusterImpl (MiniOzoneClusterImpl.java:getStorageContainerLocationClient(234)) - Creating StorageContainerLocationProtocol RPC client with address /0.0.0.0:41745
2019-09-25 05:07:49,622 [Thread-1806] INFO  container.ReplicationManager (ReplicationManager.java:start(162)) - Starting Replication Monitor Thread.
2019-09-25 05:07:49,629 [RATISCREATEPIPELINE1] ERROR pipeline.RatisPipelineProvider (RatisPipelineProvider.java:lambda$null$5(235)) - Failed invoke Ratis rpc org.apache.hadoop.hdds.scm.pipeline.RatisPipelineProvider$$Lambda$217/423391421@77cf1c5 for 0c186508-9ecb-45e3-9dfe-464b7fe9f193
org.apache.ratis.protocol.TimeoutIOException: deadline exceeded after 2999437626ns
	at org.apache.ratis.grpc.GrpcUtil.tryUnwrapException(GrpcUtil.java:82)
	at org.apache.ratis.grpc.GrpcUtil.unwrapException(GrpcUtil.java:75)
	at org.apache.ratis.grpc.client.GrpcClientProtocolClient.blockingCall(GrpcClientProtocolClient.java:178)
	at org.apache.ratis.grpc.client.GrpcClientProtocolClient.groupAdd(GrpcClientProtocolClient.java:147)
	at org.apache.ratis.grpc.client.GrpcClientRpc.sendRequest(GrpcClientRpc.java:94)
	at org.apache.ratis.client.impl.RaftClientImpl.sendRequest(RaftClientImpl.java:278)
	at org.apache.ratis.client.impl.RaftClientImpl.groupAdd(RaftClientImpl.java:205)
	at org.apache.hadoop.hdds.scm.pipeline.RatisPipelineProvider.lambda$initializePipeline$4(RatisPipelineProvider.java:196)
	at org.apache.hadoop.hdds.scm.pipeline.RatisPipelineProvider.lambda$null$5(RatisPipelineProvider.java:231)
	at java.util.stream.ForEachOps$ForEachOp$OfRef.accept(ForEachOps.java:184)
	at java.util.ArrayList$ArrayListSpliterator.forEachRemaining(ArrayList.java:1382)
	at java.util.stream.AbstractPipeline.copyInto(AbstractPipeline.java:482)
	at java.util.stream.ForEachOps$ForEachTask.compute(ForEachOps.java:291)
	at java.util.concurrent.CountedCompleter.exec(CountedCompleter.java:731)
	at java.util.concurrent.ForkJoinTask.doExec(ForkJoinTask.java:289)
	at java.util.concurrent.ForkJoinTask.doInvoke(ForkJoinTask.java:401)
	at java.util.concurrent.ForkJoinTask.invoke(ForkJoinTask.java:734)
	at java.util.stream.ForEachOps$ForEachOp.evaluateParallel(ForEachOps.java:160)
	at java.util.stream.ForEachOps$ForEachOp$OfRef.evaluateParallel(ForEachOps.java:174)
	at java.util.stream.AbstractPipeline.evaluate(AbstractPipeline.java:233)
	at java.util.stream.ReferencePipeline.forEach(ReferencePipeline.java:418)
	at java.util.stream.ReferencePipeline$Head.forEach(ReferencePipeline.java:583)
	at org.apache.hadoop.hdds.scm.pipeline.RatisPipelineProvider.lambda$callRatisRpc$6(RatisPipelineProvider.java:225)
	at java.util.concurrent.ForkJoinTask$AdaptedRunnableAction.exec(ForkJoinTask.java:1386)
	at java.util.concurrent.ForkJoinTask.doExec(ForkJoinTask.java:289)
	at java.util.concurrent.ForkJoinPool$WorkQueue.runTask(ForkJoinPool.java:1056)
	at java.util.concurrent.ForkJoinPool.runWorker(ForkJoinPool.java:1692)
	at java.util.concurrent.ForkJoinWorkerThread.run(ForkJoinWorkerThread.java:157)
Caused by: org.apache.ratis.thirdparty.io.grpc.StatusRuntimeException: DEADLINE_EXCEEDED: deadline exceeded after 2999437626ns
	at org.apache.ratis.thirdparty.io.grpc.stub.ClientCalls.toStatusRuntimeException(ClientCalls.java:233)
	at org.apache.ratis.thirdparty.io.grpc.stub.ClientCalls.getUnchecked(ClientCalls.java:214)
	at org.apache.ratis.thirdparty.io.grpc.stub.ClientCalls.blockingUnaryCall(ClientCalls.java:139)
	at org.apache.ratis.proto.grpc.AdminProtocolServiceGrpc$AdminProtocolServiceBlockingStub.groupManagement(AdminProtocolServiceGrpc.java:274)
	at org.apache.ratis.grpc.client.GrpcClientProtocolClient.lambda$groupAdd$3(GrpcClientProtocolClient.java:149)
	at org.apache.ratis.grpc.client.GrpcClientProtocolClient.blockingCall(GrpcClientProtocolClient.java:176)
	... 25 more
2019-09-25 05:07:49,644 [grpc-default-executor-4] INFO  impl.RaftServerProxy (RaftServerProxy.java:addNew(89)) - 95dec85b-23b9-41b7-9d30-1b2eb1816676: addNew group-E97B045DFE39:[0c186508-9ecb-45e3-9dfe-464b7fe9f193:192.168.36.126:34098, 95dec85b-23b9-41b7-9d30-1b2eb1816676:192.168.36.126:33370, 1e4f299d-27e6-442d-9871-12ab226dd7a8:192.168.36.126:46862] returns group-E97B045DFE39:java.util.concurrent.CompletableFuture@3f651506[Not completed]
2019-09-25 05:07:49,644 [grpc-default-executor-1] INFO  impl.RaftServerProxy (RaftServerProxy.java:addNew(89)) - 1e4f299d-27e6-442d-9871-12ab226dd7a8: addNew group-E97B045DFE39:[0c186508-9ecb-45e3-9dfe-464b7fe9f193:192.168.36.126:34098, 95dec85b-23b9-41b7-9d30-1b2eb1816676:192.168.36.126:33370, 1e4f299d-27e6-442d-9871-12ab226dd7a8:192.168.36.126:46862] returns group-E97B045DFE39:java.util.concurrent.CompletableFuture@3f5d59ed[Not completed]
2019-09-25 05:07:49,644 [grpc-default-executor-0] INFO  impl.RaftServerProxy (RaftServerProxy.java:addNew(89)) - 0c186508-9ecb-45e3-9dfe-464b7fe9f193: addNew group-E97B045DFE39:[0c186508-9ecb-45e3-9dfe-464b7fe9f193:192.168.36.126:34098, 95dec85b-23b9-41b7-9d30-1b2eb1816676:192.168.36.126:33370, 1e4f299d-27e6-442d-9871-12ab226dd7a8:192.168.36.126:46862] returns group-E97B045DFE39:java.util.concurrent.CompletableFuture@107c9f9c[Not completed]
2019-09-25 05:07:49,647 [pool-267-thread-1] INFO  impl.RaftServerImpl (RaftServerImpl.java:<init>(95)) - 95dec85b-23b9-41b7-9d30-1b2eb1816676: new RaftServerImpl for group-E97B045DFE39:[0c186508-9ecb-45e3-9dfe-464b7fe9f193:192.168.36.126:34098, 95dec85b-23b9-41b7-9d30-1b2eb1816676:192.168.36.126:33370, 1e4f299d-27e6-442d-9871-12ab226dd7a8:192.168.36.126:46862] with ContainerStateMachine:uninitialized
2019-09-25 05:07:49,647 [pool-267-thread-1] INFO  server.RaftServerConfigKeys (ConfUtils.java:logGet(43)) - raft.server.rpc.timeout.min = 5s (custom)
2019-09-25 05:07:49,647 [pool-267-thread-1] INFO  server.RaftServerConfigKeys (ConfUtils.java:logGet(43)) - raft.server.rpc.timeout.max = 5200ms (custom)
2019-09-25 05:07:49,647 [pool-267-thread-1] INFO  server.RaftServerConfigKeys (ConfUtils.java:logGet(43)) - raft.server.rpcslowness.timeout = 120s (custom)
2019-09-25 05:07:49,648 [pool-267-thread-1] INFO  server.RaftServerConfigKeys (ConfUtils.java:logGet(43)) - raft.server.sleep.deviation.threshold = 300 (default)
2019-09-25 05:07:49,648 [pool-267-thread-1] INFO  server.RaftServerConfigKeys (ConfUtils.java:logGet(43)) - raft.server.log.appender.install.snapshot.enabled = false (custom)
2019-09-25 05:07:49,648 [pool-267-thread-1] INFO  impl.RaftServerImpl (ServerState.java:<init>(103)) - 95dec85b-23b9-41b7-9d30-1b2eb1816676@group-E97B045DFE39: ConfigurationManager, init=-1: [0c186508-9ecb-45e3-9dfe-464b7fe9f193:192.168.36.126:34098, 95dec85b-23b9-41b7-9d30-1b2eb1816676:192.168.36.126:33370, 1e4f299d-27e6-442d-9871-12ab226dd7a8:192.168.36.126:46862], old=null, confs=<EMPTY_MAP>
2019-09-25 05:07:49,648 [pool-247-thread-1] INFO  impl.RaftServerImpl (RaftServerImpl.java:<init>(95)) - 1e4f299d-27e6-442d-9871-12ab226dd7a8: new RaftServerImpl for group-E97B045DFE39:[0c186508-9ecb-45e3-9dfe-464b7fe9f193:192.168.36.126:34098, 95dec85b-23b9-41b7-9d30-1b2eb1816676:192.168.36.126:33370, 1e4f299d-27e6-442d-9871-12ab226dd7a8:192.168.36.126:46862] with ContainerStateMachine:uninitialized
2019-09-25 05:07:49,648 [pool-267-thread-1] INFO  server.RaftServerConfigKeys (ConfUtils.java:logGet(43)) - raft.server.storage.dir = [/workdir/hadoop-ozone/integration-test/target/test-dir/MiniOzoneClusterImpl-4a5a4de4-737d-4e52-b3c3-543a3eb2b617/datanode-6/data/ratis] (custom)
2019-09-25 05:07:49,648 [pool-247-thread-1] INFO  server.RaftServerConfigKeys (ConfUtils.java:logGet(43)) - raft.server.rpc.timeout.min = 5s (custom)
2019-09-25 05:07:49,649 [pool-247-thread-1] INFO  server.RaftServerConfigKeys (ConfUtils.java:logGet(43)) - raft.server.rpc.timeout.max = 5200ms (custom)
2019-09-25 05:07:49,649 [pool-247-thread-1] INFO  server.RaftServerConfigKeys (ConfUtils.java:logGet(43)) - raft.server.rpcslowness.timeout = 120s (custom)
2019-09-25 05:07:49,649 [pool-267-thread-1] INFO  storage.RaftStorageDirectory (RaftStorageDirectory.java:analyzeStorage(246)) - The storage directory /workdir/hadoop-ozone/integration-test/target/test-dir/MiniOzoneClusterImpl-4a5a4de4-737d-4e52-b3c3-543a3eb2b617/datanode-6/data/ratis/53d0c596-329f-4386-b07b-e97b045dfe39 does not exist. Creating ...
2019-09-25 05:07:49,649 [pool-247-thread-1] INFO  server.RaftServerConfigKeys (ConfUtils.java:logGet(43)) - raft.server.sleep.deviation.threshold = 300 (default)
2019-09-25 05:07:49,649 [pool-247-thread-1] INFO  server.RaftServerConfigKeys (ConfUtils.java:logGet(43)) - raft.server.log.appender.install.snapshot.enabled = false (custom)
2019-09-25 05:07:49,649 [pool-247-thread-1] INFO  impl.RaftServerImpl (ServerState.java:<init>(103)) - 1e4f299d-27e6-442d-9871-12ab226dd7a8@group-E97B045DFE39: ConfigurationManager, init=-1: [0c186508-9ecb-45e3-9dfe-464b7fe9f193:192.168.36.126:34098, 95dec85b-23b9-41b7-9d30-1b2eb1816676:192.168.36.126:33370, 1e4f299d-27e6-442d-9871-12ab226dd7a8:192.168.36.126:46862], old=null, confs=<EMPTY_MAP>
2019-09-25 05:07:49,650 [pool-247-thread-1] INFO  server.RaftServerConfigKeys (ConfUtils.java:logGet(43)) - raft.server.storage.dir = [/workdir/hadoop-ozone/integration-test/target/test-dir/MiniOzoneClusterImpl-4a5a4de4-737d-4e52-b3c3-543a3eb2b617/datanode-4/data/ratis] (custom)
2019-09-25 05:07:49,650 [pool-247-thread-1] INFO  storage.RaftStorageDirectory (RaftStorageDirectory.java:analyzeStorage(246)) - The storage directory /workdir/hadoop-ozone/integration-test/target/test-dir/MiniOzoneClusterImpl-4a5a4de4-737d-4e52-b3c3-543a3eb2b617/datanode-4/data/ratis/53d0c596-329f-4386-b07b-e97b045dfe39 does not exist. Creating ...
2019-09-25 05:07:49,828 [Thread-1779] INFO  impl.FollowerState (FollowerState.java:run(106)) - 158ad28b-aa8e-4172-b96b-cbb323932650:group-8F81A5CD80FE changes to CANDIDATE, lastRpcTime:5030, electionTimeout:5029ms
2019-09-25 05:07:49,828 [Thread-1779] INFO  impl.RoleInfo (RoleInfo.java:shutdownFollowerState(121)) - 158ad28b-aa8e-4172-b96b-cbb323932650: shutdown FollowerState
2019-09-25 05:07:49,828 [Thread-1779] INFO  impl.RaftServerImpl (RaftServerImpl.java:setRole(174)) - 158ad28b-aa8e-4172-b96b-cbb323932650@group-8F81A5CD80FE: changes role from  FOLLOWER to CANDIDATE at term 5 for changeToCandidate
2019-09-25 05:07:49,828 [Thread-1779] INFO  impl.RoleInfo (RoleInfo.java:updateAndGet(143)) - 158ad28b-aa8e-4172-b96b-cbb323932650: start LeaderElection
2019-09-25 05:07:49,882 [Thread-1780] INFO  impl.FollowerState (FollowerState.java:run(106)) - bc163c1a-f845-4c36-9592-f8e34b91970d:group-8F81A5CD80FE changes to CANDIDATE, lastRpcTime:5083, electionTimeout:5083ms
2019-09-25 05:07:49,882 [Thread-1780] INFO  impl.RoleInfo (RoleInfo.java:shutdownFollowerState(121)) - bc163c1a-f845-4c36-9592-f8e34b91970d: shutdown FollowerState
2019-09-25 05:07:49,882 [Thread-1780] INFO  impl.RaftServerImpl (RaftServerImpl.java:setRole(174)) - bc163c1a-f845-4c36-9592-f8e34b91970d@group-8F81A5CD80FE: changes role from  FOLLOWER to CANDIDATE at term 5 for changeToCandidate
2019-09-25 05:07:49,882 [Thread-1780] INFO  impl.RoleInfo (RoleInfo.java:updateAndGet(143)) - bc163c1a-f845-4c36-9592-f8e34b91970d: start LeaderElection
2019-09-25 05:07:49,948 [Thread-1781] INFO  impl.FollowerState (FollowerState.java:run(106)) - 59abef46-29ea-4eff-a512-e596f80f6db1:group-8F81A5CD80FE changes to CANDIDATE, lastRpcTime:5148, electionTimeout:5148ms
2019-09-25 05:07:49,948 [Thread-1781] INFO  impl.RoleInfo (RoleInfo.java:shutdownFollowerState(121)) - 59abef46-29ea-4eff-a512-e596f80f6db1: shutdown FollowerState
2019-09-25 05:07:49,948 [Thread-1781] INFO  impl.RaftServerImpl (RaftServerImpl.java:setRole(174)) - 59abef46-29ea-4eff-a512-e596f80f6db1@group-8F81A5CD80FE: changes role from  FOLLOWER to CANDIDATE at term 5 for changeToCandidate
2019-09-25 05:07:49,948 [Thread-1781] INFO  impl.RoleInfo (RoleInfo.java:updateAndGet(143)) - 59abef46-29ea-4eff-a512-e596f80f6db1: start LeaderElection
2019-09-25 05:07:50,903 [pool-247-thread-1] INFO  storage.RaftStorageDirectory (RaftStorageDirectory.java:tryLock(328)) - Lock on /workdir/hadoop-ozone/integration-test/target/test-dir/MiniOzoneClusterImpl-4a5a4de4-737d-4e52-b3c3-543a3eb2b617/datanode-4/data/ratis/53d0c596-329f-4386-b07b-e97b045dfe39/in_use.lock acquired by nodename 31467@pr-hdds-2174-pqx5g-486351168
2019-09-25 05:07:50,903 [59abef46-29ea-4eff-a512-e596f80f6db1@group-8F81A5CD80FE:LeaderElection108] INFO  impl.LeaderElection (LeaderElection.java:askForVotes(182)) - 59abef46-29ea-4eff-a512-e596f80f6db1@group-8F81A5CD80FE:LeaderElection108: begin an election at term 6 for -1: [bc163c1a-f845-4c36-9592-f8e34b91970d:192.168.36.126:38248, 158ad28b-aa8e-4172-b96b-cbb323932650:192.168.36.126:34188, 59abef46-29ea-4eff-a512-e596f80f6db1:192.168.36.126:38401], old=null
2019-09-25 05:07:50,903 [pool-267-thread-1] INFO  storage.RaftStorageDirectory (RaftStorageDirectory.java:tryLock(328)) - Lock on /workdir/hadoop-ozone/integration-test/target/test-dir/MiniOzoneClusterImpl-4a5a4de4-737d-4e52-b3c3-543a3eb2b617/datanode-6/data/ratis/53d0c596-329f-4386-b07b-e97b045dfe39/in_use.lock acquired by nodename 31467@pr-hdds-2174-pqx5g-486351168
2019-09-25 05:07:50,903 [pool-207-thread-1] INFO  storage.RaftStorageDirectory (RaftStorageDirectory.java:tryLock(328)) - Lock on /workdir/hadoop-ozone/integration-test/target/test-dir/MiniOzoneClusterImpl-4a5a4de4-737d-4e52-b3c3-543a3eb2b617/datanode-0/data/ratis/0a162389-f87b-4fec-bcf7-34516644c2a0/in_use.lock acquired by nodename 31467@pr-hdds-2174-pqx5g-486351168
2019-09-25 05:07:50,903 [caeda6cb-6345-44ea-a0d4-5f314a967b77@group-3A2C0294070D:LeaderElection105] INFO  impl.LeaderElection (LeaderElection.java:askForVotes(182)) - caeda6cb-6345-44ea-a0d4-5f314a967b77@group-3A2C0294070D:LeaderElection105: begin an election at term 5 for -1: [d10fc367-6717-4be7-9c4c-7b0b4f4b0759:192.168.36.126:35315, c0eca757-0426-4809-8d60-c283fabf02c6:192.168.36.126:34880, caeda6cb-6345-44ea-a0d4-5f314a967b77:192.168.36.126:40532], old=null
2019-09-25 05:07:50,903 [d10fc367-6717-4be7-9c4c-7b0b4f4b0759@group-3A2C0294070D:LeaderElection104] INFO  impl.LeaderElection (LeaderElection.java:askForVotes(182)) - d10fc367-6717-4be7-9c4c-7b0b4f4b0759@group-3A2C0294070D:LeaderElection104: begin an election at term 5 for -1: [d10fc367-6717-4be7-9c4c-7b0b4f4b0759:192.168.36.126:35315, c0eca757-0426-4809-8d60-c283fabf02c6:192.168.36.126:34880, caeda6cb-6345-44ea-a0d4-5f314a967b77:192.168.36.126:40532], old=null
2019-09-25 05:07:50,903 [c0eca757-0426-4809-8d60-c283fabf02c6@group-3A2C0294070D:LeaderElection103] INFO  impl.LeaderElection (LeaderElection.java:askForVotes(182)) - c0eca757-0426-4809-8d60-c283fabf02c6@group-3A2C0294070D:LeaderElection103: begin an election at term 5 for -1: [d10fc367-6717-4be7-9c4c-7b0b4f4b0759:192.168.36.126:35315, c0eca757-0426-4809-8d60-c283fabf02c6:192.168.36.126:34880, caeda6cb-6345-44ea-a0d4-5f314a967b77:192.168.36.126:40532], old=null
2019-09-25 05:07:50,903 [158ad28b-aa8e-4172-b96b-cbb323932650@group-8F81A5CD80FE:LeaderElection106] INFO  impl.LeaderElection (LeaderElection.java:askForVotes(182)) - 158ad28b-aa8e-4172-b96b-cbb323932650@group-8F81A5CD80FE:LeaderElection106: begin an election at term 6 for -1: [bc163c1a-f845-4c36-9592-f8e34b91970d:192.168.36.126:38248, 158ad28b-aa8e-4172-b96b-cbb323932650:192.168.36.126:34188, 59abef46-29ea-4eff-a512-e596f80f6db1:192.168.36.126:38401], old=null
2019-09-25 05:07:50,903 [bc163c1a-f845-4c36-9592-f8e34b91970d@group-8F81A5CD80FE:LeaderElection107] INFO  impl.LeaderElection (LeaderElection.java:askForVotes(182)) - bc163c1a-f845-4c36-9592-f8e34b91970d@group-8F81A5CD80FE:LeaderElection107: begin an election at term 6 for -1: [bc163c1a-f845-4c36-9592-f8e34b91970d:192.168.36.126:38248, 158ad28b-aa8e-4172-b96b-cbb323932650:192.168.36.126:34188, 59abef46-29ea-4eff-a512-e596f80f6db1:192.168.36.126:38401], old=null
2019-09-25 05:07:50,908 [59abef46-29ea-4eff-a512-e596f80f6db1@group-8F81A5CD80FE:LeaderElection108] INFO  impl.LeaderElection (LeaderElection.java:logAndReturn(56)) - 59abef46-29ea-4eff-a512-e596f80f6db1@group-8F81A5CD80FE:LeaderElection108: Election REJECTED; received 2 response(s) [59abef46-29ea-4eff-a512-e596f80f6db1<-158ad28b-aa8e-4172-b96b-cbb323932650#0:FAIL-t6, 59abef46-29ea-4eff-a512-e596f80f6db1<-bc163c1a-f845-4c36-9592-f8e34b91970d#0:FAIL-t6] and 0 exception(s); 59abef46-29ea-4eff-a512-e596f80f6db1@group-8F81A5CD80FE:t6, leader=null, voted=59abef46-29ea-4eff-a512-e596f80f6db1, raftlog=59abef46-29ea-4eff-a512-e596f80f6db1@group-8F81A5CD80FE-SegmentedRaftLog:OPENED:c-1,f-1,i0, conf=-1: [bc163c1a-f845-4c36-9592-f8e34b91970d:192.168.36.126:38248, 158ad28b-aa8e-4172-b96b-cbb323932650:192.168.36.126:34188, 59abef46-29ea-4eff-a512-e596f80f6db1:192.168.36.126:38401], old=null
2019-09-25 05:07:50,909 [59abef46-29ea-4eff-a512-e596f80f6db1@group-8F81A5CD80FE:LeaderElection108] INFO  impl.RaftServerImpl (RaftServerImpl.java:setRole(174)) - 59abef46-29ea-4eff-a512-e596f80f6db1@group-8F81A5CD80FE: changes role from CANDIDATE to FOLLOWER at term 6 for DISCOVERED_A_NEW_TERM
2019-09-25 05:07:50,909 [59abef46-29ea-4eff-a512-e596f80f6db1@group-8F81A5CD80FE:LeaderElection108] INFO  impl.RoleInfo (RoleInfo.java:shutdownLeaderElection(134)) - 59abef46-29ea-4eff-a512-e596f80f6db1: shutdown LeaderElection
2019-09-25 05:07:50,909 [59abef46-29ea-4eff-a512-e596f80f6db1@group-8F81A5CD80FE:LeaderElection108] INFO  impl.RoleInfo (RoleInfo.java:updateAndGet(143)) - 59abef46-29ea-4eff-a512-e596f80f6db1: start FollowerState
2019-09-25 05:07:50,910 [158ad28b-aa8e-4172-b96b-cbb323932650@group-8F81A5CD80FE:LeaderElection106] INFO  impl.LeaderElection (LeaderElection.java:logAndReturn(56)) - 158ad28b-aa8e-4172-b96b-cbb323932650@group-8F81A5CD80FE:LeaderElection106: Election REJECTED; received 2 response(s) [158ad28b-aa8e-4172-b96b-cbb323932650<-bc163c1a-f845-4c36-9592-f8e34b91970d#0:FAIL-t6, 158ad28b-aa8e-4172-b96b-cbb323932650<-59abef46-29ea-4eff-a512-e596f80f6db1#0:FAIL-t6] and 0 exception(s); 158ad28b-aa8e-4172-b96b-cbb323932650@group-8F81A5CD80FE:t6, leader=null, voted=158ad28b-aa8e-4172-b96b-cbb323932650, raftlog=158ad28b-aa8e-4172-b96b-cbb323932650@group-8F81A5CD80FE-SegmentedRaftLog:OPENED:c-1,f-1,i0, conf=-1: [bc163c1a-f845-4c36-9592-f8e34b91970d:192.168.36.126:38248, 158ad28b-aa8e-4172-b96b-cbb323932650:192.168.36.126:34188, 59abef46-29ea-4eff-a512-e596f80f6db1:192.168.36.126:38401], old=null
2019-09-25 05:07:50,910 [158ad28b-aa8e-4172-b96b-cbb323932650@group-8F81A5CD80FE:LeaderElection106] INFO  impl.RaftServerImpl (RaftServerImpl.java:setRole(174)) - 158ad28b-aa8e-4172-b96b-cbb323932650@group-8F81A5CD80FE: changes role from CANDIDATE to FOLLOWER at term 6 for DISCOVERED_A_NEW_TERM
2019-09-25 05:07:50,910 [bc163c1a-f845-4c36-9592-f8e34b91970d@group-8F81A5CD80FE:LeaderElection107] INFO  impl.LeaderElection (LeaderElection.java:logAndReturn(56)) - bc163c1a-f845-4c36-9592-f8e34b91970d@group-8F81A5CD80FE:LeaderElection107: Election REJECTED; received 2 response(s) [bc163c1a-f845-4c36-9592-f8e34b91970d<-158ad28b-aa8e-4172-b96b-cbb323932650#0:FAIL-t6, bc163c1a-f845-4c36-9592-f8e34b91970d<-59abef46-29ea-4eff-a512-e596f80f6db1#0:FAIL-t6] and 0 exception(s); bc163c1a-f845-4c36-9592-f8e34b91970d@group-8F81A5CD80FE:t6, leader=null, voted=bc163c1a-f845-4c36-9592-f8e34b91970d, raftlog=bc163c1a-f845-4c36-9592-f8e34b91970d@group-8F81A5CD80FE-SegmentedRaftLog:OPENED:c-1,f-1,i0, conf=-1: [bc163c1a-f845-4c36-9592-f8e34b91970d:192.168.36.126:38248, 158ad28b-aa8e-4172-b96b-cbb323932650:192.168.36.126:34188, 59abef46-29ea-4eff-a512-e596f80f6db1:192.168.36.126:38401], old=null
2019-09-25 05:07:50,910 [158ad28b-aa8e-4172-b96b-cbb323932650@group-8F81A5CD80FE:LeaderElection106] INFO  impl.RoleInfo (RoleInfo.java:shutdownLeaderElection(134)) - 158ad28b-aa8e-4172-b96b-cbb323932650: shutdown LeaderElection
2019-09-25 05:07:50,910 [bc163c1a-f845-4c36-9592-f8e34b91970d@group-8F81A5CD80FE:LeaderElection107] INFO  impl.RaftServerImpl (RaftServerImpl.java:setRole(174)) - bc163c1a-f845-4c36-9592-f8e34b91970d@group-8F81A5CD80FE: changes role from CANDIDATE to FOLLOWER at term 6 for DISCOVERED_A_NEW_TERM
2019-09-25 05:07:50,911 [158ad28b-aa8e-4172-b96b-cbb323932650@group-8F81A5CD80FE:LeaderElection106] INFO  impl.RoleInfo (RoleInfo.java:updateAndGet(143)) - 158ad28b-aa8e-4172-b96b-cbb323932650: start FollowerState
2019-09-25 05:07:50,911 [bc163c1a-f845-4c36-9592-f8e34b91970d@group-8F81A5CD80FE:LeaderElection107] INFO  impl.RoleInfo (RoleInfo.java:shutdownLeaderElection(134)) - bc163c1a-f845-4c36-9592-f8e34b91970d: shutdown LeaderElection
2019-09-25 05:07:50,911 [d10fc367-6717-4be7-9c4c-7b0b4f4b0759@group-3A2C0294070D:LeaderElection104] INFO  impl.LeaderElection (LeaderElection.java:logAndReturn(56)) - d10fc367-6717-4be7-9c4c-7b0b4f4b0759@group-3A2C0294070D:LeaderElection104: Election REJECTED; received 2 response(s) [d10fc367-6717-4be7-9c4c-7b0b4f4b0759<-c0eca757-0426-4809-8d60-c283fabf02c6#0:FAIL-t5, d10fc367-6717-4be7-9c4c-7b0b4f4b0759<-caeda6cb-6345-44ea-a0d4-5f314a967b77#0:FAIL-t5] and 0 exception(s); d10fc367-6717-4be7-9c4c-7b0b4f4b0759@group-3A2C0294070D:t5, leader=null, voted=d10fc367-6717-4be7-9c4c-7b0b4f4b0759, raftlog=d10fc367-6717-4be7-9c4c-7b0b4f4b0759@group-3A2C0294070D-SegmentedRaftLog:OPENED:c-1,f-1,i0, conf=-1: [d10fc367-6717-4be7-9c4c-7b0b4f4b0759:192.168.36.126:35315, c0eca757-0426-4809-8d60-c283fabf02c6:192.168.36.126:34880, caeda6cb-6345-44ea-a0d4-5f314a967b77:192.168.36.126:40532], old=null
2019-09-25 05:07:50,911 [caeda6cb-6345-44ea-a0d4-5f314a967b77@group-3A2C0294070D:LeaderElection105] INFO  impl.LeaderElection (LeaderElection.java:logAndReturn(56)) - caeda6cb-6345-44ea-a0d4-5f314a967b77@group-3A2C0294070D:LeaderElection105: Election REJECTED; received 2 response(s) [caeda6cb-6345-44ea-a0d4-5f314a967b77<-d10fc367-6717-4be7-9c4c-7b0b4f4b0759#0:FAIL-t5, caeda6cb-6345-44ea-a0d4-5f314a967b77<-c0eca757-0426-4809-8d60-c283fabf02c6#0:FAIL-t5] and 0 exception(s); caeda6cb-6345-44ea-a0d4-5f314a967b77@group-3A2C0294070D:t5, leader=null, voted=caeda6cb-6345-44ea-a0d4-5f314a967b77, raftlog=caeda6cb-6345-44ea-a0d4-5f314a967b77@group-3A2C0294070D-SegmentedRaftLog:OPENED:c-1,f-1,i0, conf=-1: [d10fc367-6717-4be7-9c4c-7b0b4f4b0759:192.168.36.126:35315, c0eca757-0426-4809-8d60-c283fabf02c6:192.168.36.126:34880, caeda6cb-6345-44ea-a0d4-5f314a967b77:192.168.36.126:40532], old=null
2019-09-25 05:07:50,911 [bc163c1a-f845-4c36-9592-f8e34b91970d@group-8F81A5CD80FE:LeaderElection107] INFO  impl.RoleInfo (RoleInfo.java:updateAndGet(143)) - bc163c1a-f845-4c36-9592-f8e34b91970d: start FollowerState
2019-09-25 05:07:50,912 [caeda6cb-6345-44ea-a0d4-5f314a967b77@group-3A2C0294070D:LeaderElection105] INFO  impl.RaftServerImpl (RaftServerImpl.java:setRole(174)) - caeda6cb-6345-44ea-a0d4-5f314a967b77@group-3A2C0294070D: changes role from CANDIDATE to FOLLOWER at term 5 for DISCOVERED_A_NEW_TERM
2019-09-25 05:07:50,912 [caeda6cb-6345-44ea-a0d4-5f314a967b77@group-3A2C0294070D:LeaderElection105] INFO  impl.RoleInfo (RoleInfo.java:shutdownLeaderElection(134)) - caeda6cb-6345-44ea-a0d4-5f314a967b77: shutdown LeaderElection
2019-09-25 05:07:50,911 [d10fc367-6717-4be7-9c4c-7b0b4f4b0759@group-3A2C0294070D:LeaderElection104] INFO  impl.RaftServerImpl (RaftServerImpl.java:setRole(174)) - d10fc367-6717-4be7-9c4c-7b0b4f4b0759@group-3A2C0294070D: changes role from CANDIDATE to FOLLOWER at term 5 for DISCOVERED_A_NEW_TERM
2019-09-25 05:07:50,912 [caeda6cb-6345-44ea-a0d4-5f314a967b77@group-3A2C0294070D:LeaderElection105] INFO  impl.RoleInfo (RoleInfo.java:updateAndGet(143)) - caeda6cb-6345-44ea-a0d4-5f314a967b77: start FollowerState
2019-09-25 05:07:50,912 [c0eca757-0426-4809-8d60-c283fabf02c6@group-3A2C0294070D:LeaderElection103] INFO  impl.LeaderElection (LeaderElection.java:logAndReturn(56)) - c0eca757-0426-4809-8d60-c283fabf02c6@group-3A2C0294070D:LeaderElection103: Election REJECTED; received 2 response(s) [c0eca757-0426-4809-8d60-c283fabf02c6<-d10fc367-6717-4be7-9c4c-7b0b4f4b0759#0:FAIL-t5, c0eca757-0426-4809-8d60-c283fabf02c6<-caeda6cb-6345-44ea-a0d4-5f314a967b77#0:FAIL-t5] and 0 exception(s); c0eca757-0426-4809-8d60-c283fabf02c6@group-3A2C0294070D:t5, leader=null, voted=c0eca757-0426-4809-8d60-c283fabf02c6, raftlog=c0eca757-0426-4809-8d60-c283fabf02c6@group-3A2C0294070D-SegmentedRaftLog:OPENED:c-1,f-1,i0, conf=-1: [d10fc367-6717-4be7-9c4c-7b0b4f4b0759:192.168.36.126:35315, c0eca757-0426-4809-8d60-c283fabf02c6:192.168.36.126:34880, caeda6cb-6345-44ea-a0d4-5f314a967b77:192.168.36.126:40532], old=null
2019-09-25 05:07:50,912 [d10fc367-6717-4be7-9c4c-7b0b4f4b0759@group-3A2C0294070D:LeaderElection104] INFO  impl.RoleInfo (RoleInfo.java:shutdownLeaderElection(134)) - d10fc367-6717-4be7-9c4c-7b0b4f4b0759: shutdown LeaderElection
2019-09-25 05:07:50,912 [c0eca757-0426-4809-8d60-c283fabf02c6@group-3A2C0294070D:LeaderElection103] INFO  impl.RaftServerImpl (RaftServerImpl.java:setRole(174)) - c0eca757-0426-4809-8d60-c283fabf02c6@group-3A2C0294070D: changes role from CANDIDATE to FOLLOWER at term 5 for DISCOVERED_A_NEW_TERM
2019-09-25 05:07:50,913 [d10fc367-6717-4be7-9c4c-7b0b4f4b0759@group-3A2C0294070D:LeaderElection104] INFO  impl.RoleInfo (RoleInfo.java:updateAndGet(143)) - d10fc367-6717-4be7-9c4c-7b0b4f4b0759: start FollowerState
2019-09-25 05:07:50,913 [c0eca757-0426-4809-8d60-c283fabf02c6@group-3A2C0294070D:LeaderElection103] INFO  impl.RoleInfo (RoleInfo.java:shutdownLeaderElection(134)) - c0eca757-0426-4809-8d60-c283fabf02c6: shutdown LeaderElection
2019-09-25 05:07:50,913 [c0eca757-0426-4809-8d60-c283fabf02c6@group-3A2C0294070D:LeaderElection103] INFO  impl.RoleInfo (RoleInfo.java:updateAndGet(143)) - c0eca757-0426-4809-8d60-c283fabf02c6: start FollowerState
2019-09-25 05:07:52,639 [RATISCREATEPIPELINE1] ERROR pipeline.RatisPipelineProvider (RatisPipelineProvider.java:lambda$null$5(235)) - Failed invoke Ratis rpc org.apache.hadoop.hdds.scm.pipeline.RatisPipelineProvider$$Lambda$217/423391421@2822da13 for 1e4f299d-27e6-442d-9871-12ab226dd7a8
org.apache.ratis.protocol.TimeoutIOException: deadline exceeded after 2999832768ns
	at org.apache.ratis.grpc.GrpcUtil.tryUnwrapException(GrpcUtil.java:82)
	at org.apache.ratis.grpc.GrpcUtil.unwrapException(GrpcUtil.java:75)
	at org.apache.ratis.grpc.client.GrpcClientProtocolClient.blockingCall(GrpcClientProtocolClient.java:178)
	at org.apache.ratis.grpc.client.GrpcClientProtocolClient.groupAdd(GrpcClientProtocolClient.java:147)
	at org.apache.ratis.grpc.client.GrpcClientRpc.sendRequest(GrpcClientRpc.java:94)
	at org.apache.ratis.client.impl.RaftClientImpl.sendRequest(RaftClientImpl.java:278)
	at org.apache.ratis.client.impl.RaftClientImpl.groupAdd(RaftClientImpl.java:205)
	at org.apache.hadoop.hdds.scm.pipeline.RatisPipelineProvider.lambda$initializePipeline$4(RatisPipelineProvider.java:196)
	at org.apache.hadoop.hdds.scm.pipeline.RatisPipelineProvider.lambda$null$5(RatisPipelineProvider.java:231)
	at java.util.stream.ForEachOps$ForEachOp$OfRef.accept(ForEachOps.java:184)
	at java.util.ArrayList$ArrayListSpliterator.forEachRemaining(ArrayList.java:1382)
	at java.util.stream.AbstractPipeline.copyInto(AbstractPipeline.java:482)
	at java.util.stream.ForEachOps$ForEachTask.compute(ForEachOps.java:291)
	at java.util.concurrent.CountedCompleter.exec(CountedCompleter.java:731)
	at java.util.concurrent.ForkJoinTask.doExec(ForkJoinTask.java:289)
	at java.util.concurrent.ForkJoinTask.doInvoke(ForkJoinTask.java:401)
	at java.util.concurrent.ForkJoinTask.invoke(ForkJoinTask.java:734)
	at java.util.stream.ForEachOps$ForEachOp.evaluateParallel(ForEachOps.java:160)
	at java.util.stream.ForEachOps$ForEachOp$OfRef.evaluateParallel(ForEachOps.java:174)
	at java.util.stream.AbstractPipeline.evaluate(AbstractPipeline.java:233)
	at java.util.stream.ReferencePipeline.forEach(ReferencePipeline.java:418)
	at java.util.stream.ReferencePipeline$Head.forEach(ReferencePipeline.java:583)
	at org.apache.hadoop.hdds.scm.pipeline.RatisPipelineProvider.lambda$callRatisRpc$6(RatisPipelineProvider.java:225)
	at java.util.concurrent.ForkJoinTask$AdaptedRunnableAction.exec(ForkJoinTask.java:1386)
	at java.util.concurrent.ForkJoinTask.doExec(ForkJoinTask.java:289)
	at java.util.concurrent.ForkJoinPool$WorkQueue.runTask(ForkJoinPool.java:1056)
	at java.util.concurrent.ForkJoinPool.runWorker(ForkJoinPool.java:1692)
	at java.util.concurrent.ForkJoinWorkerThread.run(ForkJoinWorkerThread.java:157)
Caused by: org.apache.ratis.thirdparty.io.grpc.StatusRuntimeException: DEADLINE_EXCEEDED: deadline exceeded after 2999832768ns
	at org.apache.ratis.thirdparty.io.grpc.stub.ClientCalls.toStatusRuntimeException(ClientCalls.java:233)
	at org.apache.ratis.thirdparty.io.grpc.stub.ClientCalls.getUnchecked(ClientCalls.java:214)
	at org.apache.ratis.thirdparty.io.grpc.stub.ClientCalls.blockingUnaryCall(ClientCalls.java:139)
	at org.apache.ratis.proto.grpc.AdminProtocolServiceGrpc$AdminProtocolServiceBlockingStub.groupManagement(AdminProtocolServiceGrpc.java:274)
	at org.apache.ratis.grpc.client.GrpcClientProtocolClient.lambda$groupAdd$3(GrpcClientProtocolClient.java:149)
	at org.apache.ratis.grpc.client.GrpcClientProtocolClient.blockingCall(GrpcClientProtocolClient.java:176)
	... 25 more
2019-09-25 05:07:52,640 [RATISCREATEPIPELINE3] ERROR pipeline.RatisPipelineProvider (RatisPipelineProvider.java:lambda$null$5(235)) - Failed invoke Ratis rpc org.apache.hadoop.hdds.scm.pipeline.RatisPipelineProvider$$Lambda$217/423391421@2822da13 for 0c186508-9ecb-45e3-9dfe-464b7fe9f193
org.apache.ratis.protocol.TimeoutIOException: deadline exceeded after 2999833473ns
	at org.apache.ratis.grpc.GrpcUtil.tryUnwrapException(GrpcUtil.java:82)
	at org.apache.ratis.grpc.GrpcUtil.unwrapException(GrpcUtil.java:75)
	at org.apache.ratis.grpc.client.GrpcClientProtocolClient.blockingCall(GrpcClientProtocolClient.java:178)
	at org.apache.ratis.grpc.client.GrpcClientProtocolClient.groupAdd(GrpcClientProtocolClient.java:147)
	at org.apache.ratis.grpc.client.GrpcClientRpc.sendRequest(GrpcClientRpc.java:94)
	at org.apache.ratis.client.impl.RaftClientImpl.sendRequest(RaftClientImpl.java:278)
	at org.apache.ratis.client.impl.RaftClientImpl.groupAdd(RaftClientImpl.java:205)
	at org.apache.hadoop.hdds.scm.pipeline.RatisPipelineProvider.lambda$initializePipeline$4(RatisPipelineProvider.java:196)
	at org.apache.hadoop.hdds.scm.pipeline.RatisPipelineProvider.lambda$null$5(RatisPipelineProvider.java:231)
	at java.util.stream.ForEachOps$ForEachOp$OfRef.accept(ForEachOps.java:184)
	at java.util.ArrayList$ArrayListSpliterator.forEachRemaining(ArrayList.java:1382)
	at java.util.stream.AbstractPipeline.copyInto(AbstractPipeline.java:482)
	at java.util.stream.ForEachOps$ForEachTask.compute(ForEachOps.java:291)
	at java.util.concurrent.CountedCompleter.exec(CountedCompleter.java:731)
	at java.util.concurrent.ForkJoinTask.doExec(ForkJoinTask.java:289)
	at java.util.concurrent.ForkJoinPool$WorkQueue.runTask(ForkJoinPool.java:1056)
	at java.util.concurrent.ForkJoinPool.runWorker(ForkJoinPool.java:1692)
	at java.util.concurrent.ForkJoinWorkerThread.run(ForkJoinWorkerThread.java:157)
Caused by: org.apache.ratis.thirdparty.io.grpc.StatusRuntimeException: DEADLINE_EXCEEDED: deadline exceeded after 2999833473ns
	at org.apache.ratis.thirdparty.io.grpc.stub.ClientCalls.toStatusRuntimeException(ClientCalls.java:233)
	at org.apache.ratis.thirdparty.io.grpc.stub.ClientCalls.getUnchecked(ClientCalls.java:214)
	at org.apache.ratis.thirdparty.io.grpc.stub.ClientCalls.blockingUnaryCall(ClientCalls.java:139)
	at org.apache.ratis.proto.grpc.AdminProtocolServiceGrpc$AdminProtocolServiceBlockingStub.groupManagement(AdminProtocolServiceGrpc.java:274)
	at org.apache.ratis.grpc.client.GrpcClientProtocolClient.lambda$groupAdd$3(GrpcClientProtocolClient.java:149)
	at org.apache.ratis.grpc.client.GrpcClientProtocolClient.blockingCall(GrpcClientProtocolClient.java:176)
	... 15 more
2019-09-25 05:07:52,639 [RATISCREATEPIPELINE2] ERROR pipeline.RatisPipelineProvider (RatisPipelineProvider.java:lambda$null$5(235)) - Failed invoke Ratis rpc org.apache.hadoop.hdds.scm.pipeline.RatisPipelineProvider$$Lambda$217/423391421@2822da13 for 95dec85b-23b9-41b7-9d30-1b2eb1816676
org.apache.ratis.protocol.TimeoutIOException: deadline exceeded after 2999859637ns
	at org.apache.ratis.grpc.GrpcUtil.tryUnwrapException(GrpcUtil.java:82)
	at org.apache.ratis.grpc.GrpcUtil.unwrapException(GrpcUtil.java:75)
	at org.apache.ratis.grpc.client.GrpcClientProtocolClient.blockingCall(GrpcClientProtocolClient.java:178)
	at org.apache.ratis.grpc.client.GrpcClientProtocolClient.groupAdd(GrpcClientProtocolClient.java:147)
	at org.apache.ratis.grpc.client.GrpcClientRpc.sendRequest(GrpcClientRpc.java:94)
	at org.apache.ratis.client.impl.RaftClientImpl.sendRequest(RaftClientImpl.java:278)
	at org.apache.ratis.client.impl.RaftClientImpl.groupAdd(RaftClientImpl.java:205)
	at org.apache.hadoop.hdds.scm.pipeline.RatisPipelineProvider.lambda$initializePipeline$4(RatisPipelineProvider.java:196)
	at org.apache.hadoop.hdds.scm.pipeline.RatisPipelineProvider.lambda$null$5(RatisPipelineProvider.java:231)
	at java.util.stream.ForEachOps$ForEachOp$OfRef.accept(ForEachOps.java:184)
	at java.util.ArrayList$ArrayListSpliterator.forEachRemaining(ArrayList.java:1382)
	at java.util.stream.AbstractPipeline.copyInto(AbstractPipeline.java:482)
	at java.util.stream.ForEachOps$ForEachTask.compute(ForEachOps.java:291)
	at java.util.concurrent.CountedCompleter.exec(CountedCompleter.java:731)
	at java.util.concurrent.ForkJoinTask.doExec(ForkJoinTask.java:289)
	at java.util.concurrent.ForkJoinPool$WorkQueue.runTask(ForkJoinPool.java:1056)
	at java.util.concurrent.ForkJoinPool.runWorker(ForkJoinPool.java:1692)
	at java.util.concurrent.ForkJoinWorkerThread.run(ForkJoinWorkerThread.java:157)
Caused by: org.apache.ratis.thirdparty.io.grpc.StatusRuntimeException: DEADLINE_EXCEEDED: deadline exceeded after 2999859637ns
	at org.apache.ratis.thirdparty.io.grpc.stub.ClientCalls.toStatusRuntimeException(ClientCalls.java:233)
	at org.apache.ratis.thirdparty.io.grpc.stub.ClientCalls.getUnchecked(ClientCalls.java:214)
	at org.apache.ratis.thirdparty.io.grpc.stub.ClientCalls.blockingUnaryCall(ClientCalls.java:139)
	at org.apache.ratis.proto.grpc.AdminProtocolServiceGrpc$AdminProtocolServiceBlockingStub.groupManagement(AdminProtocolServiceGrpc.java:274)
	at org.apache.ratis.grpc.client.GrpcClientProtocolClient.lambda$groupAdd$3(GrpcClientProtocolClient.java:149)
	at org.apache.ratis.grpc.client.GrpcClientProtocolClient.blockingCall(GrpcClientProtocolClient.java:176)
	... 15 more
2019-09-25 05:07:52,697 [grpc-default-executor-0] INFO  impl.RaftServerProxy (RaftServerProxy.java:addNew(89)) - 1e4f299d-27e6-442d-9871-12ab226dd7a8: addNew group-3D9C9E831C33:[0c186508-9ecb-45e3-9dfe-464b7fe9f193:192.168.36.126:34098, 95dec85b-23b9-41b7-9d30-1b2eb1816676:192.168.36.126:33370, 1e4f299d-27e6-442d-9871-12ab226dd7a8:192.168.36.126:46862] returns group-3D9C9E831C33:java.util.concurrent.CompletableFuture@3fa6f165[Not completed]
2019-09-25 05:07:52,697 [grpc-default-executor-4] INFO  impl.RaftServerProxy (RaftServerProxy.java:addNew(89)) - 95dec85b-23b9-41b7-9d30-1b2eb1816676: addNew group-3D9C9E831C33:[0c186508-9ecb-45e3-9dfe-464b7fe9f193:192.168.36.126:34098, 95dec85b-23b9-41b7-9d30-1b2eb1816676:192.168.36.126:33370, 1e4f299d-27e6-442d-9871-12ab226dd7a8:192.168.36.126:46862] returns group-3D9C9E831C33:java.util.concurrent.CompletableFuture@f97286e[Not completed]
2019-09-25 05:07:52,697 [grpc-default-executor-1] INFO  impl.RaftServerProxy (RaftServerProxy.java:addNew(89)) - 0c186508-9ecb-45e3-9dfe-464b7fe9f193: addNew group-3D9C9E831C33:[0c186508-9ecb-45e3-9dfe-464b7fe9f193:192.168.36.126:34098, 95dec85b-23b9-41b7-9d30-1b2eb1816676:192.168.36.126:33370, 1e4f299d-27e6-442d-9871-12ab226dd7a8:192.168.36.126:46862] returns group-3D9C9E831C33:java.util.concurrent.CompletableFuture@76a5135c[Not completed]
2019-09-25 05:07:55,687 [RATISCREATEPIPELINE1] ERROR pipeline.RatisPipelineProvider (RatisPipelineProvider.java:lambda$null$5(235)) - Failed invoke Ratis rpc org.apache.hadoop.hdds.scm.pipeline.RatisPipelineProvider$$Lambda$217/423391421@1e490de6 for 1e4f299d-27e6-442d-9871-12ab226dd7a8
org.apache.ratis.protocol.TimeoutIOException: deadline exceeded after 2995534956ns
	at org.apache.ratis.grpc.GrpcUtil.tryUnwrapException(GrpcUtil.java:82)
	at org.apache.ratis.grpc.GrpcUtil.unwrapException(GrpcUtil.java:75)
	at org.apache.ratis.grpc.client.GrpcClientProtocolClient.blockingCall(GrpcClientProtocolClient.java:178)
	at org.apache.ratis.grpc.client.GrpcClientProtocolClient.groupAdd(GrpcClientProtocolClient.java:147)
	at org.apache.ratis.grpc.client.GrpcClientRpc.sendRequest(GrpcClientRpc.java:94)
	at org.apache.ratis.client.impl.RaftClientImpl.sendRequest(RaftClientImpl.java:278)
	at org.apache.ratis.client.impl.RaftClientImpl.groupAdd(RaftClientImpl.java:205)
	at org.apache.hadoop.hdds.scm.pipeline.RatisPipelineProvider.lambda$initializePipeline$4(RatisPipelineProvider.java:196)
	at org.apache.hadoop.hdds.scm.pipeline.RatisPipelineProvider.lambda$null$5(RatisPipelineProvider.java:231)
	at java.util.stream.ForEachOps$ForEachOp$OfRef.accept(ForEachOps.java:184)
	at java.util.ArrayList$ArrayListSpliterator.forEachRemaining(ArrayList.java:1382)
	at java.util.stream.AbstractPipeline.copyInto(AbstractPipeline.java:482)
	at java.util.stream.ForEachOps$ForEachTask.compute(ForEachOps.java:291)
	at java.util.concurrent.CountedCompleter.exec(CountedCompleter.java:731)
	at java.util.concurrent.ForkJoinTask.doExec(ForkJoinTask.java:289)
	at java.util.concurrent.ForkJoinTask.doInvoke(ForkJoinTask.java:401)
	at java.util.concurrent.ForkJoinTask.invoke(ForkJoinTask.java:734)
	at java.util.stream.ForEachOps$ForEachOp.evaluateParallel(ForEachOps.java:160)
	at java.util.stream.ForEachOps$ForEachOp$OfRef.evaluateParallel(ForEachOps.java:174)
	at java.util.stream.AbstractPipeline.evaluate(AbstractPipeline.java:233)
	at java.util.stream.ReferencePipeline.forEach(ReferencePipeline.java:418)
	at java.util.stream.ReferencePipeline$Head.forEach(ReferencePipeline.java:583)
	at org.apache.hadoop.hdds.scm.pipeline.RatisPipelineProvider.lambda$callRatisRpc$6(RatisPipelineProvider.java:225)
	at java.util.concurrent.ForkJoinTask$AdaptedRunnableAction.exec(ForkJoinTask.java:1386)
	at java.util.concurrent.ForkJoinTask.doExec(ForkJoinTask.java:289)
	at java.util.concurrent.ForkJoinPool$WorkQueue.runTask(ForkJoinPool.java:1056)
	at java.util.concurrent.ForkJoinPool.runWorker(ForkJoinPool.java:1692)
	at java.util.concurrent.ForkJoinWorkerThread.run(ForkJoinWorkerThread.java:157)
Caused by: org.apache.ratis.thirdparty.io.grpc.StatusRuntimeException: DEADLINE_EXCEEDED: deadline exceeded after 2995534956ns
	at org.apache.ratis.thirdparty.io.grpc.stub.ClientCalls.toStatusRuntimeException(ClientCalls.java:233)
	at org.apache.ratis.thirdparty.io.grpc.stub.ClientCalls.getUnchecked(ClientCalls.java:214)
	at org.apache.ratis.thirdparty.io.grpc.stub.ClientCalls.blockingUnaryCall(ClientCalls.java:139)
	at org.apache.ratis.proto.grpc.AdminProtocolServiceGrpc$AdminProtocolServiceBlockingStub.groupManagement(AdminProtocolServiceGrpc.java:274)
	at org.apache.ratis.grpc.client.GrpcClientProtocolClient.lambda$groupAdd$3(GrpcClientProtocolClient.java:149)
	at org.apache.ratis.grpc.client.GrpcClientProtocolClient.blockingCall(GrpcClientProtocolClient.java:176)
	... 25 more
2019-09-25 05:07:55,721 [RATISCREATEPIPELINE3] ERROR pipeline.RatisPipelineProvider (RatisPipelineProvider.java:lambda$null$5(235)) - Failed invoke Ratis rpc org.apache.hadoop.hdds.scm.pipeline.RatisPipelineProvider$$Lambda$217/423391421@1e490de6 for 0c186508-9ecb-45e3-9dfe-464b7fe9f193
org.apache.ratis.protocol.TimeoutIOException: deadline exceeded after 2999886566ns
	at org.apache.ratis.grpc.GrpcUtil.tryUnwrapException(GrpcUtil.java:82)
	at org.apache.ratis.grpc.GrpcUtil.unwrapException(GrpcUtil.java:75)
	at org.apache.ratis.grpc.client.GrpcClientProtocolClient.blockingCall(GrpcClientProtocolClient.java:178)
	at org.apache.ratis.grpc.client.GrpcClientProtocolClient.groupAdd(GrpcClientProtocolClient.java:147)
	at org.apache.ratis.grpc.client.GrpcClientRpc.sendRequest(GrpcClientRpc.java:94)
	at org.apache.ratis.client.impl.RaftClientImpl.sendRequest(RaftClientImpl.java:278)
	at org.apache.ratis.client.impl.RaftClientImpl.groupAdd(RaftClientImpl.java:205)
	at org.apache.hadoop.hdds.scm.pipeline.RatisPipelineProvider.lambda$initializePipeline$4(RatisPipelineProvider.java:196)
	at org.apache.hadoop.hdds.scm.pipeline.RatisPipelineProvider.lambda$null$5(RatisPipelineProvider.java:231)
	at java.util.stream.ForEachOps$ForEachOp$OfRef.accept(ForEachOps.java:184)
	at java.util.ArrayList$ArrayListSpliterator.forEachRemaining(ArrayList.java:1382)
	at java.util.stream.AbstractPipeline.copyInto(AbstractPipeline.java:482)
	at java.util.stream.ForEachOps$ForEachTask.compute(ForEachOps.java:291)
	at java.util.concurrent.CountedCompleter.exec(CountedCompleter.java:731)
	at java.util.concurrent.ForkJoinTask.doExec(ForkJoinTask.java:289)
	at java.util.concurrent.ForkJoinPool$WorkQueue.runTask(ForkJoinPool.java:1056)
	at java.util.concurrent.ForkJoinPool.runWorker(ForkJoinPool.java:1692)
	at java.util.concurrent.ForkJoinWorkerThread.run(ForkJoinWorkerThread.java:157)
Caused by: org.apache.ratis.thirdparty.io.grpc.StatusRuntimeException: DEADLINE_EXCEEDED: deadline exceeded after 2999886566ns
	at org.apache.ratis.thirdparty.io.grpc.stub.ClientCalls.toStatusRuntimeException(ClientCalls.java:233)
	at org.apache.ratis.thirdparty.io.grpc.stub.ClientCalls.getUnchecked(ClientCalls.java:214)
	at org.apache.ratis.thirdparty.io.grpc.stub.ClientCalls.blockingUnaryCall(ClientCalls.java:139)
	at org.apache.ratis.proto.grpc.AdminProtocolServiceGrpc$AdminProtocolServiceBlockingStub.groupManagement(AdminProtocolServiceGrpc.java:274)
	at org.apache.ratis.grpc.client.GrpcClientProtocolClient.lambda$groupAdd$3(GrpcClientProtocolClient.java:149)
	at org.apache.ratis.grpc.client.GrpcClientProtocolClient.blockingCall(GrpcClientProtocolClient.java:176)
	... 15 more
2019-09-25 05:07:55,721 [RATISCREATEPIPELINE2] ERROR pipeline.RatisPipelineProvider (RatisPipelineProvider.java:lambda$null$5(235)) - Failed invoke Ratis rpc org.apache.hadoop.hdds.scm.pipeline.RatisPipelineProvider$$Lambda$217/423391421@1e490de6 for 95dec85b-23b9-41b7-9d30-1b2eb1816676
org.apache.ratis.protocol.TimeoutIOException: deadline exceeded after 2999861919ns
	at org.apache.ratis.grpc.GrpcUtil.tryUnwrapException(GrpcUtil.java:82)
	at org.apache.ratis.grpc.GrpcUtil.unwrapException(GrpcUtil.java:75)
	at org.apache.ratis.grpc.client.GrpcClientProtocolClient.blockingCall(GrpcClientProtocolClient.java:178)
	at org.apache.ratis.grpc.client.GrpcClientProtocolClient.groupAdd(GrpcClientProtocolClient.java:147)
	at org.apache.ratis.grpc.client.GrpcClientRpc.sendRequest(GrpcClientRpc.java:94)
	at org.apache.ratis.client.impl.RaftClientImpl.sendRequest(RaftClientImpl.java:278)
	at org.apache.ratis.client.impl.RaftClientImpl.groupAdd(RaftClientImpl.java:205)
	at org.apache.hadoop.hdds.scm.pipeline.RatisPipelineProvider.lambda$initializePipeline$4(RatisPipelineProvider.java:196)
	at org.apache.hadoop.hdds.scm.pipeline.RatisPipelineProvider.lambda$null$5(RatisPipelineProvider.java:231)
	at java.util.stream.ForEachOps$ForEachOp$OfRef.accept(ForEachOps.java:184)
	at java.util.ArrayList$ArrayListSpliterator.forEachRemaining(ArrayList.java:1382)
	at java.util.stream.AbstractPipeline.copyInto(AbstractPipeline.java:482)
	at java.util.stream.ForEachOps$ForEachTask.compute(ForEachOps.java:291)
	at java.util.concurrent.CountedCompleter.exec(CountedCompleter.java:731)
	at java.util.concurrent.ForkJoinTask.doExec(ForkJoinTask.java:289)
	at java.util.concurrent.ForkJoinPool$WorkQueue.runTask(ForkJoinPool.java:1056)
	at java.util.concurrent.ForkJoinPool.runWorker(ForkJoinPool.java:1692)
	at java.util.concurrent.ForkJoinWorkerThread.run(ForkJoinWorkerThread.java:157)
Caused by: org.apache.ratis.thirdparty.io.grpc.StatusRuntimeException: DEADLINE_EXCEEDED: deadline exceeded after 2999861919ns
	at org.apache.ratis.thirdparty.io.grpc.stub.ClientCalls.toStatusRuntimeException(ClientCalls.java:233)
	at org.apache.ratis.thirdparty.io.grpc.stub.ClientCalls.getUnchecked(ClientCalls.java:214)
	at org.apache.ratis.thirdparty.io.grpc.stub.ClientCalls.blockingUnaryCall(ClientCalls.java:139)
	at org.apache.ratis.proto.grpc.AdminProtocolServiceGrpc$AdminProtocolServiceBlockingStub.groupManagement(AdminProtocolServiceGrpc.java:274)
	at org.apache.ratis.grpc.client.GrpcClientProtocolClient.lambda$groupAdd$3(GrpcClientProtocolClient.java:149)
	at org.apache.ratis.grpc.client.GrpcClientProtocolClient.blockingCall(GrpcClientProtocolClient.java:176)
	... 15 more
2019-09-25 05:07:55,728 [ReplicationMonitor] INFO  container.ReplicationManager (ReplicationManager.java:run(225)) - Replication Monitor Thread took 6100 milliseconds for processing 0 containers.
2019-09-25 05:07:55,743 [IPC Server handler 4 on 41745] INFO  ipc.Server (Server.java:logException(2726)) - IPC Server handler 4 on 41745, call Call#957 Retry#0 org.apache.hadoop.hdds.scm.protocol.StorageContainerLocationProtocol.allocateContainer from 192.168.36.126:39276
java.io.IOException: Could not allocate container. Cannot get any matching pipeline for Type:RATIS, Factor:THREE, State:PipelineState.OPEN
	at org.apache.hadoop.hdds.scm.container.ContainerStateManager.allocateContainer(ContainerStateManager.java:260)
	at org.apache.hadoop.hdds.scm.container.SCMContainerManager.allocateContainer(SCMContainerManager.java:247)
	at org.apache.hadoop.hdds.scm.server.SCMClientProtocolServer.allocateContainer(SCMClientProtocolServer.java:186)
	at org.apache.hadoop.ozone.protocolPB.StorageContainerLocationProtocolServerSideTranslatorPB.allocateContainer(StorageContainerLocationProtocolServerSideTranslatorPB.java:123)
	at org.apache.hadoop.hdds.protocol.proto.StorageContainerLocationProtocolProtos$StorageContainerLocationProtocolService$2.callBlockingMethod(StorageContainerLocationProtocolProtos.java:21239)
	at org.apache.hadoop.ipc.ProtobufRpcEngine$Server$ProtoBufRpcInvoker.call(ProtobufRpcEngine.java:524)
	at org.apache.hadoop.ipc.RPC$Server.call(RPC.java:1025)
	at org.apache.hadoop.ipc.Server$RpcCall.run(Server.java:876)
	at org.apache.hadoop.ipc.Server$RpcCall.run(Server.java:822)
	at java.security.AccessController.doPrivileged(Native Method)
	at javax.security.auth.Subject.doAs(Subject.java:422)
	at org.apache.hadoop.security.UserGroupInformation.doAs(UserGroupInformation.java:1730)
	at org.apache.hadoop.ipc.Server$Handler.run(Server.java:2682)
2019-09-25 05:07:55,750 [grpc-default-executor-4] INFO  impl.RaftServerProxy (RaftServerProxy.java:addNew(89)) - 95dec85b-23b9-41b7-9d30-1b2eb1816676: addNew group-394B876855A4:[95dec85b-23b9-41b7-9d30-1b2eb1816676:192.168.36.126:33370] returns group-394B876855A4:java.util.concurrent.CompletableFuture@7e22be83[Not completed]
]]></system-out>
  </testcase>
  <testcase name="testWatchForCommitForGroupMismatchException" classname="org.apache.hadoop.ozone.client.rpc.TestWatchForCommit" time="102.197">
    <error message="Could not allocate container. Cannot get any matching pipeline for Type:RATIS, Factor:THREE, State:PipelineState.OPEN&#10;	at org.apache.hadoop.hdds.scm.container.ContainerStateManager.allocateContainer(ContainerStateManager.java:260)&#10;	at org.apache.hadoop.hdds.scm.container.SCMContainerManager.allocateContainer(SCMContainerManager.java:247)&#10;	at org.apache.hadoop.hdds.scm.server.SCMClientProtocolServer.allocateContainer(SCMClientProtocolServer.java:186)&#10;	at org.apache.hadoop.ozone.protocolPB.StorageContainerLocationProtocolServerSideTranslatorPB.allocateContainer(StorageContainerLocationProtocolServerSideTranslatorPB.java:123)&#10;	at org.apache.hadoop.hdds.protocol.proto.StorageContainerLocationProtocolProtos$StorageContainerLocationProtocolService$2.callBlockingMethod(StorageContainerLocationProtocolProtos.java:21239)&#10;	at org.apache.hadoop.ipc.ProtobufRpcEngine$Server$ProtoBufRpcInvoker.call(ProtobufRpcEngine.java:524)&#10;	at org.apache.hadoop.ipc.RPC$Server.call(RPC.java:1025)&#10;	at org.apache.hadoop.ipc.Server$RpcCall.run(Server.java:876)&#10;	at org.apache.hadoop.ipc.Server$RpcCall.run(Server.java:822)&#10;	at java.security.AccessController.doPrivileged(Native Method)&#10;	at javax.security.auth.Subject.doAs(Subject.java:422)&#10;	at org.apache.hadoop.security.UserGroupInformation.doAs(UserGroupInformation.java:1730)&#10;	at org.apache.hadoop.ipc.Server$Handler.run(Server.java:2682)&#10;" type="org.apache.hadoop.ipc.RemoteException(java.io.IOException)">org.apache.hadoop.ipc.RemoteException(java.io.IOException): Could not allocate container. Cannot get any matching pipeline for Type:RATIS, Factor:THREE, State:PipelineState.OPEN
	at org.apache.hadoop.hdds.scm.container.ContainerStateManager.allocateContainer(ContainerStateManager.java:260)
	at org.apache.hadoop.hdds.scm.container.SCMContainerManager.allocateContainer(SCMContainerManager.java:247)
	at org.apache.hadoop.hdds.scm.server.SCMClientProtocolServer.allocateContainer(SCMClientProtocolServer.java:186)
	at org.apache.hadoop.ozone.protocolPB.StorageContainerLocationProtocolServerSideTranslatorPB.allocateContainer(StorageContainerLocationProtocolServerSideTranslatorPB.java:123)
	at org.apache.hadoop.hdds.protocol.proto.StorageContainerLocationProtocolProtos$StorageContainerLocationProtocolService$2.callBlockingMethod(StorageContainerLocationProtocolProtos.java:21239)
	at org.apache.hadoop.ipc.ProtobufRpcEngine$Server$ProtoBufRpcInvoker.call(ProtobufRpcEngine.java:524)
	at org.apache.hadoop.ipc.RPC$Server.call(RPC.java:1025)
	at org.apache.hadoop.ipc.Server$RpcCall.run(Server.java:876)
	at org.apache.hadoop.ipc.Server$RpcCall.run(Server.java:822)
	at java.security.AccessController.doPrivileged(Native Method)
	at javax.security.auth.Subject.doAs(Subject.java:422)
	at org.apache.hadoop.security.UserGroupInformation.doAs(UserGroupInformation.java:1730)
	at org.apache.hadoop.ipc.Server$Handler.run(Server.java:2682)

	at org.apache.hadoop.ipc.Client.getRpcResponse(Client.java:1511)
	at org.apache.hadoop.ipc.Client.call(Client.java:1457)
	at org.apache.hadoop.ipc.Client.call(Client.java:1367)
	at org.apache.hadoop.ipc.ProtobufRpcEngine$Invoker.invoke(ProtobufRpcEngine.java:228)
	at org.apache.hadoop.ipc.ProtobufRpcEngine$Invoker.invoke(ProtobufRpcEngine.java:116)
	at com.sun.proxy.$Proxy22.allocateContainer(Unknown Source)
	at org.apache.hadoop.hdds.scm.protocolPB.StorageContainerLocationProtocolClientSideTranslatorPB.allocateContainer(StorageContainerLocationProtocolClientSideTranslatorPB.java:127)
	at org.apache.hadoop.ozone.client.rpc.TestWatchForCommit.testWatchForCommitForGroupMismatchException(TestWatchForCommit.java:419)
	at sun.reflect.NativeMethodAccessorImpl.invoke0(Native Method)
	at sun.reflect.NativeMethodAccessorImpl.invoke(NativeMethodAccessorImpl.java:62)
	at sun.reflect.DelegatingMethodAccessorImpl.invoke(DelegatingMethodAccessorImpl.java:43)
	at java.lang.reflect.Method.invoke(Method.java:498)
	at org.junit.runners.model.FrameworkMethod$1.runReflectiveCall(FrameworkMethod.java:47)
	at org.junit.internal.runners.model.ReflectiveCallable.run(ReflectiveCallable.java:12)
	at org.junit.runners.model.FrameworkMethod.invokeExplosively(FrameworkMethod.java:44)
	at org.junit.internal.runners.statements.InvokeMethod.evaluate(InvokeMethod.java:17)
	at org.junit.runners.ParentRunner.runLeaf(ParentRunner.java:271)
	at org.junit.runners.BlockJUnit4ClassRunner.runChild(BlockJUnit4ClassRunner.java:70)
	at org.junit.runners.BlockJUnit4ClassRunner.runChild(BlockJUnit4ClassRunner.java:50)
	at org.junit.runners.ParentRunner$3.run(ParentRunner.java:238)
	at org.junit.runners.ParentRunner$1.schedule(ParentRunner.java:63)
	at org.junit.runners.ParentRunner.runChildren(ParentRunner.java:236)
	at org.junit.runners.ParentRunner.access$000(ParentRunner.java:53)
	at org.junit.runners.ParentRunner$2.evaluate(ParentRunner.java:229)
	at org.junit.runners.ParentRunner.run(ParentRunner.java:309)
	at org.apache.maven.surefire.junit4.JUnit4Provider.execute(JUnit4Provider.java:365)
	at org.apache.maven.surefire.junit4.JUnit4Provider.executeWithRerun(JUnit4Provider.java:273)
	at org.apache.maven.surefire.junit4.JUnit4Provider.executeTestSet(JUnit4Provider.java:238)
	at org.apache.maven.surefire.junit4.JUnit4Provider.invoke(JUnit4Provider.java:159)
	at org.apache.maven.surefire.booter.ForkedBooter.invokeProviderInSameClassLoader(ForkedBooter.java:384)
	at org.apache.maven.surefire.booter.ForkedBooter.runSuitesInProcess(ForkedBooter.java:345)
	at org.apache.maven.surefire.booter.ForkedBooter.execute(ForkedBooter.java:126)
	at org.apache.maven.surefire.booter.ForkedBooter.main(ForkedBooter.java:418)
</error>
    <system-out><![CDATA[2019-09-25 05:07:55,774 [main] WARN  server.ServerUtils (ServerUtils.java:getScmDbDir(145)) - ozone.scm.db.dirs is not configured. We recommend adding this setting. Falling back to ozone.metadata.dirs instead.
2019-09-25 05:07:55,903 [pool-247-thread-1] INFO  storage.RaftStorage (RaftStorage.java:format(72)) - Storage directory /workdir/hadoop-ozone/integration-test/target/test-dir/MiniOzoneClusterImpl-4a5a4de4-737d-4e52-b3c3-543a3eb2b617/datanode-4/data/ratis/53d0c596-329f-4386-b07b-e97b045dfe39 has been successfully formatted.
2019-09-25 05:07:55,904 [main] WARN  server.ServerUtils (ServerUtils.java:getScmDbDir(145)) - ozone.scm.db.dirs is not configured. We recommend adding this setting. Falling back to ozone.metadata.dirs instead.
2019-09-25 05:07:55,904 [pool-247-thread-1] INFO  ratis.ContainerStateMachine (ContainerStateMachine.java:loadSnapshot(230)) - group-E97B045DFE39: The snapshot info is null. Setting the last applied indexto:(t:0, i:~)
2019-09-25 05:07:55,905 [pool-247-thread-1] INFO  server.RaftServerConfigKeys (ConfUtils.java:logGet(43)) - raft.server.notification.no-leader.timeout = 120s (custom)
2019-09-25 05:07:55,905 [main] WARN  server.ServerUtils (ServerUtils.java:getScmDbDir(145)) - ozone.scm.db.dirs is not configured. We recommend adding this setting. Falling back to ozone.metadata.dirs instead.
2019-09-25 05:07:55,905 [pool-247-thread-1] INFO  server.RaftServerConfigKeys (ConfUtils.java:logGet(43)) - raft.server.log.use.memory = false (default)
2019-09-25 05:07:55,905 [pool-247-thread-1] INFO  server.RaftServerConfigKeys (ConfUtils.java:logGet(43)) - raft.server.log.purge.gap = 1000000 (custom)
2019-09-25 05:07:55,906 [main] INFO  db.DBStoreBuilder (DBStoreBuilder.java:addTable(110)) - using custom profile for table: deletedBlocks
2019-09-25 05:07:55,906 [main] INFO  db.DBStoreBuilder (DBStoreBuilder.java:processTables(161)) - Using default column profile:DBProfile.DISK for Table:deletedBlocks
2019-09-25 05:07:55,906 [pool-247-thread-1] INFO  server.RaftServerConfigKeys (ConfUtils.java:logGet(43)) - raft.server.log.appender.buffer.byte-limit = 33554432 (custom)
2019-09-25 05:07:55,906 [main] INFO  db.DBStoreBuilder (DBStoreBuilder.java:addTable(110)) - using custom profile for table: validCerts
2019-09-25 05:07:55,907 [main] INFO  db.DBStoreBuilder (DBStoreBuilder.java:processTables(161)) - Using default column profile:DBProfile.DISK for Table:validCerts
2019-09-25 05:07:55,906 [pool-267-thread-1] INFO  storage.RaftStorage (RaftStorage.java:format(72)) - Storage directory /workdir/hadoop-ozone/integration-test/target/test-dir/MiniOzoneClusterImpl-4a5a4de4-737d-4e52-b3c3-543a3eb2b617/datanode-6/data/ratis/53d0c596-329f-4386-b07b-e97b045dfe39 has been successfully formatted.
2019-09-25 05:07:55,906 [pool-207-thread-1] INFO  storage.RaftStorage (RaftStorage.java:format(72)) - Storage directory /workdir/hadoop-ozone/integration-test/target/test-dir/MiniOzoneClusterImpl-4a5a4de4-737d-4e52-b3c3-543a3eb2b617/datanode-0/data/ratis/0a162389-f87b-4fec-bcf7-34516644c2a0 has been successfully formatted.
2019-09-25 05:07:55,907 [main] INFO  db.DBStoreBuilder (DBStoreBuilder.java:addTable(110)) - using custom profile for table: revokedCerts
2019-09-25 05:07:55,908 [main] INFO  db.DBStoreBuilder (DBStoreBuilder.java:processTables(161)) - Using default column profile:DBProfile.DISK for Table:revokedCerts
2019-09-25 05:07:55,906 [pool-247-thread-1] INFO  server.RaftServerConfigKeys (ConfUtils.java:logGet(43)) - raft.server.log.segment.size.max = 1048576 (custom)
2019-09-25 05:07:55,907 [pool-207-thread-1] INFO  ratis.ContainerStateMachine (ContainerStateMachine.java:loadSnapshot(230)) - group-34516644C2A0: The snapshot info is null. Setting the last applied indexto:(t:0, i:~)
2019-09-25 05:07:55,907 [pool-267-thread-1] INFO  ratis.ContainerStateMachine (ContainerStateMachine.java:loadSnapshot(230)) - group-E97B045DFE39: The snapshot info is null. Setting the last applied indexto:(t:0, i:~)
2019-09-25 05:07:55,908 [pool-207-thread-1] INFO  server.RaftServerConfigKeys (ConfUtils.java:logGet(43)) - raft.server.notification.no-leader.timeout = 120s (custom)
2019-09-25 05:07:55,908 [pool-247-thread-1] INFO  server.RaftServerConfigKeys (ConfUtils.java:logGet(43)) - raft.server.log.segment.cache.num.max = 2 (custom)
2019-09-25 05:07:55,908 [main] INFO  db.DBStoreBuilder (DBStoreBuilder.java:addTable(110)) - using custom profile for table: default
2019-09-25 05:07:55,909 [pool-247-thread-1] INFO  segmented.SegmentedRaftLogWorker (SegmentedRaftLogWorker.java:<init>(172)) - new 1e4f299d-27e6-442d-9871-12ab226dd7a8@group-E97B045DFE39-SegmentedRaftLogWorker for RaftStorage:Storage Directory /workdir/hadoop-ozone/integration-test/target/test-dir/MiniOzoneClusterImpl-4a5a4de4-737d-4e52-b3c3-543a3eb2b617/datanode-4/data/ratis/53d0c596-329f-4386-b07b-e97b045dfe39
2019-09-25 05:07:55,908 [pool-207-thread-1] INFO  server.RaftServerConfigKeys (ConfUtils.java:logGet(43)) - raft.server.log.use.memory = false (default)
2019-09-25 05:07:55,908 [pool-267-thread-1] INFO  server.RaftServerConfigKeys (ConfUtils.java:logGet(43)) - raft.server.notification.no-leader.timeout = 120s (custom)
2019-09-25 05:07:55,909 [pool-207-thread-1] INFO  server.RaftServerConfigKeys (ConfUtils.java:logGet(43)) - raft.server.log.purge.gap = 1000000 (custom)
2019-09-25 05:07:55,910 [pool-207-thread-1] INFO  server.RaftServerConfigKeys (ConfUtils.java:logGet(43)) - raft.server.log.appender.buffer.byte-limit = 33554432 (custom)
2019-09-25 05:07:55,909 [main] INFO  db.DBStoreBuilder (DBStoreBuilder.java:processTables(167)) - Using default column profile:DBProfile.DISK for Table:default
2019-09-25 05:07:55,910 [pool-207-thread-1] INFO  server.RaftServerConfigKeys (ConfUtils.java:logGet(43)) - raft.server.log.segment.size.max = 1048576 (custom)
2019-09-25 05:07:55,910 [main] INFO  db.DBStoreBuilder (DBStoreBuilder.java:getDbProfile(198)) - Using default options. DBProfile.DISK
2019-09-25 05:07:55,909 [pool-267-thread-1] INFO  server.RaftServerConfigKeys (ConfUtils.java:logGet(43)) - raft.server.log.use.memory = false (default)
2019-09-25 05:07:55,910 [pool-207-thread-1] INFO  server.RaftServerConfigKeys (ConfUtils.java:logGet(43)) - raft.server.log.segment.cache.num.max = 2 (custom)
2019-09-25 05:07:55,911 [pool-267-thread-1] INFO  server.RaftServerConfigKeys (ConfUtils.java:logGet(43)) - raft.server.log.purge.gap = 1000000 (custom)
2019-09-25 05:07:55,911 [pool-207-thread-1] INFO  segmented.SegmentedRaftLogWorker (SegmentedRaftLogWorker.java:<init>(172)) - new 0c186508-9ecb-45e3-9dfe-464b7fe9f193@group-34516644C2A0-SegmentedRaftLogWorker for RaftStorage:Storage Directory /workdir/hadoop-ozone/integration-test/target/test-dir/MiniOzoneClusterImpl-4a5a4de4-737d-4e52-b3c3-543a3eb2b617/datanode-0/data/ratis/0a162389-f87b-4fec-bcf7-34516644c2a0
2019-09-25 05:07:55,911 [pool-267-thread-1] INFO  server.RaftServerConfigKeys (ConfUtils.java:logGet(43)) - raft.server.log.appender.buffer.byte-limit = 33554432 (custom)
2019-09-25 05:07:55,911 [pool-267-thread-1] INFO  server.RaftServerConfigKeys (ConfUtils.java:logGet(43)) - raft.server.log.segment.size.max = 1048576 (custom)
2019-09-25 05:07:55,911 [pool-267-thread-1] INFO  server.RaftServerConfigKeys (ConfUtils.java:logGet(43)) - raft.server.log.segment.cache.num.max = 2 (custom)
2019-09-25 05:07:55,911 [pool-267-thread-1] INFO  segmented.SegmentedRaftLogWorker (SegmentedRaftLogWorker.java:<init>(172)) - new 95dec85b-23b9-41b7-9d30-1b2eb1816676@group-E97B045DFE39-SegmentedRaftLogWorker for RaftStorage:Storage Directory /workdir/hadoop-ozone/integration-test/target/test-dir/MiniOzoneClusterImpl-4a5a4de4-737d-4e52-b3c3-543a3eb2b617/datanode-6/data/ratis/53d0c596-329f-4386-b07b-e97b045dfe39
2019-09-25 05:07:55,913 [pool-247-thread-1] INFO  server.RaftServerConfigKeys (ConfUtils.java:logGet(43)) - raft.server.log.queue.byte-limit = 2147483647 (custom)
2019-09-25 05:07:55,913 [pool-247-thread-1] INFO  server.RaftServerConfigKeys (ConfUtils.java:logGet(43)) - raft.server.log.queue.element-limit = 1024 (custom)
2019-09-25 05:07:55,914 [pool-247-thread-1] INFO  server.RaftServerConfigKeys (ConfUtils.java:logGet(43)) - raft.server.log.segment.size.max = 1048576 (custom)
2019-09-25 05:07:55,914 [pool-247-thread-1] INFO  server.RaftServerConfigKeys (ConfUtils.java:logGet(43)) - raft.server.log.preallocated.size = 16384 (custom)
2019-09-25 05:07:55,914 [pool-247-thread-1] INFO  server.RaftServerConfigKeys (ConfUtils.java:logGet(43)) - raft.server.log.write.buffer.size = 33554432 (custom)
2019-09-25 05:07:55,914 [pool-247-thread-1] INFO  server.RaftServerConfigKeys (ConfUtils.java:logGet(43)) - raft.server.log.force.sync.num = 128 (default)
2019-09-25 05:07:55,914 [pool-247-thread-1] INFO  server.RaftServerConfigKeys (ConfUtils.java:logGet(43)) - raft.server.log.statemachine.data.sync = true (default)
2019-09-25 05:07:55,914 [pool-247-thread-1] INFO  server.RaftServerConfigKeys (ConfUtils.java:logGet(43)) - raft.server.log.statemachine.data.sync.timeout = 10s (default)
2019-09-25 05:07:55,914 [pool-207-thread-1] INFO  server.RaftServerConfigKeys (ConfUtils.java:logGet(43)) - raft.server.log.queue.byte-limit = 2147483647 (custom)
2019-09-25 05:07:55,915 [pool-267-thread-1] INFO  server.RaftServerConfigKeys (ConfUtils.java:logGet(43)) - raft.server.log.queue.byte-limit = 2147483647 (custom)
2019-09-25 05:07:55,915 [pool-207-thread-1] INFO  server.RaftServerConfigKeys (ConfUtils.java:logGet(43)) - raft.server.log.queue.element-limit = 1024 (custom)
2019-09-25 05:07:55,915 [pool-247-thread-1] INFO  server.RaftServerConfigKeys (ConfUtils.java:logGet(43)) - raft.server.log.statemachine.data.sync.timeout.retry = -1 (default)
2019-09-25 05:07:55,915 [pool-207-thread-1] INFO  server.RaftServerConfigKeys (ConfUtils.java:logGet(43)) - raft.server.log.segment.size.max = 1048576 (custom)
2019-09-25 05:07:55,915 [pool-267-thread-1] INFO  server.RaftServerConfigKeys (ConfUtils.java:logGet(43)) - raft.server.log.queue.element-limit = 1024 (custom)
2019-09-25 05:07:55,915 [pool-247-thread-1] INFO  server.RaftServerConfigKeys (ConfUtils.java:logGet(43)) - raft.server.log.statemachine.data.caching.enabled = true (custom)
2019-09-25 05:07:55,915 [pool-207-thread-1] INFO  server.RaftServerConfigKeys (ConfUtils.java:logGet(43)) - raft.server.log.preallocated.size = 16384 (custom)
2019-09-25 05:07:55,915 [pool-267-thread-1] INFO  server.RaftServerConfigKeys (ConfUtils.java:logGet(43)) - raft.server.log.segment.size.max = 1048576 (custom)
2019-09-25 05:07:55,916 [pool-247-thread-1] INFO  segmented.SegmentedRaftLogWorker (SegmentedRaftLogWorker.java:lambda$new$0(132)) - 1e4f299d-27e6-442d-9871-12ab226dd7a8@group-E97B045DFE39-SegmentedRaftLogWorker: flushIndex: setUnconditionally 0 -> -1
2019-09-25 05:07:55,916 [pool-207-thread-1] INFO  server.RaftServerConfigKeys (ConfUtils.java:logGet(43)) - raft.server.log.write.buffer.size = 33554432 (custom)
2019-09-25 05:07:55,916 [pool-267-thread-1] INFO  server.RaftServerConfigKeys (ConfUtils.java:logGet(43)) - raft.server.log.preallocated.size = 16384 (custom)
2019-09-25 05:07:55,917 [pool-247-thread-1] INFO  server.RaftServerConfigKeys (ConfUtils.java:logGet(43)) - raft.server.snapshot.auto.trigger.enabled = true (custom)
2019-09-25 05:07:55,916 [pool-207-thread-1] INFO  server.RaftServerConfigKeys (ConfUtils.java:logGet(43)) - raft.server.log.force.sync.num = 128 (default)
2019-09-25 05:07:55,917 [pool-247-thread-1] INFO  server.RaftServerConfigKeys (ConfUtils.java:logGet(43)) - raft.server.snapshot.auto.trigger.threshold = 10000 (custom)
2019-09-25 05:07:55,917 [pool-267-thread-1] INFO  server.RaftServerConfigKeys (ConfUtils.java:logGet(43)) - raft.server.log.write.buffer.size = 33554432 (custom)
2019-09-25 05:07:55,917 [pool-247-thread-1] INFO  server.RaftServerConfigKeys (ConfUtils.java:logGet(43)) - raft.server.snapshot.retention.num.files = 5 (custom)
2019-09-25 05:07:55,917 [pool-207-thread-1] INFO  server.RaftServerConfigKeys (ConfUtils.java:logGet(43)) - raft.server.log.statemachine.data.sync = true (default)
2019-09-25 05:07:55,917 [pool-247-thread-1] INFO  server.RaftServerConfigKeys (ConfUtils.java:logGet(43)) - raft.server.retrycache.expirytime = 600000ms (custom)
2019-09-25 05:07:55,917 [pool-267-thread-1] INFO  server.RaftServerConfigKeys (ConfUtils.java:logGet(43)) - raft.server.log.force.sync.num = 128 (default)
2019-09-25 05:07:55,918 [pool-207-thread-1] INFO  server.RaftServerConfigKeys (ConfUtils.java:logGet(43)) - raft.server.log.statemachine.data.sync.timeout = 10s (default)
2019-09-25 05:07:55,918 [pool-267-thread-1] INFO  server.RaftServerConfigKeys (ConfUtils.java:logGet(43)) - raft.server.log.statemachine.data.sync = true (default)
2019-09-25 05:07:55,918 [pool-207-thread-1] INFO  server.RaftServerConfigKeys (ConfUtils.java:logGet(43)) - raft.server.log.statemachine.data.sync.timeout.retry = -1 (default)
2019-09-25 05:07:55,918 [pool-267-thread-1] INFO  server.RaftServerConfigKeys (ConfUtils.java:logGet(43)) - raft.server.log.statemachine.data.sync.timeout = 10s (default)
2019-09-25 05:07:55,919 [pool-267-thread-1] INFO  server.RaftServerConfigKeys (ConfUtils.java:logGet(43)) - raft.server.log.statemachine.data.sync.timeout.retry = -1 (default)
2019-09-25 05:07:55,919 [pool-207-thread-1] INFO  server.RaftServerConfigKeys (ConfUtils.java:logGet(43)) - raft.server.log.statemachine.data.caching.enabled = true (custom)
2019-09-25 05:07:55,919 [pool-267-thread-1] INFO  server.RaftServerConfigKeys (ConfUtils.java:logGet(43)) - raft.server.log.statemachine.data.caching.enabled = true (custom)
2019-09-25 05:07:55,919 [pool-207-thread-1] INFO  segmented.SegmentedRaftLogWorker (SegmentedRaftLogWorker.java:lambda$new$0(132)) - 0c186508-9ecb-45e3-9dfe-464b7fe9f193@group-34516644C2A0-SegmentedRaftLogWorker: flushIndex: setUnconditionally 0 -> -1
2019-09-25 05:07:55,919 [pool-267-thread-1] INFO  segmented.SegmentedRaftLogWorker (SegmentedRaftLogWorker.java:lambda$new$0(132)) - 95dec85b-23b9-41b7-9d30-1b2eb1816676@group-E97B045DFE39-SegmentedRaftLogWorker: flushIndex: setUnconditionally 0 -> -1
2019-09-25 05:07:55,919 [pool-207-thread-1] INFO  server.RaftServerConfigKeys (ConfUtils.java:logGet(43)) - raft.server.snapshot.auto.trigger.enabled = true (custom)
2019-09-25 05:07:55,920 [pool-267-thread-1] INFO  server.RaftServerConfigKeys (ConfUtils.java:logGet(43)) - raft.server.snapshot.auto.trigger.enabled = true (custom)
2019-09-25 05:07:55,920 [pool-207-thread-1] INFO  server.RaftServerConfigKeys (ConfUtils.java:logGet(43)) - raft.server.snapshot.auto.trigger.threshold = 10000 (custom)
2019-09-25 05:07:55,920 [pool-267-thread-1] INFO  server.RaftServerConfigKeys (ConfUtils.java:logGet(43)) - raft.server.snapshot.auto.trigger.threshold = 10000 (custom)
2019-09-25 05:07:55,920 [pool-207-thread-1] INFO  server.RaftServerConfigKeys (ConfUtils.java:logGet(43)) - raft.server.snapshot.retention.num.files = 5 (custom)
2019-09-25 05:07:55,920 [pool-267-thread-1] INFO  server.RaftServerConfigKeys (ConfUtils.java:logGet(43)) - raft.server.snapshot.retention.num.files = 5 (custom)
2019-09-25 05:07:55,920 [pool-207-thread-1] INFO  server.RaftServerConfigKeys (ConfUtils.java:logGet(43)) - raft.server.retrycache.expirytime = 600000ms (custom)
2019-09-25 05:07:55,920 [pool-267-thread-1] INFO  server.RaftServerConfigKeys (ConfUtils.java:logGet(43)) - raft.server.retrycache.expirytime = 600000ms (custom)
2019-09-25 05:07:55,922 [pool-247-thread-1] INFO  impl.RaftServerImpl (RaftServerImpl.java:<init>(95)) - 1e4f299d-27e6-442d-9871-12ab226dd7a8: new RaftServerImpl for group-3D9C9E831C33:[0c186508-9ecb-45e3-9dfe-464b7fe9f193:192.168.36.126:34098, 95dec85b-23b9-41b7-9d30-1b2eb1816676:192.168.36.126:33370, 1e4f299d-27e6-442d-9871-12ab226dd7a8:192.168.36.126:46862] with ContainerStateMachine:uninitialized
2019-09-25 05:07:55,922 [pool-247-thread-1] INFO  server.RaftServerConfigKeys (ConfUtils.java:logGet(43)) - raft.server.rpc.timeout.min = 5s (custom)
2019-09-25 05:07:55,923 [pool-247-thread-1] INFO  server.RaftServerConfigKeys (ConfUtils.java:logGet(43)) - raft.server.rpc.timeout.max = 5200ms (custom)
2019-09-25 05:07:55,923 [pool-247-thread-1] INFO  server.RaftServerConfigKeys (ConfUtils.java:logGet(43)) - raft.server.rpcslowness.timeout = 120s (custom)
2019-09-25 05:07:55,923 [pool-247-thread-1] INFO  server.RaftServerConfigKeys (ConfUtils.java:logGet(43)) - raft.server.sleep.deviation.threshold = 300 (default)
2019-09-25 05:07:55,923 [pool-247-thread-1] INFO  server.RaftServerConfigKeys (ConfUtils.java:logGet(43)) - raft.server.log.appender.install.snapshot.enabled = false (custom)
2019-09-25 05:07:55,923 [pool-247-thread-1] INFO  impl.RaftServerImpl (ServerState.java:<init>(103)) - 1e4f299d-27e6-442d-9871-12ab226dd7a8@group-3D9C9E831C33: ConfigurationManager, init=-1: [0c186508-9ecb-45e3-9dfe-464b7fe9f193:192.168.36.126:34098, 95dec85b-23b9-41b7-9d30-1b2eb1816676:192.168.36.126:33370, 1e4f299d-27e6-442d-9871-12ab226dd7a8:192.168.36.126:46862], old=null, confs=<EMPTY_MAP>
2019-09-25 05:07:55,924 [pool-247-thread-1] INFO  server.RaftServerConfigKeys (ConfUtils.java:logGet(43)) - raft.server.storage.dir = [/workdir/hadoop-ozone/integration-test/target/test-dir/MiniOzoneClusterImpl-4a5a4de4-737d-4e52-b3c3-543a3eb2b617/datanode-4/data/ratis] (custom)
2019-09-25 05:07:55,924 [pool-247-thread-1] INFO  storage.RaftStorageDirectory (RaftStorageDirectory.java:analyzeStorage(246)) - The storage directory /workdir/hadoop-ozone/integration-test/target/test-dir/MiniOzoneClusterImpl-4a5a4de4-737d-4e52-b3c3-543a3eb2b617/datanode-4/data/ratis/b13d5678-261d-44f7-bed1-3d9c9e831c33 does not exist. Creating ...
2019-09-25 05:07:55,925 [pool-207-thread-1] INFO  impl.RaftServerImpl (RaftServerImpl.java:<init>(95)) - 0c186508-9ecb-45e3-9dfe-464b7fe9f193: new RaftServerImpl for group-E97B045DFE39:[0c186508-9ecb-45e3-9dfe-464b7fe9f193:192.168.36.126:34098, 95dec85b-23b9-41b7-9d30-1b2eb1816676:192.168.36.126:33370, 1e4f299d-27e6-442d-9871-12ab226dd7a8:192.168.36.126:46862] with ContainerStateMachine:uninitialized
2019-09-25 05:07:55,925 [pool-207-thread-1] INFO  server.RaftServerConfigKeys (ConfUtils.java:logGet(43)) - raft.server.rpc.timeout.min = 5s (custom)
2019-09-25 05:07:55,925 [pool-207-thread-1] INFO  server.RaftServerConfigKeys (ConfUtils.java:logGet(43)) - raft.server.rpc.timeout.max = 5200ms (custom)
2019-09-25 05:07:55,925 [pool-207-thread-1] INFO  server.RaftServerConfigKeys (ConfUtils.java:logGet(43)) - raft.server.rpcslowness.timeout = 120s (custom)
2019-09-25 05:07:55,925 [pool-267-thread-1] INFO  impl.RaftServerImpl (RaftServerImpl.java:<init>(95)) - 95dec85b-23b9-41b7-9d30-1b2eb1816676: new RaftServerImpl for group-3D9C9E831C33:[0c186508-9ecb-45e3-9dfe-464b7fe9f193:192.168.36.126:34098, 95dec85b-23b9-41b7-9d30-1b2eb1816676:192.168.36.126:33370, 1e4f299d-27e6-442d-9871-12ab226dd7a8:192.168.36.126:46862] with ContainerStateMachine:uninitialized
2019-09-25 05:07:55,925 [pool-207-thread-1] INFO  server.RaftServerConfigKeys (ConfUtils.java:logGet(43)) - raft.server.sleep.deviation.threshold = 300 (default)
2019-09-25 05:07:55,926 [pool-267-thread-1] INFO  server.RaftServerConfigKeys (ConfUtils.java:logGet(43)) - raft.server.rpc.timeout.min = 5s (custom)
2019-09-25 05:07:55,926 [pool-207-thread-1] INFO  server.RaftServerConfigKeys (ConfUtils.java:logGet(43)) - raft.server.log.appender.install.snapshot.enabled = false (custom)
2019-09-25 05:07:55,926 [pool-267-thread-1] INFO  server.RaftServerConfigKeys (ConfUtils.java:logGet(43)) - raft.server.rpc.timeout.max = 5200ms (custom)
2019-09-25 05:07:55,926 [pool-207-thread-1] INFO  impl.RaftServerImpl (ServerState.java:<init>(103)) - 0c186508-9ecb-45e3-9dfe-464b7fe9f193@group-E97B045DFE39: ConfigurationManager, init=-1: [0c186508-9ecb-45e3-9dfe-464b7fe9f193:192.168.36.126:34098, 95dec85b-23b9-41b7-9d30-1b2eb1816676:192.168.36.126:33370, 1e4f299d-27e6-442d-9871-12ab226dd7a8:192.168.36.126:46862], old=null, confs=<EMPTY_MAP>
2019-09-25 05:07:55,926 [pool-267-thread-1] INFO  server.RaftServerConfigKeys (ConfUtils.java:logGet(43)) - raft.server.rpcslowness.timeout = 120s (custom)
2019-09-25 05:07:55,926 [pool-207-thread-1] INFO  server.RaftServerConfigKeys (ConfUtils.java:logGet(43)) - raft.server.storage.dir = [/workdir/hadoop-ozone/integration-test/target/test-dir/MiniOzoneClusterImpl-4a5a4de4-737d-4e52-b3c3-543a3eb2b617/datanode-0/data/ratis] (custom)
2019-09-25 05:07:55,926 [pool-267-thread-1] INFO  server.RaftServerConfigKeys (ConfUtils.java:logGet(43)) - raft.server.sleep.deviation.threshold = 300 (default)
2019-09-25 05:07:55,927 [pool-267-thread-1] INFO  server.RaftServerConfigKeys (ConfUtils.java:logGet(43)) - raft.server.log.appender.install.snapshot.enabled = false (custom)
2019-09-25 05:07:55,927 [pool-267-thread-1] INFO  impl.RaftServerImpl (ServerState.java:<init>(103)) - 95dec85b-23b9-41b7-9d30-1b2eb1816676@group-3D9C9E831C33: ConfigurationManager, init=-1: [0c186508-9ecb-45e3-9dfe-464b7fe9f193:192.168.36.126:34098, 95dec85b-23b9-41b7-9d30-1b2eb1816676:192.168.36.126:33370, 1e4f299d-27e6-442d-9871-12ab226dd7a8:192.168.36.126:46862], old=null, confs=<EMPTY_MAP>
2019-09-25 05:07:55,927 [pool-207-thread-1] INFO  storage.RaftStorageDirectory (RaftStorageDirectory.java:analyzeStorage(246)) - The storage directory /workdir/hadoop-ozone/integration-test/target/test-dir/MiniOzoneClusterImpl-4a5a4de4-737d-4e52-b3c3-543a3eb2b617/datanode-0/data/ratis/53d0c596-329f-4386-b07b-e97b045dfe39 does not exist. Creating ...
2019-09-25 05:07:55,927 [pool-267-thread-1] INFO  server.RaftServerConfigKeys (ConfUtils.java:logGet(43)) - raft.server.storage.dir = [/workdir/hadoop-ozone/integration-test/target/test-dir/MiniOzoneClusterImpl-4a5a4de4-737d-4e52-b3c3-543a3eb2b617/datanode-6/data/ratis] (custom)
2019-09-25 05:07:55,927 [pool-267-thread-1] INFO  storage.RaftStorageDirectory (RaftStorageDirectory.java:analyzeStorage(246)) - The storage directory /workdir/hadoop-ozone/integration-test/target/test-dir/MiniOzoneClusterImpl-4a5a4de4-737d-4e52-b3c3-543a3eb2b617/datanode-6/data/ratis/b13d5678-261d-44f7-bed1-3d9c9e831c33 does not exist. Creating ...
2019-09-25 05:07:55,943 [Thread-1827] INFO  impl.FollowerState (FollowerState.java:run(106)) - bc163c1a-f845-4c36-9592-f8e34b91970d:group-8F81A5CD80FE changes to CANDIDATE, lastRpcTime:5032, electionTimeout:5031ms
2019-09-25 05:07:55,943 [Thread-1827] INFO  impl.RoleInfo (RoleInfo.java:shutdownFollowerState(121)) - bc163c1a-f845-4c36-9592-f8e34b91970d: shutdown FollowerState
2019-09-25 05:07:55,943 [Thread-1827] INFO  impl.RaftServerImpl (RaftServerImpl.java:setRole(174)) - bc163c1a-f845-4c36-9592-f8e34b91970d@group-8F81A5CD80FE: changes role from  FOLLOWER to CANDIDATE at term 6 for changeToCandidate
2019-09-25 05:07:55,944 [Thread-1827] INFO  impl.RoleInfo (RoleInfo.java:updateAndGet(143)) - bc163c1a-f845-4c36-9592-f8e34b91970d: start LeaderElection
2019-09-25 05:07:55,954 [Thread-1829] INFO  impl.FollowerState (FollowerState.java:run(106)) - d10fc367-6717-4be7-9c4c-7b0b4f4b0759:group-3A2C0294070D changes to CANDIDATE, lastRpcTime:5041, electionTimeout:5041ms
2019-09-25 05:07:55,954 [Thread-1829] INFO  impl.RoleInfo (RoleInfo.java:shutdownFollowerState(121)) - d10fc367-6717-4be7-9c4c-7b0b4f4b0759: shutdown FollowerState
2019-09-25 05:07:55,954 [Thread-1829] INFO  impl.RaftServerImpl (RaftServerImpl.java:setRole(174)) - d10fc367-6717-4be7-9c4c-7b0b4f4b0759@group-3A2C0294070D: changes role from  FOLLOWER to CANDIDATE at term 5 for changeToCandidate
2019-09-25 05:07:55,955 [Thread-1829] INFO  impl.RoleInfo (RoleInfo.java:updateAndGet(143)) - d10fc367-6717-4be7-9c4c-7b0b4f4b0759: start LeaderElection
2019-09-25 05:07:56,015 [Thread-1825] INFO  impl.FollowerState (FollowerState.java:run(106)) - 59abef46-29ea-4eff-a512-e596f80f6db1:group-8F81A5CD80FE changes to CANDIDATE, lastRpcTime:5105, electionTimeout:5105ms
2019-09-25 05:07:56,015 [Thread-1825] INFO  impl.RoleInfo (RoleInfo.java:shutdownFollowerState(121)) - 59abef46-29ea-4eff-a512-e596f80f6db1: shutdown FollowerState
2019-09-25 05:07:56,015 [Thread-1825] INFO  impl.RaftServerImpl (RaftServerImpl.java:setRole(174)) - 59abef46-29ea-4eff-a512-e596f80f6db1@group-8F81A5CD80FE: changes role from  FOLLOWER to CANDIDATE at term 6 for changeToCandidate
2019-09-25 05:07:56,015 [Thread-1825] INFO  impl.RoleInfo (RoleInfo.java:updateAndGet(143)) - 59abef46-29ea-4eff-a512-e596f80f6db1: start LeaderElection
2019-09-25 05:07:56,024 [Thread-1826] INFO  impl.FollowerState (FollowerState.java:run(106)) - 158ad28b-aa8e-4172-b96b-cbb323932650:group-8F81A5CD80FE changes to CANDIDATE, lastRpcTime:5112, electionTimeout:5112ms
2019-09-25 05:07:56,024 [Thread-1826] INFO  impl.RoleInfo (RoleInfo.java:shutdownFollowerState(121)) - 158ad28b-aa8e-4172-b96b-cbb323932650: shutdown FollowerState
2019-09-25 05:07:56,024 [Thread-1826] INFO  impl.RaftServerImpl (RaftServerImpl.java:setRole(174)) - 158ad28b-aa8e-4172-b96b-cbb323932650@group-8F81A5CD80FE: changes role from  FOLLOWER to CANDIDATE at term 6 for changeToCandidate
2019-09-25 05:07:56,024 [Thread-1826] INFO  impl.RoleInfo (RoleInfo.java:updateAndGet(143)) - 158ad28b-aa8e-4172-b96b-cbb323932650: start LeaderElection
2019-09-25 05:07:56,052 [Thread-1828] INFO  impl.FollowerState (FollowerState.java:run(106)) - caeda6cb-6345-44ea-a0d4-5f314a967b77:group-3A2C0294070D changes to CANDIDATE, lastRpcTime:5139, electionTimeout:5139ms
2019-09-25 05:07:56,052 [Thread-1828] INFO  impl.RoleInfo (RoleInfo.java:shutdownFollowerState(121)) - caeda6cb-6345-44ea-a0d4-5f314a967b77: shutdown FollowerState
2019-09-25 05:07:56,052 [Thread-1828] INFO  impl.RaftServerImpl (RaftServerImpl.java:setRole(174)) - caeda6cb-6345-44ea-a0d4-5f314a967b77@group-3A2C0294070D: changes role from  FOLLOWER to CANDIDATE at term 5 for changeToCandidate
2019-09-25 05:07:56,052 [Thread-1828] INFO  impl.RoleInfo (RoleInfo.java:updateAndGet(143)) - caeda6cb-6345-44ea-a0d4-5f314a967b77: start LeaderElection
2019-09-25 05:07:56,108 [Thread-1830] INFO  impl.FollowerState (FollowerState.java:run(106)) - c0eca757-0426-4809-8d60-c283fabf02c6:group-3A2C0294070D changes to CANDIDATE, lastRpcTime:5194, electionTimeout:5194ms
2019-09-25 05:07:56,108 [Thread-1830] INFO  impl.RoleInfo (RoleInfo.java:shutdownFollowerState(121)) - c0eca757-0426-4809-8d60-c283fabf02c6: shutdown FollowerState
2019-09-25 05:07:56,108 [Thread-1830] INFO  impl.RaftServerImpl (RaftServerImpl.java:setRole(174)) - c0eca757-0426-4809-8d60-c283fabf02c6@group-3A2C0294070D: changes role from  FOLLOWER to CANDIDATE at term 5 for changeToCandidate
2019-09-25 05:07:56,108 [Thread-1830] INFO  impl.RoleInfo (RoleInfo.java:updateAndGet(143)) - c0eca757-0426-4809-8d60-c283fabf02c6: start LeaderElection
2019-09-25 05:07:58,746 [RATISCREATEPIPELINE1] ERROR pipeline.RatisPipelineProvider (RatisPipelineProvider.java:lambda$null$5(235)) - Failed invoke Ratis rpc org.apache.hadoop.hdds.scm.pipeline.RatisPipelineProvider$$Lambda$217/423391421@57818a7b for 95dec85b-23b9-41b7-9d30-1b2eb1816676
org.apache.ratis.protocol.TimeoutIOException: deadline exceeded after 2999851869ns
	at org.apache.ratis.grpc.GrpcUtil.tryUnwrapException(GrpcUtil.java:82)
	at org.apache.ratis.grpc.GrpcUtil.unwrapException(GrpcUtil.java:75)
	at org.apache.ratis.grpc.client.GrpcClientProtocolClient.blockingCall(GrpcClientProtocolClient.java:178)
	at org.apache.ratis.grpc.client.GrpcClientProtocolClient.groupAdd(GrpcClientProtocolClient.java:147)
	at org.apache.ratis.grpc.client.GrpcClientRpc.sendRequest(GrpcClientRpc.java:94)
	at org.apache.ratis.client.impl.RaftClientImpl.sendRequest(RaftClientImpl.java:278)
	at org.apache.ratis.client.impl.RaftClientImpl.groupAdd(RaftClientImpl.java:205)
	at org.apache.hadoop.hdds.scm.pipeline.RatisPipelineProvider.lambda$initializePipeline$4(RatisPipelineProvider.java:196)
	at org.apache.hadoop.hdds.scm.pipeline.RatisPipelineProvider.lambda$null$5(RatisPipelineProvider.java:231)
	at java.util.stream.ForEachOps$ForEachOp$OfRef.accept(ForEachOps.java:184)
	at java.util.ArrayList$ArrayListSpliterator.forEachRemaining(ArrayList.java:1382)
	at java.util.stream.AbstractPipeline.copyInto(AbstractPipeline.java:482)
	at java.util.stream.ForEachOps$ForEachTask.compute(ForEachOps.java:291)
	at java.util.concurrent.CountedCompleter.exec(CountedCompleter.java:731)
	at java.util.concurrent.ForkJoinTask.doExec(ForkJoinTask.java:289)
	at java.util.concurrent.ForkJoinTask.doInvoke(ForkJoinTask.java:401)
	at java.util.concurrent.ForkJoinTask.invoke(ForkJoinTask.java:734)
	at java.util.stream.ForEachOps$ForEachOp.evaluateParallel(ForEachOps.java:160)
	at java.util.stream.ForEachOps$ForEachOp$OfRef.evaluateParallel(ForEachOps.java:174)
	at java.util.stream.AbstractPipeline.evaluate(AbstractPipeline.java:233)
	at java.util.stream.ReferencePipeline.forEach(ReferencePipeline.java:418)
	at java.util.stream.ReferencePipeline$Head.forEach(ReferencePipeline.java:583)
	at org.apache.hadoop.hdds.scm.pipeline.RatisPipelineProvider.lambda$callRatisRpc$6(RatisPipelineProvider.java:225)
	at java.util.concurrent.ForkJoinTask$AdaptedRunnableAction.exec(ForkJoinTask.java:1386)
	at java.util.concurrent.ForkJoinTask.doExec(ForkJoinTask.java:289)
	at java.util.concurrent.ForkJoinPool$WorkQueue.runTask(ForkJoinPool.java:1056)
	at java.util.concurrent.ForkJoinPool.runWorker(ForkJoinPool.java:1692)
	at java.util.concurrent.ForkJoinWorkerThread.run(ForkJoinWorkerThread.java:157)
Caused by: org.apache.ratis.thirdparty.io.grpc.StatusRuntimeException: DEADLINE_EXCEEDED: deadline exceeded after 2999851869ns
	at org.apache.ratis.thirdparty.io.grpc.stub.ClientCalls.toStatusRuntimeException(ClientCalls.java:233)
	at org.apache.ratis.thirdparty.io.grpc.stub.ClientCalls.getUnchecked(ClientCalls.java:214)
	at org.apache.ratis.thirdparty.io.grpc.stub.ClientCalls.blockingUnaryCall(ClientCalls.java:139)
	at org.apache.ratis.proto.grpc.AdminProtocolServiceGrpc$AdminProtocolServiceBlockingStub.groupManagement(AdminProtocolServiceGrpc.java:274)
	at org.apache.ratis.grpc.client.GrpcClientProtocolClient.lambda$groupAdd$3(GrpcClientProtocolClient.java:149)
	at org.apache.ratis.grpc.client.GrpcClientProtocolClient.blockingCall(GrpcClientProtocolClient.java:176)
	... 25 more
2019-09-25 05:07:58,762 [grpc-default-executor-0] INFO  impl.RaftServerProxy (RaftServerProxy.java:addNew(89)) - 95dec85b-23b9-41b7-9d30-1b2eb1816676: addNew group-62501194BD52:[0c186508-9ecb-45e3-9dfe-464b7fe9f193:192.168.36.126:34098, 95dec85b-23b9-41b7-9d30-1b2eb1816676:192.168.36.126:33370, 1e4f299d-27e6-442d-9871-12ab226dd7a8:192.168.36.126:46862] returns group-62501194BD52:java.util.concurrent.CompletableFuture@72af21c5[Not completed]
2019-09-25 05:07:58,762 [grpc-default-executor-4] INFO  impl.RaftServerProxy (RaftServerProxy.java:addNew(89)) - 1e4f299d-27e6-442d-9871-12ab226dd7a8: addNew group-62501194BD52:[0c186508-9ecb-45e3-9dfe-464b7fe9f193:192.168.36.126:34098, 95dec85b-23b9-41b7-9d30-1b2eb1816676:192.168.36.126:33370, 1e4f299d-27e6-442d-9871-12ab226dd7a8:192.168.36.126:46862] returns group-62501194BD52:java.util.concurrent.CompletableFuture@576e67fd[Not completed]
2019-09-25 05:07:58,762 [grpc-default-executor-1] INFO  impl.RaftServerProxy (RaftServerProxy.java:addNew(89)) - 0c186508-9ecb-45e3-9dfe-464b7fe9f193: addNew group-62501194BD52:[0c186508-9ecb-45e3-9dfe-464b7fe9f193:192.168.36.126:34098, 95dec85b-23b9-41b7-9d30-1b2eb1816676:192.168.36.126:33370, 1e4f299d-27e6-442d-9871-12ab226dd7a8:192.168.36.126:46862] returns group-62501194BD52:java.util.concurrent.CompletableFuture@2288ccc4[Not completed]
2019-09-25 05:08:01,076 [pool-247-thread-1] INFO  storage.RaftStorageDirectory (RaftStorageDirectory.java:tryLock(328)) - Lock on /workdir/hadoop-ozone/integration-test/target/test-dir/MiniOzoneClusterImpl-4a5a4de4-737d-4e52-b3c3-543a3eb2b617/datanode-4/data/ratis/b13d5678-261d-44f7-bed1-3d9c9e831c33/in_use.lock acquired by nodename 31467@pr-hdds-2174-pqx5g-486351168
2019-09-25 05:08:01,076 [caeda6cb-6345-44ea-a0d4-5f314a967b77@group-3A2C0294070D:LeaderElection113] INFO  impl.LeaderElection (LeaderElection.java:askForVotes(182)) - caeda6cb-6345-44ea-a0d4-5f314a967b77@group-3A2C0294070D:LeaderElection113: begin an election at term 6 for -1: [d10fc367-6717-4be7-9c4c-7b0b4f4b0759:192.168.36.126:35315, c0eca757-0426-4809-8d60-c283fabf02c6:192.168.36.126:34880, caeda6cb-6345-44ea-a0d4-5f314a967b77:192.168.36.126:40532], old=null
2019-09-25 05:08:01,076 [c0eca757-0426-4809-8d60-c283fabf02c6@group-3A2C0294070D:LeaderElection114] INFO  impl.LeaderElection (LeaderElection.java:askForVotes(182)) - c0eca757-0426-4809-8d60-c283fabf02c6@group-3A2C0294070D:LeaderElection114: begin an election at term 6 for -1: [d10fc367-6717-4be7-9c4c-7b0b4f4b0759:192.168.36.126:35315, c0eca757-0426-4809-8d60-c283fabf02c6:192.168.36.126:34880, caeda6cb-6345-44ea-a0d4-5f314a967b77:192.168.36.126:40532], old=null
2019-09-25 05:08:01,076 [pool-207-thread-1] INFO  storage.RaftStorageDirectory (RaftStorageDirectory.java:tryLock(328)) - Lock on /workdir/hadoop-ozone/integration-test/target/test-dir/MiniOzoneClusterImpl-4a5a4de4-737d-4e52-b3c3-543a3eb2b617/datanode-0/data/ratis/53d0c596-329f-4386-b07b-e97b045dfe39/in_use.lock acquired by nodename 31467@pr-hdds-2174-pqx5g-486351168
2019-09-25 05:08:01,076 [59abef46-29ea-4eff-a512-e596f80f6db1@group-8F81A5CD80FE:LeaderElection111] INFO  impl.LeaderElection (LeaderElection.java:askForVotes(182)) - 59abef46-29ea-4eff-a512-e596f80f6db1@group-8F81A5CD80FE:LeaderElection111: begin an election at term 7 for -1: [bc163c1a-f845-4c36-9592-f8e34b91970d:192.168.36.126:38248, 158ad28b-aa8e-4172-b96b-cbb323932650:192.168.36.126:34188, 59abef46-29ea-4eff-a512-e596f80f6db1:192.168.36.126:38401], old=null
2019-09-25 05:08:01,076 [158ad28b-aa8e-4172-b96b-cbb323932650@group-8F81A5CD80FE:LeaderElection112] INFO  impl.LeaderElection (LeaderElection.java:askForVotes(182)) - 158ad28b-aa8e-4172-b96b-cbb323932650@group-8F81A5CD80FE:LeaderElection112: begin an election at term 7 for -1: [bc163c1a-f845-4c36-9592-f8e34b91970d:192.168.36.126:38248, 158ad28b-aa8e-4172-b96b-cbb323932650:192.168.36.126:34188, 59abef46-29ea-4eff-a512-e596f80f6db1:192.168.36.126:38401], old=null
2019-09-25 05:08:01,076 [bc163c1a-f845-4c36-9592-f8e34b91970d@group-8F81A5CD80FE:LeaderElection109] INFO  impl.LeaderElection (LeaderElection.java:askForVotes(182)) - bc163c1a-f845-4c36-9592-f8e34b91970d@group-8F81A5CD80FE:LeaderElection109: begin an election at term 7 for -1: [bc163c1a-f845-4c36-9592-f8e34b91970d:192.168.36.126:38248, 158ad28b-aa8e-4172-b96b-cbb323932650:192.168.36.126:34188, 59abef46-29ea-4eff-a512-e596f80f6db1:192.168.36.126:38401], old=null
2019-09-25 05:08:01,076 [d10fc367-6717-4be7-9c4c-7b0b4f4b0759@group-3A2C0294070D:LeaderElection110] INFO  impl.LeaderElection (LeaderElection.java:askForVotes(182)) - d10fc367-6717-4be7-9c4c-7b0b4f4b0759@group-3A2C0294070D:LeaderElection110: begin an election at term 6 for -1: [d10fc367-6717-4be7-9c4c-7b0b4f4b0759:192.168.36.126:35315, c0eca757-0426-4809-8d60-c283fabf02c6:192.168.36.126:34880, caeda6cb-6345-44ea-a0d4-5f314a967b77:192.168.36.126:40532], old=null
2019-09-25 05:08:01,076 [pool-267-thread-1] INFO  storage.RaftStorageDirectory (RaftStorageDirectory.java:tryLock(328)) - Lock on /workdir/hadoop-ozone/integration-test/target/test-dir/MiniOzoneClusterImpl-4a5a4de4-737d-4e52-b3c3-543a3eb2b617/datanode-6/data/ratis/b13d5678-261d-44f7-bed1-3d9c9e831c33/in_use.lock acquired by nodename 31467@pr-hdds-2174-pqx5g-486351168
2019-09-25 05:08:01,086 [caeda6cb-6345-44ea-a0d4-5f314a967b77@group-3A2C0294070D:LeaderElection113] INFO  impl.LeaderElection (LeaderElection.java:logAndReturn(56)) - caeda6cb-6345-44ea-a0d4-5f314a967b77@group-3A2C0294070D:LeaderElection113: Election REJECTED; received 2 response(s) [caeda6cb-6345-44ea-a0d4-5f314a967b77<-d10fc367-6717-4be7-9c4c-7b0b4f4b0759#0:FAIL-t6, caeda6cb-6345-44ea-a0d4-5f314a967b77<-c0eca757-0426-4809-8d60-c283fabf02c6#0:FAIL-t6] and 0 exception(s); caeda6cb-6345-44ea-a0d4-5f314a967b77@group-3A2C0294070D:t6, leader=null, voted=caeda6cb-6345-44ea-a0d4-5f314a967b77, raftlog=caeda6cb-6345-44ea-a0d4-5f314a967b77@group-3A2C0294070D-SegmentedRaftLog:OPENED:c-1,f-1,i0, conf=-1: [d10fc367-6717-4be7-9c4c-7b0b4f4b0759:192.168.36.126:35315, c0eca757-0426-4809-8d60-c283fabf02c6:192.168.36.126:34880, caeda6cb-6345-44ea-a0d4-5f314a967b77:192.168.36.126:40532], old=null
2019-09-25 05:08:01,086 [caeda6cb-6345-44ea-a0d4-5f314a967b77@group-3A2C0294070D:LeaderElection113] INFO  impl.RaftServerImpl (RaftServerImpl.java:setRole(174)) - caeda6cb-6345-44ea-a0d4-5f314a967b77@group-3A2C0294070D: changes role from CANDIDATE to FOLLOWER at term 6 for DISCOVERED_A_NEW_TERM
2019-09-25 05:08:01,086 [caeda6cb-6345-44ea-a0d4-5f314a967b77@group-3A2C0294070D:LeaderElection113] INFO  impl.RoleInfo (RoleInfo.java:shutdownLeaderElection(134)) - caeda6cb-6345-44ea-a0d4-5f314a967b77: shutdown LeaderElection
2019-09-25 05:08:01,086 [caeda6cb-6345-44ea-a0d4-5f314a967b77@group-3A2C0294070D:LeaderElection113] INFO  impl.RoleInfo (RoleInfo.java:updateAndGet(143)) - caeda6cb-6345-44ea-a0d4-5f314a967b77: start FollowerState
2019-09-25 05:08:01,087 [59abef46-29ea-4eff-a512-e596f80f6db1@group-8F81A5CD80FE:LeaderElection111] INFO  impl.LeaderElection (LeaderElection.java:logAndReturn(56)) - 59abef46-29ea-4eff-a512-e596f80f6db1@group-8F81A5CD80FE:LeaderElection111: Election REJECTED; received 2 response(s) [59abef46-29ea-4eff-a512-e596f80f6db1<-158ad28b-aa8e-4172-b96b-cbb323932650#0:FAIL-t7, 59abef46-29ea-4eff-a512-e596f80f6db1<-bc163c1a-f845-4c36-9592-f8e34b91970d#0:FAIL-t7] and 0 exception(s); 59abef46-29ea-4eff-a512-e596f80f6db1@group-8F81A5CD80FE:t7, leader=null, voted=59abef46-29ea-4eff-a512-e596f80f6db1, raftlog=59abef46-29ea-4eff-a512-e596f80f6db1@group-8F81A5CD80FE-SegmentedRaftLog:OPENED:c-1,f-1,i0, conf=-1: [bc163c1a-f845-4c36-9592-f8e34b91970d:192.168.36.126:38248, 158ad28b-aa8e-4172-b96b-cbb323932650:192.168.36.126:34188, 59abef46-29ea-4eff-a512-e596f80f6db1:192.168.36.126:38401], old=null
2019-09-25 05:08:01,087 [59abef46-29ea-4eff-a512-e596f80f6db1@group-8F81A5CD80FE:LeaderElection111] INFO  impl.RaftServerImpl (RaftServerImpl.java:setRole(174)) - 59abef46-29ea-4eff-a512-e596f80f6db1@group-8F81A5CD80FE: changes role from CANDIDATE to FOLLOWER at term 7 for DISCOVERED_A_NEW_TERM
2019-09-25 05:08:01,087 [59abef46-29ea-4eff-a512-e596f80f6db1@group-8F81A5CD80FE:LeaderElection111] INFO  impl.RoleInfo (RoleInfo.java:shutdownLeaderElection(134)) - 59abef46-29ea-4eff-a512-e596f80f6db1: shutdown LeaderElection
2019-09-25 05:08:01,087 [59abef46-29ea-4eff-a512-e596f80f6db1@group-8F81A5CD80FE:LeaderElection111] INFO  impl.RoleInfo (RoleInfo.java:updateAndGet(143)) - 59abef46-29ea-4eff-a512-e596f80f6db1: start FollowerState
2019-09-25 05:08:01,087 [d10fc367-6717-4be7-9c4c-7b0b4f4b0759@group-3A2C0294070D:LeaderElection110] INFO  impl.LeaderElection (LeaderElection.java:logAndReturn(56)) - d10fc367-6717-4be7-9c4c-7b0b4f4b0759@group-3A2C0294070D:LeaderElection110: Election REJECTED; received 2 response(s) [d10fc367-6717-4be7-9c4c-7b0b4f4b0759<-c0eca757-0426-4809-8d60-c283fabf02c6#0:FAIL-t6, d10fc367-6717-4be7-9c4c-7b0b4f4b0759<-caeda6cb-6345-44ea-a0d4-5f314a967b77#0:FAIL-t6] and 0 exception(s); d10fc367-6717-4be7-9c4c-7b0b4f4b0759@group-3A2C0294070D:t6, leader=null, voted=d10fc367-6717-4be7-9c4c-7b0b4f4b0759, raftlog=d10fc367-6717-4be7-9c4c-7b0b4f4b0759@group-3A2C0294070D-SegmentedRaftLog:OPENED:c-1,f-1,i0, conf=-1: [d10fc367-6717-4be7-9c4c-7b0b4f4b0759:192.168.36.126:35315, c0eca757-0426-4809-8d60-c283fabf02c6:192.168.36.126:34880, caeda6cb-6345-44ea-a0d4-5f314a967b77:192.168.36.126:40532], old=null
2019-09-25 05:08:01,088 [c0eca757-0426-4809-8d60-c283fabf02c6@group-3A2C0294070D:LeaderElection114] INFO  impl.LeaderElection (LeaderElection.java:logAndReturn(56)) - c0eca757-0426-4809-8d60-c283fabf02c6@group-3A2C0294070D:LeaderElection114: Election REJECTED; received 2 response(s) [c0eca757-0426-4809-8d60-c283fabf02c6<-d10fc367-6717-4be7-9c4c-7b0b4f4b0759#0:FAIL-t6, c0eca757-0426-4809-8d60-c283fabf02c6<-caeda6cb-6345-44ea-a0d4-5f314a967b77#0:FAIL-t6] and 0 exception(s); c0eca757-0426-4809-8d60-c283fabf02c6@group-3A2C0294070D:t6, leader=null, voted=c0eca757-0426-4809-8d60-c283fabf02c6, raftlog=c0eca757-0426-4809-8d60-c283fabf02c6@group-3A2C0294070D-SegmentedRaftLog:OPENED:c-1,f-1,i0, conf=-1: [d10fc367-6717-4be7-9c4c-7b0b4f4b0759:192.168.36.126:35315, c0eca757-0426-4809-8d60-c283fabf02c6:192.168.36.126:34880, caeda6cb-6345-44ea-a0d4-5f314a967b77:192.168.36.126:40532], old=null
2019-09-25 05:08:01,088 [d10fc367-6717-4be7-9c4c-7b0b4f4b0759@group-3A2C0294070D:LeaderElection110] INFO  impl.RaftServerImpl (RaftServerImpl.java:setRole(174)) - d10fc367-6717-4be7-9c4c-7b0b4f4b0759@group-3A2C0294070D: changes role from CANDIDATE to FOLLOWER at term 6 for DISCOVERED_A_NEW_TERM
2019-09-25 05:08:01,088 [c0eca757-0426-4809-8d60-c283fabf02c6@group-3A2C0294070D:LeaderElection114] INFO  impl.RaftServerImpl (RaftServerImpl.java:setRole(174)) - c0eca757-0426-4809-8d60-c283fabf02c6@group-3A2C0294070D: changes role from CANDIDATE to FOLLOWER at term 6 for DISCOVERED_A_NEW_TERM
2019-09-25 05:08:01,088 [bc163c1a-f845-4c36-9592-f8e34b91970d@group-8F81A5CD80FE:LeaderElection109] INFO  impl.LeaderElection (LeaderElection.java:logAndReturn(56)) - bc163c1a-f845-4c36-9592-f8e34b91970d@group-8F81A5CD80FE:LeaderElection109: Election REJECTED; received 2 response(s) [bc163c1a-f845-4c36-9592-f8e34b91970d<-158ad28b-aa8e-4172-b96b-cbb323932650#0:FAIL-t7, bc163c1a-f845-4c36-9592-f8e34b91970d<-59abef46-29ea-4eff-a512-e596f80f6db1#0:FAIL-t7] and 0 exception(s); bc163c1a-f845-4c36-9592-f8e34b91970d@group-8F81A5CD80FE:t7, leader=null, voted=bc163c1a-f845-4c36-9592-f8e34b91970d, raftlog=bc163c1a-f845-4c36-9592-f8e34b91970d@group-8F81A5CD80FE-SegmentedRaftLog:OPENED:c-1,f-1,i0, conf=-1: [bc163c1a-f845-4c36-9592-f8e34b91970d:192.168.36.126:38248, 158ad28b-aa8e-4172-b96b-cbb323932650:192.168.36.126:34188, 59abef46-29ea-4eff-a512-e596f80f6db1:192.168.36.126:38401], old=null
2019-09-25 05:08:01,088 [c0eca757-0426-4809-8d60-c283fabf02c6@group-3A2C0294070D:LeaderElection114] INFO  impl.RoleInfo (RoleInfo.java:shutdownLeaderElection(134)) - c0eca757-0426-4809-8d60-c283fabf02c6: shutdown LeaderElection
2019-09-25 05:08:01,088 [158ad28b-aa8e-4172-b96b-cbb323932650@group-8F81A5CD80FE:LeaderElection112] INFO  impl.LeaderElection (LeaderElection.java:logAndReturn(56)) - 158ad28b-aa8e-4172-b96b-cbb323932650@group-8F81A5CD80FE:LeaderElection112: Election REJECTED; received 2 response(s) [158ad28b-aa8e-4172-b96b-cbb323932650<-bc163c1a-f845-4c36-9592-f8e34b91970d#0:FAIL-t7, 158ad28b-aa8e-4172-b96b-cbb323932650<-59abef46-29ea-4eff-a512-e596f80f6db1#0:FAIL-t7] and 0 exception(s); 158ad28b-aa8e-4172-b96b-cbb323932650@group-8F81A5CD80FE:t7, leader=null, voted=158ad28b-aa8e-4172-b96b-cbb323932650, raftlog=158ad28b-aa8e-4172-b96b-cbb323932650@group-8F81A5CD80FE-SegmentedRaftLog:OPENED:c-1,f-1,i0, conf=-1: [bc163c1a-f845-4c36-9592-f8e34b91970d:192.168.36.126:38248, 158ad28b-aa8e-4172-b96b-cbb323932650:192.168.36.126:34188, 59abef46-29ea-4eff-a512-e596f80f6db1:192.168.36.126:38401], old=null
2019-09-25 05:08:01,088 [d10fc367-6717-4be7-9c4c-7b0b4f4b0759@group-3A2C0294070D:LeaderElection110] INFO  impl.RoleInfo (RoleInfo.java:shutdownLeaderElection(134)) - d10fc367-6717-4be7-9c4c-7b0b4f4b0759: shutdown LeaderElection
2019-09-25 05:08:01,089 [158ad28b-aa8e-4172-b96b-cbb323932650@group-8F81A5CD80FE:LeaderElection112] INFO  impl.RaftServerImpl (RaftServerImpl.java:setRole(174)) - 158ad28b-aa8e-4172-b96b-cbb323932650@group-8F81A5CD80FE: changes role from CANDIDATE to FOLLOWER at term 7 for DISCOVERED_A_NEW_TERM
2019-09-25 05:08:01,088 [c0eca757-0426-4809-8d60-c283fabf02c6@group-3A2C0294070D:LeaderElection114] INFO  impl.RoleInfo (RoleInfo.java:updateAndGet(143)) - c0eca757-0426-4809-8d60-c283fabf02c6: start FollowerState
2019-09-25 05:08:01,088 [bc163c1a-f845-4c36-9592-f8e34b91970d@group-8F81A5CD80FE:LeaderElection109] INFO  impl.RaftServerImpl (RaftServerImpl.java:setRole(174)) - bc163c1a-f845-4c36-9592-f8e34b91970d@group-8F81A5CD80FE: changes role from CANDIDATE to FOLLOWER at term 7 for DISCOVERED_A_NEW_TERM
2019-09-25 05:08:01,089 [158ad28b-aa8e-4172-b96b-cbb323932650@group-8F81A5CD80FE:LeaderElection112] INFO  impl.RoleInfo (RoleInfo.java:shutdownLeaderElection(134)) - 158ad28b-aa8e-4172-b96b-cbb323932650: shutdown LeaderElection
2019-09-25 05:08:01,089 [d10fc367-6717-4be7-9c4c-7b0b4f4b0759@group-3A2C0294070D:LeaderElection110] INFO  impl.RoleInfo (RoleInfo.java:updateAndGet(143)) - d10fc367-6717-4be7-9c4c-7b0b4f4b0759: start FollowerState
2019-09-25 05:08:01,089 [158ad28b-aa8e-4172-b96b-cbb323932650@group-8F81A5CD80FE:LeaderElection112] INFO  impl.RoleInfo (RoleInfo.java:updateAndGet(143)) - 158ad28b-aa8e-4172-b96b-cbb323932650: start FollowerState
2019-09-25 05:08:01,089 [bc163c1a-f845-4c36-9592-f8e34b91970d@group-8F81A5CD80FE:LeaderElection109] INFO  impl.RoleInfo (RoleInfo.java:shutdownLeaderElection(134)) - bc163c1a-f845-4c36-9592-f8e34b91970d: shutdown LeaderElection
2019-09-25 05:08:01,089 [bc163c1a-f845-4c36-9592-f8e34b91970d@group-8F81A5CD80FE:LeaderElection109] INFO  impl.RoleInfo (RoleInfo.java:updateAndGet(143)) - bc163c1a-f845-4c36-9592-f8e34b91970d: start FollowerState
2019-09-25 05:08:01,409 [pool-247-thread-1] INFO  storage.RaftStorage (RaftStorage.java:format(72)) - Storage directory /workdir/hadoop-ozone/integration-test/target/test-dir/MiniOzoneClusterImpl-4a5a4de4-737d-4e52-b3c3-543a3eb2b617/datanode-4/data/ratis/b13d5678-261d-44f7-bed1-3d9c9e831c33 has been successfully formatted.
2019-09-25 05:08:01,409 [pool-207-thread-1] INFO  storage.RaftStorage (RaftStorage.java:format(72)) - Storage directory /workdir/hadoop-ozone/integration-test/target/test-dir/MiniOzoneClusterImpl-4a5a4de4-737d-4e52-b3c3-543a3eb2b617/datanode-0/data/ratis/53d0c596-329f-4386-b07b-e97b045dfe39 has been successfully formatted.
2019-09-25 05:08:01,410 [pool-247-thread-1] INFO  ratis.ContainerStateMachine (ContainerStateMachine.java:loadSnapshot(230)) - group-3D9C9E831C33: The snapshot info is null. Setting the last applied indexto:(t:0, i:~)
2019-09-25 05:08:01,410 [pool-267-thread-1] INFO  storage.RaftStorage (RaftStorage.java:format(72)) - Storage directory /workdir/hadoop-ozone/integration-test/target/test-dir/MiniOzoneClusterImpl-4a5a4de4-737d-4e52-b3c3-543a3eb2b617/datanode-6/data/ratis/b13d5678-261d-44f7-bed1-3d9c9e831c33 has been successfully formatted.
2019-09-25 05:08:01,410 [pool-247-thread-1] INFO  server.RaftServerConfigKeys (ConfUtils.java:logGet(43)) - raft.server.notification.no-leader.timeout = 120s (custom)
2019-09-25 05:08:01,410 [pool-207-thread-1] INFO  ratis.ContainerStateMachine (ContainerStateMachine.java:loadSnapshot(230)) - group-E97B045DFE39: The snapshot info is null. Setting the last applied indexto:(t:0, i:~)
2019-09-25 05:08:01,410 [pool-247-thread-1] INFO  server.RaftServerConfigKeys (ConfUtils.java:logGet(43)) - raft.server.log.use.memory = false (default)
2019-09-25 05:08:01,410 [pool-267-thread-1] INFO  ratis.ContainerStateMachine (ContainerStateMachine.java:loadSnapshot(230)) - group-3D9C9E831C33: The snapshot info is null. Setting the last applied indexto:(t:0, i:~)
2019-09-25 05:08:01,410 [pool-247-thread-1] INFO  server.RaftServerConfigKeys (ConfUtils.java:logGet(43)) - raft.server.log.purge.gap = 1000000 (custom)
2019-09-25 05:08:01,410 [pool-207-thread-1] INFO  server.RaftServerConfigKeys (ConfUtils.java:logGet(43)) - raft.server.notification.no-leader.timeout = 120s (custom)
2019-09-25 05:08:01,411 [pool-247-thread-1] INFO  server.RaftServerConfigKeys (ConfUtils.java:logGet(43)) - raft.server.log.appender.buffer.byte-limit = 33554432 (custom)
2019-09-25 05:08:01,410 [pool-267-thread-1] INFO  server.RaftServerConfigKeys (ConfUtils.java:logGet(43)) - raft.server.notification.no-leader.timeout = 120s (custom)
2019-09-25 05:08:01,411 [pool-247-thread-1] INFO  server.RaftServerConfigKeys (ConfUtils.java:logGet(43)) - raft.server.log.segment.size.max = 1048576 (custom)
2019-09-25 05:08:01,411 [pool-207-thread-1] INFO  server.RaftServerConfigKeys (ConfUtils.java:logGet(43)) - raft.server.log.use.memory = false (default)
2019-09-25 05:08:01,411 [pool-247-thread-1] INFO  server.RaftServerConfigKeys (ConfUtils.java:logGet(43)) - raft.server.log.segment.cache.num.max = 2 (custom)
2019-09-25 05:08:01,411 [pool-267-thread-1] INFO  server.RaftServerConfigKeys (ConfUtils.java:logGet(43)) - raft.server.log.use.memory = false (default)
2019-09-25 05:08:01,411 [pool-247-thread-1] INFO  segmented.SegmentedRaftLogWorker (SegmentedRaftLogWorker.java:<init>(172)) - new 1e4f299d-27e6-442d-9871-12ab226dd7a8@group-3D9C9E831C33-SegmentedRaftLogWorker for RaftStorage:Storage Directory /workdir/hadoop-ozone/integration-test/target/test-dir/MiniOzoneClusterImpl-4a5a4de4-737d-4e52-b3c3-543a3eb2b617/datanode-4/data/ratis/b13d5678-261d-44f7-bed1-3d9c9e831c33
2019-09-25 05:08:01,411 [pool-207-thread-1] INFO  server.RaftServerConfigKeys (ConfUtils.java:logGet(43)) - raft.server.log.purge.gap = 1000000 (custom)
2019-09-25 05:08:01,412 [pool-247-thread-1] INFO  server.RaftServerConfigKeys (ConfUtils.java:logGet(43)) - raft.server.log.queue.byte-limit = 2147483647 (custom)
2019-09-25 05:08:01,412 [pool-247-thread-1] INFO  server.RaftServerConfigKeys (ConfUtils.java:logGet(43)) - raft.server.log.queue.element-limit = 1024 (custom)
2019-09-25 05:08:01,412 [pool-267-thread-1] INFO  server.RaftServerConfigKeys (ConfUtils.java:logGet(43)) - raft.server.log.purge.gap = 1000000 (custom)
2019-09-25 05:08:01,412 [pool-247-thread-1] INFO  server.RaftServerConfigKeys (ConfUtils.java:logGet(43)) - raft.server.log.segment.size.max = 1048576 (custom)
2019-09-25 05:08:01,413 [pool-247-thread-1] INFO  server.RaftServerConfigKeys (ConfUtils.java:logGet(43)) - raft.server.log.preallocated.size = 16384 (custom)
2019-09-25 05:08:01,412 [pool-207-thread-1] INFO  server.RaftServerConfigKeys (ConfUtils.java:logGet(43)) - raft.server.log.appender.buffer.byte-limit = 33554432 (custom)
2019-09-25 05:08:01,413 [pool-247-thread-1] INFO  server.RaftServerConfigKeys (ConfUtils.java:logGet(43)) - raft.server.log.write.buffer.size = 33554432 (custom)
2019-09-25 05:08:01,412 [pool-267-thread-1] INFO  server.RaftServerConfigKeys (ConfUtils.java:logGet(43)) - raft.server.log.appender.buffer.byte-limit = 33554432 (custom)
2019-09-25 05:08:01,413 [pool-247-thread-1] INFO  server.RaftServerConfigKeys (ConfUtils.java:logGet(43)) - raft.server.log.force.sync.num = 128 (default)
2019-09-25 05:08:01,413 [pool-247-thread-1] INFO  server.RaftServerConfigKeys (ConfUtils.java:logGet(43)) - raft.server.log.statemachine.data.sync = true (default)
2019-09-25 05:08:01,413 [pool-207-thread-1] INFO  server.RaftServerConfigKeys (ConfUtils.java:logGet(43)) - raft.server.log.segment.size.max = 1048576 (custom)
2019-09-25 05:08:01,413 [pool-247-thread-1] INFO  server.RaftServerConfigKeys (ConfUtils.java:logGet(43)) - raft.server.log.statemachine.data.sync.timeout = 10s (default)
2019-09-25 05:08:01,413 [pool-267-thread-1] INFO  server.RaftServerConfigKeys (ConfUtils.java:logGet(43)) - raft.server.log.segment.size.max = 1048576 (custom)
2019-09-25 05:08:01,414 [pool-247-thread-1] INFO  server.RaftServerConfigKeys (ConfUtils.java:logGet(43)) - raft.server.log.statemachine.data.sync.timeout.retry = -1 (default)
2019-09-25 05:08:01,414 [pool-207-thread-1] INFO  server.RaftServerConfigKeys (ConfUtils.java:logGet(43)) - raft.server.log.segment.cache.num.max = 2 (custom)
2019-09-25 05:08:01,414 [pool-247-thread-1] INFO  server.RaftServerConfigKeys (ConfUtils.java:logGet(43)) - raft.server.log.statemachine.data.caching.enabled = true (custom)
2019-09-25 05:08:01,414 [pool-267-thread-1] INFO  server.RaftServerConfigKeys (ConfUtils.java:logGet(43)) - raft.server.log.segment.cache.num.max = 2 (custom)
2019-09-25 05:08:01,414 [pool-207-thread-1] INFO  segmented.SegmentedRaftLogWorker (SegmentedRaftLogWorker.java:<init>(172)) - new 0c186508-9ecb-45e3-9dfe-464b7fe9f193@group-E97B045DFE39-SegmentedRaftLogWorker for RaftStorage:Storage Directory /workdir/hadoop-ozone/integration-test/target/test-dir/MiniOzoneClusterImpl-4a5a4de4-737d-4e52-b3c3-543a3eb2b617/datanode-0/data/ratis/53d0c596-329f-4386-b07b-e97b045dfe39
2019-09-25 05:08:01,415 [pool-247-thread-1] INFO  segmented.SegmentedRaftLogWorker (SegmentedRaftLogWorker.java:lambda$new$0(132)) - 1e4f299d-27e6-442d-9871-12ab226dd7a8@group-3D9C9E831C33-SegmentedRaftLogWorker: flushIndex: setUnconditionally 0 -> -1
2019-09-25 05:08:01,415 [pool-267-thread-1] INFO  segmented.SegmentedRaftLogWorker (SegmentedRaftLogWorker.java:<init>(172)) - new 95dec85b-23b9-41b7-9d30-1b2eb1816676@group-3D9C9E831C33-SegmentedRaftLogWorker for RaftStorage:Storage Directory /workdir/hadoop-ozone/integration-test/target/test-dir/MiniOzoneClusterImpl-4a5a4de4-737d-4e52-b3c3-543a3eb2b617/datanode-6/data/ratis/b13d5678-261d-44f7-bed1-3d9c9e831c33
2019-09-25 05:08:01,415 [pool-207-thread-1] INFO  server.RaftServerConfigKeys (ConfUtils.java:logGet(43)) - raft.server.log.queue.byte-limit = 2147483647 (custom)
2019-09-25 05:08:01,415 [pool-247-thread-1] INFO  server.RaftServerConfigKeys (ConfUtils.java:logGet(43)) - raft.server.snapshot.auto.trigger.enabled = true (custom)
2019-09-25 05:08:01,415 [pool-267-thread-1] INFO  server.RaftServerConfigKeys (ConfUtils.java:logGet(43)) - raft.server.log.queue.byte-limit = 2147483647 (custom)
2019-09-25 05:08:01,415 [pool-247-thread-1] INFO  server.RaftServerConfigKeys (ConfUtils.java:logGet(43)) - raft.server.snapshot.auto.trigger.threshold = 10000 (custom)
2019-09-25 05:08:01,415 [pool-207-thread-1] INFO  server.RaftServerConfigKeys (ConfUtils.java:logGet(43)) - raft.server.log.queue.element-limit = 1024 (custom)
2019-09-25 05:08:01,416 [pool-247-thread-1] INFO  server.RaftServerConfigKeys (ConfUtils.java:logGet(43)) - raft.server.snapshot.retention.num.files = 5 (custom)
2019-09-25 05:08:01,416 [pool-267-thread-1] INFO  server.RaftServerConfigKeys (ConfUtils.java:logGet(43)) - raft.server.log.queue.element-limit = 1024 (custom)
2019-09-25 05:08:01,416 [pool-247-thread-1] INFO  server.RaftServerConfigKeys (ConfUtils.java:logGet(43)) - raft.server.retrycache.expirytime = 600000ms (custom)
2019-09-25 05:08:01,416 [pool-207-thread-1] INFO  server.RaftServerConfigKeys (ConfUtils.java:logGet(43)) - raft.server.log.segment.size.max = 1048576 (custom)
2019-09-25 05:08:01,416 [pool-267-thread-1] INFO  server.RaftServerConfigKeys (ConfUtils.java:logGet(43)) - raft.server.log.segment.size.max = 1048576 (custom)
2019-09-25 05:08:01,417 [pool-207-thread-1] INFO  server.RaftServerConfigKeys (ConfUtils.java:logGet(43)) - raft.server.log.preallocated.size = 16384 (custom)
2019-09-25 05:08:01,417 [pool-267-thread-1] INFO  server.RaftServerConfigKeys (ConfUtils.java:logGet(43)) - raft.server.log.preallocated.size = 16384 (custom)
2019-09-25 05:08:01,417 [pool-207-thread-1] INFO  server.RaftServerConfigKeys (ConfUtils.java:logGet(43)) - raft.server.log.write.buffer.size = 33554432 (custom)
2019-09-25 05:08:01,417 [pool-267-thread-1] INFO  server.RaftServerConfigKeys (ConfUtils.java:logGet(43)) - raft.server.log.write.buffer.size = 33554432 (custom)
2019-09-25 05:08:01,417 [pool-207-thread-1] INFO  server.RaftServerConfigKeys (ConfUtils.java:logGet(43)) - raft.server.log.force.sync.num = 128 (default)
2019-09-25 05:08:01,417 [pool-267-thread-1] INFO  server.RaftServerConfigKeys (ConfUtils.java:logGet(43)) - raft.server.log.force.sync.num = 128 (default)
2019-09-25 05:08:01,418 [pool-207-thread-1] INFO  server.RaftServerConfigKeys (ConfUtils.java:logGet(43)) - raft.server.log.statemachine.data.sync = true (default)
2019-09-25 05:08:01,418 [pool-267-thread-1] INFO  server.RaftServerConfigKeys (ConfUtils.java:logGet(43)) - raft.server.log.statemachine.data.sync = true (default)
2019-09-25 05:08:01,418 [pool-207-thread-1] INFO  server.RaftServerConfigKeys (ConfUtils.java:logGet(43)) - raft.server.log.statemachine.data.sync.timeout = 10s (default)
2019-09-25 05:08:01,418 [pool-267-thread-1] INFO  server.RaftServerConfigKeys (ConfUtils.java:logGet(43)) - raft.server.log.statemachine.data.sync.timeout = 10s (default)
2019-09-25 05:08:01,418 [pool-207-thread-1] INFO  server.RaftServerConfigKeys (ConfUtils.java:logGet(43)) - raft.server.log.statemachine.data.sync.timeout.retry = -1 (default)
2019-09-25 05:08:01,418 [pool-267-thread-1] INFO  server.RaftServerConfigKeys (ConfUtils.java:logGet(43)) - raft.server.log.statemachine.data.sync.timeout.retry = -1 (default)
2019-09-25 05:08:01,419 [pool-207-thread-1] INFO  server.RaftServerConfigKeys (ConfUtils.java:logGet(43)) - raft.server.log.statemachine.data.caching.enabled = true (custom)
2019-09-25 05:08:01,419 [pool-267-thread-1] INFO  server.RaftServerConfigKeys (ConfUtils.java:logGet(43)) - raft.server.log.statemachine.data.caching.enabled = true (custom)
2019-09-25 05:08:01,419 [pool-247-thread-1] INFO  impl.RaftServerImpl (RaftServerImpl.java:start(185)) - 1e4f299d-27e6-442d-9871-12ab226dd7a8@group-E97B045DFE39: start as a follower, conf=-1: [0c186508-9ecb-45e3-9dfe-464b7fe9f193:192.168.36.126:34098, 95dec85b-23b9-41b7-9d30-1b2eb1816676:192.168.36.126:33370, 1e4f299d-27e6-442d-9871-12ab226dd7a8:192.168.36.126:46862], old=null
2019-09-25 05:08:01,419 [pool-207-thread-1] INFO  segmented.SegmentedRaftLogWorker (SegmentedRaftLogWorker.java:lambda$new$0(132)) - 0c186508-9ecb-45e3-9dfe-464b7fe9f193@group-E97B045DFE39-SegmentedRaftLogWorker: flushIndex: setUnconditionally 0 -> -1
2019-09-25 05:08:01,419 [pool-267-thread-1] INFO  segmented.SegmentedRaftLogWorker (SegmentedRaftLogWorker.java:lambda$new$0(132)) - 95dec85b-23b9-41b7-9d30-1b2eb1816676@group-3D9C9E831C33-SegmentedRaftLogWorker: flushIndex: setUnconditionally 0 -> -1
2019-09-25 05:08:01,419 [pool-247-thread-1] INFO  impl.RaftServerImpl (RaftServerImpl.java:setRole(174)) - 1e4f299d-27e6-442d-9871-12ab226dd7a8@group-E97B045DFE39: changes role from      null to FOLLOWER at term 0 for startAsFollower
2019-09-25 05:08:01,420 [pool-207-thread-1] INFO  server.RaftServerConfigKeys (ConfUtils.java:logGet(43)) - raft.server.snapshot.auto.trigger.enabled = true (custom)
2019-09-25 05:08:01,420 [pool-267-thread-1] INFO  server.RaftServerConfigKeys (ConfUtils.java:logGet(43)) - raft.server.snapshot.auto.trigger.enabled = true (custom)
2019-09-25 05:08:01,420 [pool-247-thread-1] INFO  impl.RoleInfo (RoleInfo.java:updateAndGet(143)) - 1e4f299d-27e6-442d-9871-12ab226dd7a8: start FollowerState
2019-09-25 05:08:01,420 [pool-267-thread-1] INFO  server.RaftServerConfigKeys (ConfUtils.java:logGet(43)) - raft.server.snapshot.auto.trigger.threshold = 10000 (custom)
2019-09-25 05:08:01,420 [pool-207-thread-1] INFO  server.RaftServerConfigKeys (ConfUtils.java:logGet(43)) - raft.server.snapshot.auto.trigger.threshold = 10000 (custom)
2019-09-25 05:08:01,420 [pool-267-thread-1] INFO  server.RaftServerConfigKeys (ConfUtils.java:logGet(43)) - raft.server.snapshot.retention.num.files = 5 (custom)
2019-09-25 05:08:01,420 [pool-207-thread-1] INFO  server.RaftServerConfigKeys (ConfUtils.java:logGet(43)) - raft.server.snapshot.retention.num.files = 5 (custom)
2019-09-25 05:08:01,421 [pool-267-thread-1] INFO  server.RaftServerConfigKeys (ConfUtils.java:logGet(43)) - raft.server.retrycache.expirytime = 600000ms (custom)
2019-09-25 05:08:01,421 [pool-247-thread-1] INFO  util.JmxRegister (JmxRegister.java:tryRegister(44)) - Successfully registered JMX Bean with object name Ratis:service=RaftServer,group=group-E97B045DFE39,id=1e4f299d-27e6-442d-9871-12ab226dd7a8
2019-09-25 05:08:01,421 [pool-207-thread-1] INFO  server.RaftServerConfigKeys (ConfUtils.java:logGet(43)) - raft.server.retrycache.expirytime = 600000ms (custom)
2019-09-25 05:08:01,423 [pool-247-thread-1] INFO  impl.RaftServerImpl (RaftServerImpl.java:<init>(95)) - 1e4f299d-27e6-442d-9871-12ab226dd7a8: new RaftServerImpl for group-62501194BD52:[0c186508-9ecb-45e3-9dfe-464b7fe9f193:192.168.36.126:34098, 95dec85b-23b9-41b7-9d30-1b2eb1816676:192.168.36.126:33370, 1e4f299d-27e6-442d-9871-12ab226dd7a8:192.168.36.126:46862] with ContainerStateMachine:uninitialized
2019-09-25 05:08:01,423 [pool-247-thread-1] INFO  server.RaftServerConfigKeys (ConfUtils.java:logGet(43)) - raft.server.rpc.timeout.min = 5s (custom)
2019-09-25 05:08:01,423 [pool-247-thread-1] INFO  server.RaftServerConfigKeys (ConfUtils.java:logGet(43)) - raft.server.rpc.timeout.max = 5200ms (custom)
2019-09-25 05:08:01,423 [pool-247-thread-1] INFO  server.RaftServerConfigKeys (ConfUtils.java:logGet(43)) - raft.server.rpcslowness.timeout = 120s (custom)
2019-09-25 05:08:01,423 [pool-247-thread-1] INFO  server.RaftServerConfigKeys (ConfUtils.java:logGet(43)) - raft.server.sleep.deviation.threshold = 300 (default)
2019-09-25 05:08:01,424 [pool-247-thread-1] INFO  server.RaftServerConfigKeys (ConfUtils.java:logGet(43)) - raft.server.log.appender.install.snapshot.enabled = false (custom)
2019-09-25 05:08:01,424 [pool-247-thread-1] INFO  impl.RaftServerImpl (ServerState.java:<init>(103)) - 1e4f299d-27e6-442d-9871-12ab226dd7a8@group-62501194BD52: ConfigurationManager, init=-1: [0c186508-9ecb-45e3-9dfe-464b7fe9f193:192.168.36.126:34098, 95dec85b-23b9-41b7-9d30-1b2eb1816676:192.168.36.126:33370, 1e4f299d-27e6-442d-9871-12ab226dd7a8:192.168.36.126:46862], old=null, confs=<EMPTY_MAP>
2019-09-25 05:08:01,424 [pool-247-thread-1] INFO  server.RaftServerConfigKeys (ConfUtils.java:logGet(43)) - raft.server.storage.dir = [/workdir/hadoop-ozone/integration-test/target/test-dir/MiniOzoneClusterImpl-4a5a4de4-737d-4e52-b3c3-543a3eb2b617/datanode-4/data/ratis] (custom)
2019-09-25 05:08:01,424 [pool-247-thread-1] INFO  storage.RaftStorageDirectory (RaftStorageDirectory.java:analyzeStorage(246)) - The storage directory /workdir/hadoop-ozone/integration-test/target/test-dir/MiniOzoneClusterImpl-4a5a4de4-737d-4e52-b3c3-543a3eb2b617/datanode-4/data/ratis/e397be31-12d9-413e-a843-62501194bd52 does not exist. Creating ...
2019-09-25 05:08:01,427 [pool-267-thread-1] INFO  impl.RaftServerImpl (RaftServerImpl.java:<init>(95)) - 95dec85b-23b9-41b7-9d30-1b2eb1816676: new RaftServerImpl for group-394B876855A4:[95dec85b-23b9-41b7-9d30-1b2eb1816676:192.168.36.126:33370] with ContainerStateMachine:uninitialized
2019-09-25 05:08:01,427 [pool-267-thread-1] INFO  server.RaftServerConfigKeys (ConfUtils.java:logGet(43)) - raft.server.rpc.timeout.min = 5s (custom)
2019-09-25 05:08:01,427 [pool-267-thread-1] INFO  server.RaftServerConfigKeys (ConfUtils.java:logGet(43)) - raft.server.rpc.timeout.max = 5200ms (custom)
2019-09-25 05:08:01,427 [pool-267-thread-1] INFO  server.RaftServerConfigKeys (ConfUtils.java:logGet(43)) - raft.server.rpcslowness.timeout = 120s (custom)
2019-09-25 05:08:01,428 [pool-267-thread-1] INFO  server.RaftServerConfigKeys (ConfUtils.java:logGet(43)) - raft.server.sleep.deviation.threshold = 300 (default)
2019-09-25 05:08:01,428 [pool-267-thread-1] INFO  server.RaftServerConfigKeys (ConfUtils.java:logGet(43)) - raft.server.log.appender.install.snapshot.enabled = false (custom)
2019-09-25 05:08:01,428 [pool-267-thread-1] INFO  impl.RaftServerImpl (ServerState.java:<init>(103)) - 95dec85b-23b9-41b7-9d30-1b2eb1816676@group-394B876855A4: ConfigurationManager, init=-1: [95dec85b-23b9-41b7-9d30-1b2eb1816676:192.168.36.126:33370], old=null, confs=<EMPTY_MAP>
2019-09-25 05:08:01,428 [pool-267-thread-1] INFO  server.RaftServerConfigKeys (ConfUtils.java:logGet(43)) - raft.server.storage.dir = [/workdir/hadoop-ozone/integration-test/target/test-dir/MiniOzoneClusterImpl-4a5a4de4-737d-4e52-b3c3-543a3eb2b617/datanode-6/data/ratis] (custom)
2019-09-25 05:08:01,428 [pool-207-thread-1] INFO  impl.RaftServerImpl (RaftServerImpl.java:<init>(95)) - 0c186508-9ecb-45e3-9dfe-464b7fe9f193: new RaftServerImpl for group-3D9C9E831C33:[0c186508-9ecb-45e3-9dfe-464b7fe9f193:192.168.36.126:34098, 95dec85b-23b9-41b7-9d30-1b2eb1816676:192.168.36.126:33370, 1e4f299d-27e6-442d-9871-12ab226dd7a8:192.168.36.126:46862] with ContainerStateMachine:uninitialized
2019-09-25 05:08:01,428 [pool-267-thread-1] INFO  storage.RaftStorageDirectory (RaftStorageDirectory.java:analyzeStorage(246)) - The storage directory /workdir/hadoop-ozone/integration-test/target/test-dir/MiniOzoneClusterImpl-4a5a4de4-737d-4e52-b3c3-543a3eb2b617/datanode-6/data/ratis/c56b9e33-6acc-4bd9-82e0-394b876855a4 does not exist. Creating ...
2019-09-25 05:08:01,429 [pool-207-thread-1] INFO  server.RaftServerConfigKeys (ConfUtils.java:logGet(43)) - raft.server.rpc.timeout.min = 5s (custom)
2019-09-25 05:08:01,429 [pool-207-thread-1] INFO  server.RaftServerConfigKeys (ConfUtils.java:logGet(43)) - raft.server.rpc.timeout.max = 5200ms (custom)
2019-09-25 05:08:01,429 [pool-207-thread-1] INFO  server.RaftServerConfigKeys (ConfUtils.java:logGet(43)) - raft.server.rpcslowness.timeout = 120s (custom)
2019-09-25 05:08:01,429 [pool-207-thread-1] INFO  server.RaftServerConfigKeys (ConfUtils.java:logGet(43)) - raft.server.sleep.deviation.threshold = 300 (default)
2019-09-25 05:08:01,429 [pool-207-thread-1] INFO  server.RaftServerConfigKeys (ConfUtils.java:logGet(43)) - raft.server.log.appender.install.snapshot.enabled = false (custom)
2019-09-25 05:08:01,429 [pool-207-thread-1] INFO  impl.RaftServerImpl (ServerState.java:<init>(103)) - 0c186508-9ecb-45e3-9dfe-464b7fe9f193@group-3D9C9E831C33: ConfigurationManager, init=-1: [0c186508-9ecb-45e3-9dfe-464b7fe9f193:192.168.36.126:34098, 95dec85b-23b9-41b7-9d30-1b2eb1816676:192.168.36.126:33370, 1e4f299d-27e6-442d-9871-12ab226dd7a8:192.168.36.126:46862], old=null, confs=<EMPTY_MAP>
2019-09-25 05:08:01,430 [pool-207-thread-1] INFO  server.RaftServerConfigKeys (ConfUtils.java:logGet(43)) - raft.server.storage.dir = [/workdir/hadoop-ozone/integration-test/target/test-dir/MiniOzoneClusterImpl-4a5a4de4-737d-4e52-b3c3-543a3eb2b617/datanode-0/data/ratis] (custom)
2019-09-25 05:08:01,430 [pool-207-thread-1] INFO  storage.RaftStorageDirectory (RaftStorageDirectory.java:analyzeStorage(246)) - The storage directory /workdir/hadoop-ozone/integration-test/target/test-dir/MiniOzoneClusterImpl-4a5a4de4-737d-4e52-b3c3-543a3eb2b617/datanode-0/data/ratis/b13d5678-261d-44f7-bed1-3d9c9e831c33 does not exist. Creating ...
2019-09-25 05:08:01,761 [RATISCREATEPIPELINE2] ERROR pipeline.RatisPipelineProvider (RatisPipelineProvider.java:lambda$null$5(235)) - Failed invoke Ratis rpc org.apache.hadoop.hdds.scm.pipeline.RatisPipelineProvider$$Lambda$217/423391421@18995b37 for 95dec85b-23b9-41b7-9d30-1b2eb1816676
org.apache.ratis.protocol.TimeoutIOException: deadline exceeded after 2999907007ns
	at org.apache.ratis.grpc.GrpcUtil.tryUnwrapException(GrpcUtil.java:82)
	at org.apache.ratis.grpc.GrpcUtil.unwrapException(GrpcUtil.java:75)
	at org.apache.ratis.grpc.client.GrpcClientProtocolClient.blockingCall(GrpcClientProtocolClient.java:178)
	at org.apache.ratis.grpc.client.GrpcClientProtocolClient.groupAdd(GrpcClientProtocolClient.java:147)
	at org.apache.ratis.grpc.client.GrpcClientRpc.sendRequest(GrpcClientRpc.java:94)
	at org.apache.ratis.client.impl.RaftClientImpl.sendRequest(RaftClientImpl.java:278)
	at org.apache.ratis.client.impl.RaftClientImpl.groupAdd(RaftClientImpl.java:205)
	at org.apache.hadoop.hdds.scm.pipeline.RatisPipelineProvider.lambda$initializePipeline$4(RatisPipelineProvider.java:196)
	at org.apache.hadoop.hdds.scm.pipeline.RatisPipelineProvider.lambda$null$5(RatisPipelineProvider.java:231)
	at java.util.stream.ForEachOps$ForEachOp$OfRef.accept(ForEachOps.java:184)
	at java.util.ArrayList$ArrayListSpliterator.forEachRemaining(ArrayList.java:1382)
	at java.util.stream.AbstractPipeline.copyInto(AbstractPipeline.java:482)
	at java.util.stream.ForEachOps$ForEachTask.compute(ForEachOps.java:291)
	at java.util.concurrent.CountedCompleter.exec(CountedCompleter.java:731)
	at java.util.concurrent.ForkJoinTask.doExec(ForkJoinTask.java:289)
	at java.util.concurrent.ForkJoinPool$WorkQueue.runTask(ForkJoinPool.java:1056)
	at java.util.concurrent.ForkJoinPool.runWorker(ForkJoinPool.java:1692)
	at java.util.concurrent.ForkJoinWorkerThread.run(ForkJoinWorkerThread.java:157)
Caused by: org.apache.ratis.thirdparty.io.grpc.StatusRuntimeException: DEADLINE_EXCEEDED: deadline exceeded after 2999907007ns
	at org.apache.ratis.thirdparty.io.grpc.stub.ClientCalls.toStatusRuntimeException(ClientCalls.java:233)
	at org.apache.ratis.thirdparty.io.grpc.stub.ClientCalls.getUnchecked(ClientCalls.java:214)
	at org.apache.ratis.thirdparty.io.grpc.stub.ClientCalls.blockingUnaryCall(ClientCalls.java:139)
	at org.apache.ratis.proto.grpc.AdminProtocolServiceGrpc$AdminProtocolServiceBlockingStub.groupManagement(AdminProtocolServiceGrpc.java:274)
	at org.apache.ratis.grpc.client.GrpcClientProtocolClient.lambda$groupAdd$3(GrpcClientProtocolClient.java:149)
	at org.apache.ratis.grpc.client.GrpcClientProtocolClient.blockingCall(GrpcClientProtocolClient.java:176)
	... 15 more
2019-09-25 05:08:01,761 [RATISCREATEPIPELINE3] ERROR pipeline.RatisPipelineProvider (RatisPipelineProvider.java:lambda$null$5(235)) - Failed invoke Ratis rpc org.apache.hadoop.hdds.scm.pipeline.RatisPipelineProvider$$Lambda$217/423391421@18995b37 for 0c186508-9ecb-45e3-9dfe-464b7fe9f193
org.apache.ratis.protocol.TimeoutIOException: deadline exceeded after 2999857779ns
	at org.apache.ratis.grpc.GrpcUtil.tryUnwrapException(GrpcUtil.java:82)
	at org.apache.ratis.grpc.GrpcUtil.unwrapException(GrpcUtil.java:75)
	at org.apache.ratis.grpc.client.GrpcClientProtocolClient.blockingCall(GrpcClientProtocolClient.java:178)
	at org.apache.ratis.grpc.client.GrpcClientProtocolClient.groupAdd(GrpcClientProtocolClient.java:147)
	at org.apache.ratis.grpc.client.GrpcClientRpc.sendRequest(GrpcClientRpc.java:94)
	at org.apache.ratis.client.impl.RaftClientImpl.sendRequest(RaftClientImpl.java:278)
	at org.apache.ratis.client.impl.RaftClientImpl.groupAdd(RaftClientImpl.java:205)
	at org.apache.hadoop.hdds.scm.pipeline.RatisPipelineProvider.lambda$initializePipeline$4(RatisPipelineProvider.java:196)
	at org.apache.hadoop.hdds.scm.pipeline.RatisPipelineProvider.lambda$null$5(RatisPipelineProvider.java:231)
	at java.util.stream.ForEachOps$ForEachOp$OfRef.accept(ForEachOps.java:184)
	at java.util.ArrayList$ArrayListSpliterator.forEachRemaining(ArrayList.java:1382)
	at java.util.stream.AbstractPipeline.copyInto(AbstractPipeline.java:482)
	at java.util.stream.ForEachOps$ForEachTask.compute(ForEachOps.java:291)
	at java.util.concurrent.CountedCompleter.exec(CountedCompleter.java:731)
	at java.util.concurrent.ForkJoinTask.doExec(ForkJoinTask.java:289)
	at java.util.concurrent.ForkJoinPool$WorkQueue.runTask(ForkJoinPool.java:1056)
	at java.util.concurrent.ForkJoinPool.runWorker(ForkJoinPool.java:1692)
	at java.util.concurrent.ForkJoinWorkerThread.run(ForkJoinWorkerThread.java:157)
Caused by: org.apache.ratis.thirdparty.io.grpc.StatusRuntimeException: DEADLINE_EXCEEDED: deadline exceeded after 2999857779ns
	at org.apache.ratis.thirdparty.io.grpc.stub.ClientCalls.toStatusRuntimeException(ClientCalls.java:233)
	at org.apache.ratis.thirdparty.io.grpc.stub.ClientCalls.getUnchecked(ClientCalls.java:214)
	at org.apache.ratis.thirdparty.io.grpc.stub.ClientCalls.blockingUnaryCall(ClientCalls.java:139)
	at org.apache.ratis.proto.grpc.AdminProtocolServiceGrpc$AdminProtocolServiceBlockingStub.groupManagement(AdminProtocolServiceGrpc.java:274)
	at org.apache.ratis.grpc.client.GrpcClientProtocolClient.lambda$groupAdd$3(GrpcClientProtocolClient.java:149)
	at org.apache.ratis.grpc.client.GrpcClientProtocolClient.blockingCall(GrpcClientProtocolClient.java:176)
	... 15 more
2019-09-25 05:08:01,761 [RATISCREATEPIPELINE1] ERROR pipeline.RatisPipelineProvider (RatisPipelineProvider.java:lambda$null$5(235)) - Failed invoke Ratis rpc org.apache.hadoop.hdds.scm.pipeline.RatisPipelineProvider$$Lambda$217/423391421@18995b37 for 1e4f299d-27e6-442d-9871-12ab226dd7a8
org.apache.ratis.protocol.TimeoutIOException: deadline exceeded after 2999869805ns
	at org.apache.ratis.grpc.GrpcUtil.tryUnwrapException(GrpcUtil.java:82)
	at org.apache.ratis.grpc.GrpcUtil.unwrapException(GrpcUtil.java:75)
	at org.apache.ratis.grpc.client.GrpcClientProtocolClient.blockingCall(GrpcClientProtocolClient.java:178)
	at org.apache.ratis.grpc.client.GrpcClientProtocolClient.groupAdd(GrpcClientProtocolClient.java:147)
	at org.apache.ratis.grpc.client.GrpcClientRpc.sendRequest(GrpcClientRpc.java:94)
	at org.apache.ratis.client.impl.RaftClientImpl.sendRequest(RaftClientImpl.java:278)
	at org.apache.ratis.client.impl.RaftClientImpl.groupAdd(RaftClientImpl.java:205)
	at org.apache.hadoop.hdds.scm.pipeline.RatisPipelineProvider.lambda$initializePipeline$4(RatisPipelineProvider.java:196)
	at org.apache.hadoop.hdds.scm.pipeline.RatisPipelineProvider.lambda$null$5(RatisPipelineProvider.java:231)
	at java.util.stream.ForEachOps$ForEachOp$OfRef.accept(ForEachOps.java:184)
	at java.util.ArrayList$ArrayListSpliterator.forEachRemaining(ArrayList.java:1382)
	at java.util.stream.AbstractPipeline.copyInto(AbstractPipeline.java:482)
	at java.util.stream.ForEachOps$ForEachTask.compute(ForEachOps.java:291)
	at java.util.concurrent.CountedCompleter.exec(CountedCompleter.java:731)
	at java.util.concurrent.ForkJoinTask.doExec(ForkJoinTask.java:289)
	at java.util.concurrent.ForkJoinTask.doInvoke(ForkJoinTask.java:401)
	at java.util.concurrent.ForkJoinTask.invoke(ForkJoinTask.java:734)
	at java.util.stream.ForEachOps$ForEachOp.evaluateParallel(ForEachOps.java:160)
	at java.util.stream.ForEachOps$ForEachOp$OfRef.evaluateParallel(ForEachOps.java:174)
	at java.util.stream.AbstractPipeline.evaluate(AbstractPipeline.java:233)
	at java.util.stream.ReferencePipeline.forEach(ReferencePipeline.java:418)
	at java.util.stream.ReferencePipeline$Head.forEach(ReferencePipeline.java:583)
	at org.apache.hadoop.hdds.scm.pipeline.RatisPipelineProvider.lambda$callRatisRpc$6(RatisPipelineProvider.java:225)
	at java.util.concurrent.ForkJoinTask$AdaptedRunnableAction.exec(ForkJoinTask.java:1386)
	at java.util.concurrent.ForkJoinTask.doExec(ForkJoinTask.java:289)
	at java.util.concurrent.ForkJoinPool$WorkQueue.runTask(ForkJoinPool.java:1056)
	at java.util.concurrent.ForkJoinPool.runWorker(ForkJoinPool.java:1692)
	at java.util.concurrent.ForkJoinWorkerThread.run(ForkJoinWorkerThread.java:157)
Caused by: org.apache.ratis.thirdparty.io.grpc.StatusRuntimeException: DEADLINE_EXCEEDED: deadline exceeded after 2999869805ns
	at org.apache.ratis.thirdparty.io.grpc.stub.ClientCalls.toStatusRuntimeException(ClientCalls.java:233)
	at org.apache.ratis.thirdparty.io.grpc.stub.ClientCalls.getUnchecked(ClientCalls.java:214)
	at org.apache.ratis.thirdparty.io.grpc.stub.ClientCalls.blockingUnaryCall(ClientCalls.java:139)
	at org.apache.ratis.proto.grpc.AdminProtocolServiceGrpc$AdminProtocolServiceBlockingStub.groupManagement(AdminProtocolServiceGrpc.java:274)
	at org.apache.ratis.grpc.client.GrpcClientProtocolClient.lambda$groupAdd$3(GrpcClientProtocolClient.java:149)
	at org.apache.ratis.grpc.client.GrpcClientProtocolClient.blockingCall(GrpcClientProtocolClient.java:176)
	... 25 more
2019-09-25 05:08:06,091 [Thread-1857] INFO  impl.FollowerState (FollowerState.java:run(106)) - bc163c1a-f845-4c36-9592-f8e34b91970d:group-8F81A5CD80FE changes to CANDIDATE, lastRpcTime:5001, electionTimeout:5001ms
2019-09-25 05:08:06,092 [Thread-1857] INFO  impl.RoleInfo (RoleInfo.java:shutdownFollowerState(121)) - bc163c1a-f845-4c36-9592-f8e34b91970d: shutdown FollowerState
2019-09-25 05:08:06,092 [Thread-1857] INFO  impl.RaftServerImpl (RaftServerImpl.java:setRole(174)) - bc163c1a-f845-4c36-9592-f8e34b91970d@group-8F81A5CD80FE: changes role from  FOLLOWER to CANDIDATE at term 7 for changeToCandidate
2019-09-25 05:08:06,092 [Thread-1857] INFO  impl.RoleInfo (RoleInfo.java:updateAndGet(143)) - bc163c1a-f845-4c36-9592-f8e34b91970d: start LeaderElection
2019-09-25 05:08:06,145 [Thread-1856] INFO  impl.FollowerState (FollowerState.java:run(106)) - 158ad28b-aa8e-4172-b96b-cbb323932650:group-8F81A5CD80FE changes to CANDIDATE, lastRpcTime:5055, electionTimeout:5055ms
2019-09-25 05:08:06,145 [Thread-1856] INFO  impl.RoleInfo (RoleInfo.java:shutdownFollowerState(121)) - 158ad28b-aa8e-4172-b96b-cbb323932650: shutdown FollowerState
2019-09-25 05:08:06,145 [Thread-1856] INFO  impl.RaftServerImpl (RaftServerImpl.java:setRole(174)) - 158ad28b-aa8e-4172-b96b-cbb323932650@group-8F81A5CD80FE: changes role from  FOLLOWER to CANDIDATE at term 7 for changeToCandidate
2019-09-25 05:08:06,145 [Thread-1856] INFO  impl.RoleInfo (RoleInfo.java:updateAndGet(143)) - 158ad28b-aa8e-4172-b96b-cbb323932650: start LeaderElection
2019-09-25 05:08:06,186 [Thread-1854] INFO  impl.FollowerState (FollowerState.java:run(106)) - c0eca757-0426-4809-8d60-c283fabf02c6:group-3A2C0294070D changes to CANDIDATE, lastRpcTime:5097, electionTimeout:5097ms
2019-09-25 05:08:06,187 [Thread-1853] INFO  impl.FollowerState (FollowerState.java:run(106)) - 59abef46-29ea-4eff-a512-e596f80f6db1:group-8F81A5CD80FE changes to CANDIDATE, lastRpcTime:5099, electionTimeout:5099ms
2019-09-25 05:08:06,187 [Thread-1854] INFO  impl.RoleInfo (RoleInfo.java:shutdownFollowerState(121)) - c0eca757-0426-4809-8d60-c283fabf02c6: shutdown FollowerState
2019-09-25 05:08:06,187 [Thread-1853] INFO  impl.RoleInfo (RoleInfo.java:shutdownFollowerState(121)) - 59abef46-29ea-4eff-a512-e596f80f6db1: shutdown FollowerState
2019-09-25 05:08:06,187 [Thread-1854] INFO  impl.RaftServerImpl (RaftServerImpl.java:setRole(174)) - c0eca757-0426-4809-8d60-c283fabf02c6@group-3A2C0294070D: changes role from  FOLLOWER to CANDIDATE at term 6 for changeToCandidate
2019-09-25 05:08:06,187 [Thread-1853] INFO  impl.RaftServerImpl (RaftServerImpl.java:setRole(174)) - 59abef46-29ea-4eff-a512-e596f80f6db1@group-8F81A5CD80FE: changes role from  FOLLOWER to CANDIDATE at term 7 for changeToCandidate
2019-09-25 05:08:06,187 [Thread-1854] INFO  impl.RoleInfo (RoleInfo.java:updateAndGet(143)) - c0eca757-0426-4809-8d60-c283fabf02c6: start LeaderElection
2019-09-25 05:08:06,187 [Thread-1853] INFO  impl.RoleInfo (RoleInfo.java:updateAndGet(143)) - 59abef46-29ea-4eff-a512-e596f80f6db1: start LeaderElection
2019-09-25 05:08:06,194 [Thread-1855] INFO  impl.FollowerState (FollowerState.java:run(106)) - d10fc367-6717-4be7-9c4c-7b0b4f4b0759:group-3A2C0294070D changes to CANDIDATE, lastRpcTime:5105, electionTimeout:5104ms
2019-09-25 05:08:06,194 [Thread-1855] INFO  impl.RoleInfo (RoleInfo.java:shutdownFollowerState(121)) - d10fc367-6717-4be7-9c4c-7b0b4f4b0759: shutdown FollowerState
2019-09-25 05:08:06,194 [Thread-1855] INFO  impl.RaftServerImpl (RaftServerImpl.java:setRole(174)) - d10fc367-6717-4be7-9c4c-7b0b4f4b0759@group-3A2C0294070D: changes role from  FOLLOWER to CANDIDATE at term 6 for changeToCandidate
2019-09-25 05:08:06,194 [Thread-1855] INFO  impl.RoleInfo (RoleInfo.java:updateAndGet(143)) - d10fc367-6717-4be7-9c4c-7b0b4f4b0759: start LeaderElection
2019-09-25 05:08:06,235 [Thread-1852] INFO  impl.FollowerState (FollowerState.java:run(106)) - caeda6cb-6345-44ea-a0d4-5f314a967b77:group-3A2C0294070D changes to CANDIDATE, lastRpcTime:5148, electionTimeout:5148ms
2019-09-25 05:08:06,235 [Thread-1852] INFO  impl.RoleInfo (RoleInfo.java:shutdownFollowerState(121)) - caeda6cb-6345-44ea-a0d4-5f314a967b77: shutdown FollowerState
2019-09-25 05:08:06,235 [Thread-1852] INFO  impl.RaftServerImpl (RaftServerImpl.java:setRole(174)) - caeda6cb-6345-44ea-a0d4-5f314a967b77@group-3A2C0294070D: changes role from  FOLLOWER to CANDIDATE at term 6 for changeToCandidate
2019-09-25 05:08:06,235 [Thread-1852] INFO  impl.RoleInfo (RoleInfo.java:updateAndGet(143)) - caeda6cb-6345-44ea-a0d4-5f314a967b77: start LeaderElection
2019-09-25 05:08:06,440 [Thread-1859] INFO  impl.FollowerState (FollowerState.java:run(106)) - 1e4f299d-27e6-442d-9871-12ab226dd7a8:group-E97B045DFE39 changes to CANDIDATE, lastRpcTime:5019, electionTimeout:5019ms
2019-09-25 05:08:06,440 [Thread-1859] INFO  impl.RoleInfo (RoleInfo.java:shutdownFollowerState(121)) - 1e4f299d-27e6-442d-9871-12ab226dd7a8: shutdown FollowerState
2019-09-25 05:08:06,440 [Thread-1859] INFO  impl.RaftServerImpl (RaftServerImpl.java:setRole(174)) - 1e4f299d-27e6-442d-9871-12ab226dd7a8@group-E97B045DFE39: changes role from  FOLLOWER to CANDIDATE at term 0 for changeToCandidate
2019-09-25 05:08:06,441 [Thread-1859] INFO  impl.RoleInfo (RoleInfo.java:updateAndGet(143)) - 1e4f299d-27e6-442d-9871-12ab226dd7a8: start LeaderElection
2019-09-25 05:08:06,797 [pool-267-thread-1] INFO  storage.RaftStorageDirectory (RaftStorageDirectory.java:tryLock(328)) - Lock on /workdir/hadoop-ozone/integration-test/target/test-dir/MiniOzoneClusterImpl-4a5a4de4-737d-4e52-b3c3-543a3eb2b617/datanode-6/data/ratis/c56b9e33-6acc-4bd9-82e0-394b876855a4/in_use.lock acquired by nodename 31467@pr-hdds-2174-pqx5g-486351168
2019-09-25 05:08:06,797 [pool-207-thread-1] INFO  storage.RaftStorageDirectory (RaftStorageDirectory.java:tryLock(328)) - Lock on /workdir/hadoop-ozone/integration-test/target/test-dir/MiniOzoneClusterImpl-4a5a4de4-737d-4e52-b3c3-543a3eb2b617/datanode-0/data/ratis/b13d5678-261d-44f7-bed1-3d9c9e831c33/in_use.lock acquired by nodename 31467@pr-hdds-2174-pqx5g-486351168
2019-09-25 05:08:06,797 [pool-247-thread-1] INFO  storage.RaftStorageDirectory (RaftStorageDirectory.java:tryLock(328)) - Lock on /workdir/hadoop-ozone/integration-test/target/test-dir/MiniOzoneClusterImpl-4a5a4de4-737d-4e52-b3c3-543a3eb2b617/datanode-4/data/ratis/e397be31-12d9-413e-a843-62501194bd52/in_use.lock acquired by nodename 31467@pr-hdds-2174-pqx5g-486351168
2019-09-25 05:08:11,967 [pool-267-thread-1] INFO  storage.RaftStorage (RaftStorage.java:format(72)) - Storage directory /workdir/hadoop-ozone/integration-test/target/test-dir/MiniOzoneClusterImpl-4a5a4de4-737d-4e52-b3c3-543a3eb2b617/datanode-6/data/ratis/c56b9e33-6acc-4bd9-82e0-394b876855a4 has been successfully formatted.
2019-09-25 05:08:11,967 [d10fc367-6717-4be7-9c4c-7b0b4f4b0759@group-3A2C0294070D:LeaderElection119] INFO  impl.LeaderElection (LeaderElection.java:askForVotes(182)) - d10fc367-6717-4be7-9c4c-7b0b4f4b0759@group-3A2C0294070D:LeaderElection119: begin an election at term 7 for -1: [d10fc367-6717-4be7-9c4c-7b0b4f4b0759:192.168.36.126:35315, c0eca757-0426-4809-8d60-c283fabf02c6:192.168.36.126:34880, caeda6cb-6345-44ea-a0d4-5f314a967b77:192.168.36.126:40532], old=null
2019-09-25 05:08:11,967 [59abef46-29ea-4eff-a512-e596f80f6db1@group-8F81A5CD80FE:LeaderElection118] INFO  impl.LeaderElection (LeaderElection.java:askForVotes(182)) - 59abef46-29ea-4eff-a512-e596f80f6db1@group-8F81A5CD80FE:LeaderElection118: begin an election at term 8 for -1: [bc163c1a-f845-4c36-9592-f8e34b91970d:192.168.36.126:38248, 158ad28b-aa8e-4172-b96b-cbb323932650:192.168.36.126:34188, 59abef46-29ea-4eff-a512-e596f80f6db1:192.168.36.126:38401], old=null
2019-09-25 05:08:11,967 [caeda6cb-6345-44ea-a0d4-5f314a967b77@group-3A2C0294070D:LeaderElection120] INFO  impl.LeaderElection (LeaderElection.java:askForVotes(182)) - caeda6cb-6345-44ea-a0d4-5f314a967b77@group-3A2C0294070D:LeaderElection120: begin an election at term 7 for -1: [d10fc367-6717-4be7-9c4c-7b0b4f4b0759:192.168.36.126:35315, c0eca757-0426-4809-8d60-c283fabf02c6:192.168.36.126:34880, caeda6cb-6345-44ea-a0d4-5f314a967b77:192.168.36.126:40532], old=null
2019-09-25 05:08:11,967 [c0eca757-0426-4809-8d60-c283fabf02c6@group-3A2C0294070D:LeaderElection117] INFO  impl.LeaderElection (LeaderElection.java:askForVotes(182)) - c0eca757-0426-4809-8d60-c283fabf02c6@group-3A2C0294070D:LeaderElection117: begin an election at term 7 for -1: [d10fc367-6717-4be7-9c4c-7b0b4f4b0759:192.168.36.126:35315, c0eca757-0426-4809-8d60-c283fabf02c6:192.168.36.126:34880, caeda6cb-6345-44ea-a0d4-5f314a967b77:192.168.36.126:40532], old=null
2019-09-25 05:08:11,967 [158ad28b-aa8e-4172-b96b-cbb323932650@group-8F81A5CD80FE:LeaderElection116] INFO  impl.LeaderElection (LeaderElection.java:askForVotes(182)) - 158ad28b-aa8e-4172-b96b-cbb323932650@group-8F81A5CD80FE:LeaderElection116: begin an election at term 8 for -1: [bc163c1a-f845-4c36-9592-f8e34b91970d:192.168.36.126:38248, 158ad28b-aa8e-4172-b96b-cbb323932650:192.168.36.126:34188, 59abef46-29ea-4eff-a512-e596f80f6db1:192.168.36.126:38401], old=null
2019-09-25 05:08:11,967 [1e4f299d-27e6-442d-9871-12ab226dd7a8@group-E97B045DFE39:LeaderElection121] INFO  impl.LeaderElection (LeaderElection.java:askForVotes(182)) - 1e4f299d-27e6-442d-9871-12ab226dd7a8@group-E97B045DFE39:LeaderElection121: begin an election at term 1 for -1: [0c186508-9ecb-45e3-9dfe-464b7fe9f193:192.168.36.126:34098, 95dec85b-23b9-41b7-9d30-1b2eb1816676:192.168.36.126:33370, 1e4f299d-27e6-442d-9871-12ab226dd7a8:192.168.36.126:46862], old=null
2019-09-25 05:08:11,967 [bc163c1a-f845-4c36-9592-f8e34b91970d@group-8F81A5CD80FE:LeaderElection115] INFO  impl.LeaderElection (LeaderElection.java:askForVotes(182)) - bc163c1a-f845-4c36-9592-f8e34b91970d@group-8F81A5CD80FE:LeaderElection115: begin an election at term 8 for -1: [bc163c1a-f845-4c36-9592-f8e34b91970d:192.168.36.126:38248, 158ad28b-aa8e-4172-b96b-cbb323932650:192.168.36.126:34188, 59abef46-29ea-4eff-a512-e596f80f6db1:192.168.36.126:38401], old=null
2019-09-25 05:08:11,967 [pool-247-thread-1] INFO  storage.RaftStorage (RaftStorage.java:format(72)) - Storage directory /workdir/hadoop-ozone/integration-test/target/test-dir/MiniOzoneClusterImpl-4a5a4de4-737d-4e52-b3c3-543a3eb2b617/datanode-4/data/ratis/e397be31-12d9-413e-a843-62501194bd52 has been successfully formatted.
2019-09-25 05:08:11,967 [pool-207-thread-1] INFO  storage.RaftStorage (RaftStorage.java:format(72)) - Storage directory /workdir/hadoop-ozone/integration-test/target/test-dir/MiniOzoneClusterImpl-4a5a4de4-737d-4e52-b3c3-543a3eb2b617/datanode-0/data/ratis/b13d5678-261d-44f7-bed1-3d9c9e831c33 has been successfully formatted.
2019-09-25 05:08:11,969 [pool-247-thread-1] INFO  ratis.ContainerStateMachine (ContainerStateMachine.java:loadSnapshot(230)) - group-62501194BD52: The snapshot info is null. Setting the last applied indexto:(t:0, i:~)
2019-09-25 05:08:11,968 [pool-267-thread-1] INFO  ratis.ContainerStateMachine (ContainerStateMachine.java:loadSnapshot(230)) - group-394B876855A4: The snapshot info is null. Setting the last applied indexto:(t:0, i:~)
2019-09-25 05:08:11,970 [pool-207-thread-1] INFO  ratis.ContainerStateMachine (ContainerStateMachine.java:loadSnapshot(230)) - group-3D9C9E831C33: The snapshot info is null. Setting the last applied indexto:(t:0, i:~)
2019-09-25 05:08:11,970 [pool-267-thread-1] INFO  server.RaftServerConfigKeys (ConfUtils.java:logGet(43)) - raft.server.notification.no-leader.timeout = 120s (custom)
2019-09-25 05:08:11,970 [pool-247-thread-1] INFO  server.RaftServerConfigKeys (ConfUtils.java:logGet(43)) - raft.server.notification.no-leader.timeout = 120s (custom)
2019-09-25 05:08:11,971 [pool-267-thread-1] INFO  server.RaftServerConfigKeys (ConfUtils.java:logGet(43)) - raft.server.log.use.memory = false (default)
2019-09-25 05:08:11,971 [pool-207-thread-1] INFO  server.RaftServerConfigKeys (ConfUtils.java:logGet(43)) - raft.server.notification.no-leader.timeout = 120s (custom)
2019-09-25 05:08:11,972 [pool-247-thread-1] INFO  server.RaftServerConfigKeys (ConfUtils.java:logGet(43)) - raft.server.log.use.memory = false (default)
2019-09-25 05:08:11,972 [pool-267-thread-1] INFO  server.RaftServerConfigKeys (ConfUtils.java:logGet(43)) - raft.server.log.purge.gap = 1000000 (custom)
2019-09-25 05:08:11,972 [pool-207-thread-1] INFO  server.RaftServerConfigKeys (ConfUtils.java:logGet(43)) - raft.server.log.use.memory = false (default)
2019-09-25 05:08:11,973 [pool-267-thread-1] INFO  server.RaftServerConfigKeys (ConfUtils.java:logGet(43)) - raft.server.log.appender.buffer.byte-limit = 33554432 (custom)
2019-09-25 05:08:11,972 [pool-247-thread-1] INFO  server.RaftServerConfigKeys (ConfUtils.java:logGet(43)) - raft.server.log.purge.gap = 1000000 (custom)
2019-09-25 05:08:11,973 [pool-267-thread-1] INFO  server.RaftServerConfigKeys (ConfUtils.java:logGet(43)) - raft.server.log.segment.size.max = 1048576 (custom)
2019-09-25 05:08:11,973 [pool-207-thread-1] INFO  server.RaftServerConfigKeys (ConfUtils.java:logGet(43)) - raft.server.log.purge.gap = 1000000 (custom)
2019-09-25 05:08:11,974 [pool-267-thread-1] INFO  server.RaftServerConfigKeys (ConfUtils.java:logGet(43)) - raft.server.log.segment.cache.num.max = 2 (custom)
2019-09-25 05:08:11,973 [pool-247-thread-1] INFO  server.RaftServerConfigKeys (ConfUtils.java:logGet(43)) - raft.server.log.appender.buffer.byte-limit = 33554432 (custom)
2019-09-25 05:08:11,974 [pool-267-thread-1] INFO  segmented.SegmentedRaftLogWorker (SegmentedRaftLogWorker.java:<init>(172)) - new 95dec85b-23b9-41b7-9d30-1b2eb1816676@group-394B876855A4-SegmentedRaftLogWorker for RaftStorage:Storage Directory /workdir/hadoop-ozone/integration-test/target/test-dir/MiniOzoneClusterImpl-4a5a4de4-737d-4e52-b3c3-543a3eb2b617/datanode-6/data/ratis/c56b9e33-6acc-4bd9-82e0-394b876855a4
2019-09-25 05:08:11,974 [pool-207-thread-1] INFO  server.RaftServerConfigKeys (ConfUtils.java:logGet(43)) - raft.server.log.appender.buffer.byte-limit = 33554432 (custom)
2019-09-25 05:08:11,982 [pool-267-thread-1] INFO  server.RaftServerConfigKeys (ConfUtils.java:logGet(43)) - raft.server.log.queue.byte-limit = 2147483647 (custom)
2019-09-25 05:08:11,974 [pool-247-thread-1] INFO  server.RaftServerConfigKeys (ConfUtils.java:logGet(43)) - raft.server.log.segment.size.max = 1048576 (custom)
2019-09-25 05:08:11,983 [pool-267-thread-1] INFO  server.RaftServerConfigKeys (ConfUtils.java:logGet(43)) - raft.server.log.queue.element-limit = 1024 (custom)
2019-09-25 05:08:11,982 [pool-207-thread-1] INFO  server.RaftServerConfigKeys (ConfUtils.java:logGet(43)) - raft.server.log.segment.size.max = 1048576 (custom)
2019-09-25 05:08:11,983 [pool-267-thread-1] INFO  server.RaftServerConfigKeys (ConfUtils.java:logGet(43)) - raft.server.log.segment.size.max = 1048576 (custom)
2019-09-25 05:08:11,983 [pool-247-thread-1] INFO  server.RaftServerConfigKeys (ConfUtils.java:logGet(43)) - raft.server.log.segment.cache.num.max = 2 (custom)
2019-09-25 05:08:11,984 [pool-267-thread-1] INFO  server.RaftServerConfigKeys (ConfUtils.java:logGet(43)) - raft.server.log.preallocated.size = 16384 (custom)
2019-09-25 05:08:11,983 [pool-207-thread-1] INFO  server.RaftServerConfigKeys (ConfUtils.java:logGet(43)) - raft.server.log.segment.cache.num.max = 2 (custom)
2019-09-25 05:08:11,984 [pool-267-thread-1] INFO  server.RaftServerConfigKeys (ConfUtils.java:logGet(43)) - raft.server.log.write.buffer.size = 33554432 (custom)
2019-09-25 05:08:11,984 [pool-247-thread-1] INFO  segmented.SegmentedRaftLogWorker (SegmentedRaftLogWorker.java:<init>(172)) - new 1e4f299d-27e6-442d-9871-12ab226dd7a8@group-62501194BD52-SegmentedRaftLogWorker for RaftStorage:Storage Directory /workdir/hadoop-ozone/integration-test/target/test-dir/MiniOzoneClusterImpl-4a5a4de4-737d-4e52-b3c3-543a3eb2b617/datanode-4/data/ratis/e397be31-12d9-413e-a843-62501194bd52
2019-09-25 05:08:11,985 [pool-267-thread-1] INFO  server.RaftServerConfigKeys (ConfUtils.java:logGet(43)) - raft.server.log.force.sync.num = 128 (default)
2019-09-25 05:08:11,984 [pool-207-thread-1] INFO  segmented.SegmentedRaftLogWorker (SegmentedRaftLogWorker.java:<init>(172)) - new 0c186508-9ecb-45e3-9dfe-464b7fe9f193@group-3D9C9E831C33-SegmentedRaftLogWorker for RaftStorage:Storage Directory /workdir/hadoop-ozone/integration-test/target/test-dir/MiniOzoneClusterImpl-4a5a4de4-737d-4e52-b3c3-543a3eb2b617/datanode-0/data/ratis/b13d5678-261d-44f7-bed1-3d9c9e831c33
2019-09-25 05:08:11,985 [pool-267-thread-1] INFO  server.RaftServerConfigKeys (ConfUtils.java:logGet(43)) - raft.server.log.statemachine.data.sync = true (default)
2019-09-25 05:08:11,985 [pool-247-thread-1] INFO  server.RaftServerConfigKeys (ConfUtils.java:logGet(43)) - raft.server.log.queue.byte-limit = 2147483647 (custom)
2019-09-25 05:08:11,986 [pool-267-thread-1] INFO  server.RaftServerConfigKeys (ConfUtils.java:logGet(43)) - raft.server.log.statemachine.data.sync.timeout = 10s (default)
2019-09-25 05:08:11,985 [pool-207-thread-1] INFO  server.RaftServerConfigKeys (ConfUtils.java:logGet(43)) - raft.server.log.queue.byte-limit = 2147483647 (custom)
2019-09-25 05:08:11,986 [pool-267-thread-1] INFO  server.RaftServerConfigKeys (ConfUtils.java:logGet(43)) - raft.server.log.statemachine.data.sync.timeout.retry = -1 (default)
2019-09-25 05:08:11,986 [pool-247-thread-1] INFO  server.RaftServerConfigKeys (ConfUtils.java:logGet(43)) - raft.server.log.queue.element-limit = 1024 (custom)
2019-09-25 05:08:11,986 [pool-267-thread-1] INFO  server.RaftServerConfigKeys (ConfUtils.java:logGet(43)) - raft.server.log.statemachine.data.caching.enabled = true (custom)
2019-09-25 05:08:11,986 [c0eca757-0426-4809-8d60-c283fabf02c6@group-3A2C0294070D:LeaderElection117] INFO  impl.LeaderElection (LeaderElection.java:logAndReturn(56)) - c0eca757-0426-4809-8d60-c283fabf02c6@group-3A2C0294070D:LeaderElection117: Election REJECTED; received 2 response(s) [c0eca757-0426-4809-8d60-c283fabf02c6<-d10fc367-6717-4be7-9c4c-7b0b4f4b0759#0:FAIL-t7, c0eca757-0426-4809-8d60-c283fabf02c6<-caeda6cb-6345-44ea-a0d4-5f314a967b77#0:FAIL-t7] and 0 exception(s); c0eca757-0426-4809-8d60-c283fabf02c6@group-3A2C0294070D:t7, leader=null, voted=c0eca757-0426-4809-8d60-c283fabf02c6, raftlog=c0eca757-0426-4809-8d60-c283fabf02c6@group-3A2C0294070D-SegmentedRaftLog:OPENED:c-1,f-1,i0, conf=-1: [d10fc367-6717-4be7-9c4c-7b0b4f4b0759:192.168.36.126:35315, c0eca757-0426-4809-8d60-c283fabf02c6:192.168.36.126:34880, caeda6cb-6345-44ea-a0d4-5f314a967b77:192.168.36.126:40532], old=null
2019-09-25 05:08:11,986 [pool-207-thread-1] INFO  server.RaftServerConfigKeys (ConfUtils.java:logGet(43)) - raft.server.log.queue.element-limit = 1024 (custom)
2019-09-25 05:08:11,987 [c0eca757-0426-4809-8d60-c283fabf02c6@group-3A2C0294070D:LeaderElection117] INFO  impl.RaftServerImpl (RaftServerImpl.java:setRole(174)) - c0eca757-0426-4809-8d60-c283fabf02c6@group-3A2C0294070D: changes role from CANDIDATE to FOLLOWER at term 7 for DISCOVERED_A_NEW_TERM
2019-09-25 05:08:11,987 [pool-267-thread-1] INFO  segmented.SegmentedRaftLogWorker (SegmentedRaftLogWorker.java:lambda$new$0(132)) - 95dec85b-23b9-41b7-9d30-1b2eb1816676@group-394B876855A4-SegmentedRaftLogWorker: flushIndex: setUnconditionally 0 -> -1
2019-09-25 05:08:11,987 [pool-247-thread-1] INFO  server.RaftServerConfigKeys (ConfUtils.java:logGet(43)) - raft.server.log.segment.size.max = 1048576 (custom)
2019-09-25 05:08:11,988 [pool-247-thread-1] INFO  server.RaftServerConfigKeys (ConfUtils.java:logGet(43)) - raft.server.log.preallocated.size = 16384 (custom)
2019-09-25 05:08:11,987 [caeda6cb-6345-44ea-a0d4-5f314a967b77@group-3A2C0294070D:LeaderElection120] INFO  impl.LeaderElection (LeaderElection.java:logAndReturn(56)) - caeda6cb-6345-44ea-a0d4-5f314a967b77@group-3A2C0294070D:LeaderElection120: Election REJECTED; received 2 response(s) [caeda6cb-6345-44ea-a0d4-5f314a967b77<-d10fc367-6717-4be7-9c4c-7b0b4f4b0759#0:FAIL-t7, caeda6cb-6345-44ea-a0d4-5f314a967b77<-c0eca757-0426-4809-8d60-c283fabf02c6#0:FAIL-t7] and 0 exception(s); caeda6cb-6345-44ea-a0d4-5f314a967b77@group-3A2C0294070D:t7, leader=null, voted=caeda6cb-6345-44ea-a0d4-5f314a967b77, raftlog=caeda6cb-6345-44ea-a0d4-5f314a967b77@group-3A2C0294070D-SegmentedRaftLog:OPENED:c-1,f-1,i0, conf=-1: [d10fc367-6717-4be7-9c4c-7b0b4f4b0759:192.168.36.126:35315, c0eca757-0426-4809-8d60-c283fabf02c6:192.168.36.126:34880, caeda6cb-6345-44ea-a0d4-5f314a967b77:192.168.36.126:40532], old=null
2019-09-25 05:08:11,988 [pool-247-thread-1] INFO  server.RaftServerConfigKeys (ConfUtils.java:logGet(43)) - raft.server.log.write.buffer.size = 33554432 (custom)
2019-09-25 05:08:11,988 [pool-267-thread-1] INFO  server.RaftServerConfigKeys (ConfUtils.java:logGet(43)) - raft.server.snapshot.auto.trigger.enabled = true (custom)
2019-09-25 05:08:11,988 [59abef46-29ea-4eff-a512-e596f80f6db1@group-8F81A5CD80FE:LeaderElection118] INFO  impl.LeaderElection (LeaderElection.java:logAndReturn(56)) - 59abef46-29ea-4eff-a512-e596f80f6db1@group-8F81A5CD80FE:LeaderElection118: Election REJECTED; received 2 response(s) [59abef46-29ea-4eff-a512-e596f80f6db1<-bc163c1a-f845-4c36-9592-f8e34b91970d#0:FAIL-t8, 59abef46-29ea-4eff-a512-e596f80f6db1<-158ad28b-aa8e-4172-b96b-cbb323932650#0:FAIL-t8] and 0 exception(s); 59abef46-29ea-4eff-a512-e596f80f6db1@group-8F81A5CD80FE:t8, leader=null, voted=59abef46-29ea-4eff-a512-e596f80f6db1, raftlog=59abef46-29ea-4eff-a512-e596f80f6db1@group-8F81A5CD80FE-SegmentedRaftLog:OPENED:c-1,f-1,i0, conf=-1: [bc163c1a-f845-4c36-9592-f8e34b91970d:192.168.36.126:38248, 158ad28b-aa8e-4172-b96b-cbb323932650:192.168.36.126:34188, 59abef46-29ea-4eff-a512-e596f80f6db1:192.168.36.126:38401], old=null
2019-09-25 05:08:11,987 [c0eca757-0426-4809-8d60-c283fabf02c6@group-3A2C0294070D:LeaderElection117] INFO  impl.RoleInfo (RoleInfo.java:shutdownLeaderElection(134)) - c0eca757-0426-4809-8d60-c283fabf02c6: shutdown LeaderElection
2019-09-25 05:08:11,987 [pool-207-thread-1] INFO  server.RaftServerConfigKeys (ConfUtils.java:logGet(43)) - raft.server.log.segment.size.max = 1048576 (custom)
2019-09-25 05:08:11,987 [d10fc367-6717-4be7-9c4c-7b0b4f4b0759@group-3A2C0294070D:LeaderElection119] INFO  impl.LeaderElection (LeaderElection.java:logAndReturn(56)) - d10fc367-6717-4be7-9c4c-7b0b4f4b0759@group-3A2C0294070D:LeaderElection119: Election REJECTED; received 2 response(s) [d10fc367-6717-4be7-9c4c-7b0b4f4b0759<-c0eca757-0426-4809-8d60-c283fabf02c6#0:FAIL-t7, d10fc367-6717-4be7-9c4c-7b0b4f4b0759<-caeda6cb-6345-44ea-a0d4-5f314a967b77#0:FAIL-t7] and 0 exception(s); d10fc367-6717-4be7-9c4c-7b0b4f4b0759@group-3A2C0294070D:t7, leader=null, voted=d10fc367-6717-4be7-9c4c-7b0b4f4b0759, raftlog=d10fc367-6717-4be7-9c4c-7b0b4f4b0759@group-3A2C0294070D-SegmentedRaftLog:OPENED:c-1,f-1,i0, conf=-1: [d10fc367-6717-4be7-9c4c-7b0b4f4b0759:192.168.36.126:35315, c0eca757-0426-4809-8d60-c283fabf02c6:192.168.36.126:34880, caeda6cb-6345-44ea-a0d4-5f314a967b77:192.168.36.126:40532], old=null
2019-09-25 05:08:11,989 [grpc-default-executor-4] WARN  server.GrpcServerProtocolService (LogUtils.java:warn(134)) - 95dec85b-23b9-41b7-9d30-1b2eb1816676: Failed requestVote 1e4f299d-27e6-442d-9871-12ab226dd7a8->95dec85b-23b9-41b7-9d30-1b2eb1816676#0: org.apache.ratis.protocol.ServerNotReadyException: 95dec85b-23b9-41b7-9d30-1b2eb1816676@group-E97B045DFE39 is not in [RUNNING]: current state is NEW
2019-09-25 05:08:11,989 [pool-207-thread-1] INFO  server.RaftServerConfigKeys (ConfUtils.java:logGet(43)) - raft.server.log.preallocated.size = 16384 (custom)
2019-09-25 05:08:11,989 [c0eca757-0426-4809-8d60-c283fabf02c6@group-3A2C0294070D:LeaderElection117] INFO  impl.RoleInfo (RoleInfo.java:updateAndGet(143)) - c0eca757-0426-4809-8d60-c283fabf02c6: start FollowerState
2019-09-25 05:08:11,989 [59abef46-29ea-4eff-a512-e596f80f6db1@group-8F81A5CD80FE:LeaderElection118] INFO  impl.RaftServerImpl (RaftServerImpl.java:setRole(174)) - 59abef46-29ea-4eff-a512-e596f80f6db1@group-8F81A5CD80FE: changes role from CANDIDATE to FOLLOWER at term 8 for DISCOVERED_A_NEW_TERM
2019-09-25 05:08:11,989 [pool-267-thread-1] INFO  server.RaftServerConfigKeys (ConfUtils.java:logGet(43)) - raft.server.snapshot.auto.trigger.threshold = 10000 (custom)
2019-09-25 05:08:11,989 [bc163c1a-f845-4c36-9592-f8e34b91970d@group-8F81A5CD80FE:LeaderElection115] INFO  impl.LeaderElection (LeaderElection.java:logAndReturn(56)) - bc163c1a-f845-4c36-9592-f8e34b91970d@group-8F81A5CD80FE:LeaderElection115: Election REJECTED; received 2 response(s) [bc163c1a-f845-4c36-9592-f8e34b91970d<-158ad28b-aa8e-4172-b96b-cbb323932650#0:FAIL-t8, bc163c1a-f845-4c36-9592-f8e34b91970d<-59abef46-29ea-4eff-a512-e596f80f6db1#0:FAIL-t8] and 0 exception(s); bc163c1a-f845-4c36-9592-f8e34b91970d@group-8F81A5CD80FE:t8, leader=null, voted=bc163c1a-f845-4c36-9592-f8e34b91970d, raftlog=bc163c1a-f845-4c36-9592-f8e34b91970d@group-8F81A5CD80FE-SegmentedRaftLog:OPENED:c-1,f-1,i0, conf=-1: [bc163c1a-f845-4c36-9592-f8e34b91970d:192.168.36.126:38248, 158ad28b-aa8e-4172-b96b-cbb323932650:192.168.36.126:34188, 59abef46-29ea-4eff-a512-e596f80f6db1:192.168.36.126:38401], old=null
2019-09-25 05:08:11,989 [grpc-default-executor-1] WARN  server.GrpcServerProtocolService (LogUtils.java:warn(134)) - 0c186508-9ecb-45e3-9dfe-464b7fe9f193: Failed requestVote 1e4f299d-27e6-442d-9871-12ab226dd7a8->0c186508-9ecb-45e3-9dfe-464b7fe9f193#0: org.apache.ratis.protocol.ServerNotReadyException: 0c186508-9ecb-45e3-9dfe-464b7fe9f193@group-E97B045DFE39 is not in [RUNNING]: current state is NEW
2019-09-25 05:08:11,989 [pool-247-thread-1] INFO  server.RaftServerConfigKeys (ConfUtils.java:logGet(43)) - raft.server.log.force.sync.num = 128 (default)
2019-09-25 05:08:11,988 [caeda6cb-6345-44ea-a0d4-5f314a967b77@group-3A2C0294070D:LeaderElection120] INFO  impl.RaftServerImpl (RaftServerImpl.java:setRole(174)) - caeda6cb-6345-44ea-a0d4-5f314a967b77@group-3A2C0294070D: changes role from CANDIDATE to FOLLOWER at term 7 for DISCOVERED_A_NEW_TERM
2019-09-25 05:08:11,991 [pool-247-thread-1] INFO  server.RaftServerConfigKeys (ConfUtils.java:logGet(43)) - raft.server.log.statemachine.data.sync = true (default)
2019-09-25 05:08:11,991 [bc163c1a-f845-4c36-9592-f8e34b91970d@group-8F81A5CD80FE:LeaderElection115] INFO  impl.RaftServerImpl (RaftServerImpl.java:setRole(174)) - bc163c1a-f845-4c36-9592-f8e34b91970d@group-8F81A5CD80FE: changes role from CANDIDATE to FOLLOWER at term 8 for DISCOVERED_A_NEW_TERM
2019-09-25 05:08:11,992 [bc163c1a-f845-4c36-9592-f8e34b91970d@group-8F81A5CD80FE:LeaderElection115] INFO  impl.RoleInfo (RoleInfo.java:shutdownLeaderElection(134)) - bc163c1a-f845-4c36-9592-f8e34b91970d: shutdown LeaderElection
2019-09-25 05:08:11,991 [pool-267-thread-1] INFO  server.RaftServerConfigKeys (ConfUtils.java:logGet(43)) - raft.server.snapshot.retention.num.files = 5 (custom)
2019-09-25 05:08:11,990 [59abef46-29ea-4eff-a512-e596f80f6db1@group-8F81A5CD80FE:LeaderElection118] INFO  impl.RoleInfo (RoleInfo.java:shutdownLeaderElection(134)) - 59abef46-29ea-4eff-a512-e596f80f6db1: shutdown LeaderElection
2019-09-25 05:08:11,990 [pool-207-thread-1] INFO  server.RaftServerConfigKeys (ConfUtils.java:logGet(43)) - raft.server.log.write.buffer.size = 33554432 (custom)
2019-09-25 05:08:11,990 [d10fc367-6717-4be7-9c4c-7b0b4f4b0759@group-3A2C0294070D:LeaderElection119] INFO  impl.RaftServerImpl (RaftServerImpl.java:setRole(174)) - d10fc367-6717-4be7-9c4c-7b0b4f4b0759@group-3A2C0294070D: changes role from CANDIDATE to FOLLOWER at term 7 for DISCOVERED_A_NEW_TERM
2019-09-25 05:08:11,992 [pool-207-thread-1] INFO  server.RaftServerConfigKeys (ConfUtils.java:logGet(43)) - raft.server.log.force.sync.num = 128 (default)
2019-09-25 05:08:11,992 [59abef46-29ea-4eff-a512-e596f80f6db1@group-8F81A5CD80FE:LeaderElection118] INFO  impl.RoleInfo (RoleInfo.java:updateAndGet(143)) - 59abef46-29ea-4eff-a512-e596f80f6db1: start FollowerState
2019-09-25 05:08:11,992 [pool-267-thread-1] INFO  server.RaftServerConfigKeys (ConfUtils.java:logGet(43)) - raft.server.retrycache.expirytime = 600000ms (custom)
2019-09-25 05:08:11,992 [bc163c1a-f845-4c36-9592-f8e34b91970d@group-8F81A5CD80FE:LeaderElection115] INFO  impl.RoleInfo (RoleInfo.java:updateAndGet(143)) - bc163c1a-f845-4c36-9592-f8e34b91970d: start FollowerState
2019-09-25 05:08:11,992 [pool-247-thread-1] INFO  server.RaftServerConfigKeys (ConfUtils.java:logGet(43)) - raft.server.log.statemachine.data.sync.timeout = 10s (default)
2019-09-25 05:08:11,991 [caeda6cb-6345-44ea-a0d4-5f314a967b77@group-3A2C0294070D:LeaderElection120] INFO  impl.RoleInfo (RoleInfo.java:shutdownLeaderElection(134)) - caeda6cb-6345-44ea-a0d4-5f314a967b77: shutdown LeaderElection
2019-09-25 05:08:11,993 [pool-247-thread-1] INFO  server.RaftServerConfigKeys (ConfUtils.java:logGet(43)) - raft.server.log.statemachine.data.sync.timeout.retry = -1 (default)
2019-09-25 05:08:11,993 [pool-207-thread-1] INFO  server.RaftServerConfigKeys (ConfUtils.java:logGet(43)) - raft.server.log.statemachine.data.sync = true (default)
2019-09-25 05:08:11,993 [d10fc367-6717-4be7-9c4c-7b0b4f4b0759@group-3A2C0294070D:LeaderElection119] INFO  impl.RoleInfo (RoleInfo.java:shutdownLeaderElection(134)) - d10fc367-6717-4be7-9c4c-7b0b4f4b0759: shutdown LeaderElection
2019-09-25 05:08:11,994 [pool-207-thread-1] INFO  server.RaftServerConfigKeys (ConfUtils.java:logGet(43)) - raft.server.log.statemachine.data.sync.timeout = 10s (default)
2019-09-25 05:08:11,994 [pool-247-thread-1] INFO  server.RaftServerConfigKeys (ConfUtils.java:logGet(43)) - raft.server.log.statemachine.data.caching.enabled = true (custom)
2019-09-25 05:08:11,994 [caeda6cb-6345-44ea-a0d4-5f314a967b77@group-3A2C0294070D:LeaderElection120] INFO  impl.RoleInfo (RoleInfo.java:updateAndGet(143)) - caeda6cb-6345-44ea-a0d4-5f314a967b77: start FollowerState
2019-09-25 05:08:11,994 [pool-207-thread-1] INFO  server.RaftServerConfigKeys (ConfUtils.java:logGet(43)) - raft.server.log.statemachine.data.sync.timeout.retry = -1 (default)
2019-09-25 05:08:11,994 [d10fc367-6717-4be7-9c4c-7b0b4f4b0759@group-3A2C0294070D:LeaderElection119] INFO  impl.RoleInfo (RoleInfo.java:updateAndGet(143)) - d10fc367-6717-4be7-9c4c-7b0b4f4b0759: start FollowerState
2019-09-25 05:08:11,995 [pool-207-thread-1] INFO  server.RaftServerConfigKeys (ConfUtils.java:logGet(43)) - raft.server.log.statemachine.data.caching.enabled = true (custom)
2019-09-25 05:08:11,994 [pool-247-thread-1] INFO  segmented.SegmentedRaftLogWorker (SegmentedRaftLogWorker.java:lambda$new$0(132)) - 1e4f299d-27e6-442d-9871-12ab226dd7a8@group-62501194BD52-SegmentedRaftLogWorker: flushIndex: setUnconditionally 0 -> -1
2019-09-25 05:08:11,995 [pool-207-thread-1] INFO  segmented.SegmentedRaftLogWorker (SegmentedRaftLogWorker.java:lambda$new$0(132)) - 0c186508-9ecb-45e3-9dfe-464b7fe9f193@group-3D9C9E831C33-SegmentedRaftLogWorker: flushIndex: setUnconditionally 0 -> -1
2019-09-25 05:08:11,995 [pool-247-thread-1] INFO  server.RaftServerConfigKeys (ConfUtils.java:logGet(43)) - raft.server.snapshot.auto.trigger.enabled = true (custom)
2019-09-25 05:08:11,995 [pool-247-thread-1] INFO  server.RaftServerConfigKeys (ConfUtils.java:logGet(43)) - raft.server.snapshot.auto.trigger.threshold = 10000 (custom)
2019-09-25 05:08:11,995 [pool-207-thread-1] INFO  server.RaftServerConfigKeys (ConfUtils.java:logGet(43)) - raft.server.snapshot.auto.trigger.enabled = true (custom)
2019-09-25 05:08:11,995 [1e4f299d-27e6-442d-9871-12ab226dd7a8@group-E97B045DFE39:LeaderElection121] INFO  impl.LeaderElection (LogUtils.java:infoOrTrace(149)) - 1e4f299d-27e6-442d-9871-12ab226dd7a8@group-E97B045DFE39:LeaderElection121 got exception when requesting votes: {}
java.util.concurrent.ExecutionException: org.apache.ratis.thirdparty.io.grpc.StatusRuntimeException: INTERNAL: 95dec85b-23b9-41b7-9d30-1b2eb1816676@group-E97B045DFE39 is not in [RUNNING]: current state is NEW
	at java.util.concurrent.FutureTask.report(FutureTask.java:122)
	at java.util.concurrent.FutureTask.get(FutureTask.java:192)
	at org.apache.ratis.server.impl.LeaderElection.waitForResults(LeaderElection.java:263)
	at org.apache.ratis.server.impl.LeaderElection.askForVotes(LeaderElection.java:201)
	at org.apache.ratis.server.impl.LeaderElection.run(LeaderElection.java:133)
	at java.lang.Thread.run(Thread.java:748)
Caused by: org.apache.ratis.thirdparty.io.grpc.StatusRuntimeException: INTERNAL: 95dec85b-23b9-41b7-9d30-1b2eb1816676@group-E97B045DFE39 is not in [RUNNING]: current state is NEW
	at org.apache.ratis.thirdparty.io.grpc.stub.ClientCalls.toStatusRuntimeException(ClientCalls.java:233)
	at org.apache.ratis.thirdparty.io.grpc.stub.ClientCalls.getUnchecked(ClientCalls.java:214)
	at org.apache.ratis.thirdparty.io.grpc.stub.ClientCalls.blockingUnaryCall(ClientCalls.java:139)
	at org.apache.ratis.proto.grpc.RaftServerProtocolServiceGrpc$RaftServerProtocolServiceBlockingStub.requestVote(RaftServerProtocolServiceGrpc.java:265)
	at org.apache.ratis.grpc.server.GrpcServerProtocolClient.requestVote(GrpcServerProtocolClient.java:90)
	at org.apache.ratis.grpc.server.GrpcService.requestVote(GrpcService.java:204)
	at org.apache.ratis.server.impl.LeaderElection.lambda$submitRequests$1(LeaderElection.java:238)
	at java.util.concurrent.FutureTask.run(FutureTask.java:266)
	at java.util.concurrent.Executors$RunnableAdapter.call(Executors.java:511)
	at java.util.concurrent.FutureTask.run(FutureTask.java:266)
	at java.util.concurrent.ThreadPoolExecutor.runWorker(ThreadPoolExecutor.java:1149)
	at java.util.concurrent.ThreadPoolExecutor$Worker.run(ThreadPoolExecutor.java:624)
	... 1 more
2019-09-25 05:08:11,996 [158ad28b-aa8e-4172-b96b-cbb323932650@group-8F81A5CD80FE:LeaderElection116] INFO  impl.LeaderElection (LeaderElection.java:logAndReturn(56)) - 158ad28b-aa8e-4172-b96b-cbb323932650@group-8F81A5CD80FE:LeaderElection116: Election REJECTED; received 2 response(s) [158ad28b-aa8e-4172-b96b-cbb323932650<-bc163c1a-f845-4c36-9592-f8e34b91970d#0:FAIL-t8, 158ad28b-aa8e-4172-b96b-cbb323932650<-59abef46-29ea-4eff-a512-e596f80f6db1#0:FAIL-t8] and 0 exception(s); 158ad28b-aa8e-4172-b96b-cbb323932650@group-8F81A5CD80FE:t8, leader=null, voted=158ad28b-aa8e-4172-b96b-cbb323932650, raftlog=158ad28b-aa8e-4172-b96b-cbb323932650@group-8F81A5CD80FE-SegmentedRaftLog:OPENED:c-1,f-1,i0, conf=-1: [bc163c1a-f845-4c36-9592-f8e34b91970d:192.168.36.126:38248, 158ad28b-aa8e-4172-b96b-cbb323932650:192.168.36.126:34188, 59abef46-29ea-4eff-a512-e596f80f6db1:192.168.36.126:38401], old=null
2019-09-25 05:08:11,996 [pool-207-thread-1] INFO  server.RaftServerConfigKeys (ConfUtils.java:logGet(43)) - raft.server.snapshot.auto.trigger.threshold = 10000 (custom)
2019-09-25 05:08:11,996 [pool-247-thread-1] INFO  server.RaftServerConfigKeys (ConfUtils.java:logGet(43)) - raft.server.snapshot.retention.num.files = 5 (custom)
2019-09-25 05:08:12,002 [pool-207-thread-1] INFO  server.RaftServerConfigKeys (ConfUtils.java:logGet(43)) - raft.server.snapshot.retention.num.files = 5 (custom)
2019-09-25 05:08:12,002 [158ad28b-aa8e-4172-b96b-cbb323932650@group-8F81A5CD80FE:LeaderElection116] INFO  impl.RaftServerImpl (RaftServerImpl.java:setRole(174)) - 158ad28b-aa8e-4172-b96b-cbb323932650@group-8F81A5CD80FE: changes role from CANDIDATE to FOLLOWER at term 8 for DISCOVERED_A_NEW_TERM
2019-09-25 05:08:12,002 [pool-267-thread-1] INFO  impl.RaftServerImpl (RaftServerImpl.java:start(185)) - 95dec85b-23b9-41b7-9d30-1b2eb1816676@group-E97B045DFE39: start as a follower, conf=-1: [0c186508-9ecb-45e3-9dfe-464b7fe9f193:192.168.36.126:34098, 95dec85b-23b9-41b7-9d30-1b2eb1816676:192.168.36.126:33370, 1e4f299d-27e6-442d-9871-12ab226dd7a8:192.168.36.126:46862], old=null
2019-09-25 05:08:12,002 [1e4f299d-27e6-442d-9871-12ab226dd7a8@group-E97B045DFE39:LeaderElection121] INFO  impl.LeaderElection (LogUtils.java:infoOrTrace(149)) - 1e4f299d-27e6-442d-9871-12ab226dd7a8@group-E97B045DFE39:LeaderElection121 got exception when requesting votes: {}
java.util.concurrent.ExecutionException: org.apache.ratis.thirdparty.io.grpc.StatusRuntimeException: INTERNAL: 0c186508-9ecb-45e3-9dfe-464b7fe9f193@group-E97B045DFE39 is not in [RUNNING]: current state is NEW
	at java.util.concurrent.FutureTask.report(FutureTask.java:122)
	at java.util.concurrent.FutureTask.get(FutureTask.java:192)
	at org.apache.ratis.server.impl.LeaderElection.waitForResults(LeaderElection.java:263)
	at org.apache.ratis.server.impl.LeaderElection.askForVotes(LeaderElection.java:201)
	at org.apache.ratis.server.impl.LeaderElection.run(LeaderElection.java:133)
	at java.lang.Thread.run(Thread.java:748)
Caused by: org.apache.ratis.thirdparty.io.grpc.StatusRuntimeException: INTERNAL: 0c186508-9ecb-45e3-9dfe-464b7fe9f193@group-E97B045DFE39 is not in [RUNNING]: current state is NEW
	at org.apache.ratis.thirdparty.io.grpc.stub.ClientCalls.toStatusRuntimeException(ClientCalls.java:233)
	at org.apache.ratis.thirdparty.io.grpc.stub.ClientCalls.getUnchecked(ClientCalls.java:214)
	at org.apache.ratis.thirdparty.io.grpc.stub.ClientCalls.blockingUnaryCall(ClientCalls.java:139)
	at org.apache.ratis.proto.grpc.RaftServerProtocolServiceGrpc$RaftServerProtocolServiceBlockingStub.requestVote(RaftServerProtocolServiceGrpc.java:265)
	at org.apache.ratis.grpc.server.GrpcServerProtocolClient.requestVote(GrpcServerProtocolClient.java:90)
	at org.apache.ratis.grpc.server.GrpcService.requestVote(GrpcService.java:204)
	at org.apache.ratis.server.impl.LeaderElection.lambda$submitRequests$1(LeaderElection.java:238)
	at java.util.concurrent.FutureTask.run(FutureTask.java:266)
	at java.util.concurrent.Executors$RunnableAdapter.call(Executors.java:511)
	at java.util.concurrent.FutureTask.run(FutureTask.java:266)
	at java.util.concurrent.ThreadPoolExecutor.runWorker(ThreadPoolExecutor.java:1149)
	at java.util.concurrent.ThreadPoolExecutor$Worker.run(ThreadPoolExecutor.java:624)
	... 1 more
2019-09-25 05:08:12,003 [pool-267-thread-1] INFO  impl.RaftServerImpl (RaftServerImpl.java:setRole(174)) - 95dec85b-23b9-41b7-9d30-1b2eb1816676@group-E97B045DFE39: changes role from      null to FOLLOWER at term 0 for startAsFollower
2019-09-25 05:08:12,002 [158ad28b-aa8e-4172-b96b-cbb323932650@group-8F81A5CD80FE:LeaderElection116] INFO  impl.RoleInfo (RoleInfo.java:shutdownLeaderElection(134)) - 158ad28b-aa8e-4172-b96b-cbb323932650: shutdown LeaderElection
2019-09-25 05:08:12,002 [pool-207-thread-1] INFO  server.RaftServerConfigKeys (ConfUtils.java:logGet(43)) - raft.server.retrycache.expirytime = 600000ms (custom)
2019-09-25 05:08:12,002 [pool-247-thread-1] INFO  server.RaftServerConfigKeys (ConfUtils.java:logGet(43)) - raft.server.retrycache.expirytime = 600000ms (custom)
2019-09-25 05:08:12,007 [158ad28b-aa8e-4172-b96b-cbb323932650@group-8F81A5CD80FE:LeaderElection116] INFO  impl.RoleInfo (RoleInfo.java:updateAndGet(143)) - 158ad28b-aa8e-4172-b96b-cbb323932650: start FollowerState
2019-09-25 05:08:12,007 [pool-267-thread-1] INFO  impl.RoleInfo (RoleInfo.java:updateAndGet(143)) - 95dec85b-23b9-41b7-9d30-1b2eb1816676: start FollowerState
2019-09-25 05:08:12,007 [1e4f299d-27e6-442d-9871-12ab226dd7a8@group-E97B045DFE39:LeaderElection121] INFO  impl.LeaderElection (LeaderElection.java:logAndReturn(56)) - 1e4f299d-27e6-442d-9871-12ab226dd7a8@group-E97B045DFE39:LeaderElection121: Election REJECTED; received 0 response(s) [] and 2 exception(s); 1e4f299d-27e6-442d-9871-12ab226dd7a8@group-E97B045DFE39:t1, leader=null, voted=1e4f299d-27e6-442d-9871-12ab226dd7a8, raftlog=1e4f299d-27e6-442d-9871-12ab226dd7a8@group-E97B045DFE39-SegmentedRaftLog:OPENED:c-1,f-1,i0, conf=-1: [0c186508-9ecb-45e3-9dfe-464b7fe9f193:192.168.36.126:34098, 95dec85b-23b9-41b7-9d30-1b2eb1816676:192.168.36.126:33370, 1e4f299d-27e6-442d-9871-12ab226dd7a8:192.168.36.126:46862], old=null
2019-09-25 05:08:12,008 [1e4f299d-27e6-442d-9871-12ab226dd7a8@group-E97B045DFE39:LeaderElection121] INFO  impl.LeaderElection (LogUtils.java:infoOrTrace(149)) -   Exception 0: {}
java.util.concurrent.ExecutionException: org.apache.ratis.thirdparty.io.grpc.StatusRuntimeException: INTERNAL: 95dec85b-23b9-41b7-9d30-1b2eb1816676@group-E97B045DFE39 is not in [RUNNING]: current state is NEW
	at java.util.concurrent.FutureTask.report(FutureTask.java:122)
	at java.util.concurrent.FutureTask.get(FutureTask.java:192)
	at org.apache.ratis.server.impl.LeaderElection.waitForResults(LeaderElection.java:263)
	at org.apache.ratis.server.impl.LeaderElection.askForVotes(LeaderElection.java:201)
	at org.apache.ratis.server.impl.LeaderElection.run(LeaderElection.java:133)
	at java.lang.Thread.run(Thread.java:748)
Caused by: org.apache.ratis.thirdparty.io.grpc.StatusRuntimeException: INTERNAL: 95dec85b-23b9-41b7-9d30-1b2eb1816676@group-E97B045DFE39 is not in [RUNNING]: current state is NEW
	at org.apache.ratis.thirdparty.io.grpc.stub.ClientCalls.toStatusRuntimeException(ClientCalls.java:233)
	at org.apache.ratis.thirdparty.io.grpc.stub.ClientCalls.getUnchecked(ClientCalls.java:214)
	at org.apache.ratis.thirdparty.io.grpc.stub.ClientCalls.blockingUnaryCall(ClientCalls.java:139)
	at org.apache.ratis.proto.grpc.RaftServerProtocolServiceGrpc$RaftServerProtocolServiceBlockingStub.requestVote(RaftServerProtocolServiceGrpc.java:265)
	at org.apache.ratis.grpc.server.GrpcServerProtocolClient.requestVote(GrpcServerProtocolClient.java:90)
	at org.apache.ratis.grpc.server.GrpcService.requestVote(GrpcService.java:204)
	at org.apache.ratis.server.impl.LeaderElection.lambda$submitRequests$1(LeaderElection.java:238)
	at java.util.concurrent.FutureTask.run(FutureTask.java:266)
	at java.util.concurrent.Executors$RunnableAdapter.call(Executors.java:511)
	at java.util.concurrent.FutureTask.run(FutureTask.java:266)
	at java.util.concurrent.ThreadPoolExecutor.runWorker(ThreadPoolExecutor.java:1149)
	at java.util.concurrent.ThreadPoolExecutor$Worker.run(ThreadPoolExecutor.java:624)
	... 1 more
2019-09-25 05:08:12,008 [pool-267-thread-1] INFO  util.JmxRegister (JmxRegister.java:tryRegister(44)) - Successfully registered JMX Bean with object name Ratis:service=RaftServer,group=group-E97B045DFE39,id=95dec85b-23b9-41b7-9d30-1b2eb1816676
2019-09-25 05:08:12,008 [1e4f299d-27e6-442d-9871-12ab226dd7a8@group-E97B045DFE39:LeaderElection121] INFO  impl.LeaderElection (LogUtils.java:infoOrTrace(149)) -   Exception 1: {}
java.util.concurrent.ExecutionException: org.apache.ratis.thirdparty.io.grpc.StatusRuntimeException: INTERNAL: 0c186508-9ecb-45e3-9dfe-464b7fe9f193@group-E97B045DFE39 is not in [RUNNING]: current state is NEW
	at java.util.concurrent.FutureTask.report(FutureTask.java:122)
	at java.util.concurrent.FutureTask.get(FutureTask.java:192)
	at org.apache.ratis.server.impl.LeaderElection.waitForResults(LeaderElection.java:263)
	at org.apache.ratis.server.impl.LeaderElection.askForVotes(LeaderElection.java:201)
	at org.apache.ratis.server.impl.LeaderElection.run(LeaderElection.java:133)
	at java.lang.Thread.run(Thread.java:748)
Caused by: org.apache.ratis.thirdparty.io.grpc.StatusRuntimeException: INTERNAL: 0c186508-9ecb-45e3-9dfe-464b7fe9f193@group-E97B045DFE39 is not in [RUNNING]: current state is NEW
	at org.apache.ratis.thirdparty.io.grpc.stub.ClientCalls.toStatusRuntimeException(ClientCalls.java:233)
	at org.apache.ratis.thirdparty.io.grpc.stub.ClientCalls.getUnchecked(ClientCalls.java:214)
	at org.apache.ratis.thirdparty.io.grpc.stub.ClientCalls.blockingUnaryCall(ClientCalls.java:139)
	at org.apache.ratis.proto.grpc.RaftServerProtocolServiceGrpc$RaftServerProtocolServiceBlockingStub.requestVote(RaftServerProtocolServiceGrpc.java:265)
	at org.apache.ratis.grpc.server.GrpcServerProtocolClient.requestVote(GrpcServerProtocolClient.java:90)
	at org.apache.ratis.grpc.server.GrpcService.requestVote(GrpcService.java:204)
	at org.apache.ratis.server.impl.LeaderElection.lambda$submitRequests$1(LeaderElection.java:238)
	at java.util.concurrent.FutureTask.run(FutureTask.java:266)
	at java.util.concurrent.Executors$RunnableAdapter.call(Executors.java:511)
	at java.util.concurrent.FutureTask.run(FutureTask.java:266)
	at java.util.concurrent.ThreadPoolExecutor.runWorker(ThreadPoolExecutor.java:1149)
	at java.util.concurrent.ThreadPoolExecutor$Worker.run(ThreadPoolExecutor.java:624)
	... 1 more
2019-09-25 05:08:12,009 [1e4f299d-27e6-442d-9871-12ab226dd7a8@group-E97B045DFE39:LeaderElection121] INFO  impl.RaftServerImpl (RaftServerImpl.java:setRole(174)) - 1e4f299d-27e6-442d-9871-12ab226dd7a8@group-E97B045DFE39: changes role from CANDIDATE to FOLLOWER at term 1 for DISCOVERED_A_NEW_TERM
2019-09-25 05:08:12,009 [1e4f299d-27e6-442d-9871-12ab226dd7a8@group-E97B045DFE39:LeaderElection121] INFO  impl.RoleInfo (RoleInfo.java:shutdownLeaderElection(134)) - 1e4f299d-27e6-442d-9871-12ab226dd7a8: shutdown LeaderElection
2019-09-25 05:08:12,010 [1e4f299d-27e6-442d-9871-12ab226dd7a8@group-E97B045DFE39:LeaderElection121] INFO  impl.RoleInfo (RoleInfo.java:updateAndGet(143)) - 1e4f299d-27e6-442d-9871-12ab226dd7a8: start FollowerState
2019-09-25 05:08:12,011 [pool-207-thread-1] INFO  impl.RaftServerImpl (RaftServerImpl.java:start(185)) - 0c186508-9ecb-45e3-9dfe-464b7fe9f193@group-34516644C2A0: start as a follower, conf=-1: [0c186508-9ecb-45e3-9dfe-464b7fe9f193:192.168.36.126:34098], old=null
2019-09-25 05:08:12,011 [pool-247-thread-1] INFO  impl.RaftServerImpl (RaftServerImpl.java:start(185)) - 1e4f299d-27e6-442d-9871-12ab226dd7a8@group-3D9C9E831C33: start as a follower, conf=-1: [0c186508-9ecb-45e3-9dfe-464b7fe9f193:192.168.36.126:34098, 95dec85b-23b9-41b7-9d30-1b2eb1816676:192.168.36.126:33370, 1e4f299d-27e6-442d-9871-12ab226dd7a8:192.168.36.126:46862], old=null
2019-09-25 05:08:12,011 [pool-207-thread-1] INFO  impl.RaftServerImpl (RaftServerImpl.java:setRole(174)) - 0c186508-9ecb-45e3-9dfe-464b7fe9f193@group-34516644C2A0: changes role from      null to FOLLOWER at term 0 for startAsFollower
2019-09-25 05:08:12,011 [pool-267-thread-1] INFO  impl.RaftServerImpl (RaftServerImpl.java:<init>(95)) - 95dec85b-23b9-41b7-9d30-1b2eb1816676: new RaftServerImpl for group-62501194BD52:[0c186508-9ecb-45e3-9dfe-464b7fe9f193:192.168.36.126:34098, 95dec85b-23b9-41b7-9d30-1b2eb1816676:192.168.36.126:33370, 1e4f299d-27e6-442d-9871-12ab226dd7a8:192.168.36.126:46862] with ContainerStateMachine:uninitialized
2019-09-25 05:08:12,011 [pool-247-thread-1] INFO  impl.RaftServerImpl (RaftServerImpl.java:setRole(174)) - 1e4f299d-27e6-442d-9871-12ab226dd7a8@group-3D9C9E831C33: changes role from      null to FOLLOWER at term 0 for startAsFollower
2019-09-25 05:08:12,011 [pool-267-thread-1] INFO  server.RaftServerConfigKeys (ConfUtils.java:logGet(43)) - raft.server.rpc.timeout.min = 5s (custom)
2019-09-25 05:08:12,011 [pool-207-thread-1] INFO  impl.RoleInfo (RoleInfo.java:updateAndGet(143)) - 0c186508-9ecb-45e3-9dfe-464b7fe9f193: start FollowerState
2019-09-25 05:08:12,012 [pool-267-thread-1] INFO  server.RaftServerConfigKeys (ConfUtils.java:logGet(43)) - raft.server.rpc.timeout.max = 5200ms (custom)
2019-09-25 05:08:12,011 [pool-247-thread-1] INFO  impl.RoleInfo (RoleInfo.java:updateAndGet(143)) - 1e4f299d-27e6-442d-9871-12ab226dd7a8: start FollowerState
2019-09-25 05:08:12,012 [pool-267-thread-1] INFO  server.RaftServerConfigKeys (ConfUtils.java:logGet(43)) - raft.server.rpcslowness.timeout = 120s (custom)
2019-09-25 05:08:12,012 [pool-267-thread-1] INFO  server.RaftServerConfigKeys (ConfUtils.java:logGet(43)) - raft.server.sleep.deviation.threshold = 300 (default)
2019-09-25 05:08:12,012 [pool-247-thread-1] INFO  util.JmxRegister (JmxRegister.java:tryRegister(44)) - Successfully registered JMX Bean with object name Ratis:service=RaftServer,group=group-3D9C9E831C33,id=1e4f299d-27e6-442d-9871-12ab226dd7a8
2019-09-25 05:08:12,012 [pool-207-thread-1] INFO  util.JmxRegister (JmxRegister.java:tryRegister(44)) - Successfully registered JMX Bean with object name Ratis:service=RaftServer,group=group-34516644C2A0,id=0c186508-9ecb-45e3-9dfe-464b7fe9f193
2019-09-25 05:08:12,012 [pool-267-thread-1] INFO  server.RaftServerConfigKeys (ConfUtils.java:logGet(43)) - raft.server.log.appender.install.snapshot.enabled = false (custom)
2019-09-25 05:08:12,013 [pool-267-thread-1] INFO  impl.RaftServerImpl (ServerState.java:<init>(103)) - 95dec85b-23b9-41b7-9d30-1b2eb1816676@group-62501194BD52: ConfigurationManager, init=-1: [0c186508-9ecb-45e3-9dfe-464b7fe9f193:192.168.36.126:34098, 95dec85b-23b9-41b7-9d30-1b2eb1816676:192.168.36.126:33370, 1e4f299d-27e6-442d-9871-12ab226dd7a8:192.168.36.126:46862], old=null, confs=<EMPTY_MAP>
2019-09-25 05:08:12,013 [pool-247-thread-1] INFO  impl.RaftServerImpl (RaftServerImpl.java:start(185)) - 1e4f299d-27e6-442d-9871-12ab226dd7a8@group-62501194BD52: start as a follower, conf=-1: [0c186508-9ecb-45e3-9dfe-464b7fe9f193:192.168.36.126:34098, 95dec85b-23b9-41b7-9d30-1b2eb1816676:192.168.36.126:33370, 1e4f299d-27e6-442d-9871-12ab226dd7a8:192.168.36.126:46862], old=null
2019-09-25 05:08:12,013 [pool-267-thread-1] INFO  server.RaftServerConfigKeys (ConfUtils.java:logGet(43)) - raft.server.storage.dir = [/workdir/hadoop-ozone/integration-test/target/test-dir/MiniOzoneClusterImpl-4a5a4de4-737d-4e52-b3c3-543a3eb2b617/datanode-6/data/ratis] (custom)
2019-09-25 05:08:12,013 [pool-247-thread-1] INFO  impl.RaftServerImpl (RaftServerImpl.java:setRole(174)) - 1e4f299d-27e6-442d-9871-12ab226dd7a8@group-62501194BD52: changes role from      null to FOLLOWER at term 0 for startAsFollower
2019-09-25 05:08:12,013 [pool-247-thread-1] INFO  impl.RoleInfo (RoleInfo.java:updateAndGet(143)) - 1e4f299d-27e6-442d-9871-12ab226dd7a8: start FollowerState
2019-09-25 05:08:12,013 [pool-267-thread-1] INFO  storage.RaftStorageDirectory (RaftStorageDirectory.java:analyzeStorage(246)) - The storage directory /workdir/hadoop-ozone/integration-test/target/test-dir/MiniOzoneClusterImpl-4a5a4de4-737d-4e52-b3c3-543a3eb2b617/datanode-6/data/ratis/e397be31-12d9-413e-a843-62501194bd52 does not exist. Creating ...
2019-09-25 05:08:12,013 [pool-247-thread-1] INFO  util.JmxRegister (JmxRegister.java:tryRegister(44)) - Successfully registered JMX Bean with object name Ratis:service=RaftServer,group=group-62501194BD52,id=1e4f299d-27e6-442d-9871-12ab226dd7a8
2019-09-25 05:08:12,015 [pool-207-thread-1] INFO  impl.RaftServerImpl (RaftServerImpl.java:<init>(95)) - 0c186508-9ecb-45e3-9dfe-464b7fe9f193: new RaftServerImpl for group-62501194BD52:[0c186508-9ecb-45e3-9dfe-464b7fe9f193:192.168.36.126:34098, 95dec85b-23b9-41b7-9d30-1b2eb1816676:192.168.36.126:33370, 1e4f299d-27e6-442d-9871-12ab226dd7a8:192.168.36.126:46862] with ContainerStateMachine:uninitialized
2019-09-25 05:08:12,015 [pool-207-thread-1] INFO  server.RaftServerConfigKeys (ConfUtils.java:logGet(43)) - raft.server.rpc.timeout.min = 5s (custom)
2019-09-25 05:08:12,015 [pool-207-thread-1] INFO  server.RaftServerConfigKeys (ConfUtils.java:logGet(43)) - raft.server.rpc.timeout.max = 5200ms (custom)
2019-09-25 05:08:12,015 [pool-207-thread-1] INFO  server.RaftServerConfigKeys (ConfUtils.java:logGet(43)) - raft.server.rpcslowness.timeout = 120s (custom)
2019-09-25 05:08:12,016 [pool-207-thread-1] INFO  server.RaftServerConfigKeys (ConfUtils.java:logGet(43)) - raft.server.sleep.deviation.threshold = 300 (default)
2019-09-25 05:08:12,016 [pool-207-thread-1] INFO  server.RaftServerConfigKeys (ConfUtils.java:logGet(43)) - raft.server.log.appender.install.snapshot.enabled = false (custom)
2019-09-25 05:08:12,016 [pool-207-thread-1] INFO  impl.RaftServerImpl (ServerState.java:<init>(103)) - 0c186508-9ecb-45e3-9dfe-464b7fe9f193@group-62501194BD52: ConfigurationManager, init=-1: [0c186508-9ecb-45e3-9dfe-464b7fe9f193:192.168.36.126:34098, 95dec85b-23b9-41b7-9d30-1b2eb1816676:192.168.36.126:33370, 1e4f299d-27e6-442d-9871-12ab226dd7a8:192.168.36.126:46862], old=null, confs=<EMPTY_MAP>
2019-09-25 05:08:12,016 [pool-207-thread-1] INFO  server.RaftServerConfigKeys (ConfUtils.java:logGet(43)) - raft.server.storage.dir = [/workdir/hadoop-ozone/integration-test/target/test-dir/MiniOzoneClusterImpl-4a5a4de4-737d-4e52-b3c3-543a3eb2b617/datanode-0/data/ratis] (custom)
2019-09-25 05:08:12,017 [pool-207-thread-1] INFO  storage.RaftStorageDirectory (RaftStorageDirectory.java:analyzeStorage(246)) - The storage directory /workdir/hadoop-ozone/integration-test/target/test-dir/MiniOzoneClusterImpl-4a5a4de4-737d-4e52-b3c3-543a3eb2b617/datanode-0/data/ratis/e397be31-12d9-413e-a843-62501194bd52 does not exist. Creating ...
2019-09-25 05:08:17,008 [Thread-1893] INFO  impl.FollowerState (FollowerState.java:run(106)) - bc163c1a-f845-4c36-9592-f8e34b91970d:group-8F81A5CD80FE changes to CANDIDATE, lastRpcTime:5015, electionTimeout:5014ms
2019-09-25 05:08:17,008 [Thread-1893] INFO  impl.RoleInfo (RoleInfo.java:shutdownFollowerState(121)) - bc163c1a-f845-4c36-9592-f8e34b91970d: shutdown FollowerState
2019-09-25 05:08:17,009 [Thread-1893] INFO  impl.RaftServerImpl (RaftServerImpl.java:setRole(174)) - bc163c1a-f845-4c36-9592-f8e34b91970d@group-8F81A5CD80FE: changes role from  FOLLOWER to CANDIDATE at term 8 for changeToCandidate
2019-09-25 05:08:17,009 [Thread-1893] INFO  impl.RoleInfo (RoleInfo.java:updateAndGet(143)) - bc163c1a-f845-4c36-9592-f8e34b91970d: start LeaderElection
2019-09-25 05:08:17,057 [Thread-1908] INFO  impl.FollowerState (FollowerState.java:run(106)) - 1e4f299d-27e6-442d-9871-12ab226dd7a8:group-62501194BD52 changes to CANDIDATE, lastRpcTime:5043, electionTimeout:5043ms
2019-09-25 05:08:17,057 [Thread-1908] INFO  impl.RoleInfo (RoleInfo.java:shutdownFollowerState(121)) - 1e4f299d-27e6-442d-9871-12ab226dd7a8: shutdown FollowerState
2019-09-25 05:08:17,057 [Thread-1908] INFO  impl.RaftServerImpl (RaftServerImpl.java:setRole(174)) - 1e4f299d-27e6-442d-9871-12ab226dd7a8@group-62501194BD52: changes role from  FOLLOWER to CANDIDATE at term 0 for changeToCandidate
2019-09-25 05:08:17,057 [Thread-1908] INFO  impl.RoleInfo (RoleInfo.java:updateAndGet(143)) - 1e4f299d-27e6-442d-9871-12ab226dd7a8: start LeaderElection
2019-09-25 05:08:17,069 [Thread-1901] INFO  impl.FollowerState (FollowerState.java:run(106)) - 158ad28b-aa8e-4172-b96b-cbb323932650:group-8F81A5CD80FE changes to CANDIDATE, lastRpcTime:5062, electionTimeout:5061ms
2019-09-25 05:08:17,069 [Thread-1901] INFO  impl.RoleInfo (RoleInfo.java:shutdownFollowerState(121)) - 158ad28b-aa8e-4172-b96b-cbb323932650: shutdown FollowerState
2019-09-25 05:08:17,069 [Thread-1901] INFO  impl.RaftServerImpl (RaftServerImpl.java:setRole(174)) - 158ad28b-aa8e-4172-b96b-cbb323932650@group-8F81A5CD80FE: changes role from  FOLLOWER to CANDIDATE at term 8 for changeToCandidate
2019-09-25 05:08:17,069 [Thread-1901] INFO  impl.RoleInfo (RoleInfo.java:updateAndGet(143)) - 158ad28b-aa8e-4172-b96b-cbb323932650: start LeaderElection
2019-09-25 05:08:17,071 [Thread-1892] INFO  impl.FollowerState (FollowerState.java:run(106)) - c0eca757-0426-4809-8d60-c283fabf02c6:group-3A2C0294070D changes to CANDIDATE, lastRpcTime:5081, electionTimeout:5080ms
2019-09-25 05:08:17,071 [Thread-1892] INFO  impl.RoleInfo (RoleInfo.java:shutdownFollowerState(121)) - c0eca757-0426-4809-8d60-c283fabf02c6: shutdown FollowerState
2019-09-25 05:08:17,071 [Thread-1892] INFO  impl.RaftServerImpl (RaftServerImpl.java:setRole(174)) - c0eca757-0426-4809-8d60-c283fabf02c6@group-3A2C0294070D: changes role from  FOLLOWER to CANDIDATE at term 7 for changeToCandidate
2019-09-25 05:08:17,071 [Thread-1892] INFO  impl.RoleInfo (RoleInfo.java:updateAndGet(143)) - c0eca757-0426-4809-8d60-c283fabf02c6: start LeaderElection
2019-09-25 05:08:17,092 [Thread-1900] INFO  impl.FollowerState (FollowerState.java:run(106)) - 95dec85b-23b9-41b7-9d30-1b2eb1816676:group-E97B045DFE39 changes to CANDIDATE, lastRpcTime:5085, electionTimeout:5084ms
2019-09-25 05:08:17,092 [Thread-1900] INFO  impl.RoleInfo (RoleInfo.java:shutdownFollowerState(121)) - 95dec85b-23b9-41b7-9d30-1b2eb1816676: shutdown FollowerState
2019-09-25 05:08:17,093 [Thread-1900] INFO  impl.RaftServerImpl (RaftServerImpl.java:setRole(174)) - 95dec85b-23b9-41b7-9d30-1b2eb1816676@group-E97B045DFE39: changes role from  FOLLOWER to CANDIDATE at term 0 for changeToCandidate
2019-09-25 05:08:17,093 [Thread-1900] INFO  impl.RoleInfo (RoleInfo.java:updateAndGet(143)) - 95dec85b-23b9-41b7-9d30-1b2eb1816676: start LeaderElection
2019-09-25 05:08:17,093 [Thread-1903] INFO  impl.FollowerState (FollowerState.java:run(106)) - 1e4f299d-27e6-442d-9871-12ab226dd7a8:group-E97B045DFE39 changes to CANDIDATE, lastRpcTime:5083, electionTimeout:5083ms
2019-09-25 05:08:17,101 [Thread-1903] INFO  impl.RoleInfo (RoleInfo.java:shutdownFollowerState(121)) - 1e4f299d-27e6-442d-9871-12ab226dd7a8: shutdown FollowerState
2019-09-25 05:08:17,101 [Thread-1903] INFO  impl.RaftServerImpl (RaftServerImpl.java:setRole(174)) - 1e4f299d-27e6-442d-9871-12ab226dd7a8@group-E97B045DFE39: changes role from  FOLLOWER to CANDIDATE at term 1 for changeToCandidate
2019-09-25 05:08:17,101 [Thread-1903] INFO  impl.RoleInfo (RoleInfo.java:updateAndGet(143)) - 1e4f299d-27e6-442d-9871-12ab226dd7a8: start LeaderElection
2019-09-25 05:08:17,123 [pool-207-thread-1] INFO  storage.RaftStorageDirectory (RaftStorageDirectory.java:tryLock(328)) - Lock on /workdir/hadoop-ozone/integration-test/target/test-dir/MiniOzoneClusterImpl-4a5a4de4-737d-4e52-b3c3-543a3eb2b617/datanode-0/data/ratis/e397be31-12d9-413e-a843-62501194bd52/in_use.lock acquired by nodename 31467@pr-hdds-2174-pqx5g-486351168
2019-09-25 05:08:17,123 [pool-267-thread-1] INFO  storage.RaftStorageDirectory (RaftStorageDirectory.java:tryLock(328)) - Lock on /workdir/hadoop-ozone/integration-test/target/test-dir/MiniOzoneClusterImpl-4a5a4de4-737d-4e52-b3c3-543a3eb2b617/datanode-6/data/ratis/e397be31-12d9-413e-a843-62501194bd52/in_use.lock acquired by nodename 31467@pr-hdds-2174-pqx5g-486351168
2019-09-25 05:08:17,146 [Thread-1896] INFO  impl.FollowerState (FollowerState.java:run(106)) - caeda6cb-6345-44ea-a0d4-5f314a967b77:group-3A2C0294070D changes to CANDIDATE, lastRpcTime:5152, electionTimeout:5151ms
2019-09-25 05:08:17,146 [Thread-1896] INFO  impl.RoleInfo (RoleInfo.java:shutdownFollowerState(121)) - caeda6cb-6345-44ea-a0d4-5f314a967b77: shutdown FollowerState
2019-09-25 05:08:17,146 [Thread-1896] INFO  impl.RaftServerImpl (RaftServerImpl.java:setRole(174)) - caeda6cb-6345-44ea-a0d4-5f314a967b77@group-3A2C0294070D: changes role from  FOLLOWER to CANDIDATE at term 7 for changeToCandidate
2019-09-25 05:08:17,146 [Thread-1896] INFO  impl.RoleInfo (RoleInfo.java:updateAndGet(143)) - caeda6cb-6345-44ea-a0d4-5f314a967b77: start LeaderElection
2019-09-25 05:08:17,150 [Thread-1895] INFO  impl.FollowerState (FollowerState.java:run(106)) - 59abef46-29ea-4eff-a512-e596f80f6db1:group-8F81A5CD80FE changes to CANDIDATE, lastRpcTime:5158, electionTimeout:5157ms
2019-09-25 05:08:17,151 [Thread-1895] INFO  impl.RoleInfo (RoleInfo.java:shutdownFollowerState(121)) - 59abef46-29ea-4eff-a512-e596f80f6db1: shutdown FollowerState
2019-09-25 05:08:17,151 [Thread-1895] INFO  impl.RaftServerImpl (RaftServerImpl.java:setRole(174)) - 59abef46-29ea-4eff-a512-e596f80f6db1@group-8F81A5CD80FE: changes role from  FOLLOWER to CANDIDATE at term 8 for changeToCandidate
2019-09-25 05:08:17,151 [Thread-1895] INFO  impl.RoleInfo (RoleInfo.java:updateAndGet(143)) - 59abef46-29ea-4eff-a512-e596f80f6db1: start LeaderElection
2019-09-25 05:08:17,159 [Thread-1897] INFO  impl.FollowerState (FollowerState.java:run(106)) - d10fc367-6717-4be7-9c4c-7b0b4f4b0759:group-3A2C0294070D changes to CANDIDATE, lastRpcTime:5165, electionTimeout:5164ms
2019-09-25 05:08:17,159 [Thread-1897] INFO  impl.RoleInfo (RoleInfo.java:shutdownFollowerState(121)) - d10fc367-6717-4be7-9c4c-7b0b4f4b0759: shutdown FollowerState
2019-09-25 05:08:17,160 [Thread-1897] INFO  impl.RaftServerImpl (RaftServerImpl.java:setRole(174)) - d10fc367-6717-4be7-9c4c-7b0b4f4b0759@group-3A2C0294070D: changes role from  FOLLOWER to CANDIDATE at term 7 for changeToCandidate
2019-09-25 05:08:17,160 [Thread-1897] INFO  impl.RoleInfo (RoleInfo.java:updateAndGet(143)) - d10fc367-6717-4be7-9c4c-7b0b4f4b0759: start LeaderElection
2019-09-25 05:08:17,171 [Thread-1905] INFO  impl.FollowerState (FollowerState.java:run(106)) - 1e4f299d-27e6-442d-9871-12ab226dd7a8:group-3D9C9E831C33 changes to CANDIDATE, lastRpcTime:5159, electionTimeout:5159ms
2019-09-25 05:08:17,172 [Thread-1905] INFO  impl.RoleInfo (RoleInfo.java:shutdownFollowerState(121)) - 1e4f299d-27e6-442d-9871-12ab226dd7a8: shutdown FollowerState
2019-09-25 05:08:17,172 [Thread-1905] INFO  impl.RaftServerImpl (RaftServerImpl.java:setRole(174)) - 1e4f299d-27e6-442d-9871-12ab226dd7a8@group-3D9C9E831C33: changes role from  FOLLOWER to CANDIDATE at term 0 for changeToCandidate
2019-09-25 05:08:17,172 [Thread-1905] INFO  impl.RoleInfo (RoleInfo.java:updateAndGet(143)) - 1e4f299d-27e6-442d-9871-12ab226dd7a8: start LeaderElection
2019-09-25 05:08:17,208 [Thread-1904] INFO  impl.FollowerState (FollowerState.java:run(106)) - 0c186508-9ecb-45e3-9dfe-464b7fe9f193:group-34516644C2A0 changes to CANDIDATE, lastRpcTime:5196, electionTimeout:5196ms
2019-09-25 05:08:17,208 [Thread-1904] INFO  impl.RoleInfo (RoleInfo.java:shutdownFollowerState(121)) - 0c186508-9ecb-45e3-9dfe-464b7fe9f193: shutdown FollowerState
2019-09-25 05:08:17,209 [Thread-1904] INFO  impl.RaftServerImpl (RaftServerImpl.java:setRole(174)) - 0c186508-9ecb-45e3-9dfe-464b7fe9f193@group-34516644C2A0: changes role from  FOLLOWER to CANDIDATE at term 0 for changeToCandidate
2019-09-25 05:08:17,209 [Thread-1904] INFO  impl.RoleInfo (RoleInfo.java:updateAndGet(143)) - 0c186508-9ecb-45e3-9dfe-464b7fe9f193: start LeaderElection
2019-09-25 05:08:17,407 [bc163c1a-f845-4c36-9592-f8e34b91970d@group-8F81A5CD80FE:LeaderElection122] INFO  impl.LeaderElection (LeaderElection.java:askForVotes(182)) - bc163c1a-f845-4c36-9592-f8e34b91970d@group-8F81A5CD80FE:LeaderElection122: begin an election at term 9 for -1: [bc163c1a-f845-4c36-9592-f8e34b91970d:192.168.36.126:38248, 158ad28b-aa8e-4172-b96b-cbb323932650:192.168.36.126:34188, 59abef46-29ea-4eff-a512-e596f80f6db1:192.168.36.126:38401], old=null
2019-09-25 05:08:17,407 [1e4f299d-27e6-442d-9871-12ab226dd7a8@group-E97B045DFE39:LeaderElection127] INFO  impl.LeaderElection (LeaderElection.java:askForVotes(182)) - 1e4f299d-27e6-442d-9871-12ab226dd7a8@group-E97B045DFE39:LeaderElection127: begin an election at term 2 for -1: [0c186508-9ecb-45e3-9dfe-464b7fe9f193:192.168.36.126:34098, 95dec85b-23b9-41b7-9d30-1b2eb1816676:192.168.36.126:33370, 1e4f299d-27e6-442d-9871-12ab226dd7a8:192.168.36.126:46862], old=null
2019-09-25 05:08:17,407 [c0eca757-0426-4809-8d60-c283fabf02c6@group-3A2C0294070D:LeaderElection125] INFO  impl.LeaderElection (LeaderElection.java:askForVotes(182)) - c0eca757-0426-4809-8d60-c283fabf02c6@group-3A2C0294070D:LeaderElection125: begin an election at term 8 for -1: [d10fc367-6717-4be7-9c4c-7b0b4f4b0759:192.168.36.126:35315, c0eca757-0426-4809-8d60-c283fabf02c6:192.168.36.126:34880, caeda6cb-6345-44ea-a0d4-5f314a967b77:192.168.36.126:40532], old=null
2019-09-25 05:08:17,407 [95dec85b-23b9-41b7-9d30-1b2eb1816676@group-E97B045DFE39:LeaderElection126] INFO  impl.LeaderElection (LeaderElection.java:askForVotes(182)) - 95dec85b-23b9-41b7-9d30-1b2eb1816676@group-E97B045DFE39:LeaderElection126: begin an election at term 1 for -1: [0c186508-9ecb-45e3-9dfe-464b7fe9f193:192.168.36.126:34098, 95dec85b-23b9-41b7-9d30-1b2eb1816676:192.168.36.126:33370, 1e4f299d-27e6-442d-9871-12ab226dd7a8:192.168.36.126:46862], old=null
2019-09-25 05:08:17,408 [pool-267-thread-1] INFO  storage.RaftStorage (RaftStorage.java:format(72)) - Storage directory /workdir/hadoop-ozone/integration-test/target/test-dir/MiniOzoneClusterImpl-4a5a4de4-737d-4e52-b3c3-543a3eb2b617/datanode-6/data/ratis/e397be31-12d9-413e-a843-62501194bd52 has been successfully formatted.
2019-09-25 05:08:17,407 [1e4f299d-27e6-442d-9871-12ab226dd7a8@group-62501194BD52:LeaderElection123] INFO  impl.LeaderElection (LeaderElection.java:askForVotes(182)) - 1e4f299d-27e6-442d-9871-12ab226dd7a8@group-62501194BD52:LeaderElection123: begin an election at term 1 for -1: [0c186508-9ecb-45e3-9dfe-464b7fe9f193:192.168.36.126:34098, 95dec85b-23b9-41b7-9d30-1b2eb1816676:192.168.36.126:33370, 1e4f299d-27e6-442d-9871-12ab226dd7a8:192.168.36.126:46862], old=null
2019-09-25 05:08:17,407 [158ad28b-aa8e-4172-b96b-cbb323932650@group-8F81A5CD80FE:LeaderElection124] INFO  impl.LeaderElection (LeaderElection.java:askForVotes(182)) - 158ad28b-aa8e-4172-b96b-cbb323932650@group-8F81A5CD80FE:LeaderElection124: begin an election at term 9 for -1: [bc163c1a-f845-4c36-9592-f8e34b91970d:192.168.36.126:38248, 158ad28b-aa8e-4172-b96b-cbb323932650:192.168.36.126:34188, 59abef46-29ea-4eff-a512-e596f80f6db1:192.168.36.126:38401], old=null
2019-09-25 05:08:17,408 [d10fc367-6717-4be7-9c4c-7b0b4f4b0759@group-3A2C0294070D:LeaderElection130] INFO  impl.LeaderElection (LeaderElection.java:askForVotes(182)) - d10fc367-6717-4be7-9c4c-7b0b4f4b0759@group-3A2C0294070D:LeaderElection130: begin an election at term 8 for -1: [d10fc367-6717-4be7-9c4c-7b0b4f4b0759:192.168.36.126:35315, c0eca757-0426-4809-8d60-c283fabf02c6:192.168.36.126:34880, caeda6cb-6345-44ea-a0d4-5f314a967b77:192.168.36.126:40532], old=null
2019-09-25 05:08:17,408 [59abef46-29ea-4eff-a512-e596f80f6db1@group-8F81A5CD80FE:LeaderElection129] INFO  impl.LeaderElection (LeaderElection.java:askForVotes(182)) - 59abef46-29ea-4eff-a512-e596f80f6db1@group-8F81A5CD80FE:LeaderElection129: begin an election at term 9 for -1: [bc163c1a-f845-4c36-9592-f8e34b91970d:192.168.36.126:38248, 158ad28b-aa8e-4172-b96b-cbb323932650:192.168.36.126:34188, 59abef46-29ea-4eff-a512-e596f80f6db1:192.168.36.126:38401], old=null
2019-09-25 05:08:17,408 [caeda6cb-6345-44ea-a0d4-5f314a967b77@group-3A2C0294070D:LeaderElection128] INFO  impl.LeaderElection (LeaderElection.java:askForVotes(182)) - caeda6cb-6345-44ea-a0d4-5f314a967b77@group-3A2C0294070D:LeaderElection128: begin an election at term 8 for -1: [d10fc367-6717-4be7-9c4c-7b0b4f4b0759:192.168.36.126:35315, c0eca757-0426-4809-8d60-c283fabf02c6:192.168.36.126:34880, caeda6cb-6345-44ea-a0d4-5f314a967b77:192.168.36.126:40532], old=null
2019-09-25 05:08:17,408 [1e4f299d-27e6-442d-9871-12ab226dd7a8@group-3D9C9E831C33:LeaderElection131] INFO  impl.LeaderElection (LeaderElection.java:askForVotes(182)) - 1e4f299d-27e6-442d-9871-12ab226dd7a8@group-3D9C9E831C33:LeaderElection131: begin an election at term 1 for -1: [0c186508-9ecb-45e3-9dfe-464b7fe9f193:192.168.36.126:34098, 95dec85b-23b9-41b7-9d30-1b2eb1816676:192.168.36.126:33370, 1e4f299d-27e6-442d-9871-12ab226dd7a8:192.168.36.126:46862], old=null
2019-09-25 05:08:17,408 [0c186508-9ecb-45e3-9dfe-464b7fe9f193@group-34516644C2A0:LeaderElection132] INFO  impl.LeaderElection (LeaderElection.java:askForVotes(182)) - 0c186508-9ecb-45e3-9dfe-464b7fe9f193@group-34516644C2A0:LeaderElection132: begin an election at term 1 for -1: [0c186508-9ecb-45e3-9dfe-464b7fe9f193:192.168.36.126:34098], old=null
2019-09-25 05:08:17,408 [pool-207-thread-1] INFO  storage.RaftStorage (RaftStorage.java:format(72)) - Storage directory /workdir/hadoop-ozone/integration-test/target/test-dir/MiniOzoneClusterImpl-4a5a4de4-737d-4e52-b3c3-543a3eb2b617/datanode-0/data/ratis/e397be31-12d9-413e-a843-62501194bd52 has been successfully formatted.
2019-09-25 05:08:17,409 [0c186508-9ecb-45e3-9dfe-464b7fe9f193@group-34516644C2A0:LeaderElection132] INFO  impl.RoleInfo (RoleInfo.java:shutdownLeaderElection(134)) - 0c186508-9ecb-45e3-9dfe-464b7fe9f193: shutdown LeaderElection
2019-09-25 05:08:17,409 [pool-267-thread-1] INFO  ratis.ContainerStateMachine (ContainerStateMachine.java:loadSnapshot(230)) - group-62501194BD52: The snapshot info is null. Setting the last applied indexto:(t:0, i:~)
2019-09-25 05:08:17,410 [0c186508-9ecb-45e3-9dfe-464b7fe9f193@group-34516644C2A0:LeaderElection132] INFO  impl.RaftServerImpl (RaftServerImpl.java:setRole(174)) - 0c186508-9ecb-45e3-9dfe-464b7fe9f193@group-34516644C2A0: changes role from CANDIDATE to LEADER at term 1 for changeToLeader
2019-09-25 05:08:17,410 [pool-207-thread-1] INFO  ratis.ContainerStateMachine (ContainerStateMachine.java:loadSnapshot(230)) - group-62501194BD52: The snapshot info is null. Setting the last applied indexto:(t:0, i:~)
2019-09-25 05:08:17,410 [0c186508-9ecb-45e3-9dfe-464b7fe9f193@group-34516644C2A0:LeaderElection132] INFO  impl.RaftServerImpl (ServerState.java:setLeader(253)) - 0c186508-9ecb-45e3-9dfe-464b7fe9f193@group-34516644C2A0: change Leader from null to 0c186508-9ecb-45e3-9dfe-464b7fe9f193 at term 1 for becomeLeader, leader elected after 21502ms
2019-09-25 05:08:17,411 [pool-207-thread-1] INFO  server.RaftServerConfigKeys (ConfUtils.java:logGet(43)) - raft.server.notification.no-leader.timeout = 120s (custom)
2019-09-25 05:08:17,411 [0c186508-9ecb-45e3-9dfe-464b7fe9f193@group-34516644C2A0:LeaderElection132] INFO  server.RaftServerConfigKeys (ConfUtils.java:logGet(43)) - raft.server.staging.catchup.gap = 1000 (default)
2019-09-25 05:08:17,411 [pool-267-thread-1] INFO  server.RaftServerConfigKeys (ConfUtils.java:logGet(43)) - raft.server.notification.no-leader.timeout = 120s (custom)
2019-09-25 05:08:17,412 [0c186508-9ecb-45e3-9dfe-464b7fe9f193@group-34516644C2A0:LeaderElection132] INFO  server.RaftServerConfigKeys (ConfUtils.java:logGet(43)) - raft.server.rpc.sleep.time = 25ms (default)
2019-09-25 05:08:17,412 [pool-207-thread-1] INFO  server.RaftServerConfigKeys (ConfUtils.java:logGet(43)) - raft.server.log.use.memory = false (default)
2019-09-25 05:08:17,412 [pool-267-thread-1] INFO  server.RaftServerConfigKeys (ConfUtils.java:logGet(43)) - raft.server.log.use.memory = false (default)
2019-09-25 05:08:17,413 [pool-207-thread-1] INFO  server.RaftServerConfigKeys (ConfUtils.java:logGet(43)) - raft.server.log.purge.gap = 1000000 (custom)
2019-09-25 05:08:17,413 [pool-267-thread-1] INFO  server.RaftServerConfigKeys (ConfUtils.java:logGet(43)) - raft.server.log.purge.gap = 1000000 (custom)
2019-09-25 05:08:17,413 [0c186508-9ecb-45e3-9dfe-464b7fe9f193@group-34516644C2A0:LeaderElection132] INFO  server.RaftServerConfigKeys (ConfUtils.java:logGet(43)) - raft.server.write.element-limit = 4096 (default)
2019-09-25 05:08:17,413 [pool-207-thread-1] INFO  server.RaftServerConfigKeys (ConfUtils.java:logGet(43)) - raft.server.log.appender.buffer.byte-limit = 33554432 (custom)
2019-09-25 05:08:17,413 [pool-267-thread-1] INFO  server.RaftServerConfigKeys (ConfUtils.java:logGet(43)) - raft.server.log.appender.buffer.byte-limit = 33554432 (custom)
2019-09-25 05:08:17,413 [pool-207-thread-1] INFO  server.RaftServerConfigKeys (ConfUtils.java:logGet(43)) - raft.server.log.segment.size.max = 1048576 (custom)
2019-09-25 05:08:17,413 [0c186508-9ecb-45e3-9dfe-464b7fe9f193@group-34516644C2A0:LeaderElection132] INFO  server.RaftServerConfigKeys (ConfUtils.java:logGet(43)) - raft.server.watch.timeout = 10s (default)
2019-09-25 05:08:17,414 [pool-207-thread-1] INFO  server.RaftServerConfigKeys (ConfUtils.java:logGet(43)) - raft.server.log.segment.cache.num.max = 2 (custom)
2019-09-25 05:08:17,414 [pool-267-thread-1] INFO  server.RaftServerConfigKeys (ConfUtils.java:logGet(43)) - raft.server.log.segment.size.max = 1048576 (custom)
2019-09-25 05:08:17,414 [pool-207-thread-1] INFO  segmented.SegmentedRaftLogWorker (SegmentedRaftLogWorker.java:<init>(172)) - new 0c186508-9ecb-45e3-9dfe-464b7fe9f193@group-62501194BD52-SegmentedRaftLogWorker for RaftStorage:Storage Directory /workdir/hadoop-ozone/integration-test/target/test-dir/MiniOzoneClusterImpl-4a5a4de4-737d-4e52-b3c3-543a3eb2b617/datanode-0/data/ratis/e397be31-12d9-413e-a843-62501194bd52
2019-09-25 05:08:17,414 [0c186508-9ecb-45e3-9dfe-464b7fe9f193@group-34516644C2A0:LeaderElection132] INFO  server.RaftServerConfigKeys (ConfUtils.java:logGet(43)) - raft.server.watch.timeout.denomination = 1s (default)
2019-09-25 05:08:17,414 [pool-207-thread-1] INFO  server.RaftServerConfigKeys (ConfUtils.java:logGet(43)) - raft.server.log.queue.byte-limit = 2147483647 (custom)
2019-09-25 05:08:17,414 [pool-267-thread-1] INFO  server.RaftServerConfigKeys (ConfUtils.java:logGet(43)) - raft.server.log.segment.cache.num.max = 2 (custom)
2019-09-25 05:08:17,415 [pool-207-thread-1] INFO  server.RaftServerConfigKeys (ConfUtils.java:logGet(43)) - raft.server.log.queue.element-limit = 1024 (custom)
2019-09-25 05:08:17,415 [0c186508-9ecb-45e3-9dfe-464b7fe9f193@group-34516644C2A0:LeaderElection132] INFO  server.RaftServerConfigKeys (ConfUtils.java:logGet(43)) - raft.server.watch.element-limit = 65536 (default)
2019-09-25 05:08:17,415 [pool-207-thread-1] INFO  server.RaftServerConfigKeys (ConfUtils.java:logGet(43)) - raft.server.log.segment.size.max = 1048576 (custom)
2019-09-25 05:08:17,415 [pool-267-thread-1] INFO  segmented.SegmentedRaftLogWorker (SegmentedRaftLogWorker.java:<init>(172)) - new 95dec85b-23b9-41b7-9d30-1b2eb1816676@group-62501194BD52-SegmentedRaftLogWorker for RaftStorage:Storage Directory /workdir/hadoop-ozone/integration-test/target/test-dir/MiniOzoneClusterImpl-4a5a4de4-737d-4e52-b3c3-543a3eb2b617/datanode-6/data/ratis/e397be31-12d9-413e-a843-62501194bd52
2019-09-25 05:08:17,415 [pool-207-thread-1] INFO  server.RaftServerConfigKeys (ConfUtils.java:logGet(43)) - raft.server.log.preallocated.size = 16384 (custom)
2019-09-25 05:08:17,416 [pool-267-thread-1] INFO  server.RaftServerConfigKeys (ConfUtils.java:logGet(43)) - raft.server.log.queue.byte-limit = 2147483647 (custom)
2019-09-25 05:08:17,416 [pool-207-thread-1] INFO  server.RaftServerConfigKeys (ConfUtils.java:logGet(43)) - raft.server.log.write.buffer.size = 33554432 (custom)
2019-09-25 05:08:17,416 [pool-267-thread-1] INFO  server.RaftServerConfigKeys (ConfUtils.java:logGet(43)) - raft.server.log.queue.element-limit = 1024 (custom)
2019-09-25 05:08:17,416 [pool-207-thread-1] INFO  server.RaftServerConfigKeys (ConfUtils.java:logGet(43)) - raft.server.log.force.sync.num = 128 (default)
2019-09-25 05:08:17,416 [pool-267-thread-1] INFO  server.RaftServerConfigKeys (ConfUtils.java:logGet(43)) - raft.server.log.segment.size.max = 1048576 (custom)
2019-09-25 05:08:17,417 [pool-207-thread-1] INFO  server.RaftServerConfigKeys (ConfUtils.java:logGet(43)) - raft.server.log.statemachine.data.sync = true (default)
2019-09-25 05:08:17,417 [pool-267-thread-1] INFO  server.RaftServerConfigKeys (ConfUtils.java:logGet(43)) - raft.server.log.preallocated.size = 16384 (custom)
2019-09-25 05:08:17,417 [pool-207-thread-1] INFO  server.RaftServerConfigKeys (ConfUtils.java:logGet(43)) - raft.server.log.statemachine.data.sync.timeout = 10s (default)
2019-09-25 05:08:17,417 [pool-267-thread-1] INFO  server.RaftServerConfigKeys (ConfUtils.java:logGet(43)) - raft.server.log.write.buffer.size = 33554432 (custom)
2019-09-25 05:08:17,417 [pool-207-thread-1] INFO  server.RaftServerConfigKeys (ConfUtils.java:logGet(43)) - raft.server.log.statemachine.data.sync.timeout.retry = -1 (default)
2019-09-25 05:08:17,418 [grpc-default-executor-1] WARN  server.GrpcServerProtocolService (LogUtils.java:warn(134)) - 0c186508-9ecb-45e3-9dfe-464b7fe9f193: Failed requestVote 1e4f299d-27e6-442d-9871-12ab226dd7a8->0c186508-9ecb-45e3-9dfe-464b7fe9f193#0: org.apache.ratis.protocol.ServerNotReadyException: 0c186508-9ecb-45e3-9dfe-464b7fe9f193@group-E97B045DFE39 is not in [RUNNING]: current state is NEW
2019-09-25 05:08:17,418 [grpc-default-executor-3] INFO  impl.RaftServerImpl (RaftServerImpl.java:setRole(174)) - 95dec85b-23b9-41b7-9d30-1b2eb1816676@group-E97B045DFE39: changes role from CANDIDATE to FOLLOWER at term 2 for recognizeCandidate:1e4f299d-27e6-442d-9871-12ab226dd7a8
2019-09-25 05:08:17,418 [grpc-default-executor-4] WARN  server.GrpcServerProtocolService (LogUtils.java:warn(134)) - 0c186508-9ecb-45e3-9dfe-464b7fe9f193: Failed requestVote 1e4f299d-27e6-442d-9871-12ab226dd7a8->0c186508-9ecb-45e3-9dfe-464b7fe9f193#0: org.apache.ratis.protocol.ServerNotReadyException: 0c186508-9ecb-45e3-9dfe-464b7fe9f193@group-3D9C9E831C33 is not in [RUNNING]: current state is NEW
2019-09-25 05:08:17,418 [pool-267-thread-1] INFO  server.RaftServerConfigKeys (ConfUtils.java:logGet(43)) - raft.server.log.force.sync.num = 128 (default)
2019-09-25 05:08:17,418 [grpc-default-executor-3] INFO  impl.RoleInfo (RoleInfo.java:shutdownLeaderElection(134)) - 95dec85b-23b9-41b7-9d30-1b2eb1816676: shutdown LeaderElection
2019-09-25 05:08:17,418 [pool-207-thread-1] INFO  server.RaftServerConfigKeys (ConfUtils.java:logGet(43)) - raft.server.log.statemachine.data.caching.enabled = true (custom)
2019-09-25 05:08:17,419 [grpc-default-executor-3] INFO  impl.RoleInfo (RoleInfo.java:updateAndGet(143)) - 95dec85b-23b9-41b7-9d30-1b2eb1816676: start FollowerState
2019-09-25 05:08:17,419 [pool-267-thread-1] INFO  server.RaftServerConfigKeys (ConfUtils.java:logGet(43)) - raft.server.log.statemachine.data.sync = true (default)
2019-09-25 05:08:17,420 [pool-267-thread-1] INFO  server.RaftServerConfigKeys (ConfUtils.java:logGet(43)) - raft.server.log.statemachine.data.sync.timeout = 10s (default)
2019-09-25 05:08:17,420 [pool-207-thread-1] INFO  segmented.SegmentedRaftLogWorker (SegmentedRaftLogWorker.java:lambda$new$0(132)) - 0c186508-9ecb-45e3-9dfe-464b7fe9f193@group-62501194BD52-SegmentedRaftLogWorker: flushIndex: setUnconditionally 0 -> -1
2019-09-25 05:08:17,420 [95dec85b-23b9-41b7-9d30-1b2eb1816676@group-E97B045DFE39:LeaderElection126] INFO  impl.LeaderElection (LeaderElection.java:logAndReturn(56)) - 95dec85b-23b9-41b7-9d30-1b2eb1816676@group-E97B045DFE39:LeaderElection126: Election DISCOVERED_A_NEW_TERM; received 1 response(s) [95dec85b-23b9-41b7-9d30-1b2eb1816676<-1e4f299d-27e6-442d-9871-12ab226dd7a8#0:FAIL-t2] and 0 exception(s); 95dec85b-23b9-41b7-9d30-1b2eb1816676@group-E97B045DFE39:t2, leader=null, voted=null, raftlog=95dec85b-23b9-41b7-9d30-1b2eb1816676@group-E97B045DFE39-SegmentedRaftLog:OPENED:c-1,f-1,i0, conf=-1: [0c186508-9ecb-45e3-9dfe-464b7fe9f193:192.168.36.126:34098, 95dec85b-23b9-41b7-9d30-1b2eb1816676:192.168.36.126:33370, 1e4f299d-27e6-442d-9871-12ab226dd7a8:192.168.36.126:46862], old=null
2019-09-25 05:08:17,420 [0c186508-9ecb-45e3-9dfe-464b7fe9f193@group-34516644C2A0:LeaderElection132] INFO  impl.RoleInfo (RoleInfo.java:updateAndGet(143)) - 0c186508-9ecb-45e3-9dfe-464b7fe9f193: start LeaderState
2019-09-25 05:08:17,420 [pool-267-thread-1] INFO  server.RaftServerConfigKeys (ConfUtils.java:logGet(43)) - raft.server.log.statemachine.data.sync.timeout.retry = -1 (default)
2019-09-25 05:08:17,420 [pool-207-thread-1] INFO  server.RaftServerConfigKeys (ConfUtils.java:logGet(43)) - raft.server.snapshot.auto.trigger.enabled = true (custom)
2019-09-25 05:08:17,421 [pool-267-thread-1] INFO  server.RaftServerConfigKeys (ConfUtils.java:logGet(43)) - raft.server.log.statemachine.data.caching.enabled = true (custom)
2019-09-25 05:08:17,421 [0c186508-9ecb-45e3-9dfe-464b7fe9f193@group-34516644C2A0:LeaderElection132] INFO  segmented.SegmentedRaftLogWorker (SegmentedRaftLogWorker.java:startLogSegment(380)) - 0c186508-9ecb-45e3-9dfe-464b7fe9f193@group-34516644C2A0-SegmentedRaftLogWorker: Starting segment from index:0
2019-09-25 05:08:17,421 [pool-207-thread-1] INFO  server.RaftServerConfigKeys (ConfUtils.java:logGet(43)) - raft.server.snapshot.auto.trigger.threshold = 10000 (custom)
2019-09-25 05:08:17,421 [pool-267-thread-1] INFO  segmented.SegmentedRaftLogWorker (SegmentedRaftLogWorker.java:lambda$new$0(132)) - 95dec85b-23b9-41b7-9d30-1b2eb1816676@group-62501194BD52-SegmentedRaftLogWorker: flushIndex: setUnconditionally 0 -> -1
2019-09-25 05:08:17,421 [pool-207-thread-1] INFO  server.RaftServerConfigKeys (ConfUtils.java:logGet(43)) - raft.server.snapshot.retention.num.files = 5 (custom)
2019-09-25 05:08:17,422 [grpc-default-executor-5] WARN  server.GrpcServerProtocolService (LogUtils.java:warn(134)) - 0c186508-9ecb-45e3-9dfe-464b7fe9f193: Failed requestVote 95dec85b-23b9-41b7-9d30-1b2eb1816676->0c186508-9ecb-45e3-9dfe-464b7fe9f193#0: org.apache.ratis.protocol.ServerNotReadyException: 0c186508-9ecb-45e3-9dfe-464b7fe9f193@group-E97B045DFE39 is not in [RUNNING]: current state is NEW
2019-09-25 05:08:17,422 [59abef46-29ea-4eff-a512-e596f80f6db1@group-8F81A5CD80FE:LeaderElection129] INFO  impl.LeaderElection (LeaderElection.java:logAndReturn(56)) - 59abef46-29ea-4eff-a512-e596f80f6db1@group-8F81A5CD80FE:LeaderElection129: Election REJECTED; received 2 response(s) [59abef46-29ea-4eff-a512-e596f80f6db1<-158ad28b-aa8e-4172-b96b-cbb323932650#0:FAIL-t9, 59abef46-29ea-4eff-a512-e596f80f6db1<-bc163c1a-f845-4c36-9592-f8e34b91970d#0:FAIL-t9] and 0 exception(s); 59abef46-29ea-4eff-a512-e596f80f6db1@group-8F81A5CD80FE:t9, leader=null, voted=59abef46-29ea-4eff-a512-e596f80f6db1, raftlog=59abef46-29ea-4eff-a512-e596f80f6db1@group-8F81A5CD80FE-SegmentedRaftLog:OPENED:c-1,f-1,i0, conf=-1: [bc163c1a-f845-4c36-9592-f8e34b91970d:192.168.36.126:38248, 158ad28b-aa8e-4172-b96b-cbb323932650:192.168.36.126:34188, 59abef46-29ea-4eff-a512-e596f80f6db1:192.168.36.126:38401], old=null
2019-09-25 05:08:17,422 [pool-207-thread-1] INFO  server.RaftServerConfigKeys (ConfUtils.java:logGet(43)) - raft.server.retrycache.expirytime = 600000ms (custom)
2019-09-25 05:08:17,422 [pool-267-thread-1] INFO  server.RaftServerConfigKeys (ConfUtils.java:logGet(43)) - raft.server.snapshot.auto.trigger.enabled = true (custom)
2019-09-25 05:08:17,422 [0c186508-9ecb-45e3-9dfe-464b7fe9f193@group-34516644C2A0:LeaderElection132] INFO  impl.RaftServerImpl (ServerState.java:setRaftConf(354)) - 0c186508-9ecb-45e3-9dfe-464b7fe9f193@group-34516644C2A0: set configuration 0: [0c186508-9ecb-45e3-9dfe-464b7fe9f193:192.168.36.126:34098], old=null at 0
2019-09-25 05:08:17,423 [pool-267-thread-1] INFO  server.RaftServerConfigKeys (ConfUtils.java:logGet(43)) - raft.server.snapshot.auto.trigger.threshold = 10000 (custom)
2019-09-25 05:08:17,423 [c0eca757-0426-4809-8d60-c283fabf02c6@group-3A2C0294070D:LeaderElection125] INFO  impl.LeaderElection (LeaderElection.java:logAndReturn(56)) - c0eca757-0426-4809-8d60-c283fabf02c6@group-3A2C0294070D:LeaderElection125: Election REJECTED; received 2 response(s) [c0eca757-0426-4809-8d60-c283fabf02c6<-d10fc367-6717-4be7-9c4c-7b0b4f4b0759#0:FAIL-t8, c0eca757-0426-4809-8d60-c283fabf02c6<-caeda6cb-6345-44ea-a0d4-5f314a967b77#0:FAIL-t8] and 0 exception(s); c0eca757-0426-4809-8d60-c283fabf02c6@group-3A2C0294070D:t8, leader=null, voted=c0eca757-0426-4809-8d60-c283fabf02c6, raftlog=c0eca757-0426-4809-8d60-c283fabf02c6@group-3A2C0294070D-SegmentedRaftLog:OPENED:c-1,f-1,i0, conf=-1: [d10fc367-6717-4be7-9c4c-7b0b4f4b0759:192.168.36.126:35315, c0eca757-0426-4809-8d60-c283fabf02c6:192.168.36.126:34880, caeda6cb-6345-44ea-a0d4-5f314a967b77:192.168.36.126:40532], old=null
2019-09-25 05:08:17,422 [59abef46-29ea-4eff-a512-e596f80f6db1@group-8F81A5CD80FE:LeaderElection129] INFO  impl.RaftServerImpl (RaftServerImpl.java:setRole(174)) - 59abef46-29ea-4eff-a512-e596f80f6db1@group-8F81A5CD80FE: changes role from CANDIDATE to FOLLOWER at term 9 for DISCOVERED_A_NEW_TERM
2019-09-25 05:08:17,423 [c0eca757-0426-4809-8d60-c283fabf02c6@group-3A2C0294070D:LeaderElection125] INFO  impl.RaftServerImpl (RaftServerImpl.java:setRole(174)) - c0eca757-0426-4809-8d60-c283fabf02c6@group-3A2C0294070D: changes role from CANDIDATE to FOLLOWER at term 8 for DISCOVERED_A_NEW_TERM
2019-09-25 05:08:17,423 [pool-267-thread-1] INFO  server.RaftServerConfigKeys (ConfUtils.java:logGet(43)) - raft.server.snapshot.retention.num.files = 5 (custom)
2019-09-25 05:08:17,423 [d10fc367-6717-4be7-9c4c-7b0b4f4b0759@group-3A2C0294070D:LeaderElection130] INFO  impl.LeaderElection (LeaderElection.java:logAndReturn(56)) - d10fc367-6717-4be7-9c4c-7b0b4f4b0759@group-3A2C0294070D:LeaderElection130: Election REJECTED; received 2 response(s) [d10fc367-6717-4be7-9c4c-7b0b4f4b0759<-c0eca757-0426-4809-8d60-c283fabf02c6#0:FAIL-t8, d10fc367-6717-4be7-9c4c-7b0b4f4b0759<-caeda6cb-6345-44ea-a0d4-5f314a967b77#0:FAIL-t8] and 0 exception(s); d10fc367-6717-4be7-9c4c-7b0b4f4b0759@group-3A2C0294070D:t8, leader=null, voted=d10fc367-6717-4be7-9c4c-7b0b4f4b0759, raftlog=d10fc367-6717-4be7-9c4c-7b0b4f4b0759@group-3A2C0294070D-SegmentedRaftLog:OPENED:c-1,f-1,i0, conf=-1: [d10fc367-6717-4be7-9c4c-7b0b4f4b0759:192.168.36.126:35315, c0eca757-0426-4809-8d60-c283fabf02c6:192.168.36.126:34880, caeda6cb-6345-44ea-a0d4-5f314a967b77:192.168.36.126:40532], old=null
2019-09-25 05:08:17,423 [c0eca757-0426-4809-8d60-c283fabf02c6@group-3A2C0294070D:LeaderElection125] INFO  impl.RoleInfo (RoleInfo.java:shutdownLeaderElection(134)) - c0eca757-0426-4809-8d60-c283fabf02c6: shutdown LeaderElection
2019-09-25 05:08:17,423 [59abef46-29ea-4eff-a512-e596f80f6db1@group-8F81A5CD80FE:LeaderElection129] INFO  impl.RoleInfo (RoleInfo.java:shutdownLeaderElection(134)) - 59abef46-29ea-4eff-a512-e596f80f6db1: shutdown LeaderElection
2019-09-25 05:08:17,424 [c0eca757-0426-4809-8d60-c283fabf02c6@group-3A2C0294070D:LeaderElection125] INFO  impl.RoleInfo (RoleInfo.java:updateAndGet(143)) - c0eca757-0426-4809-8d60-c283fabf02c6: start FollowerState
2019-09-25 05:08:17,424 [d10fc367-6717-4be7-9c4c-7b0b4f4b0759@group-3A2C0294070D:LeaderElection130] INFO  impl.RaftServerImpl (RaftServerImpl.java:setRole(174)) - d10fc367-6717-4be7-9c4c-7b0b4f4b0759@group-3A2C0294070D: changes role from CANDIDATE to FOLLOWER at term 8 for DISCOVERED_A_NEW_TERM
2019-09-25 05:08:17,424 [pool-267-thread-1] INFO  server.RaftServerConfigKeys (ConfUtils.java:logGet(43)) - raft.server.retrycache.expirytime = 600000ms (custom)
2019-09-25 05:08:17,424 [d10fc367-6717-4be7-9c4c-7b0b4f4b0759@group-3A2C0294070D:LeaderElection130] INFO  impl.RoleInfo (RoleInfo.java:shutdownLeaderElection(134)) - d10fc367-6717-4be7-9c4c-7b0b4f4b0759: shutdown LeaderElection
2019-09-25 05:08:17,424 [59abef46-29ea-4eff-a512-e596f80f6db1@group-8F81A5CD80FE:LeaderElection129] INFO  impl.RoleInfo (RoleInfo.java:updateAndGet(143)) - 59abef46-29ea-4eff-a512-e596f80f6db1: start FollowerState
2019-09-25 05:08:17,425 [d10fc367-6717-4be7-9c4c-7b0b4f4b0759@group-3A2C0294070D:LeaderElection130] INFO  impl.RoleInfo (RoleInfo.java:updateAndGet(143)) - d10fc367-6717-4be7-9c4c-7b0b4f4b0759: start FollowerState
2019-09-25 05:08:17,426 [158ad28b-aa8e-4172-b96b-cbb323932650@group-8F81A5CD80FE:LeaderElection124] INFO  impl.LeaderElection (LeaderElection.java:logAndReturn(56)) - 158ad28b-aa8e-4172-b96b-cbb323932650@group-8F81A5CD80FE:LeaderElection124: Election REJECTED; received 2 response(s) [158ad28b-aa8e-4172-b96b-cbb323932650<-bc163c1a-f845-4c36-9592-f8e34b91970d#0:FAIL-t9, 158ad28b-aa8e-4172-b96b-cbb323932650<-59abef46-29ea-4eff-a512-e596f80f6db1#0:FAIL-t9] and 0 exception(s); 158ad28b-aa8e-4172-b96b-cbb323932650@group-8F81A5CD80FE:t9, leader=null, voted=158ad28b-aa8e-4172-b96b-cbb323932650, raftlog=158ad28b-aa8e-4172-b96b-cbb323932650@group-8F81A5CD80FE-SegmentedRaftLog:OPENED:c-1,f-1,i0, conf=-1: [bc163c1a-f845-4c36-9592-f8e34b91970d:192.168.36.126:38248, 158ad28b-aa8e-4172-b96b-cbb323932650:192.168.36.126:34188, 59abef46-29ea-4eff-a512-e596f80f6db1:192.168.36.126:38401], old=null
2019-09-25 05:08:17,426 [1e4f299d-27e6-442d-9871-12ab226dd7a8@group-3D9C9E831C33:LeaderElection131] INFO  impl.LeaderElection (LogUtils.java:infoOrTrace(149)) - 1e4f299d-27e6-442d-9871-12ab226dd7a8@group-3D9C9E831C33:LeaderElection131 got exception when requesting votes: {}
java.util.concurrent.ExecutionException: org.apache.ratis.thirdparty.io.grpc.StatusRuntimeException: INTERNAL: 0c186508-9ecb-45e3-9dfe-464b7fe9f193@group-3D9C9E831C33 is not in [RUNNING]: current state is NEW
	at java.util.concurrent.FutureTask.report(FutureTask.java:122)
	at java.util.concurrent.FutureTask.get(FutureTask.java:192)
	at org.apache.ratis.server.impl.LeaderElection.waitForResults(LeaderElection.java:263)
	at org.apache.ratis.server.impl.LeaderElection.askForVotes(LeaderElection.java:201)
	at org.apache.ratis.server.impl.LeaderElection.run(LeaderElection.java:133)
	at java.lang.Thread.run(Thread.java:748)
Caused by: org.apache.ratis.thirdparty.io.grpc.StatusRuntimeException: INTERNAL: 0c186508-9ecb-45e3-9dfe-464b7fe9f193@group-3D9C9E831C33 is not in [RUNNING]: current state is NEW
	at org.apache.ratis.thirdparty.io.grpc.stub.ClientCalls.toStatusRuntimeException(ClientCalls.java:233)
	at org.apache.ratis.thirdparty.io.grpc.stub.ClientCalls.getUnchecked(ClientCalls.java:214)
	at org.apache.ratis.thirdparty.io.grpc.stub.ClientCalls.blockingUnaryCall(ClientCalls.java:139)
	at org.apache.ratis.proto.grpc.RaftServerProtocolServiceGrpc$RaftServerProtocolServiceBlockingStub.requestVote(RaftServerProtocolServiceGrpc.java:265)
	at org.apache.ratis.grpc.server.GrpcServerProtocolClient.requestVote(GrpcServerProtocolClient.java:90)
	at org.apache.ratis.grpc.server.GrpcService.requestVote(GrpcService.java:204)
	at org.apache.ratis.server.impl.LeaderElection.lambda$submitRequests$1(LeaderElection.java:238)
	at java.util.concurrent.FutureTask.run(FutureTask.java:266)
	at java.util.concurrent.Executors$RunnableAdapter.call(Executors.java:511)
	at java.util.concurrent.FutureTask.run(FutureTask.java:266)
	at java.util.concurrent.ThreadPoolExecutor.runWorker(ThreadPoolExecutor.java:1149)
	at java.util.concurrent.ThreadPoolExecutor$Worker.run(ThreadPoolExecutor.java:624)
	... 1 more
2019-09-25 05:08:17,426 [158ad28b-aa8e-4172-b96b-cbb323932650@group-8F81A5CD80FE:LeaderElection124] INFO  impl.RaftServerImpl (RaftServerImpl.java:setRole(174)) - 158ad28b-aa8e-4172-b96b-cbb323932650@group-8F81A5CD80FE: changes role from CANDIDATE to FOLLOWER at term 9 for DISCOVERED_A_NEW_TERM
2019-09-25 05:08:17,460 [158ad28b-aa8e-4172-b96b-cbb323932650@group-8F81A5CD80FE:LeaderElection124] INFO  impl.RoleInfo (RoleInfo.java:shutdownLeaderElection(134)) - 158ad28b-aa8e-4172-b96b-cbb323932650: shutdown LeaderElection
2019-09-25 05:08:17,460 [158ad28b-aa8e-4172-b96b-cbb323932650@group-8F81A5CD80FE:LeaderElection124] INFO  impl.RoleInfo (RoleInfo.java:updateAndGet(143)) - 158ad28b-aa8e-4172-b96b-cbb323932650: start FollowerState
2019-09-25 05:08:17,461 [1e4f299d-27e6-442d-9871-12ab226dd7a8@group-E97B045DFE39:LeaderElection127] INFO  impl.LeaderElection (LogUtils.java:infoOrTrace(149)) - 1e4f299d-27e6-442d-9871-12ab226dd7a8@group-E97B045DFE39:LeaderElection127 got exception when requesting votes: {}
java.util.concurrent.ExecutionException: org.apache.ratis.thirdparty.io.grpc.StatusRuntimeException: INTERNAL: 0c186508-9ecb-45e3-9dfe-464b7fe9f193@group-E97B045DFE39 is not in [RUNNING]: current state is NEW
	at java.util.concurrent.FutureTask.report(FutureTask.java:122)
	at java.util.concurrent.FutureTask.get(FutureTask.java:192)
	at org.apache.ratis.server.impl.LeaderElection.waitForResults(LeaderElection.java:263)
	at org.apache.ratis.server.impl.LeaderElection.askForVotes(LeaderElection.java:201)
	at org.apache.ratis.server.impl.LeaderElection.run(LeaderElection.java:133)
	at java.lang.Thread.run(Thread.java:748)
Caused by: org.apache.ratis.thirdparty.io.grpc.StatusRuntimeException: INTERNAL: 0c186508-9ecb-45e3-9dfe-464b7fe9f193@group-E97B045DFE39 is not in [RUNNING]: current state is NEW
	at org.apache.ratis.thirdparty.io.grpc.stub.ClientCalls.toStatusRuntimeException(ClientCalls.java:233)
	at org.apache.ratis.thirdparty.io.grpc.stub.ClientCalls.getUnchecked(ClientCalls.java:214)
	at org.apache.ratis.thirdparty.io.grpc.stub.ClientCalls.blockingUnaryCall(ClientCalls.java:139)
	at org.apache.ratis.proto.grpc.RaftServerProtocolServiceGrpc$RaftServerProtocolServiceBlockingStub.requestVote(RaftServerProtocolServiceGrpc.java:265)
	at org.apache.ratis.grpc.server.GrpcServerProtocolClient.requestVote(GrpcServerProtocolClient.java:90)
	at org.apache.ratis.grpc.server.GrpcService.requestVote(GrpcService.java:204)
	at org.apache.ratis.server.impl.LeaderElection.lambda$submitRequests$1(LeaderElection.java:238)
	at java.util.concurrent.FutureTask.run(FutureTask.java:266)
	at java.util.concurrent.Executors$RunnableAdapter.call(Executors.java:511)
	at java.util.concurrent.FutureTask.run(FutureTask.java:266)
	at java.util.concurrent.ThreadPoolExecutor.runWorker(ThreadPoolExecutor.java:1149)
	at java.util.concurrent.ThreadPoolExecutor$Worker.run(ThreadPoolExecutor.java:624)
	... 1 more
2019-09-25 05:08:17,465 [pool-207-thread-1] INFO  impl.RaftServerImpl (RaftServerImpl.java:start(185)) - 0c186508-9ecb-45e3-9dfe-464b7fe9f193@group-E97B045DFE39: start as a follower, conf=-1: [0c186508-9ecb-45e3-9dfe-464b7fe9f193:192.168.36.126:34098, 95dec85b-23b9-41b7-9d30-1b2eb1816676:192.168.36.126:33370, 1e4f299d-27e6-442d-9871-12ab226dd7a8:192.168.36.126:46862], old=null
2019-09-25 05:08:17,465 [grpc-default-executor-0] WARN  server.GrpcServerProtocolService (LogUtils.java:warn(134)) - 0c186508-9ecb-45e3-9dfe-464b7fe9f193: Failed requestVote 1e4f299d-27e6-442d-9871-12ab226dd7a8->0c186508-9ecb-45e3-9dfe-464b7fe9f193#0: org.apache.ratis.protocol.ServerNotReadyException: 0c186508-9ecb-45e3-9dfe-464b7fe9f193@group-62501194BD52 is not in [RUNNING]: current state is NEW
2019-09-25 05:08:17,466 [pool-267-thread-1] INFO  impl.RaftServerImpl (RaftServerImpl.java:start(185)) - 95dec85b-23b9-41b7-9d30-1b2eb1816676@group-3D9C9E831C33: start as a follower, conf=-1: [0c186508-9ecb-45e3-9dfe-464b7fe9f193:192.168.36.126:34098, 95dec85b-23b9-41b7-9d30-1b2eb1816676:192.168.36.126:33370, 1e4f299d-27e6-442d-9871-12ab226dd7a8:192.168.36.126:46862], old=null
2019-09-25 05:08:17,461 [grpc-default-executor-5] WARN  server.GrpcServerProtocolService (LogUtils.java:warn(134)) - 95dec85b-23b9-41b7-9d30-1b2eb1816676: Failed requestVote 1e4f299d-27e6-442d-9871-12ab226dd7a8->95dec85b-23b9-41b7-9d30-1b2eb1816676#0: org.apache.ratis.protocol.ServerNotReadyException: 95dec85b-23b9-41b7-9d30-1b2eb1816676@group-3D9C9E831C33 is not in [RUNNING]: current state is NEW
2019-09-25 05:08:17,466 [pool-267-thread-1] INFO  impl.RaftServerImpl (RaftServerImpl.java:setRole(174)) - 95dec85b-23b9-41b7-9d30-1b2eb1816676@group-3D9C9E831C33: changes role from      null to FOLLOWER at term 0 for startAsFollower
2019-09-25 05:08:17,466 [grpc-default-executor-4] WARN  server.GrpcServerProtocolService (LogUtils.java:warn(134)) - 95dec85b-23b9-41b7-9d30-1b2eb1816676: Failed requestVote 1e4f299d-27e6-442d-9871-12ab226dd7a8->95dec85b-23b9-41b7-9d30-1b2eb1816676#0: org.apache.ratis.protocol.ServerNotReadyException: 95dec85b-23b9-41b7-9d30-1b2eb1816676@group-62501194BD52 is not in [RUNNING]: current state is NEW
2019-09-25 05:08:17,466 [pool-207-thread-1] INFO  impl.RaftServerImpl (RaftServerImpl.java:setRole(174)) - 0c186508-9ecb-45e3-9dfe-464b7fe9f193@group-E97B045DFE39: changes role from      null to FOLLOWER at term 0 for startAsFollower
2019-09-25 05:08:17,466 [bc163c1a-f845-4c36-9592-f8e34b91970d@group-8F81A5CD80FE:LeaderElection122] INFO  impl.LeaderElection (LeaderElection.java:logAndReturn(56)) - bc163c1a-f845-4c36-9592-f8e34b91970d@group-8F81A5CD80FE:LeaderElection122: Election REJECTED; received 2 response(s) [bc163c1a-f845-4c36-9592-f8e34b91970d<-158ad28b-aa8e-4172-b96b-cbb323932650#0:FAIL-t9, bc163c1a-f845-4c36-9592-f8e34b91970d<-59abef46-29ea-4eff-a512-e596f80f6db1#0:FAIL-t9] and 0 exception(s); bc163c1a-f845-4c36-9592-f8e34b91970d@group-8F81A5CD80FE:t9, leader=null, voted=bc163c1a-f845-4c36-9592-f8e34b91970d, raftlog=bc163c1a-f845-4c36-9592-f8e34b91970d@group-8F81A5CD80FE-SegmentedRaftLog:OPENED:c-1,f-1,i0, conf=-1: [bc163c1a-f845-4c36-9592-f8e34b91970d:192.168.36.126:38248, 158ad28b-aa8e-4172-b96b-cbb323932650:192.168.36.126:34188, 59abef46-29ea-4eff-a512-e596f80f6db1:192.168.36.126:38401], old=null
2019-09-25 05:08:17,467 [pool-207-thread-1] INFO  impl.RoleInfo (RoleInfo.java:updateAndGet(143)) - 0c186508-9ecb-45e3-9dfe-464b7fe9f193: start FollowerState
2019-09-25 05:08:17,467 [caeda6cb-6345-44ea-a0d4-5f314a967b77@group-3A2C0294070D:LeaderElection128] INFO  impl.LeaderElection (LeaderElection.java:logAndReturn(56)) - caeda6cb-6345-44ea-a0d4-5f314a967b77@group-3A2C0294070D:LeaderElection128: Election REJECTED; received 2 response(s) [caeda6cb-6345-44ea-a0d4-5f314a967b77<-d10fc367-6717-4be7-9c4c-7b0b4f4b0759#0:FAIL-t8, caeda6cb-6345-44ea-a0d4-5f314a967b77<-c0eca757-0426-4809-8d60-c283fabf02c6#0:FAIL-t8] and 0 exception(s); caeda6cb-6345-44ea-a0d4-5f314a967b77@group-3A2C0294070D:t8, leader=null, voted=caeda6cb-6345-44ea-a0d4-5f314a967b77, raftlog=caeda6cb-6345-44ea-a0d4-5f314a967b77@group-3A2C0294070D-SegmentedRaftLog:OPENED:c-1,f-1,i0, conf=-1: [d10fc367-6717-4be7-9c4c-7b0b4f4b0759:192.168.36.126:35315, c0eca757-0426-4809-8d60-c283fabf02c6:192.168.36.126:34880, caeda6cb-6345-44ea-a0d4-5f314a967b77:192.168.36.126:40532], old=null
2019-09-25 05:08:17,467 [pool-267-thread-1] INFO  impl.RoleInfo (RoleInfo.java:updateAndGet(143)) - 95dec85b-23b9-41b7-9d30-1b2eb1816676: start FollowerState
2019-09-25 05:08:17,468 [caeda6cb-6345-44ea-a0d4-5f314a967b77@group-3A2C0294070D:LeaderElection128] INFO  impl.RaftServerImpl (RaftServerImpl.java:setRole(174)) - caeda6cb-6345-44ea-a0d4-5f314a967b77@group-3A2C0294070D: changes role from CANDIDATE to FOLLOWER at term 8 for DISCOVERED_A_NEW_TERM
2019-09-25 05:08:17,467 [bc163c1a-f845-4c36-9592-f8e34b91970d@group-8F81A5CD80FE:LeaderElection122] INFO  impl.RaftServerImpl (RaftServerImpl.java:setRole(174)) - bc163c1a-f845-4c36-9592-f8e34b91970d@group-8F81A5CD80FE: changes role from CANDIDATE to FOLLOWER at term 9 for DISCOVERED_A_NEW_TERM
2019-09-25 05:08:17,468 [caeda6cb-6345-44ea-a0d4-5f314a967b77@group-3A2C0294070D:LeaderElection128] INFO  impl.RoleInfo (RoleInfo.java:shutdownLeaderElection(134)) - caeda6cb-6345-44ea-a0d4-5f314a967b77: shutdown LeaderElection
2019-09-25 05:08:17,468 [bc163c1a-f845-4c36-9592-f8e34b91970d@group-8F81A5CD80FE:LeaderElection122] INFO  impl.RoleInfo (RoleInfo.java:shutdownLeaderElection(134)) - bc163c1a-f845-4c36-9592-f8e34b91970d: shutdown LeaderElection
2019-09-25 05:08:17,468 [pool-267-thread-1] INFO  util.JmxRegister (JmxRegister.java:tryRegister(44)) - Successfully registered JMX Bean with object name Ratis:service=RaftServer,group=group-3D9C9E831C33,id=95dec85b-23b9-41b7-9d30-1b2eb1816676
2019-09-25 05:08:17,468 [pool-207-thread-1] INFO  util.JmxRegister (JmxRegister.java:tryRegister(44)) - Successfully registered JMX Bean with object name Ratis:service=RaftServer,group=group-E97B045DFE39,id=0c186508-9ecb-45e3-9dfe-464b7fe9f193
2019-09-25 05:08:17,468 [caeda6cb-6345-44ea-a0d4-5f314a967b77@group-3A2C0294070D:LeaderElection128] INFO  impl.RoleInfo (RoleInfo.java:updateAndGet(143)) - caeda6cb-6345-44ea-a0d4-5f314a967b77: start FollowerState
2019-09-25 05:08:17,468 [bc163c1a-f845-4c36-9592-f8e34b91970d@group-8F81A5CD80FE:LeaderElection122] INFO  impl.RoleInfo (RoleInfo.java:updateAndGet(143)) - bc163c1a-f845-4c36-9592-f8e34b91970d: start FollowerState
2019-09-25 05:08:17,469 [pool-267-thread-1] INFO  impl.RaftServerImpl (RaftServerImpl.java:start(185)) - 95dec85b-23b9-41b7-9d30-1b2eb1816676@group-394B876855A4: start as a follower, conf=-1: [95dec85b-23b9-41b7-9d30-1b2eb1816676:192.168.36.126:33370], old=null
2019-09-25 05:08:17,469 [1e4f299d-27e6-442d-9871-12ab226dd7a8@group-3D9C9E831C33:LeaderElection131] INFO  impl.LeaderElection (LogUtils.java:infoOrTrace(149)) - 1e4f299d-27e6-442d-9871-12ab226dd7a8@group-3D9C9E831C33:LeaderElection131 got exception when requesting votes: {}
java.util.concurrent.ExecutionException: org.apache.ratis.thirdparty.io.grpc.StatusRuntimeException: INTERNAL: 95dec85b-23b9-41b7-9d30-1b2eb1816676@group-3D9C9E831C33 is not in [RUNNING]: current state is NEW
	at java.util.concurrent.FutureTask.report(FutureTask.java:122)
	at java.util.concurrent.FutureTask.get(FutureTask.java:192)
	at org.apache.ratis.server.impl.LeaderElection.waitForResults(LeaderElection.java:263)
	at org.apache.ratis.server.impl.LeaderElection.askForVotes(LeaderElection.java:201)
	at org.apache.ratis.server.impl.LeaderElection.run(LeaderElection.java:133)
	at java.lang.Thread.run(Thread.java:748)
Caused by: org.apache.ratis.thirdparty.io.grpc.StatusRuntimeException: INTERNAL: 95dec85b-23b9-41b7-9d30-1b2eb1816676@group-3D9C9E831C33 is not in [RUNNING]: current state is NEW
	at org.apache.ratis.thirdparty.io.grpc.stub.ClientCalls.toStatusRuntimeException(ClientCalls.java:233)
	at org.apache.ratis.thirdparty.io.grpc.stub.ClientCalls.getUnchecked(ClientCalls.java:214)
	at org.apache.ratis.thirdparty.io.grpc.stub.ClientCalls.blockingUnaryCall(ClientCalls.java:139)
	at org.apache.ratis.proto.grpc.RaftServerProtocolServiceGrpc$RaftServerProtocolServiceBlockingStub.requestVote(RaftServerProtocolServiceGrpc.java:265)
	at org.apache.ratis.grpc.server.GrpcServerProtocolClient.requestVote(GrpcServerProtocolClient.java:90)
	at org.apache.ratis.grpc.server.GrpcService.requestVote(GrpcService.java:204)
	at org.apache.ratis.server.impl.LeaderElection.lambda$submitRequests$1(LeaderElection.java:238)
	at java.util.concurrent.FutureTask.run(FutureTask.java:266)
	at java.util.concurrent.Executors$RunnableAdapter.call(Executors.java:511)
	at java.util.concurrent.FutureTask.run(FutureTask.java:266)
	at java.util.concurrent.ThreadPoolExecutor.runWorker(ThreadPoolExecutor.java:1149)
	at java.util.concurrent.ThreadPoolExecutor$Worker.run(ThreadPoolExecutor.java:624)
	... 1 more
2019-09-25 05:08:17,474 [1e4f299d-27e6-442d-9871-12ab226dd7a8@group-62501194BD52:LeaderElection123] INFO  impl.LeaderElection (LogUtils.java:infoOrTrace(149)) - 1e4f299d-27e6-442d-9871-12ab226dd7a8@group-62501194BD52:LeaderElection123 got exception when requesting votes: {}
java.util.concurrent.ExecutionException: org.apache.ratis.thirdparty.io.grpc.StatusRuntimeException: INTERNAL: 0c186508-9ecb-45e3-9dfe-464b7fe9f193@group-62501194BD52 is not in [RUNNING]: current state is NEW
	at java.util.concurrent.FutureTask.report(FutureTask.java:122)
	at java.util.concurrent.FutureTask.get(FutureTask.java:192)
	at org.apache.ratis.server.impl.LeaderElection.waitForResults(LeaderElection.java:263)
	at org.apache.ratis.server.impl.LeaderElection.askForVotes(LeaderElection.java:201)
	at org.apache.ratis.server.impl.LeaderElection.run(LeaderElection.java:133)
	at java.lang.Thread.run(Thread.java:748)
Caused by: org.apache.ratis.thirdparty.io.grpc.StatusRuntimeException: INTERNAL: 0c186508-9ecb-45e3-9dfe-464b7fe9f193@group-62501194BD52 is not in [RUNNING]: current state is NEW
	at org.apache.ratis.thirdparty.io.grpc.stub.ClientCalls.toStatusRuntimeException(ClientCalls.java:233)
	at org.apache.ratis.thirdparty.io.grpc.stub.ClientCalls.getUnchecked(ClientCalls.java:214)
	at org.apache.ratis.thirdparty.io.grpc.stub.ClientCalls.blockingUnaryCall(ClientCalls.java:139)
	at org.apache.ratis.proto.grpc.RaftServerProtocolServiceGrpc$RaftServerProtocolServiceBlockingStub.requestVote(RaftServerProtocolServiceGrpc.java:265)
	at org.apache.ratis.grpc.server.GrpcServerProtocolClient.requestVote(GrpcServerProtocolClient.java:90)
	at org.apache.ratis.grpc.server.GrpcService.requestVote(GrpcService.java:204)
	at org.apache.ratis.server.impl.LeaderElection.lambda$submitRequests$1(LeaderElection.java:238)
	at java.util.concurrent.FutureTask.run(FutureTask.java:266)
	at java.util.concurrent.Executors$RunnableAdapter.call(Executors.java:511)
	at java.util.concurrent.FutureTask.run(FutureTask.java:266)
	at java.util.concurrent.ThreadPoolExecutor.runWorker(ThreadPoolExecutor.java:1149)
	at java.util.concurrent.ThreadPoolExecutor$Worker.run(ThreadPoolExecutor.java:624)
	... 1 more
2019-09-25 05:08:17,470 [pool-207-thread-1] INFO  impl.RaftServerImpl (RaftServerImpl.java:start(185)) - 0c186508-9ecb-45e3-9dfe-464b7fe9f193@group-3D9C9E831C33: start as a follower, conf=-1: [0c186508-9ecb-45e3-9dfe-464b7fe9f193:192.168.36.126:34098, 95dec85b-23b9-41b7-9d30-1b2eb1816676:192.168.36.126:33370, 1e4f299d-27e6-442d-9871-12ab226dd7a8:192.168.36.126:46862], old=null
2019-09-25 05:08:17,478 [pool-207-thread-1] INFO  impl.RaftServerImpl (RaftServerImpl.java:setRole(174)) - 0c186508-9ecb-45e3-9dfe-464b7fe9f193@group-3D9C9E831C33: changes role from      null to FOLLOWER at term 0 for startAsFollower
2019-09-25 05:08:17,470 [pool-267-thread-1] INFO  impl.RaftServerImpl (RaftServerImpl.java:setRole(174)) - 95dec85b-23b9-41b7-9d30-1b2eb1816676@group-394B876855A4: changes role from      null to FOLLOWER at term 0 for startAsFollower
2019-09-25 05:08:17,478 [pool-207-thread-1] INFO  impl.RoleInfo (RoleInfo.java:updateAndGet(143)) - 0c186508-9ecb-45e3-9dfe-464b7fe9f193: start FollowerState
2019-09-25 05:08:17,478 [1e4f299d-27e6-442d-9871-12ab226dd7a8@group-62501194BD52:LeaderElection123] INFO  impl.LeaderElection (LogUtils.java:infoOrTrace(149)) - 1e4f299d-27e6-442d-9871-12ab226dd7a8@group-62501194BD52:LeaderElection123 got exception when requesting votes: {}
java.util.concurrent.ExecutionException: org.apache.ratis.thirdparty.io.grpc.StatusRuntimeException: INTERNAL: 95dec85b-23b9-41b7-9d30-1b2eb1816676@group-62501194BD52 is not in [RUNNING]: current state is NEW
	at java.util.concurrent.FutureTask.report(FutureTask.java:122)
	at java.util.concurrent.FutureTask.get(FutureTask.java:192)
	at org.apache.ratis.server.impl.LeaderElection.waitForResults(LeaderElection.java:263)
	at org.apache.ratis.server.impl.LeaderElection.askForVotes(LeaderElection.java:201)
	at org.apache.ratis.server.impl.LeaderElection.run(LeaderElection.java:133)
	at java.lang.Thread.run(Thread.java:748)
Caused by: org.apache.ratis.thirdparty.io.grpc.StatusRuntimeException: INTERNAL: 95dec85b-23b9-41b7-9d30-1b2eb1816676@group-62501194BD52 is not in [RUNNING]: current state is NEW
	at org.apache.ratis.thirdparty.io.grpc.stub.ClientCalls.toStatusRuntimeException(ClientCalls.java:233)
	at org.apache.ratis.thirdparty.io.grpc.stub.ClientCalls.getUnchecked(ClientCalls.java:214)
	at org.apache.ratis.thirdparty.io.grpc.stub.ClientCalls.blockingUnaryCall(ClientCalls.java:139)
	at org.apache.ratis.proto.grpc.RaftServerProtocolServiceGrpc$RaftServerProtocolServiceBlockingStub.requestVote(RaftServerProtocolServiceGrpc.java:265)
	at org.apache.ratis.grpc.server.GrpcServerProtocolClient.requestVote(GrpcServerProtocolClient.java:90)
	at org.apache.ratis.grpc.server.GrpcService.requestVote(GrpcService.java:204)
	at org.apache.ratis.server.impl.LeaderElection.lambda$submitRequests$1(LeaderElection.java:238)
	at java.util.concurrent.FutureTask.run(FutureTask.java:266)
	at java.util.concurrent.Executors$RunnableAdapter.call(Executors.java:511)
	at java.util.concurrent.FutureTask.run(FutureTask.java:266)
	at java.util.concurrent.ThreadPoolExecutor.runWorker(ThreadPoolExecutor.java:1149)
	at java.util.concurrent.ThreadPoolExecutor$Worker.run(ThreadPoolExecutor.java:624)
	... 1 more
2019-09-25 05:08:17,474 [1e4f299d-27e6-442d-9871-12ab226dd7a8@group-3D9C9E831C33:LeaderElection131] INFO  impl.LeaderElection (LeaderElection.java:logAndReturn(56)) - 1e4f299d-27e6-442d-9871-12ab226dd7a8@group-3D9C9E831C33:LeaderElection131: Election REJECTED; received 0 response(s) [] and 2 exception(s); 1e4f299d-27e6-442d-9871-12ab226dd7a8@group-3D9C9E831C33:t1, leader=null, voted=1e4f299d-27e6-442d-9871-12ab226dd7a8, raftlog=1e4f299d-27e6-442d-9871-12ab226dd7a8@group-3D9C9E831C33-SegmentedRaftLog:OPENED:c-1,f-1,i0, conf=-1: [0c186508-9ecb-45e3-9dfe-464b7fe9f193:192.168.36.126:34098, 95dec85b-23b9-41b7-9d30-1b2eb1816676:192.168.36.126:33370, 1e4f299d-27e6-442d-9871-12ab226dd7a8:192.168.36.126:46862], old=null
2019-09-25 05:08:17,482 [1e4f299d-27e6-442d-9871-12ab226dd7a8@group-62501194BD52:LeaderElection123] INFO  impl.LeaderElection (LeaderElection.java:logAndReturn(56)) - 1e4f299d-27e6-442d-9871-12ab226dd7a8@group-62501194BD52:LeaderElection123: Election REJECTED; received 0 response(s) [] and 2 exception(s); 1e4f299d-27e6-442d-9871-12ab226dd7a8@group-62501194BD52:t1, leader=null, voted=1e4f299d-27e6-442d-9871-12ab226dd7a8, raftlog=1e4f299d-27e6-442d-9871-12ab226dd7a8@group-62501194BD52-SegmentedRaftLog:OPENED:c-1,f-1,i0, conf=-1: [0c186508-9ecb-45e3-9dfe-464b7fe9f193:192.168.36.126:34098, 95dec85b-23b9-41b7-9d30-1b2eb1816676:192.168.36.126:33370, 1e4f299d-27e6-442d-9871-12ab226dd7a8:192.168.36.126:46862], old=null
2019-09-25 05:08:17,482 [pool-207-thread-1] INFO  util.JmxRegister (JmxRegister.java:tryRegister(44)) - Successfully registered JMX Bean with object name Ratis:service=RaftServer,group=group-3D9C9E831C33,id=0c186508-9ecb-45e3-9dfe-464b7fe9f193
2019-09-25 05:08:17,478 [pool-267-thread-1] INFO  impl.RoleInfo (RoleInfo.java:updateAndGet(143)) - 95dec85b-23b9-41b7-9d30-1b2eb1816676: start FollowerState
2019-09-25 05:08:17,482 [1e4f299d-27e6-442d-9871-12ab226dd7a8@group-62501194BD52:LeaderElection123] INFO  impl.LeaderElection (LogUtils.java:infoOrTrace(149)) -   Exception 0: {}
java.util.concurrent.ExecutionException: org.apache.ratis.thirdparty.io.grpc.StatusRuntimeException: INTERNAL: 0c186508-9ecb-45e3-9dfe-464b7fe9f193@group-62501194BD52 is not in [RUNNING]: current state is NEW
	at java.util.concurrent.FutureTask.report(FutureTask.java:122)
	at java.util.concurrent.FutureTask.get(FutureTask.java:192)
	at org.apache.ratis.server.impl.LeaderElection.waitForResults(LeaderElection.java:263)
	at org.apache.ratis.server.impl.LeaderElection.askForVotes(LeaderElection.java:201)
	at org.apache.ratis.server.impl.LeaderElection.run(LeaderElection.java:133)
	at java.lang.Thread.run(Thread.java:748)
Caused by: org.apache.ratis.thirdparty.io.grpc.StatusRuntimeException: INTERNAL: 0c186508-9ecb-45e3-9dfe-464b7fe9f193@group-62501194BD52 is not in [RUNNING]: current state is NEW
	at org.apache.ratis.thirdparty.io.grpc.stub.ClientCalls.toStatusRuntimeException(ClientCalls.java:233)
	at org.apache.ratis.thirdparty.io.grpc.stub.ClientCalls.getUnchecked(ClientCalls.java:214)
	at org.apache.ratis.thirdparty.io.grpc.stub.ClientCalls.blockingUnaryCall(ClientCalls.java:139)
	at org.apache.ratis.proto.grpc.RaftServerProtocolServiceGrpc$RaftServerProtocolServiceBlockingStub.requestVote(RaftServerProtocolServiceGrpc.java:265)
	at org.apache.ratis.grpc.server.GrpcServerProtocolClient.requestVote(GrpcServerProtocolClient.java:90)
	at org.apache.ratis.grpc.server.GrpcService.requestVote(GrpcService.java:204)
	at org.apache.ratis.server.impl.LeaderElection.lambda$submitRequests$1(LeaderElection.java:238)
	at java.util.concurrent.FutureTask.run(FutureTask.java:266)
	at java.util.concurrent.Executors$RunnableAdapter.call(Executors.java:511)
	at java.util.concurrent.FutureTask.run(FutureTask.java:266)
	at java.util.concurrent.ThreadPoolExecutor.runWorker(ThreadPoolExecutor.java:1149)
	at java.util.concurrent.ThreadPoolExecutor$Worker.run(ThreadPoolExecutor.java:624)
	... 1 more
2019-09-25 05:08:17,482 [1e4f299d-27e6-442d-9871-12ab226dd7a8@group-3D9C9E831C33:LeaderElection131] INFO  impl.LeaderElection (LogUtils.java:infoOrTrace(149)) -   Exception 0: {}
java.util.concurrent.ExecutionException: org.apache.ratis.thirdparty.io.grpc.StatusRuntimeException: INTERNAL: 0c186508-9ecb-45e3-9dfe-464b7fe9f193@group-3D9C9E831C33 is not in [RUNNING]: current state is NEW
	at java.util.concurrent.FutureTask.report(FutureTask.java:122)
	at java.util.concurrent.FutureTask.get(FutureTask.java:192)
	at org.apache.ratis.server.impl.LeaderElection.waitForResults(LeaderElection.java:263)
	at org.apache.ratis.server.impl.LeaderElection.askForVotes(LeaderElection.java:201)
	at org.apache.ratis.server.impl.LeaderElection.run(LeaderElection.java:133)
	at java.lang.Thread.run(Thread.java:748)
Caused by: org.apache.ratis.thirdparty.io.grpc.StatusRuntimeException: INTERNAL: 0c186508-9ecb-45e3-9dfe-464b7fe9f193@group-3D9C9E831C33 is not in [RUNNING]: current state is NEW
	at org.apache.ratis.thirdparty.io.grpc.stub.ClientCalls.toStatusRuntimeException(ClientCalls.java:233)
	at org.apache.ratis.thirdparty.io.grpc.stub.ClientCalls.getUnchecked(ClientCalls.java:214)
	at org.apache.ratis.thirdparty.io.grpc.stub.ClientCalls.blockingUnaryCall(ClientCalls.java:139)
	at org.apache.ratis.proto.grpc.RaftServerProtocolServiceGrpc$RaftServerProtocolServiceBlockingStub.requestVote(RaftServerProtocolServiceGrpc.java:265)
	at org.apache.ratis.grpc.server.GrpcServerProtocolClient.requestVote(GrpcServerProtocolClient.java:90)
	at org.apache.ratis.grpc.server.GrpcService.requestVote(GrpcService.java:204)
	at org.apache.ratis.server.impl.LeaderElection.lambda$submitRequests$1(LeaderElection.java:238)
	at java.util.concurrent.FutureTask.run(FutureTask.java:266)
	at java.util.concurrent.Executors$RunnableAdapter.call(Executors.java:511)
	at java.util.concurrent.FutureTask.run(FutureTask.java:266)
	at java.util.concurrent.ThreadPoolExecutor.runWorker(ThreadPoolExecutor.java:1149)
	at java.util.concurrent.ThreadPoolExecutor$Worker.run(ThreadPoolExecutor.java:624)
	... 1 more
2019-09-25 05:08:17,483 [1e4f299d-27e6-442d-9871-12ab226dd7a8@group-62501194BD52:LeaderElection123] INFO  impl.LeaderElection (LogUtils.java:infoOrTrace(149)) -   Exception 1: {}
java.util.concurrent.ExecutionException: org.apache.ratis.thirdparty.io.grpc.StatusRuntimeException: INTERNAL: 95dec85b-23b9-41b7-9d30-1b2eb1816676@group-62501194BD52 is not in [RUNNING]: current state is NEW
	at java.util.concurrent.FutureTask.report(FutureTask.java:122)
	at java.util.concurrent.FutureTask.get(FutureTask.java:192)
	at org.apache.ratis.server.impl.LeaderElection.waitForResults(LeaderElection.java:263)
	at org.apache.ratis.server.impl.LeaderElection.askForVotes(LeaderElection.java:201)
	at org.apache.ratis.server.impl.LeaderElection.run(LeaderElection.java:133)
	at java.lang.Thread.run(Thread.java:748)
Caused by: org.apache.ratis.thirdparty.io.grpc.StatusRuntimeException: INTERNAL: 95dec85b-23b9-41b7-9d30-1b2eb1816676@group-62501194BD52 is not in [RUNNING]: current state is NEW
	at org.apache.ratis.thirdparty.io.grpc.stub.ClientCalls.toStatusRuntimeException(ClientCalls.java:233)
	at org.apache.ratis.thirdparty.io.grpc.stub.ClientCalls.getUnchecked(ClientCalls.java:214)
	at org.apache.ratis.thirdparty.io.grpc.stub.ClientCalls.blockingUnaryCall(ClientCalls.java:139)
	at org.apache.ratis.proto.grpc.RaftServerProtocolServiceGrpc$RaftServerProtocolServiceBlockingStub.requestVote(RaftServerProtocolServiceGrpc.java:265)
	at org.apache.ratis.grpc.server.GrpcServerProtocolClient.requestVote(GrpcServerProtocolClient.java:90)
	at org.apache.ratis.grpc.server.GrpcService.requestVote(GrpcService.java:204)
	at org.apache.ratis.server.impl.LeaderElection.lambda$submitRequests$1(LeaderElection.java:238)
	at java.util.concurrent.FutureTask.run(FutureTask.java:266)
	at java.util.concurrent.Executors$RunnableAdapter.call(Executors.java:511)
	at java.util.concurrent.FutureTask.run(FutureTask.java:266)
	at java.util.concurrent.ThreadPoolExecutor.runWorker(ThreadPoolExecutor.java:1149)
	at java.util.concurrent.ThreadPoolExecutor$Worker.run(ThreadPoolExecutor.java:624)
	... 1 more
2019-09-25 05:08:17,483 [pool-267-thread-1] INFO  util.JmxRegister (JmxRegister.java:tryRegister(44)) - Successfully registered JMX Bean with object name Ratis:service=RaftServer,group=group-394B876855A4,id=95dec85b-23b9-41b7-9d30-1b2eb1816676
2019-09-25 05:08:17,483 [pool-207-thread-1] INFO  impl.RaftServerImpl (RaftServerImpl.java:start(185)) - 0c186508-9ecb-45e3-9dfe-464b7fe9f193@group-62501194BD52: start as a follower, conf=-1: [0c186508-9ecb-45e3-9dfe-464b7fe9f193:192.168.36.126:34098, 95dec85b-23b9-41b7-9d30-1b2eb1816676:192.168.36.126:33370, 1e4f299d-27e6-442d-9871-12ab226dd7a8:192.168.36.126:46862], old=null
2019-09-25 05:08:17,484 [1e4f299d-27e6-442d-9871-12ab226dd7a8@group-62501194BD52:LeaderElection123] INFO  impl.RaftServerImpl (RaftServerImpl.java:setRole(174)) - 1e4f299d-27e6-442d-9871-12ab226dd7a8@group-62501194BD52: changes role from CANDIDATE to FOLLOWER at term 1 for DISCOVERED_A_NEW_TERM
2019-09-25 05:08:17,484 [1e4f299d-27e6-442d-9871-12ab226dd7a8@group-3D9C9E831C33:LeaderElection131] INFO  impl.LeaderElection (LogUtils.java:infoOrTrace(149)) -   Exception 1: {}
java.util.concurrent.ExecutionException: org.apache.ratis.thirdparty.io.grpc.StatusRuntimeException: INTERNAL: 95dec85b-23b9-41b7-9d30-1b2eb1816676@group-3D9C9E831C33 is not in [RUNNING]: current state is NEW
	at java.util.concurrent.FutureTask.report(FutureTask.java:122)
	at java.util.concurrent.FutureTask.get(FutureTask.java:192)
	at org.apache.ratis.server.impl.LeaderElection.waitForResults(LeaderElection.java:263)
	at org.apache.ratis.server.impl.LeaderElection.askForVotes(LeaderElection.java:201)
	at org.apache.ratis.server.impl.LeaderElection.run(LeaderElection.java:133)
	at java.lang.Thread.run(Thread.java:748)
Caused by: org.apache.ratis.thirdparty.io.grpc.StatusRuntimeException: INTERNAL: 95dec85b-23b9-41b7-9d30-1b2eb1816676@group-3D9C9E831C33 is not in [RUNNING]: current state is NEW
	at org.apache.ratis.thirdparty.io.grpc.stub.ClientCalls.toStatusRuntimeException(ClientCalls.java:233)
	at org.apache.ratis.thirdparty.io.grpc.stub.ClientCalls.getUnchecked(ClientCalls.java:214)
	at org.apache.ratis.thirdparty.io.grpc.stub.ClientCalls.blockingUnaryCall(ClientCalls.java:139)
	at org.apache.ratis.proto.grpc.RaftServerProtocolServiceGrpc$RaftServerProtocolServiceBlockingStub.requestVote(RaftServerProtocolServiceGrpc.java:265)
	at org.apache.ratis.grpc.server.GrpcServerProtocolClient.requestVote(GrpcServerProtocolClient.java:90)
	at org.apache.ratis.grpc.server.GrpcService.requestVote(GrpcService.java:204)
	at org.apache.ratis.server.impl.LeaderElection.lambda$submitRequests$1(LeaderElection.java:238)
	at java.util.concurrent.FutureTask.run(FutureTask.java:266)
	at java.util.concurrent.Executors$RunnableAdapter.call(Executors.java:511)
	at java.util.concurrent.FutureTask.run(FutureTask.java:266)
	at java.util.concurrent.ThreadPoolExecutor.runWorker(ThreadPoolExecutor.java:1149)
	at java.util.concurrent.ThreadPoolExecutor$Worker.run(ThreadPoolExecutor.java:624)
	... 1 more
2019-09-25 05:08:17,485 [pool-267-thread-1] INFO  impl.RaftServerImpl (RaftServerImpl.java:start(185)) - 95dec85b-23b9-41b7-9d30-1b2eb1816676@group-62501194BD52: start as a follower, conf=-1: [0c186508-9ecb-45e3-9dfe-464b7fe9f193:192.168.36.126:34098, 95dec85b-23b9-41b7-9d30-1b2eb1816676:192.168.36.126:33370, 1e4f299d-27e6-442d-9871-12ab226dd7a8:192.168.36.126:46862], old=null
2019-09-25 05:08:17,485 [1e4f299d-27e6-442d-9871-12ab226dd7a8@group-62501194BD52:LeaderElection123] INFO  impl.RoleInfo (RoleInfo.java:shutdownLeaderElection(134)) - 1e4f299d-27e6-442d-9871-12ab226dd7a8: shutdown LeaderElection
2019-09-25 05:08:17,485 [pool-207-thread-1] INFO  impl.RaftServerImpl (RaftServerImpl.java:setRole(174)) - 0c186508-9ecb-45e3-9dfe-464b7fe9f193@group-62501194BD52: changes role from      null to FOLLOWER at term 0 for startAsFollower
2019-09-25 05:08:17,486 [1e4f299d-27e6-442d-9871-12ab226dd7a8@group-62501194BD52:LeaderElection123] INFO  impl.RoleInfo (RoleInfo.java:updateAndGet(143)) - 1e4f299d-27e6-442d-9871-12ab226dd7a8: start FollowerState
2019-09-25 05:08:17,486 [pool-267-thread-1] INFO  impl.RaftServerImpl (RaftServerImpl.java:setRole(174)) - 95dec85b-23b9-41b7-9d30-1b2eb1816676@group-62501194BD52: changes role from      null to FOLLOWER at term 0 for startAsFollower
2019-09-25 05:08:17,485 [1e4f299d-27e6-442d-9871-12ab226dd7a8@group-3D9C9E831C33:LeaderElection131] INFO  impl.RaftServerImpl (RaftServerImpl.java:setRole(174)) - 1e4f299d-27e6-442d-9871-12ab226dd7a8@group-3D9C9E831C33: changes role from CANDIDATE to FOLLOWER at term 1 for DISCOVERED_A_NEW_TERM
2019-09-25 05:08:17,486 [pool-267-thread-1] INFO  impl.RoleInfo (RoleInfo.java:updateAndGet(143)) - 95dec85b-23b9-41b7-9d30-1b2eb1816676: start FollowerState
2019-09-25 05:08:17,486 [pool-207-thread-1] INFO  impl.RoleInfo (RoleInfo.java:updateAndGet(143)) - 0c186508-9ecb-45e3-9dfe-464b7fe9f193: start FollowerState
2019-09-25 05:08:17,486 [1e4f299d-27e6-442d-9871-12ab226dd7a8@group-3D9C9E831C33:LeaderElection131] INFO  impl.RoleInfo (RoleInfo.java:shutdownLeaderElection(134)) - 1e4f299d-27e6-442d-9871-12ab226dd7a8: shutdown LeaderElection
2019-09-25 05:08:17,487 [pool-267-thread-1] INFO  util.JmxRegister (JmxRegister.java:tryRegister(44)) - Successfully registered JMX Bean with object name Ratis:service=RaftServer,group=group-62501194BD52,id=95dec85b-23b9-41b7-9d30-1b2eb1816676
2019-09-25 05:08:17,487 [1e4f299d-27e6-442d-9871-12ab226dd7a8@group-3D9C9E831C33:LeaderElection131] INFO  impl.RoleInfo (RoleInfo.java:updateAndGet(143)) - 1e4f299d-27e6-442d-9871-12ab226dd7a8: start FollowerState
2019-09-25 05:08:17,487 [pool-207-thread-1] INFO  util.JmxRegister (JmxRegister.java:tryRegister(44)) - Successfully registered JMX Bean with object name Ratis:service=RaftServer,group=group-62501194BD52,id=0c186508-9ecb-45e3-9dfe-464b7fe9f193
2019-09-25 05:08:20,414 [1e4f299d-27e6-442d-9871-12ab226dd7a8@group-E97B045DFE39:LeaderElection127] INFO  impl.LeaderElection (LogUtils.java:infoOrTrace(149)) - 1e4f299d-27e6-442d-9871-12ab226dd7a8@group-E97B045DFE39:LeaderElection127 got exception when requesting votes: {}
java.util.concurrent.ExecutionException: org.apache.ratis.thirdparty.io.grpc.StatusRuntimeException: DEADLINE_EXCEEDED: deadline exceeded after 2999761266ns
	at java.util.concurrent.FutureTask.report(FutureTask.java:122)
	at java.util.concurrent.FutureTask.get(FutureTask.java:192)
	at org.apache.ratis.server.impl.LeaderElection.waitForResults(LeaderElection.java:263)
	at org.apache.ratis.server.impl.LeaderElection.askForVotes(LeaderElection.java:201)
	at org.apache.ratis.server.impl.LeaderElection.run(LeaderElection.java:133)
	at java.lang.Thread.run(Thread.java:748)
Caused by: org.apache.ratis.thirdparty.io.grpc.StatusRuntimeException: DEADLINE_EXCEEDED: deadline exceeded after 2999761266ns
	at org.apache.ratis.thirdparty.io.grpc.stub.ClientCalls.toStatusRuntimeException(ClientCalls.java:233)
	at org.apache.ratis.thirdparty.io.grpc.stub.ClientCalls.getUnchecked(ClientCalls.java:214)
	at org.apache.ratis.thirdparty.io.grpc.stub.ClientCalls.blockingUnaryCall(ClientCalls.java:139)
	at org.apache.ratis.proto.grpc.RaftServerProtocolServiceGrpc$RaftServerProtocolServiceBlockingStub.requestVote(RaftServerProtocolServiceGrpc.java:265)
	at org.apache.ratis.grpc.server.GrpcServerProtocolClient.requestVote(GrpcServerProtocolClient.java:90)
	at org.apache.ratis.grpc.server.GrpcService.requestVote(GrpcService.java:204)
	at org.apache.ratis.server.impl.LeaderElection.lambda$submitRequests$1(LeaderElection.java:238)
	at java.util.concurrent.FutureTask.run(FutureTask.java:266)
	at java.util.concurrent.Executors$RunnableAdapter.call(Executors.java:511)
	at java.util.concurrent.FutureTask.run(FutureTask.java:266)
	at java.util.concurrent.ThreadPoolExecutor.runWorker(ThreadPoolExecutor.java:1149)
	at java.util.concurrent.ThreadPoolExecutor$Worker.run(ThreadPoolExecutor.java:624)
	... 1 more
2019-09-25 05:08:20,428 [1e4f299d-27e6-442d-9871-12ab226dd7a8@group-E97B045DFE39:LeaderElection127] INFO  impl.LeaderElection (LeaderElection.java:logAndReturn(56)) - 1e4f299d-27e6-442d-9871-12ab226dd7a8@group-E97B045DFE39:LeaderElection127: Election REJECTED; received 0 response(s) [] and 2 exception(s); 1e4f299d-27e6-442d-9871-12ab226dd7a8@group-E97B045DFE39:t2, leader=null, voted=1e4f299d-27e6-442d-9871-12ab226dd7a8, raftlog=1e4f299d-27e6-442d-9871-12ab226dd7a8@group-E97B045DFE39-SegmentedRaftLog:OPENED:c-1,f-1,i0, conf=-1: [0c186508-9ecb-45e3-9dfe-464b7fe9f193:192.168.36.126:34098, 95dec85b-23b9-41b7-9d30-1b2eb1816676:192.168.36.126:33370, 1e4f299d-27e6-442d-9871-12ab226dd7a8:192.168.36.126:46862], old=null
2019-09-25 05:08:20,428 [1e4f299d-27e6-442d-9871-12ab226dd7a8@group-E97B045DFE39:LeaderElection127] INFO  impl.LeaderElection (LogUtils.java:infoOrTrace(149)) -   Exception 0: {}
java.util.concurrent.ExecutionException: org.apache.ratis.thirdparty.io.grpc.StatusRuntimeException: INTERNAL: 0c186508-9ecb-45e3-9dfe-464b7fe9f193@group-E97B045DFE39 is not in [RUNNING]: current state is NEW
	at java.util.concurrent.FutureTask.report(FutureTask.java:122)
	at java.util.concurrent.FutureTask.get(FutureTask.java:192)
	at org.apache.ratis.server.impl.LeaderElection.waitForResults(LeaderElection.java:263)
	at org.apache.ratis.server.impl.LeaderElection.askForVotes(LeaderElection.java:201)
	at org.apache.ratis.server.impl.LeaderElection.run(LeaderElection.java:133)
	at java.lang.Thread.run(Thread.java:748)
Caused by: org.apache.ratis.thirdparty.io.grpc.StatusRuntimeException: INTERNAL: 0c186508-9ecb-45e3-9dfe-464b7fe9f193@group-E97B045DFE39 is not in [RUNNING]: current state is NEW
	at org.apache.ratis.thirdparty.io.grpc.stub.ClientCalls.toStatusRuntimeException(ClientCalls.java:233)
	at org.apache.ratis.thirdparty.io.grpc.stub.ClientCalls.getUnchecked(ClientCalls.java:214)
	at org.apache.ratis.thirdparty.io.grpc.stub.ClientCalls.blockingUnaryCall(ClientCalls.java:139)
	at org.apache.ratis.proto.grpc.RaftServerProtocolServiceGrpc$RaftServerProtocolServiceBlockingStub.requestVote(RaftServerProtocolServiceGrpc.java:265)
	at org.apache.ratis.grpc.server.GrpcServerProtocolClient.requestVote(GrpcServerProtocolClient.java:90)
	at org.apache.ratis.grpc.server.GrpcService.requestVote(GrpcService.java:204)
	at org.apache.ratis.server.impl.LeaderElection.lambda$submitRequests$1(LeaderElection.java:238)
	at java.util.concurrent.FutureTask.run(FutureTask.java:266)
	at java.util.concurrent.Executors$RunnableAdapter.call(Executors.java:511)
	at java.util.concurrent.FutureTask.run(FutureTask.java:266)
	at java.util.concurrent.ThreadPoolExecutor.runWorker(ThreadPoolExecutor.java:1149)
	at java.util.concurrent.ThreadPoolExecutor$Worker.run(ThreadPoolExecutor.java:624)
	... 1 more
2019-09-25 05:08:20,429 [1e4f299d-27e6-442d-9871-12ab226dd7a8@group-E97B045DFE39:LeaderElection127] INFO  impl.LeaderElection (LogUtils.java:infoOrTrace(149)) -   Exception 1: {}
java.util.concurrent.ExecutionException: org.apache.ratis.thirdparty.io.grpc.StatusRuntimeException: DEADLINE_EXCEEDED: deadline exceeded after 2999761266ns
	at java.util.concurrent.FutureTask.report(FutureTask.java:122)
	at java.util.concurrent.FutureTask.get(FutureTask.java:192)
	at org.apache.ratis.server.impl.LeaderElection.waitForResults(LeaderElection.java:263)
	at org.apache.ratis.server.impl.LeaderElection.askForVotes(LeaderElection.java:201)
	at org.apache.ratis.server.impl.LeaderElection.run(LeaderElection.java:133)
	at java.lang.Thread.run(Thread.java:748)
Caused by: org.apache.ratis.thirdparty.io.grpc.StatusRuntimeException: DEADLINE_EXCEEDED: deadline exceeded after 2999761266ns
	at org.apache.ratis.thirdparty.io.grpc.stub.ClientCalls.toStatusRuntimeException(ClientCalls.java:233)
	at org.apache.ratis.thirdparty.io.grpc.stub.ClientCalls.getUnchecked(ClientCalls.java:214)
	at org.apache.ratis.thirdparty.io.grpc.stub.ClientCalls.blockingUnaryCall(ClientCalls.java:139)
	at org.apache.ratis.proto.grpc.RaftServerProtocolServiceGrpc$RaftServerProtocolServiceBlockingStub.requestVote(RaftServerProtocolServiceGrpc.java:265)
	at org.apache.ratis.grpc.server.GrpcServerProtocolClient.requestVote(GrpcServerProtocolClient.java:90)
	at org.apache.ratis.grpc.server.GrpcService.requestVote(GrpcService.java:204)
	at org.apache.ratis.server.impl.LeaderElection.lambda$submitRequests$1(LeaderElection.java:238)
	at java.util.concurrent.FutureTask.run(FutureTask.java:266)
	at java.util.concurrent.Executors$RunnableAdapter.call(Executors.java:511)
	at java.util.concurrent.FutureTask.run(FutureTask.java:266)
	at java.util.concurrent.ThreadPoolExecutor.runWorker(ThreadPoolExecutor.java:1149)
	at java.util.concurrent.ThreadPoolExecutor$Worker.run(ThreadPoolExecutor.java:624)
	... 1 more
2019-09-25 05:08:20,429 [1e4f299d-27e6-442d-9871-12ab226dd7a8@group-E97B045DFE39:LeaderElection127] INFO  impl.RaftServerImpl (RaftServerImpl.java:setRole(174)) - 1e4f299d-27e6-442d-9871-12ab226dd7a8@group-E97B045DFE39: changes role from CANDIDATE to FOLLOWER at term 2 for DISCOVERED_A_NEW_TERM
2019-09-25 05:08:20,429 [1e4f299d-27e6-442d-9871-12ab226dd7a8@group-E97B045DFE39:LeaderElection127] INFO  impl.RoleInfo (RoleInfo.java:shutdownLeaderElection(134)) - 1e4f299d-27e6-442d-9871-12ab226dd7a8: shutdown LeaderElection
2019-09-25 05:08:20,430 [1e4f299d-27e6-442d-9871-12ab226dd7a8@group-E97B045DFE39:LeaderElection127] INFO  impl.RoleInfo (RoleInfo.java:updateAndGet(143)) - 1e4f299d-27e6-442d-9871-12ab226dd7a8: start FollowerState
2019-09-25 05:08:22,102 [0c186508-9ecb-45e3-9dfe-464b7fe9f193@group-34516644C2A0-SegmentedRaftLogWorker] INFO  segmented.SegmentedRaftLogWorker (SegmentedRaftLogWorker.java:execute(569)) - 0c186508-9ecb-45e3-9dfe-464b7fe9f193@group-34516644C2A0-SegmentedRaftLogWorker: created new log segment /workdir/hadoop-ozone/integration-test/target/test-dir/MiniOzoneClusterImpl-4a5a4de4-737d-4e52-b3c3-543a3eb2b617/datanode-0/data/ratis/0a162389-f87b-4fec-bcf7-34516644c2a0/current/log_inprogress_0
2019-09-25 05:08:22,265 [main] INFO  net.NodeSchemaLoader (NodeSchemaLoader.java:loadSchemaFromFile(125)) - Loading file from sun.misc.CompoundEnumeration@7573b9ee
2019-09-25 05:08:22,265 [main] INFO  net.NodeSchemaLoader (NodeSchemaLoader.java:loadSchema(171)) - Loading network topology layer schema file
2019-09-25 05:08:22,274 [main] INFO  node.SCMNodeManager (SCMNodeManager.java:<init>(114)) - Entering startup safe mode.
2019-09-25 05:08:22,276 [main] INFO  algorithms.ContainerPlacementPolicyFactory (ContainerPlacementPolicyFactory.java:getPolicy(57)) - Create container placement policy of type org.apache.hadoop.hdds.scm.container.placement.algorithms.SCMContainerPlacementRandom
2019-09-25 05:08:22,277 [main] WARN  server.ServerUtils (ServerUtils.java:getScmDbDir(145)) - ozone.scm.db.dirs is not configured. We recommend adding this setting. Falling back to ozone.metadata.dirs instead.
2019-09-25 05:08:22,491 [Thread-1950] INFO  impl.FollowerState (FollowerState.java:run(106)) - 0c186508-9ecb-45e3-9dfe-464b7fe9f193:group-E97B045DFE39 changes to CANDIDATE, lastRpcTime:5023, electionTimeout:5023ms
2019-09-25 05:08:22,492 [Thread-1950] INFO  impl.RoleInfo (RoleInfo.java:shutdownFollowerState(121)) - 0c186508-9ecb-45e3-9dfe-464b7fe9f193: shutdown FollowerState
2019-09-25 05:08:22,492 [Thread-1950] INFO  impl.RaftServerImpl (RaftServerImpl.java:setRole(174)) - 0c186508-9ecb-45e3-9dfe-464b7fe9f193@group-E97B045DFE39: changes role from  FOLLOWER to CANDIDATE at term 0 for changeToCandidate
2019-09-25 05:08:22,492 [Thread-1950] INFO  impl.RoleInfo (RoleInfo.java:updateAndGet(143)) - 0c186508-9ecb-45e3-9dfe-464b7fe9f193: start LeaderElection
2019-09-25 05:08:22,501 [Thread-1955] INFO  impl.FollowerState (FollowerState.java:run(106)) - 0c186508-9ecb-45e3-9dfe-464b7fe9f193:group-3D9C9E831C33 changes to CANDIDATE, lastRpcTime:5022, electionTimeout:5020ms
2019-09-25 05:08:22,501 [Thread-1955] INFO  impl.RoleInfo (RoleInfo.java:shutdownFollowerState(121)) - 0c186508-9ecb-45e3-9dfe-464b7fe9f193: shutdown FollowerState
2019-09-25 05:08:22,501 [Thread-1955] INFO  impl.RaftServerImpl (RaftServerImpl.java:setRole(174)) - 0c186508-9ecb-45e3-9dfe-464b7fe9f193@group-3D9C9E831C33: changes role from  FOLLOWER to CANDIDATE at term 0 for changeToCandidate
2019-09-25 05:08:22,502 [Thread-1955] INFO  impl.RoleInfo (RoleInfo.java:updateAndGet(143)) - 0c186508-9ecb-45e3-9dfe-464b7fe9f193: start LeaderElection
2019-09-25 05:08:22,534 [Thread-1947] INFO  impl.FollowerState (FollowerState.java:run(106)) - d10fc367-6717-4be7-9c4c-7b0b4f4b0759:group-3A2C0294070D changes to CANDIDATE, lastRpcTime:5108, electionTimeout:5108ms
2019-09-25 05:08:22,534 [Thread-1947] INFO  impl.RoleInfo (RoleInfo.java:shutdownFollowerState(121)) - d10fc367-6717-4be7-9c4c-7b0b4f4b0759: shutdown FollowerState
2019-09-25 05:08:22,534 [Thread-1947] INFO  impl.RaftServerImpl (RaftServerImpl.java:setRole(174)) - d10fc367-6717-4be7-9c4c-7b0b4f4b0759@group-3A2C0294070D: changes role from  FOLLOWER to CANDIDATE at term 8 for changeToCandidate
2019-09-25 05:08:22,534 [Thread-1947] INFO  impl.RoleInfo (RoleInfo.java:updateAndGet(143)) - d10fc367-6717-4be7-9c4c-7b0b4f4b0759: start LeaderElection
2019-09-25 05:08:22,536 [Thread-1945] INFO  impl.FollowerState (FollowerState.java:run(106)) - c0eca757-0426-4809-8d60-c283fabf02c6:group-3A2C0294070D changes to CANDIDATE, lastRpcTime:5111, electionTimeout:5111ms
2019-09-25 05:08:22,536 [Thread-1945] INFO  impl.RoleInfo (RoleInfo.java:shutdownFollowerState(121)) - c0eca757-0426-4809-8d60-c283fabf02c6: shutdown FollowerState
2019-09-25 05:08:22,536 [Thread-1945] INFO  impl.RaftServerImpl (RaftServerImpl.java:setRole(174)) - c0eca757-0426-4809-8d60-c283fabf02c6@group-3A2C0294070D: changes role from  FOLLOWER to CANDIDATE at term 8 for changeToCandidate
2019-09-25 05:08:22,536 [Thread-1945] INFO  impl.RoleInfo (RoleInfo.java:updateAndGet(143)) - c0eca757-0426-4809-8d60-c283fabf02c6: start LeaderElection
2019-09-25 05:08:22,545 [Thread-1962] INFO  impl.FollowerState (FollowerState.java:run(106)) - 1e4f299d-27e6-442d-9871-12ab226dd7a8:group-3D9C9E831C33 changes to CANDIDATE, lastRpcTime:5058, electionTimeout:5058ms
2019-09-25 05:08:22,545 [Thread-1962] INFO  impl.RoleInfo (RoleInfo.java:shutdownFollowerState(121)) - 1e4f299d-27e6-442d-9871-12ab226dd7a8: shutdown FollowerState
2019-09-25 05:08:22,545 [Thread-1962] INFO  impl.RaftServerImpl (RaftServerImpl.java:setRole(174)) - 1e4f299d-27e6-442d-9871-12ab226dd7a8@group-3D9C9E831C33: changes role from  FOLLOWER to CANDIDATE at term 1 for changeToCandidate
2019-09-25 05:08:22,546 [Thread-1962] INFO  impl.RoleInfo (RoleInfo.java:updateAndGet(143)) - 1e4f299d-27e6-442d-9871-12ab226dd7a8: start LeaderElection
2019-09-25 05:08:22,573 [Thread-1942] INFO  impl.FollowerState (FollowerState.java:run(106)) - 95dec85b-23b9-41b7-9d30-1b2eb1816676:group-E97B045DFE39 changes to CANDIDATE, lastRpcTime:5153, electionTimeout:5153ms
2019-09-25 05:08:22,573 [Thread-1942] INFO  impl.RoleInfo (RoleInfo.java:shutdownFollowerState(121)) - 95dec85b-23b9-41b7-9d30-1b2eb1816676: shutdown FollowerState
2019-09-25 05:08:22,573 [Thread-1942] INFO  impl.RaftServerImpl (RaftServerImpl.java:setRole(174)) - 95dec85b-23b9-41b7-9d30-1b2eb1816676@group-E97B045DFE39: changes role from  FOLLOWER to CANDIDATE at term 2 for changeToCandidate
2019-09-25 05:08:22,573 [Thread-1942] INFO  impl.RoleInfo (RoleInfo.java:updateAndGet(143)) - 95dec85b-23b9-41b7-9d30-1b2eb1816676: start LeaderElection
2019-09-25 05:08:22,576 [0c186508-9ecb-45e3-9dfe-464b7fe9f193@group-E97B045DFE39:LeaderElection133] INFO  impl.LeaderElection (LeaderElection.java:askForVotes(182)) - 0c186508-9ecb-45e3-9dfe-464b7fe9f193@group-E97B045DFE39:LeaderElection133: begin an election at term 1 for -1: [0c186508-9ecb-45e3-9dfe-464b7fe9f193:192.168.36.126:34098, 95dec85b-23b9-41b7-9d30-1b2eb1816676:192.168.36.126:33370, 1e4f299d-27e6-442d-9871-12ab226dd7a8:192.168.36.126:46862], old=null
2019-09-25 05:08:22,576 [0c186508-9ecb-45e3-9dfe-464b7fe9f193@group-3D9C9E831C33:LeaderElection134] INFO  impl.LeaderElection (LeaderElection.java:askForVotes(182)) - 0c186508-9ecb-45e3-9dfe-464b7fe9f193@group-3D9C9E831C33:LeaderElection134: begin an election at term 1 for -1: [0c186508-9ecb-45e3-9dfe-464b7fe9f193:192.168.36.126:34098, 95dec85b-23b9-41b7-9d30-1b2eb1816676:192.168.36.126:33370, 1e4f299d-27e6-442d-9871-12ab226dd7a8:192.168.36.126:46862], old=null
2019-09-25 05:08:22,578 [main] INFO  pipeline.SCMPipelineManager (SCMPipelineManager.java:initializePipelineState(132)) - No pipeline exists in current db
2019-09-25 05:08:22,579 [main] WARN  server.ServerUtils (ServerUtils.java:getScmDbDir(145)) - ozone.scm.db.dirs is not configured. We recommend adding this setting. Falling back to ozone.metadata.dirs instead.
2019-09-25 05:08:22,581 [Thread-1959] INFO  impl.FollowerState (FollowerState.java:run(106)) - 1e4f299d-27e6-442d-9871-12ab226dd7a8:group-62501194BD52 changes to CANDIDATE, lastRpcTime:5094, electionTimeout:5094ms
2019-09-25 05:08:22,581 [Thread-1959] INFO  impl.RoleInfo (RoleInfo.java:shutdownFollowerState(121)) - 1e4f299d-27e6-442d-9871-12ab226dd7a8: shutdown FollowerState
2019-09-25 05:08:22,581 [Thread-1959] INFO  impl.RaftServerImpl (RaftServerImpl.java:setRole(174)) - 1e4f299d-27e6-442d-9871-12ab226dd7a8@group-62501194BD52: changes role from  FOLLOWER to CANDIDATE at term 1 for changeToCandidate
2019-09-25 05:08:22,581 [Thread-1959] INFO  impl.RoleInfo (RoleInfo.java:updateAndGet(143)) - 1e4f299d-27e6-442d-9871-12ab226dd7a8: start LeaderElection
2019-09-25 05:08:22,583 [Thread-1956] INFO  impl.FollowerState (FollowerState.java:run(106)) - 95dec85b-23b9-41b7-9d30-1b2eb1816676:group-394B876855A4 changes to CANDIDATE, lastRpcTime:5104, electionTimeout:5099ms
2019-09-25 05:08:22,583 [Thread-1956] INFO  impl.RoleInfo (RoleInfo.java:shutdownFollowerState(121)) - 95dec85b-23b9-41b7-9d30-1b2eb1816676: shutdown FollowerState
2019-09-25 05:08:22,583 [Thread-1956] INFO  impl.RaftServerImpl (RaftServerImpl.java:setRole(174)) - 95dec85b-23b9-41b7-9d30-1b2eb1816676@group-394B876855A4: changes role from  FOLLOWER to CANDIDATE at term 0 for changeToCandidate
2019-09-25 05:08:22,584 [Thread-1956] INFO  impl.RoleInfo (RoleInfo.java:updateAndGet(143)) - 95dec85b-23b9-41b7-9d30-1b2eb1816676: start LeaderElection
2019-09-25 05:08:22,595 [0c186508-9ecb-45e3-9dfe-464b7fe9f193@group-E97B045DFE39:LeaderElection133] INFO  impl.LeaderElection (LeaderElection.java:logAndReturn(56)) - 0c186508-9ecb-45e3-9dfe-464b7fe9f193@group-E97B045DFE39:LeaderElection133: Election DISCOVERED_A_NEW_TERM; received 1 response(s) [0c186508-9ecb-45e3-9dfe-464b7fe9f193<-1e4f299d-27e6-442d-9871-12ab226dd7a8#0:FAIL-t2] and 0 exception(s); 0c186508-9ecb-45e3-9dfe-464b7fe9f193@group-E97B045DFE39:t1, leader=null, voted=0c186508-9ecb-45e3-9dfe-464b7fe9f193, raftlog=0c186508-9ecb-45e3-9dfe-464b7fe9f193@group-E97B045DFE39-SegmentedRaftLog:OPENED:c-1,f-1,i0, conf=-1: [0c186508-9ecb-45e3-9dfe-464b7fe9f193:192.168.36.126:34098, 95dec85b-23b9-41b7-9d30-1b2eb1816676:192.168.36.126:33370, 1e4f299d-27e6-442d-9871-12ab226dd7a8:192.168.36.126:46862], old=null
2019-09-25 05:08:22,596 [0c186508-9ecb-45e3-9dfe-464b7fe9f193@group-E97B045DFE39:LeaderElection133] INFO  impl.RaftServerImpl (RaftServerImpl.java:setRole(174)) - 0c186508-9ecb-45e3-9dfe-464b7fe9f193@group-E97B045DFE39: changes role from CANDIDATE to FOLLOWER at term 2 for DISCOVERED_A_NEW_TERM
2019-09-25 05:08:22,600 [grpc-default-executor-5] INFO  impl.RaftServerImpl (RaftServerImpl.java:setRole(174)) - 95dec85b-23b9-41b7-9d30-1b2eb1816676@group-3D9C9E831C33: changes role from  FOLLOWER to FOLLOWER at term 1 for recognizeCandidate:0c186508-9ecb-45e3-9dfe-464b7fe9f193
2019-09-25 05:08:22,600 [0c186508-9ecb-45e3-9dfe-464b7fe9f193@group-E97B045DFE39:LeaderElection133] INFO  impl.RoleInfo (RoleInfo.java:shutdownLeaderElection(134)) - 0c186508-9ecb-45e3-9dfe-464b7fe9f193: shutdown LeaderElection
2019-09-25 05:08:22,600 [Thread-1948] INFO  impl.FollowerState (FollowerState.java:run(106)) - 158ad28b-aa8e-4172-b96b-cbb323932650:group-8F81A5CD80FE changes to CANDIDATE, lastRpcTime:5139, electionTimeout:5138ms
2019-09-25 05:08:22,600 [0c186508-9ecb-45e3-9dfe-464b7fe9f193@group-E97B045DFE39:LeaderElection133] INFO  impl.RoleInfo (RoleInfo.java:updateAndGet(143)) - 0c186508-9ecb-45e3-9dfe-464b7fe9f193: start FollowerState
2019-09-25 05:08:22,600 [grpc-default-executor-5] INFO  impl.RoleInfo (RoleInfo.java:shutdownFollowerState(121)) - 95dec85b-23b9-41b7-9d30-1b2eb1816676: shutdown FollowerState
2019-09-25 05:08:22,600 [Thread-1948] INFO  impl.RoleInfo (RoleInfo.java:shutdownFollowerState(121)) - 158ad28b-aa8e-4172-b96b-cbb323932650: shutdown FollowerState
2019-09-25 05:08:22,601 [grpc-default-executor-5] INFO  impl.RoleInfo (RoleInfo.java:updateAndGet(143)) - 95dec85b-23b9-41b7-9d30-1b2eb1816676: start FollowerState
2019-09-25 05:08:22,601 [Thread-1948] INFO  impl.RaftServerImpl (RaftServerImpl.java:setRole(174)) - 158ad28b-aa8e-4172-b96b-cbb323932650@group-8F81A5CD80FE: changes role from  FOLLOWER to CANDIDATE at term 9 for changeToCandidate
2019-09-25 05:08:22,601 [Thread-1949] INFO  impl.FollowerState (FollowerState.java:run(115)) - 95dec85b-23b9-41b7-9d30-1b2eb1816676: FollowerState was interrupted: java.lang.InterruptedException: sleep interrupted
2019-09-25 05:08:22,601 [Thread-1948] INFO  impl.RoleInfo (RoleInfo.java:updateAndGet(143)) - 158ad28b-aa8e-4172-b96b-cbb323932650: start LeaderElection
2019-09-25 05:08:22,606 [1e4f299d-27e6-442d-9871-12ab226dd7a8@group-3D9C9E831C33:LeaderElection137] INFO  impl.LeaderElection (LeaderElection.java:askForVotes(182)) - 1e4f299d-27e6-442d-9871-12ab226dd7a8@group-3D9C9E831C33:LeaderElection137: begin an election at term 2 for -1: [0c186508-9ecb-45e3-9dfe-464b7fe9f193:192.168.36.126:34098, 95dec85b-23b9-41b7-9d30-1b2eb1816676:192.168.36.126:33370, 1e4f299d-27e6-442d-9871-12ab226dd7a8:192.168.36.126:46862], old=null
2019-09-25 05:08:22,606 [95dec85b-23b9-41b7-9d30-1b2eb1816676@group-E97B045DFE39:LeaderElection138] INFO  impl.LeaderElection (LeaderElection.java:askForVotes(182)) - 95dec85b-23b9-41b7-9d30-1b2eb1816676@group-E97B045DFE39:LeaderElection138: begin an election at term 3 for -1: [0c186508-9ecb-45e3-9dfe-464b7fe9f193:192.168.36.126:34098, 95dec85b-23b9-41b7-9d30-1b2eb1816676:192.168.36.126:33370, 1e4f299d-27e6-442d-9871-12ab226dd7a8:192.168.36.126:46862], old=null
2019-09-25 05:08:22,606 [d10fc367-6717-4be7-9c4c-7b0b4f4b0759@group-3A2C0294070D:LeaderElection135] INFO  impl.LeaderElection (LeaderElection.java:askForVotes(182)) - d10fc367-6717-4be7-9c4c-7b0b4f4b0759@group-3A2C0294070D:LeaderElection135: begin an election at term 9 for -1: [d10fc367-6717-4be7-9c4c-7b0b4f4b0759:192.168.36.126:35315, c0eca757-0426-4809-8d60-c283fabf02c6:192.168.36.126:34880, caeda6cb-6345-44ea-a0d4-5f314a967b77:192.168.36.126:40532], old=null
2019-09-25 05:08:22,606 [c0eca757-0426-4809-8d60-c283fabf02c6@group-3A2C0294070D:LeaderElection136] INFO  impl.LeaderElection (LeaderElection.java:askForVotes(182)) - c0eca757-0426-4809-8d60-c283fabf02c6@group-3A2C0294070D:LeaderElection136: begin an election at term 9 for -1: [d10fc367-6717-4be7-9c4c-7b0b4f4b0759:192.168.36.126:35315, c0eca757-0426-4809-8d60-c283fabf02c6:192.168.36.126:34880, caeda6cb-6345-44ea-a0d4-5f314a967b77:192.168.36.126:40532], old=null
2019-09-25 05:08:22,607 [95dec85b-23b9-41b7-9d30-1b2eb1816676@group-394B876855A4:LeaderElection140] INFO  impl.LeaderElection (LeaderElection.java:askForVotes(182)) - 95dec85b-23b9-41b7-9d30-1b2eb1816676@group-394B876855A4:LeaderElection140: begin an election at term 1 for -1: [95dec85b-23b9-41b7-9d30-1b2eb1816676:192.168.36.126:33370], old=null
2019-09-25 05:08:22,607 [1e4f299d-27e6-442d-9871-12ab226dd7a8@group-62501194BD52:LeaderElection139] INFO  impl.LeaderElection (LeaderElection.java:askForVotes(182)) - 1e4f299d-27e6-442d-9871-12ab226dd7a8@group-62501194BD52:LeaderElection139: begin an election at term 2 for -1: [0c186508-9ecb-45e3-9dfe-464b7fe9f193:192.168.36.126:34098, 95dec85b-23b9-41b7-9d30-1b2eb1816676:192.168.36.126:33370, 1e4f299d-27e6-442d-9871-12ab226dd7a8:192.168.36.126:46862], old=null
2019-09-25 05:08:22,607 [95dec85b-23b9-41b7-9d30-1b2eb1816676@group-394B876855A4:LeaderElection140] INFO  impl.RoleInfo (RoleInfo.java:shutdownLeaderElection(134)) - 95dec85b-23b9-41b7-9d30-1b2eb1816676: shutdown LeaderElection
2019-09-25 05:08:22,607 [158ad28b-aa8e-4172-b96b-cbb323932650@group-8F81A5CD80FE:LeaderElection141] INFO  impl.LeaderElection (LeaderElection.java:askForVotes(182)) - 158ad28b-aa8e-4172-b96b-cbb323932650@group-8F81A5CD80FE:LeaderElection141: begin an election at term 10 for -1: [bc163c1a-f845-4c36-9592-f8e34b91970d:192.168.36.126:38248, 158ad28b-aa8e-4172-b96b-cbb323932650:192.168.36.126:34188, 59abef46-29ea-4eff-a512-e596f80f6db1:192.168.36.126:38401], old=null
2019-09-25 05:08:22,608 [95dec85b-23b9-41b7-9d30-1b2eb1816676@group-394B876855A4:LeaderElection140] INFO  impl.RaftServerImpl (RaftServerImpl.java:setRole(174)) - 95dec85b-23b9-41b7-9d30-1b2eb1816676@group-394B876855A4: changes role from CANDIDATE to LEADER at term 1 for changeToLeader
2019-09-25 05:08:22,607 [0c186508-9ecb-45e3-9dfe-464b7fe9f193@group-3D9C9E831C33:LeaderElection134] INFO  impl.LeaderElection (LeaderElection.java:logAndReturn(56)) - 0c186508-9ecb-45e3-9dfe-464b7fe9f193@group-3D9C9E831C33:LeaderElection134: Election DISCOVERED_A_NEW_TERM; received 1 response(s) [0c186508-9ecb-45e3-9dfe-464b7fe9f193<-1e4f299d-27e6-442d-9871-12ab226dd7a8#0:FAIL-t2] and 0 exception(s); 0c186508-9ecb-45e3-9dfe-464b7fe9f193@group-3D9C9E831C33:t1, leader=null, voted=0c186508-9ecb-45e3-9dfe-464b7fe9f193, raftlog=0c186508-9ecb-45e3-9dfe-464b7fe9f193@group-3D9C9E831C33-SegmentedRaftLog:OPENED:c-1,f-1,i0, conf=-1: [0c186508-9ecb-45e3-9dfe-464b7fe9f193:192.168.36.126:34098, 95dec85b-23b9-41b7-9d30-1b2eb1816676:192.168.36.126:33370, 1e4f299d-27e6-442d-9871-12ab226dd7a8:192.168.36.126:46862], old=null
2019-09-25 05:08:22,608 [95dec85b-23b9-41b7-9d30-1b2eb1816676@group-394B876855A4:LeaderElection140] INFO  impl.RaftServerImpl (ServerState.java:setLeader(253)) - 95dec85b-23b9-41b7-9d30-1b2eb1816676@group-394B876855A4: change Leader from null to 95dec85b-23b9-41b7-9d30-1b2eb1816676 at term 1 for becomeLeader, leader elected after 10637ms
2019-09-25 05:08:22,609 [0c186508-9ecb-45e3-9dfe-464b7fe9f193@group-3D9C9E831C33:LeaderElection134] INFO  impl.RaftServerImpl (RaftServerImpl.java:setRole(174)) - 0c186508-9ecb-45e3-9dfe-464b7fe9f193@group-3D9C9E831C33: changes role from CANDIDATE to FOLLOWER at term 2 for DISCOVERED_A_NEW_TERM
2019-09-25 05:08:22,609 [0c186508-9ecb-45e3-9dfe-464b7fe9f193@group-3D9C9E831C33:LeaderElection134] INFO  impl.RoleInfo (RoleInfo.java:shutdownLeaderElection(134)) - 0c186508-9ecb-45e3-9dfe-464b7fe9f193: shutdown LeaderElection
2019-09-25 05:08:22,610 [0c186508-9ecb-45e3-9dfe-464b7fe9f193@group-3D9C9E831C33:LeaderElection134] INFO  impl.RoleInfo (RoleInfo.java:updateAndGet(143)) - 0c186508-9ecb-45e3-9dfe-464b7fe9f193: start FollowerState
2019-09-25 05:08:22,610 [95dec85b-23b9-41b7-9d30-1b2eb1816676@group-394B876855A4:LeaderElection140] INFO  server.RaftServerConfigKeys (ConfUtils.java:logGet(43)) - raft.server.staging.catchup.gap = 1000 (default)
2019-09-25 05:08:22,610 [Thread-1961] INFO  impl.FollowerState (FollowerState.java:run(106)) - 95dec85b-23b9-41b7-9d30-1b2eb1816676:group-62501194BD52 changes to CANDIDATE, lastRpcTime:5124, electionTimeout:5123ms
2019-09-25 05:08:22,610 [Thread-1946] INFO  impl.FollowerState (FollowerState.java:run(106)) - 59abef46-29ea-4eff-a512-e596f80f6db1:group-8F81A5CD80FE changes to CANDIDATE, lastRpcTime:5186, electionTimeout:5185ms
2019-09-25 05:08:22,610 [95dec85b-23b9-41b7-9d30-1b2eb1816676@group-394B876855A4:LeaderElection140] INFO  server.RaftServerConfigKeys (ConfUtils.java:logGet(43)) - raft.server.rpc.sleep.time = 25ms (default)
2019-09-25 05:08:22,611 [Thread-1946] INFO  impl.RoleInfo (RoleInfo.java:shutdownFollowerState(121)) - 59abef46-29ea-4eff-a512-e596f80f6db1: shutdown FollowerState
2019-09-25 05:08:22,611 [95dec85b-23b9-41b7-9d30-1b2eb1816676@group-394B876855A4:LeaderElection140] INFO  server.RaftServerConfigKeys (ConfUtils.java:logGet(43)) - raft.server.write.element-limit = 4096 (default)
2019-09-25 05:08:22,611 [Thread-1961] INFO  impl.RoleInfo (RoleInfo.java:shutdownFollowerState(121)) - 95dec85b-23b9-41b7-9d30-1b2eb1816676: shutdown FollowerState
2019-09-25 05:08:22,611 [Thread-1946] INFO  impl.RaftServerImpl (RaftServerImpl.java:setRole(174)) - 59abef46-29ea-4eff-a512-e596f80f6db1@group-8F81A5CD80FE: changes role from  FOLLOWER to CANDIDATE at term 9 for changeToCandidate
2019-09-25 05:08:22,612 [95dec85b-23b9-41b7-9d30-1b2eb1816676@group-394B876855A4:LeaderElection140] INFO  server.RaftServerConfigKeys (ConfUtils.java:logGet(43)) - raft.server.watch.timeout = 10s (default)
2019-09-25 05:08:22,611 [grpc-default-executor-3] INFO  impl.RaftServerImpl (RaftServerImpl.java:setRole(174)) - caeda6cb-6345-44ea-a0d4-5f314a967b77@group-3A2C0294070D: changes role from  FOLLOWER to FOLLOWER at term 9 for recognizeCandidate:d10fc367-6717-4be7-9c4c-7b0b4f4b0759
2019-09-25 05:08:22,611 [Thread-1961] INFO  impl.RaftServerImpl (RaftServerImpl.java:setRole(174)) - 95dec85b-23b9-41b7-9d30-1b2eb1816676@group-62501194BD52: changes role from  FOLLOWER to CANDIDATE at term 0 for changeToCandidate
2019-09-25 05:08:22,612 [grpc-default-executor-0] INFO  impl.RaftServerImpl (RaftServerImpl.java:setRole(174)) - bc163c1a-f845-4c36-9592-f8e34b91970d@group-8F81A5CD80FE: changes role from  FOLLOWER to FOLLOWER at term 10 for recognizeCandidate:158ad28b-aa8e-4172-b96b-cbb323932650
2019-09-25 05:08:22,612 [grpc-default-executor-3] INFO  impl.RoleInfo (RoleInfo.java:shutdownFollowerState(121)) - caeda6cb-6345-44ea-a0d4-5f314a967b77: shutdown FollowerState
2019-09-25 05:08:22,612 [95dec85b-23b9-41b7-9d30-1b2eb1816676@group-394B876855A4:LeaderElection140] INFO  server.RaftServerConfigKeys (ConfUtils.java:logGet(43)) - raft.server.watch.timeout.denomination = 1s (default)
2019-09-25 05:08:22,617 [grpc-default-executor-7] INFO  impl.RaftServerImpl (RaftServerImpl.java:setRole(174)) - 0c186508-9ecb-45e3-9dfe-464b7fe9f193@group-62501194BD52: changes role from  FOLLOWER to FOLLOWER at term 2 for recognizeCandidate:1e4f299d-27e6-442d-9871-12ab226dd7a8
2019-09-25 05:08:22,612 [Thread-1946] INFO  impl.RoleInfo (RoleInfo.java:updateAndGet(143)) - 59abef46-29ea-4eff-a512-e596f80f6db1: start LeaderElection
2019-09-25 05:08:22,617 [grpc-default-executor-7] INFO  impl.RoleInfo (RoleInfo.java:shutdownFollowerState(121)) - 0c186508-9ecb-45e3-9dfe-464b7fe9f193: shutdown FollowerState
2019-09-25 05:08:22,617 [95dec85b-23b9-41b7-9d30-1b2eb1816676@group-394B876855A4:LeaderElection140] INFO  server.RaftServerConfigKeys (ConfUtils.java:logGet(43)) - raft.server.watch.element-limit = 65536 (default)
2019-09-25 05:08:22,617 [Thread-1951] INFO  impl.FollowerState (FollowerState.java:run(115)) - caeda6cb-6345-44ea-a0d4-5f314a967b77: FollowerState was interrupted: java.lang.InterruptedException: sleep interrupted
2019-09-25 05:08:22,612 [grpc-default-executor-3] INFO  impl.RoleInfo (RoleInfo.java:updateAndGet(143)) - caeda6cb-6345-44ea-a0d4-5f314a967b77: start FollowerState
2019-09-25 05:08:22,612 [grpc-default-executor-0] INFO  impl.RoleInfo (RoleInfo.java:shutdownFollowerState(121)) - bc163c1a-f845-4c36-9592-f8e34b91970d: shutdown FollowerState
2019-09-25 05:08:22,612 [Thread-1961] INFO  impl.RoleInfo (RoleInfo.java:updateAndGet(143)) - 95dec85b-23b9-41b7-9d30-1b2eb1816676: start LeaderElection
2019-09-25 05:08:22,619 [grpc-default-executor-0] INFO  impl.RoleInfo (RoleInfo.java:updateAndGet(143)) - bc163c1a-f845-4c36-9592-f8e34b91970d: start FollowerState
2019-09-25 05:08:22,618 [Thread-1960] INFO  impl.FollowerState (FollowerState.java:run(115)) - 0c186508-9ecb-45e3-9dfe-464b7fe9f193: FollowerState was interrupted: java.lang.InterruptedException: sleep interrupted
2019-09-25 05:08:22,618 [grpc-default-executor-7] INFO  impl.RoleInfo (RoleInfo.java:updateAndGet(143)) - 0c186508-9ecb-45e3-9dfe-464b7fe9f193: start FollowerState
2019-09-25 05:08:22,618 [grpc-default-executor-4] INFO  impl.RaftServerImpl (RaftServerImpl.java:setRole(174)) - 59abef46-29ea-4eff-a512-e596f80f6db1@group-8F81A5CD80FE: changes role from CANDIDATE to FOLLOWER at term 10 for recognizeCandidate:158ad28b-aa8e-4172-b96b-cbb323932650
2019-09-25 05:08:22,619 [Thread-1952] INFO  impl.FollowerState (FollowerState.java:run(115)) - bc163c1a-f845-4c36-9592-f8e34b91970d: FollowerState was interrupted: java.lang.InterruptedException: sleep interrupted
2019-09-25 05:08:22,628 [grpc-default-executor-4] INFO  impl.RoleInfo (RoleInfo.java:shutdownLeaderElection(134)) - 59abef46-29ea-4eff-a512-e596f80f6db1: shutdown LeaderElection
2019-09-25 05:08:22,624 [grpc-default-executor-8] INFO  impl.RaftServerImpl (RaftServerImpl.java:setRole(174)) - 95dec85b-23b9-41b7-9d30-1b2eb1816676@group-3D9C9E831C33: changes role from  FOLLOWER to FOLLOWER at term 2 for recognizeCandidate:1e4f299d-27e6-442d-9871-12ab226dd7a8
2019-09-25 05:08:22,628 [grpc-default-executor-1] INFO  impl.RaftServerImpl (RaftServerImpl.java:setRole(174)) - 1e4f299d-27e6-442d-9871-12ab226dd7a8@group-E97B045DFE39: changes role from  FOLLOWER to FOLLOWER at term 3 for recognizeCandidate:95dec85b-23b9-41b7-9d30-1b2eb1816676
2019-09-25 05:08:22,629 [grpc-default-executor-8] INFO  impl.RoleInfo (RoleInfo.java:shutdownFollowerState(121)) - 95dec85b-23b9-41b7-9d30-1b2eb1816676: shutdown FollowerState
2019-09-25 05:08:22,629 [grpc-default-executor-4] INFO  impl.RoleInfo (RoleInfo.java:updateAndGet(143)) - 59abef46-29ea-4eff-a512-e596f80f6db1: start FollowerState
2019-09-25 05:08:22,629 [grpc-default-executor-1] INFO  impl.RoleInfo (RoleInfo.java:shutdownFollowerState(121)) - 1e4f299d-27e6-442d-9871-12ab226dd7a8: shutdown FollowerState
2019-09-25 05:08:22,630 [grpc-default-executor-8] INFO  impl.RoleInfo (RoleInfo.java:updateAndGet(143)) - 95dec85b-23b9-41b7-9d30-1b2eb1816676: start FollowerState
2019-09-25 05:08:22,630 [grpc-default-executor-1] INFO  impl.RoleInfo (RoleInfo.java:updateAndGet(143)) - 1e4f299d-27e6-442d-9871-12ab226dd7a8: start FollowerState
2019-09-25 05:08:22,630 [Thread-1979] INFO  impl.FollowerState (FollowerState.java:run(115)) - 95dec85b-23b9-41b7-9d30-1b2eb1816676: FollowerState was interrupted: java.lang.InterruptedException: sleep interrupted
2019-09-25 05:08:22,630 [Thread-1965] INFO  impl.FollowerState (FollowerState.java:run(115)) - 1e4f299d-27e6-442d-9871-12ab226dd7a8: FollowerState was interrupted: java.lang.InterruptedException: sleep interrupted
2019-09-25 05:08:22,630 [grpc-default-executor-9] INFO  impl.RaftServerImpl (RaftServerImpl.java:setRole(174)) - 0c186508-9ecb-45e3-9dfe-464b7fe9f193@group-E97B045DFE39: changes role from  FOLLOWER to FOLLOWER at term 3 for recognizeCandidate:95dec85b-23b9-41b7-9d30-1b2eb1816676
2019-09-25 05:08:22,630 [grpc-default-executor-9] INFO  impl.RoleInfo (RoleInfo.java:shutdownFollowerState(121)) - 0c186508-9ecb-45e3-9dfe-464b7fe9f193: shutdown FollowerState
2019-09-25 05:08:22,631 [grpc-default-executor-9] INFO  impl.RoleInfo (RoleInfo.java:updateAndGet(143)) - 0c186508-9ecb-45e3-9dfe-464b7fe9f193: start FollowerState
2019-09-25 05:08:22,631 [Thread-1978] INFO  impl.FollowerState (FollowerState.java:run(115)) - 0c186508-9ecb-45e3-9dfe-464b7fe9f193: FollowerState was interrupted: java.lang.InterruptedException: sleep interrupted
2019-09-25 05:08:22,827 [grpc-default-executor-5] INFO  impl.RaftServerImpl (RaftServerImpl.java:setRole(174)) - 0c186508-9ecb-45e3-9dfe-464b7fe9f193@group-3D9C9E831C33: changes role from  FOLLOWER to FOLLOWER at term 2 for recognizeCandidate:1e4f299d-27e6-442d-9871-12ab226dd7a8
2019-09-25 05:08:22,848 [grpc-default-executor-5] INFO  impl.RoleInfo (RoleInfo.java:shutdownFollowerState(121)) - 0c186508-9ecb-45e3-9dfe-464b7fe9f193: shutdown FollowerState
2019-09-25 05:08:22,852 [grpc-default-executor-5] INFO  impl.RoleInfo (RoleInfo.java:updateAndGet(143)) - 0c186508-9ecb-45e3-9dfe-464b7fe9f193: start FollowerState
2019-09-25 05:08:22,862 [95dec85b-23b9-41b7-9d30-1b2eb1816676@group-62501194BD52:LeaderElection143] INFO  impl.LeaderElection (LeaderElection.java:askForVotes(182)) - 95dec85b-23b9-41b7-9d30-1b2eb1816676@group-62501194BD52:LeaderElection143: begin an election at term 1 for -1: [0c186508-9ecb-45e3-9dfe-464b7fe9f193:192.168.36.126:34098, 95dec85b-23b9-41b7-9d30-1b2eb1816676:192.168.36.126:33370, 1e4f299d-27e6-442d-9871-12ab226dd7a8:192.168.36.126:46862], old=null
2019-09-25 05:08:22,862 [grpc-default-executor-11] INFO  impl.RaftServerImpl (RaftServerImpl.java:setRole(174)) - 95dec85b-23b9-41b7-9d30-1b2eb1816676@group-62501194BD52: changes role from CANDIDATE to FOLLOWER at term 2 for recognizeCandidate:1e4f299d-27e6-442d-9871-12ab226dd7a8
2019-09-25 05:08:22,871 [c0eca757-0426-4809-8d60-c283fabf02c6@group-3A2C0294070D:LeaderElection136] INFO  impl.LeaderElection (LeaderElection.java:logAndReturn(56)) - c0eca757-0426-4809-8d60-c283fabf02c6@group-3A2C0294070D:LeaderElection136: Election REJECTED; received 2 response(s) [c0eca757-0426-4809-8d60-c283fabf02c6<-d10fc367-6717-4be7-9c4c-7b0b4f4b0759#0:FAIL-t9, c0eca757-0426-4809-8d60-c283fabf02c6<-caeda6cb-6345-44ea-a0d4-5f314a967b77#0:FAIL-t9] and 0 exception(s); c0eca757-0426-4809-8d60-c283fabf02c6@group-3A2C0294070D:t9, leader=null, voted=c0eca757-0426-4809-8d60-c283fabf02c6, raftlog=c0eca757-0426-4809-8d60-c283fabf02c6@group-3A2C0294070D-SegmentedRaftLog:OPENED:c-1,f-1,i0, conf=-1: [d10fc367-6717-4be7-9c4c-7b0b4f4b0759:192.168.36.126:35315, c0eca757-0426-4809-8d60-c283fabf02c6:192.168.36.126:34880, caeda6cb-6345-44ea-a0d4-5f314a967b77:192.168.36.126:40532], old=null
2019-09-25 05:08:22,871 [1e4f299d-27e6-442d-9871-12ab226dd7a8@group-62501194BD52:LeaderElection139] INFO  impl.LeaderElection (LeaderElection.java:logAndReturn(56)) - 1e4f299d-27e6-442d-9871-12ab226dd7a8@group-62501194BD52:LeaderElection139: Election PASSED; received 1 response(s) [1e4f299d-27e6-442d-9871-12ab226dd7a8<-0c186508-9ecb-45e3-9dfe-464b7fe9f193#0:OK-t2] and 0 exception(s); 1e4f299d-27e6-442d-9871-12ab226dd7a8@group-62501194BD52:t2, leader=null, voted=1e4f299d-27e6-442d-9871-12ab226dd7a8, raftlog=1e4f299d-27e6-442d-9871-12ab226dd7a8@group-62501194BD52-SegmentedRaftLog:OPENED:c-1,f-1,i0, conf=-1: [0c186508-9ecb-45e3-9dfe-464b7fe9f193:192.168.36.126:34098, 95dec85b-23b9-41b7-9d30-1b2eb1816676:192.168.36.126:33370, 1e4f299d-27e6-442d-9871-12ab226dd7a8:192.168.36.126:46862], old=null
2019-09-25 05:08:22,862 [d10fc367-6717-4be7-9c4c-7b0b4f4b0759@group-3A2C0294070D:LeaderElection135] INFO  impl.LeaderElection (LeaderElection.java:logAndReturn(56)) - d10fc367-6717-4be7-9c4c-7b0b4f4b0759@group-3A2C0294070D:LeaderElection135: Election PASSED; received 2 response(s) [d10fc367-6717-4be7-9c4c-7b0b4f4b0759<-c0eca757-0426-4809-8d60-c283fabf02c6#0:FAIL-t9, d10fc367-6717-4be7-9c4c-7b0b4f4b0759<-caeda6cb-6345-44ea-a0d4-5f314a967b77#0:OK-t9] and 0 exception(s); d10fc367-6717-4be7-9c4c-7b0b4f4b0759@group-3A2C0294070D:t9, leader=null, voted=d10fc367-6717-4be7-9c4c-7b0b4f4b0759, raftlog=d10fc367-6717-4be7-9c4c-7b0b4f4b0759@group-3A2C0294070D-SegmentedRaftLog:OPENED:c-1,f-1,i0, conf=-1: [d10fc367-6717-4be7-9c4c-7b0b4f4b0759:192.168.36.126:35315, c0eca757-0426-4809-8d60-c283fabf02c6:192.168.36.126:34880, caeda6cb-6345-44ea-a0d4-5f314a967b77:192.168.36.126:40532], old=null
2019-09-25 05:08:22,862 [95dec85b-23b9-41b7-9d30-1b2eb1816676@group-394B876855A4:LeaderElection140] INFO  impl.RoleInfo (RoleInfo.java:updateAndGet(143)) - 95dec85b-23b9-41b7-9d30-1b2eb1816676: start LeaderState
2019-09-25 05:08:22,862 [Thread-1993] INFO  impl.FollowerState (FollowerState.java:run(115)) - 0c186508-9ecb-45e3-9dfe-464b7fe9f193: FollowerState was interrupted: java.lang.InterruptedException: sleep interrupted
2019-09-25 05:08:22,872 [95dec85b-23b9-41b7-9d30-1b2eb1816676@group-E97B045DFE39:LeaderElection138] INFO  impl.LeaderElection (LeaderElection.java:logAndReturn(56)) - 95dec85b-23b9-41b7-9d30-1b2eb1816676@group-E97B045DFE39:LeaderElection138: Election PASSED; received 1 response(s) [95dec85b-23b9-41b7-9d30-1b2eb1816676<-1e4f299d-27e6-442d-9871-12ab226dd7a8#0:OK-t3] and 0 exception(s); 95dec85b-23b9-41b7-9d30-1b2eb1816676@group-E97B045DFE39:t3, leader=null, voted=95dec85b-23b9-41b7-9d30-1b2eb1816676, raftlog=95dec85b-23b9-41b7-9d30-1b2eb1816676@group-E97B045DFE39-SegmentedRaftLog:OPENED:c-1,f-1,i0, conf=-1: [0c186508-9ecb-45e3-9dfe-464b7fe9f193:192.168.36.126:34098, 95dec85b-23b9-41b7-9d30-1b2eb1816676:192.168.36.126:33370, 1e4f299d-27e6-442d-9871-12ab226dd7a8:192.168.36.126:46862], old=null
2019-09-25 05:08:22,872 [d10fc367-6717-4be7-9c4c-7b0b4f4b0759@group-3A2C0294070D:LeaderElection135] INFO  impl.RoleInfo (RoleInfo.java:shutdownLeaderElection(134)) - d10fc367-6717-4be7-9c4c-7b0b4f4b0759: shutdown LeaderElection
2019-09-25 05:08:22,872 [1e4f299d-27e6-442d-9871-12ab226dd7a8@group-62501194BD52:LeaderElection139] INFO  impl.RoleInfo (RoleInfo.java:shutdownLeaderElection(134)) - 1e4f299d-27e6-442d-9871-12ab226dd7a8: shutdown LeaderElection
2019-09-25 05:08:22,871 [c0eca757-0426-4809-8d60-c283fabf02c6@group-3A2C0294070D:LeaderElection136] INFO  impl.RaftServerImpl (RaftServerImpl.java:setRole(174)) - c0eca757-0426-4809-8d60-c283fabf02c6@group-3A2C0294070D: changes role from CANDIDATE to FOLLOWER at term 9 for DISCOVERED_A_NEW_TERM
2019-09-25 05:08:22,871 [grpc-default-executor-11] INFO  impl.RoleInfo (RoleInfo.java:shutdownLeaderElection(134)) - 95dec85b-23b9-41b7-9d30-1b2eb1816676: shutdown LeaderElection
2019-09-25 05:08:22,871 [158ad28b-aa8e-4172-b96b-cbb323932650@group-8F81A5CD80FE:LeaderElection141] INFO  impl.LeaderElection (LeaderElection.java:logAndReturn(56)) - 158ad28b-aa8e-4172-b96b-cbb323932650@group-8F81A5CD80FE:LeaderElection141: Election PASSED; received 1 response(s) [158ad28b-aa8e-4172-b96b-cbb323932650<-bc163c1a-f845-4c36-9592-f8e34b91970d#0:OK-t10] and 0 exception(s); 158ad28b-aa8e-4172-b96b-cbb323932650@group-8F81A5CD80FE:t10, leader=null, voted=158ad28b-aa8e-4172-b96b-cbb323932650, raftlog=158ad28b-aa8e-4172-b96b-cbb323932650@group-8F81A5CD80FE-SegmentedRaftLog:OPENED:c-1,f-1,i0, conf=-1: [bc163c1a-f845-4c36-9592-f8e34b91970d:192.168.36.126:38248, 158ad28b-aa8e-4172-b96b-cbb323932650:192.168.36.126:34188, 59abef46-29ea-4eff-a512-e596f80f6db1:192.168.36.126:38401], old=null
2019-09-25 05:08:22,906 [grpc-default-executor-11] INFO  impl.RoleInfo (RoleInfo.java:updateAndGet(143)) - 95dec85b-23b9-41b7-9d30-1b2eb1816676: start FollowerState
2019-09-25 05:08:22,905 [1e4f299d-27e6-442d-9871-12ab226dd7a8@group-3D9C9E831C33:LeaderElection137] INFO  impl.LeaderElection (LeaderElection.java:logAndReturn(56)) - 1e4f299d-27e6-442d-9871-12ab226dd7a8@group-3D9C9E831C33:LeaderElection137: Election PASSED; received 1 response(s) [1e4f299d-27e6-442d-9871-12ab226dd7a8<-95dec85b-23b9-41b7-9d30-1b2eb1816676#0:OK-t2] and 0 exception(s); 1e4f299d-27e6-442d-9871-12ab226dd7a8@group-3D9C9E831C33:t2, leader=null, voted=1e4f299d-27e6-442d-9871-12ab226dd7a8, raftlog=1e4f299d-27e6-442d-9871-12ab226dd7a8@group-3D9C9E831C33-SegmentedRaftLog:OPENED:c-1,f-1,i0, conf=-1: [0c186508-9ecb-45e3-9dfe-464b7fe9f193:192.168.36.126:34098, 95dec85b-23b9-41b7-9d30-1b2eb1816676:192.168.36.126:33370, 1e4f299d-27e6-442d-9871-12ab226dd7a8:192.168.36.126:46862], old=null
2019-09-25 05:08:22,905 [c0eca757-0426-4809-8d60-c283fabf02c6@group-3A2C0294070D:LeaderElection136] INFO  impl.RoleInfo (RoleInfo.java:shutdownLeaderElection(134)) - c0eca757-0426-4809-8d60-c283fabf02c6: shutdown LeaderElection
2019-09-25 05:08:22,905 [1e4f299d-27e6-442d-9871-12ab226dd7a8@group-62501194BD52:LeaderElection139] INFO  impl.RaftServerImpl (RaftServerImpl.java:setRole(174)) - 1e4f299d-27e6-442d-9871-12ab226dd7a8@group-62501194BD52: changes role from CANDIDATE to LEADER at term 2 for changeToLeader
2019-09-25 05:08:22,905 [95dec85b-23b9-41b7-9d30-1b2eb1816676@group-394B876855A4:LeaderElection140] INFO  segmented.SegmentedRaftLogWorker (SegmentedRaftLogWorker.java:startLogSegment(380)) - 95dec85b-23b9-41b7-9d30-1b2eb1816676@group-394B876855A4-SegmentedRaftLogWorker: Starting segment from index:0
2019-09-25 05:08:22,872 [d10fc367-6717-4be7-9c4c-7b0b4f4b0759@group-3A2C0294070D:LeaderElection135] INFO  impl.RaftServerImpl (RaftServerImpl.java:setRole(174)) - d10fc367-6717-4be7-9c4c-7b0b4f4b0759@group-3A2C0294070D: changes role from CANDIDATE to LEADER at term 9 for changeToLeader
2019-09-25 05:08:22,907 [d10fc367-6717-4be7-9c4c-7b0b4f4b0759@group-3A2C0294070D:LeaderElection135] INFO  impl.RaftServerImpl (ServerState.java:setLeader(253)) - d10fc367-6717-4be7-9c4c-7b0b4f4b0759@group-3A2C0294070D: change Leader from null to d10fc367-6717-4be7-9c4c-7b0b4f4b0759 at term 9 for becomeLeader, leader elected after 64491ms
2019-09-25 05:08:22,872 [95dec85b-23b9-41b7-9d30-1b2eb1816676@group-E97B045DFE39:LeaderElection138] INFO  impl.RoleInfo (RoleInfo.java:shutdownLeaderElection(134)) - 95dec85b-23b9-41b7-9d30-1b2eb1816676: shutdown LeaderElection
2019-09-25 05:08:22,907 [d10fc367-6717-4be7-9c4c-7b0b4f4b0759@group-3A2C0294070D:LeaderElection135] INFO  server.RaftServerConfigKeys (ConfUtils.java:logGet(43)) - raft.server.staging.catchup.gap = 1000 (default)
2019-09-25 05:08:22,906 [1e4f299d-27e6-442d-9871-12ab226dd7a8@group-62501194BD52:LeaderElection139] INFO  impl.RaftServerImpl (ServerState.java:setLeader(253)) - 1e4f299d-27e6-442d-9871-12ab226dd7a8@group-62501194BD52: change Leader from null to 1e4f299d-27e6-442d-9871-12ab226dd7a8 at term 2 for becomeLeader, leader elected after 10936ms
2019-09-25 05:08:22,906 [c0eca757-0426-4809-8d60-c283fabf02c6@group-3A2C0294070D:LeaderElection136] INFO  impl.RoleInfo (RoleInfo.java:updateAndGet(143)) - c0eca757-0426-4809-8d60-c283fabf02c6: start FollowerState
2019-09-25 05:08:22,906 [1e4f299d-27e6-442d-9871-12ab226dd7a8@group-3D9C9E831C33:LeaderElection137] INFO  impl.RoleInfo (RoleInfo.java:shutdownLeaderElection(134)) - 1e4f299d-27e6-442d-9871-12ab226dd7a8: shutdown LeaderElection
2019-09-25 05:08:22,906 [158ad28b-aa8e-4172-b96b-cbb323932650@group-8F81A5CD80FE:LeaderElection141] INFO  impl.RoleInfo (RoleInfo.java:shutdownLeaderElection(134)) - 158ad28b-aa8e-4172-b96b-cbb323932650: shutdown LeaderElection
2019-09-25 05:08:22,907 [1e4f299d-27e6-442d-9871-12ab226dd7a8@group-3D9C9E831C33:LeaderElection137] INFO  impl.RaftServerImpl (RaftServerImpl.java:setRole(174)) - 1e4f299d-27e6-442d-9871-12ab226dd7a8@group-3D9C9E831C33: changes role from CANDIDATE to LEADER at term 2 for changeToLeader
2019-09-25 05:08:22,907 [1e4f299d-27e6-442d-9871-12ab226dd7a8@group-62501194BD52:LeaderElection139] INFO  server.RaftServerConfigKeys (ConfUtils.java:logGet(43)) - raft.server.staging.catchup.gap = 1000 (default)
2019-09-25 05:08:22,907 [95dec85b-23b9-41b7-9d30-1b2eb1816676@group-394B876855A4:LeaderElection140] INFO  impl.RaftServerImpl (ServerState.java:setRaftConf(354)) - 95dec85b-23b9-41b7-9d30-1b2eb1816676@group-394B876855A4: set configuration 0: [95dec85b-23b9-41b7-9d30-1b2eb1816676:192.168.36.126:33370], old=null at 0
2019-09-25 05:08:22,908 [main] WARN  events.EventQueue (EventQueue.java:fireEvent(183)) - No event handler registered for event TypedEvent{payloadType=SafeModeStatus, name='SafeModeStatus'}
2019-09-25 05:08:22,907 [d10fc367-6717-4be7-9c4c-7b0b4f4b0759@group-3A2C0294070D:LeaderElection135] INFO  server.RaftServerConfigKeys (ConfUtils.java:logGet(43)) - raft.server.rpc.sleep.time = 25ms (default)
2019-09-25 05:08:22,907 [95dec85b-23b9-41b7-9d30-1b2eb1816676@group-E97B045DFE39:LeaderElection138] INFO  impl.RaftServerImpl (RaftServerImpl.java:setRole(174)) - 95dec85b-23b9-41b7-9d30-1b2eb1816676@group-E97B045DFE39: changes role from CANDIDATE to LEADER at term 3 for changeToLeader
2019-09-25 05:08:22,954 [d10fc367-6717-4be7-9c4c-7b0b4f4b0759@group-3A2C0294070D:LeaderElection135] INFO  server.RaftServerConfigKeys (ConfUtils.java:logGet(43)) - raft.server.write.element-limit = 4096 (default)
2019-09-25 05:08:22,908 [1e4f299d-27e6-442d-9871-12ab226dd7a8@group-62501194BD52:LeaderElection139] INFO  server.RaftServerConfigKeys (ConfUtils.java:logGet(43)) - raft.server.rpc.sleep.time = 25ms (default)
2019-09-25 05:08:22,908 [1e4f299d-27e6-442d-9871-12ab226dd7a8@group-3D9C9E831C33:LeaderElection137] INFO  impl.RaftServerImpl (ServerState.java:setLeader(253)) - 1e4f299d-27e6-442d-9871-12ab226dd7a8@group-3D9C9E831C33: change Leader from null to 1e4f299d-27e6-442d-9871-12ab226dd7a8 at term 2 for becomeLeader, leader elected after 21497ms
2019-09-25 05:08:22,954 [1e4f299d-27e6-442d-9871-12ab226dd7a8@group-62501194BD52:LeaderElection139] INFO  server.RaftServerConfigKeys (ConfUtils.java:logGet(43)) - raft.server.write.element-limit = 4096 (default)
2019-09-25 05:08:22,907 [158ad28b-aa8e-4172-b96b-cbb323932650@group-8F81A5CD80FE:LeaderElection141] INFO  impl.RaftServerImpl (RaftServerImpl.java:setRole(174)) - 158ad28b-aa8e-4172-b96b-cbb323932650@group-8F81A5CD80FE: changes role from CANDIDATE to LEADER at term 10 for changeToLeader
2019-09-25 05:08:22,954 [1e4f299d-27e6-442d-9871-12ab226dd7a8@group-62501194BD52:LeaderElection139] INFO  server.RaftServerConfigKeys (ConfUtils.java:logGet(43)) - raft.server.watch.timeout = 10s (default)
2019-09-25 05:08:22,954 [1e4f299d-27e6-442d-9871-12ab226dd7a8@group-3D9C9E831C33:LeaderElection137] INFO  server.RaftServerConfigKeys (ConfUtils.java:logGet(43)) - raft.server.staging.catchup.gap = 1000 (default)
2019-09-25 05:08:22,954 [d10fc367-6717-4be7-9c4c-7b0b4f4b0759@group-3A2C0294070D:LeaderElection135] INFO  server.RaftServerConfigKeys (ConfUtils.java:logGet(43)) - raft.server.watch.timeout = 10s (default)
2019-09-25 05:08:22,954 [59abef46-29ea-4eff-a512-e596f80f6db1@group-8F81A5CD80FE:LeaderElection142] INFO  impl.LeaderElection (LeaderElection.java:askForVotes(182)) - 59abef46-29ea-4eff-a512-e596f80f6db1@group-8F81A5CD80FE:LeaderElection142: begin an election at term 11 for -1: [bc163c1a-f845-4c36-9592-f8e34b91970d:192.168.36.126:38248, 158ad28b-aa8e-4172-b96b-cbb323932650:192.168.36.126:34188, 59abef46-29ea-4eff-a512-e596f80f6db1:192.168.36.126:38401], old=null
2019-09-25 05:08:22,954 [95dec85b-23b9-41b7-9d30-1b2eb1816676@group-E97B045DFE39:LeaderElection138] INFO  impl.RaftServerImpl (ServerState.java:setLeader(253)) - 95dec85b-23b9-41b7-9d30-1b2eb1816676@group-E97B045DFE39: change Leader from null to 95dec85b-23b9-41b7-9d30-1b2eb1816676 at term 3 for becomeLeader, leader elected after 27045ms
2019-09-25 05:08:22,955 [main] INFO  ipc.CallQueueManager (CallQueueManager.java:<init>(84)) - Using callQueue: class java.util.concurrent.LinkedBlockingQueue, queueCapacity: 2000, scheduler: class org.apache.hadoop.ipc.DefaultRpcScheduler, ipcBackoff: false.
2019-09-25 05:08:22,955 [d10fc367-6717-4be7-9c4c-7b0b4f4b0759@group-3A2C0294070D:LeaderElection135] INFO  server.RaftServerConfigKeys (ConfUtils.java:logGet(43)) - raft.server.watch.timeout.denomination = 1s (default)
2019-09-25 05:08:22,955 [1e4f299d-27e6-442d-9871-12ab226dd7a8@group-3D9C9E831C33:LeaderElection137] INFO  server.RaftServerConfigKeys (ConfUtils.java:logGet(43)) - raft.server.rpc.sleep.time = 25ms (default)
2019-09-25 05:08:22,955 [1e4f299d-27e6-442d-9871-12ab226dd7a8@group-62501194BD52:LeaderElection139] INFO  server.RaftServerConfigKeys (ConfUtils.java:logGet(43)) - raft.server.watch.timeout.denomination = 1s (default)
2019-09-25 05:08:22,955 [158ad28b-aa8e-4172-b96b-cbb323932650@group-8F81A5CD80FE:LeaderElection141] INFO  impl.RaftServerImpl (ServerState.java:setLeader(253)) - 158ad28b-aa8e-4172-b96b-cbb323932650@group-8F81A5CD80FE: change Leader from null to 158ad28b-aa8e-4172-b96b-cbb323932650 at term 10 for becomeLeader, leader elected after 65248ms
2019-09-25 05:08:22,956 [1e4f299d-27e6-442d-9871-12ab226dd7a8@group-62501194BD52:LeaderElection139] INFO  server.RaftServerConfigKeys (ConfUtils.java:logGet(43)) - raft.server.watch.element-limit = 65536 (default)
2019-09-25 05:08:22,956 [158ad28b-aa8e-4172-b96b-cbb323932650@group-8F81A5CD80FE:LeaderElection141] INFO  server.RaftServerConfigKeys (ConfUtils.java:logGet(43)) - raft.server.staging.catchup.gap = 1000 (default)
2019-09-25 05:08:22,956 [1e4f299d-27e6-442d-9871-12ab226dd7a8@group-3D9C9E831C33:LeaderElection137] INFO  server.RaftServerConfigKeys (ConfUtils.java:logGet(43)) - raft.server.write.element-limit = 4096 (default)
2019-09-25 05:08:22,956 [d10fc367-6717-4be7-9c4c-7b0b4f4b0759@group-3A2C0294070D:LeaderElection135] INFO  server.RaftServerConfigKeys (ConfUtils.java:logGet(43)) - raft.server.watch.element-limit = 65536 (default)
2019-09-25 05:08:22,956 [59abef46-29ea-4eff-a512-e596f80f6db1@group-8F81A5CD80FE:LeaderElection142] INFO  impl.LeaderElection (LeaderElection.java:logAndReturn(56)) - 59abef46-29ea-4eff-a512-e596f80f6db1@group-8F81A5CD80FE:LeaderElection142: Election REJECTED; received 0 response(s) [] and 0 exception(s); 59abef46-29ea-4eff-a512-e596f80f6db1@group-8F81A5CD80FE:t11, leader=null, voted=59abef46-29ea-4eff-a512-e596f80f6db1, raftlog=59abef46-29ea-4eff-a512-e596f80f6db1@group-8F81A5CD80FE-SegmentedRaftLog:OPENED:c-1,f-1,i0, conf=-1: [bc163c1a-f845-4c36-9592-f8e34b91970d:192.168.36.126:38248, 158ad28b-aa8e-4172-b96b-cbb323932650:192.168.36.126:34188, 59abef46-29ea-4eff-a512-e596f80f6db1:192.168.36.126:38401], old=null
2019-09-25 05:08:22,955 [95dec85b-23b9-41b7-9d30-1b2eb1816676@group-E97B045DFE39:LeaderElection138] INFO  server.RaftServerConfigKeys (ConfUtils.java:logGet(43)) - raft.server.staging.catchup.gap = 1000 (default)
2019-09-25 05:08:22,956 [1e4f299d-27e6-442d-9871-12ab226dd7a8@group-3D9C9E831C33:LeaderElection137] INFO  server.RaftServerConfigKeys (ConfUtils.java:logGet(43)) - raft.server.watch.timeout = 10s (default)
2019-09-25 05:08:22,956 [158ad28b-aa8e-4172-b96b-cbb323932650@group-8F81A5CD80FE:LeaderElection141] INFO  server.RaftServerConfigKeys (ConfUtils.java:logGet(43)) - raft.server.rpc.sleep.time = 25ms (default)
2019-09-25 05:08:22,957 [Socket Reader #1 for port 34152] INFO  ipc.Server (Server.java:run(1074)) - Starting Socket Reader #1 for port 34152
2019-09-25 05:08:22,957 [grpc-default-executor-5] INFO  impl.RaftServerImpl (RaftServerImpl.java:setRole(174)) - bc163c1a-f845-4c36-9592-f8e34b91970d@group-8F81A5CD80FE: changes role from  FOLLOWER to FOLLOWER at term 11 for recognizeCandidate:59abef46-29ea-4eff-a512-e596f80f6db1
2019-09-25 05:08:23,002 [grpc-default-executor-5] INFO  impl.RoleInfo (RoleInfo.java:shutdownFollowerState(121)) - bc163c1a-f845-4c36-9592-f8e34b91970d: shutdown FollowerState
2019-09-25 05:08:22,957 [1e4f299d-27e6-442d-9871-12ab226dd7a8@group-3D9C9E831C33:LeaderElection137] INFO  server.RaftServerConfigKeys (ConfUtils.java:logGet(43)) - raft.server.watch.timeout.denomination = 1s (default)
2019-09-25 05:08:23,003 [1e4f299d-27e6-442d-9871-12ab226dd7a8@group-3D9C9E831C33:LeaderElection137] INFO  server.RaftServerConfigKeys (ConfUtils.java:logGet(43)) - raft.server.watch.element-limit = 65536 (default)
2019-09-25 05:08:22,957 [95dec85b-23b9-41b7-9d30-1b2eb1816676@group-E97B045DFE39:LeaderElection138] INFO  server.RaftServerConfigKeys (ConfUtils.java:logGet(43)) - raft.server.rpc.sleep.time = 25ms (default)
2019-09-25 05:08:23,003 [Thread-1999] INFO  impl.FollowerState (FollowerState.java:run(115)) - bc163c1a-f845-4c36-9592-f8e34b91970d: FollowerState was interrupted: java.lang.InterruptedException: sleep interrupted
2019-09-25 05:08:23,003 [grpc-default-executor-5] INFO  impl.RoleInfo (RoleInfo.java:updateAndGet(143)) - bc163c1a-f845-4c36-9592-f8e34b91970d: start FollowerState
2019-09-25 05:08:22,957 [158ad28b-aa8e-4172-b96b-cbb323932650@group-8F81A5CD80FE:LeaderElection141] INFO  server.RaftServerConfigKeys (ConfUtils.java:logGet(43)) - raft.server.write.element-limit = 4096 (default)
2019-09-25 05:08:23,003 [95dec85b-23b9-41b7-9d30-1b2eb1816676@group-E97B045DFE39:LeaderElection138] INFO  server.RaftServerConfigKeys (ConfUtils.java:logGet(43)) - raft.server.write.element-limit = 4096 (default)
2019-09-25 05:08:23,004 [158ad28b-aa8e-4172-b96b-cbb323932650@group-8F81A5CD80FE:LeaderElection141] INFO  server.RaftServerConfigKeys (ConfUtils.java:logGet(43)) - raft.server.watch.timeout = 10s (default)
2019-09-25 05:08:23,004 [95dec85b-23b9-41b7-9d30-1b2eb1816676@group-E97B045DFE39:LeaderElection138] INFO  server.RaftServerConfigKeys (ConfUtils.java:logGet(43)) - raft.server.watch.timeout = 10s (default)
2019-09-25 05:08:23,004 [158ad28b-aa8e-4172-b96b-cbb323932650@group-8F81A5CD80FE:LeaderElection141] INFO  server.RaftServerConfigKeys (ConfUtils.java:logGet(43)) - raft.server.watch.timeout.denomination = 1s (default)
2019-09-25 05:08:23,004 [95dec85b-23b9-41b7-9d30-1b2eb1816676@group-E97B045DFE39:LeaderElection138] INFO  server.RaftServerConfigKeys (ConfUtils.java:logGet(43)) - raft.server.watch.timeout.denomination = 1s (default)
2019-09-25 05:08:23,004 [158ad28b-aa8e-4172-b96b-cbb323932650@group-8F81A5CD80FE:LeaderElection141] INFO  server.RaftServerConfigKeys (ConfUtils.java:logGet(43)) - raft.server.watch.element-limit = 65536 (default)
2019-09-25 05:08:23,005 [95dec85b-23b9-41b7-9d30-1b2eb1816676@group-E97B045DFE39:LeaderElection138] INFO  server.RaftServerConfigKeys (ConfUtils.java:logGet(43)) - raft.server.watch.element-limit = 65536 (default)
2019-09-25 05:08:23,005 [1e4f299d-27e6-442d-9871-12ab226dd7a8@group-62501194BD52:LeaderElection139] INFO  server.RaftServerConfigKeys (ConfUtils.java:logGet(43)) - raft.server.log.appender.snapshot.chunk.size.max = 16MB (=16777216) (default)
2019-09-25 05:08:23,005 [d10fc367-6717-4be7-9c4c-7b0b4f4b0759@group-3A2C0294070D:LeaderElection135] INFO  server.RaftServerConfigKeys (ConfUtils.java:logGet(43)) - raft.server.log.appender.snapshot.chunk.size.max = 16MB (=16777216) (default)
2019-09-25 05:08:23,005 [1e4f299d-27e6-442d-9871-12ab226dd7a8@group-62501194BD52:LeaderElection139] INFO  server.RaftServerConfigKeys (ConfUtils.java:logGet(43)) - raft.server.log.appender.buffer.byte-limit = 33554432 (custom)
2019-09-25 05:08:23,005 [d10fc367-6717-4be7-9c4c-7b0b4f4b0759@group-3A2C0294070D:LeaderElection135] INFO  server.RaftServerConfigKeys (ConfUtils.java:logGet(43)) - raft.server.log.appender.buffer.byte-limit = 33554432 (custom)
2019-09-25 05:08:23,006 [1e4f299d-27e6-442d-9871-12ab226dd7a8@group-62501194BD52:LeaderElection139] INFO  server.RaftServerConfigKeys (ConfUtils.java:logGet(43)) - raft.server.log.appender.buffer.element-limit = 1 (custom)
2019-09-25 05:08:23,006 [d10fc367-6717-4be7-9c4c-7b0b4f4b0759@group-3A2C0294070D:LeaderElection135] INFO  server.RaftServerConfigKeys (ConfUtils.java:logGet(43)) - raft.server.log.appender.buffer.element-limit = 1 (custom)
2019-09-25 05:08:23,006 [main] INFO  ipc.CallQueueManager (CallQueueManager.java:<init>(84)) - Using callQueue: class java.util.concurrent.LinkedBlockingQueue, queueCapacity: 2000, scheduler: class org.apache.hadoop.ipc.DefaultRpcScheduler, ipcBackoff: false.
2019-09-25 05:08:23,006 [d10fc367-6717-4be7-9c4c-7b0b4f4b0759@group-3A2C0294070D:LeaderElection135] INFO  grpc.GrpcConfigKeys$Server (ConfUtils.java:logGet(43)) - raft.grpc.server.leader.outstanding.appends.max = 128 (default)
2019-09-25 05:08:23,006 [1e4f299d-27e6-442d-9871-12ab226dd7a8@group-62501194BD52:LeaderElection139] INFO  grpc.GrpcConfigKeys$Server (ConfUtils.java:logGet(43)) - raft.grpc.server.leader.outstanding.appends.max = 128 (default)
2019-09-25 05:08:23,007 [d10fc367-6717-4be7-9c4c-7b0b4f4b0759@group-3A2C0294070D:LeaderElection135] INFO  server.RaftServerConfigKeys (ConfUtils.java:logGet(43)) - raft.server.rpc.request.timeout = 3000ms (default)
2019-09-25 05:08:23,007 [1e4f299d-27e6-442d-9871-12ab226dd7a8@group-62501194BD52:LeaderElection139] INFO  server.RaftServerConfigKeys (ConfUtils.java:logGet(43)) - raft.server.rpc.request.timeout = 3000ms (default)
2019-09-25 05:08:23,007 [d10fc367-6717-4be7-9c4c-7b0b4f4b0759@group-3A2C0294070D:LeaderElection135] INFO  server.RaftServerConfigKeys (ConfUtils.java:logGet(43)) - raft.server.log.appender.install.snapshot.enabled = false (custom)
2019-09-25 05:08:23,007 [Socket Reader #1 for port 43721] INFO  ipc.Server (Server.java:run(1074)) - Starting Socket Reader #1 for port 43721
2019-09-25 05:08:23,007 [1e4f299d-27e6-442d-9871-12ab226dd7a8@group-62501194BD52:LeaderElection139] INFO  server.RaftServerConfigKeys (ConfUtils.java:logGet(43)) - raft.server.log.appender.install.snapshot.enabled = false (custom)
2019-09-25 05:08:23,012 [d10fc367-6717-4be7-9c4c-7b0b4f4b0759@group-3A2C0294070D:LeaderElection135] INFO  server.RaftServerConfigKeys (ConfUtils.java:logGet(43)) - raft.server.log.appender.snapshot.chunk.size.max = 16MB (=16777216) (default)
2019-09-25 05:08:23,013 [d10fc367-6717-4be7-9c4c-7b0b4f4b0759@group-3A2C0294070D:LeaderElection135] INFO  server.RaftServerConfigKeys (ConfUtils.java:logGet(43)) - raft.server.log.appender.buffer.byte-limit = 33554432 (custom)
2019-09-25 05:08:23,013 [1e4f299d-27e6-442d-9871-12ab226dd7a8@group-62501194BD52:LeaderElection139] INFO  server.RaftServerConfigKeys (ConfUtils.java:logGet(43)) - raft.server.log.appender.snapshot.chunk.size.max = 16MB (=16777216) (default)
2019-09-25 05:08:23,013 [d10fc367-6717-4be7-9c4c-7b0b4f4b0759@group-3A2C0294070D:LeaderElection135] INFO  server.RaftServerConfigKeys (ConfUtils.java:logGet(43)) - raft.server.log.appender.buffer.element-limit = 1 (custom)
2019-09-25 05:08:23,013 [1e4f299d-27e6-442d-9871-12ab226dd7a8@group-62501194BD52:LeaderElection139] INFO  server.RaftServerConfigKeys (ConfUtils.java:logGet(43)) - raft.server.log.appender.buffer.byte-limit = 33554432 (custom)
2019-09-25 05:08:23,013 [d10fc367-6717-4be7-9c4c-7b0b4f4b0759@group-3A2C0294070D:LeaderElection135] INFO  grpc.GrpcConfigKeys$Server (ConfUtils.java:logGet(43)) - raft.grpc.server.leader.outstanding.appends.max = 128 (default)
2019-09-25 05:08:23,013 [1e4f299d-27e6-442d-9871-12ab226dd7a8@group-62501194BD52:LeaderElection139] INFO  server.RaftServerConfigKeys (ConfUtils.java:logGet(43)) - raft.server.log.appender.buffer.element-limit = 1 (custom)
2019-09-25 05:08:23,013 [d10fc367-6717-4be7-9c4c-7b0b4f4b0759@group-3A2C0294070D:LeaderElection135] INFO  server.RaftServerConfigKeys (ConfUtils.java:logGet(43)) - raft.server.rpc.request.timeout = 3000ms (default)
2019-09-25 05:08:23,014 [1e4f299d-27e6-442d-9871-12ab226dd7a8@group-3D9C9E831C33:LeaderElection137] INFO  server.RaftServerConfigKeys (ConfUtils.java:logGet(43)) - raft.server.log.appender.snapshot.chunk.size.max = 16MB (=16777216) (default)
2019-09-25 05:08:23,014 [1e4f299d-27e6-442d-9871-12ab226dd7a8@group-62501194BD52:LeaderElection139] INFO  grpc.GrpcConfigKeys$Server (ConfUtils.java:logGet(43)) - raft.grpc.server.leader.outstanding.appends.max = 128 (default)
2019-09-25 05:08:23,014 [1e4f299d-27e6-442d-9871-12ab226dd7a8@group-3D9C9E831C33:LeaderElection137] INFO  server.RaftServerConfigKeys (ConfUtils.java:logGet(43)) - raft.server.log.appender.buffer.byte-limit = 33554432 (custom)
2019-09-25 05:08:23,014 [main] INFO  ipc.CallQueueManager (CallQueueManager.java:<init>(84)) - Using callQueue: class java.util.concurrent.LinkedBlockingQueue, queueCapacity: 2000, scheduler: class org.apache.hadoop.ipc.DefaultRpcScheduler, ipcBackoff: false.
2019-09-25 05:08:23,014 [d10fc367-6717-4be7-9c4c-7b0b4f4b0759@group-3A2C0294070D:LeaderElection135] INFO  server.RaftServerConfigKeys (ConfUtils.java:logGet(43)) - raft.server.log.appender.install.snapshot.enabled = false (custom)
2019-09-25 05:08:23,014 [95dec85b-23b9-41b7-9d30-1b2eb1816676@group-E97B045DFE39:LeaderElection138] INFO  server.RaftServerConfigKeys (ConfUtils.java:logGet(43)) - raft.server.log.appender.snapshot.chunk.size.max = 16MB (=16777216) (default)
2019-09-25 05:08:23,014 [1e4f299d-27e6-442d-9871-12ab226dd7a8@group-3D9C9E831C33:LeaderElection137] INFO  server.RaftServerConfigKeys (ConfUtils.java:logGet(43)) - raft.server.log.appender.buffer.element-limit = 1 (custom)
2019-09-25 05:08:23,014 [1e4f299d-27e6-442d-9871-12ab226dd7a8@group-62501194BD52:LeaderElection139] INFO  server.RaftServerConfigKeys (ConfUtils.java:logGet(43)) - raft.server.rpc.request.timeout = 3000ms (default)
2019-09-25 05:08:23,015 [1e4f299d-27e6-442d-9871-12ab226dd7a8@group-3D9C9E831C33:LeaderElection137] INFO  grpc.GrpcConfigKeys$Server (ConfUtils.java:logGet(43)) - raft.grpc.server.leader.outstanding.appends.max = 128 (default)
2019-09-25 05:08:23,015 [Socket Reader #1 for port 33242] INFO  ipc.Server (Server.java:run(1074)) - Starting Socket Reader #1 for port 33242
2019-09-25 05:08:23,015 [d10fc367-6717-4be7-9c4c-7b0b4f4b0759@group-3A2C0294070D:LeaderElection135] INFO  impl.RoleInfo (RoleInfo.java:updateAndGet(143)) - d10fc367-6717-4be7-9c4c-7b0b4f4b0759: start LeaderState
2019-09-25 05:08:23,015 [95dec85b-23b9-41b7-9d30-1b2eb1816676@group-E97B045DFE39:LeaderElection138] INFO  server.RaftServerConfigKeys (ConfUtils.java:logGet(43)) - raft.server.log.appender.buffer.byte-limit = 33554432 (custom)
2019-09-25 05:08:23,021 [95dec85b-23b9-41b7-9d30-1b2eb1816676@group-E97B045DFE39:LeaderElection138] INFO  server.RaftServerConfigKeys (ConfUtils.java:logGet(43)) - raft.server.log.appender.buffer.element-limit = 1 (custom)
2019-09-25 05:08:23,015 [158ad28b-aa8e-4172-b96b-cbb323932650@group-8F81A5CD80FE:LeaderElection141] INFO  server.RaftServerConfigKeys (ConfUtils.java:logGet(43)) - raft.server.log.appender.snapshot.chunk.size.max = 16MB (=16777216) (default)
2019-09-25 05:08:23,022 [95dec85b-23b9-41b7-9d30-1b2eb1816676@group-E97B045DFE39:LeaderElection138] INFO  grpc.GrpcConfigKeys$Server (ConfUtils.java:logGet(43)) - raft.grpc.server.leader.outstanding.appends.max = 128 (default)
2019-09-25 05:08:23,021 [d10fc367-6717-4be7-9c4c-7b0b4f4b0759@group-3A2C0294070D:LeaderElection135] INFO  segmented.SegmentedRaftLogWorker (SegmentedRaftLogWorker.java:startLogSegment(380)) - d10fc367-6717-4be7-9c4c-7b0b4f4b0759@group-3A2C0294070D-SegmentedRaftLogWorker: Starting segment from index:0
2019-09-25 05:08:23,015 [1e4f299d-27e6-442d-9871-12ab226dd7a8@group-3D9C9E831C33:LeaderElection137] INFO  server.RaftServerConfigKeys (ConfUtils.java:logGet(43)) - raft.server.rpc.request.timeout = 3000ms (default)
2019-09-25 05:08:23,015 [1e4f299d-27e6-442d-9871-12ab226dd7a8@group-62501194BD52:LeaderElection139] INFO  server.RaftServerConfigKeys (ConfUtils.java:logGet(43)) - raft.server.log.appender.install.snapshot.enabled = false (custom)
2019-09-25 05:08:23,022 [1e4f299d-27e6-442d-9871-12ab226dd7a8@group-3D9C9E831C33:LeaderElection137] INFO  server.RaftServerConfigKeys (ConfUtils.java:logGet(43)) - raft.server.log.appender.install.snapshot.enabled = false (custom)
2019-09-25 05:08:23,022 [95dec85b-23b9-41b7-9d30-1b2eb1816676@group-E97B045DFE39:LeaderElection138] INFO  server.RaftServerConfigKeys (ConfUtils.java:logGet(43)) - raft.server.rpc.request.timeout = 3000ms (default)
2019-09-25 05:08:23,022 [158ad28b-aa8e-4172-b96b-cbb323932650@group-8F81A5CD80FE:LeaderElection141] INFO  server.RaftServerConfigKeys (ConfUtils.java:logGet(43)) - raft.server.log.appender.buffer.byte-limit = 33554432 (custom)
2019-09-25 05:08:23,023 [d10fc367-6717-4be7-9c4c-7b0b4f4b0759@group-3A2C0294070D:LeaderElection135] INFO  impl.RaftServerImpl (ServerState.java:setRaftConf(354)) - d10fc367-6717-4be7-9c4c-7b0b4f4b0759@group-3A2C0294070D: set configuration 0: [d10fc367-6717-4be7-9c4c-7b0b4f4b0759:192.168.36.126:35315, c0eca757-0426-4809-8d60-c283fabf02c6:192.168.36.126:34880, caeda6cb-6345-44ea-a0d4-5f314a967b77:192.168.36.126:40532], old=null at 0
2019-09-25 05:08:23,023 [95dec85b-23b9-41b7-9d30-1b2eb1816676@group-E97B045DFE39:LeaderElection138] INFO  server.RaftServerConfigKeys (ConfUtils.java:logGet(43)) - raft.server.log.appender.install.snapshot.enabled = false (custom)
2019-09-25 05:08:23,023 [main] INFO  hdfs.DFSUtil (DFSUtil.java:httpServerTemplateForNNAndJN(1641)) - Starting Web-server for scm at: http://0.0.0.0:0
2019-09-25 05:08:23,023 [1e4f299d-27e6-442d-9871-12ab226dd7a8@group-3D9C9E831C33:LeaderElection137] INFO  server.RaftServerConfigKeys (ConfUtils.java:logGet(43)) - raft.server.log.appender.snapshot.chunk.size.max = 16MB (=16777216) (default)
2019-09-25 05:08:23,023 [1e4f299d-27e6-442d-9871-12ab226dd7a8@group-62501194BD52:LeaderElection139] INFO  impl.RoleInfo (RoleInfo.java:updateAndGet(143)) - 1e4f299d-27e6-442d-9871-12ab226dd7a8: start LeaderState
2019-09-25 05:08:23,025 [1e4f299d-27e6-442d-9871-12ab226dd7a8@group-3D9C9E831C33:LeaderElection137] INFO  server.RaftServerConfigKeys (ConfUtils.java:logGet(43)) - raft.server.log.appender.buffer.byte-limit = 33554432 (custom)
2019-09-25 05:08:23,024 [95dec85b-23b9-41b7-9d30-1b2eb1816676@group-E97B045DFE39:LeaderElection138] INFO  server.RaftServerConfigKeys (ConfUtils.java:logGet(43)) - raft.server.log.appender.snapshot.chunk.size.max = 16MB (=16777216) (default)
2019-09-25 05:08:23,024 [158ad28b-aa8e-4172-b96b-cbb323932650@group-8F81A5CD80FE:LeaderElection141] INFO  server.RaftServerConfigKeys (ConfUtils.java:logGet(43)) - raft.server.log.appender.buffer.element-limit = 1 (custom)
2019-09-25 05:08:23,025 [95dec85b-23b9-41b7-9d30-1b2eb1816676@group-E97B045DFE39:LeaderElection138] INFO  server.RaftServerConfigKeys (ConfUtils.java:logGet(43)) - raft.server.log.appender.buffer.byte-limit = 33554432 (custom)
2019-09-25 05:08:23,025 [1e4f299d-27e6-442d-9871-12ab226dd7a8@group-3D9C9E831C33:LeaderElection137] INFO  server.RaftServerConfigKeys (ConfUtils.java:logGet(43)) - raft.server.log.appender.buffer.element-limit = 1 (custom)
2019-09-25 05:08:23,025 [1e4f299d-27e6-442d-9871-12ab226dd7a8@group-62501194BD52:LeaderElection139] INFO  segmented.SegmentedRaftLogWorker (SegmentedRaftLogWorker.java:startLogSegment(380)) - 1e4f299d-27e6-442d-9871-12ab226dd7a8@group-62501194BD52-SegmentedRaftLogWorker: Starting segment from index:0
2019-09-25 05:08:23,026 [1e4f299d-27e6-442d-9871-12ab226dd7a8@group-3D9C9E831C33:LeaderElection137] INFO  grpc.GrpcConfigKeys$Server (ConfUtils.java:logGet(43)) - raft.grpc.server.leader.outstanding.appends.max = 128 (default)
2019-09-25 05:08:23,027 [1e4f299d-27e6-442d-9871-12ab226dd7a8@group-3D9C9E831C33:LeaderElection137] INFO  server.RaftServerConfigKeys (ConfUtils.java:logGet(43)) - raft.server.rpc.request.timeout = 3000ms (default)
2019-09-25 05:08:23,026 [grpc-default-executor-9] INFO  impl.RaftServerImpl (ServerState.java:setLeader(253)) - c0eca757-0426-4809-8d60-c283fabf02c6@group-3A2C0294070D: change Leader from null to d10fc367-6717-4be7-9c4c-7b0b4f4b0759 at term 9 for appendEntries, leader elected after 64610ms
2019-09-25 05:08:23,028 [main] INFO  server.AuthenticationFilter (AuthenticationFilter.java:constructSecretProvider(240)) - Unable to initialize FileSignerSecretProvider, falling back to use random secrets.
2019-09-25 05:08:23,026 [95dec85b-23b9-41b7-9d30-1b2eb1816676@group-E97B045DFE39:LeaderElection138] INFO  server.RaftServerConfigKeys (ConfUtils.java:logGet(43)) - raft.server.log.appender.buffer.element-limit = 1 (custom)
2019-09-25 05:08:23,026 [158ad28b-aa8e-4172-b96b-cbb323932650@group-8F81A5CD80FE:LeaderElection141] INFO  grpc.GrpcConfigKeys$Server (ConfUtils.java:logGet(43)) - raft.grpc.server.leader.outstanding.appends.max = 128 (default)
2019-09-25 05:08:23,029 [95dec85b-23b9-41b7-9d30-1b2eb1816676@group-E97B045DFE39:LeaderElection138] INFO  grpc.GrpcConfigKeys$Server (ConfUtils.java:logGet(43)) - raft.grpc.server.leader.outstanding.appends.max = 128 (default)
2019-09-25 05:08:23,027 [1e4f299d-27e6-442d-9871-12ab226dd7a8@group-62501194BD52:LeaderElection139] INFO  impl.RaftServerImpl (ServerState.java:setRaftConf(354)) - 1e4f299d-27e6-442d-9871-12ab226dd7a8@group-62501194BD52: set configuration 0: [0c186508-9ecb-45e3-9dfe-464b7fe9f193:192.168.36.126:34098, 95dec85b-23b9-41b7-9d30-1b2eb1816676:192.168.36.126:33370, 1e4f299d-27e6-442d-9871-12ab226dd7a8:192.168.36.126:46862], old=null at 0
2019-09-25 05:08:23,027 [grpc-default-executor-1] INFO  impl.RaftServerImpl (ServerState.java:setLeader(253)) - caeda6cb-6345-44ea-a0d4-5f314a967b77@group-3A2C0294070D: change Leader from null to d10fc367-6717-4be7-9c4c-7b0b4f4b0759 at term 9 for appendEntries, leader elected after 64610ms
2019-09-25 05:08:23,027 [1e4f299d-27e6-442d-9871-12ab226dd7a8@group-3D9C9E831C33:LeaderElection137] INFO  server.RaftServerConfigKeys (ConfUtils.java:logGet(43)) - raft.server.log.appender.install.snapshot.enabled = false (custom)
2019-09-25 05:08:23,062 [95dec85b-23b9-41b7-9d30-1b2eb1816676@group-E97B045DFE39:LeaderElection138] INFO  server.RaftServerConfigKeys (ConfUtils.java:logGet(43)) - raft.server.rpc.request.timeout = 3000ms (default)
2019-09-25 05:08:23,061 [grpc-default-executor-4] INFO  impl.RaftServerImpl (ServerState.java:setLeader(253)) - 0c186508-9ecb-45e3-9dfe-464b7fe9f193@group-62501194BD52: change Leader from null to 1e4f299d-27e6-442d-9871-12ab226dd7a8 at term 2 for appendEntries, leader elected after 5650ms
2019-09-25 05:08:23,030 [main] WARN  http.HttpRequestLog (HttpRequestLog.java:getRequestLog(97)) - Jetty request log can only be enabled using Log4j
2019-09-25 05:08:23,029 [158ad28b-aa8e-4172-b96b-cbb323932650@group-8F81A5CD80FE:LeaderElection141] INFO  server.RaftServerConfigKeys (ConfUtils.java:logGet(43)) - raft.server.rpc.request.timeout = 3000ms (default)
2019-09-25 05:08:23,063 [95dec85b-23b9-41b7-9d30-1b2eb1816676@group-E97B045DFE39:LeaderElection138] INFO  server.RaftServerConfigKeys (ConfUtils.java:logGet(43)) - raft.server.log.appender.install.snapshot.enabled = false (custom)
2019-09-25 05:08:23,063 [1e4f299d-27e6-442d-9871-12ab226dd7a8@group-3D9C9E831C33:LeaderElection137] INFO  impl.RoleInfo (RoleInfo.java:updateAndGet(143)) - 1e4f299d-27e6-442d-9871-12ab226dd7a8: start LeaderState
2019-09-25 05:08:23,064 [158ad28b-aa8e-4172-b96b-cbb323932650@group-8F81A5CD80FE:LeaderElection141] INFO  server.RaftServerConfigKeys (ConfUtils.java:logGet(43)) - raft.server.log.appender.install.snapshot.enabled = false (custom)
2019-09-25 05:08:23,064 [1e4f299d-27e6-442d-9871-12ab226dd7a8@group-3D9C9E831C33:LeaderElection137] INFO  segmented.SegmentedRaftLogWorker (SegmentedRaftLogWorker.java:startLogSegment(380)) - 1e4f299d-27e6-442d-9871-12ab226dd7a8@group-3D9C9E831C33-SegmentedRaftLogWorker: Starting segment from index:0
2019-09-25 05:08:23,064 [95dec85b-23b9-41b7-9d30-1b2eb1816676@group-E97B045DFE39:LeaderElection138] INFO  impl.RoleInfo (RoleInfo.java:updateAndGet(143)) - 95dec85b-23b9-41b7-9d30-1b2eb1816676: start LeaderState
2019-09-25 05:08:23,064 [158ad28b-aa8e-4172-b96b-cbb323932650@group-8F81A5CD80FE:LeaderElection141] INFO  server.RaftServerConfigKeys (ConfUtils.java:logGet(43)) - raft.server.log.appender.snapshot.chunk.size.max = 16MB (=16777216) (default)
2019-09-25 05:08:23,064 [grpc-default-executor-4] INFO  impl.RaftServerImpl (ServerState.java:setRaftConf(354)) - caeda6cb-6345-44ea-a0d4-5f314a967b77@group-3A2C0294070D: set configuration 0: [d10fc367-6717-4be7-9c4c-7b0b4f4b0759:192.168.36.126:35315, c0eca757-0426-4809-8d60-c283fabf02c6:192.168.36.126:34880, caeda6cb-6345-44ea-a0d4-5f314a967b77:192.168.36.126:40532], old=null at 0
2019-09-25 05:08:23,064 [95dec85b-23b9-41b7-9d30-1b2eb1816676@group-E97B045DFE39:LeaderElection138] INFO  segmented.SegmentedRaftLogWorker (SegmentedRaftLogWorker.java:startLogSegment(380)) - 95dec85b-23b9-41b7-9d30-1b2eb1816676@group-E97B045DFE39-SegmentedRaftLogWorker: Starting segment from index:0
2019-09-25 05:08:23,064 [grpc-default-executor-9] INFO  impl.RaftServerImpl (ServerState.java:setRaftConf(354)) - c0eca757-0426-4809-8d60-c283fabf02c6@group-3A2C0294070D: set configuration 0: [d10fc367-6717-4be7-9c4c-7b0b4f4b0759:192.168.36.126:35315, c0eca757-0426-4809-8d60-c283fabf02c6:192.168.36.126:34880, caeda6cb-6345-44ea-a0d4-5f314a967b77:192.168.36.126:40532], old=null at 0
2019-09-25 05:08:23,065 [grpc-default-executor-4] INFO  segmented.SegmentedRaftLogWorker (SegmentedRaftLogWorker.java:startLogSegment(380)) - caeda6cb-6345-44ea-a0d4-5f314a967b77@group-3A2C0294070D-SegmentedRaftLogWorker: Starting segment from index:0
2019-09-25 05:08:23,065 [1e4f299d-27e6-442d-9871-12ab226dd7a8@group-3D9C9E831C33:LeaderElection137] INFO  impl.RaftServerImpl (ServerState.java:setRaftConf(354)) - 1e4f299d-27e6-442d-9871-12ab226dd7a8@group-3D9C9E831C33: set configuration 0: [0c186508-9ecb-45e3-9dfe-464b7fe9f193:192.168.36.126:34098, 95dec85b-23b9-41b7-9d30-1b2eb1816676:192.168.36.126:33370, 1e4f299d-27e6-442d-9871-12ab226dd7a8:192.168.36.126:46862], old=null at 0
2019-09-25 05:08:23,065 [158ad28b-aa8e-4172-b96b-cbb323932650@group-8F81A5CD80FE:LeaderElection141] INFO  server.RaftServerConfigKeys (ConfUtils.java:logGet(43)) - raft.server.log.appender.buffer.byte-limit = 33554432 (custom)
2019-09-25 05:08:23,066 [95dec85b-23b9-41b7-9d30-1b2eb1816676@group-E97B045DFE39:LeaderElection138] INFO  impl.RaftServerImpl (ServerState.java:setRaftConf(354)) - 95dec85b-23b9-41b7-9d30-1b2eb1816676@group-E97B045DFE39: set configuration 0: [0c186508-9ecb-45e3-9dfe-464b7fe9f193:192.168.36.126:34098, 95dec85b-23b9-41b7-9d30-1b2eb1816676:192.168.36.126:33370, 1e4f299d-27e6-442d-9871-12ab226dd7a8:192.168.36.126:46862], old=null at 0
2019-09-25 05:08:23,065 [grpc-default-executor-9] INFO  segmented.SegmentedRaftLogWorker (SegmentedRaftLogWorker.java:startLogSegment(380)) - c0eca757-0426-4809-8d60-c283fabf02c6@group-3A2C0294070D-SegmentedRaftLogWorker: Starting segment from index:0
2019-09-25 05:08:23,066 [grpc-default-executor-7] INFO  impl.RaftServerImpl (ServerState.java:setRaftConf(354)) - 0c186508-9ecb-45e3-9dfe-464b7fe9f193@group-62501194BD52: set configuration 0: [0c186508-9ecb-45e3-9dfe-464b7fe9f193:192.168.36.126:34098, 95dec85b-23b9-41b7-9d30-1b2eb1816676:192.168.36.126:33370, 1e4f299d-27e6-442d-9871-12ab226dd7a8:192.168.36.126:46862], old=null at 0
2019-09-25 05:08:23,066 [158ad28b-aa8e-4172-b96b-cbb323932650@group-8F81A5CD80FE:LeaderElection141] INFO  server.RaftServerConfigKeys (ConfUtils.java:logGet(43)) - raft.server.log.appender.buffer.element-limit = 1 (custom)
2019-09-25 05:08:23,067 [grpc-default-executor-9] INFO  impl.RaftServerImpl (ServerState.java:setLeader(253)) - 0c186508-9ecb-45e3-9dfe-464b7fe9f193@group-3D9C9E831C33: change Leader from null to 1e4f299d-27e6-442d-9871-12ab226dd7a8 at term 2 for appendEntries, leader elected after 11096ms
2019-09-25 05:08:23,066 [grpc-default-executor-7] INFO  segmented.SegmentedRaftLogWorker (SegmentedRaftLogWorker.java:startLogSegment(380)) - 0c186508-9ecb-45e3-9dfe-464b7fe9f193@group-62501194BD52-SegmentedRaftLogWorker: Starting segment from index:0
2019-09-25 05:08:23,067 [158ad28b-aa8e-4172-b96b-cbb323932650@group-8F81A5CD80FE:LeaderElection141] INFO  grpc.GrpcConfigKeys$Server (ConfUtils.java:logGet(43)) - raft.grpc.server.leader.outstanding.appends.max = 128 (default)
2019-09-25 05:08:23,067 [main] INFO  http.HttpServer2 (HttpServer2.java:addGlobalFilter(975)) - Added global filter 'safety' (class=org.apache.hadoop.http.HttpServer2$QuotingInputFilter)
2019-09-25 05:08:23,067 [grpc-default-executor-7] INFO  impl.RaftServerImpl (ServerState.java:setLeader(253)) - 95dec85b-23b9-41b7-9d30-1b2eb1816676@group-3D9C9E831C33: change Leader from null to 1e4f299d-27e6-442d-9871-12ab226dd7a8 at term 2 for appendEntries, leader elected after 21656ms
2019-09-25 05:08:23,067 [158ad28b-aa8e-4172-b96b-cbb323932650@group-8F81A5CD80FE:LeaderElection141] INFO  server.RaftServerConfigKeys (ConfUtils.java:logGet(43)) - raft.server.rpc.request.timeout = 3000ms (default)
2019-09-25 05:08:23,068 [158ad28b-aa8e-4172-b96b-cbb323932650@group-8F81A5CD80FE:LeaderElection141] INFO  server.RaftServerConfigKeys (ConfUtils.java:logGet(43)) - raft.server.log.appender.install.snapshot.enabled = false (custom)
2019-09-25 05:08:23,068 [grpc-default-executor-7] INFO  impl.RaftServerImpl (ServerState.java:setLeader(253)) - 1e4f299d-27e6-442d-9871-12ab226dd7a8@group-E97B045DFE39: change Leader from null to 95dec85b-23b9-41b7-9d30-1b2eb1816676 at term 3 for appendEntries, leader elected after 27163ms
2019-09-25 05:08:23,068 [main] INFO  http.HttpServer2 (HttpServer2.java:addFilter(948)) - Added filter static_user_filter (class=org.apache.hadoop.http.lib.StaticUserWebFilter$StaticUserFilter) to context scm
2019-09-25 05:08:23,068 [158ad28b-aa8e-4172-b96b-cbb323932650@group-8F81A5CD80FE:LeaderElection141] INFO  impl.RoleInfo (RoleInfo.java:updateAndGet(143)) - 158ad28b-aa8e-4172-b96b-cbb323932650: start LeaderState
2019-09-25 05:08:23,069 [main] INFO  http.HttpServer2 (HttpServer2.java:addFilter(958)) - Added filter static_user_filter (class=org.apache.hadoop.http.lib.StaticUserWebFilter$StaticUserFilter) to context static
2019-09-25 05:08:23,069 [grpc-default-executor-7] INFO  impl.RaftServerImpl (ServerState.java:setLeader(253)) - 0c186508-9ecb-45e3-9dfe-464b7fe9f193@group-E97B045DFE39: change Leader from null to 95dec85b-23b9-41b7-9d30-1b2eb1816676 at term 3 for appendEntries, leader elected after 21658ms
2019-09-25 05:08:23,069 [158ad28b-aa8e-4172-b96b-cbb323932650@group-8F81A5CD80FE:LeaderElection141] INFO  segmented.SegmentedRaftLogWorker (SegmentedRaftLogWorker.java:startLogSegment(380)) - 158ad28b-aa8e-4172-b96b-cbb323932650@group-8F81A5CD80FE-SegmentedRaftLogWorker: Starting segment from index:0
2019-09-25 05:08:23,069 [main] INFO  http.HttpServer2 (HttpServer2.java:addFilter(958)) - Added filter static_user_filter (class=org.apache.hadoop.http.lib.StaticUserWebFilter$StaticUserFilter) to context logs
2019-09-25 05:08:23,070 [grpc-default-executor-7] INFO  impl.RaftServerImpl (ServerState.java:setRaftConf(354)) - 95dec85b-23b9-41b7-9d30-1b2eb1816676@group-3D9C9E831C33: set configuration 0: [0c186508-9ecb-45e3-9dfe-464b7fe9f193:192.168.36.126:34098, 95dec85b-23b9-41b7-9d30-1b2eb1816676:192.168.36.126:33370, 1e4f299d-27e6-442d-9871-12ab226dd7a8:192.168.36.126:46862], old=null at 0
2019-09-25 05:08:23,070 [grpc-default-executor-9] INFO  impl.RaftServerImpl (ServerState.java:setRaftConf(354)) - 0c186508-9ecb-45e3-9dfe-464b7fe9f193@group-3D9C9E831C33: set configuration 0: [0c186508-9ecb-45e3-9dfe-464b7fe9f193:192.168.36.126:34098, 95dec85b-23b9-41b7-9d30-1b2eb1816676:192.168.36.126:33370, 1e4f299d-27e6-442d-9871-12ab226dd7a8:192.168.36.126:46862], old=null at 0
2019-09-25 05:08:23,070 [158ad28b-aa8e-4172-b96b-cbb323932650@group-8F81A5CD80FE:LeaderElection141] INFO  impl.RaftServerImpl (ServerState.java:setRaftConf(354)) - 158ad28b-aa8e-4172-b96b-cbb323932650@group-8F81A5CD80FE: set configuration 0: [bc163c1a-f845-4c36-9592-f8e34b91970d:192.168.36.126:38248, 158ad28b-aa8e-4172-b96b-cbb323932650:192.168.36.126:34188, 59abef46-29ea-4eff-a512-e596f80f6db1:192.168.36.126:38401], old=null at 0
2019-09-25 05:08:23,071 [grpc-default-executor-9] INFO  segmented.SegmentedRaftLogWorker (SegmentedRaftLogWorker.java:startLogSegment(380)) - 0c186508-9ecb-45e3-9dfe-464b7fe9f193@group-3D9C9E831C33-SegmentedRaftLogWorker: Starting segment from index:0
2019-09-25 05:08:23,071 [grpc-default-executor-7] INFO  segmented.SegmentedRaftLogWorker (SegmentedRaftLogWorker.java:startLogSegment(380)) - 95dec85b-23b9-41b7-9d30-1b2eb1816676@group-3D9C9E831C33-SegmentedRaftLogWorker: Starting segment from index:0
2019-09-25 05:08:23,071 [grpc-default-executor-8] INFO  impl.RaftServerImpl (ServerState.java:setLeader(253)) - 158ad28b-aa8e-4172-b96b-cbb323932650@group-8F81A5CD80FE: change Leader from 158ad28b-aa8e-4172-b96b-cbb323932650 to null at term 11 for updateCurrentTerm
2019-09-25 05:08:23,072 [grpc-default-executor-1] INFO  impl.RaftServerImpl (ServerState.java:setRaftConf(354)) - 1e4f299d-27e6-442d-9871-12ab226dd7a8@group-E97B045DFE39: set configuration 0: [0c186508-9ecb-45e3-9dfe-464b7fe9f193:192.168.36.126:34098, 95dec85b-23b9-41b7-9d30-1b2eb1816676:192.168.36.126:33370, 1e4f299d-27e6-442d-9871-12ab226dd7a8:192.168.36.126:46862], old=null at 0
2019-09-25 05:08:23,072 [grpc-default-executor-8] INFO  impl.RaftServerImpl (RaftServerImpl.java:setRole(174)) - 158ad28b-aa8e-4172-b96b-cbb323932650@group-8F81A5CD80FE: changes role from    LEADER to FOLLOWER at term 11 for recognizeCandidate:59abef46-29ea-4eff-a512-e596f80f6db1
2019-09-25 05:08:23,072 [grpc-default-executor-9] INFO  impl.RaftServerImpl (ServerState.java:setRaftConf(354)) - 0c186508-9ecb-45e3-9dfe-464b7fe9f193@group-E97B045DFE39: set configuration 0: [0c186508-9ecb-45e3-9dfe-464b7fe9f193:192.168.36.126:34098, 95dec85b-23b9-41b7-9d30-1b2eb1816676:192.168.36.126:33370, 1e4f299d-27e6-442d-9871-12ab226dd7a8:192.168.36.126:46862], old=null at 0
2019-09-25 05:08:23,072 [grpc-default-executor-1] INFO  segmented.SegmentedRaftLogWorker (SegmentedRaftLogWorker.java:startLogSegment(380)) - 1e4f299d-27e6-442d-9871-12ab226dd7a8@group-E97B045DFE39-SegmentedRaftLogWorker: Starting segment from index:0
2019-09-25 05:08:23,072 [grpc-default-executor-9] INFO  segmented.SegmentedRaftLogWorker (SegmentedRaftLogWorker.java:startLogSegment(380)) - 0c186508-9ecb-45e3-9dfe-464b7fe9f193@group-E97B045DFE39-SegmentedRaftLogWorker: Starting segment from index:0
2019-09-25 05:08:23,072 [grpc-default-executor-8] INFO  impl.RoleInfo (RoleInfo.java:shutdownLeaderState(104)) - 158ad28b-aa8e-4172-b96b-cbb323932650: shutdown LeaderState
2019-09-25 05:08:23,123 [org.apache.ratis.server.impl.LogAppender$AppenderDaemon$$Lambda$527/389096667@5f2a3cf3] WARN  server.GrpcLogAppender (GrpcLogAppender.java:mayWait(143)) - 158ad28b-aa8e-4172-b96b-cbb323932650@group-8F81A5CD80FE->59abef46-29ea-4eff-a512-e596f80f6db1-GrpcLogAppender: Wait interrupted by java.lang.InterruptedException
2019-09-25 05:08:23,123 [grpc-default-executor-8] INFO  impl.PendingRequests (PendingRequests.java:sendNotLeaderResponses(202)) - 158ad28b-aa8e-4172-b96b-cbb323932650-PendingRequests: sendNotLeaderResponses
2019-09-25 05:08:23,124 [d10fc367-6717-4be7-9c4c-7b0b4f4b0759@group-3A2C0294070D-SegmentedRaftLogWorker] INFO  segmented.SegmentedRaftLogWorker (SegmentedRaftLogWorker.java:execute(569)) - d10fc367-6717-4be7-9c4c-7b0b4f4b0759@group-3A2C0294070D-SegmentedRaftLogWorker: created new log segment /workdir/hadoop-ozone/integration-test/target/test-dir/MiniOzoneClusterImpl-9445efff-1a51-4441-b04f-96fa6a6cc491/datanode-0/data/ratis/b704ee4a-cdab-486e-8b91-3a2c0294070d/current/log_inprogress_0
2019-09-25 05:08:23,124 [95dec85b-23b9-41b7-9d30-1b2eb1816676@group-394B876855A4-SegmentedRaftLogWorker] INFO  segmented.SegmentedRaftLogWorker (SegmentedRaftLogWorker.java:execute(569)) - 95dec85b-23b9-41b7-9d30-1b2eb1816676@group-394B876855A4-SegmentedRaftLogWorker: created new log segment /workdir/hadoop-ozone/integration-test/target/test-dir/MiniOzoneClusterImpl-4a5a4de4-737d-4e52-b3c3-543a3eb2b617/datanode-6/data/ratis/c56b9e33-6acc-4bd9-82e0-394b876855a4/current/log_inprogress_0
2019-09-25 05:08:23,124 [1e4f299d-27e6-442d-9871-12ab226dd7a8@group-62501194BD52-SegmentedRaftLogWorker] INFO  segmented.SegmentedRaftLogWorker (SegmentedRaftLogWorker.java:execute(569)) - 1e4f299d-27e6-442d-9871-12ab226dd7a8@group-62501194BD52-SegmentedRaftLogWorker: created new log segment /workdir/hadoop-ozone/integration-test/target/test-dir/MiniOzoneClusterImpl-4a5a4de4-737d-4e52-b3c3-543a3eb2b617/datanode-4/data/ratis/e397be31-12d9-413e-a843-62501194bd52/current/log_inprogress_0
2019-09-25 05:08:23,124 [org.apache.ratis.server.impl.LogAppender$AppenderDaemon$$Lambda$527/389096667@7418ec5e] WARN  server.GrpcLogAppender (GrpcLogAppender.java:mayWait(143)) - 158ad28b-aa8e-4172-b96b-cbb323932650@group-8F81A5CD80FE->bc163c1a-f845-4c36-9592-f8e34b91970d-GrpcLogAppender: Wait interrupted by java.lang.InterruptedException
2019-09-25 05:08:23,124 [grpc-default-executor-0] INFO  impl.RaftServerImpl (ServerState.java:setLeader(253)) - 95dec85b-23b9-41b7-9d30-1b2eb1816676@group-62501194BD52: change Leader from null to 1e4f299d-27e6-442d-9871-12ab226dd7a8 at term 2 for appendEntries, leader elected after 5713ms
2019-09-25 05:08:23,124 [grpc-default-executor-8] INFO  impl.RoleInfo (RoleInfo.java:updateAndGet(143)) - 158ad28b-aa8e-4172-b96b-cbb323932650: start FollowerState
2019-09-25 05:08:23,125 [grpc-default-executor-4] INFO  server.GrpcServerProtocolService (GrpcServerProtocolService.java:onCompleted(113)) - bc163c1a-f845-4c36-9592-f8e34b91970d: Completed APPEND_ENTRIES, lastRequest: 158ad28b-aa8e-4172-b96b-cbb323932650->bc163c1a-f845-4c36-9592-f8e34b91970d#0-t10, previous=(t:0, i:0), leaderCommit=-1, initializing? false, entries: <empty>
2019-09-25 05:08:23,125 [grpc-default-executor-11] INFO  server.GrpcServerProtocolService (GrpcServerProtocolService.java:onCompleted(113)) - 59abef46-29ea-4eff-a512-e596f80f6db1: Completed APPEND_ENTRIES, lastRequest: 158ad28b-aa8e-4172-b96b-cbb323932650->59abef46-29ea-4eff-a512-e596f80f6db1#0-t10, previous=(t:0, i:0), leaderCommit=-1, initializing? false, entries: <empty>
2019-09-25 05:08:23,126 [95dec85b-23b9-41b7-9d30-1b2eb1816676@group-62501194BD52:LeaderElection143] INFO  impl.LeaderElection (LeaderElection.java:logAndReturn(56)) - 95dec85b-23b9-41b7-9d30-1b2eb1816676@group-62501194BD52:LeaderElection143: Election REJECTED; received 0 response(s) [] and 0 exception(s); 95dec85b-23b9-41b7-9d30-1b2eb1816676@group-62501194BD52:t2, leader=1e4f299d-27e6-442d-9871-12ab226dd7a8, voted=null, raftlog=95dec85b-23b9-41b7-9d30-1b2eb1816676@group-62501194BD52-SegmentedRaftLog:OPENED:c-1,f-1,i0, conf=-1: [0c186508-9ecb-45e3-9dfe-464b7fe9f193:192.168.36.126:34098, 95dec85b-23b9-41b7-9d30-1b2eb1816676:192.168.36.126:33370, 1e4f299d-27e6-442d-9871-12ab226dd7a8:192.168.36.126:46862], old=null
2019-09-25 05:08:23,127 [grpc-default-executor-11] INFO  impl.RaftServerImpl (ServerState.java:setRaftConf(354)) - 95dec85b-23b9-41b7-9d30-1b2eb1816676@group-62501194BD52: set configuration 0: [0c186508-9ecb-45e3-9dfe-464b7fe9f193:192.168.36.126:34098, 95dec85b-23b9-41b7-9d30-1b2eb1816676:192.168.36.126:33370, 1e4f299d-27e6-442d-9871-12ab226dd7a8:192.168.36.126:46862], old=null at 0
2019-09-25 05:08:23,127 [grpc-default-executor-11] INFO  segmented.SegmentedRaftLogWorker (SegmentedRaftLogWorker.java:startLogSegment(380)) - 95dec85b-23b9-41b7-9d30-1b2eb1816676@group-62501194BD52-SegmentedRaftLogWorker: Starting segment from index:0
2019-09-25 05:08:23,127 [grpc-default-executor-0] INFO  impl.RaftServerImpl (RaftServerImpl.java:requestVote(758)) - 1e4f299d-27e6-442d-9871-12ab226dd7a8@group-62501194BD52-   LEADER: Withhold vote from candidate 95dec85b-23b9-41b7-9d30-1b2eb1816676 with term 1. State: leader=1e4f299d-27e6-442d-9871-12ab226dd7a8, term=2, lastRpcElapsed=null
2019-09-25 05:08:23,128 [grpc-default-executor-4] INFO  impl.RaftServerImpl (RaftServerImpl.java:requestVote(758)) - 0c186508-9ecb-45e3-9dfe-464b7fe9f193@group-62501194BD52- FOLLOWER: Withhold vote from candidate 95dec85b-23b9-41b7-9d30-1b2eb1816676 with term 1. State: leader=1e4f299d-27e6-442d-9871-12ab226dd7a8, term=2, lastRpcElapsed=62ms
2019-09-25 05:08:23,160 [main] INFO  server.StorageContainerManager (StorageContainerManager.java:start(770)) - StorageContainerLocationProtocol RPC server is listening at /0.0.0.0:33242
2019-09-25 05:08:23,161 [main] INFO  impl.MetricsSystemImpl (MetricsSystemImpl.java:init(158)) - StorageContainerManager metrics system started (again)
2019-09-25 05:08:23,251 [main] INFO  server.SCMClientProtocolServer (SCMClientProtocolServer.java:start(151)) - RPC server for Client  is listening at /0.0.0.0:33242
2019-09-25 05:08:23,251 [IPC Server listener on 33242] INFO  ipc.Server (Server.java:run(1153)) - IPC Server listener on 33242: starting
2019-09-25 05:08:23,251 [IPC Server Responder] INFO  ipc.Server (Server.java:run(1314)) - IPC Server Responder: starting
2019-09-25 05:08:23,277 [main] INFO  server.StorageContainerManager (StorageContainerManager.java:start(780)) - ScmBlockLocationProtocol RPC server is listening at /0.0.0.0:43721
2019-09-25 05:08:23,278 [main] INFO  server.SCMBlockProtocolServer (SCMBlockProtocolServer.java:start(146)) - RPC server for Block Protocol is listening at /0.0.0.0:43721
2019-09-25 05:08:23,278 [IPC Server Responder] INFO  ipc.Server (Server.java:run(1314)) - IPC Server Responder: starting
2019-09-25 05:08:23,279 [IPC Server listener on 43721] INFO  ipc.Server (Server.java:run(1153)) - IPC Server listener on 43721: starting
2019-09-25 05:08:23,288 [main] INFO  server.StorageContainerManager (StorageContainerManager.java:start(784)) - ScmDatanodeProtocl RPC server is listening at /0.0.0.0:34152
2019-09-25 05:08:23,288 [main] INFO  server.SCMDatanodeProtocolServer (SCMDatanodeProtocolServer.java:start(191)) - RPC server for DataNodes is listening at /0.0.0.0:34152
2019-09-25 05:08:23,289 [IPC Server Responder] INFO  ipc.Server (Server.java:run(1314)) - IPC Server Responder: starting
2019-09-25 05:08:23,289 [IPC Server listener on 34152] INFO  ipc.Server (Server.java:run(1153)) - IPC Server listener on 34152: starting
2019-09-25 05:08:23,298 [main] INFO  http.HttpServer2 (HttpServer2.java:bindListener(1191)) - Jetty bound to port 38902
2019-09-25 05:08:23,298 [main] INFO  server.Server (Server.java:doStart(351)) - jetty-9.3.25.v20180904, build timestamp: 2018-09-04T21:11:46Z, git hash: 3ce520221d0240229c862b122d2b06c12a625732
2019-09-25 05:08:23,301 [main] INFO  handler.ContextHandler (ContextHandler.java:doStart(781)) - Started o.e.j.s.ServletContextHandler@65c5bf0e{/logs,file:///workdir/hadoop-ozone/integration-test/target/log,AVAILABLE}
2019-09-25 05:08:23,302 [main] INFO  handler.ContextHandler (ContextHandler.java:doStart(781)) - Started o.e.j.s.ServletContextHandler@5d05f453{/static,file:///workdir/hadoop-ozone/integration-test/target/test-classes/webapps/static,AVAILABLE}
2019-09-25 05:08:23,308 [main] INFO  handler.ContextHandler (ContextHandler.java:doStart(781)) - Started o.e.j.w.WebAppContext@794f11cd{/,file:///workdir/hadoop-ozone/integration-test/target/test-classes/webapps/scm/,AVAILABLE}{/scm}
2019-09-25 05:08:23,309 [main] INFO  server.AbstractConnector (AbstractConnector.java:doStart(278)) - Started ServerConnector@715f45c6{HTTP/1.1,[http/1.1]}{0.0.0.0:38902}
2019-09-25 05:08:23,312 [main] INFO  server.Server (Server.java:doStart(419)) - Started @284521ms
2019-09-25 05:08:23,313 [main] WARN  impl.MetricsSystemImpl (MetricsSystemImpl.java:register(276)) - Sink prometheus already exists!
2019-09-25 05:08:23,314 [main] INFO  server.BaseHttpServer (BaseHttpServer.java:updateConnectorAddress(215)) - HTTP server of SCM is listening at http://0.0.0.0:38902
2019-09-25 05:08:23,317 [main] WARN  server.ServerUtils (ServerUtils.java:getDBPath(222)) - ozone.om.db.dirs is not configured. We recommend adding this setting. Falling back to ozone.metadata.dirs instead.
2019-09-25 05:08:23,318 [org.apache.hadoop.util.JvmPauseMonitor$Monitor@43245559] INFO  util.JvmPauseMonitor (JvmPauseMonitor.java:run(188)) - Starting JVM pause monitor
2019-09-25 05:08:26,064 [java.util.concurrent.ThreadPoolExecutor$Worker@451d634f[State = -1, empty queue]] WARN  server.GrpcLogAppender (GrpcLogAppender.java:timeoutAppendRequest(200)) - d10fc367-6717-4be7-9c4c-7b0b4f4b0759@group-3A2C0294070D->c0eca757-0426-4809-8d60-c283fabf02c6-GrpcLogAppender: appendEntries Timeout, request=d10fc367-6717-4be7-9c4c-7b0b4f4b0759->c0eca757-0426-4809-8d60-c283fabf02c6#1-t9, previous=(t:0, i:0), leaderCommit=-1, initializing? false, entries: size=1, first=(t:9, i:0), CONFIGURATIONENTRY
2019-09-25 05:08:26,064 [java.util.concurrent.ThreadPoolExecutor$Worker@38b34f8c[State = -1, empty queue]] WARN  server.GrpcLogAppender (GrpcLogAppender.java:timeoutAppendRequest(200)) - d10fc367-6717-4be7-9c4c-7b0b4f4b0759@group-3A2C0294070D->caeda6cb-6345-44ea-a0d4-5f314a967b77-GrpcLogAppender: appendEntries Timeout, request=d10fc367-6717-4be7-9c4c-7b0b4f4b0759->caeda6cb-6345-44ea-a0d4-5f314a967b77#1-t9, previous=(t:0, i:0), leaderCommit=-1, initializing? false, entries: size=1, first=(t:9, i:0), CONFIGURATIONENTRY
2019-09-25 05:08:26,065 [java.util.concurrent.ThreadPoolExecutor$Worker@24131769[State = -1, empty queue]] WARN  server.GrpcLogAppender (GrpcLogAppender.java:timeoutAppendRequest(200)) - 1e4f299d-27e6-442d-9871-12ab226dd7a8@group-62501194BD52->0c186508-9ecb-45e3-9dfe-464b7fe9f193-GrpcLogAppender: appendEntries Timeout, request=1e4f299d-27e6-442d-9871-12ab226dd7a8->0c186508-9ecb-45e3-9dfe-464b7fe9f193#1-t2, previous=(t:0, i:0), leaderCommit=-1, initializing? false, entries: size=1, first=(t:2, i:0), CONFIGURATIONENTRY
2019-09-25 05:08:26,089 [java.util.concurrent.ThreadPoolExecutor$Worker@72b16923[State = -1, empty queue]] WARN  server.GrpcLogAppender (GrpcLogAppender.java:timeoutAppendRequest(200)) - 1e4f299d-27e6-442d-9871-12ab226dd7a8@group-3D9C9E831C33->0c186508-9ecb-45e3-9dfe-464b7fe9f193-GrpcLogAppender: appendEntries Timeout, request=1e4f299d-27e6-442d-9871-12ab226dd7a8->0c186508-9ecb-45e3-9dfe-464b7fe9f193#1-t2, previous=(t:0, i:0), leaderCommit=-1, initializing? false, entries: size=1, first=(t:2, i:0), CONFIGURATIONENTRY
2019-09-25 05:08:26,089 [java.util.concurrent.ThreadPoolExecutor$Worker@6d3629ac[State = -1, empty queue]] WARN  server.GrpcLogAppender (GrpcLogAppender.java:timeoutAppendRequest(200)) - 1e4f299d-27e6-442d-9871-12ab226dd7a8@group-3D9C9E831C33->95dec85b-23b9-41b7-9d30-1b2eb1816676-GrpcLogAppender: appendEntries Timeout, request=1e4f299d-27e6-442d-9871-12ab226dd7a8->95dec85b-23b9-41b7-9d30-1b2eb1816676#1-t2, previous=(t:0, i:0), leaderCommit=-1, initializing? false, entries: size=1, first=(t:2, i:0), CONFIGURATIONENTRY
2019-09-25 05:08:26,089 [java.util.concurrent.ThreadPoolExecutor$Worker@6af36432[State = -1, empty queue]] WARN  server.GrpcLogAppender (GrpcLogAppender.java:timeoutAppendRequest(200)) - 95dec85b-23b9-41b7-9d30-1b2eb1816676@group-E97B045DFE39->0c186508-9ecb-45e3-9dfe-464b7fe9f193-GrpcLogAppender: appendEntries Timeout, request=95dec85b-23b9-41b7-9d30-1b2eb1816676->0c186508-9ecb-45e3-9dfe-464b7fe9f193#1-t3, previous=(t:0, i:0), leaderCommit=-1, initializing? false, entries: size=1, first=(t:3, i:0), CONFIGURATIONENTRY
2019-09-25 05:08:26,089 [java.util.concurrent.ThreadPoolExecutor$Worker@7368130f[State = -1, empty queue]] WARN  server.GrpcLogAppender (GrpcLogAppender.java:timeoutAppendRequest(200)) - 95dec85b-23b9-41b7-9d30-1b2eb1816676@group-E97B045DFE39->1e4f299d-27e6-442d-9871-12ab226dd7a8-GrpcLogAppender: appendEntries Timeout, request=95dec85b-23b9-41b7-9d30-1b2eb1816676->1e4f299d-27e6-442d-9871-12ab226dd7a8#1-t3, previous=(t:0, i:0), leaderCommit=-1, initializing? false, entries: size=1, first=(t:3, i:0), CONFIGURATIONENTRY
2019-09-25 05:08:26,127 [java.util.concurrent.ThreadPoolExecutor$Worker@2199c7b0[State = -1, empty queue]] WARN  server.GrpcLogAppender (GrpcLogAppender.java:timeoutAppendRequest(200)) - 1e4f299d-27e6-442d-9871-12ab226dd7a8@group-62501194BD52->95dec85b-23b9-41b7-9d30-1b2eb1816676-GrpcLogAppender: appendEntries Timeout, request=1e4f299d-27e6-442d-9871-12ab226dd7a8->95dec85b-23b9-41b7-9d30-1b2eb1816676#1-t2, previous=(t:0, i:0), leaderCommit=-1, initializing? false, entries: size=1, first=(t:2, i:0), CONFIGURATIONENTRY
2019-09-25 05:08:27,798 [Thread-2000] INFO  impl.FollowerState (FollowerState.java:run(106)) - 59abef46-29ea-4eff-a512-e596f80f6db1:group-8F81A5CD80FE changes to CANDIDATE, lastRpcTime:5169, electionTimeout:5168ms
2019-09-25 05:08:27,798 [Thread-2000] INFO  impl.RoleInfo (RoleInfo.java:shutdownFollowerState(121)) - 59abef46-29ea-4eff-a512-e596f80f6db1: shutdown FollowerState
2019-09-25 05:08:27,798 [Thread-2000] INFO  impl.RaftServerImpl (RaftServerImpl.java:setRole(174)) - 59abef46-29ea-4eff-a512-e596f80f6db1@group-8F81A5CD80FE: changes role from  FOLLOWER to CANDIDATE at term 11 for changeToCandidate
2019-09-25 05:08:27,798 [Thread-2000] INFO  impl.RoleInfo (RoleInfo.java:updateAndGet(143)) - 59abef46-29ea-4eff-a512-e596f80f6db1: start LeaderElection
2019-09-25 05:08:28,084 [Thread-2015] INFO  impl.FollowerState (FollowerState.java:run(106)) - bc163c1a-f845-4c36-9592-f8e34b91970d:group-8F81A5CD80FE changes to CANDIDATE, lastRpcTime:5081, electionTimeout:5080ms
2019-09-25 05:08:28,084 [Thread-2015] INFO  impl.RoleInfo (RoleInfo.java:shutdownFollowerState(121)) - bc163c1a-f845-4c36-9592-f8e34b91970d: shutdown FollowerState
2019-09-25 05:08:28,084 [Thread-2015] INFO  impl.RaftServerImpl (RaftServerImpl.java:setRole(174)) - bc163c1a-f845-4c36-9592-f8e34b91970d@group-8F81A5CD80FE: changes role from  FOLLOWER to CANDIDATE at term 11 for changeToCandidate
2019-09-25 05:08:28,085 [Thread-2015] INFO  impl.RoleInfo (RoleInfo.java:updateAndGet(143)) - bc163c1a-f845-4c36-9592-f8e34b91970d: start LeaderElection
2019-09-25 05:08:28,566 [java.util.concurrent.ThreadPoolExecutor$Worker@451d634f[State = -1, empty queue]] WARN  server.GrpcLogAppender (GrpcLogAppender.java:timeoutAppendRequest(200)) - d10fc367-6717-4be7-9c4c-7b0b4f4b0759@group-3A2C0294070D->c0eca757-0426-4809-8d60-c283fabf02c6-GrpcLogAppender: appendEntries Timeout, request=d10fc367-6717-4be7-9c4c-7b0b4f4b0759->c0eca757-0426-4809-8d60-c283fabf02c6#2-t9, previous=(t:9, i:0), leaderCommit=-1, initializing? false, entries: <empty>
2019-09-25 05:08:28,566 [java.util.concurrent.ThreadPoolExecutor$Worker@24131769[State = -1, empty queue]] WARN  server.GrpcLogAppender (GrpcLogAppender.java:timeoutAppendRequest(200)) - 1e4f299d-27e6-442d-9871-12ab226dd7a8@group-62501194BD52->0c186508-9ecb-45e3-9dfe-464b7fe9f193-GrpcLogAppender: appendEntries Timeout, request=1e4f299d-27e6-442d-9871-12ab226dd7a8->0c186508-9ecb-45e3-9dfe-464b7fe9f193#2-t2, previous=(t:2, i:0), leaderCommit=-1, initializing? false, entries: <empty>
2019-09-25 05:08:28,566 [java.util.concurrent.ThreadPoolExecutor$Worker@38b34f8c[State = -1, empty queue]] WARN  server.GrpcLogAppender (GrpcLogAppender.java:timeoutAppendRequest(200)) - d10fc367-6717-4be7-9c4c-7b0b4f4b0759@group-3A2C0294070D->caeda6cb-6345-44ea-a0d4-5f314a967b77-GrpcLogAppender: appendEntries Timeout, request=d10fc367-6717-4be7-9c4c-7b0b4f4b0759->caeda6cb-6345-44ea-a0d4-5f314a967b77#2-t9, previous=(t:9, i:0), leaderCommit=-1, initializing? false, entries: <empty>
2019-09-25 05:08:28,570 [java.util.concurrent.ThreadPoolExecutor$Worker@6d3629ac[State = -1, empty queue]] WARN  server.GrpcLogAppender (GrpcLogAppender.java:timeoutAppendRequest(200)) - 1e4f299d-27e6-442d-9871-12ab226dd7a8@group-3D9C9E831C33->95dec85b-23b9-41b7-9d30-1b2eb1816676-GrpcLogAppender: appendEntries Timeout, request=1e4f299d-27e6-442d-9871-12ab226dd7a8->95dec85b-23b9-41b7-9d30-1b2eb1816676#2-t2, previous=(t:2, i:0), leaderCommit=-1, initializing? false, entries: <empty>
2019-09-25 05:08:28,570 [java.util.concurrent.ThreadPoolExecutor$Worker@72b16923[State = -1, empty queue]] WARN  server.GrpcLogAppender (GrpcLogAppender.java:timeoutAppendRequest(200)) - 1e4f299d-27e6-442d-9871-12ab226dd7a8@group-3D9C9E831C33->0c186508-9ecb-45e3-9dfe-464b7fe9f193-GrpcLogAppender: appendEntries Timeout, request=1e4f299d-27e6-442d-9871-12ab226dd7a8->0c186508-9ecb-45e3-9dfe-464b7fe9f193#2-t2, previous=(t:2, i:0), leaderCommit=-1, initializing? false, entries: <empty>
2019-09-25 05:08:28,571 [java.util.concurrent.ThreadPoolExecutor$Worker@7368130f[State = -1, empty queue]] WARN  server.GrpcLogAppender (GrpcLogAppender.java:timeoutAppendRequest(200)) - 95dec85b-23b9-41b7-9d30-1b2eb1816676@group-E97B045DFE39->1e4f299d-27e6-442d-9871-12ab226dd7a8-GrpcLogAppender: appendEntries Timeout, request=95dec85b-23b9-41b7-9d30-1b2eb1816676->1e4f299d-27e6-442d-9871-12ab226dd7a8#2-t3, previous=(t:3, i:0), leaderCommit=-1, initializing? false, entries: <empty>
2019-09-25 05:08:28,572 [java.util.concurrent.ThreadPoolExecutor$Worker@6af36432[State = -1, empty queue]] WARN  server.GrpcLogAppender (GrpcLogAppender.java:timeoutAppendRequest(200)) - 95dec85b-23b9-41b7-9d30-1b2eb1816676@group-E97B045DFE39->0c186508-9ecb-45e3-9dfe-464b7fe9f193-GrpcLogAppender: appendEntries Timeout, request=95dec85b-23b9-41b7-9d30-1b2eb1816676->0c186508-9ecb-45e3-9dfe-464b7fe9f193#2-t3, previous=(t:3, i:0), leaderCommit=-1, initializing? false, entries: <empty>
2019-09-25 05:08:28,627 [java.util.concurrent.ThreadPoolExecutor$Worker@2199c7b0[State = -1, empty queue]] WARN  server.GrpcLogAppender (GrpcLogAppender.java:timeoutAppendRequest(200)) - 1e4f299d-27e6-442d-9871-12ab226dd7a8@group-62501194BD52->95dec85b-23b9-41b7-9d30-1b2eb1816676-GrpcLogAppender: appendEntries Timeout, request=1e4f299d-27e6-442d-9871-12ab226dd7a8->95dec85b-23b9-41b7-9d30-1b2eb1816676#2-t2, previous=(t:2, i:0), leaderCommit=-1, initializing? false, entries: <empty>
2019-09-25 05:08:31,066 [java.util.concurrent.ThreadPoolExecutor$Worker@451d634f[State = -1, empty queue]] WARN  server.GrpcLogAppender (GrpcLogAppender.java:timeoutAppendRequest(200)) - d10fc367-6717-4be7-9c4c-7b0b4f4b0759@group-3A2C0294070D->c0eca757-0426-4809-8d60-c283fabf02c6-GrpcLogAppender: appendEntries Timeout, request=d10fc367-6717-4be7-9c4c-7b0b4f4b0759->c0eca757-0426-4809-8d60-c283fabf02c6#3-t9, previous=(t:9, i:0), leaderCommit=-1, initializing? false, entries: <empty>
2019-09-25 05:08:31,066 [java.util.concurrent.ThreadPoolExecutor$Worker@24131769[State = -1, empty queue]] WARN  server.GrpcLogAppender (GrpcLogAppender.java:timeoutAppendRequest(200)) - 1e4f299d-27e6-442d-9871-12ab226dd7a8@group-62501194BD52->0c186508-9ecb-45e3-9dfe-464b7fe9f193-GrpcLogAppender: appendEntries Timeout, request=1e4f299d-27e6-442d-9871-12ab226dd7a8->0c186508-9ecb-45e3-9dfe-464b7fe9f193#3-t2, previous=(t:2, i:0), leaderCommit=-1, initializing? false, entries: <empty>
2019-09-25 05:08:31,066 [java.util.concurrent.ThreadPoolExecutor$Worker@38b34f8c[State = -1, empty queue]] WARN  server.GrpcLogAppender (GrpcLogAppender.java:timeoutAppendRequest(200)) - d10fc367-6717-4be7-9c4c-7b0b4f4b0759@group-3A2C0294070D->caeda6cb-6345-44ea-a0d4-5f314a967b77-GrpcLogAppender: appendEntries Timeout, request=d10fc367-6717-4be7-9c4c-7b0b4f4b0759->caeda6cb-6345-44ea-a0d4-5f314a967b77#3-t9, previous=(t:9, i:0), leaderCommit=-1, initializing? false, entries: <empty>
2019-09-25 05:08:31,070 [java.util.concurrent.ThreadPoolExecutor$Worker@6d3629ac[State = -1, empty queue]] WARN  server.GrpcLogAppender (GrpcLogAppender.java:timeoutAppendRequest(200)) - 1e4f299d-27e6-442d-9871-12ab226dd7a8@group-3D9C9E831C33->95dec85b-23b9-41b7-9d30-1b2eb1816676-GrpcLogAppender: appendEntries Timeout, request=1e4f299d-27e6-442d-9871-12ab226dd7a8->95dec85b-23b9-41b7-9d30-1b2eb1816676#3-t2, previous=(t:2, i:0), leaderCommit=-1, initializing? false, entries: <empty>
2019-09-25 05:08:31,071 [java.util.concurrent.ThreadPoolExecutor$Worker@72b16923[State = -1, empty queue]] WARN  server.GrpcLogAppender (GrpcLogAppender.java:timeoutAppendRequest(200)) - 1e4f299d-27e6-442d-9871-12ab226dd7a8@group-3D9C9E831C33->0c186508-9ecb-45e3-9dfe-464b7fe9f193-GrpcLogAppender: appendEntries Timeout, request=1e4f299d-27e6-442d-9871-12ab226dd7a8->0c186508-9ecb-45e3-9dfe-464b7fe9f193#3-t2, previous=(t:2, i:0), leaderCommit=-1, initializing? false, entries: <empty>
2019-09-25 05:08:31,072 [java.util.concurrent.ThreadPoolExecutor$Worker@7368130f[State = -1, empty queue]] WARN  server.GrpcLogAppender (GrpcLogAppender.java:timeoutAppendRequest(200)) - 95dec85b-23b9-41b7-9d30-1b2eb1816676@group-E97B045DFE39->1e4f299d-27e6-442d-9871-12ab226dd7a8-GrpcLogAppender: appendEntries Timeout, request=95dec85b-23b9-41b7-9d30-1b2eb1816676->1e4f299d-27e6-442d-9871-12ab226dd7a8#3-t3, previous=(t:3, i:0), leaderCommit=-1, initializing? false, entries: <empty>
2019-09-25 05:08:31,072 [java.util.concurrent.ThreadPoolExecutor$Worker@6af36432[State = -1, empty queue]] WARN  server.GrpcLogAppender (GrpcLogAppender.java:timeoutAppendRequest(200)) - 95dec85b-23b9-41b7-9d30-1b2eb1816676@group-E97B045DFE39->0c186508-9ecb-45e3-9dfe-464b7fe9f193-GrpcLogAppender: appendEntries Timeout, request=95dec85b-23b9-41b7-9d30-1b2eb1816676->0c186508-9ecb-45e3-9dfe-464b7fe9f193#3-t3, previous=(t:3, i:0), leaderCommit=-1, initializing? false, entries: <empty>
2019-09-25 05:08:31,127 [java.util.concurrent.ThreadPoolExecutor$Worker@2199c7b0[State = -1, empty queue]] WARN  server.GrpcLogAppender (GrpcLogAppender.java:timeoutAppendRequest(200)) - 1e4f299d-27e6-442d-9871-12ab226dd7a8@group-62501194BD52->95dec85b-23b9-41b7-9d30-1b2eb1816676-GrpcLogAppender: appendEntries Timeout, request=1e4f299d-27e6-442d-9871-12ab226dd7a8->95dec85b-23b9-41b7-9d30-1b2eb1816676#3-t2, previous=(t:2, i:0), leaderCommit=-1, initializing? false, entries: <empty>
2019-09-25 05:08:33,522 [1e4f299d-27e6-442d-9871-12ab226dd7a8@group-3D9C9E831C33-SegmentedRaftLogWorker] INFO  segmented.SegmentedRaftLogWorker (SegmentedRaftLogWorker.java:execute(569)) - 1e4f299d-27e6-442d-9871-12ab226dd7a8@group-3D9C9E831C33-SegmentedRaftLogWorker: created new log segment /workdir/hadoop-ozone/integration-test/target/test-dir/MiniOzoneClusterImpl-4a5a4de4-737d-4e52-b3c3-543a3eb2b617/datanode-4/data/ratis/b13d5678-261d-44f7-bed1-3d9c9e831c33/current/log_inprogress_0
2019-09-25 05:08:33,522 [0c186508-9ecb-45e3-9dfe-464b7fe9f193@group-62501194BD52-SegmentedRaftLogWorker] INFO  segmented.SegmentedRaftLogWorker (SegmentedRaftLogWorker.java:execute(569)) - 0c186508-9ecb-45e3-9dfe-464b7fe9f193@group-62501194BD52-SegmentedRaftLogWorker: created new log segment /workdir/hadoop-ozone/integration-test/target/test-dir/MiniOzoneClusterImpl-4a5a4de4-737d-4e52-b3c3-543a3eb2b617/datanode-0/data/ratis/e397be31-12d9-413e-a843-62501194bd52/current/log_inprogress_0
2019-09-25 05:08:33,522 [1e4f299d-27e6-442d-9871-12ab226dd7a8@group-E97B045DFE39-SegmentedRaftLogWorker] INFO  segmented.SegmentedRaftLogWorker (SegmentedRaftLogWorker.java:execute(569)) - 1e4f299d-27e6-442d-9871-12ab226dd7a8@group-E97B045DFE39-SegmentedRaftLogWorker: created new log segment /workdir/hadoop-ozone/integration-test/target/test-dir/MiniOzoneClusterImpl-4a5a4de4-737d-4e52-b3c3-543a3eb2b617/datanode-4/data/ratis/53d0c596-329f-4386-b07b-e97b045dfe39/current/log_inprogress_0
2019-09-25 05:08:33,522 [0c186508-9ecb-45e3-9dfe-464b7fe9f193@group-3D9C9E831C33-SegmentedRaftLogWorker] INFO  segmented.SegmentedRaftLogWorker (SegmentedRaftLogWorker.java:execute(569)) - 0c186508-9ecb-45e3-9dfe-464b7fe9f193@group-3D9C9E831C33-SegmentedRaftLogWorker: created new log segment /workdir/hadoop-ozone/integration-test/target/test-dir/MiniOzoneClusterImpl-4a5a4de4-737d-4e52-b3c3-543a3eb2b617/datanode-0/data/ratis/b13d5678-261d-44f7-bed1-3d9c9e831c33/current/log_inprogress_0
2019-09-25 05:08:33,522 [95dec85b-23b9-41b7-9d30-1b2eb1816676@group-E97B045DFE39-SegmentedRaftLogWorker] INFO  segmented.SegmentedRaftLogWorker (SegmentedRaftLogWorker.java:execute(569)) - 95dec85b-23b9-41b7-9d30-1b2eb1816676@group-E97B045DFE39-SegmentedRaftLogWorker: created new log segment /workdir/hadoop-ozone/integration-test/target/test-dir/MiniOzoneClusterImpl-4a5a4de4-737d-4e52-b3c3-543a3eb2b617/datanode-6/data/ratis/53d0c596-329f-4386-b07b-e97b045dfe39/current/log_inprogress_0
2019-09-25 05:08:33,522 [0c186508-9ecb-45e3-9dfe-464b7fe9f193@group-E97B045DFE39-SegmentedRaftLogWorker] INFO  segmented.SegmentedRaftLogWorker (SegmentedRaftLogWorker.java:execute(569)) - 0c186508-9ecb-45e3-9dfe-464b7fe9f193@group-E97B045DFE39-SegmentedRaftLogWorker: created new log segment /workdir/hadoop-ozone/integration-test/target/test-dir/MiniOzoneClusterImpl-4a5a4de4-737d-4e52-b3c3-543a3eb2b617/datanode-0/data/ratis/53d0c596-329f-4386-b07b-e97b045dfe39/current/log_inprogress_0
2019-09-25 05:08:33,522 [c0eca757-0426-4809-8d60-c283fabf02c6@group-3A2C0294070D-SegmentedRaftLogWorker] INFO  segmented.SegmentedRaftLogWorker (SegmentedRaftLogWorker.java:execute(569)) - c0eca757-0426-4809-8d60-c283fabf02c6@group-3A2C0294070D-SegmentedRaftLogWorker: created new log segment /workdir/hadoop-ozone/integration-test/target/test-dir/MiniOzoneClusterImpl-9445efff-1a51-4441-b04f-96fa6a6cc491/datanode-1/data/ratis/b704ee4a-cdab-486e-8b91-3a2c0294070d/current/log_inprogress_0
2019-09-25 05:08:33,522 [158ad28b-aa8e-4172-b96b-cbb323932650@group-8F81A5CD80FE-SegmentedRaftLogWorker] INFO  segmented.SegmentedRaftLogWorker (SegmentedRaftLogWorker.java:execute(569)) - 158ad28b-aa8e-4172-b96b-cbb323932650@group-8F81A5CD80FE-SegmentedRaftLogWorker: created new log segment /workdir/hadoop-ozone/integration-test/target/test-dir/MiniOzoneClusterImpl-9445efff-1a51-4441-b04f-96fa6a6cc491/datanode-5/data/ratis/99fb0877-89b1-4c45-8334-8f81a5cd80fe/current/log_inprogress_0
2019-09-25 05:08:33,522 [95dec85b-23b9-41b7-9d30-1b2eb1816676@group-3D9C9E831C33-SegmentedRaftLogWorker] INFO  segmented.SegmentedRaftLogWorker (SegmentedRaftLogWorker.java:execute(569)) - 95dec85b-23b9-41b7-9d30-1b2eb1816676@group-3D9C9E831C33-SegmentedRaftLogWorker: created new log segment /workdir/hadoop-ozone/integration-test/target/test-dir/MiniOzoneClusterImpl-4a5a4de4-737d-4e52-b3c3-543a3eb2b617/datanode-6/data/ratis/b13d5678-261d-44f7-bed1-3d9c9e831c33/current/log_inprogress_0
2019-09-25 05:08:33,522 [caeda6cb-6345-44ea-a0d4-5f314a967b77@group-3A2C0294070D-SegmentedRaftLogWorker] INFO  segmented.SegmentedRaftLogWorker (SegmentedRaftLogWorker.java:execute(569)) - caeda6cb-6345-44ea-a0d4-5f314a967b77@group-3A2C0294070D-SegmentedRaftLogWorker: created new log segment /workdir/hadoop-ozone/integration-test/target/test-dir/MiniOzoneClusterImpl-9445efff-1a51-4441-b04f-96fa6a6cc491/datanode-4/data/ratis/b704ee4a-cdab-486e-8b91-3a2c0294070d/current/log_inprogress_0
2019-09-25 05:08:33,522 [95dec85b-23b9-41b7-9d30-1b2eb1816676@group-62501194BD52-SegmentedRaftLogWorker] INFO  segmented.SegmentedRaftLogWorker (SegmentedRaftLogWorker.java:execute(569)) - 95dec85b-23b9-41b7-9d30-1b2eb1816676@group-62501194BD52-SegmentedRaftLogWorker: created new log segment /workdir/hadoop-ozone/integration-test/target/test-dir/MiniOzoneClusterImpl-4a5a4de4-737d-4e52-b3c3-543a3eb2b617/datanode-6/data/ratis/e397be31-12d9-413e-a843-62501194bd52/current/log_inprogress_0
2019-09-25 05:08:33,522 [main] WARN  server.ServerUtils (ServerUtils.java:getDBPath(222)) - ozone.om.db.dirs is not configured. We recommend adding this setting. Falling back to ozone.metadata.dirs instead.
2019-09-25 05:08:33,522 [59abef46-29ea-4eff-a512-e596f80f6db1@group-8F81A5CD80FE:LeaderElection144] INFO  impl.LeaderElection (LeaderElection.java:askForVotes(182)) - 59abef46-29ea-4eff-a512-e596f80f6db1@group-8F81A5CD80FE:LeaderElection144: begin an election at term 12 for -1: [bc163c1a-f845-4c36-9592-f8e34b91970d:192.168.36.126:38248, 158ad28b-aa8e-4172-b96b-cbb323932650:192.168.36.126:34188, 59abef46-29ea-4eff-a512-e596f80f6db1:192.168.36.126:38401], old=null
2019-09-25 05:08:33,522 [Thread-2051] INFO  impl.FollowerState (FollowerState.java:run(106)) - 158ad28b-aa8e-4172-b96b-cbb323932650:group-8F81A5CD80FE changes to CANDIDATE, lastRpcTime:10398, electionTimeout:5153ms
2019-09-25 05:08:33,522 [bc163c1a-f845-4c36-9592-f8e34b91970d@group-8F81A5CD80FE:LeaderElection145] INFO  impl.LeaderElection (LeaderElection.java:askForVotes(182)) - bc163c1a-f845-4c36-9592-f8e34b91970d@group-8F81A5CD80FE:LeaderElection145: begin an election at term 12 for -1: [bc163c1a-f845-4c36-9592-f8e34b91970d:192.168.36.126:38248, 158ad28b-aa8e-4172-b96b-cbb323932650:192.168.36.126:34188, 59abef46-29ea-4eff-a512-e596f80f6db1:192.168.36.126:38401], old=null
2019-09-25 05:08:33,524 [main] WARN  server.ServerUtils (ServerUtils.java:getDBPath(222)) - ozone.om.db.dirs is not configured. We recommend adding this setting. Falling back to ozone.metadata.dirs instead.
2019-09-25 05:08:33,524 [Thread-2051] INFO  impl.RoleInfo (RoleInfo.java:shutdownFollowerState(121)) - 158ad28b-aa8e-4172-b96b-cbb323932650: shutdown FollowerState
2019-09-25 05:08:33,525 [Thread-2051] INFO  impl.RaftServerImpl (RaftServerImpl.java:setRole(174)) - 158ad28b-aa8e-4172-b96b-cbb323932650@group-8F81A5CD80FE: changes role from  FOLLOWER to CANDIDATE at term 11 for changeToCandidate
2019-09-25 05:08:33,525 [Thread-2051] INFO  impl.RoleInfo (RoleInfo.java:updateAndGet(143)) - 158ad28b-aa8e-4172-b96b-cbb323932650: start LeaderElection
2019-09-25 05:08:33,525 [main] INFO  om.OzoneManager (OzoneManager.java:setOMNodeDetails(652)) - OM Service ID is not set. Setting it to the default ID: omServiceIdDefault
2019-09-25 05:08:33,526 [main] INFO  om.OzoneManager (OzoneManager.java:setOMNodeDetails(658)) - OM Node ID is not set. Setting it to the OmStorage's OmID: 644c977a-9d70-42fb-9fc8-c78a83dabe2f
2019-09-25 05:08:33,533 [grpc-default-executor-5] INFO  server.GrpcLogAppender (GrpcLogAppender.java:onCompleted(293)) - 158ad28b-aa8e-4172-b96b-cbb323932650@group-8F81A5CD80FE->bc163c1a-f845-4c36-9592-f8e34b91970d-AppendLogResponseHandler: follower responses appendEntries COMPLETED
2019-09-25 05:08:33,533 [grpc-default-executor-7] INFO  server.GrpcLogAppender (GrpcLogAppender.java:onCompleted(293)) - 158ad28b-aa8e-4172-b96b-cbb323932650@group-8F81A5CD80FE->59abef46-29ea-4eff-a512-e596f80f6db1-AppendLogResponseHandler: follower responses appendEntries COMPLETED
2019-09-25 05:08:33,533 [main] INFO  om.OzoneManager (OzoneManager.java:loadOMHAConfigs(609)) - Found matching OM address with OMServiceId: null, OMNodeId: null, RPC Address: localhost:0 and Ratis port: 9872
2019-09-25 05:08:33,534 [grpc-default-executor-7] INFO  impl.FollowerInfo (FollowerInfo.java:lambda$new$0(51)) - 158ad28b-aa8e-4172-b96b-cbb323932650@group-8F81A5CD80FE->59abef46-29ea-4eff-a512-e596f80f6db1: nextIndex: updateUnconditionally 0 -> 0
2019-09-25 05:08:33,533 [grpc-default-executor-5] INFO  impl.FollowerInfo (FollowerInfo.java:lambda$new$0(51)) - 158ad28b-aa8e-4172-b96b-cbb323932650@group-8F81A5CD80FE->bc163c1a-f845-4c36-9592-f8e34b91970d: nextIndex: updateUnconditionally 0 -> 0
2019-09-25 05:08:33,552 [main] WARN  server.ServerUtils (ServerUtils.java:getDBPath(222)) - ozone.om.db.dirs is not configured. We recommend adding this setting. Falling back to ozone.metadata.dirs instead.
2019-09-25 05:08:33,553 [main] INFO  db.DBStoreBuilder (DBStoreBuilder.java:addTable(110)) - using custom profile for table: userTable
2019-09-25 05:08:33,553 [main] INFO  db.DBStoreBuilder (DBStoreBuilder.java:processTables(161)) - Using default column profile:DBProfile.DISK for Table:userTable
2019-09-25 05:08:33,553 [main] INFO  db.DBStoreBuilder (DBStoreBuilder.java:addTable(110)) - using custom profile for table: volumeTable
2019-09-25 05:08:33,554 [main] INFO  db.DBStoreBuilder (DBStoreBuilder.java:processTables(161)) - Using default column profile:DBProfile.DISK for Table:volumeTable
2019-09-25 05:08:33,554 [main] INFO  db.DBStoreBuilder (DBStoreBuilder.java:addTable(110)) - using custom profile for table: bucketTable
2019-09-25 05:08:33,554 [main] INFO  db.DBStoreBuilder (DBStoreBuilder.java:processTables(161)) - Using default column profile:DBProfile.DISK for Table:bucketTable
2019-09-25 05:08:33,554 [main] INFO  db.DBStoreBuilder (DBStoreBuilder.java:addTable(110)) - using custom profile for table: keyTable
2019-09-25 05:08:33,554 [main] INFO  db.DBStoreBuilder (DBStoreBuilder.java:processTables(161)) - Using default column profile:DBProfile.DISK for Table:keyTable
2019-09-25 05:08:33,555 [main] INFO  db.DBStoreBuilder (DBStoreBuilder.java:addTable(110)) - using custom profile for table: deletedTable
2019-09-25 05:08:33,555 [main] INFO  db.DBStoreBuilder (DBStoreBuilder.java:processTables(161)) - Using default column profile:DBProfile.DISK for Table:deletedTable
2019-09-25 05:08:33,555 [main] INFO  db.DBStoreBuilder (DBStoreBuilder.java:addTable(110)) - using custom profile for table: openKeyTable
2019-09-25 05:08:33,555 [main] INFO  db.DBStoreBuilder (DBStoreBuilder.java:processTables(161)) - Using default column profile:DBProfile.DISK for Table:openKeyTable
2019-09-25 05:08:33,556 [main] INFO  db.DBStoreBuilder (DBStoreBuilder.java:addTable(110)) - using custom profile for table: s3Table
2019-09-25 05:08:33,556 [main] INFO  db.DBStoreBuilder (DBStoreBuilder.java:processTables(161)) - Using default column profile:DBProfile.DISK for Table:s3Table
2019-09-25 05:08:33,556 [main] INFO  db.DBStoreBuilder (DBStoreBuilder.java:addTable(110)) - using custom profile for table: multipartInfoTable
2019-09-25 05:08:33,556 [main] INFO  db.DBStoreBuilder (DBStoreBuilder.java:processTables(161)) - Using default column profile:DBProfile.DISK for Table:multipartInfoTable
2019-09-25 05:08:33,556 [main] INFO  db.DBStoreBuilder (DBStoreBuilder.java:addTable(110)) - using custom profile for table: dTokenTable
2019-09-25 05:08:33,557 [main] INFO  db.DBStoreBuilder (DBStoreBuilder.java:processTables(161)) - Using default column profile:DBProfile.DISK for Table:dTokenTable
2019-09-25 05:08:33,557 [main] INFO  db.DBStoreBuilder (DBStoreBuilder.java:addTable(110)) - using custom profile for table: s3SecretTable
2019-09-25 05:08:33,557 [main] INFO  db.DBStoreBuilder (DBStoreBuilder.java:processTables(161)) - Using default column profile:DBProfile.DISK for Table:s3SecretTable
2019-09-25 05:08:33,557 [main] INFO  db.DBStoreBuilder (DBStoreBuilder.java:addTable(110)) - using custom profile for table: prefixTable
2019-09-25 05:08:33,557 [main] INFO  db.DBStoreBuilder (DBStoreBuilder.java:processTables(161)) - Using default column profile:DBProfile.DISK for Table:prefixTable
2019-09-25 05:08:33,558 [main] INFO  db.DBStoreBuilder (DBStoreBuilder.java:addTable(110)) - using custom profile for table: default
2019-09-25 05:08:33,558 [main] INFO  db.DBStoreBuilder (DBStoreBuilder.java:processTables(167)) - Using default column profile:DBProfile.DISK for Table:default
2019-09-25 05:08:33,558 [main] INFO  db.DBStoreBuilder (DBStoreBuilder.java:getDbProfile(198)) - Using default options. DBProfile.DISK
2019-09-25 05:08:33,567 [java.util.concurrent.ThreadPoolExecutor$Worker@38b34f8c[State = -1, empty queue]] WARN  server.GrpcLogAppender (GrpcLogAppender.java:timeoutAppendRequest(200)) - d10fc367-6717-4be7-9c4c-7b0b4f4b0759@group-3A2C0294070D->caeda6cb-6345-44ea-a0d4-5f314a967b77-GrpcLogAppender: appendEntries Timeout, request=d10fc367-6717-4be7-9c4c-7b0b4f4b0759->caeda6cb-6345-44ea-a0d4-5f314a967b77#4-t9, previous=(t:9, i:0), leaderCommit=0, initializing? false, entries: <empty>
2019-09-25 05:08:33,567 [java.util.concurrent.ThreadPoolExecutor$Worker@24131769[State = -1, empty queue]] WARN  server.GrpcLogAppender (GrpcLogAppender.java:timeoutAppendRequest(200)) - 1e4f299d-27e6-442d-9871-12ab226dd7a8@group-62501194BD52->0c186508-9ecb-45e3-9dfe-464b7fe9f193-GrpcLogAppender: appendEntries Timeout, request=1e4f299d-27e6-442d-9871-12ab226dd7a8->0c186508-9ecb-45e3-9dfe-464b7fe9f193#4-t2, previous=(t:2, i:0), leaderCommit=0, initializing? false, entries: <empty>
2019-09-25 05:08:33,567 [java.util.concurrent.ThreadPoolExecutor$Worker@451d634f[State = -1, empty queue]] WARN  server.GrpcLogAppender (GrpcLogAppender.java:timeoutAppendRequest(200)) - d10fc367-6717-4be7-9c4c-7b0b4f4b0759@group-3A2C0294070D->c0eca757-0426-4809-8d60-c283fabf02c6-GrpcLogAppender: appendEntries Timeout, request=d10fc367-6717-4be7-9c4c-7b0b4f4b0759->c0eca757-0426-4809-8d60-c283fabf02c6#4-t9, previous=(t:9, i:0), leaderCommit=0, initializing? false, entries: <empty>
2019-09-25 05:08:33,571 [java.util.concurrent.ThreadPoolExecutor$Worker@6d3629ac[State = -1, empty queue]] WARN  server.GrpcLogAppender (GrpcLogAppender.java:timeoutAppendRequest(200)) - 1e4f299d-27e6-442d-9871-12ab226dd7a8@group-3D9C9E831C33->95dec85b-23b9-41b7-9d30-1b2eb1816676-GrpcLogAppender: appendEntries Timeout, request=1e4f299d-27e6-442d-9871-12ab226dd7a8->95dec85b-23b9-41b7-9d30-1b2eb1816676#4-t2, previous=(t:2, i:0), leaderCommit=-1, initializing? false, entries: <empty>
2019-09-25 05:08:33,571 [java.util.concurrent.ThreadPoolExecutor$Worker@72b16923[State = -1, empty queue]] WARN  server.GrpcLogAppender (GrpcLogAppender.java:timeoutAppendRequest(200)) - 1e4f299d-27e6-442d-9871-12ab226dd7a8@group-3D9C9E831C33->0c186508-9ecb-45e3-9dfe-464b7fe9f193-GrpcLogAppender: appendEntries Timeout, request=1e4f299d-27e6-442d-9871-12ab226dd7a8->0c186508-9ecb-45e3-9dfe-464b7fe9f193#4-t2, previous=(t:2, i:0), leaderCommit=-1, initializing? false, entries: <empty>
2019-09-25 05:08:33,572 [java.util.concurrent.ThreadPoolExecutor$Worker@7368130f[State = -1, empty queue]] WARN  server.GrpcLogAppender (GrpcLogAppender.java:timeoutAppendRequest(200)) - 95dec85b-23b9-41b7-9d30-1b2eb1816676@group-E97B045DFE39->1e4f299d-27e6-442d-9871-12ab226dd7a8-GrpcLogAppender: appendEntries Timeout, request=95dec85b-23b9-41b7-9d30-1b2eb1816676->1e4f299d-27e6-442d-9871-12ab226dd7a8#4-t3, previous=(t:3, i:0), leaderCommit=-1, initializing? false, entries: <empty>
2019-09-25 05:08:33,572 [java.util.concurrent.ThreadPoolExecutor$Worker@6af36432[State = -1, empty queue]] WARN  server.GrpcLogAppender (GrpcLogAppender.java:timeoutAppendRequest(200)) - 95dec85b-23b9-41b7-9d30-1b2eb1816676@group-E97B045DFE39->0c186508-9ecb-45e3-9dfe-464b7fe9f193-GrpcLogAppender: appendEntries Timeout, request=95dec85b-23b9-41b7-9d30-1b2eb1816676->0c186508-9ecb-45e3-9dfe-464b7fe9f193#4-t3, previous=(t:3, i:0), leaderCommit=-1, initializing? false, entries: <empty>
2019-09-25 05:08:33,628 [java.util.concurrent.ThreadPoolExecutor$Worker@2199c7b0[State = -1, empty queue]] WARN  server.GrpcLogAppender (GrpcLogAppender.java:timeoutAppendRequest(200)) - 1e4f299d-27e6-442d-9871-12ab226dd7a8@group-62501194BD52->95dec85b-23b9-41b7-9d30-1b2eb1816676-GrpcLogAppender: appendEntries Timeout, request=1e4f299d-27e6-442d-9871-12ab226dd7a8->95dec85b-23b9-41b7-9d30-1b2eb1816676#4-t2, previous=(t:2, i:0), leaderCommit=0, initializing? false, entries: <empty>
2019-09-25 05:08:36,067 [java.util.concurrent.ThreadPoolExecutor$Worker@451d634f[State = -1, empty queue]] WARN  server.GrpcLogAppender (GrpcLogAppender.java:timeoutAppendRequest(200)) - d10fc367-6717-4be7-9c4c-7b0b4f4b0759@group-3A2C0294070D->c0eca757-0426-4809-8d60-c283fabf02c6-GrpcLogAppender: appendEntries Timeout, request=d10fc367-6717-4be7-9c4c-7b0b4f4b0759->c0eca757-0426-4809-8d60-c283fabf02c6#5-t9, previous=(t:9, i:0), leaderCommit=0, initializing? false, entries: <empty>
2019-09-25 05:08:36,067 [java.util.concurrent.ThreadPoolExecutor$Worker@24131769[State = -1, empty queue]] WARN  server.GrpcLogAppender (GrpcLogAppender.java:timeoutAppendRequest(200)) - 1e4f299d-27e6-442d-9871-12ab226dd7a8@group-62501194BD52->0c186508-9ecb-45e3-9dfe-464b7fe9f193-GrpcLogAppender: appendEntries Timeout, request=1e4f299d-27e6-442d-9871-12ab226dd7a8->0c186508-9ecb-45e3-9dfe-464b7fe9f193#5-t2, previous=(t:2, i:0), leaderCommit=0, initializing? false, entries: <empty>
2019-09-25 05:08:36,067 [java.util.concurrent.ThreadPoolExecutor$Worker@38b34f8c[State = -1, empty queue]] WARN  server.GrpcLogAppender (GrpcLogAppender.java:timeoutAppendRequest(200)) - d10fc367-6717-4be7-9c4c-7b0b4f4b0759@group-3A2C0294070D->caeda6cb-6345-44ea-a0d4-5f314a967b77-GrpcLogAppender: appendEntries Timeout, request=d10fc367-6717-4be7-9c4c-7b0b4f4b0759->caeda6cb-6345-44ea-a0d4-5f314a967b77#5-t9, previous=(t:9, i:0), leaderCommit=0, initializing? false, entries: <empty>
2019-09-25 05:08:36,071 [java.util.concurrent.ThreadPoolExecutor$Worker@6d3629ac[State = -1, empty queue]] WARN  server.GrpcLogAppender (GrpcLogAppender.java:timeoutAppendRequest(200)) - 1e4f299d-27e6-442d-9871-12ab226dd7a8@group-3D9C9E831C33->95dec85b-23b9-41b7-9d30-1b2eb1816676-GrpcLogAppender: appendEntries Timeout, request=1e4f299d-27e6-442d-9871-12ab226dd7a8->95dec85b-23b9-41b7-9d30-1b2eb1816676#5-t2, previous=(t:2, i:0), leaderCommit=-1, initializing? false, entries: <empty>
2019-09-25 05:08:36,071 [java.util.concurrent.ThreadPoolExecutor$Worker@72b16923[State = -1, empty queue]] WARN  server.GrpcLogAppender (GrpcLogAppender.java:timeoutAppendRequest(200)) - 1e4f299d-27e6-442d-9871-12ab226dd7a8@group-3D9C9E831C33->0c186508-9ecb-45e3-9dfe-464b7fe9f193-GrpcLogAppender: appendEntries Timeout, request=1e4f299d-27e6-442d-9871-12ab226dd7a8->0c186508-9ecb-45e3-9dfe-464b7fe9f193#5-t2, previous=(t:2, i:0), leaderCommit=-1, initializing? false, entries: <empty>
2019-09-25 05:08:36,072 [java.util.concurrent.ThreadPoolExecutor$Worker@7368130f[State = -1, empty queue]] WARN  server.GrpcLogAppender (GrpcLogAppender.java:timeoutAppendRequest(200)) - 95dec85b-23b9-41b7-9d30-1b2eb1816676@group-E97B045DFE39->1e4f299d-27e6-442d-9871-12ab226dd7a8-GrpcLogAppender: appendEntries Timeout, request=95dec85b-23b9-41b7-9d30-1b2eb1816676->1e4f299d-27e6-442d-9871-12ab226dd7a8#5-t3, previous=(t:3, i:0), leaderCommit=-1, initializing? false, entries: <empty>
2019-09-25 05:08:36,073 [java.util.concurrent.ThreadPoolExecutor$Worker@6af36432[State = -1, empty queue]] WARN  server.GrpcLogAppender (GrpcLogAppender.java:timeoutAppendRequest(200)) - 95dec85b-23b9-41b7-9d30-1b2eb1816676@group-E97B045DFE39->0c186508-9ecb-45e3-9dfe-464b7fe9f193-GrpcLogAppender: appendEntries Timeout, request=95dec85b-23b9-41b7-9d30-1b2eb1816676->0c186508-9ecb-45e3-9dfe-464b7fe9f193#5-t3, previous=(t:3, i:0), leaderCommit=-1, initializing? false, entries: <empty>
2019-09-25 05:08:36,128 [java.util.concurrent.ThreadPoolExecutor$Worker@2199c7b0[State = -1, empty queue]] WARN  server.GrpcLogAppender (GrpcLogAppender.java:timeoutAppendRequest(200)) - 1e4f299d-27e6-442d-9871-12ab226dd7a8@group-62501194BD52->95dec85b-23b9-41b7-9d30-1b2eb1816676-GrpcLogAppender: appendEntries Timeout, request=1e4f299d-27e6-442d-9871-12ab226dd7a8->95dec85b-23b9-41b7-9d30-1b2eb1816676#5-t2, previous=(t:2, i:0), leaderCommit=0, initializing? false, entries: <empty>
2019-09-25 05:08:36,527 [bc163c1a-f845-4c36-9592-f8e34b91970d@group-8F81A5CD80FE:LeaderElection145] INFO  impl.LeaderElection (LogUtils.java:infoOrTrace(149)) - bc163c1a-f845-4c36-9592-f8e34b91970d@group-8F81A5CD80FE:LeaderElection145 got exception when requesting votes: {}
java.util.concurrent.ExecutionException: org.apache.ratis.thirdparty.io.grpc.StatusRuntimeException: DEADLINE_EXCEEDED: deadline exceeded after 2999843649ns
	at java.util.concurrent.FutureTask.report(FutureTask.java:122)
	at java.util.concurrent.FutureTask.get(FutureTask.java:192)
	at org.apache.ratis.server.impl.LeaderElection.waitForResults(LeaderElection.java:263)
	at org.apache.ratis.server.impl.LeaderElection.askForVotes(LeaderElection.java:201)
	at org.apache.ratis.server.impl.LeaderElection.run(LeaderElection.java:133)
	at java.lang.Thread.run(Thread.java:748)
Caused by: org.apache.ratis.thirdparty.io.grpc.StatusRuntimeException: DEADLINE_EXCEEDED: deadline exceeded after 2999843649ns
	at org.apache.ratis.thirdparty.io.grpc.stub.ClientCalls.toStatusRuntimeException(ClientCalls.java:233)
	at org.apache.ratis.thirdparty.io.grpc.stub.ClientCalls.getUnchecked(ClientCalls.java:214)
	at org.apache.ratis.thirdparty.io.grpc.stub.ClientCalls.blockingUnaryCall(ClientCalls.java:139)
	at org.apache.ratis.proto.grpc.RaftServerProtocolServiceGrpc$RaftServerProtocolServiceBlockingStub.requestVote(RaftServerProtocolServiceGrpc.java:265)
	at org.apache.ratis.grpc.server.GrpcServerProtocolClient.requestVote(GrpcServerProtocolClient.java:90)
	at org.apache.ratis.grpc.server.GrpcService.requestVote(GrpcService.java:204)
	at org.apache.ratis.server.impl.LeaderElection.lambda$submitRequests$1(LeaderElection.java:238)
	at java.util.concurrent.FutureTask.run(FutureTask.java:266)
	at java.util.concurrent.Executors$RunnableAdapter.call(Executors.java:511)
	at java.util.concurrent.FutureTask.run(FutureTask.java:266)
	at java.util.concurrent.ThreadPoolExecutor.runWorker(ThreadPoolExecutor.java:1149)
	at java.util.concurrent.ThreadPoolExecutor$Worker.run(ThreadPoolExecutor.java:624)
	... 1 more
2019-09-25 05:08:36,527 [59abef46-29ea-4eff-a512-e596f80f6db1@group-8F81A5CD80FE:LeaderElection144] INFO  impl.LeaderElection (LogUtils.java:infoOrTrace(149)) - 59abef46-29ea-4eff-a512-e596f80f6db1@group-8F81A5CD80FE:LeaderElection144 got exception when requesting votes: {}
java.util.concurrent.ExecutionException: org.apache.ratis.thirdparty.io.grpc.StatusRuntimeException: DEADLINE_EXCEEDED: deadline exceeded after 2999854425ns
	at java.util.concurrent.FutureTask.report(FutureTask.java:122)
	at java.util.concurrent.FutureTask.get(FutureTask.java:192)
	at org.apache.ratis.server.impl.LeaderElection.waitForResults(LeaderElection.java:263)
	at org.apache.ratis.server.impl.LeaderElection.askForVotes(LeaderElection.java:201)
	at org.apache.ratis.server.impl.LeaderElection.run(LeaderElection.java:133)
	at java.lang.Thread.run(Thread.java:748)
Caused by: org.apache.ratis.thirdparty.io.grpc.StatusRuntimeException: DEADLINE_EXCEEDED: deadline exceeded after 2999854425ns
	at org.apache.ratis.thirdparty.io.grpc.stub.ClientCalls.toStatusRuntimeException(ClientCalls.java:233)
	at org.apache.ratis.thirdparty.io.grpc.stub.ClientCalls.getUnchecked(ClientCalls.java:214)
	at org.apache.ratis.thirdparty.io.grpc.stub.ClientCalls.blockingUnaryCall(ClientCalls.java:139)
	at org.apache.ratis.proto.grpc.RaftServerProtocolServiceGrpc$RaftServerProtocolServiceBlockingStub.requestVote(RaftServerProtocolServiceGrpc.java:265)
	at org.apache.ratis.grpc.server.GrpcServerProtocolClient.requestVote(GrpcServerProtocolClient.java:90)
	at org.apache.ratis.grpc.server.GrpcService.requestVote(GrpcService.java:204)
	at org.apache.ratis.server.impl.LeaderElection.lambda$submitRequests$1(LeaderElection.java:238)
	at java.util.concurrent.FutureTask.run(FutureTask.java:266)
	at java.util.concurrent.Executors$RunnableAdapter.call(Executors.java:511)
	at java.util.concurrent.FutureTask.run(FutureTask.java:266)
	at java.util.concurrent.ThreadPoolExecutor.runWorker(ThreadPoolExecutor.java:1149)
	at java.util.concurrent.ThreadPoolExecutor$Worker.run(ThreadPoolExecutor.java:624)
	... 1 more
2019-09-25 05:08:36,572 [59abef46-29ea-4eff-a512-e596f80f6db1@group-8F81A5CD80FE:LeaderElection144] INFO  impl.LeaderElection (LeaderElection.java:logAndReturn(56)) - 59abef46-29ea-4eff-a512-e596f80f6db1@group-8F81A5CD80FE:LeaderElection144: Election REJECTED; received 1 response(s) [59abef46-29ea-4eff-a512-e596f80f6db1<-bc163c1a-f845-4c36-9592-f8e34b91970d#0:FAIL-t12] and 1 exception(s); 59abef46-29ea-4eff-a512-e596f80f6db1@group-8F81A5CD80FE:t12, leader=null, voted=59abef46-29ea-4eff-a512-e596f80f6db1, raftlog=59abef46-29ea-4eff-a512-e596f80f6db1@group-8F81A5CD80FE-SegmentedRaftLog:OPENED:c-1,f-1,i0, conf=-1: [bc163c1a-f845-4c36-9592-f8e34b91970d:192.168.36.126:38248, 158ad28b-aa8e-4172-b96b-cbb323932650:192.168.36.126:34188, 59abef46-29ea-4eff-a512-e596f80f6db1:192.168.36.126:38401], old=null
2019-09-25 05:08:36,572 [59abef46-29ea-4eff-a512-e596f80f6db1@group-8F81A5CD80FE:LeaderElection144] INFO  impl.LeaderElection (LogUtils.java:infoOrTrace(149)) -   Exception 0: {}
java.util.concurrent.ExecutionException: org.apache.ratis.thirdparty.io.grpc.StatusRuntimeException: DEADLINE_EXCEEDED: deadline exceeded after 2999854425ns
	at java.util.concurrent.FutureTask.report(FutureTask.java:122)
	at java.util.concurrent.FutureTask.get(FutureTask.java:192)
	at org.apache.ratis.server.impl.LeaderElection.waitForResults(LeaderElection.java:263)
	at org.apache.ratis.server.impl.LeaderElection.askForVotes(LeaderElection.java:201)
	at org.apache.ratis.server.impl.LeaderElection.run(LeaderElection.java:133)
	at java.lang.Thread.run(Thread.java:748)
Caused by: org.apache.ratis.thirdparty.io.grpc.StatusRuntimeException: DEADLINE_EXCEEDED: deadline exceeded after 2999854425ns
	at org.apache.ratis.thirdparty.io.grpc.stub.ClientCalls.toStatusRuntimeException(ClientCalls.java:233)
	at org.apache.ratis.thirdparty.io.grpc.stub.ClientCalls.getUnchecked(ClientCalls.java:214)
	at org.apache.ratis.thirdparty.io.grpc.stub.ClientCalls.blockingUnaryCall(ClientCalls.java:139)
	at org.apache.ratis.proto.grpc.RaftServerProtocolServiceGrpc$RaftServerProtocolServiceBlockingStub.requestVote(RaftServerProtocolServiceGrpc.java:265)
	at org.apache.ratis.grpc.server.GrpcServerProtocolClient.requestVote(GrpcServerProtocolClient.java:90)
	at org.apache.ratis.grpc.server.GrpcService.requestVote(GrpcService.java:204)
	at org.apache.ratis.server.impl.LeaderElection.lambda$submitRequests$1(LeaderElection.java:238)
	at java.util.concurrent.FutureTask.run(FutureTask.java:266)
	at java.util.concurrent.Executors$RunnableAdapter.call(Executors.java:511)
	at java.util.concurrent.FutureTask.run(FutureTask.java:266)
	at java.util.concurrent.ThreadPoolExecutor.runWorker(ThreadPoolExecutor.java:1149)
	at java.util.concurrent.ThreadPoolExecutor$Worker.run(ThreadPoolExecutor.java:624)
	... 1 more
2019-09-25 05:08:36,572 [bc163c1a-f845-4c36-9592-f8e34b91970d@group-8F81A5CD80FE:LeaderElection145] INFO  impl.LeaderElection (LeaderElection.java:logAndReturn(56)) - bc163c1a-f845-4c36-9592-f8e34b91970d@group-8F81A5CD80FE:LeaderElection145: Election REJECTED; received 1 response(s) [bc163c1a-f845-4c36-9592-f8e34b91970d<-59abef46-29ea-4eff-a512-e596f80f6db1#0:FAIL-t12] and 1 exception(s); bc163c1a-f845-4c36-9592-f8e34b91970d@group-8F81A5CD80FE:t12, leader=null, voted=bc163c1a-f845-4c36-9592-f8e34b91970d, raftlog=bc163c1a-f845-4c36-9592-f8e34b91970d@group-8F81A5CD80FE-SegmentedRaftLog:OPENED:c-1,f-1,i0, conf=-1: [bc163c1a-f845-4c36-9592-f8e34b91970d:192.168.36.126:38248, 158ad28b-aa8e-4172-b96b-cbb323932650:192.168.36.126:34188, 59abef46-29ea-4eff-a512-e596f80f6db1:192.168.36.126:38401], old=null
2019-09-25 05:08:36,572 [59abef46-29ea-4eff-a512-e596f80f6db1@group-8F81A5CD80FE:LeaderElection144] INFO  impl.RaftServerImpl (RaftServerImpl.java:setRole(174)) - 59abef46-29ea-4eff-a512-e596f80f6db1@group-8F81A5CD80FE: changes role from CANDIDATE to FOLLOWER at term 12 for DISCOVERED_A_NEW_TERM
2019-09-25 05:08:36,573 [bc163c1a-f845-4c36-9592-f8e34b91970d@group-8F81A5CD80FE:LeaderElection145] INFO  impl.LeaderElection (LogUtils.java:infoOrTrace(149)) -   Exception 0: {}
java.util.concurrent.ExecutionException: org.apache.ratis.thirdparty.io.grpc.StatusRuntimeException: DEADLINE_EXCEEDED: deadline exceeded after 2999843649ns
	at java.util.concurrent.FutureTask.report(FutureTask.java:122)
	at java.util.concurrent.FutureTask.get(FutureTask.java:192)
	at org.apache.ratis.server.impl.LeaderElection.waitForResults(LeaderElection.java:263)
	at org.apache.ratis.server.impl.LeaderElection.askForVotes(LeaderElection.java:201)
	at org.apache.ratis.server.impl.LeaderElection.run(LeaderElection.java:133)
	at java.lang.Thread.run(Thread.java:748)
Caused by: org.apache.ratis.thirdparty.io.grpc.StatusRuntimeException: DEADLINE_EXCEEDED: deadline exceeded after 2999843649ns
	at org.apache.ratis.thirdparty.io.grpc.stub.ClientCalls.toStatusRuntimeException(ClientCalls.java:233)
	at org.apache.ratis.thirdparty.io.grpc.stub.ClientCalls.getUnchecked(ClientCalls.java:214)
	at org.apache.ratis.thirdparty.io.grpc.stub.ClientCalls.blockingUnaryCall(ClientCalls.java:139)
	at org.apache.ratis.proto.grpc.RaftServerProtocolServiceGrpc$RaftServerProtocolServiceBlockingStub.requestVote(RaftServerProtocolServiceGrpc.java:265)
	at org.apache.ratis.grpc.server.GrpcServerProtocolClient.requestVote(GrpcServerProtocolClient.java:90)
	at org.apache.ratis.grpc.server.GrpcService.requestVote(GrpcService.java:204)
	at org.apache.ratis.server.impl.LeaderElection.lambda$submitRequests$1(LeaderElection.java:238)
	at java.util.concurrent.FutureTask.run(FutureTask.java:266)
	at java.util.concurrent.Executors$RunnableAdapter.call(Executors.java:511)
	at java.util.concurrent.FutureTask.run(FutureTask.java:266)
	at java.util.concurrent.ThreadPoolExecutor.runWorker(ThreadPoolExecutor.java:1149)
	at java.util.concurrent.ThreadPoolExecutor$Worker.run(ThreadPoolExecutor.java:624)
	... 1 more
2019-09-25 05:08:36,573 [59abef46-29ea-4eff-a512-e596f80f6db1@group-8F81A5CD80FE:LeaderElection144] INFO  impl.RoleInfo (RoleInfo.java:shutdownLeaderElection(134)) - 59abef46-29ea-4eff-a512-e596f80f6db1: shutdown LeaderElection
2019-09-25 05:08:36,574 [bc163c1a-f845-4c36-9592-f8e34b91970d@group-8F81A5CD80FE:LeaderElection145] INFO  impl.RaftServerImpl (RaftServerImpl.java:setRole(174)) - bc163c1a-f845-4c36-9592-f8e34b91970d@group-8F81A5CD80FE: changes role from CANDIDATE to FOLLOWER at term 12 for DISCOVERED_A_NEW_TERM
2019-09-25 05:08:36,574 [59abef46-29ea-4eff-a512-e596f80f6db1@group-8F81A5CD80FE:LeaderElection144] INFO  impl.RoleInfo (RoleInfo.java:updateAndGet(143)) - 59abef46-29ea-4eff-a512-e596f80f6db1: start FollowerState
2019-09-25 05:08:36,574 [bc163c1a-f845-4c36-9592-f8e34b91970d@group-8F81A5CD80FE:LeaderElection145] INFO  impl.RoleInfo (RoleInfo.java:shutdownLeaderElection(134)) - bc163c1a-f845-4c36-9592-f8e34b91970d: shutdown LeaderElection
2019-09-25 05:08:36,574 [bc163c1a-f845-4c36-9592-f8e34b91970d@group-8F81A5CD80FE:LeaderElection145] INFO  impl.RoleInfo (RoleInfo.java:updateAndGet(143)) - bc163c1a-f845-4c36-9592-f8e34b91970d: start FollowerState
2019-09-25 05:08:38,567 [java.util.concurrent.ThreadPoolExecutor$Worker@38b34f8c[State = -1, empty queue]] WARN  server.GrpcLogAppender (GrpcLogAppender.java:timeoutAppendRequest(200)) - d10fc367-6717-4be7-9c4c-7b0b4f4b0759@group-3A2C0294070D->caeda6cb-6345-44ea-a0d4-5f314a967b77-GrpcLogAppender: appendEntries Timeout, request=d10fc367-6717-4be7-9c4c-7b0b4f4b0759->caeda6cb-6345-44ea-a0d4-5f314a967b77#6-t9, previous=(t:9, i:0), leaderCommit=0, initializing? false, entries: <empty>
2019-09-25 05:08:38,567 [java.util.concurrent.ThreadPoolExecutor$Worker@24131769[State = -1, empty queue]] WARN  server.GrpcLogAppender (GrpcLogAppender.java:timeoutAppendRequest(200)) - 1e4f299d-27e6-442d-9871-12ab226dd7a8@group-62501194BD52->0c186508-9ecb-45e3-9dfe-464b7fe9f193-GrpcLogAppender: appendEntries Timeout, request=1e4f299d-27e6-442d-9871-12ab226dd7a8->0c186508-9ecb-45e3-9dfe-464b7fe9f193#6-t2, previous=(t:2, i:0), leaderCommit=0, initializing? false, entries: <empty>
2019-09-25 05:08:38,567 [java.util.concurrent.ThreadPoolExecutor$Worker@451d634f[State = -1, empty queue]] WARN  server.GrpcLogAppender (GrpcLogAppender.java:timeoutAppendRequest(200)) - d10fc367-6717-4be7-9c4c-7b0b4f4b0759@group-3A2C0294070D->c0eca757-0426-4809-8d60-c283fabf02c6-GrpcLogAppender: appendEntries Timeout, request=d10fc367-6717-4be7-9c4c-7b0b4f4b0759->c0eca757-0426-4809-8d60-c283fabf02c6#6-t9, previous=(t:9, i:0), leaderCommit=0, initializing? false, entries: <empty>
2019-09-25 05:08:38,571 [java.util.concurrent.ThreadPoolExecutor$Worker@6d3629ac[State = -1, empty queue]] WARN  server.GrpcLogAppender (GrpcLogAppender.java:timeoutAppendRequest(200)) - 1e4f299d-27e6-442d-9871-12ab226dd7a8@group-3D9C9E831C33->95dec85b-23b9-41b7-9d30-1b2eb1816676-GrpcLogAppender: appendEntries Timeout, request=1e4f299d-27e6-442d-9871-12ab226dd7a8->95dec85b-23b9-41b7-9d30-1b2eb1816676#6-t2, previous=(t:2, i:0), leaderCommit=-1, initializing? false, entries: <empty>
2019-09-25 05:08:38,572 [java.util.concurrent.ThreadPoolExecutor$Worker@72b16923[State = -1, empty queue]] WARN  server.GrpcLogAppender (GrpcLogAppender.java:timeoutAppendRequest(200)) - 1e4f299d-27e6-442d-9871-12ab226dd7a8@group-3D9C9E831C33->0c186508-9ecb-45e3-9dfe-464b7fe9f193-GrpcLogAppender: appendEntries Timeout, request=1e4f299d-27e6-442d-9871-12ab226dd7a8->0c186508-9ecb-45e3-9dfe-464b7fe9f193#6-t2, previous=(t:2, i:0), leaderCommit=-1, initializing? false, entries: <empty>
2019-09-25 05:08:38,572 [java.util.concurrent.ThreadPoolExecutor$Worker@7368130f[State = -1, empty queue]] WARN  server.GrpcLogAppender (GrpcLogAppender.java:timeoutAppendRequest(200)) - 95dec85b-23b9-41b7-9d30-1b2eb1816676@group-E97B045DFE39->1e4f299d-27e6-442d-9871-12ab226dd7a8-GrpcLogAppender: appendEntries Timeout, request=95dec85b-23b9-41b7-9d30-1b2eb1816676->1e4f299d-27e6-442d-9871-12ab226dd7a8#6-t3, previous=(t:3, i:0), leaderCommit=-1, initializing? false, entries: <empty>
2019-09-25 05:08:38,573 [java.util.concurrent.ThreadPoolExecutor$Worker@6af36432[State = -1, empty queue]] WARN  server.GrpcLogAppender (GrpcLogAppender.java:timeoutAppendRequest(200)) - 95dec85b-23b9-41b7-9d30-1b2eb1816676@group-E97B045DFE39->0c186508-9ecb-45e3-9dfe-464b7fe9f193-GrpcLogAppender: appendEntries Timeout, request=95dec85b-23b9-41b7-9d30-1b2eb1816676->0c186508-9ecb-45e3-9dfe-464b7fe9f193#6-t3, previous=(t:3, i:0), leaderCommit=-1, initializing? false, entries: <empty>
2019-09-25 05:08:38,628 [java.util.concurrent.ThreadPoolExecutor$Worker@2199c7b0[State = -1, empty queue]] WARN  server.GrpcLogAppender (GrpcLogAppender.java:timeoutAppendRequest(200)) - 1e4f299d-27e6-442d-9871-12ab226dd7a8@group-62501194BD52->95dec85b-23b9-41b7-9d30-1b2eb1816676-GrpcLogAppender: appendEntries Timeout, request=1e4f299d-27e6-442d-9871-12ab226dd7a8->95dec85b-23b9-41b7-9d30-1b2eb1816676#6-t2, previous=(t:2, i:0), leaderCommit=0, initializing? false, entries: <empty>
2019-09-25 05:08:38,677 [grpc-default-executor-11] WARN  server.GrpcLogAppender (GrpcLogAppender.java:onNextImpl(251)) - d10fc367-6717-4be7-9c4c-7b0b4f4b0759@group-3A2C0294070D->c0eca757-0426-4809-8d60-c283fabf02c6-AppendLogResponseHandler: Request not found, ignoring reply: d10fc367-6717-4be7-9c4c-7b0b4f4b0759<-c0eca757-0426-4809-8d60-c283fabf02c6#1:OK,SUCCESS,nextIndex:1,term:9,followerCommit:-1
2019-09-25 05:08:38,678 [grpc-default-executor-7] WARN  server.GrpcLogAppender (GrpcLogAppender.java:onNextImpl(251)) - 1e4f299d-27e6-442d-9871-12ab226dd7a8@group-62501194BD52->0c186508-9ecb-45e3-9dfe-464b7fe9f193-AppendLogResponseHandler: Request not found, ignoring reply: 1e4f299d-27e6-442d-9871-12ab226dd7a8<-0c186508-9ecb-45e3-9dfe-464b7fe9f193#1:OK,SUCCESS,nextIndex:1,term:2,followerCommit:-1
2019-09-25 05:08:38,678 [grpc-default-executor-0] WARN  server.GrpcLogAppender (GrpcLogAppender.java:onNextImpl(251)) - 95dec85b-23b9-41b7-9d30-1b2eb1816676@group-E97B045DFE39->0c186508-9ecb-45e3-9dfe-464b7fe9f193-AppendLogResponseHandler: Request not found, ignoring reply: 95dec85b-23b9-41b7-9d30-1b2eb1816676<-0c186508-9ecb-45e3-9dfe-464b7fe9f193#1:OK,SUCCESS,nextIndex:1,term:3,followerCommit:-1
2019-09-25 05:08:38,678 [grpc-default-executor-7] WARN  server.GrpcLogAppender (GrpcLogAppender.java:onNextImpl(251)) - 1e4f299d-27e6-442d-9871-12ab226dd7a8@group-62501194BD52->0c186508-9ecb-45e3-9dfe-464b7fe9f193-AppendLogResponseHandler: Request not found, ignoring reply: 1e4f299d-27e6-442d-9871-12ab226dd7a8<-0c186508-9ecb-45e3-9dfe-464b7fe9f193#2:OK,SUCCESS,nextIndex:1,term:2,followerCommit:-1
2019-09-25 05:08:38,678 [grpc-default-executor-11] WARN  server.GrpcLogAppender (GrpcLogAppender.java:onNextImpl(251)) - d10fc367-6717-4be7-9c4c-7b0b4f4b0759@group-3A2C0294070D->c0eca757-0426-4809-8d60-c283fabf02c6-AppendLogResponseHandler: Request not found, ignoring reply: d10fc367-6717-4be7-9c4c-7b0b4f4b0759<-c0eca757-0426-4809-8d60-c283fabf02c6#2:OK,SUCCESS,nextIndex:1,term:9,followerCommit:-1
2019-09-25 05:08:38,679 [grpc-default-executor-7] WARN  server.GrpcLogAppender (GrpcLogAppender.java:onNextImpl(251)) - 1e4f299d-27e6-442d-9871-12ab226dd7a8@group-62501194BD52->0c186508-9ecb-45e3-9dfe-464b7fe9f193-AppendLogResponseHandler: Request not found, ignoring reply: 1e4f299d-27e6-442d-9871-12ab226dd7a8<-0c186508-9ecb-45e3-9dfe-464b7fe9f193#3:OK,SUCCESS,nextIndex:1,term:2,followerCommit:-1
2019-09-25 05:08:38,678 [grpc-default-executor-4] WARN  server.GrpcLogAppender (GrpcLogAppender.java:onNextImpl(251)) - d10fc367-6717-4be7-9c4c-7b0b4f4b0759@group-3A2C0294070D->caeda6cb-6345-44ea-a0d4-5f314a967b77-AppendLogResponseHandler: Request not found, ignoring reply: d10fc367-6717-4be7-9c4c-7b0b4f4b0759<-caeda6cb-6345-44ea-a0d4-5f314a967b77#1:OK,SUCCESS,nextIndex:1,term:9,followerCommit:-1
2019-09-25 05:08:38,678 [grpc-default-executor-0] WARN  server.GrpcLogAppender (GrpcLogAppender.java:onNextImpl(251)) - 95dec85b-23b9-41b7-9d30-1b2eb1816676@group-E97B045DFE39->0c186508-9ecb-45e3-9dfe-464b7fe9f193-AppendLogResponseHandler: Request not found, ignoring reply: 95dec85b-23b9-41b7-9d30-1b2eb1816676<-0c186508-9ecb-45e3-9dfe-464b7fe9f193#2:OK,SUCCESS,nextIndex:1,term:3,followerCommit:-1
2019-09-25 05:08:38,679 [grpc-default-executor-4] WARN  server.GrpcLogAppender (GrpcLogAppender.java:onNextImpl(251)) - d10fc367-6717-4be7-9c4c-7b0b4f4b0759@group-3A2C0294070D->caeda6cb-6345-44ea-a0d4-5f314a967b77-AppendLogResponseHandler: Request not found, ignoring reply: d10fc367-6717-4be7-9c4c-7b0b4f4b0759<-caeda6cb-6345-44ea-a0d4-5f314a967b77#2:OK,SUCCESS,nextIndex:1,term:9,followerCommit:-1
2019-09-25 05:08:38,679 [grpc-default-executor-11] WARN  server.GrpcLogAppender (GrpcLogAppender.java:onNextImpl(251)) - 1e4f299d-27e6-442d-9871-12ab226dd7a8@group-62501194BD52->0c186508-9ecb-45e3-9dfe-464b7fe9f193-AppendLogResponseHandler: Request not found, ignoring reply: 1e4f299d-27e6-442d-9871-12ab226dd7a8<-0c186508-9ecb-45e3-9dfe-464b7fe9f193#4:OK,SUCCESS,nextIndex:1,term:2,followerCommit:-1
2019-09-25 05:08:38,679 [grpc-default-executor-7] WARN  server.GrpcLogAppender (GrpcLogAppender.java:onNextImpl(251)) - d10fc367-6717-4be7-9c4c-7b0b4f4b0759@group-3A2C0294070D->c0eca757-0426-4809-8d60-c283fabf02c6-AppendLogResponseHandler: Request not found, ignoring reply: d10fc367-6717-4be7-9c4c-7b0b4f4b0759<-c0eca757-0426-4809-8d60-c283fabf02c6#3:OK,SUCCESS,nextIndex:1,term:9,followerCommit:-1
2019-09-25 05:08:38,679 [grpc-default-executor-9] WARN  server.GrpcLogAppender (GrpcLogAppender.java:onNextImpl(251)) - 1e4f299d-27e6-442d-9871-12ab226dd7a8@group-3D9C9E831C33->95dec85b-23b9-41b7-9d30-1b2eb1816676-AppendLogResponseHandler: Request not found, ignoring reply: 1e4f299d-27e6-442d-9871-12ab226dd7a8<-95dec85b-23b9-41b7-9d30-1b2eb1816676#1:OK,SUCCESS,nextIndex:1,term:2,followerCommit:-1
2019-09-25 05:08:38,680 [grpc-default-executor-11] WARN  server.GrpcLogAppender (GrpcLogAppender.java:onNextImpl(251)) - d10fc367-6717-4be7-9c4c-7b0b4f4b0759@group-3A2C0294070D->c0eca757-0426-4809-8d60-c283fabf02c6-AppendLogResponseHandler: Request not found, ignoring reply: d10fc367-6717-4be7-9c4c-7b0b4f4b0759<-c0eca757-0426-4809-8d60-c283fabf02c6#4:OK,SUCCESS,nextIndex:1,term:9,followerCommit:-1
2019-09-25 05:08:38,680 [grpc-default-executor-7] WARN  server.GrpcLogAppender (GrpcLogAppender.java:onNextImpl(251)) - 1e4f299d-27e6-442d-9871-12ab226dd7a8@group-62501194BD52->0c186508-9ecb-45e3-9dfe-464b7fe9f193-AppendLogResponseHandler: Request not found, ignoring reply: 1e4f299d-27e6-442d-9871-12ab226dd7a8<-0c186508-9ecb-45e3-9dfe-464b7fe9f193#5:OK,SUCCESS,nextIndex:1,term:2,followerCommit:-1
2019-09-25 05:08:38,680 [grpc-default-executor-11] WARN  server.GrpcLogAppender (GrpcLogAppender.java:onNextImpl(251)) - 1e4f299d-27e6-442d-9871-12ab226dd7a8@group-3D9C9E831C33->0c186508-9ecb-45e3-9dfe-464b7fe9f193-AppendLogResponseHandler: Request not found, ignoring reply: 1e4f299d-27e6-442d-9871-12ab226dd7a8<-0c186508-9ecb-45e3-9dfe-464b7fe9f193#1:OK,SUCCESS,nextIndex:1,term:2,followerCommit:-1
2019-09-25 05:08:38,680 [grpc-default-executor-6] WARN  server.GrpcLogAppender (GrpcLogAppender.java:onNextImpl(251)) - 1e4f299d-27e6-442d-9871-12ab226dd7a8@group-62501194BD52->95dec85b-23b9-41b7-9d30-1b2eb1816676-AppendLogResponseHandler: Request not found, ignoring reply: 1e4f299d-27e6-442d-9871-12ab226dd7a8<-95dec85b-23b9-41b7-9d30-1b2eb1816676#1:OK,SUCCESS,nextIndex:1,term:2,followerCommit:-1
2019-09-25 05:08:38,679 [grpc-default-executor-4] WARN  server.GrpcLogAppender (GrpcLogAppender.java:onNextImpl(251)) - d10fc367-6717-4be7-9c4c-7b0b4f4b0759@group-3A2C0294070D->caeda6cb-6345-44ea-a0d4-5f314a967b77-AppendLogResponseHandler: Request not found, ignoring reply: d10fc367-6717-4be7-9c4c-7b0b4f4b0759<-caeda6cb-6345-44ea-a0d4-5f314a967b77#3:OK,SUCCESS,nextIndex:1,term:9,followerCommit:-1
2019-09-25 05:08:38,679 [grpc-default-executor-0] WARN  server.GrpcLogAppender (GrpcLogAppender.java:onNextImpl(251)) - 95dec85b-23b9-41b7-9d30-1b2eb1816676@group-E97B045DFE39->0c186508-9ecb-45e3-9dfe-464b7fe9f193-AppendLogResponseHandler: Request not found, ignoring reply: 95dec85b-23b9-41b7-9d30-1b2eb1816676<-0c186508-9ecb-45e3-9dfe-464b7fe9f193#3:OK,SUCCESS,nextIndex:1,term:3,followerCommit:-1
2019-09-25 05:08:38,679 [grpc-default-executor-1] WARN  server.GrpcLogAppender (GrpcLogAppender.java:onNextImpl(251)) - 95dec85b-23b9-41b7-9d30-1b2eb1816676@group-E97B045DFE39->1e4f299d-27e6-442d-9871-12ab226dd7a8-AppendLogResponseHandler: Request not found, ignoring reply: 95dec85b-23b9-41b7-9d30-1b2eb1816676<-1e4f299d-27e6-442d-9871-12ab226dd7a8#1:OK,SUCCESS,nextIndex:1,term:3,followerCommit:-1
2019-09-25 05:08:38,681 [grpc-default-executor-0] WARN  server.GrpcLogAppender (GrpcLogAppender.java:onNextImpl(251)) - 95dec85b-23b9-41b7-9d30-1b2eb1816676@group-E97B045DFE39->0c186508-9ecb-45e3-9dfe-464b7fe9f193-AppendLogResponseHandler: Request not found, ignoring reply: 95dec85b-23b9-41b7-9d30-1b2eb1816676<-0c186508-9ecb-45e3-9dfe-464b7fe9f193#4:OK,SUCCESS,nextIndex:1,term:3,followerCommit:-1
2019-09-25 05:08:38,681 [grpc-default-executor-1] WARN  server.GrpcLogAppender (GrpcLogAppender.java:onNextImpl(251)) - 95dec85b-23b9-41b7-9d30-1b2eb1816676@group-E97B045DFE39->1e4f299d-27e6-442d-9871-12ab226dd7a8-AppendLogResponseHandler: Request not found, ignoring reply: 95dec85b-23b9-41b7-9d30-1b2eb1816676<-1e4f299d-27e6-442d-9871-12ab226dd7a8#2:OK,SUCCESS,nextIndex:1,term:3,followerCommit:-1
2019-09-25 05:08:38,681 [grpc-default-executor-0] WARN  server.GrpcLogAppender (GrpcLogAppender.java:onNextImpl(251)) - 95dec85b-23b9-41b7-9d30-1b2eb1816676@group-E97B045DFE39->0c186508-9ecb-45e3-9dfe-464b7fe9f193-AppendLogResponseHandler: Request not found, ignoring reply: 95dec85b-23b9-41b7-9d30-1b2eb1816676<-0c186508-9ecb-45e3-9dfe-464b7fe9f193#5:OK,SUCCESS,nextIndex:1,term:3,followerCommit:-1
2019-09-25 05:08:38,681 [grpc-default-executor-1] WARN  server.GrpcLogAppender (GrpcLogAppender.java:onNextImpl(251)) - 95dec85b-23b9-41b7-9d30-1b2eb1816676@group-E97B045DFE39->1e4f299d-27e6-442d-9871-12ab226dd7a8-AppendLogResponseHandler: Request not found, ignoring reply: 95dec85b-23b9-41b7-9d30-1b2eb1816676<-1e4f299d-27e6-442d-9871-12ab226dd7a8#3:OK,SUCCESS,nextIndex:1,term:3,followerCommit:-1
2019-09-25 05:08:38,681 [grpc-default-executor-4] WARN  server.GrpcLogAppender (GrpcLogAppender.java:onNextImpl(251)) - d10fc367-6717-4be7-9c4c-7b0b4f4b0759@group-3A2C0294070D->caeda6cb-6345-44ea-a0d4-5f314a967b77-AppendLogResponseHandler: Request not found, ignoring reply: d10fc367-6717-4be7-9c4c-7b0b4f4b0759<-caeda6cb-6345-44ea-a0d4-5f314a967b77#4:OK,SUCCESS,nextIndex:1,term:9,followerCommit:-1
2019-09-25 05:08:38,681 [grpc-default-executor-6] WARN  server.GrpcLogAppender (GrpcLogAppender.java:onNextImpl(251)) - 1e4f299d-27e6-442d-9871-12ab226dd7a8@group-62501194BD52->95dec85b-23b9-41b7-9d30-1b2eb1816676-AppendLogResponseHandler: Request not found, ignoring reply: 1e4f299d-27e6-442d-9871-12ab226dd7a8<-95dec85b-23b9-41b7-9d30-1b2eb1816676#2:OK,SUCCESS,nextIndex:1,term:2,followerCommit:-1
2019-09-25 05:08:38,680 [grpc-default-executor-11] WARN  server.GrpcLogAppender (GrpcLogAppender.java:onNextImpl(251)) - 1e4f299d-27e6-442d-9871-12ab226dd7a8@group-3D9C9E831C33->0c186508-9ecb-45e3-9dfe-464b7fe9f193-AppendLogResponseHandler: Request not found, ignoring reply: 1e4f299d-27e6-442d-9871-12ab226dd7a8<-0c186508-9ecb-45e3-9dfe-464b7fe9f193#2:OK,SUCCESS,nextIndex:1,term:2,followerCommit:-1
2019-09-25 05:08:38,680 [grpc-default-executor-3] WARN  server.GrpcLogAppender (GrpcLogAppender.java:onNextImpl(251)) - d10fc367-6717-4be7-9c4c-7b0b4f4b0759@group-3A2C0294070D->c0eca757-0426-4809-8d60-c283fabf02c6-AppendLogResponseHandler: Request not found, ignoring reply: d10fc367-6717-4be7-9c4c-7b0b4f4b0759<-c0eca757-0426-4809-8d60-c283fabf02c6#5:OK,SUCCESS,nextIndex:1,term:9,followerCommit:-1
2019-09-25 05:08:38,680 [grpc-default-executor-7] WARN  server.GrpcLogAppender (GrpcLogAppender.java:onNextImpl(251)) - 1e4f299d-27e6-442d-9871-12ab226dd7a8@group-62501194BD52->0c186508-9ecb-45e3-9dfe-464b7fe9f193-AppendLogResponseHandler: Request not found, ignoring reply: 1e4f299d-27e6-442d-9871-12ab226dd7a8<-0c186508-9ecb-45e3-9dfe-464b7fe9f193#6:OK,SUCCESS,nextIndex:1,term:2,followerCommit:-1
2019-09-25 05:08:38,680 [grpc-default-executor-9] WARN  server.GrpcLogAppender (GrpcLogAppender.java:onNextImpl(251)) - 1e4f299d-27e6-442d-9871-12ab226dd7a8@group-3D9C9E831C33->95dec85b-23b9-41b7-9d30-1b2eb1816676-AppendLogResponseHandler: Request not found, ignoring reply: 1e4f299d-27e6-442d-9871-12ab226dd7a8<-95dec85b-23b9-41b7-9d30-1b2eb1816676#2:OK,SUCCESS,nextIndex:1,term:2,followerCommit:-1
2019-09-25 05:08:38,683 [grpc-default-executor-3] WARN  server.GrpcLogAppender (GrpcLogAppender.java:onNextImpl(251)) - d10fc367-6717-4be7-9c4c-7b0b4f4b0759@group-3A2C0294070D->c0eca757-0426-4809-8d60-c283fabf02c6-AppendLogResponseHandler: Request not found, ignoring reply: d10fc367-6717-4be7-9c4c-7b0b4f4b0759<-c0eca757-0426-4809-8d60-c283fabf02c6#6:OK,SUCCESS,nextIndex:1,term:9,followerCommit:-1
2019-09-25 05:08:38,682 [grpc-default-executor-11] WARN  server.GrpcLogAppender (GrpcLogAppender.java:onNextImpl(251)) - 1e4f299d-27e6-442d-9871-12ab226dd7a8@group-3D9C9E831C33->0c186508-9ecb-45e3-9dfe-464b7fe9f193-AppendLogResponseHandler: Request not found, ignoring reply: 1e4f299d-27e6-442d-9871-12ab226dd7a8<-0c186508-9ecb-45e3-9dfe-464b7fe9f193#3:OK,SUCCESS,nextIndex:1,term:2,followerCommit:-1
2019-09-25 05:08:38,682 [grpc-default-executor-6] WARN  server.GrpcLogAppender (GrpcLogAppender.java:onNextImpl(251)) - 1e4f299d-27e6-442d-9871-12ab226dd7a8@group-62501194BD52->95dec85b-23b9-41b7-9d30-1b2eb1816676-AppendLogResponseHandler: Request not found, ignoring reply: 1e4f299d-27e6-442d-9871-12ab226dd7a8<-95dec85b-23b9-41b7-9d30-1b2eb1816676#3:OK,SUCCESS,nextIndex:1,term:2,followerCommit:-1
2019-09-25 05:08:38,682 [grpc-default-executor-4] WARN  server.GrpcLogAppender (GrpcLogAppender.java:onNextImpl(251)) - d10fc367-6717-4be7-9c4c-7b0b4f4b0759@group-3A2C0294070D->caeda6cb-6345-44ea-a0d4-5f314a967b77-AppendLogResponseHandler: Request not found, ignoring reply: d10fc367-6717-4be7-9c4c-7b0b4f4b0759<-caeda6cb-6345-44ea-a0d4-5f314a967b77#5:OK,SUCCESS,nextIndex:1,term:9,followerCommit:-1
2019-09-25 05:08:38,682 [grpc-default-executor-1] WARN  server.GrpcLogAppender (GrpcLogAppender.java:onNextImpl(251)) - 95dec85b-23b9-41b7-9d30-1b2eb1816676@group-E97B045DFE39->1e4f299d-27e6-442d-9871-12ab226dd7a8-AppendLogResponseHandler: Request not found, ignoring reply: 95dec85b-23b9-41b7-9d30-1b2eb1816676<-1e4f299d-27e6-442d-9871-12ab226dd7a8#4:OK,SUCCESS,nextIndex:1,term:3,followerCommit:-1
2019-09-25 05:08:38,682 [grpc-default-executor-0] WARN  server.GrpcLogAppender (GrpcLogAppender.java:onNextImpl(251)) - 95dec85b-23b9-41b7-9d30-1b2eb1816676@group-E97B045DFE39->0c186508-9ecb-45e3-9dfe-464b7fe9f193-AppendLogResponseHandler: Request not found, ignoring reply: 95dec85b-23b9-41b7-9d30-1b2eb1816676<-0c186508-9ecb-45e3-9dfe-464b7fe9f193#6:OK,SUCCESS,nextIndex:1,term:3,followerCommit:-1
2019-09-25 05:08:38,684 [grpc-default-executor-1] WARN  server.GrpcLogAppender (GrpcLogAppender.java:onNextImpl(251)) - 95dec85b-23b9-41b7-9d30-1b2eb1816676@group-E97B045DFE39->1e4f299d-27e6-442d-9871-12ab226dd7a8-AppendLogResponseHandler: Request not found, ignoring reply: 95dec85b-23b9-41b7-9d30-1b2eb1816676<-1e4f299d-27e6-442d-9871-12ab226dd7a8#5:OK,SUCCESS,nextIndex:1,term:3,followerCommit:-1
2019-09-25 05:08:38,683 [grpc-default-executor-4] WARN  server.GrpcLogAppender (GrpcLogAppender.java:onNextImpl(251)) - d10fc367-6717-4be7-9c4c-7b0b4f4b0759@group-3A2C0294070D->caeda6cb-6345-44ea-a0d4-5f314a967b77-AppendLogResponseHandler: Request not found, ignoring reply: d10fc367-6717-4be7-9c4c-7b0b4f4b0759<-caeda6cb-6345-44ea-a0d4-5f314a967b77#6:OK,SUCCESS,nextIndex:1,term:9,followerCommit:-1
2019-09-25 05:08:38,684 [grpc-default-executor-1] WARN  server.GrpcLogAppender (GrpcLogAppender.java:onNextImpl(251)) - 95dec85b-23b9-41b7-9d30-1b2eb1816676@group-E97B045DFE39->1e4f299d-27e6-442d-9871-12ab226dd7a8-AppendLogResponseHandler: Request not found, ignoring reply: 95dec85b-23b9-41b7-9d30-1b2eb1816676<-1e4f299d-27e6-442d-9871-12ab226dd7a8#6:OK,SUCCESS,nextIndex:1,term:3,followerCommit:-1
2019-09-25 05:08:38,683 [grpc-default-executor-6] WARN  server.GrpcLogAppender (GrpcLogAppender.java:onNextImpl(251)) - 1e4f299d-27e6-442d-9871-12ab226dd7a8@group-62501194BD52->95dec85b-23b9-41b7-9d30-1b2eb1816676-AppendLogResponseHandler: Request not found, ignoring reply: 1e4f299d-27e6-442d-9871-12ab226dd7a8<-95dec85b-23b9-41b7-9d30-1b2eb1816676#4:OK,SUCCESS,nextIndex:1,term:2,followerCommit:-1
2019-09-25 05:08:38,683 [grpc-default-executor-11] WARN  server.GrpcLogAppender (GrpcLogAppender.java:onNextImpl(251)) - 1e4f299d-27e6-442d-9871-12ab226dd7a8@group-3D9C9E831C33->0c186508-9ecb-45e3-9dfe-464b7fe9f193-AppendLogResponseHandler: Request not found, ignoring reply: 1e4f299d-27e6-442d-9871-12ab226dd7a8<-0c186508-9ecb-45e3-9dfe-464b7fe9f193#4:OK,SUCCESS,nextIndex:1,term:2,followerCommit:-1
2019-09-25 05:08:38,683 [grpc-default-executor-7] WARN  server.GrpcLogAppender (GrpcLogAppender.java:onNextImpl(251)) - 1e4f299d-27e6-442d-9871-12ab226dd7a8@group-3D9C9E831C33->95dec85b-23b9-41b7-9d30-1b2eb1816676-AppendLogResponseHandler: Request not found, ignoring reply: 1e4f299d-27e6-442d-9871-12ab226dd7a8<-95dec85b-23b9-41b7-9d30-1b2eb1816676#3:OK,SUCCESS,nextIndex:1,term:2,followerCommit:-1
2019-09-25 05:08:38,685 [grpc-default-executor-11] WARN  server.GrpcLogAppender (GrpcLogAppender.java:onNextImpl(251)) - 1e4f299d-27e6-442d-9871-12ab226dd7a8@group-3D9C9E831C33->0c186508-9ecb-45e3-9dfe-464b7fe9f193-AppendLogResponseHandler: Request not found, ignoring reply: 1e4f299d-27e6-442d-9871-12ab226dd7a8<-0c186508-9ecb-45e3-9dfe-464b7fe9f193#5:OK,SUCCESS,nextIndex:1,term:2,followerCommit:-1
2019-09-25 05:08:38,685 [158ad28b-aa8e-4172-b96b-cbb323932650@group-8F81A5CD80FE:LeaderElection146] INFO  impl.LeaderElection (LeaderElection.java:askForVotes(182)) - 158ad28b-aa8e-4172-b96b-cbb323932650@group-8F81A5CD80FE:LeaderElection146: begin an election at term 12 for 0: [bc163c1a-f845-4c36-9592-f8e34b91970d:192.168.36.126:38248, 158ad28b-aa8e-4172-b96b-cbb323932650:192.168.36.126:34188, 59abef46-29ea-4eff-a512-e596f80f6db1:192.168.36.126:38401], old=null
2019-09-25 05:08:38,684 [grpc-default-executor-6] WARN  server.GrpcLogAppender (GrpcLogAppender.java:onNextImpl(251)) - 1e4f299d-27e6-442d-9871-12ab226dd7a8@group-62501194BD52->95dec85b-23b9-41b7-9d30-1b2eb1816676-AppendLogResponseHandler: Request not found, ignoring reply: 1e4f299d-27e6-442d-9871-12ab226dd7a8<-95dec85b-23b9-41b7-9d30-1b2eb1816676#5:OK,SUCCESS,nextIndex:1,term:2,followerCommit:-1
2019-09-25 05:08:38,685 [grpc-default-executor-11] WARN  server.GrpcLogAppender (GrpcLogAppender.java:onNextImpl(251)) - 1e4f299d-27e6-442d-9871-12ab226dd7a8@group-3D9C9E831C33->0c186508-9ecb-45e3-9dfe-464b7fe9f193-AppendLogResponseHandler: Request not found, ignoring reply: 1e4f299d-27e6-442d-9871-12ab226dd7a8<-0c186508-9ecb-45e3-9dfe-464b7fe9f193#6:OK,SUCCESS,nextIndex:1,term:2,followerCommit:-1
2019-09-25 05:08:38,685 [grpc-default-executor-8] WARN  server.GrpcLogAppender (GrpcLogAppender.java:onNextImpl(251)) - 1e4f299d-27e6-442d-9871-12ab226dd7a8@group-3D9C9E831C33->95dec85b-23b9-41b7-9d30-1b2eb1816676-AppendLogResponseHandler: Request not found, ignoring reply: 1e4f299d-27e6-442d-9871-12ab226dd7a8<-95dec85b-23b9-41b7-9d30-1b2eb1816676#4:OK,SUCCESS,nextIndex:1,term:2,followerCommit:-1
2019-09-25 05:08:38,685 [grpc-default-executor-6] WARN  server.GrpcLogAppender (GrpcLogAppender.java:onNextImpl(251)) - 1e4f299d-27e6-442d-9871-12ab226dd7a8@group-62501194BD52->95dec85b-23b9-41b7-9d30-1b2eb1816676-AppendLogResponseHandler: Request not found, ignoring reply: 1e4f299d-27e6-442d-9871-12ab226dd7a8<-95dec85b-23b9-41b7-9d30-1b2eb1816676#6:OK,SUCCESS,nextIndex:1,term:2,followerCommit:-1
2019-09-25 05:08:38,686 [grpc-default-executor-8] WARN  server.GrpcLogAppender (GrpcLogAppender.java:onNextImpl(251)) - 1e4f299d-27e6-442d-9871-12ab226dd7a8@group-3D9C9E831C33->95dec85b-23b9-41b7-9d30-1b2eb1816676-AppendLogResponseHandler: Request not found, ignoring reply: 1e4f299d-27e6-442d-9871-12ab226dd7a8<-95dec85b-23b9-41b7-9d30-1b2eb1816676#5:OK,SUCCESS,nextIndex:1,term:2,followerCommit:-1
2019-09-25 05:08:38,686 [grpc-default-executor-8] WARN  server.GrpcLogAppender (GrpcLogAppender.java:onNextImpl(251)) - 1e4f299d-27e6-442d-9871-12ab226dd7a8@group-3D9C9E831C33->95dec85b-23b9-41b7-9d30-1b2eb1816676-AppendLogResponseHandler: Request not found, ignoring reply: 1e4f299d-27e6-442d-9871-12ab226dd7a8<-95dec85b-23b9-41b7-9d30-1b2eb1816676#6:OK,SUCCESS,nextIndex:1,term:2,followerCommit:-1
2019-09-25 05:08:38,691 [158ad28b-aa8e-4172-b96b-cbb323932650@group-8F81A5CD80FE:LeaderElection146] INFO  impl.LeaderElection (LeaderElection.java:logAndReturn(56)) - 158ad28b-aa8e-4172-b96b-cbb323932650@group-8F81A5CD80FE:LeaderElection146: Election REJECTED; received 2 response(s) [158ad28b-aa8e-4172-b96b-cbb323932650<-bc163c1a-f845-4c36-9592-f8e34b91970d#0:FAIL-t12, 158ad28b-aa8e-4172-b96b-cbb323932650<-59abef46-29ea-4eff-a512-e596f80f6db1#0:FAIL-t12] and 0 exception(s); 158ad28b-aa8e-4172-b96b-cbb323932650@group-8F81A5CD80FE:t12, leader=null, voted=158ad28b-aa8e-4172-b96b-cbb323932650, raftlog=158ad28b-aa8e-4172-b96b-cbb323932650@group-8F81A5CD80FE-SegmentedRaftLog:OPENED:c-1,f0,i0, conf=0: [bc163c1a-f845-4c36-9592-f8e34b91970d:192.168.36.126:38248, 158ad28b-aa8e-4172-b96b-cbb323932650:192.168.36.126:34188, 59abef46-29ea-4eff-a512-e596f80f6db1:192.168.36.126:38401], old=null
2019-09-25 05:08:38,691 [158ad28b-aa8e-4172-b96b-cbb323932650@group-8F81A5CD80FE:LeaderElection146] INFO  impl.RaftServerImpl (RaftServerImpl.java:setRole(174)) - 158ad28b-aa8e-4172-b96b-cbb323932650@group-8F81A5CD80FE: changes role from CANDIDATE to FOLLOWER at term 12 for DISCOVERED_A_NEW_TERM
2019-09-25 05:08:38,691 [158ad28b-aa8e-4172-b96b-cbb323932650@group-8F81A5CD80FE:LeaderElection146] INFO  impl.RoleInfo (RoleInfo.java:shutdownLeaderElection(134)) - 158ad28b-aa8e-4172-b96b-cbb323932650: shutdown LeaderElection
2019-09-25 05:08:38,692 [158ad28b-aa8e-4172-b96b-cbb323932650@group-8F81A5CD80FE:LeaderElection146] INFO  impl.RoleInfo (RoleInfo.java:updateAndGet(143)) - 158ad28b-aa8e-4172-b96b-cbb323932650: start FollowerState
2019-09-25 05:08:41,590 [Thread-2176] INFO  impl.FollowerState (FollowerState.java:run(106)) - bc163c1a-f845-4c36-9592-f8e34b91970d:group-8F81A5CD80FE changes to CANDIDATE, lastRpcTime:5015, electionTimeout:5015ms
2019-09-25 05:08:41,591 [Thread-2176] INFO  impl.RoleInfo (RoleInfo.java:shutdownFollowerState(121)) - bc163c1a-f845-4c36-9592-f8e34b91970d: shutdown FollowerState
2019-09-25 05:08:41,591 [Thread-2176] INFO  impl.RaftServerImpl (RaftServerImpl.java:setRole(174)) - bc163c1a-f845-4c36-9592-f8e34b91970d@group-8F81A5CD80FE: changes role from  FOLLOWER to CANDIDATE at term 12 for changeToCandidate
2019-09-25 05:08:41,591 [Thread-2176] INFO  impl.RoleInfo (RoleInfo.java:updateAndGet(143)) - bc163c1a-f845-4c36-9592-f8e34b91970d: start LeaderElection
2019-09-25 05:08:41,730 [Thread-2175] INFO  impl.FollowerState (FollowerState.java:run(106)) - 59abef46-29ea-4eff-a512-e596f80f6db1:group-8F81A5CD80FE changes to CANDIDATE, lastRpcTime:5155, electionTimeout:5155ms
2019-09-25 05:08:41,730 [Thread-2175] INFO  impl.RoleInfo (RoleInfo.java:shutdownFollowerState(121)) - 59abef46-29ea-4eff-a512-e596f80f6db1: shutdown FollowerState
2019-09-25 05:08:41,730 [Thread-2175] INFO  impl.RaftServerImpl (RaftServerImpl.java:setRole(174)) - 59abef46-29ea-4eff-a512-e596f80f6db1@group-8F81A5CD80FE: changes role from  FOLLOWER to CANDIDATE at term 12 for changeToCandidate
2019-09-25 05:08:41,730 [Thread-2175] INFO  impl.RoleInfo (RoleInfo.java:updateAndGet(143)) - 59abef46-29ea-4eff-a512-e596f80f6db1: start LeaderElection
2019-09-25 05:08:43,696 [Thread-2195] INFO  impl.FollowerState (FollowerState.java:run(106)) - 158ad28b-aa8e-4172-b96b-cbb323932650:group-8F81A5CD80FE changes to CANDIDATE, lastRpcTime:5004, electionTimeout:5004ms
2019-09-25 05:08:43,696 [Thread-2195] INFO  impl.RoleInfo (RoleInfo.java:shutdownFollowerState(121)) - 158ad28b-aa8e-4172-b96b-cbb323932650: shutdown FollowerState
2019-09-25 05:08:43,697 [Thread-2195] INFO  impl.RaftServerImpl (RaftServerImpl.java:setRole(174)) - 158ad28b-aa8e-4172-b96b-cbb323932650@group-8F81A5CD80FE: changes role from  FOLLOWER to CANDIDATE at term 12 for changeToCandidate
2019-09-25 05:08:43,697 [Thread-2195] INFO  impl.RoleInfo (RoleInfo.java:updateAndGet(143)) - 158ad28b-aa8e-4172-b96b-cbb323932650: start LeaderElection
2019-09-25 05:08:49,011 [158ad28b-aa8e-4172-b96b-cbb323932650@group-8F81A5CD80FE:LeaderElection149] INFO  impl.LeaderElection (LeaderElection.java:askForVotes(182)) - 158ad28b-aa8e-4172-b96b-cbb323932650@group-8F81A5CD80FE:LeaderElection149: begin an election at term 13 for 0: [bc163c1a-f845-4c36-9592-f8e34b91970d:192.168.36.126:38248, 158ad28b-aa8e-4172-b96b-cbb323932650:192.168.36.126:34188, 59abef46-29ea-4eff-a512-e596f80f6db1:192.168.36.126:38401], old=null
2019-09-25 05:08:49,012 [59abef46-29ea-4eff-a512-e596f80f6db1@group-8F81A5CD80FE:LeaderElection148] INFO  impl.LeaderElection (LeaderElection.java:askForVotes(182)) - 59abef46-29ea-4eff-a512-e596f80f6db1@group-8F81A5CD80FE:LeaderElection148: begin an election at term 13 for -1: [bc163c1a-f845-4c36-9592-f8e34b91970d:192.168.36.126:38248, 158ad28b-aa8e-4172-b96b-cbb323932650:192.168.36.126:34188, 59abef46-29ea-4eff-a512-e596f80f6db1:192.168.36.126:38401], old=null
2019-09-25 05:08:49,012 [bc163c1a-f845-4c36-9592-f8e34b91970d@group-8F81A5CD80FE:LeaderElection147] INFO  impl.LeaderElection (LeaderElection.java:askForVotes(182)) - bc163c1a-f845-4c36-9592-f8e34b91970d@group-8F81A5CD80FE:LeaderElection147: begin an election at term 13 for -1: [bc163c1a-f845-4c36-9592-f8e34b91970d:192.168.36.126:38248, 158ad28b-aa8e-4172-b96b-cbb323932650:192.168.36.126:34188, 59abef46-29ea-4eff-a512-e596f80f6db1:192.168.36.126:38401], old=null
2019-09-25 05:08:49,019 [158ad28b-aa8e-4172-b96b-cbb323932650@group-8F81A5CD80FE:LeaderElection149] INFO  impl.LeaderElection (LeaderElection.java:logAndReturn(56)) - 158ad28b-aa8e-4172-b96b-cbb323932650@group-8F81A5CD80FE:LeaderElection149: Election REJECTED; received 2 response(s) [158ad28b-aa8e-4172-b96b-cbb323932650<-bc163c1a-f845-4c36-9592-f8e34b91970d#0:FAIL-t13, 158ad28b-aa8e-4172-b96b-cbb323932650<-59abef46-29ea-4eff-a512-e596f80f6db1#0:FAIL-t13] and 0 exception(s); 158ad28b-aa8e-4172-b96b-cbb323932650@group-8F81A5CD80FE:t13, leader=null, voted=158ad28b-aa8e-4172-b96b-cbb323932650, raftlog=158ad28b-aa8e-4172-b96b-cbb323932650@group-8F81A5CD80FE-SegmentedRaftLog:OPENED:c-1,f0,i0, conf=0: [bc163c1a-f845-4c36-9592-f8e34b91970d:192.168.36.126:38248, 158ad28b-aa8e-4172-b96b-cbb323932650:192.168.36.126:34188, 59abef46-29ea-4eff-a512-e596f80f6db1:192.168.36.126:38401], old=null
2019-09-25 05:08:49,020 [158ad28b-aa8e-4172-b96b-cbb323932650@group-8F81A5CD80FE:LeaderElection149] INFO  impl.RaftServerImpl (RaftServerImpl.java:setRole(174)) - 158ad28b-aa8e-4172-b96b-cbb323932650@group-8F81A5CD80FE: changes role from CANDIDATE to FOLLOWER at term 13 for DISCOVERED_A_NEW_TERM
2019-09-25 05:08:49,020 [bc163c1a-f845-4c36-9592-f8e34b91970d@group-8F81A5CD80FE:LeaderElection147] INFO  impl.LeaderElection (LeaderElection.java:logAndReturn(56)) - bc163c1a-f845-4c36-9592-f8e34b91970d@group-8F81A5CD80FE:LeaderElection147: Election REJECTED; received 2 response(s) [bc163c1a-f845-4c36-9592-f8e34b91970d<-158ad28b-aa8e-4172-b96b-cbb323932650#0:FAIL-t13, bc163c1a-f845-4c36-9592-f8e34b91970d<-59abef46-29ea-4eff-a512-e596f80f6db1#0:FAIL-t13] and 0 exception(s); bc163c1a-f845-4c36-9592-f8e34b91970d@group-8F81A5CD80FE:t13, leader=null, voted=bc163c1a-f845-4c36-9592-f8e34b91970d, raftlog=bc163c1a-f845-4c36-9592-f8e34b91970d@group-8F81A5CD80FE-SegmentedRaftLog:OPENED:c-1,f-1,i0, conf=-1: [bc163c1a-f845-4c36-9592-f8e34b91970d:192.168.36.126:38248, 158ad28b-aa8e-4172-b96b-cbb323932650:192.168.36.126:34188, 59abef46-29ea-4eff-a512-e596f80f6db1:192.168.36.126:38401], old=null
2019-09-25 05:08:49,020 [59abef46-29ea-4eff-a512-e596f80f6db1@group-8F81A5CD80FE:LeaderElection148] INFO  impl.LeaderElection (LeaderElection.java:logAndReturn(56)) - 59abef46-29ea-4eff-a512-e596f80f6db1@group-8F81A5CD80FE:LeaderElection148: Election REJECTED; received 2 response(s) [59abef46-29ea-4eff-a512-e596f80f6db1<-bc163c1a-f845-4c36-9592-f8e34b91970d#0:FAIL-t13, 59abef46-29ea-4eff-a512-e596f80f6db1<-158ad28b-aa8e-4172-b96b-cbb323932650#0:FAIL-t13] and 0 exception(s); 59abef46-29ea-4eff-a512-e596f80f6db1@group-8F81A5CD80FE:t13, leader=null, voted=59abef46-29ea-4eff-a512-e596f80f6db1, raftlog=59abef46-29ea-4eff-a512-e596f80f6db1@group-8F81A5CD80FE-SegmentedRaftLog:OPENED:c-1,f-1,i0, conf=-1: [bc163c1a-f845-4c36-9592-f8e34b91970d:192.168.36.126:38248, 158ad28b-aa8e-4172-b96b-cbb323932650:192.168.36.126:34188, 59abef46-29ea-4eff-a512-e596f80f6db1:192.168.36.126:38401], old=null
2019-09-25 05:08:49,020 [158ad28b-aa8e-4172-b96b-cbb323932650@group-8F81A5CD80FE:LeaderElection149] INFO  impl.RoleInfo (RoleInfo.java:shutdownLeaderElection(134)) - 158ad28b-aa8e-4172-b96b-cbb323932650: shutdown LeaderElection
2019-09-25 05:08:49,020 [59abef46-29ea-4eff-a512-e596f80f6db1@group-8F81A5CD80FE:LeaderElection148] INFO  impl.RaftServerImpl (RaftServerImpl.java:setRole(174)) - 59abef46-29ea-4eff-a512-e596f80f6db1@group-8F81A5CD80FE: changes role from CANDIDATE to FOLLOWER at term 13 for DISCOVERED_A_NEW_TERM
2019-09-25 05:08:49,020 [bc163c1a-f845-4c36-9592-f8e34b91970d@group-8F81A5CD80FE:LeaderElection147] INFO  impl.RaftServerImpl (RaftServerImpl.java:setRole(174)) - bc163c1a-f845-4c36-9592-f8e34b91970d@group-8F81A5CD80FE: changes role from CANDIDATE to FOLLOWER at term 13 for DISCOVERED_A_NEW_TERM
2019-09-25 05:08:49,021 [59abef46-29ea-4eff-a512-e596f80f6db1@group-8F81A5CD80FE:LeaderElection148] INFO  impl.RoleInfo (RoleInfo.java:shutdownLeaderElection(134)) - 59abef46-29ea-4eff-a512-e596f80f6db1: shutdown LeaderElection
2019-09-25 05:08:49,021 [158ad28b-aa8e-4172-b96b-cbb323932650@group-8F81A5CD80FE:LeaderElection149] INFO  impl.RoleInfo (RoleInfo.java:updateAndGet(143)) - 158ad28b-aa8e-4172-b96b-cbb323932650: start FollowerState
2019-09-25 05:08:49,021 [59abef46-29ea-4eff-a512-e596f80f6db1@group-8F81A5CD80FE:LeaderElection148] INFO  impl.RoleInfo (RoleInfo.java:updateAndGet(143)) - 59abef46-29ea-4eff-a512-e596f80f6db1: start FollowerState
2019-09-25 05:08:49,021 [bc163c1a-f845-4c36-9592-f8e34b91970d@group-8F81A5CD80FE:LeaderElection147] INFO  impl.RoleInfo (RoleInfo.java:shutdownLeaderElection(134)) - bc163c1a-f845-4c36-9592-f8e34b91970d: shutdown LeaderElection
2019-09-25 05:08:49,021 [bc163c1a-f845-4c36-9592-f8e34b91970d@group-8F81A5CD80FE:LeaderElection147] INFO  impl.RoleInfo (RoleInfo.java:updateAndGet(143)) - bc163c1a-f845-4c36-9592-f8e34b91970d: start FollowerState
2019-09-25 05:08:54,049 [Thread-2247] INFO  impl.FollowerState (FollowerState.java:run(106)) - bc163c1a-f845-4c36-9592-f8e34b91970d:group-8F81A5CD80FE changes to CANDIDATE, lastRpcTime:5027, electionTimeout:5027ms
2019-09-25 05:08:54,050 [Thread-2247] INFO  impl.RoleInfo (RoleInfo.java:shutdownFollowerState(121)) - bc163c1a-f845-4c36-9592-f8e34b91970d: shutdown FollowerState
2019-09-25 05:08:54,050 [Thread-2247] INFO  impl.RaftServerImpl (RaftServerImpl.java:setRole(174)) - bc163c1a-f845-4c36-9592-f8e34b91970d@group-8F81A5CD80FE: changes role from  FOLLOWER to CANDIDATE at term 13 for changeToCandidate
2019-09-25 05:08:54,050 [Thread-2247] INFO  impl.RoleInfo (RoleInfo.java:updateAndGet(143)) - bc163c1a-f845-4c36-9592-f8e34b91970d: start LeaderElection
2019-09-25 05:08:54,202 [Thread-2245] INFO  impl.FollowerState (FollowerState.java:run(106)) - 158ad28b-aa8e-4172-b96b-cbb323932650:group-8F81A5CD80FE changes to CANDIDATE, lastRpcTime:5181, electionTimeout:5180ms
2019-09-25 05:08:54,202 [Thread-2245] INFO  impl.RoleInfo (RoleInfo.java:shutdownFollowerState(121)) - 158ad28b-aa8e-4172-b96b-cbb323932650: shutdown FollowerState
2019-09-25 05:08:54,202 [Thread-2245] INFO  impl.RaftServerImpl (RaftServerImpl.java:setRole(174)) - 158ad28b-aa8e-4172-b96b-cbb323932650@group-8F81A5CD80FE: changes role from  FOLLOWER to CANDIDATE at term 13 for changeToCandidate
2019-09-25 05:08:54,202 [Thread-2245] INFO  impl.RoleInfo (RoleInfo.java:updateAndGet(143)) - 158ad28b-aa8e-4172-b96b-cbb323932650: start LeaderElection
2019-09-25 05:08:54,208 [Thread-2246] INFO  impl.FollowerState (FollowerState.java:run(106)) - 59abef46-29ea-4eff-a512-e596f80f6db1:group-8F81A5CD80FE changes to CANDIDATE, lastRpcTime:5186, electionTimeout:5186ms
2019-09-25 05:08:54,208 [Thread-2246] INFO  impl.RoleInfo (RoleInfo.java:shutdownFollowerState(121)) - 59abef46-29ea-4eff-a512-e596f80f6db1: shutdown FollowerState
2019-09-25 05:08:54,208 [Thread-2246] INFO  impl.RaftServerImpl (RaftServerImpl.java:setRole(174)) - 59abef46-29ea-4eff-a512-e596f80f6db1@group-8F81A5CD80FE: changes role from  FOLLOWER to CANDIDATE at term 13 for changeToCandidate
2019-09-25 05:08:54,208 [Thread-2246] INFO  impl.RoleInfo (RoleInfo.java:updateAndGet(143)) - 59abef46-29ea-4eff-a512-e596f80f6db1: start LeaderElection
2019-09-25 05:08:54,362 [bc163c1a-f845-4c36-9592-f8e34b91970d@group-8F81A5CD80FE:LeaderElection150] INFO  impl.LeaderElection (LeaderElection.java:askForVotes(182)) - bc163c1a-f845-4c36-9592-f8e34b91970d@group-8F81A5CD80FE:LeaderElection150: begin an election at term 14 for -1: [bc163c1a-f845-4c36-9592-f8e34b91970d:192.168.36.126:38248, 158ad28b-aa8e-4172-b96b-cbb323932650:192.168.36.126:34188, 59abef46-29ea-4eff-a512-e596f80f6db1:192.168.36.126:38401], old=null
2019-09-25 05:08:54,551 [59abef46-29ea-4eff-a512-e596f80f6db1@group-8F81A5CD80FE:LeaderElection152] INFO  impl.LeaderElection (LeaderElection.java:askForVotes(182)) - 59abef46-29ea-4eff-a512-e596f80f6db1@group-8F81A5CD80FE:LeaderElection152: begin an election at term 14 for -1: [bc163c1a-f845-4c36-9592-f8e34b91970d:192.168.36.126:38248, 158ad28b-aa8e-4172-b96b-cbb323932650:192.168.36.126:34188, 59abef46-29ea-4eff-a512-e596f80f6db1:192.168.36.126:38401], old=null
2019-09-25 05:08:54,551 [158ad28b-aa8e-4172-b96b-cbb323932650@group-8F81A5CD80FE:LeaderElection151] INFO  impl.LeaderElection (LeaderElection.java:askForVotes(182)) - 158ad28b-aa8e-4172-b96b-cbb323932650@group-8F81A5CD80FE:LeaderElection151: begin an election at term 14 for 0: [bc163c1a-f845-4c36-9592-f8e34b91970d:192.168.36.126:38248, 158ad28b-aa8e-4172-b96b-cbb323932650:192.168.36.126:34188, 59abef46-29ea-4eff-a512-e596f80f6db1:192.168.36.126:38401], old=null
2019-09-25 05:08:54,552 [bc163c1a-f845-4c36-9592-f8e34b91970d@group-8F81A5CD80FE:LeaderElection150] INFO  impl.LeaderElection (LeaderElection.java:logAndReturn(56)) - bc163c1a-f845-4c36-9592-f8e34b91970d@group-8F81A5CD80FE:LeaderElection150: Election REJECTED; received 2 response(s) [bc163c1a-f845-4c36-9592-f8e34b91970d<-158ad28b-aa8e-4172-b96b-cbb323932650#0:FAIL-t14, bc163c1a-f845-4c36-9592-f8e34b91970d<-59abef46-29ea-4eff-a512-e596f80f6db1#0:FAIL-t14] and 0 exception(s); bc163c1a-f845-4c36-9592-f8e34b91970d@group-8F81A5CD80FE:t14, leader=null, voted=bc163c1a-f845-4c36-9592-f8e34b91970d, raftlog=bc163c1a-f845-4c36-9592-f8e34b91970d@group-8F81A5CD80FE-SegmentedRaftLog:OPENED:c-1,f-1,i0, conf=-1: [bc163c1a-f845-4c36-9592-f8e34b91970d:192.168.36.126:38248, 158ad28b-aa8e-4172-b96b-cbb323932650:192.168.36.126:34188, 59abef46-29ea-4eff-a512-e596f80f6db1:192.168.36.126:38401], old=null
2019-09-25 05:08:54,553 [bc163c1a-f845-4c36-9592-f8e34b91970d@group-8F81A5CD80FE:LeaderElection150] INFO  impl.RaftServerImpl (RaftServerImpl.java:setRole(174)) - bc163c1a-f845-4c36-9592-f8e34b91970d@group-8F81A5CD80FE: changes role from CANDIDATE to FOLLOWER at term 14 for DISCOVERED_A_NEW_TERM
2019-09-25 05:08:54,553 [bc163c1a-f845-4c36-9592-f8e34b91970d@group-8F81A5CD80FE:LeaderElection150] INFO  impl.RoleInfo (RoleInfo.java:shutdownLeaderElection(134)) - bc163c1a-f845-4c36-9592-f8e34b91970d: shutdown LeaderElection
2019-09-25 05:08:54,553 [bc163c1a-f845-4c36-9592-f8e34b91970d@group-8F81A5CD80FE:LeaderElection150] INFO  impl.RoleInfo (RoleInfo.java:updateAndGet(143)) - bc163c1a-f845-4c36-9592-f8e34b91970d: start FollowerState
2019-09-25 05:08:54,556 [158ad28b-aa8e-4172-b96b-cbb323932650@group-8F81A5CD80FE:LeaderElection151] INFO  impl.LeaderElection (LeaderElection.java:logAndReturn(56)) - 158ad28b-aa8e-4172-b96b-cbb323932650@group-8F81A5CD80FE:LeaderElection151: Election REJECTED; received 2 response(s) [158ad28b-aa8e-4172-b96b-cbb323932650<-bc163c1a-f845-4c36-9592-f8e34b91970d#0:FAIL-t14, 158ad28b-aa8e-4172-b96b-cbb323932650<-59abef46-29ea-4eff-a512-e596f80f6db1#0:FAIL-t14] and 0 exception(s); 158ad28b-aa8e-4172-b96b-cbb323932650@group-8F81A5CD80FE:t14, leader=null, voted=158ad28b-aa8e-4172-b96b-cbb323932650, raftlog=158ad28b-aa8e-4172-b96b-cbb323932650@group-8F81A5CD80FE-SegmentedRaftLog:OPENED:c-1,f0,i0, conf=0: [bc163c1a-f845-4c36-9592-f8e34b91970d:192.168.36.126:38248, 158ad28b-aa8e-4172-b96b-cbb323932650:192.168.36.126:34188, 59abef46-29ea-4eff-a512-e596f80f6db1:192.168.36.126:38401], old=null
2019-09-25 05:08:54,556 [158ad28b-aa8e-4172-b96b-cbb323932650@group-8F81A5CD80FE:LeaderElection151] INFO  impl.RaftServerImpl (RaftServerImpl.java:setRole(174)) - 158ad28b-aa8e-4172-b96b-cbb323932650@group-8F81A5CD80FE: changes role from CANDIDATE to FOLLOWER at term 14 for DISCOVERED_A_NEW_TERM
2019-09-25 05:08:54,556 [158ad28b-aa8e-4172-b96b-cbb323932650@group-8F81A5CD80FE:LeaderElection151] INFO  impl.RoleInfo (RoleInfo.java:shutdownLeaderElection(134)) - 158ad28b-aa8e-4172-b96b-cbb323932650: shutdown LeaderElection
2019-09-25 05:08:54,556 [59abef46-29ea-4eff-a512-e596f80f6db1@group-8F81A5CD80FE:LeaderElection152] INFO  impl.LeaderElection (LeaderElection.java:logAndReturn(56)) - 59abef46-29ea-4eff-a512-e596f80f6db1@group-8F81A5CD80FE:LeaderElection152: Election REJECTED; received 2 response(s) [59abef46-29ea-4eff-a512-e596f80f6db1<-bc163c1a-f845-4c36-9592-f8e34b91970d#0:FAIL-t14, 59abef46-29ea-4eff-a512-e596f80f6db1<-158ad28b-aa8e-4172-b96b-cbb323932650#0:FAIL-t14] and 0 exception(s); 59abef46-29ea-4eff-a512-e596f80f6db1@group-8F81A5CD80FE:t14, leader=null, voted=59abef46-29ea-4eff-a512-e596f80f6db1, raftlog=59abef46-29ea-4eff-a512-e596f80f6db1@group-8F81A5CD80FE-SegmentedRaftLog:OPENED:c-1,f-1,i0, conf=-1: [bc163c1a-f845-4c36-9592-f8e34b91970d:192.168.36.126:38248, 158ad28b-aa8e-4172-b96b-cbb323932650:192.168.36.126:34188, 59abef46-29ea-4eff-a512-e596f80f6db1:192.168.36.126:38401], old=null
2019-09-25 05:08:54,556 [158ad28b-aa8e-4172-b96b-cbb323932650@group-8F81A5CD80FE:LeaderElection151] INFO  impl.RoleInfo (RoleInfo.java:updateAndGet(143)) - 158ad28b-aa8e-4172-b96b-cbb323932650: start FollowerState
2019-09-25 05:08:54,556 [59abef46-29ea-4eff-a512-e596f80f6db1@group-8F81A5CD80FE:LeaderElection152] INFO  impl.RaftServerImpl (RaftServerImpl.java:setRole(174)) - 59abef46-29ea-4eff-a512-e596f80f6db1@group-8F81A5CD80FE: changes role from CANDIDATE to FOLLOWER at term 14 for DISCOVERED_A_NEW_TERM
2019-09-25 05:08:54,557 [59abef46-29ea-4eff-a512-e596f80f6db1@group-8F81A5CD80FE:LeaderElection152] INFO  impl.RoleInfo (RoleInfo.java:shutdownLeaderElection(134)) - 59abef46-29ea-4eff-a512-e596f80f6db1: shutdown LeaderElection
2019-09-25 05:08:54,557 [59abef46-29ea-4eff-a512-e596f80f6db1@group-8F81A5CD80FE:LeaderElection152] INFO  impl.RoleInfo (RoleInfo.java:updateAndGet(143)) - 59abef46-29ea-4eff-a512-e596f80f6db1: start FollowerState
2019-09-25 05:08:59,576 [Thread-2274] INFO  impl.FollowerState (FollowerState.java:run(106)) - 158ad28b-aa8e-4172-b96b-cbb323932650:group-8F81A5CD80FE changes to CANDIDATE, lastRpcTime:5019, electionTimeout:5019ms
2019-09-25 05:08:59,577 [Thread-2274] INFO  impl.RoleInfo (RoleInfo.java:shutdownFollowerState(121)) - 158ad28b-aa8e-4172-b96b-cbb323932650: shutdown FollowerState
2019-09-25 05:08:59,577 [Thread-2275] INFO  impl.FollowerState (FollowerState.java:run(106)) - 59abef46-29ea-4eff-a512-e596f80f6db1:group-8F81A5CD80FE changes to CANDIDATE, lastRpcTime:5019, electionTimeout:5019ms
2019-09-25 05:08:59,577 [Thread-2274] INFO  impl.RaftServerImpl (RaftServerImpl.java:setRole(174)) - 158ad28b-aa8e-4172-b96b-cbb323932650@group-8F81A5CD80FE: changes role from  FOLLOWER to CANDIDATE at term 14 for changeToCandidate
2019-09-25 05:08:59,577 [Thread-2275] INFO  impl.RoleInfo (RoleInfo.java:shutdownFollowerState(121)) - 59abef46-29ea-4eff-a512-e596f80f6db1: shutdown FollowerState
2019-09-25 05:08:59,577 [Thread-2274] INFO  impl.RoleInfo (RoleInfo.java:updateAndGet(143)) - 158ad28b-aa8e-4172-b96b-cbb323932650: start LeaderElection
2019-09-25 05:08:59,577 [Thread-2275] INFO  impl.RaftServerImpl (RaftServerImpl.java:setRole(174)) - 59abef46-29ea-4eff-a512-e596f80f6db1@group-8F81A5CD80FE: changes role from  FOLLOWER to CANDIDATE at term 14 for changeToCandidate
2019-09-25 05:08:59,577 [Thread-2275] INFO  impl.RoleInfo (RoleInfo.java:updateAndGet(143)) - 59abef46-29ea-4eff-a512-e596f80f6db1: start LeaderElection
2019-09-25 05:08:59,605 [Thread-2273] INFO  impl.FollowerState (FollowerState.java:run(106)) - bc163c1a-f845-4c36-9592-f8e34b91970d:group-8F81A5CD80FE changes to CANDIDATE, lastRpcTime:5051, electionTimeout:5051ms
2019-09-25 05:08:59,605 [Thread-2273] INFO  impl.RoleInfo (RoleInfo.java:shutdownFollowerState(121)) - bc163c1a-f845-4c36-9592-f8e34b91970d: shutdown FollowerState
2019-09-25 05:08:59,605 [Thread-2273] INFO  impl.RaftServerImpl (RaftServerImpl.java:setRole(174)) - bc163c1a-f845-4c36-9592-f8e34b91970d@group-8F81A5CD80FE: changes role from  FOLLOWER to CANDIDATE at term 14 for changeToCandidate
2019-09-25 05:08:59,605 [Thread-2273] INFO  impl.RoleInfo (RoleInfo.java:updateAndGet(143)) - bc163c1a-f845-4c36-9592-f8e34b91970d: start LeaderElection
2019-09-25 05:08:59,895 [158ad28b-aa8e-4172-b96b-cbb323932650@group-8F81A5CD80FE:LeaderElection153] INFO  impl.LeaderElection (LeaderElection.java:askForVotes(182)) - 158ad28b-aa8e-4172-b96b-cbb323932650@group-8F81A5CD80FE:LeaderElection153: begin an election at term 15 for 0: [bc163c1a-f845-4c36-9592-f8e34b91970d:192.168.36.126:38248, 158ad28b-aa8e-4172-b96b-cbb323932650:192.168.36.126:34188, 59abef46-29ea-4eff-a512-e596f80f6db1:192.168.36.126:38401], old=null
2019-09-25 05:08:59,895 [bc163c1a-f845-4c36-9592-f8e34b91970d@group-8F81A5CD80FE:LeaderElection155] INFO  impl.LeaderElection (LeaderElection.java:askForVotes(182)) - bc163c1a-f845-4c36-9592-f8e34b91970d@group-8F81A5CD80FE:LeaderElection155: begin an election at term 15 for -1: [bc163c1a-f845-4c36-9592-f8e34b91970d:192.168.36.126:38248, 158ad28b-aa8e-4172-b96b-cbb323932650:192.168.36.126:34188, 59abef46-29ea-4eff-a512-e596f80f6db1:192.168.36.126:38401], old=null
2019-09-25 05:08:59,895 [59abef46-29ea-4eff-a512-e596f80f6db1@group-8F81A5CD80FE:LeaderElection154] INFO  impl.LeaderElection (LeaderElection.java:askForVotes(182)) - 59abef46-29ea-4eff-a512-e596f80f6db1@group-8F81A5CD80FE:LeaderElection154: begin an election at term 15 for -1: [bc163c1a-f845-4c36-9592-f8e34b91970d:192.168.36.126:38248, 158ad28b-aa8e-4172-b96b-cbb323932650:192.168.36.126:34188, 59abef46-29ea-4eff-a512-e596f80f6db1:192.168.36.126:38401], old=null
2019-09-25 05:08:59,900 [59abef46-29ea-4eff-a512-e596f80f6db1@group-8F81A5CD80FE:LeaderElection154] INFO  impl.LeaderElection (LeaderElection.java:logAndReturn(56)) - 59abef46-29ea-4eff-a512-e596f80f6db1@group-8F81A5CD80FE:LeaderElection154: Election REJECTED; received 2 response(s) [59abef46-29ea-4eff-a512-e596f80f6db1<-bc163c1a-f845-4c36-9592-f8e34b91970d#0:FAIL-t15, 59abef46-29ea-4eff-a512-e596f80f6db1<-158ad28b-aa8e-4172-b96b-cbb323932650#0:FAIL-t15] and 0 exception(s); 59abef46-29ea-4eff-a512-e596f80f6db1@group-8F81A5CD80FE:t15, leader=null, voted=59abef46-29ea-4eff-a512-e596f80f6db1, raftlog=59abef46-29ea-4eff-a512-e596f80f6db1@group-8F81A5CD80FE-SegmentedRaftLog:OPENED:c-1,f-1,i0, conf=-1: [bc163c1a-f845-4c36-9592-f8e34b91970d:192.168.36.126:38248, 158ad28b-aa8e-4172-b96b-cbb323932650:192.168.36.126:34188, 59abef46-29ea-4eff-a512-e596f80f6db1:192.168.36.126:38401], old=null
2019-09-25 05:08:59,901 [bc163c1a-f845-4c36-9592-f8e34b91970d@group-8F81A5CD80FE:LeaderElection155] INFO  impl.LeaderElection (LeaderElection.java:logAndReturn(56)) - bc163c1a-f845-4c36-9592-f8e34b91970d@group-8F81A5CD80FE:LeaderElection155: Election REJECTED; received 2 response(s) [bc163c1a-f845-4c36-9592-f8e34b91970d<-158ad28b-aa8e-4172-b96b-cbb323932650#0:FAIL-t15, bc163c1a-f845-4c36-9592-f8e34b91970d<-59abef46-29ea-4eff-a512-e596f80f6db1#0:FAIL-t15] and 0 exception(s); bc163c1a-f845-4c36-9592-f8e34b91970d@group-8F81A5CD80FE:t15, leader=null, voted=bc163c1a-f845-4c36-9592-f8e34b91970d, raftlog=bc163c1a-f845-4c36-9592-f8e34b91970d@group-8F81A5CD80FE-SegmentedRaftLog:OPENED:c-1,f-1,i0, conf=-1: [bc163c1a-f845-4c36-9592-f8e34b91970d:192.168.36.126:38248, 158ad28b-aa8e-4172-b96b-cbb323932650:192.168.36.126:34188, 59abef46-29ea-4eff-a512-e596f80f6db1:192.168.36.126:38401], old=null
2019-09-25 05:08:59,901 [59abef46-29ea-4eff-a512-e596f80f6db1@group-8F81A5CD80FE:LeaderElection154] INFO  impl.RaftServerImpl (RaftServerImpl.java:setRole(174)) - 59abef46-29ea-4eff-a512-e596f80f6db1@group-8F81A5CD80FE: changes role from CANDIDATE to FOLLOWER at term 15 for DISCOVERED_A_NEW_TERM
2019-09-25 05:08:59,901 [bc163c1a-f845-4c36-9592-f8e34b91970d@group-8F81A5CD80FE:LeaderElection155] INFO  impl.RaftServerImpl (RaftServerImpl.java:setRole(174)) - bc163c1a-f845-4c36-9592-f8e34b91970d@group-8F81A5CD80FE: changes role from CANDIDATE to FOLLOWER at term 15 for DISCOVERED_A_NEW_TERM
2019-09-25 05:08:59,901 [158ad28b-aa8e-4172-b96b-cbb323932650@group-8F81A5CD80FE:LeaderElection153] INFO  impl.LeaderElection (LeaderElection.java:logAndReturn(56)) - 158ad28b-aa8e-4172-b96b-cbb323932650@group-8F81A5CD80FE:LeaderElection153: Election REJECTED; received 2 response(s) [158ad28b-aa8e-4172-b96b-cbb323932650<-bc163c1a-f845-4c36-9592-f8e34b91970d#0:FAIL-t15, 158ad28b-aa8e-4172-b96b-cbb323932650<-59abef46-29ea-4eff-a512-e596f80f6db1#0:FAIL-t15] and 0 exception(s); 158ad28b-aa8e-4172-b96b-cbb323932650@group-8F81A5CD80FE:t15, leader=null, voted=158ad28b-aa8e-4172-b96b-cbb323932650, raftlog=158ad28b-aa8e-4172-b96b-cbb323932650@group-8F81A5CD80FE-SegmentedRaftLog:OPENED:c-1,f0,i0, conf=0: [bc163c1a-f845-4c36-9592-f8e34b91970d:192.168.36.126:38248, 158ad28b-aa8e-4172-b96b-cbb323932650:192.168.36.126:34188, 59abef46-29ea-4eff-a512-e596f80f6db1:192.168.36.126:38401], old=null
2019-09-25 05:08:59,901 [bc163c1a-f845-4c36-9592-f8e34b91970d@group-8F81A5CD80FE:LeaderElection155] INFO  impl.RoleInfo (RoleInfo.java:shutdownLeaderElection(134)) - bc163c1a-f845-4c36-9592-f8e34b91970d: shutdown LeaderElection
2019-09-25 05:08:59,901 [59abef46-29ea-4eff-a512-e596f80f6db1@group-8F81A5CD80FE:LeaderElection154] INFO  impl.RoleInfo (RoleInfo.java:shutdownLeaderElection(134)) - 59abef46-29ea-4eff-a512-e596f80f6db1: shutdown LeaderElection
2019-09-25 05:08:59,902 [bc163c1a-f845-4c36-9592-f8e34b91970d@group-8F81A5CD80FE:LeaderElection155] INFO  impl.RoleInfo (RoleInfo.java:updateAndGet(143)) - bc163c1a-f845-4c36-9592-f8e34b91970d: start FollowerState
2019-09-25 05:08:59,901 [158ad28b-aa8e-4172-b96b-cbb323932650@group-8F81A5CD80FE:LeaderElection153] INFO  impl.RaftServerImpl (RaftServerImpl.java:setRole(174)) - 158ad28b-aa8e-4172-b96b-cbb323932650@group-8F81A5CD80FE: changes role from CANDIDATE to FOLLOWER at term 15 for DISCOVERED_A_NEW_TERM
2019-09-25 05:08:59,902 [59abef46-29ea-4eff-a512-e596f80f6db1@group-8F81A5CD80FE:LeaderElection154] INFO  impl.RoleInfo (RoleInfo.java:updateAndGet(143)) - 59abef46-29ea-4eff-a512-e596f80f6db1: start FollowerState
2019-09-25 05:08:59,902 [158ad28b-aa8e-4172-b96b-cbb323932650@group-8F81A5CD80FE:LeaderElection153] INFO  impl.RoleInfo (RoleInfo.java:shutdownLeaderElection(134)) - 158ad28b-aa8e-4172-b96b-cbb323932650: shutdown LeaderElection
2019-09-25 05:08:59,902 [158ad28b-aa8e-4172-b96b-cbb323932650@group-8F81A5CD80FE:LeaderElection153] INFO  impl.RoleInfo (RoleInfo.java:updateAndGet(143)) - 158ad28b-aa8e-4172-b96b-cbb323932650: start FollowerState
2019-09-25 05:09:04,942 [Thread-2302] INFO  impl.FollowerState (FollowerState.java:run(106)) - 59abef46-29ea-4eff-a512-e596f80f6db1:group-8F81A5CD80FE changes to CANDIDATE, lastRpcTime:5039, electionTimeout:5039ms
2019-09-25 05:09:04,942 [Thread-2302] INFO  impl.RoleInfo (RoleInfo.java:shutdownFollowerState(121)) - 59abef46-29ea-4eff-a512-e596f80f6db1: shutdown FollowerState
2019-09-25 05:09:04,942 [Thread-2302] INFO  impl.RaftServerImpl (RaftServerImpl.java:setRole(174)) - 59abef46-29ea-4eff-a512-e596f80f6db1@group-8F81A5CD80FE: changes role from  FOLLOWER to CANDIDATE at term 15 for changeToCandidate
2019-09-25 05:09:04,943 [Thread-2302] INFO  impl.RoleInfo (RoleInfo.java:updateAndGet(143)) - 59abef46-29ea-4eff-a512-e596f80f6db1: start LeaderElection
2019-09-25 05:09:05,008 [Thread-2301] INFO  impl.FollowerState (FollowerState.java:run(106)) - bc163c1a-f845-4c36-9592-f8e34b91970d:group-8F81A5CD80FE changes to CANDIDATE, lastRpcTime:5106, electionTimeout:5106ms
2019-09-25 05:09:05,008 [Thread-2301] INFO  impl.RoleInfo (RoleInfo.java:shutdownFollowerState(121)) - bc163c1a-f845-4c36-9592-f8e34b91970d: shutdown FollowerState
2019-09-25 05:09:05,008 [Thread-2301] INFO  impl.RaftServerImpl (RaftServerImpl.java:setRole(174)) - bc163c1a-f845-4c36-9592-f8e34b91970d@group-8F81A5CD80FE: changes role from  FOLLOWER to CANDIDATE at term 15 for changeToCandidate
2019-09-25 05:09:05,009 [Thread-2301] INFO  impl.RoleInfo (RoleInfo.java:updateAndGet(143)) - bc163c1a-f845-4c36-9592-f8e34b91970d: start LeaderElection
2019-09-25 05:09:05,064 [Thread-2303] INFO  impl.FollowerState (FollowerState.java:run(106)) - 158ad28b-aa8e-4172-b96b-cbb323932650:group-8F81A5CD80FE changes to CANDIDATE, lastRpcTime:5161, electionTimeout:5161ms
2019-09-25 05:09:05,064 [Thread-2303] INFO  impl.RoleInfo (RoleInfo.java:shutdownFollowerState(121)) - 158ad28b-aa8e-4172-b96b-cbb323932650: shutdown FollowerState
2019-09-25 05:09:05,064 [Thread-2303] INFO  impl.RaftServerImpl (RaftServerImpl.java:setRole(174)) - 158ad28b-aa8e-4172-b96b-cbb323932650@group-8F81A5CD80FE: changes role from  FOLLOWER to CANDIDATE at term 15 for changeToCandidate
2019-09-25 05:09:05,064 [Thread-2303] INFO  impl.RoleInfo (RoleInfo.java:updateAndGet(143)) - 158ad28b-aa8e-4172-b96b-cbb323932650: start LeaderElection
2019-09-25 05:09:05,516 [59abef46-29ea-4eff-a512-e596f80f6db1@group-8F81A5CD80FE:LeaderElection156] INFO  impl.LeaderElection (LeaderElection.java:askForVotes(182)) - 59abef46-29ea-4eff-a512-e596f80f6db1@group-8F81A5CD80FE:LeaderElection156: begin an election at term 16 for -1: [bc163c1a-f845-4c36-9592-f8e34b91970d:192.168.36.126:38248, 158ad28b-aa8e-4172-b96b-cbb323932650:192.168.36.126:34188, 59abef46-29ea-4eff-a512-e596f80f6db1:192.168.36.126:38401], old=null
2019-09-25 05:09:05,516 [158ad28b-aa8e-4172-b96b-cbb323932650@group-8F81A5CD80FE:LeaderElection158] INFO  impl.LeaderElection (LeaderElection.java:askForVotes(182)) - 158ad28b-aa8e-4172-b96b-cbb323932650@group-8F81A5CD80FE:LeaderElection158: begin an election at term 16 for 0: [bc163c1a-f845-4c36-9592-f8e34b91970d:192.168.36.126:38248, 158ad28b-aa8e-4172-b96b-cbb323932650:192.168.36.126:34188, 59abef46-29ea-4eff-a512-e596f80f6db1:192.168.36.126:38401], old=null
2019-09-25 05:09:05,516 [bc163c1a-f845-4c36-9592-f8e34b91970d@group-8F81A5CD80FE:LeaderElection157] INFO  impl.LeaderElection (LeaderElection.java:askForVotes(182)) - bc163c1a-f845-4c36-9592-f8e34b91970d@group-8F81A5CD80FE:LeaderElection157: begin an election at term 16 for -1: [bc163c1a-f845-4c36-9592-f8e34b91970d:192.168.36.126:38248, 158ad28b-aa8e-4172-b96b-cbb323932650:192.168.36.126:34188, 59abef46-29ea-4eff-a512-e596f80f6db1:192.168.36.126:38401], old=null
2019-09-25 05:09:05,523 [59abef46-29ea-4eff-a512-e596f80f6db1@group-8F81A5CD80FE:LeaderElection156] INFO  impl.LeaderElection (LeaderElection.java:logAndReturn(56)) - 59abef46-29ea-4eff-a512-e596f80f6db1@group-8F81A5CD80FE:LeaderElection156: Election REJECTED; received 2 response(s) [59abef46-29ea-4eff-a512-e596f80f6db1<-158ad28b-aa8e-4172-b96b-cbb323932650#0:FAIL-t16, 59abef46-29ea-4eff-a512-e596f80f6db1<-bc163c1a-f845-4c36-9592-f8e34b91970d#0:FAIL-t16] and 0 exception(s); 59abef46-29ea-4eff-a512-e596f80f6db1@group-8F81A5CD80FE:t16, leader=null, voted=59abef46-29ea-4eff-a512-e596f80f6db1, raftlog=59abef46-29ea-4eff-a512-e596f80f6db1@group-8F81A5CD80FE-SegmentedRaftLog:OPENED:c-1,f-1,i0, conf=-1: [bc163c1a-f845-4c36-9592-f8e34b91970d:192.168.36.126:38248, 158ad28b-aa8e-4172-b96b-cbb323932650:192.168.36.126:34188, 59abef46-29ea-4eff-a512-e596f80f6db1:192.168.36.126:38401], old=null
2019-09-25 05:09:05,523 [bc163c1a-f845-4c36-9592-f8e34b91970d@group-8F81A5CD80FE:LeaderElection157] INFO  impl.LeaderElection (LeaderElection.java:logAndReturn(56)) - bc163c1a-f845-4c36-9592-f8e34b91970d@group-8F81A5CD80FE:LeaderElection157: Election REJECTED; received 2 response(s) [bc163c1a-f845-4c36-9592-f8e34b91970d<-158ad28b-aa8e-4172-b96b-cbb323932650#0:FAIL-t16, bc163c1a-f845-4c36-9592-f8e34b91970d<-59abef46-29ea-4eff-a512-e596f80f6db1#0:FAIL-t16] and 0 exception(s); bc163c1a-f845-4c36-9592-f8e34b91970d@group-8F81A5CD80FE:t16, leader=null, voted=bc163c1a-f845-4c36-9592-f8e34b91970d, raftlog=bc163c1a-f845-4c36-9592-f8e34b91970d@group-8F81A5CD80FE-SegmentedRaftLog:OPENED:c-1,f-1,i0, conf=-1: [bc163c1a-f845-4c36-9592-f8e34b91970d:192.168.36.126:38248, 158ad28b-aa8e-4172-b96b-cbb323932650:192.168.36.126:34188, 59abef46-29ea-4eff-a512-e596f80f6db1:192.168.36.126:38401], old=null
2019-09-25 05:09:05,523 [158ad28b-aa8e-4172-b96b-cbb323932650@group-8F81A5CD80FE:LeaderElection158] INFO  impl.LeaderElection (LeaderElection.java:logAndReturn(56)) - 158ad28b-aa8e-4172-b96b-cbb323932650@group-8F81A5CD80FE:LeaderElection158: Election REJECTED; received 2 response(s) [158ad28b-aa8e-4172-b96b-cbb323932650<-bc163c1a-f845-4c36-9592-f8e34b91970d#0:FAIL-t16, 158ad28b-aa8e-4172-b96b-cbb323932650<-59abef46-29ea-4eff-a512-e596f80f6db1#0:FAIL-t16] and 0 exception(s); 158ad28b-aa8e-4172-b96b-cbb323932650@group-8F81A5CD80FE:t16, leader=null, voted=158ad28b-aa8e-4172-b96b-cbb323932650, raftlog=158ad28b-aa8e-4172-b96b-cbb323932650@group-8F81A5CD80FE-SegmentedRaftLog:OPENED:c-1,f0,i0, conf=0: [bc163c1a-f845-4c36-9592-f8e34b91970d:192.168.36.126:38248, 158ad28b-aa8e-4172-b96b-cbb323932650:192.168.36.126:34188, 59abef46-29ea-4eff-a512-e596f80f6db1:192.168.36.126:38401], old=null
2019-09-25 05:09:05,524 [bc163c1a-f845-4c36-9592-f8e34b91970d@group-8F81A5CD80FE:LeaderElection157] INFO  impl.RaftServerImpl (RaftServerImpl.java:setRole(174)) - bc163c1a-f845-4c36-9592-f8e34b91970d@group-8F81A5CD80FE: changes role from CANDIDATE to FOLLOWER at term 16 for DISCOVERED_A_NEW_TERM
2019-09-25 05:09:05,523 [59abef46-29ea-4eff-a512-e596f80f6db1@group-8F81A5CD80FE:LeaderElection156] INFO  impl.RaftServerImpl (RaftServerImpl.java:setRole(174)) - 59abef46-29ea-4eff-a512-e596f80f6db1@group-8F81A5CD80FE: changes role from CANDIDATE to FOLLOWER at term 16 for DISCOVERED_A_NEW_TERM
2019-09-25 05:09:05,524 [bc163c1a-f845-4c36-9592-f8e34b91970d@group-8F81A5CD80FE:LeaderElection157] INFO  impl.RoleInfo (RoleInfo.java:shutdownLeaderElection(134)) - bc163c1a-f845-4c36-9592-f8e34b91970d: shutdown LeaderElection
2019-09-25 05:09:05,524 [158ad28b-aa8e-4172-b96b-cbb323932650@group-8F81A5CD80FE:LeaderElection158] INFO  impl.RaftServerImpl (RaftServerImpl.java:setRole(174)) - 158ad28b-aa8e-4172-b96b-cbb323932650@group-8F81A5CD80FE: changes role from CANDIDATE to FOLLOWER at term 16 for DISCOVERED_A_NEW_TERM
2019-09-25 05:09:05,525 [bc163c1a-f845-4c36-9592-f8e34b91970d@group-8F81A5CD80FE:LeaderElection157] INFO  impl.RoleInfo (RoleInfo.java:updateAndGet(143)) - bc163c1a-f845-4c36-9592-f8e34b91970d: start FollowerState
2019-09-25 05:09:05,525 [59abef46-29ea-4eff-a512-e596f80f6db1@group-8F81A5CD80FE:LeaderElection156] INFO  impl.RoleInfo (RoleInfo.java:shutdownLeaderElection(134)) - 59abef46-29ea-4eff-a512-e596f80f6db1: shutdown LeaderElection
2019-09-25 05:09:05,525 [158ad28b-aa8e-4172-b96b-cbb323932650@group-8F81A5CD80FE:LeaderElection158] INFO  impl.RoleInfo (RoleInfo.java:shutdownLeaderElection(134)) - 158ad28b-aa8e-4172-b96b-cbb323932650: shutdown LeaderElection
2019-09-25 05:09:05,525 [59abef46-29ea-4eff-a512-e596f80f6db1@group-8F81A5CD80FE:LeaderElection156] INFO  impl.RoleInfo (RoleInfo.java:updateAndGet(143)) - 59abef46-29ea-4eff-a512-e596f80f6db1: start FollowerState
2019-09-25 05:09:05,525 [158ad28b-aa8e-4172-b96b-cbb323932650@group-8F81A5CD80FE:LeaderElection158] INFO  impl.RoleInfo (RoleInfo.java:updateAndGet(143)) - 158ad28b-aa8e-4172-b96b-cbb323932650: start FollowerState
2019-09-25 05:09:10,562 [Thread-2329] INFO  impl.FollowerState (FollowerState.java:run(106)) - bc163c1a-f845-4c36-9592-f8e34b91970d:group-8F81A5CD80FE changes to CANDIDATE, lastRpcTime:5036, electionTimeout:5036ms
2019-09-25 05:09:10,562 [Thread-2329] INFO  impl.RoleInfo (RoleInfo.java:shutdownFollowerState(121)) - bc163c1a-f845-4c36-9592-f8e34b91970d: shutdown FollowerState
2019-09-25 05:09:10,562 [Thread-2329] INFO  impl.RaftServerImpl (RaftServerImpl.java:setRole(174)) - bc163c1a-f845-4c36-9592-f8e34b91970d@group-8F81A5CD80FE: changes role from  FOLLOWER to CANDIDATE at term 16 for changeToCandidate
2019-09-25 05:09:10,562 [Thread-2329] INFO  impl.RoleInfo (RoleInfo.java:updateAndGet(143)) - bc163c1a-f845-4c36-9592-f8e34b91970d: start LeaderElection
2019-09-25 05:09:10,634 [Thread-2331] INFO  impl.FollowerState (FollowerState.java:run(106)) - 158ad28b-aa8e-4172-b96b-cbb323932650:group-8F81A5CD80FE changes to CANDIDATE, lastRpcTime:5108, electionTimeout:5108ms
2019-09-25 05:09:10,635 [Thread-2331] INFO  impl.RoleInfo (RoleInfo.java:shutdownFollowerState(121)) - 158ad28b-aa8e-4172-b96b-cbb323932650: shutdown FollowerState
2019-09-25 05:09:10,635 [Thread-2331] INFO  impl.RaftServerImpl (RaftServerImpl.java:setRole(174)) - 158ad28b-aa8e-4172-b96b-cbb323932650@group-8F81A5CD80FE: changes role from  FOLLOWER to CANDIDATE at term 16 for changeToCandidate
2019-09-25 05:09:10,635 [Thread-2331] INFO  impl.RoleInfo (RoleInfo.java:updateAndGet(143)) - 158ad28b-aa8e-4172-b96b-cbb323932650: start LeaderElection
2019-09-25 05:09:10,635 [Thread-2330] INFO  impl.FollowerState (FollowerState.java:run(106)) - 59abef46-29ea-4eff-a512-e596f80f6db1:group-8F81A5CD80FE changes to CANDIDATE, lastRpcTime:5109, electionTimeout:5109ms
2019-09-25 05:09:10,635 [Thread-2330] INFO  impl.RoleInfo (RoleInfo.java:shutdownFollowerState(121)) - 59abef46-29ea-4eff-a512-e596f80f6db1: shutdown FollowerState
2019-09-25 05:09:10,636 [Thread-2330] INFO  impl.RaftServerImpl (RaftServerImpl.java:setRole(174)) - 59abef46-29ea-4eff-a512-e596f80f6db1@group-8F81A5CD80FE: changes role from  FOLLOWER to CANDIDATE at term 16 for changeToCandidate
2019-09-25 05:09:10,636 [Thread-2330] INFO  impl.RoleInfo (RoleInfo.java:updateAndGet(143)) - 59abef46-29ea-4eff-a512-e596f80f6db1: start LeaderElection
2019-09-25 05:09:15,739 [158ad28b-aa8e-4172-b96b-cbb323932650@group-8F81A5CD80FE:LeaderElection160] INFO  impl.LeaderElection (LeaderElection.java:askForVotes(182)) - 158ad28b-aa8e-4172-b96b-cbb323932650@group-8F81A5CD80FE:LeaderElection160: begin an election at term 17 for 0: [bc163c1a-f845-4c36-9592-f8e34b91970d:192.168.36.126:38248, 158ad28b-aa8e-4172-b96b-cbb323932650:192.168.36.126:34188, 59abef46-29ea-4eff-a512-e596f80f6db1:192.168.36.126:38401], old=null
2019-09-25 05:09:15,739 [bc163c1a-f845-4c36-9592-f8e34b91970d@group-8F81A5CD80FE:LeaderElection159] INFO  impl.LeaderElection (LeaderElection.java:askForVotes(182)) - bc163c1a-f845-4c36-9592-f8e34b91970d@group-8F81A5CD80FE:LeaderElection159: begin an election at term 17 for -1: [bc163c1a-f845-4c36-9592-f8e34b91970d:192.168.36.126:38248, 158ad28b-aa8e-4172-b96b-cbb323932650:192.168.36.126:34188, 59abef46-29ea-4eff-a512-e596f80f6db1:192.168.36.126:38401], old=null
2019-09-25 05:09:15,739 [59abef46-29ea-4eff-a512-e596f80f6db1@group-8F81A5CD80FE:LeaderElection161] INFO  impl.LeaderElection (LeaderElection.java:askForVotes(182)) - 59abef46-29ea-4eff-a512-e596f80f6db1@group-8F81A5CD80FE:LeaderElection161: begin an election at term 17 for -1: [bc163c1a-f845-4c36-9592-f8e34b91970d:192.168.36.126:38248, 158ad28b-aa8e-4172-b96b-cbb323932650:192.168.36.126:34188, 59abef46-29ea-4eff-a512-e596f80f6db1:192.168.36.126:38401], old=null
2019-09-25 05:09:15,747 [bc163c1a-f845-4c36-9592-f8e34b91970d@group-8F81A5CD80FE:LeaderElection159] INFO  impl.LeaderElection (LeaderElection.java:logAndReturn(56)) - bc163c1a-f845-4c36-9592-f8e34b91970d@group-8F81A5CD80FE:LeaderElection159: Election REJECTED; received 2 response(s) [bc163c1a-f845-4c36-9592-f8e34b91970d<-158ad28b-aa8e-4172-b96b-cbb323932650#0:FAIL-t17, bc163c1a-f845-4c36-9592-f8e34b91970d<-59abef46-29ea-4eff-a512-e596f80f6db1#0:FAIL-t17] and 0 exception(s); bc163c1a-f845-4c36-9592-f8e34b91970d@group-8F81A5CD80FE:t17, leader=null, voted=bc163c1a-f845-4c36-9592-f8e34b91970d, raftlog=bc163c1a-f845-4c36-9592-f8e34b91970d@group-8F81A5CD80FE-SegmentedRaftLog:OPENED:c-1,f-1,i0, conf=-1: [bc163c1a-f845-4c36-9592-f8e34b91970d:192.168.36.126:38248, 158ad28b-aa8e-4172-b96b-cbb323932650:192.168.36.126:34188, 59abef46-29ea-4eff-a512-e596f80f6db1:192.168.36.126:38401], old=null
2019-09-25 05:09:15,747 [59abef46-29ea-4eff-a512-e596f80f6db1@group-8F81A5CD80FE:LeaderElection161] INFO  impl.LeaderElection (LeaderElection.java:logAndReturn(56)) - 59abef46-29ea-4eff-a512-e596f80f6db1@group-8F81A5CD80FE:LeaderElection161: Election REJECTED; received 2 response(s) [59abef46-29ea-4eff-a512-e596f80f6db1<-158ad28b-aa8e-4172-b96b-cbb323932650#0:FAIL-t17, 59abef46-29ea-4eff-a512-e596f80f6db1<-bc163c1a-f845-4c36-9592-f8e34b91970d#0:FAIL-t17] and 0 exception(s); 59abef46-29ea-4eff-a512-e596f80f6db1@group-8F81A5CD80FE:t17, leader=null, voted=59abef46-29ea-4eff-a512-e596f80f6db1, raftlog=59abef46-29ea-4eff-a512-e596f80f6db1@group-8F81A5CD80FE-SegmentedRaftLog:OPENED:c-1,f-1,i0, conf=-1: [bc163c1a-f845-4c36-9592-f8e34b91970d:192.168.36.126:38248, 158ad28b-aa8e-4172-b96b-cbb323932650:192.168.36.126:34188, 59abef46-29ea-4eff-a512-e596f80f6db1:192.168.36.126:38401], old=null
2019-09-25 05:09:15,747 [bc163c1a-f845-4c36-9592-f8e34b91970d@group-8F81A5CD80FE:LeaderElection159] INFO  impl.RaftServerImpl (RaftServerImpl.java:setRole(174)) - bc163c1a-f845-4c36-9592-f8e34b91970d@group-8F81A5CD80FE: changes role from CANDIDATE to FOLLOWER at term 17 for DISCOVERED_A_NEW_TERM
2019-09-25 05:09:15,747 [59abef46-29ea-4eff-a512-e596f80f6db1@group-8F81A5CD80FE:LeaderElection161] INFO  impl.RaftServerImpl (RaftServerImpl.java:setRole(174)) - 59abef46-29ea-4eff-a512-e596f80f6db1@group-8F81A5CD80FE: changes role from CANDIDATE to FOLLOWER at term 17 for DISCOVERED_A_NEW_TERM
2019-09-25 05:09:15,748 [bc163c1a-f845-4c36-9592-f8e34b91970d@group-8F81A5CD80FE:LeaderElection159] INFO  impl.RoleInfo (RoleInfo.java:shutdownLeaderElection(134)) - bc163c1a-f845-4c36-9592-f8e34b91970d: shutdown LeaderElection
2019-09-25 05:09:15,748 [158ad28b-aa8e-4172-b96b-cbb323932650@group-8F81A5CD80FE:LeaderElection160] INFO  impl.LeaderElection (LeaderElection.java:logAndReturn(56)) - 158ad28b-aa8e-4172-b96b-cbb323932650@group-8F81A5CD80FE:LeaderElection160: Election REJECTED; received 2 response(s) [158ad28b-aa8e-4172-b96b-cbb323932650<-bc163c1a-f845-4c36-9592-f8e34b91970d#0:FAIL-t17, 158ad28b-aa8e-4172-b96b-cbb323932650<-59abef46-29ea-4eff-a512-e596f80f6db1#0:FAIL-t17] and 0 exception(s); 158ad28b-aa8e-4172-b96b-cbb323932650@group-8F81A5CD80FE:t17, leader=null, voted=158ad28b-aa8e-4172-b96b-cbb323932650, raftlog=158ad28b-aa8e-4172-b96b-cbb323932650@group-8F81A5CD80FE-SegmentedRaftLog:OPENED:c-1,f0,i0, conf=0: [bc163c1a-f845-4c36-9592-f8e34b91970d:192.168.36.126:38248, 158ad28b-aa8e-4172-b96b-cbb323932650:192.168.36.126:34188, 59abef46-29ea-4eff-a512-e596f80f6db1:192.168.36.126:38401], old=null
2019-09-25 05:09:15,748 [59abef46-29ea-4eff-a512-e596f80f6db1@group-8F81A5CD80FE:LeaderElection161] INFO  impl.RoleInfo (RoleInfo.java:shutdownLeaderElection(134)) - 59abef46-29ea-4eff-a512-e596f80f6db1: shutdown LeaderElection
2019-09-25 05:09:15,748 [158ad28b-aa8e-4172-b96b-cbb323932650@group-8F81A5CD80FE:LeaderElection160] INFO  impl.RaftServerImpl (RaftServerImpl.java:setRole(174)) - 158ad28b-aa8e-4172-b96b-cbb323932650@group-8F81A5CD80FE: changes role from CANDIDATE to FOLLOWER at term 17 for DISCOVERED_A_NEW_TERM
2019-09-25 05:09:15,748 [bc163c1a-f845-4c36-9592-f8e34b91970d@group-8F81A5CD80FE:LeaderElection159] INFO  impl.RoleInfo (RoleInfo.java:updateAndGet(143)) - bc163c1a-f845-4c36-9592-f8e34b91970d: start FollowerState
2019-09-25 05:09:15,748 [158ad28b-aa8e-4172-b96b-cbb323932650@group-8F81A5CD80FE:LeaderElection160] INFO  impl.RoleInfo (RoleInfo.java:shutdownLeaderElection(134)) - 158ad28b-aa8e-4172-b96b-cbb323932650: shutdown LeaderElection
2019-09-25 05:09:15,748 [59abef46-29ea-4eff-a512-e596f80f6db1@group-8F81A5CD80FE:LeaderElection161] INFO  impl.RoleInfo (RoleInfo.java:updateAndGet(143)) - 59abef46-29ea-4eff-a512-e596f80f6db1: start FollowerState
2019-09-25 05:09:15,749 [158ad28b-aa8e-4172-b96b-cbb323932650@group-8F81A5CD80FE:LeaderElection160] INFO  impl.RoleInfo (RoleInfo.java:updateAndGet(143)) - 158ad28b-aa8e-4172-b96b-cbb323932650: start FollowerState
2019-09-25 05:09:16,605 [grpc-default-executor-7] INFO  impl.RaftServerProxy (RaftServerProxy.java:remove(95)) - 0c186508-9ecb-45e3-9dfe-464b7fe9f193: remove  FOLLOWER 0c186508-9ecb-45e3-9dfe-464b7fe9f193@group-3D9C9E831C33:t2, leader=1e4f299d-27e6-442d-9871-12ab226dd7a8, voted=1e4f299d-27e6-442d-9871-12ab226dd7a8, raftlog=0c186508-9ecb-45e3-9dfe-464b7fe9f193@group-3D9C9E831C33-SegmentedRaftLog:OPENED:c0,f0,i0, conf=0: [0c186508-9ecb-45e3-9dfe-464b7fe9f193:192.168.36.126:34098, 95dec85b-23b9-41b7-9d30-1b2eb1816676:192.168.36.126:33370, 1e4f299d-27e6-442d-9871-12ab226dd7a8:192.168.36.126:46862], old=null RUNNING
2019-09-25 05:09:16,608 [grpc-default-executor-7] INFO  impl.RaftServerImpl (RaftServerImpl.java:lambda$shutdown$3(251)) - 0c186508-9ecb-45e3-9dfe-464b7fe9f193@group-3D9C9E831C33: shutdown
2019-09-25 05:09:16,609 [grpc-default-executor-7] INFO  util.JmxRegister (JmxRegister.java:unregister(73)) - Successfully un-registered JMX Bean with object name Ratis:service=RaftServer,group=group-3D9C9E831C33,id=0c186508-9ecb-45e3-9dfe-464b7fe9f193
2019-09-25 05:09:16,609 [grpc-default-executor-7] INFO  impl.RoleInfo (RoleInfo.java:shutdownFollowerState(121)) - 0c186508-9ecb-45e3-9dfe-464b7fe9f193: shutdown FollowerState
2019-09-25 05:09:16,609 [grpc-default-executor-7] INFO  impl.StateMachineUpdater (StateMachineUpdater.java:stopAndJoin(125)) - 0c186508-9ecb-45e3-9dfe-464b7fe9f193@group-3D9C9E831C33-StateMachineUpdater: set stopIndex = 0
2019-09-25 05:09:16,609 [Thread-2004] INFO  impl.FollowerState (FollowerState.java:run(115)) - 0c186508-9ecb-45e3-9dfe-464b7fe9f193: FollowerState was interrupted: java.lang.InterruptedException: sleep interrupted
2019-09-25 05:09:16,610 [grpc-default-executor-7] INFO  impl.RaftServerImpl (ServerState.java:close(385)) - 0c186508-9ecb-45e3-9dfe-464b7fe9f193@group-3D9C9E831C33: closes. applyIndex: 0
2019-09-25 05:09:16,611 [0c186508-9ecb-45e3-9dfe-464b7fe9f193@group-3D9C9E831C33-SegmentedRaftLogWorker] INFO  segmented.SegmentedRaftLogWorker (SegmentedRaftLogWorker.java:run(313)) - 0c186508-9ecb-45e3-9dfe-464b7fe9f193@group-3D9C9E831C33-SegmentedRaftLogWorker was interrupted, exiting. There are 0 tasks remaining in the queue.
2019-09-25 05:09:16,618 [grpc-default-executor-7] INFO  segmented.SegmentedRaftLogWorker (SegmentedRaftLogWorker.java:close(228)) - 0c186508-9ecb-45e3-9dfe-464b7fe9f193@group-3D9C9E831C33-SegmentedRaftLogWorker close()
2019-09-25 05:09:16,640 [grpc-default-executor-7] INFO  impl.RaftServerProxy (RaftServerProxy.java:remove(95)) - 0c186508-9ecb-45e3-9dfe-464b7fe9f193: remove  FOLLOWER 0c186508-9ecb-45e3-9dfe-464b7fe9f193@group-62501194BD52:t2, leader=1e4f299d-27e6-442d-9871-12ab226dd7a8, voted=1e4f299d-27e6-442d-9871-12ab226dd7a8, raftlog=0c186508-9ecb-45e3-9dfe-464b7fe9f193@group-62501194BD52-SegmentedRaftLog:OPENED:c0,f0,i0, conf=0: [0c186508-9ecb-45e3-9dfe-464b7fe9f193:192.168.36.126:34098, 95dec85b-23b9-41b7-9d30-1b2eb1816676:192.168.36.126:33370, 1e4f299d-27e6-442d-9871-12ab226dd7a8:192.168.36.126:46862], old=null RUNNING
2019-09-25 05:09:16,641 [grpc-default-executor-7] INFO  impl.RaftServerImpl (RaftServerImpl.java:lambda$shutdown$3(251)) - 0c186508-9ecb-45e3-9dfe-464b7fe9f193@group-62501194BD52: shutdown
2019-09-25 05:09:16,641 [grpc-default-executor-7] INFO  util.JmxRegister (JmxRegister.java:unregister(73)) - Successfully un-registered JMX Bean with object name Ratis:service=RaftServer,group=group-62501194BD52,id=0c186508-9ecb-45e3-9dfe-464b7fe9f193
2019-09-25 05:09:16,641 [grpc-default-executor-7] INFO  impl.RoleInfo (RoleInfo.java:shutdownFollowerState(121)) - 0c186508-9ecb-45e3-9dfe-464b7fe9f193: shutdown FollowerState
2019-09-25 05:09:16,642 [grpc-default-executor-7] INFO  impl.StateMachineUpdater (StateMachineUpdater.java:stopAndJoin(125)) - 0c186508-9ecb-45e3-9dfe-464b7fe9f193@group-62501194BD52-StateMachineUpdater: set stopIndex = 0
2019-09-25 05:09:16,642 [Thread-1998] INFO  impl.FollowerState (FollowerState.java:run(115)) - 0c186508-9ecb-45e3-9dfe-464b7fe9f193: FollowerState was interrupted: java.lang.InterruptedException: sleep interrupted
2019-09-25 05:09:16,642 [grpc-default-executor-7] INFO  impl.RaftServerImpl (ServerState.java:close(385)) - 0c186508-9ecb-45e3-9dfe-464b7fe9f193@group-62501194BD52: closes. applyIndex: 0
2019-09-25 05:09:16,642 [0c186508-9ecb-45e3-9dfe-464b7fe9f193@group-62501194BD52-SegmentedRaftLogWorker] INFO  segmented.SegmentedRaftLogWorker (SegmentedRaftLogWorker.java:run(313)) - 0c186508-9ecb-45e3-9dfe-464b7fe9f193@group-62501194BD52-SegmentedRaftLogWorker was interrupted, exiting. There are 0 tasks remaining in the queue.
2019-09-25 05:09:16,648 [grpc-default-executor-7] INFO  segmented.SegmentedRaftLogWorker (SegmentedRaftLogWorker.java:close(228)) - 0c186508-9ecb-45e3-9dfe-464b7fe9f193@group-62501194BD52-SegmentedRaftLogWorker close()
2019-09-25 05:09:16,661 [grpc-default-executor-7] INFO  impl.RaftServerProxy (RaftServerProxy.java:remove(95)) - 0c186508-9ecb-45e3-9dfe-464b7fe9f193: remove    LEADER 0c186508-9ecb-45e3-9dfe-464b7fe9f193@group-34516644C2A0:t1, leader=0c186508-9ecb-45e3-9dfe-464b7fe9f193, voted=0c186508-9ecb-45e3-9dfe-464b7fe9f193, raftlog=0c186508-9ecb-45e3-9dfe-464b7fe9f193@group-34516644C2A0-SegmentedRaftLog:OPENED:c0,f0,i0, conf=0: [0c186508-9ecb-45e3-9dfe-464b7fe9f193:192.168.36.126:34098], old=null RUNNING
2019-09-25 05:09:16,661 [grpc-default-executor-7] INFO  impl.RaftServerImpl (RaftServerImpl.java:lambda$shutdown$3(251)) - 0c186508-9ecb-45e3-9dfe-464b7fe9f193@group-34516644C2A0: shutdown
2019-09-25 05:09:16,662 [grpc-default-executor-7] INFO  util.JmxRegister (JmxRegister.java:unregister(73)) - Successfully un-registered JMX Bean with object name Ratis:service=RaftServer,group=group-34516644C2A0,id=0c186508-9ecb-45e3-9dfe-464b7fe9f193
2019-09-25 05:09:16,662 [grpc-default-executor-7] INFO  impl.RoleInfo (RoleInfo.java:shutdownLeaderState(104)) - 0c186508-9ecb-45e3-9dfe-464b7fe9f193: shutdown LeaderState
2019-09-25 05:09:16,662 [grpc-default-executor-7] INFO  impl.PendingRequests (PendingRequests.java:sendNotLeaderResponses(202)) - 0c186508-9ecb-45e3-9dfe-464b7fe9f193-PendingRequests: sendNotLeaderResponses
2019-09-25 05:09:16,663 [grpc-default-executor-7] INFO  impl.StateMachineUpdater (StateMachineUpdater.java:stopAndJoin(125)) - 0c186508-9ecb-45e3-9dfe-464b7fe9f193@group-34516644C2A0-StateMachineUpdater: set stopIndex = 0
2019-09-25 05:09:16,663 [grpc-default-executor-7] INFO  impl.RaftServerImpl (ServerState.java:close(385)) - 0c186508-9ecb-45e3-9dfe-464b7fe9f193@group-34516644C2A0: closes. applyIndex: 0
2019-09-25 05:09:16,663 [0c186508-9ecb-45e3-9dfe-464b7fe9f193@group-34516644C2A0-SegmentedRaftLogWorker] INFO  segmented.SegmentedRaftLogWorker (SegmentedRaftLogWorker.java:run(313)) - 0c186508-9ecb-45e3-9dfe-464b7fe9f193@group-34516644C2A0-SegmentedRaftLogWorker was interrupted, exiting. There are 0 tasks remaining in the queue.
2019-09-25 05:09:16,668 [grpc-default-executor-7] INFO  segmented.SegmentedRaftLogWorker (SegmentedRaftLogWorker.java:close(228)) - 0c186508-9ecb-45e3-9dfe-464b7fe9f193@group-34516644C2A0-SegmentedRaftLogWorker close()
2019-09-25 05:09:16,681 [grpc-default-executor-7] INFO  impl.RaftServerProxy (RaftServerProxy.java:remove(95)) - 0c186508-9ecb-45e3-9dfe-464b7fe9f193: remove  FOLLOWER 0c186508-9ecb-45e3-9dfe-464b7fe9f193@group-E97B045DFE39:t3, leader=95dec85b-23b9-41b7-9d30-1b2eb1816676, voted=95dec85b-23b9-41b7-9d30-1b2eb1816676, raftlog=0c186508-9ecb-45e3-9dfe-464b7fe9f193@group-E97B045DFE39-SegmentedRaftLog:OPENED:c0,f0,i0, conf=0: [0c186508-9ecb-45e3-9dfe-464b7fe9f193:192.168.36.126:34098, 95dec85b-23b9-41b7-9d30-1b2eb1816676:192.168.36.126:33370, 1e4f299d-27e6-442d-9871-12ab226dd7a8:192.168.36.126:46862], old=null RUNNING
2019-09-25 05:09:16,681 [grpc-default-executor-7] INFO  impl.RaftServerImpl (RaftServerImpl.java:lambda$shutdown$3(251)) - 0c186508-9ecb-45e3-9dfe-464b7fe9f193@group-E97B045DFE39: shutdown
2019-09-25 05:09:16,681 [grpc-default-executor-7] INFO  util.JmxRegister (JmxRegister.java:unregister(73)) - Successfully un-registered JMX Bean with object name Ratis:service=RaftServer,group=group-E97B045DFE39,id=0c186508-9ecb-45e3-9dfe-464b7fe9f193
2019-09-25 05:09:16,682 [grpc-default-executor-7] INFO  impl.RoleInfo (RoleInfo.java:shutdownFollowerState(121)) - 0c186508-9ecb-45e3-9dfe-464b7fe9f193: shutdown FollowerState
2019-09-25 05:09:16,682 [grpc-default-executor-7] INFO  impl.StateMachineUpdater (StateMachineUpdater.java:stopAndJoin(125)) - 0c186508-9ecb-45e3-9dfe-464b7fe9f193@group-E97B045DFE39-StateMachineUpdater: set stopIndex = 0
2019-09-25 05:09:16,682 [Thread-2003] INFO  impl.FollowerState (FollowerState.java:run(115)) - 0c186508-9ecb-45e3-9dfe-464b7fe9f193: FollowerState was interrupted: java.lang.InterruptedException: sleep interrupted
2019-09-25 05:09:16,682 [grpc-default-executor-7] INFO  impl.RaftServerImpl (ServerState.java:close(385)) - 0c186508-9ecb-45e3-9dfe-464b7fe9f193@group-E97B045DFE39: closes. applyIndex: 0
2019-09-25 05:09:16,683 [0c186508-9ecb-45e3-9dfe-464b7fe9f193@group-E97B045DFE39-SegmentedRaftLogWorker] INFO  segmented.SegmentedRaftLogWorker (SegmentedRaftLogWorker.java:run(313)) - 0c186508-9ecb-45e3-9dfe-464b7fe9f193@group-E97B045DFE39-SegmentedRaftLogWorker was interrupted, exiting. There are 0 tasks remaining in the queue.
2019-09-25 05:09:16,687 [grpc-default-executor-7] INFO  segmented.SegmentedRaftLogWorker (SegmentedRaftLogWorker.java:close(228)) - 0c186508-9ecb-45e3-9dfe-464b7fe9f193@group-E97B045DFE39-SegmentedRaftLogWorker close()
2019-09-25 05:09:20,786 [Thread-2381] INFO  impl.FollowerState (FollowerState.java:run(106)) - 59abef46-29ea-4eff-a512-e596f80f6db1:group-8F81A5CD80FE changes to CANDIDATE, lastRpcTime:5037, electionTimeout:5036ms
2019-09-25 05:09:20,786 [Thread-2381] INFO  impl.RoleInfo (RoleInfo.java:shutdownFollowerState(121)) - 59abef46-29ea-4eff-a512-e596f80f6db1: shutdown FollowerState
2019-09-25 05:09:20,786 [Thread-2381] INFO  impl.RaftServerImpl (RaftServerImpl.java:setRole(174)) - 59abef46-29ea-4eff-a512-e596f80f6db1@group-8F81A5CD80FE: changes role from  FOLLOWER to CANDIDATE at term 17 for changeToCandidate
2019-09-25 05:09:20,827 [Thread-2381] ERROR ratis.XceiverServerRatis (XceiverServerRatis.java:triggerPipelineClose(575)) - pipeline Action CLOSE  on pipeline PipelineID=99fb0877-89b1-4c45-8334-8f81a5cd80fe.Reason : 59abef46-29ea-4eff-a512-e596f80f6db1 is in candidate state for 123099ms
2019-09-25 05:09:20,827 [Thread-2381] INFO  impl.RoleInfo (RoleInfo.java:updateAndGet(143)) - 59abef46-29ea-4eff-a512-e596f80f6db1: start LeaderElection
2019-09-25 05:09:20,855 [Thread-2380] INFO  impl.FollowerState (FollowerState.java:run(106)) - bc163c1a-f845-4c36-9592-f8e34b91970d:group-8F81A5CD80FE changes to CANDIDATE, lastRpcTime:5107, electionTimeout:5106ms
2019-09-25 05:09:20,855 [Thread-2380] INFO  impl.RoleInfo (RoleInfo.java:shutdownFollowerState(121)) - bc163c1a-f845-4c36-9592-f8e34b91970d: shutdown FollowerState
2019-09-25 05:09:20,856 [Thread-2380] INFO  impl.RaftServerImpl (RaftServerImpl.java:setRole(174)) - bc163c1a-f845-4c36-9592-f8e34b91970d@group-8F81A5CD80FE: changes role from  FOLLOWER to CANDIDATE at term 17 for changeToCandidate
2019-09-25 05:09:20,861 [Thread-2380] ERROR ratis.XceiverServerRatis (XceiverServerRatis.java:triggerPipelineClose(575)) - pipeline Action CLOSE  on pipeline PipelineID=99fb0877-89b1-4c45-8334-8f81a5cd80fe.Reason : bc163c1a-f845-4c36-9592-f8e34b91970d is in candidate state for 123149ms
2019-09-25 05:09:20,862 [Thread-2380] INFO  impl.RoleInfo (RoleInfo.java:updateAndGet(143)) - bc163c1a-f845-4c36-9592-f8e34b91970d: start LeaderElection
2019-09-25 05:09:20,895 [Thread-2382] INFO  impl.FollowerState (FollowerState.java:run(106)) - 158ad28b-aa8e-4172-b96b-cbb323932650:group-8F81A5CD80FE changes to CANDIDATE, lastRpcTime:5146, electionTimeout:5145ms
2019-09-25 05:09:20,895 [Thread-2382] INFO  impl.RoleInfo (RoleInfo.java:shutdownFollowerState(121)) - 158ad28b-aa8e-4172-b96b-cbb323932650: shutdown FollowerState
2019-09-25 05:09:20,895 [Thread-2382] INFO  impl.RaftServerImpl (RaftServerImpl.java:setRole(174)) - 158ad28b-aa8e-4172-b96b-cbb323932650@group-8F81A5CD80FE: changes role from  FOLLOWER to CANDIDATE at term 17 for changeToCandidate
2019-09-25 05:09:20,896 [Thread-2382] INFO  impl.RoleInfo (RoleInfo.java:updateAndGet(143)) - 158ad28b-aa8e-4172-b96b-cbb323932650: start LeaderElection
2019-09-25 05:09:21,329 [EventQueue-PipelineActionsForPipelineActionHandler] ERROR pipeline.PipelineActionHandler (PipelineActionHandler.java:onMessage(60)) - Received pipeline action CLOSE for Pipeline[ Id: 99fb0877-89b1-4c45-8334-8f81a5cd80fe, Nodes: 59abef46-29ea-4eff-a512-e596f80f6db1{ip: 192.168.36.126, host: pr-hdds-2174-pqx5g-486351168, networkLocation: /default-rack, certSerialId: null}bc163c1a-f845-4c36-9592-f8e34b91970d{ip: 192.168.36.126, host: pr-hdds-2174-pqx5g-486351168, networkLocation: /default-rack, certSerialId: null}158ad28b-aa8e-4172-b96b-cbb323932650{ip: 192.168.36.126, host: pr-hdds-2174-pqx5g-486351168, networkLocation: /default-rack, certSerialId: null}, Type:RATIS, Factor:THREE, State:OPEN] from datanode 59abef46-29ea-4eff-a512-e596f80f6db1{ip: 192.168.36.126, host: pr-hdds-2174-pqx5g-486351168, networkLocation: /default-rack, certSerialId: null}. Reason : 59abef46-29ea-4eff-a512-e596f80f6db1 is in candidate state for 123099ms
2019-09-25 05:09:21,329 [EventQueue-PipelineActionsForPipelineActionHandler] INFO  pipeline.SCMPipelineManager (SCMPipelineManager.java:finalizeAndDestroyPipeline(315)) - destroying pipeline:Pipeline[ Id: 99fb0877-89b1-4c45-8334-8f81a5cd80fe, Nodes: 59abef46-29ea-4eff-a512-e596f80f6db1{ip: 192.168.36.126, host: pr-hdds-2174-pqx5g-486351168, networkLocation: /default-rack, certSerialId: null}bc163c1a-f845-4c36-9592-f8e34b91970d{ip: 192.168.36.126, host: pr-hdds-2174-pqx5g-486351168, networkLocation: /default-rack, certSerialId: null}158ad28b-aa8e-4172-b96b-cbb323932650{ip: 192.168.36.126, host: pr-hdds-2174-pqx5g-486351168, networkLocation: /default-rack, certSerialId: null}, Type:RATIS, Factor:THREE, State:OPEN]
2019-09-25 05:09:21,329 [EventQueue-PipelineActionsForPipelineActionHandler] INFO  pipeline.PipelineStateManager (PipelineStateManager.java:finalizePipeline(123)) - Pipeline Pipeline[ Id: 99fb0877-89b1-4c45-8334-8f81a5cd80fe, Nodes: 59abef46-29ea-4eff-a512-e596f80f6db1{ip: 192.168.36.126, host: pr-hdds-2174-pqx5g-486351168, networkLocation: /default-rack, certSerialId: null}bc163c1a-f845-4c36-9592-f8e34b91970d{ip: 192.168.36.126, host: pr-hdds-2174-pqx5g-486351168, networkLocation: /default-rack, certSerialId: null}158ad28b-aa8e-4172-b96b-cbb323932650{ip: 192.168.36.126, host: pr-hdds-2174-pqx5g-486351168, networkLocation: /default-rack, certSerialId: null}, Type:RATIS, Factor:THREE, State:CLOSED] moved to CLOSED state
2019-09-25 05:09:21,338 [EventQueue-CloseContainerForCloseContainerEventHandler] INFO  container.CloseContainerEventHandler (CloseContainerEventHandler.java:onMessage(61)) - Close container Event triggered for container : #1
2019-09-25 05:09:21,588 [EventQueue-PipelineActionsForPipelineActionHandler] ERROR pipeline.PipelineActionHandler (PipelineActionHandler.java:onMessage(60)) - Received pipeline action CLOSE for Pipeline[ Id: 99fb0877-89b1-4c45-8334-8f81a5cd80fe, Nodes: 59abef46-29ea-4eff-a512-e596f80f6db1{ip: 192.168.36.126, host: pr-hdds-2174-pqx5g-486351168, networkLocation: /default-rack, certSerialId: null}bc163c1a-f845-4c36-9592-f8e34b91970d{ip: 192.168.36.126, host: pr-hdds-2174-pqx5g-486351168, networkLocation: /default-rack, certSerialId: null}158ad28b-aa8e-4172-b96b-cbb323932650{ip: 192.168.36.126, host: pr-hdds-2174-pqx5g-486351168, networkLocation: /default-rack, certSerialId: null}, Type:RATIS, Factor:THREE, State:CLOSED] from datanode bc163c1a-f845-4c36-9592-f8e34b91970d{ip: 192.168.36.126, host: pr-hdds-2174-pqx5g-486351168, networkLocation: /default-rack, certSerialId: null}. Reason : bc163c1a-f845-4c36-9592-f8e34b91970d is in candidate state for 123149ms
2019-09-25 05:09:21,588 [EventQueue-PipelineActionsForPipelineActionHandler] INFO  pipeline.SCMPipelineManager (SCMPipelineManager.java:finalizeAndDestroyPipeline(315)) - destroying pipeline:Pipeline[ Id: 99fb0877-89b1-4c45-8334-8f81a5cd80fe, Nodes: 59abef46-29ea-4eff-a512-e596f80f6db1{ip: 192.168.36.126, host: pr-hdds-2174-pqx5g-486351168, networkLocation: /default-rack, certSerialId: null}bc163c1a-f845-4c36-9592-f8e34b91970d{ip: 192.168.36.126, host: pr-hdds-2174-pqx5g-486351168, networkLocation: /default-rack, certSerialId: null}158ad28b-aa8e-4172-b96b-cbb323932650{ip: 192.168.36.126, host: pr-hdds-2174-pqx5g-486351168, networkLocation: /default-rack, certSerialId: null}, Type:RATIS, Factor:THREE, State:CLOSED]
2019-09-25 05:09:21,731 [java.util.concurrent.ThreadPoolExecutor$Worker@24131769[State = -1, empty queue]] WARN  server.GrpcLogAppender (GrpcLogAppender.java:timeoutAppendRequest(200)) - 1e4f299d-27e6-442d-9871-12ab226dd7a8@group-62501194BD52->0c186508-9ecb-45e3-9dfe-464b7fe9f193-GrpcLogAppender: appendEntries Timeout, request=1e4f299d-27e6-442d-9871-12ab226dd7a8->0c186508-9ecb-45e3-9dfe-464b7fe9f193#23-t2, previous=(t:2, i:0), leaderCommit=0, initializing? false, entries: <empty>
2019-09-25 05:09:21,732 [java.util.concurrent.ThreadPoolExecutor$Worker@72b16923[State = -1, empty queue]] WARN  server.GrpcLogAppender (GrpcLogAppender.java:timeoutAppendRequest(200)) - 1e4f299d-27e6-442d-9871-12ab226dd7a8@group-3D9C9E831C33->0c186508-9ecb-45e3-9dfe-464b7fe9f193-GrpcLogAppender: appendEntries Timeout, request=1e4f299d-27e6-442d-9871-12ab226dd7a8->0c186508-9ecb-45e3-9dfe-464b7fe9f193#23-t2, previous=(t:2, i:0), leaderCommit=0, initializing? false, entries: <empty>
2019-09-25 05:09:21,733 [java.util.concurrent.ThreadPoolExecutor$Worker@6af36432[State = -1, empty queue]] WARN  server.GrpcLogAppender (GrpcLogAppender.java:timeoutAppendRequest(200)) - 95dec85b-23b9-41b7-9d30-1b2eb1816676@group-E97B045DFE39->0c186508-9ecb-45e3-9dfe-464b7fe9f193-GrpcLogAppender: appendEntries Timeout, request=95dec85b-23b9-41b7-9d30-1b2eb1816676->0c186508-9ecb-45e3-9dfe-464b7fe9f193#23-t3, previous=(t:3, i:0), leaderCommit=0, initializing? false, entries: <empty>
2019-09-25 05:09:23,062 [bc163c1a-f845-4c36-9592-f8e34b91970d@group-8F81A5CD80FE:LeaderElection163] INFO  impl.LeaderElection (LeaderElection.java:askForVotes(182)) - bc163c1a-f845-4c36-9592-f8e34b91970d@group-8F81A5CD80FE:LeaderElection163: begin an election at term 18 for -1: [bc163c1a-f845-4c36-9592-f8e34b91970d:192.168.36.126:38248, 158ad28b-aa8e-4172-b96b-cbb323932650:192.168.36.126:34188, 59abef46-29ea-4eff-a512-e596f80f6db1:192.168.36.126:38401], old=null
2019-09-25 05:09:23,062 [158ad28b-aa8e-4172-b96b-cbb323932650@group-8F81A5CD80FE:LeaderElection164] INFO  impl.LeaderElection (LeaderElection.java:askForVotes(182)) - 158ad28b-aa8e-4172-b96b-cbb323932650@group-8F81A5CD80FE:LeaderElection164: begin an election at term 18 for 0: [bc163c1a-f845-4c36-9592-f8e34b91970d:192.168.36.126:38248, 158ad28b-aa8e-4172-b96b-cbb323932650:192.168.36.126:34188, 59abef46-29ea-4eff-a512-e596f80f6db1:192.168.36.126:38401], old=null
2019-09-25 05:09:23,062 [59abef46-29ea-4eff-a512-e596f80f6db1@group-8F81A5CD80FE:LeaderElection162] INFO  impl.LeaderElection (LeaderElection.java:askForVotes(182)) - 59abef46-29ea-4eff-a512-e596f80f6db1@group-8F81A5CD80FE:LeaderElection162: begin an election at term 18 for -1: [bc163c1a-f845-4c36-9592-f8e34b91970d:192.168.36.126:38248, 158ad28b-aa8e-4172-b96b-cbb323932650:192.168.36.126:34188, 59abef46-29ea-4eff-a512-e596f80f6db1:192.168.36.126:38401], old=null
2019-09-25 05:09:23,069 [bc163c1a-f845-4c36-9592-f8e34b91970d@group-8F81A5CD80FE:LeaderElection163] INFO  impl.LeaderElection (LeaderElection.java:logAndReturn(56)) - bc163c1a-f845-4c36-9592-f8e34b91970d@group-8F81A5CD80FE:LeaderElection163: Election REJECTED; received 2 response(s) [bc163c1a-f845-4c36-9592-f8e34b91970d<-158ad28b-aa8e-4172-b96b-cbb323932650#0:FAIL-t18, bc163c1a-f845-4c36-9592-f8e34b91970d<-59abef46-29ea-4eff-a512-e596f80f6db1#0:FAIL-t18] and 0 exception(s); bc163c1a-f845-4c36-9592-f8e34b91970d@group-8F81A5CD80FE:t18, leader=null, voted=bc163c1a-f845-4c36-9592-f8e34b91970d, raftlog=bc163c1a-f845-4c36-9592-f8e34b91970d@group-8F81A5CD80FE-SegmentedRaftLog:OPENED:c-1,f-1,i0, conf=-1: [bc163c1a-f845-4c36-9592-f8e34b91970d:192.168.36.126:38248, 158ad28b-aa8e-4172-b96b-cbb323932650:192.168.36.126:34188, 59abef46-29ea-4eff-a512-e596f80f6db1:192.168.36.126:38401], old=null
2019-09-25 05:09:23,070 [bc163c1a-f845-4c36-9592-f8e34b91970d@group-8F81A5CD80FE:LeaderElection163] INFO  impl.RaftServerImpl (RaftServerImpl.java:setRole(174)) - bc163c1a-f845-4c36-9592-f8e34b91970d@group-8F81A5CD80FE: changes role from CANDIDATE to FOLLOWER at term 18 for DISCOVERED_A_NEW_TERM
2019-09-25 05:09:23,070 [bc163c1a-f845-4c36-9592-f8e34b91970d@group-8F81A5CD80FE:LeaderElection163] INFO  impl.RoleInfo (RoleInfo.java:shutdownLeaderElection(134)) - bc163c1a-f845-4c36-9592-f8e34b91970d: shutdown LeaderElection
2019-09-25 05:09:23,070 [bc163c1a-f845-4c36-9592-f8e34b91970d@group-8F81A5CD80FE:LeaderElection163] INFO  impl.RoleInfo (RoleInfo.java:updateAndGet(143)) - bc163c1a-f845-4c36-9592-f8e34b91970d: start FollowerState
2019-09-25 05:09:23,071 [158ad28b-aa8e-4172-b96b-cbb323932650@group-8F81A5CD80FE:LeaderElection164] INFO  impl.LeaderElection (LeaderElection.java:logAndReturn(56)) - 158ad28b-aa8e-4172-b96b-cbb323932650@group-8F81A5CD80FE:LeaderElection164: Election REJECTED; received 2 response(s) [158ad28b-aa8e-4172-b96b-cbb323932650<-bc163c1a-f845-4c36-9592-f8e34b91970d#0:FAIL-t18, 158ad28b-aa8e-4172-b96b-cbb323932650<-59abef46-29ea-4eff-a512-e596f80f6db1#0:FAIL-t18] and 0 exception(s); 158ad28b-aa8e-4172-b96b-cbb323932650@group-8F81A5CD80FE:t18, leader=null, voted=158ad28b-aa8e-4172-b96b-cbb323932650, raftlog=158ad28b-aa8e-4172-b96b-cbb323932650@group-8F81A5CD80FE-SegmentedRaftLog:OPENED:c-1,f0,i0, conf=0: [bc163c1a-f845-4c36-9592-f8e34b91970d:192.168.36.126:38248, 158ad28b-aa8e-4172-b96b-cbb323932650:192.168.36.126:34188, 59abef46-29ea-4eff-a512-e596f80f6db1:192.168.36.126:38401], old=null
2019-09-25 05:09:23,071 [158ad28b-aa8e-4172-b96b-cbb323932650@group-8F81A5CD80FE:LeaderElection164] INFO  impl.RaftServerImpl (RaftServerImpl.java:setRole(174)) - 158ad28b-aa8e-4172-b96b-cbb323932650@group-8F81A5CD80FE: changes role from CANDIDATE to FOLLOWER at term 18 for DISCOVERED_A_NEW_TERM
2019-09-25 05:09:23,071 [158ad28b-aa8e-4172-b96b-cbb323932650@group-8F81A5CD80FE:LeaderElection164] INFO  impl.RoleInfo (RoleInfo.java:shutdownLeaderElection(134)) - 158ad28b-aa8e-4172-b96b-cbb323932650: shutdown LeaderElection
2019-09-25 05:09:23,071 [158ad28b-aa8e-4172-b96b-cbb323932650@group-8F81A5CD80FE:LeaderElection164] INFO  impl.RoleInfo (RoleInfo.java:updateAndGet(143)) - 158ad28b-aa8e-4172-b96b-cbb323932650: start FollowerState
2019-09-25 05:09:23,072 [59abef46-29ea-4eff-a512-e596f80f6db1@group-8F81A5CD80FE:LeaderElection162] INFO  impl.LeaderElection (LeaderElection.java:logAndReturn(56)) - 59abef46-29ea-4eff-a512-e596f80f6db1@group-8F81A5CD80FE:LeaderElection162: Election REJECTED; received 2 response(s) [59abef46-29ea-4eff-a512-e596f80f6db1<-158ad28b-aa8e-4172-b96b-cbb323932650#0:FAIL-t18, 59abef46-29ea-4eff-a512-e596f80f6db1<-bc163c1a-f845-4c36-9592-f8e34b91970d#0:FAIL-t18] and 0 exception(s); 59abef46-29ea-4eff-a512-e596f80f6db1@group-8F81A5CD80FE:t18, leader=null, voted=59abef46-29ea-4eff-a512-e596f80f6db1, raftlog=59abef46-29ea-4eff-a512-e596f80f6db1@group-8F81A5CD80FE-SegmentedRaftLog:OPENED:c-1,f-1,i0, conf=-1: [bc163c1a-f845-4c36-9592-f8e34b91970d:192.168.36.126:38248, 158ad28b-aa8e-4172-b96b-cbb323932650:192.168.36.126:34188, 59abef46-29ea-4eff-a512-e596f80f6db1:192.168.36.126:38401], old=null
2019-09-25 05:09:23,072 [59abef46-29ea-4eff-a512-e596f80f6db1@group-8F81A5CD80FE:LeaderElection162] INFO  impl.RaftServerImpl (RaftServerImpl.java:setRole(174)) - 59abef46-29ea-4eff-a512-e596f80f6db1@group-8F81A5CD80FE: changes role from CANDIDATE to FOLLOWER at term 18 for DISCOVERED_A_NEW_TERM
2019-09-25 05:09:23,072 [59abef46-29ea-4eff-a512-e596f80f6db1@group-8F81A5CD80FE:LeaderElection162] INFO  impl.RoleInfo (RoleInfo.java:shutdownLeaderElection(134)) - 59abef46-29ea-4eff-a512-e596f80f6db1: shutdown LeaderElection
2019-09-25 05:09:23,072 [59abef46-29ea-4eff-a512-e596f80f6db1@group-8F81A5CD80FE:LeaderElection162] INFO  impl.RoleInfo (RoleInfo.java:updateAndGet(143)) - 59abef46-29ea-4eff-a512-e596f80f6db1: start FollowerState
2019-09-25 05:09:23,325 [Command processor thread] ERROR commandhandler.CloseContainerCommandHandler (CloseContainerCommandHandler.java:handle(84)) - Container #1 does not exist in datanode. Container close failed.
2019-09-25 05:09:23,472 [Command processor thread] ERROR commandhandler.CloseContainerCommandHandler (CloseContainerCommandHandler.java:handle(84)) - Container #1 does not exist in datanode. Container close failed.
2019-09-25 05:09:23,566 [main] INFO  ipc.CallQueueManager (CallQueueManager.java:<init>(84)) - Using callQueue: class java.util.concurrent.LinkedBlockingQueue, queueCapacity: 2000, scheduler: class org.apache.hadoop.ipc.DefaultRpcScheduler, ipcBackoff: false.
2019-09-25 05:09:23,568 [Socket Reader #1 for port 38472] INFO  ipc.Server (Server.java:run(1074)) - Starting Socket Reader #1 for port 38472
2019-09-25 05:09:23,587 [Command processor thread] ERROR commandhandler.CloseContainerCommandHandler (CloseContainerCommandHandler.java:handle(84)) - Container #1 does not exist in datanode. Container close failed.
2019-09-25 05:09:23,594 [main] INFO  om.OzoneManager (OzoneManager.java:start(1243)) - OzoneManager RPC server is listening at localhost/127.0.0.1:38472
2019-09-25 05:09:23,594 [main] INFO  impl.MetricsSystemImpl (MetricsSystemImpl.java:init(158)) - OzoneManager metrics system started (again)
2019-09-25 05:09:23,596 [IPC Server Responder] INFO  ipc.Server (Server.java:run(1314)) - IPC Server Responder: starting
2019-09-25 05:09:23,596 [IPC Server listener on 38472] INFO  ipc.Server (Server.java:run(1153)) - IPC Server listener on 38472: starting
2019-09-25 05:09:23,614 [main] INFO  hdfs.DFSUtil (DFSUtil.java:httpServerTemplateForNNAndJN(1641)) - Starting Web-server for ozoneManager at: http://0.0.0.0:0
2019-09-25 05:09:23,616 [main] INFO  server.AuthenticationFilter (AuthenticationFilter.java:constructSecretProvider(240)) - Unable to initialize FileSignerSecretProvider, falling back to use random secrets.
2019-09-25 05:09:23,617 [main] WARN  http.HttpRequestLog (HttpRequestLog.java:getRequestLog(97)) - Jetty request log can only be enabled using Log4j
2019-09-25 05:09:23,620 [main] INFO  http.HttpServer2 (HttpServer2.java:addGlobalFilter(975)) - Added global filter 'safety' (class=org.apache.hadoop.http.HttpServer2$QuotingInputFilter)
2019-09-25 05:09:23,621 [main] INFO  http.HttpServer2 (HttpServer2.java:addFilter(948)) - Added filter static_user_filter (class=org.apache.hadoop.http.lib.StaticUserWebFilter$StaticUserFilter) to context ozoneManager
2019-09-25 05:09:23,621 [main] INFO  http.HttpServer2 (HttpServer2.java:addFilter(958)) - Added filter static_user_filter (class=org.apache.hadoop.http.lib.StaticUserWebFilter$StaticUserFilter) to context static
2019-09-25 05:09:23,621 [main] INFO  http.HttpServer2 (HttpServer2.java:addFilter(958)) - Added filter static_user_filter (class=org.apache.hadoop.http.lib.StaticUserWebFilter$StaticUserFilter) to context logs
2019-09-25 05:09:23,624 [main] INFO  http.HttpServer2 (HttpServer2.java:bindListener(1191)) - Jetty bound to port 38766
2019-09-25 05:09:23,624 [main] INFO  server.Server (Server.java:doStart(351)) - jetty-9.3.25.v20180904, build timestamp: 2018-09-04T21:11:46Z, git hash: 3ce520221d0240229c862b122d2b06c12a625732
2019-09-25 05:09:23,627 [main] INFO  handler.ContextHandler (ContextHandler.java:doStart(781)) - Started o.e.j.s.ServletContextHandler@31acfd4e{/logs,file:///workdir/hadoop-ozone/integration-test/target/log,AVAILABLE}
2019-09-25 05:09:23,627 [main] INFO  handler.ContextHandler (ContextHandler.java:doStart(781)) - Started o.e.j.s.ServletContextHandler@4e80a001{/static,file:///workdir/hadoop-ozone/integration-test/target/test-classes/webapps/static,AVAILABLE}
2019-09-25 05:09:23,634 [main] INFO  handler.ContextHandler (ContextHandler.java:doStart(781)) - Started o.e.j.w.WebAppContext@19b07407{/,file:///workdir/hadoop-ozone/integration-test/target/test-classes/webapps/ozoneManager/,AVAILABLE}{/ozoneManager}
2019-09-25 05:09:23,634 [main] INFO  server.AbstractConnector (AbstractConnector.java:doStart(278)) - Started ServerConnector@54ffa561{HTTP/1.1,[http/1.1]}{0.0.0.0:38766}
2019-09-25 05:09:23,641 [main] INFO  server.Server (Server.java:doStart(419)) - Started @344849ms
2019-09-25 05:09:23,641 [main] WARN  impl.MetricsSystemImpl (MetricsSystemImpl.java:register(276)) - Sink prometheus already exists!
2019-09-25 05:09:23,642 [main] INFO  server.BaseHttpServer (BaseHttpServer.java:updateConnectorAddress(215)) - HTTP server of OZONEMANAGER is listening at http://0.0.0.0:38766
2019-09-25 05:09:23,670 [main] INFO  impl.MetricsSystemImpl (MetricsSystemImpl.java:init(158)) - HddsDatanode metrics system started (again)
2019-09-25 05:09:23,741 [main] INFO  ozone.HddsDatanodeService (HddsDatanodeService.java:start(184)) - HddsDatanodeService host:pr-hdds-2174-pqx5g-486351168 ip:192.168.36.126
2019-09-25 05:09:23,760 [main] INFO  volume.HddsVolume (HddsVolume.java:<init>(176)) - Creating Volume: /workdir/hadoop-ozone/integration-test/target/test-dir/MiniOzoneClusterImpl-1b42c1df-ac13-43c6-a371-b3b854adf906/datanode-0/data/containers/hdds of  storage type : DISK and capacity : 1482555576320
2019-09-25 05:09:23,760 [main] INFO  volume.VolumeSet (VolumeSet.java:initializeVolumeSet(170)) - Added Volume : /workdir/hadoop-ozone/integration-test/target/test-dir/MiniOzoneClusterImpl-1b42c1df-ac13-43c6-a371-b3b854adf906/datanode-0/data/containers/hdds to VolumeSet
2019-09-25 05:09:23,760 [main] INFO  volume.ThrottledAsyncChecker (ThrottledAsyncChecker.java:schedule(139)) - Scheduling a check for org.apache.hadoop.ozone.container.common.volume.HddsVolume@6da4feeb
2019-09-25 05:09:23,761 [main] INFO  volume.HddsVolumeChecker (HddsVolumeChecker.java:checkAllVolumes(202)) - Scheduled health check for volume org.apache.hadoop.ozone.container.common.volume.HddsVolume@6da4feeb
2019-09-25 05:09:23,784 [main] INFO  impl.RaftServerProxy (ConfUtils.java:logGet(43)) - raft.rpc.type = GRPC (default)
2019-09-25 05:09:23,784 [main] INFO  grpc.GrpcFactory (GrpcFactory.java:checkPooledByteBufAllocatorUseCacheForAllThreads(45)) - PERFORMANCE WARNING: useCacheForAllThreads is true that may cause Netty to create a lot garbage objects and, as a result, trigger GC.
	It is recommended to disable useCacheForAllThreads by setting -Dorg.apache.ratis.thirdparty.io.netty.allocator.useCacheForAllThreads=false in command line.
2019-09-25 05:09:23,784 [main] INFO  grpc.GrpcConfigKeys$Server (ConfUtils.java:logGet(43)) - raft.grpc.server.port = 0 (default)
2019-09-25 05:09:23,785 [main] INFO  server.GrpcService (ConfUtils.java:logGet(43)) - raft.grpc.message.size.max = 33570816 (custom)
2019-09-25 05:09:23,785 [main] INFO  server.RaftServerConfigKeys (ConfUtils.java:logGet(43)) - raft.server.log.appender.buffer.byte-limit = 33554432 (custom)
2019-09-25 05:09:23,785 [main] INFO  server.GrpcService (ConfUtils.java:logGet(43)) - raft.grpc.flow.control.window = 1MB (=1048576) (default)
2019-09-25 05:09:23,785 [main] INFO  server.RaftServerConfigKeys (ConfUtils.java:logGet(43)) - raft.server.rpc.request.timeout = 3000ms (default)
2019-09-25 05:09:23,786 [main] INFO  server.RaftServerConfigKeys (ConfUtils.java:logGet(43)) - raft.server.storage.dir = [/workdir/hadoop-ozone/integration-test/target/test-dir/MiniOzoneClusterImpl-1b42c1df-ac13-43c6-a371-b3b854adf906/datanode-0/data/ratis] (custom)
2019-09-25 05:09:23,788 [main] INFO  hdfs.DFSUtil (DFSUtil.java:httpServerTemplateForNNAndJN(1641)) - Starting Web-server for hddsDatanode at: http://0.0.0.0:0
2019-09-25 05:09:23,790 [main] INFO  server.AuthenticationFilter (AuthenticationFilter.java:constructSecretProvider(240)) - Unable to initialize FileSignerSecretProvider, falling back to use random secrets.
2019-09-25 05:09:23,791 [main] WARN  http.HttpRequestLog (HttpRequestLog.java:getRequestLog(97)) - Jetty request log can only be enabled using Log4j
2019-09-25 05:09:23,793 [main] INFO  http.HttpServer2 (HttpServer2.java:addGlobalFilter(975)) - Added global filter 'safety' (class=org.apache.hadoop.http.HttpServer2$QuotingInputFilter)
2019-09-25 05:09:23,794 [main] INFO  http.HttpServer2 (HttpServer2.java:addFilter(948)) - Added filter static_user_filter (class=org.apache.hadoop.http.lib.StaticUserWebFilter$StaticUserFilter) to context hddsDatanode
2019-09-25 05:09:23,794 [main] INFO  http.HttpServer2 (HttpServer2.java:addFilter(958)) - Added filter static_user_filter (class=org.apache.hadoop.http.lib.StaticUserWebFilter$StaticUserFilter) to context logs
2019-09-25 05:09:23,794 [main] INFO  http.HttpServer2 (HttpServer2.java:addFilter(958)) - Added filter static_user_filter (class=org.apache.hadoop.http.lib.StaticUserWebFilter$StaticUserFilter) to context static
2019-09-25 05:09:23,795 [main] INFO  http.HttpServer2 (HttpServer2.java:bindListener(1191)) - Jetty bound to port 38103
2019-09-25 05:09:23,795 [main] INFO  server.Server (Server.java:doStart(351)) - jetty-9.3.25.v20180904, build timestamp: 2018-09-04T21:11:46Z, git hash: 3ce520221d0240229c862b122d2b06c12a625732
2019-09-25 05:09:23,797 [main] INFO  handler.ContextHandler (ContextHandler.java:doStart(781)) - Started o.e.j.s.ServletContextHandler@7df6d663{/logs,file:///workdir/hadoop-ozone/integration-test/target/log,AVAILABLE}
2019-09-25 05:09:23,798 [main] INFO  handler.ContextHandler (ContextHandler.java:doStart(781)) - Started o.e.j.s.ServletContextHandler@2c30c81d{/static,jar:file:/home/user/.m2/repository/org/apache/hadoop/hadoop-hdds-container-service/0.5.0-SNAPSHOT/hadoop-hdds-container-service-0.5.0-SNAPSHOT.jar!/webapps/static,AVAILABLE}
2019-09-25 05:09:23,839 [main] INFO  handler.ContextHandler (ContextHandler.java:doStart(781)) - Started o.e.j.w.WebAppContext@385d819{/,file:///tmp/jetty-0.0.0.0-38103-hddsDatanode-_-any-2534084502822443617.dir/webapp/,AVAILABLE}{/hddsDatanode}
2019-09-25 05:09:23,839 [main] INFO  server.AbstractConnector (AbstractConnector.java:doStart(278)) - Started ServerConnector@4315c28c{HTTP/1.1,[http/1.1]}{0.0.0.0:38103}
2019-09-25 05:09:23,845 [main] INFO  server.Server (Server.java:doStart(419)) - Started @345054ms
2019-09-25 05:09:23,846 [main] WARN  impl.MetricsSystemImpl (MetricsSystemImpl.java:register(276)) - Sink prometheus already exists!
2019-09-25 05:09:23,847 [main] INFO  server.BaseHttpServer (BaseHttpServer.java:updateConnectorAddress(215)) - HTTP server of HDDSDATANODE is listening at http://0.0.0.0:38103
2019-09-25 05:09:23,847 [main] INFO  impl.MetricsSystemImpl (MetricsSystemImpl.java:init(158)) - HddsDatanode metrics system started (again)
2019-09-25 05:09:23,910 [org.apache.hadoop.util.JvmPauseMonitor$Monitor@3c1d9b9] INFO  util.JvmPauseMonitor (JvmPauseMonitor.java:run(188)) - Starting JVM pause monitor
2019-09-25 05:09:23,912 [main] INFO  ozone.HddsDatanodeService (HddsDatanodeService.java:start(184)) - HddsDatanodeService host:pr-hdds-2174-pqx5g-486351168 ip:192.168.36.126
2019-09-25 05:09:23,913 [Datanode State Machine Thread - 0] INFO  datanode.InitDatanodeState (InitDatanodeState.java:persistContainerDatanodeDetails(140)) - DatanodeDetails is persisted to /workdir/hadoop-ozone/integration-test/target/test-dir/MiniOzoneClusterImpl-1b42c1df-ac13-43c6-a371-b3b854adf906/datanode-0/meta/datanode.id
2019-09-25 05:09:23,929 [main] INFO  volume.HddsVolume (HddsVolume.java:<init>(176)) - Creating Volume: /workdir/hadoop-ozone/integration-test/target/test-dir/MiniOzoneClusterImpl-1b42c1df-ac13-43c6-a371-b3b854adf906/datanode-1/data/containers/hdds of  storage type : DISK and capacity : 1482555576320
2019-09-25 05:09:23,930 [main] INFO  volume.VolumeSet (VolumeSet.java:initializeVolumeSet(170)) - Added Volume : /workdir/hadoop-ozone/integration-test/target/test-dir/MiniOzoneClusterImpl-1b42c1df-ac13-43c6-a371-b3b854adf906/datanode-1/data/containers/hdds to VolumeSet
2019-09-25 05:09:23,930 [main] INFO  volume.ThrottledAsyncChecker (ThrottledAsyncChecker.java:schedule(139)) - Scheduling a check for org.apache.hadoop.ozone.container.common.volume.HddsVolume@71560f51
2019-09-25 05:09:23,930 [main] INFO  volume.HddsVolumeChecker (HddsVolumeChecker.java:checkAllVolumes(202)) - Scheduled health check for volume org.apache.hadoop.ozone.container.common.volume.HddsVolume@71560f51
2019-09-25 05:09:23,953 [main] INFO  impl.RaftServerProxy (ConfUtils.java:logGet(43)) - raft.rpc.type = GRPC (default)
2019-09-25 05:09:23,953 [main] INFO  grpc.GrpcFactory (GrpcFactory.java:checkPooledByteBufAllocatorUseCacheForAllThreads(45)) - PERFORMANCE WARNING: useCacheForAllThreads is true that may cause Netty to create a lot garbage objects and, as a result, trigger GC.
	It is recommended to disable useCacheForAllThreads by setting -Dorg.apache.ratis.thirdparty.io.netty.allocator.useCacheForAllThreads=false in command line.
2019-09-25 05:09:23,953 [main] INFO  grpc.GrpcConfigKeys$Server (ConfUtils.java:logGet(43)) - raft.grpc.server.port = 0 (default)
2019-09-25 05:09:23,953 [main] INFO  server.GrpcService (ConfUtils.java:logGet(43)) - raft.grpc.message.size.max = 33570816 (custom)
2019-09-25 05:09:23,954 [main] INFO  server.RaftServerConfigKeys (ConfUtils.java:logGet(43)) - raft.server.log.appender.buffer.byte-limit = 33554432 (custom)
2019-09-25 05:09:23,954 [main] INFO  server.GrpcService (ConfUtils.java:logGet(43)) - raft.grpc.flow.control.window = 1MB (=1048576) (default)
2019-09-25 05:09:23,954 [main] INFO  server.RaftServerConfigKeys (ConfUtils.java:logGet(43)) - raft.server.rpc.request.timeout = 3000ms (default)
2019-09-25 05:09:23,955 [main] INFO  server.RaftServerConfigKeys (ConfUtils.java:logGet(43)) - raft.server.storage.dir = [/workdir/hadoop-ozone/integration-test/target/test-dir/MiniOzoneClusterImpl-1b42c1df-ac13-43c6-a371-b3b854adf906/datanode-1/data/ratis] (custom)
2019-09-25 05:09:23,957 [main] INFO  hdfs.DFSUtil (DFSUtil.java:httpServerTemplateForNNAndJN(1641)) - Starting Web-server for hddsDatanode at: http://0.0.0.0:0
2019-09-25 05:09:23,959 [main] INFO  server.AuthenticationFilter (AuthenticationFilter.java:constructSecretProvider(240)) - Unable to initialize FileSignerSecretProvider, falling back to use random secrets.
2019-09-25 05:09:23,959 [main] WARN  http.HttpRequestLog (HttpRequestLog.java:getRequestLog(97)) - Jetty request log can only be enabled using Log4j
2019-09-25 05:09:23,961 [main] INFO  http.HttpServer2 (HttpServer2.java:addGlobalFilter(975)) - Added global filter 'safety' (class=org.apache.hadoop.http.HttpServer2$QuotingInputFilter)
2019-09-25 05:09:23,962 [main] INFO  http.HttpServer2 (HttpServer2.java:addFilter(948)) - Added filter static_user_filter (class=org.apache.hadoop.http.lib.StaticUserWebFilter$StaticUserFilter) to context hddsDatanode
2019-09-25 05:09:23,962 [main] INFO  http.HttpServer2 (HttpServer2.java:addFilter(958)) - Added filter static_user_filter (class=org.apache.hadoop.http.lib.StaticUserWebFilter$StaticUserFilter) to context static
2019-09-25 05:09:23,963 [main] INFO  http.HttpServer2 (HttpServer2.java:addFilter(958)) - Added filter static_user_filter (class=org.apache.hadoop.http.lib.StaticUserWebFilter$StaticUserFilter) to context logs
2019-09-25 05:09:23,964 [main] INFO  http.HttpServer2 (HttpServer2.java:bindListener(1191)) - Jetty bound to port 32798
2019-09-25 05:09:23,964 [main] INFO  server.Server (Server.java:doStart(351)) - jetty-9.3.25.v20180904, build timestamp: 2018-09-04T21:11:46Z, git hash: 3ce520221d0240229c862b122d2b06c12a625732
2019-09-25 05:09:23,966 [main] INFO  handler.ContextHandler (ContextHandler.java:doStart(781)) - Started o.e.j.s.ServletContextHandler@267f9765{/logs,file:///workdir/hadoop-ozone/integration-test/target/log,AVAILABLE}
2019-09-25 05:09:23,967 [main] INFO  handler.ContextHandler (ContextHandler.java:doStart(781)) - Started o.e.j.s.ServletContextHandler@261de205{/static,jar:file:/home/user/.m2/repository/org/apache/hadoop/hadoop-hdds-container-service/0.5.0-SNAPSHOT/hadoop-hdds-container-service-0.5.0-SNAPSHOT.jar!/webapps/static,AVAILABLE}
2019-09-25 05:09:24,011 [main] INFO  handler.ContextHandler (ContextHandler.java:doStart(781)) - Started o.e.j.w.WebAppContext@55736cfe{/,file:///tmp/jetty-0.0.0.0-32798-hddsDatanode-_-any-6255712465922454988.dir/webapp/,AVAILABLE}{/hddsDatanode}
2019-09-25 05:09:24,012 [main] INFO  server.AbstractConnector (AbstractConnector.java:doStart(278)) - Started ServerConnector@5a566922{HTTP/1.1,[http/1.1]}{0.0.0.0:32798}
2019-09-25 05:09:24,020 [main] INFO  server.Server (Server.java:doStart(419)) - Started @345228ms
2019-09-25 05:09:24,020 [main] WARN  impl.MetricsSystemImpl (MetricsSystemImpl.java:register(276)) - Sink prometheus already exists!
2019-09-25 05:09:24,021 [main] INFO  server.BaseHttpServer (BaseHttpServer.java:updateConnectorAddress(215)) - HTTP server of HDDSDATANODE is listening at http://0.0.0.0:32798
2019-09-25 05:09:24,021 [main] INFO  impl.MetricsSystemImpl (MetricsSystemImpl.java:init(158)) - HddsDatanode metrics system started (again)
2019-09-25 05:09:24,023 [org.apache.hadoop.util.JvmPauseMonitor$Monitor@7bf91ca3] INFO  util.JvmPauseMonitor (JvmPauseMonitor.java:run(188)) - Starting JVM pause monitor
2019-09-25 05:09:24,088 [Datanode State Machine Thread - 0] INFO  datanode.InitDatanodeState (InitDatanodeState.java:persistContainerDatanodeDetails(140)) - DatanodeDetails is persisted to /workdir/hadoop-ozone/integration-test/target/test-dir/MiniOzoneClusterImpl-1b42c1df-ac13-43c6-a371-b3b854adf906/datanode-1/meta/datanode.id
2019-09-25 05:09:24,090 [main] INFO  ozone.HddsDatanodeService (HddsDatanodeService.java:start(184)) - HddsDatanodeService host:pr-hdds-2174-pqx5g-486351168 ip:192.168.36.126
2019-09-25 05:09:24,106 [main] INFO  volume.HddsVolume (HddsVolume.java:<init>(176)) - Creating Volume: /workdir/hadoop-ozone/integration-test/target/test-dir/MiniOzoneClusterImpl-1b42c1df-ac13-43c6-a371-b3b854adf906/datanode-2/data/containers/hdds of  storage type : DISK and capacity : 1482555576320
2019-09-25 05:09:24,107 [main] INFO  volume.VolumeSet (VolumeSet.java:initializeVolumeSet(170)) - Added Volume : /workdir/hadoop-ozone/integration-test/target/test-dir/MiniOzoneClusterImpl-1b42c1df-ac13-43c6-a371-b3b854adf906/datanode-2/data/containers/hdds to VolumeSet
2019-09-25 05:09:24,107 [main] INFO  volume.ThrottledAsyncChecker (ThrottledAsyncChecker.java:schedule(139)) - Scheduling a check for org.apache.hadoop.ozone.container.common.volume.HddsVolume@1df5c7e3
2019-09-25 05:09:24,107 [main] INFO  volume.HddsVolumeChecker (HddsVolumeChecker.java:checkAllVolumes(202)) - Scheduled health check for volume org.apache.hadoop.ozone.container.common.volume.HddsVolume@1df5c7e3
2019-09-25 05:09:24,130 [main] INFO  impl.RaftServerProxy (ConfUtils.java:logGet(43)) - raft.rpc.type = GRPC (default)
2019-09-25 05:09:24,130 [main] INFO  grpc.GrpcFactory (GrpcFactory.java:checkPooledByteBufAllocatorUseCacheForAllThreads(45)) - PERFORMANCE WARNING: useCacheForAllThreads is true that may cause Netty to create a lot garbage objects and, as a result, trigger GC.
	It is recommended to disable useCacheForAllThreads by setting -Dorg.apache.ratis.thirdparty.io.netty.allocator.useCacheForAllThreads=false in command line.
2019-09-25 05:09:24,130 [main] INFO  grpc.GrpcConfigKeys$Server (ConfUtils.java:logGet(43)) - raft.grpc.server.port = 0 (default)
2019-09-25 05:09:24,131 [main] INFO  server.GrpcService (ConfUtils.java:logGet(43)) - raft.grpc.message.size.max = 33570816 (custom)
2019-09-25 05:09:24,131 [main] INFO  server.RaftServerConfigKeys (ConfUtils.java:logGet(43)) - raft.server.log.appender.buffer.byte-limit = 33554432 (custom)
2019-09-25 05:09:24,131 [main] INFO  server.GrpcService (ConfUtils.java:logGet(43)) - raft.grpc.flow.control.window = 1MB (=1048576) (default)
2019-09-25 05:09:24,132 [main] INFO  server.RaftServerConfigKeys (ConfUtils.java:logGet(43)) - raft.server.rpc.request.timeout = 3000ms (default)
2019-09-25 05:09:24,132 [main] INFO  server.RaftServerConfigKeys (ConfUtils.java:logGet(43)) - raft.server.storage.dir = [/workdir/hadoop-ozone/integration-test/target/test-dir/MiniOzoneClusterImpl-1b42c1df-ac13-43c6-a371-b3b854adf906/datanode-2/data/ratis] (custom)
2019-09-25 05:09:24,134 [main] INFO  hdfs.DFSUtil (DFSUtil.java:httpServerTemplateForNNAndJN(1641)) - Starting Web-server for hddsDatanode at: http://0.0.0.0:0
2019-09-25 05:09:24,136 [main] INFO  server.AuthenticationFilter (AuthenticationFilter.java:constructSecretProvider(240)) - Unable to initialize FileSignerSecretProvider, falling back to use random secrets.
2019-09-25 05:09:24,136 [main] WARN  http.HttpRequestLog (HttpRequestLog.java:getRequestLog(97)) - Jetty request log can only be enabled using Log4j
2019-09-25 05:09:24,138 [main] INFO  http.HttpServer2 (HttpServer2.java:addGlobalFilter(975)) - Added global filter 'safety' (class=org.apache.hadoop.http.HttpServer2$QuotingInputFilter)
2019-09-25 05:09:24,138 [main] INFO  http.HttpServer2 (HttpServer2.java:addFilter(948)) - Added filter static_user_filter (class=org.apache.hadoop.http.lib.StaticUserWebFilter$StaticUserFilter) to context hddsDatanode
2019-09-25 05:09:24,139 [main] INFO  http.HttpServer2 (HttpServer2.java:addFilter(958)) - Added filter static_user_filter (class=org.apache.hadoop.http.lib.StaticUserWebFilter$StaticUserFilter) to context static
2019-09-25 05:09:24,139 [main] INFO  http.HttpServer2 (HttpServer2.java:addFilter(958)) - Added filter static_user_filter (class=org.apache.hadoop.http.lib.StaticUserWebFilter$StaticUserFilter) to context logs
2019-09-25 05:09:24,140 [main] INFO  http.HttpServer2 (HttpServer2.java:bindListener(1191)) - Jetty bound to port 37625
2019-09-25 05:09:24,140 [main] INFO  server.Server (Server.java:doStart(351)) - jetty-9.3.25.v20180904, build timestamp: 2018-09-04T21:11:46Z, git hash: 3ce520221d0240229c862b122d2b06c12a625732
2019-09-25 05:09:24,142 [main] INFO  handler.ContextHandler (ContextHandler.java:doStart(781)) - Started o.e.j.s.ServletContextHandler@46c10083{/logs,file:///workdir/hadoop-ozone/integration-test/target/log,AVAILABLE}
2019-09-25 05:09:24,143 [main] INFO  handler.ContextHandler (ContextHandler.java:doStart(781)) - Started o.e.j.s.ServletContextHandler@1e98b788{/static,jar:file:/home/user/.m2/repository/org/apache/hadoop/hadoop-hdds-container-service/0.5.0-SNAPSHOT/hadoop-hdds-container-service-0.5.0-SNAPSHOT.jar!/webapps/static,AVAILABLE}
2019-09-25 05:09:24,179 [main] INFO  handler.ContextHandler (ContextHandler.java:doStart(781)) - Started o.e.j.w.WebAppContext@5c18d6d4{/,file:///tmp/jetty-0.0.0.0-37625-hddsDatanode-_-any-7436037671566391753.dir/webapp/,AVAILABLE}{/hddsDatanode}
2019-09-25 05:09:24,180 [main] INFO  server.AbstractConnector (AbstractConnector.java:doStart(278)) - Started ServerConnector@6cbb175{HTTP/1.1,[http/1.1]}{0.0.0.0:37625}
2019-09-25 05:09:24,189 [main] INFO  server.Server (Server.java:doStart(419)) - Started @345397ms
2019-09-25 05:09:24,189 [main] WARN  impl.MetricsSystemImpl (MetricsSystemImpl.java:register(276)) - Sink prometheus already exists!
2019-09-25 05:09:24,190 [main] INFO  server.BaseHttpServer (BaseHttpServer.java:updateConnectorAddress(215)) - HTTP server of HDDSDATANODE is listening at http://0.0.0.0:37625
2019-09-25 05:09:24,191 [main] INFO  impl.MetricsSystemImpl (MetricsSystemImpl.java:init(158)) - HddsDatanode metrics system started (again)
2019-09-25 05:09:24,231 [java.util.concurrent.ThreadPoolExecutor$Worker@24131769[State = -1, empty queue]] WARN  server.GrpcLogAppender (GrpcLogAppender.java:timeoutAppendRequest(200)) - 1e4f299d-27e6-442d-9871-12ab226dd7a8@group-62501194BD52->0c186508-9ecb-45e3-9dfe-464b7fe9f193-GrpcLogAppender: appendEntries Timeout, request=1e4f299d-27e6-442d-9871-12ab226dd7a8->0c186508-9ecb-45e3-9dfe-464b7fe9f193#24-t2, previous=(t:2, i:0), leaderCommit=0, initializing? false, entries: <empty>
2019-09-25 05:09:24,232 [java.util.concurrent.ThreadPoolExecutor$Worker@72b16923[State = -1, empty queue]] WARN  server.GrpcLogAppender (GrpcLogAppender.java:timeoutAppendRequest(200)) - 1e4f299d-27e6-442d-9871-12ab226dd7a8@group-3D9C9E831C33->0c186508-9ecb-45e3-9dfe-464b7fe9f193-GrpcLogAppender: appendEntries Timeout, request=1e4f299d-27e6-442d-9871-12ab226dd7a8->0c186508-9ecb-45e3-9dfe-464b7fe9f193#24-t2, previous=(t:2, i:0), leaderCommit=0, initializing? false, entries: <empty>
2019-09-25 05:09:24,234 [java.util.concurrent.ThreadPoolExecutor$Worker@6af36432[State = -1, empty queue]] WARN  server.GrpcLogAppender (GrpcLogAppender.java:timeoutAppendRequest(200)) - 95dec85b-23b9-41b7-9d30-1b2eb1816676@group-E97B045DFE39->0c186508-9ecb-45e3-9dfe-464b7fe9f193-GrpcLogAppender: appendEntries Timeout, request=95dec85b-23b9-41b7-9d30-1b2eb1816676->0c186508-9ecb-45e3-9dfe-464b7fe9f193#24-t3, previous=(t:3, i:0), leaderCommit=0, initializing? false, entries: <empty>
2019-09-25 05:09:24,254 [org.apache.hadoop.util.JvmPauseMonitor$Monitor@1879c8fe] INFO  util.JvmPauseMonitor (JvmPauseMonitor.java:run(188)) - Starting JVM pause monitor
2019-09-25 05:09:24,256 [Datanode State Machine Thread - 0] INFO  datanode.InitDatanodeState (InitDatanodeState.java:persistContainerDatanodeDetails(140)) - DatanodeDetails is persisted to /workdir/hadoop-ozone/integration-test/target/test-dir/MiniOzoneClusterImpl-1b42c1df-ac13-43c6-a371-b3b854adf906/datanode-2/meta/datanode.id
2019-09-25 05:09:24,256 [main] INFO  ozone.HddsDatanodeService (HddsDatanodeService.java:start(184)) - HddsDatanodeService host:pr-hdds-2174-pqx5g-486351168 ip:192.168.36.126
2019-09-25 05:09:24,273 [main] INFO  volume.HddsVolume (HddsVolume.java:<init>(176)) - Creating Volume: /workdir/hadoop-ozone/integration-test/target/test-dir/MiniOzoneClusterImpl-1b42c1df-ac13-43c6-a371-b3b854adf906/datanode-3/data/containers/hdds of  storage type : DISK and capacity : 1482555576320
2019-09-25 05:09:24,273 [main] INFO  volume.VolumeSet (VolumeSet.java:initializeVolumeSet(170)) - Added Volume : /workdir/hadoop-ozone/integration-test/target/test-dir/MiniOzoneClusterImpl-1b42c1df-ac13-43c6-a371-b3b854adf906/datanode-3/data/containers/hdds to VolumeSet
2019-09-25 05:09:24,274 [main] INFO  volume.ThrottledAsyncChecker (ThrottledAsyncChecker.java:schedule(139)) - Scheduling a check for org.apache.hadoop.ozone.container.common.volume.HddsVolume@421d54b3
2019-09-25 05:09:24,274 [main] INFO  volume.HddsVolumeChecker (HddsVolumeChecker.java:checkAllVolumes(202)) - Scheduled health check for volume org.apache.hadoop.ozone.container.common.volume.HddsVolume@421d54b3
2019-09-25 05:09:24,294 [main] INFO  impl.RaftServerProxy (ConfUtils.java:logGet(43)) - raft.rpc.type = GRPC (default)
2019-09-25 05:09:24,295 [main] INFO  grpc.GrpcFactory (GrpcFactory.java:checkPooledByteBufAllocatorUseCacheForAllThreads(45)) - PERFORMANCE WARNING: useCacheForAllThreads is true that may cause Netty to create a lot garbage objects and, as a result, trigger GC.
	It is recommended to disable useCacheForAllThreads by setting -Dorg.apache.ratis.thirdparty.io.netty.allocator.useCacheForAllThreads=false in command line.
2019-09-25 05:09:24,295 [main] INFO  grpc.GrpcConfigKeys$Server (ConfUtils.java:logGet(43)) - raft.grpc.server.port = 0 (default)
2019-09-25 05:09:24,295 [main] INFO  server.GrpcService (ConfUtils.java:logGet(43)) - raft.grpc.message.size.max = 33570816 (custom)
2019-09-25 05:09:24,295 [main] INFO  server.RaftServerConfigKeys (ConfUtils.java:logGet(43)) - raft.server.log.appender.buffer.byte-limit = 33554432 (custom)
2019-09-25 05:09:24,295 [main] INFO  server.GrpcService (ConfUtils.java:logGet(43)) - raft.grpc.flow.control.window = 1MB (=1048576) (default)
2019-09-25 05:09:24,296 [main] INFO  server.RaftServerConfigKeys (ConfUtils.java:logGet(43)) - raft.server.rpc.request.timeout = 3000ms (default)
2019-09-25 05:09:24,296 [main] INFO  server.RaftServerConfigKeys (ConfUtils.java:logGet(43)) - raft.server.storage.dir = [/workdir/hadoop-ozone/integration-test/target/test-dir/MiniOzoneClusterImpl-1b42c1df-ac13-43c6-a371-b3b854adf906/datanode-3/data/ratis] (custom)
2019-09-25 05:09:24,298 [main] INFO  hdfs.DFSUtil (DFSUtil.java:httpServerTemplateForNNAndJN(1641)) - Starting Web-server for hddsDatanode at: http://0.0.0.0:0
2019-09-25 05:09:24,299 [main] INFO  server.AuthenticationFilter (AuthenticationFilter.java:constructSecretProvider(240)) - Unable to initialize FileSignerSecretProvider, falling back to use random secrets.
2019-09-25 05:09:24,299 [main] WARN  http.HttpRequestLog (HttpRequestLog.java:getRequestLog(97)) - Jetty request log can only be enabled using Log4j
2019-09-25 05:09:24,301 [main] INFO  http.HttpServer2 (HttpServer2.java:addGlobalFilter(975)) - Added global filter 'safety' (class=org.apache.hadoop.http.HttpServer2$QuotingInputFilter)
2019-09-25 05:09:24,301 [main] INFO  http.HttpServer2 (HttpServer2.java:addFilter(948)) - Added filter static_user_filter (class=org.apache.hadoop.http.lib.StaticUserWebFilter$StaticUserFilter) to context hddsDatanode
2019-09-25 05:09:24,301 [main] INFO  http.HttpServer2 (HttpServer2.java:addFilter(958)) - Added filter static_user_filter (class=org.apache.hadoop.http.lib.StaticUserWebFilter$StaticUserFilter) to context static
2019-09-25 05:09:24,301 [main] INFO  http.HttpServer2 (HttpServer2.java:addFilter(958)) - Added filter static_user_filter (class=org.apache.hadoop.http.lib.StaticUserWebFilter$StaticUserFilter) to context logs
2019-09-25 05:09:24,302 [main] INFO  http.HttpServer2 (HttpServer2.java:bindListener(1191)) - Jetty bound to port 40407
2019-09-25 05:09:24,302 [main] INFO  server.Server (Server.java:doStart(351)) - jetty-9.3.25.v20180904, build timestamp: 2018-09-04T21:11:46Z, git hash: 3ce520221d0240229c862b122d2b06c12a625732
2019-09-25 05:09:24,304 [main] INFO  handler.ContextHandler (ContextHandler.java:doStart(781)) - Started o.e.j.s.ServletContextHandler@7197b07f{/logs,file:///workdir/hadoop-ozone/integration-test/target/log,AVAILABLE}
2019-09-25 05:09:24,304 [main] INFO  handler.ContextHandler (ContextHandler.java:doStart(781)) - Started o.e.j.s.ServletContextHandler@7a65a360{/static,jar:file:/home/user/.m2/repository/org/apache/hadoop/hadoop-hdds-container-service/0.5.0-SNAPSHOT/hadoop-hdds-container-service-0.5.0-SNAPSHOT.jar!/webapps/static,AVAILABLE}
2019-09-25 05:09:24,333 [main] INFO  handler.ContextHandler (ContextHandler.java:doStart(781)) - Started o.e.j.w.WebAppContext@9df564f{/,file:///tmp/jetty-0.0.0.0-40407-hddsDatanode-_-any-8094480299403938995.dir/webapp/,AVAILABLE}{/hddsDatanode}
2019-09-25 05:09:24,333 [main] INFO  server.AbstractConnector (AbstractConnector.java:doStart(278)) - Started ServerConnector@1a21f43f{HTTP/1.1,[http/1.1]}{0.0.0.0:40407}
2019-09-25 05:09:24,340 [main] INFO  server.Server (Server.java:doStart(419)) - Started @345548ms
2019-09-25 05:09:24,340 [main] WARN  impl.MetricsSystemImpl (MetricsSystemImpl.java:register(276)) - Sink prometheus already exists!
2019-09-25 05:09:24,341 [main] INFO  server.BaseHttpServer (BaseHttpServer.java:updateConnectorAddress(215)) - HTTP server of HDDSDATANODE is listening at http://0.0.0.0:40407
2019-09-25 05:09:24,341 [main] INFO  impl.MetricsSystemImpl (MetricsSystemImpl.java:init(158)) - HddsDatanode metrics system started (again)
2019-09-25 05:09:24,417 [org.apache.hadoop.util.JvmPauseMonitor$Monitor@578d7675] INFO  util.JvmPauseMonitor (JvmPauseMonitor.java:run(188)) - Starting JVM pause monitor
2019-09-25 05:09:24,419 [Datanode State Machine Thread - 0] INFO  datanode.InitDatanodeState (InitDatanodeState.java:persistContainerDatanodeDetails(140)) - DatanodeDetails is persisted to /workdir/hadoop-ozone/integration-test/target/test-dir/MiniOzoneClusterImpl-1b42c1df-ac13-43c6-a371-b3b854adf906/datanode-3/meta/datanode.id
2019-09-25 05:09:24,421 [main] INFO  ozone.HddsDatanodeService (HddsDatanodeService.java:start(184)) - HddsDatanodeService host:pr-hdds-2174-pqx5g-486351168 ip:192.168.36.126
2019-09-25 05:09:24,436 [main] INFO  volume.HddsVolume (HddsVolume.java:<init>(176)) - Creating Volume: /workdir/hadoop-ozone/integration-test/target/test-dir/MiniOzoneClusterImpl-1b42c1df-ac13-43c6-a371-b3b854adf906/datanode-4/data/containers/hdds of  storage type : DISK and capacity : 1482555576320
2019-09-25 05:09:24,437 [main] INFO  volume.VolumeSet (VolumeSet.java:initializeVolumeSet(170)) - Added Volume : /workdir/hadoop-ozone/integration-test/target/test-dir/MiniOzoneClusterImpl-1b42c1df-ac13-43c6-a371-b3b854adf906/datanode-4/data/containers/hdds to VolumeSet
2019-09-25 05:09:24,437 [main] INFO  volume.ThrottledAsyncChecker (ThrottledAsyncChecker.java:schedule(139)) - Scheduling a check for org.apache.hadoop.ozone.container.common.volume.HddsVolume@6637a365
2019-09-25 05:09:24,437 [main] INFO  volume.HddsVolumeChecker (HddsVolumeChecker.java:checkAllVolumes(202)) - Scheduled health check for volume org.apache.hadoop.ozone.container.common.volume.HddsVolume@6637a365
2019-09-25 05:09:24,457 [main] INFO  impl.RaftServerProxy (ConfUtils.java:logGet(43)) - raft.rpc.type = GRPC (default)
2019-09-25 05:09:24,458 [main] INFO  grpc.GrpcFactory (GrpcFactory.java:checkPooledByteBufAllocatorUseCacheForAllThreads(45)) - PERFORMANCE WARNING: useCacheForAllThreads is true that may cause Netty to create a lot garbage objects and, as a result, trigger GC.
	It is recommended to disable useCacheForAllThreads by setting -Dorg.apache.ratis.thirdparty.io.netty.allocator.useCacheForAllThreads=false in command line.
2019-09-25 05:09:24,458 [main] INFO  grpc.GrpcConfigKeys$Server (ConfUtils.java:logGet(43)) - raft.grpc.server.port = 0 (default)
2019-09-25 05:09:24,458 [main] INFO  server.GrpcService (ConfUtils.java:logGet(43)) - raft.grpc.message.size.max = 33570816 (custom)
2019-09-25 05:09:24,458 [main] INFO  server.RaftServerConfigKeys (ConfUtils.java:logGet(43)) - raft.server.log.appender.buffer.byte-limit = 33554432 (custom)
2019-09-25 05:09:24,458 [main] INFO  server.GrpcService (ConfUtils.java:logGet(43)) - raft.grpc.flow.control.window = 1MB (=1048576) (default)
2019-09-25 05:09:24,459 [main] INFO  server.RaftServerConfigKeys (ConfUtils.java:logGet(43)) - raft.server.rpc.request.timeout = 3000ms (default)
2019-09-25 05:09:24,459 [main] INFO  server.RaftServerConfigKeys (ConfUtils.java:logGet(43)) - raft.server.storage.dir = [/workdir/hadoop-ozone/integration-test/target/test-dir/MiniOzoneClusterImpl-1b42c1df-ac13-43c6-a371-b3b854adf906/datanode-4/data/ratis] (custom)
2019-09-25 05:09:24,460 [main] INFO  hdfs.DFSUtil (DFSUtil.java:httpServerTemplateForNNAndJN(1641)) - Starting Web-server for hddsDatanode at: http://0.0.0.0:0
2019-09-25 05:09:24,462 [main] INFO  server.AuthenticationFilter (AuthenticationFilter.java:constructSecretProvider(240)) - Unable to initialize FileSignerSecretProvider, falling back to use random secrets.
2019-09-25 05:09:24,462 [main] WARN  http.HttpRequestLog (HttpRequestLog.java:getRequestLog(97)) - Jetty request log can only be enabled using Log4j
2019-09-25 05:09:24,463 [main] INFO  http.HttpServer2 (HttpServer2.java:addGlobalFilter(975)) - Added global filter 'safety' (class=org.apache.hadoop.http.HttpServer2$QuotingInputFilter)
2019-09-25 05:09:24,464 [main] INFO  http.HttpServer2 (HttpServer2.java:addFilter(948)) - Added filter static_user_filter (class=org.apache.hadoop.http.lib.StaticUserWebFilter$StaticUserFilter) to context hddsDatanode
2019-09-25 05:09:24,464 [main] INFO  http.HttpServer2 (HttpServer2.java:addFilter(958)) - Added filter static_user_filter (class=org.apache.hadoop.http.lib.StaticUserWebFilter$StaticUserFilter) to context static
2019-09-25 05:09:24,464 [main] INFO  http.HttpServer2 (HttpServer2.java:addFilter(958)) - Added filter static_user_filter (class=org.apache.hadoop.http.lib.StaticUserWebFilter$StaticUserFilter) to context logs
2019-09-25 05:09:24,465 [main] INFO  http.HttpServer2 (HttpServer2.java:bindListener(1191)) - Jetty bound to port 44437
2019-09-25 05:09:24,465 [main] INFO  server.Server (Server.java:doStart(351)) - jetty-9.3.25.v20180904, build timestamp: 2018-09-04T21:11:46Z, git hash: 3ce520221d0240229c862b122d2b06c12a625732
2019-09-25 05:09:24,466 [main] INFO  handler.ContextHandler (ContextHandler.java:doStart(781)) - Started o.e.j.s.ServletContextHandler@40717ed{/logs,file:///workdir/hadoop-ozone/integration-test/target/log,AVAILABLE}
2019-09-25 05:09:24,467 [main] INFO  handler.ContextHandler (ContextHandler.java:doStart(781)) - Started o.e.j.s.ServletContextHandler@5460edd3{/static,jar:file:/home/user/.m2/repository/org/apache/hadoop/hadoop-hdds-container-service/0.5.0-SNAPSHOT/hadoop-hdds-container-service-0.5.0-SNAPSHOT.jar!/webapps/static,AVAILABLE}
2019-09-25 05:09:24,495 [main] INFO  handler.ContextHandler (ContextHandler.java:doStart(781)) - Started o.e.j.w.WebAppContext@44f0ff2b{/,file:///tmp/jetty-0.0.0.0-44437-hddsDatanode-_-any-9189513448044461530.dir/webapp/,AVAILABLE}{/hddsDatanode}
2019-09-25 05:09:24,495 [main] INFO  server.AbstractConnector (AbstractConnector.java:doStart(278)) - Started ServerConnector@22ead351{HTTP/1.1,[http/1.1]}{0.0.0.0:44437}
2019-09-25 05:09:24,500 [main] INFO  server.Server (Server.java:doStart(419)) - Started @345709ms
2019-09-25 05:09:24,501 [main] WARN  impl.MetricsSystemImpl (MetricsSystemImpl.java:register(276)) - Sink prometheus already exists!
2019-09-25 05:09:24,501 [main] INFO  server.BaseHttpServer (BaseHttpServer.java:updateConnectorAddress(215)) - HTTP server of HDDSDATANODE is listening at http://0.0.0.0:44437
2019-09-25 05:09:24,502 [main] INFO  impl.MetricsSystemImpl (MetricsSystemImpl.java:init(158)) - HddsDatanode metrics system started (again)
2019-09-25 05:09:24,572 [org.apache.hadoop.util.JvmPauseMonitor$Monitor@50231179] INFO  util.JvmPauseMonitor (JvmPauseMonitor.java:run(188)) - Starting JVM pause monitor
2019-09-25 05:09:24,574 [Datanode State Machine Thread - 0] INFO  datanode.InitDatanodeState (InitDatanodeState.java:persistContainerDatanodeDetails(140)) - DatanodeDetails is persisted to /workdir/hadoop-ozone/integration-test/target/test-dir/MiniOzoneClusterImpl-1b42c1df-ac13-43c6-a371-b3b854adf906/datanode-4/meta/datanode.id
2019-09-25 05:09:24,576 [main] INFO  ozone.HddsDatanodeService (HddsDatanodeService.java:start(184)) - HddsDatanodeService host:pr-hdds-2174-pqx5g-486351168 ip:192.168.36.126
2019-09-25 05:09:24,600 [main] INFO  volume.HddsVolume (HddsVolume.java:<init>(176)) - Creating Volume: /workdir/hadoop-ozone/integration-test/target/test-dir/MiniOzoneClusterImpl-1b42c1df-ac13-43c6-a371-b3b854adf906/datanode-5/data/containers/hdds of  storage type : DISK and capacity : 1482555576320
2019-09-25 05:09:24,601 [main] INFO  volume.VolumeSet (VolumeSet.java:initializeVolumeSet(170)) - Added Volume : /workdir/hadoop-ozone/integration-test/target/test-dir/MiniOzoneClusterImpl-1b42c1df-ac13-43c6-a371-b3b854adf906/datanode-5/data/containers/hdds to VolumeSet
2019-09-25 05:09:24,602 [main] INFO  volume.ThrottledAsyncChecker (ThrottledAsyncChecker.java:schedule(139)) - Scheduling a check for org.apache.hadoop.ozone.container.common.volume.HddsVolume@626e0c86
2019-09-25 05:09:24,602 [main] INFO  volume.HddsVolumeChecker (HddsVolumeChecker.java:checkAllVolumes(202)) - Scheduled health check for volume org.apache.hadoop.ozone.container.common.volume.HddsVolume@626e0c86
2019-09-25 05:09:24,625 [main] INFO  impl.RaftServerProxy (ConfUtils.java:logGet(43)) - raft.rpc.type = GRPC (default)
2019-09-25 05:09:24,625 [main] INFO  grpc.GrpcFactory (GrpcFactory.java:checkPooledByteBufAllocatorUseCacheForAllThreads(45)) - PERFORMANCE WARNING: useCacheForAllThreads is true that may cause Netty to create a lot garbage objects and, as a result, trigger GC.
	It is recommended to disable useCacheForAllThreads by setting -Dorg.apache.ratis.thirdparty.io.netty.allocator.useCacheForAllThreads=false in command line.
2019-09-25 05:09:24,625 [main] INFO  grpc.GrpcConfigKeys$Server (ConfUtils.java:logGet(43)) - raft.grpc.server.port = 0 (default)
2019-09-25 05:09:24,626 [main] INFO  server.GrpcService (ConfUtils.java:logGet(43)) - raft.grpc.message.size.max = 33570816 (custom)
2019-09-25 05:09:24,626 [main] INFO  server.RaftServerConfigKeys (ConfUtils.java:logGet(43)) - raft.server.log.appender.buffer.byte-limit = 33554432 (custom)
2019-09-25 05:09:24,626 [main] INFO  server.GrpcService (ConfUtils.java:logGet(43)) - raft.grpc.flow.control.window = 1MB (=1048576) (default)
2019-09-25 05:09:24,626 [main] INFO  server.RaftServerConfigKeys (ConfUtils.java:logGet(43)) - raft.server.rpc.request.timeout = 3000ms (default)
2019-09-25 05:09:24,627 [main] INFO  server.RaftServerConfigKeys (ConfUtils.java:logGet(43)) - raft.server.storage.dir = [/workdir/hadoop-ozone/integration-test/target/test-dir/MiniOzoneClusterImpl-1b42c1df-ac13-43c6-a371-b3b854adf906/datanode-5/data/ratis] (custom)
2019-09-25 05:09:24,629 [main] INFO  hdfs.DFSUtil (DFSUtil.java:httpServerTemplateForNNAndJN(1641)) - Starting Web-server for hddsDatanode at: http://0.0.0.0:0
2019-09-25 05:09:24,630 [main] INFO  server.AuthenticationFilter (AuthenticationFilter.java:constructSecretProvider(240)) - Unable to initialize FileSignerSecretProvider, falling back to use random secrets.
2019-09-25 05:09:24,631 [main] WARN  http.HttpRequestLog (HttpRequestLog.java:getRequestLog(97)) - Jetty request log can only be enabled using Log4j
2019-09-25 05:09:24,632 [main] INFO  http.HttpServer2 (HttpServer2.java:addGlobalFilter(975)) - Added global filter 'safety' (class=org.apache.hadoop.http.HttpServer2$QuotingInputFilter)
2019-09-25 05:09:24,633 [main] INFO  http.HttpServer2 (HttpServer2.java:addFilter(948)) - Added filter static_user_filter (class=org.apache.hadoop.http.lib.StaticUserWebFilter$StaticUserFilter) to context hddsDatanode
2019-09-25 05:09:24,633 [main] INFO  http.HttpServer2 (HttpServer2.java:addFilter(958)) - Added filter static_user_filter (class=org.apache.hadoop.http.lib.StaticUserWebFilter$StaticUserFilter) to context logs
2019-09-25 05:09:24,633 [main] INFO  http.HttpServer2 (HttpServer2.java:addFilter(958)) - Added filter static_user_filter (class=org.apache.hadoop.http.lib.StaticUserWebFilter$StaticUserFilter) to context static
2019-09-25 05:09:24,634 [main] INFO  http.HttpServer2 (HttpServer2.java:bindListener(1191)) - Jetty bound to port 46521
2019-09-25 05:09:24,634 [main] INFO  server.Server (Server.java:doStart(351)) - jetty-9.3.25.v20180904, build timestamp: 2018-09-04T21:11:46Z, git hash: 3ce520221d0240229c862b122d2b06c12a625732
2019-09-25 05:09:24,636 [main] INFO  handler.ContextHandler (ContextHandler.java:doStart(781)) - Started o.e.j.s.ServletContextHandler@16d0e521{/logs,file:///workdir/hadoop-ozone/integration-test/target/log,AVAILABLE}
2019-09-25 05:09:24,637 [main] INFO  handler.ContextHandler (ContextHandler.java:doStart(781)) - Started o.e.j.s.ServletContextHandler@ab4aa5e{/static,jar:file:/home/user/.m2/repository/org/apache/hadoop/hadoop-hdds-container-service/0.5.0-SNAPSHOT/hadoop-hdds-container-service-0.5.0-SNAPSHOT.jar!/webapps/static,AVAILABLE}
2019-09-25 05:09:24,667 [main] INFO  handler.ContextHandler (ContextHandler.java:doStart(781)) - Started o.e.j.w.WebAppContext@59018eed{/,file:///tmp/jetty-0.0.0.0-46521-hddsDatanode-_-any-548560235316202628.dir/webapp/,AVAILABLE}{/hddsDatanode}
2019-09-25 05:09:24,667 [main] INFO  server.AbstractConnector (AbstractConnector.java:doStart(278)) - Started ServerConnector@2ee39e73{HTTP/1.1,[http/1.1]}{0.0.0.0:46521}
2019-09-25 05:09:24,673 [main] INFO  server.Server (Server.java:doStart(419)) - Started @345881ms
2019-09-25 05:09:24,673 [main] WARN  impl.MetricsSystemImpl (MetricsSystemImpl.java:register(276)) - Sink prometheus already exists!
2019-09-25 05:09:24,674 [main] INFO  server.BaseHttpServer (BaseHttpServer.java:updateConnectorAddress(215)) - HTTP server of HDDSDATANODE is listening at http://0.0.0.0:46521
2019-09-25 05:09:24,674 [main] INFO  impl.MetricsSystemImpl (MetricsSystemImpl.java:init(158)) - HddsDatanode metrics system started (again)
2019-09-25 05:09:24,743 [org.apache.hadoop.util.JvmPauseMonitor$Monitor@47ff1fe3] INFO  util.JvmPauseMonitor (JvmPauseMonitor.java:run(188)) - Starting JVM pause monitor
2019-09-25 05:09:24,745 [Datanode State Machine Thread - 0] INFO  datanode.InitDatanodeState (InitDatanodeState.java:persistContainerDatanodeDetails(140)) - DatanodeDetails is persisted to /workdir/hadoop-ozone/integration-test/target/test-dir/MiniOzoneClusterImpl-1b42c1df-ac13-43c6-a371-b3b854adf906/datanode-5/meta/datanode.id
2019-09-25 05:09:24,747 [main] INFO  ozone.HddsDatanodeService (HddsDatanodeService.java:start(184)) - HddsDatanodeService host:pr-hdds-2174-pqx5g-486351168 ip:192.168.36.126
2019-09-25 05:09:24,760 [main] INFO  volume.HddsVolume (HddsVolume.java:<init>(176)) - Creating Volume: /workdir/hadoop-ozone/integration-test/target/test-dir/MiniOzoneClusterImpl-1b42c1df-ac13-43c6-a371-b3b854adf906/datanode-6/data/containers/hdds of  storage type : DISK and capacity : 1482555576320
2019-09-25 05:09:24,761 [main] INFO  volume.VolumeSet (VolumeSet.java:initializeVolumeSet(170)) - Added Volume : /workdir/hadoop-ozone/integration-test/target/test-dir/MiniOzoneClusterImpl-1b42c1df-ac13-43c6-a371-b3b854adf906/datanode-6/data/containers/hdds to VolumeSet
2019-09-25 05:09:24,761 [main] INFO  volume.ThrottledAsyncChecker (ThrottledAsyncChecker.java:schedule(139)) - Scheduling a check for org.apache.hadoop.ozone.container.common.volume.HddsVolume@5c48b72c
2019-09-25 05:09:24,761 [main] INFO  volume.HddsVolumeChecker (HddsVolumeChecker.java:checkAllVolumes(202)) - Scheduled health check for volume org.apache.hadoop.ozone.container.common.volume.HddsVolume@5c48b72c
2019-09-25 05:09:24,779 [main] INFO  impl.RaftServerProxy (ConfUtils.java:logGet(43)) - raft.rpc.type = GRPC (default)
2019-09-25 05:09:24,780 [main] INFO  grpc.GrpcFactory (GrpcFactory.java:checkPooledByteBufAllocatorUseCacheForAllThreads(45)) - PERFORMANCE WARNING: useCacheForAllThreads is true that may cause Netty to create a lot garbage objects and, as a result, trigger GC.
	It is recommended to disable useCacheForAllThreads by setting -Dorg.apache.ratis.thirdparty.io.netty.allocator.useCacheForAllThreads=false in command line.
2019-09-25 05:09:24,780 [main] INFO  grpc.GrpcConfigKeys$Server (ConfUtils.java:logGet(43)) - raft.grpc.server.port = 0 (default)
2019-09-25 05:09:24,780 [main] INFO  server.GrpcService (ConfUtils.java:logGet(43)) - raft.grpc.message.size.max = 33570816 (custom)
2019-09-25 05:09:24,780 [main] INFO  server.RaftServerConfigKeys (ConfUtils.java:logGet(43)) - raft.server.log.appender.buffer.byte-limit = 33554432 (custom)
2019-09-25 05:09:24,780 [main] INFO  server.GrpcService (ConfUtils.java:logGet(43)) - raft.grpc.flow.control.window = 1MB (=1048576) (default)
2019-09-25 05:09:24,780 [main] INFO  server.RaftServerConfigKeys (ConfUtils.java:logGet(43)) - raft.server.rpc.request.timeout = 3000ms (default)
2019-09-25 05:09:24,781 [main] INFO  server.RaftServerConfigKeys (ConfUtils.java:logGet(43)) - raft.server.storage.dir = [/workdir/hadoop-ozone/integration-test/target/test-dir/MiniOzoneClusterImpl-1b42c1df-ac13-43c6-a371-b3b854adf906/datanode-6/data/ratis] (custom)
2019-09-25 05:09:24,782 [main] INFO  hdfs.DFSUtil (DFSUtil.java:httpServerTemplateForNNAndJN(1641)) - Starting Web-server for hddsDatanode at: http://0.0.0.0:0
2019-09-25 05:09:24,784 [main] INFO  server.AuthenticationFilter (AuthenticationFilter.java:constructSecretProvider(240)) - Unable to initialize FileSignerSecretProvider, falling back to use random secrets.
2019-09-25 05:09:24,785 [main] WARN  http.HttpRequestLog (HttpRequestLog.java:getRequestLog(97)) - Jetty request log can only be enabled using Log4j
2019-09-25 05:09:24,788 [main] INFO  http.HttpServer2 (HttpServer2.java:addGlobalFilter(975)) - Added global filter 'safety' (class=org.apache.hadoop.http.HttpServer2$QuotingInputFilter)
2019-09-25 05:09:24,788 [main] INFO  http.HttpServer2 (HttpServer2.java:addFilter(948)) - Added filter static_user_filter (class=org.apache.hadoop.http.lib.StaticUserWebFilter$StaticUserFilter) to context hddsDatanode
2019-09-25 05:09:24,789 [main] INFO  http.HttpServer2 (HttpServer2.java:addFilter(958)) - Added filter static_user_filter (class=org.apache.hadoop.http.lib.StaticUserWebFilter$StaticUserFilter) to context static
2019-09-25 05:09:24,789 [main] INFO  http.HttpServer2 (HttpServer2.java:addFilter(958)) - Added filter static_user_filter (class=org.apache.hadoop.http.lib.StaticUserWebFilter$StaticUserFilter) to context logs
2019-09-25 05:09:24,790 [main] INFO  http.HttpServer2 (HttpServer2.java:bindListener(1191)) - Jetty bound to port 44171
2019-09-25 05:09:24,791 [main] INFO  server.Server (Server.java:doStart(351)) - jetty-9.3.25.v20180904, build timestamp: 2018-09-04T21:11:46Z, git hash: 3ce520221d0240229c862b122d2b06c12a625732
2019-09-25 05:09:24,793 [main] INFO  handler.ContextHandler (ContextHandler.java:doStart(781)) - Started o.e.j.s.ServletContextHandler@6282b9f5{/logs,file:///workdir/hadoop-ozone/integration-test/target/log,AVAILABLE}
2019-09-25 05:09:24,794 [main] INFO  handler.ContextHandler (ContextHandler.java:doStart(781)) - Started o.e.j.s.ServletContextHandler@7c11d32{/static,jar:file:/home/user/.m2/repository/org/apache/hadoop/hadoop-hdds-container-service/0.5.0-SNAPSHOT/hadoop-hdds-container-service-0.5.0-SNAPSHOT.jar!/webapps/static,AVAILABLE}
2019-09-25 05:09:24,826 [main] INFO  handler.ContextHandler (ContextHandler.java:doStart(781)) - Started o.e.j.w.WebAppContext@5efe47fd{/,file:///tmp/jetty-0.0.0.0-44171-hddsDatanode-_-any-4903307543045643824.dir/webapp/,AVAILABLE}{/hddsDatanode}
2019-09-25 05:09:24,826 [main] INFO  server.AbstractConnector (AbstractConnector.java:doStart(278)) - Started ServerConnector@739831a4{HTTP/1.1,[http/1.1]}{0.0.0.0:44171}
2019-09-25 05:09:24,832 [main] INFO  server.Server (Server.java:doStart(419)) - Started @346040ms
2019-09-25 05:09:24,832 [main] WARN  impl.MetricsSystemImpl (MetricsSystemImpl.java:register(276)) - Sink prometheus already exists!
2019-09-25 05:09:24,833 [main] INFO  server.BaseHttpServer (BaseHttpServer.java:updateConnectorAddress(215)) - HTTP server of HDDSDATANODE is listening at http://0.0.0.0:44171
2019-09-25 05:09:24,833 [main] INFO  ozone.MiniOzoneClusterImpl (MiniOzoneClusterImpl.java:lambda$waitForClusterToBeReady$0(147)) - Waiting for cluster to be ready. Got 0 of 7 DN Heartbeats.
2019-09-25 05:09:24,834 [org.apache.hadoop.util.JvmPauseMonitor$Monitor@22270756] INFO  util.JvmPauseMonitor (JvmPauseMonitor.java:run(188)) - Starting JVM pause monitor
2019-09-25 05:09:24,835 [Datanode State Machine Thread - 0] INFO  datanode.InitDatanodeState (InitDatanodeState.java:persistContainerDatanodeDetails(140)) - DatanodeDetails is persisted to /workdir/hadoop-ozone/integration-test/target/test-dir/MiniOzoneClusterImpl-1b42c1df-ac13-43c6-a371-b3b854adf906/datanode-6/meta/datanode.id
2019-09-25 05:09:25,833 [main] INFO  ozone.MiniOzoneClusterImpl (MiniOzoneClusterImpl.java:lambda$waitForClusterToBeReady$0(147)) - Waiting for cluster to be ready. Got 0 of 7 DN Heartbeats.
2019-09-25 05:09:26,731 [java.util.concurrent.ThreadPoolExecutor$Worker@24131769[State = -1, empty queue]] WARN  server.GrpcLogAppender (GrpcLogAppender.java:timeoutAppendRequest(200)) - 1e4f299d-27e6-442d-9871-12ab226dd7a8@group-62501194BD52->0c186508-9ecb-45e3-9dfe-464b7fe9f193-GrpcLogAppender: appendEntries Timeout, request=1e4f299d-27e6-442d-9871-12ab226dd7a8->0c186508-9ecb-45e3-9dfe-464b7fe9f193#25-t2, previous=(t:2, i:0), leaderCommit=0, initializing? false, entries: <empty>
2019-09-25 05:09:26,732 [java.util.concurrent.ThreadPoolExecutor$Worker@72b16923[State = -1, empty queue]] WARN  server.GrpcLogAppender (GrpcLogAppender.java:timeoutAppendRequest(200)) - 1e4f299d-27e6-442d-9871-12ab226dd7a8@group-3D9C9E831C33->0c186508-9ecb-45e3-9dfe-464b7fe9f193-GrpcLogAppender: appendEntries Timeout, request=1e4f299d-27e6-442d-9871-12ab226dd7a8->0c186508-9ecb-45e3-9dfe-464b7fe9f193#25-t2, previous=(t:2, i:0), leaderCommit=0, initializing? false, entries: <empty>
2019-09-25 05:09:26,734 [java.util.concurrent.ThreadPoolExecutor$Worker@6af36432[State = -1, empty queue]] WARN  server.GrpcLogAppender (GrpcLogAppender.java:timeoutAppendRequest(200)) - 95dec85b-23b9-41b7-9d30-1b2eb1816676@group-E97B045DFE39->0c186508-9ecb-45e3-9dfe-464b7fe9f193-GrpcLogAppender: appendEntries Timeout, request=95dec85b-23b9-41b7-9d30-1b2eb1816676->0c186508-9ecb-45e3-9dfe-464b7fe9f193#25-t3, previous=(t:3, i:0), leaderCommit=0, initializing? false, entries: <empty>
2019-09-25 05:09:26,834 [main] INFO  ozone.MiniOzoneClusterImpl (MiniOzoneClusterImpl.java:lambda$waitForClusterToBeReady$0(147)) - Waiting for cluster to be ready. Got 0 of 7 DN Heartbeats.
2019-09-25 05:09:27,075 [grpc-default-executor-5] INFO  impl.RaftServerProxy (RaftServerProxy.java:remove(95)) - 1e4f299d-27e6-442d-9871-12ab226dd7a8: remove    LEADER 1e4f299d-27e6-442d-9871-12ab226dd7a8@group-3D9C9E831C33:t2, leader=1e4f299d-27e6-442d-9871-12ab226dd7a8, voted=1e4f299d-27e6-442d-9871-12ab226dd7a8, raftlog=1e4f299d-27e6-442d-9871-12ab226dd7a8@group-3D9C9E831C33-SegmentedRaftLog:OPENED:c0,f0,i0, conf=0: [0c186508-9ecb-45e3-9dfe-464b7fe9f193:192.168.36.126:34098, 95dec85b-23b9-41b7-9d30-1b2eb1816676:192.168.36.126:33370, 1e4f299d-27e6-442d-9871-12ab226dd7a8:192.168.36.126:46862], old=null RUNNING
2019-09-25 05:09:27,076 [grpc-default-executor-5] INFO  impl.RaftServerImpl (RaftServerImpl.java:lambda$shutdown$3(251)) - 1e4f299d-27e6-442d-9871-12ab226dd7a8@group-3D9C9E831C33: shutdown
2019-09-25 05:09:27,076 [grpc-default-executor-5] INFO  util.JmxRegister (JmxRegister.java:unregister(73)) - Successfully un-registered JMX Bean with object name Ratis:service=RaftServer,group=group-3D9C9E831C33,id=1e4f299d-27e6-442d-9871-12ab226dd7a8
2019-09-25 05:09:27,077 [grpc-default-executor-5] INFO  impl.RoleInfo (RoleInfo.java:shutdownLeaderState(104)) - 1e4f299d-27e6-442d-9871-12ab226dd7a8: shutdown LeaderState
2019-09-25 05:09:27,091 [grpc-default-executor-5] INFO  impl.PendingRequests (PendingRequests.java:sendNotLeaderResponses(202)) - 1e4f299d-27e6-442d-9871-12ab226dd7a8-PendingRequests: sendNotLeaderResponses
2019-09-25 05:09:27,091 [org.apache.ratis.server.impl.LogAppender$AppenderDaemon$$Lambda$527/389096667@1984ecb9] WARN  server.GrpcLogAppender (GrpcLogAppender.java:mayWait(143)) - 1e4f299d-27e6-442d-9871-12ab226dd7a8@group-3D9C9E831C33->0c186508-9ecb-45e3-9dfe-464b7fe9f193-GrpcLogAppender: Wait interrupted by java.lang.InterruptedException
2019-09-25 05:09:27,091 [org.apache.ratis.server.impl.LogAppender$AppenderDaemon$$Lambda$527/389096667@3fcdea4e] WARN  server.GrpcLogAppender (GrpcLogAppender.java:mayWait(143)) - 1e4f299d-27e6-442d-9871-12ab226dd7a8@group-3D9C9E831C33->95dec85b-23b9-41b7-9d30-1b2eb1816676-GrpcLogAppender: Wait interrupted by java.lang.InterruptedException
2019-09-25 05:09:27,091 [grpc-default-executor-5] INFO  impl.StateMachineUpdater (StateMachineUpdater.java:stopAndJoin(125)) - 1e4f299d-27e6-442d-9871-12ab226dd7a8@group-3D9C9E831C33-StateMachineUpdater: set stopIndex = 0
2019-09-25 05:09:27,092 [grpc-default-executor-5] INFO  impl.RaftServerImpl (ServerState.java:close(385)) - 1e4f299d-27e6-442d-9871-12ab226dd7a8@group-3D9C9E831C33: closes. applyIndex: 0
2019-09-25 05:09:27,092 [grpc-default-executor-6] INFO  server.GrpcServerProtocolService (GrpcServerProtocolService.java:onCompleted(113)) - 0c186508-9ecb-45e3-9dfe-464b7fe9f193: Completed APPEND_ENTRIES, lastRequest: 1e4f299d-27e6-442d-9871-12ab226dd7a8->0c186508-9ecb-45e3-9dfe-464b7fe9f193#26-t2, previous=(t:2, i:0), leaderCommit=0, initializing? false, entries: <empty>
2019-09-25 05:09:27,092 [grpc-default-executor-7] INFO  server.GrpcServerProtocolService (GrpcServerProtocolService.java:onCompleted(113)) - 95dec85b-23b9-41b7-9d30-1b2eb1816676: Completed APPEND_ENTRIES, lastRequest: 1e4f299d-27e6-442d-9871-12ab226dd7a8->95dec85b-23b9-41b7-9d30-1b2eb1816676#26-t2, previous=(t:2, i:0), leaderCommit=0, initializing? false, entries: <empty>
2019-09-25 05:09:27,092 [1e4f299d-27e6-442d-9871-12ab226dd7a8@group-3D9C9E831C33-SegmentedRaftLogWorker] INFO  segmented.SegmentedRaftLogWorker (SegmentedRaftLogWorker.java:run(313)) - 1e4f299d-27e6-442d-9871-12ab226dd7a8@group-3D9C9E831C33-SegmentedRaftLogWorker was interrupted, exiting. There are 0 tasks remaining in the queue.
2019-09-25 05:09:27,099 [grpc-default-executor-6] INFO  server.GrpcLogAppender (GrpcLogAppender.java:onCompleted(293)) - 1e4f299d-27e6-442d-9871-12ab226dd7a8@group-3D9C9E831C33->0c186508-9ecb-45e3-9dfe-464b7fe9f193-AppendLogResponseHandler: follower responses appendEntries COMPLETED
2019-09-25 05:09:27,100 [grpc-default-executor-1] INFO  server.GrpcLogAppender (GrpcLogAppender.java:onCompleted(293)) - 1e4f299d-27e6-442d-9871-12ab226dd7a8@group-3D9C9E831C33->95dec85b-23b9-41b7-9d30-1b2eb1816676-AppendLogResponseHandler: follower responses appendEntries COMPLETED
2019-09-25 05:09:27,099 [grpc-default-executor-5] INFO  segmented.SegmentedRaftLogWorker (SegmentedRaftLogWorker.java:close(228)) - 1e4f299d-27e6-442d-9871-12ab226dd7a8@group-3D9C9E831C33-SegmentedRaftLogWorker close()
2019-09-25 05:09:27,100 [grpc-default-executor-1] INFO  impl.FollowerInfo (FollowerInfo.java:lambda$new$0(51)) - 1e4f299d-27e6-442d-9871-12ab226dd7a8@group-3D9C9E831C33->95dec85b-23b9-41b7-9d30-1b2eb1816676: nextIndex: updateUnconditionally 1 -> 0
2019-09-25 05:09:27,100 [grpc-default-executor-6] INFO  impl.FollowerInfo (FollowerInfo.java:lambda$new$0(51)) - 1e4f299d-27e6-442d-9871-12ab226dd7a8@group-3D9C9E831C33->0c186508-9ecb-45e3-9dfe-464b7fe9f193: nextIndex: updateUnconditionally 1 -> 0
2019-09-25 05:09:27,113 [grpc-default-executor-7] WARN  server.GrpcLogAppender (LogUtils.java:warn(134)) - 1e4f299d-27e6-442d-9871-12ab226dd7a8@group-62501194BD52->95dec85b-23b9-41b7-9d30-1b2eb1816676-AppendLogResponseHandler: Failed appendEntries: org.apache.ratis.thirdparty.io.grpc.StatusRuntimeException: UNAVAILABLE: Channel shutdownNow invoked
2019-09-25 05:09:27,113 [grpc-default-executor-11] WARN  server.GrpcLogAppender (LogUtils.java:warn(134)) - 1e4f299d-27e6-442d-9871-12ab226dd7a8@group-62501194BD52->0c186508-9ecb-45e3-9dfe-464b7fe9f193-AppendLogResponseHandler: Failed appendEntries: org.apache.ratis.thirdparty.io.grpc.StatusRuntimeException: UNAVAILABLE: Channel shutdownNow invoked
2019-09-25 05:09:27,115 [grpc-default-executor-7] INFO  impl.FollowerInfo (FollowerInfo.java:lambda$new$0(51)) - 1e4f299d-27e6-442d-9871-12ab226dd7a8@group-62501194BD52->95dec85b-23b9-41b7-9d30-1b2eb1816676: nextIndex: updateUnconditionally 1 -> 0
2019-09-25 05:09:27,114 [grpc-default-executor-4] WARN  server.GrpcServerProtocolService (LogUtils.java:warn(134)) - 0c186508-9ecb-45e3-9dfe-464b7fe9f193: installSnapshot onError, lastRequest: 1e4f299d-27e6-442d-9871-12ab226dd7a8->0c186508-9ecb-45e3-9dfe-464b7fe9f193#26-t2, previous=(t:2, i:0), leaderCommit=0, initializing? false, entries: <empty>: org.apache.ratis.thirdparty.io.grpc.StatusRuntimeException: CANCELLED: cancelled before receiving half close
2019-09-25 05:09:27,114 [grpc-default-executor-6] WARN  server.GrpcServerProtocolService (LogUtils.java:warn(134)) - 95dec85b-23b9-41b7-9d30-1b2eb1816676: installSnapshot onError, lastRequest: 1e4f299d-27e6-442d-9871-12ab226dd7a8->95dec85b-23b9-41b7-9d30-1b2eb1816676#26-t2, previous=(t:2, i:0), leaderCommit=0, initializing? false, entries: <empty>: org.apache.ratis.thirdparty.io.grpc.StatusRuntimeException: CANCELLED: cancelled before receiving half close
2019-09-25 05:09:27,115 [grpc-default-executor-11] INFO  impl.FollowerInfo (FollowerInfo.java:lambda$new$0(51)) - 1e4f299d-27e6-442d-9871-12ab226dd7a8@group-62501194BD52->0c186508-9ecb-45e3-9dfe-464b7fe9f193: nextIndex: updateUnconditionally 1 -> 0
2019-09-25 05:09:27,120 [grpc-default-executor-6] INFO  impl.RaftServerProxy (RaftServerProxy.java:remove(95)) - 1e4f299d-27e6-442d-9871-12ab226dd7a8: remove    LEADER 1e4f299d-27e6-442d-9871-12ab226dd7a8@group-62501194BD52:t2, leader=1e4f299d-27e6-442d-9871-12ab226dd7a8, voted=1e4f299d-27e6-442d-9871-12ab226dd7a8, raftlog=1e4f299d-27e6-442d-9871-12ab226dd7a8@group-62501194BD52-SegmentedRaftLog:OPENED:c0,f0,i0, conf=0: [0c186508-9ecb-45e3-9dfe-464b7fe9f193:192.168.36.126:34098, 95dec85b-23b9-41b7-9d30-1b2eb1816676:192.168.36.126:33370, 1e4f299d-27e6-442d-9871-12ab226dd7a8:192.168.36.126:46862], old=null RUNNING
2019-09-25 05:09:27,120 [grpc-default-executor-6] INFO  impl.RaftServerImpl (RaftServerImpl.java:lambda$shutdown$3(251)) - 1e4f299d-27e6-442d-9871-12ab226dd7a8@group-62501194BD52: shutdown
2019-09-25 05:09:27,121 [grpc-default-executor-6] INFO  util.JmxRegister (JmxRegister.java:unregister(73)) - Successfully un-registered JMX Bean with object name Ratis:service=RaftServer,group=group-62501194BD52,id=1e4f299d-27e6-442d-9871-12ab226dd7a8
2019-09-25 05:09:27,121 [grpc-default-executor-6] INFO  impl.RoleInfo (RoleInfo.java:shutdownLeaderState(104)) - 1e4f299d-27e6-442d-9871-12ab226dd7a8: shutdown LeaderState
2019-09-25 05:09:27,131 [grpc-default-executor-6] INFO  impl.PendingRequests (PendingRequests.java:sendNotLeaderResponses(202)) - 1e4f299d-27e6-442d-9871-12ab226dd7a8-PendingRequests: sendNotLeaderResponses
2019-09-25 05:09:27,131 [org.apache.ratis.server.impl.LogAppender$AppenderDaemon$$Lambda$527/389096667@75ac50f2] WARN  server.GrpcLogAppender (GrpcLogAppender.java:mayWait(143)) - 1e4f299d-27e6-442d-9871-12ab226dd7a8@group-62501194BD52->95dec85b-23b9-41b7-9d30-1b2eb1816676-GrpcLogAppender: Wait interrupted by java.lang.InterruptedException
2019-09-25 05:09:27,132 [grpc-default-executor-6] INFO  impl.StateMachineUpdater (StateMachineUpdater.java:stopAndJoin(125)) - 1e4f299d-27e6-442d-9871-12ab226dd7a8@group-62501194BD52-StateMachineUpdater: set stopIndex = 0
2019-09-25 05:09:27,132 [grpc-default-executor-6] INFO  impl.RaftServerImpl (ServerState.java:close(385)) - 1e4f299d-27e6-442d-9871-12ab226dd7a8@group-62501194BD52: closes. applyIndex: 0
2019-09-25 05:09:27,132 [org.apache.ratis.server.impl.LogAppender$AppenderDaemon$$Lambda$527/389096667@51ada9c2] WARN  server.GrpcLogAppender (GrpcLogAppender.java:mayWait(143)) - 1e4f299d-27e6-442d-9871-12ab226dd7a8@group-62501194BD52->0c186508-9ecb-45e3-9dfe-464b7fe9f193-GrpcLogAppender: Wait interrupted by java.lang.InterruptedException
2019-09-25 05:09:27,133 [1e4f299d-27e6-442d-9871-12ab226dd7a8@group-62501194BD52-SegmentedRaftLogWorker] INFO  segmented.SegmentedRaftLogWorker (SegmentedRaftLogWorker.java:run(313)) - 1e4f299d-27e6-442d-9871-12ab226dd7a8@group-62501194BD52-SegmentedRaftLogWorker was interrupted, exiting. There are 0 tasks remaining in the queue.
2019-09-25 05:09:27,137 [grpc-default-executor-6] INFO  segmented.SegmentedRaftLogWorker (SegmentedRaftLogWorker.java:close(228)) - 1e4f299d-27e6-442d-9871-12ab226dd7a8@group-62501194BD52-SegmentedRaftLogWorker close()
2019-09-25 05:09:27,150 [grpc-default-executor-6] INFO  impl.RaftServerProxy (RaftServerProxy.java:remove(95)) - 1e4f299d-27e6-442d-9871-12ab226dd7a8: remove  FOLLOWER 1e4f299d-27e6-442d-9871-12ab226dd7a8@group-E97B045DFE39:t3, leader=95dec85b-23b9-41b7-9d30-1b2eb1816676, voted=95dec85b-23b9-41b7-9d30-1b2eb1816676, raftlog=1e4f299d-27e6-442d-9871-12ab226dd7a8@group-E97B045DFE39-SegmentedRaftLog:OPENED:c0,f0,i0, conf=0: [0c186508-9ecb-45e3-9dfe-464b7fe9f193:192.168.36.126:34098, 95dec85b-23b9-41b7-9d30-1b2eb1816676:192.168.36.126:33370, 1e4f299d-27e6-442d-9871-12ab226dd7a8:192.168.36.126:46862], old=null RUNNING
2019-09-25 05:09:27,150 [grpc-default-executor-6] INFO  impl.RaftServerImpl (RaftServerImpl.java:lambda$shutdown$3(251)) - 1e4f299d-27e6-442d-9871-12ab226dd7a8@group-E97B045DFE39: shutdown
2019-09-25 05:09:27,151 [grpc-default-executor-6] INFO  util.JmxRegister (JmxRegister.java:unregister(73)) - Successfully un-registered JMX Bean with object name Ratis:service=RaftServer,group=group-E97B045DFE39,id=1e4f299d-27e6-442d-9871-12ab226dd7a8
2019-09-25 05:09:27,151 [grpc-default-executor-6] INFO  impl.RoleInfo (RoleInfo.java:shutdownFollowerState(121)) - 1e4f299d-27e6-442d-9871-12ab226dd7a8: shutdown FollowerState
2019-09-25 05:09:27,151 [grpc-default-executor-6] INFO  impl.StateMachineUpdater (StateMachineUpdater.java:stopAndJoin(125)) - 1e4f299d-27e6-442d-9871-12ab226dd7a8@group-E97B045DFE39-StateMachineUpdater: set stopIndex = 0
2019-09-25 05:09:27,151 [Thread-2002] INFO  impl.FollowerState (FollowerState.java:run(115)) - 1e4f299d-27e6-442d-9871-12ab226dd7a8: FollowerState was interrupted: java.lang.InterruptedException: sleep interrupted
2019-09-25 05:09:27,151 [grpc-default-executor-6] INFO  impl.RaftServerImpl (ServerState.java:close(385)) - 1e4f299d-27e6-442d-9871-12ab226dd7a8@group-E97B045DFE39: closes. applyIndex: 0
2019-09-25 05:09:27,152 [1e4f299d-27e6-442d-9871-12ab226dd7a8@group-E97B045DFE39-SegmentedRaftLogWorker] INFO  segmented.SegmentedRaftLogWorker (SegmentedRaftLogWorker.java:run(313)) - 1e4f299d-27e6-442d-9871-12ab226dd7a8@group-E97B045DFE39-SegmentedRaftLogWorker was interrupted, exiting. There are 0 tasks remaining in the queue.
2019-09-25 05:09:27,157 [grpc-default-executor-6] INFO  segmented.SegmentedRaftLogWorker (SegmentedRaftLogWorker.java:close(228)) - 1e4f299d-27e6-442d-9871-12ab226dd7a8@group-E97B045DFE39-SegmentedRaftLogWorker close()
2019-09-25 05:09:27,835 [main] INFO  ozone.MiniOzoneClusterImpl (MiniOzoneClusterImpl.java:lambda$waitForClusterToBeReady$0(147)) - Waiting for cluster to be ready. Got 0 of 7 DN Heartbeats.
2019-09-25 05:09:28,185 [Thread-2418] INFO  impl.FollowerState (FollowerState.java:run(106)) - 158ad28b-aa8e-4172-b96b-cbb323932650:group-8F81A5CD80FE changes to CANDIDATE, lastRpcTime:5113, electionTimeout:5109ms
2019-09-25 05:09:28,186 [Thread-2418] INFO  impl.RoleInfo (RoleInfo.java:shutdownFollowerState(121)) - 158ad28b-aa8e-4172-b96b-cbb323932650: shutdown FollowerState
2019-09-25 05:09:28,186 [Thread-2418] INFO  impl.RaftServerImpl (RaftServerImpl.java:setRole(174)) - 158ad28b-aa8e-4172-b96b-cbb323932650@group-8F81A5CD80FE: changes role from  FOLLOWER to CANDIDATE at term 18 for changeToCandidate
2019-09-25 05:09:28,186 [Thread-2418] INFO  impl.RoleInfo (RoleInfo.java:updateAndGet(143)) - 158ad28b-aa8e-4172-b96b-cbb323932650: start LeaderElection
2019-09-25 05:09:28,210 [Thread-2419] INFO  impl.FollowerState (FollowerState.java:run(106)) - 59abef46-29ea-4eff-a512-e596f80f6db1:group-8F81A5CD80FE changes to CANDIDATE, lastRpcTime:5137, electionTimeout:5137ms
2019-09-25 05:09:28,210 [Thread-2419] INFO  impl.RoleInfo (RoleInfo.java:shutdownFollowerState(121)) - 59abef46-29ea-4eff-a512-e596f80f6db1: shutdown FollowerState
2019-09-25 05:09:28,210 [Thread-2419] INFO  impl.RaftServerImpl (RaftServerImpl.java:setRole(174)) - 59abef46-29ea-4eff-a512-e596f80f6db1@group-8F81A5CD80FE: changes role from  FOLLOWER to CANDIDATE at term 18 for changeToCandidate
2019-09-25 05:09:28,211 [Thread-2419] ERROR ratis.XceiverServerRatis (XceiverServerRatis.java:triggerPipelineClose(575)) - pipeline Action CLOSE  on pipeline PipelineID=99fb0877-89b1-4c45-8334-8f81a5cd80fe.Reason : 59abef46-29ea-4eff-a512-e596f80f6db1 is in candidate state for 130505ms
2019-09-25 05:09:28,211 [Thread-2419] INFO  impl.RoleInfo (RoleInfo.java:updateAndGet(143)) - 59abef46-29ea-4eff-a512-e596f80f6db1: start LeaderElection
2019-09-25 05:09:28,234 [Thread-2417] INFO  impl.FollowerState (FollowerState.java:run(106)) - bc163c1a-f845-4c36-9592-f8e34b91970d:group-8F81A5CD80FE changes to CANDIDATE, lastRpcTime:5163, electionTimeout:5161ms
2019-09-25 05:09:28,234 [Thread-2417] INFO  impl.RoleInfo (RoleInfo.java:shutdownFollowerState(121)) - bc163c1a-f845-4c36-9592-f8e34b91970d: shutdown FollowerState
2019-09-25 05:09:28,234 [Thread-2417] INFO  impl.RaftServerImpl (RaftServerImpl.java:setRole(174)) - bc163c1a-f845-4c36-9592-f8e34b91970d@group-8F81A5CD80FE: changes role from  FOLLOWER to CANDIDATE at term 18 for changeToCandidate
2019-09-25 05:09:28,234 [Thread-2417] ERROR ratis.XceiverServerRatis (XceiverServerRatis.java:triggerPipelineClose(575)) - pipeline Action CLOSE  on pipeline PipelineID=99fb0877-89b1-4c45-8334-8f81a5cd80fe.Reason : bc163c1a-f845-4c36-9592-f8e34b91970d is in candidate state for 130528ms
2019-09-25 05:09:28,234 [Thread-2417] INFO  impl.RoleInfo (RoleInfo.java:updateAndGet(143)) - bc163c1a-f845-4c36-9592-f8e34b91970d: start LeaderElection
2019-09-25 05:09:28,326 [EventQueue-PipelineActionsForPipelineActionHandler] ERROR pipeline.PipelineActionHandler (PipelineActionHandler.java:onMessage(60)) - Received pipeline action CLOSE for Pipeline[ Id: 99fb0877-89b1-4c45-8334-8f81a5cd80fe, Nodes: 59abef46-29ea-4eff-a512-e596f80f6db1{ip: 192.168.36.126, host: pr-hdds-2174-pqx5g-486351168, networkLocation: /default-rack, certSerialId: null}bc163c1a-f845-4c36-9592-f8e34b91970d{ip: 192.168.36.126, host: pr-hdds-2174-pqx5g-486351168, networkLocation: /default-rack, certSerialId: null}158ad28b-aa8e-4172-b96b-cbb323932650{ip: 192.168.36.126, host: pr-hdds-2174-pqx5g-486351168, networkLocation: /default-rack, certSerialId: null}, Type:RATIS, Factor:THREE, State:CLOSED] from datanode 59abef46-29ea-4eff-a512-e596f80f6db1{ip: 192.168.36.126, host: pr-hdds-2174-pqx5g-486351168, networkLocation: /default-rack, certSerialId: null}. Reason : 59abef46-29ea-4eff-a512-e596f80f6db1 is in candidate state for 130505ms
2019-09-25 05:09:28,327 [EventQueue-PipelineActionsForPipelineActionHandler] INFO  pipeline.SCMPipelineManager (SCMPipelineManager.java:finalizeAndDestroyPipeline(315)) - destroying pipeline:Pipeline[ Id: 99fb0877-89b1-4c45-8334-8f81a5cd80fe, Nodes: 59abef46-29ea-4eff-a512-e596f80f6db1{ip: 192.168.36.126, host: pr-hdds-2174-pqx5g-486351168, networkLocation: /default-rack, certSerialId: null}bc163c1a-f845-4c36-9592-f8e34b91970d{ip: 192.168.36.126, host: pr-hdds-2174-pqx5g-486351168, networkLocation: /default-rack, certSerialId: null}158ad28b-aa8e-4172-b96b-cbb323932650{ip: 192.168.36.126, host: pr-hdds-2174-pqx5g-486351168, networkLocation: /default-rack, certSerialId: null}, Type:RATIS, Factor:THREE, State:CLOSED]
2019-09-25 05:09:28,561 [Datanode State Machine Thread - 0] INFO  ozoneimpl.OzoneContainer (OzoneContainer.java:start(217)) - Attempting to start container services.
2019-09-25 05:09:28,561 [158ad28b-aa8e-4172-b96b-cbb323932650@group-8F81A5CD80FE:LeaderElection165] INFO  impl.LeaderElection (LeaderElection.java:askForVotes(182)) - 158ad28b-aa8e-4172-b96b-cbb323932650@group-8F81A5CD80FE:LeaderElection165: begin an election at term 19 for 0: [bc163c1a-f845-4c36-9592-f8e34b91970d:192.168.36.126:38248, 158ad28b-aa8e-4172-b96b-cbb323932650:192.168.36.126:34188, 59abef46-29ea-4eff-a512-e596f80f6db1:192.168.36.126:38401], old=null
2019-09-25 05:09:28,561 [Datanode State Machine Thread - 0] INFO  ozoneimpl.OzoneContainer (OzoneContainer.java:start(217)) - Attempting to start container services.
2019-09-25 05:09:28,561 [Datanode State Machine Thread - 0] INFO  ozoneimpl.OzoneContainer (OzoneContainer.java:start(217)) - Attempting to start container services.
2019-09-25 05:09:28,561 [59abef46-29ea-4eff-a512-e596f80f6db1@group-8F81A5CD80FE:LeaderElection166] INFO  impl.LeaderElection (LeaderElection.java:askForVotes(182)) - 59abef46-29ea-4eff-a512-e596f80f6db1@group-8F81A5CD80FE:LeaderElection166: begin an election at term 19 for -1: [bc163c1a-f845-4c36-9592-f8e34b91970d:192.168.36.126:38248, 158ad28b-aa8e-4172-b96b-cbb323932650:192.168.36.126:34188, 59abef46-29ea-4eff-a512-e596f80f6db1:192.168.36.126:38401], old=null
2019-09-25 05:09:28,561 [bc163c1a-f845-4c36-9592-f8e34b91970d@group-8F81A5CD80FE:LeaderElection167] INFO  impl.LeaderElection (LeaderElection.java:askForVotes(182)) - bc163c1a-f845-4c36-9592-f8e34b91970d@group-8F81A5CD80FE:LeaderElection167: begin an election at term 19 for -1: [bc163c1a-f845-4c36-9592-f8e34b91970d:192.168.36.126:38248, 158ad28b-aa8e-4172-b96b-cbb323932650:192.168.36.126:34188, 59abef46-29ea-4eff-a512-e596f80f6db1:192.168.36.126:38401], old=null
2019-09-25 05:09:28,561 [Datanode State Machine Thread - 0] INFO  ozoneimpl.OzoneContainer (OzoneContainer.java:start(217)) - Attempting to start container services.
2019-09-25 05:09:28,561 [Datanode State Machine Thread - 0] INFO  ozoneimpl.OzoneContainer (OzoneContainer.java:start(217)) - Attempting to start container services.
2019-09-25 05:09:28,561 [Datanode State Machine Thread - 0] INFO  ozoneimpl.OzoneContainer (OzoneContainer.java:start(217)) - Attempting to start container services.
2019-09-25 05:09:28,562 [Datanode State Machine Thread - 0] INFO  ozoneimpl.OzoneContainer (OzoneContainer.java:startContainerScrub(179)) - Background container scanner has been disabled.
2019-09-25 05:09:28,561 [Datanode State Machine Thread - 0] INFO  ozoneimpl.OzoneContainer (OzoneContainer.java:start(217)) - Attempting to start container services.
2019-09-25 05:09:28,562 [Datanode State Machine Thread - 0] INFO  ratis.XceiverServerRatis (XceiverServerRatis.java:start(411)) - Starting XceiverServerRatis 36336b98-9e11-4902-92e9-fe6eb625f15f at port 0
2019-09-25 05:09:28,562 [Datanode State Machine Thread - 0] INFO  ozoneimpl.OzoneContainer (OzoneContainer.java:startContainerScrub(179)) - Background container scanner has been disabled.
2019-09-25 05:09:28,562 [Datanode State Machine Thread - 0] INFO  ozoneimpl.OzoneContainer (OzoneContainer.java:startContainerScrub(179)) - Background container scanner has been disabled.
2019-09-25 05:09:28,562 [Datanode State Machine Thread - 0] INFO  ozoneimpl.OzoneContainer (OzoneContainer.java:startContainerScrub(179)) - Background container scanner has been disabled.
2019-09-25 05:09:28,562 [Datanode State Machine Thread - 0] INFO  ozoneimpl.OzoneContainer (OzoneContainer.java:startContainerScrub(179)) - Background container scanner has been disabled.
2019-09-25 05:09:28,563 [Datanode State Machine Thread - 0] INFO  ratis.XceiverServerRatis (XceiverServerRatis.java:start(411)) - Starting XceiverServerRatis 383fd070-aa2f-46c4-9840-4dbb9a655240 at port 0
2019-09-25 05:09:28,563 [Datanode State Machine Thread - 0] INFO  ratis.XceiverServerRatis (XceiverServerRatis.java:start(411)) - Starting XceiverServerRatis 0a97ad5b-6bb8-469e-a909-c16428473531 at port 0
2019-09-25 05:09:28,563 [Datanode State Machine Thread - 0] INFO  ratis.XceiverServerRatis (XceiverServerRatis.java:start(411)) - Starting XceiverServerRatis 98d9416b-4ae1-40d6-9d81-df896f9b6805 at port 0
2019-09-25 05:09:28,563 [Datanode State Machine Thread - 0] INFO  ozoneimpl.OzoneContainer (OzoneContainer.java:startContainerScrub(179)) - Background container scanner has been disabled.
2019-09-25 05:09:28,563 [Datanode State Machine Thread - 0] INFO  ozoneimpl.OzoneContainer (OzoneContainer.java:startContainerScrub(179)) - Background container scanner has been disabled.
2019-09-25 05:09:28,564 [Datanode State Machine Thread - 0] INFO  ratis.XceiverServerRatis (XceiverServerRatis.java:start(411)) - Starting XceiverServerRatis 3e6133bb-abc0-4163-9295-c0419098387b at port 0
2019-09-25 05:09:28,564 [Datanode State Machine Thread - 0] INFO  ratis.XceiverServerRatis (XceiverServerRatis.java:start(411)) - Starting XceiverServerRatis 5b21acf7-c585-4de6-8836-a473875d62c1 at port 0
2019-09-25 05:09:28,565 [Datanode State Machine Thread - 0] INFO  ratis.XceiverServerRatis (XceiverServerRatis.java:start(411)) - Starting XceiverServerRatis e10abbe3-d0b8-4598-8013-6f06829414a9 at port 0
2019-09-25 05:09:28,566 [158ad28b-aa8e-4172-b96b-cbb323932650@group-8F81A5CD80FE:LeaderElection165] INFO  impl.LeaderElection (LeaderElection.java:logAndReturn(56)) - 158ad28b-aa8e-4172-b96b-cbb323932650@group-8F81A5CD80FE:LeaderElection165: Election REJECTED; received 2 response(s) [158ad28b-aa8e-4172-b96b-cbb323932650<-bc163c1a-f845-4c36-9592-f8e34b91970d#0:FAIL-t19, 158ad28b-aa8e-4172-b96b-cbb323932650<-59abef46-29ea-4eff-a512-e596f80f6db1#0:FAIL-t19] and 0 exception(s); 158ad28b-aa8e-4172-b96b-cbb323932650@group-8F81A5CD80FE:t19, leader=null, voted=158ad28b-aa8e-4172-b96b-cbb323932650, raftlog=158ad28b-aa8e-4172-b96b-cbb323932650@group-8F81A5CD80FE-SegmentedRaftLog:OPENED:c-1,f0,i0, conf=0: [bc163c1a-f845-4c36-9592-f8e34b91970d:192.168.36.126:38248, 158ad28b-aa8e-4172-b96b-cbb323932650:192.168.36.126:34188, 59abef46-29ea-4eff-a512-e596f80f6db1:192.168.36.126:38401], old=null
2019-09-25 05:09:28,567 [59abef46-29ea-4eff-a512-e596f80f6db1@group-8F81A5CD80FE:LeaderElection166] INFO  impl.LeaderElection (LeaderElection.java:logAndReturn(56)) - 59abef46-29ea-4eff-a512-e596f80f6db1@group-8F81A5CD80FE:LeaderElection166: Election REJECTED; received 2 response(s) [59abef46-29ea-4eff-a512-e596f80f6db1<-bc163c1a-f845-4c36-9592-f8e34b91970d#0:FAIL-t19, 59abef46-29ea-4eff-a512-e596f80f6db1<-158ad28b-aa8e-4172-b96b-cbb323932650#0:FAIL-t19] and 0 exception(s); 59abef46-29ea-4eff-a512-e596f80f6db1@group-8F81A5CD80FE:t19, leader=null, voted=59abef46-29ea-4eff-a512-e596f80f6db1, raftlog=59abef46-29ea-4eff-a512-e596f80f6db1@group-8F81A5CD80FE-SegmentedRaftLog:OPENED:c-1,f-1,i0, conf=-1: [bc163c1a-f845-4c36-9592-f8e34b91970d:192.168.36.126:38248, 158ad28b-aa8e-4172-b96b-cbb323932650:192.168.36.126:34188, 59abef46-29ea-4eff-a512-e596f80f6db1:192.168.36.126:38401], old=null
2019-09-25 05:09:28,567 [bc163c1a-f845-4c36-9592-f8e34b91970d@group-8F81A5CD80FE:LeaderElection167] INFO  impl.LeaderElection (LeaderElection.java:logAndReturn(56)) - bc163c1a-f845-4c36-9592-f8e34b91970d@group-8F81A5CD80FE:LeaderElection167: Election REJECTED; received 2 response(s) [bc163c1a-f845-4c36-9592-f8e34b91970d<-158ad28b-aa8e-4172-b96b-cbb323932650#0:FAIL-t19, bc163c1a-f845-4c36-9592-f8e34b91970d<-59abef46-29ea-4eff-a512-e596f80f6db1#0:FAIL-t19] and 0 exception(s); bc163c1a-f845-4c36-9592-f8e34b91970d@group-8F81A5CD80FE:t19, leader=null, voted=bc163c1a-f845-4c36-9592-f8e34b91970d, raftlog=bc163c1a-f845-4c36-9592-f8e34b91970d@group-8F81A5CD80FE-SegmentedRaftLog:OPENED:c-1,f-1,i0, conf=-1: [bc163c1a-f845-4c36-9592-f8e34b91970d:192.168.36.126:38248, 158ad28b-aa8e-4172-b96b-cbb323932650:192.168.36.126:34188, 59abef46-29ea-4eff-a512-e596f80f6db1:192.168.36.126:38401], old=null
2019-09-25 05:09:28,567 [59abef46-29ea-4eff-a512-e596f80f6db1@group-8F81A5CD80FE:LeaderElection166] INFO  impl.RaftServerImpl (RaftServerImpl.java:setRole(174)) - 59abef46-29ea-4eff-a512-e596f80f6db1@group-8F81A5CD80FE: changes role from CANDIDATE to FOLLOWER at term 19 for DISCOVERED_A_NEW_TERM
2019-09-25 05:09:28,567 [59abef46-29ea-4eff-a512-e596f80f6db1@group-8F81A5CD80FE:LeaderElection166] INFO  impl.RoleInfo (RoleInfo.java:shutdownLeaderElection(134)) - 59abef46-29ea-4eff-a512-e596f80f6db1: shutdown LeaderElection
2019-09-25 05:09:28,567 [59abef46-29ea-4eff-a512-e596f80f6db1@group-8F81A5CD80FE:LeaderElection166] INFO  impl.RoleInfo (RoleInfo.java:updateAndGet(143)) - 59abef46-29ea-4eff-a512-e596f80f6db1: start FollowerState
2019-09-25 05:09:28,568 [bc163c1a-f845-4c36-9592-f8e34b91970d@group-8F81A5CD80FE:LeaderElection167] INFO  impl.RaftServerImpl (RaftServerImpl.java:setRole(174)) - bc163c1a-f845-4c36-9592-f8e34b91970d@group-8F81A5CD80FE: changes role from CANDIDATE to FOLLOWER at term 19 for DISCOVERED_A_NEW_TERM
2019-09-25 05:09:28,568 [bc163c1a-f845-4c36-9592-f8e34b91970d@group-8F81A5CD80FE:LeaderElection167] INFO  impl.RoleInfo (RoleInfo.java:shutdownLeaderElection(134)) - bc163c1a-f845-4c36-9592-f8e34b91970d: shutdown LeaderElection
2019-09-25 05:09:28,568 [158ad28b-aa8e-4172-b96b-cbb323932650@group-8F81A5CD80FE:LeaderElection165] INFO  impl.RaftServerImpl (RaftServerImpl.java:setRole(174)) - 158ad28b-aa8e-4172-b96b-cbb323932650@group-8F81A5CD80FE: changes role from CANDIDATE to FOLLOWER at term 19 for DISCOVERED_A_NEW_TERM
2019-09-25 05:09:28,568 [158ad28b-aa8e-4172-b96b-cbb323932650@group-8F81A5CD80FE:LeaderElection165] INFO  impl.RoleInfo (RoleInfo.java:shutdownLeaderElection(134)) - 158ad28b-aa8e-4172-b96b-cbb323932650: shutdown LeaderElection
2019-09-25 05:09:28,570 [bc163c1a-f845-4c36-9592-f8e34b91970d@group-8F81A5CD80FE:LeaderElection167] INFO  impl.RoleInfo (RoleInfo.java:updateAndGet(143)) - bc163c1a-f845-4c36-9592-f8e34b91970d: start FollowerState
2019-09-25 05:09:28,570 [158ad28b-aa8e-4172-b96b-cbb323932650@group-8F81A5CD80FE:LeaderElection165] INFO  impl.RoleInfo (RoleInfo.java:updateAndGet(143)) - 158ad28b-aa8e-4172-b96b-cbb323932650: start FollowerState
2019-09-25 05:09:28,594 [EventQueue-PipelineActionsForPipelineActionHandler] ERROR pipeline.PipelineActionHandler (PipelineActionHandler.java:onMessage(60)) - Received pipeline action CLOSE for Pipeline[ Id: 99fb0877-89b1-4c45-8334-8f81a5cd80fe, Nodes: 59abef46-29ea-4eff-a512-e596f80f6db1{ip: 192.168.36.126, host: pr-hdds-2174-pqx5g-486351168, networkLocation: /default-rack, certSerialId: null}bc163c1a-f845-4c36-9592-f8e34b91970d{ip: 192.168.36.126, host: pr-hdds-2174-pqx5g-486351168, networkLocation: /default-rack, certSerialId: null}158ad28b-aa8e-4172-b96b-cbb323932650{ip: 192.168.36.126, host: pr-hdds-2174-pqx5g-486351168, networkLocation: /default-rack, certSerialId: null}, Type:RATIS, Factor:THREE, State:CLOSED] from datanode bc163c1a-f845-4c36-9592-f8e34b91970d{ip: 192.168.36.126, host: pr-hdds-2174-pqx5g-486351168, networkLocation: /default-rack, certSerialId: null}. Reason : bc163c1a-f845-4c36-9592-f8e34b91970d is in candidate state for 130528ms
2019-09-25 05:09:28,594 [EventQueue-PipelineActionsForPipelineActionHandler] INFO  pipeline.SCMPipelineManager (SCMPipelineManager.java:finalizeAndDestroyPipeline(315)) - destroying pipeline:Pipeline[ Id: 99fb0877-89b1-4c45-8334-8f81a5cd80fe, Nodes: 59abef46-29ea-4eff-a512-e596f80f6db1{ip: 192.168.36.126, host: pr-hdds-2174-pqx5g-486351168, networkLocation: /default-rack, certSerialId: null}bc163c1a-f845-4c36-9592-f8e34b91970d{ip: 192.168.36.126, host: pr-hdds-2174-pqx5g-486351168, networkLocation: /default-rack, certSerialId: null}158ad28b-aa8e-4172-b96b-cbb323932650{ip: 192.168.36.126, host: pr-hdds-2174-pqx5g-486351168, networkLocation: /default-rack, certSerialId: null}, Type:RATIS, Factor:THREE, State:CLOSED]
2019-09-25 05:09:28,608 [Datanode State Machine Thread - 0] INFO  impl.RaftServerProxy (RaftServerProxy.java:lambda$start$3(299)) - 36336b98-9e11-4902-92e9-fe6eb625f15f: start RPC server
2019-09-25 05:09:28,609 [Datanode State Machine Thread - 0] INFO  impl.RaftServerProxy (RaftServerProxy.java:lambda$start$3(299)) - 383fd070-aa2f-46c4-9840-4dbb9a655240: start RPC server
2019-09-25 05:09:28,609 [Datanode State Machine Thread - 0] INFO  server.GrpcService (GrpcService.java:startImpl(158)) - 36336b98-9e11-4902-92e9-fe6eb625f15f: GrpcService started, listening on 0.0.0.0/0.0.0.0:41840
2019-09-25 05:09:28,609 [Datanode State Machine Thread - 0] INFO  ratis.XceiverServerRatis (XceiverServerRatis.java:start(421)) - XceiverServerRatis 36336b98-9e11-4902-92e9-fe6eb625f15f is started using port 41840
2019-09-25 05:09:28,639 [Datanode State Machine Thread - 0] INFO  server.GrpcService (GrpcService.java:startImpl(158)) - 383fd070-aa2f-46c4-9840-4dbb9a655240: GrpcService started, listening on 0.0.0.0/0.0.0.0:36611
2019-09-25 05:09:28,639 [Datanode State Machine Thread - 0] INFO  ratis.XceiverServerRatis (XceiverServerRatis.java:start(421)) - XceiverServerRatis 383fd070-aa2f-46c4-9840-4dbb9a655240 is started using port 36611
2019-09-25 05:09:28,640 [Datanode State Machine Thread - 0] INFO  server.XceiverServerGrpc (XceiverServerGrpc.java:start(149)) - XceiverServerGrpc 36336b98-9e11-4902-92e9-fe6eb625f15f is started using port 45761
2019-09-25 05:09:28,640 [Datanode State Machine Thread - 0] INFO  server.XceiverServerGrpc (XceiverServerGrpc.java:start(149)) - XceiverServerGrpc 383fd070-aa2f-46c4-9840-4dbb9a655240 is started using port 38716
2019-09-25 05:09:28,649 [Datanode State Machine Thread - 0] INFO  impl.RaftServerProxy (RaftServerProxy.java:lambda$start$3(299)) - 3e6133bb-abc0-4163-9295-c0419098387b: start RPC server
2019-09-25 05:09:28,650 [Datanode State Machine Thread - 0] INFO  server.GrpcService (GrpcService.java:startImpl(158)) - 3e6133bb-abc0-4163-9295-c0419098387b: GrpcService started, listening on 0.0.0.0/0.0.0.0:39842
2019-09-25 05:09:28,650 [Datanode State Machine Thread - 0] INFO  ratis.XceiverServerRatis (XceiverServerRatis.java:start(421)) - XceiverServerRatis 3e6133bb-abc0-4163-9295-c0419098387b is started using port 39842
2019-09-25 05:09:28,674 [Datanode State Machine Thread - 0] INFO  server.XceiverServerGrpc (XceiverServerGrpc.java:start(149)) - XceiverServerGrpc 3e6133bb-abc0-4163-9295-c0419098387b is started using port 46417
2019-09-25 05:09:28,674 [Datanode State Machine Thread - 0] INFO  impl.RaftServerProxy (RaftServerProxy.java:lambda$start$3(299)) - 5b21acf7-c585-4de6-8836-a473875d62c1: start RPC server
2019-09-25 05:09:28,680 [Datanode State Machine Thread - 0] INFO  server.GrpcService (GrpcService.java:startImpl(158)) - 5b21acf7-c585-4de6-8836-a473875d62c1: GrpcService started, listening on 0.0.0.0/0.0.0.0:40608
2019-09-25 05:09:28,680 [Datanode State Machine Thread - 0] INFO  ratis.XceiverServerRatis (XceiverServerRatis.java:start(421)) - XceiverServerRatis 5b21acf7-c585-4de6-8836-a473875d62c1 is started using port 40608
2019-09-25 05:09:28,681 [Datanode State Machine Thread - 0] INFO  server.XceiverServerGrpc (XceiverServerGrpc.java:start(149)) - XceiverServerGrpc 5b21acf7-c585-4de6-8836-a473875d62c1 is started using port 33708
2019-09-25 05:09:28,686 [Datanode State Machine Thread - 0] INFO  impl.RaftServerProxy (RaftServerProxy.java:lambda$start$3(299)) - 98d9416b-4ae1-40d6-9d81-df896f9b6805: start RPC server
2019-09-25 05:09:28,690 [Datanode State Machine Thread - 0] INFO  impl.RaftServerProxy (RaftServerProxy.java:lambda$start$3(299)) - 0a97ad5b-6bb8-469e-a909-c16428473531: start RPC server
2019-09-25 05:09:28,695 [Datanode State Machine Thread - 0] INFO  server.GrpcService (GrpcService.java:startImpl(158)) - 98d9416b-4ae1-40d6-9d81-df896f9b6805: GrpcService started, listening on 0.0.0.0/0.0.0.0:44989
2019-09-25 05:09:28,695 [Datanode State Machine Thread - 0] INFO  server.GrpcService (GrpcService.java:startImpl(158)) - 0a97ad5b-6bb8-469e-a909-c16428473531: GrpcService started, listening on 0.0.0.0/0.0.0.0:44804
2019-09-25 05:09:28,695 [Datanode State Machine Thread - 0] INFO  ratis.XceiverServerRatis (XceiverServerRatis.java:start(421)) - XceiverServerRatis 98d9416b-4ae1-40d6-9d81-df896f9b6805 is started using port 44989
2019-09-25 05:09:28,695 [Datanode State Machine Thread - 0] INFO  impl.RaftServerProxy (RaftServerProxy.java:lambda$start$3(299)) - e10abbe3-d0b8-4598-8013-6f06829414a9: start RPC server
2019-09-25 05:09:28,695 [Datanode State Machine Thread - 0] INFO  ratis.XceiverServerRatis (XceiverServerRatis.java:start(421)) - XceiverServerRatis 0a97ad5b-6bb8-469e-a909-c16428473531 is started using port 44804
2019-09-25 05:09:28,695 [Datanode State Machine Thread - 0] INFO  server.XceiverServerGrpc (XceiverServerGrpc.java:start(149)) - XceiverServerGrpc 98d9416b-4ae1-40d6-9d81-df896f9b6805 is started using port 44993
2019-09-25 05:09:28,700 [Datanode State Machine Thread - 0] INFO  server.GrpcService (GrpcService.java:startImpl(158)) - e10abbe3-d0b8-4598-8013-6f06829414a9: GrpcService started, listening on 0.0.0.0/0.0.0.0:39763
2019-09-25 05:09:28,700 [Datanode State Machine Thread - 0] INFO  server.XceiverServerGrpc (XceiverServerGrpc.java:start(149)) - XceiverServerGrpc 0a97ad5b-6bb8-469e-a909-c16428473531 is started using port 37336
2019-09-25 05:09:28,700 [Datanode State Machine Thread - 0] INFO  ratis.XceiverServerRatis (XceiverServerRatis.java:start(421)) - XceiverServerRatis e10abbe3-d0b8-4598-8013-6f06829414a9 is started using port 39763
2019-09-25 05:09:28,708 [Datanode State Machine Thread - 0] INFO  server.XceiverServerGrpc (XceiverServerGrpc.java:start(149)) - XceiverServerGrpc e10abbe3-d0b8-4598-8013-6f06829414a9 is started using port 33491
2019-09-25 05:09:28,752 [IPC Server handler 11 on 34152] INFO  net.NetworkTopology (NetworkTopologyImpl.java:add(111)) - Added a new node: /default-rack/98d9416b-4ae1-40d6-9d81-df896f9b6805
2019-09-25 05:09:28,752 [IPC Server handler 11 on 34152] INFO  node.SCMNodeManager (SCMNodeManager.java:register(266)) - Registered Data node : 98d9416b-4ae1-40d6-9d81-df896f9b6805{ip: 192.168.36.126, host: pr-hdds-2174-pqx5g-486351168, networkLocation: /default-rack, certSerialId: null}
2019-09-25 05:09:28,762 [EventQueue-NodeRegistrationContainerReportForDataNodeSafeModeRule] INFO  safemode.SCMSafeModeManager (DataNodeSafeModeRule.java:process(71)) - SCM in safe mode. 1 DataNodes registered, 1 required.
2019-09-25 05:09:28,770 [EventQueue-NodeRegistrationContainerReportForDataNodeSafeModeRule] INFO  safemode.SCMSafeModeManager (SCMSafeModeManager.java:validateSafeModeExitRules(177)) - ScmSafeModeManager, all rules are successfully validated
2019-09-25 05:09:28,770 [EventQueue-NodeRegistrationContainerReportForDataNodeSafeModeRule] INFO  safemode.SCMSafeModeManager (SCMSafeModeManager.java:exitSafeMode(193)) - SCM exiting safe mode.
2019-09-25 05:09:28,804 [grpc-default-executor-7] INFO  impl.RaftServerProxy (RaftServerProxy.java:addNew(89)) - 98d9416b-4ae1-40d6-9d81-df896f9b6805: addNew group-339E5AFA55AE:[98d9416b-4ae1-40d6-9d81-df896f9b6805:192.168.36.126:44989] returns group-339E5AFA55AE:java.util.concurrent.CompletableFuture@16527704[Not completed]
2019-09-25 05:09:28,805 [pool-345-thread-1] INFO  impl.RaftServerImpl (RaftServerImpl.java:<init>(95)) - 98d9416b-4ae1-40d6-9d81-df896f9b6805: new RaftServerImpl for group-339E5AFA55AE:[98d9416b-4ae1-40d6-9d81-df896f9b6805:192.168.36.126:44989] with ContainerStateMachine:uninitialized
2019-09-25 05:09:28,806 [pool-345-thread-1] INFO  server.RaftServerConfigKeys (ConfUtils.java:logGet(43)) - raft.server.rpc.timeout.min = 5s (custom)
2019-09-25 05:09:28,806 [pool-345-thread-1] INFO  server.RaftServerConfigKeys (ConfUtils.java:logGet(43)) - raft.server.rpc.timeout.max = 5200ms (custom)
2019-09-25 05:09:28,806 [pool-345-thread-1] INFO  server.RaftServerConfigKeys (ConfUtils.java:logGet(43)) - raft.server.rpcslowness.timeout = 120s (custom)
2019-09-25 05:09:28,806 [pool-345-thread-1] INFO  server.RaftServerConfigKeys (ConfUtils.java:logGet(43)) - raft.server.sleep.deviation.threshold = 300 (default)
2019-09-25 05:09:28,806 [pool-345-thread-1] INFO  server.RaftServerConfigKeys (ConfUtils.java:logGet(43)) - raft.server.log.appender.install.snapshot.enabled = false (custom)
2019-09-25 05:09:28,806 [pool-345-thread-1] INFO  impl.RaftServerImpl (ServerState.java:<init>(103)) - 98d9416b-4ae1-40d6-9d81-df896f9b6805@group-339E5AFA55AE: ConfigurationManager, init=-1: [98d9416b-4ae1-40d6-9d81-df896f9b6805:192.168.36.126:44989], old=null, confs=<EMPTY_MAP>
2019-09-25 05:09:28,806 [pool-345-thread-1] INFO  server.RaftServerConfigKeys (ConfUtils.java:logGet(43)) - raft.server.storage.dir = [/workdir/hadoop-ozone/integration-test/target/test-dir/MiniOzoneClusterImpl-1b42c1df-ac13-43c6-a371-b3b854adf906/datanode-5/data/ratis] (custom)
2019-09-25 05:09:28,807 [pool-345-thread-1] INFO  storage.RaftStorageDirectory (RaftStorageDirectory.java:analyzeStorage(246)) - The storage directory /workdir/hadoop-ozone/integration-test/target/test-dir/MiniOzoneClusterImpl-1b42c1df-ac13-43c6-a371-b3b854adf906/datanode-5/data/ratis/2cf80c8c-c883-455e-8bc5-339e5afa55ae does not exist. Creating ...
2019-09-25 05:09:28,835 [main] INFO  ozone.MiniOzoneClusterImpl (MiniOzoneClusterImpl.java:lambda$waitForClusterToBeReady$0(147)) - Waiting for cluster to be ready. Got 1 of 7 DN Heartbeats.
2019-09-25 05:09:28,836 [IPC Server handler 1 on 34152] INFO  net.NetworkTopology (NetworkTopologyImpl.java:add(111)) - Added a new node: /default-rack/5b21acf7-c585-4de6-8836-a473875d62c1
2019-09-25 05:09:28,836 [IPC Server handler 1 on 34152] INFO  node.SCMNodeManager (SCMNodeManager.java:register(266)) - Registered Data node : 5b21acf7-c585-4de6-8836-a473875d62c1{ip: 192.168.36.126, host: pr-hdds-2174-pqx5g-486351168, networkLocation: /default-rack, certSerialId: null}
2019-09-25 05:09:29,234 [java.util.concurrent.ThreadPoolExecutor$Worker@6af36432[State = -1, empty queue]] WARN  server.GrpcLogAppender (GrpcLogAppender.java:timeoutAppendRequest(200)) - 95dec85b-23b9-41b7-9d30-1b2eb1816676@group-E97B045DFE39->0c186508-9ecb-45e3-9dfe-464b7fe9f193-GrpcLogAppender: appendEntries Timeout, request=95dec85b-23b9-41b7-9d30-1b2eb1816676->0c186508-9ecb-45e3-9dfe-464b7fe9f193#26-t3, previous=(t:3, i:0), leaderCommit=0, initializing? false, entries: <empty>
2019-09-25 05:09:29,836 [main] INFO  ozone.MiniOzoneClusterImpl (MiniOzoneClusterImpl.java:lambda$waitForClusterToBeReady$0(147)) - Waiting for cluster to be ready. Got 2 of 7 DN Heartbeats.
2019-09-25 05:09:29,912 [IPC Server handler 7 on 34152] INFO  net.NetworkTopology (NetworkTopologyImpl.java:add(111)) - Added a new node: /default-rack/36336b98-9e11-4902-92e9-fe6eb625f15f
2019-09-25 05:09:29,912 [IPC Server handler 7 on 34152] INFO  node.SCMNodeManager (SCMNodeManager.java:register(266)) - Registered Data node : 36336b98-9e11-4902-92e9-fe6eb625f15f{ip: 192.168.36.126, host: pr-hdds-2174-pqx5g-486351168, networkLocation: /default-rack, certSerialId: null}
2019-09-25 05:09:30,024 [IPC Server handler 13 on 34152] INFO  net.NetworkTopology (NetworkTopologyImpl.java:add(111)) - Added a new node: /default-rack/383fd070-aa2f-46c4-9840-4dbb9a655240
2019-09-25 05:09:30,024 [IPC Server handler 13 on 34152] INFO  node.SCMNodeManager (SCMNodeManager.java:register(266)) - Registered Data node : 383fd070-aa2f-46c4-9840-4dbb9a655240{ip: 192.168.36.126, host: pr-hdds-2174-pqx5g-486351168, networkLocation: /default-rack, certSerialId: null}
2019-09-25 05:09:30,256 [IPC Server handler 9 on 34152] INFO  net.NetworkTopology (NetworkTopologyImpl.java:add(111)) - Added a new node: /default-rack/3e6133bb-abc0-4163-9295-c0419098387b
2019-09-25 05:09:30,256 [IPC Server handler 9 on 34152] INFO  node.SCMNodeManager (SCMNodeManager.java:register(266)) - Registered Data node : 3e6133bb-abc0-4163-9295-c0419098387b{ip: 192.168.36.126, host: pr-hdds-2174-pqx5g-486351168, networkLocation: /default-rack, certSerialId: null}
2019-09-25 05:09:30,419 [IPC Server handler 3 on 34152] INFO  net.NetworkTopology (NetworkTopologyImpl.java:add(111)) - Added a new node: /default-rack/0a97ad5b-6bb8-469e-a909-c16428473531
2019-09-25 05:09:30,420 [IPC Server handler 3 on 34152] INFO  node.SCMNodeManager (SCMNodeManager.java:register(266)) - Registered Data node : 0a97ad5b-6bb8-469e-a909-c16428473531{ip: 192.168.36.126, host: pr-hdds-2174-pqx5g-486351168, networkLocation: /default-rack, certSerialId: null}
2019-09-25 05:09:30,573 [IPC Server handler 11 on 34152] INFO  net.NetworkTopology (NetworkTopologyImpl.java:add(111)) - Added a new node: /default-rack/e10abbe3-d0b8-4598-8013-6f06829414a9
2019-09-25 05:09:30,573 [IPC Server handler 11 on 34152] INFO  node.SCMNodeManager (SCMNodeManager.java:register(266)) - Registered Data node : e10abbe3-d0b8-4598-8013-6f06829414a9{ip: 192.168.36.126, host: pr-hdds-2174-pqx5g-486351168, networkLocation: /default-rack, certSerialId: null}
2019-09-25 05:09:30,836 [main] INFO  ozone.MiniOzoneClusterImpl (MiniOzoneClusterImpl.java:lambda$waitForClusterToBeReady$0(147)) - Cluster is ready. Got 7 of 7 DN Heartbeats.
2019-09-25 05:09:30,961 [main] INFO  rpc.RpcClient (RpcClient.java:createVolume(276)) - Creating Volume: watchforcommithandlingtest, with jenkins1000 as owner.
2019-09-25 05:09:30,968 [IPC Server handler 2 on 38472] INFO  volume.OMVolumeCreateRequest (OMVolumeCreateRequest.java:validateAndUpdateCache(194)) - created volume:watchforcommithandlingtest for user:jenkins1000
2019-09-25 05:09:31,004 [main] INFO  rpc.RpcClient (RpcClient.java:createBucket(415)) - Creating Bucket: watchforcommithandlingtest/watchforcommithandlingtest, with Versioning false and Storage Type set to DISK and Encryption set to false 
2019-09-25 05:09:31,015 [main] INFO  ozone.MiniOzoneClusterImpl (MiniOzoneClusterImpl.java:getStorageContainerLocationClient(234)) - Creating StorageContainerLocationProtocol RPC client with address /0.0.0.0:33242
2019-09-25 05:09:31,735 [java.util.concurrent.ThreadPoolExecutor$Worker@6af36432[State = -1, empty queue]] WARN  server.GrpcLogAppender (GrpcLogAppender.java:timeoutAppendRequest(200)) - 95dec85b-23b9-41b7-9d30-1b2eb1816676@group-E97B045DFE39->0c186508-9ecb-45e3-9dfe-464b7fe9f193-GrpcLogAppender: appendEntries Timeout, request=95dec85b-23b9-41b7-9d30-1b2eb1816676->0c186508-9ecb-45e3-9dfe-464b7fe9f193#27-t3, previous=(t:3, i:0), leaderCommit=0, initializing? false, entries: <empty>
2019-09-25 05:09:31,752 [java.util.concurrent.ThreadPoolExecutor$Worker@7368130f[State = -1, empty queue]] WARN  server.GrpcLogAppender (GrpcLogAppender.java:timeoutAppendRequest(200)) - 95dec85b-23b9-41b7-9d30-1b2eb1816676@group-E97B045DFE39->1e4f299d-27e6-442d-9871-12ab226dd7a8-GrpcLogAppender: appendEntries Timeout, request=95dec85b-23b9-41b7-9d30-1b2eb1816676->1e4f299d-27e6-442d-9871-12ab226dd7a8#27-t3, previous=(t:3, i:0), leaderCommit=0, initializing? false, entries: <empty>
2019-09-25 05:09:31,772 [Thread-2595] INFO  container.ReplicationManager (ReplicationManager.java:start(162)) - Starting Replication Monitor Thread.
2019-09-25 05:09:31,784 [RATISCREATEPIPELINE1] ERROR pipeline.RatisPipelineProvider (RatisPipelineProvider.java:lambda$null$5(235)) - Failed invoke Ratis rpc org.apache.hadoop.hdds.scm.pipeline.RatisPipelineProvider$$Lambda$217/423391421@37bf9534 for 98d9416b-4ae1-40d6-9d81-df896f9b6805
org.apache.ratis.protocol.TimeoutIOException: deadline exceeded after 2999758929ns
	at org.apache.ratis.grpc.GrpcUtil.tryUnwrapException(GrpcUtil.java:82)
	at org.apache.ratis.grpc.GrpcUtil.unwrapException(GrpcUtil.java:75)
	at org.apache.ratis.grpc.client.GrpcClientProtocolClient.blockingCall(GrpcClientProtocolClient.java:178)
	at org.apache.ratis.grpc.client.GrpcClientProtocolClient.groupAdd(GrpcClientProtocolClient.java:147)
	at org.apache.ratis.grpc.client.GrpcClientRpc.sendRequest(GrpcClientRpc.java:94)
	at org.apache.ratis.client.impl.RaftClientImpl.sendRequest(RaftClientImpl.java:278)
	at org.apache.ratis.client.impl.RaftClientImpl.groupAdd(RaftClientImpl.java:205)
	at org.apache.hadoop.hdds.scm.pipeline.RatisPipelineProvider.lambda$initializePipeline$4(RatisPipelineProvider.java:196)
	at org.apache.hadoop.hdds.scm.pipeline.RatisPipelineProvider.lambda$null$5(RatisPipelineProvider.java:231)
	at java.util.stream.ForEachOps$ForEachOp$OfRef.accept(ForEachOps.java:184)
	at java.util.ArrayList$ArrayListSpliterator.forEachRemaining(ArrayList.java:1382)
	at java.util.stream.AbstractPipeline.copyInto(AbstractPipeline.java:482)
	at java.util.stream.ForEachOps$ForEachTask.compute(ForEachOps.java:291)
	at java.util.concurrent.CountedCompleter.exec(CountedCompleter.java:731)
	at java.util.concurrent.ForkJoinTask.doExec(ForkJoinTask.java:289)
	at java.util.concurrent.ForkJoinTask.doInvoke(ForkJoinTask.java:401)
	at java.util.concurrent.ForkJoinTask.invoke(ForkJoinTask.java:734)
	at java.util.stream.ForEachOps$ForEachOp.evaluateParallel(ForEachOps.java:160)
	at java.util.stream.ForEachOps$ForEachOp$OfRef.evaluateParallel(ForEachOps.java:174)
	at java.util.stream.AbstractPipeline.evaluate(AbstractPipeline.java:233)
	at java.util.stream.ReferencePipeline.forEach(ReferencePipeline.java:418)
	at java.util.stream.ReferencePipeline$Head.forEach(ReferencePipeline.java:583)
	at org.apache.hadoop.hdds.scm.pipeline.RatisPipelineProvider.lambda$callRatisRpc$6(RatisPipelineProvider.java:225)
	at java.util.concurrent.ForkJoinTask$AdaptedRunnableAction.exec(ForkJoinTask.java:1386)
	at java.util.concurrent.ForkJoinTask.doExec(ForkJoinTask.java:289)
	at java.util.concurrent.ForkJoinPool$WorkQueue.runTask(ForkJoinPool.java:1056)
	at java.util.concurrent.ForkJoinPool.runWorker(ForkJoinPool.java:1692)
	at java.util.concurrent.ForkJoinWorkerThread.run(ForkJoinWorkerThread.java:157)
Caused by: org.apache.ratis.thirdparty.io.grpc.StatusRuntimeException: DEADLINE_EXCEEDED: deadline exceeded after 2999758929ns
	at org.apache.ratis.thirdparty.io.grpc.stub.ClientCalls.toStatusRuntimeException(ClientCalls.java:233)
	at org.apache.ratis.thirdparty.io.grpc.stub.ClientCalls.getUnchecked(ClientCalls.java:214)
	at org.apache.ratis.thirdparty.io.grpc.stub.ClientCalls.blockingUnaryCall(ClientCalls.java:139)
	at org.apache.ratis.proto.grpc.AdminProtocolServiceGrpc$AdminProtocolServiceBlockingStub.groupManagement(AdminProtocolServiceGrpc.java:274)
	at org.apache.ratis.grpc.client.GrpcClientProtocolClient.lambda$groupAdd$3(GrpcClientProtocolClient.java:149)
	at org.apache.ratis.grpc.client.GrpcClientProtocolClient.blockingCall(GrpcClientProtocolClient.java:176)
	... 25 more
2019-09-25 05:09:31,832 [grpc-default-executor-6] INFO  impl.RaftServerProxy (RaftServerProxy.java:addNew(89)) - 98d9416b-4ae1-40d6-9d81-df896f9b6805: addNew group-069827C6192F:[e10abbe3-d0b8-4598-8013-6f06829414a9:192.168.36.126:39763, 98d9416b-4ae1-40d6-9d81-df896f9b6805:192.168.36.126:44989, 0a97ad5b-6bb8-469e-a909-c16428473531:192.168.36.126:44804] returns group-069827C6192F:java.util.concurrent.CompletableFuture@116162b1[Not completed]
2019-09-25 05:09:31,833 [grpc-default-executor-11] INFO  impl.RaftServerProxy (RaftServerProxy.java:addNew(89)) - e10abbe3-d0b8-4598-8013-6f06829414a9: addNew group-069827C6192F:[e10abbe3-d0b8-4598-8013-6f06829414a9:192.168.36.126:39763, 98d9416b-4ae1-40d6-9d81-df896f9b6805:192.168.36.126:44989, 0a97ad5b-6bb8-469e-a909-c16428473531:192.168.36.126:44804] returns group-069827C6192F:java.util.concurrent.CompletableFuture@16ed0b9d[Not completed]
2019-09-25 05:09:31,833 [grpc-default-executor-7] INFO  impl.RaftServerProxy (RaftServerProxy.java:addNew(89)) - 0a97ad5b-6bb8-469e-a909-c16428473531: addNew group-069827C6192F:[e10abbe3-d0b8-4598-8013-6f06829414a9:192.168.36.126:39763, 98d9416b-4ae1-40d6-9d81-df896f9b6805:192.168.36.126:44989, 0a97ad5b-6bb8-469e-a909-c16428473531:192.168.36.126:44804] returns group-069827C6192F:java.util.concurrent.CompletableFuture@7a4ff52d[Not completed]
2019-09-25 05:09:31,835 [pool-335-thread-1] INFO  impl.RaftServerImpl (RaftServerImpl.java:<init>(95)) - e10abbe3-d0b8-4598-8013-6f06829414a9: new RaftServerImpl for group-069827C6192F:[e10abbe3-d0b8-4598-8013-6f06829414a9:192.168.36.126:39763, 98d9416b-4ae1-40d6-9d81-df896f9b6805:192.168.36.126:44989, 0a97ad5b-6bb8-469e-a909-c16428473531:192.168.36.126:44804] with ContainerStateMachine:uninitialized
2019-09-25 05:09:31,835 [pool-335-thread-1] INFO  server.RaftServerConfigKeys (ConfUtils.java:logGet(43)) - raft.server.rpc.timeout.min = 5s (custom)
2019-09-25 05:09:31,835 [pool-335-thread-1] INFO  server.RaftServerConfigKeys (ConfUtils.java:logGet(43)) - raft.server.rpc.timeout.max = 5200ms (custom)
2019-09-25 05:09:31,835 [pool-335-thread-1] INFO  server.RaftServerConfigKeys (ConfUtils.java:logGet(43)) - raft.server.rpcslowness.timeout = 120s (custom)
2019-09-25 05:09:31,835 [pool-335-thread-1] INFO  server.RaftServerConfigKeys (ConfUtils.java:logGet(43)) - raft.server.sleep.deviation.threshold = 300 (default)
2019-09-25 05:09:31,835 [pool-335-thread-1] INFO  server.RaftServerConfigKeys (ConfUtils.java:logGet(43)) - raft.server.log.appender.install.snapshot.enabled = false (custom)
2019-09-25 05:09:31,835 [pool-325-thread-1] INFO  impl.RaftServerImpl (RaftServerImpl.java:<init>(95)) - 0a97ad5b-6bb8-469e-a909-c16428473531: new RaftServerImpl for group-069827C6192F:[e10abbe3-d0b8-4598-8013-6f06829414a9:192.168.36.126:39763, 98d9416b-4ae1-40d6-9d81-df896f9b6805:192.168.36.126:44989, 0a97ad5b-6bb8-469e-a909-c16428473531:192.168.36.126:44804] with ContainerStateMachine:uninitialized
2019-09-25 05:09:31,836 [pool-335-thread-1] INFO  impl.RaftServerImpl (ServerState.java:<init>(103)) - e10abbe3-d0b8-4598-8013-6f06829414a9@group-069827C6192F: ConfigurationManager, init=-1: [e10abbe3-d0b8-4598-8013-6f06829414a9:192.168.36.126:39763, 98d9416b-4ae1-40d6-9d81-df896f9b6805:192.168.36.126:44989, 0a97ad5b-6bb8-469e-a909-c16428473531:192.168.36.126:44804], old=null, confs=<EMPTY_MAP>
2019-09-25 05:09:31,836 [pool-325-thread-1] INFO  server.RaftServerConfigKeys (ConfUtils.java:logGet(43)) - raft.server.rpc.timeout.min = 5s (custom)
2019-09-25 05:09:31,836 [pool-335-thread-1] INFO  server.RaftServerConfigKeys (ConfUtils.java:logGet(43)) - raft.server.storage.dir = [/workdir/hadoop-ozone/integration-test/target/test-dir/MiniOzoneClusterImpl-1b42c1df-ac13-43c6-a371-b3b854adf906/datanode-4/data/ratis] (custom)
2019-09-25 05:09:31,836 [pool-325-thread-1] INFO  server.RaftServerConfigKeys (ConfUtils.java:logGet(43)) - raft.server.rpc.timeout.max = 5200ms (custom)
2019-09-25 05:09:31,836 [pool-325-thread-1] INFO  server.RaftServerConfigKeys (ConfUtils.java:logGet(43)) - raft.server.rpcslowness.timeout = 120s (custom)
2019-09-25 05:09:31,837 [pool-325-thread-1] INFO  server.RaftServerConfigKeys (ConfUtils.java:logGet(43)) - raft.server.sleep.deviation.threshold = 300 (default)
2019-09-25 05:09:31,837 [pool-335-thread-1] INFO  storage.RaftStorageDirectory (RaftStorageDirectory.java:analyzeStorage(246)) - The storage directory /workdir/hadoop-ozone/integration-test/target/test-dir/MiniOzoneClusterImpl-1b42c1df-ac13-43c6-a371-b3b854adf906/datanode-4/data/ratis/99d2c151-8fea-4285-a024-069827c6192f does not exist. Creating ...
2019-09-25 05:09:31,837 [pool-325-thread-1] INFO  server.RaftServerConfigKeys (ConfUtils.java:logGet(43)) - raft.server.log.appender.install.snapshot.enabled = false (custom)
2019-09-25 05:09:31,837 [pool-325-thread-1] INFO  impl.RaftServerImpl (ServerState.java:<init>(103)) - 0a97ad5b-6bb8-469e-a909-c16428473531@group-069827C6192F: ConfigurationManager, init=-1: [e10abbe3-d0b8-4598-8013-6f06829414a9:192.168.36.126:39763, 98d9416b-4ae1-40d6-9d81-df896f9b6805:192.168.36.126:44989, 0a97ad5b-6bb8-469e-a909-c16428473531:192.168.36.126:44804], old=null, confs=<EMPTY_MAP>
2019-09-25 05:09:31,837 [pool-325-thread-1] INFO  server.RaftServerConfigKeys (ConfUtils.java:logGet(43)) - raft.server.storage.dir = [/workdir/hadoop-ozone/integration-test/target/test-dir/MiniOzoneClusterImpl-1b42c1df-ac13-43c6-a371-b3b854adf906/datanode-3/data/ratis] (custom)
2019-09-25 05:09:31,838 [pool-325-thread-1] INFO  storage.RaftStorageDirectory (RaftStorageDirectory.java:analyzeStorage(246)) - The storage directory /workdir/hadoop-ozone/integration-test/target/test-dir/MiniOzoneClusterImpl-1b42c1df-ac13-43c6-a371-b3b854adf906/datanode-3/data/ratis/99d2c151-8fea-4285-a024-069827c6192f does not exist. Creating ...
2019-09-25 05:09:33,607 [Thread-2571] INFO  impl.FollowerState (FollowerState.java:run(106)) - 158ad28b-aa8e-4172-b96b-cbb323932650:group-8F81A5CD80FE changes to CANDIDATE, lastRpcTime:5036, electionTimeout:5036ms
2019-09-25 05:09:33,607 [Thread-2571] INFO  impl.RoleInfo (RoleInfo.java:shutdownFollowerState(121)) - 158ad28b-aa8e-4172-b96b-cbb323932650: shutdown FollowerState
2019-09-25 05:09:33,607 [Thread-2571] INFO  impl.RaftServerImpl (RaftServerImpl.java:setRole(174)) - 158ad28b-aa8e-4172-b96b-cbb323932650@group-8F81A5CD80FE: changes role from  FOLLOWER to CANDIDATE at term 19 for changeToCandidate
2019-09-25 05:09:33,607 [Thread-2571] INFO  impl.RoleInfo (RoleInfo.java:updateAndGet(143)) - 158ad28b-aa8e-4172-b96b-cbb323932650: start LeaderElection
2019-09-25 05:09:33,661 [Thread-2569] INFO  impl.FollowerState (FollowerState.java:run(106)) - 59abef46-29ea-4eff-a512-e596f80f6db1:group-8F81A5CD80FE changes to CANDIDATE, lastRpcTime:5094, electionTimeout:5092ms
2019-09-25 05:09:33,662 [Thread-2569] INFO  impl.RoleInfo (RoleInfo.java:shutdownFollowerState(121)) - 59abef46-29ea-4eff-a512-e596f80f6db1: shutdown FollowerState
2019-09-25 05:09:33,662 [Thread-2569] INFO  impl.RaftServerImpl (RaftServerImpl.java:setRole(174)) - 59abef46-29ea-4eff-a512-e596f80f6db1@group-8F81A5CD80FE: changes role from  FOLLOWER to CANDIDATE at term 19 for changeToCandidate
2019-09-25 05:09:33,662 [Thread-2569] ERROR ratis.XceiverServerRatis (XceiverServerRatis.java:triggerPipelineClose(575)) - pipeline Action CLOSE  on pipeline PipelineID=99fb0877-89b1-4c45-8334-8f81a5cd80fe.Reason : 59abef46-29ea-4eff-a512-e596f80f6db1 is in candidate state for 135956ms
2019-09-25 05:09:33,662 [Thread-2569] INFO  impl.RoleInfo (RoleInfo.java:updateAndGet(143)) - 59abef46-29ea-4eff-a512-e596f80f6db1: start LeaderElection
2019-09-25 05:09:33,699 [Thread-2570] INFO  impl.FollowerState (FollowerState.java:run(106)) - bc163c1a-f845-4c36-9592-f8e34b91970d:group-8F81A5CD80FE changes to CANDIDATE, lastRpcTime:5129, electionTimeout:5129ms
2019-09-25 05:09:33,699 [Thread-2570] INFO  impl.RoleInfo (RoleInfo.java:shutdownFollowerState(121)) - bc163c1a-f845-4c36-9592-f8e34b91970d: shutdown FollowerState
2019-09-25 05:09:33,700 [Thread-2570] INFO  impl.RaftServerImpl (RaftServerImpl.java:setRole(174)) - bc163c1a-f845-4c36-9592-f8e34b91970d@group-8F81A5CD80FE: changes role from  FOLLOWER to CANDIDATE at term 19 for changeToCandidate
2019-09-25 05:09:33,700 [Thread-2570] ERROR ratis.XceiverServerRatis (XceiverServerRatis.java:triggerPipelineClose(575)) - pipeline Action CLOSE  on pipeline PipelineID=99fb0877-89b1-4c45-8334-8f81a5cd80fe.Reason : bc163c1a-f845-4c36-9592-f8e34b91970d is in candidate state for 135993ms
2019-09-25 05:09:33,700 [Thread-2570] INFO  impl.RoleInfo (RoleInfo.java:updateAndGet(143)) - bc163c1a-f845-4c36-9592-f8e34b91970d: start LeaderElection
2019-09-25 05:09:33,934 [pool-335-thread-1] INFO  storage.RaftStorageDirectory (RaftStorageDirectory.java:tryLock(328)) - Lock on /workdir/hadoop-ozone/integration-test/target/test-dir/MiniOzoneClusterImpl-1b42c1df-ac13-43c6-a371-b3b854adf906/datanode-4/data/ratis/99d2c151-8fea-4285-a024-069827c6192f/in_use.lock acquired by nodename 31467@pr-hdds-2174-pqx5g-486351168
2019-09-25 05:09:33,934 [pool-345-thread-1] INFO  storage.RaftStorageDirectory (RaftStorageDirectory.java:tryLock(328)) - Lock on /workdir/hadoop-ozone/integration-test/target/test-dir/MiniOzoneClusterImpl-1b42c1df-ac13-43c6-a371-b3b854adf906/datanode-5/data/ratis/2cf80c8c-c883-455e-8bc5-339e5afa55ae/in_use.lock acquired by nodename 31467@pr-hdds-2174-pqx5g-486351168
2019-09-25 05:09:33,934 [pool-325-thread-1] INFO  storage.RaftStorageDirectory (RaftStorageDirectory.java:tryLock(328)) - Lock on /workdir/hadoop-ozone/integration-test/target/test-dir/MiniOzoneClusterImpl-1b42c1df-ac13-43c6-a371-b3b854adf906/datanode-3/data/ratis/99d2c151-8fea-4285-a024-069827c6192f/in_use.lock acquired by nodename 31467@pr-hdds-2174-pqx5g-486351168
2019-09-25 05:09:33,935 [bc163c1a-f845-4c36-9592-f8e34b91970d@group-8F81A5CD80FE:LeaderElection170] INFO  impl.LeaderElection (LeaderElection.java:askForVotes(182)) - bc163c1a-f845-4c36-9592-f8e34b91970d@group-8F81A5CD80FE:LeaderElection170: begin an election at term 20 for -1: [bc163c1a-f845-4c36-9592-f8e34b91970d:192.168.36.126:38248, 158ad28b-aa8e-4172-b96b-cbb323932650:192.168.36.126:34188, 59abef46-29ea-4eff-a512-e596f80f6db1:192.168.36.126:38401], old=null
2019-09-25 05:09:33,935 [158ad28b-aa8e-4172-b96b-cbb323932650@group-8F81A5CD80FE:LeaderElection168] INFO  impl.LeaderElection (LeaderElection.java:askForVotes(182)) - 158ad28b-aa8e-4172-b96b-cbb323932650@group-8F81A5CD80FE:LeaderElection168: begin an election at term 20 for 0: [bc163c1a-f845-4c36-9592-f8e34b91970d:192.168.36.126:38248, 158ad28b-aa8e-4172-b96b-cbb323932650:192.168.36.126:34188, 59abef46-29ea-4eff-a512-e596f80f6db1:192.168.36.126:38401], old=null
2019-09-25 05:09:33,935 [59abef46-29ea-4eff-a512-e596f80f6db1@group-8F81A5CD80FE:LeaderElection169] INFO  impl.LeaderElection (LeaderElection.java:askForVotes(182)) - 59abef46-29ea-4eff-a512-e596f80f6db1@group-8F81A5CD80FE:LeaderElection169: begin an election at term 20 for -1: [bc163c1a-f845-4c36-9592-f8e34b91970d:192.168.36.126:38248, 158ad28b-aa8e-4172-b96b-cbb323932650:192.168.36.126:34188, 59abef46-29ea-4eff-a512-e596f80f6db1:192.168.36.126:38401], old=null
2019-09-25 05:09:33,940 [bc163c1a-f845-4c36-9592-f8e34b91970d@group-8F81A5CD80FE:LeaderElection170] INFO  impl.LeaderElection (LeaderElection.java:logAndReturn(56)) - bc163c1a-f845-4c36-9592-f8e34b91970d@group-8F81A5CD80FE:LeaderElection170: Election REJECTED; received 2 response(s) [bc163c1a-f845-4c36-9592-f8e34b91970d<-158ad28b-aa8e-4172-b96b-cbb323932650#0:FAIL-t20, bc163c1a-f845-4c36-9592-f8e34b91970d<-59abef46-29ea-4eff-a512-e596f80f6db1#0:FAIL-t20] and 0 exception(s); bc163c1a-f845-4c36-9592-f8e34b91970d@group-8F81A5CD80FE:t20, leader=null, voted=bc163c1a-f845-4c36-9592-f8e34b91970d, raftlog=bc163c1a-f845-4c36-9592-f8e34b91970d@group-8F81A5CD80FE-SegmentedRaftLog:OPENED:c-1,f-1,i0, conf=-1: [bc163c1a-f845-4c36-9592-f8e34b91970d:192.168.36.126:38248, 158ad28b-aa8e-4172-b96b-cbb323932650:192.168.36.126:34188, 59abef46-29ea-4eff-a512-e596f80f6db1:192.168.36.126:38401], old=null
2019-09-25 05:09:33,941 [bc163c1a-f845-4c36-9592-f8e34b91970d@group-8F81A5CD80FE:LeaderElection170] INFO  impl.RaftServerImpl (RaftServerImpl.java:setRole(174)) - bc163c1a-f845-4c36-9592-f8e34b91970d@group-8F81A5CD80FE: changes role from CANDIDATE to FOLLOWER at term 20 for DISCOVERED_A_NEW_TERM
2019-09-25 05:09:33,942 [bc163c1a-f845-4c36-9592-f8e34b91970d@group-8F81A5CD80FE:LeaderElection170] INFO  impl.RoleInfo (RoleInfo.java:shutdownLeaderElection(134)) - bc163c1a-f845-4c36-9592-f8e34b91970d: shutdown LeaderElection
2019-09-25 05:09:33,942 [59abef46-29ea-4eff-a512-e596f80f6db1@group-8F81A5CD80FE:LeaderElection169] INFO  impl.LeaderElection (LeaderElection.java:logAndReturn(56)) - 59abef46-29ea-4eff-a512-e596f80f6db1@group-8F81A5CD80FE:LeaderElection169: Election REJECTED; received 2 response(s) [59abef46-29ea-4eff-a512-e596f80f6db1<-bc163c1a-f845-4c36-9592-f8e34b91970d#0:FAIL-t20, 59abef46-29ea-4eff-a512-e596f80f6db1<-158ad28b-aa8e-4172-b96b-cbb323932650#0:FAIL-t20] and 0 exception(s); 59abef46-29ea-4eff-a512-e596f80f6db1@group-8F81A5CD80FE:t20, leader=null, voted=59abef46-29ea-4eff-a512-e596f80f6db1, raftlog=59abef46-29ea-4eff-a512-e596f80f6db1@group-8F81A5CD80FE-SegmentedRaftLog:OPENED:c-1,f-1,i0, conf=-1: [bc163c1a-f845-4c36-9592-f8e34b91970d:192.168.36.126:38248, 158ad28b-aa8e-4172-b96b-cbb323932650:192.168.36.126:34188, 59abef46-29ea-4eff-a512-e596f80f6db1:192.168.36.126:38401], old=null
2019-09-25 05:09:33,942 [bc163c1a-f845-4c36-9592-f8e34b91970d@group-8F81A5CD80FE:LeaderElection170] INFO  impl.RoleInfo (RoleInfo.java:updateAndGet(143)) - bc163c1a-f845-4c36-9592-f8e34b91970d: start FollowerState
2019-09-25 05:09:33,943 [59abef46-29ea-4eff-a512-e596f80f6db1@group-8F81A5CD80FE:LeaderElection169] INFO  impl.RaftServerImpl (RaftServerImpl.java:setRole(174)) - 59abef46-29ea-4eff-a512-e596f80f6db1@group-8F81A5CD80FE: changes role from CANDIDATE to FOLLOWER at term 20 for DISCOVERED_A_NEW_TERM
2019-09-25 05:09:33,943 [59abef46-29ea-4eff-a512-e596f80f6db1@group-8F81A5CD80FE:LeaderElection169] INFO  impl.RoleInfo (RoleInfo.java:shutdownLeaderElection(134)) - 59abef46-29ea-4eff-a512-e596f80f6db1: shutdown LeaderElection
2019-09-25 05:09:33,943 [158ad28b-aa8e-4172-b96b-cbb323932650@group-8F81A5CD80FE:LeaderElection168] INFO  impl.LeaderElection (LeaderElection.java:logAndReturn(56)) - 158ad28b-aa8e-4172-b96b-cbb323932650@group-8F81A5CD80FE:LeaderElection168: Election REJECTED; received 2 response(s) [158ad28b-aa8e-4172-b96b-cbb323932650<-bc163c1a-f845-4c36-9592-f8e34b91970d#0:FAIL-t20, 158ad28b-aa8e-4172-b96b-cbb323932650<-59abef46-29ea-4eff-a512-e596f80f6db1#0:FAIL-t20] and 0 exception(s); 158ad28b-aa8e-4172-b96b-cbb323932650@group-8F81A5CD80FE:t20, leader=null, voted=158ad28b-aa8e-4172-b96b-cbb323932650, raftlog=158ad28b-aa8e-4172-b96b-cbb323932650@group-8F81A5CD80FE-SegmentedRaftLog:OPENED:c-1,f0,i0, conf=0: [bc163c1a-f845-4c36-9592-f8e34b91970d:192.168.36.126:38248, 158ad28b-aa8e-4172-b96b-cbb323932650:192.168.36.126:34188, 59abef46-29ea-4eff-a512-e596f80f6db1:192.168.36.126:38401], old=null
2019-09-25 05:09:33,943 [59abef46-29ea-4eff-a512-e596f80f6db1@group-8F81A5CD80FE:LeaderElection169] INFO  impl.RoleInfo (RoleInfo.java:updateAndGet(143)) - 59abef46-29ea-4eff-a512-e596f80f6db1: start FollowerState
2019-09-25 05:09:33,943 [158ad28b-aa8e-4172-b96b-cbb323932650@group-8F81A5CD80FE:LeaderElection168] INFO  impl.RaftServerImpl (RaftServerImpl.java:setRole(174)) - 158ad28b-aa8e-4172-b96b-cbb323932650@group-8F81A5CD80FE: changes role from CANDIDATE to FOLLOWER at term 20 for DISCOVERED_A_NEW_TERM
2019-09-25 05:09:33,944 [158ad28b-aa8e-4172-b96b-cbb323932650@group-8F81A5CD80FE:LeaderElection168] INFO  impl.RoleInfo (RoleInfo.java:shutdownLeaderElection(134)) - 158ad28b-aa8e-4172-b96b-cbb323932650: shutdown LeaderElection
2019-09-25 05:09:33,944 [158ad28b-aa8e-4172-b96b-cbb323932650@group-8F81A5CD80FE:LeaderElection168] INFO  impl.RoleInfo (RoleInfo.java:updateAndGet(143)) - 158ad28b-aa8e-4172-b96b-cbb323932650: start FollowerState
2019-09-25 05:09:34,196 [Thread-2005] INFO  impl.FollowerState (FollowerState.java:run(106)) - 95dec85b-23b9-41b7-9d30-1b2eb1816676:group-62501194BD52 changes to CANDIDATE, lastRpcTime:7952, electionTimeout:5020ms
2019-09-25 05:09:34,196 [Thread-2005] INFO  impl.RoleInfo (RoleInfo.java:shutdownFollowerState(121)) - 95dec85b-23b9-41b7-9d30-1b2eb1816676: shutdown FollowerState
2019-09-25 05:09:34,196 [Thread-2005] INFO  impl.RaftServerImpl (RaftServerImpl.java:setRole(174)) - 95dec85b-23b9-41b7-9d30-1b2eb1816676@group-62501194BD52: changes role from  FOLLOWER to CANDIDATE at term 2 for changeToCandidate
2019-09-25 05:09:34,196 [Thread-2005] INFO  impl.RoleInfo (RoleInfo.java:updateAndGet(143)) - 95dec85b-23b9-41b7-9d30-1b2eb1816676: start LeaderElection
2019-09-25 05:09:34,197 [95dec85b-23b9-41b7-9d30-1b2eb1816676@group-62501194BD52:LeaderElection171] INFO  impl.RaftServerImpl (ServerState.java:setLeader(253)) - 95dec85b-23b9-41b7-9d30-1b2eb1816676@group-62501194BD52: change Leader from 1e4f299d-27e6-442d-9871-12ab226dd7a8 to null at term 2 for initElection
2019-09-25 05:09:34,235 [java.util.concurrent.ThreadPoolExecutor$Worker@6af36432[State = -1, empty queue]] WARN  server.GrpcLogAppender (GrpcLogAppender.java:timeoutAppendRequest(200)) - 95dec85b-23b9-41b7-9d30-1b2eb1816676@group-E97B045DFE39->0c186508-9ecb-45e3-9dfe-464b7fe9f193-GrpcLogAppender: appendEntries Timeout, request=95dec85b-23b9-41b7-9d30-1b2eb1816676->0c186508-9ecb-45e3-9dfe-464b7fe9f193#28-t3, previous=(t:3, i:0), leaderCommit=0, initializing? false, entries: <empty>
2019-09-25 05:09:34,238 [Thread-2001] INFO  impl.FollowerState (FollowerState.java:run(106)) - 95dec85b-23b9-41b7-9d30-1b2eb1816676:group-3D9C9E831C33 changes to CANDIDATE, lastRpcTime:7997, electionTimeout:5197ms
2019-09-25 05:09:34,239 [Thread-2001] INFO  impl.RoleInfo (RoleInfo.java:shutdownFollowerState(121)) - 95dec85b-23b9-41b7-9d30-1b2eb1816676: shutdown FollowerState
2019-09-25 05:09:34,239 [Thread-2001] INFO  impl.RaftServerImpl (RaftServerImpl.java:setRole(174)) - 95dec85b-23b9-41b7-9d30-1b2eb1816676@group-3D9C9E831C33: changes role from  FOLLOWER to CANDIDATE at term 2 for changeToCandidate
2019-09-25 05:09:34,239 [Thread-2001] INFO  impl.RoleInfo (RoleInfo.java:updateAndGet(143)) - 95dec85b-23b9-41b7-9d30-1b2eb1816676: start LeaderElection
2019-09-25 05:09:34,239 [95dec85b-23b9-41b7-9d30-1b2eb1816676@group-3D9C9E831C33:LeaderElection172] INFO  impl.RaftServerImpl (ServerState.java:setLeader(253)) - 95dec85b-23b9-41b7-9d30-1b2eb1816676@group-3D9C9E831C33: change Leader from 1e4f299d-27e6-442d-9871-12ab226dd7a8 to null at term 2 for initElection
2019-09-25 05:09:34,252 [java.util.concurrent.ThreadPoolExecutor$Worker@7368130f[State = -1, empty queue]] WARN  server.GrpcLogAppender (GrpcLogAppender.java:timeoutAppendRequest(200)) - 95dec85b-23b9-41b7-9d30-1b2eb1816676@group-E97B045DFE39->1e4f299d-27e6-442d-9871-12ab226dd7a8-GrpcLogAppender: appendEntries Timeout, request=95dec85b-23b9-41b7-9d30-1b2eb1816676->1e4f299d-27e6-442d-9871-12ab226dd7a8#28-t3, previous=(t:3, i:0), leaderCommit=0, initializing? false, entries: <empty>
2019-09-25 05:09:34,326 [EventQueue-PipelineActionsForPipelineActionHandler] ERROR pipeline.PipelineActionHandler (PipelineActionHandler.java:onMessage(60)) - Received pipeline action CLOSE for Pipeline[ Id: 99fb0877-89b1-4c45-8334-8f81a5cd80fe, Nodes: 59abef46-29ea-4eff-a512-e596f80f6db1{ip: 192.168.36.126, host: pr-hdds-2174-pqx5g-486351168, networkLocation: /default-rack, certSerialId: null}bc163c1a-f845-4c36-9592-f8e34b91970d{ip: 192.168.36.126, host: pr-hdds-2174-pqx5g-486351168, networkLocation: /default-rack, certSerialId: null}158ad28b-aa8e-4172-b96b-cbb323932650{ip: 192.168.36.126, host: pr-hdds-2174-pqx5g-486351168, networkLocation: /default-rack, certSerialId: null}, Type:RATIS, Factor:THREE, State:CLOSED] from datanode 59abef46-29ea-4eff-a512-e596f80f6db1{ip: 192.168.36.126, host: pr-hdds-2174-pqx5g-486351168, networkLocation: /default-rack, certSerialId: null}. Reason : 59abef46-29ea-4eff-a512-e596f80f6db1 is in candidate state for 135956ms
2019-09-25 05:09:34,327 [EventQueue-PipelineActionsForPipelineActionHandler] INFO  pipeline.SCMPipelineManager (SCMPipelineManager.java:finalizeAndDestroyPipeline(315)) - destroying pipeline:Pipeline[ Id: 99fb0877-89b1-4c45-8334-8f81a5cd80fe, Nodes: 59abef46-29ea-4eff-a512-e596f80f6db1{ip: 192.168.36.126, host: pr-hdds-2174-pqx5g-486351168, networkLocation: /default-rack, certSerialId: null}bc163c1a-f845-4c36-9592-f8e34b91970d{ip: 192.168.36.126, host: pr-hdds-2174-pqx5g-486351168, networkLocation: /default-rack, certSerialId: null}158ad28b-aa8e-4172-b96b-cbb323932650{ip: 192.168.36.126, host: pr-hdds-2174-pqx5g-486351168, networkLocation: /default-rack, certSerialId: null}, Type:RATIS, Factor:THREE, State:CLOSED]
2019-09-25 05:09:34,594 [EventQueue-PipelineActionsForPipelineActionHandler] ERROR pipeline.PipelineActionHandler (PipelineActionHandler.java:onMessage(60)) - Received pipeline action CLOSE for Pipeline[ Id: 99fb0877-89b1-4c45-8334-8f81a5cd80fe, Nodes: 59abef46-29ea-4eff-a512-e596f80f6db1{ip: 192.168.36.126, host: pr-hdds-2174-pqx5g-486351168, networkLocation: /default-rack, certSerialId: null}bc163c1a-f845-4c36-9592-f8e34b91970d{ip: 192.168.36.126, host: pr-hdds-2174-pqx5g-486351168, networkLocation: /default-rack, certSerialId: null}158ad28b-aa8e-4172-b96b-cbb323932650{ip: 192.168.36.126, host: pr-hdds-2174-pqx5g-486351168, networkLocation: /default-rack, certSerialId: null}, Type:RATIS, Factor:THREE, State:CLOSED] from datanode bc163c1a-f845-4c36-9592-f8e34b91970d{ip: 192.168.36.126, host: pr-hdds-2174-pqx5g-486351168, networkLocation: /default-rack, certSerialId: null}. Reason : bc163c1a-f845-4c36-9592-f8e34b91970d is in candidate state for 135993ms
2019-09-25 05:09:34,594 [EventQueue-PipelineActionsForPipelineActionHandler] INFO  pipeline.SCMPipelineManager (SCMPipelineManager.java:finalizeAndDestroyPipeline(315)) - destroying pipeline:Pipeline[ Id: 99fb0877-89b1-4c45-8334-8f81a5cd80fe, Nodes: 59abef46-29ea-4eff-a512-e596f80f6db1{ip: 192.168.36.126, host: pr-hdds-2174-pqx5g-486351168, networkLocation: /default-rack, certSerialId: null}bc163c1a-f845-4c36-9592-f8e34b91970d{ip: 192.168.36.126, host: pr-hdds-2174-pqx5g-486351168, networkLocation: /default-rack, certSerialId: null}158ad28b-aa8e-4172-b96b-cbb323932650{ip: 192.168.36.126, host: pr-hdds-2174-pqx5g-486351168, networkLocation: /default-rack, certSerialId: null}, Type:RATIS, Factor:THREE, State:CLOSED]
2019-09-25 05:09:34,817 [RATISCREATEPIPELINE1] ERROR pipeline.RatisPipelineProvider (RatisPipelineProvider.java:lambda$null$5(235)) - Failed invoke Ratis rpc org.apache.hadoop.hdds.scm.pipeline.RatisPipelineProvider$$Lambda$217/423391421@1164e538 for e10abbe3-d0b8-4598-8013-6f06829414a9
org.apache.ratis.protocol.TimeoutIOException: deadline exceeded after 2999776264ns
	at org.apache.ratis.grpc.GrpcUtil.tryUnwrapException(GrpcUtil.java:82)
	at org.apache.ratis.grpc.GrpcUtil.unwrapException(GrpcUtil.java:75)
	at org.apache.ratis.grpc.client.GrpcClientProtocolClient.blockingCall(GrpcClientProtocolClient.java:178)
	at org.apache.ratis.grpc.client.GrpcClientProtocolClient.groupAdd(GrpcClientProtocolClient.java:147)
	at org.apache.ratis.grpc.client.GrpcClientRpc.sendRequest(GrpcClientRpc.java:94)
	at org.apache.ratis.client.impl.RaftClientImpl.sendRequest(RaftClientImpl.java:278)
	at org.apache.ratis.client.impl.RaftClientImpl.groupAdd(RaftClientImpl.java:205)
	at org.apache.hadoop.hdds.scm.pipeline.RatisPipelineProvider.lambda$initializePipeline$4(RatisPipelineProvider.java:196)
	at org.apache.hadoop.hdds.scm.pipeline.RatisPipelineProvider.lambda$null$5(RatisPipelineProvider.java:231)
	at java.util.stream.ForEachOps$ForEachOp$OfRef.accept(ForEachOps.java:184)
	at java.util.ArrayList$ArrayListSpliterator.forEachRemaining(ArrayList.java:1382)
	at java.util.stream.AbstractPipeline.copyInto(AbstractPipeline.java:482)
	at java.util.stream.ForEachOps$ForEachTask.compute(ForEachOps.java:291)
	at java.util.concurrent.CountedCompleter.exec(CountedCompleter.java:731)
	at java.util.concurrent.ForkJoinTask.doExec(ForkJoinTask.java:289)
	at java.util.concurrent.ForkJoinTask.doInvoke(ForkJoinTask.java:401)
	at java.util.concurrent.ForkJoinTask.invoke(ForkJoinTask.java:734)
	at java.util.stream.ForEachOps$ForEachOp.evaluateParallel(ForEachOps.java:160)
	at java.util.stream.ForEachOps$ForEachOp$OfRef.evaluateParallel(ForEachOps.java:174)
	at java.util.stream.AbstractPipeline.evaluate(AbstractPipeline.java:233)
	at java.util.stream.ReferencePipeline.forEach(ReferencePipeline.java:418)
	at java.util.stream.ReferencePipeline$Head.forEach(ReferencePipeline.java:583)
	at org.apache.hadoop.hdds.scm.pipeline.RatisPipelineProvider.lambda$callRatisRpc$6(RatisPipelineProvider.java:225)
	at java.util.concurrent.ForkJoinTask$AdaptedRunnableAction.exec(ForkJoinTask.java:1386)
	at java.util.concurrent.ForkJoinTask.doExec(ForkJoinTask.java:289)
	at java.util.concurrent.ForkJoinPool$WorkQueue.runTask(ForkJoinPool.java:1056)
	at java.util.concurrent.ForkJoinPool.runWorker(ForkJoinPool.java:1692)
	at java.util.concurrent.ForkJoinWorkerThread.run(ForkJoinWorkerThread.java:157)
Caused by: org.apache.ratis.thirdparty.io.grpc.StatusRuntimeException: DEADLINE_EXCEEDED: deadline exceeded after 2999776264ns
	at org.apache.ratis.thirdparty.io.grpc.stub.ClientCalls.toStatusRuntimeException(ClientCalls.java:233)
	at org.apache.ratis.thirdparty.io.grpc.stub.ClientCalls.getUnchecked(ClientCalls.java:214)
	at org.apache.ratis.thirdparty.io.grpc.stub.ClientCalls.blockingUnaryCall(ClientCalls.java:139)
	at org.apache.ratis.proto.grpc.AdminProtocolServiceGrpc$AdminProtocolServiceBlockingStub.groupManagement(AdminProtocolServiceGrpc.java:274)
	at org.apache.ratis.grpc.client.GrpcClientProtocolClient.lambda$groupAdd$3(GrpcClientProtocolClient.java:149)
	at org.apache.ratis.grpc.client.GrpcClientProtocolClient.blockingCall(GrpcClientProtocolClient.java:176)
	... 25 more
2019-09-25 05:09:34,817 [RATISCREATEPIPELINE3] ERROR pipeline.RatisPipelineProvider (RatisPipelineProvider.java:lambda$null$5(235)) - Failed invoke Ratis rpc org.apache.hadoop.hdds.scm.pipeline.RatisPipelineProvider$$Lambda$217/423391421@1164e538 for 98d9416b-4ae1-40d6-9d81-df896f9b6805
org.apache.ratis.protocol.TimeoutIOException: deadline exceeded after 2993532027ns
	at org.apache.ratis.grpc.GrpcUtil.tryUnwrapException(GrpcUtil.java:82)
	at org.apache.ratis.grpc.GrpcUtil.unwrapException(GrpcUtil.java:75)
	at org.apache.ratis.grpc.client.GrpcClientProtocolClient.blockingCall(GrpcClientProtocolClient.java:178)
	at org.apache.ratis.grpc.client.GrpcClientProtocolClient.groupAdd(GrpcClientProtocolClient.java:147)
	at org.apache.ratis.grpc.client.GrpcClientRpc.sendRequest(GrpcClientRpc.java:94)
	at org.apache.ratis.client.impl.RaftClientImpl.sendRequest(RaftClientImpl.java:278)
	at org.apache.ratis.client.impl.RaftClientImpl.groupAdd(RaftClientImpl.java:205)
	at org.apache.hadoop.hdds.scm.pipeline.RatisPipelineProvider.lambda$initializePipeline$4(RatisPipelineProvider.java:196)
	at org.apache.hadoop.hdds.scm.pipeline.RatisPipelineProvider.lambda$null$5(RatisPipelineProvider.java:231)
	at java.util.stream.ForEachOps$ForEachOp$OfRef.accept(ForEachOps.java:184)
	at java.util.ArrayList$ArrayListSpliterator.forEachRemaining(ArrayList.java:1382)
	at java.util.stream.AbstractPipeline.copyInto(AbstractPipeline.java:482)
	at java.util.stream.ForEachOps$ForEachTask.compute(ForEachOps.java:291)
	at java.util.concurrent.CountedCompleter.exec(CountedCompleter.java:731)
	at java.util.concurrent.ForkJoinTask.doExec(ForkJoinTask.java:289)
	at java.util.concurrent.ForkJoinPool$WorkQueue.runTask(ForkJoinPool.java:1056)
	at java.util.concurrent.ForkJoinPool.runWorker(ForkJoinPool.java:1692)
	at java.util.concurrent.ForkJoinWorkerThread.run(ForkJoinWorkerThread.java:157)
Caused by: org.apache.ratis.thirdparty.io.grpc.StatusRuntimeException: DEADLINE_EXCEEDED: deadline exceeded after 2993532027ns
	at org.apache.ratis.thirdparty.io.grpc.stub.ClientCalls.toStatusRuntimeException(ClientCalls.java:233)
	at org.apache.ratis.thirdparty.io.grpc.stub.ClientCalls.getUnchecked(ClientCalls.java:214)
	at org.apache.ratis.thirdparty.io.grpc.stub.ClientCalls.blockingUnaryCall(ClientCalls.java:139)
	at org.apache.ratis.proto.grpc.AdminProtocolServiceGrpc$AdminProtocolServiceBlockingStub.groupManagement(AdminProtocolServiceGrpc.java:274)
	at org.apache.ratis.grpc.client.GrpcClientProtocolClient.lambda$groupAdd$3(GrpcClientProtocolClient.java:149)
	at org.apache.ratis.grpc.client.GrpcClientProtocolClient.blockingCall(GrpcClientProtocolClient.java:176)
	... 15 more
2019-09-25 05:09:34,869 [RATISCREATEPIPELINE2] ERROR pipeline.RatisPipelineProvider (RatisPipelineProvider.java:lambda$null$5(235)) - Failed invoke Ratis rpc org.apache.hadoop.hdds.scm.pipeline.RatisPipelineProvider$$Lambda$217/423391421@1164e538 for 0a97ad5b-6bb8-469e-a909-c16428473531
org.apache.ratis.protocol.TimeoutIOException: deadline exceeded after 2999803491ns
	at org.apache.ratis.grpc.GrpcUtil.tryUnwrapException(GrpcUtil.java:82)
	at org.apache.ratis.grpc.GrpcUtil.unwrapException(GrpcUtil.java:75)
	at org.apache.ratis.grpc.client.GrpcClientProtocolClient.blockingCall(GrpcClientProtocolClient.java:178)
	at org.apache.ratis.grpc.client.GrpcClientProtocolClient.groupAdd(GrpcClientProtocolClient.java:147)
	at org.apache.ratis.grpc.client.GrpcClientRpc.sendRequest(GrpcClientRpc.java:94)
	at org.apache.ratis.client.impl.RaftClientImpl.sendRequest(RaftClientImpl.java:278)
	at org.apache.ratis.client.impl.RaftClientImpl.groupAdd(RaftClientImpl.java:205)
	at org.apache.hadoop.hdds.scm.pipeline.RatisPipelineProvider.lambda$initializePipeline$4(RatisPipelineProvider.java:196)
	at org.apache.hadoop.hdds.scm.pipeline.RatisPipelineProvider.lambda$null$5(RatisPipelineProvider.java:231)
	at java.util.stream.ForEachOps$ForEachOp$OfRef.accept(ForEachOps.java:184)
	at java.util.ArrayList$ArrayListSpliterator.forEachRemaining(ArrayList.java:1382)
	at java.util.stream.AbstractPipeline.copyInto(AbstractPipeline.java:482)
	at java.util.stream.ForEachOps$ForEachTask.compute(ForEachOps.java:291)
	at java.util.concurrent.CountedCompleter.exec(CountedCompleter.java:731)
	at java.util.concurrent.ForkJoinTask.doExec(ForkJoinTask.java:289)
	at java.util.concurrent.ForkJoinPool$WorkQueue.runTask(ForkJoinPool.java:1056)
	at java.util.concurrent.ForkJoinPool.runWorker(ForkJoinPool.java:1692)
	at java.util.concurrent.ForkJoinWorkerThread.run(ForkJoinWorkerThread.java:157)
Caused by: org.apache.ratis.thirdparty.io.grpc.StatusRuntimeException: DEADLINE_EXCEEDED: deadline exceeded after 2999803491ns
	at org.apache.ratis.thirdparty.io.grpc.stub.ClientCalls.toStatusRuntimeException(ClientCalls.java:233)
	at org.apache.ratis.thirdparty.io.grpc.stub.ClientCalls.getUnchecked(ClientCalls.java:214)
	at org.apache.ratis.thirdparty.io.grpc.stub.ClientCalls.blockingUnaryCall(ClientCalls.java:139)
	at org.apache.ratis.proto.grpc.AdminProtocolServiceGrpc$AdminProtocolServiceBlockingStub.groupManagement(AdminProtocolServiceGrpc.java:274)
	at org.apache.ratis.grpc.client.GrpcClientProtocolClient.lambda$groupAdd$3(GrpcClientProtocolClient.java:149)
	at org.apache.ratis.grpc.client.GrpcClientProtocolClient.blockingCall(GrpcClientProtocolClient.java:176)
	... 15 more
2019-09-25 05:09:34,928 [grpc-default-executor-4] INFO  impl.RaftServerProxy (RaftServerProxy.java:addNew(89)) - 0a97ad5b-6bb8-469e-a909-c16428473531: addNew group-70932D7768A8:[e10abbe3-d0b8-4598-8013-6f06829414a9:192.168.36.126:39763, 98d9416b-4ae1-40d6-9d81-df896f9b6805:192.168.36.126:44989, 0a97ad5b-6bb8-469e-a909-c16428473531:192.168.36.126:44804] returns group-70932D7768A8:java.util.concurrent.CompletableFuture@11af149c[Not completed]
2019-09-25 05:09:34,928 [grpc-default-executor-6] INFO  impl.RaftServerProxy (RaftServerProxy.java:addNew(89)) - 98d9416b-4ae1-40d6-9d81-df896f9b6805: addNew group-70932D7768A8:[e10abbe3-d0b8-4598-8013-6f06829414a9:192.168.36.126:39763, 98d9416b-4ae1-40d6-9d81-df896f9b6805:192.168.36.126:44989, 0a97ad5b-6bb8-469e-a909-c16428473531:192.168.36.126:44804] returns group-70932D7768A8:java.util.concurrent.CompletableFuture@54182016[Not completed]
2019-09-25 05:09:34,928 [grpc-default-executor-7] INFO  impl.RaftServerProxy (RaftServerProxy.java:addNew(89)) - e10abbe3-d0b8-4598-8013-6f06829414a9: addNew group-70932D7768A8:[e10abbe3-d0b8-4598-8013-6f06829414a9:192.168.36.126:39763, 98d9416b-4ae1-40d6-9d81-df896f9b6805:192.168.36.126:44989, 0a97ad5b-6bb8-469e-a909-c16428473531:192.168.36.126:44804] returns group-70932D7768A8:java.util.concurrent.CompletableFuture@53c575e3[Not completed]
2019-09-25 05:09:36,735 [java.util.concurrent.ThreadPoolExecutor$Worker@6af36432[State = -1, empty queue]] WARN  server.GrpcLogAppender (GrpcLogAppender.java:timeoutAppendRequest(200)) - 95dec85b-23b9-41b7-9d30-1b2eb1816676@group-E97B045DFE39->0c186508-9ecb-45e3-9dfe-464b7fe9f193-GrpcLogAppender: appendEntries Timeout, request=95dec85b-23b9-41b7-9d30-1b2eb1816676->0c186508-9ecb-45e3-9dfe-464b7fe9f193#29-t3, previous=(t:3, i:0), leaderCommit=0, initializing? false, entries: <empty>
2019-09-25 05:09:36,753 [java.util.concurrent.ThreadPoolExecutor$Worker@7368130f[State = -1, empty queue]] WARN  server.GrpcLogAppender (GrpcLogAppender.java:timeoutAppendRequest(200)) - 95dec85b-23b9-41b7-9d30-1b2eb1816676@group-E97B045DFE39->1e4f299d-27e6-442d-9871-12ab226dd7a8-GrpcLogAppender: appendEntries Timeout, request=95dec85b-23b9-41b7-9d30-1b2eb1816676->1e4f299d-27e6-442d-9871-12ab226dd7a8#29-t3, previous=(t:3, i:0), leaderCommit=0, initializing? false, entries: <empty>
2019-09-25 05:09:37,368 [grpc-default-executor-7] INFO  impl.RaftServerProxy (RaftServerProxy.java:remove(95)) - 95dec85b-23b9-41b7-9d30-1b2eb1816676: remove CANDIDATE 95dec85b-23b9-41b7-9d30-1b2eb1816676@group-3D9C9E831C33:t3, leader=null, voted=95dec85b-23b9-41b7-9d30-1b2eb1816676, raftlog=95dec85b-23b9-41b7-9d30-1b2eb1816676@group-3D9C9E831C33-SegmentedRaftLog:OPENED:c0,f0,i0, conf=0: [0c186508-9ecb-45e3-9dfe-464b7fe9f193:192.168.36.126:34098, 95dec85b-23b9-41b7-9d30-1b2eb1816676:192.168.36.126:33370, 1e4f299d-27e6-442d-9871-12ab226dd7a8:192.168.36.126:46862], old=null RUNNING
2019-09-25 05:09:37,368 [grpc-default-executor-7] INFO  impl.RaftServerImpl (RaftServerImpl.java:lambda$shutdown$3(251)) - 95dec85b-23b9-41b7-9d30-1b2eb1816676@group-3D9C9E831C33: shutdown
2019-09-25 05:09:37,369 [grpc-default-executor-7] INFO  util.JmxRegister (JmxRegister.java:unregister(73)) - Successfully un-registered JMX Bean with object name Ratis:service=RaftServer,group=group-3D9C9E831C33,id=95dec85b-23b9-41b7-9d30-1b2eb1816676
2019-09-25 05:09:37,369 [grpc-default-executor-7] INFO  impl.RoleInfo (RoleInfo.java:shutdownLeaderElection(134)) - 95dec85b-23b9-41b7-9d30-1b2eb1816676: shutdown LeaderElection
2019-09-25 05:09:37,369 [grpc-default-executor-7] INFO  impl.StateMachineUpdater (StateMachineUpdater.java:stopAndJoin(125)) - 95dec85b-23b9-41b7-9d30-1b2eb1816676@group-3D9C9E831C33-StateMachineUpdater: set stopIndex = 0
2019-09-25 05:09:37,370 [grpc-default-executor-7] INFO  impl.RaftServerImpl (ServerState.java:close(385)) - 95dec85b-23b9-41b7-9d30-1b2eb1816676@group-3D9C9E831C33: closes. applyIndex: 0
2019-09-25 05:09:37,371 [95dec85b-23b9-41b7-9d30-1b2eb1816676@group-3D9C9E831C33-SegmentedRaftLogWorker] INFO  segmented.SegmentedRaftLogWorker (SegmentedRaftLogWorker.java:run(313)) - 95dec85b-23b9-41b7-9d30-1b2eb1816676@group-3D9C9E831C33-SegmentedRaftLogWorker was interrupted, exiting. There are 0 tasks remaining in the queue.
2019-09-25 05:09:37,381 [grpc-default-executor-7] INFO  segmented.SegmentedRaftLogWorker (SegmentedRaftLogWorker.java:close(228)) - 95dec85b-23b9-41b7-9d30-1b2eb1816676@group-3D9C9E831C33-SegmentedRaftLogWorker close()
2019-09-25 05:09:37,394 [grpc-default-executor-7] INFO  impl.RaftServerProxy (RaftServerProxy.java:remove(95)) - 95dec85b-23b9-41b7-9d30-1b2eb1816676: remove CANDIDATE 95dec85b-23b9-41b7-9d30-1b2eb1816676@group-62501194BD52:t3, leader=null, voted=95dec85b-23b9-41b7-9d30-1b2eb1816676, raftlog=95dec85b-23b9-41b7-9d30-1b2eb1816676@group-62501194BD52-SegmentedRaftLog:OPENED:c0,f0,i0, conf=0: [0c186508-9ecb-45e3-9dfe-464b7fe9f193:192.168.36.126:34098, 95dec85b-23b9-41b7-9d30-1b2eb1816676:192.168.36.126:33370, 1e4f299d-27e6-442d-9871-12ab226dd7a8:192.168.36.126:46862], old=null RUNNING
2019-09-25 05:09:37,394 [grpc-default-executor-7] INFO  impl.RaftServerImpl (RaftServerImpl.java:lambda$shutdown$3(251)) - 95dec85b-23b9-41b7-9d30-1b2eb1816676@group-62501194BD52: shutdown
2019-09-25 05:09:37,395 [grpc-default-executor-7] INFO  util.JmxRegister (JmxRegister.java:unregister(73)) - Successfully un-registered JMX Bean with object name Ratis:service=RaftServer,group=group-62501194BD52,id=95dec85b-23b9-41b7-9d30-1b2eb1816676
2019-09-25 05:09:37,395 [grpc-default-executor-7] INFO  impl.RoleInfo (RoleInfo.java:shutdownLeaderElection(134)) - 95dec85b-23b9-41b7-9d30-1b2eb1816676: shutdown LeaderElection
2019-09-25 05:09:37,395 [grpc-default-executor-7] INFO  impl.StateMachineUpdater (StateMachineUpdater.java:stopAndJoin(125)) - 95dec85b-23b9-41b7-9d30-1b2eb1816676@group-62501194BD52-StateMachineUpdater: set stopIndex = 0
2019-09-25 05:09:37,396 [grpc-default-executor-7] INFO  impl.RaftServerImpl (ServerState.java:close(385)) - 95dec85b-23b9-41b7-9d30-1b2eb1816676@group-62501194BD52: closes. applyIndex: 0
2019-09-25 05:09:37,396 [95dec85b-23b9-41b7-9d30-1b2eb1816676@group-62501194BD52-SegmentedRaftLogWorker] INFO  segmented.SegmentedRaftLogWorker (SegmentedRaftLogWorker.java:run(313)) - 95dec85b-23b9-41b7-9d30-1b2eb1816676@group-62501194BD52-SegmentedRaftLogWorker was interrupted, exiting. There are 0 tasks remaining in the queue.
2019-09-25 05:09:37,404 [grpc-default-executor-7] INFO  segmented.SegmentedRaftLogWorker (SegmentedRaftLogWorker.java:close(228)) - 95dec85b-23b9-41b7-9d30-1b2eb1816676@group-62501194BD52-SegmentedRaftLogWorker close()
2019-09-25 05:09:37,415 [grpc-default-executor-7] INFO  impl.RaftServerProxy (RaftServerProxy.java:remove(95)) - 95dec85b-23b9-41b7-9d30-1b2eb1816676: remove    LEADER 95dec85b-23b9-41b7-9d30-1b2eb1816676@group-394B876855A4:t1, leader=95dec85b-23b9-41b7-9d30-1b2eb1816676, voted=95dec85b-23b9-41b7-9d30-1b2eb1816676, raftlog=95dec85b-23b9-41b7-9d30-1b2eb1816676@group-394B876855A4-SegmentedRaftLog:OPENED:c0,f0,i0, conf=0: [95dec85b-23b9-41b7-9d30-1b2eb1816676:192.168.36.126:33370], old=null RUNNING
2019-09-25 05:09:37,415 [grpc-default-executor-7] INFO  impl.RaftServerImpl (RaftServerImpl.java:lambda$shutdown$3(251)) - 95dec85b-23b9-41b7-9d30-1b2eb1816676@group-394B876855A4: shutdown
2019-09-25 05:09:37,415 [grpc-default-executor-7] INFO  util.JmxRegister (JmxRegister.java:unregister(73)) - Successfully un-registered JMX Bean with object name Ratis:service=RaftServer,group=group-394B876855A4,id=95dec85b-23b9-41b7-9d30-1b2eb1816676
2019-09-25 05:09:37,416 [grpc-default-executor-7] INFO  impl.RoleInfo (RoleInfo.java:shutdownLeaderState(104)) - 95dec85b-23b9-41b7-9d30-1b2eb1816676: shutdown LeaderState
2019-09-25 05:09:37,416 [grpc-default-executor-7] INFO  impl.PendingRequests (PendingRequests.java:sendNotLeaderResponses(202)) - 95dec85b-23b9-41b7-9d30-1b2eb1816676-PendingRequests: sendNotLeaderResponses
2019-09-25 05:09:37,416 [grpc-default-executor-7] INFO  impl.StateMachineUpdater (StateMachineUpdater.java:stopAndJoin(125)) - 95dec85b-23b9-41b7-9d30-1b2eb1816676@group-394B876855A4-StateMachineUpdater: set stopIndex = 0
2019-09-25 05:09:37,417 [grpc-default-executor-7] INFO  impl.RaftServerImpl (ServerState.java:close(385)) - 95dec85b-23b9-41b7-9d30-1b2eb1816676@group-394B876855A4: closes. applyIndex: 0
2019-09-25 05:09:37,417 [95dec85b-23b9-41b7-9d30-1b2eb1816676@group-394B876855A4-SegmentedRaftLogWorker] INFO  segmented.SegmentedRaftLogWorker (SegmentedRaftLogWorker.java:run(313)) - 95dec85b-23b9-41b7-9d30-1b2eb1816676@group-394B876855A4-SegmentedRaftLogWorker was interrupted, exiting. There are 0 tasks remaining in the queue.
2019-09-25 05:09:37,425 [grpc-default-executor-7] INFO  segmented.SegmentedRaftLogWorker (SegmentedRaftLogWorker.java:close(228)) - 95dec85b-23b9-41b7-9d30-1b2eb1816676@group-394B876855A4-SegmentedRaftLogWorker close()
2019-09-25 05:09:37,463 [grpc-default-executor-7] INFO  impl.RaftServerProxy (RaftServerProxy.java:remove(95)) - 95dec85b-23b9-41b7-9d30-1b2eb1816676: remove    LEADER 95dec85b-23b9-41b7-9d30-1b2eb1816676@group-E97B045DFE39:t3, leader=95dec85b-23b9-41b7-9d30-1b2eb1816676, voted=95dec85b-23b9-41b7-9d30-1b2eb1816676, raftlog=95dec85b-23b9-41b7-9d30-1b2eb1816676@group-E97B045DFE39-SegmentedRaftLog:OPENED:c0,f0,i0, conf=0: [0c186508-9ecb-45e3-9dfe-464b7fe9f193:192.168.36.126:34098, 95dec85b-23b9-41b7-9d30-1b2eb1816676:192.168.36.126:33370, 1e4f299d-27e6-442d-9871-12ab226dd7a8:192.168.36.126:46862], old=null RUNNING
2019-09-25 05:09:37,463 [grpc-default-executor-7] INFO  impl.RaftServerImpl (RaftServerImpl.java:lambda$shutdown$3(251)) - 95dec85b-23b9-41b7-9d30-1b2eb1816676@group-E97B045DFE39: shutdown
2019-09-25 05:09:37,463 [grpc-default-executor-7] INFO  util.JmxRegister (JmxRegister.java:unregister(73)) - Successfully un-registered JMX Bean with object name Ratis:service=RaftServer,group=group-E97B045DFE39,id=95dec85b-23b9-41b7-9d30-1b2eb1816676
2019-09-25 05:09:37,464 [grpc-default-executor-7] INFO  impl.RoleInfo (RoleInfo.java:shutdownLeaderState(104)) - 95dec85b-23b9-41b7-9d30-1b2eb1816676: shutdown LeaderState
2019-09-25 05:09:37,477 [grpc-default-executor-7] INFO  impl.PendingRequests (PendingRequests.java:sendNotLeaderResponses(202)) - 95dec85b-23b9-41b7-9d30-1b2eb1816676-PendingRequests: sendNotLeaderResponses
2019-09-25 05:09:37,477 [org.apache.ratis.server.impl.LogAppender$AppenderDaemon$$Lambda$527/389096667@42098f6c] WARN  server.GrpcLogAppender (GrpcLogAppender.java:mayWait(143)) - 95dec85b-23b9-41b7-9d30-1b2eb1816676@group-E97B045DFE39->0c186508-9ecb-45e3-9dfe-464b7fe9f193-GrpcLogAppender: Wait interrupted by java.lang.InterruptedException
2019-09-25 05:09:37,477 [org.apache.ratis.server.impl.LogAppender$AppenderDaemon$$Lambda$527/389096667@54b80206] WARN  server.GrpcLogAppender (GrpcLogAppender.java:mayWait(143)) - 95dec85b-23b9-41b7-9d30-1b2eb1816676@group-E97B045DFE39->1e4f299d-27e6-442d-9871-12ab226dd7a8-GrpcLogAppender: Wait interrupted by java.lang.InterruptedException
2019-09-25 05:09:37,477 [grpc-default-executor-7] INFO  impl.StateMachineUpdater (StateMachineUpdater.java:stopAndJoin(125)) - 95dec85b-23b9-41b7-9d30-1b2eb1816676@group-E97B045DFE39-StateMachineUpdater: set stopIndex = 0
2019-09-25 05:09:37,478 [grpc-default-executor-6] INFO  server.GrpcServerProtocolService (GrpcServerProtocolService.java:onCompleted(113)) - 0c186508-9ecb-45e3-9dfe-464b7fe9f193: Completed APPEND_ENTRIES, lastRequest: 95dec85b-23b9-41b7-9d30-1b2eb1816676->0c186508-9ecb-45e3-9dfe-464b7fe9f193#30-t3, previous=(t:3, i:0), leaderCommit=0, initializing? false, entries: <empty>
2019-09-25 05:09:37,478 [grpc-default-executor-4] INFO  server.GrpcServerProtocolService (GrpcServerProtocolService.java:onCompleted(113)) - 1e4f299d-27e6-442d-9871-12ab226dd7a8: Completed APPEND_ENTRIES, lastRequest: 95dec85b-23b9-41b7-9d30-1b2eb1816676->1e4f299d-27e6-442d-9871-12ab226dd7a8#30-t3, previous=(t:3, i:0), leaderCommit=0, initializing? false, entries: <empty>
2019-09-25 05:09:37,478 [grpc-default-executor-7] INFO  impl.RaftServerImpl (ServerState.java:close(385)) - 95dec85b-23b9-41b7-9d30-1b2eb1816676@group-E97B045DFE39: closes. applyIndex: 0
2019-09-25 05:09:37,478 [grpc-default-executor-6] INFO  server.GrpcLogAppender (GrpcLogAppender.java:onCompleted(293)) - 95dec85b-23b9-41b7-9d30-1b2eb1816676@group-E97B045DFE39->0c186508-9ecb-45e3-9dfe-464b7fe9f193-AppendLogResponseHandler: follower responses appendEntries COMPLETED
2019-09-25 05:09:37,478 [grpc-default-executor-11] INFO  server.GrpcLogAppender (GrpcLogAppender.java:onCompleted(293)) - 95dec85b-23b9-41b7-9d30-1b2eb1816676@group-E97B045DFE39->1e4f299d-27e6-442d-9871-12ab226dd7a8-AppendLogResponseHandler: follower responses appendEntries COMPLETED
2019-09-25 05:09:37,479 [95dec85b-23b9-41b7-9d30-1b2eb1816676@group-E97B045DFE39-SegmentedRaftLogWorker] INFO  segmented.SegmentedRaftLogWorker (SegmentedRaftLogWorker.java:run(313)) - 95dec85b-23b9-41b7-9d30-1b2eb1816676@group-E97B045DFE39-SegmentedRaftLogWorker was interrupted, exiting. There are 0 tasks remaining in the queue.
2019-09-25 05:09:37,479 [grpc-default-executor-11] INFO  impl.FollowerInfo (FollowerInfo.java:lambda$new$0(51)) - 95dec85b-23b9-41b7-9d30-1b2eb1816676@group-E97B045DFE39->1e4f299d-27e6-442d-9871-12ab226dd7a8: nextIndex: updateUnconditionally 1 -> 0
2019-09-25 05:09:37,479 [grpc-default-executor-7] INFO  segmented.SegmentedRaftLogWorker (SegmentedRaftLogWorker.java:close(228)) - 95dec85b-23b9-41b7-9d30-1b2eb1816676@group-E97B045DFE39-SegmentedRaftLogWorker close()
2019-09-25 05:09:37,479 [grpc-default-executor-6] INFO  impl.FollowerInfo (FollowerInfo.java:lambda$new$0(51)) - 95dec85b-23b9-41b7-9d30-1b2eb1816676@group-E97B045DFE39->0c186508-9ecb-45e3-9dfe-464b7fe9f193: nextIndex: updateUnconditionally 1 -> 0
2019-09-25 05:09:37,918 [RATISCREATEPIPELINE3] ERROR pipeline.RatisPipelineProvider (RatisPipelineProvider.java:lambda$null$5(235)) - Failed invoke Ratis rpc org.apache.hadoop.hdds.scm.pipeline.RatisPipelineProvider$$Lambda$217/423391421@3b5a4f3e for 98d9416b-4ae1-40d6-9d81-df896f9b6805
org.apache.ratis.protocol.TimeoutIOException: deadline exceeded after 2999883430ns
	at org.apache.ratis.grpc.GrpcUtil.tryUnwrapException(GrpcUtil.java:82)
	at org.apache.ratis.grpc.GrpcUtil.unwrapException(GrpcUtil.java:75)
	at org.apache.ratis.grpc.client.GrpcClientProtocolClient.blockingCall(GrpcClientProtocolClient.java:178)
	at org.apache.ratis.grpc.client.GrpcClientProtocolClient.groupAdd(GrpcClientProtocolClient.java:147)
	at org.apache.ratis.grpc.client.GrpcClientRpc.sendRequest(GrpcClientRpc.java:94)
	at org.apache.ratis.client.impl.RaftClientImpl.sendRequest(RaftClientImpl.java:278)
	at org.apache.ratis.client.impl.RaftClientImpl.groupAdd(RaftClientImpl.java:205)
	at org.apache.hadoop.hdds.scm.pipeline.RatisPipelineProvider.lambda$initializePipeline$4(RatisPipelineProvider.java:196)
	at org.apache.hadoop.hdds.scm.pipeline.RatisPipelineProvider.lambda$null$5(RatisPipelineProvider.java:231)
	at java.util.stream.ForEachOps$ForEachOp$OfRef.accept(ForEachOps.java:184)
	at java.util.ArrayList$ArrayListSpliterator.forEachRemaining(ArrayList.java:1382)
	at java.util.stream.AbstractPipeline.copyInto(AbstractPipeline.java:482)
	at java.util.stream.ForEachOps$ForEachTask.compute(ForEachOps.java:291)
	at java.util.concurrent.CountedCompleter.exec(CountedCompleter.java:731)
	at java.util.concurrent.ForkJoinTask.doExec(ForkJoinTask.java:289)
	at java.util.concurrent.ForkJoinPool$WorkQueue.runTask(ForkJoinPool.java:1056)
	at java.util.concurrent.ForkJoinPool.runWorker(ForkJoinPool.java:1692)
	at java.util.concurrent.ForkJoinWorkerThread.run(ForkJoinWorkerThread.java:157)
Caused by: org.apache.ratis.thirdparty.io.grpc.StatusRuntimeException: DEADLINE_EXCEEDED: deadline exceeded after 2999883430ns
	at org.apache.ratis.thirdparty.io.grpc.stub.ClientCalls.toStatusRuntimeException(ClientCalls.java:233)
	at org.apache.ratis.thirdparty.io.grpc.stub.ClientCalls.getUnchecked(ClientCalls.java:214)
	at org.apache.ratis.thirdparty.io.grpc.stub.ClientCalls.blockingUnaryCall(ClientCalls.java:139)
	at org.apache.ratis.proto.grpc.AdminProtocolServiceGrpc$AdminProtocolServiceBlockingStub.groupManagement(AdminProtocolServiceGrpc.java:274)
	at org.apache.ratis.grpc.client.GrpcClientProtocolClient.lambda$groupAdd$3(GrpcClientProtocolClient.java:149)
	at org.apache.ratis.grpc.client.GrpcClientProtocolClient.blockingCall(GrpcClientProtocolClient.java:176)
	... 15 more
2019-09-25 05:09:37,918 [RATISCREATEPIPELINE2] ERROR pipeline.RatisPipelineProvider (RatisPipelineProvider.java:lambda$null$5(235)) - Failed invoke Ratis rpc org.apache.hadoop.hdds.scm.pipeline.RatisPipelineProvider$$Lambda$217/423391421@3b5a4f3e for 0a97ad5b-6bb8-469e-a909-c16428473531
org.apache.ratis.protocol.TimeoutIOException: deadline exceeded after 2999914513ns
	at org.apache.ratis.grpc.GrpcUtil.tryUnwrapException(GrpcUtil.java:82)
	at org.apache.ratis.grpc.GrpcUtil.unwrapException(GrpcUtil.java:75)
	at org.apache.ratis.grpc.client.GrpcClientProtocolClient.blockingCall(GrpcClientProtocolClient.java:178)
	at org.apache.ratis.grpc.client.GrpcClientProtocolClient.groupAdd(GrpcClientProtocolClient.java:147)
	at org.apache.ratis.grpc.client.GrpcClientRpc.sendRequest(GrpcClientRpc.java:94)
	at org.apache.ratis.client.impl.RaftClientImpl.sendRequest(RaftClientImpl.java:278)
	at org.apache.ratis.client.impl.RaftClientImpl.groupAdd(RaftClientImpl.java:205)
	at org.apache.hadoop.hdds.scm.pipeline.RatisPipelineProvider.lambda$initializePipeline$4(RatisPipelineProvider.java:196)
	at org.apache.hadoop.hdds.scm.pipeline.RatisPipelineProvider.lambda$null$5(RatisPipelineProvider.java:231)
	at java.util.stream.ForEachOps$ForEachOp$OfRef.accept(ForEachOps.java:184)
	at java.util.ArrayList$ArrayListSpliterator.forEachRemaining(ArrayList.java:1382)
	at java.util.stream.AbstractPipeline.copyInto(AbstractPipeline.java:482)
	at java.util.stream.ForEachOps$ForEachTask.compute(ForEachOps.java:291)
	at java.util.concurrent.CountedCompleter.exec(CountedCompleter.java:731)
	at java.util.concurrent.ForkJoinTask.doExec(ForkJoinTask.java:289)
	at java.util.concurrent.ForkJoinPool$WorkQueue.runTask(ForkJoinPool.java:1056)
	at java.util.concurrent.ForkJoinPool.runWorker(ForkJoinPool.java:1692)
	at java.util.concurrent.ForkJoinWorkerThread.run(ForkJoinWorkerThread.java:157)
Caused by: org.apache.ratis.thirdparty.io.grpc.StatusRuntimeException: DEADLINE_EXCEEDED: deadline exceeded after 2999914513ns
	at org.apache.ratis.thirdparty.io.grpc.stub.ClientCalls.toStatusRuntimeException(ClientCalls.java:233)
	at org.apache.ratis.thirdparty.io.grpc.stub.ClientCalls.getUnchecked(ClientCalls.java:214)
	at org.apache.ratis.thirdparty.io.grpc.stub.ClientCalls.blockingUnaryCall(ClientCalls.java:139)
	at org.apache.ratis.proto.grpc.AdminProtocolServiceGrpc$AdminProtocolServiceBlockingStub.groupManagement(AdminProtocolServiceGrpc.java:274)
	at org.apache.ratis.grpc.client.GrpcClientProtocolClient.lambda$groupAdd$3(GrpcClientProtocolClient.java:149)
	at org.apache.ratis.grpc.client.GrpcClientProtocolClient.blockingCall(GrpcClientProtocolClient.java:176)
	... 15 more
2019-09-25 05:09:37,918 [RATISCREATEPIPELINE1] ERROR pipeline.RatisPipelineProvider (RatisPipelineProvider.java:lambda$null$5(235)) - Failed invoke Ratis rpc org.apache.hadoop.hdds.scm.pipeline.RatisPipelineProvider$$Lambda$217/423391421@3b5a4f3e for e10abbe3-d0b8-4598-8013-6f06829414a9
org.apache.ratis.protocol.TimeoutIOException: deadline exceeded after 2999883335ns
	at org.apache.ratis.grpc.GrpcUtil.tryUnwrapException(GrpcUtil.java:82)
	at org.apache.ratis.grpc.GrpcUtil.unwrapException(GrpcUtil.java:75)
	at org.apache.ratis.grpc.client.GrpcClientProtocolClient.blockingCall(GrpcClientProtocolClient.java:178)
	at org.apache.ratis.grpc.client.GrpcClientProtocolClient.groupAdd(GrpcClientProtocolClient.java:147)
	at org.apache.ratis.grpc.client.GrpcClientRpc.sendRequest(GrpcClientRpc.java:94)
	at org.apache.ratis.client.impl.RaftClientImpl.sendRequest(RaftClientImpl.java:278)
	at org.apache.ratis.client.impl.RaftClientImpl.groupAdd(RaftClientImpl.java:205)
	at org.apache.hadoop.hdds.scm.pipeline.RatisPipelineProvider.lambda$initializePipeline$4(RatisPipelineProvider.java:196)
	at org.apache.hadoop.hdds.scm.pipeline.RatisPipelineProvider.lambda$null$5(RatisPipelineProvider.java:231)
	at java.util.stream.ForEachOps$ForEachOp$OfRef.accept(ForEachOps.java:184)
	at java.util.ArrayList$ArrayListSpliterator.forEachRemaining(ArrayList.java:1382)
	at java.util.stream.AbstractPipeline.copyInto(AbstractPipeline.java:482)
	at java.util.stream.ForEachOps$ForEachTask.compute(ForEachOps.java:291)
	at java.util.concurrent.CountedCompleter.exec(CountedCompleter.java:731)
	at java.util.concurrent.ForkJoinTask.doExec(ForkJoinTask.java:289)
	at java.util.concurrent.ForkJoinTask.doInvoke(ForkJoinTask.java:401)
	at java.util.concurrent.ForkJoinTask.invoke(ForkJoinTask.java:734)
	at java.util.stream.ForEachOps$ForEachOp.evaluateParallel(ForEachOps.java:160)
	at java.util.stream.ForEachOps$ForEachOp$OfRef.evaluateParallel(ForEachOps.java:174)
	at java.util.stream.AbstractPipeline.evaluate(AbstractPipeline.java:233)
	at java.util.stream.ReferencePipeline.forEach(ReferencePipeline.java:418)
	at java.util.stream.ReferencePipeline$Head.forEach(ReferencePipeline.java:583)
	at org.apache.hadoop.hdds.scm.pipeline.RatisPipelineProvider.lambda$callRatisRpc$6(RatisPipelineProvider.java:225)
	at java.util.concurrent.ForkJoinTask$AdaptedRunnableAction.exec(ForkJoinTask.java:1386)
	at java.util.concurrent.ForkJoinTask.doExec(ForkJoinTask.java:289)
	at java.util.concurrent.ForkJoinPool$WorkQueue.runTask(ForkJoinPool.java:1056)
	at java.util.concurrent.ForkJoinPool.runWorker(ForkJoinPool.java:1692)
	at java.util.concurrent.ForkJoinWorkerThread.run(ForkJoinWorkerThread.java:157)
Caused by: org.apache.ratis.thirdparty.io.grpc.StatusRuntimeException: DEADLINE_EXCEEDED: deadline exceeded after 2999883335ns
	at org.apache.ratis.thirdparty.io.grpc.stub.ClientCalls.toStatusRuntimeException(ClientCalls.java:233)
	at org.apache.ratis.thirdparty.io.grpc.stub.ClientCalls.getUnchecked(ClientCalls.java:214)
	at org.apache.ratis.thirdparty.io.grpc.stub.ClientCalls.blockingUnaryCall(ClientCalls.java:139)
	at org.apache.ratis.proto.grpc.AdminProtocolServiceGrpc$AdminProtocolServiceBlockingStub.groupManagement(AdminProtocolServiceGrpc.java:274)
	at org.apache.ratis.grpc.client.GrpcClientProtocolClient.lambda$groupAdd$3(GrpcClientProtocolClient.java:149)
	at org.apache.ratis.grpc.client.GrpcClientProtocolClient.blockingCall(GrpcClientProtocolClient.java:176)
	... 25 more
2019-09-25 05:09:37,932 [ReplicationMonitor] INFO  container.ReplicationManager (ReplicationManager.java:run(225)) - Replication Monitor Thread took 6149 milliseconds for processing 0 containers.
2019-09-25 05:09:37,932 [IPC Server handler 18 on 33242] INFO  ipc.Server (Server.java:logException(2726)) - IPC Server handler 18 on 33242, call Call#2423 Retry#0 org.apache.hadoop.hdds.scm.protocol.StorageContainerLocationProtocol.allocateContainer from 192.168.36.126:34084
java.io.IOException: Could not allocate container. Cannot get any matching pipeline for Type:RATIS, Factor:THREE, State:PipelineState.OPEN
	at org.apache.hadoop.hdds.scm.container.ContainerStateManager.allocateContainer(ContainerStateManager.java:260)
	at org.apache.hadoop.hdds.scm.container.SCMContainerManager.allocateContainer(SCMContainerManager.java:247)
	at org.apache.hadoop.hdds.scm.server.SCMClientProtocolServer.allocateContainer(SCMClientProtocolServer.java:186)
	at org.apache.hadoop.ozone.protocolPB.StorageContainerLocationProtocolServerSideTranslatorPB.allocateContainer(StorageContainerLocationProtocolServerSideTranslatorPB.java:123)
	at org.apache.hadoop.hdds.protocol.proto.StorageContainerLocationProtocolProtos$StorageContainerLocationProtocolService$2.callBlockingMethod(StorageContainerLocationProtocolProtos.java:21239)
	at org.apache.hadoop.ipc.ProtobufRpcEngine$Server$ProtoBufRpcInvoker.call(ProtobufRpcEngine.java:524)
	at org.apache.hadoop.ipc.RPC$Server.call(RPC.java:1025)
	at org.apache.hadoop.ipc.Server$RpcCall.run(Server.java:876)
	at org.apache.hadoop.ipc.Server$RpcCall.run(Server.java:822)
	at java.security.AccessController.doPrivileged(Native Method)
	at javax.security.auth.Subject.doAs(Subject.java:422)
	at org.apache.hadoop.security.UserGroupInformation.doAs(UserGroupInformation.java:1730)
	at org.apache.hadoop.ipc.Server$Handler.run(Server.java:2682)
]]></system-out>
    <system-err><![CDATA[Sep 25, 2019 5:09:27 AM org.apache.ratis.thirdparty.io.grpc.internal.SerializingExecutor run
SEVERE: Exception while executing runnable org.apache.ratis.thirdparty.io.grpc.internal.ServerImpl$JumpToApplicationThreadServerStreamListener$1Closed@57f5c733
org.apache.ratis.thirdparty.io.grpc.StatusRuntimeException: CANCELLED: call already cancelled
	at org.apache.ratis.thirdparty.io.grpc.Status.asRuntimeException(Status.java:517)
	at org.apache.ratis.thirdparty.io.grpc.stub.ServerCalls$ServerCallStreamObserverImpl.onCompleted(ServerCalls.java:356)
	at org.apache.ratis.grpc.server.GrpcServerProtocolService$ServerRequestStreamObserver.onError(GrpcServerProtocolService.java:121)
	at org.apache.ratis.thirdparty.io.grpc.stub.ServerCalls$StreamingServerCallHandler$StreamingServerCallListener.onCancel(ServerCalls.java:269)
	at org.apache.ratis.thirdparty.io.grpc.internal.ServerCallImpl$ServerStreamListenerImpl.closed(ServerCallImpl.java:293)
	at org.apache.ratis.thirdparty.io.grpc.internal.ServerImpl$JumpToApplicationThreadServerStreamListener$1Closed.runInContext(ServerImpl.java:741)
	at org.apache.ratis.thirdparty.io.grpc.internal.ContextRunnable.run(ContextRunnable.java:37)
	at org.apache.ratis.thirdparty.io.grpc.internal.SerializingExecutor.run(SerializingExecutor.java:123)
	at java.util.concurrent.ThreadPoolExecutor.runWorker(ThreadPoolExecutor.java:1149)
	at java.util.concurrent.ThreadPoolExecutor$Worker.run(ThreadPoolExecutor.java:624)
	at java.lang.Thread.run(Thread.java:748)

Sep 25, 2019 5:09:27 AM org.apache.ratis.thirdparty.io.grpc.internal.SerializingExecutor run
SEVERE: Exception while executing runnable org.apache.ratis.thirdparty.io.grpc.internal.ServerImpl$JumpToApplicationThreadServerStreamListener$1Closed@4d533014
org.apache.ratis.thirdparty.io.grpc.StatusRuntimeException: CANCELLED: call already cancelled
	at org.apache.ratis.thirdparty.io.grpc.Status.asRuntimeException(Status.java:517)
	at org.apache.ratis.thirdparty.io.grpc.stub.ServerCalls$ServerCallStreamObserverImpl.onCompleted(ServerCalls.java:356)
	at org.apache.ratis.grpc.server.GrpcServerProtocolService$ServerRequestStreamObserver.onError(GrpcServerProtocolService.java:121)
	at org.apache.ratis.thirdparty.io.grpc.stub.ServerCalls$StreamingServerCallHandler$StreamingServerCallListener.onCancel(ServerCalls.java:269)
	at org.apache.ratis.thirdparty.io.grpc.internal.ServerCallImpl$ServerStreamListenerImpl.closed(ServerCallImpl.java:293)
	at org.apache.ratis.thirdparty.io.grpc.internal.ServerImpl$JumpToApplicationThreadServerStreamListener$1Closed.runInContext(ServerImpl.java:741)
	at org.apache.ratis.thirdparty.io.grpc.internal.ContextRunnable.run(ContextRunnable.java:37)
	at org.apache.ratis.thirdparty.io.grpc.internal.SerializingExecutor.run(SerializingExecutor.java:123)
	at java.util.concurrent.ThreadPoolExecutor.runWorker(ThreadPoolExecutor.java:1149)
	at java.util.concurrent.ThreadPoolExecutor$Worker.run(ThreadPoolExecutor.java:624)
	at java.lang.Thread.run(Thread.java:748)

]]></system-err>
  </testcase>
  <testcase name="test2WayCommitForTimeoutException" classname="org.apache.hadoop.ozone.client.rpc.TestWatchForCommit" time="101.97"/>
</testsuite>