<?xml version="1.0" encoding="UTF-8"?>
<testsuite xmlns:xsi="http://www.w3.org/2001/XMLSchema-instance" xsi:noNamespaceSchemaLocation="https://maven.apache.org/surefire/maven-surefire-plugin/xsd/surefire-test-report.xsd" name="org.apache.hadoop.ozone.client.rpc.TestFailureHandlingByClient" time="525.89" tests="5" errors="2" skipped="0" failures="0">
  <properties>
    <property name="awt.toolkit" value="sun.awt.X11.XToolkit"/>
    <property name="file.encoding.pkg" value="sun.io"/>
    <property name="java.specification.version" value="1.8"/>
    <property name="sun.cpu.isalist" value=""/>
    <property name="sun.jnu.encoding" value="UTF-8"/>
    <property name="java.class.path" value="/workdir/hadoop-ozone/integration-test/target/test-classes:/workdir/hadoop-ozone/integration-test/target/classes:/home/user/.m2/repository/org/apache/hadoop/hadoop-ozone-common/0.5.0-SNAPSHOT/hadoop-ozone-common-0.5.0-SNAPSHOT.jar:/home/user/.m2/repository/org/apache/commons/commons-compress/1.4.1/commons-compress-1.4.1.jar:/home/user/.m2/repository/org/tukaani/xz/1.0/xz-1.0.jar:/home/user/.m2/repository/org/apache/hadoop/hadoop-common/3.2.0/hadoop-common-3.2.0.jar:/home/user/.m2/repository/org/apache/hadoop/hadoop-hdfs/3.2.0/hadoop-hdfs-3.2.0.jar:/home/user/.m2/repository/org/apache/hadoop/hadoop-hdfs-client/3.2.0/hadoop-hdfs-client-3.2.0.jar:/home/user/.m2/repository/com/fasterxml/jackson/core/jackson-annotations/2.9.9/jackson-annotations-2.9.9.jar:/home/user/.m2/repository/org/apache/hadoop/hadoop-hdds-common/0.5.0-SNAPSHOT/hadoop-hdds-common-0.5.0-SNAPSHOT.jar:/home/user/.m2/repository/javax/annotation/javax.annotation-api/1.2/javax.annotation-api-1.2.jar:/home/user/.m2/repository/org/apache/ratis/ratis-server/0.4.0/ratis-server-0.4.0.jar:/home/user/.m2/repository/org/apache/ratis/ratis-thirdparty-misc/0.2.0/ratis-thirdparty-misc-0.2.0.jar:/home/user/.m2/repository/org/apache/ratis/ratis-proto/0.4.0/ratis-proto-0.4.0.jar:/home/user/.m2/repository/org/apache/ratis/ratis-common/0.4.0/ratis-common-0.4.0.jar:/home/user/.m2/repository/org/apache/ratis/ratis-client/0.4.0/ratis-client-0.4.0.jar:/home/user/.m2/repository/org/apache/ratis/ratis-metrics/0.4.0/ratis-metrics-0.4.0.jar:/home/user/.m2/repository/com/github/joshelser/dropwizard-metrics-hadoop-metrics2-reporter/0.1.2/dropwizard-metrics-hadoop-metrics2-reporter-0.1.2.jar:/home/user/.m2/repository/io/dropwizard/metrics/metrics-jvm/3.2.5/metrics-jvm-3.2.5.jar:/home/user/.m2/repository/io/dropwizard/metrics/metrics-ganglia/3.2.5/metrics-ganglia-3.2.5.jar:/home/user/.m2/repository/info/ganglia/gmetric4j/gmetric4j/1.0.7/gmetric4j-1.0.7.jar:/home/user/.m2/repository/org/apache/ratis/ratis-netty/0.4.0/ratis-netty-0.4.0.jar:/home/user/.m2/repository/org/apache/ratis/ratis-grpc/0.4.0/ratis-grpc-0.4.0.jar:/home/user/.m2/repository/org/rocksdb/rocksdbjni/6.0.1/rocksdbjni-6.0.1.jar:/home/user/.m2/repository/org/apache/logging/log4j/log4j-api/2.11.0/log4j-api-2.11.0.jar:/home/user/.m2/repository/org/apache/logging/log4j/log4j-core/2.11.0/log4j-core-2.11.0.jar:/home/user/.m2/repository/com/lmax/disruptor/3.4.2/disruptor-3.4.2.jar:/home/user/.m2/repository/org/apache/commons/commons-pool2/2.6.0/commons-pool2-2.6.0.jar:/home/user/.m2/repository/org/bouncycastle/bcpkix-jdk15on/1.60/bcpkix-jdk15on-1.60.jar:/home/user/.m2/repository/commons-validator/commons-validator/1.6/commons-validator-1.6.jar:/home/user/.m2/repository/commons-digester/commons-digester/1.8.1/commons-digester-1.8.1.jar:/home/user/.m2/repository/io/jaegertracing/jaeger-client/0.34.0/jaeger-client-0.34.0.jar:/home/user/.m2/repository/io/jaegertracing/jaeger-thrift/0.34.0/jaeger-thrift-0.34.0.jar:/home/user/.m2/repository/org/apache/thrift/libthrift/0.12.0/libthrift-0.12.0.jar:/home/user/.m2/repository/com/squareup/okhttp3/okhttp/3.9.0/okhttp-3.9.0.jar:/home/user/.m2/repository/com/squareup/okio/okio/1.13.0/okio-1.13.0.jar:/home/user/.m2/repository/io/jaegertracing/jaeger-core/0.34.0/jaeger-core-0.34.0.jar:/home/user/.m2/repository/io/jaegertracing/jaeger-tracerresolver/0.34.0/jaeger-tracerresolver-0.34.0.jar:/home/user/.m2/repository/io/opentracing/contrib/opentracing-tracerresolver/0.1.5/opentracing-tracerresolver-0.1.5.jar:/home/user/.m2/repository/io/opentracing/opentracing-util/0.31.0/opentracing-util-0.31.0.jar:/home/user/.m2/repository/io/opentracing/opentracing-api/0.31.0/opentracing-api-0.31.0.jar:/home/user/.m2/repository/io/opentracing/opentracing-noop/0.31.0/opentracing-noop-0.31.0.jar:/home/user/.m2/repository/org/apache/hadoop/hadoop-hdds-server-framework/0.5.0-SNAPSHOT/hadoop-hdds-server-framework-0.5.0-SNAPSHOT.jar:/home/user/.m2/repository/org/apache/hadoop/hadoop-hdds-container-service/0.5.0-SNAPSHOT/hadoop-hdds-container-service-0.5.0-SNAPSHOT.jar:/home/user/.m2/repository/org/apache/hadoop/hadoop-hdds-client/0.5.0-SNAPSHOT/hadoop-hdds-client-0.5.0-SNAPSHOT.jar:/home/user/.m2/repository/org/apache/hadoop/hadoop-hdds-tools/0.5.0-SNAPSHOT/hadoop-hdds-tools-0.5.0-SNAPSHOT.jar:/home/user/.m2/repository/org/apache/hadoop/hadoop-hdds-server-scm/0.5.0-SNAPSHOT/hadoop-hdds-server-scm-0.5.0-SNAPSHOT.jar:/home/user/.m2/repository/org/apache/hadoop/hadoop-hdds-docs/0.5.0-SNAPSHOT/hadoop-hdds-docs-0.5.0-SNAPSHOT.jar:/home/user/.m2/repository/io/dropwizard/metrics/metrics-core/3.2.4/metrics-core-3.2.4.jar:/home/user/.m2/repository/org/hamcrest/hamcrest-all/1.3/hamcrest-all-1.3.jar:/home/user/.m2/repository/org/bouncycastle/bcprov-jdk15on/1.60/bcprov-jdk15on-1.60.jar:/home/user/.m2/repository/info/picocli/picocli/3.9.6/picocli-3.9.6.jar:/home/user/.m2/repository/com/google/protobuf/protobuf-java/2.5.0/protobuf-java-2.5.0.jar:/home/user/.m2/repository/com/google/guava/guava/11.0.2/guava-11.0.2.jar:/home/user/.m2/repository/org/apache/hadoop/hadoop-ozone-ozone-manager/0.5.0-SNAPSHOT/hadoop-ozone-ozone-manager-0.5.0-SNAPSHOT.jar:/home/user/.m2/repository/org/apache/hadoop/hadoop-minikdc/3.2.0/hadoop-minikdc-3.2.0.jar:/home/user/.m2/repository/commons-io/commons-io/2.5/commons-io-2.5.jar:/home/user/.m2/repository/org/apache/kerby/kerb-simplekdc/1.0.1/kerb-simplekdc-1.0.1.jar:/home/user/.m2/repository/org/apache/kerby/kerb-client/1.0.1/kerb-client-1.0.1.jar:/home/user/.m2/repository/org/apache/kerby/kerby-config/1.0.1/kerby-config-1.0.1.jar:/home/user/.m2/repository/org/apache/kerby/kerb-core/1.0.1/kerb-core-1.0.1.jar:/home/user/.m2/repository/org/apache/kerby/kerby-pkix/1.0.1/kerby-pkix-1.0.1.jar:/home/user/.m2/repository/org/apache/kerby/kerby-asn1/1.0.1/kerby-asn1-1.0.1.jar:/home/user/.m2/repository/org/apache/kerby/kerby-util/1.0.1/kerby-util-1.0.1.jar:/home/user/.m2/repository/org/apache/kerby/kerb-common/1.0.1/kerb-common-1.0.1.jar:/home/user/.m2/repository/org/apache/kerby/kerb-crypto/1.0.1/kerb-crypto-1.0.1.jar:/home/user/.m2/repository/org/apache/kerby/kerb-util/1.0.1/kerb-util-1.0.1.jar:/home/user/.m2/repository/org/apache/kerby/token-provider/1.0.1/token-provider-1.0.1.jar:/home/user/.m2/repository/org/apache/kerby/kerb-admin/1.0.1/kerb-admin-1.0.1.jar:/home/user/.m2/repository/org/apache/kerby/kerb-server/1.0.1/kerb-server-1.0.1.jar:/home/user/.m2/repository/org/apache/kerby/kerb-identity/1.0.1/kerb-identity-1.0.1.jar:/home/user/.m2/repository/org/apache/kerby/kerby-xdr/1.0.1/kerby-xdr-1.0.1.jar:/home/user/.m2/repository/org/slf4j/slf4j-log4j12/1.7.25/slf4j-log4j12-1.7.25.jar:/home/user/.m2/repository/org/apache/hadoop/hadoop-ozone-s3gateway/0.5.0-SNAPSHOT/hadoop-ozone-s3gateway-0.5.0-SNAPSHOT.jar:/home/user/.m2/repository/org/jboss/weld/servlet/weld-servlet/2.4.7.Final/weld-servlet-2.4.7.Final.jar:/home/user/.m2/repository/org/glassfish/jersey/containers/jersey-container-servlet-core/2.27/jersey-container-servlet-core-2.27.jar:/home/user/.m2/repository/org/glassfish/hk2/external/javax.inject/2.5.0-b42/javax.inject-2.5.0-b42.jar:/home/user/.m2/repository/org/glassfish/jersey/core/jersey-common/2.27/jersey-common-2.27.jar:/home/user/.m2/repository/org/glassfish/hk2/osgi-resource-locator/1.0.1/osgi-resource-locator-1.0.1.jar:/home/user/.m2/repository/javax/ws/rs/javax.ws.rs-api/2.1/javax.ws.rs-api-2.1.jar:/home/user/.m2/repository/org/glassfish/jersey/ext/cdi/jersey-cdi1x/2.27/jersey-cdi1x-2.27.jar:/home/user/.m2/repository/org/glassfish/jersey/inject/jersey-hk2/2.27/jersey-hk2-2.27.jar:/home/user/.m2/repository/org/glassfish/hk2/hk2-locator/2.5.0-b42/hk2-locator-2.5.0-b42.jar:/home/user/.m2/repository/org/javassist/javassist/3.22.0-CR2/javassist-3.22.0-CR2.jar:/home/user/.m2/repository/org/glassfish/hk2/hk2-api/2.5.0/hk2-api-2.5.0.jar:/home/user/.m2/repository/org/glassfish/hk2/external/jakarta.inject/2.5.0/jakarta.inject-2.5.0.jar:/home/user/.m2/repository/org/glassfish/hk2/hk2-utils/2.5.0/hk2-utils-2.5.0.jar:/home/user/.m2/repository/jakarta/annotation/jakarta.annotation-api/1.3.4/jakarta.annotation-api-1.3.4.jar:/home/user/.m2/repository/org/glassfish/hk2/external/aopalliance-repackaged/2.5.0/aopalliance-repackaged-2.5.0.jar:/home/user/.m2/repository/com/fasterxml/jackson/dataformat/jackson-dataformat-xml/2.9.0/jackson-dataformat-xml-2.9.0.jar:/home/user/.m2/repository/com/fasterxml/jackson/core/jackson-core/2.9.9/jackson-core-2.9.9.jar:/home/user/.m2/repository/com/fasterxml/jackson/module/jackson-module-jaxb-annotations/2.9.9/jackson-module-jaxb-annotations-2.9.9.jar:/home/user/.m2/repository/javax/enterprise/cdi-api/1.2/cdi-api-1.2.jar:/home/user/.m2/repository/javax/el/javax.el-api/3.0.0/javax.el-api-3.0.0.jar:/home/user/.m2/repository/javax/interceptor/javax.interceptor-api/1.2/javax.interceptor-api-1.2.jar:/home/user/.m2/repository/javax/inject/javax.inject/1/javax.inject-1.jar:/home/user/.m2/repository/com/sun/xml/bind/jaxb-impl/2.3.0.1/jaxb-impl-2.3.0.1.jar:/home/user/.m2/repository/com/sun/xml/bind/jaxb-core/2.3.0.1/jaxb-core-2.3.0.1.jar:/home/user/.m2/repository/javax/xml/bind/jaxb-api/2.3.0/jaxb-api-2.3.0.jar:/home/user/.m2/repository/javax/activation/activation/1.1.1/activation-1.1.1.jar:/home/user/.m2/repository/org/apache/hadoop/hadoop-ozone-csi/0.5.0-SNAPSHOT/hadoop-ozone-csi-0.5.0-SNAPSHOT.jar:/home/user/.m2/repository/com/google/protobuf/protobuf-java-util/3.5.1/protobuf-java-util-3.5.1.jar:/home/user/.m2/repository/org/apache/hadoop/hadoop-hdds-config/0.5.0-SNAPSHOT/hadoop-hdds-config-0.5.0-SNAPSHOT.jar:/home/user/.m2/repository/io/grpc/grpc-netty/1.17.1/grpc-netty-1.17.1.jar:/home/user/.m2/repository/io/grpc/grpc-core/1.17.1/grpc-core-1.17.1.jar:/home/user/.m2/repository/io/grpc/grpc-context/1.17.1/grpc-context-1.17.1.jar:/home/user/.m2/repository/com/google/errorprone/error_prone_annotations/2.2.0/error_prone_annotations-2.2.0.jar:/home/user/.m2/repository/org/codehaus/mojo/animal-sniffer-annotations/1.17/animal-sniffer-annotations-1.17.jar:/home/user/.m2/repository/io/opencensus/opencensus-api/0.17.0/opencensus-api-0.17.0.jar:/home/user/.m2/repository/io/opencensus/opencensus-contrib-grpc-metrics/0.17.0/opencensus-contrib-grpc-metrics-0.17.0.jar:/home/user/.m2/repository/io/netty/netty-codec-http2/4.1.30.Final/netty-codec-http2-4.1.30.Final.jar:/home/user/.m2/repository/io/netty/netty-codec-http/4.1.30.Final/netty-codec-http-4.1.30.Final.jar:/home/user/.m2/repository/io/netty/netty-codec/4.1.30.Final/netty-codec-4.1.30.Final.jar:/home/user/.m2/repository/io/netty/netty-handler/4.1.30.Final/netty-handler-4.1.30.Final.jar:/home/user/.m2/repository/io/netty/netty-handler-proxy/4.1.30.Final/netty-handler-proxy-4.1.30.Final.jar:/home/user/.m2/repository/io/netty/netty-codec-socks/4.1.30.Final/netty-codec-socks-4.1.30.Final.jar:/home/user/.m2/repository/io/netty/netty-transport-native-epoll/4.1.30.Final/netty-transport-native-epoll-4.1.30.Final.jar:/home/user/.m2/repository/io/netty/netty-common/4.1.30.Final/netty-common-4.1.30.Final.jar:/home/user/.m2/repository/io/netty/netty-buffer/4.1.30.Final/netty-buffer-4.1.30.Final.jar:/home/user/.m2/repository/io/netty/netty-transport/4.1.30.Final/netty-transport-4.1.30.Final.jar:/home/user/.m2/repository/io/netty/netty-resolver/4.1.30.Final/netty-resolver-4.1.30.Final.jar:/home/user/.m2/repository/io/netty/netty-transport-native-unix-common/4.1.30.Final/netty-transport-native-unix-common-4.1.30.Final.jar:/home/user/.m2/repository/io/grpc/grpc-protobuf/1.17.1/grpc-protobuf-1.17.1.jar:/home/user/.m2/repository/com/google/api/grpc/proto-google-common-protos/1.0.0/proto-google-common-protos-1.0.0.jar:/home/user/.m2/repository/io/grpc/grpc-protobuf-lite/1.17.1/grpc-protobuf-lite-1.17.1.jar:/home/user/.m2/repository/io/grpc/grpc-stub/1.17.1/grpc-stub-1.17.1.jar:/home/user/.m2/repository/org/apache/hadoop/hadoop-ozone-recon/0.5.0-SNAPSHOT/hadoop-ozone-recon-0.5.0-SNAPSHOT.jar:/home/user/.m2/repository/org/apache/hadoop/hadoop-ozone-reconcodegen/0.5.0-SNAPSHOT/hadoop-ozone-reconcodegen-0.5.0-SNAPSHOT.jar:/home/user/.m2/repository/com/google/inject/extensions/guice-multibindings/4.0/guice-multibindings-4.0.jar:/home/user/.m2/repository/com/google/inject/guice/4.0/guice-4.0.jar:/home/user/.m2/repository/aopalliance/aopalliance/1.0/aopalliance-1.0.jar:/home/user/.m2/repository/com/google/inject/extensions/guice-servlet/4.0/guice-servlet-4.0.jar:/home/user/.m2/repository/org/glassfish/jersey/containers/jersey-container-servlet/2.27/jersey-container-servlet-2.27.jar:/home/user/.m2/repository/org/glassfish/hk2/guice-bridge/2.5.0/guice-bridge-2.5.0.jar:/home/user/.m2/repository/org/glassfish/jersey/core/jersey-server/2.27/jersey-server-2.27.jar:/home/user/.m2/repository/org/glassfish/jersey/core/jersey-client/2.27/jersey-client-2.27.jar:/home/user/.m2/repository/org/glassfish/jersey/media/jersey-media-jaxb/2.27/jersey-media-jaxb-2.27.jar:/home/user/.m2/repository/javax/validation/validation-api/1.1.0.Final/validation-api-1.1.0.Final.jar:/home/user/.m2/repository/org/glassfish/jersey/media/jersey-media-json-jackson/2.27/jersey-media-json-jackson-2.27.jar:/home/user/.m2/repository/org/glassfish/jersey/ext/jersey-entity-filtering/2.27/jersey-entity-filtering-2.27.jar:/home/user/.m2/repository/com/google/inject/extensions/guice-assistedinject/4.0/guice-assistedinject-4.0.jar:/home/user/.m2/repository/org/jooq/jooq/3.11.10/jooq-3.11.10.jar:/home/user/.m2/repository/org/jooq/jooq-meta/3.11.10/jooq-meta-3.11.10.jar:/home/user/.m2/repository/org/jooq/jooq-codegen/3.11.10/jooq-codegen-3.11.10.jar:/home/user/.m2/repository/com/jolbox/bonecp/0.8.0.RELEASE/bonecp-0.8.0.RELEASE.jar:/home/user/.m2/repository/org/xerial/sqlite-jdbc/3.25.2/sqlite-jdbc-3.25.2.jar:/home/user/.m2/repository/org/springframework/spring-jdbc/5.1.3.RELEASE/spring-jdbc-5.1.3.RELEASE.jar:/home/user/.m2/repository/org/springframework/spring-beans/5.1.3.RELEASE/spring-beans-5.1.3.RELEASE.jar:/home/user/.m2/repository/org/springframework/spring-core/5.1.3.RELEASE/spring-core-5.1.3.RELEASE.jar:/home/user/.m2/repository/org/springframework/spring-jcl/5.1.3.RELEASE/spring-jcl-5.1.3.RELEASE.jar:/home/user/.m2/repository/org/springframework/spring-tx/5.1.3.RELEASE/spring-tx-5.1.3.RELEASE.jar:/home/user/.m2/repository/org/apache/hadoop/hadoop-ozone-client/0.5.0-SNAPSHOT/hadoop-ozone-client-0.5.0-SNAPSHOT.jar:/home/user/.m2/repository/commons-lang/commons-lang/2.6/commons-lang-2.6.jar:/home/user/.m2/repository/org/apache/hadoop/hadoop-ozone-ozone-manager/0.5.0-SNAPSHOT/hadoop-ozone-ozone-manager-0.5.0-SNAPSHOT-tests.jar:/home/user/.m2/repository/junit/junit/4.11/junit-4.11.jar:/home/user/.m2/repository/org/hamcrest/hamcrest-core/1.3/hamcrest-core-1.3.jar:/home/user/.m2/repository/org/openjdk/jmh/jmh-core/1.19/jmh-core-1.19.jar:/home/user/.m2/repository/net/sf/jopt-simple/jopt-simple/4.6/jopt-simple-4.6.jar:/home/user/.m2/repository/org/apache/commons/commons-math3/3.1.1/commons-math3-3.1.1.jar:/home/user/.m2/repository/org/openjdk/jmh/jmh-generator-annprocess/1.19/jmh-generator-annprocess-1.19.jar:/home/user/.m2/repository/org/mockito/mockito-all/1.8.5/mockito-all-1.8.5.jar:/home/user/.m2/repository/org/apache/hadoop/hadoop-kms/3.2.0/hadoop-kms-3.2.0.jar:/home/user/.m2/repository/org/apache/hadoop/hadoop-auth/3.2.0/hadoop-auth-3.2.0.jar:/home/user/.m2/repository/com/nimbusds/nimbus-jose-jwt/4.41.1/nimbus-jose-jwt-4.41.1.jar:/home/user/.m2/repository/com/github/stephenc/jcip/jcip-annotations/1.0-1/jcip-annotations-1.0-1.jar:/home/user/.m2/repository/net/minidev/json-smart/2.3/json-smart-2.3.jar:/home/user/.m2/repository/net/minidev/accessors-smart/1.2/accessors-smart-1.2.jar:/home/user/.m2/repository/org/ow2/asm/asm/5.0.4/asm-5.0.4.jar:/home/user/.m2/repository/org/apache/curator/curator-framework/2.12.0/curator-framework-2.12.0.jar:/home/user/.m2/repository/com/sun/jersey/jersey-core/1.19/jersey-core-1.19.jar:/home/user/.m2/repository/javax/ws/rs/jsr311-api/1.1.1/jsr311-api-1.1.1.jar:/home/user/.m2/repository/com/sun/jersey/jersey-server/1.19/jersey-server-1.19.jar:/home/user/.m2/repository/javax/servlet/javax.servlet-api/3.1.0/javax.servlet-api-3.1.0.jar:/home/user/.m2/repository/org/eclipse/jetty/jetty-server/9.3.25.v20180904/jetty-server-9.3.25.v20180904.jar:/home/user/.m2/repository/org/eclipse/jetty/jetty-http/9.3.25.v20180904/jetty-http-9.3.25.v20180904.jar:/home/user/.m2/repository/org/eclipse/jetty/jetty-io/9.3.25.v20180904/jetty-io-9.3.25.v20180904.jar:/home/user/.m2/repository/org/eclipse/jetty/jetty-webapp/9.3.25.v20180904/jetty-webapp-9.3.25.v20180904.jar:/home/user/.m2/repository/org/eclipse/jetty/jetty-xml/9.3.25.v20180904/jetty-xml-9.3.25.v20180904.jar:/home/user/.m2/repository/log4j/log4j/1.2.17/log4j-1.2.17.jar:/home/user/.m2/repository/org/slf4j/slf4j-api/1.7.25/slf4j-api-1.7.25.jar:/home/user/.m2/repository/org/slf4j/jul-to-slf4j/1.7.25/jul-to-slf4j-1.7.25.jar:/home/user/.m2/repository/org/eclipse/jetty/jetty-util/9.3.25.v20180904/jetty-util-9.3.25.v20180904.jar:/home/user/.m2/repository/com/fasterxml/jackson/core/jackson-databind/2.9.9/jackson-databind-2.9.9.jar:/home/user/.m2/repository/org/apache/hadoop/hadoop-kms/3.2.0/hadoop-kms-3.2.0-tests.jar:/home/user/.m2/repository/org/apache/hadoop/hadoop-hdds-server-scm/0.5.0-SNAPSHOT/hadoop-hdds-server-scm-0.5.0-SNAPSHOT-tests.jar:/home/user/.m2/repository/org/apache/hadoop/hadoop-hdds-container-service/0.5.0-SNAPSHOT/hadoop-hdds-container-service-0.5.0-SNAPSHOT-tests.jar:/home/user/.m2/repository/org/yaml/snakeyaml/1.16/snakeyaml-1.16.jar:/home/user/.m2/repository/org/apache/hadoop/hadoop-common/3.2.0/hadoop-common-3.2.0-tests.jar:/home/user/.m2/repository/org/apache/hadoop/hadoop-annotations/3.2.0/hadoop-annotations-3.2.0.jar:/usr/lib/jvm/java-1.8-openjdk/jre/../lib/tools.jar:/home/user/.m2/repository/commons-cli/commons-cli/1.2/commons-cli-1.2.jar:/home/user/.m2/repository/org/apache/httpcomponents/httpclient/4.5.2/httpclient-4.5.2.jar:/home/user/.m2/repository/org/apache/httpcomponents/httpcore/4.4.4/httpcore-4.4.4.jar:/home/user/.m2/repository/commons-codec/commons-codec/1.11/commons-codec-1.11.jar:/home/user/.m2/repository/commons-net/commons-net/3.6/commons-net-3.6.jar:/home/user/.m2/repository/commons-collections/commons-collections/3.2.2/commons-collections-3.2.2.jar:/home/user/.m2/repository/org/eclipse/jetty/jetty-servlet/9.3.25.v20180904/jetty-servlet-9.3.25.v20180904.jar:/home/user/.m2/repository/org/eclipse/jetty/jetty-security/9.3.25.v20180904/jetty-security-9.3.25.v20180904.jar:/home/user/.m2/repository/javax/servlet/jsp/jsp-api/2.1/jsp-api-2.1.jar:/home/user/.m2/repository/com/sun/jersey/jersey-servlet/1.19/jersey-servlet-1.19.jar:/home/user/.m2/repository/com/sun/jersey/jersey-json/1.19/jersey-json-1.19.jar:/home/user/.m2/repository/org/codehaus/jettison/jettison/1.1/jettison-1.1.jar:/home/user/.m2/repository/org/codehaus/jackson/jackson-core-asl/1.9.13/jackson-core-asl-1.9.13.jar:/home/user/.m2/repository/org/codehaus/jackson/jackson-mapper-asl/1.9.13/jackson-mapper-asl-1.9.13.jar:/home/user/.m2/repository/org/codehaus/jackson/jackson-jaxrs/1.9.13/jackson-jaxrs-1.9.13.jar:/home/user/.m2/repository/org/codehaus/jackson/jackson-xc/1.9.13/jackson-xc-1.9.13.jar:/home/user/.m2/repository/commons-logging/commons-logging/1.1.3/commons-logging-1.1.3.jar:/home/user/.m2/repository/commons-beanutils/commons-beanutils/1.9.4/commons-beanutils-1.9.4.jar:/home/user/.m2/repository/org/apache/commons/commons-configuration2/2.1.1/commons-configuration2-2.1.1.jar:/home/user/.m2/repository/org/apache/commons/commons-lang3/3.7/commons-lang3-3.7.jar:/home/user/.m2/repository/org/apache/commons/commons-text/1.4/commons-text-1.4.jar:/home/user/.m2/repository/org/apache/avro/avro/1.7.7/avro-1.7.7.jar:/home/user/.m2/repository/com/thoughtworks/paranamer/paranamer/2.3/paranamer-2.3.jar:/home/user/.m2/repository/org/xerial/snappy/snappy-java/1.0.5/snappy-java-1.0.5.jar:/home/user/.m2/repository/com/google/re2j/re2j/1.1/re2j-1.1.jar:/home/user/.m2/repository/com/google/code/gson/gson/2.2.4/gson-2.2.4.jar:/home/user/.m2/repository/com/jcraft/jsch/0.1.54/jsch-0.1.54.jar:/home/user/.m2/repository/org/apache/curator/curator-client/2.12.0/curator-client-2.12.0.jar:/home/user/.m2/repository/org/apache/curator/curator-recipes/2.12.0/curator-recipes-2.12.0.jar:/home/user/.m2/repository/com/google/code/findbugs/jsr305/3.0.0/jsr305-3.0.0.jar:/home/user/.m2/repository/org/apache/htrace/htrace-core4/4.1.0-incubating/htrace-core4-4.1.0-incubating.jar:/home/user/.m2/repository/org/apache/zookeeper/zookeeper/3.4.13/zookeeper-3.4.13.jar:/home/user/.m2/repository/jline/jline/0.9.94/jline-0.9.94.jar:/home/user/.m2/repository/org/apache/yetus/audience-annotations/0.5.0/audience-annotations-0.5.0.jar:/home/user/.m2/repository/org/codehaus/woodstox/stax2-api/3.1.4/stax2-api-3.1.4.jar:/home/user/.m2/repository/com/fasterxml/woodstox/woodstox-core/5.0.3/woodstox-core-5.0.3.jar:/home/user/.m2/repository/dnsjava/dnsjava/2.1.7/dnsjava-2.1.7.jar:/home/user/.m2/repository/org/apache/hadoop/hadoop-hdfs/3.2.0/hadoop-hdfs-3.2.0-tests.jar:/home/user/.m2/repository/org/eclipse/jetty/jetty-util-ajax/9.3.25.v20180904/jetty-util-ajax-9.3.25.v20180904.jar:/home/user/.m2/repository/commons-daemon/commons-daemon/1.0.13/commons-daemon-1.0.13.jar:/home/user/.m2/repository/io/netty/netty/3.10.5.Final/netty-3.10.5.Final.jar:/home/user/.m2/repository/io/netty/netty-all/4.0.52.Final/netty-all-4.0.52.Final.jar:/home/user/.m2/repository/org/fusesource/leveldbjni/leveldbjni-all/1.8/leveldbjni-all-1.8.jar:"/>
    <property name="java.vm.vendor" value="IcedTea"/>
    <property name="sun.arch.data.model" value="64"/>
    <property name="test.build.dir" value="/workdir/hadoop-ozone/integration-test/target/test-dir"/>
    <property name="test.cache.data" value=""/>
    <property name="java.vendor.url" value="https://icedtea.classpath.org"/>
    <property name="user.timezone" value=""/>
    <property name="java.vm.specification.version" value="1.8"/>
    <property name="os.name" value="Linux"/>
    <property name="test.build.data" value="/workdir/hadoop-ozone/integration-test/target/test-dir"/>
    <property name="user.country" value="US"/>
    <property name="sun.java.launcher" value="SUN_STANDARD"/>
    <property name="sun.boot.library.path" value="/usr/lib/jvm/java-1.8-openjdk/jre/lib/amd64"/>
    <property name="sun.java.command" value="/workdir/hadoop-ozone/integration-test/target/surefire/surefirebooter5036521274837751316.jar /workdir/hadoop-ozone/integration-test/target/surefire 2019-09-25T04-24-54_173-jvmRun1 surefire4249833248342439453tmp surefire_262259707293373326061tmp"/>
    <property name="test" value="!TestMiniChaosOzoneCluster"/>
    <property name="surefire.test.class.path" value="/workdir/hadoop-ozone/integration-test/target/test-classes:/workdir/hadoop-ozone/integration-test/target/classes:/home/user/.m2/repository/org/apache/hadoop/hadoop-ozone-common/0.5.0-SNAPSHOT/hadoop-ozone-common-0.5.0-SNAPSHOT.jar:/home/user/.m2/repository/org/apache/commons/commons-compress/1.4.1/commons-compress-1.4.1.jar:/home/user/.m2/repository/org/tukaani/xz/1.0/xz-1.0.jar:/home/user/.m2/repository/org/apache/hadoop/hadoop-common/3.2.0/hadoop-common-3.2.0.jar:/home/user/.m2/repository/org/apache/hadoop/hadoop-hdfs/3.2.0/hadoop-hdfs-3.2.0.jar:/home/user/.m2/repository/org/apache/hadoop/hadoop-hdfs-client/3.2.0/hadoop-hdfs-client-3.2.0.jar:/home/user/.m2/repository/com/fasterxml/jackson/core/jackson-annotations/2.9.9/jackson-annotations-2.9.9.jar:/home/user/.m2/repository/org/apache/hadoop/hadoop-hdds-common/0.5.0-SNAPSHOT/hadoop-hdds-common-0.5.0-SNAPSHOT.jar:/home/user/.m2/repository/javax/annotation/javax.annotation-api/1.2/javax.annotation-api-1.2.jar:/home/user/.m2/repository/org/apache/ratis/ratis-server/0.4.0/ratis-server-0.4.0.jar:/home/user/.m2/repository/org/apache/ratis/ratis-thirdparty-misc/0.2.0/ratis-thirdparty-misc-0.2.0.jar:/home/user/.m2/repository/org/apache/ratis/ratis-proto/0.4.0/ratis-proto-0.4.0.jar:/home/user/.m2/repository/org/apache/ratis/ratis-common/0.4.0/ratis-common-0.4.0.jar:/home/user/.m2/repository/org/apache/ratis/ratis-client/0.4.0/ratis-client-0.4.0.jar:/home/user/.m2/repository/org/apache/ratis/ratis-metrics/0.4.0/ratis-metrics-0.4.0.jar:/home/user/.m2/repository/com/github/joshelser/dropwizard-metrics-hadoop-metrics2-reporter/0.1.2/dropwizard-metrics-hadoop-metrics2-reporter-0.1.2.jar:/home/user/.m2/repository/io/dropwizard/metrics/metrics-jvm/3.2.5/metrics-jvm-3.2.5.jar:/home/user/.m2/repository/io/dropwizard/metrics/metrics-ganglia/3.2.5/metrics-ganglia-3.2.5.jar:/home/user/.m2/repository/info/ganglia/gmetric4j/gmetric4j/1.0.7/gmetric4j-1.0.7.jar:/home/user/.m2/repository/org/apache/ratis/ratis-netty/0.4.0/ratis-netty-0.4.0.jar:/home/user/.m2/repository/org/apache/ratis/ratis-grpc/0.4.0/ratis-grpc-0.4.0.jar:/home/user/.m2/repository/org/rocksdb/rocksdbjni/6.0.1/rocksdbjni-6.0.1.jar:/home/user/.m2/repository/org/apache/logging/log4j/log4j-api/2.11.0/log4j-api-2.11.0.jar:/home/user/.m2/repository/org/apache/logging/log4j/log4j-core/2.11.0/log4j-core-2.11.0.jar:/home/user/.m2/repository/com/lmax/disruptor/3.4.2/disruptor-3.4.2.jar:/home/user/.m2/repository/org/apache/commons/commons-pool2/2.6.0/commons-pool2-2.6.0.jar:/home/user/.m2/repository/org/bouncycastle/bcpkix-jdk15on/1.60/bcpkix-jdk15on-1.60.jar:/home/user/.m2/repository/commons-validator/commons-validator/1.6/commons-validator-1.6.jar:/home/user/.m2/repository/commons-digester/commons-digester/1.8.1/commons-digester-1.8.1.jar:/home/user/.m2/repository/io/jaegertracing/jaeger-client/0.34.0/jaeger-client-0.34.0.jar:/home/user/.m2/repository/io/jaegertracing/jaeger-thrift/0.34.0/jaeger-thrift-0.34.0.jar:/home/user/.m2/repository/org/apache/thrift/libthrift/0.12.0/libthrift-0.12.0.jar:/home/user/.m2/repository/com/squareup/okhttp3/okhttp/3.9.0/okhttp-3.9.0.jar:/home/user/.m2/repository/com/squareup/okio/okio/1.13.0/okio-1.13.0.jar:/home/user/.m2/repository/io/jaegertracing/jaeger-core/0.34.0/jaeger-core-0.34.0.jar:/home/user/.m2/repository/io/jaegertracing/jaeger-tracerresolver/0.34.0/jaeger-tracerresolver-0.34.0.jar:/home/user/.m2/repository/io/opentracing/contrib/opentracing-tracerresolver/0.1.5/opentracing-tracerresolver-0.1.5.jar:/home/user/.m2/repository/io/opentracing/opentracing-util/0.31.0/opentracing-util-0.31.0.jar:/home/user/.m2/repository/io/opentracing/opentracing-api/0.31.0/opentracing-api-0.31.0.jar:/home/user/.m2/repository/io/opentracing/opentracing-noop/0.31.0/opentracing-noop-0.31.0.jar:/home/user/.m2/repository/org/apache/hadoop/hadoop-hdds-server-framework/0.5.0-SNAPSHOT/hadoop-hdds-server-framework-0.5.0-SNAPSHOT.jar:/home/user/.m2/repository/org/apache/hadoop/hadoop-hdds-container-service/0.5.0-SNAPSHOT/hadoop-hdds-container-service-0.5.0-SNAPSHOT.jar:/home/user/.m2/repository/org/apache/hadoop/hadoop-hdds-client/0.5.0-SNAPSHOT/hadoop-hdds-client-0.5.0-SNAPSHOT.jar:/home/user/.m2/repository/org/apache/hadoop/hadoop-hdds-tools/0.5.0-SNAPSHOT/hadoop-hdds-tools-0.5.0-SNAPSHOT.jar:/home/user/.m2/repository/org/apache/hadoop/hadoop-hdds-server-scm/0.5.0-SNAPSHOT/hadoop-hdds-server-scm-0.5.0-SNAPSHOT.jar:/home/user/.m2/repository/org/apache/hadoop/hadoop-hdds-docs/0.5.0-SNAPSHOT/hadoop-hdds-docs-0.5.0-SNAPSHOT.jar:/home/user/.m2/repository/io/dropwizard/metrics/metrics-core/3.2.4/metrics-core-3.2.4.jar:/home/user/.m2/repository/org/hamcrest/hamcrest-all/1.3/hamcrest-all-1.3.jar:/home/user/.m2/repository/org/bouncycastle/bcprov-jdk15on/1.60/bcprov-jdk15on-1.60.jar:/home/user/.m2/repository/info/picocli/picocli/3.9.6/picocli-3.9.6.jar:/home/user/.m2/repository/com/google/protobuf/protobuf-java/2.5.0/protobuf-java-2.5.0.jar:/home/user/.m2/repository/com/google/guava/guava/11.0.2/guava-11.0.2.jar:/home/user/.m2/repository/org/apache/hadoop/hadoop-ozone-ozone-manager/0.5.0-SNAPSHOT/hadoop-ozone-ozone-manager-0.5.0-SNAPSHOT.jar:/home/user/.m2/repository/org/apache/hadoop/hadoop-minikdc/3.2.0/hadoop-minikdc-3.2.0.jar:/home/user/.m2/repository/commons-io/commons-io/2.5/commons-io-2.5.jar:/home/user/.m2/repository/org/apache/kerby/kerb-simplekdc/1.0.1/kerb-simplekdc-1.0.1.jar:/home/user/.m2/repository/org/apache/kerby/kerb-client/1.0.1/kerb-client-1.0.1.jar:/home/user/.m2/repository/org/apache/kerby/kerby-config/1.0.1/kerby-config-1.0.1.jar:/home/user/.m2/repository/org/apache/kerby/kerb-core/1.0.1/kerb-core-1.0.1.jar:/home/user/.m2/repository/org/apache/kerby/kerby-pkix/1.0.1/kerby-pkix-1.0.1.jar:/home/user/.m2/repository/org/apache/kerby/kerby-asn1/1.0.1/kerby-asn1-1.0.1.jar:/home/user/.m2/repository/org/apache/kerby/kerby-util/1.0.1/kerby-util-1.0.1.jar:/home/user/.m2/repository/org/apache/kerby/kerb-common/1.0.1/kerb-common-1.0.1.jar:/home/user/.m2/repository/org/apache/kerby/kerb-crypto/1.0.1/kerb-crypto-1.0.1.jar:/home/user/.m2/repository/org/apache/kerby/kerb-util/1.0.1/kerb-util-1.0.1.jar:/home/user/.m2/repository/org/apache/kerby/token-provider/1.0.1/token-provider-1.0.1.jar:/home/user/.m2/repository/org/apache/kerby/kerb-admin/1.0.1/kerb-admin-1.0.1.jar:/home/user/.m2/repository/org/apache/kerby/kerb-server/1.0.1/kerb-server-1.0.1.jar:/home/user/.m2/repository/org/apache/kerby/kerb-identity/1.0.1/kerb-identity-1.0.1.jar:/home/user/.m2/repository/org/apache/kerby/kerby-xdr/1.0.1/kerby-xdr-1.0.1.jar:/home/user/.m2/repository/org/slf4j/slf4j-log4j12/1.7.25/slf4j-log4j12-1.7.25.jar:/home/user/.m2/repository/org/apache/hadoop/hadoop-ozone-s3gateway/0.5.0-SNAPSHOT/hadoop-ozone-s3gateway-0.5.0-SNAPSHOT.jar:/home/user/.m2/repository/org/jboss/weld/servlet/weld-servlet/2.4.7.Final/weld-servlet-2.4.7.Final.jar:/home/user/.m2/repository/org/glassfish/jersey/containers/jersey-container-servlet-core/2.27/jersey-container-servlet-core-2.27.jar:/home/user/.m2/repository/org/glassfish/hk2/external/javax.inject/2.5.0-b42/javax.inject-2.5.0-b42.jar:/home/user/.m2/repository/org/glassfish/jersey/core/jersey-common/2.27/jersey-common-2.27.jar:/home/user/.m2/repository/org/glassfish/hk2/osgi-resource-locator/1.0.1/osgi-resource-locator-1.0.1.jar:/home/user/.m2/repository/javax/ws/rs/javax.ws.rs-api/2.1/javax.ws.rs-api-2.1.jar:/home/user/.m2/repository/org/glassfish/jersey/ext/cdi/jersey-cdi1x/2.27/jersey-cdi1x-2.27.jar:/home/user/.m2/repository/org/glassfish/jersey/inject/jersey-hk2/2.27/jersey-hk2-2.27.jar:/home/user/.m2/repository/org/glassfish/hk2/hk2-locator/2.5.0-b42/hk2-locator-2.5.0-b42.jar:/home/user/.m2/repository/org/javassist/javassist/3.22.0-CR2/javassist-3.22.0-CR2.jar:/home/user/.m2/repository/org/glassfish/hk2/hk2-api/2.5.0/hk2-api-2.5.0.jar:/home/user/.m2/repository/org/glassfish/hk2/external/jakarta.inject/2.5.0/jakarta.inject-2.5.0.jar:/home/user/.m2/repository/org/glassfish/hk2/hk2-utils/2.5.0/hk2-utils-2.5.0.jar:/home/user/.m2/repository/jakarta/annotation/jakarta.annotation-api/1.3.4/jakarta.annotation-api-1.3.4.jar:/home/user/.m2/repository/org/glassfish/hk2/external/aopalliance-repackaged/2.5.0/aopalliance-repackaged-2.5.0.jar:/home/user/.m2/repository/com/fasterxml/jackson/dataformat/jackson-dataformat-xml/2.9.0/jackson-dataformat-xml-2.9.0.jar:/home/user/.m2/repository/com/fasterxml/jackson/core/jackson-core/2.9.9/jackson-core-2.9.9.jar:/home/user/.m2/repository/com/fasterxml/jackson/module/jackson-module-jaxb-annotations/2.9.9/jackson-module-jaxb-annotations-2.9.9.jar:/home/user/.m2/repository/javax/enterprise/cdi-api/1.2/cdi-api-1.2.jar:/home/user/.m2/repository/javax/el/javax.el-api/3.0.0/javax.el-api-3.0.0.jar:/home/user/.m2/repository/javax/interceptor/javax.interceptor-api/1.2/javax.interceptor-api-1.2.jar:/home/user/.m2/repository/javax/inject/javax.inject/1/javax.inject-1.jar:/home/user/.m2/repository/com/sun/xml/bind/jaxb-impl/2.3.0.1/jaxb-impl-2.3.0.1.jar:/home/user/.m2/repository/com/sun/xml/bind/jaxb-core/2.3.0.1/jaxb-core-2.3.0.1.jar:/home/user/.m2/repository/javax/xml/bind/jaxb-api/2.3.0/jaxb-api-2.3.0.jar:/home/user/.m2/repository/javax/activation/activation/1.1.1/activation-1.1.1.jar:/home/user/.m2/repository/org/apache/hadoop/hadoop-ozone-csi/0.5.0-SNAPSHOT/hadoop-ozone-csi-0.5.0-SNAPSHOT.jar:/home/user/.m2/repository/com/google/protobuf/protobuf-java-util/3.5.1/protobuf-java-util-3.5.1.jar:/home/user/.m2/repository/org/apache/hadoop/hadoop-hdds-config/0.5.0-SNAPSHOT/hadoop-hdds-config-0.5.0-SNAPSHOT.jar:/home/user/.m2/repository/io/grpc/grpc-netty/1.17.1/grpc-netty-1.17.1.jar:/home/user/.m2/repository/io/grpc/grpc-core/1.17.1/grpc-core-1.17.1.jar:/home/user/.m2/repository/io/grpc/grpc-context/1.17.1/grpc-context-1.17.1.jar:/home/user/.m2/repository/com/google/errorprone/error_prone_annotations/2.2.0/error_prone_annotations-2.2.0.jar:/home/user/.m2/repository/org/codehaus/mojo/animal-sniffer-annotations/1.17/animal-sniffer-annotations-1.17.jar:/home/user/.m2/repository/io/opencensus/opencensus-api/0.17.0/opencensus-api-0.17.0.jar:/home/user/.m2/repository/io/opencensus/opencensus-contrib-grpc-metrics/0.17.0/opencensus-contrib-grpc-metrics-0.17.0.jar:/home/user/.m2/repository/io/netty/netty-codec-http2/4.1.30.Final/netty-codec-http2-4.1.30.Final.jar:/home/user/.m2/repository/io/netty/netty-codec-http/4.1.30.Final/netty-codec-http-4.1.30.Final.jar:/home/user/.m2/repository/io/netty/netty-codec/4.1.30.Final/netty-codec-4.1.30.Final.jar:/home/user/.m2/repository/io/netty/netty-handler/4.1.30.Final/netty-handler-4.1.30.Final.jar:/home/user/.m2/repository/io/netty/netty-handler-proxy/4.1.30.Final/netty-handler-proxy-4.1.30.Final.jar:/home/user/.m2/repository/io/netty/netty-codec-socks/4.1.30.Final/netty-codec-socks-4.1.30.Final.jar:/home/user/.m2/repository/io/netty/netty-transport-native-epoll/4.1.30.Final/netty-transport-native-epoll-4.1.30.Final.jar:/home/user/.m2/repository/io/netty/netty-common/4.1.30.Final/netty-common-4.1.30.Final.jar:/home/user/.m2/repository/io/netty/netty-buffer/4.1.30.Final/netty-buffer-4.1.30.Final.jar:/home/user/.m2/repository/io/netty/netty-transport/4.1.30.Final/netty-transport-4.1.30.Final.jar:/home/user/.m2/repository/io/netty/netty-resolver/4.1.30.Final/netty-resolver-4.1.30.Final.jar:/home/user/.m2/repository/io/netty/netty-transport-native-unix-common/4.1.30.Final/netty-transport-native-unix-common-4.1.30.Final.jar:/home/user/.m2/repository/io/grpc/grpc-protobuf/1.17.1/grpc-protobuf-1.17.1.jar:/home/user/.m2/repository/com/google/api/grpc/proto-google-common-protos/1.0.0/proto-google-common-protos-1.0.0.jar:/home/user/.m2/repository/io/grpc/grpc-protobuf-lite/1.17.1/grpc-protobuf-lite-1.17.1.jar:/home/user/.m2/repository/io/grpc/grpc-stub/1.17.1/grpc-stub-1.17.1.jar:/home/user/.m2/repository/org/apache/hadoop/hadoop-ozone-recon/0.5.0-SNAPSHOT/hadoop-ozone-recon-0.5.0-SNAPSHOT.jar:/home/user/.m2/repository/org/apache/hadoop/hadoop-ozone-reconcodegen/0.5.0-SNAPSHOT/hadoop-ozone-reconcodegen-0.5.0-SNAPSHOT.jar:/home/user/.m2/repository/com/google/inject/extensions/guice-multibindings/4.0/guice-multibindings-4.0.jar:/home/user/.m2/repository/com/google/inject/guice/4.0/guice-4.0.jar:/home/user/.m2/repository/aopalliance/aopalliance/1.0/aopalliance-1.0.jar:/home/user/.m2/repository/com/google/inject/extensions/guice-servlet/4.0/guice-servlet-4.0.jar:/home/user/.m2/repository/org/glassfish/jersey/containers/jersey-container-servlet/2.27/jersey-container-servlet-2.27.jar:/home/user/.m2/repository/org/glassfish/hk2/guice-bridge/2.5.0/guice-bridge-2.5.0.jar:/home/user/.m2/repository/org/glassfish/jersey/core/jersey-server/2.27/jersey-server-2.27.jar:/home/user/.m2/repository/org/glassfish/jersey/core/jersey-client/2.27/jersey-client-2.27.jar:/home/user/.m2/repository/org/glassfish/jersey/media/jersey-media-jaxb/2.27/jersey-media-jaxb-2.27.jar:/home/user/.m2/repository/javax/validation/validation-api/1.1.0.Final/validation-api-1.1.0.Final.jar:/home/user/.m2/repository/org/glassfish/jersey/media/jersey-media-json-jackson/2.27/jersey-media-json-jackson-2.27.jar:/home/user/.m2/repository/org/glassfish/jersey/ext/jersey-entity-filtering/2.27/jersey-entity-filtering-2.27.jar:/home/user/.m2/repository/com/google/inject/extensions/guice-assistedinject/4.0/guice-assistedinject-4.0.jar:/home/user/.m2/repository/org/jooq/jooq/3.11.10/jooq-3.11.10.jar:/home/user/.m2/repository/org/jooq/jooq-meta/3.11.10/jooq-meta-3.11.10.jar:/home/user/.m2/repository/org/jooq/jooq-codegen/3.11.10/jooq-codegen-3.11.10.jar:/home/user/.m2/repository/com/jolbox/bonecp/0.8.0.RELEASE/bonecp-0.8.0.RELEASE.jar:/home/user/.m2/repository/org/xerial/sqlite-jdbc/3.25.2/sqlite-jdbc-3.25.2.jar:/home/user/.m2/repository/org/springframework/spring-jdbc/5.1.3.RELEASE/spring-jdbc-5.1.3.RELEASE.jar:/home/user/.m2/repository/org/springframework/spring-beans/5.1.3.RELEASE/spring-beans-5.1.3.RELEASE.jar:/home/user/.m2/repository/org/springframework/spring-core/5.1.3.RELEASE/spring-core-5.1.3.RELEASE.jar:/home/user/.m2/repository/org/springframework/spring-jcl/5.1.3.RELEASE/spring-jcl-5.1.3.RELEASE.jar:/home/user/.m2/repository/org/springframework/spring-tx/5.1.3.RELEASE/spring-tx-5.1.3.RELEASE.jar:/home/user/.m2/repository/org/apache/hadoop/hadoop-ozone-client/0.5.0-SNAPSHOT/hadoop-ozone-client-0.5.0-SNAPSHOT.jar:/home/user/.m2/repository/commons-lang/commons-lang/2.6/commons-lang-2.6.jar:/home/user/.m2/repository/org/apache/hadoop/hadoop-ozone-ozone-manager/0.5.0-SNAPSHOT/hadoop-ozone-ozone-manager-0.5.0-SNAPSHOT-tests.jar:/home/user/.m2/repository/junit/junit/4.11/junit-4.11.jar:/home/user/.m2/repository/org/hamcrest/hamcrest-core/1.3/hamcrest-core-1.3.jar:/home/user/.m2/repository/org/openjdk/jmh/jmh-core/1.19/jmh-core-1.19.jar:/home/user/.m2/repository/net/sf/jopt-simple/jopt-simple/4.6/jopt-simple-4.6.jar:/home/user/.m2/repository/org/apache/commons/commons-math3/3.1.1/commons-math3-3.1.1.jar:/home/user/.m2/repository/org/openjdk/jmh/jmh-generator-annprocess/1.19/jmh-generator-annprocess-1.19.jar:/home/user/.m2/repository/org/mockito/mockito-all/1.8.5/mockito-all-1.8.5.jar:/home/user/.m2/repository/org/apache/hadoop/hadoop-kms/3.2.0/hadoop-kms-3.2.0.jar:/home/user/.m2/repository/org/apache/hadoop/hadoop-auth/3.2.0/hadoop-auth-3.2.0.jar:/home/user/.m2/repository/com/nimbusds/nimbus-jose-jwt/4.41.1/nimbus-jose-jwt-4.41.1.jar:/home/user/.m2/repository/com/github/stephenc/jcip/jcip-annotations/1.0-1/jcip-annotations-1.0-1.jar:/home/user/.m2/repository/net/minidev/json-smart/2.3/json-smart-2.3.jar:/home/user/.m2/repository/net/minidev/accessors-smart/1.2/accessors-smart-1.2.jar:/home/user/.m2/repository/org/ow2/asm/asm/5.0.4/asm-5.0.4.jar:/home/user/.m2/repository/org/apache/curator/curator-framework/2.12.0/curator-framework-2.12.0.jar:/home/user/.m2/repository/com/sun/jersey/jersey-core/1.19/jersey-core-1.19.jar:/home/user/.m2/repository/javax/ws/rs/jsr311-api/1.1.1/jsr311-api-1.1.1.jar:/home/user/.m2/repository/com/sun/jersey/jersey-server/1.19/jersey-server-1.19.jar:/home/user/.m2/repository/javax/servlet/javax.servlet-api/3.1.0/javax.servlet-api-3.1.0.jar:/home/user/.m2/repository/org/eclipse/jetty/jetty-server/9.3.25.v20180904/jetty-server-9.3.25.v20180904.jar:/home/user/.m2/repository/org/eclipse/jetty/jetty-http/9.3.25.v20180904/jetty-http-9.3.25.v20180904.jar:/home/user/.m2/repository/org/eclipse/jetty/jetty-io/9.3.25.v20180904/jetty-io-9.3.25.v20180904.jar:/home/user/.m2/repository/org/eclipse/jetty/jetty-webapp/9.3.25.v20180904/jetty-webapp-9.3.25.v20180904.jar:/home/user/.m2/repository/org/eclipse/jetty/jetty-xml/9.3.25.v20180904/jetty-xml-9.3.25.v20180904.jar:/home/user/.m2/repository/log4j/log4j/1.2.17/log4j-1.2.17.jar:/home/user/.m2/repository/org/slf4j/slf4j-api/1.7.25/slf4j-api-1.7.25.jar:/home/user/.m2/repository/org/slf4j/jul-to-slf4j/1.7.25/jul-to-slf4j-1.7.25.jar:/home/user/.m2/repository/org/eclipse/jetty/jetty-util/9.3.25.v20180904/jetty-util-9.3.25.v20180904.jar:/home/user/.m2/repository/com/fasterxml/jackson/core/jackson-databind/2.9.9/jackson-databind-2.9.9.jar:/home/user/.m2/repository/org/apache/hadoop/hadoop-kms/3.2.0/hadoop-kms-3.2.0-tests.jar:/home/user/.m2/repository/org/apache/hadoop/hadoop-hdds-server-scm/0.5.0-SNAPSHOT/hadoop-hdds-server-scm-0.5.0-SNAPSHOT-tests.jar:/home/user/.m2/repository/org/apache/hadoop/hadoop-hdds-container-service/0.5.0-SNAPSHOT/hadoop-hdds-container-service-0.5.0-SNAPSHOT-tests.jar:/home/user/.m2/repository/org/yaml/snakeyaml/1.16/snakeyaml-1.16.jar:/home/user/.m2/repository/org/apache/hadoop/hadoop-common/3.2.0/hadoop-common-3.2.0-tests.jar:/home/user/.m2/repository/org/apache/hadoop/hadoop-annotations/3.2.0/hadoop-annotations-3.2.0.jar:/usr/lib/jvm/java-1.8-openjdk/jre/../lib/tools.jar:/home/user/.m2/repository/commons-cli/commons-cli/1.2/commons-cli-1.2.jar:/home/user/.m2/repository/org/apache/httpcomponents/httpclient/4.5.2/httpclient-4.5.2.jar:/home/user/.m2/repository/org/apache/httpcomponents/httpcore/4.4.4/httpcore-4.4.4.jar:/home/user/.m2/repository/commons-codec/commons-codec/1.11/commons-codec-1.11.jar:/home/user/.m2/repository/commons-net/commons-net/3.6/commons-net-3.6.jar:/home/user/.m2/repository/commons-collections/commons-collections/3.2.2/commons-collections-3.2.2.jar:/home/user/.m2/repository/org/eclipse/jetty/jetty-servlet/9.3.25.v20180904/jetty-servlet-9.3.25.v20180904.jar:/home/user/.m2/repository/org/eclipse/jetty/jetty-security/9.3.25.v20180904/jetty-security-9.3.25.v20180904.jar:/home/user/.m2/repository/javax/servlet/jsp/jsp-api/2.1/jsp-api-2.1.jar:/home/user/.m2/repository/com/sun/jersey/jersey-servlet/1.19/jersey-servlet-1.19.jar:/home/user/.m2/repository/com/sun/jersey/jersey-json/1.19/jersey-json-1.19.jar:/home/user/.m2/repository/org/codehaus/jettison/jettison/1.1/jettison-1.1.jar:/home/user/.m2/repository/org/codehaus/jackson/jackson-core-asl/1.9.13/jackson-core-asl-1.9.13.jar:/home/user/.m2/repository/org/codehaus/jackson/jackson-mapper-asl/1.9.13/jackson-mapper-asl-1.9.13.jar:/home/user/.m2/repository/org/codehaus/jackson/jackson-jaxrs/1.9.13/jackson-jaxrs-1.9.13.jar:/home/user/.m2/repository/org/codehaus/jackson/jackson-xc/1.9.13/jackson-xc-1.9.13.jar:/home/user/.m2/repository/commons-logging/commons-logging/1.1.3/commons-logging-1.1.3.jar:/home/user/.m2/repository/commons-beanutils/commons-beanutils/1.9.4/commons-beanutils-1.9.4.jar:/home/user/.m2/repository/org/apache/commons/commons-configuration2/2.1.1/commons-configuration2-2.1.1.jar:/home/user/.m2/repository/org/apache/commons/commons-lang3/3.7/commons-lang3-3.7.jar:/home/user/.m2/repository/org/apache/commons/commons-text/1.4/commons-text-1.4.jar:/home/user/.m2/repository/org/apache/avro/avro/1.7.7/avro-1.7.7.jar:/home/user/.m2/repository/com/thoughtworks/paranamer/paranamer/2.3/paranamer-2.3.jar:/home/user/.m2/repository/org/xerial/snappy/snappy-java/1.0.5/snappy-java-1.0.5.jar:/home/user/.m2/repository/com/google/re2j/re2j/1.1/re2j-1.1.jar:/home/user/.m2/repository/com/google/code/gson/gson/2.2.4/gson-2.2.4.jar:/home/user/.m2/repository/com/jcraft/jsch/0.1.54/jsch-0.1.54.jar:/home/user/.m2/repository/org/apache/curator/curator-client/2.12.0/curator-client-2.12.0.jar:/home/user/.m2/repository/org/apache/curator/curator-recipes/2.12.0/curator-recipes-2.12.0.jar:/home/user/.m2/repository/com/google/code/findbugs/jsr305/3.0.0/jsr305-3.0.0.jar:/home/user/.m2/repository/org/apache/htrace/htrace-core4/4.1.0-incubating/htrace-core4-4.1.0-incubating.jar:/home/user/.m2/repository/org/apache/zookeeper/zookeeper/3.4.13/zookeeper-3.4.13.jar:/home/user/.m2/repository/jline/jline/0.9.94/jline-0.9.94.jar:/home/user/.m2/repository/org/apache/yetus/audience-annotations/0.5.0/audience-annotations-0.5.0.jar:/home/user/.m2/repository/org/codehaus/woodstox/stax2-api/3.1.4/stax2-api-3.1.4.jar:/home/user/.m2/repository/com/fasterxml/woodstox/woodstox-core/5.0.3/woodstox-core-5.0.3.jar:/home/user/.m2/repository/dnsjava/dnsjava/2.1.7/dnsjava-2.1.7.jar:/home/user/.m2/repository/org/apache/hadoop/hadoop-hdfs/3.2.0/hadoop-hdfs-3.2.0-tests.jar:/home/user/.m2/repository/org/eclipse/jetty/jetty-util-ajax/9.3.25.v20180904/jetty-util-ajax-9.3.25.v20180904.jar:/home/user/.m2/repository/commons-daemon/commons-daemon/1.0.13/commons-daemon-1.0.13.jar:/home/user/.m2/repository/io/netty/netty/3.10.5.Final/netty-3.10.5.Final.jar:/home/user/.m2/repository/io/netty/netty-all/4.0.52.Final/netty-all-4.0.52.Final.jar:/home/user/.m2/repository/org/fusesource/leveldbjni/leveldbjni-all/1.8/leveldbjni-all-1.8.jar:"/>
    <property name="sun.cpu.endian" value="little"/>
    <property name="user.home" value="/home/user"/>
    <property name="user.language" value="en"/>
    <property name="java.specification.vendor" value="Oracle Corporation"/>
    <property name="java.home" value="/usr/lib/jvm/java-1.8-openjdk/jre"/>
    <property name="java.security.krb5.conf" value="/workdir/hadoop-ozone/integration-test/target/test-classes/krb5.conf"/>
    <property name="basedir" value="/workdir/hadoop-ozone/integration-test"/>
    <property name="file.separator" value="/"/>
    <property name="line.separator" value="&#10;"/>
    <property name="java.vm.specification.vendor" value="Oracle Corporation"/>
    <property name="java.specification.name" value="Java Platform API Specification"/>
    <property name="java.awt.graphicsenv" value="sun.awt.X11GraphicsEnvironment"/>
    <property name="surefire.real.class.path" value="/workdir/hadoop-ozone/integration-test/target/surefire/surefirebooter5036521274837751316.jar"/>
    <property name="hadoop.log.dir" value="/workdir/hadoop-ozone/integration-test/target/log"/>
    <property name="sun.boot.class.path" value="/usr/lib/jvm/java-1.8-openjdk/jre/lib/resources.jar:/usr/lib/jvm/java-1.8-openjdk/jre/lib/rt.jar:/usr/lib/jvm/java-1.8-openjdk/jre/lib/sunrsasign.jar:/usr/lib/jvm/java-1.8-openjdk/jre/lib/jsse.jar:/usr/lib/jvm/java-1.8-openjdk/jre/lib/jce.jar:/usr/lib/jvm/java-1.8-openjdk/jre/lib/charsets.jar:/usr/lib/jvm/java-1.8-openjdk/jre/lib/jfr.jar:/usr/lib/jvm/java-1.8-openjdk/jre/classes"/>
    <property name="sun.management.compiler" value="HotSpot 64-Bit Tiered Compilers"/>
    <property name="java.runtime.version" value="1.8.0_212-b04"/>
    <property name="java.net.preferIPv4Stack" value="true"/>
    <property name="user.name" value="jenkins1000"/>
    <property name="path.separator" value=":"/>
    <property name="java.security.egd" value="file:///dev/urandom"/>
    <property name="os.version" value="3.10.0-957.12.2.el7.x86_64"/>
    <property name="java.endorsed.dirs" value="/usr/lib/jvm/java-1.8-openjdk/jre/lib/endorsed"/>
    <property name="java.runtime.name" value="OpenJDK Runtime Environment"/>
    <property name="file.encoding" value="UTF-8"/>
    <property name="java.vm.name" value="OpenJDK 64-Bit Server VM"/>
    <property name="test.build.webapps" value=""/>
    <property name="localRepository" value="/home/user/.m2/repository"/>
    <property name="java.vendor.url.bug" value="https://icedtea.classpath.org/bugzilla"/>
    <property name="java.io.tmpdir" value="/tmp"/>
    <property name="require.test.libhadoop" value=""/>
    <property name="java.version" value="1.8.0_212"/>
    <property name="user.dir" value="/workdir/hadoop-ozone/integration-test"/>
    <property name="os.arch" value="amd64"/>
    <property name="java.vm.specification.name" value="Java Virtual Machine Specification"/>
    <property name="test.build.classes" value="/workdir/hadoop-ozone/integration-test/target/test-classes"/>
    <property name="java.awt.printerjob" value="sun.print.PSPrinterJob"/>
    <property name="sun.os.patch.level" value="unknown"/>
    <property name="hadoop.tmp.dir" value="/workdir/hadoop-ozone/integration-test/target/tmp"/>
    <property name="java.library.path" value="/usr/lib/jvm/java-1.8-openjdk/jre/lib/amd64/server:/usr/lib/jvm/java-1.8-openjdk/jre/lib/amd64:/usr/lib/jvm/java-1.8-openjdk/jre/../lib/amd64:/workdir/hadoop-ozone/integration-test/target/native/target/usr/local/lib:/workdir/hadoop-ozone/integration-test/../../hadoop-common-project/hadoop-common/target/native/target/usr/local/lib:/usr/java/packages/lib/amd64:/usr/lib64:/lib64:/lib:/usr/lib"/>
    <property name="java.vm.info" value="mixed mode"/>
    <property name="java.vendor" value="IcedTea"/>
    <property name="java.vm.version" value="25.212-b04"/>
    <property name="java.ext.dirs" value="/usr/lib/jvm/java-1.8-openjdk/jre/lib/ext:/usr/java/packages/lib/ext"/>
    <property name="sun.io.unicode.encoding" value="UnicodeLittle"/>
    <property name="java.class.version" value="52.0"/>
  </properties>
  <testcase name="testPipelineExclusionWithPipelineFailure" classname="org.apache.hadoop.ozone.client.rpc.TestFailureHandlingByClient" time="147.214">
    <error message="Allocated 0 blocks. Requested 1 blocks" type="INTERNAL_ERROR org.apache.hadoop.ozone.om.exceptions.OMException">INTERNAL_ERROR org.apache.hadoop.ozone.om.exceptions.OMException: Allocated 0 blocks. Requested 1 blocks
	at org.apache.hadoop.ozone.om.protocolPB.OzoneManagerProtocolClientSideTranslatorPB.handleError(OzoneManagerProtocolClientSideTranslatorPB.java:732)
	at org.apache.hadoop.ozone.om.protocolPB.OzoneManagerProtocolClientSideTranslatorPB.allocateBlock(OzoneManagerProtocolClientSideTranslatorPB.java:764)
	at sun.reflect.NativeMethodAccessorImpl.invoke0(Native Method)
	at sun.reflect.NativeMethodAccessorImpl.invoke(NativeMethodAccessorImpl.java:62)
	at sun.reflect.DelegatingMethodAccessorImpl.invoke(DelegatingMethodAccessorImpl.java:43)
	at java.lang.reflect.Method.invoke(Method.java:498)
	at org.apache.hadoop.hdds.tracing.TraceAllMethod.invoke(TraceAllMethod.java:66)
	at com.sun.proxy.$Proxy36.allocateBlock(Unknown Source)
	at org.apache.hadoop.ozone.client.io.BlockOutputStreamEntryPool.allocateNewBlock(BlockOutputStreamEntryPool.java:248)
	at org.apache.hadoop.ozone.client.io.BlockOutputStreamEntryPool.allocateBlockIfNeeded(BlockOutputStreamEntryPool.java:296)
	at org.apache.hadoop.ozone.client.io.KeyOutputStream.handleWrite(KeyOutputStream.java:198)
	at org.apache.hadoop.ozone.client.io.KeyOutputStream.handleRetry(KeyOutputStream.java:375)
	at org.apache.hadoop.ozone.client.io.KeyOutputStream.handleException(KeyOutputStream.java:324)
	at org.apache.hadoop.ozone.client.io.KeyOutputStream.handleFlushOrClose(KeyOutputStream.java:449)
	at org.apache.hadoop.ozone.client.io.KeyOutputStream.flush(KeyOutputStream.java:397)
	at org.apache.hadoop.ozone.client.io.OzoneOutputStream.flush(OzoneOutputStream.java:54)
	at org.apache.hadoop.ozone.client.rpc.TestFailureHandlingByClient.testPipelineExclusionWithPipelineFailure(TestFailureHandlingByClient.java:362)
	at sun.reflect.NativeMethodAccessorImpl.invoke0(Native Method)
	at sun.reflect.NativeMethodAccessorImpl.invoke(NativeMethodAccessorImpl.java:62)
	at sun.reflect.DelegatingMethodAccessorImpl.invoke(DelegatingMethodAccessorImpl.java:43)
	at java.lang.reflect.Method.invoke(Method.java:498)
	at org.junit.runners.model.FrameworkMethod$1.runReflectiveCall(FrameworkMethod.java:47)
	at org.junit.internal.runners.model.ReflectiveCallable.run(ReflectiveCallable.java:12)
	at org.junit.runners.model.FrameworkMethod.invokeExplosively(FrameworkMethod.java:44)
	at org.junit.internal.runners.statements.InvokeMethod.evaluate(InvokeMethod.java:17)
	at org.junit.internal.runners.statements.RunAfters.evaluate(RunAfters.java:27)
	at org.junit.runners.ParentRunner.runLeaf(ParentRunner.java:271)
	at org.junit.runners.BlockJUnit4ClassRunner.runChild(BlockJUnit4ClassRunner.java:70)
	at org.junit.runners.BlockJUnit4ClassRunner.runChild(BlockJUnit4ClassRunner.java:50)
	at org.junit.runners.ParentRunner$3.run(ParentRunner.java:238)
	at org.junit.runners.ParentRunner$1.schedule(ParentRunner.java:63)
	at org.junit.runners.ParentRunner.runChildren(ParentRunner.java:236)
	at org.junit.runners.ParentRunner.access$000(ParentRunner.java:53)
	at org.junit.runners.ParentRunner$2.evaluate(ParentRunner.java:229)
	at org.junit.runners.ParentRunner.run(ParentRunner.java:309)
	at org.apache.maven.surefire.junit4.JUnit4Provider.execute(JUnit4Provider.java:365)
	at org.apache.maven.surefire.junit4.JUnit4Provider.executeWithRerun(JUnit4Provider.java:273)
	at org.apache.maven.surefire.junit4.JUnit4Provider.executeTestSet(JUnit4Provider.java:238)
	at org.apache.maven.surefire.junit4.JUnit4Provider.invoke(JUnit4Provider.java:159)
	at org.apache.maven.surefire.booter.ForkedBooter.invokeProviderInSameClassLoader(ForkedBooter.java:384)
	at org.apache.maven.surefire.booter.ForkedBooter.runSuitesInProcess(ForkedBooter.java:345)
	at org.apache.maven.surefire.booter.ForkedBooter.execute(ForkedBooter.java:126)
	at org.apache.maven.surefire.booter.ForkedBooter.main(ForkedBooter.java:418)
</error>
    <system-out><![CDATA[2019-09-25 05:29:39,801 [main] WARN  server.ServerUtils (ServerUtils.java:getScmDbDir(145)) - ozone.scm.db.dirs is not configured. We recommend adding this setting. Falling back to ozone.metadata.dirs instead.
2019-09-25 05:29:40,463 [main] WARN  server.ServerUtils (ServerUtils.java:getScmDbDir(145)) - ozone.scm.db.dirs is not configured. We recommend adding this setting. Falling back to ozone.metadata.dirs instead.
2019-09-25 05:29:40,468 [main] WARN  server.ServerUtils (ServerUtils.java:getScmDbDir(145)) - ozone.scm.db.dirs is not configured. We recommend adding this setting. Falling back to ozone.metadata.dirs instead.
2019-09-25 05:29:40,496 [main] INFO  util.log (Log.java:initialized(192)) - Logging initialized @1381ms
2019-09-25 05:29:40,610 [main] INFO  db.DBStoreBuilder (DBStoreBuilder.java:addTable(110)) - using custom profile for table: deletedBlocks
2019-09-25 05:29:40,610 [main] INFO  db.DBStoreBuilder (DBStoreBuilder.java:processTables(161)) - Using default column profile:DBProfile.DISK for Table:deletedBlocks
2019-09-25 05:29:40,611 [main] INFO  db.DBStoreBuilder (DBStoreBuilder.java:addTable(110)) - using custom profile for table: validCerts
2019-09-25 05:29:40,611 [main] INFO  db.DBStoreBuilder (DBStoreBuilder.java:processTables(161)) - Using default column profile:DBProfile.DISK for Table:validCerts
2019-09-25 05:29:40,611 [main] INFO  db.DBStoreBuilder (DBStoreBuilder.java:addTable(110)) - using custom profile for table: revokedCerts
2019-09-25 05:29:40,612 [main] INFO  db.DBStoreBuilder (DBStoreBuilder.java:processTables(161)) - Using default column profile:DBProfile.DISK for Table:revokedCerts
2019-09-25 05:29:40,624 [main] INFO  db.DBStoreBuilder (DBStoreBuilder.java:addTable(110)) - using custom profile for table: default
2019-09-25 05:29:40,624 [main] INFO  db.DBStoreBuilder (DBStoreBuilder.java:processTables(167)) - Using default column profile:DBProfile.DISK for Table:default
2019-09-25 05:29:40,626 [main] INFO  db.DBStoreBuilder (DBStoreBuilder.java:getDbProfile(198)) - Using default options. DBProfile.DISK
2019-09-25 05:29:51,480 [main] INFO  net.NodeSchemaLoader (NodeSchemaLoader.java:loadSchemaFromFile(125)) - Loading file from sun.misc.CompoundEnumeration@515c6049
2019-09-25 05:29:51,483 [main] INFO  net.NodeSchemaLoader (NodeSchemaLoader.java:loadSchema(171)) - Loading network topology layer schema file
2019-09-25 05:29:51,571 [main] INFO  node.SCMNodeManager (SCMNodeManager.java:<init>(114)) - Entering startup safe mode.
2019-09-25 05:29:51,640 [main] INFO  Configuration.deprecation (Configuration.java:logDeprecation(1394)) - hadoop.configured.node.mapping is deprecated. Instead, use net.topology.configured.node.mapping
2019-09-25 05:29:51,644 [main] INFO  algorithms.ContainerPlacementPolicyFactory (ContainerPlacementPolicyFactory.java:getPolicy(57)) - Create container placement policy of type org.apache.hadoop.hdds.scm.container.placement.algorithms.SCMContainerPlacementRandom
2019-09-25 05:29:51,659 [main] WARN  server.ServerUtils (ServerUtils.java:getScmDbDir(145)) - ozone.scm.db.dirs is not configured. We recommend adding this setting. Falling back to ozone.metadata.dirs instead.
2019-09-25 05:30:12,288 [main] INFO  pipeline.SCMPipelineManager (SCMPipelineManager.java:initializePipelineState(132)) - No pipeline exists in current db
2019-09-25 05:30:12,292 [main] WARN  server.ServerUtils (ServerUtils.java:getScmDbDir(145)) - ozone.scm.db.dirs is not configured. We recommend adding this setting. Falling back to ozone.metadata.dirs instead.
2019-09-25 05:30:20,817 [main] WARN  events.EventQueue (EventQueue.java:fireEvent(183)) - No event handler registered for event TypedEvent{payloadType=SafeModeStatus, name='SafeModeStatus'}
2019-09-25 05:30:21,168 [main] INFO  ipc.CallQueueManager (CallQueueManager.java:<init>(84)) - Using callQueue: class java.util.concurrent.LinkedBlockingQueue, queueCapacity: 2000, scheduler: class org.apache.hadoop.ipc.DefaultRpcScheduler, ipcBackoff: false.
2019-09-25 05:30:21,304 [Socket Reader #1 for port 41010] INFO  ipc.Server (Server.java:run(1074)) - Starting Socket Reader #1 for port 41010
2019-09-25 05:30:21,342 [main] INFO  ipc.CallQueueManager (CallQueueManager.java:<init>(84)) - Using callQueue: class java.util.concurrent.LinkedBlockingQueue, queueCapacity: 2000, scheduler: class org.apache.hadoop.ipc.DefaultRpcScheduler, ipcBackoff: false.
2019-09-25 05:30:21,343 [Socket Reader #1 for port 35590] INFO  ipc.Server (Server.java:run(1074)) - Starting Socket Reader #1 for port 35590
2019-09-25 05:30:21,354 [main] INFO  ipc.CallQueueManager (CallQueueManager.java:<init>(84)) - Using callQueue: class java.util.concurrent.LinkedBlockingQueue, queueCapacity: 2000, scheduler: class org.apache.hadoop.ipc.DefaultRpcScheduler, ipcBackoff: false.
2019-09-25 05:30:21,355 [Socket Reader #1 for port 39444] INFO  ipc.Server (Server.java:run(1074)) - Starting Socket Reader #1 for port 39444
2019-09-25 05:30:21,380 [main] INFO  hdfs.DFSUtil (DFSUtil.java:httpServerTemplateForNNAndJN(1641)) - Starting Web-server for scm at: http://0.0.0.0:0
2019-09-25 05:30:21,542 [main] INFO  server.AuthenticationFilter (AuthenticationFilter.java:constructSecretProvider(240)) - Unable to initialize FileSignerSecretProvider, falling back to use random secrets.
2019-09-25 05:30:21,550 [main] WARN  http.HttpRequestLog (HttpRequestLog.java:getRequestLog(97)) - Jetty request log can only be enabled using Log4j
2019-09-25 05:30:21,558 [main] INFO  http.HttpServer2 (HttpServer2.java:addGlobalFilter(975)) - Added global filter 'safety' (class=org.apache.hadoop.http.HttpServer2$QuotingInputFilter)
2019-09-25 05:30:21,561 [main] INFO  http.HttpServer2 (HttpServer2.java:addFilter(948)) - Added filter static_user_filter (class=org.apache.hadoop.http.lib.StaticUserWebFilter$StaticUserFilter) to context scm
2019-09-25 05:30:21,562 [main] INFO  http.HttpServer2 (HttpServer2.java:addFilter(958)) - Added filter static_user_filter (class=org.apache.hadoop.http.lib.StaticUserWebFilter$StaticUserFilter) to context static
2019-09-25 05:30:21,562 [main] INFO  http.HttpServer2 (HttpServer2.java:addFilter(958)) - Added filter static_user_filter (class=org.apache.hadoop.http.lib.StaticUserWebFilter$StaticUserFilter) to context logs
2019-09-25 05:30:21,595 [main] INFO  server.StorageContainerManager (StorageContainerManager.java:start(770)) - StorageContainerLocationProtocol RPC server is listening at /0.0.0.0:39444
2019-09-25 05:30:21,671 [main] WARN  impl.MetricsConfig (MetricsConfig.java:loadFirst(134)) - Cannot locate configuration: tried hadoop-metrics2-storagecontainermanager.properties,hadoop-metrics2.properties
2019-09-25 05:30:21,686 [main] INFO  impl.MetricsSystemImpl (MetricsSystemImpl.java:startTimer(374)) - Scheduled Metric snapshot period at 10 second(s).
2019-09-25 05:30:21,686 [main] INFO  impl.MetricsSystemImpl (MetricsSystemImpl.java:start(191)) - StorageContainerManager metrics system started
2019-09-25 05:30:21,960 [main] INFO  server.SCMClientProtocolServer (SCMClientProtocolServer.java:start(151)) - RPC server for Client  is listening at /0.0.0.0:39444
2019-09-25 05:30:21,961 [IPC Server listener on 39444] INFO  ipc.Server (Server.java:run(1153)) - IPC Server listener on 39444: starting
2019-09-25 05:30:21,961 [IPC Server Responder] INFO  ipc.Server (Server.java:run(1314)) - IPC Server Responder: starting
2019-09-25 05:30:21,964 [main] INFO  server.StorageContainerManager (StorageContainerManager.java:start(780)) - ScmBlockLocationProtocol RPC server is listening at /0.0.0.0:35590
2019-09-25 05:30:21,965 [main] INFO  server.SCMBlockProtocolServer (SCMBlockProtocolServer.java:start(146)) - RPC server for Block Protocol is listening at /0.0.0.0:35590
2019-09-25 05:30:21,965 [IPC Server Responder] INFO  ipc.Server (Server.java:run(1314)) - IPC Server Responder: starting
2019-09-25 05:30:21,966 [IPC Server listener on 35590] INFO  ipc.Server (Server.java:run(1153)) - IPC Server listener on 35590: starting
2019-09-25 05:30:21,969 [main] INFO  server.StorageContainerManager (StorageContainerManager.java:start(784)) - ScmDatanodeProtocl RPC server is listening at /0.0.0.0:41010
2019-09-25 05:30:21,969 [main] INFO  server.SCMDatanodeProtocolServer (SCMDatanodeProtocolServer.java:start(191)) - RPC server for DataNodes is listening at /0.0.0.0:41010
2019-09-25 05:30:21,969 [IPC Server Responder] INFO  ipc.Server (Server.java:run(1314)) - IPC Server Responder: starting
2019-09-25 05:30:21,970 [IPC Server listener on 41010] INFO  ipc.Server (Server.java:run(1153)) - IPC Server listener on 41010: starting
2019-09-25 05:30:21,974 [main] INFO  http.HttpServer2 (HttpServer2.java:bindListener(1191)) - Jetty bound to port 34025
2019-09-25 05:30:21,976 [main] INFO  server.Server (Server.java:doStart(351)) - jetty-9.3.25.v20180904, build timestamp: 2018-09-04T21:11:46Z, git hash: 3ce520221d0240229c862b122d2b06c12a625732
2019-09-25 05:30:22,013 [main] INFO  handler.ContextHandler (ContextHandler.java:doStart(781)) - Started o.e.j.s.ServletContextHandler@2f17e30d{/logs,file:///workdir/hadoop-ozone/integration-test/target/log,AVAILABLE}
2019-09-25 05:30:22,013 [main] INFO  handler.ContextHandler (ContextHandler.java:doStart(781)) - Started o.e.j.s.ServletContextHandler@1d131e1b{/static,file:///workdir/hadoop-ozone/integration-test/target/test-classes/webapps/static,AVAILABLE}
2019-09-25 05:30:22,221 [main] INFO  handler.ContextHandler (ContextHandler.java:doStart(781)) - Started o.e.j.w.WebAppContext@660e9100{/,file:///workdir/hadoop-ozone/integration-test/target/test-classes/webapps/scm/,AVAILABLE}{/scm}
2019-09-25 05:30:22,228 [main] INFO  server.AbstractConnector (AbstractConnector.java:doStart(278)) - Started ServerConnector@5aabbb29{HTTP/1.1,[http/1.1]}{0.0.0.0:34025}
2019-09-25 05:30:22,228 [main] INFO  server.Server (Server.java:doStart(419)) - Started @43114ms
2019-09-25 05:30:22,230 [main] INFO  impl.MetricsSinkAdapter (MetricsSinkAdapter.java:start(204)) - Sink prometheus started
2019-09-25 05:30:22,231 [main] INFO  impl.MetricsSystemImpl (MetricsSystemImpl.java:registerSink(301)) - Registered sink prometheus
2019-09-25 05:30:22,233 [main] INFO  server.BaseHttpServer (BaseHttpServer.java:updateConnectorAddress(215)) - HTTP server of SCM is listening at http://0.0.0.0:34025
2019-09-25 05:30:22,240 [org.apache.hadoop.util.JvmPauseMonitor$Monitor@7927bd9f] INFO  util.JvmPauseMonitor (JvmPauseMonitor.java:run(188)) - Starting JVM pause monitor
2019-09-25 05:30:22,246 [main] WARN  server.ServerUtils (ServerUtils.java:getDBPath(222)) - ozone.om.db.dirs is not configured. We recommend adding this setting. Falling back to ozone.metadata.dirs instead.
2019-09-25 05:30:27,112 [main] WARN  server.ServerUtils (ServerUtils.java:getDBPath(222)) - ozone.om.db.dirs is not configured. We recommend adding this setting. Falling back to ozone.metadata.dirs instead.
2019-09-25 05:30:27,112 [main] WARN  server.ServerUtils (ServerUtils.java:getDBPath(222)) - ozone.om.db.dirs is not configured. We recommend adding this setting. Falling back to ozone.metadata.dirs instead.
2019-09-25 05:30:27,113 [main] INFO  om.OzoneManager (OzoneManager.java:setOMNodeDetails(652)) - OM Service ID is not set. Setting it to the default ID: omServiceIdDefault
2019-09-25 05:30:27,114 [main] INFO  om.OzoneManager (OzoneManager.java:setOMNodeDetails(658)) - OM Node ID is not set. Setting it to the OmStorage's OmID: 19004f0f-494b-40ef-a6d0-aceb4305ca0a
2019-09-25 05:30:27,115 [main] INFO  om.OzoneManager (OzoneManager.java:loadOMHAConfigs(609)) - Found matching OM address with OMServiceId: null, OMNodeId: null, RPC Address: localhost:0 and Ratis port: 9872
2019-09-25 05:30:27,819 [main] WARN  server.ServerUtils (ServerUtils.java:getDBPath(222)) - ozone.om.db.dirs is not configured. We recommend adding this setting. Falling back to ozone.metadata.dirs instead.
2019-09-25 05:30:27,828 [main] INFO  db.DBStoreBuilder (DBStoreBuilder.java:addTable(110)) - using custom profile for table: userTable
2019-09-25 05:30:27,828 [main] INFO  db.DBStoreBuilder (DBStoreBuilder.java:processTables(161)) - Using default column profile:DBProfile.DISK for Table:userTable
2019-09-25 05:30:27,829 [main] INFO  db.DBStoreBuilder (DBStoreBuilder.java:addTable(110)) - using custom profile for table: volumeTable
2019-09-25 05:30:27,829 [main] INFO  db.DBStoreBuilder (DBStoreBuilder.java:processTables(161)) - Using default column profile:DBProfile.DISK for Table:volumeTable
2019-09-25 05:30:27,829 [main] INFO  db.DBStoreBuilder (DBStoreBuilder.java:addTable(110)) - using custom profile for table: bucketTable
2019-09-25 05:30:27,829 [main] INFO  db.DBStoreBuilder (DBStoreBuilder.java:processTables(161)) - Using default column profile:DBProfile.DISK for Table:bucketTable
2019-09-25 05:30:27,830 [main] INFO  db.DBStoreBuilder (DBStoreBuilder.java:addTable(110)) - using custom profile for table: keyTable
2019-09-25 05:30:27,830 [main] INFO  db.DBStoreBuilder (DBStoreBuilder.java:processTables(161)) - Using default column profile:DBProfile.DISK for Table:keyTable
2019-09-25 05:30:27,830 [main] INFO  db.DBStoreBuilder (DBStoreBuilder.java:addTable(110)) - using custom profile for table: deletedTable
2019-09-25 05:30:27,830 [main] INFO  db.DBStoreBuilder (DBStoreBuilder.java:processTables(161)) - Using default column profile:DBProfile.DISK for Table:deletedTable
2019-09-25 05:30:27,831 [main] INFO  db.DBStoreBuilder (DBStoreBuilder.java:addTable(110)) - using custom profile for table: openKeyTable
2019-09-25 05:30:27,831 [main] INFO  db.DBStoreBuilder (DBStoreBuilder.java:processTables(161)) - Using default column profile:DBProfile.DISK for Table:openKeyTable
2019-09-25 05:30:27,831 [main] INFO  db.DBStoreBuilder (DBStoreBuilder.java:addTable(110)) - using custom profile for table: s3Table
2019-09-25 05:30:27,832 [main] INFO  db.DBStoreBuilder (DBStoreBuilder.java:processTables(161)) - Using default column profile:DBProfile.DISK for Table:s3Table
2019-09-25 05:30:27,832 [main] INFO  db.DBStoreBuilder (DBStoreBuilder.java:addTable(110)) - using custom profile for table: multipartInfoTable
2019-09-25 05:30:27,832 [main] INFO  db.DBStoreBuilder (DBStoreBuilder.java:processTables(161)) - Using default column profile:DBProfile.DISK for Table:multipartInfoTable
2019-09-25 05:30:27,832 [main] INFO  db.DBStoreBuilder (DBStoreBuilder.java:addTable(110)) - using custom profile for table: dTokenTable
2019-09-25 05:30:27,833 [main] INFO  db.DBStoreBuilder (DBStoreBuilder.java:processTables(161)) - Using default column profile:DBProfile.DISK for Table:dTokenTable
2019-09-25 05:30:27,833 [main] INFO  db.DBStoreBuilder (DBStoreBuilder.java:addTable(110)) - using custom profile for table: s3SecretTable
2019-09-25 05:30:27,833 [main] INFO  db.DBStoreBuilder (DBStoreBuilder.java:processTables(161)) - Using default column profile:DBProfile.DISK for Table:s3SecretTable
2019-09-25 05:30:27,833 [main] INFO  db.DBStoreBuilder (DBStoreBuilder.java:addTable(110)) - using custom profile for table: prefixTable
2019-09-25 05:30:27,834 [main] INFO  db.DBStoreBuilder (DBStoreBuilder.java:processTables(161)) - Using default column profile:DBProfile.DISK for Table:prefixTable
2019-09-25 05:30:27,834 [main] INFO  db.DBStoreBuilder (DBStoreBuilder.java:addTable(110)) - using custom profile for table: default
2019-09-25 05:30:27,834 [main] INFO  db.DBStoreBuilder (DBStoreBuilder.java:processTables(167)) - Using default column profile:DBProfile.DISK for Table:default
2019-09-25 05:30:27,834 [main] INFO  db.DBStoreBuilder (DBStoreBuilder.java:getDbProfile(198)) - Using default options. DBProfile.DISK
2019-09-25 05:30:49,550 [main] INFO  ipc.CallQueueManager (CallQueueManager.java:<init>(84)) - Using callQueue: class java.util.concurrent.LinkedBlockingQueue, queueCapacity: 2000, scheduler: class org.apache.hadoop.ipc.DefaultRpcScheduler, ipcBackoff: false.
2019-09-25 05:30:49,552 [Socket Reader #1 for port 34554] INFO  ipc.Server (Server.java:run(1074)) - Starting Socket Reader #1 for port 34554
2019-09-25 05:30:49,578 [main] INFO  om.OzoneManager (OzoneManager.java:start(1243)) - OzoneManager RPC server is listening at localhost/127.0.0.1:34554
2019-09-25 05:30:49,578 [main] INFO  impl.MetricsSystemImpl (MetricsSystemImpl.java:init(158)) - OzoneManager metrics system started (again)
2019-09-25 05:30:49,579 [IPC Server Responder] INFO  ipc.Server (Server.java:run(1314)) - IPC Server Responder: starting
2019-09-25 05:30:49,580 [IPC Server listener on 34554] INFO  ipc.Server (Server.java:run(1153)) - IPC Server listener on 34554: starting
2019-09-25 05:30:49,587 [main] INFO  hdfs.DFSUtil (DFSUtil.java:httpServerTemplateForNNAndJN(1641)) - Starting Web-server for ozoneManager at: http://0.0.0.0:0
2019-09-25 05:30:49,589 [main] INFO  server.AuthenticationFilter (AuthenticationFilter.java:constructSecretProvider(240)) - Unable to initialize FileSignerSecretProvider, falling back to use random secrets.
2019-09-25 05:30:49,591 [main] WARN  http.HttpRequestLog (HttpRequestLog.java:getRequestLog(97)) - Jetty request log can only be enabled using Log4j
2019-09-25 05:30:49,593 [main] INFO  http.HttpServer2 (HttpServer2.java:addGlobalFilter(975)) - Added global filter 'safety' (class=org.apache.hadoop.http.HttpServer2$QuotingInputFilter)
2019-09-25 05:30:49,594 [main] INFO  http.HttpServer2 (HttpServer2.java:addFilter(948)) - Added filter static_user_filter (class=org.apache.hadoop.http.lib.StaticUserWebFilter$StaticUserFilter) to context ozoneManager
2019-09-25 05:30:49,594 [main] INFO  http.HttpServer2 (HttpServer2.java:addFilter(958)) - Added filter static_user_filter (class=org.apache.hadoop.http.lib.StaticUserWebFilter$StaticUserFilter) to context static
2019-09-25 05:30:49,594 [main] INFO  http.HttpServer2 (HttpServer2.java:addFilter(958)) - Added filter static_user_filter (class=org.apache.hadoop.http.lib.StaticUserWebFilter$StaticUserFilter) to context logs
2019-09-25 05:30:49,596 [main] INFO  http.HttpServer2 (HttpServer2.java:bindListener(1191)) - Jetty bound to port 36944
2019-09-25 05:30:49,597 [main] INFO  server.Server (Server.java:doStart(351)) - jetty-9.3.25.v20180904, build timestamp: 2018-09-04T21:11:46Z, git hash: 3ce520221d0240229c862b122d2b06c12a625732
2019-09-25 05:30:49,599 [main] INFO  handler.ContextHandler (ContextHandler.java:doStart(781)) - Started o.e.j.s.ServletContextHandler@20ed3303{/logs,file:///workdir/hadoop-ozone/integration-test/target/log,AVAILABLE}
2019-09-25 05:30:49,600 [main] INFO  handler.ContextHandler (ContextHandler.java:doStart(781)) - Started o.e.j.s.ServletContextHandler@3a627c80{/static,file:///workdir/hadoop-ozone/integration-test/target/test-classes/webapps/static,AVAILABLE}
2019-09-25 05:30:49,605 [main] INFO  handler.ContextHandler (ContextHandler.java:doStart(781)) - Started o.e.j.w.WebAppContext@415156bf{/,file:///workdir/hadoop-ozone/integration-test/target/test-classes/webapps/ozoneManager/,AVAILABLE}{/ozoneManager}
2019-09-25 05:30:49,606 [main] INFO  server.AbstractConnector (AbstractConnector.java:doStart(278)) - Started ServerConnector@393881f0{HTTP/1.1,[http/1.1]}{0.0.0.0:36944}
2019-09-25 05:30:49,606 [main] INFO  server.Server (Server.java:doStart(419)) - Started @70492ms
2019-09-25 05:30:49,607 [main] WARN  impl.MetricsSystemImpl (MetricsSystemImpl.java:register(276)) - Sink prometheus already exists!
2019-09-25 05:30:49,607 [main] INFO  server.BaseHttpServer (BaseHttpServer.java:updateConnectorAddress(215)) - HTTP server of OZONEMANAGER is listening at http://0.0.0.0:36944
2019-09-25 05:30:49,921 [main] INFO  impl.MetricsSystemImpl (MetricsSystemImpl.java:init(158)) - HddsDatanode metrics system started (again)
2019-09-25 05:30:49,965 [main] INFO  ozone.HddsDatanodeService (HddsDatanodeService.java:start(184)) - HddsDatanodeService host:pr-hdds-2174-pqx5g-486351168 ip:192.168.36.126
2019-09-25 05:30:49,992 [main] INFO  volume.HddsVolume (HddsVolume.java:<init>(176)) - Creating Volume: /workdir/hadoop-ozone/integration-test/target/test-dir/MiniOzoneClusterImpl-cea1adf1-e11b-40bf-86cb-fb3b2d854ef9/datanode-0/data/containers/hdds of  storage type : DISK and capacity : 1482555576320
2019-09-25 05:30:49,994 [main] INFO  volume.VolumeSet (VolumeSet.java:initializeVolumeSet(170)) - Added Volume : /workdir/hadoop-ozone/integration-test/target/test-dir/MiniOzoneClusterImpl-cea1adf1-e11b-40bf-86cb-fb3b2d854ef9/datanode-0/data/containers/hdds to VolumeSet
2019-09-25 05:30:49,997 [main] INFO  volume.ThrottledAsyncChecker (ThrottledAsyncChecker.java:schedule(139)) - Scheduling a check for org.apache.hadoop.ozone.container.common.volume.HddsVolume@26a4551a
2019-09-25 05:30:50,012 [main] INFO  volume.HddsVolumeChecker (HddsVolumeChecker.java:checkAllVolumes(202)) - Scheduled health check for volume org.apache.hadoop.ozone.container.common.volume.HddsVolume@26a4551a
2019-09-25 05:30:50,140 [main] INFO  impl.RaftServerProxy (ConfUtils.java:logGet(43)) - raft.rpc.type = GRPC (default)
2019-09-25 05:30:50,207 [main] INFO  grpc.GrpcFactory (GrpcFactory.java:checkPooledByteBufAllocatorUseCacheForAllThreads(45)) - PERFORMANCE WARNING: useCacheForAllThreads is true that may cause Netty to create a lot garbage objects and, as a result, trigger GC.
	It is recommended to disable useCacheForAllThreads by setting -Dorg.apache.ratis.thirdparty.io.netty.allocator.useCacheForAllThreads=false in command line.
2019-09-25 05:30:50,233 [main] INFO  grpc.GrpcConfigKeys$Server (ConfUtils.java:logGet(43)) - raft.grpc.server.port = 0 (default)
2019-09-25 05:30:50,234 [main] INFO  server.GrpcService (ConfUtils.java:logGet(43)) - raft.grpc.message.size.max = 33570816 (custom)
2019-09-25 05:30:50,235 [main] INFO  server.RaftServerConfigKeys (ConfUtils.java:logGet(43)) - raft.server.log.appender.buffer.byte-limit = 33554432 (custom)
2019-09-25 05:30:50,236 [main] INFO  server.GrpcService (ConfUtils.java:logGet(43)) - raft.grpc.flow.control.window = 1MB (=1048576) (default)
2019-09-25 05:30:50,237 [main] INFO  server.RaftServerConfigKeys (ConfUtils.java:logGet(43)) - raft.server.rpc.request.timeout = 3000ms (default)
2019-09-25 05:30:50,439 [main] INFO  server.RaftServerConfigKeys (ConfUtils.java:logGet(43)) - raft.server.storage.dir = [/workdir/hadoop-ozone/integration-test/target/test-dir/MiniOzoneClusterImpl-cea1adf1-e11b-40bf-86cb-fb3b2d854ef9/datanode-0/data/ratis] (custom)
2019-09-25 05:30:50,506 [main] INFO  hdfs.DFSUtil (DFSUtil.java:httpServerTemplateForNNAndJN(1641)) - Starting Web-server for hddsDatanode at: http://0.0.0.0:0
2019-09-25 05:30:50,508 [main] INFO  server.AuthenticationFilter (AuthenticationFilter.java:constructSecretProvider(240)) - Unable to initialize FileSignerSecretProvider, falling back to use random secrets.
2019-09-25 05:30:50,509 [main] WARN  http.HttpRequestLog (HttpRequestLog.java:getRequestLog(97)) - Jetty request log can only be enabled using Log4j
2019-09-25 05:30:50,511 [main] INFO  http.HttpServer2 (HttpServer2.java:addGlobalFilter(975)) - Added global filter 'safety' (class=org.apache.hadoop.http.HttpServer2$QuotingInputFilter)
2019-09-25 05:30:50,512 [main] INFO  http.HttpServer2 (HttpServer2.java:addFilter(948)) - Added filter static_user_filter (class=org.apache.hadoop.http.lib.StaticUserWebFilter$StaticUserFilter) to context hddsDatanode
2019-09-25 05:30:50,512 [main] INFO  http.HttpServer2 (HttpServer2.java:addFilter(958)) - Added filter static_user_filter (class=org.apache.hadoop.http.lib.StaticUserWebFilter$StaticUserFilter) to context logs
2019-09-25 05:30:50,513 [main] INFO  http.HttpServer2 (HttpServer2.java:addFilter(958)) - Added filter static_user_filter (class=org.apache.hadoop.http.lib.StaticUserWebFilter$StaticUserFilter) to context static
2019-09-25 05:30:50,514 [main] INFO  http.HttpServer2 (HttpServer2.java:bindListener(1191)) - Jetty bound to port 40682
2019-09-25 05:30:50,514 [main] INFO  server.Server (Server.java:doStart(351)) - jetty-9.3.25.v20180904, build timestamp: 2018-09-04T21:11:46Z, git hash: 3ce520221d0240229c862b122d2b06c12a625732
2019-09-25 05:30:50,518 [main] INFO  handler.ContextHandler (ContextHandler.java:doStart(781)) - Started o.e.j.s.ServletContextHandler@5fa23c{/logs,file:///workdir/hadoop-ozone/integration-test/target/log,AVAILABLE}
2019-09-25 05:30:50,519 [main] INFO  handler.ContextHandler (ContextHandler.java:doStart(781)) - Started o.e.j.s.ServletContextHandler@433348bc{/static,jar:file:/home/user/.m2/repository/org/apache/hadoop/hadoop-hdds-container-service/0.5.0-SNAPSHOT/hadoop-hdds-container-service-0.5.0-SNAPSHOT.jar!/webapps/static,AVAILABLE}
2019-09-25 05:30:50,554 [main] INFO  handler.ContextHandler (ContextHandler.java:doStart(781)) - Started o.e.j.w.WebAppContext@3c5dbdf8{/,file:///tmp/jetty-0.0.0.0-40682-hddsDatanode-_-any-5194805520900548734.dir/webapp/,AVAILABLE}{/hddsDatanode}
2019-09-25 05:30:50,554 [main] INFO  server.AbstractConnector (AbstractConnector.java:doStart(278)) - Started ServerConnector@352c44a8{HTTP/1.1,[http/1.1]}{0.0.0.0:40682}
2019-09-25 05:30:50,555 [main] INFO  server.Server (Server.java:doStart(419)) - Started @71441ms
2019-09-25 05:30:50,555 [main] WARN  impl.MetricsSystemImpl (MetricsSystemImpl.java:register(276)) - Sink prometheus already exists!
2019-09-25 05:30:50,556 [main] INFO  server.BaseHttpServer (BaseHttpServer.java:updateConnectorAddress(215)) - HTTP server of HDDSDATANODE is listening at http://0.0.0.0:40682
2019-09-25 05:30:50,557 [main] INFO  impl.MetricsSystemImpl (MetricsSystemImpl.java:init(158)) - HddsDatanode metrics system started (again)
2019-09-25 05:30:50,560 [main] INFO  ozone.HddsDatanodeService (HddsDatanodeService.java:start(184)) - HddsDatanodeService host:pr-hdds-2174-pqx5g-486351168 ip:192.168.36.126
2019-09-25 05:30:50,564 [org.apache.hadoop.util.JvmPauseMonitor$Monitor@22b1d615] INFO  util.JvmPauseMonitor (JvmPauseMonitor.java:run(188)) - Starting JVM pause monitor
2019-09-25 05:30:50,567 [main] INFO  volume.HddsVolume (HddsVolume.java:<init>(176)) - Creating Volume: /workdir/hadoop-ozone/integration-test/target/test-dir/MiniOzoneClusterImpl-cea1adf1-e11b-40bf-86cb-fb3b2d854ef9/datanode-1/data/containers/hdds of  storage type : DISK and capacity : 1482555576320
2019-09-25 05:30:50,568 [main] INFO  volume.VolumeSet (VolumeSet.java:initializeVolumeSet(170)) - Added Volume : /workdir/hadoop-ozone/integration-test/target/test-dir/MiniOzoneClusterImpl-cea1adf1-e11b-40bf-86cb-fb3b2d854ef9/datanode-1/data/containers/hdds to VolumeSet
2019-09-25 05:30:50,569 [main] INFO  volume.ThrottledAsyncChecker (ThrottledAsyncChecker.java:schedule(139)) - Scheduling a check for org.apache.hadoop.ozone.container.common.volume.HddsVolume@646c0a67
2019-09-25 05:30:50,570 [main] INFO  volume.HddsVolumeChecker (HddsVolumeChecker.java:checkAllVolumes(202)) - Scheduled health check for volume org.apache.hadoop.ozone.container.common.volume.HddsVolume@646c0a67
2019-09-25 05:30:50,592 [main] INFO  impl.RaftServerProxy (ConfUtils.java:logGet(43)) - raft.rpc.type = GRPC (default)
2019-09-25 05:30:50,592 [main] INFO  grpc.GrpcFactory (GrpcFactory.java:checkPooledByteBufAllocatorUseCacheForAllThreads(45)) - PERFORMANCE WARNING: useCacheForAllThreads is true that may cause Netty to create a lot garbage objects and, as a result, trigger GC.
	It is recommended to disable useCacheForAllThreads by setting -Dorg.apache.ratis.thirdparty.io.netty.allocator.useCacheForAllThreads=false in command line.
2019-09-25 05:30:50,593 [main] INFO  grpc.GrpcConfigKeys$Server (ConfUtils.java:logGet(43)) - raft.grpc.server.port = 0 (default)
2019-09-25 05:30:50,593 [main] INFO  server.GrpcService (ConfUtils.java:logGet(43)) - raft.grpc.message.size.max = 33570816 (custom)
2019-09-25 05:30:50,594 [main] INFO  server.RaftServerConfigKeys (ConfUtils.java:logGet(43)) - raft.server.log.appender.buffer.byte-limit = 33554432 (custom)
2019-09-25 05:30:50,594 [main] INFO  server.GrpcService (ConfUtils.java:logGet(43)) - raft.grpc.flow.control.window = 1MB (=1048576) (default)
2019-09-25 05:30:50,594 [main] INFO  server.RaftServerConfigKeys (ConfUtils.java:logGet(43)) - raft.server.rpc.request.timeout = 3000ms (default)
2019-09-25 05:30:50,595 [main] INFO  server.RaftServerConfigKeys (ConfUtils.java:logGet(43)) - raft.server.storage.dir = [/workdir/hadoop-ozone/integration-test/target/test-dir/MiniOzoneClusterImpl-cea1adf1-e11b-40bf-86cb-fb3b2d854ef9/datanode-1/data/ratis] (custom)
2019-09-25 05:30:50,597 [main] INFO  hdfs.DFSUtil (DFSUtil.java:httpServerTemplateForNNAndJN(1641)) - Starting Web-server for hddsDatanode at: http://0.0.0.0:0
2019-09-25 05:30:50,599 [main] INFO  server.AuthenticationFilter (AuthenticationFilter.java:constructSecretProvider(240)) - Unable to initialize FileSignerSecretProvider, falling back to use random secrets.
2019-09-25 05:30:50,600 [main] WARN  http.HttpRequestLog (HttpRequestLog.java:getRequestLog(97)) - Jetty request log can only be enabled using Log4j
2019-09-25 05:30:50,601 [main] INFO  http.HttpServer2 (HttpServer2.java:addGlobalFilter(975)) - Added global filter 'safety' (class=org.apache.hadoop.http.HttpServer2$QuotingInputFilter)
2019-09-25 05:30:50,602 [main] INFO  http.HttpServer2 (HttpServer2.java:addFilter(948)) - Added filter static_user_filter (class=org.apache.hadoop.http.lib.StaticUserWebFilter$StaticUserFilter) to context hddsDatanode
2019-09-25 05:30:50,602 [main] INFO  http.HttpServer2 (HttpServer2.java:addFilter(958)) - Added filter static_user_filter (class=org.apache.hadoop.http.lib.StaticUserWebFilter$StaticUserFilter) to context static
2019-09-25 05:30:50,602 [main] INFO  http.HttpServer2 (HttpServer2.java:addFilter(958)) - Added filter static_user_filter (class=org.apache.hadoop.http.lib.StaticUserWebFilter$StaticUserFilter) to context logs
2019-09-25 05:30:50,603 [main] INFO  http.HttpServer2 (HttpServer2.java:bindListener(1191)) - Jetty bound to port 46497
2019-09-25 05:30:50,603 [main] INFO  server.Server (Server.java:doStart(351)) - jetty-9.3.25.v20180904, build timestamp: 2018-09-04T21:11:46Z, git hash: 3ce520221d0240229c862b122d2b06c12a625732
2019-09-25 05:30:50,605 [main] INFO  handler.ContextHandler (ContextHandler.java:doStart(781)) - Started o.e.j.s.ServletContextHandler@1e7ab390{/logs,file:///workdir/hadoop-ozone/integration-test/target/log,AVAILABLE}
2019-09-25 05:30:50,606 [main] INFO  handler.ContextHandler (ContextHandler.java:doStart(781)) - Started o.e.j.s.ServletContextHandler@77774571{/static,jar:file:/home/user/.m2/repository/org/apache/hadoop/hadoop-hdds-container-service/0.5.0-SNAPSHOT/hadoop-hdds-container-service-0.5.0-SNAPSHOT.jar!/webapps/static,AVAILABLE}
2019-09-25 05:30:50,635 [main] INFO  handler.ContextHandler (ContextHandler.java:doStart(781)) - Started o.e.j.w.WebAppContext@a451491{/,file:///tmp/jetty-0.0.0.0-46497-hddsDatanode-_-any-7579088019568043588.dir/webapp/,AVAILABLE}{/hddsDatanode}
2019-09-25 05:30:50,636 [main] INFO  server.AbstractConnector (AbstractConnector.java:doStart(278)) - Started ServerConnector@1422ac7f{HTTP/1.1,[http/1.1]}{0.0.0.0:46497}
2019-09-25 05:30:50,636 [main] INFO  server.Server (Server.java:doStart(419)) - Started @71522ms
2019-09-25 05:30:50,636 [main] WARN  impl.MetricsSystemImpl (MetricsSystemImpl.java:register(276)) - Sink prometheus already exists!
2019-09-25 05:30:50,637 [main] INFO  server.BaseHttpServer (BaseHttpServer.java:updateConnectorAddress(215)) - HTTP server of HDDSDATANODE is listening at http://0.0.0.0:46497
2019-09-25 05:30:50,638 [main] INFO  impl.MetricsSystemImpl (MetricsSystemImpl.java:init(158)) - HddsDatanode metrics system started (again)
2019-09-25 05:30:50,640 [main] INFO  ozone.HddsDatanodeService (HddsDatanodeService.java:start(184)) - HddsDatanodeService host:pr-hdds-2174-pqx5g-486351168 ip:192.168.36.126
2019-09-25 05:30:50,641 [org.apache.hadoop.util.JvmPauseMonitor$Monitor@556f53bb] INFO  util.JvmPauseMonitor (JvmPauseMonitor.java:run(188)) - Starting JVM pause monitor
2019-09-25 05:30:50,645 [main] INFO  volume.HddsVolume (HddsVolume.java:<init>(176)) - Creating Volume: /workdir/hadoop-ozone/integration-test/target/test-dir/MiniOzoneClusterImpl-cea1adf1-e11b-40bf-86cb-fb3b2d854ef9/datanode-2/data/containers/hdds of  storage type : DISK and capacity : 1482555576320
2019-09-25 05:30:50,646 [main] INFO  volume.VolumeSet (VolumeSet.java:initializeVolumeSet(170)) - Added Volume : /workdir/hadoop-ozone/integration-test/target/test-dir/MiniOzoneClusterImpl-cea1adf1-e11b-40bf-86cb-fb3b2d854ef9/datanode-2/data/containers/hdds to VolumeSet
2019-09-25 05:30:50,646 [main] INFO  volume.ThrottledAsyncChecker (ThrottledAsyncChecker.java:schedule(139)) - Scheduling a check for org.apache.hadoop.ozone.container.common.volume.HddsVolume@6cff61fc
2019-09-25 05:30:50,647 [main] INFO  volume.HddsVolumeChecker (HddsVolumeChecker.java:checkAllVolumes(202)) - Scheduled health check for volume org.apache.hadoop.ozone.container.common.volume.HddsVolume@6cff61fc
2019-09-25 05:30:50,660 [main] INFO  impl.RaftServerProxy (ConfUtils.java:logGet(43)) - raft.rpc.type = GRPC (default)
2019-09-25 05:30:50,660 [main] INFO  grpc.GrpcFactory (GrpcFactory.java:checkPooledByteBufAllocatorUseCacheForAllThreads(45)) - PERFORMANCE WARNING: useCacheForAllThreads is true that may cause Netty to create a lot garbage objects and, as a result, trigger GC.
	It is recommended to disable useCacheForAllThreads by setting -Dorg.apache.ratis.thirdparty.io.netty.allocator.useCacheForAllThreads=false in command line.
2019-09-25 05:30:50,660 [main] INFO  grpc.GrpcConfigKeys$Server (ConfUtils.java:logGet(43)) - raft.grpc.server.port = 0 (default)
2019-09-25 05:30:50,661 [main] INFO  server.GrpcService (ConfUtils.java:logGet(43)) - raft.grpc.message.size.max = 33570816 (custom)
2019-09-25 05:30:50,661 [main] INFO  server.RaftServerConfigKeys (ConfUtils.java:logGet(43)) - raft.server.log.appender.buffer.byte-limit = 33554432 (custom)
2019-09-25 05:30:50,661 [main] INFO  server.GrpcService (ConfUtils.java:logGet(43)) - raft.grpc.flow.control.window = 1MB (=1048576) (default)
2019-09-25 05:30:50,662 [main] INFO  server.RaftServerConfigKeys (ConfUtils.java:logGet(43)) - raft.server.rpc.request.timeout = 3000ms (default)
2019-09-25 05:30:50,662 [main] INFO  server.RaftServerConfigKeys (ConfUtils.java:logGet(43)) - raft.server.storage.dir = [/workdir/hadoop-ozone/integration-test/target/test-dir/MiniOzoneClusterImpl-cea1adf1-e11b-40bf-86cb-fb3b2d854ef9/datanode-2/data/ratis] (custom)
2019-09-25 05:30:50,664 [main] INFO  hdfs.DFSUtil (DFSUtil.java:httpServerTemplateForNNAndJN(1641)) - Starting Web-server for hddsDatanode at: http://0.0.0.0:0
2019-09-25 05:30:50,665 [main] INFO  server.AuthenticationFilter (AuthenticationFilter.java:constructSecretProvider(240)) - Unable to initialize FileSignerSecretProvider, falling back to use random secrets.
2019-09-25 05:30:50,666 [main] WARN  http.HttpRequestLog (HttpRequestLog.java:getRequestLog(97)) - Jetty request log can only be enabled using Log4j
2019-09-25 05:30:50,667 [main] INFO  http.HttpServer2 (HttpServer2.java:addGlobalFilter(975)) - Added global filter 'safety' (class=org.apache.hadoop.http.HttpServer2$QuotingInputFilter)
2019-09-25 05:30:50,668 [main] INFO  http.HttpServer2 (HttpServer2.java:addFilter(948)) - Added filter static_user_filter (class=org.apache.hadoop.http.lib.StaticUserWebFilter$StaticUserFilter) to context hddsDatanode
2019-09-25 05:30:50,668 [main] INFO  http.HttpServer2 (HttpServer2.java:addFilter(958)) - Added filter static_user_filter (class=org.apache.hadoop.http.lib.StaticUserWebFilter$StaticUserFilter) to context logs
2019-09-25 05:30:50,668 [main] INFO  http.HttpServer2 (HttpServer2.java:addFilter(958)) - Added filter static_user_filter (class=org.apache.hadoop.http.lib.StaticUserWebFilter$StaticUserFilter) to context static
2019-09-25 05:30:50,669 [main] INFO  http.HttpServer2 (HttpServer2.java:bindListener(1191)) - Jetty bound to port 43886
2019-09-25 05:30:50,669 [main] INFO  server.Server (Server.java:doStart(351)) - jetty-9.3.25.v20180904, build timestamp: 2018-09-04T21:11:46Z, git hash: 3ce520221d0240229c862b122d2b06c12a625732
2019-09-25 05:30:50,672 [main] INFO  handler.ContextHandler (ContextHandler.java:doStart(781)) - Started o.e.j.s.ServletContextHandler@44536de4{/logs,file:///workdir/hadoop-ozone/integration-test/target/log,AVAILABLE}
2019-09-25 05:30:50,673 [main] INFO  handler.ContextHandler (ContextHandler.java:doStart(781)) - Started o.e.j.s.ServletContextHandler@4d95a72e{/static,jar:file:/home/user/.m2/repository/org/apache/hadoop/hadoop-hdds-container-service/0.5.0-SNAPSHOT/hadoop-hdds-container-service-0.5.0-SNAPSHOT.jar!/webapps/static,AVAILABLE}
2019-09-25 05:30:50,693 [Datanode State Machine Thread - 0] INFO  datanode.InitDatanodeState (InitDatanodeState.java:persistContainerDatanodeDetails(140)) - DatanodeDetails is persisted to /workdir/hadoop-ozone/integration-test/target/test-dir/MiniOzoneClusterImpl-cea1adf1-e11b-40bf-86cb-fb3b2d854ef9/datanode-0/meta/datanode.id
2019-09-25 05:30:50,697 [Datanode State Machine Thread - 0] INFO  datanode.InitDatanodeState (InitDatanodeState.java:persistContainerDatanodeDetails(140)) - DatanodeDetails is persisted to /workdir/hadoop-ozone/integration-test/target/test-dir/MiniOzoneClusterImpl-cea1adf1-e11b-40bf-86cb-fb3b2d854ef9/datanode-1/meta/datanode.id
2019-09-25 05:30:50,705 [main] INFO  handler.ContextHandler (ContextHandler.java:doStart(781)) - Started o.e.j.w.WebAppContext@fc807c1{/,file:///tmp/jetty-0.0.0.0-43886-hddsDatanode-_-any-3216579159100083254.dir/webapp/,AVAILABLE}{/hddsDatanode}
2019-09-25 05:30:50,706 [main] INFO  server.AbstractConnector (AbstractConnector.java:doStart(278)) - Started ServerConnector@296e281a{HTTP/1.1,[http/1.1]}{0.0.0.0:43886}
2019-09-25 05:30:50,706 [main] INFO  server.Server (Server.java:doStart(419)) - Started @71592ms
2019-09-25 05:30:50,706 [main] WARN  impl.MetricsSystemImpl (MetricsSystemImpl.java:register(276)) - Sink prometheus already exists!
2019-09-25 05:30:50,708 [main] INFO  server.BaseHttpServer (BaseHttpServer.java:updateConnectorAddress(215)) - HTTP server of HDDSDATANODE is listening at http://0.0.0.0:43886
2019-09-25 05:30:50,708 [main] INFO  impl.MetricsSystemImpl (MetricsSystemImpl.java:init(158)) - HddsDatanode metrics system started (again)
2019-09-25 05:30:50,711 [org.apache.hadoop.util.JvmPauseMonitor$Monitor@c5f400] INFO  util.JvmPauseMonitor (JvmPauseMonitor.java:run(188)) - Starting JVM pause monitor
2019-09-25 05:30:50,711 [main] INFO  ozone.HddsDatanodeService (HddsDatanodeService.java:start(184)) - HddsDatanodeService host:pr-hdds-2174-pqx5g-486351168 ip:192.168.36.126
2019-09-25 05:30:50,713 [Datanode State Machine Thread - 0] INFO  datanode.InitDatanodeState (InitDatanodeState.java:persistContainerDatanodeDetails(140)) - DatanodeDetails is persisted to /workdir/hadoop-ozone/integration-test/target/test-dir/MiniOzoneClusterImpl-cea1adf1-e11b-40bf-86cb-fb3b2d854ef9/datanode-2/meta/datanode.id
2019-09-25 05:30:50,716 [main] INFO  volume.HddsVolume (HddsVolume.java:<init>(176)) - Creating Volume: /workdir/hadoop-ozone/integration-test/target/test-dir/MiniOzoneClusterImpl-cea1adf1-e11b-40bf-86cb-fb3b2d854ef9/datanode-3/data/containers/hdds of  storage type : DISK and capacity : 1482555576320
2019-09-25 05:30:50,717 [main] INFO  volume.VolumeSet (VolumeSet.java:initializeVolumeSet(170)) - Added Volume : /workdir/hadoop-ozone/integration-test/target/test-dir/MiniOzoneClusterImpl-cea1adf1-e11b-40bf-86cb-fb3b2d854ef9/datanode-3/data/containers/hdds to VolumeSet
2019-09-25 05:30:50,717 [main] INFO  volume.ThrottledAsyncChecker (ThrottledAsyncChecker.java:schedule(139)) - Scheduling a check for org.apache.hadoop.ozone.container.common.volume.HddsVolume@434514d8
2019-09-25 05:30:50,718 [main] INFO  volume.HddsVolumeChecker (HddsVolumeChecker.java:checkAllVolumes(202)) - Scheduled health check for volume org.apache.hadoop.ozone.container.common.volume.HddsVolume@434514d8
2019-09-25 05:30:50,732 [main] INFO  impl.RaftServerProxy (ConfUtils.java:logGet(43)) - raft.rpc.type = GRPC (default)
2019-09-25 05:30:50,732 [main] INFO  grpc.GrpcFactory (GrpcFactory.java:checkPooledByteBufAllocatorUseCacheForAllThreads(45)) - PERFORMANCE WARNING: useCacheForAllThreads is true that may cause Netty to create a lot garbage objects and, as a result, trigger GC.
	It is recommended to disable useCacheForAllThreads by setting -Dorg.apache.ratis.thirdparty.io.netty.allocator.useCacheForAllThreads=false in command line.
2019-09-25 05:30:50,733 [main] INFO  grpc.GrpcConfigKeys$Server (ConfUtils.java:logGet(43)) - raft.grpc.server.port = 0 (default)
2019-09-25 05:30:50,733 [main] INFO  server.GrpcService (ConfUtils.java:logGet(43)) - raft.grpc.message.size.max = 33570816 (custom)
2019-09-25 05:30:50,733 [main] INFO  server.RaftServerConfigKeys (ConfUtils.java:logGet(43)) - raft.server.log.appender.buffer.byte-limit = 33554432 (custom)
2019-09-25 05:30:50,733 [main] INFO  server.GrpcService (ConfUtils.java:logGet(43)) - raft.grpc.flow.control.window = 1MB (=1048576) (default)
2019-09-25 05:30:50,734 [main] INFO  server.RaftServerConfigKeys (ConfUtils.java:logGet(43)) - raft.server.rpc.request.timeout = 3000ms (default)
2019-09-25 05:30:50,734 [main] INFO  server.RaftServerConfigKeys (ConfUtils.java:logGet(43)) - raft.server.storage.dir = [/workdir/hadoop-ozone/integration-test/target/test-dir/MiniOzoneClusterImpl-cea1adf1-e11b-40bf-86cb-fb3b2d854ef9/datanode-3/data/ratis] (custom)
2019-09-25 05:30:50,736 [main] INFO  hdfs.DFSUtil (DFSUtil.java:httpServerTemplateForNNAndJN(1641)) - Starting Web-server for hddsDatanode at: http://0.0.0.0:0
2019-09-25 05:30:50,737 [main] INFO  server.AuthenticationFilter (AuthenticationFilter.java:constructSecretProvider(240)) - Unable to initialize FileSignerSecretProvider, falling back to use random secrets.
2019-09-25 05:30:50,737 [main] WARN  http.HttpRequestLog (HttpRequestLog.java:getRequestLog(97)) - Jetty request log can only be enabled using Log4j
2019-09-25 05:30:50,739 [main] INFO  http.HttpServer2 (HttpServer2.java:addGlobalFilter(975)) - Added global filter 'safety' (class=org.apache.hadoop.http.HttpServer2$QuotingInputFilter)
2019-09-25 05:30:50,740 [main] INFO  http.HttpServer2 (HttpServer2.java:addFilter(948)) - Added filter static_user_filter (class=org.apache.hadoop.http.lib.StaticUserWebFilter$StaticUserFilter) to context hddsDatanode
2019-09-25 05:30:50,740 [main] INFO  http.HttpServer2 (HttpServer2.java:addFilter(958)) - Added filter static_user_filter (class=org.apache.hadoop.http.lib.StaticUserWebFilter$StaticUserFilter) to context logs
2019-09-25 05:30:50,740 [main] INFO  http.HttpServer2 (HttpServer2.java:addFilter(958)) - Added filter static_user_filter (class=org.apache.hadoop.http.lib.StaticUserWebFilter$StaticUserFilter) to context static
2019-09-25 05:30:50,741 [main] INFO  http.HttpServer2 (HttpServer2.java:bindListener(1191)) - Jetty bound to port 40276
2019-09-25 05:30:50,741 [main] INFO  server.Server (Server.java:doStart(351)) - jetty-9.3.25.v20180904, build timestamp: 2018-09-04T21:11:46Z, git hash: 3ce520221d0240229c862b122d2b06c12a625732
2019-09-25 05:30:50,743 [main] INFO  handler.ContextHandler (ContextHandler.java:doStart(781)) - Started o.e.j.s.ServletContextHandler@27d33393{/logs,file:///workdir/hadoop-ozone/integration-test/target/log,AVAILABLE}
2019-09-25 05:30:50,743 [main] INFO  handler.ContextHandler (ContextHandler.java:doStart(781)) - Started o.e.j.s.ServletContextHandler@41eb94bc{/static,jar:file:/home/user/.m2/repository/org/apache/hadoop/hadoop-hdds-container-service/0.5.0-SNAPSHOT/hadoop-hdds-container-service-0.5.0-SNAPSHOT.jar!/webapps/static,AVAILABLE}
2019-09-25 05:30:50,785 [main] INFO  handler.ContextHandler (ContextHandler.java:doStart(781)) - Started o.e.j.w.WebAppContext@4052c8c2{/,file:///tmp/jetty-0.0.0.0-40276-hddsDatanode-_-any-6315066550124919573.dir/webapp/,AVAILABLE}{/hddsDatanode}
2019-09-25 05:30:50,787 [main] INFO  server.AbstractConnector (AbstractConnector.java:doStart(278)) - Started ServerConnector@181b8c4b{HTTP/1.1,[http/1.1]}{0.0.0.0:40276}
2019-09-25 05:30:50,787 [main] INFO  server.Server (Server.java:doStart(419)) - Started @71673ms
2019-09-25 05:30:50,787 [main] WARN  impl.MetricsSystemImpl (MetricsSystemImpl.java:register(276)) - Sink prometheus already exists!
2019-09-25 05:30:50,788 [main] INFO  server.BaseHttpServer (BaseHttpServer.java:updateConnectorAddress(215)) - HTTP server of HDDSDATANODE is listening at http://0.0.0.0:40276
2019-09-25 05:30:50,789 [main] INFO  impl.MetricsSystemImpl (MetricsSystemImpl.java:init(158)) - HddsDatanode metrics system started (again)
2019-09-25 05:30:50,793 [org.apache.hadoop.util.JvmPauseMonitor$Monitor@4c387eff] INFO  util.JvmPauseMonitor (JvmPauseMonitor.java:run(188)) - Starting JVM pause monitor
2019-09-25 05:30:50,793 [main] INFO  ozone.HddsDatanodeService (HddsDatanodeService.java:start(184)) - HddsDatanodeService host:pr-hdds-2174-pqx5g-486351168 ip:192.168.36.126
2019-09-25 05:30:50,795 [Datanode State Machine Thread - 0] INFO  datanode.InitDatanodeState (InitDatanodeState.java:persistContainerDatanodeDetails(140)) - DatanodeDetails is persisted to /workdir/hadoop-ozone/integration-test/target/test-dir/MiniOzoneClusterImpl-cea1adf1-e11b-40bf-86cb-fb3b2d854ef9/datanode-3/meta/datanode.id
2019-09-25 05:30:50,799 [main] INFO  volume.HddsVolume (HddsVolume.java:<init>(176)) - Creating Volume: /workdir/hadoop-ozone/integration-test/target/test-dir/MiniOzoneClusterImpl-cea1adf1-e11b-40bf-86cb-fb3b2d854ef9/datanode-4/data/containers/hdds of  storage type : DISK and capacity : 1482555576320
2019-09-25 05:30:50,799 [main] INFO  volume.VolumeSet (VolumeSet.java:initializeVolumeSet(170)) - Added Volume : /workdir/hadoop-ozone/integration-test/target/test-dir/MiniOzoneClusterImpl-cea1adf1-e11b-40bf-86cb-fb3b2d854ef9/datanode-4/data/containers/hdds to VolumeSet
2019-09-25 05:30:50,800 [main] INFO  volume.ThrottledAsyncChecker (ThrottledAsyncChecker.java:schedule(139)) - Scheduling a check for org.apache.hadoop.ozone.container.common.volume.HddsVolume@176996c3
2019-09-25 05:30:50,800 [main] INFO  volume.HddsVolumeChecker (HddsVolumeChecker.java:checkAllVolumes(202)) - Scheduled health check for volume org.apache.hadoop.ozone.container.common.volume.HddsVolume@176996c3
2019-09-25 05:30:50,814 [main] INFO  impl.RaftServerProxy (ConfUtils.java:logGet(43)) - raft.rpc.type = GRPC (default)
2019-09-25 05:30:50,815 [main] INFO  grpc.GrpcFactory (GrpcFactory.java:checkPooledByteBufAllocatorUseCacheForAllThreads(45)) - PERFORMANCE WARNING: useCacheForAllThreads is true that may cause Netty to create a lot garbage objects and, as a result, trigger GC.
	It is recommended to disable useCacheForAllThreads by setting -Dorg.apache.ratis.thirdparty.io.netty.allocator.useCacheForAllThreads=false in command line.
2019-09-25 05:30:50,815 [main] INFO  grpc.GrpcConfigKeys$Server (ConfUtils.java:logGet(43)) - raft.grpc.server.port = 0 (default)
2019-09-25 05:30:50,816 [main] INFO  server.GrpcService (ConfUtils.java:logGet(43)) - raft.grpc.message.size.max = 33570816 (custom)
2019-09-25 05:30:50,816 [main] INFO  server.RaftServerConfigKeys (ConfUtils.java:logGet(43)) - raft.server.log.appender.buffer.byte-limit = 33554432 (custom)
2019-09-25 05:30:50,816 [main] INFO  server.GrpcService (ConfUtils.java:logGet(43)) - raft.grpc.flow.control.window = 1MB (=1048576) (default)
2019-09-25 05:30:50,817 [main] INFO  server.RaftServerConfigKeys (ConfUtils.java:logGet(43)) - raft.server.rpc.request.timeout = 3000ms (default)
2019-09-25 05:30:50,818 [main] INFO  server.RaftServerConfigKeys (ConfUtils.java:logGet(43)) - raft.server.storage.dir = [/workdir/hadoop-ozone/integration-test/target/test-dir/MiniOzoneClusterImpl-cea1adf1-e11b-40bf-86cb-fb3b2d854ef9/datanode-4/data/ratis] (custom)
2019-09-25 05:30:50,820 [main] INFO  hdfs.DFSUtil (DFSUtil.java:httpServerTemplateForNNAndJN(1641)) - Starting Web-server for hddsDatanode at: http://0.0.0.0:0
2019-09-25 05:30:50,822 [main] INFO  server.AuthenticationFilter (AuthenticationFilter.java:constructSecretProvider(240)) - Unable to initialize FileSignerSecretProvider, falling back to use random secrets.
2019-09-25 05:30:50,823 [main] WARN  http.HttpRequestLog (HttpRequestLog.java:getRequestLog(97)) - Jetty request log can only be enabled using Log4j
2019-09-25 05:30:50,826 [main] INFO  http.HttpServer2 (HttpServer2.java:addGlobalFilter(975)) - Added global filter 'safety' (class=org.apache.hadoop.http.HttpServer2$QuotingInputFilter)
2019-09-25 05:30:50,827 [main] INFO  http.HttpServer2 (HttpServer2.java:addFilter(948)) - Added filter static_user_filter (class=org.apache.hadoop.http.lib.StaticUserWebFilter$StaticUserFilter) to context hddsDatanode
2019-09-25 05:30:50,827 [main] INFO  http.HttpServer2 (HttpServer2.java:addFilter(958)) - Added filter static_user_filter (class=org.apache.hadoop.http.lib.StaticUserWebFilter$StaticUserFilter) to context logs
2019-09-25 05:30:50,827 [main] INFO  http.HttpServer2 (HttpServer2.java:addFilter(958)) - Added filter static_user_filter (class=org.apache.hadoop.http.lib.StaticUserWebFilter$StaticUserFilter) to context static
2019-09-25 05:30:50,829 [main] INFO  http.HttpServer2 (HttpServer2.java:bindListener(1191)) - Jetty bound to port 39752
2019-09-25 05:30:50,829 [main] INFO  server.Server (Server.java:doStart(351)) - jetty-9.3.25.v20180904, build timestamp: 2018-09-04T21:11:46Z, git hash: 3ce520221d0240229c862b122d2b06c12a625732
2019-09-25 05:30:50,833 [main] INFO  handler.ContextHandler (ContextHandler.java:doStart(781)) - Started o.e.j.s.ServletContextHandler@561b7d53{/logs,file:///workdir/hadoop-ozone/integration-test/target/log,AVAILABLE}
2019-09-25 05:30:50,834 [main] INFO  handler.ContextHandler (ContextHandler.java:doStart(781)) - Started o.e.j.s.ServletContextHandler@1dc3502b{/static,jar:file:/home/user/.m2/repository/org/apache/hadoop/hadoop-hdds-container-service/0.5.0-SNAPSHOT/hadoop-hdds-container-service-0.5.0-SNAPSHOT.jar!/webapps/static,AVAILABLE}
2019-09-25 05:30:50,883 [main] INFO  handler.ContextHandler (ContextHandler.java:doStart(781)) - Started o.e.j.w.WebAppContext@1d9bd4da{/,file:///tmp/jetty-0.0.0.0-39752-hddsDatanode-_-any-6924699631727778807.dir/webapp/,AVAILABLE}{/hddsDatanode}
2019-09-25 05:30:50,884 [main] INFO  server.AbstractConnector (AbstractConnector.java:doStart(278)) - Started ServerConnector@4c58255{HTTP/1.1,[http/1.1]}{0.0.0.0:39752}
2019-09-25 05:30:50,885 [main] INFO  server.Server (Server.java:doStart(419)) - Started @71770ms
2019-09-25 05:30:50,885 [main] WARN  impl.MetricsSystemImpl (MetricsSystemImpl.java:register(276)) - Sink prometheus already exists!
2019-09-25 05:30:50,886 [main] INFO  server.BaseHttpServer (BaseHttpServer.java:updateConnectorAddress(215)) - HTTP server of HDDSDATANODE is listening at http://0.0.0.0:39752
2019-09-25 05:30:50,886 [main] INFO  impl.MetricsSystemImpl (MetricsSystemImpl.java:init(158)) - HddsDatanode metrics system started (again)
2019-09-25 05:30:50,890 [org.apache.hadoop.util.JvmPauseMonitor$Monitor@2a39a16d] INFO  util.JvmPauseMonitor (JvmPauseMonitor.java:run(188)) - Starting JVM pause monitor
2019-09-25 05:30:50,891 [main] INFO  ozone.HddsDatanodeService (HddsDatanodeService.java:start(184)) - HddsDatanodeService host:pr-hdds-2174-pqx5g-486351168 ip:192.168.36.126
2019-09-25 05:30:50,892 [Datanode State Machine Thread - 0] INFO  datanode.InitDatanodeState (InitDatanodeState.java:persistContainerDatanodeDetails(140)) - DatanodeDetails is persisted to /workdir/hadoop-ozone/integration-test/target/test-dir/MiniOzoneClusterImpl-cea1adf1-e11b-40bf-86cb-fb3b2d854ef9/datanode-4/meta/datanode.id
2019-09-25 05:30:50,897 [main] INFO  volume.HddsVolume (HddsVolume.java:<init>(176)) - Creating Volume: /workdir/hadoop-ozone/integration-test/target/test-dir/MiniOzoneClusterImpl-cea1adf1-e11b-40bf-86cb-fb3b2d854ef9/datanode-5/data/containers/hdds of  storage type : DISK and capacity : 1482555576320
2019-09-25 05:30:50,897 [main] INFO  volume.VolumeSet (VolumeSet.java:initializeVolumeSet(170)) - Added Volume : /workdir/hadoop-ozone/integration-test/target/test-dir/MiniOzoneClusterImpl-cea1adf1-e11b-40bf-86cb-fb3b2d854ef9/datanode-5/data/containers/hdds to VolumeSet
2019-09-25 05:30:50,897 [main] INFO  volume.ThrottledAsyncChecker (ThrottledAsyncChecker.java:schedule(139)) - Scheduling a check for org.apache.hadoop.ozone.container.common.volume.HddsVolume@2b7962a2
2019-09-25 05:30:50,898 [main] INFO  volume.HddsVolumeChecker (HddsVolumeChecker.java:checkAllVolumes(202)) - Scheduled health check for volume org.apache.hadoop.ozone.container.common.volume.HddsVolume@2b7962a2
2019-09-25 05:30:50,915 [main] INFO  impl.RaftServerProxy (ConfUtils.java:logGet(43)) - raft.rpc.type = GRPC (default)
2019-09-25 05:30:50,915 [main] INFO  grpc.GrpcFactory (GrpcFactory.java:checkPooledByteBufAllocatorUseCacheForAllThreads(45)) - PERFORMANCE WARNING: useCacheForAllThreads is true that may cause Netty to create a lot garbage objects and, as a result, trigger GC.
	It is recommended to disable useCacheForAllThreads by setting -Dorg.apache.ratis.thirdparty.io.netty.allocator.useCacheForAllThreads=false in command line.
2019-09-25 05:30:50,915 [main] INFO  grpc.GrpcConfigKeys$Server (ConfUtils.java:logGet(43)) - raft.grpc.server.port = 0 (default)
2019-09-25 05:30:50,915 [main] INFO  server.GrpcService (ConfUtils.java:logGet(43)) - raft.grpc.message.size.max = 33570816 (custom)
2019-09-25 05:30:50,916 [main] INFO  server.RaftServerConfigKeys (ConfUtils.java:logGet(43)) - raft.server.log.appender.buffer.byte-limit = 33554432 (custom)
2019-09-25 05:30:50,916 [main] INFO  server.GrpcService (ConfUtils.java:logGet(43)) - raft.grpc.flow.control.window = 1MB (=1048576) (default)
2019-09-25 05:30:50,916 [main] INFO  server.RaftServerConfigKeys (ConfUtils.java:logGet(43)) - raft.server.rpc.request.timeout = 3000ms (default)
2019-09-25 05:30:50,917 [main] INFO  server.RaftServerConfigKeys (ConfUtils.java:logGet(43)) - raft.server.storage.dir = [/workdir/hadoop-ozone/integration-test/target/test-dir/MiniOzoneClusterImpl-cea1adf1-e11b-40bf-86cb-fb3b2d854ef9/datanode-5/data/ratis] (custom)
2019-09-25 05:30:50,919 [main] INFO  hdfs.DFSUtil (DFSUtil.java:httpServerTemplateForNNAndJN(1641)) - Starting Web-server for hddsDatanode at: http://0.0.0.0:0
2019-09-25 05:30:50,921 [main] INFO  server.AuthenticationFilter (AuthenticationFilter.java:constructSecretProvider(240)) - Unable to initialize FileSignerSecretProvider, falling back to use random secrets.
2019-09-25 05:30:50,921 [main] WARN  http.HttpRequestLog (HttpRequestLog.java:getRequestLog(97)) - Jetty request log can only be enabled using Log4j
2019-09-25 05:30:50,924 [main] INFO  http.HttpServer2 (HttpServer2.java:addGlobalFilter(975)) - Added global filter 'safety' (class=org.apache.hadoop.http.HttpServer2$QuotingInputFilter)
2019-09-25 05:30:50,925 [main] INFO  http.HttpServer2 (HttpServer2.java:addFilter(948)) - Added filter static_user_filter (class=org.apache.hadoop.http.lib.StaticUserWebFilter$StaticUserFilter) to context hddsDatanode
2019-09-25 05:30:50,926 [main] INFO  http.HttpServer2 (HttpServer2.java:addFilter(958)) - Added filter static_user_filter (class=org.apache.hadoop.http.lib.StaticUserWebFilter$StaticUserFilter) to context logs
2019-09-25 05:30:50,926 [main] INFO  http.HttpServer2 (HttpServer2.java:addFilter(958)) - Added filter static_user_filter (class=org.apache.hadoop.http.lib.StaticUserWebFilter$StaticUserFilter) to context static
2019-09-25 05:30:50,927 [main] INFO  http.HttpServer2 (HttpServer2.java:bindListener(1191)) - Jetty bound to port 36441
2019-09-25 05:30:50,928 [main] INFO  server.Server (Server.java:doStart(351)) - jetty-9.3.25.v20180904, build timestamp: 2018-09-04T21:11:46Z, git hash: 3ce520221d0240229c862b122d2b06c12a625732
2019-09-25 05:30:50,930 [main] INFO  handler.ContextHandler (ContextHandler.java:doStart(781)) - Started o.e.j.s.ServletContextHandler@51d387d3{/logs,file:///workdir/hadoop-ozone/integration-test/target/log,AVAILABLE}
2019-09-25 05:30:50,931 [main] INFO  handler.ContextHandler (ContextHandler.java:doStart(781)) - Started o.e.j.s.ServletContextHandler@534180a2{/static,jar:file:/home/user/.m2/repository/org/apache/hadoop/hadoop-hdds-container-service/0.5.0-SNAPSHOT/hadoop-hdds-container-service-0.5.0-SNAPSHOT.jar!/webapps/static,AVAILABLE}
2019-09-25 05:30:50,976 [main] INFO  handler.ContextHandler (ContextHandler.java:doStart(781)) - Started o.e.j.w.WebAppContext@3a37a501{/,file:///tmp/jetty-0.0.0.0-36441-hddsDatanode-_-any-8996533123214337773.dir/webapp/,AVAILABLE}{/hddsDatanode}
2019-09-25 05:30:50,977 [main] INFO  server.AbstractConnector (AbstractConnector.java:doStart(278)) - Started ServerConnector@7a583586{HTTP/1.1,[http/1.1]}{0.0.0.0:36441}
2019-09-25 05:30:50,978 [main] INFO  server.Server (Server.java:doStart(419)) - Started @71864ms
2019-09-25 05:30:50,978 [main] WARN  impl.MetricsSystemImpl (MetricsSystemImpl.java:register(276)) - Sink prometheus already exists!
2019-09-25 05:30:50,979 [main] INFO  server.BaseHttpServer (BaseHttpServer.java:updateConnectorAddress(215)) - HTTP server of HDDSDATANODE is listening at http://0.0.0.0:36441
2019-09-25 05:30:50,980 [main] INFO  impl.MetricsSystemImpl (MetricsSystemImpl.java:init(158)) - HddsDatanode metrics system started (again)
2019-09-25 05:30:50,984 [org.apache.hadoop.util.JvmPauseMonitor$Monitor@16e66f6b] INFO  util.JvmPauseMonitor (JvmPauseMonitor.java:run(188)) - Starting JVM pause monitor
2019-09-25 05:30:50,985 [main] INFO  ozone.HddsDatanodeService (HddsDatanodeService.java:start(184)) - HddsDatanodeService host:pr-hdds-2174-pqx5g-486351168 ip:192.168.36.126
2019-09-25 05:30:50,987 [Datanode State Machine Thread - 0] INFO  datanode.InitDatanodeState (InitDatanodeState.java:persistContainerDatanodeDetails(140)) - DatanodeDetails is persisted to /workdir/hadoop-ozone/integration-test/target/test-dir/MiniOzoneClusterImpl-cea1adf1-e11b-40bf-86cb-fb3b2d854ef9/datanode-5/meta/datanode.id
2019-09-25 05:30:50,990 [main] INFO  volume.HddsVolume (HddsVolume.java:<init>(176)) - Creating Volume: /workdir/hadoop-ozone/integration-test/target/test-dir/MiniOzoneClusterImpl-cea1adf1-e11b-40bf-86cb-fb3b2d854ef9/datanode-6/data/containers/hdds of  storage type : DISK and capacity : 1482555576320
2019-09-25 05:30:50,990 [main] INFO  volume.VolumeSet (VolumeSet.java:initializeVolumeSet(170)) - Added Volume : /workdir/hadoop-ozone/integration-test/target/test-dir/MiniOzoneClusterImpl-cea1adf1-e11b-40bf-86cb-fb3b2d854ef9/datanode-6/data/containers/hdds to VolumeSet
2019-09-25 05:30:50,991 [main] INFO  volume.ThrottledAsyncChecker (ThrottledAsyncChecker.java:schedule(139)) - Scheduling a check for org.apache.hadoop.ozone.container.common.volume.HddsVolume@1f346ad2
2019-09-25 05:30:50,991 [main] INFO  volume.HddsVolumeChecker (HddsVolumeChecker.java:checkAllVolumes(202)) - Scheduled health check for volume org.apache.hadoop.ozone.container.common.volume.HddsVolume@1f346ad2
2019-09-25 05:30:51,005 [main] INFO  impl.RaftServerProxy (ConfUtils.java:logGet(43)) - raft.rpc.type = GRPC (default)
2019-09-25 05:30:51,005 [main] INFO  grpc.GrpcFactory (GrpcFactory.java:checkPooledByteBufAllocatorUseCacheForAllThreads(45)) - PERFORMANCE WARNING: useCacheForAllThreads is true that may cause Netty to create a lot garbage objects and, as a result, trigger GC.
	It is recommended to disable useCacheForAllThreads by setting -Dorg.apache.ratis.thirdparty.io.netty.allocator.useCacheForAllThreads=false in command line.
2019-09-25 05:30:51,005 [main] INFO  grpc.GrpcConfigKeys$Server (ConfUtils.java:logGet(43)) - raft.grpc.server.port = 0 (default)
2019-09-25 05:30:51,006 [main] INFO  server.GrpcService (ConfUtils.java:logGet(43)) - raft.grpc.message.size.max = 33570816 (custom)
2019-09-25 05:30:51,006 [main] INFO  server.RaftServerConfigKeys (ConfUtils.java:logGet(43)) - raft.server.log.appender.buffer.byte-limit = 33554432 (custom)
2019-09-25 05:30:51,006 [main] INFO  server.GrpcService (ConfUtils.java:logGet(43)) - raft.grpc.flow.control.window = 1MB (=1048576) (default)
2019-09-25 05:30:51,006 [main] INFO  server.RaftServerConfigKeys (ConfUtils.java:logGet(43)) - raft.server.rpc.request.timeout = 3000ms (default)
2019-09-25 05:30:51,007 [main] INFO  server.RaftServerConfigKeys (ConfUtils.java:logGet(43)) - raft.server.storage.dir = [/workdir/hadoop-ozone/integration-test/target/test-dir/MiniOzoneClusterImpl-cea1adf1-e11b-40bf-86cb-fb3b2d854ef9/datanode-6/data/ratis] (custom)
2019-09-25 05:30:51,008 [main] INFO  hdfs.DFSUtil (DFSUtil.java:httpServerTemplateForNNAndJN(1641)) - Starting Web-server for hddsDatanode at: http://0.0.0.0:0
2019-09-25 05:30:51,010 [main] INFO  server.AuthenticationFilter (AuthenticationFilter.java:constructSecretProvider(240)) - Unable to initialize FileSignerSecretProvider, falling back to use random secrets.
2019-09-25 05:30:51,011 [main] WARN  http.HttpRequestLog (HttpRequestLog.java:getRequestLog(97)) - Jetty request log can only be enabled using Log4j
2019-09-25 05:30:51,012 [main] INFO  http.HttpServer2 (HttpServer2.java:addGlobalFilter(975)) - Added global filter 'safety' (class=org.apache.hadoop.http.HttpServer2$QuotingInputFilter)
2019-09-25 05:30:51,013 [main] INFO  http.HttpServer2 (HttpServer2.java:addFilter(948)) - Added filter static_user_filter (class=org.apache.hadoop.http.lib.StaticUserWebFilter$StaticUserFilter) to context hddsDatanode
2019-09-25 05:30:51,013 [main] INFO  http.HttpServer2 (HttpServer2.java:addFilter(958)) - Added filter static_user_filter (class=org.apache.hadoop.http.lib.StaticUserWebFilter$StaticUserFilter) to context logs
2019-09-25 05:30:51,014 [main] INFO  http.HttpServer2 (HttpServer2.java:addFilter(958)) - Added filter static_user_filter (class=org.apache.hadoop.http.lib.StaticUserWebFilter$StaticUserFilter) to context static
2019-09-25 05:30:51,014 [main] INFO  http.HttpServer2 (HttpServer2.java:bindListener(1191)) - Jetty bound to port 46470
2019-09-25 05:30:51,015 [main] INFO  server.Server (Server.java:doStart(351)) - jetty-9.3.25.v20180904, build timestamp: 2018-09-04T21:11:46Z, git hash: 3ce520221d0240229c862b122d2b06c12a625732
2019-09-25 05:30:51,016 [main] INFO  handler.ContextHandler (ContextHandler.java:doStart(781)) - Started o.e.j.s.ServletContextHandler@72fd8a3c{/logs,file:///workdir/hadoop-ozone/integration-test/target/log,AVAILABLE}
2019-09-25 05:30:51,017 [main] INFO  handler.ContextHandler (ContextHandler.java:doStart(781)) - Started o.e.j.s.ServletContextHandler@34780cd9{/static,jar:file:/home/user/.m2/repository/org/apache/hadoop/hadoop-hdds-container-service/0.5.0-SNAPSHOT/hadoop-hdds-container-service-0.5.0-SNAPSHOT.jar!/webapps/static,AVAILABLE}
2019-09-25 05:30:51,051 [main] INFO  handler.ContextHandler (ContextHandler.java:doStart(781)) - Started o.e.j.w.WebAppContext@7a485a36{/,file:///tmp/jetty-0.0.0.0-46470-hddsDatanode-_-any-632859064390667470.dir/webapp/,AVAILABLE}{/hddsDatanode}
2019-09-25 05:30:51,052 [main] INFO  server.AbstractConnector (AbstractConnector.java:doStart(278)) - Started ServerConnector@5cf3157b{HTTP/1.1,[http/1.1]}{0.0.0.0:46470}
2019-09-25 05:30:51,053 [main] INFO  server.Server (Server.java:doStart(419)) - Started @71939ms
2019-09-25 05:30:51,053 [main] WARN  impl.MetricsSystemImpl (MetricsSystemImpl.java:register(276)) - Sink prometheus already exists!
2019-09-25 05:30:51,054 [main] INFO  server.BaseHttpServer (BaseHttpServer.java:updateConnectorAddress(215)) - HTTP server of HDDSDATANODE is listening at http://0.0.0.0:46470
2019-09-25 05:30:51,054 [main] INFO  impl.MetricsSystemImpl (MetricsSystemImpl.java:init(158)) - HddsDatanode metrics system started (again)
2019-09-25 05:30:51,059 [org.apache.hadoop.util.JvmPauseMonitor$Monitor@1233a0c6] INFO  util.JvmPauseMonitor (JvmPauseMonitor.java:run(188)) - Starting JVM pause monitor
2019-09-25 05:30:51,060 [main] INFO  ozone.HddsDatanodeService (HddsDatanodeService.java:start(184)) - HddsDatanodeService host:pr-hdds-2174-pqx5g-486351168 ip:192.168.36.126
2019-09-25 05:30:51,061 [Datanode State Machine Thread - 0] INFO  datanode.InitDatanodeState (InitDatanodeState.java:persistContainerDatanodeDetails(140)) - DatanodeDetails is persisted to /workdir/hadoop-ozone/integration-test/target/test-dir/MiniOzoneClusterImpl-cea1adf1-e11b-40bf-86cb-fb3b2d854ef9/datanode-6/meta/datanode.id
2019-09-25 05:30:51,065 [main] INFO  volume.HddsVolume (HddsVolume.java:<init>(176)) - Creating Volume: /workdir/hadoop-ozone/integration-test/target/test-dir/MiniOzoneClusterImpl-cea1adf1-e11b-40bf-86cb-fb3b2d854ef9/datanode-7/data/containers/hdds of  storage type : DISK and capacity : 1482555576320
2019-09-25 05:30:51,065 [main] INFO  volume.VolumeSet (VolumeSet.java:initializeVolumeSet(170)) - Added Volume : /workdir/hadoop-ozone/integration-test/target/test-dir/MiniOzoneClusterImpl-cea1adf1-e11b-40bf-86cb-fb3b2d854ef9/datanode-7/data/containers/hdds to VolumeSet
2019-09-25 05:30:51,066 [main] INFO  volume.ThrottledAsyncChecker (ThrottledAsyncChecker.java:schedule(139)) - Scheduling a check for org.apache.hadoop.ozone.container.common.volume.HddsVolume@3b27b497
2019-09-25 05:30:51,066 [main] INFO  volume.HddsVolumeChecker (HddsVolumeChecker.java:checkAllVolumes(202)) - Scheduled health check for volume org.apache.hadoop.ozone.container.common.volume.HddsVolume@3b27b497
2019-09-25 05:30:51,081 [main] INFO  impl.RaftServerProxy (ConfUtils.java:logGet(43)) - raft.rpc.type = GRPC (default)
2019-09-25 05:30:51,082 [main] INFO  grpc.GrpcFactory (GrpcFactory.java:checkPooledByteBufAllocatorUseCacheForAllThreads(45)) - PERFORMANCE WARNING: useCacheForAllThreads is true that may cause Netty to create a lot garbage objects and, as a result, trigger GC.
	It is recommended to disable useCacheForAllThreads by setting -Dorg.apache.ratis.thirdparty.io.netty.allocator.useCacheForAllThreads=false in command line.
2019-09-25 05:30:51,082 [main] INFO  grpc.GrpcConfigKeys$Server (ConfUtils.java:logGet(43)) - raft.grpc.server.port = 0 (default)
2019-09-25 05:30:51,082 [main] INFO  server.GrpcService (ConfUtils.java:logGet(43)) - raft.grpc.message.size.max = 33570816 (custom)
2019-09-25 05:30:51,082 [main] INFO  server.RaftServerConfigKeys (ConfUtils.java:logGet(43)) - raft.server.log.appender.buffer.byte-limit = 33554432 (custom)
2019-09-25 05:30:51,083 [main] INFO  server.GrpcService (ConfUtils.java:logGet(43)) - raft.grpc.flow.control.window = 1MB (=1048576) (default)
2019-09-25 05:30:51,083 [main] INFO  server.RaftServerConfigKeys (ConfUtils.java:logGet(43)) - raft.server.rpc.request.timeout = 3000ms (default)
2019-09-25 05:30:51,083 [main] INFO  server.RaftServerConfigKeys (ConfUtils.java:logGet(43)) - raft.server.storage.dir = [/workdir/hadoop-ozone/integration-test/target/test-dir/MiniOzoneClusterImpl-cea1adf1-e11b-40bf-86cb-fb3b2d854ef9/datanode-7/data/ratis] (custom)
2019-09-25 05:30:51,085 [main] INFO  hdfs.DFSUtil (DFSUtil.java:httpServerTemplateForNNAndJN(1641)) - Starting Web-server for hddsDatanode at: http://0.0.0.0:0
2019-09-25 05:30:51,086 [main] INFO  server.AuthenticationFilter (AuthenticationFilter.java:constructSecretProvider(240)) - Unable to initialize FileSignerSecretProvider, falling back to use random secrets.
2019-09-25 05:30:51,087 [main] WARN  http.HttpRequestLog (HttpRequestLog.java:getRequestLog(97)) - Jetty request log can only be enabled using Log4j
2019-09-25 05:30:51,088 [main] INFO  http.HttpServer2 (HttpServer2.java:addGlobalFilter(975)) - Added global filter 'safety' (class=org.apache.hadoop.http.HttpServer2$QuotingInputFilter)
2019-09-25 05:30:51,089 [main] INFO  http.HttpServer2 (HttpServer2.java:addFilter(948)) - Added filter static_user_filter (class=org.apache.hadoop.http.lib.StaticUserWebFilter$StaticUserFilter) to context hddsDatanode
2019-09-25 05:30:51,089 [main] INFO  http.HttpServer2 (HttpServer2.java:addFilter(958)) - Added filter static_user_filter (class=org.apache.hadoop.http.lib.StaticUserWebFilter$StaticUserFilter) to context static
2019-09-25 05:30:51,089 [main] INFO  http.HttpServer2 (HttpServer2.java:addFilter(958)) - Added filter static_user_filter (class=org.apache.hadoop.http.lib.StaticUserWebFilter$StaticUserFilter) to context logs
2019-09-25 05:30:51,090 [main] INFO  http.HttpServer2 (HttpServer2.java:bindListener(1191)) - Jetty bound to port 43353
2019-09-25 05:30:51,090 [main] INFO  server.Server (Server.java:doStart(351)) - jetty-9.3.25.v20180904, build timestamp: 2018-09-04T21:11:46Z, git hash: 3ce520221d0240229c862b122d2b06c12a625732
2019-09-25 05:30:51,092 [main] INFO  handler.ContextHandler (ContextHandler.java:doStart(781)) - Started o.e.j.s.ServletContextHandler@2d64160c{/logs,file:///workdir/hadoop-ozone/integration-test/target/log,AVAILABLE}
2019-09-25 05:30:51,092 [main] INFO  handler.ContextHandler (ContextHandler.java:doStart(781)) - Started o.e.j.s.ServletContextHandler@2eeb0f9b{/static,jar:file:/home/user/.m2/repository/org/apache/hadoop/hadoop-hdds-container-service/0.5.0-SNAPSHOT/hadoop-hdds-container-service-0.5.0-SNAPSHOT.jar!/webapps/static,AVAILABLE}
2019-09-25 05:30:51,134 [main] INFO  handler.ContextHandler (ContextHandler.java:doStart(781)) - Started o.e.j.w.WebAppContext@459f703f{/,file:///tmp/jetty-0.0.0.0-43353-hddsDatanode-_-any-1530455631744579732.dir/webapp/,AVAILABLE}{/hddsDatanode}
2019-09-25 05:30:51,134 [main] INFO  server.AbstractConnector (AbstractConnector.java:doStart(278)) - Started ServerConnector@188ac8a3{HTTP/1.1,[http/1.1]}{0.0.0.0:43353}
2019-09-25 05:30:51,135 [main] INFO  server.Server (Server.java:doStart(419)) - Started @72021ms
2019-09-25 05:30:51,135 [main] WARN  impl.MetricsSystemImpl (MetricsSystemImpl.java:register(276)) - Sink prometheus already exists!
2019-09-25 05:30:51,136 [main] INFO  server.BaseHttpServer (BaseHttpServer.java:updateConnectorAddress(215)) - HTTP server of HDDSDATANODE is listening at http://0.0.0.0:43353
2019-09-25 05:30:51,136 [main] INFO  impl.MetricsSystemImpl (MetricsSystemImpl.java:init(158)) - HddsDatanode metrics system started (again)
2019-09-25 05:30:51,140 [org.apache.hadoop.util.JvmPauseMonitor$Monitor@7fd5e2b4] INFO  util.JvmPauseMonitor (JvmPauseMonitor.java:run(188)) - Starting JVM pause monitor
2019-09-25 05:30:51,141 [main] INFO  ozone.HddsDatanodeService (HddsDatanodeService.java:start(184)) - HddsDatanodeService host:pr-hdds-2174-pqx5g-486351168 ip:192.168.36.126
2019-09-25 05:30:51,143 [Datanode State Machine Thread - 0] INFO  datanode.InitDatanodeState (InitDatanodeState.java:persistContainerDatanodeDetails(140)) - DatanodeDetails is persisted to /workdir/hadoop-ozone/integration-test/target/test-dir/MiniOzoneClusterImpl-cea1adf1-e11b-40bf-86cb-fb3b2d854ef9/datanode-7/meta/datanode.id
2019-09-25 05:30:51,146 [main] INFO  volume.HddsVolume (HddsVolume.java:<init>(176)) - Creating Volume: /workdir/hadoop-ozone/integration-test/target/test-dir/MiniOzoneClusterImpl-cea1adf1-e11b-40bf-86cb-fb3b2d854ef9/datanode-8/data/containers/hdds of  storage type : DISK and capacity : 1482555576320
2019-09-25 05:30:51,146 [main] INFO  volume.VolumeSet (VolumeSet.java:initializeVolumeSet(170)) - Added Volume : /workdir/hadoop-ozone/integration-test/target/test-dir/MiniOzoneClusterImpl-cea1adf1-e11b-40bf-86cb-fb3b2d854ef9/datanode-8/data/containers/hdds to VolumeSet
2019-09-25 05:30:51,146 [main] INFO  volume.ThrottledAsyncChecker (ThrottledAsyncChecker.java:schedule(139)) - Scheduling a check for org.apache.hadoop.ozone.container.common.volume.HddsVolume@5f2bd6d9
2019-09-25 05:30:51,147 [main] INFO  volume.HddsVolumeChecker (HddsVolumeChecker.java:checkAllVolumes(202)) - Scheduled health check for volume org.apache.hadoop.ozone.container.common.volume.HddsVolume@5f2bd6d9
2019-09-25 05:30:51,161 [main] INFO  impl.RaftServerProxy (ConfUtils.java:logGet(43)) - raft.rpc.type = GRPC (default)
2019-09-25 05:30:51,161 [main] INFO  grpc.GrpcFactory (GrpcFactory.java:checkPooledByteBufAllocatorUseCacheForAllThreads(45)) - PERFORMANCE WARNING: useCacheForAllThreads is true that may cause Netty to create a lot garbage objects and, as a result, trigger GC.
	It is recommended to disable useCacheForAllThreads by setting -Dorg.apache.ratis.thirdparty.io.netty.allocator.useCacheForAllThreads=false in command line.
2019-09-25 05:30:51,161 [main] INFO  grpc.GrpcConfigKeys$Server (ConfUtils.java:logGet(43)) - raft.grpc.server.port = 0 (default)
2019-09-25 05:30:51,161 [main] INFO  server.GrpcService (ConfUtils.java:logGet(43)) - raft.grpc.message.size.max = 33570816 (custom)
2019-09-25 05:30:51,161 [main] INFO  server.RaftServerConfigKeys (ConfUtils.java:logGet(43)) - raft.server.log.appender.buffer.byte-limit = 33554432 (custom)
2019-09-25 05:30:51,162 [main] INFO  server.GrpcService (ConfUtils.java:logGet(43)) - raft.grpc.flow.control.window = 1MB (=1048576) (default)
2019-09-25 05:30:51,162 [main] INFO  server.RaftServerConfigKeys (ConfUtils.java:logGet(43)) - raft.server.rpc.request.timeout = 3000ms (default)
2019-09-25 05:30:51,163 [main] INFO  server.RaftServerConfigKeys (ConfUtils.java:logGet(43)) - raft.server.storage.dir = [/workdir/hadoop-ozone/integration-test/target/test-dir/MiniOzoneClusterImpl-cea1adf1-e11b-40bf-86cb-fb3b2d854ef9/datanode-8/data/ratis] (custom)
2019-09-25 05:30:51,164 [main] INFO  hdfs.DFSUtil (DFSUtil.java:httpServerTemplateForNNAndJN(1641)) - Starting Web-server for hddsDatanode at: http://0.0.0.0:0
2019-09-25 05:30:51,165 [main] INFO  server.AuthenticationFilter (AuthenticationFilter.java:constructSecretProvider(240)) - Unable to initialize FileSignerSecretProvider, falling back to use random secrets.
2019-09-25 05:30:51,165 [main] WARN  http.HttpRequestLog (HttpRequestLog.java:getRequestLog(97)) - Jetty request log can only be enabled using Log4j
2019-09-25 05:30:51,167 [main] INFO  http.HttpServer2 (HttpServer2.java:addGlobalFilter(975)) - Added global filter 'safety' (class=org.apache.hadoop.http.HttpServer2$QuotingInputFilter)
2019-09-25 05:30:51,167 [main] INFO  http.HttpServer2 (HttpServer2.java:addFilter(948)) - Added filter static_user_filter (class=org.apache.hadoop.http.lib.StaticUserWebFilter$StaticUserFilter) to context hddsDatanode
2019-09-25 05:30:51,168 [main] INFO  http.HttpServer2 (HttpServer2.java:addFilter(958)) - Added filter static_user_filter (class=org.apache.hadoop.http.lib.StaticUserWebFilter$StaticUserFilter) to context static
2019-09-25 05:30:51,168 [main] INFO  http.HttpServer2 (HttpServer2.java:addFilter(958)) - Added filter static_user_filter (class=org.apache.hadoop.http.lib.StaticUserWebFilter$StaticUserFilter) to context logs
2019-09-25 05:30:51,169 [main] INFO  http.HttpServer2 (HttpServer2.java:bindListener(1191)) - Jetty bound to port 35074
2019-09-25 05:30:51,169 [main] INFO  server.Server (Server.java:doStart(351)) - jetty-9.3.25.v20180904, build timestamp: 2018-09-04T21:11:46Z, git hash: 3ce520221d0240229c862b122d2b06c12a625732
2019-09-25 05:30:51,170 [main] INFO  handler.ContextHandler (ContextHandler.java:doStart(781)) - Started o.e.j.s.ServletContextHandler@2bc426f0{/logs,file:///workdir/hadoop-ozone/integration-test/target/log,AVAILABLE}
2019-09-25 05:30:51,171 [main] INFO  handler.ContextHandler (ContextHandler.java:doStart(781)) - Started o.e.j.s.ServletContextHandler@33425811{/static,jar:file:/home/user/.m2/repository/org/apache/hadoop/hadoop-hdds-container-service/0.5.0-SNAPSHOT/hadoop-hdds-container-service-0.5.0-SNAPSHOT.jar!/webapps/static,AVAILABLE}
2019-09-25 05:30:51,227 [main] INFO  handler.ContextHandler (ContextHandler.java:doStart(781)) - Started o.e.j.w.WebAppContext@70730db{/,file:///tmp/jetty-0.0.0.0-35074-hddsDatanode-_-any-9095115490737499650.dir/webapp/,AVAILABLE}{/hddsDatanode}
2019-09-25 05:30:51,228 [main] INFO  server.AbstractConnector (AbstractConnector.java:doStart(278)) - Started ServerConnector@5793b87{HTTP/1.1,[http/1.1]}{0.0.0.0:35074}
2019-09-25 05:30:51,229 [main] INFO  server.Server (Server.java:doStart(419)) - Started @72114ms
2019-09-25 05:30:51,229 [main] WARN  impl.MetricsSystemImpl (MetricsSystemImpl.java:register(276)) - Sink prometheus already exists!
2019-09-25 05:30:51,230 [main] INFO  server.BaseHttpServer (BaseHttpServer.java:updateConnectorAddress(215)) - HTTP server of HDDSDATANODE is listening at http://0.0.0.0:35074
2019-09-25 05:30:51,230 [main] INFO  impl.MetricsSystemImpl (MetricsSystemImpl.java:init(158)) - HddsDatanode metrics system started (again)
2019-09-25 05:30:51,235 [org.apache.hadoop.util.JvmPauseMonitor$Monitor@6603a202] INFO  util.JvmPauseMonitor (JvmPauseMonitor.java:run(188)) - Starting JVM pause monitor
2019-09-25 05:30:51,236 [main] INFO  ozone.HddsDatanodeService (HddsDatanodeService.java:start(184)) - HddsDatanodeService host:pr-hdds-2174-pqx5g-486351168 ip:192.168.36.126
2019-09-25 05:30:51,238 [Datanode State Machine Thread - 0] INFO  datanode.InitDatanodeState (InitDatanodeState.java:persistContainerDatanodeDetails(140)) - DatanodeDetails is persisted to /workdir/hadoop-ozone/integration-test/target/test-dir/MiniOzoneClusterImpl-cea1adf1-e11b-40bf-86cb-fb3b2d854ef9/datanode-8/meta/datanode.id
2019-09-25 05:30:51,241 [main] INFO  volume.HddsVolume (HddsVolume.java:<init>(176)) - Creating Volume: /workdir/hadoop-ozone/integration-test/target/test-dir/MiniOzoneClusterImpl-cea1adf1-e11b-40bf-86cb-fb3b2d854ef9/datanode-9/data/containers/hdds of  storage type : DISK and capacity : 1482555576320
2019-09-25 05:30:51,242 [main] INFO  volume.VolumeSet (VolumeSet.java:initializeVolumeSet(170)) - Added Volume : /workdir/hadoop-ozone/integration-test/target/test-dir/MiniOzoneClusterImpl-cea1adf1-e11b-40bf-86cb-fb3b2d854ef9/datanode-9/data/containers/hdds to VolumeSet
2019-09-25 05:30:51,242 [main] INFO  volume.ThrottledAsyncChecker (ThrottledAsyncChecker.java:schedule(139)) - Scheduling a check for org.apache.hadoop.ozone.container.common.volume.HddsVolume@424de326
2019-09-25 05:30:51,242 [main] INFO  volume.HddsVolumeChecker (HddsVolumeChecker.java:checkAllVolumes(202)) - Scheduled health check for volume org.apache.hadoop.ozone.container.common.volume.HddsVolume@424de326
2019-09-25 05:30:51,256 [main] INFO  impl.RaftServerProxy (ConfUtils.java:logGet(43)) - raft.rpc.type = GRPC (default)
2019-09-25 05:30:51,256 [main] INFO  grpc.GrpcFactory (GrpcFactory.java:checkPooledByteBufAllocatorUseCacheForAllThreads(45)) - PERFORMANCE WARNING: useCacheForAllThreads is true that may cause Netty to create a lot garbage objects and, as a result, trigger GC.
	It is recommended to disable useCacheForAllThreads by setting -Dorg.apache.ratis.thirdparty.io.netty.allocator.useCacheForAllThreads=false in command line.
2019-09-25 05:30:51,256 [main] INFO  grpc.GrpcConfigKeys$Server (ConfUtils.java:logGet(43)) - raft.grpc.server.port = 0 (default)
2019-09-25 05:30:51,256 [main] INFO  server.GrpcService (ConfUtils.java:logGet(43)) - raft.grpc.message.size.max = 33570816 (custom)
2019-09-25 05:30:51,257 [main] INFO  server.RaftServerConfigKeys (ConfUtils.java:logGet(43)) - raft.server.log.appender.buffer.byte-limit = 33554432 (custom)
2019-09-25 05:30:51,257 [main] INFO  server.GrpcService (ConfUtils.java:logGet(43)) - raft.grpc.flow.control.window = 1MB (=1048576) (default)
2019-09-25 05:30:51,257 [main] INFO  server.RaftServerConfigKeys (ConfUtils.java:logGet(43)) - raft.server.rpc.request.timeout = 3000ms (default)
2019-09-25 05:30:51,258 [main] INFO  server.RaftServerConfigKeys (ConfUtils.java:logGet(43)) - raft.server.storage.dir = [/workdir/hadoop-ozone/integration-test/target/test-dir/MiniOzoneClusterImpl-cea1adf1-e11b-40bf-86cb-fb3b2d854ef9/datanode-9/data/ratis] (custom)
2019-09-25 05:30:51,259 [main] INFO  hdfs.DFSUtil (DFSUtil.java:httpServerTemplateForNNAndJN(1641)) - Starting Web-server for hddsDatanode at: http://0.0.0.0:0
2019-09-25 05:30:51,260 [main] INFO  server.AuthenticationFilter (AuthenticationFilter.java:constructSecretProvider(240)) - Unable to initialize FileSignerSecretProvider, falling back to use random secrets.
2019-09-25 05:30:51,260 [main] WARN  http.HttpRequestLog (HttpRequestLog.java:getRequestLog(97)) - Jetty request log can only be enabled using Log4j
2019-09-25 05:30:51,262 [main] INFO  http.HttpServer2 (HttpServer2.java:addGlobalFilter(975)) - Added global filter 'safety' (class=org.apache.hadoop.http.HttpServer2$QuotingInputFilter)
2019-09-25 05:30:51,263 [main] INFO  http.HttpServer2 (HttpServer2.java:addFilter(948)) - Added filter static_user_filter (class=org.apache.hadoop.http.lib.StaticUserWebFilter$StaticUserFilter) to context hddsDatanode
2019-09-25 05:30:51,263 [main] INFO  http.HttpServer2 (HttpServer2.java:addFilter(958)) - Added filter static_user_filter (class=org.apache.hadoop.http.lib.StaticUserWebFilter$StaticUserFilter) to context logs
2019-09-25 05:30:51,263 [main] INFO  http.HttpServer2 (HttpServer2.java:addFilter(958)) - Added filter static_user_filter (class=org.apache.hadoop.http.lib.StaticUserWebFilter$StaticUserFilter) to context static
2019-09-25 05:30:51,264 [main] INFO  http.HttpServer2 (HttpServer2.java:bindListener(1191)) - Jetty bound to port 42699
2019-09-25 05:30:51,264 [main] INFO  server.Server (Server.java:doStart(351)) - jetty-9.3.25.v20180904, build timestamp: 2018-09-04T21:11:46Z, git hash: 3ce520221d0240229c862b122d2b06c12a625732
2019-09-25 05:30:51,265 [main] INFO  handler.ContextHandler (ContextHandler.java:doStart(781)) - Started o.e.j.s.ServletContextHandler@53c6f96d{/logs,file:///workdir/hadoop-ozone/integration-test/target/log,AVAILABLE}
2019-09-25 05:30:51,266 [main] INFO  handler.ContextHandler (ContextHandler.java:doStart(781)) - Started o.e.j.s.ServletContextHandler@4364712f{/static,jar:file:/home/user/.m2/repository/org/apache/hadoop/hadoop-hdds-container-service/0.5.0-SNAPSHOT/hadoop-hdds-container-service-0.5.0-SNAPSHOT.jar!/webapps/static,AVAILABLE}
2019-09-25 05:30:51,294 [main] INFO  handler.ContextHandler (ContextHandler.java:doStart(781)) - Started o.e.j.w.WebAppContext@3f736a16{/,file:///tmp/jetty-0.0.0.0-42699-hddsDatanode-_-any-3438633854822390441.dir/webapp/,AVAILABLE}{/hddsDatanode}
2019-09-25 05:30:51,295 [main] INFO  server.AbstractConnector (AbstractConnector.java:doStart(278)) - Started ServerConnector@4601203a{HTTP/1.1,[http/1.1]}{0.0.0.0:42699}
2019-09-25 05:30:51,296 [main] INFO  server.Server (Server.java:doStart(419)) - Started @72182ms
2019-09-25 05:30:51,296 [main] WARN  impl.MetricsSystemImpl (MetricsSystemImpl.java:register(276)) - Sink prometheus already exists!
2019-09-25 05:30:51,297 [main] INFO  server.BaseHttpServer (BaseHttpServer.java:updateConnectorAddress(215)) - HTTP server of HDDSDATANODE is listening at http://0.0.0.0:42699
2019-09-25 05:30:51,303 [main] INFO  ozone.MiniOzoneClusterImpl (MiniOzoneClusterImpl.java:lambda$waitForClusterToBeReady$0(147)) - Waiting for cluster to be ready. Got 0 of 10 DN Heartbeats.
2019-09-25 05:30:51,303 [org.apache.hadoop.util.JvmPauseMonitor$Monitor@648dad15] INFO  util.JvmPauseMonitor (JvmPauseMonitor.java:run(188)) - Starting JVM pause monitor
2019-09-25 05:30:51,306 [Datanode State Machine Thread - 0] INFO  datanode.InitDatanodeState (InitDatanodeState.java:persistContainerDatanodeDetails(140)) - DatanodeDetails is persisted to /workdir/hadoop-ozone/integration-test/target/test-dir/MiniOzoneClusterImpl-cea1adf1-e11b-40bf-86cb-fb3b2d854ef9/datanode-9/meta/datanode.id
2019-09-25 05:30:52,304 [main] INFO  ozone.MiniOzoneClusterImpl (MiniOzoneClusterImpl.java:lambda$waitForClusterToBeReady$0(147)) - Waiting for cluster to be ready. Got 0 of 10 DN Heartbeats.
2019-09-25 05:30:53,305 [main] INFO  ozone.MiniOzoneClusterImpl (MiniOzoneClusterImpl.java:lambda$waitForClusterToBeReady$0(147)) - Waiting for cluster to be ready. Got 0 of 10 DN Heartbeats.
2019-09-25 05:30:54,306 [main] INFO  ozone.MiniOzoneClusterImpl (MiniOzoneClusterImpl.java:lambda$waitForClusterToBeReady$0(147)) - Waiting for cluster to be ready. Got 0 of 10 DN Heartbeats.
2019-09-25 05:30:55,307 [main] INFO  ozone.MiniOzoneClusterImpl (MiniOzoneClusterImpl.java:lambda$waitForClusterToBeReady$0(147)) - Waiting for cluster to be ready. Got 0 of 10 DN Heartbeats.
2019-09-25 05:30:56,307 [main] INFO  ozone.MiniOzoneClusterImpl (MiniOzoneClusterImpl.java:lambda$waitForClusterToBeReady$0(147)) - Waiting for cluster to be ready. Got 0 of 10 DN Heartbeats.
2019-09-25 05:30:57,308 [main] INFO  ozone.MiniOzoneClusterImpl (MiniOzoneClusterImpl.java:lambda$waitForClusterToBeReady$0(147)) - Waiting for cluster to be ready. Got 0 of 10 DN Heartbeats.
2019-09-25 05:30:57,701 [Datanode State Machine Thread - 0] INFO  ozoneimpl.OzoneContainer (OzoneContainer.java:start(217)) - Attempting to start container services.
2019-09-25 05:30:57,703 [Datanode State Machine Thread - 0] INFO  ozoneimpl.OzoneContainer (OzoneContainer.java:start(217)) - Attempting to start container services.
2019-09-25 05:30:57,703 [Datanode State Machine Thread - 0] INFO  ozoneimpl.OzoneContainer (OzoneContainer.java:start(217)) - Attempting to start container services.
2019-09-25 05:30:57,703 [Datanode State Machine Thread - 0] INFO  ozoneimpl.OzoneContainer (OzoneContainer.java:start(217)) - Attempting to start container services.
2019-09-25 05:30:57,703 [Datanode State Machine Thread - 0] INFO  ozoneimpl.OzoneContainer (OzoneContainer.java:start(217)) - Attempting to start container services.
2019-09-25 05:30:57,703 [Datanode State Machine Thread - 0] INFO  ozoneimpl.OzoneContainer (OzoneContainer.java:start(217)) - Attempting to start container services.
2019-09-25 05:30:57,702 [Datanode State Machine Thread - 0] INFO  ozoneimpl.OzoneContainer (OzoneContainer.java:start(217)) - Attempting to start container services.
2019-09-25 05:30:57,701 [Datanode State Machine Thread - 0] INFO  ozoneimpl.OzoneContainer (OzoneContainer.java:start(217)) - Attempting to start container services.
2019-09-25 05:30:57,701 [Datanode State Machine Thread - 0] INFO  ozoneimpl.OzoneContainer (OzoneContainer.java:start(217)) - Attempting to start container services.
2019-09-25 05:30:57,701 [Datanode State Machine Thread - 0] INFO  ozoneimpl.OzoneContainer (OzoneContainer.java:start(217)) - Attempting to start container services.
2019-09-25 05:30:57,709 [Datanode State Machine Thread - 0] INFO  ozoneimpl.OzoneContainer (OzoneContainer.java:startContainerScrub(179)) - Background container scanner has been disabled.
2019-09-25 05:30:57,709 [Datanode State Machine Thread - 0] INFO  ozoneimpl.OzoneContainer (OzoneContainer.java:startContainerScrub(179)) - Background container scanner has been disabled.
2019-09-25 05:30:57,710 [Datanode State Machine Thread - 0] INFO  ratis.XceiverServerRatis (XceiverServerRatis.java:start(411)) - Starting XceiverServerRatis fd2f3f79-5d7b-4d37-bb24-b15dfe7f18d7 at port 0
2019-09-25 05:30:57,710 [Datanode State Machine Thread - 0] INFO  ratis.XceiverServerRatis (XceiverServerRatis.java:start(411)) - Starting XceiverServerRatis ce8ac917-2646-4112-adf7-d577593fabcb at port 0
2019-09-25 05:30:57,710 [Datanode State Machine Thread - 0] INFO  ozoneimpl.OzoneContainer (OzoneContainer.java:startContainerScrub(179)) - Background container scanner has been disabled.
2019-09-25 05:30:57,711 [Datanode State Machine Thread - 0] INFO  ozoneimpl.OzoneContainer (OzoneContainer.java:startContainerScrub(179)) - Background container scanner has been disabled.
2019-09-25 05:30:57,711 [Datanode State Machine Thread - 0] INFO  ozoneimpl.OzoneContainer (OzoneContainer.java:startContainerScrub(179)) - Background container scanner has been disabled.
2019-09-25 05:30:57,711 [Datanode State Machine Thread - 0] INFO  ozoneimpl.OzoneContainer (OzoneContainer.java:startContainerScrub(179)) - Background container scanner has been disabled.
2019-09-25 05:30:57,711 [Datanode State Machine Thread - 0] INFO  ozoneimpl.OzoneContainer (OzoneContainer.java:startContainerScrub(179)) - Background container scanner has been disabled.
2019-09-25 05:30:57,711 [Datanode State Machine Thread - 0] INFO  ozoneimpl.OzoneContainer (OzoneContainer.java:startContainerScrub(179)) - Background container scanner has been disabled.
2019-09-25 05:30:57,711 [Datanode State Machine Thread - 0] INFO  ozoneimpl.OzoneContainer (OzoneContainer.java:startContainerScrub(179)) - Background container scanner has been disabled.
2019-09-25 05:30:57,712 [Datanode State Machine Thread - 0] INFO  ratis.XceiverServerRatis (XceiverServerRatis.java:start(411)) - Starting XceiverServerRatis 1a2e007f-e8b7-459a-96be-4915e92d3eb5 at port 0
2019-09-25 05:30:57,712 [Datanode State Machine Thread - 0] INFO  ratis.XceiverServerRatis (XceiverServerRatis.java:start(411)) - Starting XceiverServerRatis 5c3318fc-c419-4298-b427-bf5a9ca27bf0 at port 0
2019-09-25 05:30:57,712 [Datanode State Machine Thread - 0] INFO  ratis.XceiverServerRatis (XceiverServerRatis.java:start(411)) - Starting XceiverServerRatis 61946a22-29ed-4e77-8449-fae4cd9869e9 at port 0
2019-09-25 05:30:57,712 [Datanode State Machine Thread - 0] INFO  ratis.XceiverServerRatis (XceiverServerRatis.java:start(411)) - Starting XceiverServerRatis f9c12371-c091-4b4a-8db2-6f0db97bbab3 at port 0
2019-09-25 05:30:57,712 [Datanode State Machine Thread - 0] INFO  ratis.XceiverServerRatis (XceiverServerRatis.java:start(411)) - Starting XceiverServerRatis 616f9f8f-9479-40f4-8c03-f125dcbf9c7f at port 0
2019-09-25 05:30:57,712 [Datanode State Machine Thread - 0] INFO  ozoneimpl.OzoneContainer (OzoneContainer.java:startContainerScrub(179)) - Background container scanner has been disabled.
2019-09-25 05:30:57,711 [Datanode State Machine Thread - 0] INFO  ratis.XceiverServerRatis (XceiverServerRatis.java:start(411)) - Starting XceiverServerRatis e997a993-6131-47bf-96c8-764e04cb5c0e at port 0
2019-09-25 05:30:57,713 [Datanode State Machine Thread - 0] INFO  ratis.XceiverServerRatis (XceiverServerRatis.java:start(411)) - Starting XceiverServerRatis a58d7528-614e-4c39-a3a3-38beaa9905aa at port 0
2019-09-25 05:30:57,712 [Datanode State Machine Thread - 0] INFO  ratis.XceiverServerRatis (XceiverServerRatis.java:start(411)) - Starting XceiverServerRatis 0d4a37ed-4cec-423a-a360-e4a879eb6bc0 at port 0
2019-09-25 05:30:58,308 [Datanode State Machine Thread - 0] INFO  impl.RaftServerProxy (RaftServerProxy.java:lambda$start$3(299)) - 0d4a37ed-4cec-423a-a360-e4a879eb6bc0: start RPC server
2019-09-25 05:30:58,308 [Datanode State Machine Thread - 0] INFO  impl.RaftServerProxy (RaftServerProxy.java:lambda$start$3(299)) - fd2f3f79-5d7b-4d37-bb24-b15dfe7f18d7: start RPC server
2019-09-25 05:30:58,308 [Datanode State Machine Thread - 0] INFO  impl.RaftServerProxy (RaftServerProxy.java:lambda$start$3(299)) - ce8ac917-2646-4112-adf7-d577593fabcb: start RPC server
2019-09-25 05:30:58,308 [Datanode State Machine Thread - 0] INFO  impl.RaftServerProxy (RaftServerProxy.java:lambda$start$3(299)) - 1a2e007f-e8b7-459a-96be-4915e92d3eb5: start RPC server
2019-09-25 05:30:58,312 [main] INFO  ozone.MiniOzoneClusterImpl (MiniOzoneClusterImpl.java:lambda$waitForClusterToBeReady$0(147)) - Waiting for cluster to be ready. Got 0 of 10 DN Heartbeats.
2019-09-25 05:30:58,340 [Datanode State Machine Thread - 0] INFO  impl.RaftServerProxy (RaftServerProxy.java:lambda$start$3(299)) - a58d7528-614e-4c39-a3a3-38beaa9905aa: start RPC server
2019-09-25 05:30:58,340 [Datanode State Machine Thread - 0] INFO  impl.RaftServerProxy (RaftServerProxy.java:lambda$start$3(299)) - 616f9f8f-9479-40f4-8c03-f125dcbf9c7f: start RPC server
2019-09-25 05:30:58,343 [Datanode State Machine Thread - 0] INFO  impl.RaftServerProxy (RaftServerProxy.java:lambda$start$3(299)) - e997a993-6131-47bf-96c8-764e04cb5c0e: start RPC server
2019-09-25 05:30:58,344 [Datanode State Machine Thread - 0] INFO  impl.RaftServerProxy (RaftServerProxy.java:lambda$start$3(299)) - f9c12371-c091-4b4a-8db2-6f0db97bbab3: start RPC server
2019-09-25 05:30:58,344 [Datanode State Machine Thread - 0] INFO  impl.RaftServerProxy (RaftServerProxy.java:lambda$start$3(299)) - 5c3318fc-c419-4298-b427-bf5a9ca27bf0: start RPC server
2019-09-25 05:30:58,345 [Datanode State Machine Thread - 0] INFO  impl.RaftServerProxy (RaftServerProxy.java:lambda$start$3(299)) - 61946a22-29ed-4e77-8449-fae4cd9869e9: start RPC server
2019-09-25 05:30:58,516 [Datanode State Machine Thread - 0] INFO  server.GrpcService (GrpcService.java:startImpl(158)) - 616f9f8f-9479-40f4-8c03-f125dcbf9c7f: GrpcService started, listening on 0.0.0.0/0.0.0.0:39694
2019-09-25 05:30:58,520 [Datanode State Machine Thread - 0] INFO  server.GrpcService (GrpcService.java:startImpl(158)) - ce8ac917-2646-4112-adf7-d577593fabcb: GrpcService started, listening on 0.0.0.0/0.0.0.0:37960
2019-09-25 05:30:58,516 [Datanode State Machine Thread - 0] INFO  server.GrpcService (GrpcService.java:startImpl(158)) - e997a993-6131-47bf-96c8-764e04cb5c0e: GrpcService started, listening on 0.0.0.0/0.0.0.0:37678
2019-09-25 05:30:58,520 [Datanode State Machine Thread - 0] INFO  server.GrpcService (GrpcService.java:startImpl(158)) - a58d7528-614e-4c39-a3a3-38beaa9905aa: GrpcService started, listening on 0.0.0.0/0.0.0.0:37942
2019-09-25 05:30:58,520 [Datanode State Machine Thread - 0] INFO  server.GrpcService (GrpcService.java:startImpl(158)) - 61946a22-29ed-4e77-8449-fae4cd9869e9: GrpcService started, listening on 0.0.0.0/0.0.0.0:36814
2019-09-25 05:30:58,520 [Datanode State Machine Thread - 0] INFO  server.GrpcService (GrpcService.java:startImpl(158)) - 5c3318fc-c419-4298-b427-bf5a9ca27bf0: GrpcService started, listening on 0.0.0.0/0.0.0.0:46795
2019-09-25 05:30:58,516 [Datanode State Machine Thread - 0] INFO  server.GrpcService (GrpcService.java:startImpl(158)) - 0d4a37ed-4cec-423a-a360-e4a879eb6bc0: GrpcService started, listening on 0.0.0.0/0.0.0.0:37817
2019-09-25 05:30:58,516 [Datanode State Machine Thread - 0] INFO  server.GrpcService (GrpcService.java:startImpl(158)) - f9c12371-c091-4b4a-8db2-6f0db97bbab3: GrpcService started, listening on 0.0.0.0/0.0.0.0:46560
2019-09-25 05:30:58,516 [Datanode State Machine Thread - 0] INFO  server.GrpcService (GrpcService.java:startImpl(158)) - fd2f3f79-5d7b-4d37-bb24-b15dfe7f18d7: GrpcService started, listening on 0.0.0.0/0.0.0.0:42280
2019-09-25 05:30:58,522 [Datanode State Machine Thread - 0] INFO  ratis.XceiverServerRatis (XceiverServerRatis.java:start(421)) - XceiverServerRatis fd2f3f79-5d7b-4d37-bb24-b15dfe7f18d7 is started using port 42280
2019-09-25 05:30:58,516 [Datanode State Machine Thread - 0] INFO  server.GrpcService (GrpcService.java:startImpl(158)) - 1a2e007f-e8b7-459a-96be-4915e92d3eb5: GrpcService started, listening on 0.0.0.0/0.0.0.0:32999
2019-09-25 05:30:58,522 [Datanode State Machine Thread - 0] INFO  ratis.XceiverServerRatis (XceiverServerRatis.java:start(421)) - XceiverServerRatis f9c12371-c091-4b4a-8db2-6f0db97bbab3 is started using port 46560
2019-09-25 05:30:58,522 [Datanode State Machine Thread - 0] INFO  ratis.XceiverServerRatis (XceiverServerRatis.java:start(421)) - XceiverServerRatis 0d4a37ed-4cec-423a-a360-e4a879eb6bc0 is started using port 37817
2019-09-25 05:30:58,521 [Datanode State Machine Thread - 0] INFO  ratis.XceiverServerRatis (XceiverServerRatis.java:start(421)) - XceiverServerRatis 5c3318fc-c419-4298-b427-bf5a9ca27bf0 is started using port 46795
2019-09-25 05:30:58,521 [Datanode State Machine Thread - 0] INFO  ratis.XceiverServerRatis (XceiverServerRatis.java:start(421)) - XceiverServerRatis 61946a22-29ed-4e77-8449-fae4cd9869e9 is started using port 36814
2019-09-25 05:30:58,521 [Datanode State Machine Thread - 0] INFO  ratis.XceiverServerRatis (XceiverServerRatis.java:start(421)) - XceiverServerRatis a58d7528-614e-4c39-a3a3-38beaa9905aa is started using port 37942
2019-09-25 05:30:58,521 [Datanode State Machine Thread - 0] INFO  ratis.XceiverServerRatis (XceiverServerRatis.java:start(421)) - XceiverServerRatis e997a993-6131-47bf-96c8-764e04cb5c0e is started using port 37678
2019-09-25 05:30:58,520 [Datanode State Machine Thread - 0] INFO  ratis.XceiverServerRatis (XceiverServerRatis.java:start(421)) - XceiverServerRatis ce8ac917-2646-4112-adf7-d577593fabcb is started using port 37960
2019-09-25 05:30:58,520 [Datanode State Machine Thread - 0] INFO  ratis.XceiverServerRatis (XceiverServerRatis.java:start(421)) - XceiverServerRatis 616f9f8f-9479-40f4-8c03-f125dcbf9c7f is started using port 39694
2019-09-25 05:30:58,522 [Datanode State Machine Thread - 0] INFO  ratis.XceiverServerRatis (XceiverServerRatis.java:start(421)) - XceiverServerRatis 1a2e007f-e8b7-459a-96be-4915e92d3eb5 is started using port 32999
2019-09-25 05:30:58,721 [Datanode State Machine Thread - 0] INFO  server.XceiverServerGrpc (XceiverServerGrpc.java:start(149)) - XceiverServerGrpc a58d7528-614e-4c39-a3a3-38beaa9905aa is started using port 41455
2019-09-25 05:30:58,721 [Datanode State Machine Thread - 0] INFO  server.XceiverServerGrpc (XceiverServerGrpc.java:start(149)) - XceiverServerGrpc 5c3318fc-c419-4298-b427-bf5a9ca27bf0 is started using port 36899
2019-09-25 05:30:58,733 [Datanode State Machine Thread - 0] INFO  server.XceiverServerGrpc (XceiverServerGrpc.java:start(149)) - XceiverServerGrpc e997a993-6131-47bf-96c8-764e04cb5c0e is started using port 45743
2019-09-25 05:30:58,733 [Datanode State Machine Thread - 0] INFO  server.XceiverServerGrpc (XceiverServerGrpc.java:start(149)) - XceiverServerGrpc 1a2e007f-e8b7-459a-96be-4915e92d3eb5 is started using port 38910
2019-09-25 05:30:58,733 [Datanode State Machine Thread - 0] INFO  server.XceiverServerGrpc (XceiverServerGrpc.java:start(149)) - XceiverServerGrpc 616f9f8f-9479-40f4-8c03-f125dcbf9c7f is started using port 46318
2019-09-25 05:30:58,733 [Datanode State Machine Thread - 0] INFO  server.XceiverServerGrpc (XceiverServerGrpc.java:start(149)) - XceiverServerGrpc ce8ac917-2646-4112-adf7-d577593fabcb is started using port 45160
2019-09-25 05:30:58,733 [Datanode State Machine Thread - 0] INFO  server.XceiverServerGrpc (XceiverServerGrpc.java:start(149)) - XceiverServerGrpc f9c12371-c091-4b4a-8db2-6f0db97bbab3 is started using port 44619
2019-09-25 05:30:58,733 [Datanode State Machine Thread - 0] INFO  server.XceiverServerGrpc (XceiverServerGrpc.java:start(149)) - XceiverServerGrpc 0d4a37ed-4cec-423a-a360-e4a879eb6bc0 is started using port 36819
2019-09-25 05:30:58,733 [Datanode State Machine Thread - 0] INFO  server.XceiverServerGrpc (XceiverServerGrpc.java:start(149)) - XceiverServerGrpc fd2f3f79-5d7b-4d37-bb24-b15dfe7f18d7 is started using port 40273
2019-09-25 05:30:58,721 [Datanode State Machine Thread - 0] INFO  server.XceiverServerGrpc (XceiverServerGrpc.java:start(149)) - XceiverServerGrpc 61946a22-29ed-4e77-8449-fae4cd9869e9 is started using port 45205
2019-09-25 05:30:58,933 [IPC Server handler 10 on 41010] INFO  net.NetworkTopology (NetworkTopologyImpl.java:add(111)) - Added a new node: /rack1/0d4a37ed-4cec-423a-a360-e4a879eb6bc0
2019-09-25 05:30:58,934 [IPC Server handler 10 on 41010] INFO  node.SCMNodeManager (SCMNodeManager.java:register(266)) - Registered Data node : 0d4a37ed-4cec-423a-a360-e4a879eb6bc0{ip: 192.168.36.126, host: pr-hdds-2174-pqx5g-486351168, networkLocation: /rack1, certSerialId: null}
2019-09-25 05:30:58,952 [IPC Server handler 4 on 41010] INFO  net.NetworkTopology (NetworkTopologyImpl.java:add(111)) - Added a new node: /rack1/1a2e007f-e8b7-459a-96be-4915e92d3eb5
2019-09-25 05:30:58,952 [IPC Server handler 4 on 41010] INFO  node.SCMNodeManager (SCMNodeManager.java:register(266)) - Registered Data node : 1a2e007f-e8b7-459a-96be-4915e92d3eb5{ip: 192.168.36.126, host: pr-hdds-2174-pqx5g-486351168, networkLocation: /rack1, certSerialId: null}
2019-09-25 05:30:59,177 [EventQueue-NodeRegistrationContainerReportForDataNodeSafeModeRule] INFO  safemode.SCMSafeModeManager (DataNodeSafeModeRule.java:process(71)) - SCM in safe mode. 1 DataNodes registered, 1 required.
2019-09-25 05:30:59,186 [EventQueue-NodeRegistrationContainerReportForDataNodeSafeModeRule] INFO  safemode.SCMSafeModeManager (SCMSafeModeManager.java:validateSafeModeExitRules(177)) - ScmSafeModeManager, all rules are successfully validated
2019-09-25 05:30:59,186 [EventQueue-NodeRegistrationContainerReportForDataNodeSafeModeRule] INFO  safemode.SCMSafeModeManager (SCMSafeModeManager.java:exitSafeMode(193)) - SCM exiting safe mode.
2019-09-25 05:30:59,186 [IPC Server handler 9 on 41010] INFO  net.NetworkTopology (NetworkTopologyImpl.java:add(111)) - Added a new node: /rack1/5c3318fc-c419-4298-b427-bf5a9ca27bf0
2019-09-25 05:30:59,188 [IPC Server handler 9 on 41010] INFO  node.SCMNodeManager (SCMNodeManager.java:register(266)) - Registered Data node : 5c3318fc-c419-4298-b427-bf5a9ca27bf0{ip: 192.168.36.126, host: pr-hdds-2174-pqx5g-486351168, networkLocation: /rack1, certSerialId: null}
2019-09-25 05:30:59,189 [IPC Server handler 7 on 41010] INFO  net.NetworkTopology (NetworkTopologyImpl.java:add(111)) - Added a new node: /rack1/ce8ac917-2646-4112-adf7-d577593fabcb
2019-09-25 05:30:59,189 [IPC Server handler 6 on 41010] INFO  net.NetworkTopology (NetworkTopologyImpl.java:add(111)) - Added a new node: /rack1/fd2f3f79-5d7b-4d37-bb24-b15dfe7f18d7
2019-09-25 05:30:59,189 [IPC Server handler 7 on 41010] INFO  node.SCMNodeManager (SCMNodeManager.java:register(266)) - Registered Data node : ce8ac917-2646-4112-adf7-d577593fabcb{ip: 192.168.36.126, host: pr-hdds-2174-pqx5g-486351168, networkLocation: /rack1, certSerialId: null}
2019-09-25 05:30:59,189 [IPC Server handler 6 on 41010] INFO  node.SCMNodeManager (SCMNodeManager.java:register(266)) - Registered Data node : fd2f3f79-5d7b-4d37-bb24-b15dfe7f18d7{ip: 192.168.36.126, host: pr-hdds-2174-pqx5g-486351168, networkLocation: /rack1, certSerialId: null}
2019-09-25 05:30:59,240 [IPC Server handler 16 on 41010] INFO  net.NetworkTopology (NetworkTopologyImpl.java:add(111)) - Added a new node: /rack1/e997a993-6131-47bf-96c8-764e04cb5c0e
2019-09-25 05:30:59,241 [IPC Server handler 16 on 41010] INFO  node.SCMNodeManager (SCMNodeManager.java:register(266)) - Registered Data node : e997a993-6131-47bf-96c8-764e04cb5c0e{ip: 192.168.36.126, host: pr-hdds-2174-pqx5g-486351168, networkLocation: /rack1, certSerialId: null}
2019-09-25 05:30:59,310 [IPC Server handler 2 on 41010] INFO  net.NetworkTopology (NetworkTopologyImpl.java:add(111)) - Added a new node: /rack1/a58d7528-614e-4c39-a3a3-38beaa9905aa
2019-09-25 05:30:59,310 [IPC Server handler 2 on 41010] INFO  node.SCMNodeManager (SCMNodeManager.java:register(266)) - Registered Data node : a58d7528-614e-4c39-a3a3-38beaa9905aa{ip: 192.168.36.126, host: pr-hdds-2174-pqx5g-486351168, networkLocation: /rack1, certSerialId: null}
2019-09-25 05:30:59,312 [main] INFO  ozone.MiniOzoneClusterImpl (MiniOzoneClusterImpl.java:lambda$waitForClusterToBeReady$0(147)) - Waiting for cluster to be ready. Got 7 of 10 DN Heartbeats.
2019-09-25 05:30:59,804 [grpc-default-executor-0] INFO  impl.RaftServerProxy (RaftServerProxy.java:addNew(89)) - 5c3318fc-c419-4298-b427-bf5a9ca27bf0: addNew group-17F3E135542C:[5c3318fc-c419-4298-b427-bf5a9ca27bf0:192.168.36.126:46795] returns group-17F3E135542C:java.util.concurrent.CompletableFuture@6f689b7c[Not completed]
2019-09-25 05:30:59,828 [pool-97-thread-1] INFO  impl.RaftServerImpl (RaftServerImpl.java:<init>(95)) - 5c3318fc-c419-4298-b427-bf5a9ca27bf0: new RaftServerImpl for group-17F3E135542C:[5c3318fc-c419-4298-b427-bf5a9ca27bf0:192.168.36.126:46795] with ContainerStateMachine:uninitialized
2019-09-25 05:30:59,830 [pool-97-thread-1] INFO  server.RaftServerConfigKeys (ConfUtils.java:logGet(43)) - raft.server.rpc.timeout.min = 1s (custom)
2019-09-25 05:30:59,830 [pool-97-thread-1] INFO  server.RaftServerConfigKeys (ConfUtils.java:logGet(43)) - raft.server.rpc.timeout.max = 1200ms (custom)
2019-09-25 05:30:59,830 [pool-97-thread-1] INFO  server.RaftServerConfigKeys (ConfUtils.java:logGet(43)) - raft.server.rpcslowness.timeout = 120s (custom)
2019-09-25 05:30:59,831 [pool-97-thread-1] INFO  server.RaftServerConfigKeys (ConfUtils.java:logGet(43)) - raft.server.sleep.deviation.threshold = 300 (default)
2019-09-25 05:30:59,832 [pool-97-thread-1] INFO  server.RaftServerConfigKeys (ConfUtils.java:logGet(43)) - raft.server.log.appender.install.snapshot.enabled = false (custom)
2019-09-25 05:30:59,842 [pool-97-thread-1] INFO  impl.RaftServerImpl (ServerState.java:<init>(103)) - 5c3318fc-c419-4298-b427-bf5a9ca27bf0@group-17F3E135542C: ConfigurationManager, init=-1: [5c3318fc-c419-4298-b427-bf5a9ca27bf0:192.168.36.126:46795], old=null, confs=<EMPTY_MAP>
2019-09-25 05:30:59,842 [pool-97-thread-1] INFO  server.RaftServerConfigKeys (ConfUtils.java:logGet(43)) - raft.server.storage.dir = [/workdir/hadoop-ozone/integration-test/target/test-dir/MiniOzoneClusterImpl-cea1adf1-e11b-40bf-86cb-fb3b2d854ef9/datanode-7/data/ratis] (custom)
2019-09-25 05:30:59,850 [pool-97-thread-1] INFO  storage.RaftStorageDirectory (RaftStorageDirectory.java:analyzeStorage(246)) - The storage directory /workdir/hadoop-ozone/integration-test/target/test-dir/MiniOzoneClusterImpl-cea1adf1-e11b-40bf-86cb-fb3b2d854ef9/datanode-7/data/ratis/a6d928c0-653d-477c-8aab-17f3e135542c does not exist. Creating ...
2019-09-25 05:31:00,313 [main] INFO  ozone.MiniOzoneClusterImpl (MiniOzoneClusterImpl.java:lambda$waitForClusterToBeReady$0(147)) - Waiting for cluster to be ready. Got 7 of 10 DN Heartbeats.
2019-09-25 05:31:00,578 [IPC Server handler 15 on 41010] INFO  net.NetworkTopology (NetworkTopologyImpl.java:add(111)) - Added a new node: /rack1/f9c12371-c091-4b4a-8db2-6f0db97bbab3
2019-09-25 05:31:00,578 [IPC Server handler 15 on 41010] INFO  node.SCMNodeManager (SCMNodeManager.java:register(266)) - Registered Data node : f9c12371-c091-4b4a-8db2-6f0db97bbab3{ip: 192.168.36.126, host: pr-hdds-2174-pqx5g-486351168, networkLocation: /rack1, certSerialId: null}
2019-09-25 05:31:00,664 [IPC Server handler 13 on 41010] INFO  net.NetworkTopology (NetworkTopologyImpl.java:add(111)) - Added a new node: /rack1/616f9f8f-9479-40f4-8c03-f125dcbf9c7f
2019-09-25 05:31:00,664 [IPC Server handler 13 on 41010] INFO  node.SCMNodeManager (SCMNodeManager.java:register(266)) - Registered Data node : 616f9f8f-9479-40f4-8c03-f125dcbf9c7f{ip: 192.168.36.126, host: pr-hdds-2174-pqx5g-486351168, networkLocation: /rack1, certSerialId: null}
2019-09-25 05:31:00,719 [IPC Server handler 8 on 41010] INFO  net.NetworkTopology (NetworkTopologyImpl.java:add(111)) - Added a new node: /rack1/61946a22-29ed-4e77-8449-fae4cd9869e9
2019-09-25 05:31:00,719 [IPC Server handler 8 on 41010] INFO  node.SCMNodeManager (SCMNodeManager.java:register(266)) - Registered Data node : 61946a22-29ed-4e77-8449-fae4cd9869e9{ip: 192.168.36.126, host: pr-hdds-2174-pqx5g-486351168, networkLocation: /rack1, certSerialId: null}
2019-09-25 05:31:00,841 [pool-97-thread-1] INFO  storage.RaftStorageDirectory (RaftStorageDirectory.java:tryLock(328)) - Lock on /workdir/hadoop-ozone/integration-test/target/test-dir/MiniOzoneClusterImpl-cea1adf1-e11b-40bf-86cb-fb3b2d854ef9/datanode-7/data/ratis/a6d928c0-653d-477c-8aab-17f3e135542c/in_use.lock acquired by nodename 16102@pr-hdds-2174-pqx5g-486351168
2019-09-25 05:31:00,866 [pool-97-thread-1] INFO  storage.RaftStorage (RaftStorage.java:format(72)) - Storage directory /workdir/hadoop-ozone/integration-test/target/test-dir/MiniOzoneClusterImpl-cea1adf1-e11b-40bf-86cb-fb3b2d854ef9/datanode-7/data/ratis/a6d928c0-653d-477c-8aab-17f3e135542c has been successfully formatted.
2019-09-25 05:31:00,870 [pool-97-thread-1] INFO  ratis.ContainerStateMachine (ContainerStateMachine.java:loadSnapshot(230)) - group-17F3E135542C: The snapshot info is null. Setting the last applied indexto:(t:0, i:~)
2019-09-25 05:31:00,870 [pool-97-thread-1] INFO  server.RaftServerConfigKeys (ConfUtils.java:logGet(43)) - raft.server.notification.no-leader.timeout = 120s (custom)
2019-09-25 05:31:00,873 [pool-97-thread-1] INFO  server.RaftServerConfigKeys (ConfUtils.java:logGet(43)) - raft.server.log.use.memory = false (default)
2019-09-25 05:31:00,882 [pool-97-thread-1] INFO  server.RaftServerConfigKeys (ConfUtils.java:logGet(43)) - raft.server.log.purge.gap = 1000000 (custom)
2019-09-25 05:31:00,882 [pool-97-thread-1] INFO  server.RaftServerConfigKeys (ConfUtils.java:logGet(43)) - raft.server.log.appender.buffer.byte-limit = 33554432 (custom)
2019-09-25 05:31:00,885 [pool-97-thread-1] INFO  server.RaftServerConfigKeys (ConfUtils.java:logGet(43)) - raft.server.log.segment.size.max = 1048576 (custom)
2019-09-25 05:31:00,895 [pool-97-thread-1] INFO  server.RaftServerConfigKeys (ConfUtils.java:logGet(43)) - raft.server.log.segment.cache.num.max = 2 (custom)
2019-09-25 05:31:00,902 [pool-97-thread-1] INFO  segmented.SegmentedRaftLogWorker (SegmentedRaftLogWorker.java:<init>(172)) - new 5c3318fc-c419-4298-b427-bf5a9ca27bf0@group-17F3E135542C-SegmentedRaftLogWorker for RaftStorage:Storage Directory /workdir/hadoop-ozone/integration-test/target/test-dir/MiniOzoneClusterImpl-cea1adf1-e11b-40bf-86cb-fb3b2d854ef9/datanode-7/data/ratis/a6d928c0-653d-477c-8aab-17f3e135542c
2019-09-25 05:31:00,904 [pool-97-thread-1] INFO  impl.MetricsSystemImpl (MetricsSystemImpl.java:init(158)) - ratis metrics system started (again)
2019-09-25 05:31:00,910 [pool-97-thread-1] INFO  metrics.MetricRegistries (MetricRegistriesLoader.java:load(64)) - Loaded MetricRegistries class org.apache.ratis.metrics.impl.MetricRegistriesImpl
2019-09-25 05:31:00,943 [pool-97-thread-1] INFO  server.RaftServerConfigKeys (ConfUtils.java:logGet(43)) - raft.server.log.queue.byte-limit = 2147483647 (custom)
2019-09-25 05:31:00,943 [pool-97-thread-1] INFO  server.RaftServerConfigKeys (ConfUtils.java:logGet(43)) - raft.server.log.queue.element-limit = 1024 (custom)
2019-09-25 05:31:00,946 [pool-97-thread-1] INFO  server.RaftServerConfigKeys (ConfUtils.java:logGet(43)) - raft.server.log.segment.size.max = 1048576 (custom)
2019-09-25 05:31:00,946 [pool-97-thread-1] INFO  server.RaftServerConfigKeys (ConfUtils.java:logGet(43)) - raft.server.log.preallocated.size = 16384 (custom)
2019-09-25 05:31:00,947 [pool-97-thread-1] INFO  server.RaftServerConfigKeys (ConfUtils.java:logGet(43)) - raft.server.log.write.buffer.size = 33554432 (custom)
2019-09-25 05:31:00,947 [pool-97-thread-1] INFO  server.RaftServerConfigKeys (ConfUtils.java:logGet(43)) - raft.server.log.force.sync.num = 128 (default)
2019-09-25 05:31:00,948 [pool-97-thread-1] INFO  server.RaftServerConfigKeys (ConfUtils.java:logGet(43)) - raft.server.log.statemachine.data.sync = true (default)
2019-09-25 05:31:00,948 [pool-97-thread-1] INFO  server.RaftServerConfigKeys (ConfUtils.java:logGet(43)) - raft.server.log.statemachine.data.sync.timeout = 10s (default)
2019-09-25 05:31:00,949 [pool-97-thread-1] INFO  server.RaftServerConfigKeys (ConfUtils.java:logGet(43)) - raft.server.log.statemachine.data.sync.timeout.retry = -1 (default)
2019-09-25 05:31:00,957 [pool-97-thread-1] INFO  server.RaftServerConfigKeys (ConfUtils.java:logGet(43)) - raft.server.log.statemachine.data.caching.enabled = true (custom)
2019-09-25 05:31:00,961 [pool-97-thread-1] INFO  segmented.SegmentedRaftLogWorker (SegmentedRaftLogWorker.java:lambda$new$0(132)) - 5c3318fc-c419-4298-b427-bf5a9ca27bf0@group-17F3E135542C-SegmentedRaftLogWorker: flushIndex: setUnconditionally 0 -> -1
2019-09-25 05:31:00,965 [pool-97-thread-1] INFO  server.RaftServerConfigKeys (ConfUtils.java:logGet(43)) - raft.server.snapshot.auto.trigger.enabled = true (custom)
2019-09-25 05:31:00,966 [pool-97-thread-1] INFO  server.RaftServerConfigKeys (ConfUtils.java:logGet(43)) - raft.server.snapshot.auto.trigger.threshold = 10000 (custom)
2019-09-25 05:31:00,967 [pool-97-thread-1] INFO  server.RaftServerConfigKeys (ConfUtils.java:logGet(43)) - raft.server.snapshot.retention.num.files = 5 (custom)
2019-09-25 05:31:00,967 [pool-97-thread-1] INFO  server.RaftServerConfigKeys (ConfUtils.java:logGet(43)) - raft.server.retrycache.expirytime = 600000ms (custom)
2019-09-25 05:31:00,995 [pool-97-thread-1] INFO  impl.RaftServerImpl (RaftServerImpl.java:start(185)) - 5c3318fc-c419-4298-b427-bf5a9ca27bf0@group-17F3E135542C: start as a follower, conf=-1: [5c3318fc-c419-4298-b427-bf5a9ca27bf0:192.168.36.126:46795], old=null
2019-09-25 05:31:00,996 [pool-97-thread-1] INFO  impl.RaftServerImpl (RaftServerImpl.java:setRole(174)) - 5c3318fc-c419-4298-b427-bf5a9ca27bf0@group-17F3E135542C: changes role from      null to FOLLOWER at term 0 for startAsFollower
2019-09-25 05:31:00,997 [pool-97-thread-1] INFO  impl.RoleInfo (RoleInfo.java:updateAndGet(143)) - 5c3318fc-c419-4298-b427-bf5a9ca27bf0: start FollowerState
2019-09-25 05:31:01,017 [pool-97-thread-1] INFO  util.JmxRegister (JmxRegister.java:tryRegister(44)) - Successfully registered JMX Bean with object name Ratis:service=RaftServer,group=group-17F3E135542C,id=5c3318fc-c419-4298-b427-bf5a9ca27bf0
2019-09-25 05:31:01,106 [RatisPipelineUtilsThread] INFO  pipeline.PipelineStateManager (PipelineStateManager.java:addPipeline(56)) - Created pipeline Pipeline[ Id: a6d928c0-653d-477c-8aab-17f3e135542c, Nodes: 5c3318fc-c419-4298-b427-bf5a9ca27bf0{ip: 192.168.36.126, host: pr-hdds-2174-pqx5g-486351168, networkLocation: /rack1, certSerialId: null}, Type:RATIS, Factor:ONE, State:OPEN]
2019-09-25 05:31:01,137 [grpc-default-executor-0] INFO  impl.RaftServerProxy (RaftServerProxy.java:addNew(89)) - 61946a22-29ed-4e77-8449-fae4cd9869e9: addNew group-D7CEEA3808D7:[61946a22-29ed-4e77-8449-fae4cd9869e9:192.168.36.126:36814] returns group-D7CEEA3808D7:java.util.concurrent.CompletableFuture@374ad93a[Not completed]
2019-09-25 05:31:01,212 [pool-47-thread-1] INFO  impl.RaftServerImpl (RaftServerImpl.java:<init>(95)) - 61946a22-29ed-4e77-8449-fae4cd9869e9: new RaftServerImpl for group-D7CEEA3808D7:[61946a22-29ed-4e77-8449-fae4cd9869e9:192.168.36.126:36814] with ContainerStateMachine:uninitialized
2019-09-25 05:31:01,214 [pool-47-thread-1] INFO  server.RaftServerConfigKeys (ConfUtils.java:logGet(43)) - raft.server.rpc.timeout.min = 1s (custom)
2019-09-25 05:31:01,215 [pool-47-thread-1] INFO  server.RaftServerConfigKeys (ConfUtils.java:logGet(43)) - raft.server.rpc.timeout.max = 1200ms (custom)
2019-09-25 05:31:01,216 [pool-47-thread-1] INFO  server.RaftServerConfigKeys (ConfUtils.java:logGet(43)) - raft.server.rpcslowness.timeout = 120s (custom)
2019-09-25 05:31:01,216 [pool-47-thread-1] INFO  server.RaftServerConfigKeys (ConfUtils.java:logGet(43)) - raft.server.sleep.deviation.threshold = 300 (default)
2019-09-25 05:31:01,216 [pool-47-thread-1] INFO  server.RaftServerConfigKeys (ConfUtils.java:logGet(43)) - raft.server.log.appender.install.snapshot.enabled = false (custom)
2019-09-25 05:31:01,216 [pool-47-thread-1] INFO  impl.RaftServerImpl (ServerState.java:<init>(103)) - 61946a22-29ed-4e77-8449-fae4cd9869e9@group-D7CEEA3808D7: ConfigurationManager, init=-1: [61946a22-29ed-4e77-8449-fae4cd9869e9:192.168.36.126:36814], old=null, confs=<EMPTY_MAP>
2019-09-25 05:31:01,216 [pool-47-thread-1] INFO  server.RaftServerConfigKeys (ConfUtils.java:logGet(43)) - raft.server.storage.dir = [/workdir/hadoop-ozone/integration-test/target/test-dir/MiniOzoneClusterImpl-cea1adf1-e11b-40bf-86cb-fb3b2d854ef9/datanode-2/data/ratis] (custom)
2019-09-25 05:31:01,217 [pool-47-thread-1] INFO  storage.RaftStorageDirectory (RaftStorageDirectory.java:analyzeStorage(246)) - The storage directory /workdir/hadoop-ozone/integration-test/target/test-dir/MiniOzoneClusterImpl-cea1adf1-e11b-40bf-86cb-fb3b2d854ef9/datanode-2/data/ratis/483d1a9a-c9e3-4964-a8cb-d7ceea3808d7 does not exist. Creating ...
2019-09-25 05:31:01,314 [main] INFO  ozone.MiniOzoneClusterImpl (MiniOzoneClusterImpl.java:lambda$waitForClusterToBeReady$0(147)) - Cluster is ready. Got 10 of 10 DN Heartbeats.
2019-09-25 05:31:01,342 [pool-47-thread-1] INFO  storage.RaftStorageDirectory (RaftStorageDirectory.java:tryLock(328)) - Lock on /workdir/hadoop-ozone/integration-test/target/test-dir/MiniOzoneClusterImpl-cea1adf1-e11b-40bf-86cb-fb3b2d854ef9/datanode-2/data/ratis/483d1a9a-c9e3-4964-a8cb-d7ceea3808d7/in_use.lock acquired by nodename 16102@pr-hdds-2174-pqx5g-486351168
2019-09-25 05:31:01,388 [pool-47-thread-1] INFO  storage.RaftStorage (RaftStorage.java:format(72)) - Storage directory /workdir/hadoop-ozone/integration-test/target/test-dir/MiniOzoneClusterImpl-cea1adf1-e11b-40bf-86cb-fb3b2d854ef9/datanode-2/data/ratis/483d1a9a-c9e3-4964-a8cb-d7ceea3808d7 has been successfully formatted.
2019-09-25 05:31:01,391 [pool-47-thread-1] INFO  ratis.ContainerStateMachine (ContainerStateMachine.java:loadSnapshot(230)) - group-D7CEEA3808D7: The snapshot info is null. Setting the last applied indexto:(t:0, i:~)
2019-09-25 05:31:01,394 [pool-47-thread-1] INFO  server.RaftServerConfigKeys (ConfUtils.java:logGet(43)) - raft.server.notification.no-leader.timeout = 120s (custom)
2019-09-25 05:31:01,394 [pool-47-thread-1] INFO  server.RaftServerConfigKeys (ConfUtils.java:logGet(43)) - raft.server.log.use.memory = false (default)
2019-09-25 05:31:01,394 [pool-47-thread-1] INFO  server.RaftServerConfigKeys (ConfUtils.java:logGet(43)) - raft.server.log.purge.gap = 1000000 (custom)
2019-09-25 05:31:01,395 [pool-47-thread-1] INFO  server.RaftServerConfigKeys (ConfUtils.java:logGet(43)) - raft.server.log.appender.buffer.byte-limit = 33554432 (custom)
2019-09-25 05:31:01,395 [pool-47-thread-1] INFO  server.RaftServerConfigKeys (ConfUtils.java:logGet(43)) - raft.server.log.segment.size.max = 1048576 (custom)
2019-09-25 05:31:01,395 [pool-47-thread-1] INFO  server.RaftServerConfigKeys (ConfUtils.java:logGet(43)) - raft.server.log.segment.cache.num.max = 2 (custom)
2019-09-25 05:31:01,395 [pool-47-thread-1] INFO  segmented.SegmentedRaftLogWorker (SegmentedRaftLogWorker.java:<init>(172)) - new 61946a22-29ed-4e77-8449-fae4cd9869e9@group-D7CEEA3808D7-SegmentedRaftLogWorker for RaftStorage:Storage Directory /workdir/hadoop-ozone/integration-test/target/test-dir/MiniOzoneClusterImpl-cea1adf1-e11b-40bf-86cb-fb3b2d854ef9/datanode-2/data/ratis/483d1a9a-c9e3-4964-a8cb-d7ceea3808d7
2019-09-25 05:31:01,405 [pool-47-thread-1] INFO  server.RaftServerConfigKeys (ConfUtils.java:logGet(43)) - raft.server.log.queue.byte-limit = 2147483647 (custom)
2019-09-25 05:31:01,405 [pool-47-thread-1] INFO  server.RaftServerConfigKeys (ConfUtils.java:logGet(43)) - raft.server.log.queue.element-limit = 1024 (custom)
2019-09-25 05:31:01,405 [pool-47-thread-1] INFO  server.RaftServerConfigKeys (ConfUtils.java:logGet(43)) - raft.server.log.segment.size.max = 1048576 (custom)
2019-09-25 05:31:01,405 [pool-47-thread-1] INFO  server.RaftServerConfigKeys (ConfUtils.java:logGet(43)) - raft.server.log.preallocated.size = 16384 (custom)
2019-09-25 05:31:01,406 [pool-47-thread-1] INFO  server.RaftServerConfigKeys (ConfUtils.java:logGet(43)) - raft.server.log.write.buffer.size = 33554432 (custom)
2019-09-25 05:31:01,406 [pool-47-thread-1] INFO  server.RaftServerConfigKeys (ConfUtils.java:logGet(43)) - raft.server.log.force.sync.num = 128 (default)
2019-09-25 05:31:01,406 [pool-47-thread-1] INFO  server.RaftServerConfigKeys (ConfUtils.java:logGet(43)) - raft.server.log.statemachine.data.sync = true (default)
2019-09-25 05:31:01,406 [pool-47-thread-1] INFO  server.RaftServerConfigKeys (ConfUtils.java:logGet(43)) - raft.server.log.statemachine.data.sync.timeout = 10s (default)
2019-09-25 05:31:01,406 [pool-47-thread-1] INFO  server.RaftServerConfigKeys (ConfUtils.java:logGet(43)) - raft.server.log.statemachine.data.sync.timeout.retry = -1 (default)
2019-09-25 05:31:01,407 [pool-47-thread-1] INFO  server.RaftServerConfigKeys (ConfUtils.java:logGet(43)) - raft.server.log.statemachine.data.caching.enabled = true (custom)
2019-09-25 05:31:01,407 [pool-47-thread-1] INFO  segmented.SegmentedRaftLogWorker (SegmentedRaftLogWorker.java:lambda$new$0(132)) - 61946a22-29ed-4e77-8449-fae4cd9869e9@group-D7CEEA3808D7-SegmentedRaftLogWorker: flushIndex: setUnconditionally 0 -> -1
2019-09-25 05:31:01,408 [pool-47-thread-1] INFO  server.RaftServerConfigKeys (ConfUtils.java:logGet(43)) - raft.server.snapshot.auto.trigger.enabled = true (custom)
2019-09-25 05:31:01,408 [pool-47-thread-1] INFO  server.RaftServerConfigKeys (ConfUtils.java:logGet(43)) - raft.server.snapshot.auto.trigger.threshold = 10000 (custom)
2019-09-25 05:31:01,408 [pool-47-thread-1] INFO  server.RaftServerConfigKeys (ConfUtils.java:logGet(43)) - raft.server.snapshot.retention.num.files = 5 (custom)
2019-09-25 05:31:01,408 [pool-47-thread-1] INFO  server.RaftServerConfigKeys (ConfUtils.java:logGet(43)) - raft.server.retrycache.expirytime = 600000ms (custom)
2019-09-25 05:31:01,414 [pool-47-thread-1] INFO  impl.RaftServerImpl (RaftServerImpl.java:start(185)) - 61946a22-29ed-4e77-8449-fae4cd9869e9@group-D7CEEA3808D7: start as a follower, conf=-1: [61946a22-29ed-4e77-8449-fae4cd9869e9:192.168.36.126:36814], old=null
2019-09-25 05:31:01,414 [pool-47-thread-1] INFO  impl.RaftServerImpl (RaftServerImpl.java:setRole(174)) - 61946a22-29ed-4e77-8449-fae4cd9869e9@group-D7CEEA3808D7: changes role from      null to FOLLOWER at term 0 for startAsFollower
2019-09-25 05:31:01,415 [pool-47-thread-1] INFO  impl.RoleInfo (RoleInfo.java:updateAndGet(143)) - 61946a22-29ed-4e77-8449-fae4cd9869e9: start FollowerState
2019-09-25 05:31:01,418 [pool-47-thread-1] INFO  util.JmxRegister (JmxRegister.java:tryRegister(44)) - Successfully registered JMX Bean with object name Ratis:service=RaftServer,group=group-D7CEEA3808D7,id=61946a22-29ed-4e77-8449-fae4cd9869e9
2019-09-25 05:31:01,441 [RatisPipelineUtilsThread] INFO  pipeline.PipelineStateManager (PipelineStateManager.java:addPipeline(56)) - Created pipeline Pipeline[ Id: 483d1a9a-c9e3-4964-a8cb-d7ceea3808d7, Nodes: 61946a22-29ed-4e77-8449-fae4cd9869e9{ip: 192.168.36.126, host: pr-hdds-2174-pqx5g-486351168, networkLocation: /rack1, certSerialId: null}, Type:RATIS, Factor:ONE, State:OPEN]
2019-09-25 05:31:01,467 [grpc-default-executor-0] INFO  impl.RaftServerProxy (RaftServerProxy.java:addNew(89)) - 0d4a37ed-4cec-423a-a360-e4a879eb6bc0: addNew group-6EC47EE05244:[0d4a37ed-4cec-423a-a360-e4a879eb6bc0:192.168.36.126:37817] returns group-6EC47EE05244:java.util.concurrent.CompletableFuture@69ca9376[Not completed]
2019-09-25 05:31:01,514 [pool-57-thread-1] INFO  impl.RaftServerImpl (RaftServerImpl.java:<init>(95)) - 0d4a37ed-4cec-423a-a360-e4a879eb6bc0: new RaftServerImpl for group-6EC47EE05244:[0d4a37ed-4cec-423a-a360-e4a879eb6bc0:192.168.36.126:37817] with ContainerStateMachine:uninitialized
2019-09-25 05:31:01,514 [pool-57-thread-1] INFO  server.RaftServerConfigKeys (ConfUtils.java:logGet(43)) - raft.server.rpc.timeout.min = 1s (custom)
2019-09-25 05:31:01,514 [pool-57-thread-1] INFO  server.RaftServerConfigKeys (ConfUtils.java:logGet(43)) - raft.server.rpc.timeout.max = 1200ms (custom)
2019-09-25 05:31:01,514 [pool-57-thread-1] INFO  server.RaftServerConfigKeys (ConfUtils.java:logGet(43)) - raft.server.rpcslowness.timeout = 120s (custom)
2019-09-25 05:31:01,514 [pool-57-thread-1] INFO  server.RaftServerConfigKeys (ConfUtils.java:logGet(43)) - raft.server.sleep.deviation.threshold = 300 (default)
2019-09-25 05:31:01,515 [pool-57-thread-1] INFO  server.RaftServerConfigKeys (ConfUtils.java:logGet(43)) - raft.server.log.appender.install.snapshot.enabled = false (custom)
2019-09-25 05:31:01,515 [pool-57-thread-1] INFO  impl.RaftServerImpl (ServerState.java:<init>(103)) - 0d4a37ed-4cec-423a-a360-e4a879eb6bc0@group-6EC47EE05244: ConfigurationManager, init=-1: [0d4a37ed-4cec-423a-a360-e4a879eb6bc0:192.168.36.126:37817], old=null, confs=<EMPTY_MAP>
2019-09-25 05:31:01,515 [pool-57-thread-1] INFO  server.RaftServerConfigKeys (ConfUtils.java:logGet(43)) - raft.server.storage.dir = [/workdir/hadoop-ozone/integration-test/target/test-dir/MiniOzoneClusterImpl-cea1adf1-e11b-40bf-86cb-fb3b2d854ef9/datanode-3/data/ratis] (custom)
2019-09-25 05:31:01,515 [pool-57-thread-1] INFO  storage.RaftStorageDirectory (RaftStorageDirectory.java:analyzeStorage(246)) - The storage directory /workdir/hadoop-ozone/integration-test/target/test-dir/MiniOzoneClusterImpl-cea1adf1-e11b-40bf-86cb-fb3b2d854ef9/datanode-3/data/ratis/ba51b3b5-8fb8-4a98-9455-6ec47ee05244 does not exist. Creating ...
2019-09-25 05:31:01,639 [pool-57-thread-1] INFO  storage.RaftStorageDirectory (RaftStorageDirectory.java:tryLock(328)) - Lock on /workdir/hadoop-ozone/integration-test/target/test-dir/MiniOzoneClusterImpl-cea1adf1-e11b-40bf-86cb-fb3b2d854ef9/datanode-3/data/ratis/ba51b3b5-8fb8-4a98-9455-6ec47ee05244/in_use.lock acquired by nodename 16102@pr-hdds-2174-pqx5g-486351168
2019-09-25 05:31:01,676 [pool-57-thread-1] INFO  storage.RaftStorage (RaftStorage.java:format(72)) - Storage directory /workdir/hadoop-ozone/integration-test/target/test-dir/MiniOzoneClusterImpl-cea1adf1-e11b-40bf-86cb-fb3b2d854ef9/datanode-3/data/ratis/ba51b3b5-8fb8-4a98-9455-6ec47ee05244 has been successfully formatted.
2019-09-25 05:31:01,677 [pool-57-thread-1] INFO  ratis.ContainerStateMachine (ContainerStateMachine.java:loadSnapshot(230)) - group-6EC47EE05244: The snapshot info is null. Setting the last applied indexto:(t:0, i:~)
2019-09-25 05:31:01,677 [pool-57-thread-1] INFO  server.RaftServerConfigKeys (ConfUtils.java:logGet(43)) - raft.server.notification.no-leader.timeout = 120s (custom)
2019-09-25 05:31:01,677 [pool-57-thread-1] INFO  server.RaftServerConfigKeys (ConfUtils.java:logGet(43)) - raft.server.log.use.memory = false (default)
2019-09-25 05:31:01,677 [pool-57-thread-1] INFO  server.RaftServerConfigKeys (ConfUtils.java:logGet(43)) - raft.server.log.purge.gap = 1000000 (custom)
2019-09-25 05:31:01,677 [pool-57-thread-1] INFO  server.RaftServerConfigKeys (ConfUtils.java:logGet(43)) - raft.server.log.appender.buffer.byte-limit = 33554432 (custom)
2019-09-25 05:31:01,677 [pool-57-thread-1] INFO  server.RaftServerConfigKeys (ConfUtils.java:logGet(43)) - raft.server.log.segment.size.max = 1048576 (custom)
2019-09-25 05:31:01,677 [pool-57-thread-1] INFO  server.RaftServerConfigKeys (ConfUtils.java:logGet(43)) - raft.server.log.segment.cache.num.max = 2 (custom)
2019-09-25 05:31:01,678 [pool-57-thread-1] INFO  segmented.SegmentedRaftLogWorker (SegmentedRaftLogWorker.java:<init>(172)) - new 0d4a37ed-4cec-423a-a360-e4a879eb6bc0@group-6EC47EE05244-SegmentedRaftLogWorker for RaftStorage:Storage Directory /workdir/hadoop-ozone/integration-test/target/test-dir/MiniOzoneClusterImpl-cea1adf1-e11b-40bf-86cb-fb3b2d854ef9/datanode-3/data/ratis/ba51b3b5-8fb8-4a98-9455-6ec47ee05244
2019-09-25 05:31:01,713 [pool-57-thread-1] INFO  server.RaftServerConfigKeys (ConfUtils.java:logGet(43)) - raft.server.log.queue.byte-limit = 2147483647 (custom)
2019-09-25 05:31:01,718 [pool-57-thread-1] INFO  server.RaftServerConfigKeys (ConfUtils.java:logGet(43)) - raft.server.log.queue.element-limit = 1024 (custom)
2019-09-25 05:31:01,748 [pool-57-thread-1] INFO  server.RaftServerConfigKeys (ConfUtils.java:logGet(43)) - raft.server.log.segment.size.max = 1048576 (custom)
2019-09-25 05:31:01,748 [pool-57-thread-1] INFO  server.RaftServerConfigKeys (ConfUtils.java:logGet(43)) - raft.server.log.preallocated.size = 16384 (custom)
2019-09-25 05:31:01,748 [pool-57-thread-1] INFO  server.RaftServerConfigKeys (ConfUtils.java:logGet(43)) - raft.server.log.write.buffer.size = 33554432 (custom)
2019-09-25 05:31:01,748 [pool-57-thread-1] INFO  server.RaftServerConfigKeys (ConfUtils.java:logGet(43)) - raft.server.log.force.sync.num = 128 (default)
2019-09-25 05:31:01,748 [pool-57-thread-1] INFO  server.RaftServerConfigKeys (ConfUtils.java:logGet(43)) - raft.server.log.statemachine.data.sync = true (default)
2019-09-25 05:31:01,749 [pool-57-thread-1] INFO  server.RaftServerConfigKeys (ConfUtils.java:logGet(43)) - raft.server.log.statemachine.data.sync.timeout = 10s (default)
2019-09-25 05:31:01,749 [pool-57-thread-1] INFO  server.RaftServerConfigKeys (ConfUtils.java:logGet(43)) - raft.server.log.statemachine.data.sync.timeout.retry = -1 (default)
2019-09-25 05:31:01,749 [pool-57-thread-1] INFO  server.RaftServerConfigKeys (ConfUtils.java:logGet(43)) - raft.server.log.statemachine.data.caching.enabled = true (custom)
2019-09-25 05:31:01,749 [pool-57-thread-1] INFO  segmented.SegmentedRaftLogWorker (SegmentedRaftLogWorker.java:lambda$new$0(132)) - 0d4a37ed-4cec-423a-a360-e4a879eb6bc0@group-6EC47EE05244-SegmentedRaftLogWorker: flushIndex: setUnconditionally 0 -> -1
2019-09-25 05:31:01,750 [pool-57-thread-1] INFO  server.RaftServerConfigKeys (ConfUtils.java:logGet(43)) - raft.server.snapshot.auto.trigger.enabled = true (custom)
2019-09-25 05:31:01,750 [pool-57-thread-1] INFO  server.RaftServerConfigKeys (ConfUtils.java:logGet(43)) - raft.server.snapshot.auto.trigger.threshold = 10000 (custom)
2019-09-25 05:31:01,750 [pool-57-thread-1] INFO  server.RaftServerConfigKeys (ConfUtils.java:logGet(43)) - raft.server.snapshot.retention.num.files = 5 (custom)
2019-09-25 05:31:01,750 [pool-57-thread-1] INFO  server.RaftServerConfigKeys (ConfUtils.java:logGet(43)) - raft.server.retrycache.expirytime = 600000ms (custom)
2019-09-25 05:31:02,152 [pool-57-thread-1] INFO  impl.RaftServerImpl (RaftServerImpl.java:start(185)) - 0d4a37ed-4cec-423a-a360-e4a879eb6bc0@group-6EC47EE05244: start as a follower, conf=-1: [0d4a37ed-4cec-423a-a360-e4a879eb6bc0:192.168.36.126:37817], old=null
2019-09-25 05:31:02,153 [pool-57-thread-1] INFO  impl.RaftServerImpl (RaftServerImpl.java:setRole(174)) - 0d4a37ed-4cec-423a-a360-e4a879eb6bc0@group-6EC47EE05244: changes role from      null to FOLLOWER at term 0 for startAsFollower
2019-09-25 05:31:02,154 [pool-57-thread-1] INFO  impl.RoleInfo (RoleInfo.java:updateAndGet(143)) - 0d4a37ed-4cec-423a-a360-e4a879eb6bc0: start FollowerState
2019-09-25 05:31:02,154 [pool-57-thread-1] INFO  util.JmxRegister (JmxRegister.java:tryRegister(44)) - Successfully registered JMX Bean with object name Ratis:service=RaftServer,group=group-6EC47EE05244,id=0d4a37ed-4cec-423a-a360-e4a879eb6bc0
2019-09-25 05:31:02,162 [Thread-285] INFO  impl.FollowerState (FollowerState.java:run(106)) - 5c3318fc-c419-4298-b427-bf5a9ca27bf0:group-17F3E135542C changes to CANDIDATE, lastRpcTime:1164, electionTimeout:1164ms
2019-09-25 05:31:02,170 [RatisPipelineUtilsThread] INFO  pipeline.PipelineStateManager (PipelineStateManager.java:addPipeline(56)) - Created pipeline Pipeline[ Id: ba51b3b5-8fb8-4a98-9455-6ec47ee05244, Nodes: 0d4a37ed-4cec-423a-a360-e4a879eb6bc0{ip: 192.168.36.126, host: pr-hdds-2174-pqx5g-486351168, networkLocation: /rack1, certSerialId: null}, Type:RATIS, Factor:ONE, State:OPEN]
2019-09-25 05:31:02,171 [Thread-285] INFO  impl.RoleInfo (RoleInfo.java:shutdownFollowerState(121)) - 5c3318fc-c419-4298-b427-bf5a9ca27bf0: shutdown FollowerState
2019-09-25 05:31:02,171 [Thread-285] INFO  impl.RaftServerImpl (RaftServerImpl.java:setRole(174)) - 5c3318fc-c419-4298-b427-bf5a9ca27bf0@group-17F3E135542C: changes role from  FOLLOWER to CANDIDATE at term 0 for changeToCandidate
2019-09-25 05:31:02,180 [Thread-285] INFO  impl.RoleInfo (RoleInfo.java:updateAndGet(143)) - 5c3318fc-c419-4298-b427-bf5a9ca27bf0: start LeaderElection
2019-09-25 05:31:02,199 [Thread-283] INFO  container.ReplicationManager (ReplicationManager.java:start(162)) - Starting Replication Monitor Thread.
2019-09-25 05:31:02,207 [ReplicationMonitor] INFO  container.ReplicationManager (ReplicationManager.java:run(225)) - Replication Monitor Thread took 4 milliseconds for processing 0 containers.
2019-09-25 05:31:02,213 [grpc-default-executor-0] INFO  impl.RaftServerProxy (RaftServerProxy.java:addNew(89)) - e997a993-6131-47bf-96c8-764e04cb5c0e: addNew group-F72A5BA07E82:[e997a993-6131-47bf-96c8-764e04cb5c0e:192.168.36.126:37678] returns group-F72A5BA07E82:java.util.concurrent.CompletableFuture@61bd5631[Not completed]
2019-09-25 05:31:02,213 [main] INFO  rpc.RpcClient (RpcClient.java:createVolume(276)) - Creating Volume: datanodefailurehandlingtest, with jenkins1000 as owner.
2019-09-25 05:31:02,218 [pool-107-thread-1] INFO  impl.RaftServerImpl (RaftServerImpl.java:<init>(95)) - e997a993-6131-47bf-96c8-764e04cb5c0e: new RaftServerImpl for group-F72A5BA07E82:[e997a993-6131-47bf-96c8-764e04cb5c0e:192.168.36.126:37678] with ContainerStateMachine:uninitialized
2019-09-25 05:31:02,219 [pool-107-thread-1] INFO  server.RaftServerConfigKeys (ConfUtils.java:logGet(43)) - raft.server.rpc.timeout.min = 1s (custom)
2019-09-25 05:31:02,219 [pool-107-thread-1] INFO  server.RaftServerConfigKeys (ConfUtils.java:logGet(43)) - raft.server.rpc.timeout.max = 1200ms (custom)
2019-09-25 05:31:02,219 [pool-107-thread-1] INFO  server.RaftServerConfigKeys (ConfUtils.java:logGet(43)) - raft.server.rpcslowness.timeout = 120s (custom)
2019-09-25 05:31:02,219 [pool-107-thread-1] INFO  server.RaftServerConfigKeys (ConfUtils.java:logGet(43)) - raft.server.sleep.deviation.threshold = 300 (default)
2019-09-25 05:31:02,219 [pool-107-thread-1] INFO  server.RaftServerConfigKeys (ConfUtils.java:logGet(43)) - raft.server.log.appender.install.snapshot.enabled = false (custom)
2019-09-25 05:31:02,219 [pool-107-thread-1] INFO  impl.RaftServerImpl (ServerState.java:<init>(103)) - e997a993-6131-47bf-96c8-764e04cb5c0e@group-F72A5BA07E82: ConfigurationManager, init=-1: [e997a993-6131-47bf-96c8-764e04cb5c0e:192.168.36.126:37678], old=null, confs=<EMPTY_MAP>
2019-09-25 05:31:02,219 [pool-107-thread-1] INFO  server.RaftServerConfigKeys (ConfUtils.java:logGet(43)) - raft.server.storage.dir = [/workdir/hadoop-ozone/integration-test/target/test-dir/MiniOzoneClusterImpl-cea1adf1-e11b-40bf-86cb-fb3b2d854ef9/datanode-8/data/ratis] (custom)
2019-09-25 05:31:02,220 [pool-107-thread-1] INFO  storage.RaftStorageDirectory (RaftStorageDirectory.java:analyzeStorage(246)) - The storage directory /workdir/hadoop-ozone/integration-test/target/test-dir/MiniOzoneClusterImpl-cea1adf1-e11b-40bf-86cb-fb3b2d854ef9/datanode-8/data/ratis/0286fec8-d8bc-4f01-9746-f72a5ba07e82 does not exist. Creating ...
2019-09-25 05:31:02,626 [Thread-288] INFO  impl.FollowerState (FollowerState.java:run(106)) - 61946a22-29ed-4e77-8449-fae4cd9869e9:group-D7CEEA3808D7 changes to CANDIDATE, lastRpcTime:1211, electionTimeout:1048ms
2019-09-25 05:31:02,629 [Thread-288] INFO  impl.RoleInfo (RoleInfo.java:shutdownFollowerState(121)) - 61946a22-29ed-4e77-8449-fae4cd9869e9: shutdown FollowerState
2019-09-25 05:31:02,642 [Thread-288] INFO  impl.RaftServerImpl (RaftServerImpl.java:setRole(174)) - 61946a22-29ed-4e77-8449-fae4cd9869e9@group-D7CEEA3808D7: changes role from  FOLLOWER to CANDIDATE at term 0 for changeToCandidate
2019-09-25 05:31:02,642 [Thread-288] INFO  impl.RoleInfo (RoleInfo.java:updateAndGet(143)) - 61946a22-29ed-4e77-8449-fae4cd9869e9: start LeaderElection
2019-09-25 05:31:02,659 [IPC Server handler 19 on 34554] INFO  volume.OMVolumeCreateRequest (OMVolumeCreateRequest.java:validateAndUpdateCache(194)) - created volume:datanodefailurehandlingtest for user:jenkins1000
2019-09-25 05:31:02,689 [main] INFO  rpc.RpcClient (RpcClient.java:createBucket(415)) - Creating Bucket: datanodefailurehandlingtest/datanodefailurehandlingtest, with Versioning false and Storage Type set to DISK and Encryption set to false 
2019-09-25 05:31:03,263 [Thread-293] INFO  impl.FollowerState (FollowerState.java:run(106)) - 0d4a37ed-4cec-423a-a360-e4a879eb6bc0:group-6EC47EE05244 changes to CANDIDATE, lastRpcTime:1109, electionTimeout:1109ms
2019-09-25 05:31:03,264 [Thread-293] INFO  impl.RoleInfo (RoleInfo.java:shutdownFollowerState(121)) - 0d4a37ed-4cec-423a-a360-e4a879eb6bc0: shutdown FollowerState
2019-09-25 05:31:03,264 [Thread-293] INFO  impl.RaftServerImpl (RaftServerImpl.java:setRole(174)) - 0d4a37ed-4cec-423a-a360-e4a879eb6bc0@group-6EC47EE05244: changes role from  FOLLOWER to CANDIDATE at term 0 for changeToCandidate
2019-09-25 05:31:03,264 [Thread-293] INFO  impl.RoleInfo (RoleInfo.java:updateAndGet(143)) - 0d4a37ed-4cec-423a-a360-e4a879eb6bc0: start LeaderElection
2019-09-25 05:31:05,189 [RATISCREATEPIPELINE1] ERROR pipeline.RatisPipelineProvider (RatisPipelineProvider.java:lambda$null$5(235)) - Failed invoke Ratis rpc org.apache.hadoop.hdds.scm.pipeline.RatisPipelineProvider$$Lambda$227/594670972@2c1cbbf8 for e997a993-6131-47bf-96c8-764e04cb5c0e
org.apache.ratis.protocol.TimeoutIOException: deadline exceeded after 2999769482ns
	at org.apache.ratis.grpc.GrpcUtil.tryUnwrapException(GrpcUtil.java:82)
	at org.apache.ratis.grpc.GrpcUtil.unwrapException(GrpcUtil.java:75)
	at org.apache.ratis.grpc.client.GrpcClientProtocolClient.blockingCall(GrpcClientProtocolClient.java:178)
	at org.apache.ratis.grpc.client.GrpcClientProtocolClient.groupAdd(GrpcClientProtocolClient.java:147)
	at org.apache.ratis.grpc.client.GrpcClientRpc.sendRequest(GrpcClientRpc.java:94)
	at org.apache.ratis.client.impl.RaftClientImpl.sendRequest(RaftClientImpl.java:278)
	at org.apache.ratis.client.impl.RaftClientImpl.groupAdd(RaftClientImpl.java:205)
	at org.apache.hadoop.hdds.scm.pipeline.RatisPipelineProvider.lambda$initializePipeline$4(RatisPipelineProvider.java:196)
	at org.apache.hadoop.hdds.scm.pipeline.RatisPipelineProvider.lambda$null$5(RatisPipelineProvider.java:231)
	at java.util.stream.ForEachOps$ForEachOp$OfRef.accept(ForEachOps.java:184)
	at java.util.ArrayList$ArrayListSpliterator.forEachRemaining(ArrayList.java:1382)
	at java.util.stream.AbstractPipeline.copyInto(AbstractPipeline.java:482)
	at java.util.stream.ForEachOps$ForEachTask.compute(ForEachOps.java:291)
	at java.util.concurrent.CountedCompleter.exec(CountedCompleter.java:731)
	at java.util.concurrent.ForkJoinTask.doExec(ForkJoinTask.java:289)
	at java.util.concurrent.ForkJoinTask.doInvoke(ForkJoinTask.java:401)
	at java.util.concurrent.ForkJoinTask.invoke(ForkJoinTask.java:734)
	at java.util.stream.ForEachOps$ForEachOp.evaluateParallel(ForEachOps.java:160)
	at java.util.stream.ForEachOps$ForEachOp$OfRef.evaluateParallel(ForEachOps.java:174)
	at java.util.stream.AbstractPipeline.evaluate(AbstractPipeline.java:233)
	at java.util.stream.ReferencePipeline.forEach(ReferencePipeline.java:418)
	at java.util.stream.ReferencePipeline$Head.forEach(ReferencePipeline.java:583)
	at org.apache.hadoop.hdds.scm.pipeline.RatisPipelineProvider.lambda$callRatisRpc$6(RatisPipelineProvider.java:225)
	at java.util.concurrent.ForkJoinTask$AdaptedRunnableAction.exec(ForkJoinTask.java:1386)
	at java.util.concurrent.ForkJoinTask.doExec(ForkJoinTask.java:289)
	at java.util.concurrent.ForkJoinPool$WorkQueue.runTask(ForkJoinPool.java:1056)
	at java.util.concurrent.ForkJoinPool.runWorker(ForkJoinPool.java:1692)
	at java.util.concurrent.ForkJoinWorkerThread.run(ForkJoinWorkerThread.java:157)
Caused by: org.apache.ratis.thirdparty.io.grpc.StatusRuntimeException: DEADLINE_EXCEEDED: deadline exceeded after 2999769482ns
	at org.apache.ratis.thirdparty.io.grpc.stub.ClientCalls.toStatusRuntimeException(ClientCalls.java:233)
	at org.apache.ratis.thirdparty.io.grpc.stub.ClientCalls.getUnchecked(ClientCalls.java:214)
	at org.apache.ratis.thirdparty.io.grpc.stub.ClientCalls.blockingUnaryCall(ClientCalls.java:139)
	at org.apache.ratis.proto.grpc.AdminProtocolServiceGrpc$AdminProtocolServiceBlockingStub.groupManagement(AdminProtocolServiceGrpc.java:274)
	at org.apache.ratis.grpc.client.GrpcClientProtocolClient.lambda$groupAdd$3(GrpcClientProtocolClient.java:149)
	at org.apache.ratis.grpc.client.GrpcClientProtocolClient.blockingCall(GrpcClientProtocolClient.java:176)
	... 25 more
2019-09-25 05:31:05,245 [grpc-default-executor-1] INFO  impl.RaftServerProxy (RaftServerProxy.java:addNew(89)) - 61946a22-29ed-4e77-8449-fae4cd9869e9: addNew group-21C2C432FD88:[5c3318fc-c419-4298-b427-bf5a9ca27bf0:192.168.36.126:46795, 61946a22-29ed-4e77-8449-fae4cd9869e9:192.168.36.126:36814, 0d4a37ed-4cec-423a-a360-e4a879eb6bc0:192.168.36.126:37817] returns group-21C2C432FD88:java.util.concurrent.CompletableFuture@2b3d8228[Not completed]
2019-09-25 05:31:05,247 [grpc-default-executor-0] INFO  impl.RaftServerProxy (RaftServerProxy.java:addNew(89)) - 5c3318fc-c419-4298-b427-bf5a9ca27bf0: addNew group-21C2C432FD88:[5c3318fc-c419-4298-b427-bf5a9ca27bf0:192.168.36.126:46795, 61946a22-29ed-4e77-8449-fae4cd9869e9:192.168.36.126:36814, 0d4a37ed-4cec-423a-a360-e4a879eb6bc0:192.168.36.126:37817] returns group-21C2C432FD88:java.util.concurrent.CompletableFuture@57af4f4d[Not completed]
2019-09-25 05:31:05,247 [grpc-default-executor-2] INFO  impl.RaftServerProxy (RaftServerProxy.java:addNew(89)) - 0d4a37ed-4cec-423a-a360-e4a879eb6bc0: addNew group-21C2C432FD88:[5c3318fc-c419-4298-b427-bf5a9ca27bf0:192.168.36.126:46795, 61946a22-29ed-4e77-8449-fae4cd9869e9:192.168.36.126:36814, 0d4a37ed-4cec-423a-a360-e4a879eb6bc0:192.168.36.126:37817] returns group-21C2C432FD88:java.util.concurrent.CompletableFuture@5632167e[Not completed]
2019-09-25 05:31:05,248 [pool-47-thread-1] INFO  impl.RaftServerImpl (RaftServerImpl.java:<init>(95)) - 61946a22-29ed-4e77-8449-fae4cd9869e9: new RaftServerImpl for group-21C2C432FD88:[5c3318fc-c419-4298-b427-bf5a9ca27bf0:192.168.36.126:46795, 61946a22-29ed-4e77-8449-fae4cd9869e9:192.168.36.126:36814, 0d4a37ed-4cec-423a-a360-e4a879eb6bc0:192.168.36.126:37817] with ContainerStateMachine:uninitialized
2019-09-25 05:31:05,248 [pool-47-thread-1] INFO  server.RaftServerConfigKeys (ConfUtils.java:logGet(43)) - raft.server.rpc.timeout.min = 1s (custom)
2019-09-25 05:31:05,248 [pool-47-thread-1] INFO  server.RaftServerConfigKeys (ConfUtils.java:logGet(43)) - raft.server.rpc.timeout.max = 1200ms (custom)
2019-09-25 05:31:05,248 [pool-47-thread-1] INFO  server.RaftServerConfigKeys (ConfUtils.java:logGet(43)) - raft.server.rpcslowness.timeout = 120s (custom)
2019-09-25 05:31:05,248 [pool-47-thread-1] INFO  server.RaftServerConfigKeys (ConfUtils.java:logGet(43)) - raft.server.sleep.deviation.threshold = 300 (default)
2019-09-25 05:31:05,248 [pool-47-thread-1] INFO  server.RaftServerConfigKeys (ConfUtils.java:logGet(43)) - raft.server.log.appender.install.snapshot.enabled = false (custom)
2019-09-25 05:31:05,248 [pool-57-thread-1] INFO  impl.RaftServerImpl (RaftServerImpl.java:<init>(95)) - 0d4a37ed-4cec-423a-a360-e4a879eb6bc0: new RaftServerImpl for group-21C2C432FD88:[5c3318fc-c419-4298-b427-bf5a9ca27bf0:192.168.36.126:46795, 61946a22-29ed-4e77-8449-fae4cd9869e9:192.168.36.126:36814, 0d4a37ed-4cec-423a-a360-e4a879eb6bc0:192.168.36.126:37817] with ContainerStateMachine:uninitialized
2019-09-25 05:31:05,248 [pool-47-thread-1] INFO  impl.RaftServerImpl (ServerState.java:<init>(103)) - 61946a22-29ed-4e77-8449-fae4cd9869e9@group-21C2C432FD88: ConfigurationManager, init=-1: [5c3318fc-c419-4298-b427-bf5a9ca27bf0:192.168.36.126:46795, 61946a22-29ed-4e77-8449-fae4cd9869e9:192.168.36.126:36814, 0d4a37ed-4cec-423a-a360-e4a879eb6bc0:192.168.36.126:37817], old=null, confs=<EMPTY_MAP>
2019-09-25 05:31:05,248 [pool-57-thread-1] INFO  server.RaftServerConfigKeys (ConfUtils.java:logGet(43)) - raft.server.rpc.timeout.min = 1s (custom)
2019-09-25 05:31:05,248 [pool-47-thread-1] INFO  server.RaftServerConfigKeys (ConfUtils.java:logGet(43)) - raft.server.storage.dir = [/workdir/hadoop-ozone/integration-test/target/test-dir/MiniOzoneClusterImpl-cea1adf1-e11b-40bf-86cb-fb3b2d854ef9/datanode-2/data/ratis] (custom)
2019-09-25 05:31:05,249 [pool-57-thread-1] INFO  server.RaftServerConfigKeys (ConfUtils.java:logGet(43)) - raft.server.rpc.timeout.max = 1200ms (custom)
2019-09-25 05:31:05,249 [pool-57-thread-1] INFO  server.RaftServerConfigKeys (ConfUtils.java:logGet(43)) - raft.server.rpcslowness.timeout = 120s (custom)
2019-09-25 05:31:05,249 [pool-57-thread-1] INFO  server.RaftServerConfigKeys (ConfUtils.java:logGet(43)) - raft.server.sleep.deviation.threshold = 300 (default)
2019-09-25 05:31:05,249 [pool-57-thread-1] INFO  server.RaftServerConfigKeys (ConfUtils.java:logGet(43)) - raft.server.log.appender.install.snapshot.enabled = false (custom)
2019-09-25 05:31:05,249 [pool-47-thread-1] INFO  storage.RaftStorageDirectory (RaftStorageDirectory.java:analyzeStorage(246)) - The storage directory /workdir/hadoop-ozone/integration-test/target/test-dir/MiniOzoneClusterImpl-cea1adf1-e11b-40bf-86cb-fb3b2d854ef9/datanode-2/data/ratis/a5f3310c-8ecf-4236-8654-21c2c432fd88 does not exist. Creating ...
2019-09-25 05:31:05,249 [pool-57-thread-1] INFO  impl.RaftServerImpl (ServerState.java:<init>(103)) - 0d4a37ed-4cec-423a-a360-e4a879eb6bc0@group-21C2C432FD88: ConfigurationManager, init=-1: [5c3318fc-c419-4298-b427-bf5a9ca27bf0:192.168.36.126:46795, 61946a22-29ed-4e77-8449-fae4cd9869e9:192.168.36.126:36814, 0d4a37ed-4cec-423a-a360-e4a879eb6bc0:192.168.36.126:37817], old=null, confs=<EMPTY_MAP>
2019-09-25 05:31:05,249 [pool-57-thread-1] INFO  server.RaftServerConfigKeys (ConfUtils.java:logGet(43)) - raft.server.storage.dir = [/workdir/hadoop-ozone/integration-test/target/test-dir/MiniOzoneClusterImpl-cea1adf1-e11b-40bf-86cb-fb3b2d854ef9/datanode-3/data/ratis] (custom)
2019-09-25 05:31:05,249 [pool-97-thread-1] INFO  impl.RaftServerImpl (RaftServerImpl.java:<init>(95)) - 5c3318fc-c419-4298-b427-bf5a9ca27bf0: new RaftServerImpl for group-21C2C432FD88:[5c3318fc-c419-4298-b427-bf5a9ca27bf0:192.168.36.126:46795, 61946a22-29ed-4e77-8449-fae4cd9869e9:192.168.36.126:36814, 0d4a37ed-4cec-423a-a360-e4a879eb6bc0:192.168.36.126:37817] with ContainerStateMachine:uninitialized
2019-09-25 05:31:05,249 [pool-97-thread-1] INFO  server.RaftServerConfigKeys (ConfUtils.java:logGet(43)) - raft.server.rpc.timeout.min = 1s (custom)
2019-09-25 05:31:05,249 [pool-57-thread-1] INFO  storage.RaftStorageDirectory (RaftStorageDirectory.java:analyzeStorage(246)) - The storage directory /workdir/hadoop-ozone/integration-test/target/test-dir/MiniOzoneClusterImpl-cea1adf1-e11b-40bf-86cb-fb3b2d854ef9/datanode-3/data/ratis/a5f3310c-8ecf-4236-8654-21c2c432fd88 does not exist. Creating ...
2019-09-25 05:31:05,249 [pool-97-thread-1] INFO  server.RaftServerConfigKeys (ConfUtils.java:logGet(43)) - raft.server.rpc.timeout.max = 1200ms (custom)
2019-09-25 05:31:05,250 [pool-97-thread-1] INFO  server.RaftServerConfigKeys (ConfUtils.java:logGet(43)) - raft.server.rpcslowness.timeout = 120s (custom)
2019-09-25 05:31:05,250 [pool-97-thread-1] INFO  server.RaftServerConfigKeys (ConfUtils.java:logGet(43)) - raft.server.sleep.deviation.threshold = 300 (default)
2019-09-25 05:31:05,250 [pool-97-thread-1] INFO  server.RaftServerConfigKeys (ConfUtils.java:logGet(43)) - raft.server.log.appender.install.snapshot.enabled = false (custom)
2019-09-25 05:31:05,250 [pool-97-thread-1] INFO  impl.RaftServerImpl (ServerState.java:<init>(103)) - 5c3318fc-c419-4298-b427-bf5a9ca27bf0@group-21C2C432FD88: ConfigurationManager, init=-1: [5c3318fc-c419-4298-b427-bf5a9ca27bf0:192.168.36.126:46795, 61946a22-29ed-4e77-8449-fae4cd9869e9:192.168.36.126:36814, 0d4a37ed-4cec-423a-a360-e4a879eb6bc0:192.168.36.126:37817], old=null, confs=<EMPTY_MAP>
2019-09-25 05:31:05,250 [pool-97-thread-1] INFO  server.RaftServerConfigKeys (ConfUtils.java:logGet(43)) - raft.server.storage.dir = [/workdir/hadoop-ozone/integration-test/target/test-dir/MiniOzoneClusterImpl-cea1adf1-e11b-40bf-86cb-fb3b2d854ef9/datanode-7/data/ratis] (custom)
2019-09-25 05:31:05,250 [pool-97-thread-1] INFO  storage.RaftStorageDirectory (RaftStorageDirectory.java:analyzeStorage(246)) - The storage directory /workdir/hadoop-ozone/integration-test/target/test-dir/MiniOzoneClusterImpl-cea1adf1-e11b-40bf-86cb-fb3b2d854ef9/datanode-7/data/ratis/a5f3310c-8ecf-4236-8654-21c2c432fd88 does not exist. Creating ...
2019-09-25 05:31:07,278 [pool-47-thread-1] INFO  storage.RaftStorageDirectory (RaftStorageDirectory.java:tryLock(328)) - Lock on /workdir/hadoop-ozone/integration-test/target/test-dir/MiniOzoneClusterImpl-cea1adf1-e11b-40bf-86cb-fb3b2d854ef9/datanode-2/data/ratis/a5f3310c-8ecf-4236-8654-21c2c432fd88/in_use.lock acquired by nodename 16102@pr-hdds-2174-pqx5g-486351168
2019-09-25 05:31:07,279 [0d4a37ed-4cec-423a-a360-e4a879eb6bc0@group-6EC47EE05244:LeaderElection3] INFO  impl.LeaderElection (LeaderElection.java:askForVotes(182)) - 0d4a37ed-4cec-423a-a360-e4a879eb6bc0@group-6EC47EE05244:LeaderElection3: begin an election at term 1 for -1: [0d4a37ed-4cec-423a-a360-e4a879eb6bc0:192.168.36.126:37817], old=null
2019-09-25 05:31:07,279 [61946a22-29ed-4e77-8449-fae4cd9869e9@group-D7CEEA3808D7:LeaderElection2] INFO  impl.LeaderElection (LeaderElection.java:askForVotes(182)) - 61946a22-29ed-4e77-8449-fae4cd9869e9@group-D7CEEA3808D7:LeaderElection2: begin an election at term 1 for -1: [61946a22-29ed-4e77-8449-fae4cd9869e9:192.168.36.126:36814], old=null
2019-09-25 05:31:07,279 [5c3318fc-c419-4298-b427-bf5a9ca27bf0@group-17F3E135542C:LeaderElection1] INFO  impl.LeaderElection (LeaderElection.java:askForVotes(182)) - 5c3318fc-c419-4298-b427-bf5a9ca27bf0@group-17F3E135542C:LeaderElection1: begin an election at term 1 for -1: [5c3318fc-c419-4298-b427-bf5a9ca27bf0:192.168.36.126:46795], old=null
2019-09-25 05:31:07,278 [pool-57-thread-1] INFO  storage.RaftStorageDirectory (RaftStorageDirectory.java:tryLock(328)) - Lock on /workdir/hadoop-ozone/integration-test/target/test-dir/MiniOzoneClusterImpl-cea1adf1-e11b-40bf-86cb-fb3b2d854ef9/datanode-3/data/ratis/a5f3310c-8ecf-4236-8654-21c2c432fd88/in_use.lock acquired by nodename 16102@pr-hdds-2174-pqx5g-486351168
2019-09-25 05:31:07,278 [pool-107-thread-1] INFO  storage.RaftStorageDirectory (RaftStorageDirectory.java:tryLock(328)) - Lock on /workdir/hadoop-ozone/integration-test/target/test-dir/MiniOzoneClusterImpl-cea1adf1-e11b-40bf-86cb-fb3b2d854ef9/datanode-8/data/ratis/0286fec8-d8bc-4f01-9746-f72a5ba07e82/in_use.lock acquired by nodename 16102@pr-hdds-2174-pqx5g-486351168
2019-09-25 05:31:07,278 [pool-97-thread-1] INFO  storage.RaftStorageDirectory (RaftStorageDirectory.java:tryLock(328)) - Lock on /workdir/hadoop-ozone/integration-test/target/test-dir/MiniOzoneClusterImpl-cea1adf1-e11b-40bf-86cb-fb3b2d854ef9/datanode-7/data/ratis/a5f3310c-8ecf-4236-8654-21c2c432fd88/in_use.lock acquired by nodename 16102@pr-hdds-2174-pqx5g-486351168
2019-09-25 05:31:07,284 [61946a22-29ed-4e77-8449-fae4cd9869e9@group-D7CEEA3808D7:LeaderElection2] INFO  impl.RoleInfo (RoleInfo.java:shutdownLeaderElection(134)) - 61946a22-29ed-4e77-8449-fae4cd9869e9: shutdown LeaderElection
2019-09-25 05:31:07,284 [0d4a37ed-4cec-423a-a360-e4a879eb6bc0@group-6EC47EE05244:LeaderElection3] INFO  impl.RoleInfo (RoleInfo.java:shutdownLeaderElection(134)) - 0d4a37ed-4cec-423a-a360-e4a879eb6bc0: shutdown LeaderElection
2019-09-25 05:31:07,284 [5c3318fc-c419-4298-b427-bf5a9ca27bf0@group-17F3E135542C:LeaderElection1] INFO  impl.RoleInfo (RoleInfo.java:shutdownLeaderElection(134)) - 5c3318fc-c419-4298-b427-bf5a9ca27bf0: shutdown LeaderElection
2019-09-25 05:31:07,285 [0d4a37ed-4cec-423a-a360-e4a879eb6bc0@group-6EC47EE05244:LeaderElection3] INFO  impl.RaftServerImpl (RaftServerImpl.java:setRole(174)) - 0d4a37ed-4cec-423a-a360-e4a879eb6bc0@group-6EC47EE05244: changes role from CANDIDATE to LEADER at term 1 for changeToLeader
2019-09-25 05:31:07,285 [61946a22-29ed-4e77-8449-fae4cd9869e9@group-D7CEEA3808D7:LeaderElection2] INFO  impl.RaftServerImpl (RaftServerImpl.java:setRole(174)) - 61946a22-29ed-4e77-8449-fae4cd9869e9@group-D7CEEA3808D7: changes role from CANDIDATE to LEADER at term 1 for changeToLeader
2019-09-25 05:31:07,285 [5c3318fc-c419-4298-b427-bf5a9ca27bf0@group-17F3E135542C:LeaderElection1] INFO  impl.RaftServerImpl (RaftServerImpl.java:setRole(174)) - 5c3318fc-c419-4298-b427-bf5a9ca27bf0@group-17F3E135542C: changes role from CANDIDATE to LEADER at term 1 for changeToLeader
2019-09-25 05:31:07,285 [61946a22-29ed-4e77-8449-fae4cd9869e9@group-D7CEEA3808D7:LeaderElection2] INFO  impl.RaftServerImpl (ServerState.java:setLeader(253)) - 61946a22-29ed-4e77-8449-fae4cd9869e9@group-D7CEEA3808D7: change Leader from null to 61946a22-29ed-4e77-8449-fae4cd9869e9 at term 1 for becomeLeader, leader elected after 5891ms
2019-09-25 05:31:07,285 [0d4a37ed-4cec-423a-a360-e4a879eb6bc0@group-6EC47EE05244:LeaderElection3] INFO  impl.RaftServerImpl (ServerState.java:setLeader(253)) - 0d4a37ed-4cec-423a-a360-e4a879eb6bc0@group-6EC47EE05244: change Leader from null to 0d4a37ed-4cec-423a-a360-e4a879eb6bc0 at term 1 for becomeLeader, leader elected after 5608ms
2019-09-25 05:31:07,286 [5c3318fc-c419-4298-b427-bf5a9ca27bf0@group-17F3E135542C:LeaderElection1] INFO  impl.RaftServerImpl (ServerState.java:setLeader(253)) - 5c3318fc-c419-4298-b427-bf5a9ca27bf0@group-17F3E135542C: change Leader from null to 5c3318fc-c419-4298-b427-bf5a9ca27bf0 at term 1 for becomeLeader, leader elected after 6415ms
2019-09-25 05:31:07,295 [0d4a37ed-4cec-423a-a360-e4a879eb6bc0@group-6EC47EE05244:LeaderElection3] INFO  server.RaftServerConfigKeys (ConfUtils.java:logGet(43)) - raft.server.staging.catchup.gap = 1000 (default)
2019-09-25 05:31:07,297 [61946a22-29ed-4e77-8449-fae4cd9869e9@group-D7CEEA3808D7:LeaderElection2] INFO  server.RaftServerConfigKeys (ConfUtils.java:logGet(43)) - raft.server.staging.catchup.gap = 1000 (default)
2019-09-25 05:31:07,297 [0d4a37ed-4cec-423a-a360-e4a879eb6bc0@group-6EC47EE05244:LeaderElection3] INFO  server.RaftServerConfigKeys (ConfUtils.java:logGet(43)) - raft.server.rpc.sleep.time = 25ms (default)
2019-09-25 05:31:07,297 [5c3318fc-c419-4298-b427-bf5a9ca27bf0@group-17F3E135542C:LeaderElection1] INFO  server.RaftServerConfigKeys (ConfUtils.java:logGet(43)) - raft.server.staging.catchup.gap = 1000 (default)
2019-09-25 05:31:07,297 [61946a22-29ed-4e77-8449-fae4cd9869e9@group-D7CEEA3808D7:LeaderElection2] INFO  server.RaftServerConfigKeys (ConfUtils.java:logGet(43)) - raft.server.rpc.sleep.time = 25ms (default)
2019-09-25 05:31:07,298 [5c3318fc-c419-4298-b427-bf5a9ca27bf0@group-17F3E135542C:LeaderElection1] INFO  server.RaftServerConfigKeys (ConfUtils.java:logGet(43)) - raft.server.rpc.sleep.time = 25ms (default)
2019-09-25 05:31:07,301 [0d4a37ed-4cec-423a-a360-e4a879eb6bc0@group-6EC47EE05244:LeaderElection3] INFO  server.RaftServerConfigKeys (ConfUtils.java:logGet(43)) - raft.server.write.element-limit = 4096 (default)
2019-09-25 05:31:07,301 [5c3318fc-c419-4298-b427-bf5a9ca27bf0@group-17F3E135542C:LeaderElection1] INFO  server.RaftServerConfigKeys (ConfUtils.java:logGet(43)) - raft.server.write.element-limit = 4096 (default)
2019-09-25 05:31:07,301 [61946a22-29ed-4e77-8449-fae4cd9869e9@group-D7CEEA3808D7:LeaderElection2] INFO  server.RaftServerConfigKeys (ConfUtils.java:logGet(43)) - raft.server.write.element-limit = 4096 (default)
2019-09-25 05:31:07,304 [0d4a37ed-4cec-423a-a360-e4a879eb6bc0@group-6EC47EE05244:LeaderElection3] INFO  server.RaftServerConfigKeys (ConfUtils.java:logGet(43)) - raft.server.watch.timeout = 10s (default)
2019-09-25 05:31:07,304 [5c3318fc-c419-4298-b427-bf5a9ca27bf0@group-17F3E135542C:LeaderElection1] INFO  server.RaftServerConfigKeys (ConfUtils.java:logGet(43)) - raft.server.watch.timeout = 10s (default)
2019-09-25 05:31:07,304 [61946a22-29ed-4e77-8449-fae4cd9869e9@group-D7CEEA3808D7:LeaderElection2] INFO  server.RaftServerConfigKeys (ConfUtils.java:logGet(43)) - raft.server.watch.timeout = 10s (default)
2019-09-25 05:31:07,304 [5c3318fc-c419-4298-b427-bf5a9ca27bf0@group-17F3E135542C:LeaderElection1] INFO  server.RaftServerConfigKeys (ConfUtils.java:logGet(43)) - raft.server.watch.timeout.denomination = 1s (default)
2019-09-25 05:31:07,304 [0d4a37ed-4cec-423a-a360-e4a879eb6bc0@group-6EC47EE05244:LeaderElection3] INFO  server.RaftServerConfigKeys (ConfUtils.java:logGet(43)) - raft.server.watch.timeout.denomination = 1s (default)
2019-09-25 05:31:07,304 [61946a22-29ed-4e77-8449-fae4cd9869e9@group-D7CEEA3808D7:LeaderElection2] INFO  server.RaftServerConfigKeys (ConfUtils.java:logGet(43)) - raft.server.watch.timeout.denomination = 1s (default)
2019-09-25 05:31:07,305 [0d4a37ed-4cec-423a-a360-e4a879eb6bc0@group-6EC47EE05244:LeaderElection3] INFO  server.RaftServerConfigKeys (ConfUtils.java:logGet(43)) - raft.server.watch.element-limit = 65536 (default)
2019-09-25 05:31:07,305 [61946a22-29ed-4e77-8449-fae4cd9869e9@group-D7CEEA3808D7:LeaderElection2] INFO  server.RaftServerConfigKeys (ConfUtils.java:logGet(43)) - raft.server.watch.element-limit = 65536 (default)
2019-09-25 05:31:07,305 [5c3318fc-c419-4298-b427-bf5a9ca27bf0@group-17F3E135542C:LeaderElection1] INFO  server.RaftServerConfigKeys (ConfUtils.java:logGet(43)) - raft.server.watch.element-limit = 65536 (default)
2019-09-25 05:31:07,325 [5c3318fc-c419-4298-b427-bf5a9ca27bf0@group-17F3E135542C:LeaderElection1] INFO  impl.RoleInfo (RoleInfo.java:updateAndGet(143)) - 5c3318fc-c419-4298-b427-bf5a9ca27bf0: start LeaderState
2019-09-25 05:31:07,325 [0d4a37ed-4cec-423a-a360-e4a879eb6bc0@group-6EC47EE05244:LeaderElection3] INFO  impl.RoleInfo (RoleInfo.java:updateAndGet(143)) - 0d4a37ed-4cec-423a-a360-e4a879eb6bc0: start LeaderState
2019-09-25 05:31:07,325 [61946a22-29ed-4e77-8449-fae4cd9869e9@group-D7CEEA3808D7:LeaderElection2] INFO  impl.RoleInfo (RoleInfo.java:updateAndGet(143)) - 61946a22-29ed-4e77-8449-fae4cd9869e9: start LeaderState
2019-09-25 05:31:07,351 [61946a22-29ed-4e77-8449-fae4cd9869e9@group-D7CEEA3808D7:LeaderElection2] INFO  segmented.SegmentedRaftLogWorker (SegmentedRaftLogWorker.java:startLogSegment(380)) - 61946a22-29ed-4e77-8449-fae4cd9869e9@group-D7CEEA3808D7-SegmentedRaftLogWorker: Starting segment from index:0
2019-09-25 05:31:07,351 [0d4a37ed-4cec-423a-a360-e4a879eb6bc0@group-6EC47EE05244:LeaderElection3] INFO  segmented.SegmentedRaftLogWorker (SegmentedRaftLogWorker.java:startLogSegment(380)) - 0d4a37ed-4cec-423a-a360-e4a879eb6bc0@group-6EC47EE05244-SegmentedRaftLogWorker: Starting segment from index:0
2019-09-25 05:31:07,351 [5c3318fc-c419-4298-b427-bf5a9ca27bf0@group-17F3E135542C:LeaderElection1] INFO  segmented.SegmentedRaftLogWorker (SegmentedRaftLogWorker.java:startLogSegment(380)) - 5c3318fc-c419-4298-b427-bf5a9ca27bf0@group-17F3E135542C-SegmentedRaftLogWorker: Starting segment from index:0
2019-09-25 05:31:07,358 [0d4a37ed-4cec-423a-a360-e4a879eb6bc0@group-6EC47EE05244:LeaderElection3] INFO  impl.RaftServerImpl (ServerState.java:setRaftConf(354)) - 0d4a37ed-4cec-423a-a360-e4a879eb6bc0@group-6EC47EE05244: set configuration 0: [0d4a37ed-4cec-423a-a360-e4a879eb6bc0:192.168.36.126:37817], old=null at 0
2019-09-25 05:31:07,359 [61946a22-29ed-4e77-8449-fae4cd9869e9@group-D7CEEA3808D7:LeaderElection2] INFO  impl.RaftServerImpl (ServerState.java:setRaftConf(354)) - 61946a22-29ed-4e77-8449-fae4cd9869e9@group-D7CEEA3808D7: set configuration 0: [61946a22-29ed-4e77-8449-fae4cd9869e9:192.168.36.126:36814], old=null at 0
2019-09-25 05:31:07,358 [5c3318fc-c419-4298-b427-bf5a9ca27bf0@group-17F3E135542C:LeaderElection1] INFO  impl.RaftServerImpl (ServerState.java:setRaftConf(354)) - 5c3318fc-c419-4298-b427-bf5a9ca27bf0@group-17F3E135542C: set configuration 0: [5c3318fc-c419-4298-b427-bf5a9ca27bf0:192.168.36.126:46795], old=null at 0
2019-09-25 05:31:08,203 [RATISCREATEPIPELINE1] ERROR pipeline.RatisPipelineProvider (RatisPipelineProvider.java:lambda$null$5(235)) - Failed invoke Ratis rpc org.apache.hadoop.hdds.scm.pipeline.RatisPipelineProvider$$Lambda$227/594670972@7320b8c6 for 5c3318fc-c419-4298-b427-bf5a9ca27bf0
org.apache.ratis.protocol.TimeoutIOException: deadline exceeded after 2999789838ns
	at org.apache.ratis.grpc.GrpcUtil.tryUnwrapException(GrpcUtil.java:82)
	at org.apache.ratis.grpc.GrpcUtil.unwrapException(GrpcUtil.java:75)
	at org.apache.ratis.grpc.client.GrpcClientProtocolClient.blockingCall(GrpcClientProtocolClient.java:178)
	at org.apache.ratis.grpc.client.GrpcClientProtocolClient.groupAdd(GrpcClientProtocolClient.java:147)
	at org.apache.ratis.grpc.client.GrpcClientRpc.sendRequest(GrpcClientRpc.java:94)
	at org.apache.ratis.client.impl.RaftClientImpl.sendRequest(RaftClientImpl.java:278)
	at org.apache.ratis.client.impl.RaftClientImpl.groupAdd(RaftClientImpl.java:205)
	at org.apache.hadoop.hdds.scm.pipeline.RatisPipelineProvider.lambda$initializePipeline$4(RatisPipelineProvider.java:196)
	at org.apache.hadoop.hdds.scm.pipeline.RatisPipelineProvider.lambda$null$5(RatisPipelineProvider.java:231)
	at java.util.stream.ForEachOps$ForEachOp$OfRef.accept(ForEachOps.java:184)
	at java.util.ArrayList$ArrayListSpliterator.forEachRemaining(ArrayList.java:1382)
	at java.util.stream.AbstractPipeline.copyInto(AbstractPipeline.java:482)
	at java.util.stream.ForEachOps$ForEachTask.compute(ForEachOps.java:291)
	at java.util.concurrent.CountedCompleter.exec(CountedCompleter.java:731)
	at java.util.concurrent.ForkJoinTask.doExec(ForkJoinTask.java:289)
	at java.util.concurrent.ForkJoinTask.doInvoke(ForkJoinTask.java:401)
	at java.util.concurrent.ForkJoinTask.invoke(ForkJoinTask.java:734)
	at java.util.stream.ForEachOps$ForEachOp.evaluateParallel(ForEachOps.java:160)
	at java.util.stream.ForEachOps$ForEachOp$OfRef.evaluateParallel(ForEachOps.java:174)
	at java.util.stream.AbstractPipeline.evaluate(AbstractPipeline.java:233)
	at java.util.stream.ReferencePipeline.forEach(ReferencePipeline.java:418)
	at java.util.stream.ReferencePipeline$Head.forEach(ReferencePipeline.java:583)
	at org.apache.hadoop.hdds.scm.pipeline.RatisPipelineProvider.lambda$callRatisRpc$6(RatisPipelineProvider.java:225)
	at java.util.concurrent.ForkJoinTask$AdaptedRunnableAction.exec(ForkJoinTask.java:1386)
	at java.util.concurrent.ForkJoinTask.doExec(ForkJoinTask.java:289)
	at java.util.concurrent.ForkJoinPool$WorkQueue.runTask(ForkJoinPool.java:1056)
	at java.util.concurrent.ForkJoinPool.runWorker(ForkJoinPool.java:1692)
	at java.util.concurrent.ForkJoinWorkerThread.run(ForkJoinWorkerThread.java:157)
Caused by: org.apache.ratis.thirdparty.io.grpc.StatusRuntimeException: DEADLINE_EXCEEDED: deadline exceeded after 2999789838ns
	at org.apache.ratis.thirdparty.io.grpc.stub.ClientCalls.toStatusRuntimeException(ClientCalls.java:233)
	at org.apache.ratis.thirdparty.io.grpc.stub.ClientCalls.getUnchecked(ClientCalls.java:214)
	at org.apache.ratis.thirdparty.io.grpc.stub.ClientCalls.blockingUnaryCall(ClientCalls.java:139)
	at org.apache.ratis.proto.grpc.AdminProtocolServiceGrpc$AdminProtocolServiceBlockingStub.groupManagement(AdminProtocolServiceGrpc.java:274)
	at org.apache.ratis.grpc.client.GrpcClientProtocolClient.lambda$groupAdd$3(GrpcClientProtocolClient.java:149)
	at org.apache.ratis.grpc.client.GrpcClientProtocolClient.blockingCall(GrpcClientProtocolClient.java:176)
	... 25 more
2019-09-25 05:31:08,209 [RATISCREATEPIPELINE2] ERROR pipeline.RatisPipelineProvider (RatisPipelineProvider.java:lambda$null$5(235)) - Failed invoke Ratis rpc org.apache.hadoop.hdds.scm.pipeline.RatisPipelineProvider$$Lambda$227/594670972@7320b8c6 for 61946a22-29ed-4e77-8449-fae4cd9869e9
org.apache.ratis.protocol.TimeoutIOException: deadline exceeded after 2999776420ns
	at org.apache.ratis.grpc.GrpcUtil.tryUnwrapException(GrpcUtil.java:82)
	at org.apache.ratis.grpc.GrpcUtil.unwrapException(GrpcUtil.java:75)
	at org.apache.ratis.grpc.client.GrpcClientProtocolClient.blockingCall(GrpcClientProtocolClient.java:178)
	at org.apache.ratis.grpc.client.GrpcClientProtocolClient.groupAdd(GrpcClientProtocolClient.java:147)
	at org.apache.ratis.grpc.client.GrpcClientRpc.sendRequest(GrpcClientRpc.java:94)
	at org.apache.ratis.client.impl.RaftClientImpl.sendRequest(RaftClientImpl.java:278)
	at org.apache.ratis.client.impl.RaftClientImpl.groupAdd(RaftClientImpl.java:205)
	at org.apache.hadoop.hdds.scm.pipeline.RatisPipelineProvider.lambda$initializePipeline$4(RatisPipelineProvider.java:196)
	at org.apache.hadoop.hdds.scm.pipeline.RatisPipelineProvider.lambda$null$5(RatisPipelineProvider.java:231)
	at java.util.stream.ForEachOps$ForEachOp$OfRef.accept(ForEachOps.java:184)
	at java.util.ArrayList$ArrayListSpliterator.forEachRemaining(ArrayList.java:1382)
	at java.util.stream.AbstractPipeline.copyInto(AbstractPipeline.java:482)
	at java.util.stream.ForEachOps$ForEachTask.compute(ForEachOps.java:291)
	at java.util.concurrent.CountedCompleter.exec(CountedCompleter.java:731)
	at java.util.concurrent.ForkJoinTask.doExec(ForkJoinTask.java:289)
	at java.util.concurrent.ForkJoinPool$WorkQueue.runTask(ForkJoinPool.java:1056)
	at java.util.concurrent.ForkJoinPool.runWorker(ForkJoinPool.java:1692)
	at java.util.concurrent.ForkJoinWorkerThread.run(ForkJoinWorkerThread.java:157)
Caused by: org.apache.ratis.thirdparty.io.grpc.StatusRuntimeException: DEADLINE_EXCEEDED: deadline exceeded after 2999776420ns
	at org.apache.ratis.thirdparty.io.grpc.stub.ClientCalls.toStatusRuntimeException(ClientCalls.java:233)
	at org.apache.ratis.thirdparty.io.grpc.stub.ClientCalls.getUnchecked(ClientCalls.java:214)
	at org.apache.ratis.thirdparty.io.grpc.stub.ClientCalls.blockingUnaryCall(ClientCalls.java:139)
	at org.apache.ratis.proto.grpc.AdminProtocolServiceGrpc$AdminProtocolServiceBlockingStub.groupManagement(AdminProtocolServiceGrpc.java:274)
	at org.apache.ratis.grpc.client.GrpcClientProtocolClient.lambda$groupAdd$3(GrpcClientProtocolClient.java:149)
	at org.apache.ratis.grpc.client.GrpcClientProtocolClient.blockingCall(GrpcClientProtocolClient.java:176)
	... 15 more
2019-09-25 05:31:08,214 [RATISCREATEPIPELINE3] ERROR pipeline.RatisPipelineProvider (RatisPipelineProvider.java:lambda$null$5(235)) - Failed invoke Ratis rpc org.apache.hadoop.hdds.scm.pipeline.RatisPipelineProvider$$Lambda$227/594670972@7320b8c6 for 0d4a37ed-4cec-423a-a360-e4a879eb6bc0
org.apache.ratis.protocol.TimeoutIOException: deadline exceeded after 2995335316ns
	at org.apache.ratis.grpc.GrpcUtil.tryUnwrapException(GrpcUtil.java:82)
	at org.apache.ratis.grpc.GrpcUtil.unwrapException(GrpcUtil.java:75)
	at org.apache.ratis.grpc.client.GrpcClientProtocolClient.blockingCall(GrpcClientProtocolClient.java:178)
	at org.apache.ratis.grpc.client.GrpcClientProtocolClient.groupAdd(GrpcClientProtocolClient.java:147)
	at org.apache.ratis.grpc.client.GrpcClientRpc.sendRequest(GrpcClientRpc.java:94)
	at org.apache.ratis.client.impl.RaftClientImpl.sendRequest(RaftClientImpl.java:278)
	at org.apache.ratis.client.impl.RaftClientImpl.groupAdd(RaftClientImpl.java:205)
	at org.apache.hadoop.hdds.scm.pipeline.RatisPipelineProvider.lambda$initializePipeline$4(RatisPipelineProvider.java:196)
	at org.apache.hadoop.hdds.scm.pipeline.RatisPipelineProvider.lambda$null$5(RatisPipelineProvider.java:231)
	at java.util.stream.ForEachOps$ForEachOp$OfRef.accept(ForEachOps.java:184)
	at java.util.ArrayList$ArrayListSpliterator.forEachRemaining(ArrayList.java:1382)
	at java.util.stream.AbstractPipeline.copyInto(AbstractPipeline.java:482)
	at java.util.stream.ForEachOps$ForEachTask.compute(ForEachOps.java:291)
	at java.util.concurrent.CountedCompleter.exec(CountedCompleter.java:731)
	at java.util.concurrent.ForkJoinTask.doExec(ForkJoinTask.java:289)
	at java.util.concurrent.ForkJoinPool$WorkQueue.runTask(ForkJoinPool.java:1056)
	at java.util.concurrent.ForkJoinPool.runWorker(ForkJoinPool.java:1692)
	at java.util.concurrent.ForkJoinWorkerThread.run(ForkJoinWorkerThread.java:157)
Caused by: org.apache.ratis.thirdparty.io.grpc.StatusRuntimeException: DEADLINE_EXCEEDED: deadline exceeded after 2995335316ns
	at org.apache.ratis.thirdparty.io.grpc.stub.ClientCalls.toStatusRuntimeException(ClientCalls.java:233)
	at org.apache.ratis.thirdparty.io.grpc.stub.ClientCalls.getUnchecked(ClientCalls.java:214)
	at org.apache.ratis.thirdparty.io.grpc.stub.ClientCalls.blockingUnaryCall(ClientCalls.java:139)
	at org.apache.ratis.proto.grpc.AdminProtocolServiceGrpc$AdminProtocolServiceBlockingStub.groupManagement(AdminProtocolServiceGrpc.java:274)
	at org.apache.ratis.grpc.client.GrpcClientProtocolClient.lambda$groupAdd$3(GrpcClientProtocolClient.java:149)
	at org.apache.ratis.grpc.client.GrpcClientProtocolClient.blockingCall(GrpcClientProtocolClient.java:176)
	... 15 more
2019-09-25 05:31:08,243 [grpc-default-executor-2] INFO  impl.RaftServerProxy (RaftServerProxy.java:addNew(89)) - e997a993-6131-47bf-96c8-764e04cb5c0e: addNew group-F04ACB498A1B:[e997a993-6131-47bf-96c8-764e04cb5c0e:192.168.36.126:37678] returns group-F04ACB498A1B:java.util.concurrent.CompletableFuture@5cca7d0e[Not completed]
2019-09-25 05:31:11,057 [pool-97-thread-1] INFO  storage.RaftStorage (RaftStorage.java:format(72)) - Storage directory /workdir/hadoop-ozone/integration-test/target/test-dir/MiniOzoneClusterImpl-cea1adf1-e11b-40bf-86cb-fb3b2d854ef9/datanode-7/data/ratis/a5f3310c-8ecf-4236-8654-21c2c432fd88 has been successfully formatted.
2019-09-25 05:31:11,057 [61946a22-29ed-4e77-8449-fae4cd9869e9@group-D7CEEA3808D7-SegmentedRaftLogWorker] INFO  segmented.SegmentedRaftLogWorker (SegmentedRaftLogWorker.java:execute(569)) - 61946a22-29ed-4e77-8449-fae4cd9869e9@group-D7CEEA3808D7-SegmentedRaftLogWorker: created new log segment /workdir/hadoop-ozone/integration-test/target/test-dir/MiniOzoneClusterImpl-cea1adf1-e11b-40bf-86cb-fb3b2d854ef9/datanode-2/data/ratis/483d1a9a-c9e3-4964-a8cb-d7ceea3808d7/current/log_inprogress_0
2019-09-25 05:31:11,058 [pool-97-thread-1] INFO  ratis.ContainerStateMachine (ContainerStateMachine.java:loadSnapshot(230)) - group-21C2C432FD88: The snapshot info is null. Setting the last applied indexto:(t:0, i:~)
2019-09-25 05:31:11,057 [0d4a37ed-4cec-423a-a360-e4a879eb6bc0@group-6EC47EE05244-SegmentedRaftLogWorker] INFO  segmented.SegmentedRaftLogWorker (SegmentedRaftLogWorker.java:execute(569)) - 0d4a37ed-4cec-423a-a360-e4a879eb6bc0@group-6EC47EE05244-SegmentedRaftLogWorker: created new log segment /workdir/hadoop-ozone/integration-test/target/test-dir/MiniOzoneClusterImpl-cea1adf1-e11b-40bf-86cb-fb3b2d854ef9/datanode-3/data/ratis/ba51b3b5-8fb8-4a98-9455-6ec47ee05244/current/log_inprogress_0
2019-09-25 05:31:11,057 [pool-57-thread-1] INFO  storage.RaftStorage (RaftStorage.java:format(72)) - Storage directory /workdir/hadoop-ozone/integration-test/target/test-dir/MiniOzoneClusterImpl-cea1adf1-e11b-40bf-86cb-fb3b2d854ef9/datanode-3/data/ratis/a5f3310c-8ecf-4236-8654-21c2c432fd88 has been successfully formatted.
2019-09-25 05:31:11,059 [pool-57-thread-1] INFO  ratis.ContainerStateMachine (ContainerStateMachine.java:loadSnapshot(230)) - group-21C2C432FD88: The snapshot info is null. Setting the last applied indexto:(t:0, i:~)
2019-09-25 05:31:11,059 [pool-57-thread-1] INFO  server.RaftServerConfigKeys (ConfUtils.java:logGet(43)) - raft.server.notification.no-leader.timeout = 120s (custom)
2019-09-25 05:31:11,060 [pool-57-thread-1] INFO  server.RaftServerConfigKeys (ConfUtils.java:logGet(43)) - raft.server.log.use.memory = false (default)
2019-09-25 05:31:11,057 [pool-107-thread-1] INFO  storage.RaftStorage (RaftStorage.java:format(72)) - Storage directory /workdir/hadoop-ozone/integration-test/target/test-dir/MiniOzoneClusterImpl-cea1adf1-e11b-40bf-86cb-fb3b2d854ef9/datanode-8/data/ratis/0286fec8-d8bc-4f01-9746-f72a5ba07e82 has been successfully formatted.
2019-09-25 05:31:11,057 [pool-47-thread-1] INFO  storage.RaftStorage (RaftStorage.java:format(72)) - Storage directory /workdir/hadoop-ozone/integration-test/target/test-dir/MiniOzoneClusterImpl-cea1adf1-e11b-40bf-86cb-fb3b2d854ef9/datanode-2/data/ratis/a5f3310c-8ecf-4236-8654-21c2c432fd88 has been successfully formatted.
2019-09-25 05:31:11,057 [5c3318fc-c419-4298-b427-bf5a9ca27bf0@group-17F3E135542C-SegmentedRaftLogWorker] INFO  segmented.SegmentedRaftLogWorker (SegmentedRaftLogWorker.java:execute(569)) - 5c3318fc-c419-4298-b427-bf5a9ca27bf0@group-17F3E135542C-SegmentedRaftLogWorker: created new log segment /workdir/hadoop-ozone/integration-test/target/test-dir/MiniOzoneClusterImpl-cea1adf1-e11b-40bf-86cb-fb3b2d854ef9/datanode-7/data/ratis/a6d928c0-653d-477c-8aab-17f3e135542c/current/log_inprogress_0
2019-09-25 05:31:11,061 [pool-47-thread-1] INFO  ratis.ContainerStateMachine (ContainerStateMachine.java:loadSnapshot(230)) - group-21C2C432FD88: The snapshot info is null. Setting the last applied indexto:(t:0, i:~)
2019-09-25 05:31:11,060 [pool-107-thread-1] INFO  ratis.ContainerStateMachine (ContainerStateMachine.java:loadSnapshot(230)) - group-F72A5BA07E82: The snapshot info is null. Setting the last applied indexto:(t:0, i:~)
2019-09-25 05:31:11,060 [pool-57-thread-1] INFO  server.RaftServerConfigKeys (ConfUtils.java:logGet(43)) - raft.server.log.purge.gap = 1000000 (custom)
2019-09-25 05:31:11,058 [pool-97-thread-1] INFO  server.RaftServerConfigKeys (ConfUtils.java:logGet(43)) - raft.server.notification.no-leader.timeout = 120s (custom)
2019-09-25 05:31:11,061 [pool-57-thread-1] INFO  server.RaftServerConfigKeys (ConfUtils.java:logGet(43)) - raft.server.log.appender.buffer.byte-limit = 33554432 (custom)
2019-09-25 05:31:11,061 [pool-107-thread-1] INFO  server.RaftServerConfigKeys (ConfUtils.java:logGet(43)) - raft.server.notification.no-leader.timeout = 120s (custom)
2019-09-25 05:31:11,061 [pool-47-thread-1] INFO  server.RaftServerConfigKeys (ConfUtils.java:logGet(43)) - raft.server.notification.no-leader.timeout = 120s (custom)
2019-09-25 05:31:11,062 [pool-107-thread-1] INFO  server.RaftServerConfigKeys (ConfUtils.java:logGet(43)) - raft.server.log.use.memory = false (default)
2019-09-25 05:31:11,062 [pool-57-thread-1] INFO  server.RaftServerConfigKeys (ConfUtils.java:logGet(43)) - raft.server.log.segment.size.max = 1048576 (custom)
2019-09-25 05:31:11,062 [pool-97-thread-1] INFO  server.RaftServerConfigKeys (ConfUtils.java:logGet(43)) - raft.server.log.use.memory = false (default)
2019-09-25 05:31:11,063 [pool-57-thread-1] INFO  server.RaftServerConfigKeys (ConfUtils.java:logGet(43)) - raft.server.log.segment.cache.num.max = 2 (custom)
2019-09-25 05:31:11,063 [pool-107-thread-1] INFO  server.RaftServerConfigKeys (ConfUtils.java:logGet(43)) - raft.server.log.purge.gap = 1000000 (custom)
2019-09-25 05:31:11,062 [pool-47-thread-1] INFO  server.RaftServerConfigKeys (ConfUtils.java:logGet(43)) - raft.server.log.use.memory = false (default)
2019-09-25 05:31:11,064 [pool-107-thread-1] INFO  server.RaftServerConfigKeys (ConfUtils.java:logGet(43)) - raft.server.log.appender.buffer.byte-limit = 33554432 (custom)
2019-09-25 05:31:11,063 [pool-57-thread-1] INFO  segmented.SegmentedRaftLogWorker (SegmentedRaftLogWorker.java:<init>(172)) - new 0d4a37ed-4cec-423a-a360-e4a879eb6bc0@group-21C2C432FD88-SegmentedRaftLogWorker for RaftStorage:Storage Directory /workdir/hadoop-ozone/integration-test/target/test-dir/MiniOzoneClusterImpl-cea1adf1-e11b-40bf-86cb-fb3b2d854ef9/datanode-3/data/ratis/a5f3310c-8ecf-4236-8654-21c2c432fd88
2019-09-25 05:31:11,063 [pool-97-thread-1] INFO  server.RaftServerConfigKeys (ConfUtils.java:logGet(43)) - raft.server.log.purge.gap = 1000000 (custom)
2019-09-25 05:31:11,064 [pool-57-thread-1] INFO  server.RaftServerConfigKeys (ConfUtils.java:logGet(43)) - raft.server.log.queue.byte-limit = 2147483647 (custom)
2019-09-25 05:31:11,064 [pool-107-thread-1] INFO  server.RaftServerConfigKeys (ConfUtils.java:logGet(43)) - raft.server.log.segment.size.max = 1048576 (custom)
2019-09-25 05:31:11,064 [pool-47-thread-1] INFO  server.RaftServerConfigKeys (ConfUtils.java:logGet(43)) - raft.server.log.purge.gap = 1000000 (custom)
2019-09-25 05:31:11,065 [pool-107-thread-1] INFO  server.RaftServerConfigKeys (ConfUtils.java:logGet(43)) - raft.server.log.segment.cache.num.max = 2 (custom)
2019-09-25 05:31:11,064 [pool-57-thread-1] INFO  server.RaftServerConfigKeys (ConfUtils.java:logGet(43)) - raft.server.log.queue.element-limit = 1024 (custom)
2019-09-25 05:31:11,064 [pool-97-thread-1] INFO  server.RaftServerConfigKeys (ConfUtils.java:logGet(43)) - raft.server.log.appender.buffer.byte-limit = 33554432 (custom)
2019-09-25 05:31:11,065 [pool-57-thread-1] INFO  server.RaftServerConfigKeys (ConfUtils.java:logGet(43)) - raft.server.log.segment.size.max = 1048576 (custom)
2019-09-25 05:31:11,065 [pool-107-thread-1] INFO  segmented.SegmentedRaftLogWorker (SegmentedRaftLogWorker.java:<init>(172)) - new e997a993-6131-47bf-96c8-764e04cb5c0e@group-F72A5BA07E82-SegmentedRaftLogWorker for RaftStorage:Storage Directory /workdir/hadoop-ozone/integration-test/target/test-dir/MiniOzoneClusterImpl-cea1adf1-e11b-40bf-86cb-fb3b2d854ef9/datanode-8/data/ratis/0286fec8-d8bc-4f01-9746-f72a5ba07e82
2019-09-25 05:31:11,065 [pool-47-thread-1] INFO  server.RaftServerConfigKeys (ConfUtils.java:logGet(43)) - raft.server.log.appender.buffer.byte-limit = 33554432 (custom)
2019-09-25 05:31:11,066 [pool-57-thread-1] INFO  server.RaftServerConfigKeys (ConfUtils.java:logGet(43)) - raft.server.log.preallocated.size = 16384 (custom)
2019-09-25 05:31:11,065 [pool-97-thread-1] INFO  server.RaftServerConfigKeys (ConfUtils.java:logGet(43)) - raft.server.log.segment.size.max = 1048576 (custom)
2019-09-25 05:31:11,066 [pool-57-thread-1] INFO  server.RaftServerConfigKeys (ConfUtils.java:logGet(43)) - raft.server.log.write.buffer.size = 33554432 (custom)
2019-09-25 05:31:11,066 [pool-47-thread-1] INFO  server.RaftServerConfigKeys (ConfUtils.java:logGet(43)) - raft.server.log.segment.size.max = 1048576 (custom)
2019-09-25 05:31:11,066 [pool-57-thread-1] INFO  server.RaftServerConfigKeys (ConfUtils.java:logGet(43)) - raft.server.log.force.sync.num = 128 (default)
2019-09-25 05:31:11,066 [pool-97-thread-1] INFO  server.RaftServerConfigKeys (ConfUtils.java:logGet(43)) - raft.server.log.segment.cache.num.max = 2 (custom)
2019-09-25 05:31:11,067 [pool-57-thread-1] INFO  server.RaftServerConfigKeys (ConfUtils.java:logGet(43)) - raft.server.log.statemachine.data.sync = true (default)
2019-09-25 05:31:11,067 [pool-47-thread-1] INFO  server.RaftServerConfigKeys (ConfUtils.java:logGet(43)) - raft.server.log.segment.cache.num.max = 2 (custom)
2019-09-25 05:31:11,067 [pool-57-thread-1] INFO  server.RaftServerConfigKeys (ConfUtils.java:logGet(43)) - raft.server.log.statemachine.data.sync.timeout = 10s (default)
2019-09-25 05:31:11,067 [pool-97-thread-1] INFO  segmented.SegmentedRaftLogWorker (SegmentedRaftLogWorker.java:<init>(172)) - new 5c3318fc-c419-4298-b427-bf5a9ca27bf0@group-21C2C432FD88-SegmentedRaftLogWorker for RaftStorage:Storage Directory /workdir/hadoop-ozone/integration-test/target/test-dir/MiniOzoneClusterImpl-cea1adf1-e11b-40bf-86cb-fb3b2d854ef9/datanode-7/data/ratis/a5f3310c-8ecf-4236-8654-21c2c432fd88
2019-09-25 05:31:11,068 [pool-57-thread-1] INFO  server.RaftServerConfigKeys (ConfUtils.java:logGet(43)) - raft.server.log.statemachine.data.sync.timeout.retry = -1 (default)
2019-09-25 05:31:11,067 [pool-47-thread-1] INFO  segmented.SegmentedRaftLogWorker (SegmentedRaftLogWorker.java:<init>(172)) - new 61946a22-29ed-4e77-8449-fae4cd9869e9@group-21C2C432FD88-SegmentedRaftLogWorker for RaftStorage:Storage Directory /workdir/hadoop-ozone/integration-test/target/test-dir/MiniOzoneClusterImpl-cea1adf1-e11b-40bf-86cb-fb3b2d854ef9/datanode-2/data/ratis/a5f3310c-8ecf-4236-8654-21c2c432fd88
2019-09-25 05:31:11,068 [pool-57-thread-1] INFO  server.RaftServerConfigKeys (ConfUtils.java:logGet(43)) - raft.server.log.statemachine.data.caching.enabled = true (custom)
2019-09-25 05:31:11,068 [pool-97-thread-1] INFO  server.RaftServerConfigKeys (ConfUtils.java:logGet(43)) - raft.server.log.queue.byte-limit = 2147483647 (custom)
2019-09-25 05:31:11,068 [pool-47-thread-1] INFO  server.RaftServerConfigKeys (ConfUtils.java:logGet(43)) - raft.server.log.queue.byte-limit = 2147483647 (custom)
2019-09-25 05:31:11,068 [pool-57-thread-1] INFO  segmented.SegmentedRaftLogWorker (SegmentedRaftLogWorker.java:lambda$new$0(132)) - 0d4a37ed-4cec-423a-a360-e4a879eb6bc0@group-21C2C432FD88-SegmentedRaftLogWorker: flushIndex: setUnconditionally 0 -> -1
2019-09-25 05:31:11,068 [pool-97-thread-1] INFO  server.RaftServerConfigKeys (ConfUtils.java:logGet(43)) - raft.server.log.queue.element-limit = 1024 (custom)
2019-09-25 05:31:11,068 [pool-47-thread-1] INFO  server.RaftServerConfigKeys (ConfUtils.java:logGet(43)) - raft.server.log.queue.element-limit = 1024 (custom)
2019-09-25 05:31:11,069 [pool-97-thread-1] INFO  server.RaftServerConfigKeys (ConfUtils.java:logGet(43)) - raft.server.log.segment.size.max = 1048576 (custom)
2019-09-25 05:31:11,069 [pool-57-thread-1] INFO  server.RaftServerConfigKeys (ConfUtils.java:logGet(43)) - raft.server.snapshot.auto.trigger.enabled = true (custom)
2019-09-25 05:31:11,069 [pool-97-thread-1] INFO  server.RaftServerConfigKeys (ConfUtils.java:logGet(43)) - raft.server.log.preallocated.size = 16384 (custom)
2019-09-25 05:31:11,069 [pool-47-thread-1] INFO  server.RaftServerConfigKeys (ConfUtils.java:logGet(43)) - raft.server.log.segment.size.max = 1048576 (custom)
2019-09-25 05:31:11,069 [pool-97-thread-1] INFO  server.RaftServerConfigKeys (ConfUtils.java:logGet(43)) - raft.server.log.write.buffer.size = 33554432 (custom)
2019-09-25 05:31:11,069 [pool-57-thread-1] INFO  server.RaftServerConfigKeys (ConfUtils.java:logGet(43)) - raft.server.snapshot.auto.trigger.threshold = 10000 (custom)
2019-09-25 05:31:11,070 [pool-97-thread-1] INFO  server.RaftServerConfigKeys (ConfUtils.java:logGet(43)) - raft.server.log.force.sync.num = 128 (default)
2019-09-25 05:31:11,070 [pool-47-thread-1] INFO  server.RaftServerConfigKeys (ConfUtils.java:logGet(43)) - raft.server.log.preallocated.size = 16384 (custom)
2019-09-25 05:31:11,070 [pool-107-thread-1] INFO  server.RaftServerConfigKeys (ConfUtils.java:logGet(43)) - raft.server.log.queue.byte-limit = 2147483647 (custom)
2019-09-25 05:31:11,070 [pool-97-thread-1] INFO  server.RaftServerConfigKeys (ConfUtils.java:logGet(43)) - raft.server.log.statemachine.data.sync = true (default)
2019-09-25 05:31:11,070 [pool-57-thread-1] INFO  server.RaftServerConfigKeys (ConfUtils.java:logGet(43)) - raft.server.snapshot.retention.num.files = 5 (custom)
2019-09-25 05:31:11,071 [pool-97-thread-1] INFO  server.RaftServerConfigKeys (ConfUtils.java:logGet(43)) - raft.server.log.statemachine.data.sync.timeout = 10s (default)
2019-09-25 05:31:11,070 [pool-107-thread-1] INFO  server.RaftServerConfigKeys (ConfUtils.java:logGet(43)) - raft.server.log.queue.element-limit = 1024 (custom)
2019-09-25 05:31:11,070 [pool-47-thread-1] INFO  server.RaftServerConfigKeys (ConfUtils.java:logGet(43)) - raft.server.log.write.buffer.size = 33554432 (custom)
2019-09-25 05:31:11,071 [pool-107-thread-1] INFO  server.RaftServerConfigKeys (ConfUtils.java:logGet(43)) - raft.server.log.segment.size.max = 1048576 (custom)
2019-09-25 05:31:11,071 [pool-97-thread-1] INFO  server.RaftServerConfigKeys (ConfUtils.java:logGet(43)) - raft.server.log.statemachine.data.sync.timeout.retry = -1 (default)
2019-09-25 05:31:11,071 [pool-57-thread-1] INFO  server.RaftServerConfigKeys (ConfUtils.java:logGet(43)) - raft.server.retrycache.expirytime = 600000ms (custom)
2019-09-25 05:31:11,072 [pool-97-thread-1] INFO  server.RaftServerConfigKeys (ConfUtils.java:logGet(43)) - raft.server.log.statemachine.data.caching.enabled = true (custom)
2019-09-25 05:31:11,071 [pool-107-thread-1] INFO  server.RaftServerConfigKeys (ConfUtils.java:logGet(43)) - raft.server.log.preallocated.size = 16384 (custom)
2019-09-25 05:31:11,071 [pool-47-thread-1] INFO  server.RaftServerConfigKeys (ConfUtils.java:logGet(43)) - raft.server.log.force.sync.num = 128 (default)
2019-09-25 05:31:11,072 [pool-107-thread-1] INFO  server.RaftServerConfigKeys (ConfUtils.java:logGet(43)) - raft.server.log.write.buffer.size = 33554432 (custom)
2019-09-25 05:31:11,072 [pool-97-thread-1] INFO  segmented.SegmentedRaftLogWorker (SegmentedRaftLogWorker.java:lambda$new$0(132)) - 5c3318fc-c419-4298-b427-bf5a9ca27bf0@group-21C2C432FD88-SegmentedRaftLogWorker: flushIndex: setUnconditionally 0 -> -1
2019-09-25 05:31:11,072 [pool-47-thread-1] INFO  server.RaftServerConfigKeys (ConfUtils.java:logGet(43)) - raft.server.log.statemachine.data.sync = true (default)
2019-09-25 05:31:11,072 [pool-107-thread-1] INFO  server.RaftServerConfigKeys (ConfUtils.java:logGet(43)) - raft.server.log.force.sync.num = 128 (default)
2019-09-25 05:31:11,073 [pool-97-thread-1] INFO  server.RaftServerConfigKeys (ConfUtils.java:logGet(43)) - raft.server.snapshot.auto.trigger.enabled = true (custom)
2019-09-25 05:31:11,073 [pool-47-thread-1] INFO  server.RaftServerConfigKeys (ConfUtils.java:logGet(43)) - raft.server.log.statemachine.data.sync.timeout = 10s (default)
2019-09-25 05:31:11,073 [pool-97-thread-1] INFO  server.RaftServerConfigKeys (ConfUtils.java:logGet(43)) - raft.server.snapshot.auto.trigger.threshold = 10000 (custom)
2019-09-25 05:31:11,073 [pool-107-thread-1] INFO  server.RaftServerConfigKeys (ConfUtils.java:logGet(43)) - raft.server.log.statemachine.data.sync = true (default)
2019-09-25 05:31:11,073 [pool-97-thread-1] INFO  server.RaftServerConfigKeys (ConfUtils.java:logGet(43)) - raft.server.snapshot.retention.num.files = 5 (custom)
2019-09-25 05:31:11,073 [pool-47-thread-1] INFO  server.RaftServerConfigKeys (ConfUtils.java:logGet(43)) - raft.server.log.statemachine.data.sync.timeout.retry = -1 (default)
2019-09-25 05:31:11,074 [pool-97-thread-1] INFO  server.RaftServerConfigKeys (ConfUtils.java:logGet(43)) - raft.server.retrycache.expirytime = 600000ms (custom)
2019-09-25 05:31:11,074 [pool-47-thread-1] INFO  server.RaftServerConfigKeys (ConfUtils.java:logGet(43)) - raft.server.log.statemachine.data.caching.enabled = true (custom)
2019-09-25 05:31:11,074 [pool-107-thread-1] INFO  server.RaftServerConfigKeys (ConfUtils.java:logGet(43)) - raft.server.log.statemachine.data.sync.timeout = 10s (default)
2019-09-25 05:31:11,074 [pool-107-thread-1] INFO  server.RaftServerConfigKeys (ConfUtils.java:logGet(43)) - raft.server.log.statemachine.data.sync.timeout.retry = -1 (default)
2019-09-25 05:31:11,074 [pool-47-thread-1] INFO  segmented.SegmentedRaftLogWorker (SegmentedRaftLogWorker.java:lambda$new$0(132)) - 61946a22-29ed-4e77-8449-fae4cd9869e9@group-21C2C432FD88-SegmentedRaftLogWorker: flushIndex: setUnconditionally 0 -> -1
2019-09-25 05:31:11,075 [pool-107-thread-1] INFO  server.RaftServerConfigKeys (ConfUtils.java:logGet(43)) - raft.server.log.statemachine.data.caching.enabled = true (custom)
2019-09-25 05:31:11,075 [pool-47-thread-1] INFO  server.RaftServerConfigKeys (ConfUtils.java:logGet(43)) - raft.server.snapshot.auto.trigger.enabled = true (custom)
2019-09-25 05:31:11,075 [pool-47-thread-1] INFO  server.RaftServerConfigKeys (ConfUtils.java:logGet(43)) - raft.server.snapshot.auto.trigger.threshold = 10000 (custom)
2019-09-25 05:31:11,075 [pool-107-thread-1] INFO  segmented.SegmentedRaftLogWorker (SegmentedRaftLogWorker.java:lambda$new$0(132)) - e997a993-6131-47bf-96c8-764e04cb5c0e@group-F72A5BA07E82-SegmentedRaftLogWorker: flushIndex: setUnconditionally 0 -> -1
2019-09-25 05:31:11,075 [pool-47-thread-1] INFO  server.RaftServerConfigKeys (ConfUtils.java:logGet(43)) - raft.server.snapshot.retention.num.files = 5 (custom)
2019-09-25 05:31:11,076 [pool-107-thread-1] INFO  server.RaftServerConfigKeys (ConfUtils.java:logGet(43)) - raft.server.snapshot.auto.trigger.enabled = true (custom)
2019-09-25 05:31:11,076 [pool-47-thread-1] INFO  server.RaftServerConfigKeys (ConfUtils.java:logGet(43)) - raft.server.retrycache.expirytime = 600000ms (custom)
2019-09-25 05:31:11,076 [pool-107-thread-1] INFO  server.RaftServerConfigKeys (ConfUtils.java:logGet(43)) - raft.server.snapshot.auto.trigger.threshold = 10000 (custom)
2019-09-25 05:31:11,076 [pool-107-thread-1] INFO  server.RaftServerConfigKeys (ConfUtils.java:logGet(43)) - raft.server.snapshot.retention.num.files = 5 (custom)
2019-09-25 05:31:11,076 [pool-107-thread-1] INFO  server.RaftServerConfigKeys (ConfUtils.java:logGet(43)) - raft.server.retrycache.expirytime = 600000ms (custom)
2019-09-25 05:31:11,076 [pool-57-thread-1] INFO  impl.RaftServerImpl (RaftServerImpl.java:start(185)) - 0d4a37ed-4cec-423a-a360-e4a879eb6bc0@group-21C2C432FD88: start as a follower, conf=-1: [5c3318fc-c419-4298-b427-bf5a9ca27bf0:192.168.36.126:46795, 61946a22-29ed-4e77-8449-fae4cd9869e9:192.168.36.126:36814, 0d4a37ed-4cec-423a-a360-e4a879eb6bc0:192.168.36.126:37817], old=null
2019-09-25 05:31:11,077 [pool-57-thread-1] INFO  impl.RaftServerImpl (RaftServerImpl.java:setRole(174)) - 0d4a37ed-4cec-423a-a360-e4a879eb6bc0@group-21C2C432FD88: changes role from      null to FOLLOWER at term 0 for startAsFollower
2019-09-25 05:31:11,077 [pool-57-thread-1] INFO  impl.RoleInfo (RoleInfo.java:updateAndGet(143)) - 0d4a37ed-4cec-423a-a360-e4a879eb6bc0: start FollowerState
2019-09-25 05:31:11,078 [pool-57-thread-1] INFO  util.JmxRegister (JmxRegister.java:tryRegister(44)) - Successfully registered JMX Bean with object name Ratis:service=RaftServer,group=group-21C2C432FD88,id=0d4a37ed-4cec-423a-a360-e4a879eb6bc0
2019-09-25 05:31:11,079 [pool-97-thread-1] INFO  impl.RaftServerImpl (RaftServerImpl.java:start(185)) - 5c3318fc-c419-4298-b427-bf5a9ca27bf0@group-21C2C432FD88: start as a follower, conf=-1: [5c3318fc-c419-4298-b427-bf5a9ca27bf0:192.168.36.126:46795, 61946a22-29ed-4e77-8449-fae4cd9869e9:192.168.36.126:36814, 0d4a37ed-4cec-423a-a360-e4a879eb6bc0:192.168.36.126:37817], old=null
2019-09-25 05:31:11,079 [pool-97-thread-1] INFO  impl.RaftServerImpl (RaftServerImpl.java:setRole(174)) - 5c3318fc-c419-4298-b427-bf5a9ca27bf0@group-21C2C432FD88: changes role from      null to FOLLOWER at term 0 for startAsFollower
2019-09-25 05:31:11,080 [pool-97-thread-1] INFO  impl.RoleInfo (RoleInfo.java:updateAndGet(143)) - 5c3318fc-c419-4298-b427-bf5a9ca27bf0: start FollowerState
2019-09-25 05:31:11,080 [pool-97-thread-1] INFO  util.JmxRegister (JmxRegister.java:tryRegister(44)) - Successfully registered JMX Bean with object name Ratis:service=RaftServer,group=group-21C2C432FD88,id=5c3318fc-c419-4298-b427-bf5a9ca27bf0
2019-09-25 05:31:11,081 [pool-47-thread-1] INFO  impl.RaftServerImpl (RaftServerImpl.java:start(185)) - 61946a22-29ed-4e77-8449-fae4cd9869e9@group-21C2C432FD88: start as a follower, conf=-1: [5c3318fc-c419-4298-b427-bf5a9ca27bf0:192.168.36.126:46795, 61946a22-29ed-4e77-8449-fae4cd9869e9:192.168.36.126:36814, 0d4a37ed-4cec-423a-a360-e4a879eb6bc0:192.168.36.126:37817], old=null
2019-09-25 05:31:11,082 [pool-47-thread-1] INFO  impl.RaftServerImpl (RaftServerImpl.java:setRole(174)) - 61946a22-29ed-4e77-8449-fae4cd9869e9@group-21C2C432FD88: changes role from      null to FOLLOWER at term 0 for startAsFollower
2019-09-25 05:31:11,082 [pool-47-thread-1] INFO  impl.RoleInfo (RoleInfo.java:updateAndGet(143)) - 61946a22-29ed-4e77-8449-fae4cd9869e9: start FollowerState
2019-09-25 05:31:11,082 [pool-47-thread-1] INFO  util.JmxRegister (JmxRegister.java:tryRegister(44)) - Successfully registered JMX Bean with object name Ratis:service=RaftServer,group=group-21C2C432FD88,id=61946a22-29ed-4e77-8449-fae4cd9869e9
2019-09-25 05:31:11,083 [pool-107-thread-1] INFO  impl.RaftServerImpl (RaftServerImpl.java:<init>(95)) - e997a993-6131-47bf-96c8-764e04cb5c0e: new RaftServerImpl for group-F04ACB498A1B:[e997a993-6131-47bf-96c8-764e04cb5c0e:192.168.36.126:37678] with ContainerStateMachine:uninitialized
2019-09-25 05:31:11,084 [pool-107-thread-1] INFO  server.RaftServerConfigKeys (ConfUtils.java:logGet(43)) - raft.server.rpc.timeout.min = 1s (custom)
2019-09-25 05:31:11,084 [pool-107-thread-1] INFO  server.RaftServerConfigKeys (ConfUtils.java:logGet(43)) - raft.server.rpc.timeout.max = 1200ms (custom)
2019-09-25 05:31:11,084 [pool-107-thread-1] INFO  server.RaftServerConfigKeys (ConfUtils.java:logGet(43)) - raft.server.rpcslowness.timeout = 120s (custom)
2019-09-25 05:31:11,084 [pool-107-thread-1] INFO  server.RaftServerConfigKeys (ConfUtils.java:logGet(43)) - raft.server.sleep.deviation.threshold = 300 (default)
2019-09-25 05:31:11,084 [pool-107-thread-1] INFO  server.RaftServerConfigKeys (ConfUtils.java:logGet(43)) - raft.server.log.appender.install.snapshot.enabled = false (custom)
2019-09-25 05:31:11,084 [pool-107-thread-1] INFO  impl.RaftServerImpl (ServerState.java:<init>(103)) - e997a993-6131-47bf-96c8-764e04cb5c0e@group-F04ACB498A1B: ConfigurationManager, init=-1: [e997a993-6131-47bf-96c8-764e04cb5c0e:192.168.36.126:37678], old=null, confs=<EMPTY_MAP>
2019-09-25 05:31:11,085 [pool-107-thread-1] INFO  server.RaftServerConfigKeys (ConfUtils.java:logGet(43)) - raft.server.storage.dir = [/workdir/hadoop-ozone/integration-test/target/test-dir/MiniOzoneClusterImpl-cea1adf1-e11b-40bf-86cb-fb3b2d854ef9/datanode-8/data/ratis] (custom)
2019-09-25 05:31:11,085 [pool-107-thread-1] INFO  storage.RaftStorageDirectory (RaftStorageDirectory.java:analyzeStorage(246)) - The storage directory /workdir/hadoop-ozone/integration-test/target/test-dir/MiniOzoneClusterImpl-cea1adf1-e11b-40bf-86cb-fb3b2d854ef9/datanode-8/data/ratis/701643b2-c92a-45e6-b8ef-f04acb498a1b does not exist. Creating ...
2019-09-25 05:31:11,237 [RATISCREATEPIPELINE1] ERROR pipeline.RatisPipelineProvider (RatisPipelineProvider.java:lambda$null$5(235)) - Failed invoke Ratis rpc org.apache.hadoop.hdds.scm.pipeline.RatisPipelineProvider$$Lambda$227/594670972@180db3bf for e997a993-6131-47bf-96c8-764e04cb5c0e
org.apache.ratis.protocol.TimeoutIOException: deadline exceeded after 2999832105ns
	at org.apache.ratis.grpc.GrpcUtil.tryUnwrapException(GrpcUtil.java:82)
	at org.apache.ratis.grpc.GrpcUtil.unwrapException(GrpcUtil.java:75)
	at org.apache.ratis.grpc.client.GrpcClientProtocolClient.blockingCall(GrpcClientProtocolClient.java:178)
	at org.apache.ratis.grpc.client.GrpcClientProtocolClient.groupAdd(GrpcClientProtocolClient.java:147)
	at org.apache.ratis.grpc.client.GrpcClientRpc.sendRequest(GrpcClientRpc.java:94)
	at org.apache.ratis.client.impl.RaftClientImpl.sendRequest(RaftClientImpl.java:278)
	at org.apache.ratis.client.impl.RaftClientImpl.groupAdd(RaftClientImpl.java:205)
	at org.apache.hadoop.hdds.scm.pipeline.RatisPipelineProvider.lambda$initializePipeline$4(RatisPipelineProvider.java:196)
	at org.apache.hadoop.hdds.scm.pipeline.RatisPipelineProvider.lambda$null$5(RatisPipelineProvider.java:231)
	at java.util.stream.ForEachOps$ForEachOp$OfRef.accept(ForEachOps.java:184)
	at java.util.ArrayList$ArrayListSpliterator.forEachRemaining(ArrayList.java:1382)
	at java.util.stream.AbstractPipeline.copyInto(AbstractPipeline.java:482)
	at java.util.stream.ForEachOps$ForEachTask.compute(ForEachOps.java:291)
	at java.util.concurrent.CountedCompleter.exec(CountedCompleter.java:731)
	at java.util.concurrent.ForkJoinTask.doExec(ForkJoinTask.java:289)
	at java.util.concurrent.ForkJoinTask.doInvoke(ForkJoinTask.java:401)
	at java.util.concurrent.ForkJoinTask.invoke(ForkJoinTask.java:734)
	at java.util.stream.ForEachOps$ForEachOp.evaluateParallel(ForEachOps.java:160)
	at java.util.stream.ForEachOps$ForEachOp$OfRef.evaluateParallel(ForEachOps.java:174)
	at java.util.stream.AbstractPipeline.evaluate(AbstractPipeline.java:233)
	at java.util.stream.ReferencePipeline.forEach(ReferencePipeline.java:418)
	at java.util.stream.ReferencePipeline$Head.forEach(ReferencePipeline.java:583)
	at org.apache.hadoop.hdds.scm.pipeline.RatisPipelineProvider.lambda$callRatisRpc$6(RatisPipelineProvider.java:225)
	at java.util.concurrent.ForkJoinTask$AdaptedRunnableAction.exec(ForkJoinTask.java:1386)
	at java.util.concurrent.ForkJoinTask.doExec(ForkJoinTask.java:289)
	at java.util.concurrent.ForkJoinPool$WorkQueue.runTask(ForkJoinPool.java:1056)
	at java.util.concurrent.ForkJoinPool.runWorker(ForkJoinPool.java:1692)
	at java.util.concurrent.ForkJoinWorkerThread.run(ForkJoinWorkerThread.java:157)
Caused by: org.apache.ratis.thirdparty.io.grpc.StatusRuntimeException: DEADLINE_EXCEEDED: deadline exceeded after 2999832105ns
	at org.apache.ratis.thirdparty.io.grpc.stub.ClientCalls.toStatusRuntimeException(ClientCalls.java:233)
	at org.apache.ratis.thirdparty.io.grpc.stub.ClientCalls.getUnchecked(ClientCalls.java:214)
	at org.apache.ratis.thirdparty.io.grpc.stub.ClientCalls.blockingUnaryCall(ClientCalls.java:139)
	at org.apache.ratis.proto.grpc.AdminProtocolServiceGrpc$AdminProtocolServiceBlockingStub.groupManagement(AdminProtocolServiceGrpc.java:274)
	at org.apache.ratis.grpc.client.GrpcClientProtocolClient.lambda$groupAdd$3(GrpcClientProtocolClient.java:149)
	at org.apache.ratis.grpc.client.GrpcClientProtocolClient.blockingCall(GrpcClientProtocolClient.java:176)
	... 25 more
2019-09-25 05:31:11,279 [grpc-default-executor-1] INFO  impl.RaftServerProxy (RaftServerProxy.java:addNew(89)) - 61946a22-29ed-4e77-8449-fae4cd9869e9: addNew group-059250D1A272:[5c3318fc-c419-4298-b427-bf5a9ca27bf0:192.168.36.126:46795, 61946a22-29ed-4e77-8449-fae4cd9869e9:192.168.36.126:36814, 0d4a37ed-4cec-423a-a360-e4a879eb6bc0:192.168.36.126:37817] returns group-059250D1A272:java.util.concurrent.CompletableFuture@1a5ceb8b[Not completed]
2019-09-25 05:31:11,279 [grpc-default-executor-2] INFO  impl.RaftServerProxy (RaftServerProxy.java:addNew(89)) - 5c3318fc-c419-4298-b427-bf5a9ca27bf0: addNew group-059250D1A272:[5c3318fc-c419-4298-b427-bf5a9ca27bf0:192.168.36.126:46795, 61946a22-29ed-4e77-8449-fae4cd9869e9:192.168.36.126:36814, 0d4a37ed-4cec-423a-a360-e4a879eb6bc0:192.168.36.126:37817] returns group-059250D1A272:java.util.concurrent.CompletableFuture@5f8f9c52[Not completed]
2019-09-25 05:31:11,279 [grpc-default-executor-0] INFO  impl.RaftServerProxy (RaftServerProxy.java:addNew(89)) - 0d4a37ed-4cec-423a-a360-e4a879eb6bc0: addNew group-059250D1A272:[5c3318fc-c419-4298-b427-bf5a9ca27bf0:192.168.36.126:46795, 61946a22-29ed-4e77-8449-fae4cd9869e9:192.168.36.126:36814, 0d4a37ed-4cec-423a-a360-e4a879eb6bc0:192.168.36.126:37817] returns group-059250D1A272:java.util.concurrent.CompletableFuture@9ee2f31[Not completed]
2019-09-25 05:31:11,281 [pool-47-thread-1] INFO  impl.RaftServerImpl (RaftServerImpl.java:<init>(95)) - 61946a22-29ed-4e77-8449-fae4cd9869e9: new RaftServerImpl for group-059250D1A272:[5c3318fc-c419-4298-b427-bf5a9ca27bf0:192.168.36.126:46795, 61946a22-29ed-4e77-8449-fae4cd9869e9:192.168.36.126:36814, 0d4a37ed-4cec-423a-a360-e4a879eb6bc0:192.168.36.126:37817] with ContainerStateMachine:uninitialized
2019-09-25 05:31:11,281 [pool-47-thread-1] INFO  server.RaftServerConfigKeys (ConfUtils.java:logGet(43)) - raft.server.rpc.timeout.min = 1s (custom)
2019-09-25 05:31:11,281 [pool-47-thread-1] INFO  server.RaftServerConfigKeys (ConfUtils.java:logGet(43)) - raft.server.rpc.timeout.max = 1200ms (custom)
2019-09-25 05:31:11,281 [pool-47-thread-1] INFO  server.RaftServerConfigKeys (ConfUtils.java:logGet(43)) - raft.server.rpcslowness.timeout = 120s (custom)
2019-09-25 05:31:11,281 [pool-47-thread-1] INFO  server.RaftServerConfigKeys (ConfUtils.java:logGet(43)) - raft.server.sleep.deviation.threshold = 300 (default)
2019-09-25 05:31:11,282 [pool-47-thread-1] INFO  server.RaftServerConfigKeys (ConfUtils.java:logGet(43)) - raft.server.log.appender.install.snapshot.enabled = false (custom)
2019-09-25 05:31:11,282 [pool-47-thread-1] INFO  impl.RaftServerImpl (ServerState.java:<init>(103)) - 61946a22-29ed-4e77-8449-fae4cd9869e9@group-059250D1A272: ConfigurationManager, init=-1: [5c3318fc-c419-4298-b427-bf5a9ca27bf0:192.168.36.126:46795, 61946a22-29ed-4e77-8449-fae4cd9869e9:192.168.36.126:36814, 0d4a37ed-4cec-423a-a360-e4a879eb6bc0:192.168.36.126:37817], old=null, confs=<EMPTY_MAP>
2019-09-25 05:31:11,282 [pool-47-thread-1] INFO  server.RaftServerConfigKeys (ConfUtils.java:logGet(43)) - raft.server.storage.dir = [/workdir/hadoop-ozone/integration-test/target/test-dir/MiniOzoneClusterImpl-cea1adf1-e11b-40bf-86cb-fb3b2d854ef9/datanode-2/data/ratis] (custom)
2019-09-25 05:31:11,282 [pool-47-thread-1] INFO  storage.RaftStorageDirectory (RaftStorageDirectory.java:analyzeStorage(246)) - The storage directory /workdir/hadoop-ozone/integration-test/target/test-dir/MiniOzoneClusterImpl-cea1adf1-e11b-40bf-86cb-fb3b2d854ef9/datanode-2/data/ratis/6ac5cb28-6dfe-401f-8857-059250d1a272 does not exist. Creating ...
2019-09-25 05:31:11,284 [pool-97-thread-1] INFO  impl.RaftServerImpl (RaftServerImpl.java:<init>(95)) - 5c3318fc-c419-4298-b427-bf5a9ca27bf0: new RaftServerImpl for group-059250D1A272:[5c3318fc-c419-4298-b427-bf5a9ca27bf0:192.168.36.126:46795, 61946a22-29ed-4e77-8449-fae4cd9869e9:192.168.36.126:36814, 0d4a37ed-4cec-423a-a360-e4a879eb6bc0:192.168.36.126:37817] with ContainerStateMachine:uninitialized
2019-09-25 05:31:11,284 [pool-97-thread-1] INFO  server.RaftServerConfigKeys (ConfUtils.java:logGet(43)) - raft.server.rpc.timeout.min = 1s (custom)
2019-09-25 05:31:11,284 [pool-97-thread-1] INFO  server.RaftServerConfigKeys (ConfUtils.java:logGet(43)) - raft.server.rpc.timeout.max = 1200ms (custom)
2019-09-25 05:31:11,284 [pool-97-thread-1] INFO  server.RaftServerConfigKeys (ConfUtils.java:logGet(43)) - raft.server.rpcslowness.timeout = 120s (custom)
2019-09-25 05:31:11,284 [pool-57-thread-1] INFO  impl.RaftServerImpl (RaftServerImpl.java:<init>(95)) - 0d4a37ed-4cec-423a-a360-e4a879eb6bc0: new RaftServerImpl for group-059250D1A272:[5c3318fc-c419-4298-b427-bf5a9ca27bf0:192.168.36.126:46795, 61946a22-29ed-4e77-8449-fae4cd9869e9:192.168.36.126:36814, 0d4a37ed-4cec-423a-a360-e4a879eb6bc0:192.168.36.126:37817] with ContainerStateMachine:uninitialized
2019-09-25 05:31:11,285 [pool-97-thread-1] INFO  server.RaftServerConfigKeys (ConfUtils.java:logGet(43)) - raft.server.sleep.deviation.threshold = 300 (default)
2019-09-25 05:31:11,285 [pool-57-thread-1] INFO  server.RaftServerConfigKeys (ConfUtils.java:logGet(43)) - raft.server.rpc.timeout.min = 1s (custom)
2019-09-25 05:31:11,285 [pool-97-thread-1] INFO  server.RaftServerConfigKeys (ConfUtils.java:logGet(43)) - raft.server.log.appender.install.snapshot.enabled = false (custom)
2019-09-25 05:31:11,285 [pool-57-thread-1] INFO  server.RaftServerConfigKeys (ConfUtils.java:logGet(43)) - raft.server.rpc.timeout.max = 1200ms (custom)
2019-09-25 05:31:11,285 [pool-97-thread-1] INFO  impl.RaftServerImpl (ServerState.java:<init>(103)) - 5c3318fc-c419-4298-b427-bf5a9ca27bf0@group-059250D1A272: ConfigurationManager, init=-1: [5c3318fc-c419-4298-b427-bf5a9ca27bf0:192.168.36.126:46795, 61946a22-29ed-4e77-8449-fae4cd9869e9:192.168.36.126:36814, 0d4a37ed-4cec-423a-a360-e4a879eb6bc0:192.168.36.126:37817], old=null, confs=<EMPTY_MAP>
2019-09-25 05:31:11,285 [pool-57-thread-1] INFO  server.RaftServerConfigKeys (ConfUtils.java:logGet(43)) - raft.server.rpcslowness.timeout = 120s (custom)
2019-09-25 05:31:11,286 [pool-57-thread-1] INFO  server.RaftServerConfigKeys (ConfUtils.java:logGet(43)) - raft.server.sleep.deviation.threshold = 300 (default)
2019-09-25 05:31:11,286 [pool-97-thread-1] INFO  server.RaftServerConfigKeys (ConfUtils.java:logGet(43)) - raft.server.storage.dir = [/workdir/hadoop-ozone/integration-test/target/test-dir/MiniOzoneClusterImpl-cea1adf1-e11b-40bf-86cb-fb3b2d854ef9/datanode-7/data/ratis] (custom)
2019-09-25 05:31:11,286 [pool-57-thread-1] INFO  server.RaftServerConfigKeys (ConfUtils.java:logGet(43)) - raft.server.log.appender.install.snapshot.enabled = false (custom)
2019-09-25 05:31:11,286 [pool-57-thread-1] INFO  impl.RaftServerImpl (ServerState.java:<init>(103)) - 0d4a37ed-4cec-423a-a360-e4a879eb6bc0@group-059250D1A272: ConfigurationManager, init=-1: [5c3318fc-c419-4298-b427-bf5a9ca27bf0:192.168.36.126:46795, 61946a22-29ed-4e77-8449-fae4cd9869e9:192.168.36.126:36814, 0d4a37ed-4cec-423a-a360-e4a879eb6bc0:192.168.36.126:37817], old=null, confs=<EMPTY_MAP>
2019-09-25 05:31:11,286 [pool-57-thread-1] INFO  server.RaftServerConfigKeys (ConfUtils.java:logGet(43)) - raft.server.storage.dir = [/workdir/hadoop-ozone/integration-test/target/test-dir/MiniOzoneClusterImpl-cea1adf1-e11b-40bf-86cb-fb3b2d854ef9/datanode-3/data/ratis] (custom)
2019-09-25 05:31:11,286 [pool-97-thread-1] INFO  storage.RaftStorageDirectory (RaftStorageDirectory.java:analyzeStorage(246)) - The storage directory /workdir/hadoop-ozone/integration-test/target/test-dir/MiniOzoneClusterImpl-cea1adf1-e11b-40bf-86cb-fb3b2d854ef9/datanode-7/data/ratis/6ac5cb28-6dfe-401f-8857-059250d1a272 does not exist. Creating ...
2019-09-25 05:31:11,287 [pool-57-thread-1] INFO  storage.RaftStorageDirectory (RaftStorageDirectory.java:analyzeStorage(246)) - The storage directory /workdir/hadoop-ozone/integration-test/target/test-dir/MiniOzoneClusterImpl-cea1adf1-e11b-40bf-86cb-fb3b2d854ef9/datanode-3/data/ratis/6ac5cb28-6dfe-401f-8857-059250d1a272 does not exist. Creating ...
2019-09-25 05:31:12,133 [Thread-308] INFO  impl.FollowerState (FollowerState.java:run(106)) - 0d4a37ed-4cec-423a-a360-e4a879eb6bc0:group-21C2C432FD88 changes to CANDIDATE, lastRpcTime:1056, electionTimeout:1056ms
2019-09-25 05:31:12,134 [Thread-308] INFO  impl.RoleInfo (RoleInfo.java:shutdownFollowerState(121)) - 0d4a37ed-4cec-423a-a360-e4a879eb6bc0: shutdown FollowerState
2019-09-25 05:31:12,134 [Thread-308] INFO  impl.RaftServerImpl (RaftServerImpl.java:setRole(174)) - 0d4a37ed-4cec-423a-a360-e4a879eb6bc0@group-21C2C432FD88: changes role from  FOLLOWER to CANDIDATE at term 0 for changeToCandidate
2019-09-25 05:31:12,135 [Thread-308] INFO  impl.RoleInfo (RoleInfo.java:updateAndGet(143)) - 0d4a37ed-4cec-423a-a360-e4a879eb6bc0: start LeaderElection
2019-09-25 05:31:12,232 [Thread-310] INFO  impl.FollowerState (FollowerState.java:run(106)) - 5c3318fc-c419-4298-b427-bf5a9ca27bf0:group-21C2C432FD88 changes to CANDIDATE, lastRpcTime:1152, electionTimeout:1152ms
2019-09-25 05:31:12,232 [Thread-310] INFO  impl.RoleInfo (RoleInfo.java:shutdownFollowerState(121)) - 5c3318fc-c419-4298-b427-bf5a9ca27bf0: shutdown FollowerState
2019-09-25 05:31:12,232 [Thread-310] INFO  impl.RaftServerImpl (RaftServerImpl.java:setRole(174)) - 5c3318fc-c419-4298-b427-bf5a9ca27bf0@group-21C2C432FD88: changes role from  FOLLOWER to CANDIDATE at term 0 for changeToCandidate
2019-09-25 05:31:12,233 [Thread-310] INFO  impl.RoleInfo (RoleInfo.java:updateAndGet(143)) - 5c3318fc-c419-4298-b427-bf5a9ca27bf0: start LeaderElection
2019-09-25 05:31:12,236 [Thread-312] INFO  impl.FollowerState (FollowerState.java:run(106)) - 61946a22-29ed-4e77-8449-fae4cd9869e9:group-21C2C432FD88 changes to CANDIDATE, lastRpcTime:1154, electionTimeout:1153ms
2019-09-25 05:31:12,239 [Thread-312] INFO  impl.RoleInfo (RoleInfo.java:shutdownFollowerState(121)) - 61946a22-29ed-4e77-8449-fae4cd9869e9: shutdown FollowerState
2019-09-25 05:31:12,239 [Thread-312] INFO  impl.RaftServerImpl (RaftServerImpl.java:setRole(174)) - 61946a22-29ed-4e77-8449-fae4cd9869e9@group-21C2C432FD88: changes role from  FOLLOWER to CANDIDATE at term 0 for changeToCandidate
2019-09-25 05:31:12,239 [Thread-312] INFO  impl.RoleInfo (RoleInfo.java:updateAndGet(143)) - 61946a22-29ed-4e77-8449-fae4cd9869e9: start LeaderElection
2019-09-25 05:31:12,245 [pool-57-thread-1] INFO  storage.RaftStorageDirectory (RaftStorageDirectory.java:tryLock(328)) - Lock on /workdir/hadoop-ozone/integration-test/target/test-dir/MiniOzoneClusterImpl-cea1adf1-e11b-40bf-86cb-fb3b2d854ef9/datanode-3/data/ratis/6ac5cb28-6dfe-401f-8857-059250d1a272/in_use.lock acquired by nodename 16102@pr-hdds-2174-pqx5g-486351168
2019-09-25 05:31:12,245 [0d4a37ed-4cec-423a-a360-e4a879eb6bc0@group-21C2C432FD88:LeaderElection4] INFO  impl.LeaderElection (LeaderElection.java:askForVotes(182)) - 0d4a37ed-4cec-423a-a360-e4a879eb6bc0@group-21C2C432FD88:LeaderElection4: begin an election at term 1 for -1: [5c3318fc-c419-4298-b427-bf5a9ca27bf0:192.168.36.126:46795, 61946a22-29ed-4e77-8449-fae4cd9869e9:192.168.36.126:36814, 0d4a37ed-4cec-423a-a360-e4a879eb6bc0:192.168.36.126:37817], old=null
2019-09-25 05:31:12,245 [pool-97-thread-1] INFO  storage.RaftStorageDirectory (RaftStorageDirectory.java:tryLock(328)) - Lock on /workdir/hadoop-ozone/integration-test/target/test-dir/MiniOzoneClusterImpl-cea1adf1-e11b-40bf-86cb-fb3b2d854ef9/datanode-7/data/ratis/6ac5cb28-6dfe-401f-8857-059250d1a272/in_use.lock acquired by nodename 16102@pr-hdds-2174-pqx5g-486351168
2019-09-25 05:31:12,245 [pool-47-thread-1] INFO  storage.RaftStorageDirectory (RaftStorageDirectory.java:tryLock(328)) - Lock on /workdir/hadoop-ozone/integration-test/target/test-dir/MiniOzoneClusterImpl-cea1adf1-e11b-40bf-86cb-fb3b2d854ef9/datanode-2/data/ratis/6ac5cb28-6dfe-401f-8857-059250d1a272/in_use.lock acquired by nodename 16102@pr-hdds-2174-pqx5g-486351168
2019-09-25 05:31:12,245 [pool-107-thread-1] INFO  storage.RaftStorageDirectory (RaftStorageDirectory.java:tryLock(328)) - Lock on /workdir/hadoop-ozone/integration-test/target/test-dir/MiniOzoneClusterImpl-cea1adf1-e11b-40bf-86cb-fb3b2d854ef9/datanode-8/data/ratis/701643b2-c92a-45e6-b8ef-f04acb498a1b/in_use.lock acquired by nodename 16102@pr-hdds-2174-pqx5g-486351168
2019-09-25 05:31:12,246 [5c3318fc-c419-4298-b427-bf5a9ca27bf0@group-21C2C432FD88:LeaderElection5] INFO  impl.LeaderElection (LeaderElection.java:askForVotes(182)) - 5c3318fc-c419-4298-b427-bf5a9ca27bf0@group-21C2C432FD88:LeaderElection5: begin an election at term 1 for -1: [5c3318fc-c419-4298-b427-bf5a9ca27bf0:192.168.36.126:46795, 61946a22-29ed-4e77-8449-fae4cd9869e9:192.168.36.126:36814, 0d4a37ed-4cec-423a-a360-e4a879eb6bc0:192.168.36.126:37817], old=null
2019-09-25 05:31:12,259 [pool-107-thread-1] INFO  storage.RaftStorage (RaftStorage.java:format(72)) - Storage directory /workdir/hadoop-ozone/integration-test/target/test-dir/MiniOzoneClusterImpl-cea1adf1-e11b-40bf-86cb-fb3b2d854ef9/datanode-8/data/ratis/701643b2-c92a-45e6-b8ef-f04acb498a1b has been successfully formatted.
2019-09-25 05:31:12,259 [pool-47-thread-1] INFO  storage.RaftStorage (RaftStorage.java:format(72)) - Storage directory /workdir/hadoop-ozone/integration-test/target/test-dir/MiniOzoneClusterImpl-cea1adf1-e11b-40bf-86cb-fb3b2d854ef9/datanode-2/data/ratis/6ac5cb28-6dfe-401f-8857-059250d1a272 has been successfully formatted.
2019-09-25 05:31:12,259 [pool-107-thread-1] INFO  ratis.ContainerStateMachine (ContainerStateMachine.java:loadSnapshot(230)) - group-F04ACB498A1B: The snapshot info is null. Setting the last applied indexto:(t:0, i:~)
2019-09-25 05:31:12,259 [pool-57-thread-1] INFO  storage.RaftStorage (RaftStorage.java:format(72)) - Storage directory /workdir/hadoop-ozone/integration-test/target/test-dir/MiniOzoneClusterImpl-cea1adf1-e11b-40bf-86cb-fb3b2d854ef9/datanode-3/data/ratis/6ac5cb28-6dfe-401f-8857-059250d1a272 has been successfully formatted.
2019-09-25 05:31:12,259 [61946a22-29ed-4e77-8449-fae4cd9869e9@group-21C2C432FD88:LeaderElection6] INFO  impl.LeaderElection (LeaderElection.java:askForVotes(182)) - 61946a22-29ed-4e77-8449-fae4cd9869e9@group-21C2C432FD88:LeaderElection6: begin an election at term 1 for -1: [5c3318fc-c419-4298-b427-bf5a9ca27bf0:192.168.36.126:46795, 61946a22-29ed-4e77-8449-fae4cd9869e9:192.168.36.126:36814, 0d4a37ed-4cec-423a-a360-e4a879eb6bc0:192.168.36.126:37817], old=null
2019-09-25 05:31:12,259 [pool-97-thread-1] INFO  storage.RaftStorage (RaftStorage.java:format(72)) - Storage directory /workdir/hadoop-ozone/integration-test/target/test-dir/MiniOzoneClusterImpl-cea1adf1-e11b-40bf-86cb-fb3b2d854ef9/datanode-7/data/ratis/6ac5cb28-6dfe-401f-8857-059250d1a272 has been successfully formatted.
2019-09-25 05:31:12,263 [pool-57-thread-1] INFO  ratis.ContainerStateMachine (ContainerStateMachine.java:loadSnapshot(230)) - group-059250D1A272: The snapshot info is null. Setting the last applied indexto:(t:0, i:~)
2019-09-25 05:31:12,263 [pool-107-thread-1] INFO  server.RaftServerConfigKeys (ConfUtils.java:logGet(43)) - raft.server.notification.no-leader.timeout = 120s (custom)
2019-09-25 05:31:12,263 [pool-47-thread-1] INFO  ratis.ContainerStateMachine (ContainerStateMachine.java:loadSnapshot(230)) - group-059250D1A272: The snapshot info is null. Setting the last applied indexto:(t:0, i:~)
2019-09-25 05:31:12,263 [pool-107-thread-1] INFO  server.RaftServerConfigKeys (ConfUtils.java:logGet(43)) - raft.server.log.use.memory = false (default)
2019-09-25 05:31:12,263 [pool-57-thread-1] INFO  server.RaftServerConfigKeys (ConfUtils.java:logGet(43)) - raft.server.notification.no-leader.timeout = 120s (custom)
2019-09-25 05:31:12,263 [pool-97-thread-1] INFO  ratis.ContainerStateMachine (ContainerStateMachine.java:loadSnapshot(230)) - group-059250D1A272: The snapshot info is null. Setting the last applied indexto:(t:0, i:~)
2019-09-25 05:31:12,264 [pool-57-thread-1] INFO  server.RaftServerConfigKeys (ConfUtils.java:logGet(43)) - raft.server.log.use.memory = false (default)
2019-09-25 05:31:12,264 [pool-107-thread-1] INFO  server.RaftServerConfigKeys (ConfUtils.java:logGet(43)) - raft.server.log.purge.gap = 1000000 (custom)
2019-09-25 05:31:12,264 [pool-47-thread-1] INFO  server.RaftServerConfigKeys (ConfUtils.java:logGet(43)) - raft.server.notification.no-leader.timeout = 120s (custom)
2019-09-25 05:31:12,270 [pool-107-thread-1] INFO  server.RaftServerConfigKeys (ConfUtils.java:logGet(43)) - raft.server.log.appender.buffer.byte-limit = 33554432 (custom)
2019-09-25 05:31:12,270 [pool-57-thread-1] INFO  server.RaftServerConfigKeys (ConfUtils.java:logGet(43)) - raft.server.log.purge.gap = 1000000 (custom)
2019-09-25 05:31:12,267 [pool-97-thread-1] INFO  server.RaftServerConfigKeys (ConfUtils.java:logGet(43)) - raft.server.notification.no-leader.timeout = 120s (custom)
2019-09-25 05:31:12,274 [pool-57-thread-1] INFO  server.RaftServerConfigKeys (ConfUtils.java:logGet(43)) - raft.server.log.appender.buffer.byte-limit = 33554432 (custom)
2019-09-25 05:31:12,273 [pool-107-thread-1] INFO  server.RaftServerConfigKeys (ConfUtils.java:logGet(43)) - raft.server.log.segment.size.max = 1048576 (custom)
2019-09-25 05:31:12,270 [pool-47-thread-1] INFO  server.RaftServerConfigKeys (ConfUtils.java:logGet(43)) - raft.server.log.use.memory = false (default)
2019-09-25 05:31:12,274 [pool-107-thread-1] INFO  server.RaftServerConfigKeys (ConfUtils.java:logGet(43)) - raft.server.log.segment.cache.num.max = 2 (custom)
2019-09-25 05:31:12,274 [pool-57-thread-1] INFO  server.RaftServerConfigKeys (ConfUtils.java:logGet(43)) - raft.server.log.segment.size.max = 1048576 (custom)
2019-09-25 05:31:12,274 [pool-97-thread-1] INFO  server.RaftServerConfigKeys (ConfUtils.java:logGet(43)) - raft.server.log.use.memory = false (default)
2019-09-25 05:31:12,275 [pool-57-thread-1] INFO  server.RaftServerConfigKeys (ConfUtils.java:logGet(43)) - raft.server.log.segment.cache.num.max = 2 (custom)
2019-09-25 05:31:12,275 [pool-107-thread-1] INFO  segmented.SegmentedRaftLogWorker (SegmentedRaftLogWorker.java:<init>(172)) - new e997a993-6131-47bf-96c8-764e04cb5c0e@group-F04ACB498A1B-SegmentedRaftLogWorker for RaftStorage:Storage Directory /workdir/hadoop-ozone/integration-test/target/test-dir/MiniOzoneClusterImpl-cea1adf1-e11b-40bf-86cb-fb3b2d854ef9/datanode-8/data/ratis/701643b2-c92a-45e6-b8ef-f04acb498a1b
2019-09-25 05:31:12,274 [pool-47-thread-1] INFO  server.RaftServerConfigKeys (ConfUtils.java:logGet(43)) - raft.server.log.purge.gap = 1000000 (custom)
2019-09-25 05:31:12,281 [pool-107-thread-1] INFO  server.RaftServerConfigKeys (ConfUtils.java:logGet(43)) - raft.server.log.queue.byte-limit = 2147483647 (custom)
2019-09-25 05:31:12,278 [pool-57-thread-1] INFO  segmented.SegmentedRaftLogWorker (SegmentedRaftLogWorker.java:<init>(172)) - new 0d4a37ed-4cec-423a-a360-e4a879eb6bc0@group-059250D1A272-SegmentedRaftLogWorker for RaftStorage:Storage Directory /workdir/hadoop-ozone/integration-test/target/test-dir/MiniOzoneClusterImpl-cea1adf1-e11b-40bf-86cb-fb3b2d854ef9/datanode-3/data/ratis/6ac5cb28-6dfe-401f-8857-059250d1a272
2019-09-25 05:31:12,278 [pool-97-thread-1] INFO  server.RaftServerConfigKeys (ConfUtils.java:logGet(43)) - raft.server.log.purge.gap = 1000000 (custom)
2019-09-25 05:31:12,281 [pool-57-thread-1] INFO  server.RaftServerConfigKeys (ConfUtils.java:logGet(43)) - raft.server.log.queue.byte-limit = 2147483647 (custom)
2019-09-25 05:31:12,281 [pool-107-thread-1] INFO  server.RaftServerConfigKeys (ConfUtils.java:logGet(43)) - raft.server.log.queue.element-limit = 1024 (custom)
2019-09-25 05:31:12,281 [pool-47-thread-1] INFO  server.RaftServerConfigKeys (ConfUtils.java:logGet(43)) - raft.server.log.appender.buffer.byte-limit = 33554432 (custom)
2019-09-25 05:31:12,282 [pool-107-thread-1] INFO  server.RaftServerConfigKeys (ConfUtils.java:logGet(43)) - raft.server.log.segment.size.max = 1048576 (custom)
2019-09-25 05:31:12,282 [pool-57-thread-1] INFO  server.RaftServerConfigKeys (ConfUtils.java:logGet(43)) - raft.server.log.queue.element-limit = 1024 (custom)
2019-09-25 05:31:12,282 [pool-97-thread-1] INFO  server.RaftServerConfigKeys (ConfUtils.java:logGet(43)) - raft.server.log.appender.buffer.byte-limit = 33554432 (custom)
2019-09-25 05:31:12,283 [pool-57-thread-1] INFO  server.RaftServerConfigKeys (ConfUtils.java:logGet(43)) - raft.server.log.segment.size.max = 1048576 (custom)
2019-09-25 05:31:12,282 [pool-107-thread-1] INFO  server.RaftServerConfigKeys (ConfUtils.java:logGet(43)) - raft.server.log.preallocated.size = 16384 (custom)
2019-09-25 05:31:12,282 [pool-47-thread-1] INFO  server.RaftServerConfigKeys (ConfUtils.java:logGet(43)) - raft.server.log.segment.size.max = 1048576 (custom)
2019-09-25 05:31:12,286 [pool-107-thread-1] INFO  server.RaftServerConfigKeys (ConfUtils.java:logGet(43)) - raft.server.log.write.buffer.size = 33554432 (custom)
2019-09-25 05:31:12,285 [pool-57-thread-1] INFO  server.RaftServerConfigKeys (ConfUtils.java:logGet(43)) - raft.server.log.preallocated.size = 16384 (custom)
2019-09-25 05:31:12,283 [pool-97-thread-1] INFO  server.RaftServerConfigKeys (ConfUtils.java:logGet(43)) - raft.server.log.segment.size.max = 1048576 (custom)
2019-09-25 05:31:12,289 [pool-57-thread-1] INFO  server.RaftServerConfigKeys (ConfUtils.java:logGet(43)) - raft.server.log.write.buffer.size = 33554432 (custom)
2019-09-25 05:31:12,288 [pool-107-thread-1] INFO  server.RaftServerConfigKeys (ConfUtils.java:logGet(43)) - raft.server.log.force.sync.num = 128 (default)
2019-09-25 05:31:12,286 [pool-47-thread-1] INFO  server.RaftServerConfigKeys (ConfUtils.java:logGet(43)) - raft.server.log.segment.cache.num.max = 2 (custom)
2019-09-25 05:31:12,291 [pool-107-thread-1] INFO  server.RaftServerConfigKeys (ConfUtils.java:logGet(43)) - raft.server.log.statemachine.data.sync = true (default)
2019-09-25 05:31:12,289 [pool-57-thread-1] INFO  server.RaftServerConfigKeys (ConfUtils.java:logGet(43)) - raft.server.log.force.sync.num = 128 (default)
2019-09-25 05:31:12,289 [pool-97-thread-1] INFO  server.RaftServerConfigKeys (ConfUtils.java:logGet(43)) - raft.server.log.segment.cache.num.max = 2 (custom)
2019-09-25 05:31:12,294 [pool-57-thread-1] INFO  server.RaftServerConfigKeys (ConfUtils.java:logGet(43)) - raft.server.log.statemachine.data.sync = true (default)
2019-09-25 05:31:12,294 [pool-107-thread-1] INFO  server.RaftServerConfigKeys (ConfUtils.java:logGet(43)) - raft.server.log.statemachine.data.sync.timeout = 10s (default)
2019-09-25 05:31:12,292 [pool-47-thread-1] INFO  segmented.SegmentedRaftLogWorker (SegmentedRaftLogWorker.java:<init>(172)) - new 61946a22-29ed-4e77-8449-fae4cd9869e9@group-059250D1A272-SegmentedRaftLogWorker for RaftStorage:Storage Directory /workdir/hadoop-ozone/integration-test/target/test-dir/MiniOzoneClusterImpl-cea1adf1-e11b-40bf-86cb-fb3b2d854ef9/datanode-2/data/ratis/6ac5cb28-6dfe-401f-8857-059250d1a272
2019-09-25 05:31:12,295 [pool-107-thread-1] INFO  server.RaftServerConfigKeys (ConfUtils.java:logGet(43)) - raft.server.log.statemachine.data.sync.timeout.retry = -1 (default)
2019-09-25 05:31:12,295 [pool-57-thread-1] INFO  server.RaftServerConfigKeys (ConfUtils.java:logGet(43)) - raft.server.log.statemachine.data.sync.timeout = 10s (default)
2019-09-25 05:31:12,294 [pool-97-thread-1] INFO  segmented.SegmentedRaftLogWorker (SegmentedRaftLogWorker.java:<init>(172)) - new 5c3318fc-c419-4298-b427-bf5a9ca27bf0@group-059250D1A272-SegmentedRaftLogWorker for RaftStorage:Storage Directory /workdir/hadoop-ozone/integration-test/target/test-dir/MiniOzoneClusterImpl-cea1adf1-e11b-40bf-86cb-fb3b2d854ef9/datanode-7/data/ratis/6ac5cb28-6dfe-401f-8857-059250d1a272
2019-09-25 05:31:12,295 [pool-57-thread-1] INFO  server.RaftServerConfigKeys (ConfUtils.java:logGet(43)) - raft.server.log.statemachine.data.sync.timeout.retry = -1 (default)
2019-09-25 05:31:12,295 [pool-107-thread-1] INFO  server.RaftServerConfigKeys (ConfUtils.java:logGet(43)) - raft.server.log.statemachine.data.caching.enabled = true (custom)
2019-09-25 05:31:12,295 [pool-47-thread-1] INFO  server.RaftServerConfigKeys (ConfUtils.java:logGet(43)) - raft.server.log.queue.byte-limit = 2147483647 (custom)
2019-09-25 05:31:12,298 [pool-57-thread-1] INFO  server.RaftServerConfigKeys (ConfUtils.java:logGet(43)) - raft.server.log.statemachine.data.caching.enabled = true (custom)
2019-09-25 05:31:12,298 [pool-97-thread-1] INFO  server.RaftServerConfigKeys (ConfUtils.java:logGet(43)) - raft.server.log.queue.byte-limit = 2147483647 (custom)
2019-09-25 05:31:12,299 [pool-107-thread-1] INFO  segmented.SegmentedRaftLogWorker (SegmentedRaftLogWorker.java:lambda$new$0(132)) - e997a993-6131-47bf-96c8-764e04cb5c0e@group-F04ACB498A1B-SegmentedRaftLogWorker: flushIndex: setUnconditionally 0 -> -1
2019-09-25 05:31:12,299 [pool-47-thread-1] INFO  server.RaftServerConfigKeys (ConfUtils.java:logGet(43)) - raft.server.log.queue.element-limit = 1024 (custom)
2019-09-25 05:31:12,299 [pool-97-thread-1] INFO  server.RaftServerConfigKeys (ConfUtils.java:logGet(43)) - raft.server.log.queue.element-limit = 1024 (custom)
2019-09-25 05:31:12,299 [pool-57-thread-1] INFO  segmented.SegmentedRaftLogWorker (SegmentedRaftLogWorker.java:lambda$new$0(132)) - 0d4a37ed-4cec-423a-a360-e4a879eb6bc0@group-059250D1A272-SegmentedRaftLogWorker: flushIndex: setUnconditionally 0 -> -1
2019-09-25 05:31:12,300 [pool-97-thread-1] INFO  server.RaftServerConfigKeys (ConfUtils.java:logGet(43)) - raft.server.log.segment.size.max = 1048576 (custom)
2019-09-25 05:31:12,299 [pool-47-thread-1] INFO  server.RaftServerConfigKeys (ConfUtils.java:logGet(43)) - raft.server.log.segment.size.max = 1048576 (custom)
2019-09-25 05:31:12,299 [pool-107-thread-1] INFO  server.RaftServerConfigKeys (ConfUtils.java:logGet(43)) - raft.server.snapshot.auto.trigger.enabled = true (custom)
2019-09-25 05:31:12,303 [pool-47-thread-1] INFO  server.RaftServerConfigKeys (ConfUtils.java:logGet(43)) - raft.server.log.preallocated.size = 16384 (custom)
2019-09-25 05:31:12,300 [pool-57-thread-1] INFO  server.RaftServerConfigKeys (ConfUtils.java:logGet(43)) - raft.server.snapshot.auto.trigger.enabled = true (custom)
2019-09-25 05:31:12,300 [pool-97-thread-1] INFO  server.RaftServerConfigKeys (ConfUtils.java:logGet(43)) - raft.server.log.preallocated.size = 16384 (custom)
2019-09-25 05:31:12,305 [pool-57-thread-1] INFO  server.RaftServerConfigKeys (ConfUtils.java:logGet(43)) - raft.server.snapshot.auto.trigger.threshold = 10000 (custom)
2019-09-25 05:31:12,305 [pool-47-thread-1] INFO  server.RaftServerConfigKeys (ConfUtils.java:logGet(43)) - raft.server.log.write.buffer.size = 33554432 (custom)
2019-09-25 05:31:12,303 [pool-107-thread-1] INFO  server.RaftServerConfigKeys (ConfUtils.java:logGet(43)) - raft.server.snapshot.auto.trigger.threshold = 10000 (custom)
2019-09-25 05:31:12,306 [pool-57-thread-1] INFO  server.RaftServerConfigKeys (ConfUtils.java:logGet(43)) - raft.server.snapshot.retention.num.files = 5 (custom)
2019-09-25 05:31:12,305 [pool-97-thread-1] INFO  server.RaftServerConfigKeys (ConfUtils.java:logGet(43)) - raft.server.log.write.buffer.size = 33554432 (custom)
2019-09-25 05:31:12,317 [pool-57-thread-1] INFO  server.RaftServerConfigKeys (ConfUtils.java:logGet(43)) - raft.server.retrycache.expirytime = 600000ms (custom)
2019-09-25 05:31:12,317 [pool-97-thread-1] INFO  server.RaftServerConfigKeys (ConfUtils.java:logGet(43)) - raft.server.log.force.sync.num = 128 (default)
2019-09-25 05:31:12,313 [pool-107-thread-1] INFO  server.RaftServerConfigKeys (ConfUtils.java:logGet(43)) - raft.server.snapshot.retention.num.files = 5 (custom)
2019-09-25 05:31:12,310 [pool-47-thread-1] INFO  server.RaftServerConfigKeys (ConfUtils.java:logGet(43)) - raft.server.log.force.sync.num = 128 (default)
2019-09-25 05:31:12,328 [pool-107-thread-1] INFO  server.RaftServerConfigKeys (ConfUtils.java:logGet(43)) - raft.server.retrycache.expirytime = 600000ms (custom)
2019-09-25 05:31:12,325 [pool-97-thread-1] INFO  server.RaftServerConfigKeys (ConfUtils.java:logGet(43)) - raft.server.log.statemachine.data.sync = true (default)
2019-09-25 05:31:12,328 [pool-47-thread-1] INFO  server.RaftServerConfigKeys (ConfUtils.java:logGet(43)) - raft.server.log.statemachine.data.sync = true (default)
2019-09-25 05:31:12,334 [pool-97-thread-1] INFO  server.RaftServerConfigKeys (ConfUtils.java:logGet(43)) - raft.server.log.statemachine.data.sync.timeout = 10s (default)
2019-09-25 05:31:12,334 [pool-47-thread-1] INFO  server.RaftServerConfigKeys (ConfUtils.java:logGet(43)) - raft.server.log.statemachine.data.sync.timeout = 10s (default)
2019-09-25 05:31:12,334 [pool-97-thread-1] INFO  server.RaftServerConfigKeys (ConfUtils.java:logGet(43)) - raft.server.log.statemachine.data.sync.timeout.retry = -1 (default)
2019-09-25 05:31:12,339 [pool-47-thread-1] INFO  server.RaftServerConfigKeys (ConfUtils.java:logGet(43)) - raft.server.log.statemachine.data.sync.timeout.retry = -1 (default)
2019-09-25 05:31:12,341 [pool-97-thread-1] INFO  server.RaftServerConfigKeys (ConfUtils.java:logGet(43)) - raft.server.log.statemachine.data.caching.enabled = true (custom)
2019-09-25 05:31:12,342 [pool-47-thread-1] INFO  server.RaftServerConfigKeys (ConfUtils.java:logGet(43)) - raft.server.log.statemachine.data.caching.enabled = true (custom)
2019-09-25 05:31:12,342 [pool-97-thread-1] INFO  segmented.SegmentedRaftLogWorker (SegmentedRaftLogWorker.java:lambda$new$0(132)) - 5c3318fc-c419-4298-b427-bf5a9ca27bf0@group-059250D1A272-SegmentedRaftLogWorker: flushIndex: setUnconditionally 0 -> -1
2019-09-25 05:31:12,344 [pool-97-thread-1] INFO  server.RaftServerConfigKeys (ConfUtils.java:logGet(43)) - raft.server.snapshot.auto.trigger.enabled = true (custom)
2019-09-25 05:31:12,344 [pool-97-thread-1] INFO  server.RaftServerConfigKeys (ConfUtils.java:logGet(43)) - raft.server.snapshot.auto.trigger.threshold = 10000 (custom)
2019-09-25 05:31:12,344 [5c3318fc-c419-4298-b427-bf5a9ca27bf0@group-21C2C432FD88:LeaderElection5] INFO  impl.LeaderElection (LeaderElection.java:logAndReturn(56)) - 5c3318fc-c419-4298-b427-bf5a9ca27bf0@group-21C2C432FD88:LeaderElection5: Election REJECTED; received 2 response(s) [5c3318fc-c419-4298-b427-bf5a9ca27bf0<-61946a22-29ed-4e77-8449-fae4cd9869e9#0:FAIL-t1, 5c3318fc-c419-4298-b427-bf5a9ca27bf0<-0d4a37ed-4cec-423a-a360-e4a879eb6bc0#0:FAIL-t1] and 0 exception(s); 5c3318fc-c419-4298-b427-bf5a9ca27bf0@group-21C2C432FD88:t1, leader=null, voted=5c3318fc-c419-4298-b427-bf5a9ca27bf0, raftlog=5c3318fc-c419-4298-b427-bf5a9ca27bf0@group-21C2C432FD88-SegmentedRaftLog:OPENED:c-1,f-1,i0, conf=-1: [5c3318fc-c419-4298-b427-bf5a9ca27bf0:192.168.36.126:46795, 61946a22-29ed-4e77-8449-fae4cd9869e9:192.168.36.126:36814, 0d4a37ed-4cec-423a-a360-e4a879eb6bc0:192.168.36.126:37817], old=null
2019-09-25 05:31:12,344 [0d4a37ed-4cec-423a-a360-e4a879eb6bc0@group-21C2C432FD88:LeaderElection4] INFO  impl.LeaderElection (LeaderElection.java:logAndReturn(56)) - 0d4a37ed-4cec-423a-a360-e4a879eb6bc0@group-21C2C432FD88:LeaderElection4: Election REJECTED; received 2 response(s) [0d4a37ed-4cec-423a-a360-e4a879eb6bc0<-5c3318fc-c419-4298-b427-bf5a9ca27bf0#0:FAIL-t1, 0d4a37ed-4cec-423a-a360-e4a879eb6bc0<-61946a22-29ed-4e77-8449-fae4cd9869e9#0:FAIL-t1] and 0 exception(s); 0d4a37ed-4cec-423a-a360-e4a879eb6bc0@group-21C2C432FD88:t1, leader=null, voted=0d4a37ed-4cec-423a-a360-e4a879eb6bc0, raftlog=0d4a37ed-4cec-423a-a360-e4a879eb6bc0@group-21C2C432FD88-SegmentedRaftLog:OPENED:c-1,f-1,i0, conf=-1: [5c3318fc-c419-4298-b427-bf5a9ca27bf0:192.168.36.126:46795, 61946a22-29ed-4e77-8449-fae4cd9869e9:192.168.36.126:36814, 0d4a37ed-4cec-423a-a360-e4a879eb6bc0:192.168.36.126:37817], old=null
2019-09-25 05:31:12,345 [61946a22-29ed-4e77-8449-fae4cd9869e9@group-21C2C432FD88:LeaderElection6] INFO  impl.LeaderElection (LeaderElection.java:logAndReturn(56)) - 61946a22-29ed-4e77-8449-fae4cd9869e9@group-21C2C432FD88:LeaderElection6: Election REJECTED; received 2 response(s) [61946a22-29ed-4e77-8449-fae4cd9869e9<-5c3318fc-c419-4298-b427-bf5a9ca27bf0#0:FAIL-t1, 61946a22-29ed-4e77-8449-fae4cd9869e9<-0d4a37ed-4cec-423a-a360-e4a879eb6bc0#0:FAIL-t1] and 0 exception(s); 61946a22-29ed-4e77-8449-fae4cd9869e9@group-21C2C432FD88:t1, leader=null, voted=61946a22-29ed-4e77-8449-fae4cd9869e9, raftlog=61946a22-29ed-4e77-8449-fae4cd9869e9@group-21C2C432FD88-SegmentedRaftLog:OPENED:c-1,f-1,i0, conf=-1: [5c3318fc-c419-4298-b427-bf5a9ca27bf0:192.168.36.126:46795, 61946a22-29ed-4e77-8449-fae4cd9869e9:192.168.36.126:36814, 0d4a37ed-4cec-423a-a360-e4a879eb6bc0:192.168.36.126:37817], old=null
2019-09-25 05:31:12,344 [pool-97-thread-1] INFO  server.RaftServerConfigKeys (ConfUtils.java:logGet(43)) - raft.server.snapshot.retention.num.files = 5 (custom)
2019-09-25 05:31:12,344 [pool-47-thread-1] INFO  segmented.SegmentedRaftLogWorker (SegmentedRaftLogWorker.java:lambda$new$0(132)) - 61946a22-29ed-4e77-8449-fae4cd9869e9@group-059250D1A272-SegmentedRaftLogWorker: flushIndex: setUnconditionally 0 -> -1
2019-09-25 05:31:12,358 [5c3318fc-c419-4298-b427-bf5a9ca27bf0@group-21C2C432FD88:LeaderElection5] INFO  impl.RaftServerImpl (RaftServerImpl.java:setRole(174)) - 5c3318fc-c419-4298-b427-bf5a9ca27bf0@group-21C2C432FD88: changes role from CANDIDATE to FOLLOWER at term 1 for DISCOVERED_A_NEW_TERM
2019-09-25 05:31:12,360 [0d4a37ed-4cec-423a-a360-e4a879eb6bc0@group-21C2C432FD88:LeaderElection4] INFO  impl.RaftServerImpl (RaftServerImpl.java:setRole(174)) - 0d4a37ed-4cec-423a-a360-e4a879eb6bc0@group-21C2C432FD88: changes role from CANDIDATE to FOLLOWER at term 1 for DISCOVERED_A_NEW_TERM
2019-09-25 05:31:12,360 [61946a22-29ed-4e77-8449-fae4cd9869e9@group-21C2C432FD88:LeaderElection6] INFO  impl.RaftServerImpl (RaftServerImpl.java:setRole(174)) - 61946a22-29ed-4e77-8449-fae4cd9869e9@group-21C2C432FD88: changes role from CANDIDATE to FOLLOWER at term 1 for DISCOVERED_A_NEW_TERM
2019-09-25 05:31:12,360 [pool-97-thread-1] INFO  server.RaftServerConfigKeys (ConfUtils.java:logGet(43)) - raft.server.retrycache.expirytime = 600000ms (custom)
2019-09-25 05:31:12,362 [pool-47-thread-1] INFO  server.RaftServerConfigKeys (ConfUtils.java:logGet(43)) - raft.server.snapshot.auto.trigger.enabled = true (custom)
2019-09-25 05:31:12,360 [0d4a37ed-4cec-423a-a360-e4a879eb6bc0@group-21C2C432FD88:LeaderElection4] INFO  impl.RoleInfo (RoleInfo.java:shutdownLeaderElection(134)) - 0d4a37ed-4cec-423a-a360-e4a879eb6bc0: shutdown LeaderElection
2019-09-25 05:31:12,360 [5c3318fc-c419-4298-b427-bf5a9ca27bf0@group-21C2C432FD88:LeaderElection5] INFO  impl.RoleInfo (RoleInfo.java:shutdownLeaderElection(134)) - 5c3318fc-c419-4298-b427-bf5a9ca27bf0: shutdown LeaderElection
2019-09-25 05:31:12,363 [0d4a37ed-4cec-423a-a360-e4a879eb6bc0@group-21C2C432FD88:LeaderElection4] INFO  impl.RoleInfo (RoleInfo.java:updateAndGet(143)) - 0d4a37ed-4cec-423a-a360-e4a879eb6bc0: start FollowerState
2019-09-25 05:31:12,362 [pool-47-thread-1] INFO  server.RaftServerConfigKeys (ConfUtils.java:logGet(43)) - raft.server.snapshot.auto.trigger.threshold = 10000 (custom)
2019-09-25 05:31:12,360 [61946a22-29ed-4e77-8449-fae4cd9869e9@group-21C2C432FD88:LeaderElection6] INFO  impl.RoleInfo (RoleInfo.java:shutdownLeaderElection(134)) - 61946a22-29ed-4e77-8449-fae4cd9869e9: shutdown LeaderElection
2019-09-25 05:31:12,363 [pool-47-thread-1] INFO  server.RaftServerConfigKeys (ConfUtils.java:logGet(43)) - raft.server.snapshot.retention.num.files = 5 (custom)
2019-09-25 05:31:12,363 [5c3318fc-c419-4298-b427-bf5a9ca27bf0@group-21C2C432FD88:LeaderElection5] INFO  impl.RoleInfo (RoleInfo.java:updateAndGet(143)) - 5c3318fc-c419-4298-b427-bf5a9ca27bf0: start FollowerState
2019-09-25 05:31:12,365 [pool-47-thread-1] INFO  server.RaftServerConfigKeys (ConfUtils.java:logGet(43)) - raft.server.retrycache.expirytime = 600000ms (custom)
2019-09-25 05:31:12,365 [pool-107-thread-1] INFO  impl.RaftServerImpl (RaftServerImpl.java:start(185)) - e997a993-6131-47bf-96c8-764e04cb5c0e@group-F72A5BA07E82: start as a follower, conf=-1: [e997a993-6131-47bf-96c8-764e04cb5c0e:192.168.36.126:37678], old=null
2019-09-25 05:31:12,368 [pool-107-thread-1] INFO  impl.RaftServerImpl (RaftServerImpl.java:setRole(174)) - e997a993-6131-47bf-96c8-764e04cb5c0e@group-F72A5BA07E82: changes role from      null to FOLLOWER at term 0 for startAsFollower
2019-09-25 05:31:12,365 [61946a22-29ed-4e77-8449-fae4cd9869e9@group-21C2C432FD88:LeaderElection6] INFO  impl.RoleInfo (RoleInfo.java:updateAndGet(143)) - 61946a22-29ed-4e77-8449-fae4cd9869e9: start FollowerState
2019-09-25 05:31:12,368 [pool-107-thread-1] INFO  impl.RoleInfo (RoleInfo.java:updateAndGet(143)) - e997a993-6131-47bf-96c8-764e04cb5c0e: start FollowerState
2019-09-25 05:31:12,366 [pool-57-thread-1] INFO  impl.RaftServerImpl (RaftServerImpl.java:start(185)) - 0d4a37ed-4cec-423a-a360-e4a879eb6bc0@group-059250D1A272: start as a follower, conf=-1: [5c3318fc-c419-4298-b427-bf5a9ca27bf0:192.168.36.126:46795, 61946a22-29ed-4e77-8449-fae4cd9869e9:192.168.36.126:36814, 0d4a37ed-4cec-423a-a360-e4a879eb6bc0:192.168.36.126:37817], old=null
2019-09-25 05:31:12,370 [pool-57-thread-1] INFO  impl.RaftServerImpl (RaftServerImpl.java:setRole(174)) - 0d4a37ed-4cec-423a-a360-e4a879eb6bc0@group-059250D1A272: changes role from      null to FOLLOWER at term 0 for startAsFollower
2019-09-25 05:31:12,370 [pool-107-thread-1] INFO  util.JmxRegister (JmxRegister.java:tryRegister(44)) - Successfully registered JMX Bean with object name Ratis:service=RaftServer,group=group-F72A5BA07E82,id=e997a993-6131-47bf-96c8-764e04cb5c0e
2019-09-25 05:31:12,370 [pool-57-thread-1] INFO  impl.RoleInfo (RoleInfo.java:updateAndGet(143)) - 0d4a37ed-4cec-423a-a360-e4a879eb6bc0: start FollowerState
2019-09-25 05:31:12,371 [pool-57-thread-1] INFO  util.JmxRegister (JmxRegister.java:tryRegister(44)) - Successfully registered JMX Bean with object name Ratis:service=RaftServer,group=group-059250D1A272,id=0d4a37ed-4cec-423a-a360-e4a879eb6bc0
2019-09-25 05:31:12,371 [pool-107-thread-1] INFO  impl.RaftServerImpl (RaftServerImpl.java:start(185)) - e997a993-6131-47bf-96c8-764e04cb5c0e@group-F04ACB498A1B: start as a follower, conf=-1: [e997a993-6131-47bf-96c8-764e04cb5c0e:192.168.36.126:37678], old=null
2019-09-25 05:31:12,371 [pool-107-thread-1] INFO  impl.RaftServerImpl (RaftServerImpl.java:setRole(174)) - e997a993-6131-47bf-96c8-764e04cb5c0e@group-F04ACB498A1B: changes role from      null to FOLLOWER at term 0 for startAsFollower
2019-09-25 05:31:12,371 [pool-107-thread-1] INFO  impl.RoleInfo (RoleInfo.java:updateAndGet(143)) - e997a993-6131-47bf-96c8-764e04cb5c0e: start FollowerState
2019-09-25 05:31:12,372 [pool-107-thread-1] INFO  util.JmxRegister (JmxRegister.java:tryRegister(44)) - Successfully registered JMX Bean with object name Ratis:service=RaftServer,group=group-F04ACB498A1B,id=e997a993-6131-47bf-96c8-764e04cb5c0e
2019-09-25 05:31:12,372 [pool-97-thread-1] INFO  impl.RaftServerImpl (RaftServerImpl.java:start(185)) - 5c3318fc-c419-4298-b427-bf5a9ca27bf0@group-059250D1A272: start as a follower, conf=-1: [5c3318fc-c419-4298-b427-bf5a9ca27bf0:192.168.36.126:46795, 61946a22-29ed-4e77-8449-fae4cd9869e9:192.168.36.126:36814, 0d4a37ed-4cec-423a-a360-e4a879eb6bc0:192.168.36.126:37817], old=null
2019-09-25 05:31:12,372 [pool-97-thread-1] INFO  impl.RaftServerImpl (RaftServerImpl.java:setRole(174)) - 5c3318fc-c419-4298-b427-bf5a9ca27bf0@group-059250D1A272: changes role from      null to FOLLOWER at term 0 for startAsFollower
2019-09-25 05:31:12,372 [pool-47-thread-1] INFO  impl.RaftServerImpl (RaftServerImpl.java:start(185)) - 61946a22-29ed-4e77-8449-fae4cd9869e9@group-059250D1A272: start as a follower, conf=-1: [5c3318fc-c419-4298-b427-bf5a9ca27bf0:192.168.36.126:46795, 61946a22-29ed-4e77-8449-fae4cd9869e9:192.168.36.126:36814, 0d4a37ed-4cec-423a-a360-e4a879eb6bc0:192.168.36.126:37817], old=null
2019-09-25 05:31:12,374 [pool-47-thread-1] INFO  impl.RaftServerImpl (RaftServerImpl.java:setRole(174)) - 61946a22-29ed-4e77-8449-fae4cd9869e9@group-059250D1A272: changes role from      null to FOLLOWER at term 0 for startAsFollower
2019-09-25 05:31:12,374 [pool-97-thread-1] INFO  impl.RoleInfo (RoleInfo.java:updateAndGet(143)) - 5c3318fc-c419-4298-b427-bf5a9ca27bf0: start FollowerState
2019-09-25 05:31:12,375 [pool-47-thread-1] INFO  impl.RoleInfo (RoleInfo.java:updateAndGet(143)) - 61946a22-29ed-4e77-8449-fae4cd9869e9: start FollowerState
2019-09-25 05:31:12,377 [pool-47-thread-1] INFO  util.JmxRegister (JmxRegister.java:tryRegister(44)) - Successfully registered JMX Bean with object name Ratis:service=RaftServer,group=group-059250D1A272,id=61946a22-29ed-4e77-8449-fae4cd9869e9
2019-09-25 05:31:12,377 [pool-97-thread-1] INFO  util.JmxRegister (JmxRegister.java:tryRegister(44)) - Successfully registered JMX Bean with object name Ratis:service=RaftServer,group=group-059250D1A272,id=5c3318fc-c419-4298-b427-bf5a9ca27bf0
2019-09-25 05:31:12,398 [RatisPipelineUtilsThread] INFO  pipeline.PipelineStateManager (PipelineStateManager.java:addPipeline(56)) - Created pipeline Pipeline[ Id: 6ac5cb28-6dfe-401f-8857-059250d1a272, Nodes: 61946a22-29ed-4e77-8449-fae4cd9869e9{ip: 192.168.36.126, host: pr-hdds-2174-pqx5g-486351168, networkLocation: /rack1, certSerialId: null}5c3318fc-c419-4298-b427-bf5a9ca27bf0{ip: 192.168.36.126, host: pr-hdds-2174-pqx5g-486351168, networkLocation: /rack1, certSerialId: null}0d4a37ed-4cec-423a-a360-e4a879eb6bc0{ip: 192.168.36.126, host: pr-hdds-2174-pqx5g-486351168, networkLocation: /rack1, certSerialId: null}, Type:RATIS, Factor:THREE, State:OPEN]
2019-09-25 05:31:12,435 [grpc-default-executor-4] INFO  impl.RaftServerProxy (RaftServerProxy.java:addNew(89)) - e997a993-6131-47bf-96c8-764e04cb5c0e: addNew group-60724A24602F:[616f9f8f-9479-40f4-8c03-f125dcbf9c7f:192.168.36.126:39694, e997a993-6131-47bf-96c8-764e04cb5c0e:192.168.36.126:37678, fd2f3f79-5d7b-4d37-bb24-b15dfe7f18d7:192.168.36.126:42280] returns group-60724A24602F:java.util.concurrent.CompletableFuture@412bd68d[Not completed]
2019-09-25 05:31:12,435 [grpc-default-executor-2] INFO  impl.RaftServerProxy (RaftServerProxy.java:addNew(89)) - 616f9f8f-9479-40f4-8c03-f125dcbf9c7f: addNew group-60724A24602F:[616f9f8f-9479-40f4-8c03-f125dcbf9c7f:192.168.36.126:39694, e997a993-6131-47bf-96c8-764e04cb5c0e:192.168.36.126:37678, fd2f3f79-5d7b-4d37-bb24-b15dfe7f18d7:192.168.36.126:42280] returns group-60724A24602F:java.util.concurrent.CompletableFuture@7b07dad2[Not completed]
2019-09-25 05:31:12,437 [grpc-default-executor-0] INFO  impl.RaftServerProxy (RaftServerProxy.java:addNew(89)) - fd2f3f79-5d7b-4d37-bb24-b15dfe7f18d7: addNew group-60724A24602F:[616f9f8f-9479-40f4-8c03-f125dcbf9c7f:192.168.36.126:39694, e997a993-6131-47bf-96c8-764e04cb5c0e:192.168.36.126:37678, fd2f3f79-5d7b-4d37-bb24-b15dfe7f18d7:192.168.36.126:42280] returns group-60724A24602F:java.util.concurrent.CompletableFuture@9867564[Not completed]
2019-09-25 05:31:12,439 [pool-107-thread-1] INFO  impl.RaftServerImpl (RaftServerImpl.java:<init>(95)) - e997a993-6131-47bf-96c8-764e04cb5c0e: new RaftServerImpl for group-60724A24602F:[616f9f8f-9479-40f4-8c03-f125dcbf9c7f:192.168.36.126:39694, e997a993-6131-47bf-96c8-764e04cb5c0e:192.168.36.126:37678, fd2f3f79-5d7b-4d37-bb24-b15dfe7f18d7:192.168.36.126:42280] with ContainerStateMachine:uninitialized
2019-09-25 05:31:12,439 [pool-107-thread-1] INFO  server.RaftServerConfigKeys (ConfUtils.java:logGet(43)) - raft.server.rpc.timeout.min = 1s (custom)
2019-09-25 05:31:12,439 [pool-107-thread-1] INFO  server.RaftServerConfigKeys (ConfUtils.java:logGet(43)) - raft.server.rpc.timeout.max = 1200ms (custom)
2019-09-25 05:31:12,439 [pool-107-thread-1] INFO  server.RaftServerConfigKeys (ConfUtils.java:logGet(43)) - raft.server.rpcslowness.timeout = 120s (custom)
2019-09-25 05:31:12,439 [pool-107-thread-1] INFO  server.RaftServerConfigKeys (ConfUtils.java:logGet(43)) - raft.server.sleep.deviation.threshold = 300 (default)
2019-09-25 05:31:12,439 [pool-107-thread-1] INFO  server.RaftServerConfigKeys (ConfUtils.java:logGet(43)) - raft.server.log.appender.install.snapshot.enabled = false (custom)
2019-09-25 05:31:12,439 [pool-107-thread-1] INFO  impl.RaftServerImpl (ServerState.java:<init>(103)) - e997a993-6131-47bf-96c8-764e04cb5c0e@group-60724A24602F: ConfigurationManager, init=-1: [616f9f8f-9479-40f4-8c03-f125dcbf9c7f:192.168.36.126:39694, e997a993-6131-47bf-96c8-764e04cb5c0e:192.168.36.126:37678, fd2f3f79-5d7b-4d37-bb24-b15dfe7f18d7:192.168.36.126:42280], old=null, confs=<EMPTY_MAP>
2019-09-25 05:31:12,440 [pool-107-thread-1] INFO  server.RaftServerConfigKeys (ConfUtils.java:logGet(43)) - raft.server.storage.dir = [/workdir/hadoop-ozone/integration-test/target/test-dir/MiniOzoneClusterImpl-cea1adf1-e11b-40bf-86cb-fb3b2d854ef9/datanode-8/data/ratis] (custom)
2019-09-25 05:31:12,440 [pool-107-thread-1] INFO  storage.RaftStorageDirectory (RaftStorageDirectory.java:analyzeStorage(246)) - The storage directory /workdir/hadoop-ozone/integration-test/target/test-dir/MiniOzoneClusterImpl-cea1adf1-e11b-40bf-86cb-fb3b2d854ef9/datanode-8/data/ratis/8f31582c-9aa0-4a15-8b1c-60724a24602f does not exist. Creating ...
2019-09-25 05:31:12,446 [pool-37-thread-1] INFO  impl.RaftServerImpl (RaftServerImpl.java:<init>(95)) - 616f9f8f-9479-40f4-8c03-f125dcbf9c7f: new RaftServerImpl for group-60724A24602F:[616f9f8f-9479-40f4-8c03-f125dcbf9c7f:192.168.36.126:39694, e997a993-6131-47bf-96c8-764e04cb5c0e:192.168.36.126:37678, fd2f3f79-5d7b-4d37-bb24-b15dfe7f18d7:192.168.36.126:42280] with ContainerStateMachine:uninitialized
2019-09-25 05:31:12,446 [pool-37-thread-1] INFO  server.RaftServerConfigKeys (ConfUtils.java:logGet(43)) - raft.server.rpc.timeout.min = 1s (custom)
2019-09-25 05:31:12,446 [pool-37-thread-1] INFO  server.RaftServerConfigKeys (ConfUtils.java:logGet(43)) - raft.server.rpc.timeout.max = 1200ms (custom)
2019-09-25 05:31:12,446 [pool-37-thread-1] INFO  server.RaftServerConfigKeys (ConfUtils.java:logGet(43)) - raft.server.rpcslowness.timeout = 120s (custom)
2019-09-25 05:31:12,447 [pool-37-thread-1] INFO  server.RaftServerConfigKeys (ConfUtils.java:logGet(43)) - raft.server.sleep.deviation.threshold = 300 (default)
2019-09-25 05:31:12,451 [pool-37-thread-1] INFO  server.RaftServerConfigKeys (ConfUtils.java:logGet(43)) - raft.server.log.appender.install.snapshot.enabled = false (custom)
2019-09-25 05:31:12,451 [pool-77-thread-1] INFO  impl.RaftServerImpl (RaftServerImpl.java:<init>(95)) - fd2f3f79-5d7b-4d37-bb24-b15dfe7f18d7: new RaftServerImpl for group-60724A24602F:[616f9f8f-9479-40f4-8c03-f125dcbf9c7f:192.168.36.126:39694, e997a993-6131-47bf-96c8-764e04cb5c0e:192.168.36.126:37678, fd2f3f79-5d7b-4d37-bb24-b15dfe7f18d7:192.168.36.126:42280] with ContainerStateMachine:uninitialized
2019-09-25 05:31:12,452 [pool-37-thread-1] INFO  impl.RaftServerImpl (ServerState.java:<init>(103)) - 616f9f8f-9479-40f4-8c03-f125dcbf9c7f@group-60724A24602F: ConfigurationManager, init=-1: [616f9f8f-9479-40f4-8c03-f125dcbf9c7f:192.168.36.126:39694, e997a993-6131-47bf-96c8-764e04cb5c0e:192.168.36.126:37678, fd2f3f79-5d7b-4d37-bb24-b15dfe7f18d7:192.168.36.126:42280], old=null, confs=<EMPTY_MAP>
2019-09-25 05:31:12,452 [pool-77-thread-1] INFO  server.RaftServerConfigKeys (ConfUtils.java:logGet(43)) - raft.server.rpc.timeout.min = 1s (custom)
2019-09-25 05:31:12,452 [pool-37-thread-1] INFO  server.RaftServerConfigKeys (ConfUtils.java:logGet(43)) - raft.server.storage.dir = [/workdir/hadoop-ozone/integration-test/target/test-dir/MiniOzoneClusterImpl-cea1adf1-e11b-40bf-86cb-fb3b2d854ef9/datanode-1/data/ratis] (custom)
2019-09-25 05:31:12,452 [pool-77-thread-1] INFO  server.RaftServerConfigKeys (ConfUtils.java:logGet(43)) - raft.server.rpc.timeout.max = 1200ms (custom)
2019-09-25 05:31:12,452 [pool-77-thread-1] INFO  server.RaftServerConfigKeys (ConfUtils.java:logGet(43)) - raft.server.rpcslowness.timeout = 120s (custom)
2019-09-25 05:31:12,452 [pool-77-thread-1] INFO  server.RaftServerConfigKeys (ConfUtils.java:logGet(43)) - raft.server.sleep.deviation.threshold = 300 (default)
2019-09-25 05:31:12,452 [pool-37-thread-1] INFO  storage.RaftStorageDirectory (RaftStorageDirectory.java:analyzeStorage(246)) - The storage directory /workdir/hadoop-ozone/integration-test/target/test-dir/MiniOzoneClusterImpl-cea1adf1-e11b-40bf-86cb-fb3b2d854ef9/datanode-1/data/ratis/8f31582c-9aa0-4a15-8b1c-60724a24602f does not exist. Creating ...
2019-09-25 05:31:12,452 [pool-77-thread-1] INFO  server.RaftServerConfigKeys (ConfUtils.java:logGet(43)) - raft.server.log.appender.install.snapshot.enabled = false (custom)
2019-09-25 05:31:12,453 [pool-77-thread-1] INFO  impl.RaftServerImpl (ServerState.java:<init>(103)) - fd2f3f79-5d7b-4d37-bb24-b15dfe7f18d7@group-60724A24602F: ConfigurationManager, init=-1: [616f9f8f-9479-40f4-8c03-f125dcbf9c7f:192.168.36.126:39694, e997a993-6131-47bf-96c8-764e04cb5c0e:192.168.36.126:37678, fd2f3f79-5d7b-4d37-bb24-b15dfe7f18d7:192.168.36.126:42280], old=null, confs=<EMPTY_MAP>
2019-09-25 05:31:12,453 [pool-77-thread-1] INFO  server.RaftServerConfigKeys (ConfUtils.java:logGet(43)) - raft.server.storage.dir = [/workdir/hadoop-ozone/integration-test/target/test-dir/MiniOzoneClusterImpl-cea1adf1-e11b-40bf-86cb-fb3b2d854ef9/datanode-5/data/ratis] (custom)
2019-09-25 05:31:12,453 [pool-77-thread-1] INFO  storage.RaftStorageDirectory (RaftStorageDirectory.java:analyzeStorage(246)) - The storage directory /workdir/hadoop-ozone/integration-test/target/test-dir/MiniOzoneClusterImpl-cea1adf1-e11b-40bf-86cb-fb3b2d854ef9/datanode-5/data/ratis/8f31582c-9aa0-4a15-8b1c-60724a24602f does not exist. Creating ...
2019-09-25 05:31:12,465 [pool-107-thread-1] INFO  storage.RaftStorageDirectory (RaftStorageDirectory.java:tryLock(328)) - Lock on /workdir/hadoop-ozone/integration-test/target/test-dir/MiniOzoneClusterImpl-cea1adf1-e11b-40bf-86cb-fb3b2d854ef9/datanode-8/data/ratis/8f31582c-9aa0-4a15-8b1c-60724a24602f/in_use.lock acquired by nodename 16102@pr-hdds-2174-pqx5g-486351168
2019-09-25 05:31:12,465 [pool-77-thread-1] INFO  storage.RaftStorageDirectory (RaftStorageDirectory.java:tryLock(328)) - Lock on /workdir/hadoop-ozone/integration-test/target/test-dir/MiniOzoneClusterImpl-cea1adf1-e11b-40bf-86cb-fb3b2d854ef9/datanode-5/data/ratis/8f31582c-9aa0-4a15-8b1c-60724a24602f/in_use.lock acquired by nodename 16102@pr-hdds-2174-pqx5g-486351168
2019-09-25 05:31:12,465 [pool-37-thread-1] INFO  storage.RaftStorageDirectory (RaftStorageDirectory.java:tryLock(328)) - Lock on /workdir/hadoop-ozone/integration-test/target/test-dir/MiniOzoneClusterImpl-cea1adf1-e11b-40bf-86cb-fb3b2d854ef9/datanode-1/data/ratis/8f31582c-9aa0-4a15-8b1c-60724a24602f/in_use.lock acquired by nodename 16102@pr-hdds-2174-pqx5g-486351168
2019-09-25 05:31:12,494 [pool-37-thread-1] INFO  storage.RaftStorage (RaftStorage.java:format(72)) - Storage directory /workdir/hadoop-ozone/integration-test/target/test-dir/MiniOzoneClusterImpl-cea1adf1-e11b-40bf-86cb-fb3b2d854ef9/datanode-1/data/ratis/8f31582c-9aa0-4a15-8b1c-60724a24602f has been successfully formatted.
2019-09-25 05:31:12,494 [pool-77-thread-1] INFO  storage.RaftStorage (RaftStorage.java:format(72)) - Storage directory /workdir/hadoop-ozone/integration-test/target/test-dir/MiniOzoneClusterImpl-cea1adf1-e11b-40bf-86cb-fb3b2d854ef9/datanode-5/data/ratis/8f31582c-9aa0-4a15-8b1c-60724a24602f has been successfully formatted.
2019-09-25 05:31:12,494 [pool-107-thread-1] INFO  storage.RaftStorage (RaftStorage.java:format(72)) - Storage directory /workdir/hadoop-ozone/integration-test/target/test-dir/MiniOzoneClusterImpl-cea1adf1-e11b-40bf-86cb-fb3b2d854ef9/datanode-8/data/ratis/8f31582c-9aa0-4a15-8b1c-60724a24602f has been successfully formatted.
2019-09-25 05:31:12,494 [pool-37-thread-1] INFO  ratis.ContainerStateMachine (ContainerStateMachine.java:loadSnapshot(230)) - group-60724A24602F: The snapshot info is null. Setting the last applied indexto:(t:0, i:~)
2019-09-25 05:31:12,495 [pool-77-thread-1] INFO  ratis.ContainerStateMachine (ContainerStateMachine.java:loadSnapshot(230)) - group-60724A24602F: The snapshot info is null. Setting the last applied indexto:(t:0, i:~)
2019-09-25 05:31:12,495 [pool-37-thread-1] INFO  server.RaftServerConfigKeys (ConfUtils.java:logGet(43)) - raft.server.notification.no-leader.timeout = 120s (custom)
2019-09-25 05:31:12,495 [pool-107-thread-1] INFO  ratis.ContainerStateMachine (ContainerStateMachine.java:loadSnapshot(230)) - group-60724A24602F: The snapshot info is null. Setting the last applied indexto:(t:0, i:~)
2019-09-25 05:31:12,495 [pool-37-thread-1] INFO  server.RaftServerConfigKeys (ConfUtils.java:logGet(43)) - raft.server.log.use.memory = false (default)
2019-09-25 05:31:12,495 [pool-77-thread-1] INFO  server.RaftServerConfigKeys (ConfUtils.java:logGet(43)) - raft.server.notification.no-leader.timeout = 120s (custom)
2019-09-25 05:31:12,496 [pool-37-thread-1] INFO  server.RaftServerConfigKeys (ConfUtils.java:logGet(43)) - raft.server.log.purge.gap = 1000000 (custom)
2019-09-25 05:31:12,496 [pool-107-thread-1] INFO  server.RaftServerConfigKeys (ConfUtils.java:logGet(43)) - raft.server.notification.no-leader.timeout = 120s (custom)
2019-09-25 05:31:12,496 [pool-37-thread-1] INFO  server.RaftServerConfigKeys (ConfUtils.java:logGet(43)) - raft.server.log.appender.buffer.byte-limit = 33554432 (custom)
2019-09-25 05:31:12,496 [pool-77-thread-1] INFO  server.RaftServerConfigKeys (ConfUtils.java:logGet(43)) - raft.server.log.use.memory = false (default)
2019-09-25 05:31:12,496 [pool-37-thread-1] INFO  server.RaftServerConfigKeys (ConfUtils.java:logGet(43)) - raft.server.log.segment.size.max = 1048576 (custom)
2019-09-25 05:31:12,496 [pool-107-thread-1] INFO  server.RaftServerConfigKeys (ConfUtils.java:logGet(43)) - raft.server.log.use.memory = false (default)
2019-09-25 05:31:12,497 [pool-37-thread-1] INFO  server.RaftServerConfigKeys (ConfUtils.java:logGet(43)) - raft.server.log.segment.cache.num.max = 2 (custom)
2019-09-25 05:31:12,497 [pool-77-thread-1] INFO  server.RaftServerConfigKeys (ConfUtils.java:logGet(43)) - raft.server.log.purge.gap = 1000000 (custom)
2019-09-25 05:31:12,497 [pool-37-thread-1] INFO  segmented.SegmentedRaftLogWorker (SegmentedRaftLogWorker.java:<init>(172)) - new 616f9f8f-9479-40f4-8c03-f125dcbf9c7f@group-60724A24602F-SegmentedRaftLogWorker for RaftStorage:Storage Directory /workdir/hadoop-ozone/integration-test/target/test-dir/MiniOzoneClusterImpl-cea1adf1-e11b-40bf-86cb-fb3b2d854ef9/datanode-1/data/ratis/8f31582c-9aa0-4a15-8b1c-60724a24602f
2019-09-25 05:31:12,497 [pool-107-thread-1] INFO  server.RaftServerConfigKeys (ConfUtils.java:logGet(43)) - raft.server.log.purge.gap = 1000000 (custom)
2019-09-25 05:31:12,497 [pool-77-thread-1] INFO  server.RaftServerConfigKeys (ConfUtils.java:logGet(43)) - raft.server.log.appender.buffer.byte-limit = 33554432 (custom)
2019-09-25 05:31:12,498 [pool-107-thread-1] INFO  server.RaftServerConfigKeys (ConfUtils.java:logGet(43)) - raft.server.log.appender.buffer.byte-limit = 33554432 (custom)
2019-09-25 05:31:12,498 [pool-77-thread-1] INFO  server.RaftServerConfigKeys (ConfUtils.java:logGet(43)) - raft.server.log.segment.size.max = 1048576 (custom)
2019-09-25 05:31:12,498 [pool-107-thread-1] INFO  server.RaftServerConfigKeys (ConfUtils.java:logGet(43)) - raft.server.log.segment.size.max = 1048576 (custom)
2019-09-25 05:31:12,498 [pool-77-thread-1] INFO  server.RaftServerConfigKeys (ConfUtils.java:logGet(43)) - raft.server.log.segment.cache.num.max = 2 (custom)
2019-09-25 05:31:12,498 [pool-107-thread-1] INFO  server.RaftServerConfigKeys (ConfUtils.java:logGet(43)) - raft.server.log.segment.cache.num.max = 2 (custom)
2019-09-25 05:31:12,499 [pool-77-thread-1] INFO  segmented.SegmentedRaftLogWorker (SegmentedRaftLogWorker.java:<init>(172)) - new fd2f3f79-5d7b-4d37-bb24-b15dfe7f18d7@group-60724A24602F-SegmentedRaftLogWorker for RaftStorage:Storage Directory /workdir/hadoop-ozone/integration-test/target/test-dir/MiniOzoneClusterImpl-cea1adf1-e11b-40bf-86cb-fb3b2d854ef9/datanode-5/data/ratis/8f31582c-9aa0-4a15-8b1c-60724a24602f
2019-09-25 05:31:12,499 [pool-107-thread-1] INFO  segmented.SegmentedRaftLogWorker (SegmentedRaftLogWorker.java:<init>(172)) - new e997a993-6131-47bf-96c8-764e04cb5c0e@group-60724A24602F-SegmentedRaftLogWorker for RaftStorage:Storage Directory /workdir/hadoop-ozone/integration-test/target/test-dir/MiniOzoneClusterImpl-cea1adf1-e11b-40bf-86cb-fb3b2d854ef9/datanode-8/data/ratis/8f31582c-9aa0-4a15-8b1c-60724a24602f
2019-09-25 05:31:12,499 [pool-107-thread-1] INFO  server.RaftServerConfigKeys (ConfUtils.java:logGet(43)) - raft.server.log.queue.byte-limit = 2147483647 (custom)
2019-09-25 05:31:12,499 [pool-107-thread-1] INFO  server.RaftServerConfigKeys (ConfUtils.java:logGet(43)) - raft.server.log.queue.element-limit = 1024 (custom)
2019-09-25 05:31:12,499 [pool-107-thread-1] INFO  server.RaftServerConfigKeys (ConfUtils.java:logGet(43)) - raft.server.log.segment.size.max = 1048576 (custom)
2019-09-25 05:31:12,500 [pool-107-thread-1] INFO  server.RaftServerConfigKeys (ConfUtils.java:logGet(43)) - raft.server.log.preallocated.size = 16384 (custom)
2019-09-25 05:31:12,500 [pool-107-thread-1] INFO  server.RaftServerConfigKeys (ConfUtils.java:logGet(43)) - raft.server.log.write.buffer.size = 33554432 (custom)
2019-09-25 05:31:12,500 [pool-107-thread-1] INFO  server.RaftServerConfigKeys (ConfUtils.java:logGet(43)) - raft.server.log.force.sync.num = 128 (default)
2019-09-25 05:31:12,500 [pool-107-thread-1] INFO  server.RaftServerConfigKeys (ConfUtils.java:logGet(43)) - raft.server.log.statemachine.data.sync = true (default)
2019-09-25 05:31:12,500 [pool-107-thread-1] INFO  server.RaftServerConfigKeys (ConfUtils.java:logGet(43)) - raft.server.log.statemachine.data.sync.timeout = 10s (default)
2019-09-25 05:31:12,501 [pool-107-thread-1] INFO  server.RaftServerConfigKeys (ConfUtils.java:logGet(43)) - raft.server.log.statemachine.data.sync.timeout.retry = -1 (default)
2019-09-25 05:31:12,501 [pool-107-thread-1] INFO  server.RaftServerConfigKeys (ConfUtils.java:logGet(43)) - raft.server.log.statemachine.data.caching.enabled = true (custom)
2019-09-25 05:31:12,501 [pool-37-thread-1] INFO  server.RaftServerConfigKeys (ConfUtils.java:logGet(43)) - raft.server.log.queue.byte-limit = 2147483647 (custom)
2019-09-25 05:31:12,501 [pool-107-thread-1] INFO  segmented.SegmentedRaftLogWorker (SegmentedRaftLogWorker.java:lambda$new$0(132)) - e997a993-6131-47bf-96c8-764e04cb5c0e@group-60724A24602F-SegmentedRaftLogWorker: flushIndex: setUnconditionally 0 -> -1
2019-09-25 05:31:12,501 [pool-37-thread-1] INFO  server.RaftServerConfigKeys (ConfUtils.java:logGet(43)) - raft.server.log.queue.element-limit = 1024 (custom)
2019-09-25 05:31:12,502 [pool-107-thread-1] INFO  server.RaftServerConfigKeys (ConfUtils.java:logGet(43)) - raft.server.snapshot.auto.trigger.enabled = true (custom)
2019-09-25 05:31:12,502 [pool-37-thread-1] INFO  server.RaftServerConfigKeys (ConfUtils.java:logGet(43)) - raft.server.log.segment.size.max = 1048576 (custom)
2019-09-25 05:31:12,502 [pool-107-thread-1] INFO  server.RaftServerConfigKeys (ConfUtils.java:logGet(43)) - raft.server.snapshot.auto.trigger.threshold = 10000 (custom)
2019-09-25 05:31:12,502 [pool-37-thread-1] INFO  server.RaftServerConfigKeys (ConfUtils.java:logGet(43)) - raft.server.log.preallocated.size = 16384 (custom)
2019-09-25 05:31:12,502 [pool-107-thread-1] INFO  server.RaftServerConfigKeys (ConfUtils.java:logGet(43)) - raft.server.snapshot.retention.num.files = 5 (custom)
2019-09-25 05:31:12,502 [pool-37-thread-1] INFO  server.RaftServerConfigKeys (ConfUtils.java:logGet(43)) - raft.server.log.write.buffer.size = 33554432 (custom)
2019-09-25 05:31:12,503 [pool-107-thread-1] INFO  server.RaftServerConfigKeys (ConfUtils.java:logGet(43)) - raft.server.retrycache.expirytime = 600000ms (custom)
2019-09-25 05:31:12,503 [pool-37-thread-1] INFO  server.RaftServerConfigKeys (ConfUtils.java:logGet(43)) - raft.server.log.force.sync.num = 128 (default)
2019-09-25 05:31:12,503 [pool-77-thread-1] INFO  server.RaftServerConfigKeys (ConfUtils.java:logGet(43)) - raft.server.log.queue.byte-limit = 2147483647 (custom)
2019-09-25 05:31:12,503 [pool-37-thread-1] INFO  server.RaftServerConfigKeys (ConfUtils.java:logGet(43)) - raft.server.log.statemachine.data.sync = true (default)
2019-09-25 05:31:12,503 [pool-77-thread-1] INFO  server.RaftServerConfigKeys (ConfUtils.java:logGet(43)) - raft.server.log.queue.element-limit = 1024 (custom)
2019-09-25 05:31:12,503 [pool-37-thread-1] INFO  server.RaftServerConfigKeys (ConfUtils.java:logGet(43)) - raft.server.log.statemachine.data.sync.timeout = 10s (default)
2019-09-25 05:31:12,504 [pool-77-thread-1] INFO  server.RaftServerConfigKeys (ConfUtils.java:logGet(43)) - raft.server.log.segment.size.max = 1048576 (custom)
2019-09-25 05:31:12,504 [pool-37-thread-1] INFO  server.RaftServerConfigKeys (ConfUtils.java:logGet(43)) - raft.server.log.statemachine.data.sync.timeout.retry = -1 (default)
2019-09-25 05:31:12,504 [pool-77-thread-1] INFO  server.RaftServerConfigKeys (ConfUtils.java:logGet(43)) - raft.server.log.preallocated.size = 16384 (custom)
2019-09-25 05:31:12,504 [pool-37-thread-1] INFO  server.RaftServerConfigKeys (ConfUtils.java:logGet(43)) - raft.server.log.statemachine.data.caching.enabled = true (custom)
2019-09-25 05:31:12,504 [pool-77-thread-1] INFO  server.RaftServerConfigKeys (ConfUtils.java:logGet(43)) - raft.server.log.write.buffer.size = 33554432 (custom)
2019-09-25 05:31:12,504 [pool-77-thread-1] INFO  server.RaftServerConfigKeys (ConfUtils.java:logGet(43)) - raft.server.log.force.sync.num = 128 (default)
2019-09-25 05:31:12,505 [pool-37-thread-1] INFO  segmented.SegmentedRaftLogWorker (SegmentedRaftLogWorker.java:lambda$new$0(132)) - 616f9f8f-9479-40f4-8c03-f125dcbf9c7f@group-60724A24602F-SegmentedRaftLogWorker: flushIndex: setUnconditionally 0 -> -1
2019-09-25 05:31:12,505 [pool-77-thread-1] INFO  server.RaftServerConfigKeys (ConfUtils.java:logGet(43)) - raft.server.log.statemachine.data.sync = true (default)
2019-09-25 05:31:12,505 [pool-37-thread-1] INFO  server.RaftServerConfigKeys (ConfUtils.java:logGet(43)) - raft.server.snapshot.auto.trigger.enabled = true (custom)
2019-09-25 05:31:12,505 [pool-77-thread-1] INFO  server.RaftServerConfigKeys (ConfUtils.java:logGet(43)) - raft.server.log.statemachine.data.sync.timeout = 10s (default)
2019-09-25 05:31:12,505 [pool-37-thread-1] INFO  server.RaftServerConfigKeys (ConfUtils.java:logGet(43)) - raft.server.snapshot.auto.trigger.threshold = 10000 (custom)
2019-09-25 05:31:12,505 [pool-77-thread-1] INFO  server.RaftServerConfigKeys (ConfUtils.java:logGet(43)) - raft.server.log.statemachine.data.sync.timeout.retry = -1 (default)
2019-09-25 05:31:12,506 [pool-37-thread-1] INFO  server.RaftServerConfigKeys (ConfUtils.java:logGet(43)) - raft.server.snapshot.retention.num.files = 5 (custom)
2019-09-25 05:31:12,506 [pool-107-thread-1] INFO  impl.RaftServerImpl (RaftServerImpl.java:start(185)) - e997a993-6131-47bf-96c8-764e04cb5c0e@group-60724A24602F: start as a follower, conf=-1: [616f9f8f-9479-40f4-8c03-f125dcbf9c7f:192.168.36.126:39694, e997a993-6131-47bf-96c8-764e04cb5c0e:192.168.36.126:37678, fd2f3f79-5d7b-4d37-bb24-b15dfe7f18d7:192.168.36.126:42280], old=null
2019-09-25 05:31:12,506 [pool-77-thread-1] INFO  server.RaftServerConfigKeys (ConfUtils.java:logGet(43)) - raft.server.log.statemachine.data.caching.enabled = true (custom)
2019-09-25 05:31:12,506 [pool-37-thread-1] INFO  server.RaftServerConfigKeys (ConfUtils.java:logGet(43)) - raft.server.retrycache.expirytime = 600000ms (custom)
2019-09-25 05:31:12,506 [pool-107-thread-1] INFO  impl.RaftServerImpl (RaftServerImpl.java:setRole(174)) - e997a993-6131-47bf-96c8-764e04cb5c0e@group-60724A24602F: changes role from      null to FOLLOWER at term 0 for startAsFollower
2019-09-25 05:31:12,506 [pool-77-thread-1] INFO  segmented.SegmentedRaftLogWorker (SegmentedRaftLogWorker.java:lambda$new$0(132)) - fd2f3f79-5d7b-4d37-bb24-b15dfe7f18d7@group-60724A24602F-SegmentedRaftLogWorker: flushIndex: setUnconditionally 0 -> -1
2019-09-25 05:31:12,506 [pool-107-thread-1] INFO  impl.RoleInfo (RoleInfo.java:updateAndGet(143)) - e997a993-6131-47bf-96c8-764e04cb5c0e: start FollowerState
2019-09-25 05:31:12,507 [pool-77-thread-1] INFO  server.RaftServerConfigKeys (ConfUtils.java:logGet(43)) - raft.server.snapshot.auto.trigger.enabled = true (custom)
2019-09-25 05:31:12,507 [pool-77-thread-1] INFO  server.RaftServerConfigKeys (ConfUtils.java:logGet(43)) - raft.server.snapshot.auto.trigger.threshold = 10000 (custom)
2019-09-25 05:31:12,507 [pool-107-thread-1] INFO  util.JmxRegister (JmxRegister.java:tryRegister(44)) - Successfully registered JMX Bean with object name Ratis:service=RaftServer,group=group-60724A24602F,id=e997a993-6131-47bf-96c8-764e04cb5c0e
2019-09-25 05:31:12,507 [pool-77-thread-1] INFO  server.RaftServerConfigKeys (ConfUtils.java:logGet(43)) - raft.server.snapshot.retention.num.files = 5 (custom)
2019-09-25 05:31:12,508 [pool-77-thread-1] INFO  server.RaftServerConfigKeys (ConfUtils.java:logGet(43)) - raft.server.retrycache.expirytime = 600000ms (custom)
2019-09-25 05:31:12,510 [pool-37-thread-1] INFO  impl.RaftServerImpl (RaftServerImpl.java:start(185)) - 616f9f8f-9479-40f4-8c03-f125dcbf9c7f@group-60724A24602F: start as a follower, conf=-1: [616f9f8f-9479-40f4-8c03-f125dcbf9c7f:192.168.36.126:39694, e997a993-6131-47bf-96c8-764e04cb5c0e:192.168.36.126:37678, fd2f3f79-5d7b-4d37-bb24-b15dfe7f18d7:192.168.36.126:42280], old=null
2019-09-25 05:31:12,510 [pool-37-thread-1] INFO  impl.RaftServerImpl (RaftServerImpl.java:setRole(174)) - 616f9f8f-9479-40f4-8c03-f125dcbf9c7f@group-60724A24602F: changes role from      null to FOLLOWER at term 0 for startAsFollower
2019-09-25 05:31:12,514 [pool-37-thread-1] INFO  impl.RoleInfo (RoleInfo.java:updateAndGet(143)) - 616f9f8f-9479-40f4-8c03-f125dcbf9c7f: start FollowerState
2019-09-25 05:31:12,517 [pool-37-thread-1] INFO  util.JmxRegister (JmxRegister.java:tryRegister(44)) - Successfully registered JMX Bean with object name Ratis:service=RaftServer,group=group-60724A24602F,id=616f9f8f-9479-40f4-8c03-f125dcbf9c7f
2019-09-25 05:31:12,523 [pool-77-thread-1] INFO  impl.RaftServerImpl (RaftServerImpl.java:start(185)) - fd2f3f79-5d7b-4d37-bb24-b15dfe7f18d7@group-60724A24602F: start as a follower, conf=-1: [616f9f8f-9479-40f4-8c03-f125dcbf9c7f:192.168.36.126:39694, e997a993-6131-47bf-96c8-764e04cb5c0e:192.168.36.126:37678, fd2f3f79-5d7b-4d37-bb24-b15dfe7f18d7:192.168.36.126:42280], old=null
2019-09-25 05:31:12,523 [pool-77-thread-1] INFO  impl.RaftServerImpl (RaftServerImpl.java:setRole(174)) - fd2f3f79-5d7b-4d37-bb24-b15dfe7f18d7@group-60724A24602F: changes role from      null to FOLLOWER at term 0 for startAsFollower
2019-09-25 05:31:12,523 [pool-77-thread-1] INFO  impl.RoleInfo (RoleInfo.java:updateAndGet(143)) - fd2f3f79-5d7b-4d37-bb24-b15dfe7f18d7: start FollowerState
2019-09-25 05:31:12,523 [pool-77-thread-1] INFO  util.JmxRegister (JmxRegister.java:tryRegister(44)) - Successfully registered JMX Bean with object name Ratis:service=RaftServer,group=group-60724A24602F,id=fd2f3f79-5d7b-4d37-bb24-b15dfe7f18d7
2019-09-25 05:31:12,557 [RatisPipelineUtilsThread] INFO  pipeline.PipelineStateManager (PipelineStateManager.java:addPipeline(56)) - Created pipeline Pipeline[ Id: 8f31582c-9aa0-4a15-8b1c-60724a24602f, Nodes: e997a993-6131-47bf-96c8-764e04cb5c0e{ip: 192.168.36.126, host: pr-hdds-2174-pqx5g-486351168, networkLocation: /rack1, certSerialId: null}fd2f3f79-5d7b-4d37-bb24-b15dfe7f18d7{ip: 192.168.36.126, host: pr-hdds-2174-pqx5g-486351168, networkLocation: /rack1, certSerialId: null}616f9f8f-9479-40f4-8c03-f125dcbf9c7f{ip: 192.168.36.126, host: pr-hdds-2174-pqx5g-486351168, networkLocation: /rack1, certSerialId: null}, Type:RATIS, Factor:THREE, State:OPEN]
2019-09-25 05:31:12,578 [grpc-default-executor-4] INFO  impl.RaftServerProxy (RaftServerProxy.java:addNew(89)) - ce8ac917-2646-4112-adf7-d577593fabcb: addNew group-0EC8D23D101B:[a58d7528-614e-4c39-a3a3-38beaa9905aa:192.168.36.126:37942, f9c12371-c091-4b4a-8db2-6f0db97bbab3:192.168.36.126:46560, ce8ac917-2646-4112-adf7-d577593fabcb:192.168.36.126:37960] returns group-0EC8D23D101B:java.util.concurrent.CompletableFuture@2edc0995[Not completed]
2019-09-25 05:31:12,580 [grpc-default-executor-0] INFO  impl.RaftServerProxy (RaftServerProxy.java:addNew(89)) - f9c12371-c091-4b4a-8db2-6f0db97bbab3: addNew group-0EC8D23D101B:[a58d7528-614e-4c39-a3a3-38beaa9905aa:192.168.36.126:37942, f9c12371-c091-4b4a-8db2-6f0db97bbab3:192.168.36.126:46560, ce8ac917-2646-4112-adf7-d577593fabcb:192.168.36.126:37960] returns group-0EC8D23D101B:java.util.concurrent.CompletableFuture@29db8289[Not completed]
2019-09-25 05:31:12,583 [grpc-default-executor-2] INFO  impl.RaftServerProxy (RaftServerProxy.java:addNew(89)) - a58d7528-614e-4c39-a3a3-38beaa9905aa: addNew group-0EC8D23D101B:[a58d7528-614e-4c39-a3a3-38beaa9905aa:192.168.36.126:37942, f9c12371-c091-4b4a-8db2-6f0db97bbab3:192.168.36.126:46560, ce8ac917-2646-4112-adf7-d577593fabcb:192.168.36.126:37960] returns group-0EC8D23D101B:java.util.concurrent.CompletableFuture@62a596be[Not completed]
2019-09-25 05:31:12,589 [pool-27-thread-1] INFO  impl.RaftServerImpl (RaftServerImpl.java:<init>(95)) - f9c12371-c091-4b4a-8db2-6f0db97bbab3: new RaftServerImpl for group-0EC8D23D101B:[a58d7528-614e-4c39-a3a3-38beaa9905aa:192.168.36.126:37942, f9c12371-c091-4b4a-8db2-6f0db97bbab3:192.168.36.126:46560, ce8ac917-2646-4112-adf7-d577593fabcb:192.168.36.126:37960] with ContainerStateMachine:uninitialized
2019-09-25 05:31:12,589 [pool-27-thread-1] INFO  server.RaftServerConfigKeys (ConfUtils.java:logGet(43)) - raft.server.rpc.timeout.min = 1s (custom)
2019-09-25 05:31:12,590 [pool-27-thread-1] INFO  server.RaftServerConfigKeys (ConfUtils.java:logGet(43)) - raft.server.rpc.timeout.max = 1200ms (custom)
2019-09-25 05:31:12,590 [pool-27-thread-1] INFO  server.RaftServerConfigKeys (ConfUtils.java:logGet(43)) - raft.server.rpcslowness.timeout = 120s (custom)
2019-09-25 05:31:12,590 [pool-27-thread-1] INFO  server.RaftServerConfigKeys (ConfUtils.java:logGet(43)) - raft.server.sleep.deviation.threshold = 300 (default)
2019-09-25 05:31:12,599 [pool-117-thread-1] INFO  impl.RaftServerImpl (RaftServerImpl.java:<init>(95)) - a58d7528-614e-4c39-a3a3-38beaa9905aa: new RaftServerImpl for group-0EC8D23D101B:[a58d7528-614e-4c39-a3a3-38beaa9905aa:192.168.36.126:37942, f9c12371-c091-4b4a-8db2-6f0db97bbab3:192.168.36.126:46560, ce8ac917-2646-4112-adf7-d577593fabcb:192.168.36.126:37960] with ContainerStateMachine:uninitialized
2019-09-25 05:31:12,599 [pool-27-thread-1] INFO  server.RaftServerConfigKeys (ConfUtils.java:logGet(43)) - raft.server.log.appender.install.snapshot.enabled = false (custom)
2019-09-25 05:31:12,599 [pool-117-thread-1] INFO  server.RaftServerConfigKeys (ConfUtils.java:logGet(43)) - raft.server.rpc.timeout.min = 1s (custom)
2019-09-25 05:31:12,599 [pool-27-thread-1] INFO  impl.RaftServerImpl (ServerState.java:<init>(103)) - f9c12371-c091-4b4a-8db2-6f0db97bbab3@group-0EC8D23D101B: ConfigurationManager, init=-1: [a58d7528-614e-4c39-a3a3-38beaa9905aa:192.168.36.126:37942, f9c12371-c091-4b4a-8db2-6f0db97bbab3:192.168.36.126:46560, ce8ac917-2646-4112-adf7-d577593fabcb:192.168.36.126:37960], old=null, confs=<EMPTY_MAP>
2019-09-25 05:31:12,599 [pool-117-thread-1] INFO  server.RaftServerConfigKeys (ConfUtils.java:logGet(43)) - raft.server.rpc.timeout.max = 1200ms (custom)
2019-09-25 05:31:12,599 [pool-27-thread-1] INFO  server.RaftServerConfigKeys (ConfUtils.java:logGet(43)) - raft.server.storage.dir = [/workdir/hadoop-ozone/integration-test/target/test-dir/MiniOzoneClusterImpl-cea1adf1-e11b-40bf-86cb-fb3b2d854ef9/datanode-0/data/ratis] (custom)
2019-09-25 05:31:12,599 [pool-117-thread-1] INFO  server.RaftServerConfigKeys (ConfUtils.java:logGet(43)) - raft.server.rpcslowness.timeout = 120s (custom)
2019-09-25 05:31:12,599 [pool-87-thread-1] INFO  impl.RaftServerImpl (RaftServerImpl.java:<init>(95)) - ce8ac917-2646-4112-adf7-d577593fabcb: new RaftServerImpl for group-0EC8D23D101B:[a58d7528-614e-4c39-a3a3-38beaa9905aa:192.168.36.126:37942, f9c12371-c091-4b4a-8db2-6f0db97bbab3:192.168.36.126:46560, ce8ac917-2646-4112-adf7-d577593fabcb:192.168.36.126:37960] with ContainerStateMachine:uninitialized
2019-09-25 05:31:12,599 [pool-117-thread-1] INFO  server.RaftServerConfigKeys (ConfUtils.java:logGet(43)) - raft.server.sleep.deviation.threshold = 300 (default)
2019-09-25 05:31:12,600 [pool-87-thread-1] INFO  server.RaftServerConfigKeys (ConfUtils.java:logGet(43)) - raft.server.rpc.timeout.min = 1s (custom)
2019-09-25 05:31:12,600 [pool-117-thread-1] INFO  server.RaftServerConfigKeys (ConfUtils.java:logGet(43)) - raft.server.log.appender.install.snapshot.enabled = false (custom)
2019-09-25 05:31:12,600 [pool-27-thread-1] INFO  storage.RaftStorageDirectory (RaftStorageDirectory.java:analyzeStorage(246)) - The storage directory /workdir/hadoop-ozone/integration-test/target/test-dir/MiniOzoneClusterImpl-cea1adf1-e11b-40bf-86cb-fb3b2d854ef9/datanode-0/data/ratis/5a3160c6-a359-4f52-af3b-0ec8d23d101b does not exist. Creating ...
2019-09-25 05:31:12,600 [pool-117-thread-1] INFO  impl.RaftServerImpl (ServerState.java:<init>(103)) - a58d7528-614e-4c39-a3a3-38beaa9905aa@group-0EC8D23D101B: ConfigurationManager, init=-1: [a58d7528-614e-4c39-a3a3-38beaa9905aa:192.168.36.126:37942, f9c12371-c091-4b4a-8db2-6f0db97bbab3:192.168.36.126:46560, ce8ac917-2646-4112-adf7-d577593fabcb:192.168.36.126:37960], old=null, confs=<EMPTY_MAP>
2019-09-25 05:31:12,600 [pool-87-thread-1] INFO  server.RaftServerConfigKeys (ConfUtils.java:logGet(43)) - raft.server.rpc.timeout.max = 1200ms (custom)
2019-09-25 05:31:12,600 [pool-117-thread-1] INFO  server.RaftServerConfigKeys (ConfUtils.java:logGet(43)) - raft.server.storage.dir = [/workdir/hadoop-ozone/integration-test/target/test-dir/MiniOzoneClusterImpl-cea1adf1-e11b-40bf-86cb-fb3b2d854ef9/datanode-9/data/ratis] (custom)
2019-09-25 05:31:12,600 [pool-87-thread-1] INFO  server.RaftServerConfigKeys (ConfUtils.java:logGet(43)) - raft.server.rpcslowness.timeout = 120s (custom)
2019-09-25 05:31:12,600 [pool-87-thread-1] INFO  server.RaftServerConfigKeys (ConfUtils.java:logGet(43)) - raft.server.sleep.deviation.threshold = 300 (default)
2019-09-25 05:31:12,601 [pool-117-thread-1] INFO  storage.RaftStorageDirectory (RaftStorageDirectory.java:analyzeStorage(246)) - The storage directory /workdir/hadoop-ozone/integration-test/target/test-dir/MiniOzoneClusterImpl-cea1adf1-e11b-40bf-86cb-fb3b2d854ef9/datanode-9/data/ratis/5a3160c6-a359-4f52-af3b-0ec8d23d101b does not exist. Creating ...
2019-09-25 05:31:12,601 [pool-87-thread-1] INFO  server.RaftServerConfigKeys (ConfUtils.java:logGet(43)) - raft.server.log.appender.install.snapshot.enabled = false (custom)
2019-09-25 05:31:12,601 [pool-87-thread-1] INFO  impl.RaftServerImpl (ServerState.java:<init>(103)) - ce8ac917-2646-4112-adf7-d577593fabcb@group-0EC8D23D101B: ConfigurationManager, init=-1: [a58d7528-614e-4c39-a3a3-38beaa9905aa:192.168.36.126:37942, f9c12371-c091-4b4a-8db2-6f0db97bbab3:192.168.36.126:46560, ce8ac917-2646-4112-adf7-d577593fabcb:192.168.36.126:37960], old=null, confs=<EMPTY_MAP>
2019-09-25 05:31:12,601 [pool-87-thread-1] INFO  server.RaftServerConfigKeys (ConfUtils.java:logGet(43)) - raft.server.storage.dir = [/workdir/hadoop-ozone/integration-test/target/test-dir/MiniOzoneClusterImpl-cea1adf1-e11b-40bf-86cb-fb3b2d854ef9/datanode-6/data/ratis] (custom)
2019-09-25 05:31:12,601 [pool-87-thread-1] INFO  storage.RaftStorageDirectory (RaftStorageDirectory.java:analyzeStorage(246)) - The storage directory /workdir/hadoop-ozone/integration-test/target/test-dir/MiniOzoneClusterImpl-cea1adf1-e11b-40bf-86cb-fb3b2d854ef9/datanode-6/data/ratis/5a3160c6-a359-4f52-af3b-0ec8d23d101b does not exist. Creating ...
2019-09-25 05:31:13,065 [pool-117-thread-1] INFO  storage.RaftStorageDirectory (RaftStorageDirectory.java:tryLock(328)) - Lock on /workdir/hadoop-ozone/integration-test/target/test-dir/MiniOzoneClusterImpl-cea1adf1-e11b-40bf-86cb-fb3b2d854ef9/datanode-9/data/ratis/5a3160c6-a359-4f52-af3b-0ec8d23d101b/in_use.lock acquired by nodename 16102@pr-hdds-2174-pqx5g-486351168
2019-09-25 05:31:13,065 [pool-27-thread-1] INFO  storage.RaftStorageDirectory (RaftStorageDirectory.java:tryLock(328)) - Lock on /workdir/hadoop-ozone/integration-test/target/test-dir/MiniOzoneClusterImpl-cea1adf1-e11b-40bf-86cb-fb3b2d854ef9/datanode-0/data/ratis/5a3160c6-a359-4f52-af3b-0ec8d23d101b/in_use.lock acquired by nodename 16102@pr-hdds-2174-pqx5g-486351168
2019-09-25 05:31:13,065 [pool-87-thread-1] INFO  storage.RaftStorageDirectory (RaftStorageDirectory.java:tryLock(328)) - Lock on /workdir/hadoop-ozone/integration-test/target/test-dir/MiniOzoneClusterImpl-cea1adf1-e11b-40bf-86cb-fb3b2d854ef9/datanode-6/data/ratis/5a3160c6-a359-4f52-af3b-0ec8d23d101b/in_use.lock acquired by nodename 16102@pr-hdds-2174-pqx5g-486351168
2019-09-25 05:31:13,386 [Thread-330] INFO  impl.FollowerState (FollowerState.java:run(106)) - e997a993-6131-47bf-96c8-764e04cb5c0e:group-F72A5BA07E82 changes to CANDIDATE, lastRpcTime:1018, electionTimeout:1016ms
2019-09-25 05:31:13,387 [Thread-330] INFO  impl.RoleInfo (RoleInfo.java:shutdownFollowerState(121)) - e997a993-6131-47bf-96c8-764e04cb5c0e: shutdown FollowerState
2019-09-25 05:31:13,387 [Thread-330] INFO  impl.RaftServerImpl (RaftServerImpl.java:setRole(174)) - e997a993-6131-47bf-96c8-764e04cb5c0e@group-F72A5BA07E82: changes role from  FOLLOWER to CANDIDATE at term 0 for changeToCandidate
2019-09-25 05:31:13,388 [Thread-330] INFO  impl.RoleInfo (RoleInfo.java:updateAndGet(143)) - e997a993-6131-47bf-96c8-764e04cb5c0e: start LeaderElection
2019-09-25 05:31:13,439 [Thread-331] INFO  impl.FollowerState (FollowerState.java:run(106)) - 0d4a37ed-4cec-423a-a360-e4a879eb6bc0:group-059250D1A272 changes to CANDIDATE, lastRpcTime:1068, electionTimeout:1068ms
2019-09-25 05:31:13,440 [Thread-331] INFO  impl.RoleInfo (RoleInfo.java:shutdownFollowerState(121)) - 0d4a37ed-4cec-423a-a360-e4a879eb6bc0: shutdown FollowerState
2019-09-25 05:31:13,440 [Thread-331] INFO  impl.RaftServerImpl (RaftServerImpl.java:setRole(174)) - 0d4a37ed-4cec-423a-a360-e4a879eb6bc0@group-059250D1A272: changes role from  FOLLOWER to CANDIDATE at term 0 for changeToCandidate
2019-09-25 05:31:13,440 [Thread-331] INFO  impl.RoleInfo (RoleInfo.java:updateAndGet(143)) - 0d4a37ed-4cec-423a-a360-e4a879eb6bc0: start LeaderElection
2019-09-25 05:31:13,464 [Thread-327] INFO  impl.FollowerState (FollowerState.java:run(106)) - 5c3318fc-c419-4298-b427-bf5a9ca27bf0:group-21C2C432FD88 changes to CANDIDATE, lastRpcTime:1100, electionTimeout:1096ms
2019-09-25 05:31:13,464 [Thread-327] INFO  impl.RoleInfo (RoleInfo.java:shutdownFollowerState(121)) - 5c3318fc-c419-4298-b427-bf5a9ca27bf0: shutdown FollowerState
2019-09-25 05:31:13,464 [Thread-327] INFO  impl.RaftServerImpl (RaftServerImpl.java:setRole(174)) - 5c3318fc-c419-4298-b427-bf5a9ca27bf0@group-21C2C432FD88: changes role from  FOLLOWER to CANDIDATE at term 1 for changeToCandidate
2019-09-25 05:31:13,464 [Thread-327] INFO  impl.RoleInfo (RoleInfo.java:updateAndGet(143)) - 5c3318fc-c419-4298-b427-bf5a9ca27bf0: start LeaderElection
2019-09-25 05:31:13,483 [Thread-334] INFO  impl.FollowerState (FollowerState.java:run(106)) - e997a993-6131-47bf-96c8-764e04cb5c0e:group-F04ACB498A1B changes to CANDIDATE, lastRpcTime:1111, electionTimeout:1111ms
2019-09-25 05:31:13,483 [Thread-334] INFO  impl.RoleInfo (RoleInfo.java:shutdownFollowerState(121)) - e997a993-6131-47bf-96c8-764e04cb5c0e: shutdown FollowerState
2019-09-25 05:31:13,483 [Thread-334] INFO  impl.RaftServerImpl (RaftServerImpl.java:setRole(174)) - e997a993-6131-47bf-96c8-764e04cb5c0e@group-F04ACB498A1B: changes role from  FOLLOWER to CANDIDATE at term 0 for changeToCandidate
2019-09-25 05:31:13,483 [Thread-334] INFO  impl.RoleInfo (RoleInfo.java:updateAndGet(143)) - e997a993-6131-47bf-96c8-764e04cb5c0e: start LeaderElection
2019-09-25 05:31:13,501 [Thread-337] INFO  impl.FollowerState (FollowerState.java:run(106)) - 61946a22-29ed-4e77-8449-fae4cd9869e9:group-059250D1A272 changes to CANDIDATE, lastRpcTime:1126, electionTimeout:1124ms
2019-09-25 05:31:13,501 [Thread-337] INFO  impl.RoleInfo (RoleInfo.java:shutdownFollowerState(121)) - 61946a22-29ed-4e77-8449-fae4cd9869e9: shutdown FollowerState
2019-09-25 05:31:13,501 [Thread-337] INFO  impl.RaftServerImpl (RaftServerImpl.java:setRole(174)) - 61946a22-29ed-4e77-8449-fae4cd9869e9@group-059250D1A272: changes role from  FOLLOWER to CANDIDATE at term 0 for changeToCandidate
2019-09-25 05:31:13,501 [Thread-337] INFO  impl.RoleInfo (RoleInfo.java:updateAndGet(143)) - 61946a22-29ed-4e77-8449-fae4cd9869e9: start LeaderElection
2019-09-25 05:31:13,524 [Thread-326] INFO  impl.FollowerState (FollowerState.java:run(106)) - 0d4a37ed-4cec-423a-a360-e4a879eb6bc0:group-21C2C432FD88 changes to CANDIDATE, lastRpcTime:1161, electionTimeout:1159ms
2019-09-25 05:31:13,524 [Thread-326] INFO  impl.RoleInfo (RoleInfo.java:shutdownFollowerState(121)) - 0d4a37ed-4cec-423a-a360-e4a879eb6bc0: shutdown FollowerState
2019-09-25 05:31:13,525 [Thread-326] INFO  impl.RaftServerImpl (RaftServerImpl.java:setRole(174)) - 0d4a37ed-4cec-423a-a360-e4a879eb6bc0@group-21C2C432FD88: changes role from  FOLLOWER to CANDIDATE at term 1 for changeToCandidate
2019-09-25 05:31:13,525 [Thread-326] INFO  impl.RoleInfo (RoleInfo.java:updateAndGet(143)) - 0d4a37ed-4cec-423a-a360-e4a879eb6bc0: start LeaderElection
2019-09-25 05:31:13,532 [Thread-328] INFO  impl.FollowerState (FollowerState.java:run(106)) - 61946a22-29ed-4e77-8449-fae4cd9869e9:group-21C2C432FD88 changes to CANDIDATE, lastRpcTime:1167, electionTimeout:1162ms
2019-09-25 05:31:13,532 [Thread-328] INFO  impl.RoleInfo (RoleInfo.java:shutdownFollowerState(121)) - 61946a22-29ed-4e77-8449-fae4cd9869e9: shutdown FollowerState
2019-09-25 05:31:13,533 [Thread-328] INFO  impl.RaftServerImpl (RaftServerImpl.java:setRole(174)) - 61946a22-29ed-4e77-8449-fae4cd9869e9@group-21C2C432FD88: changes role from  FOLLOWER to CANDIDATE at term 1 for changeToCandidate
2019-09-25 05:31:13,533 [Thread-328] INFO  impl.RoleInfo (RoleInfo.java:updateAndGet(143)) - 61946a22-29ed-4e77-8449-fae4cd9869e9: start LeaderElection
2019-09-25 05:31:13,544 [Thread-347] INFO  impl.FollowerState (FollowerState.java:run(106)) - fd2f3f79-5d7b-4d37-bb24-b15dfe7f18d7:group-60724A24602F changes to CANDIDATE, lastRpcTime:1021, electionTimeout:1018ms
2019-09-25 05:31:13,544 [Thread-347] INFO  impl.RoleInfo (RoleInfo.java:shutdownFollowerState(121)) - fd2f3f79-5d7b-4d37-bb24-b15dfe7f18d7: shutdown FollowerState
2019-09-25 05:31:13,544 [Thread-347] INFO  impl.RaftServerImpl (RaftServerImpl.java:setRole(174)) - fd2f3f79-5d7b-4d37-bb24-b15dfe7f18d7@group-60724A24602F: changes role from  FOLLOWER to CANDIDATE at term 0 for changeToCandidate
2019-09-25 05:31:13,544 [Thread-347] INFO  impl.RoleInfo (RoleInfo.java:updateAndGet(143)) - fd2f3f79-5d7b-4d37-bb24-b15dfe7f18d7: start LeaderElection
2019-09-25 05:31:13,559 [Thread-336] INFO  impl.FollowerState (FollowerState.java:run(106)) - 5c3318fc-c419-4298-b427-bf5a9ca27bf0:group-059250D1A272 changes to CANDIDATE, lastRpcTime:1184, electionTimeout:1182ms
2019-09-25 05:31:13,559 [Thread-336] INFO  impl.RoleInfo (RoleInfo.java:shutdownFollowerState(121)) - 5c3318fc-c419-4298-b427-bf5a9ca27bf0: shutdown FollowerState
2019-09-25 05:31:13,559 [Thread-336] INFO  impl.RaftServerImpl (RaftServerImpl.java:setRole(174)) - 5c3318fc-c419-4298-b427-bf5a9ca27bf0@group-059250D1A272: changes role from  FOLLOWER to CANDIDATE at term 0 for changeToCandidate
2019-09-25 05:31:13,560 [Thread-336] INFO  impl.RoleInfo (RoleInfo.java:updateAndGet(143)) - 5c3318fc-c419-4298-b427-bf5a9ca27bf0: start LeaderElection
2019-09-25 05:31:13,592 [Thread-345] INFO  impl.FollowerState (FollowerState.java:run(106)) - 616f9f8f-9479-40f4-8c03-f125dcbf9c7f:group-60724A24602F changes to CANDIDATE, lastRpcTime:1081, electionTimeout:1077ms
2019-09-25 05:31:13,592 [Thread-345] INFO  impl.RoleInfo (RoleInfo.java:shutdownFollowerState(121)) - 616f9f8f-9479-40f4-8c03-f125dcbf9c7f: shutdown FollowerState
2019-09-25 05:31:13,592 [Thread-345] INFO  impl.RaftServerImpl (RaftServerImpl.java:setRole(174)) - 616f9f8f-9479-40f4-8c03-f125dcbf9c7f@group-60724A24602F: changes role from  FOLLOWER to CANDIDATE at term 0 for changeToCandidate
2019-09-25 05:31:13,593 [Thread-345] INFO  impl.RoleInfo (RoleInfo.java:updateAndGet(143)) - 616f9f8f-9479-40f4-8c03-f125dcbf9c7f: start LeaderElection
2019-09-25 05:31:13,598 [Thread-342] INFO  impl.FollowerState (FollowerState.java:run(106)) - e997a993-6131-47bf-96c8-764e04cb5c0e:group-60724A24602F changes to CANDIDATE, lastRpcTime:1089, electionTimeout:1087ms
2019-09-25 05:31:13,598 [Thread-342] INFO  impl.RoleInfo (RoleInfo.java:shutdownFollowerState(121)) - e997a993-6131-47bf-96c8-764e04cb5c0e: shutdown FollowerState
2019-09-25 05:31:13,598 [Thread-342] INFO  impl.RaftServerImpl (RaftServerImpl.java:setRole(174)) - e997a993-6131-47bf-96c8-764e04cb5c0e@group-60724A24602F: changes role from  FOLLOWER to CANDIDATE at term 0 for changeToCandidate
2019-09-25 05:31:13,598 [Thread-342] INFO  impl.RoleInfo (RoleInfo.java:updateAndGet(143)) - e997a993-6131-47bf-96c8-764e04cb5c0e: start LeaderElection
2019-09-25 05:31:15,575 [RATISCREATEPIPELINE1] ERROR pipeline.RatisPipelineProvider (RatisPipelineProvider.java:lambda$null$5(235)) - Failed invoke Ratis rpc org.apache.hadoop.hdds.scm.pipeline.RatisPipelineProvider$$Lambda$227/594670972@5e72fa02 for f9c12371-c091-4b4a-8db2-6f0db97bbab3
org.apache.ratis.protocol.TimeoutIOException: deadline exceeded after 2999806014ns
	at org.apache.ratis.grpc.GrpcUtil.tryUnwrapException(GrpcUtil.java:82)
	at org.apache.ratis.grpc.GrpcUtil.unwrapException(GrpcUtil.java:75)
	at org.apache.ratis.grpc.client.GrpcClientProtocolClient.blockingCall(GrpcClientProtocolClient.java:178)
	at org.apache.ratis.grpc.client.GrpcClientProtocolClient.groupAdd(GrpcClientProtocolClient.java:147)
	at org.apache.ratis.grpc.client.GrpcClientRpc.sendRequest(GrpcClientRpc.java:94)
	at org.apache.ratis.client.impl.RaftClientImpl.sendRequest(RaftClientImpl.java:278)
	at org.apache.ratis.client.impl.RaftClientImpl.groupAdd(RaftClientImpl.java:205)
	at org.apache.hadoop.hdds.scm.pipeline.RatisPipelineProvider.lambda$initializePipeline$4(RatisPipelineProvider.java:196)
	at org.apache.hadoop.hdds.scm.pipeline.RatisPipelineProvider.lambda$null$5(RatisPipelineProvider.java:231)
	at java.util.stream.ForEachOps$ForEachOp$OfRef.accept(ForEachOps.java:184)
	at java.util.ArrayList$ArrayListSpliterator.forEachRemaining(ArrayList.java:1382)
	at java.util.stream.AbstractPipeline.copyInto(AbstractPipeline.java:482)
	at java.util.stream.ForEachOps$ForEachTask.compute(ForEachOps.java:291)
	at java.util.concurrent.CountedCompleter.exec(CountedCompleter.java:731)
	at java.util.concurrent.ForkJoinTask.doExec(ForkJoinTask.java:289)
	at java.util.concurrent.ForkJoinTask.doInvoke(ForkJoinTask.java:401)
	at java.util.concurrent.ForkJoinTask.invoke(ForkJoinTask.java:734)
	at java.util.stream.ForEachOps$ForEachOp.evaluateParallel(ForEachOps.java:160)
	at java.util.stream.ForEachOps$ForEachOp$OfRef.evaluateParallel(ForEachOps.java:174)
	at java.util.stream.AbstractPipeline.evaluate(AbstractPipeline.java:233)
	at java.util.stream.ReferencePipeline.forEach(ReferencePipeline.java:418)
	at java.util.stream.ReferencePipeline$Head.forEach(ReferencePipeline.java:583)
	at org.apache.hadoop.hdds.scm.pipeline.RatisPipelineProvider.lambda$callRatisRpc$6(RatisPipelineProvider.java:225)
	at java.util.concurrent.ForkJoinTask$AdaptedRunnableAction.exec(ForkJoinTask.java:1386)
	at java.util.concurrent.ForkJoinTask.doExec(ForkJoinTask.java:289)
	at java.util.concurrent.ForkJoinPool$WorkQueue.runTask(ForkJoinPool.java:1056)
	at java.util.concurrent.ForkJoinPool.runWorker(ForkJoinPool.java:1692)
	at java.util.concurrent.ForkJoinWorkerThread.run(ForkJoinWorkerThread.java:157)
Caused by: org.apache.ratis.thirdparty.io.grpc.StatusRuntimeException: DEADLINE_EXCEEDED: deadline exceeded after 2999806014ns
	at org.apache.ratis.thirdparty.io.grpc.stub.ClientCalls.toStatusRuntimeException(ClientCalls.java:233)
	at org.apache.ratis.thirdparty.io.grpc.stub.ClientCalls.getUnchecked(ClientCalls.java:214)
	at org.apache.ratis.thirdparty.io.grpc.stub.ClientCalls.blockingUnaryCall(ClientCalls.java:139)
	at org.apache.ratis.proto.grpc.AdminProtocolServiceGrpc$AdminProtocolServiceBlockingStub.groupManagement(AdminProtocolServiceGrpc.java:274)
	at org.apache.ratis.grpc.client.GrpcClientProtocolClient.lambda$groupAdd$3(GrpcClientProtocolClient.java:149)
	at org.apache.ratis.grpc.client.GrpcClientProtocolClient.blockingCall(GrpcClientProtocolClient.java:176)
	... 25 more
2019-09-25 05:31:15,575 [RATISCREATEPIPELINE3] ERROR pipeline.RatisPipelineProvider (RatisPipelineProvider.java:lambda$null$5(235)) - Failed invoke Ratis rpc org.apache.hadoop.hdds.scm.pipeline.RatisPipelineProvider$$Lambda$227/594670972@5e72fa02 for a58d7528-614e-4c39-a3a3-38beaa9905aa
org.apache.ratis.protocol.TimeoutIOException: deadline exceeded after 2997899680ns
	at org.apache.ratis.grpc.GrpcUtil.tryUnwrapException(GrpcUtil.java:82)
	at org.apache.ratis.grpc.GrpcUtil.unwrapException(GrpcUtil.java:75)
	at org.apache.ratis.grpc.client.GrpcClientProtocolClient.blockingCall(GrpcClientProtocolClient.java:178)
	at org.apache.ratis.grpc.client.GrpcClientProtocolClient.groupAdd(GrpcClientProtocolClient.java:147)
	at org.apache.ratis.grpc.client.GrpcClientRpc.sendRequest(GrpcClientRpc.java:94)
	at org.apache.ratis.client.impl.RaftClientImpl.sendRequest(RaftClientImpl.java:278)
	at org.apache.ratis.client.impl.RaftClientImpl.groupAdd(RaftClientImpl.java:205)
	at org.apache.hadoop.hdds.scm.pipeline.RatisPipelineProvider.lambda$initializePipeline$4(RatisPipelineProvider.java:196)
	at org.apache.hadoop.hdds.scm.pipeline.RatisPipelineProvider.lambda$null$5(RatisPipelineProvider.java:231)
	at java.util.stream.ForEachOps$ForEachOp$OfRef.accept(ForEachOps.java:184)
	at java.util.ArrayList$ArrayListSpliterator.forEachRemaining(ArrayList.java:1382)
	at java.util.stream.AbstractPipeline.copyInto(AbstractPipeline.java:482)
	at java.util.stream.ForEachOps$ForEachTask.compute(ForEachOps.java:291)
	at java.util.concurrent.CountedCompleter.exec(CountedCompleter.java:731)
	at java.util.concurrent.ForkJoinTask.doExec(ForkJoinTask.java:289)
	at java.util.concurrent.ForkJoinPool$WorkQueue.runTask(ForkJoinPool.java:1056)
	at java.util.concurrent.ForkJoinPool.runWorker(ForkJoinPool.java:1692)
	at java.util.concurrent.ForkJoinWorkerThread.run(ForkJoinWorkerThread.java:157)
Caused by: org.apache.ratis.thirdparty.io.grpc.StatusRuntimeException: DEADLINE_EXCEEDED: deadline exceeded after 2997899680ns
	at org.apache.ratis.thirdparty.io.grpc.stub.ClientCalls.toStatusRuntimeException(ClientCalls.java:233)
	at org.apache.ratis.thirdparty.io.grpc.stub.ClientCalls.getUnchecked(ClientCalls.java:214)
	at org.apache.ratis.thirdparty.io.grpc.stub.ClientCalls.blockingUnaryCall(ClientCalls.java:139)
	at org.apache.ratis.proto.grpc.AdminProtocolServiceGrpc$AdminProtocolServiceBlockingStub.groupManagement(AdminProtocolServiceGrpc.java:274)
	at org.apache.ratis.grpc.client.GrpcClientProtocolClient.lambda$groupAdd$3(GrpcClientProtocolClient.java:149)
	at org.apache.ratis.grpc.client.GrpcClientProtocolClient.blockingCall(GrpcClientProtocolClient.java:176)
	... 15 more
2019-09-25 05:31:15,575 [RATISCREATEPIPELINE2] ERROR pipeline.RatisPipelineProvider (RatisPipelineProvider.java:lambda$null$5(235)) - Failed invoke Ratis rpc org.apache.hadoop.hdds.scm.pipeline.RatisPipelineProvider$$Lambda$227/594670972@5e72fa02 for ce8ac917-2646-4112-adf7-d577593fabcb
org.apache.ratis.protocol.TimeoutIOException: deadline exceeded after 2999782030ns
	at org.apache.ratis.grpc.GrpcUtil.tryUnwrapException(GrpcUtil.java:82)
	at org.apache.ratis.grpc.GrpcUtil.unwrapException(GrpcUtil.java:75)
	at org.apache.ratis.grpc.client.GrpcClientProtocolClient.blockingCall(GrpcClientProtocolClient.java:178)
	at org.apache.ratis.grpc.client.GrpcClientProtocolClient.groupAdd(GrpcClientProtocolClient.java:147)
	at org.apache.ratis.grpc.client.GrpcClientRpc.sendRequest(GrpcClientRpc.java:94)
	at org.apache.ratis.client.impl.RaftClientImpl.sendRequest(RaftClientImpl.java:278)
	at org.apache.ratis.client.impl.RaftClientImpl.groupAdd(RaftClientImpl.java:205)
	at org.apache.hadoop.hdds.scm.pipeline.RatisPipelineProvider.lambda$initializePipeline$4(RatisPipelineProvider.java:196)
	at org.apache.hadoop.hdds.scm.pipeline.RatisPipelineProvider.lambda$null$5(RatisPipelineProvider.java:231)
	at java.util.stream.ForEachOps$ForEachOp$OfRef.accept(ForEachOps.java:184)
	at java.util.ArrayList$ArrayListSpliterator.forEachRemaining(ArrayList.java:1382)
	at java.util.stream.AbstractPipeline.copyInto(AbstractPipeline.java:482)
	at java.util.stream.ForEachOps$ForEachTask.compute(ForEachOps.java:291)
	at java.util.concurrent.CountedCompleter.exec(CountedCompleter.java:731)
	at java.util.concurrent.ForkJoinTask.doExec(ForkJoinTask.java:289)
	at java.util.concurrent.ForkJoinPool$WorkQueue.runTask(ForkJoinPool.java:1056)
	at java.util.concurrent.ForkJoinPool.runWorker(ForkJoinPool.java:1692)
	at java.util.concurrent.ForkJoinWorkerThread.run(ForkJoinWorkerThread.java:157)
Caused by: org.apache.ratis.thirdparty.io.grpc.StatusRuntimeException: DEADLINE_EXCEEDED: deadline exceeded after 2999782030ns
	at org.apache.ratis.thirdparty.io.grpc.stub.ClientCalls.toStatusRuntimeException(ClientCalls.java:233)
	at org.apache.ratis.thirdparty.io.grpc.stub.ClientCalls.getUnchecked(ClientCalls.java:214)
	at org.apache.ratis.thirdparty.io.grpc.stub.ClientCalls.blockingUnaryCall(ClientCalls.java:139)
	at org.apache.ratis.proto.grpc.AdminProtocolServiceGrpc$AdminProtocolServiceBlockingStub.groupManagement(AdminProtocolServiceGrpc.java:274)
	at org.apache.ratis.grpc.client.GrpcClientProtocolClient.lambda$groupAdd$3(GrpcClientProtocolClient.java:149)
	at org.apache.ratis.grpc.client.GrpcClientProtocolClient.blockingCall(GrpcClientProtocolClient.java:176)
	... 15 more
2019-09-25 05:31:15,622 [grpc-default-executor-0] INFO  impl.RaftServerProxy (RaftServerProxy.java:addNew(89)) - f9c12371-c091-4b4a-8db2-6f0db97bbab3: addNew group-AEFF648B0F59:[a58d7528-614e-4c39-a3a3-38beaa9905aa:192.168.36.126:37942, f9c12371-c091-4b4a-8db2-6f0db97bbab3:192.168.36.126:46560, ce8ac917-2646-4112-adf7-d577593fabcb:192.168.36.126:37960] returns group-AEFF648B0F59:java.util.concurrent.CompletableFuture@66bbb68e[Not completed]
2019-09-25 05:31:15,628 [grpc-default-executor-0] INFO  impl.RaftServerProxy (RaftServerProxy.java:addNew(89)) - a58d7528-614e-4c39-a3a3-38beaa9905aa: addNew group-AEFF648B0F59:[a58d7528-614e-4c39-a3a3-38beaa9905aa:192.168.36.126:37942, f9c12371-c091-4b4a-8db2-6f0db97bbab3:192.168.36.126:46560, ce8ac917-2646-4112-adf7-d577593fabcb:192.168.36.126:37960] returns group-AEFF648B0F59:java.util.concurrent.CompletableFuture@4349964a[Not completed]
2019-09-25 05:31:15,628 [grpc-default-executor-4] INFO  impl.RaftServerProxy (RaftServerProxy.java:addNew(89)) - ce8ac917-2646-4112-adf7-d577593fabcb: addNew group-AEFF648B0F59:[a58d7528-614e-4c39-a3a3-38beaa9905aa:192.168.36.126:37942, f9c12371-c091-4b4a-8db2-6f0db97bbab3:192.168.36.126:46560, ce8ac917-2646-4112-adf7-d577593fabcb:192.168.36.126:37960] returns group-AEFF648B0F59:java.util.concurrent.CompletableFuture@56fcb6fc[Not completed]
2019-09-25 05:31:18,543 [pool-27-thread-1] INFO  storage.RaftStorage (RaftStorage.java:format(72)) - Storage directory /workdir/hadoop-ozone/integration-test/target/test-dir/MiniOzoneClusterImpl-cea1adf1-e11b-40bf-86cb-fb3b2d854ef9/datanode-0/data/ratis/5a3160c6-a359-4f52-af3b-0ec8d23d101b has been successfully formatted.
2019-09-25 05:31:18,543 [pool-117-thread-1] INFO  storage.RaftStorage (RaftStorage.java:format(72)) - Storage directory /workdir/hadoop-ozone/integration-test/target/test-dir/MiniOzoneClusterImpl-cea1adf1-e11b-40bf-86cb-fb3b2d854ef9/datanode-9/data/ratis/5a3160c6-a359-4f52-af3b-0ec8d23d101b has been successfully formatted.
2019-09-25 05:31:18,543 [pool-27-thread-1] INFO  ratis.ContainerStateMachine (ContainerStateMachine.java:loadSnapshot(230)) - group-0EC8D23D101B: The snapshot info is null. Setting the last applied indexto:(t:0, i:~)
2019-09-25 05:31:18,543 [pool-87-thread-1] INFO  storage.RaftStorage (RaftStorage.java:format(72)) - Storage directory /workdir/hadoop-ozone/integration-test/target/test-dir/MiniOzoneClusterImpl-cea1adf1-e11b-40bf-86cb-fb3b2d854ef9/datanode-6/data/ratis/5a3160c6-a359-4f52-af3b-0ec8d23d101b has been successfully formatted.
2019-09-25 05:31:18,544 [5c3318fc-c419-4298-b427-bf5a9ca27bf0@group-21C2C432FD88:LeaderElection9] INFO  impl.LeaderElection (LeaderElection.java:askForVotes(182)) - 5c3318fc-c419-4298-b427-bf5a9ca27bf0@group-21C2C432FD88:LeaderElection9: begin an election at term 2 for -1: [5c3318fc-c419-4298-b427-bf5a9ca27bf0:192.168.36.126:46795, 61946a22-29ed-4e77-8449-fae4cd9869e9:192.168.36.126:36814, 0d4a37ed-4cec-423a-a360-e4a879eb6bc0:192.168.36.126:37817], old=null
2019-09-25 05:31:18,544 [0d4a37ed-4cec-423a-a360-e4a879eb6bc0@group-21C2C432FD88:LeaderElection12] INFO  impl.LeaderElection (LeaderElection.java:askForVotes(182)) - 0d4a37ed-4cec-423a-a360-e4a879eb6bc0@group-21C2C432FD88:LeaderElection12: begin an election at term 2 for -1: [5c3318fc-c419-4298-b427-bf5a9ca27bf0:192.168.36.126:46795, 61946a22-29ed-4e77-8449-fae4cd9869e9:192.168.36.126:36814, 0d4a37ed-4cec-423a-a360-e4a879eb6bc0:192.168.36.126:37817], old=null
2019-09-25 05:31:18,544 [pool-87-thread-1] INFO  ratis.ContainerStateMachine (ContainerStateMachine.java:loadSnapshot(230)) - group-0EC8D23D101B: The snapshot info is null. Setting the last applied indexto:(t:0, i:~)
2019-09-25 05:31:18,544 [e997a993-6131-47bf-96c8-764e04cb5c0e@group-F04ACB498A1B:LeaderElection10] INFO  impl.LeaderElection (LeaderElection.java:askForVotes(182)) - e997a993-6131-47bf-96c8-764e04cb5c0e@group-F04ACB498A1B:LeaderElection10: begin an election at term 1 for -1: [e997a993-6131-47bf-96c8-764e04cb5c0e:192.168.36.126:37678], old=null
2019-09-25 05:31:18,544 [pool-87-thread-1] INFO  server.RaftServerConfigKeys (ConfUtils.java:logGet(43)) - raft.server.notification.no-leader.timeout = 120s (custom)
2019-09-25 05:31:18,544 [0d4a37ed-4cec-423a-a360-e4a879eb6bc0@group-059250D1A272:LeaderElection8] INFO  impl.LeaderElection (LeaderElection.java:askForVotes(182)) - 0d4a37ed-4cec-423a-a360-e4a879eb6bc0@group-059250D1A272:LeaderElection8: begin an election at term 1 for -1: [5c3318fc-c419-4298-b427-bf5a9ca27bf0:192.168.36.126:46795, 61946a22-29ed-4e77-8449-fae4cd9869e9:192.168.36.126:36814, 0d4a37ed-4cec-423a-a360-e4a879eb6bc0:192.168.36.126:37817], old=null
2019-09-25 05:31:18,544 [e997a993-6131-47bf-96c8-764e04cb5c0e@group-F72A5BA07E82:LeaderElection7] INFO  impl.LeaderElection (LeaderElection.java:askForVotes(182)) - e997a993-6131-47bf-96c8-764e04cb5c0e@group-F72A5BA07E82:LeaderElection7: begin an election at term 1 for -1: [e997a993-6131-47bf-96c8-764e04cb5c0e:192.168.36.126:37678], old=null
2019-09-25 05:31:18,544 [fd2f3f79-5d7b-4d37-bb24-b15dfe7f18d7@group-60724A24602F:LeaderElection14] INFO  impl.LeaderElection (LeaderElection.java:askForVotes(182)) - fd2f3f79-5d7b-4d37-bb24-b15dfe7f18d7@group-60724A24602F:LeaderElection14: begin an election at term 1 for -1: [616f9f8f-9479-40f4-8c03-f125dcbf9c7f:192.168.36.126:39694, e997a993-6131-47bf-96c8-764e04cb5c0e:192.168.36.126:37678, fd2f3f79-5d7b-4d37-bb24-b15dfe7f18d7:192.168.36.126:42280], old=null
2019-09-25 05:31:18,544 [61946a22-29ed-4e77-8449-fae4cd9869e9@group-21C2C432FD88:LeaderElection13] INFO  impl.LeaderElection (LeaderElection.java:askForVotes(182)) - 61946a22-29ed-4e77-8449-fae4cd9869e9@group-21C2C432FD88:LeaderElection13: begin an election at term 2 for -1: [5c3318fc-c419-4298-b427-bf5a9ca27bf0:192.168.36.126:46795, 61946a22-29ed-4e77-8449-fae4cd9869e9:192.168.36.126:36814, 0d4a37ed-4cec-423a-a360-e4a879eb6bc0:192.168.36.126:37817], old=null
2019-09-25 05:31:18,543 [pool-117-thread-1] INFO  ratis.ContainerStateMachine (ContainerStateMachine.java:loadSnapshot(230)) - group-0EC8D23D101B: The snapshot info is null. Setting the last applied indexto:(t:0, i:~)
2019-09-25 05:31:18,543 [pool-27-thread-1] INFO  server.RaftServerConfigKeys (ConfUtils.java:logGet(43)) - raft.server.notification.no-leader.timeout = 120s (custom)
2019-09-25 05:31:18,545 [pool-117-thread-1] INFO  server.RaftServerConfigKeys (ConfUtils.java:logGet(43)) - raft.server.notification.no-leader.timeout = 120s (custom)
2019-09-25 05:31:18,545 [e997a993-6131-47bf-96c8-764e04cb5c0e@group-F72A5BA07E82:LeaderElection7] INFO  impl.RoleInfo (RoleInfo.java:shutdownLeaderElection(134)) - e997a993-6131-47bf-96c8-764e04cb5c0e: shutdown LeaderElection
2019-09-25 05:31:18,545 [pool-87-thread-1] INFO  server.RaftServerConfigKeys (ConfUtils.java:logGet(43)) - raft.server.log.use.memory = false (default)
2019-09-25 05:31:18,544 [e997a993-6131-47bf-96c8-764e04cb5c0e@group-F04ACB498A1B:LeaderElection10] INFO  impl.RoleInfo (RoleInfo.java:shutdownLeaderElection(134)) - e997a993-6131-47bf-96c8-764e04cb5c0e: shutdown LeaderElection
2019-09-25 05:31:18,544 [616f9f8f-9479-40f4-8c03-f125dcbf9c7f@group-60724A24602F:LeaderElection16] INFO  impl.LeaderElection (LeaderElection.java:askForVotes(182)) - 616f9f8f-9479-40f4-8c03-f125dcbf9c7f@group-60724A24602F:LeaderElection16: begin an election at term 1 for -1: [616f9f8f-9479-40f4-8c03-f125dcbf9c7f:192.168.36.126:39694, e997a993-6131-47bf-96c8-764e04cb5c0e:192.168.36.126:37678, fd2f3f79-5d7b-4d37-bb24-b15dfe7f18d7:192.168.36.126:42280], old=null
2019-09-25 05:31:18,544 [5c3318fc-c419-4298-b427-bf5a9ca27bf0@group-059250D1A272:LeaderElection15] INFO  impl.LeaderElection (LeaderElection.java:askForVotes(182)) - 5c3318fc-c419-4298-b427-bf5a9ca27bf0@group-059250D1A272:LeaderElection15: begin an election at term 1 for -1: [5c3318fc-c419-4298-b427-bf5a9ca27bf0:192.168.36.126:46795, 61946a22-29ed-4e77-8449-fae4cd9869e9:192.168.36.126:36814, 0d4a37ed-4cec-423a-a360-e4a879eb6bc0:192.168.36.126:37817], old=null
2019-09-25 05:31:18,544 [e997a993-6131-47bf-96c8-764e04cb5c0e@group-60724A24602F:LeaderElection17] INFO  impl.LeaderElection (LeaderElection.java:askForVotes(182)) - e997a993-6131-47bf-96c8-764e04cb5c0e@group-60724A24602F:LeaderElection17: begin an election at term 1 for -1: [616f9f8f-9479-40f4-8c03-f125dcbf9c7f:192.168.36.126:39694, e997a993-6131-47bf-96c8-764e04cb5c0e:192.168.36.126:37678, fd2f3f79-5d7b-4d37-bb24-b15dfe7f18d7:192.168.36.126:42280], old=null
2019-09-25 05:31:18,544 [61946a22-29ed-4e77-8449-fae4cd9869e9@group-059250D1A272:LeaderElection11] INFO  impl.LeaderElection (LeaderElection.java:askForVotes(182)) - 61946a22-29ed-4e77-8449-fae4cd9869e9@group-059250D1A272:LeaderElection11: begin an election at term 1 for -1: [5c3318fc-c419-4298-b427-bf5a9ca27bf0:192.168.36.126:46795, 61946a22-29ed-4e77-8449-fae4cd9869e9:192.168.36.126:36814, 0d4a37ed-4cec-423a-a360-e4a879eb6bc0:192.168.36.126:37817], old=null
2019-09-25 05:31:18,546 [e997a993-6131-47bf-96c8-764e04cb5c0e@group-F04ACB498A1B:LeaderElection10] INFO  impl.RaftServerImpl (RaftServerImpl.java:setRole(174)) - e997a993-6131-47bf-96c8-764e04cb5c0e@group-F04ACB498A1B: changes role from CANDIDATE to LEADER at term 1 for changeToLeader
2019-09-25 05:31:18,546 [pool-87-thread-1] INFO  server.RaftServerConfigKeys (ConfUtils.java:logGet(43)) - raft.server.log.purge.gap = 1000000 (custom)
2019-09-25 05:31:18,546 [e997a993-6131-47bf-96c8-764e04cb5c0e@group-F72A5BA07E82:LeaderElection7] INFO  impl.RaftServerImpl (RaftServerImpl.java:setRole(174)) - e997a993-6131-47bf-96c8-764e04cb5c0e@group-F72A5BA07E82: changes role from CANDIDATE to LEADER at term 1 for changeToLeader
2019-09-25 05:31:18,546 [pool-117-thread-1] INFO  server.RaftServerConfigKeys (ConfUtils.java:logGet(43)) - raft.server.log.use.memory = false (default)
2019-09-25 05:31:18,545 [pool-27-thread-1] INFO  server.RaftServerConfigKeys (ConfUtils.java:logGet(43)) - raft.server.log.use.memory = false (default)
2019-09-25 05:31:18,552 [pool-117-thread-1] INFO  server.RaftServerConfigKeys (ConfUtils.java:logGet(43)) - raft.server.log.purge.gap = 1000000 (custom)
2019-09-25 05:31:18,551 [e997a993-6131-47bf-96c8-764e04cb5c0e@group-F72A5BA07E82:LeaderElection7] INFO  impl.RaftServerImpl (ServerState.java:setLeader(253)) - e997a993-6131-47bf-96c8-764e04cb5c0e@group-F72A5BA07E82: change Leader from null to e997a993-6131-47bf-96c8-764e04cb5c0e at term 1 for becomeLeader, leader elected after 7490ms
2019-09-25 05:31:18,551 [pool-87-thread-1] INFO  server.RaftServerConfigKeys (ConfUtils.java:logGet(43)) - raft.server.log.appender.buffer.byte-limit = 33554432 (custom)
2019-09-25 05:31:18,561 [pool-87-thread-1] INFO  server.RaftServerConfigKeys (ConfUtils.java:logGet(43)) - raft.server.log.segment.size.max = 1048576 (custom)
2019-09-25 05:31:18,547 [e997a993-6131-47bf-96c8-764e04cb5c0e@group-F04ACB498A1B:LeaderElection10] INFO  impl.RaftServerImpl (ServerState.java:setLeader(253)) - e997a993-6131-47bf-96c8-764e04cb5c0e@group-F04ACB498A1B: change Leader from null to e997a993-6131-47bf-96c8-764e04cb5c0e at term 1 for becomeLeader, leader elected after 6284ms
2019-09-25 05:31:18,569 [pool-87-thread-1] INFO  server.RaftServerConfigKeys (ConfUtils.java:logGet(43)) - raft.server.log.segment.cache.num.max = 2 (custom)
2019-09-25 05:31:18,561 [e997a993-6131-47bf-96c8-764e04cb5c0e@group-F72A5BA07E82:LeaderElection7] INFO  server.RaftServerConfigKeys (ConfUtils.java:logGet(43)) - raft.server.staging.catchup.gap = 1000 (default)
2019-09-25 05:31:18,557 [pool-117-thread-1] INFO  server.RaftServerConfigKeys (ConfUtils.java:logGet(43)) - raft.server.log.appender.buffer.byte-limit = 33554432 (custom)
2019-09-25 05:31:18,552 [pool-27-thread-1] INFO  server.RaftServerConfigKeys (ConfUtils.java:logGet(43)) - raft.server.log.purge.gap = 1000000 (custom)
2019-09-25 05:31:18,570 [pool-117-thread-1] INFO  server.RaftServerConfigKeys (ConfUtils.java:logGet(43)) - raft.server.log.segment.size.max = 1048576 (custom)
2019-09-25 05:31:18,569 [e997a993-6131-47bf-96c8-764e04cb5c0e@group-F72A5BA07E82:LeaderElection7] INFO  server.RaftServerConfigKeys (ConfUtils.java:logGet(43)) - raft.server.rpc.sleep.time = 25ms (default)
2019-09-25 05:31:18,569 [pool-87-thread-1] INFO  segmented.SegmentedRaftLogWorker (SegmentedRaftLogWorker.java:<init>(172)) - new ce8ac917-2646-4112-adf7-d577593fabcb@group-0EC8D23D101B-SegmentedRaftLogWorker for RaftStorage:Storage Directory /workdir/hadoop-ozone/integration-test/target/test-dir/MiniOzoneClusterImpl-cea1adf1-e11b-40bf-86cb-fb3b2d854ef9/datanode-6/data/ratis/5a3160c6-a359-4f52-af3b-0ec8d23d101b
2019-09-25 05:31:18,569 [e997a993-6131-47bf-96c8-764e04cb5c0e@group-F04ACB498A1B:LeaderElection10] INFO  server.RaftServerConfigKeys (ConfUtils.java:logGet(43)) - raft.server.staging.catchup.gap = 1000 (default)
2019-09-25 05:31:18,570 [e997a993-6131-47bf-96c8-764e04cb5c0e@group-F72A5BA07E82:LeaderElection7] INFO  server.RaftServerConfigKeys (ConfUtils.java:logGet(43)) - raft.server.write.element-limit = 4096 (default)
2019-09-25 05:31:18,570 [pool-117-thread-1] INFO  server.RaftServerConfigKeys (ConfUtils.java:logGet(43)) - raft.server.log.segment.cache.num.max = 2 (custom)
2019-09-25 05:31:18,570 [pool-27-thread-1] INFO  server.RaftServerConfigKeys (ConfUtils.java:logGet(43)) - raft.server.log.appender.buffer.byte-limit = 33554432 (custom)
2019-09-25 05:31:18,571 [pool-117-thread-1] INFO  segmented.SegmentedRaftLogWorker (SegmentedRaftLogWorker.java:<init>(172)) - new a58d7528-614e-4c39-a3a3-38beaa9905aa@group-0EC8D23D101B-SegmentedRaftLogWorker for RaftStorage:Storage Directory /workdir/hadoop-ozone/integration-test/target/test-dir/MiniOzoneClusterImpl-cea1adf1-e11b-40bf-86cb-fb3b2d854ef9/datanode-9/data/ratis/5a3160c6-a359-4f52-af3b-0ec8d23d101b
2019-09-25 05:31:18,570 [e997a993-6131-47bf-96c8-764e04cb5c0e@group-F72A5BA07E82:LeaderElection7] INFO  server.RaftServerConfigKeys (ConfUtils.java:logGet(43)) - raft.server.watch.timeout = 10s (default)
2019-09-25 05:31:18,570 [e997a993-6131-47bf-96c8-764e04cb5c0e@group-F04ACB498A1B:LeaderElection10] INFO  server.RaftServerConfigKeys (ConfUtils.java:logGet(43)) - raft.server.rpc.sleep.time = 25ms (default)
2019-09-25 05:31:18,571 [e997a993-6131-47bf-96c8-764e04cb5c0e@group-F72A5BA07E82:LeaderElection7] INFO  server.RaftServerConfigKeys (ConfUtils.java:logGet(43)) - raft.server.watch.timeout.denomination = 1s (default)
2019-09-25 05:31:18,571 [pool-27-thread-1] INFO  server.RaftServerConfigKeys (ConfUtils.java:logGet(43)) - raft.server.log.segment.size.max = 1048576 (custom)
2019-09-25 05:31:18,571 [e997a993-6131-47bf-96c8-764e04cb5c0e@group-F72A5BA07E82:LeaderElection7] INFO  server.RaftServerConfigKeys (ConfUtils.java:logGet(43)) - raft.server.watch.element-limit = 65536 (default)
2019-09-25 05:31:18,571 [e997a993-6131-47bf-96c8-764e04cb5c0e@group-F04ACB498A1B:LeaderElection10] INFO  server.RaftServerConfigKeys (ConfUtils.java:logGet(43)) - raft.server.write.element-limit = 4096 (default)
2019-09-25 05:31:18,575 [pool-27-thread-1] INFO  server.RaftServerConfigKeys (ConfUtils.java:logGet(43)) - raft.server.log.segment.cache.num.max = 2 (custom)
2019-09-25 05:31:18,576 [e997a993-6131-47bf-96c8-764e04cb5c0e@group-F04ACB498A1B:LeaderElection10] INFO  server.RaftServerConfigKeys (ConfUtils.java:logGet(43)) - raft.server.watch.timeout = 10s (default)
2019-09-25 05:31:18,576 [pool-27-thread-1] INFO  segmented.SegmentedRaftLogWorker (SegmentedRaftLogWorker.java:<init>(172)) - new f9c12371-c091-4b4a-8db2-6f0db97bbab3@group-0EC8D23D101B-SegmentedRaftLogWorker for RaftStorage:Storage Directory /workdir/hadoop-ozone/integration-test/target/test-dir/MiniOzoneClusterImpl-cea1adf1-e11b-40bf-86cb-fb3b2d854ef9/datanode-0/data/ratis/5a3160c6-a359-4f52-af3b-0ec8d23d101b
2019-09-25 05:31:18,580 [e997a993-6131-47bf-96c8-764e04cb5c0e@group-F04ACB498A1B:LeaderElection10] INFO  server.RaftServerConfigKeys (ConfUtils.java:logGet(43)) - raft.server.watch.timeout.denomination = 1s (default)
2019-09-25 05:31:18,580 [e997a993-6131-47bf-96c8-764e04cb5c0e@group-F04ACB498A1B:LeaderElection10] INFO  server.RaftServerConfigKeys (ConfUtils.java:logGet(43)) - raft.server.watch.element-limit = 65536 (default)
2019-09-25 05:31:18,687 [pool-87-thread-1] INFO  server.RaftServerConfigKeys (ConfUtils.java:logGet(43)) - raft.server.log.queue.byte-limit = 2147483647 (custom)
2019-09-25 05:31:18,687 [pool-87-thread-1] INFO  server.RaftServerConfigKeys (ConfUtils.java:logGet(43)) - raft.server.log.queue.element-limit = 1024 (custom)
2019-09-25 05:31:18,689 [pool-87-thread-1] INFO  server.RaftServerConfigKeys (ConfUtils.java:logGet(43)) - raft.server.log.segment.size.max = 1048576 (custom)
2019-09-25 05:31:18,692 [pool-87-thread-1] INFO  server.RaftServerConfigKeys (ConfUtils.java:logGet(43)) - raft.server.log.preallocated.size = 16384 (custom)
2019-09-25 05:31:18,692 [RATISCREATEPIPELINE3] ERROR pipeline.RatisPipelineProvider (RatisPipelineProvider.java:lambda$null$5(235)) - Failed invoke Ratis rpc org.apache.hadoop.hdds.scm.pipeline.RatisPipelineProvider$$Lambda$227/594670972@273cff53 for a58d7528-614e-4c39-a3a3-38beaa9905aa
org.apache.ratis.protocol.TimeoutIOException: deadline exceeded after 2997029847ns
	at org.apache.ratis.grpc.GrpcUtil.tryUnwrapException(GrpcUtil.java:82)
	at org.apache.ratis.grpc.GrpcUtil.unwrapException(GrpcUtil.java:75)
	at org.apache.ratis.grpc.client.GrpcClientProtocolClient.blockingCall(GrpcClientProtocolClient.java:178)
	at org.apache.ratis.grpc.client.GrpcClientProtocolClient.groupAdd(GrpcClientProtocolClient.java:147)
	at org.apache.ratis.grpc.client.GrpcClientRpc.sendRequest(GrpcClientRpc.java:94)
	at org.apache.ratis.client.impl.RaftClientImpl.sendRequest(RaftClientImpl.java:278)
	at org.apache.ratis.client.impl.RaftClientImpl.groupAdd(RaftClientImpl.java:205)
	at org.apache.hadoop.hdds.scm.pipeline.RatisPipelineProvider.lambda$initializePipeline$4(RatisPipelineProvider.java:196)
	at org.apache.hadoop.hdds.scm.pipeline.RatisPipelineProvider.lambda$null$5(RatisPipelineProvider.java:231)
	at java.util.stream.ForEachOps$ForEachOp$OfRef.accept(ForEachOps.java:184)
	at java.util.ArrayList$ArrayListSpliterator.forEachRemaining(ArrayList.java:1382)
	at java.util.stream.AbstractPipeline.copyInto(AbstractPipeline.java:482)
	at java.util.stream.ForEachOps$ForEachTask.compute(ForEachOps.java:291)
	at java.util.concurrent.CountedCompleter.exec(CountedCompleter.java:731)
	at java.util.concurrent.ForkJoinTask.doExec(ForkJoinTask.java:289)
	at java.util.concurrent.ForkJoinPool$WorkQueue.runTask(ForkJoinPool.java:1056)
	at java.util.concurrent.ForkJoinPool.runWorker(ForkJoinPool.java:1692)
	at java.util.concurrent.ForkJoinWorkerThread.run(ForkJoinWorkerThread.java:157)
Caused by: org.apache.ratis.thirdparty.io.grpc.StatusRuntimeException: DEADLINE_EXCEEDED: deadline exceeded after 2997029847ns
	at org.apache.ratis.thirdparty.io.grpc.stub.ClientCalls.toStatusRuntimeException(ClientCalls.java:233)
	at org.apache.ratis.thirdparty.io.grpc.stub.ClientCalls.getUnchecked(ClientCalls.java:214)
	at org.apache.ratis.thirdparty.io.grpc.stub.ClientCalls.blockingUnaryCall(ClientCalls.java:139)
	at org.apache.ratis.proto.grpc.AdminProtocolServiceGrpc$AdminProtocolServiceBlockingStub.groupManagement(AdminProtocolServiceGrpc.java:274)
	at org.apache.ratis.grpc.client.GrpcClientProtocolClient.lambda$groupAdd$3(GrpcClientProtocolClient.java:149)
	at org.apache.ratis.grpc.client.GrpcClientProtocolClient.blockingCall(GrpcClientProtocolClient.java:176)
	... 15 more
2019-09-25 05:31:18,692 [pool-87-thread-1] INFO  server.RaftServerConfigKeys (ConfUtils.java:logGet(43)) - raft.server.log.write.buffer.size = 33554432 (custom)
2019-09-25 05:31:18,697 [pool-87-thread-1] INFO  server.RaftServerConfigKeys (ConfUtils.java:logGet(43)) - raft.server.log.force.sync.num = 128 (default)
2019-09-25 05:31:18,697 [pool-87-thread-1] INFO  server.RaftServerConfigKeys (ConfUtils.java:logGet(43)) - raft.server.log.statemachine.data.sync = true (default)
2019-09-25 05:31:18,702 [pool-87-thread-1] INFO  server.RaftServerConfigKeys (ConfUtils.java:logGet(43)) - raft.server.log.statemachine.data.sync.timeout = 10s (default)
2019-09-25 05:31:18,702 [pool-87-thread-1] INFO  server.RaftServerConfigKeys (ConfUtils.java:logGet(43)) - raft.server.log.statemachine.data.sync.timeout.retry = -1 (default)
2019-09-25 05:31:18,702 [RATISCREATEPIPELINE1] ERROR pipeline.RatisPipelineProvider (RatisPipelineProvider.java:lambda$null$5(235)) - Failed invoke Ratis rpc org.apache.hadoop.hdds.scm.pipeline.RatisPipelineProvider$$Lambda$227/594670972@273cff53 for f9c12371-c091-4b4a-8db2-6f0db97bbab3
org.apache.ratis.protocol.TimeoutIOException
	at org.apache.ratis.grpc.GrpcUtil.tryUnwrapException(GrpcUtil.java:82)
	at org.apache.ratis.grpc.GrpcUtil.unwrapException(GrpcUtil.java:75)
	at org.apache.ratis.grpc.client.GrpcClientProtocolClient.blockingCall(GrpcClientProtocolClient.java:178)
	at org.apache.ratis.grpc.client.GrpcClientProtocolClient.groupAdd(GrpcClientProtocolClient.java:147)
	at org.apache.ratis.grpc.client.GrpcClientRpc.sendRequest(GrpcClientRpc.java:94)
	at org.apache.ratis.client.impl.RaftClientImpl.sendRequest(RaftClientImpl.java:278)
	at org.apache.ratis.client.impl.RaftClientImpl.groupAdd(RaftClientImpl.java:205)
	at org.apache.hadoop.hdds.scm.pipeline.RatisPipelineProvider.lambda$initializePipeline$4(RatisPipelineProvider.java:196)
	at org.apache.hadoop.hdds.scm.pipeline.RatisPipelineProvider.lambda$null$5(RatisPipelineProvider.java:231)
	at java.util.stream.ForEachOps$ForEachOp$OfRef.accept(ForEachOps.java:184)
	at java.util.ArrayList$ArrayListSpliterator.forEachRemaining(ArrayList.java:1382)
	at java.util.stream.AbstractPipeline.copyInto(AbstractPipeline.java:482)
	at java.util.stream.ForEachOps$ForEachTask.compute(ForEachOps.java:291)
	at java.util.concurrent.CountedCompleter.exec(CountedCompleter.java:731)
	at java.util.concurrent.ForkJoinTask.doExec(ForkJoinTask.java:289)
	at java.util.concurrent.ForkJoinTask.doInvoke(ForkJoinTask.java:401)
	at java.util.concurrent.ForkJoinTask.invoke(ForkJoinTask.java:734)
	at java.util.stream.ForEachOps$ForEachOp.evaluateParallel(ForEachOps.java:160)
	at java.util.stream.ForEachOps$ForEachOp$OfRef.evaluateParallel(ForEachOps.java:174)
	at java.util.stream.AbstractPipeline.evaluate(AbstractPipeline.java:233)
	at java.util.stream.ReferencePipeline.forEach(ReferencePipeline.java:418)
	at java.util.stream.ReferencePipeline$Head.forEach(ReferencePipeline.java:583)
	at org.apache.hadoop.hdds.scm.pipeline.RatisPipelineProvider.lambda$callRatisRpc$6(RatisPipelineProvider.java:225)
	at java.util.concurrent.ForkJoinTask$AdaptedRunnableAction.exec(ForkJoinTask.java:1386)
	at java.util.concurrent.ForkJoinTask.doExec(ForkJoinTask.java:289)
	at java.util.concurrent.ForkJoinPool$WorkQueue.runTask(ForkJoinPool.java:1056)
	at java.util.concurrent.ForkJoinPool.runWorker(ForkJoinPool.java:1692)
	at java.util.concurrent.ForkJoinWorkerThread.run(ForkJoinWorkerThread.java:157)
Caused by: org.apache.ratis.thirdparty.io.grpc.StatusRuntimeException: DEADLINE_EXCEEDED
	at org.apache.ratis.thirdparty.io.grpc.stub.ClientCalls.toStatusRuntimeException(ClientCalls.java:233)
	at org.apache.ratis.thirdparty.io.grpc.stub.ClientCalls.getUnchecked(ClientCalls.java:214)
	at org.apache.ratis.thirdparty.io.grpc.stub.ClientCalls.blockingUnaryCall(ClientCalls.java:139)
	at org.apache.ratis.proto.grpc.AdminProtocolServiceGrpc$AdminProtocolServiceBlockingStub.groupManagement(AdminProtocolServiceGrpc.java:274)
	at org.apache.ratis.grpc.client.GrpcClientProtocolClient.lambda$groupAdd$3(GrpcClientProtocolClient.java:149)
	at org.apache.ratis.grpc.client.GrpcClientProtocolClient.blockingCall(GrpcClientProtocolClient.java:176)
	... 25 more
2019-09-25 05:31:18,702 [pool-87-thread-1] INFO  server.RaftServerConfigKeys (ConfUtils.java:logGet(43)) - raft.server.log.statemachine.data.caching.enabled = true (custom)
2019-09-25 05:31:18,703 [pool-117-thread-1] INFO  server.RaftServerConfigKeys (ConfUtils.java:logGet(43)) - raft.server.log.queue.byte-limit = 2147483647 (custom)
2019-09-25 05:31:18,705 [pool-117-thread-1] INFO  server.RaftServerConfigKeys (ConfUtils.java:logGet(43)) - raft.server.log.queue.element-limit = 1024 (custom)
2019-09-25 05:31:18,705 [pool-87-thread-1] INFO  segmented.SegmentedRaftLogWorker (SegmentedRaftLogWorker.java:lambda$new$0(132)) - ce8ac917-2646-4112-adf7-d577593fabcb@group-0EC8D23D101B-SegmentedRaftLogWorker: flushIndex: setUnconditionally 0 -> -1
2019-09-25 05:31:18,719 [pool-117-thread-1] INFO  server.RaftServerConfigKeys (ConfUtils.java:logGet(43)) - raft.server.log.segment.size.max = 1048576 (custom)
2019-09-25 05:31:18,719 [pool-87-thread-1] INFO  server.RaftServerConfigKeys (ConfUtils.java:logGet(43)) - raft.server.snapshot.auto.trigger.enabled = true (custom)
2019-09-25 05:31:18,719 [e997a993-6131-47bf-96c8-764e04cb5c0e@group-F72A5BA07E82:LeaderElection7] INFO  impl.RoleInfo (RoleInfo.java:updateAndGet(143)) - e997a993-6131-47bf-96c8-764e04cb5c0e: start LeaderState
2019-09-25 05:31:18,719 [pool-117-thread-1] INFO  server.RaftServerConfigKeys (ConfUtils.java:logGet(43)) - raft.server.log.preallocated.size = 16384 (custom)
2019-09-25 05:31:18,720 [e997a993-6131-47bf-96c8-764e04cb5c0e@group-F04ACB498A1B:LeaderElection10] INFO  impl.RoleInfo (RoleInfo.java:updateAndGet(143)) - e997a993-6131-47bf-96c8-764e04cb5c0e: start LeaderState
2019-09-25 05:31:18,719 [pool-87-thread-1] INFO  server.RaftServerConfigKeys (ConfUtils.java:logGet(43)) - raft.server.snapshot.auto.trigger.threshold = 10000 (custom)
2019-09-25 05:31:18,720 [pool-27-thread-1] INFO  server.RaftServerConfigKeys (ConfUtils.java:logGet(43)) - raft.server.log.queue.byte-limit = 2147483647 (custom)
2019-09-25 05:31:18,720 [pool-117-thread-1] INFO  server.RaftServerConfigKeys (ConfUtils.java:logGet(43)) - raft.server.log.write.buffer.size = 33554432 (custom)
2019-09-25 05:31:18,720 [pool-27-thread-1] INFO  server.RaftServerConfigKeys (ConfUtils.java:logGet(43)) - raft.server.log.queue.element-limit = 1024 (custom)
2019-09-25 05:31:18,720 [e997a993-6131-47bf-96c8-764e04cb5c0e@group-F04ACB498A1B:LeaderElection10] INFO  segmented.SegmentedRaftLogWorker (SegmentedRaftLogWorker.java:startLogSegment(380)) - e997a993-6131-47bf-96c8-764e04cb5c0e@group-F04ACB498A1B-SegmentedRaftLogWorker: Starting segment from index:0
2019-09-25 05:31:18,720 [e997a993-6131-47bf-96c8-764e04cb5c0e@group-F72A5BA07E82:LeaderElection7] INFO  segmented.SegmentedRaftLogWorker (SegmentedRaftLogWorker.java:startLogSegment(380)) - e997a993-6131-47bf-96c8-764e04cb5c0e@group-F72A5BA07E82-SegmentedRaftLogWorker: Starting segment from index:0
2019-09-25 05:31:18,720 [pool-87-thread-1] INFO  server.RaftServerConfigKeys (ConfUtils.java:logGet(43)) - raft.server.snapshot.retention.num.files = 5 (custom)
2019-09-25 05:31:18,723 [pool-27-thread-1] INFO  server.RaftServerConfigKeys (ConfUtils.java:logGet(43)) - raft.server.log.segment.size.max = 1048576 (custom)
2019-09-25 05:31:18,720 [pool-117-thread-1] INFO  server.RaftServerConfigKeys (ConfUtils.java:logGet(43)) - raft.server.log.force.sync.num = 128 (default)
2019-09-25 05:31:18,723 [pool-87-thread-1] INFO  server.RaftServerConfigKeys (ConfUtils.java:logGet(43)) - raft.server.retrycache.expirytime = 600000ms (custom)
2019-09-25 05:31:18,723 [pool-27-thread-1] INFO  server.RaftServerConfigKeys (ConfUtils.java:logGet(43)) - raft.server.log.preallocated.size = 16384 (custom)
2019-09-25 05:31:18,723 [e997a993-6131-47bf-96c8-764e04cb5c0e@group-F04ACB498A1B:LeaderElection10] INFO  impl.RaftServerImpl (ServerState.java:setRaftConf(354)) - e997a993-6131-47bf-96c8-764e04cb5c0e@group-F04ACB498A1B: set configuration 0: [e997a993-6131-47bf-96c8-764e04cb5c0e:192.168.36.126:37678], old=null at 0
2019-09-25 05:31:18,723 [RATISCREATEPIPELINE2] ERROR pipeline.RatisPipelineProvider (RatisPipelineProvider.java:lambda$null$5(235)) - Failed invoke Ratis rpc org.apache.hadoop.hdds.scm.pipeline.RatisPipelineProvider$$Lambda$227/594670972@273cff53 for ce8ac917-2646-4112-adf7-d577593fabcb
org.apache.ratis.protocol.TimeoutIOException: deadline exceeded after 2999676043ns
	at org.apache.ratis.grpc.GrpcUtil.tryUnwrapException(GrpcUtil.java:82)
	at org.apache.ratis.grpc.GrpcUtil.unwrapException(GrpcUtil.java:75)
	at org.apache.ratis.grpc.client.GrpcClientProtocolClient.blockingCall(GrpcClientProtocolClient.java:178)
	at org.apache.ratis.grpc.client.GrpcClientProtocolClient.groupAdd(GrpcClientProtocolClient.java:147)
	at org.apache.ratis.grpc.client.GrpcClientRpc.sendRequest(GrpcClientRpc.java:94)
	at org.apache.ratis.client.impl.RaftClientImpl.sendRequest(RaftClientImpl.java:278)
	at org.apache.ratis.client.impl.RaftClientImpl.groupAdd(RaftClientImpl.java:205)
	at org.apache.hadoop.hdds.scm.pipeline.RatisPipelineProvider.lambda$initializePipeline$4(RatisPipelineProvider.java:196)
	at org.apache.hadoop.hdds.scm.pipeline.RatisPipelineProvider.lambda$null$5(RatisPipelineProvider.java:231)
	at java.util.stream.ForEachOps$ForEachOp$OfRef.accept(ForEachOps.java:184)
	at java.util.ArrayList$ArrayListSpliterator.forEachRemaining(ArrayList.java:1382)
	at java.util.stream.AbstractPipeline.copyInto(AbstractPipeline.java:482)
	at java.util.stream.ForEachOps$ForEachTask.compute(ForEachOps.java:291)
	at java.util.concurrent.CountedCompleter.exec(CountedCompleter.java:731)
	at java.util.concurrent.ForkJoinTask.doExec(ForkJoinTask.java:289)
	at java.util.concurrent.ForkJoinPool$WorkQueue.runTask(ForkJoinPool.java:1056)
	at java.util.concurrent.ForkJoinPool.runWorker(ForkJoinPool.java:1692)
	at java.util.concurrent.ForkJoinWorkerThread.run(ForkJoinWorkerThread.java:157)
Caused by: org.apache.ratis.thirdparty.io.grpc.StatusRuntimeException: DEADLINE_EXCEEDED: deadline exceeded after 2999676043ns
	at org.apache.ratis.thirdparty.io.grpc.stub.ClientCalls.toStatusRuntimeException(ClientCalls.java:233)
	at org.apache.ratis.thirdparty.io.grpc.stub.ClientCalls.getUnchecked(ClientCalls.java:214)
	at org.apache.ratis.thirdparty.io.grpc.stub.ClientCalls.blockingUnaryCall(ClientCalls.java:139)
	at org.apache.ratis.proto.grpc.AdminProtocolServiceGrpc$AdminProtocolServiceBlockingStub.groupManagement(AdminProtocolServiceGrpc.java:274)
	at org.apache.ratis.grpc.client.GrpcClientProtocolClient.lambda$groupAdd$3(GrpcClientProtocolClient.java:149)
	at org.apache.ratis.grpc.client.GrpcClientProtocolClient.blockingCall(GrpcClientProtocolClient.java:176)
	... 15 more
2019-09-25 05:31:18,724 [pool-27-thread-1] INFO  server.RaftServerConfigKeys (ConfUtils.java:logGet(43)) - raft.server.log.write.buffer.size = 33554432 (custom)
2019-09-25 05:31:18,724 [e997a993-6131-47bf-96c8-764e04cb5c0e@group-F72A5BA07E82:LeaderElection7] INFO  impl.RaftServerImpl (ServerState.java:setRaftConf(354)) - e997a993-6131-47bf-96c8-764e04cb5c0e@group-F72A5BA07E82: set configuration 0: [e997a993-6131-47bf-96c8-764e04cb5c0e:192.168.36.126:37678], old=null at 0
2019-09-25 05:31:18,724 [pool-117-thread-1] INFO  server.RaftServerConfigKeys (ConfUtils.java:logGet(43)) - raft.server.log.statemachine.data.sync = true (default)
2019-09-25 05:31:18,752 [IPC Server handler 3 on 35590] WARN  block.BlockManagerImpl (BlockManagerImpl.java:allocateBlock(192)) - Pipeline creation failed for type:RATIS factor:THREE. Retrying get pipelines call once.
org.apache.hadoop.io.MultipleIOException: 3 exceptions [java.io.IOException: Failed invoke Ratis rpc org.apache.hadoop.hdds.scm.pipeline.RatisPipelineProvider$$Lambda$227/594670972@273cff53 for a58d7528-614e-4c39-a3a3-38beaa9905aa, java.io.IOException: Failed invoke Ratis rpc org.apache.hadoop.hdds.scm.pipeline.RatisPipelineProvider$$Lambda$227/594670972@273cff53 for f9c12371-c091-4b4a-8db2-6f0db97bbab3, java.io.IOException: Failed invoke Ratis rpc org.apache.hadoop.hdds.scm.pipeline.RatisPipelineProvider$$Lambda$227/594670972@273cff53 for ce8ac917-2646-4112-adf7-d577593fabcb]
	at org.apache.hadoop.io.MultipleIOException.createIOException(MultipleIOException.java:53)
	at org.apache.hadoop.hdds.scm.pipeline.RatisPipelineProvider.callRatisRpc(RatisPipelineProvider.java:251)
	at org.apache.hadoop.hdds.scm.pipeline.RatisPipelineProvider.initializePipeline(RatisPipelineProvider.java:194)
	at org.apache.hadoop.hdds.scm.pipeline.RatisPipelineProvider.create(RatisPipelineProvider.java:163)
	at org.apache.hadoop.hdds.scm.pipeline.PipelineFactory.create(PipelineFactory.java:58)
	at org.apache.hadoop.hdds.scm.pipeline.SCMPipelineManager.createPipeline(SCMPipelineManager.java:155)
	at org.apache.hadoop.hdds.scm.block.BlockManagerImpl.allocateBlock(BlockManagerImpl.java:190)
	at org.apache.hadoop.hdds.scm.server.SCMBlockProtocolServer.allocateBlock(SCMBlockProtocolServer.java:182)
	at org.apache.hadoop.ozone.protocolPB.ScmBlockLocationProtocolServerSideTranslatorPB.allocateScmBlock(ScmBlockLocationProtocolServerSideTranslatorPB.java:183)
	at org.apache.hadoop.ozone.protocolPB.ScmBlockLocationProtocolServerSideTranslatorPB.processMessage(ScmBlockLocationProtocolServerSideTranslatorPB.java:141)
	at org.apache.hadoop.ozone.protocolPB.ScmBlockLocationProtocolServerSideTranslatorPB.send(ScmBlockLocationProtocolServerSideTranslatorPB.java:116)
	at org.apache.hadoop.hdds.protocol.proto.ScmBlockLocationProtocolProtos$ScmBlockLocationProtocolService$2.callBlockingMethod(ScmBlockLocationProtocolProtos.java:13157)
	at org.apache.hadoop.ipc.ProtobufRpcEngine$Server$ProtoBufRpcInvoker.call(ProtobufRpcEngine.java:524)
	at org.apache.hadoop.ipc.RPC$Server.call(RPC.java:1025)
	at org.apache.hadoop.ipc.Server$RpcCall.run(Server.java:876)
	at org.apache.hadoop.ipc.Server$RpcCall.run(Server.java:822)
	at java.security.AccessController.doPrivileged(Native Method)
	at javax.security.auth.Subject.doAs(Subject.java:422)
	at org.apache.hadoop.security.UserGroupInformation.doAs(UserGroupInformation.java:1730)
	at org.apache.hadoop.ipc.Server$Handler.run(Server.java:2682)
2019-09-25 05:31:18,752 [pool-27-thread-1] INFO  server.RaftServerConfigKeys (ConfUtils.java:logGet(43)) - raft.server.log.force.sync.num = 128 (default)
2019-09-25 05:31:18,755 [pool-117-thread-1] INFO  server.RaftServerConfigKeys (ConfUtils.java:logGet(43)) - raft.server.log.statemachine.data.sync.timeout = 10s (default)
2019-09-25 05:31:18,758 [pool-27-thread-1] INFO  server.RaftServerConfigKeys (ConfUtils.java:logGet(43)) - raft.server.log.statemachine.data.sync = true (default)
2019-09-25 05:31:18,758 [pool-117-thread-1] INFO  server.RaftServerConfigKeys (ConfUtils.java:logGet(43)) - raft.server.log.statemachine.data.sync.timeout.retry = -1 (default)
2019-09-25 05:31:18,758 [pool-27-thread-1] INFO  server.RaftServerConfigKeys (ConfUtils.java:logGet(43)) - raft.server.log.statemachine.data.sync.timeout = 10s (default)
2019-09-25 05:31:18,758 [0d4a37ed-4cec-423a-a360-e4a879eb6bc0@group-21C2C432FD88:LeaderElection12] INFO  impl.LeaderElection (LeaderElection.java:logAndReturn(56)) - 0d4a37ed-4cec-423a-a360-e4a879eb6bc0@group-21C2C432FD88:LeaderElection12: Election REJECTED; received 2 response(s) [0d4a37ed-4cec-423a-a360-e4a879eb6bc0<-5c3318fc-c419-4298-b427-bf5a9ca27bf0#0:FAIL-t2, 0d4a37ed-4cec-423a-a360-e4a879eb6bc0<-61946a22-29ed-4e77-8449-fae4cd9869e9#0:FAIL-t2] and 0 exception(s); 0d4a37ed-4cec-423a-a360-e4a879eb6bc0@group-21C2C432FD88:t2, leader=null, voted=0d4a37ed-4cec-423a-a360-e4a879eb6bc0, raftlog=0d4a37ed-4cec-423a-a360-e4a879eb6bc0@group-21C2C432FD88-SegmentedRaftLog:OPENED:c-1,f-1,i0, conf=-1: [5c3318fc-c419-4298-b427-bf5a9ca27bf0:192.168.36.126:46795, 61946a22-29ed-4e77-8449-fae4cd9869e9:192.168.36.126:36814, 0d4a37ed-4cec-423a-a360-e4a879eb6bc0:192.168.36.126:37817], old=null
2019-09-25 05:31:18,759 [pool-117-thread-1] INFO  server.RaftServerConfigKeys (ConfUtils.java:logGet(43)) - raft.server.log.statemachine.data.caching.enabled = true (custom)
2019-09-25 05:31:18,758 [0d4a37ed-4cec-423a-a360-e4a879eb6bc0@group-059250D1A272:LeaderElection8] INFO  impl.LeaderElection (LeaderElection.java:logAndReturn(56)) - 0d4a37ed-4cec-423a-a360-e4a879eb6bc0@group-059250D1A272:LeaderElection8: Election REJECTED; received 2 response(s) [0d4a37ed-4cec-423a-a360-e4a879eb6bc0<-5c3318fc-c419-4298-b427-bf5a9ca27bf0#0:FAIL-t1, 0d4a37ed-4cec-423a-a360-e4a879eb6bc0<-61946a22-29ed-4e77-8449-fae4cd9869e9#0:FAIL-t1] and 0 exception(s); 0d4a37ed-4cec-423a-a360-e4a879eb6bc0@group-059250D1A272:t1, leader=null, voted=0d4a37ed-4cec-423a-a360-e4a879eb6bc0, raftlog=0d4a37ed-4cec-423a-a360-e4a879eb6bc0@group-059250D1A272-SegmentedRaftLog:OPENED:c-1,f-1,i0, conf=-1: [5c3318fc-c419-4298-b427-bf5a9ca27bf0:192.168.36.126:46795, 61946a22-29ed-4e77-8449-fae4cd9869e9:192.168.36.126:36814, 0d4a37ed-4cec-423a-a360-e4a879eb6bc0:192.168.36.126:37817], old=null
2019-09-25 05:31:18,758 [pool-27-thread-1] INFO  server.RaftServerConfigKeys (ConfUtils.java:logGet(43)) - raft.server.log.statemachine.data.sync.timeout.retry = -1 (default)
2019-09-25 05:31:18,766 [0d4a37ed-4cec-423a-a360-e4a879eb6bc0@group-059250D1A272:LeaderElection8] INFO  impl.RaftServerImpl (RaftServerImpl.java:setRole(174)) - 0d4a37ed-4cec-423a-a360-e4a879eb6bc0@group-059250D1A272: changes role from CANDIDATE to FOLLOWER at term 1 for DISCOVERED_A_NEW_TERM
2019-09-25 05:31:18,761 [0d4a37ed-4cec-423a-a360-e4a879eb6bc0@group-21C2C432FD88:LeaderElection12] INFO  impl.RaftServerImpl (RaftServerImpl.java:setRole(174)) - 0d4a37ed-4cec-423a-a360-e4a879eb6bc0@group-21C2C432FD88: changes role from CANDIDATE to FOLLOWER at term 2 for DISCOVERED_A_NEW_TERM
2019-09-25 05:31:18,770 [0d4a37ed-4cec-423a-a360-e4a879eb6bc0@group-21C2C432FD88:LeaderElection12] INFO  impl.RoleInfo (RoleInfo.java:shutdownLeaderElection(134)) - 0d4a37ed-4cec-423a-a360-e4a879eb6bc0: shutdown LeaderElection
2019-09-25 05:31:18,770 [0d4a37ed-4cec-423a-a360-e4a879eb6bc0@group-059250D1A272:LeaderElection8] INFO  impl.RoleInfo (RoleInfo.java:shutdownLeaderElection(134)) - 0d4a37ed-4cec-423a-a360-e4a879eb6bc0: shutdown LeaderElection
2019-09-25 05:31:18,771 [0d4a37ed-4cec-423a-a360-e4a879eb6bc0@group-21C2C432FD88:LeaderElection12] INFO  impl.RoleInfo (RoleInfo.java:updateAndGet(143)) - 0d4a37ed-4cec-423a-a360-e4a879eb6bc0: start FollowerState
2019-09-25 05:31:18,771 [pool-117-thread-1] INFO  segmented.SegmentedRaftLogWorker (SegmentedRaftLogWorker.java:lambda$new$0(132)) - a58d7528-614e-4c39-a3a3-38beaa9905aa@group-0EC8D23D101B-SegmentedRaftLogWorker: flushIndex: setUnconditionally 0 -> -1
2019-09-25 05:31:18,771 [0d4a37ed-4cec-423a-a360-e4a879eb6bc0@group-059250D1A272:LeaderElection8] INFO  impl.RoleInfo (RoleInfo.java:updateAndGet(143)) - 0d4a37ed-4cec-423a-a360-e4a879eb6bc0: start FollowerState
2019-09-25 05:31:18,771 [pool-27-thread-1] INFO  server.RaftServerConfigKeys (ConfUtils.java:logGet(43)) - raft.server.log.statemachine.data.caching.enabled = true (custom)
2019-09-25 05:31:18,771 [pool-117-thread-1] INFO  server.RaftServerConfigKeys (ConfUtils.java:logGet(43)) - raft.server.snapshot.auto.trigger.enabled = true (custom)
2019-09-25 05:31:18,771 [pool-117-thread-1] INFO  server.RaftServerConfigKeys (ConfUtils.java:logGet(43)) - raft.server.snapshot.auto.trigger.threshold = 10000 (custom)
2019-09-25 05:31:18,771 [pool-27-thread-1] INFO  segmented.SegmentedRaftLogWorker (SegmentedRaftLogWorker.java:lambda$new$0(132)) - f9c12371-c091-4b4a-8db2-6f0db97bbab3@group-0EC8D23D101B-SegmentedRaftLogWorker: flushIndex: setUnconditionally 0 -> -1
2019-09-25 05:31:18,771 [pool-117-thread-1] INFO  server.RaftServerConfigKeys (ConfUtils.java:logGet(43)) - raft.server.snapshot.retention.num.files = 5 (custom)
2019-09-25 05:31:18,779 [pool-27-thread-1] INFO  server.RaftServerConfigKeys (ConfUtils.java:logGet(43)) - raft.server.snapshot.auto.trigger.enabled = true (custom)
2019-09-25 05:31:18,780 [pool-87-thread-1] INFO  impl.RaftServerImpl (RaftServerImpl.java:<init>(95)) - ce8ac917-2646-4112-adf7-d577593fabcb: new RaftServerImpl for group-AEFF648B0F59:[a58d7528-614e-4c39-a3a3-38beaa9905aa:192.168.36.126:37942, f9c12371-c091-4b4a-8db2-6f0db97bbab3:192.168.36.126:46560, ce8ac917-2646-4112-adf7-d577593fabcb:192.168.36.126:37960] with ContainerStateMachine:uninitialized
2019-09-25 05:31:18,779 [pool-117-thread-1] INFO  server.RaftServerConfigKeys (ConfUtils.java:logGet(43)) - raft.server.retrycache.expirytime = 600000ms (custom)
2019-09-25 05:31:18,782 [pool-87-thread-1] INFO  server.RaftServerConfigKeys (ConfUtils.java:logGet(43)) - raft.server.rpc.timeout.min = 1s (custom)
2019-09-25 05:31:18,780 [pool-27-thread-1] INFO  server.RaftServerConfigKeys (ConfUtils.java:logGet(43)) - raft.server.snapshot.auto.trigger.threshold = 10000 (custom)
2019-09-25 05:31:18,782 [pool-87-thread-1] INFO  server.RaftServerConfigKeys (ConfUtils.java:logGet(43)) - raft.server.rpc.timeout.max = 1200ms (custom)
2019-09-25 05:31:18,782 [pool-27-thread-1] INFO  server.RaftServerConfigKeys (ConfUtils.java:logGet(43)) - raft.server.snapshot.retention.num.files = 5 (custom)
2019-09-25 05:31:18,782 [fd2f3f79-5d7b-4d37-bb24-b15dfe7f18d7@group-60724A24602F:LeaderElection14] INFO  impl.LeaderElection (LeaderElection.java:logAndReturn(56)) - fd2f3f79-5d7b-4d37-bb24-b15dfe7f18d7@group-60724A24602F:LeaderElection14: Election REJECTED; received 2 response(s) [fd2f3f79-5d7b-4d37-bb24-b15dfe7f18d7<-616f9f8f-9479-40f4-8c03-f125dcbf9c7f#0:FAIL-t1, fd2f3f79-5d7b-4d37-bb24-b15dfe7f18d7<-e997a993-6131-47bf-96c8-764e04cb5c0e#0:FAIL-t1] and 0 exception(s); fd2f3f79-5d7b-4d37-bb24-b15dfe7f18d7@group-60724A24602F:t1, leader=null, voted=fd2f3f79-5d7b-4d37-bb24-b15dfe7f18d7, raftlog=fd2f3f79-5d7b-4d37-bb24-b15dfe7f18d7@group-60724A24602F-SegmentedRaftLog:OPENED:c-1,f-1,i0, conf=-1: [616f9f8f-9479-40f4-8c03-f125dcbf9c7f:192.168.36.126:39694, e997a993-6131-47bf-96c8-764e04cb5c0e:192.168.36.126:37678, fd2f3f79-5d7b-4d37-bb24-b15dfe7f18d7:192.168.36.126:42280], old=null
2019-09-25 05:31:18,784 [pool-27-thread-1] INFO  server.RaftServerConfigKeys (ConfUtils.java:logGet(43)) - raft.server.retrycache.expirytime = 600000ms (custom)
2019-09-25 05:31:18,782 [pool-87-thread-1] INFO  server.RaftServerConfigKeys (ConfUtils.java:logGet(43)) - raft.server.rpcslowness.timeout = 120s (custom)
2019-09-25 05:31:18,785 [fd2f3f79-5d7b-4d37-bb24-b15dfe7f18d7@group-60724A24602F:LeaderElection14] INFO  impl.RaftServerImpl (RaftServerImpl.java:setRole(174)) - fd2f3f79-5d7b-4d37-bb24-b15dfe7f18d7@group-60724A24602F: changes role from CANDIDATE to FOLLOWER at term 1 for DISCOVERED_A_NEW_TERM
2019-09-25 05:31:18,787 [pool-87-thread-1] INFO  server.RaftServerConfigKeys (ConfUtils.java:logGet(43)) - raft.server.sleep.deviation.threshold = 300 (default)
2019-09-25 05:31:18,787 [e997a993-6131-47bf-96c8-764e04cb5c0e@group-60724A24602F:LeaderElection17] INFO  impl.LeaderElection (LeaderElection.java:logAndReturn(56)) - e997a993-6131-47bf-96c8-764e04cb5c0e@group-60724A24602F:LeaderElection17: Election REJECTED; received 2 response(s) [e997a993-6131-47bf-96c8-764e04cb5c0e<-616f9f8f-9479-40f4-8c03-f125dcbf9c7f#0:FAIL-t1, e997a993-6131-47bf-96c8-764e04cb5c0e<-fd2f3f79-5d7b-4d37-bb24-b15dfe7f18d7#0:FAIL-t1] and 0 exception(s); e997a993-6131-47bf-96c8-764e04cb5c0e@group-60724A24602F:t1, leader=null, voted=e997a993-6131-47bf-96c8-764e04cb5c0e, raftlog=e997a993-6131-47bf-96c8-764e04cb5c0e@group-60724A24602F-SegmentedRaftLog:OPENED:c-1,f-1,i0, conf=-1: [616f9f8f-9479-40f4-8c03-f125dcbf9c7f:192.168.36.126:39694, e997a993-6131-47bf-96c8-764e04cb5c0e:192.168.36.126:37678, fd2f3f79-5d7b-4d37-bb24-b15dfe7f18d7:192.168.36.126:42280], old=null
2019-09-25 05:31:18,787 [fd2f3f79-5d7b-4d37-bb24-b15dfe7f18d7@group-60724A24602F:LeaderElection14] INFO  impl.RoleInfo (RoleInfo.java:shutdownLeaderElection(134)) - fd2f3f79-5d7b-4d37-bb24-b15dfe7f18d7: shutdown LeaderElection
2019-09-25 05:31:18,787 [e997a993-6131-47bf-96c8-764e04cb5c0e@group-60724A24602F:LeaderElection17] INFO  impl.RaftServerImpl (RaftServerImpl.java:setRole(174)) - e997a993-6131-47bf-96c8-764e04cb5c0e@group-60724A24602F: changes role from CANDIDATE to FOLLOWER at term 1 for DISCOVERED_A_NEW_TERM
2019-09-25 05:31:18,787 [pool-87-thread-1] INFO  server.RaftServerConfigKeys (ConfUtils.java:logGet(43)) - raft.server.log.appender.install.snapshot.enabled = false (custom)
2019-09-25 05:31:18,789 [e997a993-6131-47bf-96c8-764e04cb5c0e@group-60724A24602F:LeaderElection17] INFO  impl.RoleInfo (RoleInfo.java:shutdownLeaderElection(134)) - e997a993-6131-47bf-96c8-764e04cb5c0e: shutdown LeaderElection
2019-09-25 05:31:18,789 [fd2f3f79-5d7b-4d37-bb24-b15dfe7f18d7@group-60724A24602F:LeaderElection14] INFO  impl.RoleInfo (RoleInfo.java:updateAndGet(143)) - fd2f3f79-5d7b-4d37-bb24-b15dfe7f18d7: start FollowerState
2019-09-25 05:31:18,789 [e997a993-6131-47bf-96c8-764e04cb5c0e@group-60724A24602F:LeaderElection17] INFO  impl.RoleInfo (RoleInfo.java:updateAndGet(143)) - e997a993-6131-47bf-96c8-764e04cb5c0e: start FollowerState
2019-09-25 05:31:18,789 [pool-87-thread-1] INFO  impl.RaftServerImpl (ServerState.java:<init>(103)) - ce8ac917-2646-4112-adf7-d577593fabcb@group-AEFF648B0F59: ConfigurationManager, init=-1: [a58d7528-614e-4c39-a3a3-38beaa9905aa:192.168.36.126:37942, f9c12371-c091-4b4a-8db2-6f0db97bbab3:192.168.36.126:46560, ce8ac917-2646-4112-adf7-d577593fabcb:192.168.36.126:37960], old=null, confs=<EMPTY_MAP>
2019-09-25 05:31:18,789 [pool-87-thread-1] INFO  server.RaftServerConfigKeys (ConfUtils.java:logGet(43)) - raft.server.storage.dir = [/workdir/hadoop-ozone/integration-test/target/test-dir/MiniOzoneClusterImpl-cea1adf1-e11b-40bf-86cb-fb3b2d854ef9/datanode-6/data/ratis] (custom)
2019-09-25 05:31:18,790 [61946a22-29ed-4e77-8449-fae4cd9869e9@group-21C2C432FD88:LeaderElection13] INFO  impl.LeaderElection (LeaderElection.java:logAndReturn(56)) - 61946a22-29ed-4e77-8449-fae4cd9869e9@group-21C2C432FD88:LeaderElection13: Election REJECTED; received 2 response(s) [61946a22-29ed-4e77-8449-fae4cd9869e9<-5c3318fc-c419-4298-b427-bf5a9ca27bf0#0:FAIL-t2, 61946a22-29ed-4e77-8449-fae4cd9869e9<-0d4a37ed-4cec-423a-a360-e4a879eb6bc0#0:FAIL-t2] and 0 exception(s); 61946a22-29ed-4e77-8449-fae4cd9869e9@group-21C2C432FD88:t2, leader=null, voted=61946a22-29ed-4e77-8449-fae4cd9869e9, raftlog=61946a22-29ed-4e77-8449-fae4cd9869e9@group-21C2C432FD88-SegmentedRaftLog:OPENED:c-1,f-1,i0, conf=-1: [5c3318fc-c419-4298-b427-bf5a9ca27bf0:192.168.36.126:46795, 61946a22-29ed-4e77-8449-fae4cd9869e9:192.168.36.126:36814, 0d4a37ed-4cec-423a-a360-e4a879eb6bc0:192.168.36.126:37817], old=null
2019-09-25 05:31:18,790 [61946a22-29ed-4e77-8449-fae4cd9869e9@group-21C2C432FD88:LeaderElection13] INFO  impl.RaftServerImpl (RaftServerImpl.java:setRole(174)) - 61946a22-29ed-4e77-8449-fae4cd9869e9@group-21C2C432FD88: changes role from CANDIDATE to FOLLOWER at term 2 for DISCOVERED_A_NEW_TERM
2019-09-25 05:31:18,790 [pool-87-thread-1] INFO  storage.RaftStorageDirectory (RaftStorageDirectory.java:analyzeStorage(246)) - The storage directory /workdir/hadoop-ozone/integration-test/target/test-dir/MiniOzoneClusterImpl-cea1adf1-e11b-40bf-86cb-fb3b2d854ef9/datanode-6/data/ratis/49b4a0c9-626a-4270-a299-aeff648b0f59 does not exist. Creating ...
2019-09-25 05:31:18,790 [61946a22-29ed-4e77-8449-fae4cd9869e9@group-21C2C432FD88:LeaderElection13] INFO  impl.RoleInfo (RoleInfo.java:shutdownLeaderElection(134)) - 61946a22-29ed-4e77-8449-fae4cd9869e9: shutdown LeaderElection
2019-09-25 05:31:18,792 [61946a22-29ed-4e77-8449-fae4cd9869e9@group-059250D1A272:LeaderElection11] INFO  impl.LeaderElection (LeaderElection.java:logAndReturn(56)) - 61946a22-29ed-4e77-8449-fae4cd9869e9@group-059250D1A272:LeaderElection11: Election REJECTED; received 2 response(s) [61946a22-29ed-4e77-8449-fae4cd9869e9<-5c3318fc-c419-4298-b427-bf5a9ca27bf0#0:FAIL-t1, 61946a22-29ed-4e77-8449-fae4cd9869e9<-0d4a37ed-4cec-423a-a360-e4a879eb6bc0#0:FAIL-t1] and 0 exception(s); 61946a22-29ed-4e77-8449-fae4cd9869e9@group-059250D1A272:t1, leader=null, voted=61946a22-29ed-4e77-8449-fae4cd9869e9, raftlog=61946a22-29ed-4e77-8449-fae4cd9869e9@group-059250D1A272-SegmentedRaftLog:OPENED:c-1,f-1,i0, conf=-1: [5c3318fc-c419-4298-b427-bf5a9ca27bf0:192.168.36.126:46795, 61946a22-29ed-4e77-8449-fae4cd9869e9:192.168.36.126:36814, 0d4a37ed-4cec-423a-a360-e4a879eb6bc0:192.168.36.126:37817], old=null
2019-09-25 05:31:18,792 [61946a22-29ed-4e77-8449-fae4cd9869e9@group-21C2C432FD88:LeaderElection13] INFO  impl.RoleInfo (RoleInfo.java:updateAndGet(143)) - 61946a22-29ed-4e77-8449-fae4cd9869e9: start FollowerState
2019-09-25 05:31:18,792 [61946a22-29ed-4e77-8449-fae4cd9869e9@group-059250D1A272:LeaderElection11] INFO  impl.RaftServerImpl (RaftServerImpl.java:setRole(174)) - 61946a22-29ed-4e77-8449-fae4cd9869e9@group-059250D1A272: changes role from CANDIDATE to FOLLOWER at term 1 for DISCOVERED_A_NEW_TERM
2019-09-25 05:31:18,794 [61946a22-29ed-4e77-8449-fae4cd9869e9@group-059250D1A272:LeaderElection11] INFO  impl.RoleInfo (RoleInfo.java:shutdownLeaderElection(134)) - 61946a22-29ed-4e77-8449-fae4cd9869e9: shutdown LeaderElection
2019-09-25 05:31:18,794 [61946a22-29ed-4e77-8449-fae4cd9869e9@group-059250D1A272:LeaderElection11] INFO  impl.RoleInfo (RoleInfo.java:updateAndGet(143)) - 61946a22-29ed-4e77-8449-fae4cd9869e9: start FollowerState
2019-09-25 05:31:18,795 [5c3318fc-c419-4298-b427-bf5a9ca27bf0@group-21C2C432FD88:LeaderElection9] INFO  impl.LeaderElection (LeaderElection.java:logAndReturn(56)) - 5c3318fc-c419-4298-b427-bf5a9ca27bf0@group-21C2C432FD88:LeaderElection9: Election REJECTED; received 2 response(s) [5c3318fc-c419-4298-b427-bf5a9ca27bf0<-61946a22-29ed-4e77-8449-fae4cd9869e9#0:FAIL-t2, 5c3318fc-c419-4298-b427-bf5a9ca27bf0<-0d4a37ed-4cec-423a-a360-e4a879eb6bc0#0:FAIL-t2] and 0 exception(s); 5c3318fc-c419-4298-b427-bf5a9ca27bf0@group-21C2C432FD88:t2, leader=null, voted=5c3318fc-c419-4298-b427-bf5a9ca27bf0, raftlog=5c3318fc-c419-4298-b427-bf5a9ca27bf0@group-21C2C432FD88-SegmentedRaftLog:OPENED:c-1,f-1,i0, conf=-1: [5c3318fc-c419-4298-b427-bf5a9ca27bf0:192.168.36.126:46795, 61946a22-29ed-4e77-8449-fae4cd9869e9:192.168.36.126:36814, 0d4a37ed-4cec-423a-a360-e4a879eb6bc0:192.168.36.126:37817], old=null
2019-09-25 05:31:18,795 [5c3318fc-c419-4298-b427-bf5a9ca27bf0@group-059250D1A272:LeaderElection15] INFO  impl.LeaderElection (LeaderElection.java:logAndReturn(56)) - 5c3318fc-c419-4298-b427-bf5a9ca27bf0@group-059250D1A272:LeaderElection15: Election REJECTED; received 2 response(s) [5c3318fc-c419-4298-b427-bf5a9ca27bf0<-61946a22-29ed-4e77-8449-fae4cd9869e9#0:FAIL-t1, 5c3318fc-c419-4298-b427-bf5a9ca27bf0<-0d4a37ed-4cec-423a-a360-e4a879eb6bc0#0:FAIL-t1] and 0 exception(s); 5c3318fc-c419-4298-b427-bf5a9ca27bf0@group-059250D1A272:t1, leader=null, voted=5c3318fc-c419-4298-b427-bf5a9ca27bf0, raftlog=5c3318fc-c419-4298-b427-bf5a9ca27bf0@group-059250D1A272-SegmentedRaftLog:OPENED:c-1,f-1,i0, conf=-1: [5c3318fc-c419-4298-b427-bf5a9ca27bf0:192.168.36.126:46795, 61946a22-29ed-4e77-8449-fae4cd9869e9:192.168.36.126:36814, 0d4a37ed-4cec-423a-a360-e4a879eb6bc0:192.168.36.126:37817], old=null
2019-09-25 05:31:18,796 [pool-117-thread-1] INFO  impl.RaftServerImpl (RaftServerImpl.java:<init>(95)) - a58d7528-614e-4c39-a3a3-38beaa9905aa: new RaftServerImpl for group-AEFF648B0F59:[a58d7528-614e-4c39-a3a3-38beaa9905aa:192.168.36.126:37942, f9c12371-c091-4b4a-8db2-6f0db97bbab3:192.168.36.126:46560, ce8ac917-2646-4112-adf7-d577593fabcb:192.168.36.126:37960] with ContainerStateMachine:uninitialized
2019-09-25 05:31:18,800 [pool-27-thread-1] INFO  impl.RaftServerImpl (RaftServerImpl.java:<init>(95)) - f9c12371-c091-4b4a-8db2-6f0db97bbab3: new RaftServerImpl for group-AEFF648B0F59:[a58d7528-614e-4c39-a3a3-38beaa9905aa:192.168.36.126:37942, f9c12371-c091-4b4a-8db2-6f0db97bbab3:192.168.36.126:46560, ce8ac917-2646-4112-adf7-d577593fabcb:192.168.36.126:37960] with ContainerStateMachine:uninitialized
2019-09-25 05:31:18,795 [5c3318fc-c419-4298-b427-bf5a9ca27bf0@group-21C2C432FD88:LeaderElection9] INFO  impl.RaftServerImpl (RaftServerImpl.java:setRole(174)) - 5c3318fc-c419-4298-b427-bf5a9ca27bf0@group-21C2C432FD88: changes role from CANDIDATE to FOLLOWER at term 2 for DISCOVERED_A_NEW_TERM
2019-09-25 05:31:18,801 [pool-27-thread-1] INFO  server.RaftServerConfigKeys (ConfUtils.java:logGet(43)) - raft.server.rpc.timeout.min = 1s (custom)
2019-09-25 05:31:18,801 [pool-117-thread-1] INFO  server.RaftServerConfigKeys (ConfUtils.java:logGet(43)) - raft.server.rpc.timeout.min = 1s (custom)
2019-09-25 05:31:18,800 [5c3318fc-c419-4298-b427-bf5a9ca27bf0@group-059250D1A272:LeaderElection15] INFO  impl.RaftServerImpl (RaftServerImpl.java:setRole(174)) - 5c3318fc-c419-4298-b427-bf5a9ca27bf0@group-059250D1A272: changes role from CANDIDATE to FOLLOWER at term 1 for DISCOVERED_A_NEW_TERM
2019-09-25 05:31:18,802 [616f9f8f-9479-40f4-8c03-f125dcbf9c7f@group-60724A24602F:LeaderElection16] INFO  impl.LeaderElection (LeaderElection.java:logAndReturn(56)) - 616f9f8f-9479-40f4-8c03-f125dcbf9c7f@group-60724A24602F:LeaderElection16: Election REJECTED; received 2 response(s) [616f9f8f-9479-40f4-8c03-f125dcbf9c7f<-fd2f3f79-5d7b-4d37-bb24-b15dfe7f18d7#0:FAIL-t1, 616f9f8f-9479-40f4-8c03-f125dcbf9c7f<-e997a993-6131-47bf-96c8-764e04cb5c0e#0:FAIL-t1] and 0 exception(s); 616f9f8f-9479-40f4-8c03-f125dcbf9c7f@group-60724A24602F:t1, leader=null, voted=616f9f8f-9479-40f4-8c03-f125dcbf9c7f, raftlog=616f9f8f-9479-40f4-8c03-f125dcbf9c7f@group-60724A24602F-SegmentedRaftLog:OPENED:c-1,f-1,i0, conf=-1: [616f9f8f-9479-40f4-8c03-f125dcbf9c7f:192.168.36.126:39694, e997a993-6131-47bf-96c8-764e04cb5c0e:192.168.36.126:37678, fd2f3f79-5d7b-4d37-bb24-b15dfe7f18d7:192.168.36.126:42280], old=null
2019-09-25 05:31:18,802 [pool-117-thread-1] INFO  server.RaftServerConfigKeys (ConfUtils.java:logGet(43)) - raft.server.rpc.timeout.max = 1200ms (custom)
2019-09-25 05:31:18,802 [pool-27-thread-1] INFO  server.RaftServerConfigKeys (ConfUtils.java:logGet(43)) - raft.server.rpc.timeout.max = 1200ms (custom)
2019-09-25 05:31:18,802 [5c3318fc-c419-4298-b427-bf5a9ca27bf0@group-21C2C432FD88:LeaderElection9] INFO  impl.RoleInfo (RoleInfo.java:shutdownLeaderElection(134)) - 5c3318fc-c419-4298-b427-bf5a9ca27bf0: shutdown LeaderElection
2019-09-25 05:31:18,805 [pool-27-thread-1] INFO  server.RaftServerConfigKeys (ConfUtils.java:logGet(43)) - raft.server.rpcslowness.timeout = 120s (custom)
2019-09-25 05:31:18,805 [pool-27-thread-1] INFO  server.RaftServerConfigKeys (ConfUtils.java:logGet(43)) - raft.server.sleep.deviation.threshold = 300 (default)
2019-09-25 05:31:18,805 [pool-117-thread-1] INFO  server.RaftServerConfigKeys (ConfUtils.java:logGet(43)) - raft.server.rpcslowness.timeout = 120s (custom)
2019-09-25 05:31:18,802 [616f9f8f-9479-40f4-8c03-f125dcbf9c7f@group-60724A24602F:LeaderElection16] INFO  impl.RaftServerImpl (RaftServerImpl.java:setRole(174)) - 616f9f8f-9479-40f4-8c03-f125dcbf9c7f@group-60724A24602F: changes role from CANDIDATE to FOLLOWER at term 1 for DISCOVERED_A_NEW_TERM
2019-09-25 05:31:18,802 [5c3318fc-c419-4298-b427-bf5a9ca27bf0@group-059250D1A272:LeaderElection15] INFO  impl.RoleInfo (RoleInfo.java:shutdownLeaderElection(134)) - 5c3318fc-c419-4298-b427-bf5a9ca27bf0: shutdown LeaderElection
2019-09-25 05:31:18,805 [616f9f8f-9479-40f4-8c03-f125dcbf9c7f@group-60724A24602F:LeaderElection16] INFO  impl.RoleInfo (RoleInfo.java:shutdownLeaderElection(134)) - 616f9f8f-9479-40f4-8c03-f125dcbf9c7f: shutdown LeaderElection
2019-09-25 05:31:18,805 [pool-117-thread-1] INFO  server.RaftServerConfigKeys (ConfUtils.java:logGet(43)) - raft.server.sleep.deviation.threshold = 300 (default)
2019-09-25 05:31:18,805 [pool-27-thread-1] INFO  server.RaftServerConfigKeys (ConfUtils.java:logGet(43)) - raft.server.log.appender.install.snapshot.enabled = false (custom)
2019-09-25 05:31:18,805 [5c3318fc-c419-4298-b427-bf5a9ca27bf0@group-21C2C432FD88:LeaderElection9] INFO  impl.RoleInfo (RoleInfo.java:updateAndGet(143)) - 5c3318fc-c419-4298-b427-bf5a9ca27bf0: start FollowerState
2019-09-25 05:31:18,806 [pool-27-thread-1] INFO  impl.RaftServerImpl (ServerState.java:<init>(103)) - f9c12371-c091-4b4a-8db2-6f0db97bbab3@group-AEFF648B0F59: ConfigurationManager, init=-1: [a58d7528-614e-4c39-a3a3-38beaa9905aa:192.168.36.126:37942, f9c12371-c091-4b4a-8db2-6f0db97bbab3:192.168.36.126:46560, ce8ac917-2646-4112-adf7-d577593fabcb:192.168.36.126:37960], old=null, confs=<EMPTY_MAP>
2019-09-25 05:31:18,806 [pool-117-thread-1] INFO  server.RaftServerConfigKeys (ConfUtils.java:logGet(43)) - raft.server.log.appender.install.snapshot.enabled = false (custom)
2019-09-25 05:31:18,806 [pool-27-thread-1] INFO  server.RaftServerConfigKeys (ConfUtils.java:logGet(43)) - raft.server.storage.dir = [/workdir/hadoop-ozone/integration-test/target/test-dir/MiniOzoneClusterImpl-cea1adf1-e11b-40bf-86cb-fb3b2d854ef9/datanode-0/data/ratis] (custom)
2019-09-25 05:31:18,806 [616f9f8f-9479-40f4-8c03-f125dcbf9c7f@group-60724A24602F:LeaderElection16] INFO  impl.RoleInfo (RoleInfo.java:updateAndGet(143)) - 616f9f8f-9479-40f4-8c03-f125dcbf9c7f: start FollowerState
2019-09-25 05:31:18,806 [5c3318fc-c419-4298-b427-bf5a9ca27bf0@group-059250D1A272:LeaderElection15] INFO  impl.RoleInfo (RoleInfo.java:updateAndGet(143)) - 5c3318fc-c419-4298-b427-bf5a9ca27bf0: start FollowerState
2019-09-25 05:31:18,806 [pool-27-thread-1] INFO  storage.RaftStorageDirectory (RaftStorageDirectory.java:analyzeStorage(246)) - The storage directory /workdir/hadoop-ozone/integration-test/target/test-dir/MiniOzoneClusterImpl-cea1adf1-e11b-40bf-86cb-fb3b2d854ef9/datanode-0/data/ratis/49b4a0c9-626a-4270-a299-aeff648b0f59 does not exist. Creating ...
2019-09-25 05:31:18,806 [pool-117-thread-1] INFO  impl.RaftServerImpl (ServerState.java:<init>(103)) - a58d7528-614e-4c39-a3a3-38beaa9905aa@group-AEFF648B0F59: ConfigurationManager, init=-1: [a58d7528-614e-4c39-a3a3-38beaa9905aa:192.168.36.126:37942, f9c12371-c091-4b4a-8db2-6f0db97bbab3:192.168.36.126:46560, ce8ac917-2646-4112-adf7-d577593fabcb:192.168.36.126:37960], old=null, confs=<EMPTY_MAP>
2019-09-25 05:31:18,807 [pool-117-thread-1] INFO  server.RaftServerConfigKeys (ConfUtils.java:logGet(43)) - raft.server.storage.dir = [/workdir/hadoop-ozone/integration-test/target/test-dir/MiniOzoneClusterImpl-cea1adf1-e11b-40bf-86cb-fb3b2d854ef9/datanode-9/data/ratis] (custom)
2019-09-25 05:31:18,807 [pool-117-thread-1] INFO  storage.RaftStorageDirectory (RaftStorageDirectory.java:analyzeStorage(246)) - The storage directory /workdir/hadoop-ozone/integration-test/target/test-dir/MiniOzoneClusterImpl-cea1adf1-e11b-40bf-86cb-fb3b2d854ef9/datanode-9/data/ratis/49b4a0c9-626a-4270-a299-aeff648b0f59 does not exist. Creating ...
2019-09-25 05:31:18,947 [main] INFO  impl.MetricsSystemImpl (MetricsSystemImpl.java:init(158)) - XceiverClientMetrics metrics system started (again)
2019-09-25 05:31:19,828 [Thread-382] INFO  impl.FollowerState (FollowerState.java:run(106)) - 0d4a37ed-4cec-423a-a360-e4a879eb6bc0:group-059250D1A272 changes to CANDIDATE, lastRpcTime:1057, electionTimeout:1057ms
2019-09-25 05:31:19,829 [Thread-382] INFO  impl.RoleInfo (RoleInfo.java:shutdownFollowerState(121)) - 0d4a37ed-4cec-423a-a360-e4a879eb6bc0: shutdown FollowerState
2019-09-25 05:31:19,829 [Thread-382] INFO  impl.RaftServerImpl (RaftServerImpl.java:setRole(174)) - 0d4a37ed-4cec-423a-a360-e4a879eb6bc0@group-059250D1A272: changes role from  FOLLOWER to CANDIDATE at term 1 for changeToCandidate
2019-09-25 05:31:19,829 [Thread-382] INFO  impl.RoleInfo (RoleInfo.java:updateAndGet(143)) - 0d4a37ed-4cec-423a-a360-e4a879eb6bc0: start LeaderElection
2019-09-25 05:31:19,846 [Thread-389] INFO  impl.FollowerState (FollowerState.java:run(106)) - 5c3318fc-c419-4298-b427-bf5a9ca27bf0:group-21C2C432FD88 changes to CANDIDATE, lastRpcTime:1041, electionTimeout:1040ms
2019-09-25 05:31:19,847 [Thread-389] INFO  impl.RoleInfo (RoleInfo.java:shutdownFollowerState(121)) - 5c3318fc-c419-4298-b427-bf5a9ca27bf0: shutdown FollowerState
2019-09-25 05:31:19,847 [Thread-389] INFO  impl.RaftServerImpl (RaftServerImpl.java:setRole(174)) - 5c3318fc-c419-4298-b427-bf5a9ca27bf0@group-21C2C432FD88: changes role from  FOLLOWER to CANDIDATE at term 2 for changeToCandidate
2019-09-25 05:31:19,847 [Thread-389] INFO  impl.RoleInfo (RoleInfo.java:updateAndGet(143)) - 5c3318fc-c419-4298-b427-bf5a9ca27bf0: start LeaderElection
2019-09-25 05:31:19,881 [Thread-381] INFO  impl.FollowerState (FollowerState.java:run(106)) - 0d4a37ed-4cec-423a-a360-e4a879eb6bc0:group-21C2C432FD88 changes to CANDIDATE, lastRpcTime:1110, electionTimeout:1110ms
2019-09-25 05:31:19,881 [Thread-381] INFO  impl.RoleInfo (RoleInfo.java:shutdownFollowerState(121)) - 0d4a37ed-4cec-423a-a360-e4a879eb6bc0: shutdown FollowerState
2019-09-25 05:31:19,881 [Thread-381] INFO  impl.RaftServerImpl (RaftServerImpl.java:setRole(174)) - 0d4a37ed-4cec-423a-a360-e4a879eb6bc0@group-21C2C432FD88: changes role from  FOLLOWER to CANDIDATE at term 2 for changeToCandidate
2019-09-25 05:31:19,882 [Thread-381] INFO  impl.RoleInfo (RoleInfo.java:updateAndGet(143)) - 0d4a37ed-4cec-423a-a360-e4a879eb6bc0: start LeaderElection
2019-09-25 05:31:19,900 [Thread-390] INFO  impl.FollowerState (FollowerState.java:run(106)) - 5c3318fc-c419-4298-b427-bf5a9ca27bf0:group-059250D1A272 changes to CANDIDATE, lastRpcTime:1094, electionTimeout:1093ms
2019-09-25 05:31:19,900 [Thread-390] INFO  impl.RoleInfo (RoleInfo.java:shutdownFollowerState(121)) - 5c3318fc-c419-4298-b427-bf5a9ca27bf0: shutdown FollowerState
2019-09-25 05:31:19,900 [Thread-390] INFO  impl.RaftServerImpl (RaftServerImpl.java:setRole(174)) - 5c3318fc-c419-4298-b427-bf5a9ca27bf0@group-059250D1A272: changes role from  FOLLOWER to CANDIDATE at term 1 for changeToCandidate
2019-09-25 05:31:19,901 [Thread-390] INFO  impl.RoleInfo (RoleInfo.java:updateAndGet(143)) - 5c3318fc-c419-4298-b427-bf5a9ca27bf0: start LeaderElection
2019-09-25 05:31:19,907 [Thread-387] INFO  impl.FollowerState (FollowerState.java:run(106)) - 61946a22-29ed-4e77-8449-fae4cd9869e9:group-21C2C432FD88 changes to CANDIDATE, lastRpcTime:1115, electionTimeout:1113ms
2019-09-25 05:31:19,907 [Thread-387] INFO  impl.RoleInfo (RoleInfo.java:shutdownFollowerState(121)) - 61946a22-29ed-4e77-8449-fae4cd9869e9: shutdown FollowerState
2019-09-25 05:31:19,908 [Thread-387] INFO  impl.RaftServerImpl (RaftServerImpl.java:setRole(174)) - 61946a22-29ed-4e77-8449-fae4cd9869e9@group-21C2C432FD88: changes role from  FOLLOWER to CANDIDATE at term 2 for changeToCandidate
2019-09-25 05:31:19,908 [Thread-387] INFO  impl.RoleInfo (RoleInfo.java:updateAndGet(143)) - 61946a22-29ed-4e77-8449-fae4cd9869e9: start LeaderElection
2019-09-25 05:31:19,961 [Thread-385] INFO  impl.FollowerState (FollowerState.java:run(106)) - fd2f3f79-5d7b-4d37-bb24-b15dfe7f18d7:group-60724A24602F changes to CANDIDATE, lastRpcTime:1171, electionTimeout:1171ms
2019-09-25 05:31:19,961 [Thread-385] INFO  impl.RoleInfo (RoleInfo.java:shutdownFollowerState(121)) - fd2f3f79-5d7b-4d37-bb24-b15dfe7f18d7: shutdown FollowerState
2019-09-25 05:31:19,961 [Thread-385] INFO  impl.RaftServerImpl (RaftServerImpl.java:setRole(174)) - fd2f3f79-5d7b-4d37-bb24-b15dfe7f18d7@group-60724A24602F: changes role from  FOLLOWER to CANDIDATE at term 1 for changeToCandidate
2019-09-25 05:31:19,961 [Thread-385] INFO  impl.RoleInfo (RoleInfo.java:updateAndGet(143)) - fd2f3f79-5d7b-4d37-bb24-b15dfe7f18d7: start LeaderElection
2019-09-25 05:31:19,980 [Thread-386] INFO  impl.FollowerState (FollowerState.java:run(106)) - e997a993-6131-47bf-96c8-764e04cb5c0e:group-60724A24602F changes to CANDIDATE, lastRpcTime:1190, electionTimeout:1190ms
2019-09-25 05:31:19,980 [Thread-386] INFO  impl.RoleInfo (RoleInfo.java:shutdownFollowerState(121)) - e997a993-6131-47bf-96c8-764e04cb5c0e: shutdown FollowerState
2019-09-25 05:31:19,980 [Thread-386] INFO  impl.RaftServerImpl (RaftServerImpl.java:setRole(174)) - e997a993-6131-47bf-96c8-764e04cb5c0e@group-60724A24602F: changes role from  FOLLOWER to CANDIDATE at term 1 for changeToCandidate
2019-09-25 05:31:19,980 [Thread-386] INFO  impl.RoleInfo (RoleInfo.java:updateAndGet(143)) - e997a993-6131-47bf-96c8-764e04cb5c0e: start LeaderElection
2019-09-25 05:31:19,992 [Thread-388] INFO  impl.FollowerState (FollowerState.java:run(106)) - 61946a22-29ed-4e77-8449-fae4cd9869e9:group-059250D1A272 changes to CANDIDATE, lastRpcTime:1197, electionTimeout:1197ms
2019-09-25 05:31:19,992 [Thread-388] INFO  impl.RoleInfo (RoleInfo.java:shutdownFollowerState(121)) - 61946a22-29ed-4e77-8449-fae4cd9869e9: shutdown FollowerState
2019-09-25 05:31:19,992 [Thread-388] INFO  impl.RaftServerImpl (RaftServerImpl.java:setRole(174)) - 61946a22-29ed-4e77-8449-fae4cd9869e9@group-059250D1A272: changes role from  FOLLOWER to CANDIDATE at term 1 for changeToCandidate
2019-09-25 05:31:19,992 [Thread-388] INFO  impl.RoleInfo (RoleInfo.java:updateAndGet(143)) - 61946a22-29ed-4e77-8449-fae4cd9869e9: start LeaderElection
2019-09-25 05:31:19,993 [Thread-391] INFO  impl.FollowerState (FollowerState.java:run(106)) - 616f9f8f-9479-40f4-8c03-f125dcbf9c7f:group-60724A24602F changes to CANDIDATE, lastRpcTime:1187, electionTimeout:1186ms
2019-09-25 05:31:19,993 [Thread-391] INFO  impl.RoleInfo (RoleInfo.java:shutdownFollowerState(121)) - 616f9f8f-9479-40f4-8c03-f125dcbf9c7f: shutdown FollowerState
2019-09-25 05:31:19,993 [Thread-391] INFO  impl.RaftServerImpl (RaftServerImpl.java:setRole(174)) - 616f9f8f-9479-40f4-8c03-f125dcbf9c7f@group-60724A24602F: changes role from  FOLLOWER to CANDIDATE at term 1 for changeToCandidate
2019-09-25 05:31:19,993 [Thread-391] INFO  impl.RoleInfo (RoleInfo.java:updateAndGet(143)) - 616f9f8f-9479-40f4-8c03-f125dcbf9c7f: start LeaderElection
2019-09-25 05:31:22,475 [pool-87-thread-1] INFO  storage.RaftStorageDirectory (RaftStorageDirectory.java:tryLock(328)) - Lock on /workdir/hadoop-ozone/integration-test/target/test-dir/MiniOzoneClusterImpl-cea1adf1-e11b-40bf-86cb-fb3b2d854ef9/datanode-6/data/ratis/49b4a0c9-626a-4270-a299-aeff648b0f59/in_use.lock acquired by nodename 16102@pr-hdds-2174-pqx5g-486351168
2019-09-25 05:31:22,475 [pool-117-thread-1] INFO  storage.RaftStorageDirectory (RaftStorageDirectory.java:tryLock(328)) - Lock on /workdir/hadoop-ozone/integration-test/target/test-dir/MiniOzoneClusterImpl-cea1adf1-e11b-40bf-86cb-fb3b2d854ef9/datanode-9/data/ratis/49b4a0c9-626a-4270-a299-aeff648b0f59/in_use.lock acquired by nodename 16102@pr-hdds-2174-pqx5g-486351168
2019-09-25 05:31:22,475 [e997a993-6131-47bf-96c8-764e04cb5c0e@group-F72A5BA07E82-SegmentedRaftLogWorker] INFO  segmented.SegmentedRaftLogWorker (SegmentedRaftLogWorker.java:execute(569)) - e997a993-6131-47bf-96c8-764e04cb5c0e@group-F72A5BA07E82-SegmentedRaftLogWorker: created new log segment /workdir/hadoop-ozone/integration-test/target/test-dir/MiniOzoneClusterImpl-cea1adf1-e11b-40bf-86cb-fb3b2d854ef9/datanode-8/data/ratis/0286fec8-d8bc-4f01-9746-f72a5ba07e82/current/log_inprogress_0
2019-09-25 05:31:22,475 [pool-27-thread-1] INFO  storage.RaftStorageDirectory (RaftStorageDirectory.java:tryLock(328)) - Lock on /workdir/hadoop-ozone/integration-test/target/test-dir/MiniOzoneClusterImpl-cea1adf1-e11b-40bf-86cb-fb3b2d854ef9/datanode-0/data/ratis/49b4a0c9-626a-4270-a299-aeff648b0f59/in_use.lock acquired by nodename 16102@pr-hdds-2174-pqx5g-486351168
2019-09-25 05:31:22,475 [e997a993-6131-47bf-96c8-764e04cb5c0e@group-F04ACB498A1B-SegmentedRaftLogWorker] INFO  segmented.SegmentedRaftLogWorker (SegmentedRaftLogWorker.java:execute(569)) - e997a993-6131-47bf-96c8-764e04cb5c0e@group-F04ACB498A1B-SegmentedRaftLogWorker: created new log segment /workdir/hadoop-ozone/integration-test/target/test-dir/MiniOzoneClusterImpl-cea1adf1-e11b-40bf-86cb-fb3b2d854ef9/datanode-8/data/ratis/701643b2-c92a-45e6-b8ef-f04acb498a1b/current/log_inprogress_0
2019-09-25 05:31:22,486 [61946a22-29ed-4e77-8449-fae4cd9869e9@group-21C2C432FD88:LeaderElection22] INFO  impl.LeaderElection (LeaderElection.java:askForVotes(182)) - 61946a22-29ed-4e77-8449-fae4cd9869e9@group-21C2C432FD88:LeaderElection22: begin an election at term 3 for -1: [5c3318fc-c419-4298-b427-bf5a9ca27bf0:192.168.36.126:46795, 61946a22-29ed-4e77-8449-fae4cd9869e9:192.168.36.126:36814, 0d4a37ed-4cec-423a-a360-e4a879eb6bc0:192.168.36.126:37817], old=null
2019-09-25 05:31:22,486 [0d4a37ed-4cec-423a-a360-e4a879eb6bc0@group-059250D1A272:LeaderElection18] INFO  impl.LeaderElection (LeaderElection.java:askForVotes(182)) - 0d4a37ed-4cec-423a-a360-e4a879eb6bc0@group-059250D1A272:LeaderElection18: begin an election at term 2 for -1: [5c3318fc-c419-4298-b427-bf5a9ca27bf0:192.168.36.126:46795, 61946a22-29ed-4e77-8449-fae4cd9869e9:192.168.36.126:36814, 0d4a37ed-4cec-423a-a360-e4a879eb6bc0:192.168.36.126:37817], old=null
2019-09-25 05:31:22,486 [5c3318fc-c419-4298-b427-bf5a9ca27bf0@group-059250D1A272:LeaderElection21] INFO  impl.LeaderElection (LeaderElection.java:askForVotes(182)) - 5c3318fc-c419-4298-b427-bf5a9ca27bf0@group-059250D1A272:LeaderElection21: begin an election at term 2 for -1: [5c3318fc-c419-4298-b427-bf5a9ca27bf0:192.168.36.126:46795, 61946a22-29ed-4e77-8449-fae4cd9869e9:192.168.36.126:36814, 0d4a37ed-4cec-423a-a360-e4a879eb6bc0:192.168.36.126:37817], old=null
2019-09-25 05:31:22,486 [0d4a37ed-4cec-423a-a360-e4a879eb6bc0@group-21C2C432FD88:LeaderElection20] INFO  impl.LeaderElection (LeaderElection.java:askForVotes(182)) - 0d4a37ed-4cec-423a-a360-e4a879eb6bc0@group-21C2C432FD88:LeaderElection20: begin an election at term 3 for -1: [5c3318fc-c419-4298-b427-bf5a9ca27bf0:192.168.36.126:46795, 61946a22-29ed-4e77-8449-fae4cd9869e9:192.168.36.126:36814, 0d4a37ed-4cec-423a-a360-e4a879eb6bc0:192.168.36.126:37817], old=null
2019-09-25 05:31:22,486 [5c3318fc-c419-4298-b427-bf5a9ca27bf0@group-21C2C432FD88:LeaderElection19] INFO  impl.LeaderElection (LeaderElection.java:askForVotes(182)) - 5c3318fc-c419-4298-b427-bf5a9ca27bf0@group-21C2C432FD88:LeaderElection19: begin an election at term 3 for -1: [5c3318fc-c419-4298-b427-bf5a9ca27bf0:192.168.36.126:46795, 61946a22-29ed-4e77-8449-fae4cd9869e9:192.168.36.126:36814, 0d4a37ed-4cec-423a-a360-e4a879eb6bc0:192.168.36.126:37817], old=null
2019-09-25 05:31:22,496 [0d4a37ed-4cec-423a-a360-e4a879eb6bc0@group-21C2C432FD88:LeaderElection20] INFO  impl.LeaderElection (LeaderElection.java:logAndReturn(56)) - 0d4a37ed-4cec-423a-a360-e4a879eb6bc0@group-21C2C432FD88:LeaderElection20: Election REJECTED; received 2 response(s) [0d4a37ed-4cec-423a-a360-e4a879eb6bc0<-5c3318fc-c419-4298-b427-bf5a9ca27bf0#0:FAIL-t3, 0d4a37ed-4cec-423a-a360-e4a879eb6bc0<-61946a22-29ed-4e77-8449-fae4cd9869e9#0:FAIL-t3] and 0 exception(s); 0d4a37ed-4cec-423a-a360-e4a879eb6bc0@group-21C2C432FD88:t3, leader=null, voted=0d4a37ed-4cec-423a-a360-e4a879eb6bc0, raftlog=0d4a37ed-4cec-423a-a360-e4a879eb6bc0@group-21C2C432FD88-SegmentedRaftLog:OPENED:c-1,f-1,i0, conf=-1: [5c3318fc-c419-4298-b427-bf5a9ca27bf0:192.168.36.126:46795, 61946a22-29ed-4e77-8449-fae4cd9869e9:192.168.36.126:36814, 0d4a37ed-4cec-423a-a360-e4a879eb6bc0:192.168.36.126:37817], old=null
2019-09-25 05:31:22,496 [0d4a37ed-4cec-423a-a360-e4a879eb6bc0@group-21C2C432FD88:LeaderElection20] INFO  impl.RaftServerImpl (RaftServerImpl.java:setRole(174)) - 0d4a37ed-4cec-423a-a360-e4a879eb6bc0@group-21C2C432FD88: changes role from CANDIDATE to FOLLOWER at term 3 for DISCOVERED_A_NEW_TERM
2019-09-25 05:31:22,501 [0d4a37ed-4cec-423a-a360-e4a879eb6bc0@group-21C2C432FD88:LeaderElection20] INFO  impl.RoleInfo (RoleInfo.java:shutdownLeaderElection(134)) - 0d4a37ed-4cec-423a-a360-e4a879eb6bc0: shutdown LeaderElection
2019-09-25 05:31:22,501 [0d4a37ed-4cec-423a-a360-e4a879eb6bc0@group-21C2C432FD88:LeaderElection20] INFO  impl.RoleInfo (RoleInfo.java:updateAndGet(143)) - 0d4a37ed-4cec-423a-a360-e4a879eb6bc0: start FollowerState
2019-09-25 05:31:22,501 [61946a22-29ed-4e77-8449-fae4cd9869e9@group-21C2C432FD88:LeaderElection22] INFO  impl.LeaderElection (LeaderElection.java:logAndReturn(56)) - 61946a22-29ed-4e77-8449-fae4cd9869e9@group-21C2C432FD88:LeaderElection22: Election REJECTED; received 2 response(s) [61946a22-29ed-4e77-8449-fae4cd9869e9<-5c3318fc-c419-4298-b427-bf5a9ca27bf0#0:FAIL-t3, 61946a22-29ed-4e77-8449-fae4cd9869e9<-0d4a37ed-4cec-423a-a360-e4a879eb6bc0#0:FAIL-t3] and 0 exception(s); 61946a22-29ed-4e77-8449-fae4cd9869e9@group-21C2C432FD88:t3, leader=null, voted=61946a22-29ed-4e77-8449-fae4cd9869e9, raftlog=61946a22-29ed-4e77-8449-fae4cd9869e9@group-21C2C432FD88-SegmentedRaftLog:OPENED:c-1,f-1,i0, conf=-1: [5c3318fc-c419-4298-b427-bf5a9ca27bf0:192.168.36.126:46795, 61946a22-29ed-4e77-8449-fae4cd9869e9:192.168.36.126:36814, 0d4a37ed-4cec-423a-a360-e4a879eb6bc0:192.168.36.126:37817], old=null
2019-09-25 05:31:22,507 [61946a22-29ed-4e77-8449-fae4cd9869e9@group-21C2C432FD88:LeaderElection22] INFO  impl.RaftServerImpl (RaftServerImpl.java:setRole(174)) - 61946a22-29ed-4e77-8449-fae4cd9869e9@group-21C2C432FD88: changes role from CANDIDATE to FOLLOWER at term 3 for DISCOVERED_A_NEW_TERM
2019-09-25 05:31:22,507 [5c3318fc-c419-4298-b427-bf5a9ca27bf0@group-21C2C432FD88:LeaderElection19] INFO  impl.LeaderElection (LeaderElection.java:logAndReturn(56)) - 5c3318fc-c419-4298-b427-bf5a9ca27bf0@group-21C2C432FD88:LeaderElection19: Election REJECTED; received 2 response(s) [5c3318fc-c419-4298-b427-bf5a9ca27bf0<-61946a22-29ed-4e77-8449-fae4cd9869e9#0:FAIL-t3, 5c3318fc-c419-4298-b427-bf5a9ca27bf0<-0d4a37ed-4cec-423a-a360-e4a879eb6bc0#0:FAIL-t3] and 0 exception(s); 5c3318fc-c419-4298-b427-bf5a9ca27bf0@group-21C2C432FD88:t3, leader=null, voted=5c3318fc-c419-4298-b427-bf5a9ca27bf0, raftlog=5c3318fc-c419-4298-b427-bf5a9ca27bf0@group-21C2C432FD88-SegmentedRaftLog:OPENED:c-1,f-1,i0, conf=-1: [5c3318fc-c419-4298-b427-bf5a9ca27bf0:192.168.36.126:46795, 61946a22-29ed-4e77-8449-fae4cd9869e9:192.168.36.126:36814, 0d4a37ed-4cec-423a-a360-e4a879eb6bc0:192.168.36.126:37817], old=null
2019-09-25 05:31:22,509 [61946a22-29ed-4e77-8449-fae4cd9869e9@group-21C2C432FD88:LeaderElection22] INFO  impl.RoleInfo (RoleInfo.java:shutdownLeaderElection(134)) - 61946a22-29ed-4e77-8449-fae4cd9869e9: shutdown LeaderElection
2019-09-25 05:31:22,512 [5c3318fc-c419-4298-b427-bf5a9ca27bf0@group-21C2C432FD88:LeaderElection19] INFO  impl.RaftServerImpl (RaftServerImpl.java:setRole(174)) - 5c3318fc-c419-4298-b427-bf5a9ca27bf0@group-21C2C432FD88: changes role from CANDIDATE to FOLLOWER at term 3 for DISCOVERED_A_NEW_TERM
2019-09-25 05:31:22,517 [5c3318fc-c419-4298-b427-bf5a9ca27bf0@group-21C2C432FD88:LeaderElection19] INFO  impl.RoleInfo (RoleInfo.java:shutdownLeaderElection(134)) - 5c3318fc-c419-4298-b427-bf5a9ca27bf0: shutdown LeaderElection
2019-09-25 05:31:22,517 [61946a22-29ed-4e77-8449-fae4cd9869e9@group-21C2C432FD88:LeaderElection22] INFO  impl.RoleInfo (RoleInfo.java:updateAndGet(143)) - 61946a22-29ed-4e77-8449-fae4cd9869e9: start FollowerState
2019-09-25 05:31:22,517 [5c3318fc-c419-4298-b427-bf5a9ca27bf0@group-21C2C432FD88:LeaderElection19] INFO  impl.RoleInfo (RoleInfo.java:updateAndGet(143)) - 5c3318fc-c419-4298-b427-bf5a9ca27bf0: start FollowerState
2019-09-25 05:31:22,532 [fd2f3f79-5d7b-4d37-bb24-b15dfe7f18d7@group-60724A24602F:LeaderElection23] INFO  impl.LeaderElection (LeaderElection.java:askForVotes(182)) - fd2f3f79-5d7b-4d37-bb24-b15dfe7f18d7@group-60724A24602F:LeaderElection23: begin an election at term 2 for -1: [616f9f8f-9479-40f4-8c03-f125dcbf9c7f:192.168.36.126:39694, e997a993-6131-47bf-96c8-764e04cb5c0e:192.168.36.126:37678, fd2f3f79-5d7b-4d37-bb24-b15dfe7f18d7:192.168.36.126:42280], old=null
2019-09-25 05:31:22,532 [616f9f8f-9479-40f4-8c03-f125dcbf9c7f@group-60724A24602F:LeaderElection26] INFO  impl.LeaderElection (LeaderElection.java:askForVotes(182)) - 616f9f8f-9479-40f4-8c03-f125dcbf9c7f@group-60724A24602F:LeaderElection26: begin an election at term 2 for -1: [616f9f8f-9479-40f4-8c03-f125dcbf9c7f:192.168.36.126:39694, e997a993-6131-47bf-96c8-764e04cb5c0e:192.168.36.126:37678, fd2f3f79-5d7b-4d37-bb24-b15dfe7f18d7:192.168.36.126:42280], old=null
2019-09-25 05:31:22,532 [e997a993-6131-47bf-96c8-764e04cb5c0e@group-60724A24602F:LeaderElection24] INFO  impl.LeaderElection (LeaderElection.java:askForVotes(182)) - e997a993-6131-47bf-96c8-764e04cb5c0e@group-60724A24602F:LeaderElection24: begin an election at term 2 for -1: [616f9f8f-9479-40f4-8c03-f125dcbf9c7f:192.168.36.126:39694, e997a993-6131-47bf-96c8-764e04cb5c0e:192.168.36.126:37678, fd2f3f79-5d7b-4d37-bb24-b15dfe7f18d7:192.168.36.126:42280], old=null
2019-09-25 05:31:22,532 [61946a22-29ed-4e77-8449-fae4cd9869e9@group-059250D1A272:LeaderElection25] INFO  impl.LeaderElection (LeaderElection.java:askForVotes(182)) - 61946a22-29ed-4e77-8449-fae4cd9869e9@group-059250D1A272:LeaderElection25: begin an election at term 2 for -1: [5c3318fc-c419-4298-b427-bf5a9ca27bf0:192.168.36.126:46795, 61946a22-29ed-4e77-8449-fae4cd9869e9:192.168.36.126:36814, 0d4a37ed-4cec-423a-a360-e4a879eb6bc0:192.168.36.126:37817], old=null
2019-09-25 05:31:22,533 [pool-27-thread-1] INFO  storage.RaftStorage (RaftStorage.java:format(72)) - Storage directory /workdir/hadoop-ozone/integration-test/target/test-dir/MiniOzoneClusterImpl-cea1adf1-e11b-40bf-86cb-fb3b2d854ef9/datanode-0/data/ratis/49b4a0c9-626a-4270-a299-aeff648b0f59 has been successfully formatted.
2019-09-25 05:31:22,533 [pool-87-thread-1] INFO  storage.RaftStorage (RaftStorage.java:format(72)) - Storage directory /workdir/hadoop-ozone/integration-test/target/test-dir/MiniOzoneClusterImpl-cea1adf1-e11b-40bf-86cb-fb3b2d854ef9/datanode-6/data/ratis/49b4a0c9-626a-4270-a299-aeff648b0f59 has been successfully formatted.
2019-09-25 05:31:22,533 [pool-117-thread-1] INFO  storage.RaftStorage (RaftStorage.java:format(72)) - Storage directory /workdir/hadoop-ozone/integration-test/target/test-dir/MiniOzoneClusterImpl-cea1adf1-e11b-40bf-86cb-fb3b2d854ef9/datanode-9/data/ratis/49b4a0c9-626a-4270-a299-aeff648b0f59 has been successfully formatted.
2019-09-25 05:31:22,534 [pool-27-thread-1] INFO  ratis.ContainerStateMachine (ContainerStateMachine.java:loadSnapshot(230)) - group-AEFF648B0F59: The snapshot info is null. Setting the last applied indexto:(t:0, i:~)
2019-09-25 05:31:22,534 [pool-87-thread-1] INFO  ratis.ContainerStateMachine (ContainerStateMachine.java:loadSnapshot(230)) - group-AEFF648B0F59: The snapshot info is null. Setting the last applied indexto:(t:0, i:~)
2019-09-25 05:31:22,534 [pool-117-thread-1] INFO  ratis.ContainerStateMachine (ContainerStateMachine.java:loadSnapshot(230)) - group-AEFF648B0F59: The snapshot info is null. Setting the last applied indexto:(t:0, i:~)
2019-09-25 05:31:22,534 [5c3318fc-c419-4298-b427-bf5a9ca27bf0@group-059250D1A272:LeaderElection21] INFO  impl.LeaderElection (LeaderElection.java:logAndReturn(56)) - 5c3318fc-c419-4298-b427-bf5a9ca27bf0@group-059250D1A272:LeaderElection21: Election REJECTED; received 2 response(s) [5c3318fc-c419-4298-b427-bf5a9ca27bf0<-61946a22-29ed-4e77-8449-fae4cd9869e9#0:FAIL-t2, 5c3318fc-c419-4298-b427-bf5a9ca27bf0<-0d4a37ed-4cec-423a-a360-e4a879eb6bc0#0:FAIL-t2] and 0 exception(s); 5c3318fc-c419-4298-b427-bf5a9ca27bf0@group-059250D1A272:t2, leader=null, voted=5c3318fc-c419-4298-b427-bf5a9ca27bf0, raftlog=5c3318fc-c419-4298-b427-bf5a9ca27bf0@group-059250D1A272-SegmentedRaftLog:OPENED:c-1,f-1,i0, conf=-1: [5c3318fc-c419-4298-b427-bf5a9ca27bf0:192.168.36.126:46795, 61946a22-29ed-4e77-8449-fae4cd9869e9:192.168.36.126:36814, 0d4a37ed-4cec-423a-a360-e4a879eb6bc0:192.168.36.126:37817], old=null
2019-09-25 05:31:22,534 [pool-87-thread-1] INFO  server.RaftServerConfigKeys (ConfUtils.java:logGet(43)) - raft.server.notification.no-leader.timeout = 120s (custom)
2019-09-25 05:31:22,534 [0d4a37ed-4cec-423a-a360-e4a879eb6bc0@group-059250D1A272:LeaderElection18] INFO  impl.LeaderElection (LeaderElection.java:logAndReturn(56)) - 0d4a37ed-4cec-423a-a360-e4a879eb6bc0@group-059250D1A272:LeaderElection18: Election REJECTED; received 2 response(s) [0d4a37ed-4cec-423a-a360-e4a879eb6bc0<-5c3318fc-c419-4298-b427-bf5a9ca27bf0#0:FAIL-t2, 0d4a37ed-4cec-423a-a360-e4a879eb6bc0<-61946a22-29ed-4e77-8449-fae4cd9869e9#0:FAIL-t2] and 0 exception(s); 0d4a37ed-4cec-423a-a360-e4a879eb6bc0@group-059250D1A272:t2, leader=null, voted=0d4a37ed-4cec-423a-a360-e4a879eb6bc0, raftlog=0d4a37ed-4cec-423a-a360-e4a879eb6bc0@group-059250D1A272-SegmentedRaftLog:OPENED:c-1,f-1,i0, conf=-1: [5c3318fc-c419-4298-b427-bf5a9ca27bf0:192.168.36.126:46795, 61946a22-29ed-4e77-8449-fae4cd9869e9:192.168.36.126:36814, 0d4a37ed-4cec-423a-a360-e4a879eb6bc0:192.168.36.126:37817], old=null
2019-09-25 05:31:22,534 [pool-27-thread-1] INFO  server.RaftServerConfigKeys (ConfUtils.java:logGet(43)) - raft.server.notification.no-leader.timeout = 120s (custom)
2019-09-25 05:31:22,540 [0d4a37ed-4cec-423a-a360-e4a879eb6bc0@group-059250D1A272:LeaderElection18] INFO  impl.RaftServerImpl (RaftServerImpl.java:setRole(174)) - 0d4a37ed-4cec-423a-a360-e4a879eb6bc0@group-059250D1A272: changes role from CANDIDATE to FOLLOWER at term 2 for DISCOVERED_A_NEW_TERM
2019-09-25 05:31:22,544 [0d4a37ed-4cec-423a-a360-e4a879eb6bc0@group-059250D1A272:LeaderElection18] INFO  impl.RoleInfo (RoleInfo.java:shutdownLeaderElection(134)) - 0d4a37ed-4cec-423a-a360-e4a879eb6bc0: shutdown LeaderElection
2019-09-25 05:31:22,540 [pool-87-thread-1] INFO  server.RaftServerConfigKeys (ConfUtils.java:logGet(43)) - raft.server.log.use.memory = false (default)
2019-09-25 05:31:22,535 [5c3318fc-c419-4298-b427-bf5a9ca27bf0@group-059250D1A272:LeaderElection21] INFO  impl.RaftServerImpl (RaftServerImpl.java:setRole(174)) - 5c3318fc-c419-4298-b427-bf5a9ca27bf0@group-059250D1A272: changes role from CANDIDATE to FOLLOWER at term 2 for DISCOVERED_A_NEW_TERM
2019-09-25 05:31:22,545 [pool-87-thread-1] INFO  server.RaftServerConfigKeys (ConfUtils.java:logGet(43)) - raft.server.log.purge.gap = 1000000 (custom)
2019-09-25 05:31:22,535 [pool-117-thread-1] INFO  server.RaftServerConfigKeys (ConfUtils.java:logGet(43)) - raft.server.notification.no-leader.timeout = 120s (custom)
2019-09-25 05:31:22,545 [pool-87-thread-1] INFO  server.RaftServerConfigKeys (ConfUtils.java:logGet(43)) - raft.server.log.appender.buffer.byte-limit = 33554432 (custom)
2019-09-25 05:31:22,545 [5c3318fc-c419-4298-b427-bf5a9ca27bf0@group-059250D1A272:LeaderElection21] INFO  impl.RoleInfo (RoleInfo.java:shutdownLeaderElection(134)) - 5c3318fc-c419-4298-b427-bf5a9ca27bf0: shutdown LeaderElection
2019-09-25 05:31:22,546 [pool-87-thread-1] INFO  server.RaftServerConfigKeys (ConfUtils.java:logGet(43)) - raft.server.log.segment.size.max = 1048576 (custom)
2019-09-25 05:31:22,545 [0d4a37ed-4cec-423a-a360-e4a879eb6bc0@group-059250D1A272:LeaderElection18] INFO  impl.RoleInfo (RoleInfo.java:updateAndGet(143)) - 0d4a37ed-4cec-423a-a360-e4a879eb6bc0: start FollowerState
2019-09-25 05:31:22,544 [pool-27-thread-1] INFO  server.RaftServerConfigKeys (ConfUtils.java:logGet(43)) - raft.server.log.use.memory = false (default)
2019-09-25 05:31:22,548 [pool-87-thread-1] INFO  server.RaftServerConfigKeys (ConfUtils.java:logGet(43)) - raft.server.log.segment.cache.num.max = 2 (custom)
2019-09-25 05:31:22,546 [5c3318fc-c419-4298-b427-bf5a9ca27bf0@group-059250D1A272:LeaderElection21] INFO  impl.RoleInfo (RoleInfo.java:updateAndGet(143)) - 5c3318fc-c419-4298-b427-bf5a9ca27bf0: start FollowerState
2019-09-25 05:31:22,545 [pool-117-thread-1] INFO  server.RaftServerConfigKeys (ConfUtils.java:logGet(43)) - raft.server.log.use.memory = false (default)
2019-09-25 05:31:22,550 [pool-87-thread-1] INFO  segmented.SegmentedRaftLogWorker (SegmentedRaftLogWorker.java:<init>(172)) - new ce8ac917-2646-4112-adf7-d577593fabcb@group-AEFF648B0F59-SegmentedRaftLogWorker for RaftStorage:Storage Directory /workdir/hadoop-ozone/integration-test/target/test-dir/MiniOzoneClusterImpl-cea1adf1-e11b-40bf-86cb-fb3b2d854ef9/datanode-6/data/ratis/49b4a0c9-626a-4270-a299-aeff648b0f59
2019-09-25 05:31:22,550 [pool-27-thread-1] INFO  server.RaftServerConfigKeys (ConfUtils.java:logGet(43)) - raft.server.log.purge.gap = 1000000 (custom)
2019-09-25 05:31:22,553 [pool-87-thread-1] INFO  server.RaftServerConfigKeys (ConfUtils.java:logGet(43)) - raft.server.log.queue.byte-limit = 2147483647 (custom)
2019-09-25 05:31:22,552 [pool-117-thread-1] INFO  server.RaftServerConfigKeys (ConfUtils.java:logGet(43)) - raft.server.log.purge.gap = 1000000 (custom)
2019-09-25 05:31:22,553 [pool-87-thread-1] INFO  server.RaftServerConfigKeys (ConfUtils.java:logGet(43)) - raft.server.log.queue.element-limit = 1024 (custom)
2019-09-25 05:31:22,553 [pool-27-thread-1] INFO  server.RaftServerConfigKeys (ConfUtils.java:logGet(43)) - raft.server.log.appender.buffer.byte-limit = 33554432 (custom)
2019-09-25 05:31:22,553 [pool-87-thread-1] INFO  server.RaftServerConfigKeys (ConfUtils.java:logGet(43)) - raft.server.log.segment.size.max = 1048576 (custom)
2019-09-25 05:31:22,553 [pool-117-thread-1] INFO  server.RaftServerConfigKeys (ConfUtils.java:logGet(43)) - raft.server.log.appender.buffer.byte-limit = 33554432 (custom)
2019-09-25 05:31:22,554 [pool-87-thread-1] INFO  server.RaftServerConfigKeys (ConfUtils.java:logGet(43)) - raft.server.log.preallocated.size = 16384 (custom)
2019-09-25 05:31:22,553 [pool-27-thread-1] INFO  server.RaftServerConfigKeys (ConfUtils.java:logGet(43)) - raft.server.log.segment.size.max = 1048576 (custom)
2019-09-25 05:31:22,554 [pool-87-thread-1] INFO  server.RaftServerConfigKeys (ConfUtils.java:logGet(43)) - raft.server.log.write.buffer.size = 33554432 (custom)
2019-09-25 05:31:22,554 [pool-117-thread-1] INFO  server.RaftServerConfigKeys (ConfUtils.java:logGet(43)) - raft.server.log.segment.size.max = 1048576 (custom)
2019-09-25 05:31:22,554 [pool-87-thread-1] INFO  server.RaftServerConfigKeys (ConfUtils.java:logGet(43)) - raft.server.log.force.sync.num = 128 (default)
2019-09-25 05:31:22,554 [pool-27-thread-1] INFO  server.RaftServerConfigKeys (ConfUtils.java:logGet(43)) - raft.server.log.segment.cache.num.max = 2 (custom)
2019-09-25 05:31:22,555 [pool-27-thread-1] INFO  segmented.SegmentedRaftLogWorker (SegmentedRaftLogWorker.java:<init>(172)) - new f9c12371-c091-4b4a-8db2-6f0db97bbab3@group-AEFF648B0F59-SegmentedRaftLogWorker for RaftStorage:Storage Directory /workdir/hadoop-ozone/integration-test/target/test-dir/MiniOzoneClusterImpl-cea1adf1-e11b-40bf-86cb-fb3b2d854ef9/datanode-0/data/ratis/49b4a0c9-626a-4270-a299-aeff648b0f59
2019-09-25 05:31:22,555 [pool-87-thread-1] INFO  server.RaftServerConfigKeys (ConfUtils.java:logGet(43)) - raft.server.log.statemachine.data.sync = true (default)
2019-09-25 05:31:22,554 [pool-117-thread-1] INFO  server.RaftServerConfigKeys (ConfUtils.java:logGet(43)) - raft.server.log.segment.cache.num.max = 2 (custom)
2019-09-25 05:31:22,555 [pool-87-thread-1] INFO  server.RaftServerConfigKeys (ConfUtils.java:logGet(43)) - raft.server.log.statemachine.data.sync.timeout = 10s (default)
2019-09-25 05:31:22,555 [pool-27-thread-1] INFO  server.RaftServerConfigKeys (ConfUtils.java:logGet(43)) - raft.server.log.queue.byte-limit = 2147483647 (custom)
2019-09-25 05:31:22,556 [pool-87-thread-1] INFO  server.RaftServerConfigKeys (ConfUtils.java:logGet(43)) - raft.server.log.statemachine.data.sync.timeout.retry = -1 (default)
2019-09-25 05:31:22,555 [pool-117-thread-1] INFO  segmented.SegmentedRaftLogWorker (SegmentedRaftLogWorker.java:<init>(172)) - new a58d7528-614e-4c39-a3a3-38beaa9905aa@group-AEFF648B0F59-SegmentedRaftLogWorker for RaftStorage:Storage Directory /workdir/hadoop-ozone/integration-test/target/test-dir/MiniOzoneClusterImpl-cea1adf1-e11b-40bf-86cb-fb3b2d854ef9/datanode-9/data/ratis/49b4a0c9-626a-4270-a299-aeff648b0f59
2019-09-25 05:31:22,556 [e997a993-6131-47bf-96c8-764e04cb5c0e@group-60724A24602F:LeaderElection24] INFO  impl.LeaderElection (LeaderElection.java:logAndReturn(56)) - e997a993-6131-47bf-96c8-764e04cb5c0e@group-60724A24602F:LeaderElection24: Election REJECTED; received 2 response(s) [e997a993-6131-47bf-96c8-764e04cb5c0e<-616f9f8f-9479-40f4-8c03-f125dcbf9c7f#0:FAIL-t2, e997a993-6131-47bf-96c8-764e04cb5c0e<-fd2f3f79-5d7b-4d37-bb24-b15dfe7f18d7#0:FAIL-t2] and 0 exception(s); e997a993-6131-47bf-96c8-764e04cb5c0e@group-60724A24602F:t2, leader=null, voted=e997a993-6131-47bf-96c8-764e04cb5c0e, raftlog=e997a993-6131-47bf-96c8-764e04cb5c0e@group-60724A24602F-SegmentedRaftLog:OPENED:c-1,f-1,i0, conf=-1: [616f9f8f-9479-40f4-8c03-f125dcbf9c7f:192.168.36.126:39694, e997a993-6131-47bf-96c8-764e04cb5c0e:192.168.36.126:37678, fd2f3f79-5d7b-4d37-bb24-b15dfe7f18d7:192.168.36.126:42280], old=null
2019-09-25 05:31:22,556 [pool-87-thread-1] INFO  server.RaftServerConfigKeys (ConfUtils.java:logGet(43)) - raft.server.log.statemachine.data.caching.enabled = true (custom)
2019-09-25 05:31:22,556 [fd2f3f79-5d7b-4d37-bb24-b15dfe7f18d7@group-60724A24602F:LeaderElection23] INFO  impl.LeaderElection (LeaderElection.java:logAndReturn(56)) - fd2f3f79-5d7b-4d37-bb24-b15dfe7f18d7@group-60724A24602F:LeaderElection23: Election REJECTED; received 2 response(s) [fd2f3f79-5d7b-4d37-bb24-b15dfe7f18d7<-616f9f8f-9479-40f4-8c03-f125dcbf9c7f#0:FAIL-t2, fd2f3f79-5d7b-4d37-bb24-b15dfe7f18d7<-e997a993-6131-47bf-96c8-764e04cb5c0e#0:FAIL-t2] and 0 exception(s); fd2f3f79-5d7b-4d37-bb24-b15dfe7f18d7@group-60724A24602F:t2, leader=null, voted=fd2f3f79-5d7b-4d37-bb24-b15dfe7f18d7, raftlog=fd2f3f79-5d7b-4d37-bb24-b15dfe7f18d7@group-60724A24602F-SegmentedRaftLog:OPENED:c-1,f-1,i0, conf=-1: [616f9f8f-9479-40f4-8c03-f125dcbf9c7f:192.168.36.126:39694, e997a993-6131-47bf-96c8-764e04cb5c0e:192.168.36.126:37678, fd2f3f79-5d7b-4d37-bb24-b15dfe7f18d7:192.168.36.126:42280], old=null
2019-09-25 05:31:22,556 [pool-27-thread-1] INFO  server.RaftServerConfigKeys (ConfUtils.java:logGet(43)) - raft.server.log.queue.element-limit = 1024 (custom)
2019-09-25 05:31:22,574 [pool-87-thread-1] INFO  segmented.SegmentedRaftLogWorker (SegmentedRaftLogWorker.java:lambda$new$0(132)) - ce8ac917-2646-4112-adf7-d577593fabcb@group-AEFF648B0F59-SegmentedRaftLogWorker: flushIndex: setUnconditionally 0 -> -1
2019-09-25 05:31:22,576 [pool-27-thread-1] INFO  server.RaftServerConfigKeys (ConfUtils.java:logGet(43)) - raft.server.log.segment.size.max = 1048576 (custom)
2019-09-25 05:31:22,576 [fd2f3f79-5d7b-4d37-bb24-b15dfe7f18d7@group-60724A24602F:LeaderElection23] INFO  impl.RaftServerImpl (RaftServerImpl.java:setRole(174)) - fd2f3f79-5d7b-4d37-bb24-b15dfe7f18d7@group-60724A24602F: changes role from CANDIDATE to FOLLOWER at term 2 for DISCOVERED_A_NEW_TERM
2019-09-25 05:31:22,574 [616f9f8f-9479-40f4-8c03-f125dcbf9c7f@group-60724A24602F:LeaderElection26] INFO  impl.LeaderElection (LeaderElection.java:logAndReturn(56)) - 616f9f8f-9479-40f4-8c03-f125dcbf9c7f@group-60724A24602F:LeaderElection26: Election REJECTED; received 2 response(s) [616f9f8f-9479-40f4-8c03-f125dcbf9c7f<-fd2f3f79-5d7b-4d37-bb24-b15dfe7f18d7#0:FAIL-t2, 616f9f8f-9479-40f4-8c03-f125dcbf9c7f<-e997a993-6131-47bf-96c8-764e04cb5c0e#0:FAIL-t2] and 0 exception(s); 616f9f8f-9479-40f4-8c03-f125dcbf9c7f@group-60724A24602F:t2, leader=null, voted=616f9f8f-9479-40f4-8c03-f125dcbf9c7f, raftlog=616f9f8f-9479-40f4-8c03-f125dcbf9c7f@group-60724A24602F-SegmentedRaftLog:OPENED:c-1,f-1,i0, conf=-1: [616f9f8f-9479-40f4-8c03-f125dcbf9c7f:192.168.36.126:39694, e997a993-6131-47bf-96c8-764e04cb5c0e:192.168.36.126:37678, fd2f3f79-5d7b-4d37-bb24-b15dfe7f18d7:192.168.36.126:42280], old=null
2019-09-25 05:31:22,574 [61946a22-29ed-4e77-8449-fae4cd9869e9@group-059250D1A272:LeaderElection25] INFO  impl.LeaderElection (LeaderElection.java:logAndReturn(56)) - 61946a22-29ed-4e77-8449-fae4cd9869e9@group-059250D1A272:LeaderElection25: Election REJECTED; received 2 response(s) [61946a22-29ed-4e77-8449-fae4cd9869e9<-5c3318fc-c419-4298-b427-bf5a9ca27bf0#0:FAIL-t2, 61946a22-29ed-4e77-8449-fae4cd9869e9<-0d4a37ed-4cec-423a-a360-e4a879eb6bc0#0:FAIL-t2] and 0 exception(s); 61946a22-29ed-4e77-8449-fae4cd9869e9@group-059250D1A272:t2, leader=null, voted=61946a22-29ed-4e77-8449-fae4cd9869e9, raftlog=61946a22-29ed-4e77-8449-fae4cd9869e9@group-059250D1A272-SegmentedRaftLog:OPENED:c-1,f-1,i0, conf=-1: [5c3318fc-c419-4298-b427-bf5a9ca27bf0:192.168.36.126:46795, 61946a22-29ed-4e77-8449-fae4cd9869e9:192.168.36.126:36814, 0d4a37ed-4cec-423a-a360-e4a879eb6bc0:192.168.36.126:37817], old=null
2019-09-25 05:31:22,556 [e997a993-6131-47bf-96c8-764e04cb5c0e@group-60724A24602F:LeaderElection24] INFO  impl.RaftServerImpl (RaftServerImpl.java:setRole(174)) - e997a993-6131-47bf-96c8-764e04cb5c0e@group-60724A24602F: changes role from CANDIDATE to FOLLOWER at term 2 for DISCOVERED_A_NEW_TERM
2019-09-25 05:31:22,556 [pool-117-thread-1] INFO  server.RaftServerConfigKeys (ConfUtils.java:logGet(43)) - raft.server.log.queue.byte-limit = 2147483647 (custom)
2019-09-25 05:31:22,579 [e997a993-6131-47bf-96c8-764e04cb5c0e@group-60724A24602F:LeaderElection24] INFO  impl.RoleInfo (RoleInfo.java:shutdownLeaderElection(134)) - e997a993-6131-47bf-96c8-764e04cb5c0e: shutdown LeaderElection
2019-09-25 05:31:22,577 [616f9f8f-9479-40f4-8c03-f125dcbf9c7f@group-60724A24602F:LeaderElection26] INFO  impl.RaftServerImpl (RaftServerImpl.java:setRole(174)) - 616f9f8f-9479-40f4-8c03-f125dcbf9c7f@group-60724A24602F: changes role from CANDIDATE to FOLLOWER at term 2 for DISCOVERED_A_NEW_TERM
2019-09-25 05:31:22,576 [fd2f3f79-5d7b-4d37-bb24-b15dfe7f18d7@group-60724A24602F:LeaderElection23] INFO  impl.RoleInfo (RoleInfo.java:shutdownLeaderElection(134)) - fd2f3f79-5d7b-4d37-bb24-b15dfe7f18d7: shutdown LeaderElection
2019-09-25 05:31:22,576 [pool-87-thread-1] INFO  server.RaftServerConfigKeys (ConfUtils.java:logGet(43)) - raft.server.snapshot.auto.trigger.enabled = true (custom)
2019-09-25 05:31:22,576 [pool-27-thread-1] INFO  server.RaftServerConfigKeys (ConfUtils.java:logGet(43)) - raft.server.log.preallocated.size = 16384 (custom)
2019-09-25 05:31:22,582 [pool-87-thread-1] INFO  server.RaftServerConfigKeys (ConfUtils.java:logGet(43)) - raft.server.snapshot.auto.trigger.threshold = 10000 (custom)
2019-09-25 05:31:22,581 [fd2f3f79-5d7b-4d37-bb24-b15dfe7f18d7@group-60724A24602F:LeaderElection23] INFO  impl.RoleInfo (RoleInfo.java:updateAndGet(143)) - fd2f3f79-5d7b-4d37-bb24-b15dfe7f18d7: start FollowerState
2019-09-25 05:31:22,581 [616f9f8f-9479-40f4-8c03-f125dcbf9c7f@group-60724A24602F:LeaderElection26] INFO  impl.RoleInfo (RoleInfo.java:shutdownLeaderElection(134)) - 616f9f8f-9479-40f4-8c03-f125dcbf9c7f: shutdown LeaderElection
2019-09-25 05:31:22,581 [e997a993-6131-47bf-96c8-764e04cb5c0e@group-60724A24602F:LeaderElection24] INFO  impl.RoleInfo (RoleInfo.java:updateAndGet(143)) - e997a993-6131-47bf-96c8-764e04cb5c0e: start FollowerState
2019-09-25 05:31:22,581 [61946a22-29ed-4e77-8449-fae4cd9869e9@group-059250D1A272:LeaderElection25] INFO  impl.RaftServerImpl (RaftServerImpl.java:setRole(174)) - 61946a22-29ed-4e77-8449-fae4cd9869e9@group-059250D1A272: changes role from CANDIDATE to FOLLOWER at term 2 for DISCOVERED_A_NEW_TERM
2019-09-25 05:31:22,581 [pool-117-thread-1] INFO  server.RaftServerConfigKeys (ConfUtils.java:logGet(43)) - raft.server.log.queue.element-limit = 1024 (custom)
2019-09-25 05:31:22,582 [61946a22-29ed-4e77-8449-fae4cd9869e9@group-059250D1A272:LeaderElection25] INFO  impl.RoleInfo (RoleInfo.java:shutdownLeaderElection(134)) - 61946a22-29ed-4e77-8449-fae4cd9869e9: shutdown LeaderElection
2019-09-25 05:31:22,582 [616f9f8f-9479-40f4-8c03-f125dcbf9c7f@group-60724A24602F:LeaderElection26] INFO  impl.RoleInfo (RoleInfo.java:updateAndGet(143)) - 616f9f8f-9479-40f4-8c03-f125dcbf9c7f: start FollowerState
2019-09-25 05:31:22,583 [61946a22-29ed-4e77-8449-fae4cd9869e9@group-059250D1A272:LeaderElection25] INFO  impl.RoleInfo (RoleInfo.java:updateAndGet(143)) - 61946a22-29ed-4e77-8449-fae4cd9869e9: start FollowerState
2019-09-25 05:31:22,582 [pool-87-thread-1] INFO  server.RaftServerConfigKeys (ConfUtils.java:logGet(43)) - raft.server.snapshot.retention.num.files = 5 (custom)
2019-09-25 05:31:22,582 [pool-27-thread-1] INFO  server.RaftServerConfigKeys (ConfUtils.java:logGet(43)) - raft.server.log.write.buffer.size = 33554432 (custom)
2019-09-25 05:31:22,583 [pool-87-thread-1] INFO  server.RaftServerConfigKeys (ConfUtils.java:logGet(43)) - raft.server.retrycache.expirytime = 600000ms (custom)
2019-09-25 05:31:22,583 [pool-117-thread-1] INFO  server.RaftServerConfigKeys (ConfUtils.java:logGet(43)) - raft.server.log.segment.size.max = 1048576 (custom)
2019-09-25 05:31:22,583 [pool-27-thread-1] INFO  server.RaftServerConfigKeys (ConfUtils.java:logGet(43)) - raft.server.log.force.sync.num = 128 (default)
2019-09-25 05:31:22,583 [pool-117-thread-1] INFO  server.RaftServerConfigKeys (ConfUtils.java:logGet(43)) - raft.server.log.preallocated.size = 16384 (custom)
2019-09-25 05:31:22,584 [pool-27-thread-1] INFO  server.RaftServerConfigKeys (ConfUtils.java:logGet(43)) - raft.server.log.statemachine.data.sync = true (default)
2019-09-25 05:31:22,584 [pool-117-thread-1] INFO  server.RaftServerConfigKeys (ConfUtils.java:logGet(43)) - raft.server.log.write.buffer.size = 33554432 (custom)
2019-09-25 05:31:22,584 [pool-27-thread-1] INFO  server.RaftServerConfigKeys (ConfUtils.java:logGet(43)) - raft.server.log.statemachine.data.sync.timeout = 10s (default)
2019-09-25 05:31:22,584 [pool-117-thread-1] INFO  server.RaftServerConfigKeys (ConfUtils.java:logGet(43)) - raft.server.log.force.sync.num = 128 (default)
2019-09-25 05:31:22,584 [pool-27-thread-1] INFO  server.RaftServerConfigKeys (ConfUtils.java:logGet(43)) - raft.server.log.statemachine.data.sync.timeout.retry = -1 (default)
2019-09-25 05:31:22,584 [pool-117-thread-1] INFO  server.RaftServerConfigKeys (ConfUtils.java:logGet(43)) - raft.server.log.statemachine.data.sync = true (default)
2019-09-25 05:31:22,584 [pool-27-thread-1] INFO  server.RaftServerConfigKeys (ConfUtils.java:logGet(43)) - raft.server.log.statemachine.data.caching.enabled = true (custom)
2019-09-25 05:31:22,585 [pool-117-thread-1] INFO  server.RaftServerConfigKeys (ConfUtils.java:logGet(43)) - raft.server.log.statemachine.data.sync.timeout = 10s (default)
2019-09-25 05:31:22,585 [pool-117-thread-1] INFO  server.RaftServerConfigKeys (ConfUtils.java:logGet(43)) - raft.server.log.statemachine.data.sync.timeout.retry = -1 (default)
2019-09-25 05:31:22,585 [pool-27-thread-1] INFO  segmented.SegmentedRaftLogWorker (SegmentedRaftLogWorker.java:lambda$new$0(132)) - f9c12371-c091-4b4a-8db2-6f0db97bbab3@group-AEFF648B0F59-SegmentedRaftLogWorker: flushIndex: setUnconditionally 0 -> -1
2019-09-25 05:31:22,585 [pool-117-thread-1] INFO  server.RaftServerConfigKeys (ConfUtils.java:logGet(43)) - raft.server.log.statemachine.data.caching.enabled = true (custom)
2019-09-25 05:31:22,585 [pool-27-thread-1] INFO  server.RaftServerConfigKeys (ConfUtils.java:logGet(43)) - raft.server.snapshot.auto.trigger.enabled = true (custom)
2019-09-25 05:31:22,585 [pool-27-thread-1] INFO  server.RaftServerConfigKeys (ConfUtils.java:logGet(43)) - raft.server.snapshot.auto.trigger.threshold = 10000 (custom)
2019-09-25 05:31:22,585 [pool-117-thread-1] INFO  segmented.SegmentedRaftLogWorker (SegmentedRaftLogWorker.java:lambda$new$0(132)) - a58d7528-614e-4c39-a3a3-38beaa9905aa@group-AEFF648B0F59-SegmentedRaftLogWorker: flushIndex: setUnconditionally 0 -> -1
2019-09-25 05:31:22,585 [pool-27-thread-1] INFO  server.RaftServerConfigKeys (ConfUtils.java:logGet(43)) - raft.server.snapshot.retention.num.files = 5 (custom)
2019-09-25 05:31:22,586 [pool-117-thread-1] INFO  server.RaftServerConfigKeys (ConfUtils.java:logGet(43)) - raft.server.snapshot.auto.trigger.enabled = true (custom)
2019-09-25 05:31:22,586 [pool-117-thread-1] INFO  server.RaftServerConfigKeys (ConfUtils.java:logGet(43)) - raft.server.snapshot.auto.trigger.threshold = 10000 (custom)
2019-09-25 05:31:22,586 [pool-27-thread-1] INFO  server.RaftServerConfigKeys (ConfUtils.java:logGet(43)) - raft.server.retrycache.expirytime = 600000ms (custom)
2019-09-25 05:31:22,586 [pool-117-thread-1] INFO  server.RaftServerConfigKeys (ConfUtils.java:logGet(43)) - raft.server.snapshot.retention.num.files = 5 (custom)
2019-09-25 05:31:22,586 [pool-117-thread-1] INFO  server.RaftServerConfigKeys (ConfUtils.java:logGet(43)) - raft.server.retrycache.expirytime = 600000ms (custom)
2019-09-25 05:31:22,586 [pool-87-thread-1] INFO  impl.RaftServerImpl (RaftServerImpl.java:start(185)) - ce8ac917-2646-4112-adf7-d577593fabcb@group-0EC8D23D101B: start as a follower, conf=-1: [a58d7528-614e-4c39-a3a3-38beaa9905aa:192.168.36.126:37942, f9c12371-c091-4b4a-8db2-6f0db97bbab3:192.168.36.126:46560, ce8ac917-2646-4112-adf7-d577593fabcb:192.168.36.126:37960], old=null
2019-09-25 05:31:22,587 [pool-87-thread-1] INFO  impl.RaftServerImpl (RaftServerImpl.java:setRole(174)) - ce8ac917-2646-4112-adf7-d577593fabcb@group-0EC8D23D101B: changes role from      null to FOLLOWER at term 0 for startAsFollower
2019-09-25 05:31:22,587 [pool-87-thread-1] INFO  impl.RoleInfo (RoleInfo.java:updateAndGet(143)) - ce8ac917-2646-4112-adf7-d577593fabcb: start FollowerState
2019-09-25 05:31:22,587 [pool-87-thread-1] INFO  util.JmxRegister (JmxRegister.java:tryRegister(44)) - Successfully registered JMX Bean with object name Ratis:service=RaftServer,group=group-0EC8D23D101B,id=ce8ac917-2646-4112-adf7-d577593fabcb
2019-09-25 05:31:22,588 [pool-87-thread-1] INFO  impl.RaftServerImpl (RaftServerImpl.java:start(185)) - ce8ac917-2646-4112-adf7-d577593fabcb@group-AEFF648B0F59: start as a follower, conf=-1: [a58d7528-614e-4c39-a3a3-38beaa9905aa:192.168.36.126:37942, f9c12371-c091-4b4a-8db2-6f0db97bbab3:192.168.36.126:46560, ce8ac917-2646-4112-adf7-d577593fabcb:192.168.36.126:37960], old=null
2019-09-25 05:31:22,588 [pool-87-thread-1] INFO  impl.RaftServerImpl (RaftServerImpl.java:setRole(174)) - ce8ac917-2646-4112-adf7-d577593fabcb@group-AEFF648B0F59: changes role from      null to FOLLOWER at term 0 for startAsFollower
2019-09-25 05:31:22,588 [pool-87-thread-1] INFO  impl.RoleInfo (RoleInfo.java:updateAndGet(143)) - ce8ac917-2646-4112-adf7-d577593fabcb: start FollowerState
2019-09-25 05:31:22,588 [pool-87-thread-1] INFO  util.JmxRegister (JmxRegister.java:tryRegister(44)) - Successfully registered JMX Bean with object name Ratis:service=RaftServer,group=group-AEFF648B0F59,id=ce8ac917-2646-4112-adf7-d577593fabcb
2019-09-25 05:31:22,590 [pool-117-thread-1] INFO  impl.RaftServerImpl (RaftServerImpl.java:start(185)) - a58d7528-614e-4c39-a3a3-38beaa9905aa@group-0EC8D23D101B: start as a follower, conf=-1: [a58d7528-614e-4c39-a3a3-38beaa9905aa:192.168.36.126:37942, f9c12371-c091-4b4a-8db2-6f0db97bbab3:192.168.36.126:46560, ce8ac917-2646-4112-adf7-d577593fabcb:192.168.36.126:37960], old=null
2019-09-25 05:31:22,590 [pool-27-thread-1] INFO  impl.RaftServerImpl (RaftServerImpl.java:start(185)) - f9c12371-c091-4b4a-8db2-6f0db97bbab3@group-0EC8D23D101B: start as a follower, conf=-1: [a58d7528-614e-4c39-a3a3-38beaa9905aa:192.168.36.126:37942, f9c12371-c091-4b4a-8db2-6f0db97bbab3:192.168.36.126:46560, ce8ac917-2646-4112-adf7-d577593fabcb:192.168.36.126:37960], old=null
2019-09-25 05:31:22,590 [pool-117-thread-1] INFO  impl.RaftServerImpl (RaftServerImpl.java:setRole(174)) - a58d7528-614e-4c39-a3a3-38beaa9905aa@group-0EC8D23D101B: changes role from      null to FOLLOWER at term 0 for startAsFollower
2019-09-25 05:31:22,591 [pool-117-thread-1] INFO  impl.RoleInfo (RoleInfo.java:updateAndGet(143)) - a58d7528-614e-4c39-a3a3-38beaa9905aa: start FollowerState
2019-09-25 05:31:22,591 [pool-27-thread-1] INFO  impl.RaftServerImpl (RaftServerImpl.java:setRole(174)) - f9c12371-c091-4b4a-8db2-6f0db97bbab3@group-0EC8D23D101B: changes role from      null to FOLLOWER at term 0 for startAsFollower
2019-09-25 05:31:22,591 [pool-27-thread-1] INFO  impl.RoleInfo (RoleInfo.java:updateAndGet(143)) - f9c12371-c091-4b4a-8db2-6f0db97bbab3: start FollowerState
2019-09-25 05:31:22,591 [pool-117-thread-1] INFO  util.JmxRegister (JmxRegister.java:tryRegister(44)) - Successfully registered JMX Bean with object name Ratis:service=RaftServer,group=group-0EC8D23D101B,id=a58d7528-614e-4c39-a3a3-38beaa9905aa
2019-09-25 05:31:22,591 [pool-27-thread-1] INFO  util.JmxRegister (JmxRegister.java:tryRegister(44)) - Successfully registered JMX Bean with object name Ratis:service=RaftServer,group=group-0EC8D23D101B,id=f9c12371-c091-4b4a-8db2-6f0db97bbab3
2019-09-25 05:31:22,592 [pool-117-thread-1] INFO  impl.RaftServerImpl (RaftServerImpl.java:start(185)) - a58d7528-614e-4c39-a3a3-38beaa9905aa@group-AEFF648B0F59: start as a follower, conf=-1: [a58d7528-614e-4c39-a3a3-38beaa9905aa:192.168.36.126:37942, f9c12371-c091-4b4a-8db2-6f0db97bbab3:192.168.36.126:46560, ce8ac917-2646-4112-adf7-d577593fabcb:192.168.36.126:37960], old=null
2019-09-25 05:31:22,592 [pool-27-thread-1] INFO  impl.RaftServerImpl (RaftServerImpl.java:start(185)) - f9c12371-c091-4b4a-8db2-6f0db97bbab3@group-AEFF648B0F59: start as a follower, conf=-1: [a58d7528-614e-4c39-a3a3-38beaa9905aa:192.168.36.126:37942, f9c12371-c091-4b4a-8db2-6f0db97bbab3:192.168.36.126:46560, ce8ac917-2646-4112-adf7-d577593fabcb:192.168.36.126:37960], old=null
2019-09-25 05:31:22,592 [pool-117-thread-1] INFO  impl.RaftServerImpl (RaftServerImpl.java:setRole(174)) - a58d7528-614e-4c39-a3a3-38beaa9905aa@group-AEFF648B0F59: changes role from      null to FOLLOWER at term 0 for startAsFollower
2019-09-25 05:31:22,592 [pool-27-thread-1] INFO  impl.RaftServerImpl (RaftServerImpl.java:setRole(174)) - f9c12371-c091-4b4a-8db2-6f0db97bbab3@group-AEFF648B0F59: changes role from      null to FOLLOWER at term 0 for startAsFollower
2019-09-25 05:31:22,592 [pool-117-thread-1] INFO  impl.RoleInfo (RoleInfo.java:updateAndGet(143)) - a58d7528-614e-4c39-a3a3-38beaa9905aa: start FollowerState
2019-09-25 05:31:22,592 [pool-27-thread-1] INFO  impl.RoleInfo (RoleInfo.java:updateAndGet(143)) - f9c12371-c091-4b4a-8db2-6f0db97bbab3: start FollowerState
2019-09-25 05:31:22,592 [pool-117-thread-1] INFO  util.JmxRegister (JmxRegister.java:tryRegister(44)) - Successfully registered JMX Bean with object name Ratis:service=RaftServer,group=group-AEFF648B0F59,id=a58d7528-614e-4c39-a3a3-38beaa9905aa
2019-09-25 05:31:22,600 [pool-27-thread-1] INFO  util.JmxRegister (JmxRegister.java:tryRegister(44)) - Successfully registered JMX Bean with object name Ratis:service=RaftServer,group=group-AEFF648B0F59,id=f9c12371-c091-4b4a-8db2-6f0db97bbab3
2019-09-25 05:31:23,563 [Thread-431] INFO  impl.FollowerState (FollowerState.java:run(106)) - 0d4a37ed-4cec-423a-a360-e4a879eb6bc0:group-059250D1A272 changes to CANDIDATE, lastRpcTime:1018, electionTimeout:1013ms
2019-09-25 05:31:23,564 [Thread-431] INFO  impl.RoleInfo (RoleInfo.java:shutdownFollowerState(121)) - 0d4a37ed-4cec-423a-a360-e4a879eb6bc0: shutdown FollowerState
2019-09-25 05:31:23,564 [Thread-431] INFO  impl.RaftServerImpl (RaftServerImpl.java:setRole(174)) - 0d4a37ed-4cec-423a-a360-e4a879eb6bc0@group-059250D1A272: changes role from  FOLLOWER to CANDIDATE at term 2 for changeToCandidate
2019-09-25 05:31:23,564 [Thread-431] INFO  impl.RoleInfo (RoleInfo.java:updateAndGet(143)) - 0d4a37ed-4cec-423a-a360-e4a879eb6bc0: start LeaderElection
2019-09-25 05:31:23,593 [Thread-434] INFO  impl.FollowerState (FollowerState.java:run(106)) - fd2f3f79-5d7b-4d37-bb24-b15dfe7f18d7:group-60724A24602F changes to CANDIDATE, lastRpcTime:1011, electionTimeout:1011ms
2019-09-25 05:31:23,594 [Thread-434] INFO  impl.RoleInfo (RoleInfo.java:shutdownFollowerState(121)) - fd2f3f79-5d7b-4d37-bb24-b15dfe7f18d7: shutdown FollowerState
2019-09-25 05:31:23,594 [Thread-434] INFO  impl.RaftServerImpl (RaftServerImpl.java:setRole(174)) - fd2f3f79-5d7b-4d37-bb24-b15dfe7f18d7@group-60724A24602F: changes role from  FOLLOWER to CANDIDATE at term 2 for changeToCandidate
2019-09-25 05:31:23,594 [Thread-434] INFO  impl.RoleInfo (RoleInfo.java:updateAndGet(143)) - fd2f3f79-5d7b-4d37-bb24-b15dfe7f18d7: start LeaderElection
2019-09-25 05:31:23,604 [Thread-449] INFO  impl.FollowerState (FollowerState.java:run(106)) - f9c12371-c091-4b4a-8db2-6f0db97bbab3:group-AEFF648B0F59 changes to CANDIDATE, lastRpcTime:1011, electionTimeout:1011ms
2019-09-25 05:31:23,604 [Thread-449] INFO  impl.RoleInfo (RoleInfo.java:shutdownFollowerState(121)) - f9c12371-c091-4b4a-8db2-6f0db97bbab3: shutdown FollowerState
2019-09-25 05:31:23,604 [Thread-449] INFO  impl.RaftServerImpl (RaftServerImpl.java:setRole(174)) - f9c12371-c091-4b4a-8db2-6f0db97bbab3@group-AEFF648B0F59: changes role from  FOLLOWER to CANDIDATE at term 0 for changeToCandidate
2019-09-25 05:31:23,604 [Thread-449] INFO  impl.RoleInfo (RoleInfo.java:updateAndGet(143)) - f9c12371-c091-4b4a-8db2-6f0db97bbab3: start LeaderElection
2019-09-25 05:31:23,618 [Thread-432] INFO  impl.FollowerState (FollowerState.java:run(106)) - 5c3318fc-c419-4298-b427-bf5a9ca27bf0:group-059250D1A272 changes to CANDIDATE, lastRpcTime:1072, electionTimeout:1065ms
2019-09-25 05:31:23,618 [Thread-432] INFO  impl.RoleInfo (RoleInfo.java:shutdownFollowerState(121)) - 5c3318fc-c419-4298-b427-bf5a9ca27bf0: shutdown FollowerState
2019-09-25 05:31:23,618 [Thread-432] INFO  impl.RaftServerImpl (RaftServerImpl.java:setRole(174)) - 5c3318fc-c419-4298-b427-bf5a9ca27bf0@group-059250D1A272: changes role from  FOLLOWER to CANDIDATE at term 2 for changeToCandidate
2019-09-25 05:31:23,618 [Thread-432] INFO  impl.RoleInfo (RoleInfo.java:updateAndGet(143)) - 5c3318fc-c419-4298-b427-bf5a9ca27bf0: start LeaderElection
2019-09-25 05:31:23,624 [Thread-433] INFO  impl.FollowerState (FollowerState.java:run(106)) - e997a993-6131-47bf-96c8-764e04cb5c0e:group-60724A24602F changes to CANDIDATE, lastRpcTime:1042, electionTimeout:1041ms
2019-09-25 05:31:23,624 [Thread-433] INFO  impl.RoleInfo (RoleInfo.java:shutdownFollowerState(121)) - e997a993-6131-47bf-96c8-764e04cb5c0e: shutdown FollowerState
2019-09-25 05:31:23,624 [Thread-433] INFO  impl.RaftServerImpl (RaftServerImpl.java:setRole(174)) - e997a993-6131-47bf-96c8-764e04cb5c0e@group-60724A24602F: changes role from  FOLLOWER to CANDIDATE at term 2 for changeToCandidate
2019-09-25 05:31:23,624 [Thread-433] INFO  impl.RoleInfo (RoleInfo.java:updateAndGet(143)) - e997a993-6131-47bf-96c8-764e04cb5c0e: start LeaderElection
2019-09-25 05:31:23,628 [Thread-442] INFO  impl.FollowerState (FollowerState.java:run(106)) - ce8ac917-2646-4112-adf7-d577593fabcb:group-AEFF648B0F59 changes to CANDIDATE, lastRpcTime:1040, electionTimeout:1039ms
2019-09-25 05:31:23,628 [Thread-442] INFO  impl.RoleInfo (RoleInfo.java:shutdownFollowerState(121)) - ce8ac917-2646-4112-adf7-d577593fabcb: shutdown FollowerState
2019-09-25 05:31:23,629 [Thread-442] INFO  impl.RaftServerImpl (RaftServerImpl.java:setRole(174)) - ce8ac917-2646-4112-adf7-d577593fabcb@group-AEFF648B0F59: changes role from  FOLLOWER to CANDIDATE at term 0 for changeToCandidate
2019-09-25 05:31:23,629 [Thread-442] INFO  impl.RoleInfo (RoleInfo.java:updateAndGet(143)) - ce8ac917-2646-4112-adf7-d577593fabcb: start LeaderElection
2019-09-25 05:31:23,633 [Thread-420] INFO  impl.FollowerState (FollowerState.java:run(106)) - 0d4a37ed-4cec-423a-a360-e4a879eb6bc0:group-21C2C432FD88 changes to CANDIDATE, lastRpcTime:1132, electionTimeout:1126ms
2019-09-25 05:31:23,633 [Thread-420] INFO  impl.RoleInfo (RoleInfo.java:shutdownFollowerState(121)) - 0d4a37ed-4cec-423a-a360-e4a879eb6bc0: shutdown FollowerState
2019-09-25 05:31:23,633 [Thread-420] INFO  impl.RaftServerImpl (RaftServerImpl.java:setRole(174)) - 0d4a37ed-4cec-423a-a360-e4a879eb6bc0@group-21C2C432FD88: changes role from  FOLLOWER to CANDIDATE at term 3 for changeToCandidate
2019-09-25 05:31:23,637 [Thread-420] INFO  impl.RoleInfo (RoleInfo.java:updateAndGet(143)) - 0d4a37ed-4cec-423a-a360-e4a879eb6bc0: start LeaderElection
2019-09-25 05:31:23,642 [Thread-444] INFO  impl.FollowerState (FollowerState.java:run(106)) - a58d7528-614e-4c39-a3a3-38beaa9905aa:group-0EC8D23D101B changes to CANDIDATE, lastRpcTime:1051, electionTimeout:1051ms
2019-09-25 05:31:23,642 [Thread-444] INFO  impl.RoleInfo (RoleInfo.java:shutdownFollowerState(121)) - a58d7528-614e-4c39-a3a3-38beaa9905aa: shutdown FollowerState
2019-09-25 05:31:23,642 [Thread-444] INFO  impl.RaftServerImpl (RaftServerImpl.java:setRole(174)) - a58d7528-614e-4c39-a3a3-38beaa9905aa@group-0EC8D23D101B: changes role from  FOLLOWER to CANDIDATE at term 0 for changeToCandidate
2019-09-25 05:31:23,643 [Thread-444] INFO  impl.RoleInfo (RoleInfo.java:updateAndGet(143)) - a58d7528-614e-4c39-a3a3-38beaa9905aa: start LeaderElection
2019-09-25 05:31:23,657 [Thread-422] INFO  impl.FollowerState (FollowerState.java:run(106)) - 5c3318fc-c419-4298-b427-bf5a9ca27bf0:group-21C2C432FD88 changes to CANDIDATE, lastRpcTime:1139, electionTimeout:1137ms
2019-09-25 05:31:23,657 [Thread-422] INFO  impl.RoleInfo (RoleInfo.java:shutdownFollowerState(121)) - 5c3318fc-c419-4298-b427-bf5a9ca27bf0: shutdown FollowerState
2019-09-25 05:31:23,657 [Thread-422] INFO  impl.RaftServerImpl (RaftServerImpl.java:setRole(174)) - 5c3318fc-c419-4298-b427-bf5a9ca27bf0@group-21C2C432FD88: changes role from  FOLLOWER to CANDIDATE at term 3 for changeToCandidate
2019-09-25 05:31:23,657 [Thread-422] INFO  impl.RoleInfo (RoleInfo.java:updateAndGet(143)) - 5c3318fc-c419-4298-b427-bf5a9ca27bf0: start LeaderElection
2019-09-25 05:31:23,661 [Thread-421] INFO  impl.FollowerState (FollowerState.java:run(106)) - 61946a22-29ed-4e77-8449-fae4cd9869e9:group-21C2C432FD88 changes to CANDIDATE, lastRpcTime:1144, electionTimeout:1140ms
2019-09-25 05:31:23,661 [Thread-421] INFO  impl.RoleInfo (RoleInfo.java:shutdownFollowerState(121)) - 61946a22-29ed-4e77-8449-fae4cd9869e9: shutdown FollowerState
2019-09-25 05:31:23,661 [Thread-421] INFO  impl.RaftServerImpl (RaftServerImpl.java:setRole(174)) - 61946a22-29ed-4e77-8449-fae4cd9869e9@group-21C2C432FD88: changes role from  FOLLOWER to CANDIDATE at term 3 for changeToCandidate
2019-09-25 05:31:23,661 [Thread-421] INFO  impl.RoleInfo (RoleInfo.java:updateAndGet(143)) - 61946a22-29ed-4e77-8449-fae4cd9869e9: start LeaderElection
2019-09-25 05:31:23,666 [Thread-440] INFO  impl.FollowerState (FollowerState.java:run(106)) - ce8ac917-2646-4112-adf7-d577593fabcb:group-0EC8D23D101B changes to CANDIDATE, lastRpcTime:1079, electionTimeout:1079ms
2019-09-25 05:31:23,666 [Thread-440] INFO  impl.RoleInfo (RoleInfo.java:shutdownFollowerState(121)) - ce8ac917-2646-4112-adf7-d577593fabcb: shutdown FollowerState
2019-09-25 05:31:23,666 [Thread-440] INFO  impl.RaftServerImpl (RaftServerImpl.java:setRole(174)) - ce8ac917-2646-4112-adf7-d577593fabcb@group-0EC8D23D101B: changes role from  FOLLOWER to CANDIDATE at term 0 for changeToCandidate
2019-09-25 05:31:23,667 [Thread-440] INFO  impl.RoleInfo (RoleInfo.java:updateAndGet(143)) - ce8ac917-2646-4112-adf7-d577593fabcb: start LeaderElection
2019-09-25 05:31:23,703 [Thread-448] INFO  impl.FollowerState (FollowerState.java:run(106)) - a58d7528-614e-4c39-a3a3-38beaa9905aa:group-AEFF648B0F59 changes to CANDIDATE, lastRpcTime:1111, electionTimeout:1111ms
2019-09-25 05:31:23,704 [Thread-448] INFO  impl.RoleInfo (RoleInfo.java:shutdownFollowerState(121)) - a58d7528-614e-4c39-a3a3-38beaa9905aa: shutdown FollowerState
2019-09-25 05:31:23,704 [Thread-448] INFO  impl.RaftServerImpl (RaftServerImpl.java:setRole(174)) - a58d7528-614e-4c39-a3a3-38beaa9905aa@group-AEFF648B0F59: changes role from  FOLLOWER to CANDIDATE at term 0 for changeToCandidate
2019-09-25 05:31:23,704 [Thread-448] INFO  impl.RoleInfo (RoleInfo.java:updateAndGet(143)) - a58d7528-614e-4c39-a3a3-38beaa9905aa: start LeaderElection
2019-09-25 05:31:23,730 [Thread-435] INFO  impl.FollowerState (FollowerState.java:run(106)) - 616f9f8f-9479-40f4-8c03-f125dcbf9c7f:group-60724A24602F changes to CANDIDATE, lastRpcTime:1148, electionTimeout:1147ms
2019-09-25 05:31:23,730 [Thread-435] INFO  impl.RoleInfo (RoleInfo.java:shutdownFollowerState(121)) - 616f9f8f-9479-40f4-8c03-f125dcbf9c7f: shutdown FollowerState
2019-09-25 05:31:23,730 [Thread-435] INFO  impl.RaftServerImpl (RaftServerImpl.java:setRole(174)) - 616f9f8f-9479-40f4-8c03-f125dcbf9c7f@group-60724A24602F: changes role from  FOLLOWER to CANDIDATE at term 2 for changeToCandidate
2019-09-25 05:31:23,731 [Thread-435] INFO  impl.RoleInfo (RoleInfo.java:updateAndGet(143)) - 616f9f8f-9479-40f4-8c03-f125dcbf9c7f: start LeaderElection
2019-09-25 05:31:23,740 [Thread-436] INFO  impl.FollowerState (FollowerState.java:run(106)) - 61946a22-29ed-4e77-8449-fae4cd9869e9:group-059250D1A272 changes to CANDIDATE, lastRpcTime:1157, electionTimeout:1157ms
2019-09-25 05:31:23,741 [Thread-436] INFO  impl.RoleInfo (RoleInfo.java:shutdownFollowerState(121)) - 61946a22-29ed-4e77-8449-fae4cd9869e9: shutdown FollowerState
2019-09-25 05:31:23,741 [Thread-436] INFO  impl.RaftServerImpl (RaftServerImpl.java:setRole(174)) - 61946a22-29ed-4e77-8449-fae4cd9869e9@group-059250D1A272: changes role from  FOLLOWER to CANDIDATE at term 2 for changeToCandidate
2019-09-25 05:31:23,741 [Thread-436] INFO  impl.RoleInfo (RoleInfo.java:updateAndGet(143)) - 61946a22-29ed-4e77-8449-fae4cd9869e9: start LeaderElection
2019-09-25 05:31:23,758 [Thread-445] INFO  impl.FollowerState (FollowerState.java:run(106)) - f9c12371-c091-4b4a-8db2-6f0db97bbab3:group-0EC8D23D101B changes to CANDIDATE, lastRpcTime:1167, electionTimeout:1167ms
2019-09-25 05:31:23,758 [Thread-445] INFO  impl.RoleInfo (RoleInfo.java:shutdownFollowerState(121)) - f9c12371-c091-4b4a-8db2-6f0db97bbab3: shutdown FollowerState
2019-09-25 05:31:23,759 [Thread-445] INFO  impl.RaftServerImpl (RaftServerImpl.java:setRole(174)) - f9c12371-c091-4b4a-8db2-6f0db97bbab3@group-0EC8D23D101B: changes role from  FOLLOWER to CANDIDATE at term 0 for changeToCandidate
2019-09-25 05:31:23,759 [Thread-445] INFO  impl.RoleInfo (RoleInfo.java:updateAndGet(143)) - f9c12371-c091-4b4a-8db2-6f0db97bbab3: start LeaderElection
2019-09-25 05:31:28,288 [5c3318fc-c419-4298-b427-bf5a9ca27bf0@group-21C2C432FD88:LeaderElection35] INFO  impl.LeaderElection (LeaderElection.java:askForVotes(182)) - 5c3318fc-c419-4298-b427-bf5a9ca27bf0@group-21C2C432FD88:LeaderElection35: begin an election at term 4 for -1: [5c3318fc-c419-4298-b427-bf5a9ca27bf0:192.168.36.126:46795, 61946a22-29ed-4e77-8449-fae4cd9869e9:192.168.36.126:36814, 0d4a37ed-4cec-423a-a360-e4a879eb6bc0:192.168.36.126:37817], old=null
2019-09-25 05:31:28,289 [61946a22-29ed-4e77-8449-fae4cd9869e9@group-21C2C432FD88:LeaderElection36] INFO  impl.LeaderElection (LeaderElection.java:askForVotes(182)) - 61946a22-29ed-4e77-8449-fae4cd9869e9@group-21C2C432FD88:LeaderElection36: begin an election at term 4 for -1: [5c3318fc-c419-4298-b427-bf5a9ca27bf0:192.168.36.126:46795, 61946a22-29ed-4e77-8449-fae4cd9869e9:192.168.36.126:36814, 0d4a37ed-4cec-423a-a360-e4a879eb6bc0:192.168.36.126:37817], old=null
2019-09-25 05:31:28,289 [e997a993-6131-47bf-96c8-764e04cb5c0e@group-60724A24602F:LeaderElection31] INFO  impl.LeaderElection (LeaderElection.java:askForVotes(182)) - e997a993-6131-47bf-96c8-764e04cb5c0e@group-60724A24602F:LeaderElection31: begin an election at term 3 for -1: [616f9f8f-9479-40f4-8c03-f125dcbf9c7f:192.168.36.126:39694, e997a993-6131-47bf-96c8-764e04cb5c0e:192.168.36.126:37678, fd2f3f79-5d7b-4d37-bb24-b15dfe7f18d7:192.168.36.126:42280], old=null
2019-09-25 05:31:28,289 [f9c12371-c091-4b4a-8db2-6f0db97bbab3@group-AEFF648B0F59:LeaderElection29] INFO  impl.LeaderElection (LeaderElection.java:askForVotes(182)) - f9c12371-c091-4b4a-8db2-6f0db97bbab3@group-AEFF648B0F59:LeaderElection29: begin an election at term 1 for -1: [a58d7528-614e-4c39-a3a3-38beaa9905aa:192.168.36.126:37942, f9c12371-c091-4b4a-8db2-6f0db97bbab3:192.168.36.126:46560, ce8ac917-2646-4112-adf7-d577593fabcb:192.168.36.126:37960], old=null
2019-09-25 05:31:28,289 [ce8ac917-2646-4112-adf7-d577593fabcb@group-AEFF648B0F59:LeaderElection32] INFO  impl.LeaderElection (LeaderElection.java:askForVotes(182)) - ce8ac917-2646-4112-adf7-d577593fabcb@group-AEFF648B0F59:LeaderElection32: begin an election at term 1 for -1: [a58d7528-614e-4c39-a3a3-38beaa9905aa:192.168.36.126:37942, f9c12371-c091-4b4a-8db2-6f0db97bbab3:192.168.36.126:46560, ce8ac917-2646-4112-adf7-d577593fabcb:192.168.36.126:37960], old=null
2019-09-25 05:31:28,288 [fd2f3f79-5d7b-4d37-bb24-b15dfe7f18d7@group-60724A24602F:LeaderElection28] INFO  impl.LeaderElection (LeaderElection.java:askForVotes(182)) - fd2f3f79-5d7b-4d37-bb24-b15dfe7f18d7@group-60724A24602F:LeaderElection28: begin an election at term 3 for -1: [616f9f8f-9479-40f4-8c03-f125dcbf9c7f:192.168.36.126:39694, e997a993-6131-47bf-96c8-764e04cb5c0e:192.168.36.126:37678, fd2f3f79-5d7b-4d37-bb24-b15dfe7f18d7:192.168.36.126:42280], old=null
2019-09-25 05:31:28,288 [616f9f8f-9479-40f4-8c03-f125dcbf9c7f@group-60724A24602F:LeaderElection39] INFO  impl.LeaderElection (LeaderElection.java:askForVotes(182)) - 616f9f8f-9479-40f4-8c03-f125dcbf9c7f@group-60724A24602F:LeaderElection39: begin an election at term 3 for -1: [616f9f8f-9479-40f4-8c03-f125dcbf9c7f:192.168.36.126:39694, e997a993-6131-47bf-96c8-764e04cb5c0e:192.168.36.126:37678, fd2f3f79-5d7b-4d37-bb24-b15dfe7f18d7:192.168.36.126:42280], old=null
2019-09-25 05:31:28,289 [0d4a37ed-4cec-423a-a360-e4a879eb6bc0@group-059250D1A272:LeaderElection27] INFO  impl.LeaderElection (LeaderElection.java:askForVotes(182)) - 0d4a37ed-4cec-423a-a360-e4a879eb6bc0@group-059250D1A272:LeaderElection27: begin an election at term 3 for -1: [5c3318fc-c419-4298-b427-bf5a9ca27bf0:192.168.36.126:46795, 61946a22-29ed-4e77-8449-fae4cd9869e9:192.168.36.126:36814, 0d4a37ed-4cec-423a-a360-e4a879eb6bc0:192.168.36.126:37817], old=null
2019-09-25 05:31:28,288 [f9c12371-c091-4b4a-8db2-6f0db97bbab3@group-0EC8D23D101B:LeaderElection41] INFO  impl.LeaderElection (LeaderElection.java:askForVotes(182)) - f9c12371-c091-4b4a-8db2-6f0db97bbab3@group-0EC8D23D101B:LeaderElection41: begin an election at term 1 for -1: [a58d7528-614e-4c39-a3a3-38beaa9905aa:192.168.36.126:37942, f9c12371-c091-4b4a-8db2-6f0db97bbab3:192.168.36.126:46560, ce8ac917-2646-4112-adf7-d577593fabcb:192.168.36.126:37960], old=null
2019-09-25 05:31:28,288 [ce8ac917-2646-4112-adf7-d577593fabcb@group-0EC8D23D101B:LeaderElection37] INFO  impl.LeaderElection (LeaderElection.java:askForVotes(182)) - ce8ac917-2646-4112-adf7-d577593fabcb@group-0EC8D23D101B:LeaderElection37: begin an election at term 1 for -1: [a58d7528-614e-4c39-a3a3-38beaa9905aa:192.168.36.126:37942, f9c12371-c091-4b4a-8db2-6f0db97bbab3:192.168.36.126:46560, ce8ac917-2646-4112-adf7-d577593fabcb:192.168.36.126:37960], old=null
2019-09-25 05:31:28,288 [61946a22-29ed-4e77-8449-fae4cd9869e9@group-059250D1A272:LeaderElection40] INFO  impl.LeaderElection (LeaderElection.java:askForVotes(182)) - 61946a22-29ed-4e77-8449-fae4cd9869e9@group-059250D1A272:LeaderElection40: begin an election at term 3 for -1: [5c3318fc-c419-4298-b427-bf5a9ca27bf0:192.168.36.126:46795, 61946a22-29ed-4e77-8449-fae4cd9869e9:192.168.36.126:36814, 0d4a37ed-4cec-423a-a360-e4a879eb6bc0:192.168.36.126:37817], old=null
2019-09-25 05:31:28,289 [5c3318fc-c419-4298-b427-bf5a9ca27bf0@group-059250D1A272:LeaderElection30] INFO  impl.LeaderElection (LeaderElection.java:askForVotes(182)) - 5c3318fc-c419-4298-b427-bf5a9ca27bf0@group-059250D1A272:LeaderElection30: begin an election at term 3 for -1: [5c3318fc-c419-4298-b427-bf5a9ca27bf0:192.168.36.126:46795, 61946a22-29ed-4e77-8449-fae4cd9869e9:192.168.36.126:36814, 0d4a37ed-4cec-423a-a360-e4a879eb6bc0:192.168.36.126:37817], old=null
2019-09-25 05:31:28,289 [a58d7528-614e-4c39-a3a3-38beaa9905aa@group-AEFF648B0F59:LeaderElection38] INFO  impl.LeaderElection (LeaderElection.java:askForVotes(182)) - a58d7528-614e-4c39-a3a3-38beaa9905aa@group-AEFF648B0F59:LeaderElection38: begin an election at term 1 for -1: [a58d7528-614e-4c39-a3a3-38beaa9905aa:192.168.36.126:37942, f9c12371-c091-4b4a-8db2-6f0db97bbab3:192.168.36.126:46560, ce8ac917-2646-4112-adf7-d577593fabcb:192.168.36.126:37960], old=null
2019-09-25 05:31:28,289 [0d4a37ed-4cec-423a-a360-e4a879eb6bc0@group-21C2C432FD88:LeaderElection33] INFO  impl.LeaderElection (LeaderElection.java:askForVotes(182)) - 0d4a37ed-4cec-423a-a360-e4a879eb6bc0@group-21C2C432FD88:LeaderElection33: begin an election at term 4 for -1: [5c3318fc-c419-4298-b427-bf5a9ca27bf0:192.168.36.126:46795, 61946a22-29ed-4e77-8449-fae4cd9869e9:192.168.36.126:36814, 0d4a37ed-4cec-423a-a360-e4a879eb6bc0:192.168.36.126:37817], old=null
2019-09-25 05:31:28,289 [a58d7528-614e-4c39-a3a3-38beaa9905aa@group-0EC8D23D101B:LeaderElection34] INFO  impl.LeaderElection (LeaderElection.java:askForVotes(182)) - a58d7528-614e-4c39-a3a3-38beaa9905aa@group-0EC8D23D101B:LeaderElection34: begin an election at term 1 for -1: [a58d7528-614e-4c39-a3a3-38beaa9905aa:192.168.36.126:37942, f9c12371-c091-4b4a-8db2-6f0db97bbab3:192.168.36.126:46560, ce8ac917-2646-4112-adf7-d577593fabcb:192.168.36.126:37960], old=null
2019-09-25 05:31:28,308 [f9c12371-c091-4b4a-8db2-6f0db97bbab3@group-0EC8D23D101B:LeaderElection41] INFO  impl.LeaderElection (LeaderElection.java:logAndReturn(56)) - f9c12371-c091-4b4a-8db2-6f0db97bbab3@group-0EC8D23D101B:LeaderElection41: Election REJECTED; received 2 response(s) [f9c12371-c091-4b4a-8db2-6f0db97bbab3<-a58d7528-614e-4c39-a3a3-38beaa9905aa#0:FAIL-t1, f9c12371-c091-4b4a-8db2-6f0db97bbab3<-ce8ac917-2646-4112-adf7-d577593fabcb#0:FAIL-t1] and 0 exception(s); f9c12371-c091-4b4a-8db2-6f0db97bbab3@group-0EC8D23D101B:t1, leader=null, voted=f9c12371-c091-4b4a-8db2-6f0db97bbab3, raftlog=f9c12371-c091-4b4a-8db2-6f0db97bbab3@group-0EC8D23D101B-SegmentedRaftLog:OPENED:c-1,f-1,i0, conf=-1: [a58d7528-614e-4c39-a3a3-38beaa9905aa:192.168.36.126:37942, f9c12371-c091-4b4a-8db2-6f0db97bbab3:192.168.36.126:46560, ce8ac917-2646-4112-adf7-d577593fabcb:192.168.36.126:37960], old=null
2019-09-25 05:31:28,308 [f9c12371-c091-4b4a-8db2-6f0db97bbab3@group-AEFF648B0F59:LeaderElection29] INFO  impl.LeaderElection (LeaderElection.java:logAndReturn(56)) - f9c12371-c091-4b4a-8db2-6f0db97bbab3@group-AEFF648B0F59:LeaderElection29: Election REJECTED; received 2 response(s) [f9c12371-c091-4b4a-8db2-6f0db97bbab3<-a58d7528-614e-4c39-a3a3-38beaa9905aa#0:FAIL-t1, f9c12371-c091-4b4a-8db2-6f0db97bbab3<-ce8ac917-2646-4112-adf7-d577593fabcb#0:FAIL-t1] and 0 exception(s); f9c12371-c091-4b4a-8db2-6f0db97bbab3@group-AEFF648B0F59:t1, leader=null, voted=f9c12371-c091-4b4a-8db2-6f0db97bbab3, raftlog=f9c12371-c091-4b4a-8db2-6f0db97bbab3@group-AEFF648B0F59-SegmentedRaftLog:OPENED:c-1,f-1,i0, conf=-1: [a58d7528-614e-4c39-a3a3-38beaa9905aa:192.168.36.126:37942, f9c12371-c091-4b4a-8db2-6f0db97bbab3:192.168.36.126:46560, ce8ac917-2646-4112-adf7-d577593fabcb:192.168.36.126:37960], old=null
2019-09-25 05:31:28,308 [f9c12371-c091-4b4a-8db2-6f0db97bbab3@group-0EC8D23D101B:LeaderElection41] INFO  impl.RaftServerImpl (RaftServerImpl.java:setRole(174)) - f9c12371-c091-4b4a-8db2-6f0db97bbab3@group-0EC8D23D101B: changes role from CANDIDATE to FOLLOWER at term 1 for DISCOVERED_A_NEW_TERM
2019-09-25 05:31:28,313 [f9c12371-c091-4b4a-8db2-6f0db97bbab3@group-0EC8D23D101B:LeaderElection41] INFO  impl.RoleInfo (RoleInfo.java:shutdownLeaderElection(134)) - f9c12371-c091-4b4a-8db2-6f0db97bbab3: shutdown LeaderElection
2019-09-25 05:31:28,313 [f9c12371-c091-4b4a-8db2-6f0db97bbab3@group-0EC8D23D101B:LeaderElection41] INFO  impl.RoleInfo (RoleInfo.java:updateAndGet(143)) - f9c12371-c091-4b4a-8db2-6f0db97bbab3: start FollowerState
2019-09-25 05:31:28,313 [f9c12371-c091-4b4a-8db2-6f0db97bbab3@group-AEFF648B0F59:LeaderElection29] INFO  impl.RaftServerImpl (RaftServerImpl.java:setRole(174)) - f9c12371-c091-4b4a-8db2-6f0db97bbab3@group-AEFF648B0F59: changes role from CANDIDATE to FOLLOWER at term 1 for DISCOVERED_A_NEW_TERM
2019-09-25 05:31:28,316 [f9c12371-c091-4b4a-8db2-6f0db97bbab3@group-AEFF648B0F59:LeaderElection29] INFO  impl.RoleInfo (RoleInfo.java:shutdownLeaderElection(134)) - f9c12371-c091-4b4a-8db2-6f0db97bbab3: shutdown LeaderElection
2019-09-25 05:31:28,313 [5c3318fc-c419-4298-b427-bf5a9ca27bf0@group-21C2C432FD88:LeaderElection35] INFO  impl.LeaderElection (LeaderElection.java:logAndReturn(56)) - 5c3318fc-c419-4298-b427-bf5a9ca27bf0@group-21C2C432FD88:LeaderElection35: Election REJECTED; received 2 response(s) [5c3318fc-c419-4298-b427-bf5a9ca27bf0<-61946a22-29ed-4e77-8449-fae4cd9869e9#0:FAIL-t4, 5c3318fc-c419-4298-b427-bf5a9ca27bf0<-0d4a37ed-4cec-423a-a360-e4a879eb6bc0#0:FAIL-t4] and 0 exception(s); 5c3318fc-c419-4298-b427-bf5a9ca27bf0@group-21C2C432FD88:t4, leader=null, voted=5c3318fc-c419-4298-b427-bf5a9ca27bf0, raftlog=5c3318fc-c419-4298-b427-bf5a9ca27bf0@group-21C2C432FD88-SegmentedRaftLog:OPENED:c-1,f-1,i0, conf=-1: [5c3318fc-c419-4298-b427-bf5a9ca27bf0:192.168.36.126:46795, 61946a22-29ed-4e77-8449-fae4cd9869e9:192.168.36.126:36814, 0d4a37ed-4cec-423a-a360-e4a879eb6bc0:192.168.36.126:37817], old=null
2019-09-25 05:31:28,316 [f9c12371-c091-4b4a-8db2-6f0db97bbab3@group-AEFF648B0F59:LeaderElection29] INFO  impl.RoleInfo (RoleInfo.java:updateAndGet(143)) - f9c12371-c091-4b4a-8db2-6f0db97bbab3: start FollowerState
2019-09-25 05:31:28,316 [5c3318fc-c419-4298-b427-bf5a9ca27bf0@group-21C2C432FD88:LeaderElection35] INFO  impl.RaftServerImpl (RaftServerImpl.java:setRole(174)) - 5c3318fc-c419-4298-b427-bf5a9ca27bf0@group-21C2C432FD88: changes role from CANDIDATE to FOLLOWER at term 4 for DISCOVERED_A_NEW_TERM
2019-09-25 05:31:28,319 [5c3318fc-c419-4298-b427-bf5a9ca27bf0@group-21C2C432FD88:LeaderElection35] INFO  impl.RoleInfo (RoleInfo.java:shutdownLeaderElection(134)) - 5c3318fc-c419-4298-b427-bf5a9ca27bf0: shutdown LeaderElection
2019-09-25 05:31:28,317 [e997a993-6131-47bf-96c8-764e04cb5c0e@group-60724A24602F:LeaderElection31] INFO  impl.LeaderElection (LeaderElection.java:logAndReturn(56)) - e997a993-6131-47bf-96c8-764e04cb5c0e@group-60724A24602F:LeaderElection31: Election REJECTED; received 2 response(s) [e997a993-6131-47bf-96c8-764e04cb5c0e<-616f9f8f-9479-40f4-8c03-f125dcbf9c7f#0:FAIL-t3, e997a993-6131-47bf-96c8-764e04cb5c0e<-fd2f3f79-5d7b-4d37-bb24-b15dfe7f18d7#0:FAIL-t3] and 0 exception(s); e997a993-6131-47bf-96c8-764e04cb5c0e@group-60724A24602F:t3, leader=null, voted=e997a993-6131-47bf-96c8-764e04cb5c0e, raftlog=e997a993-6131-47bf-96c8-764e04cb5c0e@group-60724A24602F-SegmentedRaftLog:OPENED:c-1,f-1,i0, conf=-1: [616f9f8f-9479-40f4-8c03-f125dcbf9c7f:192.168.36.126:39694, e997a993-6131-47bf-96c8-764e04cb5c0e:192.168.36.126:37678, fd2f3f79-5d7b-4d37-bb24-b15dfe7f18d7:192.168.36.126:42280], old=null
2019-09-25 05:31:28,319 [5c3318fc-c419-4298-b427-bf5a9ca27bf0@group-21C2C432FD88:LeaderElection35] INFO  impl.RoleInfo (RoleInfo.java:updateAndGet(143)) - 5c3318fc-c419-4298-b427-bf5a9ca27bf0: start FollowerState
2019-09-25 05:31:28,320 [e997a993-6131-47bf-96c8-764e04cb5c0e@group-60724A24602F:LeaderElection31] INFO  impl.RaftServerImpl (RaftServerImpl.java:setRole(174)) - e997a993-6131-47bf-96c8-764e04cb5c0e@group-60724A24602F: changes role from CANDIDATE to FOLLOWER at term 3 for DISCOVERED_A_NEW_TERM
2019-09-25 05:31:28,322 [e997a993-6131-47bf-96c8-764e04cb5c0e@group-60724A24602F:LeaderElection31] INFO  impl.RoleInfo (RoleInfo.java:shutdownLeaderElection(134)) - e997a993-6131-47bf-96c8-764e04cb5c0e: shutdown LeaderElection
2019-09-25 05:31:28,322 [e997a993-6131-47bf-96c8-764e04cb5c0e@group-60724A24602F:LeaderElection31] INFO  impl.RoleInfo (RoleInfo.java:updateAndGet(143)) - e997a993-6131-47bf-96c8-764e04cb5c0e: start FollowerState
2019-09-25 05:31:28,322 [61946a22-29ed-4e77-8449-fae4cd9869e9@group-21C2C432FD88:LeaderElection36] INFO  impl.LeaderElection (LeaderElection.java:logAndReturn(56)) - 61946a22-29ed-4e77-8449-fae4cd9869e9@group-21C2C432FD88:LeaderElection36: Election REJECTED; received 2 response(s) [61946a22-29ed-4e77-8449-fae4cd9869e9<-5c3318fc-c419-4298-b427-bf5a9ca27bf0#0:FAIL-t4, 61946a22-29ed-4e77-8449-fae4cd9869e9<-0d4a37ed-4cec-423a-a360-e4a879eb6bc0#0:FAIL-t4] and 0 exception(s); 61946a22-29ed-4e77-8449-fae4cd9869e9@group-21C2C432FD88:t4, leader=null, voted=61946a22-29ed-4e77-8449-fae4cd9869e9, raftlog=61946a22-29ed-4e77-8449-fae4cd9869e9@group-21C2C432FD88-SegmentedRaftLog:OPENED:c-1,f-1,i0, conf=-1: [5c3318fc-c419-4298-b427-bf5a9ca27bf0:192.168.36.126:46795, 61946a22-29ed-4e77-8449-fae4cd9869e9:192.168.36.126:36814, 0d4a37ed-4cec-423a-a360-e4a879eb6bc0:192.168.36.126:37817], old=null
2019-09-25 05:31:28,323 [61946a22-29ed-4e77-8449-fae4cd9869e9@group-21C2C432FD88:LeaderElection36] INFO  impl.RaftServerImpl (RaftServerImpl.java:setRole(174)) - 61946a22-29ed-4e77-8449-fae4cd9869e9@group-21C2C432FD88: changes role from CANDIDATE to FOLLOWER at term 4 for DISCOVERED_A_NEW_TERM
2019-09-25 05:31:28,323 [61946a22-29ed-4e77-8449-fae4cd9869e9@group-21C2C432FD88:LeaderElection36] INFO  impl.RoleInfo (RoleInfo.java:shutdownLeaderElection(134)) - 61946a22-29ed-4e77-8449-fae4cd9869e9: shutdown LeaderElection
2019-09-25 05:31:28,323 [61946a22-29ed-4e77-8449-fae4cd9869e9@group-21C2C432FD88:LeaderElection36] INFO  impl.RoleInfo (RoleInfo.java:updateAndGet(143)) - 61946a22-29ed-4e77-8449-fae4cd9869e9: start FollowerState
2019-09-25 05:31:28,324 [616f9f8f-9479-40f4-8c03-f125dcbf9c7f@group-60724A24602F:LeaderElection39] INFO  impl.LeaderElection (LeaderElection.java:logAndReturn(56)) - 616f9f8f-9479-40f4-8c03-f125dcbf9c7f@group-60724A24602F:LeaderElection39: Election REJECTED; received 2 response(s) [616f9f8f-9479-40f4-8c03-f125dcbf9c7f<-fd2f3f79-5d7b-4d37-bb24-b15dfe7f18d7#0:FAIL-t3, 616f9f8f-9479-40f4-8c03-f125dcbf9c7f<-e997a993-6131-47bf-96c8-764e04cb5c0e#0:FAIL-t3] and 0 exception(s); 616f9f8f-9479-40f4-8c03-f125dcbf9c7f@group-60724A24602F:t3, leader=null, voted=616f9f8f-9479-40f4-8c03-f125dcbf9c7f, raftlog=616f9f8f-9479-40f4-8c03-f125dcbf9c7f@group-60724A24602F-SegmentedRaftLog:OPENED:c-1,f-1,i0, conf=-1: [616f9f8f-9479-40f4-8c03-f125dcbf9c7f:192.168.36.126:39694, e997a993-6131-47bf-96c8-764e04cb5c0e:192.168.36.126:37678, fd2f3f79-5d7b-4d37-bb24-b15dfe7f18d7:192.168.36.126:42280], old=null
2019-09-25 05:31:28,326 [616f9f8f-9479-40f4-8c03-f125dcbf9c7f@group-60724A24602F:LeaderElection39] INFO  impl.RaftServerImpl (RaftServerImpl.java:setRole(174)) - 616f9f8f-9479-40f4-8c03-f125dcbf9c7f@group-60724A24602F: changes role from CANDIDATE to FOLLOWER at term 3 for DISCOVERED_A_NEW_TERM
2019-09-25 05:31:28,326 [616f9f8f-9479-40f4-8c03-f125dcbf9c7f@group-60724A24602F:LeaderElection39] INFO  impl.RoleInfo (RoleInfo.java:shutdownLeaderElection(134)) - 616f9f8f-9479-40f4-8c03-f125dcbf9c7f: shutdown LeaderElection
2019-09-25 05:31:28,326 [0d4a37ed-4cec-423a-a360-e4a879eb6bc0@group-21C2C432FD88:LeaderElection33] INFO  impl.LeaderElection (LeaderElection.java:logAndReturn(56)) - 0d4a37ed-4cec-423a-a360-e4a879eb6bc0@group-21C2C432FD88:LeaderElection33: Election REJECTED; received 2 response(s) [0d4a37ed-4cec-423a-a360-e4a879eb6bc0<-5c3318fc-c419-4298-b427-bf5a9ca27bf0#0:FAIL-t4, 0d4a37ed-4cec-423a-a360-e4a879eb6bc0<-61946a22-29ed-4e77-8449-fae4cd9869e9#0:FAIL-t4] and 0 exception(s); 0d4a37ed-4cec-423a-a360-e4a879eb6bc0@group-21C2C432FD88:t4, leader=null, voted=0d4a37ed-4cec-423a-a360-e4a879eb6bc0, raftlog=0d4a37ed-4cec-423a-a360-e4a879eb6bc0@group-21C2C432FD88-SegmentedRaftLog:OPENED:c-1,f-1,i0, conf=-1: [5c3318fc-c419-4298-b427-bf5a9ca27bf0:192.168.36.126:46795, 61946a22-29ed-4e77-8449-fae4cd9869e9:192.168.36.126:36814, 0d4a37ed-4cec-423a-a360-e4a879eb6bc0:192.168.36.126:37817], old=null
2019-09-25 05:31:28,328 [0d4a37ed-4cec-423a-a360-e4a879eb6bc0@group-059250D1A272:LeaderElection27] INFO  impl.LeaderElection (LeaderElection.java:logAndReturn(56)) - 0d4a37ed-4cec-423a-a360-e4a879eb6bc0@group-059250D1A272:LeaderElection27: Election REJECTED; received 2 response(s) [0d4a37ed-4cec-423a-a360-e4a879eb6bc0<-5c3318fc-c419-4298-b427-bf5a9ca27bf0#0:FAIL-t3, 0d4a37ed-4cec-423a-a360-e4a879eb6bc0<-61946a22-29ed-4e77-8449-fae4cd9869e9#0:FAIL-t3] and 0 exception(s); 0d4a37ed-4cec-423a-a360-e4a879eb6bc0@group-059250D1A272:t3, leader=null, voted=0d4a37ed-4cec-423a-a360-e4a879eb6bc0, raftlog=0d4a37ed-4cec-423a-a360-e4a879eb6bc0@group-059250D1A272-SegmentedRaftLog:OPENED:c-1,f-1,i0, conf=-1: [5c3318fc-c419-4298-b427-bf5a9ca27bf0:192.168.36.126:46795, 61946a22-29ed-4e77-8449-fae4cd9869e9:192.168.36.126:36814, 0d4a37ed-4cec-423a-a360-e4a879eb6bc0:192.168.36.126:37817], old=null
2019-09-25 05:31:28,328 [0d4a37ed-4cec-423a-a360-e4a879eb6bc0@group-21C2C432FD88:LeaderElection33] INFO  impl.RaftServerImpl (RaftServerImpl.java:setRole(174)) - 0d4a37ed-4cec-423a-a360-e4a879eb6bc0@group-21C2C432FD88: changes role from CANDIDATE to FOLLOWER at term 4 for DISCOVERED_A_NEW_TERM
2019-09-25 05:31:28,331 [0d4a37ed-4cec-423a-a360-e4a879eb6bc0@group-21C2C432FD88:LeaderElection33] INFO  impl.RoleInfo (RoleInfo.java:shutdownLeaderElection(134)) - 0d4a37ed-4cec-423a-a360-e4a879eb6bc0: shutdown LeaderElection
2019-09-25 05:31:28,328 [616f9f8f-9479-40f4-8c03-f125dcbf9c7f@group-60724A24602F:LeaderElection39] INFO  impl.RoleInfo (RoleInfo.java:updateAndGet(143)) - 616f9f8f-9479-40f4-8c03-f125dcbf9c7f: start FollowerState
2019-09-25 05:31:28,333 [0d4a37ed-4cec-423a-a360-e4a879eb6bc0@group-059250D1A272:LeaderElection27] INFO  impl.RaftServerImpl (RaftServerImpl.java:setRole(174)) - 0d4a37ed-4cec-423a-a360-e4a879eb6bc0@group-059250D1A272: changes role from CANDIDATE to FOLLOWER at term 3 for DISCOVERED_A_NEW_TERM
2019-09-25 05:31:28,334 [0d4a37ed-4cec-423a-a360-e4a879eb6bc0@group-21C2C432FD88:LeaderElection33] INFO  impl.RoleInfo (RoleInfo.java:updateAndGet(143)) - 0d4a37ed-4cec-423a-a360-e4a879eb6bc0: start FollowerState
2019-09-25 05:31:28,334 [0d4a37ed-4cec-423a-a360-e4a879eb6bc0@group-059250D1A272:LeaderElection27] INFO  impl.RoleInfo (RoleInfo.java:shutdownLeaderElection(134)) - 0d4a37ed-4cec-423a-a360-e4a879eb6bc0: shutdown LeaderElection
2019-09-25 05:31:28,338 [0d4a37ed-4cec-423a-a360-e4a879eb6bc0@group-059250D1A272:LeaderElection27] INFO  impl.RoleInfo (RoleInfo.java:updateAndGet(143)) - 0d4a37ed-4cec-423a-a360-e4a879eb6bc0: start FollowerState
2019-09-25 05:31:28,339 [ce8ac917-2646-4112-adf7-d577593fabcb@group-AEFF648B0F59:LeaderElection32] INFO  impl.LeaderElection (LeaderElection.java:logAndReturn(56)) - ce8ac917-2646-4112-adf7-d577593fabcb@group-AEFF648B0F59:LeaderElection32: Election REJECTED; received 2 response(s) [ce8ac917-2646-4112-adf7-d577593fabcb<-a58d7528-614e-4c39-a3a3-38beaa9905aa#0:FAIL-t1, ce8ac917-2646-4112-adf7-d577593fabcb<-f9c12371-c091-4b4a-8db2-6f0db97bbab3#0:FAIL-t1] and 0 exception(s); ce8ac917-2646-4112-adf7-d577593fabcb@group-AEFF648B0F59:t1, leader=null, voted=ce8ac917-2646-4112-adf7-d577593fabcb, raftlog=ce8ac917-2646-4112-adf7-d577593fabcb@group-AEFF648B0F59-SegmentedRaftLog:OPENED:c-1,f-1,i0, conf=-1: [a58d7528-614e-4c39-a3a3-38beaa9905aa:192.168.36.126:37942, f9c12371-c091-4b4a-8db2-6f0db97bbab3:192.168.36.126:46560, ce8ac917-2646-4112-adf7-d577593fabcb:192.168.36.126:37960], old=null
2019-09-25 05:31:28,339 [ce8ac917-2646-4112-adf7-d577593fabcb@group-AEFF648B0F59:LeaderElection32] INFO  impl.RaftServerImpl (RaftServerImpl.java:setRole(174)) - ce8ac917-2646-4112-adf7-d577593fabcb@group-AEFF648B0F59: changes role from CANDIDATE to FOLLOWER at term 1 for DISCOVERED_A_NEW_TERM
2019-09-25 05:31:28,339 [ce8ac917-2646-4112-adf7-d577593fabcb@group-AEFF648B0F59:LeaderElection32] INFO  impl.RoleInfo (RoleInfo.java:shutdownLeaderElection(134)) - ce8ac917-2646-4112-adf7-d577593fabcb: shutdown LeaderElection
2019-09-25 05:31:28,339 [ce8ac917-2646-4112-adf7-d577593fabcb@group-AEFF648B0F59:LeaderElection32] INFO  impl.RoleInfo (RoleInfo.java:updateAndGet(143)) - ce8ac917-2646-4112-adf7-d577593fabcb: start FollowerState
2019-09-25 05:31:28,340 [fd2f3f79-5d7b-4d37-bb24-b15dfe7f18d7@group-60724A24602F:LeaderElection28] INFO  impl.LeaderElection (LeaderElection.java:logAndReturn(56)) - fd2f3f79-5d7b-4d37-bb24-b15dfe7f18d7@group-60724A24602F:LeaderElection28: Election REJECTED; received 2 response(s) [fd2f3f79-5d7b-4d37-bb24-b15dfe7f18d7<-616f9f8f-9479-40f4-8c03-f125dcbf9c7f#0:FAIL-t3, fd2f3f79-5d7b-4d37-bb24-b15dfe7f18d7<-e997a993-6131-47bf-96c8-764e04cb5c0e#0:FAIL-t3] and 0 exception(s); fd2f3f79-5d7b-4d37-bb24-b15dfe7f18d7@group-60724A24602F:t3, leader=null, voted=fd2f3f79-5d7b-4d37-bb24-b15dfe7f18d7, raftlog=fd2f3f79-5d7b-4d37-bb24-b15dfe7f18d7@group-60724A24602F-SegmentedRaftLog:OPENED:c-1,f-1,i0, conf=-1: [616f9f8f-9479-40f4-8c03-f125dcbf9c7f:192.168.36.126:39694, e997a993-6131-47bf-96c8-764e04cb5c0e:192.168.36.126:37678, fd2f3f79-5d7b-4d37-bb24-b15dfe7f18d7:192.168.36.126:42280], old=null
2019-09-25 05:31:28,342 [fd2f3f79-5d7b-4d37-bb24-b15dfe7f18d7@group-60724A24602F:LeaderElection28] INFO  impl.RaftServerImpl (RaftServerImpl.java:setRole(174)) - fd2f3f79-5d7b-4d37-bb24-b15dfe7f18d7@group-60724A24602F: changes role from CANDIDATE to FOLLOWER at term 3 for DISCOVERED_A_NEW_TERM
2019-09-25 05:31:28,342 [fd2f3f79-5d7b-4d37-bb24-b15dfe7f18d7@group-60724A24602F:LeaderElection28] INFO  impl.RoleInfo (RoleInfo.java:shutdownLeaderElection(134)) - fd2f3f79-5d7b-4d37-bb24-b15dfe7f18d7: shutdown LeaderElection
2019-09-25 05:31:28,343 [fd2f3f79-5d7b-4d37-bb24-b15dfe7f18d7@group-60724A24602F:LeaderElection28] INFO  impl.RoleInfo (RoleInfo.java:updateAndGet(143)) - fd2f3f79-5d7b-4d37-bb24-b15dfe7f18d7: start FollowerState
2019-09-25 05:31:28,343 [ce8ac917-2646-4112-adf7-d577593fabcb@group-0EC8D23D101B:LeaderElection37] INFO  impl.LeaderElection (LeaderElection.java:logAndReturn(56)) - ce8ac917-2646-4112-adf7-d577593fabcb@group-0EC8D23D101B:LeaderElection37: Election REJECTED; received 2 response(s) [ce8ac917-2646-4112-adf7-d577593fabcb<-a58d7528-614e-4c39-a3a3-38beaa9905aa#0:FAIL-t1, ce8ac917-2646-4112-adf7-d577593fabcb<-f9c12371-c091-4b4a-8db2-6f0db97bbab3#0:FAIL-t1] and 0 exception(s); ce8ac917-2646-4112-adf7-d577593fabcb@group-0EC8D23D101B:t1, leader=null, voted=ce8ac917-2646-4112-adf7-d577593fabcb, raftlog=ce8ac917-2646-4112-adf7-d577593fabcb@group-0EC8D23D101B-SegmentedRaftLog:OPENED:c-1,f-1,i0, conf=-1: [a58d7528-614e-4c39-a3a3-38beaa9905aa:192.168.36.126:37942, f9c12371-c091-4b4a-8db2-6f0db97bbab3:192.168.36.126:46560, ce8ac917-2646-4112-adf7-d577593fabcb:192.168.36.126:37960], old=null
2019-09-25 05:31:28,345 [ce8ac917-2646-4112-adf7-d577593fabcb@group-0EC8D23D101B:LeaderElection37] INFO  impl.RaftServerImpl (RaftServerImpl.java:setRole(174)) - ce8ac917-2646-4112-adf7-d577593fabcb@group-0EC8D23D101B: changes role from CANDIDATE to FOLLOWER at term 1 for DISCOVERED_A_NEW_TERM
2019-09-25 05:31:28,346 [ce8ac917-2646-4112-adf7-d577593fabcb@group-0EC8D23D101B:LeaderElection37] INFO  impl.RoleInfo (RoleInfo.java:shutdownLeaderElection(134)) - ce8ac917-2646-4112-adf7-d577593fabcb: shutdown LeaderElection
2019-09-25 05:31:28,346 [5c3318fc-c419-4298-b427-bf5a9ca27bf0@group-059250D1A272:LeaderElection30] INFO  impl.LeaderElection (LeaderElection.java:logAndReturn(56)) - 5c3318fc-c419-4298-b427-bf5a9ca27bf0@group-059250D1A272:LeaderElection30: Election REJECTED; received 2 response(s) [5c3318fc-c419-4298-b427-bf5a9ca27bf0<-61946a22-29ed-4e77-8449-fae4cd9869e9#0:FAIL-t3, 5c3318fc-c419-4298-b427-bf5a9ca27bf0<-0d4a37ed-4cec-423a-a360-e4a879eb6bc0#0:FAIL-t3] and 0 exception(s); 5c3318fc-c419-4298-b427-bf5a9ca27bf0@group-059250D1A272:t3, leader=null, voted=5c3318fc-c419-4298-b427-bf5a9ca27bf0, raftlog=5c3318fc-c419-4298-b427-bf5a9ca27bf0@group-059250D1A272-SegmentedRaftLog:OPENED:c-1,f-1,i0, conf=-1: [5c3318fc-c419-4298-b427-bf5a9ca27bf0:192.168.36.126:46795, 61946a22-29ed-4e77-8449-fae4cd9869e9:192.168.36.126:36814, 0d4a37ed-4cec-423a-a360-e4a879eb6bc0:192.168.36.126:37817], old=null
2019-09-25 05:31:28,347 [ce8ac917-2646-4112-adf7-d577593fabcb@group-0EC8D23D101B:LeaderElection37] INFO  impl.RoleInfo (RoleInfo.java:updateAndGet(143)) - ce8ac917-2646-4112-adf7-d577593fabcb: start FollowerState
2019-09-25 05:31:28,348 [5c3318fc-c419-4298-b427-bf5a9ca27bf0@group-059250D1A272:LeaderElection30] INFO  impl.RaftServerImpl (RaftServerImpl.java:setRole(174)) - 5c3318fc-c419-4298-b427-bf5a9ca27bf0@group-059250D1A272: changes role from CANDIDATE to FOLLOWER at term 3 for DISCOVERED_A_NEW_TERM
2019-09-25 05:31:28,348 [61946a22-29ed-4e77-8449-fae4cd9869e9@group-059250D1A272:LeaderElection40] INFO  impl.LeaderElection (LeaderElection.java:logAndReturn(56)) - 61946a22-29ed-4e77-8449-fae4cd9869e9@group-059250D1A272:LeaderElection40: Election REJECTED; received 2 response(s) [61946a22-29ed-4e77-8449-fae4cd9869e9<-5c3318fc-c419-4298-b427-bf5a9ca27bf0#0:FAIL-t3, 61946a22-29ed-4e77-8449-fae4cd9869e9<-0d4a37ed-4cec-423a-a360-e4a879eb6bc0#0:FAIL-t3] and 0 exception(s); 61946a22-29ed-4e77-8449-fae4cd9869e9@group-059250D1A272:t3, leader=null, voted=61946a22-29ed-4e77-8449-fae4cd9869e9, raftlog=61946a22-29ed-4e77-8449-fae4cd9869e9@group-059250D1A272-SegmentedRaftLog:OPENED:c-1,f-1,i0, conf=-1: [5c3318fc-c419-4298-b427-bf5a9ca27bf0:192.168.36.126:46795, 61946a22-29ed-4e77-8449-fae4cd9869e9:192.168.36.126:36814, 0d4a37ed-4cec-423a-a360-e4a879eb6bc0:192.168.36.126:37817], old=null
2019-09-25 05:31:28,349 [5c3318fc-c419-4298-b427-bf5a9ca27bf0@group-059250D1A272:LeaderElection30] INFO  impl.RoleInfo (RoleInfo.java:shutdownLeaderElection(134)) - 5c3318fc-c419-4298-b427-bf5a9ca27bf0: shutdown LeaderElection
2019-09-25 05:31:28,350 [61946a22-29ed-4e77-8449-fae4cd9869e9@group-059250D1A272:LeaderElection40] INFO  impl.RaftServerImpl (RaftServerImpl.java:setRole(174)) - 61946a22-29ed-4e77-8449-fae4cd9869e9@group-059250D1A272: changes role from CANDIDATE to FOLLOWER at term 3 for DISCOVERED_A_NEW_TERM
2019-09-25 05:31:28,352 [61946a22-29ed-4e77-8449-fae4cd9869e9@group-059250D1A272:LeaderElection40] INFO  impl.RoleInfo (RoleInfo.java:shutdownLeaderElection(134)) - 61946a22-29ed-4e77-8449-fae4cd9869e9: shutdown LeaderElection
2019-09-25 05:31:28,350 [a58d7528-614e-4c39-a3a3-38beaa9905aa@group-0EC8D23D101B:LeaderElection34] INFO  impl.LeaderElection (LeaderElection.java:logAndReturn(56)) - a58d7528-614e-4c39-a3a3-38beaa9905aa@group-0EC8D23D101B:LeaderElection34: Election REJECTED; received 2 response(s) [a58d7528-614e-4c39-a3a3-38beaa9905aa<-ce8ac917-2646-4112-adf7-d577593fabcb#0:FAIL-t1, a58d7528-614e-4c39-a3a3-38beaa9905aa<-f9c12371-c091-4b4a-8db2-6f0db97bbab3#0:FAIL-t1] and 0 exception(s); a58d7528-614e-4c39-a3a3-38beaa9905aa@group-0EC8D23D101B:t1, leader=null, voted=a58d7528-614e-4c39-a3a3-38beaa9905aa, raftlog=a58d7528-614e-4c39-a3a3-38beaa9905aa@group-0EC8D23D101B-SegmentedRaftLog:OPENED:c-1,f-1,i0, conf=-1: [a58d7528-614e-4c39-a3a3-38beaa9905aa:192.168.36.126:37942, f9c12371-c091-4b4a-8db2-6f0db97bbab3:192.168.36.126:46560, ce8ac917-2646-4112-adf7-d577593fabcb:192.168.36.126:37960], old=null
2019-09-25 05:31:28,352 [a58d7528-614e-4c39-a3a3-38beaa9905aa@group-AEFF648B0F59:LeaderElection38] INFO  impl.LeaderElection (LeaderElection.java:logAndReturn(56)) - a58d7528-614e-4c39-a3a3-38beaa9905aa@group-AEFF648B0F59:LeaderElection38: Election REJECTED; received 2 response(s) [a58d7528-614e-4c39-a3a3-38beaa9905aa<-ce8ac917-2646-4112-adf7-d577593fabcb#0:FAIL-t1, a58d7528-614e-4c39-a3a3-38beaa9905aa<-f9c12371-c091-4b4a-8db2-6f0db97bbab3#0:FAIL-t1] and 0 exception(s); a58d7528-614e-4c39-a3a3-38beaa9905aa@group-AEFF648B0F59:t1, leader=null, voted=a58d7528-614e-4c39-a3a3-38beaa9905aa, raftlog=a58d7528-614e-4c39-a3a3-38beaa9905aa@group-AEFF648B0F59-SegmentedRaftLog:OPENED:c-1,f-1,i0, conf=-1: [a58d7528-614e-4c39-a3a3-38beaa9905aa:192.168.36.126:37942, f9c12371-c091-4b4a-8db2-6f0db97bbab3:192.168.36.126:46560, ce8ac917-2646-4112-adf7-d577593fabcb:192.168.36.126:37960], old=null
2019-09-25 05:31:28,352 [61946a22-29ed-4e77-8449-fae4cd9869e9@group-059250D1A272:LeaderElection40] INFO  impl.RoleInfo (RoleInfo.java:updateAndGet(143)) - 61946a22-29ed-4e77-8449-fae4cd9869e9: start FollowerState
2019-09-25 05:31:28,352 [5c3318fc-c419-4298-b427-bf5a9ca27bf0@group-059250D1A272:LeaderElection30] INFO  impl.RoleInfo (RoleInfo.java:updateAndGet(143)) - 5c3318fc-c419-4298-b427-bf5a9ca27bf0: start FollowerState
2019-09-25 05:31:28,354 [a58d7528-614e-4c39-a3a3-38beaa9905aa@group-AEFF648B0F59:LeaderElection38] INFO  impl.RaftServerImpl (RaftServerImpl.java:setRole(174)) - a58d7528-614e-4c39-a3a3-38beaa9905aa@group-AEFF648B0F59: changes role from CANDIDATE to FOLLOWER at term 1 for DISCOVERED_A_NEW_TERM
2019-09-25 05:31:28,352 [a58d7528-614e-4c39-a3a3-38beaa9905aa@group-0EC8D23D101B:LeaderElection34] INFO  impl.RaftServerImpl (RaftServerImpl.java:setRole(174)) - a58d7528-614e-4c39-a3a3-38beaa9905aa@group-0EC8D23D101B: changes role from CANDIDATE to FOLLOWER at term 1 for DISCOVERED_A_NEW_TERM
2019-09-25 05:31:28,357 [a58d7528-614e-4c39-a3a3-38beaa9905aa@group-AEFF648B0F59:LeaderElection38] INFO  impl.RoleInfo (RoleInfo.java:shutdownLeaderElection(134)) - a58d7528-614e-4c39-a3a3-38beaa9905aa: shutdown LeaderElection
2019-09-25 05:31:28,357 [a58d7528-614e-4c39-a3a3-38beaa9905aa@group-0EC8D23D101B:LeaderElection34] INFO  impl.RoleInfo (RoleInfo.java:shutdownLeaderElection(134)) - a58d7528-614e-4c39-a3a3-38beaa9905aa: shutdown LeaderElection
2019-09-25 05:31:28,357 [a58d7528-614e-4c39-a3a3-38beaa9905aa@group-AEFF648B0F59:LeaderElection38] INFO  impl.RoleInfo (RoleInfo.java:updateAndGet(143)) - a58d7528-614e-4c39-a3a3-38beaa9905aa: start FollowerState
2019-09-25 05:31:28,357 [a58d7528-614e-4c39-a3a3-38beaa9905aa@group-0EC8D23D101B:LeaderElection34] INFO  impl.RoleInfo (RoleInfo.java:updateAndGet(143)) - a58d7528-614e-4c39-a3a3-38beaa9905aa: start FollowerState
2019-09-25 05:31:28,507 [main] WARN  io.KeyOutputStream (KeyOutputStream.java:handleException(274)) - Encountered exception java.io.IOException: Unexpected Storage Container Exception: java.util.concurrent.CompletionException: java.util.concurrent.CompletionException: org.apache.ratis.protocol.RaftRetryFailureException: Failed RaftClientRequest:client-BD9BF1B127F7->fd2f3f79-5d7b-4d37-bb24-b15dfe7f18d7@group-60724A24602F, cid=20, seq=1*, RW, org.apache.hadoop.hdds.scm.XceiverClientRatis$$Lambda$540/1434651019@398b4e90 for 10 attempts with RetryLimited(maxAttempts=10, sleepTime=1000ms) on the pipeline Pipeline[ Id: 8f31582c-9aa0-4a15-8b1c-60724a24602f, Nodes: e997a993-6131-47bf-96c8-764e04cb5c0e{ip: 192.168.36.126, host: pr-hdds-2174-pqx5g-486351168, networkLocation: /rack1, certSerialId: null}fd2f3f79-5d7b-4d37-bb24-b15dfe7f18d7{ip: 192.168.36.126, host: pr-hdds-2174-pqx5g-486351168, networkLocation: /rack1, certSerialId: null}616f9f8f-9479-40f4-8c03-f125dcbf9c7f{ip: 192.168.36.126, host: pr-hdds-2174-pqx5g-486351168, networkLocation: /rack1, certSerialId: null}, Type:RATIS, Factor:THREE, State:OPEN]. The last committed block length is 0, uncommitted data length is 1048576 retry count 0
2019-09-25 05:31:29,333 [Thread-511] INFO  impl.FollowerState (FollowerState.java:run(106)) - 61946a22-29ed-4e77-8449-fae4cd9869e9:group-21C2C432FD88 changes to CANDIDATE, lastRpcTime:1009, electionTimeout:1009ms
2019-09-25 05:31:29,333 [Thread-511] INFO  impl.RoleInfo (RoleInfo.java:shutdownFollowerState(121)) - 61946a22-29ed-4e77-8449-fae4cd9869e9: shutdown FollowerState
2019-09-25 05:31:29,333 [Thread-511] INFO  impl.RaftServerImpl (RaftServerImpl.java:setRole(174)) - 61946a22-29ed-4e77-8449-fae4cd9869e9@group-21C2C432FD88: changes role from  FOLLOWER to CANDIDATE at term 4 for changeToCandidate
2019-09-25 05:31:29,333 [Thread-511] INFO  impl.RoleInfo (RoleInfo.java:updateAndGet(143)) - 61946a22-29ed-4e77-8449-fae4cd9869e9: start LeaderElection
2019-09-25 05:31:29,350 [Thread-515] INFO  impl.FollowerState (FollowerState.java:run(106)) - ce8ac917-2646-4112-adf7-d577593fabcb:group-AEFF648B0F59 changes to CANDIDATE, lastRpcTime:1010, electionTimeout:1010ms
2019-09-25 05:31:29,365 [Thread-515] INFO  impl.RoleInfo (RoleInfo.java:shutdownFollowerState(121)) - ce8ac917-2646-4112-adf7-d577593fabcb: shutdown FollowerState
2019-09-25 05:31:29,365 [Thread-515] INFO  impl.RaftServerImpl (RaftServerImpl.java:setRole(174)) - ce8ac917-2646-4112-adf7-d577593fabcb@group-AEFF648B0F59: changes role from  FOLLOWER to CANDIDATE at term 1 for changeToCandidate
2019-09-25 05:31:29,365 [Thread-515] INFO  impl.RoleInfo (RoleInfo.java:updateAndGet(143)) - ce8ac917-2646-4112-adf7-d577593fabcb: start LeaderElection
2019-09-25 05:31:29,375 [Thread-518] INFO  impl.FollowerState (FollowerState.java:run(106)) - 5c3318fc-c419-4298-b427-bf5a9ca27bf0:group-059250D1A272 changes to CANDIDATE, lastRpcTime:1022, electionTimeout:1018ms
2019-09-25 05:31:29,375 [Thread-518] INFO  impl.RoleInfo (RoleInfo.java:shutdownFollowerState(121)) - 5c3318fc-c419-4298-b427-bf5a9ca27bf0: shutdown FollowerState
2019-09-25 05:31:29,375 [Thread-518] INFO  impl.RaftServerImpl (RaftServerImpl.java:setRole(174)) - 5c3318fc-c419-4298-b427-bf5a9ca27bf0@group-059250D1A272: changes role from  FOLLOWER to CANDIDATE at term 3 for changeToCandidate
2019-09-25 05:31:29,375 [Thread-518] INFO  impl.RoleInfo (RoleInfo.java:updateAndGet(143)) - 5c3318fc-c419-4298-b427-bf5a9ca27bf0: start LeaderElection
2019-09-25 05:31:29,406 [Thread-507] INFO  impl.FollowerState (FollowerState.java:run(106)) - f9c12371-c091-4b4a-8db2-6f0db97bbab3:group-0EC8D23D101B changes to CANDIDATE, lastRpcTime:1093, electionTimeout:1090ms
2019-09-25 05:31:29,407 [Thread-507] INFO  impl.RoleInfo (RoleInfo.java:shutdownFollowerState(121)) - f9c12371-c091-4b4a-8db2-6f0db97bbab3: shutdown FollowerState
2019-09-25 05:31:29,407 [Thread-507] INFO  impl.RaftServerImpl (RaftServerImpl.java:setRole(174)) - f9c12371-c091-4b4a-8db2-6f0db97bbab3@group-0EC8D23D101B: changes role from  FOLLOWER to CANDIDATE at term 1 for changeToCandidate
2019-09-25 05:31:29,407 [Thread-512] INFO  impl.FollowerState (FollowerState.java:run(106)) - 616f9f8f-9479-40f4-8c03-f125dcbf9c7f:group-60724A24602F changes to CANDIDATE, lastRpcTime:1080, electionTimeout:1073ms
2019-09-25 05:31:29,407 [Thread-507] INFO  impl.RoleInfo (RoleInfo.java:updateAndGet(143)) - f9c12371-c091-4b4a-8db2-6f0db97bbab3: start LeaderElection
2019-09-25 05:31:29,407 [Thread-512] INFO  impl.RoleInfo (RoleInfo.java:shutdownFollowerState(121)) - 616f9f8f-9479-40f4-8c03-f125dcbf9c7f: shutdown FollowerState
2019-09-25 05:31:29,407 [Thread-512] INFO  impl.RaftServerImpl (RaftServerImpl.java:setRole(174)) - 616f9f8f-9479-40f4-8c03-f125dcbf9c7f@group-60724A24602F: changes role from  FOLLOWER to CANDIDATE at term 3 for changeToCandidate
2019-09-25 05:31:29,409 [Thread-512] INFO  impl.RoleInfo (RoleInfo.java:updateAndGet(143)) - 616f9f8f-9479-40f4-8c03-f125dcbf9c7f: start LeaderElection
2019-09-25 05:31:29,440 [Thread-521] INFO  impl.FollowerState (FollowerState.java:run(106)) - a58d7528-614e-4c39-a3a3-38beaa9905aa:group-0EC8D23D101B changes to CANDIDATE, lastRpcTime:1082, electionTimeout:1082ms
2019-09-25 05:31:29,440 [Thread-521] INFO  impl.RoleInfo (RoleInfo.java:shutdownFollowerState(121)) - a58d7528-614e-4c39-a3a3-38beaa9905aa: shutdown FollowerState
2019-09-25 05:31:29,440 [Thread-521] INFO  impl.RaftServerImpl (RaftServerImpl.java:setRole(174)) - a58d7528-614e-4c39-a3a3-38beaa9905aa@group-0EC8D23D101B: changes role from  FOLLOWER to CANDIDATE at term 1 for changeToCandidate
2019-09-25 05:31:29,440 [Thread-521] INFO  impl.RoleInfo (RoleInfo.java:updateAndGet(143)) - a58d7528-614e-4c39-a3a3-38beaa9905aa: start LeaderElection
2019-09-25 05:31:29,449 [Thread-516] INFO  impl.FollowerState (FollowerState.java:run(106)) - fd2f3f79-5d7b-4d37-bb24-b15dfe7f18d7:group-60724A24602F changes to CANDIDATE, lastRpcTime:1106, electionTimeout:1106ms
2019-09-25 05:31:29,449 [Thread-516] INFO  impl.RoleInfo (RoleInfo.java:shutdownFollowerState(121)) - fd2f3f79-5d7b-4d37-bb24-b15dfe7f18d7: shutdown FollowerState
2019-09-25 05:31:29,449 [Thread-516] INFO  impl.RaftServerImpl (RaftServerImpl.java:setRole(174)) - fd2f3f79-5d7b-4d37-bb24-b15dfe7f18d7@group-60724A24602F: changes role from  FOLLOWER to CANDIDATE at term 3 for changeToCandidate
2019-09-25 05:31:29,450 [Thread-516] INFO  impl.RoleInfo (RoleInfo.java:updateAndGet(143)) - fd2f3f79-5d7b-4d37-bb24-b15dfe7f18d7: start LeaderElection
2019-09-25 05:31:29,472 [Thread-509] INFO  impl.FollowerState (FollowerState.java:run(106)) - 5c3318fc-c419-4298-b427-bf5a9ca27bf0:group-21C2C432FD88 changes to CANDIDATE, lastRpcTime:1152, electionTimeout:1150ms
2019-09-25 05:31:29,472 [Thread-509] INFO  impl.RoleInfo (RoleInfo.java:shutdownFollowerState(121)) - 5c3318fc-c419-4298-b427-bf5a9ca27bf0: shutdown FollowerState
2019-09-25 05:31:29,472 [Thread-509] INFO  impl.RaftServerImpl (RaftServerImpl.java:setRole(174)) - 5c3318fc-c419-4298-b427-bf5a9ca27bf0@group-21C2C432FD88: changes role from  FOLLOWER to CANDIDATE at term 4 for changeToCandidate
2019-09-25 05:31:29,472 [Thread-509] INFO  impl.RoleInfo (RoleInfo.java:updateAndGet(143)) - 5c3318fc-c419-4298-b427-bf5a9ca27bf0: start LeaderElection
2019-09-25 05:31:29,488 [Thread-514] INFO  impl.FollowerState (FollowerState.java:run(106)) - 0d4a37ed-4cec-423a-a360-e4a879eb6bc0:group-059250D1A272 changes to CANDIDATE, lastRpcTime:1149, electionTimeout:1149ms
2019-09-25 05:31:29,488 [Thread-514] INFO  impl.RoleInfo (RoleInfo.java:shutdownFollowerState(121)) - 0d4a37ed-4cec-423a-a360-e4a879eb6bc0: shutdown FollowerState
2019-09-25 05:31:29,488 [Thread-514] INFO  impl.RaftServerImpl (RaftServerImpl.java:setRole(174)) - 0d4a37ed-4cec-423a-a360-e4a879eb6bc0@group-059250D1A272: changes role from  FOLLOWER to CANDIDATE at term 3 for changeToCandidate
2019-09-25 05:31:29,489 [Thread-514] INFO  impl.RoleInfo (RoleInfo.java:updateAndGet(143)) - 0d4a37ed-4cec-423a-a360-e4a879eb6bc0: start LeaderElection
2019-09-25 05:31:29,489 [Thread-508] INFO  impl.FollowerState (FollowerState.java:run(106)) - f9c12371-c091-4b4a-8db2-6f0db97bbab3:group-AEFF648B0F59 changes to CANDIDATE, lastRpcTime:1173, electionTimeout:1170ms
2019-09-25 05:31:29,490 [Thread-508] INFO  impl.RoleInfo (RoleInfo.java:shutdownFollowerState(121)) - f9c12371-c091-4b4a-8db2-6f0db97bbab3: shutdown FollowerState
2019-09-25 05:31:29,490 [Thread-508] INFO  impl.RaftServerImpl (RaftServerImpl.java:setRole(174)) - f9c12371-c091-4b4a-8db2-6f0db97bbab3@group-AEFF648B0F59: changes role from  FOLLOWER to CANDIDATE at term 1 for changeToCandidate
2019-09-25 05:31:29,490 [Thread-508] INFO  impl.RoleInfo (RoleInfo.java:updateAndGet(143)) - f9c12371-c091-4b4a-8db2-6f0db97bbab3: start LeaderElection
2019-09-25 05:31:29,500 [Thread-513] INFO  impl.FollowerState (FollowerState.java:run(106)) - 0d4a37ed-4cec-423a-a360-e4a879eb6bc0:group-21C2C432FD88 changes to CANDIDATE, lastRpcTime:1166, electionTimeout:1162ms
2019-09-25 05:31:29,501 [Thread-513] INFO  impl.RoleInfo (RoleInfo.java:shutdownFollowerState(121)) - 0d4a37ed-4cec-423a-a360-e4a879eb6bc0: shutdown FollowerState
2019-09-25 05:31:29,501 [Thread-513] INFO  impl.RaftServerImpl (RaftServerImpl.java:setRole(174)) - 0d4a37ed-4cec-423a-a360-e4a879eb6bc0@group-21C2C432FD88: changes role from  FOLLOWER to CANDIDATE at term 4 for changeToCandidate
2019-09-25 05:31:29,501 [Thread-513] INFO  impl.RoleInfo (RoleInfo.java:updateAndGet(143)) - 0d4a37ed-4cec-423a-a360-e4a879eb6bc0: start LeaderElection
2019-09-25 05:31:29,502 [Thread-510] INFO  impl.FollowerState (FollowerState.java:run(106)) - e997a993-6131-47bf-96c8-764e04cb5c0e:group-60724A24602F changes to CANDIDATE, lastRpcTime:1180, electionTimeout:1180ms
2019-09-25 05:31:29,503 [Thread-510] INFO  impl.RoleInfo (RoleInfo.java:shutdownFollowerState(121)) - e997a993-6131-47bf-96c8-764e04cb5c0e: shutdown FollowerState
2019-09-25 05:31:29,503 [Thread-510] INFO  impl.RaftServerImpl (RaftServerImpl.java:setRole(174)) - e997a993-6131-47bf-96c8-764e04cb5c0e@group-60724A24602F: changes role from  FOLLOWER to CANDIDATE at term 3 for changeToCandidate
2019-09-25 05:31:29,503 [Thread-510] INFO  impl.RoleInfo (RoleInfo.java:updateAndGet(143)) - e997a993-6131-47bf-96c8-764e04cb5c0e: start LeaderElection
2019-09-25 05:31:29,533 [Thread-520] INFO  impl.FollowerState (FollowerState.java:run(106)) - a58d7528-614e-4c39-a3a3-38beaa9905aa:group-AEFF648B0F59 changes to CANDIDATE, lastRpcTime:1175, electionTimeout:1175ms
2019-09-25 05:31:29,533 [Thread-520] INFO  impl.RoleInfo (RoleInfo.java:shutdownFollowerState(121)) - a58d7528-614e-4c39-a3a3-38beaa9905aa: shutdown FollowerState
2019-09-25 05:31:29,533 [Thread-520] INFO  impl.RaftServerImpl (RaftServerImpl.java:setRole(174)) - a58d7528-614e-4c39-a3a3-38beaa9905aa@group-AEFF648B0F59: changes role from  FOLLOWER to CANDIDATE at term 1 for changeToCandidate
2019-09-25 05:31:29,533 [Thread-519] INFO  impl.FollowerState (FollowerState.java:run(106)) - 61946a22-29ed-4e77-8449-fae4cd9869e9:group-059250D1A272 changes to CANDIDATE, lastRpcTime:1180, electionTimeout:1176ms
2019-09-25 05:31:29,533 [Thread-520] INFO  impl.RoleInfo (RoleInfo.java:updateAndGet(143)) - a58d7528-614e-4c39-a3a3-38beaa9905aa: start LeaderElection
2019-09-25 05:31:29,533 [Thread-519] INFO  impl.RoleInfo (RoleInfo.java:shutdownFollowerState(121)) - 61946a22-29ed-4e77-8449-fae4cd9869e9: shutdown FollowerState
2019-09-25 05:31:29,533 [Thread-519] INFO  impl.RaftServerImpl (RaftServerImpl.java:setRole(174)) - 61946a22-29ed-4e77-8449-fae4cd9869e9@group-059250D1A272: changes role from  FOLLOWER to CANDIDATE at term 3 for changeToCandidate
2019-09-25 05:31:29,533 [Thread-519] INFO  impl.RoleInfo (RoleInfo.java:updateAndGet(143)) - 61946a22-29ed-4e77-8449-fae4cd9869e9: start LeaderElection
2019-09-25 05:31:29,537 [Thread-517] INFO  impl.FollowerState (FollowerState.java:run(106)) - ce8ac917-2646-4112-adf7-d577593fabcb:group-0EC8D23D101B changes to CANDIDATE, lastRpcTime:1190, electionTimeout:1187ms
2019-09-25 05:31:29,537 [Thread-517] INFO  impl.RoleInfo (RoleInfo.java:shutdownFollowerState(121)) - ce8ac917-2646-4112-adf7-d577593fabcb: shutdown FollowerState
2019-09-25 05:31:29,537 [Thread-517] INFO  impl.RaftServerImpl (RaftServerImpl.java:setRole(174)) - ce8ac917-2646-4112-adf7-d577593fabcb@group-0EC8D23D101B: changes role from  FOLLOWER to CANDIDATE at term 1 for changeToCandidate
2019-09-25 05:31:29,537 [Thread-517] INFO  impl.RoleInfo (RoleInfo.java:updateAndGet(143)) - ce8ac917-2646-4112-adf7-d577593fabcb: start LeaderElection
2019-09-25 05:31:33,232 [fd2f3f79-5d7b-4d37-bb24-b15dfe7f18d7@group-60724A24602F:LeaderElection48] INFO  impl.LeaderElection (LeaderElection.java:askForVotes(182)) - fd2f3f79-5d7b-4d37-bb24-b15dfe7f18d7@group-60724A24602F:LeaderElection48: begin an election at term 4 for -1: [616f9f8f-9479-40f4-8c03-f125dcbf9c7f:192.168.36.126:39694, e997a993-6131-47bf-96c8-764e04cb5c0e:192.168.36.126:37678, fd2f3f79-5d7b-4d37-bb24-b15dfe7f18d7:192.168.36.126:42280], old=null
2019-09-25 05:31:33,232 [ce8ac917-2646-4112-adf7-d577593fabcb@group-AEFF648B0F59:LeaderElection43] INFO  impl.LeaderElection (LeaderElection.java:askForVotes(182)) - ce8ac917-2646-4112-adf7-d577593fabcb@group-AEFF648B0F59:LeaderElection43: begin an election at term 2 for -1: [a58d7528-614e-4c39-a3a3-38beaa9905aa:192.168.36.126:37942, f9c12371-c091-4b4a-8db2-6f0db97bbab3:192.168.36.126:46560, ce8ac917-2646-4112-adf7-d577593fabcb:192.168.36.126:37960], old=null
2019-09-25 05:31:33,232 [f9c12371-c091-4b4a-8db2-6f0db97bbab3@group-0EC8D23D101B:LeaderElection45] INFO  impl.LeaderElection (LeaderElection.java:askForVotes(182)) - f9c12371-c091-4b4a-8db2-6f0db97bbab3@group-0EC8D23D101B:LeaderElection45: begin an election at term 2 for -1: [a58d7528-614e-4c39-a3a3-38beaa9905aa:192.168.36.126:37942, f9c12371-c091-4b4a-8db2-6f0db97bbab3:192.168.36.126:46560, ce8ac917-2646-4112-adf7-d577593fabcb:192.168.36.126:37960], old=null
2019-09-25 05:31:33,232 [a58d7528-614e-4c39-a3a3-38beaa9905aa@group-0EC8D23D101B:LeaderElection47] INFO  impl.LeaderElection (LeaderElection.java:askForVotes(182)) - a58d7528-614e-4c39-a3a3-38beaa9905aa@group-0EC8D23D101B:LeaderElection47: begin an election at term 2 for -1: [a58d7528-614e-4c39-a3a3-38beaa9905aa:192.168.36.126:37942, f9c12371-c091-4b4a-8db2-6f0db97bbab3:192.168.36.126:46560, ce8ac917-2646-4112-adf7-d577593fabcb:192.168.36.126:37960], old=null
2019-09-25 05:31:33,232 [5c3318fc-c419-4298-b427-bf5a9ca27bf0@group-059250D1A272:LeaderElection44] INFO  impl.LeaderElection (LeaderElection.java:askForVotes(182)) - 5c3318fc-c419-4298-b427-bf5a9ca27bf0@group-059250D1A272:LeaderElection44: begin an election at term 4 for -1: [5c3318fc-c419-4298-b427-bf5a9ca27bf0:192.168.36.126:46795, 61946a22-29ed-4e77-8449-fae4cd9869e9:192.168.36.126:36814, 0d4a37ed-4cec-423a-a360-e4a879eb6bc0:192.168.36.126:37817], old=null
2019-09-25 05:31:33,233 [61946a22-29ed-4e77-8449-fae4cd9869e9@group-059250D1A272:LeaderElection55] INFO  impl.LeaderElection (LeaderElection.java:askForVotes(182)) - 61946a22-29ed-4e77-8449-fae4cd9869e9@group-059250D1A272:LeaderElection55: begin an election at term 4 for -1: [5c3318fc-c419-4298-b427-bf5a9ca27bf0:192.168.36.126:46795, 61946a22-29ed-4e77-8449-fae4cd9869e9:192.168.36.126:36814, 0d4a37ed-4cec-423a-a360-e4a879eb6bc0:192.168.36.126:37817], old=null
2019-09-25 05:31:33,232 [5c3318fc-c419-4298-b427-bf5a9ca27bf0@group-21C2C432FD88:LeaderElection49] INFO  impl.LeaderElection (LeaderElection.java:askForVotes(182)) - 5c3318fc-c419-4298-b427-bf5a9ca27bf0@group-21C2C432FD88:LeaderElection49: begin an election at term 5 for -1: [5c3318fc-c419-4298-b427-bf5a9ca27bf0:192.168.36.126:46795, 61946a22-29ed-4e77-8449-fae4cd9869e9:192.168.36.126:36814, 0d4a37ed-4cec-423a-a360-e4a879eb6bc0:192.168.36.126:37817], old=null
2019-09-25 05:31:33,232 [61946a22-29ed-4e77-8449-fae4cd9869e9@group-21C2C432FD88:LeaderElection42] INFO  impl.LeaderElection (LeaderElection.java:askForVotes(182)) - 61946a22-29ed-4e77-8449-fae4cd9869e9@group-21C2C432FD88:LeaderElection42: begin an election at term 5 for -1: [5c3318fc-c419-4298-b427-bf5a9ca27bf0:192.168.36.126:46795, 61946a22-29ed-4e77-8449-fae4cd9869e9:192.168.36.126:36814, 0d4a37ed-4cec-423a-a360-e4a879eb6bc0:192.168.36.126:37817], old=null
2019-09-25 05:31:33,232 [616f9f8f-9479-40f4-8c03-f125dcbf9c7f@group-60724A24602F:LeaderElection46] INFO  impl.LeaderElection (LeaderElection.java:askForVotes(182)) - 616f9f8f-9479-40f4-8c03-f125dcbf9c7f@group-60724A24602F:LeaderElection46: begin an election at term 4 for -1: [616f9f8f-9479-40f4-8c03-f125dcbf9c7f:192.168.36.126:39694, e997a993-6131-47bf-96c8-764e04cb5c0e:192.168.36.126:37678, fd2f3f79-5d7b-4d37-bb24-b15dfe7f18d7:192.168.36.126:42280], old=null
2019-09-25 05:31:33,234 [0d4a37ed-4cec-423a-a360-e4a879eb6bc0@group-21C2C432FD88:LeaderElection52] INFO  impl.LeaderElection (LeaderElection.java:askForVotes(182)) - 0d4a37ed-4cec-423a-a360-e4a879eb6bc0@group-21C2C432FD88:LeaderElection52: begin an election at term 5 for -1: [5c3318fc-c419-4298-b427-bf5a9ca27bf0:192.168.36.126:46795, 61946a22-29ed-4e77-8449-fae4cd9869e9:192.168.36.126:36814, 0d4a37ed-4cec-423a-a360-e4a879eb6bc0:192.168.36.126:37817], old=null
2019-09-25 05:31:33,234 [a58d7528-614e-4c39-a3a3-38beaa9905aa@group-AEFF648B0F59:LeaderElection54] INFO  impl.LeaderElection (LeaderElection.java:askForVotes(182)) - a58d7528-614e-4c39-a3a3-38beaa9905aa@group-AEFF648B0F59:LeaderElection54: begin an election at term 2 for -1: [a58d7528-614e-4c39-a3a3-38beaa9905aa:192.168.36.126:37942, f9c12371-c091-4b4a-8db2-6f0db97bbab3:192.168.36.126:46560, ce8ac917-2646-4112-adf7-d577593fabcb:192.168.36.126:37960], old=null
2019-09-25 05:31:33,234 [0d4a37ed-4cec-423a-a360-e4a879eb6bc0@group-059250D1A272:LeaderElection50] INFO  impl.LeaderElection (LeaderElection.java:askForVotes(182)) - 0d4a37ed-4cec-423a-a360-e4a879eb6bc0@group-059250D1A272:LeaderElection50: begin an election at term 4 for -1: [5c3318fc-c419-4298-b427-bf5a9ca27bf0:192.168.36.126:46795, 61946a22-29ed-4e77-8449-fae4cd9869e9:192.168.36.126:36814, 0d4a37ed-4cec-423a-a360-e4a879eb6bc0:192.168.36.126:37817], old=null
2019-09-25 05:31:33,234 [f9c12371-c091-4b4a-8db2-6f0db97bbab3@group-AEFF648B0F59:LeaderElection51] INFO  impl.LeaderElection (LeaderElection.java:askForVotes(182)) - f9c12371-c091-4b4a-8db2-6f0db97bbab3@group-AEFF648B0F59:LeaderElection51: begin an election at term 2 for -1: [a58d7528-614e-4c39-a3a3-38beaa9905aa:192.168.36.126:37942, f9c12371-c091-4b4a-8db2-6f0db97bbab3:192.168.36.126:46560, ce8ac917-2646-4112-adf7-d577593fabcb:192.168.36.126:37960], old=null
2019-09-25 05:31:33,233 [e997a993-6131-47bf-96c8-764e04cb5c0e@group-60724A24602F:LeaderElection53] INFO  impl.LeaderElection (LeaderElection.java:askForVotes(182)) - e997a993-6131-47bf-96c8-764e04cb5c0e@group-60724A24602F:LeaderElection53: begin an election at term 4 for -1: [616f9f8f-9479-40f4-8c03-f125dcbf9c7f:192.168.36.126:39694, e997a993-6131-47bf-96c8-764e04cb5c0e:192.168.36.126:37678, fd2f3f79-5d7b-4d37-bb24-b15dfe7f18d7:192.168.36.126:42280], old=null
2019-09-25 05:31:33,233 [ce8ac917-2646-4112-adf7-d577593fabcb@group-0EC8D23D101B:LeaderElection56] INFO  impl.LeaderElection (LeaderElection.java:askForVotes(182)) - ce8ac917-2646-4112-adf7-d577593fabcb@group-0EC8D23D101B:LeaderElection56: begin an election at term 2 for -1: [a58d7528-614e-4c39-a3a3-38beaa9905aa:192.168.36.126:37942, f9c12371-c091-4b4a-8db2-6f0db97bbab3:192.168.36.126:46560, ce8ac917-2646-4112-adf7-d577593fabcb:192.168.36.126:37960], old=null
2019-09-25 05:31:33,244 [fd2f3f79-5d7b-4d37-bb24-b15dfe7f18d7@group-60724A24602F:LeaderElection48] INFO  impl.LeaderElection (LeaderElection.java:logAndReturn(56)) - fd2f3f79-5d7b-4d37-bb24-b15dfe7f18d7@group-60724A24602F:LeaderElection48: Election REJECTED; received 2 response(s) [fd2f3f79-5d7b-4d37-bb24-b15dfe7f18d7<-616f9f8f-9479-40f4-8c03-f125dcbf9c7f#0:FAIL-t4, fd2f3f79-5d7b-4d37-bb24-b15dfe7f18d7<-e997a993-6131-47bf-96c8-764e04cb5c0e#0:FAIL-t4] and 0 exception(s); fd2f3f79-5d7b-4d37-bb24-b15dfe7f18d7@group-60724A24602F:t4, leader=null, voted=fd2f3f79-5d7b-4d37-bb24-b15dfe7f18d7, raftlog=fd2f3f79-5d7b-4d37-bb24-b15dfe7f18d7@group-60724A24602F-SegmentedRaftLog:OPENED:c-1,f-1,i0, conf=-1: [616f9f8f-9479-40f4-8c03-f125dcbf9c7f:192.168.36.126:39694, e997a993-6131-47bf-96c8-764e04cb5c0e:192.168.36.126:37678, fd2f3f79-5d7b-4d37-bb24-b15dfe7f18d7:192.168.36.126:42280], old=null
2019-09-25 05:31:33,245 [fd2f3f79-5d7b-4d37-bb24-b15dfe7f18d7@group-60724A24602F:LeaderElection48] INFO  impl.RaftServerImpl (RaftServerImpl.java:setRole(174)) - fd2f3f79-5d7b-4d37-bb24-b15dfe7f18d7@group-60724A24602F: changes role from CANDIDATE to FOLLOWER at term 4 for DISCOVERED_A_NEW_TERM
2019-09-25 05:31:33,245 [fd2f3f79-5d7b-4d37-bb24-b15dfe7f18d7@group-60724A24602F:LeaderElection48] INFO  impl.RoleInfo (RoleInfo.java:shutdownLeaderElection(134)) - fd2f3f79-5d7b-4d37-bb24-b15dfe7f18d7: shutdown LeaderElection
2019-09-25 05:31:33,245 [fd2f3f79-5d7b-4d37-bb24-b15dfe7f18d7@group-60724A24602F:LeaderElection48] INFO  impl.RoleInfo (RoleInfo.java:updateAndGet(143)) - fd2f3f79-5d7b-4d37-bb24-b15dfe7f18d7: start FollowerState
2019-09-25 05:31:33,249 [61946a22-29ed-4e77-8449-fae4cd9869e9@group-059250D1A272:LeaderElection55] INFO  impl.LeaderElection (LeaderElection.java:logAndReturn(56)) - 61946a22-29ed-4e77-8449-fae4cd9869e9@group-059250D1A272:LeaderElection55: Election REJECTED; received 2 response(s) [61946a22-29ed-4e77-8449-fae4cd9869e9<-5c3318fc-c419-4298-b427-bf5a9ca27bf0#0:FAIL-t4, 61946a22-29ed-4e77-8449-fae4cd9869e9<-0d4a37ed-4cec-423a-a360-e4a879eb6bc0#0:FAIL-t4] and 0 exception(s); 61946a22-29ed-4e77-8449-fae4cd9869e9@group-059250D1A272:t4, leader=null, voted=61946a22-29ed-4e77-8449-fae4cd9869e9, raftlog=61946a22-29ed-4e77-8449-fae4cd9869e9@group-059250D1A272-SegmentedRaftLog:OPENED:c-1,f-1,i0, conf=-1: [5c3318fc-c419-4298-b427-bf5a9ca27bf0:192.168.36.126:46795, 61946a22-29ed-4e77-8449-fae4cd9869e9:192.168.36.126:36814, 0d4a37ed-4cec-423a-a360-e4a879eb6bc0:192.168.36.126:37817], old=null
2019-09-25 05:31:33,250 [61946a22-29ed-4e77-8449-fae4cd9869e9@group-059250D1A272:LeaderElection55] INFO  impl.RaftServerImpl (RaftServerImpl.java:setRole(174)) - 61946a22-29ed-4e77-8449-fae4cd9869e9@group-059250D1A272: changes role from CANDIDATE to FOLLOWER at term 4 for DISCOVERED_A_NEW_TERM
2019-09-25 05:31:33,250 [61946a22-29ed-4e77-8449-fae4cd9869e9@group-059250D1A272:LeaderElection55] INFO  impl.RoleInfo (RoleInfo.java:shutdownLeaderElection(134)) - 61946a22-29ed-4e77-8449-fae4cd9869e9: shutdown LeaderElection
2019-09-25 05:31:33,250 [a58d7528-614e-4c39-a3a3-38beaa9905aa@group-AEFF648B0F59:LeaderElection54] INFO  impl.LeaderElection (LeaderElection.java:logAndReturn(56)) - a58d7528-614e-4c39-a3a3-38beaa9905aa@group-AEFF648B0F59:LeaderElection54: Election REJECTED; received 2 response(s) [a58d7528-614e-4c39-a3a3-38beaa9905aa<-f9c12371-c091-4b4a-8db2-6f0db97bbab3#0:FAIL-t2, a58d7528-614e-4c39-a3a3-38beaa9905aa<-ce8ac917-2646-4112-adf7-d577593fabcb#0:FAIL-t2] and 0 exception(s); a58d7528-614e-4c39-a3a3-38beaa9905aa@group-AEFF648B0F59:t2, leader=null, voted=a58d7528-614e-4c39-a3a3-38beaa9905aa, raftlog=a58d7528-614e-4c39-a3a3-38beaa9905aa@group-AEFF648B0F59-SegmentedRaftLog:OPENED:c-1,f-1,i0, conf=-1: [a58d7528-614e-4c39-a3a3-38beaa9905aa:192.168.36.126:37942, f9c12371-c091-4b4a-8db2-6f0db97bbab3:192.168.36.126:46560, ce8ac917-2646-4112-adf7-d577593fabcb:192.168.36.126:37960], old=null
2019-09-25 05:31:33,250 [61946a22-29ed-4e77-8449-fae4cd9869e9@group-059250D1A272:LeaderElection55] INFO  impl.RoleInfo (RoleInfo.java:updateAndGet(143)) - 61946a22-29ed-4e77-8449-fae4cd9869e9: start FollowerState
2019-09-25 05:31:33,250 [a58d7528-614e-4c39-a3a3-38beaa9905aa@group-AEFF648B0F59:LeaderElection54] INFO  impl.RaftServerImpl (RaftServerImpl.java:setRole(174)) - a58d7528-614e-4c39-a3a3-38beaa9905aa@group-AEFF648B0F59: changes role from CANDIDATE to FOLLOWER at term 2 for DISCOVERED_A_NEW_TERM
2019-09-25 05:31:33,251 [a58d7528-614e-4c39-a3a3-38beaa9905aa@group-AEFF648B0F59:LeaderElection54] INFO  impl.RoleInfo (RoleInfo.java:shutdownLeaderElection(134)) - a58d7528-614e-4c39-a3a3-38beaa9905aa: shutdown LeaderElection
2019-09-25 05:31:33,251 [61946a22-29ed-4e77-8449-fae4cd9869e9@group-21C2C432FD88:LeaderElection42] INFO  impl.LeaderElection (LeaderElection.java:logAndReturn(56)) - 61946a22-29ed-4e77-8449-fae4cd9869e9@group-21C2C432FD88:LeaderElection42: Election REJECTED; received 2 response(s) [61946a22-29ed-4e77-8449-fae4cd9869e9<-5c3318fc-c419-4298-b427-bf5a9ca27bf0#0:FAIL-t5, 61946a22-29ed-4e77-8449-fae4cd9869e9<-0d4a37ed-4cec-423a-a360-e4a879eb6bc0#0:FAIL-t5] and 0 exception(s); 61946a22-29ed-4e77-8449-fae4cd9869e9@group-21C2C432FD88:t5, leader=null, voted=61946a22-29ed-4e77-8449-fae4cd9869e9, raftlog=61946a22-29ed-4e77-8449-fae4cd9869e9@group-21C2C432FD88-SegmentedRaftLog:OPENED:c-1,f-1,i0, conf=-1: [5c3318fc-c419-4298-b427-bf5a9ca27bf0:192.168.36.126:46795, 61946a22-29ed-4e77-8449-fae4cd9869e9:192.168.36.126:36814, 0d4a37ed-4cec-423a-a360-e4a879eb6bc0:192.168.36.126:37817], old=null
2019-09-25 05:31:33,251 [a58d7528-614e-4c39-a3a3-38beaa9905aa@group-AEFF648B0F59:LeaderElection54] INFO  impl.RoleInfo (RoleInfo.java:updateAndGet(143)) - a58d7528-614e-4c39-a3a3-38beaa9905aa: start FollowerState
2019-09-25 05:31:33,251 [61946a22-29ed-4e77-8449-fae4cd9869e9@group-21C2C432FD88:LeaderElection42] INFO  impl.RaftServerImpl (RaftServerImpl.java:setRole(174)) - 61946a22-29ed-4e77-8449-fae4cd9869e9@group-21C2C432FD88: changes role from CANDIDATE to FOLLOWER at term 5 for DISCOVERED_A_NEW_TERM
2019-09-25 05:31:33,251 [a58d7528-614e-4c39-a3a3-38beaa9905aa@group-0EC8D23D101B:LeaderElection47] INFO  impl.LeaderElection (LeaderElection.java:logAndReturn(56)) - a58d7528-614e-4c39-a3a3-38beaa9905aa@group-0EC8D23D101B:LeaderElection47: Election REJECTED; received 2 response(s) [a58d7528-614e-4c39-a3a3-38beaa9905aa<-ce8ac917-2646-4112-adf7-d577593fabcb#0:FAIL-t2, a58d7528-614e-4c39-a3a3-38beaa9905aa<-f9c12371-c091-4b4a-8db2-6f0db97bbab3#0:FAIL-t2] and 0 exception(s); a58d7528-614e-4c39-a3a3-38beaa9905aa@group-0EC8D23D101B:t2, leader=null, voted=a58d7528-614e-4c39-a3a3-38beaa9905aa, raftlog=a58d7528-614e-4c39-a3a3-38beaa9905aa@group-0EC8D23D101B-SegmentedRaftLog:OPENED:c-1,f-1,i0, conf=-1: [a58d7528-614e-4c39-a3a3-38beaa9905aa:192.168.36.126:37942, f9c12371-c091-4b4a-8db2-6f0db97bbab3:192.168.36.126:46560, ce8ac917-2646-4112-adf7-d577593fabcb:192.168.36.126:37960], old=null
2019-09-25 05:31:33,251 [61946a22-29ed-4e77-8449-fae4cd9869e9@group-21C2C432FD88:LeaderElection42] INFO  impl.RoleInfo (RoleInfo.java:shutdownLeaderElection(134)) - 61946a22-29ed-4e77-8449-fae4cd9869e9: shutdown LeaderElection
2019-09-25 05:31:33,252 [e997a993-6131-47bf-96c8-764e04cb5c0e@group-60724A24602F:LeaderElection53] INFO  impl.LeaderElection (LeaderElection.java:logAndReturn(56)) - e997a993-6131-47bf-96c8-764e04cb5c0e@group-60724A24602F:LeaderElection53: Election REJECTED; received 2 response(s) [e997a993-6131-47bf-96c8-764e04cb5c0e<-616f9f8f-9479-40f4-8c03-f125dcbf9c7f#0:FAIL-t4, e997a993-6131-47bf-96c8-764e04cb5c0e<-fd2f3f79-5d7b-4d37-bb24-b15dfe7f18d7#0:FAIL-t4] and 0 exception(s); e997a993-6131-47bf-96c8-764e04cb5c0e@group-60724A24602F:t4, leader=null, voted=e997a993-6131-47bf-96c8-764e04cb5c0e, raftlog=e997a993-6131-47bf-96c8-764e04cb5c0e@group-60724A24602F-SegmentedRaftLog:OPENED:c-1,f-1,i0, conf=-1: [616f9f8f-9479-40f4-8c03-f125dcbf9c7f:192.168.36.126:39694, e997a993-6131-47bf-96c8-764e04cb5c0e:192.168.36.126:37678, fd2f3f79-5d7b-4d37-bb24-b15dfe7f18d7:192.168.36.126:42280], old=null
2019-09-25 05:31:33,252 [0d4a37ed-4cec-423a-a360-e4a879eb6bc0@group-21C2C432FD88:LeaderElection52] INFO  impl.LeaderElection (LeaderElection.java:logAndReturn(56)) - 0d4a37ed-4cec-423a-a360-e4a879eb6bc0@group-21C2C432FD88:LeaderElection52: Election REJECTED; received 2 response(s) [0d4a37ed-4cec-423a-a360-e4a879eb6bc0<-5c3318fc-c419-4298-b427-bf5a9ca27bf0#0:FAIL-t5, 0d4a37ed-4cec-423a-a360-e4a879eb6bc0<-61946a22-29ed-4e77-8449-fae4cd9869e9#0:FAIL-t5] and 0 exception(s); 0d4a37ed-4cec-423a-a360-e4a879eb6bc0@group-21C2C432FD88:t5, leader=null, voted=0d4a37ed-4cec-423a-a360-e4a879eb6bc0, raftlog=0d4a37ed-4cec-423a-a360-e4a879eb6bc0@group-21C2C432FD88-SegmentedRaftLog:OPENED:c-1,f-1,i0, conf=-1: [5c3318fc-c419-4298-b427-bf5a9ca27bf0:192.168.36.126:46795, 61946a22-29ed-4e77-8449-fae4cd9869e9:192.168.36.126:36814, 0d4a37ed-4cec-423a-a360-e4a879eb6bc0:192.168.36.126:37817], old=null
2019-09-25 05:31:33,252 [0d4a37ed-4cec-423a-a360-e4a879eb6bc0@group-059250D1A272:LeaderElection50] INFO  impl.LeaderElection (LeaderElection.java:logAndReturn(56)) - 0d4a37ed-4cec-423a-a360-e4a879eb6bc0@group-059250D1A272:LeaderElection50: Election REJECTED; received 2 response(s) [0d4a37ed-4cec-423a-a360-e4a879eb6bc0<-5c3318fc-c419-4298-b427-bf5a9ca27bf0#0:FAIL-t4, 0d4a37ed-4cec-423a-a360-e4a879eb6bc0<-61946a22-29ed-4e77-8449-fae4cd9869e9#0:FAIL-t4] and 0 exception(s); 0d4a37ed-4cec-423a-a360-e4a879eb6bc0@group-059250D1A272:t4, leader=null, voted=0d4a37ed-4cec-423a-a360-e4a879eb6bc0, raftlog=0d4a37ed-4cec-423a-a360-e4a879eb6bc0@group-059250D1A272-SegmentedRaftLog:OPENED:c-1,f-1,i0, conf=-1: [5c3318fc-c419-4298-b427-bf5a9ca27bf0:192.168.36.126:46795, 61946a22-29ed-4e77-8449-fae4cd9869e9:192.168.36.126:36814, 0d4a37ed-4cec-423a-a360-e4a879eb6bc0:192.168.36.126:37817], old=null
2019-09-25 05:31:33,252 [61946a22-29ed-4e77-8449-fae4cd9869e9@group-21C2C432FD88:LeaderElection42] INFO  impl.RoleInfo (RoleInfo.java:updateAndGet(143)) - 61946a22-29ed-4e77-8449-fae4cd9869e9: start FollowerState
2019-09-25 05:31:33,252 [a58d7528-614e-4c39-a3a3-38beaa9905aa@group-0EC8D23D101B:LeaderElection47] INFO  impl.RaftServerImpl (RaftServerImpl.java:setRole(174)) - a58d7528-614e-4c39-a3a3-38beaa9905aa@group-0EC8D23D101B: changes role from CANDIDATE to FOLLOWER at term 2 for DISCOVERED_A_NEW_TERM
2019-09-25 05:31:33,253 [5c3318fc-c419-4298-b427-bf5a9ca27bf0@group-21C2C432FD88:LeaderElection49] INFO  impl.LeaderElection (LeaderElection.java:logAndReturn(56)) - 5c3318fc-c419-4298-b427-bf5a9ca27bf0@group-21C2C432FD88:LeaderElection49: Election REJECTED; received 2 response(s) [5c3318fc-c419-4298-b427-bf5a9ca27bf0<-61946a22-29ed-4e77-8449-fae4cd9869e9#0:FAIL-t5, 5c3318fc-c419-4298-b427-bf5a9ca27bf0<-0d4a37ed-4cec-423a-a360-e4a879eb6bc0#0:FAIL-t5] and 0 exception(s); 5c3318fc-c419-4298-b427-bf5a9ca27bf0@group-21C2C432FD88:t5, leader=null, voted=5c3318fc-c419-4298-b427-bf5a9ca27bf0, raftlog=5c3318fc-c419-4298-b427-bf5a9ca27bf0@group-21C2C432FD88-SegmentedRaftLog:OPENED:c-1,f-1,i0, conf=-1: [5c3318fc-c419-4298-b427-bf5a9ca27bf0:192.168.36.126:46795, 61946a22-29ed-4e77-8449-fae4cd9869e9:192.168.36.126:36814, 0d4a37ed-4cec-423a-a360-e4a879eb6bc0:192.168.36.126:37817], old=null
2019-09-25 05:31:33,253 [0d4a37ed-4cec-423a-a360-e4a879eb6bc0@group-059250D1A272:LeaderElection50] INFO  impl.RaftServerImpl (RaftServerImpl.java:setRole(174)) - 0d4a37ed-4cec-423a-a360-e4a879eb6bc0@group-059250D1A272: changes role from CANDIDATE to FOLLOWER at term 4 for DISCOVERED_A_NEW_TERM
2019-09-25 05:31:33,252 [0d4a37ed-4cec-423a-a360-e4a879eb6bc0@group-21C2C432FD88:LeaderElection52] INFO  impl.RaftServerImpl (RaftServerImpl.java:setRole(174)) - 0d4a37ed-4cec-423a-a360-e4a879eb6bc0@group-21C2C432FD88: changes role from CANDIDATE to FOLLOWER at term 5 for DISCOVERED_A_NEW_TERM
2019-09-25 05:31:33,252 [e997a993-6131-47bf-96c8-764e04cb5c0e@group-60724A24602F:LeaderElection53] INFO  impl.RaftServerImpl (RaftServerImpl.java:setRole(174)) - e997a993-6131-47bf-96c8-764e04cb5c0e@group-60724A24602F: changes role from CANDIDATE to FOLLOWER at term 4 for DISCOVERED_A_NEW_TERM
2019-09-25 05:31:33,253 [0d4a37ed-4cec-423a-a360-e4a879eb6bc0@group-21C2C432FD88:LeaderElection52] INFO  impl.RoleInfo (RoleInfo.java:shutdownLeaderElection(134)) - 0d4a37ed-4cec-423a-a360-e4a879eb6bc0: shutdown LeaderElection
2019-09-25 05:31:33,253 [0d4a37ed-4cec-423a-a360-e4a879eb6bc0@group-059250D1A272:LeaderElection50] INFO  impl.RoleInfo (RoleInfo.java:shutdownLeaderElection(134)) - 0d4a37ed-4cec-423a-a360-e4a879eb6bc0: shutdown LeaderElection
2019-09-25 05:31:33,253 [5c3318fc-c419-4298-b427-bf5a9ca27bf0@group-21C2C432FD88:LeaderElection49] INFO  impl.RaftServerImpl (RaftServerImpl.java:setRole(174)) - 5c3318fc-c419-4298-b427-bf5a9ca27bf0@group-21C2C432FD88: changes role from CANDIDATE to FOLLOWER at term 5 for DISCOVERED_A_NEW_TERM
2019-09-25 05:31:33,254 [5c3318fc-c419-4298-b427-bf5a9ca27bf0@group-21C2C432FD88:LeaderElection49] INFO  impl.RoleInfo (RoleInfo.java:shutdownLeaderElection(134)) - 5c3318fc-c419-4298-b427-bf5a9ca27bf0: shutdown LeaderElection
2019-09-25 05:31:33,254 [ce8ac917-2646-4112-adf7-d577593fabcb@group-0EC8D23D101B:LeaderElection56] INFO  impl.LeaderElection (LeaderElection.java:logAndReturn(56)) - ce8ac917-2646-4112-adf7-d577593fabcb@group-0EC8D23D101B:LeaderElection56: Election REJECTED; received 2 response(s) [ce8ac917-2646-4112-adf7-d577593fabcb<-a58d7528-614e-4c39-a3a3-38beaa9905aa#0:FAIL-t2, ce8ac917-2646-4112-adf7-d577593fabcb<-f9c12371-c091-4b4a-8db2-6f0db97bbab3#0:FAIL-t2] and 0 exception(s); ce8ac917-2646-4112-adf7-d577593fabcb@group-0EC8D23D101B:t2, leader=null, voted=ce8ac917-2646-4112-adf7-d577593fabcb, raftlog=ce8ac917-2646-4112-adf7-d577593fabcb@group-0EC8D23D101B-SegmentedRaftLog:OPENED:c-1,f-1,i0, conf=-1: [a58d7528-614e-4c39-a3a3-38beaa9905aa:192.168.36.126:37942, f9c12371-c091-4b4a-8db2-6f0db97bbab3:192.168.36.126:46560, ce8ac917-2646-4112-adf7-d577593fabcb:192.168.36.126:37960], old=null
2019-09-25 05:31:33,254 [5c3318fc-c419-4298-b427-bf5a9ca27bf0@group-059250D1A272:LeaderElection44] INFO  impl.LeaderElection (LeaderElection.java:logAndReturn(56)) - 5c3318fc-c419-4298-b427-bf5a9ca27bf0@group-059250D1A272:LeaderElection44: Election REJECTED; received 2 response(s) [5c3318fc-c419-4298-b427-bf5a9ca27bf0<-61946a22-29ed-4e77-8449-fae4cd9869e9#0:FAIL-t4, 5c3318fc-c419-4298-b427-bf5a9ca27bf0<-0d4a37ed-4cec-423a-a360-e4a879eb6bc0#0:FAIL-t4] and 0 exception(s); 5c3318fc-c419-4298-b427-bf5a9ca27bf0@group-059250D1A272:t4, leader=null, voted=5c3318fc-c419-4298-b427-bf5a9ca27bf0, raftlog=5c3318fc-c419-4298-b427-bf5a9ca27bf0@group-059250D1A272-SegmentedRaftLog:OPENED:c-1,f-1,i0, conf=-1: [5c3318fc-c419-4298-b427-bf5a9ca27bf0:192.168.36.126:46795, 61946a22-29ed-4e77-8449-fae4cd9869e9:192.168.36.126:36814, 0d4a37ed-4cec-423a-a360-e4a879eb6bc0:192.168.36.126:37817], old=null
2019-09-25 05:31:33,253 [f9c12371-c091-4b4a-8db2-6f0db97bbab3@group-0EC8D23D101B:LeaderElection45] INFO  impl.LeaderElection (LeaderElection.java:logAndReturn(56)) - f9c12371-c091-4b4a-8db2-6f0db97bbab3@group-0EC8D23D101B:LeaderElection45: Election REJECTED; received 2 response(s) [f9c12371-c091-4b4a-8db2-6f0db97bbab3<-a58d7528-614e-4c39-a3a3-38beaa9905aa#0:FAIL-t2, f9c12371-c091-4b4a-8db2-6f0db97bbab3<-ce8ac917-2646-4112-adf7-d577593fabcb#0:FAIL-t2] and 0 exception(s); f9c12371-c091-4b4a-8db2-6f0db97bbab3@group-0EC8D23D101B:t2, leader=null, voted=f9c12371-c091-4b4a-8db2-6f0db97bbab3, raftlog=f9c12371-c091-4b4a-8db2-6f0db97bbab3@group-0EC8D23D101B-SegmentedRaftLog:OPENED:c-1,f-1,i0, conf=-1: [a58d7528-614e-4c39-a3a3-38beaa9905aa:192.168.36.126:37942, f9c12371-c091-4b4a-8db2-6f0db97bbab3:192.168.36.126:46560, ce8ac917-2646-4112-adf7-d577593fabcb:192.168.36.126:37960], old=null
2019-09-25 05:31:33,253 [a58d7528-614e-4c39-a3a3-38beaa9905aa@group-0EC8D23D101B:LeaderElection47] INFO  impl.RoleInfo (RoleInfo.java:shutdownLeaderElection(134)) - a58d7528-614e-4c39-a3a3-38beaa9905aa: shutdown LeaderElection
2019-09-25 05:31:33,255 [f9c12371-c091-4b4a-8db2-6f0db97bbab3@group-0EC8D23D101B:LeaderElection45] INFO  impl.RaftServerImpl (RaftServerImpl.java:setRole(174)) - f9c12371-c091-4b4a-8db2-6f0db97bbab3@group-0EC8D23D101B: changes role from CANDIDATE to FOLLOWER at term 2 for DISCOVERED_A_NEW_TERM
2019-09-25 05:31:33,255 [f9c12371-c091-4b4a-8db2-6f0db97bbab3@group-0EC8D23D101B:LeaderElection45] INFO  impl.RoleInfo (RoleInfo.java:shutdownLeaderElection(134)) - f9c12371-c091-4b4a-8db2-6f0db97bbab3: shutdown LeaderElection
2019-09-25 05:31:33,255 [5c3318fc-c419-4298-b427-bf5a9ca27bf0@group-059250D1A272:LeaderElection44] INFO  impl.RaftServerImpl (RaftServerImpl.java:setRole(174)) - 5c3318fc-c419-4298-b427-bf5a9ca27bf0@group-059250D1A272: changes role from CANDIDATE to FOLLOWER at term 4 for DISCOVERED_A_NEW_TERM
2019-09-25 05:31:33,254 [ce8ac917-2646-4112-adf7-d577593fabcb@group-0EC8D23D101B:LeaderElection56] INFO  impl.RaftServerImpl (RaftServerImpl.java:setRole(174)) - ce8ac917-2646-4112-adf7-d577593fabcb@group-0EC8D23D101B: changes role from CANDIDATE to FOLLOWER at term 2 for DISCOVERED_A_NEW_TERM
2019-09-25 05:31:33,254 [616f9f8f-9479-40f4-8c03-f125dcbf9c7f@group-60724A24602F:LeaderElection46] INFO  impl.LeaderElection (LeaderElection.java:logAndReturn(56)) - 616f9f8f-9479-40f4-8c03-f125dcbf9c7f@group-60724A24602F:LeaderElection46: Election REJECTED; received 2 response(s) [616f9f8f-9479-40f4-8c03-f125dcbf9c7f<-e997a993-6131-47bf-96c8-764e04cb5c0e#0:FAIL-t4, 616f9f8f-9479-40f4-8c03-f125dcbf9c7f<-fd2f3f79-5d7b-4d37-bb24-b15dfe7f18d7#0:FAIL-t4] and 0 exception(s); 616f9f8f-9479-40f4-8c03-f125dcbf9c7f@group-60724A24602F:t4, leader=null, voted=616f9f8f-9479-40f4-8c03-f125dcbf9c7f, raftlog=616f9f8f-9479-40f4-8c03-f125dcbf9c7f@group-60724A24602F-SegmentedRaftLog:OPENED:c-1,f-1,i0, conf=-1: [616f9f8f-9479-40f4-8c03-f125dcbf9c7f:192.168.36.126:39694, e997a993-6131-47bf-96c8-764e04cb5c0e:192.168.36.126:37678, fd2f3f79-5d7b-4d37-bb24-b15dfe7f18d7:192.168.36.126:42280], old=null
2019-09-25 05:31:33,254 [5c3318fc-c419-4298-b427-bf5a9ca27bf0@group-21C2C432FD88:LeaderElection49] INFO  impl.RoleInfo (RoleInfo.java:updateAndGet(143)) - 5c3318fc-c419-4298-b427-bf5a9ca27bf0: start FollowerState
2019-09-25 05:31:33,256 [616f9f8f-9479-40f4-8c03-f125dcbf9c7f@group-60724A24602F:LeaderElection46] INFO  impl.RaftServerImpl (RaftServerImpl.java:setRole(174)) - 616f9f8f-9479-40f4-8c03-f125dcbf9c7f@group-60724A24602F: changes role from CANDIDATE to FOLLOWER at term 4 for DISCOVERED_A_NEW_TERM
2019-09-25 05:31:33,254 [0d4a37ed-4cec-423a-a360-e4a879eb6bc0@group-059250D1A272:LeaderElection50] INFO  impl.RoleInfo (RoleInfo.java:updateAndGet(143)) - 0d4a37ed-4cec-423a-a360-e4a879eb6bc0: start FollowerState
2019-09-25 05:31:33,254 [0d4a37ed-4cec-423a-a360-e4a879eb6bc0@group-21C2C432FD88:LeaderElection52] INFO  impl.RoleInfo (RoleInfo.java:updateAndGet(143)) - 0d4a37ed-4cec-423a-a360-e4a879eb6bc0: start FollowerState
2019-09-25 05:31:33,254 [ce8ac917-2646-4112-adf7-d577593fabcb@group-AEFF648B0F59:LeaderElection43] INFO  impl.LeaderElection (LeaderElection.java:logAndReturn(56)) - ce8ac917-2646-4112-adf7-d577593fabcb@group-AEFF648B0F59:LeaderElection43: Election REJECTED; received 2 response(s) [ce8ac917-2646-4112-adf7-d577593fabcb<-a58d7528-614e-4c39-a3a3-38beaa9905aa#0:FAIL-t2, ce8ac917-2646-4112-adf7-d577593fabcb<-f9c12371-c091-4b4a-8db2-6f0db97bbab3#0:FAIL-t2] and 0 exception(s); ce8ac917-2646-4112-adf7-d577593fabcb@group-AEFF648B0F59:t2, leader=null, voted=ce8ac917-2646-4112-adf7-d577593fabcb, raftlog=ce8ac917-2646-4112-adf7-d577593fabcb@group-AEFF648B0F59-SegmentedRaftLog:OPENED:c-1,f-1,i0, conf=-1: [a58d7528-614e-4c39-a3a3-38beaa9905aa:192.168.36.126:37942, f9c12371-c091-4b4a-8db2-6f0db97bbab3:192.168.36.126:46560, ce8ac917-2646-4112-adf7-d577593fabcb:192.168.36.126:37960], old=null
2019-09-25 05:31:33,254 [f9c12371-c091-4b4a-8db2-6f0db97bbab3@group-AEFF648B0F59:LeaderElection51] INFO  impl.LeaderElection (LeaderElection.java:logAndReturn(56)) - f9c12371-c091-4b4a-8db2-6f0db97bbab3@group-AEFF648B0F59:LeaderElection51: Election REJECTED; received 2 response(s) [f9c12371-c091-4b4a-8db2-6f0db97bbab3<-a58d7528-614e-4c39-a3a3-38beaa9905aa#0:FAIL-t2, f9c12371-c091-4b4a-8db2-6f0db97bbab3<-ce8ac917-2646-4112-adf7-d577593fabcb#0:FAIL-t2] and 0 exception(s); f9c12371-c091-4b4a-8db2-6f0db97bbab3@group-AEFF648B0F59:t2, leader=null, voted=f9c12371-c091-4b4a-8db2-6f0db97bbab3, raftlog=f9c12371-c091-4b4a-8db2-6f0db97bbab3@group-AEFF648B0F59-SegmentedRaftLog:OPENED:c-1,f-1,i0, conf=-1: [a58d7528-614e-4c39-a3a3-38beaa9905aa:192.168.36.126:37942, f9c12371-c091-4b4a-8db2-6f0db97bbab3:192.168.36.126:46560, ce8ac917-2646-4112-adf7-d577593fabcb:192.168.36.126:37960], old=null
2019-09-25 05:31:33,254 [e997a993-6131-47bf-96c8-764e04cb5c0e@group-60724A24602F:LeaderElection53] INFO  impl.RoleInfo (RoleInfo.java:shutdownLeaderElection(134)) - e997a993-6131-47bf-96c8-764e04cb5c0e: shutdown LeaderElection
2019-09-25 05:31:33,257 [f9c12371-c091-4b4a-8db2-6f0db97bbab3@group-AEFF648B0F59:LeaderElection51] INFO  impl.RaftServerImpl (RaftServerImpl.java:setRole(174)) - f9c12371-c091-4b4a-8db2-6f0db97bbab3@group-AEFF648B0F59: changes role from CANDIDATE to FOLLOWER at term 2 for DISCOVERED_A_NEW_TERM
2019-09-25 05:31:33,257 [ce8ac917-2646-4112-adf7-d577593fabcb@group-AEFF648B0F59:LeaderElection43] INFO  impl.RaftServerImpl (RaftServerImpl.java:setRole(174)) - ce8ac917-2646-4112-adf7-d577593fabcb@group-AEFF648B0F59: changes role from CANDIDATE to FOLLOWER at term 2 for DISCOVERED_A_NEW_TERM
2019-09-25 05:31:33,257 [ce8ac917-2646-4112-adf7-d577593fabcb@group-AEFF648B0F59:LeaderElection43] INFO  impl.RoleInfo (RoleInfo.java:shutdownLeaderElection(134)) - ce8ac917-2646-4112-adf7-d577593fabcb: shutdown LeaderElection
2019-09-25 05:31:33,256 [616f9f8f-9479-40f4-8c03-f125dcbf9c7f@group-60724A24602F:LeaderElection46] INFO  impl.RoleInfo (RoleInfo.java:shutdownLeaderElection(134)) - 616f9f8f-9479-40f4-8c03-f125dcbf9c7f: shutdown LeaderElection
2019-09-25 05:31:33,255 [ce8ac917-2646-4112-adf7-d577593fabcb@group-0EC8D23D101B:LeaderElection56] INFO  impl.RoleInfo (RoleInfo.java:shutdownLeaderElection(134)) - ce8ac917-2646-4112-adf7-d577593fabcb: shutdown LeaderElection
2019-09-25 05:31:33,255 [f9c12371-c091-4b4a-8db2-6f0db97bbab3@group-0EC8D23D101B:LeaderElection45] INFO  impl.RoleInfo (RoleInfo.java:updateAndGet(143)) - f9c12371-c091-4b4a-8db2-6f0db97bbab3: start FollowerState
2019-09-25 05:31:33,255 [5c3318fc-c419-4298-b427-bf5a9ca27bf0@group-059250D1A272:LeaderElection44] INFO  impl.RoleInfo (RoleInfo.java:shutdownLeaderElection(134)) - 5c3318fc-c419-4298-b427-bf5a9ca27bf0: shutdown LeaderElection
2019-09-25 05:31:33,255 [a58d7528-614e-4c39-a3a3-38beaa9905aa@group-0EC8D23D101B:LeaderElection47] INFO  impl.RoleInfo (RoleInfo.java:updateAndGet(143)) - a58d7528-614e-4c39-a3a3-38beaa9905aa: start FollowerState
2019-09-25 05:31:33,258 [5c3318fc-c419-4298-b427-bf5a9ca27bf0@group-059250D1A272:LeaderElection44] INFO  impl.RoleInfo (RoleInfo.java:updateAndGet(143)) - 5c3318fc-c419-4298-b427-bf5a9ca27bf0: start FollowerState
2019-09-25 05:31:33,257 [ce8ac917-2646-4112-adf7-d577593fabcb@group-0EC8D23D101B:LeaderElection56] INFO  impl.RoleInfo (RoleInfo.java:updateAndGet(143)) - ce8ac917-2646-4112-adf7-d577593fabcb: start FollowerState
2019-09-25 05:31:33,257 [616f9f8f-9479-40f4-8c03-f125dcbf9c7f@group-60724A24602F:LeaderElection46] INFO  impl.RoleInfo (RoleInfo.java:updateAndGet(143)) - 616f9f8f-9479-40f4-8c03-f125dcbf9c7f: start FollowerState
2019-09-25 05:31:33,257 [ce8ac917-2646-4112-adf7-d577593fabcb@group-AEFF648B0F59:LeaderElection43] INFO  impl.RoleInfo (RoleInfo.java:updateAndGet(143)) - ce8ac917-2646-4112-adf7-d577593fabcb: start FollowerState
2019-09-25 05:31:33,257 [f9c12371-c091-4b4a-8db2-6f0db97bbab3@group-AEFF648B0F59:LeaderElection51] INFO  impl.RoleInfo (RoleInfo.java:shutdownLeaderElection(134)) - f9c12371-c091-4b4a-8db2-6f0db97bbab3: shutdown LeaderElection
2019-09-25 05:31:33,257 [e997a993-6131-47bf-96c8-764e04cb5c0e@group-60724A24602F:LeaderElection53] INFO  impl.RoleInfo (RoleInfo.java:updateAndGet(143)) - e997a993-6131-47bf-96c8-764e04cb5c0e: start FollowerState
2019-09-25 05:31:33,259 [f9c12371-c091-4b4a-8db2-6f0db97bbab3@group-AEFF648B0F59:LeaderElection51] INFO  impl.RoleInfo (RoleInfo.java:updateAndGet(143)) - f9c12371-c091-4b4a-8db2-6f0db97bbab3: start FollowerState
2019-09-25 05:31:34,261 [Thread-588] INFO  impl.FollowerState (FollowerState.java:run(106)) - 5c3318fc-c419-4298-b427-bf5a9ca27bf0:group-21C2C432FD88 changes to CANDIDATE, lastRpcTime:1007, electionTimeout:1005ms
2019-09-25 05:31:34,262 [Thread-588] INFO  impl.RoleInfo (RoleInfo.java:shutdownFollowerState(121)) - 5c3318fc-c419-4298-b427-bf5a9ca27bf0: shutdown FollowerState
2019-09-25 05:31:34,262 [Thread-588] INFO  impl.RaftServerImpl (RaftServerImpl.java:setRole(174)) - 5c3318fc-c419-4298-b427-bf5a9ca27bf0@group-21C2C432FD88: changes role from  FOLLOWER to CANDIDATE at term 5 for changeToCandidate
2019-09-25 05:31:34,262 [Thread-588] INFO  impl.RoleInfo (RoleInfo.java:updateAndGet(143)) - 5c3318fc-c419-4298-b427-bf5a9ca27bf0: start LeaderElection
2019-09-25 05:31:34,264 [Thread-590] INFO  impl.FollowerState (FollowerState.java:run(106)) - f9c12371-c091-4b4a-8db2-6f0db97bbab3:group-0EC8D23D101B changes to CANDIDATE, lastRpcTime:1008, electionTimeout:1006ms
2019-09-25 05:31:34,264 [Thread-590] INFO  impl.RoleInfo (RoleInfo.java:shutdownFollowerState(121)) - f9c12371-c091-4b4a-8db2-6f0db97bbab3: shutdown FollowerState
2019-09-25 05:31:34,264 [Thread-590] INFO  impl.RaftServerImpl (RaftServerImpl.java:setRole(174)) - f9c12371-c091-4b4a-8db2-6f0db97bbab3@group-0EC8D23D101B: changes role from  FOLLOWER to CANDIDATE at term 2 for changeToCandidate
2019-09-25 05:31:34,265 [Thread-590] INFO  impl.RoleInfo (RoleInfo.java:updateAndGet(143)) - f9c12371-c091-4b4a-8db2-6f0db97bbab3: start LeaderElection
2019-09-25 05:31:34,301 [Thread-589] INFO  impl.FollowerState (FollowerState.java:run(106)) - a58d7528-614e-4c39-a3a3-38beaa9905aa:group-0EC8D23D101B changes to CANDIDATE, lastRpcTime:1045, electionTimeout:1042ms
2019-09-25 05:31:34,301 [Thread-589] INFO  impl.RoleInfo (RoleInfo.java:shutdownFollowerState(121)) - a58d7528-614e-4c39-a3a3-38beaa9905aa: shutdown FollowerState
2019-09-25 05:31:34,301 [Thread-589] INFO  impl.RaftServerImpl (RaftServerImpl.java:setRole(174)) - a58d7528-614e-4c39-a3a3-38beaa9905aa@group-0EC8D23D101B: changes role from  FOLLOWER to CANDIDATE at term 2 for changeToCandidate
2019-09-25 05:31:34,301 [Thread-589] INFO  impl.RoleInfo (RoleInfo.java:updateAndGet(143)) - a58d7528-614e-4c39-a3a3-38beaa9905aa: start LeaderElection
2019-09-25 05:31:34,321 [Thread-593] INFO  impl.FollowerState (FollowerState.java:run(106)) - 616f9f8f-9479-40f4-8c03-f125dcbf9c7f:group-60724A24602F changes to CANDIDATE, lastRpcTime:1063, electionTimeout:1062ms
2019-09-25 05:31:34,321 [Thread-593] INFO  impl.RoleInfo (RoleInfo.java:shutdownFollowerState(121)) - 616f9f8f-9479-40f4-8c03-f125dcbf9c7f: shutdown FollowerState
2019-09-25 05:31:34,321 [Thread-593] INFO  impl.RaftServerImpl (RaftServerImpl.java:setRole(174)) - 616f9f8f-9479-40f4-8c03-f125dcbf9c7f@group-60724A24602F: changes role from  FOLLOWER to CANDIDATE at term 4 for changeToCandidate
2019-09-25 05:31:34,321 [Thread-593] INFO  impl.RoleInfo (RoleInfo.java:updateAndGet(143)) - 616f9f8f-9479-40f4-8c03-f125dcbf9c7f: start LeaderElection
2019-09-25 05:31:34,337 [Thread-594] INFO  impl.FollowerState (FollowerState.java:run(106)) - ce8ac917-2646-4112-adf7-d577593fabcb:group-0EC8D23D101B changes to CANDIDATE, lastRpcTime:1079, electionTimeout:1078ms
2019-09-25 05:31:34,337 [Thread-594] INFO  impl.RoleInfo (RoleInfo.java:shutdownFollowerState(121)) - ce8ac917-2646-4112-adf7-d577593fabcb: shutdown FollowerState
2019-09-25 05:31:34,337 [Thread-594] INFO  impl.RaftServerImpl (RaftServerImpl.java:setRole(174)) - ce8ac917-2646-4112-adf7-d577593fabcb@group-0EC8D23D101B: changes role from  FOLLOWER to CANDIDATE at term 2 for changeToCandidate
2019-09-25 05:31:34,337 [Thread-594] INFO  impl.RoleInfo (RoleInfo.java:updateAndGet(143)) - ce8ac917-2646-4112-adf7-d577593fabcb: start LeaderElection
2019-09-25 05:31:34,371 [Thread-595] INFO  impl.FollowerState (FollowerState.java:run(106)) - 5c3318fc-c419-4298-b427-bf5a9ca27bf0:group-059250D1A272 changes to CANDIDATE, lastRpcTime:1113, electionTimeout:1113ms
2019-09-25 05:31:34,372 [Thread-595] INFO  impl.RoleInfo (RoleInfo.java:shutdownFollowerState(121)) - 5c3318fc-c419-4298-b427-bf5a9ca27bf0: shutdown FollowerState
2019-09-25 05:31:34,372 [Thread-595] INFO  impl.RaftServerImpl (RaftServerImpl.java:setRole(174)) - 5c3318fc-c419-4298-b427-bf5a9ca27bf0@group-059250D1A272: changes role from  FOLLOWER to CANDIDATE at term 4 for changeToCandidate
2019-09-25 05:31:34,372 [Thread-595] INFO  impl.RoleInfo (RoleInfo.java:updateAndGet(143)) - 5c3318fc-c419-4298-b427-bf5a9ca27bf0: start LeaderElection
2019-09-25 05:31:34,384 [Thread-585] INFO  impl.FollowerState (FollowerState.java:run(106)) - 61946a22-29ed-4e77-8449-fae4cd9869e9:group-21C2C432FD88 changes to CANDIDATE, lastRpcTime:1132, electionTimeout:1131ms
2019-09-25 05:31:34,384 [Thread-585] INFO  impl.RoleInfo (RoleInfo.java:shutdownFollowerState(121)) - 61946a22-29ed-4e77-8449-fae4cd9869e9: shutdown FollowerState
2019-09-25 05:31:34,384 [Thread-585] INFO  impl.RaftServerImpl (RaftServerImpl.java:setRole(174)) - 61946a22-29ed-4e77-8449-fae4cd9869e9@group-21C2C432FD88: changes role from  FOLLOWER to CANDIDATE at term 5 for changeToCandidate
2019-09-25 05:31:34,385 [Thread-585] INFO  impl.RoleInfo (RoleInfo.java:updateAndGet(143)) - 61946a22-29ed-4e77-8449-fae4cd9869e9: start LeaderElection
2019-09-25 05:31:34,385 [Thread-583] INFO  impl.FollowerState (FollowerState.java:run(106)) - 61946a22-29ed-4e77-8449-fae4cd9869e9:group-059250D1A272 changes to CANDIDATE, lastRpcTime:1134, electionTimeout:1134ms
2019-09-25 05:31:34,385 [Thread-583] INFO  impl.RoleInfo (RoleInfo.java:shutdownFollowerState(121)) - 61946a22-29ed-4e77-8449-fae4cd9869e9: shutdown FollowerState
2019-09-25 05:31:34,385 [Thread-583] INFO  impl.RaftServerImpl (RaftServerImpl.java:setRole(174)) - 61946a22-29ed-4e77-8449-fae4cd9869e9@group-059250D1A272: changes role from  FOLLOWER to CANDIDATE at term 4 for changeToCandidate
2019-09-25 05:31:34,386 [Thread-583] INFO  impl.RoleInfo (RoleInfo.java:updateAndGet(143)) - 61946a22-29ed-4e77-8449-fae4cd9869e9: start LeaderElection
2019-09-25 05:31:34,400 [Thread-596] INFO  impl.FollowerState (FollowerState.java:run(106)) - f9c12371-c091-4b4a-8db2-6f0db97bbab3:group-AEFF648B0F59 changes to CANDIDATE, lastRpcTime:1141, electionTimeout:1141ms
2019-09-25 05:31:34,401 [Thread-596] INFO  impl.RoleInfo (RoleInfo.java:shutdownFollowerState(121)) - f9c12371-c091-4b4a-8db2-6f0db97bbab3: shutdown FollowerState
2019-09-25 05:31:34,401 [Thread-596] INFO  impl.RaftServerImpl (RaftServerImpl.java:setRole(174)) - f9c12371-c091-4b4a-8db2-6f0db97bbab3@group-AEFF648B0F59: changes role from  FOLLOWER to CANDIDATE at term 2 for changeToCandidate
2019-09-25 05:31:34,401 [Thread-596] INFO  impl.RoleInfo (RoleInfo.java:updateAndGet(143)) - f9c12371-c091-4b4a-8db2-6f0db97bbab3: start LeaderElection
2019-09-25 05:31:34,408 [Thread-587] INFO  impl.FollowerState (FollowerState.java:run(106)) - 0d4a37ed-4cec-423a-a360-e4a879eb6bc0:group-059250D1A272 changes to CANDIDATE, lastRpcTime:1154, electionTimeout:1152ms
2019-09-25 05:31:34,409 [Thread-587] INFO  impl.RoleInfo (RoleInfo.java:shutdownFollowerState(121)) - 0d4a37ed-4cec-423a-a360-e4a879eb6bc0: shutdown FollowerState
2019-09-25 05:31:34,409 [Thread-587] INFO  impl.RaftServerImpl (RaftServerImpl.java:setRole(174)) - 0d4a37ed-4cec-423a-a360-e4a879eb6bc0@group-059250D1A272: changes role from  FOLLOWER to CANDIDATE at term 4 for changeToCandidate
2019-09-25 05:31:34,409 [Thread-587] INFO  impl.RoleInfo (RoleInfo.java:updateAndGet(143)) - 0d4a37ed-4cec-423a-a360-e4a879eb6bc0: start LeaderElection
2019-09-25 05:31:34,425 [Thread-582] INFO  impl.FollowerState (FollowerState.java:run(106)) - fd2f3f79-5d7b-4d37-bb24-b15dfe7f18d7:group-60724A24602F changes to CANDIDATE, lastRpcTime:1180, electionTimeout:1180ms
2019-09-25 05:31:34,426 [Thread-582] INFO  impl.RoleInfo (RoleInfo.java:shutdownFollowerState(121)) - fd2f3f79-5d7b-4d37-bb24-b15dfe7f18d7: shutdown FollowerState
2019-09-25 05:31:34,426 [Thread-582] INFO  impl.RaftServerImpl (RaftServerImpl.java:setRole(174)) - fd2f3f79-5d7b-4d37-bb24-b15dfe7f18d7@group-60724A24602F: changes role from  FOLLOWER to CANDIDATE at term 4 for changeToCandidate
2019-09-25 05:31:34,426 [Thread-582] INFO  impl.RoleInfo (RoleInfo.java:updateAndGet(143)) - fd2f3f79-5d7b-4d37-bb24-b15dfe7f18d7: start LeaderElection
2019-09-25 05:31:34,430 [Thread-591] INFO  impl.FollowerState (FollowerState.java:run(106)) - e997a993-6131-47bf-96c8-764e04cb5c0e:group-60724A24602F changes to CANDIDATE, lastRpcTime:1173, electionTimeout:1171ms
2019-09-25 05:31:34,430 [Thread-591] INFO  impl.RoleInfo (RoleInfo.java:shutdownFollowerState(121)) - e997a993-6131-47bf-96c8-764e04cb5c0e: shutdown FollowerState
2019-09-25 05:31:34,430 [Thread-591] INFO  impl.RaftServerImpl (RaftServerImpl.java:setRole(174)) - e997a993-6131-47bf-96c8-764e04cb5c0e@group-60724A24602F: changes role from  FOLLOWER to CANDIDATE at term 4 for changeToCandidate
2019-09-25 05:31:34,431 [Thread-591] INFO  impl.RoleInfo (RoleInfo.java:updateAndGet(143)) - e997a993-6131-47bf-96c8-764e04cb5c0e: start LeaderElection
2019-09-25 05:31:34,431 [Thread-592] INFO  impl.FollowerState (FollowerState.java:run(106)) - ce8ac917-2646-4112-adf7-d577593fabcb:group-AEFF648B0F59 changes to CANDIDATE, lastRpcTime:1173, electionTimeout:1172ms
2019-09-25 05:31:34,431 [Thread-592] INFO  impl.RoleInfo (RoleInfo.java:shutdownFollowerState(121)) - ce8ac917-2646-4112-adf7-d577593fabcb: shutdown FollowerState
2019-09-25 05:31:34,431 [Thread-592] INFO  impl.RaftServerImpl (RaftServerImpl.java:setRole(174)) - ce8ac917-2646-4112-adf7-d577593fabcb@group-AEFF648B0F59: changes role from  FOLLOWER to CANDIDATE at term 2 for changeToCandidate
2019-09-25 05:31:34,432 [Thread-592] INFO  impl.RoleInfo (RoleInfo.java:updateAndGet(143)) - ce8ac917-2646-4112-adf7-d577593fabcb: start LeaderElection
2019-09-25 05:31:34,435 [Thread-584] INFO  impl.FollowerState (FollowerState.java:run(106)) - a58d7528-614e-4c39-a3a3-38beaa9905aa:group-AEFF648B0F59 changes to CANDIDATE, lastRpcTime:1183, electionTimeout:1183ms
2019-09-25 05:31:34,435 [Thread-584] INFO  impl.RoleInfo (RoleInfo.java:shutdownFollowerState(121)) - a58d7528-614e-4c39-a3a3-38beaa9905aa: shutdown FollowerState
2019-09-25 05:31:34,435 [Thread-584] INFO  impl.RaftServerImpl (RaftServerImpl.java:setRole(174)) - a58d7528-614e-4c39-a3a3-38beaa9905aa@group-AEFF648B0F59: changes role from  FOLLOWER to CANDIDATE at term 2 for changeToCandidate
2019-09-25 05:31:34,435 [Thread-584] INFO  impl.RoleInfo (RoleInfo.java:updateAndGet(143)) - a58d7528-614e-4c39-a3a3-38beaa9905aa: start LeaderElection
2019-09-25 05:31:34,451 [Thread-586] INFO  impl.FollowerState (FollowerState.java:run(106)) - 0d4a37ed-4cec-423a-a360-e4a879eb6bc0:group-21C2C432FD88 changes to CANDIDATE, lastRpcTime:1196, electionTimeout:1194ms
2019-09-25 05:31:34,451 [Thread-586] INFO  impl.RoleInfo (RoleInfo.java:shutdownFollowerState(121)) - 0d4a37ed-4cec-423a-a360-e4a879eb6bc0: shutdown FollowerState
2019-09-25 05:31:34,451 [Thread-586] INFO  impl.RaftServerImpl (RaftServerImpl.java:setRole(174)) - 0d4a37ed-4cec-423a-a360-e4a879eb6bc0@group-21C2C432FD88: changes role from  FOLLOWER to CANDIDATE at term 5 for changeToCandidate
2019-09-25 05:31:34,451 [Thread-586] INFO  impl.RoleInfo (RoleInfo.java:updateAndGet(143)) - 0d4a37ed-4cec-423a-a360-e4a879eb6bc0: start LeaderElection
2019-09-25 05:31:37,967 [main] WARN  io.KeyOutputStream (KeyOutputStream.java:handleException(274)) - Encountered exception java.io.IOException: Unexpected Storage Container Exception: java.util.concurrent.CompletionException: java.util.concurrent.CompletionException: org.apache.ratis.protocol.RaftRetryFailureException: Failed RaftClientRequest:client-BB57ABA6C459->5c3318fc-c419-4298-b427-bf5a9ca27bf0@group-059250D1A272, cid=22, seq=1*, RW, org.apache.hadoop.hdds.scm.XceiverClientRatis$$Lambda$540/1434651019@70224e13 for 10 attempts with RetryLimited(maxAttempts=10, sleepTime=1000ms) on the pipeline Pipeline[ Id: 6ac5cb28-6dfe-401f-8857-059250d1a272, Nodes: 61946a22-29ed-4e77-8449-fae4cd9869e9{ip: 192.168.36.126, host: pr-hdds-2174-pqx5g-486351168, networkLocation: /rack1, certSerialId: null}5c3318fc-c419-4298-b427-bf5a9ca27bf0{ip: 192.168.36.126, host: pr-hdds-2174-pqx5g-486351168, networkLocation: /rack1, certSerialId: null}0d4a37ed-4cec-423a-a360-e4a879eb6bc0{ip: 192.168.36.126, host: pr-hdds-2174-pqx5g-486351168, networkLocation: /rack1, certSerialId: null}, Type:RATIS, Factor:THREE, State:OPEN]. The last committed block length is 0, uncommitted data length is 1048576 retry count 0
2019-09-25 05:31:38,029 [grpc-default-executor-1] INFO  impl.RaftServerProxy (RaftServerProxy.java:addNew(89)) - f9c12371-c091-4b4a-8db2-6f0db97bbab3: addNew group-43825EC81F5D:[a58d7528-614e-4c39-a3a3-38beaa9905aa:192.168.36.126:37942, f9c12371-c091-4b4a-8db2-6f0db97bbab3:192.168.36.126:46560, ce8ac917-2646-4112-adf7-d577593fabcb:192.168.36.126:37960] returns group-43825EC81F5D:java.util.concurrent.CompletableFuture@52cf5051[Not completed]
2019-09-25 05:31:38,029 [grpc-default-executor-0] INFO  impl.RaftServerProxy (RaftServerProxy.java:addNew(89)) - a58d7528-614e-4c39-a3a3-38beaa9905aa: addNew group-43825EC81F5D:[a58d7528-614e-4c39-a3a3-38beaa9905aa:192.168.36.126:37942, f9c12371-c091-4b4a-8db2-6f0db97bbab3:192.168.36.126:46560, ce8ac917-2646-4112-adf7-d577593fabcb:192.168.36.126:37960] returns group-43825EC81F5D:java.util.concurrent.CompletableFuture@7cb8671c[Not completed]
2019-09-25 05:31:38,029 [grpc-default-executor-2] INFO  impl.RaftServerProxy (RaftServerProxy.java:addNew(89)) - ce8ac917-2646-4112-adf7-d577593fabcb: addNew group-43825EC81F5D:[a58d7528-614e-4c39-a3a3-38beaa9905aa:192.168.36.126:37942, f9c12371-c091-4b4a-8db2-6f0db97bbab3:192.168.36.126:46560, ce8ac917-2646-4112-adf7-d577593fabcb:192.168.36.126:37960] returns group-43825EC81F5D:java.util.concurrent.CompletableFuture@6f956db0[Not completed]
2019-09-25 05:31:38,032 [pool-27-thread-1] INFO  impl.RaftServerImpl (RaftServerImpl.java:<init>(95)) - f9c12371-c091-4b4a-8db2-6f0db97bbab3: new RaftServerImpl for group-43825EC81F5D:[a58d7528-614e-4c39-a3a3-38beaa9905aa:192.168.36.126:37942, f9c12371-c091-4b4a-8db2-6f0db97bbab3:192.168.36.126:46560, ce8ac917-2646-4112-adf7-d577593fabcb:192.168.36.126:37960] with ContainerStateMachine:uninitialized
2019-09-25 05:31:38,032 [pool-27-thread-1] INFO  server.RaftServerConfigKeys (ConfUtils.java:logGet(43)) - raft.server.rpc.timeout.min = 1s (custom)
2019-09-25 05:31:38,032 [pool-27-thread-1] INFO  server.RaftServerConfigKeys (ConfUtils.java:logGet(43)) - raft.server.rpc.timeout.max = 1200ms (custom)
2019-09-25 05:31:38,032 [pool-27-thread-1] INFO  server.RaftServerConfigKeys (ConfUtils.java:logGet(43)) - raft.server.rpcslowness.timeout = 120s (custom)
2019-09-25 05:31:38,032 [pool-27-thread-1] INFO  server.RaftServerConfigKeys (ConfUtils.java:logGet(43)) - raft.server.sleep.deviation.threshold = 300 (default)
2019-09-25 05:31:38,032 [pool-27-thread-1] INFO  server.RaftServerConfigKeys (ConfUtils.java:logGet(43)) - raft.server.log.appender.install.snapshot.enabled = false (custom)
2019-09-25 05:31:38,032 [pool-87-thread-1] INFO  impl.RaftServerImpl (RaftServerImpl.java:<init>(95)) - ce8ac917-2646-4112-adf7-d577593fabcb: new RaftServerImpl for group-43825EC81F5D:[a58d7528-614e-4c39-a3a3-38beaa9905aa:192.168.36.126:37942, f9c12371-c091-4b4a-8db2-6f0db97bbab3:192.168.36.126:46560, ce8ac917-2646-4112-adf7-d577593fabcb:192.168.36.126:37960] with ContainerStateMachine:uninitialized
2019-09-25 05:31:38,032 [pool-27-thread-1] INFO  impl.RaftServerImpl (ServerState.java:<init>(103)) - f9c12371-c091-4b4a-8db2-6f0db97bbab3@group-43825EC81F5D: ConfigurationManager, init=-1: [a58d7528-614e-4c39-a3a3-38beaa9905aa:192.168.36.126:37942, f9c12371-c091-4b4a-8db2-6f0db97bbab3:192.168.36.126:46560, ce8ac917-2646-4112-adf7-d577593fabcb:192.168.36.126:37960], old=null, confs=<EMPTY_MAP>
2019-09-25 05:31:38,032 [pool-87-thread-1] INFO  server.RaftServerConfigKeys (ConfUtils.java:logGet(43)) - raft.server.rpc.timeout.min = 1s (custom)
2019-09-25 05:31:38,033 [pool-27-thread-1] INFO  server.RaftServerConfigKeys (ConfUtils.java:logGet(43)) - raft.server.storage.dir = [/workdir/hadoop-ozone/integration-test/target/test-dir/MiniOzoneClusterImpl-cea1adf1-e11b-40bf-86cb-fb3b2d854ef9/datanode-0/data/ratis] (custom)
2019-09-25 05:31:38,033 [pool-87-thread-1] INFO  server.RaftServerConfigKeys (ConfUtils.java:logGet(43)) - raft.server.rpc.timeout.max = 1200ms (custom)
2019-09-25 05:31:38,033 [pool-87-thread-1] INFO  server.RaftServerConfigKeys (ConfUtils.java:logGet(43)) - raft.server.rpcslowness.timeout = 120s (custom)
2019-09-25 05:31:38,033 [pool-27-thread-1] INFO  storage.RaftStorageDirectory (RaftStorageDirectory.java:analyzeStorage(246)) - The storage directory /workdir/hadoop-ozone/integration-test/target/test-dir/MiniOzoneClusterImpl-cea1adf1-e11b-40bf-86cb-fb3b2d854ef9/datanode-0/data/ratis/cbb96aa8-2399-4d05-b930-43825ec81f5d does not exist. Creating ...
2019-09-25 05:31:38,033 [pool-87-thread-1] INFO  server.RaftServerConfigKeys (ConfUtils.java:logGet(43)) - raft.server.sleep.deviation.threshold = 300 (default)
2019-09-25 05:31:38,033 [pool-87-thread-1] INFO  server.RaftServerConfigKeys (ConfUtils.java:logGet(43)) - raft.server.log.appender.install.snapshot.enabled = false (custom)
2019-09-25 05:31:38,033 [pool-117-thread-1] INFO  impl.RaftServerImpl (RaftServerImpl.java:<init>(95)) - a58d7528-614e-4c39-a3a3-38beaa9905aa: new RaftServerImpl for group-43825EC81F5D:[a58d7528-614e-4c39-a3a3-38beaa9905aa:192.168.36.126:37942, f9c12371-c091-4b4a-8db2-6f0db97bbab3:192.168.36.126:46560, ce8ac917-2646-4112-adf7-d577593fabcb:192.168.36.126:37960] with ContainerStateMachine:uninitialized
2019-09-25 05:31:38,033 [pool-87-thread-1] INFO  impl.RaftServerImpl (ServerState.java:<init>(103)) - ce8ac917-2646-4112-adf7-d577593fabcb@group-43825EC81F5D: ConfigurationManager, init=-1: [a58d7528-614e-4c39-a3a3-38beaa9905aa:192.168.36.126:37942, f9c12371-c091-4b4a-8db2-6f0db97bbab3:192.168.36.126:46560, ce8ac917-2646-4112-adf7-d577593fabcb:192.168.36.126:37960], old=null, confs=<EMPTY_MAP>
2019-09-25 05:31:38,033 [pool-117-thread-1] INFO  server.RaftServerConfigKeys (ConfUtils.java:logGet(43)) - raft.server.rpc.timeout.min = 1s (custom)
2019-09-25 05:31:38,034 [pool-87-thread-1] INFO  server.RaftServerConfigKeys (ConfUtils.java:logGet(43)) - raft.server.storage.dir = [/workdir/hadoop-ozone/integration-test/target/test-dir/MiniOzoneClusterImpl-cea1adf1-e11b-40bf-86cb-fb3b2d854ef9/datanode-6/data/ratis] (custom)
2019-09-25 05:31:38,034 [pool-117-thread-1] INFO  server.RaftServerConfigKeys (ConfUtils.java:logGet(43)) - raft.server.rpc.timeout.max = 1200ms (custom)
2019-09-25 05:31:38,034 [pool-117-thread-1] INFO  server.RaftServerConfigKeys (ConfUtils.java:logGet(43)) - raft.server.rpcslowness.timeout = 120s (custom)
2019-09-25 05:31:38,034 [pool-87-thread-1] INFO  storage.RaftStorageDirectory (RaftStorageDirectory.java:analyzeStorage(246)) - The storage directory /workdir/hadoop-ozone/integration-test/target/test-dir/MiniOzoneClusterImpl-cea1adf1-e11b-40bf-86cb-fb3b2d854ef9/datanode-6/data/ratis/cbb96aa8-2399-4d05-b930-43825ec81f5d does not exist. Creating ...
2019-09-25 05:31:38,034 [pool-117-thread-1] INFO  server.RaftServerConfigKeys (ConfUtils.java:logGet(43)) - raft.server.sleep.deviation.threshold = 300 (default)
2019-09-25 05:31:38,034 [pool-117-thread-1] INFO  server.RaftServerConfigKeys (ConfUtils.java:logGet(43)) - raft.server.log.appender.install.snapshot.enabled = false (custom)
2019-09-25 05:31:38,034 [pool-117-thread-1] INFO  impl.RaftServerImpl (ServerState.java:<init>(103)) - a58d7528-614e-4c39-a3a3-38beaa9905aa@group-43825EC81F5D: ConfigurationManager, init=-1: [a58d7528-614e-4c39-a3a3-38beaa9905aa:192.168.36.126:37942, f9c12371-c091-4b4a-8db2-6f0db97bbab3:192.168.36.126:46560, ce8ac917-2646-4112-adf7-d577593fabcb:192.168.36.126:37960], old=null, confs=<EMPTY_MAP>
2019-09-25 05:31:38,035 [pool-117-thread-1] INFO  server.RaftServerConfigKeys (ConfUtils.java:logGet(43)) - raft.server.storage.dir = [/workdir/hadoop-ozone/integration-test/target/test-dir/MiniOzoneClusterImpl-cea1adf1-e11b-40bf-86cb-fb3b2d854ef9/datanode-9/data/ratis] (custom)
2019-09-25 05:31:38,035 [pool-117-thread-1] INFO  storage.RaftStorageDirectory (RaftStorageDirectory.java:analyzeStorage(246)) - The storage directory /workdir/hadoop-ozone/integration-test/target/test-dir/MiniOzoneClusterImpl-cea1adf1-e11b-40bf-86cb-fb3b2d854ef9/datanode-9/data/ratis/cbb96aa8-2399-4d05-b930-43825ec81f5d does not exist. Creating ...
2019-09-25 05:31:38,249 [f9c12371-c091-4b4a-8db2-6f0db97bbab3@group-0EC8D23D101B:LeaderElection58] INFO  impl.LeaderElection (LeaderElection.java:askForVotes(182)) - f9c12371-c091-4b4a-8db2-6f0db97bbab3@group-0EC8D23D101B:LeaderElection58: begin an election at term 3 for -1: [a58d7528-614e-4c39-a3a3-38beaa9905aa:192.168.36.126:37942, f9c12371-c091-4b4a-8db2-6f0db97bbab3:192.168.36.126:46560, ce8ac917-2646-4112-adf7-d577593fabcb:192.168.36.126:37960], old=null
2019-09-25 05:31:38,249 [ce8ac917-2646-4112-adf7-d577593fabcb@group-0EC8D23D101B:LeaderElection61] INFO  impl.LeaderElection (LeaderElection.java:askForVotes(182)) - ce8ac917-2646-4112-adf7-d577593fabcb@group-0EC8D23D101B:LeaderElection61: begin an election at term 3 for -1: [a58d7528-614e-4c39-a3a3-38beaa9905aa:192.168.36.126:37942, f9c12371-c091-4b4a-8db2-6f0db97bbab3:192.168.36.126:46560, ce8ac917-2646-4112-adf7-d577593fabcb:192.168.36.126:37960], old=null
2019-09-25 05:31:38,249 [a58d7528-614e-4c39-a3a3-38beaa9905aa@group-0EC8D23D101B:LeaderElection59] INFO  impl.LeaderElection (LeaderElection.java:askForVotes(182)) - a58d7528-614e-4c39-a3a3-38beaa9905aa@group-0EC8D23D101B:LeaderElection59: begin an election at term 3 for -1: [a58d7528-614e-4c39-a3a3-38beaa9905aa:192.168.36.126:37942, f9c12371-c091-4b4a-8db2-6f0db97bbab3:192.168.36.126:46560, ce8ac917-2646-4112-adf7-d577593fabcb:192.168.36.126:37960], old=null
2019-09-25 05:31:38,249 [616f9f8f-9479-40f4-8c03-f125dcbf9c7f@group-60724A24602F:LeaderElection60] INFO  impl.LeaderElection (LeaderElection.java:askForVotes(182)) - 616f9f8f-9479-40f4-8c03-f125dcbf9c7f@group-60724A24602F:LeaderElection60: begin an election at term 5 for -1: [616f9f8f-9479-40f4-8c03-f125dcbf9c7f:192.168.36.126:39694, e997a993-6131-47bf-96c8-764e04cb5c0e:192.168.36.126:37678, fd2f3f79-5d7b-4d37-bb24-b15dfe7f18d7:192.168.36.126:42280], old=null
2019-09-25 05:31:38,249 [pool-87-thread-1] INFO  storage.RaftStorageDirectory (RaftStorageDirectory.java:tryLock(328)) - Lock on /workdir/hadoop-ozone/integration-test/target/test-dir/MiniOzoneClusterImpl-cea1adf1-e11b-40bf-86cb-fb3b2d854ef9/datanode-6/data/ratis/cbb96aa8-2399-4d05-b930-43825ec81f5d/in_use.lock acquired by nodename 16102@pr-hdds-2174-pqx5g-486351168
2019-09-25 05:31:38,250 [61946a22-29ed-4e77-8449-fae4cd9869e9@group-059250D1A272:LeaderElection64] INFO  impl.LeaderElection (LeaderElection.java:askForVotes(182)) - 61946a22-29ed-4e77-8449-fae4cd9869e9@group-059250D1A272:LeaderElection64: begin an election at term 5 for -1: [5c3318fc-c419-4298-b427-bf5a9ca27bf0:192.168.36.126:46795, 61946a22-29ed-4e77-8449-fae4cd9869e9:192.168.36.126:36814, 0d4a37ed-4cec-423a-a360-e4a879eb6bc0:192.168.36.126:37817], old=null
2019-09-25 05:31:38,249 [5c3318fc-c419-4298-b427-bf5a9ca27bf0@group-21C2C432FD88:LeaderElection57] INFO  impl.LeaderElection (LeaderElection.java:askForVotes(182)) - 5c3318fc-c419-4298-b427-bf5a9ca27bf0@group-21C2C432FD88:LeaderElection57: begin an election at term 6 for -1: [5c3318fc-c419-4298-b427-bf5a9ca27bf0:192.168.36.126:46795, 61946a22-29ed-4e77-8449-fae4cd9869e9:192.168.36.126:36814, 0d4a37ed-4cec-423a-a360-e4a879eb6bc0:192.168.36.126:37817], old=null
2019-09-25 05:31:38,250 [ce8ac917-2646-4112-adf7-d577593fabcb@group-AEFF648B0F59:LeaderElection69] INFO  impl.LeaderElection (LeaderElection.java:askForVotes(182)) - ce8ac917-2646-4112-adf7-d577593fabcb@group-AEFF648B0F59:LeaderElection69: begin an election at term 3 for -1: [a58d7528-614e-4c39-a3a3-38beaa9905aa:192.168.36.126:37942, f9c12371-c091-4b4a-8db2-6f0db97bbab3:192.168.36.126:46560, ce8ac917-2646-4112-adf7-d577593fabcb:192.168.36.126:37960], old=null
2019-09-25 05:31:38,250 [61946a22-29ed-4e77-8449-fae4cd9869e9@group-21C2C432FD88:LeaderElection63] INFO  impl.LeaderElection (LeaderElection.java:askForVotes(182)) - 61946a22-29ed-4e77-8449-fae4cd9869e9@group-21C2C432FD88:LeaderElection63: begin an election at term 6 for -1: [5c3318fc-c419-4298-b427-bf5a9ca27bf0:192.168.36.126:46795, 61946a22-29ed-4e77-8449-fae4cd9869e9:192.168.36.126:36814, 0d4a37ed-4cec-423a-a360-e4a879eb6bc0:192.168.36.126:37817], old=null
2019-09-25 05:31:38,250 [f9c12371-c091-4b4a-8db2-6f0db97bbab3@group-AEFF648B0F59:LeaderElection65] INFO  impl.LeaderElection (LeaderElection.java:askForVotes(182)) - f9c12371-c091-4b4a-8db2-6f0db97bbab3@group-AEFF648B0F59:LeaderElection65: begin an election at term 3 for -1: [a58d7528-614e-4c39-a3a3-38beaa9905aa:192.168.36.126:37942, f9c12371-c091-4b4a-8db2-6f0db97bbab3:192.168.36.126:46560, ce8ac917-2646-4112-adf7-d577593fabcb:192.168.36.126:37960], old=null
2019-09-25 05:31:38,250 [5c3318fc-c419-4298-b427-bf5a9ca27bf0@group-059250D1A272:LeaderElection62] INFO  impl.LeaderElection (LeaderElection.java:askForVotes(182)) - 5c3318fc-c419-4298-b427-bf5a9ca27bf0@group-059250D1A272:LeaderElection62: begin an election at term 5 for -1: [5c3318fc-c419-4298-b427-bf5a9ca27bf0:192.168.36.126:46795, 61946a22-29ed-4e77-8449-fae4cd9869e9:192.168.36.126:36814, 0d4a37ed-4cec-423a-a360-e4a879eb6bc0:192.168.36.126:37817], old=null
2019-09-25 05:31:38,250 [0d4a37ed-4cec-423a-a360-e4a879eb6bc0@group-21C2C432FD88:LeaderElection71] INFO  impl.LeaderElection (LeaderElection.java:askForVotes(182)) - 0d4a37ed-4cec-423a-a360-e4a879eb6bc0@group-21C2C432FD88:LeaderElection71: begin an election at term 6 for -1: [5c3318fc-c419-4298-b427-bf5a9ca27bf0:192.168.36.126:46795, 61946a22-29ed-4e77-8449-fae4cd9869e9:192.168.36.126:36814, 0d4a37ed-4cec-423a-a360-e4a879eb6bc0:192.168.36.126:37817], old=null
2019-09-25 05:31:38,250 [e997a993-6131-47bf-96c8-764e04cb5c0e@group-60724A24602F:LeaderElection68] INFO  impl.LeaderElection (LeaderElection.java:askForVotes(182)) - e997a993-6131-47bf-96c8-764e04cb5c0e@group-60724A24602F:LeaderElection68: begin an election at term 5 for -1: [616f9f8f-9479-40f4-8c03-f125dcbf9c7f:192.168.36.126:39694, e997a993-6131-47bf-96c8-764e04cb5c0e:192.168.36.126:37678, fd2f3f79-5d7b-4d37-bb24-b15dfe7f18d7:192.168.36.126:42280], old=null
2019-09-25 05:31:38,250 [a58d7528-614e-4c39-a3a3-38beaa9905aa@group-AEFF648B0F59:LeaderElection70] INFO  impl.LeaderElection (LeaderElection.java:askForVotes(182)) - a58d7528-614e-4c39-a3a3-38beaa9905aa@group-AEFF648B0F59:LeaderElection70: begin an election at term 3 for -1: [a58d7528-614e-4c39-a3a3-38beaa9905aa:192.168.36.126:37942, f9c12371-c091-4b4a-8db2-6f0db97bbab3:192.168.36.126:46560, ce8ac917-2646-4112-adf7-d577593fabcb:192.168.36.126:37960], old=null
2019-09-25 05:31:38,249 [pool-27-thread-1] INFO  storage.RaftStorageDirectory (RaftStorageDirectory.java:tryLock(328)) - Lock on /workdir/hadoop-ozone/integration-test/target/test-dir/MiniOzoneClusterImpl-cea1adf1-e11b-40bf-86cb-fb3b2d854ef9/datanode-0/data/ratis/cbb96aa8-2399-4d05-b930-43825ec81f5d/in_use.lock acquired by nodename 16102@pr-hdds-2174-pqx5g-486351168
2019-09-25 05:31:38,249 [pool-117-thread-1] INFO  storage.RaftStorageDirectory (RaftStorageDirectory.java:tryLock(328)) - Lock on /workdir/hadoop-ozone/integration-test/target/test-dir/MiniOzoneClusterImpl-cea1adf1-e11b-40bf-86cb-fb3b2d854ef9/datanode-9/data/ratis/cbb96aa8-2399-4d05-b930-43825ec81f5d/in_use.lock acquired by nodename 16102@pr-hdds-2174-pqx5g-486351168
2019-09-25 05:31:38,250 [fd2f3f79-5d7b-4d37-bb24-b15dfe7f18d7@group-60724A24602F:LeaderElection67] INFO  impl.LeaderElection (LeaderElection.java:askForVotes(182)) - fd2f3f79-5d7b-4d37-bb24-b15dfe7f18d7@group-60724A24602F:LeaderElection67: begin an election at term 5 for -1: [616f9f8f-9479-40f4-8c03-f125dcbf9c7f:192.168.36.126:39694, e997a993-6131-47bf-96c8-764e04cb5c0e:192.168.36.126:37678, fd2f3f79-5d7b-4d37-bb24-b15dfe7f18d7:192.168.36.126:42280], old=null
2019-09-25 05:31:38,250 [0d4a37ed-4cec-423a-a360-e4a879eb6bc0@group-059250D1A272:LeaderElection66] INFO  impl.LeaderElection (LeaderElection.java:askForVotes(182)) - 0d4a37ed-4cec-423a-a360-e4a879eb6bc0@group-059250D1A272:LeaderElection66: begin an election at term 5 for -1: [5c3318fc-c419-4298-b427-bf5a9ca27bf0:192.168.36.126:46795, 61946a22-29ed-4e77-8449-fae4cd9869e9:192.168.36.126:36814, 0d4a37ed-4cec-423a-a360-e4a879eb6bc0:192.168.36.126:37817], old=null
2019-09-25 05:31:38,259 [f9c12371-c091-4b4a-8db2-6f0db97bbab3@group-0EC8D23D101B:LeaderElection58] INFO  impl.LeaderElection (LeaderElection.java:logAndReturn(56)) - f9c12371-c091-4b4a-8db2-6f0db97bbab3@group-0EC8D23D101B:LeaderElection58: Election REJECTED; received 2 response(s) [f9c12371-c091-4b4a-8db2-6f0db97bbab3<-a58d7528-614e-4c39-a3a3-38beaa9905aa#0:FAIL-t3, f9c12371-c091-4b4a-8db2-6f0db97bbab3<-ce8ac917-2646-4112-adf7-d577593fabcb#0:FAIL-t3] and 0 exception(s); f9c12371-c091-4b4a-8db2-6f0db97bbab3@group-0EC8D23D101B:t3, leader=null, voted=f9c12371-c091-4b4a-8db2-6f0db97bbab3, raftlog=f9c12371-c091-4b4a-8db2-6f0db97bbab3@group-0EC8D23D101B-SegmentedRaftLog:OPENED:c-1,f-1,i0, conf=-1: [a58d7528-614e-4c39-a3a3-38beaa9905aa:192.168.36.126:37942, f9c12371-c091-4b4a-8db2-6f0db97bbab3:192.168.36.126:46560, ce8ac917-2646-4112-adf7-d577593fabcb:192.168.36.126:37960], old=null
2019-09-25 05:31:38,259 [f9c12371-c091-4b4a-8db2-6f0db97bbab3@group-0EC8D23D101B:LeaderElection58] INFO  impl.RaftServerImpl (RaftServerImpl.java:setRole(174)) - f9c12371-c091-4b4a-8db2-6f0db97bbab3@group-0EC8D23D101B: changes role from CANDIDATE to FOLLOWER at term 3 for DISCOVERED_A_NEW_TERM
2019-09-25 05:31:38,260 [f9c12371-c091-4b4a-8db2-6f0db97bbab3@group-0EC8D23D101B:LeaderElection58] INFO  impl.RoleInfo (RoleInfo.java:shutdownLeaderElection(134)) - f9c12371-c091-4b4a-8db2-6f0db97bbab3: shutdown LeaderElection
2019-09-25 05:31:38,263 [f9c12371-c091-4b4a-8db2-6f0db97bbab3@group-0EC8D23D101B:LeaderElection58] INFO  impl.RoleInfo (RoleInfo.java:updateAndGet(143)) - f9c12371-c091-4b4a-8db2-6f0db97bbab3: start FollowerState
2019-09-25 05:31:38,264 [61946a22-29ed-4e77-8449-fae4cd9869e9@group-059250D1A272:LeaderElection64] INFO  impl.LeaderElection (LeaderElection.java:logAndReturn(56)) - 61946a22-29ed-4e77-8449-fae4cd9869e9@group-059250D1A272:LeaderElection64: Election REJECTED; received 2 response(s) [61946a22-29ed-4e77-8449-fae4cd9869e9<-5c3318fc-c419-4298-b427-bf5a9ca27bf0#0:FAIL-t5, 61946a22-29ed-4e77-8449-fae4cd9869e9<-0d4a37ed-4cec-423a-a360-e4a879eb6bc0#0:FAIL-t5] and 0 exception(s); 61946a22-29ed-4e77-8449-fae4cd9869e9@group-059250D1A272:t5, leader=null, voted=61946a22-29ed-4e77-8449-fae4cd9869e9, raftlog=61946a22-29ed-4e77-8449-fae4cd9869e9@group-059250D1A272-SegmentedRaftLog:OPENED:c-1,f-1,i0, conf=-1: [5c3318fc-c419-4298-b427-bf5a9ca27bf0:192.168.36.126:46795, 61946a22-29ed-4e77-8449-fae4cd9869e9:192.168.36.126:36814, 0d4a37ed-4cec-423a-a360-e4a879eb6bc0:192.168.36.126:37817], old=null
2019-09-25 05:31:38,264 [61946a22-29ed-4e77-8449-fae4cd9869e9@group-21C2C432FD88:LeaderElection63] INFO  impl.LeaderElection (LeaderElection.java:logAndReturn(56)) - 61946a22-29ed-4e77-8449-fae4cd9869e9@group-21C2C432FD88:LeaderElection63: Election REJECTED; received 2 response(s) [61946a22-29ed-4e77-8449-fae4cd9869e9<-5c3318fc-c419-4298-b427-bf5a9ca27bf0#0:FAIL-t6, 61946a22-29ed-4e77-8449-fae4cd9869e9<-0d4a37ed-4cec-423a-a360-e4a879eb6bc0#0:FAIL-t6] and 0 exception(s); 61946a22-29ed-4e77-8449-fae4cd9869e9@group-21C2C432FD88:t6, leader=null, voted=61946a22-29ed-4e77-8449-fae4cd9869e9, raftlog=61946a22-29ed-4e77-8449-fae4cd9869e9@group-21C2C432FD88-SegmentedRaftLog:OPENED:c-1,f-1,i0, conf=-1: [5c3318fc-c419-4298-b427-bf5a9ca27bf0:192.168.36.126:46795, 61946a22-29ed-4e77-8449-fae4cd9869e9:192.168.36.126:36814, 0d4a37ed-4cec-423a-a360-e4a879eb6bc0:192.168.36.126:37817], old=null
2019-09-25 05:31:38,264 [61946a22-29ed-4e77-8449-fae4cd9869e9@group-059250D1A272:LeaderElection64] INFO  impl.RaftServerImpl (RaftServerImpl.java:setRole(174)) - 61946a22-29ed-4e77-8449-fae4cd9869e9@group-059250D1A272: changes role from CANDIDATE to FOLLOWER at term 5 for DISCOVERED_A_NEW_TERM
2019-09-25 05:31:38,265 [61946a22-29ed-4e77-8449-fae4cd9869e9@group-21C2C432FD88:LeaderElection63] INFO  impl.RaftServerImpl (RaftServerImpl.java:setRole(174)) - 61946a22-29ed-4e77-8449-fae4cd9869e9@group-21C2C432FD88: changes role from CANDIDATE to FOLLOWER at term 6 for DISCOVERED_A_NEW_TERM
2019-09-25 05:31:38,265 [61946a22-29ed-4e77-8449-fae4cd9869e9@group-059250D1A272:LeaderElection64] INFO  impl.RoleInfo (RoleInfo.java:shutdownLeaderElection(134)) - 61946a22-29ed-4e77-8449-fae4cd9869e9: shutdown LeaderElection
2019-09-25 05:31:38,265 [61946a22-29ed-4e77-8449-fae4cd9869e9@group-21C2C432FD88:LeaderElection63] INFO  impl.RoleInfo (RoleInfo.java:shutdownLeaderElection(134)) - 61946a22-29ed-4e77-8449-fae4cd9869e9: shutdown LeaderElection
2019-09-25 05:31:38,265 [61946a22-29ed-4e77-8449-fae4cd9869e9@group-059250D1A272:LeaderElection64] INFO  impl.RoleInfo (RoleInfo.java:updateAndGet(143)) - 61946a22-29ed-4e77-8449-fae4cd9869e9: start FollowerState
2019-09-25 05:31:38,265 [61946a22-29ed-4e77-8449-fae4cd9869e9@group-21C2C432FD88:LeaderElection63] INFO  impl.RoleInfo (RoleInfo.java:updateAndGet(143)) - 61946a22-29ed-4e77-8449-fae4cd9869e9: start FollowerState
2019-09-25 05:31:38,265 [a58d7528-614e-4c39-a3a3-38beaa9905aa@group-0EC8D23D101B:LeaderElection59] INFO  impl.LeaderElection (LeaderElection.java:logAndReturn(56)) - a58d7528-614e-4c39-a3a3-38beaa9905aa@group-0EC8D23D101B:LeaderElection59: Election REJECTED; received 2 response(s) [a58d7528-614e-4c39-a3a3-38beaa9905aa<-f9c12371-c091-4b4a-8db2-6f0db97bbab3#0:FAIL-t3, a58d7528-614e-4c39-a3a3-38beaa9905aa<-ce8ac917-2646-4112-adf7-d577593fabcb#0:FAIL-t3] and 0 exception(s); a58d7528-614e-4c39-a3a3-38beaa9905aa@group-0EC8D23D101B:t3, leader=null, voted=a58d7528-614e-4c39-a3a3-38beaa9905aa, raftlog=a58d7528-614e-4c39-a3a3-38beaa9905aa@group-0EC8D23D101B-SegmentedRaftLog:OPENED:c-1,f-1,i0, conf=-1: [a58d7528-614e-4c39-a3a3-38beaa9905aa:192.168.36.126:37942, f9c12371-c091-4b4a-8db2-6f0db97bbab3:192.168.36.126:46560, ce8ac917-2646-4112-adf7-d577593fabcb:192.168.36.126:37960], old=null
2019-09-25 05:31:38,266 [a58d7528-614e-4c39-a3a3-38beaa9905aa@group-0EC8D23D101B:LeaderElection59] INFO  impl.RaftServerImpl (RaftServerImpl.java:setRole(174)) - a58d7528-614e-4c39-a3a3-38beaa9905aa@group-0EC8D23D101B: changes role from CANDIDATE to FOLLOWER at term 3 for DISCOVERED_A_NEW_TERM
2019-09-25 05:31:38,266 [a58d7528-614e-4c39-a3a3-38beaa9905aa@group-0EC8D23D101B:LeaderElection59] INFO  impl.RoleInfo (RoleInfo.java:shutdownLeaderElection(134)) - a58d7528-614e-4c39-a3a3-38beaa9905aa: shutdown LeaderElection
2019-09-25 05:31:38,266 [a58d7528-614e-4c39-a3a3-38beaa9905aa@group-0EC8D23D101B:LeaderElection59] INFO  impl.RoleInfo (RoleInfo.java:updateAndGet(143)) - a58d7528-614e-4c39-a3a3-38beaa9905aa: start FollowerState
2019-09-25 05:31:38,268 [5c3318fc-c419-4298-b427-bf5a9ca27bf0@group-21C2C432FD88:LeaderElection57] INFO  impl.LeaderElection (LeaderElection.java:logAndReturn(56)) - 5c3318fc-c419-4298-b427-bf5a9ca27bf0@group-21C2C432FD88:LeaderElection57: Election REJECTED; received 2 response(s) [5c3318fc-c419-4298-b427-bf5a9ca27bf0<-61946a22-29ed-4e77-8449-fae4cd9869e9#0:FAIL-t6, 5c3318fc-c419-4298-b427-bf5a9ca27bf0<-0d4a37ed-4cec-423a-a360-e4a879eb6bc0#0:FAIL-t6] and 0 exception(s); 5c3318fc-c419-4298-b427-bf5a9ca27bf0@group-21C2C432FD88:t6, leader=null, voted=5c3318fc-c419-4298-b427-bf5a9ca27bf0, raftlog=5c3318fc-c419-4298-b427-bf5a9ca27bf0@group-21C2C432FD88-SegmentedRaftLog:OPENED:c-1,f-1,i0, conf=-1: [5c3318fc-c419-4298-b427-bf5a9ca27bf0:192.168.36.126:46795, 61946a22-29ed-4e77-8449-fae4cd9869e9:192.168.36.126:36814, 0d4a37ed-4cec-423a-a360-e4a879eb6bc0:192.168.36.126:37817], old=null
2019-09-25 05:31:38,268 [5c3318fc-c419-4298-b427-bf5a9ca27bf0@group-21C2C432FD88:LeaderElection57] INFO  impl.RaftServerImpl (RaftServerImpl.java:setRole(174)) - 5c3318fc-c419-4298-b427-bf5a9ca27bf0@group-21C2C432FD88: changes role from CANDIDATE to FOLLOWER at term 6 for DISCOVERED_A_NEW_TERM
2019-09-25 05:31:38,268 [5c3318fc-c419-4298-b427-bf5a9ca27bf0@group-21C2C432FD88:LeaderElection57] INFO  impl.RoleInfo (RoleInfo.java:shutdownLeaderElection(134)) - 5c3318fc-c419-4298-b427-bf5a9ca27bf0: shutdown LeaderElection
2019-09-25 05:31:38,268 [5c3318fc-c419-4298-b427-bf5a9ca27bf0@group-21C2C432FD88:LeaderElection57] INFO  impl.RoleInfo (RoleInfo.java:updateAndGet(143)) - 5c3318fc-c419-4298-b427-bf5a9ca27bf0: start FollowerState
2019-09-25 05:31:38,268 [ce8ac917-2646-4112-adf7-d577593fabcb@group-0EC8D23D101B:LeaderElection61] INFO  impl.LeaderElection (LeaderElection.java:logAndReturn(56)) - ce8ac917-2646-4112-adf7-d577593fabcb@group-0EC8D23D101B:LeaderElection61: Election REJECTED; received 2 response(s) [ce8ac917-2646-4112-adf7-d577593fabcb<-a58d7528-614e-4c39-a3a3-38beaa9905aa#0:FAIL-t3, ce8ac917-2646-4112-adf7-d577593fabcb<-f9c12371-c091-4b4a-8db2-6f0db97bbab3#0:FAIL-t3] and 0 exception(s); ce8ac917-2646-4112-adf7-d577593fabcb@group-0EC8D23D101B:t3, leader=null, voted=ce8ac917-2646-4112-adf7-d577593fabcb, raftlog=ce8ac917-2646-4112-adf7-d577593fabcb@group-0EC8D23D101B-SegmentedRaftLog:OPENED:c-1,f-1,i0, conf=-1: [a58d7528-614e-4c39-a3a3-38beaa9905aa:192.168.36.126:37942, f9c12371-c091-4b4a-8db2-6f0db97bbab3:192.168.36.126:46560, ce8ac917-2646-4112-adf7-d577593fabcb:192.168.36.126:37960], old=null
2019-09-25 05:31:38,269 [ce8ac917-2646-4112-adf7-d577593fabcb@group-0EC8D23D101B:LeaderElection61] INFO  impl.RaftServerImpl (RaftServerImpl.java:setRole(174)) - ce8ac917-2646-4112-adf7-d577593fabcb@group-0EC8D23D101B: changes role from CANDIDATE to FOLLOWER at term 3 for DISCOVERED_A_NEW_TERM
2019-09-25 05:31:38,269 [ce8ac917-2646-4112-adf7-d577593fabcb@group-0EC8D23D101B:LeaderElection61] INFO  impl.RoleInfo (RoleInfo.java:shutdownLeaderElection(134)) - ce8ac917-2646-4112-adf7-d577593fabcb: shutdown LeaderElection
2019-09-25 05:31:38,269 [ce8ac917-2646-4112-adf7-d577593fabcb@group-0EC8D23D101B:LeaderElection61] INFO  impl.RoleInfo (RoleInfo.java:updateAndGet(143)) - ce8ac917-2646-4112-adf7-d577593fabcb: start FollowerState
2019-09-25 05:31:38,269 [0d4a37ed-4cec-423a-a360-e4a879eb6bc0@group-059250D1A272:LeaderElection66] INFO  impl.LeaderElection (LeaderElection.java:logAndReturn(56)) - 0d4a37ed-4cec-423a-a360-e4a879eb6bc0@group-059250D1A272:LeaderElection66: Election REJECTED; received 2 response(s) [0d4a37ed-4cec-423a-a360-e4a879eb6bc0<-5c3318fc-c419-4298-b427-bf5a9ca27bf0#0:FAIL-t5, 0d4a37ed-4cec-423a-a360-e4a879eb6bc0<-61946a22-29ed-4e77-8449-fae4cd9869e9#0:FAIL-t5] and 0 exception(s); 0d4a37ed-4cec-423a-a360-e4a879eb6bc0@group-059250D1A272:t5, leader=null, voted=0d4a37ed-4cec-423a-a360-e4a879eb6bc0, raftlog=0d4a37ed-4cec-423a-a360-e4a879eb6bc0@group-059250D1A272-SegmentedRaftLog:OPENED:c-1,f-1,i0, conf=-1: [5c3318fc-c419-4298-b427-bf5a9ca27bf0:192.168.36.126:46795, 61946a22-29ed-4e77-8449-fae4cd9869e9:192.168.36.126:36814, 0d4a37ed-4cec-423a-a360-e4a879eb6bc0:192.168.36.126:37817], old=null
2019-09-25 05:31:38,270 [0d4a37ed-4cec-423a-a360-e4a879eb6bc0@group-059250D1A272:LeaderElection66] INFO  impl.RaftServerImpl (RaftServerImpl.java:setRole(174)) - 0d4a37ed-4cec-423a-a360-e4a879eb6bc0@group-059250D1A272: changes role from CANDIDATE to FOLLOWER at term 5 for DISCOVERED_A_NEW_TERM
2019-09-25 05:31:38,270 [fd2f3f79-5d7b-4d37-bb24-b15dfe7f18d7@group-60724A24602F:LeaderElection67] INFO  impl.LeaderElection (LeaderElection.java:logAndReturn(56)) - fd2f3f79-5d7b-4d37-bb24-b15dfe7f18d7@group-60724A24602F:LeaderElection67: Election REJECTED; received 2 response(s) [fd2f3f79-5d7b-4d37-bb24-b15dfe7f18d7<-616f9f8f-9479-40f4-8c03-f125dcbf9c7f#0:FAIL-t5, fd2f3f79-5d7b-4d37-bb24-b15dfe7f18d7<-e997a993-6131-47bf-96c8-764e04cb5c0e#0:FAIL-t5] and 0 exception(s); fd2f3f79-5d7b-4d37-bb24-b15dfe7f18d7@group-60724A24602F:t5, leader=null, voted=fd2f3f79-5d7b-4d37-bb24-b15dfe7f18d7, raftlog=fd2f3f79-5d7b-4d37-bb24-b15dfe7f18d7@group-60724A24602F-SegmentedRaftLog:OPENED:c-1,f-1,i0, conf=-1: [616f9f8f-9479-40f4-8c03-f125dcbf9c7f:192.168.36.126:39694, e997a993-6131-47bf-96c8-764e04cb5c0e:192.168.36.126:37678, fd2f3f79-5d7b-4d37-bb24-b15dfe7f18d7:192.168.36.126:42280], old=null
2019-09-25 05:31:38,270 [0d4a37ed-4cec-423a-a360-e4a879eb6bc0@group-059250D1A272:LeaderElection66] INFO  impl.RoleInfo (RoleInfo.java:shutdownLeaderElection(134)) - 0d4a37ed-4cec-423a-a360-e4a879eb6bc0: shutdown LeaderElection
2019-09-25 05:31:38,270 [e997a993-6131-47bf-96c8-764e04cb5c0e@group-60724A24602F:LeaderElection68] INFO  impl.LeaderElection (LeaderElection.java:logAndReturn(56)) - e997a993-6131-47bf-96c8-764e04cb5c0e@group-60724A24602F:LeaderElection68: Election REJECTED; received 2 response(s) [e997a993-6131-47bf-96c8-764e04cb5c0e<-616f9f8f-9479-40f4-8c03-f125dcbf9c7f#0:FAIL-t5, e997a993-6131-47bf-96c8-764e04cb5c0e<-fd2f3f79-5d7b-4d37-bb24-b15dfe7f18d7#0:FAIL-t5] and 0 exception(s); e997a993-6131-47bf-96c8-764e04cb5c0e@group-60724A24602F:t5, leader=null, voted=e997a993-6131-47bf-96c8-764e04cb5c0e, raftlog=e997a993-6131-47bf-96c8-764e04cb5c0e@group-60724A24602F-SegmentedRaftLog:OPENED:c-1,f-1,i0, conf=-1: [616f9f8f-9479-40f4-8c03-f125dcbf9c7f:192.168.36.126:39694, e997a993-6131-47bf-96c8-764e04cb5c0e:192.168.36.126:37678, fd2f3f79-5d7b-4d37-bb24-b15dfe7f18d7:192.168.36.126:42280], old=null
2019-09-25 05:31:38,270 [fd2f3f79-5d7b-4d37-bb24-b15dfe7f18d7@group-60724A24602F:LeaderElection67] INFO  impl.RaftServerImpl (RaftServerImpl.java:setRole(174)) - fd2f3f79-5d7b-4d37-bb24-b15dfe7f18d7@group-60724A24602F: changes role from CANDIDATE to FOLLOWER at term 5 for DISCOVERED_A_NEW_TERM
2019-09-25 05:31:38,271 [e997a993-6131-47bf-96c8-764e04cb5c0e@group-60724A24602F:LeaderElection68] INFO  impl.RaftServerImpl (RaftServerImpl.java:setRole(174)) - e997a993-6131-47bf-96c8-764e04cb5c0e@group-60724A24602F: changes role from CANDIDATE to FOLLOWER at term 5 for DISCOVERED_A_NEW_TERM
2019-09-25 05:31:38,271 [0d4a37ed-4cec-423a-a360-e4a879eb6bc0@group-21C2C432FD88:LeaderElection71] INFO  impl.LeaderElection (LeaderElection.java:logAndReturn(56)) - 0d4a37ed-4cec-423a-a360-e4a879eb6bc0@group-21C2C432FD88:LeaderElection71: Election REJECTED; received 2 response(s) [0d4a37ed-4cec-423a-a360-e4a879eb6bc0<-5c3318fc-c419-4298-b427-bf5a9ca27bf0#0:FAIL-t6, 0d4a37ed-4cec-423a-a360-e4a879eb6bc0<-61946a22-29ed-4e77-8449-fae4cd9869e9#0:FAIL-t6] and 0 exception(s); 0d4a37ed-4cec-423a-a360-e4a879eb6bc0@group-21C2C432FD88:t6, leader=null, voted=0d4a37ed-4cec-423a-a360-e4a879eb6bc0, raftlog=0d4a37ed-4cec-423a-a360-e4a879eb6bc0@group-21C2C432FD88-SegmentedRaftLog:OPENED:c-1,f-1,i0, conf=-1: [5c3318fc-c419-4298-b427-bf5a9ca27bf0:192.168.36.126:46795, 61946a22-29ed-4e77-8449-fae4cd9869e9:192.168.36.126:36814, 0d4a37ed-4cec-423a-a360-e4a879eb6bc0:192.168.36.126:37817], old=null
2019-09-25 05:31:38,270 [5c3318fc-c419-4298-b427-bf5a9ca27bf0@group-059250D1A272:LeaderElection62] INFO  impl.LeaderElection (LeaderElection.java:logAndReturn(56)) - 5c3318fc-c419-4298-b427-bf5a9ca27bf0@group-059250D1A272:LeaderElection62: Election REJECTED; received 2 response(s) [5c3318fc-c419-4298-b427-bf5a9ca27bf0<-61946a22-29ed-4e77-8449-fae4cd9869e9#0:FAIL-t5, 5c3318fc-c419-4298-b427-bf5a9ca27bf0<-0d4a37ed-4cec-423a-a360-e4a879eb6bc0#0:FAIL-t5] and 0 exception(s); 5c3318fc-c419-4298-b427-bf5a9ca27bf0@group-059250D1A272:t5, leader=null, voted=5c3318fc-c419-4298-b427-bf5a9ca27bf0, raftlog=5c3318fc-c419-4298-b427-bf5a9ca27bf0@group-059250D1A272-SegmentedRaftLog:OPENED:c-1,f-1,i0, conf=-1: [5c3318fc-c419-4298-b427-bf5a9ca27bf0:192.168.36.126:46795, 61946a22-29ed-4e77-8449-fae4cd9869e9:192.168.36.126:36814, 0d4a37ed-4cec-423a-a360-e4a879eb6bc0:192.168.36.126:37817], old=null
2019-09-25 05:31:38,270 [0d4a37ed-4cec-423a-a360-e4a879eb6bc0@group-059250D1A272:LeaderElection66] INFO  impl.RoleInfo (RoleInfo.java:updateAndGet(143)) - 0d4a37ed-4cec-423a-a360-e4a879eb6bc0: start FollowerState
2019-09-25 05:31:38,271 [5c3318fc-c419-4298-b427-bf5a9ca27bf0@group-059250D1A272:LeaderElection62] INFO  impl.RaftServerImpl (RaftServerImpl.java:setRole(174)) - 5c3318fc-c419-4298-b427-bf5a9ca27bf0@group-059250D1A272: changes role from CANDIDATE to FOLLOWER at term 5 for DISCOVERED_A_NEW_TERM
2019-09-25 05:31:38,271 [0d4a37ed-4cec-423a-a360-e4a879eb6bc0@group-21C2C432FD88:LeaderElection71] INFO  impl.RaftServerImpl (RaftServerImpl.java:setRole(174)) - 0d4a37ed-4cec-423a-a360-e4a879eb6bc0@group-21C2C432FD88: changes role from CANDIDATE to FOLLOWER at term 6 for DISCOVERED_A_NEW_TERM
2019-09-25 05:31:38,271 [a58d7528-614e-4c39-a3a3-38beaa9905aa@group-AEFF648B0F59:LeaderElection70] INFO  impl.LeaderElection (LeaderElection.java:logAndReturn(56)) - a58d7528-614e-4c39-a3a3-38beaa9905aa@group-AEFF648B0F59:LeaderElection70: Election REJECTED; received 2 response(s) [a58d7528-614e-4c39-a3a3-38beaa9905aa<-ce8ac917-2646-4112-adf7-d577593fabcb#0:FAIL-t3, a58d7528-614e-4c39-a3a3-38beaa9905aa<-f9c12371-c091-4b4a-8db2-6f0db97bbab3#0:FAIL-t3] and 0 exception(s); a58d7528-614e-4c39-a3a3-38beaa9905aa@group-AEFF648B0F59:t3, leader=null, voted=a58d7528-614e-4c39-a3a3-38beaa9905aa, raftlog=a58d7528-614e-4c39-a3a3-38beaa9905aa@group-AEFF648B0F59-SegmentedRaftLog:OPENED:c-1,f-1,i0, conf=-1: [a58d7528-614e-4c39-a3a3-38beaa9905aa:192.168.36.126:37942, f9c12371-c091-4b4a-8db2-6f0db97bbab3:192.168.36.126:46560, ce8ac917-2646-4112-adf7-d577593fabcb:192.168.36.126:37960], old=null
2019-09-25 05:31:38,271 [e997a993-6131-47bf-96c8-764e04cb5c0e@group-60724A24602F:LeaderElection68] INFO  impl.RoleInfo (RoleInfo.java:shutdownLeaderElection(134)) - e997a993-6131-47bf-96c8-764e04cb5c0e: shutdown LeaderElection
2019-09-25 05:31:38,271 [ce8ac917-2646-4112-adf7-d577593fabcb@group-AEFF648B0F59:LeaderElection69] INFO  impl.LeaderElection (LeaderElection.java:logAndReturn(56)) - ce8ac917-2646-4112-adf7-d577593fabcb@group-AEFF648B0F59:LeaderElection69: Election REJECTED; received 2 response(s) [ce8ac917-2646-4112-adf7-d577593fabcb<-a58d7528-614e-4c39-a3a3-38beaa9905aa#0:FAIL-t3, ce8ac917-2646-4112-adf7-d577593fabcb<-f9c12371-c091-4b4a-8db2-6f0db97bbab3#0:FAIL-t3] and 0 exception(s); ce8ac917-2646-4112-adf7-d577593fabcb@group-AEFF648B0F59:t3, leader=null, voted=ce8ac917-2646-4112-adf7-d577593fabcb, raftlog=ce8ac917-2646-4112-adf7-d577593fabcb@group-AEFF648B0F59-SegmentedRaftLog:OPENED:c-1,f-1,i0, conf=-1: [a58d7528-614e-4c39-a3a3-38beaa9905aa:192.168.36.126:37942, f9c12371-c091-4b4a-8db2-6f0db97bbab3:192.168.36.126:46560, ce8ac917-2646-4112-adf7-d577593fabcb:192.168.36.126:37960], old=null
2019-09-25 05:31:38,271 [f9c12371-c091-4b4a-8db2-6f0db97bbab3@group-AEFF648B0F59:LeaderElection65] INFO  impl.LeaderElection (LeaderElection.java:logAndReturn(56)) - f9c12371-c091-4b4a-8db2-6f0db97bbab3@group-AEFF648B0F59:LeaderElection65: Election REJECTED; received 2 response(s) [f9c12371-c091-4b4a-8db2-6f0db97bbab3<-a58d7528-614e-4c39-a3a3-38beaa9905aa#0:FAIL-t3, f9c12371-c091-4b4a-8db2-6f0db97bbab3<-ce8ac917-2646-4112-adf7-d577593fabcb#0:FAIL-t3] and 0 exception(s); f9c12371-c091-4b4a-8db2-6f0db97bbab3@group-AEFF648B0F59:t3, leader=null, voted=f9c12371-c091-4b4a-8db2-6f0db97bbab3, raftlog=f9c12371-c091-4b4a-8db2-6f0db97bbab3@group-AEFF648B0F59-SegmentedRaftLog:OPENED:c-1,f-1,i0, conf=-1: [a58d7528-614e-4c39-a3a3-38beaa9905aa:192.168.36.126:37942, f9c12371-c091-4b4a-8db2-6f0db97bbab3:192.168.36.126:46560, ce8ac917-2646-4112-adf7-d577593fabcb:192.168.36.126:37960], old=null
2019-09-25 05:31:38,271 [fd2f3f79-5d7b-4d37-bb24-b15dfe7f18d7@group-60724A24602F:LeaderElection67] INFO  impl.RoleInfo (RoleInfo.java:shutdownLeaderElection(134)) - fd2f3f79-5d7b-4d37-bb24-b15dfe7f18d7: shutdown LeaderElection
2019-09-25 05:31:38,273 [f9c12371-c091-4b4a-8db2-6f0db97bbab3@group-AEFF648B0F59:LeaderElection65] INFO  impl.RaftServerImpl (RaftServerImpl.java:setRole(174)) - f9c12371-c091-4b4a-8db2-6f0db97bbab3@group-AEFF648B0F59: changes role from CANDIDATE to FOLLOWER at term 3 for DISCOVERED_A_NEW_TERM
2019-09-25 05:31:38,272 [ce8ac917-2646-4112-adf7-d577593fabcb@group-AEFF648B0F59:LeaderElection69] INFO  impl.RaftServerImpl (RaftServerImpl.java:setRole(174)) - ce8ac917-2646-4112-adf7-d577593fabcb@group-AEFF648B0F59: changes role from CANDIDATE to FOLLOWER at term 3 for DISCOVERED_A_NEW_TERM
2019-09-25 05:31:38,272 [e997a993-6131-47bf-96c8-764e04cb5c0e@group-60724A24602F:LeaderElection68] INFO  impl.RoleInfo (RoleInfo.java:updateAndGet(143)) - e997a993-6131-47bf-96c8-764e04cb5c0e: start FollowerState
2019-09-25 05:31:38,272 [a58d7528-614e-4c39-a3a3-38beaa9905aa@group-AEFF648B0F59:LeaderElection70] INFO  impl.RaftServerImpl (RaftServerImpl.java:setRole(174)) - a58d7528-614e-4c39-a3a3-38beaa9905aa@group-AEFF648B0F59: changes role from CANDIDATE to FOLLOWER at term 3 for DISCOVERED_A_NEW_TERM
2019-09-25 05:31:38,272 [0d4a37ed-4cec-423a-a360-e4a879eb6bc0@group-21C2C432FD88:LeaderElection71] INFO  impl.RoleInfo (RoleInfo.java:shutdownLeaderElection(134)) - 0d4a37ed-4cec-423a-a360-e4a879eb6bc0: shutdown LeaderElection
2019-09-25 05:31:38,272 [5c3318fc-c419-4298-b427-bf5a9ca27bf0@group-059250D1A272:LeaderElection62] INFO  impl.RoleInfo (RoleInfo.java:shutdownLeaderElection(134)) - 5c3318fc-c419-4298-b427-bf5a9ca27bf0: shutdown LeaderElection
2019-09-25 05:31:38,273 [0d4a37ed-4cec-423a-a360-e4a879eb6bc0@group-21C2C432FD88:LeaderElection71] INFO  impl.RoleInfo (RoleInfo.java:updateAndGet(143)) - 0d4a37ed-4cec-423a-a360-e4a879eb6bc0: start FollowerState
2019-09-25 05:31:38,273 [a58d7528-614e-4c39-a3a3-38beaa9905aa@group-AEFF648B0F59:LeaderElection70] INFO  impl.RoleInfo (RoleInfo.java:shutdownLeaderElection(134)) - a58d7528-614e-4c39-a3a3-38beaa9905aa: shutdown LeaderElection
2019-09-25 05:31:38,273 [ce8ac917-2646-4112-adf7-d577593fabcb@group-AEFF648B0F59:LeaderElection69] INFO  impl.RoleInfo (RoleInfo.java:shutdownLeaderElection(134)) - ce8ac917-2646-4112-adf7-d577593fabcb: shutdown LeaderElection
2019-09-25 05:31:38,273 [f9c12371-c091-4b4a-8db2-6f0db97bbab3@group-AEFF648B0F59:LeaderElection65] INFO  impl.RoleInfo (RoleInfo.java:shutdownLeaderElection(134)) - f9c12371-c091-4b4a-8db2-6f0db97bbab3: shutdown LeaderElection
2019-09-25 05:31:38,273 [fd2f3f79-5d7b-4d37-bb24-b15dfe7f18d7@group-60724A24602F:LeaderElection67] INFO  impl.RoleInfo (RoleInfo.java:updateAndGet(143)) - fd2f3f79-5d7b-4d37-bb24-b15dfe7f18d7: start FollowerState
2019-09-25 05:31:38,274 [f9c12371-c091-4b4a-8db2-6f0db97bbab3@group-AEFF648B0F59:LeaderElection65] INFO  impl.RoleInfo (RoleInfo.java:updateAndGet(143)) - f9c12371-c091-4b4a-8db2-6f0db97bbab3: start FollowerState
2019-09-25 05:31:38,274 [ce8ac917-2646-4112-adf7-d577593fabcb@group-AEFF648B0F59:LeaderElection69] INFO  impl.RoleInfo (RoleInfo.java:updateAndGet(143)) - ce8ac917-2646-4112-adf7-d577593fabcb: start FollowerState
2019-09-25 05:31:38,274 [a58d7528-614e-4c39-a3a3-38beaa9905aa@group-AEFF648B0F59:LeaderElection70] INFO  impl.RoleInfo (RoleInfo.java:updateAndGet(143)) - a58d7528-614e-4c39-a3a3-38beaa9905aa: start FollowerState
2019-09-25 05:31:38,274 [5c3318fc-c419-4298-b427-bf5a9ca27bf0@group-059250D1A272:LeaderElection62] INFO  impl.RoleInfo (RoleInfo.java:updateAndGet(143)) - 5c3318fc-c419-4298-b427-bf5a9ca27bf0: start FollowerState
2019-09-25 05:31:38,275 [616f9f8f-9479-40f4-8c03-f125dcbf9c7f@group-60724A24602F:LeaderElection60] INFO  impl.LeaderElection (LeaderElection.java:logAndReturn(56)) - 616f9f8f-9479-40f4-8c03-f125dcbf9c7f@group-60724A24602F:LeaderElection60: Election REJECTED; received 2 response(s) [616f9f8f-9479-40f4-8c03-f125dcbf9c7f<-e997a993-6131-47bf-96c8-764e04cb5c0e#0:FAIL-t5, 616f9f8f-9479-40f4-8c03-f125dcbf9c7f<-fd2f3f79-5d7b-4d37-bb24-b15dfe7f18d7#0:FAIL-t5] and 0 exception(s); 616f9f8f-9479-40f4-8c03-f125dcbf9c7f@group-60724A24602F:t5, leader=null, voted=616f9f8f-9479-40f4-8c03-f125dcbf9c7f, raftlog=616f9f8f-9479-40f4-8c03-f125dcbf9c7f@group-60724A24602F-SegmentedRaftLog:OPENED:c-1,f-1,i0, conf=-1: [616f9f8f-9479-40f4-8c03-f125dcbf9c7f:192.168.36.126:39694, e997a993-6131-47bf-96c8-764e04cb5c0e:192.168.36.126:37678, fd2f3f79-5d7b-4d37-bb24-b15dfe7f18d7:192.168.36.126:42280], old=null
2019-09-25 05:31:38,276 [616f9f8f-9479-40f4-8c03-f125dcbf9c7f@group-60724A24602F:LeaderElection60] INFO  impl.RaftServerImpl (RaftServerImpl.java:setRole(174)) - 616f9f8f-9479-40f4-8c03-f125dcbf9c7f@group-60724A24602F: changes role from CANDIDATE to FOLLOWER at term 5 for DISCOVERED_A_NEW_TERM
2019-09-25 05:31:38,276 [616f9f8f-9479-40f4-8c03-f125dcbf9c7f@group-60724A24602F:LeaderElection60] INFO  impl.RoleInfo (RoleInfo.java:shutdownLeaderElection(134)) - 616f9f8f-9479-40f4-8c03-f125dcbf9c7f: shutdown LeaderElection
2019-09-25 05:31:38,276 [616f9f8f-9479-40f4-8c03-f125dcbf9c7f@group-60724A24602F:LeaderElection60] INFO  impl.RoleInfo (RoleInfo.java:updateAndGet(143)) - 616f9f8f-9479-40f4-8c03-f125dcbf9c7f: start FollowerState
2019-09-25 05:31:39,308 [Thread-655] INFO  impl.FollowerState (FollowerState.java:run(106)) - a58d7528-614e-4c39-a3a3-38beaa9905aa:group-0EC8D23D101B changes to CANDIDATE, lastRpcTime:1041, electionTimeout:1041ms
2019-09-25 05:31:39,308 [Thread-655] INFO  impl.RoleInfo (RoleInfo.java:shutdownFollowerState(121)) - a58d7528-614e-4c39-a3a3-38beaa9905aa: shutdown FollowerState
2019-09-25 05:31:39,308 [Thread-655] INFO  impl.RaftServerImpl (RaftServerImpl.java:setRole(174)) - a58d7528-614e-4c39-a3a3-38beaa9905aa@group-0EC8D23D101B: changes role from  FOLLOWER to CANDIDATE at term 3 for changeToCandidate
2019-09-25 05:31:39,309 [Thread-655] INFO  impl.RoleInfo (RoleInfo.java:updateAndGet(143)) - a58d7528-614e-4c39-a3a3-38beaa9905aa: start LeaderElection
2019-09-25 05:31:39,309 [Thread-662] INFO  impl.FollowerState (FollowerState.java:run(106)) - 5c3318fc-c419-4298-b427-bf5a9ca27bf0:group-059250D1A272 changes to CANDIDATE, lastRpcTime:1035, electionTimeout:1034ms
2019-09-25 05:31:39,309 [Thread-662] INFO  impl.RoleInfo (RoleInfo.java:shutdownFollowerState(121)) - 5c3318fc-c419-4298-b427-bf5a9ca27bf0: shutdown FollowerState
2019-09-25 05:31:39,309 [Thread-662] INFO  impl.RaftServerImpl (RaftServerImpl.java:setRole(174)) - 5c3318fc-c419-4298-b427-bf5a9ca27bf0@group-059250D1A272: changes role from  FOLLOWER to CANDIDATE at term 5 for changeToCandidate
2019-09-25 05:31:39,310 [Thread-662] INFO  impl.RoleInfo (RoleInfo.java:updateAndGet(143)) - 5c3318fc-c419-4298-b427-bf5a9ca27bf0: start LeaderElection
2019-09-25 05:31:39,349 [Thread-654] INFO  impl.FollowerState (FollowerState.java:run(106)) - 61946a22-29ed-4e77-8449-fae4cd9869e9:group-21C2C432FD88 changes to CANDIDATE, lastRpcTime:1084, electionTimeout:1083ms
2019-09-25 05:31:39,350 [Thread-654] INFO  impl.RoleInfo (RoleInfo.java:shutdownFollowerState(121)) - 61946a22-29ed-4e77-8449-fae4cd9869e9: shutdown FollowerState
2019-09-25 05:31:39,350 [Thread-654] INFO  impl.RaftServerImpl (RaftServerImpl.java:setRole(174)) - 61946a22-29ed-4e77-8449-fae4cd9869e9@group-21C2C432FD88: changes role from  FOLLOWER to CANDIDATE at term 6 for changeToCandidate
2019-09-25 05:31:39,350 [Thread-654] INFO  impl.RoleInfo (RoleInfo.java:updateAndGet(143)) - 61946a22-29ed-4e77-8449-fae4cd9869e9: start LeaderElection
2019-09-25 05:31:39,350 [Thread-656] INFO  impl.FollowerState (FollowerState.java:run(106)) - 5c3318fc-c419-4298-b427-bf5a9ca27bf0:group-21C2C432FD88 changes to CANDIDATE, lastRpcTime:1081, electionTimeout:1081ms
2019-09-25 05:31:39,351 [Thread-656] INFO  impl.RoleInfo (RoleInfo.java:shutdownFollowerState(121)) - 5c3318fc-c419-4298-b427-bf5a9ca27bf0: shutdown FollowerState
2019-09-25 05:31:39,351 [Thread-656] INFO  impl.RaftServerImpl (RaftServerImpl.java:setRole(174)) - 5c3318fc-c419-4298-b427-bf5a9ca27bf0@group-21C2C432FD88: changes role from  FOLLOWER to CANDIDATE at term 6 for changeToCandidate
2019-09-25 05:31:39,351 [Thread-656] INFO  impl.RoleInfo (RoleInfo.java:updateAndGet(143)) - 5c3318fc-c419-4298-b427-bf5a9ca27bf0: start LeaderElection
2019-09-25 05:31:39,357 [Thread-665] INFO  impl.FollowerState (FollowerState.java:run(106)) - f9c12371-c091-4b4a-8db2-6f0db97bbab3:group-AEFF648B0F59 changes to CANDIDATE, lastRpcTime:1082, electionTimeout:1082ms
2019-09-25 05:31:39,357 [Thread-665] INFO  impl.RoleInfo (RoleInfo.java:shutdownFollowerState(121)) - f9c12371-c091-4b4a-8db2-6f0db97bbab3: shutdown FollowerState
2019-09-25 05:31:39,357 [Thread-665] INFO  impl.RaftServerImpl (RaftServerImpl.java:setRole(174)) - f9c12371-c091-4b4a-8db2-6f0db97bbab3@group-AEFF648B0F59: changes role from  FOLLOWER to CANDIDATE at term 3 for changeToCandidate
2019-09-25 05:31:39,357 [Thread-665] INFO  impl.RoleInfo (RoleInfo.java:updateAndGet(143)) - f9c12371-c091-4b4a-8db2-6f0db97bbab3: start LeaderElection
2019-09-25 05:31:39,370 [Thread-664] INFO  impl.FollowerState (FollowerState.java:run(106)) - ce8ac917-2646-4112-adf7-d577593fabcb:group-AEFF648B0F59 changes to CANDIDATE, lastRpcTime:1096, electionTimeout:1095ms
2019-09-25 05:31:39,370 [Thread-664] INFO  impl.RoleInfo (RoleInfo.java:shutdownFollowerState(121)) - ce8ac917-2646-4112-adf7-d577593fabcb: shutdown FollowerState
2019-09-25 05:31:39,370 [Thread-664] INFO  impl.RaftServerImpl (RaftServerImpl.java:setRole(174)) - ce8ac917-2646-4112-adf7-d577593fabcb@group-AEFF648B0F59: changes role from  FOLLOWER to CANDIDATE at term 3 for changeToCandidate
2019-09-25 05:31:39,370 [Thread-664] INFO  impl.RoleInfo (RoleInfo.java:updateAndGet(143)) - ce8ac917-2646-4112-adf7-d577593fabcb: start LeaderElection
2019-09-25 05:31:39,381 [Thread-652] INFO  impl.FollowerState (FollowerState.java:run(106)) - f9c12371-c091-4b4a-8db2-6f0db97bbab3:group-0EC8D23D101B changes to CANDIDATE, lastRpcTime:1117, electionTimeout:1117ms
2019-09-25 05:31:39,381 [Thread-652] INFO  impl.RoleInfo (RoleInfo.java:shutdownFollowerState(121)) - f9c12371-c091-4b4a-8db2-6f0db97bbab3: shutdown FollowerState
2019-09-25 05:31:39,381 [Thread-652] INFO  impl.RaftServerImpl (RaftServerImpl.java:setRole(174)) - f9c12371-c091-4b4a-8db2-6f0db97bbab3@group-0EC8D23D101B: changes role from  FOLLOWER to CANDIDATE at term 3 for changeToCandidate
2019-09-25 05:31:39,381 [Thread-652] INFO  impl.RoleInfo (RoleInfo.java:updateAndGet(143)) - f9c12371-c091-4b4a-8db2-6f0db97bbab3: start LeaderElection
2019-09-25 05:31:39,393 [Thread-659] INFO  impl.FollowerState (FollowerState.java:run(106)) - e997a993-6131-47bf-96c8-764e04cb5c0e:group-60724A24602F changes to CANDIDATE, lastRpcTime:1121, electionTimeout:1120ms
2019-09-25 05:31:39,394 [Thread-659] INFO  impl.RoleInfo (RoleInfo.java:shutdownFollowerState(121)) - e997a993-6131-47bf-96c8-764e04cb5c0e: shutdown FollowerState
2019-09-25 05:31:39,394 [Thread-659] INFO  impl.RaftServerImpl (RaftServerImpl.java:setRole(174)) - e997a993-6131-47bf-96c8-764e04cb5c0e@group-60724A24602F: changes role from  FOLLOWER to CANDIDATE at term 5 for changeToCandidate
2019-09-25 05:31:39,394 [Thread-659] INFO  impl.RoleInfo (RoleInfo.java:updateAndGet(143)) - e997a993-6131-47bf-96c8-764e04cb5c0e: start LeaderElection
2019-09-25 05:31:39,409 [Thread-663] INFO  impl.FollowerState (FollowerState.java:run(106)) - a58d7528-614e-4c39-a3a3-38beaa9905aa:group-AEFF648B0F59 changes to CANDIDATE, lastRpcTime:1135, electionTimeout:1134ms
2019-09-25 05:31:39,409 [Thread-663] INFO  impl.RoleInfo (RoleInfo.java:shutdownFollowerState(121)) - a58d7528-614e-4c39-a3a3-38beaa9905aa: shutdown FollowerState
2019-09-25 05:31:39,409 [Thread-663] INFO  impl.RaftServerImpl (RaftServerImpl.java:setRole(174)) - a58d7528-614e-4c39-a3a3-38beaa9905aa@group-AEFF648B0F59: changes role from  FOLLOWER to CANDIDATE at term 3 for changeToCandidate
2019-09-25 05:31:39,409 [Thread-663] INFO  impl.RoleInfo (RoleInfo.java:updateAndGet(143)) - a58d7528-614e-4c39-a3a3-38beaa9905aa: start LeaderElection
2019-09-25 05:31:39,412 [Thread-666] INFO  impl.FollowerState (FollowerState.java:run(106)) - 616f9f8f-9479-40f4-8c03-f125dcbf9c7f:group-60724A24602F changes to CANDIDATE, lastRpcTime:1135, electionTimeout:1135ms
2019-09-25 05:31:39,412 [Thread-666] INFO  impl.RoleInfo (RoleInfo.java:shutdownFollowerState(121)) - 616f9f8f-9479-40f4-8c03-f125dcbf9c7f: shutdown FollowerState
2019-09-25 05:31:39,412 [Thread-666] INFO  impl.RaftServerImpl (RaftServerImpl.java:setRole(174)) - 616f9f8f-9479-40f4-8c03-f125dcbf9c7f@group-60724A24602F: changes role from  FOLLOWER to CANDIDATE at term 5 for changeToCandidate
2019-09-25 05:31:39,412 [Thread-666] INFO  impl.RoleInfo (RoleInfo.java:updateAndGet(143)) - 616f9f8f-9479-40f4-8c03-f125dcbf9c7f: start LeaderElection
2019-09-25 05:31:39,444 [Thread-658] INFO  impl.FollowerState (FollowerState.java:run(106)) - 0d4a37ed-4cec-423a-a360-e4a879eb6bc0:group-059250D1A272 changes to CANDIDATE, lastRpcTime:1173, electionTimeout:1172ms
2019-09-25 05:31:39,444 [Thread-658] INFO  impl.RoleInfo (RoleInfo.java:shutdownFollowerState(121)) - 0d4a37ed-4cec-423a-a360-e4a879eb6bc0: shutdown FollowerState
2019-09-25 05:31:39,444 [Thread-658] INFO  impl.RaftServerImpl (RaftServerImpl.java:setRole(174)) - 0d4a37ed-4cec-423a-a360-e4a879eb6bc0@group-059250D1A272: changes role from  FOLLOWER to CANDIDATE at term 5 for changeToCandidate
2019-09-25 05:31:39,444 [Thread-658] INFO  impl.RoleInfo (RoleInfo.java:updateAndGet(143)) - 0d4a37ed-4cec-423a-a360-e4a879eb6bc0: start LeaderElection
2019-09-25 05:31:39,451 [Thread-661] INFO  impl.FollowerState (FollowerState.java:run(106)) - 0d4a37ed-4cec-423a-a360-e4a879eb6bc0:group-21C2C432FD88 changes to CANDIDATE, lastRpcTime:1177, electionTimeout:1177ms
2019-09-25 05:31:39,451 [Thread-661] INFO  impl.RoleInfo (RoleInfo.java:shutdownFollowerState(121)) - 0d4a37ed-4cec-423a-a360-e4a879eb6bc0: shutdown FollowerState
2019-09-25 05:31:39,451 [Thread-661] INFO  impl.RaftServerImpl (RaftServerImpl.java:setRole(174)) - 0d4a37ed-4cec-423a-a360-e4a879eb6bc0@group-21C2C432FD88: changes role from  FOLLOWER to CANDIDATE at term 6 for changeToCandidate
2019-09-25 05:31:39,451 [Thread-661] INFO  impl.RoleInfo (RoleInfo.java:updateAndGet(143)) - 0d4a37ed-4cec-423a-a360-e4a879eb6bc0: start LeaderElection
2019-09-25 05:31:39,457 [Thread-653] INFO  impl.FollowerState (FollowerState.java:run(106)) - 61946a22-29ed-4e77-8449-fae4cd9869e9:group-059250D1A272 changes to CANDIDATE, lastRpcTime:1191, electionTimeout:1191ms
2019-09-25 05:31:39,457 [Thread-653] INFO  impl.RoleInfo (RoleInfo.java:shutdownFollowerState(121)) - 61946a22-29ed-4e77-8449-fae4cd9869e9: shutdown FollowerState
2019-09-25 05:31:39,457 [Thread-653] INFO  impl.RaftServerImpl (RaftServerImpl.java:setRole(174)) - 61946a22-29ed-4e77-8449-fae4cd9869e9@group-059250D1A272: changes role from  FOLLOWER to CANDIDATE at term 5 for changeToCandidate
2019-09-25 05:31:39,457 [Thread-653] INFO  impl.RoleInfo (RoleInfo.java:updateAndGet(143)) - 61946a22-29ed-4e77-8449-fae4cd9869e9: start LeaderElection
2019-09-25 05:31:39,458 [Thread-657] INFO  impl.FollowerState (FollowerState.java:run(106)) - ce8ac917-2646-4112-adf7-d577593fabcb:group-0EC8D23D101B changes to CANDIDATE, lastRpcTime:1188, electionTimeout:1188ms
2019-09-25 05:31:39,458 [Thread-657] INFO  impl.RoleInfo (RoleInfo.java:shutdownFollowerState(121)) - ce8ac917-2646-4112-adf7-d577593fabcb: shutdown FollowerState
2019-09-25 05:31:39,458 [Thread-657] INFO  impl.RaftServerImpl (RaftServerImpl.java:setRole(174)) - ce8ac917-2646-4112-adf7-d577593fabcb@group-0EC8D23D101B: changes role from  FOLLOWER to CANDIDATE at term 3 for changeToCandidate
2019-09-25 05:31:39,458 [Thread-657] INFO  impl.RoleInfo (RoleInfo.java:updateAndGet(143)) - ce8ac917-2646-4112-adf7-d577593fabcb: start LeaderElection
2019-09-25 05:31:39,462 [Thread-660] INFO  impl.FollowerState (FollowerState.java:run(106)) - fd2f3f79-5d7b-4d37-bb24-b15dfe7f18d7:group-60724A24602F changes to CANDIDATE, lastRpcTime:1188, electionTimeout:1187ms
2019-09-25 05:31:39,462 [Thread-660] INFO  impl.RoleInfo (RoleInfo.java:shutdownFollowerState(121)) - fd2f3f79-5d7b-4d37-bb24-b15dfe7f18d7: shutdown FollowerState
2019-09-25 05:31:39,462 [Thread-660] INFO  impl.RaftServerImpl (RaftServerImpl.java:setRole(174)) - fd2f3f79-5d7b-4d37-bb24-b15dfe7f18d7@group-60724A24602F: changes role from  FOLLOWER to CANDIDATE at term 5 for changeToCandidate
2019-09-25 05:31:39,462 [Thread-660] INFO  impl.RoleInfo (RoleInfo.java:updateAndGet(143)) - fd2f3f79-5d7b-4d37-bb24-b15dfe7f18d7: start LeaderElection
2019-09-25 05:31:41,027 [RATISCREATEPIPELINE0] ERROR pipeline.RatisPipelineProvider (RatisPipelineProvider.java:lambda$null$5(235)) - Failed invoke Ratis rpc org.apache.hadoop.hdds.scm.pipeline.RatisPipelineProvider$$Lambda$227/594670972@3bc44125 for f9c12371-c091-4b4a-8db2-6f0db97bbab3
org.apache.ratis.protocol.TimeoutIOException: deadline exceeded after 2999748672ns
	at org.apache.ratis.grpc.GrpcUtil.tryUnwrapException(GrpcUtil.java:82)
	at org.apache.ratis.grpc.GrpcUtil.unwrapException(GrpcUtil.java:75)
	at org.apache.ratis.grpc.client.GrpcClientProtocolClient.blockingCall(GrpcClientProtocolClient.java:178)
	at org.apache.ratis.grpc.client.GrpcClientProtocolClient.groupAdd(GrpcClientProtocolClient.java:147)
	at org.apache.ratis.grpc.client.GrpcClientRpc.sendRequest(GrpcClientRpc.java:94)
	at org.apache.ratis.client.impl.RaftClientImpl.sendRequest(RaftClientImpl.java:278)
	at org.apache.ratis.client.impl.RaftClientImpl.groupAdd(RaftClientImpl.java:205)
	at org.apache.hadoop.hdds.scm.pipeline.RatisPipelineProvider.lambda$initializePipeline$4(RatisPipelineProvider.java:196)
	at org.apache.hadoop.hdds.scm.pipeline.RatisPipelineProvider.lambda$null$5(RatisPipelineProvider.java:231)
	at java.util.stream.ForEachOps$ForEachOp$OfRef.accept(ForEachOps.java:184)
	at java.util.ArrayList$ArrayListSpliterator.forEachRemaining(ArrayList.java:1382)
	at java.util.stream.AbstractPipeline.copyInto(AbstractPipeline.java:482)
	at java.util.stream.ForEachOps$ForEachTask.compute(ForEachOps.java:291)
	at java.util.concurrent.CountedCompleter.exec(CountedCompleter.java:731)
	at java.util.concurrent.ForkJoinTask.doExec(ForkJoinTask.java:289)
	at java.util.concurrent.ForkJoinTask.doInvoke(ForkJoinTask.java:401)
	at java.util.concurrent.ForkJoinTask.invoke(ForkJoinTask.java:734)
	at java.util.stream.ForEachOps$ForEachOp.evaluateParallel(ForEachOps.java:160)
	at java.util.stream.ForEachOps$ForEachOp$OfRef.evaluateParallel(ForEachOps.java:174)
	at java.util.stream.AbstractPipeline.evaluate(AbstractPipeline.java:233)
	at java.util.stream.ReferencePipeline.forEach(ReferencePipeline.java:418)
	at java.util.stream.ReferencePipeline$Head.forEach(ReferencePipeline.java:583)
	at org.apache.hadoop.hdds.scm.pipeline.RatisPipelineProvider.lambda$callRatisRpc$6(RatisPipelineProvider.java:225)
	at java.util.concurrent.ForkJoinTask$AdaptedRunnableAction.exec(ForkJoinTask.java:1386)
	at java.util.concurrent.ForkJoinTask.doExec(ForkJoinTask.java:289)
	at java.util.concurrent.ForkJoinPool$WorkQueue.runTask(ForkJoinPool.java:1056)
	at java.util.concurrent.ForkJoinPool.runWorker(ForkJoinPool.java:1692)
	at java.util.concurrent.ForkJoinWorkerThread.run(ForkJoinWorkerThread.java:157)
Caused by: org.apache.ratis.thirdparty.io.grpc.StatusRuntimeException: DEADLINE_EXCEEDED: deadline exceeded after 2999748672ns
	at org.apache.ratis.thirdparty.io.grpc.stub.ClientCalls.toStatusRuntimeException(ClientCalls.java:233)
	at org.apache.ratis.thirdparty.io.grpc.stub.ClientCalls.getUnchecked(ClientCalls.java:214)
	at org.apache.ratis.thirdparty.io.grpc.stub.ClientCalls.blockingUnaryCall(ClientCalls.java:139)
	at org.apache.ratis.proto.grpc.AdminProtocolServiceGrpc$AdminProtocolServiceBlockingStub.groupManagement(AdminProtocolServiceGrpc.java:274)
	at org.apache.ratis.grpc.client.GrpcClientProtocolClient.lambda$groupAdd$3(GrpcClientProtocolClient.java:149)
	at org.apache.ratis.grpc.client.GrpcClientProtocolClient.blockingCall(GrpcClientProtocolClient.java:176)
	... 25 more
2019-09-25 05:31:41,029 [RATISCREATEPIPELINE2] ERROR pipeline.RatisPipelineProvider (RatisPipelineProvider.java:lambda$null$5(235)) - Failed invoke Ratis rpc org.apache.hadoop.hdds.scm.pipeline.RatisPipelineProvider$$Lambda$227/594670972@3bc44125 for ce8ac917-2646-4112-adf7-d577593fabcb
org.apache.ratis.protocol.TimeoutIOException: deadline exceeded after 2999750072ns
	at org.apache.ratis.grpc.GrpcUtil.tryUnwrapException(GrpcUtil.java:82)
	at org.apache.ratis.grpc.GrpcUtil.unwrapException(GrpcUtil.java:75)
	at org.apache.ratis.grpc.client.GrpcClientProtocolClient.blockingCall(GrpcClientProtocolClient.java:178)
	at org.apache.ratis.grpc.client.GrpcClientProtocolClient.groupAdd(GrpcClientProtocolClient.java:147)
	at org.apache.ratis.grpc.client.GrpcClientRpc.sendRequest(GrpcClientRpc.java:94)
	at org.apache.ratis.client.impl.RaftClientImpl.sendRequest(RaftClientImpl.java:278)
	at org.apache.ratis.client.impl.RaftClientImpl.groupAdd(RaftClientImpl.java:205)
	at org.apache.hadoop.hdds.scm.pipeline.RatisPipelineProvider.lambda$initializePipeline$4(RatisPipelineProvider.java:196)
	at org.apache.hadoop.hdds.scm.pipeline.RatisPipelineProvider.lambda$null$5(RatisPipelineProvider.java:231)
	at java.util.stream.ForEachOps$ForEachOp$OfRef.accept(ForEachOps.java:184)
	at java.util.ArrayList$ArrayListSpliterator.forEachRemaining(ArrayList.java:1382)
	at java.util.stream.AbstractPipeline.copyInto(AbstractPipeline.java:482)
	at java.util.stream.ForEachOps$ForEachTask.compute(ForEachOps.java:291)
	at java.util.concurrent.CountedCompleter.exec(CountedCompleter.java:731)
	at java.util.concurrent.ForkJoinTask.doExec(ForkJoinTask.java:289)
	at java.util.concurrent.ForkJoinPool$WorkQueue.runTask(ForkJoinPool.java:1056)
	at java.util.concurrent.ForkJoinPool.runWorker(ForkJoinPool.java:1692)
	at java.util.concurrent.ForkJoinWorkerThread.run(ForkJoinWorkerThread.java:157)
Caused by: org.apache.ratis.thirdparty.io.grpc.StatusRuntimeException: DEADLINE_EXCEEDED: deadline exceeded after 2999750072ns
	at org.apache.ratis.thirdparty.io.grpc.stub.ClientCalls.toStatusRuntimeException(ClientCalls.java:233)
	at org.apache.ratis.thirdparty.io.grpc.stub.ClientCalls.getUnchecked(ClientCalls.java:214)
	at org.apache.ratis.thirdparty.io.grpc.stub.ClientCalls.blockingUnaryCall(ClientCalls.java:139)
	at org.apache.ratis.proto.grpc.AdminProtocolServiceGrpc$AdminProtocolServiceBlockingStub.groupManagement(AdminProtocolServiceGrpc.java:274)
	at org.apache.ratis.grpc.client.GrpcClientProtocolClient.lambda$groupAdd$3(GrpcClientProtocolClient.java:149)
	at org.apache.ratis.grpc.client.GrpcClientProtocolClient.blockingCall(GrpcClientProtocolClient.java:176)
	... 15 more
2019-09-25 05:31:41,028 [RATISCREATEPIPELINE1] ERROR pipeline.RatisPipelineProvider (RatisPipelineProvider.java:lambda$null$5(235)) - Failed invoke Ratis rpc org.apache.hadoop.hdds.scm.pipeline.RatisPipelineProvider$$Lambda$227/594670972@3bc44125 for a58d7528-614e-4c39-a3a3-38beaa9905aa
org.apache.ratis.protocol.TimeoutIOException: deadline exceeded after 2999750780ns
	at org.apache.ratis.grpc.GrpcUtil.tryUnwrapException(GrpcUtil.java:82)
	at org.apache.ratis.grpc.GrpcUtil.unwrapException(GrpcUtil.java:75)
	at org.apache.ratis.grpc.client.GrpcClientProtocolClient.blockingCall(GrpcClientProtocolClient.java:178)
	at org.apache.ratis.grpc.client.GrpcClientProtocolClient.groupAdd(GrpcClientProtocolClient.java:147)
	at org.apache.ratis.grpc.client.GrpcClientRpc.sendRequest(GrpcClientRpc.java:94)
	at org.apache.ratis.client.impl.RaftClientImpl.sendRequest(RaftClientImpl.java:278)
	at org.apache.ratis.client.impl.RaftClientImpl.groupAdd(RaftClientImpl.java:205)
	at org.apache.hadoop.hdds.scm.pipeline.RatisPipelineProvider.lambda$initializePipeline$4(RatisPipelineProvider.java:196)
	at org.apache.hadoop.hdds.scm.pipeline.RatisPipelineProvider.lambda$null$5(RatisPipelineProvider.java:231)
	at java.util.stream.ForEachOps$ForEachOp$OfRef.accept(ForEachOps.java:184)
	at java.util.ArrayList$ArrayListSpliterator.forEachRemaining(ArrayList.java:1382)
	at java.util.stream.AbstractPipeline.copyInto(AbstractPipeline.java:482)
	at java.util.stream.ForEachOps$ForEachTask.compute(ForEachOps.java:291)
	at java.util.concurrent.CountedCompleter.exec(CountedCompleter.java:731)
	at java.util.concurrent.ForkJoinTask.doExec(ForkJoinTask.java:289)
	at java.util.concurrent.ForkJoinPool$WorkQueue.runTask(ForkJoinPool.java:1056)
	at java.util.concurrent.ForkJoinPool.runWorker(ForkJoinPool.java:1692)
	at java.util.concurrent.ForkJoinWorkerThread.run(ForkJoinWorkerThread.java:157)
Caused by: org.apache.ratis.thirdparty.io.grpc.StatusRuntimeException: DEADLINE_EXCEEDED: deadline exceeded after 2999750780ns
	at org.apache.ratis.thirdparty.io.grpc.stub.ClientCalls.toStatusRuntimeException(ClientCalls.java:233)
	at org.apache.ratis.thirdparty.io.grpc.stub.ClientCalls.getUnchecked(ClientCalls.java:214)
	at org.apache.ratis.thirdparty.io.grpc.stub.ClientCalls.blockingUnaryCall(ClientCalls.java:139)
	at org.apache.ratis.proto.grpc.AdminProtocolServiceGrpc$AdminProtocolServiceBlockingStub.groupManagement(AdminProtocolServiceGrpc.java:274)
	at org.apache.ratis.grpc.client.GrpcClientProtocolClient.lambda$groupAdd$3(GrpcClientProtocolClient.java:149)
	at org.apache.ratis.grpc.client.GrpcClientProtocolClient.blockingCall(GrpcClientProtocolClient.java:176)
	... 15 more
2019-09-25 05:31:41,035 [IPC Server handler 8 on 35590] WARN  block.BlockManagerImpl (BlockManagerImpl.java:allocateBlock(192)) - Pipeline creation failed for type:RATIS factor:THREE. Retrying get pipelines call once.
org.apache.hadoop.io.MultipleIOException: 3 exceptions [java.io.IOException: Failed invoke Ratis rpc org.apache.hadoop.hdds.scm.pipeline.RatisPipelineProvider$$Lambda$227/594670972@3bc44125 for f9c12371-c091-4b4a-8db2-6f0db97bbab3, java.io.IOException: Failed invoke Ratis rpc org.apache.hadoop.hdds.scm.pipeline.RatisPipelineProvider$$Lambda$227/594670972@3bc44125 for ce8ac917-2646-4112-adf7-d577593fabcb, java.io.IOException: Failed invoke Ratis rpc org.apache.hadoop.hdds.scm.pipeline.RatisPipelineProvider$$Lambda$227/594670972@3bc44125 for a58d7528-614e-4c39-a3a3-38beaa9905aa]
	at org.apache.hadoop.io.MultipleIOException.createIOException(MultipleIOException.java:53)
	at org.apache.hadoop.hdds.scm.pipeline.RatisPipelineProvider.callRatisRpc(RatisPipelineProvider.java:251)
	at org.apache.hadoop.hdds.scm.pipeline.RatisPipelineProvider.initializePipeline(RatisPipelineProvider.java:194)
	at org.apache.hadoop.hdds.scm.pipeline.RatisPipelineProvider.create(RatisPipelineProvider.java:163)
	at org.apache.hadoop.hdds.scm.pipeline.PipelineFactory.create(PipelineFactory.java:58)
	at org.apache.hadoop.hdds.scm.pipeline.SCMPipelineManager.createPipeline(SCMPipelineManager.java:155)
	at org.apache.hadoop.hdds.scm.block.BlockManagerImpl.allocateBlock(BlockManagerImpl.java:190)
	at org.apache.hadoop.hdds.scm.server.SCMBlockProtocolServer.allocateBlock(SCMBlockProtocolServer.java:182)
	at org.apache.hadoop.ozone.protocolPB.ScmBlockLocationProtocolServerSideTranslatorPB.allocateScmBlock(ScmBlockLocationProtocolServerSideTranslatorPB.java:183)
	at org.apache.hadoop.ozone.protocolPB.ScmBlockLocationProtocolServerSideTranslatorPB.processMessage(ScmBlockLocationProtocolServerSideTranslatorPB.java:141)
	at org.apache.hadoop.ozone.protocolPB.ScmBlockLocationProtocolServerSideTranslatorPB.send(ScmBlockLocationProtocolServerSideTranslatorPB.java:116)
	at org.apache.hadoop.hdds.protocol.proto.ScmBlockLocationProtocolProtos$ScmBlockLocationProtocolService$2.callBlockingMethod(ScmBlockLocationProtocolProtos.java:13157)
	at org.apache.hadoop.ipc.ProtobufRpcEngine$Server$ProtoBufRpcInvoker.call(ProtobufRpcEngine.java:524)
	at org.apache.hadoop.ipc.RPC$Server.call(RPC.java:1025)
	at org.apache.hadoop.ipc.Server$RpcCall.run(Server.java:876)
	at org.apache.hadoop.ipc.Server$RpcCall.run(Server.java:822)
	at java.security.AccessController.doPrivileged(Native Method)
	at javax.security.auth.Subject.doAs(Subject.java:422)
	at org.apache.hadoop.security.UserGroupInformation.doAs(UserGroupInformation.java:1730)
	at org.apache.hadoop.ipc.Server$Handler.run(Server.java:2682)
2019-09-25 05:31:41,040 [IPC Server handler 8 on 35590] INFO  block.BlockManagerImpl (BlockManagerImpl.java:allocateBlock(198)) - Could not find available pipeline of type:RATIS and factor:THREE even after retrying
2019-09-25 05:31:41,040 [IPC Server handler 8 on 35590] ERROR block.BlockManagerImpl (BlockManagerImpl.java:allocateBlock(222)) - Unable to allocate a block for the size: 4194304, type: RATIS, factor: THREE
2019-09-25 05:31:41,050 [main] ERROR io.BlockOutputStreamEntryPool (BlockOutputStreamEntryPool.java:allocateBlockIfNeeded(299)) - Try to allocate more blocks for write failed, already allocated 0 blocks for this write.
INTERNAL_ERROR org.apache.hadoop.ozone.om.exceptions.OMException: Allocated 0 blocks. Requested 1 blocks
	at org.apache.hadoop.ozone.om.protocolPB.OzoneManagerProtocolClientSideTranslatorPB.handleError(OzoneManagerProtocolClientSideTranslatorPB.java:732)
	at org.apache.hadoop.ozone.om.protocolPB.OzoneManagerProtocolClientSideTranslatorPB.allocateBlock(OzoneManagerProtocolClientSideTranslatorPB.java:764)
	at sun.reflect.NativeMethodAccessorImpl.invoke0(Native Method)
	at sun.reflect.NativeMethodAccessorImpl.invoke(NativeMethodAccessorImpl.java:62)
	at sun.reflect.DelegatingMethodAccessorImpl.invoke(DelegatingMethodAccessorImpl.java:43)
	at java.lang.reflect.Method.invoke(Method.java:498)
	at org.apache.hadoop.hdds.tracing.TraceAllMethod.invoke(TraceAllMethod.java:66)
	at com.sun.proxy.$Proxy36.allocateBlock(Unknown Source)
	at org.apache.hadoop.ozone.client.io.BlockOutputStreamEntryPool.allocateNewBlock(BlockOutputStreamEntryPool.java:248)
	at org.apache.hadoop.ozone.client.io.BlockOutputStreamEntryPool.allocateBlockIfNeeded(BlockOutputStreamEntryPool.java:296)
	at org.apache.hadoop.ozone.client.io.KeyOutputStream.handleWrite(KeyOutputStream.java:198)
	at org.apache.hadoop.ozone.client.io.KeyOutputStream.handleRetry(KeyOutputStream.java:375)
	at org.apache.hadoop.ozone.client.io.KeyOutputStream.handleException(KeyOutputStream.java:324)
	at org.apache.hadoop.ozone.client.io.KeyOutputStream.handleFlushOrClose(KeyOutputStream.java:449)
	at org.apache.hadoop.ozone.client.io.KeyOutputStream.flush(KeyOutputStream.java:397)
	at org.apache.hadoop.ozone.client.io.OzoneOutputStream.flush(OzoneOutputStream.java:54)
	at org.apache.hadoop.ozone.client.rpc.TestFailureHandlingByClient.testPipelineExclusionWithPipelineFailure(TestFailureHandlingByClient.java:362)
	at sun.reflect.NativeMethodAccessorImpl.invoke0(Native Method)
	at sun.reflect.NativeMethodAccessorImpl.invoke(NativeMethodAccessorImpl.java:62)
	at sun.reflect.DelegatingMethodAccessorImpl.invoke(DelegatingMethodAccessorImpl.java:43)
	at java.lang.reflect.Method.invoke(Method.java:498)
	at org.junit.runners.model.FrameworkMethod$1.runReflectiveCall(FrameworkMethod.java:47)
	at org.junit.internal.runners.model.ReflectiveCallable.run(ReflectiveCallable.java:12)
	at org.junit.runners.model.FrameworkMethod.invokeExplosively(FrameworkMethod.java:44)
	at org.junit.internal.runners.statements.InvokeMethod.evaluate(InvokeMethod.java:17)
	at org.junit.internal.runners.statements.RunAfters.evaluate(RunAfters.java:27)
	at org.junit.runners.ParentRunner.runLeaf(ParentRunner.java:271)
	at org.junit.runners.BlockJUnit4ClassRunner.runChild(BlockJUnit4ClassRunner.java:70)
	at org.junit.runners.BlockJUnit4ClassRunner.runChild(BlockJUnit4ClassRunner.java:50)
	at org.junit.runners.ParentRunner$3.run(ParentRunner.java:238)
	at org.junit.runners.ParentRunner$1.schedule(ParentRunner.java:63)
	at org.junit.runners.ParentRunner.runChildren(ParentRunner.java:236)
	at org.junit.runners.ParentRunner.access$000(ParentRunner.java:53)
	at org.junit.runners.ParentRunner$2.evaluate(ParentRunner.java:229)
	at org.junit.runners.ParentRunner.run(ParentRunner.java:309)
	at org.apache.maven.surefire.junit4.JUnit4Provider.execute(JUnit4Provider.java:365)
	at org.apache.maven.surefire.junit4.JUnit4Provider.executeWithRerun(JUnit4Provider.java:273)
	at org.apache.maven.surefire.junit4.JUnit4Provider.executeTestSet(JUnit4Provider.java:238)
	at org.apache.maven.surefire.junit4.JUnit4Provider.invoke(JUnit4Provider.java:159)
	at org.apache.maven.surefire.booter.ForkedBooter.invokeProviderInSameClassLoader(ForkedBooter.java:384)
	at org.apache.maven.surefire.booter.ForkedBooter.runSuitesInProcess(ForkedBooter.java:345)
	at org.apache.maven.surefire.booter.ForkedBooter.execute(ForkedBooter.java:126)
	at org.apache.maven.surefire.booter.ForkedBooter.main(ForkedBooter.java:418)
2019-09-25 05:31:41,051 [main] INFO  ozone.MiniOzoneClusterImpl (MiniOzoneClusterImpl.java:shutdown(314)) - Shutting down the Mini Ozone Cluster
2019-09-25 05:31:41,052 [main] INFO  ozone.MiniOzoneClusterImpl (MiniOzoneClusterImpl.java:stop(330)) - Stopping the Mini Ozone Cluster
2019-09-25 05:31:41,052 [main] INFO  ozone.MiniOzoneClusterImpl (MiniOzoneClusterImpl.java:stopOM(400)) - Stopping the OzoneManager
2019-09-25 05:31:41,052 [main] INFO  ipc.Server (Server.java:stop(3082)) - Stopping server on 34554
2019-09-25 05:31:41,059 [IPC Server listener on 34554] INFO  ipc.Server (Server.java:run(1185)) - Stopping IPC Server listener on 34554
2019-09-25 05:31:41,065 [main] INFO  ratis.OzoneManagerDoubleBuffer (OzoneManagerDoubleBuffer.java:stop(248)) - Stopping OMDoubleBuffer flush thread
2019-09-25 05:31:41,070 [IPC Server Responder] INFO  ipc.Server (Server.java:run(1319)) - Stopping IPC Server Responder
2019-09-25 05:31:41,073 [OMDoubleBufferFlushThread] INFO  ratis.OzoneManagerDoubleBuffer (OzoneManagerDoubleBuffer.java:flushTransactions(191)) - OMDoubleBuffer flush thread OMDoubleBufferFlushThread is interrupted and will exit. OMDoubleBufferFlushThread
2019-09-25 05:31:41,097 [main] INFO  utils.BackgroundService (BackgroundService.java:shutdown(148)) - Shutting down service KeyDeletingService
2019-09-25 05:31:41,114 [main] INFO  handler.ContextHandler (ContextHandler.java:doStop(910)) - Stopped o.e.j.w.WebAppContext@415156bf{/,null,UNAVAILABLE}{/ozoneManager}
2019-09-25 05:31:41,120 [main] INFO  server.AbstractConnector (AbstractConnector.java:doStop(318)) - Stopped ServerConnector@393881f0{HTTP/1.1,[http/1.1]}{0.0.0.0:0}
2019-09-25 05:31:41,121 [main] INFO  handler.ContextHandler (ContextHandler.java:doStop(910)) - Stopped o.e.j.s.ServletContextHandler@3a627c80{/static,file:///workdir/hadoop-ozone/integration-test/target/test-classes/webapps/static,UNAVAILABLE}
2019-09-25 05:31:41,121 [main] INFO  handler.ContextHandler (ContextHandler.java:doStop(910)) - Stopped o.e.j.s.ServletContextHandler@20ed3303{/logs,file:///workdir/hadoop-ozone/integration-test/target/log,UNAVAILABLE}
2019-09-25 05:31:41,125 [main] INFO  ozone.MiniOzoneClusterImpl (MiniOzoneClusterImpl.java:stopDatanodes(377)) - Stopping the HddsDatanodes
2019-09-25 05:31:41,721 [Datanode State Machine Thread - 0] INFO  statemachine.DatanodeStateMachine (DatanodeStateMachine.java:lambda$startDaemon$0(350)) - Ozone container server started.
2019-09-25 05:31:42,003 [Datanode State Machine Thread - 0] INFO  statemachine.DatanodeStateMachine (DatanodeStateMachine.java:lambda$startDaemon$0(350)) - Ozone container server started.
2019-09-25 05:31:43,398 [pool-27-thread-1] INFO  storage.RaftStorage (RaftStorage.java:format(72)) - Storage directory /workdir/hadoop-ozone/integration-test/target/test-dir/MiniOzoneClusterImpl-cea1adf1-e11b-40bf-86cb-fb3b2d854ef9/datanode-0/data/ratis/cbb96aa8-2399-4d05-b930-43825ec81f5d has been successfully formatted.
2019-09-25 05:31:43,398 [pool-117-thread-1] INFO  storage.RaftStorage (RaftStorage.java:format(72)) - Storage directory /workdir/hadoop-ozone/integration-test/target/test-dir/MiniOzoneClusterImpl-cea1adf1-e11b-40bf-86cb-fb3b2d854ef9/datanode-9/data/ratis/cbb96aa8-2399-4d05-b930-43825ec81f5d has been successfully formatted.
2019-09-25 05:31:43,398 [pool-87-thread-1] INFO  storage.RaftStorage (RaftStorage.java:format(72)) - Storage directory /workdir/hadoop-ozone/integration-test/target/test-dir/MiniOzoneClusterImpl-cea1adf1-e11b-40bf-86cb-fb3b2d854ef9/datanode-6/data/ratis/cbb96aa8-2399-4d05-b930-43825ec81f5d has been successfully formatted.
2019-09-25 05:31:43,399 [pool-27-thread-1] INFO  ratis.ContainerStateMachine (ContainerStateMachine.java:loadSnapshot(230)) - group-43825EC81F5D: The snapshot info is null. Setting the last applied indexto:(t:0, i:~)
2019-09-25 05:31:43,399 [pool-87-thread-1] INFO  ratis.ContainerStateMachine (ContainerStateMachine.java:loadSnapshot(230)) - group-43825EC81F5D: The snapshot info is null. Setting the last applied indexto:(t:0, i:~)
2019-09-25 05:31:43,399 [pool-117-thread-1] INFO  ratis.ContainerStateMachine (ContainerStateMachine.java:loadSnapshot(230)) - group-43825EC81F5D: The snapshot info is null. Setting the last applied indexto:(t:0, i:~)
2019-09-25 05:31:43,399 [pool-87-thread-1] INFO  server.RaftServerConfigKeys (ConfUtils.java:logGet(43)) - raft.server.notification.no-leader.timeout = 120s (custom)
2019-09-25 05:31:43,399 [pool-27-thread-1] INFO  server.RaftServerConfigKeys (ConfUtils.java:logGet(43)) - raft.server.notification.no-leader.timeout = 120s (custom)
2019-09-25 05:31:43,400 [pool-87-thread-1] INFO  server.RaftServerConfigKeys (ConfUtils.java:logGet(43)) - raft.server.log.use.memory = false (default)
2019-09-25 05:31:43,400 [pool-117-thread-1] INFO  server.RaftServerConfigKeys (ConfUtils.java:logGet(43)) - raft.server.notification.no-leader.timeout = 120s (custom)
2019-09-25 05:31:43,400 [f9c12371-c091-4b4a-8db2-6f0db97bbab3@group-AEFF648B0F59:LeaderElection76] INFO  impl.LeaderElection (LeaderElection.java:askForVotes(182)) - f9c12371-c091-4b4a-8db2-6f0db97bbab3@group-AEFF648B0F59:LeaderElection76: begin an election at term 4 for -1: [a58d7528-614e-4c39-a3a3-38beaa9905aa:192.168.36.126:37942, f9c12371-c091-4b4a-8db2-6f0db97bbab3:192.168.36.126:46560, ce8ac917-2646-4112-adf7-d577593fabcb:192.168.36.126:37960], old=null
2019-09-25 05:31:43,400 [61946a22-29ed-4e77-8449-fae4cd9869e9@group-21C2C432FD88:LeaderElection74] INFO  impl.LeaderElection (LeaderElection.java:askForVotes(182)) - 61946a22-29ed-4e77-8449-fae4cd9869e9@group-21C2C432FD88:LeaderElection74: begin an election at term 7 for -1: [5c3318fc-c419-4298-b427-bf5a9ca27bf0:192.168.36.126:46795, 61946a22-29ed-4e77-8449-fae4cd9869e9:192.168.36.126:36814, 0d4a37ed-4cec-423a-a360-e4a879eb6bc0:192.168.36.126:37817], old=null
2019-09-25 05:31:43,400 [5c3318fc-c419-4298-b427-bf5a9ca27bf0@group-059250D1A272:LeaderElection73] INFO  impl.LeaderElection (LeaderElection.java:askForVotes(182)) - 5c3318fc-c419-4298-b427-bf5a9ca27bf0@group-059250D1A272:LeaderElection73: begin an election at term 6 for -1: [5c3318fc-c419-4298-b427-bf5a9ca27bf0:192.168.36.126:46795, 61946a22-29ed-4e77-8449-fae4cd9869e9:192.168.36.126:36814, 0d4a37ed-4cec-423a-a360-e4a879eb6bc0:192.168.36.126:37817], old=null
2019-09-25 05:31:43,400 [pool-87-thread-1] INFO  server.RaftServerConfigKeys (ConfUtils.java:logGet(43)) - raft.server.log.purge.gap = 1000000 (custom)
2019-09-25 05:31:43,400 [5c3318fc-c419-4298-b427-bf5a9ca27bf0@group-21C2C432FD88:LeaderElection75] INFO  impl.LeaderElection (LeaderElection.java:askForVotes(182)) - 5c3318fc-c419-4298-b427-bf5a9ca27bf0@group-21C2C432FD88:LeaderElection75: begin an election at term 7 for -1: [5c3318fc-c419-4298-b427-bf5a9ca27bf0:192.168.36.126:46795, 61946a22-29ed-4e77-8449-fae4cd9869e9:192.168.36.126:36814, 0d4a37ed-4cec-423a-a360-e4a879eb6bc0:192.168.36.126:37817], old=null
2019-09-25 05:31:43,400 [a58d7528-614e-4c39-a3a3-38beaa9905aa@group-AEFF648B0F59:LeaderElection80] INFO  impl.LeaderElection (LeaderElection.java:askForVotes(182)) - a58d7528-614e-4c39-a3a3-38beaa9905aa@group-AEFF648B0F59:LeaderElection80: begin an election at term 4 for -1: [a58d7528-614e-4c39-a3a3-38beaa9905aa:192.168.36.126:37942, f9c12371-c091-4b4a-8db2-6f0db97bbab3:192.168.36.126:46560, ce8ac917-2646-4112-adf7-d577593fabcb:192.168.36.126:37960], old=null
2019-09-25 05:31:43,400 [pool-27-thread-1] INFO  server.RaftServerConfigKeys (ConfUtils.java:logGet(43)) - raft.server.log.use.memory = false (default)
2019-09-25 05:31:43,401 [pool-87-thread-1] INFO  server.RaftServerConfigKeys (ConfUtils.java:logGet(43)) - raft.server.log.appender.buffer.byte-limit = 33554432 (custom)
2019-09-25 05:31:43,401 [61946a22-29ed-4e77-8449-fae4cd9869e9@group-059250D1A272:LeaderElection84] INFO  impl.LeaderElection (LeaderElection.java:askForVotes(182)) - 61946a22-29ed-4e77-8449-fae4cd9869e9@group-059250D1A272:LeaderElection84: begin an election at term 6 for -1: [5c3318fc-c419-4298-b427-bf5a9ca27bf0:192.168.36.126:46795, 61946a22-29ed-4e77-8449-fae4cd9869e9:192.168.36.126:36814, 0d4a37ed-4cec-423a-a360-e4a879eb6bc0:192.168.36.126:37817], old=null
2019-09-25 05:31:43,401 [0d4a37ed-4cec-423a-a360-e4a879eb6bc0@group-21C2C432FD88:LeaderElection83] INFO  impl.LeaderElection (LeaderElection.java:askForVotes(182)) - 0d4a37ed-4cec-423a-a360-e4a879eb6bc0@group-21C2C432FD88:LeaderElection83: begin an election at term 7 for -1: [5c3318fc-c419-4298-b427-bf5a9ca27bf0:192.168.36.126:46795, 61946a22-29ed-4e77-8449-fae4cd9869e9:192.168.36.126:36814, 0d4a37ed-4cec-423a-a360-e4a879eb6bc0:192.168.36.126:37817], old=null
2019-09-25 05:31:43,401 [ce8ac917-2646-4112-adf7-d577593fabcb@group-0EC8D23D101B:LeaderElection85] INFO  impl.LeaderElection (LeaderElection.java:askForVotes(182)) - ce8ac917-2646-4112-adf7-d577593fabcb@group-0EC8D23D101B:LeaderElection85: begin an election at term 4 for -1: [a58d7528-614e-4c39-a3a3-38beaa9905aa:192.168.36.126:37942, f9c12371-c091-4b4a-8db2-6f0db97bbab3:192.168.36.126:46560, ce8ac917-2646-4112-adf7-d577593fabcb:192.168.36.126:37960], old=null
2019-09-25 05:31:43,401 [fd2f3f79-5d7b-4d37-bb24-b15dfe7f18d7@group-60724A24602F:LeaderElection86] INFO  impl.LeaderElection (LeaderElection.java:askForVotes(182)) - fd2f3f79-5d7b-4d37-bb24-b15dfe7f18d7@group-60724A24602F:LeaderElection86: begin an election at term 6 for -1: [616f9f8f-9479-40f4-8c03-f125dcbf9c7f:192.168.36.126:39694, e997a993-6131-47bf-96c8-764e04cb5c0e:192.168.36.126:37678, fd2f3f79-5d7b-4d37-bb24-b15dfe7f18d7:192.168.36.126:42280], old=null
2019-09-25 05:31:43,401 [0d4a37ed-4cec-423a-a360-e4a879eb6bc0@group-059250D1A272:LeaderElection82] INFO  impl.LeaderElection (LeaderElection.java:askForVotes(182)) - 0d4a37ed-4cec-423a-a360-e4a879eb6bc0@group-059250D1A272:LeaderElection82: begin an election at term 6 for -1: [5c3318fc-c419-4298-b427-bf5a9ca27bf0:192.168.36.126:46795, 61946a22-29ed-4e77-8449-fae4cd9869e9:192.168.36.126:36814, 0d4a37ed-4cec-423a-a360-e4a879eb6bc0:192.168.36.126:37817], old=null
2019-09-25 05:31:43,400 [616f9f8f-9479-40f4-8c03-f125dcbf9c7f@group-60724A24602F:LeaderElection81] INFO  impl.LeaderElection (LeaderElection.java:askForVotes(182)) - 616f9f8f-9479-40f4-8c03-f125dcbf9c7f@group-60724A24602F:LeaderElection81: begin an election at term 6 for -1: [616f9f8f-9479-40f4-8c03-f125dcbf9c7f:192.168.36.126:39694, e997a993-6131-47bf-96c8-764e04cb5c0e:192.168.36.126:37678, fd2f3f79-5d7b-4d37-bb24-b15dfe7f18d7:192.168.36.126:42280], old=null
2019-09-25 05:31:43,400 [pool-117-thread-1] INFO  server.RaftServerConfigKeys (ConfUtils.java:logGet(43)) - raft.server.log.use.memory = false (default)
2019-09-25 05:31:43,400 [f9c12371-c091-4b4a-8db2-6f0db97bbab3@group-0EC8D23D101B:LeaderElection78] INFO  impl.LeaderElection (LeaderElection.java:askForVotes(182)) - f9c12371-c091-4b4a-8db2-6f0db97bbab3@group-0EC8D23D101B:LeaderElection78: begin an election at term 4 for -1: [a58d7528-614e-4c39-a3a3-38beaa9905aa:192.168.36.126:37942, f9c12371-c091-4b4a-8db2-6f0db97bbab3:192.168.36.126:46560, ce8ac917-2646-4112-adf7-d577593fabcb:192.168.36.126:37960], old=null
2019-09-25 05:31:43,400 [e997a993-6131-47bf-96c8-764e04cb5c0e@group-60724A24602F:LeaderElection79] INFO  impl.LeaderElection (LeaderElection.java:askForVotes(182)) - e997a993-6131-47bf-96c8-764e04cb5c0e@group-60724A24602F:LeaderElection79: begin an election at term 6 for -1: [616f9f8f-9479-40f4-8c03-f125dcbf9c7f:192.168.36.126:39694, e997a993-6131-47bf-96c8-764e04cb5c0e:192.168.36.126:37678, fd2f3f79-5d7b-4d37-bb24-b15dfe7f18d7:192.168.36.126:42280], old=null
2019-09-25 05:31:43,400 [ce8ac917-2646-4112-adf7-d577593fabcb@group-AEFF648B0F59:LeaderElection77] INFO  impl.LeaderElection (LeaderElection.java:askForVotes(182)) - ce8ac917-2646-4112-adf7-d577593fabcb@group-AEFF648B0F59:LeaderElection77: begin an election at term 4 for -1: [a58d7528-614e-4c39-a3a3-38beaa9905aa:192.168.36.126:37942, f9c12371-c091-4b4a-8db2-6f0db97bbab3:192.168.36.126:46560, ce8ac917-2646-4112-adf7-d577593fabcb:192.168.36.126:37960], old=null
2019-09-25 05:31:43,400 [a58d7528-614e-4c39-a3a3-38beaa9905aa@group-0EC8D23D101B:LeaderElection72] INFO  impl.LeaderElection (LeaderElection.java:askForVotes(182)) - a58d7528-614e-4c39-a3a3-38beaa9905aa@group-0EC8D23D101B:LeaderElection72: begin an election at term 4 for -1: [a58d7528-614e-4c39-a3a3-38beaa9905aa:192.168.36.126:37942, f9c12371-c091-4b4a-8db2-6f0db97bbab3:192.168.36.126:46560, ce8ac917-2646-4112-adf7-d577593fabcb:192.168.36.126:37960], old=null
2019-09-25 05:31:43,403 [pool-117-thread-1] INFO  server.RaftServerConfigKeys (ConfUtils.java:logGet(43)) - raft.server.log.purge.gap = 1000000 (custom)
2019-09-25 05:31:43,402 [pool-87-thread-1] INFO  server.RaftServerConfigKeys (ConfUtils.java:logGet(43)) - raft.server.log.segment.size.max = 1048576 (custom)
2019-09-25 05:31:43,402 [pool-27-thread-1] INFO  server.RaftServerConfigKeys (ConfUtils.java:logGet(43)) - raft.server.log.purge.gap = 1000000 (custom)
2019-09-25 05:31:43,405 [pool-87-thread-1] INFO  server.RaftServerConfigKeys (ConfUtils.java:logGet(43)) - raft.server.log.segment.cache.num.max = 2 (custom)
2019-09-25 05:31:43,405 [pool-117-thread-1] INFO  server.RaftServerConfigKeys (ConfUtils.java:logGet(43)) - raft.server.log.appender.buffer.byte-limit = 33554432 (custom)
2019-09-25 05:31:43,406 [pool-87-thread-1] INFO  segmented.SegmentedRaftLogWorker (SegmentedRaftLogWorker.java:<init>(172)) - new ce8ac917-2646-4112-adf7-d577593fabcb@group-43825EC81F5D-SegmentedRaftLogWorker for RaftStorage:Storage Directory /workdir/hadoop-ozone/integration-test/target/test-dir/MiniOzoneClusterImpl-cea1adf1-e11b-40bf-86cb-fb3b2d854ef9/datanode-6/data/ratis/cbb96aa8-2399-4d05-b930-43825ec81f5d
2019-09-25 05:31:43,405 [pool-27-thread-1] INFO  server.RaftServerConfigKeys (ConfUtils.java:logGet(43)) - raft.server.log.appender.buffer.byte-limit = 33554432 (custom)
2019-09-25 05:31:43,406 [pool-87-thread-1] INFO  server.RaftServerConfigKeys (ConfUtils.java:logGet(43)) - raft.server.log.queue.byte-limit = 2147483647 (custom)
2019-09-25 05:31:43,406 [pool-117-thread-1] INFO  server.RaftServerConfigKeys (ConfUtils.java:logGet(43)) - raft.server.log.segment.size.max = 1048576 (custom)
2019-09-25 05:31:43,407 [pool-87-thread-1] INFO  server.RaftServerConfigKeys (ConfUtils.java:logGet(43)) - raft.server.log.queue.element-limit = 1024 (custom)
2019-09-25 05:31:43,407 [pool-27-thread-1] INFO  server.RaftServerConfigKeys (ConfUtils.java:logGet(43)) - raft.server.log.segment.size.max = 1048576 (custom)
2019-09-25 05:31:43,407 [pool-87-thread-1] INFO  server.RaftServerConfigKeys (ConfUtils.java:logGet(43)) - raft.server.log.segment.size.max = 1048576 (custom)
2019-09-25 05:31:43,407 [pool-117-thread-1] INFO  server.RaftServerConfigKeys (ConfUtils.java:logGet(43)) - raft.server.log.segment.cache.num.max = 2 (custom)
2019-09-25 05:31:43,408 [pool-87-thread-1] INFO  server.RaftServerConfigKeys (ConfUtils.java:logGet(43)) - raft.server.log.preallocated.size = 16384 (custom)
2019-09-25 05:31:43,408 [pool-27-thread-1] INFO  server.RaftServerConfigKeys (ConfUtils.java:logGet(43)) - raft.server.log.segment.cache.num.max = 2 (custom)
2019-09-25 05:31:43,408 [pool-87-thread-1] INFO  server.RaftServerConfigKeys (ConfUtils.java:logGet(43)) - raft.server.log.write.buffer.size = 33554432 (custom)
2019-09-25 05:31:43,408 [pool-117-thread-1] INFO  segmented.SegmentedRaftLogWorker (SegmentedRaftLogWorker.java:<init>(172)) - new a58d7528-614e-4c39-a3a3-38beaa9905aa@group-43825EC81F5D-SegmentedRaftLogWorker for RaftStorage:Storage Directory /workdir/hadoop-ozone/integration-test/target/test-dir/MiniOzoneClusterImpl-cea1adf1-e11b-40bf-86cb-fb3b2d854ef9/datanode-9/data/ratis/cbb96aa8-2399-4d05-b930-43825ec81f5d
2019-09-25 05:31:43,409 [pool-87-thread-1] INFO  server.RaftServerConfigKeys (ConfUtils.java:logGet(43)) - raft.server.log.force.sync.num = 128 (default)
2019-09-25 05:31:43,408 [pool-27-thread-1] INFO  segmented.SegmentedRaftLogWorker (SegmentedRaftLogWorker.java:<init>(172)) - new f9c12371-c091-4b4a-8db2-6f0db97bbab3@group-43825EC81F5D-SegmentedRaftLogWorker for RaftStorage:Storage Directory /workdir/hadoop-ozone/integration-test/target/test-dir/MiniOzoneClusterImpl-cea1adf1-e11b-40bf-86cb-fb3b2d854ef9/datanode-0/data/ratis/cbb96aa8-2399-4d05-b930-43825ec81f5d
2019-09-25 05:31:43,409 [pool-87-thread-1] INFO  server.RaftServerConfigKeys (ConfUtils.java:logGet(43)) - raft.server.log.statemachine.data.sync = true (default)
2019-09-25 05:31:43,409 [pool-117-thread-1] INFO  server.RaftServerConfigKeys (ConfUtils.java:logGet(43)) - raft.server.log.queue.byte-limit = 2147483647 (custom)
2019-09-25 05:31:43,409 [pool-87-thread-1] INFO  server.RaftServerConfigKeys (ConfUtils.java:logGet(43)) - raft.server.log.statemachine.data.sync.timeout = 10s (default)
2019-09-25 05:31:43,409 [pool-27-thread-1] INFO  server.RaftServerConfigKeys (ConfUtils.java:logGet(43)) - raft.server.log.queue.byte-limit = 2147483647 (custom)
2019-09-25 05:31:43,410 [pool-87-thread-1] INFO  server.RaftServerConfigKeys (ConfUtils.java:logGet(43)) - raft.server.log.statemachine.data.sync.timeout.retry = -1 (default)
2019-09-25 05:31:43,410 [pool-117-thread-1] INFO  server.RaftServerConfigKeys (ConfUtils.java:logGet(43)) - raft.server.log.queue.element-limit = 1024 (custom)
2019-09-25 05:31:43,411 [pool-87-thread-1] INFO  server.RaftServerConfigKeys (ConfUtils.java:logGet(43)) - raft.server.log.statemachine.data.caching.enabled = true (custom)
2019-09-25 05:31:43,410 [pool-27-thread-1] INFO  server.RaftServerConfigKeys (ConfUtils.java:logGet(43)) - raft.server.log.queue.element-limit = 1024 (custom)
2019-09-25 05:31:43,411 [pool-117-thread-1] INFO  server.RaftServerConfigKeys (ConfUtils.java:logGet(43)) - raft.server.log.segment.size.max = 1048576 (custom)
2019-09-25 05:31:43,412 [pool-87-thread-1] INFO  segmented.SegmentedRaftLogWorker (SegmentedRaftLogWorker.java:lambda$new$0(132)) - ce8ac917-2646-4112-adf7-d577593fabcb@group-43825EC81F5D-SegmentedRaftLogWorker: flushIndex: setUnconditionally 0 -> -1
2019-09-25 05:31:43,411 [pool-27-thread-1] INFO  server.RaftServerConfigKeys (ConfUtils.java:logGet(43)) - raft.server.log.segment.size.max = 1048576 (custom)
2019-09-25 05:31:43,412 [pool-117-thread-1] INFO  server.RaftServerConfigKeys (ConfUtils.java:logGet(43)) - raft.server.log.preallocated.size = 16384 (custom)
2019-09-25 05:31:43,412 [pool-87-thread-1] INFO  server.RaftServerConfigKeys (ConfUtils.java:logGet(43)) - raft.server.snapshot.auto.trigger.enabled = true (custom)
2019-09-25 05:31:43,412 [pool-27-thread-1] INFO  server.RaftServerConfigKeys (ConfUtils.java:logGet(43)) - raft.server.log.preallocated.size = 16384 (custom)
2019-09-25 05:31:43,413 [pool-87-thread-1] INFO  server.RaftServerConfigKeys (ConfUtils.java:logGet(43)) - raft.server.snapshot.auto.trigger.threshold = 10000 (custom)
2019-09-25 05:31:43,413 [pool-117-thread-1] INFO  server.RaftServerConfigKeys (ConfUtils.java:logGet(43)) - raft.server.log.write.buffer.size = 33554432 (custom)
2019-09-25 05:31:43,413 [a58d7528-614e-4c39-a3a3-38beaa9905aa@group-AEFF648B0F59:LeaderElection80] INFO  impl.LeaderElection (LeaderElection.java:logAndReturn(56)) - a58d7528-614e-4c39-a3a3-38beaa9905aa@group-AEFF648B0F59:LeaderElection80: Election REJECTED; received 2 response(s) [a58d7528-614e-4c39-a3a3-38beaa9905aa<-ce8ac917-2646-4112-adf7-d577593fabcb#0:FAIL-t4, a58d7528-614e-4c39-a3a3-38beaa9905aa<-f9c12371-c091-4b4a-8db2-6f0db97bbab3#0:FAIL-t4] and 0 exception(s); a58d7528-614e-4c39-a3a3-38beaa9905aa@group-AEFF648B0F59:t4, leader=null, voted=a58d7528-614e-4c39-a3a3-38beaa9905aa, raftlog=a58d7528-614e-4c39-a3a3-38beaa9905aa@group-AEFF648B0F59-SegmentedRaftLog:OPENED:c-1,f-1,i0, conf=-1: [a58d7528-614e-4c39-a3a3-38beaa9905aa:192.168.36.126:37942, f9c12371-c091-4b4a-8db2-6f0db97bbab3:192.168.36.126:46560, ce8ac917-2646-4112-adf7-d577593fabcb:192.168.36.126:37960], old=null
2019-09-25 05:31:43,413 [pool-87-thread-1] INFO  server.RaftServerConfigKeys (ConfUtils.java:logGet(43)) - raft.server.snapshot.retention.num.files = 5 (custom)
2019-09-25 05:31:43,413 [pool-27-thread-1] INFO  server.RaftServerConfigKeys (ConfUtils.java:logGet(43)) - raft.server.log.write.buffer.size = 33554432 (custom)
2019-09-25 05:31:43,414 [pool-87-thread-1] INFO  server.RaftServerConfigKeys (ConfUtils.java:logGet(43)) - raft.server.retrycache.expirytime = 600000ms (custom)
2019-09-25 05:31:43,414 [a58d7528-614e-4c39-a3a3-38beaa9905aa@group-AEFF648B0F59:LeaderElection80] INFO  impl.RaftServerImpl (RaftServerImpl.java:setRole(174)) - a58d7528-614e-4c39-a3a3-38beaa9905aa@group-AEFF648B0F59: changes role from CANDIDATE to FOLLOWER at term 4 for DISCOVERED_A_NEW_TERM
2019-09-25 05:31:43,413 [pool-117-thread-1] INFO  server.RaftServerConfigKeys (ConfUtils.java:logGet(43)) - raft.server.log.force.sync.num = 128 (default)
2019-09-25 05:31:43,415 [a58d7528-614e-4c39-a3a3-38beaa9905aa@group-AEFF648B0F59:LeaderElection80] INFO  impl.RoleInfo (RoleInfo.java:shutdownLeaderElection(134)) - a58d7528-614e-4c39-a3a3-38beaa9905aa: shutdown LeaderElection
2019-09-25 05:31:43,414 [5c3318fc-c419-4298-b427-bf5a9ca27bf0@group-059250D1A272:LeaderElection73] INFO  impl.LeaderElection (LeaderElection.java:logAndReturn(56)) - 5c3318fc-c419-4298-b427-bf5a9ca27bf0@group-059250D1A272:LeaderElection73: Election REJECTED; received 2 response(s) [5c3318fc-c419-4298-b427-bf5a9ca27bf0<-61946a22-29ed-4e77-8449-fae4cd9869e9#0:FAIL-t6, 5c3318fc-c419-4298-b427-bf5a9ca27bf0<-0d4a37ed-4cec-423a-a360-e4a879eb6bc0#0:FAIL-t6] and 0 exception(s); 5c3318fc-c419-4298-b427-bf5a9ca27bf0@group-059250D1A272:t6, leader=null, voted=5c3318fc-c419-4298-b427-bf5a9ca27bf0, raftlog=5c3318fc-c419-4298-b427-bf5a9ca27bf0@group-059250D1A272-SegmentedRaftLog:OPENED:c-1,f-1,i0, conf=-1: [5c3318fc-c419-4298-b427-bf5a9ca27bf0:192.168.36.126:46795, 61946a22-29ed-4e77-8449-fae4cd9869e9:192.168.36.126:36814, 0d4a37ed-4cec-423a-a360-e4a879eb6bc0:192.168.36.126:37817], old=null
2019-09-25 05:31:43,414 [pool-27-thread-1] INFO  server.RaftServerConfigKeys (ConfUtils.java:logGet(43)) - raft.server.log.force.sync.num = 128 (default)
2019-09-25 05:31:43,416 [5c3318fc-c419-4298-b427-bf5a9ca27bf0@group-059250D1A272:LeaderElection73] INFO  impl.RaftServerImpl (RaftServerImpl.java:setRole(174)) - 5c3318fc-c419-4298-b427-bf5a9ca27bf0@group-059250D1A272: changes role from CANDIDATE to FOLLOWER at term 6 for DISCOVERED_A_NEW_TERM
2019-09-25 05:31:43,415 [a58d7528-614e-4c39-a3a3-38beaa9905aa@group-AEFF648B0F59:LeaderElection80] INFO  impl.RoleInfo (RoleInfo.java:updateAndGet(143)) - a58d7528-614e-4c39-a3a3-38beaa9905aa: start FollowerState
2019-09-25 05:31:43,415 [pool-117-thread-1] INFO  server.RaftServerConfigKeys (ConfUtils.java:logGet(43)) - raft.server.log.statemachine.data.sync = true (default)
2019-09-25 05:31:43,416 [5c3318fc-c419-4298-b427-bf5a9ca27bf0@group-059250D1A272:LeaderElection73] INFO  impl.RoleInfo (RoleInfo.java:shutdownLeaderElection(134)) - 5c3318fc-c419-4298-b427-bf5a9ca27bf0: shutdown LeaderElection
2019-09-25 05:31:43,416 [pool-27-thread-1] INFO  server.RaftServerConfigKeys (ConfUtils.java:logGet(43)) - raft.server.log.statemachine.data.sync = true (default)
2019-09-25 05:31:43,417 [5c3318fc-c419-4298-b427-bf5a9ca27bf0@group-059250D1A272:LeaderElection73] INFO  impl.RoleInfo (RoleInfo.java:updateAndGet(143)) - 5c3318fc-c419-4298-b427-bf5a9ca27bf0: start FollowerState
2019-09-25 05:31:43,416 [pool-117-thread-1] INFO  server.RaftServerConfigKeys (ConfUtils.java:logGet(43)) - raft.server.log.statemachine.data.sync.timeout = 10s (default)
2019-09-25 05:31:43,417 [61946a22-29ed-4e77-8449-fae4cd9869e9@group-21C2C432FD88:LeaderElection74] INFO  impl.LeaderElection (LeaderElection.java:logAndReturn(56)) - 61946a22-29ed-4e77-8449-fae4cd9869e9@group-21C2C432FD88:LeaderElection74: Election REJECTED; received 2 response(s) [61946a22-29ed-4e77-8449-fae4cd9869e9<-5c3318fc-c419-4298-b427-bf5a9ca27bf0#0:FAIL-t7, 61946a22-29ed-4e77-8449-fae4cd9869e9<-0d4a37ed-4cec-423a-a360-e4a879eb6bc0#0:FAIL-t7] and 0 exception(s); 61946a22-29ed-4e77-8449-fae4cd9869e9@group-21C2C432FD88:t7, leader=null, voted=61946a22-29ed-4e77-8449-fae4cd9869e9, raftlog=61946a22-29ed-4e77-8449-fae4cd9869e9@group-21C2C432FD88-SegmentedRaftLog:OPENED:c-1,f-1,i0, conf=-1: [5c3318fc-c419-4298-b427-bf5a9ca27bf0:192.168.36.126:46795, 61946a22-29ed-4e77-8449-fae4cd9869e9:192.168.36.126:36814, 0d4a37ed-4cec-423a-a360-e4a879eb6bc0:192.168.36.126:37817], old=null
2019-09-25 05:31:43,417 [f9c12371-c091-4b4a-8db2-6f0db97bbab3@group-AEFF648B0F59:LeaderElection76] INFO  impl.LeaderElection (LeaderElection.java:logAndReturn(56)) - f9c12371-c091-4b4a-8db2-6f0db97bbab3@group-AEFF648B0F59:LeaderElection76: Election REJECTED; received 2 response(s) [f9c12371-c091-4b4a-8db2-6f0db97bbab3<-a58d7528-614e-4c39-a3a3-38beaa9905aa#0:FAIL-t4, f9c12371-c091-4b4a-8db2-6f0db97bbab3<-ce8ac917-2646-4112-adf7-d577593fabcb#0:FAIL-t4] and 0 exception(s); f9c12371-c091-4b4a-8db2-6f0db97bbab3@group-AEFF648B0F59:t4, leader=null, voted=f9c12371-c091-4b4a-8db2-6f0db97bbab3, raftlog=f9c12371-c091-4b4a-8db2-6f0db97bbab3@group-AEFF648B0F59-SegmentedRaftLog:OPENED:c-1,f-1,i0, conf=-1: [a58d7528-614e-4c39-a3a3-38beaa9905aa:192.168.36.126:37942, f9c12371-c091-4b4a-8db2-6f0db97bbab3:192.168.36.126:46560, ce8ac917-2646-4112-adf7-d577593fabcb:192.168.36.126:37960], old=null
2019-09-25 05:31:43,417 [pool-27-thread-1] INFO  server.RaftServerConfigKeys (ConfUtils.java:logGet(43)) - raft.server.log.statemachine.data.sync.timeout = 10s (default)
2019-09-25 05:31:43,418 [f9c12371-c091-4b4a-8db2-6f0db97bbab3@group-AEFF648B0F59:LeaderElection76] INFO  impl.RaftServerImpl (RaftServerImpl.java:setRole(174)) - f9c12371-c091-4b4a-8db2-6f0db97bbab3@group-AEFF648B0F59: changes role from CANDIDATE to FOLLOWER at term 4 for DISCOVERED_A_NEW_TERM
2019-09-25 05:31:43,418 [61946a22-29ed-4e77-8449-fae4cd9869e9@group-21C2C432FD88:LeaderElection74] INFO  impl.RaftServerImpl (RaftServerImpl.java:setRole(174)) - 61946a22-29ed-4e77-8449-fae4cd9869e9@group-21C2C432FD88: changes role from CANDIDATE to FOLLOWER at term 7 for DISCOVERED_A_NEW_TERM
2019-09-25 05:31:43,417 [pool-117-thread-1] INFO  server.RaftServerConfigKeys (ConfUtils.java:logGet(43)) - raft.server.log.statemachine.data.sync.timeout.retry = -1 (default)
2019-09-25 05:31:43,418 [61946a22-29ed-4e77-8449-fae4cd9869e9@group-21C2C432FD88:LeaderElection74] INFO  impl.RoleInfo (RoleInfo.java:shutdownLeaderElection(134)) - 61946a22-29ed-4e77-8449-fae4cd9869e9: shutdown LeaderElection
2019-09-25 05:31:43,418 [f9c12371-c091-4b4a-8db2-6f0db97bbab3@group-AEFF648B0F59:LeaderElection76] INFO  impl.RoleInfo (RoleInfo.java:shutdownLeaderElection(134)) - f9c12371-c091-4b4a-8db2-6f0db97bbab3: shutdown LeaderElection
2019-09-25 05:31:43,418 [pool-27-thread-1] INFO  server.RaftServerConfigKeys (ConfUtils.java:logGet(43)) - raft.server.log.statemachine.data.sync.timeout.retry = -1 (default)
2019-09-25 05:31:43,419 [f9c12371-c091-4b4a-8db2-6f0db97bbab3@group-AEFF648B0F59:LeaderElection76] INFO  impl.RoleInfo (RoleInfo.java:updateAndGet(143)) - f9c12371-c091-4b4a-8db2-6f0db97bbab3: start FollowerState
2019-09-25 05:31:43,419 [a58d7528-614e-4c39-a3a3-38beaa9905aa@group-0EC8D23D101B:LeaderElection72] INFO  impl.LeaderElection (LeaderElection.java:logAndReturn(56)) - a58d7528-614e-4c39-a3a3-38beaa9905aa@group-0EC8D23D101B:LeaderElection72: Election REJECTED; received 2 response(s) [a58d7528-614e-4c39-a3a3-38beaa9905aa<-ce8ac917-2646-4112-adf7-d577593fabcb#0:FAIL-t4, a58d7528-614e-4c39-a3a3-38beaa9905aa<-f9c12371-c091-4b4a-8db2-6f0db97bbab3#0:FAIL-t4] and 0 exception(s); a58d7528-614e-4c39-a3a3-38beaa9905aa@group-0EC8D23D101B:t4, leader=null, voted=a58d7528-614e-4c39-a3a3-38beaa9905aa, raftlog=a58d7528-614e-4c39-a3a3-38beaa9905aa@group-0EC8D23D101B-SegmentedRaftLog:OPENED:c-1,f-1,i0, conf=-1: [a58d7528-614e-4c39-a3a3-38beaa9905aa:192.168.36.126:37942, f9c12371-c091-4b4a-8db2-6f0db97bbab3:192.168.36.126:46560, ce8ac917-2646-4112-adf7-d577593fabcb:192.168.36.126:37960], old=null
2019-09-25 05:31:43,419 [61946a22-29ed-4e77-8449-fae4cd9869e9@group-21C2C432FD88:LeaderElection74] INFO  impl.RoleInfo (RoleInfo.java:updateAndGet(143)) - 61946a22-29ed-4e77-8449-fae4cd9869e9: start FollowerState
2019-09-25 05:31:43,419 [pool-117-thread-1] INFO  server.RaftServerConfigKeys (ConfUtils.java:logGet(43)) - raft.server.log.statemachine.data.caching.enabled = true (custom)
2019-09-25 05:31:43,420 [a58d7528-614e-4c39-a3a3-38beaa9905aa@group-0EC8D23D101B:LeaderElection72] INFO  impl.RaftServerImpl (RaftServerImpl.java:setRole(174)) - a58d7528-614e-4c39-a3a3-38beaa9905aa@group-0EC8D23D101B: changes role from CANDIDATE to FOLLOWER at term 4 for DISCOVERED_A_NEW_TERM
2019-09-25 05:31:43,420 [pool-87-thread-1] INFO  impl.RaftServerImpl (RaftServerImpl.java:start(185)) - ce8ac917-2646-4112-adf7-d577593fabcb@group-43825EC81F5D: start as a follower, conf=-1: [a58d7528-614e-4c39-a3a3-38beaa9905aa:192.168.36.126:37942, f9c12371-c091-4b4a-8db2-6f0db97bbab3:192.168.36.126:46560, ce8ac917-2646-4112-adf7-d577593fabcb:192.168.36.126:37960], old=null
2019-09-25 05:31:43,420 [pool-27-thread-1] INFO  server.RaftServerConfigKeys (ConfUtils.java:logGet(43)) - raft.server.log.statemachine.data.caching.enabled = true (custom)
2019-09-25 05:31:43,421 [f9c12371-c091-4b4a-8db2-6f0db97bbab3@group-0EC8D23D101B:LeaderElection78] INFO  impl.LeaderElection (LeaderElection.java:logAndReturn(56)) - f9c12371-c091-4b4a-8db2-6f0db97bbab3@group-0EC8D23D101B:LeaderElection78: Election REJECTED; received 2 response(s) [f9c12371-c091-4b4a-8db2-6f0db97bbab3<-a58d7528-614e-4c39-a3a3-38beaa9905aa#0:FAIL-t4, f9c12371-c091-4b4a-8db2-6f0db97bbab3<-ce8ac917-2646-4112-adf7-d577593fabcb#0:FAIL-t4] and 0 exception(s); f9c12371-c091-4b4a-8db2-6f0db97bbab3@group-0EC8D23D101B:t4, leader=null, voted=f9c12371-c091-4b4a-8db2-6f0db97bbab3, raftlog=f9c12371-c091-4b4a-8db2-6f0db97bbab3@group-0EC8D23D101B-SegmentedRaftLog:OPENED:c-1,f-1,i0, conf=-1: [a58d7528-614e-4c39-a3a3-38beaa9905aa:192.168.36.126:37942, f9c12371-c091-4b4a-8db2-6f0db97bbab3:192.168.36.126:46560, ce8ac917-2646-4112-adf7-d577593fabcb:192.168.36.126:37960], old=null
2019-09-25 05:31:43,421 [pool-87-thread-1] INFO  impl.RaftServerImpl (RaftServerImpl.java:setRole(174)) - ce8ac917-2646-4112-adf7-d577593fabcb@group-43825EC81F5D: changes role from      null to FOLLOWER at term 0 for startAsFollower
2019-09-25 05:31:43,421 [pool-117-thread-1] INFO  segmented.SegmentedRaftLogWorker (SegmentedRaftLogWorker.java:lambda$new$0(132)) - a58d7528-614e-4c39-a3a3-38beaa9905aa@group-43825EC81F5D-SegmentedRaftLogWorker: flushIndex: setUnconditionally 0 -> -1
2019-09-25 05:31:43,421 [a58d7528-614e-4c39-a3a3-38beaa9905aa@group-0EC8D23D101B:LeaderElection72] INFO  impl.RoleInfo (RoleInfo.java:shutdownLeaderElection(134)) - a58d7528-614e-4c39-a3a3-38beaa9905aa: shutdown LeaderElection
2019-09-25 05:31:43,422 [pool-117-thread-1] INFO  server.RaftServerConfigKeys (ConfUtils.java:logGet(43)) - raft.server.snapshot.auto.trigger.enabled = true (custom)
2019-09-25 05:31:43,422 [e997a993-6131-47bf-96c8-764e04cb5c0e@group-60724A24602F:LeaderElection79] INFO  impl.LeaderElection (LeaderElection.java:logAndReturn(56)) - e997a993-6131-47bf-96c8-764e04cb5c0e@group-60724A24602F:LeaderElection79: Election REJECTED; received 2 response(s) [e997a993-6131-47bf-96c8-764e04cb5c0e<-616f9f8f-9479-40f4-8c03-f125dcbf9c7f#0:FAIL-t6, e997a993-6131-47bf-96c8-764e04cb5c0e<-fd2f3f79-5d7b-4d37-bb24-b15dfe7f18d7#0:FAIL-t6] and 0 exception(s); e997a993-6131-47bf-96c8-764e04cb5c0e@group-60724A24602F:t6, leader=null, voted=e997a993-6131-47bf-96c8-764e04cb5c0e, raftlog=e997a993-6131-47bf-96c8-764e04cb5c0e@group-60724A24602F-SegmentedRaftLog:OPENED:c-1,f-1,i0, conf=-1: [616f9f8f-9479-40f4-8c03-f125dcbf9c7f:192.168.36.126:39694, e997a993-6131-47bf-96c8-764e04cb5c0e:192.168.36.126:37678, fd2f3f79-5d7b-4d37-bb24-b15dfe7f18d7:192.168.36.126:42280], old=null
2019-09-25 05:31:43,422 [a58d7528-614e-4c39-a3a3-38beaa9905aa@group-0EC8D23D101B:LeaderElection72] INFO  impl.RoleInfo (RoleInfo.java:updateAndGet(143)) - a58d7528-614e-4c39-a3a3-38beaa9905aa: start FollowerState
2019-09-25 05:31:43,422 [ce8ac917-2646-4112-adf7-d577593fabcb@group-AEFF648B0F59:LeaderElection77] INFO  impl.LeaderElection (LeaderElection.java:logAndReturn(56)) - ce8ac917-2646-4112-adf7-d577593fabcb@group-AEFF648B0F59:LeaderElection77: Election REJECTED; received 2 response(s) [ce8ac917-2646-4112-adf7-d577593fabcb<-a58d7528-614e-4c39-a3a3-38beaa9905aa#0:FAIL-t4, ce8ac917-2646-4112-adf7-d577593fabcb<-f9c12371-c091-4b4a-8db2-6f0db97bbab3#0:FAIL-t4] and 0 exception(s); ce8ac917-2646-4112-adf7-d577593fabcb@group-AEFF648B0F59:t4, leader=null, voted=ce8ac917-2646-4112-adf7-d577593fabcb, raftlog=ce8ac917-2646-4112-adf7-d577593fabcb@group-AEFF648B0F59-SegmentedRaftLog:OPENED:c-1,f-1,i0, conf=-1: [a58d7528-614e-4c39-a3a3-38beaa9905aa:192.168.36.126:37942, f9c12371-c091-4b4a-8db2-6f0db97bbab3:192.168.36.126:46560, ce8ac917-2646-4112-adf7-d577593fabcb:192.168.36.126:37960], old=null
2019-09-25 05:31:43,421 [pool-87-thread-1] INFO  impl.RoleInfo (RoleInfo.java:updateAndGet(143)) - ce8ac917-2646-4112-adf7-d577593fabcb: start FollowerState
2019-09-25 05:31:43,423 [ce8ac917-2646-4112-adf7-d577593fabcb@group-AEFF648B0F59:LeaderElection77] INFO  impl.RaftServerImpl (RaftServerImpl.java:setRole(174)) - ce8ac917-2646-4112-adf7-d577593fabcb@group-AEFF648B0F59: changes role from CANDIDATE to FOLLOWER at term 4 for DISCOVERED_A_NEW_TERM
2019-09-25 05:31:43,423 [ce8ac917-2646-4112-adf7-d577593fabcb@group-AEFF648B0F59:LeaderElection77] INFO  impl.RoleInfo (RoleInfo.java:shutdownLeaderElection(134)) - ce8ac917-2646-4112-adf7-d577593fabcb: shutdown LeaderElection
2019-09-25 05:31:43,421 [pool-27-thread-1] INFO  segmented.SegmentedRaftLogWorker (SegmentedRaftLogWorker.java:lambda$new$0(132)) - f9c12371-c091-4b4a-8db2-6f0db97bbab3@group-43825EC81F5D-SegmentedRaftLogWorker: flushIndex: setUnconditionally 0 -> -1
2019-09-25 05:31:43,421 [f9c12371-c091-4b4a-8db2-6f0db97bbab3@group-0EC8D23D101B:LeaderElection78] INFO  impl.RaftServerImpl (RaftServerImpl.java:setRole(174)) - f9c12371-c091-4b4a-8db2-6f0db97bbab3@group-0EC8D23D101B: changes role from CANDIDATE to FOLLOWER at term 4 for DISCOVERED_A_NEW_TERM
2019-09-25 05:31:43,427 [ce8ac917-2646-4112-adf7-d577593fabcb@group-AEFF648B0F59:LeaderElection77] INFO  impl.RoleInfo (RoleInfo.java:updateAndGet(143)) - ce8ac917-2646-4112-adf7-d577593fabcb: start FollowerState
2019-09-25 05:31:43,428 [pool-27-thread-1] INFO  server.RaftServerConfigKeys (ConfUtils.java:logGet(43)) - raft.server.snapshot.auto.trigger.enabled = true (custom)
2019-09-25 05:31:43,422 [e997a993-6131-47bf-96c8-764e04cb5c0e@group-60724A24602F:LeaderElection79] INFO  impl.RaftServerImpl (RaftServerImpl.java:setRole(174)) - e997a993-6131-47bf-96c8-764e04cb5c0e@group-60724A24602F: changes role from CANDIDATE to FOLLOWER at term 6 for DISCOVERED_A_NEW_TERM
2019-09-25 05:31:43,428 [e997a993-6131-47bf-96c8-764e04cb5c0e@group-60724A24602F:LeaderElection79] INFO  impl.RoleInfo (RoleInfo.java:shutdownLeaderElection(134)) - e997a993-6131-47bf-96c8-764e04cb5c0e: shutdown LeaderElection
2019-09-25 05:31:43,422 [pool-117-thread-1] INFO  server.RaftServerConfigKeys (ConfUtils.java:logGet(43)) - raft.server.snapshot.auto.trigger.threshold = 10000 (custom)
2019-09-25 05:31:43,428 [e997a993-6131-47bf-96c8-764e04cb5c0e@group-60724A24602F:LeaderElection79] INFO  impl.RoleInfo (RoleInfo.java:updateAndGet(143)) - e997a993-6131-47bf-96c8-764e04cb5c0e: start FollowerState
2019-09-25 05:31:43,428 [0d4a37ed-4cec-423a-a360-e4a879eb6bc0@group-059250D1A272:LeaderElection82] INFO  impl.LeaderElection (LeaderElection.java:logAndReturn(56)) - 0d4a37ed-4cec-423a-a360-e4a879eb6bc0@group-059250D1A272:LeaderElection82: Election REJECTED; received 2 response(s) [0d4a37ed-4cec-423a-a360-e4a879eb6bc0<-5c3318fc-c419-4298-b427-bf5a9ca27bf0#0:FAIL-t6, 0d4a37ed-4cec-423a-a360-e4a879eb6bc0<-61946a22-29ed-4e77-8449-fae4cd9869e9#0:FAIL-t6] and 0 exception(s); 0d4a37ed-4cec-423a-a360-e4a879eb6bc0@group-059250D1A272:t6, leader=null, voted=0d4a37ed-4cec-423a-a360-e4a879eb6bc0, raftlog=0d4a37ed-4cec-423a-a360-e4a879eb6bc0@group-059250D1A272-SegmentedRaftLog:OPENED:c-1,f-1,i0, conf=-1: [5c3318fc-c419-4298-b427-bf5a9ca27bf0:192.168.36.126:46795, 61946a22-29ed-4e77-8449-fae4cd9869e9:192.168.36.126:36814, 0d4a37ed-4cec-423a-a360-e4a879eb6bc0:192.168.36.126:37817], old=null
2019-09-25 05:31:43,428 [pool-27-thread-1] INFO  server.RaftServerConfigKeys (ConfUtils.java:logGet(43)) - raft.server.snapshot.auto.trigger.threshold = 10000 (custom)
2019-09-25 05:31:43,428 [pool-87-thread-1] INFO  util.JmxRegister (JmxRegister.java:tryRegister(44)) - Successfully registered JMX Bean with object name Ratis:service=RaftServer,group=group-43825EC81F5D,id=ce8ac917-2646-4112-adf7-d577593fabcb
2019-09-25 05:31:43,427 [f9c12371-c091-4b4a-8db2-6f0db97bbab3@group-0EC8D23D101B:LeaderElection78] INFO  impl.RoleInfo (RoleInfo.java:shutdownLeaderElection(134)) - f9c12371-c091-4b4a-8db2-6f0db97bbab3: shutdown LeaderElection
2019-09-25 05:31:43,429 [pool-27-thread-1] INFO  server.RaftServerConfigKeys (ConfUtils.java:logGet(43)) - raft.server.snapshot.retention.num.files = 5 (custom)
2019-09-25 05:31:43,429 [0d4a37ed-4cec-423a-a360-e4a879eb6bc0@group-059250D1A272:LeaderElection82] INFO  impl.RaftServerImpl (RaftServerImpl.java:setRole(174)) - 0d4a37ed-4cec-423a-a360-e4a879eb6bc0@group-059250D1A272: changes role from CANDIDATE to FOLLOWER at term 6 for DISCOVERED_A_NEW_TERM
2019-09-25 05:31:43,428 [pool-117-thread-1] INFO  server.RaftServerConfigKeys (ConfUtils.java:logGet(43)) - raft.server.snapshot.retention.num.files = 5 (custom)
2019-09-25 05:31:43,430 [616f9f8f-9479-40f4-8c03-f125dcbf9c7f@group-60724A24602F:LeaderElection81] INFO  impl.LeaderElection (LeaderElection.java:logAndReturn(56)) - 616f9f8f-9479-40f4-8c03-f125dcbf9c7f@group-60724A24602F:LeaderElection81: Election REJECTED; received 2 response(s) [616f9f8f-9479-40f4-8c03-f125dcbf9c7f<-fd2f3f79-5d7b-4d37-bb24-b15dfe7f18d7#0:FAIL-t6, 616f9f8f-9479-40f4-8c03-f125dcbf9c7f<-e997a993-6131-47bf-96c8-764e04cb5c0e#0:FAIL-t6] and 0 exception(s); 616f9f8f-9479-40f4-8c03-f125dcbf9c7f@group-60724A24602F:t6, leader=null, voted=616f9f8f-9479-40f4-8c03-f125dcbf9c7f, raftlog=616f9f8f-9479-40f4-8c03-f125dcbf9c7f@group-60724A24602F-SegmentedRaftLog:OPENED:c-1,f-1,i0, conf=-1: [616f9f8f-9479-40f4-8c03-f125dcbf9c7f:192.168.36.126:39694, e997a993-6131-47bf-96c8-764e04cb5c0e:192.168.36.126:37678, fd2f3f79-5d7b-4d37-bb24-b15dfe7f18d7:192.168.36.126:42280], old=null
2019-09-25 05:31:43,430 [0d4a37ed-4cec-423a-a360-e4a879eb6bc0@group-21C2C432FD88:LeaderElection83] INFO  impl.LeaderElection (LeaderElection.java:logAndReturn(56)) - 0d4a37ed-4cec-423a-a360-e4a879eb6bc0@group-21C2C432FD88:LeaderElection83: Election REJECTED; received 2 response(s) [0d4a37ed-4cec-423a-a360-e4a879eb6bc0<-5c3318fc-c419-4298-b427-bf5a9ca27bf0#0:FAIL-t7, 0d4a37ed-4cec-423a-a360-e4a879eb6bc0<-61946a22-29ed-4e77-8449-fae4cd9869e9#0:FAIL-t7] and 0 exception(s); 0d4a37ed-4cec-423a-a360-e4a879eb6bc0@group-21C2C432FD88:t7, leader=null, voted=0d4a37ed-4cec-423a-a360-e4a879eb6bc0, raftlog=0d4a37ed-4cec-423a-a360-e4a879eb6bc0@group-21C2C432FD88-SegmentedRaftLog:OPENED:c-1,f-1,i0, conf=-1: [5c3318fc-c419-4298-b427-bf5a9ca27bf0:192.168.36.126:46795, 61946a22-29ed-4e77-8449-fae4cd9869e9:192.168.36.126:36814, 0d4a37ed-4cec-423a-a360-e4a879eb6bc0:192.168.36.126:37817], old=null
2019-09-25 05:31:43,430 [0d4a37ed-4cec-423a-a360-e4a879eb6bc0@group-059250D1A272:LeaderElection82] INFO  impl.RoleInfo (RoleInfo.java:shutdownLeaderElection(134)) - 0d4a37ed-4cec-423a-a360-e4a879eb6bc0: shutdown LeaderElection
2019-09-25 05:31:43,430 [pool-27-thread-1] INFO  server.RaftServerConfigKeys (ConfUtils.java:logGet(43)) - raft.server.retrycache.expirytime = 600000ms (custom)
2019-09-25 05:31:43,430 [f9c12371-c091-4b4a-8db2-6f0db97bbab3@group-0EC8D23D101B:LeaderElection78] INFO  impl.RoleInfo (RoleInfo.java:updateAndGet(143)) - f9c12371-c091-4b4a-8db2-6f0db97bbab3: start FollowerState
2019-09-25 05:31:43,431 [0d4a37ed-4cec-423a-a360-e4a879eb6bc0@group-059250D1A272:LeaderElection82] INFO  impl.RoleInfo (RoleInfo.java:updateAndGet(143)) - 0d4a37ed-4cec-423a-a360-e4a879eb6bc0: start FollowerState
2019-09-25 05:31:43,431 [fd2f3f79-5d7b-4d37-bb24-b15dfe7f18d7@group-60724A24602F:LeaderElection86] INFO  impl.LeaderElection (LeaderElection.java:logAndReturn(56)) - fd2f3f79-5d7b-4d37-bb24-b15dfe7f18d7@group-60724A24602F:LeaderElection86: Election REJECTED; received 2 response(s) [fd2f3f79-5d7b-4d37-bb24-b15dfe7f18d7<-616f9f8f-9479-40f4-8c03-f125dcbf9c7f#0:FAIL-t6, fd2f3f79-5d7b-4d37-bb24-b15dfe7f18d7<-e997a993-6131-47bf-96c8-764e04cb5c0e#0:FAIL-t6] and 0 exception(s); fd2f3f79-5d7b-4d37-bb24-b15dfe7f18d7@group-60724A24602F:t6, leader=null, voted=fd2f3f79-5d7b-4d37-bb24-b15dfe7f18d7, raftlog=fd2f3f79-5d7b-4d37-bb24-b15dfe7f18d7@group-60724A24602F-SegmentedRaftLog:OPENED:c-1,f-1,i0, conf=-1: [616f9f8f-9479-40f4-8c03-f125dcbf9c7f:192.168.36.126:39694, e997a993-6131-47bf-96c8-764e04cb5c0e:192.168.36.126:37678, fd2f3f79-5d7b-4d37-bb24-b15dfe7f18d7:192.168.36.126:42280], old=null
2019-09-25 05:31:43,431 [0d4a37ed-4cec-423a-a360-e4a879eb6bc0@group-21C2C432FD88:LeaderElection83] INFO  impl.RaftServerImpl (RaftServerImpl.java:setRole(174)) - 0d4a37ed-4cec-423a-a360-e4a879eb6bc0@group-21C2C432FD88: changes role from CANDIDATE to FOLLOWER at term 7 for DISCOVERED_A_NEW_TERM
2019-09-25 05:31:43,430 [616f9f8f-9479-40f4-8c03-f125dcbf9c7f@group-60724A24602F:LeaderElection81] INFO  impl.RaftServerImpl (RaftServerImpl.java:setRole(174)) - 616f9f8f-9479-40f4-8c03-f125dcbf9c7f@group-60724A24602F: changes role from CANDIDATE to FOLLOWER at term 6 for DISCOVERED_A_NEW_TERM
2019-09-25 05:31:43,430 [pool-117-thread-1] INFO  server.RaftServerConfigKeys (ConfUtils.java:logGet(43)) - raft.server.retrycache.expirytime = 600000ms (custom)
2019-09-25 05:31:43,432 [616f9f8f-9479-40f4-8c03-f125dcbf9c7f@group-60724A24602F:LeaderElection81] INFO  impl.RoleInfo (RoleInfo.java:shutdownLeaderElection(134)) - 616f9f8f-9479-40f4-8c03-f125dcbf9c7f: shutdown LeaderElection
2019-09-25 05:31:43,432 [0d4a37ed-4cec-423a-a360-e4a879eb6bc0@group-21C2C432FD88:LeaderElection83] INFO  impl.RoleInfo (RoleInfo.java:shutdownLeaderElection(134)) - 0d4a37ed-4cec-423a-a360-e4a879eb6bc0: shutdown LeaderElection
2019-09-25 05:31:43,432 [5c3318fc-c419-4298-b427-bf5a9ca27bf0@group-21C2C432FD88:LeaderElection75] INFO  impl.LeaderElection (LeaderElection.java:logAndReturn(56)) - 5c3318fc-c419-4298-b427-bf5a9ca27bf0@group-21C2C432FD88:LeaderElection75: Election REJECTED; received 2 response(s) [5c3318fc-c419-4298-b427-bf5a9ca27bf0<-61946a22-29ed-4e77-8449-fae4cd9869e9#0:FAIL-t7, 5c3318fc-c419-4298-b427-bf5a9ca27bf0<-0d4a37ed-4cec-423a-a360-e4a879eb6bc0#0:FAIL-t7] and 0 exception(s); 5c3318fc-c419-4298-b427-bf5a9ca27bf0@group-21C2C432FD88:t7, leader=null, voted=5c3318fc-c419-4298-b427-bf5a9ca27bf0, raftlog=5c3318fc-c419-4298-b427-bf5a9ca27bf0@group-21C2C432FD88-SegmentedRaftLog:OPENED:c-1,f-1,i0, conf=-1: [5c3318fc-c419-4298-b427-bf5a9ca27bf0:192.168.36.126:46795, 61946a22-29ed-4e77-8449-fae4cd9869e9:192.168.36.126:36814, 0d4a37ed-4cec-423a-a360-e4a879eb6bc0:192.168.36.126:37817], old=null
2019-09-25 05:31:43,431 [fd2f3f79-5d7b-4d37-bb24-b15dfe7f18d7@group-60724A24602F:LeaderElection86] INFO  impl.RaftServerImpl (RaftServerImpl.java:setRole(174)) - fd2f3f79-5d7b-4d37-bb24-b15dfe7f18d7@group-60724A24602F: changes role from CANDIDATE to FOLLOWER at term 6 for DISCOVERED_A_NEW_TERM
2019-09-25 05:31:43,431 [61946a22-29ed-4e77-8449-fae4cd9869e9@group-059250D1A272:LeaderElection84] INFO  impl.LeaderElection (LeaderElection.java:logAndReturn(56)) - 61946a22-29ed-4e77-8449-fae4cd9869e9@group-059250D1A272:LeaderElection84: Election REJECTED; received 2 response(s) [61946a22-29ed-4e77-8449-fae4cd9869e9<-5c3318fc-c419-4298-b427-bf5a9ca27bf0#0:FAIL-t6, 61946a22-29ed-4e77-8449-fae4cd9869e9<-0d4a37ed-4cec-423a-a360-e4a879eb6bc0#0:FAIL-t6] and 0 exception(s); 61946a22-29ed-4e77-8449-fae4cd9869e9@group-059250D1A272:t6, leader=null, voted=61946a22-29ed-4e77-8449-fae4cd9869e9, raftlog=61946a22-29ed-4e77-8449-fae4cd9869e9@group-059250D1A272-SegmentedRaftLog:OPENED:c-1,f-1,i0, conf=-1: [5c3318fc-c419-4298-b427-bf5a9ca27bf0:192.168.36.126:46795, 61946a22-29ed-4e77-8449-fae4cd9869e9:192.168.36.126:36814, 0d4a37ed-4cec-423a-a360-e4a879eb6bc0:192.168.36.126:37817], old=null
2019-09-25 05:31:43,433 [fd2f3f79-5d7b-4d37-bb24-b15dfe7f18d7@group-60724A24602F:LeaderElection86] INFO  impl.RoleInfo (RoleInfo.java:shutdownLeaderElection(134)) - fd2f3f79-5d7b-4d37-bb24-b15dfe7f18d7: shutdown LeaderElection
2019-09-25 05:31:43,433 [5c3318fc-c419-4298-b427-bf5a9ca27bf0@group-21C2C432FD88:LeaderElection75] INFO  impl.RaftServerImpl (RaftServerImpl.java:setRole(174)) - 5c3318fc-c419-4298-b427-bf5a9ca27bf0@group-21C2C432FD88: changes role from CANDIDATE to FOLLOWER at term 7 for DISCOVERED_A_NEW_TERM
2019-09-25 05:31:43,432 [0d4a37ed-4cec-423a-a360-e4a879eb6bc0@group-21C2C432FD88:LeaderElection83] INFO  impl.RoleInfo (RoleInfo.java:updateAndGet(143)) - 0d4a37ed-4cec-423a-a360-e4a879eb6bc0: start FollowerState
2019-09-25 05:31:43,432 [ce8ac917-2646-4112-adf7-d577593fabcb@group-0EC8D23D101B:LeaderElection85] INFO  impl.LeaderElection (LeaderElection.java:logAndReturn(56)) - ce8ac917-2646-4112-adf7-d577593fabcb@group-0EC8D23D101B:LeaderElection85: Election REJECTED; received 2 response(s) [ce8ac917-2646-4112-adf7-d577593fabcb<-a58d7528-614e-4c39-a3a3-38beaa9905aa#0:FAIL-t4, ce8ac917-2646-4112-adf7-d577593fabcb<-f9c12371-c091-4b4a-8db2-6f0db97bbab3#0:FAIL-t4] and 0 exception(s); ce8ac917-2646-4112-adf7-d577593fabcb@group-0EC8D23D101B:t4, leader=null, voted=ce8ac917-2646-4112-adf7-d577593fabcb, raftlog=ce8ac917-2646-4112-adf7-d577593fabcb@group-0EC8D23D101B-SegmentedRaftLog:OPENED:c-1,f-1,i0, conf=-1: [a58d7528-614e-4c39-a3a3-38beaa9905aa:192.168.36.126:37942, f9c12371-c091-4b4a-8db2-6f0db97bbab3:192.168.36.126:46560, ce8ac917-2646-4112-adf7-d577593fabcb:192.168.36.126:37960], old=null
2019-09-25 05:31:43,432 [616f9f8f-9479-40f4-8c03-f125dcbf9c7f@group-60724A24602F:LeaderElection81] INFO  impl.RoleInfo (RoleInfo.java:updateAndGet(143)) - 616f9f8f-9479-40f4-8c03-f125dcbf9c7f: start FollowerState
2019-09-25 05:31:43,434 [ce8ac917-2646-4112-adf7-d577593fabcb@group-0EC8D23D101B:LeaderElection85] INFO  impl.RaftServerImpl (RaftServerImpl.java:setRole(174)) - ce8ac917-2646-4112-adf7-d577593fabcb@group-0EC8D23D101B: changes role from CANDIDATE to FOLLOWER at term 4 for DISCOVERED_A_NEW_TERM
2019-09-25 05:31:43,433 [5c3318fc-c419-4298-b427-bf5a9ca27bf0@group-21C2C432FD88:LeaderElection75] INFO  impl.RoleInfo (RoleInfo.java:shutdownLeaderElection(134)) - 5c3318fc-c419-4298-b427-bf5a9ca27bf0: shutdown LeaderElection
2019-09-25 05:31:43,433 [fd2f3f79-5d7b-4d37-bb24-b15dfe7f18d7@group-60724A24602F:LeaderElection86] INFO  impl.RoleInfo (RoleInfo.java:updateAndGet(143)) - fd2f3f79-5d7b-4d37-bb24-b15dfe7f18d7: start FollowerState
2019-09-25 05:31:43,433 [61946a22-29ed-4e77-8449-fae4cd9869e9@group-059250D1A272:LeaderElection84] INFO  impl.RaftServerImpl (RaftServerImpl.java:setRole(174)) - 61946a22-29ed-4e77-8449-fae4cd9869e9@group-059250D1A272: changes role from CANDIDATE to FOLLOWER at term 6 for DISCOVERED_A_NEW_TERM
2019-09-25 05:31:43,434 [5c3318fc-c419-4298-b427-bf5a9ca27bf0@group-21C2C432FD88:LeaderElection75] INFO  impl.RoleInfo (RoleInfo.java:updateAndGet(143)) - 5c3318fc-c419-4298-b427-bf5a9ca27bf0: start FollowerState
2019-09-25 05:31:43,434 [ce8ac917-2646-4112-adf7-d577593fabcb@group-0EC8D23D101B:LeaderElection85] INFO  impl.RoleInfo (RoleInfo.java:shutdownLeaderElection(134)) - ce8ac917-2646-4112-adf7-d577593fabcb: shutdown LeaderElection
2019-09-25 05:31:43,434 [61946a22-29ed-4e77-8449-fae4cd9869e9@group-059250D1A272:LeaderElection84] INFO  impl.RoleInfo (RoleInfo.java:shutdownLeaderElection(134)) - 61946a22-29ed-4e77-8449-fae4cd9869e9: shutdown LeaderElection
2019-09-25 05:31:43,435 [ce8ac917-2646-4112-adf7-d577593fabcb@group-0EC8D23D101B:LeaderElection85] INFO  impl.RoleInfo (RoleInfo.java:updateAndGet(143)) - ce8ac917-2646-4112-adf7-d577593fabcb: start FollowerState
2019-09-25 05:31:43,435 [61946a22-29ed-4e77-8449-fae4cd9869e9@group-059250D1A272:LeaderElection84] INFO  impl.RoleInfo (RoleInfo.java:updateAndGet(143)) - 61946a22-29ed-4e77-8449-fae4cd9869e9: start FollowerState
2019-09-25 05:31:43,435 [pool-27-thread-1] INFO  impl.RaftServerImpl (RaftServerImpl.java:start(185)) - f9c12371-c091-4b4a-8db2-6f0db97bbab3@group-43825EC81F5D: start as a follower, conf=-1: [a58d7528-614e-4c39-a3a3-38beaa9905aa:192.168.36.126:37942, f9c12371-c091-4b4a-8db2-6f0db97bbab3:192.168.36.126:46560, ce8ac917-2646-4112-adf7-d577593fabcb:192.168.36.126:37960], old=null
2019-09-25 05:31:43,435 [pool-27-thread-1] INFO  impl.RaftServerImpl (RaftServerImpl.java:setRole(174)) - f9c12371-c091-4b4a-8db2-6f0db97bbab3@group-43825EC81F5D: changes role from      null to FOLLOWER at term 0 for startAsFollower
2019-09-25 05:31:43,435 [pool-27-thread-1] INFO  impl.RoleInfo (RoleInfo.java:updateAndGet(143)) - f9c12371-c091-4b4a-8db2-6f0db97bbab3: start FollowerState
2019-09-25 05:31:43,436 [pool-117-thread-1] INFO  impl.RaftServerImpl (RaftServerImpl.java:start(185)) - a58d7528-614e-4c39-a3a3-38beaa9905aa@group-43825EC81F5D: start as a follower, conf=-1: [a58d7528-614e-4c39-a3a3-38beaa9905aa:192.168.36.126:37942, f9c12371-c091-4b4a-8db2-6f0db97bbab3:192.168.36.126:46560, ce8ac917-2646-4112-adf7-d577593fabcb:192.168.36.126:37960], old=null
2019-09-25 05:31:43,436 [pool-27-thread-1] INFO  util.JmxRegister (JmxRegister.java:tryRegister(44)) - Successfully registered JMX Bean with object name Ratis:service=RaftServer,group=group-43825EC81F5D,id=f9c12371-c091-4b4a-8db2-6f0db97bbab3
2019-09-25 05:31:43,436 [pool-117-thread-1] INFO  impl.RaftServerImpl (RaftServerImpl.java:setRole(174)) - a58d7528-614e-4c39-a3a3-38beaa9905aa@group-43825EC81F5D: changes role from      null to FOLLOWER at term 0 for startAsFollower
2019-09-25 05:31:43,436 [pool-117-thread-1] INFO  impl.RoleInfo (RoleInfo.java:updateAndGet(143)) - a58d7528-614e-4c39-a3a3-38beaa9905aa: start FollowerState
2019-09-25 05:31:43,437 [pool-117-thread-1] INFO  util.JmxRegister (JmxRegister.java:tryRegister(44)) - Successfully registered JMX Bean with object name Ratis:service=RaftServer,group=group-43825EC81F5D,id=a58d7528-614e-4c39-a3a3-38beaa9905aa
2019-09-25 05:31:44,429 [Thread-718] INFO  impl.FollowerState (FollowerState.java:run(106)) - a58d7528-614e-4c39-a3a3-38beaa9905aa:group-0EC8D23D101B changes to CANDIDATE, lastRpcTime:1007, electionTimeout:1006ms
2019-09-25 05:31:44,429 [Thread-718] INFO  impl.RoleInfo (RoleInfo.java:shutdownFollowerState(121)) - a58d7528-614e-4c39-a3a3-38beaa9905aa: shutdown FollowerState
2019-09-25 05:31:44,430 [Thread-718] INFO  impl.RaftServerImpl (RaftServerImpl.java:setRole(174)) - a58d7528-614e-4c39-a3a3-38beaa9905aa@group-0EC8D23D101B: changes role from  FOLLOWER to CANDIDATE at term 4 for changeToCandidate
2019-09-25 05:31:44,430 [Thread-718] INFO  impl.RoleInfo (RoleInfo.java:updateAndGet(143)) - a58d7528-614e-4c39-a3a3-38beaa9905aa: start LeaderElection
2019-09-25 05:31:44,435 [Thread-713] INFO  impl.FollowerState (FollowerState.java:run(106)) - a58d7528-614e-4c39-a3a3-38beaa9905aa:group-AEFF648B0F59 changes to CANDIDATE, lastRpcTime:1019, electionTimeout:1018ms
2019-09-25 05:31:44,435 [Thread-713] INFO  impl.RoleInfo (RoleInfo.java:shutdownFollowerState(121)) - a58d7528-614e-4c39-a3a3-38beaa9905aa: shutdown FollowerState
2019-09-25 05:31:44,435 [Thread-713] INFO  impl.RaftServerImpl (RaftServerImpl.java:setRole(174)) - a58d7528-614e-4c39-a3a3-38beaa9905aa@group-AEFF648B0F59: changes role from  FOLLOWER to CANDIDATE at term 4 for changeToCandidate
2019-09-25 05:31:44,435 [Thread-713] INFO  impl.RoleInfo (RoleInfo.java:updateAndGet(143)) - a58d7528-614e-4c39-a3a3-38beaa9905aa: start LeaderElection
2019-09-25 05:31:44,448 [Thread-716] INFO  impl.FollowerState (FollowerState.java:run(106)) - f9c12371-c091-4b4a-8db2-6f0db97bbab3:group-AEFF648B0F59 changes to CANDIDATE, lastRpcTime:1028, electionTimeout:1028ms
2019-09-25 05:31:44,448 [Thread-716] INFO  impl.RoleInfo (RoleInfo.java:shutdownFollowerState(121)) - f9c12371-c091-4b4a-8db2-6f0db97bbab3: shutdown FollowerState
2019-09-25 05:31:44,449 [Thread-716] INFO  impl.RaftServerImpl (RaftServerImpl.java:setRole(174)) - f9c12371-c091-4b4a-8db2-6f0db97bbab3@group-AEFF648B0F59: changes role from  FOLLOWER to CANDIDATE at term 4 for changeToCandidate
2019-09-25 05:31:44,449 [Thread-716] INFO  impl.RoleInfo (RoleInfo.java:updateAndGet(143)) - f9c12371-c091-4b4a-8db2-6f0db97bbab3: start LeaderElection
2019-09-25 05:31:44,465 [Thread-732] INFO  impl.FollowerState (FollowerState.java:run(106)) - f9c12371-c091-4b4a-8db2-6f0db97bbab3:group-43825EC81F5D changes to CANDIDATE, lastRpcTime:1029, electionTimeout:1029ms
2019-09-25 05:31:44,465 [Thread-732] INFO  impl.RoleInfo (RoleInfo.java:shutdownFollowerState(121)) - f9c12371-c091-4b4a-8db2-6f0db97bbab3: shutdown FollowerState
2019-09-25 05:31:44,465 [Thread-732] INFO  impl.RaftServerImpl (RaftServerImpl.java:setRole(174)) - f9c12371-c091-4b4a-8db2-6f0db97bbab3@group-43825EC81F5D: changes role from  FOLLOWER to CANDIDATE at term 0 for changeToCandidate
2019-09-25 05:31:44,465 [Thread-732] INFO  impl.RoleInfo (RoleInfo.java:updateAndGet(143)) - f9c12371-c091-4b4a-8db2-6f0db97bbab3: start LeaderElection
2019-09-25 05:31:44,474 [Thread-725] INFO  impl.FollowerState (FollowerState.java:run(106)) - 0d4a37ed-4cec-423a-a360-e4a879eb6bc0:group-059250D1A272 changes to CANDIDATE, lastRpcTime:1042, electionTimeout:1042ms
2019-09-25 05:31:44,474 [Thread-725] INFO  impl.RoleInfo (RoleInfo.java:shutdownFollowerState(121)) - 0d4a37ed-4cec-423a-a360-e4a879eb6bc0: shutdown FollowerState
2019-09-25 05:31:44,474 [Thread-725] INFO  impl.RaftServerImpl (RaftServerImpl.java:setRole(174)) - 0d4a37ed-4cec-423a-a360-e4a879eb6bc0@group-059250D1A272: changes role from  FOLLOWER to CANDIDATE at term 6 for changeToCandidate
2019-09-25 05:31:44,474 [Thread-725] INFO  impl.RoleInfo (RoleInfo.java:updateAndGet(143)) - 0d4a37ed-4cec-423a-a360-e4a879eb6bc0: start LeaderElection
2019-09-25 05:31:44,500 [Thread-730] INFO  impl.FollowerState (FollowerState.java:run(106)) - ce8ac917-2646-4112-adf7-d577593fabcb:group-0EC8D23D101B changes to CANDIDATE, lastRpcTime:1065, electionTimeout:1065ms
2019-09-25 05:31:44,500 [Thread-730] INFO  impl.RoleInfo (RoleInfo.java:shutdownFollowerState(121)) - ce8ac917-2646-4112-adf7-d577593fabcb: shutdown FollowerState
2019-09-25 05:31:44,500 [Thread-730] INFO  impl.RaftServerImpl (RaftServerImpl.java:setRole(174)) - ce8ac917-2646-4112-adf7-d577593fabcb@group-0EC8D23D101B: changes role from  FOLLOWER to CANDIDATE at term 4 for changeToCandidate
2019-09-25 05:31:44,501 [Thread-730] INFO  impl.RoleInfo (RoleInfo.java:updateAndGet(143)) - ce8ac917-2646-4112-adf7-d577593fabcb: start LeaderElection
2019-09-25 05:31:44,528 [Thread-728] INFO  impl.FollowerState (FollowerState.java:run(106)) - fd2f3f79-5d7b-4d37-bb24-b15dfe7f18d7:group-60724A24602F changes to CANDIDATE, lastRpcTime:1094, electionTimeout:1093ms
2019-09-25 05:31:44,528 [Thread-728] INFO  impl.RoleInfo (RoleInfo.java:shutdownFollowerState(121)) - fd2f3f79-5d7b-4d37-bb24-b15dfe7f18d7: shutdown FollowerState
2019-09-25 05:31:44,528 [Thread-728] INFO  impl.RaftServerImpl (RaftServerImpl.java:setRole(174)) - fd2f3f79-5d7b-4d37-bb24-b15dfe7f18d7@group-60724A24602F: changes role from  FOLLOWER to CANDIDATE at term 6 for changeToCandidate
2019-09-25 05:31:44,528 [Thread-728] INFO  impl.RoleInfo (RoleInfo.java:updateAndGet(143)) - fd2f3f79-5d7b-4d37-bb24-b15dfe7f18d7: start LeaderElection
2019-09-25 05:31:44,530 [Thread-727] INFO  impl.FollowerState (FollowerState.java:run(106)) - 0d4a37ed-4cec-423a-a360-e4a879eb6bc0:group-21C2C432FD88 changes to CANDIDATE, lastRpcTime:1097, electionTimeout:1096ms
2019-09-25 05:31:44,530 [Thread-727] INFO  impl.RoleInfo (RoleInfo.java:shutdownFollowerState(121)) - 0d4a37ed-4cec-423a-a360-e4a879eb6bc0: shutdown FollowerState
2019-09-25 05:31:44,530 [Thread-727] INFO  impl.RaftServerImpl (RaftServerImpl.java:setRole(174)) - 0d4a37ed-4cec-423a-a360-e4a879eb6bc0@group-21C2C432FD88: changes role from  FOLLOWER to CANDIDATE at term 7 for changeToCandidate
2019-09-25 05:31:44,530 [Thread-727] INFO  impl.RoleInfo (RoleInfo.java:updateAndGet(143)) - 0d4a37ed-4cec-423a-a360-e4a879eb6bc0: start LeaderElection
2019-09-25 05:31:44,533 [Thread-733] INFO  impl.FollowerState (FollowerState.java:run(106)) - a58d7528-614e-4c39-a3a3-38beaa9905aa:group-43825EC81F5D changes to CANDIDATE, lastRpcTime:1096, electionTimeout:1096ms
2019-09-25 05:31:44,533 [Thread-733] INFO  impl.RoleInfo (RoleInfo.java:shutdownFollowerState(121)) - a58d7528-614e-4c39-a3a3-38beaa9905aa: shutdown FollowerState
2019-09-25 05:31:44,533 [Thread-733] INFO  impl.RaftServerImpl (RaftServerImpl.java:setRole(174)) - a58d7528-614e-4c39-a3a3-38beaa9905aa@group-43825EC81F5D: changes role from  FOLLOWER to CANDIDATE at term 0 for changeToCandidate
2019-09-25 05:31:44,533 [Thread-733] INFO  impl.RoleInfo (RoleInfo.java:updateAndGet(143)) - a58d7528-614e-4c39-a3a3-38beaa9905aa: start LeaderElection
2019-09-25 05:31:44,554 [Thread-720] INFO  impl.FollowerState (FollowerState.java:run(106)) - e997a993-6131-47bf-96c8-764e04cb5c0e:group-60724A24602F changes to CANDIDATE, lastRpcTime:1125, electionTimeout:1125ms
2019-09-25 05:31:44,554 [Thread-720] INFO  impl.RoleInfo (RoleInfo.java:shutdownFollowerState(121)) - e997a993-6131-47bf-96c8-764e04cb5c0e: shutdown FollowerState
2019-09-25 05:31:44,554 [Thread-720] INFO  impl.RaftServerImpl (RaftServerImpl.java:setRole(174)) - e997a993-6131-47bf-96c8-764e04cb5c0e@group-60724A24602F: changes role from  FOLLOWER to CANDIDATE at term 6 for changeToCandidate
2019-09-25 05:31:44,555 [Thread-720] INFO  impl.RoleInfo (RoleInfo.java:updateAndGet(143)) - e997a993-6131-47bf-96c8-764e04cb5c0e: start LeaderElection
2019-09-25 05:31:44,556 [Thread-715] INFO  impl.FollowerState (FollowerState.java:run(106)) - 61946a22-29ed-4e77-8449-fae4cd9869e9:group-21C2C432FD88 changes to CANDIDATE, lastRpcTime:1136, electionTimeout:1135ms
2019-09-25 05:31:44,556 [Thread-715] INFO  impl.RoleInfo (RoleInfo.java:shutdownFollowerState(121)) - 61946a22-29ed-4e77-8449-fae4cd9869e9: shutdown FollowerState
2019-09-25 05:31:44,556 [Thread-715] INFO  impl.RaftServerImpl (RaftServerImpl.java:setRole(174)) - 61946a22-29ed-4e77-8449-fae4cd9869e9@group-21C2C432FD88: changes role from  FOLLOWER to CANDIDATE at term 7 for changeToCandidate
2019-09-25 05:31:44,556 [Thread-715] INFO  impl.RoleInfo (RoleInfo.java:updateAndGet(143)) - 61946a22-29ed-4e77-8449-fae4cd9869e9: start LeaderElection
2019-09-25 05:31:44,557 [Thread-721] INFO  impl.FollowerState (FollowerState.java:run(106)) - f9c12371-c091-4b4a-8db2-6f0db97bbab3:group-0EC8D23D101B changes to CANDIDATE, lastRpcTime:1127, electionTimeout:1126ms
2019-09-25 05:31:44,557 [Thread-721] INFO  impl.RoleInfo (RoleInfo.java:shutdownFollowerState(121)) - f9c12371-c091-4b4a-8db2-6f0db97bbab3: shutdown FollowerState
2019-09-25 05:31:44,558 [Thread-721] INFO  impl.RaftServerImpl (RaftServerImpl.java:setRole(174)) - f9c12371-c091-4b4a-8db2-6f0db97bbab3@group-0EC8D23D101B: changes role from  FOLLOWER to CANDIDATE at term 4 for changeToCandidate
2019-09-25 05:31:44,558 [Thread-721] INFO  impl.RoleInfo (RoleInfo.java:updateAndGet(143)) - f9c12371-c091-4b4a-8db2-6f0db97bbab3: start LeaderElection
2019-09-25 05:31:44,567 [Thread-717] INFO  impl.FollowerState (FollowerState.java:run(106)) - ce8ac917-2646-4112-adf7-d577593fabcb:group-43825EC81F5D changes to CANDIDATE, lastRpcTime:1145, electionTimeout:1139ms
2019-09-25 05:31:44,567 [Thread-717] INFO  impl.RoleInfo (RoleInfo.java:shutdownFollowerState(121)) - ce8ac917-2646-4112-adf7-d577593fabcb: shutdown FollowerState
2019-09-25 05:31:44,567 [Thread-717] INFO  impl.RaftServerImpl (RaftServerImpl.java:setRole(174)) - ce8ac917-2646-4112-adf7-d577593fabcb@group-43825EC81F5D: changes role from  FOLLOWER to CANDIDATE at term 0 for changeToCandidate
2019-09-25 05:31:44,567 [Thread-717] INFO  impl.RoleInfo (RoleInfo.java:updateAndGet(143)) - ce8ac917-2646-4112-adf7-d577593fabcb: start LeaderElection
2019-09-25 05:31:44,579 [Thread-714] INFO  impl.FollowerState (FollowerState.java:run(106)) - 5c3318fc-c419-4298-b427-bf5a9ca27bf0:group-059250D1A272 changes to CANDIDATE, lastRpcTime:1161, electionTimeout:1161ms
2019-09-25 05:31:44,579 [Thread-714] INFO  impl.RoleInfo (RoleInfo.java:shutdownFollowerState(121)) - 5c3318fc-c419-4298-b427-bf5a9ca27bf0: shutdown FollowerState
2019-09-25 05:31:44,579 [Thread-714] INFO  impl.RaftServerImpl (RaftServerImpl.java:setRole(174)) - 5c3318fc-c419-4298-b427-bf5a9ca27bf0@group-059250D1A272: changes role from  FOLLOWER to CANDIDATE at term 6 for changeToCandidate
2019-09-25 05:31:44,579 [Thread-714] INFO  impl.RoleInfo (RoleInfo.java:updateAndGet(143)) - 5c3318fc-c419-4298-b427-bf5a9ca27bf0: start LeaderElection
2019-09-25 05:31:44,595 [Thread-726] INFO  impl.FollowerState (FollowerState.java:run(106)) - 616f9f8f-9479-40f4-8c03-f125dcbf9c7f:group-60724A24602F changes to CANDIDATE, lastRpcTime:1163, electionTimeout:1161ms
2019-09-25 05:31:44,595 [Thread-726] INFO  impl.RoleInfo (RoleInfo.java:shutdownFollowerState(121)) - 616f9f8f-9479-40f4-8c03-f125dcbf9c7f: shutdown FollowerState
2019-09-25 05:31:44,596 [Thread-726] INFO  impl.RaftServerImpl (RaftServerImpl.java:setRole(174)) - 616f9f8f-9479-40f4-8c03-f125dcbf9c7f@group-60724A24602F: changes role from  FOLLOWER to CANDIDATE at term 6 for changeToCandidate
2019-09-25 05:31:44,596 [Thread-726] INFO  impl.RoleInfo (RoleInfo.java:updateAndGet(143)) - 616f9f8f-9479-40f4-8c03-f125dcbf9c7f: start LeaderElection
2019-09-25 05:31:44,601 [Thread-729] INFO  impl.FollowerState (FollowerState.java:run(106)) - 5c3318fc-c419-4298-b427-bf5a9ca27bf0:group-21C2C432FD88 changes to CANDIDATE, lastRpcTime:1166, electionTimeout:1166ms
2019-09-25 05:31:44,601 [Thread-729] INFO  impl.RoleInfo (RoleInfo.java:shutdownFollowerState(121)) - 5c3318fc-c419-4298-b427-bf5a9ca27bf0: shutdown FollowerState
2019-09-25 05:31:44,601 [Thread-729] INFO  impl.RaftServerImpl (RaftServerImpl.java:setRole(174)) - 5c3318fc-c419-4298-b427-bf5a9ca27bf0@group-21C2C432FD88: changes role from  FOLLOWER to CANDIDATE at term 7 for changeToCandidate
2019-09-25 05:31:44,601 [Thread-729] INFO  impl.RoleInfo (RoleInfo.java:updateAndGet(143)) - 5c3318fc-c419-4298-b427-bf5a9ca27bf0: start LeaderElection
2019-09-25 05:31:44,609 [Thread-719] INFO  impl.FollowerState (FollowerState.java:run(106)) - ce8ac917-2646-4112-adf7-d577593fabcb:group-AEFF648B0F59 changes to CANDIDATE, lastRpcTime:1182, electionTimeout:1181ms
2019-09-25 05:31:44,609 [Thread-719] INFO  impl.RoleInfo (RoleInfo.java:shutdownFollowerState(121)) - ce8ac917-2646-4112-adf7-d577593fabcb: shutdown FollowerState
2019-09-25 05:31:44,610 [Thread-719] INFO  impl.RaftServerImpl (RaftServerImpl.java:setRole(174)) - ce8ac917-2646-4112-adf7-d577593fabcb@group-AEFF648B0F59: changes role from  FOLLOWER to CANDIDATE at term 4 for changeToCandidate
2019-09-25 05:31:44,610 [Thread-719] INFO  impl.RoleInfo (RoleInfo.java:updateAndGet(143)) - ce8ac917-2646-4112-adf7-d577593fabcb: start LeaderElection
2019-09-25 05:31:44,620 [Thread-731] INFO  impl.FollowerState (FollowerState.java:run(106)) - 61946a22-29ed-4e77-8449-fae4cd9869e9:group-059250D1A272 changes to CANDIDATE, lastRpcTime:1185, electionTimeout:1185ms
2019-09-25 05:31:44,620 [Thread-731] INFO  impl.RoleInfo (RoleInfo.java:shutdownFollowerState(121)) - 61946a22-29ed-4e77-8449-fae4cd9869e9: shutdown FollowerState
2019-09-25 05:31:44,620 [Thread-731] INFO  impl.RaftServerImpl (RaftServerImpl.java:setRole(174)) - 61946a22-29ed-4e77-8449-fae4cd9869e9@group-059250D1A272: changes role from  FOLLOWER to CANDIDATE at term 6 for changeToCandidate
2019-09-25 05:31:44,621 [Thread-731] INFO  impl.RoleInfo (RoleInfo.java:updateAndGet(143)) - 61946a22-29ed-4e77-8449-fae4cd9869e9: start LeaderElection
2019-09-25 05:31:44,772 [a58d7528-614e-4c39-a3a3-38beaa9905aa@group-0EC8D23D101B:LeaderElection87] INFO  impl.LeaderElection (LeaderElection.java:askForVotes(182)) - a58d7528-614e-4c39-a3a3-38beaa9905aa@group-0EC8D23D101B:LeaderElection87: begin an election at term 5 for -1: [a58d7528-614e-4c39-a3a3-38beaa9905aa:192.168.36.126:37942, f9c12371-c091-4b4a-8db2-6f0db97bbab3:192.168.36.126:46560, ce8ac917-2646-4112-adf7-d577593fabcb:192.168.36.126:37960], old=null
2019-09-25 05:31:44,772 [a58d7528-614e-4c39-a3a3-38beaa9905aa@group-AEFF648B0F59:LeaderElection88] INFO  impl.LeaderElection (LeaderElection.java:askForVotes(182)) - a58d7528-614e-4c39-a3a3-38beaa9905aa@group-AEFF648B0F59:LeaderElection88: begin an election at term 5 for -1: [a58d7528-614e-4c39-a3a3-38beaa9905aa:192.168.36.126:37942, f9c12371-c091-4b4a-8db2-6f0db97bbab3:192.168.36.126:46560, ce8ac917-2646-4112-adf7-d577593fabcb:192.168.36.126:37960], old=null
2019-09-25 05:31:44,868 [616f9f8f-9479-40f4-8c03-f125dcbf9c7f@group-60724A24602F:LeaderElection101] INFO  impl.LeaderElection (LeaderElection.java:askForVotes(182)) - 616f9f8f-9479-40f4-8c03-f125dcbf9c7f@group-60724A24602F:LeaderElection101: begin an election at term 7 for -1: [616f9f8f-9479-40f4-8c03-f125dcbf9c7f:192.168.36.126:39694, e997a993-6131-47bf-96c8-764e04cb5c0e:192.168.36.126:37678, fd2f3f79-5d7b-4d37-bb24-b15dfe7f18d7:192.168.36.126:42280], old=null
2019-09-25 05:31:44,868 [f9c12371-c091-4b4a-8db2-6f0db97bbab3@group-0EC8D23D101B:LeaderElection98] INFO  impl.LeaderElection (LeaderElection.java:askForVotes(182)) - f9c12371-c091-4b4a-8db2-6f0db97bbab3@group-0EC8D23D101B:LeaderElection98: begin an election at term 5 for -1: [a58d7528-614e-4c39-a3a3-38beaa9905aa:192.168.36.126:37942, f9c12371-c091-4b4a-8db2-6f0db97bbab3:192.168.36.126:46560, ce8ac917-2646-4112-adf7-d577593fabcb:192.168.36.126:37960], old=null
2019-09-25 05:31:44,868 [61946a22-29ed-4e77-8449-fae4cd9869e9@group-059250D1A272:LeaderElection104] INFO  impl.LeaderElection (LeaderElection.java:askForVotes(182)) - 61946a22-29ed-4e77-8449-fae4cd9869e9@group-059250D1A272:LeaderElection104: begin an election at term 7 for -1: [5c3318fc-c419-4298-b427-bf5a9ca27bf0:192.168.36.126:46795, 61946a22-29ed-4e77-8449-fae4cd9869e9:192.168.36.126:36814, 0d4a37ed-4cec-423a-a360-e4a879eb6bc0:192.168.36.126:37817], old=null
2019-09-25 05:31:44,868 [f9c12371-c091-4b4a-8db2-6f0db97bbab3@group-AEFF648B0F59:LeaderElection89] INFO  impl.LeaderElection (LeaderElection.java:askForVotes(182)) - f9c12371-c091-4b4a-8db2-6f0db97bbab3@group-AEFF648B0F59:LeaderElection89: begin an election at term 5 for -1: [a58d7528-614e-4c39-a3a3-38beaa9905aa:192.168.36.126:37942, f9c12371-c091-4b4a-8db2-6f0db97bbab3:192.168.36.126:46560, ce8ac917-2646-4112-adf7-d577593fabcb:192.168.36.126:37960], old=null
2019-09-25 05:31:44,868 [ce8ac917-2646-4112-adf7-d577593fabcb@group-0EC8D23D101B:LeaderElection92] INFO  impl.LeaderElection (LeaderElection.java:askForVotes(182)) - ce8ac917-2646-4112-adf7-d577593fabcb@group-0EC8D23D101B:LeaderElection92: begin an election at term 5 for -1: [a58d7528-614e-4c39-a3a3-38beaa9905aa:192.168.36.126:37942, f9c12371-c091-4b4a-8db2-6f0db97bbab3:192.168.36.126:46560, ce8ac917-2646-4112-adf7-d577593fabcb:192.168.36.126:37960], old=null
2019-09-25 05:31:44,868 [e997a993-6131-47bf-96c8-764e04cb5c0e@group-60724A24602F:LeaderElection96] INFO  impl.LeaderElection (LeaderElection.java:askForVotes(182)) - e997a993-6131-47bf-96c8-764e04cb5c0e@group-60724A24602F:LeaderElection96: begin an election at term 7 for -1: [616f9f8f-9479-40f4-8c03-f125dcbf9c7f:192.168.36.126:39694, e997a993-6131-47bf-96c8-764e04cb5c0e:192.168.36.126:37678, fd2f3f79-5d7b-4d37-bb24-b15dfe7f18d7:192.168.36.126:42280], old=null
2019-09-25 05:31:44,868 [5c3318fc-c419-4298-b427-bf5a9ca27bf0@group-059250D1A272:LeaderElection100] INFO  impl.LeaderElection (LeaderElection.java:askForVotes(182)) - 5c3318fc-c419-4298-b427-bf5a9ca27bf0@group-059250D1A272:LeaderElection100: begin an election at term 7 for -1: [5c3318fc-c419-4298-b427-bf5a9ca27bf0:192.168.36.126:46795, 61946a22-29ed-4e77-8449-fae4cd9869e9:192.168.36.126:36814, 0d4a37ed-4cec-423a-a360-e4a879eb6bc0:192.168.36.126:37817], old=null
2019-09-25 05:31:44,868 [a58d7528-614e-4c39-a3a3-38beaa9905aa@group-43825EC81F5D:LeaderElection95] INFO  impl.LeaderElection (LeaderElection.java:askForVotes(182)) - a58d7528-614e-4c39-a3a3-38beaa9905aa@group-43825EC81F5D:LeaderElection95: begin an election at term 1 for -1: [a58d7528-614e-4c39-a3a3-38beaa9905aa:192.168.36.126:37942, f9c12371-c091-4b4a-8db2-6f0db97bbab3:192.168.36.126:46560, ce8ac917-2646-4112-adf7-d577593fabcb:192.168.36.126:37960], old=null
2019-09-25 05:31:44,868 [61946a22-29ed-4e77-8449-fae4cd9869e9@group-21C2C432FD88:LeaderElection97] INFO  impl.LeaderElection (LeaderElection.java:askForVotes(182)) - 61946a22-29ed-4e77-8449-fae4cd9869e9@group-21C2C432FD88:LeaderElection97: begin an election at term 8 for -1: [5c3318fc-c419-4298-b427-bf5a9ca27bf0:192.168.36.126:46795, 61946a22-29ed-4e77-8449-fae4cd9869e9:192.168.36.126:36814, 0d4a37ed-4cec-423a-a360-e4a879eb6bc0:192.168.36.126:37817], old=null
2019-09-25 05:31:44,868 [0d4a37ed-4cec-423a-a360-e4a879eb6bc0@group-21C2C432FD88:LeaderElection94] INFO  impl.LeaderElection (LeaderElection.java:askForVotes(182)) - 0d4a37ed-4cec-423a-a360-e4a879eb6bc0@group-21C2C432FD88:LeaderElection94: begin an election at term 8 for -1: [5c3318fc-c419-4298-b427-bf5a9ca27bf0:192.168.36.126:46795, 61946a22-29ed-4e77-8449-fae4cd9869e9:192.168.36.126:36814, 0d4a37ed-4cec-423a-a360-e4a879eb6bc0:192.168.36.126:37817], old=null
2019-09-25 05:31:44,868 [ce8ac917-2646-4112-adf7-d577593fabcb@group-AEFF648B0F59:LeaderElection103] INFO  impl.LeaderElection (LeaderElection.java:askForVotes(182)) - ce8ac917-2646-4112-adf7-d577593fabcb@group-AEFF648B0F59:LeaderElection103: begin an election at term 5 for -1: [a58d7528-614e-4c39-a3a3-38beaa9905aa:192.168.36.126:37942, f9c12371-c091-4b4a-8db2-6f0db97bbab3:192.168.36.126:46560, ce8ac917-2646-4112-adf7-d577593fabcb:192.168.36.126:37960], old=null
2019-09-25 05:31:44,868 [5c3318fc-c419-4298-b427-bf5a9ca27bf0@group-21C2C432FD88:LeaderElection102] INFO  impl.LeaderElection (LeaderElection.java:askForVotes(182)) - 5c3318fc-c419-4298-b427-bf5a9ca27bf0@group-21C2C432FD88:LeaderElection102: begin an election at term 8 for -1: [5c3318fc-c419-4298-b427-bf5a9ca27bf0:192.168.36.126:46795, 61946a22-29ed-4e77-8449-fae4cd9869e9:192.168.36.126:36814, 0d4a37ed-4cec-423a-a360-e4a879eb6bc0:192.168.36.126:37817], old=null
2019-09-25 05:31:44,869 [fd2f3f79-5d7b-4d37-bb24-b15dfe7f18d7@group-60724A24602F:LeaderElection93] INFO  impl.LeaderElection (LeaderElection.java:askForVotes(182)) - fd2f3f79-5d7b-4d37-bb24-b15dfe7f18d7@group-60724A24602F:LeaderElection93: begin an election at term 7 for -1: [616f9f8f-9479-40f4-8c03-f125dcbf9c7f:192.168.36.126:39694, e997a993-6131-47bf-96c8-764e04cb5c0e:192.168.36.126:37678, fd2f3f79-5d7b-4d37-bb24-b15dfe7f18d7:192.168.36.126:42280], old=null
2019-09-25 05:31:44,868 [f9c12371-c091-4b4a-8db2-6f0db97bbab3@group-43825EC81F5D:LeaderElection90] INFO  impl.LeaderElection (LeaderElection.java:askForVotes(182)) - f9c12371-c091-4b4a-8db2-6f0db97bbab3@group-43825EC81F5D:LeaderElection90: begin an election at term 1 for -1: [a58d7528-614e-4c39-a3a3-38beaa9905aa:192.168.36.126:37942, f9c12371-c091-4b4a-8db2-6f0db97bbab3:192.168.36.126:46560, ce8ac917-2646-4112-adf7-d577593fabcb:192.168.36.126:37960], old=null
2019-09-25 05:31:44,868 [0d4a37ed-4cec-423a-a360-e4a879eb6bc0@group-059250D1A272:LeaderElection91] INFO  impl.LeaderElection (LeaderElection.java:askForVotes(182)) - 0d4a37ed-4cec-423a-a360-e4a879eb6bc0@group-059250D1A272:LeaderElection91: begin an election at term 7 for -1: [5c3318fc-c419-4298-b427-bf5a9ca27bf0:192.168.36.126:46795, 61946a22-29ed-4e77-8449-fae4cd9869e9:192.168.36.126:36814, 0d4a37ed-4cec-423a-a360-e4a879eb6bc0:192.168.36.126:37817], old=null
2019-09-25 05:31:44,868 [ce8ac917-2646-4112-adf7-d577593fabcb@group-43825EC81F5D:LeaderElection99] INFO  impl.LeaderElection (LeaderElection.java:askForVotes(182)) - ce8ac917-2646-4112-adf7-d577593fabcb@group-43825EC81F5D:LeaderElection99: begin an election at term 1 for -1: [a58d7528-614e-4c39-a3a3-38beaa9905aa:192.168.36.126:37942, f9c12371-c091-4b4a-8db2-6f0db97bbab3:192.168.36.126:46560, ce8ac917-2646-4112-adf7-d577593fabcb:192.168.36.126:37960], old=null
2019-09-25 05:31:44,873 [a58d7528-614e-4c39-a3a3-38beaa9905aa@group-0EC8D23D101B:LeaderElection87] INFO  impl.LeaderElection (LeaderElection.java:logAndReturn(56)) - a58d7528-614e-4c39-a3a3-38beaa9905aa@group-0EC8D23D101B:LeaderElection87: Election REJECTED; received 2 response(s) [a58d7528-614e-4c39-a3a3-38beaa9905aa<-f9c12371-c091-4b4a-8db2-6f0db97bbab3#0:FAIL-t5, a58d7528-614e-4c39-a3a3-38beaa9905aa<-ce8ac917-2646-4112-adf7-d577593fabcb#0:FAIL-t5] and 0 exception(s); a58d7528-614e-4c39-a3a3-38beaa9905aa@group-0EC8D23D101B:t5, leader=null, voted=a58d7528-614e-4c39-a3a3-38beaa9905aa, raftlog=a58d7528-614e-4c39-a3a3-38beaa9905aa@group-0EC8D23D101B-SegmentedRaftLog:OPENED:c-1,f-1,i0, conf=-1: [a58d7528-614e-4c39-a3a3-38beaa9905aa:192.168.36.126:37942, f9c12371-c091-4b4a-8db2-6f0db97bbab3:192.168.36.126:46560, ce8ac917-2646-4112-adf7-d577593fabcb:192.168.36.126:37960], old=null
2019-09-25 05:31:44,873 [a58d7528-614e-4c39-a3a3-38beaa9905aa@group-AEFF648B0F59:LeaderElection88] INFO  impl.LeaderElection (LeaderElection.java:logAndReturn(56)) - a58d7528-614e-4c39-a3a3-38beaa9905aa@group-AEFF648B0F59:LeaderElection88: Election REJECTED; received 2 response(s) [a58d7528-614e-4c39-a3a3-38beaa9905aa<-f9c12371-c091-4b4a-8db2-6f0db97bbab3#0:FAIL-t5, a58d7528-614e-4c39-a3a3-38beaa9905aa<-ce8ac917-2646-4112-adf7-d577593fabcb#0:FAIL-t5] and 0 exception(s); a58d7528-614e-4c39-a3a3-38beaa9905aa@group-AEFF648B0F59:t5, leader=null, voted=a58d7528-614e-4c39-a3a3-38beaa9905aa, raftlog=a58d7528-614e-4c39-a3a3-38beaa9905aa@group-AEFF648B0F59-SegmentedRaftLog:OPENED:c-1,f-1,i0, conf=-1: [a58d7528-614e-4c39-a3a3-38beaa9905aa:192.168.36.126:37942, f9c12371-c091-4b4a-8db2-6f0db97bbab3:192.168.36.126:46560, ce8ac917-2646-4112-adf7-d577593fabcb:192.168.36.126:37960], old=null
2019-09-25 05:31:44,874 [a58d7528-614e-4c39-a3a3-38beaa9905aa@group-0EC8D23D101B:LeaderElection87] INFO  impl.RaftServerImpl (RaftServerImpl.java:setRole(174)) - a58d7528-614e-4c39-a3a3-38beaa9905aa@group-0EC8D23D101B: changes role from CANDIDATE to FOLLOWER at term 5 for DISCOVERED_A_NEW_TERM
2019-09-25 05:31:44,875 [a58d7528-614e-4c39-a3a3-38beaa9905aa@group-AEFF648B0F59:LeaderElection88] INFO  impl.RaftServerImpl (RaftServerImpl.java:setRole(174)) - a58d7528-614e-4c39-a3a3-38beaa9905aa@group-AEFF648B0F59: changes role from CANDIDATE to FOLLOWER at term 5 for DISCOVERED_A_NEW_TERM
2019-09-25 05:31:44,875 [a58d7528-614e-4c39-a3a3-38beaa9905aa@group-0EC8D23D101B:LeaderElection87] INFO  impl.RoleInfo (RoleInfo.java:shutdownLeaderElection(134)) - a58d7528-614e-4c39-a3a3-38beaa9905aa: shutdown LeaderElection
2019-09-25 05:31:44,875 [a58d7528-614e-4c39-a3a3-38beaa9905aa@group-AEFF648B0F59:LeaderElection88] INFO  impl.RoleInfo (RoleInfo.java:shutdownLeaderElection(134)) - a58d7528-614e-4c39-a3a3-38beaa9905aa: shutdown LeaderElection
2019-09-25 05:31:44,875 [a58d7528-614e-4c39-a3a3-38beaa9905aa@group-0EC8D23D101B:LeaderElection87] INFO  impl.RoleInfo (RoleInfo.java:updateAndGet(143)) - a58d7528-614e-4c39-a3a3-38beaa9905aa: start FollowerState
2019-09-25 05:31:44,875 [a58d7528-614e-4c39-a3a3-38beaa9905aa@group-AEFF648B0F59:LeaderElection88] INFO  impl.RoleInfo (RoleInfo.java:updateAndGet(143)) - a58d7528-614e-4c39-a3a3-38beaa9905aa: start FollowerState
2019-09-25 05:31:44,880 [61946a22-29ed-4e77-8449-fae4cd9869e9@group-059250D1A272:LeaderElection104] INFO  impl.LeaderElection (LeaderElection.java:logAndReturn(56)) - 61946a22-29ed-4e77-8449-fae4cd9869e9@group-059250D1A272:LeaderElection104: Election REJECTED; received 2 response(s) [61946a22-29ed-4e77-8449-fae4cd9869e9<-5c3318fc-c419-4298-b427-bf5a9ca27bf0#0:FAIL-t7, 61946a22-29ed-4e77-8449-fae4cd9869e9<-0d4a37ed-4cec-423a-a360-e4a879eb6bc0#0:FAIL-t7] and 0 exception(s); 61946a22-29ed-4e77-8449-fae4cd9869e9@group-059250D1A272:t7, leader=null, voted=61946a22-29ed-4e77-8449-fae4cd9869e9, raftlog=61946a22-29ed-4e77-8449-fae4cd9869e9@group-059250D1A272-SegmentedRaftLog:OPENED:c-1,f-1,i0, conf=-1: [5c3318fc-c419-4298-b427-bf5a9ca27bf0:192.168.36.126:46795, 61946a22-29ed-4e77-8449-fae4cd9869e9:192.168.36.126:36814, 0d4a37ed-4cec-423a-a360-e4a879eb6bc0:192.168.36.126:37817], old=null
2019-09-25 05:31:44,880 [ce8ac917-2646-4112-adf7-d577593fabcb@group-0EC8D23D101B:LeaderElection92] INFO  impl.LeaderElection (LeaderElection.java:logAndReturn(56)) - ce8ac917-2646-4112-adf7-d577593fabcb@group-0EC8D23D101B:LeaderElection92: Election REJECTED; received 2 response(s) [ce8ac917-2646-4112-adf7-d577593fabcb<-a58d7528-614e-4c39-a3a3-38beaa9905aa#0:FAIL-t5, ce8ac917-2646-4112-adf7-d577593fabcb<-f9c12371-c091-4b4a-8db2-6f0db97bbab3#0:FAIL-t5] and 0 exception(s); ce8ac917-2646-4112-adf7-d577593fabcb@group-0EC8D23D101B:t5, leader=null, voted=ce8ac917-2646-4112-adf7-d577593fabcb, raftlog=ce8ac917-2646-4112-adf7-d577593fabcb@group-0EC8D23D101B-SegmentedRaftLog:OPENED:c-1,f-1,i0, conf=-1: [a58d7528-614e-4c39-a3a3-38beaa9905aa:192.168.36.126:37942, f9c12371-c091-4b4a-8db2-6f0db97bbab3:192.168.36.126:46560, ce8ac917-2646-4112-adf7-d577593fabcb:192.168.36.126:37960], old=null
2019-09-25 05:31:44,880 [61946a22-29ed-4e77-8449-fae4cd9869e9@group-059250D1A272:LeaderElection104] INFO  impl.RaftServerImpl (RaftServerImpl.java:setRole(174)) - 61946a22-29ed-4e77-8449-fae4cd9869e9@group-059250D1A272: changes role from CANDIDATE to FOLLOWER at term 7 for DISCOVERED_A_NEW_TERM
2019-09-25 05:31:44,880 [ce8ac917-2646-4112-adf7-d577593fabcb@group-0EC8D23D101B:LeaderElection92] INFO  impl.RaftServerImpl (RaftServerImpl.java:setRole(174)) - ce8ac917-2646-4112-adf7-d577593fabcb@group-0EC8D23D101B: changes role from CANDIDATE to FOLLOWER at term 5 for DISCOVERED_A_NEW_TERM
2019-09-25 05:31:44,880 [61946a22-29ed-4e77-8449-fae4cd9869e9@group-059250D1A272:LeaderElection104] INFO  impl.RoleInfo (RoleInfo.java:shutdownLeaderElection(134)) - 61946a22-29ed-4e77-8449-fae4cd9869e9: shutdown LeaderElection
2019-09-25 05:31:44,881 [ce8ac917-2646-4112-adf7-d577593fabcb@group-0EC8D23D101B:LeaderElection92] INFO  impl.RoleInfo (RoleInfo.java:shutdownLeaderElection(134)) - ce8ac917-2646-4112-adf7-d577593fabcb: shutdown LeaderElection
2019-09-25 05:31:44,881 [61946a22-29ed-4e77-8449-fae4cd9869e9@group-059250D1A272:LeaderElection104] INFO  impl.RoleInfo (RoleInfo.java:updateAndGet(143)) - 61946a22-29ed-4e77-8449-fae4cd9869e9: start FollowerState
2019-09-25 05:31:44,881 [ce8ac917-2646-4112-adf7-d577593fabcb@group-0EC8D23D101B:LeaderElection92] INFO  impl.RoleInfo (RoleInfo.java:updateAndGet(143)) - ce8ac917-2646-4112-adf7-d577593fabcb: start FollowerState
2019-09-25 05:31:44,885 [61946a22-29ed-4e77-8449-fae4cd9869e9@group-21C2C432FD88:LeaderElection97] INFO  impl.LeaderElection (LeaderElection.java:logAndReturn(56)) - 61946a22-29ed-4e77-8449-fae4cd9869e9@group-21C2C432FD88:LeaderElection97: Election REJECTED; received 2 response(s) [61946a22-29ed-4e77-8449-fae4cd9869e9<-5c3318fc-c419-4298-b427-bf5a9ca27bf0#0:FAIL-t8, 61946a22-29ed-4e77-8449-fae4cd9869e9<-0d4a37ed-4cec-423a-a360-e4a879eb6bc0#0:FAIL-t8] and 0 exception(s); 61946a22-29ed-4e77-8449-fae4cd9869e9@group-21C2C432FD88:t8, leader=null, voted=61946a22-29ed-4e77-8449-fae4cd9869e9, raftlog=61946a22-29ed-4e77-8449-fae4cd9869e9@group-21C2C432FD88-SegmentedRaftLog:OPENED:c-1,f-1,i0, conf=-1: [5c3318fc-c419-4298-b427-bf5a9ca27bf0:192.168.36.126:46795, 61946a22-29ed-4e77-8449-fae4cd9869e9:192.168.36.126:36814, 0d4a37ed-4cec-423a-a360-e4a879eb6bc0:192.168.36.126:37817], old=null
2019-09-25 05:31:44,885 [61946a22-29ed-4e77-8449-fae4cd9869e9@group-21C2C432FD88:LeaderElection97] INFO  impl.RaftServerImpl (RaftServerImpl.java:setRole(174)) - 61946a22-29ed-4e77-8449-fae4cd9869e9@group-21C2C432FD88: changes role from CANDIDATE to FOLLOWER at term 8 for DISCOVERED_A_NEW_TERM
2019-09-25 05:31:44,885 [61946a22-29ed-4e77-8449-fae4cd9869e9@group-21C2C432FD88:LeaderElection97] INFO  impl.RoleInfo (RoleInfo.java:shutdownLeaderElection(134)) - 61946a22-29ed-4e77-8449-fae4cd9869e9: shutdown LeaderElection
2019-09-25 05:31:44,885 [61946a22-29ed-4e77-8449-fae4cd9869e9@group-21C2C432FD88:LeaderElection97] INFO  impl.RoleInfo (RoleInfo.java:updateAndGet(143)) - 61946a22-29ed-4e77-8449-fae4cd9869e9: start FollowerState
2019-09-25 05:31:44,886 [f9c12371-c091-4b4a-8db2-6f0db97bbab3@group-0EC8D23D101B:LeaderElection98] INFO  impl.LeaderElection (LeaderElection.java:logAndReturn(56)) - f9c12371-c091-4b4a-8db2-6f0db97bbab3@group-0EC8D23D101B:LeaderElection98: Election REJECTED; received 2 response(s) [f9c12371-c091-4b4a-8db2-6f0db97bbab3<-a58d7528-614e-4c39-a3a3-38beaa9905aa#0:FAIL-t5, f9c12371-c091-4b4a-8db2-6f0db97bbab3<-ce8ac917-2646-4112-adf7-d577593fabcb#0:FAIL-t5] and 0 exception(s); f9c12371-c091-4b4a-8db2-6f0db97bbab3@group-0EC8D23D101B:t5, leader=null, voted=f9c12371-c091-4b4a-8db2-6f0db97bbab3, raftlog=f9c12371-c091-4b4a-8db2-6f0db97bbab3@group-0EC8D23D101B-SegmentedRaftLog:OPENED:c-1,f-1,i0, conf=-1: [a58d7528-614e-4c39-a3a3-38beaa9905aa:192.168.36.126:37942, f9c12371-c091-4b4a-8db2-6f0db97bbab3:192.168.36.126:46560, ce8ac917-2646-4112-adf7-d577593fabcb:192.168.36.126:37960], old=null
2019-09-25 05:31:44,886 [f9c12371-c091-4b4a-8db2-6f0db97bbab3@group-0EC8D23D101B:LeaderElection98] INFO  impl.RaftServerImpl (RaftServerImpl.java:setRole(174)) - f9c12371-c091-4b4a-8db2-6f0db97bbab3@group-0EC8D23D101B: changes role from CANDIDATE to FOLLOWER at term 5 for DISCOVERED_A_NEW_TERM
2019-09-25 05:31:44,886 [ce8ac917-2646-4112-adf7-d577593fabcb@group-AEFF648B0F59:LeaderElection103] INFO  impl.LeaderElection (LeaderElection.java:logAndReturn(56)) - ce8ac917-2646-4112-adf7-d577593fabcb@group-AEFF648B0F59:LeaderElection103: Election REJECTED; received 2 response(s) [ce8ac917-2646-4112-adf7-d577593fabcb<-a58d7528-614e-4c39-a3a3-38beaa9905aa#0:FAIL-t5, ce8ac917-2646-4112-adf7-d577593fabcb<-f9c12371-c091-4b4a-8db2-6f0db97bbab3#0:FAIL-t5] and 0 exception(s); ce8ac917-2646-4112-adf7-d577593fabcb@group-AEFF648B0F59:t5, leader=null, voted=ce8ac917-2646-4112-adf7-d577593fabcb, raftlog=ce8ac917-2646-4112-adf7-d577593fabcb@group-AEFF648B0F59-SegmentedRaftLog:OPENED:c-1,f-1,i0, conf=-1: [a58d7528-614e-4c39-a3a3-38beaa9905aa:192.168.36.126:37942, f9c12371-c091-4b4a-8db2-6f0db97bbab3:192.168.36.126:46560, ce8ac917-2646-4112-adf7-d577593fabcb:192.168.36.126:37960], old=null
2019-09-25 05:31:44,886 [f9c12371-c091-4b4a-8db2-6f0db97bbab3@group-0EC8D23D101B:LeaderElection98] INFO  impl.RoleInfo (RoleInfo.java:shutdownLeaderElection(134)) - f9c12371-c091-4b4a-8db2-6f0db97bbab3: shutdown LeaderElection
2019-09-25 05:31:44,886 [ce8ac917-2646-4112-adf7-d577593fabcb@group-AEFF648B0F59:LeaderElection103] INFO  impl.RaftServerImpl (RaftServerImpl.java:setRole(174)) - ce8ac917-2646-4112-adf7-d577593fabcb@group-AEFF648B0F59: changes role from CANDIDATE to FOLLOWER at term 5 for DISCOVERED_A_NEW_TERM
2019-09-25 05:31:44,886 [f9c12371-c091-4b4a-8db2-6f0db97bbab3@group-0EC8D23D101B:LeaderElection98] INFO  impl.RoleInfo (RoleInfo.java:updateAndGet(143)) - f9c12371-c091-4b4a-8db2-6f0db97bbab3: start FollowerState
2019-09-25 05:31:44,886 [ce8ac917-2646-4112-adf7-d577593fabcb@group-43825EC81F5D:LeaderElection99] INFO  impl.LeaderElection (LeaderElection.java:logAndReturn(56)) - ce8ac917-2646-4112-adf7-d577593fabcb@group-43825EC81F5D:LeaderElection99: Election REJECTED; received 2 response(s) [ce8ac917-2646-4112-adf7-d577593fabcb<-a58d7528-614e-4c39-a3a3-38beaa9905aa#0:FAIL-t1, ce8ac917-2646-4112-adf7-d577593fabcb<-f9c12371-c091-4b4a-8db2-6f0db97bbab3#0:FAIL-t1] and 0 exception(s); ce8ac917-2646-4112-adf7-d577593fabcb@group-43825EC81F5D:t1, leader=null, voted=ce8ac917-2646-4112-adf7-d577593fabcb, raftlog=ce8ac917-2646-4112-adf7-d577593fabcb@group-43825EC81F5D-SegmentedRaftLog:OPENED:c-1,f-1,i0, conf=-1: [a58d7528-614e-4c39-a3a3-38beaa9905aa:192.168.36.126:37942, f9c12371-c091-4b4a-8db2-6f0db97bbab3:192.168.36.126:46560, ce8ac917-2646-4112-adf7-d577593fabcb:192.168.36.126:37960], old=null
2019-09-25 05:31:44,886 [ce8ac917-2646-4112-adf7-d577593fabcb@group-AEFF648B0F59:LeaderElection103] INFO  impl.RoleInfo (RoleInfo.java:shutdownLeaderElection(134)) - ce8ac917-2646-4112-adf7-d577593fabcb: shutdown LeaderElection
2019-09-25 05:31:44,887 [ce8ac917-2646-4112-adf7-d577593fabcb@group-43825EC81F5D:LeaderElection99] INFO  impl.RaftServerImpl (RaftServerImpl.java:setRole(174)) - ce8ac917-2646-4112-adf7-d577593fabcb@group-43825EC81F5D: changes role from CANDIDATE to FOLLOWER at term 1 for DISCOVERED_A_NEW_TERM
2019-09-25 05:31:44,887 [fd2f3f79-5d7b-4d37-bb24-b15dfe7f18d7@group-60724A24602F:LeaderElection93] INFO  impl.LeaderElection (LeaderElection.java:logAndReturn(56)) - fd2f3f79-5d7b-4d37-bb24-b15dfe7f18d7@group-60724A24602F:LeaderElection93: Election REJECTED; received 2 response(s) [fd2f3f79-5d7b-4d37-bb24-b15dfe7f18d7<-616f9f8f-9479-40f4-8c03-f125dcbf9c7f#0:FAIL-t7, fd2f3f79-5d7b-4d37-bb24-b15dfe7f18d7<-e997a993-6131-47bf-96c8-764e04cb5c0e#0:FAIL-t7] and 0 exception(s); fd2f3f79-5d7b-4d37-bb24-b15dfe7f18d7@group-60724A24602F:t7, leader=null, voted=fd2f3f79-5d7b-4d37-bb24-b15dfe7f18d7, raftlog=fd2f3f79-5d7b-4d37-bb24-b15dfe7f18d7@group-60724A24602F-SegmentedRaftLog:OPENED:c-1,f-1,i0, conf=-1: [616f9f8f-9479-40f4-8c03-f125dcbf9c7f:192.168.36.126:39694, e997a993-6131-47bf-96c8-764e04cb5c0e:192.168.36.126:37678, fd2f3f79-5d7b-4d37-bb24-b15dfe7f18d7:192.168.36.126:42280], old=null
2019-09-25 05:31:44,887 [ce8ac917-2646-4112-adf7-d577593fabcb@group-AEFF648B0F59:LeaderElection103] INFO  impl.RoleInfo (RoleInfo.java:updateAndGet(143)) - ce8ac917-2646-4112-adf7-d577593fabcb: start FollowerState
2019-09-25 05:31:44,887 [fd2f3f79-5d7b-4d37-bb24-b15dfe7f18d7@group-60724A24602F:LeaderElection93] INFO  impl.RaftServerImpl (RaftServerImpl.java:setRole(174)) - fd2f3f79-5d7b-4d37-bb24-b15dfe7f18d7@group-60724A24602F: changes role from CANDIDATE to FOLLOWER at term 7 for DISCOVERED_A_NEW_TERM
2019-09-25 05:31:44,887 [ce8ac917-2646-4112-adf7-d577593fabcb@group-43825EC81F5D:LeaderElection99] INFO  impl.RoleInfo (RoleInfo.java:shutdownLeaderElection(134)) - ce8ac917-2646-4112-adf7-d577593fabcb: shutdown LeaderElection
2019-09-25 05:31:44,887 [fd2f3f79-5d7b-4d37-bb24-b15dfe7f18d7@group-60724A24602F:LeaderElection93] INFO  impl.RoleInfo (RoleInfo.java:shutdownLeaderElection(134)) - fd2f3f79-5d7b-4d37-bb24-b15dfe7f18d7: shutdown LeaderElection
2019-09-25 05:31:44,888 [ce8ac917-2646-4112-adf7-d577593fabcb@group-43825EC81F5D:LeaderElection99] INFO  impl.RoleInfo (RoleInfo.java:updateAndGet(143)) - ce8ac917-2646-4112-adf7-d577593fabcb: start FollowerState
2019-09-25 05:31:44,888 [e997a993-6131-47bf-96c8-764e04cb5c0e@group-60724A24602F:LeaderElection96] INFO  impl.LeaderElection (LeaderElection.java:logAndReturn(56)) - e997a993-6131-47bf-96c8-764e04cb5c0e@group-60724A24602F:LeaderElection96: Election REJECTED; received 2 response(s) [e997a993-6131-47bf-96c8-764e04cb5c0e<-616f9f8f-9479-40f4-8c03-f125dcbf9c7f#0:FAIL-t7, e997a993-6131-47bf-96c8-764e04cb5c0e<-fd2f3f79-5d7b-4d37-bb24-b15dfe7f18d7#0:FAIL-t7] and 0 exception(s); e997a993-6131-47bf-96c8-764e04cb5c0e@group-60724A24602F:t7, leader=null, voted=e997a993-6131-47bf-96c8-764e04cb5c0e, raftlog=e997a993-6131-47bf-96c8-764e04cb5c0e@group-60724A24602F-SegmentedRaftLog:OPENED:c-1,f-1,i0, conf=-1: [616f9f8f-9479-40f4-8c03-f125dcbf9c7f:192.168.36.126:39694, e997a993-6131-47bf-96c8-764e04cb5c0e:192.168.36.126:37678, fd2f3f79-5d7b-4d37-bb24-b15dfe7f18d7:192.168.36.126:42280], old=null
2019-09-25 05:31:44,888 [5c3318fc-c419-4298-b427-bf5a9ca27bf0@group-059250D1A272:LeaderElection100] INFO  impl.LeaderElection (LeaderElection.java:logAndReturn(56)) - 5c3318fc-c419-4298-b427-bf5a9ca27bf0@group-059250D1A272:LeaderElection100: Election REJECTED; received 2 response(s) [5c3318fc-c419-4298-b427-bf5a9ca27bf0<-61946a22-29ed-4e77-8449-fae4cd9869e9#0:FAIL-t7, 5c3318fc-c419-4298-b427-bf5a9ca27bf0<-0d4a37ed-4cec-423a-a360-e4a879eb6bc0#0:FAIL-t7] and 0 exception(s); 5c3318fc-c419-4298-b427-bf5a9ca27bf0@group-059250D1A272:t7, leader=null, voted=5c3318fc-c419-4298-b427-bf5a9ca27bf0, raftlog=5c3318fc-c419-4298-b427-bf5a9ca27bf0@group-059250D1A272-SegmentedRaftLog:OPENED:c-1,f-1,i0, conf=-1: [5c3318fc-c419-4298-b427-bf5a9ca27bf0:192.168.36.126:46795, 61946a22-29ed-4e77-8449-fae4cd9869e9:192.168.36.126:36814, 0d4a37ed-4cec-423a-a360-e4a879eb6bc0:192.168.36.126:37817], old=null
2019-09-25 05:31:44,888 [fd2f3f79-5d7b-4d37-bb24-b15dfe7f18d7@group-60724A24602F:LeaderElection93] INFO  impl.RoleInfo (RoleInfo.java:updateAndGet(143)) - fd2f3f79-5d7b-4d37-bb24-b15dfe7f18d7: start FollowerState
2019-09-25 05:31:44,888 [5c3318fc-c419-4298-b427-bf5a9ca27bf0@group-059250D1A272:LeaderElection100] INFO  impl.RaftServerImpl (RaftServerImpl.java:setRole(174)) - 5c3318fc-c419-4298-b427-bf5a9ca27bf0@group-059250D1A272: changes role from CANDIDATE to FOLLOWER at term 7 for DISCOVERED_A_NEW_TERM
2019-09-25 05:31:44,888 [e997a993-6131-47bf-96c8-764e04cb5c0e@group-60724A24602F:LeaderElection96] INFO  impl.RaftServerImpl (RaftServerImpl.java:setRole(174)) - e997a993-6131-47bf-96c8-764e04cb5c0e@group-60724A24602F: changes role from CANDIDATE to FOLLOWER at term 7 for DISCOVERED_A_NEW_TERM
2019-09-25 05:31:44,889 [5c3318fc-c419-4298-b427-bf5a9ca27bf0@group-21C2C432FD88:LeaderElection102] INFO  impl.LeaderElection (LeaderElection.java:logAndReturn(56)) - 5c3318fc-c419-4298-b427-bf5a9ca27bf0@group-21C2C432FD88:LeaderElection102: Election REJECTED; received 2 response(s) [5c3318fc-c419-4298-b427-bf5a9ca27bf0<-61946a22-29ed-4e77-8449-fae4cd9869e9#0:FAIL-t8, 5c3318fc-c419-4298-b427-bf5a9ca27bf0<-0d4a37ed-4cec-423a-a360-e4a879eb6bc0#0:FAIL-t8] and 0 exception(s); 5c3318fc-c419-4298-b427-bf5a9ca27bf0@group-21C2C432FD88:t8, leader=null, voted=5c3318fc-c419-4298-b427-bf5a9ca27bf0, raftlog=5c3318fc-c419-4298-b427-bf5a9ca27bf0@group-21C2C432FD88-SegmentedRaftLog:OPENED:c-1,f-1,i0, conf=-1: [5c3318fc-c419-4298-b427-bf5a9ca27bf0:192.168.36.126:46795, 61946a22-29ed-4e77-8449-fae4cd9869e9:192.168.36.126:36814, 0d4a37ed-4cec-423a-a360-e4a879eb6bc0:192.168.36.126:37817], old=null
2019-09-25 05:31:44,888 [a58d7528-614e-4c39-a3a3-38beaa9905aa@group-43825EC81F5D:LeaderElection95] INFO  impl.LeaderElection (LeaderElection.java:logAndReturn(56)) - a58d7528-614e-4c39-a3a3-38beaa9905aa@group-43825EC81F5D:LeaderElection95: Election REJECTED; received 2 response(s) [a58d7528-614e-4c39-a3a3-38beaa9905aa<-f9c12371-c091-4b4a-8db2-6f0db97bbab3#0:FAIL-t1, a58d7528-614e-4c39-a3a3-38beaa9905aa<-ce8ac917-2646-4112-adf7-d577593fabcb#0:FAIL-t1] and 0 exception(s); a58d7528-614e-4c39-a3a3-38beaa9905aa@group-43825EC81F5D:t1, leader=null, voted=a58d7528-614e-4c39-a3a3-38beaa9905aa, raftlog=a58d7528-614e-4c39-a3a3-38beaa9905aa@group-43825EC81F5D-SegmentedRaftLog:OPENED:c-1,f-1,i0, conf=-1: [a58d7528-614e-4c39-a3a3-38beaa9905aa:192.168.36.126:37942, f9c12371-c091-4b4a-8db2-6f0db97bbab3:192.168.36.126:46560, ce8ac917-2646-4112-adf7-d577593fabcb:192.168.36.126:37960], old=null
2019-09-25 05:31:44,889 [5c3318fc-c419-4298-b427-bf5a9ca27bf0@group-21C2C432FD88:LeaderElection102] INFO  impl.RaftServerImpl (RaftServerImpl.java:setRole(174)) - 5c3318fc-c419-4298-b427-bf5a9ca27bf0@group-21C2C432FD88: changes role from CANDIDATE to FOLLOWER at term 8 for DISCOVERED_A_NEW_TERM
2019-09-25 05:31:44,889 [5c3318fc-c419-4298-b427-bf5a9ca27bf0@group-21C2C432FD88:LeaderElection102] INFO  impl.RoleInfo (RoleInfo.java:shutdownLeaderElection(134)) - 5c3318fc-c419-4298-b427-bf5a9ca27bf0: shutdown LeaderElection
2019-09-25 05:31:44,889 [e997a993-6131-47bf-96c8-764e04cb5c0e@group-60724A24602F:LeaderElection96] INFO  impl.RoleInfo (RoleInfo.java:shutdownLeaderElection(134)) - e997a993-6131-47bf-96c8-764e04cb5c0e: shutdown LeaderElection
2019-09-25 05:31:44,889 [5c3318fc-c419-4298-b427-bf5a9ca27bf0@group-059250D1A272:LeaderElection100] INFO  impl.RoleInfo (RoleInfo.java:shutdownLeaderElection(134)) - 5c3318fc-c419-4298-b427-bf5a9ca27bf0: shutdown LeaderElection
2019-09-25 05:31:44,889 [e997a993-6131-47bf-96c8-764e04cb5c0e@group-60724A24602F:LeaderElection96] INFO  impl.RoleInfo (RoleInfo.java:updateAndGet(143)) - e997a993-6131-47bf-96c8-764e04cb5c0e: start FollowerState
2019-09-25 05:31:44,889 [5c3318fc-c419-4298-b427-bf5a9ca27bf0@group-21C2C432FD88:LeaderElection102] INFO  impl.RoleInfo (RoleInfo.java:updateAndGet(143)) - 5c3318fc-c419-4298-b427-bf5a9ca27bf0: start FollowerState
2019-09-25 05:31:44,889 [a58d7528-614e-4c39-a3a3-38beaa9905aa@group-43825EC81F5D:LeaderElection95] INFO  impl.RaftServerImpl (RaftServerImpl.java:setRole(174)) - a58d7528-614e-4c39-a3a3-38beaa9905aa@group-43825EC81F5D: changes role from CANDIDATE to FOLLOWER at term 1 for DISCOVERED_A_NEW_TERM
2019-09-25 05:31:44,890 [f9c12371-c091-4b4a-8db2-6f0db97bbab3@group-AEFF648B0F59:LeaderElection89] INFO  impl.LeaderElection (LeaderElection.java:logAndReturn(56)) - f9c12371-c091-4b4a-8db2-6f0db97bbab3@group-AEFF648B0F59:LeaderElection89: Election REJECTED; received 2 response(s) [f9c12371-c091-4b4a-8db2-6f0db97bbab3<-a58d7528-614e-4c39-a3a3-38beaa9905aa#0:FAIL-t5, f9c12371-c091-4b4a-8db2-6f0db97bbab3<-ce8ac917-2646-4112-adf7-d577593fabcb#0:FAIL-t5] and 0 exception(s); f9c12371-c091-4b4a-8db2-6f0db97bbab3@group-AEFF648B0F59:t5, leader=null, voted=f9c12371-c091-4b4a-8db2-6f0db97bbab3, raftlog=f9c12371-c091-4b4a-8db2-6f0db97bbab3@group-AEFF648B0F59-SegmentedRaftLog:OPENED:c-1,f-1,i0, conf=-1: [a58d7528-614e-4c39-a3a3-38beaa9905aa:192.168.36.126:37942, f9c12371-c091-4b4a-8db2-6f0db97bbab3:192.168.36.126:46560, ce8ac917-2646-4112-adf7-d577593fabcb:192.168.36.126:37960], old=null
2019-09-25 05:31:44,890 [5c3318fc-c419-4298-b427-bf5a9ca27bf0@group-059250D1A272:LeaderElection100] INFO  impl.RoleInfo (RoleInfo.java:updateAndGet(143)) - 5c3318fc-c419-4298-b427-bf5a9ca27bf0: start FollowerState
2019-09-25 05:31:44,890 [f9c12371-c091-4b4a-8db2-6f0db97bbab3@group-AEFF648B0F59:LeaderElection89] INFO  impl.RaftServerImpl (RaftServerImpl.java:setRole(174)) - f9c12371-c091-4b4a-8db2-6f0db97bbab3@group-AEFF648B0F59: changes role from CANDIDATE to FOLLOWER at term 5 for DISCOVERED_A_NEW_TERM
2019-09-25 05:31:44,890 [0d4a37ed-4cec-423a-a360-e4a879eb6bc0@group-21C2C432FD88:LeaderElection94] INFO  impl.LeaderElection (LeaderElection.java:logAndReturn(56)) - 0d4a37ed-4cec-423a-a360-e4a879eb6bc0@group-21C2C432FD88:LeaderElection94: Election REJECTED; received 2 response(s) [0d4a37ed-4cec-423a-a360-e4a879eb6bc0<-5c3318fc-c419-4298-b427-bf5a9ca27bf0#0:FAIL-t8, 0d4a37ed-4cec-423a-a360-e4a879eb6bc0<-61946a22-29ed-4e77-8449-fae4cd9869e9#0:FAIL-t8] and 0 exception(s); 0d4a37ed-4cec-423a-a360-e4a879eb6bc0@group-21C2C432FD88:t8, leader=null, voted=0d4a37ed-4cec-423a-a360-e4a879eb6bc0, raftlog=0d4a37ed-4cec-423a-a360-e4a879eb6bc0@group-21C2C432FD88-SegmentedRaftLog:OPENED:c-1,f-1,i0, conf=-1: [5c3318fc-c419-4298-b427-bf5a9ca27bf0:192.168.36.126:46795, 61946a22-29ed-4e77-8449-fae4cd9869e9:192.168.36.126:36814, 0d4a37ed-4cec-423a-a360-e4a879eb6bc0:192.168.36.126:37817], old=null
2019-09-25 05:31:44,890 [a58d7528-614e-4c39-a3a3-38beaa9905aa@group-43825EC81F5D:LeaderElection95] INFO  impl.RoleInfo (RoleInfo.java:shutdownLeaderElection(134)) - a58d7528-614e-4c39-a3a3-38beaa9905aa: shutdown LeaderElection
2019-09-25 05:31:44,890 [0d4a37ed-4cec-423a-a360-e4a879eb6bc0@group-21C2C432FD88:LeaderElection94] INFO  impl.RaftServerImpl (RaftServerImpl.java:setRole(174)) - 0d4a37ed-4cec-423a-a360-e4a879eb6bc0@group-21C2C432FD88: changes role from CANDIDATE to FOLLOWER at term 8 for DISCOVERED_A_NEW_TERM
2019-09-25 05:31:44,890 [f9c12371-c091-4b4a-8db2-6f0db97bbab3@group-AEFF648B0F59:LeaderElection89] INFO  impl.RoleInfo (RoleInfo.java:shutdownLeaderElection(134)) - f9c12371-c091-4b4a-8db2-6f0db97bbab3: shutdown LeaderElection
2019-09-25 05:31:44,891 [0d4a37ed-4cec-423a-a360-e4a879eb6bc0@group-21C2C432FD88:LeaderElection94] INFO  impl.RoleInfo (RoleInfo.java:shutdownLeaderElection(134)) - 0d4a37ed-4cec-423a-a360-e4a879eb6bc0: shutdown LeaderElection
2019-09-25 05:31:44,890 [a58d7528-614e-4c39-a3a3-38beaa9905aa@group-43825EC81F5D:LeaderElection95] INFO  impl.RoleInfo (RoleInfo.java:updateAndGet(143)) - a58d7528-614e-4c39-a3a3-38beaa9905aa: start FollowerState
2019-09-25 05:31:44,891 [0d4a37ed-4cec-423a-a360-e4a879eb6bc0@group-21C2C432FD88:LeaderElection94] INFO  impl.RoleInfo (RoleInfo.java:updateAndGet(143)) - 0d4a37ed-4cec-423a-a360-e4a879eb6bc0: start FollowerState
2019-09-25 05:31:44,891 [f9c12371-c091-4b4a-8db2-6f0db97bbab3@group-AEFF648B0F59:LeaderElection89] INFO  impl.RoleInfo (RoleInfo.java:updateAndGet(143)) - f9c12371-c091-4b4a-8db2-6f0db97bbab3: start FollowerState
2019-09-25 05:31:44,891 [0d4a37ed-4cec-423a-a360-e4a879eb6bc0@group-059250D1A272:LeaderElection91] INFO  impl.LeaderElection (LeaderElection.java:logAndReturn(56)) - 0d4a37ed-4cec-423a-a360-e4a879eb6bc0@group-059250D1A272:LeaderElection91: Election REJECTED; received 2 response(s) [0d4a37ed-4cec-423a-a360-e4a879eb6bc0<-5c3318fc-c419-4298-b427-bf5a9ca27bf0#0:FAIL-t7, 0d4a37ed-4cec-423a-a360-e4a879eb6bc0<-61946a22-29ed-4e77-8449-fae4cd9869e9#0:FAIL-t7] and 0 exception(s); 0d4a37ed-4cec-423a-a360-e4a879eb6bc0@group-059250D1A272:t7, leader=null, voted=0d4a37ed-4cec-423a-a360-e4a879eb6bc0, raftlog=0d4a37ed-4cec-423a-a360-e4a879eb6bc0@group-059250D1A272-SegmentedRaftLog:OPENED:c-1,f-1,i0, conf=-1: [5c3318fc-c419-4298-b427-bf5a9ca27bf0:192.168.36.126:46795, 61946a22-29ed-4e77-8449-fae4cd9869e9:192.168.36.126:36814, 0d4a37ed-4cec-423a-a360-e4a879eb6bc0:192.168.36.126:37817], old=null
2019-09-25 05:31:44,892 [0d4a37ed-4cec-423a-a360-e4a879eb6bc0@group-059250D1A272:LeaderElection91] INFO  impl.RaftServerImpl (RaftServerImpl.java:setRole(174)) - 0d4a37ed-4cec-423a-a360-e4a879eb6bc0@group-059250D1A272: changes role from CANDIDATE to FOLLOWER at term 7 for DISCOVERED_A_NEW_TERM
2019-09-25 05:31:44,892 [0d4a37ed-4cec-423a-a360-e4a879eb6bc0@group-059250D1A272:LeaderElection91] INFO  impl.RoleInfo (RoleInfo.java:shutdownLeaderElection(134)) - 0d4a37ed-4cec-423a-a360-e4a879eb6bc0: shutdown LeaderElection
2019-09-25 05:31:44,892 [616f9f8f-9479-40f4-8c03-f125dcbf9c7f@group-60724A24602F:LeaderElection101] INFO  impl.LeaderElection (LeaderElection.java:logAndReturn(56)) - 616f9f8f-9479-40f4-8c03-f125dcbf9c7f@group-60724A24602F:LeaderElection101: Election REJECTED; received 2 response(s) [616f9f8f-9479-40f4-8c03-f125dcbf9c7f<-e997a993-6131-47bf-96c8-764e04cb5c0e#0:FAIL-t7, 616f9f8f-9479-40f4-8c03-f125dcbf9c7f<-fd2f3f79-5d7b-4d37-bb24-b15dfe7f18d7#0:FAIL-t7] and 0 exception(s); 616f9f8f-9479-40f4-8c03-f125dcbf9c7f@group-60724A24602F:t7, leader=null, voted=616f9f8f-9479-40f4-8c03-f125dcbf9c7f, raftlog=616f9f8f-9479-40f4-8c03-f125dcbf9c7f@group-60724A24602F-SegmentedRaftLog:OPENED:c-1,f-1,i0, conf=-1: [616f9f8f-9479-40f4-8c03-f125dcbf9c7f:192.168.36.126:39694, e997a993-6131-47bf-96c8-764e04cb5c0e:192.168.36.126:37678, fd2f3f79-5d7b-4d37-bb24-b15dfe7f18d7:192.168.36.126:42280], old=null
2019-09-25 05:31:44,892 [0d4a37ed-4cec-423a-a360-e4a879eb6bc0@group-059250D1A272:LeaderElection91] INFO  impl.RoleInfo (RoleInfo.java:updateAndGet(143)) - 0d4a37ed-4cec-423a-a360-e4a879eb6bc0: start FollowerState
2019-09-25 05:31:44,892 [616f9f8f-9479-40f4-8c03-f125dcbf9c7f@group-60724A24602F:LeaderElection101] INFO  impl.RaftServerImpl (RaftServerImpl.java:setRole(174)) - 616f9f8f-9479-40f4-8c03-f125dcbf9c7f@group-60724A24602F: changes role from CANDIDATE to FOLLOWER at term 7 for DISCOVERED_A_NEW_TERM
2019-09-25 05:31:44,892 [f9c12371-c091-4b4a-8db2-6f0db97bbab3@group-43825EC81F5D:LeaderElection90] INFO  impl.LeaderElection (LeaderElection.java:logAndReturn(56)) - f9c12371-c091-4b4a-8db2-6f0db97bbab3@group-43825EC81F5D:LeaderElection90: Election REJECTED; received 2 response(s) [f9c12371-c091-4b4a-8db2-6f0db97bbab3<-a58d7528-614e-4c39-a3a3-38beaa9905aa#0:FAIL-t1, f9c12371-c091-4b4a-8db2-6f0db97bbab3<-ce8ac917-2646-4112-adf7-d577593fabcb#0:FAIL-t1] and 0 exception(s); f9c12371-c091-4b4a-8db2-6f0db97bbab3@group-43825EC81F5D:t1, leader=null, voted=f9c12371-c091-4b4a-8db2-6f0db97bbab3, raftlog=f9c12371-c091-4b4a-8db2-6f0db97bbab3@group-43825EC81F5D-SegmentedRaftLog:OPENED:c-1,f-1,i0, conf=-1: [a58d7528-614e-4c39-a3a3-38beaa9905aa:192.168.36.126:37942, f9c12371-c091-4b4a-8db2-6f0db97bbab3:192.168.36.126:46560, ce8ac917-2646-4112-adf7-d577593fabcb:192.168.36.126:37960], old=null
2019-09-25 05:31:44,892 [616f9f8f-9479-40f4-8c03-f125dcbf9c7f@group-60724A24602F:LeaderElection101] INFO  impl.RoleInfo (RoleInfo.java:shutdownLeaderElection(134)) - 616f9f8f-9479-40f4-8c03-f125dcbf9c7f: shutdown LeaderElection
2019-09-25 05:31:44,892 [f9c12371-c091-4b4a-8db2-6f0db97bbab3@group-43825EC81F5D:LeaderElection90] INFO  impl.RaftServerImpl (RaftServerImpl.java:setRole(174)) - f9c12371-c091-4b4a-8db2-6f0db97bbab3@group-43825EC81F5D: changes role from CANDIDATE to FOLLOWER at term 1 for DISCOVERED_A_NEW_TERM
2019-09-25 05:31:44,892 [616f9f8f-9479-40f4-8c03-f125dcbf9c7f@group-60724A24602F:LeaderElection101] INFO  impl.RoleInfo (RoleInfo.java:updateAndGet(143)) - 616f9f8f-9479-40f4-8c03-f125dcbf9c7f: start FollowerState
2019-09-25 05:31:44,892 [f9c12371-c091-4b4a-8db2-6f0db97bbab3@group-43825EC81F5D:LeaderElection90] INFO  impl.RoleInfo (RoleInfo.java:shutdownLeaderElection(134)) - f9c12371-c091-4b4a-8db2-6f0db97bbab3: shutdown LeaderElection
2019-09-25 05:31:44,893 [f9c12371-c091-4b4a-8db2-6f0db97bbab3@group-43825EC81F5D:LeaderElection90] INFO  impl.RoleInfo (RoleInfo.java:updateAndGet(143)) - f9c12371-c091-4b4a-8db2-6f0db97bbab3: start FollowerState
2019-09-25 05:31:45,909 [Thread-803] INFO  impl.FollowerState (FollowerState.java:run(106)) - f9c12371-c091-4b4a-8db2-6f0db97bbab3:group-AEFF648B0F59 changes to CANDIDATE, lastRpcTime:1018, electionTimeout:1018ms
2019-09-25 05:31:45,910 [Thread-803] INFO  impl.RoleInfo (RoleInfo.java:shutdownFollowerState(121)) - f9c12371-c091-4b4a-8db2-6f0db97bbab3: shutdown FollowerState
2019-09-25 05:31:45,910 [Thread-803] INFO  impl.RaftServerImpl (RaftServerImpl.java:setRole(174)) - f9c12371-c091-4b4a-8db2-6f0db97bbab3@group-AEFF648B0F59: changes role from  FOLLOWER to CANDIDATE at term 5 for changeToCandidate
2019-09-25 05:31:45,910 [Thread-803] INFO  impl.RoleInfo (RoleInfo.java:updateAndGet(143)) - f9c12371-c091-4b4a-8db2-6f0db97bbab3: start LeaderElection
2019-09-25 05:31:45,926 [Thread-797] INFO  impl.FollowerState (FollowerState.java:run(106)) - ce8ac917-2646-4112-adf7-d577593fabcb:group-43825EC81F5D changes to CANDIDATE, lastRpcTime:1038, electionTimeout:1038ms
2019-09-25 05:31:45,926 [Thread-797] INFO  impl.RoleInfo (RoleInfo.java:shutdownFollowerState(121)) - ce8ac917-2646-4112-adf7-d577593fabcb: shutdown FollowerState
2019-09-25 05:31:45,926 [Thread-797] INFO  impl.RaftServerImpl (RaftServerImpl.java:setRole(174)) - ce8ac917-2646-4112-adf7-d577593fabcb@group-43825EC81F5D: changes role from  FOLLOWER to CANDIDATE at term 1 for changeToCandidate
2019-09-25 05:31:45,927 [Thread-797] INFO  impl.RoleInfo (RoleInfo.java:updateAndGet(143)) - ce8ac917-2646-4112-adf7-d577593fabcb: start LeaderElection
2019-09-25 05:31:45,928 [Thread-806] INFO  impl.FollowerState (FollowerState.java:run(106)) - 616f9f8f-9479-40f4-8c03-f125dcbf9c7f:group-60724A24602F changes to CANDIDATE, lastRpcTime:1035, electionTimeout:1035ms
2019-09-25 05:31:45,928 [Thread-806] INFO  impl.RoleInfo (RoleInfo.java:shutdownFollowerState(121)) - 616f9f8f-9479-40f4-8c03-f125dcbf9c7f: shutdown FollowerState
2019-09-25 05:31:45,928 [Thread-806] INFO  impl.RaftServerImpl (RaftServerImpl.java:setRole(174)) - 616f9f8f-9479-40f4-8c03-f125dcbf9c7f@group-60724A24602F: changes role from  FOLLOWER to CANDIDATE at term 7 for changeToCandidate
2019-09-25 05:31:45,928 [Thread-806] INFO  impl.RoleInfo (RoleInfo.java:updateAndGet(143)) - 616f9f8f-9479-40f4-8c03-f125dcbf9c7f: start LeaderElection
2019-09-25 05:31:45,936 [Thread-796] INFO  impl.FollowerState (FollowerState.java:run(106)) - ce8ac917-2646-4112-adf7-d577593fabcb:group-AEFF648B0F59 changes to CANDIDATE, lastRpcTime:1048, electionTimeout:1048ms
2019-09-25 05:31:45,936 [Thread-796] INFO  impl.RoleInfo (RoleInfo.java:shutdownFollowerState(121)) - ce8ac917-2646-4112-adf7-d577593fabcb: shutdown FollowerState
2019-09-25 05:31:45,936 [Thread-796] INFO  impl.RaftServerImpl (RaftServerImpl.java:setRole(174)) - ce8ac917-2646-4112-adf7-d577593fabcb@group-AEFF648B0F59: changes role from  FOLLOWER to CANDIDATE at term 5 for changeToCandidate
2019-09-25 05:31:45,936 [Thread-796] INFO  impl.RoleInfo (RoleInfo.java:updateAndGet(143)) - ce8ac917-2646-4112-adf7-d577593fabcb: start LeaderElection
2019-09-25 05:31:45,941 [Thread-798] INFO  impl.FollowerState (FollowerState.java:run(106)) - fd2f3f79-5d7b-4d37-bb24-b15dfe7f18d7:group-60724A24602F changes to CANDIDATE, lastRpcTime:1053, electionTimeout:1052ms
2019-09-25 05:31:45,941 [Thread-798] INFO  impl.RoleInfo (RoleInfo.java:shutdownFollowerState(121)) - fd2f3f79-5d7b-4d37-bb24-b15dfe7f18d7: shutdown FollowerState
2019-09-25 05:31:45,941 [Thread-798] INFO  impl.RaftServerImpl (RaftServerImpl.java:setRole(174)) - fd2f3f79-5d7b-4d37-bb24-b15dfe7f18d7@group-60724A24602F: changes role from  FOLLOWER to CANDIDATE at term 7 for changeToCandidate
2019-09-25 05:31:45,941 [Thread-798] INFO  impl.RoleInfo (RoleInfo.java:updateAndGet(143)) - fd2f3f79-5d7b-4d37-bb24-b15dfe7f18d7: start LeaderElection
2019-09-25 05:31:45,951 [Thread-790] INFO  impl.FollowerState (FollowerState.java:run(106)) - a58d7528-614e-4c39-a3a3-38beaa9905aa:group-0EC8D23D101B changes to CANDIDATE, lastRpcTime:1075, electionTimeout:1075ms
2019-09-25 05:31:45,951 [Thread-790] INFO  impl.RoleInfo (RoleInfo.java:shutdownFollowerState(121)) - a58d7528-614e-4c39-a3a3-38beaa9905aa: shutdown FollowerState
2019-09-25 05:31:45,951 [Thread-790] INFO  impl.RaftServerImpl (RaftServerImpl.java:setRole(174)) - a58d7528-614e-4c39-a3a3-38beaa9905aa@group-0EC8D23D101B: changes role from  FOLLOWER to CANDIDATE at term 5 for changeToCandidate
2019-09-25 05:31:45,951 [Thread-790] INFO  impl.RoleInfo (RoleInfo.java:updateAndGet(143)) - a58d7528-614e-4c39-a3a3-38beaa9905aa: start LeaderElection
2019-09-25 05:31:45,958 [Thread-799] INFO  impl.FollowerState (FollowerState.java:run(106)) - 5c3318fc-c419-4298-b427-bf5a9ca27bf0:group-21C2C432FD88 changes to CANDIDATE, lastRpcTime:1069, electionTimeout:1068ms
2019-09-25 05:31:45,958 [Thread-799] INFO  impl.RoleInfo (RoleInfo.java:shutdownFollowerState(121)) - 5c3318fc-c419-4298-b427-bf5a9ca27bf0: shutdown FollowerState
2019-09-25 05:31:45,959 [Thread-799] INFO  impl.RaftServerImpl (RaftServerImpl.java:setRole(174)) - 5c3318fc-c419-4298-b427-bf5a9ca27bf0@group-21C2C432FD88: changes role from  FOLLOWER to CANDIDATE at term 8 for changeToCandidate
2019-09-25 05:31:45,959 [Thread-799] INFO  impl.RoleInfo (RoleInfo.java:updateAndGet(143)) - 5c3318fc-c419-4298-b427-bf5a9ca27bf0: start LeaderElection
2019-09-25 05:31:45,968 [Thread-802] INFO  impl.FollowerState (FollowerState.java:run(106)) - a58d7528-614e-4c39-a3a3-38beaa9905aa:group-43825EC81F5D changes to CANDIDATE, lastRpcTime:1077, electionTimeout:1077ms
2019-09-25 05:31:45,968 [Thread-802] INFO  impl.RoleInfo (RoleInfo.java:shutdownFollowerState(121)) - a58d7528-614e-4c39-a3a3-38beaa9905aa: shutdown FollowerState
2019-09-25 05:31:45,969 [Thread-802] INFO  impl.RaftServerImpl (RaftServerImpl.java:setRole(174)) - a58d7528-614e-4c39-a3a3-38beaa9905aa@group-43825EC81F5D: changes role from  FOLLOWER to CANDIDATE at term 1 for changeToCandidate
2019-09-25 05:31:45,969 [Thread-802] INFO  impl.RoleInfo (RoleInfo.java:updateAndGet(143)) - a58d7528-614e-4c39-a3a3-38beaa9905aa: start LeaderElection
2019-09-25 05:31:45,974 [Thread-807] INFO  impl.FollowerState (FollowerState.java:run(106)) - f9c12371-c091-4b4a-8db2-6f0db97bbab3:group-43825EC81F5D changes to CANDIDATE, lastRpcTime:1081, electionTimeout:1081ms
2019-09-25 05:31:45,974 [Thread-807] INFO  impl.RoleInfo (RoleInfo.java:shutdownFollowerState(121)) - f9c12371-c091-4b4a-8db2-6f0db97bbab3: shutdown FollowerState
2019-09-25 05:31:45,974 [Thread-807] INFO  impl.RaftServerImpl (RaftServerImpl.java:setRole(174)) - f9c12371-c091-4b4a-8db2-6f0db97bbab3@group-43825EC81F5D: changes role from  FOLLOWER to CANDIDATE at term 1 for changeToCandidate
2019-09-25 05:31:45,974 [Thread-807] INFO  impl.RoleInfo (RoleInfo.java:updateAndGet(143)) - f9c12371-c091-4b4a-8db2-6f0db97bbab3: start LeaderElection
2019-09-25 05:31:45,976 [Thread-804] INFO  impl.FollowerState (FollowerState.java:run(106)) - 0d4a37ed-4cec-423a-a360-e4a879eb6bc0:group-21C2C432FD88 changes to CANDIDATE, lastRpcTime:1085, electionTimeout:1085ms
2019-09-25 05:31:45,976 [Thread-801] INFO  impl.FollowerState (FollowerState.java:run(106)) - 5c3318fc-c419-4298-b427-bf5a9ca27bf0:group-059250D1A272 changes to CANDIDATE, lastRpcTime:1086, electionTimeout:1086ms
2019-09-25 05:31:45,976 [Thread-804] INFO  impl.RoleInfo (RoleInfo.java:shutdownFollowerState(121)) - 0d4a37ed-4cec-423a-a360-e4a879eb6bc0: shutdown FollowerState
2019-09-25 05:31:45,977 [Thread-801] INFO  impl.RoleInfo (RoleInfo.java:shutdownFollowerState(121)) - 5c3318fc-c419-4298-b427-bf5a9ca27bf0: shutdown FollowerState
2019-09-25 05:31:45,977 [Thread-804] INFO  impl.RaftServerImpl (RaftServerImpl.java:setRole(174)) - 0d4a37ed-4cec-423a-a360-e4a879eb6bc0@group-21C2C432FD88: changes role from  FOLLOWER to CANDIDATE at term 8 for changeToCandidate
2019-09-25 05:31:45,977 [Thread-801] INFO  impl.RaftServerImpl (RaftServerImpl.java:setRole(174)) - 5c3318fc-c419-4298-b427-bf5a9ca27bf0@group-059250D1A272: changes role from  FOLLOWER to CANDIDATE at term 7 for changeToCandidate
2019-09-25 05:31:45,977 [Thread-804] INFO  impl.RoleInfo (RoleInfo.java:updateAndGet(143)) - 0d4a37ed-4cec-423a-a360-e4a879eb6bc0: start LeaderElection
2019-09-25 05:31:45,977 [Thread-801] INFO  impl.RoleInfo (RoleInfo.java:updateAndGet(143)) - 5c3318fc-c419-4298-b427-bf5a9ca27bf0: start LeaderElection
2019-09-25 05:31:45,993 [Thread-805] INFO  impl.FollowerState (FollowerState.java:run(106)) - 0d4a37ed-4cec-423a-a360-e4a879eb6bc0:group-059250D1A272 changes to CANDIDATE, lastRpcTime:1101, electionTimeout:1101ms
2019-09-25 05:31:45,993 [Thread-805] INFO  impl.RoleInfo (RoleInfo.java:shutdownFollowerState(121)) - 0d4a37ed-4cec-423a-a360-e4a879eb6bc0: shutdown FollowerState
2019-09-25 05:31:45,994 [Thread-805] INFO  impl.RaftServerImpl (RaftServerImpl.java:setRole(174)) - 0d4a37ed-4cec-423a-a360-e4a879eb6bc0@group-059250D1A272: changes role from  FOLLOWER to CANDIDATE at term 7 for changeToCandidate
2019-09-25 05:31:45,994 [Thread-805] INFO  impl.RoleInfo (RoleInfo.java:updateAndGet(143)) - 0d4a37ed-4cec-423a-a360-e4a879eb6bc0: start LeaderElection
2019-09-25 05:31:46,008 [Thread-791] INFO  impl.FollowerState (FollowerState.java:run(106)) - a58d7528-614e-4c39-a3a3-38beaa9905aa:group-AEFF648B0F59 changes to CANDIDATE, lastRpcTime:1132, electionTimeout:1132ms
2019-09-25 05:31:46,008 [Thread-791] INFO  impl.RoleInfo (RoleInfo.java:shutdownFollowerState(121)) - a58d7528-614e-4c39-a3a3-38beaa9905aa: shutdown FollowerState
2019-09-25 05:31:46,008 [Thread-791] INFO  impl.RaftServerImpl (RaftServerImpl.java:setRole(174)) - a58d7528-614e-4c39-a3a3-38beaa9905aa@group-AEFF648B0F59: changes role from  FOLLOWER to CANDIDATE at term 5 for changeToCandidate
2019-09-25 05:31:46,009 [Thread-791] INFO  impl.RoleInfo (RoleInfo.java:updateAndGet(143)) - a58d7528-614e-4c39-a3a3-38beaa9905aa: start LeaderElection
2019-09-25 05:31:46,009 [Thread-792] INFO  impl.FollowerState (FollowerState.java:run(106)) - 61946a22-29ed-4e77-8449-fae4cd9869e9:group-059250D1A272 changes to CANDIDATE, lastRpcTime:1128, electionTimeout:1128ms
2019-09-25 05:31:46,009 [Thread-792] INFO  impl.RoleInfo (RoleInfo.java:shutdownFollowerState(121)) - 61946a22-29ed-4e77-8449-fae4cd9869e9: shutdown FollowerState
2019-09-25 05:31:46,010 [Thread-792] INFO  impl.RaftServerImpl (RaftServerImpl.java:setRole(174)) - 61946a22-29ed-4e77-8449-fae4cd9869e9@group-059250D1A272: changes role from  FOLLOWER to CANDIDATE at term 7 for changeToCandidate
2019-09-25 05:31:46,010 [Thread-792] INFO  impl.RoleInfo (RoleInfo.java:updateAndGet(143)) - 61946a22-29ed-4e77-8449-fae4cd9869e9: start LeaderElection
2019-09-25 05:31:46,037 [Thread-794] INFO  impl.FollowerState (FollowerState.java:run(106)) - 61946a22-29ed-4e77-8449-fae4cd9869e9:group-21C2C432FD88 changes to CANDIDATE, lastRpcTime:1151, electionTimeout:1151ms
2019-09-25 05:31:46,037 [Thread-794] INFO  impl.RoleInfo (RoleInfo.java:shutdownFollowerState(121)) - 61946a22-29ed-4e77-8449-fae4cd9869e9: shutdown FollowerState
2019-09-25 05:31:46,037 [Thread-794] INFO  impl.RaftServerImpl (RaftServerImpl.java:setRole(174)) - 61946a22-29ed-4e77-8449-fae4cd9869e9@group-21C2C432FD88: changes role from  FOLLOWER to CANDIDATE at term 8 for changeToCandidate
2019-09-25 05:31:46,037 [Thread-794] INFO  impl.RoleInfo (RoleInfo.java:updateAndGet(143)) - 61946a22-29ed-4e77-8449-fae4cd9869e9: start LeaderElection
2019-09-25 05:31:46,057 [Thread-795] INFO  impl.FollowerState (FollowerState.java:run(106)) - f9c12371-c091-4b4a-8db2-6f0db97bbab3:group-0EC8D23D101B changes to CANDIDATE, lastRpcTime:1170, electionTimeout:1170ms
2019-09-25 05:31:46,057 [Thread-793] INFO  impl.FollowerState (FollowerState.java:run(106)) - ce8ac917-2646-4112-adf7-d577593fabcb:group-0EC8D23D101B changes to CANDIDATE, lastRpcTime:1176, electionTimeout:1172ms
2019-09-25 05:31:46,057 [Thread-795] INFO  impl.RoleInfo (RoleInfo.java:shutdownFollowerState(121)) - f9c12371-c091-4b4a-8db2-6f0db97bbab3: shutdown FollowerState
2019-09-25 05:31:46,057 [Thread-793] INFO  impl.RoleInfo (RoleInfo.java:shutdownFollowerState(121)) - ce8ac917-2646-4112-adf7-d577593fabcb: shutdown FollowerState
2019-09-25 05:31:46,057 [Thread-795] INFO  impl.RaftServerImpl (RaftServerImpl.java:setRole(174)) - f9c12371-c091-4b4a-8db2-6f0db97bbab3@group-0EC8D23D101B: changes role from  FOLLOWER to CANDIDATE at term 5 for changeToCandidate
2019-09-25 05:31:46,057 [Thread-793] INFO  impl.RaftServerImpl (RaftServerImpl.java:setRole(174)) - ce8ac917-2646-4112-adf7-d577593fabcb@group-0EC8D23D101B: changes role from  FOLLOWER to CANDIDATE at term 5 for changeToCandidate
2019-09-25 05:31:46,058 [Thread-795] INFO  impl.RoleInfo (RoleInfo.java:updateAndGet(143)) - f9c12371-c091-4b4a-8db2-6f0db97bbab3: start LeaderElection
2019-09-25 05:31:46,058 [Thread-793] INFO  impl.RoleInfo (RoleInfo.java:updateAndGet(143)) - ce8ac917-2646-4112-adf7-d577593fabcb: start LeaderElection
2019-09-25 05:31:46,073 [Thread-800] INFO  impl.FollowerState (FollowerState.java:run(106)) - e997a993-6131-47bf-96c8-764e04cb5c0e:group-60724A24602F changes to CANDIDATE, lastRpcTime:1183, electionTimeout:1183ms
2019-09-25 05:31:46,073 [Thread-800] INFO  impl.RoleInfo (RoleInfo.java:shutdownFollowerState(121)) - e997a993-6131-47bf-96c8-764e04cb5c0e: shutdown FollowerState
2019-09-25 05:31:46,073 [Thread-800] INFO  impl.RaftServerImpl (RaftServerImpl.java:setRole(174)) - e997a993-6131-47bf-96c8-764e04cb5c0e@group-60724A24602F: changes role from  FOLLOWER to CANDIDATE at term 7 for changeToCandidate
2019-09-25 05:31:46,073 [Thread-800] INFO  impl.RoleInfo (RoleInfo.java:updateAndGet(143)) - e997a993-6131-47bf-96c8-764e04cb5c0e: start LeaderElection
2019-09-25 05:31:46,128 [main] INFO  ozoneimpl.OzoneContainer (OzoneContainer.java:stop(231)) - Attempting to stop container services.
2019-09-25 05:31:46,128 [ForkJoinPool.commonPool-worker-1] INFO  ozoneimpl.OzoneContainer (OzoneContainer.java:stop(231)) - Attempting to stop container services.
2019-09-25 05:31:46,129 [ForkJoinPool.commonPool-worker-1] INFO  impl.RaftServerProxy (RaftServerProxy.java:lambda$close$4(314)) - 61946a22-29ed-4e77-8449-fae4cd9869e9: close
2019-09-25 05:31:46,129 [main] INFO  impl.RaftServerProxy (RaftServerProxy.java:lambda$close$4(314)) - fd2f3f79-5d7b-4d37-bb24-b15dfe7f18d7: close
2019-09-25 05:31:46,130 [ForkJoinPool.commonPool-worker-1] INFO  impl.RaftServerImpl (RaftServerImpl.java:lambda$shutdown$3(251)) - 61946a22-29ed-4e77-8449-fae4cd9869e9@group-D7CEEA3808D7: shutdown
2019-09-25 05:31:46,130 [main] INFO  impl.RaftServerImpl (RaftServerImpl.java:lambda$shutdown$3(251)) - fd2f3f79-5d7b-4d37-bb24-b15dfe7f18d7@group-60724A24602F: shutdown
2019-09-25 05:31:46,131 [ForkJoinPool.commonPool-worker-1] INFO  util.JmxRegister (JmxRegister.java:unregister(73)) - Successfully un-registered JMX Bean with object name Ratis:service=RaftServer,group=group-D7CEEA3808D7,id=61946a22-29ed-4e77-8449-fae4cd9869e9
2019-09-25 05:31:46,131 [main] INFO  util.JmxRegister (JmxRegister.java:unregister(73)) - Successfully un-registered JMX Bean with object name Ratis:service=RaftServer,group=group-60724A24602F,id=fd2f3f79-5d7b-4d37-bb24-b15dfe7f18d7
2019-09-25 05:31:46,131 [ForkJoinPool.commonPool-worker-1] INFO  impl.RoleInfo (RoleInfo.java:shutdownLeaderState(104)) - 61946a22-29ed-4e77-8449-fae4cd9869e9: shutdown LeaderState
2019-09-25 05:31:46,132 [main] INFO  impl.RoleInfo (RoleInfo.java:shutdownLeaderElection(134)) - fd2f3f79-5d7b-4d37-bb24-b15dfe7f18d7: shutdown LeaderElection
2019-09-25 05:31:46,133 [main] INFO  impl.StateMachineUpdater (StateMachineUpdater.java:stopAndJoin(125)) - fd2f3f79-5d7b-4d37-bb24-b15dfe7f18d7@group-60724A24602F-StateMachineUpdater: set stopIndex = -1
2019-09-25 05:31:46,133 [ForkJoinPool.commonPool-worker-1] INFO  impl.PendingRequests (PendingRequests.java:sendNotLeaderResponses(202)) - 61946a22-29ed-4e77-8449-fae4cd9869e9-PendingRequests: sendNotLeaderResponses
2019-09-25 05:31:46,133 [main] INFO  impl.RaftServerImpl (ServerState.java:close(385)) - fd2f3f79-5d7b-4d37-bb24-b15dfe7f18d7@group-60724A24602F: closes. applyIndex: -1
2019-09-25 05:31:46,135 [ForkJoinPool.commonPool-worker-1] INFO  impl.StateMachineUpdater (StateMachineUpdater.java:stopAndJoin(125)) - 61946a22-29ed-4e77-8449-fae4cd9869e9@group-D7CEEA3808D7-StateMachineUpdater: set stopIndex = 0
2019-09-25 05:31:46,140 [ForkJoinPool.commonPool-worker-1] INFO  impl.RaftServerImpl (ServerState.java:close(385)) - 61946a22-29ed-4e77-8449-fae4cd9869e9@group-D7CEEA3808D7: closes. applyIndex: 0
2019-09-25 05:31:46,140 [fd2f3f79-5d7b-4d37-bb24-b15dfe7f18d7@group-60724A24602F-SegmentedRaftLogWorker] INFO  segmented.SegmentedRaftLogWorker (SegmentedRaftLogWorker.java:run(313)) - fd2f3f79-5d7b-4d37-bb24-b15dfe7f18d7@group-60724A24602F-SegmentedRaftLogWorker was interrupted, exiting. There are 0 tasks remaining in the queue.
2019-09-25 05:31:46,140 [main] INFO  segmented.SegmentedRaftLogWorker (SegmentedRaftLogWorker.java:close(228)) - fd2f3f79-5d7b-4d37-bb24-b15dfe7f18d7@group-60724A24602F-SegmentedRaftLogWorker close()
2019-09-25 05:31:46,140 [61946a22-29ed-4e77-8449-fae4cd9869e9@group-D7CEEA3808D7-SegmentedRaftLogWorker] INFO  segmented.SegmentedRaftLogWorker (SegmentedRaftLogWorker.java:run(313)) - 61946a22-29ed-4e77-8449-fae4cd9869e9@group-D7CEEA3808D7-SegmentedRaftLogWorker was interrupted, exiting. There are 0 tasks remaining in the queue.
2019-09-25 05:31:46,146 [ForkJoinPool.commonPool-worker-1] INFO  segmented.SegmentedRaftLogWorker (SegmentedRaftLogWorker.java:close(228)) - 61946a22-29ed-4e77-8449-fae4cd9869e9@group-D7CEEA3808D7-SegmentedRaftLogWorker close()
2019-09-25 05:31:46,151 [ForkJoinPool.commonPool-worker-1] INFO  impl.RaftServerImpl (RaftServerImpl.java:lambda$shutdown$3(251)) - 61946a22-29ed-4e77-8449-fae4cd9869e9@group-21C2C432FD88: shutdown
2019-09-25 05:31:46,151 [main] INFO  server.GrpcService (GrpcService.java:closeImpl(164)) - fd2f3f79-5d7b-4d37-bb24-b15dfe7f18d7: shutdown server with port 42280 now
2019-09-25 05:31:46,151 [ForkJoinPool.commonPool-worker-1] INFO  util.JmxRegister (JmxRegister.java:unregister(73)) - Successfully un-registered JMX Bean with object name Ratis:service=RaftServer,group=group-21C2C432FD88,id=61946a22-29ed-4e77-8449-fae4cd9869e9
2019-09-25 05:31:46,152 [ForkJoinPool.commonPool-worker-1] INFO  impl.RoleInfo (RoleInfo.java:shutdownLeaderElection(134)) - 61946a22-29ed-4e77-8449-fae4cd9869e9: shutdown LeaderElection
2019-09-25 05:31:46,152 [ForkJoinPool.commonPool-worker-1] INFO  impl.StateMachineUpdater (StateMachineUpdater.java:stopAndJoin(125)) - 61946a22-29ed-4e77-8449-fae4cd9869e9@group-21C2C432FD88-StateMachineUpdater: set stopIndex = -1
2019-09-25 05:31:46,152 [ForkJoinPool.commonPool-worker-1] INFO  impl.RaftServerImpl (ServerState.java:close(385)) - 61946a22-29ed-4e77-8449-fae4cd9869e9@group-21C2C432FD88: closes. applyIndex: -1
2019-09-25 05:31:46,153 [61946a22-29ed-4e77-8449-fae4cd9869e9@group-21C2C432FD88-SegmentedRaftLogWorker] INFO  segmented.SegmentedRaftLogWorker (SegmentedRaftLogWorker.java:run(313)) - 61946a22-29ed-4e77-8449-fae4cd9869e9@group-21C2C432FD88-SegmentedRaftLogWorker was interrupted, exiting. There are 0 tasks remaining in the queue.
2019-09-25 05:31:46,153 [ForkJoinPool.commonPool-worker-1] INFO  segmented.SegmentedRaftLogWorker (SegmentedRaftLogWorker.java:close(228)) - 61946a22-29ed-4e77-8449-fae4cd9869e9@group-21C2C432FD88-SegmentedRaftLogWorker close()
2019-09-25 05:31:46,158 [ForkJoinPool.commonPool-worker-1] INFO  impl.RaftServerImpl (RaftServerImpl.java:lambda$shutdown$3(251)) - 61946a22-29ed-4e77-8449-fae4cd9869e9@group-059250D1A272: shutdown
2019-09-25 05:31:46,159 [ForkJoinPool.commonPool-worker-1] INFO  util.JmxRegister (JmxRegister.java:unregister(73)) - Successfully un-registered JMX Bean with object name Ratis:service=RaftServer,group=group-059250D1A272,id=61946a22-29ed-4e77-8449-fae4cd9869e9
2019-09-25 05:31:46,159 [ForkJoinPool.commonPool-worker-1] INFO  impl.RoleInfo (RoleInfo.java:shutdownLeaderElection(134)) - 61946a22-29ed-4e77-8449-fae4cd9869e9: shutdown LeaderElection
2019-09-25 05:31:46,159 [main] INFO  server.GrpcService (GrpcService.java:closeImpl(172)) - fd2f3f79-5d7b-4d37-bb24-b15dfe7f18d7: shutdown server with port 42280 successfully
2019-09-25 05:31:46,159 [ForkJoinPool.commonPool-worker-1] INFO  impl.StateMachineUpdater (StateMachineUpdater.java:stopAndJoin(125)) - 61946a22-29ed-4e77-8449-fae4cd9869e9@group-059250D1A272-StateMachineUpdater: set stopIndex = -1
2019-09-25 05:31:46,160 [ForkJoinPool.commonPool-worker-1] INFO  impl.RaftServerImpl (ServerState.java:close(385)) - 61946a22-29ed-4e77-8449-fae4cd9869e9@group-059250D1A272: closes. applyIndex: -1
2019-09-25 05:31:46,161 [61946a22-29ed-4e77-8449-fae4cd9869e9@group-059250D1A272-SegmentedRaftLogWorker] INFO  segmented.SegmentedRaftLogWorker (SegmentedRaftLogWorker.java:run(313)) - 61946a22-29ed-4e77-8449-fae4cd9869e9@group-059250D1A272-SegmentedRaftLogWorker was interrupted, exiting. There are 0 tasks remaining in the queue.
2019-09-25 05:31:46,161 [ForkJoinPool.commonPool-worker-1] INFO  segmented.SegmentedRaftLogWorker (SegmentedRaftLogWorker.java:close(228)) - 61946a22-29ed-4e77-8449-fae4cd9869e9@group-059250D1A272-SegmentedRaftLogWorker close()
2019-09-25 05:31:46,166 [ForkJoinPool.commonPool-worker-1] INFO  server.GrpcService (GrpcService.java:closeImpl(164)) - 61946a22-29ed-4e77-8449-fae4cd9869e9: shutdown server with port 36814 now
2019-09-25 05:31:46,167 [ForkJoinPool.commonPool-worker-1] INFO  server.GrpcService (GrpcService.java:closeImpl(172)) - 61946a22-29ed-4e77-8449-fae4cd9869e9: shutdown server with port 36814 successfully
2019-09-25 05:31:46,172 [f9c12371-c091-4b4a-8db2-6f0db97bbab3@group-AEFF648B0F59:LeaderElection105] INFO  impl.LeaderElection (LeaderElection.java:askForVotes(182)) - f9c12371-c091-4b4a-8db2-6f0db97bbab3@group-AEFF648B0F59:LeaderElection105: begin an election at term 6 for -1: [a58d7528-614e-4c39-a3a3-38beaa9905aa:192.168.36.126:37942, f9c12371-c091-4b4a-8db2-6f0db97bbab3:192.168.36.126:46560, ce8ac917-2646-4112-adf7-d577593fabcb:192.168.36.126:37960], old=null
2019-09-25 05:31:46,172 [616f9f8f-9479-40f4-8c03-f125dcbf9c7f@group-60724A24602F:LeaderElection107] INFO  impl.LeaderElection (LeaderElection.java:askForVotes(182)) - 616f9f8f-9479-40f4-8c03-f125dcbf9c7f@group-60724A24602F:LeaderElection107: begin an election at term 8 for -1: [616f9f8f-9479-40f4-8c03-f125dcbf9c7f:192.168.36.126:39694, e997a993-6131-47bf-96c8-764e04cb5c0e:192.168.36.126:37678, fd2f3f79-5d7b-4d37-bb24-b15dfe7f18d7:192.168.36.126:42280], old=null
2019-09-25 05:31:46,173 [fd2f3f79-5d7b-4d37-bb24-b15dfe7f18d7@group-60724A24602F:LeaderElection109] INFO  impl.LeaderElection (LeaderElection.java:askForVotes(182)) - fd2f3f79-5d7b-4d37-bb24-b15dfe7f18d7@group-60724A24602F:LeaderElection109: begin an election at term 8 for -1: [616f9f8f-9479-40f4-8c03-f125dcbf9c7f:192.168.36.126:39694, e997a993-6131-47bf-96c8-764e04cb5c0e:192.168.36.126:37678, fd2f3f79-5d7b-4d37-bb24-b15dfe7f18d7:192.168.36.126:42280], old=null
2019-09-25 05:31:46,173 [ce8ac917-2646-4112-adf7-d577593fabcb@group-43825EC81F5D:LeaderElection106] INFO  impl.LeaderElection (LeaderElection.java:askForVotes(182)) - ce8ac917-2646-4112-adf7-d577593fabcb@group-43825EC81F5D:LeaderElection106: begin an election at term 2 for -1: [a58d7528-614e-4c39-a3a3-38beaa9905aa:192.168.36.126:37942, f9c12371-c091-4b4a-8db2-6f0db97bbab3:192.168.36.126:46560, ce8ac917-2646-4112-adf7-d577593fabcb:192.168.36.126:37960], old=null
2019-09-25 05:31:46,173 [a58d7528-614e-4c39-a3a3-38beaa9905aa@group-0EC8D23D101B:LeaderElection110] INFO  impl.LeaderElection (LeaderElection.java:askForVotes(182)) - a58d7528-614e-4c39-a3a3-38beaa9905aa@group-0EC8D23D101B:LeaderElection110: begin an election at term 6 for -1: [a58d7528-614e-4c39-a3a3-38beaa9905aa:192.168.36.126:37942, f9c12371-c091-4b4a-8db2-6f0db97bbab3:192.168.36.126:46560, ce8ac917-2646-4112-adf7-d577593fabcb:192.168.36.126:37960], old=null
2019-09-25 05:31:46,172 [ce8ac917-2646-4112-adf7-d577593fabcb@group-AEFF648B0F59:LeaderElection108] INFO  impl.LeaderElection (LeaderElection.java:askForVotes(182)) - ce8ac917-2646-4112-adf7-d577593fabcb@group-AEFF648B0F59:LeaderElection108: begin an election at term 6 for -1: [a58d7528-614e-4c39-a3a3-38beaa9905aa:192.168.36.126:37942, f9c12371-c091-4b4a-8db2-6f0db97bbab3:192.168.36.126:46560, ce8ac917-2646-4112-adf7-d577593fabcb:192.168.36.126:37960], old=null
2019-09-25 05:31:46,174 [refreshUsed-/workdir/hadoop-ozone/integration-test/target/test-dir/MiniOzoneClusterImpl-cea1adf1-e11b-40bf-86cb-fb3b2d854ef9/datanode-2/data/containers] WARN  fs.CachingGetSpaceUsed (CachingGetSpaceUsed.java:run(183)) - Thread Interrupted waiting to refresh disk information: sleep interrupted
2019-09-25 05:31:46,174 [fd2f3f79-5d7b-4d37-bb24-b15dfe7f18d7@group-60724A24602F:LeaderElection109] INFO  impl.LeaderElection (LogUtils.java:infoOrTrace(149)) - Failed fd2f3f79-5d7b-4d37-bb24-b15dfe7f18d7@group-60724A24602F:LeaderElection109, state=CLOSING: {}
java.lang.IllegalArgumentException: fd2f3f79-5d7b-4d37-bb24-b15dfe7f18d7@group-60724A24602F-SegmentedRaftLog is expected to be opened but it is CLOSED
	at org.apache.ratis.util.OpenCloseState.assertOpen(OpenCloseState.java:63)
	at org.apache.ratis.server.raftlog.RaftLog.checkLogState(RaftLog.java:102)
	at org.apache.ratis.server.raftlog.segmented.SegmentedRaftLog.getLastEntryTermIndex(SegmentedRaftLog.java:324)
	at org.apache.ratis.server.impl.LeaderElection.askForVotes(LeaderElection.java:184)
	at org.apache.ratis.server.impl.LeaderElection.run(LeaderElection.java:133)
	at java.lang.Thread.run(Thread.java:748)
Caused by: org.apache.ratis.util.OpenCloseState$CloseTrace: Close fd2f3f79-5d7b-4d37-bb24-b15dfe7f18d7@group-60724A24602F-SegmentedRaftLog
	at org.apache.ratis.util.OpenCloseState.lambda$close$1(OpenCloseState.java:109)
	at java.util.concurrent.atomic.AtomicReference.getAndUpdate(AtomicReference.java:160)
	at org.apache.ratis.util.OpenCloseState.close(OpenCloseState.java:109)
	at org.apache.ratis.server.raftlog.RaftLog.close(RaftLog.java:437)
	at org.apache.ratis.server.raftlog.segmented.SegmentedRaftLog.close(SegmentedRaftLog.java:476)
	at org.apache.ratis.server.impl.ServerState.close(ServerState.java:387)
	at org.apache.ratis.server.impl.RaftServerImpl.lambda$shutdown$3(RaftServerImpl.java:273)
	at org.apache.ratis.util.LifeCycle.lambda$checkStateAndClose$2(LifeCycle.java:231)
	at org.apache.ratis.util.LifeCycle.checkStateAndClose(LifeCycle.java:251)
	at org.apache.ratis.util.LifeCycle.checkStateAndClose(LifeCycle.java:229)
	at org.apache.ratis.server.impl.RaftServerImpl.shutdown(RaftServerImpl.java:250)
	at org.apache.ratis.server.impl.RaftServerProxy$ImplMap.lambda$close$0(RaftServerProxy.java:107)
	at java.util.stream.ForEachOps$ForEachOp$OfRef.accept(ForEachOps.java:184)
	at java.util.stream.ReferencePipeline$3$1.accept(ReferencePipeline.java:193)
	at java.util.concurrent.ConcurrentHashMap$ValueSpliterator.forEachRemaining(ConcurrentHashMap.java:3566)
	at java.util.stream.AbstractPipeline.copyInto(AbstractPipeline.java:482)
	at java.util.stream.ForEachOps$ForEachTask.compute(ForEachOps.java:291)
	at java.util.concurrent.CountedCompleter.exec(CountedCompleter.java:731)
	at java.util.concurrent.ForkJoinTask.doExec(ForkJoinTask.java:289)
	at java.util.concurrent.ForkJoinTask.doInvoke(ForkJoinTask.java:401)
	at java.util.concurrent.ForkJoinTask.invoke(ForkJoinTask.java:734)
	at java.util.stream.ForEachOps$ForEachOp.evaluateParallel(ForEachOps.java:160)
	at java.util.stream.ForEachOps$ForEachOp$OfRef.evaluateParallel(ForEachOps.java:174)
	at java.util.stream.AbstractPipeline.evaluate(AbstractPipeline.java:233)
	at java.util.stream.ReferencePipeline.forEach(ReferencePipeline.java:418)
	at org.apache.ratis.server.impl.RaftServerProxy$ImplMap.close(RaftServerProxy.java:107)
	at org.apache.ratis.server.impl.RaftServerProxy.lambda$close$4(RaftServerProxy.java:315)
	at org.apache.ratis.util.LifeCycle.lambda$checkStateAndClose$2(LifeCycle.java:231)
	at org.apache.ratis.util.LifeCycle.checkStateAndClose(LifeCycle.java:251)
	at org.apache.ratis.util.LifeCycle.checkStateAndClose(LifeCycle.java:229)
	at org.apache.ratis.server.impl.RaftServerProxy.close(RaftServerProxy.java:313)
	at org.apache.hadoop.ozone.container.common.transport.server.ratis.XceiverServerRatis.stop(XceiverServerRatis.java:441)
	at org.apache.hadoop.ozone.container.ozoneimpl.OzoneContainer.stop(OzoneContainer.java:233)
	at org.apache.hadoop.ozone.container.common.statemachine.DatanodeStateMachine.close(DatanodeStateMachine.java:270)
	at org.apache.hadoop.ozone.container.common.statemachine.DatanodeStateMachine.stopDaemon(DatanodeStateMachine.java:394)
	at org.apache.hadoop.ozone.HddsDatanodeService.stop(HddsDatanodeService.java:457)
	at org.apache.hadoop.ozone.MiniOzoneClusterImpl.stopDatanode(MiniOzoneClusterImpl.java:385)
	at java.util.stream.ForEachOps$ForEachOp$OfRef.accept(ForEachOps.java:184)
	at java.util.ArrayList$ArrayListSpliterator.forEachRemaining(ArrayList.java:1382)
	at java.util.stream.AbstractPipeline.copyInto(AbstractPipeline.java:482)
	at java.util.stream.ForEachOps$ForEachTask.compute(ForEachOps.java:291)
	at java.util.concurrent.CountedCompleter.exec(CountedCompleter.java:731)
	at java.util.concurrent.ForkJoinTask.doExec(ForkJoinTask.java:289)
	at java.util.concurrent.ForkJoinTask.doInvoke(ForkJoinTask.java:401)
	at java.util.concurrent.ForkJoinTask.invoke(ForkJoinTask.java:734)
	at java.util.stream.ForEachOps$ForEachOp.evaluateParallel(ForEachOps.java:160)
	at java.util.stream.ForEachOps$ForEachOp$OfRef.evaluateParallel(ForEachOps.java:174)
	at java.util.stream.AbstractPipeline.evaluate(AbstractPipeline.java:233)
	at java.util.stream.ReferencePipeline.forEach(ReferencePipeline.java:418)
	at java.util.stream.ReferencePipeline$Head.forEach(ReferencePipeline.java:583)
	at org.apache.hadoop.ozone.MiniOzoneClusterImpl.stopDatanodes(MiniOzoneClusterImpl.java:379)
	at org.apache.hadoop.ozone.MiniOzoneClusterImpl.stop(MiniOzoneClusterImpl.java:332)
	at org.apache.hadoop.ozone.MiniOzoneClusterImpl.shutdown(MiniOzoneClusterImpl.java:319)
	at org.apache.hadoop.ozone.client.rpc.TestFailureHandlingByClient.shutdown(TestFailureHandlingByClient.java:130)
	at sun.reflect.NativeMethodAccessorImpl.invoke0(Native Method)
	at sun.reflect.NativeMethodAccessorImpl.invoke(NativeMethodAccessorImpl.java:62)
	at sun.reflect.DelegatingMethodAccessorImpl.invoke(DelegatingMethodAccessorImpl.java:43)
	at java.lang.reflect.Method.invoke(Method.java:498)
	at org.junit.runners.model.FrameworkMethod$1.runReflectiveCall(FrameworkMethod.java:47)
	at org.junit.internal.runners.model.ReflectiveCallable.run(ReflectiveCallable.java:12)
	at org.junit.runners.model.FrameworkMethod.invokeExplosively(FrameworkMethod.java:44)
	at org.junit.internal.runners.statements.RunAfters.evaluate(RunAfters.java:33)
	at org.junit.runners.ParentRunner.runLeaf(ParentRunner.java:271)
	at org.junit.runners.BlockJUnit4ClassRunner.runChild(BlockJUnit4ClassRunner.java:70)
	at org.junit.runners.BlockJUnit4ClassRunner.runChild(BlockJUnit4ClassRunner.java:50)
	at org.junit.runners.ParentRunner$3.run(ParentRunner.java:238)
	at org.junit.runners.ParentRunner$1.schedule(ParentRunner.java:63)
	at org.junit.runners.ParentRunner.runChildren(ParentRunner.java:236)
	at org.junit.runners.ParentRunner.access$000(ParentRunner.java:53)
	at org.junit.runners.ParentRunner$2.evaluate(ParentRunner.java:229)
	at org.junit.runners.ParentRunner.run(ParentRunner.java:309)
	at org.apache.maven.surefire.junit4.JUnit4Provider.execute(JUnit4Provider.java:365)
	at org.apache.maven.surefire.junit4.JUnit4Provider.executeWithRerun(JUnit4Provider.java:273)
	at org.apache.maven.surefire.junit4.JUnit4Provider.executeTestSet(JUnit4Provider.java:238)
	at org.apache.maven.surefire.junit4.JUnit4Provider.invoke(JUnit4Provider.java:159)
	at org.apache.maven.surefire.booter.ForkedBooter.invokeProviderInSameClassLoader(ForkedBooter.java:384)
	at org.apache.maven.surefire.booter.ForkedBooter.runSuitesInProcess(ForkedBooter.java:345)
	at org.apache.maven.surefire.booter.ForkedBooter.execute(ForkedBooter.java:126)
	at org.apache.maven.surefire.booter.ForkedBooter.main(ForkedBooter.java:418)
2019-09-25 05:31:46,179 [fd2f3f79-5d7b-4d37-bb24-b15dfe7f18d7@group-60724A24602F:LeaderElection109] INFO  impl.LeaderElection (LeaderElection.java:run(140)) - fd2f3f79-5d7b-4d37-bb24-b15dfe7f18d7@group-60724A24602F:LeaderElection109: IllegalArgumentException is safely ignored since this is already CLOSING
2019-09-25 05:31:46,184 [refreshUsed-/workdir/hadoop-ozone/integration-test/target/test-dir/MiniOzoneClusterImpl-cea1adf1-e11b-40bf-86cb-fb3b2d854ef9/datanode-5/data/containers] WARN  fs.CachingGetSpaceUsed (CachingGetSpaceUsed.java:run(183)) - Thread Interrupted waiting to refresh disk information: sleep interrupted
2019-09-25 05:31:46,197 [616f9f8f-9479-40f4-8c03-f125dcbf9c7f@group-60724A24602F:LeaderElection107] INFO  impl.LeaderElection (LogUtils.java:infoOrTrace(149)) - 616f9f8f-9479-40f4-8c03-f125dcbf9c7f@group-60724A24602F:LeaderElection107 got exception when requesting votes: {}
java.util.concurrent.ExecutionException: org.apache.ratis.thirdparty.io.grpc.StatusRuntimeException: UNAVAILABLE: io exception
	at java.util.concurrent.FutureTask.report(FutureTask.java:122)
	at java.util.concurrent.FutureTask.get(FutureTask.java:192)
	at org.apache.ratis.server.impl.LeaderElection.waitForResults(LeaderElection.java:263)
	at org.apache.ratis.server.impl.LeaderElection.askForVotes(LeaderElection.java:201)
	at org.apache.ratis.server.impl.LeaderElection.run(LeaderElection.java:133)
	at java.lang.Thread.run(Thread.java:748)
Caused by: org.apache.ratis.thirdparty.io.grpc.StatusRuntimeException: UNAVAILABLE: io exception
	at org.apache.ratis.thirdparty.io.grpc.stub.ClientCalls.toStatusRuntimeException(ClientCalls.java:233)
	at org.apache.ratis.thirdparty.io.grpc.stub.ClientCalls.getUnchecked(ClientCalls.java:214)
	at org.apache.ratis.thirdparty.io.grpc.stub.ClientCalls.blockingUnaryCall(ClientCalls.java:139)
	at org.apache.ratis.proto.grpc.RaftServerProtocolServiceGrpc$RaftServerProtocolServiceBlockingStub.requestVote(RaftServerProtocolServiceGrpc.java:265)
	at org.apache.ratis.grpc.server.GrpcServerProtocolClient.requestVote(GrpcServerProtocolClient.java:90)
	at org.apache.ratis.grpc.server.GrpcService.requestVote(GrpcService.java:204)
	at org.apache.ratis.server.impl.LeaderElection.lambda$submitRequests$1(LeaderElection.java:238)
	at java.util.concurrent.FutureTask.run(FutureTask.java:266)
	at java.util.concurrent.Executors$RunnableAdapter.call(Executors.java:511)
	at java.util.concurrent.FutureTask.run(FutureTask.java:266)
	at java.util.concurrent.ThreadPoolExecutor.runWorker(ThreadPoolExecutor.java:1149)
	at java.util.concurrent.ThreadPoolExecutor$Worker.run(ThreadPoolExecutor.java:624)
	... 1 more
Caused by: org.apache.ratis.thirdparty.io.netty.channel.AbstractChannel$AnnotatedConnectException: Connection refused: /192.168.36.126:42280
	at sun.nio.ch.SocketChannelImpl.checkConnect(Native Method)
	at sun.nio.ch.SocketChannelImpl.finishConnect(SocketChannelImpl.java:717)
	at org.apache.ratis.thirdparty.io.netty.channel.socket.nio.NioSocketChannel.doFinishConnect(NioSocketChannel.java:327)
	at org.apache.ratis.thirdparty.io.netty.channel.nio.AbstractNioChannel$AbstractNioUnsafe.finishConnect(AbstractNioChannel.java:340)
	at org.apache.ratis.thirdparty.io.netty.channel.nio.NioEventLoop.processSelectedKey(NioEventLoop.java:632)
	at org.apache.ratis.thirdparty.io.netty.channel.nio.NioEventLoop.processSelectedKeysOptimized(NioEventLoop.java:579)
	at org.apache.ratis.thirdparty.io.netty.channel.nio.NioEventLoop.processSelectedKeys(NioEventLoop.java:496)
	at org.apache.ratis.thirdparty.io.netty.channel.nio.NioEventLoop.run(NioEventLoop.java:458)
	at org.apache.ratis.thirdparty.io.netty.util.concurrent.SingleThreadEventExecutor$5.run(SingleThreadEventExecutor.java:897)
	at org.apache.ratis.thirdparty.io.netty.util.concurrent.FastThreadLocalRunnable.run(FastThreadLocalRunnable.java:30)
	... 1 more
Caused by: java.net.ConnectException: Connection refused
	... 11 more
2019-09-25 05:31:46,207 [main] INFO  utils.BackgroundService (BackgroundService.java:shutdown(148)) - Shutting down service BlockDeletingService
2019-09-25 05:31:46,210 [ForkJoinPool.commonPool-worker-1] INFO  utils.BackgroundService (BackgroundService.java:shutdown(148)) - Shutting down service BlockDeletingService
2019-09-25 05:31:46,221 [main] INFO  statemachine.DatanodeStateMachine (DatanodeStateMachine.java:stopDaemon(395)) - Ozone container server stopped.
2019-09-25 05:31:46,223 [ForkJoinPool.commonPool-worker-1] INFO  statemachine.DatanodeStateMachine (DatanodeStateMachine.java:stopDaemon(395)) - Ozone container server stopped.
2019-09-25 05:31:46,228 [main] INFO  handler.ContextHandler (ContextHandler.java:doStop(910)) - Stopped o.e.j.w.WebAppContext@3a37a501{/,null,UNAVAILABLE}{/hddsDatanode}
2019-09-25 05:31:46,228 [ForkJoinPool.commonPool-worker-1] INFO  handler.ContextHandler (ContextHandler.java:doStop(910)) - Stopped o.e.j.w.WebAppContext@fc807c1{/,null,UNAVAILABLE}{/hddsDatanode}
2019-09-25 05:31:46,230 [main] INFO  server.AbstractConnector (AbstractConnector.java:doStop(318)) - Stopped ServerConnector@7a583586{HTTP/1.1,[http/1.1]}{0.0.0.0:0}
2019-09-25 05:31:46,230 [ForkJoinPool.commonPool-worker-1] INFO  server.AbstractConnector (AbstractConnector.java:doStop(318)) - Stopped ServerConnector@296e281a{HTTP/1.1,[http/1.1]}{0.0.0.0:0}
2019-09-25 05:31:46,233 [main] INFO  handler.ContextHandler (ContextHandler.java:doStop(910)) - Stopped o.e.j.s.ServletContextHandler@534180a2{/static,jar:file:/home/user/.m2/repository/org/apache/hadoop/hadoop-hdds-container-service/0.5.0-SNAPSHOT/hadoop-hdds-container-service-0.5.0-SNAPSHOT.jar!/webapps/static,UNAVAILABLE}
2019-09-25 05:31:46,234 [ForkJoinPool.commonPool-worker-1] INFO  handler.ContextHandler (ContextHandler.java:doStop(910)) - Stopped o.e.j.s.ServletContextHandler@4d95a72e{/static,jar:file:/home/user/.m2/repository/org/apache/hadoop/hadoop-hdds-container-service/0.5.0-SNAPSHOT/hadoop-hdds-container-service-0.5.0-SNAPSHOT.jar!/webapps/static,UNAVAILABLE}
2019-09-25 05:31:46,235 [main] INFO  handler.ContextHandler (ContextHandler.java:doStop(910)) - Stopped o.e.j.s.ServletContextHandler@51d387d3{/logs,file:///workdir/hadoop-ozone/integration-test/target/log,UNAVAILABLE}
2019-09-25 05:31:46,236 [ForkJoinPool.commonPool-worker-1] INFO  handler.ContextHandler (ContextHandler.java:doStop(910)) - Stopped o.e.j.s.ServletContextHandler@44536de4{/logs,file:///workdir/hadoop-ozone/integration-test/target/log,UNAVAILABLE}
2019-09-25 05:31:46,536 [61946a22-29ed-4e77-8449-fae4cd9869e9@group-059250D1A272:LeaderElection118] INFO  impl.LeaderElection (LeaderElection.java:askForVotes(182)) - 61946a22-29ed-4e77-8449-fae4cd9869e9@group-059250D1A272:LeaderElection118: begin an election at term 8 for -1: [5c3318fc-c419-4298-b427-bf5a9ca27bf0:192.168.36.126:46795, 61946a22-29ed-4e77-8449-fae4cd9869e9:192.168.36.126:36814, 0d4a37ed-4cec-423a-a360-e4a879eb6bc0:192.168.36.126:37817], old=null
2019-09-25 05:31:46,537 [5c3318fc-c419-4298-b427-bf5a9ca27bf0@group-059250D1A272:LeaderElection115] INFO  impl.LeaderElection (LeaderElection.java:askForVotes(182)) - 5c3318fc-c419-4298-b427-bf5a9ca27bf0@group-059250D1A272:LeaderElection115: begin an election at term 8 for -1: [5c3318fc-c419-4298-b427-bf5a9ca27bf0:192.168.36.126:46795, 61946a22-29ed-4e77-8449-fae4cd9869e9:192.168.36.126:36814, 0d4a37ed-4cec-423a-a360-e4a879eb6bc0:192.168.36.126:37817], old=null
2019-09-25 05:31:46,537 [a58d7528-614e-4c39-a3a3-38beaa9905aa@group-43825EC81F5D:LeaderElection112] INFO  impl.LeaderElection (LeaderElection.java:askForVotes(182)) - a58d7528-614e-4c39-a3a3-38beaa9905aa@group-43825EC81F5D:LeaderElection112: begin an election at term 2 for -1: [a58d7528-614e-4c39-a3a3-38beaa9905aa:192.168.36.126:37942, f9c12371-c091-4b4a-8db2-6f0db97bbab3:192.168.36.126:46560, ce8ac917-2646-4112-adf7-d577593fabcb:192.168.36.126:37960], old=null
2019-09-25 05:31:46,537 [0d4a37ed-4cec-423a-a360-e4a879eb6bc0@group-059250D1A272:LeaderElection116] INFO  impl.LeaderElection (LeaderElection.java:askForVotes(182)) - 0d4a37ed-4cec-423a-a360-e4a879eb6bc0@group-059250D1A272:LeaderElection116: begin an election at term 8 for -1: [5c3318fc-c419-4298-b427-bf5a9ca27bf0:192.168.36.126:46795, 61946a22-29ed-4e77-8449-fae4cd9869e9:192.168.36.126:36814, 0d4a37ed-4cec-423a-a360-e4a879eb6bc0:192.168.36.126:37817], old=null
2019-09-25 05:31:46,537 [61946a22-29ed-4e77-8449-fae4cd9869e9@group-059250D1A272:LeaderElection118] INFO  impl.LeaderElection (LogUtils.java:infoOrTrace(149)) - Failed 61946a22-29ed-4e77-8449-fae4cd9869e9@group-059250D1A272:LeaderElection118, state=CLOSING: {}
java.lang.IllegalArgumentException: 61946a22-29ed-4e77-8449-fae4cd9869e9@group-059250D1A272-SegmentedRaftLog is expected to be opened but it is CLOSED
	at org.apache.ratis.util.OpenCloseState.assertOpen(OpenCloseState.java:63)
	at org.apache.ratis.server.raftlog.RaftLog.checkLogState(RaftLog.java:102)
	at org.apache.ratis.server.raftlog.segmented.SegmentedRaftLog.getLastEntryTermIndex(SegmentedRaftLog.java:324)
	at org.apache.ratis.server.impl.LeaderElection.askForVotes(LeaderElection.java:184)
	at org.apache.ratis.server.impl.LeaderElection.run(LeaderElection.java:133)
	at java.lang.Thread.run(Thread.java:748)
Caused by: org.apache.ratis.util.OpenCloseState$CloseTrace: Close 61946a22-29ed-4e77-8449-fae4cd9869e9@group-059250D1A272-SegmentedRaftLog
	at org.apache.ratis.util.OpenCloseState.lambda$close$1(OpenCloseState.java:109)
	at java.util.concurrent.atomic.AtomicReference.getAndUpdate(AtomicReference.java:160)
	at org.apache.ratis.util.OpenCloseState.close(OpenCloseState.java:109)
	at org.apache.ratis.server.raftlog.RaftLog.close(RaftLog.java:437)
	at org.apache.ratis.server.raftlog.segmented.SegmentedRaftLog.close(SegmentedRaftLog.java:476)
	at org.apache.ratis.server.impl.ServerState.close(ServerState.java:387)
	at org.apache.ratis.server.impl.RaftServerImpl.lambda$shutdown$3(RaftServerImpl.java:273)
	at org.apache.ratis.util.LifeCycle.lambda$checkStateAndClose$2(LifeCycle.java:231)
	at org.apache.ratis.util.LifeCycle.checkStateAndClose(LifeCycle.java:251)
	at org.apache.ratis.util.LifeCycle.checkStateAndClose(LifeCycle.java:229)
	at org.apache.ratis.server.impl.RaftServerImpl.shutdown(RaftServerImpl.java:250)
	at org.apache.ratis.server.impl.RaftServerProxy$ImplMap.lambda$close$0(RaftServerProxy.java:107)
	at java.util.stream.ForEachOps$ForEachOp$OfRef.accept(ForEachOps.java:184)
	at java.util.stream.ReferencePipeline$3$1.accept(ReferencePipeline.java:193)
	at java.util.concurrent.ConcurrentHashMap$ValueSpliterator.forEachRemaining(ConcurrentHashMap.java:3566)
	at java.util.stream.AbstractPipeline.copyInto(AbstractPipeline.java:482)
	at java.util.stream.ForEachOps$ForEachTask.compute(ForEachOps.java:291)
	at java.util.concurrent.CountedCompleter.exec(CountedCompleter.java:731)
	at java.util.concurrent.ForkJoinTask.doExec(ForkJoinTask.java:289)
	at java.util.concurrent.ForkJoinPool.helpComplete(ForkJoinPool.java:1870)
	at java.util.concurrent.ForkJoinPool.awaitJoin(ForkJoinPool.java:2045)
	at java.util.concurrent.ForkJoinTask.doInvoke(ForkJoinTask.java:404)
	at java.util.concurrent.ForkJoinTask.invoke(ForkJoinTask.java:734)
	at java.util.stream.ForEachOps$ForEachOp.evaluateParallel(ForEachOps.java:160)
	at java.util.stream.ForEachOps$ForEachOp$OfRef.evaluateParallel(ForEachOps.java:174)
	at java.util.stream.AbstractPipeline.evaluate(AbstractPipeline.java:233)
	at java.util.stream.ReferencePipeline.forEach(ReferencePipeline.java:418)
	at org.apache.ratis.server.impl.RaftServerProxy$ImplMap.close(RaftServerProxy.java:107)
	at org.apache.ratis.server.impl.RaftServerProxy.lambda$close$4(RaftServerProxy.java:315)
	at org.apache.ratis.util.LifeCycle.lambda$checkStateAndClose$2(LifeCycle.java:231)
	at org.apache.ratis.util.LifeCycle.checkStateAndClose(LifeCycle.java:251)
	at org.apache.ratis.util.LifeCycle.checkStateAndClose(LifeCycle.java:229)
	at org.apache.ratis.server.impl.RaftServerProxy.close(RaftServerProxy.java:313)
	at org.apache.hadoop.ozone.container.common.transport.server.ratis.XceiverServerRatis.stop(XceiverServerRatis.java:441)
	at org.apache.hadoop.ozone.container.ozoneimpl.OzoneContainer.stop(OzoneContainer.java:233)
	at org.apache.hadoop.ozone.container.common.statemachine.DatanodeStateMachine.close(DatanodeStateMachine.java:270)
	at org.apache.hadoop.ozone.container.common.statemachine.DatanodeStateMachine.stopDaemon(DatanodeStateMachine.java:394)
	at org.apache.hadoop.ozone.HddsDatanodeService.stop(HddsDatanodeService.java:457)
	at org.apache.hadoop.ozone.MiniOzoneClusterImpl.stopDatanode(MiniOzoneClusterImpl.java:385)
	at java.util.stream.ForEachOps$ForEachOp$OfRef.accept(ForEachOps.java:184)
	at java.util.ArrayList$ArrayListSpliterator.forEachRemaining(ArrayList.java:1382)
	at java.util.stream.AbstractPipeline.copyInto(AbstractPipeline.java:482)
	at java.util.stream.ForEachOps$ForEachTask.compute(ForEachOps.java:291)
	at java.util.concurrent.CountedCompleter.exec(CountedCompleter.java:731)
	at java.util.concurrent.ForkJoinTask.doExec(ForkJoinTask.java:289)
	at java.util.concurrent.ForkJoinPool$WorkQueue.runTask(ForkJoinPool.java:1056)
	at java.util.concurrent.ForkJoinPool.runWorker(ForkJoinPool.java:1692)
	at java.util.concurrent.ForkJoinWorkerThread.run(ForkJoinWorkerThread.java:157)
2019-09-25 05:31:46,537 [f9c12371-c091-4b4a-8db2-6f0db97bbab3@group-43825EC81F5D:LeaderElection113] INFO  impl.LeaderElection (LeaderElection.java:askForVotes(182)) - f9c12371-c091-4b4a-8db2-6f0db97bbab3@group-43825EC81F5D:LeaderElection113: begin an election at term 2 for -1: [a58d7528-614e-4c39-a3a3-38beaa9905aa:192.168.36.126:37942, f9c12371-c091-4b4a-8db2-6f0db97bbab3:192.168.36.126:46560, ce8ac917-2646-4112-adf7-d577593fabcb:192.168.36.126:37960], old=null
2019-09-25 05:31:46,537 [a58d7528-614e-4c39-a3a3-38beaa9905aa@group-AEFF648B0F59:LeaderElection117] INFO  impl.LeaderElection (LeaderElection.java:askForVotes(182)) - a58d7528-614e-4c39-a3a3-38beaa9905aa@group-AEFF648B0F59:LeaderElection117: begin an election at term 6 for -1: [a58d7528-614e-4c39-a3a3-38beaa9905aa:192.168.36.126:37942, f9c12371-c091-4b4a-8db2-6f0db97bbab3:192.168.36.126:46560, ce8ac917-2646-4112-adf7-d577593fabcb:192.168.36.126:37960], old=null
2019-09-25 05:31:46,537 [e997a993-6131-47bf-96c8-764e04cb5c0e@group-60724A24602F:LeaderElection122] INFO  impl.LeaderElection (LeaderElection.java:askForVotes(182)) - e997a993-6131-47bf-96c8-764e04cb5c0e@group-60724A24602F:LeaderElection122: begin an election at term 8 for -1: [616f9f8f-9479-40f4-8c03-f125dcbf9c7f:192.168.36.126:39694, e997a993-6131-47bf-96c8-764e04cb5c0e:192.168.36.126:37678, fd2f3f79-5d7b-4d37-bb24-b15dfe7f18d7:192.168.36.126:42280], old=null
2019-09-25 05:31:46,537 [f9c12371-c091-4b4a-8db2-6f0db97bbab3@group-0EC8D23D101B:LeaderElection120] INFO  impl.LeaderElection (LeaderElection.java:askForVotes(182)) - f9c12371-c091-4b4a-8db2-6f0db97bbab3@group-0EC8D23D101B:LeaderElection120: begin an election at term 6 for -1: [a58d7528-614e-4c39-a3a3-38beaa9905aa:192.168.36.126:37942, f9c12371-c091-4b4a-8db2-6f0db97bbab3:192.168.36.126:46560, ce8ac917-2646-4112-adf7-d577593fabcb:192.168.36.126:37960], old=null
2019-09-25 05:31:46,537 [0d4a37ed-4cec-423a-a360-e4a879eb6bc0@group-21C2C432FD88:LeaderElection114] INFO  impl.LeaderElection (LeaderElection.java:askForVotes(182)) - 0d4a37ed-4cec-423a-a360-e4a879eb6bc0@group-21C2C432FD88:LeaderElection114: begin an election at term 9 for -1: [5c3318fc-c419-4298-b427-bf5a9ca27bf0:192.168.36.126:46795, 61946a22-29ed-4e77-8449-fae4cd9869e9:192.168.36.126:36814, 0d4a37ed-4cec-423a-a360-e4a879eb6bc0:192.168.36.126:37817], old=null
2019-09-25 05:31:46,536 [61946a22-29ed-4e77-8449-fae4cd9869e9@group-21C2C432FD88:LeaderElection119] INFO  impl.LeaderElection (LeaderElection.java:askForVotes(182)) - 61946a22-29ed-4e77-8449-fae4cd9869e9@group-21C2C432FD88:LeaderElection119: begin an election at term 9 for -1: [5c3318fc-c419-4298-b427-bf5a9ca27bf0:192.168.36.126:46795, 61946a22-29ed-4e77-8449-fae4cd9869e9:192.168.36.126:36814, 0d4a37ed-4cec-423a-a360-e4a879eb6bc0:192.168.36.126:37817], old=null
2019-09-25 05:31:46,536 [ce8ac917-2646-4112-adf7-d577593fabcb@group-0EC8D23D101B:LeaderElection121] INFO  impl.LeaderElection (LeaderElection.java:askForVotes(182)) - ce8ac917-2646-4112-adf7-d577593fabcb@group-0EC8D23D101B:LeaderElection121: begin an election at term 6 for -1: [a58d7528-614e-4c39-a3a3-38beaa9905aa:192.168.36.126:37942, f9c12371-c091-4b4a-8db2-6f0db97bbab3:192.168.36.126:46560, ce8ac917-2646-4112-adf7-d577593fabcb:192.168.36.126:37960], old=null
2019-09-25 05:31:46,536 [5c3318fc-c419-4298-b427-bf5a9ca27bf0@group-21C2C432FD88:LeaderElection111] INFO  impl.LeaderElection (LeaderElection.java:askForVotes(182)) - 5c3318fc-c419-4298-b427-bf5a9ca27bf0@group-21C2C432FD88:LeaderElection111: begin an election at term 9 for -1: [5c3318fc-c419-4298-b427-bf5a9ca27bf0:192.168.36.126:46795, 61946a22-29ed-4e77-8449-fae4cd9869e9:192.168.36.126:36814, 0d4a37ed-4cec-423a-a360-e4a879eb6bc0:192.168.36.126:37817], old=null
2019-09-25 05:31:46,545 [5c3318fc-c419-4298-b427-bf5a9ca27bf0@group-059250D1A272:LeaderElection115] INFO  impl.LeaderElection (LogUtils.java:infoOrTrace(149)) - 5c3318fc-c419-4298-b427-bf5a9ca27bf0@group-059250D1A272:LeaderElection115 got exception when requesting votes: {}
java.util.concurrent.ExecutionException: org.apache.ratis.thirdparty.io.grpc.StatusRuntimeException: UNAVAILABLE: io exception
	at java.util.concurrent.FutureTask.report(FutureTask.java:122)
	at java.util.concurrent.FutureTask.get(FutureTask.java:192)
	at org.apache.ratis.server.impl.LeaderElection.waitForResults(LeaderElection.java:263)
	at org.apache.ratis.server.impl.LeaderElection.askForVotes(LeaderElection.java:201)
	at org.apache.ratis.server.impl.LeaderElection.run(LeaderElection.java:133)
	at java.lang.Thread.run(Thread.java:748)
Caused by: org.apache.ratis.thirdparty.io.grpc.StatusRuntimeException: UNAVAILABLE: io exception
	at org.apache.ratis.thirdparty.io.grpc.stub.ClientCalls.toStatusRuntimeException(ClientCalls.java:233)
	at org.apache.ratis.thirdparty.io.grpc.stub.ClientCalls.getUnchecked(ClientCalls.java:214)
	at org.apache.ratis.thirdparty.io.grpc.stub.ClientCalls.blockingUnaryCall(ClientCalls.java:139)
	at org.apache.ratis.proto.grpc.RaftServerProtocolServiceGrpc$RaftServerProtocolServiceBlockingStub.requestVote(RaftServerProtocolServiceGrpc.java:265)
	at org.apache.ratis.grpc.server.GrpcServerProtocolClient.requestVote(GrpcServerProtocolClient.java:90)
	at org.apache.ratis.grpc.server.GrpcService.requestVote(GrpcService.java:204)
	at org.apache.ratis.server.impl.LeaderElection.lambda$submitRequests$1(LeaderElection.java:238)
	at java.util.concurrent.FutureTask.run(FutureTask.java:266)
	at java.util.concurrent.Executors$RunnableAdapter.call(Executors.java:511)
	at java.util.concurrent.FutureTask.run(FutureTask.java:266)
	at java.util.concurrent.ThreadPoolExecutor.runWorker(ThreadPoolExecutor.java:1149)
	at java.util.concurrent.ThreadPoolExecutor$Worker.run(ThreadPoolExecutor.java:624)
	... 1 more
Caused by: org.apache.ratis.thirdparty.io.netty.channel.AbstractChannel$AnnotatedConnectException: Connection refused: /192.168.36.126:36814
	at sun.nio.ch.SocketChannelImpl.checkConnect(Native Method)
	at sun.nio.ch.SocketChannelImpl.finishConnect(SocketChannelImpl.java:717)
	at org.apache.ratis.thirdparty.io.netty.channel.socket.nio.NioSocketChannel.doFinishConnect(NioSocketChannel.java:327)
	at org.apache.ratis.thirdparty.io.netty.channel.nio.AbstractNioChannel$AbstractNioUnsafe.finishConnect(AbstractNioChannel.java:340)
	at org.apache.ratis.thirdparty.io.netty.channel.nio.NioEventLoop.processSelectedKey(NioEventLoop.java:632)
	at org.apache.ratis.thirdparty.io.netty.channel.nio.NioEventLoop.processSelectedKeysOptimized(NioEventLoop.java:579)
	at org.apache.ratis.thirdparty.io.netty.channel.nio.NioEventLoop.processSelectedKeys(NioEventLoop.java:496)
	at org.apache.ratis.thirdparty.io.netty.channel.nio.NioEventLoop.run(NioEventLoop.java:458)
	at org.apache.ratis.thirdparty.io.netty.util.concurrent.SingleThreadEventExecutor$5.run(SingleThreadEventExecutor.java:897)
	at org.apache.ratis.thirdparty.io.netty.util.concurrent.FastThreadLocalRunnable.run(FastThreadLocalRunnable.java:30)
	... 1 more
Caused by: java.net.ConnectException: Connection refused
	... 11 more
2019-09-25 05:31:46,545 [61946a22-29ed-4e77-8449-fae4cd9869e9@group-21C2C432FD88:LeaderElection119] INFO  impl.LeaderElection (LogUtils.java:infoOrTrace(149)) - Failed 61946a22-29ed-4e77-8449-fae4cd9869e9@group-21C2C432FD88:LeaderElection119, state=CLOSING: {}
java.lang.IllegalArgumentException: 61946a22-29ed-4e77-8449-fae4cd9869e9@group-21C2C432FD88-SegmentedRaftLog is expected to be opened but it is CLOSED
	at org.apache.ratis.util.OpenCloseState.assertOpen(OpenCloseState.java:63)
	at org.apache.ratis.server.raftlog.RaftLog.checkLogState(RaftLog.java:102)
	at org.apache.ratis.server.raftlog.segmented.SegmentedRaftLog.getLastEntryTermIndex(SegmentedRaftLog.java:324)
	at org.apache.ratis.server.impl.LeaderElection.askForVotes(LeaderElection.java:184)
	at org.apache.ratis.server.impl.LeaderElection.run(LeaderElection.java:133)
	at java.lang.Thread.run(Thread.java:748)
Caused by: org.apache.ratis.util.OpenCloseState$CloseTrace: Close 61946a22-29ed-4e77-8449-fae4cd9869e9@group-21C2C432FD88-SegmentedRaftLog
	at org.apache.ratis.util.OpenCloseState.lambda$close$1(OpenCloseState.java:109)
	at java.util.concurrent.atomic.AtomicReference.getAndUpdate(AtomicReference.java:160)
	at org.apache.ratis.util.OpenCloseState.close(OpenCloseState.java:109)
	at org.apache.ratis.server.raftlog.RaftLog.close(RaftLog.java:437)
	at org.apache.ratis.server.raftlog.segmented.SegmentedRaftLog.close(SegmentedRaftLog.java:476)
	at org.apache.ratis.server.impl.ServerState.close(ServerState.java:387)
	at org.apache.ratis.server.impl.RaftServerImpl.lambda$shutdown$3(RaftServerImpl.java:273)
	at org.apache.ratis.util.LifeCycle.lambda$checkStateAndClose$2(LifeCycle.java:231)
	at org.apache.ratis.util.LifeCycle.checkStateAndClose(LifeCycle.java:251)
	at org.apache.ratis.util.LifeCycle.checkStateAndClose(LifeCycle.java:229)
	at org.apache.ratis.server.impl.RaftServerImpl.shutdown(RaftServerImpl.java:250)
	at org.apache.ratis.server.impl.RaftServerProxy$ImplMap.lambda$close$0(RaftServerProxy.java:107)
	at java.util.stream.ForEachOps$ForEachOp$OfRef.accept(ForEachOps.java:184)
	at java.util.stream.ReferencePipeline$3$1.accept(ReferencePipeline.java:193)
	at java.util.concurrent.ConcurrentHashMap$ValueSpliterator.forEachRemaining(ConcurrentHashMap.java:3566)
	at java.util.stream.AbstractPipeline.copyInto(AbstractPipeline.java:482)
	at java.util.stream.ForEachOps$ForEachTask.compute(ForEachOps.java:291)
	at java.util.concurrent.CountedCompleter.exec(CountedCompleter.java:731)
	at java.util.concurrent.ForkJoinTask.doExec(ForkJoinTask.java:289)
	at java.util.concurrent.ForkJoinPool.helpComplete(ForkJoinPool.java:1870)
	at java.util.concurrent.ForkJoinPool.awaitJoin(ForkJoinPool.java:2045)
	at java.util.concurrent.ForkJoinTask.doInvoke(ForkJoinTask.java:404)
	at java.util.concurrent.ForkJoinTask.invoke(ForkJoinTask.java:734)
	at java.util.stream.ForEachOps$ForEachOp.evaluateParallel(ForEachOps.java:160)
	at java.util.stream.ForEachOps$ForEachOp$OfRef.evaluateParallel(ForEachOps.java:174)
	at java.util.stream.AbstractPipeline.evaluate(AbstractPipeline.java:233)
	at java.util.stream.ReferencePipeline.forEach(ReferencePipeline.java:418)
	at org.apache.ratis.server.impl.RaftServerProxy$ImplMap.close(RaftServerProxy.java:107)
	at org.apache.ratis.server.impl.RaftServerProxy.lambda$close$4(RaftServerProxy.java:315)
	at org.apache.ratis.util.LifeCycle.lambda$checkStateAndClose$2(LifeCycle.java:231)
	at org.apache.ratis.util.LifeCycle.checkStateAndClose(LifeCycle.java:251)
	at org.apache.ratis.util.LifeCycle.checkStateAndClose(LifeCycle.java:229)
	at org.apache.ratis.server.impl.RaftServerProxy.close(RaftServerProxy.java:313)
	at org.apache.hadoop.ozone.container.common.transport.server.ratis.XceiverServerRatis.stop(XceiverServerRatis.java:441)
	at org.apache.hadoop.ozone.container.ozoneimpl.OzoneContainer.stop(OzoneContainer.java:233)
	at org.apache.hadoop.ozone.container.common.statemachine.DatanodeStateMachine.close(DatanodeStateMachine.java:270)
	at org.apache.hadoop.ozone.container.common.statemachine.DatanodeStateMachine.stopDaemon(DatanodeStateMachine.java:394)
	at org.apache.hadoop.ozone.HddsDatanodeService.stop(HddsDatanodeService.java:457)
	at org.apache.hadoop.ozone.MiniOzoneClusterImpl.stopDatanode(MiniOzoneClusterImpl.java:385)
	at java.util.stream.ForEachOps$ForEachOp$OfRef.accept(ForEachOps.java:184)
	at java.util.ArrayList$ArrayListSpliterator.forEachRemaining(ArrayList.java:1382)
	at java.util.stream.AbstractPipeline.copyInto(AbstractPipeline.java:482)
	at java.util.stream.ForEachOps$ForEachTask.compute(ForEachOps.java:291)
	at java.util.concurrent.CountedCompleter.exec(CountedCompleter.java:731)
	at java.util.concurrent.ForkJoinTask.doExec(ForkJoinTask.java:289)
	at java.util.concurrent.ForkJoinPool$WorkQueue.runTask(ForkJoinPool.java:1056)
	at java.util.concurrent.ForkJoinPool.runWorker(ForkJoinPool.java:1692)
	at java.util.concurrent.ForkJoinWorkerThread.run(ForkJoinWorkerThread.java:157)
2019-09-25 05:31:46,544 [a58d7528-614e-4c39-a3a3-38beaa9905aa@group-0EC8D23D101B:LeaderElection110] INFO  impl.LeaderElection (LeaderElection.java:logAndReturn(56)) - a58d7528-614e-4c39-a3a3-38beaa9905aa@group-0EC8D23D101B:LeaderElection110: Election REJECTED; received 2 response(s) [a58d7528-614e-4c39-a3a3-38beaa9905aa<-ce8ac917-2646-4112-adf7-d577593fabcb#0:FAIL-t6, a58d7528-614e-4c39-a3a3-38beaa9905aa<-f9c12371-c091-4b4a-8db2-6f0db97bbab3#0:FAIL-t6] and 0 exception(s); a58d7528-614e-4c39-a3a3-38beaa9905aa@group-0EC8D23D101B:t6, leader=null, voted=a58d7528-614e-4c39-a3a3-38beaa9905aa, raftlog=a58d7528-614e-4c39-a3a3-38beaa9905aa@group-0EC8D23D101B-SegmentedRaftLog:OPENED:c-1,f-1,i0, conf=-1: [a58d7528-614e-4c39-a3a3-38beaa9905aa:192.168.36.126:37942, f9c12371-c091-4b4a-8db2-6f0db97bbab3:192.168.36.126:46560, ce8ac917-2646-4112-adf7-d577593fabcb:192.168.36.126:37960], old=null
2019-09-25 05:31:46,544 [ce8ac917-2646-4112-adf7-d577593fabcb@group-43825EC81F5D:LeaderElection106] INFO  impl.LeaderElection (LeaderElection.java:logAndReturn(56)) - ce8ac917-2646-4112-adf7-d577593fabcb@group-43825EC81F5D:LeaderElection106: Election REJECTED; received 2 response(s) [ce8ac917-2646-4112-adf7-d577593fabcb<-a58d7528-614e-4c39-a3a3-38beaa9905aa#0:FAIL-t2, ce8ac917-2646-4112-adf7-d577593fabcb<-f9c12371-c091-4b4a-8db2-6f0db97bbab3#0:FAIL-t2] and 0 exception(s); ce8ac917-2646-4112-adf7-d577593fabcb@group-43825EC81F5D:t2, leader=null, voted=ce8ac917-2646-4112-adf7-d577593fabcb, raftlog=ce8ac917-2646-4112-adf7-d577593fabcb@group-43825EC81F5D-SegmentedRaftLog:OPENED:c-1,f-1,i0, conf=-1: [a58d7528-614e-4c39-a3a3-38beaa9905aa:192.168.36.126:37942, f9c12371-c091-4b4a-8db2-6f0db97bbab3:192.168.36.126:46560, ce8ac917-2646-4112-adf7-d577593fabcb:192.168.36.126:37960], old=null
2019-09-25 05:31:46,543 [61946a22-29ed-4e77-8449-fae4cd9869e9@group-059250D1A272:LeaderElection118] INFO  impl.LeaderElection (LeaderElection.java:run(140)) - 61946a22-29ed-4e77-8449-fae4cd9869e9@group-059250D1A272:LeaderElection118: IllegalArgumentException is safely ignored since this is already CLOSING
2019-09-25 05:31:46,543 [ce8ac917-2646-4112-adf7-d577593fabcb@group-AEFF648B0F59:LeaderElection108] INFO  impl.LeaderElection (LeaderElection.java:logAndReturn(56)) - ce8ac917-2646-4112-adf7-d577593fabcb@group-AEFF648B0F59:LeaderElection108: Election REJECTED; received 2 response(s) [ce8ac917-2646-4112-adf7-d577593fabcb<-a58d7528-614e-4c39-a3a3-38beaa9905aa#0:FAIL-t6, ce8ac917-2646-4112-adf7-d577593fabcb<-f9c12371-c091-4b4a-8db2-6f0db97bbab3#0:FAIL-t6] and 0 exception(s); ce8ac917-2646-4112-adf7-d577593fabcb@group-AEFF648B0F59:t6, leader=null, voted=ce8ac917-2646-4112-adf7-d577593fabcb, raftlog=ce8ac917-2646-4112-adf7-d577593fabcb@group-AEFF648B0F59-SegmentedRaftLog:OPENED:c-1,f-1,i0, conf=-1: [a58d7528-614e-4c39-a3a3-38beaa9905aa:192.168.36.126:37942, f9c12371-c091-4b4a-8db2-6f0db97bbab3:192.168.36.126:46560, ce8ac917-2646-4112-adf7-d577593fabcb:192.168.36.126:37960], old=null
2019-09-25 05:31:46,542 [f9c12371-c091-4b4a-8db2-6f0db97bbab3@group-AEFF648B0F59:LeaderElection105] INFO  impl.LeaderElection (LeaderElection.java:logAndReturn(56)) - f9c12371-c091-4b4a-8db2-6f0db97bbab3@group-AEFF648B0F59:LeaderElection105: Election REJECTED; received 2 response(s) [f9c12371-c091-4b4a-8db2-6f0db97bbab3<-a58d7528-614e-4c39-a3a3-38beaa9905aa#0:FAIL-t6, f9c12371-c091-4b4a-8db2-6f0db97bbab3<-ce8ac917-2646-4112-adf7-d577593fabcb#0:FAIL-t6] and 0 exception(s); f9c12371-c091-4b4a-8db2-6f0db97bbab3@group-AEFF648B0F59:t6, leader=null, voted=f9c12371-c091-4b4a-8db2-6f0db97bbab3, raftlog=f9c12371-c091-4b4a-8db2-6f0db97bbab3@group-AEFF648B0F59-SegmentedRaftLog:OPENED:c-1,f-1,i0, conf=-1: [a58d7528-614e-4c39-a3a3-38beaa9905aa:192.168.36.126:37942, f9c12371-c091-4b4a-8db2-6f0db97bbab3:192.168.36.126:46560, ce8ac917-2646-4112-adf7-d577593fabcb:192.168.36.126:37960], old=null
2019-09-25 05:31:46,542 [616f9f8f-9479-40f4-8c03-f125dcbf9c7f@group-60724A24602F:LeaderElection107] INFO  impl.LeaderElection (LeaderElection.java:logAndReturn(56)) - 616f9f8f-9479-40f4-8c03-f125dcbf9c7f@group-60724A24602F:LeaderElection107: Election REJECTED; received 1 response(s) [616f9f8f-9479-40f4-8c03-f125dcbf9c7f<-e997a993-6131-47bf-96c8-764e04cb5c0e#0:FAIL-t8] and 1 exception(s); 616f9f8f-9479-40f4-8c03-f125dcbf9c7f@group-60724A24602F:t8, leader=null, voted=616f9f8f-9479-40f4-8c03-f125dcbf9c7f, raftlog=616f9f8f-9479-40f4-8c03-f125dcbf9c7f@group-60724A24602F-SegmentedRaftLog:OPENED:c-1,f-1,i0, conf=-1: [616f9f8f-9479-40f4-8c03-f125dcbf9c7f:192.168.36.126:39694, e997a993-6131-47bf-96c8-764e04cb5c0e:192.168.36.126:37678, fd2f3f79-5d7b-4d37-bb24-b15dfe7f18d7:192.168.36.126:42280], old=null
2019-09-25 05:31:46,557 [f9c12371-c091-4b4a-8db2-6f0db97bbab3@group-AEFF648B0F59:LeaderElection105] INFO  impl.RaftServerImpl (RaftServerImpl.java:setRole(174)) - f9c12371-c091-4b4a-8db2-6f0db97bbab3@group-AEFF648B0F59: changes role from CANDIDATE to FOLLOWER at term 6 for DISCOVERED_A_NEW_TERM
2019-09-25 05:31:46,557 [ce8ac917-2646-4112-adf7-d577593fabcb@group-AEFF648B0F59:LeaderElection108] INFO  impl.RaftServerImpl (RaftServerImpl.java:setRole(174)) - ce8ac917-2646-4112-adf7-d577593fabcb@group-AEFF648B0F59: changes role from CANDIDATE to FOLLOWER at term 6 for DISCOVERED_A_NEW_TERM
2019-09-25 05:31:46,556 [ce8ac917-2646-4112-adf7-d577593fabcb@group-43825EC81F5D:LeaderElection106] INFO  impl.RaftServerImpl (RaftServerImpl.java:setRole(174)) - ce8ac917-2646-4112-adf7-d577593fabcb@group-43825EC81F5D: changes role from CANDIDATE to FOLLOWER at term 2 for DISCOVERED_A_NEW_TERM
2019-09-25 05:31:46,555 [a58d7528-614e-4c39-a3a3-38beaa9905aa@group-0EC8D23D101B:LeaderElection110] INFO  impl.RaftServerImpl (RaftServerImpl.java:setRole(174)) - a58d7528-614e-4c39-a3a3-38beaa9905aa@group-0EC8D23D101B: changes role from CANDIDATE to FOLLOWER at term 6 for DISCOVERED_A_NEW_TERM
2019-09-25 05:31:46,555 [61946a22-29ed-4e77-8449-fae4cd9869e9@group-21C2C432FD88:LeaderElection119] INFO  impl.LeaderElection (LeaderElection.java:run(140)) - 61946a22-29ed-4e77-8449-fae4cd9869e9@group-21C2C432FD88:LeaderElection119: IllegalArgumentException is safely ignored since this is already CLOSING
2019-09-25 05:31:46,553 [0d4a37ed-4cec-423a-a360-e4a879eb6bc0@group-21C2C432FD88:LeaderElection114] INFO  impl.LeaderElection (LogUtils.java:infoOrTrace(149)) - 0d4a37ed-4cec-423a-a360-e4a879eb6bc0@group-21C2C432FD88:LeaderElection114 got exception when requesting votes: {}
java.util.concurrent.ExecutionException: org.apache.ratis.thirdparty.io.grpc.StatusRuntimeException: UNAVAILABLE: io exception
	at java.util.concurrent.FutureTask.report(FutureTask.java:122)
	at java.util.concurrent.FutureTask.get(FutureTask.java:192)
	at org.apache.ratis.server.impl.LeaderElection.waitForResults(LeaderElection.java:263)
	at org.apache.ratis.server.impl.LeaderElection.askForVotes(LeaderElection.java:201)
	at org.apache.ratis.server.impl.LeaderElection.run(LeaderElection.java:133)
	at java.lang.Thread.run(Thread.java:748)
Caused by: org.apache.ratis.thirdparty.io.grpc.StatusRuntimeException: UNAVAILABLE: io exception
	at org.apache.ratis.thirdparty.io.grpc.stub.ClientCalls.toStatusRuntimeException(ClientCalls.java:233)
	at org.apache.ratis.thirdparty.io.grpc.stub.ClientCalls.getUnchecked(ClientCalls.java:214)
	at org.apache.ratis.thirdparty.io.grpc.stub.ClientCalls.blockingUnaryCall(ClientCalls.java:139)
	at org.apache.ratis.proto.grpc.RaftServerProtocolServiceGrpc$RaftServerProtocolServiceBlockingStub.requestVote(RaftServerProtocolServiceGrpc.java:265)
	at org.apache.ratis.grpc.server.GrpcServerProtocolClient.requestVote(GrpcServerProtocolClient.java:90)
	at org.apache.ratis.grpc.server.GrpcService.requestVote(GrpcService.java:204)
	at org.apache.ratis.server.impl.LeaderElection.lambda$submitRequests$1(LeaderElection.java:238)
	at java.util.concurrent.FutureTask.run(FutureTask.java:266)
	at java.util.concurrent.Executors$RunnableAdapter.call(Executors.java:511)
	at java.util.concurrent.FutureTask.run(FutureTask.java:266)
	at java.util.concurrent.ThreadPoolExecutor.runWorker(ThreadPoolExecutor.java:1149)
	at java.util.concurrent.ThreadPoolExecutor$Worker.run(ThreadPoolExecutor.java:624)
	... 1 more
Caused by: org.apache.ratis.thirdparty.io.netty.channel.AbstractChannel$AnnotatedConnectException: Connection refused: /192.168.36.126:36814
	at sun.nio.ch.SocketChannelImpl.checkConnect(Native Method)
	at sun.nio.ch.SocketChannelImpl.finishConnect(SocketChannelImpl.java:717)
	at org.apache.ratis.thirdparty.io.netty.channel.socket.nio.NioSocketChannel.doFinishConnect(NioSocketChannel.java:327)
	at org.apache.ratis.thirdparty.io.netty.channel.nio.AbstractNioChannel$AbstractNioUnsafe.finishConnect(AbstractNioChannel.java:340)
	at org.apache.ratis.thirdparty.io.netty.channel.nio.NioEventLoop.processSelectedKey(NioEventLoop.java:632)
	at org.apache.ratis.thirdparty.io.netty.channel.nio.NioEventLoop.processSelectedKeysOptimized(NioEventLoop.java:579)
	at org.apache.ratis.thirdparty.io.netty.channel.nio.NioEventLoop.processSelectedKeys(NioEventLoop.java:496)
	at org.apache.ratis.thirdparty.io.netty.channel.nio.NioEventLoop.run(NioEventLoop.java:458)
	at org.apache.ratis.thirdparty.io.netty.util.concurrent.SingleThreadEventExecutor$5.run(SingleThreadEventExecutor.java:897)
	at org.apache.ratis.thirdparty.io.netty.util.concurrent.FastThreadLocalRunnable.run(FastThreadLocalRunnable.java:30)
	... 1 more
Caused by: java.net.ConnectException: Connection refused
	... 11 more
2019-09-25 05:31:46,550 [5c3318fc-c419-4298-b427-bf5a9ca27bf0@group-21C2C432FD88:LeaderElection111] INFO  impl.LeaderElection (LogUtils.java:infoOrTrace(149)) - 5c3318fc-c419-4298-b427-bf5a9ca27bf0@group-21C2C432FD88:LeaderElection111 got exception when requesting votes: {}
java.util.concurrent.ExecutionException: org.apache.ratis.thirdparty.io.grpc.StatusRuntimeException: UNAVAILABLE: io exception
	at java.util.concurrent.FutureTask.report(FutureTask.java:122)
	at java.util.concurrent.FutureTask.get(FutureTask.java:192)
	at org.apache.ratis.server.impl.LeaderElection.waitForResults(LeaderElection.java:263)
	at org.apache.ratis.server.impl.LeaderElection.askForVotes(LeaderElection.java:201)
	at org.apache.ratis.server.impl.LeaderElection.run(LeaderElection.java:133)
	at java.lang.Thread.run(Thread.java:748)
Caused by: org.apache.ratis.thirdparty.io.grpc.StatusRuntimeException: UNAVAILABLE: io exception
	at org.apache.ratis.thirdparty.io.grpc.stub.ClientCalls.toStatusRuntimeException(ClientCalls.java:233)
	at org.apache.ratis.thirdparty.io.grpc.stub.ClientCalls.getUnchecked(ClientCalls.java:214)
	at org.apache.ratis.thirdparty.io.grpc.stub.ClientCalls.blockingUnaryCall(ClientCalls.java:139)
	at org.apache.ratis.proto.grpc.RaftServerProtocolServiceGrpc$RaftServerProtocolServiceBlockingStub.requestVote(RaftServerProtocolServiceGrpc.java:265)
	at org.apache.ratis.grpc.server.GrpcServerProtocolClient.requestVote(GrpcServerProtocolClient.java:90)
	at org.apache.ratis.grpc.server.GrpcService.requestVote(GrpcService.java:204)
	at org.apache.ratis.server.impl.LeaderElection.lambda$submitRequests$1(LeaderElection.java:238)
	at java.util.concurrent.FutureTask.run(FutureTask.java:266)
	at java.util.concurrent.Executors$RunnableAdapter.call(Executors.java:511)
	at java.util.concurrent.FutureTask.run(FutureTask.java:266)
	at java.util.concurrent.ThreadPoolExecutor.runWorker(ThreadPoolExecutor.java:1149)
	at java.util.concurrent.ThreadPoolExecutor$Worker.run(ThreadPoolExecutor.java:624)
	... 1 more
Caused by: org.apache.ratis.thirdparty.io.netty.channel.AbstractChannel$AnnotatedConnectException: Connection refused: /192.168.36.126:36814
	at sun.nio.ch.SocketChannelImpl.checkConnect(Native Method)
	at sun.nio.ch.SocketChannelImpl.finishConnect(SocketChannelImpl.java:717)
	at org.apache.ratis.thirdparty.io.netty.channel.socket.nio.NioSocketChannel.doFinishConnect(NioSocketChannel.java:327)
	at org.apache.ratis.thirdparty.io.netty.channel.nio.AbstractNioChannel$AbstractNioUnsafe.finishConnect(AbstractNioChannel.java:340)
	at org.apache.ratis.thirdparty.io.netty.channel.nio.NioEventLoop.processSelectedKey(NioEventLoop.java:632)
	at org.apache.ratis.thirdparty.io.netty.channel.nio.NioEventLoop.processSelectedKeysOptimized(NioEventLoop.java:579)
	at org.apache.ratis.thirdparty.io.netty.channel.nio.NioEventLoop.processSelectedKeys(NioEventLoop.java:496)
	at org.apache.ratis.thirdparty.io.netty.channel.nio.NioEventLoop.run(NioEventLoop.java:458)
	at org.apache.ratis.thirdparty.io.netty.util.concurrent.SingleThreadEventExecutor$5.run(SingleThreadEventExecutor.java:897)
	at org.apache.ratis.thirdparty.io.netty.util.concurrent.FastThreadLocalRunnable.run(FastThreadLocalRunnable.java:30)
	... 1 more
Caused by: java.net.ConnectException: Connection refused
	... 11 more
2019-09-25 05:31:46,549 [0d4a37ed-4cec-423a-a360-e4a879eb6bc0@group-059250D1A272:LeaderElection116] INFO  impl.LeaderElection (LogUtils.java:infoOrTrace(149)) - 0d4a37ed-4cec-423a-a360-e4a879eb6bc0@group-059250D1A272:LeaderElection116 got exception when requesting votes: {}
java.util.concurrent.ExecutionException: org.apache.ratis.thirdparty.io.grpc.StatusRuntimeException: UNAVAILABLE: io exception
	at java.util.concurrent.FutureTask.report(FutureTask.java:122)
	at java.util.concurrent.FutureTask.get(FutureTask.java:192)
	at org.apache.ratis.server.impl.LeaderElection.waitForResults(LeaderElection.java:263)
	at org.apache.ratis.server.impl.LeaderElection.askForVotes(LeaderElection.java:201)
	at org.apache.ratis.server.impl.LeaderElection.run(LeaderElection.java:133)
	at java.lang.Thread.run(Thread.java:748)
Caused by: org.apache.ratis.thirdparty.io.grpc.StatusRuntimeException: UNAVAILABLE: io exception
	at org.apache.ratis.thirdparty.io.grpc.stub.ClientCalls.toStatusRuntimeException(ClientCalls.java:233)
	at org.apache.ratis.thirdparty.io.grpc.stub.ClientCalls.getUnchecked(ClientCalls.java:214)
	at org.apache.ratis.thirdparty.io.grpc.stub.ClientCalls.blockingUnaryCall(ClientCalls.java:139)
	at org.apache.ratis.proto.grpc.RaftServerProtocolServiceGrpc$RaftServerProtocolServiceBlockingStub.requestVote(RaftServerProtocolServiceGrpc.java:265)
	at org.apache.ratis.grpc.server.GrpcServerProtocolClient.requestVote(GrpcServerProtocolClient.java:90)
	at org.apache.ratis.grpc.server.GrpcService.requestVote(GrpcService.java:204)
	at org.apache.ratis.server.impl.LeaderElection.lambda$submitRequests$1(LeaderElection.java:238)
	at java.util.concurrent.FutureTask.run(FutureTask.java:266)
	at java.util.concurrent.Executors$RunnableAdapter.call(Executors.java:511)
	at java.util.concurrent.FutureTask.run(FutureTask.java:266)
	at java.util.concurrent.ThreadPoolExecutor.runWorker(ThreadPoolExecutor.java:1149)
	at java.util.concurrent.ThreadPoolExecutor$Worker.run(ThreadPoolExecutor.java:624)
	... 1 more
Caused by: org.apache.ratis.thirdparty.io.netty.channel.AbstractChannel$AnnotatedConnectException: Connection refused: /192.168.36.126:36814
	at sun.nio.ch.SocketChannelImpl.checkConnect(Native Method)
	at sun.nio.ch.SocketChannelImpl.finishConnect(SocketChannelImpl.java:717)
	at org.apache.ratis.thirdparty.io.netty.channel.socket.nio.NioSocketChannel.doFinishConnect(NioSocketChannel.java:327)
	at org.apache.ratis.thirdparty.io.netty.channel.nio.AbstractNioChannel$AbstractNioUnsafe.finishConnect(AbstractNioChannel.java:340)
	at org.apache.ratis.thirdparty.io.netty.channel.nio.NioEventLoop.processSelectedKey(NioEventLoop.java:632)
	at org.apache.ratis.thirdparty.io.netty.channel.nio.NioEventLoop.processSelectedKeysOptimized(NioEventLoop.java:579)
	at org.apache.ratis.thirdparty.io.netty.channel.nio.NioEventLoop.processSelectedKeys(NioEventLoop.java:496)
	at org.apache.ratis.thirdparty.io.netty.channel.nio.NioEventLoop.run(NioEventLoop.java:458)
	at org.apache.ratis.thirdparty.io.netty.util.concurrent.SingleThreadEventExecutor$5.run(SingleThreadEventExecutor.java:897)
	at org.apache.ratis.thirdparty.io.netty.util.concurrent.FastThreadLocalRunnable.run(FastThreadLocalRunnable.java:30)
	... 1 more
Caused by: java.net.ConnectException: Connection refused
	... 11 more
2019-09-25 05:31:46,558 [a58d7528-614e-4c39-a3a3-38beaa9905aa@group-0EC8D23D101B:LeaderElection110] INFO  impl.RoleInfo (RoleInfo.java:shutdownLeaderElection(134)) - a58d7528-614e-4c39-a3a3-38beaa9905aa: shutdown LeaderElection
2019-09-25 05:31:46,558 [5c3318fc-c419-4298-b427-bf5a9ca27bf0@group-059250D1A272:LeaderElection115] INFO  impl.LeaderElection (LeaderElection.java:logAndReturn(56)) - 5c3318fc-c419-4298-b427-bf5a9ca27bf0@group-059250D1A272:LeaderElection115: Election REJECTED; received 1 response(s) [5c3318fc-c419-4298-b427-bf5a9ca27bf0<-0d4a37ed-4cec-423a-a360-e4a879eb6bc0#0:FAIL-t8] and 1 exception(s); 5c3318fc-c419-4298-b427-bf5a9ca27bf0@group-059250D1A272:t8, leader=null, voted=5c3318fc-c419-4298-b427-bf5a9ca27bf0, raftlog=5c3318fc-c419-4298-b427-bf5a9ca27bf0@group-059250D1A272-SegmentedRaftLog:OPENED:c-1,f-1,i0, conf=-1: [5c3318fc-c419-4298-b427-bf5a9ca27bf0:192.168.36.126:46795, 61946a22-29ed-4e77-8449-fae4cd9869e9:192.168.36.126:36814, 0d4a37ed-4cec-423a-a360-e4a879eb6bc0:192.168.36.126:37817], old=null
2019-09-25 05:31:46,558 [ce8ac917-2646-4112-adf7-d577593fabcb@group-43825EC81F5D:LeaderElection106] INFO  impl.RoleInfo (RoleInfo.java:shutdownLeaderElection(134)) - ce8ac917-2646-4112-adf7-d577593fabcb: shutdown LeaderElection
2019-09-25 05:31:46,558 [616f9f8f-9479-40f4-8c03-f125dcbf9c7f@group-60724A24602F:LeaderElection107] INFO  impl.LeaderElection (LogUtils.java:infoOrTrace(149)) -   Exception 0: {}
java.util.concurrent.ExecutionException: org.apache.ratis.thirdparty.io.grpc.StatusRuntimeException: UNAVAILABLE: io exception
	at java.util.concurrent.FutureTask.report(FutureTask.java:122)
	at java.util.concurrent.FutureTask.get(FutureTask.java:192)
	at org.apache.ratis.server.impl.LeaderElection.waitForResults(LeaderElection.java:263)
	at org.apache.ratis.server.impl.LeaderElection.askForVotes(LeaderElection.java:201)
	at org.apache.ratis.server.impl.LeaderElection.run(LeaderElection.java:133)
	at java.lang.Thread.run(Thread.java:748)
Caused by: org.apache.ratis.thirdparty.io.grpc.StatusRuntimeException: UNAVAILABLE: io exception
	at org.apache.ratis.thirdparty.io.grpc.stub.ClientCalls.toStatusRuntimeException(ClientCalls.java:233)
	at org.apache.ratis.thirdparty.io.grpc.stub.ClientCalls.getUnchecked(ClientCalls.java:214)
	at org.apache.ratis.thirdparty.io.grpc.stub.ClientCalls.blockingUnaryCall(ClientCalls.java:139)
	at org.apache.ratis.proto.grpc.RaftServerProtocolServiceGrpc$RaftServerProtocolServiceBlockingStub.requestVote(RaftServerProtocolServiceGrpc.java:265)
	at org.apache.ratis.grpc.server.GrpcServerProtocolClient.requestVote(GrpcServerProtocolClient.java:90)
	at org.apache.ratis.grpc.server.GrpcService.requestVote(GrpcService.java:204)
	at org.apache.ratis.server.impl.LeaderElection.lambda$submitRequests$1(LeaderElection.java:238)
	at java.util.concurrent.FutureTask.run(FutureTask.java:266)
	at java.util.concurrent.Executors$RunnableAdapter.call(Executors.java:511)
	at java.util.concurrent.FutureTask.run(FutureTask.java:266)
	at java.util.concurrent.ThreadPoolExecutor.runWorker(ThreadPoolExecutor.java:1149)
	at java.util.concurrent.ThreadPoolExecutor$Worker.run(ThreadPoolExecutor.java:624)
	... 1 more
Caused by: org.apache.ratis.thirdparty.io.netty.channel.AbstractChannel$AnnotatedConnectException: Connection refused: /192.168.36.126:42280
	at sun.nio.ch.SocketChannelImpl.checkConnect(Native Method)
	at sun.nio.ch.SocketChannelImpl.finishConnect(SocketChannelImpl.java:717)
	at org.apache.ratis.thirdparty.io.netty.channel.socket.nio.NioSocketChannel.doFinishConnect(NioSocketChannel.java:327)
	at org.apache.ratis.thirdparty.io.netty.channel.nio.AbstractNioChannel$AbstractNioUnsafe.finishConnect(AbstractNioChannel.java:340)
	at org.apache.ratis.thirdparty.io.netty.channel.nio.NioEventLoop.processSelectedKey(NioEventLoop.java:632)
	at org.apache.ratis.thirdparty.io.netty.channel.nio.NioEventLoop.processSelectedKeysOptimized(NioEventLoop.java:579)
	at org.apache.ratis.thirdparty.io.netty.channel.nio.NioEventLoop.processSelectedKeys(NioEventLoop.java:496)
	at org.apache.ratis.thirdparty.io.netty.channel.nio.NioEventLoop.run(NioEventLoop.java:458)
	at org.apache.ratis.thirdparty.io.netty.util.concurrent.SingleThreadEventExecutor$5.run(SingleThreadEventExecutor.java:897)
	at org.apache.ratis.thirdparty.io.netty.util.concurrent.FastThreadLocalRunnable.run(FastThreadLocalRunnable.java:30)
	... 1 more
Caused by: java.net.ConnectException: Connection refused
	... 11 more
2019-09-25 05:31:46,558 [ce8ac917-2646-4112-adf7-d577593fabcb@group-AEFF648B0F59:LeaderElection108] INFO  impl.RoleInfo (RoleInfo.java:shutdownLeaderElection(134)) - ce8ac917-2646-4112-adf7-d577593fabcb: shutdown LeaderElection
2019-09-25 05:31:46,558 [f9c12371-c091-4b4a-8db2-6f0db97bbab3@group-AEFF648B0F59:LeaderElection105] INFO  impl.RoleInfo (RoleInfo.java:shutdownLeaderElection(134)) - f9c12371-c091-4b4a-8db2-6f0db97bbab3: shutdown LeaderElection
2019-09-25 05:31:46,570 [ce8ac917-2646-4112-adf7-d577593fabcb@group-AEFF648B0F59:LeaderElection108] INFO  impl.RoleInfo (RoleInfo.java:updateAndGet(143)) - ce8ac917-2646-4112-adf7-d577593fabcb: start FollowerState
2019-09-25 05:31:46,570 [616f9f8f-9479-40f4-8c03-f125dcbf9c7f@group-60724A24602F:LeaderElection107] INFO  impl.RaftServerImpl (RaftServerImpl.java:setRole(174)) - 616f9f8f-9479-40f4-8c03-f125dcbf9c7f@group-60724A24602F: changes role from CANDIDATE to FOLLOWER at term 8 for DISCOVERED_A_NEW_TERM
2019-09-25 05:31:46,570 [ce8ac917-2646-4112-adf7-d577593fabcb@group-43825EC81F5D:LeaderElection106] INFO  impl.RoleInfo (RoleInfo.java:updateAndGet(143)) - ce8ac917-2646-4112-adf7-d577593fabcb: start FollowerState
2019-09-25 05:31:46,569 [e997a993-6131-47bf-96c8-764e04cb5c0e@group-60724A24602F:LeaderElection122] INFO  impl.LeaderElection (LogUtils.java:infoOrTrace(149)) - e997a993-6131-47bf-96c8-764e04cb5c0e@group-60724A24602F:LeaderElection122 got exception when requesting votes: {}
java.util.concurrent.ExecutionException: org.apache.ratis.thirdparty.io.grpc.StatusRuntimeException: UNAVAILABLE: io exception
	at java.util.concurrent.FutureTask.report(FutureTask.java:122)
	at java.util.concurrent.FutureTask.get(FutureTask.java:192)
	at org.apache.ratis.server.impl.LeaderElection.waitForResults(LeaderElection.java:263)
	at org.apache.ratis.server.impl.LeaderElection.askForVotes(LeaderElection.java:201)
	at org.apache.ratis.server.impl.LeaderElection.run(LeaderElection.java:133)
	at java.lang.Thread.run(Thread.java:748)
Caused by: org.apache.ratis.thirdparty.io.grpc.StatusRuntimeException: UNAVAILABLE: io exception
	at org.apache.ratis.thirdparty.io.grpc.stub.ClientCalls.toStatusRuntimeException(ClientCalls.java:233)
	at org.apache.ratis.thirdparty.io.grpc.stub.ClientCalls.getUnchecked(ClientCalls.java:214)
	at org.apache.ratis.thirdparty.io.grpc.stub.ClientCalls.blockingUnaryCall(ClientCalls.java:139)
	at org.apache.ratis.proto.grpc.RaftServerProtocolServiceGrpc$RaftServerProtocolServiceBlockingStub.requestVote(RaftServerProtocolServiceGrpc.java:265)
	at org.apache.ratis.grpc.server.GrpcServerProtocolClient.requestVote(GrpcServerProtocolClient.java:90)
	at org.apache.ratis.grpc.server.GrpcService.requestVote(GrpcService.java:204)
	at org.apache.ratis.server.impl.LeaderElection.lambda$submitRequests$1(LeaderElection.java:238)
	at java.util.concurrent.FutureTask.run(FutureTask.java:266)
	at java.util.concurrent.Executors$RunnableAdapter.call(Executors.java:511)
	at java.util.concurrent.FutureTask.run(FutureTask.java:266)
	at java.util.concurrent.ThreadPoolExecutor.runWorker(ThreadPoolExecutor.java:1149)
	at java.util.concurrent.ThreadPoolExecutor$Worker.run(ThreadPoolExecutor.java:624)
	... 1 more
Caused by: org.apache.ratis.thirdparty.io.netty.channel.AbstractChannel$AnnotatedConnectException: Connection refused: /192.168.36.126:42280
	at sun.nio.ch.SocketChannelImpl.checkConnect(Native Method)
	at sun.nio.ch.SocketChannelImpl.finishConnect(SocketChannelImpl.java:717)
	at org.apache.ratis.thirdparty.io.netty.channel.socket.nio.NioSocketChannel.doFinishConnect(NioSocketChannel.java:327)
	at org.apache.ratis.thirdparty.io.netty.channel.nio.AbstractNioChannel$AbstractNioUnsafe.finishConnect(AbstractNioChannel.java:340)
	at org.apache.ratis.thirdparty.io.netty.channel.nio.NioEventLoop.processSelectedKey(NioEventLoop.java:632)
	at org.apache.ratis.thirdparty.io.netty.channel.nio.NioEventLoop.processSelectedKeysOptimized(NioEventLoop.java:579)
	at org.apache.ratis.thirdparty.io.netty.channel.nio.NioEventLoop.processSelectedKeys(NioEventLoop.java:496)
	at org.apache.ratis.thirdparty.io.netty.channel.nio.NioEventLoop.run(NioEventLoop.java:458)
	at org.apache.ratis.thirdparty.io.netty.util.concurrent.SingleThreadEventExecutor$5.run(SingleThreadEventExecutor.java:897)
	at org.apache.ratis.thirdparty.io.netty.util.concurrent.FastThreadLocalRunnable.run(FastThreadLocalRunnable.java:30)
	... 1 more
Caused by: java.net.ConnectException: Connection refused
	... 11 more
2019-09-25 05:31:46,569 [5c3318fc-c419-4298-b427-bf5a9ca27bf0@group-059250D1A272:LeaderElection115] INFO  impl.LeaderElection (LogUtils.java:infoOrTrace(149)) -   Exception 0: {}
java.util.concurrent.ExecutionException: org.apache.ratis.thirdparty.io.grpc.StatusRuntimeException: UNAVAILABLE: io exception
	at java.util.concurrent.FutureTask.report(FutureTask.java:122)
	at java.util.concurrent.FutureTask.get(FutureTask.java:192)
	at org.apache.ratis.server.impl.LeaderElection.waitForResults(LeaderElection.java:263)
	at org.apache.ratis.server.impl.LeaderElection.askForVotes(LeaderElection.java:201)
	at org.apache.ratis.server.impl.LeaderElection.run(LeaderElection.java:133)
	at java.lang.Thread.run(Thread.java:748)
Caused by: org.apache.ratis.thirdparty.io.grpc.StatusRuntimeException: UNAVAILABLE: io exception
	at org.apache.ratis.thirdparty.io.grpc.stub.ClientCalls.toStatusRuntimeException(ClientCalls.java:233)
	at org.apache.ratis.thirdparty.io.grpc.stub.ClientCalls.getUnchecked(ClientCalls.java:214)
	at org.apache.ratis.thirdparty.io.grpc.stub.ClientCalls.blockingUnaryCall(ClientCalls.java:139)
	at org.apache.ratis.proto.grpc.RaftServerProtocolServiceGrpc$RaftServerProtocolServiceBlockingStub.requestVote(RaftServerProtocolServiceGrpc.java:265)
	at org.apache.ratis.grpc.server.GrpcServerProtocolClient.requestVote(GrpcServerProtocolClient.java:90)
	at org.apache.ratis.grpc.server.GrpcService.requestVote(GrpcService.java:204)
	at org.apache.ratis.server.impl.LeaderElection.lambda$submitRequests$1(LeaderElection.java:238)
	at java.util.concurrent.FutureTask.run(FutureTask.java:266)
	at java.util.concurrent.Executors$RunnableAdapter.call(Executors.java:511)
	at java.util.concurrent.FutureTask.run(FutureTask.java:266)
	at java.util.concurrent.ThreadPoolExecutor.runWorker(ThreadPoolExecutor.java:1149)
	at java.util.concurrent.ThreadPoolExecutor$Worker.run(ThreadPoolExecutor.java:624)
	... 1 more
Caused by: org.apache.ratis.thirdparty.io.netty.channel.AbstractChannel$AnnotatedConnectException: Connection refused: /192.168.36.126:36814
	at sun.nio.ch.SocketChannelImpl.checkConnect(Native Method)
	at sun.nio.ch.SocketChannelImpl.finishConnect(SocketChannelImpl.java:717)
	at org.apache.ratis.thirdparty.io.netty.channel.socket.nio.NioSocketChannel.doFinishConnect(NioSocketChannel.java:327)
	at org.apache.ratis.thirdparty.io.netty.channel.nio.AbstractNioChannel$AbstractNioUnsafe.finishConnect(AbstractNioChannel.java:340)
	at org.apache.ratis.thirdparty.io.netty.channel.nio.NioEventLoop.processSelectedKey(NioEventLoop.java:632)
	at org.apache.ratis.thirdparty.io.netty.channel.nio.NioEventLoop.processSelectedKeysOptimized(NioEventLoop.java:579)
	at org.apache.ratis.thirdparty.io.netty.channel.nio.NioEventLoop.processSelectedKeys(NioEventLoop.java:496)
	at org.apache.ratis.thirdparty.io.netty.channel.nio.NioEventLoop.run(NioEventLoop.java:458)
	at org.apache.ratis.thirdparty.io.netty.util.concurrent.SingleThreadEventExecutor$5.run(SingleThreadEventExecutor.java:897)
	at org.apache.ratis.thirdparty.io.netty.util.concurrent.FastThreadLocalRunnable.run(FastThreadLocalRunnable.java:30)
	... 1 more
Caused by: java.net.ConnectException: Connection refused
	... 11 more
2019-09-25 05:31:46,569 [a58d7528-614e-4c39-a3a3-38beaa9905aa@group-0EC8D23D101B:LeaderElection110] INFO  impl.RoleInfo (RoleInfo.java:updateAndGet(143)) - a58d7528-614e-4c39-a3a3-38beaa9905aa: start FollowerState
2019-09-25 05:31:46,569 [0d4a37ed-4cec-423a-a360-e4a879eb6bc0@group-059250D1A272:LeaderElection116] INFO  impl.LeaderElection (LeaderElection.java:logAndReturn(56)) - 0d4a37ed-4cec-423a-a360-e4a879eb6bc0@group-059250D1A272:LeaderElection116: Election REJECTED; received 1 response(s) [0d4a37ed-4cec-423a-a360-e4a879eb6bc0<-5c3318fc-c419-4298-b427-bf5a9ca27bf0#0:FAIL-t8] and 1 exception(s); 0d4a37ed-4cec-423a-a360-e4a879eb6bc0@group-059250D1A272:t8, leader=null, voted=0d4a37ed-4cec-423a-a360-e4a879eb6bc0, raftlog=0d4a37ed-4cec-423a-a360-e4a879eb6bc0@group-059250D1A272-SegmentedRaftLog:OPENED:c-1,f-1,i0, conf=-1: [5c3318fc-c419-4298-b427-bf5a9ca27bf0:192.168.36.126:46795, 61946a22-29ed-4e77-8449-fae4cd9869e9:192.168.36.126:36814, 0d4a37ed-4cec-423a-a360-e4a879eb6bc0:192.168.36.126:37817], old=null
2019-09-25 05:31:46,587 [5c3318fc-c419-4298-b427-bf5a9ca27bf0@group-059250D1A272:LeaderElection115] INFO  impl.RaftServerImpl (RaftServerImpl.java:setRole(174)) - 5c3318fc-c419-4298-b427-bf5a9ca27bf0@group-059250D1A272: changes role from CANDIDATE to FOLLOWER at term 8 for DISCOVERED_A_NEW_TERM
2019-09-25 05:31:46,587 [e997a993-6131-47bf-96c8-764e04cb5c0e@group-60724A24602F:LeaderElection122] INFO  impl.LeaderElection (LeaderElection.java:logAndReturn(56)) - e997a993-6131-47bf-96c8-764e04cb5c0e@group-60724A24602F:LeaderElection122: Election REJECTED; received 1 response(s) [e997a993-6131-47bf-96c8-764e04cb5c0e<-616f9f8f-9479-40f4-8c03-f125dcbf9c7f#0:FAIL-t8] and 1 exception(s); e997a993-6131-47bf-96c8-764e04cb5c0e@group-60724A24602F:t8, leader=null, voted=e997a993-6131-47bf-96c8-764e04cb5c0e, raftlog=e997a993-6131-47bf-96c8-764e04cb5c0e@group-60724A24602F-SegmentedRaftLog:OPENED:c-1,f-1,i0, conf=-1: [616f9f8f-9479-40f4-8c03-f125dcbf9c7f:192.168.36.126:39694, e997a993-6131-47bf-96c8-764e04cb5c0e:192.168.36.126:37678, fd2f3f79-5d7b-4d37-bb24-b15dfe7f18d7:192.168.36.126:42280], old=null
2019-09-25 05:31:46,586 [0d4a37ed-4cec-423a-a360-e4a879eb6bc0@group-21C2C432FD88:LeaderElection114] INFO  impl.LeaderElection (LeaderElection.java:logAndReturn(56)) - 0d4a37ed-4cec-423a-a360-e4a879eb6bc0@group-21C2C432FD88:LeaderElection114: Election REJECTED; received 1 response(s) [0d4a37ed-4cec-423a-a360-e4a879eb6bc0<-5c3318fc-c419-4298-b427-bf5a9ca27bf0#0:FAIL-t9] and 1 exception(s); 0d4a37ed-4cec-423a-a360-e4a879eb6bc0@group-21C2C432FD88:t9, leader=null, voted=0d4a37ed-4cec-423a-a360-e4a879eb6bc0, raftlog=0d4a37ed-4cec-423a-a360-e4a879eb6bc0@group-21C2C432FD88-SegmentedRaftLog:OPENED:c-1,f-1,i0, conf=-1: [5c3318fc-c419-4298-b427-bf5a9ca27bf0:192.168.36.126:46795, 61946a22-29ed-4e77-8449-fae4cd9869e9:192.168.36.126:36814, 0d4a37ed-4cec-423a-a360-e4a879eb6bc0:192.168.36.126:37817], old=null
2019-09-25 05:31:46,571 [616f9f8f-9479-40f4-8c03-f125dcbf9c7f@group-60724A24602F:LeaderElection107] INFO  impl.RoleInfo (RoleInfo.java:shutdownLeaderElection(134)) - 616f9f8f-9479-40f4-8c03-f125dcbf9c7f: shutdown LeaderElection
2019-09-25 05:31:46,571 [5c3318fc-c419-4298-b427-bf5a9ca27bf0@group-21C2C432FD88:LeaderElection111] INFO  impl.LeaderElection (LeaderElection.java:logAndReturn(56)) - 5c3318fc-c419-4298-b427-bf5a9ca27bf0@group-21C2C432FD88:LeaderElection111: Election REJECTED; received 1 response(s) [5c3318fc-c419-4298-b427-bf5a9ca27bf0<-0d4a37ed-4cec-423a-a360-e4a879eb6bc0#0:FAIL-t9] and 1 exception(s); 5c3318fc-c419-4298-b427-bf5a9ca27bf0@group-21C2C432FD88:t9, leader=null, voted=5c3318fc-c419-4298-b427-bf5a9ca27bf0, raftlog=5c3318fc-c419-4298-b427-bf5a9ca27bf0@group-21C2C432FD88-SegmentedRaftLog:OPENED:c-1,f-1,i0, conf=-1: [5c3318fc-c419-4298-b427-bf5a9ca27bf0:192.168.36.126:46795, 61946a22-29ed-4e77-8449-fae4cd9869e9:192.168.36.126:36814, 0d4a37ed-4cec-423a-a360-e4a879eb6bc0:192.168.36.126:37817], old=null
2019-09-25 05:31:46,571 [f9c12371-c091-4b4a-8db2-6f0db97bbab3@group-AEFF648B0F59:LeaderElection105] INFO  impl.RoleInfo (RoleInfo.java:updateAndGet(143)) - f9c12371-c091-4b4a-8db2-6f0db97bbab3: start FollowerState
2019-09-25 05:31:46,589 [5c3318fc-c419-4298-b427-bf5a9ca27bf0@group-21C2C432FD88:LeaderElection111] INFO  impl.LeaderElection (LogUtils.java:infoOrTrace(149)) -   Exception 0: {}
java.util.concurrent.ExecutionException: org.apache.ratis.thirdparty.io.grpc.StatusRuntimeException: UNAVAILABLE: io exception
	at java.util.concurrent.FutureTask.report(FutureTask.java:122)
	at java.util.concurrent.FutureTask.get(FutureTask.java:192)
	at org.apache.ratis.server.impl.LeaderElection.waitForResults(LeaderElection.java:263)
	at org.apache.ratis.server.impl.LeaderElection.askForVotes(LeaderElection.java:201)
	at org.apache.ratis.server.impl.LeaderElection.run(LeaderElection.java:133)
	at java.lang.Thread.run(Thread.java:748)
Caused by: org.apache.ratis.thirdparty.io.grpc.StatusRuntimeException: UNAVAILABLE: io exception
	at org.apache.ratis.thirdparty.io.grpc.stub.ClientCalls.toStatusRuntimeException(ClientCalls.java:233)
	at org.apache.ratis.thirdparty.io.grpc.stub.ClientCalls.getUnchecked(ClientCalls.java:214)
	at org.apache.ratis.thirdparty.io.grpc.stub.ClientCalls.blockingUnaryCall(ClientCalls.java:139)
	at org.apache.ratis.proto.grpc.RaftServerProtocolServiceGrpc$RaftServerProtocolServiceBlockingStub.requestVote(RaftServerProtocolServiceGrpc.java:265)
	at org.apache.ratis.grpc.server.GrpcServerProtocolClient.requestVote(GrpcServerProtocolClient.java:90)
	at org.apache.ratis.grpc.server.GrpcService.requestVote(GrpcService.java:204)
	at org.apache.ratis.server.impl.LeaderElection.lambda$submitRequests$1(LeaderElection.java:238)
	at java.util.concurrent.FutureTask.run(FutureTask.java:266)
	at java.util.concurrent.Executors$RunnableAdapter.call(Executors.java:511)
	at java.util.concurrent.FutureTask.run(FutureTask.java:266)
	at java.util.concurrent.ThreadPoolExecutor.runWorker(ThreadPoolExecutor.java:1149)
	at java.util.concurrent.ThreadPoolExecutor$Worker.run(ThreadPoolExecutor.java:624)
	... 1 more
Caused by: org.apache.ratis.thirdparty.io.netty.channel.AbstractChannel$AnnotatedConnectException: Connection refused: /192.168.36.126:36814
	at sun.nio.ch.SocketChannelImpl.checkConnect(Native Method)
	at sun.nio.ch.SocketChannelImpl.finishConnect(SocketChannelImpl.java:717)
	at org.apache.ratis.thirdparty.io.netty.channel.socket.nio.NioSocketChannel.doFinishConnect(NioSocketChannel.java:327)
	at org.apache.ratis.thirdparty.io.netty.channel.nio.AbstractNioChannel$AbstractNioUnsafe.finishConnect(AbstractNioChannel.java:340)
	at org.apache.ratis.thirdparty.io.netty.channel.nio.NioEventLoop.processSelectedKey(NioEventLoop.java:632)
	at org.apache.ratis.thirdparty.io.netty.channel.nio.NioEventLoop.processSelectedKeysOptimized(NioEventLoop.java:579)
	at org.apache.ratis.thirdparty.io.netty.channel.nio.NioEventLoop.processSelectedKeys(NioEventLoop.java:496)
	at org.apache.ratis.thirdparty.io.netty.channel.nio.NioEventLoop.run(NioEventLoop.java:458)
	at org.apache.ratis.thirdparty.io.netty.util.concurrent.SingleThreadEventExecutor$5.run(SingleThreadEventExecutor.java:897)
	at org.apache.ratis.thirdparty.io.netty.util.concurrent.FastThreadLocalRunnable.run(FastThreadLocalRunnable.java:30)
	... 1 more
Caused by: java.net.ConnectException: Connection refused
	... 11 more
2019-09-25 05:31:46,589 [616f9f8f-9479-40f4-8c03-f125dcbf9c7f@group-60724A24602F:LeaderElection107] INFO  impl.RoleInfo (RoleInfo.java:updateAndGet(143)) - 616f9f8f-9479-40f4-8c03-f125dcbf9c7f: start FollowerState
2019-09-25 05:31:46,589 [a58d7528-614e-4c39-a3a3-38beaa9905aa@group-43825EC81F5D:LeaderElection112] INFO  impl.LeaderElection (LeaderElection.java:logAndReturn(56)) - a58d7528-614e-4c39-a3a3-38beaa9905aa@group-43825EC81F5D:LeaderElection112: Election REJECTED; received 2 response(s) [a58d7528-614e-4c39-a3a3-38beaa9905aa<-f9c12371-c091-4b4a-8db2-6f0db97bbab3#0:FAIL-t2, a58d7528-614e-4c39-a3a3-38beaa9905aa<-ce8ac917-2646-4112-adf7-d577593fabcb#0:FAIL-t2] and 0 exception(s); a58d7528-614e-4c39-a3a3-38beaa9905aa@group-43825EC81F5D:t2, leader=null, voted=a58d7528-614e-4c39-a3a3-38beaa9905aa, raftlog=a58d7528-614e-4c39-a3a3-38beaa9905aa@group-43825EC81F5D-SegmentedRaftLog:OPENED:c-1,f-1,i0, conf=-1: [a58d7528-614e-4c39-a3a3-38beaa9905aa:192.168.36.126:37942, f9c12371-c091-4b4a-8db2-6f0db97bbab3:192.168.36.126:46560, ce8ac917-2646-4112-adf7-d577593fabcb:192.168.36.126:37960], old=null
2019-09-25 05:31:46,588 [0d4a37ed-4cec-423a-a360-e4a879eb6bc0@group-21C2C432FD88:LeaderElection114] INFO  impl.LeaderElection (LogUtils.java:infoOrTrace(149)) -   Exception 0: {}
java.util.concurrent.ExecutionException: org.apache.ratis.thirdparty.io.grpc.StatusRuntimeException: UNAVAILABLE: io exception
	at java.util.concurrent.FutureTask.report(FutureTask.java:122)
	at java.util.concurrent.FutureTask.get(FutureTask.java:192)
	at org.apache.ratis.server.impl.LeaderElection.waitForResults(LeaderElection.java:263)
	at org.apache.ratis.server.impl.LeaderElection.askForVotes(LeaderElection.java:201)
	at org.apache.ratis.server.impl.LeaderElection.run(LeaderElection.java:133)
	at java.lang.Thread.run(Thread.java:748)
Caused by: org.apache.ratis.thirdparty.io.grpc.StatusRuntimeException: UNAVAILABLE: io exception
	at org.apache.ratis.thirdparty.io.grpc.stub.ClientCalls.toStatusRuntimeException(ClientCalls.java:233)
	at org.apache.ratis.thirdparty.io.grpc.stub.ClientCalls.getUnchecked(ClientCalls.java:214)
	at org.apache.ratis.thirdparty.io.grpc.stub.ClientCalls.blockingUnaryCall(ClientCalls.java:139)
	at org.apache.ratis.proto.grpc.RaftServerProtocolServiceGrpc$RaftServerProtocolServiceBlockingStub.requestVote(RaftServerProtocolServiceGrpc.java:265)
	at org.apache.ratis.grpc.server.GrpcServerProtocolClient.requestVote(GrpcServerProtocolClient.java:90)
	at org.apache.ratis.grpc.server.GrpcService.requestVote(GrpcService.java:204)
	at org.apache.ratis.server.impl.LeaderElection.lambda$submitRequests$1(LeaderElection.java:238)
	at java.util.concurrent.FutureTask.run(FutureTask.java:266)
	at java.util.concurrent.Executors$RunnableAdapter.call(Executors.java:511)
	at java.util.concurrent.FutureTask.run(FutureTask.java:266)
	at java.util.concurrent.ThreadPoolExecutor.runWorker(ThreadPoolExecutor.java:1149)
	at java.util.concurrent.ThreadPoolExecutor$Worker.run(ThreadPoolExecutor.java:624)
	... 1 more
Caused by: org.apache.ratis.thirdparty.io.netty.channel.AbstractChannel$AnnotatedConnectException: Connection refused: /192.168.36.126:36814
	at sun.nio.ch.SocketChannelImpl.checkConnect(Native Method)
	at sun.nio.ch.SocketChannelImpl.finishConnect(SocketChannelImpl.java:717)
	at org.apache.ratis.thirdparty.io.netty.channel.socket.nio.NioSocketChannel.doFinishConnect(NioSocketChannel.java:327)
	at org.apache.ratis.thirdparty.io.netty.channel.nio.AbstractNioChannel$AbstractNioUnsafe.finishConnect(AbstractNioChannel.java:340)
	at org.apache.ratis.thirdparty.io.netty.channel.nio.NioEventLoop.processSelectedKey(NioEventLoop.java:632)
	at org.apache.ratis.thirdparty.io.netty.channel.nio.NioEventLoop.processSelectedKeysOptimized(NioEventLoop.java:579)
	at org.apache.ratis.thirdparty.io.netty.channel.nio.NioEventLoop.processSelectedKeys(NioEventLoop.java:496)
	at org.apache.ratis.thirdparty.io.netty.channel.nio.NioEventLoop.run(NioEventLoop.java:458)
	at org.apache.ratis.thirdparty.io.netty.util.concurrent.SingleThreadEventExecutor$5.run(SingleThreadEventExecutor.java:897)
	at org.apache.ratis.thirdparty.io.netty.util.concurrent.FastThreadLocalRunnable.run(FastThreadLocalRunnable.java:30)
	... 1 more
Caused by: java.net.ConnectException: Connection refused
	... 11 more
2019-09-25 05:31:46,588 [e997a993-6131-47bf-96c8-764e04cb5c0e@group-60724A24602F:LeaderElection122] INFO  impl.LeaderElection (LogUtils.java:infoOrTrace(149)) -   Exception 0: {}
java.util.concurrent.ExecutionException: org.apache.ratis.thirdparty.io.grpc.StatusRuntimeException: UNAVAILABLE: io exception
	at java.util.concurrent.FutureTask.report(FutureTask.java:122)
	at java.util.concurrent.FutureTask.get(FutureTask.java:192)
	at org.apache.ratis.server.impl.LeaderElection.waitForResults(LeaderElection.java:263)
	at org.apache.ratis.server.impl.LeaderElection.askForVotes(LeaderElection.java:201)
	at org.apache.ratis.server.impl.LeaderElection.run(LeaderElection.java:133)
	at java.lang.Thread.run(Thread.java:748)
Caused by: org.apache.ratis.thirdparty.io.grpc.StatusRuntimeException: UNAVAILABLE: io exception
	at org.apache.ratis.thirdparty.io.grpc.stub.ClientCalls.toStatusRuntimeException(ClientCalls.java:233)
	at org.apache.ratis.thirdparty.io.grpc.stub.ClientCalls.getUnchecked(ClientCalls.java:214)
	at org.apache.ratis.thirdparty.io.grpc.stub.ClientCalls.blockingUnaryCall(ClientCalls.java:139)
	at org.apache.ratis.proto.grpc.RaftServerProtocolServiceGrpc$RaftServerProtocolServiceBlockingStub.requestVote(RaftServerProtocolServiceGrpc.java:265)
	at org.apache.ratis.grpc.server.GrpcServerProtocolClient.requestVote(GrpcServerProtocolClient.java:90)
	at org.apache.ratis.grpc.server.GrpcService.requestVote(GrpcService.java:204)
	at org.apache.ratis.server.impl.LeaderElection.lambda$submitRequests$1(LeaderElection.java:238)
	at java.util.concurrent.FutureTask.run(FutureTask.java:266)
	at java.util.concurrent.Executors$RunnableAdapter.call(Executors.java:511)
	at java.util.concurrent.FutureTask.run(FutureTask.java:266)
	at java.util.concurrent.ThreadPoolExecutor.runWorker(ThreadPoolExecutor.java:1149)
	at java.util.concurrent.ThreadPoolExecutor$Worker.run(ThreadPoolExecutor.java:624)
	... 1 more
Caused by: org.apache.ratis.thirdparty.io.netty.channel.AbstractChannel$AnnotatedConnectException: Connection refused: /192.168.36.126:42280
	at sun.nio.ch.SocketChannelImpl.checkConnect(Native Method)
	at sun.nio.ch.SocketChannelImpl.finishConnect(SocketChannelImpl.java:717)
	at org.apache.ratis.thirdparty.io.netty.channel.socket.nio.NioSocketChannel.doFinishConnect(NioSocketChannel.java:327)
	at org.apache.ratis.thirdparty.io.netty.channel.nio.AbstractNioChannel$AbstractNioUnsafe.finishConnect(AbstractNioChannel.java:340)
	at org.apache.ratis.thirdparty.io.netty.channel.nio.NioEventLoop.processSelectedKey(NioEventLoop.java:632)
	at org.apache.ratis.thirdparty.io.netty.channel.nio.NioEventLoop.processSelectedKeysOptimized(NioEventLoop.java:579)
	at org.apache.ratis.thirdparty.io.netty.channel.nio.NioEventLoop.processSelectedKeys(NioEventLoop.java:496)
	at org.apache.ratis.thirdparty.io.netty.channel.nio.NioEventLoop.run(NioEventLoop.java:458)
	at org.apache.ratis.thirdparty.io.netty.util.concurrent.SingleThreadEventExecutor$5.run(SingleThreadEventExecutor.java:897)
	at org.apache.ratis.thirdparty.io.netty.util.concurrent.FastThreadLocalRunnable.run(FastThreadLocalRunnable.java:30)
	... 1 more
Caused by: java.net.ConnectException: Connection refused
	... 11 more
2019-09-25 05:31:46,588 [a58d7528-614e-4c39-a3a3-38beaa9905aa@group-AEFF648B0F59:LeaderElection117] INFO  impl.LeaderElection (LeaderElection.java:logAndReturn(56)) - a58d7528-614e-4c39-a3a3-38beaa9905aa@group-AEFF648B0F59:LeaderElection117: Election REJECTED; received 2 response(s) [a58d7528-614e-4c39-a3a3-38beaa9905aa<-f9c12371-c091-4b4a-8db2-6f0db97bbab3#0:FAIL-t6, a58d7528-614e-4c39-a3a3-38beaa9905aa<-ce8ac917-2646-4112-adf7-d577593fabcb#0:FAIL-t6] and 0 exception(s); a58d7528-614e-4c39-a3a3-38beaa9905aa@group-AEFF648B0F59:t6, leader=null, voted=a58d7528-614e-4c39-a3a3-38beaa9905aa, raftlog=a58d7528-614e-4c39-a3a3-38beaa9905aa@group-AEFF648B0F59-SegmentedRaftLog:OPENED:c-1,f-1,i0, conf=-1: [a58d7528-614e-4c39-a3a3-38beaa9905aa:192.168.36.126:37942, f9c12371-c091-4b4a-8db2-6f0db97bbab3:192.168.36.126:46560, ce8ac917-2646-4112-adf7-d577593fabcb:192.168.36.126:37960], old=null
2019-09-25 05:31:46,588 [5c3318fc-c419-4298-b427-bf5a9ca27bf0@group-059250D1A272:LeaderElection115] INFO  impl.RoleInfo (RoleInfo.java:shutdownLeaderElection(134)) - 5c3318fc-c419-4298-b427-bf5a9ca27bf0: shutdown LeaderElection
2019-09-25 05:31:46,588 [0d4a37ed-4cec-423a-a360-e4a879eb6bc0@group-059250D1A272:LeaderElection116] INFO  impl.LeaderElection (LogUtils.java:infoOrTrace(149)) -   Exception 0: {}
java.util.concurrent.ExecutionException: org.apache.ratis.thirdparty.io.grpc.StatusRuntimeException: UNAVAILABLE: io exception
	at java.util.concurrent.FutureTask.report(FutureTask.java:122)
	at java.util.concurrent.FutureTask.get(FutureTask.java:192)
	at org.apache.ratis.server.impl.LeaderElection.waitForResults(LeaderElection.java:263)
	at org.apache.ratis.server.impl.LeaderElection.askForVotes(LeaderElection.java:201)
	at org.apache.ratis.server.impl.LeaderElection.run(LeaderElection.java:133)
	at java.lang.Thread.run(Thread.java:748)
Caused by: org.apache.ratis.thirdparty.io.grpc.StatusRuntimeException: UNAVAILABLE: io exception
	at org.apache.ratis.thirdparty.io.grpc.stub.ClientCalls.toStatusRuntimeException(ClientCalls.java:233)
	at org.apache.ratis.thirdparty.io.grpc.stub.ClientCalls.getUnchecked(ClientCalls.java:214)
	at org.apache.ratis.thirdparty.io.grpc.stub.ClientCalls.blockingUnaryCall(ClientCalls.java:139)
	at org.apache.ratis.proto.grpc.RaftServerProtocolServiceGrpc$RaftServerProtocolServiceBlockingStub.requestVote(RaftServerProtocolServiceGrpc.java:265)
	at org.apache.ratis.grpc.server.GrpcServerProtocolClient.requestVote(GrpcServerProtocolClient.java:90)
	at org.apache.ratis.grpc.server.GrpcService.requestVote(GrpcService.java:204)
	at org.apache.ratis.server.impl.LeaderElection.lambda$submitRequests$1(LeaderElection.java:238)
	at java.util.concurrent.FutureTask.run(FutureTask.java:266)
	at java.util.concurrent.Executors$RunnableAdapter.call(Executors.java:511)
	at java.util.concurrent.FutureTask.run(FutureTask.java:266)
	at java.util.concurrent.ThreadPoolExecutor.runWorker(ThreadPoolExecutor.java:1149)
	at java.util.concurrent.ThreadPoolExecutor$Worker.run(ThreadPoolExecutor.java:624)
	... 1 more
Caused by: org.apache.ratis.thirdparty.io.netty.channel.AbstractChannel$AnnotatedConnectException: Connection refused: /192.168.36.126:36814
	at sun.nio.ch.SocketChannelImpl.checkConnect(Native Method)
	at sun.nio.ch.SocketChannelImpl.finishConnect(SocketChannelImpl.java:717)
	at org.apache.ratis.thirdparty.io.netty.channel.socket.nio.NioSocketChannel.doFinishConnect(NioSocketChannel.java:327)
	at org.apache.ratis.thirdparty.io.netty.channel.nio.AbstractNioChannel$AbstractNioUnsafe.finishConnect(AbstractNioChannel.java:340)
	at org.apache.ratis.thirdparty.io.netty.channel.nio.NioEventLoop.processSelectedKey(NioEventLoop.java:632)
	at org.apache.ratis.thirdparty.io.netty.channel.nio.NioEventLoop.processSelectedKeysOptimized(NioEventLoop.java:579)
	at org.apache.ratis.thirdparty.io.netty.channel.nio.NioEventLoop.processSelectedKeys(NioEventLoop.java:496)
	at org.apache.ratis.thirdparty.io.netty.channel.nio.NioEventLoop.run(NioEventLoop.java:458)
	at org.apache.ratis.thirdparty.io.netty.util.concurrent.SingleThreadEventExecutor$5.run(SingleThreadEventExecutor.java:897)
	at org.apache.ratis.thirdparty.io.netty.util.concurrent.FastThreadLocalRunnable.run(FastThreadLocalRunnable.java:30)
	... 1 more
Caused by: java.net.ConnectException: Connection refused
	... 11 more
2019-09-25 05:31:46,592 [5c3318fc-c419-4298-b427-bf5a9ca27bf0@group-059250D1A272:LeaderElection115] INFO  impl.RoleInfo (RoleInfo.java:updateAndGet(143)) - 5c3318fc-c419-4298-b427-bf5a9ca27bf0: start FollowerState
2019-09-25 05:31:46,592 [a58d7528-614e-4c39-a3a3-38beaa9905aa@group-AEFF648B0F59:LeaderElection117] INFO  impl.RaftServerImpl (RaftServerImpl.java:setRole(174)) - a58d7528-614e-4c39-a3a3-38beaa9905aa@group-AEFF648B0F59: changes role from CANDIDATE to FOLLOWER at term 6 for DISCOVERED_A_NEW_TERM
2019-09-25 05:31:46,592 [e997a993-6131-47bf-96c8-764e04cb5c0e@group-60724A24602F:LeaderElection122] INFO  impl.RaftServerImpl (RaftServerImpl.java:setRole(174)) - e997a993-6131-47bf-96c8-764e04cb5c0e@group-60724A24602F: changes role from CANDIDATE to FOLLOWER at term 8 for DISCOVERED_A_NEW_TERM
2019-09-25 05:31:46,591 [0d4a37ed-4cec-423a-a360-e4a879eb6bc0@group-21C2C432FD88:LeaderElection114] INFO  impl.RaftServerImpl (RaftServerImpl.java:setRole(174)) - 0d4a37ed-4cec-423a-a360-e4a879eb6bc0@group-21C2C432FD88: changes role from CANDIDATE to FOLLOWER at term 9 for DISCOVERED_A_NEW_TERM
2019-09-25 05:31:46,590 [a58d7528-614e-4c39-a3a3-38beaa9905aa@group-43825EC81F5D:LeaderElection112] INFO  impl.RaftServerImpl (RaftServerImpl.java:setRole(174)) - a58d7528-614e-4c39-a3a3-38beaa9905aa@group-43825EC81F5D: changes role from CANDIDATE to FOLLOWER at term 2 for DISCOVERED_A_NEW_TERM
2019-09-25 05:31:46,590 [5c3318fc-c419-4298-b427-bf5a9ca27bf0@group-21C2C432FD88:LeaderElection111] INFO  impl.RaftServerImpl (RaftServerImpl.java:setRole(174)) - 5c3318fc-c419-4298-b427-bf5a9ca27bf0@group-21C2C432FD88: changes role from CANDIDATE to FOLLOWER at term 9 for DISCOVERED_A_NEW_TERM
2019-09-25 05:31:46,589 [ce8ac917-2646-4112-adf7-d577593fabcb@group-0EC8D23D101B:LeaderElection121] INFO  impl.LeaderElection (LeaderElection.java:logAndReturn(56)) - ce8ac917-2646-4112-adf7-d577593fabcb@group-0EC8D23D101B:LeaderElection121: Election REJECTED; received 2 response(s) [ce8ac917-2646-4112-adf7-d577593fabcb<-a58d7528-614e-4c39-a3a3-38beaa9905aa#0:FAIL-t6, ce8ac917-2646-4112-adf7-d577593fabcb<-f9c12371-c091-4b4a-8db2-6f0db97bbab3#0:FAIL-t6] and 0 exception(s); ce8ac917-2646-4112-adf7-d577593fabcb@group-0EC8D23D101B:t6, leader=null, voted=ce8ac917-2646-4112-adf7-d577593fabcb, raftlog=ce8ac917-2646-4112-adf7-d577593fabcb@group-0EC8D23D101B-SegmentedRaftLog:OPENED:c-1,f-1,i0, conf=-1: [a58d7528-614e-4c39-a3a3-38beaa9905aa:192.168.36.126:37942, f9c12371-c091-4b4a-8db2-6f0db97bbab3:192.168.36.126:46560, ce8ac917-2646-4112-adf7-d577593fabcb:192.168.36.126:37960], old=null
2019-09-25 05:31:46,589 [f9c12371-c091-4b4a-8db2-6f0db97bbab3@group-0EC8D23D101B:LeaderElection120] INFO  impl.LeaderElection (LeaderElection.java:logAndReturn(56)) - f9c12371-c091-4b4a-8db2-6f0db97bbab3@group-0EC8D23D101B:LeaderElection120: Election REJECTED; received 2 response(s) [f9c12371-c091-4b4a-8db2-6f0db97bbab3<-a58d7528-614e-4c39-a3a3-38beaa9905aa#0:FAIL-t6, f9c12371-c091-4b4a-8db2-6f0db97bbab3<-ce8ac917-2646-4112-adf7-d577593fabcb#0:FAIL-t6] and 0 exception(s); f9c12371-c091-4b4a-8db2-6f0db97bbab3@group-0EC8D23D101B:t6, leader=null, voted=f9c12371-c091-4b4a-8db2-6f0db97bbab3, raftlog=f9c12371-c091-4b4a-8db2-6f0db97bbab3@group-0EC8D23D101B-SegmentedRaftLog:OPENED:c-1,f-1,i0, conf=-1: [a58d7528-614e-4c39-a3a3-38beaa9905aa:192.168.36.126:37942, f9c12371-c091-4b4a-8db2-6f0db97bbab3:192.168.36.126:46560, ce8ac917-2646-4112-adf7-d577593fabcb:192.168.36.126:37960], old=null
2019-09-25 05:31:46,589 [f9c12371-c091-4b4a-8db2-6f0db97bbab3@group-43825EC81F5D:LeaderElection113] INFO  impl.LeaderElection (LeaderElection.java:logAndReturn(56)) - f9c12371-c091-4b4a-8db2-6f0db97bbab3@group-43825EC81F5D:LeaderElection113: Election REJECTED; received 2 response(s) [f9c12371-c091-4b4a-8db2-6f0db97bbab3<-a58d7528-614e-4c39-a3a3-38beaa9905aa#0:FAIL-t2, f9c12371-c091-4b4a-8db2-6f0db97bbab3<-ce8ac917-2646-4112-adf7-d577593fabcb#0:FAIL-t2] and 0 exception(s); f9c12371-c091-4b4a-8db2-6f0db97bbab3@group-43825EC81F5D:t2, leader=null, voted=f9c12371-c091-4b4a-8db2-6f0db97bbab3, raftlog=f9c12371-c091-4b4a-8db2-6f0db97bbab3@group-43825EC81F5D-SegmentedRaftLog:OPENED:c-1,f-1,i0, conf=-1: [a58d7528-614e-4c39-a3a3-38beaa9905aa:192.168.36.126:37942, f9c12371-c091-4b4a-8db2-6f0db97bbab3:192.168.36.126:46560, ce8ac917-2646-4112-adf7-d577593fabcb:192.168.36.126:37960], old=null
2019-09-25 05:31:46,594 [f9c12371-c091-4b4a-8db2-6f0db97bbab3@group-0EC8D23D101B:LeaderElection120] INFO  impl.RaftServerImpl (RaftServerImpl.java:setRole(174)) - f9c12371-c091-4b4a-8db2-6f0db97bbab3@group-0EC8D23D101B: changes role from CANDIDATE to FOLLOWER at term 6 for DISCOVERED_A_NEW_TERM
2019-09-25 05:31:46,594 [ce8ac917-2646-4112-adf7-d577593fabcb@group-0EC8D23D101B:LeaderElection121] INFO  impl.RaftServerImpl (RaftServerImpl.java:setRole(174)) - ce8ac917-2646-4112-adf7-d577593fabcb@group-0EC8D23D101B: changes role from CANDIDATE to FOLLOWER at term 6 for DISCOVERED_A_NEW_TERM
2019-09-25 05:31:46,593 [5c3318fc-c419-4298-b427-bf5a9ca27bf0@group-21C2C432FD88:LeaderElection111] INFO  impl.RoleInfo (RoleInfo.java:shutdownLeaderElection(134)) - 5c3318fc-c419-4298-b427-bf5a9ca27bf0: shutdown LeaderElection
2019-09-25 05:31:46,593 [a58d7528-614e-4c39-a3a3-38beaa9905aa@group-43825EC81F5D:LeaderElection112] INFO  impl.RoleInfo (RoleInfo.java:shutdownLeaderElection(134)) - a58d7528-614e-4c39-a3a3-38beaa9905aa: shutdown LeaderElection
2019-09-25 05:31:46,593 [0d4a37ed-4cec-423a-a360-e4a879eb6bc0@group-21C2C432FD88:LeaderElection114] INFO  impl.RoleInfo (RoleInfo.java:shutdownLeaderElection(134)) - 0d4a37ed-4cec-423a-a360-e4a879eb6bc0: shutdown LeaderElection
2019-09-25 05:31:46,593 [e997a993-6131-47bf-96c8-764e04cb5c0e@group-60724A24602F:LeaderElection122] INFO  impl.RoleInfo (RoleInfo.java:shutdownLeaderElection(134)) - e997a993-6131-47bf-96c8-764e04cb5c0e: shutdown LeaderElection
2019-09-25 05:31:46,593 [a58d7528-614e-4c39-a3a3-38beaa9905aa@group-AEFF648B0F59:LeaderElection117] INFO  impl.RoleInfo (RoleInfo.java:shutdownLeaderElection(134)) - a58d7528-614e-4c39-a3a3-38beaa9905aa: shutdown LeaderElection
2019-09-25 05:31:46,593 [0d4a37ed-4cec-423a-a360-e4a879eb6bc0@group-059250D1A272:LeaderElection116] INFO  impl.RaftServerImpl (RaftServerImpl.java:setRole(174)) - 0d4a37ed-4cec-423a-a360-e4a879eb6bc0@group-059250D1A272: changes role from CANDIDATE to FOLLOWER at term 8 for DISCOVERED_A_NEW_TERM
2019-09-25 05:31:46,595 [a58d7528-614e-4c39-a3a3-38beaa9905aa@group-AEFF648B0F59:LeaderElection117] INFO  impl.RoleInfo (RoleInfo.java:updateAndGet(143)) - a58d7528-614e-4c39-a3a3-38beaa9905aa: start FollowerState
2019-09-25 05:31:46,595 [e997a993-6131-47bf-96c8-764e04cb5c0e@group-60724A24602F:LeaderElection122] INFO  impl.RoleInfo (RoleInfo.java:updateAndGet(143)) - e997a993-6131-47bf-96c8-764e04cb5c0e: start FollowerState
2019-09-25 05:31:46,595 [0d4a37ed-4cec-423a-a360-e4a879eb6bc0@group-21C2C432FD88:LeaderElection114] INFO  impl.RoleInfo (RoleInfo.java:updateAndGet(143)) - 0d4a37ed-4cec-423a-a360-e4a879eb6bc0: start FollowerState
2019-09-25 05:31:46,595 [a58d7528-614e-4c39-a3a3-38beaa9905aa@group-43825EC81F5D:LeaderElection112] INFO  impl.RoleInfo (RoleInfo.java:updateAndGet(143)) - a58d7528-614e-4c39-a3a3-38beaa9905aa: start FollowerState
2019-09-25 05:31:46,594 [5c3318fc-c419-4298-b427-bf5a9ca27bf0@group-21C2C432FD88:LeaderElection111] INFO  impl.RoleInfo (RoleInfo.java:updateAndGet(143)) - 5c3318fc-c419-4298-b427-bf5a9ca27bf0: start FollowerState
2019-09-25 05:31:46,594 [ce8ac917-2646-4112-adf7-d577593fabcb@group-0EC8D23D101B:LeaderElection121] INFO  impl.RoleInfo (RoleInfo.java:shutdownLeaderElection(134)) - ce8ac917-2646-4112-adf7-d577593fabcb: shutdown LeaderElection
2019-09-25 05:31:46,594 [f9c12371-c091-4b4a-8db2-6f0db97bbab3@group-0EC8D23D101B:LeaderElection120] INFO  impl.RoleInfo (RoleInfo.java:shutdownLeaderElection(134)) - f9c12371-c091-4b4a-8db2-6f0db97bbab3: shutdown LeaderElection
2019-09-25 05:31:46,594 [f9c12371-c091-4b4a-8db2-6f0db97bbab3@group-43825EC81F5D:LeaderElection113] INFO  impl.RaftServerImpl (RaftServerImpl.java:setRole(174)) - f9c12371-c091-4b4a-8db2-6f0db97bbab3@group-43825EC81F5D: changes role from CANDIDATE to FOLLOWER at term 2 for DISCOVERED_A_NEW_TERM
2019-09-25 05:31:46,596 [f9c12371-c091-4b4a-8db2-6f0db97bbab3@group-0EC8D23D101B:LeaderElection120] INFO  impl.RoleInfo (RoleInfo.java:updateAndGet(143)) - f9c12371-c091-4b4a-8db2-6f0db97bbab3: start FollowerState
2019-09-25 05:31:46,596 [ce8ac917-2646-4112-adf7-d577593fabcb@group-0EC8D23D101B:LeaderElection121] INFO  impl.RoleInfo (RoleInfo.java:updateAndGet(143)) - ce8ac917-2646-4112-adf7-d577593fabcb: start FollowerState
2019-09-25 05:31:46,595 [0d4a37ed-4cec-423a-a360-e4a879eb6bc0@group-059250D1A272:LeaderElection116] INFO  impl.RoleInfo (RoleInfo.java:shutdownLeaderElection(134)) - 0d4a37ed-4cec-423a-a360-e4a879eb6bc0: shutdown LeaderElection
2019-09-25 05:31:46,596 [f9c12371-c091-4b4a-8db2-6f0db97bbab3@group-43825EC81F5D:LeaderElection113] INFO  impl.RoleInfo (RoleInfo.java:shutdownLeaderElection(134)) - f9c12371-c091-4b4a-8db2-6f0db97bbab3: shutdown LeaderElection
2019-09-25 05:31:46,596 [0d4a37ed-4cec-423a-a360-e4a879eb6bc0@group-059250D1A272:LeaderElection116] INFO  impl.RoleInfo (RoleInfo.java:updateAndGet(143)) - 0d4a37ed-4cec-423a-a360-e4a879eb6bc0: start FollowerState
2019-09-25 05:31:46,597 [f9c12371-c091-4b4a-8db2-6f0db97bbab3@group-43825EC81F5D:LeaderElection113] INFO  impl.RoleInfo (RoleInfo.java:updateAndGet(143)) - f9c12371-c091-4b4a-8db2-6f0db97bbab3: start FollowerState
2019-09-25 05:31:46,806 [Datanode State Machine Thread - 0] INFO  statemachine.DatanodeStateMachine (DatanodeStateMachine.java:lambda$startDaemon$0(350)) - Ozone container server started.
2019-09-25 05:31:47,068 [Datanode State Machine Thread - 0] INFO  statemachine.DatanodeStateMachine (DatanodeStateMachine.java:lambda$startDaemon$0(350)) - Ozone container server started.
2019-09-25 05:31:47,581 [Thread-857] INFO  impl.FollowerState (FollowerState.java:run(106)) - ce8ac917-2646-4112-adf7-d577593fabcb:group-43825EC81F5D changes to CANDIDATE, lastRpcTime:1011, electionTimeout:1009ms
2019-09-25 05:31:47,581 [Thread-857] INFO  impl.RoleInfo (RoleInfo.java:shutdownFollowerState(121)) - ce8ac917-2646-4112-adf7-d577593fabcb: shutdown FollowerState
2019-09-25 05:31:47,581 [Thread-857] INFO  impl.RaftServerImpl (RaftServerImpl.java:setRole(174)) - ce8ac917-2646-4112-adf7-d577593fabcb@group-43825EC81F5D: changes role from  FOLLOWER to CANDIDATE at term 2 for changeToCandidate
2019-09-25 05:31:47,581 [Thread-857] INFO  impl.RoleInfo (RoleInfo.java:updateAndGet(143)) - ce8ac917-2646-4112-adf7-d577593fabcb: start LeaderElection
2019-09-25 05:31:47,602 [Thread-863] INFO  impl.FollowerState (FollowerState.java:run(106)) - a58d7528-614e-4c39-a3a3-38beaa9905aa:group-43825EC81F5D changes to CANDIDATE, lastRpcTime:1007, electionTimeout:1006ms
2019-09-25 05:31:47,602 [Thread-863] INFO  impl.RoleInfo (RoleInfo.java:shutdownFollowerState(121)) - a58d7528-614e-4c39-a3a3-38beaa9905aa: shutdown FollowerState
2019-09-25 05:31:47,602 [Thread-863] INFO  impl.RaftServerImpl (RaftServerImpl.java:setRole(174)) - a58d7528-614e-4c39-a3a3-38beaa9905aa@group-43825EC81F5D: changes role from  FOLLOWER to CANDIDATE at term 2 for changeToCandidate
2019-09-25 05:31:47,603 [Thread-863] INFO  impl.RoleInfo (RoleInfo.java:updateAndGet(143)) - a58d7528-614e-4c39-a3a3-38beaa9905aa: start LeaderElection
2019-09-25 05:31:47,642 [Thread-858] INFO  impl.FollowerState (FollowerState.java:run(106)) - ce8ac917-2646-4112-adf7-d577593fabcb:group-AEFF648B0F59 changes to CANDIDATE, lastRpcTime:1071, electionTimeout:1071ms
2019-09-25 05:31:47,643 [Thread-858] INFO  impl.RoleInfo (RoleInfo.java:shutdownFollowerState(121)) - ce8ac917-2646-4112-adf7-d577593fabcb: shutdown FollowerState
2019-09-25 05:31:47,643 [Thread-858] INFO  impl.RaftServerImpl (RaftServerImpl.java:setRole(174)) - ce8ac917-2646-4112-adf7-d577593fabcb@group-AEFF648B0F59: changes role from  FOLLOWER to CANDIDATE at term 6 for changeToCandidate
2019-09-25 05:31:47,643 [Thread-858] INFO  impl.RoleInfo (RoleInfo.java:updateAndGet(143)) - ce8ac917-2646-4112-adf7-d577593fabcb: start LeaderElection
2019-09-25 05:31:47,650 [Thread-861] INFO  impl.FollowerState (FollowerState.java:run(106)) - 5c3318fc-c419-4298-b427-bf5a9ca27bf0:group-059250D1A272 changes to CANDIDATE, lastRpcTime:1058, electionTimeout:1057ms
2019-09-25 05:31:47,650 [Thread-861] INFO  impl.RoleInfo (RoleInfo.java:shutdownFollowerState(121)) - 5c3318fc-c419-4298-b427-bf5a9ca27bf0: shutdown FollowerState
2019-09-25 05:31:47,651 [Thread-861] INFO  impl.RaftServerImpl (RaftServerImpl.java:setRole(174)) - 5c3318fc-c419-4298-b427-bf5a9ca27bf0@group-059250D1A272: changes role from  FOLLOWER to CANDIDATE at term 8 for changeToCandidate
2019-09-25 05:31:47,651 [Thread-861] INFO  impl.RoleInfo (RoleInfo.java:updateAndGet(143)) - 5c3318fc-c419-4298-b427-bf5a9ca27bf0: start LeaderElection
2019-09-25 05:31:47,664 [Thread-860] INFO  impl.FollowerState (FollowerState.java:run(106)) - 616f9f8f-9479-40f4-8c03-f125dcbf9c7f:group-60724A24602F changes to CANDIDATE, lastRpcTime:1075, electionTimeout:1074ms
2019-09-25 05:31:47,664 [Thread-860] INFO  impl.RoleInfo (RoleInfo.java:shutdownFollowerState(121)) - 616f9f8f-9479-40f4-8c03-f125dcbf9c7f: shutdown FollowerState
2019-09-25 05:31:47,665 [Thread-860] INFO  impl.RaftServerImpl (RaftServerImpl.java:setRole(174)) - 616f9f8f-9479-40f4-8c03-f125dcbf9c7f@group-60724A24602F: changes role from  FOLLOWER to CANDIDATE at term 8 for changeToCandidate
2019-09-25 05:31:47,665 [Thread-860] INFO  impl.RoleInfo (RoleInfo.java:updateAndGet(143)) - 616f9f8f-9479-40f4-8c03-f125dcbf9c7f: start LeaderElection
2019-09-25 05:31:47,667 [Thread-864] INFO  impl.FollowerState (FollowerState.java:run(106)) - 0d4a37ed-4cec-423a-a360-e4a879eb6bc0:group-21C2C432FD88 changes to CANDIDATE, lastRpcTime:1072, electionTimeout:1071ms
2019-09-25 05:31:47,667 [Thread-864] INFO  impl.RoleInfo (RoleInfo.java:shutdownFollowerState(121)) - 0d4a37ed-4cec-423a-a360-e4a879eb6bc0: shutdown FollowerState
2019-09-25 05:31:47,667 [Thread-864] INFO  impl.RaftServerImpl (RaftServerImpl.java:setRole(174)) - 0d4a37ed-4cec-423a-a360-e4a879eb6bc0@group-21C2C432FD88: changes role from  FOLLOWER to CANDIDATE at term 9 for changeToCandidate
2019-09-25 05:31:47,667 [Thread-864] INFO  impl.RoleInfo (RoleInfo.java:updateAndGet(143)) - 0d4a37ed-4cec-423a-a360-e4a879eb6bc0: start LeaderElection
2019-09-25 05:31:47,682 [Thread-856] INFO  impl.FollowerState (FollowerState.java:run(106)) - a58d7528-614e-4c39-a3a3-38beaa9905aa:group-0EC8D23D101B changes to CANDIDATE, lastRpcTime:1112, electionTimeout:1094ms
2019-09-25 05:31:47,682 [Thread-856] INFO  impl.RoleInfo (RoleInfo.java:shutdownFollowerState(121)) - a58d7528-614e-4c39-a3a3-38beaa9905aa: shutdown FollowerState
2019-09-25 05:31:47,682 [Thread-856] INFO  impl.RaftServerImpl (RaftServerImpl.java:setRole(174)) - a58d7528-614e-4c39-a3a3-38beaa9905aa@group-0EC8D23D101B: changes role from  FOLLOWER to CANDIDATE at term 6 for changeToCandidate
2019-09-25 05:31:47,683 [Thread-856] INFO  impl.RoleInfo (RoleInfo.java:updateAndGet(143)) - a58d7528-614e-4c39-a3a3-38beaa9905aa: start LeaderElection
2019-09-25 05:31:47,701 [Thread-866] INFO  impl.FollowerState (FollowerState.java:run(106)) - a58d7528-614e-4c39-a3a3-38beaa9905aa:group-AEFF648B0F59 changes to CANDIDATE, lastRpcTime:1106, electionTimeout:1106ms
2019-09-25 05:31:47,702 [Thread-866] INFO  impl.RoleInfo (RoleInfo.java:shutdownFollowerState(121)) - a58d7528-614e-4c39-a3a3-38beaa9905aa: shutdown FollowerState
2019-09-25 05:31:47,702 [Thread-866] INFO  impl.RaftServerImpl (RaftServerImpl.java:setRole(174)) - a58d7528-614e-4c39-a3a3-38beaa9905aa@group-AEFF648B0F59: changes role from  FOLLOWER to CANDIDATE at term 6 for changeToCandidate
2019-09-25 05:31:47,702 [Thread-866] INFO  impl.RoleInfo (RoleInfo.java:updateAndGet(143)) - a58d7528-614e-4c39-a3a3-38beaa9905aa: start LeaderElection
2019-09-25 05:31:47,720 [Thread-867] INFO  impl.FollowerState (FollowerState.java:run(106)) - ce8ac917-2646-4112-adf7-d577593fabcb:group-0EC8D23D101B changes to CANDIDATE, lastRpcTime:1123, electionTimeout:1123ms
2019-09-25 05:31:47,720 [Thread-867] INFO  impl.RoleInfo (RoleInfo.java:shutdownFollowerState(121)) - ce8ac917-2646-4112-adf7-d577593fabcb: shutdown FollowerState
2019-09-25 05:31:47,720 [Thread-867] INFO  impl.RaftServerImpl (RaftServerImpl.java:setRole(174)) - ce8ac917-2646-4112-adf7-d577593fabcb@group-0EC8D23D101B: changes role from  FOLLOWER to CANDIDATE at term 6 for changeToCandidate
2019-09-25 05:31:47,720 [Thread-867] INFO  impl.RoleInfo (RoleInfo.java:updateAndGet(143)) - ce8ac917-2646-4112-adf7-d577593fabcb: start LeaderElection
2019-09-25 05:31:47,725 [Thread-862] INFO  impl.FollowerState (FollowerState.java:run(106)) - 5c3318fc-c419-4298-b427-bf5a9ca27bf0:group-21C2C432FD88 changes to CANDIDATE, lastRpcTime:1130, electionTimeout:1129ms
2019-09-25 05:31:47,725 [Thread-862] INFO  impl.RoleInfo (RoleInfo.java:shutdownFollowerState(121)) - 5c3318fc-c419-4298-b427-bf5a9ca27bf0: shutdown FollowerState
2019-09-25 05:31:47,725 [Thread-862] INFO  impl.RaftServerImpl (RaftServerImpl.java:setRole(174)) - 5c3318fc-c419-4298-b427-bf5a9ca27bf0@group-21C2C432FD88: changes role from  FOLLOWER to CANDIDATE at term 9 for changeToCandidate
2019-09-25 05:31:47,726 [Thread-862] INFO  impl.RoleInfo (RoleInfo.java:updateAndGet(143)) - 5c3318fc-c419-4298-b427-bf5a9ca27bf0: start LeaderElection
2019-09-25 05:31:47,787 [Thread-859] INFO  impl.FollowerState (FollowerState.java:run(106)) - f9c12371-c091-4b4a-8db2-6f0db97bbab3:group-AEFF648B0F59 changes to CANDIDATE, lastRpcTime:1216, electionTimeout:1198ms
2019-09-25 05:31:47,788 [Thread-859] INFO  impl.RoleInfo (RoleInfo.java:shutdownFollowerState(121)) - f9c12371-c091-4b4a-8db2-6f0db97bbab3: shutdown FollowerState
2019-09-25 05:31:47,788 [Thread-859] INFO  impl.RaftServerImpl (RaftServerImpl.java:setRole(174)) - f9c12371-c091-4b4a-8db2-6f0db97bbab3@group-AEFF648B0F59: changes role from  FOLLOWER to CANDIDATE at term 6 for changeToCandidate
2019-09-25 05:31:47,788 [Thread-859] INFO  impl.RoleInfo (RoleInfo.java:updateAndGet(143)) - f9c12371-c091-4b4a-8db2-6f0db97bbab3: start LeaderElection
2019-09-25 05:31:47,789 [Thread-870] INFO  impl.FollowerState (FollowerState.java:run(106)) - f9c12371-c091-4b4a-8db2-6f0db97bbab3:group-43825EC81F5D changes to CANDIDATE, lastRpcTime:1192, electionTimeout:1192ms
2019-09-25 05:31:47,789 [Thread-870] INFO  impl.RoleInfo (RoleInfo.java:shutdownFollowerState(121)) - f9c12371-c091-4b4a-8db2-6f0db97bbab3: shutdown FollowerState
2019-09-25 05:31:47,789 [Thread-870] INFO  impl.RaftServerImpl (RaftServerImpl.java:setRole(174)) - f9c12371-c091-4b4a-8db2-6f0db97bbab3@group-43825EC81F5D: changes role from  FOLLOWER to CANDIDATE at term 2 for changeToCandidate
2019-09-25 05:31:47,790 [Thread-870] INFO  impl.RoleInfo (RoleInfo.java:updateAndGet(143)) - f9c12371-c091-4b4a-8db2-6f0db97bbab3: start LeaderElection
2019-09-25 05:31:47,792 [Thread-868] INFO  impl.FollowerState (FollowerState.java:run(106)) - f9c12371-c091-4b4a-8db2-6f0db97bbab3:group-0EC8D23D101B changes to CANDIDATE, lastRpcTime:1195, electionTimeout:1195ms
2019-09-25 05:31:47,792 [Thread-868] INFO  impl.RoleInfo (RoleInfo.java:shutdownFollowerState(121)) - f9c12371-c091-4b4a-8db2-6f0db97bbab3: shutdown FollowerState
2019-09-25 05:31:47,792 [Thread-868] INFO  impl.RaftServerImpl (RaftServerImpl.java:setRole(174)) - f9c12371-c091-4b4a-8db2-6f0db97bbab3@group-0EC8D23D101B: changes role from  FOLLOWER to CANDIDATE at term 6 for changeToCandidate
2019-09-25 05:31:47,792 [Thread-868] INFO  impl.RoleInfo (RoleInfo.java:updateAndGet(143)) - f9c12371-c091-4b4a-8db2-6f0db97bbab3: start LeaderElection
2019-09-25 05:31:47,792 [Thread-869] INFO  impl.FollowerState (FollowerState.java:run(106)) - 0d4a37ed-4cec-423a-a360-e4a879eb6bc0:group-059250D1A272 changes to CANDIDATE, lastRpcTime:1195, electionTimeout:1195ms
2019-09-25 05:31:47,792 [Thread-869] INFO  impl.RoleInfo (RoleInfo.java:shutdownFollowerState(121)) - 0d4a37ed-4cec-423a-a360-e4a879eb6bc0: shutdown FollowerState
2019-09-25 05:31:47,792 [Thread-869] INFO  impl.RaftServerImpl (RaftServerImpl.java:setRole(174)) - 0d4a37ed-4cec-423a-a360-e4a879eb6bc0@group-059250D1A272: changes role from  FOLLOWER to CANDIDATE at term 8 for changeToCandidate
2019-09-25 05:31:47,793 [Thread-869] INFO  impl.RoleInfo (RoleInfo.java:updateAndGet(143)) - 0d4a37ed-4cec-423a-a360-e4a879eb6bc0: start LeaderElection
2019-09-25 05:31:47,796 [Thread-865] INFO  impl.FollowerState (FollowerState.java:run(106)) - e997a993-6131-47bf-96c8-764e04cb5c0e:group-60724A24602F changes to CANDIDATE, lastRpcTime:1200, electionTimeout:1200ms
2019-09-25 05:31:47,796 [Thread-865] INFO  impl.RoleInfo (RoleInfo.java:shutdownFollowerState(121)) - e997a993-6131-47bf-96c8-764e04cb5c0e: shutdown FollowerState
2019-09-25 05:31:47,796 [Thread-865] INFO  impl.RaftServerImpl (RaftServerImpl.java:setRole(174)) - e997a993-6131-47bf-96c8-764e04cb5c0e@group-60724A24602F: changes role from  FOLLOWER to CANDIDATE at term 8 for changeToCandidate
2019-09-25 05:31:47,796 [Thread-865] INFO  impl.RoleInfo (RoleInfo.java:updateAndGet(143)) - e997a993-6131-47bf-96c8-764e04cb5c0e: start LeaderElection
2019-09-25 05:31:48,071 [f9c12371-c091-4b4a-8db2-6f0db97bbab3@group-0EC8D23D101B:LeaderElection135] INFO  impl.LeaderElection (LeaderElection.java:askForVotes(182)) - f9c12371-c091-4b4a-8db2-6f0db97bbab3@group-0EC8D23D101B:LeaderElection135: begin an election at term 7 for -1: [a58d7528-614e-4c39-a3a3-38beaa9905aa:192.168.36.126:37942, f9c12371-c091-4b4a-8db2-6f0db97bbab3:192.168.36.126:46560, ce8ac917-2646-4112-adf7-d577593fabcb:192.168.36.126:37960], old=null
2019-09-25 05:31:48,071 [f9c12371-c091-4b4a-8db2-6f0db97bbab3@group-43825EC81F5D:LeaderElection134] INFO  impl.LeaderElection (LeaderElection.java:askForVotes(182)) - f9c12371-c091-4b4a-8db2-6f0db97bbab3@group-43825EC81F5D:LeaderElection134: begin an election at term 3 for -1: [a58d7528-614e-4c39-a3a3-38beaa9905aa:192.168.36.126:37942, f9c12371-c091-4b4a-8db2-6f0db97bbab3:192.168.36.126:46560, ce8ac917-2646-4112-adf7-d577593fabcb:192.168.36.126:37960], old=null
2019-09-25 05:31:48,071 [a58d7528-614e-4c39-a3a3-38beaa9905aa@group-0EC8D23D101B:LeaderElection129] INFO  impl.LeaderElection (LeaderElection.java:askForVotes(182)) - a58d7528-614e-4c39-a3a3-38beaa9905aa@group-0EC8D23D101B:LeaderElection129: begin an election at term 7 for -1: [a58d7528-614e-4c39-a3a3-38beaa9905aa:192.168.36.126:37942, f9c12371-c091-4b4a-8db2-6f0db97bbab3:192.168.36.126:46560, ce8ac917-2646-4112-adf7-d577593fabcb:192.168.36.126:37960], old=null
2019-09-25 05:31:48,071 [0d4a37ed-4cec-423a-a360-e4a879eb6bc0@group-21C2C432FD88:LeaderElection128] INFO  impl.LeaderElection (LeaderElection.java:askForVotes(182)) - 0d4a37ed-4cec-423a-a360-e4a879eb6bc0@group-21C2C432FD88:LeaderElection128: begin an election at term 10 for -1: [5c3318fc-c419-4298-b427-bf5a9ca27bf0:192.168.36.126:46795, 61946a22-29ed-4e77-8449-fae4cd9869e9:192.168.36.126:36814, 0d4a37ed-4cec-423a-a360-e4a879eb6bc0:192.168.36.126:37817], old=null
2019-09-25 05:31:48,071 [5c3318fc-c419-4298-b427-bf5a9ca27bf0@group-21C2C432FD88:LeaderElection132] INFO  impl.LeaderElection (LeaderElection.java:askForVotes(182)) - 5c3318fc-c419-4298-b427-bf5a9ca27bf0@group-21C2C432FD88:LeaderElection132: begin an election at term 10 for -1: [5c3318fc-c419-4298-b427-bf5a9ca27bf0:192.168.36.126:46795, 61946a22-29ed-4e77-8449-fae4cd9869e9:192.168.36.126:36814, 0d4a37ed-4cec-423a-a360-e4a879eb6bc0:192.168.36.126:37817], old=null
2019-09-25 05:31:48,071 [e997a993-6131-47bf-96c8-764e04cb5c0e@group-60724A24602F:LeaderElection137] INFO  impl.LeaderElection (LeaderElection.java:askForVotes(182)) - e997a993-6131-47bf-96c8-764e04cb5c0e@group-60724A24602F:LeaderElection137: begin an election at term 9 for -1: [616f9f8f-9479-40f4-8c03-f125dcbf9c7f:192.168.36.126:39694, e997a993-6131-47bf-96c8-764e04cb5c0e:192.168.36.126:37678, fd2f3f79-5d7b-4d37-bb24-b15dfe7f18d7:192.168.36.126:42280], old=null
2019-09-25 05:31:48,071 [616f9f8f-9479-40f4-8c03-f125dcbf9c7f@group-60724A24602F:LeaderElection127] INFO  impl.LeaderElection (LeaderElection.java:askForVotes(182)) - 616f9f8f-9479-40f4-8c03-f125dcbf9c7f@group-60724A24602F:LeaderElection127: begin an election at term 9 for -1: [616f9f8f-9479-40f4-8c03-f125dcbf9c7f:192.168.36.126:39694, e997a993-6131-47bf-96c8-764e04cb5c0e:192.168.36.126:37678, fd2f3f79-5d7b-4d37-bb24-b15dfe7f18d7:192.168.36.126:42280], old=null
2019-09-25 05:31:48,071 [f9c12371-c091-4b4a-8db2-6f0db97bbab3@group-AEFF648B0F59:LeaderElection133] INFO  impl.LeaderElection (LeaderElection.java:askForVotes(182)) - f9c12371-c091-4b4a-8db2-6f0db97bbab3@group-AEFF648B0F59:LeaderElection133: begin an election at term 7 for -1: [a58d7528-614e-4c39-a3a3-38beaa9905aa:192.168.36.126:37942, f9c12371-c091-4b4a-8db2-6f0db97bbab3:192.168.36.126:46560, ce8ac917-2646-4112-adf7-d577593fabcb:192.168.36.126:37960], old=null
2019-09-25 05:31:48,071 [ce8ac917-2646-4112-adf7-d577593fabcb@group-AEFF648B0F59:LeaderElection125] INFO  impl.LeaderElection (LeaderElection.java:askForVotes(182)) - ce8ac917-2646-4112-adf7-d577593fabcb@group-AEFF648B0F59:LeaderElection125: begin an election at term 7 for -1: [a58d7528-614e-4c39-a3a3-38beaa9905aa:192.168.36.126:37942, f9c12371-c091-4b4a-8db2-6f0db97bbab3:192.168.36.126:46560, ce8ac917-2646-4112-adf7-d577593fabcb:192.168.36.126:37960], old=null
2019-09-25 05:31:48,071 [a58d7528-614e-4c39-a3a3-38beaa9905aa@group-43825EC81F5D:LeaderElection124] INFO  impl.LeaderElection (LeaderElection.java:askForVotes(182)) - a58d7528-614e-4c39-a3a3-38beaa9905aa@group-43825EC81F5D:LeaderElection124: begin an election at term 3 for -1: [a58d7528-614e-4c39-a3a3-38beaa9905aa:192.168.36.126:37942, f9c12371-c091-4b4a-8db2-6f0db97bbab3:192.168.36.126:46560, ce8ac917-2646-4112-adf7-d577593fabcb:192.168.36.126:37960], old=null
2019-09-25 05:31:48,071 [0d4a37ed-4cec-423a-a360-e4a879eb6bc0@group-059250D1A272:LeaderElection136] INFO  impl.LeaderElection (LeaderElection.java:askForVotes(182)) - 0d4a37ed-4cec-423a-a360-e4a879eb6bc0@group-059250D1A272:LeaderElection136: begin an election at term 9 for -1: [5c3318fc-c419-4298-b427-bf5a9ca27bf0:192.168.36.126:46795, 61946a22-29ed-4e77-8449-fae4cd9869e9:192.168.36.126:36814, 0d4a37ed-4cec-423a-a360-e4a879eb6bc0:192.168.36.126:37817], old=null
2019-09-25 05:31:48,071 [a58d7528-614e-4c39-a3a3-38beaa9905aa@group-AEFF648B0F59:LeaderElection130] INFO  impl.LeaderElection (LeaderElection.java:askForVotes(182)) - a58d7528-614e-4c39-a3a3-38beaa9905aa@group-AEFF648B0F59:LeaderElection130: begin an election at term 7 for -1: [a58d7528-614e-4c39-a3a3-38beaa9905aa:192.168.36.126:37942, f9c12371-c091-4b4a-8db2-6f0db97bbab3:192.168.36.126:46560, ce8ac917-2646-4112-adf7-d577593fabcb:192.168.36.126:37960], old=null
2019-09-25 05:31:48,071 [ce8ac917-2646-4112-adf7-d577593fabcb@group-43825EC81F5D:LeaderElection123] INFO  impl.LeaderElection (LeaderElection.java:askForVotes(182)) - ce8ac917-2646-4112-adf7-d577593fabcb@group-43825EC81F5D:LeaderElection123: begin an election at term 3 for -1: [a58d7528-614e-4c39-a3a3-38beaa9905aa:192.168.36.126:37942, f9c12371-c091-4b4a-8db2-6f0db97bbab3:192.168.36.126:46560, ce8ac917-2646-4112-adf7-d577593fabcb:192.168.36.126:37960], old=null
2019-09-25 05:31:48,071 [ce8ac917-2646-4112-adf7-d577593fabcb@group-0EC8D23D101B:LeaderElection131] INFO  impl.LeaderElection (LeaderElection.java:askForVotes(182)) - ce8ac917-2646-4112-adf7-d577593fabcb@group-0EC8D23D101B:LeaderElection131: begin an election at term 7 for -1: [a58d7528-614e-4c39-a3a3-38beaa9905aa:192.168.36.126:37942, f9c12371-c091-4b4a-8db2-6f0db97bbab3:192.168.36.126:46560, ce8ac917-2646-4112-adf7-d577593fabcb:192.168.36.126:37960], old=null
2019-09-25 05:31:48,071 [5c3318fc-c419-4298-b427-bf5a9ca27bf0@group-059250D1A272:LeaderElection126] INFO  impl.LeaderElection (LeaderElection.java:askForVotes(182)) - 5c3318fc-c419-4298-b427-bf5a9ca27bf0@group-059250D1A272:LeaderElection126: begin an election at term 9 for -1: [5c3318fc-c419-4298-b427-bf5a9ca27bf0:192.168.36.126:46795, 61946a22-29ed-4e77-8449-fae4cd9869e9:192.168.36.126:36814, 0d4a37ed-4cec-423a-a360-e4a879eb6bc0:192.168.36.126:37817], old=null
2019-09-25 05:31:48,074 [5c3318fc-c419-4298-b427-bf5a9ca27bf0@group-059250D1A272:LeaderElection126] INFO  impl.LeaderElection (LogUtils.java:infoOrTrace(149)) - 5c3318fc-c419-4298-b427-bf5a9ca27bf0@group-059250D1A272:LeaderElection126 got exception when requesting votes: {}
java.util.concurrent.ExecutionException: org.apache.ratis.thirdparty.io.grpc.StatusRuntimeException: UNAVAILABLE: io exception
	at java.util.concurrent.FutureTask.report(FutureTask.java:122)
	at java.util.concurrent.FutureTask.get(FutureTask.java:192)
	at org.apache.ratis.server.impl.LeaderElection.waitForResults(LeaderElection.java:263)
	at org.apache.ratis.server.impl.LeaderElection.askForVotes(LeaderElection.java:201)
	at org.apache.ratis.server.impl.LeaderElection.run(LeaderElection.java:133)
	at java.lang.Thread.run(Thread.java:748)
Caused by: org.apache.ratis.thirdparty.io.grpc.StatusRuntimeException: UNAVAILABLE: io exception
	at org.apache.ratis.thirdparty.io.grpc.stub.ClientCalls.toStatusRuntimeException(ClientCalls.java:233)
	at org.apache.ratis.thirdparty.io.grpc.stub.ClientCalls.getUnchecked(ClientCalls.java:214)
	at org.apache.ratis.thirdparty.io.grpc.stub.ClientCalls.blockingUnaryCall(ClientCalls.java:139)
	at org.apache.ratis.proto.grpc.RaftServerProtocolServiceGrpc$RaftServerProtocolServiceBlockingStub.requestVote(RaftServerProtocolServiceGrpc.java:265)
	at org.apache.ratis.grpc.server.GrpcServerProtocolClient.requestVote(GrpcServerProtocolClient.java:90)
	at org.apache.ratis.grpc.server.GrpcService.requestVote(GrpcService.java:204)
	at org.apache.ratis.server.impl.LeaderElection.lambda$submitRequests$1(LeaderElection.java:238)
	at java.util.concurrent.FutureTask.run(FutureTask.java:266)
	at java.util.concurrent.Executors$RunnableAdapter.call(Executors.java:511)
	at java.util.concurrent.FutureTask.run(FutureTask.java:266)
	at java.util.concurrent.ThreadPoolExecutor.runWorker(ThreadPoolExecutor.java:1149)
	at java.util.concurrent.ThreadPoolExecutor$Worker.run(ThreadPoolExecutor.java:624)
	... 1 more
Caused by: org.apache.ratis.thirdparty.io.netty.channel.AbstractChannel$AnnotatedConnectException: Connection refused: /192.168.36.126:36814
	at sun.nio.ch.SocketChannelImpl.checkConnect(Native Method)
	at sun.nio.ch.SocketChannelImpl.finishConnect(SocketChannelImpl.java:717)
	at org.apache.ratis.thirdparty.io.netty.channel.socket.nio.NioSocketChannel.doFinishConnect(NioSocketChannel.java:327)
	at org.apache.ratis.thirdparty.io.netty.channel.nio.AbstractNioChannel$AbstractNioUnsafe.finishConnect(AbstractNioChannel.java:340)
	at org.apache.ratis.thirdparty.io.netty.channel.nio.NioEventLoop.processSelectedKey(NioEventLoop.java:632)
	at org.apache.ratis.thirdparty.io.netty.channel.nio.NioEventLoop.processSelectedKeysOptimized(NioEventLoop.java:579)
	at org.apache.ratis.thirdparty.io.netty.channel.nio.NioEventLoop.processSelectedKeys(NioEventLoop.java:496)
	at org.apache.ratis.thirdparty.io.netty.channel.nio.NioEventLoop.run(NioEventLoop.java:458)
	at org.apache.ratis.thirdparty.io.netty.util.concurrent.SingleThreadEventExecutor$5.run(SingleThreadEventExecutor.java:897)
	at org.apache.ratis.thirdparty.io.netty.util.concurrent.FastThreadLocalRunnable.run(FastThreadLocalRunnable.java:30)
	... 1 more
Caused by: java.net.ConnectException: Connection refused
	... 11 more
2019-09-25 05:31:48,079 [5c3318fc-c419-4298-b427-bf5a9ca27bf0@group-21C2C432FD88:LeaderElection132] INFO  impl.LeaderElection (LogUtils.java:infoOrTrace(149)) - 5c3318fc-c419-4298-b427-bf5a9ca27bf0@group-21C2C432FD88:LeaderElection132 got exception when requesting votes: {}
java.util.concurrent.ExecutionException: org.apache.ratis.thirdparty.io.grpc.StatusRuntimeException: UNAVAILABLE: io exception
	at java.util.concurrent.FutureTask.report(FutureTask.java:122)
	at java.util.concurrent.FutureTask.get(FutureTask.java:192)
	at org.apache.ratis.server.impl.LeaderElection.waitForResults(LeaderElection.java:263)
	at org.apache.ratis.server.impl.LeaderElection.askForVotes(LeaderElection.java:201)
	at org.apache.ratis.server.impl.LeaderElection.run(LeaderElection.java:133)
	at java.lang.Thread.run(Thread.java:748)
Caused by: org.apache.ratis.thirdparty.io.grpc.StatusRuntimeException: UNAVAILABLE: io exception
	at org.apache.ratis.thirdparty.io.grpc.stub.ClientCalls.toStatusRuntimeException(ClientCalls.java:233)
	at org.apache.ratis.thirdparty.io.grpc.stub.ClientCalls.getUnchecked(ClientCalls.java:214)
	at org.apache.ratis.thirdparty.io.grpc.stub.ClientCalls.blockingUnaryCall(ClientCalls.java:139)
	at org.apache.ratis.proto.grpc.RaftServerProtocolServiceGrpc$RaftServerProtocolServiceBlockingStub.requestVote(RaftServerProtocolServiceGrpc.java:265)
	at org.apache.ratis.grpc.server.GrpcServerProtocolClient.requestVote(GrpcServerProtocolClient.java:90)
	at org.apache.ratis.grpc.server.GrpcService.requestVote(GrpcService.java:204)
	at org.apache.ratis.server.impl.LeaderElection.lambda$submitRequests$1(LeaderElection.java:238)
	at java.util.concurrent.FutureTask.run(FutureTask.java:266)
	at java.util.concurrent.Executors$RunnableAdapter.call(Executors.java:511)
	at java.util.concurrent.FutureTask.run(FutureTask.java:266)
	at java.util.concurrent.ThreadPoolExecutor.runWorker(ThreadPoolExecutor.java:1149)
	at java.util.concurrent.ThreadPoolExecutor$Worker.run(ThreadPoolExecutor.java:624)
	... 1 more
Caused by: org.apache.ratis.thirdparty.io.netty.channel.AbstractChannel$AnnotatedConnectException: Connection refused: /192.168.36.126:36814
	at sun.nio.ch.SocketChannelImpl.checkConnect(Native Method)
	at sun.nio.ch.SocketChannelImpl.finishConnect(SocketChannelImpl.java:717)
	at org.apache.ratis.thirdparty.io.netty.channel.socket.nio.NioSocketChannel.doFinishConnect(NioSocketChannel.java:327)
	at org.apache.ratis.thirdparty.io.netty.channel.nio.AbstractNioChannel$AbstractNioUnsafe.finishConnect(AbstractNioChannel.java:340)
	at org.apache.ratis.thirdparty.io.netty.channel.nio.NioEventLoop.processSelectedKey(NioEventLoop.java:632)
	at org.apache.ratis.thirdparty.io.netty.channel.nio.NioEventLoop.processSelectedKeysOptimized(NioEventLoop.java:579)
	at org.apache.ratis.thirdparty.io.netty.channel.nio.NioEventLoop.processSelectedKeys(NioEventLoop.java:496)
	at org.apache.ratis.thirdparty.io.netty.channel.nio.NioEventLoop.run(NioEventLoop.java:458)
	at org.apache.ratis.thirdparty.io.netty.util.concurrent.SingleThreadEventExecutor$5.run(SingleThreadEventExecutor.java:897)
	at org.apache.ratis.thirdparty.io.netty.util.concurrent.FastThreadLocalRunnable.run(FastThreadLocalRunnable.java:30)
	... 1 more
Caused by: java.net.ConnectException: Connection refused
	... 11 more
2019-09-25 05:31:48,082 [616f9f8f-9479-40f4-8c03-f125dcbf9c7f@group-60724A24602F:LeaderElection127] INFO  impl.LeaderElection (LogUtils.java:infoOrTrace(149)) - 616f9f8f-9479-40f4-8c03-f125dcbf9c7f@group-60724A24602F:LeaderElection127 got exception when requesting votes: {}
java.util.concurrent.ExecutionException: org.apache.ratis.thirdparty.io.grpc.StatusRuntimeException: UNAVAILABLE: io exception
	at java.util.concurrent.FutureTask.report(FutureTask.java:122)
	at java.util.concurrent.FutureTask.get(FutureTask.java:192)
	at org.apache.ratis.server.impl.LeaderElection.waitForResults(LeaderElection.java:263)
	at org.apache.ratis.server.impl.LeaderElection.askForVotes(LeaderElection.java:201)
	at org.apache.ratis.server.impl.LeaderElection.run(LeaderElection.java:133)
	at java.lang.Thread.run(Thread.java:748)
Caused by: org.apache.ratis.thirdparty.io.grpc.StatusRuntimeException: UNAVAILABLE: io exception
	at org.apache.ratis.thirdparty.io.grpc.stub.ClientCalls.toStatusRuntimeException(ClientCalls.java:233)
	at org.apache.ratis.thirdparty.io.grpc.stub.ClientCalls.getUnchecked(ClientCalls.java:214)
	at org.apache.ratis.thirdparty.io.grpc.stub.ClientCalls.blockingUnaryCall(ClientCalls.java:139)
	at org.apache.ratis.proto.grpc.RaftServerProtocolServiceGrpc$RaftServerProtocolServiceBlockingStub.requestVote(RaftServerProtocolServiceGrpc.java:265)
	at org.apache.ratis.grpc.server.GrpcServerProtocolClient.requestVote(GrpcServerProtocolClient.java:90)
	at org.apache.ratis.grpc.server.GrpcService.requestVote(GrpcService.java:204)
	at org.apache.ratis.server.impl.LeaderElection.lambda$submitRequests$1(LeaderElection.java:238)
	at java.util.concurrent.FutureTask.run(FutureTask.java:266)
	at java.util.concurrent.Executors$RunnableAdapter.call(Executors.java:511)
	at java.util.concurrent.FutureTask.run(FutureTask.java:266)
	at java.util.concurrent.ThreadPoolExecutor.runWorker(ThreadPoolExecutor.java:1149)
	at java.util.concurrent.ThreadPoolExecutor$Worker.run(ThreadPoolExecutor.java:624)
	... 1 more
Caused by: org.apache.ratis.thirdparty.io.netty.channel.AbstractChannel$AnnotatedConnectException: Connection refused: /192.168.36.126:42280
	at sun.nio.ch.SocketChannelImpl.checkConnect(Native Method)
	at sun.nio.ch.SocketChannelImpl.finishConnect(SocketChannelImpl.java:717)
	at org.apache.ratis.thirdparty.io.netty.channel.socket.nio.NioSocketChannel.doFinishConnect(NioSocketChannel.java:327)
	at org.apache.ratis.thirdparty.io.netty.channel.nio.AbstractNioChannel$AbstractNioUnsafe.finishConnect(AbstractNioChannel.java:340)
	at org.apache.ratis.thirdparty.io.netty.channel.nio.NioEventLoop.processSelectedKey(NioEventLoop.java:632)
	at org.apache.ratis.thirdparty.io.netty.channel.nio.NioEventLoop.processSelectedKeysOptimized(NioEventLoop.java:579)
	at org.apache.ratis.thirdparty.io.netty.channel.nio.NioEventLoop.processSelectedKeys(NioEventLoop.java:496)
	at org.apache.ratis.thirdparty.io.netty.channel.nio.NioEventLoop.run(NioEventLoop.java:458)
	at org.apache.ratis.thirdparty.io.netty.util.concurrent.SingleThreadEventExecutor$5.run(SingleThreadEventExecutor.java:897)
	at org.apache.ratis.thirdparty.io.netty.util.concurrent.FastThreadLocalRunnable.run(FastThreadLocalRunnable.java:30)
	... 1 more
Caused by: java.net.ConnectException: Connection refused
	... 11 more
2019-09-25 05:31:48,079 [e997a993-6131-47bf-96c8-764e04cb5c0e@group-60724A24602F:LeaderElection137] INFO  impl.LeaderElection (LogUtils.java:infoOrTrace(149)) - e997a993-6131-47bf-96c8-764e04cb5c0e@group-60724A24602F:LeaderElection137 got exception when requesting votes: {}
java.util.concurrent.ExecutionException: org.apache.ratis.thirdparty.io.grpc.StatusRuntimeException: UNAVAILABLE: io exception
	at java.util.concurrent.FutureTask.report(FutureTask.java:122)
	at java.util.concurrent.FutureTask.get(FutureTask.java:192)
	at org.apache.ratis.server.impl.LeaderElection.waitForResults(LeaderElection.java:263)
	at org.apache.ratis.server.impl.LeaderElection.askForVotes(LeaderElection.java:201)
	at org.apache.ratis.server.impl.LeaderElection.run(LeaderElection.java:133)
	at java.lang.Thread.run(Thread.java:748)
Caused by: org.apache.ratis.thirdparty.io.grpc.StatusRuntimeException: UNAVAILABLE: io exception
	at org.apache.ratis.thirdparty.io.grpc.stub.ClientCalls.toStatusRuntimeException(ClientCalls.java:233)
	at org.apache.ratis.thirdparty.io.grpc.stub.ClientCalls.getUnchecked(ClientCalls.java:214)
	at org.apache.ratis.thirdparty.io.grpc.stub.ClientCalls.blockingUnaryCall(ClientCalls.java:139)
	at org.apache.ratis.proto.grpc.RaftServerProtocolServiceGrpc$RaftServerProtocolServiceBlockingStub.requestVote(RaftServerProtocolServiceGrpc.java:265)
	at org.apache.ratis.grpc.server.GrpcServerProtocolClient.requestVote(GrpcServerProtocolClient.java:90)
	at org.apache.ratis.grpc.server.GrpcService.requestVote(GrpcService.java:204)
	at org.apache.ratis.server.impl.LeaderElection.lambda$submitRequests$1(LeaderElection.java:238)
	at java.util.concurrent.FutureTask.run(FutureTask.java:266)
	at java.util.concurrent.Executors$RunnableAdapter.call(Executors.java:511)
	at java.util.concurrent.FutureTask.run(FutureTask.java:266)
	at java.util.concurrent.ThreadPoolExecutor.runWorker(ThreadPoolExecutor.java:1149)
	at java.util.concurrent.ThreadPoolExecutor$Worker.run(ThreadPoolExecutor.java:624)
	... 1 more
Caused by: org.apache.ratis.thirdparty.io.netty.channel.AbstractChannel$AnnotatedConnectException: Connection refused: /192.168.36.126:42280
	at sun.nio.ch.SocketChannelImpl.checkConnect(Native Method)
	at sun.nio.ch.SocketChannelImpl.finishConnect(SocketChannelImpl.java:717)
	at org.apache.ratis.thirdparty.io.netty.channel.socket.nio.NioSocketChannel.doFinishConnect(NioSocketChannel.java:327)
	at org.apache.ratis.thirdparty.io.netty.channel.nio.AbstractNioChannel$AbstractNioUnsafe.finishConnect(AbstractNioChannel.java:340)
	at org.apache.ratis.thirdparty.io.netty.channel.nio.NioEventLoop.processSelectedKey(NioEventLoop.java:632)
	at org.apache.ratis.thirdparty.io.netty.channel.nio.NioEventLoop.processSelectedKeysOptimized(NioEventLoop.java:579)
	at org.apache.ratis.thirdparty.io.netty.channel.nio.NioEventLoop.processSelectedKeys(NioEventLoop.java:496)
	at org.apache.ratis.thirdparty.io.netty.channel.nio.NioEventLoop.run(NioEventLoop.java:458)
	at org.apache.ratis.thirdparty.io.netty.util.concurrent.SingleThreadEventExecutor$5.run(SingleThreadEventExecutor.java:897)
	at org.apache.ratis.thirdparty.io.netty.util.concurrent.FastThreadLocalRunnable.run(FastThreadLocalRunnable.java:30)
	... 1 more
Caused by: java.net.ConnectException: Connection refused
	... 11 more
2019-09-25 05:31:48,082 [0d4a37ed-4cec-423a-a360-e4a879eb6bc0@group-059250D1A272:LeaderElection136] INFO  impl.LeaderElection (LogUtils.java:infoOrTrace(149)) - 0d4a37ed-4cec-423a-a360-e4a879eb6bc0@group-059250D1A272:LeaderElection136 got exception when requesting votes: {}
java.util.concurrent.ExecutionException: org.apache.ratis.thirdparty.io.grpc.StatusRuntimeException: UNAVAILABLE: io exception
	at java.util.concurrent.FutureTask.report(FutureTask.java:122)
	at java.util.concurrent.FutureTask.get(FutureTask.java:192)
	at org.apache.ratis.server.impl.LeaderElection.waitForResults(LeaderElection.java:263)
	at org.apache.ratis.server.impl.LeaderElection.askForVotes(LeaderElection.java:201)
	at org.apache.ratis.server.impl.LeaderElection.run(LeaderElection.java:133)
	at java.lang.Thread.run(Thread.java:748)
Caused by: org.apache.ratis.thirdparty.io.grpc.StatusRuntimeException: UNAVAILABLE: io exception
	at org.apache.ratis.thirdparty.io.grpc.stub.ClientCalls.toStatusRuntimeException(ClientCalls.java:233)
	at org.apache.ratis.thirdparty.io.grpc.stub.ClientCalls.getUnchecked(ClientCalls.java:214)
	at org.apache.ratis.thirdparty.io.grpc.stub.ClientCalls.blockingUnaryCall(ClientCalls.java:139)
	at org.apache.ratis.proto.grpc.RaftServerProtocolServiceGrpc$RaftServerProtocolServiceBlockingStub.requestVote(RaftServerProtocolServiceGrpc.java:265)
	at org.apache.ratis.grpc.server.GrpcServerProtocolClient.requestVote(GrpcServerProtocolClient.java:90)
	at org.apache.ratis.grpc.server.GrpcService.requestVote(GrpcService.java:204)
	at org.apache.ratis.server.impl.LeaderElection.lambda$submitRequests$1(LeaderElection.java:238)
	at java.util.concurrent.FutureTask.run(FutureTask.java:266)
	at java.util.concurrent.Executors$RunnableAdapter.call(Executors.java:511)
	at java.util.concurrent.FutureTask.run(FutureTask.java:266)
	at java.util.concurrent.ThreadPoolExecutor.runWorker(ThreadPoolExecutor.java:1149)
	at java.util.concurrent.ThreadPoolExecutor$Worker.run(ThreadPoolExecutor.java:624)
	... 1 more
Caused by: org.apache.ratis.thirdparty.io.netty.channel.AbstractChannel$AnnotatedConnectException: Connection refused: /192.168.36.126:36814
	at sun.nio.ch.SocketChannelImpl.checkConnect(Native Method)
	at sun.nio.ch.SocketChannelImpl.finishConnect(SocketChannelImpl.java:717)
	at org.apache.ratis.thirdparty.io.netty.channel.socket.nio.NioSocketChannel.doFinishConnect(NioSocketChannel.java:327)
	at org.apache.ratis.thirdparty.io.netty.channel.nio.AbstractNioChannel$AbstractNioUnsafe.finishConnect(AbstractNioChannel.java:340)
	at org.apache.ratis.thirdparty.io.netty.channel.nio.NioEventLoop.processSelectedKey(NioEventLoop.java:632)
	at org.apache.ratis.thirdparty.io.netty.channel.nio.NioEventLoop.processSelectedKeysOptimized(NioEventLoop.java:579)
	at org.apache.ratis.thirdparty.io.netty.channel.nio.NioEventLoop.processSelectedKeys(NioEventLoop.java:496)
	at org.apache.ratis.thirdparty.io.netty.channel.nio.NioEventLoop.run(NioEventLoop.java:458)
	at org.apache.ratis.thirdparty.io.netty.util.concurrent.SingleThreadEventExecutor$5.run(SingleThreadEventExecutor.java:897)
	at org.apache.ratis.thirdparty.io.netty.util.concurrent.FastThreadLocalRunnable.run(FastThreadLocalRunnable.java:30)
	... 1 more
Caused by: java.net.ConnectException: Connection refused
	... 11 more
2019-09-25 05:31:48,082 [0d4a37ed-4cec-423a-a360-e4a879eb6bc0@group-21C2C432FD88:LeaderElection128] INFO  impl.LeaderElection (LogUtils.java:infoOrTrace(149)) - 0d4a37ed-4cec-423a-a360-e4a879eb6bc0@group-21C2C432FD88:LeaderElection128 got exception when requesting votes: {}
java.util.concurrent.ExecutionException: org.apache.ratis.thirdparty.io.grpc.StatusRuntimeException: UNAVAILABLE: io exception
	at java.util.concurrent.FutureTask.report(FutureTask.java:122)
	at java.util.concurrent.FutureTask.get(FutureTask.java:192)
	at org.apache.ratis.server.impl.LeaderElection.waitForResults(LeaderElection.java:263)
	at org.apache.ratis.server.impl.LeaderElection.askForVotes(LeaderElection.java:201)
	at org.apache.ratis.server.impl.LeaderElection.run(LeaderElection.java:133)
	at java.lang.Thread.run(Thread.java:748)
Caused by: org.apache.ratis.thirdparty.io.grpc.StatusRuntimeException: UNAVAILABLE: io exception
	at org.apache.ratis.thirdparty.io.grpc.stub.ClientCalls.toStatusRuntimeException(ClientCalls.java:233)
	at org.apache.ratis.thirdparty.io.grpc.stub.ClientCalls.getUnchecked(ClientCalls.java:214)
	at org.apache.ratis.thirdparty.io.grpc.stub.ClientCalls.blockingUnaryCall(ClientCalls.java:139)
	at org.apache.ratis.proto.grpc.RaftServerProtocolServiceGrpc$RaftServerProtocolServiceBlockingStub.requestVote(RaftServerProtocolServiceGrpc.java:265)
	at org.apache.ratis.grpc.server.GrpcServerProtocolClient.requestVote(GrpcServerProtocolClient.java:90)
	at org.apache.ratis.grpc.server.GrpcService.requestVote(GrpcService.java:204)
	at org.apache.ratis.server.impl.LeaderElection.lambda$submitRequests$1(LeaderElection.java:238)
	at java.util.concurrent.FutureTask.run(FutureTask.java:266)
	at java.util.concurrent.Executors$RunnableAdapter.call(Executors.java:511)
	at java.util.concurrent.FutureTask.run(FutureTask.java:266)
	at java.util.concurrent.ThreadPoolExecutor.runWorker(ThreadPoolExecutor.java:1149)
	at java.util.concurrent.ThreadPoolExecutor$Worker.run(ThreadPoolExecutor.java:624)
	... 1 more
Caused by: org.apache.ratis.thirdparty.io.netty.channel.AbstractChannel$AnnotatedConnectException: Connection refused: /192.168.36.126:36814
	at sun.nio.ch.SocketChannelImpl.checkConnect(Native Method)
	at sun.nio.ch.SocketChannelImpl.finishConnect(SocketChannelImpl.java:717)
	at org.apache.ratis.thirdparty.io.netty.channel.socket.nio.NioSocketChannel.doFinishConnect(NioSocketChannel.java:327)
	at org.apache.ratis.thirdparty.io.netty.channel.nio.AbstractNioChannel$AbstractNioUnsafe.finishConnect(AbstractNioChannel.java:340)
	at org.apache.ratis.thirdparty.io.netty.channel.nio.NioEventLoop.processSelectedKey(NioEventLoop.java:632)
	at org.apache.ratis.thirdparty.io.netty.channel.nio.NioEventLoop.processSelectedKeysOptimized(NioEventLoop.java:579)
	at org.apache.ratis.thirdparty.io.netty.channel.nio.NioEventLoop.processSelectedKeys(NioEventLoop.java:496)
	at org.apache.ratis.thirdparty.io.netty.channel.nio.NioEventLoop.run(NioEventLoop.java:458)
	at org.apache.ratis.thirdparty.io.netty.util.concurrent.SingleThreadEventExecutor$5.run(SingleThreadEventExecutor.java:897)
	at org.apache.ratis.thirdparty.io.netty.util.concurrent.FastThreadLocalRunnable.run(FastThreadLocalRunnable.java:30)
	... 1 more
Caused by: java.net.ConnectException: Connection refused
	... 11 more
2019-09-25 05:31:48,097 [ce8ac917-2646-4112-adf7-d577593fabcb@group-AEFF648B0F59:LeaderElection125] INFO  impl.LeaderElection (LeaderElection.java:logAndReturn(56)) - ce8ac917-2646-4112-adf7-d577593fabcb@group-AEFF648B0F59:LeaderElection125: Election REJECTED; received 2 response(s) [ce8ac917-2646-4112-adf7-d577593fabcb<-a58d7528-614e-4c39-a3a3-38beaa9905aa#0:FAIL-t7, ce8ac917-2646-4112-adf7-d577593fabcb<-f9c12371-c091-4b4a-8db2-6f0db97bbab3#0:FAIL-t7] and 0 exception(s); ce8ac917-2646-4112-adf7-d577593fabcb@group-AEFF648B0F59:t7, leader=null, voted=ce8ac917-2646-4112-adf7-d577593fabcb, raftlog=ce8ac917-2646-4112-adf7-d577593fabcb@group-AEFF648B0F59-SegmentedRaftLog:OPENED:c-1,f-1,i0, conf=-1: [a58d7528-614e-4c39-a3a3-38beaa9905aa:192.168.36.126:37942, f9c12371-c091-4b4a-8db2-6f0db97bbab3:192.168.36.126:46560, ce8ac917-2646-4112-adf7-d577593fabcb:192.168.36.126:37960], old=null
2019-09-25 05:31:48,097 [ce8ac917-2646-4112-adf7-d577593fabcb@group-43825EC81F5D:LeaderElection123] INFO  impl.LeaderElection (LeaderElection.java:logAndReturn(56)) - ce8ac917-2646-4112-adf7-d577593fabcb@group-43825EC81F5D:LeaderElection123: Election REJECTED; received 2 response(s) [ce8ac917-2646-4112-adf7-d577593fabcb<-a58d7528-614e-4c39-a3a3-38beaa9905aa#0:FAIL-t3, ce8ac917-2646-4112-adf7-d577593fabcb<-f9c12371-c091-4b4a-8db2-6f0db97bbab3#0:FAIL-t3] and 0 exception(s); ce8ac917-2646-4112-adf7-d577593fabcb@group-43825EC81F5D:t3, leader=null, voted=ce8ac917-2646-4112-adf7-d577593fabcb, raftlog=ce8ac917-2646-4112-adf7-d577593fabcb@group-43825EC81F5D-SegmentedRaftLog:OPENED:c-1,f-1,i0, conf=-1: [a58d7528-614e-4c39-a3a3-38beaa9905aa:192.168.36.126:37942, f9c12371-c091-4b4a-8db2-6f0db97bbab3:192.168.36.126:46560, ce8ac917-2646-4112-adf7-d577593fabcb:192.168.36.126:37960], old=null
2019-09-25 05:31:48,097 [ce8ac917-2646-4112-adf7-d577593fabcb@group-AEFF648B0F59:LeaderElection125] INFO  impl.RaftServerImpl (RaftServerImpl.java:setRole(174)) - ce8ac917-2646-4112-adf7-d577593fabcb@group-AEFF648B0F59: changes role from CANDIDATE to FOLLOWER at term 7 for DISCOVERED_A_NEW_TERM
2019-09-25 05:31:48,098 [ce8ac917-2646-4112-adf7-d577593fabcb@group-43825EC81F5D:LeaderElection123] INFO  impl.RaftServerImpl (RaftServerImpl.java:setRole(174)) - ce8ac917-2646-4112-adf7-d577593fabcb@group-43825EC81F5D: changes role from CANDIDATE to FOLLOWER at term 3 for DISCOVERED_A_NEW_TERM
2019-09-25 05:31:48,097 [e997a993-6131-47bf-96c8-764e04cb5c0e@group-60724A24602F:LeaderElection137] INFO  impl.LeaderElection (LeaderElection.java:logAndReturn(56)) - e997a993-6131-47bf-96c8-764e04cb5c0e@group-60724A24602F:LeaderElection137: Election REJECTED; received 1 response(s) [e997a993-6131-47bf-96c8-764e04cb5c0e<-616f9f8f-9479-40f4-8c03-f125dcbf9c7f#0:FAIL-t9] and 1 exception(s); e997a993-6131-47bf-96c8-764e04cb5c0e@group-60724A24602F:t9, leader=null, voted=e997a993-6131-47bf-96c8-764e04cb5c0e, raftlog=e997a993-6131-47bf-96c8-764e04cb5c0e@group-60724A24602F-SegmentedRaftLog:OPENED:c-1,f-1,i0, conf=-1: [616f9f8f-9479-40f4-8c03-f125dcbf9c7f:192.168.36.126:39694, e997a993-6131-47bf-96c8-764e04cb5c0e:192.168.36.126:37678, fd2f3f79-5d7b-4d37-bb24-b15dfe7f18d7:192.168.36.126:42280], old=null
2019-09-25 05:31:48,098 [ce8ac917-2646-4112-adf7-d577593fabcb@group-43825EC81F5D:LeaderElection123] INFO  impl.RoleInfo (RoleInfo.java:shutdownLeaderElection(134)) - ce8ac917-2646-4112-adf7-d577593fabcb: shutdown LeaderElection
2019-09-25 05:31:48,098 [ce8ac917-2646-4112-adf7-d577593fabcb@group-AEFF648B0F59:LeaderElection125] INFO  impl.RoleInfo (RoleInfo.java:shutdownLeaderElection(134)) - ce8ac917-2646-4112-adf7-d577593fabcb: shutdown LeaderElection
2019-09-25 05:31:48,098 [ce8ac917-2646-4112-adf7-d577593fabcb@group-43825EC81F5D:LeaderElection123] INFO  impl.RoleInfo (RoleInfo.java:updateAndGet(143)) - ce8ac917-2646-4112-adf7-d577593fabcb: start FollowerState
2019-09-25 05:31:48,098 [e997a993-6131-47bf-96c8-764e04cb5c0e@group-60724A24602F:LeaderElection137] INFO  impl.LeaderElection (LogUtils.java:infoOrTrace(149)) -   Exception 0: {}
java.util.concurrent.ExecutionException: org.apache.ratis.thirdparty.io.grpc.StatusRuntimeException: UNAVAILABLE: io exception
	at java.util.concurrent.FutureTask.report(FutureTask.java:122)
	at java.util.concurrent.FutureTask.get(FutureTask.java:192)
	at org.apache.ratis.server.impl.LeaderElection.waitForResults(LeaderElection.java:263)
	at org.apache.ratis.server.impl.LeaderElection.askForVotes(LeaderElection.java:201)
	at org.apache.ratis.server.impl.LeaderElection.run(LeaderElection.java:133)
	at java.lang.Thread.run(Thread.java:748)
Caused by: org.apache.ratis.thirdparty.io.grpc.StatusRuntimeException: UNAVAILABLE: io exception
	at org.apache.ratis.thirdparty.io.grpc.stub.ClientCalls.toStatusRuntimeException(ClientCalls.java:233)
	at org.apache.ratis.thirdparty.io.grpc.stub.ClientCalls.getUnchecked(ClientCalls.java:214)
	at org.apache.ratis.thirdparty.io.grpc.stub.ClientCalls.blockingUnaryCall(ClientCalls.java:139)
	at org.apache.ratis.proto.grpc.RaftServerProtocolServiceGrpc$RaftServerProtocolServiceBlockingStub.requestVote(RaftServerProtocolServiceGrpc.java:265)
	at org.apache.ratis.grpc.server.GrpcServerProtocolClient.requestVote(GrpcServerProtocolClient.java:90)
	at org.apache.ratis.grpc.server.GrpcService.requestVote(GrpcService.java:204)
	at org.apache.ratis.server.impl.LeaderElection.lambda$submitRequests$1(LeaderElection.java:238)
	at java.util.concurrent.FutureTask.run(FutureTask.java:266)
	at java.util.concurrent.Executors$RunnableAdapter.call(Executors.java:511)
	at java.util.concurrent.FutureTask.run(FutureTask.java:266)
	at java.util.concurrent.ThreadPoolExecutor.runWorker(ThreadPoolExecutor.java:1149)
	at java.util.concurrent.ThreadPoolExecutor$Worker.run(ThreadPoolExecutor.java:624)
	... 1 more
Caused by: org.apache.ratis.thirdparty.io.netty.channel.AbstractChannel$AnnotatedConnectException: Connection refused: /192.168.36.126:42280
	at sun.nio.ch.SocketChannelImpl.checkConnect(Native Method)
	at sun.nio.ch.SocketChannelImpl.finishConnect(SocketChannelImpl.java:717)
	at org.apache.ratis.thirdparty.io.netty.channel.socket.nio.NioSocketChannel.doFinishConnect(NioSocketChannel.java:327)
	at org.apache.ratis.thirdparty.io.netty.channel.nio.AbstractNioChannel$AbstractNioUnsafe.finishConnect(AbstractNioChannel.java:340)
	at org.apache.ratis.thirdparty.io.netty.channel.nio.NioEventLoop.processSelectedKey(NioEventLoop.java:632)
	at org.apache.ratis.thirdparty.io.netty.channel.nio.NioEventLoop.processSelectedKeysOptimized(NioEventLoop.java:579)
	at org.apache.ratis.thirdparty.io.netty.channel.nio.NioEventLoop.processSelectedKeys(NioEventLoop.java:496)
	at org.apache.ratis.thirdparty.io.netty.channel.nio.NioEventLoop.run(NioEventLoop.java:458)
	at org.apache.ratis.thirdparty.io.netty.util.concurrent.SingleThreadEventExecutor$5.run(SingleThreadEventExecutor.java:897)
	at org.apache.ratis.thirdparty.io.netty.util.concurrent.FastThreadLocalRunnable.run(FastThreadLocalRunnable.java:30)
	... 1 more
Caused by: java.net.ConnectException: Connection refused
	... 11 more
2019-09-25 05:31:48,099 [ce8ac917-2646-4112-adf7-d577593fabcb@group-0EC8D23D101B:LeaderElection131] INFO  impl.LeaderElection (LeaderElection.java:logAndReturn(56)) - ce8ac917-2646-4112-adf7-d577593fabcb@group-0EC8D23D101B:LeaderElection131: Election REJECTED; received 2 response(s) [ce8ac917-2646-4112-adf7-d577593fabcb<-a58d7528-614e-4c39-a3a3-38beaa9905aa#0:FAIL-t7, ce8ac917-2646-4112-adf7-d577593fabcb<-f9c12371-c091-4b4a-8db2-6f0db97bbab3#0:FAIL-t7] and 0 exception(s); ce8ac917-2646-4112-adf7-d577593fabcb@group-0EC8D23D101B:t7, leader=null, voted=ce8ac917-2646-4112-adf7-d577593fabcb, raftlog=ce8ac917-2646-4112-adf7-d577593fabcb@group-0EC8D23D101B-SegmentedRaftLog:OPENED:c-1,f-1,i0, conf=-1: [a58d7528-614e-4c39-a3a3-38beaa9905aa:192.168.36.126:37942, f9c12371-c091-4b4a-8db2-6f0db97bbab3:192.168.36.126:46560, ce8ac917-2646-4112-adf7-d577593fabcb:192.168.36.126:37960], old=null
2019-09-25 05:31:48,099 [f9c12371-c091-4b4a-8db2-6f0db97bbab3@group-43825EC81F5D:LeaderElection134] INFO  impl.LeaderElection (LeaderElection.java:logAndReturn(56)) - f9c12371-c091-4b4a-8db2-6f0db97bbab3@group-43825EC81F5D:LeaderElection134: Election REJECTED; received 2 response(s) [f9c12371-c091-4b4a-8db2-6f0db97bbab3<-a58d7528-614e-4c39-a3a3-38beaa9905aa#0:FAIL-t3, f9c12371-c091-4b4a-8db2-6f0db97bbab3<-ce8ac917-2646-4112-adf7-d577593fabcb#0:FAIL-t3] and 0 exception(s); f9c12371-c091-4b4a-8db2-6f0db97bbab3@group-43825EC81F5D:t3, leader=null, voted=f9c12371-c091-4b4a-8db2-6f0db97bbab3, raftlog=f9c12371-c091-4b4a-8db2-6f0db97bbab3@group-43825EC81F5D-SegmentedRaftLog:OPENED:c-1,f-1,i0, conf=-1: [a58d7528-614e-4c39-a3a3-38beaa9905aa:192.168.36.126:37942, f9c12371-c091-4b4a-8db2-6f0db97bbab3:192.168.36.126:46560, ce8ac917-2646-4112-adf7-d577593fabcb:192.168.36.126:37960], old=null
2019-09-25 05:31:48,098 [ce8ac917-2646-4112-adf7-d577593fabcb@group-AEFF648B0F59:LeaderElection125] INFO  impl.RoleInfo (RoleInfo.java:updateAndGet(143)) - ce8ac917-2646-4112-adf7-d577593fabcb: start FollowerState
2019-09-25 05:31:48,100 [f9c12371-c091-4b4a-8db2-6f0db97bbab3@group-43825EC81F5D:LeaderElection134] INFO  impl.RaftServerImpl (RaftServerImpl.java:setRole(174)) - f9c12371-c091-4b4a-8db2-6f0db97bbab3@group-43825EC81F5D: changes role from CANDIDATE to FOLLOWER at term 3 for DISCOVERED_A_NEW_TERM
2019-09-25 05:31:48,099 [ce8ac917-2646-4112-adf7-d577593fabcb@group-0EC8D23D101B:LeaderElection131] INFO  impl.RaftServerImpl (RaftServerImpl.java:setRole(174)) - ce8ac917-2646-4112-adf7-d577593fabcb@group-0EC8D23D101B: changes role from CANDIDATE to FOLLOWER at term 7 for DISCOVERED_A_NEW_TERM
2019-09-25 05:31:48,099 [0d4a37ed-4cec-423a-a360-e4a879eb6bc0@group-21C2C432FD88:LeaderElection128] INFO  impl.LeaderElection (LeaderElection.java:logAndReturn(56)) - 0d4a37ed-4cec-423a-a360-e4a879eb6bc0@group-21C2C432FD88:LeaderElection128: Election REJECTED; received 1 response(s) [0d4a37ed-4cec-423a-a360-e4a879eb6bc0<-5c3318fc-c419-4298-b427-bf5a9ca27bf0#0:FAIL-t10] and 1 exception(s); 0d4a37ed-4cec-423a-a360-e4a879eb6bc0@group-21C2C432FD88:t10, leader=null, voted=0d4a37ed-4cec-423a-a360-e4a879eb6bc0, raftlog=0d4a37ed-4cec-423a-a360-e4a879eb6bc0@group-21C2C432FD88-SegmentedRaftLog:OPENED:c-1,f-1,i0, conf=-1: [5c3318fc-c419-4298-b427-bf5a9ca27bf0:192.168.36.126:46795, 61946a22-29ed-4e77-8449-fae4cd9869e9:192.168.36.126:36814, 0d4a37ed-4cec-423a-a360-e4a879eb6bc0:192.168.36.126:37817], old=null
2019-09-25 05:31:48,099 [e997a993-6131-47bf-96c8-764e04cb5c0e@group-60724A24602F:LeaderElection137] INFO  impl.RaftServerImpl (RaftServerImpl.java:setRole(174)) - e997a993-6131-47bf-96c8-764e04cb5c0e@group-60724A24602F: changes role from CANDIDATE to FOLLOWER at term 9 for DISCOVERED_A_NEW_TERM
2019-09-25 05:31:48,100 [0d4a37ed-4cec-423a-a360-e4a879eb6bc0@group-21C2C432FD88:LeaderElection128] INFO  impl.LeaderElection (LogUtils.java:infoOrTrace(149)) -   Exception 0: {}
java.util.concurrent.ExecutionException: org.apache.ratis.thirdparty.io.grpc.StatusRuntimeException: UNAVAILABLE: io exception
	at java.util.concurrent.FutureTask.report(FutureTask.java:122)
	at java.util.concurrent.FutureTask.get(FutureTask.java:192)
	at org.apache.ratis.server.impl.LeaderElection.waitForResults(LeaderElection.java:263)
	at org.apache.ratis.server.impl.LeaderElection.askForVotes(LeaderElection.java:201)
	at org.apache.ratis.server.impl.LeaderElection.run(LeaderElection.java:133)
	at java.lang.Thread.run(Thread.java:748)
Caused by: org.apache.ratis.thirdparty.io.grpc.StatusRuntimeException: UNAVAILABLE: io exception
	at org.apache.ratis.thirdparty.io.grpc.stub.ClientCalls.toStatusRuntimeException(ClientCalls.java:233)
	at org.apache.ratis.thirdparty.io.grpc.stub.ClientCalls.getUnchecked(ClientCalls.java:214)
	at org.apache.ratis.thirdparty.io.grpc.stub.ClientCalls.blockingUnaryCall(ClientCalls.java:139)
	at org.apache.ratis.proto.grpc.RaftServerProtocolServiceGrpc$RaftServerProtocolServiceBlockingStub.requestVote(RaftServerProtocolServiceGrpc.java:265)
	at org.apache.ratis.grpc.server.GrpcServerProtocolClient.requestVote(GrpcServerProtocolClient.java:90)
	at org.apache.ratis.grpc.server.GrpcService.requestVote(GrpcService.java:204)
	at org.apache.ratis.server.impl.LeaderElection.lambda$submitRequests$1(LeaderElection.java:238)
	at java.util.concurrent.FutureTask.run(FutureTask.java:266)
	at java.util.concurrent.Executors$RunnableAdapter.call(Executors.java:511)
	at java.util.concurrent.FutureTask.run(FutureTask.java:266)
	at java.util.concurrent.ThreadPoolExecutor.runWorker(ThreadPoolExecutor.java:1149)
	at java.util.concurrent.ThreadPoolExecutor$Worker.run(ThreadPoolExecutor.java:624)
	... 1 more
Caused by: org.apache.ratis.thirdparty.io.netty.channel.AbstractChannel$AnnotatedConnectException: Connection refused: /192.168.36.126:36814
	at sun.nio.ch.SocketChannelImpl.checkConnect(Native Method)
	at sun.nio.ch.SocketChannelImpl.finishConnect(SocketChannelImpl.java:717)
	at org.apache.ratis.thirdparty.io.netty.channel.socket.nio.NioSocketChannel.doFinishConnect(NioSocketChannel.java:327)
	at org.apache.ratis.thirdparty.io.netty.channel.nio.AbstractNioChannel$AbstractNioUnsafe.finishConnect(AbstractNioChannel.java:340)
	at org.apache.ratis.thirdparty.io.netty.channel.nio.NioEventLoop.processSelectedKey(NioEventLoop.java:632)
	at org.apache.ratis.thirdparty.io.netty.channel.nio.NioEventLoop.processSelectedKeysOptimized(NioEventLoop.java:579)
	at org.apache.ratis.thirdparty.io.netty.channel.nio.NioEventLoop.processSelectedKeys(NioEventLoop.java:496)
	at org.apache.ratis.thirdparty.io.netty.channel.nio.NioEventLoop.run(NioEventLoop.java:458)
	at org.apache.ratis.thirdparty.io.netty.util.concurrent.SingleThreadEventExecutor$5.run(SingleThreadEventExecutor.java:897)
	at org.apache.ratis.thirdparty.io.netty.util.concurrent.FastThreadLocalRunnable.run(FastThreadLocalRunnable.java:30)
	... 1 more
Caused by: java.net.ConnectException: Connection refused
	... 11 more
2019-09-25 05:31:48,100 [ce8ac917-2646-4112-adf7-d577593fabcb@group-0EC8D23D101B:LeaderElection131] INFO  impl.RoleInfo (RoleInfo.java:shutdownLeaderElection(134)) - ce8ac917-2646-4112-adf7-d577593fabcb: shutdown LeaderElection
2019-09-25 05:31:48,100 [616f9f8f-9479-40f4-8c03-f125dcbf9c7f@group-60724A24602F:LeaderElection127] INFO  impl.LeaderElection (LeaderElection.java:logAndReturn(56)) - 616f9f8f-9479-40f4-8c03-f125dcbf9c7f@group-60724A24602F:LeaderElection127: Election REJECTED; received 1 response(s) [616f9f8f-9479-40f4-8c03-f125dcbf9c7f<-e997a993-6131-47bf-96c8-764e04cb5c0e#0:FAIL-t9] and 1 exception(s); 616f9f8f-9479-40f4-8c03-f125dcbf9c7f@group-60724A24602F:t9, leader=null, voted=616f9f8f-9479-40f4-8c03-f125dcbf9c7f, raftlog=616f9f8f-9479-40f4-8c03-f125dcbf9c7f@group-60724A24602F-SegmentedRaftLog:OPENED:c-1,f-1,i0, conf=-1: [616f9f8f-9479-40f4-8c03-f125dcbf9c7f:192.168.36.126:39694, e997a993-6131-47bf-96c8-764e04cb5c0e:192.168.36.126:37678, fd2f3f79-5d7b-4d37-bb24-b15dfe7f18d7:192.168.36.126:42280], old=null
2019-09-25 05:31:48,100 [f9c12371-c091-4b4a-8db2-6f0db97bbab3@group-43825EC81F5D:LeaderElection134] INFO  impl.RoleInfo (RoleInfo.java:shutdownLeaderElection(134)) - f9c12371-c091-4b4a-8db2-6f0db97bbab3: shutdown LeaderElection
2019-09-25 05:31:48,101 [616f9f8f-9479-40f4-8c03-f125dcbf9c7f@group-60724A24602F:LeaderElection127] INFO  impl.LeaderElection (LogUtils.java:infoOrTrace(149)) -   Exception 0: {}
java.util.concurrent.ExecutionException: org.apache.ratis.thirdparty.io.grpc.StatusRuntimeException: UNAVAILABLE: io exception
	at java.util.concurrent.FutureTask.report(FutureTask.java:122)
	at java.util.concurrent.FutureTask.get(FutureTask.java:192)
	at org.apache.ratis.server.impl.LeaderElection.waitForResults(LeaderElection.java:263)
	at org.apache.ratis.server.impl.LeaderElection.askForVotes(LeaderElection.java:201)
	at org.apache.ratis.server.impl.LeaderElection.run(LeaderElection.java:133)
	at java.lang.Thread.run(Thread.java:748)
Caused by: org.apache.ratis.thirdparty.io.grpc.StatusRuntimeException: UNAVAILABLE: io exception
	at org.apache.ratis.thirdparty.io.grpc.stub.ClientCalls.toStatusRuntimeException(ClientCalls.java:233)
	at org.apache.ratis.thirdparty.io.grpc.stub.ClientCalls.getUnchecked(ClientCalls.java:214)
	at org.apache.ratis.thirdparty.io.grpc.stub.ClientCalls.blockingUnaryCall(ClientCalls.java:139)
	at org.apache.ratis.proto.grpc.RaftServerProtocolServiceGrpc$RaftServerProtocolServiceBlockingStub.requestVote(RaftServerProtocolServiceGrpc.java:265)
	at org.apache.ratis.grpc.server.GrpcServerProtocolClient.requestVote(GrpcServerProtocolClient.java:90)
	at org.apache.ratis.grpc.server.GrpcService.requestVote(GrpcService.java:204)
	at org.apache.ratis.server.impl.LeaderElection.lambda$submitRequests$1(LeaderElection.java:238)
	at java.util.concurrent.FutureTask.run(FutureTask.java:266)
	at java.util.concurrent.Executors$RunnableAdapter.call(Executors.java:511)
	at java.util.concurrent.FutureTask.run(FutureTask.java:266)
	at java.util.concurrent.ThreadPoolExecutor.runWorker(ThreadPoolExecutor.java:1149)
	at java.util.concurrent.ThreadPoolExecutor$Worker.run(ThreadPoolExecutor.java:624)
	... 1 more
Caused by: org.apache.ratis.thirdparty.io.netty.channel.AbstractChannel$AnnotatedConnectException: Connection refused: /192.168.36.126:42280
	at sun.nio.ch.SocketChannelImpl.checkConnect(Native Method)
	at sun.nio.ch.SocketChannelImpl.finishConnect(SocketChannelImpl.java:717)
	at org.apache.ratis.thirdparty.io.netty.channel.socket.nio.NioSocketChannel.doFinishConnect(NioSocketChannel.java:327)
	at org.apache.ratis.thirdparty.io.netty.channel.nio.AbstractNioChannel$AbstractNioUnsafe.finishConnect(AbstractNioChannel.java:340)
	at org.apache.ratis.thirdparty.io.netty.channel.nio.NioEventLoop.processSelectedKey(NioEventLoop.java:632)
	at org.apache.ratis.thirdparty.io.netty.channel.nio.NioEventLoop.processSelectedKeysOptimized(NioEventLoop.java:579)
	at org.apache.ratis.thirdparty.io.netty.channel.nio.NioEventLoop.processSelectedKeys(NioEventLoop.java:496)
	at org.apache.ratis.thirdparty.io.netty.channel.nio.NioEventLoop.run(NioEventLoop.java:458)
	at org.apache.ratis.thirdparty.io.netty.util.concurrent.SingleThreadEventExecutor$5.run(SingleThreadEventExecutor.java:897)
	at org.apache.ratis.thirdparty.io.netty.util.concurrent.FastThreadLocalRunnable.run(FastThreadLocalRunnable.java:30)
	... 1 more
Caused by: java.net.ConnectException: Connection refused
	... 11 more
2019-09-25 05:31:48,101 [a58d7528-614e-4c39-a3a3-38beaa9905aa@group-AEFF648B0F59:LeaderElection130] INFO  impl.LeaderElection (LeaderElection.java:logAndReturn(56)) - a58d7528-614e-4c39-a3a3-38beaa9905aa@group-AEFF648B0F59:LeaderElection130: Election REJECTED; received 2 response(s) [a58d7528-614e-4c39-a3a3-38beaa9905aa<-f9c12371-c091-4b4a-8db2-6f0db97bbab3#0:FAIL-t7, a58d7528-614e-4c39-a3a3-38beaa9905aa<-ce8ac917-2646-4112-adf7-d577593fabcb#0:FAIL-t7] and 0 exception(s); a58d7528-614e-4c39-a3a3-38beaa9905aa@group-AEFF648B0F59:t7, leader=null, voted=a58d7528-614e-4c39-a3a3-38beaa9905aa, raftlog=a58d7528-614e-4c39-a3a3-38beaa9905aa@group-AEFF648B0F59-SegmentedRaftLog:OPENED:c-1,f-1,i0, conf=-1: [a58d7528-614e-4c39-a3a3-38beaa9905aa:192.168.36.126:37942, f9c12371-c091-4b4a-8db2-6f0db97bbab3:192.168.36.126:46560, ce8ac917-2646-4112-adf7-d577593fabcb:192.168.36.126:37960], old=null
2019-09-25 05:31:48,101 [a58d7528-614e-4c39-a3a3-38beaa9905aa@group-43825EC81F5D:LeaderElection124] INFO  impl.LeaderElection (LeaderElection.java:logAndReturn(56)) - a58d7528-614e-4c39-a3a3-38beaa9905aa@group-43825EC81F5D:LeaderElection124: Election REJECTED; received 2 response(s) [a58d7528-614e-4c39-a3a3-38beaa9905aa<-f9c12371-c091-4b4a-8db2-6f0db97bbab3#0:FAIL-t3, a58d7528-614e-4c39-a3a3-38beaa9905aa<-ce8ac917-2646-4112-adf7-d577593fabcb#0:FAIL-t3] and 0 exception(s); a58d7528-614e-4c39-a3a3-38beaa9905aa@group-43825EC81F5D:t3, leader=null, voted=a58d7528-614e-4c39-a3a3-38beaa9905aa, raftlog=a58d7528-614e-4c39-a3a3-38beaa9905aa@group-43825EC81F5D-SegmentedRaftLog:OPENED:c-1,f-1,i0, conf=-1: [a58d7528-614e-4c39-a3a3-38beaa9905aa:192.168.36.126:37942, f9c12371-c091-4b4a-8db2-6f0db97bbab3:192.168.36.126:46560, ce8ac917-2646-4112-adf7-d577593fabcb:192.168.36.126:37960], old=null
2019-09-25 05:31:48,101 [ce8ac917-2646-4112-adf7-d577593fabcb@group-0EC8D23D101B:LeaderElection131] INFO  impl.RoleInfo (RoleInfo.java:updateAndGet(143)) - ce8ac917-2646-4112-adf7-d577593fabcb: start FollowerState
2019-09-25 05:31:48,101 [0d4a37ed-4cec-423a-a360-e4a879eb6bc0@group-21C2C432FD88:LeaderElection128] INFO  impl.RaftServerImpl (RaftServerImpl.java:setRole(174)) - 0d4a37ed-4cec-423a-a360-e4a879eb6bc0@group-21C2C432FD88: changes role from CANDIDATE to FOLLOWER at term 10 for DISCOVERED_A_NEW_TERM
2019-09-25 05:31:48,103 [0d4a37ed-4cec-423a-a360-e4a879eb6bc0@group-21C2C432FD88:LeaderElection128] INFO  impl.RoleInfo (RoleInfo.java:shutdownLeaderElection(134)) - 0d4a37ed-4cec-423a-a360-e4a879eb6bc0: shutdown LeaderElection
2019-09-25 05:31:48,100 [e997a993-6131-47bf-96c8-764e04cb5c0e@group-60724A24602F:LeaderElection137] INFO  impl.RoleInfo (RoleInfo.java:shutdownLeaderElection(134)) - e997a993-6131-47bf-96c8-764e04cb5c0e: shutdown LeaderElection
2019-09-25 05:31:48,103 [0d4a37ed-4cec-423a-a360-e4a879eb6bc0@group-21C2C432FD88:LeaderElection128] INFO  impl.RoleInfo (RoleInfo.java:updateAndGet(143)) - 0d4a37ed-4cec-423a-a360-e4a879eb6bc0: start FollowerState
2019-09-25 05:31:48,103 [e997a993-6131-47bf-96c8-764e04cb5c0e@group-60724A24602F:LeaderElection137] INFO  impl.RoleInfo (RoleInfo.java:updateAndGet(143)) - e997a993-6131-47bf-96c8-764e04cb5c0e: start FollowerState
2019-09-25 05:31:48,102 [a58d7528-614e-4c39-a3a3-38beaa9905aa@group-43825EC81F5D:LeaderElection124] INFO  impl.RaftServerImpl (RaftServerImpl.java:setRole(174)) - a58d7528-614e-4c39-a3a3-38beaa9905aa@group-43825EC81F5D: changes role from CANDIDATE to FOLLOWER at term 3 for DISCOVERED_A_NEW_TERM
2019-09-25 05:31:48,102 [a58d7528-614e-4c39-a3a3-38beaa9905aa@group-AEFF648B0F59:LeaderElection130] INFO  impl.RaftServerImpl (RaftServerImpl.java:setRole(174)) - a58d7528-614e-4c39-a3a3-38beaa9905aa@group-AEFF648B0F59: changes role from CANDIDATE to FOLLOWER at term 7 for DISCOVERED_A_NEW_TERM
2019-09-25 05:31:48,102 [616f9f8f-9479-40f4-8c03-f125dcbf9c7f@group-60724A24602F:LeaderElection127] INFO  impl.RaftServerImpl (RaftServerImpl.java:setRole(174)) - 616f9f8f-9479-40f4-8c03-f125dcbf9c7f@group-60724A24602F: changes role from CANDIDATE to FOLLOWER at term 9 for DISCOVERED_A_NEW_TERM
2019-09-25 05:31:48,102 [0d4a37ed-4cec-423a-a360-e4a879eb6bc0@group-059250D1A272:LeaderElection136] INFO  impl.LeaderElection (LeaderElection.java:logAndReturn(56)) - 0d4a37ed-4cec-423a-a360-e4a879eb6bc0@group-059250D1A272:LeaderElection136: Election REJECTED; received 1 response(s) [0d4a37ed-4cec-423a-a360-e4a879eb6bc0<-5c3318fc-c419-4298-b427-bf5a9ca27bf0#0:FAIL-t9] and 1 exception(s); 0d4a37ed-4cec-423a-a360-e4a879eb6bc0@group-059250D1A272:t9, leader=null, voted=0d4a37ed-4cec-423a-a360-e4a879eb6bc0, raftlog=0d4a37ed-4cec-423a-a360-e4a879eb6bc0@group-059250D1A272-SegmentedRaftLog:OPENED:c-1,f-1,i0, conf=-1: [5c3318fc-c419-4298-b427-bf5a9ca27bf0:192.168.36.126:46795, 61946a22-29ed-4e77-8449-fae4cd9869e9:192.168.36.126:36814, 0d4a37ed-4cec-423a-a360-e4a879eb6bc0:192.168.36.126:37817], old=null
2019-09-25 05:31:48,102 [f9c12371-c091-4b4a-8db2-6f0db97bbab3@group-AEFF648B0F59:LeaderElection133] INFO  impl.LeaderElection (LeaderElection.java:logAndReturn(56)) - f9c12371-c091-4b4a-8db2-6f0db97bbab3@group-AEFF648B0F59:LeaderElection133: Election REJECTED; received 2 response(s) [f9c12371-c091-4b4a-8db2-6f0db97bbab3<-a58d7528-614e-4c39-a3a3-38beaa9905aa#0:FAIL-t7, f9c12371-c091-4b4a-8db2-6f0db97bbab3<-ce8ac917-2646-4112-adf7-d577593fabcb#0:FAIL-t7] and 0 exception(s); f9c12371-c091-4b4a-8db2-6f0db97bbab3@group-AEFF648B0F59:t7, leader=null, voted=f9c12371-c091-4b4a-8db2-6f0db97bbab3, raftlog=f9c12371-c091-4b4a-8db2-6f0db97bbab3@group-AEFF648B0F59-SegmentedRaftLog:OPENED:c-1,f-1,i0, conf=-1: [a58d7528-614e-4c39-a3a3-38beaa9905aa:192.168.36.126:37942, f9c12371-c091-4b4a-8db2-6f0db97bbab3:192.168.36.126:46560, ce8ac917-2646-4112-adf7-d577593fabcb:192.168.36.126:37960], old=null
2019-09-25 05:31:48,101 [5c3318fc-c419-4298-b427-bf5a9ca27bf0@group-059250D1A272:LeaderElection126] INFO  impl.LeaderElection (LeaderElection.java:logAndReturn(56)) - 5c3318fc-c419-4298-b427-bf5a9ca27bf0@group-059250D1A272:LeaderElection126: Election REJECTED; received 1 response(s) [5c3318fc-c419-4298-b427-bf5a9ca27bf0<-0d4a37ed-4cec-423a-a360-e4a879eb6bc0#0:FAIL-t9] and 1 exception(s); 5c3318fc-c419-4298-b427-bf5a9ca27bf0@group-059250D1A272:t9, leader=null, voted=5c3318fc-c419-4298-b427-bf5a9ca27bf0, raftlog=5c3318fc-c419-4298-b427-bf5a9ca27bf0@group-059250D1A272-SegmentedRaftLog:OPENED:c-1,f-1,i0, conf=-1: [5c3318fc-c419-4298-b427-bf5a9ca27bf0:192.168.36.126:46795, 61946a22-29ed-4e77-8449-fae4cd9869e9:192.168.36.126:36814, 0d4a37ed-4cec-423a-a360-e4a879eb6bc0:192.168.36.126:37817], old=null
2019-09-25 05:31:48,101 [f9c12371-c091-4b4a-8db2-6f0db97bbab3@group-43825EC81F5D:LeaderElection134] INFO  impl.RoleInfo (RoleInfo.java:updateAndGet(143)) - f9c12371-c091-4b4a-8db2-6f0db97bbab3: start FollowerState
2019-09-25 05:31:48,104 [f9c12371-c091-4b4a-8db2-6f0db97bbab3@group-0EC8D23D101B:LeaderElection135] INFO  impl.LeaderElection (LeaderElection.java:logAndReturn(56)) - f9c12371-c091-4b4a-8db2-6f0db97bbab3@group-0EC8D23D101B:LeaderElection135: Election REJECTED; received 2 response(s) [f9c12371-c091-4b4a-8db2-6f0db97bbab3<-a58d7528-614e-4c39-a3a3-38beaa9905aa#0:FAIL-t7, f9c12371-c091-4b4a-8db2-6f0db97bbab3<-ce8ac917-2646-4112-adf7-d577593fabcb#0:FAIL-t7] and 0 exception(s); f9c12371-c091-4b4a-8db2-6f0db97bbab3@group-0EC8D23D101B:t7, leader=null, voted=f9c12371-c091-4b4a-8db2-6f0db97bbab3, raftlog=f9c12371-c091-4b4a-8db2-6f0db97bbab3@group-0EC8D23D101B-SegmentedRaftLog:OPENED:c-1,f-1,i0, conf=-1: [a58d7528-614e-4c39-a3a3-38beaa9905aa:192.168.36.126:37942, f9c12371-c091-4b4a-8db2-6f0db97bbab3:192.168.36.126:46560, ce8ac917-2646-4112-adf7-d577593fabcb:192.168.36.126:37960], old=null
2019-09-25 05:31:48,104 [5c3318fc-c419-4298-b427-bf5a9ca27bf0@group-21C2C432FD88:LeaderElection132] INFO  impl.LeaderElection (LeaderElection.java:logAndReturn(56)) - 5c3318fc-c419-4298-b427-bf5a9ca27bf0@group-21C2C432FD88:LeaderElection132: Election REJECTED; received 1 response(s) [5c3318fc-c419-4298-b427-bf5a9ca27bf0<-0d4a37ed-4cec-423a-a360-e4a879eb6bc0#0:FAIL-t10] and 1 exception(s); 5c3318fc-c419-4298-b427-bf5a9ca27bf0@group-21C2C432FD88:t10, leader=null, voted=5c3318fc-c419-4298-b427-bf5a9ca27bf0, raftlog=5c3318fc-c419-4298-b427-bf5a9ca27bf0@group-21C2C432FD88-SegmentedRaftLog:OPENED:c-1,f-1,i0, conf=-1: [5c3318fc-c419-4298-b427-bf5a9ca27bf0:192.168.36.126:46795, 61946a22-29ed-4e77-8449-fae4cd9869e9:192.168.36.126:36814, 0d4a37ed-4cec-423a-a360-e4a879eb6bc0:192.168.36.126:37817], old=null
2019-09-25 05:31:48,104 [5c3318fc-c419-4298-b427-bf5a9ca27bf0@group-059250D1A272:LeaderElection126] INFO  impl.LeaderElection (LogUtils.java:infoOrTrace(149)) -   Exception 0: {}
java.util.concurrent.ExecutionException: org.apache.ratis.thirdparty.io.grpc.StatusRuntimeException: UNAVAILABLE: io exception
	at java.util.concurrent.FutureTask.report(FutureTask.java:122)
	at java.util.concurrent.FutureTask.get(FutureTask.java:192)
	at org.apache.ratis.server.impl.LeaderElection.waitForResults(LeaderElection.java:263)
	at org.apache.ratis.server.impl.LeaderElection.askForVotes(LeaderElection.java:201)
	at org.apache.ratis.server.impl.LeaderElection.run(LeaderElection.java:133)
	at java.lang.Thread.run(Thread.java:748)
Caused by: org.apache.ratis.thirdparty.io.grpc.StatusRuntimeException: UNAVAILABLE: io exception
	at org.apache.ratis.thirdparty.io.grpc.stub.ClientCalls.toStatusRuntimeException(ClientCalls.java:233)
	at org.apache.ratis.thirdparty.io.grpc.stub.ClientCalls.getUnchecked(ClientCalls.java:214)
	at org.apache.ratis.thirdparty.io.grpc.stub.ClientCalls.blockingUnaryCall(ClientCalls.java:139)
	at org.apache.ratis.proto.grpc.RaftServerProtocolServiceGrpc$RaftServerProtocolServiceBlockingStub.requestVote(RaftServerProtocolServiceGrpc.java:265)
	at org.apache.ratis.grpc.server.GrpcServerProtocolClient.requestVote(GrpcServerProtocolClient.java:90)
	at org.apache.ratis.grpc.server.GrpcService.requestVote(GrpcService.java:204)
	at org.apache.ratis.server.impl.LeaderElection.lambda$submitRequests$1(LeaderElection.java:238)
	at java.util.concurrent.FutureTask.run(FutureTask.java:266)
	at java.util.concurrent.Executors$RunnableAdapter.call(Executors.java:511)
	at java.util.concurrent.FutureTask.run(FutureTask.java:266)
	at java.util.concurrent.ThreadPoolExecutor.runWorker(ThreadPoolExecutor.java:1149)
	at java.util.concurrent.ThreadPoolExecutor$Worker.run(ThreadPoolExecutor.java:624)
	... 1 more
Caused by: org.apache.ratis.thirdparty.io.netty.channel.AbstractChannel$AnnotatedConnectException: Connection refused: /192.168.36.126:36814
	at sun.nio.ch.SocketChannelImpl.checkConnect(Native Method)
	at sun.nio.ch.SocketChannelImpl.finishConnect(SocketChannelImpl.java:717)
	at org.apache.ratis.thirdparty.io.netty.channel.socket.nio.NioSocketChannel.doFinishConnect(NioSocketChannel.java:327)
	at org.apache.ratis.thirdparty.io.netty.channel.nio.AbstractNioChannel$AbstractNioUnsafe.finishConnect(AbstractNioChannel.java:340)
	at org.apache.ratis.thirdparty.io.netty.channel.nio.NioEventLoop.processSelectedKey(NioEventLoop.java:632)
	at org.apache.ratis.thirdparty.io.netty.channel.nio.NioEventLoop.processSelectedKeysOptimized(NioEventLoop.java:579)
	at org.apache.ratis.thirdparty.io.netty.channel.nio.NioEventLoop.processSelectedKeys(NioEventLoop.java:496)
	at org.apache.ratis.thirdparty.io.netty.channel.nio.NioEventLoop.run(NioEventLoop.java:458)
	at org.apache.ratis.thirdparty.io.netty.util.concurrent.SingleThreadEventExecutor$5.run(SingleThreadEventExecutor.java:897)
	at org.apache.ratis.thirdparty.io.netty.util.concurrent.FastThreadLocalRunnable.run(FastThreadLocalRunnable.java:30)
	... 1 more
Caused by: java.net.ConnectException: Connection refused
	... 11 more
2019-09-25 05:31:48,104 [f9c12371-c091-4b4a-8db2-6f0db97bbab3@group-AEFF648B0F59:LeaderElection133] INFO  impl.RaftServerImpl (RaftServerImpl.java:setRole(174)) - f9c12371-c091-4b4a-8db2-6f0db97bbab3@group-AEFF648B0F59: changes role from CANDIDATE to FOLLOWER at term 7 for DISCOVERED_A_NEW_TERM
2019-09-25 05:31:48,104 [a58d7528-614e-4c39-a3a3-38beaa9905aa@group-0EC8D23D101B:LeaderElection129] INFO  impl.LeaderElection (LeaderElection.java:logAndReturn(56)) - a58d7528-614e-4c39-a3a3-38beaa9905aa@group-0EC8D23D101B:LeaderElection129: Election REJECTED; received 2 response(s) [a58d7528-614e-4c39-a3a3-38beaa9905aa<-f9c12371-c091-4b4a-8db2-6f0db97bbab3#0:FAIL-t7, a58d7528-614e-4c39-a3a3-38beaa9905aa<-ce8ac917-2646-4112-adf7-d577593fabcb#0:FAIL-t7] and 0 exception(s); a58d7528-614e-4c39-a3a3-38beaa9905aa@group-0EC8D23D101B:t7, leader=null, voted=a58d7528-614e-4c39-a3a3-38beaa9905aa, raftlog=a58d7528-614e-4c39-a3a3-38beaa9905aa@group-0EC8D23D101B-SegmentedRaftLog:OPENED:c-1,f-1,i0, conf=-1: [a58d7528-614e-4c39-a3a3-38beaa9905aa:192.168.36.126:37942, f9c12371-c091-4b4a-8db2-6f0db97bbab3:192.168.36.126:46560, ce8ac917-2646-4112-adf7-d577593fabcb:192.168.36.126:37960], old=null
2019-09-25 05:31:48,104 [0d4a37ed-4cec-423a-a360-e4a879eb6bc0@group-059250D1A272:LeaderElection136] INFO  impl.LeaderElection (LogUtils.java:infoOrTrace(149)) -   Exception 0: {}
java.util.concurrent.ExecutionException: org.apache.ratis.thirdparty.io.grpc.StatusRuntimeException: UNAVAILABLE: io exception
	at java.util.concurrent.FutureTask.report(FutureTask.java:122)
	at java.util.concurrent.FutureTask.get(FutureTask.java:192)
	at org.apache.ratis.server.impl.LeaderElection.waitForResults(LeaderElection.java:263)
	at org.apache.ratis.server.impl.LeaderElection.askForVotes(LeaderElection.java:201)
	at org.apache.ratis.server.impl.LeaderElection.run(LeaderElection.java:133)
	at java.lang.Thread.run(Thread.java:748)
Caused by: org.apache.ratis.thirdparty.io.grpc.StatusRuntimeException: UNAVAILABLE: io exception
	at org.apache.ratis.thirdparty.io.grpc.stub.ClientCalls.toStatusRuntimeException(ClientCalls.java:233)
	at org.apache.ratis.thirdparty.io.grpc.stub.ClientCalls.getUnchecked(ClientCalls.java:214)
	at org.apache.ratis.thirdparty.io.grpc.stub.ClientCalls.blockingUnaryCall(ClientCalls.java:139)
	at org.apache.ratis.proto.grpc.RaftServerProtocolServiceGrpc$RaftServerProtocolServiceBlockingStub.requestVote(RaftServerProtocolServiceGrpc.java:265)
	at org.apache.ratis.grpc.server.GrpcServerProtocolClient.requestVote(GrpcServerProtocolClient.java:90)
	at org.apache.ratis.grpc.server.GrpcService.requestVote(GrpcService.java:204)
	at org.apache.ratis.server.impl.LeaderElection.lambda$submitRequests$1(LeaderElection.java:238)
	at java.util.concurrent.FutureTask.run(FutureTask.java:266)
	at java.util.concurrent.Executors$RunnableAdapter.call(Executors.java:511)
	at java.util.concurrent.FutureTask.run(FutureTask.java:266)
	at java.util.concurrent.ThreadPoolExecutor.runWorker(ThreadPoolExecutor.java:1149)
	at java.util.concurrent.ThreadPoolExecutor$Worker.run(ThreadPoolExecutor.java:624)
	... 1 more
Caused by: org.apache.ratis.thirdparty.io.netty.channel.AbstractChannel$AnnotatedConnectException: Connection refused: /192.168.36.126:36814
	at sun.nio.ch.SocketChannelImpl.checkConnect(Native Method)
	at sun.nio.ch.SocketChannelImpl.finishConnect(SocketChannelImpl.java:717)
	at org.apache.ratis.thirdparty.io.netty.channel.socket.nio.NioSocketChannel.doFinishConnect(NioSocketChannel.java:327)
	at org.apache.ratis.thirdparty.io.netty.channel.nio.AbstractNioChannel$AbstractNioUnsafe.finishConnect(AbstractNioChannel.java:340)
	at org.apache.ratis.thirdparty.io.netty.channel.nio.NioEventLoop.processSelectedKey(NioEventLoop.java:632)
	at org.apache.ratis.thirdparty.io.netty.channel.nio.NioEventLoop.processSelectedKeysOptimized(NioEventLoop.java:579)
	at org.apache.ratis.thirdparty.io.netty.channel.nio.NioEventLoop.processSelectedKeys(NioEventLoop.java:496)
	at org.apache.ratis.thirdparty.io.netty.channel.nio.NioEventLoop.run(NioEventLoop.java:458)
	at org.apache.ratis.thirdparty.io.netty.util.concurrent.SingleThreadEventExecutor$5.run(SingleThreadEventExecutor.java:897)
	at org.apache.ratis.thirdparty.io.netty.util.concurrent.FastThreadLocalRunnable.run(FastThreadLocalRunnable.java:30)
	... 1 more
Caused by: java.net.ConnectException: Connection refused
	... 11 more
2019-09-25 05:31:48,104 [616f9f8f-9479-40f4-8c03-f125dcbf9c7f@group-60724A24602F:LeaderElection127] INFO  impl.RoleInfo (RoleInfo.java:shutdownLeaderElection(134)) - 616f9f8f-9479-40f4-8c03-f125dcbf9c7f: shutdown LeaderElection
2019-09-25 05:31:48,103 [a58d7528-614e-4c39-a3a3-38beaa9905aa@group-AEFF648B0F59:LeaderElection130] INFO  impl.RoleInfo (RoleInfo.java:shutdownLeaderElection(134)) - a58d7528-614e-4c39-a3a3-38beaa9905aa: shutdown LeaderElection
2019-09-25 05:31:48,103 [a58d7528-614e-4c39-a3a3-38beaa9905aa@group-43825EC81F5D:LeaderElection124] INFO  impl.RoleInfo (RoleInfo.java:shutdownLeaderElection(134)) - a58d7528-614e-4c39-a3a3-38beaa9905aa: shutdown LeaderElection
2019-09-25 05:31:48,106 [a58d7528-614e-4c39-a3a3-38beaa9905aa@group-AEFF648B0F59:LeaderElection130] INFO  impl.RoleInfo (RoleInfo.java:updateAndGet(143)) - a58d7528-614e-4c39-a3a3-38beaa9905aa: start FollowerState
2019-09-25 05:31:48,106 [616f9f8f-9479-40f4-8c03-f125dcbf9c7f@group-60724A24602F:LeaderElection127] INFO  impl.RoleInfo (RoleInfo.java:updateAndGet(143)) - 616f9f8f-9479-40f4-8c03-f125dcbf9c7f: start FollowerState
2019-09-25 05:31:48,106 [0d4a37ed-4cec-423a-a360-e4a879eb6bc0@group-059250D1A272:LeaderElection136] INFO  impl.RaftServerImpl (RaftServerImpl.java:setRole(174)) - 0d4a37ed-4cec-423a-a360-e4a879eb6bc0@group-059250D1A272: changes role from CANDIDATE to FOLLOWER at term 9 for DISCOVERED_A_NEW_TERM
2019-09-25 05:31:48,107 [0d4a37ed-4cec-423a-a360-e4a879eb6bc0@group-059250D1A272:LeaderElection136] INFO  impl.RoleInfo (RoleInfo.java:shutdownLeaderElection(134)) - 0d4a37ed-4cec-423a-a360-e4a879eb6bc0: shutdown LeaderElection
2019-09-25 05:31:48,105 [a58d7528-614e-4c39-a3a3-38beaa9905aa@group-0EC8D23D101B:LeaderElection129] INFO  impl.RaftServerImpl (RaftServerImpl.java:setRole(174)) - a58d7528-614e-4c39-a3a3-38beaa9905aa@group-0EC8D23D101B: changes role from CANDIDATE to FOLLOWER at term 7 for DISCOVERED_A_NEW_TERM
2019-09-25 05:31:48,107 [a58d7528-614e-4c39-a3a3-38beaa9905aa@group-0EC8D23D101B:LeaderElection129] INFO  impl.RoleInfo (RoleInfo.java:shutdownLeaderElection(134)) - a58d7528-614e-4c39-a3a3-38beaa9905aa: shutdown LeaderElection
2019-09-25 05:31:48,105 [f9c12371-c091-4b4a-8db2-6f0db97bbab3@group-AEFF648B0F59:LeaderElection133] INFO  impl.RoleInfo (RoleInfo.java:shutdownLeaderElection(134)) - f9c12371-c091-4b4a-8db2-6f0db97bbab3: shutdown LeaderElection
2019-09-25 05:31:48,105 [5c3318fc-c419-4298-b427-bf5a9ca27bf0@group-059250D1A272:LeaderElection126] INFO  impl.RaftServerImpl (RaftServerImpl.java:setRole(174)) - 5c3318fc-c419-4298-b427-bf5a9ca27bf0@group-059250D1A272: changes role from CANDIDATE to FOLLOWER at term 9 for DISCOVERED_A_NEW_TERM
2019-09-25 05:31:48,107 [5c3318fc-c419-4298-b427-bf5a9ca27bf0@group-059250D1A272:LeaderElection126] INFO  impl.RoleInfo (RoleInfo.java:shutdownLeaderElection(134)) - 5c3318fc-c419-4298-b427-bf5a9ca27bf0: shutdown LeaderElection
2019-09-25 05:31:48,105 [5c3318fc-c419-4298-b427-bf5a9ca27bf0@group-21C2C432FD88:LeaderElection132] INFO  impl.LeaderElection (LogUtils.java:infoOrTrace(149)) -   Exception 0: {}
java.util.concurrent.ExecutionException: org.apache.ratis.thirdparty.io.grpc.StatusRuntimeException: UNAVAILABLE: io exception
	at java.util.concurrent.FutureTask.report(FutureTask.java:122)
	at java.util.concurrent.FutureTask.get(FutureTask.java:192)
	at org.apache.ratis.server.impl.LeaderElection.waitForResults(LeaderElection.java:263)
	at org.apache.ratis.server.impl.LeaderElection.askForVotes(LeaderElection.java:201)
	at org.apache.ratis.server.impl.LeaderElection.run(LeaderElection.java:133)
	at java.lang.Thread.run(Thread.java:748)
Caused by: org.apache.ratis.thirdparty.io.grpc.StatusRuntimeException: UNAVAILABLE: io exception
	at org.apache.ratis.thirdparty.io.grpc.stub.ClientCalls.toStatusRuntimeException(ClientCalls.java:233)
	at org.apache.ratis.thirdparty.io.grpc.stub.ClientCalls.getUnchecked(ClientCalls.java:214)
	at org.apache.ratis.thirdparty.io.grpc.stub.ClientCalls.blockingUnaryCall(ClientCalls.java:139)
	at org.apache.ratis.proto.grpc.RaftServerProtocolServiceGrpc$RaftServerProtocolServiceBlockingStub.requestVote(RaftServerProtocolServiceGrpc.java:265)
	at org.apache.ratis.grpc.server.GrpcServerProtocolClient.requestVote(GrpcServerProtocolClient.java:90)
	at org.apache.ratis.grpc.server.GrpcService.requestVote(GrpcService.java:204)
	at org.apache.ratis.server.impl.LeaderElection.lambda$submitRequests$1(LeaderElection.java:238)
	at java.util.concurrent.FutureTask.run(FutureTask.java:266)
	at java.util.concurrent.Executors$RunnableAdapter.call(Executors.java:511)
	at java.util.concurrent.FutureTask.run(FutureTask.java:266)
	at java.util.concurrent.ThreadPoolExecutor.runWorker(ThreadPoolExecutor.java:1149)
	at java.util.concurrent.ThreadPoolExecutor$Worker.run(ThreadPoolExecutor.java:624)
	... 1 more
Caused by: org.apache.ratis.thirdparty.io.netty.channel.AbstractChannel$AnnotatedConnectException: Connection refused: /192.168.36.126:36814
	at sun.nio.ch.SocketChannelImpl.checkConnect(Native Method)
	at sun.nio.ch.SocketChannelImpl.finishConnect(SocketChannelImpl.java:717)
	at org.apache.ratis.thirdparty.io.netty.channel.socket.nio.NioSocketChannel.doFinishConnect(NioSocketChannel.java:327)
	at org.apache.ratis.thirdparty.io.netty.channel.nio.AbstractNioChannel$AbstractNioUnsafe.finishConnect(AbstractNioChannel.java:340)
	at org.apache.ratis.thirdparty.io.netty.channel.nio.NioEventLoop.processSelectedKey(NioEventLoop.java:632)
	at org.apache.ratis.thirdparty.io.netty.channel.nio.NioEventLoop.processSelectedKeysOptimized(NioEventLoop.java:579)
	at org.apache.ratis.thirdparty.io.netty.channel.nio.NioEventLoop.processSelectedKeys(NioEventLoop.java:496)
	at org.apache.ratis.thirdparty.io.netty.channel.nio.NioEventLoop.run(NioEventLoop.java:458)
	at org.apache.ratis.thirdparty.io.netty.util.concurrent.SingleThreadEventExecutor$5.run(SingleThreadEventExecutor.java:897)
	at org.apache.ratis.thirdparty.io.netty.util.concurrent.FastThreadLocalRunnable.run(FastThreadLocalRunnable.java:30)
	... 1 more
Caused by: java.net.ConnectException: Connection refused
	... 11 more
2019-09-25 05:31:48,104 [f9c12371-c091-4b4a-8db2-6f0db97bbab3@group-0EC8D23D101B:LeaderElection135] INFO  impl.RaftServerImpl (RaftServerImpl.java:setRole(174)) - f9c12371-c091-4b4a-8db2-6f0db97bbab3@group-0EC8D23D101B: changes role from CANDIDATE to FOLLOWER at term 7 for DISCOVERED_A_NEW_TERM
2019-09-25 05:31:48,108 [5c3318fc-c419-4298-b427-bf5a9ca27bf0@group-21C2C432FD88:LeaderElection132] INFO  impl.RaftServerImpl (RaftServerImpl.java:setRole(174)) - 5c3318fc-c419-4298-b427-bf5a9ca27bf0@group-21C2C432FD88: changes role from CANDIDATE to FOLLOWER at term 10 for DISCOVERED_A_NEW_TERM
2019-09-25 05:31:48,107 [5c3318fc-c419-4298-b427-bf5a9ca27bf0@group-059250D1A272:LeaderElection126] INFO  impl.RoleInfo (RoleInfo.java:updateAndGet(143)) - 5c3318fc-c419-4298-b427-bf5a9ca27bf0: start FollowerState
2019-09-25 05:31:48,107 [f9c12371-c091-4b4a-8db2-6f0db97bbab3@group-AEFF648B0F59:LeaderElection133] INFO  impl.RoleInfo (RoleInfo.java:updateAndGet(143)) - f9c12371-c091-4b4a-8db2-6f0db97bbab3: start FollowerState
2019-09-25 05:31:48,107 [a58d7528-614e-4c39-a3a3-38beaa9905aa@group-0EC8D23D101B:LeaderElection129] INFO  impl.RoleInfo (RoleInfo.java:updateAndGet(143)) - a58d7528-614e-4c39-a3a3-38beaa9905aa: start FollowerState
2019-09-25 05:31:48,107 [0d4a37ed-4cec-423a-a360-e4a879eb6bc0@group-059250D1A272:LeaderElection136] INFO  impl.RoleInfo (RoleInfo.java:updateAndGet(143)) - 0d4a37ed-4cec-423a-a360-e4a879eb6bc0: start FollowerState
2019-09-25 05:31:48,106 [a58d7528-614e-4c39-a3a3-38beaa9905aa@group-43825EC81F5D:LeaderElection124] INFO  impl.RoleInfo (RoleInfo.java:updateAndGet(143)) - a58d7528-614e-4c39-a3a3-38beaa9905aa: start FollowerState
2019-09-25 05:31:48,108 [5c3318fc-c419-4298-b427-bf5a9ca27bf0@group-21C2C432FD88:LeaderElection132] INFO  impl.RoleInfo (RoleInfo.java:shutdownLeaderElection(134)) - 5c3318fc-c419-4298-b427-bf5a9ca27bf0: shutdown LeaderElection
2019-09-25 05:31:48,108 [f9c12371-c091-4b4a-8db2-6f0db97bbab3@group-0EC8D23D101B:LeaderElection135] INFO  impl.RoleInfo (RoleInfo.java:shutdownLeaderElection(134)) - f9c12371-c091-4b4a-8db2-6f0db97bbab3: shutdown LeaderElection
2019-09-25 05:31:48,109 [5c3318fc-c419-4298-b427-bf5a9ca27bf0@group-21C2C432FD88:LeaderElection132] INFO  impl.RoleInfo (RoleInfo.java:updateAndGet(143)) - 5c3318fc-c419-4298-b427-bf5a9ca27bf0: start FollowerState
2019-09-25 05:31:48,109 [f9c12371-c091-4b4a-8db2-6f0db97bbab3@group-0EC8D23D101B:LeaderElection135] INFO  impl.RoleInfo (RoleInfo.java:updateAndGet(143)) - f9c12371-c091-4b4a-8db2-6f0db97bbab3: start FollowerState
2019-09-25 05:31:49,112 [Thread-927] INFO  impl.FollowerState (FollowerState.java:run(106)) - f9c12371-c091-4b4a-8db2-6f0db97bbab3:group-AEFF648B0F59 changes to CANDIDATE, lastRpcTime:1004, electionTimeout:1003ms
2019-09-25 05:31:49,112 [Thread-927] INFO  impl.RoleInfo (RoleInfo.java:shutdownFollowerState(121)) - f9c12371-c091-4b4a-8db2-6f0db97bbab3: shutdown FollowerState
2019-09-25 05:31:49,112 [Thread-927] INFO  impl.RaftServerImpl (RaftServerImpl.java:setRole(174)) - f9c12371-c091-4b4a-8db2-6f0db97bbab3@group-AEFF648B0F59: changes role from  FOLLOWER to CANDIDATE at term 7 for changeToCandidate
2019-09-25 05:31:49,112 [Thread-927] INFO  impl.RoleInfo (RoleInfo.java:updateAndGet(143)) - f9c12371-c091-4b4a-8db2-6f0db97bbab3: start LeaderElection
2019-09-25 05:31:49,116 [Thread-917] INFO  impl.FollowerState (FollowerState.java:run(106)) - ce8ac917-2646-4112-adf7-d577593fabcb:group-AEFF648B0F59 changes to CANDIDATE, lastRpcTime:1017, electionTimeout:1016ms
2019-09-25 05:31:49,116 [Thread-917] INFO  impl.RoleInfo (RoleInfo.java:shutdownFollowerState(121)) - ce8ac917-2646-4112-adf7-d577593fabcb: shutdown FollowerState
2019-09-25 05:31:49,117 [Thread-917] INFO  impl.RaftServerImpl (RaftServerImpl.java:setRole(174)) - ce8ac917-2646-4112-adf7-d577593fabcb@group-AEFF648B0F59: changes role from  FOLLOWER to CANDIDATE at term 7 for changeToCandidate
2019-09-25 05:31:49,117 [Thread-917] INFO  impl.RoleInfo (RoleInfo.java:updateAndGet(143)) - ce8ac917-2646-4112-adf7-d577593fabcb: start LeaderElection
2019-09-25 05:31:49,122 [Thread-928] INFO  impl.FollowerState (FollowerState.java:run(106)) - 5c3318fc-c419-4298-b427-bf5a9ca27bf0:group-059250D1A272 changes to CANDIDATE, lastRpcTime:1015, electionTimeout:1014ms
2019-09-25 05:31:49,123 [Thread-928] INFO  impl.RoleInfo (RoleInfo.java:shutdownFollowerState(121)) - 5c3318fc-c419-4298-b427-bf5a9ca27bf0: shutdown FollowerState
2019-09-25 05:31:49,123 [Thread-928] INFO  impl.RaftServerImpl (RaftServerImpl.java:setRole(174)) - 5c3318fc-c419-4298-b427-bf5a9ca27bf0@group-059250D1A272: changes role from  FOLLOWER to CANDIDATE at term 9 for changeToCandidate
2019-09-25 05:31:49,123 [Thread-928] INFO  impl.RoleInfo (RoleInfo.java:updateAndGet(143)) - 5c3318fc-c419-4298-b427-bf5a9ca27bf0: start LeaderElection
2019-09-25 05:31:49,125 [Thread-929] INFO  impl.FollowerState (FollowerState.java:run(106)) - 5c3318fc-c419-4298-b427-bf5a9ca27bf0:group-21C2C432FD88 changes to CANDIDATE, lastRpcTime:1016, electionTimeout:1016ms
2019-09-25 05:31:49,125 [Thread-929] INFO  impl.RoleInfo (RoleInfo.java:shutdownFollowerState(121)) - 5c3318fc-c419-4298-b427-bf5a9ca27bf0: shutdown FollowerState
2019-09-25 05:31:49,125 [Thread-929] INFO  impl.RaftServerImpl (RaftServerImpl.java:setRole(174)) - 5c3318fc-c419-4298-b427-bf5a9ca27bf0@group-21C2C432FD88: changes role from  FOLLOWER to CANDIDATE at term 10 for changeToCandidate
2019-09-25 05:31:49,126 [Thread-929] INFO  impl.RoleInfo (RoleInfo.java:updateAndGet(143)) - 5c3318fc-c419-4298-b427-bf5a9ca27bf0: start LeaderElection
2019-09-25 05:31:49,152 [Thread-926] INFO  impl.FollowerState (FollowerState.java:run(106)) - a58d7528-614e-4c39-a3a3-38beaa9905aa:group-0EC8D23D101B changes to CANDIDATE, lastRpcTime:1044, electionTimeout:1043ms
2019-09-25 05:31:49,152 [Thread-926] INFO  impl.RoleInfo (RoleInfo.java:shutdownFollowerState(121)) - a58d7528-614e-4c39-a3a3-38beaa9905aa: shutdown FollowerState
2019-09-25 05:31:49,152 [Thread-926] INFO  impl.RaftServerImpl (RaftServerImpl.java:setRole(174)) - a58d7528-614e-4c39-a3a3-38beaa9905aa@group-0EC8D23D101B: changes role from  FOLLOWER to CANDIDATE at term 7 for changeToCandidate
2019-09-25 05:31:49,152 [Thread-926] INFO  impl.RoleInfo (RoleInfo.java:updateAndGet(143)) - a58d7528-614e-4c39-a3a3-38beaa9905aa: start LeaderElection
2019-09-25 05:31:49,159 [Thread-922] INFO  impl.FollowerState (FollowerState.java:run(106)) - 616f9f8f-9479-40f4-8c03-f125dcbf9c7f:group-60724A24602F changes to CANDIDATE, lastRpcTime:1052, electionTimeout:1052ms
2019-09-25 05:31:49,159 [Thread-922] INFO  impl.RoleInfo (RoleInfo.java:shutdownFollowerState(121)) - 616f9f8f-9479-40f4-8c03-f125dcbf9c7f: shutdown FollowerState
2019-09-25 05:31:49,159 [Thread-922] INFO  impl.RaftServerImpl (RaftServerImpl.java:setRole(174)) - 616f9f8f-9479-40f4-8c03-f125dcbf9c7f@group-60724A24602F: changes role from  FOLLOWER to CANDIDATE at term 9 for changeToCandidate
2019-09-25 05:31:49,159 [Thread-922] INFO  impl.RoleInfo (RoleInfo.java:updateAndGet(143)) - 616f9f8f-9479-40f4-8c03-f125dcbf9c7f: start LeaderElection
2019-09-25 05:31:49,163 [Thread-916] INFO  impl.FollowerState (FollowerState.java:run(106)) - ce8ac917-2646-4112-adf7-d577593fabcb:group-43825EC81F5D changes to CANDIDATE, lastRpcTime:1064, electionTimeout:1064ms
2019-09-25 05:31:49,163 [Thread-916] INFO  impl.RoleInfo (RoleInfo.java:shutdownFollowerState(121)) - ce8ac917-2646-4112-adf7-d577593fabcb: shutdown FollowerState
2019-09-25 05:31:49,163 [Thread-916] INFO  impl.RaftServerImpl (RaftServerImpl.java:setRole(174)) - ce8ac917-2646-4112-adf7-d577593fabcb@group-43825EC81F5D: changes role from  FOLLOWER to CANDIDATE at term 3 for changeToCandidate
2019-09-25 05:31:49,163 [Thread-916] INFO  impl.RoleInfo (RoleInfo.java:updateAndGet(143)) - ce8ac917-2646-4112-adf7-d577593fabcb: start LeaderElection
2019-09-25 05:31:49,164 [Thread-919] INFO  impl.FollowerState (FollowerState.java:run(106)) - f9c12371-c091-4b4a-8db2-6f0db97bbab3:group-43825EC81F5D changes to CANDIDATE, lastRpcTime:1063, electionTimeout:1060ms
2019-09-25 05:31:49,165 [Thread-919] INFO  impl.RoleInfo (RoleInfo.java:shutdownFollowerState(121)) - f9c12371-c091-4b4a-8db2-6f0db97bbab3: shutdown FollowerState
2019-09-25 05:31:49,165 [Thread-919] INFO  impl.RaftServerImpl (RaftServerImpl.java:setRole(174)) - f9c12371-c091-4b4a-8db2-6f0db97bbab3@group-43825EC81F5D: changes role from  FOLLOWER to CANDIDATE at term 3 for changeToCandidate
2019-09-25 05:31:49,165 [Thread-919] INFO  impl.RoleInfo (RoleInfo.java:updateAndGet(143)) - f9c12371-c091-4b4a-8db2-6f0db97bbab3: start LeaderElection
2019-09-25 05:31:49,167 [Thread-924] INFO  impl.FollowerState (FollowerState.java:run(106)) - a58d7528-614e-4c39-a3a3-38beaa9905aa:group-43825EC81F5D changes to CANDIDATE, lastRpcTime:1060, electionTimeout:1058ms
2019-09-25 05:31:49,167 [Thread-924] INFO  impl.RoleInfo (RoleInfo.java:shutdownFollowerState(121)) - a58d7528-614e-4c39-a3a3-38beaa9905aa: shutdown FollowerState
2019-09-25 05:31:49,167 [Thread-924] INFO  impl.RaftServerImpl (RaftServerImpl.java:setRole(174)) - a58d7528-614e-4c39-a3a3-38beaa9905aa@group-43825EC81F5D: changes role from  FOLLOWER to CANDIDATE at term 3 for changeToCandidate
2019-09-25 05:31:49,168 [Thread-924] INFO  impl.RoleInfo (RoleInfo.java:updateAndGet(143)) - a58d7528-614e-4c39-a3a3-38beaa9905aa: start LeaderElection
2019-09-25 05:31:49,171 [Thread-921] INFO  impl.FollowerState (FollowerState.java:run(106)) - e997a993-6131-47bf-96c8-764e04cb5c0e:group-60724A24602F changes to CANDIDATE, lastRpcTime:1067, electionTimeout:1067ms
2019-09-25 05:31:49,171 [Thread-921] INFO  impl.RoleInfo (RoleInfo.java:shutdownFollowerState(121)) - e997a993-6131-47bf-96c8-764e04cb5c0e: shutdown FollowerState
2019-09-25 05:31:49,171 [Thread-921] INFO  impl.RaftServerImpl (RaftServerImpl.java:setRole(174)) - e997a993-6131-47bf-96c8-764e04cb5c0e@group-60724A24602F: changes role from  FOLLOWER to CANDIDATE at term 9 for changeToCandidate
2019-09-25 05:31:49,171 [Thread-921] INFO  impl.RoleInfo (RoleInfo.java:updateAndGet(143)) - e997a993-6131-47bf-96c8-764e04cb5c0e: start LeaderElection
2019-09-25 05:31:49,181 [Thread-923] INFO  impl.FollowerState (FollowerState.java:run(106)) - a58d7528-614e-4c39-a3a3-38beaa9905aa:group-AEFF648B0F59 changes to CANDIDATE, lastRpcTime:1074, electionTimeout:1074ms
2019-09-25 05:31:49,181 [Thread-923] INFO  impl.RoleInfo (RoleInfo.java:shutdownFollowerState(121)) - a58d7528-614e-4c39-a3a3-38beaa9905aa: shutdown FollowerState
2019-09-25 05:31:49,181 [Thread-923] INFO  impl.RaftServerImpl (RaftServerImpl.java:setRole(174)) - a58d7528-614e-4c39-a3a3-38beaa9905aa@group-AEFF648B0F59: changes role from  FOLLOWER to CANDIDATE at term 7 for changeToCandidate
2019-09-25 05:31:49,181 [Thread-923] INFO  impl.RoleInfo (RoleInfo.java:updateAndGet(143)) - a58d7528-614e-4c39-a3a3-38beaa9905aa: start LeaderElection
2019-09-25 05:31:49,207 [Thread-920] INFO  impl.FollowerState (FollowerState.java:run(106)) - 0d4a37ed-4cec-423a-a360-e4a879eb6bc0:group-21C2C432FD88 changes to CANDIDATE, lastRpcTime:1104, electionTimeout:1104ms
2019-09-25 05:31:49,207 [Thread-920] INFO  impl.RoleInfo (RoleInfo.java:shutdownFollowerState(121)) - 0d4a37ed-4cec-423a-a360-e4a879eb6bc0: shutdown FollowerState
2019-09-25 05:31:49,208 [Thread-920] INFO  impl.RaftServerImpl (RaftServerImpl.java:setRole(174)) - 0d4a37ed-4cec-423a-a360-e4a879eb6bc0@group-21C2C432FD88: changes role from  FOLLOWER to CANDIDATE at term 10 for changeToCandidate
2019-09-25 05:31:49,208 [Thread-920] INFO  impl.RoleInfo (RoleInfo.java:updateAndGet(143)) - 0d4a37ed-4cec-423a-a360-e4a879eb6bc0: start LeaderElection
2019-09-25 05:31:49,219 [Thread-925] INFO  impl.FollowerState (FollowerState.java:run(106)) - 0d4a37ed-4cec-423a-a360-e4a879eb6bc0:group-059250D1A272 changes to CANDIDATE, lastRpcTime:1112, electionTimeout:1110ms
2019-09-25 05:31:49,219 [Thread-925] INFO  impl.RoleInfo (RoleInfo.java:shutdownFollowerState(121)) - 0d4a37ed-4cec-423a-a360-e4a879eb6bc0: shutdown FollowerState
2019-09-25 05:31:49,219 [Thread-925] INFO  impl.RaftServerImpl (RaftServerImpl.java:setRole(174)) - 0d4a37ed-4cec-423a-a360-e4a879eb6bc0@group-059250D1A272: changes role from  FOLLOWER to CANDIDATE at term 9 for changeToCandidate
2019-09-25 05:31:49,219 [Thread-925] INFO  impl.RoleInfo (RoleInfo.java:updateAndGet(143)) - 0d4a37ed-4cec-423a-a360-e4a879eb6bc0: start LeaderElection
2019-09-25 05:31:49,247 [Thread-918] INFO  impl.FollowerState (FollowerState.java:run(106)) - ce8ac917-2646-4112-adf7-d577593fabcb:group-0EC8D23D101B changes to CANDIDATE, lastRpcTime:1145, electionTimeout:1144ms
2019-09-25 05:31:49,247 [Thread-918] INFO  impl.RoleInfo (RoleInfo.java:shutdownFollowerState(121)) - ce8ac917-2646-4112-adf7-d577593fabcb: shutdown FollowerState
2019-09-25 05:31:49,247 [Thread-918] INFO  impl.RaftServerImpl (RaftServerImpl.java:setRole(174)) - ce8ac917-2646-4112-adf7-d577593fabcb@group-0EC8D23D101B: changes role from  FOLLOWER to CANDIDATE at term 7 for changeToCandidate
2019-09-25 05:31:49,247 [Thread-918] INFO  impl.RoleInfo (RoleInfo.java:updateAndGet(143)) - ce8ac917-2646-4112-adf7-d577593fabcb: start LeaderElection
2019-09-25 05:31:49,303 [Thread-930] INFO  impl.FollowerState (FollowerState.java:run(106)) - f9c12371-c091-4b4a-8db2-6f0db97bbab3:group-0EC8D23D101B changes to CANDIDATE, lastRpcTime:1193, electionTimeout:1193ms
2019-09-25 05:31:49,303 [Thread-930] INFO  impl.RoleInfo (RoleInfo.java:shutdownFollowerState(121)) - f9c12371-c091-4b4a-8db2-6f0db97bbab3: shutdown FollowerState
2019-09-25 05:31:49,303 [Thread-930] INFO  impl.RaftServerImpl (RaftServerImpl.java:setRole(174)) - f9c12371-c091-4b4a-8db2-6f0db97bbab3@group-0EC8D23D101B: changes role from  FOLLOWER to CANDIDATE at term 7 for changeToCandidate
2019-09-25 05:31:49,303 [Thread-930] INFO  impl.RoleInfo (RoleInfo.java:updateAndGet(143)) - f9c12371-c091-4b4a-8db2-6f0db97bbab3: start LeaderElection
2019-09-25 05:31:49,424 [5c3318fc-c419-4298-b427-bf5a9ca27bf0@group-21C2C432FD88:LeaderElection141] INFO  impl.LeaderElection (LeaderElection.java:askForVotes(182)) - 5c3318fc-c419-4298-b427-bf5a9ca27bf0@group-21C2C432FD88:LeaderElection141: begin an election at term 11 for -1: [5c3318fc-c419-4298-b427-bf5a9ca27bf0:192.168.36.126:46795, 61946a22-29ed-4e77-8449-fae4cd9869e9:192.168.36.126:36814, 0d4a37ed-4cec-423a-a360-e4a879eb6bc0:192.168.36.126:37817], old=null
2019-09-25 05:31:49,424 [ce8ac917-2646-4112-adf7-d577593fabcb@group-AEFF648B0F59:LeaderElection139] INFO  impl.LeaderElection (LeaderElection.java:askForVotes(182)) - ce8ac917-2646-4112-adf7-d577593fabcb@group-AEFF648B0F59:LeaderElection139: begin an election at term 8 for -1: [a58d7528-614e-4c39-a3a3-38beaa9905aa:192.168.36.126:37942, f9c12371-c091-4b4a-8db2-6f0db97bbab3:192.168.36.126:46560, ce8ac917-2646-4112-adf7-d577593fabcb:192.168.36.126:37960], old=null
2019-09-25 05:31:49,424 [5c3318fc-c419-4298-b427-bf5a9ca27bf0@group-059250D1A272:LeaderElection140] INFO  impl.LeaderElection (LeaderElection.java:askForVotes(182)) - 5c3318fc-c419-4298-b427-bf5a9ca27bf0@group-059250D1A272:LeaderElection140: begin an election at term 10 for -1: [5c3318fc-c419-4298-b427-bf5a9ca27bf0:192.168.36.126:46795, 61946a22-29ed-4e77-8449-fae4cd9869e9:192.168.36.126:36814, 0d4a37ed-4cec-423a-a360-e4a879eb6bc0:192.168.36.126:37817], old=null
2019-09-25 05:31:49,424 [f9c12371-c091-4b4a-8db2-6f0db97bbab3@group-AEFF648B0F59:LeaderElection138] INFO  impl.LeaderElection (LeaderElection.java:askForVotes(182)) - f9c12371-c091-4b4a-8db2-6f0db97bbab3@group-AEFF648B0F59:LeaderElection138: begin an election at term 8 for -1: [a58d7528-614e-4c39-a3a3-38beaa9905aa:192.168.36.126:37942, f9c12371-c091-4b4a-8db2-6f0db97bbab3:192.168.36.126:46560, ce8ac917-2646-4112-adf7-d577593fabcb:192.168.36.126:37960], old=null
2019-09-25 05:31:49,425 [5c3318fc-c419-4298-b427-bf5a9ca27bf0@group-21C2C432FD88:LeaderElection141] INFO  impl.LeaderElection (LogUtils.java:infoOrTrace(149)) - 5c3318fc-c419-4298-b427-bf5a9ca27bf0@group-21C2C432FD88:LeaderElection141 got exception when requesting votes: {}
java.util.concurrent.ExecutionException: org.apache.ratis.thirdparty.io.grpc.StatusRuntimeException: UNAVAILABLE: io exception
	at java.util.concurrent.FutureTask.report(FutureTask.java:122)
	at java.util.concurrent.FutureTask.get(FutureTask.java:192)
	at org.apache.ratis.server.impl.LeaderElection.waitForResults(LeaderElection.java:263)
	at org.apache.ratis.server.impl.LeaderElection.askForVotes(LeaderElection.java:201)
	at org.apache.ratis.server.impl.LeaderElection.run(LeaderElection.java:133)
	at java.lang.Thread.run(Thread.java:748)
Caused by: org.apache.ratis.thirdparty.io.grpc.StatusRuntimeException: UNAVAILABLE: io exception
	at org.apache.ratis.thirdparty.io.grpc.stub.ClientCalls.toStatusRuntimeException(ClientCalls.java:233)
	at org.apache.ratis.thirdparty.io.grpc.stub.ClientCalls.getUnchecked(ClientCalls.java:214)
	at org.apache.ratis.thirdparty.io.grpc.stub.ClientCalls.blockingUnaryCall(ClientCalls.java:139)
	at org.apache.ratis.proto.grpc.RaftServerProtocolServiceGrpc$RaftServerProtocolServiceBlockingStub.requestVote(RaftServerProtocolServiceGrpc.java:265)
	at org.apache.ratis.grpc.server.GrpcServerProtocolClient.requestVote(GrpcServerProtocolClient.java:90)
	at org.apache.ratis.grpc.server.GrpcService.requestVote(GrpcService.java:204)
	at org.apache.ratis.server.impl.LeaderElection.lambda$submitRequests$1(LeaderElection.java:238)
	at java.util.concurrent.FutureTask.run(FutureTask.java:266)
	at java.util.concurrent.Executors$RunnableAdapter.call(Executors.java:511)
	at java.util.concurrent.FutureTask.run(FutureTask.java:266)
	at java.util.concurrent.ThreadPoolExecutor.runWorker(ThreadPoolExecutor.java:1149)
	at java.util.concurrent.ThreadPoolExecutor$Worker.run(ThreadPoolExecutor.java:624)
	... 1 more
Caused by: org.apache.ratis.thirdparty.io.netty.channel.AbstractChannel$AnnotatedConnectException: Connection refused: /192.168.36.126:36814
	at sun.nio.ch.SocketChannelImpl.checkConnect(Native Method)
	at sun.nio.ch.SocketChannelImpl.finishConnect(SocketChannelImpl.java:717)
	at org.apache.ratis.thirdparty.io.netty.channel.socket.nio.NioSocketChannel.doFinishConnect(NioSocketChannel.java:327)
	at org.apache.ratis.thirdparty.io.netty.channel.nio.AbstractNioChannel$AbstractNioUnsafe.finishConnect(AbstractNioChannel.java:340)
	at org.apache.ratis.thirdparty.io.netty.channel.nio.NioEventLoop.processSelectedKey(NioEventLoop.java:632)
	at org.apache.ratis.thirdparty.io.netty.channel.nio.NioEventLoop.processSelectedKeysOptimized(NioEventLoop.java:579)
	at org.apache.ratis.thirdparty.io.netty.channel.nio.NioEventLoop.processSelectedKeys(NioEventLoop.java:496)
	at org.apache.ratis.thirdparty.io.netty.channel.nio.NioEventLoop.run(NioEventLoop.java:458)
	at org.apache.ratis.thirdparty.io.netty.util.concurrent.SingleThreadEventExecutor$5.run(SingleThreadEventExecutor.java:897)
	at org.apache.ratis.thirdparty.io.netty.util.concurrent.FastThreadLocalRunnable.run(FastThreadLocalRunnable.java:30)
	... 1 more
Caused by: java.net.ConnectException: Connection refused
	... 11 more
2019-09-25 05:31:49,429 [5c3318fc-c419-4298-b427-bf5a9ca27bf0@group-059250D1A272:LeaderElection140] INFO  impl.LeaderElection (LogUtils.java:infoOrTrace(149)) - 5c3318fc-c419-4298-b427-bf5a9ca27bf0@group-059250D1A272:LeaderElection140 got exception when requesting votes: {}
java.util.concurrent.ExecutionException: org.apache.ratis.thirdparty.io.grpc.StatusRuntimeException: UNAVAILABLE: io exception
	at java.util.concurrent.FutureTask.report(FutureTask.java:122)
	at java.util.concurrent.FutureTask.get(FutureTask.java:192)
	at org.apache.ratis.server.impl.LeaderElection.waitForResults(LeaderElection.java:263)
	at org.apache.ratis.server.impl.LeaderElection.askForVotes(LeaderElection.java:201)
	at org.apache.ratis.server.impl.LeaderElection.run(LeaderElection.java:133)
	at java.lang.Thread.run(Thread.java:748)
Caused by: org.apache.ratis.thirdparty.io.grpc.StatusRuntimeException: UNAVAILABLE: io exception
	at org.apache.ratis.thirdparty.io.grpc.stub.ClientCalls.toStatusRuntimeException(ClientCalls.java:233)
	at org.apache.ratis.thirdparty.io.grpc.stub.ClientCalls.getUnchecked(ClientCalls.java:214)
	at org.apache.ratis.thirdparty.io.grpc.stub.ClientCalls.blockingUnaryCall(ClientCalls.java:139)
	at org.apache.ratis.proto.grpc.RaftServerProtocolServiceGrpc$RaftServerProtocolServiceBlockingStub.requestVote(RaftServerProtocolServiceGrpc.java:265)
	at org.apache.ratis.grpc.server.GrpcServerProtocolClient.requestVote(GrpcServerProtocolClient.java:90)
	at org.apache.ratis.grpc.server.GrpcService.requestVote(GrpcService.java:204)
	at org.apache.ratis.server.impl.LeaderElection.lambda$submitRequests$1(LeaderElection.java:238)
	at java.util.concurrent.FutureTask.run(FutureTask.java:266)
	at java.util.concurrent.Executors$RunnableAdapter.call(Executors.java:511)
	at java.util.concurrent.FutureTask.run(FutureTask.java:266)
	at java.util.concurrent.ThreadPoolExecutor.runWorker(ThreadPoolExecutor.java:1149)
	at java.util.concurrent.ThreadPoolExecutor$Worker.run(ThreadPoolExecutor.java:624)
	... 1 more
Caused by: org.apache.ratis.thirdparty.io.netty.channel.AbstractChannel$AnnotatedConnectException: Connection refused: /192.168.36.126:36814
	at sun.nio.ch.SocketChannelImpl.checkConnect(Native Method)
	at sun.nio.ch.SocketChannelImpl.finishConnect(SocketChannelImpl.java:717)
	at org.apache.ratis.thirdparty.io.netty.channel.socket.nio.NioSocketChannel.doFinishConnect(NioSocketChannel.java:327)
	at org.apache.ratis.thirdparty.io.netty.channel.nio.AbstractNioChannel$AbstractNioUnsafe.finishConnect(AbstractNioChannel.java:340)
	at org.apache.ratis.thirdparty.io.netty.channel.nio.NioEventLoop.processSelectedKey(NioEventLoop.java:632)
	at org.apache.ratis.thirdparty.io.netty.channel.nio.NioEventLoop.processSelectedKeysOptimized(NioEventLoop.java:579)
	at org.apache.ratis.thirdparty.io.netty.channel.nio.NioEventLoop.processSelectedKeys(NioEventLoop.java:496)
	at org.apache.ratis.thirdparty.io.netty.channel.nio.NioEventLoop.run(NioEventLoop.java:458)
	at org.apache.ratis.thirdparty.io.netty.util.concurrent.SingleThreadEventExecutor$5.run(SingleThreadEventExecutor.java:897)
	at org.apache.ratis.thirdparty.io.netty.util.concurrent.FastThreadLocalRunnable.run(FastThreadLocalRunnable.java:30)
	... 1 more
Caused by: java.net.ConnectException: Connection refused
	... 11 more
2019-09-25 05:31:49,523 [f9c12371-c091-4b4a-8db2-6f0db97bbab3@group-43825EC81F5D:LeaderElection145] INFO  impl.LeaderElection (LeaderElection.java:askForVotes(182)) - f9c12371-c091-4b4a-8db2-6f0db97bbab3@group-43825EC81F5D:LeaderElection145: begin an election at term 4 for -1: [a58d7528-614e-4c39-a3a3-38beaa9905aa:192.168.36.126:37942, f9c12371-c091-4b4a-8db2-6f0db97bbab3:192.168.36.126:46560, ce8ac917-2646-4112-adf7-d577593fabcb:192.168.36.126:37960], old=null
2019-09-25 05:31:49,523 [f9c12371-c091-4b4a-8db2-6f0db97bbab3@group-0EC8D23D101B:LeaderElection152] INFO  impl.LeaderElection (LeaderElection.java:askForVotes(182)) - f9c12371-c091-4b4a-8db2-6f0db97bbab3@group-0EC8D23D101B:LeaderElection152: begin an election at term 8 for -1: [a58d7528-614e-4c39-a3a3-38beaa9905aa:192.168.36.126:37942, f9c12371-c091-4b4a-8db2-6f0db97bbab3:192.168.36.126:46560, ce8ac917-2646-4112-adf7-d577593fabcb:192.168.36.126:37960], old=null
2019-09-25 05:31:49,523 [ce8ac917-2646-4112-adf7-d577593fabcb@group-43825EC81F5D:LeaderElection144] INFO  impl.LeaderElection (LeaderElection.java:askForVotes(182)) - ce8ac917-2646-4112-adf7-d577593fabcb@group-43825EC81F5D:LeaderElection144: begin an election at term 4 for -1: [a58d7528-614e-4c39-a3a3-38beaa9905aa:192.168.36.126:37942, f9c12371-c091-4b4a-8db2-6f0db97bbab3:192.168.36.126:46560, ce8ac917-2646-4112-adf7-d577593fabcb:192.168.36.126:37960], old=null
2019-09-25 05:31:49,523 [a58d7528-614e-4c39-a3a3-38beaa9905aa@group-AEFF648B0F59:LeaderElection148] INFO  impl.LeaderElection (LeaderElection.java:askForVotes(182)) - a58d7528-614e-4c39-a3a3-38beaa9905aa@group-AEFF648B0F59:LeaderElection148: begin an election at term 8 for -1: [a58d7528-614e-4c39-a3a3-38beaa9905aa:192.168.36.126:37942, f9c12371-c091-4b4a-8db2-6f0db97bbab3:192.168.36.126:46560, ce8ac917-2646-4112-adf7-d577593fabcb:192.168.36.126:37960], old=null
2019-09-25 05:31:49,523 [616f9f8f-9479-40f4-8c03-f125dcbf9c7f@group-60724A24602F:LeaderElection143] INFO  impl.LeaderElection (LeaderElection.java:askForVotes(182)) - 616f9f8f-9479-40f4-8c03-f125dcbf9c7f@group-60724A24602F:LeaderElection143: begin an election at term 10 for -1: [616f9f8f-9479-40f4-8c03-f125dcbf9c7f:192.168.36.126:39694, e997a993-6131-47bf-96c8-764e04cb5c0e:192.168.36.126:37678, fd2f3f79-5d7b-4d37-bb24-b15dfe7f18d7:192.168.36.126:42280], old=null
2019-09-25 05:31:49,523 [a58d7528-614e-4c39-a3a3-38beaa9905aa@group-43825EC81F5D:LeaderElection146] INFO  impl.LeaderElection (LeaderElection.java:askForVotes(182)) - a58d7528-614e-4c39-a3a3-38beaa9905aa@group-43825EC81F5D:LeaderElection146: begin an election at term 4 for -1: [a58d7528-614e-4c39-a3a3-38beaa9905aa:192.168.36.126:37942, f9c12371-c091-4b4a-8db2-6f0db97bbab3:192.168.36.126:46560, ce8ac917-2646-4112-adf7-d577593fabcb:192.168.36.126:37960], old=null
2019-09-25 05:31:49,523 [a58d7528-614e-4c39-a3a3-38beaa9905aa@group-0EC8D23D101B:LeaderElection142] INFO  impl.LeaderElection (LeaderElection.java:askForVotes(182)) - a58d7528-614e-4c39-a3a3-38beaa9905aa@group-0EC8D23D101B:LeaderElection142: begin an election at term 8 for -1: [a58d7528-614e-4c39-a3a3-38beaa9905aa:192.168.36.126:37942, f9c12371-c091-4b4a-8db2-6f0db97bbab3:192.168.36.126:46560, ce8ac917-2646-4112-adf7-d577593fabcb:192.168.36.126:37960], old=null
2019-09-25 05:31:49,523 [e997a993-6131-47bf-96c8-764e04cb5c0e@group-60724A24602F:LeaderElection147] INFO  impl.LeaderElection (LeaderElection.java:askForVotes(182)) - e997a993-6131-47bf-96c8-764e04cb5c0e@group-60724A24602F:LeaderElection147: begin an election at term 10 for -1: [616f9f8f-9479-40f4-8c03-f125dcbf9c7f:192.168.36.126:39694, e997a993-6131-47bf-96c8-764e04cb5c0e:192.168.36.126:37678, fd2f3f79-5d7b-4d37-bb24-b15dfe7f18d7:192.168.36.126:42280], old=null
2019-09-25 05:31:49,523 [0d4a37ed-4cec-423a-a360-e4a879eb6bc0@group-059250D1A272:LeaderElection150] INFO  impl.LeaderElection (LeaderElection.java:askForVotes(182)) - 0d4a37ed-4cec-423a-a360-e4a879eb6bc0@group-059250D1A272:LeaderElection150: begin an election at term 10 for -1: [5c3318fc-c419-4298-b427-bf5a9ca27bf0:192.168.36.126:46795, 61946a22-29ed-4e77-8449-fae4cd9869e9:192.168.36.126:36814, 0d4a37ed-4cec-423a-a360-e4a879eb6bc0:192.168.36.126:37817], old=null
2019-09-25 05:31:49,523 [0d4a37ed-4cec-423a-a360-e4a879eb6bc0@group-21C2C432FD88:LeaderElection149] INFO  impl.LeaderElection (LeaderElection.java:askForVotes(182)) - 0d4a37ed-4cec-423a-a360-e4a879eb6bc0@group-21C2C432FD88:LeaderElection149: begin an election at term 11 for -1: [5c3318fc-c419-4298-b427-bf5a9ca27bf0:192.168.36.126:46795, 61946a22-29ed-4e77-8449-fae4cd9869e9:192.168.36.126:36814, 0d4a37ed-4cec-423a-a360-e4a879eb6bc0:192.168.36.126:37817], old=null
2019-09-25 05:31:49,523 [ce8ac917-2646-4112-adf7-d577593fabcb@group-0EC8D23D101B:LeaderElection151] INFO  impl.LeaderElection (LeaderElection.java:askForVotes(182)) - ce8ac917-2646-4112-adf7-d577593fabcb@group-0EC8D23D101B:LeaderElection151: begin an election at term 8 for -1: [a58d7528-614e-4c39-a3a3-38beaa9905aa:192.168.36.126:37942, f9c12371-c091-4b4a-8db2-6f0db97bbab3:192.168.36.126:46560, ce8ac917-2646-4112-adf7-d577593fabcb:192.168.36.126:37960], old=null
2019-09-25 05:31:49,525 [f9c12371-c091-4b4a-8db2-6f0db97bbab3@group-AEFF648B0F59:LeaderElection138] INFO  impl.LeaderElection (LeaderElection.java:logAndReturn(56)) - f9c12371-c091-4b4a-8db2-6f0db97bbab3@group-AEFF648B0F59:LeaderElection138: Election REJECTED; received 2 response(s) [f9c12371-c091-4b4a-8db2-6f0db97bbab3<-a58d7528-614e-4c39-a3a3-38beaa9905aa#0:FAIL-t8, f9c12371-c091-4b4a-8db2-6f0db97bbab3<-ce8ac917-2646-4112-adf7-d577593fabcb#0:FAIL-t8] and 0 exception(s); f9c12371-c091-4b4a-8db2-6f0db97bbab3@group-AEFF648B0F59:t8, leader=null, voted=f9c12371-c091-4b4a-8db2-6f0db97bbab3, raftlog=f9c12371-c091-4b4a-8db2-6f0db97bbab3@group-AEFF648B0F59-SegmentedRaftLog:OPENED:c-1,f-1,i0, conf=-1: [a58d7528-614e-4c39-a3a3-38beaa9905aa:192.168.36.126:37942, f9c12371-c091-4b4a-8db2-6f0db97bbab3:192.168.36.126:46560, ce8ac917-2646-4112-adf7-d577593fabcb:192.168.36.126:37960], old=null
2019-09-25 05:31:49,524 [ce8ac917-2646-4112-adf7-d577593fabcb@group-AEFF648B0F59:LeaderElection139] INFO  impl.LeaderElection (LeaderElection.java:logAndReturn(56)) - ce8ac917-2646-4112-adf7-d577593fabcb@group-AEFF648B0F59:LeaderElection139: Election REJECTED; received 2 response(s) [ce8ac917-2646-4112-adf7-d577593fabcb<-a58d7528-614e-4c39-a3a3-38beaa9905aa#0:FAIL-t8, ce8ac917-2646-4112-adf7-d577593fabcb<-f9c12371-c091-4b4a-8db2-6f0db97bbab3#0:FAIL-t8] and 0 exception(s); ce8ac917-2646-4112-adf7-d577593fabcb@group-AEFF648B0F59:t8, leader=null, voted=ce8ac917-2646-4112-adf7-d577593fabcb, raftlog=ce8ac917-2646-4112-adf7-d577593fabcb@group-AEFF648B0F59-SegmentedRaftLog:OPENED:c-1,f-1,i0, conf=-1: [a58d7528-614e-4c39-a3a3-38beaa9905aa:192.168.36.126:37942, f9c12371-c091-4b4a-8db2-6f0db97bbab3:192.168.36.126:46560, ce8ac917-2646-4112-adf7-d577593fabcb:192.168.36.126:37960], old=null
2019-09-25 05:31:49,525 [5c3318fc-c419-4298-b427-bf5a9ca27bf0@group-21C2C432FD88:LeaderElection141] INFO  impl.LeaderElection (LeaderElection.java:logAndReturn(56)) - 5c3318fc-c419-4298-b427-bf5a9ca27bf0@group-21C2C432FD88:LeaderElection141: Election REJECTED; received 1 response(s) [5c3318fc-c419-4298-b427-bf5a9ca27bf0<-0d4a37ed-4cec-423a-a360-e4a879eb6bc0#0:FAIL-t11] and 1 exception(s); 5c3318fc-c419-4298-b427-bf5a9ca27bf0@group-21C2C432FD88:t11, leader=null, voted=5c3318fc-c419-4298-b427-bf5a9ca27bf0, raftlog=5c3318fc-c419-4298-b427-bf5a9ca27bf0@group-21C2C432FD88-SegmentedRaftLog:OPENED:c-1,f-1,i0, conf=-1: [5c3318fc-c419-4298-b427-bf5a9ca27bf0:192.168.36.126:46795, 61946a22-29ed-4e77-8449-fae4cd9869e9:192.168.36.126:36814, 0d4a37ed-4cec-423a-a360-e4a879eb6bc0:192.168.36.126:37817], old=null
2019-09-25 05:31:49,525 [5c3318fc-c419-4298-b427-bf5a9ca27bf0@group-21C2C432FD88:LeaderElection141] INFO  impl.LeaderElection (LogUtils.java:infoOrTrace(149)) -   Exception 0: {}
java.util.concurrent.ExecutionException: org.apache.ratis.thirdparty.io.grpc.StatusRuntimeException: UNAVAILABLE: io exception
	at java.util.concurrent.FutureTask.report(FutureTask.java:122)
	at java.util.concurrent.FutureTask.get(FutureTask.java:192)
	at org.apache.ratis.server.impl.LeaderElection.waitForResults(LeaderElection.java:263)
	at org.apache.ratis.server.impl.LeaderElection.askForVotes(LeaderElection.java:201)
	at org.apache.ratis.server.impl.LeaderElection.run(LeaderElection.java:133)
	at java.lang.Thread.run(Thread.java:748)
Caused by: org.apache.ratis.thirdparty.io.grpc.StatusRuntimeException: UNAVAILABLE: io exception
	at org.apache.ratis.thirdparty.io.grpc.stub.ClientCalls.toStatusRuntimeException(ClientCalls.java:233)
	at org.apache.ratis.thirdparty.io.grpc.stub.ClientCalls.getUnchecked(ClientCalls.java:214)
	at org.apache.ratis.thirdparty.io.grpc.stub.ClientCalls.blockingUnaryCall(ClientCalls.java:139)
	at org.apache.ratis.proto.grpc.RaftServerProtocolServiceGrpc$RaftServerProtocolServiceBlockingStub.requestVote(RaftServerProtocolServiceGrpc.java:265)
	at org.apache.ratis.grpc.server.GrpcServerProtocolClient.requestVote(GrpcServerProtocolClient.java:90)
	at org.apache.ratis.grpc.server.GrpcService.requestVote(GrpcService.java:204)
	at org.apache.ratis.server.impl.LeaderElection.lambda$submitRequests$1(LeaderElection.java:238)
	at java.util.concurrent.FutureTask.run(FutureTask.java:266)
	at java.util.concurrent.Executors$RunnableAdapter.call(Executors.java:511)
	at java.util.concurrent.FutureTask.run(FutureTask.java:266)
	at java.util.concurrent.ThreadPoolExecutor.runWorker(ThreadPoolExecutor.java:1149)
	at java.util.concurrent.ThreadPoolExecutor$Worker.run(ThreadPoolExecutor.java:624)
	... 1 more
Caused by: org.apache.ratis.thirdparty.io.netty.channel.AbstractChannel$AnnotatedConnectException: Connection refused: /192.168.36.126:36814
	at sun.nio.ch.SocketChannelImpl.checkConnect(Native Method)
	at sun.nio.ch.SocketChannelImpl.finishConnect(SocketChannelImpl.java:717)
	at org.apache.ratis.thirdparty.io.netty.channel.socket.nio.NioSocketChannel.doFinishConnect(NioSocketChannel.java:327)
	at org.apache.ratis.thirdparty.io.netty.channel.nio.AbstractNioChannel$AbstractNioUnsafe.finishConnect(AbstractNioChannel.java:340)
	at org.apache.ratis.thirdparty.io.netty.channel.nio.NioEventLoop.processSelectedKey(NioEventLoop.java:632)
	at org.apache.ratis.thirdparty.io.netty.channel.nio.NioEventLoop.processSelectedKeysOptimized(NioEventLoop.java:579)
	at org.apache.ratis.thirdparty.io.netty.channel.nio.NioEventLoop.processSelectedKeys(NioEventLoop.java:496)
	at org.apache.ratis.thirdparty.io.netty.channel.nio.NioEventLoop.run(NioEventLoop.java:458)
	at org.apache.ratis.thirdparty.io.netty.util.concurrent.SingleThreadEventExecutor$5.run(SingleThreadEventExecutor.java:897)
	at org.apache.ratis.thirdparty.io.netty.util.concurrent.FastThreadLocalRunnable.run(FastThreadLocalRunnable.java:30)
	... 1 more
Caused by: java.net.ConnectException: Connection refused
	... 11 more
2019-09-25 05:31:49,525 [5c3318fc-c419-4298-b427-bf5a9ca27bf0@group-059250D1A272:LeaderElection140] INFO  impl.LeaderElection (LeaderElection.java:logAndReturn(56)) - 5c3318fc-c419-4298-b427-bf5a9ca27bf0@group-059250D1A272:LeaderElection140: Election REJECTED; received 1 response(s) [5c3318fc-c419-4298-b427-bf5a9ca27bf0<-0d4a37ed-4cec-423a-a360-e4a879eb6bc0#0:FAIL-t10] and 1 exception(s); 5c3318fc-c419-4298-b427-bf5a9ca27bf0@group-059250D1A272:t10, leader=null, voted=5c3318fc-c419-4298-b427-bf5a9ca27bf0, raftlog=5c3318fc-c419-4298-b427-bf5a9ca27bf0@group-059250D1A272-SegmentedRaftLog:OPENED:c-1,f-1,i0, conf=-1: [5c3318fc-c419-4298-b427-bf5a9ca27bf0:192.168.36.126:46795, 61946a22-29ed-4e77-8449-fae4cd9869e9:192.168.36.126:36814, 0d4a37ed-4cec-423a-a360-e4a879eb6bc0:192.168.36.126:37817], old=null
2019-09-25 05:31:49,525 [f9c12371-c091-4b4a-8db2-6f0db97bbab3@group-AEFF648B0F59:LeaderElection138] INFO  impl.RaftServerImpl (RaftServerImpl.java:setRole(174)) - f9c12371-c091-4b4a-8db2-6f0db97bbab3@group-AEFF648B0F59: changes role from CANDIDATE to FOLLOWER at term 8 for DISCOVERED_A_NEW_TERM
2019-09-25 05:31:49,527 [f9c12371-c091-4b4a-8db2-6f0db97bbab3@group-AEFF648B0F59:LeaderElection138] INFO  impl.RoleInfo (RoleInfo.java:shutdownLeaderElection(134)) - f9c12371-c091-4b4a-8db2-6f0db97bbab3: shutdown LeaderElection
2019-09-25 05:31:49,527 [5c3318fc-c419-4298-b427-bf5a9ca27bf0@group-059250D1A272:LeaderElection140] INFO  impl.LeaderElection (LogUtils.java:infoOrTrace(149)) -   Exception 0: {}
java.util.concurrent.ExecutionException: org.apache.ratis.thirdparty.io.grpc.StatusRuntimeException: UNAVAILABLE: io exception
	at java.util.concurrent.FutureTask.report(FutureTask.java:122)
	at java.util.concurrent.FutureTask.get(FutureTask.java:192)
	at org.apache.ratis.server.impl.LeaderElection.waitForResults(LeaderElection.java:263)
	at org.apache.ratis.server.impl.LeaderElection.askForVotes(LeaderElection.java:201)
	at org.apache.ratis.server.impl.LeaderElection.run(LeaderElection.java:133)
	at java.lang.Thread.run(Thread.java:748)
Caused by: org.apache.ratis.thirdparty.io.grpc.StatusRuntimeException: UNAVAILABLE: io exception
	at org.apache.ratis.thirdparty.io.grpc.stub.ClientCalls.toStatusRuntimeException(ClientCalls.java:233)
	at org.apache.ratis.thirdparty.io.grpc.stub.ClientCalls.getUnchecked(ClientCalls.java:214)
	at org.apache.ratis.thirdparty.io.grpc.stub.ClientCalls.blockingUnaryCall(ClientCalls.java:139)
	at org.apache.ratis.proto.grpc.RaftServerProtocolServiceGrpc$RaftServerProtocolServiceBlockingStub.requestVote(RaftServerProtocolServiceGrpc.java:265)
	at org.apache.ratis.grpc.server.GrpcServerProtocolClient.requestVote(GrpcServerProtocolClient.java:90)
	at org.apache.ratis.grpc.server.GrpcService.requestVote(GrpcService.java:204)
	at org.apache.ratis.server.impl.LeaderElection.lambda$submitRequests$1(LeaderElection.java:238)
	at java.util.concurrent.FutureTask.run(FutureTask.java:266)
	at java.util.concurrent.Executors$RunnableAdapter.call(Executors.java:511)
	at java.util.concurrent.FutureTask.run(FutureTask.java:266)
	at java.util.concurrent.ThreadPoolExecutor.runWorker(ThreadPoolExecutor.java:1149)
	at java.util.concurrent.ThreadPoolExecutor$Worker.run(ThreadPoolExecutor.java:624)
	... 1 more
Caused by: org.apache.ratis.thirdparty.io.netty.channel.AbstractChannel$AnnotatedConnectException: Connection refused: /192.168.36.126:36814
	at sun.nio.ch.SocketChannelImpl.checkConnect(Native Method)
	at sun.nio.ch.SocketChannelImpl.finishConnect(SocketChannelImpl.java:717)
	at org.apache.ratis.thirdparty.io.netty.channel.socket.nio.NioSocketChannel.doFinishConnect(NioSocketChannel.java:327)
	at org.apache.ratis.thirdparty.io.netty.channel.nio.AbstractNioChannel$AbstractNioUnsafe.finishConnect(AbstractNioChannel.java:340)
	at org.apache.ratis.thirdparty.io.netty.channel.nio.NioEventLoop.processSelectedKey(NioEventLoop.java:632)
	at org.apache.ratis.thirdparty.io.netty.channel.nio.NioEventLoop.processSelectedKeysOptimized(NioEventLoop.java:579)
	at org.apache.ratis.thirdparty.io.netty.channel.nio.NioEventLoop.processSelectedKeys(NioEventLoop.java:496)
	at org.apache.ratis.thirdparty.io.netty.channel.nio.NioEventLoop.run(NioEventLoop.java:458)
	at org.apache.ratis.thirdparty.io.netty.util.concurrent.SingleThreadEventExecutor$5.run(SingleThreadEventExecutor.java:897)
	at org.apache.ratis.thirdparty.io.netty.util.concurrent.FastThreadLocalRunnable.run(FastThreadLocalRunnable.java:30)
	... 1 more
Caused by: java.net.ConnectException: Connection refused
	... 11 more
2019-09-25 05:31:49,527 [616f9f8f-9479-40f4-8c03-f125dcbf9c7f@group-60724A24602F:LeaderElection143] INFO  impl.LeaderElection (LogUtils.java:infoOrTrace(149)) - 616f9f8f-9479-40f4-8c03-f125dcbf9c7f@group-60724A24602F:LeaderElection143 got exception when requesting votes: {}
java.util.concurrent.ExecutionException: org.apache.ratis.thirdparty.io.grpc.StatusRuntimeException: UNAVAILABLE: io exception
	at java.util.concurrent.FutureTask.report(FutureTask.java:122)
	at java.util.concurrent.FutureTask.get(FutureTask.java:192)
	at org.apache.ratis.server.impl.LeaderElection.waitForResults(LeaderElection.java:263)
	at org.apache.ratis.server.impl.LeaderElection.askForVotes(LeaderElection.java:201)
	at org.apache.ratis.server.impl.LeaderElection.run(LeaderElection.java:133)
	at java.lang.Thread.run(Thread.java:748)
Caused by: org.apache.ratis.thirdparty.io.grpc.StatusRuntimeException: UNAVAILABLE: io exception
	at org.apache.ratis.thirdparty.io.grpc.stub.ClientCalls.toStatusRuntimeException(ClientCalls.java:233)
	at org.apache.ratis.thirdparty.io.grpc.stub.ClientCalls.getUnchecked(ClientCalls.java:214)
	at org.apache.ratis.thirdparty.io.grpc.stub.ClientCalls.blockingUnaryCall(ClientCalls.java:139)
	at org.apache.ratis.proto.grpc.RaftServerProtocolServiceGrpc$RaftServerProtocolServiceBlockingStub.requestVote(RaftServerProtocolServiceGrpc.java:265)
	at org.apache.ratis.grpc.server.GrpcServerProtocolClient.requestVote(GrpcServerProtocolClient.java:90)
	at org.apache.ratis.grpc.server.GrpcService.requestVote(GrpcService.java:204)
	at org.apache.ratis.server.impl.LeaderElection.lambda$submitRequests$1(LeaderElection.java:238)
	at java.util.concurrent.FutureTask.run(FutureTask.java:266)
	at java.util.concurrent.Executors$RunnableAdapter.call(Executors.java:511)
	at java.util.concurrent.FutureTask.run(FutureTask.java:266)
	at java.util.concurrent.ThreadPoolExecutor.runWorker(ThreadPoolExecutor.java:1149)
	at java.util.concurrent.ThreadPoolExecutor$Worker.run(ThreadPoolExecutor.java:624)
	... 1 more
Caused by: org.apache.ratis.thirdparty.io.netty.channel.AbstractChannel$AnnotatedConnectException: Connection refused: /192.168.36.126:42280
	at sun.nio.ch.SocketChannelImpl.checkConnect(Native Method)
	at sun.nio.ch.SocketChannelImpl.finishConnect(SocketChannelImpl.java:717)
	at org.apache.ratis.thirdparty.io.netty.channel.socket.nio.NioSocketChannel.doFinishConnect(NioSocketChannel.java:327)
	at org.apache.ratis.thirdparty.io.netty.channel.nio.AbstractNioChannel$AbstractNioUnsafe.finishConnect(AbstractNioChannel.java:340)
	at org.apache.ratis.thirdparty.io.netty.channel.nio.NioEventLoop.processSelectedKey(NioEventLoop.java:632)
	at org.apache.ratis.thirdparty.io.netty.channel.nio.NioEventLoop.processSelectedKeysOptimized(NioEventLoop.java:579)
	at org.apache.ratis.thirdparty.io.netty.channel.nio.NioEventLoop.processSelectedKeys(NioEventLoop.java:496)
	at org.apache.ratis.thirdparty.io.netty.channel.nio.NioEventLoop.run(NioEventLoop.java:458)
	at org.apache.ratis.thirdparty.io.netty.util.concurrent.SingleThreadEventExecutor$5.run(SingleThreadEventExecutor.java:897)
	at org.apache.ratis.thirdparty.io.netty.util.concurrent.FastThreadLocalRunnable.run(FastThreadLocalRunnable.java:30)
	... 1 more
Caused by: java.net.ConnectException: Connection refused
	... 11 more
2019-09-25 05:31:49,527 [5c3318fc-c419-4298-b427-bf5a9ca27bf0@group-21C2C432FD88:LeaderElection141] INFO  impl.RaftServerImpl (RaftServerImpl.java:setRole(174)) - 5c3318fc-c419-4298-b427-bf5a9ca27bf0@group-21C2C432FD88: changes role from CANDIDATE to FOLLOWER at term 11 for DISCOVERED_A_NEW_TERM
2019-09-25 05:31:49,527 [f9c12371-c091-4b4a-8db2-6f0db97bbab3@group-AEFF648B0F59:LeaderElection138] INFO  impl.RoleInfo (RoleInfo.java:updateAndGet(143)) - f9c12371-c091-4b4a-8db2-6f0db97bbab3: start FollowerState
2019-09-25 05:31:49,527 [e997a993-6131-47bf-96c8-764e04cb5c0e@group-60724A24602F:LeaderElection147] INFO  impl.LeaderElection (LogUtils.java:infoOrTrace(149)) - e997a993-6131-47bf-96c8-764e04cb5c0e@group-60724A24602F:LeaderElection147 got exception when requesting votes: {}
java.util.concurrent.ExecutionException: org.apache.ratis.thirdparty.io.grpc.StatusRuntimeException: UNAVAILABLE: io exception
	at java.util.concurrent.FutureTask.report(FutureTask.java:122)
	at java.util.concurrent.FutureTask.get(FutureTask.java:192)
	at org.apache.ratis.server.impl.LeaderElection.waitForResults(LeaderElection.java:263)
	at org.apache.ratis.server.impl.LeaderElection.askForVotes(LeaderElection.java:201)
	at org.apache.ratis.server.impl.LeaderElection.run(LeaderElection.java:133)
	at java.lang.Thread.run(Thread.java:748)
Caused by: org.apache.ratis.thirdparty.io.grpc.StatusRuntimeException: UNAVAILABLE: io exception
	at org.apache.ratis.thirdparty.io.grpc.stub.ClientCalls.toStatusRuntimeException(ClientCalls.java:233)
	at org.apache.ratis.thirdparty.io.grpc.stub.ClientCalls.getUnchecked(ClientCalls.java:214)
	at org.apache.ratis.thirdparty.io.grpc.stub.ClientCalls.blockingUnaryCall(ClientCalls.java:139)
	at org.apache.ratis.proto.grpc.RaftServerProtocolServiceGrpc$RaftServerProtocolServiceBlockingStub.requestVote(RaftServerProtocolServiceGrpc.java:265)
	at org.apache.ratis.grpc.server.GrpcServerProtocolClient.requestVote(GrpcServerProtocolClient.java:90)
	at org.apache.ratis.grpc.server.GrpcService.requestVote(GrpcService.java:204)
	at org.apache.ratis.server.impl.LeaderElection.lambda$submitRequests$1(LeaderElection.java:238)
	at java.util.concurrent.FutureTask.run(FutureTask.java:266)
	at java.util.concurrent.Executors$RunnableAdapter.call(Executors.java:511)
	at java.util.concurrent.FutureTask.run(FutureTask.java:266)
	at java.util.concurrent.ThreadPoolExecutor.runWorker(ThreadPoolExecutor.java:1149)
	at java.util.concurrent.ThreadPoolExecutor$Worker.run(ThreadPoolExecutor.java:624)
	... 1 more
Caused by: org.apache.ratis.thirdparty.io.netty.channel.AbstractChannel$AnnotatedConnectException: Connection refused: /192.168.36.126:42280
	at sun.nio.ch.SocketChannelImpl.checkConnect(Native Method)
	at sun.nio.ch.SocketChannelImpl.finishConnect(SocketChannelImpl.java:717)
	at org.apache.ratis.thirdparty.io.netty.channel.socket.nio.NioSocketChannel.doFinishConnect(NioSocketChannel.java:327)
	at org.apache.ratis.thirdparty.io.netty.channel.nio.AbstractNioChannel$AbstractNioUnsafe.finishConnect(AbstractNioChannel.java:340)
	at org.apache.ratis.thirdparty.io.netty.channel.nio.NioEventLoop.processSelectedKey(NioEventLoop.java:632)
	at org.apache.ratis.thirdparty.io.netty.channel.nio.NioEventLoop.processSelectedKeysOptimized(NioEventLoop.java:579)
	at org.apache.ratis.thirdparty.io.netty.channel.nio.NioEventLoop.processSelectedKeys(NioEventLoop.java:496)
	at org.apache.ratis.thirdparty.io.netty.channel.nio.NioEventLoop.run(NioEventLoop.java:458)
	at org.apache.ratis.thirdparty.io.netty.util.concurrent.SingleThreadEventExecutor$5.run(SingleThreadEventExecutor.java:897)
	at org.apache.ratis.thirdparty.io.netty.util.concurrent.FastThreadLocalRunnable.run(FastThreadLocalRunnable.java:30)
	... 1 more
Caused by: java.net.ConnectException: Connection refused
	... 11 more
2019-09-25 05:31:49,527 [ce8ac917-2646-4112-adf7-d577593fabcb@group-AEFF648B0F59:LeaderElection139] INFO  impl.RaftServerImpl (RaftServerImpl.java:setRole(174)) - ce8ac917-2646-4112-adf7-d577593fabcb@group-AEFF648B0F59: changes role from CANDIDATE to FOLLOWER at term 8 for DISCOVERED_A_NEW_TERM
2019-09-25 05:31:49,550 [ce8ac917-2646-4112-adf7-d577593fabcb@group-AEFF648B0F59:LeaderElection139] INFO  impl.RoleInfo (RoleInfo.java:shutdownLeaderElection(134)) - ce8ac917-2646-4112-adf7-d577593fabcb: shutdown LeaderElection
2019-09-25 05:31:49,547 [5c3318fc-c419-4298-b427-bf5a9ca27bf0@group-21C2C432FD88:LeaderElection141] INFO  impl.RoleInfo (RoleInfo.java:shutdownLeaderElection(134)) - 5c3318fc-c419-4298-b427-bf5a9ca27bf0: shutdown LeaderElection
2019-09-25 05:31:49,531 [f9c12371-c091-4b4a-8db2-6f0db97bbab3@group-43825EC81F5D:LeaderElection145] INFO  impl.LeaderElection (LeaderElection.java:logAndReturn(56)) - f9c12371-c091-4b4a-8db2-6f0db97bbab3@group-43825EC81F5D:LeaderElection145: Election REJECTED; received 2 response(s) [f9c12371-c091-4b4a-8db2-6f0db97bbab3<-a58d7528-614e-4c39-a3a3-38beaa9905aa#0:FAIL-t4, f9c12371-c091-4b4a-8db2-6f0db97bbab3<-ce8ac917-2646-4112-adf7-d577593fabcb#0:FAIL-t4] and 0 exception(s); f9c12371-c091-4b4a-8db2-6f0db97bbab3@group-43825EC81F5D:t4, leader=null, voted=f9c12371-c091-4b4a-8db2-6f0db97bbab3, raftlog=f9c12371-c091-4b4a-8db2-6f0db97bbab3@group-43825EC81F5D-SegmentedRaftLog:OPENED:c-1,f-1,i0, conf=-1: [a58d7528-614e-4c39-a3a3-38beaa9905aa:192.168.36.126:37942, f9c12371-c091-4b4a-8db2-6f0db97bbab3:192.168.36.126:46560, ce8ac917-2646-4112-adf7-d577593fabcb:192.168.36.126:37960], old=null
2019-09-25 05:31:49,528 [0d4a37ed-4cec-423a-a360-e4a879eb6bc0@group-21C2C432FD88:LeaderElection149] INFO  impl.LeaderElection (LogUtils.java:infoOrTrace(149)) - 0d4a37ed-4cec-423a-a360-e4a879eb6bc0@group-21C2C432FD88:LeaderElection149 got exception when requesting votes: {}
java.util.concurrent.ExecutionException: org.apache.ratis.thirdparty.io.grpc.StatusRuntimeException: UNAVAILABLE: io exception
	at java.util.concurrent.FutureTask.report(FutureTask.java:122)
	at java.util.concurrent.FutureTask.get(FutureTask.java:192)
	at org.apache.ratis.server.impl.LeaderElection.waitForResults(LeaderElection.java:263)
	at org.apache.ratis.server.impl.LeaderElection.askForVotes(LeaderElection.java:201)
	at org.apache.ratis.server.impl.LeaderElection.run(LeaderElection.java:133)
	at java.lang.Thread.run(Thread.java:748)
Caused by: org.apache.ratis.thirdparty.io.grpc.StatusRuntimeException: UNAVAILABLE: io exception
	at org.apache.ratis.thirdparty.io.grpc.stub.ClientCalls.toStatusRuntimeException(ClientCalls.java:233)
	at org.apache.ratis.thirdparty.io.grpc.stub.ClientCalls.getUnchecked(ClientCalls.java:214)
	at org.apache.ratis.thirdparty.io.grpc.stub.ClientCalls.blockingUnaryCall(ClientCalls.java:139)
	at org.apache.ratis.proto.grpc.RaftServerProtocolServiceGrpc$RaftServerProtocolServiceBlockingStub.requestVote(RaftServerProtocolServiceGrpc.java:265)
	at org.apache.ratis.grpc.server.GrpcServerProtocolClient.requestVote(GrpcServerProtocolClient.java:90)
	at org.apache.ratis.grpc.server.GrpcService.requestVote(GrpcService.java:204)
	at org.apache.ratis.server.impl.LeaderElection.lambda$submitRequests$1(LeaderElection.java:238)
	at java.util.concurrent.FutureTask.run(FutureTask.java:266)
	at java.util.concurrent.Executors$RunnableAdapter.call(Executors.java:511)
	at java.util.concurrent.FutureTask.run(FutureTask.java:266)
	at java.util.concurrent.ThreadPoolExecutor.runWorker(ThreadPoolExecutor.java:1149)
	at java.util.concurrent.ThreadPoolExecutor$Worker.run(ThreadPoolExecutor.java:624)
	... 1 more
Caused by: org.apache.ratis.thirdparty.io.netty.channel.AbstractChannel$AnnotatedConnectException: Connection refused: /192.168.36.126:36814
	at sun.nio.ch.SocketChannelImpl.checkConnect(Native Method)
	at sun.nio.ch.SocketChannelImpl.finishConnect(SocketChannelImpl.java:717)
	at org.apache.ratis.thirdparty.io.netty.channel.socket.nio.NioSocketChannel.doFinishConnect(NioSocketChannel.java:327)
	at org.apache.ratis.thirdparty.io.netty.channel.nio.AbstractNioChannel$AbstractNioUnsafe.finishConnect(AbstractNioChannel.java:340)
	at org.apache.ratis.thirdparty.io.netty.channel.nio.NioEventLoop.processSelectedKey(NioEventLoop.java:632)
	at org.apache.ratis.thirdparty.io.netty.channel.nio.NioEventLoop.processSelectedKeysOptimized(NioEventLoop.java:579)
	at org.apache.ratis.thirdparty.io.netty.channel.nio.NioEventLoop.processSelectedKeys(NioEventLoop.java:496)
	at org.apache.ratis.thirdparty.io.netty.channel.nio.NioEventLoop.run(NioEventLoop.java:458)
	at org.apache.ratis.thirdparty.io.netty.util.concurrent.SingleThreadEventExecutor$5.run(SingleThreadEventExecutor.java:897)
	at org.apache.ratis.thirdparty.io.netty.util.concurrent.FastThreadLocalRunnable.run(FastThreadLocalRunnable.java:30)
	... 1 more
Caused by: java.net.ConnectException: Connection refused
	... 11 more
2019-09-25 05:31:49,528 [5c3318fc-c419-4298-b427-bf5a9ca27bf0@group-059250D1A272:LeaderElection140] INFO  impl.RaftServerImpl (RaftServerImpl.java:setRole(174)) - 5c3318fc-c419-4298-b427-bf5a9ca27bf0@group-059250D1A272: changes role from CANDIDATE to FOLLOWER at term 10 for DISCOVERED_A_NEW_TERM
2019-09-25 05:31:49,528 [0d4a37ed-4cec-423a-a360-e4a879eb6bc0@group-059250D1A272:LeaderElection150] INFO  impl.LeaderElection (LogUtils.java:infoOrTrace(149)) - 0d4a37ed-4cec-423a-a360-e4a879eb6bc0@group-059250D1A272:LeaderElection150 got exception when requesting votes: {}
java.util.concurrent.ExecutionException: org.apache.ratis.thirdparty.io.grpc.StatusRuntimeException: UNAVAILABLE: io exception
	at java.util.concurrent.FutureTask.report(FutureTask.java:122)
	at java.util.concurrent.FutureTask.get(FutureTask.java:192)
	at org.apache.ratis.server.impl.LeaderElection.waitForResults(LeaderElection.java:263)
	at org.apache.ratis.server.impl.LeaderElection.askForVotes(LeaderElection.java:201)
	at org.apache.ratis.server.impl.LeaderElection.run(LeaderElection.java:133)
	at java.lang.Thread.run(Thread.java:748)
Caused by: org.apache.ratis.thirdparty.io.grpc.StatusRuntimeException: UNAVAILABLE: io exception
	at org.apache.ratis.thirdparty.io.grpc.stub.ClientCalls.toStatusRuntimeException(ClientCalls.java:233)
	at org.apache.ratis.thirdparty.io.grpc.stub.ClientCalls.getUnchecked(ClientCalls.java:214)
	at org.apache.ratis.thirdparty.io.grpc.stub.ClientCalls.blockingUnaryCall(ClientCalls.java:139)
	at org.apache.ratis.proto.grpc.RaftServerProtocolServiceGrpc$RaftServerProtocolServiceBlockingStub.requestVote(RaftServerProtocolServiceGrpc.java:265)
	at org.apache.ratis.grpc.server.GrpcServerProtocolClient.requestVote(GrpcServerProtocolClient.java:90)
	at org.apache.ratis.grpc.server.GrpcService.requestVote(GrpcService.java:204)
	at org.apache.ratis.server.impl.LeaderElection.lambda$submitRequests$1(LeaderElection.java:238)
	at java.util.concurrent.FutureTask.run(FutureTask.java:266)
	at java.util.concurrent.Executors$RunnableAdapter.call(Executors.java:511)
	at java.util.concurrent.FutureTask.run(FutureTask.java:266)
	at java.util.concurrent.ThreadPoolExecutor.runWorker(ThreadPoolExecutor.java:1149)
	at java.util.concurrent.ThreadPoolExecutor$Worker.run(ThreadPoolExecutor.java:624)
	... 1 more
Caused by: org.apache.ratis.thirdparty.io.netty.channel.AbstractChannel$AnnotatedConnectException: Connection refused: /192.168.36.126:36814
	at sun.nio.ch.SocketChannelImpl.checkConnect(Native Method)
	at sun.nio.ch.SocketChannelImpl.finishConnect(SocketChannelImpl.java:717)
	at org.apache.ratis.thirdparty.io.netty.channel.socket.nio.NioSocketChannel.doFinishConnect(NioSocketChannel.java:327)
	at org.apache.ratis.thirdparty.io.netty.channel.nio.AbstractNioChannel$AbstractNioUnsafe.finishConnect(AbstractNioChannel.java:340)
	at org.apache.ratis.thirdparty.io.netty.channel.nio.NioEventLoop.processSelectedKey(NioEventLoop.java:632)
	at org.apache.ratis.thirdparty.io.netty.channel.nio.NioEventLoop.processSelectedKeysOptimized(NioEventLoop.java:579)
	at org.apache.ratis.thirdparty.io.netty.channel.nio.NioEventLoop.processSelectedKeys(NioEventLoop.java:496)
	at org.apache.ratis.thirdparty.io.netty.channel.nio.NioEventLoop.run(NioEventLoop.java:458)
	at org.apache.ratis.thirdparty.io.netty.util.concurrent.SingleThreadEventExecutor$5.run(SingleThreadEventExecutor.java:897)
	at org.apache.ratis.thirdparty.io.netty.util.concurrent.FastThreadLocalRunnable.run(FastThreadLocalRunnable.java:30)
	... 1 more
Caused by: java.net.ConnectException: Connection refused
	... 11 more
2019-09-25 05:31:49,554 [ce8ac917-2646-4112-adf7-d577593fabcb@group-0EC8D23D101B:LeaderElection151] INFO  impl.LeaderElection (LeaderElection.java:logAndReturn(56)) - ce8ac917-2646-4112-adf7-d577593fabcb@group-0EC8D23D101B:LeaderElection151: Election REJECTED; received 2 response(s) [ce8ac917-2646-4112-adf7-d577593fabcb<-a58d7528-614e-4c39-a3a3-38beaa9905aa#0:FAIL-t8, ce8ac917-2646-4112-adf7-d577593fabcb<-f9c12371-c091-4b4a-8db2-6f0db97bbab3#0:FAIL-t8] and 0 exception(s); ce8ac917-2646-4112-adf7-d577593fabcb@group-0EC8D23D101B:t8, leader=null, voted=ce8ac917-2646-4112-adf7-d577593fabcb, raftlog=ce8ac917-2646-4112-adf7-d577593fabcb@group-0EC8D23D101B-SegmentedRaftLog:OPENED:c-1,f-1,i0, conf=-1: [a58d7528-614e-4c39-a3a3-38beaa9905aa:192.168.36.126:37942, f9c12371-c091-4b4a-8db2-6f0db97bbab3:192.168.36.126:46560, ce8ac917-2646-4112-adf7-d577593fabcb:192.168.36.126:37960], old=null
2019-09-25 05:31:49,556 [f9c12371-c091-4b4a-8db2-6f0db97bbab3@group-0EC8D23D101B:LeaderElection152] INFO  impl.LeaderElection (LeaderElection.java:logAndReturn(56)) - f9c12371-c091-4b4a-8db2-6f0db97bbab3@group-0EC8D23D101B:LeaderElection152: Election REJECTED; received 2 response(s) [f9c12371-c091-4b4a-8db2-6f0db97bbab3<-a58d7528-614e-4c39-a3a3-38beaa9905aa#0:FAIL-t8, f9c12371-c091-4b4a-8db2-6f0db97bbab3<-ce8ac917-2646-4112-adf7-d577593fabcb#0:FAIL-t8] and 0 exception(s); f9c12371-c091-4b4a-8db2-6f0db97bbab3@group-0EC8D23D101B:t8, leader=null, voted=f9c12371-c091-4b4a-8db2-6f0db97bbab3, raftlog=f9c12371-c091-4b4a-8db2-6f0db97bbab3@group-0EC8D23D101B-SegmentedRaftLog:OPENED:c-1,f-1,i0, conf=-1: [a58d7528-614e-4c39-a3a3-38beaa9905aa:192.168.36.126:37942, f9c12371-c091-4b4a-8db2-6f0db97bbab3:192.168.36.126:46560, ce8ac917-2646-4112-adf7-d577593fabcb:192.168.36.126:37960], old=null
2019-09-25 05:31:49,554 [616f9f8f-9479-40f4-8c03-f125dcbf9c7f@group-60724A24602F:LeaderElection143] INFO  impl.LeaderElection (LeaderElection.java:logAndReturn(56)) - 616f9f8f-9479-40f4-8c03-f125dcbf9c7f@group-60724A24602F:LeaderElection143: Election REJECTED; received 1 response(s) [616f9f8f-9479-40f4-8c03-f125dcbf9c7f<-e997a993-6131-47bf-96c8-764e04cb5c0e#0:FAIL-t10] and 1 exception(s); 616f9f8f-9479-40f4-8c03-f125dcbf9c7f@group-60724A24602F:t10, leader=null, voted=616f9f8f-9479-40f4-8c03-f125dcbf9c7f, raftlog=616f9f8f-9479-40f4-8c03-f125dcbf9c7f@group-60724A24602F-SegmentedRaftLog:OPENED:c-1,f-1,i0, conf=-1: [616f9f8f-9479-40f4-8c03-f125dcbf9c7f:192.168.36.126:39694, e997a993-6131-47bf-96c8-764e04cb5c0e:192.168.36.126:37678, fd2f3f79-5d7b-4d37-bb24-b15dfe7f18d7:192.168.36.126:42280], old=null
2019-09-25 05:31:49,553 [5c3318fc-c419-4298-b427-bf5a9ca27bf0@group-059250D1A272:LeaderElection140] INFO  impl.RoleInfo (RoleInfo.java:shutdownLeaderElection(134)) - 5c3318fc-c419-4298-b427-bf5a9ca27bf0: shutdown LeaderElection
2019-09-25 05:31:49,553 [a58d7528-614e-4c39-a3a3-38beaa9905aa@group-43825EC81F5D:LeaderElection146] INFO  impl.LeaderElection (LeaderElection.java:logAndReturn(56)) - a58d7528-614e-4c39-a3a3-38beaa9905aa@group-43825EC81F5D:LeaderElection146: Election REJECTED; received 2 response(s) [a58d7528-614e-4c39-a3a3-38beaa9905aa<-f9c12371-c091-4b4a-8db2-6f0db97bbab3#0:FAIL-t4, a58d7528-614e-4c39-a3a3-38beaa9905aa<-ce8ac917-2646-4112-adf7-d577593fabcb#0:FAIL-t4] and 0 exception(s); a58d7528-614e-4c39-a3a3-38beaa9905aa@group-43825EC81F5D:t4, leader=null, voted=a58d7528-614e-4c39-a3a3-38beaa9905aa, raftlog=a58d7528-614e-4c39-a3a3-38beaa9905aa@group-43825EC81F5D-SegmentedRaftLog:OPENED:c-1,f-1,i0, conf=-1: [a58d7528-614e-4c39-a3a3-38beaa9905aa:192.168.36.126:37942, f9c12371-c091-4b4a-8db2-6f0db97bbab3:192.168.36.126:46560, ce8ac917-2646-4112-adf7-d577593fabcb:192.168.36.126:37960], old=null
2019-09-25 05:31:49,551 [f9c12371-c091-4b4a-8db2-6f0db97bbab3@group-43825EC81F5D:LeaderElection145] INFO  impl.RaftServerImpl (RaftServerImpl.java:setRole(174)) - f9c12371-c091-4b4a-8db2-6f0db97bbab3@group-43825EC81F5D: changes role from CANDIDATE to FOLLOWER at term 4 for DISCOVERED_A_NEW_TERM
2019-09-25 05:31:49,557 [f9c12371-c091-4b4a-8db2-6f0db97bbab3@group-43825EC81F5D:LeaderElection145] INFO  impl.RoleInfo (RoleInfo.java:shutdownLeaderElection(134)) - f9c12371-c091-4b4a-8db2-6f0db97bbab3: shutdown LeaderElection
2019-09-25 05:31:49,551 [ce8ac917-2646-4112-adf7-d577593fabcb@group-43825EC81F5D:LeaderElection144] INFO  impl.LeaderElection (LeaderElection.java:logAndReturn(56)) - ce8ac917-2646-4112-adf7-d577593fabcb@group-43825EC81F5D:LeaderElection144: Election REJECTED; received 2 response(s) [ce8ac917-2646-4112-adf7-d577593fabcb<-a58d7528-614e-4c39-a3a3-38beaa9905aa#0:FAIL-t4, ce8ac917-2646-4112-adf7-d577593fabcb<-f9c12371-c091-4b4a-8db2-6f0db97bbab3#0:FAIL-t4] and 0 exception(s); ce8ac917-2646-4112-adf7-d577593fabcb@group-43825EC81F5D:t4, leader=null, voted=ce8ac917-2646-4112-adf7-d577593fabcb, raftlog=ce8ac917-2646-4112-adf7-d577593fabcb@group-43825EC81F5D-SegmentedRaftLog:OPENED:c-1,f-1,i0, conf=-1: [a58d7528-614e-4c39-a3a3-38beaa9905aa:192.168.36.126:37942, f9c12371-c091-4b4a-8db2-6f0db97bbab3:192.168.36.126:46560, ce8ac917-2646-4112-adf7-d577593fabcb:192.168.36.126:37960], old=null
2019-09-25 05:31:49,550 [5c3318fc-c419-4298-b427-bf5a9ca27bf0@group-21C2C432FD88:LeaderElection141] INFO  impl.RoleInfo (RoleInfo.java:updateAndGet(143)) - 5c3318fc-c419-4298-b427-bf5a9ca27bf0: start FollowerState
2019-09-25 05:31:49,550 [ce8ac917-2646-4112-adf7-d577593fabcb@group-AEFF648B0F59:LeaderElection139] INFO  impl.RoleInfo (RoleInfo.java:updateAndGet(143)) - ce8ac917-2646-4112-adf7-d577593fabcb: start FollowerState
2019-09-25 05:31:49,558 [ce8ac917-2646-4112-adf7-d577593fabcb@group-43825EC81F5D:LeaderElection144] INFO  impl.RaftServerImpl (RaftServerImpl.java:setRole(174)) - ce8ac917-2646-4112-adf7-d577593fabcb@group-43825EC81F5D: changes role from CANDIDATE to FOLLOWER at term 4 for DISCOVERED_A_NEW_TERM
2019-09-25 05:31:49,558 [ce8ac917-2646-4112-adf7-d577593fabcb@group-43825EC81F5D:LeaderElection144] INFO  impl.RoleInfo (RoleInfo.java:shutdownLeaderElection(134)) - ce8ac917-2646-4112-adf7-d577593fabcb: shutdown LeaderElection
2019-09-25 05:31:49,557 [f9c12371-c091-4b4a-8db2-6f0db97bbab3@group-43825EC81F5D:LeaderElection145] INFO  impl.RoleInfo (RoleInfo.java:updateAndGet(143)) - f9c12371-c091-4b4a-8db2-6f0db97bbab3: start FollowerState
2019-09-25 05:31:49,557 [a58d7528-614e-4c39-a3a3-38beaa9905aa@group-43825EC81F5D:LeaderElection146] INFO  impl.RaftServerImpl (RaftServerImpl.java:setRole(174)) - a58d7528-614e-4c39-a3a3-38beaa9905aa@group-43825EC81F5D: changes role from CANDIDATE to FOLLOWER at term 4 for DISCOVERED_A_NEW_TERM
2019-09-25 05:31:49,557 [a58d7528-614e-4c39-a3a3-38beaa9905aa@group-0EC8D23D101B:LeaderElection142] INFO  impl.LeaderElection (LeaderElection.java:logAndReturn(56)) - a58d7528-614e-4c39-a3a3-38beaa9905aa@group-0EC8D23D101B:LeaderElection142: Election REJECTED; received 2 response(s) [a58d7528-614e-4c39-a3a3-38beaa9905aa<-f9c12371-c091-4b4a-8db2-6f0db97bbab3#0:FAIL-t8, a58d7528-614e-4c39-a3a3-38beaa9905aa<-ce8ac917-2646-4112-adf7-d577593fabcb#0:FAIL-t8] and 0 exception(s); a58d7528-614e-4c39-a3a3-38beaa9905aa@group-0EC8D23D101B:t8, leader=null, voted=a58d7528-614e-4c39-a3a3-38beaa9905aa, raftlog=a58d7528-614e-4c39-a3a3-38beaa9905aa@group-0EC8D23D101B-SegmentedRaftLog:OPENED:c-1,f-1,i0, conf=-1: [a58d7528-614e-4c39-a3a3-38beaa9905aa:192.168.36.126:37942, f9c12371-c091-4b4a-8db2-6f0db97bbab3:192.168.36.126:46560, ce8ac917-2646-4112-adf7-d577593fabcb:192.168.36.126:37960], old=null
2019-09-25 05:31:49,557 [5c3318fc-c419-4298-b427-bf5a9ca27bf0@group-059250D1A272:LeaderElection140] INFO  impl.RoleInfo (RoleInfo.java:updateAndGet(143)) - 5c3318fc-c419-4298-b427-bf5a9ca27bf0: start FollowerState
2019-09-25 05:31:49,557 [616f9f8f-9479-40f4-8c03-f125dcbf9c7f@group-60724A24602F:LeaderElection143] INFO  impl.LeaderElection (LogUtils.java:infoOrTrace(149)) -   Exception 0: {}
java.util.concurrent.ExecutionException: org.apache.ratis.thirdparty.io.grpc.StatusRuntimeException: UNAVAILABLE: io exception
	at java.util.concurrent.FutureTask.report(FutureTask.java:122)
	at java.util.concurrent.FutureTask.get(FutureTask.java:192)
	at org.apache.ratis.server.impl.LeaderElection.waitForResults(LeaderElection.java:263)
	at org.apache.ratis.server.impl.LeaderElection.askForVotes(LeaderElection.java:201)
	at org.apache.ratis.server.impl.LeaderElection.run(LeaderElection.java:133)
	at java.lang.Thread.run(Thread.java:748)
Caused by: org.apache.ratis.thirdparty.io.grpc.StatusRuntimeException: UNAVAILABLE: io exception
	at org.apache.ratis.thirdparty.io.grpc.stub.ClientCalls.toStatusRuntimeException(ClientCalls.java:233)
	at org.apache.ratis.thirdparty.io.grpc.stub.ClientCalls.getUnchecked(ClientCalls.java:214)
	at org.apache.ratis.thirdparty.io.grpc.stub.ClientCalls.blockingUnaryCall(ClientCalls.java:139)
	at org.apache.ratis.proto.grpc.RaftServerProtocolServiceGrpc$RaftServerProtocolServiceBlockingStub.requestVote(RaftServerProtocolServiceGrpc.java:265)
	at org.apache.ratis.grpc.server.GrpcServerProtocolClient.requestVote(GrpcServerProtocolClient.java:90)
	at org.apache.ratis.grpc.server.GrpcService.requestVote(GrpcService.java:204)
	at org.apache.ratis.server.impl.LeaderElection.lambda$submitRequests$1(LeaderElection.java:238)
	at java.util.concurrent.FutureTask.run(FutureTask.java:266)
	at java.util.concurrent.Executors$RunnableAdapter.call(Executors.java:511)
	at java.util.concurrent.FutureTask.run(FutureTask.java:266)
	at java.util.concurrent.ThreadPoolExecutor.runWorker(ThreadPoolExecutor.java:1149)
	at java.util.concurrent.ThreadPoolExecutor$Worker.run(ThreadPoolExecutor.java:624)
	... 1 more
Caused by: org.apache.ratis.thirdparty.io.netty.channel.AbstractChannel$AnnotatedConnectException: Connection refused: /192.168.36.126:42280
	at sun.nio.ch.SocketChannelImpl.checkConnect(Native Method)
	at sun.nio.ch.SocketChannelImpl.finishConnect(SocketChannelImpl.java:717)
	at org.apache.ratis.thirdparty.io.netty.channel.socket.nio.NioSocketChannel.doFinishConnect(NioSocketChannel.java:327)
	at org.apache.ratis.thirdparty.io.netty.channel.nio.AbstractNioChannel$AbstractNioUnsafe.finishConnect(AbstractNioChannel.java:340)
	at org.apache.ratis.thirdparty.io.netty.channel.nio.NioEventLoop.processSelectedKey(NioEventLoop.java:632)
	at org.apache.ratis.thirdparty.io.netty.channel.nio.NioEventLoop.processSelectedKeysOptimized(NioEventLoop.java:579)
	at org.apache.ratis.thirdparty.io.netty.channel.nio.NioEventLoop.processSelectedKeys(NioEventLoop.java:496)
	at org.apache.ratis.thirdparty.io.netty.channel.nio.NioEventLoop.run(NioEventLoop.java:458)
	at org.apache.ratis.thirdparty.io.netty.util.concurrent.SingleThreadEventExecutor$5.run(SingleThreadEventExecutor.java:897)
	at org.apache.ratis.thirdparty.io.netty.util.concurrent.FastThreadLocalRunnable.run(FastThreadLocalRunnable.java:30)
	... 1 more
Caused by: java.net.ConnectException: Connection refused
	... 11 more
2019-09-25 05:31:49,557 [f9c12371-c091-4b4a-8db2-6f0db97bbab3@group-0EC8D23D101B:LeaderElection152] INFO  impl.RaftServerImpl (RaftServerImpl.java:setRole(174)) - f9c12371-c091-4b4a-8db2-6f0db97bbab3@group-0EC8D23D101B: changes role from CANDIDATE to FOLLOWER at term 8 for DISCOVERED_A_NEW_TERM
2019-09-25 05:31:49,556 [e997a993-6131-47bf-96c8-764e04cb5c0e@group-60724A24602F:LeaderElection147] INFO  impl.LeaderElection (LeaderElection.java:logAndReturn(56)) - e997a993-6131-47bf-96c8-764e04cb5c0e@group-60724A24602F:LeaderElection147: Election REJECTED; received 1 response(s) [e997a993-6131-47bf-96c8-764e04cb5c0e<-616f9f8f-9479-40f4-8c03-f125dcbf9c7f#0:FAIL-t10] and 1 exception(s); e997a993-6131-47bf-96c8-764e04cb5c0e@group-60724A24602F:t10, leader=null, voted=e997a993-6131-47bf-96c8-764e04cb5c0e, raftlog=e997a993-6131-47bf-96c8-764e04cb5c0e@group-60724A24602F-SegmentedRaftLog:OPENED:c-1,f-1,i0, conf=-1: [616f9f8f-9479-40f4-8c03-f125dcbf9c7f:192.168.36.126:39694, e997a993-6131-47bf-96c8-764e04cb5c0e:192.168.36.126:37678, fd2f3f79-5d7b-4d37-bb24-b15dfe7f18d7:192.168.36.126:42280], old=null
2019-09-25 05:31:49,556 [ce8ac917-2646-4112-adf7-d577593fabcb@group-0EC8D23D101B:LeaderElection151] INFO  impl.RaftServerImpl (RaftServerImpl.java:setRole(174)) - ce8ac917-2646-4112-adf7-d577593fabcb@group-0EC8D23D101B: changes role from CANDIDATE to FOLLOWER at term 8 for DISCOVERED_A_NEW_TERM
2019-09-25 05:31:49,560 [e997a993-6131-47bf-96c8-764e04cb5c0e@group-60724A24602F:LeaderElection147] INFO  impl.LeaderElection (LogUtils.java:infoOrTrace(149)) -   Exception 0: {}
java.util.concurrent.ExecutionException: org.apache.ratis.thirdparty.io.grpc.StatusRuntimeException: UNAVAILABLE: io exception
	at java.util.concurrent.FutureTask.report(FutureTask.java:122)
	at java.util.concurrent.FutureTask.get(FutureTask.java:192)
	at org.apache.ratis.server.impl.LeaderElection.waitForResults(LeaderElection.java:263)
	at org.apache.ratis.server.impl.LeaderElection.askForVotes(LeaderElection.java:201)
	at org.apache.ratis.server.impl.LeaderElection.run(LeaderElection.java:133)
	at java.lang.Thread.run(Thread.java:748)
Caused by: org.apache.ratis.thirdparty.io.grpc.StatusRuntimeException: UNAVAILABLE: io exception
	at org.apache.ratis.thirdparty.io.grpc.stub.ClientCalls.toStatusRuntimeException(ClientCalls.java:233)
	at org.apache.ratis.thirdparty.io.grpc.stub.ClientCalls.getUnchecked(ClientCalls.java:214)
	at org.apache.ratis.thirdparty.io.grpc.stub.ClientCalls.blockingUnaryCall(ClientCalls.java:139)
	at org.apache.ratis.proto.grpc.RaftServerProtocolServiceGrpc$RaftServerProtocolServiceBlockingStub.requestVote(RaftServerProtocolServiceGrpc.java:265)
	at org.apache.ratis.grpc.server.GrpcServerProtocolClient.requestVote(GrpcServerProtocolClient.java:90)
	at org.apache.ratis.grpc.server.GrpcService.requestVote(GrpcService.java:204)
	at org.apache.ratis.server.impl.LeaderElection.lambda$submitRequests$1(LeaderElection.java:238)
	at java.util.concurrent.FutureTask.run(FutureTask.java:266)
	at java.util.concurrent.Executors$RunnableAdapter.call(Executors.java:511)
	at java.util.concurrent.FutureTask.run(FutureTask.java:266)
	at java.util.concurrent.ThreadPoolExecutor.runWorker(ThreadPoolExecutor.java:1149)
	at java.util.concurrent.ThreadPoolExecutor$Worker.run(ThreadPoolExecutor.java:624)
	... 1 more
Caused by: org.apache.ratis.thirdparty.io.netty.channel.AbstractChannel$AnnotatedConnectException: Connection refused: /192.168.36.126:42280
	at sun.nio.ch.SocketChannelImpl.checkConnect(Native Method)
	at sun.nio.ch.SocketChannelImpl.finishConnect(SocketChannelImpl.java:717)
	at org.apache.ratis.thirdparty.io.netty.channel.socket.nio.NioSocketChannel.doFinishConnect(NioSocketChannel.java:327)
	at org.apache.ratis.thirdparty.io.netty.channel.nio.AbstractNioChannel$AbstractNioUnsafe.finishConnect(AbstractNioChannel.java:340)
	at org.apache.ratis.thirdparty.io.netty.channel.nio.NioEventLoop.processSelectedKey(NioEventLoop.java:632)
	at org.apache.ratis.thirdparty.io.netty.channel.nio.NioEventLoop.processSelectedKeysOptimized(NioEventLoop.java:579)
	at org.apache.ratis.thirdparty.io.netty.channel.nio.NioEventLoop.processSelectedKeys(NioEventLoop.java:496)
	at org.apache.ratis.thirdparty.io.netty.channel.nio.NioEventLoop.run(NioEventLoop.java:458)
	at org.apache.ratis.thirdparty.io.netty.util.concurrent.SingleThreadEventExecutor$5.run(SingleThreadEventExecutor.java:897)
	at org.apache.ratis.thirdparty.io.netty.util.concurrent.FastThreadLocalRunnable.run(FastThreadLocalRunnable.java:30)
	... 1 more
Caused by: java.net.ConnectException: Connection refused
	... 11 more
2019-09-25 05:31:49,560 [f9c12371-c091-4b4a-8db2-6f0db97bbab3@group-0EC8D23D101B:LeaderElection152] INFO  impl.RoleInfo (RoleInfo.java:shutdownLeaderElection(134)) - f9c12371-c091-4b4a-8db2-6f0db97bbab3: shutdown LeaderElection
2019-09-25 05:31:49,560 [616f9f8f-9479-40f4-8c03-f125dcbf9c7f@group-60724A24602F:LeaderElection143] INFO  impl.RaftServerImpl (RaftServerImpl.java:setRole(174)) - 616f9f8f-9479-40f4-8c03-f125dcbf9c7f@group-60724A24602F: changes role from CANDIDATE to FOLLOWER at term 10 for DISCOVERED_A_NEW_TERM
2019-09-25 05:31:49,559 [0d4a37ed-4cec-423a-a360-e4a879eb6bc0@group-21C2C432FD88:LeaderElection149] INFO  impl.LeaderElection (LeaderElection.java:logAndReturn(56)) - 0d4a37ed-4cec-423a-a360-e4a879eb6bc0@group-21C2C432FD88:LeaderElection149: Election REJECTED; received 1 response(s) [0d4a37ed-4cec-423a-a360-e4a879eb6bc0<-5c3318fc-c419-4298-b427-bf5a9ca27bf0#0:FAIL-t11] and 1 exception(s); 0d4a37ed-4cec-423a-a360-e4a879eb6bc0@group-21C2C432FD88:t11, leader=null, voted=0d4a37ed-4cec-423a-a360-e4a879eb6bc0, raftlog=0d4a37ed-4cec-423a-a360-e4a879eb6bc0@group-21C2C432FD88-SegmentedRaftLog:OPENED:c-1,f-1,i0, conf=-1: [5c3318fc-c419-4298-b427-bf5a9ca27bf0:192.168.36.126:46795, 61946a22-29ed-4e77-8449-fae4cd9869e9:192.168.36.126:36814, 0d4a37ed-4cec-423a-a360-e4a879eb6bc0:192.168.36.126:37817], old=null
2019-09-25 05:31:49,559 [a58d7528-614e-4c39-a3a3-38beaa9905aa@group-AEFF648B0F59:LeaderElection148] INFO  impl.LeaderElection (LeaderElection.java:logAndReturn(56)) - a58d7528-614e-4c39-a3a3-38beaa9905aa@group-AEFF648B0F59:LeaderElection148: Election REJECTED; received 2 response(s) [a58d7528-614e-4c39-a3a3-38beaa9905aa<-f9c12371-c091-4b4a-8db2-6f0db97bbab3#0:FAIL-t8, a58d7528-614e-4c39-a3a3-38beaa9905aa<-ce8ac917-2646-4112-adf7-d577593fabcb#0:FAIL-t8] and 0 exception(s); a58d7528-614e-4c39-a3a3-38beaa9905aa@group-AEFF648B0F59:t8, leader=null, voted=a58d7528-614e-4c39-a3a3-38beaa9905aa, raftlog=a58d7528-614e-4c39-a3a3-38beaa9905aa@group-AEFF648B0F59-SegmentedRaftLog:OPENED:c-1,f-1,i0, conf=-1: [a58d7528-614e-4c39-a3a3-38beaa9905aa:192.168.36.126:37942, f9c12371-c091-4b4a-8db2-6f0db97bbab3:192.168.36.126:46560, ce8ac917-2646-4112-adf7-d577593fabcb:192.168.36.126:37960], old=null
2019-09-25 05:31:49,559 [a58d7528-614e-4c39-a3a3-38beaa9905aa@group-0EC8D23D101B:LeaderElection142] INFO  impl.RaftServerImpl (RaftServerImpl.java:setRole(174)) - a58d7528-614e-4c39-a3a3-38beaa9905aa@group-0EC8D23D101B: changes role from CANDIDATE to FOLLOWER at term 8 for DISCOVERED_A_NEW_TERM
2019-09-25 05:31:49,559 [a58d7528-614e-4c39-a3a3-38beaa9905aa@group-43825EC81F5D:LeaderElection146] INFO  impl.RoleInfo (RoleInfo.java:shutdownLeaderElection(134)) - a58d7528-614e-4c39-a3a3-38beaa9905aa: shutdown LeaderElection
2019-09-25 05:31:49,558 [ce8ac917-2646-4112-adf7-d577593fabcb@group-43825EC81F5D:LeaderElection144] INFO  impl.RoleInfo (RoleInfo.java:updateAndGet(143)) - ce8ac917-2646-4112-adf7-d577593fabcb: start FollowerState
2019-09-25 05:31:49,562 [a58d7528-614e-4c39-a3a3-38beaa9905aa@group-43825EC81F5D:LeaderElection146] INFO  impl.RoleInfo (RoleInfo.java:updateAndGet(143)) - a58d7528-614e-4c39-a3a3-38beaa9905aa: start FollowerState
2019-09-25 05:31:49,561 [a58d7528-614e-4c39-a3a3-38beaa9905aa@group-0EC8D23D101B:LeaderElection142] INFO  impl.RoleInfo (RoleInfo.java:shutdownLeaderElection(134)) - a58d7528-614e-4c39-a3a3-38beaa9905aa: shutdown LeaderElection
2019-09-25 05:31:49,561 [a58d7528-614e-4c39-a3a3-38beaa9905aa@group-AEFF648B0F59:LeaderElection148] INFO  impl.RaftServerImpl (RaftServerImpl.java:setRole(174)) - a58d7528-614e-4c39-a3a3-38beaa9905aa@group-AEFF648B0F59: changes role from CANDIDATE to FOLLOWER at term 8 for DISCOVERED_A_NEW_TERM
2019-09-25 05:31:49,561 [0d4a37ed-4cec-423a-a360-e4a879eb6bc0@group-21C2C432FD88:LeaderElection149] INFO  impl.LeaderElection (LogUtils.java:infoOrTrace(149)) -   Exception 0: {}
java.util.concurrent.ExecutionException: org.apache.ratis.thirdparty.io.grpc.StatusRuntimeException: UNAVAILABLE: io exception
	at java.util.concurrent.FutureTask.report(FutureTask.java:122)
	at java.util.concurrent.FutureTask.get(FutureTask.java:192)
	at org.apache.ratis.server.impl.LeaderElection.waitForResults(LeaderElection.java:263)
	at org.apache.ratis.server.impl.LeaderElection.askForVotes(LeaderElection.java:201)
	at org.apache.ratis.server.impl.LeaderElection.run(LeaderElection.java:133)
	at java.lang.Thread.run(Thread.java:748)
Caused by: org.apache.ratis.thirdparty.io.grpc.StatusRuntimeException: UNAVAILABLE: io exception
	at org.apache.ratis.thirdparty.io.grpc.stub.ClientCalls.toStatusRuntimeException(ClientCalls.java:233)
	at org.apache.ratis.thirdparty.io.grpc.stub.ClientCalls.getUnchecked(ClientCalls.java:214)
	at org.apache.ratis.thirdparty.io.grpc.stub.ClientCalls.blockingUnaryCall(ClientCalls.java:139)
	at org.apache.ratis.proto.grpc.RaftServerProtocolServiceGrpc$RaftServerProtocolServiceBlockingStub.requestVote(RaftServerProtocolServiceGrpc.java:265)
	at org.apache.ratis.grpc.server.GrpcServerProtocolClient.requestVote(GrpcServerProtocolClient.java:90)
	at org.apache.ratis.grpc.server.GrpcService.requestVote(GrpcService.java:204)
	at org.apache.ratis.server.impl.LeaderElection.lambda$submitRequests$1(LeaderElection.java:238)
	at java.util.concurrent.FutureTask.run(FutureTask.java:266)
	at java.util.concurrent.Executors$RunnableAdapter.call(Executors.java:511)
	at java.util.concurrent.FutureTask.run(FutureTask.java:266)
	at java.util.concurrent.ThreadPoolExecutor.runWorker(ThreadPoolExecutor.java:1149)
	at java.util.concurrent.ThreadPoolExecutor$Worker.run(ThreadPoolExecutor.java:624)
	... 1 more
Caused by: org.apache.ratis.thirdparty.io.netty.channel.AbstractChannel$AnnotatedConnectException: Connection refused: /192.168.36.126:36814
	at sun.nio.ch.SocketChannelImpl.checkConnect(Native Method)
	at sun.nio.ch.SocketChannelImpl.finishConnect(SocketChannelImpl.java:717)
	at org.apache.ratis.thirdparty.io.netty.channel.socket.nio.NioSocketChannel.doFinishConnect(NioSocketChannel.java:327)
	at org.apache.ratis.thirdparty.io.netty.channel.nio.AbstractNioChannel$AbstractNioUnsafe.finishConnect(AbstractNioChannel.java:340)
	at org.apache.ratis.thirdparty.io.netty.channel.nio.NioEventLoop.processSelectedKey(NioEventLoop.java:632)
	at org.apache.ratis.thirdparty.io.netty.channel.nio.NioEventLoop.processSelectedKeysOptimized(NioEventLoop.java:579)
	at org.apache.ratis.thirdparty.io.netty.channel.nio.NioEventLoop.processSelectedKeys(NioEventLoop.java:496)
	at org.apache.ratis.thirdparty.io.netty.channel.nio.NioEventLoop.run(NioEventLoop.java:458)
	at org.apache.ratis.thirdparty.io.netty.util.concurrent.SingleThreadEventExecutor$5.run(SingleThreadEventExecutor.java:897)
	at org.apache.ratis.thirdparty.io.netty.util.concurrent.FastThreadLocalRunnable.run(FastThreadLocalRunnable.java:30)
	... 1 more
Caused by: java.net.ConnectException: Connection refused
	... 11 more
2019-09-25 05:31:49,561 [616f9f8f-9479-40f4-8c03-f125dcbf9c7f@group-60724A24602F:LeaderElection143] INFO  impl.RoleInfo (RoleInfo.java:shutdownLeaderElection(134)) - 616f9f8f-9479-40f4-8c03-f125dcbf9c7f: shutdown LeaderElection
2019-09-25 05:31:49,561 [f9c12371-c091-4b4a-8db2-6f0db97bbab3@group-0EC8D23D101B:LeaderElection152] INFO  impl.RoleInfo (RoleInfo.java:updateAndGet(143)) - f9c12371-c091-4b4a-8db2-6f0db97bbab3: start FollowerState
2019-09-25 05:31:49,561 [e997a993-6131-47bf-96c8-764e04cb5c0e@group-60724A24602F:LeaderElection147] INFO  impl.RaftServerImpl (RaftServerImpl.java:setRole(174)) - e997a993-6131-47bf-96c8-764e04cb5c0e@group-60724A24602F: changes role from CANDIDATE to FOLLOWER at term 10 for DISCOVERED_A_NEW_TERM
2019-09-25 05:31:49,563 [e997a993-6131-47bf-96c8-764e04cb5c0e@group-60724A24602F:LeaderElection147] INFO  impl.RoleInfo (RoleInfo.java:shutdownLeaderElection(134)) - e997a993-6131-47bf-96c8-764e04cb5c0e: shutdown LeaderElection
2019-09-25 05:31:49,560 [0d4a37ed-4cec-423a-a360-e4a879eb6bc0@group-059250D1A272:LeaderElection150] INFO  impl.LeaderElection (LeaderElection.java:logAndReturn(56)) - 0d4a37ed-4cec-423a-a360-e4a879eb6bc0@group-059250D1A272:LeaderElection150: Election REJECTED; received 1 response(s) [0d4a37ed-4cec-423a-a360-e4a879eb6bc0<-5c3318fc-c419-4298-b427-bf5a9ca27bf0#0:FAIL-t10] and 1 exception(s); 0d4a37ed-4cec-423a-a360-e4a879eb6bc0@group-059250D1A272:t10, leader=null, voted=0d4a37ed-4cec-423a-a360-e4a879eb6bc0, raftlog=0d4a37ed-4cec-423a-a360-e4a879eb6bc0@group-059250D1A272-SegmentedRaftLog:OPENED:c-1,f-1,i0, conf=-1: [5c3318fc-c419-4298-b427-bf5a9ca27bf0:192.168.36.126:46795, 61946a22-29ed-4e77-8449-fae4cd9869e9:192.168.36.126:36814, 0d4a37ed-4cec-423a-a360-e4a879eb6bc0:192.168.36.126:37817], old=null
2019-09-25 05:31:49,560 [ce8ac917-2646-4112-adf7-d577593fabcb@group-0EC8D23D101B:LeaderElection151] INFO  impl.RoleInfo (RoleInfo.java:shutdownLeaderElection(134)) - ce8ac917-2646-4112-adf7-d577593fabcb: shutdown LeaderElection
2019-09-25 05:31:49,563 [0d4a37ed-4cec-423a-a360-e4a879eb6bc0@group-059250D1A272:LeaderElection150] INFO  impl.LeaderElection (LogUtils.java:infoOrTrace(149)) -   Exception 0: {}
java.util.concurrent.ExecutionException: org.apache.ratis.thirdparty.io.grpc.StatusRuntimeException: UNAVAILABLE: io exception
	at java.util.concurrent.FutureTask.report(FutureTask.java:122)
	at java.util.concurrent.FutureTask.get(FutureTask.java:192)
	at org.apache.ratis.server.impl.LeaderElection.waitForResults(LeaderElection.java:263)
	at org.apache.ratis.server.impl.LeaderElection.askForVotes(LeaderElection.java:201)
	at org.apache.ratis.server.impl.LeaderElection.run(LeaderElection.java:133)
	at java.lang.Thread.run(Thread.java:748)
Caused by: org.apache.ratis.thirdparty.io.grpc.StatusRuntimeException: UNAVAILABLE: io exception
	at org.apache.ratis.thirdparty.io.grpc.stub.ClientCalls.toStatusRuntimeException(ClientCalls.java:233)
	at org.apache.ratis.thirdparty.io.grpc.stub.ClientCalls.getUnchecked(ClientCalls.java:214)
	at org.apache.ratis.thirdparty.io.grpc.stub.ClientCalls.blockingUnaryCall(ClientCalls.java:139)
	at org.apache.ratis.proto.grpc.RaftServerProtocolServiceGrpc$RaftServerProtocolServiceBlockingStub.requestVote(RaftServerProtocolServiceGrpc.java:265)
	at org.apache.ratis.grpc.server.GrpcServerProtocolClient.requestVote(GrpcServerProtocolClient.java:90)
	at org.apache.ratis.grpc.server.GrpcService.requestVote(GrpcService.java:204)
	at org.apache.ratis.server.impl.LeaderElection.lambda$submitRequests$1(LeaderElection.java:238)
	at java.util.concurrent.FutureTask.run(FutureTask.java:266)
	at java.util.concurrent.Executors$RunnableAdapter.call(Executors.java:511)
	at java.util.concurrent.FutureTask.run(FutureTask.java:266)
	at java.util.concurrent.ThreadPoolExecutor.runWorker(ThreadPoolExecutor.java:1149)
	at java.util.concurrent.ThreadPoolExecutor$Worker.run(ThreadPoolExecutor.java:624)
	... 1 more
Caused by: org.apache.ratis.thirdparty.io.netty.channel.AbstractChannel$AnnotatedConnectException: Connection refused: /192.168.36.126:36814
	at sun.nio.ch.SocketChannelImpl.checkConnect(Native Method)
	at sun.nio.ch.SocketChannelImpl.finishConnect(SocketChannelImpl.java:717)
	at org.apache.ratis.thirdparty.io.netty.channel.socket.nio.NioSocketChannel.doFinishConnect(NioSocketChannel.java:327)
	at org.apache.ratis.thirdparty.io.netty.channel.nio.AbstractNioChannel$AbstractNioUnsafe.finishConnect(AbstractNioChannel.java:340)
	at org.apache.ratis.thirdparty.io.netty.channel.nio.NioEventLoop.processSelectedKey(NioEventLoop.java:632)
	at org.apache.ratis.thirdparty.io.netty.channel.nio.NioEventLoop.processSelectedKeysOptimized(NioEventLoop.java:579)
	at org.apache.ratis.thirdparty.io.netty.channel.nio.NioEventLoop.processSelectedKeys(NioEventLoop.java:496)
	at org.apache.ratis.thirdparty.io.netty.channel.nio.NioEventLoop.run(NioEventLoop.java:458)
	at org.apache.ratis.thirdparty.io.netty.util.concurrent.SingleThreadEventExecutor$5.run(SingleThreadEventExecutor.java:897)
	at org.apache.ratis.thirdparty.io.netty.util.concurrent.FastThreadLocalRunnable.run(FastThreadLocalRunnable.java:30)
	... 1 more
Caused by: java.net.ConnectException: Connection refused
	... 11 more
2019-09-25 05:31:49,563 [e997a993-6131-47bf-96c8-764e04cb5c0e@group-60724A24602F:LeaderElection147] INFO  impl.RoleInfo (RoleInfo.java:updateAndGet(143)) - e997a993-6131-47bf-96c8-764e04cb5c0e: start FollowerState
2019-09-25 05:31:49,563 [616f9f8f-9479-40f4-8c03-f125dcbf9c7f@group-60724A24602F:LeaderElection143] INFO  impl.RoleInfo (RoleInfo.java:updateAndGet(143)) - 616f9f8f-9479-40f4-8c03-f125dcbf9c7f: start FollowerState
2019-09-25 05:31:49,563 [0d4a37ed-4cec-423a-a360-e4a879eb6bc0@group-21C2C432FD88:LeaderElection149] INFO  impl.RaftServerImpl (RaftServerImpl.java:setRole(174)) - 0d4a37ed-4cec-423a-a360-e4a879eb6bc0@group-21C2C432FD88: changes role from CANDIDATE to FOLLOWER at term 11 for DISCOVERED_A_NEW_TERM
2019-09-25 05:31:49,562 [a58d7528-614e-4c39-a3a3-38beaa9905aa@group-AEFF648B0F59:LeaderElection148] INFO  impl.RoleInfo (RoleInfo.java:shutdownLeaderElection(134)) - a58d7528-614e-4c39-a3a3-38beaa9905aa: shutdown LeaderElection
2019-09-25 05:31:49,562 [a58d7528-614e-4c39-a3a3-38beaa9905aa@group-0EC8D23D101B:LeaderElection142] INFO  impl.RoleInfo (RoleInfo.java:updateAndGet(143)) - a58d7528-614e-4c39-a3a3-38beaa9905aa: start FollowerState
2019-09-25 05:31:49,564 [a58d7528-614e-4c39-a3a3-38beaa9905aa@group-AEFF648B0F59:LeaderElection148] INFO  impl.RoleInfo (RoleInfo.java:updateAndGet(143)) - a58d7528-614e-4c39-a3a3-38beaa9905aa: start FollowerState
2019-09-25 05:31:49,564 [0d4a37ed-4cec-423a-a360-e4a879eb6bc0@group-21C2C432FD88:LeaderElection149] INFO  impl.RoleInfo (RoleInfo.java:shutdownLeaderElection(134)) - 0d4a37ed-4cec-423a-a360-e4a879eb6bc0: shutdown LeaderElection
2019-09-25 05:31:49,564 [0d4a37ed-4cec-423a-a360-e4a879eb6bc0@group-059250D1A272:LeaderElection150] INFO  impl.RaftServerImpl (RaftServerImpl.java:setRole(174)) - 0d4a37ed-4cec-423a-a360-e4a879eb6bc0@group-059250D1A272: changes role from CANDIDATE to FOLLOWER at term 10 for DISCOVERED_A_NEW_TERM
2019-09-25 05:31:49,563 [ce8ac917-2646-4112-adf7-d577593fabcb@group-0EC8D23D101B:LeaderElection151] INFO  impl.RoleInfo (RoleInfo.java:updateAndGet(143)) - ce8ac917-2646-4112-adf7-d577593fabcb: start FollowerState
2019-09-25 05:31:49,565 [0d4a37ed-4cec-423a-a360-e4a879eb6bc0@group-059250D1A272:LeaderElection150] INFO  impl.RoleInfo (RoleInfo.java:shutdownLeaderElection(134)) - 0d4a37ed-4cec-423a-a360-e4a879eb6bc0: shutdown LeaderElection
2019-09-25 05:31:49,565 [0d4a37ed-4cec-423a-a360-e4a879eb6bc0@group-21C2C432FD88:LeaderElection149] INFO  impl.RoleInfo (RoleInfo.java:updateAndGet(143)) - 0d4a37ed-4cec-423a-a360-e4a879eb6bc0: start FollowerState
2019-09-25 05:31:49,565 [0d4a37ed-4cec-423a-a360-e4a879eb6bc0@group-059250D1A272:LeaderElection150] INFO  impl.RoleInfo (RoleInfo.java:updateAndGet(143)) - 0d4a37ed-4cec-423a-a360-e4a879eb6bc0: start FollowerState
2019-09-25 05:31:50,570 [Thread-979] INFO  impl.FollowerState (FollowerState.java:run(106)) - 5c3318fc-c419-4298-b427-bf5a9ca27bf0:group-059250D1A272 changes to CANDIDATE, lastRpcTime:1012, electionTimeout:1010ms
2019-09-25 05:31:50,570 [Thread-979] INFO  impl.RoleInfo (RoleInfo.java:shutdownFollowerState(121)) - 5c3318fc-c419-4298-b427-bf5a9ca27bf0: shutdown FollowerState
2019-09-25 05:31:50,570 [Thread-979] INFO  impl.RaftServerImpl (RaftServerImpl.java:setRole(174)) - 5c3318fc-c419-4298-b427-bf5a9ca27bf0@group-059250D1A272: changes role from  FOLLOWER to CANDIDATE at term 10 for changeToCandidate
2019-09-25 05:31:50,571 [Thread-979] INFO  impl.RoleInfo (RoleInfo.java:updateAndGet(143)) - 5c3318fc-c419-4298-b427-bf5a9ca27bf0: start LeaderElection
2019-09-25 05:31:50,571 [Thread-978] INFO  impl.FollowerState (FollowerState.java:run(106)) - 5c3318fc-c419-4298-b427-bf5a9ca27bf0:group-21C2C432FD88 changes to CANDIDATE, lastRpcTime:1020, electionTimeout:1013ms
2019-09-25 05:31:50,571 [Thread-982] INFO  impl.FollowerState (FollowerState.java:run(106)) - f9c12371-c091-4b4a-8db2-6f0db97bbab3:group-0EC8D23D101B changes to CANDIDATE, lastRpcTime:1010, electionTimeout:1008ms
2019-09-25 05:31:50,572 [Thread-978] INFO  impl.RoleInfo (RoleInfo.java:shutdownFollowerState(121)) - 5c3318fc-c419-4298-b427-bf5a9ca27bf0: shutdown FollowerState
2019-09-25 05:31:50,572 [Thread-982] INFO  impl.RoleInfo (RoleInfo.java:shutdownFollowerState(121)) - f9c12371-c091-4b4a-8db2-6f0db97bbab3: shutdown FollowerState
2019-09-25 05:31:50,572 [Thread-978] INFO  impl.RaftServerImpl (RaftServerImpl.java:setRole(174)) - 5c3318fc-c419-4298-b427-bf5a9ca27bf0@group-21C2C432FD88: changes role from  FOLLOWER to CANDIDATE at term 11 for changeToCandidate
2019-09-25 05:31:50,572 [Thread-982] INFO  impl.RaftServerImpl (RaftServerImpl.java:setRole(174)) - f9c12371-c091-4b4a-8db2-6f0db97bbab3@group-0EC8D23D101B: changes role from  FOLLOWER to CANDIDATE at term 8 for changeToCandidate
2019-09-25 05:31:50,572 [Thread-978] INFO  impl.RoleInfo (RoleInfo.java:updateAndGet(143)) - 5c3318fc-c419-4298-b427-bf5a9ca27bf0: start LeaderElection
2019-09-25 05:31:50,572 [Thread-982] INFO  impl.RoleInfo (RoleInfo.java:updateAndGet(143)) - f9c12371-c091-4b4a-8db2-6f0db97bbab3: start LeaderElection
2019-09-25 05:31:50,586 [Thread-989] INFO  impl.FollowerState (FollowerState.java:run(106)) - 0d4a37ed-4cec-423a-a360-e4a879eb6bc0:group-21C2C432FD88 changes to CANDIDATE, lastRpcTime:1020, electionTimeout:1020ms
2019-09-25 05:31:50,586 [Thread-989] INFO  impl.RoleInfo (RoleInfo.java:shutdownFollowerState(121)) - 0d4a37ed-4cec-423a-a360-e4a879eb6bc0: shutdown FollowerState
2019-09-25 05:31:50,586 [Thread-989] INFO  impl.RaftServerImpl (RaftServerImpl.java:setRole(174)) - 0d4a37ed-4cec-423a-a360-e4a879eb6bc0@group-21C2C432FD88: changes role from  FOLLOWER to CANDIDATE at term 11 for changeToCandidate
2019-09-25 05:31:50,586 [Thread-989] INFO  impl.RoleInfo (RoleInfo.java:updateAndGet(143)) - 0d4a37ed-4cec-423a-a360-e4a879eb6bc0: start LeaderElection
2019-09-25 05:31:50,625 [Thread-975] INFO  impl.FollowerState (FollowerState.java:run(106)) - f9c12371-c091-4b4a-8db2-6f0db97bbab3:group-AEFF648B0F59 changes to CANDIDATE, lastRpcTime:1097, electionTimeout:1075ms
2019-09-25 05:31:50,625 [Thread-975] INFO  impl.RoleInfo (RoleInfo.java:shutdownFollowerState(121)) - f9c12371-c091-4b4a-8db2-6f0db97bbab3: shutdown FollowerState
2019-09-25 05:31:50,625 [Thread-975] INFO  impl.RaftServerImpl (RaftServerImpl.java:setRole(174)) - f9c12371-c091-4b4a-8db2-6f0db97bbab3@group-AEFF648B0F59: changes role from  FOLLOWER to CANDIDATE at term 8 for changeToCandidate
2019-09-25 05:31:50,626 [Thread-975] INFO  impl.RoleInfo (RoleInfo.java:updateAndGet(143)) - f9c12371-c091-4b4a-8db2-6f0db97bbab3: start LeaderElection
2019-09-25 05:31:50,632 [Thread-981] INFO  impl.FollowerState (FollowerState.java:run(106)) - ce8ac917-2646-4112-adf7-d577593fabcb:group-43825EC81F5D changes to CANDIDATE, lastRpcTime:1073, electionTimeout:1070ms
2019-09-25 05:31:50,632 [Thread-981] INFO  impl.RoleInfo (RoleInfo.java:shutdownFollowerState(121)) - ce8ac917-2646-4112-adf7-d577593fabcb: shutdown FollowerState
2019-09-25 05:31:50,632 [Thread-981] INFO  impl.RaftServerImpl (RaftServerImpl.java:setRole(174)) - ce8ac917-2646-4112-adf7-d577593fabcb@group-43825EC81F5D: changes role from  FOLLOWER to CANDIDATE at term 4 for changeToCandidate
2019-09-25 05:31:50,633 [Thread-981] INFO  impl.RoleInfo (RoleInfo.java:updateAndGet(143)) - ce8ac917-2646-4112-adf7-d577593fabcb: start LeaderElection
2019-09-25 05:31:50,638 [Thread-985] INFO  impl.FollowerState (FollowerState.java:run(106)) - 616f9f8f-9479-40f4-8c03-f125dcbf9c7f:group-60724A24602F changes to CANDIDATE, lastRpcTime:1074, electionTimeout:1073ms
2019-09-25 05:31:50,638 [Thread-985] INFO  impl.RoleInfo (RoleInfo.java:shutdownFollowerState(121)) - 616f9f8f-9479-40f4-8c03-f125dcbf9c7f: shutdown FollowerState
2019-09-25 05:31:50,638 [Thread-985] INFO  impl.RaftServerImpl (RaftServerImpl.java:setRole(174)) - 616f9f8f-9479-40f4-8c03-f125dcbf9c7f@group-60724A24602F: changes role from  FOLLOWER to CANDIDATE at term 10 for changeToCandidate
2019-09-25 05:31:50,638 [Thread-985] INFO  impl.RoleInfo (RoleInfo.java:updateAndGet(143)) - 616f9f8f-9479-40f4-8c03-f125dcbf9c7f: start LeaderElection
2019-09-25 05:31:50,645 [Thread-988] INFO  impl.FollowerState (FollowerState.java:run(106)) - a58d7528-614e-4c39-a3a3-38beaa9905aa:group-AEFF648B0F59 changes to CANDIDATE, lastRpcTime:1080, electionTimeout:1080ms
2019-09-25 05:31:50,645 [Thread-988] INFO  impl.RoleInfo (RoleInfo.java:shutdownFollowerState(121)) - a58d7528-614e-4c39-a3a3-38beaa9905aa: shutdown FollowerState
2019-09-25 05:31:50,645 [Thread-988] INFO  impl.RaftServerImpl (RaftServerImpl.java:setRole(174)) - a58d7528-614e-4c39-a3a3-38beaa9905aa@group-AEFF648B0F59: changes role from  FOLLOWER to CANDIDATE at term 8 for changeToCandidate
2019-09-25 05:31:50,646 [Thread-988] INFO  impl.RoleInfo (RoleInfo.java:updateAndGet(143)) - a58d7528-614e-4c39-a3a3-38beaa9905aa: start LeaderElection
2019-09-25 05:31:50,665 [Thread-980] INFO  impl.FollowerState (FollowerState.java:run(106)) - f9c12371-c091-4b4a-8db2-6f0db97bbab3:group-43825EC81F5D changes to CANDIDATE, lastRpcTime:1107, electionTimeout:1106ms
2019-09-25 05:31:50,665 [Thread-980] INFO  impl.RoleInfo (RoleInfo.java:shutdownFollowerState(121)) - f9c12371-c091-4b4a-8db2-6f0db97bbab3: shutdown FollowerState
2019-09-25 05:31:50,665 [Thread-980] INFO  impl.RaftServerImpl (RaftServerImpl.java:setRole(174)) - f9c12371-c091-4b4a-8db2-6f0db97bbab3@group-43825EC81F5D: changes role from  FOLLOWER to CANDIDATE at term 4 for changeToCandidate
2019-09-25 05:31:50,665 [Thread-980] INFO  impl.RoleInfo (RoleInfo.java:updateAndGet(143)) - f9c12371-c091-4b4a-8db2-6f0db97bbab3: start LeaderElection
2019-09-25 05:31:50,678 [Thread-983] INFO  impl.FollowerState (FollowerState.java:run(106)) - a58d7528-614e-4c39-a3a3-38beaa9905aa:group-43825EC81F5D changes to CANDIDATE, lastRpcTime:1116, electionTimeout:1116ms
2019-09-25 05:31:50,678 [Thread-983] INFO  impl.RoleInfo (RoleInfo.java:shutdownFollowerState(121)) - a58d7528-614e-4c39-a3a3-38beaa9905aa: shutdown FollowerState
2019-09-25 05:31:50,679 [Thread-983] INFO  impl.RaftServerImpl (RaftServerImpl.java:setRole(174)) - a58d7528-614e-4c39-a3a3-38beaa9905aa@group-43825EC81F5D: changes role from  FOLLOWER to CANDIDATE at term 4 for changeToCandidate
2019-09-25 05:31:50,679 [Thread-983] INFO  impl.RoleInfo (RoleInfo.java:updateAndGet(143)) - a58d7528-614e-4c39-a3a3-38beaa9905aa: start LeaderElection
2019-09-25 05:31:50,685 [Thread-984] INFO  impl.FollowerState (FollowerState.java:run(106)) - a58d7528-614e-4c39-a3a3-38beaa9905aa:group-0EC8D23D101B changes to CANDIDATE, lastRpcTime:1122, electionTimeout:1120ms
2019-09-25 05:31:50,685 [Thread-984] INFO  impl.RoleInfo (RoleInfo.java:shutdownFollowerState(121)) - a58d7528-614e-4c39-a3a3-38beaa9905aa: shutdown FollowerState
2019-09-25 05:31:50,685 [Thread-984] INFO  impl.RaftServerImpl (RaftServerImpl.java:setRole(174)) - a58d7528-614e-4c39-a3a3-38beaa9905aa@group-0EC8D23D101B: changes role from  FOLLOWER to CANDIDATE at term 8 for changeToCandidate
2019-09-25 05:31:50,685 [Thread-984] INFO  impl.RoleInfo (RoleInfo.java:updateAndGet(143)) - a58d7528-614e-4c39-a3a3-38beaa9905aa: start LeaderElection
2019-09-25 05:31:50,699 [Thread-987] INFO  impl.FollowerState (FollowerState.java:run(106)) - ce8ac917-2646-4112-adf7-d577593fabcb:group-0EC8D23D101B changes to CANDIDATE, lastRpcTime:1135, electionTimeout:1134ms
2019-09-25 05:31:50,699 [Thread-987] INFO  impl.RoleInfo (RoleInfo.java:shutdownFollowerState(121)) - ce8ac917-2646-4112-adf7-d577593fabcb: shutdown FollowerState
2019-09-25 05:31:50,700 [Thread-987] INFO  impl.RaftServerImpl (RaftServerImpl.java:setRole(174)) - ce8ac917-2646-4112-adf7-d577593fabcb@group-0EC8D23D101B: changes role from  FOLLOWER to CANDIDATE at term 8 for changeToCandidate
2019-09-25 05:31:50,700 [Thread-987] INFO  impl.RoleInfo (RoleInfo.java:updateAndGet(143)) - ce8ac917-2646-4112-adf7-d577593fabcb: start LeaderElection
2019-09-25 05:31:50,724 [Thread-977] INFO  impl.FollowerState (FollowerState.java:run(106)) - ce8ac917-2646-4112-adf7-d577593fabcb:group-AEFF648B0F59 changes to CANDIDATE, lastRpcTime:1174, electionTimeout:1166ms
2019-09-25 05:31:50,725 [Thread-977] INFO  impl.RoleInfo (RoleInfo.java:shutdownFollowerState(121)) - ce8ac917-2646-4112-adf7-d577593fabcb: shutdown FollowerState
2019-09-25 05:31:50,725 [Thread-977] INFO  impl.RaftServerImpl (RaftServerImpl.java:setRole(174)) - ce8ac917-2646-4112-adf7-d577593fabcb@group-AEFF648B0F59: changes role from  FOLLOWER to CANDIDATE at term 8 for changeToCandidate
2019-09-25 05:31:50,725 [Thread-977] INFO  impl.RoleInfo (RoleInfo.java:updateAndGet(143)) - ce8ac917-2646-4112-adf7-d577593fabcb: start LeaderElection
2019-09-25 05:31:50,726 [Thread-990] INFO  impl.FollowerState (FollowerState.java:run(106)) - 0d4a37ed-4cec-423a-a360-e4a879eb6bc0:group-059250D1A272 changes to CANDIDATE, lastRpcTime:1160, electionTimeout:1160ms
2019-09-25 05:31:50,726 [Thread-990] INFO  impl.RoleInfo (RoleInfo.java:shutdownFollowerState(121)) - 0d4a37ed-4cec-423a-a360-e4a879eb6bc0: shutdown FollowerState
2019-09-25 05:31:50,726 [Thread-990] INFO  impl.RaftServerImpl (RaftServerImpl.java:setRole(174)) - 0d4a37ed-4cec-423a-a360-e4a879eb6bc0@group-059250D1A272: changes role from  FOLLOWER to CANDIDATE at term 10 for changeToCandidate
2019-09-25 05:31:50,726 [Thread-990] INFO  impl.RoleInfo (RoleInfo.java:updateAndGet(143)) - 0d4a37ed-4cec-423a-a360-e4a879eb6bc0: start LeaderElection
2019-09-25 05:31:50,752 [Thread-986] INFO  impl.FollowerState (FollowerState.java:run(106)) - e997a993-6131-47bf-96c8-764e04cb5c0e:group-60724A24602F changes to CANDIDATE, lastRpcTime:1189, electionTimeout:1188ms
2019-09-25 05:31:50,752 [Thread-986] INFO  impl.RoleInfo (RoleInfo.java:shutdownFollowerState(121)) - e997a993-6131-47bf-96c8-764e04cb5c0e: shutdown FollowerState
2019-09-25 05:31:50,753 [Thread-986] INFO  impl.RaftServerImpl (RaftServerImpl.java:setRole(174)) - e997a993-6131-47bf-96c8-764e04cb5c0e@group-60724A24602F: changes role from  FOLLOWER to CANDIDATE at term 10 for changeToCandidate
2019-09-25 05:31:50,753 [Thread-986] INFO  impl.RoleInfo (RoleInfo.java:updateAndGet(143)) - e997a993-6131-47bf-96c8-764e04cb5c0e: start LeaderElection
2019-09-25 05:31:50,929 [a58d7528-614e-4c39-a3a3-38beaa9905aa@group-43825EC81F5D:LeaderElection162] INFO  impl.LeaderElection (LeaderElection.java:askForVotes(182)) - a58d7528-614e-4c39-a3a3-38beaa9905aa@group-43825EC81F5D:LeaderElection162: begin an election at term 5 for -1: [a58d7528-614e-4c39-a3a3-38beaa9905aa:192.168.36.126:37942, f9c12371-c091-4b4a-8db2-6f0db97bbab3:192.168.36.126:46560, ce8ac917-2646-4112-adf7-d577593fabcb:192.168.36.126:37960], old=null
2019-09-25 05:31:50,929 [ce8ac917-2646-4112-adf7-d577593fabcb@group-43825EC81F5D:LeaderElection158] INFO  impl.LeaderElection (LeaderElection.java:askForVotes(182)) - ce8ac917-2646-4112-adf7-d577593fabcb@group-43825EC81F5D:LeaderElection158: begin an election at term 5 for -1: [a58d7528-614e-4c39-a3a3-38beaa9905aa:192.168.36.126:37942, f9c12371-c091-4b4a-8db2-6f0db97bbab3:192.168.36.126:46560, ce8ac917-2646-4112-adf7-d577593fabcb:192.168.36.126:37960], old=null
2019-09-25 05:31:50,929 [5c3318fc-c419-4298-b427-bf5a9ca27bf0@group-21C2C432FD88:LeaderElection154] INFO  impl.LeaderElection (LeaderElection.java:askForVotes(182)) - 5c3318fc-c419-4298-b427-bf5a9ca27bf0@group-21C2C432FD88:LeaderElection154: begin an election at term 12 for -1: [5c3318fc-c419-4298-b427-bf5a9ca27bf0:192.168.36.126:46795, 61946a22-29ed-4e77-8449-fae4cd9869e9:192.168.36.126:36814, 0d4a37ed-4cec-423a-a360-e4a879eb6bc0:192.168.36.126:37817], old=null
2019-09-25 05:31:50,929 [f9c12371-c091-4b4a-8db2-6f0db97bbab3@group-AEFF648B0F59:LeaderElection157] INFO  impl.LeaderElection (LeaderElection.java:askForVotes(182)) - f9c12371-c091-4b4a-8db2-6f0db97bbab3@group-AEFF648B0F59:LeaderElection157: begin an election at term 9 for -1: [a58d7528-614e-4c39-a3a3-38beaa9905aa:192.168.36.126:37942, f9c12371-c091-4b4a-8db2-6f0db97bbab3:192.168.36.126:46560, ce8ac917-2646-4112-adf7-d577593fabcb:192.168.36.126:37960], old=null
2019-09-25 05:31:50,929 [5c3318fc-c419-4298-b427-bf5a9ca27bf0@group-059250D1A272:LeaderElection153] INFO  impl.LeaderElection (LeaderElection.java:askForVotes(182)) - 5c3318fc-c419-4298-b427-bf5a9ca27bf0@group-059250D1A272:LeaderElection153: begin an election at term 11 for -1: [5c3318fc-c419-4298-b427-bf5a9ca27bf0:192.168.36.126:46795, 61946a22-29ed-4e77-8449-fae4cd9869e9:192.168.36.126:36814, 0d4a37ed-4cec-423a-a360-e4a879eb6bc0:192.168.36.126:37817], old=null
2019-09-25 05:31:50,929 [616f9f8f-9479-40f4-8c03-f125dcbf9c7f@group-60724A24602F:LeaderElection159] INFO  impl.LeaderElection (LeaderElection.java:askForVotes(182)) - 616f9f8f-9479-40f4-8c03-f125dcbf9c7f@group-60724A24602F:LeaderElection159: begin an election at term 11 for -1: [616f9f8f-9479-40f4-8c03-f125dcbf9c7f:192.168.36.126:39694, e997a993-6131-47bf-96c8-764e04cb5c0e:192.168.36.126:37678, fd2f3f79-5d7b-4d37-bb24-b15dfe7f18d7:192.168.36.126:42280], old=null
2019-09-25 05:31:50,929 [f9c12371-c091-4b4a-8db2-6f0db97bbab3@group-0EC8D23D101B:LeaderElection155] INFO  impl.LeaderElection (LeaderElection.java:askForVotes(182)) - f9c12371-c091-4b4a-8db2-6f0db97bbab3@group-0EC8D23D101B:LeaderElection155: begin an election at term 9 for -1: [a58d7528-614e-4c39-a3a3-38beaa9905aa:192.168.36.126:37942, f9c12371-c091-4b4a-8db2-6f0db97bbab3:192.168.36.126:46560, ce8ac917-2646-4112-adf7-d577593fabcb:192.168.36.126:37960], old=null
2019-09-25 05:31:50,929 [a58d7528-614e-4c39-a3a3-38beaa9905aa@group-AEFF648B0F59:LeaderElection160] INFO  impl.LeaderElection (LeaderElection.java:askForVotes(182)) - a58d7528-614e-4c39-a3a3-38beaa9905aa@group-AEFF648B0F59:LeaderElection160: begin an election at term 9 for -1: [a58d7528-614e-4c39-a3a3-38beaa9905aa:192.168.36.126:37942, f9c12371-c091-4b4a-8db2-6f0db97bbab3:192.168.36.126:46560, ce8ac917-2646-4112-adf7-d577593fabcb:192.168.36.126:37960], old=null
2019-09-25 05:31:50,929 [0d4a37ed-4cec-423a-a360-e4a879eb6bc0@group-21C2C432FD88:LeaderElection156] INFO  impl.LeaderElection (LeaderElection.java:askForVotes(182)) - 0d4a37ed-4cec-423a-a360-e4a879eb6bc0@group-21C2C432FD88:LeaderElection156: begin an election at term 12 for -1: [5c3318fc-c419-4298-b427-bf5a9ca27bf0:192.168.36.126:46795, 61946a22-29ed-4e77-8449-fae4cd9869e9:192.168.36.126:36814, 0d4a37ed-4cec-423a-a360-e4a879eb6bc0:192.168.36.126:37817], old=null
2019-09-25 05:31:50,929 [a58d7528-614e-4c39-a3a3-38beaa9905aa@group-0EC8D23D101B:LeaderElection163] INFO  impl.LeaderElection (LeaderElection.java:askForVotes(182)) - a58d7528-614e-4c39-a3a3-38beaa9905aa@group-0EC8D23D101B:LeaderElection163: begin an election at term 9 for -1: [a58d7528-614e-4c39-a3a3-38beaa9905aa:192.168.36.126:37942, f9c12371-c091-4b4a-8db2-6f0db97bbab3:192.168.36.126:46560, ce8ac917-2646-4112-adf7-d577593fabcb:192.168.36.126:37960], old=null
2019-09-25 05:31:50,929 [f9c12371-c091-4b4a-8db2-6f0db97bbab3@group-43825EC81F5D:LeaderElection161] INFO  impl.LeaderElection (LeaderElection.java:askForVotes(182)) - f9c12371-c091-4b4a-8db2-6f0db97bbab3@group-43825EC81F5D:LeaderElection161: begin an election at term 5 for -1: [a58d7528-614e-4c39-a3a3-38beaa9905aa:192.168.36.126:37942, f9c12371-c091-4b4a-8db2-6f0db97bbab3:192.168.36.126:46560, ce8ac917-2646-4112-adf7-d577593fabcb:192.168.36.126:37960], old=null
2019-09-25 05:31:50,930 [ce8ac917-2646-4112-adf7-d577593fabcb@group-0EC8D23D101B:LeaderElection164] INFO  impl.LeaderElection (LeaderElection.java:askForVotes(182)) - ce8ac917-2646-4112-adf7-d577593fabcb@group-0EC8D23D101B:LeaderElection164: begin an election at term 9 for -1: [a58d7528-614e-4c39-a3a3-38beaa9905aa:192.168.36.126:37942, f9c12371-c091-4b4a-8db2-6f0db97bbab3:192.168.36.126:46560, ce8ac917-2646-4112-adf7-d577593fabcb:192.168.36.126:37960], old=null
2019-09-25 05:31:50,930 [e997a993-6131-47bf-96c8-764e04cb5c0e@group-60724A24602F:LeaderElection167] INFO  impl.LeaderElection (LeaderElection.java:askForVotes(182)) - e997a993-6131-47bf-96c8-764e04cb5c0e@group-60724A24602F:LeaderElection167: begin an election at term 11 for -1: [616f9f8f-9479-40f4-8c03-f125dcbf9c7f:192.168.36.126:39694, e997a993-6131-47bf-96c8-764e04cb5c0e:192.168.36.126:37678, fd2f3f79-5d7b-4d37-bb24-b15dfe7f18d7:192.168.36.126:42280], old=null
2019-09-25 05:31:50,930 [0d4a37ed-4cec-423a-a360-e4a879eb6bc0@group-059250D1A272:LeaderElection166] INFO  impl.LeaderElection (LeaderElection.java:askForVotes(182)) - 0d4a37ed-4cec-423a-a360-e4a879eb6bc0@group-059250D1A272:LeaderElection166: begin an election at term 11 for -1: [5c3318fc-c419-4298-b427-bf5a9ca27bf0:192.168.36.126:46795, 61946a22-29ed-4e77-8449-fae4cd9869e9:192.168.36.126:36814, 0d4a37ed-4cec-423a-a360-e4a879eb6bc0:192.168.36.126:37817], old=null
2019-09-25 05:31:50,930 [ce8ac917-2646-4112-adf7-d577593fabcb@group-AEFF648B0F59:LeaderElection165] INFO  impl.LeaderElection (LeaderElection.java:askForVotes(182)) - ce8ac917-2646-4112-adf7-d577593fabcb@group-AEFF648B0F59:LeaderElection165: begin an election at term 9 for -1: [a58d7528-614e-4c39-a3a3-38beaa9905aa:192.168.36.126:37942, f9c12371-c091-4b4a-8db2-6f0db97bbab3:192.168.36.126:46560, ce8ac917-2646-4112-adf7-d577593fabcb:192.168.36.126:37960], old=null
2019-09-25 05:31:50,933 [5c3318fc-c419-4298-b427-bf5a9ca27bf0@group-21C2C432FD88:LeaderElection154] INFO  impl.LeaderElection (LogUtils.java:infoOrTrace(149)) - 5c3318fc-c419-4298-b427-bf5a9ca27bf0@group-21C2C432FD88:LeaderElection154 got exception when requesting votes: {}
java.util.concurrent.ExecutionException: org.apache.ratis.thirdparty.io.grpc.StatusRuntimeException: UNAVAILABLE: io exception
	at java.util.concurrent.FutureTask.report(FutureTask.java:122)
	at java.util.concurrent.FutureTask.get(FutureTask.java:192)
	at org.apache.ratis.server.impl.LeaderElection.waitForResults(LeaderElection.java:263)
	at org.apache.ratis.server.impl.LeaderElection.askForVotes(LeaderElection.java:201)
	at org.apache.ratis.server.impl.LeaderElection.run(LeaderElection.java:133)
	at java.lang.Thread.run(Thread.java:748)
Caused by: org.apache.ratis.thirdparty.io.grpc.StatusRuntimeException: UNAVAILABLE: io exception
	at org.apache.ratis.thirdparty.io.grpc.stub.ClientCalls.toStatusRuntimeException(ClientCalls.java:233)
	at org.apache.ratis.thirdparty.io.grpc.stub.ClientCalls.getUnchecked(ClientCalls.java:214)
	at org.apache.ratis.thirdparty.io.grpc.stub.ClientCalls.blockingUnaryCall(ClientCalls.java:139)
	at org.apache.ratis.proto.grpc.RaftServerProtocolServiceGrpc$RaftServerProtocolServiceBlockingStub.requestVote(RaftServerProtocolServiceGrpc.java:265)
	at org.apache.ratis.grpc.server.GrpcServerProtocolClient.requestVote(GrpcServerProtocolClient.java:90)
	at org.apache.ratis.grpc.server.GrpcService.requestVote(GrpcService.java:204)
	at org.apache.ratis.server.impl.LeaderElection.lambda$submitRequests$1(LeaderElection.java:238)
	at java.util.concurrent.FutureTask.run(FutureTask.java:266)
	at java.util.concurrent.Executors$RunnableAdapter.call(Executors.java:511)
	at java.util.concurrent.FutureTask.run(FutureTask.java:266)
	at java.util.concurrent.ThreadPoolExecutor.runWorker(ThreadPoolExecutor.java:1149)
	at java.util.concurrent.ThreadPoolExecutor$Worker.run(ThreadPoolExecutor.java:624)
	... 1 more
Caused by: org.apache.ratis.thirdparty.io.netty.channel.AbstractChannel$AnnotatedConnectException: Connection refused: /192.168.36.126:36814
	at sun.nio.ch.SocketChannelImpl.checkConnect(Native Method)
	at sun.nio.ch.SocketChannelImpl.finishConnect(SocketChannelImpl.java:717)
	at org.apache.ratis.thirdparty.io.netty.channel.socket.nio.NioSocketChannel.doFinishConnect(NioSocketChannel.java:327)
	at org.apache.ratis.thirdparty.io.netty.channel.nio.AbstractNioChannel$AbstractNioUnsafe.finishConnect(AbstractNioChannel.java:340)
	at org.apache.ratis.thirdparty.io.netty.channel.nio.NioEventLoop.processSelectedKey(NioEventLoop.java:632)
	at org.apache.ratis.thirdparty.io.netty.channel.nio.NioEventLoop.processSelectedKeysOptimized(NioEventLoop.java:579)
	at org.apache.ratis.thirdparty.io.netty.channel.nio.NioEventLoop.processSelectedKeys(NioEventLoop.java:496)
	at org.apache.ratis.thirdparty.io.netty.channel.nio.NioEventLoop.run(NioEventLoop.java:458)
	at org.apache.ratis.thirdparty.io.netty.util.concurrent.SingleThreadEventExecutor$5.run(SingleThreadEventExecutor.java:897)
	at org.apache.ratis.thirdparty.io.netty.util.concurrent.FastThreadLocalRunnable.run(FastThreadLocalRunnable.java:30)
	... 1 more
Caused by: java.net.ConnectException: Connection refused
	... 11 more
2019-09-25 05:31:50,933 [5c3318fc-c419-4298-b427-bf5a9ca27bf0@group-059250D1A272:LeaderElection153] INFO  impl.LeaderElection (LogUtils.java:infoOrTrace(149)) - 5c3318fc-c419-4298-b427-bf5a9ca27bf0@group-059250D1A272:LeaderElection153 got exception when requesting votes: {}
java.util.concurrent.ExecutionException: org.apache.ratis.thirdparty.io.grpc.StatusRuntimeException: UNAVAILABLE: io exception
	at java.util.concurrent.FutureTask.report(FutureTask.java:122)
	at java.util.concurrent.FutureTask.get(FutureTask.java:192)
	at org.apache.ratis.server.impl.LeaderElection.waitForResults(LeaderElection.java:263)
	at org.apache.ratis.server.impl.LeaderElection.askForVotes(LeaderElection.java:201)
	at org.apache.ratis.server.impl.LeaderElection.run(LeaderElection.java:133)
	at java.lang.Thread.run(Thread.java:748)
Caused by: org.apache.ratis.thirdparty.io.grpc.StatusRuntimeException: UNAVAILABLE: io exception
	at org.apache.ratis.thirdparty.io.grpc.stub.ClientCalls.toStatusRuntimeException(ClientCalls.java:233)
	at org.apache.ratis.thirdparty.io.grpc.stub.ClientCalls.getUnchecked(ClientCalls.java:214)
	at org.apache.ratis.thirdparty.io.grpc.stub.ClientCalls.blockingUnaryCall(ClientCalls.java:139)
	at org.apache.ratis.proto.grpc.RaftServerProtocolServiceGrpc$RaftServerProtocolServiceBlockingStub.requestVote(RaftServerProtocolServiceGrpc.java:265)
	at org.apache.ratis.grpc.server.GrpcServerProtocolClient.requestVote(GrpcServerProtocolClient.java:90)
	at org.apache.ratis.grpc.server.GrpcService.requestVote(GrpcService.java:204)
	at org.apache.ratis.server.impl.LeaderElection.lambda$submitRequests$1(LeaderElection.java:238)
	at java.util.concurrent.FutureTask.run(FutureTask.java:266)
	at java.util.concurrent.Executors$RunnableAdapter.call(Executors.java:511)
	at java.util.concurrent.FutureTask.run(FutureTask.java:266)
	at java.util.concurrent.ThreadPoolExecutor.runWorker(ThreadPoolExecutor.java:1149)
	at java.util.concurrent.ThreadPoolExecutor$Worker.run(ThreadPoolExecutor.java:624)
	... 1 more
Caused by: org.apache.ratis.thirdparty.io.netty.channel.AbstractChannel$AnnotatedConnectException: Connection refused: /192.168.36.126:36814
	at sun.nio.ch.SocketChannelImpl.checkConnect(Native Method)
	at sun.nio.ch.SocketChannelImpl.finishConnect(SocketChannelImpl.java:717)
	at org.apache.ratis.thirdparty.io.netty.channel.socket.nio.NioSocketChannel.doFinishConnect(NioSocketChannel.java:327)
	at org.apache.ratis.thirdparty.io.netty.channel.nio.AbstractNioChannel$AbstractNioUnsafe.finishConnect(AbstractNioChannel.java:340)
	at org.apache.ratis.thirdparty.io.netty.channel.nio.NioEventLoop.processSelectedKey(NioEventLoop.java:632)
	at org.apache.ratis.thirdparty.io.netty.channel.nio.NioEventLoop.processSelectedKeysOptimized(NioEventLoop.java:579)
	at org.apache.ratis.thirdparty.io.netty.channel.nio.NioEventLoop.processSelectedKeys(NioEventLoop.java:496)
	at org.apache.ratis.thirdparty.io.netty.channel.nio.NioEventLoop.run(NioEventLoop.java:458)
	at org.apache.ratis.thirdparty.io.netty.util.concurrent.SingleThreadEventExecutor$5.run(SingleThreadEventExecutor.java:897)
	at org.apache.ratis.thirdparty.io.netty.util.concurrent.FastThreadLocalRunnable.run(FastThreadLocalRunnable.java:30)
	... 1 more
Caused by: java.net.ConnectException: Connection refused
	... 11 more
2019-09-25 05:31:50,951 [0d4a37ed-4cec-423a-a360-e4a879eb6bc0@group-059250D1A272:LeaderElection166] INFO  impl.LeaderElection (LogUtils.java:infoOrTrace(149)) - 0d4a37ed-4cec-423a-a360-e4a879eb6bc0@group-059250D1A272:LeaderElection166 got exception when requesting votes: {}
java.util.concurrent.ExecutionException: org.apache.ratis.thirdparty.io.grpc.StatusRuntimeException: UNAVAILABLE: io exception
	at java.util.concurrent.FutureTask.report(FutureTask.java:122)
	at java.util.concurrent.FutureTask.get(FutureTask.java:192)
	at org.apache.ratis.server.impl.LeaderElection.waitForResults(LeaderElection.java:263)
	at org.apache.ratis.server.impl.LeaderElection.askForVotes(LeaderElection.java:201)
	at org.apache.ratis.server.impl.LeaderElection.run(LeaderElection.java:133)
	at java.lang.Thread.run(Thread.java:748)
Caused by: org.apache.ratis.thirdparty.io.grpc.StatusRuntimeException: UNAVAILABLE: io exception
	at org.apache.ratis.thirdparty.io.grpc.stub.ClientCalls.toStatusRuntimeException(ClientCalls.java:233)
	at org.apache.ratis.thirdparty.io.grpc.stub.ClientCalls.getUnchecked(ClientCalls.java:214)
	at org.apache.ratis.thirdparty.io.grpc.stub.ClientCalls.blockingUnaryCall(ClientCalls.java:139)
	at org.apache.ratis.proto.grpc.RaftServerProtocolServiceGrpc$RaftServerProtocolServiceBlockingStub.requestVote(RaftServerProtocolServiceGrpc.java:265)
	at org.apache.ratis.grpc.server.GrpcServerProtocolClient.requestVote(GrpcServerProtocolClient.java:90)
	at org.apache.ratis.grpc.server.GrpcService.requestVote(GrpcService.java:204)
	at org.apache.ratis.server.impl.LeaderElection.lambda$submitRequests$1(LeaderElection.java:238)
	at java.util.concurrent.FutureTask.run(FutureTask.java:266)
	at java.util.concurrent.Executors$RunnableAdapter.call(Executors.java:511)
	at java.util.concurrent.FutureTask.run(FutureTask.java:266)
	at java.util.concurrent.ThreadPoolExecutor.runWorker(ThreadPoolExecutor.java:1149)
	at java.util.concurrent.ThreadPoolExecutor$Worker.run(ThreadPoolExecutor.java:624)
	... 1 more
Caused by: org.apache.ratis.thirdparty.io.netty.channel.AbstractChannel$AnnotatedConnectException: Connection refused: /192.168.36.126:36814
	at sun.nio.ch.SocketChannelImpl.checkConnect(Native Method)
	at sun.nio.ch.SocketChannelImpl.finishConnect(SocketChannelImpl.java:717)
	at org.apache.ratis.thirdparty.io.netty.channel.socket.nio.NioSocketChannel.doFinishConnect(NioSocketChannel.java:327)
	at org.apache.ratis.thirdparty.io.netty.channel.nio.AbstractNioChannel$AbstractNioUnsafe.finishConnect(AbstractNioChannel.java:340)
	at org.apache.ratis.thirdparty.io.netty.channel.nio.NioEventLoop.processSelectedKey(NioEventLoop.java:632)
	at org.apache.ratis.thirdparty.io.netty.channel.nio.NioEventLoop.processSelectedKeysOptimized(NioEventLoop.java:579)
	at org.apache.ratis.thirdparty.io.netty.channel.nio.NioEventLoop.processSelectedKeys(NioEventLoop.java:496)
	at org.apache.ratis.thirdparty.io.netty.channel.nio.NioEventLoop.run(NioEventLoop.java:458)
	at org.apache.ratis.thirdparty.io.netty.util.concurrent.SingleThreadEventExecutor$5.run(SingleThreadEventExecutor.java:897)
	at org.apache.ratis.thirdparty.io.netty.util.concurrent.FastThreadLocalRunnable.run(FastThreadLocalRunnable.java:30)
	... 1 more
Caused by: java.net.ConnectException: Connection refused
	... 11 more
2019-09-25 05:31:50,954 [e997a993-6131-47bf-96c8-764e04cb5c0e@group-60724A24602F:LeaderElection167] INFO  impl.LeaderElection (LogUtils.java:infoOrTrace(149)) - e997a993-6131-47bf-96c8-764e04cb5c0e@group-60724A24602F:LeaderElection167 got exception when requesting votes: {}
java.util.concurrent.ExecutionException: org.apache.ratis.thirdparty.io.grpc.StatusRuntimeException: UNAVAILABLE: io exception
	at java.util.concurrent.FutureTask.report(FutureTask.java:122)
	at java.util.concurrent.FutureTask.get(FutureTask.java:192)
	at org.apache.ratis.server.impl.LeaderElection.waitForResults(LeaderElection.java:263)
	at org.apache.ratis.server.impl.LeaderElection.askForVotes(LeaderElection.java:201)
	at org.apache.ratis.server.impl.LeaderElection.run(LeaderElection.java:133)
	at java.lang.Thread.run(Thread.java:748)
Caused by: org.apache.ratis.thirdparty.io.grpc.StatusRuntimeException: UNAVAILABLE: io exception
	at org.apache.ratis.thirdparty.io.grpc.stub.ClientCalls.toStatusRuntimeException(ClientCalls.java:233)
	at org.apache.ratis.thirdparty.io.grpc.stub.ClientCalls.getUnchecked(ClientCalls.java:214)
	at org.apache.ratis.thirdparty.io.grpc.stub.ClientCalls.blockingUnaryCall(ClientCalls.java:139)
	at org.apache.ratis.proto.grpc.RaftServerProtocolServiceGrpc$RaftServerProtocolServiceBlockingStub.requestVote(RaftServerProtocolServiceGrpc.java:265)
	at org.apache.ratis.grpc.server.GrpcServerProtocolClient.requestVote(GrpcServerProtocolClient.java:90)
	at org.apache.ratis.grpc.server.GrpcService.requestVote(GrpcService.java:204)
	at org.apache.ratis.server.impl.LeaderElection.lambda$submitRequests$1(LeaderElection.java:238)
	at java.util.concurrent.FutureTask.run(FutureTask.java:266)
	at java.util.concurrent.Executors$RunnableAdapter.call(Executors.java:511)
	at java.util.concurrent.FutureTask.run(FutureTask.java:266)
	at java.util.concurrent.ThreadPoolExecutor.runWorker(ThreadPoolExecutor.java:1149)
	at java.util.concurrent.ThreadPoolExecutor$Worker.run(ThreadPoolExecutor.java:624)
	... 1 more
Caused by: org.apache.ratis.thirdparty.io.netty.channel.AbstractChannel$AnnotatedConnectException: Connection refused: /192.168.36.126:42280
	at sun.nio.ch.SocketChannelImpl.checkConnect(Native Method)
	at sun.nio.ch.SocketChannelImpl.finishConnect(SocketChannelImpl.java:717)
	at org.apache.ratis.thirdparty.io.netty.channel.socket.nio.NioSocketChannel.doFinishConnect(NioSocketChannel.java:327)
	at org.apache.ratis.thirdparty.io.netty.channel.nio.AbstractNioChannel$AbstractNioUnsafe.finishConnect(AbstractNioChannel.java:340)
	at org.apache.ratis.thirdparty.io.netty.channel.nio.NioEventLoop.processSelectedKey(NioEventLoop.java:632)
	at org.apache.ratis.thirdparty.io.netty.channel.nio.NioEventLoop.processSelectedKeysOptimized(NioEventLoop.java:579)
	at org.apache.ratis.thirdparty.io.netty.channel.nio.NioEventLoop.processSelectedKeys(NioEventLoop.java:496)
	at org.apache.ratis.thirdparty.io.netty.channel.nio.NioEventLoop.run(NioEventLoop.java:458)
	at org.apache.ratis.thirdparty.io.netty.util.concurrent.SingleThreadEventExecutor$5.run(SingleThreadEventExecutor.java:897)
	at org.apache.ratis.thirdparty.io.netty.util.concurrent.FastThreadLocalRunnable.run(FastThreadLocalRunnable.java:30)
	... 1 more
Caused by: java.net.ConnectException: Connection refused
	... 11 more
2019-09-25 05:31:50,954 [616f9f8f-9479-40f4-8c03-f125dcbf9c7f@group-60724A24602F:LeaderElection159] INFO  impl.LeaderElection (LogUtils.java:infoOrTrace(149)) - 616f9f8f-9479-40f4-8c03-f125dcbf9c7f@group-60724A24602F:LeaderElection159 got exception when requesting votes: {}
java.util.concurrent.ExecutionException: org.apache.ratis.thirdparty.io.grpc.StatusRuntimeException: UNAVAILABLE: io exception
	at java.util.concurrent.FutureTask.report(FutureTask.java:122)
	at java.util.concurrent.FutureTask.get(FutureTask.java:192)
	at org.apache.ratis.server.impl.LeaderElection.waitForResults(LeaderElection.java:263)
	at org.apache.ratis.server.impl.LeaderElection.askForVotes(LeaderElection.java:201)
	at org.apache.ratis.server.impl.LeaderElection.run(LeaderElection.java:133)
	at java.lang.Thread.run(Thread.java:748)
Caused by: org.apache.ratis.thirdparty.io.grpc.StatusRuntimeException: UNAVAILABLE: io exception
	at org.apache.ratis.thirdparty.io.grpc.stub.ClientCalls.toStatusRuntimeException(ClientCalls.java:233)
	at org.apache.ratis.thirdparty.io.grpc.stub.ClientCalls.getUnchecked(ClientCalls.java:214)
	at org.apache.ratis.thirdparty.io.grpc.stub.ClientCalls.blockingUnaryCall(ClientCalls.java:139)
	at org.apache.ratis.proto.grpc.RaftServerProtocolServiceGrpc$RaftServerProtocolServiceBlockingStub.requestVote(RaftServerProtocolServiceGrpc.java:265)
	at org.apache.ratis.grpc.server.GrpcServerProtocolClient.requestVote(GrpcServerProtocolClient.java:90)
	at org.apache.ratis.grpc.server.GrpcService.requestVote(GrpcService.java:204)
	at org.apache.ratis.server.impl.LeaderElection.lambda$submitRequests$1(LeaderElection.java:238)
	at java.util.concurrent.FutureTask.run(FutureTask.java:266)
	at java.util.concurrent.Executors$RunnableAdapter.call(Executors.java:511)
	at java.util.concurrent.FutureTask.run(FutureTask.java:266)
	at java.util.concurrent.ThreadPoolExecutor.runWorker(ThreadPoolExecutor.java:1149)
	at java.util.concurrent.ThreadPoolExecutor$Worker.run(ThreadPoolExecutor.java:624)
	... 1 more
Caused by: org.apache.ratis.thirdparty.io.netty.channel.AbstractChannel$AnnotatedConnectException: Connection refused: /192.168.36.126:42280
	at sun.nio.ch.SocketChannelImpl.checkConnect(Native Method)
	at sun.nio.ch.SocketChannelImpl.finishConnect(SocketChannelImpl.java:717)
	at org.apache.ratis.thirdparty.io.netty.channel.socket.nio.NioSocketChannel.doFinishConnect(NioSocketChannel.java:327)
	at org.apache.ratis.thirdparty.io.netty.channel.nio.AbstractNioChannel$AbstractNioUnsafe.finishConnect(AbstractNioChannel.java:340)
	at org.apache.ratis.thirdparty.io.netty.channel.nio.NioEventLoop.processSelectedKey(NioEventLoop.java:632)
	at org.apache.ratis.thirdparty.io.netty.channel.nio.NioEventLoop.processSelectedKeysOptimized(NioEventLoop.java:579)
	at org.apache.ratis.thirdparty.io.netty.channel.nio.NioEventLoop.processSelectedKeys(NioEventLoop.java:496)
	at org.apache.ratis.thirdparty.io.netty.channel.nio.NioEventLoop.run(NioEventLoop.java:458)
	at org.apache.ratis.thirdparty.io.netty.util.concurrent.SingleThreadEventExecutor$5.run(SingleThreadEventExecutor.java:897)
	at org.apache.ratis.thirdparty.io.netty.util.concurrent.FastThreadLocalRunnable.run(FastThreadLocalRunnable.java:30)
	... 1 more
Caused by: java.net.ConnectException: Connection refused
	... 11 more
2019-09-25 05:31:50,954 [0d4a37ed-4cec-423a-a360-e4a879eb6bc0@group-21C2C432FD88:LeaderElection156] INFO  impl.LeaderElection (LogUtils.java:infoOrTrace(149)) - 0d4a37ed-4cec-423a-a360-e4a879eb6bc0@group-21C2C432FD88:LeaderElection156 got exception when requesting votes: {}
java.util.concurrent.ExecutionException: org.apache.ratis.thirdparty.io.grpc.StatusRuntimeException: UNAVAILABLE: io exception
	at java.util.concurrent.FutureTask.report(FutureTask.java:122)
	at java.util.concurrent.FutureTask.get(FutureTask.java:192)
	at org.apache.ratis.server.impl.LeaderElection.waitForResults(LeaderElection.java:263)
	at org.apache.ratis.server.impl.LeaderElection.askForVotes(LeaderElection.java:201)
	at org.apache.ratis.server.impl.LeaderElection.run(LeaderElection.java:133)
	at java.lang.Thread.run(Thread.java:748)
Caused by: org.apache.ratis.thirdparty.io.grpc.StatusRuntimeException: UNAVAILABLE: io exception
	at org.apache.ratis.thirdparty.io.grpc.stub.ClientCalls.toStatusRuntimeException(ClientCalls.java:233)
	at org.apache.ratis.thirdparty.io.grpc.stub.ClientCalls.getUnchecked(ClientCalls.java:214)
	at org.apache.ratis.thirdparty.io.grpc.stub.ClientCalls.blockingUnaryCall(ClientCalls.java:139)
	at org.apache.ratis.proto.grpc.RaftServerProtocolServiceGrpc$RaftServerProtocolServiceBlockingStub.requestVote(RaftServerProtocolServiceGrpc.java:265)
	at org.apache.ratis.grpc.server.GrpcServerProtocolClient.requestVote(GrpcServerProtocolClient.java:90)
	at org.apache.ratis.grpc.server.GrpcService.requestVote(GrpcService.java:204)
	at org.apache.ratis.server.impl.LeaderElection.lambda$submitRequests$1(LeaderElection.java:238)
	at java.util.concurrent.FutureTask.run(FutureTask.java:266)
	at java.util.concurrent.Executors$RunnableAdapter.call(Executors.java:511)
	at java.util.concurrent.FutureTask.run(FutureTask.java:266)
	at java.util.concurrent.ThreadPoolExecutor.runWorker(ThreadPoolExecutor.java:1149)
	at java.util.concurrent.ThreadPoolExecutor$Worker.run(ThreadPoolExecutor.java:624)
	... 1 more
Caused by: org.apache.ratis.thirdparty.io.netty.channel.AbstractChannel$AnnotatedConnectException: Connection refused: /192.168.36.126:36814
	at sun.nio.ch.SocketChannelImpl.checkConnect(Native Method)
	at sun.nio.ch.SocketChannelImpl.finishConnect(SocketChannelImpl.java:717)
	at org.apache.ratis.thirdparty.io.netty.channel.socket.nio.NioSocketChannel.doFinishConnect(NioSocketChannel.java:327)
	at org.apache.ratis.thirdparty.io.netty.channel.nio.AbstractNioChannel$AbstractNioUnsafe.finishConnect(AbstractNioChannel.java:340)
	at org.apache.ratis.thirdparty.io.netty.channel.nio.NioEventLoop.processSelectedKey(NioEventLoop.java:632)
	at org.apache.ratis.thirdparty.io.netty.channel.nio.NioEventLoop.processSelectedKeysOptimized(NioEventLoop.java:579)
	at org.apache.ratis.thirdparty.io.netty.channel.nio.NioEventLoop.processSelectedKeys(NioEventLoop.java:496)
	at org.apache.ratis.thirdparty.io.netty.channel.nio.NioEventLoop.run(NioEventLoop.java:458)
	at org.apache.ratis.thirdparty.io.netty.util.concurrent.SingleThreadEventExecutor$5.run(SingleThreadEventExecutor.java:897)
	at org.apache.ratis.thirdparty.io.netty.util.concurrent.FastThreadLocalRunnable.run(FastThreadLocalRunnable.java:30)
	... 1 more
Caused by: java.net.ConnectException: Connection refused
	... 11 more
2019-09-25 05:31:50,968 [f9c12371-c091-4b4a-8db2-6f0db97bbab3@group-AEFF648B0F59:LeaderElection157] INFO  impl.LeaderElection (LeaderElection.java:logAndReturn(56)) - f9c12371-c091-4b4a-8db2-6f0db97bbab3@group-AEFF648B0F59:LeaderElection157: Election REJECTED; received 2 response(s) [f9c12371-c091-4b4a-8db2-6f0db97bbab3<-a58d7528-614e-4c39-a3a3-38beaa9905aa#0:FAIL-t9, f9c12371-c091-4b4a-8db2-6f0db97bbab3<-ce8ac917-2646-4112-adf7-d577593fabcb#0:FAIL-t9] and 0 exception(s); f9c12371-c091-4b4a-8db2-6f0db97bbab3@group-AEFF648B0F59:t9, leader=null, voted=f9c12371-c091-4b4a-8db2-6f0db97bbab3, raftlog=f9c12371-c091-4b4a-8db2-6f0db97bbab3@group-AEFF648B0F59-SegmentedRaftLog:OPENED:c-1,f-1,i0, conf=-1: [a58d7528-614e-4c39-a3a3-38beaa9905aa:192.168.36.126:37942, f9c12371-c091-4b4a-8db2-6f0db97bbab3:192.168.36.126:46560, ce8ac917-2646-4112-adf7-d577593fabcb:192.168.36.126:37960], old=null
2019-09-25 05:31:50,971 [f9c12371-c091-4b4a-8db2-6f0db97bbab3@group-AEFF648B0F59:LeaderElection157] INFO  impl.RaftServerImpl (RaftServerImpl.java:setRole(174)) - f9c12371-c091-4b4a-8db2-6f0db97bbab3@group-AEFF648B0F59: changes role from CANDIDATE to FOLLOWER at term 9 for DISCOVERED_A_NEW_TERM
2019-09-25 05:31:50,971 [f9c12371-c091-4b4a-8db2-6f0db97bbab3@group-AEFF648B0F59:LeaderElection157] INFO  impl.RoleInfo (RoleInfo.java:shutdownLeaderElection(134)) - f9c12371-c091-4b4a-8db2-6f0db97bbab3: shutdown LeaderElection
2019-09-25 05:31:50,971 [f9c12371-c091-4b4a-8db2-6f0db97bbab3@group-AEFF648B0F59:LeaderElection157] INFO  impl.RoleInfo (RoleInfo.java:updateAndGet(143)) - f9c12371-c091-4b4a-8db2-6f0db97bbab3: start FollowerState
2019-09-25 05:31:50,971 [ce8ac917-2646-4112-adf7-d577593fabcb@group-0EC8D23D101B:LeaderElection164] INFO  impl.LeaderElection (LeaderElection.java:logAndReturn(56)) - ce8ac917-2646-4112-adf7-d577593fabcb@group-0EC8D23D101B:LeaderElection164: Election REJECTED; received 2 response(s) [ce8ac917-2646-4112-adf7-d577593fabcb<-a58d7528-614e-4c39-a3a3-38beaa9905aa#0:FAIL-t9, ce8ac917-2646-4112-adf7-d577593fabcb<-f9c12371-c091-4b4a-8db2-6f0db97bbab3#0:FAIL-t9] and 0 exception(s); ce8ac917-2646-4112-adf7-d577593fabcb@group-0EC8D23D101B:t9, leader=null, voted=ce8ac917-2646-4112-adf7-d577593fabcb, raftlog=ce8ac917-2646-4112-adf7-d577593fabcb@group-0EC8D23D101B-SegmentedRaftLog:OPENED:c-1,f-1,i0, conf=-1: [a58d7528-614e-4c39-a3a3-38beaa9905aa:192.168.36.126:37942, f9c12371-c091-4b4a-8db2-6f0db97bbab3:192.168.36.126:46560, ce8ac917-2646-4112-adf7-d577593fabcb:192.168.36.126:37960], old=null
2019-09-25 05:31:50,971 [ce8ac917-2646-4112-adf7-d577593fabcb@group-0EC8D23D101B:LeaderElection164] INFO  impl.RaftServerImpl (RaftServerImpl.java:setRole(174)) - ce8ac917-2646-4112-adf7-d577593fabcb@group-0EC8D23D101B: changes role from CANDIDATE to FOLLOWER at term 9 for DISCOVERED_A_NEW_TERM
2019-09-25 05:31:50,972 [ce8ac917-2646-4112-adf7-d577593fabcb@group-0EC8D23D101B:LeaderElection164] INFO  impl.RoleInfo (RoleInfo.java:shutdownLeaderElection(134)) - ce8ac917-2646-4112-adf7-d577593fabcb: shutdown LeaderElection
2019-09-25 05:31:50,972 [ce8ac917-2646-4112-adf7-d577593fabcb@group-0EC8D23D101B:LeaderElection164] INFO  impl.RoleInfo (RoleInfo.java:updateAndGet(143)) - ce8ac917-2646-4112-adf7-d577593fabcb: start FollowerState
2019-09-25 05:31:50,973 [a58d7528-614e-4c39-a3a3-38beaa9905aa@group-43825EC81F5D:LeaderElection162] INFO  impl.LeaderElection (LeaderElection.java:logAndReturn(56)) - a58d7528-614e-4c39-a3a3-38beaa9905aa@group-43825EC81F5D:LeaderElection162: Election REJECTED; received 2 response(s) [a58d7528-614e-4c39-a3a3-38beaa9905aa<-f9c12371-c091-4b4a-8db2-6f0db97bbab3#0:FAIL-t5, a58d7528-614e-4c39-a3a3-38beaa9905aa<-ce8ac917-2646-4112-adf7-d577593fabcb#0:FAIL-t5] and 0 exception(s); a58d7528-614e-4c39-a3a3-38beaa9905aa@group-43825EC81F5D:t5, leader=null, voted=a58d7528-614e-4c39-a3a3-38beaa9905aa, raftlog=a58d7528-614e-4c39-a3a3-38beaa9905aa@group-43825EC81F5D-SegmentedRaftLog:OPENED:c-1,f-1,i0, conf=-1: [a58d7528-614e-4c39-a3a3-38beaa9905aa:192.168.36.126:37942, f9c12371-c091-4b4a-8db2-6f0db97bbab3:192.168.36.126:46560, ce8ac917-2646-4112-adf7-d577593fabcb:192.168.36.126:37960], old=null
2019-09-25 05:31:50,973 [a58d7528-614e-4c39-a3a3-38beaa9905aa@group-43825EC81F5D:LeaderElection162] INFO  impl.RaftServerImpl (RaftServerImpl.java:setRole(174)) - a58d7528-614e-4c39-a3a3-38beaa9905aa@group-43825EC81F5D: changes role from CANDIDATE to FOLLOWER at term 5 for DISCOVERED_A_NEW_TERM
2019-09-25 05:31:50,973 [a58d7528-614e-4c39-a3a3-38beaa9905aa@group-43825EC81F5D:LeaderElection162] INFO  impl.RoleInfo (RoleInfo.java:shutdownLeaderElection(134)) - a58d7528-614e-4c39-a3a3-38beaa9905aa: shutdown LeaderElection
2019-09-25 05:31:50,973 [a58d7528-614e-4c39-a3a3-38beaa9905aa@group-43825EC81F5D:LeaderElection162] INFO  impl.RoleInfo (RoleInfo.java:updateAndGet(143)) - a58d7528-614e-4c39-a3a3-38beaa9905aa: start FollowerState
2019-09-25 05:31:50,973 [ce8ac917-2646-4112-adf7-d577593fabcb@group-43825EC81F5D:LeaderElection158] INFO  impl.LeaderElection (LeaderElection.java:logAndReturn(56)) - ce8ac917-2646-4112-adf7-d577593fabcb@group-43825EC81F5D:LeaderElection158: Election REJECTED; received 2 response(s) [ce8ac917-2646-4112-adf7-d577593fabcb<-a58d7528-614e-4c39-a3a3-38beaa9905aa#0:FAIL-t5, ce8ac917-2646-4112-adf7-d577593fabcb<-f9c12371-c091-4b4a-8db2-6f0db97bbab3#0:FAIL-t5] and 0 exception(s); ce8ac917-2646-4112-adf7-d577593fabcb@group-43825EC81F5D:t5, leader=null, voted=ce8ac917-2646-4112-adf7-d577593fabcb, raftlog=ce8ac917-2646-4112-adf7-d577593fabcb@group-43825EC81F5D-SegmentedRaftLog:OPENED:c-1,f-1,i0, conf=-1: [a58d7528-614e-4c39-a3a3-38beaa9905aa:192.168.36.126:37942, f9c12371-c091-4b4a-8db2-6f0db97bbab3:192.168.36.126:46560, ce8ac917-2646-4112-adf7-d577593fabcb:192.168.36.126:37960], old=null
2019-09-25 05:31:50,974 [ce8ac917-2646-4112-adf7-d577593fabcb@group-43825EC81F5D:LeaderElection158] INFO  impl.RaftServerImpl (RaftServerImpl.java:setRole(174)) - ce8ac917-2646-4112-adf7-d577593fabcb@group-43825EC81F5D: changes role from CANDIDATE to FOLLOWER at term 5 for DISCOVERED_A_NEW_TERM
2019-09-25 05:31:50,974 [ce8ac917-2646-4112-adf7-d577593fabcb@group-43825EC81F5D:LeaderElection158] INFO  impl.RoleInfo (RoleInfo.java:shutdownLeaderElection(134)) - ce8ac917-2646-4112-adf7-d577593fabcb: shutdown LeaderElection
2019-09-25 05:31:50,974 [ce8ac917-2646-4112-adf7-d577593fabcb@group-43825EC81F5D:LeaderElection158] INFO  impl.RoleInfo (RoleInfo.java:updateAndGet(143)) - ce8ac917-2646-4112-adf7-d577593fabcb: start FollowerState
2019-09-25 05:31:50,975 [f9c12371-c091-4b4a-8db2-6f0db97bbab3@group-43825EC81F5D:LeaderElection161] INFO  impl.LeaderElection (LeaderElection.java:logAndReturn(56)) - f9c12371-c091-4b4a-8db2-6f0db97bbab3@group-43825EC81F5D:LeaderElection161: Election REJECTED; received 2 response(s) [f9c12371-c091-4b4a-8db2-6f0db97bbab3<-a58d7528-614e-4c39-a3a3-38beaa9905aa#0:FAIL-t5, f9c12371-c091-4b4a-8db2-6f0db97bbab3<-ce8ac917-2646-4112-adf7-d577593fabcb#0:FAIL-t5] and 0 exception(s); f9c12371-c091-4b4a-8db2-6f0db97bbab3@group-43825EC81F5D:t5, leader=null, voted=f9c12371-c091-4b4a-8db2-6f0db97bbab3, raftlog=f9c12371-c091-4b4a-8db2-6f0db97bbab3@group-43825EC81F5D-SegmentedRaftLog:OPENED:c-1,f-1,i0, conf=-1: [a58d7528-614e-4c39-a3a3-38beaa9905aa:192.168.36.126:37942, f9c12371-c091-4b4a-8db2-6f0db97bbab3:192.168.36.126:46560, ce8ac917-2646-4112-adf7-d577593fabcb:192.168.36.126:37960], old=null
2019-09-25 05:31:50,975 [a58d7528-614e-4c39-a3a3-38beaa9905aa@group-0EC8D23D101B:LeaderElection163] INFO  impl.LeaderElection (LeaderElection.java:logAndReturn(56)) - a58d7528-614e-4c39-a3a3-38beaa9905aa@group-0EC8D23D101B:LeaderElection163: Election REJECTED; received 2 response(s) [a58d7528-614e-4c39-a3a3-38beaa9905aa<-f9c12371-c091-4b4a-8db2-6f0db97bbab3#0:FAIL-t9, a58d7528-614e-4c39-a3a3-38beaa9905aa<-ce8ac917-2646-4112-adf7-d577593fabcb#0:FAIL-t9] and 0 exception(s); a58d7528-614e-4c39-a3a3-38beaa9905aa@group-0EC8D23D101B:t9, leader=null, voted=a58d7528-614e-4c39-a3a3-38beaa9905aa, raftlog=a58d7528-614e-4c39-a3a3-38beaa9905aa@group-0EC8D23D101B-SegmentedRaftLog:OPENED:c-1,f-1,i0, conf=-1: [a58d7528-614e-4c39-a3a3-38beaa9905aa:192.168.36.126:37942, f9c12371-c091-4b4a-8db2-6f0db97bbab3:192.168.36.126:46560, ce8ac917-2646-4112-adf7-d577593fabcb:192.168.36.126:37960], old=null
2019-09-25 05:31:50,975 [f9c12371-c091-4b4a-8db2-6f0db97bbab3@group-43825EC81F5D:LeaderElection161] INFO  impl.RaftServerImpl (RaftServerImpl.java:setRole(174)) - f9c12371-c091-4b4a-8db2-6f0db97bbab3@group-43825EC81F5D: changes role from CANDIDATE to FOLLOWER at term 5 for DISCOVERED_A_NEW_TERM
2019-09-25 05:31:50,975 [a58d7528-614e-4c39-a3a3-38beaa9905aa@group-0EC8D23D101B:LeaderElection163] INFO  impl.RaftServerImpl (RaftServerImpl.java:setRole(174)) - a58d7528-614e-4c39-a3a3-38beaa9905aa@group-0EC8D23D101B: changes role from CANDIDATE to FOLLOWER at term 9 for DISCOVERED_A_NEW_TERM
2019-09-25 05:31:50,975 [f9c12371-c091-4b4a-8db2-6f0db97bbab3@group-43825EC81F5D:LeaderElection161] INFO  impl.RoleInfo (RoleInfo.java:shutdownLeaderElection(134)) - f9c12371-c091-4b4a-8db2-6f0db97bbab3: shutdown LeaderElection
2019-09-25 05:31:50,975 [ce8ac917-2646-4112-adf7-d577593fabcb@group-AEFF648B0F59:LeaderElection165] INFO  impl.LeaderElection (LeaderElection.java:logAndReturn(56)) - ce8ac917-2646-4112-adf7-d577593fabcb@group-AEFF648B0F59:LeaderElection165: Election REJECTED; received 2 response(s) [ce8ac917-2646-4112-adf7-d577593fabcb<-a58d7528-614e-4c39-a3a3-38beaa9905aa#0:FAIL-t9, ce8ac917-2646-4112-adf7-d577593fabcb<-f9c12371-c091-4b4a-8db2-6f0db97bbab3#0:FAIL-t9] and 0 exception(s); ce8ac917-2646-4112-adf7-d577593fabcb@group-AEFF648B0F59:t9, leader=null, voted=ce8ac917-2646-4112-adf7-d577593fabcb, raftlog=ce8ac917-2646-4112-adf7-d577593fabcb@group-AEFF648B0F59-SegmentedRaftLog:OPENED:c-1,f-1,i0, conf=-1: [a58d7528-614e-4c39-a3a3-38beaa9905aa:192.168.36.126:37942, f9c12371-c091-4b4a-8db2-6f0db97bbab3:192.168.36.126:46560, ce8ac917-2646-4112-adf7-d577593fabcb:192.168.36.126:37960], old=null
2019-09-25 05:31:50,975 [a58d7528-614e-4c39-a3a3-38beaa9905aa@group-0EC8D23D101B:LeaderElection163] INFO  impl.RoleInfo (RoleInfo.java:shutdownLeaderElection(134)) - a58d7528-614e-4c39-a3a3-38beaa9905aa: shutdown LeaderElection
2019-09-25 05:31:50,975 [e997a993-6131-47bf-96c8-764e04cb5c0e@group-60724A24602F:LeaderElection167] INFO  impl.LeaderElection (LeaderElection.java:logAndReturn(56)) - e997a993-6131-47bf-96c8-764e04cb5c0e@group-60724A24602F:LeaderElection167: Election REJECTED; received 1 response(s) [e997a993-6131-47bf-96c8-764e04cb5c0e<-616f9f8f-9479-40f4-8c03-f125dcbf9c7f#0:FAIL-t11] and 1 exception(s); e997a993-6131-47bf-96c8-764e04cb5c0e@group-60724A24602F:t11, leader=null, voted=e997a993-6131-47bf-96c8-764e04cb5c0e, raftlog=e997a993-6131-47bf-96c8-764e04cb5c0e@group-60724A24602F-SegmentedRaftLog:OPENED:c-1,f-1,i0, conf=-1: [616f9f8f-9479-40f4-8c03-f125dcbf9c7f:192.168.36.126:39694, e997a993-6131-47bf-96c8-764e04cb5c0e:192.168.36.126:37678, fd2f3f79-5d7b-4d37-bb24-b15dfe7f18d7:192.168.36.126:42280], old=null
2019-09-25 05:31:50,976 [a58d7528-614e-4c39-a3a3-38beaa9905aa@group-0EC8D23D101B:LeaderElection163] INFO  impl.RoleInfo (RoleInfo.java:updateAndGet(143)) - a58d7528-614e-4c39-a3a3-38beaa9905aa: start FollowerState
2019-09-25 05:31:50,976 [ce8ac917-2646-4112-adf7-d577593fabcb@group-AEFF648B0F59:LeaderElection165] INFO  impl.RaftServerImpl (RaftServerImpl.java:setRole(174)) - ce8ac917-2646-4112-adf7-d577593fabcb@group-AEFF648B0F59: changes role from CANDIDATE to FOLLOWER at term 9 for DISCOVERED_A_NEW_TERM
2019-09-25 05:31:50,976 [f9c12371-c091-4b4a-8db2-6f0db97bbab3@group-43825EC81F5D:LeaderElection161] INFO  impl.RoleInfo (RoleInfo.java:updateAndGet(143)) - f9c12371-c091-4b4a-8db2-6f0db97bbab3: start FollowerState
2019-09-25 05:31:50,976 [ce8ac917-2646-4112-adf7-d577593fabcb@group-AEFF648B0F59:LeaderElection165] INFO  impl.RoleInfo (RoleInfo.java:shutdownLeaderElection(134)) - ce8ac917-2646-4112-adf7-d577593fabcb: shutdown LeaderElection
2019-09-25 05:31:50,976 [e997a993-6131-47bf-96c8-764e04cb5c0e@group-60724A24602F:LeaderElection167] INFO  impl.LeaderElection (LogUtils.java:infoOrTrace(149)) -   Exception 0: {}
java.util.concurrent.ExecutionException: org.apache.ratis.thirdparty.io.grpc.StatusRuntimeException: UNAVAILABLE: io exception
	at java.util.concurrent.FutureTask.report(FutureTask.java:122)
	at java.util.concurrent.FutureTask.get(FutureTask.java:192)
	at org.apache.ratis.server.impl.LeaderElection.waitForResults(LeaderElection.java:263)
	at org.apache.ratis.server.impl.LeaderElection.askForVotes(LeaderElection.java:201)
	at org.apache.ratis.server.impl.LeaderElection.run(LeaderElection.java:133)
	at java.lang.Thread.run(Thread.java:748)
Caused by: org.apache.ratis.thirdparty.io.grpc.StatusRuntimeException: UNAVAILABLE: io exception
	at org.apache.ratis.thirdparty.io.grpc.stub.ClientCalls.toStatusRuntimeException(ClientCalls.java:233)
	at org.apache.ratis.thirdparty.io.grpc.stub.ClientCalls.getUnchecked(ClientCalls.java:214)
	at org.apache.ratis.thirdparty.io.grpc.stub.ClientCalls.blockingUnaryCall(ClientCalls.java:139)
	at org.apache.ratis.proto.grpc.RaftServerProtocolServiceGrpc$RaftServerProtocolServiceBlockingStub.requestVote(RaftServerProtocolServiceGrpc.java:265)
	at org.apache.ratis.grpc.server.GrpcServerProtocolClient.requestVote(GrpcServerProtocolClient.java:90)
	at org.apache.ratis.grpc.server.GrpcService.requestVote(GrpcService.java:204)
	at org.apache.ratis.server.impl.LeaderElection.lambda$submitRequests$1(LeaderElection.java:238)
	at java.util.concurrent.FutureTask.run(FutureTask.java:266)
	at java.util.concurrent.Executors$RunnableAdapter.call(Executors.java:511)
	at java.util.concurrent.FutureTask.run(FutureTask.java:266)
	at java.util.concurrent.ThreadPoolExecutor.runWorker(ThreadPoolExecutor.java:1149)
	at java.util.concurrent.ThreadPoolExecutor$Worker.run(ThreadPoolExecutor.java:624)
	... 1 more
Caused by: org.apache.ratis.thirdparty.io.netty.channel.AbstractChannel$AnnotatedConnectException: Connection refused: /192.168.36.126:42280
	at sun.nio.ch.SocketChannelImpl.checkConnect(Native Method)
	at sun.nio.ch.SocketChannelImpl.finishConnect(SocketChannelImpl.java:717)
	at org.apache.ratis.thirdparty.io.netty.channel.socket.nio.NioSocketChannel.doFinishConnect(NioSocketChannel.java:327)
	at org.apache.ratis.thirdparty.io.netty.channel.nio.AbstractNioChannel$AbstractNioUnsafe.finishConnect(AbstractNioChannel.java:340)
	at org.apache.ratis.thirdparty.io.netty.channel.nio.NioEventLoop.processSelectedKey(NioEventLoop.java:632)
	at org.apache.ratis.thirdparty.io.netty.channel.nio.NioEventLoop.processSelectedKeysOptimized(NioEventLoop.java:579)
	at org.apache.ratis.thirdparty.io.netty.channel.nio.NioEventLoop.processSelectedKeys(NioEventLoop.java:496)
	at org.apache.ratis.thirdparty.io.netty.channel.nio.NioEventLoop.run(NioEventLoop.java:458)
	at org.apache.ratis.thirdparty.io.netty.util.concurrent.SingleThreadEventExecutor$5.run(SingleThreadEventExecutor.java:897)
	at org.apache.ratis.thirdparty.io.netty.util.concurrent.FastThreadLocalRunnable.run(FastThreadLocalRunnable.java:30)
	... 1 more
Caused by: java.net.ConnectException: Connection refused
	... 11 more
2019-09-25 05:31:50,977 [5c3318fc-c419-4298-b427-bf5a9ca27bf0@group-21C2C432FD88:LeaderElection154] INFO  impl.LeaderElection (LeaderElection.java:logAndReturn(56)) - 5c3318fc-c419-4298-b427-bf5a9ca27bf0@group-21C2C432FD88:LeaderElection154: Election REJECTED; received 1 response(s) [5c3318fc-c419-4298-b427-bf5a9ca27bf0<-0d4a37ed-4cec-423a-a360-e4a879eb6bc0#0:FAIL-t12] and 1 exception(s); 5c3318fc-c419-4298-b427-bf5a9ca27bf0@group-21C2C432FD88:t12, leader=null, voted=5c3318fc-c419-4298-b427-bf5a9ca27bf0, raftlog=5c3318fc-c419-4298-b427-bf5a9ca27bf0@group-21C2C432FD88-SegmentedRaftLog:OPENED:c-1,f-1,i0, conf=-1: [5c3318fc-c419-4298-b427-bf5a9ca27bf0:192.168.36.126:46795, 61946a22-29ed-4e77-8449-fae4cd9869e9:192.168.36.126:36814, 0d4a37ed-4cec-423a-a360-e4a879eb6bc0:192.168.36.126:37817], old=null
2019-09-25 05:31:50,977 [5c3318fc-c419-4298-b427-bf5a9ca27bf0@group-059250D1A272:LeaderElection153] INFO  impl.LeaderElection (LeaderElection.java:logAndReturn(56)) - 5c3318fc-c419-4298-b427-bf5a9ca27bf0@group-059250D1A272:LeaderElection153: Election REJECTED; received 1 response(s) [5c3318fc-c419-4298-b427-bf5a9ca27bf0<-0d4a37ed-4cec-423a-a360-e4a879eb6bc0#0:FAIL-t11] and 1 exception(s); 5c3318fc-c419-4298-b427-bf5a9ca27bf0@group-059250D1A272:t11, leader=null, voted=5c3318fc-c419-4298-b427-bf5a9ca27bf0, raftlog=5c3318fc-c419-4298-b427-bf5a9ca27bf0@group-059250D1A272-SegmentedRaftLog:OPENED:c-1,f-1,i0, conf=-1: [5c3318fc-c419-4298-b427-bf5a9ca27bf0:192.168.36.126:46795, 61946a22-29ed-4e77-8449-fae4cd9869e9:192.168.36.126:36814, 0d4a37ed-4cec-423a-a360-e4a879eb6bc0:192.168.36.126:37817], old=null
2019-09-25 05:31:50,977 [ce8ac917-2646-4112-adf7-d577593fabcb@group-AEFF648B0F59:LeaderElection165] INFO  impl.RoleInfo (RoleInfo.java:updateAndGet(143)) - ce8ac917-2646-4112-adf7-d577593fabcb: start FollowerState
2019-09-25 05:31:50,978 [5c3318fc-c419-4298-b427-bf5a9ca27bf0@group-059250D1A272:LeaderElection153] INFO  impl.LeaderElection (LogUtils.java:infoOrTrace(149)) -   Exception 0: {}
java.util.concurrent.ExecutionException: org.apache.ratis.thirdparty.io.grpc.StatusRuntimeException: UNAVAILABLE: io exception
	at java.util.concurrent.FutureTask.report(FutureTask.java:122)
	at java.util.concurrent.FutureTask.get(FutureTask.java:192)
	at org.apache.ratis.server.impl.LeaderElection.waitForResults(LeaderElection.java:263)
	at org.apache.ratis.server.impl.LeaderElection.askForVotes(LeaderElection.java:201)
	at org.apache.ratis.server.impl.LeaderElection.run(LeaderElection.java:133)
	at java.lang.Thread.run(Thread.java:748)
Caused by: org.apache.ratis.thirdparty.io.grpc.StatusRuntimeException: UNAVAILABLE: io exception
	at org.apache.ratis.thirdparty.io.grpc.stub.ClientCalls.toStatusRuntimeException(ClientCalls.java:233)
	at org.apache.ratis.thirdparty.io.grpc.stub.ClientCalls.getUnchecked(ClientCalls.java:214)
	at org.apache.ratis.thirdparty.io.grpc.stub.ClientCalls.blockingUnaryCall(ClientCalls.java:139)
	at org.apache.ratis.proto.grpc.RaftServerProtocolServiceGrpc$RaftServerProtocolServiceBlockingStub.requestVote(RaftServerProtocolServiceGrpc.java:265)
	at org.apache.ratis.grpc.server.GrpcServerProtocolClient.requestVote(GrpcServerProtocolClient.java:90)
	at org.apache.ratis.grpc.server.GrpcService.requestVote(GrpcService.java:204)
	at org.apache.ratis.server.impl.LeaderElection.lambda$submitRequests$1(LeaderElection.java:238)
	at java.util.concurrent.FutureTask.run(FutureTask.java:266)
	at java.util.concurrent.Executors$RunnableAdapter.call(Executors.java:511)
	at java.util.concurrent.FutureTask.run(FutureTask.java:266)
	at java.util.concurrent.ThreadPoolExecutor.runWorker(ThreadPoolExecutor.java:1149)
	at java.util.concurrent.ThreadPoolExecutor$Worker.run(ThreadPoolExecutor.java:624)
	... 1 more
Caused by: org.apache.ratis.thirdparty.io.netty.channel.AbstractChannel$AnnotatedConnectException: Connection refused: /192.168.36.126:36814
	at sun.nio.ch.SocketChannelImpl.checkConnect(Native Method)
	at sun.nio.ch.SocketChannelImpl.finishConnect(SocketChannelImpl.java:717)
	at org.apache.ratis.thirdparty.io.netty.channel.socket.nio.NioSocketChannel.doFinishConnect(NioSocketChannel.java:327)
	at org.apache.ratis.thirdparty.io.netty.channel.nio.AbstractNioChannel$AbstractNioUnsafe.finishConnect(AbstractNioChannel.java:340)
	at org.apache.ratis.thirdparty.io.netty.channel.nio.NioEventLoop.processSelectedKey(NioEventLoop.java:632)
	at org.apache.ratis.thirdparty.io.netty.channel.nio.NioEventLoop.processSelectedKeysOptimized(NioEventLoop.java:579)
	at org.apache.ratis.thirdparty.io.netty.channel.nio.NioEventLoop.processSelectedKeys(NioEventLoop.java:496)
	at org.apache.ratis.thirdparty.io.netty.channel.nio.NioEventLoop.run(NioEventLoop.java:458)
	at org.apache.ratis.thirdparty.io.netty.util.concurrent.SingleThreadEventExecutor$5.run(SingleThreadEventExecutor.java:897)
	at org.apache.ratis.thirdparty.io.netty.util.concurrent.FastThreadLocalRunnable.run(FastThreadLocalRunnable.java:30)
	... 1 more
Caused by: java.net.ConnectException: Connection refused
	... 11 more
2019-09-25 05:31:50,978 [5c3318fc-c419-4298-b427-bf5a9ca27bf0@group-21C2C432FD88:LeaderElection154] INFO  impl.LeaderElection (LogUtils.java:infoOrTrace(149)) -   Exception 0: {}
java.util.concurrent.ExecutionException: org.apache.ratis.thirdparty.io.grpc.StatusRuntimeException: UNAVAILABLE: io exception
	at java.util.concurrent.FutureTask.report(FutureTask.java:122)
	at java.util.concurrent.FutureTask.get(FutureTask.java:192)
	at org.apache.ratis.server.impl.LeaderElection.waitForResults(LeaderElection.java:263)
	at org.apache.ratis.server.impl.LeaderElection.askForVotes(LeaderElection.java:201)
	at org.apache.ratis.server.impl.LeaderElection.run(LeaderElection.java:133)
	at java.lang.Thread.run(Thread.java:748)
Caused by: org.apache.ratis.thirdparty.io.grpc.StatusRuntimeException: UNAVAILABLE: io exception
	at org.apache.ratis.thirdparty.io.grpc.stub.ClientCalls.toStatusRuntimeException(ClientCalls.java:233)
	at org.apache.ratis.thirdparty.io.grpc.stub.ClientCalls.getUnchecked(ClientCalls.java:214)
	at org.apache.ratis.thirdparty.io.grpc.stub.ClientCalls.blockingUnaryCall(ClientCalls.java:139)
	at org.apache.ratis.proto.grpc.RaftServerProtocolServiceGrpc$RaftServerProtocolServiceBlockingStub.requestVote(RaftServerProtocolServiceGrpc.java:265)
	at org.apache.ratis.grpc.server.GrpcServerProtocolClient.requestVote(GrpcServerProtocolClient.java:90)
	at org.apache.ratis.grpc.server.GrpcService.requestVote(GrpcService.java:204)
	at org.apache.ratis.server.impl.LeaderElection.lambda$submitRequests$1(LeaderElection.java:238)
	at java.util.concurrent.FutureTask.run(FutureTask.java:266)
	at java.util.concurrent.Executors$RunnableAdapter.call(Executors.java:511)
	at java.util.concurrent.FutureTask.run(FutureTask.java:266)
	at java.util.concurrent.ThreadPoolExecutor.runWorker(ThreadPoolExecutor.java:1149)
	at java.util.concurrent.ThreadPoolExecutor$Worker.run(ThreadPoolExecutor.java:624)
	... 1 more
Caused by: org.apache.ratis.thirdparty.io.netty.channel.AbstractChannel$AnnotatedConnectException: Connection refused: /192.168.36.126:36814
	at sun.nio.ch.SocketChannelImpl.checkConnect(Native Method)
	at sun.nio.ch.SocketChannelImpl.finishConnect(SocketChannelImpl.java:717)
	at org.apache.ratis.thirdparty.io.netty.channel.socket.nio.NioSocketChannel.doFinishConnect(NioSocketChannel.java:327)
	at org.apache.ratis.thirdparty.io.netty.channel.nio.AbstractNioChannel$AbstractNioUnsafe.finishConnect(AbstractNioChannel.java:340)
	at org.apache.ratis.thirdparty.io.netty.channel.nio.NioEventLoop.processSelectedKey(NioEventLoop.java:632)
	at org.apache.ratis.thirdparty.io.netty.channel.nio.NioEventLoop.processSelectedKeysOptimized(NioEventLoop.java:579)
	at org.apache.ratis.thirdparty.io.netty.channel.nio.NioEventLoop.processSelectedKeys(NioEventLoop.java:496)
	at org.apache.ratis.thirdparty.io.netty.channel.nio.NioEventLoop.run(NioEventLoop.java:458)
	at org.apache.ratis.thirdparty.io.netty.util.concurrent.SingleThreadEventExecutor$5.run(SingleThreadEventExecutor.java:897)
	at org.apache.ratis.thirdparty.io.netty.util.concurrent.FastThreadLocalRunnable.run(FastThreadLocalRunnable.java:30)
	... 1 more
Caused by: java.net.ConnectException: Connection refused
	... 11 more
2019-09-25 05:31:50,978 [e997a993-6131-47bf-96c8-764e04cb5c0e@group-60724A24602F:LeaderElection167] INFO  impl.RaftServerImpl (RaftServerImpl.java:setRole(174)) - e997a993-6131-47bf-96c8-764e04cb5c0e@group-60724A24602F: changes role from CANDIDATE to FOLLOWER at term 11 for DISCOVERED_A_NEW_TERM
2019-09-25 05:31:50,979 [5c3318fc-c419-4298-b427-bf5a9ca27bf0@group-21C2C432FD88:LeaderElection154] INFO  impl.RaftServerImpl (RaftServerImpl.java:setRole(174)) - 5c3318fc-c419-4298-b427-bf5a9ca27bf0@group-21C2C432FD88: changes role from CANDIDATE to FOLLOWER at term 12 for DISCOVERED_A_NEW_TERM
2019-09-25 05:31:50,979 [a58d7528-614e-4c39-a3a3-38beaa9905aa@group-AEFF648B0F59:LeaderElection160] INFO  impl.LeaderElection (LeaderElection.java:logAndReturn(56)) - a58d7528-614e-4c39-a3a3-38beaa9905aa@group-AEFF648B0F59:LeaderElection160: Election REJECTED; received 2 response(s) [a58d7528-614e-4c39-a3a3-38beaa9905aa<-f9c12371-c091-4b4a-8db2-6f0db97bbab3#0:FAIL-t9, a58d7528-614e-4c39-a3a3-38beaa9905aa<-ce8ac917-2646-4112-adf7-d577593fabcb#0:FAIL-t9] and 0 exception(s); a58d7528-614e-4c39-a3a3-38beaa9905aa@group-AEFF648B0F59:t9, leader=null, voted=a58d7528-614e-4c39-a3a3-38beaa9905aa, raftlog=a58d7528-614e-4c39-a3a3-38beaa9905aa@group-AEFF648B0F59-SegmentedRaftLog:OPENED:c-1,f-1,i0, conf=-1: [a58d7528-614e-4c39-a3a3-38beaa9905aa:192.168.36.126:37942, f9c12371-c091-4b4a-8db2-6f0db97bbab3:192.168.36.126:46560, ce8ac917-2646-4112-adf7-d577593fabcb:192.168.36.126:37960], old=null
2019-09-25 05:31:50,978 [5c3318fc-c419-4298-b427-bf5a9ca27bf0@group-059250D1A272:LeaderElection153] INFO  impl.RaftServerImpl (RaftServerImpl.java:setRole(174)) - 5c3318fc-c419-4298-b427-bf5a9ca27bf0@group-059250D1A272: changes role from CANDIDATE to FOLLOWER at term 11 for DISCOVERED_A_NEW_TERM
2019-09-25 05:31:50,980 [a58d7528-614e-4c39-a3a3-38beaa9905aa@group-AEFF648B0F59:LeaderElection160] INFO  impl.RaftServerImpl (RaftServerImpl.java:setRole(174)) - a58d7528-614e-4c39-a3a3-38beaa9905aa@group-AEFF648B0F59: changes role from CANDIDATE to FOLLOWER at term 9 for DISCOVERED_A_NEW_TERM
2019-09-25 05:31:50,980 [5c3318fc-c419-4298-b427-bf5a9ca27bf0@group-21C2C432FD88:LeaderElection154] INFO  impl.RoleInfo (RoleInfo.java:shutdownLeaderElection(134)) - 5c3318fc-c419-4298-b427-bf5a9ca27bf0: shutdown LeaderElection
2019-09-25 05:31:50,979 [e997a993-6131-47bf-96c8-764e04cb5c0e@group-60724A24602F:LeaderElection167] INFO  impl.RoleInfo (RoleInfo.java:shutdownLeaderElection(134)) - e997a993-6131-47bf-96c8-764e04cb5c0e: shutdown LeaderElection
2019-09-25 05:31:50,980 [f9c12371-c091-4b4a-8db2-6f0db97bbab3@group-0EC8D23D101B:LeaderElection155] INFO  impl.LeaderElection (LeaderElection.java:logAndReturn(56)) - f9c12371-c091-4b4a-8db2-6f0db97bbab3@group-0EC8D23D101B:LeaderElection155: Election REJECTED; received 2 response(s) [f9c12371-c091-4b4a-8db2-6f0db97bbab3<-a58d7528-614e-4c39-a3a3-38beaa9905aa#0:FAIL-t9, f9c12371-c091-4b4a-8db2-6f0db97bbab3<-ce8ac917-2646-4112-adf7-d577593fabcb#0:FAIL-t9] and 0 exception(s); f9c12371-c091-4b4a-8db2-6f0db97bbab3@group-0EC8D23D101B:t9, leader=null, voted=f9c12371-c091-4b4a-8db2-6f0db97bbab3, raftlog=f9c12371-c091-4b4a-8db2-6f0db97bbab3@group-0EC8D23D101B-SegmentedRaftLog:OPENED:c-1,f-1,i0, conf=-1: [a58d7528-614e-4c39-a3a3-38beaa9905aa:192.168.36.126:37942, f9c12371-c091-4b4a-8db2-6f0db97bbab3:192.168.36.126:46560, ce8ac917-2646-4112-adf7-d577593fabcb:192.168.36.126:37960], old=null
2019-09-25 05:31:50,980 [e997a993-6131-47bf-96c8-764e04cb5c0e@group-60724A24602F:LeaderElection167] INFO  impl.RoleInfo (RoleInfo.java:updateAndGet(143)) - e997a993-6131-47bf-96c8-764e04cb5c0e: start FollowerState
2019-09-25 05:31:50,980 [5c3318fc-c419-4298-b427-bf5a9ca27bf0@group-21C2C432FD88:LeaderElection154] INFO  impl.RoleInfo (RoleInfo.java:updateAndGet(143)) - 5c3318fc-c419-4298-b427-bf5a9ca27bf0: start FollowerState
2019-09-25 05:31:50,980 [0d4a37ed-4cec-423a-a360-e4a879eb6bc0@group-21C2C432FD88:LeaderElection156] INFO  impl.LeaderElection (LeaderElection.java:logAndReturn(56)) - 0d4a37ed-4cec-423a-a360-e4a879eb6bc0@group-21C2C432FD88:LeaderElection156: Election REJECTED; received 1 response(s) [0d4a37ed-4cec-423a-a360-e4a879eb6bc0<-5c3318fc-c419-4298-b427-bf5a9ca27bf0#0:FAIL-t12] and 1 exception(s); 0d4a37ed-4cec-423a-a360-e4a879eb6bc0@group-21C2C432FD88:t12, leader=null, voted=0d4a37ed-4cec-423a-a360-e4a879eb6bc0, raftlog=0d4a37ed-4cec-423a-a360-e4a879eb6bc0@group-21C2C432FD88-SegmentedRaftLog:OPENED:c-1,f-1,i0, conf=-1: [5c3318fc-c419-4298-b427-bf5a9ca27bf0:192.168.36.126:46795, 61946a22-29ed-4e77-8449-fae4cd9869e9:192.168.36.126:36814, 0d4a37ed-4cec-423a-a360-e4a879eb6bc0:192.168.36.126:37817], old=null
2019-09-25 05:31:50,980 [a58d7528-614e-4c39-a3a3-38beaa9905aa@group-AEFF648B0F59:LeaderElection160] INFO  impl.RoleInfo (RoleInfo.java:shutdownLeaderElection(134)) - a58d7528-614e-4c39-a3a3-38beaa9905aa: shutdown LeaderElection
2019-09-25 05:31:50,980 [5c3318fc-c419-4298-b427-bf5a9ca27bf0@group-059250D1A272:LeaderElection153] INFO  impl.RoleInfo (RoleInfo.java:shutdownLeaderElection(134)) - 5c3318fc-c419-4298-b427-bf5a9ca27bf0: shutdown LeaderElection
2019-09-25 05:31:50,981 [a58d7528-614e-4c39-a3a3-38beaa9905aa@group-AEFF648B0F59:LeaderElection160] INFO  impl.RoleInfo (RoleInfo.java:updateAndGet(143)) - a58d7528-614e-4c39-a3a3-38beaa9905aa: start FollowerState
2019-09-25 05:31:50,981 [0d4a37ed-4cec-423a-a360-e4a879eb6bc0@group-21C2C432FD88:LeaderElection156] INFO  impl.LeaderElection (LogUtils.java:infoOrTrace(149)) -   Exception 0: {}
java.util.concurrent.ExecutionException: org.apache.ratis.thirdparty.io.grpc.StatusRuntimeException: UNAVAILABLE: io exception
	at java.util.concurrent.FutureTask.report(FutureTask.java:122)
	at java.util.concurrent.FutureTask.get(FutureTask.java:192)
	at org.apache.ratis.server.impl.LeaderElection.waitForResults(LeaderElection.java:263)
	at org.apache.ratis.server.impl.LeaderElection.askForVotes(LeaderElection.java:201)
	at org.apache.ratis.server.impl.LeaderElection.run(LeaderElection.java:133)
	at java.lang.Thread.run(Thread.java:748)
Caused by: org.apache.ratis.thirdparty.io.grpc.StatusRuntimeException: UNAVAILABLE: io exception
	at org.apache.ratis.thirdparty.io.grpc.stub.ClientCalls.toStatusRuntimeException(ClientCalls.java:233)
	at org.apache.ratis.thirdparty.io.grpc.stub.ClientCalls.getUnchecked(ClientCalls.java:214)
	at org.apache.ratis.thirdparty.io.grpc.stub.ClientCalls.blockingUnaryCall(ClientCalls.java:139)
	at org.apache.ratis.proto.grpc.RaftServerProtocolServiceGrpc$RaftServerProtocolServiceBlockingStub.requestVote(RaftServerProtocolServiceGrpc.java:265)
	at org.apache.ratis.grpc.server.GrpcServerProtocolClient.requestVote(GrpcServerProtocolClient.java:90)
	at org.apache.ratis.grpc.server.GrpcService.requestVote(GrpcService.java:204)
	at org.apache.ratis.server.impl.LeaderElection.lambda$submitRequests$1(LeaderElection.java:238)
	at java.util.concurrent.FutureTask.run(FutureTask.java:266)
	at java.util.concurrent.Executors$RunnableAdapter.call(Executors.java:511)
	at java.util.concurrent.FutureTask.run(FutureTask.java:266)
	at java.util.concurrent.ThreadPoolExecutor.runWorker(ThreadPoolExecutor.java:1149)
	at java.util.concurrent.ThreadPoolExecutor$Worker.run(ThreadPoolExecutor.java:624)
	... 1 more
Caused by: org.apache.ratis.thirdparty.io.netty.channel.AbstractChannel$AnnotatedConnectException: Connection refused: /192.168.36.126:36814
	at sun.nio.ch.SocketChannelImpl.checkConnect(Native Method)
	at sun.nio.ch.SocketChannelImpl.finishConnect(SocketChannelImpl.java:717)
	at org.apache.ratis.thirdparty.io.netty.channel.socket.nio.NioSocketChannel.doFinishConnect(NioSocketChannel.java:327)
	at org.apache.ratis.thirdparty.io.netty.channel.nio.AbstractNioChannel$AbstractNioUnsafe.finishConnect(AbstractNioChannel.java:340)
	at org.apache.ratis.thirdparty.io.netty.channel.nio.NioEventLoop.processSelectedKey(NioEventLoop.java:632)
	at org.apache.ratis.thirdparty.io.netty.channel.nio.NioEventLoop.processSelectedKeysOptimized(NioEventLoop.java:579)
	at org.apache.ratis.thirdparty.io.netty.channel.nio.NioEventLoop.processSelectedKeys(NioEventLoop.java:496)
	at org.apache.ratis.thirdparty.io.netty.channel.nio.NioEventLoop.run(NioEventLoop.java:458)
	at org.apache.ratis.thirdparty.io.netty.util.concurrent.SingleThreadEventExecutor$5.run(SingleThreadEventExecutor.java:897)
	at org.apache.ratis.thirdparty.io.netty.util.concurrent.FastThreadLocalRunnable.run(FastThreadLocalRunnable.java:30)
	... 1 more
Caused by: java.net.ConnectException: Connection refused
	... 11 more
2019-09-25 05:31:50,981 [f9c12371-c091-4b4a-8db2-6f0db97bbab3@group-0EC8D23D101B:LeaderElection155] INFO  impl.RaftServerImpl (RaftServerImpl.java:setRole(174)) - f9c12371-c091-4b4a-8db2-6f0db97bbab3@group-0EC8D23D101B: changes role from CANDIDATE to FOLLOWER at term 9 for DISCOVERED_A_NEW_TERM
2019-09-25 05:31:50,990 [0d4a37ed-4cec-423a-a360-e4a879eb6bc0@group-21C2C432FD88:LeaderElection156] INFO  impl.RaftServerImpl (RaftServerImpl.java:setRole(174)) - 0d4a37ed-4cec-423a-a360-e4a879eb6bc0@group-21C2C432FD88: changes role from CANDIDATE to FOLLOWER at term 12 for DISCOVERED_A_NEW_TERM
2019-09-25 05:31:50,990 [616f9f8f-9479-40f4-8c03-f125dcbf9c7f@group-60724A24602F:LeaderElection159] INFO  impl.LeaderElection (LeaderElection.java:logAndReturn(56)) - 616f9f8f-9479-40f4-8c03-f125dcbf9c7f@group-60724A24602F:LeaderElection159: Election REJECTED; received 1 response(s) [616f9f8f-9479-40f4-8c03-f125dcbf9c7f<-e997a993-6131-47bf-96c8-764e04cb5c0e#0:FAIL-t11] and 1 exception(s); 616f9f8f-9479-40f4-8c03-f125dcbf9c7f@group-60724A24602F:t11, leader=null, voted=616f9f8f-9479-40f4-8c03-f125dcbf9c7f, raftlog=616f9f8f-9479-40f4-8c03-f125dcbf9c7f@group-60724A24602F-SegmentedRaftLog:OPENED:c-1,f-1,i0, conf=-1: [616f9f8f-9479-40f4-8c03-f125dcbf9c7f:192.168.36.126:39694, e997a993-6131-47bf-96c8-764e04cb5c0e:192.168.36.126:37678, fd2f3f79-5d7b-4d37-bb24-b15dfe7f18d7:192.168.36.126:42280], old=null
2019-09-25 05:31:50,981 [5c3318fc-c419-4298-b427-bf5a9ca27bf0@group-059250D1A272:LeaderElection153] INFO  impl.RoleInfo (RoleInfo.java:updateAndGet(143)) - 5c3318fc-c419-4298-b427-bf5a9ca27bf0: start FollowerState
2019-09-25 05:31:50,990 [616f9f8f-9479-40f4-8c03-f125dcbf9c7f@group-60724A24602F:LeaderElection159] INFO  impl.LeaderElection (LogUtils.java:infoOrTrace(149)) -   Exception 0: {}
java.util.concurrent.ExecutionException: org.apache.ratis.thirdparty.io.grpc.StatusRuntimeException: UNAVAILABLE: io exception
	at java.util.concurrent.FutureTask.report(FutureTask.java:122)
	at java.util.concurrent.FutureTask.get(FutureTask.java:192)
	at org.apache.ratis.server.impl.LeaderElection.waitForResults(LeaderElection.java:263)
	at org.apache.ratis.server.impl.LeaderElection.askForVotes(LeaderElection.java:201)
	at org.apache.ratis.server.impl.LeaderElection.run(LeaderElection.java:133)
	at java.lang.Thread.run(Thread.java:748)
Caused by: org.apache.ratis.thirdparty.io.grpc.StatusRuntimeException: UNAVAILABLE: io exception
	at org.apache.ratis.thirdparty.io.grpc.stub.ClientCalls.toStatusRuntimeException(ClientCalls.java:233)
	at org.apache.ratis.thirdparty.io.grpc.stub.ClientCalls.getUnchecked(ClientCalls.java:214)
	at org.apache.ratis.thirdparty.io.grpc.stub.ClientCalls.blockingUnaryCall(ClientCalls.java:139)
	at org.apache.ratis.proto.grpc.RaftServerProtocolServiceGrpc$RaftServerProtocolServiceBlockingStub.requestVote(RaftServerProtocolServiceGrpc.java:265)
	at org.apache.ratis.grpc.server.GrpcServerProtocolClient.requestVote(GrpcServerProtocolClient.java:90)
	at org.apache.ratis.grpc.server.GrpcService.requestVote(GrpcService.java:204)
	at org.apache.ratis.server.impl.LeaderElection.lambda$submitRequests$1(LeaderElection.java:238)
	at java.util.concurrent.FutureTask.run(FutureTask.java:266)
	at java.util.concurrent.Executors$RunnableAdapter.call(Executors.java:511)
	at java.util.concurrent.FutureTask.run(FutureTask.java:266)
	at java.util.concurrent.ThreadPoolExecutor.runWorker(ThreadPoolExecutor.java:1149)
	at java.util.concurrent.ThreadPoolExecutor$Worker.run(ThreadPoolExecutor.java:624)
	... 1 more
Caused by: org.apache.ratis.thirdparty.io.netty.channel.AbstractChannel$AnnotatedConnectException: Connection refused: /192.168.36.126:42280
	at sun.nio.ch.SocketChannelImpl.checkConnect(Native Method)
	at sun.nio.ch.SocketChannelImpl.finishConnect(SocketChannelImpl.java:717)
	at org.apache.ratis.thirdparty.io.netty.channel.socket.nio.NioSocketChannel.doFinishConnect(NioSocketChannel.java:327)
	at org.apache.ratis.thirdparty.io.netty.channel.nio.AbstractNioChannel$AbstractNioUnsafe.finishConnect(AbstractNioChannel.java:340)
	at org.apache.ratis.thirdparty.io.netty.channel.nio.NioEventLoop.processSelectedKey(NioEventLoop.java:632)
	at org.apache.ratis.thirdparty.io.netty.channel.nio.NioEventLoop.processSelectedKeysOptimized(NioEventLoop.java:579)
	at org.apache.ratis.thirdparty.io.netty.channel.nio.NioEventLoop.processSelectedKeys(NioEventLoop.java:496)
	at org.apache.ratis.thirdparty.io.netty.channel.nio.NioEventLoop.run(NioEventLoop.java:458)
	at org.apache.ratis.thirdparty.io.netty.util.concurrent.SingleThreadEventExecutor$5.run(SingleThreadEventExecutor.java:897)
	at org.apache.ratis.thirdparty.io.netty.util.concurrent.FastThreadLocalRunnable.run(FastThreadLocalRunnable.java:30)
	... 1 more
Caused by: java.net.ConnectException: Connection refused
	... 11 more
2019-09-25 05:31:50,990 [0d4a37ed-4cec-423a-a360-e4a879eb6bc0@group-21C2C432FD88:LeaderElection156] INFO  impl.RoleInfo (RoleInfo.java:shutdownLeaderElection(134)) - 0d4a37ed-4cec-423a-a360-e4a879eb6bc0: shutdown LeaderElection
2019-09-25 05:31:50,990 [f9c12371-c091-4b4a-8db2-6f0db97bbab3@group-0EC8D23D101B:LeaderElection155] INFO  impl.RoleInfo (RoleInfo.java:shutdownLeaderElection(134)) - f9c12371-c091-4b4a-8db2-6f0db97bbab3: shutdown LeaderElection
2019-09-25 05:31:50,991 [0d4a37ed-4cec-423a-a360-e4a879eb6bc0@group-21C2C432FD88:LeaderElection156] INFO  impl.RoleInfo (RoleInfo.java:updateAndGet(143)) - 0d4a37ed-4cec-423a-a360-e4a879eb6bc0: start FollowerState
2019-09-25 05:31:50,991 [616f9f8f-9479-40f4-8c03-f125dcbf9c7f@group-60724A24602F:LeaderElection159] INFO  impl.RaftServerImpl (RaftServerImpl.java:setRole(174)) - 616f9f8f-9479-40f4-8c03-f125dcbf9c7f@group-60724A24602F: changes role from CANDIDATE to FOLLOWER at term 11 for DISCOVERED_A_NEW_TERM
2019-09-25 05:31:50,991 [f9c12371-c091-4b4a-8db2-6f0db97bbab3@group-0EC8D23D101B:LeaderElection155] INFO  impl.RoleInfo (RoleInfo.java:updateAndGet(143)) - f9c12371-c091-4b4a-8db2-6f0db97bbab3: start FollowerState
2019-09-25 05:31:50,991 [616f9f8f-9479-40f4-8c03-f125dcbf9c7f@group-60724A24602F:LeaderElection159] INFO  impl.RoleInfo (RoleInfo.java:shutdownLeaderElection(134)) - 616f9f8f-9479-40f4-8c03-f125dcbf9c7f: shutdown LeaderElection
2019-09-25 05:31:50,992 [616f9f8f-9479-40f4-8c03-f125dcbf9c7f@group-60724A24602F:LeaderElection159] INFO  impl.RoleInfo (RoleInfo.java:updateAndGet(143)) - 616f9f8f-9479-40f4-8c03-f125dcbf9c7f: start FollowerState
2019-09-25 05:31:50,992 [0d4a37ed-4cec-423a-a360-e4a879eb6bc0@group-059250D1A272:LeaderElection166] INFO  impl.LeaderElection (LeaderElection.java:logAndReturn(56)) - 0d4a37ed-4cec-423a-a360-e4a879eb6bc0@group-059250D1A272:LeaderElection166: Election REJECTED; received 1 response(s) [0d4a37ed-4cec-423a-a360-e4a879eb6bc0<-5c3318fc-c419-4298-b427-bf5a9ca27bf0#0:FAIL-t11] and 1 exception(s); 0d4a37ed-4cec-423a-a360-e4a879eb6bc0@group-059250D1A272:t11, leader=null, voted=0d4a37ed-4cec-423a-a360-e4a879eb6bc0, raftlog=0d4a37ed-4cec-423a-a360-e4a879eb6bc0@group-059250D1A272-SegmentedRaftLog:OPENED:c-1,f-1,i0, conf=-1: [5c3318fc-c419-4298-b427-bf5a9ca27bf0:192.168.36.126:46795, 61946a22-29ed-4e77-8449-fae4cd9869e9:192.168.36.126:36814, 0d4a37ed-4cec-423a-a360-e4a879eb6bc0:192.168.36.126:37817], old=null
2019-09-25 05:31:50,992 [0d4a37ed-4cec-423a-a360-e4a879eb6bc0@group-059250D1A272:LeaderElection166] INFO  impl.LeaderElection (LogUtils.java:infoOrTrace(149)) -   Exception 0: {}
java.util.concurrent.ExecutionException: org.apache.ratis.thirdparty.io.grpc.StatusRuntimeException: UNAVAILABLE: io exception
	at java.util.concurrent.FutureTask.report(FutureTask.java:122)
	at java.util.concurrent.FutureTask.get(FutureTask.java:192)
	at org.apache.ratis.server.impl.LeaderElection.waitForResults(LeaderElection.java:263)
	at org.apache.ratis.server.impl.LeaderElection.askForVotes(LeaderElection.java:201)
	at org.apache.ratis.server.impl.LeaderElection.run(LeaderElection.java:133)
	at java.lang.Thread.run(Thread.java:748)
Caused by: org.apache.ratis.thirdparty.io.grpc.StatusRuntimeException: UNAVAILABLE: io exception
	at org.apache.ratis.thirdparty.io.grpc.stub.ClientCalls.toStatusRuntimeException(ClientCalls.java:233)
	at org.apache.ratis.thirdparty.io.grpc.stub.ClientCalls.getUnchecked(ClientCalls.java:214)
	at org.apache.ratis.thirdparty.io.grpc.stub.ClientCalls.blockingUnaryCall(ClientCalls.java:139)
	at org.apache.ratis.proto.grpc.RaftServerProtocolServiceGrpc$RaftServerProtocolServiceBlockingStub.requestVote(RaftServerProtocolServiceGrpc.java:265)
	at org.apache.ratis.grpc.server.GrpcServerProtocolClient.requestVote(GrpcServerProtocolClient.java:90)
	at org.apache.ratis.grpc.server.GrpcService.requestVote(GrpcService.java:204)
	at org.apache.ratis.server.impl.LeaderElection.lambda$submitRequests$1(LeaderElection.java:238)
	at java.util.concurrent.FutureTask.run(FutureTask.java:266)
	at java.util.concurrent.Executors$RunnableAdapter.call(Executors.java:511)
	at java.util.concurrent.FutureTask.run(FutureTask.java:266)
	at java.util.concurrent.ThreadPoolExecutor.runWorker(ThreadPoolExecutor.java:1149)
	at java.util.concurrent.ThreadPoolExecutor$Worker.run(ThreadPoolExecutor.java:624)
	... 1 more
Caused by: org.apache.ratis.thirdparty.io.netty.channel.AbstractChannel$AnnotatedConnectException: Connection refused: /192.168.36.126:36814
	at sun.nio.ch.SocketChannelImpl.checkConnect(Native Method)
	at sun.nio.ch.SocketChannelImpl.finishConnect(SocketChannelImpl.java:717)
	at org.apache.ratis.thirdparty.io.netty.channel.socket.nio.NioSocketChannel.doFinishConnect(NioSocketChannel.java:327)
	at org.apache.ratis.thirdparty.io.netty.channel.nio.AbstractNioChannel$AbstractNioUnsafe.finishConnect(AbstractNioChannel.java:340)
	at org.apache.ratis.thirdparty.io.netty.channel.nio.NioEventLoop.processSelectedKey(NioEventLoop.java:632)
	at org.apache.ratis.thirdparty.io.netty.channel.nio.NioEventLoop.processSelectedKeysOptimized(NioEventLoop.java:579)
	at org.apache.ratis.thirdparty.io.netty.channel.nio.NioEventLoop.processSelectedKeys(NioEventLoop.java:496)
	at org.apache.ratis.thirdparty.io.netty.channel.nio.NioEventLoop.run(NioEventLoop.java:458)
	at org.apache.ratis.thirdparty.io.netty.util.concurrent.SingleThreadEventExecutor$5.run(SingleThreadEventExecutor.java:897)
	at org.apache.ratis.thirdparty.io.netty.util.concurrent.FastThreadLocalRunnable.run(FastThreadLocalRunnable.java:30)
	... 1 more
Caused by: java.net.ConnectException: Connection refused
	... 11 more
2019-09-25 05:31:50,993 [0d4a37ed-4cec-423a-a360-e4a879eb6bc0@group-059250D1A272:LeaderElection166] INFO  impl.RaftServerImpl (RaftServerImpl.java:setRole(174)) - 0d4a37ed-4cec-423a-a360-e4a879eb6bc0@group-059250D1A272: changes role from CANDIDATE to FOLLOWER at term 11 for DISCOVERED_A_NEW_TERM
2019-09-25 05:31:50,993 [0d4a37ed-4cec-423a-a360-e4a879eb6bc0@group-059250D1A272:LeaderElection166] INFO  impl.RoleInfo (RoleInfo.java:shutdownLeaderElection(134)) - 0d4a37ed-4cec-423a-a360-e4a879eb6bc0: shutdown LeaderElection
2019-09-25 05:31:50,993 [0d4a37ed-4cec-423a-a360-e4a879eb6bc0@group-059250D1A272:LeaderElection166] INFO  impl.RoleInfo (RoleInfo.java:updateAndGet(143)) - 0d4a37ed-4cec-423a-a360-e4a879eb6bc0: start FollowerState
2019-09-25 05:31:51,240 [ForkJoinPool.commonPool-worker-1] INFO  ozoneimpl.OzoneContainer (OzoneContainer.java:stop(231)) - Attempting to stop container services.
2019-09-25 05:31:51,241 [main] INFO  ozoneimpl.OzoneContainer (OzoneContainer.java:stop(231)) - Attempting to stop container services.
2019-09-25 05:31:51,241 [ForkJoinPool.commonPool-worker-1] INFO  impl.RaftServerProxy (RaftServerProxy.java:lambda$close$4(314)) - 0d4a37ed-4cec-423a-a360-e4a879eb6bc0: close
2019-09-25 05:31:51,241 [main] INFO  impl.RaftServerProxy (RaftServerProxy.java:lambda$close$4(314)) - ce8ac917-2646-4112-adf7-d577593fabcb: close
2019-09-25 05:31:51,241 [ForkJoinPool.commonPool-worker-1] INFO  impl.RaftServerImpl (RaftServerImpl.java:lambda$shutdown$3(251)) - 0d4a37ed-4cec-423a-a360-e4a879eb6bc0@group-6EC47EE05244: shutdown
2019-09-25 05:31:51,242 [main] INFO  impl.RaftServerImpl (RaftServerImpl.java:lambda$shutdown$3(251)) - ce8ac917-2646-4112-adf7-d577593fabcb@group-AEFF648B0F59: shutdown
2019-09-25 05:31:51,242 [ForkJoinPool.commonPool-worker-1] INFO  util.JmxRegister (JmxRegister.java:unregister(73)) - Successfully un-registered JMX Bean with object name Ratis:service=RaftServer,group=group-6EC47EE05244,id=0d4a37ed-4cec-423a-a360-e4a879eb6bc0
2019-09-25 05:31:51,242 [main] INFO  util.JmxRegister (JmxRegister.java:unregister(73)) - Successfully un-registered JMX Bean with object name Ratis:service=RaftServer,group=group-AEFF648B0F59,id=ce8ac917-2646-4112-adf7-d577593fabcb
2019-09-25 05:31:51,242 [ForkJoinPool.commonPool-worker-1] INFO  impl.RoleInfo (RoleInfo.java:shutdownLeaderState(104)) - 0d4a37ed-4cec-423a-a360-e4a879eb6bc0: shutdown LeaderState
2019-09-25 05:31:51,243 [main] INFO  impl.RoleInfo (RoleInfo.java:shutdownFollowerState(121)) - ce8ac917-2646-4112-adf7-d577593fabcb: shutdown FollowerState
2019-09-25 05:31:51,243 [ForkJoinPool.commonPool-worker-1] INFO  impl.PendingRequests (PendingRequests.java:sendNotLeaderResponses(202)) - 0d4a37ed-4cec-423a-a360-e4a879eb6bc0-PendingRequests: sendNotLeaderResponses
2019-09-25 05:31:51,243 [main] INFO  impl.StateMachineUpdater (StateMachineUpdater.java:stopAndJoin(125)) - ce8ac917-2646-4112-adf7-d577593fabcb@group-AEFF648B0F59-StateMachineUpdater: set stopIndex = -1
2019-09-25 05:31:51,244 [ForkJoinPool.commonPool-worker-1] INFO  impl.StateMachineUpdater (StateMachineUpdater.java:stopAndJoin(125)) - 0d4a37ed-4cec-423a-a360-e4a879eb6bc0@group-6EC47EE05244-StateMachineUpdater: set stopIndex = 0
2019-09-25 05:31:51,244 [Thread-1043] INFO  impl.FollowerState (FollowerState.java:run(115)) - ce8ac917-2646-4112-adf7-d577593fabcb: FollowerState was interrupted: java.lang.InterruptedException: sleep interrupted
2019-09-25 05:31:51,244 [main] INFO  impl.RaftServerImpl (ServerState.java:close(385)) - ce8ac917-2646-4112-adf7-d577593fabcb@group-AEFF648B0F59: closes. applyIndex: -1
2019-09-25 05:31:51,245 [ForkJoinPool.commonPool-worker-1] INFO  impl.RaftServerImpl (ServerState.java:close(385)) - 0d4a37ed-4cec-423a-a360-e4a879eb6bc0@group-6EC47EE05244: closes. applyIndex: 0
2019-09-25 05:31:51,245 [ce8ac917-2646-4112-adf7-d577593fabcb@group-AEFF648B0F59-SegmentedRaftLogWorker] INFO  segmented.SegmentedRaftLogWorker (SegmentedRaftLogWorker.java:run(313)) - ce8ac917-2646-4112-adf7-d577593fabcb@group-AEFF648B0F59-SegmentedRaftLogWorker was interrupted, exiting. There are 0 tasks remaining in the queue.
2019-09-25 05:31:51,245 [0d4a37ed-4cec-423a-a360-e4a879eb6bc0@group-6EC47EE05244-SegmentedRaftLogWorker] INFO  segmented.SegmentedRaftLogWorker (SegmentedRaftLogWorker.java:run(313)) - 0d4a37ed-4cec-423a-a360-e4a879eb6bc0@group-6EC47EE05244-SegmentedRaftLogWorker was interrupted, exiting. There are 0 tasks remaining in the queue.
2019-09-25 05:31:51,245 [main] INFO  segmented.SegmentedRaftLogWorker (SegmentedRaftLogWorker.java:close(228)) - ce8ac917-2646-4112-adf7-d577593fabcb@group-AEFF648B0F59-SegmentedRaftLogWorker close()
2019-09-25 05:31:51,249 [ForkJoinPool.commonPool-worker-1] INFO  segmented.SegmentedRaftLogWorker (SegmentedRaftLogWorker.java:close(228)) - 0d4a37ed-4cec-423a-a360-e4a879eb6bc0@group-6EC47EE05244-SegmentedRaftLogWorker close()
2019-09-25 05:31:51,253 [main] INFO  impl.RaftServerImpl (RaftServerImpl.java:lambda$shutdown$3(251)) - ce8ac917-2646-4112-adf7-d577593fabcb@group-0EC8D23D101B: shutdown
2019-09-25 05:31:51,258 [ForkJoinPool.commonPool-worker-1] INFO  impl.RaftServerImpl (RaftServerImpl.java:lambda$shutdown$3(251)) - 0d4a37ed-4cec-423a-a360-e4a879eb6bc0@group-21C2C432FD88: shutdown
2019-09-25 05:31:51,259 [main] INFO  util.JmxRegister (JmxRegister.java:unregister(73)) - Successfully un-registered JMX Bean with object name Ratis:service=RaftServer,group=group-0EC8D23D101B,id=ce8ac917-2646-4112-adf7-d577593fabcb
2019-09-25 05:31:51,259 [ForkJoinPool.commonPool-worker-1] INFO  util.JmxRegister (JmxRegister.java:unregister(73)) - Successfully un-registered JMX Bean with object name Ratis:service=RaftServer,group=group-21C2C432FD88,id=0d4a37ed-4cec-423a-a360-e4a879eb6bc0
2019-09-25 05:31:51,259 [main] INFO  impl.RoleInfo (RoleInfo.java:shutdownFollowerState(121)) - ce8ac917-2646-4112-adf7-d577593fabcb: shutdown FollowerState
2019-09-25 05:31:51,259 [ForkJoinPool.commonPool-worker-1] INFO  impl.RoleInfo (RoleInfo.java:shutdownFollowerState(121)) - 0d4a37ed-4cec-423a-a360-e4a879eb6bc0: shutdown FollowerState
2019-09-25 05:31:51,260 [Thread-1038] INFO  impl.FollowerState (FollowerState.java:run(115)) - ce8ac917-2646-4112-adf7-d577593fabcb: FollowerState was interrupted: java.lang.InterruptedException: sleep interrupted
2019-09-25 05:31:51,259 [main] INFO  impl.StateMachineUpdater (StateMachineUpdater.java:stopAndJoin(125)) - ce8ac917-2646-4112-adf7-d577593fabcb@group-0EC8D23D101B-StateMachineUpdater: set stopIndex = -1
2019-09-25 05:31:51,260 [Thread-1048] INFO  impl.FollowerState (FollowerState.java:run(115)) - 0d4a37ed-4cec-423a-a360-e4a879eb6bc0: FollowerState was interrupted: java.lang.InterruptedException: sleep interrupted
2019-09-25 05:31:51,260 [ForkJoinPool.commonPool-worker-1] INFO  impl.StateMachineUpdater (StateMachineUpdater.java:stopAndJoin(125)) - 0d4a37ed-4cec-423a-a360-e4a879eb6bc0@group-21C2C432FD88-StateMachineUpdater: set stopIndex = -1
2019-09-25 05:31:51,261 [ForkJoinPool.commonPool-worker-1] INFO  impl.RaftServerImpl (ServerState.java:close(385)) - 0d4a37ed-4cec-423a-a360-e4a879eb6bc0@group-21C2C432FD88: closes. applyIndex: -1
2019-09-25 05:31:51,260 [main] INFO  impl.RaftServerImpl (ServerState.java:close(385)) - ce8ac917-2646-4112-adf7-d577593fabcb@group-0EC8D23D101B: closes. applyIndex: -1
2019-09-25 05:31:51,261 [0d4a37ed-4cec-423a-a360-e4a879eb6bc0@group-21C2C432FD88-SegmentedRaftLogWorker] INFO  segmented.SegmentedRaftLogWorker (SegmentedRaftLogWorker.java:run(313)) - 0d4a37ed-4cec-423a-a360-e4a879eb6bc0@group-21C2C432FD88-SegmentedRaftLogWorker was interrupted, exiting. There are 0 tasks remaining in the queue.
2019-09-25 05:31:51,261 [ForkJoinPool.commonPool-worker-1] INFO  segmented.SegmentedRaftLogWorker (SegmentedRaftLogWorker.java:close(228)) - 0d4a37ed-4cec-423a-a360-e4a879eb6bc0@group-21C2C432FD88-SegmentedRaftLogWorker close()
2019-09-25 05:31:51,261 [ce8ac917-2646-4112-adf7-d577593fabcb@group-0EC8D23D101B-SegmentedRaftLogWorker] INFO  segmented.SegmentedRaftLogWorker (SegmentedRaftLogWorker.java:run(313)) - ce8ac917-2646-4112-adf7-d577593fabcb@group-0EC8D23D101B-SegmentedRaftLogWorker was interrupted, exiting. There are 0 tasks remaining in the queue.
2019-09-25 05:31:51,264 [ForkJoinPool.commonPool-worker-1] INFO  impl.RaftServerImpl (RaftServerImpl.java:lambda$shutdown$3(251)) - 0d4a37ed-4cec-423a-a360-e4a879eb6bc0@group-059250D1A272: shutdown
2019-09-25 05:31:51,264 [main] INFO  segmented.SegmentedRaftLogWorker (SegmentedRaftLogWorker.java:close(228)) - ce8ac917-2646-4112-adf7-d577593fabcb@group-0EC8D23D101B-SegmentedRaftLogWorker close()
2019-09-25 05:31:51,265 [ForkJoinPool.commonPool-worker-1] INFO  util.JmxRegister (JmxRegister.java:unregister(73)) - Successfully un-registered JMX Bean with object name Ratis:service=RaftServer,group=group-059250D1A272,id=0d4a37ed-4cec-423a-a360-e4a879eb6bc0
2019-09-25 05:31:51,268 [main] INFO  impl.RaftServerImpl (RaftServerImpl.java:lambda$shutdown$3(251)) - ce8ac917-2646-4112-adf7-d577593fabcb@group-43825EC81F5D: shutdown
2019-09-25 05:31:51,268 [ForkJoinPool.commonPool-worker-1] INFO  impl.RoleInfo (RoleInfo.java:shutdownFollowerState(121)) - 0d4a37ed-4cec-423a-a360-e4a879eb6bc0: shutdown FollowerState
2019-09-25 05:31:51,269 [main] INFO  util.JmxRegister (JmxRegister.java:unregister(73)) - Successfully un-registered JMX Bean with object name Ratis:service=RaftServer,group=group-43825EC81F5D,id=ce8ac917-2646-4112-adf7-d577593fabcb
2019-09-25 05:31:51,269 [Thread-1051] INFO  impl.FollowerState (FollowerState.java:run(115)) - 0d4a37ed-4cec-423a-a360-e4a879eb6bc0: FollowerState was interrupted: java.lang.InterruptedException: sleep interrupted
2019-09-25 05:31:51,269 [ForkJoinPool.commonPool-worker-1] INFO  impl.StateMachineUpdater (StateMachineUpdater.java:stopAndJoin(125)) - 0d4a37ed-4cec-423a-a360-e4a879eb6bc0@group-059250D1A272-StateMachineUpdater: set stopIndex = -1
2019-09-25 05:31:51,269 [main] INFO  impl.RoleInfo (RoleInfo.java:shutdownFollowerState(121)) - ce8ac917-2646-4112-adf7-d577593fabcb: shutdown FollowerState
2019-09-25 05:31:51,269 [ForkJoinPool.commonPool-worker-1] INFO  impl.RaftServerImpl (ServerState.java:close(385)) - 0d4a37ed-4cec-423a-a360-e4a879eb6bc0@group-059250D1A272: closes. applyIndex: -1
2019-09-25 05:31:51,270 [Thread-1040] INFO  impl.FollowerState (FollowerState.java:run(115)) - ce8ac917-2646-4112-adf7-d577593fabcb: FollowerState was interrupted: java.lang.InterruptedException: sleep interrupted
2019-09-25 05:31:51,270 [0d4a37ed-4cec-423a-a360-e4a879eb6bc0@group-059250D1A272-SegmentedRaftLogWorker] INFO  segmented.SegmentedRaftLogWorker (SegmentedRaftLogWorker.java:run(313)) - 0d4a37ed-4cec-423a-a360-e4a879eb6bc0@group-059250D1A272-SegmentedRaftLogWorker was interrupted, exiting. There are 0 tasks remaining in the queue.
2019-09-25 05:31:51,269 [main] INFO  impl.StateMachineUpdater (StateMachineUpdater.java:stopAndJoin(125)) - ce8ac917-2646-4112-adf7-d577593fabcb@group-43825EC81F5D-StateMachineUpdater: set stopIndex = -1
2019-09-25 05:31:51,270 [ForkJoinPool.commonPool-worker-1] INFO  segmented.SegmentedRaftLogWorker (SegmentedRaftLogWorker.java:close(228)) - 0d4a37ed-4cec-423a-a360-e4a879eb6bc0@group-059250D1A272-SegmentedRaftLogWorker close()
2019-09-25 05:31:51,270 [main] INFO  impl.RaftServerImpl (ServerState.java:close(385)) - ce8ac917-2646-4112-adf7-d577593fabcb@group-43825EC81F5D: closes. applyIndex: -1
2019-09-25 05:31:51,273 [ForkJoinPool.commonPool-worker-1] INFO  server.GrpcService (GrpcService.java:closeImpl(164)) - 0d4a37ed-4cec-423a-a360-e4a879eb6bc0: shutdown server with port 37817 now
2019-09-25 05:31:51,273 [ce8ac917-2646-4112-adf7-d577593fabcb@group-43825EC81F5D-SegmentedRaftLogWorker] INFO  segmented.SegmentedRaftLogWorker (SegmentedRaftLogWorker.java:run(313)) - ce8ac917-2646-4112-adf7-d577593fabcb@group-43825EC81F5D-SegmentedRaftLogWorker was interrupted, exiting. There are 0 tasks remaining in the queue.
2019-09-25 05:31:51,273 [main] INFO  segmented.SegmentedRaftLogWorker (SegmentedRaftLogWorker.java:close(228)) - ce8ac917-2646-4112-adf7-d577593fabcb@group-43825EC81F5D-SegmentedRaftLogWorker close()
2019-09-25 05:31:51,276 [main] INFO  server.GrpcService (GrpcService.java:closeImpl(164)) - ce8ac917-2646-4112-adf7-d577593fabcb: shutdown server with port 37960 now
2019-09-25 05:31:51,277 [ForkJoinPool.commonPool-worker-1] INFO  server.GrpcService (GrpcService.java:closeImpl(172)) - 0d4a37ed-4cec-423a-a360-e4a879eb6bc0: shutdown server with port 37817 successfully
2019-09-25 05:31:51,277 [main] INFO  server.GrpcService (GrpcService.java:closeImpl(172)) - ce8ac917-2646-4112-adf7-d577593fabcb: shutdown server with port 37960 successfully
2019-09-25 05:31:51,279 [refreshUsed-/workdir/hadoop-ozone/integration-test/target/test-dir/MiniOzoneClusterImpl-cea1adf1-e11b-40bf-86cb-fb3b2d854ef9/datanode-6/data/containers] WARN  fs.CachingGetSpaceUsed (CachingGetSpaceUsed.java:run(183)) - Thread Interrupted waiting to refresh disk information: sleep interrupted
2019-09-25 05:31:51,279 [refreshUsed-/workdir/hadoop-ozone/integration-test/target/test-dir/MiniOzoneClusterImpl-cea1adf1-e11b-40bf-86cb-fb3b2d854ef9/datanode-3/data/containers] WARN  fs.CachingGetSpaceUsed (CachingGetSpaceUsed.java:run(183)) - Thread Interrupted waiting to refresh disk information: sleep interrupted
2019-09-25 05:31:51,299 [ForkJoinPool.commonPool-worker-1] INFO  utils.BackgroundService (BackgroundService.java:shutdown(148)) - Shutting down service BlockDeletingService
2019-09-25 05:31:51,299 [main] INFO  utils.BackgroundService (BackgroundService.java:shutdown(148)) - Shutting down service BlockDeletingService
2019-09-25 05:31:51,307 [main] INFO  statemachine.DatanodeStateMachine (DatanodeStateMachine.java:stopDaemon(395)) - Ozone container server stopped.
2019-09-25 05:31:51,308 [ForkJoinPool.commonPool-worker-1] INFO  statemachine.DatanodeStateMachine (DatanodeStateMachine.java:stopDaemon(395)) - Ozone container server stopped.
2019-09-25 05:31:51,313 [ForkJoinPool.commonPool-worker-1] INFO  handler.ContextHandler (ContextHandler.java:doStop(910)) - Stopped o.e.j.w.WebAppContext@4052c8c2{/,null,UNAVAILABLE}{/hddsDatanode}
2019-09-25 05:31:51,313 [main] INFO  handler.ContextHandler (ContextHandler.java:doStop(910)) - Stopped o.e.j.w.WebAppContext@7a485a36{/,null,UNAVAILABLE}{/hddsDatanode}
2019-09-25 05:31:51,314 [ForkJoinPool.commonPool-worker-1] INFO  server.AbstractConnector (AbstractConnector.java:doStop(318)) - Stopped ServerConnector@181b8c4b{HTTP/1.1,[http/1.1]}{0.0.0.0:0}
2019-09-25 05:31:51,316 [ForkJoinPool.commonPool-worker-1] INFO  handler.ContextHandler (ContextHandler.java:doStop(910)) - Stopped o.e.j.s.ServletContextHandler@41eb94bc{/static,jar:file:/home/user/.m2/repository/org/apache/hadoop/hadoop-hdds-container-service/0.5.0-SNAPSHOT/hadoop-hdds-container-service-0.5.0-SNAPSHOT.jar!/webapps/static,UNAVAILABLE}
2019-09-25 05:31:51,316 [main] INFO  server.AbstractConnector (AbstractConnector.java:doStop(318)) - Stopped ServerConnector@5cf3157b{HTTP/1.1,[http/1.1]}{0.0.0.0:0}
2019-09-25 05:31:51,317 [ForkJoinPool.commonPool-worker-1] INFO  handler.ContextHandler (ContextHandler.java:doStop(910)) - Stopped o.e.j.s.ServletContextHandler@27d33393{/logs,file:///workdir/hadoop-ozone/integration-test/target/log,UNAVAILABLE}
2019-09-25 05:31:51,317 [main] INFO  handler.ContextHandler (ContextHandler.java:doStop(910)) - Stopped o.e.j.s.ServletContextHandler@34780cd9{/static,jar:file:/home/user/.m2/repository/org/apache/hadoop/hadoop-hdds-container-service/0.5.0-SNAPSHOT/hadoop-hdds-container-service-0.5.0-SNAPSHOT.jar!/webapps/static,UNAVAILABLE}
2019-09-25 05:31:51,318 [main] INFO  handler.ContextHandler (ContextHandler.java:doStop(910)) - Stopped o.e.j.s.ServletContextHandler@72fd8a3c{/logs,file:///workdir/hadoop-ozone/integration-test/target/log,UNAVAILABLE}
2019-09-25 05:31:51,951 [Datanode State Machine Thread - 0] INFO  statemachine.DatanodeStateMachine (DatanodeStateMachine.java:lambda$startDaemon$0(350)) - Ozone container server started.
2019-09-25 05:31:51,992 [Thread-1049] INFO  impl.FollowerState (FollowerState.java:run(106)) - f9c12371-c091-4b4a-8db2-6f0db97bbab3:group-0EC8D23D101B changes to CANDIDATE, lastRpcTime:1000, electionTimeout:1000ms
2019-09-25 05:31:51,992 [Thread-1049] INFO  impl.RoleInfo (RoleInfo.java:shutdownFollowerState(121)) - f9c12371-c091-4b4a-8db2-6f0db97bbab3: shutdown FollowerState
2019-09-25 05:31:51,992 [Thread-1049] INFO  impl.RaftServerImpl (RaftServerImpl.java:setRole(174)) - f9c12371-c091-4b4a-8db2-6f0db97bbab3@group-0EC8D23D101B: changes role from  FOLLOWER to CANDIDATE at term 9 for changeToCandidate
2019-09-25 05:31:51,993 [Thread-1049] INFO  impl.RoleInfo (RoleInfo.java:updateAndGet(143)) - f9c12371-c091-4b4a-8db2-6f0db97bbab3: start LeaderElection
2019-09-25 05:31:52,008 [Thread-1047] INFO  impl.FollowerState (FollowerState.java:run(106)) - 5c3318fc-c419-4298-b427-bf5a9ca27bf0:group-059250D1A272 changes to CANDIDATE, lastRpcTime:1026, electionTimeout:1017ms
2019-09-25 05:31:52,008 [Thread-1047] INFO  impl.RoleInfo (RoleInfo.java:shutdownFollowerState(121)) - 5c3318fc-c419-4298-b427-bf5a9ca27bf0: shutdown FollowerState
2019-09-25 05:31:52,008 [Thread-1047] INFO  impl.RaftServerImpl (RaftServerImpl.java:setRole(174)) - 5c3318fc-c419-4298-b427-bf5a9ca27bf0@group-059250D1A272: changes role from  FOLLOWER to CANDIDATE at term 11 for changeToCandidate
2019-09-25 05:31:52,009 [Thread-1047] INFO  impl.RoleInfo (RoleInfo.java:updateAndGet(143)) - 5c3318fc-c419-4298-b427-bf5a9ca27bf0: start LeaderElection
2019-09-25 05:31:52,017 [Thread-1039] INFO  impl.FollowerState (FollowerState.java:run(106)) - a58d7528-614e-4c39-a3a3-38beaa9905aa:group-43825EC81F5D changes to CANDIDATE, lastRpcTime:1043, electionTimeout:1043ms
2019-09-25 05:31:52,017 [Thread-1039] INFO  impl.RoleInfo (RoleInfo.java:shutdownFollowerState(121)) - a58d7528-614e-4c39-a3a3-38beaa9905aa: shutdown FollowerState
2019-09-25 05:31:52,017 [Thread-1039] INFO  impl.RaftServerImpl (RaftServerImpl.java:setRole(174)) - a58d7528-614e-4c39-a3a3-38beaa9905aa@group-43825EC81F5D: changes role from  FOLLOWER to CANDIDATE at term 5 for changeToCandidate
2019-09-25 05:31:52,017 [Thread-1039] INFO  impl.RoleInfo (RoleInfo.java:updateAndGet(143)) - a58d7528-614e-4c39-a3a3-38beaa9905aa: start LeaderElection
2019-09-25 05:31:52,018 [Thread-1045] INFO  impl.FollowerState (FollowerState.java:run(106)) - e997a993-6131-47bf-96c8-764e04cb5c0e:group-60724A24602F changes to CANDIDATE, lastRpcTime:1037, electionTimeout:1037ms
2019-09-25 05:31:52,018 [Thread-1045] INFO  impl.RoleInfo (RoleInfo.java:shutdownFollowerState(121)) - e997a993-6131-47bf-96c8-764e04cb5c0e: shutdown FollowerState
2019-09-25 05:31:52,018 [Thread-1045] INFO  impl.RaftServerImpl (RaftServerImpl.java:setRole(174)) - e997a993-6131-47bf-96c8-764e04cb5c0e@group-60724A24602F: changes role from  FOLLOWER to CANDIDATE at term 11 for changeToCandidate
2019-09-25 05:31:52,019 [Thread-1045] INFO  impl.RoleInfo (RoleInfo.java:updateAndGet(143)) - e997a993-6131-47bf-96c8-764e04cb5c0e: start LeaderElection
2019-09-25 05:31:52,053 [Thread-1046] INFO  impl.FollowerState (FollowerState.java:run(106)) - a58d7528-614e-4c39-a3a3-38beaa9905aa:group-AEFF648B0F59 changes to CANDIDATE, lastRpcTime:1071, electionTimeout:1063ms
2019-09-25 05:31:52,053 [Thread-1046] INFO  impl.RoleInfo (RoleInfo.java:shutdownFollowerState(121)) - a58d7528-614e-4c39-a3a3-38beaa9905aa: shutdown FollowerState
2019-09-25 05:31:52,053 [Thread-1046] INFO  impl.RaftServerImpl (RaftServerImpl.java:setRole(174)) - a58d7528-614e-4c39-a3a3-38beaa9905aa@group-AEFF648B0F59: changes role from  FOLLOWER to CANDIDATE at term 9 for changeToCandidate
2019-09-25 05:31:52,053 [Thread-1046] INFO  impl.RoleInfo (RoleInfo.java:updateAndGet(143)) - a58d7528-614e-4c39-a3a3-38beaa9905aa: start LeaderElection
2019-09-25 05:31:52,069 [Thread-1044] INFO  impl.FollowerState (FollowerState.java:run(106)) - 5c3318fc-c419-4298-b427-bf5a9ca27bf0:group-21C2C432FD88 changes to CANDIDATE, lastRpcTime:1089, electionTimeout:1088ms
2019-09-25 05:31:52,069 [Thread-1044] INFO  impl.RoleInfo (RoleInfo.java:shutdownFollowerState(121)) - 5c3318fc-c419-4298-b427-bf5a9ca27bf0: shutdown FollowerState
2019-09-25 05:31:52,070 [Thread-1044] INFO  impl.RaftServerImpl (RaftServerImpl.java:setRole(174)) - 5c3318fc-c419-4298-b427-bf5a9ca27bf0@group-21C2C432FD88: changes role from  FOLLOWER to CANDIDATE at term 12 for changeToCandidate
2019-09-25 05:31:52,070 [Thread-1044] INFO  impl.RoleInfo (RoleInfo.java:updateAndGet(143)) - 5c3318fc-c419-4298-b427-bf5a9ca27bf0: start LeaderElection
2019-09-25 05:31:52,097 [Thread-1041] INFO  impl.FollowerState (FollowerState.java:run(106)) - f9c12371-c091-4b4a-8db2-6f0db97bbab3:group-43825EC81F5D changes to CANDIDATE, lastRpcTime:1121, electionTimeout:1120ms
2019-09-25 05:31:52,097 [Thread-1041] INFO  impl.RoleInfo (RoleInfo.java:shutdownFollowerState(121)) - f9c12371-c091-4b4a-8db2-6f0db97bbab3: shutdown FollowerState
2019-09-25 05:31:52,097 [Thread-1041] INFO  impl.RaftServerImpl (RaftServerImpl.java:setRole(174)) - f9c12371-c091-4b4a-8db2-6f0db97bbab3@group-43825EC81F5D: changes role from  FOLLOWER to CANDIDATE at term 5 for changeToCandidate
2019-09-25 05:31:52,098 [Thread-1041] INFO  impl.RoleInfo (RoleInfo.java:updateAndGet(143)) - f9c12371-c091-4b4a-8db2-6f0db97bbab3: start LeaderElection
2019-09-25 05:31:52,137 [Thread-1037] INFO  impl.FollowerState (FollowerState.java:run(106)) - f9c12371-c091-4b4a-8db2-6f0db97bbab3:group-AEFF648B0F59 changes to CANDIDATE, lastRpcTime:1165, electionTimeout:1165ms
2019-09-25 05:31:52,137 [Thread-1037] INFO  impl.RoleInfo (RoleInfo.java:shutdownFollowerState(121)) - f9c12371-c091-4b4a-8db2-6f0db97bbab3: shutdown FollowerState
2019-09-25 05:31:52,137 [Thread-1037] INFO  impl.RaftServerImpl (RaftServerImpl.java:setRole(174)) - f9c12371-c091-4b4a-8db2-6f0db97bbab3@group-AEFF648B0F59: changes role from  FOLLOWER to CANDIDATE at term 9 for changeToCandidate
2019-09-25 05:31:52,137 [Thread-1037] INFO  impl.RoleInfo (RoleInfo.java:updateAndGet(143)) - f9c12371-c091-4b4a-8db2-6f0db97bbab3: start LeaderElection
2019-09-25 05:31:52,170 [Thread-1050] INFO  impl.FollowerState (FollowerState.java:run(106)) - 616f9f8f-9479-40f4-8c03-f125dcbf9c7f:group-60724A24602F changes to CANDIDATE, lastRpcTime:1178, electionTimeout:1178ms
2019-09-25 05:31:52,170 [Thread-1050] INFO  impl.RoleInfo (RoleInfo.java:shutdownFollowerState(121)) - 616f9f8f-9479-40f4-8c03-f125dcbf9c7f: shutdown FollowerState
2019-09-25 05:31:52,171 [Thread-1050] INFO  impl.RaftServerImpl (RaftServerImpl.java:setRole(174)) - 616f9f8f-9479-40f4-8c03-f125dcbf9c7f@group-60724A24602F: changes role from  FOLLOWER to CANDIDATE at term 11 for changeToCandidate
2019-09-25 05:31:52,171 [Thread-1050] INFO  impl.RoleInfo (RoleInfo.java:updateAndGet(143)) - 616f9f8f-9479-40f4-8c03-f125dcbf9c7f: start LeaderElection
2019-09-25 05:31:52,176 [Thread-1042] INFO  impl.FollowerState (FollowerState.java:run(106)) - a58d7528-614e-4c39-a3a3-38beaa9905aa:group-0EC8D23D101B changes to CANDIDATE, lastRpcTime:1199, electionTimeout:1199ms
2019-09-25 05:31:52,176 [Thread-1042] INFO  impl.RoleInfo (RoleInfo.java:shutdownFollowerState(121)) - a58d7528-614e-4c39-a3a3-38beaa9905aa: shutdown FollowerState
2019-09-25 05:31:52,176 [Thread-1042] INFO  impl.RaftServerImpl (RaftServerImpl.java:setRole(174)) - a58d7528-614e-4c39-a3a3-38beaa9905aa@group-0EC8D23D101B: changes role from  FOLLOWER to CANDIDATE at term 9 for changeToCandidate
2019-09-25 05:31:52,176 [Thread-1042] INFO  impl.RoleInfo (RoleInfo.java:updateAndGet(143)) - a58d7528-614e-4c39-a3a3-38beaa9905aa: start LeaderElection
2019-09-25 05:31:52,252 [Datanode State Machine Thread - 0] INFO  statemachine.DatanodeStateMachine (DatanodeStateMachine.java:lambda$startDaemon$0(350)) - Ozone container server started.
2019-09-25 05:31:52,520 [e997a993-6131-47bf-96c8-764e04cb5c0e@group-60724A24602F:LeaderElection171] INFO  impl.LeaderElection (LeaderElection.java:askForVotes(182)) - e997a993-6131-47bf-96c8-764e04cb5c0e@group-60724A24602F:LeaderElection171: begin an election at term 12 for -1: [616f9f8f-9479-40f4-8c03-f125dcbf9c7f:192.168.36.126:39694, e997a993-6131-47bf-96c8-764e04cb5c0e:192.168.36.126:37678, fd2f3f79-5d7b-4d37-bb24-b15dfe7f18d7:192.168.36.126:42280], old=null
2019-09-25 05:31:52,520 [a58d7528-614e-4c39-a3a3-38beaa9905aa@group-43825EC81F5D:LeaderElection170] INFO  impl.LeaderElection (LeaderElection.java:askForVotes(182)) - a58d7528-614e-4c39-a3a3-38beaa9905aa@group-43825EC81F5D:LeaderElection170: begin an election at term 6 for -1: [a58d7528-614e-4c39-a3a3-38beaa9905aa:192.168.36.126:37942, f9c12371-c091-4b4a-8db2-6f0db97bbab3:192.168.36.126:46560, ce8ac917-2646-4112-adf7-d577593fabcb:192.168.36.126:37960], old=null
2019-09-25 05:31:52,520 [a58d7528-614e-4c39-a3a3-38beaa9905aa@group-AEFF648B0F59:LeaderElection172] INFO  impl.LeaderElection (LeaderElection.java:askForVotes(182)) - a58d7528-614e-4c39-a3a3-38beaa9905aa@group-AEFF648B0F59:LeaderElection172: begin an election at term 10 for -1: [a58d7528-614e-4c39-a3a3-38beaa9905aa:192.168.36.126:37942, f9c12371-c091-4b4a-8db2-6f0db97bbab3:192.168.36.126:46560, ce8ac917-2646-4112-adf7-d577593fabcb:192.168.36.126:37960], old=null
2019-09-25 05:31:52,520 [f9c12371-c091-4b4a-8db2-6f0db97bbab3@group-43825EC81F5D:LeaderElection174] INFO  impl.LeaderElection (LeaderElection.java:askForVotes(182)) - f9c12371-c091-4b4a-8db2-6f0db97bbab3@group-43825EC81F5D:LeaderElection174: begin an election at term 6 for -1: [a58d7528-614e-4c39-a3a3-38beaa9905aa:192.168.36.126:37942, f9c12371-c091-4b4a-8db2-6f0db97bbab3:192.168.36.126:46560, ce8ac917-2646-4112-adf7-d577593fabcb:192.168.36.126:37960], old=null
2019-09-25 05:31:52,520 [5c3318fc-c419-4298-b427-bf5a9ca27bf0@group-21C2C432FD88:LeaderElection173] INFO  impl.LeaderElection (LeaderElection.java:askForVotes(182)) - 5c3318fc-c419-4298-b427-bf5a9ca27bf0@group-21C2C432FD88:LeaderElection173: begin an election at term 13 for -1: [5c3318fc-c419-4298-b427-bf5a9ca27bf0:192.168.36.126:46795, 61946a22-29ed-4e77-8449-fae4cd9869e9:192.168.36.126:36814, 0d4a37ed-4cec-423a-a360-e4a879eb6bc0:192.168.36.126:37817], old=null
2019-09-25 05:31:52,520 [616f9f8f-9479-40f4-8c03-f125dcbf9c7f@group-60724A24602F:LeaderElection176] INFO  impl.LeaderElection (LeaderElection.java:askForVotes(182)) - 616f9f8f-9479-40f4-8c03-f125dcbf9c7f@group-60724A24602F:LeaderElection176: begin an election at term 12 for -1: [616f9f8f-9479-40f4-8c03-f125dcbf9c7f:192.168.36.126:39694, e997a993-6131-47bf-96c8-764e04cb5c0e:192.168.36.126:37678, fd2f3f79-5d7b-4d37-bb24-b15dfe7f18d7:192.168.36.126:42280], old=null
2019-09-25 05:31:52,520 [f9c12371-c091-4b4a-8db2-6f0db97bbab3@group-0EC8D23D101B:LeaderElection168] INFO  impl.LeaderElection (LeaderElection.java:askForVotes(182)) - f9c12371-c091-4b4a-8db2-6f0db97bbab3@group-0EC8D23D101B:LeaderElection168: begin an election at term 10 for -1: [a58d7528-614e-4c39-a3a3-38beaa9905aa:192.168.36.126:37942, f9c12371-c091-4b4a-8db2-6f0db97bbab3:192.168.36.126:46560, ce8ac917-2646-4112-adf7-d577593fabcb:192.168.36.126:37960], old=null
2019-09-25 05:31:52,520 [a58d7528-614e-4c39-a3a3-38beaa9905aa@group-0EC8D23D101B:LeaderElection177] INFO  impl.LeaderElection (LeaderElection.java:askForVotes(182)) - a58d7528-614e-4c39-a3a3-38beaa9905aa@group-0EC8D23D101B:LeaderElection177: begin an election at term 10 for -1: [a58d7528-614e-4c39-a3a3-38beaa9905aa:192.168.36.126:37942, f9c12371-c091-4b4a-8db2-6f0db97bbab3:192.168.36.126:46560, ce8ac917-2646-4112-adf7-d577593fabcb:192.168.36.126:37960], old=null
2019-09-25 05:31:52,520 [f9c12371-c091-4b4a-8db2-6f0db97bbab3@group-AEFF648B0F59:LeaderElection175] INFO  impl.LeaderElection (LeaderElection.java:askForVotes(182)) - f9c12371-c091-4b4a-8db2-6f0db97bbab3@group-AEFF648B0F59:LeaderElection175: begin an election at term 10 for -1: [a58d7528-614e-4c39-a3a3-38beaa9905aa:192.168.36.126:37942, f9c12371-c091-4b4a-8db2-6f0db97bbab3:192.168.36.126:46560, ce8ac917-2646-4112-adf7-d577593fabcb:192.168.36.126:37960], old=null
2019-09-25 05:31:52,520 [5c3318fc-c419-4298-b427-bf5a9ca27bf0@group-059250D1A272:LeaderElection169] INFO  impl.LeaderElection (LeaderElection.java:askForVotes(182)) - 5c3318fc-c419-4298-b427-bf5a9ca27bf0@group-059250D1A272:LeaderElection169: begin an election at term 12 for -1: [5c3318fc-c419-4298-b427-bf5a9ca27bf0:192.168.36.126:46795, 61946a22-29ed-4e77-8449-fae4cd9869e9:192.168.36.126:36814, 0d4a37ed-4cec-423a-a360-e4a879eb6bc0:192.168.36.126:37817], old=null
2019-09-25 05:31:52,523 [e997a993-6131-47bf-96c8-764e04cb5c0e@group-60724A24602F:LeaderElection171] INFO  impl.LeaderElection (LogUtils.java:infoOrTrace(149)) - e997a993-6131-47bf-96c8-764e04cb5c0e@group-60724A24602F:LeaderElection171 got exception when requesting votes: {}
java.util.concurrent.ExecutionException: org.apache.ratis.thirdparty.io.grpc.StatusRuntimeException: UNAVAILABLE: io exception
	at java.util.concurrent.FutureTask.report(FutureTask.java:122)
	at java.util.concurrent.FutureTask.get(FutureTask.java:192)
	at org.apache.ratis.server.impl.LeaderElection.waitForResults(LeaderElection.java:263)
	at org.apache.ratis.server.impl.LeaderElection.askForVotes(LeaderElection.java:201)
	at org.apache.ratis.server.impl.LeaderElection.run(LeaderElection.java:133)
	at java.lang.Thread.run(Thread.java:748)
Caused by: org.apache.ratis.thirdparty.io.grpc.StatusRuntimeException: UNAVAILABLE: io exception
	at org.apache.ratis.thirdparty.io.grpc.stub.ClientCalls.toStatusRuntimeException(ClientCalls.java:233)
	at org.apache.ratis.thirdparty.io.grpc.stub.ClientCalls.getUnchecked(ClientCalls.java:214)
	at org.apache.ratis.thirdparty.io.grpc.stub.ClientCalls.blockingUnaryCall(ClientCalls.java:139)
	at org.apache.ratis.proto.grpc.RaftServerProtocolServiceGrpc$RaftServerProtocolServiceBlockingStub.requestVote(RaftServerProtocolServiceGrpc.java:265)
	at org.apache.ratis.grpc.server.GrpcServerProtocolClient.requestVote(GrpcServerProtocolClient.java:90)
	at org.apache.ratis.grpc.server.GrpcService.requestVote(GrpcService.java:204)
	at org.apache.ratis.server.impl.LeaderElection.lambda$submitRequests$1(LeaderElection.java:238)
	at java.util.concurrent.FutureTask.run(FutureTask.java:266)
	at java.util.concurrent.Executors$RunnableAdapter.call(Executors.java:511)
	at java.util.concurrent.FutureTask.run(FutureTask.java:266)
	at java.util.concurrent.ThreadPoolExecutor.runWorker(ThreadPoolExecutor.java:1149)
	at java.util.concurrent.ThreadPoolExecutor$Worker.run(ThreadPoolExecutor.java:624)
	... 1 more
Caused by: org.apache.ratis.thirdparty.io.netty.channel.AbstractChannel$AnnotatedConnectException: Connection refused: /192.168.36.126:42280
	at sun.nio.ch.SocketChannelImpl.checkConnect(Native Method)
	at sun.nio.ch.SocketChannelImpl.finishConnect(SocketChannelImpl.java:717)
	at org.apache.ratis.thirdparty.io.netty.channel.socket.nio.NioSocketChannel.doFinishConnect(NioSocketChannel.java:327)
	at org.apache.ratis.thirdparty.io.netty.channel.nio.AbstractNioChannel$AbstractNioUnsafe.finishConnect(AbstractNioChannel.java:340)
	at org.apache.ratis.thirdparty.io.netty.channel.nio.NioEventLoop.processSelectedKey(NioEventLoop.java:632)
	at org.apache.ratis.thirdparty.io.netty.channel.nio.NioEventLoop.processSelectedKeysOptimized(NioEventLoop.java:579)
	at org.apache.ratis.thirdparty.io.netty.channel.nio.NioEventLoop.processSelectedKeys(NioEventLoop.java:496)
	at org.apache.ratis.thirdparty.io.netty.channel.nio.NioEventLoop.run(NioEventLoop.java:458)
	at org.apache.ratis.thirdparty.io.netty.util.concurrent.SingleThreadEventExecutor$5.run(SingleThreadEventExecutor.java:897)
	at org.apache.ratis.thirdparty.io.netty.util.concurrent.FastThreadLocalRunnable.run(FastThreadLocalRunnable.java:30)
	... 1 more
Caused by: java.net.ConnectException: Connection refused
	... 11 more
2019-09-25 05:31:52,527 [616f9f8f-9479-40f4-8c03-f125dcbf9c7f@group-60724A24602F:LeaderElection176] INFO  impl.LeaderElection (LogUtils.java:infoOrTrace(149)) - 616f9f8f-9479-40f4-8c03-f125dcbf9c7f@group-60724A24602F:LeaderElection176 got exception when requesting votes: {}
java.util.concurrent.ExecutionException: org.apache.ratis.thirdparty.io.grpc.StatusRuntimeException: UNAVAILABLE: io exception
	at java.util.concurrent.FutureTask.report(FutureTask.java:122)
	at java.util.concurrent.FutureTask.get(FutureTask.java:192)
	at org.apache.ratis.server.impl.LeaderElection.waitForResults(LeaderElection.java:263)
	at org.apache.ratis.server.impl.LeaderElection.askForVotes(LeaderElection.java:201)
	at org.apache.ratis.server.impl.LeaderElection.run(LeaderElection.java:133)
	at java.lang.Thread.run(Thread.java:748)
Caused by: org.apache.ratis.thirdparty.io.grpc.StatusRuntimeException: UNAVAILABLE: io exception
	at org.apache.ratis.thirdparty.io.grpc.stub.ClientCalls.toStatusRuntimeException(ClientCalls.java:233)
	at org.apache.ratis.thirdparty.io.grpc.stub.ClientCalls.getUnchecked(ClientCalls.java:214)
	at org.apache.ratis.thirdparty.io.grpc.stub.ClientCalls.blockingUnaryCall(ClientCalls.java:139)
	at org.apache.ratis.proto.grpc.RaftServerProtocolServiceGrpc$RaftServerProtocolServiceBlockingStub.requestVote(RaftServerProtocolServiceGrpc.java:265)
	at org.apache.ratis.grpc.server.GrpcServerProtocolClient.requestVote(GrpcServerProtocolClient.java:90)
	at org.apache.ratis.grpc.server.GrpcService.requestVote(GrpcService.java:204)
	at org.apache.ratis.server.impl.LeaderElection.lambda$submitRequests$1(LeaderElection.java:238)
	at java.util.concurrent.FutureTask.run(FutureTask.java:266)
	at java.util.concurrent.Executors$RunnableAdapter.call(Executors.java:511)
	at java.util.concurrent.FutureTask.run(FutureTask.java:266)
	at java.util.concurrent.ThreadPoolExecutor.runWorker(ThreadPoolExecutor.java:1149)
	at java.util.concurrent.ThreadPoolExecutor$Worker.run(ThreadPoolExecutor.java:624)
	... 1 more
Caused by: org.apache.ratis.thirdparty.io.netty.channel.AbstractChannel$AnnotatedConnectException: Connection refused: /192.168.36.126:42280
	at sun.nio.ch.SocketChannelImpl.checkConnect(Native Method)
	at sun.nio.ch.SocketChannelImpl.finishConnect(SocketChannelImpl.java:717)
	at org.apache.ratis.thirdparty.io.netty.channel.socket.nio.NioSocketChannel.doFinishConnect(NioSocketChannel.java:327)
	at org.apache.ratis.thirdparty.io.netty.channel.nio.AbstractNioChannel$AbstractNioUnsafe.finishConnect(AbstractNioChannel.java:340)
	at org.apache.ratis.thirdparty.io.netty.channel.nio.NioEventLoop.processSelectedKey(NioEventLoop.java:632)
	at org.apache.ratis.thirdparty.io.netty.channel.nio.NioEventLoop.processSelectedKeysOptimized(NioEventLoop.java:579)
	at org.apache.ratis.thirdparty.io.netty.channel.nio.NioEventLoop.processSelectedKeys(NioEventLoop.java:496)
	at org.apache.ratis.thirdparty.io.netty.channel.nio.NioEventLoop.run(NioEventLoop.java:458)
	at org.apache.ratis.thirdparty.io.netty.util.concurrent.SingleThreadEventExecutor$5.run(SingleThreadEventExecutor.java:897)
	at org.apache.ratis.thirdparty.io.netty.util.concurrent.FastThreadLocalRunnable.run(FastThreadLocalRunnable.java:30)
	... 1 more
Caused by: java.net.ConnectException: Connection refused
	... 11 more
2019-09-25 05:31:52,523 [5c3318fc-c419-4298-b427-bf5a9ca27bf0@group-21C2C432FD88:LeaderElection173] INFO  impl.LeaderElection (LogUtils.java:infoOrTrace(149)) - 5c3318fc-c419-4298-b427-bf5a9ca27bf0@group-21C2C432FD88:LeaderElection173 got exception when requesting votes: {}
java.util.concurrent.ExecutionException: org.apache.ratis.thirdparty.io.grpc.StatusRuntimeException: UNAVAILABLE: io exception
	at java.util.concurrent.FutureTask.report(FutureTask.java:122)
	at java.util.concurrent.FutureTask.get(FutureTask.java:192)
	at org.apache.ratis.server.impl.LeaderElection.waitForResults(LeaderElection.java:263)
	at org.apache.ratis.server.impl.LeaderElection.askForVotes(LeaderElection.java:201)
	at org.apache.ratis.server.impl.LeaderElection.run(LeaderElection.java:133)
	at java.lang.Thread.run(Thread.java:748)
Caused by: org.apache.ratis.thirdparty.io.grpc.StatusRuntimeException: UNAVAILABLE: io exception
	at org.apache.ratis.thirdparty.io.grpc.stub.ClientCalls.toStatusRuntimeException(ClientCalls.java:233)
	at org.apache.ratis.thirdparty.io.grpc.stub.ClientCalls.getUnchecked(ClientCalls.java:214)
	at org.apache.ratis.thirdparty.io.grpc.stub.ClientCalls.blockingUnaryCall(ClientCalls.java:139)
	at org.apache.ratis.proto.grpc.RaftServerProtocolServiceGrpc$RaftServerProtocolServiceBlockingStub.requestVote(RaftServerProtocolServiceGrpc.java:265)
	at org.apache.ratis.grpc.server.GrpcServerProtocolClient.requestVote(GrpcServerProtocolClient.java:90)
	at org.apache.ratis.grpc.server.GrpcService.requestVote(GrpcService.java:204)
	at org.apache.ratis.server.impl.LeaderElection.lambda$submitRequests$1(LeaderElection.java:238)
	at java.util.concurrent.FutureTask.run(FutureTask.java:266)
	at java.util.concurrent.Executors$RunnableAdapter.call(Executors.java:511)
	at java.util.concurrent.FutureTask.run(FutureTask.java:266)
	at java.util.concurrent.ThreadPoolExecutor.runWorker(ThreadPoolExecutor.java:1149)
	at java.util.concurrent.ThreadPoolExecutor$Worker.run(ThreadPoolExecutor.java:624)
	... 1 more
Caused by: org.apache.ratis.thirdparty.io.netty.channel.AbstractChannel$AnnotatedConnectException: Connection refused: /192.168.36.126:36814
	at sun.nio.ch.SocketChannelImpl.checkConnect(Native Method)
	at sun.nio.ch.SocketChannelImpl.finishConnect(SocketChannelImpl.java:717)
	at org.apache.ratis.thirdparty.io.netty.channel.socket.nio.NioSocketChannel.doFinishConnect(NioSocketChannel.java:327)
	at org.apache.ratis.thirdparty.io.netty.channel.nio.AbstractNioChannel$AbstractNioUnsafe.finishConnect(AbstractNioChannel.java:340)
	at org.apache.ratis.thirdparty.io.netty.channel.nio.NioEventLoop.processSelectedKey(NioEventLoop.java:632)
	at org.apache.ratis.thirdparty.io.netty.channel.nio.NioEventLoop.processSelectedKeysOptimized(NioEventLoop.java:579)
	at org.apache.ratis.thirdparty.io.netty.channel.nio.NioEventLoop.processSelectedKeys(NioEventLoop.java:496)
	at org.apache.ratis.thirdparty.io.netty.channel.nio.NioEventLoop.run(NioEventLoop.java:458)
	at org.apache.ratis.thirdparty.io.netty.util.concurrent.SingleThreadEventExecutor$5.run(SingleThreadEventExecutor.java:897)
	at org.apache.ratis.thirdparty.io.netty.util.concurrent.FastThreadLocalRunnable.run(FastThreadLocalRunnable.java:30)
	... 1 more
Caused by: java.net.ConnectException: Connection refused
	... 11 more
2019-09-25 05:31:52,537 [5c3318fc-c419-4298-b427-bf5a9ca27bf0@group-059250D1A272:LeaderElection169] INFO  impl.LeaderElection (LogUtils.java:infoOrTrace(149)) - 5c3318fc-c419-4298-b427-bf5a9ca27bf0@group-059250D1A272:LeaderElection169 got exception when requesting votes: {}
java.util.concurrent.ExecutionException: org.apache.ratis.thirdparty.io.grpc.StatusRuntimeException: UNAVAILABLE: io exception
	at java.util.concurrent.FutureTask.report(FutureTask.java:122)
	at java.util.concurrent.FutureTask.get(FutureTask.java:192)
	at org.apache.ratis.server.impl.LeaderElection.waitForResults(LeaderElection.java:263)
	at org.apache.ratis.server.impl.LeaderElection.askForVotes(LeaderElection.java:201)
	at org.apache.ratis.server.impl.LeaderElection.run(LeaderElection.java:133)
	at java.lang.Thread.run(Thread.java:748)
Caused by: org.apache.ratis.thirdparty.io.grpc.StatusRuntimeException: UNAVAILABLE: io exception
	at org.apache.ratis.thirdparty.io.grpc.stub.ClientCalls.toStatusRuntimeException(ClientCalls.java:233)
	at org.apache.ratis.thirdparty.io.grpc.stub.ClientCalls.getUnchecked(ClientCalls.java:214)
	at org.apache.ratis.thirdparty.io.grpc.stub.ClientCalls.blockingUnaryCall(ClientCalls.java:139)
	at org.apache.ratis.proto.grpc.RaftServerProtocolServiceGrpc$RaftServerProtocolServiceBlockingStub.requestVote(RaftServerProtocolServiceGrpc.java:265)
	at org.apache.ratis.grpc.server.GrpcServerProtocolClient.requestVote(GrpcServerProtocolClient.java:90)
	at org.apache.ratis.grpc.server.GrpcService.requestVote(GrpcService.java:204)
	at org.apache.ratis.server.impl.LeaderElection.lambda$submitRequests$1(LeaderElection.java:238)
	at java.util.concurrent.FutureTask.run(FutureTask.java:266)
	at java.util.concurrent.Executors$RunnableAdapter.call(Executors.java:511)
	at java.util.concurrent.FutureTask.run(FutureTask.java:266)
	at java.util.concurrent.ThreadPoolExecutor.runWorker(ThreadPoolExecutor.java:1149)
	at java.util.concurrent.ThreadPoolExecutor$Worker.run(ThreadPoolExecutor.java:624)
	... 1 more
Caused by: org.apache.ratis.thirdparty.io.netty.channel.AbstractChannel$AnnotatedConnectException: Connection refused: /192.168.36.126:36814
	at sun.nio.ch.SocketChannelImpl.checkConnect(Native Method)
	at sun.nio.ch.SocketChannelImpl.finishConnect(SocketChannelImpl.java:717)
	at org.apache.ratis.thirdparty.io.netty.channel.socket.nio.NioSocketChannel.doFinishConnect(NioSocketChannel.java:327)
	at org.apache.ratis.thirdparty.io.netty.channel.nio.AbstractNioChannel$AbstractNioUnsafe.finishConnect(AbstractNioChannel.java:340)
	at org.apache.ratis.thirdparty.io.netty.channel.nio.NioEventLoop.processSelectedKey(NioEventLoop.java:632)
	at org.apache.ratis.thirdparty.io.netty.channel.nio.NioEventLoop.processSelectedKeysOptimized(NioEventLoop.java:579)
	at org.apache.ratis.thirdparty.io.netty.channel.nio.NioEventLoop.processSelectedKeys(NioEventLoop.java:496)
	at org.apache.ratis.thirdparty.io.netty.channel.nio.NioEventLoop.run(NioEventLoop.java:458)
	at org.apache.ratis.thirdparty.io.netty.util.concurrent.SingleThreadEventExecutor$5.run(SingleThreadEventExecutor.java:897)
	at org.apache.ratis.thirdparty.io.netty.util.concurrent.FastThreadLocalRunnable.run(FastThreadLocalRunnable.java:30)
	... 1 more
Caused by: java.net.ConnectException: Connection refused
	... 11 more
2019-09-25 05:31:52,528 [a58d7528-614e-4c39-a3a3-38beaa9905aa@group-0EC8D23D101B:LeaderElection177] INFO  impl.LeaderElection (LogUtils.java:infoOrTrace(149)) - a58d7528-614e-4c39-a3a3-38beaa9905aa@group-0EC8D23D101B:LeaderElection177 got exception when requesting votes: {}
java.util.concurrent.ExecutionException: org.apache.ratis.thirdparty.io.grpc.StatusRuntimeException: UNAVAILABLE: io exception
	at java.util.concurrent.FutureTask.report(FutureTask.java:122)
	at java.util.concurrent.FutureTask.get(FutureTask.java:192)
	at org.apache.ratis.server.impl.LeaderElection.waitForResults(LeaderElection.java:263)
	at org.apache.ratis.server.impl.LeaderElection.askForVotes(LeaderElection.java:201)
	at org.apache.ratis.server.impl.LeaderElection.run(LeaderElection.java:133)
	at java.lang.Thread.run(Thread.java:748)
Caused by: org.apache.ratis.thirdparty.io.grpc.StatusRuntimeException: UNAVAILABLE: io exception
	at org.apache.ratis.thirdparty.io.grpc.stub.ClientCalls.toStatusRuntimeException(ClientCalls.java:233)
	at org.apache.ratis.thirdparty.io.grpc.stub.ClientCalls.getUnchecked(ClientCalls.java:214)
	at org.apache.ratis.thirdparty.io.grpc.stub.ClientCalls.blockingUnaryCall(ClientCalls.java:139)
	at org.apache.ratis.proto.grpc.RaftServerProtocolServiceGrpc$RaftServerProtocolServiceBlockingStub.requestVote(RaftServerProtocolServiceGrpc.java:265)
	at org.apache.ratis.grpc.server.GrpcServerProtocolClient.requestVote(GrpcServerProtocolClient.java:90)
	at org.apache.ratis.grpc.server.GrpcService.requestVote(GrpcService.java:204)
	at org.apache.ratis.server.impl.LeaderElection.lambda$submitRequests$1(LeaderElection.java:238)
	at java.util.concurrent.FutureTask.run(FutureTask.java:266)
	at java.util.concurrent.Executors$RunnableAdapter.call(Executors.java:511)
	at java.util.concurrent.FutureTask.run(FutureTask.java:266)
	at java.util.concurrent.ThreadPoolExecutor.runWorker(ThreadPoolExecutor.java:1149)
	at java.util.concurrent.ThreadPoolExecutor$Worker.run(ThreadPoolExecutor.java:624)
	... 1 more
Caused by: org.apache.ratis.thirdparty.io.netty.channel.AbstractChannel$AnnotatedConnectException: Connection refused: /192.168.36.126:37960
	at sun.nio.ch.SocketChannelImpl.checkConnect(Native Method)
	at sun.nio.ch.SocketChannelImpl.finishConnect(SocketChannelImpl.java:717)
	at org.apache.ratis.thirdparty.io.netty.channel.socket.nio.NioSocketChannel.doFinishConnect(NioSocketChannel.java:327)
	at org.apache.ratis.thirdparty.io.netty.channel.nio.AbstractNioChannel$AbstractNioUnsafe.finishConnect(AbstractNioChannel.java:340)
	at org.apache.ratis.thirdparty.io.netty.channel.nio.NioEventLoop.processSelectedKey(NioEventLoop.java:632)
	at org.apache.ratis.thirdparty.io.netty.channel.nio.NioEventLoop.processSelectedKeysOptimized(NioEventLoop.java:579)
	at org.apache.ratis.thirdparty.io.netty.channel.nio.NioEventLoop.processSelectedKeys(NioEventLoop.java:496)
	at org.apache.ratis.thirdparty.io.netty.channel.nio.NioEventLoop.run(NioEventLoop.java:458)
	at org.apache.ratis.thirdparty.io.netty.util.concurrent.SingleThreadEventExecutor$5.run(SingleThreadEventExecutor.java:897)
	at org.apache.ratis.thirdparty.io.netty.util.concurrent.FastThreadLocalRunnable.run(FastThreadLocalRunnable.java:30)
	... 1 more
Caused by: java.net.ConnectException: Connection refused
	... 11 more
2019-09-25 05:31:52,527 [a58d7528-614e-4c39-a3a3-38beaa9905aa@group-AEFF648B0F59:LeaderElection172] INFO  impl.LeaderElection (LogUtils.java:infoOrTrace(149)) - a58d7528-614e-4c39-a3a3-38beaa9905aa@group-AEFF648B0F59:LeaderElection172 got exception when requesting votes: {}
java.util.concurrent.ExecutionException: org.apache.ratis.thirdparty.io.grpc.StatusRuntimeException: UNAVAILABLE: io exception
	at java.util.concurrent.FutureTask.report(FutureTask.java:122)
	at java.util.concurrent.FutureTask.get(FutureTask.java:192)
	at org.apache.ratis.server.impl.LeaderElection.waitForResults(LeaderElection.java:263)
	at org.apache.ratis.server.impl.LeaderElection.askForVotes(LeaderElection.java:201)
	at org.apache.ratis.server.impl.LeaderElection.run(LeaderElection.java:133)
	at java.lang.Thread.run(Thread.java:748)
Caused by: org.apache.ratis.thirdparty.io.grpc.StatusRuntimeException: UNAVAILABLE: io exception
	at org.apache.ratis.thirdparty.io.grpc.stub.ClientCalls.toStatusRuntimeException(ClientCalls.java:233)
	at org.apache.ratis.thirdparty.io.grpc.stub.ClientCalls.getUnchecked(ClientCalls.java:214)
	at org.apache.ratis.thirdparty.io.grpc.stub.ClientCalls.blockingUnaryCall(ClientCalls.java:139)
	at org.apache.ratis.proto.grpc.RaftServerProtocolServiceGrpc$RaftServerProtocolServiceBlockingStub.requestVote(RaftServerProtocolServiceGrpc.java:265)
	at org.apache.ratis.grpc.server.GrpcServerProtocolClient.requestVote(GrpcServerProtocolClient.java:90)
	at org.apache.ratis.grpc.server.GrpcService.requestVote(GrpcService.java:204)
	at org.apache.ratis.server.impl.LeaderElection.lambda$submitRequests$1(LeaderElection.java:238)
	at java.util.concurrent.FutureTask.run(FutureTask.java:266)
	at java.util.concurrent.Executors$RunnableAdapter.call(Executors.java:511)
	at java.util.concurrent.FutureTask.run(FutureTask.java:266)
	at java.util.concurrent.ThreadPoolExecutor.runWorker(ThreadPoolExecutor.java:1149)
	at java.util.concurrent.ThreadPoolExecutor$Worker.run(ThreadPoolExecutor.java:624)
	... 1 more
Caused by: org.apache.ratis.thirdparty.io.netty.channel.AbstractChannel$AnnotatedConnectException: Connection refused: /192.168.36.126:37960
	at sun.nio.ch.SocketChannelImpl.checkConnect(Native Method)
	at sun.nio.ch.SocketChannelImpl.finishConnect(SocketChannelImpl.java:717)
	at org.apache.ratis.thirdparty.io.netty.channel.socket.nio.NioSocketChannel.doFinishConnect(NioSocketChannel.java:327)
	at org.apache.ratis.thirdparty.io.netty.channel.nio.AbstractNioChannel$AbstractNioUnsafe.finishConnect(AbstractNioChannel.java:340)
	at org.apache.ratis.thirdparty.io.netty.channel.nio.NioEventLoop.processSelectedKey(NioEventLoop.java:632)
	at org.apache.ratis.thirdparty.io.netty.channel.nio.NioEventLoop.processSelectedKeysOptimized(NioEventLoop.java:579)
	at org.apache.ratis.thirdparty.io.netty.channel.nio.NioEventLoop.processSelectedKeys(NioEventLoop.java:496)
	at org.apache.ratis.thirdparty.io.netty.channel.nio.NioEventLoop.run(NioEventLoop.java:458)
	at org.apache.ratis.thirdparty.io.netty.util.concurrent.SingleThreadEventExecutor$5.run(SingleThreadEventExecutor.java:897)
	at org.apache.ratis.thirdparty.io.netty.util.concurrent.FastThreadLocalRunnable.run(FastThreadLocalRunnable.java:30)
	... 1 more
Caused by: java.net.ConnectException: Connection refused
	... 11 more
2019-09-25 05:31:52,527 [a58d7528-614e-4c39-a3a3-38beaa9905aa@group-43825EC81F5D:LeaderElection170] INFO  impl.LeaderElection (LogUtils.java:infoOrTrace(149)) - a58d7528-614e-4c39-a3a3-38beaa9905aa@group-43825EC81F5D:LeaderElection170 got exception when requesting votes: {}
java.util.concurrent.ExecutionException: org.apache.ratis.thirdparty.io.grpc.StatusRuntimeException: UNAVAILABLE: io exception
	at java.util.concurrent.FutureTask.report(FutureTask.java:122)
	at java.util.concurrent.FutureTask.get(FutureTask.java:192)
	at org.apache.ratis.server.impl.LeaderElection.waitForResults(LeaderElection.java:263)
	at org.apache.ratis.server.impl.LeaderElection.askForVotes(LeaderElection.java:201)
	at org.apache.ratis.server.impl.LeaderElection.run(LeaderElection.java:133)
	at java.lang.Thread.run(Thread.java:748)
Caused by: org.apache.ratis.thirdparty.io.grpc.StatusRuntimeException: UNAVAILABLE: io exception
	at org.apache.ratis.thirdparty.io.grpc.stub.ClientCalls.toStatusRuntimeException(ClientCalls.java:233)
	at org.apache.ratis.thirdparty.io.grpc.stub.ClientCalls.getUnchecked(ClientCalls.java:214)
	at org.apache.ratis.thirdparty.io.grpc.stub.ClientCalls.blockingUnaryCall(ClientCalls.java:139)
	at org.apache.ratis.proto.grpc.RaftServerProtocolServiceGrpc$RaftServerProtocolServiceBlockingStub.requestVote(RaftServerProtocolServiceGrpc.java:265)
	at org.apache.ratis.grpc.server.GrpcServerProtocolClient.requestVote(GrpcServerProtocolClient.java:90)
	at org.apache.ratis.grpc.server.GrpcService.requestVote(GrpcService.java:204)
	at org.apache.ratis.server.impl.LeaderElection.lambda$submitRequests$1(LeaderElection.java:238)
	at java.util.concurrent.FutureTask.run(FutureTask.java:266)
	at java.util.concurrent.Executors$RunnableAdapter.call(Executors.java:511)
	at java.util.concurrent.FutureTask.run(FutureTask.java:266)
	at java.util.concurrent.ThreadPoolExecutor.runWorker(ThreadPoolExecutor.java:1149)
	at java.util.concurrent.ThreadPoolExecutor$Worker.run(ThreadPoolExecutor.java:624)
	... 1 more
Caused by: org.apache.ratis.thirdparty.io.netty.channel.AbstractChannel$AnnotatedConnectException: Connection refused: /192.168.36.126:37960
	at sun.nio.ch.SocketChannelImpl.checkConnect(Native Method)
	at sun.nio.ch.SocketChannelImpl.finishConnect(SocketChannelImpl.java:717)
	at org.apache.ratis.thirdparty.io.netty.channel.socket.nio.NioSocketChannel.doFinishConnect(NioSocketChannel.java:327)
	at org.apache.ratis.thirdparty.io.netty.channel.nio.AbstractNioChannel$AbstractNioUnsafe.finishConnect(AbstractNioChannel.java:340)
	at org.apache.ratis.thirdparty.io.netty.channel.nio.NioEventLoop.processSelectedKey(NioEventLoop.java:632)
	at org.apache.ratis.thirdparty.io.netty.channel.nio.NioEventLoop.processSelectedKeysOptimized(NioEventLoop.java:579)
	at org.apache.ratis.thirdparty.io.netty.channel.nio.NioEventLoop.processSelectedKeys(NioEventLoop.java:496)
	at org.apache.ratis.thirdparty.io.netty.channel.nio.NioEventLoop.run(NioEventLoop.java:458)
	at org.apache.ratis.thirdparty.io.netty.util.concurrent.SingleThreadEventExecutor$5.run(SingleThreadEventExecutor.java:897)
	at org.apache.ratis.thirdparty.io.netty.util.concurrent.FastThreadLocalRunnable.run(FastThreadLocalRunnable.java:30)
	... 1 more
Caused by: java.net.ConnectException: Connection refused
	... 11 more
2019-09-25 05:31:52,544 [e997a993-6131-47bf-96c8-764e04cb5c0e@group-60724A24602F:LeaderElection171] INFO  impl.LeaderElection (LeaderElection.java:logAndReturn(56)) - e997a993-6131-47bf-96c8-764e04cb5c0e@group-60724A24602F:LeaderElection171: Election REJECTED; received 1 response(s) [e997a993-6131-47bf-96c8-764e04cb5c0e<-616f9f8f-9479-40f4-8c03-f125dcbf9c7f#0:FAIL-t12] and 1 exception(s); e997a993-6131-47bf-96c8-764e04cb5c0e@group-60724A24602F:t12, leader=null, voted=e997a993-6131-47bf-96c8-764e04cb5c0e, raftlog=e997a993-6131-47bf-96c8-764e04cb5c0e@group-60724A24602F-SegmentedRaftLog:OPENED:c-1,f-1,i0, conf=-1: [616f9f8f-9479-40f4-8c03-f125dcbf9c7f:192.168.36.126:39694, e997a993-6131-47bf-96c8-764e04cb5c0e:192.168.36.126:37678, fd2f3f79-5d7b-4d37-bb24-b15dfe7f18d7:192.168.36.126:42280], old=null
2019-09-25 05:31:52,543 [616f9f8f-9479-40f4-8c03-f125dcbf9c7f@group-60724A24602F:LeaderElection176] INFO  impl.LeaderElection (LeaderElection.java:logAndReturn(56)) - 616f9f8f-9479-40f4-8c03-f125dcbf9c7f@group-60724A24602F:LeaderElection176: Election REJECTED; received 1 response(s) [616f9f8f-9479-40f4-8c03-f125dcbf9c7f<-e997a993-6131-47bf-96c8-764e04cb5c0e#0:FAIL-t12] and 1 exception(s); 616f9f8f-9479-40f4-8c03-f125dcbf9c7f@group-60724A24602F:t12, leader=null, voted=616f9f8f-9479-40f4-8c03-f125dcbf9c7f, raftlog=616f9f8f-9479-40f4-8c03-f125dcbf9c7f@group-60724A24602F-SegmentedRaftLog:OPENED:c-1,f-1,i0, conf=-1: [616f9f8f-9479-40f4-8c03-f125dcbf9c7f:192.168.36.126:39694, e997a993-6131-47bf-96c8-764e04cb5c0e:192.168.36.126:37678, fd2f3f79-5d7b-4d37-bb24-b15dfe7f18d7:192.168.36.126:42280], old=null
2019-09-25 05:31:52,542 [5c3318fc-c419-4298-b427-bf5a9ca27bf0@group-21C2C432FD88:LeaderElection173] INFO  impl.LeaderElection (LogUtils.java:infoOrTrace(149)) - 5c3318fc-c419-4298-b427-bf5a9ca27bf0@group-21C2C432FD88:LeaderElection173 got exception when requesting votes: {}
java.util.concurrent.ExecutionException: org.apache.ratis.thirdparty.io.grpc.StatusRuntimeException: UNAVAILABLE: io exception
	at java.util.concurrent.FutureTask.report(FutureTask.java:122)
	at java.util.concurrent.FutureTask.get(FutureTask.java:192)
	at org.apache.ratis.server.impl.LeaderElection.waitForResults(LeaderElection.java:263)
	at org.apache.ratis.server.impl.LeaderElection.askForVotes(LeaderElection.java:201)
	at org.apache.ratis.server.impl.LeaderElection.run(LeaderElection.java:133)
	at java.lang.Thread.run(Thread.java:748)
Caused by: org.apache.ratis.thirdparty.io.grpc.StatusRuntimeException: UNAVAILABLE: io exception
	at org.apache.ratis.thirdparty.io.grpc.stub.ClientCalls.toStatusRuntimeException(ClientCalls.java:233)
	at org.apache.ratis.thirdparty.io.grpc.stub.ClientCalls.getUnchecked(ClientCalls.java:214)
	at org.apache.ratis.thirdparty.io.grpc.stub.ClientCalls.blockingUnaryCall(ClientCalls.java:139)
	at org.apache.ratis.proto.grpc.RaftServerProtocolServiceGrpc$RaftServerProtocolServiceBlockingStub.requestVote(RaftServerProtocolServiceGrpc.java:265)
	at org.apache.ratis.grpc.server.GrpcServerProtocolClient.requestVote(GrpcServerProtocolClient.java:90)
	at org.apache.ratis.grpc.server.GrpcService.requestVote(GrpcService.java:204)
	at org.apache.ratis.server.impl.LeaderElection.lambda$submitRequests$1(LeaderElection.java:238)
	at java.util.concurrent.FutureTask.run(FutureTask.java:266)
	at java.util.concurrent.Executors$RunnableAdapter.call(Executors.java:511)
	at java.util.concurrent.FutureTask.run(FutureTask.java:266)
	at java.util.concurrent.ThreadPoolExecutor.runWorker(ThreadPoolExecutor.java:1149)
	at java.util.concurrent.ThreadPoolExecutor$Worker.run(ThreadPoolExecutor.java:624)
	... 1 more
Caused by: org.apache.ratis.thirdparty.io.netty.channel.AbstractChannel$AnnotatedConnectException: Connection refused: /192.168.36.126:37817
	at sun.nio.ch.SocketChannelImpl.checkConnect(Native Method)
	at sun.nio.ch.SocketChannelImpl.finishConnect(SocketChannelImpl.java:717)
	at org.apache.ratis.thirdparty.io.netty.channel.socket.nio.NioSocketChannel.doFinishConnect(NioSocketChannel.java:327)
	at org.apache.ratis.thirdparty.io.netty.channel.nio.AbstractNioChannel$AbstractNioUnsafe.finishConnect(AbstractNioChannel.java:340)
	at org.apache.ratis.thirdparty.io.netty.channel.nio.NioEventLoop.processSelectedKey(NioEventLoop.java:632)
	at org.apache.ratis.thirdparty.io.netty.channel.nio.NioEventLoop.processSelectedKeysOptimized(NioEventLoop.java:579)
	at org.apache.ratis.thirdparty.io.netty.channel.nio.NioEventLoop.processSelectedKeys(NioEventLoop.java:496)
	at org.apache.ratis.thirdparty.io.netty.channel.nio.NioEventLoop.run(NioEventLoop.java:458)
	at org.apache.ratis.thirdparty.io.netty.util.concurrent.SingleThreadEventExecutor$5.run(SingleThreadEventExecutor.java:897)
	at org.apache.ratis.thirdparty.io.netty.util.concurrent.FastThreadLocalRunnable.run(FastThreadLocalRunnable.java:30)
	... 1 more
Caused by: java.net.ConnectException: Connection refused
	... 11 more
2019-09-25 05:31:52,542 [5c3318fc-c419-4298-b427-bf5a9ca27bf0@group-059250D1A272:LeaderElection169] INFO  impl.LeaderElection (LogUtils.java:infoOrTrace(149)) - 5c3318fc-c419-4298-b427-bf5a9ca27bf0@group-059250D1A272:LeaderElection169 got exception when requesting votes: {}
java.util.concurrent.ExecutionException: org.apache.ratis.thirdparty.io.grpc.StatusRuntimeException: UNAVAILABLE: io exception
	at java.util.concurrent.FutureTask.report(FutureTask.java:122)
	at java.util.concurrent.FutureTask.get(FutureTask.java:192)
	at org.apache.ratis.server.impl.LeaderElection.waitForResults(LeaderElection.java:263)
	at org.apache.ratis.server.impl.LeaderElection.askForVotes(LeaderElection.java:201)
	at org.apache.ratis.server.impl.LeaderElection.run(LeaderElection.java:133)
	at java.lang.Thread.run(Thread.java:748)
Caused by: org.apache.ratis.thirdparty.io.grpc.StatusRuntimeException: UNAVAILABLE: io exception
	at org.apache.ratis.thirdparty.io.grpc.stub.ClientCalls.toStatusRuntimeException(ClientCalls.java:233)
	at org.apache.ratis.thirdparty.io.grpc.stub.ClientCalls.getUnchecked(ClientCalls.java:214)
	at org.apache.ratis.thirdparty.io.grpc.stub.ClientCalls.blockingUnaryCall(ClientCalls.java:139)
	at org.apache.ratis.proto.grpc.RaftServerProtocolServiceGrpc$RaftServerProtocolServiceBlockingStub.requestVote(RaftServerProtocolServiceGrpc.java:265)
	at org.apache.ratis.grpc.server.GrpcServerProtocolClient.requestVote(GrpcServerProtocolClient.java:90)
	at org.apache.ratis.grpc.server.GrpcService.requestVote(GrpcService.java:204)
	at org.apache.ratis.server.impl.LeaderElection.lambda$submitRequests$1(LeaderElection.java:238)
	at java.util.concurrent.FutureTask.run(FutureTask.java:266)
	at java.util.concurrent.Executors$RunnableAdapter.call(Executors.java:511)
	at java.util.concurrent.FutureTask.run(FutureTask.java:266)
	at java.util.concurrent.ThreadPoolExecutor.runWorker(ThreadPoolExecutor.java:1149)
	at java.util.concurrent.ThreadPoolExecutor$Worker.run(ThreadPoolExecutor.java:624)
	... 1 more
Caused by: org.apache.ratis.thirdparty.io.netty.channel.AbstractChannel$AnnotatedConnectException: Connection refused: /192.168.36.126:37817
	at sun.nio.ch.SocketChannelImpl.checkConnect(Native Method)
	at sun.nio.ch.SocketChannelImpl.finishConnect(SocketChannelImpl.java:717)
	at org.apache.ratis.thirdparty.io.netty.channel.socket.nio.NioSocketChannel.doFinishConnect(NioSocketChannel.java:327)
	at org.apache.ratis.thirdparty.io.netty.channel.nio.AbstractNioChannel$AbstractNioUnsafe.finishConnect(AbstractNioChannel.java:340)
	at org.apache.ratis.thirdparty.io.netty.channel.nio.NioEventLoop.processSelectedKey(NioEventLoop.java:632)
	at org.apache.ratis.thirdparty.io.netty.channel.nio.NioEventLoop.processSelectedKeysOptimized(NioEventLoop.java:579)
	at org.apache.ratis.thirdparty.io.netty.channel.nio.NioEventLoop.processSelectedKeys(NioEventLoop.java:496)
	at org.apache.ratis.thirdparty.io.netty.channel.nio.NioEventLoop.run(NioEventLoop.java:458)
	at org.apache.ratis.thirdparty.io.netty.util.concurrent.SingleThreadEventExecutor$5.run(SingleThreadEventExecutor.java:897)
	at org.apache.ratis.thirdparty.io.netty.util.concurrent.FastThreadLocalRunnable.run(FastThreadLocalRunnable.java:30)
	... 1 more
Caused by: java.net.ConnectException: Connection refused
	... 11 more
2019-09-25 05:31:52,542 [f9c12371-c091-4b4a-8db2-6f0db97bbab3@group-AEFF648B0F59:LeaderElection175] INFO  impl.LeaderElection (LogUtils.java:infoOrTrace(149)) - f9c12371-c091-4b4a-8db2-6f0db97bbab3@group-AEFF648B0F59:LeaderElection175 got exception when requesting votes: {}
java.util.concurrent.ExecutionException: org.apache.ratis.thirdparty.io.grpc.StatusRuntimeException: UNAVAILABLE: io exception
	at java.util.concurrent.FutureTask.report(FutureTask.java:122)
	at java.util.concurrent.FutureTask.get(FutureTask.java:192)
	at org.apache.ratis.server.impl.LeaderElection.waitForResults(LeaderElection.java:263)
	at org.apache.ratis.server.impl.LeaderElection.askForVotes(LeaderElection.java:201)
	at org.apache.ratis.server.impl.LeaderElection.run(LeaderElection.java:133)
	at java.lang.Thread.run(Thread.java:748)
Caused by: org.apache.ratis.thirdparty.io.grpc.StatusRuntimeException: UNAVAILABLE: io exception
	at org.apache.ratis.thirdparty.io.grpc.stub.ClientCalls.toStatusRuntimeException(ClientCalls.java:233)
	at org.apache.ratis.thirdparty.io.grpc.stub.ClientCalls.getUnchecked(ClientCalls.java:214)
	at org.apache.ratis.thirdparty.io.grpc.stub.ClientCalls.blockingUnaryCall(ClientCalls.java:139)
	at org.apache.ratis.proto.grpc.RaftServerProtocolServiceGrpc$RaftServerProtocolServiceBlockingStub.requestVote(RaftServerProtocolServiceGrpc.java:265)
	at org.apache.ratis.grpc.server.GrpcServerProtocolClient.requestVote(GrpcServerProtocolClient.java:90)
	at org.apache.ratis.grpc.server.GrpcService.requestVote(GrpcService.java:204)
	at org.apache.ratis.server.impl.LeaderElection.lambda$submitRequests$1(LeaderElection.java:238)
	at java.util.concurrent.FutureTask.run(FutureTask.java:266)
	at java.util.concurrent.Executors$RunnableAdapter.call(Executors.java:511)
	at java.util.concurrent.FutureTask.run(FutureTask.java:266)
	at java.util.concurrent.ThreadPoolExecutor.runWorker(ThreadPoolExecutor.java:1149)
	at java.util.concurrent.ThreadPoolExecutor$Worker.run(ThreadPoolExecutor.java:624)
	... 1 more
Caused by: org.apache.ratis.thirdparty.io.netty.channel.AbstractChannel$AnnotatedConnectException: Connection refused: /192.168.36.126:37960
	at sun.nio.ch.SocketChannelImpl.checkConnect(Native Method)
	at sun.nio.ch.SocketChannelImpl.finishConnect(SocketChannelImpl.java:717)
	at org.apache.ratis.thirdparty.io.netty.channel.socket.nio.NioSocketChannel.doFinishConnect(NioSocketChannel.java:327)
	at org.apache.ratis.thirdparty.io.netty.channel.nio.AbstractNioChannel$AbstractNioUnsafe.finishConnect(AbstractNioChannel.java:340)
	at org.apache.ratis.thirdparty.io.netty.channel.nio.NioEventLoop.processSelectedKey(NioEventLoop.java:632)
	at org.apache.ratis.thirdparty.io.netty.channel.nio.NioEventLoop.processSelectedKeysOptimized(NioEventLoop.java:579)
	at org.apache.ratis.thirdparty.io.netty.channel.nio.NioEventLoop.processSelectedKeys(NioEventLoop.java:496)
	at org.apache.ratis.thirdparty.io.netty.channel.nio.NioEventLoop.run(NioEventLoop.java:458)
	at org.apache.ratis.thirdparty.io.netty.util.concurrent.SingleThreadEventExecutor$5.run(SingleThreadEventExecutor.java:897)
	at org.apache.ratis.thirdparty.io.netty.util.concurrent.FastThreadLocalRunnable.run(FastThreadLocalRunnable.java:30)
	... 1 more
Caused by: java.net.ConnectException: Connection refused
	... 11 more
2019-09-25 05:31:52,539 [f9c12371-c091-4b4a-8db2-6f0db97bbab3@group-43825EC81F5D:LeaderElection174] INFO  impl.LeaderElection (LogUtils.java:infoOrTrace(149)) - f9c12371-c091-4b4a-8db2-6f0db97bbab3@group-43825EC81F5D:LeaderElection174 got exception when requesting votes: {}
java.util.concurrent.ExecutionException: org.apache.ratis.thirdparty.io.grpc.StatusRuntimeException: UNAVAILABLE: io exception
	at java.util.concurrent.FutureTask.report(FutureTask.java:122)
	at java.util.concurrent.FutureTask.get(FutureTask.java:192)
	at org.apache.ratis.server.impl.LeaderElection.waitForResults(LeaderElection.java:263)
	at org.apache.ratis.server.impl.LeaderElection.askForVotes(LeaderElection.java:201)
	at org.apache.ratis.server.impl.LeaderElection.run(LeaderElection.java:133)
	at java.lang.Thread.run(Thread.java:748)
Caused by: org.apache.ratis.thirdparty.io.grpc.StatusRuntimeException: UNAVAILABLE: io exception
	at org.apache.ratis.thirdparty.io.grpc.stub.ClientCalls.toStatusRuntimeException(ClientCalls.java:233)
	at org.apache.ratis.thirdparty.io.grpc.stub.ClientCalls.getUnchecked(ClientCalls.java:214)
	at org.apache.ratis.thirdparty.io.grpc.stub.ClientCalls.blockingUnaryCall(ClientCalls.java:139)
	at org.apache.ratis.proto.grpc.RaftServerProtocolServiceGrpc$RaftServerProtocolServiceBlockingStub.requestVote(RaftServerProtocolServiceGrpc.java:265)
	at org.apache.ratis.grpc.server.GrpcServerProtocolClient.requestVote(GrpcServerProtocolClient.java:90)
	at org.apache.ratis.grpc.server.GrpcService.requestVote(GrpcService.java:204)
	at org.apache.ratis.server.impl.LeaderElection.lambda$submitRequests$1(LeaderElection.java:238)
	at java.util.concurrent.FutureTask.run(FutureTask.java:266)
	at java.util.concurrent.Executors$RunnableAdapter.call(Executors.java:511)
	at java.util.concurrent.FutureTask.run(FutureTask.java:266)
	at java.util.concurrent.ThreadPoolExecutor.runWorker(ThreadPoolExecutor.java:1149)
	at java.util.concurrent.ThreadPoolExecutor$Worker.run(ThreadPoolExecutor.java:624)
	... 1 more
Caused by: org.apache.ratis.thirdparty.io.netty.channel.AbstractChannel$AnnotatedConnectException: Connection refused: /192.168.36.126:37960
	at sun.nio.ch.SocketChannelImpl.checkConnect(Native Method)
	at sun.nio.ch.SocketChannelImpl.finishConnect(SocketChannelImpl.java:717)
	at org.apache.ratis.thirdparty.io.netty.channel.socket.nio.NioSocketChannel.doFinishConnect(NioSocketChannel.java:327)
	at org.apache.ratis.thirdparty.io.netty.channel.nio.AbstractNioChannel$AbstractNioUnsafe.finishConnect(AbstractNioChannel.java:340)
	at org.apache.ratis.thirdparty.io.netty.channel.nio.NioEventLoop.processSelectedKey(NioEventLoop.java:632)
	at org.apache.ratis.thirdparty.io.netty.channel.nio.NioEventLoop.processSelectedKeysOptimized(NioEventLoop.java:579)
	at org.apache.ratis.thirdparty.io.netty.channel.nio.NioEventLoop.processSelectedKeys(NioEventLoop.java:496)
	at org.apache.ratis.thirdparty.io.netty.channel.nio.NioEventLoop.run(NioEventLoop.java:458)
	at org.apache.ratis.thirdparty.io.netty.util.concurrent.SingleThreadEventExecutor$5.run(SingleThreadEventExecutor.java:897)
	at org.apache.ratis.thirdparty.io.netty.util.concurrent.FastThreadLocalRunnable.run(FastThreadLocalRunnable.java:30)
	... 1 more
Caused by: java.net.ConnectException: Connection refused
	... 11 more
2019-09-25 05:31:52,539 [f9c12371-c091-4b4a-8db2-6f0db97bbab3@group-0EC8D23D101B:LeaderElection168] INFO  impl.LeaderElection (LogUtils.java:infoOrTrace(149)) - f9c12371-c091-4b4a-8db2-6f0db97bbab3@group-0EC8D23D101B:LeaderElection168 got exception when requesting votes: {}
java.util.concurrent.ExecutionException: org.apache.ratis.thirdparty.io.grpc.StatusRuntimeException: UNAVAILABLE: io exception
	at java.util.concurrent.FutureTask.report(FutureTask.java:122)
	at java.util.concurrent.FutureTask.get(FutureTask.java:192)
	at org.apache.ratis.server.impl.LeaderElection.waitForResults(LeaderElection.java:263)
	at org.apache.ratis.server.impl.LeaderElection.askForVotes(LeaderElection.java:201)
	at org.apache.ratis.server.impl.LeaderElection.run(LeaderElection.java:133)
	at java.lang.Thread.run(Thread.java:748)
Caused by: org.apache.ratis.thirdparty.io.grpc.StatusRuntimeException: UNAVAILABLE: io exception
	at org.apache.ratis.thirdparty.io.grpc.stub.ClientCalls.toStatusRuntimeException(ClientCalls.java:233)
	at org.apache.ratis.thirdparty.io.grpc.stub.ClientCalls.getUnchecked(ClientCalls.java:214)
	at org.apache.ratis.thirdparty.io.grpc.stub.ClientCalls.blockingUnaryCall(ClientCalls.java:139)
	at org.apache.ratis.proto.grpc.RaftServerProtocolServiceGrpc$RaftServerProtocolServiceBlockingStub.requestVote(RaftServerProtocolServiceGrpc.java:265)
	at org.apache.ratis.grpc.server.GrpcServerProtocolClient.requestVote(GrpcServerProtocolClient.java:90)
	at org.apache.ratis.grpc.server.GrpcService.requestVote(GrpcService.java:204)
	at org.apache.ratis.server.impl.LeaderElection.lambda$submitRequests$1(LeaderElection.java:238)
	at java.util.concurrent.FutureTask.run(FutureTask.java:266)
	at java.util.concurrent.Executors$RunnableAdapter.call(Executors.java:511)
	at java.util.concurrent.FutureTask.run(FutureTask.java:266)
	at java.util.concurrent.ThreadPoolExecutor.runWorker(ThreadPoolExecutor.java:1149)
	at java.util.concurrent.ThreadPoolExecutor$Worker.run(ThreadPoolExecutor.java:624)
	... 1 more
Caused by: org.apache.ratis.thirdparty.io.netty.channel.AbstractChannel$AnnotatedConnectException: Connection refused: /192.168.36.126:37960
	at sun.nio.ch.SocketChannelImpl.checkConnect(Native Method)
	at sun.nio.ch.SocketChannelImpl.finishConnect(SocketChannelImpl.java:717)
	at org.apache.ratis.thirdparty.io.netty.channel.socket.nio.NioSocketChannel.doFinishConnect(NioSocketChannel.java:327)
	at org.apache.ratis.thirdparty.io.netty.channel.nio.AbstractNioChannel$AbstractNioUnsafe.finishConnect(AbstractNioChannel.java:340)
	at org.apache.ratis.thirdparty.io.netty.channel.nio.NioEventLoop.processSelectedKey(NioEventLoop.java:632)
	at org.apache.ratis.thirdparty.io.netty.channel.nio.NioEventLoop.processSelectedKeysOptimized(NioEventLoop.java:579)
	at org.apache.ratis.thirdparty.io.netty.channel.nio.NioEventLoop.processSelectedKeys(NioEventLoop.java:496)
	at org.apache.ratis.thirdparty.io.netty.channel.nio.NioEventLoop.run(NioEventLoop.java:458)
	at org.apache.ratis.thirdparty.io.netty.util.concurrent.SingleThreadEventExecutor$5.run(SingleThreadEventExecutor.java:897)
	at org.apache.ratis.thirdparty.io.netty.util.concurrent.FastThreadLocalRunnable.run(FastThreadLocalRunnable.java:30)
	... 1 more
Caused by: java.net.ConnectException: Connection refused
	... 11 more
2019-09-25 05:31:52,548 [f9c12371-c091-4b4a-8db2-6f0db97bbab3@group-43825EC81F5D:LeaderElection174] INFO  impl.LeaderElection (LeaderElection.java:logAndReturn(56)) - f9c12371-c091-4b4a-8db2-6f0db97bbab3@group-43825EC81F5D:LeaderElection174: Election REJECTED; received 1 response(s) [f9c12371-c091-4b4a-8db2-6f0db97bbab3<-a58d7528-614e-4c39-a3a3-38beaa9905aa#0:FAIL-t6] and 1 exception(s); f9c12371-c091-4b4a-8db2-6f0db97bbab3@group-43825EC81F5D:t6, leader=null, voted=f9c12371-c091-4b4a-8db2-6f0db97bbab3, raftlog=f9c12371-c091-4b4a-8db2-6f0db97bbab3@group-43825EC81F5D-SegmentedRaftLog:OPENED:c-1,f-1,i0, conf=-1: [a58d7528-614e-4c39-a3a3-38beaa9905aa:192.168.36.126:37942, f9c12371-c091-4b4a-8db2-6f0db97bbab3:192.168.36.126:46560, ce8ac917-2646-4112-adf7-d577593fabcb:192.168.36.126:37960], old=null
2019-09-25 05:31:52,547 [f9c12371-c091-4b4a-8db2-6f0db97bbab3@group-AEFF648B0F59:LeaderElection175] INFO  impl.LeaderElection (LeaderElection.java:logAndReturn(56)) - f9c12371-c091-4b4a-8db2-6f0db97bbab3@group-AEFF648B0F59:LeaderElection175: Election REJECTED; received 1 response(s) [f9c12371-c091-4b4a-8db2-6f0db97bbab3<-a58d7528-614e-4c39-a3a3-38beaa9905aa#0:FAIL-t10] and 1 exception(s); f9c12371-c091-4b4a-8db2-6f0db97bbab3@group-AEFF648B0F59:t10, leader=null, voted=f9c12371-c091-4b4a-8db2-6f0db97bbab3, raftlog=f9c12371-c091-4b4a-8db2-6f0db97bbab3@group-AEFF648B0F59-SegmentedRaftLog:OPENED:c-1,f-1,i0, conf=-1: [a58d7528-614e-4c39-a3a3-38beaa9905aa:192.168.36.126:37942, f9c12371-c091-4b4a-8db2-6f0db97bbab3:192.168.36.126:46560, ce8ac917-2646-4112-adf7-d577593fabcb:192.168.36.126:37960], old=null
2019-09-25 05:31:52,549 [f9c12371-c091-4b4a-8db2-6f0db97bbab3@group-AEFF648B0F59:LeaderElection175] INFO  impl.LeaderElection (LogUtils.java:infoOrTrace(149)) -   Exception 0: {}
java.util.concurrent.ExecutionException: org.apache.ratis.thirdparty.io.grpc.StatusRuntimeException: UNAVAILABLE: io exception
	at java.util.concurrent.FutureTask.report(FutureTask.java:122)
	at java.util.concurrent.FutureTask.get(FutureTask.java:192)
	at org.apache.ratis.server.impl.LeaderElection.waitForResults(LeaderElection.java:263)
	at org.apache.ratis.server.impl.LeaderElection.askForVotes(LeaderElection.java:201)
	at org.apache.ratis.server.impl.LeaderElection.run(LeaderElection.java:133)
	at java.lang.Thread.run(Thread.java:748)
Caused by: org.apache.ratis.thirdparty.io.grpc.StatusRuntimeException: UNAVAILABLE: io exception
	at org.apache.ratis.thirdparty.io.grpc.stub.ClientCalls.toStatusRuntimeException(ClientCalls.java:233)
	at org.apache.ratis.thirdparty.io.grpc.stub.ClientCalls.getUnchecked(ClientCalls.java:214)
	at org.apache.ratis.thirdparty.io.grpc.stub.ClientCalls.blockingUnaryCall(ClientCalls.java:139)
	at org.apache.ratis.proto.grpc.RaftServerProtocolServiceGrpc$RaftServerProtocolServiceBlockingStub.requestVote(RaftServerProtocolServiceGrpc.java:265)
	at org.apache.ratis.grpc.server.GrpcServerProtocolClient.requestVote(GrpcServerProtocolClient.java:90)
	at org.apache.ratis.grpc.server.GrpcService.requestVote(GrpcService.java:204)
	at org.apache.ratis.server.impl.LeaderElection.lambda$submitRequests$1(LeaderElection.java:238)
	at java.util.concurrent.FutureTask.run(FutureTask.java:266)
	at java.util.concurrent.Executors$RunnableAdapter.call(Executors.java:511)
	at java.util.concurrent.FutureTask.run(FutureTask.java:266)
	at java.util.concurrent.ThreadPoolExecutor.runWorker(ThreadPoolExecutor.java:1149)
	at java.util.concurrent.ThreadPoolExecutor$Worker.run(ThreadPoolExecutor.java:624)
	... 1 more
Caused by: org.apache.ratis.thirdparty.io.netty.channel.AbstractChannel$AnnotatedConnectException: Connection refused: /192.168.36.126:37960
	at sun.nio.ch.SocketChannelImpl.checkConnect(Native Method)
	at sun.nio.ch.SocketChannelImpl.finishConnect(SocketChannelImpl.java:717)
	at org.apache.ratis.thirdparty.io.netty.channel.socket.nio.NioSocketChannel.doFinishConnect(NioSocketChannel.java:327)
	at org.apache.ratis.thirdparty.io.netty.channel.nio.AbstractNioChannel$AbstractNioUnsafe.finishConnect(AbstractNioChannel.java:340)
	at org.apache.ratis.thirdparty.io.netty.channel.nio.NioEventLoop.processSelectedKey(NioEventLoop.java:632)
	at org.apache.ratis.thirdparty.io.netty.channel.nio.NioEventLoop.processSelectedKeysOptimized(NioEventLoop.java:579)
	at org.apache.ratis.thirdparty.io.netty.channel.nio.NioEventLoop.processSelectedKeys(NioEventLoop.java:496)
	at org.apache.ratis.thirdparty.io.netty.channel.nio.NioEventLoop.run(NioEventLoop.java:458)
	at org.apache.ratis.thirdparty.io.netty.util.concurrent.SingleThreadEventExecutor$5.run(SingleThreadEventExecutor.java:897)
	at org.apache.ratis.thirdparty.io.netty.util.concurrent.FastThreadLocalRunnable.run(FastThreadLocalRunnable.java:30)
	... 1 more
Caused by: java.net.ConnectException: Connection refused
	... 11 more
2019-09-25 05:31:52,546 [5c3318fc-c419-4298-b427-bf5a9ca27bf0@group-059250D1A272:LeaderElection169] INFO  impl.LeaderElection (LeaderElection.java:logAndReturn(56)) - 5c3318fc-c419-4298-b427-bf5a9ca27bf0@group-059250D1A272:LeaderElection169: Election REJECTED; received 0 response(s) [] and 2 exception(s); 5c3318fc-c419-4298-b427-bf5a9ca27bf0@group-059250D1A272:t12, leader=null, voted=5c3318fc-c419-4298-b427-bf5a9ca27bf0, raftlog=5c3318fc-c419-4298-b427-bf5a9ca27bf0@group-059250D1A272-SegmentedRaftLog:OPENED:c-1,f-1,i0, conf=-1: [5c3318fc-c419-4298-b427-bf5a9ca27bf0:192.168.36.126:46795, 61946a22-29ed-4e77-8449-fae4cd9869e9:192.168.36.126:36814, 0d4a37ed-4cec-423a-a360-e4a879eb6bc0:192.168.36.126:37817], old=null
2019-09-25 05:31:52,550 [5c3318fc-c419-4298-b427-bf5a9ca27bf0@group-059250D1A272:LeaderElection169] INFO  impl.LeaderElection (LogUtils.java:infoOrTrace(149)) -   Exception 0: {}
java.util.concurrent.ExecutionException: org.apache.ratis.thirdparty.io.grpc.StatusRuntimeException: UNAVAILABLE: io exception
	at java.util.concurrent.FutureTask.report(FutureTask.java:122)
	at java.util.concurrent.FutureTask.get(FutureTask.java:192)
	at org.apache.ratis.server.impl.LeaderElection.waitForResults(LeaderElection.java:263)
	at org.apache.ratis.server.impl.LeaderElection.askForVotes(LeaderElection.java:201)
	at org.apache.ratis.server.impl.LeaderElection.run(LeaderElection.java:133)
	at java.lang.Thread.run(Thread.java:748)
Caused by: org.apache.ratis.thirdparty.io.grpc.StatusRuntimeException: UNAVAILABLE: io exception
	at org.apache.ratis.thirdparty.io.grpc.stub.ClientCalls.toStatusRuntimeException(ClientCalls.java:233)
	at org.apache.ratis.thirdparty.io.grpc.stub.ClientCalls.getUnchecked(ClientCalls.java:214)
	at org.apache.ratis.thirdparty.io.grpc.stub.ClientCalls.blockingUnaryCall(ClientCalls.java:139)
	at org.apache.ratis.proto.grpc.RaftServerProtocolServiceGrpc$RaftServerProtocolServiceBlockingStub.requestVote(RaftServerProtocolServiceGrpc.java:265)
	at org.apache.ratis.grpc.server.GrpcServerProtocolClient.requestVote(GrpcServerProtocolClient.java:90)
	at org.apache.ratis.grpc.server.GrpcService.requestVote(GrpcService.java:204)
	at org.apache.ratis.server.impl.LeaderElection.lambda$submitRequests$1(LeaderElection.java:238)
	at java.util.concurrent.FutureTask.run(FutureTask.java:266)
	at java.util.concurrent.Executors$RunnableAdapter.call(Executors.java:511)
	at java.util.concurrent.FutureTask.run(FutureTask.java:266)
	at java.util.concurrent.ThreadPoolExecutor.runWorker(ThreadPoolExecutor.java:1149)
	at java.util.concurrent.ThreadPoolExecutor$Worker.run(ThreadPoolExecutor.java:624)
	... 1 more
Caused by: org.apache.ratis.thirdparty.io.netty.channel.AbstractChannel$AnnotatedConnectException: Connection refused: /192.168.36.126:36814
	at sun.nio.ch.SocketChannelImpl.checkConnect(Native Method)
	at sun.nio.ch.SocketChannelImpl.finishConnect(SocketChannelImpl.java:717)
	at org.apache.ratis.thirdparty.io.netty.channel.socket.nio.NioSocketChannel.doFinishConnect(NioSocketChannel.java:327)
	at org.apache.ratis.thirdparty.io.netty.channel.nio.AbstractNioChannel$AbstractNioUnsafe.finishConnect(AbstractNioChannel.java:340)
	at org.apache.ratis.thirdparty.io.netty.channel.nio.NioEventLoop.processSelectedKey(NioEventLoop.java:632)
	at org.apache.ratis.thirdparty.io.netty.channel.nio.NioEventLoop.processSelectedKeysOptimized(NioEventLoop.java:579)
	at org.apache.ratis.thirdparty.io.netty.channel.nio.NioEventLoop.processSelectedKeys(NioEventLoop.java:496)
	at org.apache.ratis.thirdparty.io.netty.channel.nio.NioEventLoop.run(NioEventLoop.java:458)
	at org.apache.ratis.thirdparty.io.netty.util.concurrent.SingleThreadEventExecutor$5.run(SingleThreadEventExecutor.java:897)
	at org.apache.ratis.thirdparty.io.netty.util.concurrent.FastThreadLocalRunnable.run(FastThreadLocalRunnable.java:30)
	... 1 more
Caused by: java.net.ConnectException: Connection refused
	... 11 more
2019-09-25 05:31:52,550 [5c3318fc-c419-4298-b427-bf5a9ca27bf0@group-059250D1A272:LeaderElection169] INFO  impl.LeaderElection (LogUtils.java:infoOrTrace(149)) -   Exception 1: {}
java.util.concurrent.ExecutionException: org.apache.ratis.thirdparty.io.grpc.StatusRuntimeException: UNAVAILABLE: io exception
	at java.util.concurrent.FutureTask.report(FutureTask.java:122)
	at java.util.concurrent.FutureTask.get(FutureTask.java:192)
	at org.apache.ratis.server.impl.LeaderElection.waitForResults(LeaderElection.java:263)
	at org.apache.ratis.server.impl.LeaderElection.askForVotes(LeaderElection.java:201)
	at org.apache.ratis.server.impl.LeaderElection.run(LeaderElection.java:133)
	at java.lang.Thread.run(Thread.java:748)
Caused by: org.apache.ratis.thirdparty.io.grpc.StatusRuntimeException: UNAVAILABLE: io exception
	at org.apache.ratis.thirdparty.io.grpc.stub.ClientCalls.toStatusRuntimeException(ClientCalls.java:233)
	at org.apache.ratis.thirdparty.io.grpc.stub.ClientCalls.getUnchecked(ClientCalls.java:214)
	at org.apache.ratis.thirdparty.io.grpc.stub.ClientCalls.blockingUnaryCall(ClientCalls.java:139)
	at org.apache.ratis.proto.grpc.RaftServerProtocolServiceGrpc$RaftServerProtocolServiceBlockingStub.requestVote(RaftServerProtocolServiceGrpc.java:265)
	at org.apache.ratis.grpc.server.GrpcServerProtocolClient.requestVote(GrpcServerProtocolClient.java:90)
	at org.apache.ratis.grpc.server.GrpcService.requestVote(GrpcService.java:204)
	at org.apache.ratis.server.impl.LeaderElection.lambda$submitRequests$1(LeaderElection.java:238)
	at java.util.concurrent.FutureTask.run(FutureTask.java:266)
	at java.util.concurrent.Executors$RunnableAdapter.call(Executors.java:511)
	at java.util.concurrent.FutureTask.run(FutureTask.java:266)
	at java.util.concurrent.ThreadPoolExecutor.runWorker(ThreadPoolExecutor.java:1149)
	at java.util.concurrent.ThreadPoolExecutor$Worker.run(ThreadPoolExecutor.java:624)
	... 1 more
Caused by: org.apache.ratis.thirdparty.io.netty.channel.AbstractChannel$AnnotatedConnectException: Connection refused: /192.168.36.126:37817
	at sun.nio.ch.SocketChannelImpl.checkConnect(Native Method)
	at sun.nio.ch.SocketChannelImpl.finishConnect(SocketChannelImpl.java:717)
	at org.apache.ratis.thirdparty.io.netty.channel.socket.nio.NioSocketChannel.doFinishConnect(NioSocketChannel.java:327)
	at org.apache.ratis.thirdparty.io.netty.channel.nio.AbstractNioChannel$AbstractNioUnsafe.finishConnect(AbstractNioChannel.java:340)
	at org.apache.ratis.thirdparty.io.netty.channel.nio.NioEventLoop.processSelectedKey(NioEventLoop.java:632)
	at org.apache.ratis.thirdparty.io.netty.channel.nio.NioEventLoop.processSelectedKeysOptimized(NioEventLoop.java:579)
	at org.apache.ratis.thirdparty.io.netty.channel.nio.NioEventLoop.processSelectedKeys(NioEventLoop.java:496)
	at org.apache.ratis.thirdparty.io.netty.channel.nio.NioEventLoop.run(NioEventLoop.java:458)
	at org.apache.ratis.thirdparty.io.netty.util.concurrent.SingleThreadEventExecutor$5.run(SingleThreadEventExecutor.java:897)
	at org.apache.ratis.thirdparty.io.netty.util.concurrent.FastThreadLocalRunnable.run(FastThreadLocalRunnable.java:30)
	... 1 more
Caused by: java.net.ConnectException: Connection refused
	... 11 more
2019-09-25 05:31:52,545 [5c3318fc-c419-4298-b427-bf5a9ca27bf0@group-21C2C432FD88:LeaderElection173] INFO  impl.LeaderElection (LeaderElection.java:logAndReturn(56)) - 5c3318fc-c419-4298-b427-bf5a9ca27bf0@group-21C2C432FD88:LeaderElection173: Election REJECTED; received 0 response(s) [] and 2 exception(s); 5c3318fc-c419-4298-b427-bf5a9ca27bf0@group-21C2C432FD88:t13, leader=null, voted=5c3318fc-c419-4298-b427-bf5a9ca27bf0, raftlog=5c3318fc-c419-4298-b427-bf5a9ca27bf0@group-21C2C432FD88-SegmentedRaftLog:OPENED:c-1,f-1,i0, conf=-1: [5c3318fc-c419-4298-b427-bf5a9ca27bf0:192.168.36.126:46795, 61946a22-29ed-4e77-8449-fae4cd9869e9:192.168.36.126:36814, 0d4a37ed-4cec-423a-a360-e4a879eb6bc0:192.168.36.126:37817], old=null
2019-09-25 05:31:52,545 [a58d7528-614e-4c39-a3a3-38beaa9905aa@group-43825EC81F5D:LeaderElection170] INFO  impl.LeaderElection (LeaderElection.java:logAndReturn(56)) - a58d7528-614e-4c39-a3a3-38beaa9905aa@group-43825EC81F5D:LeaderElection170: Election REJECTED; received 1 response(s) [a58d7528-614e-4c39-a3a3-38beaa9905aa<-f9c12371-c091-4b4a-8db2-6f0db97bbab3#0:FAIL-t6] and 1 exception(s); a58d7528-614e-4c39-a3a3-38beaa9905aa@group-43825EC81F5D:t6, leader=null, voted=a58d7528-614e-4c39-a3a3-38beaa9905aa, raftlog=a58d7528-614e-4c39-a3a3-38beaa9905aa@group-43825EC81F5D-SegmentedRaftLog:OPENED:c-1,f-1,i0, conf=-1: [a58d7528-614e-4c39-a3a3-38beaa9905aa:192.168.36.126:37942, f9c12371-c091-4b4a-8db2-6f0db97bbab3:192.168.36.126:46560, ce8ac917-2646-4112-adf7-d577593fabcb:192.168.36.126:37960], old=null
2019-09-25 05:31:52,545 [616f9f8f-9479-40f4-8c03-f125dcbf9c7f@group-60724A24602F:LeaderElection176] INFO  impl.LeaderElection (LogUtils.java:infoOrTrace(149)) -   Exception 0: {}
java.util.concurrent.ExecutionException: org.apache.ratis.thirdparty.io.grpc.StatusRuntimeException: UNAVAILABLE: io exception
	at java.util.concurrent.FutureTask.report(FutureTask.java:122)
	at java.util.concurrent.FutureTask.get(FutureTask.java:192)
	at org.apache.ratis.server.impl.LeaderElection.waitForResults(LeaderElection.java:263)
	at org.apache.ratis.server.impl.LeaderElection.askForVotes(LeaderElection.java:201)
	at org.apache.ratis.server.impl.LeaderElection.run(LeaderElection.java:133)
	at java.lang.Thread.run(Thread.java:748)
Caused by: org.apache.ratis.thirdparty.io.grpc.StatusRuntimeException: UNAVAILABLE: io exception
	at org.apache.ratis.thirdparty.io.grpc.stub.ClientCalls.toStatusRuntimeException(ClientCalls.java:233)
	at org.apache.ratis.thirdparty.io.grpc.stub.ClientCalls.getUnchecked(ClientCalls.java:214)
	at org.apache.ratis.thirdparty.io.grpc.stub.ClientCalls.blockingUnaryCall(ClientCalls.java:139)
	at org.apache.ratis.proto.grpc.RaftServerProtocolServiceGrpc$RaftServerProtocolServiceBlockingStub.requestVote(RaftServerProtocolServiceGrpc.java:265)
	at org.apache.ratis.grpc.server.GrpcServerProtocolClient.requestVote(GrpcServerProtocolClient.java:90)
	at org.apache.ratis.grpc.server.GrpcService.requestVote(GrpcService.java:204)
	at org.apache.ratis.server.impl.LeaderElection.lambda$submitRequests$1(LeaderElection.java:238)
	at java.util.concurrent.FutureTask.run(FutureTask.java:266)
	at java.util.concurrent.Executors$RunnableAdapter.call(Executors.java:511)
	at java.util.concurrent.FutureTask.run(FutureTask.java:266)
	at java.util.concurrent.ThreadPoolExecutor.runWorker(ThreadPoolExecutor.java:1149)
	at java.util.concurrent.ThreadPoolExecutor$Worker.run(ThreadPoolExecutor.java:624)
	... 1 more
Caused by: org.apache.ratis.thirdparty.io.netty.channel.AbstractChannel$AnnotatedConnectException: Connection refused: /192.168.36.126:42280
	at sun.nio.ch.SocketChannelImpl.checkConnect(Native Method)
	at sun.nio.ch.SocketChannelImpl.finishConnect(SocketChannelImpl.java:717)
	at org.apache.ratis.thirdparty.io.netty.channel.socket.nio.NioSocketChannel.doFinishConnect(NioSocketChannel.java:327)
	at org.apache.ratis.thirdparty.io.netty.channel.nio.AbstractNioChannel$AbstractNioUnsafe.finishConnect(AbstractNioChannel.java:340)
	at org.apache.ratis.thirdparty.io.netty.channel.nio.NioEventLoop.processSelectedKey(NioEventLoop.java:632)
	at org.apache.ratis.thirdparty.io.netty.channel.nio.NioEventLoop.processSelectedKeysOptimized(NioEventLoop.java:579)
	at org.apache.ratis.thirdparty.io.netty.channel.nio.NioEventLoop.processSelectedKeys(NioEventLoop.java:496)
	at org.apache.ratis.thirdparty.io.netty.channel.nio.NioEventLoop.run(NioEventLoop.java:458)
	at org.apache.ratis.thirdparty.io.netty.util.concurrent.SingleThreadEventExecutor$5.run(SingleThreadEventExecutor.java:897)
	at org.apache.ratis.thirdparty.io.netty.util.concurrent.FastThreadLocalRunnable.run(FastThreadLocalRunnable.java:30)
	... 1 more
Caused by: java.net.ConnectException: Connection refused
	... 11 more
2019-09-25 05:31:52,545 [a58d7528-614e-4c39-a3a3-38beaa9905aa@group-0EC8D23D101B:LeaderElection177] INFO  impl.LeaderElection (LeaderElection.java:logAndReturn(56)) - a58d7528-614e-4c39-a3a3-38beaa9905aa@group-0EC8D23D101B:LeaderElection177: Election REJECTED; received 1 response(s) [a58d7528-614e-4c39-a3a3-38beaa9905aa<-f9c12371-c091-4b4a-8db2-6f0db97bbab3#0:FAIL-t10] and 1 exception(s); a58d7528-614e-4c39-a3a3-38beaa9905aa@group-0EC8D23D101B:t10, leader=null, voted=a58d7528-614e-4c39-a3a3-38beaa9905aa, raftlog=a58d7528-614e-4c39-a3a3-38beaa9905aa@group-0EC8D23D101B-SegmentedRaftLog:OPENED:c-1,f-1,i0, conf=-1: [a58d7528-614e-4c39-a3a3-38beaa9905aa:192.168.36.126:37942, f9c12371-c091-4b4a-8db2-6f0db97bbab3:192.168.36.126:46560, ce8ac917-2646-4112-adf7-d577593fabcb:192.168.36.126:37960], old=null
2019-09-25 05:31:52,545 [e997a993-6131-47bf-96c8-764e04cb5c0e@group-60724A24602F:LeaderElection171] INFO  impl.LeaderElection (LogUtils.java:infoOrTrace(149)) -   Exception 0: {}
java.util.concurrent.ExecutionException: org.apache.ratis.thirdparty.io.grpc.StatusRuntimeException: UNAVAILABLE: io exception
	at java.util.concurrent.FutureTask.report(FutureTask.java:122)
	at java.util.concurrent.FutureTask.get(FutureTask.java:192)
	at org.apache.ratis.server.impl.LeaderElection.waitForResults(LeaderElection.java:263)
	at org.apache.ratis.server.impl.LeaderElection.askForVotes(LeaderElection.java:201)
	at org.apache.ratis.server.impl.LeaderElection.run(LeaderElection.java:133)
	at java.lang.Thread.run(Thread.java:748)
Caused by: org.apache.ratis.thirdparty.io.grpc.StatusRuntimeException: UNAVAILABLE: io exception
	at org.apache.ratis.thirdparty.io.grpc.stub.ClientCalls.toStatusRuntimeException(ClientCalls.java:233)
	at org.apache.ratis.thirdparty.io.grpc.stub.ClientCalls.getUnchecked(ClientCalls.java:214)
	at org.apache.ratis.thirdparty.io.grpc.stub.ClientCalls.blockingUnaryCall(ClientCalls.java:139)
	at org.apache.ratis.proto.grpc.RaftServerProtocolServiceGrpc$RaftServerProtocolServiceBlockingStub.requestVote(RaftServerProtocolServiceGrpc.java:265)
	at org.apache.ratis.grpc.server.GrpcServerProtocolClient.requestVote(GrpcServerProtocolClient.java:90)
	at org.apache.ratis.grpc.server.GrpcService.requestVote(GrpcService.java:204)
	at org.apache.ratis.server.impl.LeaderElection.lambda$submitRequests$1(LeaderElection.java:238)
	at java.util.concurrent.FutureTask.run(FutureTask.java:266)
	at java.util.concurrent.Executors$RunnableAdapter.call(Executors.java:511)
	at java.util.concurrent.FutureTask.run(FutureTask.java:266)
	at java.util.concurrent.ThreadPoolExecutor.runWorker(ThreadPoolExecutor.java:1149)
	at java.util.concurrent.ThreadPoolExecutor$Worker.run(ThreadPoolExecutor.java:624)
	... 1 more
Caused by: org.apache.ratis.thirdparty.io.netty.channel.AbstractChannel$AnnotatedConnectException: Connection refused: /192.168.36.126:42280
	at sun.nio.ch.SocketChannelImpl.checkConnect(Native Method)
	at sun.nio.ch.SocketChannelImpl.finishConnect(SocketChannelImpl.java:717)
	at org.apache.ratis.thirdparty.io.netty.channel.socket.nio.NioSocketChannel.doFinishConnect(NioSocketChannel.java:327)
	at org.apache.ratis.thirdparty.io.netty.channel.nio.AbstractNioChannel$AbstractNioUnsafe.finishConnect(AbstractNioChannel.java:340)
	at org.apache.ratis.thirdparty.io.netty.channel.nio.NioEventLoop.processSelectedKey(NioEventLoop.java:632)
	at org.apache.ratis.thirdparty.io.netty.channel.nio.NioEventLoop.processSelectedKeysOptimized(NioEventLoop.java:579)
	at org.apache.ratis.thirdparty.io.netty.channel.nio.NioEventLoop.processSelectedKeys(NioEventLoop.java:496)
	at org.apache.ratis.thirdparty.io.netty.channel.nio.NioEventLoop.run(NioEventLoop.java:458)
	at org.apache.ratis.thirdparty.io.netty.util.concurrent.SingleThreadEventExecutor$5.run(SingleThreadEventExecutor.java:897)
	at org.apache.ratis.thirdparty.io.netty.util.concurrent.FastThreadLocalRunnable.run(FastThreadLocalRunnable.java:30)
	... 1 more
Caused by: java.net.ConnectException: Connection refused
	... 11 more
2019-09-25 05:31:52,545 [a58d7528-614e-4c39-a3a3-38beaa9905aa@group-AEFF648B0F59:LeaderElection172] INFO  impl.LeaderElection (LeaderElection.java:logAndReturn(56)) - a58d7528-614e-4c39-a3a3-38beaa9905aa@group-AEFF648B0F59:LeaderElection172: Election REJECTED; received 1 response(s) [a58d7528-614e-4c39-a3a3-38beaa9905aa<-f9c12371-c091-4b4a-8db2-6f0db97bbab3#0:FAIL-t10] and 1 exception(s); a58d7528-614e-4c39-a3a3-38beaa9905aa@group-AEFF648B0F59:t10, leader=null, voted=a58d7528-614e-4c39-a3a3-38beaa9905aa, raftlog=a58d7528-614e-4c39-a3a3-38beaa9905aa@group-AEFF648B0F59-SegmentedRaftLog:OPENED:c-1,f-1,i0, conf=-1: [a58d7528-614e-4c39-a3a3-38beaa9905aa:192.168.36.126:37942, f9c12371-c091-4b4a-8db2-6f0db97bbab3:192.168.36.126:46560, ce8ac917-2646-4112-adf7-d577593fabcb:192.168.36.126:37960], old=null
2019-09-25 05:31:52,553 [e997a993-6131-47bf-96c8-764e04cb5c0e@group-60724A24602F:LeaderElection171] INFO  impl.RaftServerImpl (RaftServerImpl.java:setRole(174)) - e997a993-6131-47bf-96c8-764e04cb5c0e@group-60724A24602F: changes role from CANDIDATE to FOLLOWER at term 12 for DISCOVERED_A_NEW_TERM
2019-09-25 05:31:52,552 [a58d7528-614e-4c39-a3a3-38beaa9905aa@group-0EC8D23D101B:LeaderElection177] INFO  impl.LeaderElection (LogUtils.java:infoOrTrace(149)) -   Exception 0: {}
java.util.concurrent.ExecutionException: org.apache.ratis.thirdparty.io.grpc.StatusRuntimeException: UNAVAILABLE: io exception
	at java.util.concurrent.FutureTask.report(FutureTask.java:122)
	at java.util.concurrent.FutureTask.get(FutureTask.java:192)
	at org.apache.ratis.server.impl.LeaderElection.waitForResults(LeaderElection.java:263)
	at org.apache.ratis.server.impl.LeaderElection.askForVotes(LeaderElection.java:201)
	at org.apache.ratis.server.impl.LeaderElection.run(LeaderElection.java:133)
	at java.lang.Thread.run(Thread.java:748)
Caused by: org.apache.ratis.thirdparty.io.grpc.StatusRuntimeException: UNAVAILABLE: io exception
	at org.apache.ratis.thirdparty.io.grpc.stub.ClientCalls.toStatusRuntimeException(ClientCalls.java:233)
	at org.apache.ratis.thirdparty.io.grpc.stub.ClientCalls.getUnchecked(ClientCalls.java:214)
	at org.apache.ratis.thirdparty.io.grpc.stub.ClientCalls.blockingUnaryCall(ClientCalls.java:139)
	at org.apache.ratis.proto.grpc.RaftServerProtocolServiceGrpc$RaftServerProtocolServiceBlockingStub.requestVote(RaftServerProtocolServiceGrpc.java:265)
	at org.apache.ratis.grpc.server.GrpcServerProtocolClient.requestVote(GrpcServerProtocolClient.java:90)
	at org.apache.ratis.grpc.server.GrpcService.requestVote(GrpcService.java:204)
	at org.apache.ratis.server.impl.LeaderElection.lambda$submitRequests$1(LeaderElection.java:238)
	at java.util.concurrent.FutureTask.run(FutureTask.java:266)
	at java.util.concurrent.Executors$RunnableAdapter.call(Executors.java:511)
	at java.util.concurrent.FutureTask.run(FutureTask.java:266)
	at java.util.concurrent.ThreadPoolExecutor.runWorker(ThreadPoolExecutor.java:1149)
	at java.util.concurrent.ThreadPoolExecutor$Worker.run(ThreadPoolExecutor.java:624)
	... 1 more
Caused by: org.apache.ratis.thirdparty.io.netty.channel.AbstractChannel$AnnotatedConnectException: Connection refused: /192.168.36.126:37960
	at sun.nio.ch.SocketChannelImpl.checkConnect(Native Method)
	at sun.nio.ch.SocketChannelImpl.finishConnect(SocketChannelImpl.java:717)
	at org.apache.ratis.thirdparty.io.netty.channel.socket.nio.NioSocketChannel.doFinishConnect(NioSocketChannel.java:327)
	at org.apache.ratis.thirdparty.io.netty.channel.nio.AbstractNioChannel$AbstractNioUnsafe.finishConnect(AbstractNioChannel.java:340)
	at org.apache.ratis.thirdparty.io.netty.channel.nio.NioEventLoop.processSelectedKey(NioEventLoop.java:632)
	at org.apache.ratis.thirdparty.io.netty.channel.nio.NioEventLoop.processSelectedKeysOptimized(NioEventLoop.java:579)
	at org.apache.ratis.thirdparty.io.netty.channel.nio.NioEventLoop.processSelectedKeys(NioEventLoop.java:496)
	at org.apache.ratis.thirdparty.io.netty.channel.nio.NioEventLoop.run(NioEventLoop.java:458)
	at org.apache.ratis.thirdparty.io.netty.util.concurrent.SingleThreadEventExecutor$5.run(SingleThreadEventExecutor.java:897)
	at org.apache.ratis.thirdparty.io.netty.util.concurrent.FastThreadLocalRunnable.run(FastThreadLocalRunnable.java:30)
	... 1 more
Caused by: java.net.ConnectException: Connection refused
	... 11 more
2019-09-25 05:31:52,551 [616f9f8f-9479-40f4-8c03-f125dcbf9c7f@group-60724A24602F:LeaderElection176] INFO  impl.RaftServerImpl (RaftServerImpl.java:setRole(174)) - 616f9f8f-9479-40f4-8c03-f125dcbf9c7f@group-60724A24602F: changes role from CANDIDATE to FOLLOWER at term 12 for DISCOVERED_A_NEW_TERM
2019-09-25 05:31:52,551 [a58d7528-614e-4c39-a3a3-38beaa9905aa@group-43825EC81F5D:LeaderElection170] INFO  impl.LeaderElection (LogUtils.java:infoOrTrace(149)) -   Exception 0: {}
java.util.concurrent.ExecutionException: org.apache.ratis.thirdparty.io.grpc.StatusRuntimeException: UNAVAILABLE: io exception
	at java.util.concurrent.FutureTask.report(FutureTask.java:122)
	at java.util.concurrent.FutureTask.get(FutureTask.java:192)
	at org.apache.ratis.server.impl.LeaderElection.waitForResults(LeaderElection.java:263)
	at org.apache.ratis.server.impl.LeaderElection.askForVotes(LeaderElection.java:201)
	at org.apache.ratis.server.impl.LeaderElection.run(LeaderElection.java:133)
	at java.lang.Thread.run(Thread.java:748)
Caused by: org.apache.ratis.thirdparty.io.grpc.StatusRuntimeException: UNAVAILABLE: io exception
	at org.apache.ratis.thirdparty.io.grpc.stub.ClientCalls.toStatusRuntimeException(ClientCalls.java:233)
	at org.apache.ratis.thirdparty.io.grpc.stub.ClientCalls.getUnchecked(ClientCalls.java:214)
	at org.apache.ratis.thirdparty.io.grpc.stub.ClientCalls.blockingUnaryCall(ClientCalls.java:139)
	at org.apache.ratis.proto.grpc.RaftServerProtocolServiceGrpc$RaftServerProtocolServiceBlockingStub.requestVote(RaftServerProtocolServiceGrpc.java:265)
	at org.apache.ratis.grpc.server.GrpcServerProtocolClient.requestVote(GrpcServerProtocolClient.java:90)
	at org.apache.ratis.grpc.server.GrpcService.requestVote(GrpcService.java:204)
	at org.apache.ratis.server.impl.LeaderElection.lambda$submitRequests$1(LeaderElection.java:238)
	at java.util.concurrent.FutureTask.run(FutureTask.java:266)
	at java.util.concurrent.Executors$RunnableAdapter.call(Executors.java:511)
	at java.util.concurrent.FutureTask.run(FutureTask.java:266)
	at java.util.concurrent.ThreadPoolExecutor.runWorker(ThreadPoolExecutor.java:1149)
	at java.util.concurrent.ThreadPoolExecutor$Worker.run(ThreadPoolExecutor.java:624)
	... 1 more
Caused by: org.apache.ratis.thirdparty.io.netty.channel.AbstractChannel$AnnotatedConnectException: Connection refused: /192.168.36.126:37960
	at sun.nio.ch.SocketChannelImpl.checkConnect(Native Method)
	at sun.nio.ch.SocketChannelImpl.finishConnect(SocketChannelImpl.java:717)
	at org.apache.ratis.thirdparty.io.netty.channel.socket.nio.NioSocketChannel.doFinishConnect(NioSocketChannel.java:327)
	at org.apache.ratis.thirdparty.io.netty.channel.nio.AbstractNioChannel$AbstractNioUnsafe.finishConnect(AbstractNioChannel.java:340)
	at org.apache.ratis.thirdparty.io.netty.channel.nio.NioEventLoop.processSelectedKey(NioEventLoop.java:632)
	at org.apache.ratis.thirdparty.io.netty.channel.nio.NioEventLoop.processSelectedKeysOptimized(NioEventLoop.java:579)
	at org.apache.ratis.thirdparty.io.netty.channel.nio.NioEventLoop.processSelectedKeys(NioEventLoop.java:496)
	at org.apache.ratis.thirdparty.io.netty.channel.nio.NioEventLoop.run(NioEventLoop.java:458)
	at org.apache.ratis.thirdparty.io.netty.util.concurrent.SingleThreadEventExecutor$5.run(SingleThreadEventExecutor.java:897)
	at org.apache.ratis.thirdparty.io.netty.util.concurrent.FastThreadLocalRunnable.run(FastThreadLocalRunnable.java:30)
	... 1 more
Caused by: java.net.ConnectException: Connection refused
	... 11 more
2019-09-25 05:31:52,551 [5c3318fc-c419-4298-b427-bf5a9ca27bf0@group-21C2C432FD88:LeaderElection173] INFO  impl.LeaderElection (LogUtils.java:infoOrTrace(149)) -   Exception 0: {}
java.util.concurrent.ExecutionException: org.apache.ratis.thirdparty.io.grpc.StatusRuntimeException: UNAVAILABLE: io exception
	at java.util.concurrent.FutureTask.report(FutureTask.java:122)
	at java.util.concurrent.FutureTask.get(FutureTask.java:192)
	at org.apache.ratis.server.impl.LeaderElection.waitForResults(LeaderElection.java:263)
	at org.apache.ratis.server.impl.LeaderElection.askForVotes(LeaderElection.java:201)
	at org.apache.ratis.server.impl.LeaderElection.run(LeaderElection.java:133)
	at java.lang.Thread.run(Thread.java:748)
Caused by: org.apache.ratis.thirdparty.io.grpc.StatusRuntimeException: UNAVAILABLE: io exception
	at org.apache.ratis.thirdparty.io.grpc.stub.ClientCalls.toStatusRuntimeException(ClientCalls.java:233)
	at org.apache.ratis.thirdparty.io.grpc.stub.ClientCalls.getUnchecked(ClientCalls.java:214)
	at org.apache.ratis.thirdparty.io.grpc.stub.ClientCalls.blockingUnaryCall(ClientCalls.java:139)
	at org.apache.ratis.proto.grpc.RaftServerProtocolServiceGrpc$RaftServerProtocolServiceBlockingStub.requestVote(RaftServerProtocolServiceGrpc.java:265)
	at org.apache.ratis.grpc.server.GrpcServerProtocolClient.requestVote(GrpcServerProtocolClient.java:90)
	at org.apache.ratis.grpc.server.GrpcService.requestVote(GrpcService.java:204)
	at org.apache.ratis.server.impl.LeaderElection.lambda$submitRequests$1(LeaderElection.java:238)
	at java.util.concurrent.FutureTask.run(FutureTask.java:266)
	at java.util.concurrent.Executors$RunnableAdapter.call(Executors.java:511)
	at java.util.concurrent.FutureTask.run(FutureTask.java:266)
	at java.util.concurrent.ThreadPoolExecutor.runWorker(ThreadPoolExecutor.java:1149)
	at java.util.concurrent.ThreadPoolExecutor$Worker.run(ThreadPoolExecutor.java:624)
	... 1 more
Caused by: org.apache.ratis.thirdparty.io.netty.channel.AbstractChannel$AnnotatedConnectException: Connection refused: /192.168.36.126:36814
	at sun.nio.ch.SocketChannelImpl.checkConnect(Native Method)
	at sun.nio.ch.SocketChannelImpl.finishConnect(SocketChannelImpl.java:717)
	at org.apache.ratis.thirdparty.io.netty.channel.socket.nio.NioSocketChannel.doFinishConnect(NioSocketChannel.java:327)
	at org.apache.ratis.thirdparty.io.netty.channel.nio.AbstractNioChannel$AbstractNioUnsafe.finishConnect(AbstractNioChannel.java:340)
	at org.apache.ratis.thirdparty.io.netty.channel.nio.NioEventLoop.processSelectedKey(NioEventLoop.java:632)
	at org.apache.ratis.thirdparty.io.netty.channel.nio.NioEventLoop.processSelectedKeysOptimized(NioEventLoop.java:579)
	at org.apache.ratis.thirdparty.io.netty.channel.nio.NioEventLoop.processSelectedKeys(NioEventLoop.java:496)
	at org.apache.ratis.thirdparty.io.netty.channel.nio.NioEventLoop.run(NioEventLoop.java:458)
	at org.apache.ratis.thirdparty.io.netty.util.concurrent.SingleThreadEventExecutor$5.run(SingleThreadEventExecutor.java:897)
	at org.apache.ratis.thirdparty.io.netty.util.concurrent.FastThreadLocalRunnable.run(FastThreadLocalRunnable.java:30)
	... 1 more
Caused by: java.net.ConnectException: Connection refused
	... 11 more
2019-09-25 05:31:52,551 [5c3318fc-c419-4298-b427-bf5a9ca27bf0@group-059250D1A272:LeaderElection169] INFO  impl.RaftServerImpl (RaftServerImpl.java:setRole(174)) - 5c3318fc-c419-4298-b427-bf5a9ca27bf0@group-059250D1A272: changes role from CANDIDATE to FOLLOWER at term 12 for DISCOVERED_A_NEW_TERM
2019-09-25 05:31:52,550 [f9c12371-c091-4b4a-8db2-6f0db97bbab3@group-AEFF648B0F59:LeaderElection175] INFO  impl.RaftServerImpl (RaftServerImpl.java:setRole(174)) - f9c12371-c091-4b4a-8db2-6f0db97bbab3@group-AEFF648B0F59: changes role from CANDIDATE to FOLLOWER at term 10 for DISCOVERED_A_NEW_TERM
2019-09-25 05:31:52,549 [f9c12371-c091-4b4a-8db2-6f0db97bbab3@group-43825EC81F5D:LeaderElection174] INFO  impl.LeaderElection (LogUtils.java:infoOrTrace(149)) -   Exception 0: {}
java.util.concurrent.ExecutionException: org.apache.ratis.thirdparty.io.grpc.StatusRuntimeException: UNAVAILABLE: io exception
	at java.util.concurrent.FutureTask.report(FutureTask.java:122)
	at java.util.concurrent.FutureTask.get(FutureTask.java:192)
	at org.apache.ratis.server.impl.LeaderElection.waitForResults(LeaderElection.java:263)
	at org.apache.ratis.server.impl.LeaderElection.askForVotes(LeaderElection.java:201)
	at org.apache.ratis.server.impl.LeaderElection.run(LeaderElection.java:133)
	at java.lang.Thread.run(Thread.java:748)
Caused by: org.apache.ratis.thirdparty.io.grpc.StatusRuntimeException: UNAVAILABLE: io exception
	at org.apache.ratis.thirdparty.io.grpc.stub.ClientCalls.toStatusRuntimeException(ClientCalls.java:233)
	at org.apache.ratis.thirdparty.io.grpc.stub.ClientCalls.getUnchecked(ClientCalls.java:214)
	at org.apache.ratis.thirdparty.io.grpc.stub.ClientCalls.blockingUnaryCall(ClientCalls.java:139)
	at org.apache.ratis.proto.grpc.RaftServerProtocolServiceGrpc$RaftServerProtocolServiceBlockingStub.requestVote(RaftServerProtocolServiceGrpc.java:265)
	at org.apache.ratis.grpc.server.GrpcServerProtocolClient.requestVote(GrpcServerProtocolClient.java:90)
	at org.apache.ratis.grpc.server.GrpcService.requestVote(GrpcService.java:204)
	at org.apache.ratis.server.impl.LeaderElection.lambda$submitRequests$1(LeaderElection.java:238)
	at java.util.concurrent.FutureTask.run(FutureTask.java:266)
	at java.util.concurrent.Executors$RunnableAdapter.call(Executors.java:511)
	at java.util.concurrent.FutureTask.run(FutureTask.java:266)
	at java.util.concurrent.ThreadPoolExecutor.runWorker(ThreadPoolExecutor.java:1149)
	at java.util.concurrent.ThreadPoolExecutor$Worker.run(ThreadPoolExecutor.java:624)
	... 1 more
Caused by: org.apache.ratis.thirdparty.io.netty.channel.AbstractChannel$AnnotatedConnectException: Connection refused: /192.168.36.126:37960
	at sun.nio.ch.SocketChannelImpl.checkConnect(Native Method)
	at sun.nio.ch.SocketChannelImpl.finishConnect(SocketChannelImpl.java:717)
	at org.apache.ratis.thirdparty.io.netty.channel.socket.nio.NioSocketChannel.doFinishConnect(NioSocketChannel.java:327)
	at org.apache.ratis.thirdparty.io.netty.channel.nio.AbstractNioChannel$AbstractNioUnsafe.finishConnect(AbstractNioChannel.java:340)
	at org.apache.ratis.thirdparty.io.netty.channel.nio.NioEventLoop.processSelectedKey(NioEventLoop.java:632)
	at org.apache.ratis.thirdparty.io.netty.channel.nio.NioEventLoop.processSelectedKeysOptimized(NioEventLoop.java:579)
	at org.apache.ratis.thirdparty.io.netty.channel.nio.NioEventLoop.processSelectedKeys(NioEventLoop.java:496)
	at org.apache.ratis.thirdparty.io.netty.channel.nio.NioEventLoop.run(NioEventLoop.java:458)
	at org.apache.ratis.thirdparty.io.netty.util.concurrent.SingleThreadEventExecutor$5.run(SingleThreadEventExecutor.java:897)
	at org.apache.ratis.thirdparty.io.netty.util.concurrent.FastThreadLocalRunnable.run(FastThreadLocalRunnable.java:30)
	... 1 more
Caused by: java.net.ConnectException: Connection refused
	... 11 more
2019-09-25 05:31:52,549 [f9c12371-c091-4b4a-8db2-6f0db97bbab3@group-0EC8D23D101B:LeaderElection168] INFO  impl.LeaderElection (LeaderElection.java:logAndReturn(56)) - f9c12371-c091-4b4a-8db2-6f0db97bbab3@group-0EC8D23D101B:LeaderElection168: Election REJECTED; received 1 response(s) [f9c12371-c091-4b4a-8db2-6f0db97bbab3<-a58d7528-614e-4c39-a3a3-38beaa9905aa#0:FAIL-t10] and 1 exception(s); f9c12371-c091-4b4a-8db2-6f0db97bbab3@group-0EC8D23D101B:t10, leader=null, voted=f9c12371-c091-4b4a-8db2-6f0db97bbab3, raftlog=f9c12371-c091-4b4a-8db2-6f0db97bbab3@group-0EC8D23D101B-SegmentedRaftLog:OPENED:c-1,f-1,i0, conf=-1: [a58d7528-614e-4c39-a3a3-38beaa9905aa:192.168.36.126:37942, f9c12371-c091-4b4a-8db2-6f0db97bbab3:192.168.36.126:46560, ce8ac917-2646-4112-adf7-d577593fabcb:192.168.36.126:37960], old=null
2019-09-25 05:31:52,556 [f9c12371-c091-4b4a-8db2-6f0db97bbab3@group-43825EC81F5D:LeaderElection174] INFO  impl.RaftServerImpl (RaftServerImpl.java:setRole(174)) - f9c12371-c091-4b4a-8db2-6f0db97bbab3@group-43825EC81F5D: changes role from CANDIDATE to FOLLOWER at term 6 for DISCOVERED_A_NEW_TERM
2019-09-25 05:31:52,557 [f9c12371-c091-4b4a-8db2-6f0db97bbab3@group-43825EC81F5D:LeaderElection174] INFO  impl.RoleInfo (RoleInfo.java:shutdownLeaderElection(134)) - f9c12371-c091-4b4a-8db2-6f0db97bbab3: shutdown LeaderElection
2019-09-25 05:31:52,556 [f9c12371-c091-4b4a-8db2-6f0db97bbab3@group-AEFF648B0F59:LeaderElection175] INFO  impl.RoleInfo (RoleInfo.java:shutdownLeaderElection(134)) - f9c12371-c091-4b4a-8db2-6f0db97bbab3: shutdown LeaderElection
2019-09-25 05:31:52,555 [5c3318fc-c419-4298-b427-bf5a9ca27bf0@group-059250D1A272:LeaderElection169] INFO  impl.RoleInfo (RoleInfo.java:shutdownLeaderElection(134)) - 5c3318fc-c419-4298-b427-bf5a9ca27bf0: shutdown LeaderElection
2019-09-25 05:31:52,555 [5c3318fc-c419-4298-b427-bf5a9ca27bf0@group-21C2C432FD88:LeaderElection173] INFO  impl.LeaderElection (LogUtils.java:infoOrTrace(149)) -   Exception 1: {}
java.util.concurrent.ExecutionException: org.apache.ratis.thirdparty.io.grpc.StatusRuntimeException: UNAVAILABLE: io exception
	at java.util.concurrent.FutureTask.report(FutureTask.java:122)
	at java.util.concurrent.FutureTask.get(FutureTask.java:192)
	at org.apache.ratis.server.impl.LeaderElection.waitForResults(LeaderElection.java:263)
	at org.apache.ratis.server.impl.LeaderElection.askForVotes(LeaderElection.java:201)
	at org.apache.ratis.server.impl.LeaderElection.run(LeaderElection.java:133)
	at java.lang.Thread.run(Thread.java:748)
Caused by: org.apache.ratis.thirdparty.io.grpc.StatusRuntimeException: UNAVAILABLE: io exception
	at org.apache.ratis.thirdparty.io.grpc.stub.ClientCalls.toStatusRuntimeException(ClientCalls.java:233)
	at org.apache.ratis.thirdparty.io.grpc.stub.ClientCalls.getUnchecked(ClientCalls.java:214)
	at org.apache.ratis.thirdparty.io.grpc.stub.ClientCalls.blockingUnaryCall(ClientCalls.java:139)
	at org.apache.ratis.proto.grpc.RaftServerProtocolServiceGrpc$RaftServerProtocolServiceBlockingStub.requestVote(RaftServerProtocolServiceGrpc.java:265)
	at org.apache.ratis.grpc.server.GrpcServerProtocolClient.requestVote(GrpcServerProtocolClient.java:90)
	at org.apache.ratis.grpc.server.GrpcService.requestVote(GrpcService.java:204)
	at org.apache.ratis.server.impl.LeaderElection.lambda$submitRequests$1(LeaderElection.java:238)
	at java.util.concurrent.FutureTask.run(FutureTask.java:266)
	at java.util.concurrent.Executors$RunnableAdapter.call(Executors.java:511)
	at java.util.concurrent.FutureTask.run(FutureTask.java:266)
	at java.util.concurrent.ThreadPoolExecutor.runWorker(ThreadPoolExecutor.java:1149)
	at java.util.concurrent.ThreadPoolExecutor$Worker.run(ThreadPoolExecutor.java:624)
	... 1 more
Caused by: org.apache.ratis.thirdparty.io.netty.channel.AbstractChannel$AnnotatedConnectException: Connection refused: /192.168.36.126:37817
	at sun.nio.ch.SocketChannelImpl.checkConnect(Native Method)
	at sun.nio.ch.SocketChannelImpl.finishConnect(SocketChannelImpl.java:717)
	at org.apache.ratis.thirdparty.io.netty.channel.socket.nio.NioSocketChannel.doFinishConnect(NioSocketChannel.java:327)
	at org.apache.ratis.thirdparty.io.netty.channel.nio.AbstractNioChannel$AbstractNioUnsafe.finishConnect(AbstractNioChannel.java:340)
	at org.apache.ratis.thirdparty.io.netty.channel.nio.NioEventLoop.processSelectedKey(NioEventLoop.java:632)
	at org.apache.ratis.thirdparty.io.netty.channel.nio.NioEventLoop.processSelectedKeysOptimized(NioEventLoop.java:579)
	at org.apache.ratis.thirdparty.io.netty.channel.nio.NioEventLoop.processSelectedKeys(NioEventLoop.java:496)
	at org.apache.ratis.thirdparty.io.netty.channel.nio.NioEventLoop.run(NioEventLoop.java:458)
	at org.apache.ratis.thirdparty.io.netty.util.concurrent.SingleThreadEventExecutor$5.run(SingleThreadEventExecutor.java:897)
	at org.apache.ratis.thirdparty.io.netty.util.concurrent.FastThreadLocalRunnable.run(FastThreadLocalRunnable.java:30)
	... 1 more
Caused by: java.net.ConnectException: Connection refused
	... 11 more
2019-09-25 05:31:52,555 [a58d7528-614e-4c39-a3a3-38beaa9905aa@group-43825EC81F5D:LeaderElection170] INFO  impl.RaftServerImpl (RaftServerImpl.java:setRole(174)) - a58d7528-614e-4c39-a3a3-38beaa9905aa@group-43825EC81F5D: changes role from CANDIDATE to FOLLOWER at term 6 for DISCOVERED_A_NEW_TERM
2019-09-25 05:31:52,554 [616f9f8f-9479-40f4-8c03-f125dcbf9c7f@group-60724A24602F:LeaderElection176] INFO  impl.RoleInfo (RoleInfo.java:shutdownLeaderElection(134)) - 616f9f8f-9479-40f4-8c03-f125dcbf9c7f: shutdown LeaderElection
2019-09-25 05:31:52,554 [a58d7528-614e-4c39-a3a3-38beaa9905aa@group-0EC8D23D101B:LeaderElection177] INFO  impl.RaftServerImpl (RaftServerImpl.java:setRole(174)) - a58d7528-614e-4c39-a3a3-38beaa9905aa@group-0EC8D23D101B: changes role from CANDIDATE to FOLLOWER at term 10 for DISCOVERED_A_NEW_TERM
2019-09-25 05:31:52,553 [e997a993-6131-47bf-96c8-764e04cb5c0e@group-60724A24602F:LeaderElection171] INFO  impl.RoleInfo (RoleInfo.java:shutdownLeaderElection(134)) - e997a993-6131-47bf-96c8-764e04cb5c0e: shutdown LeaderElection
2019-09-25 05:31:52,553 [a58d7528-614e-4c39-a3a3-38beaa9905aa@group-AEFF648B0F59:LeaderElection172] INFO  impl.LeaderElection (LogUtils.java:infoOrTrace(149)) -   Exception 0: {}
java.util.concurrent.ExecutionException: org.apache.ratis.thirdparty.io.grpc.StatusRuntimeException: UNAVAILABLE: io exception
	at java.util.concurrent.FutureTask.report(FutureTask.java:122)
	at java.util.concurrent.FutureTask.get(FutureTask.java:192)
	at org.apache.ratis.server.impl.LeaderElection.waitForResults(LeaderElection.java:263)
	at org.apache.ratis.server.impl.LeaderElection.askForVotes(LeaderElection.java:201)
	at org.apache.ratis.server.impl.LeaderElection.run(LeaderElection.java:133)
	at java.lang.Thread.run(Thread.java:748)
Caused by: org.apache.ratis.thirdparty.io.grpc.StatusRuntimeException: UNAVAILABLE: io exception
	at org.apache.ratis.thirdparty.io.grpc.stub.ClientCalls.toStatusRuntimeException(ClientCalls.java:233)
	at org.apache.ratis.thirdparty.io.grpc.stub.ClientCalls.getUnchecked(ClientCalls.java:214)
	at org.apache.ratis.thirdparty.io.grpc.stub.ClientCalls.blockingUnaryCall(ClientCalls.java:139)
	at org.apache.ratis.proto.grpc.RaftServerProtocolServiceGrpc$RaftServerProtocolServiceBlockingStub.requestVote(RaftServerProtocolServiceGrpc.java:265)
	at org.apache.ratis.grpc.server.GrpcServerProtocolClient.requestVote(GrpcServerProtocolClient.java:90)
	at org.apache.ratis.grpc.server.GrpcService.requestVote(GrpcService.java:204)
	at org.apache.ratis.server.impl.LeaderElection.lambda$submitRequests$1(LeaderElection.java:238)
	at java.util.concurrent.FutureTask.run(FutureTask.java:266)
	at java.util.concurrent.Executors$RunnableAdapter.call(Executors.java:511)
	at java.util.concurrent.FutureTask.run(FutureTask.java:266)
	at java.util.concurrent.ThreadPoolExecutor.runWorker(ThreadPoolExecutor.java:1149)
	at java.util.concurrent.ThreadPoolExecutor$Worker.run(ThreadPoolExecutor.java:624)
	... 1 more
Caused by: org.apache.ratis.thirdparty.io.netty.channel.AbstractChannel$AnnotatedConnectException: Connection refused: /192.168.36.126:37960
	at sun.nio.ch.SocketChannelImpl.checkConnect(Native Method)
	at sun.nio.ch.SocketChannelImpl.finishConnect(SocketChannelImpl.java:717)
	at org.apache.ratis.thirdparty.io.netty.channel.socket.nio.NioSocketChannel.doFinishConnect(NioSocketChannel.java:327)
	at org.apache.ratis.thirdparty.io.netty.channel.nio.AbstractNioChannel$AbstractNioUnsafe.finishConnect(AbstractNioChannel.java:340)
	at org.apache.ratis.thirdparty.io.netty.channel.nio.NioEventLoop.processSelectedKey(NioEventLoop.java:632)
	at org.apache.ratis.thirdparty.io.netty.channel.nio.NioEventLoop.processSelectedKeysOptimized(NioEventLoop.java:579)
	at org.apache.ratis.thirdparty.io.netty.channel.nio.NioEventLoop.processSelectedKeys(NioEventLoop.java:496)
	at org.apache.ratis.thirdparty.io.netty.channel.nio.NioEventLoop.run(NioEventLoop.java:458)
	at org.apache.ratis.thirdparty.io.netty.util.concurrent.SingleThreadEventExecutor$5.run(SingleThreadEventExecutor.java:897)
	at org.apache.ratis.thirdparty.io.netty.util.concurrent.FastThreadLocalRunnable.run(FastThreadLocalRunnable.java:30)
	... 1 more
Caused by: java.net.ConnectException: Connection refused
	... 11 more
2019-09-25 05:31:52,559 [e997a993-6131-47bf-96c8-764e04cb5c0e@group-60724A24602F:LeaderElection171] INFO  impl.RoleInfo (RoleInfo.java:updateAndGet(143)) - e997a993-6131-47bf-96c8-764e04cb5c0e: start FollowerState
2019-09-25 05:31:52,558 [a58d7528-614e-4c39-a3a3-38beaa9905aa@group-0EC8D23D101B:LeaderElection177] INFO  impl.RoleInfo (RoleInfo.java:shutdownLeaderElection(134)) - a58d7528-614e-4c39-a3a3-38beaa9905aa: shutdown LeaderElection
2019-09-25 05:31:52,558 [616f9f8f-9479-40f4-8c03-f125dcbf9c7f@group-60724A24602F:LeaderElection176] INFO  impl.RoleInfo (RoleInfo.java:updateAndGet(143)) - 616f9f8f-9479-40f4-8c03-f125dcbf9c7f: start FollowerState
2019-09-25 05:31:52,558 [a58d7528-614e-4c39-a3a3-38beaa9905aa@group-43825EC81F5D:LeaderElection170] INFO  impl.RoleInfo (RoleInfo.java:shutdownLeaderElection(134)) - a58d7528-614e-4c39-a3a3-38beaa9905aa: shutdown LeaderElection
2019-09-25 05:31:52,558 [5c3318fc-c419-4298-b427-bf5a9ca27bf0@group-21C2C432FD88:LeaderElection173] INFO  impl.RaftServerImpl (RaftServerImpl.java:setRole(174)) - 5c3318fc-c419-4298-b427-bf5a9ca27bf0@group-21C2C432FD88: changes role from CANDIDATE to FOLLOWER at term 13 for DISCOVERED_A_NEW_TERM
2019-09-25 05:31:52,560 [5c3318fc-c419-4298-b427-bf5a9ca27bf0@group-21C2C432FD88:LeaderElection173] INFO  impl.RoleInfo (RoleInfo.java:shutdownLeaderElection(134)) - 5c3318fc-c419-4298-b427-bf5a9ca27bf0: shutdown LeaderElection
2019-09-25 05:31:52,557 [5c3318fc-c419-4298-b427-bf5a9ca27bf0@group-059250D1A272:LeaderElection169] INFO  impl.RoleInfo (RoleInfo.java:updateAndGet(143)) - 5c3318fc-c419-4298-b427-bf5a9ca27bf0: start FollowerState
2019-09-25 05:31:52,557 [f9c12371-c091-4b4a-8db2-6f0db97bbab3@group-AEFF648B0F59:LeaderElection175] INFO  impl.RoleInfo (RoleInfo.java:updateAndGet(143)) - f9c12371-c091-4b4a-8db2-6f0db97bbab3: start FollowerState
2019-09-25 05:31:52,557 [f9c12371-c091-4b4a-8db2-6f0db97bbab3@group-43825EC81F5D:LeaderElection174] INFO  impl.RoleInfo (RoleInfo.java:updateAndGet(143)) - f9c12371-c091-4b4a-8db2-6f0db97bbab3: start FollowerState
2019-09-25 05:31:52,557 [f9c12371-c091-4b4a-8db2-6f0db97bbab3@group-0EC8D23D101B:LeaderElection168] INFO  impl.LeaderElection (LogUtils.java:infoOrTrace(149)) -   Exception 0: {}
java.util.concurrent.ExecutionException: org.apache.ratis.thirdparty.io.grpc.StatusRuntimeException: UNAVAILABLE: io exception
	at java.util.concurrent.FutureTask.report(FutureTask.java:122)
	at java.util.concurrent.FutureTask.get(FutureTask.java:192)
	at org.apache.ratis.server.impl.LeaderElection.waitForResults(LeaderElection.java:263)
	at org.apache.ratis.server.impl.LeaderElection.askForVotes(LeaderElection.java:201)
	at org.apache.ratis.server.impl.LeaderElection.run(LeaderElection.java:133)
	at java.lang.Thread.run(Thread.java:748)
Caused by: org.apache.ratis.thirdparty.io.grpc.StatusRuntimeException: UNAVAILABLE: io exception
	at org.apache.ratis.thirdparty.io.grpc.stub.ClientCalls.toStatusRuntimeException(ClientCalls.java:233)
	at org.apache.ratis.thirdparty.io.grpc.stub.ClientCalls.getUnchecked(ClientCalls.java:214)
	at org.apache.ratis.thirdparty.io.grpc.stub.ClientCalls.blockingUnaryCall(ClientCalls.java:139)
	at org.apache.ratis.proto.grpc.RaftServerProtocolServiceGrpc$RaftServerProtocolServiceBlockingStub.requestVote(RaftServerProtocolServiceGrpc.java:265)
	at org.apache.ratis.grpc.server.GrpcServerProtocolClient.requestVote(GrpcServerProtocolClient.java:90)
	at org.apache.ratis.grpc.server.GrpcService.requestVote(GrpcService.java:204)
	at org.apache.ratis.server.impl.LeaderElection.lambda$submitRequests$1(LeaderElection.java:238)
	at java.util.concurrent.FutureTask.run(FutureTask.java:266)
	at java.util.concurrent.Executors$RunnableAdapter.call(Executors.java:511)
	at java.util.concurrent.FutureTask.run(FutureTask.java:266)
	at java.util.concurrent.ThreadPoolExecutor.runWorker(ThreadPoolExecutor.java:1149)
	at java.util.concurrent.ThreadPoolExecutor$Worker.run(ThreadPoolExecutor.java:624)
	... 1 more
Caused by: org.apache.ratis.thirdparty.io.netty.channel.AbstractChannel$AnnotatedConnectException: Connection refused: /192.168.36.126:37960
	at sun.nio.ch.SocketChannelImpl.checkConnect(Native Method)
	at sun.nio.ch.SocketChannelImpl.finishConnect(SocketChannelImpl.java:717)
	at org.apache.ratis.thirdparty.io.netty.channel.socket.nio.NioSocketChannel.doFinishConnect(NioSocketChannel.java:327)
	at org.apache.ratis.thirdparty.io.netty.channel.nio.AbstractNioChannel$AbstractNioUnsafe.finishConnect(AbstractNioChannel.java:340)
	at org.apache.ratis.thirdparty.io.netty.channel.nio.NioEventLoop.processSelectedKey(NioEventLoop.java:632)
	at org.apache.ratis.thirdparty.io.netty.channel.nio.NioEventLoop.processSelectedKeysOptimized(NioEventLoop.java:579)
	at org.apache.ratis.thirdparty.io.netty.channel.nio.NioEventLoop.processSelectedKeys(NioEventLoop.java:496)
	at org.apache.ratis.thirdparty.io.netty.channel.nio.NioEventLoop.run(NioEventLoop.java:458)
	at org.apache.ratis.thirdparty.io.netty.util.concurrent.SingleThreadEventExecutor$5.run(SingleThreadEventExecutor.java:897)
	at org.apache.ratis.thirdparty.io.netty.util.concurrent.FastThreadLocalRunnable.run(FastThreadLocalRunnable.java:30)
	... 1 more
Caused by: java.net.ConnectException: Connection refused
	... 11 more
2019-09-25 05:31:52,560 [5c3318fc-c419-4298-b427-bf5a9ca27bf0@group-21C2C432FD88:LeaderElection173] INFO  impl.RoleInfo (RoleInfo.java:updateAndGet(143)) - 5c3318fc-c419-4298-b427-bf5a9ca27bf0: start FollowerState
2019-09-25 05:31:52,560 [a58d7528-614e-4c39-a3a3-38beaa9905aa@group-43825EC81F5D:LeaderElection170] INFO  impl.RoleInfo (RoleInfo.java:updateAndGet(143)) - a58d7528-614e-4c39-a3a3-38beaa9905aa: start FollowerState
2019-09-25 05:31:52,560 [a58d7528-614e-4c39-a3a3-38beaa9905aa@group-0EC8D23D101B:LeaderElection177] INFO  impl.RoleInfo (RoleInfo.java:updateAndGet(143)) - a58d7528-614e-4c39-a3a3-38beaa9905aa: start FollowerState
2019-09-25 05:31:52,559 [a58d7528-614e-4c39-a3a3-38beaa9905aa@group-AEFF648B0F59:LeaderElection172] INFO  impl.RaftServerImpl (RaftServerImpl.java:setRole(174)) - a58d7528-614e-4c39-a3a3-38beaa9905aa@group-AEFF648B0F59: changes role from CANDIDATE to FOLLOWER at term 10 for DISCOVERED_A_NEW_TERM
2019-09-25 05:31:52,562 [f9c12371-c091-4b4a-8db2-6f0db97bbab3@group-0EC8D23D101B:LeaderElection168] INFO  impl.RaftServerImpl (RaftServerImpl.java:setRole(174)) - f9c12371-c091-4b4a-8db2-6f0db97bbab3@group-0EC8D23D101B: changes role from CANDIDATE to FOLLOWER at term 10 for DISCOVERED_A_NEW_TERM
2019-09-25 05:31:52,562 [a58d7528-614e-4c39-a3a3-38beaa9905aa@group-AEFF648B0F59:LeaderElection172] INFO  impl.RoleInfo (RoleInfo.java:shutdownLeaderElection(134)) - a58d7528-614e-4c39-a3a3-38beaa9905aa: shutdown LeaderElection
2019-09-25 05:31:52,563 [f9c12371-c091-4b4a-8db2-6f0db97bbab3@group-0EC8D23D101B:LeaderElection168] INFO  impl.RoleInfo (RoleInfo.java:shutdownLeaderElection(134)) - f9c12371-c091-4b4a-8db2-6f0db97bbab3: shutdown LeaderElection
2019-09-25 05:31:52,563 [a58d7528-614e-4c39-a3a3-38beaa9905aa@group-AEFF648B0F59:LeaderElection172] INFO  impl.RoleInfo (RoleInfo.java:updateAndGet(143)) - a58d7528-614e-4c39-a3a3-38beaa9905aa: start FollowerState
2019-09-25 05:31:52,563 [f9c12371-c091-4b4a-8db2-6f0db97bbab3@group-0EC8D23D101B:LeaderElection168] INFO  impl.RoleInfo (RoleInfo.java:updateAndGet(143)) - f9c12371-c091-4b4a-8db2-6f0db97bbab3: start FollowerState
2019-09-25 05:31:53,625 [Thread-1088] INFO  impl.FollowerState (FollowerState.java:run(106)) - a58d7528-614e-4c39-a3a3-38beaa9905aa:group-43825EC81F5D changes to CANDIDATE, lastRpcTime:1064, electionTimeout:1062ms
2019-09-25 05:31:53,625 [Thread-1088] INFO  impl.RoleInfo (RoleInfo.java:shutdownFollowerState(121)) - a58d7528-614e-4c39-a3a3-38beaa9905aa: shutdown FollowerState
2019-09-25 05:31:53,625 [Thread-1088] INFO  impl.RaftServerImpl (RaftServerImpl.java:setRole(174)) - a58d7528-614e-4c39-a3a3-38beaa9905aa@group-43825EC81F5D: changes role from  FOLLOWER to CANDIDATE at term 6 for changeToCandidate
2019-09-25 05:31:53,625 [Thread-1088] INFO  impl.RoleInfo (RoleInfo.java:updateAndGet(143)) - a58d7528-614e-4c39-a3a3-38beaa9905aa: start LeaderElection
2019-09-25 05:31:53,634 [Thread-1085] INFO  impl.FollowerState (FollowerState.java:run(106)) - 616f9f8f-9479-40f4-8c03-f125dcbf9c7f:group-60724A24602F changes to CANDIDATE, lastRpcTime:1076, electionTimeout:1074ms
2019-09-25 05:31:53,635 [Thread-1085] INFO  impl.RoleInfo (RoleInfo.java:shutdownFollowerState(121)) - 616f9f8f-9479-40f4-8c03-f125dcbf9c7f: shutdown FollowerState
2019-09-25 05:31:53,635 [Thread-1085] INFO  impl.RaftServerImpl (RaftServerImpl.java:setRole(174)) - 616f9f8f-9479-40f4-8c03-f125dcbf9c7f@group-60724A24602F: changes role from  FOLLOWER to CANDIDATE at term 12 for changeToCandidate
2019-09-25 05:31:53,635 [Thread-1085] INFO  impl.RoleInfo (RoleInfo.java:updateAndGet(143)) - 616f9f8f-9479-40f4-8c03-f125dcbf9c7f: start LeaderElection
2019-09-25 05:31:53,670 [Thread-1089] INFO  impl.FollowerState (FollowerState.java:run(106)) - 5c3318fc-c419-4298-b427-bf5a9ca27bf0:group-21C2C432FD88 changes to CANDIDATE, lastRpcTime:1109, electionTimeout:1107ms
2019-09-25 05:31:53,670 [Thread-1089] INFO  impl.RoleInfo (RoleInfo.java:shutdownFollowerState(121)) - 5c3318fc-c419-4298-b427-bf5a9ca27bf0: shutdown FollowerState
2019-09-25 05:31:53,670 [Thread-1089] INFO  impl.RaftServerImpl (RaftServerImpl.java:setRole(174)) - 5c3318fc-c419-4298-b427-bf5a9ca27bf0@group-21C2C432FD88: changes role from  FOLLOWER to CANDIDATE at term 13 for changeToCandidate
2019-09-25 05:31:53,670 [Thread-1089] INFO  impl.RoleInfo (RoleInfo.java:updateAndGet(143)) - 5c3318fc-c419-4298-b427-bf5a9ca27bf0: start LeaderElection
2019-09-25 05:31:53,670 [Thread-1082] INFO  impl.FollowerState (FollowerState.java:run(106)) - f9c12371-c091-4b4a-8db2-6f0db97bbab3:group-43825EC81F5D changes to CANDIDATE, lastRpcTime:1113, electionTimeout:1109ms
2019-09-25 05:31:53,671 [Thread-1082] INFO  impl.RoleInfo (RoleInfo.java:shutdownFollowerState(121)) - f9c12371-c091-4b4a-8db2-6f0db97bbab3: shutdown FollowerState
2019-09-25 05:31:53,671 [Thread-1082] INFO  impl.RaftServerImpl (RaftServerImpl.java:setRole(174)) - f9c12371-c091-4b4a-8db2-6f0db97bbab3@group-43825EC81F5D: changes role from  FOLLOWER to CANDIDATE at term 6 for changeToCandidate
2019-09-25 05:31:53,671 [Thread-1082] INFO  impl.RoleInfo (RoleInfo.java:updateAndGet(143)) - f9c12371-c091-4b4a-8db2-6f0db97bbab3: start LeaderElection
2019-09-25 05:31:53,678 [Thread-1086] INFO  impl.FollowerState (FollowerState.java:run(106)) - e997a993-6131-47bf-96c8-764e04cb5c0e:group-60724A24602F changes to CANDIDATE, lastRpcTime:1119, electionTimeout:1118ms
2019-09-25 05:31:53,678 [Thread-1086] INFO  impl.RoleInfo (RoleInfo.java:shutdownFollowerState(121)) - e997a993-6131-47bf-96c8-764e04cb5c0e: shutdown FollowerState
2019-09-25 05:31:53,679 [Thread-1086] INFO  impl.RaftServerImpl (RaftServerImpl.java:setRole(174)) - e997a993-6131-47bf-96c8-764e04cb5c0e@group-60724A24602F: changes role from  FOLLOWER to CANDIDATE at term 12 for changeToCandidate
2019-09-25 05:31:53,679 [Thread-1086] INFO  impl.RoleInfo (RoleInfo.java:updateAndGet(143)) - e997a993-6131-47bf-96c8-764e04cb5c0e: start LeaderElection
2019-09-25 05:31:53,698 [Thread-1090] INFO  impl.FollowerState (FollowerState.java:run(106)) - a58d7528-614e-4c39-a3a3-38beaa9905aa:group-AEFF648B0F59 changes to CANDIDATE, lastRpcTime:1135, electionTimeout:1135ms
2019-09-25 05:31:53,699 [Thread-1090] INFO  impl.RoleInfo (RoleInfo.java:shutdownFollowerState(121)) - a58d7528-614e-4c39-a3a3-38beaa9905aa: shutdown FollowerState
2019-09-25 05:31:53,699 [Thread-1090] INFO  impl.RaftServerImpl (RaftServerImpl.java:setRole(174)) - a58d7528-614e-4c39-a3a3-38beaa9905aa@group-AEFF648B0F59: changes role from  FOLLOWER to CANDIDATE at term 10 for changeToCandidate
2019-09-25 05:31:53,699 [Thread-1090] INFO  impl.RoleInfo (RoleInfo.java:updateAndGet(143)) - a58d7528-614e-4c39-a3a3-38beaa9905aa: start LeaderElection
2019-09-25 05:31:53,716 [Thread-1091] INFO  impl.FollowerState (FollowerState.java:run(106)) - f9c12371-c091-4b4a-8db2-6f0db97bbab3:group-0EC8D23D101B changes to CANDIDATE, lastRpcTime:1152, electionTimeout:1152ms
2019-09-25 05:31:53,716 [Thread-1091] INFO  impl.RoleInfo (RoleInfo.java:shutdownFollowerState(121)) - f9c12371-c091-4b4a-8db2-6f0db97bbab3: shutdown FollowerState
2019-09-25 05:31:53,716 [Thread-1091] INFO  impl.RaftServerImpl (RaftServerImpl.java:setRole(174)) - f9c12371-c091-4b4a-8db2-6f0db97bbab3@group-0EC8D23D101B: changes role from  FOLLOWER to CANDIDATE at term 10 for changeToCandidate
2019-09-25 05:31:53,716 [Thread-1091] INFO  impl.RoleInfo (RoleInfo.java:updateAndGet(143)) - f9c12371-c091-4b4a-8db2-6f0db97bbab3: start LeaderElection
2019-09-25 05:31:53,746 [Thread-1084] INFO  impl.FollowerState (FollowerState.java:run(106)) - 5c3318fc-c419-4298-b427-bf5a9ca27bf0:group-059250D1A272 changes to CANDIDATE, lastRpcTime:1188, electionTimeout:1185ms
2019-09-25 05:31:53,746 [Thread-1084] INFO  impl.RoleInfo (RoleInfo.java:shutdownFollowerState(121)) - 5c3318fc-c419-4298-b427-bf5a9ca27bf0: shutdown FollowerState
2019-09-25 05:31:53,746 [Thread-1084] INFO  impl.RaftServerImpl (RaftServerImpl.java:setRole(174)) - 5c3318fc-c419-4298-b427-bf5a9ca27bf0@group-059250D1A272: changes role from  FOLLOWER to CANDIDATE at term 12 for changeToCandidate
2019-09-25 05:31:53,747 [Thread-1084] INFO  impl.RoleInfo (RoleInfo.java:updateAndGet(143)) - 5c3318fc-c419-4298-b427-bf5a9ca27bf0: start LeaderElection
2019-09-25 05:31:53,747 [Thread-1083] INFO  impl.FollowerState (FollowerState.java:run(106)) - f9c12371-c091-4b4a-8db2-6f0db97bbab3:group-AEFF648B0F59 changes to CANDIDATE, lastRpcTime:1190, electionTimeout:1186ms
2019-09-25 05:31:53,748 [Thread-1083] INFO  impl.RoleInfo (RoleInfo.java:shutdownFollowerState(121)) - f9c12371-c091-4b4a-8db2-6f0db97bbab3: shutdown FollowerState
2019-09-25 05:31:53,748 [Thread-1083] INFO  impl.RaftServerImpl (RaftServerImpl.java:setRole(174)) - f9c12371-c091-4b4a-8db2-6f0db97bbab3@group-AEFF648B0F59: changes role from  FOLLOWER to CANDIDATE at term 10 for changeToCandidate
2019-09-25 05:31:53,748 [Thread-1083] INFO  impl.RoleInfo (RoleInfo.java:updateAndGet(143)) - f9c12371-c091-4b4a-8db2-6f0db97bbab3: start LeaderElection
2019-09-25 05:31:53,751 [Thread-1087] INFO  impl.FollowerState (FollowerState.java:run(106)) - a58d7528-614e-4c39-a3a3-38beaa9905aa:group-0EC8D23D101B changes to CANDIDATE, lastRpcTime:1191, electionTimeout:1188ms
2019-09-25 05:31:53,751 [Thread-1087] INFO  impl.RoleInfo (RoleInfo.java:shutdownFollowerState(121)) - a58d7528-614e-4c39-a3a3-38beaa9905aa: shutdown FollowerState
2019-09-25 05:31:53,751 [Thread-1087] INFO  impl.RaftServerImpl (RaftServerImpl.java:setRole(174)) - a58d7528-614e-4c39-a3a3-38beaa9905aa@group-0EC8D23D101B: changes role from  FOLLOWER to CANDIDATE at term 10 for changeToCandidate
2019-09-25 05:31:53,752 [Thread-1087] INFO  impl.RoleInfo (RoleInfo.java:updateAndGet(143)) - a58d7528-614e-4c39-a3a3-38beaa9905aa: start LeaderElection
2019-09-25 05:31:54,045 [616f9f8f-9479-40f4-8c03-f125dcbf9c7f@group-60724A24602F:LeaderElection179] INFO  impl.LeaderElection (LeaderElection.java:askForVotes(182)) - 616f9f8f-9479-40f4-8c03-f125dcbf9c7f@group-60724A24602F:LeaderElection179: begin an election at term 13 for -1: [616f9f8f-9479-40f4-8c03-f125dcbf9c7f:192.168.36.126:39694, e997a993-6131-47bf-96c8-764e04cb5c0e:192.168.36.126:37678, fd2f3f79-5d7b-4d37-bb24-b15dfe7f18d7:192.168.36.126:42280], old=null
2019-09-25 05:31:54,046 [f9c12371-c091-4b4a-8db2-6f0db97bbab3@group-0EC8D23D101B:LeaderElection184] INFO  impl.LeaderElection (LeaderElection.java:askForVotes(182)) - f9c12371-c091-4b4a-8db2-6f0db97bbab3@group-0EC8D23D101B:LeaderElection184: begin an election at term 11 for -1: [a58d7528-614e-4c39-a3a3-38beaa9905aa:192.168.36.126:37942, f9c12371-c091-4b4a-8db2-6f0db97bbab3:192.168.36.126:46560, ce8ac917-2646-4112-adf7-d577593fabcb:192.168.36.126:37960], old=null
2019-09-25 05:31:54,046 [5c3318fc-c419-4298-b427-bf5a9ca27bf0@group-059250D1A272:LeaderElection185] INFO  impl.LeaderElection (LeaderElection.java:askForVotes(182)) - 5c3318fc-c419-4298-b427-bf5a9ca27bf0@group-059250D1A272:LeaderElection185: begin an election at term 13 for -1: [5c3318fc-c419-4298-b427-bf5a9ca27bf0:192.168.36.126:46795, 61946a22-29ed-4e77-8449-fae4cd9869e9:192.168.36.126:36814, 0d4a37ed-4cec-423a-a360-e4a879eb6bc0:192.168.36.126:37817], old=null
2019-09-25 05:31:54,046 [f9c12371-c091-4b4a-8db2-6f0db97bbab3@group-43825EC81F5D:LeaderElection181] INFO  impl.LeaderElection (LeaderElection.java:askForVotes(182)) - f9c12371-c091-4b4a-8db2-6f0db97bbab3@group-43825EC81F5D:LeaderElection181: begin an election at term 7 for -1: [a58d7528-614e-4c39-a3a3-38beaa9905aa:192.168.36.126:37942, f9c12371-c091-4b4a-8db2-6f0db97bbab3:192.168.36.126:46560, ce8ac917-2646-4112-adf7-d577593fabcb:192.168.36.126:37960], old=null
2019-09-25 05:31:54,046 [e997a993-6131-47bf-96c8-764e04cb5c0e@group-60724A24602F:LeaderElection182] INFO  impl.LeaderElection (LeaderElection.java:askForVotes(182)) - e997a993-6131-47bf-96c8-764e04cb5c0e@group-60724A24602F:LeaderElection182: begin an election at term 13 for -1: [616f9f8f-9479-40f4-8c03-f125dcbf9c7f:192.168.36.126:39694, e997a993-6131-47bf-96c8-764e04cb5c0e:192.168.36.126:37678, fd2f3f79-5d7b-4d37-bb24-b15dfe7f18d7:192.168.36.126:42280], old=null
2019-09-25 05:31:54,046 [a58d7528-614e-4c39-a3a3-38beaa9905aa@group-43825EC81F5D:LeaderElection178] INFO  impl.LeaderElection (LeaderElection.java:askForVotes(182)) - a58d7528-614e-4c39-a3a3-38beaa9905aa@group-43825EC81F5D:LeaderElection178: begin an election at term 7 for -1: [a58d7528-614e-4c39-a3a3-38beaa9905aa:192.168.36.126:37942, f9c12371-c091-4b4a-8db2-6f0db97bbab3:192.168.36.126:46560, ce8ac917-2646-4112-adf7-d577593fabcb:192.168.36.126:37960], old=null
2019-09-25 05:31:54,046 [a58d7528-614e-4c39-a3a3-38beaa9905aa@group-AEFF648B0F59:LeaderElection183] INFO  impl.LeaderElection (LeaderElection.java:askForVotes(182)) - a58d7528-614e-4c39-a3a3-38beaa9905aa@group-AEFF648B0F59:LeaderElection183: begin an election at term 11 for -1: [a58d7528-614e-4c39-a3a3-38beaa9905aa:192.168.36.126:37942, f9c12371-c091-4b4a-8db2-6f0db97bbab3:192.168.36.126:46560, ce8ac917-2646-4112-adf7-d577593fabcb:192.168.36.126:37960], old=null
2019-09-25 05:31:54,046 [5c3318fc-c419-4298-b427-bf5a9ca27bf0@group-21C2C432FD88:LeaderElection180] INFO  impl.LeaderElection (LeaderElection.java:askForVotes(182)) - 5c3318fc-c419-4298-b427-bf5a9ca27bf0@group-21C2C432FD88:LeaderElection180: begin an election at term 14 for -1: [5c3318fc-c419-4298-b427-bf5a9ca27bf0:192.168.36.126:46795, 61946a22-29ed-4e77-8449-fae4cd9869e9:192.168.36.126:36814, 0d4a37ed-4cec-423a-a360-e4a879eb6bc0:192.168.36.126:37817], old=null
2019-09-25 05:31:54,046 [f9c12371-c091-4b4a-8db2-6f0db97bbab3@group-AEFF648B0F59:LeaderElection186] INFO  impl.LeaderElection (LeaderElection.java:askForVotes(182)) - f9c12371-c091-4b4a-8db2-6f0db97bbab3@group-AEFF648B0F59:LeaderElection186: begin an election at term 11 for -1: [a58d7528-614e-4c39-a3a3-38beaa9905aa:192.168.36.126:37942, f9c12371-c091-4b4a-8db2-6f0db97bbab3:192.168.36.126:46560, ce8ac917-2646-4112-adf7-d577593fabcb:192.168.36.126:37960], old=null
2019-09-25 05:31:54,046 [a58d7528-614e-4c39-a3a3-38beaa9905aa@group-0EC8D23D101B:LeaderElection187] INFO  impl.LeaderElection (LeaderElection.java:askForVotes(182)) - a58d7528-614e-4c39-a3a3-38beaa9905aa@group-0EC8D23D101B:LeaderElection187: begin an election at term 11 for -1: [a58d7528-614e-4c39-a3a3-38beaa9905aa:192.168.36.126:37942, f9c12371-c091-4b4a-8db2-6f0db97bbab3:192.168.36.126:46560, ce8ac917-2646-4112-adf7-d577593fabcb:192.168.36.126:37960], old=null
2019-09-25 05:31:54,048 [5c3318fc-c419-4298-b427-bf5a9ca27bf0@group-059250D1A272:LeaderElection185] INFO  impl.LeaderElection (LogUtils.java:infoOrTrace(149)) - 5c3318fc-c419-4298-b427-bf5a9ca27bf0@group-059250D1A272:LeaderElection185 got exception when requesting votes: {}
java.util.concurrent.ExecutionException: org.apache.ratis.thirdparty.io.grpc.StatusRuntimeException: UNAVAILABLE: io exception
	at java.util.concurrent.FutureTask.report(FutureTask.java:122)
	at java.util.concurrent.FutureTask.get(FutureTask.java:192)
	at org.apache.ratis.server.impl.LeaderElection.waitForResults(LeaderElection.java:263)
	at org.apache.ratis.server.impl.LeaderElection.askForVotes(LeaderElection.java:201)
	at org.apache.ratis.server.impl.LeaderElection.run(LeaderElection.java:133)
	at java.lang.Thread.run(Thread.java:748)
Caused by: org.apache.ratis.thirdparty.io.grpc.StatusRuntimeException: UNAVAILABLE: io exception
	at org.apache.ratis.thirdparty.io.grpc.stub.ClientCalls.toStatusRuntimeException(ClientCalls.java:233)
	at org.apache.ratis.thirdparty.io.grpc.stub.ClientCalls.getUnchecked(ClientCalls.java:214)
	at org.apache.ratis.thirdparty.io.grpc.stub.ClientCalls.blockingUnaryCall(ClientCalls.java:139)
	at org.apache.ratis.proto.grpc.RaftServerProtocolServiceGrpc$RaftServerProtocolServiceBlockingStub.requestVote(RaftServerProtocolServiceGrpc.java:265)
	at org.apache.ratis.grpc.server.GrpcServerProtocolClient.requestVote(GrpcServerProtocolClient.java:90)
	at org.apache.ratis.grpc.server.GrpcService.requestVote(GrpcService.java:204)
	at org.apache.ratis.server.impl.LeaderElection.lambda$submitRequests$1(LeaderElection.java:238)
	at java.util.concurrent.FutureTask.run(FutureTask.java:266)
	at java.util.concurrent.Executors$RunnableAdapter.call(Executors.java:511)
	at java.util.concurrent.FutureTask.run(FutureTask.java:266)
	at java.util.concurrent.ThreadPoolExecutor.runWorker(ThreadPoolExecutor.java:1149)
	at java.util.concurrent.ThreadPoolExecutor$Worker.run(ThreadPoolExecutor.java:624)
	... 1 more
Caused by: org.apache.ratis.thirdparty.io.netty.channel.AbstractChannel$AnnotatedConnectException: Connection refused: /192.168.36.126:36814
	at sun.nio.ch.SocketChannelImpl.checkConnect(Native Method)
	at sun.nio.ch.SocketChannelImpl.finishConnect(SocketChannelImpl.java:717)
	at org.apache.ratis.thirdparty.io.netty.channel.socket.nio.NioSocketChannel.doFinishConnect(NioSocketChannel.java:327)
	at org.apache.ratis.thirdparty.io.netty.channel.nio.AbstractNioChannel$AbstractNioUnsafe.finishConnect(AbstractNioChannel.java:340)
	at org.apache.ratis.thirdparty.io.netty.channel.nio.NioEventLoop.processSelectedKey(NioEventLoop.java:632)
	at org.apache.ratis.thirdparty.io.netty.channel.nio.NioEventLoop.processSelectedKeysOptimized(NioEventLoop.java:579)
	at org.apache.ratis.thirdparty.io.netty.channel.nio.NioEventLoop.processSelectedKeys(NioEventLoop.java:496)
	at org.apache.ratis.thirdparty.io.netty.channel.nio.NioEventLoop.run(NioEventLoop.java:458)
	at org.apache.ratis.thirdparty.io.netty.util.concurrent.SingleThreadEventExecutor$5.run(SingleThreadEventExecutor.java:897)
	at org.apache.ratis.thirdparty.io.netty.util.concurrent.FastThreadLocalRunnable.run(FastThreadLocalRunnable.java:30)
	... 1 more
Caused by: java.net.ConnectException: Connection refused
	... 11 more
2019-09-25 05:31:54,050 [e997a993-6131-47bf-96c8-764e04cb5c0e@group-60724A24602F:LeaderElection182] INFO  impl.LeaderElection (LogUtils.java:infoOrTrace(149)) - e997a993-6131-47bf-96c8-764e04cb5c0e@group-60724A24602F:LeaderElection182 got exception when requesting votes: {}
java.util.concurrent.ExecutionException: org.apache.ratis.thirdparty.io.grpc.StatusRuntimeException: UNAVAILABLE: io exception
	at java.util.concurrent.FutureTask.report(FutureTask.java:122)
	at java.util.concurrent.FutureTask.get(FutureTask.java:192)
	at org.apache.ratis.server.impl.LeaderElection.waitForResults(LeaderElection.java:263)
	at org.apache.ratis.server.impl.LeaderElection.askForVotes(LeaderElection.java:201)
	at org.apache.ratis.server.impl.LeaderElection.run(LeaderElection.java:133)
	at java.lang.Thread.run(Thread.java:748)
Caused by: org.apache.ratis.thirdparty.io.grpc.StatusRuntimeException: UNAVAILABLE: io exception
	at org.apache.ratis.thirdparty.io.grpc.stub.ClientCalls.toStatusRuntimeException(ClientCalls.java:233)
	at org.apache.ratis.thirdparty.io.grpc.stub.ClientCalls.getUnchecked(ClientCalls.java:214)
	at org.apache.ratis.thirdparty.io.grpc.stub.ClientCalls.blockingUnaryCall(ClientCalls.java:139)
	at org.apache.ratis.proto.grpc.RaftServerProtocolServiceGrpc$RaftServerProtocolServiceBlockingStub.requestVote(RaftServerProtocolServiceGrpc.java:265)
	at org.apache.ratis.grpc.server.GrpcServerProtocolClient.requestVote(GrpcServerProtocolClient.java:90)
	at org.apache.ratis.grpc.server.GrpcService.requestVote(GrpcService.java:204)
	at org.apache.ratis.server.impl.LeaderElection.lambda$submitRequests$1(LeaderElection.java:238)
	at java.util.concurrent.FutureTask.run(FutureTask.java:266)
	at java.util.concurrent.Executors$RunnableAdapter.call(Executors.java:511)
	at java.util.concurrent.FutureTask.run(FutureTask.java:266)
	at java.util.concurrent.ThreadPoolExecutor.runWorker(ThreadPoolExecutor.java:1149)
	at java.util.concurrent.ThreadPoolExecutor$Worker.run(ThreadPoolExecutor.java:624)
	... 1 more
Caused by: org.apache.ratis.thirdparty.io.netty.channel.AbstractChannel$AnnotatedConnectException: Connection refused: /192.168.36.126:42280
	at sun.nio.ch.SocketChannelImpl.checkConnect(Native Method)
	at sun.nio.ch.SocketChannelImpl.finishConnect(SocketChannelImpl.java:717)
	at org.apache.ratis.thirdparty.io.netty.channel.socket.nio.NioSocketChannel.doFinishConnect(NioSocketChannel.java:327)
	at org.apache.ratis.thirdparty.io.netty.channel.nio.AbstractNioChannel$AbstractNioUnsafe.finishConnect(AbstractNioChannel.java:340)
	at org.apache.ratis.thirdparty.io.netty.channel.nio.NioEventLoop.processSelectedKey(NioEventLoop.java:632)
	at org.apache.ratis.thirdparty.io.netty.channel.nio.NioEventLoop.processSelectedKeysOptimized(NioEventLoop.java:579)
	at org.apache.ratis.thirdparty.io.netty.channel.nio.NioEventLoop.processSelectedKeys(NioEventLoop.java:496)
	at org.apache.ratis.thirdparty.io.netty.channel.nio.NioEventLoop.run(NioEventLoop.java:458)
	at org.apache.ratis.thirdparty.io.netty.util.concurrent.SingleThreadEventExecutor$5.run(SingleThreadEventExecutor.java:897)
	at org.apache.ratis.thirdparty.io.netty.util.concurrent.FastThreadLocalRunnable.run(FastThreadLocalRunnable.java:30)
	... 1 more
Caused by: java.net.ConnectException: Connection refused
	... 11 more
2019-09-25 05:31:54,049 [a58d7528-614e-4c39-a3a3-38beaa9905aa@group-43825EC81F5D:LeaderElection178] INFO  impl.LeaderElection (LogUtils.java:infoOrTrace(149)) - a58d7528-614e-4c39-a3a3-38beaa9905aa@group-43825EC81F5D:LeaderElection178 got exception when requesting votes: {}
java.util.concurrent.ExecutionException: org.apache.ratis.thirdparty.io.grpc.StatusRuntimeException: UNAVAILABLE: io exception
	at java.util.concurrent.FutureTask.report(FutureTask.java:122)
	at java.util.concurrent.FutureTask.get(FutureTask.java:192)
	at org.apache.ratis.server.impl.LeaderElection.waitForResults(LeaderElection.java:263)
	at org.apache.ratis.server.impl.LeaderElection.askForVotes(LeaderElection.java:201)
	at org.apache.ratis.server.impl.LeaderElection.run(LeaderElection.java:133)
	at java.lang.Thread.run(Thread.java:748)
Caused by: org.apache.ratis.thirdparty.io.grpc.StatusRuntimeException: UNAVAILABLE: io exception
	at org.apache.ratis.thirdparty.io.grpc.stub.ClientCalls.toStatusRuntimeException(ClientCalls.java:233)
	at org.apache.ratis.thirdparty.io.grpc.stub.ClientCalls.getUnchecked(ClientCalls.java:214)
	at org.apache.ratis.thirdparty.io.grpc.stub.ClientCalls.blockingUnaryCall(ClientCalls.java:139)
	at org.apache.ratis.proto.grpc.RaftServerProtocolServiceGrpc$RaftServerProtocolServiceBlockingStub.requestVote(RaftServerProtocolServiceGrpc.java:265)
	at org.apache.ratis.grpc.server.GrpcServerProtocolClient.requestVote(GrpcServerProtocolClient.java:90)
	at org.apache.ratis.grpc.server.GrpcService.requestVote(GrpcService.java:204)
	at org.apache.ratis.server.impl.LeaderElection.lambda$submitRequests$1(LeaderElection.java:238)
	at java.util.concurrent.FutureTask.run(FutureTask.java:266)
	at java.util.concurrent.Executors$RunnableAdapter.call(Executors.java:511)
	at java.util.concurrent.FutureTask.run(FutureTask.java:266)
	at java.util.concurrent.ThreadPoolExecutor.runWorker(ThreadPoolExecutor.java:1149)
	at java.util.concurrent.ThreadPoolExecutor$Worker.run(ThreadPoolExecutor.java:624)
	... 1 more
Caused by: org.apache.ratis.thirdparty.io.netty.channel.AbstractChannel$AnnotatedConnectException: Connection refused: /192.168.36.126:37960
	at sun.nio.ch.SocketChannelImpl.checkConnect(Native Method)
	at sun.nio.ch.SocketChannelImpl.finishConnect(SocketChannelImpl.java:717)
	at org.apache.ratis.thirdparty.io.netty.channel.socket.nio.NioSocketChannel.doFinishConnect(NioSocketChannel.java:327)
	at org.apache.ratis.thirdparty.io.netty.channel.nio.AbstractNioChannel$AbstractNioUnsafe.finishConnect(AbstractNioChannel.java:340)
	at org.apache.ratis.thirdparty.io.netty.channel.nio.NioEventLoop.processSelectedKey(NioEventLoop.java:632)
	at org.apache.ratis.thirdparty.io.netty.channel.nio.NioEventLoop.processSelectedKeysOptimized(NioEventLoop.java:579)
	at org.apache.ratis.thirdparty.io.netty.channel.nio.NioEventLoop.processSelectedKeys(NioEventLoop.java:496)
	at org.apache.ratis.thirdparty.io.netty.channel.nio.NioEventLoop.run(NioEventLoop.java:458)
	at org.apache.ratis.thirdparty.io.netty.util.concurrent.SingleThreadEventExecutor$5.run(SingleThreadEventExecutor.java:897)
	at org.apache.ratis.thirdparty.io.netty.util.concurrent.FastThreadLocalRunnable.run(FastThreadLocalRunnable.java:30)
	... 1 more
Caused by: java.net.ConnectException: Connection refused
	... 11 more
2019-09-25 05:31:54,049 [f9c12371-c091-4b4a-8db2-6f0db97bbab3@group-43825EC81F5D:LeaderElection181] INFO  impl.LeaderElection (LogUtils.java:infoOrTrace(149)) - f9c12371-c091-4b4a-8db2-6f0db97bbab3@group-43825EC81F5D:LeaderElection181 got exception when requesting votes: {}
java.util.concurrent.ExecutionException: org.apache.ratis.thirdparty.io.grpc.StatusRuntimeException: UNAVAILABLE: io exception
	at java.util.concurrent.FutureTask.report(FutureTask.java:122)
	at java.util.concurrent.FutureTask.get(FutureTask.java:192)
	at org.apache.ratis.server.impl.LeaderElection.waitForResults(LeaderElection.java:263)
	at org.apache.ratis.server.impl.LeaderElection.askForVotes(LeaderElection.java:201)
	at org.apache.ratis.server.impl.LeaderElection.run(LeaderElection.java:133)
	at java.lang.Thread.run(Thread.java:748)
Caused by: org.apache.ratis.thirdparty.io.grpc.StatusRuntimeException: UNAVAILABLE: io exception
	at org.apache.ratis.thirdparty.io.grpc.stub.ClientCalls.toStatusRuntimeException(ClientCalls.java:233)
	at org.apache.ratis.thirdparty.io.grpc.stub.ClientCalls.getUnchecked(ClientCalls.java:214)
	at org.apache.ratis.thirdparty.io.grpc.stub.ClientCalls.blockingUnaryCall(ClientCalls.java:139)
	at org.apache.ratis.proto.grpc.RaftServerProtocolServiceGrpc$RaftServerProtocolServiceBlockingStub.requestVote(RaftServerProtocolServiceGrpc.java:265)
	at org.apache.ratis.grpc.server.GrpcServerProtocolClient.requestVote(GrpcServerProtocolClient.java:90)
	at org.apache.ratis.grpc.server.GrpcService.requestVote(GrpcService.java:204)
	at org.apache.ratis.server.impl.LeaderElection.lambda$submitRequests$1(LeaderElection.java:238)
	at java.util.concurrent.FutureTask.run(FutureTask.java:266)
	at java.util.concurrent.Executors$RunnableAdapter.call(Executors.java:511)
	at java.util.concurrent.FutureTask.run(FutureTask.java:266)
	at java.util.concurrent.ThreadPoolExecutor.runWorker(ThreadPoolExecutor.java:1149)
	at java.util.concurrent.ThreadPoolExecutor$Worker.run(ThreadPoolExecutor.java:624)
	... 1 more
Caused by: org.apache.ratis.thirdparty.io.netty.channel.AbstractChannel$AnnotatedConnectException: Connection refused: /192.168.36.126:37960
	at sun.nio.ch.SocketChannelImpl.checkConnect(Native Method)
	at sun.nio.ch.SocketChannelImpl.finishConnect(SocketChannelImpl.java:717)
	at org.apache.ratis.thirdparty.io.netty.channel.socket.nio.NioSocketChannel.doFinishConnect(NioSocketChannel.java:327)
	at org.apache.ratis.thirdparty.io.netty.channel.nio.AbstractNioChannel$AbstractNioUnsafe.finishConnect(AbstractNioChannel.java:340)
	at org.apache.ratis.thirdparty.io.netty.channel.nio.NioEventLoop.processSelectedKey(NioEventLoop.java:632)
	at org.apache.ratis.thirdparty.io.netty.channel.nio.NioEventLoop.processSelectedKeysOptimized(NioEventLoop.java:579)
	at org.apache.ratis.thirdparty.io.netty.channel.nio.NioEventLoop.processSelectedKeys(NioEventLoop.java:496)
	at org.apache.ratis.thirdparty.io.netty.channel.nio.NioEventLoop.run(NioEventLoop.java:458)
	at org.apache.ratis.thirdparty.io.netty.util.concurrent.SingleThreadEventExecutor$5.run(SingleThreadEventExecutor.java:897)
	at org.apache.ratis.thirdparty.io.netty.util.concurrent.FastThreadLocalRunnable.run(FastThreadLocalRunnable.java:30)
	... 1 more
Caused by: java.net.ConnectException: Connection refused
	... 11 more
2019-09-25 05:31:54,048 [616f9f8f-9479-40f4-8c03-f125dcbf9c7f@group-60724A24602F:LeaderElection179] INFO  impl.LeaderElection (LogUtils.java:infoOrTrace(149)) - 616f9f8f-9479-40f4-8c03-f125dcbf9c7f@group-60724A24602F:LeaderElection179 got exception when requesting votes: {}
java.util.concurrent.ExecutionException: org.apache.ratis.thirdparty.io.grpc.StatusRuntimeException: UNAVAILABLE: io exception
	at java.util.concurrent.FutureTask.report(FutureTask.java:122)
	at java.util.concurrent.FutureTask.get(FutureTask.java:192)
	at org.apache.ratis.server.impl.LeaderElection.waitForResults(LeaderElection.java:263)
	at org.apache.ratis.server.impl.LeaderElection.askForVotes(LeaderElection.java:201)
	at org.apache.ratis.server.impl.LeaderElection.run(LeaderElection.java:133)
	at java.lang.Thread.run(Thread.java:748)
Caused by: org.apache.ratis.thirdparty.io.grpc.StatusRuntimeException: UNAVAILABLE: io exception
	at org.apache.ratis.thirdparty.io.grpc.stub.ClientCalls.toStatusRuntimeException(ClientCalls.java:233)
	at org.apache.ratis.thirdparty.io.grpc.stub.ClientCalls.getUnchecked(ClientCalls.java:214)
	at org.apache.ratis.thirdparty.io.grpc.stub.ClientCalls.blockingUnaryCall(ClientCalls.java:139)
	at org.apache.ratis.proto.grpc.RaftServerProtocolServiceGrpc$RaftServerProtocolServiceBlockingStub.requestVote(RaftServerProtocolServiceGrpc.java:265)
	at org.apache.ratis.grpc.server.GrpcServerProtocolClient.requestVote(GrpcServerProtocolClient.java:90)
	at org.apache.ratis.grpc.server.GrpcService.requestVote(GrpcService.java:204)
	at org.apache.ratis.server.impl.LeaderElection.lambda$submitRequests$1(LeaderElection.java:238)
	at java.util.concurrent.FutureTask.run(FutureTask.java:266)
	at java.util.concurrent.Executors$RunnableAdapter.call(Executors.java:511)
	at java.util.concurrent.FutureTask.run(FutureTask.java:266)
	at java.util.concurrent.ThreadPoolExecutor.runWorker(ThreadPoolExecutor.java:1149)
	at java.util.concurrent.ThreadPoolExecutor$Worker.run(ThreadPoolExecutor.java:624)
	... 1 more
Caused by: org.apache.ratis.thirdparty.io.netty.channel.AbstractChannel$AnnotatedConnectException: Connection refused: /192.168.36.126:42280
	at sun.nio.ch.SocketChannelImpl.checkConnect(Native Method)
	at sun.nio.ch.SocketChannelImpl.finishConnect(SocketChannelImpl.java:717)
	at org.apache.ratis.thirdparty.io.netty.channel.socket.nio.NioSocketChannel.doFinishConnect(NioSocketChannel.java:327)
	at org.apache.ratis.thirdparty.io.netty.channel.nio.AbstractNioChannel$AbstractNioUnsafe.finishConnect(AbstractNioChannel.java:340)
	at org.apache.ratis.thirdparty.io.netty.channel.nio.NioEventLoop.processSelectedKey(NioEventLoop.java:632)
	at org.apache.ratis.thirdparty.io.netty.channel.nio.NioEventLoop.processSelectedKeysOptimized(NioEventLoop.java:579)
	at org.apache.ratis.thirdparty.io.netty.channel.nio.NioEventLoop.processSelectedKeys(NioEventLoop.java:496)
	at org.apache.ratis.thirdparty.io.netty.channel.nio.NioEventLoop.run(NioEventLoop.java:458)
	at org.apache.ratis.thirdparty.io.netty.util.concurrent.SingleThreadEventExecutor$5.run(SingleThreadEventExecutor.java:897)
	at org.apache.ratis.thirdparty.io.netty.util.concurrent.FastThreadLocalRunnable.run(FastThreadLocalRunnable.java:30)
	... 1 more
Caused by: java.net.ConnectException: Connection refused
	... 11 more
2019-09-25 05:31:54,048 [f9c12371-c091-4b4a-8db2-6f0db97bbab3@group-0EC8D23D101B:LeaderElection184] INFO  impl.LeaderElection (LogUtils.java:infoOrTrace(149)) - f9c12371-c091-4b4a-8db2-6f0db97bbab3@group-0EC8D23D101B:LeaderElection184 got exception when requesting votes: {}
java.util.concurrent.ExecutionException: org.apache.ratis.thirdparty.io.grpc.StatusRuntimeException: UNAVAILABLE: io exception
	at java.util.concurrent.FutureTask.report(FutureTask.java:122)
	at java.util.concurrent.FutureTask.get(FutureTask.java:192)
	at org.apache.ratis.server.impl.LeaderElection.waitForResults(LeaderElection.java:263)
	at org.apache.ratis.server.impl.LeaderElection.askForVotes(LeaderElection.java:201)
	at org.apache.ratis.server.impl.LeaderElection.run(LeaderElection.java:133)
	at java.lang.Thread.run(Thread.java:748)
Caused by: org.apache.ratis.thirdparty.io.grpc.StatusRuntimeException: UNAVAILABLE: io exception
	at org.apache.ratis.thirdparty.io.grpc.stub.ClientCalls.toStatusRuntimeException(ClientCalls.java:233)
	at org.apache.ratis.thirdparty.io.grpc.stub.ClientCalls.getUnchecked(ClientCalls.java:214)
	at org.apache.ratis.thirdparty.io.grpc.stub.ClientCalls.blockingUnaryCall(ClientCalls.java:139)
	at org.apache.ratis.proto.grpc.RaftServerProtocolServiceGrpc$RaftServerProtocolServiceBlockingStub.requestVote(RaftServerProtocolServiceGrpc.java:265)
	at org.apache.ratis.grpc.server.GrpcServerProtocolClient.requestVote(GrpcServerProtocolClient.java:90)
	at org.apache.ratis.grpc.server.GrpcService.requestVote(GrpcService.java:204)
	at org.apache.ratis.server.impl.LeaderElection.lambda$submitRequests$1(LeaderElection.java:238)
	at java.util.concurrent.FutureTask.run(FutureTask.java:266)
	at java.util.concurrent.Executors$RunnableAdapter.call(Executors.java:511)
	at java.util.concurrent.FutureTask.run(FutureTask.java:266)
	at java.util.concurrent.ThreadPoolExecutor.runWorker(ThreadPoolExecutor.java:1149)
	at java.util.concurrent.ThreadPoolExecutor$Worker.run(ThreadPoolExecutor.java:624)
	... 1 more
Caused by: org.apache.ratis.thirdparty.io.netty.channel.AbstractChannel$AnnotatedConnectException: Connection refused: /192.168.36.126:37960
	at sun.nio.ch.SocketChannelImpl.checkConnect(Native Method)
	at sun.nio.ch.SocketChannelImpl.finishConnect(SocketChannelImpl.java:717)
	at org.apache.ratis.thirdparty.io.netty.channel.socket.nio.NioSocketChannel.doFinishConnect(NioSocketChannel.java:327)
	at org.apache.ratis.thirdparty.io.netty.channel.nio.AbstractNioChannel$AbstractNioUnsafe.finishConnect(AbstractNioChannel.java:340)
	at org.apache.ratis.thirdparty.io.netty.channel.nio.NioEventLoop.processSelectedKey(NioEventLoop.java:632)
	at org.apache.ratis.thirdparty.io.netty.channel.nio.NioEventLoop.processSelectedKeysOptimized(NioEventLoop.java:579)
	at org.apache.ratis.thirdparty.io.netty.channel.nio.NioEventLoop.processSelectedKeys(NioEventLoop.java:496)
	at org.apache.ratis.thirdparty.io.netty.channel.nio.NioEventLoop.run(NioEventLoop.java:458)
	at org.apache.ratis.thirdparty.io.netty.util.concurrent.SingleThreadEventExecutor$5.run(SingleThreadEventExecutor.java:897)
	at org.apache.ratis.thirdparty.io.netty.util.concurrent.FastThreadLocalRunnable.run(FastThreadLocalRunnable.java:30)
	... 1 more
Caused by: java.net.ConnectException: Connection refused
	... 11 more
2019-09-25 05:31:54,063 [616f9f8f-9479-40f4-8c03-f125dcbf9c7f@group-60724A24602F:LeaderElection179] INFO  impl.LeaderElection (LeaderElection.java:logAndReturn(56)) - 616f9f8f-9479-40f4-8c03-f125dcbf9c7f@group-60724A24602F:LeaderElection179: Election REJECTED; received 1 response(s) [616f9f8f-9479-40f4-8c03-f125dcbf9c7f<-e997a993-6131-47bf-96c8-764e04cb5c0e#0:FAIL-t13] and 1 exception(s); 616f9f8f-9479-40f4-8c03-f125dcbf9c7f@group-60724A24602F:t13, leader=null, voted=616f9f8f-9479-40f4-8c03-f125dcbf9c7f, raftlog=616f9f8f-9479-40f4-8c03-f125dcbf9c7f@group-60724A24602F-SegmentedRaftLog:OPENED:c-1,f-1,i0, conf=-1: [616f9f8f-9479-40f4-8c03-f125dcbf9c7f:192.168.36.126:39694, e997a993-6131-47bf-96c8-764e04cb5c0e:192.168.36.126:37678, fd2f3f79-5d7b-4d37-bb24-b15dfe7f18d7:192.168.36.126:42280], old=null
2019-09-25 05:31:54,063 [616f9f8f-9479-40f4-8c03-f125dcbf9c7f@group-60724A24602F:LeaderElection179] INFO  impl.LeaderElection (LogUtils.java:infoOrTrace(149)) -   Exception 0: {}
java.util.concurrent.ExecutionException: org.apache.ratis.thirdparty.io.grpc.StatusRuntimeException: UNAVAILABLE: io exception
	at java.util.concurrent.FutureTask.report(FutureTask.java:122)
	at java.util.concurrent.FutureTask.get(FutureTask.java:192)
	at org.apache.ratis.server.impl.LeaderElection.waitForResults(LeaderElection.java:263)
	at org.apache.ratis.server.impl.LeaderElection.askForVotes(LeaderElection.java:201)
	at org.apache.ratis.server.impl.LeaderElection.run(LeaderElection.java:133)
	at java.lang.Thread.run(Thread.java:748)
Caused by: org.apache.ratis.thirdparty.io.grpc.StatusRuntimeException: UNAVAILABLE: io exception
	at org.apache.ratis.thirdparty.io.grpc.stub.ClientCalls.toStatusRuntimeException(ClientCalls.java:233)
	at org.apache.ratis.thirdparty.io.grpc.stub.ClientCalls.getUnchecked(ClientCalls.java:214)
	at org.apache.ratis.thirdparty.io.grpc.stub.ClientCalls.blockingUnaryCall(ClientCalls.java:139)
	at org.apache.ratis.proto.grpc.RaftServerProtocolServiceGrpc$RaftServerProtocolServiceBlockingStub.requestVote(RaftServerProtocolServiceGrpc.java:265)
	at org.apache.ratis.grpc.server.GrpcServerProtocolClient.requestVote(GrpcServerProtocolClient.java:90)
	at org.apache.ratis.grpc.server.GrpcService.requestVote(GrpcService.java:204)
	at org.apache.ratis.server.impl.LeaderElection.lambda$submitRequests$1(LeaderElection.java:238)
	at java.util.concurrent.FutureTask.run(FutureTask.java:266)
	at java.util.concurrent.Executors$RunnableAdapter.call(Executors.java:511)
	at java.util.concurrent.FutureTask.run(FutureTask.java:266)
	at java.util.concurrent.ThreadPoolExecutor.runWorker(ThreadPoolExecutor.java:1149)
	at java.util.concurrent.ThreadPoolExecutor$Worker.run(ThreadPoolExecutor.java:624)
	... 1 more
Caused by: org.apache.ratis.thirdparty.io.netty.channel.AbstractChannel$AnnotatedConnectException: Connection refused: /192.168.36.126:42280
	at sun.nio.ch.SocketChannelImpl.checkConnect(Native Method)
	at sun.nio.ch.SocketChannelImpl.finishConnect(SocketChannelImpl.java:717)
	at org.apache.ratis.thirdparty.io.netty.channel.socket.nio.NioSocketChannel.doFinishConnect(NioSocketChannel.java:327)
	at org.apache.ratis.thirdparty.io.netty.channel.nio.AbstractNioChannel$AbstractNioUnsafe.finishConnect(AbstractNioChannel.java:340)
	at org.apache.ratis.thirdparty.io.netty.channel.nio.NioEventLoop.processSelectedKey(NioEventLoop.java:632)
	at org.apache.ratis.thirdparty.io.netty.channel.nio.NioEventLoop.processSelectedKeysOptimized(NioEventLoop.java:579)
	at org.apache.ratis.thirdparty.io.netty.channel.nio.NioEventLoop.processSelectedKeys(NioEventLoop.java:496)
	at org.apache.ratis.thirdparty.io.netty.channel.nio.NioEventLoop.run(NioEventLoop.java:458)
	at org.apache.ratis.thirdparty.io.netty.util.concurrent.SingleThreadEventExecutor$5.run(SingleThreadEventExecutor.java:897)
	at org.apache.ratis.thirdparty.io.netty.util.concurrent.FastThreadLocalRunnable.run(FastThreadLocalRunnable.java:30)
	... 1 more
Caused by: java.net.ConnectException: Connection refused
	... 11 more
2019-09-25 05:31:54,051 [a58d7528-614e-4c39-a3a3-38beaa9905aa@group-0EC8D23D101B:LeaderElection187] INFO  impl.LeaderElection (LogUtils.java:infoOrTrace(149)) - a58d7528-614e-4c39-a3a3-38beaa9905aa@group-0EC8D23D101B:LeaderElection187 got exception when requesting votes: {}
java.util.concurrent.ExecutionException: org.apache.ratis.thirdparty.io.grpc.StatusRuntimeException: UNAVAILABLE: io exception
	at java.util.concurrent.FutureTask.report(FutureTask.java:122)
	at java.util.concurrent.FutureTask.get(FutureTask.java:192)
	at org.apache.ratis.server.impl.LeaderElection.waitForResults(LeaderElection.java:263)
	at org.apache.ratis.server.impl.LeaderElection.askForVotes(LeaderElection.java:201)
	at org.apache.ratis.server.impl.LeaderElection.run(LeaderElection.java:133)
	at java.lang.Thread.run(Thread.java:748)
Caused by: org.apache.ratis.thirdparty.io.grpc.StatusRuntimeException: UNAVAILABLE: io exception
	at org.apache.ratis.thirdparty.io.grpc.stub.ClientCalls.toStatusRuntimeException(ClientCalls.java:233)
	at org.apache.ratis.thirdparty.io.grpc.stub.ClientCalls.getUnchecked(ClientCalls.java:214)
	at org.apache.ratis.thirdparty.io.grpc.stub.ClientCalls.blockingUnaryCall(ClientCalls.java:139)
	at org.apache.ratis.proto.grpc.RaftServerProtocolServiceGrpc$RaftServerProtocolServiceBlockingStub.requestVote(RaftServerProtocolServiceGrpc.java:265)
	at org.apache.ratis.grpc.server.GrpcServerProtocolClient.requestVote(GrpcServerProtocolClient.java:90)
	at org.apache.ratis.grpc.server.GrpcService.requestVote(GrpcService.java:204)
	at org.apache.ratis.server.impl.LeaderElection.lambda$submitRequests$1(LeaderElection.java:238)
	at java.util.concurrent.FutureTask.run(FutureTask.java:266)
	at java.util.concurrent.Executors$RunnableAdapter.call(Executors.java:511)
	at java.util.concurrent.FutureTask.run(FutureTask.java:266)
	at java.util.concurrent.ThreadPoolExecutor.runWorker(ThreadPoolExecutor.java:1149)
	at java.util.concurrent.ThreadPoolExecutor$Worker.run(ThreadPoolExecutor.java:624)
	... 1 more
Caused by: org.apache.ratis.thirdparty.io.netty.channel.AbstractChannel$AnnotatedConnectException: Connection refused: /192.168.36.126:37960
	at sun.nio.ch.SocketChannelImpl.checkConnect(Native Method)
	at sun.nio.ch.SocketChannelImpl.finishConnect(SocketChannelImpl.java:717)
	at org.apache.ratis.thirdparty.io.netty.channel.socket.nio.NioSocketChannel.doFinishConnect(NioSocketChannel.java:327)
	at org.apache.ratis.thirdparty.io.netty.channel.nio.AbstractNioChannel$AbstractNioUnsafe.finishConnect(AbstractNioChannel.java:340)
	at org.apache.ratis.thirdparty.io.netty.channel.nio.NioEventLoop.processSelectedKey(NioEventLoop.java:632)
	at org.apache.ratis.thirdparty.io.netty.channel.nio.NioEventLoop.processSelectedKeysOptimized(NioEventLoop.java:579)
	at org.apache.ratis.thirdparty.io.netty.channel.nio.NioEventLoop.processSelectedKeys(NioEventLoop.java:496)
	at org.apache.ratis.thirdparty.io.netty.channel.nio.NioEventLoop.run(NioEventLoop.java:458)
	at org.apache.ratis.thirdparty.io.netty.util.concurrent.SingleThreadEventExecutor$5.run(SingleThreadEventExecutor.java:897)
	at org.apache.ratis.thirdparty.io.netty.util.concurrent.FastThreadLocalRunnable.run(FastThreadLocalRunnable.java:30)
	... 1 more
Caused by: java.net.ConnectException: Connection refused
	... 11 more
2019-09-25 05:31:54,051 [f9c12371-c091-4b4a-8db2-6f0db97bbab3@group-AEFF648B0F59:LeaderElection186] INFO  impl.LeaderElection (LogUtils.java:infoOrTrace(149)) - f9c12371-c091-4b4a-8db2-6f0db97bbab3@group-AEFF648B0F59:LeaderElection186 got exception when requesting votes: {}
java.util.concurrent.ExecutionException: org.apache.ratis.thirdparty.io.grpc.StatusRuntimeException: UNAVAILABLE: io exception
	at java.util.concurrent.FutureTask.report(FutureTask.java:122)
	at java.util.concurrent.FutureTask.get(FutureTask.java:192)
	at org.apache.ratis.server.impl.LeaderElection.waitForResults(LeaderElection.java:263)
	at org.apache.ratis.server.impl.LeaderElection.askForVotes(LeaderElection.java:201)
	at org.apache.ratis.server.impl.LeaderElection.run(LeaderElection.java:133)
	at java.lang.Thread.run(Thread.java:748)
Caused by: org.apache.ratis.thirdparty.io.grpc.StatusRuntimeException: UNAVAILABLE: io exception
	at org.apache.ratis.thirdparty.io.grpc.stub.ClientCalls.toStatusRuntimeException(ClientCalls.java:233)
	at org.apache.ratis.thirdparty.io.grpc.stub.ClientCalls.getUnchecked(ClientCalls.java:214)
	at org.apache.ratis.thirdparty.io.grpc.stub.ClientCalls.blockingUnaryCall(ClientCalls.java:139)
	at org.apache.ratis.proto.grpc.RaftServerProtocolServiceGrpc$RaftServerProtocolServiceBlockingStub.requestVote(RaftServerProtocolServiceGrpc.java:265)
	at org.apache.ratis.grpc.server.GrpcServerProtocolClient.requestVote(GrpcServerProtocolClient.java:90)
	at org.apache.ratis.grpc.server.GrpcService.requestVote(GrpcService.java:204)
	at org.apache.ratis.server.impl.LeaderElection.lambda$submitRequests$1(LeaderElection.java:238)
	at java.util.concurrent.FutureTask.run(FutureTask.java:266)
	at java.util.concurrent.Executors$RunnableAdapter.call(Executors.java:511)
	at java.util.concurrent.FutureTask.run(FutureTask.java:266)
	at java.util.concurrent.ThreadPoolExecutor.runWorker(ThreadPoolExecutor.java:1149)
	at java.util.concurrent.ThreadPoolExecutor$Worker.run(ThreadPoolExecutor.java:624)
	... 1 more
Caused by: org.apache.ratis.thirdparty.io.netty.channel.AbstractChannel$AnnotatedConnectException: Connection refused: /192.168.36.126:37960
	at sun.nio.ch.SocketChannelImpl.checkConnect(Native Method)
	at sun.nio.ch.SocketChannelImpl.finishConnect(SocketChannelImpl.java:717)
	at org.apache.ratis.thirdparty.io.netty.channel.socket.nio.NioSocketChannel.doFinishConnect(NioSocketChannel.java:327)
	at org.apache.ratis.thirdparty.io.netty.channel.nio.AbstractNioChannel$AbstractNioUnsafe.finishConnect(AbstractNioChannel.java:340)
	at org.apache.ratis.thirdparty.io.netty.channel.nio.NioEventLoop.processSelectedKey(NioEventLoop.java:632)
	at org.apache.ratis.thirdparty.io.netty.channel.nio.NioEventLoop.processSelectedKeysOptimized(NioEventLoop.java:579)
	at org.apache.ratis.thirdparty.io.netty.channel.nio.NioEventLoop.processSelectedKeys(NioEventLoop.java:496)
	at org.apache.ratis.thirdparty.io.netty.channel.nio.NioEventLoop.run(NioEventLoop.java:458)
	at org.apache.ratis.thirdparty.io.netty.util.concurrent.SingleThreadEventExecutor$5.run(SingleThreadEventExecutor.java:897)
	at org.apache.ratis.thirdparty.io.netty.util.concurrent.FastThreadLocalRunnable.run(FastThreadLocalRunnable.java:30)
	... 1 more
Caused by: java.net.ConnectException: Connection refused
	... 11 more
2019-09-25 05:31:54,050 [a58d7528-614e-4c39-a3a3-38beaa9905aa@group-AEFF648B0F59:LeaderElection183] INFO  impl.LeaderElection (LogUtils.java:infoOrTrace(149)) - a58d7528-614e-4c39-a3a3-38beaa9905aa@group-AEFF648B0F59:LeaderElection183 got exception when requesting votes: {}
java.util.concurrent.ExecutionException: org.apache.ratis.thirdparty.io.grpc.StatusRuntimeException: UNAVAILABLE: io exception
	at java.util.concurrent.FutureTask.report(FutureTask.java:122)
	at java.util.concurrent.FutureTask.get(FutureTask.java:192)
	at org.apache.ratis.server.impl.LeaderElection.waitForResults(LeaderElection.java:263)
	at org.apache.ratis.server.impl.LeaderElection.askForVotes(LeaderElection.java:201)
	at org.apache.ratis.server.impl.LeaderElection.run(LeaderElection.java:133)
	at java.lang.Thread.run(Thread.java:748)
Caused by: org.apache.ratis.thirdparty.io.grpc.StatusRuntimeException: UNAVAILABLE: io exception
	at org.apache.ratis.thirdparty.io.grpc.stub.ClientCalls.toStatusRuntimeException(ClientCalls.java:233)
	at org.apache.ratis.thirdparty.io.grpc.stub.ClientCalls.getUnchecked(ClientCalls.java:214)
	at org.apache.ratis.thirdparty.io.grpc.stub.ClientCalls.blockingUnaryCall(ClientCalls.java:139)
	at org.apache.ratis.proto.grpc.RaftServerProtocolServiceGrpc$RaftServerProtocolServiceBlockingStub.requestVote(RaftServerProtocolServiceGrpc.java:265)
	at org.apache.ratis.grpc.server.GrpcServerProtocolClient.requestVote(GrpcServerProtocolClient.java:90)
	at org.apache.ratis.grpc.server.GrpcService.requestVote(GrpcService.java:204)
	at org.apache.ratis.server.impl.LeaderElection.lambda$submitRequests$1(LeaderElection.java:238)
	at java.util.concurrent.FutureTask.run(FutureTask.java:266)
	at java.util.concurrent.Executors$RunnableAdapter.call(Executors.java:511)
	at java.util.concurrent.FutureTask.run(FutureTask.java:266)
	at java.util.concurrent.ThreadPoolExecutor.runWorker(ThreadPoolExecutor.java:1149)
	at java.util.concurrent.ThreadPoolExecutor$Worker.run(ThreadPoolExecutor.java:624)
	... 1 more
Caused by: org.apache.ratis.thirdparty.io.netty.channel.AbstractChannel$AnnotatedConnectException: Connection refused: /192.168.36.126:37960
	at sun.nio.ch.SocketChannelImpl.checkConnect(Native Method)
	at sun.nio.ch.SocketChannelImpl.finishConnect(SocketChannelImpl.java:717)
	at org.apache.ratis.thirdparty.io.netty.channel.socket.nio.NioSocketChannel.doFinishConnect(NioSocketChannel.java:327)
	at org.apache.ratis.thirdparty.io.netty.channel.nio.AbstractNioChannel$AbstractNioUnsafe.finishConnect(AbstractNioChannel.java:340)
	at org.apache.ratis.thirdparty.io.netty.channel.nio.NioEventLoop.processSelectedKey(NioEventLoop.java:632)
	at org.apache.ratis.thirdparty.io.netty.channel.nio.NioEventLoop.processSelectedKeysOptimized(NioEventLoop.java:579)
	at org.apache.ratis.thirdparty.io.netty.channel.nio.NioEventLoop.processSelectedKeys(NioEventLoop.java:496)
	at org.apache.ratis.thirdparty.io.netty.channel.nio.NioEventLoop.run(NioEventLoop.java:458)
	at org.apache.ratis.thirdparty.io.netty.util.concurrent.SingleThreadEventExecutor$5.run(SingleThreadEventExecutor.java:897)
	at org.apache.ratis.thirdparty.io.netty.util.concurrent.FastThreadLocalRunnable.run(FastThreadLocalRunnable.java:30)
	... 1 more
Caused by: java.net.ConnectException: Connection refused
	... 11 more
2019-09-25 05:31:54,050 [5c3318fc-c419-4298-b427-bf5a9ca27bf0@group-21C2C432FD88:LeaderElection180] INFO  impl.LeaderElection (LogUtils.java:infoOrTrace(149)) - 5c3318fc-c419-4298-b427-bf5a9ca27bf0@group-21C2C432FD88:LeaderElection180 got exception when requesting votes: {}
java.util.concurrent.ExecutionException: org.apache.ratis.thirdparty.io.grpc.StatusRuntimeException: UNAVAILABLE: io exception
	at java.util.concurrent.FutureTask.report(FutureTask.java:122)
	at java.util.concurrent.FutureTask.get(FutureTask.java:192)
	at org.apache.ratis.server.impl.LeaderElection.waitForResults(LeaderElection.java:263)
	at org.apache.ratis.server.impl.LeaderElection.askForVotes(LeaderElection.java:201)
	at org.apache.ratis.server.impl.LeaderElection.run(LeaderElection.java:133)
	at java.lang.Thread.run(Thread.java:748)
Caused by: org.apache.ratis.thirdparty.io.grpc.StatusRuntimeException: UNAVAILABLE: io exception
	at org.apache.ratis.thirdparty.io.grpc.stub.ClientCalls.toStatusRuntimeException(ClientCalls.java:233)
	at org.apache.ratis.thirdparty.io.grpc.stub.ClientCalls.getUnchecked(ClientCalls.java:214)
	at org.apache.ratis.thirdparty.io.grpc.stub.ClientCalls.blockingUnaryCall(ClientCalls.java:139)
	at org.apache.ratis.proto.grpc.RaftServerProtocolServiceGrpc$RaftServerProtocolServiceBlockingStub.requestVote(RaftServerProtocolServiceGrpc.java:265)
	at org.apache.ratis.grpc.server.GrpcServerProtocolClient.requestVote(GrpcServerProtocolClient.java:90)
	at org.apache.ratis.grpc.server.GrpcService.requestVote(GrpcService.java:204)
	at org.apache.ratis.server.impl.LeaderElection.lambda$submitRequests$1(LeaderElection.java:238)
	at java.util.concurrent.FutureTask.run(FutureTask.java:266)
	at java.util.concurrent.Executors$RunnableAdapter.call(Executors.java:511)
	at java.util.concurrent.FutureTask.run(FutureTask.java:266)
	at java.util.concurrent.ThreadPoolExecutor.runWorker(ThreadPoolExecutor.java:1149)
	at java.util.concurrent.ThreadPoolExecutor$Worker.run(ThreadPoolExecutor.java:624)
	... 1 more
Caused by: org.apache.ratis.thirdparty.io.netty.channel.AbstractChannel$AnnotatedConnectException: Connection refused: /192.168.36.126:36814
	at sun.nio.ch.SocketChannelImpl.checkConnect(Native Method)
	at sun.nio.ch.SocketChannelImpl.finishConnect(SocketChannelImpl.java:717)
	at org.apache.ratis.thirdparty.io.netty.channel.socket.nio.NioSocketChannel.doFinishConnect(NioSocketChannel.java:327)
	at org.apache.ratis.thirdparty.io.netty.channel.nio.AbstractNioChannel$AbstractNioUnsafe.finishConnect(AbstractNioChannel.java:340)
	at org.apache.ratis.thirdparty.io.netty.channel.nio.NioEventLoop.processSelectedKey(NioEventLoop.java:632)
	at org.apache.ratis.thirdparty.io.netty.channel.nio.NioEventLoop.processSelectedKeysOptimized(NioEventLoop.java:579)
	at org.apache.ratis.thirdparty.io.netty.channel.nio.NioEventLoop.processSelectedKeys(NioEventLoop.java:496)
	at org.apache.ratis.thirdparty.io.netty.channel.nio.NioEventLoop.run(NioEventLoop.java:458)
	at org.apache.ratis.thirdparty.io.netty.util.concurrent.SingleThreadEventExecutor$5.run(SingleThreadEventExecutor.java:897)
	at org.apache.ratis.thirdparty.io.netty.util.concurrent.FastThreadLocalRunnable.run(FastThreadLocalRunnable.java:30)
	... 1 more
Caused by: java.net.ConnectException: Connection refused
	... 11 more
2019-09-25 05:31:54,050 [5c3318fc-c419-4298-b427-bf5a9ca27bf0@group-059250D1A272:LeaderElection185] INFO  impl.LeaderElection (LogUtils.java:infoOrTrace(149)) - 5c3318fc-c419-4298-b427-bf5a9ca27bf0@group-059250D1A272:LeaderElection185 got exception when requesting votes: {}
java.util.concurrent.ExecutionException: org.apache.ratis.thirdparty.io.grpc.StatusRuntimeException: UNAVAILABLE: io exception
	at java.util.concurrent.FutureTask.report(FutureTask.java:122)
	at java.util.concurrent.FutureTask.get(FutureTask.java:192)
	at org.apache.ratis.server.impl.LeaderElection.waitForResults(LeaderElection.java:263)
	at org.apache.ratis.server.impl.LeaderElection.askForVotes(LeaderElection.java:201)
	at org.apache.ratis.server.impl.LeaderElection.run(LeaderElection.java:133)
	at java.lang.Thread.run(Thread.java:748)
Caused by: org.apache.ratis.thirdparty.io.grpc.StatusRuntimeException: UNAVAILABLE: io exception
	at org.apache.ratis.thirdparty.io.grpc.stub.ClientCalls.toStatusRuntimeException(ClientCalls.java:233)
	at org.apache.ratis.thirdparty.io.grpc.stub.ClientCalls.getUnchecked(ClientCalls.java:214)
	at org.apache.ratis.thirdparty.io.grpc.stub.ClientCalls.blockingUnaryCall(ClientCalls.java:139)
	at org.apache.ratis.proto.grpc.RaftServerProtocolServiceGrpc$RaftServerProtocolServiceBlockingStub.requestVote(RaftServerProtocolServiceGrpc.java:265)
	at org.apache.ratis.grpc.server.GrpcServerProtocolClient.requestVote(GrpcServerProtocolClient.java:90)
	at org.apache.ratis.grpc.server.GrpcService.requestVote(GrpcService.java:204)
	at org.apache.ratis.server.impl.LeaderElection.lambda$submitRequests$1(LeaderElection.java:238)
	at java.util.concurrent.FutureTask.run(FutureTask.java:266)
	at java.util.concurrent.Executors$RunnableAdapter.call(Executors.java:511)
	at java.util.concurrent.FutureTask.run(FutureTask.java:266)
	at java.util.concurrent.ThreadPoolExecutor.runWorker(ThreadPoolExecutor.java:1149)
	at java.util.concurrent.ThreadPoolExecutor$Worker.run(ThreadPoolExecutor.java:624)
	... 1 more
Caused by: org.apache.ratis.thirdparty.io.netty.channel.AbstractChannel$AnnotatedConnectException: Connection refused: /192.168.36.126:37817
	at sun.nio.ch.SocketChannelImpl.checkConnect(Native Method)
	at sun.nio.ch.SocketChannelImpl.finishConnect(SocketChannelImpl.java:717)
	at org.apache.ratis.thirdparty.io.netty.channel.socket.nio.NioSocketChannel.doFinishConnect(NioSocketChannel.java:327)
	at org.apache.ratis.thirdparty.io.netty.channel.nio.AbstractNioChannel$AbstractNioUnsafe.finishConnect(AbstractNioChannel.java:340)
	at org.apache.ratis.thirdparty.io.netty.channel.nio.NioEventLoop.processSelectedKey(NioEventLoop.java:632)
	at org.apache.ratis.thirdparty.io.netty.channel.nio.NioEventLoop.processSelectedKeysOptimized(NioEventLoop.java:579)
	at org.apache.ratis.thirdparty.io.netty.channel.nio.NioEventLoop.processSelectedKeys(NioEventLoop.java:496)
	at org.apache.ratis.thirdparty.io.netty.channel.nio.NioEventLoop.run(NioEventLoop.java:458)
	at org.apache.ratis.thirdparty.io.netty.util.concurrent.SingleThreadEventExecutor$5.run(SingleThreadEventExecutor.java:897)
	at org.apache.ratis.thirdparty.io.netty.util.concurrent.FastThreadLocalRunnable.run(FastThreadLocalRunnable.java:30)
	... 1 more
Caused by: java.net.ConnectException: Connection refused
	... 11 more
2019-09-25 05:31:54,066 [5c3318fc-c419-4298-b427-bf5a9ca27bf0@group-21C2C432FD88:LeaderElection180] INFO  impl.LeaderElection (LogUtils.java:infoOrTrace(149)) - 5c3318fc-c419-4298-b427-bf5a9ca27bf0@group-21C2C432FD88:LeaderElection180 got exception when requesting votes: {}
java.util.concurrent.ExecutionException: org.apache.ratis.thirdparty.io.grpc.StatusRuntimeException: UNAVAILABLE: io exception
	at java.util.concurrent.FutureTask.report(FutureTask.java:122)
	at java.util.concurrent.FutureTask.get(FutureTask.java:192)
	at org.apache.ratis.server.impl.LeaderElection.waitForResults(LeaderElection.java:263)
	at org.apache.ratis.server.impl.LeaderElection.askForVotes(LeaderElection.java:201)
	at org.apache.ratis.server.impl.LeaderElection.run(LeaderElection.java:133)
	at java.lang.Thread.run(Thread.java:748)
Caused by: org.apache.ratis.thirdparty.io.grpc.StatusRuntimeException: UNAVAILABLE: io exception
	at org.apache.ratis.thirdparty.io.grpc.stub.ClientCalls.toStatusRuntimeException(ClientCalls.java:233)
	at org.apache.ratis.thirdparty.io.grpc.stub.ClientCalls.getUnchecked(ClientCalls.java:214)
	at org.apache.ratis.thirdparty.io.grpc.stub.ClientCalls.blockingUnaryCall(ClientCalls.java:139)
	at org.apache.ratis.proto.grpc.RaftServerProtocolServiceGrpc$RaftServerProtocolServiceBlockingStub.requestVote(RaftServerProtocolServiceGrpc.java:265)
	at org.apache.ratis.grpc.server.GrpcServerProtocolClient.requestVote(GrpcServerProtocolClient.java:90)
	at org.apache.ratis.grpc.server.GrpcService.requestVote(GrpcService.java:204)
	at org.apache.ratis.server.impl.LeaderElection.lambda$submitRequests$1(LeaderElection.java:238)
	at java.util.concurrent.FutureTask.run(FutureTask.java:266)
	at java.util.concurrent.Executors$RunnableAdapter.call(Executors.java:511)
	at java.util.concurrent.FutureTask.run(FutureTask.java:266)
	at java.util.concurrent.ThreadPoolExecutor.runWorker(ThreadPoolExecutor.java:1149)
	at java.util.concurrent.ThreadPoolExecutor$Worker.run(ThreadPoolExecutor.java:624)
	... 1 more
Caused by: org.apache.ratis.thirdparty.io.netty.channel.AbstractChannel$AnnotatedConnectException: Connection refused: /192.168.36.126:37817
	at sun.nio.ch.SocketChannelImpl.checkConnect(Native Method)
	at sun.nio.ch.SocketChannelImpl.finishConnect(SocketChannelImpl.java:717)
	at org.apache.ratis.thirdparty.io.netty.channel.socket.nio.NioSocketChannel.doFinishConnect(NioSocketChannel.java:327)
	at org.apache.ratis.thirdparty.io.netty.channel.nio.AbstractNioChannel$AbstractNioUnsafe.finishConnect(AbstractNioChannel.java:340)
	at org.apache.ratis.thirdparty.io.netty.channel.nio.NioEventLoop.processSelectedKey(NioEventLoop.java:632)
	at org.apache.ratis.thirdparty.io.netty.channel.nio.NioEventLoop.processSelectedKeysOptimized(NioEventLoop.java:579)
	at org.apache.ratis.thirdparty.io.netty.channel.nio.NioEventLoop.processSelectedKeys(NioEventLoop.java:496)
	at org.apache.ratis.thirdparty.io.netty.channel.nio.NioEventLoop.run(NioEventLoop.java:458)
	at org.apache.ratis.thirdparty.io.netty.util.concurrent.SingleThreadEventExecutor$5.run(SingleThreadEventExecutor.java:897)
	at org.apache.ratis.thirdparty.io.netty.util.concurrent.FastThreadLocalRunnable.run(FastThreadLocalRunnable.java:30)
	... 1 more
Caused by: java.net.ConnectException: Connection refused
	... 11 more
2019-09-25 05:31:54,065 [a58d7528-614e-4c39-a3a3-38beaa9905aa@group-AEFF648B0F59:LeaderElection183] INFO  impl.LeaderElection (LeaderElection.java:logAndReturn(56)) - a58d7528-614e-4c39-a3a3-38beaa9905aa@group-AEFF648B0F59:LeaderElection183: Election REJECTED; received 1 response(s) [a58d7528-614e-4c39-a3a3-38beaa9905aa<-f9c12371-c091-4b4a-8db2-6f0db97bbab3#0:FAIL-t11] and 1 exception(s); a58d7528-614e-4c39-a3a3-38beaa9905aa@group-AEFF648B0F59:t11, leader=null, voted=a58d7528-614e-4c39-a3a3-38beaa9905aa, raftlog=a58d7528-614e-4c39-a3a3-38beaa9905aa@group-AEFF648B0F59-SegmentedRaftLog:OPENED:c-1,f-1,i0, conf=-1: [a58d7528-614e-4c39-a3a3-38beaa9905aa:192.168.36.126:37942, f9c12371-c091-4b4a-8db2-6f0db97bbab3:192.168.36.126:46560, ce8ac917-2646-4112-adf7-d577593fabcb:192.168.36.126:37960], old=null
2019-09-25 05:31:54,067 [a58d7528-614e-4c39-a3a3-38beaa9905aa@group-AEFF648B0F59:LeaderElection183] INFO  impl.LeaderElection (LogUtils.java:infoOrTrace(149)) -   Exception 0: {}
java.util.concurrent.ExecutionException: org.apache.ratis.thirdparty.io.grpc.StatusRuntimeException: UNAVAILABLE: io exception
	at java.util.concurrent.FutureTask.report(FutureTask.java:122)
	at java.util.concurrent.FutureTask.get(FutureTask.java:192)
	at org.apache.ratis.server.impl.LeaderElection.waitForResults(LeaderElection.java:263)
	at org.apache.ratis.server.impl.LeaderElection.askForVotes(LeaderElection.java:201)
	at org.apache.ratis.server.impl.LeaderElection.run(LeaderElection.java:133)
	at java.lang.Thread.run(Thread.java:748)
Caused by: org.apache.ratis.thirdparty.io.grpc.StatusRuntimeException: UNAVAILABLE: io exception
	at org.apache.ratis.thirdparty.io.grpc.stub.ClientCalls.toStatusRuntimeException(ClientCalls.java:233)
	at org.apache.ratis.thirdparty.io.grpc.stub.ClientCalls.getUnchecked(ClientCalls.java:214)
	at org.apache.ratis.thirdparty.io.grpc.stub.ClientCalls.blockingUnaryCall(ClientCalls.java:139)
	at org.apache.ratis.proto.grpc.RaftServerProtocolServiceGrpc$RaftServerProtocolServiceBlockingStub.requestVote(RaftServerProtocolServiceGrpc.java:265)
	at org.apache.ratis.grpc.server.GrpcServerProtocolClient.requestVote(GrpcServerProtocolClient.java:90)
	at org.apache.ratis.grpc.server.GrpcService.requestVote(GrpcService.java:204)
	at org.apache.ratis.server.impl.LeaderElection.lambda$submitRequests$1(LeaderElection.java:238)
	at java.util.concurrent.FutureTask.run(FutureTask.java:266)
	at java.util.concurrent.Executors$RunnableAdapter.call(Executors.java:511)
	at java.util.concurrent.FutureTask.run(FutureTask.java:266)
	at java.util.concurrent.ThreadPoolExecutor.runWorker(ThreadPoolExecutor.java:1149)
	at java.util.concurrent.ThreadPoolExecutor$Worker.run(ThreadPoolExecutor.java:624)
	... 1 more
Caused by: org.apache.ratis.thirdparty.io.netty.channel.AbstractChannel$AnnotatedConnectException: Connection refused: /192.168.36.126:37960
	at sun.nio.ch.SocketChannelImpl.checkConnect(Native Method)
	at sun.nio.ch.SocketChannelImpl.finishConnect(SocketChannelImpl.java:717)
	at org.apache.ratis.thirdparty.io.netty.channel.socket.nio.NioSocketChannel.doFinishConnect(NioSocketChannel.java:327)
	at org.apache.ratis.thirdparty.io.netty.channel.nio.AbstractNioChannel$AbstractNioUnsafe.finishConnect(AbstractNioChannel.java:340)
	at org.apache.ratis.thirdparty.io.netty.channel.nio.NioEventLoop.processSelectedKey(NioEventLoop.java:632)
	at org.apache.ratis.thirdparty.io.netty.channel.nio.NioEventLoop.processSelectedKeysOptimized(NioEventLoop.java:579)
	at org.apache.ratis.thirdparty.io.netty.channel.nio.NioEventLoop.processSelectedKeys(NioEventLoop.java:496)
	at org.apache.ratis.thirdparty.io.netty.channel.nio.NioEventLoop.run(NioEventLoop.java:458)
	at org.apache.ratis.thirdparty.io.netty.util.concurrent.SingleThreadEventExecutor$5.run(SingleThreadEventExecutor.java:897)
	at org.apache.ratis.thirdparty.io.netty.util.concurrent.FastThreadLocalRunnable.run(FastThreadLocalRunnable.java:30)
	... 1 more
Caused by: java.net.ConnectException: Connection refused
	... 11 more
2019-09-25 05:31:54,065 [f9c12371-c091-4b4a-8db2-6f0db97bbab3@group-43825EC81F5D:LeaderElection181] INFO  impl.LeaderElection (LeaderElection.java:logAndReturn(56)) - f9c12371-c091-4b4a-8db2-6f0db97bbab3@group-43825EC81F5D:LeaderElection181: Election REJECTED; received 1 response(s) [f9c12371-c091-4b4a-8db2-6f0db97bbab3<-a58d7528-614e-4c39-a3a3-38beaa9905aa#0:FAIL-t7] and 1 exception(s); f9c12371-c091-4b4a-8db2-6f0db97bbab3@group-43825EC81F5D:t7, leader=null, voted=f9c12371-c091-4b4a-8db2-6f0db97bbab3, raftlog=f9c12371-c091-4b4a-8db2-6f0db97bbab3@group-43825EC81F5D-SegmentedRaftLog:OPENED:c-1,f-1,i0, conf=-1: [a58d7528-614e-4c39-a3a3-38beaa9905aa:192.168.36.126:37942, f9c12371-c091-4b4a-8db2-6f0db97bbab3:192.168.36.126:46560, ce8ac917-2646-4112-adf7-d577593fabcb:192.168.36.126:37960], old=null
2019-09-25 05:31:54,068 [f9c12371-c091-4b4a-8db2-6f0db97bbab3@group-43825EC81F5D:LeaderElection181] INFO  impl.LeaderElection (LogUtils.java:infoOrTrace(149)) -   Exception 0: {}
java.util.concurrent.ExecutionException: org.apache.ratis.thirdparty.io.grpc.StatusRuntimeException: UNAVAILABLE: io exception
	at java.util.concurrent.FutureTask.report(FutureTask.java:122)
	at java.util.concurrent.FutureTask.get(FutureTask.java:192)
	at org.apache.ratis.server.impl.LeaderElection.waitForResults(LeaderElection.java:263)
	at org.apache.ratis.server.impl.LeaderElection.askForVotes(LeaderElection.java:201)
	at org.apache.ratis.server.impl.LeaderElection.run(LeaderElection.java:133)
	at java.lang.Thread.run(Thread.java:748)
Caused by: org.apache.ratis.thirdparty.io.grpc.StatusRuntimeException: UNAVAILABLE: io exception
	at org.apache.ratis.thirdparty.io.grpc.stub.ClientCalls.toStatusRuntimeException(ClientCalls.java:233)
	at org.apache.ratis.thirdparty.io.grpc.stub.ClientCalls.getUnchecked(ClientCalls.java:214)
	at org.apache.ratis.thirdparty.io.grpc.stub.ClientCalls.blockingUnaryCall(ClientCalls.java:139)
	at org.apache.ratis.proto.grpc.RaftServerProtocolServiceGrpc$RaftServerProtocolServiceBlockingStub.requestVote(RaftServerProtocolServiceGrpc.java:265)
	at org.apache.ratis.grpc.server.GrpcServerProtocolClient.requestVote(GrpcServerProtocolClient.java:90)
	at org.apache.ratis.grpc.server.GrpcService.requestVote(GrpcService.java:204)
	at org.apache.ratis.server.impl.LeaderElection.lambda$submitRequests$1(LeaderElection.java:238)
	at java.util.concurrent.FutureTask.run(FutureTask.java:266)
	at java.util.concurrent.Executors$RunnableAdapter.call(Executors.java:511)
	at java.util.concurrent.FutureTask.run(FutureTask.java:266)
	at java.util.concurrent.ThreadPoolExecutor.runWorker(ThreadPoolExecutor.java:1149)
	at java.util.concurrent.ThreadPoolExecutor$Worker.run(ThreadPoolExecutor.java:624)
	... 1 more
Caused by: org.apache.ratis.thirdparty.io.netty.channel.AbstractChannel$AnnotatedConnectException: Connection refused: /192.168.36.126:37960
	at sun.nio.ch.SocketChannelImpl.checkConnect(Native Method)
	at sun.nio.ch.SocketChannelImpl.finishConnect(SocketChannelImpl.java:717)
	at org.apache.ratis.thirdparty.io.netty.channel.socket.nio.NioSocketChannel.doFinishConnect(NioSocketChannel.java:327)
	at org.apache.ratis.thirdparty.io.netty.channel.nio.AbstractNioChannel$AbstractNioUnsafe.finishConnect(AbstractNioChannel.java:340)
	at org.apache.ratis.thirdparty.io.netty.channel.nio.NioEventLoop.processSelectedKey(NioEventLoop.java:632)
	at org.apache.ratis.thirdparty.io.netty.channel.nio.NioEventLoop.processSelectedKeysOptimized(NioEventLoop.java:579)
	at org.apache.ratis.thirdparty.io.netty.channel.nio.NioEventLoop.processSelectedKeys(NioEventLoop.java:496)
	at org.apache.ratis.thirdparty.io.netty.channel.nio.NioEventLoop.run(NioEventLoop.java:458)
	at org.apache.ratis.thirdparty.io.netty.util.concurrent.SingleThreadEventExecutor$5.run(SingleThreadEventExecutor.java:897)
	at org.apache.ratis.thirdparty.io.netty.util.concurrent.FastThreadLocalRunnable.run(FastThreadLocalRunnable.java:30)
	... 1 more
Caused by: java.net.ConnectException: Connection refused
	... 11 more
2019-09-25 05:31:54,065 [f9c12371-c091-4b4a-8db2-6f0db97bbab3@group-AEFF648B0F59:LeaderElection186] INFO  impl.LeaderElection (LeaderElection.java:logAndReturn(56)) - f9c12371-c091-4b4a-8db2-6f0db97bbab3@group-AEFF648B0F59:LeaderElection186: Election REJECTED; received 1 response(s) [f9c12371-c091-4b4a-8db2-6f0db97bbab3<-a58d7528-614e-4c39-a3a3-38beaa9905aa#0:FAIL-t11] and 1 exception(s); f9c12371-c091-4b4a-8db2-6f0db97bbab3@group-AEFF648B0F59:t11, leader=null, voted=f9c12371-c091-4b4a-8db2-6f0db97bbab3, raftlog=f9c12371-c091-4b4a-8db2-6f0db97bbab3@group-AEFF648B0F59-SegmentedRaftLog:OPENED:c-1,f-1,i0, conf=-1: [a58d7528-614e-4c39-a3a3-38beaa9905aa:192.168.36.126:37942, f9c12371-c091-4b4a-8db2-6f0db97bbab3:192.168.36.126:46560, ce8ac917-2646-4112-adf7-d577593fabcb:192.168.36.126:37960], old=null
2019-09-25 05:31:54,065 [f9c12371-c091-4b4a-8db2-6f0db97bbab3@group-0EC8D23D101B:LeaderElection184] INFO  impl.LeaderElection (LeaderElection.java:logAndReturn(56)) - f9c12371-c091-4b4a-8db2-6f0db97bbab3@group-0EC8D23D101B:LeaderElection184: Election REJECTED; received 1 response(s) [f9c12371-c091-4b4a-8db2-6f0db97bbab3<-a58d7528-614e-4c39-a3a3-38beaa9905aa#0:FAIL-t11] and 1 exception(s); f9c12371-c091-4b4a-8db2-6f0db97bbab3@group-0EC8D23D101B:t11, leader=null, voted=f9c12371-c091-4b4a-8db2-6f0db97bbab3, raftlog=f9c12371-c091-4b4a-8db2-6f0db97bbab3@group-0EC8D23D101B-SegmentedRaftLog:OPENED:c-1,f-1,i0, conf=-1: [a58d7528-614e-4c39-a3a3-38beaa9905aa:192.168.36.126:37942, f9c12371-c091-4b4a-8db2-6f0db97bbab3:192.168.36.126:46560, ce8ac917-2646-4112-adf7-d577593fabcb:192.168.36.126:37960], old=null
2019-09-25 05:31:54,069 [f9c12371-c091-4b4a-8db2-6f0db97bbab3@group-0EC8D23D101B:LeaderElection184] INFO  impl.LeaderElection (LogUtils.java:infoOrTrace(149)) -   Exception 0: {}
java.util.concurrent.ExecutionException: org.apache.ratis.thirdparty.io.grpc.StatusRuntimeException: UNAVAILABLE: io exception
	at java.util.concurrent.FutureTask.report(FutureTask.java:122)
	at java.util.concurrent.FutureTask.get(FutureTask.java:192)
	at org.apache.ratis.server.impl.LeaderElection.waitForResults(LeaderElection.java:263)
	at org.apache.ratis.server.impl.LeaderElection.askForVotes(LeaderElection.java:201)
	at org.apache.ratis.server.impl.LeaderElection.run(LeaderElection.java:133)
	at java.lang.Thread.run(Thread.java:748)
Caused by: org.apache.ratis.thirdparty.io.grpc.StatusRuntimeException: UNAVAILABLE: io exception
	at org.apache.ratis.thirdparty.io.grpc.stub.ClientCalls.toStatusRuntimeException(ClientCalls.java:233)
	at org.apache.ratis.thirdparty.io.grpc.stub.ClientCalls.getUnchecked(ClientCalls.java:214)
	at org.apache.ratis.thirdparty.io.grpc.stub.ClientCalls.blockingUnaryCall(ClientCalls.java:139)
	at org.apache.ratis.proto.grpc.RaftServerProtocolServiceGrpc$RaftServerProtocolServiceBlockingStub.requestVote(RaftServerProtocolServiceGrpc.java:265)
	at org.apache.ratis.grpc.server.GrpcServerProtocolClient.requestVote(GrpcServerProtocolClient.java:90)
	at org.apache.ratis.grpc.server.GrpcService.requestVote(GrpcService.java:204)
	at org.apache.ratis.server.impl.LeaderElection.lambda$submitRequests$1(LeaderElection.java:238)
	at java.util.concurrent.FutureTask.run(FutureTask.java:266)
	at java.util.concurrent.Executors$RunnableAdapter.call(Executors.java:511)
	at java.util.concurrent.FutureTask.run(FutureTask.java:266)
	at java.util.concurrent.ThreadPoolExecutor.runWorker(ThreadPoolExecutor.java:1149)
	at java.util.concurrent.ThreadPoolExecutor$Worker.run(ThreadPoolExecutor.java:624)
	... 1 more
Caused by: org.apache.ratis.thirdparty.io.netty.channel.AbstractChannel$AnnotatedConnectException: Connection refused: /192.168.36.126:37960
	at sun.nio.ch.SocketChannelImpl.checkConnect(Native Method)
	at sun.nio.ch.SocketChannelImpl.finishConnect(SocketChannelImpl.java:717)
	at org.apache.ratis.thirdparty.io.netty.channel.socket.nio.NioSocketChannel.doFinishConnect(NioSocketChannel.java:327)
	at org.apache.ratis.thirdparty.io.netty.channel.nio.AbstractNioChannel$AbstractNioUnsafe.finishConnect(AbstractNioChannel.java:340)
	at org.apache.ratis.thirdparty.io.netty.channel.nio.NioEventLoop.processSelectedKey(NioEventLoop.java:632)
	at org.apache.ratis.thirdparty.io.netty.channel.nio.NioEventLoop.processSelectedKeysOptimized(NioEventLoop.java:579)
	at org.apache.ratis.thirdparty.io.netty.channel.nio.NioEventLoop.processSelectedKeys(NioEventLoop.java:496)
	at org.apache.ratis.thirdparty.io.netty.channel.nio.NioEventLoop.run(NioEventLoop.java:458)
	at org.apache.ratis.thirdparty.io.netty.util.concurrent.SingleThreadEventExecutor$5.run(SingleThreadEventExecutor.java:897)
	at org.apache.ratis.thirdparty.io.netty.util.concurrent.FastThreadLocalRunnable.run(FastThreadLocalRunnable.java:30)
	... 1 more
Caused by: java.net.ConnectException: Connection refused
	... 11 more
2019-09-25 05:31:54,064 [a58d7528-614e-4c39-a3a3-38beaa9905aa@group-0EC8D23D101B:LeaderElection187] INFO  impl.LeaderElection (LeaderElection.java:logAndReturn(56)) - a58d7528-614e-4c39-a3a3-38beaa9905aa@group-0EC8D23D101B:LeaderElection187: Election REJECTED; received 1 response(s) [a58d7528-614e-4c39-a3a3-38beaa9905aa<-f9c12371-c091-4b4a-8db2-6f0db97bbab3#0:FAIL-t11] and 1 exception(s); a58d7528-614e-4c39-a3a3-38beaa9905aa@group-0EC8D23D101B:t11, leader=null, voted=a58d7528-614e-4c39-a3a3-38beaa9905aa, raftlog=a58d7528-614e-4c39-a3a3-38beaa9905aa@group-0EC8D23D101B-SegmentedRaftLog:OPENED:c-1,f-1,i0, conf=-1: [a58d7528-614e-4c39-a3a3-38beaa9905aa:192.168.36.126:37942, f9c12371-c091-4b4a-8db2-6f0db97bbab3:192.168.36.126:46560, ce8ac917-2646-4112-adf7-d577593fabcb:192.168.36.126:37960], old=null
2019-09-25 05:31:54,064 [616f9f8f-9479-40f4-8c03-f125dcbf9c7f@group-60724A24602F:LeaderElection179] INFO  impl.RaftServerImpl (RaftServerImpl.java:setRole(174)) - 616f9f8f-9479-40f4-8c03-f125dcbf9c7f@group-60724A24602F: changes role from CANDIDATE to FOLLOWER at term 13 for DISCOVERED_A_NEW_TERM
2019-09-25 05:31:54,063 [a58d7528-614e-4c39-a3a3-38beaa9905aa@group-43825EC81F5D:LeaderElection178] INFO  impl.LeaderElection (LeaderElection.java:logAndReturn(56)) - a58d7528-614e-4c39-a3a3-38beaa9905aa@group-43825EC81F5D:LeaderElection178: Election REJECTED; received 1 response(s) [a58d7528-614e-4c39-a3a3-38beaa9905aa<-f9c12371-c091-4b4a-8db2-6f0db97bbab3#0:FAIL-t7] and 1 exception(s); a58d7528-614e-4c39-a3a3-38beaa9905aa@group-43825EC81F5D:t7, leader=null, voted=a58d7528-614e-4c39-a3a3-38beaa9905aa, raftlog=a58d7528-614e-4c39-a3a3-38beaa9905aa@group-43825EC81F5D-SegmentedRaftLog:OPENED:c-1,f-1,i0, conf=-1: [a58d7528-614e-4c39-a3a3-38beaa9905aa:192.168.36.126:37942, f9c12371-c091-4b4a-8db2-6f0db97bbab3:192.168.36.126:46560, ce8ac917-2646-4112-adf7-d577593fabcb:192.168.36.126:37960], old=null
2019-09-25 05:31:54,070 [616f9f8f-9479-40f4-8c03-f125dcbf9c7f@group-60724A24602F:LeaderElection179] INFO  impl.RoleInfo (RoleInfo.java:shutdownLeaderElection(134)) - 616f9f8f-9479-40f4-8c03-f125dcbf9c7f: shutdown LeaderElection
2019-09-25 05:31:54,070 [a58d7528-614e-4c39-a3a3-38beaa9905aa@group-0EC8D23D101B:LeaderElection187] INFO  impl.LeaderElection (LogUtils.java:infoOrTrace(149)) -   Exception 0: {}
java.util.concurrent.ExecutionException: org.apache.ratis.thirdparty.io.grpc.StatusRuntimeException: UNAVAILABLE: io exception
	at java.util.concurrent.FutureTask.report(FutureTask.java:122)
	at java.util.concurrent.FutureTask.get(FutureTask.java:192)
	at org.apache.ratis.server.impl.LeaderElection.waitForResults(LeaderElection.java:263)
	at org.apache.ratis.server.impl.LeaderElection.askForVotes(LeaderElection.java:201)
	at org.apache.ratis.server.impl.LeaderElection.run(LeaderElection.java:133)
	at java.lang.Thread.run(Thread.java:748)
Caused by: org.apache.ratis.thirdparty.io.grpc.StatusRuntimeException: UNAVAILABLE: io exception
	at org.apache.ratis.thirdparty.io.grpc.stub.ClientCalls.toStatusRuntimeException(ClientCalls.java:233)
	at org.apache.ratis.thirdparty.io.grpc.stub.ClientCalls.getUnchecked(ClientCalls.java:214)
	at org.apache.ratis.thirdparty.io.grpc.stub.ClientCalls.blockingUnaryCall(ClientCalls.java:139)
	at org.apache.ratis.proto.grpc.RaftServerProtocolServiceGrpc$RaftServerProtocolServiceBlockingStub.requestVote(RaftServerProtocolServiceGrpc.java:265)
	at org.apache.ratis.grpc.server.GrpcServerProtocolClient.requestVote(GrpcServerProtocolClient.java:90)
	at org.apache.ratis.grpc.server.GrpcService.requestVote(GrpcService.java:204)
	at org.apache.ratis.server.impl.LeaderElection.lambda$submitRequests$1(LeaderElection.java:238)
	at java.util.concurrent.FutureTask.run(FutureTask.java:266)
	at java.util.concurrent.Executors$RunnableAdapter.call(Executors.java:511)
	at java.util.concurrent.FutureTask.run(FutureTask.java:266)
	at java.util.concurrent.ThreadPoolExecutor.runWorker(ThreadPoolExecutor.java:1149)
	at java.util.concurrent.ThreadPoolExecutor$Worker.run(ThreadPoolExecutor.java:624)
	... 1 more
Caused by: org.apache.ratis.thirdparty.io.netty.channel.AbstractChannel$AnnotatedConnectException: Connection refused: /192.168.36.126:37960
	at sun.nio.ch.SocketChannelImpl.checkConnect(Native Method)
	at sun.nio.ch.SocketChannelImpl.finishConnect(SocketChannelImpl.java:717)
	at org.apache.ratis.thirdparty.io.netty.channel.socket.nio.NioSocketChannel.doFinishConnect(NioSocketChannel.java:327)
	at org.apache.ratis.thirdparty.io.netty.channel.nio.AbstractNioChannel$AbstractNioUnsafe.finishConnect(AbstractNioChannel.java:340)
	at org.apache.ratis.thirdparty.io.netty.channel.nio.NioEventLoop.processSelectedKey(NioEventLoop.java:632)
	at org.apache.ratis.thirdparty.io.netty.channel.nio.NioEventLoop.processSelectedKeysOptimized(NioEventLoop.java:579)
	at org.apache.ratis.thirdparty.io.netty.channel.nio.NioEventLoop.processSelectedKeys(NioEventLoop.java:496)
	at org.apache.ratis.thirdparty.io.netty.channel.nio.NioEventLoop.run(NioEventLoop.java:458)
	at org.apache.ratis.thirdparty.io.netty.util.concurrent.SingleThreadEventExecutor$5.run(SingleThreadEventExecutor.java:897)
	at org.apache.ratis.thirdparty.io.netty.util.concurrent.FastThreadLocalRunnable.run(FastThreadLocalRunnable.java:30)
	... 1 more
Caused by: java.net.ConnectException: Connection refused
	... 11 more
2019-09-25 05:31:54,069 [f9c12371-c091-4b4a-8db2-6f0db97bbab3@group-0EC8D23D101B:LeaderElection184] INFO  impl.RaftServerImpl (RaftServerImpl.java:setRole(174)) - f9c12371-c091-4b4a-8db2-6f0db97bbab3@group-0EC8D23D101B: changes role from CANDIDATE to FOLLOWER at term 11 for DISCOVERED_A_NEW_TERM
2019-09-25 05:31:54,069 [f9c12371-c091-4b4a-8db2-6f0db97bbab3@group-AEFF648B0F59:LeaderElection186] INFO  impl.LeaderElection (LogUtils.java:infoOrTrace(149)) -   Exception 0: {}
java.util.concurrent.ExecutionException: org.apache.ratis.thirdparty.io.grpc.StatusRuntimeException: UNAVAILABLE: io exception
	at java.util.concurrent.FutureTask.report(FutureTask.java:122)
	at java.util.concurrent.FutureTask.get(FutureTask.java:192)
	at org.apache.ratis.server.impl.LeaderElection.waitForResults(LeaderElection.java:263)
	at org.apache.ratis.server.impl.LeaderElection.askForVotes(LeaderElection.java:201)
	at org.apache.ratis.server.impl.LeaderElection.run(LeaderElection.java:133)
	at java.lang.Thread.run(Thread.java:748)
Caused by: org.apache.ratis.thirdparty.io.grpc.StatusRuntimeException: UNAVAILABLE: io exception
	at org.apache.ratis.thirdparty.io.grpc.stub.ClientCalls.toStatusRuntimeException(ClientCalls.java:233)
	at org.apache.ratis.thirdparty.io.grpc.stub.ClientCalls.getUnchecked(ClientCalls.java:214)
	at org.apache.ratis.thirdparty.io.grpc.stub.ClientCalls.blockingUnaryCall(ClientCalls.java:139)
	at org.apache.ratis.proto.grpc.RaftServerProtocolServiceGrpc$RaftServerProtocolServiceBlockingStub.requestVote(RaftServerProtocolServiceGrpc.java:265)
	at org.apache.ratis.grpc.server.GrpcServerProtocolClient.requestVote(GrpcServerProtocolClient.java:90)
	at org.apache.ratis.grpc.server.GrpcService.requestVote(GrpcService.java:204)
	at org.apache.ratis.server.impl.LeaderElection.lambda$submitRequests$1(LeaderElection.java:238)
	at java.util.concurrent.FutureTask.run(FutureTask.java:266)
	at java.util.concurrent.Executors$RunnableAdapter.call(Executors.java:511)
	at java.util.concurrent.FutureTask.run(FutureTask.java:266)
	at java.util.concurrent.ThreadPoolExecutor.runWorker(ThreadPoolExecutor.java:1149)
	at java.util.concurrent.ThreadPoolExecutor$Worker.run(ThreadPoolExecutor.java:624)
	... 1 more
Caused by: org.apache.ratis.thirdparty.io.netty.channel.AbstractChannel$AnnotatedConnectException: Connection refused: /192.168.36.126:37960
	at sun.nio.ch.SocketChannelImpl.checkConnect(Native Method)
	at sun.nio.ch.SocketChannelImpl.finishConnect(SocketChannelImpl.java:717)
	at org.apache.ratis.thirdparty.io.netty.channel.socket.nio.NioSocketChannel.doFinishConnect(NioSocketChannel.java:327)
	at org.apache.ratis.thirdparty.io.netty.channel.nio.AbstractNioChannel$AbstractNioUnsafe.finishConnect(AbstractNioChannel.java:340)
	at org.apache.ratis.thirdparty.io.netty.channel.nio.NioEventLoop.processSelectedKey(NioEventLoop.java:632)
	at org.apache.ratis.thirdparty.io.netty.channel.nio.NioEventLoop.processSelectedKeysOptimized(NioEventLoop.java:579)
	at org.apache.ratis.thirdparty.io.netty.channel.nio.NioEventLoop.processSelectedKeys(NioEventLoop.java:496)
	at org.apache.ratis.thirdparty.io.netty.channel.nio.NioEventLoop.run(NioEventLoop.java:458)
	at org.apache.ratis.thirdparty.io.netty.util.concurrent.SingleThreadEventExecutor$5.run(SingleThreadEventExecutor.java:897)
	at org.apache.ratis.thirdparty.io.netty.util.concurrent.FastThreadLocalRunnable.run(FastThreadLocalRunnable.java:30)
	... 1 more
Caused by: java.net.ConnectException: Connection refused
	... 11 more
2019-09-25 05:31:54,069 [f9c12371-c091-4b4a-8db2-6f0db97bbab3@group-43825EC81F5D:LeaderElection181] INFO  impl.RaftServerImpl (RaftServerImpl.java:setRole(174)) - f9c12371-c091-4b4a-8db2-6f0db97bbab3@group-43825EC81F5D: changes role from CANDIDATE to FOLLOWER at term 7 for DISCOVERED_A_NEW_TERM
2019-09-25 05:31:54,068 [a58d7528-614e-4c39-a3a3-38beaa9905aa@group-AEFF648B0F59:LeaderElection183] INFO  impl.RaftServerImpl (RaftServerImpl.java:setRole(174)) - a58d7528-614e-4c39-a3a3-38beaa9905aa@group-AEFF648B0F59: changes role from CANDIDATE to FOLLOWER at term 11 for DISCOVERED_A_NEW_TERM
2019-09-25 05:31:54,067 [5c3318fc-c419-4298-b427-bf5a9ca27bf0@group-21C2C432FD88:LeaderElection180] INFO  impl.LeaderElection (LeaderElection.java:logAndReturn(56)) - 5c3318fc-c419-4298-b427-bf5a9ca27bf0@group-21C2C432FD88:LeaderElection180: Election REJECTED; received 0 response(s) [] and 2 exception(s); 5c3318fc-c419-4298-b427-bf5a9ca27bf0@group-21C2C432FD88:t14, leader=null, voted=5c3318fc-c419-4298-b427-bf5a9ca27bf0, raftlog=5c3318fc-c419-4298-b427-bf5a9ca27bf0@group-21C2C432FD88-SegmentedRaftLog:OPENED:c-1,f-1,i0, conf=-1: [5c3318fc-c419-4298-b427-bf5a9ca27bf0:192.168.36.126:46795, 61946a22-29ed-4e77-8449-fae4cd9869e9:192.168.36.126:36814, 0d4a37ed-4cec-423a-a360-e4a879eb6bc0:192.168.36.126:37817], old=null
2019-09-25 05:31:54,072 [5c3318fc-c419-4298-b427-bf5a9ca27bf0@group-21C2C432FD88:LeaderElection180] INFO  impl.LeaderElection (LogUtils.java:infoOrTrace(149)) -   Exception 0: {}
java.util.concurrent.ExecutionException: org.apache.ratis.thirdparty.io.grpc.StatusRuntimeException: UNAVAILABLE: io exception
	at java.util.concurrent.FutureTask.report(FutureTask.java:122)
	at java.util.concurrent.FutureTask.get(FutureTask.java:192)
	at org.apache.ratis.server.impl.LeaderElection.waitForResults(LeaderElection.java:263)
	at org.apache.ratis.server.impl.LeaderElection.askForVotes(LeaderElection.java:201)
	at org.apache.ratis.server.impl.LeaderElection.run(LeaderElection.java:133)
	at java.lang.Thread.run(Thread.java:748)
Caused by: org.apache.ratis.thirdparty.io.grpc.StatusRuntimeException: UNAVAILABLE: io exception
	at org.apache.ratis.thirdparty.io.grpc.stub.ClientCalls.toStatusRuntimeException(ClientCalls.java:233)
	at org.apache.ratis.thirdparty.io.grpc.stub.ClientCalls.getUnchecked(ClientCalls.java:214)
	at org.apache.ratis.thirdparty.io.grpc.stub.ClientCalls.blockingUnaryCall(ClientCalls.java:139)
	at org.apache.ratis.proto.grpc.RaftServerProtocolServiceGrpc$RaftServerProtocolServiceBlockingStub.requestVote(RaftServerProtocolServiceGrpc.java:265)
	at org.apache.ratis.grpc.server.GrpcServerProtocolClient.requestVote(GrpcServerProtocolClient.java:90)
	at org.apache.ratis.grpc.server.GrpcService.requestVote(GrpcService.java:204)
	at org.apache.ratis.server.impl.LeaderElection.lambda$submitRequests$1(LeaderElection.java:238)
	at java.util.concurrent.FutureTask.run(FutureTask.java:266)
	at java.util.concurrent.Executors$RunnableAdapter.call(Executors.java:511)
	at java.util.concurrent.FutureTask.run(FutureTask.java:266)
	at java.util.concurrent.ThreadPoolExecutor.runWorker(ThreadPoolExecutor.java:1149)
	at java.util.concurrent.ThreadPoolExecutor$Worker.run(ThreadPoolExecutor.java:624)
	... 1 more
Caused by: org.apache.ratis.thirdparty.io.netty.channel.AbstractChannel$AnnotatedConnectException: Connection refused: /192.168.36.126:36814
	at sun.nio.ch.SocketChannelImpl.checkConnect(Native Method)
	at sun.nio.ch.SocketChannelImpl.finishConnect(SocketChannelImpl.java:717)
	at org.apache.ratis.thirdparty.io.netty.channel.socket.nio.NioSocketChannel.doFinishConnect(NioSocketChannel.java:327)
	at org.apache.ratis.thirdparty.io.netty.channel.nio.AbstractNioChannel$AbstractNioUnsafe.finishConnect(AbstractNioChannel.java:340)
	at org.apache.ratis.thirdparty.io.netty.channel.nio.NioEventLoop.processSelectedKey(NioEventLoop.java:632)
	at org.apache.ratis.thirdparty.io.netty.channel.nio.NioEventLoop.processSelectedKeysOptimized(NioEventLoop.java:579)
	at org.apache.ratis.thirdparty.io.netty.channel.nio.NioEventLoop.processSelectedKeys(NioEventLoop.java:496)
	at org.apache.ratis.thirdparty.io.netty.channel.nio.NioEventLoop.run(NioEventLoop.java:458)
	at org.apache.ratis.thirdparty.io.netty.util.concurrent.SingleThreadEventExecutor$5.run(SingleThreadEventExecutor.java:897)
	at org.apache.ratis.thirdparty.io.netty.util.concurrent.FastThreadLocalRunnable.run(FastThreadLocalRunnable.java:30)
	... 1 more
Caused by: java.net.ConnectException: Connection refused
	... 11 more
2019-09-25 05:31:54,072 [5c3318fc-c419-4298-b427-bf5a9ca27bf0@group-21C2C432FD88:LeaderElection180] INFO  impl.LeaderElection (LogUtils.java:infoOrTrace(149)) -   Exception 1: {}
java.util.concurrent.ExecutionException: org.apache.ratis.thirdparty.io.grpc.StatusRuntimeException: UNAVAILABLE: io exception
	at java.util.concurrent.FutureTask.report(FutureTask.java:122)
	at java.util.concurrent.FutureTask.get(FutureTask.java:192)
	at org.apache.ratis.server.impl.LeaderElection.waitForResults(LeaderElection.java:263)
	at org.apache.ratis.server.impl.LeaderElection.askForVotes(LeaderElection.java:201)
	at org.apache.ratis.server.impl.LeaderElection.run(LeaderElection.java:133)
	at java.lang.Thread.run(Thread.java:748)
Caused by: org.apache.ratis.thirdparty.io.grpc.StatusRuntimeException: UNAVAILABLE: io exception
	at org.apache.ratis.thirdparty.io.grpc.stub.ClientCalls.toStatusRuntimeException(ClientCalls.java:233)
	at org.apache.ratis.thirdparty.io.grpc.stub.ClientCalls.getUnchecked(ClientCalls.java:214)
	at org.apache.ratis.thirdparty.io.grpc.stub.ClientCalls.blockingUnaryCall(ClientCalls.java:139)
	at org.apache.ratis.proto.grpc.RaftServerProtocolServiceGrpc$RaftServerProtocolServiceBlockingStub.requestVote(RaftServerProtocolServiceGrpc.java:265)
	at org.apache.ratis.grpc.server.GrpcServerProtocolClient.requestVote(GrpcServerProtocolClient.java:90)
	at org.apache.ratis.grpc.server.GrpcService.requestVote(GrpcService.java:204)
	at org.apache.ratis.server.impl.LeaderElection.lambda$submitRequests$1(LeaderElection.java:238)
	at java.util.concurrent.FutureTask.run(FutureTask.java:266)
	at java.util.concurrent.Executors$RunnableAdapter.call(Executors.java:511)
	at java.util.concurrent.FutureTask.run(FutureTask.java:266)
	at java.util.concurrent.ThreadPoolExecutor.runWorker(ThreadPoolExecutor.java:1149)
	at java.util.concurrent.ThreadPoolExecutor$Worker.run(ThreadPoolExecutor.java:624)
	... 1 more
Caused by: org.apache.ratis.thirdparty.io.netty.channel.AbstractChannel$AnnotatedConnectException: Connection refused: /192.168.36.126:37817
	at sun.nio.ch.SocketChannelImpl.checkConnect(Native Method)
	at sun.nio.ch.SocketChannelImpl.finishConnect(SocketChannelImpl.java:717)
	at org.apache.ratis.thirdparty.io.netty.channel.socket.nio.NioSocketChannel.doFinishConnect(NioSocketChannel.java:327)
	at org.apache.ratis.thirdparty.io.netty.channel.nio.AbstractNioChannel$AbstractNioUnsafe.finishConnect(AbstractNioChannel.java:340)
	at org.apache.ratis.thirdparty.io.netty.channel.nio.NioEventLoop.processSelectedKey(NioEventLoop.java:632)
	at org.apache.ratis.thirdparty.io.netty.channel.nio.NioEventLoop.processSelectedKeysOptimized(NioEventLoop.java:579)
	at org.apache.ratis.thirdparty.io.netty.channel.nio.NioEventLoop.processSelectedKeys(NioEventLoop.java:496)
	at org.apache.ratis.thirdparty.io.netty.channel.nio.NioEventLoop.run(NioEventLoop.java:458)
	at org.apache.ratis.thirdparty.io.netty.util.concurrent.SingleThreadEventExecutor$5.run(SingleThreadEventExecutor.java:897)
	at org.apache.ratis.thirdparty.io.netty.util.concurrent.FastThreadLocalRunnable.run(FastThreadLocalRunnable.java:30)
	... 1 more
Caused by: java.net.ConnectException: Connection refused
	... 11 more
2019-09-25 05:31:54,067 [5c3318fc-c419-4298-b427-bf5a9ca27bf0@group-059250D1A272:LeaderElection185] INFO  impl.LeaderElection (LeaderElection.java:logAndReturn(56)) - 5c3318fc-c419-4298-b427-bf5a9ca27bf0@group-059250D1A272:LeaderElection185: Election REJECTED; received 0 response(s) [] and 2 exception(s); 5c3318fc-c419-4298-b427-bf5a9ca27bf0@group-059250D1A272:t13, leader=null, voted=5c3318fc-c419-4298-b427-bf5a9ca27bf0, raftlog=5c3318fc-c419-4298-b427-bf5a9ca27bf0@group-059250D1A272-SegmentedRaftLog:OPENED:c-1,f-1,i0, conf=-1: [5c3318fc-c419-4298-b427-bf5a9ca27bf0:192.168.36.126:46795, 61946a22-29ed-4e77-8449-fae4cd9869e9:192.168.36.126:36814, 0d4a37ed-4cec-423a-a360-e4a879eb6bc0:192.168.36.126:37817], old=null
2019-09-25 05:31:54,073 [5c3318fc-c419-4298-b427-bf5a9ca27bf0@group-21C2C432FD88:LeaderElection180] INFO  impl.RaftServerImpl (RaftServerImpl.java:setRole(174)) - 5c3318fc-c419-4298-b427-bf5a9ca27bf0@group-21C2C432FD88: changes role from CANDIDATE to FOLLOWER at term 14 for DISCOVERED_A_NEW_TERM
2019-09-25 05:31:54,073 [5c3318fc-c419-4298-b427-bf5a9ca27bf0@group-21C2C432FD88:LeaderElection180] INFO  impl.RoleInfo (RoleInfo.java:shutdownLeaderElection(134)) - 5c3318fc-c419-4298-b427-bf5a9ca27bf0: shutdown LeaderElection
2019-09-25 05:31:54,072 [a58d7528-614e-4c39-a3a3-38beaa9905aa@group-AEFF648B0F59:LeaderElection183] INFO  impl.RoleInfo (RoleInfo.java:shutdownLeaderElection(134)) - a58d7528-614e-4c39-a3a3-38beaa9905aa: shutdown LeaderElection
2019-09-25 05:31:54,071 [f9c12371-c091-4b4a-8db2-6f0db97bbab3@group-43825EC81F5D:LeaderElection181] INFO  impl.RoleInfo (RoleInfo.java:shutdownLeaderElection(134)) - f9c12371-c091-4b4a-8db2-6f0db97bbab3: shutdown LeaderElection
2019-09-25 05:31:54,071 [f9c12371-c091-4b4a-8db2-6f0db97bbab3@group-AEFF648B0F59:LeaderElection186] INFO  impl.RaftServerImpl (RaftServerImpl.java:setRole(174)) - f9c12371-c091-4b4a-8db2-6f0db97bbab3@group-AEFF648B0F59: changes role from CANDIDATE to FOLLOWER at term 11 for DISCOVERED_A_NEW_TERM
2019-09-25 05:31:54,071 [f9c12371-c091-4b4a-8db2-6f0db97bbab3@group-0EC8D23D101B:LeaderElection184] INFO  impl.RoleInfo (RoleInfo.java:shutdownLeaderElection(134)) - f9c12371-c091-4b4a-8db2-6f0db97bbab3: shutdown LeaderElection
2019-09-25 05:31:54,071 [a58d7528-614e-4c39-a3a3-38beaa9905aa@group-0EC8D23D101B:LeaderElection187] INFO  impl.RaftServerImpl (RaftServerImpl.java:setRole(174)) - a58d7528-614e-4c39-a3a3-38beaa9905aa@group-0EC8D23D101B: changes role from CANDIDATE to FOLLOWER at term 11 for DISCOVERED_A_NEW_TERM
2019-09-25 05:31:54,070 [616f9f8f-9479-40f4-8c03-f125dcbf9c7f@group-60724A24602F:LeaderElection179] INFO  impl.RoleInfo (RoleInfo.java:updateAndGet(143)) - 616f9f8f-9479-40f4-8c03-f125dcbf9c7f: start FollowerState
2019-09-25 05:31:54,070 [a58d7528-614e-4c39-a3a3-38beaa9905aa@group-43825EC81F5D:LeaderElection178] INFO  impl.LeaderElection (LogUtils.java:infoOrTrace(149)) -   Exception 0: {}
java.util.concurrent.ExecutionException: org.apache.ratis.thirdparty.io.grpc.StatusRuntimeException: UNAVAILABLE: io exception
	at java.util.concurrent.FutureTask.report(FutureTask.java:122)
	at java.util.concurrent.FutureTask.get(FutureTask.java:192)
	at org.apache.ratis.server.impl.LeaderElection.waitForResults(LeaderElection.java:263)
	at org.apache.ratis.server.impl.LeaderElection.askForVotes(LeaderElection.java:201)
	at org.apache.ratis.server.impl.LeaderElection.run(LeaderElection.java:133)
	at java.lang.Thread.run(Thread.java:748)
Caused by: org.apache.ratis.thirdparty.io.grpc.StatusRuntimeException: UNAVAILABLE: io exception
	at org.apache.ratis.thirdparty.io.grpc.stub.ClientCalls.toStatusRuntimeException(ClientCalls.java:233)
	at org.apache.ratis.thirdparty.io.grpc.stub.ClientCalls.getUnchecked(ClientCalls.java:214)
	at org.apache.ratis.thirdparty.io.grpc.stub.ClientCalls.blockingUnaryCall(ClientCalls.java:139)
	at org.apache.ratis.proto.grpc.RaftServerProtocolServiceGrpc$RaftServerProtocolServiceBlockingStub.requestVote(RaftServerProtocolServiceGrpc.java:265)
	at org.apache.ratis.grpc.server.GrpcServerProtocolClient.requestVote(GrpcServerProtocolClient.java:90)
	at org.apache.ratis.grpc.server.GrpcService.requestVote(GrpcService.java:204)
	at org.apache.ratis.server.impl.LeaderElection.lambda$submitRequests$1(LeaderElection.java:238)
	at java.util.concurrent.FutureTask.run(FutureTask.java:266)
	at java.util.concurrent.Executors$RunnableAdapter.call(Executors.java:511)
	at java.util.concurrent.FutureTask.run(FutureTask.java:266)
	at java.util.concurrent.ThreadPoolExecutor.runWorker(ThreadPoolExecutor.java:1149)
	at java.util.concurrent.ThreadPoolExecutor$Worker.run(ThreadPoolExecutor.java:624)
	... 1 more
Caused by: org.apache.ratis.thirdparty.io.netty.channel.AbstractChannel$AnnotatedConnectException: Connection refused: /192.168.36.126:37960
	at sun.nio.ch.SocketChannelImpl.checkConnect(Native Method)
	at sun.nio.ch.SocketChannelImpl.finishConnect(SocketChannelImpl.java:717)
	at org.apache.ratis.thirdparty.io.netty.channel.socket.nio.NioSocketChannel.doFinishConnect(NioSocketChannel.java:327)
	at org.apache.ratis.thirdparty.io.netty.channel.nio.AbstractNioChannel$AbstractNioUnsafe.finishConnect(AbstractNioChannel.java:340)
	at org.apache.ratis.thirdparty.io.netty.channel.nio.NioEventLoop.processSelectedKey(NioEventLoop.java:632)
	at org.apache.ratis.thirdparty.io.netty.channel.nio.NioEventLoop.processSelectedKeysOptimized(NioEventLoop.java:579)
	at org.apache.ratis.thirdparty.io.netty.channel.nio.NioEventLoop.processSelectedKeys(NioEventLoop.java:496)
	at org.apache.ratis.thirdparty.io.netty.channel.nio.NioEventLoop.run(NioEventLoop.java:458)
	at org.apache.ratis.thirdparty.io.netty.util.concurrent.SingleThreadEventExecutor$5.run(SingleThreadEventExecutor.java:897)
	at org.apache.ratis.thirdparty.io.netty.util.concurrent.FastThreadLocalRunnable.run(FastThreadLocalRunnable.java:30)
	... 1 more
Caused by: java.net.ConnectException: Connection refused
	... 11 more
2019-09-25 05:31:54,074 [a58d7528-614e-4c39-a3a3-38beaa9905aa@group-0EC8D23D101B:LeaderElection187] INFO  impl.RoleInfo (RoleInfo.java:shutdownLeaderElection(134)) - a58d7528-614e-4c39-a3a3-38beaa9905aa: shutdown LeaderElection
2019-09-25 05:31:54,074 [f9c12371-c091-4b4a-8db2-6f0db97bbab3@group-0EC8D23D101B:LeaderElection184] INFO  impl.RoleInfo (RoleInfo.java:updateAndGet(143)) - f9c12371-c091-4b4a-8db2-6f0db97bbab3: start FollowerState
2019-09-25 05:31:54,074 [f9c12371-c091-4b4a-8db2-6f0db97bbab3@group-AEFF648B0F59:LeaderElection186] INFO  impl.RoleInfo (RoleInfo.java:shutdownLeaderElection(134)) - f9c12371-c091-4b4a-8db2-6f0db97bbab3: shutdown LeaderElection
2019-09-25 05:31:54,073 [f9c12371-c091-4b4a-8db2-6f0db97bbab3@group-43825EC81F5D:LeaderElection181] INFO  impl.RoleInfo (RoleInfo.java:updateAndGet(143)) - f9c12371-c091-4b4a-8db2-6f0db97bbab3: start FollowerState
2019-09-25 05:31:54,073 [a58d7528-614e-4c39-a3a3-38beaa9905aa@group-AEFF648B0F59:LeaderElection183] INFO  impl.RoleInfo (RoleInfo.java:updateAndGet(143)) - a58d7528-614e-4c39-a3a3-38beaa9905aa: start FollowerState
2019-09-25 05:31:54,073 [5c3318fc-c419-4298-b427-bf5a9ca27bf0@group-21C2C432FD88:LeaderElection180] INFO  impl.RoleInfo (RoleInfo.java:updateAndGet(143)) - 5c3318fc-c419-4298-b427-bf5a9ca27bf0: start FollowerState
2019-09-25 05:31:54,073 [5c3318fc-c419-4298-b427-bf5a9ca27bf0@group-059250D1A272:LeaderElection185] INFO  impl.LeaderElection (LogUtils.java:infoOrTrace(149)) -   Exception 0: {}
java.util.concurrent.ExecutionException: org.apache.ratis.thirdparty.io.grpc.StatusRuntimeException: UNAVAILABLE: io exception
	at java.util.concurrent.FutureTask.report(FutureTask.java:122)
	at java.util.concurrent.FutureTask.get(FutureTask.java:192)
	at org.apache.ratis.server.impl.LeaderElection.waitForResults(LeaderElection.java:263)
	at org.apache.ratis.server.impl.LeaderElection.askForVotes(LeaderElection.java:201)
	at org.apache.ratis.server.impl.LeaderElection.run(LeaderElection.java:133)
	at java.lang.Thread.run(Thread.java:748)
Caused by: org.apache.ratis.thirdparty.io.grpc.StatusRuntimeException: UNAVAILABLE: io exception
	at org.apache.ratis.thirdparty.io.grpc.stub.ClientCalls.toStatusRuntimeException(ClientCalls.java:233)
	at org.apache.ratis.thirdparty.io.grpc.stub.ClientCalls.getUnchecked(ClientCalls.java:214)
	at org.apache.ratis.thirdparty.io.grpc.stub.ClientCalls.blockingUnaryCall(ClientCalls.java:139)
	at org.apache.ratis.proto.grpc.RaftServerProtocolServiceGrpc$RaftServerProtocolServiceBlockingStub.requestVote(RaftServerProtocolServiceGrpc.java:265)
	at org.apache.ratis.grpc.server.GrpcServerProtocolClient.requestVote(GrpcServerProtocolClient.java:90)
	at org.apache.ratis.grpc.server.GrpcService.requestVote(GrpcService.java:204)
	at org.apache.ratis.server.impl.LeaderElection.lambda$submitRequests$1(LeaderElection.java:238)
	at java.util.concurrent.FutureTask.run(FutureTask.java:266)
	at java.util.concurrent.Executors$RunnableAdapter.call(Executors.java:511)
	at java.util.concurrent.FutureTask.run(FutureTask.java:266)
	at java.util.concurrent.ThreadPoolExecutor.runWorker(ThreadPoolExecutor.java:1149)
	at java.util.concurrent.ThreadPoolExecutor$Worker.run(ThreadPoolExecutor.java:624)
	... 1 more
Caused by: org.apache.ratis.thirdparty.io.netty.channel.AbstractChannel$AnnotatedConnectException: Connection refused: /192.168.36.126:36814
	at sun.nio.ch.SocketChannelImpl.checkConnect(Native Method)
	at sun.nio.ch.SocketChannelImpl.finishConnect(SocketChannelImpl.java:717)
	at org.apache.ratis.thirdparty.io.netty.channel.socket.nio.NioSocketChannel.doFinishConnect(NioSocketChannel.java:327)
	at org.apache.ratis.thirdparty.io.netty.channel.nio.AbstractNioChannel$AbstractNioUnsafe.finishConnect(AbstractNioChannel.java:340)
	at org.apache.ratis.thirdparty.io.netty.channel.nio.NioEventLoop.processSelectedKey(NioEventLoop.java:632)
	at org.apache.ratis.thirdparty.io.netty.channel.nio.NioEventLoop.processSelectedKeysOptimized(NioEventLoop.java:579)
	at org.apache.ratis.thirdparty.io.netty.channel.nio.NioEventLoop.processSelectedKeys(NioEventLoop.java:496)
	at org.apache.ratis.thirdparty.io.netty.channel.nio.NioEventLoop.run(NioEventLoop.java:458)
	at org.apache.ratis.thirdparty.io.netty.util.concurrent.SingleThreadEventExecutor$5.run(SingleThreadEventExecutor.java:897)
	at org.apache.ratis.thirdparty.io.netty.util.concurrent.FastThreadLocalRunnable.run(FastThreadLocalRunnable.java:30)
	... 1 more
Caused by: java.net.ConnectException: Connection refused
	... 11 more
2019-09-25 05:31:54,075 [e997a993-6131-47bf-96c8-764e04cb5c0e@group-60724A24602F:LeaderElection182] INFO  impl.LeaderElection (LeaderElection.java:logAndReturn(56)) - e997a993-6131-47bf-96c8-764e04cb5c0e@group-60724A24602F:LeaderElection182: Election REJECTED; received 1 response(s) [e997a993-6131-47bf-96c8-764e04cb5c0e<-616f9f8f-9479-40f4-8c03-f125dcbf9c7f#0:FAIL-t13] and 1 exception(s); e997a993-6131-47bf-96c8-764e04cb5c0e@group-60724A24602F:t13, leader=null, voted=e997a993-6131-47bf-96c8-764e04cb5c0e, raftlog=e997a993-6131-47bf-96c8-764e04cb5c0e@group-60724A24602F-SegmentedRaftLog:OPENED:c-1,f-1,i0, conf=-1: [616f9f8f-9479-40f4-8c03-f125dcbf9c7f:192.168.36.126:39694, e997a993-6131-47bf-96c8-764e04cb5c0e:192.168.36.126:37678, fd2f3f79-5d7b-4d37-bb24-b15dfe7f18d7:192.168.36.126:42280], old=null
2019-09-25 05:31:54,077 [e997a993-6131-47bf-96c8-764e04cb5c0e@group-60724A24602F:LeaderElection182] INFO  impl.LeaderElection (LogUtils.java:infoOrTrace(149)) -   Exception 0: {}
java.util.concurrent.ExecutionException: org.apache.ratis.thirdparty.io.grpc.StatusRuntimeException: UNAVAILABLE: io exception
	at java.util.concurrent.FutureTask.report(FutureTask.java:122)
	at java.util.concurrent.FutureTask.get(FutureTask.java:192)
	at org.apache.ratis.server.impl.LeaderElection.waitForResults(LeaderElection.java:263)
	at org.apache.ratis.server.impl.LeaderElection.askForVotes(LeaderElection.java:201)
	at org.apache.ratis.server.impl.LeaderElection.run(LeaderElection.java:133)
	at java.lang.Thread.run(Thread.java:748)
Caused by: org.apache.ratis.thirdparty.io.grpc.StatusRuntimeException: UNAVAILABLE: io exception
	at org.apache.ratis.thirdparty.io.grpc.stub.ClientCalls.toStatusRuntimeException(ClientCalls.java:233)
	at org.apache.ratis.thirdparty.io.grpc.stub.ClientCalls.getUnchecked(ClientCalls.java:214)
	at org.apache.ratis.thirdparty.io.grpc.stub.ClientCalls.blockingUnaryCall(ClientCalls.java:139)
	at org.apache.ratis.proto.grpc.RaftServerProtocolServiceGrpc$RaftServerProtocolServiceBlockingStub.requestVote(RaftServerProtocolServiceGrpc.java:265)
	at org.apache.ratis.grpc.server.GrpcServerProtocolClient.requestVote(GrpcServerProtocolClient.java:90)
	at org.apache.ratis.grpc.server.GrpcService.requestVote(GrpcService.java:204)
	at org.apache.ratis.server.impl.LeaderElection.lambda$submitRequests$1(LeaderElection.java:238)
	at java.util.concurrent.FutureTask.run(FutureTask.java:266)
	at java.util.concurrent.Executors$RunnableAdapter.call(Executors.java:511)
	at java.util.concurrent.FutureTask.run(FutureTask.java:266)
	at java.util.concurrent.ThreadPoolExecutor.runWorker(ThreadPoolExecutor.java:1149)
	at java.util.concurrent.ThreadPoolExecutor$Worker.run(ThreadPoolExecutor.java:624)
	... 1 more
Caused by: org.apache.ratis.thirdparty.io.netty.channel.AbstractChannel$AnnotatedConnectException: Connection refused: /192.168.36.126:42280
	at sun.nio.ch.SocketChannelImpl.checkConnect(Native Method)
	at sun.nio.ch.SocketChannelImpl.finishConnect(SocketChannelImpl.java:717)
	at org.apache.ratis.thirdparty.io.netty.channel.socket.nio.NioSocketChannel.doFinishConnect(NioSocketChannel.java:327)
	at org.apache.ratis.thirdparty.io.netty.channel.nio.AbstractNioChannel$AbstractNioUnsafe.finishConnect(AbstractNioChannel.java:340)
	at org.apache.ratis.thirdparty.io.netty.channel.nio.NioEventLoop.processSelectedKey(NioEventLoop.java:632)
	at org.apache.ratis.thirdparty.io.netty.channel.nio.NioEventLoop.processSelectedKeysOptimized(NioEventLoop.java:579)
	at org.apache.ratis.thirdparty.io.netty.channel.nio.NioEventLoop.processSelectedKeys(NioEventLoop.java:496)
	at org.apache.ratis.thirdparty.io.netty.channel.nio.NioEventLoop.run(NioEventLoop.java:458)
	at org.apache.ratis.thirdparty.io.netty.util.concurrent.SingleThreadEventExecutor$5.run(SingleThreadEventExecutor.java:897)
	at org.apache.ratis.thirdparty.io.netty.util.concurrent.FastThreadLocalRunnable.run(FastThreadLocalRunnable.java:30)
	... 1 more
Caused by: java.net.ConnectException: Connection refused
	... 11 more
2019-09-25 05:31:54,075 [f9c12371-c091-4b4a-8db2-6f0db97bbab3@group-AEFF648B0F59:LeaderElection186] INFO  impl.RoleInfo (RoleInfo.java:updateAndGet(143)) - f9c12371-c091-4b4a-8db2-6f0db97bbab3: start FollowerState
2019-09-25 05:31:54,075 [a58d7528-614e-4c39-a3a3-38beaa9905aa@group-0EC8D23D101B:LeaderElection187] INFO  impl.RoleInfo (RoleInfo.java:updateAndGet(143)) - a58d7528-614e-4c39-a3a3-38beaa9905aa: start FollowerState
2019-09-25 05:31:54,074 [a58d7528-614e-4c39-a3a3-38beaa9905aa@group-43825EC81F5D:LeaderElection178] INFO  impl.RaftServerImpl (RaftServerImpl.java:setRole(174)) - a58d7528-614e-4c39-a3a3-38beaa9905aa@group-43825EC81F5D: changes role from CANDIDATE to FOLLOWER at term 7 for DISCOVERED_A_NEW_TERM
2019-09-25 05:31:54,078 [a58d7528-614e-4c39-a3a3-38beaa9905aa@group-43825EC81F5D:LeaderElection178] INFO  impl.RoleInfo (RoleInfo.java:shutdownLeaderElection(134)) - a58d7528-614e-4c39-a3a3-38beaa9905aa: shutdown LeaderElection
2019-09-25 05:31:54,077 [e997a993-6131-47bf-96c8-764e04cb5c0e@group-60724A24602F:LeaderElection182] INFO  impl.RaftServerImpl (RaftServerImpl.java:setRole(174)) - e997a993-6131-47bf-96c8-764e04cb5c0e@group-60724A24602F: changes role from CANDIDATE to FOLLOWER at term 13 for DISCOVERED_A_NEW_TERM
2019-09-25 05:31:54,076 [5c3318fc-c419-4298-b427-bf5a9ca27bf0@group-059250D1A272:LeaderElection185] INFO  impl.LeaderElection (LogUtils.java:infoOrTrace(149)) -   Exception 1: {}
java.util.concurrent.ExecutionException: org.apache.ratis.thirdparty.io.grpc.StatusRuntimeException: UNAVAILABLE: io exception
	at java.util.concurrent.FutureTask.report(FutureTask.java:122)
	at java.util.concurrent.FutureTask.get(FutureTask.java:192)
	at org.apache.ratis.server.impl.LeaderElection.waitForResults(LeaderElection.java:263)
	at org.apache.ratis.server.impl.LeaderElection.askForVotes(LeaderElection.java:201)
	at org.apache.ratis.server.impl.LeaderElection.run(LeaderElection.java:133)
	at java.lang.Thread.run(Thread.java:748)
Caused by: org.apache.ratis.thirdparty.io.grpc.StatusRuntimeException: UNAVAILABLE: io exception
	at org.apache.ratis.thirdparty.io.grpc.stub.ClientCalls.toStatusRuntimeException(ClientCalls.java:233)
	at org.apache.ratis.thirdparty.io.grpc.stub.ClientCalls.getUnchecked(ClientCalls.java:214)
	at org.apache.ratis.thirdparty.io.grpc.stub.ClientCalls.blockingUnaryCall(ClientCalls.java:139)
	at org.apache.ratis.proto.grpc.RaftServerProtocolServiceGrpc$RaftServerProtocolServiceBlockingStub.requestVote(RaftServerProtocolServiceGrpc.java:265)
	at org.apache.ratis.grpc.server.GrpcServerProtocolClient.requestVote(GrpcServerProtocolClient.java:90)
	at org.apache.ratis.grpc.server.GrpcService.requestVote(GrpcService.java:204)
	at org.apache.ratis.server.impl.LeaderElection.lambda$submitRequests$1(LeaderElection.java:238)
	at java.util.concurrent.FutureTask.run(FutureTask.java:266)
	at java.util.concurrent.Executors$RunnableAdapter.call(Executors.java:511)
	at java.util.concurrent.FutureTask.run(FutureTask.java:266)
	at java.util.concurrent.ThreadPoolExecutor.runWorker(ThreadPoolExecutor.java:1149)
	at java.util.concurrent.ThreadPoolExecutor$Worker.run(ThreadPoolExecutor.java:624)
	... 1 more
Caused by: org.apache.ratis.thirdparty.io.netty.channel.AbstractChannel$AnnotatedConnectException: Connection refused: /192.168.36.126:37817
	at sun.nio.ch.SocketChannelImpl.checkConnect(Native Method)
	at sun.nio.ch.SocketChannelImpl.finishConnect(SocketChannelImpl.java:717)
	at org.apache.ratis.thirdparty.io.netty.channel.socket.nio.NioSocketChannel.doFinishConnect(NioSocketChannel.java:327)
	at org.apache.ratis.thirdparty.io.netty.channel.nio.AbstractNioChannel$AbstractNioUnsafe.finishConnect(AbstractNioChannel.java:340)
	at org.apache.ratis.thirdparty.io.netty.channel.nio.NioEventLoop.processSelectedKey(NioEventLoop.java:632)
	at org.apache.ratis.thirdparty.io.netty.channel.nio.NioEventLoop.processSelectedKeysOptimized(NioEventLoop.java:579)
	at org.apache.ratis.thirdparty.io.netty.channel.nio.NioEventLoop.processSelectedKeys(NioEventLoop.java:496)
	at org.apache.ratis.thirdparty.io.netty.channel.nio.NioEventLoop.run(NioEventLoop.java:458)
	at org.apache.ratis.thirdparty.io.netty.util.concurrent.SingleThreadEventExecutor$5.run(SingleThreadEventExecutor.java:897)
	at org.apache.ratis.thirdparty.io.netty.util.concurrent.FastThreadLocalRunnable.run(FastThreadLocalRunnable.java:30)
	... 1 more
Caused by: java.net.ConnectException: Connection refused
	... 11 more
2019-09-25 05:31:54,078 [e997a993-6131-47bf-96c8-764e04cb5c0e@group-60724A24602F:LeaderElection182] INFO  impl.RoleInfo (RoleInfo.java:shutdownLeaderElection(134)) - e997a993-6131-47bf-96c8-764e04cb5c0e: shutdown LeaderElection
2019-09-25 05:31:54,078 [a58d7528-614e-4c39-a3a3-38beaa9905aa@group-43825EC81F5D:LeaderElection178] INFO  impl.RoleInfo (RoleInfo.java:updateAndGet(143)) - a58d7528-614e-4c39-a3a3-38beaa9905aa: start FollowerState
2019-09-25 05:31:54,079 [e997a993-6131-47bf-96c8-764e04cb5c0e@group-60724A24602F:LeaderElection182] INFO  impl.RoleInfo (RoleInfo.java:updateAndGet(143)) - e997a993-6131-47bf-96c8-764e04cb5c0e: start FollowerState
2019-09-25 05:31:54,079 [5c3318fc-c419-4298-b427-bf5a9ca27bf0@group-059250D1A272:LeaderElection185] INFO  impl.RaftServerImpl (RaftServerImpl.java:setRole(174)) - 5c3318fc-c419-4298-b427-bf5a9ca27bf0@group-059250D1A272: changes role from CANDIDATE to FOLLOWER at term 13 for DISCOVERED_A_NEW_TERM
2019-09-25 05:31:54,080 [5c3318fc-c419-4298-b427-bf5a9ca27bf0@group-059250D1A272:LeaderElection185] INFO  impl.RoleInfo (RoleInfo.java:shutdownLeaderElection(134)) - 5c3318fc-c419-4298-b427-bf5a9ca27bf0: shutdown LeaderElection
2019-09-25 05:31:54,080 [5c3318fc-c419-4298-b427-bf5a9ca27bf0@group-059250D1A272:LeaderElection185] INFO  impl.RoleInfo (RoleInfo.java:updateAndGet(143)) - 5c3318fc-c419-4298-b427-bf5a9ca27bf0: start FollowerState
2019-09-25 05:31:55,102 [Thread-1123] INFO  impl.FollowerState (FollowerState.java:run(106)) - 5c3318fc-c419-4298-b427-bf5a9ca27bf0:group-21C2C432FD88 changes to CANDIDATE, lastRpcTime:1028, electionTimeout:1026ms
2019-09-25 05:31:55,102 [Thread-1123] INFO  impl.RoleInfo (RoleInfo.java:shutdownFollowerState(121)) - 5c3318fc-c419-4298-b427-bf5a9ca27bf0: shutdown FollowerState
2019-09-25 05:31:55,102 [Thread-1123] INFO  impl.RaftServerImpl (RaftServerImpl.java:setRole(174)) - 5c3318fc-c419-4298-b427-bf5a9ca27bf0@group-21C2C432FD88: changes role from  FOLLOWER to CANDIDATE at term 14 for changeToCandidate
2019-09-25 05:31:55,103 [Thread-1123] INFO  impl.RoleInfo (RoleInfo.java:updateAndGet(143)) - 5c3318fc-c419-4298-b427-bf5a9ca27bf0: start LeaderElection
2019-09-25 05:31:55,107 [Thread-1122] INFO  impl.FollowerState (FollowerState.java:run(106)) - 616f9f8f-9479-40f4-8c03-f125dcbf9c7f:group-60724A24602F changes to CANDIDATE, lastRpcTime:1037, electionTimeout:1033ms
2019-09-25 05:31:55,108 [Thread-1122] INFO  impl.RoleInfo (RoleInfo.java:shutdownFollowerState(121)) - 616f9f8f-9479-40f4-8c03-f125dcbf9c7f: shutdown FollowerState
2019-09-25 05:31:55,108 [Thread-1122] INFO  impl.RaftServerImpl (RaftServerImpl.java:setRole(174)) - 616f9f8f-9479-40f4-8c03-f125dcbf9c7f@group-60724A24602F: changes role from  FOLLOWER to CANDIDATE at term 13 for changeToCandidate
2019-09-25 05:31:55,108 [Thread-1122] INFO  impl.RoleInfo (RoleInfo.java:updateAndGet(143)) - 616f9f8f-9479-40f4-8c03-f125dcbf9c7f: start LeaderElection
2019-09-25 05:31:55,127 [Thread-1131] INFO  impl.FollowerState (FollowerState.java:run(106)) - 5c3318fc-c419-4298-b427-bf5a9ca27bf0:group-059250D1A272 changes to CANDIDATE, lastRpcTime:1047, electionTimeout:1047ms
2019-09-25 05:31:55,128 [Thread-1131] INFO  impl.RoleInfo (RoleInfo.java:shutdownFollowerState(121)) - 5c3318fc-c419-4298-b427-bf5a9ca27bf0: shutdown FollowerState
2019-09-25 05:31:55,128 [Thread-1131] INFO  impl.RaftServerImpl (RaftServerImpl.java:setRole(174)) - 5c3318fc-c419-4298-b427-bf5a9ca27bf0@group-059250D1A272: changes role from  FOLLOWER to CANDIDATE at term 13 for changeToCandidate
2019-09-25 05:31:55,128 [Thread-1131] INFO  impl.RoleInfo (RoleInfo.java:updateAndGet(143)) - 5c3318fc-c419-4298-b427-bf5a9ca27bf0: start LeaderElection
2019-09-25 05:31:55,142 [Thread-1129] INFO  impl.FollowerState (FollowerState.java:run(106)) - a58d7528-614e-4c39-a3a3-38beaa9905aa:group-43825EC81F5D changes to CANDIDATE, lastRpcTime:1063, electionTimeout:1062ms
2019-09-25 05:31:55,142 [Thread-1129] INFO  impl.RoleInfo (RoleInfo.java:shutdownFollowerState(121)) - a58d7528-614e-4c39-a3a3-38beaa9905aa: shutdown FollowerState
2019-09-25 05:31:55,142 [Thread-1129] INFO  impl.RaftServerImpl (RaftServerImpl.java:setRole(174)) - a58d7528-614e-4c39-a3a3-38beaa9905aa@group-43825EC81F5D: changes role from  FOLLOWER to CANDIDATE at term 7 for changeToCandidate
2019-09-25 05:31:55,142 [Thread-1129] INFO  impl.RoleInfo (RoleInfo.java:updateAndGet(143)) - a58d7528-614e-4c39-a3a3-38beaa9905aa: start LeaderElection
2019-09-25 05:31:55,155 [Thread-1127] INFO  impl.FollowerState (FollowerState.java:run(106)) - a58d7528-614e-4c39-a3a3-38beaa9905aa:group-0EC8D23D101B changes to CANDIDATE, lastRpcTime:1080, electionTimeout:1077ms
2019-09-25 05:31:55,155 [Thread-1127] INFO  impl.RoleInfo (RoleInfo.java:shutdownFollowerState(121)) - a58d7528-614e-4c39-a3a3-38beaa9905aa: shutdown FollowerState
2019-09-25 05:31:55,156 [Thread-1127] INFO  impl.RaftServerImpl (RaftServerImpl.java:setRole(174)) - a58d7528-614e-4c39-a3a3-38beaa9905aa@group-0EC8D23D101B: changes role from  FOLLOWER to CANDIDATE at term 11 for changeToCandidate
2019-09-25 05:31:55,156 [Thread-1127] INFO  impl.RoleInfo (RoleInfo.java:updateAndGet(143)) - a58d7528-614e-4c39-a3a3-38beaa9905aa: start LeaderElection
2019-09-25 05:31:55,169 [Thread-1130] INFO  impl.FollowerState (FollowerState.java:run(106)) - e997a993-6131-47bf-96c8-764e04cb5c0e:group-60724A24602F changes to CANDIDATE, lastRpcTime:1089, electionTimeout:1089ms
2019-09-25 05:31:55,169 [Thread-1130] INFO  impl.RoleInfo (RoleInfo.java:shutdownFollowerState(121)) - e997a993-6131-47bf-96c8-764e04cb5c0e: shutdown FollowerState
2019-09-25 05:31:55,170 [Thread-1130] INFO  impl.RaftServerImpl (RaftServerImpl.java:setRole(174)) - e997a993-6131-47bf-96c8-764e04cb5c0e@group-60724A24602F: changes role from  FOLLOWER to CANDIDATE at term 13 for changeToCandidate
2019-09-25 05:31:55,170 [Thread-1130] INFO  impl.RoleInfo (RoleInfo.java:updateAndGet(143)) - e997a993-6131-47bf-96c8-764e04cb5c0e: start LeaderElection
2019-09-25 05:31:55,204 [Thread-1125] INFO  impl.FollowerState (FollowerState.java:run(106)) - f9c12371-c091-4b4a-8db2-6f0db97bbab3:group-43825EC81F5D changes to CANDIDATE, lastRpcTime:1130, electionTimeout:1128ms
2019-09-25 05:31:55,204 [Thread-1125] INFO  impl.RoleInfo (RoleInfo.java:shutdownFollowerState(121)) - f9c12371-c091-4b4a-8db2-6f0db97bbab3: shutdown FollowerState
2019-09-25 05:31:55,204 [Thread-1125] INFO  impl.RaftServerImpl (RaftServerImpl.java:setRole(174)) - f9c12371-c091-4b4a-8db2-6f0db97bbab3@group-43825EC81F5D: changes role from  FOLLOWER to CANDIDATE at term 7 for changeToCandidate
2019-09-25 05:31:55,204 [Thread-1125] INFO  impl.RoleInfo (RoleInfo.java:updateAndGet(143)) - f9c12371-c091-4b4a-8db2-6f0db97bbab3: start LeaderElection
2019-09-25 05:31:55,220 [Thread-1128] INFO  impl.FollowerState (FollowerState.java:run(106)) - f9c12371-c091-4b4a-8db2-6f0db97bbab3:group-AEFF648B0F59 changes to CANDIDATE, lastRpcTime:1144, electionTimeout:1142ms
2019-09-25 05:31:55,220 [Thread-1128] INFO  impl.RoleInfo (RoleInfo.java:shutdownFollowerState(121)) - f9c12371-c091-4b4a-8db2-6f0db97bbab3: shutdown FollowerState
2019-09-25 05:31:55,220 [Thread-1128] INFO  impl.RaftServerImpl (RaftServerImpl.java:setRole(174)) - f9c12371-c091-4b4a-8db2-6f0db97bbab3@group-AEFF648B0F59: changes role from  FOLLOWER to CANDIDATE at term 11 for changeToCandidate
2019-09-25 05:31:55,221 [Thread-1128] INFO  impl.RoleInfo (RoleInfo.java:updateAndGet(143)) - f9c12371-c091-4b4a-8db2-6f0db97bbab3: start LeaderElection
2019-09-25 05:31:55,244 [Thread-1124] INFO  impl.FollowerState (FollowerState.java:run(106)) - a58d7528-614e-4c39-a3a3-38beaa9905aa:group-AEFF648B0F59 changes to CANDIDATE, lastRpcTime:1170, electionTimeout:1168ms
2019-09-25 05:31:55,244 [Thread-1124] INFO  impl.RoleInfo (RoleInfo.java:shutdownFollowerState(121)) - a58d7528-614e-4c39-a3a3-38beaa9905aa: shutdown FollowerState
2019-09-25 05:31:55,244 [Thread-1124] INFO  impl.RaftServerImpl (RaftServerImpl.java:setRole(174)) - a58d7528-614e-4c39-a3a3-38beaa9905aa@group-AEFF648B0F59: changes role from  FOLLOWER to CANDIDATE at term 11 for changeToCandidate
2019-09-25 05:31:55,244 [Thread-1124] INFO  impl.RoleInfo (RoleInfo.java:updateAndGet(143)) - a58d7528-614e-4c39-a3a3-38beaa9905aa: start LeaderElection
2019-09-25 05:31:55,271 [Thread-1126] INFO  impl.FollowerState (FollowerState.java:run(106)) - f9c12371-c091-4b4a-8db2-6f0db97bbab3:group-0EC8D23D101B changes to CANDIDATE, lastRpcTime:1197, electionTimeout:1196ms
2019-09-25 05:31:55,272 [Thread-1126] INFO  impl.RoleInfo (RoleInfo.java:shutdownFollowerState(121)) - f9c12371-c091-4b4a-8db2-6f0db97bbab3: shutdown FollowerState
2019-09-25 05:31:55,272 [Thread-1126] INFO  impl.RaftServerImpl (RaftServerImpl.java:setRole(174)) - f9c12371-c091-4b4a-8db2-6f0db97bbab3@group-0EC8D23D101B: changes role from  FOLLOWER to CANDIDATE at term 11 for changeToCandidate
2019-09-25 05:31:55,272 [Thread-1126] INFO  impl.RoleInfo (RoleInfo.java:updateAndGet(143)) - f9c12371-c091-4b4a-8db2-6f0db97bbab3: start LeaderElection
2019-09-25 05:31:55,525 [616f9f8f-9479-40f4-8c03-f125dcbf9c7f@group-60724A24602F:LeaderElection189] INFO  impl.LeaderElection (LeaderElection.java:askForVotes(182)) - 616f9f8f-9479-40f4-8c03-f125dcbf9c7f@group-60724A24602F:LeaderElection189: begin an election at term 14 for -1: [616f9f8f-9479-40f4-8c03-f125dcbf9c7f:192.168.36.126:39694, e997a993-6131-47bf-96c8-764e04cb5c0e:192.168.36.126:37678, fd2f3f79-5d7b-4d37-bb24-b15dfe7f18d7:192.168.36.126:42280], old=null
2019-09-25 05:31:55,525 [f9c12371-c091-4b4a-8db2-6f0db97bbab3@group-43825EC81F5D:LeaderElection194] INFO  impl.LeaderElection (LeaderElection.java:askForVotes(182)) - f9c12371-c091-4b4a-8db2-6f0db97bbab3@group-43825EC81F5D:LeaderElection194: begin an election at term 8 for -1: [a58d7528-614e-4c39-a3a3-38beaa9905aa:192.168.36.126:37942, f9c12371-c091-4b4a-8db2-6f0db97bbab3:192.168.36.126:46560, ce8ac917-2646-4112-adf7-d577593fabcb:192.168.36.126:37960], old=null
2019-09-25 05:31:55,525 [5c3318fc-c419-4298-b427-bf5a9ca27bf0@group-21C2C432FD88:LeaderElection188] INFO  impl.LeaderElection (LeaderElection.java:askForVotes(182)) - 5c3318fc-c419-4298-b427-bf5a9ca27bf0@group-21C2C432FD88:LeaderElection188: begin an election at term 15 for -1: [5c3318fc-c419-4298-b427-bf5a9ca27bf0:192.168.36.126:46795, 61946a22-29ed-4e77-8449-fae4cd9869e9:192.168.36.126:36814, 0d4a37ed-4cec-423a-a360-e4a879eb6bc0:192.168.36.126:37817], old=null
2019-09-25 05:31:55,525 [e997a993-6131-47bf-96c8-764e04cb5c0e@group-60724A24602F:LeaderElection193] INFO  impl.LeaderElection (LeaderElection.java:askForVotes(182)) - e997a993-6131-47bf-96c8-764e04cb5c0e@group-60724A24602F:LeaderElection193: begin an election at term 14 for -1: [616f9f8f-9479-40f4-8c03-f125dcbf9c7f:192.168.36.126:39694, e997a993-6131-47bf-96c8-764e04cb5c0e:192.168.36.126:37678, fd2f3f79-5d7b-4d37-bb24-b15dfe7f18d7:192.168.36.126:42280], old=null
2019-09-25 05:31:55,525 [5c3318fc-c419-4298-b427-bf5a9ca27bf0@group-059250D1A272:LeaderElection190] INFO  impl.LeaderElection (LeaderElection.java:askForVotes(182)) - 5c3318fc-c419-4298-b427-bf5a9ca27bf0@group-059250D1A272:LeaderElection190: begin an election at term 14 for -1: [5c3318fc-c419-4298-b427-bf5a9ca27bf0:192.168.36.126:46795, 61946a22-29ed-4e77-8449-fae4cd9869e9:192.168.36.126:36814, 0d4a37ed-4cec-423a-a360-e4a879eb6bc0:192.168.36.126:37817], old=null
2019-09-25 05:31:55,525 [a58d7528-614e-4c39-a3a3-38beaa9905aa@group-0EC8D23D101B:LeaderElection192] INFO  impl.LeaderElection (LeaderElection.java:askForVotes(182)) - a58d7528-614e-4c39-a3a3-38beaa9905aa@group-0EC8D23D101B:LeaderElection192: begin an election at term 12 for -1: [a58d7528-614e-4c39-a3a3-38beaa9905aa:192.168.36.126:37942, f9c12371-c091-4b4a-8db2-6f0db97bbab3:192.168.36.126:46560, ce8ac917-2646-4112-adf7-d577593fabcb:192.168.36.126:37960], old=null
2019-09-25 05:31:55,525 [f9c12371-c091-4b4a-8db2-6f0db97bbab3@group-0EC8D23D101B:LeaderElection197] INFO  impl.LeaderElection (LeaderElection.java:askForVotes(182)) - f9c12371-c091-4b4a-8db2-6f0db97bbab3@group-0EC8D23D101B:LeaderElection197: begin an election at term 12 for -1: [a58d7528-614e-4c39-a3a3-38beaa9905aa:192.168.36.126:37942, f9c12371-c091-4b4a-8db2-6f0db97bbab3:192.168.36.126:46560, ce8ac917-2646-4112-adf7-d577593fabcb:192.168.36.126:37960], old=null
2019-09-25 05:31:55,525 [f9c12371-c091-4b4a-8db2-6f0db97bbab3@group-AEFF648B0F59:LeaderElection195] INFO  impl.LeaderElection (LeaderElection.java:askForVotes(182)) - f9c12371-c091-4b4a-8db2-6f0db97bbab3@group-AEFF648B0F59:LeaderElection195: begin an election at term 12 for -1: [a58d7528-614e-4c39-a3a3-38beaa9905aa:192.168.36.126:37942, f9c12371-c091-4b4a-8db2-6f0db97bbab3:192.168.36.126:46560, ce8ac917-2646-4112-adf7-d577593fabcb:192.168.36.126:37960], old=null
2019-09-25 05:31:55,525 [a58d7528-614e-4c39-a3a3-38beaa9905aa@group-AEFF648B0F59:LeaderElection196] INFO  impl.LeaderElection (LeaderElection.java:askForVotes(182)) - a58d7528-614e-4c39-a3a3-38beaa9905aa@group-AEFF648B0F59:LeaderElection196: begin an election at term 12 for -1: [a58d7528-614e-4c39-a3a3-38beaa9905aa:192.168.36.126:37942, f9c12371-c091-4b4a-8db2-6f0db97bbab3:192.168.36.126:46560, ce8ac917-2646-4112-adf7-d577593fabcb:192.168.36.126:37960], old=null
2019-09-25 05:31:55,525 [a58d7528-614e-4c39-a3a3-38beaa9905aa@group-43825EC81F5D:LeaderElection191] INFO  impl.LeaderElection (LeaderElection.java:askForVotes(182)) - a58d7528-614e-4c39-a3a3-38beaa9905aa@group-43825EC81F5D:LeaderElection191: begin an election at term 8 for -1: [a58d7528-614e-4c39-a3a3-38beaa9905aa:192.168.36.126:37942, f9c12371-c091-4b4a-8db2-6f0db97bbab3:192.168.36.126:46560, ce8ac917-2646-4112-adf7-d577593fabcb:192.168.36.126:37960], old=null
2019-09-25 05:31:55,527 [616f9f8f-9479-40f4-8c03-f125dcbf9c7f@group-60724A24602F:LeaderElection189] INFO  impl.LeaderElection (LogUtils.java:infoOrTrace(149)) - 616f9f8f-9479-40f4-8c03-f125dcbf9c7f@group-60724A24602F:LeaderElection189 got exception when requesting votes: {}
java.util.concurrent.ExecutionException: org.apache.ratis.thirdparty.io.grpc.StatusRuntimeException: UNAVAILABLE: io exception
	at java.util.concurrent.FutureTask.report(FutureTask.java:122)
	at java.util.concurrent.FutureTask.get(FutureTask.java:192)
	at org.apache.ratis.server.impl.LeaderElection.waitForResults(LeaderElection.java:263)
	at org.apache.ratis.server.impl.LeaderElection.askForVotes(LeaderElection.java:201)
	at org.apache.ratis.server.impl.LeaderElection.run(LeaderElection.java:133)
	at java.lang.Thread.run(Thread.java:748)
Caused by: org.apache.ratis.thirdparty.io.grpc.StatusRuntimeException: UNAVAILABLE: io exception
	at org.apache.ratis.thirdparty.io.grpc.stub.ClientCalls.toStatusRuntimeException(ClientCalls.java:233)
	at org.apache.ratis.thirdparty.io.grpc.stub.ClientCalls.getUnchecked(ClientCalls.java:214)
	at org.apache.ratis.thirdparty.io.grpc.stub.ClientCalls.blockingUnaryCall(ClientCalls.java:139)
	at org.apache.ratis.proto.grpc.RaftServerProtocolServiceGrpc$RaftServerProtocolServiceBlockingStub.requestVote(RaftServerProtocolServiceGrpc.java:265)
	at org.apache.ratis.grpc.server.GrpcServerProtocolClient.requestVote(GrpcServerProtocolClient.java:90)
	at org.apache.ratis.grpc.server.GrpcService.requestVote(GrpcService.java:204)
	at org.apache.ratis.server.impl.LeaderElection.lambda$submitRequests$1(LeaderElection.java:238)
	at java.util.concurrent.FutureTask.run(FutureTask.java:266)
	at java.util.concurrent.Executors$RunnableAdapter.call(Executors.java:511)
	at java.util.concurrent.FutureTask.run(FutureTask.java:266)
	at java.util.concurrent.ThreadPoolExecutor.runWorker(ThreadPoolExecutor.java:1149)
	at java.util.concurrent.ThreadPoolExecutor$Worker.run(ThreadPoolExecutor.java:624)
	... 1 more
Caused by: org.apache.ratis.thirdparty.io.netty.channel.AbstractChannel$AnnotatedConnectException: Connection refused: /192.168.36.126:42280
	at sun.nio.ch.SocketChannelImpl.checkConnect(Native Method)
	at sun.nio.ch.SocketChannelImpl.finishConnect(SocketChannelImpl.java:717)
	at org.apache.ratis.thirdparty.io.netty.channel.socket.nio.NioSocketChannel.doFinishConnect(NioSocketChannel.java:327)
	at org.apache.ratis.thirdparty.io.netty.channel.nio.AbstractNioChannel$AbstractNioUnsafe.finishConnect(AbstractNioChannel.java:340)
	at org.apache.ratis.thirdparty.io.netty.channel.nio.NioEventLoop.processSelectedKey(NioEventLoop.java:632)
	at org.apache.ratis.thirdparty.io.netty.channel.nio.NioEventLoop.processSelectedKeysOptimized(NioEventLoop.java:579)
	at org.apache.ratis.thirdparty.io.netty.channel.nio.NioEventLoop.processSelectedKeys(NioEventLoop.java:496)
	at org.apache.ratis.thirdparty.io.netty.channel.nio.NioEventLoop.run(NioEventLoop.java:458)
	at org.apache.ratis.thirdparty.io.netty.util.concurrent.SingleThreadEventExecutor$5.run(SingleThreadEventExecutor.java:897)
	at org.apache.ratis.thirdparty.io.netty.util.concurrent.FastThreadLocalRunnable.run(FastThreadLocalRunnable.java:30)
	... 1 more
Caused by: java.net.ConnectException: Connection refused
	... 11 more
2019-09-25 05:31:55,528 [5c3318fc-c419-4298-b427-bf5a9ca27bf0@group-21C2C432FD88:LeaderElection188] INFO  impl.LeaderElection (LogUtils.java:infoOrTrace(149)) - 5c3318fc-c419-4298-b427-bf5a9ca27bf0@group-21C2C432FD88:LeaderElection188 got exception when requesting votes: {}
java.util.concurrent.ExecutionException: org.apache.ratis.thirdparty.io.grpc.StatusRuntimeException: UNAVAILABLE: io exception
	at java.util.concurrent.FutureTask.report(FutureTask.java:122)
	at java.util.concurrent.FutureTask.get(FutureTask.java:192)
	at org.apache.ratis.server.impl.LeaderElection.waitForResults(LeaderElection.java:263)
	at org.apache.ratis.server.impl.LeaderElection.askForVotes(LeaderElection.java:201)
	at org.apache.ratis.server.impl.LeaderElection.run(LeaderElection.java:133)
	at java.lang.Thread.run(Thread.java:748)
Caused by: org.apache.ratis.thirdparty.io.grpc.StatusRuntimeException: UNAVAILABLE: io exception
	at org.apache.ratis.thirdparty.io.grpc.stub.ClientCalls.toStatusRuntimeException(ClientCalls.java:233)
	at org.apache.ratis.thirdparty.io.grpc.stub.ClientCalls.getUnchecked(ClientCalls.java:214)
	at org.apache.ratis.thirdparty.io.grpc.stub.ClientCalls.blockingUnaryCall(ClientCalls.java:139)
	at org.apache.ratis.proto.grpc.RaftServerProtocolServiceGrpc$RaftServerProtocolServiceBlockingStub.requestVote(RaftServerProtocolServiceGrpc.java:265)
	at org.apache.ratis.grpc.server.GrpcServerProtocolClient.requestVote(GrpcServerProtocolClient.java:90)
	at org.apache.ratis.grpc.server.GrpcService.requestVote(GrpcService.java:204)
	at org.apache.ratis.server.impl.LeaderElection.lambda$submitRequests$1(LeaderElection.java:238)
	at java.util.concurrent.FutureTask.run(FutureTask.java:266)
	at java.util.concurrent.Executors$RunnableAdapter.call(Executors.java:511)
	at java.util.concurrent.FutureTask.run(FutureTask.java:266)
	at java.util.concurrent.ThreadPoolExecutor.runWorker(ThreadPoolExecutor.java:1149)
	at java.util.concurrent.ThreadPoolExecutor$Worker.run(ThreadPoolExecutor.java:624)
	... 1 more
Caused by: org.apache.ratis.thirdparty.io.netty.channel.AbstractChannel$AnnotatedConnectException: Connection refused: /192.168.36.126:36814
	at sun.nio.ch.SocketChannelImpl.checkConnect(Native Method)
	at sun.nio.ch.SocketChannelImpl.finishConnect(SocketChannelImpl.java:717)
	at org.apache.ratis.thirdparty.io.netty.channel.socket.nio.NioSocketChannel.doFinishConnect(NioSocketChannel.java:327)
	at org.apache.ratis.thirdparty.io.netty.channel.nio.AbstractNioChannel$AbstractNioUnsafe.finishConnect(AbstractNioChannel.java:340)
	at org.apache.ratis.thirdparty.io.netty.channel.nio.NioEventLoop.processSelectedKey(NioEventLoop.java:632)
	at org.apache.ratis.thirdparty.io.netty.channel.nio.NioEventLoop.processSelectedKeysOptimized(NioEventLoop.java:579)
	at org.apache.ratis.thirdparty.io.netty.channel.nio.NioEventLoop.processSelectedKeys(NioEventLoop.java:496)
	at org.apache.ratis.thirdparty.io.netty.channel.nio.NioEventLoop.run(NioEventLoop.java:458)
	at org.apache.ratis.thirdparty.io.netty.util.concurrent.SingleThreadEventExecutor$5.run(SingleThreadEventExecutor.java:897)
	at org.apache.ratis.thirdparty.io.netty.util.concurrent.FastThreadLocalRunnable.run(FastThreadLocalRunnable.java:30)
	... 1 more
Caused by: java.net.ConnectException: Connection refused
	... 11 more
2019-09-25 05:31:55,527 [f9c12371-c091-4b4a-8db2-6f0db97bbab3@group-43825EC81F5D:LeaderElection194] INFO  impl.LeaderElection (LogUtils.java:infoOrTrace(149)) - f9c12371-c091-4b4a-8db2-6f0db97bbab3@group-43825EC81F5D:LeaderElection194 got exception when requesting votes: {}
java.util.concurrent.ExecutionException: org.apache.ratis.thirdparty.io.grpc.StatusRuntimeException: UNAVAILABLE: io exception
	at java.util.concurrent.FutureTask.report(FutureTask.java:122)
	at java.util.concurrent.FutureTask.get(FutureTask.java:192)
	at org.apache.ratis.server.impl.LeaderElection.waitForResults(LeaderElection.java:263)
	at org.apache.ratis.server.impl.LeaderElection.askForVotes(LeaderElection.java:201)
	at org.apache.ratis.server.impl.LeaderElection.run(LeaderElection.java:133)
	at java.lang.Thread.run(Thread.java:748)
Caused by: org.apache.ratis.thirdparty.io.grpc.StatusRuntimeException: UNAVAILABLE: io exception
	at org.apache.ratis.thirdparty.io.grpc.stub.ClientCalls.toStatusRuntimeException(ClientCalls.java:233)
	at org.apache.ratis.thirdparty.io.grpc.stub.ClientCalls.getUnchecked(ClientCalls.java:214)
	at org.apache.ratis.thirdparty.io.grpc.stub.ClientCalls.blockingUnaryCall(ClientCalls.java:139)
	at org.apache.ratis.proto.grpc.RaftServerProtocolServiceGrpc$RaftServerProtocolServiceBlockingStub.requestVote(RaftServerProtocolServiceGrpc.java:265)
	at org.apache.ratis.grpc.server.GrpcServerProtocolClient.requestVote(GrpcServerProtocolClient.java:90)
	at org.apache.ratis.grpc.server.GrpcService.requestVote(GrpcService.java:204)
	at org.apache.ratis.server.impl.LeaderElection.lambda$submitRequests$1(LeaderElection.java:238)
	at java.util.concurrent.FutureTask.run(FutureTask.java:266)
	at java.util.concurrent.Executors$RunnableAdapter.call(Executors.java:511)
	at java.util.concurrent.FutureTask.run(FutureTask.java:266)
	at java.util.concurrent.ThreadPoolExecutor.runWorker(ThreadPoolExecutor.java:1149)
	at java.util.concurrent.ThreadPoolExecutor$Worker.run(ThreadPoolExecutor.java:624)
	... 1 more
Caused by: org.apache.ratis.thirdparty.io.netty.channel.AbstractChannel$AnnotatedConnectException: Connection refused: /192.168.36.126:37960
	at sun.nio.ch.SocketChannelImpl.checkConnect(Native Method)
	at sun.nio.ch.SocketChannelImpl.finishConnect(SocketChannelImpl.java:717)
	at org.apache.ratis.thirdparty.io.netty.channel.socket.nio.NioSocketChannel.doFinishConnect(NioSocketChannel.java:327)
	at org.apache.ratis.thirdparty.io.netty.channel.nio.AbstractNioChannel$AbstractNioUnsafe.finishConnect(AbstractNioChannel.java:340)
	at org.apache.ratis.thirdparty.io.netty.channel.nio.NioEventLoop.processSelectedKey(NioEventLoop.java:632)
	at org.apache.ratis.thirdparty.io.netty.channel.nio.NioEventLoop.processSelectedKeysOptimized(NioEventLoop.java:579)
	at org.apache.ratis.thirdparty.io.netty.channel.nio.NioEventLoop.processSelectedKeys(NioEventLoop.java:496)
	at org.apache.ratis.thirdparty.io.netty.channel.nio.NioEventLoop.run(NioEventLoop.java:458)
	at org.apache.ratis.thirdparty.io.netty.util.concurrent.SingleThreadEventExecutor$5.run(SingleThreadEventExecutor.java:897)
	at org.apache.ratis.thirdparty.io.netty.util.concurrent.FastThreadLocalRunnable.run(FastThreadLocalRunnable.java:30)
	... 1 more
Caused by: java.net.ConnectException: Connection refused
	... 11 more
2019-09-25 05:31:55,530 [a58d7528-614e-4c39-a3a3-38beaa9905aa@group-43825EC81F5D:LeaderElection191] INFO  impl.LeaderElection (LogUtils.java:infoOrTrace(149)) - a58d7528-614e-4c39-a3a3-38beaa9905aa@group-43825EC81F5D:LeaderElection191 got exception when requesting votes: {}
java.util.concurrent.ExecutionException: org.apache.ratis.thirdparty.io.grpc.StatusRuntimeException: UNAVAILABLE: io exception
	at java.util.concurrent.FutureTask.report(FutureTask.java:122)
	at java.util.concurrent.FutureTask.get(FutureTask.java:192)
	at org.apache.ratis.server.impl.LeaderElection.waitForResults(LeaderElection.java:263)
	at org.apache.ratis.server.impl.LeaderElection.askForVotes(LeaderElection.java:201)
	at org.apache.ratis.server.impl.LeaderElection.run(LeaderElection.java:133)
	at java.lang.Thread.run(Thread.java:748)
Caused by: org.apache.ratis.thirdparty.io.grpc.StatusRuntimeException: UNAVAILABLE: io exception
	at org.apache.ratis.thirdparty.io.grpc.stub.ClientCalls.toStatusRuntimeException(ClientCalls.java:233)
	at org.apache.ratis.thirdparty.io.grpc.stub.ClientCalls.getUnchecked(ClientCalls.java:214)
	at org.apache.ratis.thirdparty.io.grpc.stub.ClientCalls.blockingUnaryCall(ClientCalls.java:139)
	at org.apache.ratis.proto.grpc.RaftServerProtocolServiceGrpc$RaftServerProtocolServiceBlockingStub.requestVote(RaftServerProtocolServiceGrpc.java:265)
	at org.apache.ratis.grpc.server.GrpcServerProtocolClient.requestVote(GrpcServerProtocolClient.java:90)
	at org.apache.ratis.grpc.server.GrpcService.requestVote(GrpcService.java:204)
	at org.apache.ratis.server.impl.LeaderElection.lambda$submitRequests$1(LeaderElection.java:238)
	at java.util.concurrent.FutureTask.run(FutureTask.java:266)
	at java.util.concurrent.Executors$RunnableAdapter.call(Executors.java:511)
	at java.util.concurrent.FutureTask.run(FutureTask.java:266)
	at java.util.concurrent.ThreadPoolExecutor.runWorker(ThreadPoolExecutor.java:1149)
	at java.util.concurrent.ThreadPoolExecutor$Worker.run(ThreadPoolExecutor.java:624)
	... 1 more
Caused by: org.apache.ratis.thirdparty.io.netty.channel.AbstractChannel$AnnotatedConnectException: Connection refused: /192.168.36.126:37960
	at sun.nio.ch.SocketChannelImpl.checkConnect(Native Method)
	at sun.nio.ch.SocketChannelImpl.finishConnect(SocketChannelImpl.java:717)
	at org.apache.ratis.thirdparty.io.netty.channel.socket.nio.NioSocketChannel.doFinishConnect(NioSocketChannel.java:327)
	at org.apache.ratis.thirdparty.io.netty.channel.nio.AbstractNioChannel$AbstractNioUnsafe.finishConnect(AbstractNioChannel.java:340)
	at org.apache.ratis.thirdparty.io.netty.channel.nio.NioEventLoop.processSelectedKey(NioEventLoop.java:632)
	at org.apache.ratis.thirdparty.io.netty.channel.nio.NioEventLoop.processSelectedKeysOptimized(NioEventLoop.java:579)
	at org.apache.ratis.thirdparty.io.netty.channel.nio.NioEventLoop.processSelectedKeys(NioEventLoop.java:496)
	at org.apache.ratis.thirdparty.io.netty.channel.nio.NioEventLoop.run(NioEventLoop.java:458)
	at org.apache.ratis.thirdparty.io.netty.util.concurrent.SingleThreadEventExecutor$5.run(SingleThreadEventExecutor.java:897)
	at org.apache.ratis.thirdparty.io.netty.util.concurrent.FastThreadLocalRunnable.run(FastThreadLocalRunnable.java:30)
	... 1 more
Caused by: java.net.ConnectException: Connection refused
	... 11 more
2019-09-25 05:31:55,530 [a58d7528-614e-4c39-a3a3-38beaa9905aa@group-AEFF648B0F59:LeaderElection196] INFO  impl.LeaderElection (LogUtils.java:infoOrTrace(149)) - a58d7528-614e-4c39-a3a3-38beaa9905aa@group-AEFF648B0F59:LeaderElection196 got exception when requesting votes: {}
java.util.concurrent.ExecutionException: org.apache.ratis.thirdparty.io.grpc.StatusRuntimeException: UNAVAILABLE: io exception
	at java.util.concurrent.FutureTask.report(FutureTask.java:122)
	at java.util.concurrent.FutureTask.get(FutureTask.java:192)
	at org.apache.ratis.server.impl.LeaderElection.waitForResults(LeaderElection.java:263)
	at org.apache.ratis.server.impl.LeaderElection.askForVotes(LeaderElection.java:201)
	at org.apache.ratis.server.impl.LeaderElection.run(LeaderElection.java:133)
	at java.lang.Thread.run(Thread.java:748)
Caused by: org.apache.ratis.thirdparty.io.grpc.StatusRuntimeException: UNAVAILABLE: io exception
	at org.apache.ratis.thirdparty.io.grpc.stub.ClientCalls.toStatusRuntimeException(ClientCalls.java:233)
	at org.apache.ratis.thirdparty.io.grpc.stub.ClientCalls.getUnchecked(ClientCalls.java:214)
	at org.apache.ratis.thirdparty.io.grpc.stub.ClientCalls.blockingUnaryCall(ClientCalls.java:139)
	at org.apache.ratis.proto.grpc.RaftServerProtocolServiceGrpc$RaftServerProtocolServiceBlockingStub.requestVote(RaftServerProtocolServiceGrpc.java:265)
	at org.apache.ratis.grpc.server.GrpcServerProtocolClient.requestVote(GrpcServerProtocolClient.java:90)
	at org.apache.ratis.grpc.server.GrpcService.requestVote(GrpcService.java:204)
	at org.apache.ratis.server.impl.LeaderElection.lambda$submitRequests$1(LeaderElection.java:238)
	at java.util.concurrent.FutureTask.run(FutureTask.java:266)
	at java.util.concurrent.Executors$RunnableAdapter.call(Executors.java:511)
	at java.util.concurrent.FutureTask.run(FutureTask.java:266)
	at java.util.concurrent.ThreadPoolExecutor.runWorker(ThreadPoolExecutor.java:1149)
	at java.util.concurrent.ThreadPoolExecutor$Worker.run(ThreadPoolExecutor.java:624)
	... 1 more
Caused by: org.apache.ratis.thirdparty.io.netty.channel.AbstractChannel$AnnotatedConnectException: Connection refused: /192.168.36.126:37960
	at sun.nio.ch.SocketChannelImpl.checkConnect(Native Method)
	at sun.nio.ch.SocketChannelImpl.finishConnect(SocketChannelImpl.java:717)
	at org.apache.ratis.thirdparty.io.netty.channel.socket.nio.NioSocketChannel.doFinishConnect(NioSocketChannel.java:327)
	at org.apache.ratis.thirdparty.io.netty.channel.nio.AbstractNioChannel$AbstractNioUnsafe.finishConnect(AbstractNioChannel.java:340)
	at org.apache.ratis.thirdparty.io.netty.channel.nio.NioEventLoop.processSelectedKey(NioEventLoop.java:632)
	at org.apache.ratis.thirdparty.io.netty.channel.nio.NioEventLoop.processSelectedKeysOptimized(NioEventLoop.java:579)
	at org.apache.ratis.thirdparty.io.netty.channel.nio.NioEventLoop.processSelectedKeys(NioEventLoop.java:496)
	at org.apache.ratis.thirdparty.io.netty.channel.nio.NioEventLoop.run(NioEventLoop.java:458)
	at org.apache.ratis.thirdparty.io.netty.util.concurrent.SingleThreadEventExecutor$5.run(SingleThreadEventExecutor.java:897)
	at org.apache.ratis.thirdparty.io.netty.util.concurrent.FastThreadLocalRunnable.run(FastThreadLocalRunnable.java:30)
	... 1 more
Caused by: java.net.ConnectException: Connection refused
	... 11 more
2019-09-25 05:31:55,529 [5c3318fc-c419-4298-b427-bf5a9ca27bf0@group-21C2C432FD88:LeaderElection188] INFO  impl.LeaderElection (LogUtils.java:infoOrTrace(149)) - 5c3318fc-c419-4298-b427-bf5a9ca27bf0@group-21C2C432FD88:LeaderElection188 got exception when requesting votes: {}
java.util.concurrent.ExecutionException: org.apache.ratis.thirdparty.io.grpc.StatusRuntimeException: UNAVAILABLE: io exception
	at java.util.concurrent.FutureTask.report(FutureTask.java:122)
	at java.util.concurrent.FutureTask.get(FutureTask.java:192)
	at org.apache.ratis.server.impl.LeaderElection.waitForResults(LeaderElection.java:263)
	at org.apache.ratis.server.impl.LeaderElection.askForVotes(LeaderElection.java:201)
	at org.apache.ratis.server.impl.LeaderElection.run(LeaderElection.java:133)
	at java.lang.Thread.run(Thread.java:748)
Caused by: org.apache.ratis.thirdparty.io.grpc.StatusRuntimeException: UNAVAILABLE: io exception
	at org.apache.ratis.thirdparty.io.grpc.stub.ClientCalls.toStatusRuntimeException(ClientCalls.java:233)
	at org.apache.ratis.thirdparty.io.grpc.stub.ClientCalls.getUnchecked(ClientCalls.java:214)
	at org.apache.ratis.thirdparty.io.grpc.stub.ClientCalls.blockingUnaryCall(ClientCalls.java:139)
	at org.apache.ratis.proto.grpc.RaftServerProtocolServiceGrpc$RaftServerProtocolServiceBlockingStub.requestVote(RaftServerProtocolServiceGrpc.java:265)
	at org.apache.ratis.grpc.server.GrpcServerProtocolClient.requestVote(GrpcServerProtocolClient.java:90)
	at org.apache.ratis.grpc.server.GrpcService.requestVote(GrpcService.java:204)
	at org.apache.ratis.server.impl.LeaderElection.lambda$submitRequests$1(LeaderElection.java:238)
	at java.util.concurrent.FutureTask.run(FutureTask.java:266)
	at java.util.concurrent.Executors$RunnableAdapter.call(Executors.java:511)
	at java.util.concurrent.FutureTask.run(FutureTask.java:266)
	at java.util.concurrent.ThreadPoolExecutor.runWorker(ThreadPoolExecutor.java:1149)
	at java.util.concurrent.ThreadPoolExecutor$Worker.run(ThreadPoolExecutor.java:624)
	... 1 more
Caused by: org.apache.ratis.thirdparty.io.netty.channel.AbstractChannel$AnnotatedConnectException: Connection refused: /192.168.36.126:37817
	at sun.nio.ch.SocketChannelImpl.checkConnect(Native Method)
	at sun.nio.ch.SocketChannelImpl.finishConnect(SocketChannelImpl.java:717)
	at org.apache.ratis.thirdparty.io.netty.channel.socket.nio.NioSocketChannel.doFinishConnect(NioSocketChannel.java:327)
	at org.apache.ratis.thirdparty.io.netty.channel.nio.AbstractNioChannel$AbstractNioUnsafe.finishConnect(AbstractNioChannel.java:340)
	at org.apache.ratis.thirdparty.io.netty.channel.nio.NioEventLoop.processSelectedKey(NioEventLoop.java:632)
	at org.apache.ratis.thirdparty.io.netty.channel.nio.NioEventLoop.processSelectedKeysOptimized(NioEventLoop.java:579)
	at org.apache.ratis.thirdparty.io.netty.channel.nio.NioEventLoop.processSelectedKeys(NioEventLoop.java:496)
	at org.apache.ratis.thirdparty.io.netty.channel.nio.NioEventLoop.run(NioEventLoop.java:458)
	at org.apache.ratis.thirdparty.io.netty.util.concurrent.SingleThreadEventExecutor$5.run(SingleThreadEventExecutor.java:897)
	at org.apache.ratis.thirdparty.io.netty.util.concurrent.FastThreadLocalRunnable.run(FastThreadLocalRunnable.java:30)
	... 1 more
Caused by: java.net.ConnectException: Connection refused
	... 11 more
2019-09-25 05:31:55,529 [f9c12371-c091-4b4a-8db2-6f0db97bbab3@group-AEFF648B0F59:LeaderElection195] INFO  impl.LeaderElection (LogUtils.java:infoOrTrace(149)) - f9c12371-c091-4b4a-8db2-6f0db97bbab3@group-AEFF648B0F59:LeaderElection195 got exception when requesting votes: {}
java.util.concurrent.ExecutionException: org.apache.ratis.thirdparty.io.grpc.StatusRuntimeException: UNAVAILABLE: io exception
	at java.util.concurrent.FutureTask.report(FutureTask.java:122)
	at java.util.concurrent.FutureTask.get(FutureTask.java:192)
	at org.apache.ratis.server.impl.LeaderElection.waitForResults(LeaderElection.java:263)
	at org.apache.ratis.server.impl.LeaderElection.askForVotes(LeaderElection.java:201)
	at org.apache.ratis.server.impl.LeaderElection.run(LeaderElection.java:133)
	at java.lang.Thread.run(Thread.java:748)
Caused by: org.apache.ratis.thirdparty.io.grpc.StatusRuntimeException: UNAVAILABLE: io exception
	at org.apache.ratis.thirdparty.io.grpc.stub.ClientCalls.toStatusRuntimeException(ClientCalls.java:233)
	at org.apache.ratis.thirdparty.io.grpc.stub.ClientCalls.getUnchecked(ClientCalls.java:214)
	at org.apache.ratis.thirdparty.io.grpc.stub.ClientCalls.blockingUnaryCall(ClientCalls.java:139)
	at org.apache.ratis.proto.grpc.RaftServerProtocolServiceGrpc$RaftServerProtocolServiceBlockingStub.requestVote(RaftServerProtocolServiceGrpc.java:265)
	at org.apache.ratis.grpc.server.GrpcServerProtocolClient.requestVote(GrpcServerProtocolClient.java:90)
	at org.apache.ratis.grpc.server.GrpcService.requestVote(GrpcService.java:204)
	at org.apache.ratis.server.impl.LeaderElection.lambda$submitRequests$1(LeaderElection.java:238)
	at java.util.concurrent.FutureTask.run(FutureTask.java:266)
	at java.util.concurrent.Executors$RunnableAdapter.call(Executors.java:511)
	at java.util.concurrent.FutureTask.run(FutureTask.java:266)
	at java.util.concurrent.ThreadPoolExecutor.runWorker(ThreadPoolExecutor.java:1149)
	at java.util.concurrent.ThreadPoolExecutor$Worker.run(ThreadPoolExecutor.java:624)
	... 1 more
Caused by: org.apache.ratis.thirdparty.io.netty.channel.AbstractChannel$AnnotatedConnectException: Connection refused: /192.168.36.126:37960
	at sun.nio.ch.SocketChannelImpl.checkConnect(Native Method)
	at sun.nio.ch.SocketChannelImpl.finishConnect(SocketChannelImpl.java:717)
	at org.apache.ratis.thirdparty.io.netty.channel.socket.nio.NioSocketChannel.doFinishConnect(NioSocketChannel.java:327)
	at org.apache.ratis.thirdparty.io.netty.channel.nio.AbstractNioChannel$AbstractNioUnsafe.finishConnect(AbstractNioChannel.java:340)
	at org.apache.ratis.thirdparty.io.netty.channel.nio.NioEventLoop.processSelectedKey(NioEventLoop.java:632)
	at org.apache.ratis.thirdparty.io.netty.channel.nio.NioEventLoop.processSelectedKeysOptimized(NioEventLoop.java:579)
	at org.apache.ratis.thirdparty.io.netty.channel.nio.NioEventLoop.processSelectedKeys(NioEventLoop.java:496)
	at org.apache.ratis.thirdparty.io.netty.channel.nio.NioEventLoop.run(NioEventLoop.java:458)
	at org.apache.ratis.thirdparty.io.netty.util.concurrent.SingleThreadEventExecutor$5.run(SingleThreadEventExecutor.java:897)
	at org.apache.ratis.thirdparty.io.netty.util.concurrent.FastThreadLocalRunnable.run(FastThreadLocalRunnable.java:30)
	... 1 more
Caused by: java.net.ConnectException: Connection refused
	... 11 more
2019-09-25 05:31:55,529 [e997a993-6131-47bf-96c8-764e04cb5c0e@group-60724A24602F:LeaderElection193] INFO  impl.LeaderElection (LogUtils.java:infoOrTrace(149)) - e997a993-6131-47bf-96c8-764e04cb5c0e@group-60724A24602F:LeaderElection193 got exception when requesting votes: {}
java.util.concurrent.ExecutionException: org.apache.ratis.thirdparty.io.grpc.StatusRuntimeException: UNAVAILABLE: io exception
	at java.util.concurrent.FutureTask.report(FutureTask.java:122)
	at java.util.concurrent.FutureTask.get(FutureTask.java:192)
	at org.apache.ratis.server.impl.LeaderElection.waitForResults(LeaderElection.java:263)
	at org.apache.ratis.server.impl.LeaderElection.askForVotes(LeaderElection.java:201)
	at org.apache.ratis.server.impl.LeaderElection.run(LeaderElection.java:133)
	at java.lang.Thread.run(Thread.java:748)
Caused by: org.apache.ratis.thirdparty.io.grpc.StatusRuntimeException: UNAVAILABLE: io exception
	at org.apache.ratis.thirdparty.io.grpc.stub.ClientCalls.toStatusRuntimeException(ClientCalls.java:233)
	at org.apache.ratis.thirdparty.io.grpc.stub.ClientCalls.getUnchecked(ClientCalls.java:214)
	at org.apache.ratis.thirdparty.io.grpc.stub.ClientCalls.blockingUnaryCall(ClientCalls.java:139)
	at org.apache.ratis.proto.grpc.RaftServerProtocolServiceGrpc$RaftServerProtocolServiceBlockingStub.requestVote(RaftServerProtocolServiceGrpc.java:265)
	at org.apache.ratis.grpc.server.GrpcServerProtocolClient.requestVote(GrpcServerProtocolClient.java:90)
	at org.apache.ratis.grpc.server.GrpcService.requestVote(GrpcService.java:204)
	at org.apache.ratis.server.impl.LeaderElection.lambda$submitRequests$1(LeaderElection.java:238)
	at java.util.concurrent.FutureTask.run(FutureTask.java:266)
	at java.util.concurrent.Executors$RunnableAdapter.call(Executors.java:511)
	at java.util.concurrent.FutureTask.run(FutureTask.java:266)
	at java.util.concurrent.ThreadPoolExecutor.runWorker(ThreadPoolExecutor.java:1149)
	at java.util.concurrent.ThreadPoolExecutor$Worker.run(ThreadPoolExecutor.java:624)
	... 1 more
Caused by: org.apache.ratis.thirdparty.io.netty.channel.AbstractChannel$AnnotatedConnectException: Connection refused: /192.168.36.126:42280
	at sun.nio.ch.SocketChannelImpl.checkConnect(Native Method)
	at sun.nio.ch.SocketChannelImpl.finishConnect(SocketChannelImpl.java:717)
	at org.apache.ratis.thirdparty.io.netty.channel.socket.nio.NioSocketChannel.doFinishConnect(NioSocketChannel.java:327)
	at org.apache.ratis.thirdparty.io.netty.channel.nio.AbstractNioChannel$AbstractNioUnsafe.finishConnect(AbstractNioChannel.java:340)
	at org.apache.ratis.thirdparty.io.netty.channel.nio.NioEventLoop.processSelectedKey(NioEventLoop.java:632)
	at org.apache.ratis.thirdparty.io.netty.channel.nio.NioEventLoop.processSelectedKeysOptimized(NioEventLoop.java:579)
	at org.apache.ratis.thirdparty.io.netty.channel.nio.NioEventLoop.processSelectedKeys(NioEventLoop.java:496)
	at org.apache.ratis.thirdparty.io.netty.channel.nio.NioEventLoop.run(NioEventLoop.java:458)
	at org.apache.ratis.thirdparty.io.netty.util.concurrent.SingleThreadEventExecutor$5.run(SingleThreadEventExecutor.java:897)
	at org.apache.ratis.thirdparty.io.netty.util.concurrent.FastThreadLocalRunnable.run(FastThreadLocalRunnable.java:30)
	... 1 more
Caused by: java.net.ConnectException: Connection refused
	... 11 more
2019-09-25 05:31:55,529 [f9c12371-c091-4b4a-8db2-6f0db97bbab3@group-0EC8D23D101B:LeaderElection197] INFO  impl.LeaderElection (LogUtils.java:infoOrTrace(149)) - f9c12371-c091-4b4a-8db2-6f0db97bbab3@group-0EC8D23D101B:LeaderElection197 got exception when requesting votes: {}
java.util.concurrent.ExecutionException: org.apache.ratis.thirdparty.io.grpc.StatusRuntimeException: UNAVAILABLE: io exception
	at java.util.concurrent.FutureTask.report(FutureTask.java:122)
	at java.util.concurrent.FutureTask.get(FutureTask.java:192)
	at org.apache.ratis.server.impl.LeaderElection.waitForResults(LeaderElection.java:263)
	at org.apache.ratis.server.impl.LeaderElection.askForVotes(LeaderElection.java:201)
	at org.apache.ratis.server.impl.LeaderElection.run(LeaderElection.java:133)
	at java.lang.Thread.run(Thread.java:748)
Caused by: org.apache.ratis.thirdparty.io.grpc.StatusRuntimeException: UNAVAILABLE: io exception
	at org.apache.ratis.thirdparty.io.grpc.stub.ClientCalls.toStatusRuntimeException(ClientCalls.java:233)
	at org.apache.ratis.thirdparty.io.grpc.stub.ClientCalls.getUnchecked(ClientCalls.java:214)
	at org.apache.ratis.thirdparty.io.grpc.stub.ClientCalls.blockingUnaryCall(ClientCalls.java:139)
	at org.apache.ratis.proto.grpc.RaftServerProtocolServiceGrpc$RaftServerProtocolServiceBlockingStub.requestVote(RaftServerProtocolServiceGrpc.java:265)
	at org.apache.ratis.grpc.server.GrpcServerProtocolClient.requestVote(GrpcServerProtocolClient.java:90)
	at org.apache.ratis.grpc.server.GrpcService.requestVote(GrpcService.java:204)
	at org.apache.ratis.server.impl.LeaderElection.lambda$submitRequests$1(LeaderElection.java:238)
	at java.util.concurrent.FutureTask.run(FutureTask.java:266)
	at java.util.concurrent.Executors$RunnableAdapter.call(Executors.java:511)
	at java.util.concurrent.FutureTask.run(FutureTask.java:266)
	at java.util.concurrent.ThreadPoolExecutor.runWorker(ThreadPoolExecutor.java:1149)
	at java.util.concurrent.ThreadPoolExecutor$Worker.run(ThreadPoolExecutor.java:624)
	... 1 more
Caused by: org.apache.ratis.thirdparty.io.netty.channel.AbstractChannel$AnnotatedConnectException: Connection refused: /192.168.36.126:37960
	at sun.nio.ch.SocketChannelImpl.checkConnect(Native Method)
	at sun.nio.ch.SocketChannelImpl.finishConnect(SocketChannelImpl.java:717)
	at org.apache.ratis.thirdparty.io.netty.channel.socket.nio.NioSocketChannel.doFinishConnect(NioSocketChannel.java:327)
	at org.apache.ratis.thirdparty.io.netty.channel.nio.AbstractNioChannel$AbstractNioUnsafe.finishConnect(AbstractNioChannel.java:340)
	at org.apache.ratis.thirdparty.io.netty.channel.nio.NioEventLoop.processSelectedKey(NioEventLoop.java:632)
	at org.apache.ratis.thirdparty.io.netty.channel.nio.NioEventLoop.processSelectedKeysOptimized(NioEventLoop.java:579)
	at org.apache.ratis.thirdparty.io.netty.channel.nio.NioEventLoop.processSelectedKeys(NioEventLoop.java:496)
	at org.apache.ratis.thirdparty.io.netty.channel.nio.NioEventLoop.run(NioEventLoop.java:458)
	at org.apache.ratis.thirdparty.io.netty.util.concurrent.SingleThreadEventExecutor$5.run(SingleThreadEventExecutor.java:897)
	at org.apache.ratis.thirdparty.io.netty.util.concurrent.FastThreadLocalRunnable.run(FastThreadLocalRunnable.java:30)
	... 1 more
Caused by: java.net.ConnectException: Connection refused
	... 11 more
2019-09-25 05:31:55,529 [a58d7528-614e-4c39-a3a3-38beaa9905aa@group-0EC8D23D101B:LeaderElection192] INFO  impl.LeaderElection (LogUtils.java:infoOrTrace(149)) - a58d7528-614e-4c39-a3a3-38beaa9905aa@group-0EC8D23D101B:LeaderElection192 got exception when requesting votes: {}
java.util.concurrent.ExecutionException: org.apache.ratis.thirdparty.io.grpc.StatusRuntimeException: UNAVAILABLE: io exception
	at java.util.concurrent.FutureTask.report(FutureTask.java:122)
	at java.util.concurrent.FutureTask.get(FutureTask.java:192)
	at org.apache.ratis.server.impl.LeaderElection.waitForResults(LeaderElection.java:263)
	at org.apache.ratis.server.impl.LeaderElection.askForVotes(LeaderElection.java:201)
	at org.apache.ratis.server.impl.LeaderElection.run(LeaderElection.java:133)
	at java.lang.Thread.run(Thread.java:748)
Caused by: org.apache.ratis.thirdparty.io.grpc.StatusRuntimeException: UNAVAILABLE: io exception
	at org.apache.ratis.thirdparty.io.grpc.stub.ClientCalls.toStatusRuntimeException(ClientCalls.java:233)
	at org.apache.ratis.thirdparty.io.grpc.stub.ClientCalls.getUnchecked(ClientCalls.java:214)
	at org.apache.ratis.thirdparty.io.grpc.stub.ClientCalls.blockingUnaryCall(ClientCalls.java:139)
	at org.apache.ratis.proto.grpc.RaftServerProtocolServiceGrpc$RaftServerProtocolServiceBlockingStub.requestVote(RaftServerProtocolServiceGrpc.java:265)
	at org.apache.ratis.grpc.server.GrpcServerProtocolClient.requestVote(GrpcServerProtocolClient.java:90)
	at org.apache.ratis.grpc.server.GrpcService.requestVote(GrpcService.java:204)
	at org.apache.ratis.server.impl.LeaderElection.lambda$submitRequests$1(LeaderElection.java:238)
	at java.util.concurrent.FutureTask.run(FutureTask.java:266)
	at java.util.concurrent.Executors$RunnableAdapter.call(Executors.java:511)
	at java.util.concurrent.FutureTask.run(FutureTask.java:266)
	at java.util.concurrent.ThreadPoolExecutor.runWorker(ThreadPoolExecutor.java:1149)
	at java.util.concurrent.ThreadPoolExecutor$Worker.run(ThreadPoolExecutor.java:624)
	... 1 more
Caused by: org.apache.ratis.thirdparty.io.netty.channel.AbstractChannel$AnnotatedConnectException: Connection refused: /192.168.36.126:37960
	at sun.nio.ch.SocketChannelImpl.checkConnect(Native Method)
	at sun.nio.ch.SocketChannelImpl.finishConnect(SocketChannelImpl.java:717)
	at org.apache.ratis.thirdparty.io.netty.channel.socket.nio.NioSocketChannel.doFinishConnect(NioSocketChannel.java:327)
	at org.apache.ratis.thirdparty.io.netty.channel.nio.AbstractNioChannel$AbstractNioUnsafe.finishConnect(AbstractNioChannel.java:340)
	at org.apache.ratis.thirdparty.io.netty.channel.nio.NioEventLoop.processSelectedKey(NioEventLoop.java:632)
	at org.apache.ratis.thirdparty.io.netty.channel.nio.NioEventLoop.processSelectedKeysOptimized(NioEventLoop.java:579)
	at org.apache.ratis.thirdparty.io.netty.channel.nio.NioEventLoop.processSelectedKeys(NioEventLoop.java:496)
	at org.apache.ratis.thirdparty.io.netty.channel.nio.NioEventLoop.run(NioEventLoop.java:458)
	at org.apache.ratis.thirdparty.io.netty.util.concurrent.SingleThreadEventExecutor$5.run(SingleThreadEventExecutor.java:897)
	at org.apache.ratis.thirdparty.io.netty.util.concurrent.FastThreadLocalRunnable.run(FastThreadLocalRunnable.java:30)
	... 1 more
Caused by: java.net.ConnectException: Connection refused
	... 11 more
2019-09-25 05:31:55,528 [5c3318fc-c419-4298-b427-bf5a9ca27bf0@group-059250D1A272:LeaderElection190] INFO  impl.LeaderElection (LogUtils.java:infoOrTrace(149)) - 5c3318fc-c419-4298-b427-bf5a9ca27bf0@group-059250D1A272:LeaderElection190 got exception when requesting votes: {}
java.util.concurrent.ExecutionException: org.apache.ratis.thirdparty.io.grpc.StatusRuntimeException: UNAVAILABLE: io exception
	at java.util.concurrent.FutureTask.report(FutureTask.java:122)
	at java.util.concurrent.FutureTask.get(FutureTask.java:192)
	at org.apache.ratis.server.impl.LeaderElection.waitForResults(LeaderElection.java:263)
	at org.apache.ratis.server.impl.LeaderElection.askForVotes(LeaderElection.java:201)
	at org.apache.ratis.server.impl.LeaderElection.run(LeaderElection.java:133)
	at java.lang.Thread.run(Thread.java:748)
Caused by: org.apache.ratis.thirdparty.io.grpc.StatusRuntimeException: UNAVAILABLE: io exception
	at org.apache.ratis.thirdparty.io.grpc.stub.ClientCalls.toStatusRuntimeException(ClientCalls.java:233)
	at org.apache.ratis.thirdparty.io.grpc.stub.ClientCalls.getUnchecked(ClientCalls.java:214)
	at org.apache.ratis.thirdparty.io.grpc.stub.ClientCalls.blockingUnaryCall(ClientCalls.java:139)
	at org.apache.ratis.proto.grpc.RaftServerProtocolServiceGrpc$RaftServerProtocolServiceBlockingStub.requestVote(RaftServerProtocolServiceGrpc.java:265)
	at org.apache.ratis.grpc.server.GrpcServerProtocolClient.requestVote(GrpcServerProtocolClient.java:90)
	at org.apache.ratis.grpc.server.GrpcService.requestVote(GrpcService.java:204)
	at org.apache.ratis.server.impl.LeaderElection.lambda$submitRequests$1(LeaderElection.java:238)
	at java.util.concurrent.FutureTask.run(FutureTask.java:266)
	at java.util.concurrent.Executors$RunnableAdapter.call(Executors.java:511)
	at java.util.concurrent.FutureTask.run(FutureTask.java:266)
	at java.util.concurrent.ThreadPoolExecutor.runWorker(ThreadPoolExecutor.java:1149)
	at java.util.concurrent.ThreadPoolExecutor$Worker.run(ThreadPoolExecutor.java:624)
	... 1 more
Caused by: org.apache.ratis.thirdparty.io.netty.channel.AbstractChannel$AnnotatedConnectException: Connection refused: /192.168.36.126:36814
	at sun.nio.ch.SocketChannelImpl.checkConnect(Native Method)
	at sun.nio.ch.SocketChannelImpl.finishConnect(SocketChannelImpl.java:717)
	at org.apache.ratis.thirdparty.io.netty.channel.socket.nio.NioSocketChannel.doFinishConnect(NioSocketChannel.java:327)
	at org.apache.ratis.thirdparty.io.netty.channel.nio.AbstractNioChannel$AbstractNioUnsafe.finishConnect(AbstractNioChannel.java:340)
	at org.apache.ratis.thirdparty.io.netty.channel.nio.NioEventLoop.processSelectedKey(NioEventLoop.java:632)
	at org.apache.ratis.thirdparty.io.netty.channel.nio.NioEventLoop.processSelectedKeysOptimized(NioEventLoop.java:579)
	at org.apache.ratis.thirdparty.io.netty.channel.nio.NioEventLoop.processSelectedKeys(NioEventLoop.java:496)
	at org.apache.ratis.thirdparty.io.netty.channel.nio.NioEventLoop.run(NioEventLoop.java:458)
	at org.apache.ratis.thirdparty.io.netty.util.concurrent.SingleThreadEventExecutor$5.run(SingleThreadEventExecutor.java:897)
	at org.apache.ratis.thirdparty.io.netty.util.concurrent.FastThreadLocalRunnable.run(FastThreadLocalRunnable.java:30)
	... 1 more
Caused by: java.net.ConnectException: Connection refused
	... 11 more
2019-09-25 05:31:55,535 [a58d7528-614e-4c39-a3a3-38beaa9905aa@group-0EC8D23D101B:LeaderElection192] INFO  impl.LeaderElection (LeaderElection.java:logAndReturn(56)) - a58d7528-614e-4c39-a3a3-38beaa9905aa@group-0EC8D23D101B:LeaderElection192: Election REJECTED; received 1 response(s) [a58d7528-614e-4c39-a3a3-38beaa9905aa<-f9c12371-c091-4b4a-8db2-6f0db97bbab3#0:FAIL-t12] and 1 exception(s); a58d7528-614e-4c39-a3a3-38beaa9905aa@group-0EC8D23D101B:t12, leader=null, voted=a58d7528-614e-4c39-a3a3-38beaa9905aa, raftlog=a58d7528-614e-4c39-a3a3-38beaa9905aa@group-0EC8D23D101B-SegmentedRaftLog:OPENED:c-1,f-1,i0, conf=-1: [a58d7528-614e-4c39-a3a3-38beaa9905aa:192.168.36.126:37942, f9c12371-c091-4b4a-8db2-6f0db97bbab3:192.168.36.126:46560, ce8ac917-2646-4112-adf7-d577593fabcb:192.168.36.126:37960], old=null
2019-09-25 05:31:55,534 [f9c12371-c091-4b4a-8db2-6f0db97bbab3@group-0EC8D23D101B:LeaderElection197] INFO  impl.LeaderElection (LeaderElection.java:logAndReturn(56)) - f9c12371-c091-4b4a-8db2-6f0db97bbab3@group-0EC8D23D101B:LeaderElection197: Election REJECTED; received 1 response(s) [f9c12371-c091-4b4a-8db2-6f0db97bbab3<-a58d7528-614e-4c39-a3a3-38beaa9905aa#0:FAIL-t12] and 1 exception(s); f9c12371-c091-4b4a-8db2-6f0db97bbab3@group-0EC8D23D101B:t12, leader=null, voted=f9c12371-c091-4b4a-8db2-6f0db97bbab3, raftlog=f9c12371-c091-4b4a-8db2-6f0db97bbab3@group-0EC8D23D101B-SegmentedRaftLog:OPENED:c-1,f-1,i0, conf=-1: [a58d7528-614e-4c39-a3a3-38beaa9905aa:192.168.36.126:37942, f9c12371-c091-4b4a-8db2-6f0db97bbab3:192.168.36.126:46560, ce8ac917-2646-4112-adf7-d577593fabcb:192.168.36.126:37960], old=null
2019-09-25 05:31:55,534 [e997a993-6131-47bf-96c8-764e04cb5c0e@group-60724A24602F:LeaderElection193] INFO  impl.LeaderElection (LeaderElection.java:logAndReturn(56)) - e997a993-6131-47bf-96c8-764e04cb5c0e@group-60724A24602F:LeaderElection193: Election REJECTED; received 1 response(s) [e997a993-6131-47bf-96c8-764e04cb5c0e<-616f9f8f-9479-40f4-8c03-f125dcbf9c7f#0:FAIL-t14] and 1 exception(s); e997a993-6131-47bf-96c8-764e04cb5c0e@group-60724A24602F:t14, leader=null, voted=e997a993-6131-47bf-96c8-764e04cb5c0e, raftlog=e997a993-6131-47bf-96c8-764e04cb5c0e@group-60724A24602F-SegmentedRaftLog:OPENED:c-1,f-1,i0, conf=-1: [616f9f8f-9479-40f4-8c03-f125dcbf9c7f:192.168.36.126:39694, e997a993-6131-47bf-96c8-764e04cb5c0e:192.168.36.126:37678, fd2f3f79-5d7b-4d37-bb24-b15dfe7f18d7:192.168.36.126:42280], old=null
2019-09-25 05:31:55,534 [a58d7528-614e-4c39-a3a3-38beaa9905aa@group-43825EC81F5D:LeaderElection191] INFO  impl.LeaderElection (LeaderElection.java:logAndReturn(56)) - a58d7528-614e-4c39-a3a3-38beaa9905aa@group-43825EC81F5D:LeaderElection191: Election REJECTED; received 1 response(s) [a58d7528-614e-4c39-a3a3-38beaa9905aa<-f9c12371-c091-4b4a-8db2-6f0db97bbab3#0:FAIL-t8] and 1 exception(s); a58d7528-614e-4c39-a3a3-38beaa9905aa@group-43825EC81F5D:t8, leader=null, voted=a58d7528-614e-4c39-a3a3-38beaa9905aa, raftlog=a58d7528-614e-4c39-a3a3-38beaa9905aa@group-43825EC81F5D-SegmentedRaftLog:OPENED:c-1,f-1,i0, conf=-1: [a58d7528-614e-4c39-a3a3-38beaa9905aa:192.168.36.126:37942, f9c12371-c091-4b4a-8db2-6f0db97bbab3:192.168.36.126:46560, ce8ac917-2646-4112-adf7-d577593fabcb:192.168.36.126:37960], old=null
2019-09-25 05:31:55,533 [f9c12371-c091-4b4a-8db2-6f0db97bbab3@group-AEFF648B0F59:LeaderElection195] INFO  impl.LeaderElection (LeaderElection.java:logAndReturn(56)) - f9c12371-c091-4b4a-8db2-6f0db97bbab3@group-AEFF648B0F59:LeaderElection195: Election REJECTED; received 1 response(s) [f9c12371-c091-4b4a-8db2-6f0db97bbab3<-a58d7528-614e-4c39-a3a3-38beaa9905aa#0:FAIL-t12] and 1 exception(s); f9c12371-c091-4b4a-8db2-6f0db97bbab3@group-AEFF648B0F59:t12, leader=null, voted=f9c12371-c091-4b4a-8db2-6f0db97bbab3, raftlog=f9c12371-c091-4b4a-8db2-6f0db97bbab3@group-AEFF648B0F59-SegmentedRaftLog:OPENED:c-1,f-1,i0, conf=-1: [a58d7528-614e-4c39-a3a3-38beaa9905aa:192.168.36.126:37942, f9c12371-c091-4b4a-8db2-6f0db97bbab3:192.168.36.126:46560, ce8ac917-2646-4112-adf7-d577593fabcb:192.168.36.126:37960], old=null
2019-09-25 05:31:55,533 [a58d7528-614e-4c39-a3a3-38beaa9905aa@group-AEFF648B0F59:LeaderElection196] INFO  impl.LeaderElection (LeaderElection.java:logAndReturn(56)) - a58d7528-614e-4c39-a3a3-38beaa9905aa@group-AEFF648B0F59:LeaderElection196: Election REJECTED; received 1 response(s) [a58d7528-614e-4c39-a3a3-38beaa9905aa<-f9c12371-c091-4b4a-8db2-6f0db97bbab3#0:FAIL-t12] and 1 exception(s); a58d7528-614e-4c39-a3a3-38beaa9905aa@group-AEFF648B0F59:t12, leader=null, voted=a58d7528-614e-4c39-a3a3-38beaa9905aa, raftlog=a58d7528-614e-4c39-a3a3-38beaa9905aa@group-AEFF648B0F59-SegmentedRaftLog:OPENED:c-1,f-1,i0, conf=-1: [a58d7528-614e-4c39-a3a3-38beaa9905aa:192.168.36.126:37942, f9c12371-c091-4b4a-8db2-6f0db97bbab3:192.168.36.126:46560, ce8ac917-2646-4112-adf7-d577593fabcb:192.168.36.126:37960], old=null
2019-09-25 05:31:55,536 [a58d7528-614e-4c39-a3a3-38beaa9905aa@group-AEFF648B0F59:LeaderElection196] INFO  impl.LeaderElection (LogUtils.java:infoOrTrace(149)) -   Exception 0: {}
java.util.concurrent.ExecutionException: org.apache.ratis.thirdparty.io.grpc.StatusRuntimeException: UNAVAILABLE: io exception
	at java.util.concurrent.FutureTask.report(FutureTask.java:122)
	at java.util.concurrent.FutureTask.get(FutureTask.java:192)
	at org.apache.ratis.server.impl.LeaderElection.waitForResults(LeaderElection.java:263)
	at org.apache.ratis.server.impl.LeaderElection.askForVotes(LeaderElection.java:201)
	at org.apache.ratis.server.impl.LeaderElection.run(LeaderElection.java:133)
	at java.lang.Thread.run(Thread.java:748)
Caused by: org.apache.ratis.thirdparty.io.grpc.StatusRuntimeException: UNAVAILABLE: io exception
	at org.apache.ratis.thirdparty.io.grpc.stub.ClientCalls.toStatusRuntimeException(ClientCalls.java:233)
	at org.apache.ratis.thirdparty.io.grpc.stub.ClientCalls.getUnchecked(ClientCalls.java:214)
	at org.apache.ratis.thirdparty.io.grpc.stub.ClientCalls.blockingUnaryCall(ClientCalls.java:139)
	at org.apache.ratis.proto.grpc.RaftServerProtocolServiceGrpc$RaftServerProtocolServiceBlockingStub.requestVote(RaftServerProtocolServiceGrpc.java:265)
	at org.apache.ratis.grpc.server.GrpcServerProtocolClient.requestVote(GrpcServerProtocolClient.java:90)
	at org.apache.ratis.grpc.server.GrpcService.requestVote(GrpcService.java:204)
	at org.apache.ratis.server.impl.LeaderElection.lambda$submitRequests$1(LeaderElection.java:238)
	at java.util.concurrent.FutureTask.run(FutureTask.java:266)
	at java.util.concurrent.Executors$RunnableAdapter.call(Executors.java:511)
	at java.util.concurrent.FutureTask.run(FutureTask.java:266)
	at java.util.concurrent.ThreadPoolExecutor.runWorker(ThreadPoolExecutor.java:1149)
	at java.util.concurrent.ThreadPoolExecutor$Worker.run(ThreadPoolExecutor.java:624)
	... 1 more
Caused by: org.apache.ratis.thirdparty.io.netty.channel.AbstractChannel$AnnotatedConnectException: Connection refused: /192.168.36.126:37960
	at sun.nio.ch.SocketChannelImpl.checkConnect(Native Method)
	at sun.nio.ch.SocketChannelImpl.finishConnect(SocketChannelImpl.java:717)
	at org.apache.ratis.thirdparty.io.netty.channel.socket.nio.NioSocketChannel.doFinishConnect(NioSocketChannel.java:327)
	at org.apache.ratis.thirdparty.io.netty.channel.nio.AbstractNioChannel$AbstractNioUnsafe.finishConnect(AbstractNioChannel.java:340)
	at org.apache.ratis.thirdparty.io.netty.channel.nio.NioEventLoop.processSelectedKey(NioEventLoop.java:632)
	at org.apache.ratis.thirdparty.io.netty.channel.nio.NioEventLoop.processSelectedKeysOptimized(NioEventLoop.java:579)
	at org.apache.ratis.thirdparty.io.netty.channel.nio.NioEventLoop.processSelectedKeys(NioEventLoop.java:496)
	at org.apache.ratis.thirdparty.io.netty.channel.nio.NioEventLoop.run(NioEventLoop.java:458)
	at org.apache.ratis.thirdparty.io.netty.util.concurrent.SingleThreadEventExecutor$5.run(SingleThreadEventExecutor.java:897)
	at org.apache.ratis.thirdparty.io.netty.util.concurrent.FastThreadLocalRunnable.run(FastThreadLocalRunnable.java:30)
	... 1 more
Caused by: java.net.ConnectException: Connection refused
	... 11 more
2019-09-25 05:31:55,533 [f9c12371-c091-4b4a-8db2-6f0db97bbab3@group-43825EC81F5D:LeaderElection194] INFO  impl.LeaderElection (LeaderElection.java:logAndReturn(56)) - f9c12371-c091-4b4a-8db2-6f0db97bbab3@group-43825EC81F5D:LeaderElection194: Election REJECTED; received 1 response(s) [f9c12371-c091-4b4a-8db2-6f0db97bbab3<-a58d7528-614e-4c39-a3a3-38beaa9905aa#0:FAIL-t8] and 1 exception(s); f9c12371-c091-4b4a-8db2-6f0db97bbab3@group-43825EC81F5D:t8, leader=null, voted=f9c12371-c091-4b4a-8db2-6f0db97bbab3, raftlog=f9c12371-c091-4b4a-8db2-6f0db97bbab3@group-43825EC81F5D-SegmentedRaftLog:OPENED:c-1,f-1,i0, conf=-1: [a58d7528-614e-4c39-a3a3-38beaa9905aa:192.168.36.126:37942, f9c12371-c091-4b4a-8db2-6f0db97bbab3:192.168.36.126:46560, ce8ac917-2646-4112-adf7-d577593fabcb:192.168.36.126:37960], old=null
2019-09-25 05:31:55,532 [5c3318fc-c419-4298-b427-bf5a9ca27bf0@group-21C2C432FD88:LeaderElection188] INFO  impl.LeaderElection (LeaderElection.java:logAndReturn(56)) - 5c3318fc-c419-4298-b427-bf5a9ca27bf0@group-21C2C432FD88:LeaderElection188: Election REJECTED; received 0 response(s) [] and 2 exception(s); 5c3318fc-c419-4298-b427-bf5a9ca27bf0@group-21C2C432FD88:t15, leader=null, voted=5c3318fc-c419-4298-b427-bf5a9ca27bf0, raftlog=5c3318fc-c419-4298-b427-bf5a9ca27bf0@group-21C2C432FD88-SegmentedRaftLog:OPENED:c-1,f-1,i0, conf=-1: [5c3318fc-c419-4298-b427-bf5a9ca27bf0:192.168.36.126:46795, 61946a22-29ed-4e77-8449-fae4cd9869e9:192.168.36.126:36814, 0d4a37ed-4cec-423a-a360-e4a879eb6bc0:192.168.36.126:37817], old=null
2019-09-25 05:31:55,537 [5c3318fc-c419-4298-b427-bf5a9ca27bf0@group-21C2C432FD88:LeaderElection188] INFO  impl.LeaderElection (LogUtils.java:infoOrTrace(149)) -   Exception 0: {}
java.util.concurrent.ExecutionException: org.apache.ratis.thirdparty.io.grpc.StatusRuntimeException: UNAVAILABLE: io exception
	at java.util.concurrent.FutureTask.report(FutureTask.java:122)
	at java.util.concurrent.FutureTask.get(FutureTask.java:192)
	at org.apache.ratis.server.impl.LeaderElection.waitForResults(LeaderElection.java:263)
	at org.apache.ratis.server.impl.LeaderElection.askForVotes(LeaderElection.java:201)
	at org.apache.ratis.server.impl.LeaderElection.run(LeaderElection.java:133)
	at java.lang.Thread.run(Thread.java:748)
Caused by: org.apache.ratis.thirdparty.io.grpc.StatusRuntimeException: UNAVAILABLE: io exception
	at org.apache.ratis.thirdparty.io.grpc.stub.ClientCalls.toStatusRuntimeException(ClientCalls.java:233)
	at org.apache.ratis.thirdparty.io.grpc.stub.ClientCalls.getUnchecked(ClientCalls.java:214)
	at org.apache.ratis.thirdparty.io.grpc.stub.ClientCalls.blockingUnaryCall(ClientCalls.java:139)
	at org.apache.ratis.proto.grpc.RaftServerProtocolServiceGrpc$RaftServerProtocolServiceBlockingStub.requestVote(RaftServerProtocolServiceGrpc.java:265)
	at org.apache.ratis.grpc.server.GrpcServerProtocolClient.requestVote(GrpcServerProtocolClient.java:90)
	at org.apache.ratis.grpc.server.GrpcService.requestVote(GrpcService.java:204)
	at org.apache.ratis.server.impl.LeaderElection.lambda$submitRequests$1(LeaderElection.java:238)
	at java.util.concurrent.FutureTask.run(FutureTask.java:266)
	at java.util.concurrent.Executors$RunnableAdapter.call(Executors.java:511)
	at java.util.concurrent.FutureTask.run(FutureTask.java:266)
	at java.util.concurrent.ThreadPoolExecutor.runWorker(ThreadPoolExecutor.java:1149)
	at java.util.concurrent.ThreadPoolExecutor$Worker.run(ThreadPoolExecutor.java:624)
	... 1 more
Caused by: org.apache.ratis.thirdparty.io.netty.channel.AbstractChannel$AnnotatedConnectException: Connection refused: /192.168.36.126:36814
	at sun.nio.ch.SocketChannelImpl.checkConnect(Native Method)
	at sun.nio.ch.SocketChannelImpl.finishConnect(SocketChannelImpl.java:717)
	at org.apache.ratis.thirdparty.io.netty.channel.socket.nio.NioSocketChannel.doFinishConnect(NioSocketChannel.java:327)
	at org.apache.ratis.thirdparty.io.netty.channel.nio.AbstractNioChannel$AbstractNioUnsafe.finishConnect(AbstractNioChannel.java:340)
	at org.apache.ratis.thirdparty.io.netty.channel.nio.NioEventLoop.processSelectedKey(NioEventLoop.java:632)
	at org.apache.ratis.thirdparty.io.netty.channel.nio.NioEventLoop.processSelectedKeysOptimized(NioEventLoop.java:579)
	at org.apache.ratis.thirdparty.io.netty.channel.nio.NioEventLoop.processSelectedKeys(NioEventLoop.java:496)
	at org.apache.ratis.thirdparty.io.netty.channel.nio.NioEventLoop.run(NioEventLoop.java:458)
	at org.apache.ratis.thirdparty.io.netty.util.concurrent.SingleThreadEventExecutor$5.run(SingleThreadEventExecutor.java:897)
	at org.apache.ratis.thirdparty.io.netty.util.concurrent.FastThreadLocalRunnable.run(FastThreadLocalRunnable.java:30)
	... 1 more
Caused by: java.net.ConnectException: Connection refused
	... 11 more
2019-09-25 05:31:55,538 [5c3318fc-c419-4298-b427-bf5a9ca27bf0@group-21C2C432FD88:LeaderElection188] INFO  impl.LeaderElection (LogUtils.java:infoOrTrace(149)) -   Exception 1: {}
java.util.concurrent.ExecutionException: org.apache.ratis.thirdparty.io.grpc.StatusRuntimeException: UNAVAILABLE: io exception
	at java.util.concurrent.FutureTask.report(FutureTask.java:122)
	at java.util.concurrent.FutureTask.get(FutureTask.java:192)
	at org.apache.ratis.server.impl.LeaderElection.waitForResults(LeaderElection.java:263)
	at org.apache.ratis.server.impl.LeaderElection.askForVotes(LeaderElection.java:201)
	at org.apache.ratis.server.impl.LeaderElection.run(LeaderElection.java:133)
	at java.lang.Thread.run(Thread.java:748)
Caused by: org.apache.ratis.thirdparty.io.grpc.StatusRuntimeException: UNAVAILABLE: io exception
	at org.apache.ratis.thirdparty.io.grpc.stub.ClientCalls.toStatusRuntimeException(ClientCalls.java:233)
	at org.apache.ratis.thirdparty.io.grpc.stub.ClientCalls.getUnchecked(ClientCalls.java:214)
	at org.apache.ratis.thirdparty.io.grpc.stub.ClientCalls.blockingUnaryCall(ClientCalls.java:139)
	at org.apache.ratis.proto.grpc.RaftServerProtocolServiceGrpc$RaftServerProtocolServiceBlockingStub.requestVote(RaftServerProtocolServiceGrpc.java:265)
	at org.apache.ratis.grpc.server.GrpcServerProtocolClient.requestVote(GrpcServerProtocolClient.java:90)
	at org.apache.ratis.grpc.server.GrpcService.requestVote(GrpcService.java:204)
	at org.apache.ratis.server.impl.LeaderElection.lambda$submitRequests$1(LeaderElection.java:238)
	at java.util.concurrent.FutureTask.run(FutureTask.java:266)
	at java.util.concurrent.Executors$RunnableAdapter.call(Executors.java:511)
	at java.util.concurrent.FutureTask.run(FutureTask.java:266)
	at java.util.concurrent.ThreadPoolExecutor.runWorker(ThreadPoolExecutor.java:1149)
	at java.util.concurrent.ThreadPoolExecutor$Worker.run(ThreadPoolExecutor.java:624)
	... 1 more
Caused by: org.apache.ratis.thirdparty.io.netty.channel.AbstractChannel$AnnotatedConnectException: Connection refused: /192.168.36.126:37817
	at sun.nio.ch.SocketChannelImpl.checkConnect(Native Method)
	at sun.nio.ch.SocketChannelImpl.finishConnect(SocketChannelImpl.java:717)
	at org.apache.ratis.thirdparty.io.netty.channel.socket.nio.NioSocketChannel.doFinishConnect(NioSocketChannel.java:327)
	at org.apache.ratis.thirdparty.io.netty.channel.nio.AbstractNioChannel$AbstractNioUnsafe.finishConnect(AbstractNioChannel.java:340)
	at org.apache.ratis.thirdparty.io.netty.channel.nio.NioEventLoop.processSelectedKey(NioEventLoop.java:632)
	at org.apache.ratis.thirdparty.io.netty.channel.nio.NioEventLoop.processSelectedKeysOptimized(NioEventLoop.java:579)
	at org.apache.ratis.thirdparty.io.netty.channel.nio.NioEventLoop.processSelectedKeys(NioEventLoop.java:496)
	at org.apache.ratis.thirdparty.io.netty.channel.nio.NioEventLoop.run(NioEventLoop.java:458)
	at org.apache.ratis.thirdparty.io.netty.util.concurrent.SingleThreadEventExecutor$5.run(SingleThreadEventExecutor.java:897)
	at org.apache.ratis.thirdparty.io.netty.util.concurrent.FastThreadLocalRunnable.run(FastThreadLocalRunnable.java:30)
	... 1 more
Caused by: java.net.ConnectException: Connection refused
	... 11 more
2019-09-25 05:31:55,532 [616f9f8f-9479-40f4-8c03-f125dcbf9c7f@group-60724A24602F:LeaderElection189] INFO  impl.LeaderElection (LeaderElection.java:logAndReturn(56)) - 616f9f8f-9479-40f4-8c03-f125dcbf9c7f@group-60724A24602F:LeaderElection189: Election REJECTED; received 1 response(s) [616f9f8f-9479-40f4-8c03-f125dcbf9c7f<-e997a993-6131-47bf-96c8-764e04cb5c0e#0:FAIL-t14] and 1 exception(s); 616f9f8f-9479-40f4-8c03-f125dcbf9c7f@group-60724A24602F:t14, leader=null, voted=616f9f8f-9479-40f4-8c03-f125dcbf9c7f, raftlog=616f9f8f-9479-40f4-8c03-f125dcbf9c7f@group-60724A24602F-SegmentedRaftLog:OPENED:c-1,f-1,i0, conf=-1: [616f9f8f-9479-40f4-8c03-f125dcbf9c7f:192.168.36.126:39694, e997a993-6131-47bf-96c8-764e04cb5c0e:192.168.36.126:37678, fd2f3f79-5d7b-4d37-bb24-b15dfe7f18d7:192.168.36.126:42280], old=null
2019-09-25 05:31:55,539 [5c3318fc-c419-4298-b427-bf5a9ca27bf0@group-21C2C432FD88:LeaderElection188] INFO  impl.RaftServerImpl (RaftServerImpl.java:setRole(174)) - 5c3318fc-c419-4298-b427-bf5a9ca27bf0@group-21C2C432FD88: changes role from CANDIDATE to FOLLOWER at term 15 for DISCOVERED_A_NEW_TERM
2019-09-25 05:31:55,537 [f9c12371-c091-4b4a-8db2-6f0db97bbab3@group-43825EC81F5D:LeaderElection194] INFO  impl.LeaderElection (LogUtils.java:infoOrTrace(149)) -   Exception 0: {}
java.util.concurrent.ExecutionException: org.apache.ratis.thirdparty.io.grpc.StatusRuntimeException: UNAVAILABLE: io exception
	at java.util.concurrent.FutureTask.report(FutureTask.java:122)
	at java.util.concurrent.FutureTask.get(FutureTask.java:192)
	at org.apache.ratis.server.impl.LeaderElection.waitForResults(LeaderElection.java:263)
	at org.apache.ratis.server.impl.LeaderElection.askForVotes(LeaderElection.java:201)
	at org.apache.ratis.server.impl.LeaderElection.run(LeaderElection.java:133)
	at java.lang.Thread.run(Thread.java:748)
Caused by: org.apache.ratis.thirdparty.io.grpc.StatusRuntimeException: UNAVAILABLE: io exception
	at org.apache.ratis.thirdparty.io.grpc.stub.ClientCalls.toStatusRuntimeException(ClientCalls.java:233)
	at org.apache.ratis.thirdparty.io.grpc.stub.ClientCalls.getUnchecked(ClientCalls.java:214)
	at org.apache.ratis.thirdparty.io.grpc.stub.ClientCalls.blockingUnaryCall(ClientCalls.java:139)
	at org.apache.ratis.proto.grpc.RaftServerProtocolServiceGrpc$RaftServerProtocolServiceBlockingStub.requestVote(RaftServerProtocolServiceGrpc.java:265)
	at org.apache.ratis.grpc.server.GrpcServerProtocolClient.requestVote(GrpcServerProtocolClient.java:90)
	at org.apache.ratis.grpc.server.GrpcService.requestVote(GrpcService.java:204)
	at org.apache.ratis.server.impl.LeaderElection.lambda$submitRequests$1(LeaderElection.java:238)
	at java.util.concurrent.FutureTask.run(FutureTask.java:266)
	at java.util.concurrent.Executors$RunnableAdapter.call(Executors.java:511)
	at java.util.concurrent.FutureTask.run(FutureTask.java:266)
	at java.util.concurrent.ThreadPoolExecutor.runWorker(ThreadPoolExecutor.java:1149)
	at java.util.concurrent.ThreadPoolExecutor$Worker.run(ThreadPoolExecutor.java:624)
	... 1 more
Caused by: org.apache.ratis.thirdparty.io.netty.channel.AbstractChannel$AnnotatedConnectException: Connection refused: /192.168.36.126:37960
	at sun.nio.ch.SocketChannelImpl.checkConnect(Native Method)
	at sun.nio.ch.SocketChannelImpl.finishConnect(SocketChannelImpl.java:717)
	at org.apache.ratis.thirdparty.io.netty.channel.socket.nio.NioSocketChannel.doFinishConnect(NioSocketChannel.java:327)
	at org.apache.ratis.thirdparty.io.netty.channel.nio.AbstractNioChannel$AbstractNioUnsafe.finishConnect(AbstractNioChannel.java:340)
	at org.apache.ratis.thirdparty.io.netty.channel.nio.NioEventLoop.processSelectedKey(NioEventLoop.java:632)
	at org.apache.ratis.thirdparty.io.netty.channel.nio.NioEventLoop.processSelectedKeysOptimized(NioEventLoop.java:579)
	at org.apache.ratis.thirdparty.io.netty.channel.nio.NioEventLoop.processSelectedKeys(NioEventLoop.java:496)
	at org.apache.ratis.thirdparty.io.netty.channel.nio.NioEventLoop.run(NioEventLoop.java:458)
	at org.apache.ratis.thirdparty.io.netty.util.concurrent.SingleThreadEventExecutor$5.run(SingleThreadEventExecutor.java:897)
	at org.apache.ratis.thirdparty.io.netty.util.concurrent.FastThreadLocalRunnable.run(FastThreadLocalRunnable.java:30)
	... 1 more
Caused by: java.net.ConnectException: Connection refused
	... 11 more
2019-09-25 05:31:55,537 [a58d7528-614e-4c39-a3a3-38beaa9905aa@group-AEFF648B0F59:LeaderElection196] INFO  impl.RaftServerImpl (RaftServerImpl.java:setRole(174)) - a58d7528-614e-4c39-a3a3-38beaa9905aa@group-AEFF648B0F59: changes role from CANDIDATE to FOLLOWER at term 12 for DISCOVERED_A_NEW_TERM
2019-09-25 05:31:55,539 [a58d7528-614e-4c39-a3a3-38beaa9905aa@group-AEFF648B0F59:LeaderElection196] INFO  impl.RoleInfo (RoleInfo.java:shutdownLeaderElection(134)) - a58d7528-614e-4c39-a3a3-38beaa9905aa: shutdown LeaderElection
2019-09-25 05:31:55,536 [f9c12371-c091-4b4a-8db2-6f0db97bbab3@group-AEFF648B0F59:LeaderElection195] INFO  impl.LeaderElection (LogUtils.java:infoOrTrace(149)) -   Exception 0: {}
java.util.concurrent.ExecutionException: org.apache.ratis.thirdparty.io.grpc.StatusRuntimeException: UNAVAILABLE: io exception
	at java.util.concurrent.FutureTask.report(FutureTask.java:122)
	at java.util.concurrent.FutureTask.get(FutureTask.java:192)
	at org.apache.ratis.server.impl.LeaderElection.waitForResults(LeaderElection.java:263)
	at org.apache.ratis.server.impl.LeaderElection.askForVotes(LeaderElection.java:201)
	at org.apache.ratis.server.impl.LeaderElection.run(LeaderElection.java:133)
	at java.lang.Thread.run(Thread.java:748)
Caused by: org.apache.ratis.thirdparty.io.grpc.StatusRuntimeException: UNAVAILABLE: io exception
	at org.apache.ratis.thirdparty.io.grpc.stub.ClientCalls.toStatusRuntimeException(ClientCalls.java:233)
	at org.apache.ratis.thirdparty.io.grpc.stub.ClientCalls.getUnchecked(ClientCalls.java:214)
	at org.apache.ratis.thirdparty.io.grpc.stub.ClientCalls.blockingUnaryCall(ClientCalls.java:139)
	at org.apache.ratis.proto.grpc.RaftServerProtocolServiceGrpc$RaftServerProtocolServiceBlockingStub.requestVote(RaftServerProtocolServiceGrpc.java:265)
	at org.apache.ratis.grpc.server.GrpcServerProtocolClient.requestVote(GrpcServerProtocolClient.java:90)
	at org.apache.ratis.grpc.server.GrpcService.requestVote(GrpcService.java:204)
	at org.apache.ratis.server.impl.LeaderElection.lambda$submitRequests$1(LeaderElection.java:238)
	at java.util.concurrent.FutureTask.run(FutureTask.java:266)
	at java.util.concurrent.Executors$RunnableAdapter.call(Executors.java:511)
	at java.util.concurrent.FutureTask.run(FutureTask.java:266)
	at java.util.concurrent.ThreadPoolExecutor.runWorker(ThreadPoolExecutor.java:1149)
	at java.util.concurrent.ThreadPoolExecutor$Worker.run(ThreadPoolExecutor.java:624)
	... 1 more
Caused by: org.apache.ratis.thirdparty.io.netty.channel.AbstractChannel$AnnotatedConnectException: Connection refused: /192.168.36.126:37960
	at sun.nio.ch.SocketChannelImpl.checkConnect(Native Method)
	at sun.nio.ch.SocketChannelImpl.finishConnect(SocketChannelImpl.java:717)
	at org.apache.ratis.thirdparty.io.netty.channel.socket.nio.NioSocketChannel.doFinishConnect(NioSocketChannel.java:327)
	at org.apache.ratis.thirdparty.io.netty.channel.nio.AbstractNioChannel$AbstractNioUnsafe.finishConnect(AbstractNioChannel.java:340)
	at org.apache.ratis.thirdparty.io.netty.channel.nio.NioEventLoop.processSelectedKey(NioEventLoop.java:632)
	at org.apache.ratis.thirdparty.io.netty.channel.nio.NioEventLoop.processSelectedKeysOptimized(NioEventLoop.java:579)
	at org.apache.ratis.thirdparty.io.netty.channel.nio.NioEventLoop.processSelectedKeys(NioEventLoop.java:496)
	at org.apache.ratis.thirdparty.io.netty.channel.nio.NioEventLoop.run(NioEventLoop.java:458)
	at org.apache.ratis.thirdparty.io.netty.util.concurrent.SingleThreadEventExecutor$5.run(SingleThreadEventExecutor.java:897)
	at org.apache.ratis.thirdparty.io.netty.util.concurrent.FastThreadLocalRunnable.run(FastThreadLocalRunnable.java:30)
	... 1 more
Caused by: java.net.ConnectException: Connection refused
	... 11 more
2019-09-25 05:31:55,536 [a58d7528-614e-4c39-a3a3-38beaa9905aa@group-43825EC81F5D:LeaderElection191] INFO  impl.LeaderElection (LogUtils.java:infoOrTrace(149)) -   Exception 0: {}
java.util.concurrent.ExecutionException: org.apache.ratis.thirdparty.io.grpc.StatusRuntimeException: UNAVAILABLE: io exception
	at java.util.concurrent.FutureTask.report(FutureTask.java:122)
	at java.util.concurrent.FutureTask.get(FutureTask.java:192)
	at org.apache.ratis.server.impl.LeaderElection.waitForResults(LeaderElection.java:263)
	at org.apache.ratis.server.impl.LeaderElection.askForVotes(LeaderElection.java:201)
	at org.apache.ratis.server.impl.LeaderElection.run(LeaderElection.java:133)
	at java.lang.Thread.run(Thread.java:748)
Caused by: org.apache.ratis.thirdparty.io.grpc.StatusRuntimeException: UNAVAILABLE: io exception
	at org.apache.ratis.thirdparty.io.grpc.stub.ClientCalls.toStatusRuntimeException(ClientCalls.java:233)
	at org.apache.ratis.thirdparty.io.grpc.stub.ClientCalls.getUnchecked(ClientCalls.java:214)
	at org.apache.ratis.thirdparty.io.grpc.stub.ClientCalls.blockingUnaryCall(ClientCalls.java:139)
	at org.apache.ratis.proto.grpc.RaftServerProtocolServiceGrpc$RaftServerProtocolServiceBlockingStub.requestVote(RaftServerProtocolServiceGrpc.java:265)
	at org.apache.ratis.grpc.server.GrpcServerProtocolClient.requestVote(GrpcServerProtocolClient.java:90)
	at org.apache.ratis.grpc.server.GrpcService.requestVote(GrpcService.java:204)
	at org.apache.ratis.server.impl.LeaderElection.lambda$submitRequests$1(LeaderElection.java:238)
	at java.util.concurrent.FutureTask.run(FutureTask.java:266)
	at java.util.concurrent.Executors$RunnableAdapter.call(Executors.java:511)
	at java.util.concurrent.FutureTask.run(FutureTask.java:266)
	at java.util.concurrent.ThreadPoolExecutor.runWorker(ThreadPoolExecutor.java:1149)
	at java.util.concurrent.ThreadPoolExecutor$Worker.run(ThreadPoolExecutor.java:624)
	... 1 more
Caused by: org.apache.ratis.thirdparty.io.netty.channel.AbstractChannel$AnnotatedConnectException: Connection refused: /192.168.36.126:37960
	at sun.nio.ch.SocketChannelImpl.checkConnect(Native Method)
	at sun.nio.ch.SocketChannelImpl.finishConnect(SocketChannelImpl.java:717)
	at org.apache.ratis.thirdparty.io.netty.channel.socket.nio.NioSocketChannel.doFinishConnect(NioSocketChannel.java:327)
	at org.apache.ratis.thirdparty.io.netty.channel.nio.AbstractNioChannel$AbstractNioUnsafe.finishConnect(AbstractNioChannel.java:340)
	at org.apache.ratis.thirdparty.io.netty.channel.nio.NioEventLoop.processSelectedKey(NioEventLoop.java:632)
	at org.apache.ratis.thirdparty.io.netty.channel.nio.NioEventLoop.processSelectedKeysOptimized(NioEventLoop.java:579)
	at org.apache.ratis.thirdparty.io.netty.channel.nio.NioEventLoop.processSelectedKeys(NioEventLoop.java:496)
	at org.apache.ratis.thirdparty.io.netty.channel.nio.NioEventLoop.run(NioEventLoop.java:458)
	at org.apache.ratis.thirdparty.io.netty.util.concurrent.SingleThreadEventExecutor$5.run(SingleThreadEventExecutor.java:897)
	at org.apache.ratis.thirdparty.io.netty.util.concurrent.FastThreadLocalRunnable.run(FastThreadLocalRunnable.java:30)
	... 1 more
Caused by: java.net.ConnectException: Connection refused
	... 11 more
2019-09-25 05:31:55,536 [e997a993-6131-47bf-96c8-764e04cb5c0e@group-60724A24602F:LeaderElection193] INFO  impl.LeaderElection (LogUtils.java:infoOrTrace(149)) -   Exception 0: {}
java.util.concurrent.ExecutionException: org.apache.ratis.thirdparty.io.grpc.StatusRuntimeException: UNAVAILABLE: io exception
	at java.util.concurrent.FutureTask.report(FutureTask.java:122)
	at java.util.concurrent.FutureTask.get(FutureTask.java:192)
	at org.apache.ratis.server.impl.LeaderElection.waitForResults(LeaderElection.java:263)
	at org.apache.ratis.server.impl.LeaderElection.askForVotes(LeaderElection.java:201)
	at org.apache.ratis.server.impl.LeaderElection.run(LeaderElection.java:133)
	at java.lang.Thread.run(Thread.java:748)
Caused by: org.apache.ratis.thirdparty.io.grpc.StatusRuntimeException: UNAVAILABLE: io exception
	at org.apache.ratis.thirdparty.io.grpc.stub.ClientCalls.toStatusRuntimeException(ClientCalls.java:233)
	at org.apache.ratis.thirdparty.io.grpc.stub.ClientCalls.getUnchecked(ClientCalls.java:214)
	at org.apache.ratis.thirdparty.io.grpc.stub.ClientCalls.blockingUnaryCall(ClientCalls.java:139)
	at org.apache.ratis.proto.grpc.RaftServerProtocolServiceGrpc$RaftServerProtocolServiceBlockingStub.requestVote(RaftServerProtocolServiceGrpc.java:265)
	at org.apache.ratis.grpc.server.GrpcServerProtocolClient.requestVote(GrpcServerProtocolClient.java:90)
	at org.apache.ratis.grpc.server.GrpcService.requestVote(GrpcService.java:204)
	at org.apache.ratis.server.impl.LeaderElection.lambda$submitRequests$1(LeaderElection.java:238)
	at java.util.concurrent.FutureTask.run(FutureTask.java:266)
	at java.util.concurrent.Executors$RunnableAdapter.call(Executors.java:511)
	at java.util.concurrent.FutureTask.run(FutureTask.java:266)
	at java.util.concurrent.ThreadPoolExecutor.runWorker(ThreadPoolExecutor.java:1149)
	at java.util.concurrent.ThreadPoolExecutor$Worker.run(ThreadPoolExecutor.java:624)
	... 1 more
Caused by: org.apache.ratis.thirdparty.io.netty.channel.AbstractChannel$AnnotatedConnectException: Connection refused: /192.168.36.126:42280
	at sun.nio.ch.SocketChannelImpl.checkConnect(Native Method)
	at sun.nio.ch.SocketChannelImpl.finishConnect(SocketChannelImpl.java:717)
	at org.apache.ratis.thirdparty.io.netty.channel.socket.nio.NioSocketChannel.doFinishConnect(NioSocketChannel.java:327)
	at org.apache.ratis.thirdparty.io.netty.channel.nio.AbstractNioChannel$AbstractNioUnsafe.finishConnect(AbstractNioChannel.java:340)
	at org.apache.ratis.thirdparty.io.netty.channel.nio.NioEventLoop.processSelectedKey(NioEventLoop.java:632)
	at org.apache.ratis.thirdparty.io.netty.channel.nio.NioEventLoop.processSelectedKeysOptimized(NioEventLoop.java:579)
	at org.apache.ratis.thirdparty.io.netty.channel.nio.NioEventLoop.processSelectedKeys(NioEventLoop.java:496)
	at org.apache.ratis.thirdparty.io.netty.channel.nio.NioEventLoop.run(NioEventLoop.java:458)
	at org.apache.ratis.thirdparty.io.netty.util.concurrent.SingleThreadEventExecutor$5.run(SingleThreadEventExecutor.java:897)
	at org.apache.ratis.thirdparty.io.netty.util.concurrent.FastThreadLocalRunnable.run(FastThreadLocalRunnable.java:30)
	... 1 more
Caused by: java.net.ConnectException: Connection refused
	... 11 more
2019-09-25 05:31:55,536 [f9c12371-c091-4b4a-8db2-6f0db97bbab3@group-0EC8D23D101B:LeaderElection197] INFO  impl.LeaderElection (LogUtils.java:infoOrTrace(149)) -   Exception 0: {}
java.util.concurrent.ExecutionException: org.apache.ratis.thirdparty.io.grpc.StatusRuntimeException: UNAVAILABLE: io exception
	at java.util.concurrent.FutureTask.report(FutureTask.java:122)
	at java.util.concurrent.FutureTask.get(FutureTask.java:192)
	at org.apache.ratis.server.impl.LeaderElection.waitForResults(LeaderElection.java:263)
	at org.apache.ratis.server.impl.LeaderElection.askForVotes(LeaderElection.java:201)
	at org.apache.ratis.server.impl.LeaderElection.run(LeaderElection.java:133)
	at java.lang.Thread.run(Thread.java:748)
Caused by: org.apache.ratis.thirdparty.io.grpc.StatusRuntimeException: UNAVAILABLE: io exception
	at org.apache.ratis.thirdparty.io.grpc.stub.ClientCalls.toStatusRuntimeException(ClientCalls.java:233)
	at org.apache.ratis.thirdparty.io.grpc.stub.ClientCalls.getUnchecked(ClientCalls.java:214)
	at org.apache.ratis.thirdparty.io.grpc.stub.ClientCalls.blockingUnaryCall(ClientCalls.java:139)
	at org.apache.ratis.proto.grpc.RaftServerProtocolServiceGrpc$RaftServerProtocolServiceBlockingStub.requestVote(RaftServerProtocolServiceGrpc.java:265)
	at org.apache.ratis.grpc.server.GrpcServerProtocolClient.requestVote(GrpcServerProtocolClient.java:90)
	at org.apache.ratis.grpc.server.GrpcService.requestVote(GrpcService.java:204)
	at org.apache.ratis.server.impl.LeaderElection.lambda$submitRequests$1(LeaderElection.java:238)
	at java.util.concurrent.FutureTask.run(FutureTask.java:266)
	at java.util.concurrent.Executors$RunnableAdapter.call(Executors.java:511)
	at java.util.concurrent.FutureTask.run(FutureTask.java:266)
	at java.util.concurrent.ThreadPoolExecutor.runWorker(ThreadPoolExecutor.java:1149)
	at java.util.concurrent.ThreadPoolExecutor$Worker.run(ThreadPoolExecutor.java:624)
	... 1 more
Caused by: org.apache.ratis.thirdparty.io.netty.channel.AbstractChannel$AnnotatedConnectException: Connection refused: /192.168.36.126:37960
	at sun.nio.ch.SocketChannelImpl.checkConnect(Native Method)
	at sun.nio.ch.SocketChannelImpl.finishConnect(SocketChannelImpl.java:717)
	at org.apache.ratis.thirdparty.io.netty.channel.socket.nio.NioSocketChannel.doFinishConnect(NioSocketChannel.java:327)
	at org.apache.ratis.thirdparty.io.netty.channel.nio.AbstractNioChannel$AbstractNioUnsafe.finishConnect(AbstractNioChannel.java:340)
	at org.apache.ratis.thirdparty.io.netty.channel.nio.NioEventLoop.processSelectedKey(NioEventLoop.java:632)
	at org.apache.ratis.thirdparty.io.netty.channel.nio.NioEventLoop.processSelectedKeysOptimized(NioEventLoop.java:579)
	at org.apache.ratis.thirdparty.io.netty.channel.nio.NioEventLoop.processSelectedKeys(NioEventLoop.java:496)
	at org.apache.ratis.thirdparty.io.netty.channel.nio.NioEventLoop.run(NioEventLoop.java:458)
	at org.apache.ratis.thirdparty.io.netty.util.concurrent.SingleThreadEventExecutor$5.run(SingleThreadEventExecutor.java:897)
	at org.apache.ratis.thirdparty.io.netty.util.concurrent.FastThreadLocalRunnable.run(FastThreadLocalRunnable.java:30)
	... 1 more
Caused by: java.net.ConnectException: Connection refused
	... 11 more
2019-09-25 05:31:55,535 [a58d7528-614e-4c39-a3a3-38beaa9905aa@group-0EC8D23D101B:LeaderElection192] INFO  impl.LeaderElection (LogUtils.java:infoOrTrace(149)) -   Exception 0: {}
java.util.concurrent.ExecutionException: org.apache.ratis.thirdparty.io.grpc.StatusRuntimeException: UNAVAILABLE: io exception
	at java.util.concurrent.FutureTask.report(FutureTask.java:122)
	at java.util.concurrent.FutureTask.get(FutureTask.java:192)
	at org.apache.ratis.server.impl.LeaderElection.waitForResults(LeaderElection.java:263)
	at org.apache.ratis.server.impl.LeaderElection.askForVotes(LeaderElection.java:201)
	at org.apache.ratis.server.impl.LeaderElection.run(LeaderElection.java:133)
	at java.lang.Thread.run(Thread.java:748)
Caused by: org.apache.ratis.thirdparty.io.grpc.StatusRuntimeException: UNAVAILABLE: io exception
	at org.apache.ratis.thirdparty.io.grpc.stub.ClientCalls.toStatusRuntimeException(ClientCalls.java:233)
	at org.apache.ratis.thirdparty.io.grpc.stub.ClientCalls.getUnchecked(ClientCalls.java:214)
	at org.apache.ratis.thirdparty.io.grpc.stub.ClientCalls.blockingUnaryCall(ClientCalls.java:139)
	at org.apache.ratis.proto.grpc.RaftServerProtocolServiceGrpc$RaftServerProtocolServiceBlockingStub.requestVote(RaftServerProtocolServiceGrpc.java:265)
	at org.apache.ratis.grpc.server.GrpcServerProtocolClient.requestVote(GrpcServerProtocolClient.java:90)
	at org.apache.ratis.grpc.server.GrpcService.requestVote(GrpcService.java:204)
	at org.apache.ratis.server.impl.LeaderElection.lambda$submitRequests$1(LeaderElection.java:238)
	at java.util.concurrent.FutureTask.run(FutureTask.java:266)
	at java.util.concurrent.Executors$RunnableAdapter.call(Executors.java:511)
	at java.util.concurrent.FutureTask.run(FutureTask.java:266)
	at java.util.concurrent.ThreadPoolExecutor.runWorker(ThreadPoolExecutor.java:1149)
	at java.util.concurrent.ThreadPoolExecutor$Worker.run(ThreadPoolExecutor.java:624)
	... 1 more
Caused by: org.apache.ratis.thirdparty.io.netty.channel.AbstractChannel$AnnotatedConnectException: Connection refused: /192.168.36.126:37960
	at sun.nio.ch.SocketChannelImpl.checkConnect(Native Method)
	at sun.nio.ch.SocketChannelImpl.finishConnect(SocketChannelImpl.java:717)
	at org.apache.ratis.thirdparty.io.netty.channel.socket.nio.NioSocketChannel.doFinishConnect(NioSocketChannel.java:327)
	at org.apache.ratis.thirdparty.io.netty.channel.nio.AbstractNioChannel$AbstractNioUnsafe.finishConnect(AbstractNioChannel.java:340)
	at org.apache.ratis.thirdparty.io.netty.channel.nio.NioEventLoop.processSelectedKey(NioEventLoop.java:632)
	at org.apache.ratis.thirdparty.io.netty.channel.nio.NioEventLoop.processSelectedKeysOptimized(NioEventLoop.java:579)
	at org.apache.ratis.thirdparty.io.netty.channel.nio.NioEventLoop.processSelectedKeys(NioEventLoop.java:496)
	at org.apache.ratis.thirdparty.io.netty.channel.nio.NioEventLoop.run(NioEventLoop.java:458)
	at org.apache.ratis.thirdparty.io.netty.util.concurrent.SingleThreadEventExecutor$5.run(SingleThreadEventExecutor.java:897)
	at org.apache.ratis.thirdparty.io.netty.util.concurrent.FastThreadLocalRunnable.run(FastThreadLocalRunnable.java:30)
	... 1 more
Caused by: java.net.ConnectException: Connection refused
	... 11 more
2019-09-25 05:31:55,535 [5c3318fc-c419-4298-b427-bf5a9ca27bf0@group-059250D1A272:LeaderElection190] INFO  impl.LeaderElection (LogUtils.java:infoOrTrace(149)) - 5c3318fc-c419-4298-b427-bf5a9ca27bf0@group-059250D1A272:LeaderElection190 got exception when requesting votes: {}
java.util.concurrent.ExecutionException: org.apache.ratis.thirdparty.io.grpc.StatusRuntimeException: UNAVAILABLE: io exception
	at java.util.concurrent.FutureTask.report(FutureTask.java:122)
	at java.util.concurrent.FutureTask.get(FutureTask.java:192)
	at org.apache.ratis.server.impl.LeaderElection.waitForResults(LeaderElection.java:263)
	at org.apache.ratis.server.impl.LeaderElection.askForVotes(LeaderElection.java:201)
	at org.apache.ratis.server.impl.LeaderElection.run(LeaderElection.java:133)
	at java.lang.Thread.run(Thread.java:748)
Caused by: org.apache.ratis.thirdparty.io.grpc.StatusRuntimeException: UNAVAILABLE: io exception
	at org.apache.ratis.thirdparty.io.grpc.stub.ClientCalls.toStatusRuntimeException(ClientCalls.java:233)
	at org.apache.ratis.thirdparty.io.grpc.stub.ClientCalls.getUnchecked(ClientCalls.java:214)
	at org.apache.ratis.thirdparty.io.grpc.stub.ClientCalls.blockingUnaryCall(ClientCalls.java:139)
	at org.apache.ratis.proto.grpc.RaftServerProtocolServiceGrpc$RaftServerProtocolServiceBlockingStub.requestVote(RaftServerProtocolServiceGrpc.java:265)
	at org.apache.ratis.grpc.server.GrpcServerProtocolClient.requestVote(GrpcServerProtocolClient.java:90)
	at org.apache.ratis.grpc.server.GrpcService.requestVote(GrpcService.java:204)
	at org.apache.ratis.server.impl.LeaderElection.lambda$submitRequests$1(LeaderElection.java:238)
	at java.util.concurrent.FutureTask.run(FutureTask.java:266)
	at java.util.concurrent.Executors$RunnableAdapter.call(Executors.java:511)
	at java.util.concurrent.FutureTask.run(FutureTask.java:266)
	at java.util.concurrent.ThreadPoolExecutor.runWorker(ThreadPoolExecutor.java:1149)
	at java.util.concurrent.ThreadPoolExecutor$Worker.run(ThreadPoolExecutor.java:624)
	... 1 more
Caused by: org.apache.ratis.thirdparty.io.netty.channel.AbstractChannel$AnnotatedConnectException: Connection refused: /192.168.36.126:37817
	at sun.nio.ch.SocketChannelImpl.checkConnect(Native Method)
	at sun.nio.ch.SocketChannelImpl.finishConnect(SocketChannelImpl.java:717)
	at org.apache.ratis.thirdparty.io.netty.channel.socket.nio.NioSocketChannel.doFinishConnect(NioSocketChannel.java:327)
	at org.apache.ratis.thirdparty.io.netty.channel.nio.AbstractNioChannel$AbstractNioUnsafe.finishConnect(AbstractNioChannel.java:340)
	at org.apache.ratis.thirdparty.io.netty.channel.nio.NioEventLoop.processSelectedKey(NioEventLoop.java:632)
	at org.apache.ratis.thirdparty.io.netty.channel.nio.NioEventLoop.processSelectedKeysOptimized(NioEventLoop.java:579)
	at org.apache.ratis.thirdparty.io.netty.channel.nio.NioEventLoop.processSelectedKeys(NioEventLoop.java:496)
	at org.apache.ratis.thirdparty.io.netty.channel.nio.NioEventLoop.run(NioEventLoop.java:458)
	at org.apache.ratis.thirdparty.io.netty.util.concurrent.SingleThreadEventExecutor$5.run(SingleThreadEventExecutor.java:897)
	at org.apache.ratis.thirdparty.io.netty.util.concurrent.FastThreadLocalRunnable.run(FastThreadLocalRunnable.java:30)
	... 1 more
Caused by: java.net.ConnectException: Connection refused
	... 11 more
2019-09-25 05:31:55,543 [a58d7528-614e-4c39-a3a3-38beaa9905aa@group-0EC8D23D101B:LeaderElection192] INFO  impl.RaftServerImpl (RaftServerImpl.java:setRole(174)) - a58d7528-614e-4c39-a3a3-38beaa9905aa@group-0EC8D23D101B: changes role from CANDIDATE to FOLLOWER at term 12 for DISCOVERED_A_NEW_TERM
2019-09-25 05:31:55,544 [a58d7528-614e-4c39-a3a3-38beaa9905aa@group-0EC8D23D101B:LeaderElection192] INFO  impl.RoleInfo (RoleInfo.java:shutdownLeaderElection(134)) - a58d7528-614e-4c39-a3a3-38beaa9905aa: shutdown LeaderElection
2019-09-25 05:31:55,542 [f9c12371-c091-4b4a-8db2-6f0db97bbab3@group-0EC8D23D101B:LeaderElection197] INFO  impl.RaftServerImpl (RaftServerImpl.java:setRole(174)) - f9c12371-c091-4b4a-8db2-6f0db97bbab3@group-0EC8D23D101B: changes role from CANDIDATE to FOLLOWER at term 12 for DISCOVERED_A_NEW_TERM
2019-09-25 05:31:55,544 [f9c12371-c091-4b4a-8db2-6f0db97bbab3@group-0EC8D23D101B:LeaderElection197] INFO  impl.RoleInfo (RoleInfo.java:shutdownLeaderElection(134)) - f9c12371-c091-4b4a-8db2-6f0db97bbab3: shutdown LeaderElection
2019-09-25 05:31:55,541 [e997a993-6131-47bf-96c8-764e04cb5c0e@group-60724A24602F:LeaderElection193] INFO  impl.RaftServerImpl (RaftServerImpl.java:setRole(174)) - e997a993-6131-47bf-96c8-764e04cb5c0e@group-60724A24602F: changes role from CANDIDATE to FOLLOWER at term 14 for DISCOVERED_A_NEW_TERM
2019-09-25 05:31:55,544 [e997a993-6131-47bf-96c8-764e04cb5c0e@group-60724A24602F:LeaderElection193] INFO  impl.RoleInfo (RoleInfo.java:shutdownLeaderElection(134)) - e997a993-6131-47bf-96c8-764e04cb5c0e: shutdown LeaderElection
2019-09-25 05:31:55,541 [a58d7528-614e-4c39-a3a3-38beaa9905aa@group-43825EC81F5D:LeaderElection191] INFO  impl.RaftServerImpl (RaftServerImpl.java:setRole(174)) - a58d7528-614e-4c39-a3a3-38beaa9905aa@group-43825EC81F5D: changes role from CANDIDATE to FOLLOWER at term 8 for DISCOVERED_A_NEW_TERM
2019-09-25 05:31:55,540 [f9c12371-c091-4b4a-8db2-6f0db97bbab3@group-AEFF648B0F59:LeaderElection195] INFO  impl.RaftServerImpl (RaftServerImpl.java:setRole(174)) - f9c12371-c091-4b4a-8db2-6f0db97bbab3@group-AEFF648B0F59: changes role from CANDIDATE to FOLLOWER at term 12 for DISCOVERED_A_NEW_TERM
2019-09-25 05:31:55,545 [f9c12371-c091-4b4a-8db2-6f0db97bbab3@group-AEFF648B0F59:LeaderElection195] INFO  impl.RoleInfo (RoleInfo.java:shutdownLeaderElection(134)) - f9c12371-c091-4b4a-8db2-6f0db97bbab3: shutdown LeaderElection
2019-09-25 05:31:55,540 [a58d7528-614e-4c39-a3a3-38beaa9905aa@group-AEFF648B0F59:LeaderElection196] INFO  impl.RoleInfo (RoleInfo.java:updateAndGet(143)) - a58d7528-614e-4c39-a3a3-38beaa9905aa: start FollowerState
2019-09-25 05:31:55,539 [f9c12371-c091-4b4a-8db2-6f0db97bbab3@group-43825EC81F5D:LeaderElection194] INFO  impl.RaftServerImpl (RaftServerImpl.java:setRole(174)) - f9c12371-c091-4b4a-8db2-6f0db97bbab3@group-43825EC81F5D: changes role from CANDIDATE to FOLLOWER at term 8 for DISCOVERED_A_NEW_TERM
2019-09-25 05:31:55,539 [5c3318fc-c419-4298-b427-bf5a9ca27bf0@group-21C2C432FD88:LeaderElection188] INFO  impl.RoleInfo (RoleInfo.java:shutdownLeaderElection(134)) - 5c3318fc-c419-4298-b427-bf5a9ca27bf0: shutdown LeaderElection
2019-09-25 05:31:55,539 [616f9f8f-9479-40f4-8c03-f125dcbf9c7f@group-60724A24602F:LeaderElection189] INFO  impl.LeaderElection (LogUtils.java:infoOrTrace(149)) -   Exception 0: {}
java.util.concurrent.ExecutionException: org.apache.ratis.thirdparty.io.grpc.StatusRuntimeException: UNAVAILABLE: io exception
	at java.util.concurrent.FutureTask.report(FutureTask.java:122)
	at java.util.concurrent.FutureTask.get(FutureTask.java:192)
	at org.apache.ratis.server.impl.LeaderElection.waitForResults(LeaderElection.java:263)
	at org.apache.ratis.server.impl.LeaderElection.askForVotes(LeaderElection.java:201)
	at org.apache.ratis.server.impl.LeaderElection.run(LeaderElection.java:133)
	at java.lang.Thread.run(Thread.java:748)
Caused by: org.apache.ratis.thirdparty.io.grpc.StatusRuntimeException: UNAVAILABLE: io exception
	at org.apache.ratis.thirdparty.io.grpc.stub.ClientCalls.toStatusRuntimeException(ClientCalls.java:233)
	at org.apache.ratis.thirdparty.io.grpc.stub.ClientCalls.getUnchecked(ClientCalls.java:214)
	at org.apache.ratis.thirdparty.io.grpc.stub.ClientCalls.blockingUnaryCall(ClientCalls.java:139)
	at org.apache.ratis.proto.grpc.RaftServerProtocolServiceGrpc$RaftServerProtocolServiceBlockingStub.requestVote(RaftServerProtocolServiceGrpc.java:265)
	at org.apache.ratis.grpc.server.GrpcServerProtocolClient.requestVote(GrpcServerProtocolClient.java:90)
	at org.apache.ratis.grpc.server.GrpcService.requestVote(GrpcService.java:204)
	at org.apache.ratis.server.impl.LeaderElection.lambda$submitRequests$1(LeaderElection.java:238)
	at java.util.concurrent.FutureTask.run(FutureTask.java:266)
	at java.util.concurrent.Executors$RunnableAdapter.call(Executors.java:511)
	at java.util.concurrent.FutureTask.run(FutureTask.java:266)
	at java.util.concurrent.ThreadPoolExecutor.runWorker(ThreadPoolExecutor.java:1149)
	at java.util.concurrent.ThreadPoolExecutor$Worker.run(ThreadPoolExecutor.java:624)
	... 1 more
Caused by: org.apache.ratis.thirdparty.io.netty.channel.AbstractChannel$AnnotatedConnectException: Connection refused: /192.168.36.126:42280
	at sun.nio.ch.SocketChannelImpl.checkConnect(Native Method)
	at sun.nio.ch.SocketChannelImpl.finishConnect(SocketChannelImpl.java:717)
	at org.apache.ratis.thirdparty.io.netty.channel.socket.nio.NioSocketChannel.doFinishConnect(NioSocketChannel.java:327)
	at org.apache.ratis.thirdparty.io.netty.channel.nio.AbstractNioChannel$AbstractNioUnsafe.finishConnect(AbstractNioChannel.java:340)
	at org.apache.ratis.thirdparty.io.netty.channel.nio.NioEventLoop.processSelectedKey(NioEventLoop.java:632)
	at org.apache.ratis.thirdparty.io.netty.channel.nio.NioEventLoop.processSelectedKeysOptimized(NioEventLoop.java:579)
	at org.apache.ratis.thirdparty.io.netty.channel.nio.NioEventLoop.processSelectedKeys(NioEventLoop.java:496)
	at org.apache.ratis.thirdparty.io.netty.channel.nio.NioEventLoop.run(NioEventLoop.java:458)
	at org.apache.ratis.thirdparty.io.netty.util.concurrent.SingleThreadEventExecutor$5.run(SingleThreadEventExecutor.java:897)
	at org.apache.ratis.thirdparty.io.netty.util.concurrent.FastThreadLocalRunnable.run(FastThreadLocalRunnable.java:30)
	... 1 more
Caused by: java.net.ConnectException: Connection refused
	... 11 more
2019-09-25 05:31:55,545 [5c3318fc-c419-4298-b427-bf5a9ca27bf0@group-21C2C432FD88:LeaderElection188] INFO  impl.RoleInfo (RoleInfo.java:updateAndGet(143)) - 5c3318fc-c419-4298-b427-bf5a9ca27bf0: start FollowerState
2019-09-25 05:31:55,545 [f9c12371-c091-4b4a-8db2-6f0db97bbab3@group-43825EC81F5D:LeaderElection194] INFO  impl.RoleInfo (RoleInfo.java:shutdownLeaderElection(134)) - f9c12371-c091-4b4a-8db2-6f0db97bbab3: shutdown LeaderElection
2019-09-25 05:31:55,545 [f9c12371-c091-4b4a-8db2-6f0db97bbab3@group-AEFF648B0F59:LeaderElection195] INFO  impl.RoleInfo (RoleInfo.java:updateAndGet(143)) - f9c12371-c091-4b4a-8db2-6f0db97bbab3: start FollowerState
2019-09-25 05:31:55,544 [a58d7528-614e-4c39-a3a3-38beaa9905aa@group-43825EC81F5D:LeaderElection191] INFO  impl.RoleInfo (RoleInfo.java:shutdownLeaderElection(134)) - a58d7528-614e-4c39-a3a3-38beaa9905aa: shutdown LeaderElection
2019-09-25 05:31:55,544 [e997a993-6131-47bf-96c8-764e04cb5c0e@group-60724A24602F:LeaderElection193] INFO  impl.RoleInfo (RoleInfo.java:updateAndGet(143)) - e997a993-6131-47bf-96c8-764e04cb5c0e: start FollowerState
2019-09-25 05:31:55,544 [f9c12371-c091-4b4a-8db2-6f0db97bbab3@group-0EC8D23D101B:LeaderElection197] INFO  impl.RoleInfo (RoleInfo.java:updateAndGet(143)) - f9c12371-c091-4b4a-8db2-6f0db97bbab3: start FollowerState
2019-09-25 05:31:55,544 [a58d7528-614e-4c39-a3a3-38beaa9905aa@group-0EC8D23D101B:LeaderElection192] INFO  impl.RoleInfo (RoleInfo.java:updateAndGet(143)) - a58d7528-614e-4c39-a3a3-38beaa9905aa: start FollowerState
2019-09-25 05:31:55,543 [5c3318fc-c419-4298-b427-bf5a9ca27bf0@group-059250D1A272:LeaderElection190] INFO  impl.LeaderElection (LeaderElection.java:logAndReturn(56)) - 5c3318fc-c419-4298-b427-bf5a9ca27bf0@group-059250D1A272:LeaderElection190: Election REJECTED; received 0 response(s) [] and 2 exception(s); 5c3318fc-c419-4298-b427-bf5a9ca27bf0@group-059250D1A272:t14, leader=null, voted=5c3318fc-c419-4298-b427-bf5a9ca27bf0, raftlog=5c3318fc-c419-4298-b427-bf5a9ca27bf0@group-059250D1A272-SegmentedRaftLog:OPENED:c-1,f-1,i0, conf=-1: [5c3318fc-c419-4298-b427-bf5a9ca27bf0:192.168.36.126:46795, 61946a22-29ed-4e77-8449-fae4cd9869e9:192.168.36.126:36814, 0d4a37ed-4cec-423a-a360-e4a879eb6bc0:192.168.36.126:37817], old=null
2019-09-25 05:31:55,547 [a58d7528-614e-4c39-a3a3-38beaa9905aa@group-43825EC81F5D:LeaderElection191] INFO  impl.RoleInfo (RoleInfo.java:updateAndGet(143)) - a58d7528-614e-4c39-a3a3-38beaa9905aa: start FollowerState
2019-09-25 05:31:55,546 [f9c12371-c091-4b4a-8db2-6f0db97bbab3@group-43825EC81F5D:LeaderElection194] INFO  impl.RoleInfo (RoleInfo.java:updateAndGet(143)) - f9c12371-c091-4b4a-8db2-6f0db97bbab3: start FollowerState
2019-09-25 05:31:55,546 [616f9f8f-9479-40f4-8c03-f125dcbf9c7f@group-60724A24602F:LeaderElection189] INFO  impl.RaftServerImpl (RaftServerImpl.java:setRole(174)) - 616f9f8f-9479-40f4-8c03-f125dcbf9c7f@group-60724A24602F: changes role from CANDIDATE to FOLLOWER at term 14 for DISCOVERED_A_NEW_TERM
2019-09-25 05:31:55,547 [5c3318fc-c419-4298-b427-bf5a9ca27bf0@group-059250D1A272:LeaderElection190] INFO  impl.LeaderElection (LogUtils.java:infoOrTrace(149)) -   Exception 0: {}
java.util.concurrent.ExecutionException: org.apache.ratis.thirdparty.io.grpc.StatusRuntimeException: UNAVAILABLE: io exception
	at java.util.concurrent.FutureTask.report(FutureTask.java:122)
	at java.util.concurrent.FutureTask.get(FutureTask.java:192)
	at org.apache.ratis.server.impl.LeaderElection.waitForResults(LeaderElection.java:263)
	at org.apache.ratis.server.impl.LeaderElection.askForVotes(LeaderElection.java:201)
	at org.apache.ratis.server.impl.LeaderElection.run(LeaderElection.java:133)
	at java.lang.Thread.run(Thread.java:748)
Caused by: org.apache.ratis.thirdparty.io.grpc.StatusRuntimeException: UNAVAILABLE: io exception
	at org.apache.ratis.thirdparty.io.grpc.stub.ClientCalls.toStatusRuntimeException(ClientCalls.java:233)
	at org.apache.ratis.thirdparty.io.grpc.stub.ClientCalls.getUnchecked(ClientCalls.java:214)
	at org.apache.ratis.thirdparty.io.grpc.stub.ClientCalls.blockingUnaryCall(ClientCalls.java:139)
	at org.apache.ratis.proto.grpc.RaftServerProtocolServiceGrpc$RaftServerProtocolServiceBlockingStub.requestVote(RaftServerProtocolServiceGrpc.java:265)
	at org.apache.ratis.grpc.server.GrpcServerProtocolClient.requestVote(GrpcServerProtocolClient.java:90)
	at org.apache.ratis.grpc.server.GrpcService.requestVote(GrpcService.java:204)
	at org.apache.ratis.server.impl.LeaderElection.lambda$submitRequests$1(LeaderElection.java:238)
	at java.util.concurrent.FutureTask.run(FutureTask.java:266)
	at java.util.concurrent.Executors$RunnableAdapter.call(Executors.java:511)
	at java.util.concurrent.FutureTask.run(FutureTask.java:266)
	at java.util.concurrent.ThreadPoolExecutor.runWorker(ThreadPoolExecutor.java:1149)
	at java.util.concurrent.ThreadPoolExecutor$Worker.run(ThreadPoolExecutor.java:624)
	... 1 more
Caused by: org.apache.ratis.thirdparty.io.netty.channel.AbstractChannel$AnnotatedConnectException: Connection refused: /192.168.36.126:36814
	at sun.nio.ch.SocketChannelImpl.checkConnect(Native Method)
	at sun.nio.ch.SocketChannelImpl.finishConnect(SocketChannelImpl.java:717)
	at org.apache.ratis.thirdparty.io.netty.channel.socket.nio.NioSocketChannel.doFinishConnect(NioSocketChannel.java:327)
	at org.apache.ratis.thirdparty.io.netty.channel.nio.AbstractNioChannel$AbstractNioUnsafe.finishConnect(AbstractNioChannel.java:340)
	at org.apache.ratis.thirdparty.io.netty.channel.nio.NioEventLoop.processSelectedKey(NioEventLoop.java:632)
	at org.apache.ratis.thirdparty.io.netty.channel.nio.NioEventLoop.processSelectedKeysOptimized(NioEventLoop.java:579)
	at org.apache.ratis.thirdparty.io.netty.channel.nio.NioEventLoop.processSelectedKeys(NioEventLoop.java:496)
	at org.apache.ratis.thirdparty.io.netty.channel.nio.NioEventLoop.run(NioEventLoop.java:458)
	at org.apache.ratis.thirdparty.io.netty.util.concurrent.SingleThreadEventExecutor$5.run(SingleThreadEventExecutor.java:897)
	at org.apache.ratis.thirdparty.io.netty.util.concurrent.FastThreadLocalRunnable.run(FastThreadLocalRunnable.java:30)
	... 1 more
Caused by: java.net.ConnectException: Connection refused
	... 11 more
2019-09-25 05:31:55,548 [616f9f8f-9479-40f4-8c03-f125dcbf9c7f@group-60724A24602F:LeaderElection189] INFO  impl.RoleInfo (RoleInfo.java:shutdownLeaderElection(134)) - 616f9f8f-9479-40f4-8c03-f125dcbf9c7f: shutdown LeaderElection
2019-09-25 05:31:55,548 [5c3318fc-c419-4298-b427-bf5a9ca27bf0@group-059250D1A272:LeaderElection190] INFO  impl.LeaderElection (LogUtils.java:infoOrTrace(149)) -   Exception 1: {}
java.util.concurrent.ExecutionException: org.apache.ratis.thirdparty.io.grpc.StatusRuntimeException: UNAVAILABLE: io exception
	at java.util.concurrent.FutureTask.report(FutureTask.java:122)
	at java.util.concurrent.FutureTask.get(FutureTask.java:192)
	at org.apache.ratis.server.impl.LeaderElection.waitForResults(LeaderElection.java:263)
	at org.apache.ratis.server.impl.LeaderElection.askForVotes(LeaderElection.java:201)
	at org.apache.ratis.server.impl.LeaderElection.run(LeaderElection.java:133)
	at java.lang.Thread.run(Thread.java:748)
Caused by: org.apache.ratis.thirdparty.io.grpc.StatusRuntimeException: UNAVAILABLE: io exception
	at org.apache.ratis.thirdparty.io.grpc.stub.ClientCalls.toStatusRuntimeException(ClientCalls.java:233)
	at org.apache.ratis.thirdparty.io.grpc.stub.ClientCalls.getUnchecked(ClientCalls.java:214)
	at org.apache.ratis.thirdparty.io.grpc.stub.ClientCalls.blockingUnaryCall(ClientCalls.java:139)
	at org.apache.ratis.proto.grpc.RaftServerProtocolServiceGrpc$RaftServerProtocolServiceBlockingStub.requestVote(RaftServerProtocolServiceGrpc.java:265)
	at org.apache.ratis.grpc.server.GrpcServerProtocolClient.requestVote(GrpcServerProtocolClient.java:90)
	at org.apache.ratis.grpc.server.GrpcService.requestVote(GrpcService.java:204)
	at org.apache.ratis.server.impl.LeaderElection.lambda$submitRequests$1(LeaderElection.java:238)
	at java.util.concurrent.FutureTask.run(FutureTask.java:266)
	at java.util.concurrent.Executors$RunnableAdapter.call(Executors.java:511)
	at java.util.concurrent.FutureTask.run(FutureTask.java:266)
	at java.util.concurrent.ThreadPoolExecutor.runWorker(ThreadPoolExecutor.java:1149)
	at java.util.concurrent.ThreadPoolExecutor$Worker.run(ThreadPoolExecutor.java:624)
	... 1 more
Caused by: org.apache.ratis.thirdparty.io.netty.channel.AbstractChannel$AnnotatedConnectException: Connection refused: /192.168.36.126:37817
	at sun.nio.ch.SocketChannelImpl.checkConnect(Native Method)
	at sun.nio.ch.SocketChannelImpl.finishConnect(SocketChannelImpl.java:717)
	at org.apache.ratis.thirdparty.io.netty.channel.socket.nio.NioSocketChannel.doFinishConnect(NioSocketChannel.java:327)
	at org.apache.ratis.thirdparty.io.netty.channel.nio.AbstractNioChannel$AbstractNioUnsafe.finishConnect(AbstractNioChannel.java:340)
	at org.apache.ratis.thirdparty.io.netty.channel.nio.NioEventLoop.processSelectedKey(NioEventLoop.java:632)
	at org.apache.ratis.thirdparty.io.netty.channel.nio.NioEventLoop.processSelectedKeysOptimized(NioEventLoop.java:579)
	at org.apache.ratis.thirdparty.io.netty.channel.nio.NioEventLoop.processSelectedKeys(NioEventLoop.java:496)
	at org.apache.ratis.thirdparty.io.netty.channel.nio.NioEventLoop.run(NioEventLoop.java:458)
	at org.apache.ratis.thirdparty.io.netty.util.concurrent.SingleThreadEventExecutor$5.run(SingleThreadEventExecutor.java:897)
	at org.apache.ratis.thirdparty.io.netty.util.concurrent.FastThreadLocalRunnable.run(FastThreadLocalRunnable.java:30)
	... 1 more
Caused by: java.net.ConnectException: Connection refused
	... 11 more
2019-09-25 05:31:55,549 [616f9f8f-9479-40f4-8c03-f125dcbf9c7f@group-60724A24602F:LeaderElection189] INFO  impl.RoleInfo (RoleInfo.java:updateAndGet(143)) - 616f9f8f-9479-40f4-8c03-f125dcbf9c7f: start FollowerState
2019-09-25 05:31:55,549 [5c3318fc-c419-4298-b427-bf5a9ca27bf0@group-059250D1A272:LeaderElection190] INFO  impl.RaftServerImpl (RaftServerImpl.java:setRole(174)) - 5c3318fc-c419-4298-b427-bf5a9ca27bf0@group-059250D1A272: changes role from CANDIDATE to FOLLOWER at term 14 for DISCOVERED_A_NEW_TERM
2019-09-25 05:31:55,550 [5c3318fc-c419-4298-b427-bf5a9ca27bf0@group-059250D1A272:LeaderElection190] INFO  impl.RoleInfo (RoleInfo.java:shutdownLeaderElection(134)) - 5c3318fc-c419-4298-b427-bf5a9ca27bf0: shutdown LeaderElection
2019-09-25 05:31:55,550 [5c3318fc-c419-4298-b427-bf5a9ca27bf0@group-059250D1A272:LeaderElection190] INFO  impl.RoleInfo (RoleInfo.java:updateAndGet(143)) - 5c3318fc-c419-4298-b427-bf5a9ca27bf0: start FollowerState
2019-09-25 05:31:56,319 [ForkJoinPool.commonPool-worker-1] INFO  ozoneimpl.OzoneContainer (OzoneContainer.java:stop(231)) - Attempting to stop container services.
2019-09-25 05:31:56,319 [ForkJoinPool.commonPool-worker-1] INFO  impl.RaftServerProxy (RaftServerProxy.java:lambda$close$4(314)) - 1a2e007f-e8b7-459a-96be-4915e92d3eb5: close
2019-09-25 05:31:56,319 [ForkJoinPool.commonPool-worker-1] INFO  server.GrpcService (GrpcService.java:closeImpl(164)) - 1a2e007f-e8b7-459a-96be-4915e92d3eb5: shutdown server with port 32999 now
2019-09-25 05:31:56,319 [main] INFO  ozoneimpl.OzoneContainer (OzoneContainer.java:stop(231)) - Attempting to stop container services.
2019-09-25 05:31:56,320 [ForkJoinPool.commonPool-worker-1] INFO  server.GrpcService (GrpcService.java:closeImpl(172)) - 1a2e007f-e8b7-459a-96be-4915e92d3eb5: shutdown server with port 32999 successfully
2019-09-25 05:31:56,320 [main] INFO  impl.RaftServerProxy (RaftServerProxy.java:lambda$close$4(314)) - e997a993-6131-47bf-96c8-764e04cb5c0e: close
2019-09-25 05:31:56,321 [main] INFO  impl.RaftServerImpl (RaftServerImpl.java:lambda$shutdown$3(251)) - e997a993-6131-47bf-96c8-764e04cb5c0e@group-F72A5BA07E82: shutdown
2019-09-25 05:31:56,321 [main] INFO  util.JmxRegister (JmxRegister.java:unregister(73)) - Successfully un-registered JMX Bean with object name Ratis:service=RaftServer,group=group-F72A5BA07E82,id=e997a993-6131-47bf-96c8-764e04cb5c0e
2019-09-25 05:31:56,322 [refreshUsed-/workdir/hadoop-ozone/integration-test/target/test-dir/MiniOzoneClusterImpl-cea1adf1-e11b-40bf-86cb-fb3b2d854ef9/datanode-4/data/containers] WARN  fs.CachingGetSpaceUsed (CachingGetSpaceUsed.java:run(183)) - Thread Interrupted waiting to refresh disk information: sleep interrupted
2019-09-25 05:31:56,322 [main] INFO  impl.RoleInfo (RoleInfo.java:shutdownLeaderState(104)) - e997a993-6131-47bf-96c8-764e04cb5c0e: shutdown LeaderState
2019-09-25 05:31:56,323 [main] INFO  impl.PendingRequests (PendingRequests.java:sendNotLeaderResponses(202)) - e997a993-6131-47bf-96c8-764e04cb5c0e-PendingRequests: sendNotLeaderResponses
2019-09-25 05:31:56,326 [main] INFO  impl.StateMachineUpdater (StateMachineUpdater.java:stopAndJoin(125)) - e997a993-6131-47bf-96c8-764e04cb5c0e@group-F72A5BA07E82-StateMachineUpdater: set stopIndex = 0
2019-09-25 05:31:56,327 [main] INFO  impl.RaftServerImpl (ServerState.java:close(385)) - e997a993-6131-47bf-96c8-764e04cb5c0e@group-F72A5BA07E82: closes. applyIndex: 0
2019-09-25 05:31:56,328 [e997a993-6131-47bf-96c8-764e04cb5c0e@group-F72A5BA07E82-SegmentedRaftLogWorker] INFO  segmented.SegmentedRaftLogWorker (SegmentedRaftLogWorker.java:run(313)) - e997a993-6131-47bf-96c8-764e04cb5c0e@group-F72A5BA07E82-SegmentedRaftLogWorker was interrupted, exiting. There are 0 tasks remaining in the queue.
2019-09-25 05:31:56,330 [main] INFO  segmented.SegmentedRaftLogWorker (SegmentedRaftLogWorker.java:close(228)) - e997a993-6131-47bf-96c8-764e04cb5c0e@group-F72A5BA07E82-SegmentedRaftLogWorker close()
2019-09-25 05:31:56,334 [main] INFO  impl.RaftServerImpl (RaftServerImpl.java:lambda$shutdown$3(251)) - e997a993-6131-47bf-96c8-764e04cb5c0e@group-60724A24602F: shutdown
2019-09-25 05:31:56,336 [main] INFO  util.JmxRegister (JmxRegister.java:unregister(73)) - Successfully un-registered JMX Bean with object name Ratis:service=RaftServer,group=group-60724A24602F,id=e997a993-6131-47bf-96c8-764e04cb5c0e
2019-09-25 05:31:56,338 [main] INFO  impl.RoleInfo (RoleInfo.java:shutdownFollowerState(121)) - e997a993-6131-47bf-96c8-764e04cb5c0e: shutdown FollowerState
2019-09-25 05:31:56,338 [main] INFO  impl.StateMachineUpdater (StateMachineUpdater.java:stopAndJoin(125)) - e997a993-6131-47bf-96c8-764e04cb5c0e@group-60724A24602F-StateMachineUpdater: set stopIndex = -1
2019-09-25 05:31:56,338 [Thread-1165] INFO  impl.FollowerState (FollowerState.java:run(115)) - e997a993-6131-47bf-96c8-764e04cb5c0e: FollowerState was interrupted: java.lang.InterruptedException: sleep interrupted
2019-09-25 05:31:56,339 [main] INFO  impl.RaftServerImpl (ServerState.java:close(385)) - e997a993-6131-47bf-96c8-764e04cb5c0e@group-60724A24602F: closes. applyIndex: -1
2019-09-25 05:31:56,339 [e997a993-6131-47bf-96c8-764e04cb5c0e@group-60724A24602F-SegmentedRaftLogWorker] INFO  segmented.SegmentedRaftLogWorker (SegmentedRaftLogWorker.java:run(313)) - e997a993-6131-47bf-96c8-764e04cb5c0e@group-60724A24602F-SegmentedRaftLogWorker was interrupted, exiting. There are 0 tasks remaining in the queue.
2019-09-25 05:31:56,339 [main] INFO  segmented.SegmentedRaftLogWorker (SegmentedRaftLogWorker.java:close(228)) - e997a993-6131-47bf-96c8-764e04cb5c0e@group-60724A24602F-SegmentedRaftLogWorker close()
2019-09-25 05:31:56,343 [main] INFO  impl.RaftServerImpl (RaftServerImpl.java:lambda$shutdown$3(251)) - e997a993-6131-47bf-96c8-764e04cb5c0e@group-F04ACB498A1B: shutdown
2019-09-25 05:31:56,343 [main] INFO  util.JmxRegister (JmxRegister.java:unregister(73)) - Successfully un-registered JMX Bean with object name Ratis:service=RaftServer,group=group-F04ACB498A1B,id=e997a993-6131-47bf-96c8-764e04cb5c0e
2019-09-25 05:31:56,344 [main] INFO  impl.RoleInfo (RoleInfo.java:shutdownLeaderState(104)) - e997a993-6131-47bf-96c8-764e04cb5c0e: shutdown LeaderState
2019-09-25 05:31:56,344 [main] INFO  impl.PendingRequests (PendingRequests.java:sendNotLeaderResponses(202)) - e997a993-6131-47bf-96c8-764e04cb5c0e-PendingRequests: sendNotLeaderResponses
2019-09-25 05:31:56,345 [main] INFO  impl.StateMachineUpdater (StateMachineUpdater.java:stopAndJoin(125)) - e997a993-6131-47bf-96c8-764e04cb5c0e@group-F04ACB498A1B-StateMachineUpdater: set stopIndex = 0
2019-09-25 05:31:56,345 [main] INFO  impl.RaftServerImpl (ServerState.java:close(385)) - e997a993-6131-47bf-96c8-764e04cb5c0e@group-F04ACB498A1B: closes. applyIndex: 0
2019-09-25 05:31:56,346 [e997a993-6131-47bf-96c8-764e04cb5c0e@group-F04ACB498A1B-SegmentedRaftLogWorker] INFO  segmented.SegmentedRaftLogWorker (SegmentedRaftLogWorker.java:run(313)) - e997a993-6131-47bf-96c8-764e04cb5c0e@group-F04ACB498A1B-SegmentedRaftLogWorker was interrupted, exiting. There are 0 tasks remaining in the queue.
2019-09-25 05:31:56,347 [main] INFO  segmented.SegmentedRaftLogWorker (SegmentedRaftLogWorker.java:close(228)) - e997a993-6131-47bf-96c8-764e04cb5c0e@group-F04ACB498A1B-SegmentedRaftLogWorker close()
2019-09-25 05:31:56,350 [main] INFO  server.GrpcService (GrpcService.java:closeImpl(164)) - e997a993-6131-47bf-96c8-764e04cb5c0e: shutdown server with port 37678 now
2019-09-25 05:31:56,352 [main] INFO  server.GrpcService (GrpcService.java:closeImpl(172)) - e997a993-6131-47bf-96c8-764e04cb5c0e: shutdown server with port 37678 successfully
2019-09-25 05:31:56,353 [refreshUsed-/workdir/hadoop-ozone/integration-test/target/test-dir/MiniOzoneClusterImpl-cea1adf1-e11b-40bf-86cb-fb3b2d854ef9/datanode-8/data/containers] WARN  fs.CachingGetSpaceUsed (CachingGetSpaceUsed.java:run(183)) - Thread Interrupted waiting to refresh disk information: sleep interrupted
2019-09-25 05:31:56,363 [ForkJoinPool.commonPool-worker-1] INFO  utils.BackgroundService (BackgroundService.java:shutdown(148)) - Shutting down service BlockDeletingService
2019-09-25 05:31:56,367 [ForkJoinPool.commonPool-worker-1] INFO  statemachine.DatanodeStateMachine (DatanodeStateMachine.java:stopDaemon(395)) - Ozone container server stopped.
2019-09-25 05:31:56,372 [ForkJoinPool.commonPool-worker-1] INFO  handler.ContextHandler (ContextHandler.java:doStop(910)) - Stopped o.e.j.w.WebAppContext@1d9bd4da{/,null,UNAVAILABLE}{/hddsDatanode}
2019-09-25 05:31:56,372 [ForkJoinPool.commonPool-worker-1] INFO  server.AbstractConnector (AbstractConnector.java:doStop(318)) - Stopped ServerConnector@4c58255{HTTP/1.1,[http/1.1]}{0.0.0.0:0}
2019-09-25 05:31:56,374 [ForkJoinPool.commonPool-worker-1] INFO  handler.ContextHandler (ContextHandler.java:doStop(910)) - Stopped o.e.j.s.ServletContextHandler@1dc3502b{/static,jar:file:/home/user/.m2/repository/org/apache/hadoop/hadoop-hdds-container-service/0.5.0-SNAPSHOT/hadoop-hdds-container-service-0.5.0-SNAPSHOT.jar!/webapps/static,UNAVAILABLE}
2019-09-25 05:31:56,376 [ForkJoinPool.commonPool-worker-1] INFO  handler.ContextHandler (ContextHandler.java:doStop(910)) - Stopped o.e.j.s.ServletContextHandler@561b7d53{/logs,file:///workdir/hadoop-ozone/integration-test/target/log,UNAVAILABLE}
2019-09-25 05:31:56,381 [main] INFO  utils.BackgroundService (BackgroundService.java:shutdown(148)) - Shutting down service BlockDeletingService
2019-09-25 05:31:56,385 [main] INFO  statemachine.DatanodeStateMachine (DatanodeStateMachine.java:stopDaemon(395)) - Ozone container server stopped.
2019-09-25 05:31:56,541 [main] INFO  handler.ContextHandler (ContextHandler.java:doStop(910)) - Stopped o.e.j.w.WebAppContext@70730db{/,null,UNAVAILABLE}{/hddsDatanode}
2019-09-25 05:31:56,553 [main] INFO  server.AbstractConnector (AbstractConnector.java:doStop(318)) - Stopped ServerConnector@5793b87{HTTP/1.1,[http/1.1]}{0.0.0.0:0}
2019-09-25 05:31:56,558 [Thread-1162] INFO  impl.FollowerState (FollowerState.java:run(106)) - a58d7528-614e-4c39-a3a3-38beaa9905aa:group-AEFF648B0F59 changes to CANDIDATE, lastRpcTime:1018, electionTimeout:1008ms
2019-09-25 05:31:56,558 [Thread-1162] INFO  impl.RoleInfo (RoleInfo.java:shutdownFollowerState(121)) - a58d7528-614e-4c39-a3a3-38beaa9905aa: shutdown FollowerState
2019-09-25 05:31:56,558 [main] INFO  handler.ContextHandler (ContextHandler.java:doStop(910)) - Stopped o.e.j.s.ServletContextHandler@33425811{/static,jar:file:/home/user/.m2/repository/org/apache/hadoop/hadoop-hdds-container-service/0.5.0-SNAPSHOT/hadoop-hdds-container-service-0.5.0-SNAPSHOT.jar!/webapps/static,UNAVAILABLE}
2019-09-25 05:31:56,558 [Thread-1162] INFO  impl.RaftServerImpl (RaftServerImpl.java:setRole(174)) - a58d7528-614e-4c39-a3a3-38beaa9905aa@group-AEFF648B0F59: changes role from  FOLLOWER to CANDIDATE at term 12 for changeToCandidate
2019-09-25 05:31:56,564 [main] INFO  handler.ContextHandler (ContextHandler.java:doStop(910)) - Stopped o.e.j.s.ServletContextHandler@2bc426f0{/logs,file:///workdir/hadoop-ozone/integration-test/target/log,UNAVAILABLE}
2019-09-25 05:31:56,564 [Thread-1162] INFO  impl.RoleInfo (RoleInfo.java:updateAndGet(143)) - a58d7528-614e-4c39-a3a3-38beaa9905aa: start LeaderElection
2019-09-25 05:31:56,583 [Thread-1170] INFO  impl.FollowerState (FollowerState.java:run(106)) - 616f9f8f-9479-40f4-8c03-f125dcbf9c7f:group-60724A24602F changes to CANDIDATE, lastRpcTime:1034, electionTimeout:1033ms
2019-09-25 05:31:56,583 [Thread-1170] INFO  impl.RoleInfo (RoleInfo.java:shutdownFollowerState(121)) - 616f9f8f-9479-40f4-8c03-f125dcbf9c7f: shutdown FollowerState
2019-09-25 05:31:56,583 [Thread-1170] INFO  impl.RaftServerImpl (RaftServerImpl.java:setRole(174)) - 616f9f8f-9479-40f4-8c03-f125dcbf9c7f@group-60724A24602F: changes role from  FOLLOWER to CANDIDATE at term 14 for changeToCandidate
2019-09-25 05:31:56,583 [Thread-1170] INFO  impl.RoleInfo (RoleInfo.java:updateAndGet(143)) - 616f9f8f-9479-40f4-8c03-f125dcbf9c7f: start LeaderElection
2019-09-25 05:31:56,628 [Thread-1169] INFO  impl.FollowerState (FollowerState.java:run(106)) - a58d7528-614e-4c39-a3a3-38beaa9905aa:group-43825EC81F5D changes to CANDIDATE, lastRpcTime:1081, electionTimeout:1080ms
2019-09-25 05:31:56,628 [Thread-1169] INFO  impl.RoleInfo (RoleInfo.java:shutdownFollowerState(121)) - a58d7528-614e-4c39-a3a3-38beaa9905aa: shutdown FollowerState
2019-09-25 05:31:56,628 [Thread-1169] INFO  impl.RaftServerImpl (RaftServerImpl.java:setRole(174)) - a58d7528-614e-4c39-a3a3-38beaa9905aa@group-43825EC81F5D: changes role from  FOLLOWER to CANDIDATE at term 8 for changeToCandidate
2019-09-25 05:31:56,628 [Thread-1169] INFO  impl.RoleInfo (RoleInfo.java:updateAndGet(143)) - a58d7528-614e-4c39-a3a3-38beaa9905aa: start LeaderElection
2019-09-25 05:31:56,634 [Datanode State Machine Thread - 0] INFO  statemachine.DatanodeStateMachine (DatanodeStateMachine.java:lambda$startDaemon$0(350)) - Ozone container server started.
2019-09-25 05:31:56,641 [Thread-1168] INFO  impl.FollowerState (FollowerState.java:run(106)) - f9c12371-c091-4b4a-8db2-6f0db97bbab3:group-43825EC81F5D changes to CANDIDATE, lastRpcTime:1094, electionTimeout:1093ms
2019-09-25 05:31:56,641 [Thread-1168] INFO  impl.RoleInfo (RoleInfo.java:shutdownFollowerState(121)) - f9c12371-c091-4b4a-8db2-6f0db97bbab3: shutdown FollowerState
2019-09-25 05:31:56,641 [Thread-1168] INFO  impl.RaftServerImpl (RaftServerImpl.java:setRole(174)) - f9c12371-c091-4b4a-8db2-6f0db97bbab3@group-43825EC81F5D: changes role from  FOLLOWER to CANDIDATE at term 8 for changeToCandidate
2019-09-25 05:31:56,641 [Thread-1168] INFO  impl.RoleInfo (RoleInfo.java:updateAndGet(143)) - f9c12371-c091-4b4a-8db2-6f0db97bbab3: start LeaderElection
2019-09-25 05:31:56,667 [Thread-1166] INFO  impl.FollowerState (FollowerState.java:run(106)) - f9c12371-c091-4b4a-8db2-6f0db97bbab3:group-AEFF648B0F59 changes to CANDIDATE, lastRpcTime:1121, electionTimeout:1120ms
2019-09-25 05:31:56,667 [Thread-1166] INFO  impl.RoleInfo (RoleInfo.java:shutdownFollowerState(121)) - f9c12371-c091-4b4a-8db2-6f0db97bbab3: shutdown FollowerState
2019-09-25 05:31:56,667 [Thread-1166] INFO  impl.RaftServerImpl (RaftServerImpl.java:setRole(174)) - f9c12371-c091-4b4a-8db2-6f0db97bbab3@group-AEFF648B0F59: changes role from  FOLLOWER to CANDIDATE at term 12 for changeToCandidate
2019-09-25 05:31:56,667 [Thread-1166] INFO  impl.RoleInfo (RoleInfo.java:updateAndGet(143)) - f9c12371-c091-4b4a-8db2-6f0db97bbab3: start LeaderElection
2019-09-25 05:31:56,671 [Thread-1171] INFO  impl.FollowerState (FollowerState.java:run(106)) - 5c3318fc-c419-4298-b427-bf5a9ca27bf0:group-059250D1A272 changes to CANDIDATE, lastRpcTime:1121, electionTimeout:1121ms
2019-09-25 05:31:56,671 [Thread-1171] INFO  impl.RoleInfo (RoleInfo.java:shutdownFollowerState(121)) - 5c3318fc-c419-4298-b427-bf5a9ca27bf0: shutdown FollowerState
2019-09-25 05:31:56,672 [Thread-1171] INFO  impl.RaftServerImpl (RaftServerImpl.java:setRole(174)) - 5c3318fc-c419-4298-b427-bf5a9ca27bf0@group-059250D1A272: changes role from  FOLLOWER to CANDIDATE at term 14 for changeToCandidate
2019-09-25 05:31:56,672 [Thread-1171] INFO  impl.RoleInfo (RoleInfo.java:updateAndGet(143)) - 5c3318fc-c419-4298-b427-bf5a9ca27bf0: start LeaderElection
2019-09-25 05:31:56,677 [Thread-1164] INFO  impl.FollowerState (FollowerState.java:run(106)) - f9c12371-c091-4b4a-8db2-6f0db97bbab3:group-0EC8D23D101B changes to CANDIDATE, lastRpcTime:1133, electionTimeout:1130ms
2019-09-25 05:31:56,677 [Thread-1164] INFO  impl.RoleInfo (RoleInfo.java:shutdownFollowerState(121)) - f9c12371-c091-4b4a-8db2-6f0db97bbab3: shutdown FollowerState
2019-09-25 05:31:56,677 [Thread-1164] INFO  impl.RaftServerImpl (RaftServerImpl.java:setRole(174)) - f9c12371-c091-4b4a-8db2-6f0db97bbab3@group-0EC8D23D101B: changes role from  FOLLOWER to CANDIDATE at term 12 for changeToCandidate
2019-09-25 05:31:56,678 [Thread-1164] INFO  impl.RoleInfo (RoleInfo.java:updateAndGet(143)) - f9c12371-c091-4b4a-8db2-6f0db97bbab3: start LeaderElection
2019-09-25 05:31:56,717 [Thread-1167] INFO  impl.FollowerState (FollowerState.java:run(106)) - 5c3318fc-c419-4298-b427-bf5a9ca27bf0:group-21C2C432FD88 changes to CANDIDATE, lastRpcTime:1172, electionTimeout:1171ms
2019-09-25 05:31:56,717 [Thread-1167] INFO  impl.RoleInfo (RoleInfo.java:shutdownFollowerState(121)) - 5c3318fc-c419-4298-b427-bf5a9ca27bf0: shutdown FollowerState
2019-09-25 05:31:56,718 [Thread-1167] INFO  impl.RaftServerImpl (RaftServerImpl.java:setRole(174)) - 5c3318fc-c419-4298-b427-bf5a9ca27bf0@group-21C2C432FD88: changes role from  FOLLOWER to CANDIDATE at term 15 for changeToCandidate
2019-09-25 05:31:56,718 [Thread-1167] INFO  impl.RoleInfo (RoleInfo.java:updateAndGet(143)) - 5c3318fc-c419-4298-b427-bf5a9ca27bf0: start LeaderElection
2019-09-25 05:31:56,742 [Thread-1163] INFO  impl.FollowerState (FollowerState.java:run(106)) - a58d7528-614e-4c39-a3a3-38beaa9905aa:group-0EC8D23D101B changes to CANDIDATE, lastRpcTime:1198, electionTimeout:1195ms
2019-09-25 05:31:56,743 [Thread-1163] INFO  impl.RoleInfo (RoleInfo.java:shutdownFollowerState(121)) - a58d7528-614e-4c39-a3a3-38beaa9905aa: shutdown FollowerState
2019-09-25 05:31:56,743 [Thread-1163] INFO  impl.RaftServerImpl (RaftServerImpl.java:setRole(174)) - a58d7528-614e-4c39-a3a3-38beaa9905aa@group-0EC8D23D101B: changes role from  FOLLOWER to CANDIDATE at term 12 for changeToCandidate
2019-09-25 05:31:56,743 [Thread-1163] INFO  impl.RoleInfo (RoleInfo.java:updateAndGet(143)) - a58d7528-614e-4c39-a3a3-38beaa9905aa: start LeaderElection
2019-09-25 05:31:56,995 [a58d7528-614e-4c39-a3a3-38beaa9905aa@group-AEFF648B0F59:LeaderElection198] INFO  impl.LeaderElection (LeaderElection.java:askForVotes(182)) - a58d7528-614e-4c39-a3a3-38beaa9905aa@group-AEFF648B0F59:LeaderElection198: begin an election at term 13 for -1: [a58d7528-614e-4c39-a3a3-38beaa9905aa:192.168.36.126:37942, f9c12371-c091-4b4a-8db2-6f0db97bbab3:192.168.36.126:46560, ce8ac917-2646-4112-adf7-d577593fabcb:192.168.36.126:37960], old=null
2019-09-25 05:31:56,995 [616f9f8f-9479-40f4-8c03-f125dcbf9c7f@group-60724A24602F:LeaderElection199] INFO  impl.LeaderElection (LeaderElection.java:askForVotes(182)) - 616f9f8f-9479-40f4-8c03-f125dcbf9c7f@group-60724A24602F:LeaderElection199: begin an election at term 15 for -1: [616f9f8f-9479-40f4-8c03-f125dcbf9c7f:192.168.36.126:39694, e997a993-6131-47bf-96c8-764e04cb5c0e:192.168.36.126:37678, fd2f3f79-5d7b-4d37-bb24-b15dfe7f18d7:192.168.36.126:42280], old=null
2019-09-25 05:31:56,995 [a58d7528-614e-4c39-a3a3-38beaa9905aa@group-43825EC81F5D:LeaderElection200] INFO  impl.LeaderElection (LeaderElection.java:askForVotes(182)) - a58d7528-614e-4c39-a3a3-38beaa9905aa@group-43825EC81F5D:LeaderElection200: begin an election at term 9 for -1: [a58d7528-614e-4c39-a3a3-38beaa9905aa:192.168.36.126:37942, f9c12371-c091-4b4a-8db2-6f0db97bbab3:192.168.36.126:46560, ce8ac917-2646-4112-adf7-d577593fabcb:192.168.36.126:37960], old=null
2019-09-25 05:31:56,996 [a58d7528-614e-4c39-a3a3-38beaa9905aa@group-0EC8D23D101B:LeaderElection206] INFO  impl.LeaderElection (LeaderElection.java:askForVotes(182)) - a58d7528-614e-4c39-a3a3-38beaa9905aa@group-0EC8D23D101B:LeaderElection206: begin an election at term 13 for -1: [a58d7528-614e-4c39-a3a3-38beaa9905aa:192.168.36.126:37942, f9c12371-c091-4b4a-8db2-6f0db97bbab3:192.168.36.126:46560, ce8ac917-2646-4112-adf7-d577593fabcb:192.168.36.126:37960], old=null
2019-09-25 05:31:56,996 [f9c12371-c091-4b4a-8db2-6f0db97bbab3@group-43825EC81F5D:LeaderElection201] INFO  impl.LeaderElection (LeaderElection.java:askForVotes(182)) - f9c12371-c091-4b4a-8db2-6f0db97bbab3@group-43825EC81F5D:LeaderElection201: begin an election at term 9 for -1: [a58d7528-614e-4c39-a3a3-38beaa9905aa:192.168.36.126:37942, f9c12371-c091-4b4a-8db2-6f0db97bbab3:192.168.36.126:46560, ce8ac917-2646-4112-adf7-d577593fabcb:192.168.36.126:37960], old=null
2019-09-25 05:31:56,996 [5c3318fc-c419-4298-b427-bf5a9ca27bf0@group-059250D1A272:LeaderElection203] INFO  impl.LeaderElection (LeaderElection.java:askForVotes(182)) - 5c3318fc-c419-4298-b427-bf5a9ca27bf0@group-059250D1A272:LeaderElection203: begin an election at term 15 for -1: [5c3318fc-c419-4298-b427-bf5a9ca27bf0:192.168.36.126:46795, 61946a22-29ed-4e77-8449-fae4cd9869e9:192.168.36.126:36814, 0d4a37ed-4cec-423a-a360-e4a879eb6bc0:192.168.36.126:37817], old=null
2019-09-25 05:31:56,996 [f9c12371-c091-4b4a-8db2-6f0db97bbab3@group-0EC8D23D101B:LeaderElection204] INFO  impl.LeaderElection (LeaderElection.java:askForVotes(182)) - f9c12371-c091-4b4a-8db2-6f0db97bbab3@group-0EC8D23D101B:LeaderElection204: begin an election at term 13 for -1: [a58d7528-614e-4c39-a3a3-38beaa9905aa:192.168.36.126:37942, f9c12371-c091-4b4a-8db2-6f0db97bbab3:192.168.36.126:46560, ce8ac917-2646-4112-adf7-d577593fabcb:192.168.36.126:37960], old=null
2019-09-25 05:31:56,996 [f9c12371-c091-4b4a-8db2-6f0db97bbab3@group-AEFF648B0F59:LeaderElection202] INFO  impl.LeaderElection (LeaderElection.java:askForVotes(182)) - f9c12371-c091-4b4a-8db2-6f0db97bbab3@group-AEFF648B0F59:LeaderElection202: begin an election at term 13 for -1: [a58d7528-614e-4c39-a3a3-38beaa9905aa:192.168.36.126:37942, f9c12371-c091-4b4a-8db2-6f0db97bbab3:192.168.36.126:46560, ce8ac917-2646-4112-adf7-d577593fabcb:192.168.36.126:37960], old=null
2019-09-25 05:31:56,996 [5c3318fc-c419-4298-b427-bf5a9ca27bf0@group-21C2C432FD88:LeaderElection205] INFO  impl.LeaderElection (LeaderElection.java:askForVotes(182)) - 5c3318fc-c419-4298-b427-bf5a9ca27bf0@group-21C2C432FD88:LeaderElection205: begin an election at term 16 for -1: [5c3318fc-c419-4298-b427-bf5a9ca27bf0:192.168.36.126:46795, 61946a22-29ed-4e77-8449-fae4cd9869e9:192.168.36.126:36814, 0d4a37ed-4cec-423a-a360-e4a879eb6bc0:192.168.36.126:37817], old=null
2019-09-25 05:31:56,997 [616f9f8f-9479-40f4-8c03-f125dcbf9c7f@group-60724A24602F:LeaderElection199] INFO  impl.LeaderElection (LogUtils.java:infoOrTrace(149)) - 616f9f8f-9479-40f4-8c03-f125dcbf9c7f@group-60724A24602F:LeaderElection199 got exception when requesting votes: {}
java.util.concurrent.ExecutionException: org.apache.ratis.thirdparty.io.grpc.StatusRuntimeException: UNAVAILABLE: io exception
	at java.util.concurrent.FutureTask.report(FutureTask.java:122)
	at java.util.concurrent.FutureTask.get(FutureTask.java:192)
	at org.apache.ratis.server.impl.LeaderElection.waitForResults(LeaderElection.java:263)
	at org.apache.ratis.server.impl.LeaderElection.askForVotes(LeaderElection.java:201)
	at org.apache.ratis.server.impl.LeaderElection.run(LeaderElection.java:133)
	at java.lang.Thread.run(Thread.java:748)
Caused by: org.apache.ratis.thirdparty.io.grpc.StatusRuntimeException: UNAVAILABLE: io exception
	at org.apache.ratis.thirdparty.io.grpc.stub.ClientCalls.toStatusRuntimeException(ClientCalls.java:233)
	at org.apache.ratis.thirdparty.io.grpc.stub.ClientCalls.getUnchecked(ClientCalls.java:214)
	at org.apache.ratis.thirdparty.io.grpc.stub.ClientCalls.blockingUnaryCall(ClientCalls.java:139)
	at org.apache.ratis.proto.grpc.RaftServerProtocolServiceGrpc$RaftServerProtocolServiceBlockingStub.requestVote(RaftServerProtocolServiceGrpc.java:265)
	at org.apache.ratis.grpc.server.GrpcServerProtocolClient.requestVote(GrpcServerProtocolClient.java:90)
	at org.apache.ratis.grpc.server.GrpcService.requestVote(GrpcService.java:204)
	at org.apache.ratis.server.impl.LeaderElection.lambda$submitRequests$1(LeaderElection.java:238)
	at java.util.concurrent.FutureTask.run(FutureTask.java:266)
	at java.util.concurrent.Executors$RunnableAdapter.call(Executors.java:511)
	at java.util.concurrent.FutureTask.run(FutureTask.java:266)
	at java.util.concurrent.ThreadPoolExecutor.runWorker(ThreadPoolExecutor.java:1149)
	at java.util.concurrent.ThreadPoolExecutor$Worker.run(ThreadPoolExecutor.java:624)
	... 1 more
Caused by: org.apache.ratis.thirdparty.io.netty.channel.AbstractChannel$AnnotatedConnectException: Connection refused: /192.168.36.126:42280
	at sun.nio.ch.SocketChannelImpl.checkConnect(Native Method)
	at sun.nio.ch.SocketChannelImpl.finishConnect(SocketChannelImpl.java:717)
	at org.apache.ratis.thirdparty.io.netty.channel.socket.nio.NioSocketChannel.doFinishConnect(NioSocketChannel.java:327)
	at org.apache.ratis.thirdparty.io.netty.channel.nio.AbstractNioChannel$AbstractNioUnsafe.finishConnect(AbstractNioChannel.java:340)
	at org.apache.ratis.thirdparty.io.netty.channel.nio.NioEventLoop.processSelectedKey(NioEventLoop.java:632)
	at org.apache.ratis.thirdparty.io.netty.channel.nio.NioEventLoop.processSelectedKeysOptimized(NioEventLoop.java:579)
	at org.apache.ratis.thirdparty.io.netty.channel.nio.NioEventLoop.processSelectedKeys(NioEventLoop.java:496)
	at org.apache.ratis.thirdparty.io.netty.channel.nio.NioEventLoop.run(NioEventLoop.java:458)
	at org.apache.ratis.thirdparty.io.netty.util.concurrent.SingleThreadEventExecutor$5.run(SingleThreadEventExecutor.java:897)
	at org.apache.ratis.thirdparty.io.netty.util.concurrent.FastThreadLocalRunnable.run(FastThreadLocalRunnable.java:30)
	... 1 more
Caused by: java.net.ConnectException: Connection refused
	... 11 more
2019-09-25 05:31:56,998 [a58d7528-614e-4c39-a3a3-38beaa9905aa@group-43825EC81F5D:LeaderElection200] INFO  impl.LeaderElection (LogUtils.java:infoOrTrace(149)) - a58d7528-614e-4c39-a3a3-38beaa9905aa@group-43825EC81F5D:LeaderElection200 got exception when requesting votes: {}
java.util.concurrent.ExecutionException: org.apache.ratis.thirdparty.io.grpc.StatusRuntimeException: UNAVAILABLE: io exception
	at java.util.concurrent.FutureTask.report(FutureTask.java:122)
	at java.util.concurrent.FutureTask.get(FutureTask.java:192)
	at org.apache.ratis.server.impl.LeaderElection.waitForResults(LeaderElection.java:263)
	at org.apache.ratis.server.impl.LeaderElection.askForVotes(LeaderElection.java:201)
	at org.apache.ratis.server.impl.LeaderElection.run(LeaderElection.java:133)
	at java.lang.Thread.run(Thread.java:748)
Caused by: org.apache.ratis.thirdparty.io.grpc.StatusRuntimeException: UNAVAILABLE: io exception
	at org.apache.ratis.thirdparty.io.grpc.stub.ClientCalls.toStatusRuntimeException(ClientCalls.java:233)
	at org.apache.ratis.thirdparty.io.grpc.stub.ClientCalls.getUnchecked(ClientCalls.java:214)
	at org.apache.ratis.thirdparty.io.grpc.stub.ClientCalls.blockingUnaryCall(ClientCalls.java:139)
	at org.apache.ratis.proto.grpc.RaftServerProtocolServiceGrpc$RaftServerProtocolServiceBlockingStub.requestVote(RaftServerProtocolServiceGrpc.java:265)
	at org.apache.ratis.grpc.server.GrpcServerProtocolClient.requestVote(GrpcServerProtocolClient.java:90)
	at org.apache.ratis.grpc.server.GrpcService.requestVote(GrpcService.java:204)
	at org.apache.ratis.server.impl.LeaderElection.lambda$submitRequests$1(LeaderElection.java:238)
	at java.util.concurrent.FutureTask.run(FutureTask.java:266)
	at java.util.concurrent.Executors$RunnableAdapter.call(Executors.java:511)
	at java.util.concurrent.FutureTask.run(FutureTask.java:266)
	at java.util.concurrent.ThreadPoolExecutor.runWorker(ThreadPoolExecutor.java:1149)
	at java.util.concurrent.ThreadPoolExecutor$Worker.run(ThreadPoolExecutor.java:624)
	... 1 more
Caused by: org.apache.ratis.thirdparty.io.netty.channel.AbstractChannel$AnnotatedConnectException: Connection refused: /192.168.36.126:37960
	at sun.nio.ch.SocketChannelImpl.checkConnect(Native Method)
	at sun.nio.ch.SocketChannelImpl.finishConnect(SocketChannelImpl.java:717)
	at org.apache.ratis.thirdparty.io.netty.channel.socket.nio.NioSocketChannel.doFinishConnect(NioSocketChannel.java:327)
	at org.apache.ratis.thirdparty.io.netty.channel.nio.AbstractNioChannel$AbstractNioUnsafe.finishConnect(AbstractNioChannel.java:340)
	at org.apache.ratis.thirdparty.io.netty.channel.nio.NioEventLoop.processSelectedKey(NioEventLoop.java:632)
	at org.apache.ratis.thirdparty.io.netty.channel.nio.NioEventLoop.processSelectedKeysOptimized(NioEventLoop.java:579)
	at org.apache.ratis.thirdparty.io.netty.channel.nio.NioEventLoop.processSelectedKeys(NioEventLoop.java:496)
	at org.apache.ratis.thirdparty.io.netty.channel.nio.NioEventLoop.run(NioEventLoop.java:458)
	at org.apache.ratis.thirdparty.io.netty.util.concurrent.SingleThreadEventExecutor$5.run(SingleThreadEventExecutor.java:897)
	at org.apache.ratis.thirdparty.io.netty.util.concurrent.FastThreadLocalRunnable.run(FastThreadLocalRunnable.java:30)
	... 1 more
Caused by: java.net.ConnectException: Connection refused
	... 11 more
2019-09-25 05:31:56,998 [a58d7528-614e-4c39-a3a3-38beaa9905aa@group-AEFF648B0F59:LeaderElection198] INFO  impl.LeaderElection (LogUtils.java:infoOrTrace(149)) - a58d7528-614e-4c39-a3a3-38beaa9905aa@group-AEFF648B0F59:LeaderElection198 got exception when requesting votes: {}
java.util.concurrent.ExecutionException: org.apache.ratis.thirdparty.io.grpc.StatusRuntimeException: UNAVAILABLE: io exception
	at java.util.concurrent.FutureTask.report(FutureTask.java:122)
	at java.util.concurrent.FutureTask.get(FutureTask.java:192)
	at org.apache.ratis.server.impl.LeaderElection.waitForResults(LeaderElection.java:263)
	at org.apache.ratis.server.impl.LeaderElection.askForVotes(LeaderElection.java:201)
	at org.apache.ratis.server.impl.LeaderElection.run(LeaderElection.java:133)
	at java.lang.Thread.run(Thread.java:748)
Caused by: org.apache.ratis.thirdparty.io.grpc.StatusRuntimeException: UNAVAILABLE: io exception
	at org.apache.ratis.thirdparty.io.grpc.stub.ClientCalls.toStatusRuntimeException(ClientCalls.java:233)
	at org.apache.ratis.thirdparty.io.grpc.stub.ClientCalls.getUnchecked(ClientCalls.java:214)
	at org.apache.ratis.thirdparty.io.grpc.stub.ClientCalls.blockingUnaryCall(ClientCalls.java:139)
	at org.apache.ratis.proto.grpc.RaftServerProtocolServiceGrpc$RaftServerProtocolServiceBlockingStub.requestVote(RaftServerProtocolServiceGrpc.java:265)
	at org.apache.ratis.grpc.server.GrpcServerProtocolClient.requestVote(GrpcServerProtocolClient.java:90)
	at org.apache.ratis.grpc.server.GrpcService.requestVote(GrpcService.java:204)
	at org.apache.ratis.server.impl.LeaderElection.lambda$submitRequests$1(LeaderElection.java:238)
	at java.util.concurrent.FutureTask.run(FutureTask.java:266)
	at java.util.concurrent.Executors$RunnableAdapter.call(Executors.java:511)
	at java.util.concurrent.FutureTask.run(FutureTask.java:266)
	at java.util.concurrent.ThreadPoolExecutor.runWorker(ThreadPoolExecutor.java:1149)
	at java.util.concurrent.ThreadPoolExecutor$Worker.run(ThreadPoolExecutor.java:624)
	... 1 more
Caused by: org.apache.ratis.thirdparty.io.netty.channel.AbstractChannel$AnnotatedConnectException: Connection refused: /192.168.36.126:37960
	at sun.nio.ch.SocketChannelImpl.checkConnect(Native Method)
	at sun.nio.ch.SocketChannelImpl.finishConnect(SocketChannelImpl.java:717)
	at org.apache.ratis.thirdparty.io.netty.channel.socket.nio.NioSocketChannel.doFinishConnect(NioSocketChannel.java:327)
	at org.apache.ratis.thirdparty.io.netty.channel.nio.AbstractNioChannel$AbstractNioUnsafe.finishConnect(AbstractNioChannel.java:340)
	at org.apache.ratis.thirdparty.io.netty.channel.nio.NioEventLoop.processSelectedKey(NioEventLoop.java:632)
	at org.apache.ratis.thirdparty.io.netty.channel.nio.NioEventLoop.processSelectedKeysOptimized(NioEventLoop.java:579)
	at org.apache.ratis.thirdparty.io.netty.channel.nio.NioEventLoop.processSelectedKeys(NioEventLoop.java:496)
	at org.apache.ratis.thirdparty.io.netty.channel.nio.NioEventLoop.run(NioEventLoop.java:458)
	at org.apache.ratis.thirdparty.io.netty.util.concurrent.SingleThreadEventExecutor$5.run(SingleThreadEventExecutor.java:897)
	at org.apache.ratis.thirdparty.io.netty.util.concurrent.FastThreadLocalRunnable.run(FastThreadLocalRunnable.java:30)
	... 1 more
Caused by: java.net.ConnectException: Connection refused
	... 11 more
2019-09-25 05:31:57,000 [5c3318fc-c419-4298-b427-bf5a9ca27bf0@group-21C2C432FD88:LeaderElection205] INFO  impl.LeaderElection (LogUtils.java:infoOrTrace(149)) - 5c3318fc-c419-4298-b427-bf5a9ca27bf0@group-21C2C432FD88:LeaderElection205 got exception when requesting votes: {}
java.util.concurrent.ExecutionException: org.apache.ratis.thirdparty.io.grpc.StatusRuntimeException: UNAVAILABLE: io exception
	at java.util.concurrent.FutureTask.report(FutureTask.java:122)
	at java.util.concurrent.FutureTask.get(FutureTask.java:192)
	at org.apache.ratis.server.impl.LeaderElection.waitForResults(LeaderElection.java:263)
	at org.apache.ratis.server.impl.LeaderElection.askForVotes(LeaderElection.java:201)
	at org.apache.ratis.server.impl.LeaderElection.run(LeaderElection.java:133)
	at java.lang.Thread.run(Thread.java:748)
Caused by: org.apache.ratis.thirdparty.io.grpc.StatusRuntimeException: UNAVAILABLE: io exception
	at org.apache.ratis.thirdparty.io.grpc.stub.ClientCalls.toStatusRuntimeException(ClientCalls.java:233)
	at org.apache.ratis.thirdparty.io.grpc.stub.ClientCalls.getUnchecked(ClientCalls.java:214)
	at org.apache.ratis.thirdparty.io.grpc.stub.ClientCalls.blockingUnaryCall(ClientCalls.java:139)
	at org.apache.ratis.proto.grpc.RaftServerProtocolServiceGrpc$RaftServerProtocolServiceBlockingStub.requestVote(RaftServerProtocolServiceGrpc.java:265)
	at org.apache.ratis.grpc.server.GrpcServerProtocolClient.requestVote(GrpcServerProtocolClient.java:90)
	at org.apache.ratis.grpc.server.GrpcService.requestVote(GrpcService.java:204)
	at org.apache.ratis.server.impl.LeaderElection.lambda$submitRequests$1(LeaderElection.java:238)
	at java.util.concurrent.FutureTask.run(FutureTask.java:266)
	at java.util.concurrent.Executors$RunnableAdapter.call(Executors.java:511)
	at java.util.concurrent.FutureTask.run(FutureTask.java:266)
	at java.util.concurrent.ThreadPoolExecutor.runWorker(ThreadPoolExecutor.java:1149)
	at java.util.concurrent.ThreadPoolExecutor$Worker.run(ThreadPoolExecutor.java:624)
	... 1 more
Caused by: org.apache.ratis.thirdparty.io.netty.channel.AbstractChannel$AnnotatedConnectException: Connection refused: /192.168.36.126:36814
	at sun.nio.ch.SocketChannelImpl.checkConnect(Native Method)
	at sun.nio.ch.SocketChannelImpl.finishConnect(SocketChannelImpl.java:717)
	at org.apache.ratis.thirdparty.io.netty.channel.socket.nio.NioSocketChannel.doFinishConnect(NioSocketChannel.java:327)
	at org.apache.ratis.thirdparty.io.netty.channel.nio.AbstractNioChannel$AbstractNioUnsafe.finishConnect(AbstractNioChannel.java:340)
	at org.apache.ratis.thirdparty.io.netty.channel.nio.NioEventLoop.processSelectedKey(NioEventLoop.java:632)
	at org.apache.ratis.thirdparty.io.netty.channel.nio.NioEventLoop.processSelectedKeysOptimized(NioEventLoop.java:579)
	at org.apache.ratis.thirdparty.io.netty.channel.nio.NioEventLoop.processSelectedKeys(NioEventLoop.java:496)
	at org.apache.ratis.thirdparty.io.netty.channel.nio.NioEventLoop.run(NioEventLoop.java:458)
	at org.apache.ratis.thirdparty.io.netty.util.concurrent.SingleThreadEventExecutor$5.run(SingleThreadEventExecutor.java:897)
	at org.apache.ratis.thirdparty.io.netty.util.concurrent.FastThreadLocalRunnable.run(FastThreadLocalRunnable.java:30)
	... 1 more
Caused by: java.net.ConnectException: Connection refused
	... 11 more
2019-09-25 05:31:57,001 [616f9f8f-9479-40f4-8c03-f125dcbf9c7f@group-60724A24602F:LeaderElection199] INFO  impl.LeaderElection (LogUtils.java:infoOrTrace(149)) - 616f9f8f-9479-40f4-8c03-f125dcbf9c7f@group-60724A24602F:LeaderElection199 got exception when requesting votes: {}
java.util.concurrent.ExecutionException: org.apache.ratis.thirdparty.io.grpc.StatusRuntimeException: UNAVAILABLE: io exception
	at java.util.concurrent.FutureTask.report(FutureTask.java:122)
	at java.util.concurrent.FutureTask.get(FutureTask.java:192)
	at org.apache.ratis.server.impl.LeaderElection.waitForResults(LeaderElection.java:263)
	at org.apache.ratis.server.impl.LeaderElection.askForVotes(LeaderElection.java:201)
	at org.apache.ratis.server.impl.LeaderElection.run(LeaderElection.java:133)
	at java.lang.Thread.run(Thread.java:748)
Caused by: org.apache.ratis.thirdparty.io.grpc.StatusRuntimeException: UNAVAILABLE: io exception
	at org.apache.ratis.thirdparty.io.grpc.stub.ClientCalls.toStatusRuntimeException(ClientCalls.java:233)
	at org.apache.ratis.thirdparty.io.grpc.stub.ClientCalls.getUnchecked(ClientCalls.java:214)
	at org.apache.ratis.thirdparty.io.grpc.stub.ClientCalls.blockingUnaryCall(ClientCalls.java:139)
	at org.apache.ratis.proto.grpc.RaftServerProtocolServiceGrpc$RaftServerProtocolServiceBlockingStub.requestVote(RaftServerProtocolServiceGrpc.java:265)
	at org.apache.ratis.grpc.server.GrpcServerProtocolClient.requestVote(GrpcServerProtocolClient.java:90)
	at org.apache.ratis.grpc.server.GrpcService.requestVote(GrpcService.java:204)
	at org.apache.ratis.server.impl.LeaderElection.lambda$submitRequests$1(LeaderElection.java:238)
	at java.util.concurrent.FutureTask.run(FutureTask.java:266)
	at java.util.concurrent.Executors$RunnableAdapter.call(Executors.java:511)
	at java.util.concurrent.FutureTask.run(FutureTask.java:266)
	at java.util.concurrent.ThreadPoolExecutor.runWorker(ThreadPoolExecutor.java:1149)
	at java.util.concurrent.ThreadPoolExecutor$Worker.run(ThreadPoolExecutor.java:624)
	... 1 more
Caused by: org.apache.ratis.thirdparty.io.netty.channel.AbstractChannel$AnnotatedConnectException: Connection refused: /192.168.36.126:37678
	at sun.nio.ch.SocketChannelImpl.checkConnect(Native Method)
	at sun.nio.ch.SocketChannelImpl.finishConnect(SocketChannelImpl.java:717)
	at org.apache.ratis.thirdparty.io.netty.channel.socket.nio.NioSocketChannel.doFinishConnect(NioSocketChannel.java:327)
	at org.apache.ratis.thirdparty.io.netty.channel.nio.AbstractNioChannel$AbstractNioUnsafe.finishConnect(AbstractNioChannel.java:340)
	at org.apache.ratis.thirdparty.io.netty.channel.nio.NioEventLoop.processSelectedKey(NioEventLoop.java:632)
	at org.apache.ratis.thirdparty.io.netty.channel.nio.NioEventLoop.processSelectedKeysOptimized(NioEventLoop.java:579)
	at org.apache.ratis.thirdparty.io.netty.channel.nio.NioEventLoop.processSelectedKeys(NioEventLoop.java:496)
	at org.apache.ratis.thirdparty.io.netty.channel.nio.NioEventLoop.run(NioEventLoop.java:458)
	at org.apache.ratis.thirdparty.io.netty.util.concurrent.SingleThreadEventExecutor$5.run(SingleThreadEventExecutor.java:897)
	at org.apache.ratis.thirdparty.io.netty.util.concurrent.FastThreadLocalRunnable.run(FastThreadLocalRunnable.java:30)
	... 1 more
Caused by: java.net.ConnectException: Connection refused
	... 11 more
2019-09-25 05:31:56,999 [f9c12371-c091-4b4a-8db2-6f0db97bbab3@group-AEFF648B0F59:LeaderElection202] INFO  impl.LeaderElection (LogUtils.java:infoOrTrace(149)) - f9c12371-c091-4b4a-8db2-6f0db97bbab3@group-AEFF648B0F59:LeaderElection202 got exception when requesting votes: {}
java.util.concurrent.ExecutionException: org.apache.ratis.thirdparty.io.grpc.StatusRuntimeException: UNAVAILABLE: io exception
	at java.util.concurrent.FutureTask.report(FutureTask.java:122)
	at java.util.concurrent.FutureTask.get(FutureTask.java:192)
	at org.apache.ratis.server.impl.LeaderElection.waitForResults(LeaderElection.java:263)
	at org.apache.ratis.server.impl.LeaderElection.askForVotes(LeaderElection.java:201)
	at org.apache.ratis.server.impl.LeaderElection.run(LeaderElection.java:133)
	at java.lang.Thread.run(Thread.java:748)
Caused by: org.apache.ratis.thirdparty.io.grpc.StatusRuntimeException: UNAVAILABLE: io exception
	at org.apache.ratis.thirdparty.io.grpc.stub.ClientCalls.toStatusRuntimeException(ClientCalls.java:233)
	at org.apache.ratis.thirdparty.io.grpc.stub.ClientCalls.getUnchecked(ClientCalls.java:214)
	at org.apache.ratis.thirdparty.io.grpc.stub.ClientCalls.blockingUnaryCall(ClientCalls.java:139)
	at org.apache.ratis.proto.grpc.RaftServerProtocolServiceGrpc$RaftServerProtocolServiceBlockingStub.requestVote(RaftServerProtocolServiceGrpc.java:265)
	at org.apache.ratis.grpc.server.GrpcServerProtocolClient.requestVote(GrpcServerProtocolClient.java:90)
	at org.apache.ratis.grpc.server.GrpcService.requestVote(GrpcService.java:204)
	at org.apache.ratis.server.impl.LeaderElection.lambda$submitRequests$1(LeaderElection.java:238)
	at java.util.concurrent.FutureTask.run(FutureTask.java:266)
	at java.util.concurrent.Executors$RunnableAdapter.call(Executors.java:511)
	at java.util.concurrent.FutureTask.run(FutureTask.java:266)
	at java.util.concurrent.ThreadPoolExecutor.runWorker(ThreadPoolExecutor.java:1149)
	at java.util.concurrent.ThreadPoolExecutor$Worker.run(ThreadPoolExecutor.java:624)
	... 1 more
Caused by: org.apache.ratis.thirdparty.io.netty.channel.AbstractChannel$AnnotatedConnectException: Connection refused: /192.168.36.126:37960
	at sun.nio.ch.SocketChannelImpl.checkConnect(Native Method)
	at sun.nio.ch.SocketChannelImpl.finishConnect(SocketChannelImpl.java:717)
	at org.apache.ratis.thirdparty.io.netty.channel.socket.nio.NioSocketChannel.doFinishConnect(NioSocketChannel.java:327)
	at org.apache.ratis.thirdparty.io.netty.channel.nio.AbstractNioChannel$AbstractNioUnsafe.finishConnect(AbstractNioChannel.java:340)
	at org.apache.ratis.thirdparty.io.netty.channel.nio.NioEventLoop.processSelectedKey(NioEventLoop.java:632)
	at org.apache.ratis.thirdparty.io.netty.channel.nio.NioEventLoop.processSelectedKeysOptimized(NioEventLoop.java:579)
	at org.apache.ratis.thirdparty.io.netty.channel.nio.NioEventLoop.processSelectedKeys(NioEventLoop.java:496)
	at org.apache.ratis.thirdparty.io.netty.channel.nio.NioEventLoop.run(NioEventLoop.java:458)
	at org.apache.ratis.thirdparty.io.netty.util.concurrent.SingleThreadEventExecutor$5.run(SingleThreadEventExecutor.java:897)
	at org.apache.ratis.thirdparty.io.netty.util.concurrent.FastThreadLocalRunnable.run(FastThreadLocalRunnable.java:30)
	... 1 more
Caused by: java.net.ConnectException: Connection refused
	... 11 more
2019-09-25 05:31:56,999 [f9c12371-c091-4b4a-8db2-6f0db97bbab3@group-0EC8D23D101B:LeaderElection204] INFO  impl.LeaderElection (LogUtils.java:infoOrTrace(149)) - f9c12371-c091-4b4a-8db2-6f0db97bbab3@group-0EC8D23D101B:LeaderElection204 got exception when requesting votes: {}
java.util.concurrent.ExecutionException: org.apache.ratis.thirdparty.io.grpc.StatusRuntimeException: UNAVAILABLE: io exception
	at java.util.concurrent.FutureTask.report(FutureTask.java:122)
	at java.util.concurrent.FutureTask.get(FutureTask.java:192)
	at org.apache.ratis.server.impl.LeaderElection.waitForResults(LeaderElection.java:263)
	at org.apache.ratis.server.impl.LeaderElection.askForVotes(LeaderElection.java:201)
	at org.apache.ratis.server.impl.LeaderElection.run(LeaderElection.java:133)
	at java.lang.Thread.run(Thread.java:748)
Caused by: org.apache.ratis.thirdparty.io.grpc.StatusRuntimeException: UNAVAILABLE: io exception
	at org.apache.ratis.thirdparty.io.grpc.stub.ClientCalls.toStatusRuntimeException(ClientCalls.java:233)
	at org.apache.ratis.thirdparty.io.grpc.stub.ClientCalls.getUnchecked(ClientCalls.java:214)
	at org.apache.ratis.thirdparty.io.grpc.stub.ClientCalls.blockingUnaryCall(ClientCalls.java:139)
	at org.apache.ratis.proto.grpc.RaftServerProtocolServiceGrpc$RaftServerProtocolServiceBlockingStub.requestVote(RaftServerProtocolServiceGrpc.java:265)
	at org.apache.ratis.grpc.server.GrpcServerProtocolClient.requestVote(GrpcServerProtocolClient.java:90)
	at org.apache.ratis.grpc.server.GrpcService.requestVote(GrpcService.java:204)
	at org.apache.ratis.server.impl.LeaderElection.lambda$submitRequests$1(LeaderElection.java:238)
	at java.util.concurrent.FutureTask.run(FutureTask.java:266)
	at java.util.concurrent.Executors$RunnableAdapter.call(Executors.java:511)
	at java.util.concurrent.FutureTask.run(FutureTask.java:266)
	at java.util.concurrent.ThreadPoolExecutor.runWorker(ThreadPoolExecutor.java:1149)
	at java.util.concurrent.ThreadPoolExecutor$Worker.run(ThreadPoolExecutor.java:624)
	... 1 more
Caused by: org.apache.ratis.thirdparty.io.netty.channel.AbstractChannel$AnnotatedConnectException: Connection refused: /192.168.36.126:37960
	at sun.nio.ch.SocketChannelImpl.checkConnect(Native Method)
	at sun.nio.ch.SocketChannelImpl.finishConnect(SocketChannelImpl.java:717)
	at org.apache.ratis.thirdparty.io.netty.channel.socket.nio.NioSocketChannel.doFinishConnect(NioSocketChannel.java:327)
	at org.apache.ratis.thirdparty.io.netty.channel.nio.AbstractNioChannel$AbstractNioUnsafe.finishConnect(AbstractNioChannel.java:340)
	at org.apache.ratis.thirdparty.io.netty.channel.nio.NioEventLoop.processSelectedKey(NioEventLoop.java:632)
	at org.apache.ratis.thirdparty.io.netty.channel.nio.NioEventLoop.processSelectedKeysOptimized(NioEventLoop.java:579)
	at org.apache.ratis.thirdparty.io.netty.channel.nio.NioEventLoop.processSelectedKeys(NioEventLoop.java:496)
	at org.apache.ratis.thirdparty.io.netty.channel.nio.NioEventLoop.run(NioEventLoop.java:458)
	at org.apache.ratis.thirdparty.io.netty.util.concurrent.SingleThreadEventExecutor$5.run(SingleThreadEventExecutor.java:897)
	at org.apache.ratis.thirdparty.io.netty.util.concurrent.FastThreadLocalRunnable.run(FastThreadLocalRunnable.java:30)
	... 1 more
Caused by: java.net.ConnectException: Connection refused
	... 11 more
2019-09-25 05:31:56,999 [f9c12371-c091-4b4a-8db2-6f0db97bbab3@group-43825EC81F5D:LeaderElection201] INFO  impl.LeaderElection (LogUtils.java:infoOrTrace(149)) - f9c12371-c091-4b4a-8db2-6f0db97bbab3@group-43825EC81F5D:LeaderElection201 got exception when requesting votes: {}
java.util.concurrent.ExecutionException: org.apache.ratis.thirdparty.io.grpc.StatusRuntimeException: UNAVAILABLE: io exception
	at java.util.concurrent.FutureTask.report(FutureTask.java:122)
	at java.util.concurrent.FutureTask.get(FutureTask.java:192)
	at org.apache.ratis.server.impl.LeaderElection.waitForResults(LeaderElection.java:263)
	at org.apache.ratis.server.impl.LeaderElection.askForVotes(LeaderElection.java:201)
	at org.apache.ratis.server.impl.LeaderElection.run(LeaderElection.java:133)
	at java.lang.Thread.run(Thread.java:748)
Caused by: org.apache.ratis.thirdparty.io.grpc.StatusRuntimeException: UNAVAILABLE: io exception
	at org.apache.ratis.thirdparty.io.grpc.stub.ClientCalls.toStatusRuntimeException(ClientCalls.java:233)
	at org.apache.ratis.thirdparty.io.grpc.stub.ClientCalls.getUnchecked(ClientCalls.java:214)
	at org.apache.ratis.thirdparty.io.grpc.stub.ClientCalls.blockingUnaryCall(ClientCalls.java:139)
	at org.apache.ratis.proto.grpc.RaftServerProtocolServiceGrpc$RaftServerProtocolServiceBlockingStub.requestVote(RaftServerProtocolServiceGrpc.java:265)
	at org.apache.ratis.grpc.server.GrpcServerProtocolClient.requestVote(GrpcServerProtocolClient.java:90)
	at org.apache.ratis.grpc.server.GrpcService.requestVote(GrpcService.java:204)
	at org.apache.ratis.server.impl.LeaderElection.lambda$submitRequests$1(LeaderElection.java:238)
	at java.util.concurrent.FutureTask.run(FutureTask.java:266)
	at java.util.concurrent.Executors$RunnableAdapter.call(Executors.java:511)
	at java.util.concurrent.FutureTask.run(FutureTask.java:266)
	at java.util.concurrent.ThreadPoolExecutor.runWorker(ThreadPoolExecutor.java:1149)
	at java.util.concurrent.ThreadPoolExecutor$Worker.run(ThreadPoolExecutor.java:624)
	... 1 more
Caused by: org.apache.ratis.thirdparty.io.netty.channel.AbstractChannel$AnnotatedConnectException: Connection refused: /192.168.36.126:37960
	at sun.nio.ch.SocketChannelImpl.checkConnect(Native Method)
	at sun.nio.ch.SocketChannelImpl.finishConnect(SocketChannelImpl.java:717)
	at org.apache.ratis.thirdparty.io.netty.channel.socket.nio.NioSocketChannel.doFinishConnect(NioSocketChannel.java:327)
	at org.apache.ratis.thirdparty.io.netty.channel.nio.AbstractNioChannel$AbstractNioUnsafe.finishConnect(AbstractNioChannel.java:340)
	at org.apache.ratis.thirdparty.io.netty.channel.nio.NioEventLoop.processSelectedKey(NioEventLoop.java:632)
	at org.apache.ratis.thirdparty.io.netty.channel.nio.NioEventLoop.processSelectedKeysOptimized(NioEventLoop.java:579)
	at org.apache.ratis.thirdparty.io.netty.channel.nio.NioEventLoop.processSelectedKeys(NioEventLoop.java:496)
	at org.apache.ratis.thirdparty.io.netty.channel.nio.NioEventLoop.run(NioEventLoop.java:458)
	at org.apache.ratis.thirdparty.io.netty.util.concurrent.SingleThreadEventExecutor$5.run(SingleThreadEventExecutor.java:897)
	at org.apache.ratis.thirdparty.io.netty.util.concurrent.FastThreadLocalRunnable.run(FastThreadLocalRunnable.java:30)
	... 1 more
Caused by: java.net.ConnectException: Connection refused
	... 11 more
2019-09-25 05:31:56,999 [5c3318fc-c419-4298-b427-bf5a9ca27bf0@group-059250D1A272:LeaderElection203] INFO  impl.LeaderElection (LogUtils.java:infoOrTrace(149)) - 5c3318fc-c419-4298-b427-bf5a9ca27bf0@group-059250D1A272:LeaderElection203 got exception when requesting votes: {}
java.util.concurrent.ExecutionException: org.apache.ratis.thirdparty.io.grpc.StatusRuntimeException: UNAVAILABLE: io exception
	at java.util.concurrent.FutureTask.report(FutureTask.java:122)
	at java.util.concurrent.FutureTask.get(FutureTask.java:192)
	at org.apache.ratis.server.impl.LeaderElection.waitForResults(LeaderElection.java:263)
	at org.apache.ratis.server.impl.LeaderElection.askForVotes(LeaderElection.java:201)
	at org.apache.ratis.server.impl.LeaderElection.run(LeaderElection.java:133)
	at java.lang.Thread.run(Thread.java:748)
Caused by: org.apache.ratis.thirdparty.io.grpc.StatusRuntimeException: UNAVAILABLE: io exception
	at org.apache.ratis.thirdparty.io.grpc.stub.ClientCalls.toStatusRuntimeException(ClientCalls.java:233)
	at org.apache.ratis.thirdparty.io.grpc.stub.ClientCalls.getUnchecked(ClientCalls.java:214)
	at org.apache.ratis.thirdparty.io.grpc.stub.ClientCalls.blockingUnaryCall(ClientCalls.java:139)
	at org.apache.ratis.proto.grpc.RaftServerProtocolServiceGrpc$RaftServerProtocolServiceBlockingStub.requestVote(RaftServerProtocolServiceGrpc.java:265)
	at org.apache.ratis.grpc.server.GrpcServerProtocolClient.requestVote(GrpcServerProtocolClient.java:90)
	at org.apache.ratis.grpc.server.GrpcService.requestVote(GrpcService.java:204)
	at org.apache.ratis.server.impl.LeaderElection.lambda$submitRequests$1(LeaderElection.java:238)
	at java.util.concurrent.FutureTask.run(FutureTask.java:266)
	at java.util.concurrent.Executors$RunnableAdapter.call(Executors.java:511)
	at java.util.concurrent.FutureTask.run(FutureTask.java:266)
	at java.util.concurrent.ThreadPoolExecutor.runWorker(ThreadPoolExecutor.java:1149)
	at java.util.concurrent.ThreadPoolExecutor$Worker.run(ThreadPoolExecutor.java:624)
	... 1 more
Caused by: org.apache.ratis.thirdparty.io.netty.channel.AbstractChannel$AnnotatedConnectException: Connection refused: /192.168.36.126:36814
	at sun.nio.ch.SocketChannelImpl.checkConnect(Native Method)
	at sun.nio.ch.SocketChannelImpl.finishConnect(SocketChannelImpl.java:717)
	at org.apache.ratis.thirdparty.io.netty.channel.socket.nio.NioSocketChannel.doFinishConnect(NioSocketChannel.java:327)
	at org.apache.ratis.thirdparty.io.netty.channel.nio.AbstractNioChannel$AbstractNioUnsafe.finishConnect(AbstractNioChannel.java:340)
	at org.apache.ratis.thirdparty.io.netty.channel.nio.NioEventLoop.processSelectedKey(NioEventLoop.java:632)
	at org.apache.ratis.thirdparty.io.netty.channel.nio.NioEventLoop.processSelectedKeysOptimized(NioEventLoop.java:579)
	at org.apache.ratis.thirdparty.io.netty.channel.nio.NioEventLoop.processSelectedKeys(NioEventLoop.java:496)
	at org.apache.ratis.thirdparty.io.netty.channel.nio.NioEventLoop.run(NioEventLoop.java:458)
	at org.apache.ratis.thirdparty.io.netty.util.concurrent.SingleThreadEventExecutor$5.run(SingleThreadEventExecutor.java:897)
	at org.apache.ratis.thirdparty.io.netty.util.concurrent.FastThreadLocalRunnable.run(FastThreadLocalRunnable.java:30)
	... 1 more
Caused by: java.net.ConnectException: Connection refused
	... 11 more
2019-09-25 05:31:57,004 [5c3318fc-c419-4298-b427-bf5a9ca27bf0@group-059250D1A272:LeaderElection203] INFO  impl.LeaderElection (LogUtils.java:infoOrTrace(149)) - 5c3318fc-c419-4298-b427-bf5a9ca27bf0@group-059250D1A272:LeaderElection203 got exception when requesting votes: {}
java.util.concurrent.ExecutionException: org.apache.ratis.thirdparty.io.grpc.StatusRuntimeException: UNAVAILABLE: io exception
	at java.util.concurrent.FutureTask.report(FutureTask.java:122)
	at java.util.concurrent.FutureTask.get(FutureTask.java:192)
	at org.apache.ratis.server.impl.LeaderElection.waitForResults(LeaderElection.java:263)
	at org.apache.ratis.server.impl.LeaderElection.askForVotes(LeaderElection.java:201)
	at org.apache.ratis.server.impl.LeaderElection.run(LeaderElection.java:133)
	at java.lang.Thread.run(Thread.java:748)
Caused by: org.apache.ratis.thirdparty.io.grpc.StatusRuntimeException: UNAVAILABLE: io exception
	at org.apache.ratis.thirdparty.io.grpc.stub.ClientCalls.toStatusRuntimeException(ClientCalls.java:233)
	at org.apache.ratis.thirdparty.io.grpc.stub.ClientCalls.getUnchecked(ClientCalls.java:214)
	at org.apache.ratis.thirdparty.io.grpc.stub.ClientCalls.blockingUnaryCall(ClientCalls.java:139)
	at org.apache.ratis.proto.grpc.RaftServerProtocolServiceGrpc$RaftServerProtocolServiceBlockingStub.requestVote(RaftServerProtocolServiceGrpc.java:265)
	at org.apache.ratis.grpc.server.GrpcServerProtocolClient.requestVote(GrpcServerProtocolClient.java:90)
	at org.apache.ratis.grpc.server.GrpcService.requestVote(GrpcService.java:204)
	at org.apache.ratis.server.impl.LeaderElection.lambda$submitRequests$1(LeaderElection.java:238)
	at java.util.concurrent.FutureTask.run(FutureTask.java:266)
	at java.util.concurrent.Executors$RunnableAdapter.call(Executors.java:511)
	at java.util.concurrent.FutureTask.run(FutureTask.java:266)
	at java.util.concurrent.ThreadPoolExecutor.runWorker(ThreadPoolExecutor.java:1149)
	at java.util.concurrent.ThreadPoolExecutor$Worker.run(ThreadPoolExecutor.java:624)
	... 1 more
Caused by: org.apache.ratis.thirdparty.io.netty.channel.AbstractChannel$AnnotatedConnectException: Connection refused: /192.168.36.126:37817
	at sun.nio.ch.SocketChannelImpl.checkConnect(Native Method)
	at sun.nio.ch.SocketChannelImpl.finishConnect(SocketChannelImpl.java:717)
	at org.apache.ratis.thirdparty.io.netty.channel.socket.nio.NioSocketChannel.doFinishConnect(NioSocketChannel.java:327)
	at org.apache.ratis.thirdparty.io.netty.channel.nio.AbstractNioChannel$AbstractNioUnsafe.finishConnect(AbstractNioChannel.java:340)
	at org.apache.ratis.thirdparty.io.netty.channel.nio.NioEventLoop.processSelectedKey(NioEventLoop.java:632)
	at org.apache.ratis.thirdparty.io.netty.channel.nio.NioEventLoop.processSelectedKeysOptimized(NioEventLoop.java:579)
	at org.apache.ratis.thirdparty.io.netty.channel.nio.NioEventLoop.processSelectedKeys(NioEventLoop.java:496)
	at org.apache.ratis.thirdparty.io.netty.channel.nio.NioEventLoop.run(NioEventLoop.java:458)
	at org.apache.ratis.thirdparty.io.netty.util.concurrent.SingleThreadEventExecutor$5.run(SingleThreadEventExecutor.java:897)
	at org.apache.ratis.thirdparty.io.netty.util.concurrent.FastThreadLocalRunnable.run(FastThreadLocalRunnable.java:30)
	... 1 more
Caused by: java.net.ConnectException: Connection refused
	... 11 more
2019-09-25 05:31:56,998 [a58d7528-614e-4c39-a3a3-38beaa9905aa@group-0EC8D23D101B:LeaderElection206] INFO  impl.LeaderElection (LogUtils.java:infoOrTrace(149)) - a58d7528-614e-4c39-a3a3-38beaa9905aa@group-0EC8D23D101B:LeaderElection206 got exception when requesting votes: {}
java.util.concurrent.ExecutionException: org.apache.ratis.thirdparty.io.grpc.StatusRuntimeException: UNAVAILABLE: io exception
	at java.util.concurrent.FutureTask.report(FutureTask.java:122)
	at java.util.concurrent.FutureTask.get(FutureTask.java:192)
	at org.apache.ratis.server.impl.LeaderElection.waitForResults(LeaderElection.java:263)
	at org.apache.ratis.server.impl.LeaderElection.askForVotes(LeaderElection.java:201)
	at org.apache.ratis.server.impl.LeaderElection.run(LeaderElection.java:133)
	at java.lang.Thread.run(Thread.java:748)
Caused by: org.apache.ratis.thirdparty.io.grpc.StatusRuntimeException: UNAVAILABLE: io exception
	at org.apache.ratis.thirdparty.io.grpc.stub.ClientCalls.toStatusRuntimeException(ClientCalls.java:233)
	at org.apache.ratis.thirdparty.io.grpc.stub.ClientCalls.getUnchecked(ClientCalls.java:214)
	at org.apache.ratis.thirdparty.io.grpc.stub.ClientCalls.blockingUnaryCall(ClientCalls.java:139)
	at org.apache.ratis.proto.grpc.RaftServerProtocolServiceGrpc$RaftServerProtocolServiceBlockingStub.requestVote(RaftServerProtocolServiceGrpc.java:265)
	at org.apache.ratis.grpc.server.GrpcServerProtocolClient.requestVote(GrpcServerProtocolClient.java:90)
	at org.apache.ratis.grpc.server.GrpcService.requestVote(GrpcService.java:204)
	at org.apache.ratis.server.impl.LeaderElection.lambda$submitRequests$1(LeaderElection.java:238)
	at java.util.concurrent.FutureTask.run(FutureTask.java:266)
	at java.util.concurrent.Executors$RunnableAdapter.call(Executors.java:511)
	at java.util.concurrent.FutureTask.run(FutureTask.java:266)
	at java.util.concurrent.ThreadPoolExecutor.runWorker(ThreadPoolExecutor.java:1149)
	at java.util.concurrent.ThreadPoolExecutor$Worker.run(ThreadPoolExecutor.java:624)
	... 1 more
Caused by: org.apache.ratis.thirdparty.io.netty.channel.AbstractChannel$AnnotatedConnectException: Connection refused: /192.168.36.126:37960
	at sun.nio.ch.SocketChannelImpl.checkConnect(Native Method)
	at sun.nio.ch.SocketChannelImpl.finishConnect(SocketChannelImpl.java:717)
	at org.apache.ratis.thirdparty.io.netty.channel.socket.nio.NioSocketChannel.doFinishConnect(NioSocketChannel.java:327)
	at org.apache.ratis.thirdparty.io.netty.channel.nio.AbstractNioChannel$AbstractNioUnsafe.finishConnect(AbstractNioChannel.java:340)
	at org.apache.ratis.thirdparty.io.netty.channel.nio.NioEventLoop.processSelectedKey(NioEventLoop.java:632)
	at org.apache.ratis.thirdparty.io.netty.channel.nio.NioEventLoop.processSelectedKeysOptimized(NioEventLoop.java:579)
	at org.apache.ratis.thirdparty.io.netty.channel.nio.NioEventLoop.processSelectedKeys(NioEventLoop.java:496)
	at org.apache.ratis.thirdparty.io.netty.channel.nio.NioEventLoop.run(NioEventLoop.java:458)
	at org.apache.ratis.thirdparty.io.netty.util.concurrent.SingleThreadEventExecutor$5.run(SingleThreadEventExecutor.java:897)
	at org.apache.ratis.thirdparty.io.netty.util.concurrent.FastThreadLocalRunnable.run(FastThreadLocalRunnable.java:30)
	... 1 more
Caused by: java.net.ConnectException: Connection refused
	... 11 more
2019-09-25 05:31:57,005 [5c3318fc-c419-4298-b427-bf5a9ca27bf0@group-059250D1A272:LeaderElection203] INFO  impl.LeaderElection (LeaderElection.java:logAndReturn(56)) - 5c3318fc-c419-4298-b427-bf5a9ca27bf0@group-059250D1A272:LeaderElection203: Election REJECTED; received 0 response(s) [] and 2 exception(s); 5c3318fc-c419-4298-b427-bf5a9ca27bf0@group-059250D1A272:t15, leader=null, voted=5c3318fc-c419-4298-b427-bf5a9ca27bf0, raftlog=5c3318fc-c419-4298-b427-bf5a9ca27bf0@group-059250D1A272-SegmentedRaftLog:OPENED:c-1,f-1,i0, conf=-1: [5c3318fc-c419-4298-b427-bf5a9ca27bf0:192.168.36.126:46795, 61946a22-29ed-4e77-8449-fae4cd9869e9:192.168.36.126:36814, 0d4a37ed-4cec-423a-a360-e4a879eb6bc0:192.168.36.126:37817], old=null
2019-09-25 05:31:57,004 [f9c12371-c091-4b4a-8db2-6f0db97bbab3@group-43825EC81F5D:LeaderElection201] INFO  impl.LeaderElection (LeaderElection.java:logAndReturn(56)) - f9c12371-c091-4b4a-8db2-6f0db97bbab3@group-43825EC81F5D:LeaderElection201: Election REJECTED; received 1 response(s) [f9c12371-c091-4b4a-8db2-6f0db97bbab3<-a58d7528-614e-4c39-a3a3-38beaa9905aa#0:FAIL-t9] and 1 exception(s); f9c12371-c091-4b4a-8db2-6f0db97bbab3@group-43825EC81F5D:t9, leader=null, voted=f9c12371-c091-4b4a-8db2-6f0db97bbab3, raftlog=f9c12371-c091-4b4a-8db2-6f0db97bbab3@group-43825EC81F5D-SegmentedRaftLog:OPENED:c-1,f-1,i0, conf=-1: [a58d7528-614e-4c39-a3a3-38beaa9905aa:192.168.36.126:37942, f9c12371-c091-4b4a-8db2-6f0db97bbab3:192.168.36.126:46560, ce8ac917-2646-4112-adf7-d577593fabcb:192.168.36.126:37960], old=null
2019-09-25 05:31:57,006 [f9c12371-c091-4b4a-8db2-6f0db97bbab3@group-43825EC81F5D:LeaderElection201] INFO  impl.LeaderElection (LogUtils.java:infoOrTrace(149)) -   Exception 0: {}
java.util.concurrent.ExecutionException: org.apache.ratis.thirdparty.io.grpc.StatusRuntimeException: UNAVAILABLE: io exception
	at java.util.concurrent.FutureTask.report(FutureTask.java:122)
	at java.util.concurrent.FutureTask.get(FutureTask.java:192)
	at org.apache.ratis.server.impl.LeaderElection.waitForResults(LeaderElection.java:263)
	at org.apache.ratis.server.impl.LeaderElection.askForVotes(LeaderElection.java:201)
	at org.apache.ratis.server.impl.LeaderElection.run(LeaderElection.java:133)
	at java.lang.Thread.run(Thread.java:748)
Caused by: org.apache.ratis.thirdparty.io.grpc.StatusRuntimeException: UNAVAILABLE: io exception
	at org.apache.ratis.thirdparty.io.grpc.stub.ClientCalls.toStatusRuntimeException(ClientCalls.java:233)
	at org.apache.ratis.thirdparty.io.grpc.stub.ClientCalls.getUnchecked(ClientCalls.java:214)
	at org.apache.ratis.thirdparty.io.grpc.stub.ClientCalls.blockingUnaryCall(ClientCalls.java:139)
	at org.apache.ratis.proto.grpc.RaftServerProtocolServiceGrpc$RaftServerProtocolServiceBlockingStub.requestVote(RaftServerProtocolServiceGrpc.java:265)
	at org.apache.ratis.grpc.server.GrpcServerProtocolClient.requestVote(GrpcServerProtocolClient.java:90)
	at org.apache.ratis.grpc.server.GrpcService.requestVote(GrpcService.java:204)
	at org.apache.ratis.server.impl.LeaderElection.lambda$submitRequests$1(LeaderElection.java:238)
	at java.util.concurrent.FutureTask.run(FutureTask.java:266)
	at java.util.concurrent.Executors$RunnableAdapter.call(Executors.java:511)
	at java.util.concurrent.FutureTask.run(FutureTask.java:266)
	at java.util.concurrent.ThreadPoolExecutor.runWorker(ThreadPoolExecutor.java:1149)
	at java.util.concurrent.ThreadPoolExecutor$Worker.run(ThreadPoolExecutor.java:624)
	... 1 more
Caused by: org.apache.ratis.thirdparty.io.netty.channel.AbstractChannel$AnnotatedConnectException: Connection refused: /192.168.36.126:37960
	at sun.nio.ch.SocketChannelImpl.checkConnect(Native Method)
	at sun.nio.ch.SocketChannelImpl.finishConnect(SocketChannelImpl.java:717)
	at org.apache.ratis.thirdparty.io.netty.channel.socket.nio.NioSocketChannel.doFinishConnect(NioSocketChannel.java:327)
	at org.apache.ratis.thirdparty.io.netty.channel.nio.AbstractNioChannel$AbstractNioUnsafe.finishConnect(AbstractNioChannel.java:340)
	at org.apache.ratis.thirdparty.io.netty.channel.nio.NioEventLoop.processSelectedKey(NioEventLoop.java:632)
	at org.apache.ratis.thirdparty.io.netty.channel.nio.NioEventLoop.processSelectedKeysOptimized(NioEventLoop.java:579)
	at org.apache.ratis.thirdparty.io.netty.channel.nio.NioEventLoop.processSelectedKeys(NioEventLoop.java:496)
	at org.apache.ratis.thirdparty.io.netty.channel.nio.NioEventLoop.run(NioEventLoop.java:458)
	at org.apache.ratis.thirdparty.io.netty.util.concurrent.SingleThreadEventExecutor$5.run(SingleThreadEventExecutor.java:897)
	at org.apache.ratis.thirdparty.io.netty.util.concurrent.FastThreadLocalRunnable.run(FastThreadLocalRunnable.java:30)
	... 1 more
Caused by: java.net.ConnectException: Connection refused
	... 11 more
2019-09-25 05:31:57,003 [f9c12371-c091-4b4a-8db2-6f0db97bbab3@group-0EC8D23D101B:LeaderElection204] INFO  impl.LeaderElection (LeaderElection.java:logAndReturn(56)) - f9c12371-c091-4b4a-8db2-6f0db97bbab3@group-0EC8D23D101B:LeaderElection204: Election REJECTED; received 1 response(s) [f9c12371-c091-4b4a-8db2-6f0db97bbab3<-a58d7528-614e-4c39-a3a3-38beaa9905aa#0:FAIL-t13] and 1 exception(s); f9c12371-c091-4b4a-8db2-6f0db97bbab3@group-0EC8D23D101B:t13, leader=null, voted=f9c12371-c091-4b4a-8db2-6f0db97bbab3, raftlog=f9c12371-c091-4b4a-8db2-6f0db97bbab3@group-0EC8D23D101B-SegmentedRaftLog:OPENED:c-1,f-1,i0, conf=-1: [a58d7528-614e-4c39-a3a3-38beaa9905aa:192.168.36.126:37942, f9c12371-c091-4b4a-8db2-6f0db97bbab3:192.168.36.126:46560, ce8ac917-2646-4112-adf7-d577593fabcb:192.168.36.126:37960], old=null
2019-09-25 05:31:57,003 [f9c12371-c091-4b4a-8db2-6f0db97bbab3@group-AEFF648B0F59:LeaderElection202] INFO  impl.LeaderElection (LeaderElection.java:logAndReturn(56)) - f9c12371-c091-4b4a-8db2-6f0db97bbab3@group-AEFF648B0F59:LeaderElection202: Election REJECTED; received 1 response(s) [f9c12371-c091-4b4a-8db2-6f0db97bbab3<-a58d7528-614e-4c39-a3a3-38beaa9905aa#0:FAIL-t13] and 1 exception(s); f9c12371-c091-4b4a-8db2-6f0db97bbab3@group-AEFF648B0F59:t13, leader=null, voted=f9c12371-c091-4b4a-8db2-6f0db97bbab3, raftlog=f9c12371-c091-4b4a-8db2-6f0db97bbab3@group-AEFF648B0F59-SegmentedRaftLog:OPENED:c-1,f-1,i0, conf=-1: [a58d7528-614e-4c39-a3a3-38beaa9905aa:192.168.36.126:37942, f9c12371-c091-4b4a-8db2-6f0db97bbab3:192.168.36.126:46560, ce8ac917-2646-4112-adf7-d577593fabcb:192.168.36.126:37960], old=null
2019-09-25 05:31:57,006 [f9c12371-c091-4b4a-8db2-6f0db97bbab3@group-AEFF648B0F59:LeaderElection202] INFO  impl.LeaderElection (LogUtils.java:infoOrTrace(149)) -   Exception 0: {}
java.util.concurrent.ExecutionException: org.apache.ratis.thirdparty.io.grpc.StatusRuntimeException: UNAVAILABLE: io exception
	at java.util.concurrent.FutureTask.report(FutureTask.java:122)
	at java.util.concurrent.FutureTask.get(FutureTask.java:192)
	at org.apache.ratis.server.impl.LeaderElection.waitForResults(LeaderElection.java:263)
	at org.apache.ratis.server.impl.LeaderElection.askForVotes(LeaderElection.java:201)
	at org.apache.ratis.server.impl.LeaderElection.run(LeaderElection.java:133)
	at java.lang.Thread.run(Thread.java:748)
Caused by: org.apache.ratis.thirdparty.io.grpc.StatusRuntimeException: UNAVAILABLE: io exception
	at org.apache.ratis.thirdparty.io.grpc.stub.ClientCalls.toStatusRuntimeException(ClientCalls.java:233)
	at org.apache.ratis.thirdparty.io.grpc.stub.ClientCalls.getUnchecked(ClientCalls.java:214)
	at org.apache.ratis.thirdparty.io.grpc.stub.ClientCalls.blockingUnaryCall(ClientCalls.java:139)
	at org.apache.ratis.proto.grpc.RaftServerProtocolServiceGrpc$RaftServerProtocolServiceBlockingStub.requestVote(RaftServerProtocolServiceGrpc.java:265)
	at org.apache.ratis.grpc.server.GrpcServerProtocolClient.requestVote(GrpcServerProtocolClient.java:90)
	at org.apache.ratis.grpc.server.GrpcService.requestVote(GrpcService.java:204)
	at org.apache.ratis.server.impl.LeaderElection.lambda$submitRequests$1(LeaderElection.java:238)
	at java.util.concurrent.FutureTask.run(FutureTask.java:266)
	at java.util.concurrent.Executors$RunnableAdapter.call(Executors.java:511)
	at java.util.concurrent.FutureTask.run(FutureTask.java:266)
	at java.util.concurrent.ThreadPoolExecutor.runWorker(ThreadPoolExecutor.java:1149)
	at java.util.concurrent.ThreadPoolExecutor$Worker.run(ThreadPoolExecutor.java:624)
	... 1 more
Caused by: org.apache.ratis.thirdparty.io.netty.channel.AbstractChannel$AnnotatedConnectException: Connection refused: /192.168.36.126:37960
	at sun.nio.ch.SocketChannelImpl.checkConnect(Native Method)
	at sun.nio.ch.SocketChannelImpl.finishConnect(SocketChannelImpl.java:717)
	at org.apache.ratis.thirdparty.io.netty.channel.socket.nio.NioSocketChannel.doFinishConnect(NioSocketChannel.java:327)
	at org.apache.ratis.thirdparty.io.netty.channel.nio.AbstractNioChannel$AbstractNioUnsafe.finishConnect(AbstractNioChannel.java:340)
	at org.apache.ratis.thirdparty.io.netty.channel.nio.NioEventLoop.processSelectedKey(NioEventLoop.java:632)
	at org.apache.ratis.thirdparty.io.netty.channel.nio.NioEventLoop.processSelectedKeysOptimized(NioEventLoop.java:579)
	at org.apache.ratis.thirdparty.io.netty.channel.nio.NioEventLoop.processSelectedKeys(NioEventLoop.java:496)
	at org.apache.ratis.thirdparty.io.netty.channel.nio.NioEventLoop.run(NioEventLoop.java:458)
	at org.apache.ratis.thirdparty.io.netty.util.concurrent.SingleThreadEventExecutor$5.run(SingleThreadEventExecutor.java:897)
	at org.apache.ratis.thirdparty.io.netty.util.concurrent.FastThreadLocalRunnable.run(FastThreadLocalRunnable.java:30)
	... 1 more
Caused by: java.net.ConnectException: Connection refused
	... 11 more
2019-09-25 05:31:57,002 [616f9f8f-9479-40f4-8c03-f125dcbf9c7f@group-60724A24602F:LeaderElection199] INFO  impl.LeaderElection (LeaderElection.java:logAndReturn(56)) - 616f9f8f-9479-40f4-8c03-f125dcbf9c7f@group-60724A24602F:LeaderElection199: Election REJECTED; received 0 response(s) [] and 2 exception(s); 616f9f8f-9479-40f4-8c03-f125dcbf9c7f@group-60724A24602F:t15, leader=null, voted=616f9f8f-9479-40f4-8c03-f125dcbf9c7f, raftlog=616f9f8f-9479-40f4-8c03-f125dcbf9c7f@group-60724A24602F-SegmentedRaftLog:OPENED:c-1,f-1,i0, conf=-1: [616f9f8f-9479-40f4-8c03-f125dcbf9c7f:192.168.36.126:39694, e997a993-6131-47bf-96c8-764e04cb5c0e:192.168.36.126:37678, fd2f3f79-5d7b-4d37-bb24-b15dfe7f18d7:192.168.36.126:42280], old=null
2019-09-25 05:31:57,002 [a58d7528-614e-4c39-a3a3-38beaa9905aa@group-43825EC81F5D:LeaderElection200] INFO  impl.LeaderElection (LeaderElection.java:logAndReturn(56)) - a58d7528-614e-4c39-a3a3-38beaa9905aa@group-43825EC81F5D:LeaderElection200: Election REJECTED; received 1 response(s) [a58d7528-614e-4c39-a3a3-38beaa9905aa<-f9c12371-c091-4b4a-8db2-6f0db97bbab3#0:FAIL-t9] and 1 exception(s); a58d7528-614e-4c39-a3a3-38beaa9905aa@group-43825EC81F5D:t9, leader=null, voted=a58d7528-614e-4c39-a3a3-38beaa9905aa, raftlog=a58d7528-614e-4c39-a3a3-38beaa9905aa@group-43825EC81F5D-SegmentedRaftLog:OPENED:c-1,f-1,i0, conf=-1: [a58d7528-614e-4c39-a3a3-38beaa9905aa:192.168.36.126:37942, f9c12371-c091-4b4a-8db2-6f0db97bbab3:192.168.36.126:46560, ce8ac917-2646-4112-adf7-d577593fabcb:192.168.36.126:37960], old=null
2019-09-25 05:31:57,007 [a58d7528-614e-4c39-a3a3-38beaa9905aa@group-43825EC81F5D:LeaderElection200] INFO  impl.LeaderElection (LogUtils.java:infoOrTrace(149)) -   Exception 0: {}
java.util.concurrent.ExecutionException: org.apache.ratis.thirdparty.io.grpc.StatusRuntimeException: UNAVAILABLE: io exception
	at java.util.concurrent.FutureTask.report(FutureTask.java:122)
	at java.util.concurrent.FutureTask.get(FutureTask.java:192)
	at org.apache.ratis.server.impl.LeaderElection.waitForResults(LeaderElection.java:263)
	at org.apache.ratis.server.impl.LeaderElection.askForVotes(LeaderElection.java:201)
	at org.apache.ratis.server.impl.LeaderElection.run(LeaderElection.java:133)
	at java.lang.Thread.run(Thread.java:748)
Caused by: org.apache.ratis.thirdparty.io.grpc.StatusRuntimeException: UNAVAILABLE: io exception
	at org.apache.ratis.thirdparty.io.grpc.stub.ClientCalls.toStatusRuntimeException(ClientCalls.java:233)
	at org.apache.ratis.thirdparty.io.grpc.stub.ClientCalls.getUnchecked(ClientCalls.java:214)
	at org.apache.ratis.thirdparty.io.grpc.stub.ClientCalls.blockingUnaryCall(ClientCalls.java:139)
	at org.apache.ratis.proto.grpc.RaftServerProtocolServiceGrpc$RaftServerProtocolServiceBlockingStub.requestVote(RaftServerProtocolServiceGrpc.java:265)
	at org.apache.ratis.grpc.server.GrpcServerProtocolClient.requestVote(GrpcServerProtocolClient.java:90)
	at org.apache.ratis.grpc.server.GrpcService.requestVote(GrpcService.java:204)
	at org.apache.ratis.server.impl.LeaderElection.lambda$submitRequests$1(LeaderElection.java:238)
	at java.util.concurrent.FutureTask.run(FutureTask.java:266)
	at java.util.concurrent.Executors$RunnableAdapter.call(Executors.java:511)
	at java.util.concurrent.FutureTask.run(FutureTask.java:266)
	at java.util.concurrent.ThreadPoolExecutor.runWorker(ThreadPoolExecutor.java:1149)
	at java.util.concurrent.ThreadPoolExecutor$Worker.run(ThreadPoolExecutor.java:624)
	... 1 more
Caused by: org.apache.ratis.thirdparty.io.netty.channel.AbstractChannel$AnnotatedConnectException: Connection refused: /192.168.36.126:37960
	at sun.nio.ch.SocketChannelImpl.checkConnect(Native Method)
	at sun.nio.ch.SocketChannelImpl.finishConnect(SocketChannelImpl.java:717)
	at org.apache.ratis.thirdparty.io.netty.channel.socket.nio.NioSocketChannel.doFinishConnect(NioSocketChannel.java:327)
	at org.apache.ratis.thirdparty.io.netty.channel.nio.AbstractNioChannel$AbstractNioUnsafe.finishConnect(AbstractNioChannel.java:340)
	at org.apache.ratis.thirdparty.io.netty.channel.nio.NioEventLoop.processSelectedKey(NioEventLoop.java:632)
	at org.apache.ratis.thirdparty.io.netty.channel.nio.NioEventLoop.processSelectedKeysOptimized(NioEventLoop.java:579)
	at org.apache.ratis.thirdparty.io.netty.channel.nio.NioEventLoop.processSelectedKeys(NioEventLoop.java:496)
	at org.apache.ratis.thirdparty.io.netty.channel.nio.NioEventLoop.run(NioEventLoop.java:458)
	at org.apache.ratis.thirdparty.io.netty.util.concurrent.SingleThreadEventExecutor$5.run(SingleThreadEventExecutor.java:897)
	at org.apache.ratis.thirdparty.io.netty.util.concurrent.FastThreadLocalRunnable.run(FastThreadLocalRunnable.java:30)
	... 1 more
Caused by: java.net.ConnectException: Connection refused
	... 11 more
2019-09-25 05:31:57,002 [a58d7528-614e-4c39-a3a3-38beaa9905aa@group-AEFF648B0F59:LeaderElection198] INFO  impl.LeaderElection (LeaderElection.java:logAndReturn(56)) - a58d7528-614e-4c39-a3a3-38beaa9905aa@group-AEFF648B0F59:LeaderElection198: Election REJECTED; received 1 response(s) [a58d7528-614e-4c39-a3a3-38beaa9905aa<-f9c12371-c091-4b4a-8db2-6f0db97bbab3#0:FAIL-t13] and 1 exception(s); a58d7528-614e-4c39-a3a3-38beaa9905aa@group-AEFF648B0F59:t13, leader=null, voted=a58d7528-614e-4c39-a3a3-38beaa9905aa, raftlog=a58d7528-614e-4c39-a3a3-38beaa9905aa@group-AEFF648B0F59-SegmentedRaftLog:OPENED:c-1,f-1,i0, conf=-1: [a58d7528-614e-4c39-a3a3-38beaa9905aa:192.168.36.126:37942, f9c12371-c091-4b4a-8db2-6f0db97bbab3:192.168.36.126:46560, ce8ac917-2646-4112-adf7-d577593fabcb:192.168.36.126:37960], old=null
2019-09-25 05:31:57,001 [5c3318fc-c419-4298-b427-bf5a9ca27bf0@group-21C2C432FD88:LeaderElection205] INFO  impl.LeaderElection (LogUtils.java:infoOrTrace(149)) - 5c3318fc-c419-4298-b427-bf5a9ca27bf0@group-21C2C432FD88:LeaderElection205 got exception when requesting votes: {}
java.util.concurrent.ExecutionException: org.apache.ratis.thirdparty.io.grpc.StatusRuntimeException: UNAVAILABLE: io exception
	at java.util.concurrent.FutureTask.report(FutureTask.java:122)
	at java.util.concurrent.FutureTask.get(FutureTask.java:192)
	at org.apache.ratis.server.impl.LeaderElection.waitForResults(LeaderElection.java:263)
	at org.apache.ratis.server.impl.LeaderElection.askForVotes(LeaderElection.java:201)
	at org.apache.ratis.server.impl.LeaderElection.run(LeaderElection.java:133)
	at java.lang.Thread.run(Thread.java:748)
Caused by: org.apache.ratis.thirdparty.io.grpc.StatusRuntimeException: UNAVAILABLE: io exception
	at org.apache.ratis.thirdparty.io.grpc.stub.ClientCalls.toStatusRuntimeException(ClientCalls.java:233)
	at org.apache.ratis.thirdparty.io.grpc.stub.ClientCalls.getUnchecked(ClientCalls.java:214)
	at org.apache.ratis.thirdparty.io.grpc.stub.ClientCalls.blockingUnaryCall(ClientCalls.java:139)
	at org.apache.ratis.proto.grpc.RaftServerProtocolServiceGrpc$RaftServerProtocolServiceBlockingStub.requestVote(RaftServerProtocolServiceGrpc.java:265)
	at org.apache.ratis.grpc.server.GrpcServerProtocolClient.requestVote(GrpcServerProtocolClient.java:90)
	at org.apache.ratis.grpc.server.GrpcService.requestVote(GrpcService.java:204)
	at org.apache.ratis.server.impl.LeaderElection.lambda$submitRequests$1(LeaderElection.java:238)
	at java.util.concurrent.FutureTask.run(FutureTask.java:266)
	at java.util.concurrent.Executors$RunnableAdapter.call(Executors.java:511)
	at java.util.concurrent.FutureTask.run(FutureTask.java:266)
	at java.util.concurrent.ThreadPoolExecutor.runWorker(ThreadPoolExecutor.java:1149)
	at java.util.concurrent.ThreadPoolExecutor$Worker.run(ThreadPoolExecutor.java:624)
	... 1 more
Caused by: org.apache.ratis.thirdparty.io.netty.channel.AbstractChannel$AnnotatedConnectException: Connection refused: /192.168.36.126:37817
	at sun.nio.ch.SocketChannelImpl.checkConnect(Native Method)
	at sun.nio.ch.SocketChannelImpl.finishConnect(SocketChannelImpl.java:717)
	at org.apache.ratis.thirdparty.io.netty.channel.socket.nio.NioSocketChannel.doFinishConnect(NioSocketChannel.java:327)
	at org.apache.ratis.thirdparty.io.netty.channel.nio.AbstractNioChannel$AbstractNioUnsafe.finishConnect(AbstractNioChannel.java:340)
	at org.apache.ratis.thirdparty.io.netty.channel.nio.NioEventLoop.processSelectedKey(NioEventLoop.java:632)
	at org.apache.ratis.thirdparty.io.netty.channel.nio.NioEventLoop.processSelectedKeysOptimized(NioEventLoop.java:579)
	at org.apache.ratis.thirdparty.io.netty.channel.nio.NioEventLoop.processSelectedKeys(NioEventLoop.java:496)
	at org.apache.ratis.thirdparty.io.netty.channel.nio.NioEventLoop.run(NioEventLoop.java:458)
	at org.apache.ratis.thirdparty.io.netty.util.concurrent.SingleThreadEventExecutor$5.run(SingleThreadEventExecutor.java:897)
	at org.apache.ratis.thirdparty.io.netty.util.concurrent.FastThreadLocalRunnable.run(FastThreadLocalRunnable.java:30)
	... 1 more
Caused by: java.net.ConnectException: Connection refused
	... 11 more
2019-09-25 05:31:57,008 [a58d7528-614e-4c39-a3a3-38beaa9905aa@group-AEFF648B0F59:LeaderElection198] INFO  impl.LeaderElection (LogUtils.java:infoOrTrace(149)) -   Exception 0: {}
java.util.concurrent.ExecutionException: org.apache.ratis.thirdparty.io.grpc.StatusRuntimeException: UNAVAILABLE: io exception
	at java.util.concurrent.FutureTask.report(FutureTask.java:122)
	at java.util.concurrent.FutureTask.get(FutureTask.java:192)
	at org.apache.ratis.server.impl.LeaderElection.waitForResults(LeaderElection.java:263)
	at org.apache.ratis.server.impl.LeaderElection.askForVotes(LeaderElection.java:201)
	at org.apache.ratis.server.impl.LeaderElection.run(LeaderElection.java:133)
	at java.lang.Thread.run(Thread.java:748)
Caused by: org.apache.ratis.thirdparty.io.grpc.StatusRuntimeException: UNAVAILABLE: io exception
	at org.apache.ratis.thirdparty.io.grpc.stub.ClientCalls.toStatusRuntimeException(ClientCalls.java:233)
	at org.apache.ratis.thirdparty.io.grpc.stub.ClientCalls.getUnchecked(ClientCalls.java:214)
	at org.apache.ratis.thirdparty.io.grpc.stub.ClientCalls.blockingUnaryCall(ClientCalls.java:139)
	at org.apache.ratis.proto.grpc.RaftServerProtocolServiceGrpc$RaftServerProtocolServiceBlockingStub.requestVote(RaftServerProtocolServiceGrpc.java:265)
	at org.apache.ratis.grpc.server.GrpcServerProtocolClient.requestVote(GrpcServerProtocolClient.java:90)
	at org.apache.ratis.grpc.server.GrpcService.requestVote(GrpcService.java:204)
	at org.apache.ratis.server.impl.LeaderElection.lambda$submitRequests$1(LeaderElection.java:238)
	at java.util.concurrent.FutureTask.run(FutureTask.java:266)
	at java.util.concurrent.Executors$RunnableAdapter.call(Executors.java:511)
	at java.util.concurrent.FutureTask.run(FutureTask.java:266)
	at java.util.concurrent.ThreadPoolExecutor.runWorker(ThreadPoolExecutor.java:1149)
	at java.util.concurrent.ThreadPoolExecutor$Worker.run(ThreadPoolExecutor.java:624)
	... 1 more
Caused by: org.apache.ratis.thirdparty.io.netty.channel.AbstractChannel$AnnotatedConnectException: Connection refused: /192.168.36.126:37960
	at sun.nio.ch.SocketChannelImpl.checkConnect(Native Method)
	at sun.nio.ch.SocketChannelImpl.finishConnect(SocketChannelImpl.java:717)
	at org.apache.ratis.thirdparty.io.netty.channel.socket.nio.NioSocketChannel.doFinishConnect(NioSocketChannel.java:327)
	at org.apache.ratis.thirdparty.io.netty.channel.nio.AbstractNioChannel$AbstractNioUnsafe.finishConnect(AbstractNioChannel.java:340)
	at org.apache.ratis.thirdparty.io.netty.channel.nio.NioEventLoop.processSelectedKey(NioEventLoop.java:632)
	at org.apache.ratis.thirdparty.io.netty.channel.nio.NioEventLoop.processSelectedKeysOptimized(NioEventLoop.java:579)
	at org.apache.ratis.thirdparty.io.netty.channel.nio.NioEventLoop.processSelectedKeys(NioEventLoop.java:496)
	at org.apache.ratis.thirdparty.io.netty.channel.nio.NioEventLoop.run(NioEventLoop.java:458)
	at org.apache.ratis.thirdparty.io.netty.util.concurrent.SingleThreadEventExecutor$5.run(SingleThreadEventExecutor.java:897)
	at org.apache.ratis.thirdparty.io.netty.util.concurrent.FastThreadLocalRunnable.run(FastThreadLocalRunnable.java:30)
	... 1 more
Caused by: java.net.ConnectException: Connection refused
	... 11 more
2019-09-25 05:31:57,008 [a58d7528-614e-4c39-a3a3-38beaa9905aa@group-43825EC81F5D:LeaderElection200] INFO  impl.RaftServerImpl (RaftServerImpl.java:setRole(174)) - a58d7528-614e-4c39-a3a3-38beaa9905aa@group-43825EC81F5D: changes role from CANDIDATE to FOLLOWER at term 9 for DISCOVERED_A_NEW_TERM
2019-09-25 05:31:57,007 [616f9f8f-9479-40f4-8c03-f125dcbf9c7f@group-60724A24602F:LeaderElection199] INFO  impl.LeaderElection (LogUtils.java:infoOrTrace(149)) -   Exception 0: {}
java.util.concurrent.ExecutionException: org.apache.ratis.thirdparty.io.grpc.StatusRuntimeException: UNAVAILABLE: io exception
	at java.util.concurrent.FutureTask.report(FutureTask.java:122)
	at java.util.concurrent.FutureTask.get(FutureTask.java:192)
	at org.apache.ratis.server.impl.LeaderElection.waitForResults(LeaderElection.java:263)
	at org.apache.ratis.server.impl.LeaderElection.askForVotes(LeaderElection.java:201)
	at org.apache.ratis.server.impl.LeaderElection.run(LeaderElection.java:133)
	at java.lang.Thread.run(Thread.java:748)
Caused by: org.apache.ratis.thirdparty.io.grpc.StatusRuntimeException: UNAVAILABLE: io exception
	at org.apache.ratis.thirdparty.io.grpc.stub.ClientCalls.toStatusRuntimeException(ClientCalls.java:233)
	at org.apache.ratis.thirdparty.io.grpc.stub.ClientCalls.getUnchecked(ClientCalls.java:214)
	at org.apache.ratis.thirdparty.io.grpc.stub.ClientCalls.blockingUnaryCall(ClientCalls.java:139)
	at org.apache.ratis.proto.grpc.RaftServerProtocolServiceGrpc$RaftServerProtocolServiceBlockingStub.requestVote(RaftServerProtocolServiceGrpc.java:265)
	at org.apache.ratis.grpc.server.GrpcServerProtocolClient.requestVote(GrpcServerProtocolClient.java:90)
	at org.apache.ratis.grpc.server.GrpcService.requestVote(GrpcService.java:204)
	at org.apache.ratis.server.impl.LeaderElection.lambda$submitRequests$1(LeaderElection.java:238)
	at java.util.concurrent.FutureTask.run(FutureTask.java:266)
	at java.util.concurrent.Executors$RunnableAdapter.call(Executors.java:511)
	at java.util.concurrent.FutureTask.run(FutureTask.java:266)
	at java.util.concurrent.ThreadPoolExecutor.runWorker(ThreadPoolExecutor.java:1149)
	at java.util.concurrent.ThreadPoolExecutor$Worker.run(ThreadPoolExecutor.java:624)
	... 1 more
Caused by: org.apache.ratis.thirdparty.io.netty.channel.AbstractChannel$AnnotatedConnectException: Connection refused: /192.168.36.126:42280
	at sun.nio.ch.SocketChannelImpl.checkConnect(Native Method)
	at sun.nio.ch.SocketChannelImpl.finishConnect(SocketChannelImpl.java:717)
	at org.apache.ratis.thirdparty.io.netty.channel.socket.nio.NioSocketChannel.doFinishConnect(NioSocketChannel.java:327)
	at org.apache.ratis.thirdparty.io.netty.channel.nio.AbstractNioChannel$AbstractNioUnsafe.finishConnect(AbstractNioChannel.java:340)
	at org.apache.ratis.thirdparty.io.netty.channel.nio.NioEventLoop.processSelectedKey(NioEventLoop.java:632)
	at org.apache.ratis.thirdparty.io.netty.channel.nio.NioEventLoop.processSelectedKeysOptimized(NioEventLoop.java:579)
	at org.apache.ratis.thirdparty.io.netty.channel.nio.NioEventLoop.processSelectedKeys(NioEventLoop.java:496)
	at org.apache.ratis.thirdparty.io.netty.channel.nio.NioEventLoop.run(NioEventLoop.java:458)
	at org.apache.ratis.thirdparty.io.netty.util.concurrent.SingleThreadEventExecutor$5.run(SingleThreadEventExecutor.java:897)
	at org.apache.ratis.thirdparty.io.netty.util.concurrent.FastThreadLocalRunnable.run(FastThreadLocalRunnable.java:30)
	... 1 more
Caused by: java.net.ConnectException: Connection refused
	... 11 more
2019-09-25 05:31:57,007 [f9c12371-c091-4b4a-8db2-6f0db97bbab3@group-AEFF648B0F59:LeaderElection202] INFO  impl.RaftServerImpl (RaftServerImpl.java:setRole(174)) - f9c12371-c091-4b4a-8db2-6f0db97bbab3@group-AEFF648B0F59: changes role from CANDIDATE to FOLLOWER at term 13 for DISCOVERED_A_NEW_TERM
2019-09-25 05:31:57,006 [f9c12371-c091-4b4a-8db2-6f0db97bbab3@group-0EC8D23D101B:LeaderElection204] INFO  impl.LeaderElection (LogUtils.java:infoOrTrace(149)) -   Exception 0: {}
java.util.concurrent.ExecutionException: org.apache.ratis.thirdparty.io.grpc.StatusRuntimeException: UNAVAILABLE: io exception
	at java.util.concurrent.FutureTask.report(FutureTask.java:122)
	at java.util.concurrent.FutureTask.get(FutureTask.java:192)
	at org.apache.ratis.server.impl.LeaderElection.waitForResults(LeaderElection.java:263)
	at org.apache.ratis.server.impl.LeaderElection.askForVotes(LeaderElection.java:201)
	at org.apache.ratis.server.impl.LeaderElection.run(LeaderElection.java:133)
	at java.lang.Thread.run(Thread.java:748)
Caused by: org.apache.ratis.thirdparty.io.grpc.StatusRuntimeException: UNAVAILABLE: io exception
	at org.apache.ratis.thirdparty.io.grpc.stub.ClientCalls.toStatusRuntimeException(ClientCalls.java:233)
	at org.apache.ratis.thirdparty.io.grpc.stub.ClientCalls.getUnchecked(ClientCalls.java:214)
	at org.apache.ratis.thirdparty.io.grpc.stub.ClientCalls.blockingUnaryCall(ClientCalls.java:139)
	at org.apache.ratis.proto.grpc.RaftServerProtocolServiceGrpc$RaftServerProtocolServiceBlockingStub.requestVote(RaftServerProtocolServiceGrpc.java:265)
	at org.apache.ratis.grpc.server.GrpcServerProtocolClient.requestVote(GrpcServerProtocolClient.java:90)
	at org.apache.ratis.grpc.server.GrpcService.requestVote(GrpcService.java:204)
	at org.apache.ratis.server.impl.LeaderElection.lambda$submitRequests$1(LeaderElection.java:238)
	at java.util.concurrent.FutureTask.run(FutureTask.java:266)
	at java.util.concurrent.Executors$RunnableAdapter.call(Executors.java:511)
	at java.util.concurrent.FutureTask.run(FutureTask.java:266)
	at java.util.concurrent.ThreadPoolExecutor.runWorker(ThreadPoolExecutor.java:1149)
	at java.util.concurrent.ThreadPoolExecutor$Worker.run(ThreadPoolExecutor.java:624)
	... 1 more
Caused by: org.apache.ratis.thirdparty.io.netty.channel.AbstractChannel$AnnotatedConnectException: Connection refused: /192.168.36.126:37960
	at sun.nio.ch.SocketChannelImpl.checkConnect(Native Method)
	at sun.nio.ch.SocketChannelImpl.finishConnect(SocketChannelImpl.java:717)
	at org.apache.ratis.thirdparty.io.netty.channel.socket.nio.NioSocketChannel.doFinishConnect(NioSocketChannel.java:327)
	at org.apache.ratis.thirdparty.io.netty.channel.nio.AbstractNioChannel$AbstractNioUnsafe.finishConnect(AbstractNioChannel.java:340)
	at org.apache.ratis.thirdparty.io.netty.channel.nio.NioEventLoop.processSelectedKey(NioEventLoop.java:632)
	at org.apache.ratis.thirdparty.io.netty.channel.nio.NioEventLoop.processSelectedKeysOptimized(NioEventLoop.java:579)
	at org.apache.ratis.thirdparty.io.netty.channel.nio.NioEventLoop.processSelectedKeys(NioEventLoop.java:496)
	at org.apache.ratis.thirdparty.io.netty.channel.nio.NioEventLoop.run(NioEventLoop.java:458)
	at org.apache.ratis.thirdparty.io.netty.util.concurrent.SingleThreadEventExecutor$5.run(SingleThreadEventExecutor.java:897)
	at org.apache.ratis.thirdparty.io.netty.util.concurrent.FastThreadLocalRunnable.run(FastThreadLocalRunnable.java:30)
	... 1 more
Caused by: java.net.ConnectException: Connection refused
	... 11 more
2019-09-25 05:31:57,006 [f9c12371-c091-4b4a-8db2-6f0db97bbab3@group-43825EC81F5D:LeaderElection201] INFO  impl.RaftServerImpl (RaftServerImpl.java:setRole(174)) - f9c12371-c091-4b4a-8db2-6f0db97bbab3@group-43825EC81F5D: changes role from CANDIDATE to FOLLOWER at term 9 for DISCOVERED_A_NEW_TERM
2019-09-25 05:31:57,005 [5c3318fc-c419-4298-b427-bf5a9ca27bf0@group-059250D1A272:LeaderElection203] INFO  impl.LeaderElection (LogUtils.java:infoOrTrace(149)) -   Exception 0: {}
java.util.concurrent.ExecutionException: org.apache.ratis.thirdparty.io.grpc.StatusRuntimeException: UNAVAILABLE: io exception
	at java.util.concurrent.FutureTask.report(FutureTask.java:122)
	at java.util.concurrent.FutureTask.get(FutureTask.java:192)
	at org.apache.ratis.server.impl.LeaderElection.waitForResults(LeaderElection.java:263)
	at org.apache.ratis.server.impl.LeaderElection.askForVotes(LeaderElection.java:201)
	at org.apache.ratis.server.impl.LeaderElection.run(LeaderElection.java:133)
	at java.lang.Thread.run(Thread.java:748)
Caused by: org.apache.ratis.thirdparty.io.grpc.StatusRuntimeException: UNAVAILABLE: io exception
	at org.apache.ratis.thirdparty.io.grpc.stub.ClientCalls.toStatusRuntimeException(ClientCalls.java:233)
	at org.apache.ratis.thirdparty.io.grpc.stub.ClientCalls.getUnchecked(ClientCalls.java:214)
	at org.apache.ratis.thirdparty.io.grpc.stub.ClientCalls.blockingUnaryCall(ClientCalls.java:139)
	at org.apache.ratis.proto.grpc.RaftServerProtocolServiceGrpc$RaftServerProtocolServiceBlockingStub.requestVote(RaftServerProtocolServiceGrpc.java:265)
	at org.apache.ratis.grpc.server.GrpcServerProtocolClient.requestVote(GrpcServerProtocolClient.java:90)
	at org.apache.ratis.grpc.server.GrpcService.requestVote(GrpcService.java:204)
	at org.apache.ratis.server.impl.LeaderElection.lambda$submitRequests$1(LeaderElection.java:238)
	at java.util.concurrent.FutureTask.run(FutureTask.java:266)
	at java.util.concurrent.Executors$RunnableAdapter.call(Executors.java:511)
	at java.util.concurrent.FutureTask.run(FutureTask.java:266)
	at java.util.concurrent.ThreadPoolExecutor.runWorker(ThreadPoolExecutor.java:1149)
	at java.util.concurrent.ThreadPoolExecutor$Worker.run(ThreadPoolExecutor.java:624)
	... 1 more
Caused by: org.apache.ratis.thirdparty.io.netty.channel.AbstractChannel$AnnotatedConnectException: Connection refused: /192.168.36.126:36814
	at sun.nio.ch.SocketChannelImpl.checkConnect(Native Method)
	at sun.nio.ch.SocketChannelImpl.finishConnect(SocketChannelImpl.java:717)
	at org.apache.ratis.thirdparty.io.netty.channel.socket.nio.NioSocketChannel.doFinishConnect(NioSocketChannel.java:327)
	at org.apache.ratis.thirdparty.io.netty.channel.nio.AbstractNioChannel$AbstractNioUnsafe.finishConnect(AbstractNioChannel.java:340)
	at org.apache.ratis.thirdparty.io.netty.channel.nio.NioEventLoop.processSelectedKey(NioEventLoop.java:632)
	at org.apache.ratis.thirdparty.io.netty.channel.nio.NioEventLoop.processSelectedKeysOptimized(NioEventLoop.java:579)
	at org.apache.ratis.thirdparty.io.netty.channel.nio.NioEventLoop.processSelectedKeys(NioEventLoop.java:496)
	at org.apache.ratis.thirdparty.io.netty.channel.nio.NioEventLoop.run(NioEventLoop.java:458)
	at org.apache.ratis.thirdparty.io.netty.util.concurrent.SingleThreadEventExecutor$5.run(SingleThreadEventExecutor.java:897)
	at org.apache.ratis.thirdparty.io.netty.util.concurrent.FastThreadLocalRunnable.run(FastThreadLocalRunnable.java:30)
	... 1 more
Caused by: java.net.ConnectException: Connection refused
	... 11 more
2019-09-25 05:31:57,005 [a58d7528-614e-4c39-a3a3-38beaa9905aa@group-0EC8D23D101B:LeaderElection206] INFO  impl.LeaderElection (LeaderElection.java:logAndReturn(56)) - a58d7528-614e-4c39-a3a3-38beaa9905aa@group-0EC8D23D101B:LeaderElection206: Election REJECTED; received 1 response(s) [a58d7528-614e-4c39-a3a3-38beaa9905aa<-f9c12371-c091-4b4a-8db2-6f0db97bbab3#0:FAIL-t13] and 1 exception(s); a58d7528-614e-4c39-a3a3-38beaa9905aa@group-0EC8D23D101B:t13, leader=null, voted=a58d7528-614e-4c39-a3a3-38beaa9905aa, raftlog=a58d7528-614e-4c39-a3a3-38beaa9905aa@group-0EC8D23D101B-SegmentedRaftLog:OPENED:c-1,f-1,i0, conf=-1: [a58d7528-614e-4c39-a3a3-38beaa9905aa:192.168.36.126:37942, f9c12371-c091-4b4a-8db2-6f0db97bbab3:192.168.36.126:46560, ce8ac917-2646-4112-adf7-d577593fabcb:192.168.36.126:37960], old=null
2019-09-25 05:31:57,010 [5c3318fc-c419-4298-b427-bf5a9ca27bf0@group-059250D1A272:LeaderElection203] INFO  impl.LeaderElection (LogUtils.java:infoOrTrace(149)) -   Exception 1: {}
java.util.concurrent.ExecutionException: org.apache.ratis.thirdparty.io.grpc.StatusRuntimeException: UNAVAILABLE: io exception
	at java.util.concurrent.FutureTask.report(FutureTask.java:122)
	at java.util.concurrent.FutureTask.get(FutureTask.java:192)
	at org.apache.ratis.server.impl.LeaderElection.waitForResults(LeaderElection.java:263)
	at org.apache.ratis.server.impl.LeaderElection.askForVotes(LeaderElection.java:201)
	at org.apache.ratis.server.impl.LeaderElection.run(LeaderElection.java:133)
	at java.lang.Thread.run(Thread.java:748)
Caused by: org.apache.ratis.thirdparty.io.grpc.StatusRuntimeException: UNAVAILABLE: io exception
	at org.apache.ratis.thirdparty.io.grpc.stub.ClientCalls.toStatusRuntimeException(ClientCalls.java:233)
	at org.apache.ratis.thirdparty.io.grpc.stub.ClientCalls.getUnchecked(ClientCalls.java:214)
	at org.apache.ratis.thirdparty.io.grpc.stub.ClientCalls.blockingUnaryCall(ClientCalls.java:139)
	at org.apache.ratis.proto.grpc.RaftServerProtocolServiceGrpc$RaftServerProtocolServiceBlockingStub.requestVote(RaftServerProtocolServiceGrpc.java:265)
	at org.apache.ratis.grpc.server.GrpcServerProtocolClient.requestVote(GrpcServerProtocolClient.java:90)
	at org.apache.ratis.grpc.server.GrpcService.requestVote(GrpcService.java:204)
	at org.apache.ratis.server.impl.LeaderElection.lambda$submitRequests$1(LeaderElection.java:238)
	at java.util.concurrent.FutureTask.run(FutureTask.java:266)
	at java.util.concurrent.Executors$RunnableAdapter.call(Executors.java:511)
	at java.util.concurrent.FutureTask.run(FutureTask.java:266)
	at java.util.concurrent.ThreadPoolExecutor.runWorker(ThreadPoolExecutor.java:1149)
	at java.util.concurrent.ThreadPoolExecutor$Worker.run(ThreadPoolExecutor.java:624)
	... 1 more
Caused by: org.apache.ratis.thirdparty.io.netty.channel.AbstractChannel$AnnotatedConnectException: Connection refused: /192.168.36.126:37817
	at sun.nio.ch.SocketChannelImpl.checkConnect(Native Method)
	at sun.nio.ch.SocketChannelImpl.finishConnect(SocketChannelImpl.java:717)
	at org.apache.ratis.thirdparty.io.netty.channel.socket.nio.NioSocketChannel.doFinishConnect(NioSocketChannel.java:327)
	at org.apache.ratis.thirdparty.io.netty.channel.nio.AbstractNioChannel$AbstractNioUnsafe.finishConnect(AbstractNioChannel.java:340)
	at org.apache.ratis.thirdparty.io.netty.channel.nio.NioEventLoop.processSelectedKey(NioEventLoop.java:632)
	at org.apache.ratis.thirdparty.io.netty.channel.nio.NioEventLoop.processSelectedKeysOptimized(NioEventLoop.java:579)
	at org.apache.ratis.thirdparty.io.netty.channel.nio.NioEventLoop.processSelectedKeys(NioEventLoop.java:496)
	at org.apache.ratis.thirdparty.io.netty.channel.nio.NioEventLoop.run(NioEventLoop.java:458)
	at org.apache.ratis.thirdparty.io.netty.util.concurrent.SingleThreadEventExecutor$5.run(SingleThreadEventExecutor.java:897)
	at org.apache.ratis.thirdparty.io.netty.util.concurrent.FastThreadLocalRunnable.run(FastThreadLocalRunnable.java:30)
	... 1 more
Caused by: java.net.ConnectException: Connection refused
	... 11 more
2019-09-25 05:31:57,010 [f9c12371-c091-4b4a-8db2-6f0db97bbab3@group-43825EC81F5D:LeaderElection201] INFO  impl.RoleInfo (RoleInfo.java:shutdownLeaderElection(134)) - f9c12371-c091-4b4a-8db2-6f0db97bbab3: shutdown LeaderElection
2019-09-25 05:31:57,010 [f9c12371-c091-4b4a-8db2-6f0db97bbab3@group-0EC8D23D101B:LeaderElection204] INFO  impl.RaftServerImpl (RaftServerImpl.java:setRole(174)) - f9c12371-c091-4b4a-8db2-6f0db97bbab3@group-0EC8D23D101B: changes role from CANDIDATE to FOLLOWER at term 13 for DISCOVERED_A_NEW_TERM
2019-09-25 05:31:57,011 [f9c12371-c091-4b4a-8db2-6f0db97bbab3@group-0EC8D23D101B:LeaderElection204] INFO  impl.RoleInfo (RoleInfo.java:shutdownLeaderElection(134)) - f9c12371-c091-4b4a-8db2-6f0db97bbab3: shutdown LeaderElection
2019-09-25 05:31:57,009 [f9c12371-c091-4b4a-8db2-6f0db97bbab3@group-AEFF648B0F59:LeaderElection202] INFO  impl.RoleInfo (RoleInfo.java:shutdownLeaderElection(134)) - f9c12371-c091-4b4a-8db2-6f0db97bbab3: shutdown LeaderElection
2019-09-25 05:31:57,009 [616f9f8f-9479-40f4-8c03-f125dcbf9c7f@group-60724A24602F:LeaderElection199] INFO  impl.LeaderElection (LogUtils.java:infoOrTrace(149)) -   Exception 1: {}
java.util.concurrent.ExecutionException: org.apache.ratis.thirdparty.io.grpc.StatusRuntimeException: UNAVAILABLE: io exception
	at java.util.concurrent.FutureTask.report(FutureTask.java:122)
	at java.util.concurrent.FutureTask.get(FutureTask.java:192)
	at org.apache.ratis.server.impl.LeaderElection.waitForResults(LeaderElection.java:263)
	at org.apache.ratis.server.impl.LeaderElection.askForVotes(LeaderElection.java:201)
	at org.apache.ratis.server.impl.LeaderElection.run(LeaderElection.java:133)
	at java.lang.Thread.run(Thread.java:748)
Caused by: org.apache.ratis.thirdparty.io.grpc.StatusRuntimeException: UNAVAILABLE: io exception
	at org.apache.ratis.thirdparty.io.grpc.stub.ClientCalls.toStatusRuntimeException(ClientCalls.java:233)
	at org.apache.ratis.thirdparty.io.grpc.stub.ClientCalls.getUnchecked(ClientCalls.java:214)
	at org.apache.ratis.thirdparty.io.grpc.stub.ClientCalls.blockingUnaryCall(ClientCalls.java:139)
	at org.apache.ratis.proto.grpc.RaftServerProtocolServiceGrpc$RaftServerProtocolServiceBlockingStub.requestVote(RaftServerProtocolServiceGrpc.java:265)
	at org.apache.ratis.grpc.server.GrpcServerProtocolClient.requestVote(GrpcServerProtocolClient.java:90)
	at org.apache.ratis.grpc.server.GrpcService.requestVote(GrpcService.java:204)
	at org.apache.ratis.server.impl.LeaderElection.lambda$submitRequests$1(LeaderElection.java:238)
	at java.util.concurrent.FutureTask.run(FutureTask.java:266)
	at java.util.concurrent.Executors$RunnableAdapter.call(Executors.java:511)
	at java.util.concurrent.FutureTask.run(FutureTask.java:266)
	at java.util.concurrent.ThreadPoolExecutor.runWorker(ThreadPoolExecutor.java:1149)
	at java.util.concurrent.ThreadPoolExecutor$Worker.run(ThreadPoolExecutor.java:624)
	... 1 more
Caused by: org.apache.ratis.thirdparty.io.netty.channel.AbstractChannel$AnnotatedConnectException: Connection refused: /192.168.36.126:37678
	at sun.nio.ch.SocketChannelImpl.checkConnect(Native Method)
	at sun.nio.ch.SocketChannelImpl.finishConnect(SocketChannelImpl.java:717)
	at org.apache.ratis.thirdparty.io.netty.channel.socket.nio.NioSocketChannel.doFinishConnect(NioSocketChannel.java:327)
	at org.apache.ratis.thirdparty.io.netty.channel.nio.AbstractNioChannel$AbstractNioUnsafe.finishConnect(AbstractNioChannel.java:340)
	at org.apache.ratis.thirdparty.io.netty.channel.nio.NioEventLoop.processSelectedKey(NioEventLoop.java:632)
	at org.apache.ratis.thirdparty.io.netty.channel.nio.NioEventLoop.processSelectedKeysOptimized(NioEventLoop.java:579)
	at org.apache.ratis.thirdparty.io.netty.channel.nio.NioEventLoop.processSelectedKeys(NioEventLoop.java:496)
	at org.apache.ratis.thirdparty.io.netty.channel.nio.NioEventLoop.run(NioEventLoop.java:458)
	at org.apache.ratis.thirdparty.io.netty.util.concurrent.SingleThreadEventExecutor$5.run(SingleThreadEventExecutor.java:897)
	at org.apache.ratis.thirdparty.io.netty.util.concurrent.FastThreadLocalRunnable.run(FastThreadLocalRunnable.java:30)
	... 1 more
Caused by: java.net.ConnectException: Connection refused
	... 11 more
2019-09-25 05:31:57,009 [a58d7528-614e-4c39-a3a3-38beaa9905aa@group-43825EC81F5D:LeaderElection200] INFO  impl.RoleInfo (RoleInfo.java:shutdownLeaderElection(134)) - a58d7528-614e-4c39-a3a3-38beaa9905aa: shutdown LeaderElection
2019-09-25 05:31:57,009 [a58d7528-614e-4c39-a3a3-38beaa9905aa@group-AEFF648B0F59:LeaderElection198] INFO  impl.RaftServerImpl (RaftServerImpl.java:setRole(174)) - a58d7528-614e-4c39-a3a3-38beaa9905aa@group-AEFF648B0F59: changes role from CANDIDATE to FOLLOWER at term 13 for DISCOVERED_A_NEW_TERM
2019-09-25 05:31:57,012 [a58d7528-614e-4c39-a3a3-38beaa9905aa@group-AEFF648B0F59:LeaderElection198] INFO  impl.RoleInfo (RoleInfo.java:shutdownLeaderElection(134)) - a58d7528-614e-4c39-a3a3-38beaa9905aa: shutdown LeaderElection
2019-09-25 05:31:57,008 [5c3318fc-c419-4298-b427-bf5a9ca27bf0@group-21C2C432FD88:LeaderElection205] INFO  impl.LeaderElection (LeaderElection.java:logAndReturn(56)) - 5c3318fc-c419-4298-b427-bf5a9ca27bf0@group-21C2C432FD88:LeaderElection205: Election REJECTED; received 0 response(s) [] and 2 exception(s); 5c3318fc-c419-4298-b427-bf5a9ca27bf0@group-21C2C432FD88:t16, leader=null, voted=5c3318fc-c419-4298-b427-bf5a9ca27bf0, raftlog=5c3318fc-c419-4298-b427-bf5a9ca27bf0@group-21C2C432FD88-SegmentedRaftLog:OPENED:c-1,f-1,i0, conf=-1: [5c3318fc-c419-4298-b427-bf5a9ca27bf0:192.168.36.126:46795, 61946a22-29ed-4e77-8449-fae4cd9869e9:192.168.36.126:36814, 0d4a37ed-4cec-423a-a360-e4a879eb6bc0:192.168.36.126:37817], old=null
2019-09-25 05:31:57,012 [a58d7528-614e-4c39-a3a3-38beaa9905aa@group-AEFF648B0F59:LeaderElection198] INFO  impl.RoleInfo (RoleInfo.java:updateAndGet(143)) - a58d7528-614e-4c39-a3a3-38beaa9905aa: start FollowerState
2019-09-25 05:31:57,012 [a58d7528-614e-4c39-a3a3-38beaa9905aa@group-43825EC81F5D:LeaderElection200] INFO  impl.RoleInfo (RoleInfo.java:updateAndGet(143)) - a58d7528-614e-4c39-a3a3-38beaa9905aa: start FollowerState
2019-09-25 05:31:57,012 [616f9f8f-9479-40f4-8c03-f125dcbf9c7f@group-60724A24602F:LeaderElection199] INFO  impl.RaftServerImpl (RaftServerImpl.java:setRole(174)) - 616f9f8f-9479-40f4-8c03-f125dcbf9c7f@group-60724A24602F: changes role from CANDIDATE to FOLLOWER at term 15 for DISCOVERED_A_NEW_TERM
2019-09-25 05:31:57,013 [616f9f8f-9479-40f4-8c03-f125dcbf9c7f@group-60724A24602F:LeaderElection199] INFO  impl.RoleInfo (RoleInfo.java:shutdownLeaderElection(134)) - 616f9f8f-9479-40f4-8c03-f125dcbf9c7f: shutdown LeaderElection
2019-09-25 05:31:57,012 [f9c12371-c091-4b4a-8db2-6f0db97bbab3@group-AEFF648B0F59:LeaderElection202] INFO  impl.RoleInfo (RoleInfo.java:updateAndGet(143)) - f9c12371-c091-4b4a-8db2-6f0db97bbab3: start FollowerState
2019-09-25 05:31:57,011 [f9c12371-c091-4b4a-8db2-6f0db97bbab3@group-0EC8D23D101B:LeaderElection204] INFO  impl.RoleInfo (RoleInfo.java:updateAndGet(143)) - f9c12371-c091-4b4a-8db2-6f0db97bbab3: start FollowerState
2019-09-25 05:31:57,011 [f9c12371-c091-4b4a-8db2-6f0db97bbab3@group-43825EC81F5D:LeaderElection201] INFO  impl.RoleInfo (RoleInfo.java:updateAndGet(143)) - f9c12371-c091-4b4a-8db2-6f0db97bbab3: start FollowerState
2019-09-25 05:31:57,011 [5c3318fc-c419-4298-b427-bf5a9ca27bf0@group-059250D1A272:LeaderElection203] INFO  impl.RaftServerImpl (RaftServerImpl.java:setRole(174)) - 5c3318fc-c419-4298-b427-bf5a9ca27bf0@group-059250D1A272: changes role from CANDIDATE to FOLLOWER at term 15 for DISCOVERED_A_NEW_TERM
2019-09-25 05:31:57,014 [5c3318fc-c419-4298-b427-bf5a9ca27bf0@group-059250D1A272:LeaderElection203] INFO  impl.RoleInfo (RoleInfo.java:shutdownLeaderElection(134)) - 5c3318fc-c419-4298-b427-bf5a9ca27bf0: shutdown LeaderElection
2019-09-25 05:31:57,011 [a58d7528-614e-4c39-a3a3-38beaa9905aa@group-0EC8D23D101B:LeaderElection206] INFO  impl.LeaderElection (LogUtils.java:infoOrTrace(149)) -   Exception 0: {}
java.util.concurrent.ExecutionException: org.apache.ratis.thirdparty.io.grpc.StatusRuntimeException: UNAVAILABLE: io exception
	at java.util.concurrent.FutureTask.report(FutureTask.java:122)
	at java.util.concurrent.FutureTask.get(FutureTask.java:192)
	at org.apache.ratis.server.impl.LeaderElection.waitForResults(LeaderElection.java:263)
	at org.apache.ratis.server.impl.LeaderElection.askForVotes(LeaderElection.java:201)
	at org.apache.ratis.server.impl.LeaderElection.run(LeaderElection.java:133)
	at java.lang.Thread.run(Thread.java:748)
Caused by: org.apache.ratis.thirdparty.io.grpc.StatusRuntimeException: UNAVAILABLE: io exception
	at org.apache.ratis.thirdparty.io.grpc.stub.ClientCalls.toStatusRuntimeException(ClientCalls.java:233)
	at org.apache.ratis.thirdparty.io.grpc.stub.ClientCalls.getUnchecked(ClientCalls.java:214)
	at org.apache.ratis.thirdparty.io.grpc.stub.ClientCalls.blockingUnaryCall(ClientCalls.java:139)
	at org.apache.ratis.proto.grpc.RaftServerProtocolServiceGrpc$RaftServerProtocolServiceBlockingStub.requestVote(RaftServerProtocolServiceGrpc.java:265)
	at org.apache.ratis.grpc.server.GrpcServerProtocolClient.requestVote(GrpcServerProtocolClient.java:90)
	at org.apache.ratis.grpc.server.GrpcService.requestVote(GrpcService.java:204)
	at org.apache.ratis.server.impl.LeaderElection.lambda$submitRequests$1(LeaderElection.java:238)
	at java.util.concurrent.FutureTask.run(FutureTask.java:266)
	at java.util.concurrent.Executors$RunnableAdapter.call(Executors.java:511)
	at java.util.concurrent.FutureTask.run(FutureTask.java:266)
	at java.util.concurrent.ThreadPoolExecutor.runWorker(ThreadPoolExecutor.java:1149)
	at java.util.concurrent.ThreadPoolExecutor$Worker.run(ThreadPoolExecutor.java:624)
	... 1 more
Caused by: org.apache.ratis.thirdparty.io.netty.channel.AbstractChannel$AnnotatedConnectException: Connection refused: /192.168.36.126:37960
	at sun.nio.ch.SocketChannelImpl.checkConnect(Native Method)
	at sun.nio.ch.SocketChannelImpl.finishConnect(SocketChannelImpl.java:717)
	at org.apache.ratis.thirdparty.io.netty.channel.socket.nio.NioSocketChannel.doFinishConnect(NioSocketChannel.java:327)
	at org.apache.ratis.thirdparty.io.netty.channel.nio.AbstractNioChannel$AbstractNioUnsafe.finishConnect(AbstractNioChannel.java:340)
	at org.apache.ratis.thirdparty.io.netty.channel.nio.NioEventLoop.processSelectedKey(NioEventLoop.java:632)
	at org.apache.ratis.thirdparty.io.netty.channel.nio.NioEventLoop.processSelectedKeysOptimized(NioEventLoop.java:579)
	at org.apache.ratis.thirdparty.io.netty.channel.nio.NioEventLoop.processSelectedKeys(NioEventLoop.java:496)
	at org.apache.ratis.thirdparty.io.netty.channel.nio.NioEventLoop.run(NioEventLoop.java:458)
	at org.apache.ratis.thirdparty.io.netty.util.concurrent.SingleThreadEventExecutor$5.run(SingleThreadEventExecutor.java:897)
	at org.apache.ratis.thirdparty.io.netty.util.concurrent.FastThreadLocalRunnable.run(FastThreadLocalRunnable.java:30)
	... 1 more
Caused by: java.net.ConnectException: Connection refused
	... 11 more
2019-09-25 05:31:57,014 [5c3318fc-c419-4298-b427-bf5a9ca27bf0@group-059250D1A272:LeaderElection203] INFO  impl.RoleInfo (RoleInfo.java:updateAndGet(143)) - 5c3318fc-c419-4298-b427-bf5a9ca27bf0: start FollowerState
2019-09-25 05:31:57,013 [616f9f8f-9479-40f4-8c03-f125dcbf9c7f@group-60724A24602F:LeaderElection199] INFO  impl.RoleInfo (RoleInfo.java:updateAndGet(143)) - 616f9f8f-9479-40f4-8c03-f125dcbf9c7f: start FollowerState
2019-09-25 05:31:57,012 [5c3318fc-c419-4298-b427-bf5a9ca27bf0@group-21C2C432FD88:LeaderElection205] INFO  impl.LeaderElection (LogUtils.java:infoOrTrace(149)) -   Exception 0: {}
java.util.concurrent.ExecutionException: org.apache.ratis.thirdparty.io.grpc.StatusRuntimeException: UNAVAILABLE: io exception
	at java.util.concurrent.FutureTask.report(FutureTask.java:122)
	at java.util.concurrent.FutureTask.get(FutureTask.java:192)
	at org.apache.ratis.server.impl.LeaderElection.waitForResults(LeaderElection.java:263)
	at org.apache.ratis.server.impl.LeaderElection.askForVotes(LeaderElection.java:201)
	at org.apache.ratis.server.impl.LeaderElection.run(LeaderElection.java:133)
	at java.lang.Thread.run(Thread.java:748)
Caused by: org.apache.ratis.thirdparty.io.grpc.StatusRuntimeException: UNAVAILABLE: io exception
	at org.apache.ratis.thirdparty.io.grpc.stub.ClientCalls.toStatusRuntimeException(ClientCalls.java:233)
	at org.apache.ratis.thirdparty.io.grpc.stub.ClientCalls.getUnchecked(ClientCalls.java:214)
	at org.apache.ratis.thirdparty.io.grpc.stub.ClientCalls.blockingUnaryCall(ClientCalls.java:139)
	at org.apache.ratis.proto.grpc.RaftServerProtocolServiceGrpc$RaftServerProtocolServiceBlockingStub.requestVote(RaftServerProtocolServiceGrpc.java:265)
	at org.apache.ratis.grpc.server.GrpcServerProtocolClient.requestVote(GrpcServerProtocolClient.java:90)
	at org.apache.ratis.grpc.server.GrpcService.requestVote(GrpcService.java:204)
	at org.apache.ratis.server.impl.LeaderElection.lambda$submitRequests$1(LeaderElection.java:238)
	at java.util.concurrent.FutureTask.run(FutureTask.java:266)
	at java.util.concurrent.Executors$RunnableAdapter.call(Executors.java:511)
	at java.util.concurrent.FutureTask.run(FutureTask.java:266)
	at java.util.concurrent.ThreadPoolExecutor.runWorker(ThreadPoolExecutor.java:1149)
	at java.util.concurrent.ThreadPoolExecutor$Worker.run(ThreadPoolExecutor.java:624)
	... 1 more
Caused by: org.apache.ratis.thirdparty.io.netty.channel.AbstractChannel$AnnotatedConnectException: Connection refused: /192.168.36.126:36814
	at sun.nio.ch.SocketChannelImpl.checkConnect(Native Method)
	at sun.nio.ch.SocketChannelImpl.finishConnect(SocketChannelImpl.java:717)
	at org.apache.ratis.thirdparty.io.netty.channel.socket.nio.NioSocketChannel.doFinishConnect(NioSocketChannel.java:327)
	at org.apache.ratis.thirdparty.io.netty.channel.nio.AbstractNioChannel$AbstractNioUnsafe.finishConnect(AbstractNioChannel.java:340)
	at org.apache.ratis.thirdparty.io.netty.channel.nio.NioEventLoop.processSelectedKey(NioEventLoop.java:632)
	at org.apache.ratis.thirdparty.io.netty.channel.nio.NioEventLoop.processSelectedKeysOptimized(NioEventLoop.java:579)
	at org.apache.ratis.thirdparty.io.netty.channel.nio.NioEventLoop.processSelectedKeys(NioEventLoop.java:496)
	at org.apache.ratis.thirdparty.io.netty.channel.nio.NioEventLoop.run(NioEventLoop.java:458)
	at org.apache.ratis.thirdparty.io.netty.util.concurrent.SingleThreadEventExecutor$5.run(SingleThreadEventExecutor.java:897)
	at org.apache.ratis.thirdparty.io.netty.util.concurrent.FastThreadLocalRunnable.run(FastThreadLocalRunnable.java:30)
	... 1 more
Caused by: java.net.ConnectException: Connection refused
	... 11 more
2019-09-25 05:31:57,014 [a58d7528-614e-4c39-a3a3-38beaa9905aa@group-0EC8D23D101B:LeaderElection206] INFO  impl.RaftServerImpl (RaftServerImpl.java:setRole(174)) - a58d7528-614e-4c39-a3a3-38beaa9905aa@group-0EC8D23D101B: changes role from CANDIDATE to FOLLOWER at term 13 for DISCOVERED_A_NEW_TERM
2019-09-25 05:31:57,015 [5c3318fc-c419-4298-b427-bf5a9ca27bf0@group-21C2C432FD88:LeaderElection205] INFO  impl.LeaderElection (LogUtils.java:infoOrTrace(149)) -   Exception 1: {}
java.util.concurrent.ExecutionException: org.apache.ratis.thirdparty.io.grpc.StatusRuntimeException: UNAVAILABLE: io exception
	at java.util.concurrent.FutureTask.report(FutureTask.java:122)
	at java.util.concurrent.FutureTask.get(FutureTask.java:192)
	at org.apache.ratis.server.impl.LeaderElection.waitForResults(LeaderElection.java:263)
	at org.apache.ratis.server.impl.LeaderElection.askForVotes(LeaderElection.java:201)
	at org.apache.ratis.server.impl.LeaderElection.run(LeaderElection.java:133)
	at java.lang.Thread.run(Thread.java:748)
Caused by: org.apache.ratis.thirdparty.io.grpc.StatusRuntimeException: UNAVAILABLE: io exception
	at org.apache.ratis.thirdparty.io.grpc.stub.ClientCalls.toStatusRuntimeException(ClientCalls.java:233)
	at org.apache.ratis.thirdparty.io.grpc.stub.ClientCalls.getUnchecked(ClientCalls.java:214)
	at org.apache.ratis.thirdparty.io.grpc.stub.ClientCalls.blockingUnaryCall(ClientCalls.java:139)
	at org.apache.ratis.proto.grpc.RaftServerProtocolServiceGrpc$RaftServerProtocolServiceBlockingStub.requestVote(RaftServerProtocolServiceGrpc.java:265)
	at org.apache.ratis.grpc.server.GrpcServerProtocolClient.requestVote(GrpcServerProtocolClient.java:90)
	at org.apache.ratis.grpc.server.GrpcService.requestVote(GrpcService.java:204)
	at org.apache.ratis.server.impl.LeaderElection.lambda$submitRequests$1(LeaderElection.java:238)
	at java.util.concurrent.FutureTask.run(FutureTask.java:266)
	at java.util.concurrent.Executors$RunnableAdapter.call(Executors.java:511)
	at java.util.concurrent.FutureTask.run(FutureTask.java:266)
	at java.util.concurrent.ThreadPoolExecutor.runWorker(ThreadPoolExecutor.java:1149)
	at java.util.concurrent.ThreadPoolExecutor$Worker.run(ThreadPoolExecutor.java:624)
	... 1 more
Caused by: org.apache.ratis.thirdparty.io.netty.channel.AbstractChannel$AnnotatedConnectException: Connection refused: /192.168.36.126:37817
	at sun.nio.ch.SocketChannelImpl.checkConnect(Native Method)
	at sun.nio.ch.SocketChannelImpl.finishConnect(SocketChannelImpl.java:717)
	at org.apache.ratis.thirdparty.io.netty.channel.socket.nio.NioSocketChannel.doFinishConnect(NioSocketChannel.java:327)
	at org.apache.ratis.thirdparty.io.netty.channel.nio.AbstractNioChannel$AbstractNioUnsafe.finishConnect(AbstractNioChannel.java:340)
	at org.apache.ratis.thirdparty.io.netty.channel.nio.NioEventLoop.processSelectedKey(NioEventLoop.java:632)
	at org.apache.ratis.thirdparty.io.netty.channel.nio.NioEventLoop.processSelectedKeysOptimized(NioEventLoop.java:579)
	at org.apache.ratis.thirdparty.io.netty.channel.nio.NioEventLoop.processSelectedKeys(NioEventLoop.java:496)
	at org.apache.ratis.thirdparty.io.netty.channel.nio.NioEventLoop.run(NioEventLoop.java:458)
	at org.apache.ratis.thirdparty.io.netty.util.concurrent.SingleThreadEventExecutor$5.run(SingleThreadEventExecutor.java:897)
	at org.apache.ratis.thirdparty.io.netty.util.concurrent.FastThreadLocalRunnable.run(FastThreadLocalRunnable.java:30)
	... 1 more
Caused by: java.net.ConnectException: Connection refused
	... 11 more
2019-09-25 05:31:57,015 [a58d7528-614e-4c39-a3a3-38beaa9905aa@group-0EC8D23D101B:LeaderElection206] INFO  impl.RoleInfo (RoleInfo.java:shutdownLeaderElection(134)) - a58d7528-614e-4c39-a3a3-38beaa9905aa: shutdown LeaderElection
2019-09-25 05:31:57,016 [5c3318fc-c419-4298-b427-bf5a9ca27bf0@group-21C2C432FD88:LeaderElection205] INFO  impl.RaftServerImpl (RaftServerImpl.java:setRole(174)) - 5c3318fc-c419-4298-b427-bf5a9ca27bf0@group-21C2C432FD88: changes role from CANDIDATE to FOLLOWER at term 16 for DISCOVERED_A_NEW_TERM
2019-09-25 05:31:57,016 [a58d7528-614e-4c39-a3a3-38beaa9905aa@group-0EC8D23D101B:LeaderElection206] INFO  impl.RoleInfo (RoleInfo.java:updateAndGet(143)) - a58d7528-614e-4c39-a3a3-38beaa9905aa: start FollowerState
2019-09-25 05:31:57,016 [5c3318fc-c419-4298-b427-bf5a9ca27bf0@group-21C2C432FD88:LeaderElection205] INFO  impl.RoleInfo (RoleInfo.java:shutdownLeaderElection(134)) - 5c3318fc-c419-4298-b427-bf5a9ca27bf0: shutdown LeaderElection
2019-09-25 05:31:57,017 [5c3318fc-c419-4298-b427-bf5a9ca27bf0@group-21C2C432FD88:LeaderElection205] INFO  impl.RoleInfo (RoleInfo.java:updateAndGet(143)) - 5c3318fc-c419-4298-b427-bf5a9ca27bf0: start FollowerState
2019-09-25 05:31:57,316 [Datanode State Machine Thread - 0] INFO  statemachine.DatanodeStateMachine (DatanodeStateMachine.java:lambda$startDaemon$0(350)) - Ozone container server started.
2019-09-25 05:31:58,023 [Thread-1205] INFO  impl.FollowerState (FollowerState.java:run(106)) - 5c3318fc-c419-4298-b427-bf5a9ca27bf0:group-059250D1A272 changes to CANDIDATE, lastRpcTime:1008, electionTimeout:1008ms
2019-09-25 05:31:58,023 [Thread-1205] INFO  impl.RoleInfo (RoleInfo.java:shutdownFollowerState(121)) - 5c3318fc-c419-4298-b427-bf5a9ca27bf0: shutdown FollowerState
2019-09-25 05:31:58,023 [Thread-1205] INFO  impl.RaftServerImpl (RaftServerImpl.java:setRole(174)) - 5c3318fc-c419-4298-b427-bf5a9ca27bf0@group-059250D1A272: changes role from  FOLLOWER to CANDIDATE at term 15 for changeToCandidate
2019-09-25 05:31:58,023 [Thread-1205] INFO  impl.RoleInfo (RoleInfo.java:updateAndGet(143)) - 5c3318fc-c419-4298-b427-bf5a9ca27bf0: start LeaderElection
2019-09-25 05:31:58,046 [Thread-1204] INFO  impl.FollowerState (FollowerState.java:run(106)) - 616f9f8f-9479-40f4-8c03-f125dcbf9c7f:group-60724A24602F changes to CANDIDATE, lastRpcTime:1033, electionTimeout:1031ms
2019-09-25 05:31:58,046 [Thread-1204] INFO  impl.RoleInfo (RoleInfo.java:shutdownFollowerState(121)) - 616f9f8f-9479-40f4-8c03-f125dcbf9c7f: shutdown FollowerState
2019-09-25 05:31:58,046 [Thread-1204] INFO  impl.RaftServerImpl (RaftServerImpl.java:setRole(174)) - 616f9f8f-9479-40f4-8c03-f125dcbf9c7f@group-60724A24602F: changes role from  FOLLOWER to CANDIDATE at term 15 for changeToCandidate
2019-09-25 05:31:58,047 [Thread-1204] INFO  impl.RoleInfo (RoleInfo.java:updateAndGet(143)) - 616f9f8f-9479-40f4-8c03-f125dcbf9c7f: start LeaderElection
2019-09-25 05:31:58,048 [Thread-1201] INFO  impl.FollowerState (FollowerState.java:run(106)) - f9c12371-c091-4b4a-8db2-6f0db97bbab3:group-AEFF648B0F59 changes to CANDIDATE, lastRpcTime:1036, electionTimeout:1034ms
2019-09-25 05:31:58,048 [Thread-1201] INFO  impl.RoleInfo (RoleInfo.java:shutdownFollowerState(121)) - f9c12371-c091-4b4a-8db2-6f0db97bbab3: shutdown FollowerState
2019-09-25 05:31:58,048 [Thread-1201] INFO  impl.RaftServerImpl (RaftServerImpl.java:setRole(174)) - f9c12371-c091-4b4a-8db2-6f0db97bbab3@group-AEFF648B0F59: changes role from  FOLLOWER to CANDIDATE at term 13 for changeToCandidate
2019-09-25 05:31:58,048 [Thread-1201] INFO  impl.RoleInfo (RoleInfo.java:updateAndGet(143)) - f9c12371-c091-4b4a-8db2-6f0db97bbab3: start LeaderElection
2019-09-25 05:31:58,062 [Thread-1200] INFO  impl.FollowerState (FollowerState.java:run(106)) - f9c12371-c091-4b4a-8db2-6f0db97bbab3:group-0EC8D23D101B changes to CANDIDATE, lastRpcTime:1050, electionTimeout:1048ms
2019-09-25 05:31:58,062 [Thread-1200] INFO  impl.RoleInfo (RoleInfo.java:shutdownFollowerState(121)) - f9c12371-c091-4b4a-8db2-6f0db97bbab3: shutdown FollowerState
2019-09-25 05:31:58,062 [Thread-1200] INFO  impl.RaftServerImpl (RaftServerImpl.java:setRole(174)) - f9c12371-c091-4b4a-8db2-6f0db97bbab3@group-0EC8D23D101B: changes role from  FOLLOWER to CANDIDATE at term 13 for changeToCandidate
2019-09-25 05:31:58,062 [Thread-1200] INFO  impl.RoleInfo (RoleInfo.java:updateAndGet(143)) - f9c12371-c091-4b4a-8db2-6f0db97bbab3: start LeaderElection
2019-09-25 05:31:58,075 [Thread-1206] INFO  impl.FollowerState (FollowerState.java:run(106)) - a58d7528-614e-4c39-a3a3-38beaa9905aa:group-0EC8D23D101B changes to CANDIDATE, lastRpcTime:1058, electionTimeout:1058ms
2019-09-25 05:31:58,075 [Thread-1206] INFO  impl.RoleInfo (RoleInfo.java:shutdownFollowerState(121)) - a58d7528-614e-4c39-a3a3-38beaa9905aa: shutdown FollowerState
2019-09-25 05:31:58,075 [Thread-1206] INFO  impl.RaftServerImpl (RaftServerImpl.java:setRole(174)) - a58d7528-614e-4c39-a3a3-38beaa9905aa@group-0EC8D23D101B: changes role from  FOLLOWER to CANDIDATE at term 13 for changeToCandidate
2019-09-25 05:31:58,075 [Thread-1206] INFO  impl.RoleInfo (RoleInfo.java:updateAndGet(143)) - a58d7528-614e-4c39-a3a3-38beaa9905aa: start LeaderElection
2019-09-25 05:31:58,076 [Thread-1202] INFO  impl.FollowerState (FollowerState.java:run(106)) - a58d7528-614e-4c39-a3a3-38beaa9905aa:group-43825EC81F5D changes to CANDIDATE, lastRpcTime:1064, electionTimeout:1063ms
2019-09-25 05:31:58,076 [Thread-1202] INFO  impl.RoleInfo (RoleInfo.java:shutdownFollowerState(121)) - a58d7528-614e-4c39-a3a3-38beaa9905aa: shutdown FollowerState
2019-09-25 05:31:58,076 [Thread-1202] INFO  impl.RaftServerImpl (RaftServerImpl.java:setRole(174)) - a58d7528-614e-4c39-a3a3-38beaa9905aa@group-43825EC81F5D: changes role from  FOLLOWER to CANDIDATE at term 9 for changeToCandidate
2019-09-25 05:31:58,077 [Thread-1202] INFO  impl.RoleInfo (RoleInfo.java:updateAndGet(143)) - a58d7528-614e-4c39-a3a3-38beaa9905aa: start LeaderElection
2019-09-25 05:31:58,103 [Thread-1199] INFO  impl.FollowerState (FollowerState.java:run(106)) - f9c12371-c091-4b4a-8db2-6f0db97bbab3:group-43825EC81F5D changes to CANDIDATE, lastRpcTime:1091, electionTimeout:1089ms
2019-09-25 05:31:58,103 [Thread-1199] INFO  impl.RoleInfo (RoleInfo.java:shutdownFollowerState(121)) - f9c12371-c091-4b4a-8db2-6f0db97bbab3: shutdown FollowerState
2019-09-25 05:31:58,103 [Thread-1199] INFO  impl.RaftServerImpl (RaftServerImpl.java:setRole(174)) - f9c12371-c091-4b4a-8db2-6f0db97bbab3@group-43825EC81F5D: changes role from  FOLLOWER to CANDIDATE at term 9 for changeToCandidate
2019-09-25 05:31:58,104 [Thread-1199] INFO  impl.RoleInfo (RoleInfo.java:updateAndGet(143)) - f9c12371-c091-4b4a-8db2-6f0db97bbab3: start LeaderElection
2019-09-25 05:31:58,128 [Thread-1207] INFO  impl.FollowerState (FollowerState.java:run(106)) - 5c3318fc-c419-4298-b427-bf5a9ca27bf0:group-21C2C432FD88 changes to CANDIDATE, lastRpcTime:1111, electionTimeout:1111ms
2019-09-25 05:31:58,128 [Thread-1207] INFO  impl.RoleInfo (RoleInfo.java:shutdownFollowerState(121)) - 5c3318fc-c419-4298-b427-bf5a9ca27bf0: shutdown FollowerState
2019-09-25 05:31:58,128 [Thread-1207] INFO  impl.RaftServerImpl (RaftServerImpl.java:setRole(174)) - 5c3318fc-c419-4298-b427-bf5a9ca27bf0@group-21C2C432FD88: changes role from  FOLLOWER to CANDIDATE at term 16 for changeToCandidate
2019-09-25 05:31:58,128 [Thread-1207] INFO  impl.RoleInfo (RoleInfo.java:updateAndGet(143)) - 5c3318fc-c419-4298-b427-bf5a9ca27bf0: start LeaderElection
2019-09-25 05:31:58,144 [Thread-1203] INFO  impl.FollowerState (FollowerState.java:run(106)) - a58d7528-614e-4c39-a3a3-38beaa9905aa:group-AEFF648B0F59 changes to CANDIDATE, lastRpcTime:1131, electionTimeout:1131ms
2019-09-25 05:31:58,144 [Thread-1203] INFO  impl.RoleInfo (RoleInfo.java:shutdownFollowerState(121)) - a58d7528-614e-4c39-a3a3-38beaa9905aa: shutdown FollowerState
2019-09-25 05:31:58,144 [Thread-1203] INFO  impl.RaftServerImpl (RaftServerImpl.java:setRole(174)) - a58d7528-614e-4c39-a3a3-38beaa9905aa@group-AEFF648B0F59: changes role from  FOLLOWER to CANDIDATE at term 13 for changeToCandidate
2019-09-25 05:31:58,144 [Thread-1203] INFO  impl.RoleInfo (RoleInfo.java:updateAndGet(143)) - a58d7528-614e-4c39-a3a3-38beaa9905aa: start LeaderElection
2019-09-25 05:31:58,453 [616f9f8f-9479-40f4-8c03-f125dcbf9c7f@group-60724A24602F:LeaderElection208] INFO  impl.LeaderElection (LeaderElection.java:askForVotes(182)) - 616f9f8f-9479-40f4-8c03-f125dcbf9c7f@group-60724A24602F:LeaderElection208: begin an election at term 16 for -1: [616f9f8f-9479-40f4-8c03-f125dcbf9c7f:192.168.36.126:39694, e997a993-6131-47bf-96c8-764e04cb5c0e:192.168.36.126:37678, fd2f3f79-5d7b-4d37-bb24-b15dfe7f18d7:192.168.36.126:42280], old=null
2019-09-25 05:31:58,453 [5c3318fc-c419-4298-b427-bf5a9ca27bf0@group-059250D1A272:LeaderElection207] INFO  impl.LeaderElection (LeaderElection.java:askForVotes(182)) - 5c3318fc-c419-4298-b427-bf5a9ca27bf0@group-059250D1A272:LeaderElection207: begin an election at term 16 for -1: [5c3318fc-c419-4298-b427-bf5a9ca27bf0:192.168.36.126:46795, 61946a22-29ed-4e77-8449-fae4cd9869e9:192.168.36.126:36814, 0d4a37ed-4cec-423a-a360-e4a879eb6bc0:192.168.36.126:37817], old=null
2019-09-25 05:31:58,453 [f9c12371-c091-4b4a-8db2-6f0db97bbab3@group-AEFF648B0F59:LeaderElection209] INFO  impl.LeaderElection (LeaderElection.java:askForVotes(182)) - f9c12371-c091-4b4a-8db2-6f0db97bbab3@group-AEFF648B0F59:LeaderElection209: begin an election at term 14 for -1: [a58d7528-614e-4c39-a3a3-38beaa9905aa:192.168.36.126:37942, f9c12371-c091-4b4a-8db2-6f0db97bbab3:192.168.36.126:46560, ce8ac917-2646-4112-adf7-d577593fabcb:192.168.36.126:37960], old=null
2019-09-25 05:31:58,455 [616f9f8f-9479-40f4-8c03-f125dcbf9c7f@group-60724A24602F:LeaderElection208] INFO  impl.LeaderElection (LogUtils.java:infoOrTrace(149)) - 616f9f8f-9479-40f4-8c03-f125dcbf9c7f@group-60724A24602F:LeaderElection208 got exception when requesting votes: {}
java.util.concurrent.ExecutionException: org.apache.ratis.thirdparty.io.grpc.StatusRuntimeException: UNAVAILABLE: io exception
	at java.util.concurrent.FutureTask.report(FutureTask.java:122)
	at java.util.concurrent.FutureTask.get(FutureTask.java:192)
	at org.apache.ratis.server.impl.LeaderElection.waitForResults(LeaderElection.java:263)
	at org.apache.ratis.server.impl.LeaderElection.askForVotes(LeaderElection.java:201)
	at org.apache.ratis.server.impl.LeaderElection.run(LeaderElection.java:133)
	at java.lang.Thread.run(Thread.java:748)
Caused by: org.apache.ratis.thirdparty.io.grpc.StatusRuntimeException: UNAVAILABLE: io exception
	at org.apache.ratis.thirdparty.io.grpc.stub.ClientCalls.toStatusRuntimeException(ClientCalls.java:233)
	at org.apache.ratis.thirdparty.io.grpc.stub.ClientCalls.getUnchecked(ClientCalls.java:214)
	at org.apache.ratis.thirdparty.io.grpc.stub.ClientCalls.blockingUnaryCall(ClientCalls.java:139)
	at org.apache.ratis.proto.grpc.RaftServerProtocolServiceGrpc$RaftServerProtocolServiceBlockingStub.requestVote(RaftServerProtocolServiceGrpc.java:265)
	at org.apache.ratis.grpc.server.GrpcServerProtocolClient.requestVote(GrpcServerProtocolClient.java:90)
	at org.apache.ratis.grpc.server.GrpcService.requestVote(GrpcService.java:204)
	at org.apache.ratis.server.impl.LeaderElection.lambda$submitRequests$1(LeaderElection.java:238)
	at java.util.concurrent.FutureTask.run(FutureTask.java:266)
	at java.util.concurrent.Executors$RunnableAdapter.call(Executors.java:511)
	at java.util.concurrent.FutureTask.run(FutureTask.java:266)
	at java.util.concurrent.ThreadPoolExecutor.runWorker(ThreadPoolExecutor.java:1149)
	at java.util.concurrent.ThreadPoolExecutor$Worker.run(ThreadPoolExecutor.java:624)
	... 1 more
Caused by: org.apache.ratis.thirdparty.io.netty.channel.AbstractChannel$AnnotatedConnectException: Connection refused: /192.168.36.126:37678
	at sun.nio.ch.SocketChannelImpl.checkConnect(Native Method)
	at sun.nio.ch.SocketChannelImpl.finishConnect(SocketChannelImpl.java:717)
	at org.apache.ratis.thirdparty.io.netty.channel.socket.nio.NioSocketChannel.doFinishConnect(NioSocketChannel.java:327)
	at org.apache.ratis.thirdparty.io.netty.channel.nio.AbstractNioChannel$AbstractNioUnsafe.finishConnect(AbstractNioChannel.java:340)
	at org.apache.ratis.thirdparty.io.netty.channel.nio.NioEventLoop.processSelectedKey(NioEventLoop.java:632)
	at org.apache.ratis.thirdparty.io.netty.channel.nio.NioEventLoop.processSelectedKeysOptimized(NioEventLoop.java:579)
	at org.apache.ratis.thirdparty.io.netty.channel.nio.NioEventLoop.processSelectedKeys(NioEventLoop.java:496)
	at org.apache.ratis.thirdparty.io.netty.channel.nio.NioEventLoop.run(NioEventLoop.java:458)
	at org.apache.ratis.thirdparty.io.netty.util.concurrent.SingleThreadEventExecutor$5.run(SingleThreadEventExecutor.java:897)
	at org.apache.ratis.thirdparty.io.netty.util.concurrent.FastThreadLocalRunnable.run(FastThreadLocalRunnable.java:30)
	... 1 more
Caused by: java.net.ConnectException: Connection refused
	... 11 more
2019-09-25 05:31:58,455 [f9c12371-c091-4b4a-8db2-6f0db97bbab3@group-AEFF648B0F59:LeaderElection209] INFO  impl.LeaderElection (LogUtils.java:infoOrTrace(149)) - f9c12371-c091-4b4a-8db2-6f0db97bbab3@group-AEFF648B0F59:LeaderElection209 got exception when requesting votes: {}
java.util.concurrent.ExecutionException: org.apache.ratis.thirdparty.io.grpc.StatusRuntimeException: UNAVAILABLE: io exception
	at java.util.concurrent.FutureTask.report(FutureTask.java:122)
	at java.util.concurrent.FutureTask.get(FutureTask.java:192)
	at org.apache.ratis.server.impl.LeaderElection.waitForResults(LeaderElection.java:263)
	at org.apache.ratis.server.impl.LeaderElection.askForVotes(LeaderElection.java:201)
	at org.apache.ratis.server.impl.LeaderElection.run(LeaderElection.java:133)
	at java.lang.Thread.run(Thread.java:748)
Caused by: org.apache.ratis.thirdparty.io.grpc.StatusRuntimeException: UNAVAILABLE: io exception
	at org.apache.ratis.thirdparty.io.grpc.stub.ClientCalls.toStatusRuntimeException(ClientCalls.java:233)
	at org.apache.ratis.thirdparty.io.grpc.stub.ClientCalls.getUnchecked(ClientCalls.java:214)
	at org.apache.ratis.thirdparty.io.grpc.stub.ClientCalls.blockingUnaryCall(ClientCalls.java:139)
	at org.apache.ratis.proto.grpc.RaftServerProtocolServiceGrpc$RaftServerProtocolServiceBlockingStub.requestVote(RaftServerProtocolServiceGrpc.java:265)
	at org.apache.ratis.grpc.server.GrpcServerProtocolClient.requestVote(GrpcServerProtocolClient.java:90)
	at org.apache.ratis.grpc.server.GrpcService.requestVote(GrpcService.java:204)
	at org.apache.ratis.server.impl.LeaderElection.lambda$submitRequests$1(LeaderElection.java:238)
	at java.util.concurrent.FutureTask.run(FutureTask.java:266)
	at java.util.concurrent.Executors$RunnableAdapter.call(Executors.java:511)
	at java.util.concurrent.FutureTask.run(FutureTask.java:266)
	at java.util.concurrent.ThreadPoolExecutor.runWorker(ThreadPoolExecutor.java:1149)
	at java.util.concurrent.ThreadPoolExecutor$Worker.run(ThreadPoolExecutor.java:624)
	... 1 more
Caused by: org.apache.ratis.thirdparty.io.netty.channel.AbstractChannel$AnnotatedConnectException: Connection refused: /192.168.36.126:37960
	at sun.nio.ch.SocketChannelImpl.checkConnect(Native Method)
	at sun.nio.ch.SocketChannelImpl.finishConnect(SocketChannelImpl.java:717)
	at org.apache.ratis.thirdparty.io.netty.channel.socket.nio.NioSocketChannel.doFinishConnect(NioSocketChannel.java:327)
	at org.apache.ratis.thirdparty.io.netty.channel.nio.AbstractNioChannel$AbstractNioUnsafe.finishConnect(AbstractNioChannel.java:340)
	at org.apache.ratis.thirdparty.io.netty.channel.nio.NioEventLoop.processSelectedKey(NioEventLoop.java:632)
	at org.apache.ratis.thirdparty.io.netty.channel.nio.NioEventLoop.processSelectedKeysOptimized(NioEventLoop.java:579)
	at org.apache.ratis.thirdparty.io.netty.channel.nio.NioEventLoop.processSelectedKeys(NioEventLoop.java:496)
	at org.apache.ratis.thirdparty.io.netty.channel.nio.NioEventLoop.run(NioEventLoop.java:458)
	at org.apache.ratis.thirdparty.io.netty.util.concurrent.SingleThreadEventExecutor$5.run(SingleThreadEventExecutor.java:897)
	at org.apache.ratis.thirdparty.io.netty.util.concurrent.FastThreadLocalRunnable.run(FastThreadLocalRunnable.java:30)
	... 1 more
Caused by: java.net.ConnectException: Connection refused
	... 11 more
2019-09-25 05:31:58,455 [5c3318fc-c419-4298-b427-bf5a9ca27bf0@group-059250D1A272:LeaderElection207] INFO  impl.LeaderElection (LogUtils.java:infoOrTrace(149)) - 5c3318fc-c419-4298-b427-bf5a9ca27bf0@group-059250D1A272:LeaderElection207 got exception when requesting votes: {}
java.util.concurrent.ExecutionException: org.apache.ratis.thirdparty.io.grpc.StatusRuntimeException: UNAVAILABLE: io exception
	at java.util.concurrent.FutureTask.report(FutureTask.java:122)
	at java.util.concurrent.FutureTask.get(FutureTask.java:192)
	at org.apache.ratis.server.impl.LeaderElection.waitForResults(LeaderElection.java:263)
	at org.apache.ratis.server.impl.LeaderElection.askForVotes(LeaderElection.java:201)
	at org.apache.ratis.server.impl.LeaderElection.run(LeaderElection.java:133)
	at java.lang.Thread.run(Thread.java:748)
Caused by: org.apache.ratis.thirdparty.io.grpc.StatusRuntimeException: UNAVAILABLE: io exception
	at org.apache.ratis.thirdparty.io.grpc.stub.ClientCalls.toStatusRuntimeException(ClientCalls.java:233)
	at org.apache.ratis.thirdparty.io.grpc.stub.ClientCalls.getUnchecked(ClientCalls.java:214)
	at org.apache.ratis.thirdparty.io.grpc.stub.ClientCalls.blockingUnaryCall(ClientCalls.java:139)
	at org.apache.ratis.proto.grpc.RaftServerProtocolServiceGrpc$RaftServerProtocolServiceBlockingStub.requestVote(RaftServerProtocolServiceGrpc.java:265)
	at org.apache.ratis.grpc.server.GrpcServerProtocolClient.requestVote(GrpcServerProtocolClient.java:90)
	at org.apache.ratis.grpc.server.GrpcService.requestVote(GrpcService.java:204)
	at org.apache.ratis.server.impl.LeaderElection.lambda$submitRequests$1(LeaderElection.java:238)
	at java.util.concurrent.FutureTask.run(FutureTask.java:266)
	at java.util.concurrent.Executors$RunnableAdapter.call(Executors.java:511)
	at java.util.concurrent.FutureTask.run(FutureTask.java:266)
	at java.util.concurrent.ThreadPoolExecutor.runWorker(ThreadPoolExecutor.java:1149)
	at java.util.concurrent.ThreadPoolExecutor$Worker.run(ThreadPoolExecutor.java:624)
	... 1 more
Caused by: org.apache.ratis.thirdparty.io.netty.channel.AbstractChannel$AnnotatedConnectException: Connection refused: /192.168.36.126:36814
	at sun.nio.ch.SocketChannelImpl.checkConnect(Native Method)
	at sun.nio.ch.SocketChannelImpl.finishConnect(SocketChannelImpl.java:717)
	at org.apache.ratis.thirdparty.io.netty.channel.socket.nio.NioSocketChannel.doFinishConnect(NioSocketChannel.java:327)
	at org.apache.ratis.thirdparty.io.netty.channel.nio.AbstractNioChannel$AbstractNioUnsafe.finishConnect(AbstractNioChannel.java:340)
	at org.apache.ratis.thirdparty.io.netty.channel.nio.NioEventLoop.processSelectedKey(NioEventLoop.java:632)
	at org.apache.ratis.thirdparty.io.netty.channel.nio.NioEventLoop.processSelectedKeysOptimized(NioEventLoop.java:579)
	at org.apache.ratis.thirdparty.io.netty.channel.nio.NioEventLoop.processSelectedKeys(NioEventLoop.java:496)
	at org.apache.ratis.thirdparty.io.netty.channel.nio.NioEventLoop.run(NioEventLoop.java:458)
	at org.apache.ratis.thirdparty.io.netty.util.concurrent.SingleThreadEventExecutor$5.run(SingleThreadEventExecutor.java:897)
	at org.apache.ratis.thirdparty.io.netty.util.concurrent.FastThreadLocalRunnable.run(FastThreadLocalRunnable.java:30)
	... 1 more
Caused by: java.net.ConnectException: Connection refused
	... 11 more
2019-09-25 05:31:58,455 [616f9f8f-9479-40f4-8c03-f125dcbf9c7f@group-60724A24602F:LeaderElection208] INFO  impl.LeaderElection (LogUtils.java:infoOrTrace(149)) - 616f9f8f-9479-40f4-8c03-f125dcbf9c7f@group-60724A24602F:LeaderElection208 got exception when requesting votes: {}
java.util.concurrent.ExecutionException: org.apache.ratis.thirdparty.io.grpc.StatusRuntimeException: UNAVAILABLE: io exception
	at java.util.concurrent.FutureTask.report(FutureTask.java:122)
	at java.util.concurrent.FutureTask.get(FutureTask.java:192)
	at org.apache.ratis.server.impl.LeaderElection.waitForResults(LeaderElection.java:263)
	at org.apache.ratis.server.impl.LeaderElection.askForVotes(LeaderElection.java:201)
	at org.apache.ratis.server.impl.LeaderElection.run(LeaderElection.java:133)
	at java.lang.Thread.run(Thread.java:748)
Caused by: org.apache.ratis.thirdparty.io.grpc.StatusRuntimeException: UNAVAILABLE: io exception
	at org.apache.ratis.thirdparty.io.grpc.stub.ClientCalls.toStatusRuntimeException(ClientCalls.java:233)
	at org.apache.ratis.thirdparty.io.grpc.stub.ClientCalls.getUnchecked(ClientCalls.java:214)
	at org.apache.ratis.thirdparty.io.grpc.stub.ClientCalls.blockingUnaryCall(ClientCalls.java:139)
	at org.apache.ratis.proto.grpc.RaftServerProtocolServiceGrpc$RaftServerProtocolServiceBlockingStub.requestVote(RaftServerProtocolServiceGrpc.java:265)
	at org.apache.ratis.grpc.server.GrpcServerProtocolClient.requestVote(GrpcServerProtocolClient.java:90)
	at org.apache.ratis.grpc.server.GrpcService.requestVote(GrpcService.java:204)
	at org.apache.ratis.server.impl.LeaderElection.lambda$submitRequests$1(LeaderElection.java:238)
	at java.util.concurrent.FutureTask.run(FutureTask.java:266)
	at java.util.concurrent.Executors$RunnableAdapter.call(Executors.java:511)
	at java.util.concurrent.FutureTask.run(FutureTask.java:266)
	at java.util.concurrent.ThreadPoolExecutor.runWorker(ThreadPoolExecutor.java:1149)
	at java.util.concurrent.ThreadPoolExecutor$Worker.run(ThreadPoolExecutor.java:624)
	... 1 more
Caused by: org.apache.ratis.thirdparty.io.netty.channel.AbstractChannel$AnnotatedConnectException: Connection refused: /192.168.36.126:42280
	at sun.nio.ch.SocketChannelImpl.checkConnect(Native Method)
	at sun.nio.ch.SocketChannelImpl.finishConnect(SocketChannelImpl.java:717)
	at org.apache.ratis.thirdparty.io.netty.channel.socket.nio.NioSocketChannel.doFinishConnect(NioSocketChannel.java:327)
	at org.apache.ratis.thirdparty.io.netty.channel.nio.AbstractNioChannel$AbstractNioUnsafe.finishConnect(AbstractNioChannel.java:340)
	at org.apache.ratis.thirdparty.io.netty.channel.nio.NioEventLoop.processSelectedKey(NioEventLoop.java:632)
	at org.apache.ratis.thirdparty.io.netty.channel.nio.NioEventLoop.processSelectedKeysOptimized(NioEventLoop.java:579)
	at org.apache.ratis.thirdparty.io.netty.channel.nio.NioEventLoop.processSelectedKeys(NioEventLoop.java:496)
	at org.apache.ratis.thirdparty.io.netty.channel.nio.NioEventLoop.run(NioEventLoop.java:458)
	at org.apache.ratis.thirdparty.io.netty.util.concurrent.SingleThreadEventExecutor$5.run(SingleThreadEventExecutor.java:897)
	at org.apache.ratis.thirdparty.io.netty.util.concurrent.FastThreadLocalRunnable.run(FastThreadLocalRunnable.java:30)
	... 1 more
Caused by: java.net.ConnectException: Connection refused
	... 11 more
2019-09-25 05:31:58,456 [5c3318fc-c419-4298-b427-bf5a9ca27bf0@group-059250D1A272:LeaderElection207] INFO  impl.LeaderElection (LogUtils.java:infoOrTrace(149)) - 5c3318fc-c419-4298-b427-bf5a9ca27bf0@group-059250D1A272:LeaderElection207 got exception when requesting votes: {}
java.util.concurrent.ExecutionException: org.apache.ratis.thirdparty.io.grpc.StatusRuntimeException: UNAVAILABLE: io exception
	at java.util.concurrent.FutureTask.report(FutureTask.java:122)
	at java.util.concurrent.FutureTask.get(FutureTask.java:192)
	at org.apache.ratis.server.impl.LeaderElection.waitForResults(LeaderElection.java:263)
	at org.apache.ratis.server.impl.LeaderElection.askForVotes(LeaderElection.java:201)
	at org.apache.ratis.server.impl.LeaderElection.run(LeaderElection.java:133)
	at java.lang.Thread.run(Thread.java:748)
Caused by: org.apache.ratis.thirdparty.io.grpc.StatusRuntimeException: UNAVAILABLE: io exception
	at org.apache.ratis.thirdparty.io.grpc.stub.ClientCalls.toStatusRuntimeException(ClientCalls.java:233)
	at org.apache.ratis.thirdparty.io.grpc.stub.ClientCalls.getUnchecked(ClientCalls.java:214)
	at org.apache.ratis.thirdparty.io.grpc.stub.ClientCalls.blockingUnaryCall(ClientCalls.java:139)
	at org.apache.ratis.proto.grpc.RaftServerProtocolServiceGrpc$RaftServerProtocolServiceBlockingStub.requestVote(RaftServerProtocolServiceGrpc.java:265)
	at org.apache.ratis.grpc.server.GrpcServerProtocolClient.requestVote(GrpcServerProtocolClient.java:90)
	at org.apache.ratis.grpc.server.GrpcService.requestVote(GrpcService.java:204)
	at org.apache.ratis.server.impl.LeaderElection.lambda$submitRequests$1(LeaderElection.java:238)
	at java.util.concurrent.FutureTask.run(FutureTask.java:266)
	at java.util.concurrent.Executors$RunnableAdapter.call(Executors.java:511)
	at java.util.concurrent.FutureTask.run(FutureTask.java:266)
	at java.util.concurrent.ThreadPoolExecutor.runWorker(ThreadPoolExecutor.java:1149)
	at java.util.concurrent.ThreadPoolExecutor$Worker.run(ThreadPoolExecutor.java:624)
	... 1 more
Caused by: org.apache.ratis.thirdparty.io.netty.channel.AbstractChannel$AnnotatedConnectException: Connection refused: /192.168.36.126:37817
	at sun.nio.ch.SocketChannelImpl.checkConnect(Native Method)
	at sun.nio.ch.SocketChannelImpl.finishConnect(SocketChannelImpl.java:717)
	at org.apache.ratis.thirdparty.io.netty.channel.socket.nio.NioSocketChannel.doFinishConnect(NioSocketChannel.java:327)
	at org.apache.ratis.thirdparty.io.netty.channel.nio.AbstractNioChannel$AbstractNioUnsafe.finishConnect(AbstractNioChannel.java:340)
	at org.apache.ratis.thirdparty.io.netty.channel.nio.NioEventLoop.processSelectedKey(NioEventLoop.java:632)
	at org.apache.ratis.thirdparty.io.netty.channel.nio.NioEventLoop.processSelectedKeysOptimized(NioEventLoop.java:579)
	at org.apache.ratis.thirdparty.io.netty.channel.nio.NioEventLoop.processSelectedKeys(NioEventLoop.java:496)
	at org.apache.ratis.thirdparty.io.netty.channel.nio.NioEventLoop.run(NioEventLoop.java:458)
	at org.apache.ratis.thirdparty.io.netty.util.concurrent.SingleThreadEventExecutor$5.run(SingleThreadEventExecutor.java:897)
	at org.apache.ratis.thirdparty.io.netty.util.concurrent.FastThreadLocalRunnable.run(FastThreadLocalRunnable.java:30)
	... 1 more
Caused by: java.net.ConnectException: Connection refused
	... 11 more
2019-09-25 05:31:58,457 [616f9f8f-9479-40f4-8c03-f125dcbf9c7f@group-60724A24602F:LeaderElection208] INFO  impl.LeaderElection (LeaderElection.java:logAndReturn(56)) - 616f9f8f-9479-40f4-8c03-f125dcbf9c7f@group-60724A24602F:LeaderElection208: Election REJECTED; received 0 response(s) [] and 2 exception(s); 616f9f8f-9479-40f4-8c03-f125dcbf9c7f@group-60724A24602F:t16, leader=null, voted=616f9f8f-9479-40f4-8c03-f125dcbf9c7f, raftlog=616f9f8f-9479-40f4-8c03-f125dcbf9c7f@group-60724A24602F-SegmentedRaftLog:OPENED:c-1,f-1,i0, conf=-1: [616f9f8f-9479-40f4-8c03-f125dcbf9c7f:192.168.36.126:39694, e997a993-6131-47bf-96c8-764e04cb5c0e:192.168.36.126:37678, fd2f3f79-5d7b-4d37-bb24-b15dfe7f18d7:192.168.36.126:42280], old=null
2019-09-25 05:31:58,457 [5c3318fc-c419-4298-b427-bf5a9ca27bf0@group-059250D1A272:LeaderElection207] INFO  impl.LeaderElection (LeaderElection.java:logAndReturn(56)) - 5c3318fc-c419-4298-b427-bf5a9ca27bf0@group-059250D1A272:LeaderElection207: Election REJECTED; received 0 response(s) [] and 2 exception(s); 5c3318fc-c419-4298-b427-bf5a9ca27bf0@group-059250D1A272:t16, leader=null, voted=5c3318fc-c419-4298-b427-bf5a9ca27bf0, raftlog=5c3318fc-c419-4298-b427-bf5a9ca27bf0@group-059250D1A272-SegmentedRaftLog:OPENED:c-1,f-1,i0, conf=-1: [5c3318fc-c419-4298-b427-bf5a9ca27bf0:192.168.36.126:46795, 61946a22-29ed-4e77-8449-fae4cd9869e9:192.168.36.126:36814, 0d4a37ed-4cec-423a-a360-e4a879eb6bc0:192.168.36.126:37817], old=null
2019-09-25 05:31:58,457 [616f9f8f-9479-40f4-8c03-f125dcbf9c7f@group-60724A24602F:LeaderElection208] INFO  impl.LeaderElection (LogUtils.java:infoOrTrace(149)) -   Exception 0: {}
java.util.concurrent.ExecutionException: org.apache.ratis.thirdparty.io.grpc.StatusRuntimeException: UNAVAILABLE: io exception
	at java.util.concurrent.FutureTask.report(FutureTask.java:122)
	at java.util.concurrent.FutureTask.get(FutureTask.java:192)
	at org.apache.ratis.server.impl.LeaderElection.waitForResults(LeaderElection.java:263)
	at org.apache.ratis.server.impl.LeaderElection.askForVotes(LeaderElection.java:201)
	at org.apache.ratis.server.impl.LeaderElection.run(LeaderElection.java:133)
	at java.lang.Thread.run(Thread.java:748)
Caused by: org.apache.ratis.thirdparty.io.grpc.StatusRuntimeException: UNAVAILABLE: io exception
	at org.apache.ratis.thirdparty.io.grpc.stub.ClientCalls.toStatusRuntimeException(ClientCalls.java:233)
	at org.apache.ratis.thirdparty.io.grpc.stub.ClientCalls.getUnchecked(ClientCalls.java:214)
	at org.apache.ratis.thirdparty.io.grpc.stub.ClientCalls.blockingUnaryCall(ClientCalls.java:139)
	at org.apache.ratis.proto.grpc.RaftServerProtocolServiceGrpc$RaftServerProtocolServiceBlockingStub.requestVote(RaftServerProtocolServiceGrpc.java:265)
	at org.apache.ratis.grpc.server.GrpcServerProtocolClient.requestVote(GrpcServerProtocolClient.java:90)
	at org.apache.ratis.grpc.server.GrpcService.requestVote(GrpcService.java:204)
	at org.apache.ratis.server.impl.LeaderElection.lambda$submitRequests$1(LeaderElection.java:238)
	at java.util.concurrent.FutureTask.run(FutureTask.java:266)
	at java.util.concurrent.Executors$RunnableAdapter.call(Executors.java:511)
	at java.util.concurrent.FutureTask.run(FutureTask.java:266)
	at java.util.concurrent.ThreadPoolExecutor.runWorker(ThreadPoolExecutor.java:1149)
	at java.util.concurrent.ThreadPoolExecutor$Worker.run(ThreadPoolExecutor.java:624)
	... 1 more
Caused by: org.apache.ratis.thirdparty.io.netty.channel.AbstractChannel$AnnotatedConnectException: Connection refused: /192.168.36.126:37678
	at sun.nio.ch.SocketChannelImpl.checkConnect(Native Method)
	at sun.nio.ch.SocketChannelImpl.finishConnect(SocketChannelImpl.java:717)
	at org.apache.ratis.thirdparty.io.netty.channel.socket.nio.NioSocketChannel.doFinishConnect(NioSocketChannel.java:327)
	at org.apache.ratis.thirdparty.io.netty.channel.nio.AbstractNioChannel$AbstractNioUnsafe.finishConnect(AbstractNioChannel.java:340)
	at org.apache.ratis.thirdparty.io.netty.channel.nio.NioEventLoop.processSelectedKey(NioEventLoop.java:632)
	at org.apache.ratis.thirdparty.io.netty.channel.nio.NioEventLoop.processSelectedKeysOptimized(NioEventLoop.java:579)
	at org.apache.ratis.thirdparty.io.netty.channel.nio.NioEventLoop.processSelectedKeys(NioEventLoop.java:496)
	at org.apache.ratis.thirdparty.io.netty.channel.nio.NioEventLoop.run(NioEventLoop.java:458)
	at org.apache.ratis.thirdparty.io.netty.util.concurrent.SingleThreadEventExecutor$5.run(SingleThreadEventExecutor.java:897)
	at org.apache.ratis.thirdparty.io.netty.util.concurrent.FastThreadLocalRunnable.run(FastThreadLocalRunnable.java:30)
	... 1 more
Caused by: java.net.ConnectException: Connection refused
	... 11 more
2019-09-25 05:31:58,457 [5c3318fc-c419-4298-b427-bf5a9ca27bf0@group-059250D1A272:LeaderElection207] INFO  impl.LeaderElection (LogUtils.java:infoOrTrace(149)) -   Exception 0: {}
java.util.concurrent.ExecutionException: org.apache.ratis.thirdparty.io.grpc.StatusRuntimeException: UNAVAILABLE: io exception
	at java.util.concurrent.FutureTask.report(FutureTask.java:122)
	at java.util.concurrent.FutureTask.get(FutureTask.java:192)
	at org.apache.ratis.server.impl.LeaderElection.waitForResults(LeaderElection.java:263)
	at org.apache.ratis.server.impl.LeaderElection.askForVotes(LeaderElection.java:201)
	at org.apache.ratis.server.impl.LeaderElection.run(LeaderElection.java:133)
	at java.lang.Thread.run(Thread.java:748)
Caused by: org.apache.ratis.thirdparty.io.grpc.StatusRuntimeException: UNAVAILABLE: io exception
	at org.apache.ratis.thirdparty.io.grpc.stub.ClientCalls.toStatusRuntimeException(ClientCalls.java:233)
	at org.apache.ratis.thirdparty.io.grpc.stub.ClientCalls.getUnchecked(ClientCalls.java:214)
	at org.apache.ratis.thirdparty.io.grpc.stub.ClientCalls.blockingUnaryCall(ClientCalls.java:139)
	at org.apache.ratis.proto.grpc.RaftServerProtocolServiceGrpc$RaftServerProtocolServiceBlockingStub.requestVote(RaftServerProtocolServiceGrpc.java:265)
	at org.apache.ratis.grpc.server.GrpcServerProtocolClient.requestVote(GrpcServerProtocolClient.java:90)
	at org.apache.ratis.grpc.server.GrpcService.requestVote(GrpcService.java:204)
	at org.apache.ratis.server.impl.LeaderElection.lambda$submitRequests$1(LeaderElection.java:238)
	at java.util.concurrent.FutureTask.run(FutureTask.java:266)
	at java.util.concurrent.Executors$RunnableAdapter.call(Executors.java:511)
	at java.util.concurrent.FutureTask.run(FutureTask.java:266)
	at java.util.concurrent.ThreadPoolExecutor.runWorker(ThreadPoolExecutor.java:1149)
	at java.util.concurrent.ThreadPoolExecutor$Worker.run(ThreadPoolExecutor.java:624)
	... 1 more
Caused by: org.apache.ratis.thirdparty.io.netty.channel.AbstractChannel$AnnotatedConnectException: Connection refused: /192.168.36.126:36814
	at sun.nio.ch.SocketChannelImpl.checkConnect(Native Method)
	at sun.nio.ch.SocketChannelImpl.finishConnect(SocketChannelImpl.java:717)
	at org.apache.ratis.thirdparty.io.netty.channel.socket.nio.NioSocketChannel.doFinishConnect(NioSocketChannel.java:327)
	at org.apache.ratis.thirdparty.io.netty.channel.nio.AbstractNioChannel$AbstractNioUnsafe.finishConnect(AbstractNioChannel.java:340)
	at org.apache.ratis.thirdparty.io.netty.channel.nio.NioEventLoop.processSelectedKey(NioEventLoop.java:632)
	at org.apache.ratis.thirdparty.io.netty.channel.nio.NioEventLoop.processSelectedKeysOptimized(NioEventLoop.java:579)
	at org.apache.ratis.thirdparty.io.netty.channel.nio.NioEventLoop.processSelectedKeys(NioEventLoop.java:496)
	at org.apache.ratis.thirdparty.io.netty.channel.nio.NioEventLoop.run(NioEventLoop.java:458)
	at org.apache.ratis.thirdparty.io.netty.util.concurrent.SingleThreadEventExecutor$5.run(SingleThreadEventExecutor.java:897)
	at org.apache.ratis.thirdparty.io.netty.util.concurrent.FastThreadLocalRunnable.run(FastThreadLocalRunnable.java:30)
	... 1 more
Caused by: java.net.ConnectException: Connection refused
	... 11 more
2019-09-25 05:31:58,458 [5c3318fc-c419-4298-b427-bf5a9ca27bf0@group-059250D1A272:LeaderElection207] INFO  impl.LeaderElection (LogUtils.java:infoOrTrace(149)) -   Exception 1: {}
java.util.concurrent.ExecutionException: org.apache.ratis.thirdparty.io.grpc.StatusRuntimeException: UNAVAILABLE: io exception
	at java.util.concurrent.FutureTask.report(FutureTask.java:122)
	at java.util.concurrent.FutureTask.get(FutureTask.java:192)
	at org.apache.ratis.server.impl.LeaderElection.waitForResults(LeaderElection.java:263)
	at org.apache.ratis.server.impl.LeaderElection.askForVotes(LeaderElection.java:201)
	at org.apache.ratis.server.impl.LeaderElection.run(LeaderElection.java:133)
	at java.lang.Thread.run(Thread.java:748)
Caused by: org.apache.ratis.thirdparty.io.grpc.StatusRuntimeException: UNAVAILABLE: io exception
	at org.apache.ratis.thirdparty.io.grpc.stub.ClientCalls.toStatusRuntimeException(ClientCalls.java:233)
	at org.apache.ratis.thirdparty.io.grpc.stub.ClientCalls.getUnchecked(ClientCalls.java:214)
	at org.apache.ratis.thirdparty.io.grpc.stub.ClientCalls.blockingUnaryCall(ClientCalls.java:139)
	at org.apache.ratis.proto.grpc.RaftServerProtocolServiceGrpc$RaftServerProtocolServiceBlockingStub.requestVote(RaftServerProtocolServiceGrpc.java:265)
	at org.apache.ratis.grpc.server.GrpcServerProtocolClient.requestVote(GrpcServerProtocolClient.java:90)
	at org.apache.ratis.grpc.server.GrpcService.requestVote(GrpcService.java:204)
	at org.apache.ratis.server.impl.LeaderElection.lambda$submitRequests$1(LeaderElection.java:238)
	at java.util.concurrent.FutureTask.run(FutureTask.java:266)
	at java.util.concurrent.Executors$RunnableAdapter.call(Executors.java:511)
	at java.util.concurrent.FutureTask.run(FutureTask.java:266)
	at java.util.concurrent.ThreadPoolExecutor.runWorker(ThreadPoolExecutor.java:1149)
	at java.util.concurrent.ThreadPoolExecutor$Worker.run(ThreadPoolExecutor.java:624)
	... 1 more
Caused by: org.apache.ratis.thirdparty.io.netty.channel.AbstractChannel$AnnotatedConnectException: Connection refused: /192.168.36.126:37817
	at sun.nio.ch.SocketChannelImpl.checkConnect(Native Method)
	at sun.nio.ch.SocketChannelImpl.finishConnect(SocketChannelImpl.java:717)
	at org.apache.ratis.thirdparty.io.netty.channel.socket.nio.NioSocketChannel.doFinishConnect(NioSocketChannel.java:327)
	at org.apache.ratis.thirdparty.io.netty.channel.nio.AbstractNioChannel$AbstractNioUnsafe.finishConnect(AbstractNioChannel.java:340)
	at org.apache.ratis.thirdparty.io.netty.channel.nio.NioEventLoop.processSelectedKey(NioEventLoop.java:632)
	at org.apache.ratis.thirdparty.io.netty.channel.nio.NioEventLoop.processSelectedKeysOptimized(NioEventLoop.java:579)
	at org.apache.ratis.thirdparty.io.netty.channel.nio.NioEventLoop.processSelectedKeys(NioEventLoop.java:496)
	at org.apache.ratis.thirdparty.io.netty.channel.nio.NioEventLoop.run(NioEventLoop.java:458)
	at org.apache.ratis.thirdparty.io.netty.util.concurrent.SingleThreadEventExecutor$5.run(SingleThreadEventExecutor.java:897)
	at org.apache.ratis.thirdparty.io.netty.util.concurrent.FastThreadLocalRunnable.run(FastThreadLocalRunnable.java:30)
	... 1 more
Caused by: java.net.ConnectException: Connection refused
	... 11 more
2019-09-25 05:31:58,458 [616f9f8f-9479-40f4-8c03-f125dcbf9c7f@group-60724A24602F:LeaderElection208] INFO  impl.LeaderElection (LogUtils.java:infoOrTrace(149)) -   Exception 1: {}
java.util.concurrent.ExecutionException: org.apache.ratis.thirdparty.io.grpc.StatusRuntimeException: UNAVAILABLE: io exception
	at java.util.concurrent.FutureTask.report(FutureTask.java:122)
	at java.util.concurrent.FutureTask.get(FutureTask.java:192)
	at org.apache.ratis.server.impl.LeaderElection.waitForResults(LeaderElection.java:263)
	at org.apache.ratis.server.impl.LeaderElection.askForVotes(LeaderElection.java:201)
	at org.apache.ratis.server.impl.LeaderElection.run(LeaderElection.java:133)
	at java.lang.Thread.run(Thread.java:748)
Caused by: org.apache.ratis.thirdparty.io.grpc.StatusRuntimeException: UNAVAILABLE: io exception
	at org.apache.ratis.thirdparty.io.grpc.stub.ClientCalls.toStatusRuntimeException(ClientCalls.java:233)
	at org.apache.ratis.thirdparty.io.grpc.stub.ClientCalls.getUnchecked(ClientCalls.java:214)
	at org.apache.ratis.thirdparty.io.grpc.stub.ClientCalls.blockingUnaryCall(ClientCalls.java:139)
	at org.apache.ratis.proto.grpc.RaftServerProtocolServiceGrpc$RaftServerProtocolServiceBlockingStub.requestVote(RaftServerProtocolServiceGrpc.java:265)
	at org.apache.ratis.grpc.server.GrpcServerProtocolClient.requestVote(GrpcServerProtocolClient.java:90)
	at org.apache.ratis.grpc.server.GrpcService.requestVote(GrpcService.java:204)
	at org.apache.ratis.server.impl.LeaderElection.lambda$submitRequests$1(LeaderElection.java:238)
	at java.util.concurrent.FutureTask.run(FutureTask.java:266)
	at java.util.concurrent.Executors$RunnableAdapter.call(Executors.java:511)
	at java.util.concurrent.FutureTask.run(FutureTask.java:266)
	at java.util.concurrent.ThreadPoolExecutor.runWorker(ThreadPoolExecutor.java:1149)
	at java.util.concurrent.ThreadPoolExecutor$Worker.run(ThreadPoolExecutor.java:624)
	... 1 more
Caused by: org.apache.ratis.thirdparty.io.netty.channel.AbstractChannel$AnnotatedConnectException: Connection refused: /192.168.36.126:42280
	at sun.nio.ch.SocketChannelImpl.checkConnect(Native Method)
	at sun.nio.ch.SocketChannelImpl.finishConnect(SocketChannelImpl.java:717)
	at org.apache.ratis.thirdparty.io.netty.channel.socket.nio.NioSocketChannel.doFinishConnect(NioSocketChannel.java:327)
	at org.apache.ratis.thirdparty.io.netty.channel.nio.AbstractNioChannel$AbstractNioUnsafe.finishConnect(AbstractNioChannel.java:340)
	at org.apache.ratis.thirdparty.io.netty.channel.nio.NioEventLoop.processSelectedKey(NioEventLoop.java:632)
	at org.apache.ratis.thirdparty.io.netty.channel.nio.NioEventLoop.processSelectedKeysOptimized(NioEventLoop.java:579)
	at org.apache.ratis.thirdparty.io.netty.channel.nio.NioEventLoop.processSelectedKeys(NioEventLoop.java:496)
	at org.apache.ratis.thirdparty.io.netty.channel.nio.NioEventLoop.run(NioEventLoop.java:458)
	at org.apache.ratis.thirdparty.io.netty.util.concurrent.SingleThreadEventExecutor$5.run(SingleThreadEventExecutor.java:897)
	at org.apache.ratis.thirdparty.io.netty.util.concurrent.FastThreadLocalRunnable.run(FastThreadLocalRunnable.java:30)
	... 1 more
Caused by: java.net.ConnectException: Connection refused
	... 11 more
2019-09-25 05:31:58,458 [5c3318fc-c419-4298-b427-bf5a9ca27bf0@group-059250D1A272:LeaderElection207] INFO  impl.RaftServerImpl (RaftServerImpl.java:setRole(174)) - 5c3318fc-c419-4298-b427-bf5a9ca27bf0@group-059250D1A272: changes role from CANDIDATE to FOLLOWER at term 16 for DISCOVERED_A_NEW_TERM
2019-09-25 05:31:58,459 [616f9f8f-9479-40f4-8c03-f125dcbf9c7f@group-60724A24602F:LeaderElection208] INFO  impl.RaftServerImpl (RaftServerImpl.java:setRole(174)) - 616f9f8f-9479-40f4-8c03-f125dcbf9c7f@group-60724A24602F: changes role from CANDIDATE to FOLLOWER at term 16 for DISCOVERED_A_NEW_TERM
2019-09-25 05:31:58,459 [5c3318fc-c419-4298-b427-bf5a9ca27bf0@group-059250D1A272:LeaderElection207] INFO  impl.RoleInfo (RoleInfo.java:shutdownLeaderElection(134)) - 5c3318fc-c419-4298-b427-bf5a9ca27bf0: shutdown LeaderElection
2019-09-25 05:31:58,459 [616f9f8f-9479-40f4-8c03-f125dcbf9c7f@group-60724A24602F:LeaderElection208] INFO  impl.RoleInfo (RoleInfo.java:shutdownLeaderElection(134)) - 616f9f8f-9479-40f4-8c03-f125dcbf9c7f: shutdown LeaderElection
2019-09-25 05:31:58,459 [5c3318fc-c419-4298-b427-bf5a9ca27bf0@group-059250D1A272:LeaderElection207] INFO  impl.RoleInfo (RoleInfo.java:updateAndGet(143)) - 5c3318fc-c419-4298-b427-bf5a9ca27bf0: start FollowerState
2019-09-25 05:31:58,460 [616f9f8f-9479-40f4-8c03-f125dcbf9c7f@group-60724A24602F:LeaderElection208] INFO  impl.RoleInfo (RoleInfo.java:updateAndGet(143)) - 616f9f8f-9479-40f4-8c03-f125dcbf9c7f: start FollowerState
2019-09-25 05:31:58,573 [a58d7528-614e-4c39-a3a3-38beaa9905aa@group-AEFF648B0F59:LeaderElection215] INFO  impl.LeaderElection (LeaderElection.java:askForVotes(182)) - a58d7528-614e-4c39-a3a3-38beaa9905aa@group-AEFF648B0F59:LeaderElection215: begin an election at term 14 for -1: [a58d7528-614e-4c39-a3a3-38beaa9905aa:192.168.36.126:37942, f9c12371-c091-4b4a-8db2-6f0db97bbab3:192.168.36.126:46560, ce8ac917-2646-4112-adf7-d577593fabcb:192.168.36.126:37960], old=null
2019-09-25 05:31:58,573 [f9c12371-c091-4b4a-8db2-6f0db97bbab3@group-0EC8D23D101B:LeaderElection210] INFO  impl.LeaderElection (LeaderElection.java:askForVotes(182)) - f9c12371-c091-4b4a-8db2-6f0db97bbab3@group-0EC8D23D101B:LeaderElection210: begin an election at term 14 for -1: [a58d7528-614e-4c39-a3a3-38beaa9905aa:192.168.36.126:37942, f9c12371-c091-4b4a-8db2-6f0db97bbab3:192.168.36.126:46560, ce8ac917-2646-4112-adf7-d577593fabcb:192.168.36.126:37960], old=null
2019-09-25 05:31:58,573 [f9c12371-c091-4b4a-8db2-6f0db97bbab3@group-43825EC81F5D:LeaderElection213] INFO  impl.LeaderElection (LeaderElection.java:askForVotes(182)) - f9c12371-c091-4b4a-8db2-6f0db97bbab3@group-43825EC81F5D:LeaderElection213: begin an election at term 10 for -1: [a58d7528-614e-4c39-a3a3-38beaa9905aa:192.168.36.126:37942, f9c12371-c091-4b4a-8db2-6f0db97bbab3:192.168.36.126:46560, ce8ac917-2646-4112-adf7-d577593fabcb:192.168.36.126:37960], old=null
2019-09-25 05:31:58,573 [5c3318fc-c419-4298-b427-bf5a9ca27bf0@group-21C2C432FD88:LeaderElection214] INFO  impl.LeaderElection (LeaderElection.java:askForVotes(182)) - 5c3318fc-c419-4298-b427-bf5a9ca27bf0@group-21C2C432FD88:LeaderElection214: begin an election at term 17 for -1: [5c3318fc-c419-4298-b427-bf5a9ca27bf0:192.168.36.126:46795, 61946a22-29ed-4e77-8449-fae4cd9869e9:192.168.36.126:36814, 0d4a37ed-4cec-423a-a360-e4a879eb6bc0:192.168.36.126:37817], old=null
2019-09-25 05:31:58,573 [a58d7528-614e-4c39-a3a3-38beaa9905aa@group-0EC8D23D101B:LeaderElection211] INFO  impl.LeaderElection (LeaderElection.java:askForVotes(182)) - a58d7528-614e-4c39-a3a3-38beaa9905aa@group-0EC8D23D101B:LeaderElection211: begin an election at term 14 for -1: [a58d7528-614e-4c39-a3a3-38beaa9905aa:192.168.36.126:37942, f9c12371-c091-4b4a-8db2-6f0db97bbab3:192.168.36.126:46560, ce8ac917-2646-4112-adf7-d577593fabcb:192.168.36.126:37960], old=null
2019-09-25 05:31:58,573 [a58d7528-614e-4c39-a3a3-38beaa9905aa@group-43825EC81F5D:LeaderElection212] INFO  impl.LeaderElection (LeaderElection.java:askForVotes(182)) - a58d7528-614e-4c39-a3a3-38beaa9905aa@group-43825EC81F5D:LeaderElection212: begin an election at term 10 for -1: [a58d7528-614e-4c39-a3a3-38beaa9905aa:192.168.36.126:37942, f9c12371-c091-4b4a-8db2-6f0db97bbab3:192.168.36.126:46560, ce8ac917-2646-4112-adf7-d577593fabcb:192.168.36.126:37960], old=null
2019-09-25 05:31:58,574 [a58d7528-614e-4c39-a3a3-38beaa9905aa@group-AEFF648B0F59:LeaderElection215] INFO  impl.LeaderElection (LogUtils.java:infoOrTrace(149)) - a58d7528-614e-4c39-a3a3-38beaa9905aa@group-AEFF648B0F59:LeaderElection215 got exception when requesting votes: {}
java.util.concurrent.ExecutionException: org.apache.ratis.thirdparty.io.grpc.StatusRuntimeException: UNAVAILABLE: io exception
	at java.util.concurrent.FutureTask.report(FutureTask.java:122)
	at java.util.concurrent.FutureTask.get(FutureTask.java:192)
	at org.apache.ratis.server.impl.LeaderElection.waitForResults(LeaderElection.java:263)
	at org.apache.ratis.server.impl.LeaderElection.askForVotes(LeaderElection.java:201)
	at org.apache.ratis.server.impl.LeaderElection.run(LeaderElection.java:133)
	at java.lang.Thread.run(Thread.java:748)
Caused by: org.apache.ratis.thirdparty.io.grpc.StatusRuntimeException: UNAVAILABLE: io exception
	at org.apache.ratis.thirdparty.io.grpc.stub.ClientCalls.toStatusRuntimeException(ClientCalls.java:233)
	at org.apache.ratis.thirdparty.io.grpc.stub.ClientCalls.getUnchecked(ClientCalls.java:214)
	at org.apache.ratis.thirdparty.io.grpc.stub.ClientCalls.blockingUnaryCall(ClientCalls.java:139)
	at org.apache.ratis.proto.grpc.RaftServerProtocolServiceGrpc$RaftServerProtocolServiceBlockingStub.requestVote(RaftServerProtocolServiceGrpc.java:265)
	at org.apache.ratis.grpc.server.GrpcServerProtocolClient.requestVote(GrpcServerProtocolClient.java:90)
	at org.apache.ratis.grpc.server.GrpcService.requestVote(GrpcService.java:204)
	at org.apache.ratis.server.impl.LeaderElection.lambda$submitRequests$1(LeaderElection.java:238)
	at java.util.concurrent.FutureTask.run(FutureTask.java:266)
	at java.util.concurrent.Executors$RunnableAdapter.call(Executors.java:511)
	at java.util.concurrent.FutureTask.run(FutureTask.java:266)
	at java.util.concurrent.ThreadPoolExecutor.runWorker(ThreadPoolExecutor.java:1149)
	at java.util.concurrent.ThreadPoolExecutor$Worker.run(ThreadPoolExecutor.java:624)
	... 1 more
Caused by: org.apache.ratis.thirdparty.io.netty.channel.AbstractChannel$AnnotatedConnectException: Connection refused: /192.168.36.126:37960
	at sun.nio.ch.SocketChannelImpl.checkConnect(Native Method)
	at sun.nio.ch.SocketChannelImpl.finishConnect(SocketChannelImpl.java:717)
	at org.apache.ratis.thirdparty.io.netty.channel.socket.nio.NioSocketChannel.doFinishConnect(NioSocketChannel.java:327)
	at org.apache.ratis.thirdparty.io.netty.channel.nio.AbstractNioChannel$AbstractNioUnsafe.finishConnect(AbstractNioChannel.java:340)
	at org.apache.ratis.thirdparty.io.netty.channel.nio.NioEventLoop.processSelectedKey(NioEventLoop.java:632)
	at org.apache.ratis.thirdparty.io.netty.channel.nio.NioEventLoop.processSelectedKeysOptimized(NioEventLoop.java:579)
	at org.apache.ratis.thirdparty.io.netty.channel.nio.NioEventLoop.processSelectedKeys(NioEventLoop.java:496)
	at org.apache.ratis.thirdparty.io.netty.channel.nio.NioEventLoop.run(NioEventLoop.java:458)
	at org.apache.ratis.thirdparty.io.netty.util.concurrent.SingleThreadEventExecutor$5.run(SingleThreadEventExecutor.java:897)
	at org.apache.ratis.thirdparty.io.netty.util.concurrent.FastThreadLocalRunnable.run(FastThreadLocalRunnable.java:30)
	... 1 more
Caused by: java.net.ConnectException: Connection refused
	... 11 more
2019-09-25 05:31:58,575 [f9c12371-c091-4b4a-8db2-6f0db97bbab3@group-43825EC81F5D:LeaderElection213] INFO  impl.LeaderElection (LogUtils.java:infoOrTrace(149)) - f9c12371-c091-4b4a-8db2-6f0db97bbab3@group-43825EC81F5D:LeaderElection213 got exception when requesting votes: {}
java.util.concurrent.ExecutionException: org.apache.ratis.thirdparty.io.grpc.StatusRuntimeException: UNAVAILABLE: io exception
	at java.util.concurrent.FutureTask.report(FutureTask.java:122)
	at java.util.concurrent.FutureTask.get(FutureTask.java:192)
	at org.apache.ratis.server.impl.LeaderElection.waitForResults(LeaderElection.java:263)
	at org.apache.ratis.server.impl.LeaderElection.askForVotes(LeaderElection.java:201)
	at org.apache.ratis.server.impl.LeaderElection.run(LeaderElection.java:133)
	at java.lang.Thread.run(Thread.java:748)
Caused by: org.apache.ratis.thirdparty.io.grpc.StatusRuntimeException: UNAVAILABLE: io exception
	at org.apache.ratis.thirdparty.io.grpc.stub.ClientCalls.toStatusRuntimeException(ClientCalls.java:233)
	at org.apache.ratis.thirdparty.io.grpc.stub.ClientCalls.getUnchecked(ClientCalls.java:214)
	at org.apache.ratis.thirdparty.io.grpc.stub.ClientCalls.blockingUnaryCall(ClientCalls.java:139)
	at org.apache.ratis.proto.grpc.RaftServerProtocolServiceGrpc$RaftServerProtocolServiceBlockingStub.requestVote(RaftServerProtocolServiceGrpc.java:265)
	at org.apache.ratis.grpc.server.GrpcServerProtocolClient.requestVote(GrpcServerProtocolClient.java:90)
	at org.apache.ratis.grpc.server.GrpcService.requestVote(GrpcService.java:204)
	at org.apache.ratis.server.impl.LeaderElection.lambda$submitRequests$1(LeaderElection.java:238)
	at java.util.concurrent.FutureTask.run(FutureTask.java:266)
	at java.util.concurrent.Executors$RunnableAdapter.call(Executors.java:511)
	at java.util.concurrent.FutureTask.run(FutureTask.java:266)
	at java.util.concurrent.ThreadPoolExecutor.runWorker(ThreadPoolExecutor.java:1149)
	at java.util.concurrent.ThreadPoolExecutor$Worker.run(ThreadPoolExecutor.java:624)
	... 1 more
Caused by: org.apache.ratis.thirdparty.io.netty.channel.AbstractChannel$AnnotatedConnectException: Connection refused: /192.168.36.126:37960
	at sun.nio.ch.SocketChannelImpl.checkConnect(Native Method)
	at sun.nio.ch.SocketChannelImpl.finishConnect(SocketChannelImpl.java:717)
	at org.apache.ratis.thirdparty.io.netty.channel.socket.nio.NioSocketChannel.doFinishConnect(NioSocketChannel.java:327)
	at org.apache.ratis.thirdparty.io.netty.channel.nio.AbstractNioChannel$AbstractNioUnsafe.finishConnect(AbstractNioChannel.java:340)
	at org.apache.ratis.thirdparty.io.netty.channel.nio.NioEventLoop.processSelectedKey(NioEventLoop.java:632)
	at org.apache.ratis.thirdparty.io.netty.channel.nio.NioEventLoop.processSelectedKeysOptimized(NioEventLoop.java:579)
	at org.apache.ratis.thirdparty.io.netty.channel.nio.NioEventLoop.processSelectedKeys(NioEventLoop.java:496)
	at org.apache.ratis.thirdparty.io.netty.channel.nio.NioEventLoop.run(NioEventLoop.java:458)
	at org.apache.ratis.thirdparty.io.netty.util.concurrent.SingleThreadEventExecutor$5.run(SingleThreadEventExecutor.java:897)
	at org.apache.ratis.thirdparty.io.netty.util.concurrent.FastThreadLocalRunnable.run(FastThreadLocalRunnable.java:30)
	... 1 more
Caused by: java.net.ConnectException: Connection refused
	... 11 more
2019-09-25 05:31:58,575 [a58d7528-614e-4c39-a3a3-38beaa9905aa@group-0EC8D23D101B:LeaderElection211] INFO  impl.LeaderElection (LogUtils.java:infoOrTrace(149)) - a58d7528-614e-4c39-a3a3-38beaa9905aa@group-0EC8D23D101B:LeaderElection211 got exception when requesting votes: {}
java.util.concurrent.ExecutionException: org.apache.ratis.thirdparty.io.grpc.StatusRuntimeException: UNAVAILABLE: io exception
	at java.util.concurrent.FutureTask.report(FutureTask.java:122)
	at java.util.concurrent.FutureTask.get(FutureTask.java:192)
	at org.apache.ratis.server.impl.LeaderElection.waitForResults(LeaderElection.java:263)
	at org.apache.ratis.server.impl.LeaderElection.askForVotes(LeaderElection.java:201)
	at org.apache.ratis.server.impl.LeaderElection.run(LeaderElection.java:133)
	at java.lang.Thread.run(Thread.java:748)
Caused by: org.apache.ratis.thirdparty.io.grpc.StatusRuntimeException: UNAVAILABLE: io exception
	at org.apache.ratis.thirdparty.io.grpc.stub.ClientCalls.toStatusRuntimeException(ClientCalls.java:233)
	at org.apache.ratis.thirdparty.io.grpc.stub.ClientCalls.getUnchecked(ClientCalls.java:214)
	at org.apache.ratis.thirdparty.io.grpc.stub.ClientCalls.blockingUnaryCall(ClientCalls.java:139)
	at org.apache.ratis.proto.grpc.RaftServerProtocolServiceGrpc$RaftServerProtocolServiceBlockingStub.requestVote(RaftServerProtocolServiceGrpc.java:265)
	at org.apache.ratis.grpc.server.GrpcServerProtocolClient.requestVote(GrpcServerProtocolClient.java:90)
	at org.apache.ratis.grpc.server.GrpcService.requestVote(GrpcService.java:204)
	at org.apache.ratis.server.impl.LeaderElection.lambda$submitRequests$1(LeaderElection.java:238)
	at java.util.concurrent.FutureTask.run(FutureTask.java:266)
	at java.util.concurrent.Executors$RunnableAdapter.call(Executors.java:511)
	at java.util.concurrent.FutureTask.run(FutureTask.java:266)
	at java.util.concurrent.ThreadPoolExecutor.runWorker(ThreadPoolExecutor.java:1149)
	at java.util.concurrent.ThreadPoolExecutor$Worker.run(ThreadPoolExecutor.java:624)
	... 1 more
Caused by: org.apache.ratis.thirdparty.io.netty.channel.AbstractChannel$AnnotatedConnectException: Connection refused: /192.168.36.126:37960
	at sun.nio.ch.SocketChannelImpl.checkConnect(Native Method)
	at sun.nio.ch.SocketChannelImpl.finishConnect(SocketChannelImpl.java:717)
	at org.apache.ratis.thirdparty.io.netty.channel.socket.nio.NioSocketChannel.doFinishConnect(NioSocketChannel.java:327)
	at org.apache.ratis.thirdparty.io.netty.channel.nio.AbstractNioChannel$AbstractNioUnsafe.finishConnect(AbstractNioChannel.java:340)
	at org.apache.ratis.thirdparty.io.netty.channel.nio.NioEventLoop.processSelectedKey(NioEventLoop.java:632)
	at org.apache.ratis.thirdparty.io.netty.channel.nio.NioEventLoop.processSelectedKeysOptimized(NioEventLoop.java:579)
	at org.apache.ratis.thirdparty.io.netty.channel.nio.NioEventLoop.processSelectedKeys(NioEventLoop.java:496)
	at org.apache.ratis.thirdparty.io.netty.channel.nio.NioEventLoop.run(NioEventLoop.java:458)
	at org.apache.ratis.thirdparty.io.netty.util.concurrent.SingleThreadEventExecutor$5.run(SingleThreadEventExecutor.java:897)
	at org.apache.ratis.thirdparty.io.netty.util.concurrent.FastThreadLocalRunnable.run(FastThreadLocalRunnable.java:30)
	... 1 more
Caused by: java.net.ConnectException: Connection refused
	... 11 more
2019-09-25 05:31:58,575 [5c3318fc-c419-4298-b427-bf5a9ca27bf0@group-21C2C432FD88:LeaderElection214] INFO  impl.LeaderElection (LogUtils.java:infoOrTrace(149)) - 5c3318fc-c419-4298-b427-bf5a9ca27bf0@group-21C2C432FD88:LeaderElection214 got exception when requesting votes: {}
java.util.concurrent.ExecutionException: org.apache.ratis.thirdparty.io.grpc.StatusRuntimeException: UNAVAILABLE: io exception
	at java.util.concurrent.FutureTask.report(FutureTask.java:122)
	at java.util.concurrent.FutureTask.get(FutureTask.java:192)
	at org.apache.ratis.server.impl.LeaderElection.waitForResults(LeaderElection.java:263)
	at org.apache.ratis.server.impl.LeaderElection.askForVotes(LeaderElection.java:201)
	at org.apache.ratis.server.impl.LeaderElection.run(LeaderElection.java:133)
	at java.lang.Thread.run(Thread.java:748)
Caused by: org.apache.ratis.thirdparty.io.grpc.StatusRuntimeException: UNAVAILABLE: io exception
	at org.apache.ratis.thirdparty.io.grpc.stub.ClientCalls.toStatusRuntimeException(ClientCalls.java:233)
	at org.apache.ratis.thirdparty.io.grpc.stub.ClientCalls.getUnchecked(ClientCalls.java:214)
	at org.apache.ratis.thirdparty.io.grpc.stub.ClientCalls.blockingUnaryCall(ClientCalls.java:139)
	at org.apache.ratis.proto.grpc.RaftServerProtocolServiceGrpc$RaftServerProtocolServiceBlockingStub.requestVote(RaftServerProtocolServiceGrpc.java:265)
	at org.apache.ratis.grpc.server.GrpcServerProtocolClient.requestVote(GrpcServerProtocolClient.java:90)
	at org.apache.ratis.grpc.server.GrpcService.requestVote(GrpcService.java:204)
	at org.apache.ratis.server.impl.LeaderElection.lambda$submitRequests$1(LeaderElection.java:238)
	at java.util.concurrent.FutureTask.run(FutureTask.java:266)
	at java.util.concurrent.Executors$RunnableAdapter.call(Executors.java:511)
	at java.util.concurrent.FutureTask.run(FutureTask.java:266)
	at java.util.concurrent.ThreadPoolExecutor.runWorker(ThreadPoolExecutor.java:1149)
	at java.util.concurrent.ThreadPoolExecutor$Worker.run(ThreadPoolExecutor.java:624)
	... 1 more
Caused by: org.apache.ratis.thirdparty.io.netty.channel.AbstractChannel$AnnotatedConnectException: Connection refused: /192.168.36.126:36814
	at sun.nio.ch.SocketChannelImpl.checkConnect(Native Method)
	at sun.nio.ch.SocketChannelImpl.finishConnect(SocketChannelImpl.java:717)
	at org.apache.ratis.thirdparty.io.netty.channel.socket.nio.NioSocketChannel.doFinishConnect(NioSocketChannel.java:327)
	at org.apache.ratis.thirdparty.io.netty.channel.nio.AbstractNioChannel$AbstractNioUnsafe.finishConnect(AbstractNioChannel.java:340)
	at org.apache.ratis.thirdparty.io.netty.channel.nio.NioEventLoop.processSelectedKey(NioEventLoop.java:632)
	at org.apache.ratis.thirdparty.io.netty.channel.nio.NioEventLoop.processSelectedKeysOptimized(NioEventLoop.java:579)
	at org.apache.ratis.thirdparty.io.netty.channel.nio.NioEventLoop.processSelectedKeys(NioEventLoop.java:496)
	at org.apache.ratis.thirdparty.io.netty.channel.nio.NioEventLoop.run(NioEventLoop.java:458)
	at org.apache.ratis.thirdparty.io.netty.util.concurrent.SingleThreadEventExecutor$5.run(SingleThreadEventExecutor.java:897)
	at org.apache.ratis.thirdparty.io.netty.util.concurrent.FastThreadLocalRunnable.run(FastThreadLocalRunnable.java:30)
	... 1 more
Caused by: java.net.ConnectException: Connection refused
	... 11 more
2019-09-25 05:31:58,574 [f9c12371-c091-4b4a-8db2-6f0db97bbab3@group-0EC8D23D101B:LeaderElection210] INFO  impl.LeaderElection (LogUtils.java:infoOrTrace(149)) - f9c12371-c091-4b4a-8db2-6f0db97bbab3@group-0EC8D23D101B:LeaderElection210 got exception when requesting votes: {}
java.util.concurrent.ExecutionException: org.apache.ratis.thirdparty.io.grpc.StatusRuntimeException: UNAVAILABLE: io exception
	at java.util.concurrent.FutureTask.report(FutureTask.java:122)
	at java.util.concurrent.FutureTask.get(FutureTask.java:192)
	at org.apache.ratis.server.impl.LeaderElection.waitForResults(LeaderElection.java:263)
	at org.apache.ratis.server.impl.LeaderElection.askForVotes(LeaderElection.java:201)
	at org.apache.ratis.server.impl.LeaderElection.run(LeaderElection.java:133)
	at java.lang.Thread.run(Thread.java:748)
Caused by: org.apache.ratis.thirdparty.io.grpc.StatusRuntimeException: UNAVAILABLE: io exception
	at org.apache.ratis.thirdparty.io.grpc.stub.ClientCalls.toStatusRuntimeException(ClientCalls.java:233)
	at org.apache.ratis.thirdparty.io.grpc.stub.ClientCalls.getUnchecked(ClientCalls.java:214)
	at org.apache.ratis.thirdparty.io.grpc.stub.ClientCalls.blockingUnaryCall(ClientCalls.java:139)
	at org.apache.ratis.proto.grpc.RaftServerProtocolServiceGrpc$RaftServerProtocolServiceBlockingStub.requestVote(RaftServerProtocolServiceGrpc.java:265)
	at org.apache.ratis.grpc.server.GrpcServerProtocolClient.requestVote(GrpcServerProtocolClient.java:90)
	at org.apache.ratis.grpc.server.GrpcService.requestVote(GrpcService.java:204)
	at org.apache.ratis.server.impl.LeaderElection.lambda$submitRequests$1(LeaderElection.java:238)
	at java.util.concurrent.FutureTask.run(FutureTask.java:266)
	at java.util.concurrent.Executors$RunnableAdapter.call(Executors.java:511)
	at java.util.concurrent.FutureTask.run(FutureTask.java:266)
	at java.util.concurrent.ThreadPoolExecutor.runWorker(ThreadPoolExecutor.java:1149)
	at java.util.concurrent.ThreadPoolExecutor$Worker.run(ThreadPoolExecutor.java:624)
	... 1 more
Caused by: org.apache.ratis.thirdparty.io.netty.channel.AbstractChannel$AnnotatedConnectException: Connection refused: /192.168.36.126:37960
	at sun.nio.ch.SocketChannelImpl.checkConnect(Native Method)
	at sun.nio.ch.SocketChannelImpl.finishConnect(SocketChannelImpl.java:717)
	at org.apache.ratis.thirdparty.io.netty.channel.socket.nio.NioSocketChannel.doFinishConnect(NioSocketChannel.java:327)
	at org.apache.ratis.thirdparty.io.netty.channel.nio.AbstractNioChannel$AbstractNioUnsafe.finishConnect(AbstractNioChannel.java:340)
	at org.apache.ratis.thirdparty.io.netty.channel.nio.NioEventLoop.processSelectedKey(NioEventLoop.java:632)
	at org.apache.ratis.thirdparty.io.netty.channel.nio.NioEventLoop.processSelectedKeysOptimized(NioEventLoop.java:579)
	at org.apache.ratis.thirdparty.io.netty.channel.nio.NioEventLoop.processSelectedKeys(NioEventLoop.java:496)
	at org.apache.ratis.thirdparty.io.netty.channel.nio.NioEventLoop.run(NioEventLoop.java:458)
	at org.apache.ratis.thirdparty.io.netty.util.concurrent.SingleThreadEventExecutor$5.run(SingleThreadEventExecutor.java:897)
	at org.apache.ratis.thirdparty.io.netty.util.concurrent.FastThreadLocalRunnable.run(FastThreadLocalRunnable.java:30)
	... 1 more
Caused by: java.net.ConnectException: Connection refused
	... 11 more
2019-09-25 05:31:58,574 [f9c12371-c091-4b4a-8db2-6f0db97bbab3@group-AEFF648B0F59:LeaderElection209] INFO  impl.LeaderElection (LeaderElection.java:logAndReturn(56)) - f9c12371-c091-4b4a-8db2-6f0db97bbab3@group-AEFF648B0F59:LeaderElection209: Election REJECTED; received 1 response(s) [f9c12371-c091-4b4a-8db2-6f0db97bbab3<-a58d7528-614e-4c39-a3a3-38beaa9905aa#0:FAIL-t14] and 1 exception(s); f9c12371-c091-4b4a-8db2-6f0db97bbab3@group-AEFF648B0F59:t14, leader=null, voted=f9c12371-c091-4b4a-8db2-6f0db97bbab3, raftlog=f9c12371-c091-4b4a-8db2-6f0db97bbab3@group-AEFF648B0F59-SegmentedRaftLog:OPENED:c-1,f-1,i0, conf=-1: [a58d7528-614e-4c39-a3a3-38beaa9905aa:192.168.36.126:37942, f9c12371-c091-4b4a-8db2-6f0db97bbab3:192.168.36.126:46560, ce8ac917-2646-4112-adf7-d577593fabcb:192.168.36.126:37960], old=null
2019-09-25 05:31:58,578 [f9c12371-c091-4b4a-8db2-6f0db97bbab3@group-43825EC81F5D:LeaderElection213] INFO  impl.LeaderElection (LeaderElection.java:logAndReturn(56)) - f9c12371-c091-4b4a-8db2-6f0db97bbab3@group-43825EC81F5D:LeaderElection213: Election REJECTED; received 1 response(s) [f9c12371-c091-4b4a-8db2-6f0db97bbab3<-a58d7528-614e-4c39-a3a3-38beaa9905aa#0:FAIL-t10] and 1 exception(s); f9c12371-c091-4b4a-8db2-6f0db97bbab3@group-43825EC81F5D:t10, leader=null, voted=f9c12371-c091-4b4a-8db2-6f0db97bbab3, raftlog=f9c12371-c091-4b4a-8db2-6f0db97bbab3@group-43825EC81F5D-SegmentedRaftLog:OPENED:c-1,f-1,i0, conf=-1: [a58d7528-614e-4c39-a3a3-38beaa9905aa:192.168.36.126:37942, f9c12371-c091-4b4a-8db2-6f0db97bbab3:192.168.36.126:46560, ce8ac917-2646-4112-adf7-d577593fabcb:192.168.36.126:37960], old=null
2019-09-25 05:31:58,577 [5c3318fc-c419-4298-b427-bf5a9ca27bf0@group-21C2C432FD88:LeaderElection214] INFO  impl.LeaderElection (LogUtils.java:infoOrTrace(149)) - 5c3318fc-c419-4298-b427-bf5a9ca27bf0@group-21C2C432FD88:LeaderElection214 got exception when requesting votes: {}
java.util.concurrent.ExecutionException: org.apache.ratis.thirdparty.io.grpc.StatusRuntimeException: UNAVAILABLE: io exception
	at java.util.concurrent.FutureTask.report(FutureTask.java:122)
	at java.util.concurrent.FutureTask.get(FutureTask.java:192)
	at org.apache.ratis.server.impl.LeaderElection.waitForResults(LeaderElection.java:263)
	at org.apache.ratis.server.impl.LeaderElection.askForVotes(LeaderElection.java:201)
	at org.apache.ratis.server.impl.LeaderElection.run(LeaderElection.java:133)
	at java.lang.Thread.run(Thread.java:748)
Caused by: org.apache.ratis.thirdparty.io.grpc.StatusRuntimeException: UNAVAILABLE: io exception
	at org.apache.ratis.thirdparty.io.grpc.stub.ClientCalls.toStatusRuntimeException(ClientCalls.java:233)
	at org.apache.ratis.thirdparty.io.grpc.stub.ClientCalls.getUnchecked(ClientCalls.java:214)
	at org.apache.ratis.thirdparty.io.grpc.stub.ClientCalls.blockingUnaryCall(ClientCalls.java:139)
	at org.apache.ratis.proto.grpc.RaftServerProtocolServiceGrpc$RaftServerProtocolServiceBlockingStub.requestVote(RaftServerProtocolServiceGrpc.java:265)
	at org.apache.ratis.grpc.server.GrpcServerProtocolClient.requestVote(GrpcServerProtocolClient.java:90)
	at org.apache.ratis.grpc.server.GrpcService.requestVote(GrpcService.java:204)
	at org.apache.ratis.server.impl.LeaderElection.lambda$submitRequests$1(LeaderElection.java:238)
	at java.util.concurrent.FutureTask.run(FutureTask.java:266)
	at java.util.concurrent.Executors$RunnableAdapter.call(Executors.java:511)
	at java.util.concurrent.FutureTask.run(FutureTask.java:266)
	at java.util.concurrent.ThreadPoolExecutor.runWorker(ThreadPoolExecutor.java:1149)
	at java.util.concurrent.ThreadPoolExecutor$Worker.run(ThreadPoolExecutor.java:624)
	... 1 more
Caused by: org.apache.ratis.thirdparty.io.netty.channel.AbstractChannel$AnnotatedConnectException: Connection refused: /192.168.36.126:37817
	at sun.nio.ch.SocketChannelImpl.checkConnect(Native Method)
	at sun.nio.ch.SocketChannelImpl.finishConnect(SocketChannelImpl.java:717)
	at org.apache.ratis.thirdparty.io.netty.channel.socket.nio.NioSocketChannel.doFinishConnect(NioSocketChannel.java:327)
	at org.apache.ratis.thirdparty.io.netty.channel.nio.AbstractNioChannel$AbstractNioUnsafe.finishConnect(AbstractNioChannel.java:340)
	at org.apache.ratis.thirdparty.io.netty.channel.nio.NioEventLoop.processSelectedKey(NioEventLoop.java:632)
	at org.apache.ratis.thirdparty.io.netty.channel.nio.NioEventLoop.processSelectedKeysOptimized(NioEventLoop.java:579)
	at org.apache.ratis.thirdparty.io.netty.channel.nio.NioEventLoop.processSelectedKeys(NioEventLoop.java:496)
	at org.apache.ratis.thirdparty.io.netty.channel.nio.NioEventLoop.run(NioEventLoop.java:458)
	at org.apache.ratis.thirdparty.io.netty.util.concurrent.SingleThreadEventExecutor$5.run(SingleThreadEventExecutor.java:897)
	at org.apache.ratis.thirdparty.io.netty.util.concurrent.FastThreadLocalRunnable.run(FastThreadLocalRunnable.java:30)
	... 1 more
Caused by: java.net.ConnectException: Connection refused
	... 11 more
2019-09-25 05:31:58,576 [a58d7528-614e-4c39-a3a3-38beaa9905aa@group-43825EC81F5D:LeaderElection212] INFO  impl.LeaderElection (LogUtils.java:infoOrTrace(149)) - a58d7528-614e-4c39-a3a3-38beaa9905aa@group-43825EC81F5D:LeaderElection212 got exception when requesting votes: {}
java.util.concurrent.ExecutionException: org.apache.ratis.thirdparty.io.grpc.StatusRuntimeException: UNAVAILABLE: io exception
	at java.util.concurrent.FutureTask.report(FutureTask.java:122)
	at java.util.concurrent.FutureTask.get(FutureTask.java:192)
	at org.apache.ratis.server.impl.LeaderElection.waitForResults(LeaderElection.java:263)
	at org.apache.ratis.server.impl.LeaderElection.askForVotes(LeaderElection.java:201)
	at org.apache.ratis.server.impl.LeaderElection.run(LeaderElection.java:133)
	at java.lang.Thread.run(Thread.java:748)
Caused by: org.apache.ratis.thirdparty.io.grpc.StatusRuntimeException: UNAVAILABLE: io exception
	at org.apache.ratis.thirdparty.io.grpc.stub.ClientCalls.toStatusRuntimeException(ClientCalls.java:233)
	at org.apache.ratis.thirdparty.io.grpc.stub.ClientCalls.getUnchecked(ClientCalls.java:214)
	at org.apache.ratis.thirdparty.io.grpc.stub.ClientCalls.blockingUnaryCall(ClientCalls.java:139)
	at org.apache.ratis.proto.grpc.RaftServerProtocolServiceGrpc$RaftServerProtocolServiceBlockingStub.requestVote(RaftServerProtocolServiceGrpc.java:265)
	at org.apache.ratis.grpc.server.GrpcServerProtocolClient.requestVote(GrpcServerProtocolClient.java:90)
	at org.apache.ratis.grpc.server.GrpcService.requestVote(GrpcService.java:204)
	at org.apache.ratis.server.impl.LeaderElection.lambda$submitRequests$1(LeaderElection.java:238)
	at java.util.concurrent.FutureTask.run(FutureTask.java:266)
	at java.util.concurrent.Executors$RunnableAdapter.call(Executors.java:511)
	at java.util.concurrent.FutureTask.run(FutureTask.java:266)
	at java.util.concurrent.ThreadPoolExecutor.runWorker(ThreadPoolExecutor.java:1149)
	at java.util.concurrent.ThreadPoolExecutor$Worker.run(ThreadPoolExecutor.java:624)
	... 1 more
Caused by: org.apache.ratis.thirdparty.io.netty.channel.AbstractChannel$AnnotatedConnectException: Connection refused: /192.168.36.126:37960
	at sun.nio.ch.SocketChannelImpl.checkConnect(Native Method)
	at sun.nio.ch.SocketChannelImpl.finishConnect(SocketChannelImpl.java:717)
	at org.apache.ratis.thirdparty.io.netty.channel.socket.nio.NioSocketChannel.doFinishConnect(NioSocketChannel.java:327)
	at org.apache.ratis.thirdparty.io.netty.channel.nio.AbstractNioChannel$AbstractNioUnsafe.finishConnect(AbstractNioChannel.java:340)
	at org.apache.ratis.thirdparty.io.netty.channel.nio.NioEventLoop.processSelectedKey(NioEventLoop.java:632)
	at org.apache.ratis.thirdparty.io.netty.channel.nio.NioEventLoop.processSelectedKeysOptimized(NioEventLoop.java:579)
	at org.apache.ratis.thirdparty.io.netty.channel.nio.NioEventLoop.processSelectedKeys(NioEventLoop.java:496)
	at org.apache.ratis.thirdparty.io.netty.channel.nio.NioEventLoop.run(NioEventLoop.java:458)
	at org.apache.ratis.thirdparty.io.netty.util.concurrent.SingleThreadEventExecutor$5.run(SingleThreadEventExecutor.java:897)
	at org.apache.ratis.thirdparty.io.netty.util.concurrent.FastThreadLocalRunnable.run(FastThreadLocalRunnable.java:30)
	... 1 more
Caused by: java.net.ConnectException: Connection refused
	... 11 more
2019-09-25 05:31:58,579 [5c3318fc-c419-4298-b427-bf5a9ca27bf0@group-21C2C432FD88:LeaderElection214] INFO  impl.LeaderElection (LeaderElection.java:logAndReturn(56)) - 5c3318fc-c419-4298-b427-bf5a9ca27bf0@group-21C2C432FD88:LeaderElection214: Election REJECTED; received 0 response(s) [] and 2 exception(s); 5c3318fc-c419-4298-b427-bf5a9ca27bf0@group-21C2C432FD88:t17, leader=null, voted=5c3318fc-c419-4298-b427-bf5a9ca27bf0, raftlog=5c3318fc-c419-4298-b427-bf5a9ca27bf0@group-21C2C432FD88-SegmentedRaftLog:OPENED:c-1,f-1,i0, conf=-1: [5c3318fc-c419-4298-b427-bf5a9ca27bf0:192.168.36.126:46795, 61946a22-29ed-4e77-8449-fae4cd9869e9:192.168.36.126:36814, 0d4a37ed-4cec-423a-a360-e4a879eb6bc0:192.168.36.126:37817], old=null
2019-09-25 05:31:58,578 [a58d7528-614e-4c39-a3a3-38beaa9905aa@group-AEFF648B0F59:LeaderElection215] INFO  impl.LeaderElection (LeaderElection.java:logAndReturn(56)) - a58d7528-614e-4c39-a3a3-38beaa9905aa@group-AEFF648B0F59:LeaderElection215: Election REJECTED; received 1 response(s) [a58d7528-614e-4c39-a3a3-38beaa9905aa<-f9c12371-c091-4b4a-8db2-6f0db97bbab3#0:FAIL-t14] and 1 exception(s); a58d7528-614e-4c39-a3a3-38beaa9905aa@group-AEFF648B0F59:t14, leader=null, voted=a58d7528-614e-4c39-a3a3-38beaa9905aa, raftlog=a58d7528-614e-4c39-a3a3-38beaa9905aa@group-AEFF648B0F59-SegmentedRaftLog:OPENED:c-1,f-1,i0, conf=-1: [a58d7528-614e-4c39-a3a3-38beaa9905aa:192.168.36.126:37942, f9c12371-c091-4b4a-8db2-6f0db97bbab3:192.168.36.126:46560, ce8ac917-2646-4112-adf7-d577593fabcb:192.168.36.126:37960], old=null
2019-09-25 05:31:58,578 [f9c12371-c091-4b4a-8db2-6f0db97bbab3@group-43825EC81F5D:LeaderElection213] INFO  impl.LeaderElection (LogUtils.java:infoOrTrace(149)) -   Exception 0: {}
java.util.concurrent.ExecutionException: org.apache.ratis.thirdparty.io.grpc.StatusRuntimeException: UNAVAILABLE: io exception
	at java.util.concurrent.FutureTask.report(FutureTask.java:122)
	at java.util.concurrent.FutureTask.get(FutureTask.java:192)
	at org.apache.ratis.server.impl.LeaderElection.waitForResults(LeaderElection.java:263)
	at org.apache.ratis.server.impl.LeaderElection.askForVotes(LeaderElection.java:201)
	at org.apache.ratis.server.impl.LeaderElection.run(LeaderElection.java:133)
	at java.lang.Thread.run(Thread.java:748)
Caused by: org.apache.ratis.thirdparty.io.grpc.StatusRuntimeException: UNAVAILABLE: io exception
	at org.apache.ratis.thirdparty.io.grpc.stub.ClientCalls.toStatusRuntimeException(ClientCalls.java:233)
	at org.apache.ratis.thirdparty.io.grpc.stub.ClientCalls.getUnchecked(ClientCalls.java:214)
	at org.apache.ratis.thirdparty.io.grpc.stub.ClientCalls.blockingUnaryCall(ClientCalls.java:139)
	at org.apache.ratis.proto.grpc.RaftServerProtocolServiceGrpc$RaftServerProtocolServiceBlockingStub.requestVote(RaftServerProtocolServiceGrpc.java:265)
	at org.apache.ratis.grpc.server.GrpcServerProtocolClient.requestVote(GrpcServerProtocolClient.java:90)
	at org.apache.ratis.grpc.server.GrpcService.requestVote(GrpcService.java:204)
	at org.apache.ratis.server.impl.LeaderElection.lambda$submitRequests$1(LeaderElection.java:238)
	at java.util.concurrent.FutureTask.run(FutureTask.java:266)
	at java.util.concurrent.Executors$RunnableAdapter.call(Executors.java:511)
	at java.util.concurrent.FutureTask.run(FutureTask.java:266)
	at java.util.concurrent.ThreadPoolExecutor.runWorker(ThreadPoolExecutor.java:1149)
	at java.util.concurrent.ThreadPoolExecutor$Worker.run(ThreadPoolExecutor.java:624)
	... 1 more
Caused by: org.apache.ratis.thirdparty.io.netty.channel.AbstractChannel$AnnotatedConnectException: Connection refused: /192.168.36.126:37960
	at sun.nio.ch.SocketChannelImpl.checkConnect(Native Method)
	at sun.nio.ch.SocketChannelImpl.finishConnect(SocketChannelImpl.java:717)
	at org.apache.ratis.thirdparty.io.netty.channel.socket.nio.NioSocketChannel.doFinishConnect(NioSocketChannel.java:327)
	at org.apache.ratis.thirdparty.io.netty.channel.nio.AbstractNioChannel$AbstractNioUnsafe.finishConnect(AbstractNioChannel.java:340)
	at org.apache.ratis.thirdparty.io.netty.channel.nio.NioEventLoop.processSelectedKey(NioEventLoop.java:632)
	at org.apache.ratis.thirdparty.io.netty.channel.nio.NioEventLoop.processSelectedKeysOptimized(NioEventLoop.java:579)
	at org.apache.ratis.thirdparty.io.netty.channel.nio.NioEventLoop.processSelectedKeys(NioEventLoop.java:496)
	at org.apache.ratis.thirdparty.io.netty.channel.nio.NioEventLoop.run(NioEventLoop.java:458)
	at org.apache.ratis.thirdparty.io.netty.util.concurrent.SingleThreadEventExecutor$5.run(SingleThreadEventExecutor.java:897)
	at org.apache.ratis.thirdparty.io.netty.util.concurrent.FastThreadLocalRunnable.run(FastThreadLocalRunnable.java:30)
	... 1 more
Caused by: java.net.ConnectException: Connection refused
	... 11 more
2019-09-25 05:31:58,578 [a58d7528-614e-4c39-a3a3-38beaa9905aa@group-0EC8D23D101B:LeaderElection211] INFO  impl.LeaderElection (LeaderElection.java:logAndReturn(56)) - a58d7528-614e-4c39-a3a3-38beaa9905aa@group-0EC8D23D101B:LeaderElection211: Election REJECTED; received 1 response(s) [a58d7528-614e-4c39-a3a3-38beaa9905aa<-f9c12371-c091-4b4a-8db2-6f0db97bbab3#0:FAIL-t14] and 1 exception(s); a58d7528-614e-4c39-a3a3-38beaa9905aa@group-0EC8D23D101B:t14, leader=null, voted=a58d7528-614e-4c39-a3a3-38beaa9905aa, raftlog=a58d7528-614e-4c39-a3a3-38beaa9905aa@group-0EC8D23D101B-SegmentedRaftLog:OPENED:c-1,f-1,i0, conf=-1: [a58d7528-614e-4c39-a3a3-38beaa9905aa:192.168.36.126:37942, f9c12371-c091-4b4a-8db2-6f0db97bbab3:192.168.36.126:46560, ce8ac917-2646-4112-adf7-d577593fabcb:192.168.36.126:37960], old=null
2019-09-25 05:31:58,578 [f9c12371-c091-4b4a-8db2-6f0db97bbab3@group-0EC8D23D101B:LeaderElection210] INFO  impl.LeaderElection (LeaderElection.java:logAndReturn(56)) - f9c12371-c091-4b4a-8db2-6f0db97bbab3@group-0EC8D23D101B:LeaderElection210: Election REJECTED; received 1 response(s) [f9c12371-c091-4b4a-8db2-6f0db97bbab3<-a58d7528-614e-4c39-a3a3-38beaa9905aa#0:FAIL-t14] and 1 exception(s); f9c12371-c091-4b4a-8db2-6f0db97bbab3@group-0EC8D23D101B:t14, leader=null, voted=f9c12371-c091-4b4a-8db2-6f0db97bbab3, raftlog=f9c12371-c091-4b4a-8db2-6f0db97bbab3@group-0EC8D23D101B-SegmentedRaftLog:OPENED:c-1,f-1,i0, conf=-1: [a58d7528-614e-4c39-a3a3-38beaa9905aa:192.168.36.126:37942, f9c12371-c091-4b4a-8db2-6f0db97bbab3:192.168.36.126:46560, ce8ac917-2646-4112-adf7-d577593fabcb:192.168.36.126:37960], old=null
2019-09-25 05:31:58,578 [f9c12371-c091-4b4a-8db2-6f0db97bbab3@group-AEFF648B0F59:LeaderElection209] INFO  impl.LeaderElection (LogUtils.java:infoOrTrace(149)) -   Exception 0: {}
java.util.concurrent.ExecutionException: org.apache.ratis.thirdparty.io.grpc.StatusRuntimeException: UNAVAILABLE: io exception
	at java.util.concurrent.FutureTask.report(FutureTask.java:122)
	at java.util.concurrent.FutureTask.get(FutureTask.java:192)
	at org.apache.ratis.server.impl.LeaderElection.waitForResults(LeaderElection.java:263)
	at org.apache.ratis.server.impl.LeaderElection.askForVotes(LeaderElection.java:201)
	at org.apache.ratis.server.impl.LeaderElection.run(LeaderElection.java:133)
	at java.lang.Thread.run(Thread.java:748)
Caused by: org.apache.ratis.thirdparty.io.grpc.StatusRuntimeException: UNAVAILABLE: io exception
	at org.apache.ratis.thirdparty.io.grpc.stub.ClientCalls.toStatusRuntimeException(ClientCalls.java:233)
	at org.apache.ratis.thirdparty.io.grpc.stub.ClientCalls.getUnchecked(ClientCalls.java:214)
	at org.apache.ratis.thirdparty.io.grpc.stub.ClientCalls.blockingUnaryCall(ClientCalls.java:139)
	at org.apache.ratis.proto.grpc.RaftServerProtocolServiceGrpc$RaftServerProtocolServiceBlockingStub.requestVote(RaftServerProtocolServiceGrpc.java:265)
	at org.apache.ratis.grpc.server.GrpcServerProtocolClient.requestVote(GrpcServerProtocolClient.java:90)
	at org.apache.ratis.grpc.server.GrpcService.requestVote(GrpcService.java:204)
	at org.apache.ratis.server.impl.LeaderElection.lambda$submitRequests$1(LeaderElection.java:238)
	at java.util.concurrent.FutureTask.run(FutureTask.java:266)
	at java.util.concurrent.Executors$RunnableAdapter.call(Executors.java:511)
	at java.util.concurrent.FutureTask.run(FutureTask.java:266)
	at java.util.concurrent.ThreadPoolExecutor.runWorker(ThreadPoolExecutor.java:1149)
	at java.util.concurrent.ThreadPoolExecutor$Worker.run(ThreadPoolExecutor.java:624)
	... 1 more
Caused by: org.apache.ratis.thirdparty.io.netty.channel.AbstractChannel$AnnotatedConnectException: Connection refused: /192.168.36.126:37960
	at sun.nio.ch.SocketChannelImpl.checkConnect(Native Method)
	at sun.nio.ch.SocketChannelImpl.finishConnect(SocketChannelImpl.java:717)
	at org.apache.ratis.thirdparty.io.netty.channel.socket.nio.NioSocketChannel.doFinishConnect(NioSocketChannel.java:327)
	at org.apache.ratis.thirdparty.io.netty.channel.nio.AbstractNioChannel$AbstractNioUnsafe.finishConnect(AbstractNioChannel.java:340)
	at org.apache.ratis.thirdparty.io.netty.channel.nio.NioEventLoop.processSelectedKey(NioEventLoop.java:632)
	at org.apache.ratis.thirdparty.io.netty.channel.nio.NioEventLoop.processSelectedKeysOptimized(NioEventLoop.java:579)
	at org.apache.ratis.thirdparty.io.netty.channel.nio.NioEventLoop.processSelectedKeys(NioEventLoop.java:496)
	at org.apache.ratis.thirdparty.io.netty.channel.nio.NioEventLoop.run(NioEventLoop.java:458)
	at org.apache.ratis.thirdparty.io.netty.util.concurrent.SingleThreadEventExecutor$5.run(SingleThreadEventExecutor.java:897)
	at org.apache.ratis.thirdparty.io.netty.util.concurrent.FastThreadLocalRunnable.run(FastThreadLocalRunnable.java:30)
	... 1 more
Caused by: java.net.ConnectException: Connection refused
	... 11 more
2019-09-25 05:31:58,580 [f9c12371-c091-4b4a-8db2-6f0db97bbab3@group-0EC8D23D101B:LeaderElection210] INFO  impl.LeaderElection (LogUtils.java:infoOrTrace(149)) -   Exception 0: {}
java.util.concurrent.ExecutionException: org.apache.ratis.thirdparty.io.grpc.StatusRuntimeException: UNAVAILABLE: io exception
	at java.util.concurrent.FutureTask.report(FutureTask.java:122)
	at java.util.concurrent.FutureTask.get(FutureTask.java:192)
	at org.apache.ratis.server.impl.LeaderElection.waitForResults(LeaderElection.java:263)
	at org.apache.ratis.server.impl.LeaderElection.askForVotes(LeaderElection.java:201)
	at org.apache.ratis.server.impl.LeaderElection.run(LeaderElection.java:133)
	at java.lang.Thread.run(Thread.java:748)
Caused by: org.apache.ratis.thirdparty.io.grpc.StatusRuntimeException: UNAVAILABLE: io exception
	at org.apache.ratis.thirdparty.io.grpc.stub.ClientCalls.toStatusRuntimeException(ClientCalls.java:233)
	at org.apache.ratis.thirdparty.io.grpc.stub.ClientCalls.getUnchecked(ClientCalls.java:214)
	at org.apache.ratis.thirdparty.io.grpc.stub.ClientCalls.blockingUnaryCall(ClientCalls.java:139)
	at org.apache.ratis.proto.grpc.RaftServerProtocolServiceGrpc$RaftServerProtocolServiceBlockingStub.requestVote(RaftServerProtocolServiceGrpc.java:265)
	at org.apache.ratis.grpc.server.GrpcServerProtocolClient.requestVote(GrpcServerProtocolClient.java:90)
	at org.apache.ratis.grpc.server.GrpcService.requestVote(GrpcService.java:204)
	at org.apache.ratis.server.impl.LeaderElection.lambda$submitRequests$1(LeaderElection.java:238)
	at java.util.concurrent.FutureTask.run(FutureTask.java:266)
	at java.util.concurrent.Executors$RunnableAdapter.call(Executors.java:511)
	at java.util.concurrent.FutureTask.run(FutureTask.java:266)
	at java.util.concurrent.ThreadPoolExecutor.runWorker(ThreadPoolExecutor.java:1149)
	at java.util.concurrent.ThreadPoolExecutor$Worker.run(ThreadPoolExecutor.java:624)
	... 1 more
Caused by: org.apache.ratis.thirdparty.io.netty.channel.AbstractChannel$AnnotatedConnectException: Connection refused: /192.168.36.126:37960
	at sun.nio.ch.SocketChannelImpl.checkConnect(Native Method)
	at sun.nio.ch.SocketChannelImpl.finishConnect(SocketChannelImpl.java:717)
	at org.apache.ratis.thirdparty.io.netty.channel.socket.nio.NioSocketChannel.doFinishConnect(NioSocketChannel.java:327)
	at org.apache.ratis.thirdparty.io.netty.channel.nio.AbstractNioChannel$AbstractNioUnsafe.finishConnect(AbstractNioChannel.java:340)
	at org.apache.ratis.thirdparty.io.netty.channel.nio.NioEventLoop.processSelectedKey(NioEventLoop.java:632)
	at org.apache.ratis.thirdparty.io.netty.channel.nio.NioEventLoop.processSelectedKeysOptimized(NioEventLoop.java:579)
	at org.apache.ratis.thirdparty.io.netty.channel.nio.NioEventLoop.processSelectedKeys(NioEventLoop.java:496)
	at org.apache.ratis.thirdparty.io.netty.channel.nio.NioEventLoop.run(NioEventLoop.java:458)
	at org.apache.ratis.thirdparty.io.netty.util.concurrent.SingleThreadEventExecutor$5.run(SingleThreadEventExecutor.java:897)
	at org.apache.ratis.thirdparty.io.netty.util.concurrent.FastThreadLocalRunnable.run(FastThreadLocalRunnable.java:30)
	... 1 more
Caused by: java.net.ConnectException: Connection refused
	... 11 more
2019-09-25 05:31:58,580 [a58d7528-614e-4c39-a3a3-38beaa9905aa@group-0EC8D23D101B:LeaderElection211] INFO  impl.LeaderElection (LogUtils.java:infoOrTrace(149)) -   Exception 0: {}
java.util.concurrent.ExecutionException: org.apache.ratis.thirdparty.io.grpc.StatusRuntimeException: UNAVAILABLE: io exception
	at java.util.concurrent.FutureTask.report(FutureTask.java:122)
	at java.util.concurrent.FutureTask.get(FutureTask.java:192)
	at org.apache.ratis.server.impl.LeaderElection.waitForResults(LeaderElection.java:263)
	at org.apache.ratis.server.impl.LeaderElection.askForVotes(LeaderElection.java:201)
	at org.apache.ratis.server.impl.LeaderElection.run(LeaderElection.java:133)
	at java.lang.Thread.run(Thread.java:748)
Caused by: org.apache.ratis.thirdparty.io.grpc.StatusRuntimeException: UNAVAILABLE: io exception
	at org.apache.ratis.thirdparty.io.grpc.stub.ClientCalls.toStatusRuntimeException(ClientCalls.java:233)
	at org.apache.ratis.thirdparty.io.grpc.stub.ClientCalls.getUnchecked(ClientCalls.java:214)
	at org.apache.ratis.thirdparty.io.grpc.stub.ClientCalls.blockingUnaryCall(ClientCalls.java:139)
	at org.apache.ratis.proto.grpc.RaftServerProtocolServiceGrpc$RaftServerProtocolServiceBlockingStub.requestVote(RaftServerProtocolServiceGrpc.java:265)
	at org.apache.ratis.grpc.server.GrpcServerProtocolClient.requestVote(GrpcServerProtocolClient.java:90)
	at org.apache.ratis.grpc.server.GrpcService.requestVote(GrpcService.java:204)
	at org.apache.ratis.server.impl.LeaderElection.lambda$submitRequests$1(LeaderElection.java:238)
	at java.util.concurrent.FutureTask.run(FutureTask.java:266)
	at java.util.concurrent.Executors$RunnableAdapter.call(Executors.java:511)
	at java.util.concurrent.FutureTask.run(FutureTask.java:266)
	at java.util.concurrent.ThreadPoolExecutor.runWorker(ThreadPoolExecutor.java:1149)
	at java.util.concurrent.ThreadPoolExecutor$Worker.run(ThreadPoolExecutor.java:624)
	... 1 more
Caused by: org.apache.ratis.thirdparty.io.netty.channel.AbstractChannel$AnnotatedConnectException: Connection refused: /192.168.36.126:37960
	at sun.nio.ch.SocketChannelImpl.checkConnect(Native Method)
	at sun.nio.ch.SocketChannelImpl.finishConnect(SocketChannelImpl.java:717)
	at org.apache.ratis.thirdparty.io.netty.channel.socket.nio.NioSocketChannel.doFinishConnect(NioSocketChannel.java:327)
	at org.apache.ratis.thirdparty.io.netty.channel.nio.AbstractNioChannel$AbstractNioUnsafe.finishConnect(AbstractNioChannel.java:340)
	at org.apache.ratis.thirdparty.io.netty.channel.nio.NioEventLoop.processSelectedKey(NioEventLoop.java:632)
	at org.apache.ratis.thirdparty.io.netty.channel.nio.NioEventLoop.processSelectedKeysOptimized(NioEventLoop.java:579)
	at org.apache.ratis.thirdparty.io.netty.channel.nio.NioEventLoop.processSelectedKeys(NioEventLoop.java:496)
	at org.apache.ratis.thirdparty.io.netty.channel.nio.NioEventLoop.run(NioEventLoop.java:458)
	at org.apache.ratis.thirdparty.io.netty.util.concurrent.SingleThreadEventExecutor$5.run(SingleThreadEventExecutor.java:897)
	at org.apache.ratis.thirdparty.io.netty.util.concurrent.FastThreadLocalRunnable.run(FastThreadLocalRunnable.java:30)
	... 1 more
Caused by: java.net.ConnectException: Connection refused
	... 11 more
2019-09-25 05:31:58,580 [f9c12371-c091-4b4a-8db2-6f0db97bbab3@group-43825EC81F5D:LeaderElection213] INFO  impl.RaftServerImpl (RaftServerImpl.java:setRole(174)) - f9c12371-c091-4b4a-8db2-6f0db97bbab3@group-43825EC81F5D: changes role from CANDIDATE to FOLLOWER at term 10 for DISCOVERED_A_NEW_TERM
2019-09-25 05:31:58,579 [a58d7528-614e-4c39-a3a3-38beaa9905aa@group-AEFF648B0F59:LeaderElection215] INFO  impl.LeaderElection (LogUtils.java:infoOrTrace(149)) -   Exception 0: {}
java.util.concurrent.ExecutionException: org.apache.ratis.thirdparty.io.grpc.StatusRuntimeException: UNAVAILABLE: io exception
	at java.util.concurrent.FutureTask.report(FutureTask.java:122)
	at java.util.concurrent.FutureTask.get(FutureTask.java:192)
	at org.apache.ratis.server.impl.LeaderElection.waitForResults(LeaderElection.java:263)
	at org.apache.ratis.server.impl.LeaderElection.askForVotes(LeaderElection.java:201)
	at org.apache.ratis.server.impl.LeaderElection.run(LeaderElection.java:133)
	at java.lang.Thread.run(Thread.java:748)
Caused by: org.apache.ratis.thirdparty.io.grpc.StatusRuntimeException: UNAVAILABLE: io exception
	at org.apache.ratis.thirdparty.io.grpc.stub.ClientCalls.toStatusRuntimeException(ClientCalls.java:233)
	at org.apache.ratis.thirdparty.io.grpc.stub.ClientCalls.getUnchecked(ClientCalls.java:214)
	at org.apache.ratis.thirdparty.io.grpc.stub.ClientCalls.blockingUnaryCall(ClientCalls.java:139)
	at org.apache.ratis.proto.grpc.RaftServerProtocolServiceGrpc$RaftServerProtocolServiceBlockingStub.requestVote(RaftServerProtocolServiceGrpc.java:265)
	at org.apache.ratis.grpc.server.GrpcServerProtocolClient.requestVote(GrpcServerProtocolClient.java:90)
	at org.apache.ratis.grpc.server.GrpcService.requestVote(GrpcService.java:204)
	at org.apache.ratis.server.impl.LeaderElection.lambda$submitRequests$1(LeaderElection.java:238)
	at java.util.concurrent.FutureTask.run(FutureTask.java:266)
	at java.util.concurrent.Executors$RunnableAdapter.call(Executors.java:511)
	at java.util.concurrent.FutureTask.run(FutureTask.java:266)
	at java.util.concurrent.ThreadPoolExecutor.runWorker(ThreadPoolExecutor.java:1149)
	at java.util.concurrent.ThreadPoolExecutor$Worker.run(ThreadPoolExecutor.java:624)
	... 1 more
Caused by: org.apache.ratis.thirdparty.io.netty.channel.AbstractChannel$AnnotatedConnectException: Connection refused: /192.168.36.126:37960
	at sun.nio.ch.SocketChannelImpl.checkConnect(Native Method)
	at sun.nio.ch.SocketChannelImpl.finishConnect(SocketChannelImpl.java:717)
	at org.apache.ratis.thirdparty.io.netty.channel.socket.nio.NioSocketChannel.doFinishConnect(NioSocketChannel.java:327)
	at org.apache.ratis.thirdparty.io.netty.channel.nio.AbstractNioChannel$AbstractNioUnsafe.finishConnect(AbstractNioChannel.java:340)
	at org.apache.ratis.thirdparty.io.netty.channel.nio.NioEventLoop.processSelectedKey(NioEventLoop.java:632)
	at org.apache.ratis.thirdparty.io.netty.channel.nio.NioEventLoop.processSelectedKeysOptimized(NioEventLoop.java:579)
	at org.apache.ratis.thirdparty.io.netty.channel.nio.NioEventLoop.processSelectedKeys(NioEventLoop.java:496)
	at org.apache.ratis.thirdparty.io.netty.channel.nio.NioEventLoop.run(NioEventLoop.java:458)
	at org.apache.ratis.thirdparty.io.netty.util.concurrent.SingleThreadEventExecutor$5.run(SingleThreadEventExecutor.java:897)
	at org.apache.ratis.thirdparty.io.netty.util.concurrent.FastThreadLocalRunnable.run(FastThreadLocalRunnable.java:30)
	... 1 more
Caused by: java.net.ConnectException: Connection refused
	... 11 more
2019-09-25 05:31:58,579 [5c3318fc-c419-4298-b427-bf5a9ca27bf0@group-21C2C432FD88:LeaderElection214] INFO  impl.LeaderElection (LogUtils.java:infoOrTrace(149)) -   Exception 0: {}
java.util.concurrent.ExecutionException: org.apache.ratis.thirdparty.io.grpc.StatusRuntimeException: UNAVAILABLE: io exception
	at java.util.concurrent.FutureTask.report(FutureTask.java:122)
	at java.util.concurrent.FutureTask.get(FutureTask.java:192)
	at org.apache.ratis.server.impl.LeaderElection.waitForResults(LeaderElection.java:263)
	at org.apache.ratis.server.impl.LeaderElection.askForVotes(LeaderElection.java:201)
	at org.apache.ratis.server.impl.LeaderElection.run(LeaderElection.java:133)
	at java.lang.Thread.run(Thread.java:748)
Caused by: org.apache.ratis.thirdparty.io.grpc.StatusRuntimeException: UNAVAILABLE: io exception
	at org.apache.ratis.thirdparty.io.grpc.stub.ClientCalls.toStatusRuntimeException(ClientCalls.java:233)
	at org.apache.ratis.thirdparty.io.grpc.stub.ClientCalls.getUnchecked(ClientCalls.java:214)
	at org.apache.ratis.thirdparty.io.grpc.stub.ClientCalls.blockingUnaryCall(ClientCalls.java:139)
	at org.apache.ratis.proto.grpc.RaftServerProtocolServiceGrpc$RaftServerProtocolServiceBlockingStub.requestVote(RaftServerProtocolServiceGrpc.java:265)
	at org.apache.ratis.grpc.server.GrpcServerProtocolClient.requestVote(GrpcServerProtocolClient.java:90)
	at org.apache.ratis.grpc.server.GrpcService.requestVote(GrpcService.java:204)
	at org.apache.ratis.server.impl.LeaderElection.lambda$submitRequests$1(LeaderElection.java:238)
	at java.util.concurrent.FutureTask.run(FutureTask.java:266)
	at java.util.concurrent.Executors$RunnableAdapter.call(Executors.java:511)
	at java.util.concurrent.FutureTask.run(FutureTask.java:266)
	at java.util.concurrent.ThreadPoolExecutor.runWorker(ThreadPoolExecutor.java:1149)
	at java.util.concurrent.ThreadPoolExecutor$Worker.run(ThreadPoolExecutor.java:624)
	... 1 more
Caused by: org.apache.ratis.thirdparty.io.netty.channel.AbstractChannel$AnnotatedConnectException: Connection refused: /192.168.36.126:36814
	at sun.nio.ch.SocketChannelImpl.checkConnect(Native Method)
	at sun.nio.ch.SocketChannelImpl.finishConnect(SocketChannelImpl.java:717)
	at org.apache.ratis.thirdparty.io.netty.channel.socket.nio.NioSocketChannel.doFinishConnect(NioSocketChannel.java:327)
	at org.apache.ratis.thirdparty.io.netty.channel.nio.AbstractNioChannel$AbstractNioUnsafe.finishConnect(AbstractNioChannel.java:340)
	at org.apache.ratis.thirdparty.io.netty.channel.nio.NioEventLoop.processSelectedKey(NioEventLoop.java:632)
	at org.apache.ratis.thirdparty.io.netty.channel.nio.NioEventLoop.processSelectedKeysOptimized(NioEventLoop.java:579)
	at org.apache.ratis.thirdparty.io.netty.channel.nio.NioEventLoop.processSelectedKeys(NioEventLoop.java:496)
	at org.apache.ratis.thirdparty.io.netty.channel.nio.NioEventLoop.run(NioEventLoop.java:458)
	at org.apache.ratis.thirdparty.io.netty.util.concurrent.SingleThreadEventExecutor$5.run(SingleThreadEventExecutor.java:897)
	at org.apache.ratis.thirdparty.io.netty.util.concurrent.FastThreadLocalRunnable.run(FastThreadLocalRunnable.java:30)
	... 1 more
Caused by: java.net.ConnectException: Connection refused
	... 11 more
2019-09-25 05:31:58,579 [a58d7528-614e-4c39-a3a3-38beaa9905aa@group-43825EC81F5D:LeaderElection212] INFO  impl.LeaderElection (LeaderElection.java:logAndReturn(56)) - a58d7528-614e-4c39-a3a3-38beaa9905aa@group-43825EC81F5D:LeaderElection212: Election REJECTED; received 1 response(s) [a58d7528-614e-4c39-a3a3-38beaa9905aa<-f9c12371-c091-4b4a-8db2-6f0db97bbab3#0:FAIL-t10] and 1 exception(s); a58d7528-614e-4c39-a3a3-38beaa9905aa@group-43825EC81F5D:t10, leader=null, voted=a58d7528-614e-4c39-a3a3-38beaa9905aa, raftlog=a58d7528-614e-4c39-a3a3-38beaa9905aa@group-43825EC81F5D-SegmentedRaftLog:OPENED:c-1,f-1,i0, conf=-1: [a58d7528-614e-4c39-a3a3-38beaa9905aa:192.168.36.126:37942, f9c12371-c091-4b4a-8db2-6f0db97bbab3:192.168.36.126:46560, ce8ac917-2646-4112-adf7-d577593fabcb:192.168.36.126:37960], old=null
2019-09-25 05:31:58,583 [5c3318fc-c419-4298-b427-bf5a9ca27bf0@group-21C2C432FD88:LeaderElection214] INFO  impl.LeaderElection (LogUtils.java:infoOrTrace(149)) -   Exception 1: {}
java.util.concurrent.ExecutionException: org.apache.ratis.thirdparty.io.grpc.StatusRuntimeException: UNAVAILABLE: io exception
	at java.util.concurrent.FutureTask.report(FutureTask.java:122)
	at java.util.concurrent.FutureTask.get(FutureTask.java:192)
	at org.apache.ratis.server.impl.LeaderElection.waitForResults(LeaderElection.java:263)
	at org.apache.ratis.server.impl.LeaderElection.askForVotes(LeaderElection.java:201)
	at org.apache.ratis.server.impl.LeaderElection.run(LeaderElection.java:133)
	at java.lang.Thread.run(Thread.java:748)
Caused by: org.apache.ratis.thirdparty.io.grpc.StatusRuntimeException: UNAVAILABLE: io exception
	at org.apache.ratis.thirdparty.io.grpc.stub.ClientCalls.toStatusRuntimeException(ClientCalls.java:233)
	at org.apache.ratis.thirdparty.io.grpc.stub.ClientCalls.getUnchecked(ClientCalls.java:214)
	at org.apache.ratis.thirdparty.io.grpc.stub.ClientCalls.blockingUnaryCall(ClientCalls.java:139)
	at org.apache.ratis.proto.grpc.RaftServerProtocolServiceGrpc$RaftServerProtocolServiceBlockingStub.requestVote(RaftServerProtocolServiceGrpc.java:265)
	at org.apache.ratis.grpc.server.GrpcServerProtocolClient.requestVote(GrpcServerProtocolClient.java:90)
	at org.apache.ratis.grpc.server.GrpcService.requestVote(GrpcService.java:204)
	at org.apache.ratis.server.impl.LeaderElection.lambda$submitRequests$1(LeaderElection.java:238)
	at java.util.concurrent.FutureTask.run(FutureTask.java:266)
	at java.util.concurrent.Executors$RunnableAdapter.call(Executors.java:511)
	at java.util.concurrent.FutureTask.run(FutureTask.java:266)
	at java.util.concurrent.ThreadPoolExecutor.runWorker(ThreadPoolExecutor.java:1149)
	at java.util.concurrent.ThreadPoolExecutor$Worker.run(ThreadPoolExecutor.java:624)
	... 1 more
Caused by: org.apache.ratis.thirdparty.io.netty.channel.AbstractChannel$AnnotatedConnectException: Connection refused: /192.168.36.126:37817
	at sun.nio.ch.SocketChannelImpl.checkConnect(Native Method)
	at sun.nio.ch.SocketChannelImpl.finishConnect(SocketChannelImpl.java:717)
	at org.apache.ratis.thirdparty.io.netty.channel.socket.nio.NioSocketChannel.doFinishConnect(NioSocketChannel.java:327)
	at org.apache.ratis.thirdparty.io.netty.channel.nio.AbstractNioChannel$AbstractNioUnsafe.finishConnect(AbstractNioChannel.java:340)
	at org.apache.ratis.thirdparty.io.netty.channel.nio.NioEventLoop.processSelectedKey(NioEventLoop.java:632)
	at org.apache.ratis.thirdparty.io.netty.channel.nio.NioEventLoop.processSelectedKeysOptimized(NioEventLoop.java:579)
	at org.apache.ratis.thirdparty.io.netty.channel.nio.NioEventLoop.processSelectedKeys(NioEventLoop.java:496)
	at org.apache.ratis.thirdparty.io.netty.channel.nio.NioEventLoop.run(NioEventLoop.java:458)
	at org.apache.ratis.thirdparty.io.netty.util.concurrent.SingleThreadEventExecutor$5.run(SingleThreadEventExecutor.java:897)
	at org.apache.ratis.thirdparty.io.netty.util.concurrent.FastThreadLocalRunnable.run(FastThreadLocalRunnable.java:30)
	... 1 more
Caused by: java.net.ConnectException: Connection refused
	... 11 more
2019-09-25 05:31:58,583 [a58d7528-614e-4c39-a3a3-38beaa9905aa@group-AEFF648B0F59:LeaderElection215] INFO  impl.RaftServerImpl (RaftServerImpl.java:setRole(174)) - a58d7528-614e-4c39-a3a3-38beaa9905aa@group-AEFF648B0F59: changes role from CANDIDATE to FOLLOWER at term 14 for DISCOVERED_A_NEW_TERM
2019-09-25 05:31:58,582 [f9c12371-c091-4b4a-8db2-6f0db97bbab3@group-43825EC81F5D:LeaderElection213] INFO  impl.RoleInfo (RoleInfo.java:shutdownLeaderElection(134)) - f9c12371-c091-4b4a-8db2-6f0db97bbab3: shutdown LeaderElection
2019-09-25 05:31:58,582 [a58d7528-614e-4c39-a3a3-38beaa9905aa@group-0EC8D23D101B:LeaderElection211] INFO  impl.RaftServerImpl (RaftServerImpl.java:setRole(174)) - a58d7528-614e-4c39-a3a3-38beaa9905aa@group-0EC8D23D101B: changes role from CANDIDATE to FOLLOWER at term 14 for DISCOVERED_A_NEW_TERM
2019-09-25 05:31:58,581 [f9c12371-c091-4b4a-8db2-6f0db97bbab3@group-0EC8D23D101B:LeaderElection210] INFO  impl.RaftServerImpl (RaftServerImpl.java:setRole(174)) - f9c12371-c091-4b4a-8db2-6f0db97bbab3@group-0EC8D23D101B: changes role from CANDIDATE to FOLLOWER at term 14 for DISCOVERED_A_NEW_TERM
2019-09-25 05:31:58,585 [f9c12371-c091-4b4a-8db2-6f0db97bbab3@group-0EC8D23D101B:LeaderElection210] INFO  impl.RoleInfo (RoleInfo.java:shutdownLeaderElection(134)) - f9c12371-c091-4b4a-8db2-6f0db97bbab3: shutdown LeaderElection
2019-09-25 05:31:58,581 [f9c12371-c091-4b4a-8db2-6f0db97bbab3@group-AEFF648B0F59:LeaderElection209] INFO  impl.RaftServerImpl (RaftServerImpl.java:setRole(174)) - f9c12371-c091-4b4a-8db2-6f0db97bbab3@group-AEFF648B0F59: changes role from CANDIDATE to FOLLOWER at term 14 for DISCOVERED_A_NEW_TERM
2019-09-25 05:31:58,585 [f9c12371-c091-4b4a-8db2-6f0db97bbab3@group-0EC8D23D101B:LeaderElection210] INFO  impl.RoleInfo (RoleInfo.java:updateAndGet(143)) - f9c12371-c091-4b4a-8db2-6f0db97bbab3: start FollowerState
2019-09-25 05:31:58,584 [a58d7528-614e-4c39-a3a3-38beaa9905aa@group-0EC8D23D101B:LeaderElection211] INFO  impl.RoleInfo (RoleInfo.java:shutdownLeaderElection(134)) - a58d7528-614e-4c39-a3a3-38beaa9905aa: shutdown LeaderElection
2019-09-25 05:31:58,584 [f9c12371-c091-4b4a-8db2-6f0db97bbab3@group-43825EC81F5D:LeaderElection213] INFO  impl.RoleInfo (RoleInfo.java:updateAndGet(143)) - f9c12371-c091-4b4a-8db2-6f0db97bbab3: start FollowerState
2019-09-25 05:31:58,584 [a58d7528-614e-4c39-a3a3-38beaa9905aa@group-AEFF648B0F59:LeaderElection215] INFO  impl.RoleInfo (RoleInfo.java:shutdownLeaderElection(134)) - a58d7528-614e-4c39-a3a3-38beaa9905aa: shutdown LeaderElection
2019-09-25 05:31:58,584 [5c3318fc-c419-4298-b427-bf5a9ca27bf0@group-21C2C432FD88:LeaderElection214] INFO  impl.RaftServerImpl (RaftServerImpl.java:setRole(174)) - 5c3318fc-c419-4298-b427-bf5a9ca27bf0@group-21C2C432FD88: changes role from CANDIDATE to FOLLOWER at term 17 for DISCOVERED_A_NEW_TERM
2019-09-25 05:31:58,584 [a58d7528-614e-4c39-a3a3-38beaa9905aa@group-43825EC81F5D:LeaderElection212] INFO  impl.LeaderElection (LogUtils.java:infoOrTrace(149)) -   Exception 0: {}
java.util.concurrent.ExecutionException: org.apache.ratis.thirdparty.io.grpc.StatusRuntimeException: UNAVAILABLE: io exception
	at java.util.concurrent.FutureTask.report(FutureTask.java:122)
	at java.util.concurrent.FutureTask.get(FutureTask.java:192)
	at org.apache.ratis.server.impl.LeaderElection.waitForResults(LeaderElection.java:263)
	at org.apache.ratis.server.impl.LeaderElection.askForVotes(LeaderElection.java:201)
	at org.apache.ratis.server.impl.LeaderElection.run(LeaderElection.java:133)
	at java.lang.Thread.run(Thread.java:748)
Caused by: org.apache.ratis.thirdparty.io.grpc.StatusRuntimeException: UNAVAILABLE: io exception
	at org.apache.ratis.thirdparty.io.grpc.stub.ClientCalls.toStatusRuntimeException(ClientCalls.java:233)
	at org.apache.ratis.thirdparty.io.grpc.stub.ClientCalls.getUnchecked(ClientCalls.java:214)
	at org.apache.ratis.thirdparty.io.grpc.stub.ClientCalls.blockingUnaryCall(ClientCalls.java:139)
	at org.apache.ratis.proto.grpc.RaftServerProtocolServiceGrpc$RaftServerProtocolServiceBlockingStub.requestVote(RaftServerProtocolServiceGrpc.java:265)
	at org.apache.ratis.grpc.server.GrpcServerProtocolClient.requestVote(GrpcServerProtocolClient.java:90)
	at org.apache.ratis.grpc.server.GrpcService.requestVote(GrpcService.java:204)
	at org.apache.ratis.server.impl.LeaderElection.lambda$submitRequests$1(LeaderElection.java:238)
	at java.util.concurrent.FutureTask.run(FutureTask.java:266)
	at java.util.concurrent.Executors$RunnableAdapter.call(Executors.java:511)
	at java.util.concurrent.FutureTask.run(FutureTask.java:266)
	at java.util.concurrent.ThreadPoolExecutor.runWorker(ThreadPoolExecutor.java:1149)
	at java.util.concurrent.ThreadPoolExecutor$Worker.run(ThreadPoolExecutor.java:624)
	... 1 more
Caused by: org.apache.ratis.thirdparty.io.netty.channel.AbstractChannel$AnnotatedConnectException: Connection refused: /192.168.36.126:37960
	at sun.nio.ch.SocketChannelImpl.checkConnect(Native Method)
	at sun.nio.ch.SocketChannelImpl.finishConnect(SocketChannelImpl.java:717)
	at org.apache.ratis.thirdparty.io.netty.channel.socket.nio.NioSocketChannel.doFinishConnect(NioSocketChannel.java:327)
	at org.apache.ratis.thirdparty.io.netty.channel.nio.AbstractNioChannel$AbstractNioUnsafe.finishConnect(AbstractNioChannel.java:340)
	at org.apache.ratis.thirdparty.io.netty.channel.nio.NioEventLoop.processSelectedKey(NioEventLoop.java:632)
	at org.apache.ratis.thirdparty.io.netty.channel.nio.NioEventLoop.processSelectedKeysOptimized(NioEventLoop.java:579)
	at org.apache.ratis.thirdparty.io.netty.channel.nio.NioEventLoop.processSelectedKeys(NioEventLoop.java:496)
	at org.apache.ratis.thirdparty.io.netty.channel.nio.NioEventLoop.run(NioEventLoop.java:458)
	at org.apache.ratis.thirdparty.io.netty.util.concurrent.SingleThreadEventExecutor$5.run(SingleThreadEventExecutor.java:897)
	at org.apache.ratis.thirdparty.io.netty.util.concurrent.FastThreadLocalRunnable.run(FastThreadLocalRunnable.java:30)
	... 1 more
Caused by: java.net.ConnectException: Connection refused
	... 11 more
2019-09-25 05:31:58,586 [5c3318fc-c419-4298-b427-bf5a9ca27bf0@group-21C2C432FD88:LeaderElection214] INFO  impl.RoleInfo (RoleInfo.java:shutdownLeaderElection(134)) - 5c3318fc-c419-4298-b427-bf5a9ca27bf0: shutdown LeaderElection
2019-09-25 05:31:58,585 [a58d7528-614e-4c39-a3a3-38beaa9905aa@group-AEFF648B0F59:LeaderElection215] INFO  impl.RoleInfo (RoleInfo.java:updateAndGet(143)) - a58d7528-614e-4c39-a3a3-38beaa9905aa: start FollowerState
2019-09-25 05:31:58,585 [a58d7528-614e-4c39-a3a3-38beaa9905aa@group-0EC8D23D101B:LeaderElection211] INFO  impl.RoleInfo (RoleInfo.java:updateAndGet(143)) - a58d7528-614e-4c39-a3a3-38beaa9905aa: start FollowerState
2019-09-25 05:31:58,585 [f9c12371-c091-4b4a-8db2-6f0db97bbab3@group-AEFF648B0F59:LeaderElection209] INFO  impl.RoleInfo (RoleInfo.java:shutdownLeaderElection(134)) - f9c12371-c091-4b4a-8db2-6f0db97bbab3: shutdown LeaderElection
2019-09-25 05:31:58,586 [5c3318fc-c419-4298-b427-bf5a9ca27bf0@group-21C2C432FD88:LeaderElection214] INFO  impl.RoleInfo (RoleInfo.java:updateAndGet(143)) - 5c3318fc-c419-4298-b427-bf5a9ca27bf0: start FollowerState
2019-09-25 05:31:58,586 [a58d7528-614e-4c39-a3a3-38beaa9905aa@group-43825EC81F5D:LeaderElection212] INFO  impl.RaftServerImpl (RaftServerImpl.java:setRole(174)) - a58d7528-614e-4c39-a3a3-38beaa9905aa@group-43825EC81F5D: changes role from CANDIDATE to FOLLOWER at term 10 for DISCOVERED_A_NEW_TERM
2019-09-25 05:31:58,587 [a58d7528-614e-4c39-a3a3-38beaa9905aa@group-43825EC81F5D:LeaderElection212] INFO  impl.RoleInfo (RoleInfo.java:shutdownLeaderElection(134)) - a58d7528-614e-4c39-a3a3-38beaa9905aa: shutdown LeaderElection
2019-09-25 05:31:58,587 [f9c12371-c091-4b4a-8db2-6f0db97bbab3@group-AEFF648B0F59:LeaderElection209] INFO  impl.RoleInfo (RoleInfo.java:updateAndGet(143)) - f9c12371-c091-4b4a-8db2-6f0db97bbab3: start FollowerState
2019-09-25 05:31:58,587 [a58d7528-614e-4c39-a3a3-38beaa9905aa@group-43825EC81F5D:LeaderElection212] INFO  impl.RoleInfo (RoleInfo.java:updateAndGet(143)) - a58d7528-614e-4c39-a3a3-38beaa9905aa: start FollowerState
2019-09-25 05:31:59,535 [Thread-1224] INFO  impl.FollowerState (FollowerState.java:run(106)) - 616f9f8f-9479-40f4-8c03-f125dcbf9c7f:group-60724A24602F changes to CANDIDATE, lastRpcTime:1075, electionTimeout:1075ms
2019-09-25 05:31:59,536 [Thread-1224] INFO  impl.RoleInfo (RoleInfo.java:shutdownFollowerState(121)) - 616f9f8f-9479-40f4-8c03-f125dcbf9c7f: shutdown FollowerState
2019-09-25 05:31:59,536 [Thread-1224] INFO  impl.RaftServerImpl (RaftServerImpl.java:setRole(174)) - 616f9f8f-9479-40f4-8c03-f125dcbf9c7f@group-60724A24602F: changes role from  FOLLOWER to CANDIDATE at term 16 for changeToCandidate
2019-09-25 05:31:59,536 [Thread-1224] INFO  impl.RoleInfo (RoleInfo.java:updateAndGet(143)) - 616f9f8f-9479-40f4-8c03-f125dcbf9c7f: start LeaderElection
2019-09-25 05:31:59,561 [Thread-1223] INFO  impl.FollowerState (FollowerState.java:run(106)) - 5c3318fc-c419-4298-b427-bf5a9ca27bf0:group-059250D1A272 changes to CANDIDATE, lastRpcTime:1101, electionTimeout:1101ms
2019-09-25 05:31:59,561 [Thread-1223] INFO  impl.RoleInfo (RoleInfo.java:shutdownFollowerState(121)) - 5c3318fc-c419-4298-b427-bf5a9ca27bf0: shutdown FollowerState
2019-09-25 05:31:59,562 [Thread-1223] INFO  impl.RaftServerImpl (RaftServerImpl.java:setRole(174)) - 5c3318fc-c419-4298-b427-bf5a9ca27bf0@group-059250D1A272: changes role from  FOLLOWER to CANDIDATE at term 16 for changeToCandidate
2019-09-25 05:31:59,562 [Thread-1223] INFO  impl.RoleInfo (RoleInfo.java:updateAndGet(143)) - 5c3318fc-c419-4298-b427-bf5a9ca27bf0: start LeaderElection
2019-09-25 05:31:59,601 [Thread-1237] INFO  impl.FollowerState (FollowerState.java:run(106)) - f9c12371-c091-4b4a-8db2-6f0db97bbab3:group-43825EC81F5D changes to CANDIDATE, lastRpcTime:1016, electionTimeout:1015ms
2019-09-25 05:31:59,601 [Thread-1237] INFO  impl.RoleInfo (RoleInfo.java:shutdownFollowerState(121)) - f9c12371-c091-4b4a-8db2-6f0db97bbab3: shutdown FollowerState
2019-09-25 05:31:59,601 [Thread-1237] INFO  impl.RaftServerImpl (RaftServerImpl.java:setRole(174)) - f9c12371-c091-4b4a-8db2-6f0db97bbab3@group-43825EC81F5D: changes role from  FOLLOWER to CANDIDATE at term 10 for changeToCandidate
2019-09-25 05:31:59,601 [Thread-1237] INFO  impl.RoleInfo (RoleInfo.java:updateAndGet(143)) - f9c12371-c091-4b4a-8db2-6f0db97bbab3: start LeaderElection
2019-09-25 05:31:59,612 [Thread-1239] INFO  impl.FollowerState (FollowerState.java:run(106)) - a58d7528-614e-4c39-a3a3-38beaa9905aa:group-0EC8D23D101B changes to CANDIDATE, lastRpcTime:1027, electionTimeout:1025ms
2019-09-25 05:31:59,612 [Thread-1239] INFO  impl.RoleInfo (RoleInfo.java:shutdownFollowerState(121)) - a58d7528-614e-4c39-a3a3-38beaa9905aa: shutdown FollowerState
2019-09-25 05:31:59,613 [Thread-1239] INFO  impl.RaftServerImpl (RaftServerImpl.java:setRole(174)) - a58d7528-614e-4c39-a3a3-38beaa9905aa@group-0EC8D23D101B: changes role from  FOLLOWER to CANDIDATE at term 14 for changeToCandidate
2019-09-25 05:31:59,613 [Thread-1239] INFO  impl.RoleInfo (RoleInfo.java:updateAndGet(143)) - a58d7528-614e-4c39-a3a3-38beaa9905aa: start LeaderElection
2019-09-25 05:31:59,630 [Thread-1242] INFO  impl.FollowerState (FollowerState.java:run(106)) - f9c12371-c091-4b4a-8db2-6f0db97bbab3:group-AEFF648B0F59 changes to CANDIDATE, lastRpcTime:1043, electionTimeout:1043ms
2019-09-25 05:31:59,631 [Thread-1242] INFO  impl.RoleInfo (RoleInfo.java:shutdownFollowerState(121)) - f9c12371-c091-4b4a-8db2-6f0db97bbab3: shutdown FollowerState
2019-09-25 05:31:59,631 [Thread-1242] INFO  impl.RaftServerImpl (RaftServerImpl.java:setRole(174)) - f9c12371-c091-4b4a-8db2-6f0db97bbab3@group-AEFF648B0F59: changes role from  FOLLOWER to CANDIDATE at term 14 for changeToCandidate
2019-09-25 05:31:59,631 [Thread-1242] INFO  impl.RoleInfo (RoleInfo.java:updateAndGet(143)) - f9c12371-c091-4b4a-8db2-6f0db97bbab3: start LeaderElection
2019-09-25 05:31:59,697 [Thread-1240] INFO  impl.FollowerState (FollowerState.java:run(106)) - a58d7528-614e-4c39-a3a3-38beaa9905aa:group-AEFF648B0F59 changes to CANDIDATE, lastRpcTime:1111, electionTimeout:1110ms
2019-09-25 05:31:59,697 [Thread-1240] INFO  impl.RoleInfo (RoleInfo.java:shutdownFollowerState(121)) - a58d7528-614e-4c39-a3a3-38beaa9905aa: shutdown FollowerState
2019-09-25 05:31:59,697 [Thread-1240] INFO  impl.RaftServerImpl (RaftServerImpl.java:setRole(174)) - a58d7528-614e-4c39-a3a3-38beaa9905aa@group-AEFF648B0F59: changes role from  FOLLOWER to CANDIDATE at term 14 for changeToCandidate
2019-09-25 05:31:59,697 [Thread-1240] INFO  impl.RoleInfo (RoleInfo.java:updateAndGet(143)) - a58d7528-614e-4c39-a3a3-38beaa9905aa: start LeaderElection
2019-09-25 05:31:59,699 [Thread-1238] INFO  impl.FollowerState (FollowerState.java:run(106)) - f9c12371-c091-4b4a-8db2-6f0db97bbab3:group-0EC8D23D101B changes to CANDIDATE, lastRpcTime:1114, electionTimeout:1114ms
2019-09-25 05:31:59,699 [Thread-1238] INFO  impl.RoleInfo (RoleInfo.java:shutdownFollowerState(121)) - f9c12371-c091-4b4a-8db2-6f0db97bbab3: shutdown FollowerState
2019-09-25 05:31:59,700 [Thread-1238] INFO  impl.RaftServerImpl (RaftServerImpl.java:setRole(174)) - f9c12371-c091-4b4a-8db2-6f0db97bbab3@group-0EC8D23D101B: changes role from  FOLLOWER to CANDIDATE at term 14 for changeToCandidate
2019-09-25 05:31:59,700 [Thread-1238] INFO  impl.RoleInfo (RoleInfo.java:updateAndGet(143)) - f9c12371-c091-4b4a-8db2-6f0db97bbab3: start LeaderElection
2019-09-25 05:31:59,761 [Thread-1243] INFO  impl.FollowerState (FollowerState.java:run(106)) - a58d7528-614e-4c39-a3a3-38beaa9905aa:group-43825EC81F5D changes to CANDIDATE, lastRpcTime:1173, electionTimeout:1173ms
2019-09-25 05:31:59,761 [Thread-1243] INFO  impl.RoleInfo (RoleInfo.java:shutdownFollowerState(121)) - a58d7528-614e-4c39-a3a3-38beaa9905aa: shutdown FollowerState
2019-09-25 05:31:59,761 [Thread-1243] INFO  impl.RaftServerImpl (RaftServerImpl.java:setRole(174)) - a58d7528-614e-4c39-a3a3-38beaa9905aa@group-43825EC81F5D: changes role from  FOLLOWER to CANDIDATE at term 10 for changeToCandidate
2019-09-25 05:31:59,761 [Thread-1243] INFO  impl.RoleInfo (RoleInfo.java:updateAndGet(143)) - a58d7528-614e-4c39-a3a3-38beaa9905aa: start LeaderElection
2019-09-25 05:31:59,767 [Thread-1241] INFO  impl.FollowerState (FollowerState.java:run(106)) - 5c3318fc-c419-4298-b427-bf5a9ca27bf0:group-21C2C432FD88 changes to CANDIDATE, lastRpcTime:1180, electionTimeout:1180ms
2019-09-25 05:31:59,767 [Thread-1241] INFO  impl.RoleInfo (RoleInfo.java:shutdownFollowerState(121)) - 5c3318fc-c419-4298-b427-bf5a9ca27bf0: shutdown FollowerState
2019-09-25 05:31:59,767 [Thread-1241] INFO  impl.RaftServerImpl (RaftServerImpl.java:setRole(174)) - 5c3318fc-c419-4298-b427-bf5a9ca27bf0@group-21C2C432FD88: changes role from  FOLLOWER to CANDIDATE at term 17 for changeToCandidate
2019-09-25 05:31:59,767 [Thread-1241] INFO  impl.RoleInfo (RoleInfo.java:updateAndGet(143)) - 5c3318fc-c419-4298-b427-bf5a9ca27bf0: start LeaderElection
2019-09-25 05:31:59,950 [f9c12371-c091-4b4a-8db2-6f0db97bbab3@group-AEFF648B0F59:LeaderElection220] INFO  impl.LeaderElection (LeaderElection.java:askForVotes(182)) - f9c12371-c091-4b4a-8db2-6f0db97bbab3@group-AEFF648B0F59:LeaderElection220: begin an election at term 15 for -1: [a58d7528-614e-4c39-a3a3-38beaa9905aa:192.168.36.126:37942, f9c12371-c091-4b4a-8db2-6f0db97bbab3:192.168.36.126:46560, ce8ac917-2646-4112-adf7-d577593fabcb:192.168.36.126:37960], old=null
2019-09-25 05:31:59,950 [f9c12371-c091-4b4a-8db2-6f0db97bbab3@group-43825EC81F5D:LeaderElection218] INFO  impl.LeaderElection (LeaderElection.java:askForVotes(182)) - f9c12371-c091-4b4a-8db2-6f0db97bbab3@group-43825EC81F5D:LeaderElection218: begin an election at term 11 for -1: [a58d7528-614e-4c39-a3a3-38beaa9905aa:192.168.36.126:37942, f9c12371-c091-4b4a-8db2-6f0db97bbab3:192.168.36.126:46560, ce8ac917-2646-4112-adf7-d577593fabcb:192.168.36.126:37960], old=null
2019-09-25 05:31:59,950 [a58d7528-614e-4c39-a3a3-38beaa9905aa@group-0EC8D23D101B:LeaderElection219] INFO  impl.LeaderElection (LeaderElection.java:askForVotes(182)) - a58d7528-614e-4c39-a3a3-38beaa9905aa@group-0EC8D23D101B:LeaderElection219: begin an election at term 15 for -1: [a58d7528-614e-4c39-a3a3-38beaa9905aa:192.168.36.126:37942, f9c12371-c091-4b4a-8db2-6f0db97bbab3:192.168.36.126:46560, ce8ac917-2646-4112-adf7-d577593fabcb:192.168.36.126:37960], old=null
2019-09-25 05:31:59,950 [616f9f8f-9479-40f4-8c03-f125dcbf9c7f@group-60724A24602F:LeaderElection216] INFO  impl.LeaderElection (LeaderElection.java:askForVotes(182)) - 616f9f8f-9479-40f4-8c03-f125dcbf9c7f@group-60724A24602F:LeaderElection216: begin an election at term 17 for -1: [616f9f8f-9479-40f4-8c03-f125dcbf9c7f:192.168.36.126:39694, e997a993-6131-47bf-96c8-764e04cb5c0e:192.168.36.126:37678, fd2f3f79-5d7b-4d37-bb24-b15dfe7f18d7:192.168.36.126:42280], old=null
2019-09-25 05:31:59,950 [f9c12371-c091-4b4a-8db2-6f0db97bbab3@group-0EC8D23D101B:LeaderElection222] INFO  impl.LeaderElection (LeaderElection.java:askForVotes(182)) - f9c12371-c091-4b4a-8db2-6f0db97bbab3@group-0EC8D23D101B:LeaderElection222: begin an election at term 15 for -1: [a58d7528-614e-4c39-a3a3-38beaa9905aa:192.168.36.126:37942, f9c12371-c091-4b4a-8db2-6f0db97bbab3:192.168.36.126:46560, ce8ac917-2646-4112-adf7-d577593fabcb:192.168.36.126:37960], old=null
2019-09-25 05:31:59,950 [5c3318fc-c419-4298-b427-bf5a9ca27bf0@group-059250D1A272:LeaderElection217] INFO  impl.LeaderElection (LeaderElection.java:askForVotes(182)) - 5c3318fc-c419-4298-b427-bf5a9ca27bf0@group-059250D1A272:LeaderElection217: begin an election at term 17 for -1: [5c3318fc-c419-4298-b427-bf5a9ca27bf0:192.168.36.126:46795, 61946a22-29ed-4e77-8449-fae4cd9869e9:192.168.36.126:36814, 0d4a37ed-4cec-423a-a360-e4a879eb6bc0:192.168.36.126:37817], old=null
2019-09-25 05:31:59,950 [a58d7528-614e-4c39-a3a3-38beaa9905aa@group-AEFF648B0F59:LeaderElection221] INFO  impl.LeaderElection (LeaderElection.java:askForVotes(182)) - a58d7528-614e-4c39-a3a3-38beaa9905aa@group-AEFF648B0F59:LeaderElection221: begin an election at term 15 for -1: [a58d7528-614e-4c39-a3a3-38beaa9905aa:192.168.36.126:37942, f9c12371-c091-4b4a-8db2-6f0db97bbab3:192.168.36.126:46560, ce8ac917-2646-4112-adf7-d577593fabcb:192.168.36.126:37960], old=null
2019-09-25 05:31:59,951 [5c3318fc-c419-4298-b427-bf5a9ca27bf0@group-21C2C432FD88:LeaderElection224] INFO  impl.LeaderElection (LeaderElection.java:askForVotes(182)) - 5c3318fc-c419-4298-b427-bf5a9ca27bf0@group-21C2C432FD88:LeaderElection224: begin an election at term 18 for -1: [5c3318fc-c419-4298-b427-bf5a9ca27bf0:192.168.36.126:46795, 61946a22-29ed-4e77-8449-fae4cd9869e9:192.168.36.126:36814, 0d4a37ed-4cec-423a-a360-e4a879eb6bc0:192.168.36.126:37817], old=null
2019-09-25 05:31:59,951 [a58d7528-614e-4c39-a3a3-38beaa9905aa@group-43825EC81F5D:LeaderElection223] INFO  impl.LeaderElection (LeaderElection.java:askForVotes(182)) - a58d7528-614e-4c39-a3a3-38beaa9905aa@group-43825EC81F5D:LeaderElection223: begin an election at term 11 for -1: [a58d7528-614e-4c39-a3a3-38beaa9905aa:192.168.36.126:37942, f9c12371-c091-4b4a-8db2-6f0db97bbab3:192.168.36.126:46560, ce8ac917-2646-4112-adf7-d577593fabcb:192.168.36.126:37960], old=null
2019-09-25 05:31:59,951 [616f9f8f-9479-40f4-8c03-f125dcbf9c7f@group-60724A24602F:LeaderElection216] INFO  impl.LeaderElection (LogUtils.java:infoOrTrace(149)) - 616f9f8f-9479-40f4-8c03-f125dcbf9c7f@group-60724A24602F:LeaderElection216 got exception when requesting votes: {}
java.util.concurrent.ExecutionException: org.apache.ratis.thirdparty.io.grpc.StatusRuntimeException: UNAVAILABLE: io exception
	at java.util.concurrent.FutureTask.report(FutureTask.java:122)
	at java.util.concurrent.FutureTask.get(FutureTask.java:192)
	at org.apache.ratis.server.impl.LeaderElection.waitForResults(LeaderElection.java:263)
	at org.apache.ratis.server.impl.LeaderElection.askForVotes(LeaderElection.java:201)
	at org.apache.ratis.server.impl.LeaderElection.run(LeaderElection.java:133)
	at java.lang.Thread.run(Thread.java:748)
Caused by: org.apache.ratis.thirdparty.io.grpc.StatusRuntimeException: UNAVAILABLE: io exception
	at org.apache.ratis.thirdparty.io.grpc.stub.ClientCalls.toStatusRuntimeException(ClientCalls.java:233)
	at org.apache.ratis.thirdparty.io.grpc.stub.ClientCalls.getUnchecked(ClientCalls.java:214)
	at org.apache.ratis.thirdparty.io.grpc.stub.ClientCalls.blockingUnaryCall(ClientCalls.java:139)
	at org.apache.ratis.proto.grpc.RaftServerProtocolServiceGrpc$RaftServerProtocolServiceBlockingStub.requestVote(RaftServerProtocolServiceGrpc.java:265)
	at org.apache.ratis.grpc.server.GrpcServerProtocolClient.requestVote(GrpcServerProtocolClient.java:90)
	at org.apache.ratis.grpc.server.GrpcService.requestVote(GrpcService.java:204)
	at org.apache.ratis.server.impl.LeaderElection.lambda$submitRequests$1(LeaderElection.java:238)
	at java.util.concurrent.FutureTask.run(FutureTask.java:266)
	at java.util.concurrent.Executors$RunnableAdapter.call(Executors.java:511)
	at java.util.concurrent.FutureTask.run(FutureTask.java:266)
	at java.util.concurrent.ThreadPoolExecutor.runWorker(ThreadPoolExecutor.java:1149)
	at java.util.concurrent.ThreadPoolExecutor$Worker.run(ThreadPoolExecutor.java:624)
	... 1 more
Caused by: org.apache.ratis.thirdparty.io.netty.channel.AbstractChannel$AnnotatedConnectException: Connection refused: /192.168.36.126:37678
	at sun.nio.ch.SocketChannelImpl.checkConnect(Native Method)
	at sun.nio.ch.SocketChannelImpl.finishConnect(SocketChannelImpl.java:717)
	at org.apache.ratis.thirdparty.io.netty.channel.socket.nio.NioSocketChannel.doFinishConnect(NioSocketChannel.java:327)
	at org.apache.ratis.thirdparty.io.netty.channel.nio.AbstractNioChannel$AbstractNioUnsafe.finishConnect(AbstractNioChannel.java:340)
	at org.apache.ratis.thirdparty.io.netty.channel.nio.NioEventLoop.processSelectedKey(NioEventLoop.java:632)
	at org.apache.ratis.thirdparty.io.netty.channel.nio.NioEventLoop.processSelectedKeysOptimized(NioEventLoop.java:579)
	at org.apache.ratis.thirdparty.io.netty.channel.nio.NioEventLoop.processSelectedKeys(NioEventLoop.java:496)
	at org.apache.ratis.thirdparty.io.netty.channel.nio.NioEventLoop.run(NioEventLoop.java:458)
	at org.apache.ratis.thirdparty.io.netty.util.concurrent.SingleThreadEventExecutor$5.run(SingleThreadEventExecutor.java:897)
	at org.apache.ratis.thirdparty.io.netty.util.concurrent.FastThreadLocalRunnable.run(FastThreadLocalRunnable.java:30)
	... 1 more
Caused by: java.net.ConnectException: Connection refused
	... 11 more
2019-09-25 05:31:59,953 [f9c12371-c091-4b4a-8db2-6f0db97bbab3@group-43825EC81F5D:LeaderElection218] INFO  impl.LeaderElection (LogUtils.java:infoOrTrace(149)) - f9c12371-c091-4b4a-8db2-6f0db97bbab3@group-43825EC81F5D:LeaderElection218 got exception when requesting votes: {}
java.util.concurrent.ExecutionException: org.apache.ratis.thirdparty.io.grpc.StatusRuntimeException: UNAVAILABLE: io exception
	at java.util.concurrent.FutureTask.report(FutureTask.java:122)
	at java.util.concurrent.FutureTask.get(FutureTask.java:192)
	at org.apache.ratis.server.impl.LeaderElection.waitForResults(LeaderElection.java:263)
	at org.apache.ratis.server.impl.LeaderElection.askForVotes(LeaderElection.java:201)
	at org.apache.ratis.server.impl.LeaderElection.run(LeaderElection.java:133)
	at java.lang.Thread.run(Thread.java:748)
Caused by: org.apache.ratis.thirdparty.io.grpc.StatusRuntimeException: UNAVAILABLE: io exception
	at org.apache.ratis.thirdparty.io.grpc.stub.ClientCalls.toStatusRuntimeException(ClientCalls.java:233)
	at org.apache.ratis.thirdparty.io.grpc.stub.ClientCalls.getUnchecked(ClientCalls.java:214)
	at org.apache.ratis.thirdparty.io.grpc.stub.ClientCalls.blockingUnaryCall(ClientCalls.java:139)
	at org.apache.ratis.proto.grpc.RaftServerProtocolServiceGrpc$RaftServerProtocolServiceBlockingStub.requestVote(RaftServerProtocolServiceGrpc.java:265)
	at org.apache.ratis.grpc.server.GrpcServerProtocolClient.requestVote(GrpcServerProtocolClient.java:90)
	at org.apache.ratis.grpc.server.GrpcService.requestVote(GrpcService.java:204)
	at org.apache.ratis.server.impl.LeaderElection.lambda$submitRequests$1(LeaderElection.java:238)
	at java.util.concurrent.FutureTask.run(FutureTask.java:266)
	at java.util.concurrent.Executors$RunnableAdapter.call(Executors.java:511)
	at java.util.concurrent.FutureTask.run(FutureTask.java:266)
	at java.util.concurrent.ThreadPoolExecutor.runWorker(ThreadPoolExecutor.java:1149)
	at java.util.concurrent.ThreadPoolExecutor$Worker.run(ThreadPoolExecutor.java:624)
	... 1 more
Caused by: org.apache.ratis.thirdparty.io.netty.channel.AbstractChannel$AnnotatedConnectException: Connection refused: /192.168.36.126:37960
	at sun.nio.ch.SocketChannelImpl.checkConnect(Native Method)
	at sun.nio.ch.SocketChannelImpl.finishConnect(SocketChannelImpl.java:717)
	at org.apache.ratis.thirdparty.io.netty.channel.socket.nio.NioSocketChannel.doFinishConnect(NioSocketChannel.java:327)
	at org.apache.ratis.thirdparty.io.netty.channel.nio.AbstractNioChannel$AbstractNioUnsafe.finishConnect(AbstractNioChannel.java:340)
	at org.apache.ratis.thirdparty.io.netty.channel.nio.NioEventLoop.processSelectedKey(NioEventLoop.java:632)
	at org.apache.ratis.thirdparty.io.netty.channel.nio.NioEventLoop.processSelectedKeysOptimized(NioEventLoop.java:579)
	at org.apache.ratis.thirdparty.io.netty.channel.nio.NioEventLoop.processSelectedKeys(NioEventLoop.java:496)
	at org.apache.ratis.thirdparty.io.netty.channel.nio.NioEventLoop.run(NioEventLoop.java:458)
	at org.apache.ratis.thirdparty.io.netty.util.concurrent.SingleThreadEventExecutor$5.run(SingleThreadEventExecutor.java:897)
	at org.apache.ratis.thirdparty.io.netty.util.concurrent.FastThreadLocalRunnable.run(FastThreadLocalRunnable.java:30)
	... 1 more
Caused by: java.net.ConnectException: Connection refused
	... 11 more
2019-09-25 05:31:59,952 [f9c12371-c091-4b4a-8db2-6f0db97bbab3@group-AEFF648B0F59:LeaderElection220] INFO  impl.LeaderElection (LogUtils.java:infoOrTrace(149)) - f9c12371-c091-4b4a-8db2-6f0db97bbab3@group-AEFF648B0F59:LeaderElection220 got exception when requesting votes: {}
java.util.concurrent.ExecutionException: org.apache.ratis.thirdparty.io.grpc.StatusRuntimeException: UNAVAILABLE: io exception
	at java.util.concurrent.FutureTask.report(FutureTask.java:122)
	at java.util.concurrent.FutureTask.get(FutureTask.java:192)
	at org.apache.ratis.server.impl.LeaderElection.waitForResults(LeaderElection.java:263)
	at org.apache.ratis.server.impl.LeaderElection.askForVotes(LeaderElection.java:201)
	at org.apache.ratis.server.impl.LeaderElection.run(LeaderElection.java:133)
	at java.lang.Thread.run(Thread.java:748)
Caused by: org.apache.ratis.thirdparty.io.grpc.StatusRuntimeException: UNAVAILABLE: io exception
	at org.apache.ratis.thirdparty.io.grpc.stub.ClientCalls.toStatusRuntimeException(ClientCalls.java:233)
	at org.apache.ratis.thirdparty.io.grpc.stub.ClientCalls.getUnchecked(ClientCalls.java:214)
	at org.apache.ratis.thirdparty.io.grpc.stub.ClientCalls.blockingUnaryCall(ClientCalls.java:139)
	at org.apache.ratis.proto.grpc.RaftServerProtocolServiceGrpc$RaftServerProtocolServiceBlockingStub.requestVote(RaftServerProtocolServiceGrpc.java:265)
	at org.apache.ratis.grpc.server.GrpcServerProtocolClient.requestVote(GrpcServerProtocolClient.java:90)
	at org.apache.ratis.grpc.server.GrpcService.requestVote(GrpcService.java:204)
	at org.apache.ratis.server.impl.LeaderElection.lambda$submitRequests$1(LeaderElection.java:238)
	at java.util.concurrent.FutureTask.run(FutureTask.java:266)
	at java.util.concurrent.Executors$RunnableAdapter.call(Executors.java:511)
	at java.util.concurrent.FutureTask.run(FutureTask.java:266)
	at java.util.concurrent.ThreadPoolExecutor.runWorker(ThreadPoolExecutor.java:1149)
	at java.util.concurrent.ThreadPoolExecutor$Worker.run(ThreadPoolExecutor.java:624)
	... 1 more
Caused by: org.apache.ratis.thirdparty.io.netty.channel.AbstractChannel$AnnotatedConnectException: Connection refused: /192.168.36.126:37960
	at sun.nio.ch.SocketChannelImpl.checkConnect(Native Method)
	at sun.nio.ch.SocketChannelImpl.finishConnect(SocketChannelImpl.java:717)
	at org.apache.ratis.thirdparty.io.netty.channel.socket.nio.NioSocketChannel.doFinishConnect(NioSocketChannel.java:327)
	at org.apache.ratis.thirdparty.io.netty.channel.nio.AbstractNioChannel$AbstractNioUnsafe.finishConnect(AbstractNioChannel.java:340)
	at org.apache.ratis.thirdparty.io.netty.channel.nio.NioEventLoop.processSelectedKey(NioEventLoop.java:632)
	at org.apache.ratis.thirdparty.io.netty.channel.nio.NioEventLoop.processSelectedKeysOptimized(NioEventLoop.java:579)
	at org.apache.ratis.thirdparty.io.netty.channel.nio.NioEventLoop.processSelectedKeys(NioEventLoop.java:496)
	at org.apache.ratis.thirdparty.io.netty.channel.nio.NioEventLoop.run(NioEventLoop.java:458)
	at org.apache.ratis.thirdparty.io.netty.util.concurrent.SingleThreadEventExecutor$5.run(SingleThreadEventExecutor.java:897)
	at org.apache.ratis.thirdparty.io.netty.util.concurrent.FastThreadLocalRunnable.run(FastThreadLocalRunnable.java:30)
	... 1 more
Caused by: java.net.ConnectException: Connection refused
	... 11 more
2019-09-25 05:31:59,954 [a58d7528-614e-4c39-a3a3-38beaa9905aa@group-43825EC81F5D:LeaderElection223] INFO  impl.LeaderElection (LogUtils.java:infoOrTrace(149)) - a58d7528-614e-4c39-a3a3-38beaa9905aa@group-43825EC81F5D:LeaderElection223 got exception when requesting votes: {}
java.util.concurrent.ExecutionException: org.apache.ratis.thirdparty.io.grpc.StatusRuntimeException: UNAVAILABLE: io exception
	at java.util.concurrent.FutureTask.report(FutureTask.java:122)
	at java.util.concurrent.FutureTask.get(FutureTask.java:192)
	at org.apache.ratis.server.impl.LeaderElection.waitForResults(LeaderElection.java:263)
	at org.apache.ratis.server.impl.LeaderElection.askForVotes(LeaderElection.java:201)
	at org.apache.ratis.server.impl.LeaderElection.run(LeaderElection.java:133)
	at java.lang.Thread.run(Thread.java:748)
Caused by: org.apache.ratis.thirdparty.io.grpc.StatusRuntimeException: UNAVAILABLE: io exception
	at org.apache.ratis.thirdparty.io.grpc.stub.ClientCalls.toStatusRuntimeException(ClientCalls.java:233)
	at org.apache.ratis.thirdparty.io.grpc.stub.ClientCalls.getUnchecked(ClientCalls.java:214)
	at org.apache.ratis.thirdparty.io.grpc.stub.ClientCalls.blockingUnaryCall(ClientCalls.java:139)
	at org.apache.ratis.proto.grpc.RaftServerProtocolServiceGrpc$RaftServerProtocolServiceBlockingStub.requestVote(RaftServerProtocolServiceGrpc.java:265)
	at org.apache.ratis.grpc.server.GrpcServerProtocolClient.requestVote(GrpcServerProtocolClient.java:90)
	at org.apache.ratis.grpc.server.GrpcService.requestVote(GrpcService.java:204)
	at org.apache.ratis.server.impl.LeaderElection.lambda$submitRequests$1(LeaderElection.java:238)
	at java.util.concurrent.FutureTask.run(FutureTask.java:266)
	at java.util.concurrent.Executors$RunnableAdapter.call(Executors.java:511)
	at java.util.concurrent.FutureTask.run(FutureTask.java:266)
	at java.util.concurrent.ThreadPoolExecutor.runWorker(ThreadPoolExecutor.java:1149)
	at java.util.concurrent.ThreadPoolExecutor$Worker.run(ThreadPoolExecutor.java:624)
	... 1 more
Caused by: org.apache.ratis.thirdparty.io.netty.channel.AbstractChannel$AnnotatedConnectException: Connection refused: /192.168.36.126:37960
	at sun.nio.ch.SocketChannelImpl.checkConnect(Native Method)
	at sun.nio.ch.SocketChannelImpl.finishConnect(SocketChannelImpl.java:717)
	at org.apache.ratis.thirdparty.io.netty.channel.socket.nio.NioSocketChannel.doFinishConnect(NioSocketChannel.java:327)
	at org.apache.ratis.thirdparty.io.netty.channel.nio.AbstractNioChannel$AbstractNioUnsafe.finishConnect(AbstractNioChannel.java:340)
	at org.apache.ratis.thirdparty.io.netty.channel.nio.NioEventLoop.processSelectedKey(NioEventLoop.java:632)
	at org.apache.ratis.thirdparty.io.netty.channel.nio.NioEventLoop.processSelectedKeysOptimized(NioEventLoop.java:579)
	at org.apache.ratis.thirdparty.io.netty.channel.nio.NioEventLoop.processSelectedKeys(NioEventLoop.java:496)
	at org.apache.ratis.thirdparty.io.netty.channel.nio.NioEventLoop.run(NioEventLoop.java:458)
	at org.apache.ratis.thirdparty.io.netty.util.concurrent.SingleThreadEventExecutor$5.run(SingleThreadEventExecutor.java:897)
	at org.apache.ratis.thirdparty.io.netty.util.concurrent.FastThreadLocalRunnable.run(FastThreadLocalRunnable.java:30)
	... 1 more
Caused by: java.net.ConnectException: Connection refused
	... 11 more
2019-09-25 05:31:59,954 [f9c12371-c091-4b4a-8db2-6f0db97bbab3@group-0EC8D23D101B:LeaderElection222] INFO  impl.LeaderElection (LogUtils.java:infoOrTrace(149)) - f9c12371-c091-4b4a-8db2-6f0db97bbab3@group-0EC8D23D101B:LeaderElection222 got exception when requesting votes: {}
java.util.concurrent.ExecutionException: org.apache.ratis.thirdparty.io.grpc.StatusRuntimeException: UNAVAILABLE: io exception
	at java.util.concurrent.FutureTask.report(FutureTask.java:122)
	at java.util.concurrent.FutureTask.get(FutureTask.java:192)
	at org.apache.ratis.server.impl.LeaderElection.waitForResults(LeaderElection.java:263)
	at org.apache.ratis.server.impl.LeaderElection.askForVotes(LeaderElection.java:201)
	at org.apache.ratis.server.impl.LeaderElection.run(LeaderElection.java:133)
	at java.lang.Thread.run(Thread.java:748)
Caused by: org.apache.ratis.thirdparty.io.grpc.StatusRuntimeException: UNAVAILABLE: io exception
	at org.apache.ratis.thirdparty.io.grpc.stub.ClientCalls.toStatusRuntimeException(ClientCalls.java:233)
	at org.apache.ratis.thirdparty.io.grpc.stub.ClientCalls.getUnchecked(ClientCalls.java:214)
	at org.apache.ratis.thirdparty.io.grpc.stub.ClientCalls.blockingUnaryCall(ClientCalls.java:139)
	at org.apache.ratis.proto.grpc.RaftServerProtocolServiceGrpc$RaftServerProtocolServiceBlockingStub.requestVote(RaftServerProtocolServiceGrpc.java:265)
	at org.apache.ratis.grpc.server.GrpcServerProtocolClient.requestVote(GrpcServerProtocolClient.java:90)
	at org.apache.ratis.grpc.server.GrpcService.requestVote(GrpcService.java:204)
	at org.apache.ratis.server.impl.LeaderElection.lambda$submitRequests$1(LeaderElection.java:238)
	at java.util.concurrent.FutureTask.run(FutureTask.java:266)
	at java.util.concurrent.Executors$RunnableAdapter.call(Executors.java:511)
	at java.util.concurrent.FutureTask.run(FutureTask.java:266)
	at java.util.concurrent.ThreadPoolExecutor.runWorker(ThreadPoolExecutor.java:1149)
	at java.util.concurrent.ThreadPoolExecutor$Worker.run(ThreadPoolExecutor.java:624)
	... 1 more
Caused by: org.apache.ratis.thirdparty.io.netty.channel.AbstractChannel$AnnotatedConnectException: Connection refused: /192.168.36.126:37960
	at sun.nio.ch.SocketChannelImpl.checkConnect(Native Method)
	at sun.nio.ch.SocketChannelImpl.finishConnect(SocketChannelImpl.java:717)
	at org.apache.ratis.thirdparty.io.netty.channel.socket.nio.NioSocketChannel.doFinishConnect(NioSocketChannel.java:327)
	at org.apache.ratis.thirdparty.io.netty.channel.nio.AbstractNioChannel$AbstractNioUnsafe.finishConnect(AbstractNioChannel.java:340)
	at org.apache.ratis.thirdparty.io.netty.channel.nio.NioEventLoop.processSelectedKey(NioEventLoop.java:632)
	at org.apache.ratis.thirdparty.io.netty.channel.nio.NioEventLoop.processSelectedKeysOptimized(NioEventLoop.java:579)
	at org.apache.ratis.thirdparty.io.netty.channel.nio.NioEventLoop.processSelectedKeys(NioEventLoop.java:496)
	at org.apache.ratis.thirdparty.io.netty.channel.nio.NioEventLoop.run(NioEventLoop.java:458)
	at org.apache.ratis.thirdparty.io.netty.util.concurrent.SingleThreadEventExecutor$5.run(SingleThreadEventExecutor.java:897)
	at org.apache.ratis.thirdparty.io.netty.util.concurrent.FastThreadLocalRunnable.run(FastThreadLocalRunnable.java:30)
	... 1 more
Caused by: java.net.ConnectException: Connection refused
	... 11 more
2019-09-25 05:31:59,953 [5c3318fc-c419-4298-b427-bf5a9ca27bf0@group-21C2C432FD88:LeaderElection224] INFO  impl.LeaderElection (LogUtils.java:infoOrTrace(149)) - 5c3318fc-c419-4298-b427-bf5a9ca27bf0@group-21C2C432FD88:LeaderElection224 got exception when requesting votes: {}
java.util.concurrent.ExecutionException: org.apache.ratis.thirdparty.io.grpc.StatusRuntimeException: UNAVAILABLE: io exception
	at java.util.concurrent.FutureTask.report(FutureTask.java:122)
	at java.util.concurrent.FutureTask.get(FutureTask.java:192)
	at org.apache.ratis.server.impl.LeaderElection.waitForResults(LeaderElection.java:263)
	at org.apache.ratis.server.impl.LeaderElection.askForVotes(LeaderElection.java:201)
	at org.apache.ratis.server.impl.LeaderElection.run(LeaderElection.java:133)
	at java.lang.Thread.run(Thread.java:748)
Caused by: org.apache.ratis.thirdparty.io.grpc.StatusRuntimeException: UNAVAILABLE: io exception
	at org.apache.ratis.thirdparty.io.grpc.stub.ClientCalls.toStatusRuntimeException(ClientCalls.java:233)
	at org.apache.ratis.thirdparty.io.grpc.stub.ClientCalls.getUnchecked(ClientCalls.java:214)
	at org.apache.ratis.thirdparty.io.grpc.stub.ClientCalls.blockingUnaryCall(ClientCalls.java:139)
	at org.apache.ratis.proto.grpc.RaftServerProtocolServiceGrpc$RaftServerProtocolServiceBlockingStub.requestVote(RaftServerProtocolServiceGrpc.java:265)
	at org.apache.ratis.grpc.server.GrpcServerProtocolClient.requestVote(GrpcServerProtocolClient.java:90)
	at org.apache.ratis.grpc.server.GrpcService.requestVote(GrpcService.java:204)
	at org.apache.ratis.server.impl.LeaderElection.lambda$submitRequests$1(LeaderElection.java:238)
	at java.util.concurrent.FutureTask.run(FutureTask.java:266)
	at java.util.concurrent.Executors$RunnableAdapter.call(Executors.java:511)
	at java.util.concurrent.FutureTask.run(FutureTask.java:266)
	at java.util.concurrent.ThreadPoolExecutor.runWorker(ThreadPoolExecutor.java:1149)
	at java.util.concurrent.ThreadPoolExecutor$Worker.run(ThreadPoolExecutor.java:624)
	... 1 more
Caused by: org.apache.ratis.thirdparty.io.netty.channel.AbstractChannel$AnnotatedConnectException: Connection refused: /192.168.36.126:36814
	at sun.nio.ch.SocketChannelImpl.checkConnect(Native Method)
	at sun.nio.ch.SocketChannelImpl.finishConnect(SocketChannelImpl.java:717)
	at org.apache.ratis.thirdparty.io.netty.channel.socket.nio.NioSocketChannel.doFinishConnect(NioSocketChannel.java:327)
	at org.apache.ratis.thirdparty.io.netty.channel.nio.AbstractNioChannel$AbstractNioUnsafe.finishConnect(AbstractNioChannel.java:340)
	at org.apache.ratis.thirdparty.io.netty.channel.nio.NioEventLoop.processSelectedKey(NioEventLoop.java:632)
	at org.apache.ratis.thirdparty.io.netty.channel.nio.NioEventLoop.processSelectedKeysOptimized(NioEventLoop.java:579)
	at org.apache.ratis.thirdparty.io.netty.channel.nio.NioEventLoop.processSelectedKeys(NioEventLoop.java:496)
	at org.apache.ratis.thirdparty.io.netty.channel.nio.NioEventLoop.run(NioEventLoop.java:458)
	at org.apache.ratis.thirdparty.io.netty.util.concurrent.SingleThreadEventExecutor$5.run(SingleThreadEventExecutor.java:897)
	at org.apache.ratis.thirdparty.io.netty.util.concurrent.FastThreadLocalRunnable.run(FastThreadLocalRunnable.java:30)
	... 1 more
Caused by: java.net.ConnectException: Connection refused
	... 11 more
2019-09-25 05:31:59,953 [a58d7528-614e-4c39-a3a3-38beaa9905aa@group-AEFF648B0F59:LeaderElection221] INFO  impl.LeaderElection (LogUtils.java:infoOrTrace(149)) - a58d7528-614e-4c39-a3a3-38beaa9905aa@group-AEFF648B0F59:LeaderElection221 got exception when requesting votes: {}
java.util.concurrent.ExecutionException: org.apache.ratis.thirdparty.io.grpc.StatusRuntimeException: UNAVAILABLE: io exception
	at java.util.concurrent.FutureTask.report(FutureTask.java:122)
	at java.util.concurrent.FutureTask.get(FutureTask.java:192)
	at org.apache.ratis.server.impl.LeaderElection.waitForResults(LeaderElection.java:263)
	at org.apache.ratis.server.impl.LeaderElection.askForVotes(LeaderElection.java:201)
	at org.apache.ratis.server.impl.LeaderElection.run(LeaderElection.java:133)
	at java.lang.Thread.run(Thread.java:748)
Caused by: org.apache.ratis.thirdparty.io.grpc.StatusRuntimeException: UNAVAILABLE: io exception
	at org.apache.ratis.thirdparty.io.grpc.stub.ClientCalls.toStatusRuntimeException(ClientCalls.java:233)
	at org.apache.ratis.thirdparty.io.grpc.stub.ClientCalls.getUnchecked(ClientCalls.java:214)
	at org.apache.ratis.thirdparty.io.grpc.stub.ClientCalls.blockingUnaryCall(ClientCalls.java:139)
	at org.apache.ratis.proto.grpc.RaftServerProtocolServiceGrpc$RaftServerProtocolServiceBlockingStub.requestVote(RaftServerProtocolServiceGrpc.java:265)
	at org.apache.ratis.grpc.server.GrpcServerProtocolClient.requestVote(GrpcServerProtocolClient.java:90)
	at org.apache.ratis.grpc.server.GrpcService.requestVote(GrpcService.java:204)
	at org.apache.ratis.server.impl.LeaderElection.lambda$submitRequests$1(LeaderElection.java:238)
	at java.util.concurrent.FutureTask.run(FutureTask.java:266)
	at java.util.concurrent.Executors$RunnableAdapter.call(Executors.java:511)
	at java.util.concurrent.FutureTask.run(FutureTask.java:266)
	at java.util.concurrent.ThreadPoolExecutor.runWorker(ThreadPoolExecutor.java:1149)
	at java.util.concurrent.ThreadPoolExecutor$Worker.run(ThreadPoolExecutor.java:624)
	... 1 more
Caused by: org.apache.ratis.thirdparty.io.netty.channel.AbstractChannel$AnnotatedConnectException: Connection refused: /192.168.36.126:37960
	at sun.nio.ch.SocketChannelImpl.checkConnect(Native Method)
	at sun.nio.ch.SocketChannelImpl.finishConnect(SocketChannelImpl.java:717)
	at org.apache.ratis.thirdparty.io.netty.channel.socket.nio.NioSocketChannel.doFinishConnect(NioSocketChannel.java:327)
	at org.apache.ratis.thirdparty.io.netty.channel.nio.AbstractNioChannel$AbstractNioUnsafe.finishConnect(AbstractNioChannel.java:340)
	at org.apache.ratis.thirdparty.io.netty.channel.nio.NioEventLoop.processSelectedKey(NioEventLoop.java:632)
	at org.apache.ratis.thirdparty.io.netty.channel.nio.NioEventLoop.processSelectedKeysOptimized(NioEventLoop.java:579)
	at org.apache.ratis.thirdparty.io.netty.channel.nio.NioEventLoop.processSelectedKeys(NioEventLoop.java:496)
	at org.apache.ratis.thirdparty.io.netty.channel.nio.NioEventLoop.run(NioEventLoop.java:458)
	at org.apache.ratis.thirdparty.io.netty.util.concurrent.SingleThreadEventExecutor$5.run(SingleThreadEventExecutor.java:897)
	at org.apache.ratis.thirdparty.io.netty.util.concurrent.FastThreadLocalRunnable.run(FastThreadLocalRunnable.java:30)
	... 1 more
Caused by: java.net.ConnectException: Connection refused
	... 11 more
2019-09-25 05:31:59,953 [a58d7528-614e-4c39-a3a3-38beaa9905aa@group-0EC8D23D101B:LeaderElection219] INFO  impl.LeaderElection (LogUtils.java:infoOrTrace(149)) - a58d7528-614e-4c39-a3a3-38beaa9905aa@group-0EC8D23D101B:LeaderElection219 got exception when requesting votes: {}
java.util.concurrent.ExecutionException: org.apache.ratis.thirdparty.io.grpc.StatusRuntimeException: UNAVAILABLE: io exception
	at java.util.concurrent.FutureTask.report(FutureTask.java:122)
	at java.util.concurrent.FutureTask.get(FutureTask.java:192)
	at org.apache.ratis.server.impl.LeaderElection.waitForResults(LeaderElection.java:263)
	at org.apache.ratis.server.impl.LeaderElection.askForVotes(LeaderElection.java:201)
	at org.apache.ratis.server.impl.LeaderElection.run(LeaderElection.java:133)
	at java.lang.Thread.run(Thread.java:748)
Caused by: org.apache.ratis.thirdparty.io.grpc.StatusRuntimeException: UNAVAILABLE: io exception
	at org.apache.ratis.thirdparty.io.grpc.stub.ClientCalls.toStatusRuntimeException(ClientCalls.java:233)
	at org.apache.ratis.thirdparty.io.grpc.stub.ClientCalls.getUnchecked(ClientCalls.java:214)
	at org.apache.ratis.thirdparty.io.grpc.stub.ClientCalls.blockingUnaryCall(ClientCalls.java:139)
	at org.apache.ratis.proto.grpc.RaftServerProtocolServiceGrpc$RaftServerProtocolServiceBlockingStub.requestVote(RaftServerProtocolServiceGrpc.java:265)
	at org.apache.ratis.grpc.server.GrpcServerProtocolClient.requestVote(GrpcServerProtocolClient.java:90)
	at org.apache.ratis.grpc.server.GrpcService.requestVote(GrpcService.java:204)
	at org.apache.ratis.server.impl.LeaderElection.lambda$submitRequests$1(LeaderElection.java:238)
	at java.util.concurrent.FutureTask.run(FutureTask.java:266)
	at java.util.concurrent.Executors$RunnableAdapter.call(Executors.java:511)
	at java.util.concurrent.FutureTask.run(FutureTask.java:266)
	at java.util.concurrent.ThreadPoolExecutor.runWorker(ThreadPoolExecutor.java:1149)
	at java.util.concurrent.ThreadPoolExecutor$Worker.run(ThreadPoolExecutor.java:624)
	... 1 more
Caused by: org.apache.ratis.thirdparty.io.netty.channel.AbstractChannel$AnnotatedConnectException: Connection refused: /192.168.36.126:37960
	at sun.nio.ch.SocketChannelImpl.checkConnect(Native Method)
	at sun.nio.ch.SocketChannelImpl.finishConnect(SocketChannelImpl.java:717)
	at org.apache.ratis.thirdparty.io.netty.channel.socket.nio.NioSocketChannel.doFinishConnect(NioSocketChannel.java:327)
	at org.apache.ratis.thirdparty.io.netty.channel.nio.AbstractNioChannel$AbstractNioUnsafe.finishConnect(AbstractNioChannel.java:340)
	at org.apache.ratis.thirdparty.io.netty.channel.nio.NioEventLoop.processSelectedKey(NioEventLoop.java:632)
	at org.apache.ratis.thirdparty.io.netty.channel.nio.NioEventLoop.processSelectedKeysOptimized(NioEventLoop.java:579)
	at org.apache.ratis.thirdparty.io.netty.channel.nio.NioEventLoop.processSelectedKeys(NioEventLoop.java:496)
	at org.apache.ratis.thirdparty.io.netty.channel.nio.NioEventLoop.run(NioEventLoop.java:458)
	at org.apache.ratis.thirdparty.io.netty.util.concurrent.SingleThreadEventExecutor$5.run(SingleThreadEventExecutor.java:897)
	at org.apache.ratis.thirdparty.io.netty.util.concurrent.FastThreadLocalRunnable.run(FastThreadLocalRunnable.java:30)
	... 1 more
Caused by: java.net.ConnectException: Connection refused
	... 11 more
2019-09-25 05:31:59,953 [5c3318fc-c419-4298-b427-bf5a9ca27bf0@group-059250D1A272:LeaderElection217] INFO  impl.LeaderElection (LogUtils.java:infoOrTrace(149)) - 5c3318fc-c419-4298-b427-bf5a9ca27bf0@group-059250D1A272:LeaderElection217 got exception when requesting votes: {}
java.util.concurrent.ExecutionException: org.apache.ratis.thirdparty.io.grpc.StatusRuntimeException: UNAVAILABLE: io exception
	at java.util.concurrent.FutureTask.report(FutureTask.java:122)
	at java.util.concurrent.FutureTask.get(FutureTask.java:192)
	at org.apache.ratis.server.impl.LeaderElection.waitForResults(LeaderElection.java:263)
	at org.apache.ratis.server.impl.LeaderElection.askForVotes(LeaderElection.java:201)
	at org.apache.ratis.server.impl.LeaderElection.run(LeaderElection.java:133)
	at java.lang.Thread.run(Thread.java:748)
Caused by: org.apache.ratis.thirdparty.io.grpc.StatusRuntimeException: UNAVAILABLE: io exception
	at org.apache.ratis.thirdparty.io.grpc.stub.ClientCalls.toStatusRuntimeException(ClientCalls.java:233)
	at org.apache.ratis.thirdparty.io.grpc.stub.ClientCalls.getUnchecked(ClientCalls.java:214)
	at org.apache.ratis.thirdparty.io.grpc.stub.ClientCalls.blockingUnaryCall(ClientCalls.java:139)
	at org.apache.ratis.proto.grpc.RaftServerProtocolServiceGrpc$RaftServerProtocolServiceBlockingStub.requestVote(RaftServerProtocolServiceGrpc.java:265)
	at org.apache.ratis.grpc.server.GrpcServerProtocolClient.requestVote(GrpcServerProtocolClient.java:90)
	at org.apache.ratis.grpc.server.GrpcService.requestVote(GrpcService.java:204)
	at org.apache.ratis.server.impl.LeaderElection.lambda$submitRequests$1(LeaderElection.java:238)
	at java.util.concurrent.FutureTask.run(FutureTask.java:266)
	at java.util.concurrent.Executors$RunnableAdapter.call(Executors.java:511)
	at java.util.concurrent.FutureTask.run(FutureTask.java:266)
	at java.util.concurrent.ThreadPoolExecutor.runWorker(ThreadPoolExecutor.java:1149)
	at java.util.concurrent.ThreadPoolExecutor$Worker.run(ThreadPoolExecutor.java:624)
	... 1 more
Caused by: org.apache.ratis.thirdparty.io.netty.channel.AbstractChannel$AnnotatedConnectException: Connection refused: /192.168.36.126:36814
	at sun.nio.ch.SocketChannelImpl.checkConnect(Native Method)
	at sun.nio.ch.SocketChannelImpl.finishConnect(SocketChannelImpl.java:717)
	at org.apache.ratis.thirdparty.io.netty.channel.socket.nio.NioSocketChannel.doFinishConnect(NioSocketChannel.java:327)
	at org.apache.ratis.thirdparty.io.netty.channel.nio.AbstractNioChannel$AbstractNioUnsafe.finishConnect(AbstractNioChannel.java:340)
	at org.apache.ratis.thirdparty.io.netty.channel.nio.NioEventLoop.processSelectedKey(NioEventLoop.java:632)
	at org.apache.ratis.thirdparty.io.netty.channel.nio.NioEventLoop.processSelectedKeysOptimized(NioEventLoop.java:579)
	at org.apache.ratis.thirdparty.io.netty.channel.nio.NioEventLoop.processSelectedKeys(NioEventLoop.java:496)
	at org.apache.ratis.thirdparty.io.netty.channel.nio.NioEventLoop.run(NioEventLoop.java:458)
	at org.apache.ratis.thirdparty.io.netty.util.concurrent.SingleThreadEventExecutor$5.run(SingleThreadEventExecutor.java:897)
	at org.apache.ratis.thirdparty.io.netty.util.concurrent.FastThreadLocalRunnable.run(FastThreadLocalRunnable.java:30)
	... 1 more
Caused by: java.net.ConnectException: Connection refused
	... 11 more
2019-09-25 05:31:59,953 [616f9f8f-9479-40f4-8c03-f125dcbf9c7f@group-60724A24602F:LeaderElection216] INFO  impl.LeaderElection (LogUtils.java:infoOrTrace(149)) - 616f9f8f-9479-40f4-8c03-f125dcbf9c7f@group-60724A24602F:LeaderElection216 got exception when requesting votes: {}
java.util.concurrent.ExecutionException: org.apache.ratis.thirdparty.io.grpc.StatusRuntimeException: UNAVAILABLE: io exception
	at java.util.concurrent.FutureTask.report(FutureTask.java:122)
	at java.util.concurrent.FutureTask.get(FutureTask.java:192)
	at org.apache.ratis.server.impl.LeaderElection.waitForResults(LeaderElection.java:263)
	at org.apache.ratis.server.impl.LeaderElection.askForVotes(LeaderElection.java:201)
	at org.apache.ratis.server.impl.LeaderElection.run(LeaderElection.java:133)
	at java.lang.Thread.run(Thread.java:748)
Caused by: org.apache.ratis.thirdparty.io.grpc.StatusRuntimeException: UNAVAILABLE: io exception
	at org.apache.ratis.thirdparty.io.grpc.stub.ClientCalls.toStatusRuntimeException(ClientCalls.java:233)
	at org.apache.ratis.thirdparty.io.grpc.stub.ClientCalls.getUnchecked(ClientCalls.java:214)
	at org.apache.ratis.thirdparty.io.grpc.stub.ClientCalls.blockingUnaryCall(ClientCalls.java:139)
	at org.apache.ratis.proto.grpc.RaftServerProtocolServiceGrpc$RaftServerProtocolServiceBlockingStub.requestVote(RaftServerProtocolServiceGrpc.java:265)
	at org.apache.ratis.grpc.server.GrpcServerProtocolClient.requestVote(GrpcServerProtocolClient.java:90)
	at org.apache.ratis.grpc.server.GrpcService.requestVote(GrpcService.java:204)
	at org.apache.ratis.server.impl.LeaderElection.lambda$submitRequests$1(LeaderElection.java:238)
	at java.util.concurrent.FutureTask.run(FutureTask.java:266)
	at java.util.concurrent.Executors$RunnableAdapter.call(Executors.java:511)
	at java.util.concurrent.FutureTask.run(FutureTask.java:266)
	at java.util.concurrent.ThreadPoolExecutor.runWorker(ThreadPoolExecutor.java:1149)
	at java.util.concurrent.ThreadPoolExecutor$Worker.run(ThreadPoolExecutor.java:624)
	... 1 more
Caused by: org.apache.ratis.thirdparty.io.netty.channel.AbstractChannel$AnnotatedConnectException: Connection refused: /192.168.36.126:42280
	at sun.nio.ch.SocketChannelImpl.checkConnect(Native Method)
	at sun.nio.ch.SocketChannelImpl.finishConnect(SocketChannelImpl.java:717)
	at org.apache.ratis.thirdparty.io.netty.channel.socket.nio.NioSocketChannel.doFinishConnect(NioSocketChannel.java:327)
	at org.apache.ratis.thirdparty.io.netty.channel.nio.AbstractNioChannel$AbstractNioUnsafe.finishConnect(AbstractNioChannel.java:340)
	at org.apache.ratis.thirdparty.io.netty.channel.nio.NioEventLoop.processSelectedKey(NioEventLoop.java:632)
	at org.apache.ratis.thirdparty.io.netty.channel.nio.NioEventLoop.processSelectedKeysOptimized(NioEventLoop.java:579)
	at org.apache.ratis.thirdparty.io.netty.channel.nio.NioEventLoop.processSelectedKeys(NioEventLoop.java:496)
	at org.apache.ratis.thirdparty.io.netty.channel.nio.NioEventLoop.run(NioEventLoop.java:458)
	at org.apache.ratis.thirdparty.io.netty.util.concurrent.SingleThreadEventExecutor$5.run(SingleThreadEventExecutor.java:897)
	at org.apache.ratis.thirdparty.io.netty.util.concurrent.FastThreadLocalRunnable.run(FastThreadLocalRunnable.java:30)
	... 1 more
Caused by: java.net.ConnectException: Connection refused
	... 11 more
2019-09-25 05:31:59,959 [5c3318fc-c419-4298-b427-bf5a9ca27bf0@group-059250D1A272:LeaderElection217] INFO  impl.LeaderElection (LogUtils.java:infoOrTrace(149)) - 5c3318fc-c419-4298-b427-bf5a9ca27bf0@group-059250D1A272:LeaderElection217 got exception when requesting votes: {}
java.util.concurrent.ExecutionException: org.apache.ratis.thirdparty.io.grpc.StatusRuntimeException: UNAVAILABLE: io exception
	at java.util.concurrent.FutureTask.report(FutureTask.java:122)
	at java.util.concurrent.FutureTask.get(FutureTask.java:192)
	at org.apache.ratis.server.impl.LeaderElection.waitForResults(LeaderElection.java:263)
	at org.apache.ratis.server.impl.LeaderElection.askForVotes(LeaderElection.java:201)
	at org.apache.ratis.server.impl.LeaderElection.run(LeaderElection.java:133)
	at java.lang.Thread.run(Thread.java:748)
Caused by: org.apache.ratis.thirdparty.io.grpc.StatusRuntimeException: UNAVAILABLE: io exception
	at org.apache.ratis.thirdparty.io.grpc.stub.ClientCalls.toStatusRuntimeException(ClientCalls.java:233)
	at org.apache.ratis.thirdparty.io.grpc.stub.ClientCalls.getUnchecked(ClientCalls.java:214)
	at org.apache.ratis.thirdparty.io.grpc.stub.ClientCalls.blockingUnaryCall(ClientCalls.java:139)
	at org.apache.ratis.proto.grpc.RaftServerProtocolServiceGrpc$RaftServerProtocolServiceBlockingStub.requestVote(RaftServerProtocolServiceGrpc.java:265)
	at org.apache.ratis.grpc.server.GrpcServerProtocolClient.requestVote(GrpcServerProtocolClient.java:90)
	at org.apache.ratis.grpc.server.GrpcService.requestVote(GrpcService.java:204)
	at org.apache.ratis.server.impl.LeaderElection.lambda$submitRequests$1(LeaderElection.java:238)
	at java.util.concurrent.FutureTask.run(FutureTask.java:266)
	at java.util.concurrent.Executors$RunnableAdapter.call(Executors.java:511)
	at java.util.concurrent.FutureTask.run(FutureTask.java:266)
	at java.util.concurrent.ThreadPoolExecutor.runWorker(ThreadPoolExecutor.java:1149)
	at java.util.concurrent.ThreadPoolExecutor$Worker.run(ThreadPoolExecutor.java:624)
	... 1 more
Caused by: org.apache.ratis.thirdparty.io.netty.channel.AbstractChannel$AnnotatedConnectException: Connection refused: /192.168.36.126:37817
	at sun.nio.ch.SocketChannelImpl.checkConnect(Native Method)
	at sun.nio.ch.SocketChannelImpl.finishConnect(SocketChannelImpl.java:717)
	at org.apache.ratis.thirdparty.io.netty.channel.socket.nio.NioSocketChannel.doFinishConnect(NioSocketChannel.java:327)
	at org.apache.ratis.thirdparty.io.netty.channel.nio.AbstractNioChannel$AbstractNioUnsafe.finishConnect(AbstractNioChannel.java:340)
	at org.apache.ratis.thirdparty.io.netty.channel.nio.NioEventLoop.processSelectedKey(NioEventLoop.java:632)
	at org.apache.ratis.thirdparty.io.netty.channel.nio.NioEventLoop.processSelectedKeysOptimized(NioEventLoop.java:579)
	at org.apache.ratis.thirdparty.io.netty.channel.nio.NioEventLoop.processSelectedKeys(NioEventLoop.java:496)
	at org.apache.ratis.thirdparty.io.netty.channel.nio.NioEventLoop.run(NioEventLoop.java:458)
	at org.apache.ratis.thirdparty.io.netty.util.concurrent.SingleThreadEventExecutor$5.run(SingleThreadEventExecutor.java:897)
	at org.apache.ratis.thirdparty.io.netty.util.concurrent.FastThreadLocalRunnable.run(FastThreadLocalRunnable.java:30)
	... 1 more
Caused by: java.net.ConnectException: Connection refused
	... 11 more
2019-09-25 05:31:59,958 [a58d7528-614e-4c39-a3a3-38beaa9905aa@group-0EC8D23D101B:LeaderElection219] INFO  impl.LeaderElection (LeaderElection.java:logAndReturn(56)) - a58d7528-614e-4c39-a3a3-38beaa9905aa@group-0EC8D23D101B:LeaderElection219: Election REJECTED; received 1 response(s) [a58d7528-614e-4c39-a3a3-38beaa9905aa<-f9c12371-c091-4b4a-8db2-6f0db97bbab3#0:FAIL-t15] and 1 exception(s); a58d7528-614e-4c39-a3a3-38beaa9905aa@group-0EC8D23D101B:t15, leader=null, voted=a58d7528-614e-4c39-a3a3-38beaa9905aa, raftlog=a58d7528-614e-4c39-a3a3-38beaa9905aa@group-0EC8D23D101B-SegmentedRaftLog:OPENED:c-1,f-1,i0, conf=-1: [a58d7528-614e-4c39-a3a3-38beaa9905aa:192.168.36.126:37942, f9c12371-c091-4b4a-8db2-6f0db97bbab3:192.168.36.126:46560, ce8ac917-2646-4112-adf7-d577593fabcb:192.168.36.126:37960], old=null
2019-09-25 05:31:59,958 [a58d7528-614e-4c39-a3a3-38beaa9905aa@group-AEFF648B0F59:LeaderElection221] INFO  impl.LeaderElection (LeaderElection.java:logAndReturn(56)) - a58d7528-614e-4c39-a3a3-38beaa9905aa@group-AEFF648B0F59:LeaderElection221: Election REJECTED; received 1 response(s) [a58d7528-614e-4c39-a3a3-38beaa9905aa<-f9c12371-c091-4b4a-8db2-6f0db97bbab3#0:FAIL-t15] and 1 exception(s); a58d7528-614e-4c39-a3a3-38beaa9905aa@group-AEFF648B0F59:t15, leader=null, voted=a58d7528-614e-4c39-a3a3-38beaa9905aa, raftlog=a58d7528-614e-4c39-a3a3-38beaa9905aa@group-AEFF648B0F59-SegmentedRaftLog:OPENED:c-1,f-1,i0, conf=-1: [a58d7528-614e-4c39-a3a3-38beaa9905aa:192.168.36.126:37942, f9c12371-c091-4b4a-8db2-6f0db97bbab3:192.168.36.126:46560, ce8ac917-2646-4112-adf7-d577593fabcb:192.168.36.126:37960], old=null
2019-09-25 05:31:59,960 [a58d7528-614e-4c39-a3a3-38beaa9905aa@group-AEFF648B0F59:LeaderElection221] INFO  impl.LeaderElection (LogUtils.java:infoOrTrace(149)) -   Exception 0: {}
java.util.concurrent.ExecutionException: org.apache.ratis.thirdparty.io.grpc.StatusRuntimeException: UNAVAILABLE: io exception
	at java.util.concurrent.FutureTask.report(FutureTask.java:122)
	at java.util.concurrent.FutureTask.get(FutureTask.java:192)
	at org.apache.ratis.server.impl.LeaderElection.waitForResults(LeaderElection.java:263)
	at org.apache.ratis.server.impl.LeaderElection.askForVotes(LeaderElection.java:201)
	at org.apache.ratis.server.impl.LeaderElection.run(LeaderElection.java:133)
	at java.lang.Thread.run(Thread.java:748)
Caused by: org.apache.ratis.thirdparty.io.grpc.StatusRuntimeException: UNAVAILABLE: io exception
	at org.apache.ratis.thirdparty.io.grpc.stub.ClientCalls.toStatusRuntimeException(ClientCalls.java:233)
	at org.apache.ratis.thirdparty.io.grpc.stub.ClientCalls.getUnchecked(ClientCalls.java:214)
	at org.apache.ratis.thirdparty.io.grpc.stub.ClientCalls.blockingUnaryCall(ClientCalls.java:139)
	at org.apache.ratis.proto.grpc.RaftServerProtocolServiceGrpc$RaftServerProtocolServiceBlockingStub.requestVote(RaftServerProtocolServiceGrpc.java:265)
	at org.apache.ratis.grpc.server.GrpcServerProtocolClient.requestVote(GrpcServerProtocolClient.java:90)
	at org.apache.ratis.grpc.server.GrpcService.requestVote(GrpcService.java:204)
	at org.apache.ratis.server.impl.LeaderElection.lambda$submitRequests$1(LeaderElection.java:238)
	at java.util.concurrent.FutureTask.run(FutureTask.java:266)
	at java.util.concurrent.Executors$RunnableAdapter.call(Executors.java:511)
	at java.util.concurrent.FutureTask.run(FutureTask.java:266)
	at java.util.concurrent.ThreadPoolExecutor.runWorker(ThreadPoolExecutor.java:1149)
	at java.util.concurrent.ThreadPoolExecutor$Worker.run(ThreadPoolExecutor.java:624)
	... 1 more
Caused by: org.apache.ratis.thirdparty.io.netty.channel.AbstractChannel$AnnotatedConnectException: Connection refused: /192.168.36.126:37960
	at sun.nio.ch.SocketChannelImpl.checkConnect(Native Method)
	at sun.nio.ch.SocketChannelImpl.finishConnect(SocketChannelImpl.java:717)
	at org.apache.ratis.thirdparty.io.netty.channel.socket.nio.NioSocketChannel.doFinishConnect(NioSocketChannel.java:327)
	at org.apache.ratis.thirdparty.io.netty.channel.nio.AbstractNioChannel$AbstractNioUnsafe.finishConnect(AbstractNioChannel.java:340)
	at org.apache.ratis.thirdparty.io.netty.channel.nio.NioEventLoop.processSelectedKey(NioEventLoop.java:632)
	at org.apache.ratis.thirdparty.io.netty.channel.nio.NioEventLoop.processSelectedKeysOptimized(NioEventLoop.java:579)
	at org.apache.ratis.thirdparty.io.netty.channel.nio.NioEventLoop.processSelectedKeys(NioEventLoop.java:496)
	at org.apache.ratis.thirdparty.io.netty.channel.nio.NioEventLoop.run(NioEventLoop.java:458)
	at org.apache.ratis.thirdparty.io.netty.util.concurrent.SingleThreadEventExecutor$5.run(SingleThreadEventExecutor.java:897)
	at org.apache.ratis.thirdparty.io.netty.util.concurrent.FastThreadLocalRunnable.run(FastThreadLocalRunnable.java:30)
	... 1 more
Caused by: java.net.ConnectException: Connection refused
	... 11 more
2019-09-25 05:31:59,958 [a58d7528-614e-4c39-a3a3-38beaa9905aa@group-43825EC81F5D:LeaderElection223] INFO  impl.LeaderElection (LeaderElection.java:logAndReturn(56)) - a58d7528-614e-4c39-a3a3-38beaa9905aa@group-43825EC81F5D:LeaderElection223: Election REJECTED; received 1 response(s) [a58d7528-614e-4c39-a3a3-38beaa9905aa<-f9c12371-c091-4b4a-8db2-6f0db97bbab3#0:FAIL-t11] and 1 exception(s); a58d7528-614e-4c39-a3a3-38beaa9905aa@group-43825EC81F5D:t11, leader=null, voted=a58d7528-614e-4c39-a3a3-38beaa9905aa, raftlog=a58d7528-614e-4c39-a3a3-38beaa9905aa@group-43825EC81F5D-SegmentedRaftLog:OPENED:c-1,f-1,i0, conf=-1: [a58d7528-614e-4c39-a3a3-38beaa9905aa:192.168.36.126:37942, f9c12371-c091-4b4a-8db2-6f0db97bbab3:192.168.36.126:46560, ce8ac917-2646-4112-adf7-d577593fabcb:192.168.36.126:37960], old=null
2019-09-25 05:31:59,957 [5c3318fc-c419-4298-b427-bf5a9ca27bf0@group-21C2C432FD88:LeaderElection224] INFO  impl.LeaderElection (LogUtils.java:infoOrTrace(149)) - 5c3318fc-c419-4298-b427-bf5a9ca27bf0@group-21C2C432FD88:LeaderElection224 got exception when requesting votes: {}
java.util.concurrent.ExecutionException: org.apache.ratis.thirdparty.io.grpc.StatusRuntimeException: UNAVAILABLE: io exception
	at java.util.concurrent.FutureTask.report(FutureTask.java:122)
	at java.util.concurrent.FutureTask.get(FutureTask.java:192)
	at org.apache.ratis.server.impl.LeaderElection.waitForResults(LeaderElection.java:263)
	at org.apache.ratis.server.impl.LeaderElection.askForVotes(LeaderElection.java:201)
	at org.apache.ratis.server.impl.LeaderElection.run(LeaderElection.java:133)
	at java.lang.Thread.run(Thread.java:748)
Caused by: org.apache.ratis.thirdparty.io.grpc.StatusRuntimeException: UNAVAILABLE: io exception
	at org.apache.ratis.thirdparty.io.grpc.stub.ClientCalls.toStatusRuntimeException(ClientCalls.java:233)
	at org.apache.ratis.thirdparty.io.grpc.stub.ClientCalls.getUnchecked(ClientCalls.java:214)
	at org.apache.ratis.thirdparty.io.grpc.stub.ClientCalls.blockingUnaryCall(ClientCalls.java:139)
	at org.apache.ratis.proto.grpc.RaftServerProtocolServiceGrpc$RaftServerProtocolServiceBlockingStub.requestVote(RaftServerProtocolServiceGrpc.java:265)
	at org.apache.ratis.grpc.server.GrpcServerProtocolClient.requestVote(GrpcServerProtocolClient.java:90)
	at org.apache.ratis.grpc.server.GrpcService.requestVote(GrpcService.java:204)
	at org.apache.ratis.server.impl.LeaderElection.lambda$submitRequests$1(LeaderElection.java:238)
	at java.util.concurrent.FutureTask.run(FutureTask.java:266)
	at java.util.concurrent.Executors$RunnableAdapter.call(Executors.java:511)
	at java.util.concurrent.FutureTask.run(FutureTask.java:266)
	at java.util.concurrent.ThreadPoolExecutor.runWorker(ThreadPoolExecutor.java:1149)
	at java.util.concurrent.ThreadPoolExecutor$Worker.run(ThreadPoolExecutor.java:624)
	... 1 more
Caused by: org.apache.ratis.thirdparty.io.netty.channel.AbstractChannel$AnnotatedConnectException: Connection refused: /192.168.36.126:37817
	at sun.nio.ch.SocketChannelImpl.checkConnect(Native Method)
	at sun.nio.ch.SocketChannelImpl.finishConnect(SocketChannelImpl.java:717)
	at org.apache.ratis.thirdparty.io.netty.channel.socket.nio.NioSocketChannel.doFinishConnect(NioSocketChannel.java:327)
	at org.apache.ratis.thirdparty.io.netty.channel.nio.AbstractNioChannel$AbstractNioUnsafe.finishConnect(AbstractNioChannel.java:340)
	at org.apache.ratis.thirdparty.io.netty.channel.nio.NioEventLoop.processSelectedKey(NioEventLoop.java:632)
	at org.apache.ratis.thirdparty.io.netty.channel.nio.NioEventLoop.processSelectedKeysOptimized(NioEventLoop.java:579)
	at org.apache.ratis.thirdparty.io.netty.channel.nio.NioEventLoop.processSelectedKeys(NioEventLoop.java:496)
	at org.apache.ratis.thirdparty.io.netty.channel.nio.NioEventLoop.run(NioEventLoop.java:458)
	at org.apache.ratis.thirdparty.io.netty.util.concurrent.SingleThreadEventExecutor$5.run(SingleThreadEventExecutor.java:897)
	at org.apache.ratis.thirdparty.io.netty.util.concurrent.FastThreadLocalRunnable.run(FastThreadLocalRunnable.java:30)
	... 1 more
Caused by: java.net.ConnectException: Connection refused
	... 11 more
2019-09-25 05:31:59,957 [f9c12371-c091-4b4a-8db2-6f0db97bbab3@group-0EC8D23D101B:LeaderElection222] INFO  impl.LeaderElection (LeaderElection.java:logAndReturn(56)) - f9c12371-c091-4b4a-8db2-6f0db97bbab3@group-0EC8D23D101B:LeaderElection222: Election REJECTED; received 1 response(s) [f9c12371-c091-4b4a-8db2-6f0db97bbab3<-a58d7528-614e-4c39-a3a3-38beaa9905aa#0:FAIL-t15] and 1 exception(s); f9c12371-c091-4b4a-8db2-6f0db97bbab3@group-0EC8D23D101B:t15, leader=null, voted=f9c12371-c091-4b4a-8db2-6f0db97bbab3, raftlog=f9c12371-c091-4b4a-8db2-6f0db97bbab3@group-0EC8D23D101B-SegmentedRaftLog:OPENED:c-1,f-1,i0, conf=-1: [a58d7528-614e-4c39-a3a3-38beaa9905aa:192.168.36.126:37942, f9c12371-c091-4b4a-8db2-6f0db97bbab3:192.168.36.126:46560, ce8ac917-2646-4112-adf7-d577593fabcb:192.168.36.126:37960], old=null
2019-09-25 05:31:59,961 [5c3318fc-c419-4298-b427-bf5a9ca27bf0@group-21C2C432FD88:LeaderElection224] INFO  impl.LeaderElection (LeaderElection.java:logAndReturn(56)) - 5c3318fc-c419-4298-b427-bf5a9ca27bf0@group-21C2C432FD88:LeaderElection224: Election REJECTED; received 0 response(s) [] and 2 exception(s); 5c3318fc-c419-4298-b427-bf5a9ca27bf0@group-21C2C432FD88:t18, leader=null, voted=5c3318fc-c419-4298-b427-bf5a9ca27bf0, raftlog=5c3318fc-c419-4298-b427-bf5a9ca27bf0@group-21C2C432FD88-SegmentedRaftLog:OPENED:c-1,f-1,i0, conf=-1: [5c3318fc-c419-4298-b427-bf5a9ca27bf0:192.168.36.126:46795, 61946a22-29ed-4e77-8449-fae4cd9869e9:192.168.36.126:36814, 0d4a37ed-4cec-423a-a360-e4a879eb6bc0:192.168.36.126:37817], old=null
2019-09-25 05:31:59,956 [f9c12371-c091-4b4a-8db2-6f0db97bbab3@group-AEFF648B0F59:LeaderElection220] INFO  impl.LeaderElection (LeaderElection.java:logAndReturn(56)) - f9c12371-c091-4b4a-8db2-6f0db97bbab3@group-AEFF648B0F59:LeaderElection220: Election REJECTED; received 1 response(s) [f9c12371-c091-4b4a-8db2-6f0db97bbab3<-a58d7528-614e-4c39-a3a3-38beaa9905aa#0:FAIL-t15] and 1 exception(s); f9c12371-c091-4b4a-8db2-6f0db97bbab3@group-AEFF648B0F59:t15, leader=null, voted=f9c12371-c091-4b4a-8db2-6f0db97bbab3, raftlog=f9c12371-c091-4b4a-8db2-6f0db97bbab3@group-AEFF648B0F59-SegmentedRaftLog:OPENED:c-1,f-1,i0, conf=-1: [a58d7528-614e-4c39-a3a3-38beaa9905aa:192.168.36.126:37942, f9c12371-c091-4b4a-8db2-6f0db97bbab3:192.168.36.126:46560, ce8ac917-2646-4112-adf7-d577593fabcb:192.168.36.126:37960], old=null
2019-09-25 05:31:59,956 [f9c12371-c091-4b4a-8db2-6f0db97bbab3@group-43825EC81F5D:LeaderElection218] INFO  impl.LeaderElection (LeaderElection.java:logAndReturn(56)) - f9c12371-c091-4b4a-8db2-6f0db97bbab3@group-43825EC81F5D:LeaderElection218: Election REJECTED; received 1 response(s) [f9c12371-c091-4b4a-8db2-6f0db97bbab3<-a58d7528-614e-4c39-a3a3-38beaa9905aa#0:FAIL-t11] and 1 exception(s); f9c12371-c091-4b4a-8db2-6f0db97bbab3@group-43825EC81F5D:t11, leader=null, voted=f9c12371-c091-4b4a-8db2-6f0db97bbab3, raftlog=f9c12371-c091-4b4a-8db2-6f0db97bbab3@group-43825EC81F5D-SegmentedRaftLog:OPENED:c-1,f-1,i0, conf=-1: [a58d7528-614e-4c39-a3a3-38beaa9905aa:192.168.36.126:37942, f9c12371-c091-4b4a-8db2-6f0db97bbab3:192.168.36.126:46560, ce8ac917-2646-4112-adf7-d577593fabcb:192.168.36.126:37960], old=null
2019-09-25 05:31:59,962 [f9c12371-c091-4b4a-8db2-6f0db97bbab3@group-AEFF648B0F59:LeaderElection220] INFO  impl.LeaderElection (LogUtils.java:infoOrTrace(149)) -   Exception 0: {}
java.util.concurrent.ExecutionException: org.apache.ratis.thirdparty.io.grpc.StatusRuntimeException: UNAVAILABLE: io exception
	at java.util.concurrent.FutureTask.report(FutureTask.java:122)
	at java.util.concurrent.FutureTask.get(FutureTask.java:192)
	at org.apache.ratis.server.impl.LeaderElection.waitForResults(LeaderElection.java:263)
	at org.apache.ratis.server.impl.LeaderElection.askForVotes(LeaderElection.java:201)
	at org.apache.ratis.server.impl.LeaderElection.run(LeaderElection.java:133)
	at java.lang.Thread.run(Thread.java:748)
Caused by: org.apache.ratis.thirdparty.io.grpc.StatusRuntimeException: UNAVAILABLE: io exception
	at org.apache.ratis.thirdparty.io.grpc.stub.ClientCalls.toStatusRuntimeException(ClientCalls.java:233)
	at org.apache.ratis.thirdparty.io.grpc.stub.ClientCalls.getUnchecked(ClientCalls.java:214)
	at org.apache.ratis.thirdparty.io.grpc.stub.ClientCalls.blockingUnaryCall(ClientCalls.java:139)
	at org.apache.ratis.proto.grpc.RaftServerProtocolServiceGrpc$RaftServerProtocolServiceBlockingStub.requestVote(RaftServerProtocolServiceGrpc.java:265)
	at org.apache.ratis.grpc.server.GrpcServerProtocolClient.requestVote(GrpcServerProtocolClient.java:90)
	at org.apache.ratis.grpc.server.GrpcService.requestVote(GrpcService.java:204)
	at org.apache.ratis.server.impl.LeaderElection.lambda$submitRequests$1(LeaderElection.java:238)
	at java.util.concurrent.FutureTask.run(FutureTask.java:266)
	at java.util.concurrent.Executors$RunnableAdapter.call(Executors.java:511)
	at java.util.concurrent.FutureTask.run(FutureTask.java:266)
	at java.util.concurrent.ThreadPoolExecutor.runWorker(ThreadPoolExecutor.java:1149)
	at java.util.concurrent.ThreadPoolExecutor$Worker.run(ThreadPoolExecutor.java:624)
	... 1 more
Caused by: org.apache.ratis.thirdparty.io.netty.channel.AbstractChannel$AnnotatedConnectException: Connection refused: /192.168.36.126:37960
	at sun.nio.ch.SocketChannelImpl.checkConnect(Native Method)
	at sun.nio.ch.SocketChannelImpl.finishConnect(SocketChannelImpl.java:717)
	at org.apache.ratis.thirdparty.io.netty.channel.socket.nio.NioSocketChannel.doFinishConnect(NioSocketChannel.java:327)
	at org.apache.ratis.thirdparty.io.netty.channel.nio.AbstractNioChannel$AbstractNioUnsafe.finishConnect(AbstractNioChannel.java:340)
	at org.apache.ratis.thirdparty.io.netty.channel.nio.NioEventLoop.processSelectedKey(NioEventLoop.java:632)
	at org.apache.ratis.thirdparty.io.netty.channel.nio.NioEventLoop.processSelectedKeysOptimized(NioEventLoop.java:579)
	at org.apache.ratis.thirdparty.io.netty.channel.nio.NioEventLoop.processSelectedKeys(NioEventLoop.java:496)
	at org.apache.ratis.thirdparty.io.netty.channel.nio.NioEventLoop.run(NioEventLoop.java:458)
	at org.apache.ratis.thirdparty.io.netty.util.concurrent.SingleThreadEventExecutor$5.run(SingleThreadEventExecutor.java:897)
	at org.apache.ratis.thirdparty.io.netty.util.concurrent.FastThreadLocalRunnable.run(FastThreadLocalRunnable.java:30)
	... 1 more
Caused by: java.net.ConnectException: Connection refused
	... 11 more
2019-09-25 05:31:59,962 [5c3318fc-c419-4298-b427-bf5a9ca27bf0@group-21C2C432FD88:LeaderElection224] INFO  impl.LeaderElection (LogUtils.java:infoOrTrace(149)) -   Exception 0: {}
java.util.concurrent.ExecutionException: org.apache.ratis.thirdparty.io.grpc.StatusRuntimeException: UNAVAILABLE: io exception
	at java.util.concurrent.FutureTask.report(FutureTask.java:122)
	at java.util.concurrent.FutureTask.get(FutureTask.java:192)
	at org.apache.ratis.server.impl.LeaderElection.waitForResults(LeaderElection.java:263)
	at org.apache.ratis.server.impl.LeaderElection.askForVotes(LeaderElection.java:201)
	at org.apache.ratis.server.impl.LeaderElection.run(LeaderElection.java:133)
	at java.lang.Thread.run(Thread.java:748)
Caused by: org.apache.ratis.thirdparty.io.grpc.StatusRuntimeException: UNAVAILABLE: io exception
	at org.apache.ratis.thirdparty.io.grpc.stub.ClientCalls.toStatusRuntimeException(ClientCalls.java:233)
	at org.apache.ratis.thirdparty.io.grpc.stub.ClientCalls.getUnchecked(ClientCalls.java:214)
	at org.apache.ratis.thirdparty.io.grpc.stub.ClientCalls.blockingUnaryCall(ClientCalls.java:139)
	at org.apache.ratis.proto.grpc.RaftServerProtocolServiceGrpc$RaftServerProtocolServiceBlockingStub.requestVote(RaftServerProtocolServiceGrpc.java:265)
	at org.apache.ratis.grpc.server.GrpcServerProtocolClient.requestVote(GrpcServerProtocolClient.java:90)
	at org.apache.ratis.grpc.server.GrpcService.requestVote(GrpcService.java:204)
	at org.apache.ratis.server.impl.LeaderElection.lambda$submitRequests$1(LeaderElection.java:238)
	at java.util.concurrent.FutureTask.run(FutureTask.java:266)
	at java.util.concurrent.Executors$RunnableAdapter.call(Executors.java:511)
	at java.util.concurrent.FutureTask.run(FutureTask.java:266)
	at java.util.concurrent.ThreadPoolExecutor.runWorker(ThreadPoolExecutor.java:1149)
	at java.util.concurrent.ThreadPoolExecutor$Worker.run(ThreadPoolExecutor.java:624)
	... 1 more
Caused by: org.apache.ratis.thirdparty.io.netty.channel.AbstractChannel$AnnotatedConnectException: Connection refused: /192.168.36.126:36814
	at sun.nio.ch.SocketChannelImpl.checkConnect(Native Method)
	at sun.nio.ch.SocketChannelImpl.finishConnect(SocketChannelImpl.java:717)
	at org.apache.ratis.thirdparty.io.netty.channel.socket.nio.NioSocketChannel.doFinishConnect(NioSocketChannel.java:327)
	at org.apache.ratis.thirdparty.io.netty.channel.nio.AbstractNioChannel$AbstractNioUnsafe.finishConnect(AbstractNioChannel.java:340)
	at org.apache.ratis.thirdparty.io.netty.channel.nio.NioEventLoop.processSelectedKey(NioEventLoop.java:632)
	at org.apache.ratis.thirdparty.io.netty.channel.nio.NioEventLoop.processSelectedKeysOptimized(NioEventLoop.java:579)
	at org.apache.ratis.thirdparty.io.netty.channel.nio.NioEventLoop.processSelectedKeys(NioEventLoop.java:496)
	at org.apache.ratis.thirdparty.io.netty.channel.nio.NioEventLoop.run(NioEventLoop.java:458)
	at org.apache.ratis.thirdparty.io.netty.util.concurrent.SingleThreadEventExecutor$5.run(SingleThreadEventExecutor.java:897)
	at org.apache.ratis.thirdparty.io.netty.util.concurrent.FastThreadLocalRunnable.run(FastThreadLocalRunnable.java:30)
	... 1 more
Caused by: java.net.ConnectException: Connection refused
	... 11 more
2019-09-25 05:31:59,962 [f9c12371-c091-4b4a-8db2-6f0db97bbab3@group-0EC8D23D101B:LeaderElection222] INFO  impl.LeaderElection (LogUtils.java:infoOrTrace(149)) -   Exception 0: {}
java.util.concurrent.ExecutionException: org.apache.ratis.thirdparty.io.grpc.StatusRuntimeException: UNAVAILABLE: io exception
	at java.util.concurrent.FutureTask.report(FutureTask.java:122)
	at java.util.concurrent.FutureTask.get(FutureTask.java:192)
	at org.apache.ratis.server.impl.LeaderElection.waitForResults(LeaderElection.java:263)
	at org.apache.ratis.server.impl.LeaderElection.askForVotes(LeaderElection.java:201)
	at org.apache.ratis.server.impl.LeaderElection.run(LeaderElection.java:133)
	at java.lang.Thread.run(Thread.java:748)
Caused by: org.apache.ratis.thirdparty.io.grpc.StatusRuntimeException: UNAVAILABLE: io exception
	at org.apache.ratis.thirdparty.io.grpc.stub.ClientCalls.toStatusRuntimeException(ClientCalls.java:233)
	at org.apache.ratis.thirdparty.io.grpc.stub.ClientCalls.getUnchecked(ClientCalls.java:214)
	at org.apache.ratis.thirdparty.io.grpc.stub.ClientCalls.blockingUnaryCall(ClientCalls.java:139)
	at org.apache.ratis.proto.grpc.RaftServerProtocolServiceGrpc$RaftServerProtocolServiceBlockingStub.requestVote(RaftServerProtocolServiceGrpc.java:265)
	at org.apache.ratis.grpc.server.GrpcServerProtocolClient.requestVote(GrpcServerProtocolClient.java:90)
	at org.apache.ratis.grpc.server.GrpcService.requestVote(GrpcService.java:204)
	at org.apache.ratis.server.impl.LeaderElection.lambda$submitRequests$1(LeaderElection.java:238)
	at java.util.concurrent.FutureTask.run(FutureTask.java:266)
	at java.util.concurrent.Executors$RunnableAdapter.call(Executors.java:511)
	at java.util.concurrent.FutureTask.run(FutureTask.java:266)
	at java.util.concurrent.ThreadPoolExecutor.runWorker(ThreadPoolExecutor.java:1149)
	at java.util.concurrent.ThreadPoolExecutor$Worker.run(ThreadPoolExecutor.java:624)
	... 1 more
Caused by: org.apache.ratis.thirdparty.io.netty.channel.AbstractChannel$AnnotatedConnectException: Connection refused: /192.168.36.126:37960
	at sun.nio.ch.SocketChannelImpl.checkConnect(Native Method)
	at sun.nio.ch.SocketChannelImpl.finishConnect(SocketChannelImpl.java:717)
	at org.apache.ratis.thirdparty.io.netty.channel.socket.nio.NioSocketChannel.doFinishConnect(NioSocketChannel.java:327)
	at org.apache.ratis.thirdparty.io.netty.channel.nio.AbstractNioChannel$AbstractNioUnsafe.finishConnect(AbstractNioChannel.java:340)
	at org.apache.ratis.thirdparty.io.netty.channel.nio.NioEventLoop.processSelectedKey(NioEventLoop.java:632)
	at org.apache.ratis.thirdparty.io.netty.channel.nio.NioEventLoop.processSelectedKeysOptimized(NioEventLoop.java:579)
	at org.apache.ratis.thirdparty.io.netty.channel.nio.NioEventLoop.processSelectedKeys(NioEventLoop.java:496)
	at org.apache.ratis.thirdparty.io.netty.channel.nio.NioEventLoop.run(NioEventLoop.java:458)
	at org.apache.ratis.thirdparty.io.netty.util.concurrent.SingleThreadEventExecutor$5.run(SingleThreadEventExecutor.java:897)
	at org.apache.ratis.thirdparty.io.netty.util.concurrent.FastThreadLocalRunnable.run(FastThreadLocalRunnable.java:30)
	... 1 more
Caused by: java.net.ConnectException: Connection refused
	... 11 more
2019-09-25 05:31:59,961 [a58d7528-614e-4c39-a3a3-38beaa9905aa@group-43825EC81F5D:LeaderElection223] INFO  impl.LeaderElection (LogUtils.java:infoOrTrace(149)) -   Exception 0: {}
java.util.concurrent.ExecutionException: org.apache.ratis.thirdparty.io.grpc.StatusRuntimeException: UNAVAILABLE: io exception
	at java.util.concurrent.FutureTask.report(FutureTask.java:122)
	at java.util.concurrent.FutureTask.get(FutureTask.java:192)
	at org.apache.ratis.server.impl.LeaderElection.waitForResults(LeaderElection.java:263)
	at org.apache.ratis.server.impl.LeaderElection.askForVotes(LeaderElection.java:201)
	at org.apache.ratis.server.impl.LeaderElection.run(LeaderElection.java:133)
	at java.lang.Thread.run(Thread.java:748)
Caused by: org.apache.ratis.thirdparty.io.grpc.StatusRuntimeException: UNAVAILABLE: io exception
	at org.apache.ratis.thirdparty.io.grpc.stub.ClientCalls.toStatusRuntimeException(ClientCalls.java:233)
	at org.apache.ratis.thirdparty.io.grpc.stub.ClientCalls.getUnchecked(ClientCalls.java:214)
	at org.apache.ratis.thirdparty.io.grpc.stub.ClientCalls.blockingUnaryCall(ClientCalls.java:139)
	at org.apache.ratis.proto.grpc.RaftServerProtocolServiceGrpc$RaftServerProtocolServiceBlockingStub.requestVote(RaftServerProtocolServiceGrpc.java:265)
	at org.apache.ratis.grpc.server.GrpcServerProtocolClient.requestVote(GrpcServerProtocolClient.java:90)
	at org.apache.ratis.grpc.server.GrpcService.requestVote(GrpcService.java:204)
	at org.apache.ratis.server.impl.LeaderElection.lambda$submitRequests$1(LeaderElection.java:238)
	at java.util.concurrent.FutureTask.run(FutureTask.java:266)
	at java.util.concurrent.Executors$RunnableAdapter.call(Executors.java:511)
	at java.util.concurrent.FutureTask.run(FutureTask.java:266)
	at java.util.concurrent.ThreadPoolExecutor.runWorker(ThreadPoolExecutor.java:1149)
	at java.util.concurrent.ThreadPoolExecutor$Worker.run(ThreadPoolExecutor.java:624)
	... 1 more
Caused by: org.apache.ratis.thirdparty.io.netty.channel.AbstractChannel$AnnotatedConnectException: Connection refused: /192.168.36.126:37960
	at sun.nio.ch.SocketChannelImpl.checkConnect(Native Method)
	at sun.nio.ch.SocketChannelImpl.finishConnect(SocketChannelImpl.java:717)
	at org.apache.ratis.thirdparty.io.netty.channel.socket.nio.NioSocketChannel.doFinishConnect(NioSocketChannel.java:327)
	at org.apache.ratis.thirdparty.io.netty.channel.nio.AbstractNioChannel$AbstractNioUnsafe.finishConnect(AbstractNioChannel.java:340)
	at org.apache.ratis.thirdparty.io.netty.channel.nio.NioEventLoop.processSelectedKey(NioEventLoop.java:632)
	at org.apache.ratis.thirdparty.io.netty.channel.nio.NioEventLoop.processSelectedKeysOptimized(NioEventLoop.java:579)
	at org.apache.ratis.thirdparty.io.netty.channel.nio.NioEventLoop.processSelectedKeys(NioEventLoop.java:496)
	at org.apache.ratis.thirdparty.io.netty.channel.nio.NioEventLoop.run(NioEventLoop.java:458)
	at org.apache.ratis.thirdparty.io.netty.util.concurrent.SingleThreadEventExecutor$5.run(SingleThreadEventExecutor.java:897)
	at org.apache.ratis.thirdparty.io.netty.util.concurrent.FastThreadLocalRunnable.run(FastThreadLocalRunnable.java:30)
	... 1 more
Caused by: java.net.ConnectException: Connection refused
	... 11 more
2019-09-25 05:31:59,960 [a58d7528-614e-4c39-a3a3-38beaa9905aa@group-AEFF648B0F59:LeaderElection221] INFO  impl.RaftServerImpl (RaftServerImpl.java:setRole(174)) - a58d7528-614e-4c39-a3a3-38beaa9905aa@group-AEFF648B0F59: changes role from CANDIDATE to FOLLOWER at term 15 for DISCOVERED_A_NEW_TERM
2019-09-25 05:31:59,965 [a58d7528-614e-4c39-a3a3-38beaa9905aa@group-AEFF648B0F59:LeaderElection221] INFO  impl.RoleInfo (RoleInfo.java:shutdownLeaderElection(134)) - a58d7528-614e-4c39-a3a3-38beaa9905aa: shutdown LeaderElection
2019-09-25 05:31:59,960 [a58d7528-614e-4c39-a3a3-38beaa9905aa@group-0EC8D23D101B:LeaderElection219] INFO  impl.LeaderElection (LogUtils.java:infoOrTrace(149)) -   Exception 0: {}
java.util.concurrent.ExecutionException: org.apache.ratis.thirdparty.io.grpc.StatusRuntimeException: UNAVAILABLE: io exception
	at java.util.concurrent.FutureTask.report(FutureTask.java:122)
	at java.util.concurrent.FutureTask.get(FutureTask.java:192)
	at org.apache.ratis.server.impl.LeaderElection.waitForResults(LeaderElection.java:263)
	at org.apache.ratis.server.impl.LeaderElection.askForVotes(LeaderElection.java:201)
	at org.apache.ratis.server.impl.LeaderElection.run(LeaderElection.java:133)
	at java.lang.Thread.run(Thread.java:748)
Caused by: org.apache.ratis.thirdparty.io.grpc.StatusRuntimeException: UNAVAILABLE: io exception
	at org.apache.ratis.thirdparty.io.grpc.stub.ClientCalls.toStatusRuntimeException(ClientCalls.java:233)
	at org.apache.ratis.thirdparty.io.grpc.stub.ClientCalls.getUnchecked(ClientCalls.java:214)
	at org.apache.ratis.thirdparty.io.grpc.stub.ClientCalls.blockingUnaryCall(ClientCalls.java:139)
	at org.apache.ratis.proto.grpc.RaftServerProtocolServiceGrpc$RaftServerProtocolServiceBlockingStub.requestVote(RaftServerProtocolServiceGrpc.java:265)
	at org.apache.ratis.grpc.server.GrpcServerProtocolClient.requestVote(GrpcServerProtocolClient.java:90)
	at org.apache.ratis.grpc.server.GrpcService.requestVote(GrpcService.java:204)
	at org.apache.ratis.server.impl.LeaderElection.lambda$submitRequests$1(LeaderElection.java:238)
	at java.util.concurrent.FutureTask.run(FutureTask.java:266)
	at java.util.concurrent.Executors$RunnableAdapter.call(Executors.java:511)
	at java.util.concurrent.FutureTask.run(FutureTask.java:266)
	at java.util.concurrent.ThreadPoolExecutor.runWorker(ThreadPoolExecutor.java:1149)
	at java.util.concurrent.ThreadPoolExecutor$Worker.run(ThreadPoolExecutor.java:624)
	... 1 more
Caused by: org.apache.ratis.thirdparty.io.netty.channel.AbstractChannel$AnnotatedConnectException: Connection refused: /192.168.36.126:37960
	at sun.nio.ch.SocketChannelImpl.checkConnect(Native Method)
	at sun.nio.ch.SocketChannelImpl.finishConnect(SocketChannelImpl.java:717)
	at org.apache.ratis.thirdparty.io.netty.channel.socket.nio.NioSocketChannel.doFinishConnect(NioSocketChannel.java:327)
	at org.apache.ratis.thirdparty.io.netty.channel.nio.AbstractNioChannel$AbstractNioUnsafe.finishConnect(AbstractNioChannel.java:340)
	at org.apache.ratis.thirdparty.io.netty.channel.nio.NioEventLoop.processSelectedKey(NioEventLoop.java:632)
	at org.apache.ratis.thirdparty.io.netty.channel.nio.NioEventLoop.processSelectedKeysOptimized(NioEventLoop.java:579)
	at org.apache.ratis.thirdparty.io.netty.channel.nio.NioEventLoop.processSelectedKeys(NioEventLoop.java:496)
	at org.apache.ratis.thirdparty.io.netty.channel.nio.NioEventLoop.run(NioEventLoop.java:458)
	at org.apache.ratis.thirdparty.io.netty.util.concurrent.SingleThreadEventExecutor$5.run(SingleThreadEventExecutor.java:897)
	at org.apache.ratis.thirdparty.io.netty.util.concurrent.FastThreadLocalRunnable.run(FastThreadLocalRunnable.java:30)
	... 1 more
Caused by: java.net.ConnectException: Connection refused
	... 11 more
2019-09-25 05:31:59,960 [5c3318fc-c419-4298-b427-bf5a9ca27bf0@group-059250D1A272:LeaderElection217] INFO  impl.LeaderElection (LeaderElection.java:logAndReturn(56)) - 5c3318fc-c419-4298-b427-bf5a9ca27bf0@group-059250D1A272:LeaderElection217: Election REJECTED; received 0 response(s) [] and 2 exception(s); 5c3318fc-c419-4298-b427-bf5a9ca27bf0@group-059250D1A272:t17, leader=null, voted=5c3318fc-c419-4298-b427-bf5a9ca27bf0, raftlog=5c3318fc-c419-4298-b427-bf5a9ca27bf0@group-059250D1A272-SegmentedRaftLog:OPENED:c-1,f-1,i0, conf=-1: [5c3318fc-c419-4298-b427-bf5a9ca27bf0:192.168.36.126:46795, 61946a22-29ed-4e77-8449-fae4cd9869e9:192.168.36.126:36814, 0d4a37ed-4cec-423a-a360-e4a879eb6bc0:192.168.36.126:37817], old=null
2019-09-25 05:31:59,960 [616f9f8f-9479-40f4-8c03-f125dcbf9c7f@group-60724A24602F:LeaderElection216] INFO  impl.LeaderElection (LeaderElection.java:logAndReturn(56)) - 616f9f8f-9479-40f4-8c03-f125dcbf9c7f@group-60724A24602F:LeaderElection216: Election REJECTED; received 0 response(s) [] and 2 exception(s); 616f9f8f-9479-40f4-8c03-f125dcbf9c7f@group-60724A24602F:t17, leader=null, voted=616f9f8f-9479-40f4-8c03-f125dcbf9c7f, raftlog=616f9f8f-9479-40f4-8c03-f125dcbf9c7f@group-60724A24602F-SegmentedRaftLog:OPENED:c-1,f-1,i0, conf=-1: [616f9f8f-9479-40f4-8c03-f125dcbf9c7f:192.168.36.126:39694, e997a993-6131-47bf-96c8-764e04cb5c0e:192.168.36.126:37678, fd2f3f79-5d7b-4d37-bb24-b15dfe7f18d7:192.168.36.126:42280], old=null
2019-09-25 05:31:59,966 [5c3318fc-c419-4298-b427-bf5a9ca27bf0@group-059250D1A272:LeaderElection217] INFO  impl.LeaderElection (LogUtils.java:infoOrTrace(149)) -   Exception 0: {}
java.util.concurrent.ExecutionException: org.apache.ratis.thirdparty.io.grpc.StatusRuntimeException: UNAVAILABLE: io exception
	at java.util.concurrent.FutureTask.report(FutureTask.java:122)
	at java.util.concurrent.FutureTask.get(FutureTask.java:192)
	at org.apache.ratis.server.impl.LeaderElection.waitForResults(LeaderElection.java:263)
	at org.apache.ratis.server.impl.LeaderElection.askForVotes(LeaderElection.java:201)
	at org.apache.ratis.server.impl.LeaderElection.run(LeaderElection.java:133)
	at java.lang.Thread.run(Thread.java:748)
Caused by: org.apache.ratis.thirdparty.io.grpc.StatusRuntimeException: UNAVAILABLE: io exception
	at org.apache.ratis.thirdparty.io.grpc.stub.ClientCalls.toStatusRuntimeException(ClientCalls.java:233)
	at org.apache.ratis.thirdparty.io.grpc.stub.ClientCalls.getUnchecked(ClientCalls.java:214)
	at org.apache.ratis.thirdparty.io.grpc.stub.ClientCalls.blockingUnaryCall(ClientCalls.java:139)
	at org.apache.ratis.proto.grpc.RaftServerProtocolServiceGrpc$RaftServerProtocolServiceBlockingStub.requestVote(RaftServerProtocolServiceGrpc.java:265)
	at org.apache.ratis.grpc.server.GrpcServerProtocolClient.requestVote(GrpcServerProtocolClient.java:90)
	at org.apache.ratis.grpc.server.GrpcService.requestVote(GrpcService.java:204)
	at org.apache.ratis.server.impl.LeaderElection.lambda$submitRequests$1(LeaderElection.java:238)
	at java.util.concurrent.FutureTask.run(FutureTask.java:266)
	at java.util.concurrent.Executors$RunnableAdapter.call(Executors.java:511)
	at java.util.concurrent.FutureTask.run(FutureTask.java:266)
	at java.util.concurrent.ThreadPoolExecutor.runWorker(ThreadPoolExecutor.java:1149)
	at java.util.concurrent.ThreadPoolExecutor$Worker.run(ThreadPoolExecutor.java:624)
	... 1 more
Caused by: org.apache.ratis.thirdparty.io.netty.channel.AbstractChannel$AnnotatedConnectException: Connection refused: /192.168.36.126:36814
	at sun.nio.ch.SocketChannelImpl.checkConnect(Native Method)
	at sun.nio.ch.SocketChannelImpl.finishConnect(SocketChannelImpl.java:717)
	at org.apache.ratis.thirdparty.io.netty.channel.socket.nio.NioSocketChannel.doFinishConnect(NioSocketChannel.java:327)
	at org.apache.ratis.thirdparty.io.netty.channel.nio.AbstractNioChannel$AbstractNioUnsafe.finishConnect(AbstractNioChannel.java:340)
	at org.apache.ratis.thirdparty.io.netty.channel.nio.NioEventLoop.processSelectedKey(NioEventLoop.java:632)
	at org.apache.ratis.thirdparty.io.netty.channel.nio.NioEventLoop.processSelectedKeysOptimized(NioEventLoop.java:579)
	at org.apache.ratis.thirdparty.io.netty.channel.nio.NioEventLoop.processSelectedKeys(NioEventLoop.java:496)
	at org.apache.ratis.thirdparty.io.netty.channel.nio.NioEventLoop.run(NioEventLoop.java:458)
	at org.apache.ratis.thirdparty.io.netty.util.concurrent.SingleThreadEventExecutor$5.run(SingleThreadEventExecutor.java:897)
	at org.apache.ratis.thirdparty.io.netty.util.concurrent.FastThreadLocalRunnable.run(FastThreadLocalRunnable.java:30)
	... 1 more
Caused by: java.net.ConnectException: Connection refused
	... 11 more
2019-09-25 05:31:59,966 [5c3318fc-c419-4298-b427-bf5a9ca27bf0@group-059250D1A272:LeaderElection217] INFO  impl.LeaderElection (LogUtils.java:infoOrTrace(149)) -   Exception 1: {}
java.util.concurrent.ExecutionException: org.apache.ratis.thirdparty.io.grpc.StatusRuntimeException: UNAVAILABLE: io exception
	at java.util.concurrent.FutureTask.report(FutureTask.java:122)
	at java.util.concurrent.FutureTask.get(FutureTask.java:192)
	at org.apache.ratis.server.impl.LeaderElection.waitForResults(LeaderElection.java:263)
	at org.apache.ratis.server.impl.LeaderElection.askForVotes(LeaderElection.java:201)
	at org.apache.ratis.server.impl.LeaderElection.run(LeaderElection.java:133)
	at java.lang.Thread.run(Thread.java:748)
Caused by: org.apache.ratis.thirdparty.io.grpc.StatusRuntimeException: UNAVAILABLE: io exception
	at org.apache.ratis.thirdparty.io.grpc.stub.ClientCalls.toStatusRuntimeException(ClientCalls.java:233)
	at org.apache.ratis.thirdparty.io.grpc.stub.ClientCalls.getUnchecked(ClientCalls.java:214)
	at org.apache.ratis.thirdparty.io.grpc.stub.ClientCalls.blockingUnaryCall(ClientCalls.java:139)
	at org.apache.ratis.proto.grpc.RaftServerProtocolServiceGrpc$RaftServerProtocolServiceBlockingStub.requestVote(RaftServerProtocolServiceGrpc.java:265)
	at org.apache.ratis.grpc.server.GrpcServerProtocolClient.requestVote(GrpcServerProtocolClient.java:90)
	at org.apache.ratis.grpc.server.GrpcService.requestVote(GrpcService.java:204)
	at org.apache.ratis.server.impl.LeaderElection.lambda$submitRequests$1(LeaderElection.java:238)
	at java.util.concurrent.FutureTask.run(FutureTask.java:266)
	at java.util.concurrent.Executors$RunnableAdapter.call(Executors.java:511)
	at java.util.concurrent.FutureTask.run(FutureTask.java:266)
	at java.util.concurrent.ThreadPoolExecutor.runWorker(ThreadPoolExecutor.java:1149)
	at java.util.concurrent.ThreadPoolExecutor$Worker.run(ThreadPoolExecutor.java:624)
	... 1 more
Caused by: org.apache.ratis.thirdparty.io.netty.channel.AbstractChannel$AnnotatedConnectException: Connection refused: /192.168.36.126:37817
	at sun.nio.ch.SocketChannelImpl.checkConnect(Native Method)
	at sun.nio.ch.SocketChannelImpl.finishConnect(SocketChannelImpl.java:717)
	at org.apache.ratis.thirdparty.io.netty.channel.socket.nio.NioSocketChannel.doFinishConnect(NioSocketChannel.java:327)
	at org.apache.ratis.thirdparty.io.netty.channel.nio.AbstractNioChannel$AbstractNioUnsafe.finishConnect(AbstractNioChannel.java:340)
	at org.apache.ratis.thirdparty.io.netty.channel.nio.NioEventLoop.processSelectedKey(NioEventLoop.java:632)
	at org.apache.ratis.thirdparty.io.netty.channel.nio.NioEventLoop.processSelectedKeysOptimized(NioEventLoop.java:579)
	at org.apache.ratis.thirdparty.io.netty.channel.nio.NioEventLoop.processSelectedKeys(NioEventLoop.java:496)
	at org.apache.ratis.thirdparty.io.netty.channel.nio.NioEventLoop.run(NioEventLoop.java:458)
	at org.apache.ratis.thirdparty.io.netty.util.concurrent.SingleThreadEventExecutor$5.run(SingleThreadEventExecutor.java:897)
	at org.apache.ratis.thirdparty.io.netty.util.concurrent.FastThreadLocalRunnable.run(FastThreadLocalRunnable.java:30)
	... 1 more
Caused by: java.net.ConnectException: Connection refused
	... 11 more
2019-09-25 05:31:59,965 [a58d7528-614e-4c39-a3a3-38beaa9905aa@group-0EC8D23D101B:LeaderElection219] INFO  impl.RaftServerImpl (RaftServerImpl.java:setRole(174)) - a58d7528-614e-4c39-a3a3-38beaa9905aa@group-0EC8D23D101B: changes role from CANDIDATE to FOLLOWER at term 15 for DISCOVERED_A_NEW_TERM
2019-09-25 05:31:59,965 [a58d7528-614e-4c39-a3a3-38beaa9905aa@group-AEFF648B0F59:LeaderElection221] INFO  impl.RoleInfo (RoleInfo.java:updateAndGet(143)) - a58d7528-614e-4c39-a3a3-38beaa9905aa: start FollowerState
2019-09-25 05:31:59,965 [a58d7528-614e-4c39-a3a3-38beaa9905aa@group-43825EC81F5D:LeaderElection223] INFO  impl.RaftServerImpl (RaftServerImpl.java:setRole(174)) - a58d7528-614e-4c39-a3a3-38beaa9905aa@group-43825EC81F5D: changes role from CANDIDATE to FOLLOWER at term 11 for DISCOVERED_A_NEW_TERM
2019-09-25 05:31:59,964 [f9c12371-c091-4b4a-8db2-6f0db97bbab3@group-0EC8D23D101B:LeaderElection222] INFO  impl.RaftServerImpl (RaftServerImpl.java:setRole(174)) - f9c12371-c091-4b4a-8db2-6f0db97bbab3@group-0EC8D23D101B: changes role from CANDIDATE to FOLLOWER at term 15 for DISCOVERED_A_NEW_TERM
2019-09-25 05:31:59,967 [f9c12371-c091-4b4a-8db2-6f0db97bbab3@group-0EC8D23D101B:LeaderElection222] INFO  impl.RoleInfo (RoleInfo.java:shutdownLeaderElection(134)) - f9c12371-c091-4b4a-8db2-6f0db97bbab3: shutdown LeaderElection
2019-09-25 05:31:59,963 [5c3318fc-c419-4298-b427-bf5a9ca27bf0@group-21C2C432FD88:LeaderElection224] INFO  impl.LeaderElection (LogUtils.java:infoOrTrace(149)) -   Exception 1: {}
java.util.concurrent.ExecutionException: org.apache.ratis.thirdparty.io.grpc.StatusRuntimeException: UNAVAILABLE: io exception
	at java.util.concurrent.FutureTask.report(FutureTask.java:122)
	at java.util.concurrent.FutureTask.get(FutureTask.java:192)
	at org.apache.ratis.server.impl.LeaderElection.waitForResults(LeaderElection.java:263)
	at org.apache.ratis.server.impl.LeaderElection.askForVotes(LeaderElection.java:201)
	at org.apache.ratis.server.impl.LeaderElection.run(LeaderElection.java:133)
	at java.lang.Thread.run(Thread.java:748)
Caused by: org.apache.ratis.thirdparty.io.grpc.StatusRuntimeException: UNAVAILABLE: io exception
	at org.apache.ratis.thirdparty.io.grpc.stub.ClientCalls.toStatusRuntimeException(ClientCalls.java:233)
	at org.apache.ratis.thirdparty.io.grpc.stub.ClientCalls.getUnchecked(ClientCalls.java:214)
	at org.apache.ratis.thirdparty.io.grpc.stub.ClientCalls.blockingUnaryCall(ClientCalls.java:139)
	at org.apache.ratis.proto.grpc.RaftServerProtocolServiceGrpc$RaftServerProtocolServiceBlockingStub.requestVote(RaftServerProtocolServiceGrpc.java:265)
	at org.apache.ratis.grpc.server.GrpcServerProtocolClient.requestVote(GrpcServerProtocolClient.java:90)
	at org.apache.ratis.grpc.server.GrpcService.requestVote(GrpcService.java:204)
	at org.apache.ratis.server.impl.LeaderElection.lambda$submitRequests$1(LeaderElection.java:238)
	at java.util.concurrent.FutureTask.run(FutureTask.java:266)
	at java.util.concurrent.Executors$RunnableAdapter.call(Executors.java:511)
	at java.util.concurrent.FutureTask.run(FutureTask.java:266)
	at java.util.concurrent.ThreadPoolExecutor.runWorker(ThreadPoolExecutor.java:1149)
	at java.util.concurrent.ThreadPoolExecutor$Worker.run(ThreadPoolExecutor.java:624)
	... 1 more
Caused by: org.apache.ratis.thirdparty.io.netty.channel.AbstractChannel$AnnotatedConnectException: Connection refused: /192.168.36.126:37817
	at sun.nio.ch.SocketChannelImpl.checkConnect(Native Method)
	at sun.nio.ch.SocketChannelImpl.finishConnect(SocketChannelImpl.java:717)
	at org.apache.ratis.thirdparty.io.netty.channel.socket.nio.NioSocketChannel.doFinishConnect(NioSocketChannel.java:327)
	at org.apache.ratis.thirdparty.io.netty.channel.nio.AbstractNioChannel$AbstractNioUnsafe.finishConnect(AbstractNioChannel.java:340)
	at org.apache.ratis.thirdparty.io.netty.channel.nio.NioEventLoop.processSelectedKey(NioEventLoop.java:632)
	at org.apache.ratis.thirdparty.io.netty.channel.nio.NioEventLoop.processSelectedKeysOptimized(NioEventLoop.java:579)
	at org.apache.ratis.thirdparty.io.netty.channel.nio.NioEventLoop.processSelectedKeys(NioEventLoop.java:496)
	at org.apache.ratis.thirdparty.io.netty.channel.nio.NioEventLoop.run(NioEventLoop.java:458)
	at org.apache.ratis.thirdparty.io.netty.util.concurrent.SingleThreadEventExecutor$5.run(SingleThreadEventExecutor.java:897)
	at org.apache.ratis.thirdparty.io.netty.util.concurrent.FastThreadLocalRunnable.run(FastThreadLocalRunnable.java:30)
	... 1 more
Caused by: java.net.ConnectException: Connection refused
	... 11 more
2019-09-25 05:31:59,963 [f9c12371-c091-4b4a-8db2-6f0db97bbab3@group-AEFF648B0F59:LeaderElection220] INFO  impl.RaftServerImpl (RaftServerImpl.java:setRole(174)) - f9c12371-c091-4b4a-8db2-6f0db97bbab3@group-AEFF648B0F59: changes role from CANDIDATE to FOLLOWER at term 15 for DISCOVERED_A_NEW_TERM
2019-09-25 05:31:59,962 [f9c12371-c091-4b4a-8db2-6f0db97bbab3@group-43825EC81F5D:LeaderElection218] INFO  impl.LeaderElection (LogUtils.java:infoOrTrace(149)) -   Exception 0: {}
java.util.concurrent.ExecutionException: org.apache.ratis.thirdparty.io.grpc.StatusRuntimeException: UNAVAILABLE: io exception
	at java.util.concurrent.FutureTask.report(FutureTask.java:122)
	at java.util.concurrent.FutureTask.get(FutureTask.java:192)
	at org.apache.ratis.server.impl.LeaderElection.waitForResults(LeaderElection.java:263)
	at org.apache.ratis.server.impl.LeaderElection.askForVotes(LeaderElection.java:201)
	at org.apache.ratis.server.impl.LeaderElection.run(LeaderElection.java:133)
	at java.lang.Thread.run(Thread.java:748)
Caused by: org.apache.ratis.thirdparty.io.grpc.StatusRuntimeException: UNAVAILABLE: io exception
	at org.apache.ratis.thirdparty.io.grpc.stub.ClientCalls.toStatusRuntimeException(ClientCalls.java:233)
	at org.apache.ratis.thirdparty.io.grpc.stub.ClientCalls.getUnchecked(ClientCalls.java:214)
	at org.apache.ratis.thirdparty.io.grpc.stub.ClientCalls.blockingUnaryCall(ClientCalls.java:139)
	at org.apache.ratis.proto.grpc.RaftServerProtocolServiceGrpc$RaftServerProtocolServiceBlockingStub.requestVote(RaftServerProtocolServiceGrpc.java:265)
	at org.apache.ratis.grpc.server.GrpcServerProtocolClient.requestVote(GrpcServerProtocolClient.java:90)
	at org.apache.ratis.grpc.server.GrpcService.requestVote(GrpcService.java:204)
	at org.apache.ratis.server.impl.LeaderElection.lambda$submitRequests$1(LeaderElection.java:238)
	at java.util.concurrent.FutureTask.run(FutureTask.java:266)
	at java.util.concurrent.Executors$RunnableAdapter.call(Executors.java:511)
	at java.util.concurrent.FutureTask.run(FutureTask.java:266)
	at java.util.concurrent.ThreadPoolExecutor.runWorker(ThreadPoolExecutor.java:1149)
	at java.util.concurrent.ThreadPoolExecutor$Worker.run(ThreadPoolExecutor.java:624)
	... 1 more
Caused by: org.apache.ratis.thirdparty.io.netty.channel.AbstractChannel$AnnotatedConnectException: Connection refused: /192.168.36.126:37960
	at sun.nio.ch.SocketChannelImpl.checkConnect(Native Method)
	at sun.nio.ch.SocketChannelImpl.finishConnect(SocketChannelImpl.java:717)
	at org.apache.ratis.thirdparty.io.netty.channel.socket.nio.NioSocketChannel.doFinishConnect(NioSocketChannel.java:327)
	at org.apache.ratis.thirdparty.io.netty.channel.nio.AbstractNioChannel$AbstractNioUnsafe.finishConnect(AbstractNioChannel.java:340)
	at org.apache.ratis.thirdparty.io.netty.channel.nio.NioEventLoop.processSelectedKey(NioEventLoop.java:632)
	at org.apache.ratis.thirdparty.io.netty.channel.nio.NioEventLoop.processSelectedKeysOptimized(NioEventLoop.java:579)
	at org.apache.ratis.thirdparty.io.netty.channel.nio.NioEventLoop.processSelectedKeys(NioEventLoop.java:496)
	at org.apache.ratis.thirdparty.io.netty.channel.nio.NioEventLoop.run(NioEventLoop.java:458)
	at org.apache.ratis.thirdparty.io.netty.util.concurrent.SingleThreadEventExecutor$5.run(SingleThreadEventExecutor.java:897)
	at org.apache.ratis.thirdparty.io.netty.util.concurrent.FastThreadLocalRunnable.run(FastThreadLocalRunnable.java:30)
	... 1 more
Caused by: java.net.ConnectException: Connection refused
	... 11 more
2019-09-25 05:31:59,968 [f9c12371-c091-4b4a-8db2-6f0db97bbab3@group-AEFF648B0F59:LeaderElection220] INFO  impl.RoleInfo (RoleInfo.java:shutdownLeaderElection(134)) - f9c12371-c091-4b4a-8db2-6f0db97bbab3: shutdown LeaderElection
2019-09-25 05:31:59,968 [5c3318fc-c419-4298-b427-bf5a9ca27bf0@group-21C2C432FD88:LeaderElection224] INFO  impl.RaftServerImpl (RaftServerImpl.java:setRole(174)) - 5c3318fc-c419-4298-b427-bf5a9ca27bf0@group-21C2C432FD88: changes role from CANDIDATE to FOLLOWER at term 18 for DISCOVERED_A_NEW_TERM
2019-09-25 05:31:59,969 [5c3318fc-c419-4298-b427-bf5a9ca27bf0@group-21C2C432FD88:LeaderElection224] INFO  impl.RoleInfo (RoleInfo.java:shutdownLeaderElection(134)) - 5c3318fc-c419-4298-b427-bf5a9ca27bf0: shutdown LeaderElection
2019-09-25 05:31:59,967 [f9c12371-c091-4b4a-8db2-6f0db97bbab3@group-0EC8D23D101B:LeaderElection222] INFO  impl.RoleInfo (RoleInfo.java:updateAndGet(143)) - f9c12371-c091-4b4a-8db2-6f0db97bbab3: start FollowerState
2019-09-25 05:31:59,967 [a58d7528-614e-4c39-a3a3-38beaa9905aa@group-43825EC81F5D:LeaderElection223] INFO  impl.RoleInfo (RoleInfo.java:shutdownLeaderElection(134)) - a58d7528-614e-4c39-a3a3-38beaa9905aa: shutdown LeaderElection
2019-09-25 05:31:59,967 [a58d7528-614e-4c39-a3a3-38beaa9905aa@group-0EC8D23D101B:LeaderElection219] INFO  impl.RoleInfo (RoleInfo.java:shutdownLeaderElection(134)) - a58d7528-614e-4c39-a3a3-38beaa9905aa: shutdown LeaderElection
2019-09-25 05:31:59,966 [5c3318fc-c419-4298-b427-bf5a9ca27bf0@group-059250D1A272:LeaderElection217] INFO  impl.RaftServerImpl (RaftServerImpl.java:setRole(174)) - 5c3318fc-c419-4298-b427-bf5a9ca27bf0@group-059250D1A272: changes role from CANDIDATE to FOLLOWER at term 17 for DISCOVERED_A_NEW_TERM
2019-09-25 05:31:59,966 [616f9f8f-9479-40f4-8c03-f125dcbf9c7f@group-60724A24602F:LeaderElection216] INFO  impl.LeaderElection (LogUtils.java:infoOrTrace(149)) -   Exception 0: {}
java.util.concurrent.ExecutionException: org.apache.ratis.thirdparty.io.grpc.StatusRuntimeException: UNAVAILABLE: io exception
	at java.util.concurrent.FutureTask.report(FutureTask.java:122)
	at java.util.concurrent.FutureTask.get(FutureTask.java:192)
	at org.apache.ratis.server.impl.LeaderElection.waitForResults(LeaderElection.java:263)
	at org.apache.ratis.server.impl.LeaderElection.askForVotes(LeaderElection.java:201)
	at org.apache.ratis.server.impl.LeaderElection.run(LeaderElection.java:133)
	at java.lang.Thread.run(Thread.java:748)
Caused by: org.apache.ratis.thirdparty.io.grpc.StatusRuntimeException: UNAVAILABLE: io exception
	at org.apache.ratis.thirdparty.io.grpc.stub.ClientCalls.toStatusRuntimeException(ClientCalls.java:233)
	at org.apache.ratis.thirdparty.io.grpc.stub.ClientCalls.getUnchecked(ClientCalls.java:214)
	at org.apache.ratis.thirdparty.io.grpc.stub.ClientCalls.blockingUnaryCall(ClientCalls.java:139)
	at org.apache.ratis.proto.grpc.RaftServerProtocolServiceGrpc$RaftServerProtocolServiceBlockingStub.requestVote(RaftServerProtocolServiceGrpc.java:265)
	at org.apache.ratis.grpc.server.GrpcServerProtocolClient.requestVote(GrpcServerProtocolClient.java:90)
	at org.apache.ratis.grpc.server.GrpcService.requestVote(GrpcService.java:204)
	at org.apache.ratis.server.impl.LeaderElection.lambda$submitRequests$1(LeaderElection.java:238)
	at java.util.concurrent.FutureTask.run(FutureTask.java:266)
	at java.util.concurrent.Executors$RunnableAdapter.call(Executors.java:511)
	at java.util.concurrent.FutureTask.run(FutureTask.java:266)
	at java.util.concurrent.ThreadPoolExecutor.runWorker(ThreadPoolExecutor.java:1149)
	at java.util.concurrent.ThreadPoolExecutor$Worker.run(ThreadPoolExecutor.java:624)
	... 1 more
Caused by: org.apache.ratis.thirdparty.io.netty.channel.AbstractChannel$AnnotatedConnectException: Connection refused: /192.168.36.126:37678
	at sun.nio.ch.SocketChannelImpl.checkConnect(Native Method)
	at sun.nio.ch.SocketChannelImpl.finishConnect(SocketChannelImpl.java:717)
	at org.apache.ratis.thirdparty.io.netty.channel.socket.nio.NioSocketChannel.doFinishConnect(NioSocketChannel.java:327)
	at org.apache.ratis.thirdparty.io.netty.channel.nio.AbstractNioChannel$AbstractNioUnsafe.finishConnect(AbstractNioChannel.java:340)
	at org.apache.ratis.thirdparty.io.netty.channel.nio.NioEventLoop.processSelectedKey(NioEventLoop.java:632)
	at org.apache.ratis.thirdparty.io.netty.channel.nio.NioEventLoop.processSelectedKeysOptimized(NioEventLoop.java:579)
	at org.apache.ratis.thirdparty.io.netty.channel.nio.NioEventLoop.processSelectedKeys(NioEventLoop.java:496)
	at org.apache.ratis.thirdparty.io.netty.channel.nio.NioEventLoop.run(NioEventLoop.java:458)
	at org.apache.ratis.thirdparty.io.netty.util.concurrent.SingleThreadEventExecutor$5.run(SingleThreadEventExecutor.java:897)
	at org.apache.ratis.thirdparty.io.netty.util.concurrent.FastThreadLocalRunnable.run(FastThreadLocalRunnable.java:30)
	... 1 more
Caused by: java.net.ConnectException: Connection refused
	... 11 more
2019-09-25 05:31:59,970 [616f9f8f-9479-40f4-8c03-f125dcbf9c7f@group-60724A24602F:LeaderElection216] INFO  impl.LeaderElection (LogUtils.java:infoOrTrace(149)) -   Exception 1: {}
java.util.concurrent.ExecutionException: org.apache.ratis.thirdparty.io.grpc.StatusRuntimeException: UNAVAILABLE: io exception
	at java.util.concurrent.FutureTask.report(FutureTask.java:122)
	at java.util.concurrent.FutureTask.get(FutureTask.java:192)
	at org.apache.ratis.server.impl.LeaderElection.waitForResults(LeaderElection.java:263)
	at org.apache.ratis.server.impl.LeaderElection.askForVotes(LeaderElection.java:201)
	at org.apache.ratis.server.impl.LeaderElection.run(LeaderElection.java:133)
	at java.lang.Thread.run(Thread.java:748)
Caused by: org.apache.ratis.thirdparty.io.grpc.StatusRuntimeException: UNAVAILABLE: io exception
	at org.apache.ratis.thirdparty.io.grpc.stub.ClientCalls.toStatusRuntimeException(ClientCalls.java:233)
	at org.apache.ratis.thirdparty.io.grpc.stub.ClientCalls.getUnchecked(ClientCalls.java:214)
	at org.apache.ratis.thirdparty.io.grpc.stub.ClientCalls.blockingUnaryCall(ClientCalls.java:139)
	at org.apache.ratis.proto.grpc.RaftServerProtocolServiceGrpc$RaftServerProtocolServiceBlockingStub.requestVote(RaftServerProtocolServiceGrpc.java:265)
	at org.apache.ratis.grpc.server.GrpcServerProtocolClient.requestVote(GrpcServerProtocolClient.java:90)
	at org.apache.ratis.grpc.server.GrpcService.requestVote(GrpcService.java:204)
	at org.apache.ratis.server.impl.LeaderElection.lambda$submitRequests$1(LeaderElection.java:238)
	at java.util.concurrent.FutureTask.run(FutureTask.java:266)
	at java.util.concurrent.Executors$RunnableAdapter.call(Executors.java:511)
	at java.util.concurrent.FutureTask.run(FutureTask.java:266)
	at java.util.concurrent.ThreadPoolExecutor.runWorker(ThreadPoolExecutor.java:1149)
	at java.util.concurrent.ThreadPoolExecutor$Worker.run(ThreadPoolExecutor.java:624)
	... 1 more
Caused by: org.apache.ratis.thirdparty.io.netty.channel.AbstractChannel$AnnotatedConnectException: Connection refused: /192.168.36.126:42280
	at sun.nio.ch.SocketChannelImpl.checkConnect(Native Method)
	at sun.nio.ch.SocketChannelImpl.finishConnect(SocketChannelImpl.java:717)
	at org.apache.ratis.thirdparty.io.netty.channel.socket.nio.NioSocketChannel.doFinishConnect(NioSocketChannel.java:327)
	at org.apache.ratis.thirdparty.io.netty.channel.nio.AbstractNioChannel$AbstractNioUnsafe.finishConnect(AbstractNioChannel.java:340)
	at org.apache.ratis.thirdparty.io.netty.channel.nio.NioEventLoop.processSelectedKey(NioEventLoop.java:632)
	at org.apache.ratis.thirdparty.io.netty.channel.nio.NioEventLoop.processSelectedKeysOptimized(NioEventLoop.java:579)
	at org.apache.ratis.thirdparty.io.netty.channel.nio.NioEventLoop.processSelectedKeys(NioEventLoop.java:496)
	at org.apache.ratis.thirdparty.io.netty.channel.nio.NioEventLoop.run(NioEventLoop.java:458)
	at org.apache.ratis.thirdparty.io.netty.util.concurrent.SingleThreadEventExecutor$5.run(SingleThreadEventExecutor.java:897)
	at org.apache.ratis.thirdparty.io.netty.util.concurrent.FastThreadLocalRunnable.run(FastThreadLocalRunnable.java:30)
	... 1 more
Caused by: java.net.ConnectException: Connection refused
	... 11 more
2019-09-25 05:31:59,969 [5c3318fc-c419-4298-b427-bf5a9ca27bf0@group-059250D1A272:LeaderElection217] INFO  impl.RoleInfo (RoleInfo.java:shutdownLeaderElection(134)) - 5c3318fc-c419-4298-b427-bf5a9ca27bf0: shutdown LeaderElection
2019-09-25 05:31:59,969 [a58d7528-614e-4c39-a3a3-38beaa9905aa@group-0EC8D23D101B:LeaderElection219] INFO  impl.RoleInfo (RoleInfo.java:updateAndGet(143)) - a58d7528-614e-4c39-a3a3-38beaa9905aa: start FollowerState
2019-09-25 05:31:59,969 [a58d7528-614e-4c39-a3a3-38beaa9905aa@group-43825EC81F5D:LeaderElection223] INFO  impl.RoleInfo (RoleInfo.java:updateAndGet(143)) - a58d7528-614e-4c39-a3a3-38beaa9905aa: start FollowerState
2019-09-25 05:31:59,969 [5c3318fc-c419-4298-b427-bf5a9ca27bf0@group-21C2C432FD88:LeaderElection224] INFO  impl.RoleInfo (RoleInfo.java:updateAndGet(143)) - 5c3318fc-c419-4298-b427-bf5a9ca27bf0: start FollowerState
2019-09-25 05:31:59,969 [f9c12371-c091-4b4a-8db2-6f0db97bbab3@group-AEFF648B0F59:LeaderElection220] INFO  impl.RoleInfo (RoleInfo.java:updateAndGet(143)) - f9c12371-c091-4b4a-8db2-6f0db97bbab3: start FollowerState
2019-09-25 05:31:59,968 [f9c12371-c091-4b4a-8db2-6f0db97bbab3@group-43825EC81F5D:LeaderElection218] INFO  impl.RaftServerImpl (RaftServerImpl.java:setRole(174)) - f9c12371-c091-4b4a-8db2-6f0db97bbab3@group-43825EC81F5D: changes role from CANDIDATE to FOLLOWER at term 11 for DISCOVERED_A_NEW_TERM
2019-09-25 05:31:59,972 [f9c12371-c091-4b4a-8db2-6f0db97bbab3@group-43825EC81F5D:LeaderElection218] INFO  impl.RoleInfo (RoleInfo.java:shutdownLeaderElection(134)) - f9c12371-c091-4b4a-8db2-6f0db97bbab3: shutdown LeaderElection
2019-09-25 05:31:59,971 [5c3318fc-c419-4298-b427-bf5a9ca27bf0@group-059250D1A272:LeaderElection217] INFO  impl.RoleInfo (RoleInfo.java:updateAndGet(143)) - 5c3318fc-c419-4298-b427-bf5a9ca27bf0: start FollowerState
2019-09-25 05:31:59,971 [616f9f8f-9479-40f4-8c03-f125dcbf9c7f@group-60724A24602F:LeaderElection216] INFO  impl.RaftServerImpl (RaftServerImpl.java:setRole(174)) - 616f9f8f-9479-40f4-8c03-f125dcbf9c7f@group-60724A24602F: changes role from CANDIDATE to FOLLOWER at term 17 for DISCOVERED_A_NEW_TERM
2019-09-25 05:31:59,972 [f9c12371-c091-4b4a-8db2-6f0db97bbab3@group-43825EC81F5D:LeaderElection218] INFO  impl.RoleInfo (RoleInfo.java:updateAndGet(143)) - f9c12371-c091-4b4a-8db2-6f0db97bbab3: start FollowerState
2019-09-25 05:31:59,972 [616f9f8f-9479-40f4-8c03-f125dcbf9c7f@group-60724A24602F:LeaderElection216] INFO  impl.RoleInfo (RoleInfo.java:shutdownLeaderElection(134)) - 616f9f8f-9479-40f4-8c03-f125dcbf9c7f: shutdown LeaderElection
2019-09-25 05:31:59,972 [616f9f8f-9479-40f4-8c03-f125dcbf9c7f@group-60724A24602F:LeaderElection216] INFO  impl.RoleInfo (RoleInfo.java:updateAndGet(143)) - 616f9f8f-9479-40f4-8c03-f125dcbf9c7f: start FollowerState
2019-09-25 05:32:00,969 [Thread-1276] INFO  impl.FollowerState (FollowerState.java:run(106)) - f9c12371-c091-4b4a-8db2-6f0db97bbab3:group-0EC8D23D101B changes to CANDIDATE, lastRpcTime:1002, electionTimeout:1000ms
2019-09-25 05:32:00,970 [Thread-1276] INFO  impl.RoleInfo (RoleInfo.java:shutdownFollowerState(121)) - f9c12371-c091-4b4a-8db2-6f0db97bbab3: shutdown FollowerState
2019-09-25 05:32:00,970 [Thread-1276] INFO  impl.RaftServerImpl (RaftServerImpl.java:setRole(174)) - f9c12371-c091-4b4a-8db2-6f0db97bbab3@group-0EC8D23D101B: changes role from  FOLLOWER to CANDIDATE at term 15 for changeToCandidate
2019-09-25 05:32:00,970 [Thread-1276] INFO  impl.RoleInfo (RoleInfo.java:updateAndGet(143)) - f9c12371-c091-4b4a-8db2-6f0db97bbab3: start LeaderElection
2019-09-25 05:32:00,975 [Thread-1277] INFO  impl.FollowerState (FollowerState.java:run(106)) - f9c12371-c091-4b4a-8db2-6f0db97bbab3:group-AEFF648B0F59 changes to CANDIDATE, lastRpcTime:1006, electionTimeout:1003ms
2019-09-25 05:32:00,975 [Thread-1277] INFO  impl.RoleInfo (RoleInfo.java:shutdownFollowerState(121)) - f9c12371-c091-4b4a-8db2-6f0db97bbab3: shutdown FollowerState
2019-09-25 05:32:00,975 [Thread-1277] INFO  impl.RaftServerImpl (RaftServerImpl.java:setRole(174)) - f9c12371-c091-4b4a-8db2-6f0db97bbab3@group-AEFF648B0F59: changes role from  FOLLOWER to CANDIDATE at term 15 for changeToCandidate
2019-09-25 05:32:00,975 [Thread-1277] INFO  impl.RoleInfo (RoleInfo.java:updateAndGet(143)) - f9c12371-c091-4b4a-8db2-6f0db97bbab3: start LeaderElection
2019-09-25 05:32:00,998 [f9c12371-c091-4b4a-8db2-6f0db97bbab3@group-0EC8D23D101B:LeaderElection225] INFO  impl.LeaderElection (LeaderElection.java:askForVotes(182)) - f9c12371-c091-4b4a-8db2-6f0db97bbab3@group-0EC8D23D101B:LeaderElection225: begin an election at term 16 for -1: [a58d7528-614e-4c39-a3a3-38beaa9905aa:192.168.36.126:37942, f9c12371-c091-4b4a-8db2-6f0db97bbab3:192.168.36.126:46560, ce8ac917-2646-4112-adf7-d577593fabcb:192.168.36.126:37960], old=null
2019-09-25 05:32:00,998 [f9c12371-c091-4b4a-8db2-6f0db97bbab3@group-AEFF648B0F59:LeaderElection226] INFO  impl.LeaderElection (LeaderElection.java:askForVotes(182)) - f9c12371-c091-4b4a-8db2-6f0db97bbab3@group-AEFF648B0F59:LeaderElection226: begin an election at term 16 for -1: [a58d7528-614e-4c39-a3a3-38beaa9905aa:192.168.36.126:37942, f9c12371-c091-4b4a-8db2-6f0db97bbab3:192.168.36.126:46560, ce8ac917-2646-4112-adf7-d577593fabcb:192.168.36.126:37960], old=null
2019-09-25 05:32:00,999 [f9c12371-c091-4b4a-8db2-6f0db97bbab3@group-0EC8D23D101B:LeaderElection225] INFO  impl.LeaderElection (LogUtils.java:infoOrTrace(149)) - f9c12371-c091-4b4a-8db2-6f0db97bbab3@group-0EC8D23D101B:LeaderElection225 got exception when requesting votes: {}
java.util.concurrent.ExecutionException: org.apache.ratis.thirdparty.io.grpc.StatusRuntimeException: UNAVAILABLE: io exception
	at java.util.concurrent.FutureTask.report(FutureTask.java:122)
	at java.util.concurrent.FutureTask.get(FutureTask.java:192)
	at org.apache.ratis.server.impl.LeaderElection.waitForResults(LeaderElection.java:263)
	at org.apache.ratis.server.impl.LeaderElection.askForVotes(LeaderElection.java:201)
	at org.apache.ratis.server.impl.LeaderElection.run(LeaderElection.java:133)
	at java.lang.Thread.run(Thread.java:748)
Caused by: org.apache.ratis.thirdparty.io.grpc.StatusRuntimeException: UNAVAILABLE: io exception
	at org.apache.ratis.thirdparty.io.grpc.stub.ClientCalls.toStatusRuntimeException(ClientCalls.java:233)
	at org.apache.ratis.thirdparty.io.grpc.stub.ClientCalls.getUnchecked(ClientCalls.java:214)
	at org.apache.ratis.thirdparty.io.grpc.stub.ClientCalls.blockingUnaryCall(ClientCalls.java:139)
	at org.apache.ratis.proto.grpc.RaftServerProtocolServiceGrpc$RaftServerProtocolServiceBlockingStub.requestVote(RaftServerProtocolServiceGrpc.java:265)
	at org.apache.ratis.grpc.server.GrpcServerProtocolClient.requestVote(GrpcServerProtocolClient.java:90)
	at org.apache.ratis.grpc.server.GrpcService.requestVote(GrpcService.java:204)
	at org.apache.ratis.server.impl.LeaderElection.lambda$submitRequests$1(LeaderElection.java:238)
	at java.util.concurrent.FutureTask.run(FutureTask.java:266)
	at java.util.concurrent.Executors$RunnableAdapter.call(Executors.java:511)
	at java.util.concurrent.FutureTask.run(FutureTask.java:266)
	at java.util.concurrent.ThreadPoolExecutor.runWorker(ThreadPoolExecutor.java:1149)
	at java.util.concurrent.ThreadPoolExecutor$Worker.run(ThreadPoolExecutor.java:624)
	... 1 more
Caused by: org.apache.ratis.thirdparty.io.netty.channel.AbstractChannel$AnnotatedConnectException: Connection refused: /192.168.36.126:37960
	at sun.nio.ch.SocketChannelImpl.checkConnect(Native Method)
	at sun.nio.ch.SocketChannelImpl.finishConnect(SocketChannelImpl.java:717)
	at org.apache.ratis.thirdparty.io.netty.channel.socket.nio.NioSocketChannel.doFinishConnect(NioSocketChannel.java:327)
	at org.apache.ratis.thirdparty.io.netty.channel.nio.AbstractNioChannel$AbstractNioUnsafe.finishConnect(AbstractNioChannel.java:340)
	at org.apache.ratis.thirdparty.io.netty.channel.nio.NioEventLoop.processSelectedKey(NioEventLoop.java:632)
	at org.apache.ratis.thirdparty.io.netty.channel.nio.NioEventLoop.processSelectedKeysOptimized(NioEventLoop.java:579)
	at org.apache.ratis.thirdparty.io.netty.channel.nio.NioEventLoop.processSelectedKeys(NioEventLoop.java:496)
	at org.apache.ratis.thirdparty.io.netty.channel.nio.NioEventLoop.run(NioEventLoop.java:458)
	at org.apache.ratis.thirdparty.io.netty.util.concurrent.SingleThreadEventExecutor$5.run(SingleThreadEventExecutor.java:897)
	at org.apache.ratis.thirdparty.io.netty.util.concurrent.FastThreadLocalRunnable.run(FastThreadLocalRunnable.java:30)
	... 1 more
Caused by: java.net.ConnectException: Connection refused
	... 11 more
2019-09-25 05:32:01,000 [f9c12371-c091-4b4a-8db2-6f0db97bbab3@group-AEFF648B0F59:LeaderElection226] INFO  impl.LeaderElection (LogUtils.java:infoOrTrace(149)) - f9c12371-c091-4b4a-8db2-6f0db97bbab3@group-AEFF648B0F59:LeaderElection226 got exception when requesting votes: {}
java.util.concurrent.ExecutionException: org.apache.ratis.thirdparty.io.grpc.StatusRuntimeException: UNAVAILABLE: io exception
	at java.util.concurrent.FutureTask.report(FutureTask.java:122)
	at java.util.concurrent.FutureTask.get(FutureTask.java:192)
	at org.apache.ratis.server.impl.LeaderElection.waitForResults(LeaderElection.java:263)
	at org.apache.ratis.server.impl.LeaderElection.askForVotes(LeaderElection.java:201)
	at org.apache.ratis.server.impl.LeaderElection.run(LeaderElection.java:133)
	at java.lang.Thread.run(Thread.java:748)
Caused by: org.apache.ratis.thirdparty.io.grpc.StatusRuntimeException: UNAVAILABLE: io exception
	at org.apache.ratis.thirdparty.io.grpc.stub.ClientCalls.toStatusRuntimeException(ClientCalls.java:233)
	at org.apache.ratis.thirdparty.io.grpc.stub.ClientCalls.getUnchecked(ClientCalls.java:214)
	at org.apache.ratis.thirdparty.io.grpc.stub.ClientCalls.blockingUnaryCall(ClientCalls.java:139)
	at org.apache.ratis.proto.grpc.RaftServerProtocolServiceGrpc$RaftServerProtocolServiceBlockingStub.requestVote(RaftServerProtocolServiceGrpc.java:265)
	at org.apache.ratis.grpc.server.GrpcServerProtocolClient.requestVote(GrpcServerProtocolClient.java:90)
	at org.apache.ratis.grpc.server.GrpcService.requestVote(GrpcService.java:204)
	at org.apache.ratis.server.impl.LeaderElection.lambda$submitRequests$1(LeaderElection.java:238)
	at java.util.concurrent.FutureTask.run(FutureTask.java:266)
	at java.util.concurrent.Executors$RunnableAdapter.call(Executors.java:511)
	at java.util.concurrent.FutureTask.run(FutureTask.java:266)
	at java.util.concurrent.ThreadPoolExecutor.runWorker(ThreadPoolExecutor.java:1149)
	at java.util.concurrent.ThreadPoolExecutor$Worker.run(ThreadPoolExecutor.java:624)
	... 1 more
Caused by: org.apache.ratis.thirdparty.io.netty.channel.AbstractChannel$AnnotatedConnectException: Connection refused: /192.168.36.126:37960
	at sun.nio.ch.SocketChannelImpl.checkConnect(Native Method)
	at sun.nio.ch.SocketChannelImpl.finishConnect(SocketChannelImpl.java:717)
	at org.apache.ratis.thirdparty.io.netty.channel.socket.nio.NioSocketChannel.doFinishConnect(NioSocketChannel.java:327)
	at org.apache.ratis.thirdparty.io.netty.channel.nio.AbstractNioChannel$AbstractNioUnsafe.finishConnect(AbstractNioChannel.java:340)
	at org.apache.ratis.thirdparty.io.netty.channel.nio.NioEventLoop.processSelectedKey(NioEventLoop.java:632)
	at org.apache.ratis.thirdparty.io.netty.channel.nio.NioEventLoop.processSelectedKeysOptimized(NioEventLoop.java:579)
	at org.apache.ratis.thirdparty.io.netty.channel.nio.NioEventLoop.processSelectedKeys(NioEventLoop.java:496)
	at org.apache.ratis.thirdparty.io.netty.channel.nio.NioEventLoop.run(NioEventLoop.java:458)
	at org.apache.ratis.thirdparty.io.netty.util.concurrent.SingleThreadEventExecutor$5.run(SingleThreadEventExecutor.java:897)
	at org.apache.ratis.thirdparty.io.netty.util.concurrent.FastThreadLocalRunnable.run(FastThreadLocalRunnable.java:30)
	... 1 more
Caused by: java.net.ConnectException: Connection refused
	... 11 more
2019-09-25 05:32:01,002 [grpc-default-executor-2] INFO  impl.RaftServerImpl (RaftServerImpl.java:setRole(174)) - a58d7528-614e-4c39-a3a3-38beaa9905aa@group-0EC8D23D101B: changes role from  FOLLOWER to FOLLOWER at term 16 for recognizeCandidate:f9c12371-c091-4b4a-8db2-6f0db97bbab3
2019-09-25 05:32:01,002 [grpc-default-executor-5] INFO  impl.RaftServerImpl (RaftServerImpl.java:setRole(174)) - a58d7528-614e-4c39-a3a3-38beaa9905aa@group-AEFF648B0F59: changes role from  FOLLOWER to FOLLOWER at term 16 for recognizeCandidate:f9c12371-c091-4b4a-8db2-6f0db97bbab3
2019-09-25 05:32:01,002 [grpc-default-executor-2] INFO  impl.RoleInfo (RoleInfo.java:shutdownFollowerState(121)) - a58d7528-614e-4c39-a3a3-38beaa9905aa: shutdown FollowerState
2019-09-25 05:32:01,002 [grpc-default-executor-5] INFO  impl.RoleInfo (RoleInfo.java:shutdownFollowerState(121)) - a58d7528-614e-4c39-a3a3-38beaa9905aa: shutdown FollowerState
2019-09-25 05:32:01,003 [Thread-1280] INFO  impl.FollowerState (FollowerState.java:run(115)) - a58d7528-614e-4c39-a3a3-38beaa9905aa: FollowerState was interrupted: java.lang.InterruptedException: sleep interrupted
2019-09-25 05:32:01,003 [grpc-default-executor-2] INFO  impl.RoleInfo (RoleInfo.java:updateAndGet(143)) - a58d7528-614e-4c39-a3a3-38beaa9905aa: start FollowerState
2019-09-25 05:32:01,003 [Thread-1275] INFO  impl.FollowerState (FollowerState.java:run(115)) - a58d7528-614e-4c39-a3a3-38beaa9905aa: FollowerState was interrupted: java.lang.InterruptedException: sleep interrupted
2019-09-25 05:32:01,003 [grpc-default-executor-5] INFO  impl.RoleInfo (RoleInfo.java:updateAndGet(143)) - a58d7528-614e-4c39-a3a3-38beaa9905aa: start FollowerState
2019-09-25 05:32:01,023 [Thread-1281] INFO  impl.FollowerState (FollowerState.java:run(106)) - 5c3318fc-c419-4298-b427-bf5a9ca27bf0:group-059250D1A272 changes to CANDIDATE, lastRpcTime:1052, electionTimeout:1051ms
2019-09-25 05:32:01,024 [Thread-1281] INFO  impl.RoleInfo (RoleInfo.java:shutdownFollowerState(121)) - 5c3318fc-c419-4298-b427-bf5a9ca27bf0: shutdown FollowerState
2019-09-25 05:32:01,024 [Thread-1281] INFO  impl.RaftServerImpl (RaftServerImpl.java:setRole(174)) - 5c3318fc-c419-4298-b427-bf5a9ca27bf0@group-059250D1A272: changes role from  FOLLOWER to CANDIDATE at term 17 for changeToCandidate
2019-09-25 05:32:01,024 [Thread-1281] INFO  impl.RoleInfo (RoleInfo.java:updateAndGet(143)) - 5c3318fc-c419-4298-b427-bf5a9ca27bf0: start LeaderElection
2019-09-25 05:32:01,036 [f9c12371-c091-4b4a-8db2-6f0db97bbab3@group-AEFF648B0F59:LeaderElection226] INFO  impl.LeaderElection (LeaderElection.java:logAndReturn(56)) - f9c12371-c091-4b4a-8db2-6f0db97bbab3@group-AEFF648B0F59:LeaderElection226: Election PASSED; received 1 response(s) [f9c12371-c091-4b4a-8db2-6f0db97bbab3<-a58d7528-614e-4c39-a3a3-38beaa9905aa#0:OK-t16] and 1 exception(s); f9c12371-c091-4b4a-8db2-6f0db97bbab3@group-AEFF648B0F59:t16, leader=null, voted=f9c12371-c091-4b4a-8db2-6f0db97bbab3, raftlog=f9c12371-c091-4b4a-8db2-6f0db97bbab3@group-AEFF648B0F59-SegmentedRaftLog:OPENED:c-1,f-1,i0, conf=-1: [a58d7528-614e-4c39-a3a3-38beaa9905aa:192.168.36.126:37942, f9c12371-c091-4b4a-8db2-6f0db97bbab3:192.168.36.126:46560, ce8ac917-2646-4112-adf7-d577593fabcb:192.168.36.126:37960], old=null
2019-09-25 05:32:01,036 [f9c12371-c091-4b4a-8db2-6f0db97bbab3@group-0EC8D23D101B:LeaderElection225] INFO  impl.LeaderElection (LeaderElection.java:logAndReturn(56)) - f9c12371-c091-4b4a-8db2-6f0db97bbab3@group-0EC8D23D101B:LeaderElection225: Election PASSED; received 1 response(s) [f9c12371-c091-4b4a-8db2-6f0db97bbab3<-a58d7528-614e-4c39-a3a3-38beaa9905aa#0:OK-t16] and 1 exception(s); f9c12371-c091-4b4a-8db2-6f0db97bbab3@group-0EC8D23D101B:t16, leader=null, voted=f9c12371-c091-4b4a-8db2-6f0db97bbab3, raftlog=f9c12371-c091-4b4a-8db2-6f0db97bbab3@group-0EC8D23D101B-SegmentedRaftLog:OPENED:c-1,f-1,i0, conf=-1: [a58d7528-614e-4c39-a3a3-38beaa9905aa:192.168.36.126:37942, f9c12371-c091-4b4a-8db2-6f0db97bbab3:192.168.36.126:46560, ce8ac917-2646-4112-adf7-d577593fabcb:192.168.36.126:37960], old=null
2019-09-25 05:32:01,036 [f9c12371-c091-4b4a-8db2-6f0db97bbab3@group-AEFF648B0F59:LeaderElection226] INFO  impl.LeaderElection (LogUtils.java:infoOrTrace(149)) -   Exception 0: {}
java.util.concurrent.ExecutionException: org.apache.ratis.thirdparty.io.grpc.StatusRuntimeException: UNAVAILABLE: io exception
	at java.util.concurrent.FutureTask.report(FutureTask.java:122)
	at java.util.concurrent.FutureTask.get(FutureTask.java:192)
	at org.apache.ratis.server.impl.LeaderElection.waitForResults(LeaderElection.java:263)
	at org.apache.ratis.server.impl.LeaderElection.askForVotes(LeaderElection.java:201)
	at org.apache.ratis.server.impl.LeaderElection.run(LeaderElection.java:133)
	at java.lang.Thread.run(Thread.java:748)
Caused by: org.apache.ratis.thirdparty.io.grpc.StatusRuntimeException: UNAVAILABLE: io exception
	at org.apache.ratis.thirdparty.io.grpc.stub.ClientCalls.toStatusRuntimeException(ClientCalls.java:233)
	at org.apache.ratis.thirdparty.io.grpc.stub.ClientCalls.getUnchecked(ClientCalls.java:214)
	at org.apache.ratis.thirdparty.io.grpc.stub.ClientCalls.blockingUnaryCall(ClientCalls.java:139)
	at org.apache.ratis.proto.grpc.RaftServerProtocolServiceGrpc$RaftServerProtocolServiceBlockingStub.requestVote(RaftServerProtocolServiceGrpc.java:265)
	at org.apache.ratis.grpc.server.GrpcServerProtocolClient.requestVote(GrpcServerProtocolClient.java:90)
	at org.apache.ratis.grpc.server.GrpcService.requestVote(GrpcService.java:204)
	at org.apache.ratis.server.impl.LeaderElection.lambda$submitRequests$1(LeaderElection.java:238)
	at java.util.concurrent.FutureTask.run(FutureTask.java:266)
	at java.util.concurrent.Executors$RunnableAdapter.call(Executors.java:511)
	at java.util.concurrent.FutureTask.run(FutureTask.java:266)
	at java.util.concurrent.ThreadPoolExecutor.runWorker(ThreadPoolExecutor.java:1149)
	at java.util.concurrent.ThreadPoolExecutor$Worker.run(ThreadPoolExecutor.java:624)
	... 1 more
Caused by: org.apache.ratis.thirdparty.io.netty.channel.AbstractChannel$AnnotatedConnectException: Connection refused: /192.168.36.126:37960
	at sun.nio.ch.SocketChannelImpl.checkConnect(Native Method)
	at sun.nio.ch.SocketChannelImpl.finishConnect(SocketChannelImpl.java:717)
	at org.apache.ratis.thirdparty.io.netty.channel.socket.nio.NioSocketChannel.doFinishConnect(NioSocketChannel.java:327)
	at org.apache.ratis.thirdparty.io.netty.channel.nio.AbstractNioChannel$AbstractNioUnsafe.finishConnect(AbstractNioChannel.java:340)
	at org.apache.ratis.thirdparty.io.netty.channel.nio.NioEventLoop.processSelectedKey(NioEventLoop.java:632)
	at org.apache.ratis.thirdparty.io.netty.channel.nio.NioEventLoop.processSelectedKeysOptimized(NioEventLoop.java:579)
	at org.apache.ratis.thirdparty.io.netty.channel.nio.NioEventLoop.processSelectedKeys(NioEventLoop.java:496)
	at org.apache.ratis.thirdparty.io.netty.channel.nio.NioEventLoop.run(NioEventLoop.java:458)
	at org.apache.ratis.thirdparty.io.netty.util.concurrent.SingleThreadEventExecutor$5.run(SingleThreadEventExecutor.java:897)
	at org.apache.ratis.thirdparty.io.netty.util.concurrent.FastThreadLocalRunnable.run(FastThreadLocalRunnable.java:30)
	... 1 more
Caused by: java.net.ConnectException: Connection refused
	... 11 more
2019-09-25 05:32:01,037 [f9c12371-c091-4b4a-8db2-6f0db97bbab3@group-0EC8D23D101B:LeaderElection225] INFO  impl.LeaderElection (LogUtils.java:infoOrTrace(149)) -   Exception 0: {}
java.util.concurrent.ExecutionException: org.apache.ratis.thirdparty.io.grpc.StatusRuntimeException: UNAVAILABLE: io exception
	at java.util.concurrent.FutureTask.report(FutureTask.java:122)
	at java.util.concurrent.FutureTask.get(FutureTask.java:192)
	at org.apache.ratis.server.impl.LeaderElection.waitForResults(LeaderElection.java:263)
	at org.apache.ratis.server.impl.LeaderElection.askForVotes(LeaderElection.java:201)
	at org.apache.ratis.server.impl.LeaderElection.run(LeaderElection.java:133)
	at java.lang.Thread.run(Thread.java:748)
Caused by: org.apache.ratis.thirdparty.io.grpc.StatusRuntimeException: UNAVAILABLE: io exception
	at org.apache.ratis.thirdparty.io.grpc.stub.ClientCalls.toStatusRuntimeException(ClientCalls.java:233)
	at org.apache.ratis.thirdparty.io.grpc.stub.ClientCalls.getUnchecked(ClientCalls.java:214)
	at org.apache.ratis.thirdparty.io.grpc.stub.ClientCalls.blockingUnaryCall(ClientCalls.java:139)
	at org.apache.ratis.proto.grpc.RaftServerProtocolServiceGrpc$RaftServerProtocolServiceBlockingStub.requestVote(RaftServerProtocolServiceGrpc.java:265)
	at org.apache.ratis.grpc.server.GrpcServerProtocolClient.requestVote(GrpcServerProtocolClient.java:90)
	at org.apache.ratis.grpc.server.GrpcService.requestVote(GrpcService.java:204)
	at org.apache.ratis.server.impl.LeaderElection.lambda$submitRequests$1(LeaderElection.java:238)
	at java.util.concurrent.FutureTask.run(FutureTask.java:266)
	at java.util.concurrent.Executors$RunnableAdapter.call(Executors.java:511)
	at java.util.concurrent.FutureTask.run(FutureTask.java:266)
	at java.util.concurrent.ThreadPoolExecutor.runWorker(ThreadPoolExecutor.java:1149)
	at java.util.concurrent.ThreadPoolExecutor$Worker.run(ThreadPoolExecutor.java:624)
	... 1 more
Caused by: org.apache.ratis.thirdparty.io.netty.channel.AbstractChannel$AnnotatedConnectException: Connection refused: /192.168.36.126:37960
	at sun.nio.ch.SocketChannelImpl.checkConnect(Native Method)
	at sun.nio.ch.SocketChannelImpl.finishConnect(SocketChannelImpl.java:717)
	at org.apache.ratis.thirdparty.io.netty.channel.socket.nio.NioSocketChannel.doFinishConnect(NioSocketChannel.java:327)
	at org.apache.ratis.thirdparty.io.netty.channel.nio.AbstractNioChannel$AbstractNioUnsafe.finishConnect(AbstractNioChannel.java:340)
	at org.apache.ratis.thirdparty.io.netty.channel.nio.NioEventLoop.processSelectedKey(NioEventLoop.java:632)
	at org.apache.ratis.thirdparty.io.netty.channel.nio.NioEventLoop.processSelectedKeysOptimized(NioEventLoop.java:579)
	at org.apache.ratis.thirdparty.io.netty.channel.nio.NioEventLoop.processSelectedKeys(NioEventLoop.java:496)
	at org.apache.ratis.thirdparty.io.netty.channel.nio.NioEventLoop.run(NioEventLoop.java:458)
	at org.apache.ratis.thirdparty.io.netty.util.concurrent.SingleThreadEventExecutor$5.run(SingleThreadEventExecutor.java:897)
	at org.apache.ratis.thirdparty.io.netty.util.concurrent.FastThreadLocalRunnable.run(FastThreadLocalRunnable.java:30)
	... 1 more
Caused by: java.net.ConnectException: Connection refused
	... 11 more
2019-09-25 05:32:01,037 [f9c12371-c091-4b4a-8db2-6f0db97bbab3@group-AEFF648B0F59:LeaderElection226] INFO  impl.RoleInfo (RoleInfo.java:shutdownLeaderElection(134)) - f9c12371-c091-4b4a-8db2-6f0db97bbab3: shutdown LeaderElection
2019-09-25 05:32:01,038 [f9c12371-c091-4b4a-8db2-6f0db97bbab3@group-0EC8D23D101B:LeaderElection225] INFO  impl.RoleInfo (RoleInfo.java:shutdownLeaderElection(134)) - f9c12371-c091-4b4a-8db2-6f0db97bbab3: shutdown LeaderElection
2019-09-25 05:32:01,038 [f9c12371-c091-4b4a-8db2-6f0db97bbab3@group-AEFF648B0F59:LeaderElection226] INFO  impl.RaftServerImpl (RaftServerImpl.java:setRole(174)) - f9c12371-c091-4b4a-8db2-6f0db97bbab3@group-AEFF648B0F59: changes role from CANDIDATE to LEADER at term 16 for changeToLeader
2019-09-25 05:32:01,038 [f9c12371-c091-4b4a-8db2-6f0db97bbab3@group-0EC8D23D101B:LeaderElection225] INFO  impl.RaftServerImpl (RaftServerImpl.java:setRole(174)) - f9c12371-c091-4b4a-8db2-6f0db97bbab3@group-0EC8D23D101B: changes role from CANDIDATE to LEADER at term 16 for changeToLeader
2019-09-25 05:32:01,038 [f9c12371-c091-4b4a-8db2-6f0db97bbab3@group-AEFF648B0F59:LeaderElection226] INFO  impl.RaftServerImpl (ServerState.java:setLeader(253)) - f9c12371-c091-4b4a-8db2-6f0db97bbab3@group-AEFF648B0F59: change Leader from null to f9c12371-c091-4b4a-8db2-6f0db97bbab3 at term 16 for becomeLeader, leader elected after 38503ms
2019-09-25 05:32:01,038 [f9c12371-c091-4b4a-8db2-6f0db97bbab3@group-0EC8D23D101B:LeaderElection225] INFO  impl.RaftServerImpl (ServerState.java:setLeader(253)) - f9c12371-c091-4b4a-8db2-6f0db97bbab3@group-0EC8D23D101B: change Leader from null to f9c12371-c091-4b4a-8db2-6f0db97bbab3 at term 16 for becomeLeader, leader elected after 42494ms
2019-09-25 05:32:01,038 [f9c12371-c091-4b4a-8db2-6f0db97bbab3@group-AEFF648B0F59:LeaderElection226] INFO  server.RaftServerConfigKeys (ConfUtils.java:logGet(43)) - raft.server.staging.catchup.gap = 1000 (default)
2019-09-25 05:32:01,038 [f9c12371-c091-4b4a-8db2-6f0db97bbab3@group-0EC8D23D101B:LeaderElection225] INFO  server.RaftServerConfigKeys (ConfUtils.java:logGet(43)) - raft.server.staging.catchup.gap = 1000 (default)
2019-09-25 05:32:01,039 [f9c12371-c091-4b4a-8db2-6f0db97bbab3@group-AEFF648B0F59:LeaderElection226] INFO  server.RaftServerConfigKeys (ConfUtils.java:logGet(43)) - raft.server.rpc.sleep.time = 25ms (default)
2019-09-25 05:32:01,039 [f9c12371-c091-4b4a-8db2-6f0db97bbab3@group-0EC8D23D101B:LeaderElection225] INFO  server.RaftServerConfigKeys (ConfUtils.java:logGet(43)) - raft.server.rpc.sleep.time = 25ms (default)
2019-09-25 05:32:01,039 [f9c12371-c091-4b4a-8db2-6f0db97bbab3@group-AEFF648B0F59:LeaderElection226] INFO  server.RaftServerConfigKeys (ConfUtils.java:logGet(43)) - raft.server.write.element-limit = 4096 (default)
2019-09-25 05:32:01,039 [f9c12371-c091-4b4a-8db2-6f0db97bbab3@group-0EC8D23D101B:LeaderElection225] INFO  server.RaftServerConfigKeys (ConfUtils.java:logGet(43)) - raft.server.write.element-limit = 4096 (default)
2019-09-25 05:32:01,039 [f9c12371-c091-4b4a-8db2-6f0db97bbab3@group-AEFF648B0F59:LeaderElection226] INFO  server.RaftServerConfigKeys (ConfUtils.java:logGet(43)) - raft.server.watch.timeout = 10s (default)
2019-09-25 05:32:01,039 [f9c12371-c091-4b4a-8db2-6f0db97bbab3@group-0EC8D23D101B:LeaderElection225] INFO  server.RaftServerConfigKeys (ConfUtils.java:logGet(43)) - raft.server.watch.timeout = 10s (default)
2019-09-25 05:32:01,039 [f9c12371-c091-4b4a-8db2-6f0db97bbab3@group-AEFF648B0F59:LeaderElection226] INFO  server.RaftServerConfigKeys (ConfUtils.java:logGet(43)) - raft.server.watch.timeout.denomination = 1s (default)
2019-09-25 05:32:01,040 [f9c12371-c091-4b4a-8db2-6f0db97bbab3@group-0EC8D23D101B:LeaderElection225] INFO  server.RaftServerConfigKeys (ConfUtils.java:logGet(43)) - raft.server.watch.timeout.denomination = 1s (default)
2019-09-25 05:32:01,040 [f9c12371-c091-4b4a-8db2-6f0db97bbab3@group-AEFF648B0F59:LeaderElection226] INFO  server.RaftServerConfigKeys (ConfUtils.java:logGet(43)) - raft.server.watch.element-limit = 65536 (default)
2019-09-25 05:32:01,040 [f9c12371-c091-4b4a-8db2-6f0db97bbab3@group-0EC8D23D101B:LeaderElection225] INFO  server.RaftServerConfigKeys (ConfUtils.java:logGet(43)) - raft.server.watch.element-limit = 65536 (default)
2019-09-25 05:32:01,046 [f9c12371-c091-4b4a-8db2-6f0db97bbab3@group-0EC8D23D101B:LeaderElection225] INFO  server.RaftServerConfigKeys (ConfUtils.java:logGet(43)) - raft.server.log.appender.snapshot.chunk.size.max = 16MB (=16777216) (default)
2019-09-25 05:32:01,046 [f9c12371-c091-4b4a-8db2-6f0db97bbab3@group-AEFF648B0F59:LeaderElection226] INFO  server.RaftServerConfigKeys (ConfUtils.java:logGet(43)) - raft.server.log.appender.snapshot.chunk.size.max = 16MB (=16777216) (default)
2019-09-25 05:32:01,047 [f9c12371-c091-4b4a-8db2-6f0db97bbab3@group-0EC8D23D101B:LeaderElection225] INFO  server.RaftServerConfigKeys (ConfUtils.java:logGet(43)) - raft.server.log.appender.buffer.byte-limit = 33554432 (custom)
2019-09-25 05:32:01,047 [f9c12371-c091-4b4a-8db2-6f0db97bbab3@group-AEFF648B0F59:LeaderElection226] INFO  server.RaftServerConfigKeys (ConfUtils.java:logGet(43)) - raft.server.log.appender.buffer.byte-limit = 33554432 (custom)
2019-09-25 05:32:01,047 [f9c12371-c091-4b4a-8db2-6f0db97bbab3@group-0EC8D23D101B:LeaderElection225] INFO  server.RaftServerConfigKeys (ConfUtils.java:logGet(43)) - raft.server.log.appender.buffer.element-limit = 1 (custom)
2019-09-25 05:32:01,048 [f9c12371-c091-4b4a-8db2-6f0db97bbab3@group-AEFF648B0F59:LeaderElection226] INFO  server.RaftServerConfigKeys (ConfUtils.java:logGet(43)) - raft.server.log.appender.buffer.element-limit = 1 (custom)
2019-09-25 05:32:01,052 [f9c12371-c091-4b4a-8db2-6f0db97bbab3@group-0EC8D23D101B:LeaderElection225] INFO  grpc.GrpcConfigKeys$Server (ConfUtils.java:logGet(43)) - raft.grpc.server.leader.outstanding.appends.max = 128 (default)
2019-09-25 05:32:01,052 [f9c12371-c091-4b4a-8db2-6f0db97bbab3@group-AEFF648B0F59:LeaderElection226] INFO  grpc.GrpcConfigKeys$Server (ConfUtils.java:logGet(43)) - raft.grpc.server.leader.outstanding.appends.max = 128 (default)
2019-09-25 05:32:01,054 [f9c12371-c091-4b4a-8db2-6f0db97bbab3@group-0EC8D23D101B:LeaderElection225] INFO  server.RaftServerConfigKeys (ConfUtils.java:logGet(43)) - raft.server.rpc.request.timeout = 3000ms (default)
2019-09-25 05:32:01,054 [f9c12371-c091-4b4a-8db2-6f0db97bbab3@group-AEFF648B0F59:LeaderElection226] INFO  server.RaftServerConfigKeys (ConfUtils.java:logGet(43)) - raft.server.rpc.request.timeout = 3000ms (default)
2019-09-25 05:32:01,054 [f9c12371-c091-4b4a-8db2-6f0db97bbab3@group-0EC8D23D101B:LeaderElection225] INFO  server.RaftServerConfigKeys (ConfUtils.java:logGet(43)) - raft.server.log.appender.install.snapshot.enabled = false (custom)
2019-09-25 05:32:01,055 [f9c12371-c091-4b4a-8db2-6f0db97bbab3@group-AEFF648B0F59:LeaderElection226] INFO  server.RaftServerConfigKeys (ConfUtils.java:logGet(43)) - raft.server.log.appender.install.snapshot.enabled = false (custom)
2019-09-25 05:32:01,056 [f9c12371-c091-4b4a-8db2-6f0db97bbab3@group-AEFF648B0F59:LeaderElection226] INFO  server.RaftServerConfigKeys (ConfUtils.java:logGet(43)) - raft.server.log.appender.snapshot.chunk.size.max = 16MB (=16777216) (default)
2019-09-25 05:32:01,056 [f9c12371-c091-4b4a-8db2-6f0db97bbab3@group-0EC8D23D101B:LeaderElection225] INFO  server.RaftServerConfigKeys (ConfUtils.java:logGet(43)) - raft.server.log.appender.snapshot.chunk.size.max = 16MB (=16777216) (default)
2019-09-25 05:32:01,056 [f9c12371-c091-4b4a-8db2-6f0db97bbab3@group-AEFF648B0F59:LeaderElection226] INFO  server.RaftServerConfigKeys (ConfUtils.java:logGet(43)) - raft.server.log.appender.buffer.byte-limit = 33554432 (custom)
2019-09-25 05:32:01,056 [f9c12371-c091-4b4a-8db2-6f0db97bbab3@group-0EC8D23D101B:LeaderElection225] INFO  server.RaftServerConfigKeys (ConfUtils.java:logGet(43)) - raft.server.log.appender.buffer.byte-limit = 33554432 (custom)
2019-09-25 05:32:01,057 [f9c12371-c091-4b4a-8db2-6f0db97bbab3@group-AEFF648B0F59:LeaderElection226] INFO  server.RaftServerConfigKeys (ConfUtils.java:logGet(43)) - raft.server.log.appender.buffer.element-limit = 1 (custom)
2019-09-25 05:32:01,057 [f9c12371-c091-4b4a-8db2-6f0db97bbab3@group-0EC8D23D101B:LeaderElection225] INFO  server.RaftServerConfigKeys (ConfUtils.java:logGet(43)) - raft.server.log.appender.buffer.element-limit = 1 (custom)
2019-09-25 05:32:01,057 [f9c12371-c091-4b4a-8db2-6f0db97bbab3@group-AEFF648B0F59:LeaderElection226] INFO  grpc.GrpcConfigKeys$Server (ConfUtils.java:logGet(43)) - raft.grpc.server.leader.outstanding.appends.max = 128 (default)
2019-09-25 05:32:01,057 [f9c12371-c091-4b4a-8db2-6f0db97bbab3@group-0EC8D23D101B:LeaderElection225] INFO  grpc.GrpcConfigKeys$Server (ConfUtils.java:logGet(43)) - raft.grpc.server.leader.outstanding.appends.max = 128 (default)
2019-09-25 05:32:01,057 [f9c12371-c091-4b4a-8db2-6f0db97bbab3@group-AEFF648B0F59:LeaderElection226] INFO  server.RaftServerConfigKeys (ConfUtils.java:logGet(43)) - raft.server.rpc.request.timeout = 3000ms (default)
2019-09-25 05:32:01,058 [f9c12371-c091-4b4a-8db2-6f0db97bbab3@group-0EC8D23D101B:LeaderElection225] INFO  server.RaftServerConfigKeys (ConfUtils.java:logGet(43)) - raft.server.rpc.request.timeout = 3000ms (default)
2019-09-25 05:32:01,058 [f9c12371-c091-4b4a-8db2-6f0db97bbab3@group-AEFF648B0F59:LeaderElection226] INFO  server.RaftServerConfigKeys (ConfUtils.java:logGet(43)) - raft.server.log.appender.install.snapshot.enabled = false (custom)
2019-09-25 05:32:01,058 [f9c12371-c091-4b4a-8db2-6f0db97bbab3@group-0EC8D23D101B:LeaderElection225] INFO  server.RaftServerConfigKeys (ConfUtils.java:logGet(43)) - raft.server.log.appender.install.snapshot.enabled = false (custom)
2019-09-25 05:32:01,060 [f9c12371-c091-4b4a-8db2-6f0db97bbab3@group-0EC8D23D101B:LeaderElection225] INFO  impl.RoleInfo (RoleInfo.java:updateAndGet(143)) - f9c12371-c091-4b4a-8db2-6f0db97bbab3: start LeaderState
2019-09-25 05:32:01,060 [f9c12371-c091-4b4a-8db2-6f0db97bbab3@group-AEFF648B0F59:LeaderElection226] INFO  impl.RoleInfo (RoleInfo.java:updateAndGet(143)) - f9c12371-c091-4b4a-8db2-6f0db97bbab3: start LeaderState
2019-09-25 05:32:01,060 [f9c12371-c091-4b4a-8db2-6f0db97bbab3@group-0EC8D23D101B:LeaderElection225] INFO  segmented.SegmentedRaftLogWorker (SegmentedRaftLogWorker.java:startLogSegment(380)) - f9c12371-c091-4b4a-8db2-6f0db97bbab3@group-0EC8D23D101B-SegmentedRaftLogWorker: Starting segment from index:0
2019-09-25 05:32:01,060 [f9c12371-c091-4b4a-8db2-6f0db97bbab3@group-AEFF648B0F59:LeaderElection226] INFO  segmented.SegmentedRaftLogWorker (SegmentedRaftLogWorker.java:startLogSegment(380)) - f9c12371-c091-4b4a-8db2-6f0db97bbab3@group-AEFF648B0F59-SegmentedRaftLogWorker: Starting segment from index:0
2019-09-25 05:32:01,061 [f9c12371-c091-4b4a-8db2-6f0db97bbab3@group-0EC8D23D101B:LeaderElection225] INFO  impl.RaftServerImpl (ServerState.java:setRaftConf(354)) - f9c12371-c091-4b4a-8db2-6f0db97bbab3@group-0EC8D23D101B: set configuration 0: [a58d7528-614e-4c39-a3a3-38beaa9905aa:192.168.36.126:37942, f9c12371-c091-4b4a-8db2-6f0db97bbab3:192.168.36.126:46560, ce8ac917-2646-4112-adf7-d577593fabcb:192.168.36.126:37960], old=null at 0
2019-09-25 05:32:01,061 [f9c12371-c091-4b4a-8db2-6f0db97bbab3@group-AEFF648B0F59:LeaderElection226] INFO  impl.RaftServerImpl (ServerState.java:setRaftConf(354)) - f9c12371-c091-4b4a-8db2-6f0db97bbab3@group-AEFF648B0F59: set configuration 0: [a58d7528-614e-4c39-a3a3-38beaa9905aa:192.168.36.126:37942, f9c12371-c091-4b4a-8db2-6f0db97bbab3:192.168.36.126:46560, ce8ac917-2646-4112-adf7-d577593fabcb:192.168.36.126:37960], old=null at 0
2019-09-25 05:32:01,069 [Thread-1279] INFO  impl.FollowerState (FollowerState.java:run(106)) - a58d7528-614e-4c39-a3a3-38beaa9905aa:group-43825EC81F5D changes to CANDIDATE, lastRpcTime:1099, electionTimeout:1097ms
2019-09-25 05:32:01,069 [Thread-1279] INFO  impl.RoleInfo (RoleInfo.java:shutdownFollowerState(121)) - a58d7528-614e-4c39-a3a3-38beaa9905aa: shutdown FollowerState
2019-09-25 05:32:01,069 [Thread-1279] INFO  impl.RaftServerImpl (RaftServerImpl.java:setRole(174)) - a58d7528-614e-4c39-a3a3-38beaa9905aa@group-43825EC81F5D: changes role from  FOLLOWER to CANDIDATE at term 11 for changeToCandidate
2019-09-25 05:32:01,069 [Thread-1279] INFO  impl.RoleInfo (RoleInfo.java:updateAndGet(143)) - a58d7528-614e-4c39-a3a3-38beaa9905aa: start LeaderElection
2019-09-25 05:32:01,070 [grpc-default-executor-2] WARN  server.GrpcLogAppender (LogUtils.java:warn(134)) - f9c12371-c091-4b4a-8db2-6f0db97bbab3@group-AEFF648B0F59->ce8ac917-2646-4112-adf7-d577593fabcb-AppendLogResponseHandler: Failed appendEntries: org.apache.ratis.thirdparty.io.grpc.StatusRuntimeException: UNAVAILABLE: io exception
2019-09-25 05:32:01,071 [5c3318fc-c419-4298-b427-bf5a9ca27bf0@group-059250D1A272:LeaderElection227] INFO  impl.LeaderElection (LeaderElection.java:askForVotes(182)) - 5c3318fc-c419-4298-b427-bf5a9ca27bf0@group-059250D1A272:LeaderElection227: begin an election at term 18 for -1: [5c3318fc-c419-4298-b427-bf5a9ca27bf0:192.168.36.126:46795, 61946a22-29ed-4e77-8449-fae4cd9869e9:192.168.36.126:36814, 0d4a37ed-4cec-423a-a360-e4a879eb6bc0:192.168.36.126:37817], old=null
2019-09-25 05:32:01,070 [grpc-default-executor-5] WARN  server.GrpcLogAppender (LogUtils.java:warn(134)) - f9c12371-c091-4b4a-8db2-6f0db97bbab3@group-0EC8D23D101B->ce8ac917-2646-4112-adf7-d577593fabcb-AppendLogResponseHandler: Failed appendEntries: org.apache.ratis.thirdparty.io.grpc.StatusRuntimeException: UNAVAILABLE: io exception
2019-09-25 05:32:01,072 [5c3318fc-c419-4298-b427-bf5a9ca27bf0@group-059250D1A272:LeaderElection227] INFO  impl.LeaderElection (LogUtils.java:infoOrTrace(149)) - 5c3318fc-c419-4298-b427-bf5a9ca27bf0@group-059250D1A272:LeaderElection227 got exception when requesting votes: {}
java.util.concurrent.ExecutionException: org.apache.ratis.thirdparty.io.grpc.StatusRuntimeException: UNAVAILABLE: io exception
	at java.util.concurrent.FutureTask.report(FutureTask.java:122)
	at java.util.concurrent.FutureTask.get(FutureTask.java:192)
	at org.apache.ratis.server.impl.LeaderElection.waitForResults(LeaderElection.java:263)
	at org.apache.ratis.server.impl.LeaderElection.askForVotes(LeaderElection.java:201)
	at org.apache.ratis.server.impl.LeaderElection.run(LeaderElection.java:133)
	at java.lang.Thread.run(Thread.java:748)
Caused by: org.apache.ratis.thirdparty.io.grpc.StatusRuntimeException: UNAVAILABLE: io exception
	at org.apache.ratis.thirdparty.io.grpc.stub.ClientCalls.toStatusRuntimeException(ClientCalls.java:233)
	at org.apache.ratis.thirdparty.io.grpc.stub.ClientCalls.getUnchecked(ClientCalls.java:214)
	at org.apache.ratis.thirdparty.io.grpc.stub.ClientCalls.blockingUnaryCall(ClientCalls.java:139)
	at org.apache.ratis.proto.grpc.RaftServerProtocolServiceGrpc$RaftServerProtocolServiceBlockingStub.requestVote(RaftServerProtocolServiceGrpc.java:265)
	at org.apache.ratis.grpc.server.GrpcServerProtocolClient.requestVote(GrpcServerProtocolClient.java:90)
	at org.apache.ratis.grpc.server.GrpcService.requestVote(GrpcService.java:204)
	at org.apache.ratis.server.impl.LeaderElection.lambda$submitRequests$1(LeaderElection.java:238)
	at java.util.concurrent.FutureTask.run(FutureTask.java:266)
	at java.util.concurrent.Executors$RunnableAdapter.call(Executors.java:511)
	at java.util.concurrent.FutureTask.run(FutureTask.java:266)
	at java.util.concurrent.ThreadPoolExecutor.runWorker(ThreadPoolExecutor.java:1149)
	at java.util.concurrent.ThreadPoolExecutor$Worker.run(ThreadPoolExecutor.java:624)
	... 1 more
Caused by: org.apache.ratis.thirdparty.io.netty.channel.AbstractChannel$AnnotatedConnectException: Connection refused: /192.168.36.126:36814
	at sun.nio.ch.SocketChannelImpl.checkConnect(Native Method)
	at sun.nio.ch.SocketChannelImpl.finishConnect(SocketChannelImpl.java:717)
	at org.apache.ratis.thirdparty.io.netty.channel.socket.nio.NioSocketChannel.doFinishConnect(NioSocketChannel.java:327)
	at org.apache.ratis.thirdparty.io.netty.channel.nio.AbstractNioChannel$AbstractNioUnsafe.finishConnect(AbstractNioChannel.java:340)
	at org.apache.ratis.thirdparty.io.netty.channel.nio.NioEventLoop.processSelectedKey(NioEventLoop.java:632)
	at org.apache.ratis.thirdparty.io.netty.channel.nio.NioEventLoop.processSelectedKeysOptimized(NioEventLoop.java:579)
	at org.apache.ratis.thirdparty.io.netty.channel.nio.NioEventLoop.processSelectedKeys(NioEventLoop.java:496)
	at org.apache.ratis.thirdparty.io.netty.channel.nio.NioEventLoop.run(NioEventLoop.java:458)
	at org.apache.ratis.thirdparty.io.netty.util.concurrent.SingleThreadEventExecutor$5.run(SingleThreadEventExecutor.java:897)
	at org.apache.ratis.thirdparty.io.netty.util.concurrent.FastThreadLocalRunnable.run(FastThreadLocalRunnable.java:30)
	... 1 more
Caused by: java.net.ConnectException: Connection refused
	... 11 more
2019-09-25 05:32:01,073 [grpc-default-executor-5] INFO  impl.FollowerInfo (FollowerInfo.java:lambda$new$0(51)) - f9c12371-c091-4b4a-8db2-6f0db97bbab3@group-0EC8D23D101B->ce8ac917-2646-4112-adf7-d577593fabcb: nextIndex: updateUnconditionally 0 -> 0
2019-09-25 05:32:01,107 [a58d7528-614e-4c39-a3a3-38beaa9905aa@group-43825EC81F5D:LeaderElection228] INFO  impl.LeaderElection (LeaderElection.java:askForVotes(182)) - a58d7528-614e-4c39-a3a3-38beaa9905aa@group-43825EC81F5D:LeaderElection228: begin an election at term 12 for -1: [a58d7528-614e-4c39-a3a3-38beaa9905aa:192.168.36.126:37942, f9c12371-c091-4b4a-8db2-6f0db97bbab3:192.168.36.126:46560, ce8ac917-2646-4112-adf7-d577593fabcb:192.168.36.126:37960], old=null
2019-09-25 05:32:01,073 [grpc-default-executor-2] INFO  impl.FollowerInfo (FollowerInfo.java:lambda$new$0(51)) - f9c12371-c091-4b4a-8db2-6f0db97bbab3@group-AEFF648B0F59->ce8ac917-2646-4112-adf7-d577593fabcb: nextIndex: updateUnconditionally 0 -> 0
2019-09-25 05:32:01,107 [5c3318fc-c419-4298-b427-bf5a9ca27bf0@group-059250D1A272:LeaderElection227] INFO  impl.LeaderElection (LogUtils.java:infoOrTrace(149)) - 5c3318fc-c419-4298-b427-bf5a9ca27bf0@group-059250D1A272:LeaderElection227 got exception when requesting votes: {}
java.util.concurrent.ExecutionException: org.apache.ratis.thirdparty.io.grpc.StatusRuntimeException: UNAVAILABLE: io exception
	at java.util.concurrent.FutureTask.report(FutureTask.java:122)
	at java.util.concurrent.FutureTask.get(FutureTask.java:192)
	at org.apache.ratis.server.impl.LeaderElection.waitForResults(LeaderElection.java:263)
	at org.apache.ratis.server.impl.LeaderElection.askForVotes(LeaderElection.java:201)
	at org.apache.ratis.server.impl.LeaderElection.run(LeaderElection.java:133)
	at java.lang.Thread.run(Thread.java:748)
Caused by: org.apache.ratis.thirdparty.io.grpc.StatusRuntimeException: UNAVAILABLE: io exception
	at org.apache.ratis.thirdparty.io.grpc.stub.ClientCalls.toStatusRuntimeException(ClientCalls.java:233)
	at org.apache.ratis.thirdparty.io.grpc.stub.ClientCalls.getUnchecked(ClientCalls.java:214)
	at org.apache.ratis.thirdparty.io.grpc.stub.ClientCalls.blockingUnaryCall(ClientCalls.java:139)
	at org.apache.ratis.proto.grpc.RaftServerProtocolServiceGrpc$RaftServerProtocolServiceBlockingStub.requestVote(RaftServerProtocolServiceGrpc.java:265)
	at org.apache.ratis.grpc.server.GrpcServerProtocolClient.requestVote(GrpcServerProtocolClient.java:90)
	at org.apache.ratis.grpc.server.GrpcService.requestVote(GrpcService.java:204)
	at org.apache.ratis.server.impl.LeaderElection.lambda$submitRequests$1(LeaderElection.java:238)
	at java.util.concurrent.FutureTask.run(FutureTask.java:266)
	at java.util.concurrent.Executors$RunnableAdapter.call(Executors.java:511)
	at java.util.concurrent.FutureTask.run(FutureTask.java:266)
	at java.util.concurrent.ThreadPoolExecutor.runWorker(ThreadPoolExecutor.java:1149)
	at java.util.concurrent.ThreadPoolExecutor$Worker.run(ThreadPoolExecutor.java:624)
	... 1 more
Caused by: org.apache.ratis.thirdparty.io.netty.channel.AbstractChannel$AnnotatedConnectException: Connection refused: /192.168.36.126:37817
	at sun.nio.ch.SocketChannelImpl.checkConnect(Native Method)
	at sun.nio.ch.SocketChannelImpl.finishConnect(SocketChannelImpl.java:717)
	at org.apache.ratis.thirdparty.io.netty.channel.socket.nio.NioSocketChannel.doFinishConnect(NioSocketChannel.java:327)
	at org.apache.ratis.thirdparty.io.netty.channel.nio.AbstractNioChannel$AbstractNioUnsafe.finishConnect(AbstractNioChannel.java:340)
	at org.apache.ratis.thirdparty.io.netty.channel.nio.NioEventLoop.processSelectedKey(NioEventLoop.java:632)
	at org.apache.ratis.thirdparty.io.netty.channel.nio.NioEventLoop.processSelectedKeysOptimized(NioEventLoop.java:579)
	at org.apache.ratis.thirdparty.io.netty.channel.nio.NioEventLoop.processSelectedKeys(NioEventLoop.java:496)
	at org.apache.ratis.thirdparty.io.netty.channel.nio.NioEventLoop.run(NioEventLoop.java:458)
	at org.apache.ratis.thirdparty.io.netty.util.concurrent.SingleThreadEventExecutor$5.run(SingleThreadEventExecutor.java:897)
	at org.apache.ratis.thirdparty.io.netty.util.concurrent.FastThreadLocalRunnable.run(FastThreadLocalRunnable.java:30)
	... 1 more
Caused by: java.net.ConnectException: Connection refused
	... 11 more
2019-09-25 05:32:01,109 [5c3318fc-c419-4298-b427-bf5a9ca27bf0@group-059250D1A272:LeaderElection227] INFO  impl.LeaderElection (LeaderElection.java:logAndReturn(56)) - 5c3318fc-c419-4298-b427-bf5a9ca27bf0@group-059250D1A272:LeaderElection227: Election REJECTED; received 0 response(s) [] and 2 exception(s); 5c3318fc-c419-4298-b427-bf5a9ca27bf0@group-059250D1A272:t18, leader=null, voted=5c3318fc-c419-4298-b427-bf5a9ca27bf0, raftlog=5c3318fc-c419-4298-b427-bf5a9ca27bf0@group-059250D1A272-SegmentedRaftLog:OPENED:c-1,f-1,i0, conf=-1: [5c3318fc-c419-4298-b427-bf5a9ca27bf0:192.168.36.126:46795, 61946a22-29ed-4e77-8449-fae4cd9869e9:192.168.36.126:36814, 0d4a37ed-4cec-423a-a360-e4a879eb6bc0:192.168.36.126:37817], old=null
2019-09-25 05:32:01,109 [a58d7528-614e-4c39-a3a3-38beaa9905aa@group-43825EC81F5D:LeaderElection228] INFO  impl.LeaderElection (LogUtils.java:infoOrTrace(149)) - a58d7528-614e-4c39-a3a3-38beaa9905aa@group-43825EC81F5D:LeaderElection228 got exception when requesting votes: {}
java.util.concurrent.ExecutionException: org.apache.ratis.thirdparty.io.grpc.StatusRuntimeException: UNAVAILABLE: io exception
	at java.util.concurrent.FutureTask.report(FutureTask.java:122)
	at java.util.concurrent.FutureTask.get(FutureTask.java:192)
	at org.apache.ratis.server.impl.LeaderElection.waitForResults(LeaderElection.java:263)
	at org.apache.ratis.server.impl.LeaderElection.askForVotes(LeaderElection.java:201)
	at org.apache.ratis.server.impl.LeaderElection.run(LeaderElection.java:133)
	at java.lang.Thread.run(Thread.java:748)
Caused by: org.apache.ratis.thirdparty.io.grpc.StatusRuntimeException: UNAVAILABLE: io exception
	at org.apache.ratis.thirdparty.io.grpc.stub.ClientCalls.toStatusRuntimeException(ClientCalls.java:233)
	at org.apache.ratis.thirdparty.io.grpc.stub.ClientCalls.getUnchecked(ClientCalls.java:214)
	at org.apache.ratis.thirdparty.io.grpc.stub.ClientCalls.blockingUnaryCall(ClientCalls.java:139)
	at org.apache.ratis.proto.grpc.RaftServerProtocolServiceGrpc$RaftServerProtocolServiceBlockingStub.requestVote(RaftServerProtocolServiceGrpc.java:265)
	at org.apache.ratis.grpc.server.GrpcServerProtocolClient.requestVote(GrpcServerProtocolClient.java:90)
	at org.apache.ratis.grpc.server.GrpcService.requestVote(GrpcService.java:204)
	at org.apache.ratis.server.impl.LeaderElection.lambda$submitRequests$1(LeaderElection.java:238)
	at java.util.concurrent.FutureTask.run(FutureTask.java:266)
	at java.util.concurrent.Executors$RunnableAdapter.call(Executors.java:511)
	at java.util.concurrent.FutureTask.run(FutureTask.java:266)
	at java.util.concurrent.ThreadPoolExecutor.runWorker(ThreadPoolExecutor.java:1149)
	at java.util.concurrent.ThreadPoolExecutor$Worker.run(ThreadPoolExecutor.java:624)
	... 1 more
Caused by: org.apache.ratis.thirdparty.io.netty.channel.AbstractChannel$AnnotatedConnectException: Connection refused: /192.168.36.126:37960
	at sun.nio.ch.SocketChannelImpl.checkConnect(Native Method)
	at sun.nio.ch.SocketChannelImpl.finishConnect(SocketChannelImpl.java:717)
	at org.apache.ratis.thirdparty.io.netty.channel.socket.nio.NioSocketChannel.doFinishConnect(NioSocketChannel.java:327)
	at org.apache.ratis.thirdparty.io.netty.channel.nio.AbstractNioChannel$AbstractNioUnsafe.finishConnect(AbstractNioChannel.java:340)
	at org.apache.ratis.thirdparty.io.netty.channel.nio.NioEventLoop.processSelectedKey(NioEventLoop.java:632)
	at org.apache.ratis.thirdparty.io.netty.channel.nio.NioEventLoop.processSelectedKeysOptimized(NioEventLoop.java:579)
	at org.apache.ratis.thirdparty.io.netty.channel.nio.NioEventLoop.processSelectedKeys(NioEventLoop.java:496)
	at org.apache.ratis.thirdparty.io.netty.channel.nio.NioEventLoop.run(NioEventLoop.java:458)
	at org.apache.ratis.thirdparty.io.netty.util.concurrent.SingleThreadEventExecutor$5.run(SingleThreadEventExecutor.java:897)
	at org.apache.ratis.thirdparty.io.netty.util.concurrent.FastThreadLocalRunnable.run(FastThreadLocalRunnable.java:30)
	... 1 more
Caused by: java.net.ConnectException: Connection refused
	... 11 more
2019-09-25 05:32:01,109 [5c3318fc-c419-4298-b427-bf5a9ca27bf0@group-059250D1A272:LeaderElection227] INFO  impl.LeaderElection (LogUtils.java:infoOrTrace(149)) -   Exception 0: {}
java.util.concurrent.ExecutionException: org.apache.ratis.thirdparty.io.grpc.StatusRuntimeException: UNAVAILABLE: io exception
	at java.util.concurrent.FutureTask.report(FutureTask.java:122)
	at java.util.concurrent.FutureTask.get(FutureTask.java:192)
	at org.apache.ratis.server.impl.LeaderElection.waitForResults(LeaderElection.java:263)
	at org.apache.ratis.server.impl.LeaderElection.askForVotes(LeaderElection.java:201)
	at org.apache.ratis.server.impl.LeaderElection.run(LeaderElection.java:133)
	at java.lang.Thread.run(Thread.java:748)
Caused by: org.apache.ratis.thirdparty.io.grpc.StatusRuntimeException: UNAVAILABLE: io exception
	at org.apache.ratis.thirdparty.io.grpc.stub.ClientCalls.toStatusRuntimeException(ClientCalls.java:233)
	at org.apache.ratis.thirdparty.io.grpc.stub.ClientCalls.getUnchecked(ClientCalls.java:214)
	at org.apache.ratis.thirdparty.io.grpc.stub.ClientCalls.blockingUnaryCall(ClientCalls.java:139)
	at org.apache.ratis.proto.grpc.RaftServerProtocolServiceGrpc$RaftServerProtocolServiceBlockingStub.requestVote(RaftServerProtocolServiceGrpc.java:265)
	at org.apache.ratis.grpc.server.GrpcServerProtocolClient.requestVote(GrpcServerProtocolClient.java:90)
	at org.apache.ratis.grpc.server.GrpcService.requestVote(GrpcService.java:204)
	at org.apache.ratis.server.impl.LeaderElection.lambda$submitRequests$1(LeaderElection.java:238)
	at java.util.concurrent.FutureTask.run(FutureTask.java:266)
	at java.util.concurrent.Executors$RunnableAdapter.call(Executors.java:511)
	at java.util.concurrent.FutureTask.run(FutureTask.java:266)
	at java.util.concurrent.ThreadPoolExecutor.runWorker(ThreadPoolExecutor.java:1149)
	at java.util.concurrent.ThreadPoolExecutor$Worker.run(ThreadPoolExecutor.java:624)
	... 1 more
Caused by: org.apache.ratis.thirdparty.io.netty.channel.AbstractChannel$AnnotatedConnectException: Connection refused: /192.168.36.126:36814
	at sun.nio.ch.SocketChannelImpl.checkConnect(Native Method)
	at sun.nio.ch.SocketChannelImpl.finishConnect(SocketChannelImpl.java:717)
	at org.apache.ratis.thirdparty.io.netty.channel.socket.nio.NioSocketChannel.doFinishConnect(NioSocketChannel.java:327)
	at org.apache.ratis.thirdparty.io.netty.channel.nio.AbstractNioChannel$AbstractNioUnsafe.finishConnect(AbstractNioChannel.java:340)
	at org.apache.ratis.thirdparty.io.netty.channel.nio.NioEventLoop.processSelectedKey(NioEventLoop.java:632)
	at org.apache.ratis.thirdparty.io.netty.channel.nio.NioEventLoop.processSelectedKeysOptimized(NioEventLoop.java:579)
	at org.apache.ratis.thirdparty.io.netty.channel.nio.NioEventLoop.processSelectedKeys(NioEventLoop.java:496)
	at org.apache.ratis.thirdparty.io.netty.channel.nio.NioEventLoop.run(NioEventLoop.java:458)
	at org.apache.ratis.thirdparty.io.netty.util.concurrent.SingleThreadEventExecutor$5.run(SingleThreadEventExecutor.java:897)
	at org.apache.ratis.thirdparty.io.netty.util.concurrent.FastThreadLocalRunnable.run(FastThreadLocalRunnable.java:30)
	... 1 more
Caused by: java.net.ConnectException: Connection refused
	... 11 more
2019-09-25 05:32:01,110 [5c3318fc-c419-4298-b427-bf5a9ca27bf0@group-059250D1A272:LeaderElection227] INFO  impl.LeaderElection (LogUtils.java:infoOrTrace(149)) -   Exception 1: {}
java.util.concurrent.ExecutionException: org.apache.ratis.thirdparty.io.grpc.StatusRuntimeException: UNAVAILABLE: io exception
	at java.util.concurrent.FutureTask.report(FutureTask.java:122)
	at java.util.concurrent.FutureTask.get(FutureTask.java:192)
	at org.apache.ratis.server.impl.LeaderElection.waitForResults(LeaderElection.java:263)
	at org.apache.ratis.server.impl.LeaderElection.askForVotes(LeaderElection.java:201)
	at org.apache.ratis.server.impl.LeaderElection.run(LeaderElection.java:133)
	at java.lang.Thread.run(Thread.java:748)
Caused by: org.apache.ratis.thirdparty.io.grpc.StatusRuntimeException: UNAVAILABLE: io exception
	at org.apache.ratis.thirdparty.io.grpc.stub.ClientCalls.toStatusRuntimeException(ClientCalls.java:233)
	at org.apache.ratis.thirdparty.io.grpc.stub.ClientCalls.getUnchecked(ClientCalls.java:214)
	at org.apache.ratis.thirdparty.io.grpc.stub.ClientCalls.blockingUnaryCall(ClientCalls.java:139)
	at org.apache.ratis.proto.grpc.RaftServerProtocolServiceGrpc$RaftServerProtocolServiceBlockingStub.requestVote(RaftServerProtocolServiceGrpc.java:265)
	at org.apache.ratis.grpc.server.GrpcServerProtocolClient.requestVote(GrpcServerProtocolClient.java:90)
	at org.apache.ratis.grpc.server.GrpcService.requestVote(GrpcService.java:204)
	at org.apache.ratis.server.impl.LeaderElection.lambda$submitRequests$1(LeaderElection.java:238)
	at java.util.concurrent.FutureTask.run(FutureTask.java:266)
	at java.util.concurrent.Executors$RunnableAdapter.call(Executors.java:511)
	at java.util.concurrent.FutureTask.run(FutureTask.java:266)
	at java.util.concurrent.ThreadPoolExecutor.runWorker(ThreadPoolExecutor.java:1149)
	at java.util.concurrent.ThreadPoolExecutor$Worker.run(ThreadPoolExecutor.java:624)
	... 1 more
Caused by: org.apache.ratis.thirdparty.io.netty.channel.AbstractChannel$AnnotatedConnectException: Connection refused: /192.168.36.126:37817
	at sun.nio.ch.SocketChannelImpl.checkConnect(Native Method)
	at sun.nio.ch.SocketChannelImpl.finishConnect(SocketChannelImpl.java:717)
	at org.apache.ratis.thirdparty.io.netty.channel.socket.nio.NioSocketChannel.doFinishConnect(NioSocketChannel.java:327)
	at org.apache.ratis.thirdparty.io.netty.channel.nio.AbstractNioChannel$AbstractNioUnsafe.finishConnect(AbstractNioChannel.java:340)
	at org.apache.ratis.thirdparty.io.netty.channel.nio.NioEventLoop.processSelectedKey(NioEventLoop.java:632)
	at org.apache.ratis.thirdparty.io.netty.channel.nio.NioEventLoop.processSelectedKeysOptimized(NioEventLoop.java:579)
	at org.apache.ratis.thirdparty.io.netty.channel.nio.NioEventLoop.processSelectedKeys(NioEventLoop.java:496)
	at org.apache.ratis.thirdparty.io.netty.channel.nio.NioEventLoop.run(NioEventLoop.java:458)
	at org.apache.ratis.thirdparty.io.netty.util.concurrent.SingleThreadEventExecutor$5.run(SingleThreadEventExecutor.java:897)
	at org.apache.ratis.thirdparty.io.netty.util.concurrent.FastThreadLocalRunnable.run(FastThreadLocalRunnable.java:30)
	... 1 more
Caused by: java.net.ConnectException: Connection refused
	... 11 more
2019-09-25 05:32:01,111 [5c3318fc-c419-4298-b427-bf5a9ca27bf0@group-059250D1A272:LeaderElection227] INFO  impl.RaftServerImpl (RaftServerImpl.java:setRole(174)) - 5c3318fc-c419-4298-b427-bf5a9ca27bf0@group-059250D1A272: changes role from CANDIDATE to FOLLOWER at term 18 for DISCOVERED_A_NEW_TERM
2019-09-25 05:32:01,111 [5c3318fc-c419-4298-b427-bf5a9ca27bf0@group-059250D1A272:LeaderElection227] INFO  impl.RoleInfo (RoleInfo.java:shutdownLeaderElection(134)) - 5c3318fc-c419-4298-b427-bf5a9ca27bf0: shutdown LeaderElection
2019-09-25 05:32:01,111 [5c3318fc-c419-4298-b427-bf5a9ca27bf0@group-059250D1A272:LeaderElection227] INFO  impl.RoleInfo (RoleInfo.java:updateAndGet(143)) - 5c3318fc-c419-4298-b427-bf5a9ca27bf0: start FollowerState
2019-09-25 05:32:01,113 [grpc-default-executor-2] INFO  impl.RaftServerImpl (RaftServerImpl.java:setRole(174)) - f9c12371-c091-4b4a-8db2-6f0db97bbab3@group-43825EC81F5D: changes role from  FOLLOWER to FOLLOWER at term 12 for recognizeCandidate:a58d7528-614e-4c39-a3a3-38beaa9905aa
2019-09-25 05:32:01,113 [grpc-default-executor-0] INFO  impl.RaftServerImpl (ServerState.java:setLeader(253)) - a58d7528-614e-4c39-a3a3-38beaa9905aa@group-AEFF648B0F59: change Leader from null to f9c12371-c091-4b4a-8db2-6f0db97bbab3 at term 16 for appendEntries, leader elected after 38578ms
2019-09-25 05:32:01,113 [grpc-default-executor-4] INFO  impl.RaftServerImpl (ServerState.java:setLeader(253)) - a58d7528-614e-4c39-a3a3-38beaa9905aa@group-0EC8D23D101B: change Leader from null to f9c12371-c091-4b4a-8db2-6f0db97bbab3 at term 16 for appendEntries, leader elected after 42568ms
2019-09-25 05:32:01,114 [grpc-default-executor-2] INFO  impl.RoleInfo (RoleInfo.java:shutdownFollowerState(121)) - f9c12371-c091-4b4a-8db2-6f0db97bbab3: shutdown FollowerState
2019-09-25 05:32:01,114 [grpc-default-executor-2] INFO  impl.RoleInfo (RoleInfo.java:updateAndGet(143)) - f9c12371-c091-4b4a-8db2-6f0db97bbab3: start FollowerState
2019-09-25 05:32:01,114 [Thread-1282] INFO  impl.FollowerState (FollowerState.java:run(115)) - f9c12371-c091-4b4a-8db2-6f0db97bbab3: FollowerState was interrupted: java.lang.InterruptedException: sleep interrupted
2019-09-25 05:32:01,132 [f9c12371-c091-4b4a-8db2-6f0db97bbab3@group-0EC8D23D101B-SegmentedRaftLogWorker] INFO  segmented.SegmentedRaftLogWorker (SegmentedRaftLogWorker.java:execute(569)) - f9c12371-c091-4b4a-8db2-6f0db97bbab3@group-0EC8D23D101B-SegmentedRaftLogWorker: created new log segment /workdir/hadoop-ozone/integration-test/target/test-dir/MiniOzoneClusterImpl-cea1adf1-e11b-40bf-86cb-fb3b2d854ef9/datanode-0/data/ratis/5a3160c6-a359-4f52-af3b-0ec8d23d101b/current/log_inprogress_0
2019-09-25 05:32:01,132 [f9c12371-c091-4b4a-8db2-6f0db97bbab3@group-AEFF648B0F59-SegmentedRaftLogWorker] INFO  segmented.SegmentedRaftLogWorker (SegmentedRaftLogWorker.java:execute(569)) - f9c12371-c091-4b4a-8db2-6f0db97bbab3@group-AEFF648B0F59-SegmentedRaftLogWorker: created new log segment /workdir/hadoop-ozone/integration-test/target/test-dir/MiniOzoneClusterImpl-cea1adf1-e11b-40bf-86cb-fb3b2d854ef9/datanode-0/data/ratis/49b4a0c9-626a-4270-a299-aeff648b0f59/current/log_inprogress_0
2019-09-25 05:32:01,133 [a58d7528-614e-4c39-a3a3-38beaa9905aa@group-43825EC81F5D:LeaderElection228] INFO  impl.LeaderElection (LeaderElection.java:logAndReturn(56)) - a58d7528-614e-4c39-a3a3-38beaa9905aa@group-43825EC81F5D:LeaderElection228: Election PASSED; received 1 response(s) [a58d7528-614e-4c39-a3a3-38beaa9905aa<-f9c12371-c091-4b4a-8db2-6f0db97bbab3#0:OK-t12] and 1 exception(s); a58d7528-614e-4c39-a3a3-38beaa9905aa@group-43825EC81F5D:t12, leader=null, voted=a58d7528-614e-4c39-a3a3-38beaa9905aa, raftlog=a58d7528-614e-4c39-a3a3-38beaa9905aa@group-43825EC81F5D-SegmentedRaftLog:OPENED:c-1,f-1,i0, conf=-1: [a58d7528-614e-4c39-a3a3-38beaa9905aa:192.168.36.126:37942, f9c12371-c091-4b4a-8db2-6f0db97bbab3:192.168.36.126:46560, ce8ac917-2646-4112-adf7-d577593fabcb:192.168.36.126:37960], old=null
2019-09-25 05:32:01,133 [a58d7528-614e-4c39-a3a3-38beaa9905aa@group-43825EC81F5D:LeaderElection228] INFO  impl.LeaderElection (LogUtils.java:infoOrTrace(149)) -   Exception 0: {}
java.util.concurrent.ExecutionException: org.apache.ratis.thirdparty.io.grpc.StatusRuntimeException: UNAVAILABLE: io exception
	at java.util.concurrent.FutureTask.report(FutureTask.java:122)
	at java.util.concurrent.FutureTask.get(FutureTask.java:192)
	at org.apache.ratis.server.impl.LeaderElection.waitForResults(LeaderElection.java:263)
	at org.apache.ratis.server.impl.LeaderElection.askForVotes(LeaderElection.java:201)
	at org.apache.ratis.server.impl.LeaderElection.run(LeaderElection.java:133)
	at java.lang.Thread.run(Thread.java:748)
Caused by: org.apache.ratis.thirdparty.io.grpc.StatusRuntimeException: UNAVAILABLE: io exception
	at org.apache.ratis.thirdparty.io.grpc.stub.ClientCalls.toStatusRuntimeException(ClientCalls.java:233)
	at org.apache.ratis.thirdparty.io.grpc.stub.ClientCalls.getUnchecked(ClientCalls.java:214)
	at org.apache.ratis.thirdparty.io.grpc.stub.ClientCalls.blockingUnaryCall(ClientCalls.java:139)
	at org.apache.ratis.proto.grpc.RaftServerProtocolServiceGrpc$RaftServerProtocolServiceBlockingStub.requestVote(RaftServerProtocolServiceGrpc.java:265)
	at org.apache.ratis.grpc.server.GrpcServerProtocolClient.requestVote(GrpcServerProtocolClient.java:90)
	at org.apache.ratis.grpc.server.GrpcService.requestVote(GrpcService.java:204)
	at org.apache.ratis.server.impl.LeaderElection.lambda$submitRequests$1(LeaderElection.java:238)
	at java.util.concurrent.FutureTask.run(FutureTask.java:266)
	at java.util.concurrent.Executors$RunnableAdapter.call(Executors.java:511)
	at java.util.concurrent.FutureTask.run(FutureTask.java:266)
	at java.util.concurrent.ThreadPoolExecutor.runWorker(ThreadPoolExecutor.java:1149)
	at java.util.concurrent.ThreadPoolExecutor$Worker.run(ThreadPoolExecutor.java:624)
	... 1 more
Caused by: org.apache.ratis.thirdparty.io.netty.channel.AbstractChannel$AnnotatedConnectException: Connection refused: /192.168.36.126:37960
	at sun.nio.ch.SocketChannelImpl.checkConnect(Native Method)
	at sun.nio.ch.SocketChannelImpl.finishConnect(SocketChannelImpl.java:717)
	at org.apache.ratis.thirdparty.io.netty.channel.socket.nio.NioSocketChannel.doFinishConnect(NioSocketChannel.java:327)
	at org.apache.ratis.thirdparty.io.netty.channel.nio.AbstractNioChannel$AbstractNioUnsafe.finishConnect(AbstractNioChannel.java:340)
	at org.apache.ratis.thirdparty.io.netty.channel.nio.NioEventLoop.processSelectedKey(NioEventLoop.java:632)
	at org.apache.ratis.thirdparty.io.netty.channel.nio.NioEventLoop.processSelectedKeysOptimized(NioEventLoop.java:579)
	at org.apache.ratis.thirdparty.io.netty.channel.nio.NioEventLoop.processSelectedKeys(NioEventLoop.java:496)
	at org.apache.ratis.thirdparty.io.netty.channel.nio.NioEventLoop.run(NioEventLoop.java:458)
	at org.apache.ratis.thirdparty.io.netty.util.concurrent.SingleThreadEventExecutor$5.run(SingleThreadEventExecutor.java:897)
	at org.apache.ratis.thirdparty.io.netty.util.concurrent.FastThreadLocalRunnable.run(FastThreadLocalRunnable.java:30)
	... 1 more
Caused by: java.net.ConnectException: Connection refused
	... 11 more
2019-09-25 05:32:01,135 [a58d7528-614e-4c39-a3a3-38beaa9905aa@group-43825EC81F5D:LeaderElection228] INFO  impl.RoleInfo (RoleInfo.java:shutdownLeaderElection(134)) - a58d7528-614e-4c39-a3a3-38beaa9905aa: shutdown LeaderElection
2019-09-25 05:32:01,136 [a58d7528-614e-4c39-a3a3-38beaa9905aa@group-43825EC81F5D:LeaderElection228] INFO  impl.RaftServerImpl (RaftServerImpl.java:setRole(174)) - a58d7528-614e-4c39-a3a3-38beaa9905aa@group-43825EC81F5D: changes role from CANDIDATE to LEADER at term 12 for changeToLeader
2019-09-25 05:32:01,136 [a58d7528-614e-4c39-a3a3-38beaa9905aa@group-43825EC81F5D:LeaderElection228] INFO  impl.RaftServerImpl (ServerState.java:setLeader(253)) - a58d7528-614e-4c39-a3a3-38beaa9905aa@group-43825EC81F5D: change Leader from null to a58d7528-614e-4c39-a3a3-38beaa9905aa at term 12 for becomeLeader, leader elected after 17736ms
2019-09-25 05:32:01,136 [a58d7528-614e-4c39-a3a3-38beaa9905aa@group-43825EC81F5D:LeaderElection228] INFO  server.RaftServerConfigKeys (ConfUtils.java:logGet(43)) - raft.server.staging.catchup.gap = 1000 (default)
2019-09-25 05:32:01,136 [a58d7528-614e-4c39-a3a3-38beaa9905aa@group-43825EC81F5D:LeaderElection228] INFO  server.RaftServerConfigKeys (ConfUtils.java:logGet(43)) - raft.server.rpc.sleep.time = 25ms (default)
2019-09-25 05:32:01,136 [a58d7528-614e-4c39-a3a3-38beaa9905aa@group-43825EC81F5D:LeaderElection228] INFO  server.RaftServerConfigKeys (ConfUtils.java:logGet(43)) - raft.server.write.element-limit = 4096 (default)
2019-09-25 05:32:01,136 [a58d7528-614e-4c39-a3a3-38beaa9905aa@group-43825EC81F5D:LeaderElection228] INFO  server.RaftServerConfigKeys (ConfUtils.java:logGet(43)) - raft.server.watch.timeout = 10s (default)
2019-09-25 05:32:01,137 [a58d7528-614e-4c39-a3a3-38beaa9905aa@group-43825EC81F5D:LeaderElection228] INFO  server.RaftServerConfigKeys (ConfUtils.java:logGet(43)) - raft.server.watch.timeout.denomination = 1s (default)
2019-09-25 05:32:01,137 [a58d7528-614e-4c39-a3a3-38beaa9905aa@group-43825EC81F5D:LeaderElection228] INFO  server.RaftServerConfigKeys (ConfUtils.java:logGet(43)) - raft.server.watch.element-limit = 65536 (default)
2019-09-25 05:32:01,139 [a58d7528-614e-4c39-a3a3-38beaa9905aa@group-43825EC81F5D:LeaderElection228] INFO  server.RaftServerConfigKeys (ConfUtils.java:logGet(43)) - raft.server.log.appender.snapshot.chunk.size.max = 16MB (=16777216) (default)
2019-09-25 05:32:01,140 [a58d7528-614e-4c39-a3a3-38beaa9905aa@group-43825EC81F5D:LeaderElection228] INFO  server.RaftServerConfigKeys (ConfUtils.java:logGet(43)) - raft.server.log.appender.buffer.byte-limit = 33554432 (custom)
2019-09-25 05:32:01,140 [a58d7528-614e-4c39-a3a3-38beaa9905aa@group-43825EC81F5D:LeaderElection228] INFO  server.RaftServerConfigKeys (ConfUtils.java:logGet(43)) - raft.server.log.appender.buffer.element-limit = 1 (custom)
2019-09-25 05:32:01,140 [a58d7528-614e-4c39-a3a3-38beaa9905aa@group-43825EC81F5D:LeaderElection228] INFO  grpc.GrpcConfigKeys$Server (ConfUtils.java:logGet(43)) - raft.grpc.server.leader.outstanding.appends.max = 128 (default)
2019-09-25 05:32:01,140 [a58d7528-614e-4c39-a3a3-38beaa9905aa@group-43825EC81F5D:LeaderElection228] INFO  server.RaftServerConfigKeys (ConfUtils.java:logGet(43)) - raft.server.rpc.request.timeout = 3000ms (default)
2019-09-25 05:32:01,140 [a58d7528-614e-4c39-a3a3-38beaa9905aa@group-43825EC81F5D:LeaderElection228] INFO  server.RaftServerConfigKeys (ConfUtils.java:logGet(43)) - raft.server.log.appender.install.snapshot.enabled = false (custom)
2019-09-25 05:32:01,141 [a58d7528-614e-4c39-a3a3-38beaa9905aa@group-43825EC81F5D:LeaderElection228] INFO  server.RaftServerConfigKeys (ConfUtils.java:logGet(43)) - raft.server.log.appender.snapshot.chunk.size.max = 16MB (=16777216) (default)
2019-09-25 05:32:01,141 [a58d7528-614e-4c39-a3a3-38beaa9905aa@group-43825EC81F5D:LeaderElection228] INFO  server.RaftServerConfigKeys (ConfUtils.java:logGet(43)) - raft.server.log.appender.buffer.byte-limit = 33554432 (custom)
2019-09-25 05:32:01,141 [a58d7528-614e-4c39-a3a3-38beaa9905aa@group-43825EC81F5D:LeaderElection228] INFO  server.RaftServerConfigKeys (ConfUtils.java:logGet(43)) - raft.server.log.appender.buffer.element-limit = 1 (custom)
2019-09-25 05:32:01,141 [a58d7528-614e-4c39-a3a3-38beaa9905aa@group-43825EC81F5D:LeaderElection228] INFO  grpc.GrpcConfigKeys$Server (ConfUtils.java:logGet(43)) - raft.grpc.server.leader.outstanding.appends.max = 128 (default)
2019-09-25 05:32:01,141 [a58d7528-614e-4c39-a3a3-38beaa9905aa@group-43825EC81F5D:LeaderElection228] INFO  server.RaftServerConfigKeys (ConfUtils.java:logGet(43)) - raft.server.rpc.request.timeout = 3000ms (default)
2019-09-25 05:32:01,142 [a58d7528-614e-4c39-a3a3-38beaa9905aa@group-43825EC81F5D:LeaderElection228] INFO  server.RaftServerConfigKeys (ConfUtils.java:logGet(43)) - raft.server.log.appender.install.snapshot.enabled = false (custom)
2019-09-25 05:32:01,142 [a58d7528-614e-4c39-a3a3-38beaa9905aa@group-43825EC81F5D:LeaderElection228] INFO  impl.RoleInfo (RoleInfo.java:updateAndGet(143)) - a58d7528-614e-4c39-a3a3-38beaa9905aa: start LeaderState
2019-09-25 05:32:01,142 [a58d7528-614e-4c39-a3a3-38beaa9905aa@group-43825EC81F5D:LeaderElection228] INFO  segmented.SegmentedRaftLogWorker (SegmentedRaftLogWorker.java:startLogSegment(380)) - a58d7528-614e-4c39-a3a3-38beaa9905aa@group-43825EC81F5D-SegmentedRaftLogWorker: Starting segment from index:0
2019-09-25 05:32:01,142 [grpc-default-executor-0] INFO  impl.RaftServerImpl (ServerState.java:setRaftConf(354)) - a58d7528-614e-4c39-a3a3-38beaa9905aa@group-0EC8D23D101B: set configuration 0: [a58d7528-614e-4c39-a3a3-38beaa9905aa:192.168.36.126:37942, f9c12371-c091-4b4a-8db2-6f0db97bbab3:192.168.36.126:46560, ce8ac917-2646-4112-adf7-d577593fabcb:192.168.36.126:37960], old=null at 0
2019-09-25 05:32:01,142 [grpc-default-executor-4] INFO  impl.RaftServerImpl (ServerState.java:setRaftConf(354)) - a58d7528-614e-4c39-a3a3-38beaa9905aa@group-AEFF648B0F59: set configuration 0: [a58d7528-614e-4c39-a3a3-38beaa9905aa:192.168.36.126:37942, f9c12371-c091-4b4a-8db2-6f0db97bbab3:192.168.36.126:46560, ce8ac917-2646-4112-adf7-d577593fabcb:192.168.36.126:37960], old=null at 0
2019-09-25 05:32:01,143 [grpc-default-executor-0] INFO  segmented.SegmentedRaftLogWorker (SegmentedRaftLogWorker.java:startLogSegment(380)) - a58d7528-614e-4c39-a3a3-38beaa9905aa@group-0EC8D23D101B-SegmentedRaftLogWorker: Starting segment from index:0
2019-09-25 05:32:01,143 [a58d7528-614e-4c39-a3a3-38beaa9905aa@group-43825EC81F5D:LeaderElection228] INFO  impl.RaftServerImpl (ServerState.java:setRaftConf(354)) - a58d7528-614e-4c39-a3a3-38beaa9905aa@group-43825EC81F5D: set configuration 0: [a58d7528-614e-4c39-a3a3-38beaa9905aa:192.168.36.126:37942, f9c12371-c091-4b4a-8db2-6f0db97bbab3:192.168.36.126:46560, ce8ac917-2646-4112-adf7-d577593fabcb:192.168.36.126:37960], old=null at 0
2019-09-25 05:32:01,143 [grpc-default-executor-4] INFO  segmented.SegmentedRaftLogWorker (SegmentedRaftLogWorker.java:startLogSegment(380)) - a58d7528-614e-4c39-a3a3-38beaa9905aa@group-AEFF648B0F59-SegmentedRaftLogWorker: Starting segment from index:0
2019-09-25 05:32:01,143 [grpc-default-executor-2] WARN  server.GrpcLogAppender (LogUtils.java:warn(134)) - a58d7528-614e-4c39-a3a3-38beaa9905aa@group-43825EC81F5D->ce8ac917-2646-4112-adf7-d577593fabcb-AppendLogResponseHandler: Failed appendEntries: org.apache.ratis.thirdparty.io.grpc.StatusRuntimeException: UNAVAILABLE: io exception
2019-09-25 05:32:01,144 [grpc-default-executor-2] INFO  impl.FollowerInfo (FollowerInfo.java:lambda$new$0(51)) - a58d7528-614e-4c39-a3a3-38beaa9905aa@group-43825EC81F5D->ce8ac917-2646-4112-adf7-d577593fabcb: nextIndex: updateUnconditionally 0 -> 0
2019-09-25 05:32:01,144 [grpc-default-executor-2] INFO  impl.RaftServerImpl (ServerState.java:setLeader(253)) - f9c12371-c091-4b4a-8db2-6f0db97bbab3@group-43825EC81F5D: change Leader from null to a58d7528-614e-4c39-a3a3-38beaa9905aa at term 12 for appendEntries, leader elected after 17745ms
2019-09-25 05:32:01,147 [grpc-default-executor-2] INFO  impl.RaftServerImpl (ServerState.java:setRaftConf(354)) - f9c12371-c091-4b4a-8db2-6f0db97bbab3@group-43825EC81F5D: set configuration 0: [a58d7528-614e-4c39-a3a3-38beaa9905aa:192.168.36.126:37942, f9c12371-c091-4b4a-8db2-6f0db97bbab3:192.168.36.126:46560, ce8ac917-2646-4112-adf7-d577593fabcb:192.168.36.126:37960], old=null at 0
2019-09-25 05:32:01,147 [grpc-default-executor-2] INFO  segmented.SegmentedRaftLogWorker (SegmentedRaftLogWorker.java:startLogSegment(380)) - f9c12371-c091-4b4a-8db2-6f0db97bbab3@group-43825EC81F5D-SegmentedRaftLogWorker: Starting segment from index:0
2019-09-25 05:32:01,183 [Thread-1278] INFO  impl.FollowerState (FollowerState.java:run(106)) - 5c3318fc-c419-4298-b427-bf5a9ca27bf0:group-21C2C432FD88 changes to CANDIDATE, lastRpcTime:1214, electionTimeout:1183ms
2019-09-25 05:32:01,183 [Thread-1283] INFO  impl.FollowerState (FollowerState.java:run(106)) - 616f9f8f-9479-40f4-8c03-f125dcbf9c7f:group-60724A24602F changes to CANDIDATE, lastRpcTime:1210, electionTimeout:1199ms
2019-09-25 05:32:01,184 [Thread-1278] INFO  impl.RoleInfo (RoleInfo.java:shutdownFollowerState(121)) - 5c3318fc-c419-4298-b427-bf5a9ca27bf0: shutdown FollowerState
2019-09-25 05:32:01,184 [Thread-1283] INFO  impl.RoleInfo (RoleInfo.java:shutdownFollowerState(121)) - 616f9f8f-9479-40f4-8c03-f125dcbf9c7f: shutdown FollowerState
2019-09-25 05:32:01,184 [Thread-1278] INFO  impl.RaftServerImpl (RaftServerImpl.java:setRole(174)) - 5c3318fc-c419-4298-b427-bf5a9ca27bf0@group-21C2C432FD88: changes role from  FOLLOWER to CANDIDATE at term 18 for changeToCandidate
2019-09-25 05:32:01,184 [Thread-1283] INFO  impl.RaftServerImpl (RaftServerImpl.java:setRole(174)) - 616f9f8f-9479-40f4-8c03-f125dcbf9c7f@group-60724A24602F: changes role from  FOLLOWER to CANDIDATE at term 17 for changeToCandidate
2019-09-25 05:32:01,184 [Thread-1278] INFO  impl.RoleInfo (RoleInfo.java:updateAndGet(143)) - 5c3318fc-c419-4298-b427-bf5a9ca27bf0: start LeaderElection
2019-09-25 05:32:01,184 [Thread-1283] INFO  impl.RoleInfo (RoleInfo.java:updateAndGet(143)) - 616f9f8f-9479-40f4-8c03-f125dcbf9c7f: start LeaderElection
2019-09-25 05:32:01,186 [grpc-default-executor-5] WARN  server.GrpcLogAppender (LogUtils.java:warn(134)) - f9c12371-c091-4b4a-8db2-6f0db97bbab3@group-0EC8D23D101B->ce8ac917-2646-4112-adf7-d577593fabcb-AppendLogResponseHandler: Failed appendEntries: org.apache.ratis.thirdparty.io.grpc.StatusRuntimeException: UNAVAILABLE: io exception
2019-09-25 05:32:01,186 [grpc-default-executor-2] WARN  server.GrpcLogAppender (LogUtils.java:warn(134)) - f9c12371-c091-4b4a-8db2-6f0db97bbab3@group-AEFF648B0F59->ce8ac917-2646-4112-adf7-d577593fabcb-AppendLogResponseHandler: Failed appendEntries: org.apache.ratis.thirdparty.io.grpc.StatusRuntimeException: UNAVAILABLE: io exception
2019-09-25 05:32:01,186 [grpc-default-executor-5] INFO  impl.FollowerInfo (FollowerInfo.java:lambda$new$0(51)) - f9c12371-c091-4b4a-8db2-6f0db97bbab3@group-0EC8D23D101B->ce8ac917-2646-4112-adf7-d577593fabcb: nextIndex: updateUnconditionally 1 -> 0
2019-09-25 05:32:01,186 [grpc-default-executor-2] INFO  impl.FollowerInfo (FollowerInfo.java:lambda$new$0(51)) - f9c12371-c091-4b4a-8db2-6f0db97bbab3@group-AEFF648B0F59->ce8ac917-2646-4112-adf7-d577593fabcb: nextIndex: updateUnconditionally 1 -> 0
2019-09-25 05:32:01,227 [a58d7528-614e-4c39-a3a3-38beaa9905aa@group-0EC8D23D101B-SegmentedRaftLogWorker] INFO  segmented.SegmentedRaftLogWorker (SegmentedRaftLogWorker.java:execute(569)) - a58d7528-614e-4c39-a3a3-38beaa9905aa@group-0EC8D23D101B-SegmentedRaftLogWorker: created new log segment /workdir/hadoop-ozone/integration-test/target/test-dir/MiniOzoneClusterImpl-cea1adf1-e11b-40bf-86cb-fb3b2d854ef9/datanode-9/data/ratis/5a3160c6-a359-4f52-af3b-0ec8d23d101b/current/log_inprogress_0
2019-09-25 05:32:01,227 [a58d7528-614e-4c39-a3a3-38beaa9905aa@group-43825EC81F5D-SegmentedRaftLogWorker] INFO  segmented.SegmentedRaftLogWorker (SegmentedRaftLogWorker.java:execute(569)) - a58d7528-614e-4c39-a3a3-38beaa9905aa@group-43825EC81F5D-SegmentedRaftLogWorker: created new log segment /workdir/hadoop-ozone/integration-test/target/test-dir/MiniOzoneClusterImpl-cea1adf1-e11b-40bf-86cb-fb3b2d854ef9/datanode-9/data/ratis/cbb96aa8-2399-4d05-b930-43825ec81f5d/current/log_inprogress_0
2019-09-25 05:32:01,227 [a58d7528-614e-4c39-a3a3-38beaa9905aa@group-AEFF648B0F59-SegmentedRaftLogWorker] INFO  segmented.SegmentedRaftLogWorker (SegmentedRaftLogWorker.java:execute(569)) - a58d7528-614e-4c39-a3a3-38beaa9905aa@group-AEFF648B0F59-SegmentedRaftLogWorker: created new log segment /workdir/hadoop-ozone/integration-test/target/test-dir/MiniOzoneClusterImpl-cea1adf1-e11b-40bf-86cb-fb3b2d854ef9/datanode-9/data/ratis/49b4a0c9-626a-4270-a299-aeff648b0f59/current/log_inprogress_0
2019-09-25 05:32:01,236 [5c3318fc-c419-4298-b427-bf5a9ca27bf0@group-21C2C432FD88:LeaderElection229] INFO  impl.LeaderElection (LeaderElection.java:askForVotes(182)) - 5c3318fc-c419-4298-b427-bf5a9ca27bf0@group-21C2C432FD88:LeaderElection229: begin an election at term 19 for -1: [5c3318fc-c419-4298-b427-bf5a9ca27bf0:192.168.36.126:46795, 61946a22-29ed-4e77-8449-fae4cd9869e9:192.168.36.126:36814, 0d4a37ed-4cec-423a-a360-e4a879eb6bc0:192.168.36.126:37817], old=null
2019-09-25 05:32:01,236 [616f9f8f-9479-40f4-8c03-f125dcbf9c7f@group-60724A24602F:LeaderElection230] INFO  impl.LeaderElection (LeaderElection.java:askForVotes(182)) - 616f9f8f-9479-40f4-8c03-f125dcbf9c7f@group-60724A24602F:LeaderElection230: begin an election at term 18 for -1: [616f9f8f-9479-40f4-8c03-f125dcbf9c7f:192.168.36.126:39694, e997a993-6131-47bf-96c8-764e04cb5c0e:192.168.36.126:37678, fd2f3f79-5d7b-4d37-bb24-b15dfe7f18d7:192.168.36.126:42280], old=null
2019-09-25 05:32:01,237 [616f9f8f-9479-40f4-8c03-f125dcbf9c7f@group-60724A24602F:LeaderElection230] INFO  impl.LeaderElection (LogUtils.java:infoOrTrace(149)) - 616f9f8f-9479-40f4-8c03-f125dcbf9c7f@group-60724A24602F:LeaderElection230 got exception when requesting votes: {}
java.util.concurrent.ExecutionException: org.apache.ratis.thirdparty.io.grpc.StatusRuntimeException: UNAVAILABLE: io exception
	at java.util.concurrent.FutureTask.report(FutureTask.java:122)
	at java.util.concurrent.FutureTask.get(FutureTask.java:192)
	at org.apache.ratis.server.impl.LeaderElection.waitForResults(LeaderElection.java:263)
	at org.apache.ratis.server.impl.LeaderElection.askForVotes(LeaderElection.java:201)
	at org.apache.ratis.server.impl.LeaderElection.run(LeaderElection.java:133)
	at java.lang.Thread.run(Thread.java:748)
Caused by: org.apache.ratis.thirdparty.io.grpc.StatusRuntimeException: UNAVAILABLE: io exception
	at org.apache.ratis.thirdparty.io.grpc.stub.ClientCalls.toStatusRuntimeException(ClientCalls.java:233)
	at org.apache.ratis.thirdparty.io.grpc.stub.ClientCalls.getUnchecked(ClientCalls.java:214)
	at org.apache.ratis.thirdparty.io.grpc.stub.ClientCalls.blockingUnaryCall(ClientCalls.java:139)
	at org.apache.ratis.proto.grpc.RaftServerProtocolServiceGrpc$RaftServerProtocolServiceBlockingStub.requestVote(RaftServerProtocolServiceGrpc.java:265)
	at org.apache.ratis.grpc.server.GrpcServerProtocolClient.requestVote(GrpcServerProtocolClient.java:90)
	at org.apache.ratis.grpc.server.GrpcService.requestVote(GrpcService.java:204)
	at org.apache.ratis.server.impl.LeaderElection.lambda$submitRequests$1(LeaderElection.java:238)
	at java.util.concurrent.FutureTask.run(FutureTask.java:266)
	at java.util.concurrent.Executors$RunnableAdapter.call(Executors.java:511)
	at java.util.concurrent.FutureTask.run(FutureTask.java:266)
	at java.util.concurrent.ThreadPoolExecutor.runWorker(ThreadPoolExecutor.java:1149)
	at java.util.concurrent.ThreadPoolExecutor$Worker.run(ThreadPoolExecutor.java:624)
	... 1 more
Caused by: org.apache.ratis.thirdparty.io.netty.channel.AbstractChannel$AnnotatedConnectException: Connection refused: /192.168.36.126:37678
	at sun.nio.ch.SocketChannelImpl.checkConnect(Native Method)
	at sun.nio.ch.SocketChannelImpl.finishConnect(SocketChannelImpl.java:717)
	at org.apache.ratis.thirdparty.io.netty.channel.socket.nio.NioSocketChannel.doFinishConnect(NioSocketChannel.java:327)
	at org.apache.ratis.thirdparty.io.netty.channel.nio.AbstractNioChannel$AbstractNioUnsafe.finishConnect(AbstractNioChannel.java:340)
	at org.apache.ratis.thirdparty.io.netty.channel.nio.NioEventLoop.processSelectedKey(NioEventLoop.java:632)
	at org.apache.ratis.thirdparty.io.netty.channel.nio.NioEventLoop.processSelectedKeysOptimized(NioEventLoop.java:579)
	at org.apache.ratis.thirdparty.io.netty.channel.nio.NioEventLoop.processSelectedKeys(NioEventLoop.java:496)
	at org.apache.ratis.thirdparty.io.netty.channel.nio.NioEventLoop.run(NioEventLoop.java:458)
	at org.apache.ratis.thirdparty.io.netty.util.concurrent.SingleThreadEventExecutor$5.run(SingleThreadEventExecutor.java:897)
	at org.apache.ratis.thirdparty.io.netty.util.concurrent.FastThreadLocalRunnable.run(FastThreadLocalRunnable.java:30)
	... 1 more
Caused by: java.net.ConnectException: Connection refused
	... 11 more
2019-09-25 05:32:01,237 [5c3318fc-c419-4298-b427-bf5a9ca27bf0@group-21C2C432FD88:LeaderElection229] INFO  impl.LeaderElection (LogUtils.java:infoOrTrace(149)) - 5c3318fc-c419-4298-b427-bf5a9ca27bf0@group-21C2C432FD88:LeaderElection229 got exception when requesting votes: {}
java.util.concurrent.ExecutionException: org.apache.ratis.thirdparty.io.grpc.StatusRuntimeException: UNAVAILABLE: io exception
	at java.util.concurrent.FutureTask.report(FutureTask.java:122)
	at java.util.concurrent.FutureTask.get(FutureTask.java:192)
	at org.apache.ratis.server.impl.LeaderElection.waitForResults(LeaderElection.java:263)
	at org.apache.ratis.server.impl.LeaderElection.askForVotes(LeaderElection.java:201)
	at org.apache.ratis.server.impl.LeaderElection.run(LeaderElection.java:133)
	at java.lang.Thread.run(Thread.java:748)
Caused by: org.apache.ratis.thirdparty.io.grpc.StatusRuntimeException: UNAVAILABLE: io exception
	at org.apache.ratis.thirdparty.io.grpc.stub.ClientCalls.toStatusRuntimeException(ClientCalls.java:233)
	at org.apache.ratis.thirdparty.io.grpc.stub.ClientCalls.getUnchecked(ClientCalls.java:214)
	at org.apache.ratis.thirdparty.io.grpc.stub.ClientCalls.blockingUnaryCall(ClientCalls.java:139)
	at org.apache.ratis.proto.grpc.RaftServerProtocolServiceGrpc$RaftServerProtocolServiceBlockingStub.requestVote(RaftServerProtocolServiceGrpc.java:265)
	at org.apache.ratis.grpc.server.GrpcServerProtocolClient.requestVote(GrpcServerProtocolClient.java:90)
	at org.apache.ratis.grpc.server.GrpcService.requestVote(GrpcService.java:204)
	at org.apache.ratis.server.impl.LeaderElection.lambda$submitRequests$1(LeaderElection.java:238)
	at java.util.concurrent.FutureTask.run(FutureTask.java:266)
	at java.util.concurrent.Executors$RunnableAdapter.call(Executors.java:511)
	at java.util.concurrent.FutureTask.run(FutureTask.java:266)
	at java.util.concurrent.ThreadPoolExecutor.runWorker(ThreadPoolExecutor.java:1149)
	at java.util.concurrent.ThreadPoolExecutor$Worker.run(ThreadPoolExecutor.java:624)
	... 1 more
Caused by: org.apache.ratis.thirdparty.io.netty.channel.AbstractChannel$AnnotatedConnectException: Connection refused: /192.168.36.126:36814
	at sun.nio.ch.SocketChannelImpl.checkConnect(Native Method)
	at sun.nio.ch.SocketChannelImpl.finishConnect(SocketChannelImpl.java:717)
	at org.apache.ratis.thirdparty.io.netty.channel.socket.nio.NioSocketChannel.doFinishConnect(NioSocketChannel.java:327)
	at org.apache.ratis.thirdparty.io.netty.channel.nio.AbstractNioChannel$AbstractNioUnsafe.finishConnect(AbstractNioChannel.java:340)
	at org.apache.ratis.thirdparty.io.netty.channel.nio.NioEventLoop.processSelectedKey(NioEventLoop.java:632)
	at org.apache.ratis.thirdparty.io.netty.channel.nio.NioEventLoop.processSelectedKeysOptimized(NioEventLoop.java:579)
	at org.apache.ratis.thirdparty.io.netty.channel.nio.NioEventLoop.processSelectedKeys(NioEventLoop.java:496)
	at org.apache.ratis.thirdparty.io.netty.channel.nio.NioEventLoop.run(NioEventLoop.java:458)
	at org.apache.ratis.thirdparty.io.netty.util.concurrent.SingleThreadEventExecutor$5.run(SingleThreadEventExecutor.java:897)
	at org.apache.ratis.thirdparty.io.netty.util.concurrent.FastThreadLocalRunnable.run(FastThreadLocalRunnable.java:30)
	... 1 more
Caused by: java.net.ConnectException: Connection refused
	... 11 more
2019-09-25 05:32:01,238 [616f9f8f-9479-40f4-8c03-f125dcbf9c7f@group-60724A24602F:LeaderElection230] INFO  impl.LeaderElection (LogUtils.java:infoOrTrace(149)) - 616f9f8f-9479-40f4-8c03-f125dcbf9c7f@group-60724A24602F:LeaderElection230 got exception when requesting votes: {}
java.util.concurrent.ExecutionException: org.apache.ratis.thirdparty.io.grpc.StatusRuntimeException: UNAVAILABLE: io exception
	at java.util.concurrent.FutureTask.report(FutureTask.java:122)
	at java.util.concurrent.FutureTask.get(FutureTask.java:192)
	at org.apache.ratis.server.impl.LeaderElection.waitForResults(LeaderElection.java:263)
	at org.apache.ratis.server.impl.LeaderElection.askForVotes(LeaderElection.java:201)
	at org.apache.ratis.server.impl.LeaderElection.run(LeaderElection.java:133)
	at java.lang.Thread.run(Thread.java:748)
Caused by: org.apache.ratis.thirdparty.io.grpc.StatusRuntimeException: UNAVAILABLE: io exception
	at org.apache.ratis.thirdparty.io.grpc.stub.ClientCalls.toStatusRuntimeException(ClientCalls.java:233)
	at org.apache.ratis.thirdparty.io.grpc.stub.ClientCalls.getUnchecked(ClientCalls.java:214)
	at org.apache.ratis.thirdparty.io.grpc.stub.ClientCalls.blockingUnaryCall(ClientCalls.java:139)
	at org.apache.ratis.proto.grpc.RaftServerProtocolServiceGrpc$RaftServerProtocolServiceBlockingStub.requestVote(RaftServerProtocolServiceGrpc.java:265)
	at org.apache.ratis.grpc.server.GrpcServerProtocolClient.requestVote(GrpcServerProtocolClient.java:90)
	at org.apache.ratis.grpc.server.GrpcService.requestVote(GrpcService.java:204)
	at org.apache.ratis.server.impl.LeaderElection.lambda$submitRequests$1(LeaderElection.java:238)
	at java.util.concurrent.FutureTask.run(FutureTask.java:266)
	at java.util.concurrent.Executors$RunnableAdapter.call(Executors.java:511)
	at java.util.concurrent.FutureTask.run(FutureTask.java:266)
	at java.util.concurrent.ThreadPoolExecutor.runWorker(ThreadPoolExecutor.java:1149)
	at java.util.concurrent.ThreadPoolExecutor$Worker.run(ThreadPoolExecutor.java:624)
	... 1 more
Caused by: org.apache.ratis.thirdparty.io.netty.channel.AbstractChannel$AnnotatedConnectException: Connection refused: /192.168.36.126:42280
	at sun.nio.ch.SocketChannelImpl.checkConnect(Native Method)
	at sun.nio.ch.SocketChannelImpl.finishConnect(SocketChannelImpl.java:717)
	at org.apache.ratis.thirdparty.io.netty.channel.socket.nio.NioSocketChannel.doFinishConnect(NioSocketChannel.java:327)
	at org.apache.ratis.thirdparty.io.netty.channel.nio.AbstractNioChannel$AbstractNioUnsafe.finishConnect(AbstractNioChannel.java:340)
	at org.apache.ratis.thirdparty.io.netty.channel.nio.NioEventLoop.processSelectedKey(NioEventLoop.java:632)
	at org.apache.ratis.thirdparty.io.netty.channel.nio.NioEventLoop.processSelectedKeysOptimized(NioEventLoop.java:579)
	at org.apache.ratis.thirdparty.io.netty.channel.nio.NioEventLoop.processSelectedKeys(NioEventLoop.java:496)
	at org.apache.ratis.thirdparty.io.netty.channel.nio.NioEventLoop.run(NioEventLoop.java:458)
	at org.apache.ratis.thirdparty.io.netty.util.concurrent.SingleThreadEventExecutor$5.run(SingleThreadEventExecutor.java:897)
	at org.apache.ratis.thirdparty.io.netty.util.concurrent.FastThreadLocalRunnable.run(FastThreadLocalRunnable.java:30)
	... 1 more
Caused by: java.net.ConnectException: Connection refused
	... 11 more
2019-09-25 05:32:01,238 [5c3318fc-c419-4298-b427-bf5a9ca27bf0@group-21C2C432FD88:LeaderElection229] INFO  impl.LeaderElection (LogUtils.java:infoOrTrace(149)) - 5c3318fc-c419-4298-b427-bf5a9ca27bf0@group-21C2C432FD88:LeaderElection229 got exception when requesting votes: {}
java.util.concurrent.ExecutionException: org.apache.ratis.thirdparty.io.grpc.StatusRuntimeException: UNAVAILABLE: io exception
	at java.util.concurrent.FutureTask.report(FutureTask.java:122)
	at java.util.concurrent.FutureTask.get(FutureTask.java:192)
	at org.apache.ratis.server.impl.LeaderElection.waitForResults(LeaderElection.java:263)
	at org.apache.ratis.server.impl.LeaderElection.askForVotes(LeaderElection.java:201)
	at org.apache.ratis.server.impl.LeaderElection.run(LeaderElection.java:133)
	at java.lang.Thread.run(Thread.java:748)
Caused by: org.apache.ratis.thirdparty.io.grpc.StatusRuntimeException: UNAVAILABLE: io exception
	at org.apache.ratis.thirdparty.io.grpc.stub.ClientCalls.toStatusRuntimeException(ClientCalls.java:233)
	at org.apache.ratis.thirdparty.io.grpc.stub.ClientCalls.getUnchecked(ClientCalls.java:214)
	at org.apache.ratis.thirdparty.io.grpc.stub.ClientCalls.blockingUnaryCall(ClientCalls.java:139)
	at org.apache.ratis.proto.grpc.RaftServerProtocolServiceGrpc$RaftServerProtocolServiceBlockingStub.requestVote(RaftServerProtocolServiceGrpc.java:265)
	at org.apache.ratis.grpc.server.GrpcServerProtocolClient.requestVote(GrpcServerProtocolClient.java:90)
	at org.apache.ratis.grpc.server.GrpcService.requestVote(GrpcService.java:204)
	at org.apache.ratis.server.impl.LeaderElection.lambda$submitRequests$1(LeaderElection.java:238)
	at java.util.concurrent.FutureTask.run(FutureTask.java:266)
	at java.util.concurrent.Executors$RunnableAdapter.call(Executors.java:511)
	at java.util.concurrent.FutureTask.run(FutureTask.java:266)
	at java.util.concurrent.ThreadPoolExecutor.runWorker(ThreadPoolExecutor.java:1149)
	at java.util.concurrent.ThreadPoolExecutor$Worker.run(ThreadPoolExecutor.java:624)
	... 1 more
Caused by: org.apache.ratis.thirdparty.io.netty.channel.AbstractChannel$AnnotatedConnectException: Connection refused: /192.168.36.126:37817
	at sun.nio.ch.SocketChannelImpl.checkConnect(Native Method)
	at sun.nio.ch.SocketChannelImpl.finishConnect(SocketChannelImpl.java:717)
	at org.apache.ratis.thirdparty.io.netty.channel.socket.nio.NioSocketChannel.doFinishConnect(NioSocketChannel.java:327)
	at org.apache.ratis.thirdparty.io.netty.channel.nio.AbstractNioChannel$AbstractNioUnsafe.finishConnect(AbstractNioChannel.java:340)
	at org.apache.ratis.thirdparty.io.netty.channel.nio.NioEventLoop.processSelectedKey(NioEventLoop.java:632)
	at org.apache.ratis.thirdparty.io.netty.channel.nio.NioEventLoop.processSelectedKeysOptimized(NioEventLoop.java:579)
	at org.apache.ratis.thirdparty.io.netty.channel.nio.NioEventLoop.processSelectedKeys(NioEventLoop.java:496)
	at org.apache.ratis.thirdparty.io.netty.channel.nio.NioEventLoop.run(NioEventLoop.java:458)
	at org.apache.ratis.thirdparty.io.netty.util.concurrent.SingleThreadEventExecutor$5.run(SingleThreadEventExecutor.java:897)
	at org.apache.ratis.thirdparty.io.netty.util.concurrent.FastThreadLocalRunnable.run(FastThreadLocalRunnable.java:30)
	... 1 more
Caused by: java.net.ConnectException: Connection refused
	... 11 more
2019-09-25 05:32:01,238 [616f9f8f-9479-40f4-8c03-f125dcbf9c7f@group-60724A24602F:LeaderElection230] INFO  impl.LeaderElection (LeaderElection.java:logAndReturn(56)) - 616f9f8f-9479-40f4-8c03-f125dcbf9c7f@group-60724A24602F:LeaderElection230: Election REJECTED; received 0 response(s) [] and 2 exception(s); 616f9f8f-9479-40f4-8c03-f125dcbf9c7f@group-60724A24602F:t18, leader=null, voted=616f9f8f-9479-40f4-8c03-f125dcbf9c7f, raftlog=616f9f8f-9479-40f4-8c03-f125dcbf9c7f@group-60724A24602F-SegmentedRaftLog:OPENED:c-1,f-1,i0, conf=-1: [616f9f8f-9479-40f4-8c03-f125dcbf9c7f:192.168.36.126:39694, e997a993-6131-47bf-96c8-764e04cb5c0e:192.168.36.126:37678, fd2f3f79-5d7b-4d37-bb24-b15dfe7f18d7:192.168.36.126:42280], old=null
2019-09-25 05:32:01,238 [5c3318fc-c419-4298-b427-bf5a9ca27bf0@group-21C2C432FD88:LeaderElection229] INFO  impl.LeaderElection (LeaderElection.java:logAndReturn(56)) - 5c3318fc-c419-4298-b427-bf5a9ca27bf0@group-21C2C432FD88:LeaderElection229: Election REJECTED; received 0 response(s) [] and 2 exception(s); 5c3318fc-c419-4298-b427-bf5a9ca27bf0@group-21C2C432FD88:t19, leader=null, voted=5c3318fc-c419-4298-b427-bf5a9ca27bf0, raftlog=5c3318fc-c419-4298-b427-bf5a9ca27bf0@group-21C2C432FD88-SegmentedRaftLog:OPENED:c-1,f-1,i0, conf=-1: [5c3318fc-c419-4298-b427-bf5a9ca27bf0:192.168.36.126:46795, 61946a22-29ed-4e77-8449-fae4cd9869e9:192.168.36.126:36814, 0d4a37ed-4cec-423a-a360-e4a879eb6bc0:192.168.36.126:37817], old=null
2019-09-25 05:32:01,238 [616f9f8f-9479-40f4-8c03-f125dcbf9c7f@group-60724A24602F:LeaderElection230] INFO  impl.LeaderElection (LogUtils.java:infoOrTrace(149)) -   Exception 0: {}
java.util.concurrent.ExecutionException: org.apache.ratis.thirdparty.io.grpc.StatusRuntimeException: UNAVAILABLE: io exception
	at java.util.concurrent.FutureTask.report(FutureTask.java:122)
	at java.util.concurrent.FutureTask.get(FutureTask.java:192)
	at org.apache.ratis.server.impl.LeaderElection.waitForResults(LeaderElection.java:263)
	at org.apache.ratis.server.impl.LeaderElection.askForVotes(LeaderElection.java:201)
	at org.apache.ratis.server.impl.LeaderElection.run(LeaderElection.java:133)
	at java.lang.Thread.run(Thread.java:748)
Caused by: org.apache.ratis.thirdparty.io.grpc.StatusRuntimeException: UNAVAILABLE: io exception
	at org.apache.ratis.thirdparty.io.grpc.stub.ClientCalls.toStatusRuntimeException(ClientCalls.java:233)
	at org.apache.ratis.thirdparty.io.grpc.stub.ClientCalls.getUnchecked(ClientCalls.java:214)
	at org.apache.ratis.thirdparty.io.grpc.stub.ClientCalls.blockingUnaryCall(ClientCalls.java:139)
	at org.apache.ratis.proto.grpc.RaftServerProtocolServiceGrpc$RaftServerProtocolServiceBlockingStub.requestVote(RaftServerProtocolServiceGrpc.java:265)
	at org.apache.ratis.grpc.server.GrpcServerProtocolClient.requestVote(GrpcServerProtocolClient.java:90)
	at org.apache.ratis.grpc.server.GrpcService.requestVote(GrpcService.java:204)
	at org.apache.ratis.server.impl.LeaderElection.lambda$submitRequests$1(LeaderElection.java:238)
	at java.util.concurrent.FutureTask.run(FutureTask.java:266)
	at java.util.concurrent.Executors$RunnableAdapter.call(Executors.java:511)
	at java.util.concurrent.FutureTask.run(FutureTask.java:266)
	at java.util.concurrent.ThreadPoolExecutor.runWorker(ThreadPoolExecutor.java:1149)
	at java.util.concurrent.ThreadPoolExecutor$Worker.run(ThreadPoolExecutor.java:624)
	... 1 more
Caused by: org.apache.ratis.thirdparty.io.netty.channel.AbstractChannel$AnnotatedConnectException: Connection refused: /192.168.36.126:37678
	at sun.nio.ch.SocketChannelImpl.checkConnect(Native Method)
	at sun.nio.ch.SocketChannelImpl.finishConnect(SocketChannelImpl.java:717)
	at org.apache.ratis.thirdparty.io.netty.channel.socket.nio.NioSocketChannel.doFinishConnect(NioSocketChannel.java:327)
	at org.apache.ratis.thirdparty.io.netty.channel.nio.AbstractNioChannel$AbstractNioUnsafe.finishConnect(AbstractNioChannel.java:340)
	at org.apache.ratis.thirdparty.io.netty.channel.nio.NioEventLoop.processSelectedKey(NioEventLoop.java:632)
	at org.apache.ratis.thirdparty.io.netty.channel.nio.NioEventLoop.processSelectedKeysOptimized(NioEventLoop.java:579)
	at org.apache.ratis.thirdparty.io.netty.channel.nio.NioEventLoop.processSelectedKeys(NioEventLoop.java:496)
	at org.apache.ratis.thirdparty.io.netty.channel.nio.NioEventLoop.run(NioEventLoop.java:458)
	at org.apache.ratis.thirdparty.io.netty.util.concurrent.SingleThreadEventExecutor$5.run(SingleThreadEventExecutor.java:897)
	at org.apache.ratis.thirdparty.io.netty.util.concurrent.FastThreadLocalRunnable.run(FastThreadLocalRunnable.java:30)
	... 1 more
Caused by: java.net.ConnectException: Connection refused
	... 11 more
2019-09-25 05:32:01,239 [5c3318fc-c419-4298-b427-bf5a9ca27bf0@group-21C2C432FD88:LeaderElection229] INFO  impl.LeaderElection (LogUtils.java:infoOrTrace(149)) -   Exception 0: {}
java.util.concurrent.ExecutionException: org.apache.ratis.thirdparty.io.grpc.StatusRuntimeException: UNAVAILABLE: io exception
	at java.util.concurrent.FutureTask.report(FutureTask.java:122)
	at java.util.concurrent.FutureTask.get(FutureTask.java:192)
	at org.apache.ratis.server.impl.LeaderElection.waitForResults(LeaderElection.java:263)
	at org.apache.ratis.server.impl.LeaderElection.askForVotes(LeaderElection.java:201)
	at org.apache.ratis.server.impl.LeaderElection.run(LeaderElection.java:133)
	at java.lang.Thread.run(Thread.java:748)
Caused by: org.apache.ratis.thirdparty.io.grpc.StatusRuntimeException: UNAVAILABLE: io exception
	at org.apache.ratis.thirdparty.io.grpc.stub.ClientCalls.toStatusRuntimeException(ClientCalls.java:233)
	at org.apache.ratis.thirdparty.io.grpc.stub.ClientCalls.getUnchecked(ClientCalls.java:214)
	at org.apache.ratis.thirdparty.io.grpc.stub.ClientCalls.blockingUnaryCall(ClientCalls.java:139)
	at org.apache.ratis.proto.grpc.RaftServerProtocolServiceGrpc$RaftServerProtocolServiceBlockingStub.requestVote(RaftServerProtocolServiceGrpc.java:265)
	at org.apache.ratis.grpc.server.GrpcServerProtocolClient.requestVote(GrpcServerProtocolClient.java:90)
	at org.apache.ratis.grpc.server.GrpcService.requestVote(GrpcService.java:204)
	at org.apache.ratis.server.impl.LeaderElection.lambda$submitRequests$1(LeaderElection.java:238)
	at java.util.concurrent.FutureTask.run(FutureTask.java:266)
	at java.util.concurrent.Executors$RunnableAdapter.call(Executors.java:511)
	at java.util.concurrent.FutureTask.run(FutureTask.java:266)
	at java.util.concurrent.ThreadPoolExecutor.runWorker(ThreadPoolExecutor.java:1149)
	at java.util.concurrent.ThreadPoolExecutor$Worker.run(ThreadPoolExecutor.java:624)
	... 1 more
Caused by: org.apache.ratis.thirdparty.io.netty.channel.AbstractChannel$AnnotatedConnectException: Connection refused: /192.168.36.126:36814
	at sun.nio.ch.SocketChannelImpl.checkConnect(Native Method)
	at sun.nio.ch.SocketChannelImpl.finishConnect(SocketChannelImpl.java:717)
	at org.apache.ratis.thirdparty.io.netty.channel.socket.nio.NioSocketChannel.doFinishConnect(NioSocketChannel.java:327)
	at org.apache.ratis.thirdparty.io.netty.channel.nio.AbstractNioChannel$AbstractNioUnsafe.finishConnect(AbstractNioChannel.java:340)
	at org.apache.ratis.thirdparty.io.netty.channel.nio.NioEventLoop.processSelectedKey(NioEventLoop.java:632)
	at org.apache.ratis.thirdparty.io.netty.channel.nio.NioEventLoop.processSelectedKeysOptimized(NioEventLoop.java:579)
	at org.apache.ratis.thirdparty.io.netty.channel.nio.NioEventLoop.processSelectedKeys(NioEventLoop.java:496)
	at org.apache.ratis.thirdparty.io.netty.channel.nio.NioEventLoop.run(NioEventLoop.java:458)
	at org.apache.ratis.thirdparty.io.netty.util.concurrent.SingleThreadEventExecutor$5.run(SingleThreadEventExecutor.java:897)
	at org.apache.ratis.thirdparty.io.netty.util.concurrent.FastThreadLocalRunnable.run(FastThreadLocalRunnable.java:30)
	... 1 more
Caused by: java.net.ConnectException: Connection refused
	... 11 more
2019-09-25 05:32:01,239 [616f9f8f-9479-40f4-8c03-f125dcbf9c7f@group-60724A24602F:LeaderElection230] INFO  impl.LeaderElection (LogUtils.java:infoOrTrace(149)) -   Exception 1: {}
java.util.concurrent.ExecutionException: org.apache.ratis.thirdparty.io.grpc.StatusRuntimeException: UNAVAILABLE: io exception
	at java.util.concurrent.FutureTask.report(FutureTask.java:122)
	at java.util.concurrent.FutureTask.get(FutureTask.java:192)
	at org.apache.ratis.server.impl.LeaderElection.waitForResults(LeaderElection.java:263)
	at org.apache.ratis.server.impl.LeaderElection.askForVotes(LeaderElection.java:201)
	at org.apache.ratis.server.impl.LeaderElection.run(LeaderElection.java:133)
	at java.lang.Thread.run(Thread.java:748)
Caused by: org.apache.ratis.thirdparty.io.grpc.StatusRuntimeException: UNAVAILABLE: io exception
	at org.apache.ratis.thirdparty.io.grpc.stub.ClientCalls.toStatusRuntimeException(ClientCalls.java:233)
	at org.apache.ratis.thirdparty.io.grpc.stub.ClientCalls.getUnchecked(ClientCalls.java:214)
	at org.apache.ratis.thirdparty.io.grpc.stub.ClientCalls.blockingUnaryCall(ClientCalls.java:139)
	at org.apache.ratis.proto.grpc.RaftServerProtocolServiceGrpc$RaftServerProtocolServiceBlockingStub.requestVote(RaftServerProtocolServiceGrpc.java:265)
	at org.apache.ratis.grpc.server.GrpcServerProtocolClient.requestVote(GrpcServerProtocolClient.java:90)
	at org.apache.ratis.grpc.server.GrpcService.requestVote(GrpcService.java:204)
	at org.apache.ratis.server.impl.LeaderElection.lambda$submitRequests$1(LeaderElection.java:238)
	at java.util.concurrent.FutureTask.run(FutureTask.java:266)
	at java.util.concurrent.Executors$RunnableAdapter.call(Executors.java:511)
	at java.util.concurrent.FutureTask.run(FutureTask.java:266)
	at java.util.concurrent.ThreadPoolExecutor.runWorker(ThreadPoolExecutor.java:1149)
	at java.util.concurrent.ThreadPoolExecutor$Worker.run(ThreadPoolExecutor.java:624)
	... 1 more
Caused by: org.apache.ratis.thirdparty.io.netty.channel.AbstractChannel$AnnotatedConnectException: Connection refused: /192.168.36.126:42280
	at sun.nio.ch.SocketChannelImpl.checkConnect(Native Method)
	at sun.nio.ch.SocketChannelImpl.finishConnect(SocketChannelImpl.java:717)
	at org.apache.ratis.thirdparty.io.netty.channel.socket.nio.NioSocketChannel.doFinishConnect(NioSocketChannel.java:327)
	at org.apache.ratis.thirdparty.io.netty.channel.nio.AbstractNioChannel$AbstractNioUnsafe.finishConnect(AbstractNioChannel.java:340)
	at org.apache.ratis.thirdparty.io.netty.channel.nio.NioEventLoop.processSelectedKey(NioEventLoop.java:632)
	at org.apache.ratis.thirdparty.io.netty.channel.nio.NioEventLoop.processSelectedKeysOptimized(NioEventLoop.java:579)
	at org.apache.ratis.thirdparty.io.netty.channel.nio.NioEventLoop.processSelectedKeys(NioEventLoop.java:496)
	at org.apache.ratis.thirdparty.io.netty.channel.nio.NioEventLoop.run(NioEventLoop.java:458)
	at org.apache.ratis.thirdparty.io.netty.util.concurrent.SingleThreadEventExecutor$5.run(SingleThreadEventExecutor.java:897)
	at org.apache.ratis.thirdparty.io.netty.util.concurrent.FastThreadLocalRunnable.run(FastThreadLocalRunnable.java:30)
	... 1 more
Caused by: java.net.ConnectException: Connection refused
	... 11 more
2019-09-25 05:32:01,239 [5c3318fc-c419-4298-b427-bf5a9ca27bf0@group-21C2C432FD88:LeaderElection229] INFO  impl.LeaderElection (LogUtils.java:infoOrTrace(149)) -   Exception 1: {}
java.util.concurrent.ExecutionException: org.apache.ratis.thirdparty.io.grpc.StatusRuntimeException: UNAVAILABLE: io exception
	at java.util.concurrent.FutureTask.report(FutureTask.java:122)
	at java.util.concurrent.FutureTask.get(FutureTask.java:192)
	at org.apache.ratis.server.impl.LeaderElection.waitForResults(LeaderElection.java:263)
	at org.apache.ratis.server.impl.LeaderElection.askForVotes(LeaderElection.java:201)
	at org.apache.ratis.server.impl.LeaderElection.run(LeaderElection.java:133)
	at java.lang.Thread.run(Thread.java:748)
Caused by: org.apache.ratis.thirdparty.io.grpc.StatusRuntimeException: UNAVAILABLE: io exception
	at org.apache.ratis.thirdparty.io.grpc.stub.ClientCalls.toStatusRuntimeException(ClientCalls.java:233)
	at org.apache.ratis.thirdparty.io.grpc.stub.ClientCalls.getUnchecked(ClientCalls.java:214)
	at org.apache.ratis.thirdparty.io.grpc.stub.ClientCalls.blockingUnaryCall(ClientCalls.java:139)
	at org.apache.ratis.proto.grpc.RaftServerProtocolServiceGrpc$RaftServerProtocolServiceBlockingStub.requestVote(RaftServerProtocolServiceGrpc.java:265)
	at org.apache.ratis.grpc.server.GrpcServerProtocolClient.requestVote(GrpcServerProtocolClient.java:90)
	at org.apache.ratis.grpc.server.GrpcService.requestVote(GrpcService.java:204)
	at org.apache.ratis.server.impl.LeaderElection.lambda$submitRequests$1(LeaderElection.java:238)
	at java.util.concurrent.FutureTask.run(FutureTask.java:266)
	at java.util.concurrent.Executors$RunnableAdapter.call(Executors.java:511)
	at java.util.concurrent.FutureTask.run(FutureTask.java:266)
	at java.util.concurrent.ThreadPoolExecutor.runWorker(ThreadPoolExecutor.java:1149)
	at java.util.concurrent.ThreadPoolExecutor$Worker.run(ThreadPoolExecutor.java:624)
	... 1 more
Caused by: org.apache.ratis.thirdparty.io.netty.channel.AbstractChannel$AnnotatedConnectException: Connection refused: /192.168.36.126:37817
	at sun.nio.ch.SocketChannelImpl.checkConnect(Native Method)
	at sun.nio.ch.SocketChannelImpl.finishConnect(SocketChannelImpl.java:717)
	at org.apache.ratis.thirdparty.io.netty.channel.socket.nio.NioSocketChannel.doFinishConnect(NioSocketChannel.java:327)
	at org.apache.ratis.thirdparty.io.netty.channel.nio.AbstractNioChannel$AbstractNioUnsafe.finishConnect(AbstractNioChannel.java:340)
	at org.apache.ratis.thirdparty.io.netty.channel.nio.NioEventLoop.processSelectedKey(NioEventLoop.java:632)
	at org.apache.ratis.thirdparty.io.netty.channel.nio.NioEventLoop.processSelectedKeysOptimized(NioEventLoop.java:579)
	at org.apache.ratis.thirdparty.io.netty.channel.nio.NioEventLoop.processSelectedKeys(NioEventLoop.java:496)
	at org.apache.ratis.thirdparty.io.netty.channel.nio.NioEventLoop.run(NioEventLoop.java:458)
	at org.apache.ratis.thirdparty.io.netty.util.concurrent.SingleThreadEventExecutor$5.run(SingleThreadEventExecutor.java:897)
	at org.apache.ratis.thirdparty.io.netty.util.concurrent.FastThreadLocalRunnable.run(FastThreadLocalRunnable.java:30)
	... 1 more
Caused by: java.net.ConnectException: Connection refused
	... 11 more
2019-09-25 05:32:01,239 [616f9f8f-9479-40f4-8c03-f125dcbf9c7f@group-60724A24602F:LeaderElection230] INFO  impl.RaftServerImpl (RaftServerImpl.java:setRole(174)) - 616f9f8f-9479-40f4-8c03-f125dcbf9c7f@group-60724A24602F: changes role from CANDIDATE to FOLLOWER at term 18 for DISCOVERED_A_NEW_TERM
2019-09-25 05:32:01,240 [5c3318fc-c419-4298-b427-bf5a9ca27bf0@group-21C2C432FD88:LeaderElection229] INFO  impl.RaftServerImpl (RaftServerImpl.java:setRole(174)) - 5c3318fc-c419-4298-b427-bf5a9ca27bf0@group-21C2C432FD88: changes role from CANDIDATE to FOLLOWER at term 19 for DISCOVERED_A_NEW_TERM
2019-09-25 05:32:01,240 [616f9f8f-9479-40f4-8c03-f125dcbf9c7f@group-60724A24602F:LeaderElection230] INFO  impl.RoleInfo (RoleInfo.java:shutdownLeaderElection(134)) - 616f9f8f-9479-40f4-8c03-f125dcbf9c7f: shutdown LeaderElection
2019-09-25 05:32:01,240 [5c3318fc-c419-4298-b427-bf5a9ca27bf0@group-21C2C432FD88:LeaderElection229] INFO  impl.RoleInfo (RoleInfo.java:shutdownLeaderElection(134)) - 5c3318fc-c419-4298-b427-bf5a9ca27bf0: shutdown LeaderElection
2019-09-25 05:32:01,240 [616f9f8f-9479-40f4-8c03-f125dcbf9c7f@group-60724A24602F:LeaderElection230] INFO  impl.RoleInfo (RoleInfo.java:updateAndGet(143)) - 616f9f8f-9479-40f4-8c03-f125dcbf9c7f: start FollowerState
2019-09-25 05:32:01,240 [5c3318fc-c419-4298-b427-bf5a9ca27bf0@group-21C2C432FD88:LeaderElection229] INFO  impl.RoleInfo (RoleInfo.java:updateAndGet(143)) - 5c3318fc-c419-4298-b427-bf5a9ca27bf0: start FollowerState
2019-09-25 05:32:01,244 [f9c12371-c091-4b4a-8db2-6f0db97bbab3@group-43825EC81F5D-SegmentedRaftLogWorker] INFO  segmented.SegmentedRaftLogWorker (SegmentedRaftLogWorker.java:execute(569)) - f9c12371-c091-4b4a-8db2-6f0db97bbab3@group-43825EC81F5D-SegmentedRaftLogWorker: created new log segment /workdir/hadoop-ozone/integration-test/target/test-dir/MiniOzoneClusterImpl-cea1adf1-e11b-40bf-86cb-fb3b2d854ef9/datanode-0/data/ratis/cbb96aa8-2399-4d05-b930-43825ec81f5d/current/log_inprogress_0
2019-09-25 05:32:01,261 [grpc-default-executor-4] WARN  server.GrpcLogAppender (LogUtils.java:warn(134)) - a58d7528-614e-4c39-a3a3-38beaa9905aa@group-43825EC81F5D->ce8ac917-2646-4112-adf7-d577593fabcb-AppendLogResponseHandler: Failed appendEntries: org.apache.ratis.thirdparty.io.grpc.StatusRuntimeException: UNAVAILABLE: io exception
2019-09-25 05:32:01,263 [grpc-default-executor-4] INFO  impl.FollowerInfo (FollowerInfo.java:lambda$new$0(51)) - a58d7528-614e-4c39-a3a3-38beaa9905aa@group-43825EC81F5D->ce8ac917-2646-4112-adf7-d577593fabcb: nextIndex: updateUnconditionally 1 -> 0
2019-09-25 05:32:01,377 [ForkJoinPool.commonPool-worker-1] INFO  ozoneimpl.OzoneContainer (OzoneContainer.java:stop(231)) - Attempting to stop container services.
2019-09-25 05:32:01,378 [ForkJoinPool.commonPool-worker-1] INFO  impl.RaftServerProxy (RaftServerProxy.java:lambda$close$4(314)) - f9c12371-c091-4b4a-8db2-6f0db97bbab3: close
2019-09-25 05:32:01,378 [ForkJoinPool.commonPool-worker-1] INFO  impl.RaftServerImpl (RaftServerImpl.java:lambda$shutdown$3(251)) - f9c12371-c091-4b4a-8db2-6f0db97bbab3@group-AEFF648B0F59: shutdown
2019-09-25 05:32:01,378 [ForkJoinPool.commonPool-worker-1] INFO  util.JmxRegister (JmxRegister.java:unregister(73)) - Successfully un-registered JMX Bean with object name Ratis:service=RaftServer,group=group-AEFF648B0F59,id=f9c12371-c091-4b4a-8db2-6f0db97bbab3
2019-09-25 05:32:01,379 [ForkJoinPool.commonPool-worker-1] INFO  impl.RoleInfo (RoleInfo.java:shutdownLeaderState(104)) - f9c12371-c091-4b4a-8db2-6f0db97bbab3: shutdown LeaderState
2019-09-25 05:32:01,383 [ForkJoinPool.commonPool-worker-1] INFO  impl.PendingRequests (PendingRequests.java:sendNotLeaderResponses(202)) - f9c12371-c091-4b4a-8db2-6f0db97bbab3-PendingRequests: sendNotLeaderResponses
2019-09-25 05:32:01,383 [org.apache.ratis.server.impl.LogAppender$AppenderDaemon$$Lambda$647/2055577542@712c568b] WARN  server.GrpcLogAppender (GrpcLogAppender.java:mayWait(143)) - f9c12371-c091-4b4a-8db2-6f0db97bbab3@group-AEFF648B0F59->a58d7528-614e-4c39-a3a3-38beaa9905aa-GrpcLogAppender: Wait interrupted by java.lang.InterruptedException
2019-09-25 05:32:01,383 [org.apache.ratis.server.impl.LogAppender$AppenderDaemon$$Lambda$647/2055577542@6bbcca09] WARN  server.GrpcLogAppender (GrpcLogAppender.java:mayWait(143)) - f9c12371-c091-4b4a-8db2-6f0db97bbab3@group-AEFF648B0F59->ce8ac917-2646-4112-adf7-d577593fabcb-GrpcLogAppender: Wait interrupted by java.lang.InterruptedException
2019-09-25 05:32:01,383 [ForkJoinPool.commonPool-worker-1] INFO  impl.StateMachineUpdater (StateMachineUpdater.java:stopAndJoin(125)) - f9c12371-c091-4b4a-8db2-6f0db97bbab3@group-AEFF648B0F59-StateMachineUpdater: set stopIndex = 0
2019-09-25 05:32:01,384 [ForkJoinPool.commonPool-worker-1] INFO  impl.RaftServerImpl (ServerState.java:close(385)) - f9c12371-c091-4b4a-8db2-6f0db97bbab3@group-AEFF648B0F59: closes. applyIndex: 0
2019-09-25 05:32:01,384 [f9c12371-c091-4b4a-8db2-6f0db97bbab3@group-AEFF648B0F59-SegmentedRaftLogWorker] INFO  segmented.SegmentedRaftLogWorker (SegmentedRaftLogWorker.java:run(313)) - f9c12371-c091-4b4a-8db2-6f0db97bbab3@group-AEFF648B0F59-SegmentedRaftLogWorker was interrupted, exiting. There are 0 tasks remaining in the queue.
2019-09-25 05:32:01,386 [ForkJoinPool.commonPool-worker-1] INFO  segmented.SegmentedRaftLogWorker (SegmentedRaftLogWorker.java:close(228)) - f9c12371-c091-4b4a-8db2-6f0db97bbab3@group-AEFF648B0F59-SegmentedRaftLogWorker close()
2019-09-25 05:32:01,390 [ForkJoinPool.commonPool-worker-1] INFO  impl.RaftServerImpl (RaftServerImpl.java:lambda$shutdown$3(251)) - f9c12371-c091-4b4a-8db2-6f0db97bbab3@group-0EC8D23D101B: shutdown
2019-09-25 05:32:01,390 [ForkJoinPool.commonPool-worker-1] INFO  util.JmxRegister (JmxRegister.java:unregister(73)) - Successfully un-registered JMX Bean with object name Ratis:service=RaftServer,group=group-0EC8D23D101B,id=f9c12371-c091-4b4a-8db2-6f0db97bbab3
2019-09-25 05:32:01,390 [ForkJoinPool.commonPool-worker-1] INFO  impl.RoleInfo (RoleInfo.java:shutdownLeaderState(104)) - f9c12371-c091-4b4a-8db2-6f0db97bbab3: shutdown LeaderState
2019-09-25 05:32:01,393 [org.apache.ratis.server.impl.LogAppender$AppenderDaemon$$Lambda$647/2055577542@654929df] WARN  server.GrpcLogAppender (GrpcLogAppender.java:mayWait(143)) - f9c12371-c091-4b4a-8db2-6f0db97bbab3@group-0EC8D23D101B->a58d7528-614e-4c39-a3a3-38beaa9905aa-GrpcLogAppender: Wait interrupted by java.lang.InterruptedException
2019-09-25 05:32:01,394 [org.apache.ratis.server.impl.LogAppender$AppenderDaemon$$Lambda$647/2055577542@330ad00e] WARN  server.GrpcLogAppender (GrpcLogAppender.java:mayWait(143)) - f9c12371-c091-4b4a-8db2-6f0db97bbab3@group-0EC8D23D101B->ce8ac917-2646-4112-adf7-d577593fabcb-GrpcLogAppender: Wait interrupted by java.lang.InterruptedException
2019-09-25 05:32:01,393 [grpc-default-executor-4] INFO  server.GrpcServerProtocolService (GrpcServerProtocolService.java:onCompleted(113)) - a58d7528-614e-4c39-a3a3-38beaa9905aa: Completed APPEND_ENTRIES, lastRequest: f9c12371-c091-4b4a-8db2-6f0db97bbab3->a58d7528-614e-4c39-a3a3-38beaa9905aa#1-t16, previous=(t:0, i:0), leaderCommit=-1, initializing? false, entries: size=1, first=(t:16, i:0), CONFIGURATIONENTRY
2019-09-25 05:32:01,394 [ForkJoinPool.commonPool-worker-1] INFO  impl.PendingRequests (PendingRequests.java:sendNotLeaderResponses(202)) - f9c12371-c091-4b4a-8db2-6f0db97bbab3-PendingRequests: sendNotLeaderResponses
2019-09-25 05:32:01,394 [grpc-default-executor-2] INFO  server.GrpcServerProtocolService (GrpcServerProtocolService.java:onCompleted(113)) - a58d7528-614e-4c39-a3a3-38beaa9905aa: Completed APPEND_ENTRIES, lastRequest: f9c12371-c091-4b4a-8db2-6f0db97bbab3->a58d7528-614e-4c39-a3a3-38beaa9905aa#1-t16, previous=(t:0, i:0), leaderCommit=-1, initializing? false, entries: size=1, first=(t:16, i:0), CONFIGURATIONENTRY
2019-09-25 05:32:01,396 [grpc-default-executor-4] INFO  server.GrpcLogAppender (GrpcLogAppender.java:onCompleted(293)) - f9c12371-c091-4b4a-8db2-6f0db97bbab3@group-AEFF648B0F59->a58d7528-614e-4c39-a3a3-38beaa9905aa-AppendLogResponseHandler: follower responses appendEntries COMPLETED
2019-09-25 05:32:01,396 [ForkJoinPool.commonPool-worker-1] INFO  impl.StateMachineUpdater (StateMachineUpdater.java:stopAndJoin(125)) - f9c12371-c091-4b4a-8db2-6f0db97bbab3@group-0EC8D23D101B-StateMachineUpdater: set stopIndex = 0
2019-09-25 05:32:01,396 [grpc-default-executor-4] INFO  impl.FollowerInfo (FollowerInfo.java:lambda$new$0(51)) - f9c12371-c091-4b4a-8db2-6f0db97bbab3@group-AEFF648B0F59->a58d7528-614e-4c39-a3a3-38beaa9905aa: nextIndex: updateUnconditionally 1 -> 0
2019-09-25 05:32:01,396 [grpc-default-executor-2] INFO  server.GrpcLogAppender (GrpcLogAppender.java:onCompleted(293)) - f9c12371-c091-4b4a-8db2-6f0db97bbab3@group-0EC8D23D101B->a58d7528-614e-4c39-a3a3-38beaa9905aa-AppendLogResponseHandler: follower responses appendEntries COMPLETED
2019-09-25 05:32:01,396 [ForkJoinPool.commonPool-worker-1] INFO  impl.RaftServerImpl (ServerState.java:close(385)) - f9c12371-c091-4b4a-8db2-6f0db97bbab3@group-0EC8D23D101B: closes. applyIndex: 0
2019-09-25 05:32:01,397 [grpc-default-executor-2] INFO  impl.FollowerInfo (FollowerInfo.java:lambda$new$0(51)) - f9c12371-c091-4b4a-8db2-6f0db97bbab3@group-0EC8D23D101B->a58d7528-614e-4c39-a3a3-38beaa9905aa: nextIndex: updateUnconditionally 1 -> 0
2019-09-25 05:32:01,397 [f9c12371-c091-4b4a-8db2-6f0db97bbab3@group-0EC8D23D101B-SegmentedRaftLogWorker] INFO  segmented.SegmentedRaftLogWorker (SegmentedRaftLogWorker.java:run(313)) - f9c12371-c091-4b4a-8db2-6f0db97bbab3@group-0EC8D23D101B-SegmentedRaftLogWorker was interrupted, exiting. There are 0 tasks remaining in the queue.
2019-09-25 05:32:01,404 [ForkJoinPool.commonPool-worker-1] INFO  segmented.SegmentedRaftLogWorker (SegmentedRaftLogWorker.java:close(228)) - f9c12371-c091-4b4a-8db2-6f0db97bbab3@group-0EC8D23D101B-SegmentedRaftLogWorker close()
2019-09-25 05:32:01,405 [ForkJoinPool.commonPool-worker-1] INFO  impl.RaftServerImpl (RaftServerImpl.java:lambda$shutdown$3(251)) - f9c12371-c091-4b4a-8db2-6f0db97bbab3@group-43825EC81F5D: shutdown
2019-09-25 05:32:01,405 [ForkJoinPool.commonPool-worker-1] INFO  util.JmxRegister (JmxRegister.java:unregister(73)) - Successfully un-registered JMX Bean with object name Ratis:service=RaftServer,group=group-43825EC81F5D,id=f9c12371-c091-4b4a-8db2-6f0db97bbab3
2019-09-25 05:32:01,406 [ForkJoinPool.commonPool-worker-1] INFO  impl.RoleInfo (RoleInfo.java:shutdownFollowerState(121)) - f9c12371-c091-4b4a-8db2-6f0db97bbab3: shutdown FollowerState
2019-09-25 05:32:01,406 [ForkJoinPool.commonPool-worker-1] INFO  impl.StateMachineUpdater (StateMachineUpdater.java:stopAndJoin(125)) - f9c12371-c091-4b4a-8db2-6f0db97bbab3@group-43825EC81F5D-StateMachineUpdater: set stopIndex = -1
2019-09-25 05:32:01,406 [Thread-1309] INFO  impl.FollowerState (FollowerState.java:run(115)) - f9c12371-c091-4b4a-8db2-6f0db97bbab3: FollowerState was interrupted: java.lang.InterruptedException: sleep interrupted
2019-09-25 05:32:01,406 [ForkJoinPool.commonPool-worker-1] INFO  impl.RaftServerImpl (ServerState.java:close(385)) - f9c12371-c091-4b4a-8db2-6f0db97bbab3@group-43825EC81F5D: closes. applyIndex: -1
2019-09-25 05:32:01,406 [f9c12371-c091-4b4a-8db2-6f0db97bbab3@group-43825EC81F5D-SegmentedRaftLogWorker] INFO  segmented.SegmentedRaftLogWorker (SegmentedRaftLogWorker.java:run(313)) - f9c12371-c091-4b4a-8db2-6f0db97bbab3@group-43825EC81F5D-SegmentedRaftLogWorker was interrupted, exiting. There are 0 tasks remaining in the queue.
2019-09-25 05:32:01,407 [ForkJoinPool.commonPool-worker-1] INFO  segmented.SegmentedRaftLogWorker (SegmentedRaftLogWorker.java:close(228)) - f9c12371-c091-4b4a-8db2-6f0db97bbab3@group-43825EC81F5D-SegmentedRaftLogWorker close()
2019-09-25 05:32:01,408 [ForkJoinPool.commonPool-worker-1] INFO  server.GrpcService (GrpcService.java:closeImpl(164)) - f9c12371-c091-4b4a-8db2-6f0db97bbab3: shutdown server with port 46560 now
2019-09-25 05:32:01,410 [grpc-default-executor-2] WARN  server.GrpcLogAppender (LogUtils.java:warn(134)) - a58d7528-614e-4c39-a3a3-38beaa9905aa@group-43825EC81F5D->f9c12371-c091-4b4a-8db2-6f0db97bbab3-AppendLogResponseHandler: Failed appendEntries: org.apache.ratis.thirdparty.io.grpc.StatusRuntimeException: CANCELLED: HTTP/2 error code: CANCEL
Received Rst Stream
2019-09-25 05:32:01,410 [grpc-default-executor-4] WARN  server.GrpcServerProtocolService (LogUtils.java:warn(134)) - f9c12371-c091-4b4a-8db2-6f0db97bbab3: installSnapshot onError, lastRequest: a58d7528-614e-4c39-a3a3-38beaa9905aa->f9c12371-c091-4b4a-8db2-6f0db97bbab3#1-t12, previous=(t:0, i:0), leaderCommit=-1, initializing? false, entries: size=1, first=(t:12, i:0), CONFIGURATIONENTRY: org.apache.ratis.thirdparty.io.grpc.StatusRuntimeException: CANCELLED: cancelled before receiving half close
2019-09-25 05:32:01,410 [ForkJoinPool.commonPool-worker-1] INFO  server.GrpcService (GrpcService.java:closeImpl(172)) - f9c12371-c091-4b4a-8db2-6f0db97bbab3: shutdown server with port 46560 successfully
2019-09-25 05:32:01,411 [grpc-default-executor-2] INFO  impl.FollowerInfo (FollowerInfo.java:lambda$new$0(51)) - a58d7528-614e-4c39-a3a3-38beaa9905aa@group-43825EC81F5D->f9c12371-c091-4b4a-8db2-6f0db97bbab3: nextIndex: updateUnconditionally 1 -> 0
2019-09-25 05:32:01,414 [refreshUsed-/workdir/hadoop-ozone/integration-test/target/test-dir/MiniOzoneClusterImpl-cea1adf1-e11b-40bf-86cb-fb3b2d854ef9/datanode-0/data/containers] WARN  fs.CachingGetSpaceUsed (CachingGetSpaceUsed.java:run(183)) - Thread Interrupted waiting to refresh disk information: sleep interrupted
2019-09-25 05:32:01,437 [ForkJoinPool.commonPool-worker-1] INFO  utils.BackgroundService (BackgroundService.java:shutdown(148)) - Shutting down service BlockDeletingService
2019-09-25 05:32:01,441 [ForkJoinPool.commonPool-worker-1] INFO  statemachine.DatanodeStateMachine (DatanodeStateMachine.java:stopDaemon(395)) - Ozone container server stopped.
2019-09-25 05:32:01,445 [ForkJoinPool.commonPool-worker-1] INFO  handler.ContextHandler (ContextHandler.java:doStop(910)) - Stopped o.e.j.w.WebAppContext@3c5dbdf8{/,null,UNAVAILABLE}{/hddsDatanode}
2019-09-25 05:32:01,446 [ForkJoinPool.commonPool-worker-1] INFO  server.AbstractConnector (AbstractConnector.java:doStop(318)) - Stopped ServerConnector@352c44a8{HTTP/1.1,[http/1.1]}{0.0.0.0:0}
2019-09-25 05:32:01,447 [ForkJoinPool.commonPool-worker-1] INFO  handler.ContextHandler (ContextHandler.java:doStop(910)) - Stopped o.e.j.s.ServletContextHandler@433348bc{/static,jar:file:/home/user/.m2/repository/org/apache/hadoop/hadoop-hdds-container-service/0.5.0-SNAPSHOT/hadoop-hdds-container-service-0.5.0-SNAPSHOT.jar!/webapps/static,UNAVAILABLE}
2019-09-25 05:32:01,449 [ForkJoinPool.commonPool-worker-1] INFO  handler.ContextHandler (ContextHandler.java:doStop(910)) - Stopped o.e.j.s.ServletContextHandler@5fa23c{/logs,file:///workdir/hadoop-ozone/integration-test/target/log,UNAVAILABLE}
2019-09-25 05:32:01,566 [main] INFO  ozoneimpl.OzoneContainer (OzoneContainer.java:stop(231)) - Attempting to stop container services.
2019-09-25 05:32:01,567 [main] INFO  impl.RaftServerProxy (RaftServerProxy.java:lambda$close$4(314)) - a58d7528-614e-4c39-a3a3-38beaa9905aa: close
2019-09-25 05:32:01,567 [main] INFO  impl.RaftServerImpl (RaftServerImpl.java:lambda$shutdown$3(251)) - a58d7528-614e-4c39-a3a3-38beaa9905aa@group-AEFF648B0F59: shutdown
2019-09-25 05:32:01,568 [main] INFO  util.JmxRegister (JmxRegister.java:unregister(73)) - Successfully un-registered JMX Bean with object name Ratis:service=RaftServer,group=group-AEFF648B0F59,id=a58d7528-614e-4c39-a3a3-38beaa9905aa
2019-09-25 05:32:01,568 [main] INFO  impl.RoleInfo (RoleInfo.java:shutdownFollowerState(121)) - a58d7528-614e-4c39-a3a3-38beaa9905aa: shutdown FollowerState
2019-09-25 05:32:01,569 [main] INFO  impl.StateMachineUpdater (StateMachineUpdater.java:stopAndJoin(125)) - a58d7528-614e-4c39-a3a3-38beaa9905aa@group-AEFF648B0F59-StateMachineUpdater: set stopIndex = -1
2019-09-25 05:32:01,569 [main] INFO  impl.RaftServerImpl (ServerState.java:close(385)) - a58d7528-614e-4c39-a3a3-38beaa9905aa@group-AEFF648B0F59: closes. applyIndex: -1
2019-09-25 05:32:01,569 [Thread-1291] INFO  impl.FollowerState (FollowerState.java:run(115)) - a58d7528-614e-4c39-a3a3-38beaa9905aa: FollowerState was interrupted: java.lang.InterruptedException: sleep interrupted
2019-09-25 05:32:01,570 [a58d7528-614e-4c39-a3a3-38beaa9905aa@group-AEFF648B0F59-SegmentedRaftLogWorker] INFO  segmented.SegmentedRaftLogWorker (SegmentedRaftLogWorker.java:run(313)) - a58d7528-614e-4c39-a3a3-38beaa9905aa@group-AEFF648B0F59-SegmentedRaftLogWorker was interrupted, exiting. There are 0 tasks remaining in the queue.
2019-09-25 05:32:01,570 [main] INFO  segmented.SegmentedRaftLogWorker (SegmentedRaftLogWorker.java:close(228)) - a58d7528-614e-4c39-a3a3-38beaa9905aa@group-AEFF648B0F59-SegmentedRaftLogWorker close()
2019-09-25 05:32:01,572 [main] INFO  impl.RaftServerImpl (RaftServerImpl.java:lambda$shutdown$3(251)) - a58d7528-614e-4c39-a3a3-38beaa9905aa@group-0EC8D23D101B: shutdown
2019-09-25 05:32:01,572 [main] INFO  util.JmxRegister (JmxRegister.java:unregister(73)) - Successfully un-registered JMX Bean with object name Ratis:service=RaftServer,group=group-0EC8D23D101B,id=a58d7528-614e-4c39-a3a3-38beaa9905aa
2019-09-25 05:32:01,573 [main] INFO  impl.RoleInfo (RoleInfo.java:shutdownFollowerState(121)) - a58d7528-614e-4c39-a3a3-38beaa9905aa: shutdown FollowerState
2019-09-25 05:32:01,573 [main] INFO  impl.StateMachineUpdater (StateMachineUpdater.java:stopAndJoin(125)) - a58d7528-614e-4c39-a3a3-38beaa9905aa@group-0EC8D23D101B-StateMachineUpdater: set stopIndex = -1
2019-09-25 05:32:01,573 [Thread-1290] INFO  impl.FollowerState (FollowerState.java:run(115)) - a58d7528-614e-4c39-a3a3-38beaa9905aa: FollowerState was interrupted: java.lang.InterruptedException: sleep interrupted
2019-09-25 05:32:01,574 [main] INFO  impl.RaftServerImpl (ServerState.java:close(385)) - a58d7528-614e-4c39-a3a3-38beaa9905aa@group-0EC8D23D101B: closes. applyIndex: -1
2019-09-25 05:32:01,574 [a58d7528-614e-4c39-a3a3-38beaa9905aa@group-0EC8D23D101B-SegmentedRaftLogWorker] INFO  segmented.SegmentedRaftLogWorker (SegmentedRaftLogWorker.java:run(313)) - a58d7528-614e-4c39-a3a3-38beaa9905aa@group-0EC8D23D101B-SegmentedRaftLogWorker was interrupted, exiting. There are 0 tasks remaining in the queue.
2019-09-25 05:32:01,575 [main] INFO  segmented.SegmentedRaftLogWorker (SegmentedRaftLogWorker.java:close(228)) - a58d7528-614e-4c39-a3a3-38beaa9905aa@group-0EC8D23D101B-SegmentedRaftLogWorker close()
2019-09-25 05:32:01,576 [main] INFO  impl.RaftServerImpl (RaftServerImpl.java:lambda$shutdown$3(251)) - a58d7528-614e-4c39-a3a3-38beaa9905aa@group-43825EC81F5D: shutdown
2019-09-25 05:32:01,577 [main] INFO  util.JmxRegister (JmxRegister.java:unregister(73)) - Successfully un-registered JMX Bean with object name Ratis:service=RaftServer,group=group-43825EC81F5D,id=a58d7528-614e-4c39-a3a3-38beaa9905aa
2019-09-25 05:32:01,577 [main] INFO  impl.RoleInfo (RoleInfo.java:shutdownLeaderState(104)) - a58d7528-614e-4c39-a3a3-38beaa9905aa: shutdown LeaderState
2019-09-25 05:32:01,580 [org.apache.ratis.server.impl.LogAppender$AppenderDaemon$$Lambda$647/2055577542@2a287303] WARN  server.GrpcLogAppender (GrpcLogAppender.java:mayWait(143)) - a58d7528-614e-4c39-a3a3-38beaa9905aa@group-43825EC81F5D->f9c12371-c091-4b4a-8db2-6f0db97bbab3-GrpcLogAppender: Wait interrupted by java.lang.InterruptedException
2019-09-25 05:32:01,580 [main] INFO  impl.PendingRequests (PendingRequests.java:sendNotLeaderResponses(202)) - a58d7528-614e-4c39-a3a3-38beaa9905aa-PendingRequests: sendNotLeaderResponses
2019-09-25 05:32:01,580 [org.apache.ratis.server.impl.LogAppender$AppenderDaemon$$Lambda$647/2055577542@2b8f8320] WARN  server.GrpcLogAppender (GrpcLogAppender.java:mayWait(143)) - a58d7528-614e-4c39-a3a3-38beaa9905aa@group-43825EC81F5D->ce8ac917-2646-4112-adf7-d577593fabcb-GrpcLogAppender: Wait interrupted by java.lang.InterruptedException
2019-09-25 05:32:01,580 [main] INFO  impl.StateMachineUpdater (StateMachineUpdater.java:stopAndJoin(125)) - a58d7528-614e-4c39-a3a3-38beaa9905aa@group-43825EC81F5D-StateMachineUpdater: set stopIndex = 0
2019-09-25 05:32:01,581 [main] INFO  impl.RaftServerImpl (ServerState.java:close(385)) - a58d7528-614e-4c39-a3a3-38beaa9905aa@group-43825EC81F5D: closes. applyIndex: 0
2019-09-25 05:32:01,581 [a58d7528-614e-4c39-a3a3-38beaa9905aa@group-43825EC81F5D-SegmentedRaftLogWorker] INFO  segmented.SegmentedRaftLogWorker (SegmentedRaftLogWorker.java:run(313)) - a58d7528-614e-4c39-a3a3-38beaa9905aa@group-43825EC81F5D-SegmentedRaftLogWorker was interrupted, exiting. There are 0 tasks remaining in the queue.
2019-09-25 05:32:01,582 [main] INFO  segmented.SegmentedRaftLogWorker (SegmentedRaftLogWorker.java:close(228)) - a58d7528-614e-4c39-a3a3-38beaa9905aa@group-43825EC81F5D-SegmentedRaftLogWorker close()
2019-09-25 05:32:01,583 [main] INFO  server.GrpcService (GrpcService.java:closeImpl(164)) - a58d7528-614e-4c39-a3a3-38beaa9905aa: shutdown server with port 37942 now
2019-09-25 05:32:01,584 [main] INFO  server.GrpcService (GrpcService.java:closeImpl(172)) - a58d7528-614e-4c39-a3a3-38beaa9905aa: shutdown server with port 37942 successfully
2019-09-25 05:32:01,586 [refreshUsed-/workdir/hadoop-ozone/integration-test/target/test-dir/MiniOzoneClusterImpl-cea1adf1-e11b-40bf-86cb-fb3b2d854ef9/datanode-9/data/containers] WARN  fs.CachingGetSpaceUsed (CachingGetSpaceUsed.java:run(183)) - Thread Interrupted waiting to refresh disk information: sleep interrupted
2019-09-25 05:32:01,609 [main] INFO  utils.BackgroundService (BackgroundService.java:shutdown(148)) - Shutting down service BlockDeletingService
2019-09-25 05:32:01,613 [main] INFO  statemachine.DatanodeStateMachine (DatanodeStateMachine.java:stopDaemon(395)) - Ozone container server stopped.
2019-09-25 05:32:01,614 [main] INFO  handler.ContextHandler (ContextHandler.java:doStop(910)) - Stopped o.e.j.w.WebAppContext@3f736a16{/,null,UNAVAILABLE}{/hddsDatanode}
2019-09-25 05:32:01,615 [main] INFO  server.AbstractConnector (AbstractConnector.java:doStop(318)) - Stopped ServerConnector@4601203a{HTTP/1.1,[http/1.1]}{0.0.0.0:0}
2019-09-25 05:32:01,616 [main] INFO  handler.ContextHandler (ContextHandler.java:doStop(910)) - Stopped o.e.j.s.ServletContextHandler@4364712f{/static,jar:file:/home/user/.m2/repository/org/apache/hadoop/hadoop-hdds-container-service/0.5.0-SNAPSHOT/hadoop-hdds-container-service-0.5.0-SNAPSHOT.jar!/webapps/static,UNAVAILABLE}
2019-09-25 05:32:01,617 [main] INFO  handler.ContextHandler (ContextHandler.java:doStop(910)) - Stopped o.e.j.s.ServletContextHandler@53c6f96d{/logs,file:///workdir/hadoop-ozone/integration-test/target/log,UNAVAILABLE}
2019-09-25 05:32:01,653 [Datanode State Machine Thread - 0] INFO  statemachine.DatanodeStateMachine (DatanodeStateMachine.java:lambda$startDaemon$0(350)) - Ozone container server started.
2019-09-25 05:32:02,127 [Thread-1308] INFO  impl.FollowerState (FollowerState.java:run(106)) - 5c3318fc-c419-4298-b427-bf5a9ca27bf0:group-059250D1A272 changes to CANDIDATE, lastRpcTime:1016, electionTimeout:1016ms
2019-09-25 05:32:02,128 [Thread-1308] INFO  impl.RoleInfo (RoleInfo.java:shutdownFollowerState(121)) - 5c3318fc-c419-4298-b427-bf5a9ca27bf0: shutdown FollowerState
2019-09-25 05:32:02,128 [Thread-1308] INFO  impl.RaftServerImpl (RaftServerImpl.java:setRole(174)) - 5c3318fc-c419-4298-b427-bf5a9ca27bf0@group-059250D1A272: changes role from  FOLLOWER to CANDIDATE at term 18 for changeToCandidate
2019-09-25 05:32:02,128 [Thread-1308] INFO  impl.RoleInfo (RoleInfo.java:updateAndGet(143)) - 5c3318fc-c419-4298-b427-bf5a9ca27bf0: start LeaderElection
2019-09-25 05:32:02,146 [5c3318fc-c419-4298-b427-bf5a9ca27bf0@group-059250D1A272:LeaderElection231] INFO  impl.LeaderElection (LeaderElection.java:askForVotes(182)) - 5c3318fc-c419-4298-b427-bf5a9ca27bf0@group-059250D1A272:LeaderElection231: begin an election at term 19 for -1: [5c3318fc-c419-4298-b427-bf5a9ca27bf0:192.168.36.126:46795, 61946a22-29ed-4e77-8449-fae4cd9869e9:192.168.36.126:36814, 0d4a37ed-4cec-423a-a360-e4a879eb6bc0:192.168.36.126:37817], old=null
2019-09-25 05:32:02,147 [5c3318fc-c419-4298-b427-bf5a9ca27bf0@group-059250D1A272:LeaderElection231] INFO  impl.LeaderElection (LogUtils.java:infoOrTrace(149)) - 5c3318fc-c419-4298-b427-bf5a9ca27bf0@group-059250D1A272:LeaderElection231 got exception when requesting votes: {}
java.util.concurrent.ExecutionException: org.apache.ratis.thirdparty.io.grpc.StatusRuntimeException: UNAVAILABLE: io exception
	at java.util.concurrent.FutureTask.report(FutureTask.java:122)
	at java.util.concurrent.FutureTask.get(FutureTask.java:192)
	at org.apache.ratis.server.impl.LeaderElection.waitForResults(LeaderElection.java:263)
	at org.apache.ratis.server.impl.LeaderElection.askForVotes(LeaderElection.java:201)
	at org.apache.ratis.server.impl.LeaderElection.run(LeaderElection.java:133)
	at java.lang.Thread.run(Thread.java:748)
Caused by: org.apache.ratis.thirdparty.io.grpc.StatusRuntimeException: UNAVAILABLE: io exception
	at org.apache.ratis.thirdparty.io.grpc.stub.ClientCalls.toStatusRuntimeException(ClientCalls.java:233)
	at org.apache.ratis.thirdparty.io.grpc.stub.ClientCalls.getUnchecked(ClientCalls.java:214)
	at org.apache.ratis.thirdparty.io.grpc.stub.ClientCalls.blockingUnaryCall(ClientCalls.java:139)
	at org.apache.ratis.proto.grpc.RaftServerProtocolServiceGrpc$RaftServerProtocolServiceBlockingStub.requestVote(RaftServerProtocolServiceGrpc.java:265)
	at org.apache.ratis.grpc.server.GrpcServerProtocolClient.requestVote(GrpcServerProtocolClient.java:90)
	at org.apache.ratis.grpc.server.GrpcService.requestVote(GrpcService.java:204)
	at org.apache.ratis.server.impl.LeaderElection.lambda$submitRequests$1(LeaderElection.java:238)
	at java.util.concurrent.FutureTask.run(FutureTask.java:266)
	at java.util.concurrent.Executors$RunnableAdapter.call(Executors.java:511)
	at java.util.concurrent.FutureTask.run(FutureTask.java:266)
	at java.util.concurrent.ThreadPoolExecutor.runWorker(ThreadPoolExecutor.java:1149)
	at java.util.concurrent.ThreadPoolExecutor$Worker.run(ThreadPoolExecutor.java:624)
	... 1 more
Caused by: org.apache.ratis.thirdparty.io.netty.channel.AbstractChannel$AnnotatedConnectException: Connection refused: /192.168.36.126:36814
	at sun.nio.ch.SocketChannelImpl.checkConnect(Native Method)
	at sun.nio.ch.SocketChannelImpl.finishConnect(SocketChannelImpl.java:717)
	at org.apache.ratis.thirdparty.io.netty.channel.socket.nio.NioSocketChannel.doFinishConnect(NioSocketChannel.java:327)
	at org.apache.ratis.thirdparty.io.netty.channel.nio.AbstractNioChannel$AbstractNioUnsafe.finishConnect(AbstractNioChannel.java:340)
	at org.apache.ratis.thirdparty.io.netty.channel.nio.NioEventLoop.processSelectedKey(NioEventLoop.java:632)
	at org.apache.ratis.thirdparty.io.netty.channel.nio.NioEventLoop.processSelectedKeysOptimized(NioEventLoop.java:579)
	at org.apache.ratis.thirdparty.io.netty.channel.nio.NioEventLoop.processSelectedKeys(NioEventLoop.java:496)
	at org.apache.ratis.thirdparty.io.netty.channel.nio.NioEventLoop.run(NioEventLoop.java:458)
	at org.apache.ratis.thirdparty.io.netty.util.concurrent.SingleThreadEventExecutor$5.run(SingleThreadEventExecutor.java:897)
	at org.apache.ratis.thirdparty.io.netty.util.concurrent.FastThreadLocalRunnable.run(FastThreadLocalRunnable.java:30)
	... 1 more
Caused by: java.net.ConnectException: Connection refused
	... 11 more
2019-09-25 05:32:02,148 [5c3318fc-c419-4298-b427-bf5a9ca27bf0@group-059250D1A272:LeaderElection231] INFO  impl.LeaderElection (LogUtils.java:infoOrTrace(149)) - 5c3318fc-c419-4298-b427-bf5a9ca27bf0@group-059250D1A272:LeaderElection231 got exception when requesting votes: {}
java.util.concurrent.ExecutionException: org.apache.ratis.thirdparty.io.grpc.StatusRuntimeException: UNAVAILABLE: io exception
	at java.util.concurrent.FutureTask.report(FutureTask.java:122)
	at java.util.concurrent.FutureTask.get(FutureTask.java:192)
	at org.apache.ratis.server.impl.LeaderElection.waitForResults(LeaderElection.java:263)
	at org.apache.ratis.server.impl.LeaderElection.askForVotes(LeaderElection.java:201)
	at org.apache.ratis.server.impl.LeaderElection.run(LeaderElection.java:133)
	at java.lang.Thread.run(Thread.java:748)
Caused by: org.apache.ratis.thirdparty.io.grpc.StatusRuntimeException: UNAVAILABLE: io exception
	at org.apache.ratis.thirdparty.io.grpc.stub.ClientCalls.toStatusRuntimeException(ClientCalls.java:233)
	at org.apache.ratis.thirdparty.io.grpc.stub.ClientCalls.getUnchecked(ClientCalls.java:214)
	at org.apache.ratis.thirdparty.io.grpc.stub.ClientCalls.blockingUnaryCall(ClientCalls.java:139)
	at org.apache.ratis.proto.grpc.RaftServerProtocolServiceGrpc$RaftServerProtocolServiceBlockingStub.requestVote(RaftServerProtocolServiceGrpc.java:265)
	at org.apache.ratis.grpc.server.GrpcServerProtocolClient.requestVote(GrpcServerProtocolClient.java:90)
	at org.apache.ratis.grpc.server.GrpcService.requestVote(GrpcService.java:204)
	at org.apache.ratis.server.impl.LeaderElection.lambda$submitRequests$1(LeaderElection.java:238)
	at java.util.concurrent.FutureTask.run(FutureTask.java:266)
	at java.util.concurrent.Executors$RunnableAdapter.call(Executors.java:511)
	at java.util.concurrent.FutureTask.run(FutureTask.java:266)
	at java.util.concurrent.ThreadPoolExecutor.runWorker(ThreadPoolExecutor.java:1149)
	at java.util.concurrent.ThreadPoolExecutor$Worker.run(ThreadPoolExecutor.java:624)
	... 1 more
Caused by: org.apache.ratis.thirdparty.io.netty.channel.AbstractChannel$AnnotatedConnectException: Connection refused: /192.168.36.126:37817
	at sun.nio.ch.SocketChannelImpl.checkConnect(Native Method)
	at sun.nio.ch.SocketChannelImpl.finishConnect(SocketChannelImpl.java:717)
	at org.apache.ratis.thirdparty.io.netty.channel.socket.nio.NioSocketChannel.doFinishConnect(NioSocketChannel.java:327)
	at org.apache.ratis.thirdparty.io.netty.channel.nio.AbstractNioChannel$AbstractNioUnsafe.finishConnect(AbstractNioChannel.java:340)
	at org.apache.ratis.thirdparty.io.netty.channel.nio.NioEventLoop.processSelectedKey(NioEventLoop.java:632)
	at org.apache.ratis.thirdparty.io.netty.channel.nio.NioEventLoop.processSelectedKeysOptimized(NioEventLoop.java:579)
	at org.apache.ratis.thirdparty.io.netty.channel.nio.NioEventLoop.processSelectedKeys(NioEventLoop.java:496)
	at org.apache.ratis.thirdparty.io.netty.channel.nio.NioEventLoop.run(NioEventLoop.java:458)
	at org.apache.ratis.thirdparty.io.netty.util.concurrent.SingleThreadEventExecutor$5.run(SingleThreadEventExecutor.java:897)
	at org.apache.ratis.thirdparty.io.netty.util.concurrent.FastThreadLocalRunnable.run(FastThreadLocalRunnable.java:30)
	... 1 more
Caused by: java.net.ConnectException: Connection refused
	... 11 more
2019-09-25 05:32:02,148 [5c3318fc-c419-4298-b427-bf5a9ca27bf0@group-059250D1A272:LeaderElection231] INFO  impl.LeaderElection (LeaderElection.java:logAndReturn(56)) - 5c3318fc-c419-4298-b427-bf5a9ca27bf0@group-059250D1A272:LeaderElection231: Election REJECTED; received 0 response(s) [] and 2 exception(s); 5c3318fc-c419-4298-b427-bf5a9ca27bf0@group-059250D1A272:t19, leader=null, voted=5c3318fc-c419-4298-b427-bf5a9ca27bf0, raftlog=5c3318fc-c419-4298-b427-bf5a9ca27bf0@group-059250D1A272-SegmentedRaftLog:OPENED:c-1,f-1,i0, conf=-1: [5c3318fc-c419-4298-b427-bf5a9ca27bf0:192.168.36.126:46795, 61946a22-29ed-4e77-8449-fae4cd9869e9:192.168.36.126:36814, 0d4a37ed-4cec-423a-a360-e4a879eb6bc0:192.168.36.126:37817], old=null
2019-09-25 05:32:02,148 [5c3318fc-c419-4298-b427-bf5a9ca27bf0@group-059250D1A272:LeaderElection231] INFO  impl.LeaderElection (LogUtils.java:infoOrTrace(149)) -   Exception 0: {}
java.util.concurrent.ExecutionException: org.apache.ratis.thirdparty.io.grpc.StatusRuntimeException: UNAVAILABLE: io exception
	at java.util.concurrent.FutureTask.report(FutureTask.java:122)
	at java.util.concurrent.FutureTask.get(FutureTask.java:192)
	at org.apache.ratis.server.impl.LeaderElection.waitForResults(LeaderElection.java:263)
	at org.apache.ratis.server.impl.LeaderElection.askForVotes(LeaderElection.java:201)
	at org.apache.ratis.server.impl.LeaderElection.run(LeaderElection.java:133)
	at java.lang.Thread.run(Thread.java:748)
Caused by: org.apache.ratis.thirdparty.io.grpc.StatusRuntimeException: UNAVAILABLE: io exception
	at org.apache.ratis.thirdparty.io.grpc.stub.ClientCalls.toStatusRuntimeException(ClientCalls.java:233)
	at org.apache.ratis.thirdparty.io.grpc.stub.ClientCalls.getUnchecked(ClientCalls.java:214)
	at org.apache.ratis.thirdparty.io.grpc.stub.ClientCalls.blockingUnaryCall(ClientCalls.java:139)
	at org.apache.ratis.proto.grpc.RaftServerProtocolServiceGrpc$RaftServerProtocolServiceBlockingStub.requestVote(RaftServerProtocolServiceGrpc.java:265)
	at org.apache.ratis.grpc.server.GrpcServerProtocolClient.requestVote(GrpcServerProtocolClient.java:90)
	at org.apache.ratis.grpc.server.GrpcService.requestVote(GrpcService.java:204)
	at org.apache.ratis.server.impl.LeaderElection.lambda$submitRequests$1(LeaderElection.java:238)
	at java.util.concurrent.FutureTask.run(FutureTask.java:266)
	at java.util.concurrent.Executors$RunnableAdapter.call(Executors.java:511)
	at java.util.concurrent.FutureTask.run(FutureTask.java:266)
	at java.util.concurrent.ThreadPoolExecutor.runWorker(ThreadPoolExecutor.java:1149)
	at java.util.concurrent.ThreadPoolExecutor$Worker.run(ThreadPoolExecutor.java:624)
	... 1 more
Caused by: org.apache.ratis.thirdparty.io.netty.channel.AbstractChannel$AnnotatedConnectException: Connection refused: /192.168.36.126:36814
	at sun.nio.ch.SocketChannelImpl.checkConnect(Native Method)
	at sun.nio.ch.SocketChannelImpl.finishConnect(SocketChannelImpl.java:717)
	at org.apache.ratis.thirdparty.io.netty.channel.socket.nio.NioSocketChannel.doFinishConnect(NioSocketChannel.java:327)
	at org.apache.ratis.thirdparty.io.netty.channel.nio.AbstractNioChannel$AbstractNioUnsafe.finishConnect(AbstractNioChannel.java:340)
	at org.apache.ratis.thirdparty.io.netty.channel.nio.NioEventLoop.processSelectedKey(NioEventLoop.java:632)
	at org.apache.ratis.thirdparty.io.netty.channel.nio.NioEventLoop.processSelectedKeysOptimized(NioEventLoop.java:579)
	at org.apache.ratis.thirdparty.io.netty.channel.nio.NioEventLoop.processSelectedKeys(NioEventLoop.java:496)
	at org.apache.ratis.thirdparty.io.netty.channel.nio.NioEventLoop.run(NioEventLoop.java:458)
	at org.apache.ratis.thirdparty.io.netty.util.concurrent.SingleThreadEventExecutor$5.run(SingleThreadEventExecutor.java:897)
	at org.apache.ratis.thirdparty.io.netty.util.concurrent.FastThreadLocalRunnable.run(FastThreadLocalRunnable.java:30)
	... 1 more
Caused by: java.net.ConnectException: Connection refused
	... 11 more
2019-09-25 05:32:02,149 [5c3318fc-c419-4298-b427-bf5a9ca27bf0@group-059250D1A272:LeaderElection231] INFO  impl.LeaderElection (LogUtils.java:infoOrTrace(149)) -   Exception 1: {}
java.util.concurrent.ExecutionException: org.apache.ratis.thirdparty.io.grpc.StatusRuntimeException: UNAVAILABLE: io exception
	at java.util.concurrent.FutureTask.report(FutureTask.java:122)
	at java.util.concurrent.FutureTask.get(FutureTask.java:192)
	at org.apache.ratis.server.impl.LeaderElection.waitForResults(LeaderElection.java:263)
	at org.apache.ratis.server.impl.LeaderElection.askForVotes(LeaderElection.java:201)
	at org.apache.ratis.server.impl.LeaderElection.run(LeaderElection.java:133)
	at java.lang.Thread.run(Thread.java:748)
Caused by: org.apache.ratis.thirdparty.io.grpc.StatusRuntimeException: UNAVAILABLE: io exception
	at org.apache.ratis.thirdparty.io.grpc.stub.ClientCalls.toStatusRuntimeException(ClientCalls.java:233)
	at org.apache.ratis.thirdparty.io.grpc.stub.ClientCalls.getUnchecked(ClientCalls.java:214)
	at org.apache.ratis.thirdparty.io.grpc.stub.ClientCalls.blockingUnaryCall(ClientCalls.java:139)
	at org.apache.ratis.proto.grpc.RaftServerProtocolServiceGrpc$RaftServerProtocolServiceBlockingStub.requestVote(RaftServerProtocolServiceGrpc.java:265)
	at org.apache.ratis.grpc.server.GrpcServerProtocolClient.requestVote(GrpcServerProtocolClient.java:90)
	at org.apache.ratis.grpc.server.GrpcService.requestVote(GrpcService.java:204)
	at org.apache.ratis.server.impl.LeaderElection.lambda$submitRequests$1(LeaderElection.java:238)
	at java.util.concurrent.FutureTask.run(FutureTask.java:266)
	at java.util.concurrent.Executors$RunnableAdapter.call(Executors.java:511)
	at java.util.concurrent.FutureTask.run(FutureTask.java:266)
	at java.util.concurrent.ThreadPoolExecutor.runWorker(ThreadPoolExecutor.java:1149)
	at java.util.concurrent.ThreadPoolExecutor$Worker.run(ThreadPoolExecutor.java:624)
	... 1 more
Caused by: org.apache.ratis.thirdparty.io.netty.channel.AbstractChannel$AnnotatedConnectException: Connection refused: /192.168.36.126:37817
	at sun.nio.ch.SocketChannelImpl.checkConnect(Native Method)
	at sun.nio.ch.SocketChannelImpl.finishConnect(SocketChannelImpl.java:717)
	at org.apache.ratis.thirdparty.io.netty.channel.socket.nio.NioSocketChannel.doFinishConnect(NioSocketChannel.java:327)
	at org.apache.ratis.thirdparty.io.netty.channel.nio.AbstractNioChannel$AbstractNioUnsafe.finishConnect(AbstractNioChannel.java:340)
	at org.apache.ratis.thirdparty.io.netty.channel.nio.NioEventLoop.processSelectedKey(NioEventLoop.java:632)
	at org.apache.ratis.thirdparty.io.netty.channel.nio.NioEventLoop.processSelectedKeysOptimized(NioEventLoop.java:579)
	at org.apache.ratis.thirdparty.io.netty.channel.nio.NioEventLoop.processSelectedKeys(NioEventLoop.java:496)
	at org.apache.ratis.thirdparty.io.netty.channel.nio.NioEventLoop.run(NioEventLoop.java:458)
	at org.apache.ratis.thirdparty.io.netty.util.concurrent.SingleThreadEventExecutor$5.run(SingleThreadEventExecutor.java:897)
	at org.apache.ratis.thirdparty.io.netty.util.concurrent.FastThreadLocalRunnable.run(FastThreadLocalRunnable.java:30)
	... 1 more
Caused by: java.net.ConnectException: Connection refused
	... 11 more
2019-09-25 05:32:02,149 [5c3318fc-c419-4298-b427-bf5a9ca27bf0@group-059250D1A272:LeaderElection231] INFO  impl.RaftServerImpl (RaftServerImpl.java:setRole(174)) - 5c3318fc-c419-4298-b427-bf5a9ca27bf0@group-059250D1A272: changes role from CANDIDATE to FOLLOWER at term 19 for DISCOVERED_A_NEW_TERM
2019-09-25 05:32:02,149 [5c3318fc-c419-4298-b427-bf5a9ca27bf0@group-059250D1A272:LeaderElection231] INFO  impl.RoleInfo (RoleInfo.java:shutdownLeaderElection(134)) - 5c3318fc-c419-4298-b427-bf5a9ca27bf0: shutdown LeaderElection
2019-09-25 05:32:02,150 [5c3318fc-c419-4298-b427-bf5a9ca27bf0@group-059250D1A272:LeaderElection231] INFO  impl.RoleInfo (RoleInfo.java:updateAndGet(143)) - 5c3318fc-c419-4298-b427-bf5a9ca27bf0: start FollowerState
2019-09-25 05:32:02,183 [Datanode State Machine Thread - 0] INFO  statemachine.DatanodeStateMachine (DatanodeStateMachine.java:lambda$startDaemon$0(350)) - Ozone container server started.
2019-09-25 05:32:02,365 [Thread-1325] INFO  impl.FollowerState (FollowerState.java:run(106)) - 5c3318fc-c419-4298-b427-bf5a9ca27bf0:group-21C2C432FD88 changes to CANDIDATE, lastRpcTime:1125, electionTimeout:1125ms
2019-09-25 05:32:02,366 [Thread-1325] INFO  impl.RoleInfo (RoleInfo.java:shutdownFollowerState(121)) - 5c3318fc-c419-4298-b427-bf5a9ca27bf0: shutdown FollowerState
2019-09-25 05:32:02,366 [Thread-1325] INFO  impl.RaftServerImpl (RaftServerImpl.java:setRole(174)) - 5c3318fc-c419-4298-b427-bf5a9ca27bf0@group-21C2C432FD88: changes role from  FOLLOWER to CANDIDATE at term 19 for changeToCandidate
2019-09-25 05:32:02,366 [Thread-1325] INFO  impl.RoleInfo (RoleInfo.java:updateAndGet(143)) - 5c3318fc-c419-4298-b427-bf5a9ca27bf0: start LeaderElection
2019-09-25 05:32:02,385 [5c3318fc-c419-4298-b427-bf5a9ca27bf0@group-21C2C432FD88:LeaderElection232] INFO  impl.LeaderElection (LeaderElection.java:askForVotes(182)) - 5c3318fc-c419-4298-b427-bf5a9ca27bf0@group-21C2C432FD88:LeaderElection232: begin an election at term 20 for -1: [5c3318fc-c419-4298-b427-bf5a9ca27bf0:192.168.36.126:46795, 61946a22-29ed-4e77-8449-fae4cd9869e9:192.168.36.126:36814, 0d4a37ed-4cec-423a-a360-e4a879eb6bc0:192.168.36.126:37817], old=null
2019-09-25 05:32:02,386 [5c3318fc-c419-4298-b427-bf5a9ca27bf0@group-21C2C432FD88:LeaderElection232] INFO  impl.LeaderElection (LogUtils.java:infoOrTrace(149)) - 5c3318fc-c419-4298-b427-bf5a9ca27bf0@group-21C2C432FD88:LeaderElection232 got exception when requesting votes: {}
java.util.concurrent.ExecutionException: org.apache.ratis.thirdparty.io.grpc.StatusRuntimeException: UNAVAILABLE: io exception
	at java.util.concurrent.FutureTask.report(FutureTask.java:122)
	at java.util.concurrent.FutureTask.get(FutureTask.java:192)
	at org.apache.ratis.server.impl.LeaderElection.waitForResults(LeaderElection.java:263)
	at org.apache.ratis.server.impl.LeaderElection.askForVotes(LeaderElection.java:201)
	at org.apache.ratis.server.impl.LeaderElection.run(LeaderElection.java:133)
	at java.lang.Thread.run(Thread.java:748)
Caused by: org.apache.ratis.thirdparty.io.grpc.StatusRuntimeException: UNAVAILABLE: io exception
	at org.apache.ratis.thirdparty.io.grpc.stub.ClientCalls.toStatusRuntimeException(ClientCalls.java:233)
	at org.apache.ratis.thirdparty.io.grpc.stub.ClientCalls.getUnchecked(ClientCalls.java:214)
	at org.apache.ratis.thirdparty.io.grpc.stub.ClientCalls.blockingUnaryCall(ClientCalls.java:139)
	at org.apache.ratis.proto.grpc.RaftServerProtocolServiceGrpc$RaftServerProtocolServiceBlockingStub.requestVote(RaftServerProtocolServiceGrpc.java:265)
	at org.apache.ratis.grpc.server.GrpcServerProtocolClient.requestVote(GrpcServerProtocolClient.java:90)
	at org.apache.ratis.grpc.server.GrpcService.requestVote(GrpcService.java:204)
	at org.apache.ratis.server.impl.LeaderElection.lambda$submitRequests$1(LeaderElection.java:238)
	at java.util.concurrent.FutureTask.run(FutureTask.java:266)
	at java.util.concurrent.Executors$RunnableAdapter.call(Executors.java:511)
	at java.util.concurrent.FutureTask.run(FutureTask.java:266)
	at java.util.concurrent.ThreadPoolExecutor.runWorker(ThreadPoolExecutor.java:1149)
	at java.util.concurrent.ThreadPoolExecutor$Worker.run(ThreadPoolExecutor.java:624)
	... 1 more
Caused by: org.apache.ratis.thirdparty.io.netty.channel.AbstractChannel$AnnotatedConnectException: Connection refused: /192.168.36.126:36814
	at sun.nio.ch.SocketChannelImpl.checkConnect(Native Method)
	at sun.nio.ch.SocketChannelImpl.finishConnect(SocketChannelImpl.java:717)
	at org.apache.ratis.thirdparty.io.netty.channel.socket.nio.NioSocketChannel.doFinishConnect(NioSocketChannel.java:327)
	at org.apache.ratis.thirdparty.io.netty.channel.nio.AbstractNioChannel$AbstractNioUnsafe.finishConnect(AbstractNioChannel.java:340)
	at org.apache.ratis.thirdparty.io.netty.channel.nio.NioEventLoop.processSelectedKey(NioEventLoop.java:632)
	at org.apache.ratis.thirdparty.io.netty.channel.nio.NioEventLoop.processSelectedKeysOptimized(NioEventLoop.java:579)
	at org.apache.ratis.thirdparty.io.netty.channel.nio.NioEventLoop.processSelectedKeys(NioEventLoop.java:496)
	at org.apache.ratis.thirdparty.io.netty.channel.nio.NioEventLoop.run(NioEventLoop.java:458)
	at org.apache.ratis.thirdparty.io.netty.util.concurrent.SingleThreadEventExecutor$5.run(SingleThreadEventExecutor.java:897)
	at org.apache.ratis.thirdparty.io.netty.util.concurrent.FastThreadLocalRunnable.run(FastThreadLocalRunnable.java:30)
	... 1 more
Caused by: java.net.ConnectException: Connection refused
	... 11 more
2019-09-25 05:32:02,387 [5c3318fc-c419-4298-b427-bf5a9ca27bf0@group-21C2C432FD88:LeaderElection232] INFO  impl.LeaderElection (LogUtils.java:infoOrTrace(149)) - 5c3318fc-c419-4298-b427-bf5a9ca27bf0@group-21C2C432FD88:LeaderElection232 got exception when requesting votes: {}
java.util.concurrent.ExecutionException: org.apache.ratis.thirdparty.io.grpc.StatusRuntimeException: UNAVAILABLE: io exception
	at java.util.concurrent.FutureTask.report(FutureTask.java:122)
	at java.util.concurrent.FutureTask.get(FutureTask.java:192)
	at org.apache.ratis.server.impl.LeaderElection.waitForResults(LeaderElection.java:263)
	at org.apache.ratis.server.impl.LeaderElection.askForVotes(LeaderElection.java:201)
	at org.apache.ratis.server.impl.LeaderElection.run(LeaderElection.java:133)
	at java.lang.Thread.run(Thread.java:748)
Caused by: org.apache.ratis.thirdparty.io.grpc.StatusRuntimeException: UNAVAILABLE: io exception
	at org.apache.ratis.thirdparty.io.grpc.stub.ClientCalls.toStatusRuntimeException(ClientCalls.java:233)
	at org.apache.ratis.thirdparty.io.grpc.stub.ClientCalls.getUnchecked(ClientCalls.java:214)
	at org.apache.ratis.thirdparty.io.grpc.stub.ClientCalls.blockingUnaryCall(ClientCalls.java:139)
	at org.apache.ratis.proto.grpc.RaftServerProtocolServiceGrpc$RaftServerProtocolServiceBlockingStub.requestVote(RaftServerProtocolServiceGrpc.java:265)
	at org.apache.ratis.grpc.server.GrpcServerProtocolClient.requestVote(GrpcServerProtocolClient.java:90)
	at org.apache.ratis.grpc.server.GrpcService.requestVote(GrpcService.java:204)
	at org.apache.ratis.server.impl.LeaderElection.lambda$submitRequests$1(LeaderElection.java:238)
	at java.util.concurrent.FutureTask.run(FutureTask.java:266)
	at java.util.concurrent.Executors$RunnableAdapter.call(Executors.java:511)
	at java.util.concurrent.FutureTask.run(FutureTask.java:266)
	at java.util.concurrent.ThreadPoolExecutor.runWorker(ThreadPoolExecutor.java:1149)
	at java.util.concurrent.ThreadPoolExecutor$Worker.run(ThreadPoolExecutor.java:624)
	... 1 more
Caused by: org.apache.ratis.thirdparty.io.netty.channel.AbstractChannel$AnnotatedConnectException: Connection refused: /192.168.36.126:37817
	at sun.nio.ch.SocketChannelImpl.checkConnect(Native Method)
	at sun.nio.ch.SocketChannelImpl.finishConnect(SocketChannelImpl.java:717)
	at org.apache.ratis.thirdparty.io.netty.channel.socket.nio.NioSocketChannel.doFinishConnect(NioSocketChannel.java:327)
	at org.apache.ratis.thirdparty.io.netty.channel.nio.AbstractNioChannel$AbstractNioUnsafe.finishConnect(AbstractNioChannel.java:340)
	at org.apache.ratis.thirdparty.io.netty.channel.nio.NioEventLoop.processSelectedKey(NioEventLoop.java:632)
	at org.apache.ratis.thirdparty.io.netty.channel.nio.NioEventLoop.processSelectedKeysOptimized(NioEventLoop.java:579)
	at org.apache.ratis.thirdparty.io.netty.channel.nio.NioEventLoop.processSelectedKeys(NioEventLoop.java:496)
	at org.apache.ratis.thirdparty.io.netty.channel.nio.NioEventLoop.run(NioEventLoop.java:458)
	at org.apache.ratis.thirdparty.io.netty.util.concurrent.SingleThreadEventExecutor$5.run(SingleThreadEventExecutor.java:897)
	at org.apache.ratis.thirdparty.io.netty.util.concurrent.FastThreadLocalRunnable.run(FastThreadLocalRunnable.java:30)
	... 1 more
Caused by: java.net.ConnectException: Connection refused
	... 11 more
2019-09-25 05:32:02,387 [5c3318fc-c419-4298-b427-bf5a9ca27bf0@group-21C2C432FD88:LeaderElection232] INFO  impl.LeaderElection (LeaderElection.java:logAndReturn(56)) - 5c3318fc-c419-4298-b427-bf5a9ca27bf0@group-21C2C432FD88:LeaderElection232: Election REJECTED; received 0 response(s) [] and 2 exception(s); 5c3318fc-c419-4298-b427-bf5a9ca27bf0@group-21C2C432FD88:t20, leader=null, voted=5c3318fc-c419-4298-b427-bf5a9ca27bf0, raftlog=5c3318fc-c419-4298-b427-bf5a9ca27bf0@group-21C2C432FD88-SegmentedRaftLog:OPENED:c-1,f-1,i0, conf=-1: [5c3318fc-c419-4298-b427-bf5a9ca27bf0:192.168.36.126:46795, 61946a22-29ed-4e77-8449-fae4cd9869e9:192.168.36.126:36814, 0d4a37ed-4cec-423a-a360-e4a879eb6bc0:192.168.36.126:37817], old=null
2019-09-25 05:32:02,388 [5c3318fc-c419-4298-b427-bf5a9ca27bf0@group-21C2C432FD88:LeaderElection232] INFO  impl.LeaderElection (LogUtils.java:infoOrTrace(149)) -   Exception 0: {}
java.util.concurrent.ExecutionException: org.apache.ratis.thirdparty.io.grpc.StatusRuntimeException: UNAVAILABLE: io exception
	at java.util.concurrent.FutureTask.report(FutureTask.java:122)
	at java.util.concurrent.FutureTask.get(FutureTask.java:192)
	at org.apache.ratis.server.impl.LeaderElection.waitForResults(LeaderElection.java:263)
	at org.apache.ratis.server.impl.LeaderElection.askForVotes(LeaderElection.java:201)
	at org.apache.ratis.server.impl.LeaderElection.run(LeaderElection.java:133)
	at java.lang.Thread.run(Thread.java:748)
Caused by: org.apache.ratis.thirdparty.io.grpc.StatusRuntimeException: UNAVAILABLE: io exception
	at org.apache.ratis.thirdparty.io.grpc.stub.ClientCalls.toStatusRuntimeException(ClientCalls.java:233)
	at org.apache.ratis.thirdparty.io.grpc.stub.ClientCalls.getUnchecked(ClientCalls.java:214)
	at org.apache.ratis.thirdparty.io.grpc.stub.ClientCalls.blockingUnaryCall(ClientCalls.java:139)
	at org.apache.ratis.proto.grpc.RaftServerProtocolServiceGrpc$RaftServerProtocolServiceBlockingStub.requestVote(RaftServerProtocolServiceGrpc.java:265)
	at org.apache.ratis.grpc.server.GrpcServerProtocolClient.requestVote(GrpcServerProtocolClient.java:90)
	at org.apache.ratis.grpc.server.GrpcService.requestVote(GrpcService.java:204)
	at org.apache.ratis.server.impl.LeaderElection.lambda$submitRequests$1(LeaderElection.java:238)
	at java.util.concurrent.FutureTask.run(FutureTask.java:266)
	at java.util.concurrent.Executors$RunnableAdapter.call(Executors.java:511)
	at java.util.concurrent.FutureTask.run(FutureTask.java:266)
	at java.util.concurrent.ThreadPoolExecutor.runWorker(ThreadPoolExecutor.java:1149)
	at java.util.concurrent.ThreadPoolExecutor$Worker.run(ThreadPoolExecutor.java:624)
	... 1 more
Caused by: org.apache.ratis.thirdparty.io.netty.channel.AbstractChannel$AnnotatedConnectException: Connection refused: /192.168.36.126:36814
	at sun.nio.ch.SocketChannelImpl.checkConnect(Native Method)
	at sun.nio.ch.SocketChannelImpl.finishConnect(SocketChannelImpl.java:717)
	at org.apache.ratis.thirdparty.io.netty.channel.socket.nio.NioSocketChannel.doFinishConnect(NioSocketChannel.java:327)
	at org.apache.ratis.thirdparty.io.netty.channel.nio.AbstractNioChannel$AbstractNioUnsafe.finishConnect(AbstractNioChannel.java:340)
	at org.apache.ratis.thirdparty.io.netty.channel.nio.NioEventLoop.processSelectedKey(NioEventLoop.java:632)
	at org.apache.ratis.thirdparty.io.netty.channel.nio.NioEventLoop.processSelectedKeysOptimized(NioEventLoop.java:579)
	at org.apache.ratis.thirdparty.io.netty.channel.nio.NioEventLoop.processSelectedKeys(NioEventLoop.java:496)
	at org.apache.ratis.thirdparty.io.netty.channel.nio.NioEventLoop.run(NioEventLoop.java:458)
	at org.apache.ratis.thirdparty.io.netty.util.concurrent.SingleThreadEventExecutor$5.run(SingleThreadEventExecutor.java:897)
	at org.apache.ratis.thirdparty.io.netty.util.concurrent.FastThreadLocalRunnable.run(FastThreadLocalRunnable.java:30)
	... 1 more
Caused by: java.net.ConnectException: Connection refused
	... 11 more
2019-09-25 05:32:02,388 [5c3318fc-c419-4298-b427-bf5a9ca27bf0@group-21C2C432FD88:LeaderElection232] INFO  impl.LeaderElection (LogUtils.java:infoOrTrace(149)) -   Exception 1: {}
java.util.concurrent.ExecutionException: org.apache.ratis.thirdparty.io.grpc.StatusRuntimeException: UNAVAILABLE: io exception
	at java.util.concurrent.FutureTask.report(FutureTask.java:122)
	at java.util.concurrent.FutureTask.get(FutureTask.java:192)
	at org.apache.ratis.server.impl.LeaderElection.waitForResults(LeaderElection.java:263)
	at org.apache.ratis.server.impl.LeaderElection.askForVotes(LeaderElection.java:201)
	at org.apache.ratis.server.impl.LeaderElection.run(LeaderElection.java:133)
	at java.lang.Thread.run(Thread.java:748)
Caused by: org.apache.ratis.thirdparty.io.grpc.StatusRuntimeException: UNAVAILABLE: io exception
	at org.apache.ratis.thirdparty.io.grpc.stub.ClientCalls.toStatusRuntimeException(ClientCalls.java:233)
	at org.apache.ratis.thirdparty.io.grpc.stub.ClientCalls.getUnchecked(ClientCalls.java:214)
	at org.apache.ratis.thirdparty.io.grpc.stub.ClientCalls.blockingUnaryCall(ClientCalls.java:139)
	at org.apache.ratis.proto.grpc.RaftServerProtocolServiceGrpc$RaftServerProtocolServiceBlockingStub.requestVote(RaftServerProtocolServiceGrpc.java:265)
	at org.apache.ratis.grpc.server.GrpcServerProtocolClient.requestVote(GrpcServerProtocolClient.java:90)
	at org.apache.ratis.grpc.server.GrpcService.requestVote(GrpcService.java:204)
	at org.apache.ratis.server.impl.LeaderElection.lambda$submitRequests$1(LeaderElection.java:238)
	at java.util.concurrent.FutureTask.run(FutureTask.java:266)
	at java.util.concurrent.Executors$RunnableAdapter.call(Executors.java:511)
	at java.util.concurrent.FutureTask.run(FutureTask.java:266)
	at java.util.concurrent.ThreadPoolExecutor.runWorker(ThreadPoolExecutor.java:1149)
	at java.util.concurrent.ThreadPoolExecutor$Worker.run(ThreadPoolExecutor.java:624)
	... 1 more
Caused by: org.apache.ratis.thirdparty.io.netty.channel.AbstractChannel$AnnotatedConnectException: Connection refused: /192.168.36.126:37817
	at sun.nio.ch.SocketChannelImpl.checkConnect(Native Method)
	at sun.nio.ch.SocketChannelImpl.finishConnect(SocketChannelImpl.java:717)
	at org.apache.ratis.thirdparty.io.netty.channel.socket.nio.NioSocketChannel.doFinishConnect(NioSocketChannel.java:327)
	at org.apache.ratis.thirdparty.io.netty.channel.nio.AbstractNioChannel$AbstractNioUnsafe.finishConnect(AbstractNioChannel.java:340)
	at org.apache.ratis.thirdparty.io.netty.channel.nio.NioEventLoop.processSelectedKey(NioEventLoop.java:632)
	at org.apache.ratis.thirdparty.io.netty.channel.nio.NioEventLoop.processSelectedKeysOptimized(NioEventLoop.java:579)
	at org.apache.ratis.thirdparty.io.netty.channel.nio.NioEventLoop.processSelectedKeys(NioEventLoop.java:496)
	at org.apache.ratis.thirdparty.io.netty.channel.nio.NioEventLoop.run(NioEventLoop.java:458)
	at org.apache.ratis.thirdparty.io.netty.util.concurrent.SingleThreadEventExecutor$5.run(SingleThreadEventExecutor.java:897)
	at org.apache.ratis.thirdparty.io.netty.util.concurrent.FastThreadLocalRunnable.run(FastThreadLocalRunnable.java:30)
	... 1 more
Caused by: java.net.ConnectException: Connection refused
	... 11 more
2019-09-25 05:32:02,388 [5c3318fc-c419-4298-b427-bf5a9ca27bf0@group-21C2C432FD88:LeaderElection232] INFO  impl.RaftServerImpl (RaftServerImpl.java:setRole(174)) - 5c3318fc-c419-4298-b427-bf5a9ca27bf0@group-21C2C432FD88: changes role from CANDIDATE to FOLLOWER at term 20 for DISCOVERED_A_NEW_TERM
2019-09-25 05:32:02,389 [5c3318fc-c419-4298-b427-bf5a9ca27bf0@group-21C2C432FD88:LeaderElection232] INFO  impl.RoleInfo (RoleInfo.java:shutdownLeaderElection(134)) - 5c3318fc-c419-4298-b427-bf5a9ca27bf0: shutdown LeaderElection
2019-09-25 05:32:02,389 [5c3318fc-c419-4298-b427-bf5a9ca27bf0@group-21C2C432FD88:LeaderElection232] INFO  impl.RoleInfo (RoleInfo.java:updateAndGet(143)) - 5c3318fc-c419-4298-b427-bf5a9ca27bf0: start FollowerState
2019-09-25 05:32:02,400 [Thread-1324] INFO  impl.FollowerState (FollowerState.java:run(106)) - 616f9f8f-9479-40f4-8c03-f125dcbf9c7f:group-60724A24602F changes to CANDIDATE, lastRpcTime:1160, electionTimeout:1160ms
2019-09-25 05:32:02,401 [Thread-1324] INFO  impl.RoleInfo (RoleInfo.java:shutdownFollowerState(121)) - 616f9f8f-9479-40f4-8c03-f125dcbf9c7f: shutdown FollowerState
2019-09-25 05:32:02,401 [Thread-1324] INFO  impl.RaftServerImpl (RaftServerImpl.java:setRole(174)) - 616f9f8f-9479-40f4-8c03-f125dcbf9c7f@group-60724A24602F: changes role from  FOLLOWER to CANDIDATE at term 18 for changeToCandidate
2019-09-25 05:32:02,401 [Thread-1324] INFO  impl.RoleInfo (RoleInfo.java:updateAndGet(143)) - 616f9f8f-9479-40f4-8c03-f125dcbf9c7f: start LeaderElection
2019-09-25 05:32:02,422 [616f9f8f-9479-40f4-8c03-f125dcbf9c7f@group-60724A24602F:LeaderElection233] INFO  impl.LeaderElection (LeaderElection.java:askForVotes(182)) - 616f9f8f-9479-40f4-8c03-f125dcbf9c7f@group-60724A24602F:LeaderElection233: begin an election at term 19 for -1: [616f9f8f-9479-40f4-8c03-f125dcbf9c7f:192.168.36.126:39694, e997a993-6131-47bf-96c8-764e04cb5c0e:192.168.36.126:37678, fd2f3f79-5d7b-4d37-bb24-b15dfe7f18d7:192.168.36.126:42280], old=null
2019-09-25 05:32:02,423 [616f9f8f-9479-40f4-8c03-f125dcbf9c7f@group-60724A24602F:LeaderElection233] INFO  impl.LeaderElection (LogUtils.java:infoOrTrace(149)) - 616f9f8f-9479-40f4-8c03-f125dcbf9c7f@group-60724A24602F:LeaderElection233 got exception when requesting votes: {}
java.util.concurrent.ExecutionException: org.apache.ratis.thirdparty.io.grpc.StatusRuntimeException: UNAVAILABLE: io exception
	at java.util.concurrent.FutureTask.report(FutureTask.java:122)
	at java.util.concurrent.FutureTask.get(FutureTask.java:192)
	at org.apache.ratis.server.impl.LeaderElection.waitForResults(LeaderElection.java:263)
	at org.apache.ratis.server.impl.LeaderElection.askForVotes(LeaderElection.java:201)
	at org.apache.ratis.server.impl.LeaderElection.run(LeaderElection.java:133)
	at java.lang.Thread.run(Thread.java:748)
Caused by: org.apache.ratis.thirdparty.io.grpc.StatusRuntimeException: UNAVAILABLE: io exception
	at org.apache.ratis.thirdparty.io.grpc.stub.ClientCalls.toStatusRuntimeException(ClientCalls.java:233)
	at org.apache.ratis.thirdparty.io.grpc.stub.ClientCalls.getUnchecked(ClientCalls.java:214)
	at org.apache.ratis.thirdparty.io.grpc.stub.ClientCalls.blockingUnaryCall(ClientCalls.java:139)
	at org.apache.ratis.proto.grpc.RaftServerProtocolServiceGrpc$RaftServerProtocolServiceBlockingStub.requestVote(RaftServerProtocolServiceGrpc.java:265)
	at org.apache.ratis.grpc.server.GrpcServerProtocolClient.requestVote(GrpcServerProtocolClient.java:90)
	at org.apache.ratis.grpc.server.GrpcService.requestVote(GrpcService.java:204)
	at org.apache.ratis.server.impl.LeaderElection.lambda$submitRequests$1(LeaderElection.java:238)
	at java.util.concurrent.FutureTask.run(FutureTask.java:266)
	at java.util.concurrent.Executors$RunnableAdapter.call(Executors.java:511)
	at java.util.concurrent.FutureTask.run(FutureTask.java:266)
	at java.util.concurrent.ThreadPoolExecutor.runWorker(ThreadPoolExecutor.java:1149)
	at java.util.concurrent.ThreadPoolExecutor$Worker.run(ThreadPoolExecutor.java:624)
	... 1 more
Caused by: org.apache.ratis.thirdparty.io.netty.channel.AbstractChannel$AnnotatedConnectException: Connection refused: /192.168.36.126:37678
	at sun.nio.ch.SocketChannelImpl.checkConnect(Native Method)
	at sun.nio.ch.SocketChannelImpl.finishConnect(SocketChannelImpl.java:717)
	at org.apache.ratis.thirdparty.io.netty.channel.socket.nio.NioSocketChannel.doFinishConnect(NioSocketChannel.java:327)
	at org.apache.ratis.thirdparty.io.netty.channel.nio.AbstractNioChannel$AbstractNioUnsafe.finishConnect(AbstractNioChannel.java:340)
	at org.apache.ratis.thirdparty.io.netty.channel.nio.NioEventLoop.processSelectedKey(NioEventLoop.java:632)
	at org.apache.ratis.thirdparty.io.netty.channel.nio.NioEventLoop.processSelectedKeysOptimized(NioEventLoop.java:579)
	at org.apache.ratis.thirdparty.io.netty.channel.nio.NioEventLoop.processSelectedKeys(NioEventLoop.java:496)
	at org.apache.ratis.thirdparty.io.netty.channel.nio.NioEventLoop.run(NioEventLoop.java:458)
	at org.apache.ratis.thirdparty.io.netty.util.concurrent.SingleThreadEventExecutor$5.run(SingleThreadEventExecutor.java:897)
	at org.apache.ratis.thirdparty.io.netty.util.concurrent.FastThreadLocalRunnable.run(FastThreadLocalRunnable.java:30)
	... 1 more
Caused by: java.net.ConnectException: Connection refused
	... 11 more
2019-09-25 05:32:02,424 [616f9f8f-9479-40f4-8c03-f125dcbf9c7f@group-60724A24602F:LeaderElection233] INFO  impl.LeaderElection (LogUtils.java:infoOrTrace(149)) - 616f9f8f-9479-40f4-8c03-f125dcbf9c7f@group-60724A24602F:LeaderElection233 got exception when requesting votes: {}
java.util.concurrent.ExecutionException: org.apache.ratis.thirdparty.io.grpc.StatusRuntimeException: UNAVAILABLE: io exception
	at java.util.concurrent.FutureTask.report(FutureTask.java:122)
	at java.util.concurrent.FutureTask.get(FutureTask.java:192)
	at org.apache.ratis.server.impl.LeaderElection.waitForResults(LeaderElection.java:263)
	at org.apache.ratis.server.impl.LeaderElection.askForVotes(LeaderElection.java:201)
	at org.apache.ratis.server.impl.LeaderElection.run(LeaderElection.java:133)
	at java.lang.Thread.run(Thread.java:748)
Caused by: org.apache.ratis.thirdparty.io.grpc.StatusRuntimeException: UNAVAILABLE: io exception
	at org.apache.ratis.thirdparty.io.grpc.stub.ClientCalls.toStatusRuntimeException(ClientCalls.java:233)
	at org.apache.ratis.thirdparty.io.grpc.stub.ClientCalls.getUnchecked(ClientCalls.java:214)
	at org.apache.ratis.thirdparty.io.grpc.stub.ClientCalls.blockingUnaryCall(ClientCalls.java:139)
	at org.apache.ratis.proto.grpc.RaftServerProtocolServiceGrpc$RaftServerProtocolServiceBlockingStub.requestVote(RaftServerProtocolServiceGrpc.java:265)
	at org.apache.ratis.grpc.server.GrpcServerProtocolClient.requestVote(GrpcServerProtocolClient.java:90)
	at org.apache.ratis.grpc.server.GrpcService.requestVote(GrpcService.java:204)
	at org.apache.ratis.server.impl.LeaderElection.lambda$submitRequests$1(LeaderElection.java:238)
	at java.util.concurrent.FutureTask.run(FutureTask.java:266)
	at java.util.concurrent.Executors$RunnableAdapter.call(Executors.java:511)
	at java.util.concurrent.FutureTask.run(FutureTask.java:266)
	at java.util.concurrent.ThreadPoolExecutor.runWorker(ThreadPoolExecutor.java:1149)
	at java.util.concurrent.ThreadPoolExecutor$Worker.run(ThreadPoolExecutor.java:624)
	... 1 more
Caused by: org.apache.ratis.thirdparty.io.netty.channel.AbstractChannel$AnnotatedConnectException: Connection refused: /192.168.36.126:42280
	at sun.nio.ch.SocketChannelImpl.checkConnect(Native Method)
	at sun.nio.ch.SocketChannelImpl.finishConnect(SocketChannelImpl.java:717)
	at org.apache.ratis.thirdparty.io.netty.channel.socket.nio.NioSocketChannel.doFinishConnect(NioSocketChannel.java:327)
	at org.apache.ratis.thirdparty.io.netty.channel.nio.AbstractNioChannel$AbstractNioUnsafe.finishConnect(AbstractNioChannel.java:340)
	at org.apache.ratis.thirdparty.io.netty.channel.nio.NioEventLoop.processSelectedKey(NioEventLoop.java:632)
	at org.apache.ratis.thirdparty.io.netty.channel.nio.NioEventLoop.processSelectedKeysOptimized(NioEventLoop.java:579)
	at org.apache.ratis.thirdparty.io.netty.channel.nio.NioEventLoop.processSelectedKeys(NioEventLoop.java:496)
	at org.apache.ratis.thirdparty.io.netty.channel.nio.NioEventLoop.run(NioEventLoop.java:458)
	at org.apache.ratis.thirdparty.io.netty.util.concurrent.SingleThreadEventExecutor$5.run(SingleThreadEventExecutor.java:897)
	at org.apache.ratis.thirdparty.io.netty.util.concurrent.FastThreadLocalRunnable.run(FastThreadLocalRunnable.java:30)
	... 1 more
Caused by: java.net.ConnectException: Connection refused
	... 11 more
2019-09-25 05:32:02,424 [616f9f8f-9479-40f4-8c03-f125dcbf9c7f@group-60724A24602F:LeaderElection233] INFO  impl.LeaderElection (LeaderElection.java:logAndReturn(56)) - 616f9f8f-9479-40f4-8c03-f125dcbf9c7f@group-60724A24602F:LeaderElection233: Election REJECTED; received 0 response(s) [] and 2 exception(s); 616f9f8f-9479-40f4-8c03-f125dcbf9c7f@group-60724A24602F:t19, leader=null, voted=616f9f8f-9479-40f4-8c03-f125dcbf9c7f, raftlog=616f9f8f-9479-40f4-8c03-f125dcbf9c7f@group-60724A24602F-SegmentedRaftLog:OPENED:c-1,f-1,i0, conf=-1: [616f9f8f-9479-40f4-8c03-f125dcbf9c7f:192.168.36.126:39694, e997a993-6131-47bf-96c8-764e04cb5c0e:192.168.36.126:37678, fd2f3f79-5d7b-4d37-bb24-b15dfe7f18d7:192.168.36.126:42280], old=null
2019-09-25 05:32:02,424 [616f9f8f-9479-40f4-8c03-f125dcbf9c7f@group-60724A24602F:LeaderElection233] INFO  impl.LeaderElection (LogUtils.java:infoOrTrace(149)) -   Exception 0: {}
java.util.concurrent.ExecutionException: org.apache.ratis.thirdparty.io.grpc.StatusRuntimeException: UNAVAILABLE: io exception
	at java.util.concurrent.FutureTask.report(FutureTask.java:122)
	at java.util.concurrent.FutureTask.get(FutureTask.java:192)
	at org.apache.ratis.server.impl.LeaderElection.waitForResults(LeaderElection.java:263)
	at org.apache.ratis.server.impl.LeaderElection.askForVotes(LeaderElection.java:201)
	at org.apache.ratis.server.impl.LeaderElection.run(LeaderElection.java:133)
	at java.lang.Thread.run(Thread.java:748)
Caused by: org.apache.ratis.thirdparty.io.grpc.StatusRuntimeException: UNAVAILABLE: io exception
	at org.apache.ratis.thirdparty.io.grpc.stub.ClientCalls.toStatusRuntimeException(ClientCalls.java:233)
	at org.apache.ratis.thirdparty.io.grpc.stub.ClientCalls.getUnchecked(ClientCalls.java:214)
	at org.apache.ratis.thirdparty.io.grpc.stub.ClientCalls.blockingUnaryCall(ClientCalls.java:139)
	at org.apache.ratis.proto.grpc.RaftServerProtocolServiceGrpc$RaftServerProtocolServiceBlockingStub.requestVote(RaftServerProtocolServiceGrpc.java:265)
	at org.apache.ratis.grpc.server.GrpcServerProtocolClient.requestVote(GrpcServerProtocolClient.java:90)
	at org.apache.ratis.grpc.server.GrpcService.requestVote(GrpcService.java:204)
	at org.apache.ratis.server.impl.LeaderElection.lambda$submitRequests$1(LeaderElection.java:238)
	at java.util.concurrent.FutureTask.run(FutureTask.java:266)
	at java.util.concurrent.Executors$RunnableAdapter.call(Executors.java:511)
	at java.util.concurrent.FutureTask.run(FutureTask.java:266)
	at java.util.concurrent.ThreadPoolExecutor.runWorker(ThreadPoolExecutor.java:1149)
	at java.util.concurrent.ThreadPoolExecutor$Worker.run(ThreadPoolExecutor.java:624)
	... 1 more
Caused by: org.apache.ratis.thirdparty.io.netty.channel.AbstractChannel$AnnotatedConnectException: Connection refused: /192.168.36.126:37678
	at sun.nio.ch.SocketChannelImpl.checkConnect(Native Method)
	at sun.nio.ch.SocketChannelImpl.finishConnect(SocketChannelImpl.java:717)
	at org.apache.ratis.thirdparty.io.netty.channel.socket.nio.NioSocketChannel.doFinishConnect(NioSocketChannel.java:327)
	at org.apache.ratis.thirdparty.io.netty.channel.nio.AbstractNioChannel$AbstractNioUnsafe.finishConnect(AbstractNioChannel.java:340)
	at org.apache.ratis.thirdparty.io.netty.channel.nio.NioEventLoop.processSelectedKey(NioEventLoop.java:632)
	at org.apache.ratis.thirdparty.io.netty.channel.nio.NioEventLoop.processSelectedKeysOptimized(NioEventLoop.java:579)
	at org.apache.ratis.thirdparty.io.netty.channel.nio.NioEventLoop.processSelectedKeys(NioEventLoop.java:496)
	at org.apache.ratis.thirdparty.io.netty.channel.nio.NioEventLoop.run(NioEventLoop.java:458)
	at org.apache.ratis.thirdparty.io.netty.util.concurrent.SingleThreadEventExecutor$5.run(SingleThreadEventExecutor.java:897)
	at org.apache.ratis.thirdparty.io.netty.util.concurrent.FastThreadLocalRunnable.run(FastThreadLocalRunnable.java:30)
	... 1 more
Caused by: java.net.ConnectException: Connection refused
	... 11 more
2019-09-25 05:32:02,425 [616f9f8f-9479-40f4-8c03-f125dcbf9c7f@group-60724A24602F:LeaderElection233] INFO  impl.LeaderElection (LogUtils.java:infoOrTrace(149)) -   Exception 1: {}
java.util.concurrent.ExecutionException: org.apache.ratis.thirdparty.io.grpc.StatusRuntimeException: UNAVAILABLE: io exception
	at java.util.concurrent.FutureTask.report(FutureTask.java:122)
	at java.util.concurrent.FutureTask.get(FutureTask.java:192)
	at org.apache.ratis.server.impl.LeaderElection.waitForResults(LeaderElection.java:263)
	at org.apache.ratis.server.impl.LeaderElection.askForVotes(LeaderElection.java:201)
	at org.apache.ratis.server.impl.LeaderElection.run(LeaderElection.java:133)
	at java.lang.Thread.run(Thread.java:748)
Caused by: org.apache.ratis.thirdparty.io.grpc.StatusRuntimeException: UNAVAILABLE: io exception
	at org.apache.ratis.thirdparty.io.grpc.stub.ClientCalls.toStatusRuntimeException(ClientCalls.java:233)
	at org.apache.ratis.thirdparty.io.grpc.stub.ClientCalls.getUnchecked(ClientCalls.java:214)
	at org.apache.ratis.thirdparty.io.grpc.stub.ClientCalls.blockingUnaryCall(ClientCalls.java:139)
	at org.apache.ratis.proto.grpc.RaftServerProtocolServiceGrpc$RaftServerProtocolServiceBlockingStub.requestVote(RaftServerProtocolServiceGrpc.java:265)
	at org.apache.ratis.grpc.server.GrpcServerProtocolClient.requestVote(GrpcServerProtocolClient.java:90)
	at org.apache.ratis.grpc.server.GrpcService.requestVote(GrpcService.java:204)
	at org.apache.ratis.server.impl.LeaderElection.lambda$submitRequests$1(LeaderElection.java:238)
	at java.util.concurrent.FutureTask.run(FutureTask.java:266)
	at java.util.concurrent.Executors$RunnableAdapter.call(Executors.java:511)
	at java.util.concurrent.FutureTask.run(FutureTask.java:266)
	at java.util.concurrent.ThreadPoolExecutor.runWorker(ThreadPoolExecutor.java:1149)
	at java.util.concurrent.ThreadPoolExecutor$Worker.run(ThreadPoolExecutor.java:624)
	... 1 more
Caused by: org.apache.ratis.thirdparty.io.netty.channel.AbstractChannel$AnnotatedConnectException: Connection refused: /192.168.36.126:42280
	at sun.nio.ch.SocketChannelImpl.checkConnect(Native Method)
	at sun.nio.ch.SocketChannelImpl.finishConnect(SocketChannelImpl.java:717)
	at org.apache.ratis.thirdparty.io.netty.channel.socket.nio.NioSocketChannel.doFinishConnect(NioSocketChannel.java:327)
	at org.apache.ratis.thirdparty.io.netty.channel.nio.AbstractNioChannel$AbstractNioUnsafe.finishConnect(AbstractNioChannel.java:340)
	at org.apache.ratis.thirdparty.io.netty.channel.nio.NioEventLoop.processSelectedKey(NioEventLoop.java:632)
	at org.apache.ratis.thirdparty.io.netty.channel.nio.NioEventLoop.processSelectedKeysOptimized(NioEventLoop.java:579)
	at org.apache.ratis.thirdparty.io.netty.channel.nio.NioEventLoop.processSelectedKeys(NioEventLoop.java:496)
	at org.apache.ratis.thirdparty.io.netty.channel.nio.NioEventLoop.run(NioEventLoop.java:458)
	at org.apache.ratis.thirdparty.io.netty.util.concurrent.SingleThreadEventExecutor$5.run(SingleThreadEventExecutor.java:897)
	at org.apache.ratis.thirdparty.io.netty.util.concurrent.FastThreadLocalRunnable.run(FastThreadLocalRunnable.java:30)
	... 1 more
Caused by: java.net.ConnectException: Connection refused
	... 11 more
2019-09-25 05:32:02,425 [616f9f8f-9479-40f4-8c03-f125dcbf9c7f@group-60724A24602F:LeaderElection233] INFO  impl.RaftServerImpl (RaftServerImpl.java:setRole(174)) - 616f9f8f-9479-40f4-8c03-f125dcbf9c7f@group-60724A24602F: changes role from CANDIDATE to FOLLOWER at term 19 for DISCOVERED_A_NEW_TERM
2019-09-25 05:32:02,425 [616f9f8f-9479-40f4-8c03-f125dcbf9c7f@group-60724A24602F:LeaderElection233] INFO  impl.RoleInfo (RoleInfo.java:shutdownLeaderElection(134)) - 616f9f8f-9479-40f4-8c03-f125dcbf9c7f: shutdown LeaderElection
2019-09-25 05:32:02,425 [616f9f8f-9479-40f4-8c03-f125dcbf9c7f@group-60724A24602F:LeaderElection233] INFO  impl.RoleInfo (RoleInfo.java:updateAndGet(143)) - 616f9f8f-9479-40f4-8c03-f125dcbf9c7f: start FollowerState
2019-09-25 05:32:03,273 [Thread-1332] INFO  impl.FollowerState (FollowerState.java:run(106)) - 5c3318fc-c419-4298-b427-bf5a9ca27bf0:group-059250D1A272 changes to CANDIDATE, lastRpcTime:1123, electionTimeout:1123ms
2019-09-25 05:32:03,273 [Thread-1332] INFO  impl.RoleInfo (RoleInfo.java:shutdownFollowerState(121)) - 5c3318fc-c419-4298-b427-bf5a9ca27bf0: shutdown FollowerState
2019-09-25 05:32:03,274 [Thread-1332] INFO  impl.RaftServerImpl (RaftServerImpl.java:setRole(174)) - 5c3318fc-c419-4298-b427-bf5a9ca27bf0@group-059250D1A272: changes role from  FOLLOWER to CANDIDATE at term 19 for changeToCandidate
2019-09-25 05:32:03,274 [Thread-1332] INFO  impl.RoleInfo (RoleInfo.java:updateAndGet(143)) - 5c3318fc-c419-4298-b427-bf5a9ca27bf0: start LeaderElection
2019-09-25 05:32:03,306 [5c3318fc-c419-4298-b427-bf5a9ca27bf0@group-059250D1A272:LeaderElection234] INFO  impl.LeaderElection (LeaderElection.java:askForVotes(182)) - 5c3318fc-c419-4298-b427-bf5a9ca27bf0@group-059250D1A272:LeaderElection234: begin an election at term 20 for -1: [5c3318fc-c419-4298-b427-bf5a9ca27bf0:192.168.36.126:46795, 61946a22-29ed-4e77-8449-fae4cd9869e9:192.168.36.126:36814, 0d4a37ed-4cec-423a-a360-e4a879eb6bc0:192.168.36.126:37817], old=null
2019-09-25 05:32:03,307 [5c3318fc-c419-4298-b427-bf5a9ca27bf0@group-059250D1A272:LeaderElection234] INFO  impl.LeaderElection (LogUtils.java:infoOrTrace(149)) - 5c3318fc-c419-4298-b427-bf5a9ca27bf0@group-059250D1A272:LeaderElection234 got exception when requesting votes: {}
java.util.concurrent.ExecutionException: org.apache.ratis.thirdparty.io.grpc.StatusRuntimeException: UNAVAILABLE: io exception
	at java.util.concurrent.FutureTask.report(FutureTask.java:122)
	at java.util.concurrent.FutureTask.get(FutureTask.java:192)
	at org.apache.ratis.server.impl.LeaderElection.waitForResults(LeaderElection.java:263)
	at org.apache.ratis.server.impl.LeaderElection.askForVotes(LeaderElection.java:201)
	at org.apache.ratis.server.impl.LeaderElection.run(LeaderElection.java:133)
	at java.lang.Thread.run(Thread.java:748)
Caused by: org.apache.ratis.thirdparty.io.grpc.StatusRuntimeException: UNAVAILABLE: io exception
	at org.apache.ratis.thirdparty.io.grpc.stub.ClientCalls.toStatusRuntimeException(ClientCalls.java:233)
	at org.apache.ratis.thirdparty.io.grpc.stub.ClientCalls.getUnchecked(ClientCalls.java:214)
	at org.apache.ratis.thirdparty.io.grpc.stub.ClientCalls.blockingUnaryCall(ClientCalls.java:139)
	at org.apache.ratis.proto.grpc.RaftServerProtocolServiceGrpc$RaftServerProtocolServiceBlockingStub.requestVote(RaftServerProtocolServiceGrpc.java:265)
	at org.apache.ratis.grpc.server.GrpcServerProtocolClient.requestVote(GrpcServerProtocolClient.java:90)
	at org.apache.ratis.grpc.server.GrpcService.requestVote(GrpcService.java:204)
	at org.apache.ratis.server.impl.LeaderElection.lambda$submitRequests$1(LeaderElection.java:238)
	at java.util.concurrent.FutureTask.run(FutureTask.java:266)
	at java.util.concurrent.Executors$RunnableAdapter.call(Executors.java:511)
	at java.util.concurrent.FutureTask.run(FutureTask.java:266)
	at java.util.concurrent.ThreadPoolExecutor.runWorker(ThreadPoolExecutor.java:1149)
	at java.util.concurrent.ThreadPoolExecutor$Worker.run(ThreadPoolExecutor.java:624)
	... 1 more
Caused by: org.apache.ratis.thirdparty.io.netty.channel.AbstractChannel$AnnotatedConnectException: Connection refused: /192.168.36.126:37817
	at sun.nio.ch.SocketChannelImpl.checkConnect(Native Method)
	at sun.nio.ch.SocketChannelImpl.finishConnect(SocketChannelImpl.java:717)
	at org.apache.ratis.thirdparty.io.netty.channel.socket.nio.NioSocketChannel.doFinishConnect(NioSocketChannel.java:327)
	at org.apache.ratis.thirdparty.io.netty.channel.nio.AbstractNioChannel$AbstractNioUnsafe.finishConnect(AbstractNioChannel.java:340)
	at org.apache.ratis.thirdparty.io.netty.channel.nio.NioEventLoop.processSelectedKey(NioEventLoop.java:632)
	at org.apache.ratis.thirdparty.io.netty.channel.nio.NioEventLoop.processSelectedKeysOptimized(NioEventLoop.java:579)
	at org.apache.ratis.thirdparty.io.netty.channel.nio.NioEventLoop.processSelectedKeys(NioEventLoop.java:496)
	at org.apache.ratis.thirdparty.io.netty.channel.nio.NioEventLoop.run(NioEventLoop.java:458)
	at org.apache.ratis.thirdparty.io.netty.util.concurrent.SingleThreadEventExecutor$5.run(SingleThreadEventExecutor.java:897)
	at org.apache.ratis.thirdparty.io.netty.util.concurrent.FastThreadLocalRunnable.run(FastThreadLocalRunnable.java:30)
	... 1 more
Caused by: java.net.ConnectException: Connection refused
	... 11 more
2019-09-25 05:32:03,307 [5c3318fc-c419-4298-b427-bf5a9ca27bf0@group-059250D1A272:LeaderElection234] INFO  impl.LeaderElection (LogUtils.java:infoOrTrace(149)) - 5c3318fc-c419-4298-b427-bf5a9ca27bf0@group-059250D1A272:LeaderElection234 got exception when requesting votes: {}
java.util.concurrent.ExecutionException: org.apache.ratis.thirdparty.io.grpc.StatusRuntimeException: UNAVAILABLE: io exception
	at java.util.concurrent.FutureTask.report(FutureTask.java:122)
	at java.util.concurrent.FutureTask.get(FutureTask.java:192)
	at org.apache.ratis.server.impl.LeaderElection.waitForResults(LeaderElection.java:263)
	at org.apache.ratis.server.impl.LeaderElection.askForVotes(LeaderElection.java:201)
	at org.apache.ratis.server.impl.LeaderElection.run(LeaderElection.java:133)
	at java.lang.Thread.run(Thread.java:748)
Caused by: org.apache.ratis.thirdparty.io.grpc.StatusRuntimeException: UNAVAILABLE: io exception
	at org.apache.ratis.thirdparty.io.grpc.stub.ClientCalls.toStatusRuntimeException(ClientCalls.java:233)
	at org.apache.ratis.thirdparty.io.grpc.stub.ClientCalls.getUnchecked(ClientCalls.java:214)
	at org.apache.ratis.thirdparty.io.grpc.stub.ClientCalls.blockingUnaryCall(ClientCalls.java:139)
	at org.apache.ratis.proto.grpc.RaftServerProtocolServiceGrpc$RaftServerProtocolServiceBlockingStub.requestVote(RaftServerProtocolServiceGrpc.java:265)
	at org.apache.ratis.grpc.server.GrpcServerProtocolClient.requestVote(GrpcServerProtocolClient.java:90)
	at org.apache.ratis.grpc.server.GrpcService.requestVote(GrpcService.java:204)
	at org.apache.ratis.server.impl.LeaderElection.lambda$submitRequests$1(LeaderElection.java:238)
	at java.util.concurrent.FutureTask.run(FutureTask.java:266)
	at java.util.concurrent.Executors$RunnableAdapter.call(Executors.java:511)
	at java.util.concurrent.FutureTask.run(FutureTask.java:266)
	at java.util.concurrent.ThreadPoolExecutor.runWorker(ThreadPoolExecutor.java:1149)
	at java.util.concurrent.ThreadPoolExecutor$Worker.run(ThreadPoolExecutor.java:624)
	... 1 more
Caused by: org.apache.ratis.thirdparty.io.netty.channel.AbstractChannel$AnnotatedConnectException: Connection refused: /192.168.36.126:36814
	at sun.nio.ch.SocketChannelImpl.checkConnect(Native Method)
	at sun.nio.ch.SocketChannelImpl.finishConnect(SocketChannelImpl.java:717)
	at org.apache.ratis.thirdparty.io.netty.channel.socket.nio.NioSocketChannel.doFinishConnect(NioSocketChannel.java:327)
	at org.apache.ratis.thirdparty.io.netty.channel.nio.AbstractNioChannel$AbstractNioUnsafe.finishConnect(AbstractNioChannel.java:340)
	at org.apache.ratis.thirdparty.io.netty.channel.nio.NioEventLoop.processSelectedKey(NioEventLoop.java:632)
	at org.apache.ratis.thirdparty.io.netty.channel.nio.NioEventLoop.processSelectedKeysOptimized(NioEventLoop.java:579)
	at org.apache.ratis.thirdparty.io.netty.channel.nio.NioEventLoop.processSelectedKeys(NioEventLoop.java:496)
	at org.apache.ratis.thirdparty.io.netty.channel.nio.NioEventLoop.run(NioEventLoop.java:458)
	at org.apache.ratis.thirdparty.io.netty.util.concurrent.SingleThreadEventExecutor$5.run(SingleThreadEventExecutor.java:897)
	at org.apache.ratis.thirdparty.io.netty.util.concurrent.FastThreadLocalRunnable.run(FastThreadLocalRunnable.java:30)
	... 1 more
Caused by: java.net.ConnectException: Connection refused
	... 11 more
2019-09-25 05:32:03,308 [5c3318fc-c419-4298-b427-bf5a9ca27bf0@group-059250D1A272:LeaderElection234] INFO  impl.LeaderElection (LeaderElection.java:logAndReturn(56)) - 5c3318fc-c419-4298-b427-bf5a9ca27bf0@group-059250D1A272:LeaderElection234: Election REJECTED; received 0 response(s) [] and 2 exception(s); 5c3318fc-c419-4298-b427-bf5a9ca27bf0@group-059250D1A272:t20, leader=null, voted=5c3318fc-c419-4298-b427-bf5a9ca27bf0, raftlog=5c3318fc-c419-4298-b427-bf5a9ca27bf0@group-059250D1A272-SegmentedRaftLog:OPENED:c-1,f-1,i0, conf=-1: [5c3318fc-c419-4298-b427-bf5a9ca27bf0:192.168.36.126:46795, 61946a22-29ed-4e77-8449-fae4cd9869e9:192.168.36.126:36814, 0d4a37ed-4cec-423a-a360-e4a879eb6bc0:192.168.36.126:37817], old=null
2019-09-25 05:32:03,308 [5c3318fc-c419-4298-b427-bf5a9ca27bf0@group-059250D1A272:LeaderElection234] INFO  impl.LeaderElection (LogUtils.java:infoOrTrace(149)) -   Exception 0: {}
java.util.concurrent.ExecutionException: org.apache.ratis.thirdparty.io.grpc.StatusRuntimeException: UNAVAILABLE: io exception
	at java.util.concurrent.FutureTask.report(FutureTask.java:122)
	at java.util.concurrent.FutureTask.get(FutureTask.java:192)
	at org.apache.ratis.server.impl.LeaderElection.waitForResults(LeaderElection.java:263)
	at org.apache.ratis.server.impl.LeaderElection.askForVotes(LeaderElection.java:201)
	at org.apache.ratis.server.impl.LeaderElection.run(LeaderElection.java:133)
	at java.lang.Thread.run(Thread.java:748)
Caused by: org.apache.ratis.thirdparty.io.grpc.StatusRuntimeException: UNAVAILABLE: io exception
	at org.apache.ratis.thirdparty.io.grpc.stub.ClientCalls.toStatusRuntimeException(ClientCalls.java:233)
	at org.apache.ratis.thirdparty.io.grpc.stub.ClientCalls.getUnchecked(ClientCalls.java:214)
	at org.apache.ratis.thirdparty.io.grpc.stub.ClientCalls.blockingUnaryCall(ClientCalls.java:139)
	at org.apache.ratis.proto.grpc.RaftServerProtocolServiceGrpc$RaftServerProtocolServiceBlockingStub.requestVote(RaftServerProtocolServiceGrpc.java:265)
	at org.apache.ratis.grpc.server.GrpcServerProtocolClient.requestVote(GrpcServerProtocolClient.java:90)
	at org.apache.ratis.grpc.server.GrpcService.requestVote(GrpcService.java:204)
	at org.apache.ratis.server.impl.LeaderElection.lambda$submitRequests$1(LeaderElection.java:238)
	at java.util.concurrent.FutureTask.run(FutureTask.java:266)
	at java.util.concurrent.Executors$RunnableAdapter.call(Executors.java:511)
	at java.util.concurrent.FutureTask.run(FutureTask.java:266)
	at java.util.concurrent.ThreadPoolExecutor.runWorker(ThreadPoolExecutor.java:1149)
	at java.util.concurrent.ThreadPoolExecutor$Worker.run(ThreadPoolExecutor.java:624)
	... 1 more
Caused by: org.apache.ratis.thirdparty.io.netty.channel.AbstractChannel$AnnotatedConnectException: Connection refused: /192.168.36.126:37817
	at sun.nio.ch.SocketChannelImpl.checkConnect(Native Method)
	at sun.nio.ch.SocketChannelImpl.finishConnect(SocketChannelImpl.java:717)
	at org.apache.ratis.thirdparty.io.netty.channel.socket.nio.NioSocketChannel.doFinishConnect(NioSocketChannel.java:327)
	at org.apache.ratis.thirdparty.io.netty.channel.nio.AbstractNioChannel$AbstractNioUnsafe.finishConnect(AbstractNioChannel.java:340)
	at org.apache.ratis.thirdparty.io.netty.channel.nio.NioEventLoop.processSelectedKey(NioEventLoop.java:632)
	at org.apache.ratis.thirdparty.io.netty.channel.nio.NioEventLoop.processSelectedKeysOptimized(NioEventLoop.java:579)
	at org.apache.ratis.thirdparty.io.netty.channel.nio.NioEventLoop.processSelectedKeys(NioEventLoop.java:496)
	at org.apache.ratis.thirdparty.io.netty.channel.nio.NioEventLoop.run(NioEventLoop.java:458)
	at org.apache.ratis.thirdparty.io.netty.util.concurrent.SingleThreadEventExecutor$5.run(SingleThreadEventExecutor.java:897)
	at org.apache.ratis.thirdparty.io.netty.util.concurrent.FastThreadLocalRunnable.run(FastThreadLocalRunnable.java:30)
	... 1 more
Caused by: java.net.ConnectException: Connection refused
	... 11 more
2019-09-25 05:32:03,308 [5c3318fc-c419-4298-b427-bf5a9ca27bf0@group-059250D1A272:LeaderElection234] INFO  impl.LeaderElection (LogUtils.java:infoOrTrace(149)) -   Exception 1: {}
java.util.concurrent.ExecutionException: org.apache.ratis.thirdparty.io.grpc.StatusRuntimeException: UNAVAILABLE: io exception
	at java.util.concurrent.FutureTask.report(FutureTask.java:122)
	at java.util.concurrent.FutureTask.get(FutureTask.java:192)
	at org.apache.ratis.server.impl.LeaderElection.waitForResults(LeaderElection.java:263)
	at org.apache.ratis.server.impl.LeaderElection.askForVotes(LeaderElection.java:201)
	at org.apache.ratis.server.impl.LeaderElection.run(LeaderElection.java:133)
	at java.lang.Thread.run(Thread.java:748)
Caused by: org.apache.ratis.thirdparty.io.grpc.StatusRuntimeException: UNAVAILABLE: io exception
	at org.apache.ratis.thirdparty.io.grpc.stub.ClientCalls.toStatusRuntimeException(ClientCalls.java:233)
	at org.apache.ratis.thirdparty.io.grpc.stub.ClientCalls.getUnchecked(ClientCalls.java:214)
	at org.apache.ratis.thirdparty.io.grpc.stub.ClientCalls.blockingUnaryCall(ClientCalls.java:139)
	at org.apache.ratis.proto.grpc.RaftServerProtocolServiceGrpc$RaftServerProtocolServiceBlockingStub.requestVote(RaftServerProtocolServiceGrpc.java:265)
	at org.apache.ratis.grpc.server.GrpcServerProtocolClient.requestVote(GrpcServerProtocolClient.java:90)
	at org.apache.ratis.grpc.server.GrpcService.requestVote(GrpcService.java:204)
	at org.apache.ratis.server.impl.LeaderElection.lambda$submitRequests$1(LeaderElection.java:238)
	at java.util.concurrent.FutureTask.run(FutureTask.java:266)
	at java.util.concurrent.Executors$RunnableAdapter.call(Executors.java:511)
	at java.util.concurrent.FutureTask.run(FutureTask.java:266)
	at java.util.concurrent.ThreadPoolExecutor.runWorker(ThreadPoolExecutor.java:1149)
	at java.util.concurrent.ThreadPoolExecutor$Worker.run(ThreadPoolExecutor.java:624)
	... 1 more
Caused by: org.apache.ratis.thirdparty.io.netty.channel.AbstractChannel$AnnotatedConnectException: Connection refused: /192.168.36.126:36814
	at sun.nio.ch.SocketChannelImpl.checkConnect(Native Method)
	at sun.nio.ch.SocketChannelImpl.finishConnect(SocketChannelImpl.java:717)
	at org.apache.ratis.thirdparty.io.netty.channel.socket.nio.NioSocketChannel.doFinishConnect(NioSocketChannel.java:327)
	at org.apache.ratis.thirdparty.io.netty.channel.nio.AbstractNioChannel$AbstractNioUnsafe.finishConnect(AbstractNioChannel.java:340)
	at org.apache.ratis.thirdparty.io.netty.channel.nio.NioEventLoop.processSelectedKey(NioEventLoop.java:632)
	at org.apache.ratis.thirdparty.io.netty.channel.nio.NioEventLoop.processSelectedKeysOptimized(NioEventLoop.java:579)
	at org.apache.ratis.thirdparty.io.netty.channel.nio.NioEventLoop.processSelectedKeys(NioEventLoop.java:496)
	at org.apache.ratis.thirdparty.io.netty.channel.nio.NioEventLoop.run(NioEventLoop.java:458)
	at org.apache.ratis.thirdparty.io.netty.util.concurrent.SingleThreadEventExecutor$5.run(SingleThreadEventExecutor.java:897)
	at org.apache.ratis.thirdparty.io.netty.util.concurrent.FastThreadLocalRunnable.run(FastThreadLocalRunnable.java:30)
	... 1 more
Caused by: java.net.ConnectException: Connection refused
	... 11 more
2019-09-25 05:32:03,309 [5c3318fc-c419-4298-b427-bf5a9ca27bf0@group-059250D1A272:LeaderElection234] INFO  impl.RaftServerImpl (RaftServerImpl.java:setRole(174)) - 5c3318fc-c419-4298-b427-bf5a9ca27bf0@group-059250D1A272: changes role from CANDIDATE to FOLLOWER at term 20 for DISCOVERED_A_NEW_TERM
2019-09-25 05:32:03,309 [5c3318fc-c419-4298-b427-bf5a9ca27bf0@group-059250D1A272:LeaderElection234] INFO  impl.RoleInfo (RoleInfo.java:shutdownLeaderElection(134)) - 5c3318fc-c419-4298-b427-bf5a9ca27bf0: shutdown LeaderElection
2019-09-25 05:32:03,309 [5c3318fc-c419-4298-b427-bf5a9ca27bf0@group-059250D1A272:LeaderElection234] INFO  impl.RoleInfo (RoleInfo.java:updateAndGet(143)) - 5c3318fc-c419-4298-b427-bf5a9ca27bf0: start FollowerState
2019-09-25 05:32:03,444 [Thread-1336] INFO  impl.FollowerState (FollowerState.java:run(106)) - 5c3318fc-c419-4298-b427-bf5a9ca27bf0:group-21C2C432FD88 changes to CANDIDATE, lastRpcTime:1055, electionTimeout:1055ms
2019-09-25 05:32:03,445 [Thread-1336] INFO  impl.RoleInfo (RoleInfo.java:shutdownFollowerState(121)) - 5c3318fc-c419-4298-b427-bf5a9ca27bf0: shutdown FollowerState
2019-09-25 05:32:03,445 [Thread-1336] INFO  impl.RaftServerImpl (RaftServerImpl.java:setRole(174)) - 5c3318fc-c419-4298-b427-bf5a9ca27bf0@group-21C2C432FD88: changes role from  FOLLOWER to CANDIDATE at term 20 for changeToCandidate
2019-09-25 05:32:03,445 [Thread-1336] INFO  impl.RoleInfo (RoleInfo.java:updateAndGet(143)) - 5c3318fc-c419-4298-b427-bf5a9ca27bf0: start LeaderElection
2019-09-25 05:32:03,478 [5c3318fc-c419-4298-b427-bf5a9ca27bf0@group-21C2C432FD88:LeaderElection235] INFO  impl.LeaderElection (LeaderElection.java:askForVotes(182)) - 5c3318fc-c419-4298-b427-bf5a9ca27bf0@group-21C2C432FD88:LeaderElection235: begin an election at term 21 for -1: [5c3318fc-c419-4298-b427-bf5a9ca27bf0:192.168.36.126:46795, 61946a22-29ed-4e77-8449-fae4cd9869e9:192.168.36.126:36814, 0d4a37ed-4cec-423a-a360-e4a879eb6bc0:192.168.36.126:37817], old=null
2019-09-25 05:32:03,479 [5c3318fc-c419-4298-b427-bf5a9ca27bf0@group-21C2C432FD88:LeaderElection235] INFO  impl.LeaderElection (LogUtils.java:infoOrTrace(149)) - 5c3318fc-c419-4298-b427-bf5a9ca27bf0@group-21C2C432FD88:LeaderElection235 got exception when requesting votes: {}
java.util.concurrent.ExecutionException: org.apache.ratis.thirdparty.io.grpc.StatusRuntimeException: UNAVAILABLE: io exception
	at java.util.concurrent.FutureTask.report(FutureTask.java:122)
	at java.util.concurrent.FutureTask.get(FutureTask.java:192)
	at org.apache.ratis.server.impl.LeaderElection.waitForResults(LeaderElection.java:263)
	at org.apache.ratis.server.impl.LeaderElection.askForVotes(LeaderElection.java:201)
	at org.apache.ratis.server.impl.LeaderElection.run(LeaderElection.java:133)
	at java.lang.Thread.run(Thread.java:748)
Caused by: org.apache.ratis.thirdparty.io.grpc.StatusRuntimeException: UNAVAILABLE: io exception
	at org.apache.ratis.thirdparty.io.grpc.stub.ClientCalls.toStatusRuntimeException(ClientCalls.java:233)
	at org.apache.ratis.thirdparty.io.grpc.stub.ClientCalls.getUnchecked(ClientCalls.java:214)
	at org.apache.ratis.thirdparty.io.grpc.stub.ClientCalls.blockingUnaryCall(ClientCalls.java:139)
	at org.apache.ratis.proto.grpc.RaftServerProtocolServiceGrpc$RaftServerProtocolServiceBlockingStub.requestVote(RaftServerProtocolServiceGrpc.java:265)
	at org.apache.ratis.grpc.server.GrpcServerProtocolClient.requestVote(GrpcServerProtocolClient.java:90)
	at org.apache.ratis.grpc.server.GrpcService.requestVote(GrpcService.java:204)
	at org.apache.ratis.server.impl.LeaderElection.lambda$submitRequests$1(LeaderElection.java:238)
	at java.util.concurrent.FutureTask.run(FutureTask.java:266)
	at java.util.concurrent.Executors$RunnableAdapter.call(Executors.java:511)
	at java.util.concurrent.FutureTask.run(FutureTask.java:266)
	at java.util.concurrent.ThreadPoolExecutor.runWorker(ThreadPoolExecutor.java:1149)
	at java.util.concurrent.ThreadPoolExecutor$Worker.run(ThreadPoolExecutor.java:624)
	... 1 more
Caused by: org.apache.ratis.thirdparty.io.netty.channel.AbstractChannel$AnnotatedConnectException: Connection refused: /192.168.36.126:37817
	at sun.nio.ch.SocketChannelImpl.checkConnect(Native Method)
	at sun.nio.ch.SocketChannelImpl.finishConnect(SocketChannelImpl.java:717)
	at org.apache.ratis.thirdparty.io.netty.channel.socket.nio.NioSocketChannel.doFinishConnect(NioSocketChannel.java:327)
	at org.apache.ratis.thirdparty.io.netty.channel.nio.AbstractNioChannel$AbstractNioUnsafe.finishConnect(AbstractNioChannel.java:340)
	at org.apache.ratis.thirdparty.io.netty.channel.nio.NioEventLoop.processSelectedKey(NioEventLoop.java:632)
	at org.apache.ratis.thirdparty.io.netty.channel.nio.NioEventLoop.processSelectedKeysOptimized(NioEventLoop.java:579)
	at org.apache.ratis.thirdparty.io.netty.channel.nio.NioEventLoop.processSelectedKeys(NioEventLoop.java:496)
	at org.apache.ratis.thirdparty.io.netty.channel.nio.NioEventLoop.run(NioEventLoop.java:458)
	at org.apache.ratis.thirdparty.io.netty.util.concurrent.SingleThreadEventExecutor$5.run(SingleThreadEventExecutor.java:897)
	at org.apache.ratis.thirdparty.io.netty.util.concurrent.FastThreadLocalRunnable.run(FastThreadLocalRunnable.java:30)
	... 1 more
Caused by: java.net.ConnectException: Connection refused
	... 11 more
2019-09-25 05:32:03,480 [5c3318fc-c419-4298-b427-bf5a9ca27bf0@group-21C2C432FD88:LeaderElection235] INFO  impl.LeaderElection (LogUtils.java:infoOrTrace(149)) - 5c3318fc-c419-4298-b427-bf5a9ca27bf0@group-21C2C432FD88:LeaderElection235 got exception when requesting votes: {}
java.util.concurrent.ExecutionException: org.apache.ratis.thirdparty.io.grpc.StatusRuntimeException: UNAVAILABLE: io exception
	at java.util.concurrent.FutureTask.report(FutureTask.java:122)
	at java.util.concurrent.FutureTask.get(FutureTask.java:192)
	at org.apache.ratis.server.impl.LeaderElection.waitForResults(LeaderElection.java:263)
	at org.apache.ratis.server.impl.LeaderElection.askForVotes(LeaderElection.java:201)
	at org.apache.ratis.server.impl.LeaderElection.run(LeaderElection.java:133)
	at java.lang.Thread.run(Thread.java:748)
Caused by: org.apache.ratis.thirdparty.io.grpc.StatusRuntimeException: UNAVAILABLE: io exception
	at org.apache.ratis.thirdparty.io.grpc.stub.ClientCalls.toStatusRuntimeException(ClientCalls.java:233)
	at org.apache.ratis.thirdparty.io.grpc.stub.ClientCalls.getUnchecked(ClientCalls.java:214)
	at org.apache.ratis.thirdparty.io.grpc.stub.ClientCalls.blockingUnaryCall(ClientCalls.java:139)
	at org.apache.ratis.proto.grpc.RaftServerProtocolServiceGrpc$RaftServerProtocolServiceBlockingStub.requestVote(RaftServerProtocolServiceGrpc.java:265)
	at org.apache.ratis.grpc.server.GrpcServerProtocolClient.requestVote(GrpcServerProtocolClient.java:90)
	at org.apache.ratis.grpc.server.GrpcService.requestVote(GrpcService.java:204)
	at org.apache.ratis.server.impl.LeaderElection.lambda$submitRequests$1(LeaderElection.java:238)
	at java.util.concurrent.FutureTask.run(FutureTask.java:266)
	at java.util.concurrent.Executors$RunnableAdapter.call(Executors.java:511)
	at java.util.concurrent.FutureTask.run(FutureTask.java:266)
	at java.util.concurrent.ThreadPoolExecutor.runWorker(ThreadPoolExecutor.java:1149)
	at java.util.concurrent.ThreadPoolExecutor$Worker.run(ThreadPoolExecutor.java:624)
	... 1 more
Caused by: org.apache.ratis.thirdparty.io.netty.channel.AbstractChannel$AnnotatedConnectException: Connection refused: /192.168.36.126:36814
	at sun.nio.ch.SocketChannelImpl.checkConnect(Native Method)
	at sun.nio.ch.SocketChannelImpl.finishConnect(SocketChannelImpl.java:717)
	at org.apache.ratis.thirdparty.io.netty.channel.socket.nio.NioSocketChannel.doFinishConnect(NioSocketChannel.java:327)
	at org.apache.ratis.thirdparty.io.netty.channel.nio.AbstractNioChannel$AbstractNioUnsafe.finishConnect(AbstractNioChannel.java:340)
	at org.apache.ratis.thirdparty.io.netty.channel.nio.NioEventLoop.processSelectedKey(NioEventLoop.java:632)
	at org.apache.ratis.thirdparty.io.netty.channel.nio.NioEventLoop.processSelectedKeysOptimized(NioEventLoop.java:579)
	at org.apache.ratis.thirdparty.io.netty.channel.nio.NioEventLoop.processSelectedKeys(NioEventLoop.java:496)
	at org.apache.ratis.thirdparty.io.netty.channel.nio.NioEventLoop.run(NioEventLoop.java:458)
	at org.apache.ratis.thirdparty.io.netty.util.concurrent.SingleThreadEventExecutor$5.run(SingleThreadEventExecutor.java:897)
	at org.apache.ratis.thirdparty.io.netty.util.concurrent.FastThreadLocalRunnable.run(FastThreadLocalRunnable.java:30)
	... 1 more
Caused by: java.net.ConnectException: Connection refused
	... 11 more
2019-09-25 05:32:03,480 [5c3318fc-c419-4298-b427-bf5a9ca27bf0@group-21C2C432FD88:LeaderElection235] INFO  impl.LeaderElection (LeaderElection.java:logAndReturn(56)) - 5c3318fc-c419-4298-b427-bf5a9ca27bf0@group-21C2C432FD88:LeaderElection235: Election REJECTED; received 0 response(s) [] and 2 exception(s); 5c3318fc-c419-4298-b427-bf5a9ca27bf0@group-21C2C432FD88:t21, leader=null, voted=5c3318fc-c419-4298-b427-bf5a9ca27bf0, raftlog=5c3318fc-c419-4298-b427-bf5a9ca27bf0@group-21C2C432FD88-SegmentedRaftLog:OPENED:c-1,f-1,i0, conf=-1: [5c3318fc-c419-4298-b427-bf5a9ca27bf0:192.168.36.126:46795, 61946a22-29ed-4e77-8449-fae4cd9869e9:192.168.36.126:36814, 0d4a37ed-4cec-423a-a360-e4a879eb6bc0:192.168.36.126:37817], old=null
2019-09-25 05:32:03,480 [5c3318fc-c419-4298-b427-bf5a9ca27bf0@group-21C2C432FD88:LeaderElection235] INFO  impl.LeaderElection (LogUtils.java:infoOrTrace(149)) -   Exception 0: {}
java.util.concurrent.ExecutionException: org.apache.ratis.thirdparty.io.grpc.StatusRuntimeException: UNAVAILABLE: io exception
	at java.util.concurrent.FutureTask.report(FutureTask.java:122)
	at java.util.concurrent.FutureTask.get(FutureTask.java:192)
	at org.apache.ratis.server.impl.LeaderElection.waitForResults(LeaderElection.java:263)
	at org.apache.ratis.server.impl.LeaderElection.askForVotes(LeaderElection.java:201)
	at org.apache.ratis.server.impl.LeaderElection.run(LeaderElection.java:133)
	at java.lang.Thread.run(Thread.java:748)
Caused by: org.apache.ratis.thirdparty.io.grpc.StatusRuntimeException: UNAVAILABLE: io exception
	at org.apache.ratis.thirdparty.io.grpc.stub.ClientCalls.toStatusRuntimeException(ClientCalls.java:233)
	at org.apache.ratis.thirdparty.io.grpc.stub.ClientCalls.getUnchecked(ClientCalls.java:214)
	at org.apache.ratis.thirdparty.io.grpc.stub.ClientCalls.blockingUnaryCall(ClientCalls.java:139)
	at org.apache.ratis.proto.grpc.RaftServerProtocolServiceGrpc$RaftServerProtocolServiceBlockingStub.requestVote(RaftServerProtocolServiceGrpc.java:265)
	at org.apache.ratis.grpc.server.GrpcServerProtocolClient.requestVote(GrpcServerProtocolClient.java:90)
	at org.apache.ratis.grpc.server.GrpcService.requestVote(GrpcService.java:204)
	at org.apache.ratis.server.impl.LeaderElection.lambda$submitRequests$1(LeaderElection.java:238)
	at java.util.concurrent.FutureTask.run(FutureTask.java:266)
	at java.util.concurrent.Executors$RunnableAdapter.call(Executors.java:511)
	at java.util.concurrent.FutureTask.run(FutureTask.java:266)
	at java.util.concurrent.ThreadPoolExecutor.runWorker(ThreadPoolExecutor.java:1149)
	at java.util.concurrent.ThreadPoolExecutor$Worker.run(ThreadPoolExecutor.java:624)
	... 1 more
Caused by: org.apache.ratis.thirdparty.io.netty.channel.AbstractChannel$AnnotatedConnectException: Connection refused: /192.168.36.126:37817
	at sun.nio.ch.SocketChannelImpl.checkConnect(Native Method)
	at sun.nio.ch.SocketChannelImpl.finishConnect(SocketChannelImpl.java:717)
	at org.apache.ratis.thirdparty.io.netty.channel.socket.nio.NioSocketChannel.doFinishConnect(NioSocketChannel.java:327)
	at org.apache.ratis.thirdparty.io.netty.channel.nio.AbstractNioChannel$AbstractNioUnsafe.finishConnect(AbstractNioChannel.java:340)
	at org.apache.ratis.thirdparty.io.netty.channel.nio.NioEventLoop.processSelectedKey(NioEventLoop.java:632)
	at org.apache.ratis.thirdparty.io.netty.channel.nio.NioEventLoop.processSelectedKeysOptimized(NioEventLoop.java:579)
	at org.apache.ratis.thirdparty.io.netty.channel.nio.NioEventLoop.processSelectedKeys(NioEventLoop.java:496)
	at org.apache.ratis.thirdparty.io.netty.channel.nio.NioEventLoop.run(NioEventLoop.java:458)
	at org.apache.ratis.thirdparty.io.netty.util.concurrent.SingleThreadEventExecutor$5.run(SingleThreadEventExecutor.java:897)
	at org.apache.ratis.thirdparty.io.netty.util.concurrent.FastThreadLocalRunnable.run(FastThreadLocalRunnable.java:30)
	... 1 more
Caused by: java.net.ConnectException: Connection refused
	... 11 more
2019-09-25 05:32:03,481 [5c3318fc-c419-4298-b427-bf5a9ca27bf0@group-21C2C432FD88:LeaderElection235] INFO  impl.LeaderElection (LogUtils.java:infoOrTrace(149)) -   Exception 1: {}
java.util.concurrent.ExecutionException: org.apache.ratis.thirdparty.io.grpc.StatusRuntimeException: UNAVAILABLE: io exception
	at java.util.concurrent.FutureTask.report(FutureTask.java:122)
	at java.util.concurrent.FutureTask.get(FutureTask.java:192)
	at org.apache.ratis.server.impl.LeaderElection.waitForResults(LeaderElection.java:263)
	at org.apache.ratis.server.impl.LeaderElection.askForVotes(LeaderElection.java:201)
	at org.apache.ratis.server.impl.LeaderElection.run(LeaderElection.java:133)
	at java.lang.Thread.run(Thread.java:748)
Caused by: org.apache.ratis.thirdparty.io.grpc.StatusRuntimeException: UNAVAILABLE: io exception
	at org.apache.ratis.thirdparty.io.grpc.stub.ClientCalls.toStatusRuntimeException(ClientCalls.java:233)
	at org.apache.ratis.thirdparty.io.grpc.stub.ClientCalls.getUnchecked(ClientCalls.java:214)
	at org.apache.ratis.thirdparty.io.grpc.stub.ClientCalls.blockingUnaryCall(ClientCalls.java:139)
	at org.apache.ratis.proto.grpc.RaftServerProtocolServiceGrpc$RaftServerProtocolServiceBlockingStub.requestVote(RaftServerProtocolServiceGrpc.java:265)
	at org.apache.ratis.grpc.server.GrpcServerProtocolClient.requestVote(GrpcServerProtocolClient.java:90)
	at org.apache.ratis.grpc.server.GrpcService.requestVote(GrpcService.java:204)
	at org.apache.ratis.server.impl.LeaderElection.lambda$submitRequests$1(LeaderElection.java:238)
	at java.util.concurrent.FutureTask.run(FutureTask.java:266)
	at java.util.concurrent.Executors$RunnableAdapter.call(Executors.java:511)
	at java.util.concurrent.FutureTask.run(FutureTask.java:266)
	at java.util.concurrent.ThreadPoolExecutor.runWorker(ThreadPoolExecutor.java:1149)
	at java.util.concurrent.ThreadPoolExecutor$Worker.run(ThreadPoolExecutor.java:624)
	... 1 more
Caused by: org.apache.ratis.thirdparty.io.netty.channel.AbstractChannel$AnnotatedConnectException: Connection refused: /192.168.36.126:36814
	at sun.nio.ch.SocketChannelImpl.checkConnect(Native Method)
	at sun.nio.ch.SocketChannelImpl.finishConnect(SocketChannelImpl.java:717)
	at org.apache.ratis.thirdparty.io.netty.channel.socket.nio.NioSocketChannel.doFinishConnect(NioSocketChannel.java:327)
	at org.apache.ratis.thirdparty.io.netty.channel.nio.AbstractNioChannel$AbstractNioUnsafe.finishConnect(AbstractNioChannel.java:340)
	at org.apache.ratis.thirdparty.io.netty.channel.nio.NioEventLoop.processSelectedKey(NioEventLoop.java:632)
	at org.apache.ratis.thirdparty.io.netty.channel.nio.NioEventLoop.processSelectedKeysOptimized(NioEventLoop.java:579)
	at org.apache.ratis.thirdparty.io.netty.channel.nio.NioEventLoop.processSelectedKeys(NioEventLoop.java:496)
	at org.apache.ratis.thirdparty.io.netty.channel.nio.NioEventLoop.run(NioEventLoop.java:458)
	at org.apache.ratis.thirdparty.io.netty.util.concurrent.SingleThreadEventExecutor$5.run(SingleThreadEventExecutor.java:897)
	at org.apache.ratis.thirdparty.io.netty.util.concurrent.FastThreadLocalRunnable.run(FastThreadLocalRunnable.java:30)
	... 1 more
Caused by: java.net.ConnectException: Connection refused
	... 11 more
2019-09-25 05:32:03,481 [5c3318fc-c419-4298-b427-bf5a9ca27bf0@group-21C2C432FD88:LeaderElection235] INFO  impl.RaftServerImpl (RaftServerImpl.java:setRole(174)) - 5c3318fc-c419-4298-b427-bf5a9ca27bf0@group-21C2C432FD88: changes role from CANDIDATE to FOLLOWER at term 21 for DISCOVERED_A_NEW_TERM
2019-09-25 05:32:03,481 [5c3318fc-c419-4298-b427-bf5a9ca27bf0@group-21C2C432FD88:LeaderElection235] INFO  impl.RoleInfo (RoleInfo.java:shutdownLeaderElection(134)) - 5c3318fc-c419-4298-b427-bf5a9ca27bf0: shutdown LeaderElection
2019-09-25 05:32:03,481 [5c3318fc-c419-4298-b427-bf5a9ca27bf0@group-21C2C432FD88:LeaderElection235] INFO  impl.RoleInfo (RoleInfo.java:updateAndGet(143)) - 5c3318fc-c419-4298-b427-bf5a9ca27bf0: start FollowerState
2019-09-25 05:32:03,557 [Thread-1340] INFO  impl.FollowerState (FollowerState.java:run(106)) - 616f9f8f-9479-40f4-8c03-f125dcbf9c7f:group-60724A24602F changes to CANDIDATE, lastRpcTime:1131, electionTimeout:1131ms
2019-09-25 05:32:03,557 [Thread-1340] INFO  impl.RoleInfo (RoleInfo.java:shutdownFollowerState(121)) - 616f9f8f-9479-40f4-8c03-f125dcbf9c7f: shutdown FollowerState
2019-09-25 05:32:03,557 [Thread-1340] INFO  impl.RaftServerImpl (RaftServerImpl.java:setRole(174)) - 616f9f8f-9479-40f4-8c03-f125dcbf9c7f@group-60724A24602F: changes role from  FOLLOWER to CANDIDATE at term 19 for changeToCandidate
2019-09-25 05:32:03,558 [Thread-1340] INFO  impl.RoleInfo (RoleInfo.java:updateAndGet(143)) - 616f9f8f-9479-40f4-8c03-f125dcbf9c7f: start LeaderElection
2019-09-25 05:32:03,584 [616f9f8f-9479-40f4-8c03-f125dcbf9c7f@group-60724A24602F:LeaderElection236] INFO  impl.LeaderElection (LeaderElection.java:askForVotes(182)) - 616f9f8f-9479-40f4-8c03-f125dcbf9c7f@group-60724A24602F:LeaderElection236: begin an election at term 20 for -1: [616f9f8f-9479-40f4-8c03-f125dcbf9c7f:192.168.36.126:39694, e997a993-6131-47bf-96c8-764e04cb5c0e:192.168.36.126:37678, fd2f3f79-5d7b-4d37-bb24-b15dfe7f18d7:192.168.36.126:42280], old=null
2019-09-25 05:32:03,586 [616f9f8f-9479-40f4-8c03-f125dcbf9c7f@group-60724A24602F:LeaderElection236] INFO  impl.LeaderElection (LogUtils.java:infoOrTrace(149)) - 616f9f8f-9479-40f4-8c03-f125dcbf9c7f@group-60724A24602F:LeaderElection236 got exception when requesting votes: {}
java.util.concurrent.ExecutionException: org.apache.ratis.thirdparty.io.grpc.StatusRuntimeException: UNAVAILABLE: io exception
	at java.util.concurrent.FutureTask.report(FutureTask.java:122)
	at java.util.concurrent.FutureTask.get(FutureTask.java:192)
	at org.apache.ratis.server.impl.LeaderElection.waitForResults(LeaderElection.java:263)
	at org.apache.ratis.server.impl.LeaderElection.askForVotes(LeaderElection.java:201)
	at org.apache.ratis.server.impl.LeaderElection.run(LeaderElection.java:133)
	at java.lang.Thread.run(Thread.java:748)
Caused by: org.apache.ratis.thirdparty.io.grpc.StatusRuntimeException: UNAVAILABLE: io exception
	at org.apache.ratis.thirdparty.io.grpc.stub.ClientCalls.toStatusRuntimeException(ClientCalls.java:233)
	at org.apache.ratis.thirdparty.io.grpc.stub.ClientCalls.getUnchecked(ClientCalls.java:214)
	at org.apache.ratis.thirdparty.io.grpc.stub.ClientCalls.blockingUnaryCall(ClientCalls.java:139)
	at org.apache.ratis.proto.grpc.RaftServerProtocolServiceGrpc$RaftServerProtocolServiceBlockingStub.requestVote(RaftServerProtocolServiceGrpc.java:265)
	at org.apache.ratis.grpc.server.GrpcServerProtocolClient.requestVote(GrpcServerProtocolClient.java:90)
	at org.apache.ratis.grpc.server.GrpcService.requestVote(GrpcService.java:204)
	at org.apache.ratis.server.impl.LeaderElection.lambda$submitRequests$1(LeaderElection.java:238)
	at java.util.concurrent.FutureTask.run(FutureTask.java:266)
	at java.util.concurrent.Executors$RunnableAdapter.call(Executors.java:511)
	at java.util.concurrent.FutureTask.run(FutureTask.java:266)
	at java.util.concurrent.ThreadPoolExecutor.runWorker(ThreadPoolExecutor.java:1149)
	at java.util.concurrent.ThreadPoolExecutor$Worker.run(ThreadPoolExecutor.java:624)
	... 1 more
Caused by: org.apache.ratis.thirdparty.io.netty.channel.AbstractChannel$AnnotatedConnectException: Connection refused: /192.168.36.126:37678
	at sun.nio.ch.SocketChannelImpl.checkConnect(Native Method)
	at sun.nio.ch.SocketChannelImpl.finishConnect(SocketChannelImpl.java:717)
	at org.apache.ratis.thirdparty.io.netty.channel.socket.nio.NioSocketChannel.doFinishConnect(NioSocketChannel.java:327)
	at org.apache.ratis.thirdparty.io.netty.channel.nio.AbstractNioChannel$AbstractNioUnsafe.finishConnect(AbstractNioChannel.java:340)
	at org.apache.ratis.thirdparty.io.netty.channel.nio.NioEventLoop.processSelectedKey(NioEventLoop.java:632)
	at org.apache.ratis.thirdparty.io.netty.channel.nio.NioEventLoop.processSelectedKeysOptimized(NioEventLoop.java:579)
	at org.apache.ratis.thirdparty.io.netty.channel.nio.NioEventLoop.processSelectedKeys(NioEventLoop.java:496)
	at org.apache.ratis.thirdparty.io.netty.channel.nio.NioEventLoop.run(NioEventLoop.java:458)
	at org.apache.ratis.thirdparty.io.netty.util.concurrent.SingleThreadEventExecutor$5.run(SingleThreadEventExecutor.java:897)
	at org.apache.ratis.thirdparty.io.netty.util.concurrent.FastThreadLocalRunnable.run(FastThreadLocalRunnable.java:30)
	... 1 more
Caused by: java.net.ConnectException: Connection refused
	... 11 more
2019-09-25 05:32:03,586 [616f9f8f-9479-40f4-8c03-f125dcbf9c7f@group-60724A24602F:LeaderElection236] INFO  impl.LeaderElection (LogUtils.java:infoOrTrace(149)) - 616f9f8f-9479-40f4-8c03-f125dcbf9c7f@group-60724A24602F:LeaderElection236 got exception when requesting votes: {}
java.util.concurrent.ExecutionException: org.apache.ratis.thirdparty.io.grpc.StatusRuntimeException: UNAVAILABLE: io exception
	at java.util.concurrent.FutureTask.report(FutureTask.java:122)
	at java.util.concurrent.FutureTask.get(FutureTask.java:192)
	at org.apache.ratis.server.impl.LeaderElection.waitForResults(LeaderElection.java:263)
	at org.apache.ratis.server.impl.LeaderElection.askForVotes(LeaderElection.java:201)
	at org.apache.ratis.server.impl.LeaderElection.run(LeaderElection.java:133)
	at java.lang.Thread.run(Thread.java:748)
Caused by: org.apache.ratis.thirdparty.io.grpc.StatusRuntimeException: UNAVAILABLE: io exception
	at org.apache.ratis.thirdparty.io.grpc.stub.ClientCalls.toStatusRuntimeException(ClientCalls.java:233)
	at org.apache.ratis.thirdparty.io.grpc.stub.ClientCalls.getUnchecked(ClientCalls.java:214)
	at org.apache.ratis.thirdparty.io.grpc.stub.ClientCalls.blockingUnaryCall(ClientCalls.java:139)
	at org.apache.ratis.proto.grpc.RaftServerProtocolServiceGrpc$RaftServerProtocolServiceBlockingStub.requestVote(RaftServerProtocolServiceGrpc.java:265)
	at org.apache.ratis.grpc.server.GrpcServerProtocolClient.requestVote(GrpcServerProtocolClient.java:90)
	at org.apache.ratis.grpc.server.GrpcService.requestVote(GrpcService.java:204)
	at org.apache.ratis.server.impl.LeaderElection.lambda$submitRequests$1(LeaderElection.java:238)
	at java.util.concurrent.FutureTask.run(FutureTask.java:266)
	at java.util.concurrent.Executors$RunnableAdapter.call(Executors.java:511)
	at java.util.concurrent.FutureTask.run(FutureTask.java:266)
	at java.util.concurrent.ThreadPoolExecutor.runWorker(ThreadPoolExecutor.java:1149)
	at java.util.concurrent.ThreadPoolExecutor$Worker.run(ThreadPoolExecutor.java:624)
	... 1 more
Caused by: org.apache.ratis.thirdparty.io.netty.channel.AbstractChannel$AnnotatedConnectException: Connection refused: /192.168.36.126:42280
	at sun.nio.ch.SocketChannelImpl.checkConnect(Native Method)
	at sun.nio.ch.SocketChannelImpl.finishConnect(SocketChannelImpl.java:717)
	at org.apache.ratis.thirdparty.io.netty.channel.socket.nio.NioSocketChannel.doFinishConnect(NioSocketChannel.java:327)
	at org.apache.ratis.thirdparty.io.netty.channel.nio.AbstractNioChannel$AbstractNioUnsafe.finishConnect(AbstractNioChannel.java:340)
	at org.apache.ratis.thirdparty.io.netty.channel.nio.NioEventLoop.processSelectedKey(NioEventLoop.java:632)
	at org.apache.ratis.thirdparty.io.netty.channel.nio.NioEventLoop.processSelectedKeysOptimized(NioEventLoop.java:579)
	at org.apache.ratis.thirdparty.io.netty.channel.nio.NioEventLoop.processSelectedKeys(NioEventLoop.java:496)
	at org.apache.ratis.thirdparty.io.netty.channel.nio.NioEventLoop.run(NioEventLoop.java:458)
	at org.apache.ratis.thirdparty.io.netty.util.concurrent.SingleThreadEventExecutor$5.run(SingleThreadEventExecutor.java:897)
	at org.apache.ratis.thirdparty.io.netty.util.concurrent.FastThreadLocalRunnable.run(FastThreadLocalRunnable.java:30)
	... 1 more
Caused by: java.net.ConnectException: Connection refused
	... 11 more
2019-09-25 05:32:03,587 [616f9f8f-9479-40f4-8c03-f125dcbf9c7f@group-60724A24602F:LeaderElection236] INFO  impl.LeaderElection (LeaderElection.java:logAndReturn(56)) - 616f9f8f-9479-40f4-8c03-f125dcbf9c7f@group-60724A24602F:LeaderElection236: Election REJECTED; received 0 response(s) [] and 2 exception(s); 616f9f8f-9479-40f4-8c03-f125dcbf9c7f@group-60724A24602F:t20, leader=null, voted=616f9f8f-9479-40f4-8c03-f125dcbf9c7f, raftlog=616f9f8f-9479-40f4-8c03-f125dcbf9c7f@group-60724A24602F-SegmentedRaftLog:OPENED:c-1,f-1,i0, conf=-1: [616f9f8f-9479-40f4-8c03-f125dcbf9c7f:192.168.36.126:39694, e997a993-6131-47bf-96c8-764e04cb5c0e:192.168.36.126:37678, fd2f3f79-5d7b-4d37-bb24-b15dfe7f18d7:192.168.36.126:42280], old=null
2019-09-25 05:32:03,587 [616f9f8f-9479-40f4-8c03-f125dcbf9c7f@group-60724A24602F:LeaderElection236] INFO  impl.LeaderElection (LogUtils.java:infoOrTrace(149)) -   Exception 0: {}
java.util.concurrent.ExecutionException: org.apache.ratis.thirdparty.io.grpc.StatusRuntimeException: UNAVAILABLE: io exception
	at java.util.concurrent.FutureTask.report(FutureTask.java:122)
	at java.util.concurrent.FutureTask.get(FutureTask.java:192)
	at org.apache.ratis.server.impl.LeaderElection.waitForResults(LeaderElection.java:263)
	at org.apache.ratis.server.impl.LeaderElection.askForVotes(LeaderElection.java:201)
	at org.apache.ratis.server.impl.LeaderElection.run(LeaderElection.java:133)
	at java.lang.Thread.run(Thread.java:748)
Caused by: org.apache.ratis.thirdparty.io.grpc.StatusRuntimeException: UNAVAILABLE: io exception
	at org.apache.ratis.thirdparty.io.grpc.stub.ClientCalls.toStatusRuntimeException(ClientCalls.java:233)
	at org.apache.ratis.thirdparty.io.grpc.stub.ClientCalls.getUnchecked(ClientCalls.java:214)
	at org.apache.ratis.thirdparty.io.grpc.stub.ClientCalls.blockingUnaryCall(ClientCalls.java:139)
	at org.apache.ratis.proto.grpc.RaftServerProtocolServiceGrpc$RaftServerProtocolServiceBlockingStub.requestVote(RaftServerProtocolServiceGrpc.java:265)
	at org.apache.ratis.grpc.server.GrpcServerProtocolClient.requestVote(GrpcServerProtocolClient.java:90)
	at org.apache.ratis.grpc.server.GrpcService.requestVote(GrpcService.java:204)
	at org.apache.ratis.server.impl.LeaderElection.lambda$submitRequests$1(LeaderElection.java:238)
	at java.util.concurrent.FutureTask.run(FutureTask.java:266)
	at java.util.concurrent.Executors$RunnableAdapter.call(Executors.java:511)
	at java.util.concurrent.FutureTask.run(FutureTask.java:266)
	at java.util.concurrent.ThreadPoolExecutor.runWorker(ThreadPoolExecutor.java:1149)
	at java.util.concurrent.ThreadPoolExecutor$Worker.run(ThreadPoolExecutor.java:624)
	... 1 more
Caused by: org.apache.ratis.thirdparty.io.netty.channel.AbstractChannel$AnnotatedConnectException: Connection refused: /192.168.36.126:37678
	at sun.nio.ch.SocketChannelImpl.checkConnect(Native Method)
	at sun.nio.ch.SocketChannelImpl.finishConnect(SocketChannelImpl.java:717)
	at org.apache.ratis.thirdparty.io.netty.channel.socket.nio.NioSocketChannel.doFinishConnect(NioSocketChannel.java:327)
	at org.apache.ratis.thirdparty.io.netty.channel.nio.AbstractNioChannel$AbstractNioUnsafe.finishConnect(AbstractNioChannel.java:340)
	at org.apache.ratis.thirdparty.io.netty.channel.nio.NioEventLoop.processSelectedKey(NioEventLoop.java:632)
	at org.apache.ratis.thirdparty.io.netty.channel.nio.NioEventLoop.processSelectedKeysOptimized(NioEventLoop.java:579)
	at org.apache.ratis.thirdparty.io.netty.channel.nio.NioEventLoop.processSelectedKeys(NioEventLoop.java:496)
	at org.apache.ratis.thirdparty.io.netty.channel.nio.NioEventLoop.run(NioEventLoop.java:458)
	at org.apache.ratis.thirdparty.io.netty.util.concurrent.SingleThreadEventExecutor$5.run(SingleThreadEventExecutor.java:897)
	at org.apache.ratis.thirdparty.io.netty.util.concurrent.FastThreadLocalRunnable.run(FastThreadLocalRunnable.java:30)
	... 1 more
Caused by: java.net.ConnectException: Connection refused
	... 11 more
2019-09-25 05:32:03,587 [616f9f8f-9479-40f4-8c03-f125dcbf9c7f@group-60724A24602F:LeaderElection236] INFO  impl.LeaderElection (LogUtils.java:infoOrTrace(149)) -   Exception 1: {}
java.util.concurrent.ExecutionException: org.apache.ratis.thirdparty.io.grpc.StatusRuntimeException: UNAVAILABLE: io exception
	at java.util.concurrent.FutureTask.report(FutureTask.java:122)
	at java.util.concurrent.FutureTask.get(FutureTask.java:192)
	at org.apache.ratis.server.impl.LeaderElection.waitForResults(LeaderElection.java:263)
	at org.apache.ratis.server.impl.LeaderElection.askForVotes(LeaderElection.java:201)
	at org.apache.ratis.server.impl.LeaderElection.run(LeaderElection.java:133)
	at java.lang.Thread.run(Thread.java:748)
Caused by: org.apache.ratis.thirdparty.io.grpc.StatusRuntimeException: UNAVAILABLE: io exception
	at org.apache.ratis.thirdparty.io.grpc.stub.ClientCalls.toStatusRuntimeException(ClientCalls.java:233)
	at org.apache.ratis.thirdparty.io.grpc.stub.ClientCalls.getUnchecked(ClientCalls.java:214)
	at org.apache.ratis.thirdparty.io.grpc.stub.ClientCalls.blockingUnaryCall(ClientCalls.java:139)
	at org.apache.ratis.proto.grpc.RaftServerProtocolServiceGrpc$RaftServerProtocolServiceBlockingStub.requestVote(RaftServerProtocolServiceGrpc.java:265)
	at org.apache.ratis.grpc.server.GrpcServerProtocolClient.requestVote(GrpcServerProtocolClient.java:90)
	at org.apache.ratis.grpc.server.GrpcService.requestVote(GrpcService.java:204)
	at org.apache.ratis.server.impl.LeaderElection.lambda$submitRequests$1(LeaderElection.java:238)
	at java.util.concurrent.FutureTask.run(FutureTask.java:266)
	at java.util.concurrent.Executors$RunnableAdapter.call(Executors.java:511)
	at java.util.concurrent.FutureTask.run(FutureTask.java:266)
	at java.util.concurrent.ThreadPoolExecutor.runWorker(ThreadPoolExecutor.java:1149)
	at java.util.concurrent.ThreadPoolExecutor$Worker.run(ThreadPoolExecutor.java:624)
	... 1 more
Caused by: org.apache.ratis.thirdparty.io.netty.channel.AbstractChannel$AnnotatedConnectException: Connection refused: /192.168.36.126:42280
	at sun.nio.ch.SocketChannelImpl.checkConnect(Native Method)
	at sun.nio.ch.SocketChannelImpl.finishConnect(SocketChannelImpl.java:717)
	at org.apache.ratis.thirdparty.io.netty.channel.socket.nio.NioSocketChannel.doFinishConnect(NioSocketChannel.java:327)
	at org.apache.ratis.thirdparty.io.netty.channel.nio.AbstractNioChannel$AbstractNioUnsafe.finishConnect(AbstractNioChannel.java:340)
	at org.apache.ratis.thirdparty.io.netty.channel.nio.NioEventLoop.processSelectedKey(NioEventLoop.java:632)
	at org.apache.ratis.thirdparty.io.netty.channel.nio.NioEventLoop.processSelectedKeysOptimized(NioEventLoop.java:579)
	at org.apache.ratis.thirdparty.io.netty.channel.nio.NioEventLoop.processSelectedKeys(NioEventLoop.java:496)
	at org.apache.ratis.thirdparty.io.netty.channel.nio.NioEventLoop.run(NioEventLoop.java:458)
	at org.apache.ratis.thirdparty.io.netty.util.concurrent.SingleThreadEventExecutor$5.run(SingleThreadEventExecutor.java:897)
	at org.apache.ratis.thirdparty.io.netty.util.concurrent.FastThreadLocalRunnable.run(FastThreadLocalRunnable.java:30)
	... 1 more
Caused by: java.net.ConnectException: Connection refused
	... 11 more
2019-09-25 05:32:03,588 [616f9f8f-9479-40f4-8c03-f125dcbf9c7f@group-60724A24602F:LeaderElection236] INFO  impl.RaftServerImpl (RaftServerImpl.java:setRole(174)) - 616f9f8f-9479-40f4-8c03-f125dcbf9c7f@group-60724A24602F: changes role from CANDIDATE to FOLLOWER at term 20 for DISCOVERED_A_NEW_TERM
2019-09-25 05:32:03,588 [616f9f8f-9479-40f4-8c03-f125dcbf9c7f@group-60724A24602F:LeaderElection236] INFO  impl.RoleInfo (RoleInfo.java:shutdownLeaderElection(134)) - 616f9f8f-9479-40f4-8c03-f125dcbf9c7f: shutdown LeaderElection
2019-09-25 05:32:03,588 [616f9f8f-9479-40f4-8c03-f125dcbf9c7f@group-60724A24602F:LeaderElection236] INFO  impl.RoleInfo (RoleInfo.java:updateAndGet(143)) - 616f9f8f-9479-40f4-8c03-f125dcbf9c7f: start FollowerState
2019-09-25 05:32:04,467 [Thread-1344] INFO  impl.FollowerState (FollowerState.java:run(106)) - 5c3318fc-c419-4298-b427-bf5a9ca27bf0:group-059250D1A272 changes to CANDIDATE, lastRpcTime:1157, electionTimeout:1157ms
2019-09-25 05:32:04,467 [Thread-1344] INFO  impl.RoleInfo (RoleInfo.java:shutdownFollowerState(121)) - 5c3318fc-c419-4298-b427-bf5a9ca27bf0: shutdown FollowerState
2019-09-25 05:32:04,467 [Thread-1344] INFO  impl.RaftServerImpl (RaftServerImpl.java:setRole(174)) - 5c3318fc-c419-4298-b427-bf5a9ca27bf0@group-059250D1A272: changes role from  FOLLOWER to CANDIDATE at term 20 for changeToCandidate
2019-09-25 05:32:04,468 [Thread-1344] INFO  impl.RoleInfo (RoleInfo.java:updateAndGet(143)) - 5c3318fc-c419-4298-b427-bf5a9ca27bf0: start LeaderElection
2019-09-25 05:32:04,491 [5c3318fc-c419-4298-b427-bf5a9ca27bf0@group-059250D1A272:LeaderElection237] INFO  impl.LeaderElection (LeaderElection.java:askForVotes(182)) - 5c3318fc-c419-4298-b427-bf5a9ca27bf0@group-059250D1A272:LeaderElection237: begin an election at term 21 for -1: [5c3318fc-c419-4298-b427-bf5a9ca27bf0:192.168.36.126:46795, 61946a22-29ed-4e77-8449-fae4cd9869e9:192.168.36.126:36814, 0d4a37ed-4cec-423a-a360-e4a879eb6bc0:192.168.36.126:37817], old=null
2019-09-25 05:32:04,493 [5c3318fc-c419-4298-b427-bf5a9ca27bf0@group-059250D1A272:LeaderElection237] INFO  impl.LeaderElection (LogUtils.java:infoOrTrace(149)) - 5c3318fc-c419-4298-b427-bf5a9ca27bf0@group-059250D1A272:LeaderElection237 got exception when requesting votes: {}
java.util.concurrent.ExecutionException: org.apache.ratis.thirdparty.io.grpc.StatusRuntimeException: UNAVAILABLE: io exception
	at java.util.concurrent.FutureTask.report(FutureTask.java:122)
	at java.util.concurrent.FutureTask.get(FutureTask.java:192)
	at org.apache.ratis.server.impl.LeaderElection.waitForResults(LeaderElection.java:263)
	at org.apache.ratis.server.impl.LeaderElection.askForVotes(LeaderElection.java:201)
	at org.apache.ratis.server.impl.LeaderElection.run(LeaderElection.java:133)
	at java.lang.Thread.run(Thread.java:748)
Caused by: org.apache.ratis.thirdparty.io.grpc.StatusRuntimeException: UNAVAILABLE: io exception
	at org.apache.ratis.thirdparty.io.grpc.stub.ClientCalls.toStatusRuntimeException(ClientCalls.java:233)
	at org.apache.ratis.thirdparty.io.grpc.stub.ClientCalls.getUnchecked(ClientCalls.java:214)
	at org.apache.ratis.thirdparty.io.grpc.stub.ClientCalls.blockingUnaryCall(ClientCalls.java:139)
	at org.apache.ratis.proto.grpc.RaftServerProtocolServiceGrpc$RaftServerProtocolServiceBlockingStub.requestVote(RaftServerProtocolServiceGrpc.java:265)
	at org.apache.ratis.grpc.server.GrpcServerProtocolClient.requestVote(GrpcServerProtocolClient.java:90)
	at org.apache.ratis.grpc.server.GrpcService.requestVote(GrpcService.java:204)
	at org.apache.ratis.server.impl.LeaderElection.lambda$submitRequests$1(LeaderElection.java:238)
	at java.util.concurrent.FutureTask.run(FutureTask.java:266)
	at java.util.concurrent.Executors$RunnableAdapter.call(Executors.java:511)
	at java.util.concurrent.FutureTask.run(FutureTask.java:266)
	at java.util.concurrent.ThreadPoolExecutor.runWorker(ThreadPoolExecutor.java:1149)
	at java.util.concurrent.ThreadPoolExecutor$Worker.run(ThreadPoolExecutor.java:624)
	... 1 more
Caused by: org.apache.ratis.thirdparty.io.netty.channel.AbstractChannel$AnnotatedConnectException: Connection refused: /192.168.36.126:36814
	at sun.nio.ch.SocketChannelImpl.checkConnect(Native Method)
	at sun.nio.ch.SocketChannelImpl.finishConnect(SocketChannelImpl.java:717)
	at org.apache.ratis.thirdparty.io.netty.channel.socket.nio.NioSocketChannel.doFinishConnect(NioSocketChannel.java:327)
	at org.apache.ratis.thirdparty.io.netty.channel.nio.AbstractNioChannel$AbstractNioUnsafe.finishConnect(AbstractNioChannel.java:340)
	at org.apache.ratis.thirdparty.io.netty.channel.nio.NioEventLoop.processSelectedKey(NioEventLoop.java:632)
	at org.apache.ratis.thirdparty.io.netty.channel.nio.NioEventLoop.processSelectedKeysOptimized(NioEventLoop.java:579)
	at org.apache.ratis.thirdparty.io.netty.channel.nio.NioEventLoop.processSelectedKeys(NioEventLoop.java:496)
	at org.apache.ratis.thirdparty.io.netty.channel.nio.NioEventLoop.run(NioEventLoop.java:458)
	at org.apache.ratis.thirdparty.io.netty.util.concurrent.SingleThreadEventExecutor$5.run(SingleThreadEventExecutor.java:897)
	at org.apache.ratis.thirdparty.io.netty.util.concurrent.FastThreadLocalRunnable.run(FastThreadLocalRunnable.java:30)
	... 1 more
Caused by: java.net.ConnectException: Connection refused
	... 11 more
2019-09-25 05:32:04,493 [5c3318fc-c419-4298-b427-bf5a9ca27bf0@group-059250D1A272:LeaderElection237] INFO  impl.LeaderElection (LogUtils.java:infoOrTrace(149)) - 5c3318fc-c419-4298-b427-bf5a9ca27bf0@group-059250D1A272:LeaderElection237 got exception when requesting votes: {}
java.util.concurrent.ExecutionException: org.apache.ratis.thirdparty.io.grpc.StatusRuntimeException: UNAVAILABLE: io exception
	at java.util.concurrent.FutureTask.report(FutureTask.java:122)
	at java.util.concurrent.FutureTask.get(FutureTask.java:192)
	at org.apache.ratis.server.impl.LeaderElection.waitForResults(LeaderElection.java:263)
	at org.apache.ratis.server.impl.LeaderElection.askForVotes(LeaderElection.java:201)
	at org.apache.ratis.server.impl.LeaderElection.run(LeaderElection.java:133)
	at java.lang.Thread.run(Thread.java:748)
Caused by: org.apache.ratis.thirdparty.io.grpc.StatusRuntimeException: UNAVAILABLE: io exception
	at org.apache.ratis.thirdparty.io.grpc.stub.ClientCalls.toStatusRuntimeException(ClientCalls.java:233)
	at org.apache.ratis.thirdparty.io.grpc.stub.ClientCalls.getUnchecked(ClientCalls.java:214)
	at org.apache.ratis.thirdparty.io.grpc.stub.ClientCalls.blockingUnaryCall(ClientCalls.java:139)
	at org.apache.ratis.proto.grpc.RaftServerProtocolServiceGrpc$RaftServerProtocolServiceBlockingStub.requestVote(RaftServerProtocolServiceGrpc.java:265)
	at org.apache.ratis.grpc.server.GrpcServerProtocolClient.requestVote(GrpcServerProtocolClient.java:90)
	at org.apache.ratis.grpc.server.GrpcService.requestVote(GrpcService.java:204)
	at org.apache.ratis.server.impl.LeaderElection.lambda$submitRequests$1(LeaderElection.java:238)
	at java.util.concurrent.FutureTask.run(FutureTask.java:266)
	at java.util.concurrent.Executors$RunnableAdapter.call(Executors.java:511)
	at java.util.concurrent.FutureTask.run(FutureTask.java:266)
	at java.util.concurrent.ThreadPoolExecutor.runWorker(ThreadPoolExecutor.java:1149)
	at java.util.concurrent.ThreadPoolExecutor$Worker.run(ThreadPoolExecutor.java:624)
	... 1 more
Caused by: org.apache.ratis.thirdparty.io.netty.channel.AbstractChannel$AnnotatedConnectException: Connection refused: /192.168.36.126:37817
	at sun.nio.ch.SocketChannelImpl.checkConnect(Native Method)
	at sun.nio.ch.SocketChannelImpl.finishConnect(SocketChannelImpl.java:717)
	at org.apache.ratis.thirdparty.io.netty.channel.socket.nio.NioSocketChannel.doFinishConnect(NioSocketChannel.java:327)
	at org.apache.ratis.thirdparty.io.netty.channel.nio.AbstractNioChannel$AbstractNioUnsafe.finishConnect(AbstractNioChannel.java:340)
	at org.apache.ratis.thirdparty.io.netty.channel.nio.NioEventLoop.processSelectedKey(NioEventLoop.java:632)
	at org.apache.ratis.thirdparty.io.netty.channel.nio.NioEventLoop.processSelectedKeysOptimized(NioEventLoop.java:579)
	at org.apache.ratis.thirdparty.io.netty.channel.nio.NioEventLoop.processSelectedKeys(NioEventLoop.java:496)
	at org.apache.ratis.thirdparty.io.netty.channel.nio.NioEventLoop.run(NioEventLoop.java:458)
	at org.apache.ratis.thirdparty.io.netty.util.concurrent.SingleThreadEventExecutor$5.run(SingleThreadEventExecutor.java:897)
	at org.apache.ratis.thirdparty.io.netty.util.concurrent.FastThreadLocalRunnable.run(FastThreadLocalRunnable.java:30)
	... 1 more
Caused by: java.net.ConnectException: Connection refused
	... 11 more
2019-09-25 05:32:04,494 [5c3318fc-c419-4298-b427-bf5a9ca27bf0@group-059250D1A272:LeaderElection237] INFO  impl.LeaderElection (LeaderElection.java:logAndReturn(56)) - 5c3318fc-c419-4298-b427-bf5a9ca27bf0@group-059250D1A272:LeaderElection237: Election REJECTED; received 0 response(s) [] and 2 exception(s); 5c3318fc-c419-4298-b427-bf5a9ca27bf0@group-059250D1A272:t21, leader=null, voted=5c3318fc-c419-4298-b427-bf5a9ca27bf0, raftlog=5c3318fc-c419-4298-b427-bf5a9ca27bf0@group-059250D1A272-SegmentedRaftLog:OPENED:c-1,f-1,i0, conf=-1: [5c3318fc-c419-4298-b427-bf5a9ca27bf0:192.168.36.126:46795, 61946a22-29ed-4e77-8449-fae4cd9869e9:192.168.36.126:36814, 0d4a37ed-4cec-423a-a360-e4a879eb6bc0:192.168.36.126:37817], old=null
2019-09-25 05:32:04,494 [5c3318fc-c419-4298-b427-bf5a9ca27bf0@group-059250D1A272:LeaderElection237] INFO  impl.LeaderElection (LogUtils.java:infoOrTrace(149)) -   Exception 0: {}
java.util.concurrent.ExecutionException: org.apache.ratis.thirdparty.io.grpc.StatusRuntimeException: UNAVAILABLE: io exception
	at java.util.concurrent.FutureTask.report(FutureTask.java:122)
	at java.util.concurrent.FutureTask.get(FutureTask.java:192)
	at org.apache.ratis.server.impl.LeaderElection.waitForResults(LeaderElection.java:263)
	at org.apache.ratis.server.impl.LeaderElection.askForVotes(LeaderElection.java:201)
	at org.apache.ratis.server.impl.LeaderElection.run(LeaderElection.java:133)
	at java.lang.Thread.run(Thread.java:748)
Caused by: org.apache.ratis.thirdparty.io.grpc.StatusRuntimeException: UNAVAILABLE: io exception
	at org.apache.ratis.thirdparty.io.grpc.stub.ClientCalls.toStatusRuntimeException(ClientCalls.java:233)
	at org.apache.ratis.thirdparty.io.grpc.stub.ClientCalls.getUnchecked(ClientCalls.java:214)
	at org.apache.ratis.thirdparty.io.grpc.stub.ClientCalls.blockingUnaryCall(ClientCalls.java:139)
	at org.apache.ratis.proto.grpc.RaftServerProtocolServiceGrpc$RaftServerProtocolServiceBlockingStub.requestVote(RaftServerProtocolServiceGrpc.java:265)
	at org.apache.ratis.grpc.server.GrpcServerProtocolClient.requestVote(GrpcServerProtocolClient.java:90)
	at org.apache.ratis.grpc.server.GrpcService.requestVote(GrpcService.java:204)
	at org.apache.ratis.server.impl.LeaderElection.lambda$submitRequests$1(LeaderElection.java:238)
	at java.util.concurrent.FutureTask.run(FutureTask.java:266)
	at java.util.concurrent.Executors$RunnableAdapter.call(Executors.java:511)
	at java.util.concurrent.FutureTask.run(FutureTask.java:266)
	at java.util.concurrent.ThreadPoolExecutor.runWorker(ThreadPoolExecutor.java:1149)
	at java.util.concurrent.ThreadPoolExecutor$Worker.run(ThreadPoolExecutor.java:624)
	... 1 more
Caused by: org.apache.ratis.thirdparty.io.netty.channel.AbstractChannel$AnnotatedConnectException: Connection refused: /192.168.36.126:36814
	at sun.nio.ch.SocketChannelImpl.checkConnect(Native Method)
	at sun.nio.ch.SocketChannelImpl.finishConnect(SocketChannelImpl.java:717)
	at org.apache.ratis.thirdparty.io.netty.channel.socket.nio.NioSocketChannel.doFinishConnect(NioSocketChannel.java:327)
	at org.apache.ratis.thirdparty.io.netty.channel.nio.AbstractNioChannel$AbstractNioUnsafe.finishConnect(AbstractNioChannel.java:340)
	at org.apache.ratis.thirdparty.io.netty.channel.nio.NioEventLoop.processSelectedKey(NioEventLoop.java:632)
	at org.apache.ratis.thirdparty.io.netty.channel.nio.NioEventLoop.processSelectedKeysOptimized(NioEventLoop.java:579)
	at org.apache.ratis.thirdparty.io.netty.channel.nio.NioEventLoop.processSelectedKeys(NioEventLoop.java:496)
	at org.apache.ratis.thirdparty.io.netty.channel.nio.NioEventLoop.run(NioEventLoop.java:458)
	at org.apache.ratis.thirdparty.io.netty.util.concurrent.SingleThreadEventExecutor$5.run(SingleThreadEventExecutor.java:897)
	at org.apache.ratis.thirdparty.io.netty.util.concurrent.FastThreadLocalRunnable.run(FastThreadLocalRunnable.java:30)
	... 1 more
Caused by: java.net.ConnectException: Connection refused
	... 11 more
2019-09-25 05:32:04,494 [5c3318fc-c419-4298-b427-bf5a9ca27bf0@group-059250D1A272:LeaderElection237] INFO  impl.LeaderElection (LogUtils.java:infoOrTrace(149)) -   Exception 1: {}
java.util.concurrent.ExecutionException: org.apache.ratis.thirdparty.io.grpc.StatusRuntimeException: UNAVAILABLE: io exception
	at java.util.concurrent.FutureTask.report(FutureTask.java:122)
	at java.util.concurrent.FutureTask.get(FutureTask.java:192)
	at org.apache.ratis.server.impl.LeaderElection.waitForResults(LeaderElection.java:263)
	at org.apache.ratis.server.impl.LeaderElection.askForVotes(LeaderElection.java:201)
	at org.apache.ratis.server.impl.LeaderElection.run(LeaderElection.java:133)
	at java.lang.Thread.run(Thread.java:748)
Caused by: org.apache.ratis.thirdparty.io.grpc.StatusRuntimeException: UNAVAILABLE: io exception
	at org.apache.ratis.thirdparty.io.grpc.stub.ClientCalls.toStatusRuntimeException(ClientCalls.java:233)
	at org.apache.ratis.thirdparty.io.grpc.stub.ClientCalls.getUnchecked(ClientCalls.java:214)
	at org.apache.ratis.thirdparty.io.grpc.stub.ClientCalls.blockingUnaryCall(ClientCalls.java:139)
	at org.apache.ratis.proto.grpc.RaftServerProtocolServiceGrpc$RaftServerProtocolServiceBlockingStub.requestVote(RaftServerProtocolServiceGrpc.java:265)
	at org.apache.ratis.grpc.server.GrpcServerProtocolClient.requestVote(GrpcServerProtocolClient.java:90)
	at org.apache.ratis.grpc.server.GrpcService.requestVote(GrpcService.java:204)
	at org.apache.ratis.server.impl.LeaderElection.lambda$submitRequests$1(LeaderElection.java:238)
	at java.util.concurrent.FutureTask.run(FutureTask.java:266)
	at java.util.concurrent.Executors$RunnableAdapter.call(Executors.java:511)
	at java.util.concurrent.FutureTask.run(FutureTask.java:266)
	at java.util.concurrent.ThreadPoolExecutor.runWorker(ThreadPoolExecutor.java:1149)
	at java.util.concurrent.ThreadPoolExecutor$Worker.run(ThreadPoolExecutor.java:624)
	... 1 more
Caused by: org.apache.ratis.thirdparty.io.netty.channel.AbstractChannel$AnnotatedConnectException: Connection refused: /192.168.36.126:37817
	at sun.nio.ch.SocketChannelImpl.checkConnect(Native Method)
	at sun.nio.ch.SocketChannelImpl.finishConnect(SocketChannelImpl.java:717)
	at org.apache.ratis.thirdparty.io.netty.channel.socket.nio.NioSocketChannel.doFinishConnect(NioSocketChannel.java:327)
	at org.apache.ratis.thirdparty.io.netty.channel.nio.AbstractNioChannel$AbstractNioUnsafe.finishConnect(AbstractNioChannel.java:340)
	at org.apache.ratis.thirdparty.io.netty.channel.nio.NioEventLoop.processSelectedKey(NioEventLoop.java:632)
	at org.apache.ratis.thirdparty.io.netty.channel.nio.NioEventLoop.processSelectedKeysOptimized(NioEventLoop.java:579)
	at org.apache.ratis.thirdparty.io.netty.channel.nio.NioEventLoop.processSelectedKeys(NioEventLoop.java:496)
	at org.apache.ratis.thirdparty.io.netty.channel.nio.NioEventLoop.run(NioEventLoop.java:458)
	at org.apache.ratis.thirdparty.io.netty.util.concurrent.SingleThreadEventExecutor$5.run(SingleThreadEventExecutor.java:897)
	at org.apache.ratis.thirdparty.io.netty.util.concurrent.FastThreadLocalRunnable.run(FastThreadLocalRunnable.java:30)
	... 1 more
Caused by: java.net.ConnectException: Connection refused
	... 11 more
2019-09-25 05:32:04,495 [5c3318fc-c419-4298-b427-bf5a9ca27bf0@group-059250D1A272:LeaderElection237] INFO  impl.RaftServerImpl (RaftServerImpl.java:setRole(174)) - 5c3318fc-c419-4298-b427-bf5a9ca27bf0@group-059250D1A272: changes role from CANDIDATE to FOLLOWER at term 21 for DISCOVERED_A_NEW_TERM
2019-09-25 05:32:04,495 [5c3318fc-c419-4298-b427-bf5a9ca27bf0@group-059250D1A272:LeaderElection237] INFO  impl.RoleInfo (RoleInfo.java:shutdownLeaderElection(134)) - 5c3318fc-c419-4298-b427-bf5a9ca27bf0: shutdown LeaderElection
2019-09-25 05:32:04,495 [5c3318fc-c419-4298-b427-bf5a9ca27bf0@group-059250D1A272:LeaderElection237] INFO  impl.RoleInfo (RoleInfo.java:updateAndGet(143)) - 5c3318fc-c419-4298-b427-bf5a9ca27bf0: start FollowerState
2019-09-25 05:32:04,585 [Thread-1348] INFO  impl.FollowerState (FollowerState.java:run(106)) - 5c3318fc-c419-4298-b427-bf5a9ca27bf0:group-21C2C432FD88 changes to CANDIDATE, lastRpcTime:1103, electionTimeout:1103ms
2019-09-25 05:32:04,585 [Thread-1348] INFO  impl.RoleInfo (RoleInfo.java:shutdownFollowerState(121)) - 5c3318fc-c419-4298-b427-bf5a9ca27bf0: shutdown FollowerState
2019-09-25 05:32:04,585 [Thread-1348] INFO  impl.RaftServerImpl (RaftServerImpl.java:setRole(174)) - 5c3318fc-c419-4298-b427-bf5a9ca27bf0@group-21C2C432FD88: changes role from  FOLLOWER to CANDIDATE at term 21 for changeToCandidate
2019-09-25 05:32:04,585 [Thread-1348] INFO  impl.RoleInfo (RoleInfo.java:updateAndGet(143)) - 5c3318fc-c419-4298-b427-bf5a9ca27bf0: start LeaderElection
2019-09-25 05:32:04,604 [5c3318fc-c419-4298-b427-bf5a9ca27bf0@group-21C2C432FD88:LeaderElection238] INFO  impl.LeaderElection (LeaderElection.java:askForVotes(182)) - 5c3318fc-c419-4298-b427-bf5a9ca27bf0@group-21C2C432FD88:LeaderElection238: begin an election at term 22 for -1: [5c3318fc-c419-4298-b427-bf5a9ca27bf0:192.168.36.126:46795, 61946a22-29ed-4e77-8449-fae4cd9869e9:192.168.36.126:36814, 0d4a37ed-4cec-423a-a360-e4a879eb6bc0:192.168.36.126:37817], old=null
2019-09-25 05:32:04,605 [5c3318fc-c419-4298-b427-bf5a9ca27bf0@group-21C2C432FD88:LeaderElection238] INFO  impl.LeaderElection (LogUtils.java:infoOrTrace(149)) - 5c3318fc-c419-4298-b427-bf5a9ca27bf0@group-21C2C432FD88:LeaderElection238 got exception when requesting votes: {}
java.util.concurrent.ExecutionException: org.apache.ratis.thirdparty.io.grpc.StatusRuntimeException: UNAVAILABLE: io exception
	at java.util.concurrent.FutureTask.report(FutureTask.java:122)
	at java.util.concurrent.FutureTask.get(FutureTask.java:192)
	at org.apache.ratis.server.impl.LeaderElection.waitForResults(LeaderElection.java:263)
	at org.apache.ratis.server.impl.LeaderElection.askForVotes(LeaderElection.java:201)
	at org.apache.ratis.server.impl.LeaderElection.run(LeaderElection.java:133)
	at java.lang.Thread.run(Thread.java:748)
Caused by: org.apache.ratis.thirdparty.io.grpc.StatusRuntimeException: UNAVAILABLE: io exception
	at org.apache.ratis.thirdparty.io.grpc.stub.ClientCalls.toStatusRuntimeException(ClientCalls.java:233)
	at org.apache.ratis.thirdparty.io.grpc.stub.ClientCalls.getUnchecked(ClientCalls.java:214)
	at org.apache.ratis.thirdparty.io.grpc.stub.ClientCalls.blockingUnaryCall(ClientCalls.java:139)
	at org.apache.ratis.proto.grpc.RaftServerProtocolServiceGrpc$RaftServerProtocolServiceBlockingStub.requestVote(RaftServerProtocolServiceGrpc.java:265)
	at org.apache.ratis.grpc.server.GrpcServerProtocolClient.requestVote(GrpcServerProtocolClient.java:90)
	at org.apache.ratis.grpc.server.GrpcService.requestVote(GrpcService.java:204)
	at org.apache.ratis.server.impl.LeaderElection.lambda$submitRequests$1(LeaderElection.java:238)
	at java.util.concurrent.FutureTask.run(FutureTask.java:266)
	at java.util.concurrent.Executors$RunnableAdapter.call(Executors.java:511)
	at java.util.concurrent.FutureTask.run(FutureTask.java:266)
	at java.util.concurrent.ThreadPoolExecutor.runWorker(ThreadPoolExecutor.java:1149)
	at java.util.concurrent.ThreadPoolExecutor$Worker.run(ThreadPoolExecutor.java:624)
	... 1 more
Caused by: org.apache.ratis.thirdparty.io.netty.channel.AbstractChannel$AnnotatedConnectException: Connection refused: /192.168.36.126:36814
	at sun.nio.ch.SocketChannelImpl.checkConnect(Native Method)
	at sun.nio.ch.SocketChannelImpl.finishConnect(SocketChannelImpl.java:717)
	at org.apache.ratis.thirdparty.io.netty.channel.socket.nio.NioSocketChannel.doFinishConnect(NioSocketChannel.java:327)
	at org.apache.ratis.thirdparty.io.netty.channel.nio.AbstractNioChannel$AbstractNioUnsafe.finishConnect(AbstractNioChannel.java:340)
	at org.apache.ratis.thirdparty.io.netty.channel.nio.NioEventLoop.processSelectedKey(NioEventLoop.java:632)
	at org.apache.ratis.thirdparty.io.netty.channel.nio.NioEventLoop.processSelectedKeysOptimized(NioEventLoop.java:579)
	at org.apache.ratis.thirdparty.io.netty.channel.nio.NioEventLoop.processSelectedKeys(NioEventLoop.java:496)
	at org.apache.ratis.thirdparty.io.netty.channel.nio.NioEventLoop.run(NioEventLoop.java:458)
	at org.apache.ratis.thirdparty.io.netty.util.concurrent.SingleThreadEventExecutor$5.run(SingleThreadEventExecutor.java:897)
	at org.apache.ratis.thirdparty.io.netty.util.concurrent.FastThreadLocalRunnable.run(FastThreadLocalRunnable.java:30)
	... 1 more
Caused by: java.net.ConnectException: Connection refused
	... 11 more
2019-09-25 05:32:04,606 [5c3318fc-c419-4298-b427-bf5a9ca27bf0@group-21C2C432FD88:LeaderElection238] INFO  impl.LeaderElection (LogUtils.java:infoOrTrace(149)) - 5c3318fc-c419-4298-b427-bf5a9ca27bf0@group-21C2C432FD88:LeaderElection238 got exception when requesting votes: {}
java.util.concurrent.ExecutionException: org.apache.ratis.thirdparty.io.grpc.StatusRuntimeException: UNAVAILABLE: io exception
	at java.util.concurrent.FutureTask.report(FutureTask.java:122)
	at java.util.concurrent.FutureTask.get(FutureTask.java:192)
	at org.apache.ratis.server.impl.LeaderElection.waitForResults(LeaderElection.java:263)
	at org.apache.ratis.server.impl.LeaderElection.askForVotes(LeaderElection.java:201)
	at org.apache.ratis.server.impl.LeaderElection.run(LeaderElection.java:133)
	at java.lang.Thread.run(Thread.java:748)
Caused by: org.apache.ratis.thirdparty.io.grpc.StatusRuntimeException: UNAVAILABLE: io exception
	at org.apache.ratis.thirdparty.io.grpc.stub.ClientCalls.toStatusRuntimeException(ClientCalls.java:233)
	at org.apache.ratis.thirdparty.io.grpc.stub.ClientCalls.getUnchecked(ClientCalls.java:214)
	at org.apache.ratis.thirdparty.io.grpc.stub.ClientCalls.blockingUnaryCall(ClientCalls.java:139)
	at org.apache.ratis.proto.grpc.RaftServerProtocolServiceGrpc$RaftServerProtocolServiceBlockingStub.requestVote(RaftServerProtocolServiceGrpc.java:265)
	at org.apache.ratis.grpc.server.GrpcServerProtocolClient.requestVote(GrpcServerProtocolClient.java:90)
	at org.apache.ratis.grpc.server.GrpcService.requestVote(GrpcService.java:204)
	at org.apache.ratis.server.impl.LeaderElection.lambda$submitRequests$1(LeaderElection.java:238)
	at java.util.concurrent.FutureTask.run(FutureTask.java:266)
	at java.util.concurrent.Executors$RunnableAdapter.call(Executors.java:511)
	at java.util.concurrent.FutureTask.run(FutureTask.java:266)
	at java.util.concurrent.ThreadPoolExecutor.runWorker(ThreadPoolExecutor.java:1149)
	at java.util.concurrent.ThreadPoolExecutor$Worker.run(ThreadPoolExecutor.java:624)
	... 1 more
Caused by: org.apache.ratis.thirdparty.io.netty.channel.AbstractChannel$AnnotatedConnectException: Connection refused: /192.168.36.126:37817
	at sun.nio.ch.SocketChannelImpl.checkConnect(Native Method)
	at sun.nio.ch.SocketChannelImpl.finishConnect(SocketChannelImpl.java:717)
	at org.apache.ratis.thirdparty.io.netty.channel.socket.nio.NioSocketChannel.doFinishConnect(NioSocketChannel.java:327)
	at org.apache.ratis.thirdparty.io.netty.channel.nio.AbstractNioChannel$AbstractNioUnsafe.finishConnect(AbstractNioChannel.java:340)
	at org.apache.ratis.thirdparty.io.netty.channel.nio.NioEventLoop.processSelectedKey(NioEventLoop.java:632)
	at org.apache.ratis.thirdparty.io.netty.channel.nio.NioEventLoop.processSelectedKeysOptimized(NioEventLoop.java:579)
	at org.apache.ratis.thirdparty.io.netty.channel.nio.NioEventLoop.processSelectedKeys(NioEventLoop.java:496)
	at org.apache.ratis.thirdparty.io.netty.channel.nio.NioEventLoop.run(NioEventLoop.java:458)
	at org.apache.ratis.thirdparty.io.netty.util.concurrent.SingleThreadEventExecutor$5.run(SingleThreadEventExecutor.java:897)
	at org.apache.ratis.thirdparty.io.netty.util.concurrent.FastThreadLocalRunnable.run(FastThreadLocalRunnable.java:30)
	... 1 more
Caused by: java.net.ConnectException: Connection refused
	... 11 more
2019-09-25 05:32:04,606 [5c3318fc-c419-4298-b427-bf5a9ca27bf0@group-21C2C432FD88:LeaderElection238] INFO  impl.LeaderElection (LeaderElection.java:logAndReturn(56)) - 5c3318fc-c419-4298-b427-bf5a9ca27bf0@group-21C2C432FD88:LeaderElection238: Election REJECTED; received 0 response(s) [] and 2 exception(s); 5c3318fc-c419-4298-b427-bf5a9ca27bf0@group-21C2C432FD88:t22, leader=null, voted=5c3318fc-c419-4298-b427-bf5a9ca27bf0, raftlog=5c3318fc-c419-4298-b427-bf5a9ca27bf0@group-21C2C432FD88-SegmentedRaftLog:OPENED:c-1,f-1,i0, conf=-1: [5c3318fc-c419-4298-b427-bf5a9ca27bf0:192.168.36.126:46795, 61946a22-29ed-4e77-8449-fae4cd9869e9:192.168.36.126:36814, 0d4a37ed-4cec-423a-a360-e4a879eb6bc0:192.168.36.126:37817], old=null
2019-09-25 05:32:04,606 [5c3318fc-c419-4298-b427-bf5a9ca27bf0@group-21C2C432FD88:LeaderElection238] INFO  impl.LeaderElection (LogUtils.java:infoOrTrace(149)) -   Exception 0: {}
java.util.concurrent.ExecutionException: org.apache.ratis.thirdparty.io.grpc.StatusRuntimeException: UNAVAILABLE: io exception
	at java.util.concurrent.FutureTask.report(FutureTask.java:122)
	at java.util.concurrent.FutureTask.get(FutureTask.java:192)
	at org.apache.ratis.server.impl.LeaderElection.waitForResults(LeaderElection.java:263)
	at org.apache.ratis.server.impl.LeaderElection.askForVotes(LeaderElection.java:201)
	at org.apache.ratis.server.impl.LeaderElection.run(LeaderElection.java:133)
	at java.lang.Thread.run(Thread.java:748)
Caused by: org.apache.ratis.thirdparty.io.grpc.StatusRuntimeException: UNAVAILABLE: io exception
	at org.apache.ratis.thirdparty.io.grpc.stub.ClientCalls.toStatusRuntimeException(ClientCalls.java:233)
	at org.apache.ratis.thirdparty.io.grpc.stub.ClientCalls.getUnchecked(ClientCalls.java:214)
	at org.apache.ratis.thirdparty.io.grpc.stub.ClientCalls.blockingUnaryCall(ClientCalls.java:139)
	at org.apache.ratis.proto.grpc.RaftServerProtocolServiceGrpc$RaftServerProtocolServiceBlockingStub.requestVote(RaftServerProtocolServiceGrpc.java:265)
	at org.apache.ratis.grpc.server.GrpcServerProtocolClient.requestVote(GrpcServerProtocolClient.java:90)
	at org.apache.ratis.grpc.server.GrpcService.requestVote(GrpcService.java:204)
	at org.apache.ratis.server.impl.LeaderElection.lambda$submitRequests$1(LeaderElection.java:238)
	at java.util.concurrent.FutureTask.run(FutureTask.java:266)
	at java.util.concurrent.Executors$RunnableAdapter.call(Executors.java:511)
	at java.util.concurrent.FutureTask.run(FutureTask.java:266)
	at java.util.concurrent.ThreadPoolExecutor.runWorker(ThreadPoolExecutor.java:1149)
	at java.util.concurrent.ThreadPoolExecutor$Worker.run(ThreadPoolExecutor.java:624)
	... 1 more
Caused by: org.apache.ratis.thirdparty.io.netty.channel.AbstractChannel$AnnotatedConnectException: Connection refused: /192.168.36.126:36814
	at sun.nio.ch.SocketChannelImpl.checkConnect(Native Method)
	at sun.nio.ch.SocketChannelImpl.finishConnect(SocketChannelImpl.java:717)
	at org.apache.ratis.thirdparty.io.netty.channel.socket.nio.NioSocketChannel.doFinishConnect(NioSocketChannel.java:327)
	at org.apache.ratis.thirdparty.io.netty.channel.nio.AbstractNioChannel$AbstractNioUnsafe.finishConnect(AbstractNioChannel.java:340)
	at org.apache.ratis.thirdparty.io.netty.channel.nio.NioEventLoop.processSelectedKey(NioEventLoop.java:632)
	at org.apache.ratis.thirdparty.io.netty.channel.nio.NioEventLoop.processSelectedKeysOptimized(NioEventLoop.java:579)
	at org.apache.ratis.thirdparty.io.netty.channel.nio.NioEventLoop.processSelectedKeys(NioEventLoop.java:496)
	at org.apache.ratis.thirdparty.io.netty.channel.nio.NioEventLoop.run(NioEventLoop.java:458)
	at org.apache.ratis.thirdparty.io.netty.util.concurrent.SingleThreadEventExecutor$5.run(SingleThreadEventExecutor.java:897)
	at org.apache.ratis.thirdparty.io.netty.util.concurrent.FastThreadLocalRunnable.run(FastThreadLocalRunnable.java:30)
	... 1 more
Caused by: java.net.ConnectException: Connection refused
	... 11 more
2019-09-25 05:32:04,607 [5c3318fc-c419-4298-b427-bf5a9ca27bf0@group-21C2C432FD88:LeaderElection238] INFO  impl.LeaderElection (LogUtils.java:infoOrTrace(149)) -   Exception 1: {}
java.util.concurrent.ExecutionException: org.apache.ratis.thirdparty.io.grpc.StatusRuntimeException: UNAVAILABLE: io exception
	at java.util.concurrent.FutureTask.report(FutureTask.java:122)
	at java.util.concurrent.FutureTask.get(FutureTask.java:192)
	at org.apache.ratis.server.impl.LeaderElection.waitForResults(LeaderElection.java:263)
	at org.apache.ratis.server.impl.LeaderElection.askForVotes(LeaderElection.java:201)
	at org.apache.ratis.server.impl.LeaderElection.run(LeaderElection.java:133)
	at java.lang.Thread.run(Thread.java:748)
Caused by: org.apache.ratis.thirdparty.io.grpc.StatusRuntimeException: UNAVAILABLE: io exception
	at org.apache.ratis.thirdparty.io.grpc.stub.ClientCalls.toStatusRuntimeException(ClientCalls.java:233)
	at org.apache.ratis.thirdparty.io.grpc.stub.ClientCalls.getUnchecked(ClientCalls.java:214)
	at org.apache.ratis.thirdparty.io.grpc.stub.ClientCalls.blockingUnaryCall(ClientCalls.java:139)
	at org.apache.ratis.proto.grpc.RaftServerProtocolServiceGrpc$RaftServerProtocolServiceBlockingStub.requestVote(RaftServerProtocolServiceGrpc.java:265)
	at org.apache.ratis.grpc.server.GrpcServerProtocolClient.requestVote(GrpcServerProtocolClient.java:90)
	at org.apache.ratis.grpc.server.GrpcService.requestVote(GrpcService.java:204)
	at org.apache.ratis.server.impl.LeaderElection.lambda$submitRequests$1(LeaderElection.java:238)
	at java.util.concurrent.FutureTask.run(FutureTask.java:266)
	at java.util.concurrent.Executors$RunnableAdapter.call(Executors.java:511)
	at java.util.concurrent.FutureTask.run(FutureTask.java:266)
	at java.util.concurrent.ThreadPoolExecutor.runWorker(ThreadPoolExecutor.java:1149)
	at java.util.concurrent.ThreadPoolExecutor$Worker.run(ThreadPoolExecutor.java:624)
	... 1 more
Caused by: org.apache.ratis.thirdparty.io.netty.channel.AbstractChannel$AnnotatedConnectException: Connection refused: /192.168.36.126:37817
	at sun.nio.ch.SocketChannelImpl.checkConnect(Native Method)
	at sun.nio.ch.SocketChannelImpl.finishConnect(SocketChannelImpl.java:717)
	at org.apache.ratis.thirdparty.io.netty.channel.socket.nio.NioSocketChannel.doFinishConnect(NioSocketChannel.java:327)
	at org.apache.ratis.thirdparty.io.netty.channel.nio.AbstractNioChannel$AbstractNioUnsafe.finishConnect(AbstractNioChannel.java:340)
	at org.apache.ratis.thirdparty.io.netty.channel.nio.NioEventLoop.processSelectedKey(NioEventLoop.java:632)
	at org.apache.ratis.thirdparty.io.netty.channel.nio.NioEventLoop.processSelectedKeysOptimized(NioEventLoop.java:579)
	at org.apache.ratis.thirdparty.io.netty.channel.nio.NioEventLoop.processSelectedKeys(NioEventLoop.java:496)
	at org.apache.ratis.thirdparty.io.netty.channel.nio.NioEventLoop.run(NioEventLoop.java:458)
	at org.apache.ratis.thirdparty.io.netty.util.concurrent.SingleThreadEventExecutor$5.run(SingleThreadEventExecutor.java:897)
	at org.apache.ratis.thirdparty.io.netty.util.concurrent.FastThreadLocalRunnable.run(FastThreadLocalRunnable.java:30)
	... 1 more
Caused by: java.net.ConnectException: Connection refused
	... 11 more
2019-09-25 05:32:04,607 [5c3318fc-c419-4298-b427-bf5a9ca27bf0@group-21C2C432FD88:LeaderElection238] INFO  impl.RaftServerImpl (RaftServerImpl.java:setRole(174)) - 5c3318fc-c419-4298-b427-bf5a9ca27bf0@group-21C2C432FD88: changes role from CANDIDATE to FOLLOWER at term 22 for DISCOVERED_A_NEW_TERM
2019-09-25 05:32:04,607 [5c3318fc-c419-4298-b427-bf5a9ca27bf0@group-21C2C432FD88:LeaderElection238] INFO  impl.RoleInfo (RoleInfo.java:shutdownLeaderElection(134)) - 5c3318fc-c419-4298-b427-bf5a9ca27bf0: shutdown LeaderElection
2019-09-25 05:32:04,607 [5c3318fc-c419-4298-b427-bf5a9ca27bf0@group-21C2C432FD88:LeaderElection238] INFO  impl.RoleInfo (RoleInfo.java:updateAndGet(143)) - 5c3318fc-c419-4298-b427-bf5a9ca27bf0: start FollowerState
2019-09-25 05:32:04,682 [Thread-1352] INFO  impl.FollowerState (FollowerState.java:run(106)) - 616f9f8f-9479-40f4-8c03-f125dcbf9c7f:group-60724A24602F changes to CANDIDATE, lastRpcTime:1093, electionTimeout:1093ms
2019-09-25 05:32:04,682 [Thread-1352] INFO  impl.RoleInfo (RoleInfo.java:shutdownFollowerState(121)) - 616f9f8f-9479-40f4-8c03-f125dcbf9c7f: shutdown FollowerState
2019-09-25 05:32:04,682 [Thread-1352] INFO  impl.RaftServerImpl (RaftServerImpl.java:setRole(174)) - 616f9f8f-9479-40f4-8c03-f125dcbf9c7f@group-60724A24602F: changes role from  FOLLOWER to CANDIDATE at term 20 for changeToCandidate
2019-09-25 05:32:04,683 [Thread-1352] INFO  impl.RoleInfo (RoleInfo.java:updateAndGet(143)) - 616f9f8f-9479-40f4-8c03-f125dcbf9c7f: start LeaderElection
2019-09-25 05:32:04,705 [616f9f8f-9479-40f4-8c03-f125dcbf9c7f@group-60724A24602F:LeaderElection239] INFO  impl.LeaderElection (LeaderElection.java:askForVotes(182)) - 616f9f8f-9479-40f4-8c03-f125dcbf9c7f@group-60724A24602F:LeaderElection239: begin an election at term 21 for -1: [616f9f8f-9479-40f4-8c03-f125dcbf9c7f:192.168.36.126:39694, e997a993-6131-47bf-96c8-764e04cb5c0e:192.168.36.126:37678, fd2f3f79-5d7b-4d37-bb24-b15dfe7f18d7:192.168.36.126:42280], old=null
2019-09-25 05:32:04,707 [616f9f8f-9479-40f4-8c03-f125dcbf9c7f@group-60724A24602F:LeaderElection239] INFO  impl.LeaderElection (LogUtils.java:infoOrTrace(149)) - 616f9f8f-9479-40f4-8c03-f125dcbf9c7f@group-60724A24602F:LeaderElection239 got exception when requesting votes: {}
java.util.concurrent.ExecutionException: org.apache.ratis.thirdparty.io.grpc.StatusRuntimeException: UNAVAILABLE: io exception
	at java.util.concurrent.FutureTask.report(FutureTask.java:122)
	at java.util.concurrent.FutureTask.get(FutureTask.java:192)
	at org.apache.ratis.server.impl.LeaderElection.waitForResults(LeaderElection.java:263)
	at org.apache.ratis.server.impl.LeaderElection.askForVotes(LeaderElection.java:201)
	at org.apache.ratis.server.impl.LeaderElection.run(LeaderElection.java:133)
	at java.lang.Thread.run(Thread.java:748)
Caused by: org.apache.ratis.thirdparty.io.grpc.StatusRuntimeException: UNAVAILABLE: io exception
	at org.apache.ratis.thirdparty.io.grpc.stub.ClientCalls.toStatusRuntimeException(ClientCalls.java:233)
	at org.apache.ratis.thirdparty.io.grpc.stub.ClientCalls.getUnchecked(ClientCalls.java:214)
	at org.apache.ratis.thirdparty.io.grpc.stub.ClientCalls.blockingUnaryCall(ClientCalls.java:139)
	at org.apache.ratis.proto.grpc.RaftServerProtocolServiceGrpc$RaftServerProtocolServiceBlockingStub.requestVote(RaftServerProtocolServiceGrpc.java:265)
	at org.apache.ratis.grpc.server.GrpcServerProtocolClient.requestVote(GrpcServerProtocolClient.java:90)
	at org.apache.ratis.grpc.server.GrpcService.requestVote(GrpcService.java:204)
	at org.apache.ratis.server.impl.LeaderElection.lambda$submitRequests$1(LeaderElection.java:238)
	at java.util.concurrent.FutureTask.run(FutureTask.java:266)
	at java.util.concurrent.Executors$RunnableAdapter.call(Executors.java:511)
	at java.util.concurrent.FutureTask.run(FutureTask.java:266)
	at java.util.concurrent.ThreadPoolExecutor.runWorker(ThreadPoolExecutor.java:1149)
	at java.util.concurrent.ThreadPoolExecutor$Worker.run(ThreadPoolExecutor.java:624)
	... 1 more
Caused by: org.apache.ratis.thirdparty.io.netty.channel.AbstractChannel$AnnotatedConnectException: Connection refused: /192.168.36.126:37678
	at sun.nio.ch.SocketChannelImpl.checkConnect(Native Method)
	at sun.nio.ch.SocketChannelImpl.finishConnect(SocketChannelImpl.java:717)
	at org.apache.ratis.thirdparty.io.netty.channel.socket.nio.NioSocketChannel.doFinishConnect(NioSocketChannel.java:327)
	at org.apache.ratis.thirdparty.io.netty.channel.nio.AbstractNioChannel$AbstractNioUnsafe.finishConnect(AbstractNioChannel.java:340)
	at org.apache.ratis.thirdparty.io.netty.channel.nio.NioEventLoop.processSelectedKey(NioEventLoop.java:632)
	at org.apache.ratis.thirdparty.io.netty.channel.nio.NioEventLoop.processSelectedKeysOptimized(NioEventLoop.java:579)
	at org.apache.ratis.thirdparty.io.netty.channel.nio.NioEventLoop.processSelectedKeys(NioEventLoop.java:496)
	at org.apache.ratis.thirdparty.io.netty.channel.nio.NioEventLoop.run(NioEventLoop.java:458)
	at org.apache.ratis.thirdparty.io.netty.util.concurrent.SingleThreadEventExecutor$5.run(SingleThreadEventExecutor.java:897)
	at org.apache.ratis.thirdparty.io.netty.util.concurrent.FastThreadLocalRunnable.run(FastThreadLocalRunnable.java:30)
	... 1 more
Caused by: java.net.ConnectException: Connection refused
	... 11 more
2019-09-25 05:32:04,707 [616f9f8f-9479-40f4-8c03-f125dcbf9c7f@group-60724A24602F:LeaderElection239] INFO  impl.LeaderElection (LogUtils.java:infoOrTrace(149)) - 616f9f8f-9479-40f4-8c03-f125dcbf9c7f@group-60724A24602F:LeaderElection239 got exception when requesting votes: {}
java.util.concurrent.ExecutionException: org.apache.ratis.thirdparty.io.grpc.StatusRuntimeException: UNAVAILABLE: io exception
	at java.util.concurrent.FutureTask.report(FutureTask.java:122)
	at java.util.concurrent.FutureTask.get(FutureTask.java:192)
	at org.apache.ratis.server.impl.LeaderElection.waitForResults(LeaderElection.java:263)
	at org.apache.ratis.server.impl.LeaderElection.askForVotes(LeaderElection.java:201)
	at org.apache.ratis.server.impl.LeaderElection.run(LeaderElection.java:133)
	at java.lang.Thread.run(Thread.java:748)
Caused by: org.apache.ratis.thirdparty.io.grpc.StatusRuntimeException: UNAVAILABLE: io exception
	at org.apache.ratis.thirdparty.io.grpc.stub.ClientCalls.toStatusRuntimeException(ClientCalls.java:233)
	at org.apache.ratis.thirdparty.io.grpc.stub.ClientCalls.getUnchecked(ClientCalls.java:214)
	at org.apache.ratis.thirdparty.io.grpc.stub.ClientCalls.blockingUnaryCall(ClientCalls.java:139)
	at org.apache.ratis.proto.grpc.RaftServerProtocolServiceGrpc$RaftServerProtocolServiceBlockingStub.requestVote(RaftServerProtocolServiceGrpc.java:265)
	at org.apache.ratis.grpc.server.GrpcServerProtocolClient.requestVote(GrpcServerProtocolClient.java:90)
	at org.apache.ratis.grpc.server.GrpcService.requestVote(GrpcService.java:204)
	at org.apache.ratis.server.impl.LeaderElection.lambda$submitRequests$1(LeaderElection.java:238)
	at java.util.concurrent.FutureTask.run(FutureTask.java:266)
	at java.util.concurrent.Executors$RunnableAdapter.call(Executors.java:511)
	at java.util.concurrent.FutureTask.run(FutureTask.java:266)
	at java.util.concurrent.ThreadPoolExecutor.runWorker(ThreadPoolExecutor.java:1149)
	at java.util.concurrent.ThreadPoolExecutor$Worker.run(ThreadPoolExecutor.java:624)
	... 1 more
Caused by: org.apache.ratis.thirdparty.io.netty.channel.AbstractChannel$AnnotatedConnectException: Connection refused: /192.168.36.126:42280
	at sun.nio.ch.SocketChannelImpl.checkConnect(Native Method)
	at sun.nio.ch.SocketChannelImpl.finishConnect(SocketChannelImpl.java:717)
	at org.apache.ratis.thirdparty.io.netty.channel.socket.nio.NioSocketChannel.doFinishConnect(NioSocketChannel.java:327)
	at org.apache.ratis.thirdparty.io.netty.channel.nio.AbstractNioChannel$AbstractNioUnsafe.finishConnect(AbstractNioChannel.java:340)
	at org.apache.ratis.thirdparty.io.netty.channel.nio.NioEventLoop.processSelectedKey(NioEventLoop.java:632)
	at org.apache.ratis.thirdparty.io.netty.channel.nio.NioEventLoop.processSelectedKeysOptimized(NioEventLoop.java:579)
	at org.apache.ratis.thirdparty.io.netty.channel.nio.NioEventLoop.processSelectedKeys(NioEventLoop.java:496)
	at org.apache.ratis.thirdparty.io.netty.channel.nio.NioEventLoop.run(NioEventLoop.java:458)
	at org.apache.ratis.thirdparty.io.netty.util.concurrent.SingleThreadEventExecutor$5.run(SingleThreadEventExecutor.java:897)
	at org.apache.ratis.thirdparty.io.netty.util.concurrent.FastThreadLocalRunnable.run(FastThreadLocalRunnable.java:30)
	... 1 more
Caused by: java.net.ConnectException: Connection refused
	... 11 more
2019-09-25 05:32:04,708 [616f9f8f-9479-40f4-8c03-f125dcbf9c7f@group-60724A24602F:LeaderElection239] INFO  impl.LeaderElection (LeaderElection.java:logAndReturn(56)) - 616f9f8f-9479-40f4-8c03-f125dcbf9c7f@group-60724A24602F:LeaderElection239: Election REJECTED; received 0 response(s) [] and 2 exception(s); 616f9f8f-9479-40f4-8c03-f125dcbf9c7f@group-60724A24602F:t21, leader=null, voted=616f9f8f-9479-40f4-8c03-f125dcbf9c7f, raftlog=616f9f8f-9479-40f4-8c03-f125dcbf9c7f@group-60724A24602F-SegmentedRaftLog:OPENED:c-1,f-1,i0, conf=-1: [616f9f8f-9479-40f4-8c03-f125dcbf9c7f:192.168.36.126:39694, e997a993-6131-47bf-96c8-764e04cb5c0e:192.168.36.126:37678, fd2f3f79-5d7b-4d37-bb24-b15dfe7f18d7:192.168.36.126:42280], old=null
2019-09-25 05:32:04,708 [616f9f8f-9479-40f4-8c03-f125dcbf9c7f@group-60724A24602F:LeaderElection239] INFO  impl.LeaderElection (LogUtils.java:infoOrTrace(149)) -   Exception 0: {}
java.util.concurrent.ExecutionException: org.apache.ratis.thirdparty.io.grpc.StatusRuntimeException: UNAVAILABLE: io exception
	at java.util.concurrent.FutureTask.report(FutureTask.java:122)
	at java.util.concurrent.FutureTask.get(FutureTask.java:192)
	at org.apache.ratis.server.impl.LeaderElection.waitForResults(LeaderElection.java:263)
	at org.apache.ratis.server.impl.LeaderElection.askForVotes(LeaderElection.java:201)
	at org.apache.ratis.server.impl.LeaderElection.run(LeaderElection.java:133)
	at java.lang.Thread.run(Thread.java:748)
Caused by: org.apache.ratis.thirdparty.io.grpc.StatusRuntimeException: UNAVAILABLE: io exception
	at org.apache.ratis.thirdparty.io.grpc.stub.ClientCalls.toStatusRuntimeException(ClientCalls.java:233)
	at org.apache.ratis.thirdparty.io.grpc.stub.ClientCalls.getUnchecked(ClientCalls.java:214)
	at org.apache.ratis.thirdparty.io.grpc.stub.ClientCalls.blockingUnaryCall(ClientCalls.java:139)
	at org.apache.ratis.proto.grpc.RaftServerProtocolServiceGrpc$RaftServerProtocolServiceBlockingStub.requestVote(RaftServerProtocolServiceGrpc.java:265)
	at org.apache.ratis.grpc.server.GrpcServerProtocolClient.requestVote(GrpcServerProtocolClient.java:90)
	at org.apache.ratis.grpc.server.GrpcService.requestVote(GrpcService.java:204)
	at org.apache.ratis.server.impl.LeaderElection.lambda$submitRequests$1(LeaderElection.java:238)
	at java.util.concurrent.FutureTask.run(FutureTask.java:266)
	at java.util.concurrent.Executors$RunnableAdapter.call(Executors.java:511)
	at java.util.concurrent.FutureTask.run(FutureTask.java:266)
	at java.util.concurrent.ThreadPoolExecutor.runWorker(ThreadPoolExecutor.java:1149)
	at java.util.concurrent.ThreadPoolExecutor$Worker.run(ThreadPoolExecutor.java:624)
	... 1 more
Caused by: org.apache.ratis.thirdparty.io.netty.channel.AbstractChannel$AnnotatedConnectException: Connection refused: /192.168.36.126:37678
	at sun.nio.ch.SocketChannelImpl.checkConnect(Native Method)
	at sun.nio.ch.SocketChannelImpl.finishConnect(SocketChannelImpl.java:717)
	at org.apache.ratis.thirdparty.io.netty.channel.socket.nio.NioSocketChannel.doFinishConnect(NioSocketChannel.java:327)
	at org.apache.ratis.thirdparty.io.netty.channel.nio.AbstractNioChannel$AbstractNioUnsafe.finishConnect(AbstractNioChannel.java:340)
	at org.apache.ratis.thirdparty.io.netty.channel.nio.NioEventLoop.processSelectedKey(NioEventLoop.java:632)
	at org.apache.ratis.thirdparty.io.netty.channel.nio.NioEventLoop.processSelectedKeysOptimized(NioEventLoop.java:579)
	at org.apache.ratis.thirdparty.io.netty.channel.nio.NioEventLoop.processSelectedKeys(NioEventLoop.java:496)
	at org.apache.ratis.thirdparty.io.netty.channel.nio.NioEventLoop.run(NioEventLoop.java:458)
	at org.apache.ratis.thirdparty.io.netty.util.concurrent.SingleThreadEventExecutor$5.run(SingleThreadEventExecutor.java:897)
	at org.apache.ratis.thirdparty.io.netty.util.concurrent.FastThreadLocalRunnable.run(FastThreadLocalRunnable.java:30)
	... 1 more
Caused by: java.net.ConnectException: Connection refused
	... 11 more
2019-09-25 05:32:04,708 [616f9f8f-9479-40f4-8c03-f125dcbf9c7f@group-60724A24602F:LeaderElection239] INFO  impl.LeaderElection (LogUtils.java:infoOrTrace(149)) -   Exception 1: {}
java.util.concurrent.ExecutionException: org.apache.ratis.thirdparty.io.grpc.StatusRuntimeException: UNAVAILABLE: io exception
	at java.util.concurrent.FutureTask.report(FutureTask.java:122)
	at java.util.concurrent.FutureTask.get(FutureTask.java:192)
	at org.apache.ratis.server.impl.LeaderElection.waitForResults(LeaderElection.java:263)
	at org.apache.ratis.server.impl.LeaderElection.askForVotes(LeaderElection.java:201)
	at org.apache.ratis.server.impl.LeaderElection.run(LeaderElection.java:133)
	at java.lang.Thread.run(Thread.java:748)
Caused by: org.apache.ratis.thirdparty.io.grpc.StatusRuntimeException: UNAVAILABLE: io exception
	at org.apache.ratis.thirdparty.io.grpc.stub.ClientCalls.toStatusRuntimeException(ClientCalls.java:233)
	at org.apache.ratis.thirdparty.io.grpc.stub.ClientCalls.getUnchecked(ClientCalls.java:214)
	at org.apache.ratis.thirdparty.io.grpc.stub.ClientCalls.blockingUnaryCall(ClientCalls.java:139)
	at org.apache.ratis.proto.grpc.RaftServerProtocolServiceGrpc$RaftServerProtocolServiceBlockingStub.requestVote(RaftServerProtocolServiceGrpc.java:265)
	at org.apache.ratis.grpc.server.GrpcServerProtocolClient.requestVote(GrpcServerProtocolClient.java:90)
	at org.apache.ratis.grpc.server.GrpcService.requestVote(GrpcService.java:204)
	at org.apache.ratis.server.impl.LeaderElection.lambda$submitRequests$1(LeaderElection.java:238)
	at java.util.concurrent.FutureTask.run(FutureTask.java:266)
	at java.util.concurrent.Executors$RunnableAdapter.call(Executors.java:511)
	at java.util.concurrent.FutureTask.run(FutureTask.java:266)
	at java.util.concurrent.ThreadPoolExecutor.runWorker(ThreadPoolExecutor.java:1149)
	at java.util.concurrent.ThreadPoolExecutor$Worker.run(ThreadPoolExecutor.java:624)
	... 1 more
Caused by: org.apache.ratis.thirdparty.io.netty.channel.AbstractChannel$AnnotatedConnectException: Connection refused: /192.168.36.126:42280
	at sun.nio.ch.SocketChannelImpl.checkConnect(Native Method)
	at sun.nio.ch.SocketChannelImpl.finishConnect(SocketChannelImpl.java:717)
	at org.apache.ratis.thirdparty.io.netty.channel.socket.nio.NioSocketChannel.doFinishConnect(NioSocketChannel.java:327)
	at org.apache.ratis.thirdparty.io.netty.channel.nio.AbstractNioChannel$AbstractNioUnsafe.finishConnect(AbstractNioChannel.java:340)
	at org.apache.ratis.thirdparty.io.netty.channel.nio.NioEventLoop.processSelectedKey(NioEventLoop.java:632)
	at org.apache.ratis.thirdparty.io.netty.channel.nio.NioEventLoop.processSelectedKeysOptimized(NioEventLoop.java:579)
	at org.apache.ratis.thirdparty.io.netty.channel.nio.NioEventLoop.processSelectedKeys(NioEventLoop.java:496)
	at org.apache.ratis.thirdparty.io.netty.channel.nio.NioEventLoop.run(NioEventLoop.java:458)
	at org.apache.ratis.thirdparty.io.netty.util.concurrent.SingleThreadEventExecutor$5.run(SingleThreadEventExecutor.java:897)
	at org.apache.ratis.thirdparty.io.netty.util.concurrent.FastThreadLocalRunnable.run(FastThreadLocalRunnable.java:30)
	... 1 more
Caused by: java.net.ConnectException: Connection refused
	... 11 more
2019-09-25 05:32:04,709 [616f9f8f-9479-40f4-8c03-f125dcbf9c7f@group-60724A24602F:LeaderElection239] INFO  impl.RaftServerImpl (RaftServerImpl.java:setRole(174)) - 616f9f8f-9479-40f4-8c03-f125dcbf9c7f@group-60724A24602F: changes role from CANDIDATE to FOLLOWER at term 21 for DISCOVERED_A_NEW_TERM
2019-09-25 05:32:04,709 [616f9f8f-9479-40f4-8c03-f125dcbf9c7f@group-60724A24602F:LeaderElection239] INFO  impl.RoleInfo (RoleInfo.java:shutdownLeaderElection(134)) - 616f9f8f-9479-40f4-8c03-f125dcbf9c7f: shutdown LeaderElection
2019-09-25 05:32:04,709 [616f9f8f-9479-40f4-8c03-f125dcbf9c7f@group-60724A24602F:LeaderElection239] INFO  impl.RoleInfo (RoleInfo.java:updateAndGet(143)) - 616f9f8f-9479-40f4-8c03-f125dcbf9c7f: start FollowerState
2019-09-25 05:32:05,616 [Thread-1356] INFO  impl.FollowerState (FollowerState.java:run(106)) - 5c3318fc-c419-4298-b427-bf5a9ca27bf0:group-059250D1A272 changes to CANDIDATE, lastRpcTime:1120, electionTimeout:1120ms
2019-09-25 05:32:05,616 [Thread-1356] INFO  impl.RoleInfo (RoleInfo.java:shutdownFollowerState(121)) - 5c3318fc-c419-4298-b427-bf5a9ca27bf0: shutdown FollowerState
2019-09-25 05:32:05,616 [Thread-1356] INFO  impl.RaftServerImpl (RaftServerImpl.java:setRole(174)) - 5c3318fc-c419-4298-b427-bf5a9ca27bf0@group-059250D1A272: changes role from  FOLLOWER to CANDIDATE at term 21 for changeToCandidate
2019-09-25 05:32:05,616 [Thread-1356] INFO  impl.RoleInfo (RoleInfo.java:updateAndGet(143)) - 5c3318fc-c419-4298-b427-bf5a9ca27bf0: start LeaderElection
2019-09-25 05:32:05,633 [5c3318fc-c419-4298-b427-bf5a9ca27bf0@group-059250D1A272:LeaderElection240] INFO  impl.LeaderElection (LeaderElection.java:askForVotes(182)) - 5c3318fc-c419-4298-b427-bf5a9ca27bf0@group-059250D1A272:LeaderElection240: begin an election at term 22 for -1: [5c3318fc-c419-4298-b427-bf5a9ca27bf0:192.168.36.126:46795, 61946a22-29ed-4e77-8449-fae4cd9869e9:192.168.36.126:36814, 0d4a37ed-4cec-423a-a360-e4a879eb6bc0:192.168.36.126:37817], old=null
2019-09-25 05:32:05,635 [5c3318fc-c419-4298-b427-bf5a9ca27bf0@group-059250D1A272:LeaderElection240] INFO  impl.LeaderElection (LogUtils.java:infoOrTrace(149)) - 5c3318fc-c419-4298-b427-bf5a9ca27bf0@group-059250D1A272:LeaderElection240 got exception when requesting votes: {}
java.util.concurrent.ExecutionException: org.apache.ratis.thirdparty.io.grpc.StatusRuntimeException: UNAVAILABLE: io exception
	at java.util.concurrent.FutureTask.report(FutureTask.java:122)
	at java.util.concurrent.FutureTask.get(FutureTask.java:192)
	at org.apache.ratis.server.impl.LeaderElection.waitForResults(LeaderElection.java:263)
	at org.apache.ratis.server.impl.LeaderElection.askForVotes(LeaderElection.java:201)
	at org.apache.ratis.server.impl.LeaderElection.run(LeaderElection.java:133)
	at java.lang.Thread.run(Thread.java:748)
Caused by: org.apache.ratis.thirdparty.io.grpc.StatusRuntimeException: UNAVAILABLE: io exception
	at org.apache.ratis.thirdparty.io.grpc.stub.ClientCalls.toStatusRuntimeException(ClientCalls.java:233)
	at org.apache.ratis.thirdparty.io.grpc.stub.ClientCalls.getUnchecked(ClientCalls.java:214)
	at org.apache.ratis.thirdparty.io.grpc.stub.ClientCalls.blockingUnaryCall(ClientCalls.java:139)
	at org.apache.ratis.proto.grpc.RaftServerProtocolServiceGrpc$RaftServerProtocolServiceBlockingStub.requestVote(RaftServerProtocolServiceGrpc.java:265)
	at org.apache.ratis.grpc.server.GrpcServerProtocolClient.requestVote(GrpcServerProtocolClient.java:90)
	at org.apache.ratis.grpc.server.GrpcService.requestVote(GrpcService.java:204)
	at org.apache.ratis.server.impl.LeaderElection.lambda$submitRequests$1(LeaderElection.java:238)
	at java.util.concurrent.FutureTask.run(FutureTask.java:266)
	at java.util.concurrent.Executors$RunnableAdapter.call(Executors.java:511)
	at java.util.concurrent.FutureTask.run(FutureTask.java:266)
	at java.util.concurrent.ThreadPoolExecutor.runWorker(ThreadPoolExecutor.java:1149)
	at java.util.concurrent.ThreadPoolExecutor$Worker.run(ThreadPoolExecutor.java:624)
	... 1 more
Caused by: org.apache.ratis.thirdparty.io.netty.channel.AbstractChannel$AnnotatedConnectException: Connection refused: /192.168.36.126:36814
	at sun.nio.ch.SocketChannelImpl.checkConnect(Native Method)
	at sun.nio.ch.SocketChannelImpl.finishConnect(SocketChannelImpl.java:717)
	at org.apache.ratis.thirdparty.io.netty.channel.socket.nio.NioSocketChannel.doFinishConnect(NioSocketChannel.java:327)
	at org.apache.ratis.thirdparty.io.netty.channel.nio.AbstractNioChannel$AbstractNioUnsafe.finishConnect(AbstractNioChannel.java:340)
	at org.apache.ratis.thirdparty.io.netty.channel.nio.NioEventLoop.processSelectedKey(NioEventLoop.java:632)
	at org.apache.ratis.thirdparty.io.netty.channel.nio.NioEventLoop.processSelectedKeysOptimized(NioEventLoop.java:579)
	at org.apache.ratis.thirdparty.io.netty.channel.nio.NioEventLoop.processSelectedKeys(NioEventLoop.java:496)
	at org.apache.ratis.thirdparty.io.netty.channel.nio.NioEventLoop.run(NioEventLoop.java:458)
	at org.apache.ratis.thirdparty.io.netty.util.concurrent.SingleThreadEventExecutor$5.run(SingleThreadEventExecutor.java:897)
	at org.apache.ratis.thirdparty.io.netty.util.concurrent.FastThreadLocalRunnable.run(FastThreadLocalRunnable.java:30)
	... 1 more
Caused by: java.net.ConnectException: Connection refused
	... 11 more
2019-09-25 05:32:05,635 [5c3318fc-c419-4298-b427-bf5a9ca27bf0@group-059250D1A272:LeaderElection240] INFO  impl.LeaderElection (LogUtils.java:infoOrTrace(149)) - 5c3318fc-c419-4298-b427-bf5a9ca27bf0@group-059250D1A272:LeaderElection240 got exception when requesting votes: {}
java.util.concurrent.ExecutionException: org.apache.ratis.thirdparty.io.grpc.StatusRuntimeException: UNAVAILABLE: io exception
	at java.util.concurrent.FutureTask.report(FutureTask.java:122)
	at java.util.concurrent.FutureTask.get(FutureTask.java:192)
	at org.apache.ratis.server.impl.LeaderElection.waitForResults(LeaderElection.java:263)
	at org.apache.ratis.server.impl.LeaderElection.askForVotes(LeaderElection.java:201)
	at org.apache.ratis.server.impl.LeaderElection.run(LeaderElection.java:133)
	at java.lang.Thread.run(Thread.java:748)
Caused by: org.apache.ratis.thirdparty.io.grpc.StatusRuntimeException: UNAVAILABLE: io exception
	at org.apache.ratis.thirdparty.io.grpc.stub.ClientCalls.toStatusRuntimeException(ClientCalls.java:233)
	at org.apache.ratis.thirdparty.io.grpc.stub.ClientCalls.getUnchecked(ClientCalls.java:214)
	at org.apache.ratis.thirdparty.io.grpc.stub.ClientCalls.blockingUnaryCall(ClientCalls.java:139)
	at org.apache.ratis.proto.grpc.RaftServerProtocolServiceGrpc$RaftServerProtocolServiceBlockingStub.requestVote(RaftServerProtocolServiceGrpc.java:265)
	at org.apache.ratis.grpc.server.GrpcServerProtocolClient.requestVote(GrpcServerProtocolClient.java:90)
	at org.apache.ratis.grpc.server.GrpcService.requestVote(GrpcService.java:204)
	at org.apache.ratis.server.impl.LeaderElection.lambda$submitRequests$1(LeaderElection.java:238)
	at java.util.concurrent.FutureTask.run(FutureTask.java:266)
	at java.util.concurrent.Executors$RunnableAdapter.call(Executors.java:511)
	at java.util.concurrent.FutureTask.run(FutureTask.java:266)
	at java.util.concurrent.ThreadPoolExecutor.runWorker(ThreadPoolExecutor.java:1149)
	at java.util.concurrent.ThreadPoolExecutor$Worker.run(ThreadPoolExecutor.java:624)
	... 1 more
Caused by: org.apache.ratis.thirdparty.io.netty.channel.AbstractChannel$AnnotatedConnectException: Connection refused: /192.168.36.126:37817
	at sun.nio.ch.SocketChannelImpl.checkConnect(Native Method)
	at sun.nio.ch.SocketChannelImpl.finishConnect(SocketChannelImpl.java:717)
	at org.apache.ratis.thirdparty.io.netty.channel.socket.nio.NioSocketChannel.doFinishConnect(NioSocketChannel.java:327)
	at org.apache.ratis.thirdparty.io.netty.channel.nio.AbstractNioChannel$AbstractNioUnsafe.finishConnect(AbstractNioChannel.java:340)
	at org.apache.ratis.thirdparty.io.netty.channel.nio.NioEventLoop.processSelectedKey(NioEventLoop.java:632)
	at org.apache.ratis.thirdparty.io.netty.channel.nio.NioEventLoop.processSelectedKeysOptimized(NioEventLoop.java:579)
	at org.apache.ratis.thirdparty.io.netty.channel.nio.NioEventLoop.processSelectedKeys(NioEventLoop.java:496)
	at org.apache.ratis.thirdparty.io.netty.channel.nio.NioEventLoop.run(NioEventLoop.java:458)
	at org.apache.ratis.thirdparty.io.netty.util.concurrent.SingleThreadEventExecutor$5.run(SingleThreadEventExecutor.java:897)
	at org.apache.ratis.thirdparty.io.netty.util.concurrent.FastThreadLocalRunnable.run(FastThreadLocalRunnable.java:30)
	... 1 more
Caused by: java.net.ConnectException: Connection refused
	... 11 more
2019-09-25 05:32:05,636 [5c3318fc-c419-4298-b427-bf5a9ca27bf0@group-059250D1A272:LeaderElection240] INFO  impl.LeaderElection (LeaderElection.java:logAndReturn(56)) - 5c3318fc-c419-4298-b427-bf5a9ca27bf0@group-059250D1A272:LeaderElection240: Election REJECTED; received 0 response(s) [] and 2 exception(s); 5c3318fc-c419-4298-b427-bf5a9ca27bf0@group-059250D1A272:t22, leader=null, voted=5c3318fc-c419-4298-b427-bf5a9ca27bf0, raftlog=5c3318fc-c419-4298-b427-bf5a9ca27bf0@group-059250D1A272-SegmentedRaftLog:OPENED:c-1,f-1,i0, conf=-1: [5c3318fc-c419-4298-b427-bf5a9ca27bf0:192.168.36.126:46795, 61946a22-29ed-4e77-8449-fae4cd9869e9:192.168.36.126:36814, 0d4a37ed-4cec-423a-a360-e4a879eb6bc0:192.168.36.126:37817], old=null
2019-09-25 05:32:05,636 [5c3318fc-c419-4298-b427-bf5a9ca27bf0@group-059250D1A272:LeaderElection240] INFO  impl.LeaderElection (LogUtils.java:infoOrTrace(149)) -   Exception 0: {}
java.util.concurrent.ExecutionException: org.apache.ratis.thirdparty.io.grpc.StatusRuntimeException: UNAVAILABLE: io exception
	at java.util.concurrent.FutureTask.report(FutureTask.java:122)
	at java.util.concurrent.FutureTask.get(FutureTask.java:192)
	at org.apache.ratis.server.impl.LeaderElection.waitForResults(LeaderElection.java:263)
	at org.apache.ratis.server.impl.LeaderElection.askForVotes(LeaderElection.java:201)
	at org.apache.ratis.server.impl.LeaderElection.run(LeaderElection.java:133)
	at java.lang.Thread.run(Thread.java:748)
Caused by: org.apache.ratis.thirdparty.io.grpc.StatusRuntimeException: UNAVAILABLE: io exception
	at org.apache.ratis.thirdparty.io.grpc.stub.ClientCalls.toStatusRuntimeException(ClientCalls.java:233)
	at org.apache.ratis.thirdparty.io.grpc.stub.ClientCalls.getUnchecked(ClientCalls.java:214)
	at org.apache.ratis.thirdparty.io.grpc.stub.ClientCalls.blockingUnaryCall(ClientCalls.java:139)
	at org.apache.ratis.proto.grpc.RaftServerProtocolServiceGrpc$RaftServerProtocolServiceBlockingStub.requestVote(RaftServerProtocolServiceGrpc.java:265)
	at org.apache.ratis.grpc.server.GrpcServerProtocolClient.requestVote(GrpcServerProtocolClient.java:90)
	at org.apache.ratis.grpc.server.GrpcService.requestVote(GrpcService.java:204)
	at org.apache.ratis.server.impl.LeaderElection.lambda$submitRequests$1(LeaderElection.java:238)
	at java.util.concurrent.FutureTask.run(FutureTask.java:266)
	at java.util.concurrent.Executors$RunnableAdapter.call(Executors.java:511)
	at java.util.concurrent.FutureTask.run(FutureTask.java:266)
	at java.util.concurrent.ThreadPoolExecutor.runWorker(ThreadPoolExecutor.java:1149)
	at java.util.concurrent.ThreadPoolExecutor$Worker.run(ThreadPoolExecutor.java:624)
	... 1 more
Caused by: org.apache.ratis.thirdparty.io.netty.channel.AbstractChannel$AnnotatedConnectException: Connection refused: /192.168.36.126:36814
	at sun.nio.ch.SocketChannelImpl.checkConnect(Native Method)
	at sun.nio.ch.SocketChannelImpl.finishConnect(SocketChannelImpl.java:717)
	at org.apache.ratis.thirdparty.io.netty.channel.socket.nio.NioSocketChannel.doFinishConnect(NioSocketChannel.java:327)
	at org.apache.ratis.thirdparty.io.netty.channel.nio.AbstractNioChannel$AbstractNioUnsafe.finishConnect(AbstractNioChannel.java:340)
	at org.apache.ratis.thirdparty.io.netty.channel.nio.NioEventLoop.processSelectedKey(NioEventLoop.java:632)
	at org.apache.ratis.thirdparty.io.netty.channel.nio.NioEventLoop.processSelectedKeysOptimized(NioEventLoop.java:579)
	at org.apache.ratis.thirdparty.io.netty.channel.nio.NioEventLoop.processSelectedKeys(NioEventLoop.java:496)
	at org.apache.ratis.thirdparty.io.netty.channel.nio.NioEventLoop.run(NioEventLoop.java:458)
	at org.apache.ratis.thirdparty.io.netty.util.concurrent.SingleThreadEventExecutor$5.run(SingleThreadEventExecutor.java:897)
	at org.apache.ratis.thirdparty.io.netty.util.concurrent.FastThreadLocalRunnable.run(FastThreadLocalRunnable.java:30)
	... 1 more
Caused by: java.net.ConnectException: Connection refused
	... 11 more
2019-09-25 05:32:05,636 [5c3318fc-c419-4298-b427-bf5a9ca27bf0@group-059250D1A272:LeaderElection240] INFO  impl.LeaderElection (LogUtils.java:infoOrTrace(149)) -   Exception 1: {}
java.util.concurrent.ExecutionException: org.apache.ratis.thirdparty.io.grpc.StatusRuntimeException: UNAVAILABLE: io exception
	at java.util.concurrent.FutureTask.report(FutureTask.java:122)
	at java.util.concurrent.FutureTask.get(FutureTask.java:192)
	at org.apache.ratis.server.impl.LeaderElection.waitForResults(LeaderElection.java:263)
	at org.apache.ratis.server.impl.LeaderElection.askForVotes(LeaderElection.java:201)
	at org.apache.ratis.server.impl.LeaderElection.run(LeaderElection.java:133)
	at java.lang.Thread.run(Thread.java:748)
Caused by: org.apache.ratis.thirdparty.io.grpc.StatusRuntimeException: UNAVAILABLE: io exception
	at org.apache.ratis.thirdparty.io.grpc.stub.ClientCalls.toStatusRuntimeException(ClientCalls.java:233)
	at org.apache.ratis.thirdparty.io.grpc.stub.ClientCalls.getUnchecked(ClientCalls.java:214)
	at org.apache.ratis.thirdparty.io.grpc.stub.ClientCalls.blockingUnaryCall(ClientCalls.java:139)
	at org.apache.ratis.proto.grpc.RaftServerProtocolServiceGrpc$RaftServerProtocolServiceBlockingStub.requestVote(RaftServerProtocolServiceGrpc.java:265)
	at org.apache.ratis.grpc.server.GrpcServerProtocolClient.requestVote(GrpcServerProtocolClient.java:90)
	at org.apache.ratis.grpc.server.GrpcService.requestVote(GrpcService.java:204)
	at org.apache.ratis.server.impl.LeaderElection.lambda$submitRequests$1(LeaderElection.java:238)
	at java.util.concurrent.FutureTask.run(FutureTask.java:266)
	at java.util.concurrent.Executors$RunnableAdapter.call(Executors.java:511)
	at java.util.concurrent.FutureTask.run(FutureTask.java:266)
	at java.util.concurrent.ThreadPoolExecutor.runWorker(ThreadPoolExecutor.java:1149)
	at java.util.concurrent.ThreadPoolExecutor$Worker.run(ThreadPoolExecutor.java:624)
	... 1 more
Caused by: org.apache.ratis.thirdparty.io.netty.channel.AbstractChannel$AnnotatedConnectException: Connection refused: /192.168.36.126:37817
	at sun.nio.ch.SocketChannelImpl.checkConnect(Native Method)
	at sun.nio.ch.SocketChannelImpl.finishConnect(SocketChannelImpl.java:717)
	at org.apache.ratis.thirdparty.io.netty.channel.socket.nio.NioSocketChannel.doFinishConnect(NioSocketChannel.java:327)
	at org.apache.ratis.thirdparty.io.netty.channel.nio.AbstractNioChannel$AbstractNioUnsafe.finishConnect(AbstractNioChannel.java:340)
	at org.apache.ratis.thirdparty.io.netty.channel.nio.NioEventLoop.processSelectedKey(NioEventLoop.java:632)
	at org.apache.ratis.thirdparty.io.netty.channel.nio.NioEventLoop.processSelectedKeysOptimized(NioEventLoop.java:579)
	at org.apache.ratis.thirdparty.io.netty.channel.nio.NioEventLoop.processSelectedKeys(NioEventLoop.java:496)
	at org.apache.ratis.thirdparty.io.netty.channel.nio.NioEventLoop.run(NioEventLoop.java:458)
	at org.apache.ratis.thirdparty.io.netty.util.concurrent.SingleThreadEventExecutor$5.run(SingleThreadEventExecutor.java:897)
	at org.apache.ratis.thirdparty.io.netty.util.concurrent.FastThreadLocalRunnable.run(FastThreadLocalRunnable.java:30)
	... 1 more
Caused by: java.net.ConnectException: Connection refused
	... 11 more
2019-09-25 05:32:05,637 [5c3318fc-c419-4298-b427-bf5a9ca27bf0@group-059250D1A272:LeaderElection240] INFO  impl.RaftServerImpl (RaftServerImpl.java:setRole(174)) - 5c3318fc-c419-4298-b427-bf5a9ca27bf0@group-059250D1A272: changes role from CANDIDATE to FOLLOWER at term 22 for DISCOVERED_A_NEW_TERM
2019-09-25 05:32:05,637 [5c3318fc-c419-4298-b427-bf5a9ca27bf0@group-059250D1A272:LeaderElection240] INFO  impl.RoleInfo (RoleInfo.java:shutdownLeaderElection(134)) - 5c3318fc-c419-4298-b427-bf5a9ca27bf0: shutdown LeaderElection
2019-09-25 05:32:05,637 [5c3318fc-c419-4298-b427-bf5a9ca27bf0@group-059250D1A272:LeaderElection240] INFO  impl.RoleInfo (RoleInfo.java:updateAndGet(143)) - 5c3318fc-c419-4298-b427-bf5a9ca27bf0: start FollowerState
2019-09-25 05:32:05,675 [Thread-1360] INFO  impl.FollowerState (FollowerState.java:run(106)) - 5c3318fc-c419-4298-b427-bf5a9ca27bf0:group-21C2C432FD88 changes to CANDIDATE, lastRpcTime:1067, electionTimeout:1067ms
2019-09-25 05:32:05,675 [Thread-1360] INFO  impl.RoleInfo (RoleInfo.java:shutdownFollowerState(121)) - 5c3318fc-c419-4298-b427-bf5a9ca27bf0: shutdown FollowerState
2019-09-25 05:32:05,675 [Thread-1360] INFO  impl.RaftServerImpl (RaftServerImpl.java:setRole(174)) - 5c3318fc-c419-4298-b427-bf5a9ca27bf0@group-21C2C432FD88: changes role from  FOLLOWER to CANDIDATE at term 22 for changeToCandidate
2019-09-25 05:32:05,676 [Thread-1360] INFO  impl.RoleInfo (RoleInfo.java:updateAndGet(143)) - 5c3318fc-c419-4298-b427-bf5a9ca27bf0: start LeaderElection
2019-09-25 05:32:05,693 [5c3318fc-c419-4298-b427-bf5a9ca27bf0@group-21C2C432FD88:LeaderElection241] INFO  impl.LeaderElection (LeaderElection.java:askForVotes(182)) - 5c3318fc-c419-4298-b427-bf5a9ca27bf0@group-21C2C432FD88:LeaderElection241: begin an election at term 23 for -1: [5c3318fc-c419-4298-b427-bf5a9ca27bf0:192.168.36.126:46795, 61946a22-29ed-4e77-8449-fae4cd9869e9:192.168.36.126:36814, 0d4a37ed-4cec-423a-a360-e4a879eb6bc0:192.168.36.126:37817], old=null
2019-09-25 05:32:05,694 [5c3318fc-c419-4298-b427-bf5a9ca27bf0@group-21C2C432FD88:LeaderElection241] INFO  impl.LeaderElection (LogUtils.java:infoOrTrace(149)) - 5c3318fc-c419-4298-b427-bf5a9ca27bf0@group-21C2C432FD88:LeaderElection241 got exception when requesting votes: {}
java.util.concurrent.ExecutionException: org.apache.ratis.thirdparty.io.grpc.StatusRuntimeException: UNAVAILABLE: io exception
	at java.util.concurrent.FutureTask.report(FutureTask.java:122)
	at java.util.concurrent.FutureTask.get(FutureTask.java:192)
	at org.apache.ratis.server.impl.LeaderElection.waitForResults(LeaderElection.java:263)
	at org.apache.ratis.server.impl.LeaderElection.askForVotes(LeaderElection.java:201)
	at org.apache.ratis.server.impl.LeaderElection.run(LeaderElection.java:133)
	at java.lang.Thread.run(Thread.java:748)
Caused by: org.apache.ratis.thirdparty.io.grpc.StatusRuntimeException: UNAVAILABLE: io exception
	at org.apache.ratis.thirdparty.io.grpc.stub.ClientCalls.toStatusRuntimeException(ClientCalls.java:233)
	at org.apache.ratis.thirdparty.io.grpc.stub.ClientCalls.getUnchecked(ClientCalls.java:214)
	at org.apache.ratis.thirdparty.io.grpc.stub.ClientCalls.blockingUnaryCall(ClientCalls.java:139)
	at org.apache.ratis.proto.grpc.RaftServerProtocolServiceGrpc$RaftServerProtocolServiceBlockingStub.requestVote(RaftServerProtocolServiceGrpc.java:265)
	at org.apache.ratis.grpc.server.GrpcServerProtocolClient.requestVote(GrpcServerProtocolClient.java:90)
	at org.apache.ratis.grpc.server.GrpcService.requestVote(GrpcService.java:204)
	at org.apache.ratis.server.impl.LeaderElection.lambda$submitRequests$1(LeaderElection.java:238)
	at java.util.concurrent.FutureTask.run(FutureTask.java:266)
	at java.util.concurrent.Executors$RunnableAdapter.call(Executors.java:511)
	at java.util.concurrent.FutureTask.run(FutureTask.java:266)
	at java.util.concurrent.ThreadPoolExecutor.runWorker(ThreadPoolExecutor.java:1149)
	at java.util.concurrent.ThreadPoolExecutor$Worker.run(ThreadPoolExecutor.java:624)
	... 1 more
Caused by: org.apache.ratis.thirdparty.io.netty.channel.AbstractChannel$AnnotatedConnectException: Connection refused: /192.168.36.126:37817
	at sun.nio.ch.SocketChannelImpl.checkConnect(Native Method)
	at sun.nio.ch.SocketChannelImpl.finishConnect(SocketChannelImpl.java:717)
	at org.apache.ratis.thirdparty.io.netty.channel.socket.nio.NioSocketChannel.doFinishConnect(NioSocketChannel.java:327)
	at org.apache.ratis.thirdparty.io.netty.channel.nio.AbstractNioChannel$AbstractNioUnsafe.finishConnect(AbstractNioChannel.java:340)
	at org.apache.ratis.thirdparty.io.netty.channel.nio.NioEventLoop.processSelectedKey(NioEventLoop.java:632)
	at org.apache.ratis.thirdparty.io.netty.channel.nio.NioEventLoop.processSelectedKeysOptimized(NioEventLoop.java:579)
	at org.apache.ratis.thirdparty.io.netty.channel.nio.NioEventLoop.processSelectedKeys(NioEventLoop.java:496)
	at org.apache.ratis.thirdparty.io.netty.channel.nio.NioEventLoop.run(NioEventLoop.java:458)
	at org.apache.ratis.thirdparty.io.netty.util.concurrent.SingleThreadEventExecutor$5.run(SingleThreadEventExecutor.java:897)
	at org.apache.ratis.thirdparty.io.netty.util.concurrent.FastThreadLocalRunnable.run(FastThreadLocalRunnable.java:30)
	... 1 more
Caused by: java.net.ConnectException: Connection refused
	... 11 more
2019-09-25 05:32:05,695 [5c3318fc-c419-4298-b427-bf5a9ca27bf0@group-21C2C432FD88:LeaderElection241] INFO  impl.LeaderElection (LogUtils.java:infoOrTrace(149)) - 5c3318fc-c419-4298-b427-bf5a9ca27bf0@group-21C2C432FD88:LeaderElection241 got exception when requesting votes: {}
java.util.concurrent.ExecutionException: org.apache.ratis.thirdparty.io.grpc.StatusRuntimeException: UNAVAILABLE: io exception
	at java.util.concurrent.FutureTask.report(FutureTask.java:122)
	at java.util.concurrent.FutureTask.get(FutureTask.java:192)
	at org.apache.ratis.server.impl.LeaderElection.waitForResults(LeaderElection.java:263)
	at org.apache.ratis.server.impl.LeaderElection.askForVotes(LeaderElection.java:201)
	at org.apache.ratis.server.impl.LeaderElection.run(LeaderElection.java:133)
	at java.lang.Thread.run(Thread.java:748)
Caused by: org.apache.ratis.thirdparty.io.grpc.StatusRuntimeException: UNAVAILABLE: io exception
	at org.apache.ratis.thirdparty.io.grpc.stub.ClientCalls.toStatusRuntimeException(ClientCalls.java:233)
	at org.apache.ratis.thirdparty.io.grpc.stub.ClientCalls.getUnchecked(ClientCalls.java:214)
	at org.apache.ratis.thirdparty.io.grpc.stub.ClientCalls.blockingUnaryCall(ClientCalls.java:139)
	at org.apache.ratis.proto.grpc.RaftServerProtocolServiceGrpc$RaftServerProtocolServiceBlockingStub.requestVote(RaftServerProtocolServiceGrpc.java:265)
	at org.apache.ratis.grpc.server.GrpcServerProtocolClient.requestVote(GrpcServerProtocolClient.java:90)
	at org.apache.ratis.grpc.server.GrpcService.requestVote(GrpcService.java:204)
	at org.apache.ratis.server.impl.LeaderElection.lambda$submitRequests$1(LeaderElection.java:238)
	at java.util.concurrent.FutureTask.run(FutureTask.java:266)
	at java.util.concurrent.Executors$RunnableAdapter.call(Executors.java:511)
	at java.util.concurrent.FutureTask.run(FutureTask.java:266)
	at java.util.concurrent.ThreadPoolExecutor.runWorker(ThreadPoolExecutor.java:1149)
	at java.util.concurrent.ThreadPoolExecutor$Worker.run(ThreadPoolExecutor.java:624)
	... 1 more
Caused by: org.apache.ratis.thirdparty.io.netty.channel.AbstractChannel$AnnotatedConnectException: Connection refused: /192.168.36.126:36814
	at sun.nio.ch.SocketChannelImpl.checkConnect(Native Method)
	at sun.nio.ch.SocketChannelImpl.finishConnect(SocketChannelImpl.java:717)
	at org.apache.ratis.thirdparty.io.netty.channel.socket.nio.NioSocketChannel.doFinishConnect(NioSocketChannel.java:327)
	at org.apache.ratis.thirdparty.io.netty.channel.nio.AbstractNioChannel$AbstractNioUnsafe.finishConnect(AbstractNioChannel.java:340)
	at org.apache.ratis.thirdparty.io.netty.channel.nio.NioEventLoop.processSelectedKey(NioEventLoop.java:632)
	at org.apache.ratis.thirdparty.io.netty.channel.nio.NioEventLoop.processSelectedKeysOptimized(NioEventLoop.java:579)
	at org.apache.ratis.thirdparty.io.netty.channel.nio.NioEventLoop.processSelectedKeys(NioEventLoop.java:496)
	at org.apache.ratis.thirdparty.io.netty.channel.nio.NioEventLoop.run(NioEventLoop.java:458)
	at org.apache.ratis.thirdparty.io.netty.util.concurrent.SingleThreadEventExecutor$5.run(SingleThreadEventExecutor.java:897)
	at org.apache.ratis.thirdparty.io.netty.util.concurrent.FastThreadLocalRunnable.run(FastThreadLocalRunnable.java:30)
	... 1 more
Caused by: java.net.ConnectException: Connection refused
	... 11 more
2019-09-25 05:32:05,695 [5c3318fc-c419-4298-b427-bf5a9ca27bf0@group-21C2C432FD88:LeaderElection241] INFO  impl.LeaderElection (LeaderElection.java:logAndReturn(56)) - 5c3318fc-c419-4298-b427-bf5a9ca27bf0@group-21C2C432FD88:LeaderElection241: Election REJECTED; received 0 response(s) [] and 2 exception(s); 5c3318fc-c419-4298-b427-bf5a9ca27bf0@group-21C2C432FD88:t23, leader=null, voted=5c3318fc-c419-4298-b427-bf5a9ca27bf0, raftlog=5c3318fc-c419-4298-b427-bf5a9ca27bf0@group-21C2C432FD88-SegmentedRaftLog:OPENED:c-1,f-1,i0, conf=-1: [5c3318fc-c419-4298-b427-bf5a9ca27bf0:192.168.36.126:46795, 61946a22-29ed-4e77-8449-fae4cd9869e9:192.168.36.126:36814, 0d4a37ed-4cec-423a-a360-e4a879eb6bc0:192.168.36.126:37817], old=null
2019-09-25 05:32:05,695 [5c3318fc-c419-4298-b427-bf5a9ca27bf0@group-21C2C432FD88:LeaderElection241] INFO  impl.LeaderElection (LogUtils.java:infoOrTrace(149)) -   Exception 0: {}
java.util.concurrent.ExecutionException: org.apache.ratis.thirdparty.io.grpc.StatusRuntimeException: UNAVAILABLE: io exception
	at java.util.concurrent.FutureTask.report(FutureTask.java:122)
	at java.util.concurrent.FutureTask.get(FutureTask.java:192)
	at org.apache.ratis.server.impl.LeaderElection.waitForResults(LeaderElection.java:263)
	at org.apache.ratis.server.impl.LeaderElection.askForVotes(LeaderElection.java:201)
	at org.apache.ratis.server.impl.LeaderElection.run(LeaderElection.java:133)
	at java.lang.Thread.run(Thread.java:748)
Caused by: org.apache.ratis.thirdparty.io.grpc.StatusRuntimeException: UNAVAILABLE: io exception
	at org.apache.ratis.thirdparty.io.grpc.stub.ClientCalls.toStatusRuntimeException(ClientCalls.java:233)
	at org.apache.ratis.thirdparty.io.grpc.stub.ClientCalls.getUnchecked(ClientCalls.java:214)
	at org.apache.ratis.thirdparty.io.grpc.stub.ClientCalls.blockingUnaryCall(ClientCalls.java:139)
	at org.apache.ratis.proto.grpc.RaftServerProtocolServiceGrpc$RaftServerProtocolServiceBlockingStub.requestVote(RaftServerProtocolServiceGrpc.java:265)
	at org.apache.ratis.grpc.server.GrpcServerProtocolClient.requestVote(GrpcServerProtocolClient.java:90)
	at org.apache.ratis.grpc.server.GrpcService.requestVote(GrpcService.java:204)
	at org.apache.ratis.server.impl.LeaderElection.lambda$submitRequests$1(LeaderElection.java:238)
	at java.util.concurrent.FutureTask.run(FutureTask.java:266)
	at java.util.concurrent.Executors$RunnableAdapter.call(Executors.java:511)
	at java.util.concurrent.FutureTask.run(FutureTask.java:266)
	at java.util.concurrent.ThreadPoolExecutor.runWorker(ThreadPoolExecutor.java:1149)
	at java.util.concurrent.ThreadPoolExecutor$Worker.run(ThreadPoolExecutor.java:624)
	... 1 more
Caused by: org.apache.ratis.thirdparty.io.netty.channel.AbstractChannel$AnnotatedConnectException: Connection refused: /192.168.36.126:37817
	at sun.nio.ch.SocketChannelImpl.checkConnect(Native Method)
	at sun.nio.ch.SocketChannelImpl.finishConnect(SocketChannelImpl.java:717)
	at org.apache.ratis.thirdparty.io.netty.channel.socket.nio.NioSocketChannel.doFinishConnect(NioSocketChannel.java:327)
	at org.apache.ratis.thirdparty.io.netty.channel.nio.AbstractNioChannel$AbstractNioUnsafe.finishConnect(AbstractNioChannel.java:340)
	at org.apache.ratis.thirdparty.io.netty.channel.nio.NioEventLoop.processSelectedKey(NioEventLoop.java:632)
	at org.apache.ratis.thirdparty.io.netty.channel.nio.NioEventLoop.processSelectedKeysOptimized(NioEventLoop.java:579)
	at org.apache.ratis.thirdparty.io.netty.channel.nio.NioEventLoop.processSelectedKeys(NioEventLoop.java:496)
	at org.apache.ratis.thirdparty.io.netty.channel.nio.NioEventLoop.run(NioEventLoop.java:458)
	at org.apache.ratis.thirdparty.io.netty.util.concurrent.SingleThreadEventExecutor$5.run(SingleThreadEventExecutor.java:897)
	at org.apache.ratis.thirdparty.io.netty.util.concurrent.FastThreadLocalRunnable.run(FastThreadLocalRunnable.java:30)
	... 1 more
Caused by: java.net.ConnectException: Connection refused
	... 11 more
2019-09-25 05:32:05,696 [5c3318fc-c419-4298-b427-bf5a9ca27bf0@group-21C2C432FD88:LeaderElection241] INFO  impl.LeaderElection (LogUtils.java:infoOrTrace(149)) -   Exception 1: {}
java.util.concurrent.ExecutionException: org.apache.ratis.thirdparty.io.grpc.StatusRuntimeException: UNAVAILABLE: io exception
	at java.util.concurrent.FutureTask.report(FutureTask.java:122)
	at java.util.concurrent.FutureTask.get(FutureTask.java:192)
	at org.apache.ratis.server.impl.LeaderElection.waitForResults(LeaderElection.java:263)
	at org.apache.ratis.server.impl.LeaderElection.askForVotes(LeaderElection.java:201)
	at org.apache.ratis.server.impl.LeaderElection.run(LeaderElection.java:133)
	at java.lang.Thread.run(Thread.java:748)
Caused by: org.apache.ratis.thirdparty.io.grpc.StatusRuntimeException: UNAVAILABLE: io exception
	at org.apache.ratis.thirdparty.io.grpc.stub.ClientCalls.toStatusRuntimeException(ClientCalls.java:233)
	at org.apache.ratis.thirdparty.io.grpc.stub.ClientCalls.getUnchecked(ClientCalls.java:214)
	at org.apache.ratis.thirdparty.io.grpc.stub.ClientCalls.blockingUnaryCall(ClientCalls.java:139)
	at org.apache.ratis.proto.grpc.RaftServerProtocolServiceGrpc$RaftServerProtocolServiceBlockingStub.requestVote(RaftServerProtocolServiceGrpc.java:265)
	at org.apache.ratis.grpc.server.GrpcServerProtocolClient.requestVote(GrpcServerProtocolClient.java:90)
	at org.apache.ratis.grpc.server.GrpcService.requestVote(GrpcService.java:204)
	at org.apache.ratis.server.impl.LeaderElection.lambda$submitRequests$1(LeaderElection.java:238)
	at java.util.concurrent.FutureTask.run(FutureTask.java:266)
	at java.util.concurrent.Executors$RunnableAdapter.call(Executors.java:511)
	at java.util.concurrent.FutureTask.run(FutureTask.java:266)
	at java.util.concurrent.ThreadPoolExecutor.runWorker(ThreadPoolExecutor.java:1149)
	at java.util.concurrent.ThreadPoolExecutor$Worker.run(ThreadPoolExecutor.java:624)
	... 1 more
Caused by: org.apache.ratis.thirdparty.io.netty.channel.AbstractChannel$AnnotatedConnectException: Connection refused: /192.168.36.126:36814
	at sun.nio.ch.SocketChannelImpl.checkConnect(Native Method)
	at sun.nio.ch.SocketChannelImpl.finishConnect(SocketChannelImpl.java:717)
	at org.apache.ratis.thirdparty.io.netty.channel.socket.nio.NioSocketChannel.doFinishConnect(NioSocketChannel.java:327)
	at org.apache.ratis.thirdparty.io.netty.channel.nio.AbstractNioChannel$AbstractNioUnsafe.finishConnect(AbstractNioChannel.java:340)
	at org.apache.ratis.thirdparty.io.netty.channel.nio.NioEventLoop.processSelectedKey(NioEventLoop.java:632)
	at org.apache.ratis.thirdparty.io.netty.channel.nio.NioEventLoop.processSelectedKeysOptimized(NioEventLoop.java:579)
	at org.apache.ratis.thirdparty.io.netty.channel.nio.NioEventLoop.processSelectedKeys(NioEventLoop.java:496)
	at org.apache.ratis.thirdparty.io.netty.channel.nio.NioEventLoop.run(NioEventLoop.java:458)
	at org.apache.ratis.thirdparty.io.netty.util.concurrent.SingleThreadEventExecutor$5.run(SingleThreadEventExecutor.java:897)
	at org.apache.ratis.thirdparty.io.netty.util.concurrent.FastThreadLocalRunnable.run(FastThreadLocalRunnable.java:30)
	... 1 more
Caused by: java.net.ConnectException: Connection refused
	... 11 more
2019-09-25 05:32:05,696 [5c3318fc-c419-4298-b427-bf5a9ca27bf0@group-21C2C432FD88:LeaderElection241] INFO  impl.RaftServerImpl (RaftServerImpl.java:setRole(174)) - 5c3318fc-c419-4298-b427-bf5a9ca27bf0@group-21C2C432FD88: changes role from CANDIDATE to FOLLOWER at term 23 for DISCOVERED_A_NEW_TERM
2019-09-25 05:32:05,696 [5c3318fc-c419-4298-b427-bf5a9ca27bf0@group-21C2C432FD88:LeaderElection241] INFO  impl.RoleInfo (RoleInfo.java:shutdownLeaderElection(134)) - 5c3318fc-c419-4298-b427-bf5a9ca27bf0: shutdown LeaderElection
2019-09-25 05:32:05,696 [5c3318fc-c419-4298-b427-bf5a9ca27bf0@group-21C2C432FD88:LeaderElection241] INFO  impl.RoleInfo (RoleInfo.java:updateAndGet(143)) - 5c3318fc-c419-4298-b427-bf5a9ca27bf0: start FollowerState
2019-09-25 05:32:05,753 [Thread-1364] INFO  impl.FollowerState (FollowerState.java:run(106)) - 616f9f8f-9479-40f4-8c03-f125dcbf9c7f:group-60724A24602F changes to CANDIDATE, lastRpcTime:1043, electionTimeout:1043ms
2019-09-25 05:32:05,753 [Thread-1364] INFO  impl.RoleInfo (RoleInfo.java:shutdownFollowerState(121)) - 616f9f8f-9479-40f4-8c03-f125dcbf9c7f: shutdown FollowerState
2019-09-25 05:32:05,753 [Thread-1364] INFO  impl.RaftServerImpl (RaftServerImpl.java:setRole(174)) - 616f9f8f-9479-40f4-8c03-f125dcbf9c7f@group-60724A24602F: changes role from  FOLLOWER to CANDIDATE at term 21 for changeToCandidate
2019-09-25 05:32:05,753 [Thread-1364] INFO  impl.RoleInfo (RoleInfo.java:updateAndGet(143)) - 616f9f8f-9479-40f4-8c03-f125dcbf9c7f: start LeaderElection
2019-09-25 05:32:05,777 [616f9f8f-9479-40f4-8c03-f125dcbf9c7f@group-60724A24602F:LeaderElection242] INFO  impl.LeaderElection (LeaderElection.java:askForVotes(182)) - 616f9f8f-9479-40f4-8c03-f125dcbf9c7f@group-60724A24602F:LeaderElection242: begin an election at term 22 for -1: [616f9f8f-9479-40f4-8c03-f125dcbf9c7f:192.168.36.126:39694, e997a993-6131-47bf-96c8-764e04cb5c0e:192.168.36.126:37678, fd2f3f79-5d7b-4d37-bb24-b15dfe7f18d7:192.168.36.126:42280], old=null
2019-09-25 05:32:05,778 [616f9f8f-9479-40f4-8c03-f125dcbf9c7f@group-60724A24602F:LeaderElection242] INFO  impl.LeaderElection (LogUtils.java:infoOrTrace(149)) - 616f9f8f-9479-40f4-8c03-f125dcbf9c7f@group-60724A24602F:LeaderElection242 got exception when requesting votes: {}
java.util.concurrent.ExecutionException: org.apache.ratis.thirdparty.io.grpc.StatusRuntimeException: UNAVAILABLE: io exception
	at java.util.concurrent.FutureTask.report(FutureTask.java:122)
	at java.util.concurrent.FutureTask.get(FutureTask.java:192)
	at org.apache.ratis.server.impl.LeaderElection.waitForResults(LeaderElection.java:263)
	at org.apache.ratis.server.impl.LeaderElection.askForVotes(LeaderElection.java:201)
	at org.apache.ratis.server.impl.LeaderElection.run(LeaderElection.java:133)
	at java.lang.Thread.run(Thread.java:748)
Caused by: org.apache.ratis.thirdparty.io.grpc.StatusRuntimeException: UNAVAILABLE: io exception
	at org.apache.ratis.thirdparty.io.grpc.stub.ClientCalls.toStatusRuntimeException(ClientCalls.java:233)
	at org.apache.ratis.thirdparty.io.grpc.stub.ClientCalls.getUnchecked(ClientCalls.java:214)
	at org.apache.ratis.thirdparty.io.grpc.stub.ClientCalls.blockingUnaryCall(ClientCalls.java:139)
	at org.apache.ratis.proto.grpc.RaftServerProtocolServiceGrpc$RaftServerProtocolServiceBlockingStub.requestVote(RaftServerProtocolServiceGrpc.java:265)
	at org.apache.ratis.grpc.server.GrpcServerProtocolClient.requestVote(GrpcServerProtocolClient.java:90)
	at org.apache.ratis.grpc.server.GrpcService.requestVote(GrpcService.java:204)
	at org.apache.ratis.server.impl.LeaderElection.lambda$submitRequests$1(LeaderElection.java:238)
	at java.util.concurrent.FutureTask.run(FutureTask.java:266)
	at java.util.concurrent.Executors$RunnableAdapter.call(Executors.java:511)
	at java.util.concurrent.FutureTask.run(FutureTask.java:266)
	at java.util.concurrent.ThreadPoolExecutor.runWorker(ThreadPoolExecutor.java:1149)
	at java.util.concurrent.ThreadPoolExecutor$Worker.run(ThreadPoolExecutor.java:624)
	... 1 more
Caused by: org.apache.ratis.thirdparty.io.netty.channel.AbstractChannel$AnnotatedConnectException: Connection refused: /192.168.36.126:37678
	at sun.nio.ch.SocketChannelImpl.checkConnect(Native Method)
	at sun.nio.ch.SocketChannelImpl.finishConnect(SocketChannelImpl.java:717)
	at org.apache.ratis.thirdparty.io.netty.channel.socket.nio.NioSocketChannel.doFinishConnect(NioSocketChannel.java:327)
	at org.apache.ratis.thirdparty.io.netty.channel.nio.AbstractNioChannel$AbstractNioUnsafe.finishConnect(AbstractNioChannel.java:340)
	at org.apache.ratis.thirdparty.io.netty.channel.nio.NioEventLoop.processSelectedKey(NioEventLoop.java:632)
	at org.apache.ratis.thirdparty.io.netty.channel.nio.NioEventLoop.processSelectedKeysOptimized(NioEventLoop.java:579)
	at org.apache.ratis.thirdparty.io.netty.channel.nio.NioEventLoop.processSelectedKeys(NioEventLoop.java:496)
	at org.apache.ratis.thirdparty.io.netty.channel.nio.NioEventLoop.run(NioEventLoop.java:458)
	at org.apache.ratis.thirdparty.io.netty.util.concurrent.SingleThreadEventExecutor$5.run(SingleThreadEventExecutor.java:897)
	at org.apache.ratis.thirdparty.io.netty.util.concurrent.FastThreadLocalRunnable.run(FastThreadLocalRunnable.java:30)
	... 1 more
Caused by: java.net.ConnectException: Connection refused
	... 11 more
2019-09-25 05:32:05,779 [616f9f8f-9479-40f4-8c03-f125dcbf9c7f@group-60724A24602F:LeaderElection242] INFO  impl.LeaderElection (LogUtils.java:infoOrTrace(149)) - 616f9f8f-9479-40f4-8c03-f125dcbf9c7f@group-60724A24602F:LeaderElection242 got exception when requesting votes: {}
java.util.concurrent.ExecutionException: org.apache.ratis.thirdparty.io.grpc.StatusRuntimeException: UNAVAILABLE: io exception
	at java.util.concurrent.FutureTask.report(FutureTask.java:122)
	at java.util.concurrent.FutureTask.get(FutureTask.java:192)
	at org.apache.ratis.server.impl.LeaderElection.waitForResults(LeaderElection.java:263)
	at org.apache.ratis.server.impl.LeaderElection.askForVotes(LeaderElection.java:201)
	at org.apache.ratis.server.impl.LeaderElection.run(LeaderElection.java:133)
	at java.lang.Thread.run(Thread.java:748)
Caused by: org.apache.ratis.thirdparty.io.grpc.StatusRuntimeException: UNAVAILABLE: io exception
	at org.apache.ratis.thirdparty.io.grpc.stub.ClientCalls.toStatusRuntimeException(ClientCalls.java:233)
	at org.apache.ratis.thirdparty.io.grpc.stub.ClientCalls.getUnchecked(ClientCalls.java:214)
	at org.apache.ratis.thirdparty.io.grpc.stub.ClientCalls.blockingUnaryCall(ClientCalls.java:139)
	at org.apache.ratis.proto.grpc.RaftServerProtocolServiceGrpc$RaftServerProtocolServiceBlockingStub.requestVote(RaftServerProtocolServiceGrpc.java:265)
	at org.apache.ratis.grpc.server.GrpcServerProtocolClient.requestVote(GrpcServerProtocolClient.java:90)
	at org.apache.ratis.grpc.server.GrpcService.requestVote(GrpcService.java:204)
	at org.apache.ratis.server.impl.LeaderElection.lambda$submitRequests$1(LeaderElection.java:238)
	at java.util.concurrent.FutureTask.run(FutureTask.java:266)
	at java.util.concurrent.Executors$RunnableAdapter.call(Executors.java:511)
	at java.util.concurrent.FutureTask.run(FutureTask.java:266)
	at java.util.concurrent.ThreadPoolExecutor.runWorker(ThreadPoolExecutor.java:1149)
	at java.util.concurrent.ThreadPoolExecutor$Worker.run(ThreadPoolExecutor.java:624)
	... 1 more
Caused by: org.apache.ratis.thirdparty.io.netty.channel.AbstractChannel$AnnotatedConnectException: Connection refused: /192.168.36.126:42280
	at sun.nio.ch.SocketChannelImpl.checkConnect(Native Method)
	at sun.nio.ch.SocketChannelImpl.finishConnect(SocketChannelImpl.java:717)
	at org.apache.ratis.thirdparty.io.netty.channel.socket.nio.NioSocketChannel.doFinishConnect(NioSocketChannel.java:327)
	at org.apache.ratis.thirdparty.io.netty.channel.nio.AbstractNioChannel$AbstractNioUnsafe.finishConnect(AbstractNioChannel.java:340)
	at org.apache.ratis.thirdparty.io.netty.channel.nio.NioEventLoop.processSelectedKey(NioEventLoop.java:632)
	at org.apache.ratis.thirdparty.io.netty.channel.nio.NioEventLoop.processSelectedKeysOptimized(NioEventLoop.java:579)
	at org.apache.ratis.thirdparty.io.netty.channel.nio.NioEventLoop.processSelectedKeys(NioEventLoop.java:496)
	at org.apache.ratis.thirdparty.io.netty.channel.nio.NioEventLoop.run(NioEventLoop.java:458)
	at org.apache.ratis.thirdparty.io.netty.util.concurrent.SingleThreadEventExecutor$5.run(SingleThreadEventExecutor.java:897)
	at org.apache.ratis.thirdparty.io.netty.util.concurrent.FastThreadLocalRunnable.run(FastThreadLocalRunnable.java:30)
	... 1 more
Caused by: java.net.ConnectException: Connection refused
	... 11 more
2019-09-25 05:32:05,779 [616f9f8f-9479-40f4-8c03-f125dcbf9c7f@group-60724A24602F:LeaderElection242] INFO  impl.LeaderElection (LeaderElection.java:logAndReturn(56)) - 616f9f8f-9479-40f4-8c03-f125dcbf9c7f@group-60724A24602F:LeaderElection242: Election REJECTED; received 0 response(s) [] and 2 exception(s); 616f9f8f-9479-40f4-8c03-f125dcbf9c7f@group-60724A24602F:t22, leader=null, voted=616f9f8f-9479-40f4-8c03-f125dcbf9c7f, raftlog=616f9f8f-9479-40f4-8c03-f125dcbf9c7f@group-60724A24602F-SegmentedRaftLog:OPENED:c-1,f-1,i0, conf=-1: [616f9f8f-9479-40f4-8c03-f125dcbf9c7f:192.168.36.126:39694, e997a993-6131-47bf-96c8-764e04cb5c0e:192.168.36.126:37678, fd2f3f79-5d7b-4d37-bb24-b15dfe7f18d7:192.168.36.126:42280], old=null
2019-09-25 05:32:05,780 [616f9f8f-9479-40f4-8c03-f125dcbf9c7f@group-60724A24602F:LeaderElection242] INFO  impl.LeaderElection (LogUtils.java:infoOrTrace(149)) -   Exception 0: {}
java.util.concurrent.ExecutionException: org.apache.ratis.thirdparty.io.grpc.StatusRuntimeException: UNAVAILABLE: io exception
	at java.util.concurrent.FutureTask.report(FutureTask.java:122)
	at java.util.concurrent.FutureTask.get(FutureTask.java:192)
	at org.apache.ratis.server.impl.LeaderElection.waitForResults(LeaderElection.java:263)
	at org.apache.ratis.server.impl.LeaderElection.askForVotes(LeaderElection.java:201)
	at org.apache.ratis.server.impl.LeaderElection.run(LeaderElection.java:133)
	at java.lang.Thread.run(Thread.java:748)
Caused by: org.apache.ratis.thirdparty.io.grpc.StatusRuntimeException: UNAVAILABLE: io exception
	at org.apache.ratis.thirdparty.io.grpc.stub.ClientCalls.toStatusRuntimeException(ClientCalls.java:233)
	at org.apache.ratis.thirdparty.io.grpc.stub.ClientCalls.getUnchecked(ClientCalls.java:214)
	at org.apache.ratis.thirdparty.io.grpc.stub.ClientCalls.blockingUnaryCall(ClientCalls.java:139)
	at org.apache.ratis.proto.grpc.RaftServerProtocolServiceGrpc$RaftServerProtocolServiceBlockingStub.requestVote(RaftServerProtocolServiceGrpc.java:265)
	at org.apache.ratis.grpc.server.GrpcServerProtocolClient.requestVote(GrpcServerProtocolClient.java:90)
	at org.apache.ratis.grpc.server.GrpcService.requestVote(GrpcService.java:204)
	at org.apache.ratis.server.impl.LeaderElection.lambda$submitRequests$1(LeaderElection.java:238)
	at java.util.concurrent.FutureTask.run(FutureTask.java:266)
	at java.util.concurrent.Executors$RunnableAdapter.call(Executors.java:511)
	at java.util.concurrent.FutureTask.run(FutureTask.java:266)
	at java.util.concurrent.ThreadPoolExecutor.runWorker(ThreadPoolExecutor.java:1149)
	at java.util.concurrent.ThreadPoolExecutor$Worker.run(ThreadPoolExecutor.java:624)
	... 1 more
Caused by: org.apache.ratis.thirdparty.io.netty.channel.AbstractChannel$AnnotatedConnectException: Connection refused: /192.168.36.126:37678
	at sun.nio.ch.SocketChannelImpl.checkConnect(Native Method)
	at sun.nio.ch.SocketChannelImpl.finishConnect(SocketChannelImpl.java:717)
	at org.apache.ratis.thirdparty.io.netty.channel.socket.nio.NioSocketChannel.doFinishConnect(NioSocketChannel.java:327)
	at org.apache.ratis.thirdparty.io.netty.channel.nio.AbstractNioChannel$AbstractNioUnsafe.finishConnect(AbstractNioChannel.java:340)
	at org.apache.ratis.thirdparty.io.netty.channel.nio.NioEventLoop.processSelectedKey(NioEventLoop.java:632)
	at org.apache.ratis.thirdparty.io.netty.channel.nio.NioEventLoop.processSelectedKeysOptimized(NioEventLoop.java:579)
	at org.apache.ratis.thirdparty.io.netty.channel.nio.NioEventLoop.processSelectedKeys(NioEventLoop.java:496)
	at org.apache.ratis.thirdparty.io.netty.channel.nio.NioEventLoop.run(NioEventLoop.java:458)
	at org.apache.ratis.thirdparty.io.netty.util.concurrent.SingleThreadEventExecutor$5.run(SingleThreadEventExecutor.java:897)
	at org.apache.ratis.thirdparty.io.netty.util.concurrent.FastThreadLocalRunnable.run(FastThreadLocalRunnable.java:30)
	... 1 more
Caused by: java.net.ConnectException: Connection refused
	... 11 more
2019-09-25 05:32:05,780 [616f9f8f-9479-40f4-8c03-f125dcbf9c7f@group-60724A24602F:LeaderElection242] INFO  impl.LeaderElection (LogUtils.java:infoOrTrace(149)) -   Exception 1: {}
java.util.concurrent.ExecutionException: org.apache.ratis.thirdparty.io.grpc.StatusRuntimeException: UNAVAILABLE: io exception
	at java.util.concurrent.FutureTask.report(FutureTask.java:122)
	at java.util.concurrent.FutureTask.get(FutureTask.java:192)
	at org.apache.ratis.server.impl.LeaderElection.waitForResults(LeaderElection.java:263)
	at org.apache.ratis.server.impl.LeaderElection.askForVotes(LeaderElection.java:201)
	at org.apache.ratis.server.impl.LeaderElection.run(LeaderElection.java:133)
	at java.lang.Thread.run(Thread.java:748)
Caused by: org.apache.ratis.thirdparty.io.grpc.StatusRuntimeException: UNAVAILABLE: io exception
	at org.apache.ratis.thirdparty.io.grpc.stub.ClientCalls.toStatusRuntimeException(ClientCalls.java:233)
	at org.apache.ratis.thirdparty.io.grpc.stub.ClientCalls.getUnchecked(ClientCalls.java:214)
	at org.apache.ratis.thirdparty.io.grpc.stub.ClientCalls.blockingUnaryCall(ClientCalls.java:139)
	at org.apache.ratis.proto.grpc.RaftServerProtocolServiceGrpc$RaftServerProtocolServiceBlockingStub.requestVote(RaftServerProtocolServiceGrpc.java:265)
	at org.apache.ratis.grpc.server.GrpcServerProtocolClient.requestVote(GrpcServerProtocolClient.java:90)
	at org.apache.ratis.grpc.server.GrpcService.requestVote(GrpcService.java:204)
	at org.apache.ratis.server.impl.LeaderElection.lambda$submitRequests$1(LeaderElection.java:238)
	at java.util.concurrent.FutureTask.run(FutureTask.java:266)
	at java.util.concurrent.Executors$RunnableAdapter.call(Executors.java:511)
	at java.util.concurrent.FutureTask.run(FutureTask.java:266)
	at java.util.concurrent.ThreadPoolExecutor.runWorker(ThreadPoolExecutor.java:1149)
	at java.util.concurrent.ThreadPoolExecutor$Worker.run(ThreadPoolExecutor.java:624)
	... 1 more
Caused by: org.apache.ratis.thirdparty.io.netty.channel.AbstractChannel$AnnotatedConnectException: Connection refused: /192.168.36.126:42280
	at sun.nio.ch.SocketChannelImpl.checkConnect(Native Method)
	at sun.nio.ch.SocketChannelImpl.finishConnect(SocketChannelImpl.java:717)
	at org.apache.ratis.thirdparty.io.netty.channel.socket.nio.NioSocketChannel.doFinishConnect(NioSocketChannel.java:327)
	at org.apache.ratis.thirdparty.io.netty.channel.nio.AbstractNioChannel$AbstractNioUnsafe.finishConnect(AbstractNioChannel.java:340)
	at org.apache.ratis.thirdparty.io.netty.channel.nio.NioEventLoop.processSelectedKey(NioEventLoop.java:632)
	at org.apache.ratis.thirdparty.io.netty.channel.nio.NioEventLoop.processSelectedKeysOptimized(NioEventLoop.java:579)
	at org.apache.ratis.thirdparty.io.netty.channel.nio.NioEventLoop.processSelectedKeys(NioEventLoop.java:496)
	at org.apache.ratis.thirdparty.io.netty.channel.nio.NioEventLoop.run(NioEventLoop.java:458)
	at org.apache.ratis.thirdparty.io.netty.util.concurrent.SingleThreadEventExecutor$5.run(SingleThreadEventExecutor.java:897)
	at org.apache.ratis.thirdparty.io.netty.util.concurrent.FastThreadLocalRunnable.run(FastThreadLocalRunnable.java:30)
	... 1 more
Caused by: java.net.ConnectException: Connection refused
	... 11 more
2019-09-25 05:32:05,781 [616f9f8f-9479-40f4-8c03-f125dcbf9c7f@group-60724A24602F:LeaderElection242] INFO  impl.RaftServerImpl (RaftServerImpl.java:setRole(174)) - 616f9f8f-9479-40f4-8c03-f125dcbf9c7f@group-60724A24602F: changes role from CANDIDATE to FOLLOWER at term 22 for DISCOVERED_A_NEW_TERM
2019-09-25 05:32:05,781 [616f9f8f-9479-40f4-8c03-f125dcbf9c7f@group-60724A24602F:LeaderElection242] INFO  impl.RoleInfo (RoleInfo.java:shutdownLeaderElection(134)) - 616f9f8f-9479-40f4-8c03-f125dcbf9c7f: shutdown LeaderElection
2019-09-25 05:32:05,781 [616f9f8f-9479-40f4-8c03-f125dcbf9c7f@group-60724A24602F:LeaderElection242] INFO  impl.RoleInfo (RoleInfo.java:updateAndGet(143)) - 616f9f8f-9479-40f4-8c03-f125dcbf9c7f: start FollowerState
2019-09-25 05:32:06,450 [ForkJoinPool.commonPool-worker-1] INFO  ozoneimpl.OzoneContainer (OzoneContainer.java:stop(231)) - Attempting to stop container services.
2019-09-25 05:32:06,451 [ForkJoinPool.commonPool-worker-1] INFO  impl.RaftServerProxy (RaftServerProxy.java:lambda$close$4(314)) - 616f9f8f-9479-40f4-8c03-f125dcbf9c7f: close
2019-09-25 05:32:06,451 [ForkJoinPool.commonPool-worker-1] INFO  impl.RaftServerImpl (RaftServerImpl.java:lambda$shutdown$3(251)) - 616f9f8f-9479-40f4-8c03-f125dcbf9c7f@group-60724A24602F: shutdown
2019-09-25 05:32:06,452 [ForkJoinPool.commonPool-worker-1] INFO  util.JmxRegister (JmxRegister.java:unregister(73)) - Successfully un-registered JMX Bean with object name Ratis:service=RaftServer,group=group-60724A24602F,id=616f9f8f-9479-40f4-8c03-f125dcbf9c7f
2019-09-25 05:32:06,452 [ForkJoinPool.commonPool-worker-1] INFO  impl.RoleInfo (RoleInfo.java:shutdownFollowerState(121)) - 616f9f8f-9479-40f4-8c03-f125dcbf9c7f: shutdown FollowerState
2019-09-25 05:32:06,452 [ForkJoinPool.commonPool-worker-1] INFO  impl.StateMachineUpdater (StateMachineUpdater.java:stopAndJoin(125)) - 616f9f8f-9479-40f4-8c03-f125dcbf9c7f@group-60724A24602F-StateMachineUpdater: set stopIndex = -1
2019-09-25 05:32:06,452 [Thread-1376] INFO  impl.FollowerState (FollowerState.java:run(115)) - 616f9f8f-9479-40f4-8c03-f125dcbf9c7f: FollowerState was interrupted: java.lang.InterruptedException: sleep interrupted
2019-09-25 05:32:06,453 [ForkJoinPool.commonPool-worker-1] INFO  impl.RaftServerImpl (ServerState.java:close(385)) - 616f9f8f-9479-40f4-8c03-f125dcbf9c7f@group-60724A24602F: closes. applyIndex: -1
2019-09-25 05:32:06,453 [616f9f8f-9479-40f4-8c03-f125dcbf9c7f@group-60724A24602F-SegmentedRaftLogWorker] INFO  segmented.SegmentedRaftLogWorker (SegmentedRaftLogWorker.java:run(313)) - 616f9f8f-9479-40f4-8c03-f125dcbf9c7f@group-60724A24602F-SegmentedRaftLogWorker was interrupted, exiting. There are 0 tasks remaining in the queue.
2019-09-25 05:32:06,454 [ForkJoinPool.commonPool-worker-1] INFO  segmented.SegmentedRaftLogWorker (SegmentedRaftLogWorker.java:close(228)) - 616f9f8f-9479-40f4-8c03-f125dcbf9c7f@group-60724A24602F-SegmentedRaftLogWorker close()
2019-09-25 05:32:06,459 [ForkJoinPool.commonPool-worker-1] INFO  server.GrpcService (GrpcService.java:closeImpl(164)) - 616f9f8f-9479-40f4-8c03-f125dcbf9c7f: shutdown server with port 39694 now
2019-09-25 05:32:06,460 [ForkJoinPool.commonPool-worker-1] INFO  server.GrpcService (GrpcService.java:closeImpl(172)) - 616f9f8f-9479-40f4-8c03-f125dcbf9c7f: shutdown server with port 39694 successfully
2019-09-25 05:32:06,465 [refreshUsed-/workdir/hadoop-ozone/integration-test/target/test-dir/MiniOzoneClusterImpl-cea1adf1-e11b-40bf-86cb-fb3b2d854ef9/datanode-1/data/containers] WARN  fs.CachingGetSpaceUsed (CachingGetSpaceUsed.java:run(183)) - Thread Interrupted waiting to refresh disk information: sleep interrupted
2019-09-25 05:32:06,482 [ForkJoinPool.commonPool-worker-1] INFO  utils.BackgroundService (BackgroundService.java:shutdown(148)) - Shutting down service BlockDeletingService
2019-09-25 05:32:06,486 [ForkJoinPool.commonPool-worker-1] INFO  statemachine.DatanodeStateMachine (DatanodeStateMachine.java:stopDaemon(395)) - Ozone container server stopped.
2019-09-25 05:32:06,489 [ForkJoinPool.commonPool-worker-1] INFO  handler.ContextHandler (ContextHandler.java:doStop(910)) - Stopped o.e.j.w.WebAppContext@a451491{/,null,UNAVAILABLE}{/hddsDatanode}
2019-09-25 05:32:06,490 [ForkJoinPool.commonPool-worker-1] INFO  server.AbstractConnector (AbstractConnector.java:doStop(318)) - Stopped ServerConnector@1422ac7f{HTTP/1.1,[http/1.1]}{0.0.0.0:0}
2019-09-25 05:32:06,491 [ForkJoinPool.commonPool-worker-1] INFO  handler.ContextHandler (ContextHandler.java:doStop(910)) - Stopped o.e.j.s.ServletContextHandler@77774571{/static,jar:file:/home/user/.m2/repository/org/apache/hadoop/hadoop-hdds-container-service/0.5.0-SNAPSHOT/hadoop-hdds-container-service-0.5.0-SNAPSHOT.jar!/webapps/static,UNAVAILABLE}
2019-09-25 05:32:06,492 [ForkJoinPool.commonPool-worker-1] INFO  handler.ContextHandler (ContextHandler.java:doStop(910)) - Stopped o.e.j.s.ServletContextHandler@1e7ab390{/logs,file:///workdir/hadoop-ozone/integration-test/target/log,UNAVAILABLE}
2019-09-25 05:32:06,619 [main] INFO  ozoneimpl.OzoneContainer (OzoneContainer.java:stop(231)) - Attempting to stop container services.
2019-09-25 05:32:06,619 [main] INFO  impl.RaftServerProxy (RaftServerProxy.java:lambda$close$4(314)) - 5c3318fc-c419-4298-b427-bf5a9ca27bf0: close
2019-09-25 05:32:06,619 [main] INFO  impl.RaftServerImpl (RaftServerImpl.java:lambda$shutdown$3(251)) - 5c3318fc-c419-4298-b427-bf5a9ca27bf0@group-17F3E135542C: shutdown
2019-09-25 05:32:06,620 [main] INFO  util.JmxRegister (JmxRegister.java:unregister(73)) - Successfully un-registered JMX Bean with object name Ratis:service=RaftServer,group=group-17F3E135542C,id=5c3318fc-c419-4298-b427-bf5a9ca27bf0
2019-09-25 05:32:06,620 [main] INFO  impl.RoleInfo (RoleInfo.java:shutdownLeaderState(104)) - 5c3318fc-c419-4298-b427-bf5a9ca27bf0: shutdown LeaderState
2019-09-25 05:32:06,620 [main] INFO  impl.PendingRequests (PendingRequests.java:sendNotLeaderResponses(202)) - 5c3318fc-c419-4298-b427-bf5a9ca27bf0-PendingRequests: sendNotLeaderResponses
2019-09-25 05:32:06,621 [main] INFO  impl.StateMachineUpdater (StateMachineUpdater.java:stopAndJoin(125)) - 5c3318fc-c419-4298-b427-bf5a9ca27bf0@group-17F3E135542C-StateMachineUpdater: set stopIndex = 0
2019-09-25 05:32:06,621 [main] INFO  impl.RaftServerImpl (ServerState.java:close(385)) - 5c3318fc-c419-4298-b427-bf5a9ca27bf0@group-17F3E135542C: closes. applyIndex: 0
2019-09-25 05:32:06,621 [5c3318fc-c419-4298-b427-bf5a9ca27bf0@group-17F3E135542C-SegmentedRaftLogWorker] INFO  segmented.SegmentedRaftLogWorker (SegmentedRaftLogWorker.java:run(313)) - 5c3318fc-c419-4298-b427-bf5a9ca27bf0@group-17F3E135542C-SegmentedRaftLogWorker was interrupted, exiting. There are 0 tasks remaining in the queue.
2019-09-25 05:32:06,622 [main] INFO  segmented.SegmentedRaftLogWorker (SegmentedRaftLogWorker.java:close(228)) - 5c3318fc-c419-4298-b427-bf5a9ca27bf0@group-17F3E135542C-SegmentedRaftLogWorker close()
2019-09-25 05:32:06,622 [main] INFO  impl.RaftServerImpl (RaftServerImpl.java:lambda$shutdown$3(251)) - 5c3318fc-c419-4298-b427-bf5a9ca27bf0@group-21C2C432FD88: shutdown
2019-09-25 05:32:06,622 [main] INFO  util.JmxRegister (JmxRegister.java:unregister(73)) - Successfully un-registered JMX Bean with object name Ratis:service=RaftServer,group=group-21C2C432FD88,id=5c3318fc-c419-4298-b427-bf5a9ca27bf0
2019-09-25 05:32:06,623 [main] INFO  impl.RoleInfo (RoleInfo.java:shutdownFollowerState(121)) - 5c3318fc-c419-4298-b427-bf5a9ca27bf0: shutdown FollowerState
2019-09-25 05:32:06,623 [main] INFO  impl.StateMachineUpdater (StateMachineUpdater.java:stopAndJoin(125)) - 5c3318fc-c419-4298-b427-bf5a9ca27bf0@group-21C2C432FD88-StateMachineUpdater: set stopIndex = -1
2019-09-25 05:32:06,623 [Thread-1372] INFO  impl.FollowerState (FollowerState.java:run(115)) - 5c3318fc-c419-4298-b427-bf5a9ca27bf0: FollowerState was interrupted: java.lang.InterruptedException: sleep interrupted
2019-09-25 05:32:06,623 [main] INFO  impl.RaftServerImpl (ServerState.java:close(385)) - 5c3318fc-c419-4298-b427-bf5a9ca27bf0@group-21C2C432FD88: closes. applyIndex: -1
2019-09-25 05:32:06,624 [5c3318fc-c419-4298-b427-bf5a9ca27bf0@group-21C2C432FD88-SegmentedRaftLogWorker] INFO  segmented.SegmentedRaftLogWorker (SegmentedRaftLogWorker.java:run(313)) - 5c3318fc-c419-4298-b427-bf5a9ca27bf0@group-21C2C432FD88-SegmentedRaftLogWorker was interrupted, exiting. There are 0 tasks remaining in the queue.
2019-09-25 05:32:06,624 [main] INFO  segmented.SegmentedRaftLogWorker (SegmentedRaftLogWorker.java:close(228)) - 5c3318fc-c419-4298-b427-bf5a9ca27bf0@group-21C2C432FD88-SegmentedRaftLogWorker close()
2019-09-25 05:32:06,624 [main] INFO  impl.RaftServerImpl (RaftServerImpl.java:lambda$shutdown$3(251)) - 5c3318fc-c419-4298-b427-bf5a9ca27bf0@group-059250D1A272: shutdown
2019-09-25 05:32:06,624 [main] INFO  util.JmxRegister (JmxRegister.java:unregister(73)) - Successfully un-registered JMX Bean with object name Ratis:service=RaftServer,group=group-059250D1A272,id=5c3318fc-c419-4298-b427-bf5a9ca27bf0
2019-09-25 05:32:06,625 [main] INFO  impl.RoleInfo (RoleInfo.java:shutdownFollowerState(121)) - 5c3318fc-c419-4298-b427-bf5a9ca27bf0: shutdown FollowerState
2019-09-25 05:32:06,625 [main] INFO  impl.StateMachineUpdater (StateMachineUpdater.java:stopAndJoin(125)) - 5c3318fc-c419-4298-b427-bf5a9ca27bf0@group-059250D1A272-StateMachineUpdater: set stopIndex = -1
2019-09-25 05:32:06,625 [Thread-1368] INFO  impl.FollowerState (FollowerState.java:run(115)) - 5c3318fc-c419-4298-b427-bf5a9ca27bf0: FollowerState was interrupted: java.lang.InterruptedException: sleep interrupted
2019-09-25 05:32:06,625 [main] INFO  impl.RaftServerImpl (ServerState.java:close(385)) - 5c3318fc-c419-4298-b427-bf5a9ca27bf0@group-059250D1A272: closes. applyIndex: -1
2019-09-25 05:32:06,626 [5c3318fc-c419-4298-b427-bf5a9ca27bf0@group-059250D1A272-SegmentedRaftLogWorker] INFO  segmented.SegmentedRaftLogWorker (SegmentedRaftLogWorker.java:run(313)) - 5c3318fc-c419-4298-b427-bf5a9ca27bf0@group-059250D1A272-SegmentedRaftLogWorker was interrupted, exiting. There are 0 tasks remaining in the queue.
2019-09-25 05:32:06,626 [main] INFO  segmented.SegmentedRaftLogWorker (SegmentedRaftLogWorker.java:close(228)) - 5c3318fc-c419-4298-b427-bf5a9ca27bf0@group-059250D1A272-SegmentedRaftLogWorker close()
2019-09-25 05:32:06,626 [main] INFO  server.GrpcService (GrpcService.java:closeImpl(164)) - 5c3318fc-c419-4298-b427-bf5a9ca27bf0: shutdown server with port 46795 now
2019-09-25 05:32:06,627 [main] INFO  server.GrpcService (GrpcService.java:closeImpl(172)) - 5c3318fc-c419-4298-b427-bf5a9ca27bf0: shutdown server with port 46795 successfully
2019-09-25 05:32:06,629 [refreshUsed-/workdir/hadoop-ozone/integration-test/target/test-dir/MiniOzoneClusterImpl-cea1adf1-e11b-40bf-86cb-fb3b2d854ef9/datanode-7/data/containers] WARN  fs.CachingGetSpaceUsed (CachingGetSpaceUsed.java:run(183)) - Thread Interrupted waiting to refresh disk information: sleep interrupted
2019-09-25 05:32:06,642 [main] INFO  utils.BackgroundService (BackgroundService.java:shutdown(148)) - Shutting down service BlockDeletingService
2019-09-25 05:32:06,645 [main] INFO  statemachine.DatanodeStateMachine (DatanodeStateMachine.java:stopDaemon(395)) - Ozone container server stopped.
2019-09-25 05:32:06,646 [main] INFO  handler.ContextHandler (ContextHandler.java:doStop(910)) - Stopped o.e.j.w.WebAppContext@459f703f{/,null,UNAVAILABLE}{/hddsDatanode}
2019-09-25 05:32:06,647 [main] INFO  server.AbstractConnector (AbstractConnector.java:doStop(318)) - Stopped ServerConnector@188ac8a3{HTTP/1.1,[http/1.1]}{0.0.0.0:0}
2019-09-25 05:32:06,647 [main] INFO  handler.ContextHandler (ContextHandler.java:doStop(910)) - Stopped o.e.j.s.ServletContextHandler@2eeb0f9b{/static,jar:file:/home/user/.m2/repository/org/apache/hadoop/hadoop-hdds-container-service/0.5.0-SNAPSHOT/hadoop-hdds-container-service-0.5.0-SNAPSHOT.jar!/webapps/static,UNAVAILABLE}
2019-09-25 05:32:06,647 [main] INFO  handler.ContextHandler (ContextHandler.java:doStop(910)) - Stopped o.e.j.s.ServletContextHandler@2d64160c{/logs,file:///workdir/hadoop-ozone/integration-test/target/log,UNAVAILABLE}
2019-09-25 05:32:06,648 [main] INFO  ozone.MiniOzoneClusterImpl (MiniOzoneClusterImpl.java:stopSCM(392)) - Stopping the StorageContainerManager
2019-09-25 05:32:06,648 [main] INFO  server.StorageContainerManager (StorageContainerManager.java:stop(808)) - Stopping Replication Manager Service.
2019-09-25 05:32:06,648 [main] INFO  container.ReplicationManager (ReplicationManager.java:stop(203)) - Stopping Replication Monitor Thread.
2019-09-25 05:32:06,648 [main] INFO  server.StorageContainerManager (StorageContainerManager.java:stop(815)) - Stopping Lease Manager of the command watchers
2019-09-25 05:32:06,648 [main] INFO  server.StorageContainerManager (StorageContainerManager.java:stop(822)) - Stopping datanode service RPC server
2019-09-25 05:32:06,649 [main] INFO  server.SCMDatanodeProtocolServer (SCMDatanodeProtocolServer.java:stop(367)) - Stopping the RPC server for DataNodes
2019-09-25 05:32:06,649 [main] INFO  ipc.Server (Server.java:stop(3082)) - Stopping server on 41010
2019-09-25 05:32:06,651 [IPC Server listener on 41010] INFO  ipc.Server (Server.java:run(1185)) - Stopping IPC Server listener on 41010
2019-09-25 05:32:06,651 [IPC Server Responder] INFO  ipc.Server (Server.java:run(1319)) - Stopping IPC Server Responder
2019-09-25 05:32:06,652 [SCM Heartbeat Processing Thread - 0] WARN  node.NodeStateManager (NodeStateManager.java:scheduleNextHealthCheck(646)) - Current Thread is interrupted, shutting down HB processing thread for Node Manager.
2019-09-25 05:32:06,652 [main] INFO  server.StorageContainerManager (StorageContainerManager.java:stop(830)) - Stopping block service RPC server
2019-09-25 05:32:06,652 [main] INFO  server.SCMBlockProtocolServer (SCMBlockProtocolServer.java:stop(155)) - Stopping the RPC server for Block Protocol
2019-09-25 05:32:06,653 [main] INFO  ipc.Server (Server.java:stop(3082)) - Stopping server on 35590
2019-09-25 05:32:06,654 [main] INFO  server.StorageContainerManager (StorageContainerManager.java:stop(837)) - Stopping the StorageContainerLocationProtocol RPC server
2019-09-25 05:32:06,654 [main] INFO  server.SCMClientProtocolServer (SCMClientProtocolServer.java:stop(159)) - Stopping the RPC server for Client Protocol
2019-09-25 05:32:06,654 [IPC Server Responder] INFO  ipc.Server (Server.java:run(1319)) - Stopping IPC Server Responder
2019-09-25 05:32:06,654 [main] INFO  ipc.Server (Server.java:stop(3082)) - Stopping server on 39444
2019-09-25 05:32:06,654 [IPC Server listener on 35590] INFO  ipc.Server (Server.java:run(1185)) - Stopping IPC Server listener on 35590
2019-09-25 05:32:06,657 [IPC Server listener on 39444] INFO  ipc.Server (Server.java:run(1185)) - Stopping IPC Server listener on 39444
2019-09-25 05:32:06,657 [main] INFO  server.StorageContainerManager (StorageContainerManager.java:stop(844)) - Stopping Storage Container Manager HTTP server.
2019-09-25 05:32:06,657 [IPC Server Responder] INFO  ipc.Server (Server.java:run(1319)) - Stopping IPC Server Responder
2019-09-25 05:32:06,658 [main] INFO  handler.ContextHandler (ContextHandler.java:doStop(910)) - Stopped o.e.j.w.WebAppContext@660e9100{/,null,UNAVAILABLE}{/scm}
2019-09-25 05:32:06,659 [main] INFO  server.AbstractConnector (AbstractConnector.java:doStop(318)) - Stopped ServerConnector@5aabbb29{HTTP/1.1,[http/1.1]}{0.0.0.0:0}
2019-09-25 05:32:06,659 [main] INFO  handler.ContextHandler (ContextHandler.java:doStop(910)) - Stopped o.e.j.s.ServletContextHandler@1d131e1b{/static,file:///workdir/hadoop-ozone/integration-test/target/test-classes/webapps/static,UNAVAILABLE}
2019-09-25 05:32:06,659 [main] INFO  handler.ContextHandler (ContextHandler.java:doStop(910)) - Stopped o.e.j.s.ServletContextHandler@2f17e30d{/logs,file:///workdir/hadoop-ozone/integration-test/target/log,UNAVAILABLE}
2019-09-25 05:32:06,660 [main] INFO  server.StorageContainerManager (StorageContainerManager.java:stop(855)) - Stopping Block Manager Service.
2019-09-25 05:32:06,660 [main] INFO  utils.BackgroundService (BackgroundService.java:shutdown(148)) - Shutting down service SCMBlockDeletingService
2019-09-25 05:32:06,660 [main] INFO  utils.BackgroundService (BackgroundService.java:shutdown(148)) - Shutting down service SCMBlockDeletingService
2019-09-25 05:32:06,661 [main] INFO  server.StorageContainerManager (StorageContainerManager.java:stop(877)) - Stopping SCM Event Queue.
2019-09-25 05:32:06,666 [main] INFO  impl.MetricsSystemImpl (MetricsSystemImpl.java:stop(210)) - Stopping XceiverClientMetrics metrics system...
2019-09-25 05:32:06,675 [prometheus] INFO  impl.MetricsSinkAdapter (MetricsSinkAdapter.java:publishMetricsFromQueue(141)) - prometheus thread interrupted.
2019-09-25 05:32:06,675 [main] INFO  impl.MetricsSystemImpl (MetricsSystemImpl.java:stop(216)) - XceiverClientMetrics metrics system stopped.
]]></system-out>
    <system-err><![CDATA[ERROR StatusLogger No Log4j 2 configuration file found. Using default configuration (logging only errors to the console), or user programmatically provided configurations. Set system property 'log4j2.debug' to show Log4j 2 internal initialization logging. See https://logging.apache.org/log4j/2.x/manual/configuration.html for instructions on how to configure Log4j 2
Sep 25, 2019 5:32:01 AM org.apache.ratis.thirdparty.io.grpc.internal.SerializingExecutor run
SEVERE: Exception while executing runnable org.apache.ratis.thirdparty.io.grpc.internal.ServerImpl$JumpToApplicationThreadServerStreamListener$1Closed@2e3f3fb0
org.apache.ratis.thirdparty.io.grpc.StatusRuntimeException: CANCELLED: call already cancelled
	at org.apache.ratis.thirdparty.io.grpc.Status.asRuntimeException(Status.java:517)
	at org.apache.ratis.thirdparty.io.grpc.stub.ServerCalls$ServerCallStreamObserverImpl.onCompleted(ServerCalls.java:356)
	at org.apache.ratis.grpc.server.GrpcServerProtocolService$ServerRequestStreamObserver.onError(GrpcServerProtocolService.java:121)
	at org.apache.ratis.thirdparty.io.grpc.stub.ServerCalls$StreamingServerCallHandler$StreamingServerCallListener.onCancel(ServerCalls.java:269)
	at org.apache.ratis.thirdparty.io.grpc.internal.ServerCallImpl$ServerStreamListenerImpl.closed(ServerCallImpl.java:293)
	at org.apache.ratis.thirdparty.io.grpc.internal.ServerImpl$JumpToApplicationThreadServerStreamListener$1Closed.runInContext(ServerImpl.java:741)
	at org.apache.ratis.thirdparty.io.grpc.internal.ContextRunnable.run(ContextRunnable.java:37)
	at org.apache.ratis.thirdparty.io.grpc.internal.SerializingExecutor.run(SerializingExecutor.java:123)
	at java.util.concurrent.ThreadPoolExecutor.runWorker(ThreadPoolExecutor.java:1149)
	at java.util.concurrent.ThreadPoolExecutor$Worker.run(ThreadPoolExecutor.java:624)
	at java.lang.Thread.run(Thread.java:748)

]]></system-err>
  </testcase>
  <testcase name="testContainerExclusionWithClosedContainerException" classname="org.apache.hadoop.ozone.client.rpc.TestFailureHandlingByClient" time="55.918">
    <error message="Allocated 0 blocks. Requested 1 blocks" type="INTERNAL_ERROR org.apache.hadoop.ozone.om.exceptions.OMException">INTERNAL_ERROR org.apache.hadoop.ozone.om.exceptions.OMException: Allocated 0 blocks. Requested 1 blocks
	at org.apache.hadoop.ozone.om.protocolPB.OzoneManagerProtocolClientSideTranslatorPB.handleError(OzoneManagerProtocolClientSideTranslatorPB.java:732)
	at org.apache.hadoop.ozone.om.protocolPB.OzoneManagerProtocolClientSideTranslatorPB.allocateBlock(OzoneManagerProtocolClientSideTranslatorPB.java:764)
	at sun.reflect.NativeMethodAccessorImpl.invoke0(Native Method)
	at sun.reflect.NativeMethodAccessorImpl.invoke(NativeMethodAccessorImpl.java:62)
	at sun.reflect.DelegatingMethodAccessorImpl.invoke(DelegatingMethodAccessorImpl.java:43)
	at java.lang.reflect.Method.invoke(Method.java:498)
	at org.apache.hadoop.hdds.tracing.TraceAllMethod.invoke(TraceAllMethod.java:66)
	at com.sun.proxy.$Proxy36.allocateBlock(Unknown Source)
	at org.apache.hadoop.ozone.client.io.BlockOutputStreamEntryPool.allocateNewBlock(BlockOutputStreamEntryPool.java:248)
	at org.apache.hadoop.ozone.client.io.BlockOutputStreamEntryPool.allocateBlockIfNeeded(BlockOutputStreamEntryPool.java:296)
	at org.apache.hadoop.ozone.client.io.KeyOutputStream.handleWrite(KeyOutputStream.java:198)
	at org.apache.hadoop.ozone.client.io.KeyOutputStream.handleRetry(KeyOutputStream.java:375)
	at org.apache.hadoop.ozone.client.io.KeyOutputStream.handleException(KeyOutputStream.java:324)
	at org.apache.hadoop.ozone.client.io.KeyOutputStream.handleFlushOrClose(KeyOutputStream.java:449)
	at org.apache.hadoop.ozone.client.io.KeyOutputStream.flush(KeyOutputStream.java:397)
	at org.apache.hadoop.ozone.client.io.OzoneOutputStream.flush(OzoneOutputStream.java:54)
	at org.apache.hadoop.ozone.client.rpc.TestFailureHandlingByClient.testContainerExclusionWithClosedContainerException(TestFailureHandlingByClient.java:241)
	at sun.reflect.NativeMethodAccessorImpl.invoke0(Native Method)
	at sun.reflect.NativeMethodAccessorImpl.invoke(NativeMethodAccessorImpl.java:62)
	at sun.reflect.DelegatingMethodAccessorImpl.invoke(DelegatingMethodAccessorImpl.java:43)
	at java.lang.reflect.Method.invoke(Method.java:498)
	at org.junit.runners.model.FrameworkMethod$1.runReflectiveCall(FrameworkMethod.java:47)
	at org.junit.internal.runners.model.ReflectiveCallable.run(ReflectiveCallable.java:12)
	at org.junit.runners.model.FrameworkMethod.invokeExplosively(FrameworkMethod.java:44)
	at org.junit.internal.runners.statements.InvokeMethod.evaluate(InvokeMethod.java:17)
	at org.junit.internal.runners.statements.RunAfters.evaluate(RunAfters.java:27)
	at org.junit.runners.ParentRunner.runLeaf(ParentRunner.java:271)
	at org.junit.runners.BlockJUnit4ClassRunner.runChild(BlockJUnit4ClassRunner.java:70)
	at org.junit.runners.BlockJUnit4ClassRunner.runChild(BlockJUnit4ClassRunner.java:50)
	at org.junit.runners.ParentRunner$3.run(ParentRunner.java:238)
	at org.junit.runners.ParentRunner$1.schedule(ParentRunner.java:63)
	at org.junit.runners.ParentRunner.runChildren(ParentRunner.java:236)
	at org.junit.runners.ParentRunner.access$000(ParentRunner.java:53)
	at org.junit.runners.ParentRunner$2.evaluate(ParentRunner.java:229)
	at org.junit.runners.ParentRunner.run(ParentRunner.java:309)
	at org.apache.maven.surefire.junit4.JUnit4Provider.execute(JUnit4Provider.java:365)
	at org.apache.maven.surefire.junit4.JUnit4Provider.executeWithRerun(JUnit4Provider.java:273)
	at org.apache.maven.surefire.junit4.JUnit4Provider.executeTestSet(JUnit4Provider.java:238)
	at org.apache.maven.surefire.junit4.JUnit4Provider.invoke(JUnit4Provider.java:159)
	at org.apache.maven.surefire.booter.ForkedBooter.invokeProviderInSameClassLoader(ForkedBooter.java:384)
	at org.apache.maven.surefire.booter.ForkedBooter.runSuitesInProcess(ForkedBooter.java:345)
	at org.apache.maven.surefire.booter.ForkedBooter.execute(ForkedBooter.java:126)
	at org.apache.maven.surefire.booter.ForkedBooter.main(ForkedBooter.java:418)
</error>
    <system-out><![CDATA[2019-09-25 05:32:06,735 [main] WARN  server.ServerUtils (ServerUtils.java:getScmDbDir(145)) - ozone.scm.db.dirs is not configured. We recommend adding this setting. Falling back to ozone.metadata.dirs instead.
2019-09-25 05:32:06,774 [main] WARN  server.ServerUtils (ServerUtils.java:getScmDbDir(145)) - ozone.scm.db.dirs is not configured. We recommend adding this setting. Falling back to ozone.metadata.dirs instead.
2019-09-25 05:32:06,774 [main] WARN  server.ServerUtils (ServerUtils.java:getScmDbDir(145)) - ozone.scm.db.dirs is not configured. We recommend adding this setting. Falling back to ozone.metadata.dirs instead.
2019-09-25 05:32:06,775 [main] INFO  db.DBStoreBuilder (DBStoreBuilder.java:addTable(110)) - using custom profile for table: deletedBlocks
2019-09-25 05:32:06,775 [main] INFO  db.DBStoreBuilder (DBStoreBuilder.java:processTables(161)) - Using default column profile:DBProfile.DISK for Table:deletedBlocks
2019-09-25 05:32:06,776 [main] INFO  db.DBStoreBuilder (DBStoreBuilder.java:addTable(110)) - using custom profile for table: validCerts
2019-09-25 05:32:06,776 [main] INFO  db.DBStoreBuilder (DBStoreBuilder.java:processTables(161)) - Using default column profile:DBProfile.DISK for Table:validCerts
2019-09-25 05:32:06,777 [main] INFO  db.DBStoreBuilder (DBStoreBuilder.java:addTable(110)) - using custom profile for table: revokedCerts
2019-09-25 05:32:06,777 [main] INFO  db.DBStoreBuilder (DBStoreBuilder.java:processTables(161)) - Using default column profile:DBProfile.DISK for Table:revokedCerts
2019-09-25 05:32:06,777 [main] INFO  db.DBStoreBuilder (DBStoreBuilder.java:addTable(110)) - using custom profile for table: default
2019-09-25 05:32:06,778 [main] INFO  db.DBStoreBuilder (DBStoreBuilder.java:processTables(167)) - Using default column profile:DBProfile.DISK for Table:default
2019-09-25 05:32:06,778 [main] INFO  db.DBStoreBuilder (DBStoreBuilder.java:getDbProfile(198)) - Using default options. DBProfile.DISK
2019-09-25 05:32:06,986 [main] INFO  net.NodeSchemaLoader (NodeSchemaLoader.java:loadSchemaFromFile(125)) - Loading file from sun.misc.CompoundEnumeration@1a1cc163
2019-09-25 05:32:06,986 [main] INFO  net.NodeSchemaLoader (NodeSchemaLoader.java:loadSchema(171)) - Loading network topology layer schema file
2019-09-25 05:32:06,993 [main] INFO  node.SCMNodeManager (SCMNodeManager.java:<init>(114)) - Entering startup safe mode.
2019-09-25 05:32:06,994 [main] INFO  algorithms.ContainerPlacementPolicyFactory (ContainerPlacementPolicyFactory.java:getPolicy(57)) - Create container placement policy of type org.apache.hadoop.hdds.scm.container.placement.algorithms.SCMContainerPlacementRandom
2019-09-25 05:32:06,995 [main] WARN  server.ServerUtils (ServerUtils.java:getScmDbDir(145)) - ozone.scm.db.dirs is not configured. We recommend adding this setting. Falling back to ozone.metadata.dirs instead.
2019-09-25 05:32:07,122 [main] INFO  pipeline.SCMPipelineManager (SCMPipelineManager.java:initializePipelineState(132)) - No pipeline exists in current db
2019-09-25 05:32:07,123 [main] WARN  server.ServerUtils (ServerUtils.java:getScmDbDir(145)) - ozone.scm.db.dirs is not configured. We recommend adding this setting. Falling back to ozone.metadata.dirs instead.
2019-09-25 05:32:07,203 [main] WARN  events.EventQueue (EventQueue.java:fireEvent(183)) - No event handler registered for event TypedEvent{payloadType=SafeModeStatus, name='SafeModeStatus'}
2019-09-25 05:32:07,204 [main] INFO  ipc.CallQueueManager (CallQueueManager.java:<init>(84)) - Using callQueue: class java.util.concurrent.LinkedBlockingQueue, queueCapacity: 2000, scheduler: class org.apache.hadoop.ipc.DefaultRpcScheduler, ipcBackoff: false.
2019-09-25 05:32:07,206 [Socket Reader #1 for port 44211] INFO  ipc.Server (Server.java:run(1074)) - Starting Socket Reader #1 for port 44211
2019-09-25 05:32:07,208 [main] INFO  ipc.CallQueueManager (CallQueueManager.java:<init>(84)) - Using callQueue: class java.util.concurrent.LinkedBlockingQueue, queueCapacity: 2000, scheduler: class org.apache.hadoop.ipc.DefaultRpcScheduler, ipcBackoff: false.
2019-09-25 05:32:07,209 [Socket Reader #1 for port 40850] INFO  ipc.Server (Server.java:run(1074)) - Starting Socket Reader #1 for port 40850
2019-09-25 05:32:07,210 [main] INFO  ipc.CallQueueManager (CallQueueManager.java:<init>(84)) - Using callQueue: class java.util.concurrent.LinkedBlockingQueue, queueCapacity: 2000, scheduler: class org.apache.hadoop.ipc.DefaultRpcScheduler, ipcBackoff: false.
2019-09-25 05:32:07,211 [Socket Reader #1 for port 44813] INFO  ipc.Server (Server.java:run(1074)) - Starting Socket Reader #1 for port 44813
2019-09-25 05:32:07,213 [main] INFO  hdfs.DFSUtil (DFSUtil.java:httpServerTemplateForNNAndJN(1641)) - Starting Web-server for scm at: http://0.0.0.0:0
2019-09-25 05:32:07,216 [main] INFO  server.AuthenticationFilter (AuthenticationFilter.java:constructSecretProvider(240)) - Unable to initialize FileSignerSecretProvider, falling back to use random secrets.
2019-09-25 05:32:07,217 [main] WARN  http.HttpRequestLog (HttpRequestLog.java:getRequestLog(97)) - Jetty request log can only be enabled using Log4j
2019-09-25 05:32:07,220 [main] INFO  http.HttpServer2 (HttpServer2.java:addGlobalFilter(975)) - Added global filter 'safety' (class=org.apache.hadoop.http.HttpServer2$QuotingInputFilter)
2019-09-25 05:32:07,221 [main] INFO  http.HttpServer2 (HttpServer2.java:addFilter(948)) - Added filter static_user_filter (class=org.apache.hadoop.http.lib.StaticUserWebFilter$StaticUserFilter) to context scm
2019-09-25 05:32:07,222 [main] INFO  http.HttpServer2 (HttpServer2.java:addFilter(958)) - Added filter static_user_filter (class=org.apache.hadoop.http.lib.StaticUserWebFilter$StaticUserFilter) to context static
2019-09-25 05:32:07,222 [main] INFO  http.HttpServer2 (HttpServer2.java:addFilter(958)) - Added filter static_user_filter (class=org.apache.hadoop.http.lib.StaticUserWebFilter$StaticUserFilter) to context logs
2019-09-25 05:32:07,225 [main] INFO  server.StorageContainerManager (StorageContainerManager.java:start(770)) - StorageContainerLocationProtocol RPC server is listening at /0.0.0.0:44813
2019-09-25 05:32:07,228 [main] WARN  impl.MetricsConfig (MetricsConfig.java:loadFirst(134)) - Cannot locate configuration: tried hadoop-metrics2-storagecontainermanager.properties,hadoop-metrics2.properties
2019-09-25 05:32:07,230 [main] INFO  impl.MetricsSystemImpl (MetricsSystemImpl.java:startTimer(374)) - Scheduled Metric snapshot period at 10 second(s).
2019-09-25 05:32:07,230 [main] INFO  impl.MetricsSystemImpl (MetricsSystemImpl.java:start(191)) - StorageContainerManager metrics system started
2019-09-25 05:32:07,270 [main] WARN  impl.MetricsSystemImpl (MetricsSystemImpl.java:register(276)) - Sink prometheus already exists!
2019-09-25 05:32:07,276 [main] INFO  server.SCMClientProtocolServer (SCMClientProtocolServer.java:start(151)) - RPC server for Client  is listening at /0.0.0.0:44813
2019-09-25 05:32:07,276 [IPC Server Responder] INFO  ipc.Server (Server.java:run(1314)) - IPC Server Responder: starting
2019-09-25 05:32:07,277 [IPC Server listener on 44813] INFO  ipc.Server (Server.java:run(1153)) - IPC Server listener on 44813: starting
2019-09-25 05:32:07,280 [main] INFO  server.StorageContainerManager (StorageContainerManager.java:start(780)) - ScmBlockLocationProtocol RPC server is listening at /0.0.0.0:40850
2019-09-25 05:32:07,281 [main] INFO  server.SCMBlockProtocolServer (SCMBlockProtocolServer.java:start(146)) - RPC server for Block Protocol is listening at /0.0.0.0:40850
2019-09-25 05:32:07,281 [IPC Server Responder] INFO  ipc.Server (Server.java:run(1314)) - IPC Server Responder: starting
2019-09-25 05:32:07,281 [IPC Server listener on 40850] INFO  ipc.Server (Server.java:run(1153)) - IPC Server listener on 40850: starting
2019-09-25 05:32:07,285 [main] INFO  server.StorageContainerManager (StorageContainerManager.java:start(784)) - ScmDatanodeProtocl RPC server is listening at /0.0.0.0:44211
2019-09-25 05:32:07,285 [main] INFO  server.SCMDatanodeProtocolServer (SCMDatanodeProtocolServer.java:start(191)) - RPC server for DataNodes is listening at /0.0.0.0:44211
2019-09-25 05:32:07,286 [IPC Server Responder] INFO  ipc.Server (Server.java:run(1314)) - IPC Server Responder: starting
2019-09-25 05:32:07,286 [IPC Server listener on 44211] INFO  ipc.Server (Server.java:run(1153)) - IPC Server listener on 44211: starting
2019-09-25 05:32:07,290 [main] INFO  http.HttpServer2 (HttpServer2.java:bindListener(1191)) - Jetty bound to port 40772
2019-09-25 05:32:07,290 [main] INFO  server.Server (Server.java:doStart(351)) - jetty-9.3.25.v20180904, build timestamp: 2018-09-04T21:11:46Z, git hash: 3ce520221d0240229c862b122d2b06c12a625732
2019-09-25 05:32:07,292 [main] INFO  handler.ContextHandler (ContextHandler.java:doStart(781)) - Started o.e.j.s.ServletContextHandler@32f96bba{/logs,file:///workdir/hadoop-ozone/integration-test/target/log,AVAILABLE}
2019-09-25 05:32:07,293 [main] INFO  handler.ContextHandler (ContextHandler.java:doStart(781)) - Started o.e.j.s.ServletContextHandler@67e25252{/static,file:///workdir/hadoop-ozone/integration-test/target/test-classes/webapps/static,AVAILABLE}
2019-09-25 05:32:07,298 [main] INFO  handler.ContextHandler (ContextHandler.java:doStart(781)) - Started o.e.j.w.WebAppContext@adcfad9{/,file:///workdir/hadoop-ozone/integration-test/target/test-classes/webapps/scm/,AVAILABLE}{/scm}
2019-09-25 05:32:07,298 [main] INFO  server.AbstractConnector (AbstractConnector.java:doStart(278)) - Started ServerConnector@fb49fdf{HTTP/1.1,[http/1.1]}{0.0.0.0:40772}
2019-09-25 05:32:07,300 [main] INFO  server.Server (Server.java:doStart(419)) - Started @148185ms
2019-09-25 05:32:07,300 [main] WARN  impl.MetricsSystemImpl (MetricsSystemImpl.java:register(276)) - Sink prometheus already exists!
2019-09-25 05:32:07,301 [main] INFO  server.BaseHttpServer (BaseHttpServer.java:updateConnectorAddress(215)) - HTTP server of SCM is listening at http://0.0.0.0:40772
2019-09-25 05:32:07,302 [main] WARN  server.ServerUtils (ServerUtils.java:getDBPath(222)) - ozone.om.db.dirs is not configured. We recommend adding this setting. Falling back to ozone.metadata.dirs instead.
2019-09-25 05:32:07,302 [org.apache.hadoop.util.JvmPauseMonitor$Monitor@7da34b26] INFO  util.JvmPauseMonitor (JvmPauseMonitor.java:run(188)) - Starting JVM pause monitor
2019-09-25 05:32:07,342 [main] WARN  server.ServerUtils (ServerUtils.java:getDBPath(222)) - ozone.om.db.dirs is not configured. We recommend adding this setting. Falling back to ozone.metadata.dirs instead.
2019-09-25 05:32:07,343 [main] WARN  server.ServerUtils (ServerUtils.java:getDBPath(222)) - ozone.om.db.dirs is not configured. We recommend adding this setting. Falling back to ozone.metadata.dirs instead.
2019-09-25 05:32:07,344 [main] INFO  om.OzoneManager (OzoneManager.java:setOMNodeDetails(652)) - OM Service ID is not set. Setting it to the default ID: omServiceIdDefault
2019-09-25 05:32:07,344 [main] INFO  om.OzoneManager (OzoneManager.java:setOMNodeDetails(658)) - OM Node ID is not set. Setting it to the OmStorage's OmID: 4dd126fd-6a11-495f-a127-64c427616544
2019-09-25 05:32:07,344 [main] INFO  om.OzoneManager (OzoneManager.java:loadOMHAConfigs(609)) - Found matching OM address with OMServiceId: null, OMNodeId: null, RPC Address: localhost:0 and Ratis port: 9872
2019-09-25 05:32:07,351 [main] WARN  server.ServerUtils (ServerUtils.java:getDBPath(222)) - ozone.om.db.dirs is not configured. We recommend adding this setting. Falling back to ozone.metadata.dirs instead.
2019-09-25 05:32:07,351 [main] INFO  db.DBStoreBuilder (DBStoreBuilder.java:addTable(110)) - using custom profile for table: userTable
2019-09-25 05:32:07,352 [main] INFO  db.DBStoreBuilder (DBStoreBuilder.java:processTables(161)) - Using default column profile:DBProfile.DISK for Table:userTable
2019-09-25 05:32:07,352 [main] INFO  db.DBStoreBuilder (DBStoreBuilder.java:addTable(110)) - using custom profile for table: volumeTable
2019-09-25 05:32:07,352 [main] INFO  db.DBStoreBuilder (DBStoreBuilder.java:processTables(161)) - Using default column profile:DBProfile.DISK for Table:volumeTable
2019-09-25 05:32:07,352 [main] INFO  db.DBStoreBuilder (DBStoreBuilder.java:addTable(110)) - using custom profile for table: bucketTable
2019-09-25 05:32:07,353 [main] INFO  db.DBStoreBuilder (DBStoreBuilder.java:processTables(161)) - Using default column profile:DBProfile.DISK for Table:bucketTable
2019-09-25 05:32:07,353 [main] INFO  db.DBStoreBuilder (DBStoreBuilder.java:addTable(110)) - using custom profile for table: keyTable
2019-09-25 05:32:07,353 [main] INFO  db.DBStoreBuilder (DBStoreBuilder.java:processTables(161)) - Using default column profile:DBProfile.DISK for Table:keyTable
2019-09-25 05:32:07,353 [main] INFO  db.DBStoreBuilder (DBStoreBuilder.java:addTable(110)) - using custom profile for table: deletedTable
2019-09-25 05:32:07,353 [main] INFO  db.DBStoreBuilder (DBStoreBuilder.java:processTables(161)) - Using default column profile:DBProfile.DISK for Table:deletedTable
2019-09-25 05:32:07,354 [main] INFO  db.DBStoreBuilder (DBStoreBuilder.java:addTable(110)) - using custom profile for table: openKeyTable
2019-09-25 05:32:07,354 [main] INFO  db.DBStoreBuilder (DBStoreBuilder.java:processTables(161)) - Using default column profile:DBProfile.DISK for Table:openKeyTable
2019-09-25 05:32:07,354 [main] INFO  db.DBStoreBuilder (DBStoreBuilder.java:addTable(110)) - using custom profile for table: s3Table
2019-09-25 05:32:07,354 [main] INFO  db.DBStoreBuilder (DBStoreBuilder.java:processTables(161)) - Using default column profile:DBProfile.DISK for Table:s3Table
2019-09-25 05:32:07,355 [main] INFO  db.DBStoreBuilder (DBStoreBuilder.java:addTable(110)) - using custom profile for table: multipartInfoTable
2019-09-25 05:32:07,355 [main] INFO  db.DBStoreBuilder (DBStoreBuilder.java:processTables(161)) - Using default column profile:DBProfile.DISK for Table:multipartInfoTable
2019-09-25 05:32:07,355 [main] INFO  db.DBStoreBuilder (DBStoreBuilder.java:addTable(110)) - using custom profile for table: dTokenTable
2019-09-25 05:32:07,355 [main] INFO  db.DBStoreBuilder (DBStoreBuilder.java:processTables(161)) - Using default column profile:DBProfile.DISK for Table:dTokenTable
2019-09-25 05:32:07,356 [main] INFO  db.DBStoreBuilder (DBStoreBuilder.java:addTable(110)) - using custom profile for table: s3SecretTable
2019-09-25 05:32:07,356 [main] INFO  db.DBStoreBuilder (DBStoreBuilder.java:processTables(161)) - Using default column profile:DBProfile.DISK for Table:s3SecretTable
2019-09-25 05:32:07,356 [main] INFO  db.DBStoreBuilder (DBStoreBuilder.java:addTable(110)) - using custom profile for table: prefixTable
2019-09-25 05:32:07,356 [main] INFO  db.DBStoreBuilder (DBStoreBuilder.java:processTables(161)) - Using default column profile:DBProfile.DISK for Table:prefixTable
2019-09-25 05:32:07,357 [main] INFO  db.DBStoreBuilder (DBStoreBuilder.java:addTable(110)) - using custom profile for table: default
2019-09-25 05:32:07,357 [main] INFO  db.DBStoreBuilder (DBStoreBuilder.java:processTables(167)) - Using default column profile:DBProfile.DISK for Table:default
2019-09-25 05:32:07,357 [main] INFO  db.DBStoreBuilder (DBStoreBuilder.java:getDbProfile(198)) - Using default options. DBProfile.DISK
2019-09-25 05:32:07,981 [main] INFO  ipc.CallQueueManager (CallQueueManager.java:<init>(84)) - Using callQueue: class java.util.concurrent.LinkedBlockingQueue, queueCapacity: 2000, scheduler: class org.apache.hadoop.ipc.DefaultRpcScheduler, ipcBackoff: false.
2019-09-25 05:32:07,982 [Socket Reader #1 for port 43473] INFO  ipc.Server (Server.java:run(1074)) - Starting Socket Reader #1 for port 43473
2019-09-25 05:32:07,995 [main] INFO  om.OzoneManager (OzoneManager.java:start(1243)) - OzoneManager RPC server is listening at localhost/127.0.0.1:43473
2019-09-25 05:32:07,996 [main] INFO  impl.MetricsSystemImpl (MetricsSystemImpl.java:init(158)) - OzoneManager metrics system started (again)
2019-09-25 05:32:07,996 [IPC Server Responder] INFO  ipc.Server (Server.java:run(1314)) - IPC Server Responder: starting
2019-09-25 05:32:07,997 [IPC Server listener on 43473] INFO  ipc.Server (Server.java:run(1153)) - IPC Server listener on 43473: starting
2019-09-25 05:32:08,001 [main] INFO  hdfs.DFSUtil (DFSUtil.java:httpServerTemplateForNNAndJN(1641)) - Starting Web-server for ozoneManager at: http://0.0.0.0:0
2019-09-25 05:32:08,003 [main] INFO  server.AuthenticationFilter (AuthenticationFilter.java:constructSecretProvider(240)) - Unable to initialize FileSignerSecretProvider, falling back to use random secrets.
2019-09-25 05:32:08,004 [main] WARN  http.HttpRequestLog (HttpRequestLog.java:getRequestLog(97)) - Jetty request log can only be enabled using Log4j
2019-09-25 05:32:08,007 [main] INFO  http.HttpServer2 (HttpServer2.java:addGlobalFilter(975)) - Added global filter 'safety' (class=org.apache.hadoop.http.HttpServer2$QuotingInputFilter)
2019-09-25 05:32:08,008 [main] INFO  http.HttpServer2 (HttpServer2.java:addFilter(948)) - Added filter static_user_filter (class=org.apache.hadoop.http.lib.StaticUserWebFilter$StaticUserFilter) to context ozoneManager
2019-09-25 05:32:08,008 [main] INFO  http.HttpServer2 (HttpServer2.java:addFilter(958)) - Added filter static_user_filter (class=org.apache.hadoop.http.lib.StaticUserWebFilter$StaticUserFilter) to context static
2019-09-25 05:32:08,008 [main] INFO  http.HttpServer2 (HttpServer2.java:addFilter(958)) - Added filter static_user_filter (class=org.apache.hadoop.http.lib.StaticUserWebFilter$StaticUserFilter) to context logs
2019-09-25 05:32:08,009 [main] INFO  http.HttpServer2 (HttpServer2.java:bindListener(1191)) - Jetty bound to port 43736
2019-09-25 05:32:08,009 [main] INFO  server.Server (Server.java:doStart(351)) - jetty-9.3.25.v20180904, build timestamp: 2018-09-04T21:11:46Z, git hash: 3ce520221d0240229c862b122d2b06c12a625732
2019-09-25 05:32:08,011 [main] INFO  handler.ContextHandler (ContextHandler.java:doStart(781)) - Started o.e.j.s.ServletContextHandler@3eb292cd{/logs,file:///workdir/hadoop-ozone/integration-test/target/log,AVAILABLE}
2019-09-25 05:32:08,012 [main] INFO  handler.ContextHandler (ContextHandler.java:doStart(781)) - Started o.e.j.s.ServletContextHandler@7209ffb5{/static,file:///workdir/hadoop-ozone/integration-test/target/test-classes/webapps/static,AVAILABLE}
2019-09-25 05:32:08,018 [main] INFO  handler.ContextHandler (ContextHandler.java:doStart(781)) - Started o.e.j.w.WebAppContext@650c405c{/,file:///workdir/hadoop-ozone/integration-test/target/test-classes/webapps/ozoneManager/,AVAILABLE}{/ozoneManager}
2019-09-25 05:32:08,019 [main] INFO  server.AbstractConnector (AbstractConnector.java:doStart(278)) - Started ServerConnector@20eaeaf8{HTTP/1.1,[http/1.1]}{0.0.0.0:43736}
2019-09-25 05:32:08,019 [main] INFO  server.Server (Server.java:doStart(419)) - Started @148905ms
2019-09-25 05:32:08,019 [main] WARN  impl.MetricsSystemImpl (MetricsSystemImpl.java:register(276)) - Sink prometheus already exists!
2019-09-25 05:32:08,020 [main] INFO  server.BaseHttpServer (BaseHttpServer.java:updateConnectorAddress(215)) - HTTP server of OZONEMANAGER is listening at http://0.0.0.0:43736
2019-09-25 05:32:08,052 [main] INFO  impl.MetricsSystemImpl (MetricsSystemImpl.java:init(158)) - HddsDatanode metrics system started (again)
2019-09-25 05:32:08,054 [main] INFO  ozone.HddsDatanodeService (HddsDatanodeService.java:start(184)) - HddsDatanodeService host:pr-hdds-2174-pqx5g-486351168 ip:192.168.36.126
2019-09-25 05:32:08,059 [main] INFO  volume.HddsVolume (HddsVolume.java:<init>(176)) - Creating Volume: /workdir/hadoop-ozone/integration-test/target/test-dir/MiniOzoneClusterImpl-c3eb0697-53d0-4f00-8b35-781957cf75c5/datanode-0/data/containers/hdds of  storage type : DISK and capacity : 1482555576320
2019-09-25 05:32:08,060 [main] INFO  volume.VolumeSet (VolumeSet.java:initializeVolumeSet(170)) - Added Volume : /workdir/hadoop-ozone/integration-test/target/test-dir/MiniOzoneClusterImpl-c3eb0697-53d0-4f00-8b35-781957cf75c5/datanode-0/data/containers/hdds to VolumeSet
2019-09-25 05:32:08,060 [main] INFO  volume.ThrottledAsyncChecker (ThrottledAsyncChecker.java:schedule(139)) - Scheduling a check for org.apache.hadoop.ozone.container.common.volume.HddsVolume@315105f
2019-09-25 05:32:08,061 [main] INFO  volume.HddsVolumeChecker (HddsVolumeChecker.java:checkAllVolumes(202)) - Scheduled health check for volume org.apache.hadoop.ozone.container.common.volume.HddsVolume@315105f
2019-09-25 05:32:08,074 [main] INFO  impl.RaftServerProxy (ConfUtils.java:logGet(43)) - raft.rpc.type = GRPC (default)
2019-09-25 05:32:08,074 [main] INFO  grpc.GrpcFactory (GrpcFactory.java:checkPooledByteBufAllocatorUseCacheForAllThreads(45)) - PERFORMANCE WARNING: useCacheForAllThreads is true that may cause Netty to create a lot garbage objects and, as a result, trigger GC.
	It is recommended to disable useCacheForAllThreads by setting -Dorg.apache.ratis.thirdparty.io.netty.allocator.useCacheForAllThreads=false in command line.
2019-09-25 05:32:08,075 [main] INFO  grpc.GrpcConfigKeys$Server (ConfUtils.java:logGet(43)) - raft.grpc.server.port = 0 (default)
2019-09-25 05:32:08,075 [main] INFO  server.GrpcService (ConfUtils.java:logGet(43)) - raft.grpc.message.size.max = 33570816 (custom)
2019-09-25 05:32:08,075 [main] INFO  server.RaftServerConfigKeys (ConfUtils.java:logGet(43)) - raft.server.log.appender.buffer.byte-limit = 33554432 (custom)
2019-09-25 05:32:08,075 [main] INFO  server.GrpcService (ConfUtils.java:logGet(43)) - raft.grpc.flow.control.window = 1MB (=1048576) (default)
2019-09-25 05:32:08,075 [main] INFO  server.RaftServerConfigKeys (ConfUtils.java:logGet(43)) - raft.server.rpc.request.timeout = 3000ms (default)
2019-09-25 05:32:08,076 [main] INFO  server.RaftServerConfigKeys (ConfUtils.java:logGet(43)) - raft.server.storage.dir = [/workdir/hadoop-ozone/integration-test/target/test-dir/MiniOzoneClusterImpl-c3eb0697-53d0-4f00-8b35-781957cf75c5/datanode-0/data/ratis] (custom)
2019-09-25 05:32:08,077 [main] INFO  hdfs.DFSUtil (DFSUtil.java:httpServerTemplateForNNAndJN(1641)) - Starting Web-server for hddsDatanode at: http://0.0.0.0:0
2019-09-25 05:32:08,078 [main] INFO  server.AuthenticationFilter (AuthenticationFilter.java:constructSecretProvider(240)) - Unable to initialize FileSignerSecretProvider, falling back to use random secrets.
2019-09-25 05:32:08,079 [main] WARN  http.HttpRequestLog (HttpRequestLog.java:getRequestLog(97)) - Jetty request log can only be enabled using Log4j
2019-09-25 05:32:08,080 [main] INFO  http.HttpServer2 (HttpServer2.java:addGlobalFilter(975)) - Added global filter 'safety' (class=org.apache.hadoop.http.HttpServer2$QuotingInputFilter)
2019-09-25 05:32:08,081 [main] INFO  http.HttpServer2 (HttpServer2.java:addFilter(948)) - Added filter static_user_filter (class=org.apache.hadoop.http.lib.StaticUserWebFilter$StaticUserFilter) to context hddsDatanode
2019-09-25 05:32:08,081 [main] INFO  http.HttpServer2 (HttpServer2.java:addFilter(958)) - Added filter static_user_filter (class=org.apache.hadoop.http.lib.StaticUserWebFilter$StaticUserFilter) to context logs
2019-09-25 05:32:08,081 [main] INFO  http.HttpServer2 (HttpServer2.java:addFilter(958)) - Added filter static_user_filter (class=org.apache.hadoop.http.lib.StaticUserWebFilter$StaticUserFilter) to context static
2019-09-25 05:32:08,082 [main] INFO  http.HttpServer2 (HttpServer2.java:bindListener(1191)) - Jetty bound to port 42976
2019-09-25 05:32:08,082 [main] INFO  server.Server (Server.java:doStart(351)) - jetty-9.3.25.v20180904, build timestamp: 2018-09-04T21:11:46Z, git hash: 3ce520221d0240229c862b122d2b06c12a625732
2019-09-25 05:32:08,083 [main] INFO  handler.ContextHandler (ContextHandler.java:doStart(781)) - Started o.e.j.s.ServletContextHandler@1665fa54{/logs,file:///workdir/hadoop-ozone/integration-test/target/log,AVAILABLE}
2019-09-25 05:32:08,084 [main] INFO  handler.ContextHandler (ContextHandler.java:doStart(781)) - Started o.e.j.s.ServletContextHandler@4f654cee{/static,jar:file:/home/user/.m2/repository/org/apache/hadoop/hadoop-hdds-container-service/0.5.0-SNAPSHOT/hadoop-hdds-container-service-0.5.0-SNAPSHOT.jar!/webapps/static,AVAILABLE}
2019-09-25 05:32:08,109 [main] INFO  handler.ContextHandler (ContextHandler.java:doStart(781)) - Started o.e.j.w.WebAppContext@6a1ef65c{/,file:///tmp/jetty-0.0.0.0-42976-hddsDatanode-_-any-3022791029882488688.dir/webapp/,AVAILABLE}{/hddsDatanode}
2019-09-25 05:32:08,110 [main] INFO  server.AbstractConnector (AbstractConnector.java:doStart(278)) - Started ServerConnector@72976b4{HTTP/1.1,[http/1.1]}{0.0.0.0:42976}
2019-09-25 05:32:08,111 [main] INFO  server.Server (Server.java:doStart(419)) - Started @148997ms
2019-09-25 05:32:08,111 [main] WARN  impl.MetricsSystemImpl (MetricsSystemImpl.java:register(276)) - Sink prometheus already exists!
2019-09-25 05:32:08,112 [main] INFO  server.BaseHttpServer (BaseHttpServer.java:updateConnectorAddress(215)) - HTTP server of HDDSDATANODE is listening at http://0.0.0.0:42976
2019-09-25 05:32:08,112 [main] INFO  impl.MetricsSystemImpl (MetricsSystemImpl.java:init(158)) - HddsDatanode metrics system started (again)
2019-09-25 05:32:08,114 [org.apache.hadoop.util.JvmPauseMonitor$Monitor@41f1c0ec] INFO  util.JvmPauseMonitor (JvmPauseMonitor.java:run(188)) - Starting JVM pause monitor
2019-09-25 05:32:08,114 [main] INFO  ozone.HddsDatanodeService (HddsDatanodeService.java:start(184)) - HddsDatanodeService host:pr-hdds-2174-pqx5g-486351168 ip:192.168.36.126
2019-09-25 05:32:08,116 [Datanode State Machine Thread - 0] INFO  datanode.InitDatanodeState (InitDatanodeState.java:persistContainerDatanodeDetails(140)) - DatanodeDetails is persisted to /workdir/hadoop-ozone/integration-test/target/test-dir/MiniOzoneClusterImpl-c3eb0697-53d0-4f00-8b35-781957cf75c5/datanode-0/meta/datanode.id
2019-09-25 05:32:08,119 [main] INFO  volume.HddsVolume (HddsVolume.java:<init>(176)) - Creating Volume: /workdir/hadoop-ozone/integration-test/target/test-dir/MiniOzoneClusterImpl-c3eb0697-53d0-4f00-8b35-781957cf75c5/datanode-1/data/containers/hdds of  storage type : DISK and capacity : 1482555576320
2019-09-25 05:32:08,120 [main] INFO  volume.VolumeSet (VolumeSet.java:initializeVolumeSet(170)) - Added Volume : /workdir/hadoop-ozone/integration-test/target/test-dir/MiniOzoneClusterImpl-c3eb0697-53d0-4f00-8b35-781957cf75c5/datanode-1/data/containers/hdds to VolumeSet
2019-09-25 05:32:08,120 [main] INFO  volume.ThrottledAsyncChecker (ThrottledAsyncChecker.java:schedule(139)) - Scheduling a check for org.apache.hadoop.ozone.container.common.volume.HddsVolume@e784320
2019-09-25 05:32:08,120 [main] INFO  volume.HddsVolumeChecker (HddsVolumeChecker.java:checkAllVolumes(202)) - Scheduled health check for volume org.apache.hadoop.ozone.container.common.volume.HddsVolume@e784320
2019-09-25 05:32:08,131 [main] INFO  impl.RaftServerProxy (ConfUtils.java:logGet(43)) - raft.rpc.type = GRPC (default)
2019-09-25 05:32:08,131 [main] INFO  grpc.GrpcFactory (GrpcFactory.java:checkPooledByteBufAllocatorUseCacheForAllThreads(45)) - PERFORMANCE WARNING: useCacheForAllThreads is true that may cause Netty to create a lot garbage objects and, as a result, trigger GC.
	It is recommended to disable useCacheForAllThreads by setting -Dorg.apache.ratis.thirdparty.io.netty.allocator.useCacheForAllThreads=false in command line.
2019-09-25 05:32:08,131 [main] INFO  grpc.GrpcConfigKeys$Server (ConfUtils.java:logGet(43)) - raft.grpc.server.port = 0 (default)
2019-09-25 05:32:08,131 [main] INFO  server.GrpcService (ConfUtils.java:logGet(43)) - raft.grpc.message.size.max = 33570816 (custom)
2019-09-25 05:32:08,131 [main] INFO  server.RaftServerConfigKeys (ConfUtils.java:logGet(43)) - raft.server.log.appender.buffer.byte-limit = 33554432 (custom)
2019-09-25 05:32:08,132 [main] INFO  server.GrpcService (ConfUtils.java:logGet(43)) - raft.grpc.flow.control.window = 1MB (=1048576) (default)
2019-09-25 05:32:08,132 [main] INFO  server.RaftServerConfigKeys (ConfUtils.java:logGet(43)) - raft.server.rpc.request.timeout = 3000ms (default)
2019-09-25 05:32:08,132 [main] INFO  server.RaftServerConfigKeys (ConfUtils.java:logGet(43)) - raft.server.storage.dir = [/workdir/hadoop-ozone/integration-test/target/test-dir/MiniOzoneClusterImpl-c3eb0697-53d0-4f00-8b35-781957cf75c5/datanode-1/data/ratis] (custom)
2019-09-25 05:32:08,133 [main] INFO  hdfs.DFSUtil (DFSUtil.java:httpServerTemplateForNNAndJN(1641)) - Starting Web-server for hddsDatanode at: http://0.0.0.0:0
2019-09-25 05:32:08,135 [main] INFO  server.AuthenticationFilter (AuthenticationFilter.java:constructSecretProvider(240)) - Unable to initialize FileSignerSecretProvider, falling back to use random secrets.
2019-09-25 05:32:08,135 [main] WARN  http.HttpRequestLog (HttpRequestLog.java:getRequestLog(97)) - Jetty request log can only be enabled using Log4j
2019-09-25 05:32:08,136 [main] INFO  http.HttpServer2 (HttpServer2.java:addGlobalFilter(975)) - Added global filter 'safety' (class=org.apache.hadoop.http.HttpServer2$QuotingInputFilter)
2019-09-25 05:32:08,137 [main] INFO  http.HttpServer2 (HttpServer2.java:addFilter(948)) - Added filter static_user_filter (class=org.apache.hadoop.http.lib.StaticUserWebFilter$StaticUserFilter) to context hddsDatanode
2019-09-25 05:32:08,137 [main] INFO  http.HttpServer2 (HttpServer2.java:addFilter(958)) - Added filter static_user_filter (class=org.apache.hadoop.http.lib.StaticUserWebFilter$StaticUserFilter) to context static
2019-09-25 05:32:08,137 [main] INFO  http.HttpServer2 (HttpServer2.java:addFilter(958)) - Added filter static_user_filter (class=org.apache.hadoop.http.lib.StaticUserWebFilter$StaticUserFilter) to context logs
2019-09-25 05:32:08,138 [main] INFO  http.HttpServer2 (HttpServer2.java:bindListener(1191)) - Jetty bound to port 35761
2019-09-25 05:32:08,138 [main] INFO  server.Server (Server.java:doStart(351)) - jetty-9.3.25.v20180904, build timestamp: 2018-09-04T21:11:46Z, git hash: 3ce520221d0240229c862b122d2b06c12a625732
2019-09-25 05:32:08,140 [main] INFO  handler.ContextHandler (ContextHandler.java:doStart(781)) - Started o.e.j.s.ServletContextHandler@69d3cf7e{/logs,file:///workdir/hadoop-ozone/integration-test/target/log,AVAILABLE}
2019-09-25 05:32:08,140 [main] INFO  handler.ContextHandler (ContextHandler.java:doStart(781)) - Started o.e.j.s.ServletContextHandler@1984212d{/static,jar:file:/home/user/.m2/repository/org/apache/hadoop/hadoop-hdds-container-service/0.5.0-SNAPSHOT/hadoop-hdds-container-service-0.5.0-SNAPSHOT.jar!/webapps/static,AVAILABLE}
2019-09-25 05:32:08,165 [main] INFO  handler.ContextHandler (ContextHandler.java:doStart(781)) - Started o.e.j.w.WebAppContext@1f2f0109{/,file:///tmp/jetty-0.0.0.0-35761-hddsDatanode-_-any-7604784579602385964.dir/webapp/,AVAILABLE}{/hddsDatanode}
2019-09-25 05:32:08,166 [main] INFO  server.AbstractConnector (AbstractConnector.java:doStart(278)) - Started ServerConnector@483b0690{HTTP/1.1,[http/1.1]}{0.0.0.0:35761}
2019-09-25 05:32:08,167 [main] INFO  server.Server (Server.java:doStart(419)) - Started @149053ms
2019-09-25 05:32:08,167 [main] WARN  impl.MetricsSystemImpl (MetricsSystemImpl.java:register(276)) - Sink prometheus already exists!
2019-09-25 05:32:08,168 [main] INFO  server.BaseHttpServer (BaseHttpServer.java:updateConnectorAddress(215)) - HTTP server of HDDSDATANODE is listening at http://0.0.0.0:35761
2019-09-25 05:32:08,169 [main] INFO  impl.MetricsSystemImpl (MetricsSystemImpl.java:init(158)) - HddsDatanode metrics system started (again)
2019-09-25 05:32:08,171 [org.apache.hadoop.util.JvmPauseMonitor$Monitor@7d476ce0] INFO  util.JvmPauseMonitor (JvmPauseMonitor.java:run(188)) - Starting JVM pause monitor
2019-09-25 05:32:08,173 [main] INFO  ozone.HddsDatanodeService (HddsDatanodeService.java:start(184)) - HddsDatanodeService host:pr-hdds-2174-pqx5g-486351168 ip:192.168.36.126
2019-09-25 05:32:08,173 [Datanode State Machine Thread - 0] INFO  datanode.InitDatanodeState (InitDatanodeState.java:persistContainerDatanodeDetails(140)) - DatanodeDetails is persisted to /workdir/hadoop-ozone/integration-test/target/test-dir/MiniOzoneClusterImpl-c3eb0697-53d0-4f00-8b35-781957cf75c5/datanode-1/meta/datanode.id
2019-09-25 05:32:08,180 [main] INFO  volume.HddsVolume (HddsVolume.java:<init>(176)) - Creating Volume: /workdir/hadoop-ozone/integration-test/target/test-dir/MiniOzoneClusterImpl-c3eb0697-53d0-4f00-8b35-781957cf75c5/datanode-2/data/containers/hdds of  storage type : DISK and capacity : 1482555576320
2019-09-25 05:32:08,180 [main] INFO  volume.VolumeSet (VolumeSet.java:initializeVolumeSet(170)) - Added Volume : /workdir/hadoop-ozone/integration-test/target/test-dir/MiniOzoneClusterImpl-c3eb0697-53d0-4f00-8b35-781957cf75c5/datanode-2/data/containers/hdds to VolumeSet
2019-09-25 05:32:08,180 [main] INFO  volume.ThrottledAsyncChecker (ThrottledAsyncChecker.java:schedule(139)) - Scheduling a check for org.apache.hadoop.ozone.container.common.volume.HddsVolume@cedee22
2019-09-25 05:32:08,181 [main] INFO  volume.HddsVolumeChecker (HddsVolumeChecker.java:checkAllVolumes(202)) - Scheduled health check for volume org.apache.hadoop.ozone.container.common.volume.HddsVolume@cedee22
2019-09-25 05:32:08,206 [main] INFO  impl.RaftServerProxy (ConfUtils.java:logGet(43)) - raft.rpc.type = GRPC (default)
2019-09-25 05:32:08,206 [main] INFO  grpc.GrpcFactory (GrpcFactory.java:checkPooledByteBufAllocatorUseCacheForAllThreads(45)) - PERFORMANCE WARNING: useCacheForAllThreads is true that may cause Netty to create a lot garbage objects and, as a result, trigger GC.
	It is recommended to disable useCacheForAllThreads by setting -Dorg.apache.ratis.thirdparty.io.netty.allocator.useCacheForAllThreads=false in command line.
2019-09-25 05:32:08,207 [main] INFO  grpc.GrpcConfigKeys$Server (ConfUtils.java:logGet(43)) - raft.grpc.server.port = 0 (default)
2019-09-25 05:32:08,207 [main] INFO  server.GrpcService (ConfUtils.java:logGet(43)) - raft.grpc.message.size.max = 33570816 (custom)
2019-09-25 05:32:08,208 [main] INFO  server.RaftServerConfigKeys (ConfUtils.java:logGet(43)) - raft.server.log.appender.buffer.byte-limit = 33554432 (custom)
2019-09-25 05:32:08,208 [main] INFO  server.GrpcService (ConfUtils.java:logGet(43)) - raft.grpc.flow.control.window = 1MB (=1048576) (default)
2019-09-25 05:32:08,209 [main] INFO  server.RaftServerConfigKeys (ConfUtils.java:logGet(43)) - raft.server.rpc.request.timeout = 3000ms (default)
2019-09-25 05:32:08,209 [main] INFO  server.RaftServerConfigKeys (ConfUtils.java:logGet(43)) - raft.server.storage.dir = [/workdir/hadoop-ozone/integration-test/target/test-dir/MiniOzoneClusterImpl-c3eb0697-53d0-4f00-8b35-781957cf75c5/datanode-2/data/ratis] (custom)
2019-09-25 05:32:08,212 [main] INFO  hdfs.DFSUtil (DFSUtil.java:httpServerTemplateForNNAndJN(1641)) - Starting Web-server for hddsDatanode at: http://0.0.0.0:0
2019-09-25 05:32:08,214 [main] INFO  server.AuthenticationFilter (AuthenticationFilter.java:constructSecretProvider(240)) - Unable to initialize FileSignerSecretProvider, falling back to use random secrets.
2019-09-25 05:32:08,215 [main] WARN  http.HttpRequestLog (HttpRequestLog.java:getRequestLog(97)) - Jetty request log can only be enabled using Log4j
2019-09-25 05:32:08,217 [main] INFO  http.HttpServer2 (HttpServer2.java:addGlobalFilter(975)) - Added global filter 'safety' (class=org.apache.hadoop.http.HttpServer2$QuotingInputFilter)
2019-09-25 05:32:08,218 [main] INFO  http.HttpServer2 (HttpServer2.java:addFilter(948)) - Added filter static_user_filter (class=org.apache.hadoop.http.lib.StaticUserWebFilter$StaticUserFilter) to context hddsDatanode
2019-09-25 05:32:08,219 [main] INFO  http.HttpServer2 (HttpServer2.java:addFilter(958)) - Added filter static_user_filter (class=org.apache.hadoop.http.lib.StaticUserWebFilter$StaticUserFilter) to context logs
2019-09-25 05:32:08,219 [main] INFO  http.HttpServer2 (HttpServer2.java:addFilter(958)) - Added filter static_user_filter (class=org.apache.hadoop.http.lib.StaticUserWebFilter$StaticUserFilter) to context static
2019-09-25 05:32:08,220 [main] INFO  http.HttpServer2 (HttpServer2.java:bindListener(1191)) - Jetty bound to port 34411
2019-09-25 05:32:08,221 [main] INFO  server.Server (Server.java:doStart(351)) - jetty-9.3.25.v20180904, build timestamp: 2018-09-04T21:11:46Z, git hash: 3ce520221d0240229c862b122d2b06c12a625732
2019-09-25 05:32:08,223 [main] INFO  handler.ContextHandler (ContextHandler.java:doStart(781)) - Started o.e.j.s.ServletContextHandler@6cd15072{/logs,file:///workdir/hadoop-ozone/integration-test/target/log,AVAILABLE}
2019-09-25 05:32:08,224 [main] INFO  handler.ContextHandler (ContextHandler.java:doStart(781)) - Started o.e.j.s.ServletContextHandler@3408f695{/static,jar:file:/home/user/.m2/repository/org/apache/hadoop/hadoop-hdds-container-service/0.5.0-SNAPSHOT/hadoop-hdds-container-service-0.5.0-SNAPSHOT.jar!/webapps/static,AVAILABLE}
2019-09-25 05:32:08,265 [main] INFO  handler.ContextHandler (ContextHandler.java:doStart(781)) - Started o.e.j.w.WebAppContext@d4df0e{/,file:///tmp/jetty-0.0.0.0-34411-hddsDatanode-_-any-2063177516459885319.dir/webapp/,AVAILABLE}{/hddsDatanode}
2019-09-25 05:32:08,266 [main] INFO  server.AbstractConnector (AbstractConnector.java:doStart(278)) - Started ServerConnector@7ae0cc89{HTTP/1.1,[http/1.1]}{0.0.0.0:34411}
2019-09-25 05:32:08,267 [main] INFO  server.Server (Server.java:doStart(419)) - Started @149153ms
2019-09-25 05:32:08,267 [main] WARN  impl.MetricsSystemImpl (MetricsSystemImpl.java:register(276)) - Sink prometheus already exists!
2019-09-25 05:32:08,268 [main] INFO  server.BaseHttpServer (BaseHttpServer.java:updateConnectorAddress(215)) - HTTP server of HDDSDATANODE is listening at http://0.0.0.0:34411
2019-09-25 05:32:08,268 [main] INFO  impl.MetricsSystemImpl (MetricsSystemImpl.java:init(158)) - HddsDatanode metrics system started (again)
2019-09-25 05:32:08,271 [org.apache.hadoop.util.JvmPauseMonitor$Monitor@2cc033d7] INFO  util.JvmPauseMonitor (JvmPauseMonitor.java:run(188)) - Starting JVM pause monitor
2019-09-25 05:32:08,273 [main] INFO  ozone.HddsDatanodeService (HddsDatanodeService.java:start(184)) - HddsDatanodeService host:pr-hdds-2174-pqx5g-486351168 ip:192.168.36.126
2019-09-25 05:32:08,273 [Datanode State Machine Thread - 0] INFO  datanode.InitDatanodeState (InitDatanodeState.java:persistContainerDatanodeDetails(140)) - DatanodeDetails is persisted to /workdir/hadoop-ozone/integration-test/target/test-dir/MiniOzoneClusterImpl-c3eb0697-53d0-4f00-8b35-781957cf75c5/datanode-2/meta/datanode.id
2019-09-25 05:32:08,279 [main] INFO  volume.HddsVolume (HddsVolume.java:<init>(176)) - Creating Volume: /workdir/hadoop-ozone/integration-test/target/test-dir/MiniOzoneClusterImpl-c3eb0697-53d0-4f00-8b35-781957cf75c5/datanode-3/data/containers/hdds of  storage type : DISK and capacity : 1482555576320
2019-09-25 05:32:08,280 [main] INFO  volume.VolumeSet (VolumeSet.java:initializeVolumeSet(170)) - Added Volume : /workdir/hadoop-ozone/integration-test/target/test-dir/MiniOzoneClusterImpl-c3eb0697-53d0-4f00-8b35-781957cf75c5/datanode-3/data/containers/hdds to VolumeSet
2019-09-25 05:32:08,280 [main] INFO  volume.ThrottledAsyncChecker (ThrottledAsyncChecker.java:schedule(139)) - Scheduling a check for org.apache.hadoop.ozone.container.common.volume.HddsVolume@32ec9c90
2019-09-25 05:32:08,281 [main] INFO  volume.HddsVolumeChecker (HddsVolumeChecker.java:checkAllVolumes(202)) - Scheduled health check for volume org.apache.hadoop.ozone.container.common.volume.HddsVolume@32ec9c90
2019-09-25 05:32:08,301 [main] INFO  impl.RaftServerProxy (ConfUtils.java:logGet(43)) - raft.rpc.type = GRPC (default)
2019-09-25 05:32:08,301 [main] INFO  grpc.GrpcFactory (GrpcFactory.java:checkPooledByteBufAllocatorUseCacheForAllThreads(45)) - PERFORMANCE WARNING: useCacheForAllThreads is true that may cause Netty to create a lot garbage objects and, as a result, trigger GC.
	It is recommended to disable useCacheForAllThreads by setting -Dorg.apache.ratis.thirdparty.io.netty.allocator.useCacheForAllThreads=false in command line.
2019-09-25 05:32:08,302 [main] INFO  grpc.GrpcConfigKeys$Server (ConfUtils.java:logGet(43)) - raft.grpc.server.port = 0 (default)
2019-09-25 05:32:08,302 [main] INFO  server.GrpcService (ConfUtils.java:logGet(43)) - raft.grpc.message.size.max = 33570816 (custom)
2019-09-25 05:32:08,302 [main] INFO  server.RaftServerConfigKeys (ConfUtils.java:logGet(43)) - raft.server.log.appender.buffer.byte-limit = 33554432 (custom)
2019-09-25 05:32:08,302 [main] INFO  server.GrpcService (ConfUtils.java:logGet(43)) - raft.grpc.flow.control.window = 1MB (=1048576) (default)
2019-09-25 05:32:08,303 [main] INFO  server.RaftServerConfigKeys (ConfUtils.java:logGet(43)) - raft.server.rpc.request.timeout = 3000ms (default)
2019-09-25 05:32:08,303 [main] INFO  server.RaftServerConfigKeys (ConfUtils.java:logGet(43)) - raft.server.storage.dir = [/workdir/hadoop-ozone/integration-test/target/test-dir/MiniOzoneClusterImpl-c3eb0697-53d0-4f00-8b35-781957cf75c5/datanode-3/data/ratis] (custom)
2019-09-25 05:32:08,305 [main] INFO  hdfs.DFSUtil (DFSUtil.java:httpServerTemplateForNNAndJN(1641)) - Starting Web-server for hddsDatanode at: http://0.0.0.0:0
2019-09-25 05:32:08,307 [main] INFO  server.AuthenticationFilter (AuthenticationFilter.java:constructSecretProvider(240)) - Unable to initialize FileSignerSecretProvider, falling back to use random secrets.
2019-09-25 05:32:08,308 [main] WARN  http.HttpRequestLog (HttpRequestLog.java:getRequestLog(97)) - Jetty request log can only be enabled using Log4j
2019-09-25 05:32:08,310 [main] INFO  http.HttpServer2 (HttpServer2.java:addGlobalFilter(975)) - Added global filter 'safety' (class=org.apache.hadoop.http.HttpServer2$QuotingInputFilter)
2019-09-25 05:32:08,311 [main] INFO  http.HttpServer2 (HttpServer2.java:addFilter(948)) - Added filter static_user_filter (class=org.apache.hadoop.http.lib.StaticUserWebFilter$StaticUserFilter) to context hddsDatanode
2019-09-25 05:32:08,311 [main] INFO  http.HttpServer2 (HttpServer2.java:addFilter(958)) - Added filter static_user_filter (class=org.apache.hadoop.http.lib.StaticUserWebFilter$StaticUserFilter) to context static
2019-09-25 05:32:08,311 [main] INFO  http.HttpServer2 (HttpServer2.java:addFilter(958)) - Added filter static_user_filter (class=org.apache.hadoop.http.lib.StaticUserWebFilter$StaticUserFilter) to context logs
2019-09-25 05:32:08,312 [main] INFO  http.HttpServer2 (HttpServer2.java:bindListener(1191)) - Jetty bound to port 42380
2019-09-25 05:32:08,312 [main] INFO  server.Server (Server.java:doStart(351)) - jetty-9.3.25.v20180904, build timestamp: 2018-09-04T21:11:46Z, git hash: 3ce520221d0240229c862b122d2b06c12a625732
2019-09-25 05:32:08,315 [main] INFO  handler.ContextHandler (ContextHandler.java:doStart(781)) - Started o.e.j.s.ServletContextHandler@f29353f{/logs,file:///workdir/hadoop-ozone/integration-test/target/log,AVAILABLE}
2019-09-25 05:32:08,316 [main] INFO  handler.ContextHandler (ContextHandler.java:doStart(781)) - Started o.e.j.s.ServletContextHandler@60aec68a{/static,jar:file:/home/user/.m2/repository/org/apache/hadoop/hadoop-hdds-container-service/0.5.0-SNAPSHOT/hadoop-hdds-container-service-0.5.0-SNAPSHOT.jar!/webapps/static,AVAILABLE}
2019-09-25 05:32:08,358 [main] INFO  handler.ContextHandler (ContextHandler.java:doStart(781)) - Started o.e.j.w.WebAppContext@20ab76ee{/,file:///tmp/jetty-0.0.0.0-42380-hddsDatanode-_-any-2527110621553233012.dir/webapp/,AVAILABLE}{/hddsDatanode}
2019-09-25 05:32:08,359 [main] INFO  server.AbstractConnector (AbstractConnector.java:doStart(278)) - Started ServerConnector@485caa8f{HTTP/1.1,[http/1.1]}{0.0.0.0:42380}
2019-09-25 05:32:08,360 [main] INFO  server.Server (Server.java:doStart(419)) - Started @149246ms
2019-09-25 05:32:08,360 [main] WARN  impl.MetricsSystemImpl (MetricsSystemImpl.java:register(276)) - Sink prometheus already exists!
2019-09-25 05:32:08,361 [main] INFO  server.BaseHttpServer (BaseHttpServer.java:updateConnectorAddress(215)) - HTTP server of HDDSDATANODE is listening at http://0.0.0.0:42380
2019-09-25 05:32:08,362 [main] INFO  impl.MetricsSystemImpl (MetricsSystemImpl.java:init(158)) - HddsDatanode metrics system started (again)
2019-09-25 05:32:08,363 [org.apache.hadoop.util.JvmPauseMonitor$Monitor@36872144] INFO  util.JvmPauseMonitor (JvmPauseMonitor.java:run(188)) - Starting JVM pause monitor
2019-09-25 05:32:08,364 [Datanode State Machine Thread - 0] INFO  datanode.InitDatanodeState (InitDatanodeState.java:persistContainerDatanodeDetails(140)) - DatanodeDetails is persisted to /workdir/hadoop-ozone/integration-test/target/test-dir/MiniOzoneClusterImpl-c3eb0697-53d0-4f00-8b35-781957cf75c5/datanode-3/meta/datanode.id
2019-09-25 05:32:08,366 [main] INFO  ozone.HddsDatanodeService (HddsDatanodeService.java:start(184)) - HddsDatanodeService host:pr-hdds-2174-pqx5g-486351168 ip:192.168.36.126
2019-09-25 05:32:08,370 [main] INFO  volume.HddsVolume (HddsVolume.java:<init>(176)) - Creating Volume: /workdir/hadoop-ozone/integration-test/target/test-dir/MiniOzoneClusterImpl-c3eb0697-53d0-4f00-8b35-781957cf75c5/datanode-4/data/containers/hdds of  storage type : DISK and capacity : 1482555576320
2019-09-25 05:32:08,371 [main] INFO  volume.VolumeSet (VolumeSet.java:initializeVolumeSet(170)) - Added Volume : /workdir/hadoop-ozone/integration-test/target/test-dir/MiniOzoneClusterImpl-c3eb0697-53d0-4f00-8b35-781957cf75c5/datanode-4/data/containers/hdds to VolumeSet
2019-09-25 05:32:08,371 [main] INFO  volume.ThrottledAsyncChecker (ThrottledAsyncChecker.java:schedule(139)) - Scheduling a check for org.apache.hadoop.ozone.container.common.volume.HddsVolume@5e13f156
2019-09-25 05:32:08,372 [main] INFO  volume.HddsVolumeChecker (HddsVolumeChecker.java:checkAllVolumes(202)) - Scheduled health check for volume org.apache.hadoop.ozone.container.common.volume.HddsVolume@5e13f156
2019-09-25 05:32:08,387 [main] INFO  impl.RaftServerProxy (ConfUtils.java:logGet(43)) - raft.rpc.type = GRPC (default)
2019-09-25 05:32:08,387 [main] INFO  grpc.GrpcFactory (GrpcFactory.java:checkPooledByteBufAllocatorUseCacheForAllThreads(45)) - PERFORMANCE WARNING: useCacheForAllThreads is true that may cause Netty to create a lot garbage objects and, as a result, trigger GC.
	It is recommended to disable useCacheForAllThreads by setting -Dorg.apache.ratis.thirdparty.io.netty.allocator.useCacheForAllThreads=false in command line.
2019-09-25 05:32:08,387 [main] INFO  grpc.GrpcConfigKeys$Server (ConfUtils.java:logGet(43)) - raft.grpc.server.port = 0 (default)
2019-09-25 05:32:08,387 [main] INFO  server.GrpcService (ConfUtils.java:logGet(43)) - raft.grpc.message.size.max = 33570816 (custom)
2019-09-25 05:32:08,388 [main] INFO  server.RaftServerConfigKeys (ConfUtils.java:logGet(43)) - raft.server.log.appender.buffer.byte-limit = 33554432 (custom)
2019-09-25 05:32:08,388 [main] INFO  server.GrpcService (ConfUtils.java:logGet(43)) - raft.grpc.flow.control.window = 1MB (=1048576) (default)
2019-09-25 05:32:08,388 [main] INFO  server.RaftServerConfigKeys (ConfUtils.java:logGet(43)) - raft.server.rpc.request.timeout = 3000ms (default)
2019-09-25 05:32:08,389 [main] INFO  server.RaftServerConfigKeys (ConfUtils.java:logGet(43)) - raft.server.storage.dir = [/workdir/hadoop-ozone/integration-test/target/test-dir/MiniOzoneClusterImpl-c3eb0697-53d0-4f00-8b35-781957cf75c5/datanode-4/data/ratis] (custom)
2019-09-25 05:32:08,390 [main] INFO  hdfs.DFSUtil (DFSUtil.java:httpServerTemplateForNNAndJN(1641)) - Starting Web-server for hddsDatanode at: http://0.0.0.0:0
2019-09-25 05:32:08,392 [main] INFO  server.AuthenticationFilter (AuthenticationFilter.java:constructSecretProvider(240)) - Unable to initialize FileSignerSecretProvider, falling back to use random secrets.
2019-09-25 05:32:08,392 [main] WARN  http.HttpRequestLog (HttpRequestLog.java:getRequestLog(97)) - Jetty request log can only be enabled using Log4j
2019-09-25 05:32:08,394 [main] INFO  http.HttpServer2 (HttpServer2.java:addGlobalFilter(975)) - Added global filter 'safety' (class=org.apache.hadoop.http.HttpServer2$QuotingInputFilter)
2019-09-25 05:32:08,394 [main] INFO  http.HttpServer2 (HttpServer2.java:addFilter(948)) - Added filter static_user_filter (class=org.apache.hadoop.http.lib.StaticUserWebFilter$StaticUserFilter) to context hddsDatanode
2019-09-25 05:32:08,395 [main] INFO  http.HttpServer2 (HttpServer2.java:addFilter(958)) - Added filter static_user_filter (class=org.apache.hadoop.http.lib.StaticUserWebFilter$StaticUserFilter) to context static
2019-09-25 05:32:08,395 [main] INFO  http.HttpServer2 (HttpServer2.java:addFilter(958)) - Added filter static_user_filter (class=org.apache.hadoop.http.lib.StaticUserWebFilter$StaticUserFilter) to context logs
2019-09-25 05:32:08,395 [main] INFO  http.HttpServer2 (HttpServer2.java:bindListener(1191)) - Jetty bound to port 41562
2019-09-25 05:32:08,396 [main] INFO  server.Server (Server.java:doStart(351)) - jetty-9.3.25.v20180904, build timestamp: 2018-09-04T21:11:46Z, git hash: 3ce520221d0240229c862b122d2b06c12a625732
2019-09-25 05:32:08,397 [main] INFO  handler.ContextHandler (ContextHandler.java:doStart(781)) - Started o.e.j.s.ServletContextHandler@55f4887d{/logs,file:///workdir/hadoop-ozone/integration-test/target/log,AVAILABLE}
2019-09-25 05:32:08,398 [main] INFO  handler.ContextHandler (ContextHandler.java:doStart(781)) - Started o.e.j.s.ServletContextHandler@2dbc408c{/static,jar:file:/home/user/.m2/repository/org/apache/hadoop/hadoop-hdds-container-service/0.5.0-SNAPSHOT/hadoop-hdds-container-service-0.5.0-SNAPSHOT.jar!/webapps/static,AVAILABLE}
2019-09-25 05:32:08,428 [main] INFO  handler.ContextHandler (ContextHandler.java:doStart(781)) - Started o.e.j.w.WebAppContext@4337afd{/,file:///tmp/jetty-0.0.0.0-41562-hddsDatanode-_-any-6716489621539988233.dir/webapp/,AVAILABLE}{/hddsDatanode}
2019-09-25 05:32:08,428 [main] INFO  server.AbstractConnector (AbstractConnector.java:doStart(278)) - Started ServerConnector@1d02af26{HTTP/1.1,[http/1.1]}{0.0.0.0:41562}
2019-09-25 05:32:08,429 [main] INFO  server.Server (Server.java:doStart(419)) - Started @149315ms
2019-09-25 05:32:08,430 [main] WARN  impl.MetricsSystemImpl (MetricsSystemImpl.java:register(276)) - Sink prometheus already exists!
2019-09-25 05:32:08,430 [main] INFO  server.BaseHttpServer (BaseHttpServer.java:updateConnectorAddress(215)) - HTTP server of HDDSDATANODE is listening at http://0.0.0.0:41562
2019-09-25 05:32:08,431 [main] INFO  impl.MetricsSystemImpl (MetricsSystemImpl.java:init(158)) - HddsDatanode metrics system started (again)
2019-09-25 05:32:08,433 [org.apache.hadoop.util.JvmPauseMonitor$Monitor@7a80b1b0] INFO  util.JvmPauseMonitor (JvmPauseMonitor.java:run(188)) - Starting JVM pause monitor
2019-09-25 05:32:08,434 [main] INFO  ozone.HddsDatanodeService (HddsDatanodeService.java:start(184)) - HddsDatanodeService host:pr-hdds-2174-pqx5g-486351168 ip:192.168.36.126
2019-09-25 05:32:08,435 [Datanode State Machine Thread - 0] INFO  datanode.InitDatanodeState (InitDatanodeState.java:persistContainerDatanodeDetails(140)) - DatanodeDetails is persisted to /workdir/hadoop-ozone/integration-test/target/test-dir/MiniOzoneClusterImpl-c3eb0697-53d0-4f00-8b35-781957cf75c5/datanode-4/meta/datanode.id
2019-09-25 05:32:08,438 [main] INFO  volume.HddsVolume (HddsVolume.java:<init>(176)) - Creating Volume: /workdir/hadoop-ozone/integration-test/target/test-dir/MiniOzoneClusterImpl-c3eb0697-53d0-4f00-8b35-781957cf75c5/datanode-5/data/containers/hdds of  storage type : DISK and capacity : 1482555576320
2019-09-25 05:32:08,439 [main] INFO  volume.VolumeSet (VolumeSet.java:initializeVolumeSet(170)) - Added Volume : /workdir/hadoop-ozone/integration-test/target/test-dir/MiniOzoneClusterImpl-c3eb0697-53d0-4f00-8b35-781957cf75c5/datanode-5/data/containers/hdds to VolumeSet
2019-09-25 05:32:08,439 [main] INFO  volume.ThrottledAsyncChecker (ThrottledAsyncChecker.java:schedule(139)) - Scheduling a check for org.apache.hadoop.ozone.container.common.volume.HddsVolume@67b355c8
2019-09-25 05:32:08,439 [main] INFO  volume.HddsVolumeChecker (HddsVolumeChecker.java:checkAllVolumes(202)) - Scheduled health check for volume org.apache.hadoop.ozone.container.common.volume.HddsVolume@67b355c8
2019-09-25 05:32:08,450 [main] INFO  impl.RaftServerProxy (ConfUtils.java:logGet(43)) - raft.rpc.type = GRPC (default)
2019-09-25 05:32:08,451 [main] INFO  grpc.GrpcFactory (GrpcFactory.java:checkPooledByteBufAllocatorUseCacheForAllThreads(45)) - PERFORMANCE WARNING: useCacheForAllThreads is true that may cause Netty to create a lot garbage objects and, as a result, trigger GC.
	It is recommended to disable useCacheForAllThreads by setting -Dorg.apache.ratis.thirdparty.io.netty.allocator.useCacheForAllThreads=false in command line.
2019-09-25 05:32:08,451 [main] INFO  grpc.GrpcConfigKeys$Server (ConfUtils.java:logGet(43)) - raft.grpc.server.port = 0 (default)
2019-09-25 05:32:08,451 [main] INFO  server.GrpcService (ConfUtils.java:logGet(43)) - raft.grpc.message.size.max = 33570816 (custom)
2019-09-25 05:32:08,451 [main] INFO  server.RaftServerConfigKeys (ConfUtils.java:logGet(43)) - raft.server.log.appender.buffer.byte-limit = 33554432 (custom)
2019-09-25 05:32:08,451 [main] INFO  server.GrpcService (ConfUtils.java:logGet(43)) - raft.grpc.flow.control.window = 1MB (=1048576) (default)
2019-09-25 05:32:08,452 [main] INFO  server.RaftServerConfigKeys (ConfUtils.java:logGet(43)) - raft.server.rpc.request.timeout = 3000ms (default)
2019-09-25 05:32:08,452 [main] INFO  server.RaftServerConfigKeys (ConfUtils.java:logGet(43)) - raft.server.storage.dir = [/workdir/hadoop-ozone/integration-test/target/test-dir/MiniOzoneClusterImpl-c3eb0697-53d0-4f00-8b35-781957cf75c5/datanode-5/data/ratis] (custom)
2019-09-25 05:32:08,455 [main] INFO  hdfs.DFSUtil (DFSUtil.java:httpServerTemplateForNNAndJN(1641)) - Starting Web-server for hddsDatanode at: http://0.0.0.0:0
2019-09-25 05:32:08,459 [main] INFO  server.AuthenticationFilter (AuthenticationFilter.java:constructSecretProvider(240)) - Unable to initialize FileSignerSecretProvider, falling back to use random secrets.
2019-09-25 05:32:08,459 [main] WARN  http.HttpRequestLog (HttpRequestLog.java:getRequestLog(97)) - Jetty request log can only be enabled using Log4j
2019-09-25 05:32:08,462 [main] INFO  http.HttpServer2 (HttpServer2.java:addGlobalFilter(975)) - Added global filter 'safety' (class=org.apache.hadoop.http.HttpServer2$QuotingInputFilter)
2019-09-25 05:32:08,463 [main] INFO  http.HttpServer2 (HttpServer2.java:addFilter(948)) - Added filter static_user_filter (class=org.apache.hadoop.http.lib.StaticUserWebFilter$StaticUserFilter) to context hddsDatanode
2019-09-25 05:32:08,463 [main] INFO  http.HttpServer2 (HttpServer2.java:addFilter(958)) - Added filter static_user_filter (class=org.apache.hadoop.http.lib.StaticUserWebFilter$StaticUserFilter) to context logs
2019-09-25 05:32:08,463 [main] INFO  http.HttpServer2 (HttpServer2.java:addFilter(958)) - Added filter static_user_filter (class=org.apache.hadoop.http.lib.StaticUserWebFilter$StaticUserFilter) to context static
2019-09-25 05:32:08,464 [main] INFO  http.HttpServer2 (HttpServer2.java:bindListener(1191)) - Jetty bound to port 44507
2019-09-25 05:32:08,464 [main] INFO  server.Server (Server.java:doStart(351)) - jetty-9.3.25.v20180904, build timestamp: 2018-09-04T21:11:46Z, git hash: 3ce520221d0240229c862b122d2b06c12a625732
2019-09-25 05:32:08,467 [main] INFO  handler.ContextHandler (ContextHandler.java:doStart(781)) - Started o.e.j.s.ServletContextHandler@2b916808{/logs,file:///workdir/hadoop-ozone/integration-test/target/log,AVAILABLE}
2019-09-25 05:32:08,467 [main] INFO  handler.ContextHandler (ContextHandler.java:doStart(781)) - Started o.e.j.s.ServletContextHandler@a6c54c3{/static,jar:file:/home/user/.m2/repository/org/apache/hadoop/hadoop-hdds-container-service/0.5.0-SNAPSHOT/hadoop-hdds-container-service-0.5.0-SNAPSHOT.jar!/webapps/static,AVAILABLE}
2019-09-25 05:32:08,510 [main] INFO  handler.ContextHandler (ContextHandler.java:doStart(781)) - Started o.e.j.w.WebAppContext@318c68d5{/,file:///tmp/jetty-0.0.0.0-44507-hddsDatanode-_-any-1463894463666722732.dir/webapp/,AVAILABLE}{/hddsDatanode}
2019-09-25 05:32:08,511 [main] INFO  server.AbstractConnector (AbstractConnector.java:doStart(278)) - Started ServerConnector@4cfa83f9{HTTP/1.1,[http/1.1]}{0.0.0.0:44507}
2019-09-25 05:32:08,515 [main] INFO  server.Server (Server.java:doStart(419)) - Started @149401ms
2019-09-25 05:32:08,515 [main] WARN  impl.MetricsSystemImpl (MetricsSystemImpl.java:register(276)) - Sink prometheus already exists!
2019-09-25 05:32:08,516 [main] INFO  server.BaseHttpServer (BaseHttpServer.java:updateConnectorAddress(215)) - HTTP server of HDDSDATANODE is listening at http://0.0.0.0:44507
2019-09-25 05:32:08,516 [main] INFO  impl.MetricsSystemImpl (MetricsSystemImpl.java:init(158)) - HddsDatanode metrics system started (again)
2019-09-25 05:32:08,519 [org.apache.hadoop.util.JvmPauseMonitor$Monitor@24f855b2] INFO  util.JvmPauseMonitor (JvmPauseMonitor.java:run(188)) - Starting JVM pause monitor
2019-09-25 05:32:08,520 [main] INFO  ozone.HddsDatanodeService (HddsDatanodeService.java:start(184)) - HddsDatanodeService host:pr-hdds-2174-pqx5g-486351168 ip:192.168.36.126
2019-09-25 05:32:08,522 [Datanode State Machine Thread - 0] INFO  datanode.InitDatanodeState (InitDatanodeState.java:persistContainerDatanodeDetails(140)) - DatanodeDetails is persisted to /workdir/hadoop-ozone/integration-test/target/test-dir/MiniOzoneClusterImpl-c3eb0697-53d0-4f00-8b35-781957cf75c5/datanode-5/meta/datanode.id
2019-09-25 05:32:08,525 [main] INFO  volume.HddsVolume (HddsVolume.java:<init>(176)) - Creating Volume: /workdir/hadoop-ozone/integration-test/target/test-dir/MiniOzoneClusterImpl-c3eb0697-53d0-4f00-8b35-781957cf75c5/datanode-6/data/containers/hdds of  storage type : DISK and capacity : 1482555576320
2019-09-25 05:32:08,525 [main] INFO  volume.VolumeSet (VolumeSet.java:initializeVolumeSet(170)) - Added Volume : /workdir/hadoop-ozone/integration-test/target/test-dir/MiniOzoneClusterImpl-c3eb0697-53d0-4f00-8b35-781957cf75c5/datanode-6/data/containers/hdds to VolumeSet
2019-09-25 05:32:08,525 [main] INFO  volume.ThrottledAsyncChecker (ThrottledAsyncChecker.java:schedule(139)) - Scheduling a check for org.apache.hadoop.ozone.container.common.volume.HddsVolume@6baf25d7
2019-09-25 05:32:08,526 [main] INFO  volume.HddsVolumeChecker (HddsVolumeChecker.java:checkAllVolumes(202)) - Scheduled health check for volume org.apache.hadoop.ozone.container.common.volume.HddsVolume@6baf25d7
2019-09-25 05:32:08,537 [main] INFO  impl.RaftServerProxy (ConfUtils.java:logGet(43)) - raft.rpc.type = GRPC (default)
2019-09-25 05:32:08,537 [main] INFO  grpc.GrpcFactory (GrpcFactory.java:checkPooledByteBufAllocatorUseCacheForAllThreads(45)) - PERFORMANCE WARNING: useCacheForAllThreads is true that may cause Netty to create a lot garbage objects and, as a result, trigger GC.
	It is recommended to disable useCacheForAllThreads by setting -Dorg.apache.ratis.thirdparty.io.netty.allocator.useCacheForAllThreads=false in command line.
2019-09-25 05:32:08,538 [main] INFO  grpc.GrpcConfigKeys$Server (ConfUtils.java:logGet(43)) - raft.grpc.server.port = 0 (default)
2019-09-25 05:32:08,538 [main] INFO  server.GrpcService (ConfUtils.java:logGet(43)) - raft.grpc.message.size.max = 33570816 (custom)
2019-09-25 05:32:08,538 [main] INFO  server.RaftServerConfigKeys (ConfUtils.java:logGet(43)) - raft.server.log.appender.buffer.byte-limit = 33554432 (custom)
2019-09-25 05:32:08,538 [main] INFO  server.GrpcService (ConfUtils.java:logGet(43)) - raft.grpc.flow.control.window = 1MB (=1048576) (default)
2019-09-25 05:32:08,538 [main] INFO  server.RaftServerConfigKeys (ConfUtils.java:logGet(43)) - raft.server.rpc.request.timeout = 3000ms (default)
2019-09-25 05:32:08,539 [main] INFO  server.RaftServerConfigKeys (ConfUtils.java:logGet(43)) - raft.server.storage.dir = [/workdir/hadoop-ozone/integration-test/target/test-dir/MiniOzoneClusterImpl-c3eb0697-53d0-4f00-8b35-781957cf75c5/datanode-6/data/ratis] (custom)
2019-09-25 05:32:08,540 [main] INFO  hdfs.DFSUtil (DFSUtil.java:httpServerTemplateForNNAndJN(1641)) - Starting Web-server for hddsDatanode at: http://0.0.0.0:0
2019-09-25 05:32:08,542 [main] INFO  server.AuthenticationFilter (AuthenticationFilter.java:constructSecretProvider(240)) - Unable to initialize FileSignerSecretProvider, falling back to use random secrets.
2019-09-25 05:32:08,542 [main] WARN  http.HttpRequestLog (HttpRequestLog.java:getRequestLog(97)) - Jetty request log can only be enabled using Log4j
2019-09-25 05:32:08,544 [main] INFO  http.HttpServer2 (HttpServer2.java:addGlobalFilter(975)) - Added global filter 'safety' (class=org.apache.hadoop.http.HttpServer2$QuotingInputFilter)
2019-09-25 05:32:08,544 [main] INFO  http.HttpServer2 (HttpServer2.java:addFilter(948)) - Added filter static_user_filter (class=org.apache.hadoop.http.lib.StaticUserWebFilter$StaticUserFilter) to context hddsDatanode
2019-09-25 05:32:08,545 [main] INFO  http.HttpServer2 (HttpServer2.java:addFilter(958)) - Added filter static_user_filter (class=org.apache.hadoop.http.lib.StaticUserWebFilter$StaticUserFilter) to context static
2019-09-25 05:32:08,545 [main] INFO  http.HttpServer2 (HttpServer2.java:addFilter(958)) - Added filter static_user_filter (class=org.apache.hadoop.http.lib.StaticUserWebFilter$StaticUserFilter) to context logs
2019-09-25 05:32:08,545 [main] INFO  http.HttpServer2 (HttpServer2.java:bindListener(1191)) - Jetty bound to port 33801
2019-09-25 05:32:08,546 [main] INFO  server.Server (Server.java:doStart(351)) - jetty-9.3.25.v20180904, build timestamp: 2018-09-04T21:11:46Z, git hash: 3ce520221d0240229c862b122d2b06c12a625732
2019-09-25 05:32:08,547 [main] INFO  handler.ContextHandler (ContextHandler.java:doStart(781)) - Started o.e.j.s.ServletContextHandler@4dc7cd1c{/logs,file:///workdir/hadoop-ozone/integration-test/target/log,AVAILABLE}
2019-09-25 05:32:08,548 [main] INFO  handler.ContextHandler (ContextHandler.java:doStart(781)) - Started o.e.j.s.ServletContextHandler@7b5b5bfe{/static,jar:file:/home/user/.m2/repository/org/apache/hadoop/hadoop-hdds-container-service/0.5.0-SNAPSHOT/hadoop-hdds-container-service-0.5.0-SNAPSHOT.jar!/webapps/static,AVAILABLE}
2019-09-25 05:32:08,575 [main] INFO  handler.ContextHandler (ContextHandler.java:doStart(781)) - Started o.e.j.w.WebAppContext@6f825516{/,file:///tmp/jetty-0.0.0.0-33801-hddsDatanode-_-any-7120678905935348991.dir/webapp/,AVAILABLE}{/hddsDatanode}
2019-09-25 05:32:08,576 [main] INFO  server.AbstractConnector (AbstractConnector.java:doStart(278)) - Started ServerConnector@2da99821{HTTP/1.1,[http/1.1]}{0.0.0.0:33801}
2019-09-25 05:32:08,577 [main] INFO  server.Server (Server.java:doStart(419)) - Started @149463ms
2019-09-25 05:32:08,578 [main] WARN  impl.MetricsSystemImpl (MetricsSystemImpl.java:register(276)) - Sink prometheus already exists!
2019-09-25 05:32:08,578 [main] INFO  server.BaseHttpServer (BaseHttpServer.java:updateConnectorAddress(215)) - HTTP server of HDDSDATANODE is listening at http://0.0.0.0:33801
2019-09-25 05:32:08,579 [main] INFO  impl.MetricsSystemImpl (MetricsSystemImpl.java:init(158)) - HddsDatanode metrics system started (again)
2019-09-25 05:32:08,580 [org.apache.hadoop.util.JvmPauseMonitor$Monitor@6c399834] INFO  util.JvmPauseMonitor (JvmPauseMonitor.java:run(188)) - Starting JVM pause monitor
2019-09-25 05:32:08,583 [main] INFO  ozone.HddsDatanodeService (HddsDatanodeService.java:start(184)) - HddsDatanodeService host:pr-hdds-2174-pqx5g-486351168 ip:192.168.36.126
2019-09-25 05:32:08,584 [Datanode State Machine Thread - 0] INFO  datanode.InitDatanodeState (InitDatanodeState.java:persistContainerDatanodeDetails(140)) - DatanodeDetails is persisted to /workdir/hadoop-ozone/integration-test/target/test-dir/MiniOzoneClusterImpl-c3eb0697-53d0-4f00-8b35-781957cf75c5/datanode-6/meta/datanode.id
2019-09-25 05:32:08,588 [main] INFO  volume.HddsVolume (HddsVolume.java:<init>(176)) - Creating Volume: /workdir/hadoop-ozone/integration-test/target/test-dir/MiniOzoneClusterImpl-c3eb0697-53d0-4f00-8b35-781957cf75c5/datanode-7/data/containers/hdds of  storage type : DISK and capacity : 1482555576320
2019-09-25 05:32:08,589 [main] INFO  volume.VolumeSet (VolumeSet.java:initializeVolumeSet(170)) - Added Volume : /workdir/hadoop-ozone/integration-test/target/test-dir/MiniOzoneClusterImpl-c3eb0697-53d0-4f00-8b35-781957cf75c5/datanode-7/data/containers/hdds to VolumeSet
2019-09-25 05:32:08,589 [main] INFO  volume.ThrottledAsyncChecker (ThrottledAsyncChecker.java:schedule(139)) - Scheduling a check for org.apache.hadoop.ozone.container.common.volume.HddsVolume@220c9a63
2019-09-25 05:32:08,590 [main] INFO  volume.HddsVolumeChecker (HddsVolumeChecker.java:checkAllVolumes(202)) - Scheduled health check for volume org.apache.hadoop.ozone.container.common.volume.HddsVolume@220c9a63
2019-09-25 05:32:08,603 [main] INFO  impl.RaftServerProxy (ConfUtils.java:logGet(43)) - raft.rpc.type = GRPC (default)
2019-09-25 05:32:08,604 [main] INFO  grpc.GrpcFactory (GrpcFactory.java:checkPooledByteBufAllocatorUseCacheForAllThreads(45)) - PERFORMANCE WARNING: useCacheForAllThreads is true that may cause Netty to create a lot garbage objects and, as a result, trigger GC.
	It is recommended to disable useCacheForAllThreads by setting -Dorg.apache.ratis.thirdparty.io.netty.allocator.useCacheForAllThreads=false in command line.
2019-09-25 05:32:08,604 [main] INFO  grpc.GrpcConfigKeys$Server (ConfUtils.java:logGet(43)) - raft.grpc.server.port = 0 (default)
2019-09-25 05:32:08,604 [main] INFO  server.GrpcService (ConfUtils.java:logGet(43)) - raft.grpc.message.size.max = 33570816 (custom)
2019-09-25 05:32:08,604 [main] INFO  server.RaftServerConfigKeys (ConfUtils.java:logGet(43)) - raft.server.log.appender.buffer.byte-limit = 33554432 (custom)
2019-09-25 05:32:08,605 [main] INFO  server.GrpcService (ConfUtils.java:logGet(43)) - raft.grpc.flow.control.window = 1MB (=1048576) (default)
2019-09-25 05:32:08,605 [main] INFO  server.RaftServerConfigKeys (ConfUtils.java:logGet(43)) - raft.server.rpc.request.timeout = 3000ms (default)
2019-09-25 05:32:08,605 [main] INFO  server.RaftServerConfigKeys (ConfUtils.java:logGet(43)) - raft.server.storage.dir = [/workdir/hadoop-ozone/integration-test/target/test-dir/MiniOzoneClusterImpl-c3eb0697-53d0-4f00-8b35-781957cf75c5/datanode-7/data/ratis] (custom)
2019-09-25 05:32:08,607 [main] INFO  hdfs.DFSUtil (DFSUtil.java:httpServerTemplateForNNAndJN(1641)) - Starting Web-server for hddsDatanode at: http://0.0.0.0:0
2019-09-25 05:32:08,608 [main] INFO  server.AuthenticationFilter (AuthenticationFilter.java:constructSecretProvider(240)) - Unable to initialize FileSignerSecretProvider, falling back to use random secrets.
2019-09-25 05:32:08,609 [main] WARN  http.HttpRequestLog (HttpRequestLog.java:getRequestLog(97)) - Jetty request log can only be enabled using Log4j
2019-09-25 05:32:08,610 [main] INFO  http.HttpServer2 (HttpServer2.java:addGlobalFilter(975)) - Added global filter 'safety' (class=org.apache.hadoop.http.HttpServer2$QuotingInputFilter)
2019-09-25 05:32:08,611 [main] INFO  http.HttpServer2 (HttpServer2.java:addFilter(948)) - Added filter static_user_filter (class=org.apache.hadoop.http.lib.StaticUserWebFilter$StaticUserFilter) to context hddsDatanode
2019-09-25 05:32:08,611 [main] INFO  http.HttpServer2 (HttpServer2.java:addFilter(958)) - Added filter static_user_filter (class=org.apache.hadoop.http.lib.StaticUserWebFilter$StaticUserFilter) to context logs
2019-09-25 05:32:08,611 [main] INFO  http.HttpServer2 (HttpServer2.java:addFilter(958)) - Added filter static_user_filter (class=org.apache.hadoop.http.lib.StaticUserWebFilter$StaticUserFilter) to context static
2019-09-25 05:32:08,612 [main] INFO  http.HttpServer2 (HttpServer2.java:bindListener(1191)) - Jetty bound to port 37590
2019-09-25 05:32:08,612 [main] INFO  server.Server (Server.java:doStart(351)) - jetty-9.3.25.v20180904, build timestamp: 2018-09-04T21:11:46Z, git hash: 3ce520221d0240229c862b122d2b06c12a625732
2019-09-25 05:32:08,613 [main] INFO  handler.ContextHandler (ContextHandler.java:doStart(781)) - Started o.e.j.s.ServletContextHandler@16da1abc{/logs,file:///workdir/hadoop-ozone/integration-test/target/log,AVAILABLE}
2019-09-25 05:32:08,614 [main] INFO  handler.ContextHandler (ContextHandler.java:doStart(781)) - Started o.e.j.s.ServletContextHandler@1c52552f{/static,jar:file:/home/user/.m2/repository/org/apache/hadoop/hadoop-hdds-container-service/0.5.0-SNAPSHOT/hadoop-hdds-container-service-0.5.0-SNAPSHOT.jar!/webapps/static,AVAILABLE}
2019-09-25 05:32:08,645 [main] INFO  handler.ContextHandler (ContextHandler.java:doStart(781)) - Started o.e.j.w.WebAppContext@1624775{/,file:///tmp/jetty-0.0.0.0-37590-hddsDatanode-_-any-6803097210257752418.dir/webapp/,AVAILABLE}{/hddsDatanode}
2019-09-25 05:32:08,645 [main] INFO  server.AbstractConnector (AbstractConnector.java:doStart(278)) - Started ServerConnector@1e7f19b4{HTTP/1.1,[http/1.1]}{0.0.0.0:37590}
2019-09-25 05:32:08,646 [main] INFO  server.Server (Server.java:doStart(419)) - Started @149532ms
2019-09-25 05:32:08,646 [main] WARN  impl.MetricsSystemImpl (MetricsSystemImpl.java:register(276)) - Sink prometheus already exists!
2019-09-25 05:32:08,647 [main] INFO  server.BaseHttpServer (BaseHttpServer.java:updateConnectorAddress(215)) - HTTP server of HDDSDATANODE is listening at http://0.0.0.0:37590
2019-09-25 05:32:08,647 [main] INFO  impl.MetricsSystemImpl (MetricsSystemImpl.java:init(158)) - HddsDatanode metrics system started (again)
2019-09-25 05:32:08,651 [org.apache.hadoop.util.JvmPauseMonitor$Monitor@afaef6] INFO  util.JvmPauseMonitor (JvmPauseMonitor.java:run(188)) - Starting JVM pause monitor
2019-09-25 05:32:08,652 [main] INFO  ozone.HddsDatanodeService (HddsDatanodeService.java:start(184)) - HddsDatanodeService host:pr-hdds-2174-pqx5g-486351168 ip:192.168.36.126
2019-09-25 05:32:08,653 [Datanode State Machine Thread - 0] INFO  datanode.InitDatanodeState (InitDatanodeState.java:persistContainerDatanodeDetails(140)) - DatanodeDetails is persisted to /workdir/hadoop-ozone/integration-test/target/test-dir/MiniOzoneClusterImpl-c3eb0697-53d0-4f00-8b35-781957cf75c5/datanode-7/meta/datanode.id
2019-09-25 05:32:08,661 [main] INFO  volume.HddsVolume (HddsVolume.java:<init>(176)) - Creating Volume: /workdir/hadoop-ozone/integration-test/target/test-dir/MiniOzoneClusterImpl-c3eb0697-53d0-4f00-8b35-781957cf75c5/datanode-8/data/containers/hdds of  storage type : DISK and capacity : 1482555576320
2019-09-25 05:32:08,661 [main] INFO  volume.VolumeSet (VolumeSet.java:initializeVolumeSet(170)) - Added Volume : /workdir/hadoop-ozone/integration-test/target/test-dir/MiniOzoneClusterImpl-c3eb0697-53d0-4f00-8b35-781957cf75c5/datanode-8/data/containers/hdds to VolumeSet
2019-09-25 05:32:08,661 [main] INFO  volume.ThrottledAsyncChecker (ThrottledAsyncChecker.java:schedule(139)) - Scheduling a check for org.apache.hadoop.ozone.container.common.volume.HddsVolume@662e682a
2019-09-25 05:32:08,662 [main] INFO  volume.HddsVolumeChecker (HddsVolumeChecker.java:checkAllVolumes(202)) - Scheduled health check for volume org.apache.hadoop.ozone.container.common.volume.HddsVolume@662e682a
2019-09-25 05:32:08,676 [main] INFO  impl.RaftServerProxy (ConfUtils.java:logGet(43)) - raft.rpc.type = GRPC (default)
2019-09-25 05:32:08,676 [main] INFO  grpc.GrpcFactory (GrpcFactory.java:checkPooledByteBufAllocatorUseCacheForAllThreads(45)) - PERFORMANCE WARNING: useCacheForAllThreads is true that may cause Netty to create a lot garbage objects and, as a result, trigger GC.
	It is recommended to disable useCacheForAllThreads by setting -Dorg.apache.ratis.thirdparty.io.netty.allocator.useCacheForAllThreads=false in command line.
2019-09-25 05:32:08,677 [main] INFO  grpc.GrpcConfigKeys$Server (ConfUtils.java:logGet(43)) - raft.grpc.server.port = 0 (default)
2019-09-25 05:32:08,677 [main] INFO  server.GrpcService (ConfUtils.java:logGet(43)) - raft.grpc.message.size.max = 33570816 (custom)
2019-09-25 05:32:08,677 [main] INFO  server.RaftServerConfigKeys (ConfUtils.java:logGet(43)) - raft.server.log.appender.buffer.byte-limit = 33554432 (custom)
2019-09-25 05:32:08,677 [main] INFO  server.GrpcService (ConfUtils.java:logGet(43)) - raft.grpc.flow.control.window = 1MB (=1048576) (default)
2019-09-25 05:32:08,677 [main] INFO  server.RaftServerConfigKeys (ConfUtils.java:logGet(43)) - raft.server.rpc.request.timeout = 3000ms (default)
2019-09-25 05:32:08,678 [main] INFO  server.RaftServerConfigKeys (ConfUtils.java:logGet(43)) - raft.server.storage.dir = [/workdir/hadoop-ozone/integration-test/target/test-dir/MiniOzoneClusterImpl-c3eb0697-53d0-4f00-8b35-781957cf75c5/datanode-8/data/ratis] (custom)
2019-09-25 05:32:08,679 [main] INFO  hdfs.DFSUtil (DFSUtil.java:httpServerTemplateForNNAndJN(1641)) - Starting Web-server for hddsDatanode at: http://0.0.0.0:0
2019-09-25 05:32:08,681 [main] INFO  server.AuthenticationFilter (AuthenticationFilter.java:constructSecretProvider(240)) - Unable to initialize FileSignerSecretProvider, falling back to use random secrets.
2019-09-25 05:32:08,681 [main] WARN  http.HttpRequestLog (HttpRequestLog.java:getRequestLog(97)) - Jetty request log can only be enabled using Log4j
2019-09-25 05:32:08,682 [main] INFO  http.HttpServer2 (HttpServer2.java:addGlobalFilter(975)) - Added global filter 'safety' (class=org.apache.hadoop.http.HttpServer2$QuotingInputFilter)
2019-09-25 05:32:08,683 [main] INFO  http.HttpServer2 (HttpServer2.java:addFilter(948)) - Added filter static_user_filter (class=org.apache.hadoop.http.lib.StaticUserWebFilter$StaticUserFilter) to context hddsDatanode
2019-09-25 05:32:08,683 [main] INFO  http.HttpServer2 (HttpServer2.java:addFilter(958)) - Added filter static_user_filter (class=org.apache.hadoop.http.lib.StaticUserWebFilter$StaticUserFilter) to context static
2019-09-25 05:32:08,683 [main] INFO  http.HttpServer2 (HttpServer2.java:addFilter(958)) - Added filter static_user_filter (class=org.apache.hadoop.http.lib.StaticUserWebFilter$StaticUserFilter) to context logs
2019-09-25 05:32:08,684 [main] INFO  http.HttpServer2 (HttpServer2.java:bindListener(1191)) - Jetty bound to port 33045
2019-09-25 05:32:08,684 [main] INFO  server.Server (Server.java:doStart(351)) - jetty-9.3.25.v20180904, build timestamp: 2018-09-04T21:11:46Z, git hash: 3ce520221d0240229c862b122d2b06c12a625732
2019-09-25 05:32:08,685 [main] INFO  handler.ContextHandler (ContextHandler.java:doStart(781)) - Started o.e.j.s.ServletContextHandler@20d33ea{/logs,file:///workdir/hadoop-ozone/integration-test/target/log,AVAILABLE}
2019-09-25 05:32:08,686 [main] INFO  handler.ContextHandler (ContextHandler.java:doStart(781)) - Started o.e.j.s.ServletContextHandler@5a13fcf3{/static,jar:file:/home/user/.m2/repository/org/apache/hadoop/hadoop-hdds-container-service/0.5.0-SNAPSHOT/hadoop-hdds-container-service-0.5.0-SNAPSHOT.jar!/webapps/static,AVAILABLE}
2019-09-25 05:32:08,721 [main] INFO  handler.ContextHandler (ContextHandler.java:doStart(781)) - Started o.e.j.w.WebAppContext@2753316c{/,file:///tmp/jetty-0.0.0.0-33045-hddsDatanode-_-any-4506112458803786437.dir/webapp/,AVAILABLE}{/hddsDatanode}
2019-09-25 05:32:08,722 [main] INFO  server.AbstractConnector (AbstractConnector.java:doStart(278)) - Started ServerConnector@59edb4f5{HTTP/1.1,[http/1.1]}{0.0.0.0:33045}
2019-09-25 05:32:08,726 [main] INFO  server.Server (Server.java:doStart(419)) - Started @149612ms
2019-09-25 05:32:08,726 [main] WARN  impl.MetricsSystemImpl (MetricsSystemImpl.java:register(276)) - Sink prometheus already exists!
2019-09-25 05:32:08,727 [main] INFO  server.BaseHttpServer (BaseHttpServer.java:updateConnectorAddress(215)) - HTTP server of HDDSDATANODE is listening at http://0.0.0.0:33045
2019-09-25 05:32:08,727 [main] INFO  impl.MetricsSystemImpl (MetricsSystemImpl.java:init(158)) - HddsDatanode metrics system started (again)
2019-09-25 05:32:08,731 [org.apache.hadoop.util.JvmPauseMonitor$Monitor@dacf1a3] INFO  util.JvmPauseMonitor (JvmPauseMonitor.java:run(188)) - Starting JVM pause monitor
2019-09-25 05:32:08,732 [main] INFO  ozone.HddsDatanodeService (HddsDatanodeService.java:start(184)) - HddsDatanodeService host:pr-hdds-2174-pqx5g-486351168 ip:192.168.36.126
2019-09-25 05:32:08,733 [Datanode State Machine Thread - 0] INFO  datanode.InitDatanodeState (InitDatanodeState.java:persistContainerDatanodeDetails(140)) - DatanodeDetails is persisted to /workdir/hadoop-ozone/integration-test/target/test-dir/MiniOzoneClusterImpl-c3eb0697-53d0-4f00-8b35-781957cf75c5/datanode-8/meta/datanode.id
2019-09-25 05:32:08,738 [main] INFO  volume.HddsVolume (HddsVolume.java:<init>(176)) - Creating Volume: /workdir/hadoop-ozone/integration-test/target/test-dir/MiniOzoneClusterImpl-c3eb0697-53d0-4f00-8b35-781957cf75c5/datanode-9/data/containers/hdds of  storage type : DISK and capacity : 1482555576320
2019-09-25 05:32:08,738 [main] INFO  volume.VolumeSet (VolumeSet.java:initializeVolumeSet(170)) - Added Volume : /workdir/hadoop-ozone/integration-test/target/test-dir/MiniOzoneClusterImpl-c3eb0697-53d0-4f00-8b35-781957cf75c5/datanode-9/data/containers/hdds to VolumeSet
2019-09-25 05:32:08,738 [main] INFO  volume.ThrottledAsyncChecker (ThrottledAsyncChecker.java:schedule(139)) - Scheduling a check for org.apache.hadoop.ozone.container.common.volume.HddsVolume@2cd388f5
2019-09-25 05:32:08,739 [main] INFO  volume.HddsVolumeChecker (HddsVolumeChecker.java:checkAllVolumes(202)) - Scheduled health check for volume org.apache.hadoop.ozone.container.common.volume.HddsVolume@2cd388f5
2019-09-25 05:32:08,750 [main] INFO  impl.RaftServerProxy (ConfUtils.java:logGet(43)) - raft.rpc.type = GRPC (default)
2019-09-25 05:32:08,751 [main] INFO  grpc.GrpcFactory (GrpcFactory.java:checkPooledByteBufAllocatorUseCacheForAllThreads(45)) - PERFORMANCE WARNING: useCacheForAllThreads is true that may cause Netty to create a lot garbage objects and, as a result, trigger GC.
	It is recommended to disable useCacheForAllThreads by setting -Dorg.apache.ratis.thirdparty.io.netty.allocator.useCacheForAllThreads=false in command line.
2019-09-25 05:32:08,751 [main] INFO  grpc.GrpcConfigKeys$Server (ConfUtils.java:logGet(43)) - raft.grpc.server.port = 0 (default)
2019-09-25 05:32:08,751 [main] INFO  server.GrpcService (ConfUtils.java:logGet(43)) - raft.grpc.message.size.max = 33570816 (custom)
2019-09-25 05:32:08,751 [main] INFO  server.RaftServerConfigKeys (ConfUtils.java:logGet(43)) - raft.server.log.appender.buffer.byte-limit = 33554432 (custom)
2019-09-25 05:32:08,752 [main] INFO  server.GrpcService (ConfUtils.java:logGet(43)) - raft.grpc.flow.control.window = 1MB (=1048576) (default)
2019-09-25 05:32:08,752 [main] INFO  server.RaftServerConfigKeys (ConfUtils.java:logGet(43)) - raft.server.rpc.request.timeout = 3000ms (default)
2019-09-25 05:32:08,752 [main] INFO  server.RaftServerConfigKeys (ConfUtils.java:logGet(43)) - raft.server.storage.dir = [/workdir/hadoop-ozone/integration-test/target/test-dir/MiniOzoneClusterImpl-c3eb0697-53d0-4f00-8b35-781957cf75c5/datanode-9/data/ratis] (custom)
2019-09-25 05:32:08,754 [main] INFO  hdfs.DFSUtil (DFSUtil.java:httpServerTemplateForNNAndJN(1641)) - Starting Web-server for hddsDatanode at: http://0.0.0.0:0
2019-09-25 05:32:08,755 [main] INFO  server.AuthenticationFilter (AuthenticationFilter.java:constructSecretProvider(240)) - Unable to initialize FileSignerSecretProvider, falling back to use random secrets.
2019-09-25 05:32:08,755 [main] WARN  http.HttpRequestLog (HttpRequestLog.java:getRequestLog(97)) - Jetty request log can only be enabled using Log4j
2019-09-25 05:32:08,757 [main] INFO  http.HttpServer2 (HttpServer2.java:addGlobalFilter(975)) - Added global filter 'safety' (class=org.apache.hadoop.http.HttpServer2$QuotingInputFilter)
2019-09-25 05:32:08,757 [main] INFO  http.HttpServer2 (HttpServer2.java:addFilter(948)) - Added filter static_user_filter (class=org.apache.hadoop.http.lib.StaticUserWebFilter$StaticUserFilter) to context hddsDatanode
2019-09-25 05:32:08,757 [main] INFO  http.HttpServer2 (HttpServer2.java:addFilter(958)) - Added filter static_user_filter (class=org.apache.hadoop.http.lib.StaticUserWebFilter$StaticUserFilter) to context logs
2019-09-25 05:32:08,757 [main] INFO  http.HttpServer2 (HttpServer2.java:addFilter(958)) - Added filter static_user_filter (class=org.apache.hadoop.http.lib.StaticUserWebFilter$StaticUserFilter) to context static
2019-09-25 05:32:08,758 [main] INFO  http.HttpServer2 (HttpServer2.java:bindListener(1191)) - Jetty bound to port 45742
2019-09-25 05:32:08,758 [main] INFO  server.Server (Server.java:doStart(351)) - jetty-9.3.25.v20180904, build timestamp: 2018-09-04T21:11:46Z, git hash: 3ce520221d0240229c862b122d2b06c12a625732
2019-09-25 05:32:08,760 [main] INFO  handler.ContextHandler (ContextHandler.java:doStart(781)) - Started o.e.j.s.ServletContextHandler@5fcd1c5f{/logs,file:///workdir/hadoop-ozone/integration-test/target/log,AVAILABLE}
2019-09-25 05:32:08,760 [main] INFO  handler.ContextHandler (ContextHandler.java:doStart(781)) - Started o.e.j.s.ServletContextHandler@7d528cf7{/static,jar:file:/home/user/.m2/repository/org/apache/hadoop/hadoop-hdds-container-service/0.5.0-SNAPSHOT/hadoop-hdds-container-service-0.5.0-SNAPSHOT.jar!/webapps/static,AVAILABLE}
2019-09-25 05:32:08,790 [main] INFO  handler.ContextHandler (ContextHandler.java:doStart(781)) - Started o.e.j.w.WebAppContext@54336976{/,file:///tmp/jetty-0.0.0.0-45742-hddsDatanode-_-any-1678714194703808788.dir/webapp/,AVAILABLE}{/hddsDatanode}
2019-09-25 05:32:08,791 [main] INFO  server.AbstractConnector (AbstractConnector.java:doStart(278)) - Started ServerConnector@f25f48a{HTTP/1.1,[http/1.1]}{0.0.0.0:45742}
2019-09-25 05:32:08,792 [main] INFO  server.Server (Server.java:doStart(419)) - Started @149678ms
2019-09-25 05:32:08,793 [main] WARN  impl.MetricsSystemImpl (MetricsSystemImpl.java:register(276)) - Sink prometheus already exists!
2019-09-25 05:32:08,794 [main] INFO  server.BaseHttpServer (BaseHttpServer.java:updateConnectorAddress(215)) - HTTP server of HDDSDATANODE is listening at http://0.0.0.0:45742
2019-09-25 05:32:08,794 [main] INFO  ozone.MiniOzoneClusterImpl (MiniOzoneClusterImpl.java:lambda$waitForClusterToBeReady$0(147)) - Waiting for cluster to be ready. Got 0 of 10 DN Heartbeats.
2019-09-25 05:32:08,796 [org.apache.hadoop.util.JvmPauseMonitor$Monitor@11e30d36] INFO  util.JvmPauseMonitor (JvmPauseMonitor.java:run(188)) - Starting JVM pause monitor
2019-09-25 05:32:08,797 [Datanode State Machine Thread - 0] INFO  datanode.InitDatanodeState (InitDatanodeState.java:persistContainerDatanodeDetails(140)) - DatanodeDetails is persisted to /workdir/hadoop-ozone/integration-test/target/test-dir/MiniOzoneClusterImpl-c3eb0697-53d0-4f00-8b35-781957cf75c5/datanode-9/meta/datanode.id
2019-09-25 05:32:09,795 [main] INFO  ozone.MiniOzoneClusterImpl (MiniOzoneClusterImpl.java:lambda$waitForClusterToBeReady$0(147)) - Waiting for cluster to be ready. Got 0 of 10 DN Heartbeats.
2019-09-25 05:32:10,300 [Datanode State Machine Thread - 0] INFO  ozoneimpl.OzoneContainer (OzoneContainer.java:start(217)) - Attempting to start container services.
2019-09-25 05:32:10,300 [Datanode State Machine Thread - 0] INFO  ozoneimpl.OzoneContainer (OzoneContainer.java:start(217)) - Attempting to start container services.
2019-09-25 05:32:10,301 [Datanode State Machine Thread - 0] INFO  ozoneimpl.OzoneContainer (OzoneContainer.java:startContainerScrub(179)) - Background container scanner has been disabled.
2019-09-25 05:32:10,301 [Datanode State Machine Thread - 0] INFO  ozoneimpl.OzoneContainer (OzoneContainer.java:startContainerScrub(179)) - Background container scanner has been disabled.
2019-09-25 05:32:10,301 [Datanode State Machine Thread - 0] INFO  ratis.XceiverServerRatis (XceiverServerRatis.java:start(411)) - Starting XceiverServerRatis 6e6c9191-5fdc-46cc-a3da-68b55b7be5a5 at port 0
2019-09-25 05:32:10,301 [Datanode State Machine Thread - 0] INFO  ratis.XceiverServerRatis (XceiverServerRatis.java:start(411)) - Starting XceiverServerRatis 74c765d4-ecbc-4161-b0d3-3f71a54c17e6 at port 0
2019-09-25 05:32:10,313 [Datanode State Machine Thread - 0] INFO  impl.RaftServerProxy (RaftServerProxy.java:lambda$start$3(299)) - 6e6c9191-5fdc-46cc-a3da-68b55b7be5a5: start RPC server
2019-09-25 05:32:10,313 [Datanode State Machine Thread - 0] INFO  impl.RaftServerProxy (RaftServerProxy.java:lambda$start$3(299)) - 74c765d4-ecbc-4161-b0d3-3f71a54c17e6: start RPC server
2019-09-25 05:32:10,315 [Datanode State Machine Thread - 0] INFO  server.GrpcService (GrpcService.java:startImpl(158)) - 6e6c9191-5fdc-46cc-a3da-68b55b7be5a5: GrpcService started, listening on 0.0.0.0/0.0.0.0:41245
2019-09-25 05:32:10,315 [Datanode State Machine Thread - 0] INFO  server.GrpcService (GrpcService.java:startImpl(158)) - 74c765d4-ecbc-4161-b0d3-3f71a54c17e6: GrpcService started, listening on 0.0.0.0/0.0.0.0:46193
2019-09-25 05:32:10,315 [Datanode State Machine Thread - 0] INFO  ratis.XceiverServerRatis (XceiverServerRatis.java:start(421)) - XceiverServerRatis 6e6c9191-5fdc-46cc-a3da-68b55b7be5a5 is started using port 41245
2019-09-25 05:32:10,316 [Datanode State Machine Thread - 0] INFO  ratis.XceiverServerRatis (XceiverServerRatis.java:start(421)) - XceiverServerRatis 74c765d4-ecbc-4161-b0d3-3f71a54c17e6 is started using port 46193
2019-09-25 05:32:10,316 [Datanode State Machine Thread - 0] INFO  server.XceiverServerGrpc (XceiverServerGrpc.java:start(149)) - XceiverServerGrpc 6e6c9191-5fdc-46cc-a3da-68b55b7be5a5 is started using port 38732
2019-09-25 05:32:10,316 [Datanode State Machine Thread - 0] INFO  server.XceiverServerGrpc (XceiverServerGrpc.java:start(149)) - XceiverServerGrpc 74c765d4-ecbc-4161-b0d3-3f71a54c17e6 is started using port 40405
2019-09-25 05:32:10,509 [Datanode State Machine Thread - 0] INFO  ozoneimpl.OzoneContainer (OzoneContainer.java:start(217)) - Attempting to start container services.
2019-09-25 05:32:10,509 [Datanode State Machine Thread - 0] INFO  ozoneimpl.OzoneContainer (OzoneContainer.java:start(217)) - Attempting to start container services.
2019-09-25 05:32:10,509 [Datanode State Machine Thread - 0] INFO  ozoneimpl.OzoneContainer (OzoneContainer.java:start(217)) - Attempting to start container services.
2019-09-25 05:32:10,510 [Datanode State Machine Thread - 0] INFO  ozoneimpl.OzoneContainer (OzoneContainer.java:startContainerScrub(179)) - Background container scanner has been disabled.
2019-09-25 05:32:10,510 [Datanode State Machine Thread - 0] INFO  ozoneimpl.OzoneContainer (OzoneContainer.java:startContainerScrub(179)) - Background container scanner has been disabled.
2019-09-25 05:32:10,510 [Datanode State Machine Thread - 0] INFO  ratis.XceiverServerRatis (XceiverServerRatis.java:start(411)) - Starting XceiverServerRatis 8ffa0edf-3bee-4748-91ab-c75ab538701e at port 0
2019-09-25 05:32:10,510 [Datanode State Machine Thread - 0] INFO  ozoneimpl.OzoneContainer (OzoneContainer.java:startContainerScrub(179)) - Background container scanner has been disabled.
2019-09-25 05:32:10,510 [Datanode State Machine Thread - 0] INFO  ratis.XceiverServerRatis (XceiverServerRatis.java:start(411)) - Starting XceiverServerRatis 718f5985-af6b-46f0-b376-36c68e33e3c2 at port 0
2019-09-25 05:32:10,510 [Datanode State Machine Thread - 0] INFO  ratis.XceiverServerRatis (XceiverServerRatis.java:start(411)) - Starting XceiverServerRatis 12cd0c97-055c-46cb-8e0e-2d74ce300cdd at port 0
2019-09-25 05:32:10,528 [Datanode State Machine Thread - 0] INFO  impl.RaftServerProxy (RaftServerProxy.java:lambda$start$3(299)) - 8ffa0edf-3bee-4748-91ab-c75ab538701e: start RPC server
2019-09-25 05:32:10,529 [Datanode State Machine Thread - 0] INFO  impl.RaftServerProxy (RaftServerProxy.java:lambda$start$3(299)) - 12cd0c97-055c-46cb-8e0e-2d74ce300cdd: start RPC server
2019-09-25 05:32:10,530 [Datanode State Machine Thread - 0] INFO  impl.RaftServerProxy (RaftServerProxy.java:lambda$start$3(299)) - 718f5985-af6b-46f0-b376-36c68e33e3c2: start RPC server
2019-09-25 05:32:10,530 [Datanode State Machine Thread - 0] INFO  server.GrpcService (GrpcService.java:startImpl(158)) - 8ffa0edf-3bee-4748-91ab-c75ab538701e: GrpcService started, listening on 0.0.0.0/0.0.0.0:35863
2019-09-25 05:32:10,532 [Datanode State Machine Thread - 0] INFO  server.GrpcService (GrpcService.java:startImpl(158)) - 12cd0c97-055c-46cb-8e0e-2d74ce300cdd: GrpcService started, listening on 0.0.0.0/0.0.0.0:43544
2019-09-25 05:32:10,533 [Datanode State Machine Thread - 0] INFO  ratis.XceiverServerRatis (XceiverServerRatis.java:start(421)) - XceiverServerRatis 8ffa0edf-3bee-4748-91ab-c75ab538701e is started using port 35863
2019-09-25 05:32:10,533 [Datanode State Machine Thread - 0] INFO  ratis.XceiverServerRatis (XceiverServerRatis.java:start(421)) - XceiverServerRatis 12cd0c97-055c-46cb-8e0e-2d74ce300cdd is started using port 43544
2019-09-25 05:32:10,533 [Datanode State Machine Thread - 0] INFO  server.GrpcService (GrpcService.java:startImpl(158)) - 718f5985-af6b-46f0-b376-36c68e33e3c2: GrpcService started, listening on 0.0.0.0/0.0.0.0:33516
2019-09-25 05:32:10,533 [Datanode State Machine Thread - 0] INFO  ratis.XceiverServerRatis (XceiverServerRatis.java:start(421)) - XceiverServerRatis 718f5985-af6b-46f0-b376-36c68e33e3c2 is started using port 33516
2019-09-25 05:32:10,533 [Datanode State Machine Thread - 0] INFO  server.XceiverServerGrpc (XceiverServerGrpc.java:start(149)) - XceiverServerGrpc 8ffa0edf-3bee-4748-91ab-c75ab538701e is started using port 34953
2019-09-25 05:32:10,534 [Datanode State Machine Thread - 0] INFO  server.XceiverServerGrpc (XceiverServerGrpc.java:start(149)) - XceiverServerGrpc 12cd0c97-055c-46cb-8e0e-2d74ce300cdd is started using port 35550
2019-09-25 05:32:10,534 [Datanode State Machine Thread - 0] INFO  server.XceiverServerGrpc (XceiverServerGrpc.java:start(149)) - XceiverServerGrpc 718f5985-af6b-46f0-b376-36c68e33e3c2 is started using port 35356
2019-09-25 05:32:10,693 [Datanode State Machine Thread - 0] INFO  ozoneimpl.OzoneContainer (OzoneContainer.java:start(217)) - Attempting to start container services.
2019-09-25 05:32:10,693 [Datanode State Machine Thread - 0] INFO  ozoneimpl.OzoneContainer (OzoneContainer.java:start(217)) - Attempting to start container services.
2019-09-25 05:32:10,693 [Datanode State Machine Thread - 0] INFO  ozoneimpl.OzoneContainer (OzoneContainer.java:start(217)) - Attempting to start container services.
2019-09-25 05:32:10,694 [Datanode State Machine Thread - 0] INFO  ozoneimpl.OzoneContainer (OzoneContainer.java:startContainerScrub(179)) - Background container scanner has been disabled.
2019-09-25 05:32:10,694 [Datanode State Machine Thread - 0] INFO  ozoneimpl.OzoneContainer (OzoneContainer.java:startContainerScrub(179)) - Background container scanner has been disabled.
2019-09-25 05:32:10,694 [Datanode State Machine Thread - 0] INFO  ratis.XceiverServerRatis (XceiverServerRatis.java:start(411)) - Starting XceiverServerRatis d0b7d3d5-2505-499d-82ef-1434210a844c at port 0
2019-09-25 05:32:10,694 [Datanode State Machine Thread - 0] INFO  ozoneimpl.OzoneContainer (OzoneContainer.java:startContainerScrub(179)) - Background container scanner has been disabled.
2019-09-25 05:32:10,695 [Datanode State Machine Thread - 0] INFO  ratis.XceiverServerRatis (XceiverServerRatis.java:start(411)) - Starting XceiverServerRatis 7d339ff4-0353-45b5-a855-49faf6b9a877 at port 0
2019-09-25 05:32:10,694 [Datanode State Machine Thread - 0] INFO  ratis.XceiverServerRatis (XceiverServerRatis.java:start(411)) - Starting XceiverServerRatis 390bf82a-25de-4c58-bd2d-fdd6c5384873 at port 0
2019-09-25 05:32:10,795 [main] INFO  ozone.MiniOzoneClusterImpl (MiniOzoneClusterImpl.java:lambda$waitForClusterToBeReady$0(147)) - Waiting for cluster to be ready. Got 0 of 10 DN Heartbeats.
2019-09-25 05:32:10,944 [Datanode State Machine Thread - 0] INFO  impl.RaftServerProxy (RaftServerProxy.java:lambda$start$3(299)) - 390bf82a-25de-4c58-bd2d-fdd6c5384873: start RPC server
2019-09-25 05:32:10,946 [Datanode State Machine Thread - 0] INFO  server.GrpcService (GrpcService.java:startImpl(158)) - 390bf82a-25de-4c58-bd2d-fdd6c5384873: GrpcService started, listening on 0.0.0.0/0.0.0.0:38711
2019-09-25 05:32:10,946 [Datanode State Machine Thread - 0] INFO  ratis.XceiverServerRatis (XceiverServerRatis.java:start(421)) - XceiverServerRatis 390bf82a-25de-4c58-bd2d-fdd6c5384873 is started using port 38711
2019-09-25 05:32:10,946 [Datanode State Machine Thread - 0] INFO  server.XceiverServerGrpc (XceiverServerGrpc.java:start(149)) - XceiverServerGrpc 390bf82a-25de-4c58-bd2d-fdd6c5384873 is started using port 42610
2019-09-25 05:32:10,963 [Datanode State Machine Thread - 0] INFO  impl.RaftServerProxy (RaftServerProxy.java:lambda$start$3(299)) - 7d339ff4-0353-45b5-a855-49faf6b9a877: start RPC server
2019-09-25 05:32:10,964 [Datanode State Machine Thread - 0] INFO  impl.RaftServerProxy (RaftServerProxy.java:lambda$start$3(299)) - d0b7d3d5-2505-499d-82ef-1434210a844c: start RPC server
2019-09-25 05:32:10,964 [Datanode State Machine Thread - 0] INFO  server.GrpcService (GrpcService.java:startImpl(158)) - 7d339ff4-0353-45b5-a855-49faf6b9a877: GrpcService started, listening on 0.0.0.0/0.0.0.0:33810
2019-09-25 05:32:10,965 [Datanode State Machine Thread - 0] INFO  ratis.XceiverServerRatis (XceiverServerRatis.java:start(421)) - XceiverServerRatis 7d339ff4-0353-45b5-a855-49faf6b9a877 is started using port 33810
2019-09-25 05:32:10,965 [Datanode State Machine Thread - 0] INFO  server.GrpcService (GrpcService.java:startImpl(158)) - d0b7d3d5-2505-499d-82ef-1434210a844c: GrpcService started, listening on 0.0.0.0/0.0.0.0:34478
2019-09-25 05:32:10,965 [Datanode State Machine Thread - 0] INFO  ratis.XceiverServerRatis (XceiverServerRatis.java:start(421)) - XceiverServerRatis d0b7d3d5-2505-499d-82ef-1434210a844c is started using port 34478
2019-09-25 05:32:10,965 [Datanode State Machine Thread - 0] INFO  server.XceiverServerGrpc (XceiverServerGrpc.java:start(149)) - XceiverServerGrpc 7d339ff4-0353-45b5-a855-49faf6b9a877 is started using port 43709
2019-09-25 05:32:10,965 [Datanode State Machine Thread - 0] INFO  server.XceiverServerGrpc (XceiverServerGrpc.java:start(149)) - XceiverServerGrpc d0b7d3d5-2505-499d-82ef-1434210a844c is started using port 39374
2019-09-25 05:32:11,071 [Datanode State Machine Thread - 0] INFO  ozoneimpl.OzoneContainer (OzoneContainer.java:start(217)) - Attempting to start container services.
2019-09-25 05:32:11,071 [Datanode State Machine Thread - 0] INFO  ozoneimpl.OzoneContainer (OzoneContainer.java:start(217)) - Attempting to start container services.
2019-09-25 05:32:11,072 [Datanode State Machine Thread - 0] INFO  ozoneimpl.OzoneContainer (OzoneContainer.java:startContainerScrub(179)) - Background container scanner has been disabled.
2019-09-25 05:32:11,072 [Datanode State Machine Thread - 0] INFO  ozoneimpl.OzoneContainer (OzoneContainer.java:startContainerScrub(179)) - Background container scanner has been disabled.
2019-09-25 05:32:11,072 [Datanode State Machine Thread - 0] INFO  ratis.XceiverServerRatis (XceiverServerRatis.java:start(411)) - Starting XceiverServerRatis e40b1169-82c6-4268-9b48-d611605c3b5d at port 0
2019-09-25 05:32:11,072 [Datanode State Machine Thread - 0] INFO  ratis.XceiverServerRatis (XceiverServerRatis.java:start(411)) - Starting XceiverServerRatis 07d2a3d4-a08d-4ff2-9fee-7694a26bc9e9 at port 0
2019-09-25 05:32:11,086 [Datanode State Machine Thread - 0] INFO  impl.RaftServerProxy (RaftServerProxy.java:lambda$start$3(299)) - e40b1169-82c6-4268-9b48-d611605c3b5d: start RPC server
2019-09-25 05:32:11,086 [Datanode State Machine Thread - 0] INFO  impl.RaftServerProxy (RaftServerProxy.java:lambda$start$3(299)) - 07d2a3d4-a08d-4ff2-9fee-7694a26bc9e9: start RPC server
2019-09-25 05:32:11,088 [Datanode State Machine Thread - 0] INFO  server.GrpcService (GrpcService.java:startImpl(158)) - 07d2a3d4-a08d-4ff2-9fee-7694a26bc9e9: GrpcService started, listening on 0.0.0.0/0.0.0.0:42527
2019-09-25 05:32:11,088 [Datanode State Machine Thread - 0] INFO  server.GrpcService (GrpcService.java:startImpl(158)) - e40b1169-82c6-4268-9b48-d611605c3b5d: GrpcService started, listening on 0.0.0.0/0.0.0.0:46360
2019-09-25 05:32:11,088 [Datanode State Machine Thread - 0] INFO  ratis.XceiverServerRatis (XceiverServerRatis.java:start(421)) - XceiverServerRatis 07d2a3d4-a08d-4ff2-9fee-7694a26bc9e9 is started using port 42527
2019-09-25 05:32:11,089 [Datanode State Machine Thread - 0] INFO  ratis.XceiverServerRatis (XceiverServerRatis.java:start(421)) - XceiverServerRatis e40b1169-82c6-4268-9b48-d611605c3b5d is started using port 46360
2019-09-25 05:32:11,106 [Datanode State Machine Thread - 0] INFO  server.XceiverServerGrpc (XceiverServerGrpc.java:start(149)) - XceiverServerGrpc e40b1169-82c6-4268-9b48-d611605c3b5d is started using port 41008
2019-09-25 05:32:11,107 [Datanode State Machine Thread - 0] INFO  server.XceiverServerGrpc (XceiverServerGrpc.java:start(149)) - XceiverServerGrpc 07d2a3d4-a08d-4ff2-9fee-7694a26bc9e9 is started using port 37553
2019-09-25 05:32:11,796 [main] INFO  ozone.MiniOzoneClusterImpl (MiniOzoneClusterImpl.java:lambda$waitForClusterToBeReady$0(147)) - Waiting for cluster to be ready. Got 0 of 10 DN Heartbeats.
2019-09-25 05:32:12,121 [IPC Server handler 7 on 44211] INFO  net.NetworkTopology (NetworkTopologyImpl.java:add(111)) - Added a new node: /rack1/6e6c9191-5fdc-46cc-a3da-68b55b7be5a5
2019-09-25 05:32:12,124 [IPC Server handler 7 on 44211] INFO  node.SCMNodeManager (SCMNodeManager.java:register(266)) - Registered Data node : 6e6c9191-5fdc-46cc-a3da-68b55b7be5a5{ip: 192.168.36.126, host: pr-hdds-2174-pqx5g-486351168, networkLocation: /rack1, certSerialId: null}
2019-09-25 05:32:12,125 [EventQueue-NodeRegistrationContainerReportForDataNodeSafeModeRule] INFO  safemode.SCMSafeModeManager (DataNodeSafeModeRule.java:process(71)) - SCM in safe mode. 1 DataNodes registered, 1 required.
2019-09-25 05:32:12,131 [EventQueue-NodeRegistrationContainerReportForDataNodeSafeModeRule] INFO  safemode.SCMSafeModeManager (SCMSafeModeManager.java:validateSafeModeExitRules(177)) - ScmSafeModeManager, all rules are successfully validated
2019-09-25 05:32:12,131 [EventQueue-NodeRegistrationContainerReportForDataNodeSafeModeRule] INFO  safemode.SCMSafeModeManager (SCMSafeModeManager.java:exitSafeMode(193)) - SCM exiting safe mode.
2019-09-25 05:32:12,210 [IPC Server handler 8 on 44211] INFO  net.NetworkTopology (NetworkTopologyImpl.java:add(111)) - Added a new node: /rack1/74c765d4-ecbc-4161-b0d3-3f71a54c17e6
2019-09-25 05:32:12,210 [IPC Server handler 8 on 44211] INFO  node.SCMNodeManager (SCMNodeManager.java:register(266)) - Registered Data node : 74c765d4-ecbc-4161-b0d3-3f71a54c17e6{ip: 192.168.36.126, host: pr-hdds-2174-pqx5g-486351168, networkLocation: /rack1, certSerialId: null}
2019-09-25 05:32:12,228 [grpc-default-executor-0] INFO  impl.RaftServerProxy (RaftServerProxy.java:addNew(89)) - 6e6c9191-5fdc-46cc-a3da-68b55b7be5a5: addNew group-06AEE3B7E212:[6e6c9191-5fdc-46cc-a3da-68b55b7be5a5:192.168.36.126:41245] returns group-06AEE3B7E212:java.util.concurrent.CompletableFuture@7ae1ad92[Not completed]
2019-09-25 05:32:12,230 [pool-149-thread-1] INFO  impl.RaftServerImpl (RaftServerImpl.java:<init>(95)) - 6e6c9191-5fdc-46cc-a3da-68b55b7be5a5: new RaftServerImpl for group-06AEE3B7E212:[6e6c9191-5fdc-46cc-a3da-68b55b7be5a5:192.168.36.126:41245] with ContainerStateMachine:uninitialized
2019-09-25 05:32:12,230 [pool-149-thread-1] INFO  server.RaftServerConfigKeys (ConfUtils.java:logGet(43)) - raft.server.rpc.timeout.min = 1s (custom)
2019-09-25 05:32:12,231 [pool-149-thread-1] INFO  server.RaftServerConfigKeys (ConfUtils.java:logGet(43)) - raft.server.rpc.timeout.max = 1200ms (custom)
2019-09-25 05:32:12,231 [pool-149-thread-1] INFO  server.RaftServerConfigKeys (ConfUtils.java:logGet(43)) - raft.server.rpcslowness.timeout = 120s (custom)
2019-09-25 05:32:12,231 [pool-149-thread-1] INFO  server.RaftServerConfigKeys (ConfUtils.java:logGet(43)) - raft.server.sleep.deviation.threshold = 300 (default)
2019-09-25 05:32:12,231 [pool-149-thread-1] INFO  server.RaftServerConfigKeys (ConfUtils.java:logGet(43)) - raft.server.log.appender.install.snapshot.enabled = false (custom)
2019-09-25 05:32:12,231 [pool-149-thread-1] INFO  impl.RaftServerImpl (ServerState.java:<init>(103)) - 6e6c9191-5fdc-46cc-a3da-68b55b7be5a5@group-06AEE3B7E212: ConfigurationManager, init=-1: [6e6c9191-5fdc-46cc-a3da-68b55b7be5a5:192.168.36.126:41245], old=null, confs=<EMPTY_MAP>
2019-09-25 05:32:12,231 [pool-149-thread-1] INFO  server.RaftServerConfigKeys (ConfUtils.java:logGet(43)) - raft.server.storage.dir = [/workdir/hadoop-ozone/integration-test/target/test-dir/MiniOzoneClusterImpl-c3eb0697-53d0-4f00-8b35-781957cf75c5/datanode-0/data/ratis] (custom)
2019-09-25 05:32:12,232 [pool-149-thread-1] INFO  storage.RaftStorageDirectory (RaftStorageDirectory.java:analyzeStorage(246)) - The storage directory /workdir/hadoop-ozone/integration-test/target/test-dir/MiniOzoneClusterImpl-c3eb0697-53d0-4f00-8b35-781957cf75c5/datanode-0/data/ratis/43072875-0756-4d5c-b8aa-06aee3b7e212 does not exist. Creating ...
2019-09-25 05:32:12,275 [IPC Server handler 9 on 44211] INFO  net.NetworkTopology (NetworkTopologyImpl.java:add(111)) - Added a new node: /rack1/8ffa0edf-3bee-4748-91ab-c75ab538701e
2019-09-25 05:32:12,276 [IPC Server handler 9 on 44211] INFO  node.SCMNodeManager (SCMNodeManager.java:register(266)) - Registered Data node : 8ffa0edf-3bee-4748-91ab-c75ab538701e{ip: 192.168.36.126, host: pr-hdds-2174-pqx5g-486351168, networkLocation: /rack1, certSerialId: null}
2019-09-25 05:32:12,364 [IPC Server handler 1 on 44211] INFO  net.NetworkTopology (NetworkTopologyImpl.java:add(111)) - Added a new node: /rack1/12cd0c97-055c-46cb-8e0e-2d74ce300cdd
2019-09-25 05:32:12,365 [IPC Server handler 1 on 44211] INFO  node.SCMNodeManager (SCMNodeManager.java:register(266)) - Registered Data node : 12cd0c97-055c-46cb-8e0e-2d74ce300cdd{ip: 192.168.36.126, host: pr-hdds-2174-pqx5g-486351168, networkLocation: /rack1, certSerialId: null}
2019-09-25 05:32:12,434 [IPC Server handler 3 on 44211] INFO  net.NetworkTopology (NetworkTopologyImpl.java:add(111)) - Added a new node: /rack1/718f5985-af6b-46f0-b376-36c68e33e3c2
2019-09-25 05:32:12,435 [IPC Server handler 3 on 44211] INFO  node.SCMNodeManager (SCMNodeManager.java:register(266)) - Registered Data node : 718f5985-af6b-46f0-b376-36c68e33e3c2{ip: 192.168.36.126, host: pr-hdds-2174-pqx5g-486351168, networkLocation: /rack1, certSerialId: null}
2019-09-25 05:32:12,520 [IPC Server handler 4 on 44211] INFO  net.NetworkTopology (NetworkTopologyImpl.java:add(111)) - Added a new node: /rack1/7d339ff4-0353-45b5-a855-49faf6b9a877
2019-09-25 05:32:12,520 [IPC Server handler 4 on 44211] INFO  node.SCMNodeManager (SCMNodeManager.java:register(266)) - Registered Data node : 7d339ff4-0353-45b5-a855-49faf6b9a877{ip: 192.168.36.126, host: pr-hdds-2174-pqx5g-486351168, networkLocation: /rack1, certSerialId: null}
2019-09-25 05:32:12,581 [IPC Server handler 5 on 44211] INFO  net.NetworkTopology (NetworkTopologyImpl.java:add(111)) - Added a new node: /rack1/d0b7d3d5-2505-499d-82ef-1434210a844c
2019-09-25 05:32:12,582 [IPC Server handler 5 on 44211] INFO  node.SCMNodeManager (SCMNodeManager.java:register(266)) - Registered Data node : d0b7d3d5-2505-499d-82ef-1434210a844c{ip: 192.168.36.126, host: pr-hdds-2174-pqx5g-486351168, networkLocation: /rack1, certSerialId: null}
2019-09-25 05:32:12,626 [pool-149-thread-1] INFO  storage.RaftStorageDirectory (RaftStorageDirectory.java:tryLock(328)) - Lock on /workdir/hadoop-ozone/integration-test/target/test-dir/MiniOzoneClusterImpl-c3eb0697-53d0-4f00-8b35-781957cf75c5/datanode-0/data/ratis/43072875-0756-4d5c-b8aa-06aee3b7e212/in_use.lock acquired by nodename 16102@pr-hdds-2174-pqx5g-486351168
2019-09-25 05:32:12,654 [IPC Server handler 2 on 44211] INFO  net.NetworkTopology (NetworkTopologyImpl.java:add(111)) - Added a new node: /rack1/390bf82a-25de-4c58-bd2d-fdd6c5384873
2019-09-25 05:32:12,654 [IPC Server handler 2 on 44211] INFO  node.SCMNodeManager (SCMNodeManager.java:register(266)) - Registered Data node : 390bf82a-25de-4c58-bd2d-fdd6c5384873{ip: 192.168.36.126, host: pr-hdds-2174-pqx5g-486351168, networkLocation: /rack1, certSerialId: null}
2019-09-25 05:32:12,732 [IPC Server handler 6 on 44211] INFO  net.NetworkTopology (NetworkTopologyImpl.java:add(111)) - Added a new node: /rack1/e40b1169-82c6-4268-9b48-d611605c3b5d
2019-09-25 05:32:12,732 [IPC Server handler 6 on 44211] INFO  node.SCMNodeManager (SCMNodeManager.java:register(266)) - Registered Data node : e40b1169-82c6-4268-9b48-d611605c3b5d{ip: 192.168.36.126, host: pr-hdds-2174-pqx5g-486351168, networkLocation: /rack1, certSerialId: null}
2019-09-25 05:32:12,797 [main] INFO  ozone.MiniOzoneClusterImpl (MiniOzoneClusterImpl.java:lambda$waitForClusterToBeReady$0(147)) - Waiting for cluster to be ready. Got 9 of 10 DN Heartbeats.
2019-09-25 05:32:12,797 [IPC Server handler 7 on 44211] INFO  net.NetworkTopology (NetworkTopologyImpl.java:add(111)) - Added a new node: /rack1/07d2a3d4-a08d-4ff2-9fee-7694a26bc9e9
2019-09-25 05:32:12,797 [IPC Server handler 7 on 44211] INFO  node.SCMNodeManager (SCMNodeManager.java:register(266)) - Registered Data node : 07d2a3d4-a08d-4ff2-9fee-7694a26bc9e9{ip: 192.168.36.126, host: pr-hdds-2174-pqx5g-486351168, networkLocation: /rack1, certSerialId: null}
2019-09-25 05:32:13,797 [main] INFO  ozone.MiniOzoneClusterImpl (MiniOzoneClusterImpl.java:lambda$waitForClusterToBeReady$0(147)) - Cluster is ready. Got 10 of 10 DN Heartbeats.
2019-09-25 05:32:13,841 [main] INFO  rpc.RpcClient (RpcClient.java:createVolume(276)) - Creating Volume: datanodefailurehandlingtest, with jenkins1000 as owner.
2019-09-25 05:32:13,844 [IPC Server handler 2 on 43473] INFO  volume.OMVolumeCreateRequest (OMVolumeCreateRequest.java:validateAndUpdateCache(194)) - created volume:datanodefailurehandlingtest for user:jenkins1000
2019-09-25 05:32:13,868 [main] INFO  rpc.RpcClient (RpcClient.java:createBucket(415)) - Creating Bucket: datanodefailurehandlingtest/datanodefailurehandlingtest, with Versioning false and Storage Type set to DISK and Encryption set to false 
2019-09-25 05:32:15,133 [Thread-1653] INFO  container.ReplicationManager (ReplicationManager.java:start(162)) - Starting Replication Monitor Thread.
2019-09-25 05:32:15,138 [ReplicationMonitor] INFO  container.ReplicationManager (ReplicationManager.java:run(225)) - Replication Monitor Thread took 0 milliseconds for processing 0 containers.
2019-09-25 05:32:15,139 [RATISCREATEPIPELINE1] ERROR pipeline.RatisPipelineProvider (RatisPipelineProvider.java:lambda$null$5(235)) - Failed invoke Ratis rpc org.apache.hadoop.hdds.scm.pipeline.RatisPipelineProvider$$Lambda$227/594670972@20cc5c31 for 6e6c9191-5fdc-46cc-a3da-68b55b7be5a5
org.apache.ratis.protocol.TimeoutIOException: deadline exceeded after 2925185678ns
	at org.apache.ratis.grpc.GrpcUtil.tryUnwrapException(GrpcUtil.java:82)
	at org.apache.ratis.grpc.GrpcUtil.unwrapException(GrpcUtil.java:75)
	at org.apache.ratis.grpc.client.GrpcClientProtocolClient.blockingCall(GrpcClientProtocolClient.java:178)
	at org.apache.ratis.grpc.client.GrpcClientProtocolClient.groupAdd(GrpcClientProtocolClient.java:147)
	at org.apache.ratis.grpc.client.GrpcClientRpc.sendRequest(GrpcClientRpc.java:94)
	at org.apache.ratis.client.impl.RaftClientImpl.sendRequest(RaftClientImpl.java:278)
	at org.apache.ratis.client.impl.RaftClientImpl.groupAdd(RaftClientImpl.java:205)
	at org.apache.hadoop.hdds.scm.pipeline.RatisPipelineProvider.lambda$initializePipeline$4(RatisPipelineProvider.java:196)
	at org.apache.hadoop.hdds.scm.pipeline.RatisPipelineProvider.lambda$null$5(RatisPipelineProvider.java:231)
	at java.util.stream.ForEachOps$ForEachOp$OfRef.accept(ForEachOps.java:184)
	at java.util.ArrayList$ArrayListSpliterator.forEachRemaining(ArrayList.java:1382)
	at java.util.stream.AbstractPipeline.copyInto(AbstractPipeline.java:482)
	at java.util.stream.ForEachOps$ForEachTask.compute(ForEachOps.java:291)
	at java.util.concurrent.CountedCompleter.exec(CountedCompleter.java:731)
	at java.util.concurrent.ForkJoinTask.doExec(ForkJoinTask.java:289)
	at java.util.concurrent.ForkJoinTask.doInvoke(ForkJoinTask.java:401)
	at java.util.concurrent.ForkJoinTask.invoke(ForkJoinTask.java:734)
	at java.util.stream.ForEachOps$ForEachOp.evaluateParallel(ForEachOps.java:160)
	at java.util.stream.ForEachOps$ForEachOp$OfRef.evaluateParallel(ForEachOps.java:174)
	at java.util.stream.AbstractPipeline.evaluate(AbstractPipeline.java:233)
	at java.util.stream.ReferencePipeline.forEach(ReferencePipeline.java:418)
	at java.util.stream.ReferencePipeline$Head.forEach(ReferencePipeline.java:583)
	at org.apache.hadoop.hdds.scm.pipeline.RatisPipelineProvider.lambda$callRatisRpc$6(RatisPipelineProvider.java:225)
	at java.util.concurrent.ForkJoinTask$AdaptedRunnableAction.exec(ForkJoinTask.java:1386)
	at java.util.concurrent.ForkJoinTask.doExec(ForkJoinTask.java:289)
	at java.util.concurrent.ForkJoinPool$WorkQueue.runTask(ForkJoinPool.java:1056)
	at java.util.concurrent.ForkJoinPool.runWorker(ForkJoinPool.java:1692)
	at java.util.concurrent.ForkJoinWorkerThread.run(ForkJoinWorkerThread.java:157)
Caused by: org.apache.ratis.thirdparty.io.grpc.StatusRuntimeException: DEADLINE_EXCEEDED: deadline exceeded after 2925185678ns
	at org.apache.ratis.thirdparty.io.grpc.stub.ClientCalls.toStatusRuntimeException(ClientCalls.java:233)
	at org.apache.ratis.thirdparty.io.grpc.stub.ClientCalls.getUnchecked(ClientCalls.java:214)
	at org.apache.ratis.thirdparty.io.grpc.stub.ClientCalls.blockingUnaryCall(ClientCalls.java:139)
	at org.apache.ratis.proto.grpc.AdminProtocolServiceGrpc$AdminProtocolServiceBlockingStub.groupManagement(AdminProtocolServiceGrpc.java:274)
	at org.apache.ratis.grpc.client.GrpcClientProtocolClient.lambda$groupAdd$3(GrpcClientProtocolClient.java:149)
	at org.apache.ratis.grpc.client.GrpcClientProtocolClient.blockingCall(GrpcClientProtocolClient.java:176)
	... 25 more
2019-09-25 05:32:15,192 [grpc-default-executor-0] INFO  impl.RaftServerProxy (RaftServerProxy.java:addNew(89)) - 718f5985-af6b-46f0-b376-36c68e33e3c2: addNew group-FABB21EF17C7:[07d2a3d4-a08d-4ff2-9fee-7694a26bc9e9:192.168.36.126:42527, 718f5985-af6b-46f0-b376-36c68e33e3c2:192.168.36.126:33516, 7d339ff4-0353-45b5-a855-49faf6b9a877:192.168.36.126:33810] returns group-FABB21EF17C7:java.util.concurrent.CompletableFuture@6d34ffd4[Not completed]
2019-09-25 05:32:15,192 [grpc-default-executor-2] INFO  impl.RaftServerProxy (RaftServerProxy.java:addNew(89)) - 7d339ff4-0353-45b5-a855-49faf6b9a877: addNew group-FABB21EF17C7:[07d2a3d4-a08d-4ff2-9fee-7694a26bc9e9:192.168.36.126:42527, 718f5985-af6b-46f0-b376-36c68e33e3c2:192.168.36.126:33516, 7d339ff4-0353-45b5-a855-49faf6b9a877:192.168.36.126:33810] returns group-FABB21EF17C7:java.util.concurrent.CompletableFuture@7e0b7ea2[Not completed]
2019-09-25 05:32:15,424 [grpc-default-executor-1] INFO  impl.RaftServerProxy (RaftServerProxy.java:addNew(89)) - 07d2a3d4-a08d-4ff2-9fee-7694a26bc9e9: addNew group-FABB21EF17C7:[07d2a3d4-a08d-4ff2-9fee-7694a26bc9e9:192.168.36.126:42527, 718f5985-af6b-46f0-b376-36c68e33e3c2:192.168.36.126:33516, 7d339ff4-0353-45b5-a855-49faf6b9a877:192.168.36.126:33810] returns group-FABB21EF17C7:java.util.concurrent.CompletableFuture@7104df47[Not completed]
2019-09-25 05:32:15,425 [pool-189-thread-1] INFO  impl.RaftServerImpl (RaftServerImpl.java:<init>(95)) - 718f5985-af6b-46f0-b376-36c68e33e3c2: new RaftServerImpl for group-FABB21EF17C7:[07d2a3d4-a08d-4ff2-9fee-7694a26bc9e9:192.168.36.126:42527, 718f5985-af6b-46f0-b376-36c68e33e3c2:192.168.36.126:33516, 7d339ff4-0353-45b5-a855-49faf6b9a877:192.168.36.126:33810] with ContainerStateMachine:uninitialized
2019-09-25 05:32:15,425 [pool-189-thread-1] INFO  server.RaftServerConfigKeys (ConfUtils.java:logGet(43)) - raft.server.rpc.timeout.min = 1s (custom)
2019-09-25 05:32:15,425 [pool-189-thread-1] INFO  server.RaftServerConfigKeys (ConfUtils.java:logGet(43)) - raft.server.rpc.timeout.max = 1200ms (custom)
2019-09-25 05:32:15,425 [pool-189-thread-1] INFO  server.RaftServerConfigKeys (ConfUtils.java:logGet(43)) - raft.server.rpcslowness.timeout = 120s (custom)
2019-09-25 05:32:15,425 [pool-189-thread-1] INFO  server.RaftServerConfigKeys (ConfUtils.java:logGet(43)) - raft.server.sleep.deviation.threshold = 300 (default)
2019-09-25 05:32:15,426 [pool-239-thread-1] INFO  impl.RaftServerImpl (RaftServerImpl.java:<init>(95)) - 07d2a3d4-a08d-4ff2-9fee-7694a26bc9e9: new RaftServerImpl for group-FABB21EF17C7:[07d2a3d4-a08d-4ff2-9fee-7694a26bc9e9:192.168.36.126:42527, 718f5985-af6b-46f0-b376-36c68e33e3c2:192.168.36.126:33516, 7d339ff4-0353-45b5-a855-49faf6b9a877:192.168.36.126:33810] with ContainerStateMachine:uninitialized
2019-09-25 05:32:15,426 [pool-189-thread-1] INFO  server.RaftServerConfigKeys (ConfUtils.java:logGet(43)) - raft.server.log.appender.install.snapshot.enabled = false (custom)
2019-09-25 05:32:15,426 [pool-239-thread-1] INFO  server.RaftServerConfigKeys (ConfUtils.java:logGet(43)) - raft.server.rpc.timeout.min = 1s (custom)
2019-09-25 05:32:15,426 [pool-189-thread-1] INFO  impl.RaftServerImpl (ServerState.java:<init>(103)) - 718f5985-af6b-46f0-b376-36c68e33e3c2@group-FABB21EF17C7: ConfigurationManager, init=-1: [07d2a3d4-a08d-4ff2-9fee-7694a26bc9e9:192.168.36.126:42527, 718f5985-af6b-46f0-b376-36c68e33e3c2:192.168.36.126:33516, 7d339ff4-0353-45b5-a855-49faf6b9a877:192.168.36.126:33810], old=null, confs=<EMPTY_MAP>
2019-09-25 05:32:15,426 [pool-239-thread-1] INFO  server.RaftServerConfigKeys (ConfUtils.java:logGet(43)) - raft.server.rpc.timeout.max = 1200ms (custom)
2019-09-25 05:32:15,426 [pool-199-thread-1] INFO  impl.RaftServerImpl (RaftServerImpl.java:<init>(95)) - 7d339ff4-0353-45b5-a855-49faf6b9a877: new RaftServerImpl for group-FABB21EF17C7:[07d2a3d4-a08d-4ff2-9fee-7694a26bc9e9:192.168.36.126:42527, 718f5985-af6b-46f0-b376-36c68e33e3c2:192.168.36.126:33516, 7d339ff4-0353-45b5-a855-49faf6b9a877:192.168.36.126:33810] with ContainerStateMachine:uninitialized
2019-09-25 05:32:15,426 [pool-189-thread-1] INFO  server.RaftServerConfigKeys (ConfUtils.java:logGet(43)) - raft.server.storage.dir = [/workdir/hadoop-ozone/integration-test/target/test-dir/MiniOzoneClusterImpl-c3eb0697-53d0-4f00-8b35-781957cf75c5/datanode-4/data/ratis] (custom)
2019-09-25 05:32:15,426 [pool-199-thread-1] INFO  server.RaftServerConfigKeys (ConfUtils.java:logGet(43)) - raft.server.rpc.timeout.min = 1s (custom)
2019-09-25 05:32:15,426 [pool-239-thread-1] INFO  server.RaftServerConfigKeys (ConfUtils.java:logGet(43)) - raft.server.rpcslowness.timeout = 120s (custom)
2019-09-25 05:32:15,427 [pool-189-thread-1] INFO  storage.RaftStorageDirectory (RaftStorageDirectory.java:analyzeStorage(246)) - The storage directory /workdir/hadoop-ozone/integration-test/target/test-dir/MiniOzoneClusterImpl-c3eb0697-53d0-4f00-8b35-781957cf75c5/datanode-4/data/ratis/558a23bf-297b-40c2-9748-fabb21ef17c7 does not exist. Creating ...
2019-09-25 05:32:15,427 [pool-199-thread-1] INFO  server.RaftServerConfigKeys (ConfUtils.java:logGet(43)) - raft.server.rpc.timeout.max = 1200ms (custom)
2019-09-25 05:32:15,427 [pool-239-thread-1] INFO  server.RaftServerConfigKeys (ConfUtils.java:logGet(43)) - raft.server.sleep.deviation.threshold = 300 (default)
2019-09-25 05:32:15,427 [pool-199-thread-1] INFO  server.RaftServerConfigKeys (ConfUtils.java:logGet(43)) - raft.server.rpcslowness.timeout = 120s (custom)
2019-09-25 05:32:15,427 [pool-239-thread-1] INFO  server.RaftServerConfigKeys (ConfUtils.java:logGet(43)) - raft.server.log.appender.install.snapshot.enabled = false (custom)
2019-09-25 05:32:15,427 [pool-199-thread-1] INFO  server.RaftServerConfigKeys (ConfUtils.java:logGet(43)) - raft.server.sleep.deviation.threshold = 300 (default)
2019-09-25 05:32:15,427 [pool-239-thread-1] INFO  impl.RaftServerImpl (ServerState.java:<init>(103)) - 07d2a3d4-a08d-4ff2-9fee-7694a26bc9e9@group-FABB21EF17C7: ConfigurationManager, init=-1: [07d2a3d4-a08d-4ff2-9fee-7694a26bc9e9:192.168.36.126:42527, 718f5985-af6b-46f0-b376-36c68e33e3c2:192.168.36.126:33516, 7d339ff4-0353-45b5-a855-49faf6b9a877:192.168.36.126:33810], old=null, confs=<EMPTY_MAP>
2019-09-25 05:32:15,427 [pool-199-thread-1] INFO  server.RaftServerConfigKeys (ConfUtils.java:logGet(43)) - raft.server.log.appender.install.snapshot.enabled = false (custom)
2019-09-25 05:32:15,428 [pool-239-thread-1] INFO  server.RaftServerConfigKeys (ConfUtils.java:logGet(43)) - raft.server.storage.dir = [/workdir/hadoop-ozone/integration-test/target/test-dir/MiniOzoneClusterImpl-c3eb0697-53d0-4f00-8b35-781957cf75c5/datanode-9/data/ratis] (custom)
2019-09-25 05:32:15,428 [pool-199-thread-1] INFO  impl.RaftServerImpl (ServerState.java:<init>(103)) - 7d339ff4-0353-45b5-a855-49faf6b9a877@group-FABB21EF17C7: ConfigurationManager, init=-1: [07d2a3d4-a08d-4ff2-9fee-7694a26bc9e9:192.168.36.126:42527, 718f5985-af6b-46f0-b376-36c68e33e3c2:192.168.36.126:33516, 7d339ff4-0353-45b5-a855-49faf6b9a877:192.168.36.126:33810], old=null, confs=<EMPTY_MAP>
2019-09-25 05:32:15,428 [pool-199-thread-1] INFO  server.RaftServerConfigKeys (ConfUtils.java:logGet(43)) - raft.server.storage.dir = [/workdir/hadoop-ozone/integration-test/target/test-dir/MiniOzoneClusterImpl-c3eb0697-53d0-4f00-8b35-781957cf75c5/datanode-5/data/ratis] (custom)
2019-09-25 05:32:15,428 [pool-239-thread-1] INFO  storage.RaftStorageDirectory (RaftStorageDirectory.java:analyzeStorage(246)) - The storage directory /workdir/hadoop-ozone/integration-test/target/test-dir/MiniOzoneClusterImpl-c3eb0697-53d0-4f00-8b35-781957cf75c5/datanode-9/data/ratis/558a23bf-297b-40c2-9748-fabb21ef17c7 does not exist. Creating ...
2019-09-25 05:32:15,428 [pool-199-thread-1] INFO  storage.RaftStorageDirectory (RaftStorageDirectory.java:analyzeStorage(246)) - The storage directory /workdir/hadoop-ozone/integration-test/target/test-dir/MiniOzoneClusterImpl-c3eb0697-53d0-4f00-8b35-781957cf75c5/datanode-5/data/ratis/558a23bf-297b-40c2-9748-fabb21ef17c7 does not exist. Creating ...
2019-09-25 05:32:18,171 [RATISCREATEPIPELINE1] ERROR pipeline.RatisPipelineProvider (RatisPipelineProvider.java:lambda$null$5(235)) - Failed invoke Ratis rpc org.apache.hadoop.hdds.scm.pipeline.RatisPipelineProvider$$Lambda$227/594670972@48cc3990 for 7d339ff4-0353-45b5-a855-49faf6b9a877
org.apache.ratis.protocol.TimeoutIOException: deadline exceeded after 2999733947ns
	at org.apache.ratis.grpc.GrpcUtil.tryUnwrapException(GrpcUtil.java:82)
	at org.apache.ratis.grpc.GrpcUtil.unwrapException(GrpcUtil.java:75)
	at org.apache.ratis.grpc.client.GrpcClientProtocolClient.blockingCall(GrpcClientProtocolClient.java:178)
	at org.apache.ratis.grpc.client.GrpcClientProtocolClient.groupAdd(GrpcClientProtocolClient.java:147)
	at org.apache.ratis.grpc.client.GrpcClientRpc.sendRequest(GrpcClientRpc.java:94)
	at org.apache.ratis.client.impl.RaftClientImpl.sendRequest(RaftClientImpl.java:278)
	at org.apache.ratis.client.impl.RaftClientImpl.groupAdd(RaftClientImpl.java:205)
	at org.apache.hadoop.hdds.scm.pipeline.RatisPipelineProvider.lambda$initializePipeline$4(RatisPipelineProvider.java:196)
	at org.apache.hadoop.hdds.scm.pipeline.RatisPipelineProvider.lambda$null$5(RatisPipelineProvider.java:231)
	at java.util.stream.ForEachOps$ForEachOp$OfRef.accept(ForEachOps.java:184)
	at java.util.ArrayList$ArrayListSpliterator.forEachRemaining(ArrayList.java:1382)
	at java.util.stream.AbstractPipeline.copyInto(AbstractPipeline.java:482)
	at java.util.stream.ForEachOps$ForEachTask.compute(ForEachOps.java:291)
	at java.util.concurrent.CountedCompleter.exec(CountedCompleter.java:731)
	at java.util.concurrent.ForkJoinTask.doExec(ForkJoinTask.java:289)
	at java.util.concurrent.ForkJoinTask.doInvoke(ForkJoinTask.java:401)
	at java.util.concurrent.ForkJoinTask.invoke(ForkJoinTask.java:734)
	at java.util.stream.ForEachOps$ForEachOp.evaluateParallel(ForEachOps.java:160)
	at java.util.stream.ForEachOps$ForEachOp$OfRef.evaluateParallel(ForEachOps.java:174)
	at java.util.stream.AbstractPipeline.evaluate(AbstractPipeline.java:233)
	at java.util.stream.ReferencePipeline.forEach(ReferencePipeline.java:418)
	at java.util.stream.ReferencePipeline$Head.forEach(ReferencePipeline.java:583)
	at org.apache.hadoop.hdds.scm.pipeline.RatisPipelineProvider.lambda$callRatisRpc$6(RatisPipelineProvider.java:225)
	at java.util.concurrent.ForkJoinTask$AdaptedRunnableAction.exec(ForkJoinTask.java:1386)
	at java.util.concurrent.ForkJoinTask.doExec(ForkJoinTask.java:289)
	at java.util.concurrent.ForkJoinPool$WorkQueue.runTask(ForkJoinPool.java:1056)
	at java.util.concurrent.ForkJoinPool.runWorker(ForkJoinPool.java:1692)
	at java.util.concurrent.ForkJoinWorkerThread.run(ForkJoinWorkerThread.java:157)
Caused by: org.apache.ratis.thirdparty.io.grpc.StatusRuntimeException: DEADLINE_EXCEEDED: deadline exceeded after 2999733947ns
	at org.apache.ratis.thirdparty.io.grpc.stub.ClientCalls.toStatusRuntimeException(ClientCalls.java:233)
	at org.apache.ratis.thirdparty.io.grpc.stub.ClientCalls.getUnchecked(ClientCalls.java:214)
	at org.apache.ratis.thirdparty.io.grpc.stub.ClientCalls.blockingUnaryCall(ClientCalls.java:139)
	at org.apache.ratis.proto.grpc.AdminProtocolServiceGrpc$AdminProtocolServiceBlockingStub.groupManagement(AdminProtocolServiceGrpc.java:274)
	at org.apache.ratis.grpc.client.GrpcClientProtocolClient.lambda$groupAdd$3(GrpcClientProtocolClient.java:149)
	at org.apache.ratis.grpc.client.GrpcClientProtocolClient.blockingCall(GrpcClientProtocolClient.java:176)
	... 25 more
2019-09-25 05:32:18,175 [RATISCREATEPIPELINE3] ERROR pipeline.RatisPipelineProvider (RatisPipelineProvider.java:lambda$null$5(235)) - Failed invoke Ratis rpc org.apache.hadoop.hdds.scm.pipeline.RatisPipelineProvider$$Lambda$227/594670972@48cc3990 for 07d2a3d4-a08d-4ff2-9fee-7694a26bc9e9
org.apache.ratis.protocol.TimeoutIOException: deadline exceeded after 2999756874ns
	at org.apache.ratis.grpc.GrpcUtil.tryUnwrapException(GrpcUtil.java:82)
	at org.apache.ratis.grpc.GrpcUtil.unwrapException(GrpcUtil.java:75)
	at org.apache.ratis.grpc.client.GrpcClientProtocolClient.blockingCall(GrpcClientProtocolClient.java:178)
	at org.apache.ratis.grpc.client.GrpcClientProtocolClient.groupAdd(GrpcClientProtocolClient.java:147)
	at org.apache.ratis.grpc.client.GrpcClientRpc.sendRequest(GrpcClientRpc.java:94)
	at org.apache.ratis.client.impl.RaftClientImpl.sendRequest(RaftClientImpl.java:278)
	at org.apache.ratis.client.impl.RaftClientImpl.groupAdd(RaftClientImpl.java:205)
	at org.apache.hadoop.hdds.scm.pipeline.RatisPipelineProvider.lambda$initializePipeline$4(RatisPipelineProvider.java:196)
	at org.apache.hadoop.hdds.scm.pipeline.RatisPipelineProvider.lambda$null$5(RatisPipelineProvider.java:231)
	at java.util.stream.ForEachOps$ForEachOp$OfRef.accept(ForEachOps.java:184)
	at java.util.ArrayList$ArrayListSpliterator.forEachRemaining(ArrayList.java:1382)
	at java.util.stream.AbstractPipeline.copyInto(AbstractPipeline.java:482)
	at java.util.stream.ForEachOps$ForEachTask.compute(ForEachOps.java:291)
	at java.util.concurrent.CountedCompleter.exec(CountedCompleter.java:731)
	at java.util.concurrent.ForkJoinTask.doExec(ForkJoinTask.java:289)
	at java.util.concurrent.ForkJoinPool$WorkQueue.runTask(ForkJoinPool.java:1056)
	at java.util.concurrent.ForkJoinPool.runWorker(ForkJoinPool.java:1692)
	at java.util.concurrent.ForkJoinWorkerThread.run(ForkJoinWorkerThread.java:157)
Caused by: org.apache.ratis.thirdparty.io.grpc.StatusRuntimeException: DEADLINE_EXCEEDED: deadline exceeded after 2999756874ns
	at org.apache.ratis.thirdparty.io.grpc.stub.ClientCalls.toStatusRuntimeException(ClientCalls.java:233)
	at org.apache.ratis.thirdparty.io.grpc.stub.ClientCalls.getUnchecked(ClientCalls.java:214)
	at org.apache.ratis.thirdparty.io.grpc.stub.ClientCalls.blockingUnaryCall(ClientCalls.java:139)
	at org.apache.ratis.proto.grpc.AdminProtocolServiceGrpc$AdminProtocolServiceBlockingStub.groupManagement(AdminProtocolServiceGrpc.java:274)
	at org.apache.ratis.grpc.client.GrpcClientProtocolClient.lambda$groupAdd$3(GrpcClientProtocolClient.java:149)
	at org.apache.ratis.grpc.client.GrpcClientProtocolClient.blockingCall(GrpcClientProtocolClient.java:176)
	... 15 more
2019-09-25 05:32:18,171 [RATISCREATEPIPELINE2] ERROR pipeline.RatisPipelineProvider (RatisPipelineProvider.java:lambda$null$5(235)) - Failed invoke Ratis rpc org.apache.hadoop.hdds.scm.pipeline.RatisPipelineProvider$$Lambda$227/594670972@48cc3990 for 718f5985-af6b-46f0-b376-36c68e33e3c2
org.apache.ratis.protocol.TimeoutIOException: deadline exceeded after 2999503746ns
	at org.apache.ratis.grpc.GrpcUtil.tryUnwrapException(GrpcUtil.java:82)
	at org.apache.ratis.grpc.GrpcUtil.unwrapException(GrpcUtil.java:75)
	at org.apache.ratis.grpc.client.GrpcClientProtocolClient.blockingCall(GrpcClientProtocolClient.java:178)
	at org.apache.ratis.grpc.client.GrpcClientProtocolClient.groupAdd(GrpcClientProtocolClient.java:147)
	at org.apache.ratis.grpc.client.GrpcClientRpc.sendRequest(GrpcClientRpc.java:94)
	at org.apache.ratis.client.impl.RaftClientImpl.sendRequest(RaftClientImpl.java:278)
	at org.apache.ratis.client.impl.RaftClientImpl.groupAdd(RaftClientImpl.java:205)
	at org.apache.hadoop.hdds.scm.pipeline.RatisPipelineProvider.lambda$initializePipeline$4(RatisPipelineProvider.java:196)
	at org.apache.hadoop.hdds.scm.pipeline.RatisPipelineProvider.lambda$null$5(RatisPipelineProvider.java:231)
	at java.util.stream.ForEachOps$ForEachOp$OfRef.accept(ForEachOps.java:184)
	at java.util.ArrayList$ArrayListSpliterator.forEachRemaining(ArrayList.java:1382)
	at java.util.stream.AbstractPipeline.copyInto(AbstractPipeline.java:482)
	at java.util.stream.ForEachOps$ForEachTask.compute(ForEachOps.java:291)
	at java.util.concurrent.CountedCompleter.exec(CountedCompleter.java:731)
	at java.util.concurrent.ForkJoinTask.doExec(ForkJoinTask.java:289)
	at java.util.concurrent.ForkJoinPool$WorkQueue.runTask(ForkJoinPool.java:1056)
	at java.util.concurrent.ForkJoinPool.runWorker(ForkJoinPool.java:1692)
	at java.util.concurrent.ForkJoinWorkerThread.run(ForkJoinWorkerThread.java:157)
Caused by: org.apache.ratis.thirdparty.io.grpc.StatusRuntimeException: DEADLINE_EXCEEDED: deadline exceeded after 2999503746ns
	at org.apache.ratis.thirdparty.io.grpc.stub.ClientCalls.toStatusRuntimeException(ClientCalls.java:233)
	at org.apache.ratis.thirdparty.io.grpc.stub.ClientCalls.getUnchecked(ClientCalls.java:214)
	at org.apache.ratis.thirdparty.io.grpc.stub.ClientCalls.blockingUnaryCall(ClientCalls.java:139)
	at org.apache.ratis.proto.grpc.AdminProtocolServiceGrpc$AdminProtocolServiceBlockingStub.groupManagement(AdminProtocolServiceGrpc.java:274)
	at org.apache.ratis.grpc.client.GrpcClientProtocolClient.lambda$groupAdd$3(GrpcClientProtocolClient.java:149)
	at org.apache.ratis.grpc.client.GrpcClientProtocolClient.blockingCall(GrpcClientProtocolClient.java:176)
	... 15 more
2019-09-25 05:32:18,188 [grpc-default-executor-2] INFO  impl.RaftServerProxy (RaftServerProxy.java:addNew(89)) - 718f5985-af6b-46f0-b376-36c68e33e3c2: addNew group-64B83545FAEB:[718f5985-af6b-46f0-b376-36c68e33e3c2:192.168.36.126:33516] returns group-64B83545FAEB:java.util.concurrent.CompletableFuture@4f3f64d1[Not completed]
2019-09-25 05:32:20,583 [pool-189-thread-1] INFO  storage.RaftStorageDirectory (RaftStorageDirectory.java:tryLock(328)) - Lock on /workdir/hadoop-ozone/integration-test/target/test-dir/MiniOzoneClusterImpl-c3eb0697-53d0-4f00-8b35-781957cf75c5/datanode-4/data/ratis/558a23bf-297b-40c2-9748-fabb21ef17c7/in_use.lock acquired by nodename 16102@pr-hdds-2174-pqx5g-486351168
2019-09-25 05:32:20,583 [pool-199-thread-1] INFO  storage.RaftStorageDirectory (RaftStorageDirectory.java:tryLock(328)) - Lock on /workdir/hadoop-ozone/integration-test/target/test-dir/MiniOzoneClusterImpl-c3eb0697-53d0-4f00-8b35-781957cf75c5/datanode-5/data/ratis/558a23bf-297b-40c2-9748-fabb21ef17c7/in_use.lock acquired by nodename 16102@pr-hdds-2174-pqx5g-486351168
2019-09-25 05:32:20,583 [pool-239-thread-1] INFO  storage.RaftStorageDirectory (RaftStorageDirectory.java:tryLock(328)) - Lock on /workdir/hadoop-ozone/integration-test/target/test-dir/MiniOzoneClusterImpl-c3eb0697-53d0-4f00-8b35-781957cf75c5/datanode-9/data/ratis/558a23bf-297b-40c2-9748-fabb21ef17c7/in_use.lock acquired by nodename 16102@pr-hdds-2174-pqx5g-486351168
2019-09-25 05:32:20,583 [pool-149-thread-1] INFO  storage.RaftStorage (RaftStorage.java:format(72)) - Storage directory /workdir/hadoop-ozone/integration-test/target/test-dir/MiniOzoneClusterImpl-c3eb0697-53d0-4f00-8b35-781957cf75c5/datanode-0/data/ratis/43072875-0756-4d5c-b8aa-06aee3b7e212 has been successfully formatted.
2019-09-25 05:32:20,584 [pool-149-thread-1] INFO  ratis.ContainerStateMachine (ContainerStateMachine.java:loadSnapshot(230)) - group-06AEE3B7E212: The snapshot info is null. Setting the last applied indexto:(t:0, i:~)
2019-09-25 05:32:20,584 [pool-149-thread-1] INFO  server.RaftServerConfigKeys (ConfUtils.java:logGet(43)) - raft.server.notification.no-leader.timeout = 120s (custom)
2019-09-25 05:32:20,584 [pool-149-thread-1] INFO  server.RaftServerConfigKeys (ConfUtils.java:logGet(43)) - raft.server.log.use.memory = false (default)
2019-09-25 05:32:20,584 [pool-149-thread-1] INFO  server.RaftServerConfigKeys (ConfUtils.java:logGet(43)) - raft.server.log.purge.gap = 1000000 (custom)
2019-09-25 05:32:20,584 [pool-149-thread-1] INFO  server.RaftServerConfigKeys (ConfUtils.java:logGet(43)) - raft.server.log.appender.buffer.byte-limit = 33554432 (custom)
2019-09-25 05:32:20,585 [pool-149-thread-1] INFO  server.RaftServerConfigKeys (ConfUtils.java:logGet(43)) - raft.server.log.segment.size.max = 1048576 (custom)
2019-09-25 05:32:20,585 [pool-149-thread-1] INFO  server.RaftServerConfigKeys (ConfUtils.java:logGet(43)) - raft.server.log.segment.cache.num.max = 2 (custom)
2019-09-25 05:32:20,585 [pool-149-thread-1] INFO  segmented.SegmentedRaftLogWorker (SegmentedRaftLogWorker.java:<init>(172)) - new 6e6c9191-5fdc-46cc-a3da-68b55b7be5a5@group-06AEE3B7E212-SegmentedRaftLogWorker for RaftStorage:Storage Directory /workdir/hadoop-ozone/integration-test/target/test-dir/MiniOzoneClusterImpl-c3eb0697-53d0-4f00-8b35-781957cf75c5/datanode-0/data/ratis/43072875-0756-4d5c-b8aa-06aee3b7e212
2019-09-25 05:32:20,588 [pool-149-thread-1] INFO  server.RaftServerConfigKeys (ConfUtils.java:logGet(43)) - raft.server.log.queue.byte-limit = 2147483647 (custom)
2019-09-25 05:32:20,588 [pool-149-thread-1] INFO  server.RaftServerConfigKeys (ConfUtils.java:logGet(43)) - raft.server.log.queue.element-limit = 1024 (custom)
2019-09-25 05:32:20,589 [pool-149-thread-1] INFO  server.RaftServerConfigKeys (ConfUtils.java:logGet(43)) - raft.server.log.segment.size.max = 1048576 (custom)
2019-09-25 05:32:20,589 [pool-149-thread-1] INFO  server.RaftServerConfigKeys (ConfUtils.java:logGet(43)) - raft.server.log.preallocated.size = 16384 (custom)
2019-09-25 05:32:20,589 [pool-149-thread-1] INFO  server.RaftServerConfigKeys (ConfUtils.java:logGet(43)) - raft.server.log.write.buffer.size = 33554432 (custom)
2019-09-25 05:32:20,589 [pool-149-thread-1] INFO  server.RaftServerConfigKeys (ConfUtils.java:logGet(43)) - raft.server.log.force.sync.num = 128 (default)
2019-09-25 05:32:20,589 [pool-149-thread-1] INFO  server.RaftServerConfigKeys (ConfUtils.java:logGet(43)) - raft.server.log.statemachine.data.sync = true (default)
2019-09-25 05:32:20,590 [pool-149-thread-1] INFO  server.RaftServerConfigKeys (ConfUtils.java:logGet(43)) - raft.server.log.statemachine.data.sync.timeout = 10s (default)
2019-09-25 05:32:20,590 [pool-149-thread-1] INFO  server.RaftServerConfigKeys (ConfUtils.java:logGet(43)) - raft.server.log.statemachine.data.sync.timeout.retry = -1 (default)
2019-09-25 05:32:20,590 [pool-149-thread-1] INFO  server.RaftServerConfigKeys (ConfUtils.java:logGet(43)) - raft.server.log.statemachine.data.caching.enabled = true (custom)
2019-09-25 05:32:20,591 [pool-149-thread-1] INFO  segmented.SegmentedRaftLogWorker (SegmentedRaftLogWorker.java:lambda$new$0(132)) - 6e6c9191-5fdc-46cc-a3da-68b55b7be5a5@group-06AEE3B7E212-SegmentedRaftLogWorker: flushIndex: setUnconditionally 0 -> -1
2019-09-25 05:32:20,591 [pool-149-thread-1] INFO  server.RaftServerConfigKeys (ConfUtils.java:logGet(43)) - raft.server.snapshot.auto.trigger.enabled = true (custom)
2019-09-25 05:32:20,591 [pool-149-thread-1] INFO  server.RaftServerConfigKeys (ConfUtils.java:logGet(43)) - raft.server.snapshot.auto.trigger.threshold = 10000 (custom)
2019-09-25 05:32:20,591 [pool-149-thread-1] INFO  server.RaftServerConfigKeys (ConfUtils.java:logGet(43)) - raft.server.snapshot.retention.num.files = 5 (custom)
2019-09-25 05:32:20,591 [pool-149-thread-1] INFO  server.RaftServerConfigKeys (ConfUtils.java:logGet(43)) - raft.server.retrycache.expirytime = 600000ms (custom)
2019-09-25 05:32:20,594 [pool-149-thread-1] INFO  impl.RaftServerImpl (RaftServerImpl.java:start(185)) - 6e6c9191-5fdc-46cc-a3da-68b55b7be5a5@group-06AEE3B7E212: start as a follower, conf=-1: [6e6c9191-5fdc-46cc-a3da-68b55b7be5a5:192.168.36.126:41245], old=null
2019-09-25 05:32:20,595 [pool-149-thread-1] INFO  impl.RaftServerImpl (RaftServerImpl.java:setRole(174)) - 6e6c9191-5fdc-46cc-a3da-68b55b7be5a5@group-06AEE3B7E212: changes role from      null to FOLLOWER at term 0 for startAsFollower
2019-09-25 05:32:20,595 [pool-149-thread-1] INFO  impl.RoleInfo (RoleInfo.java:updateAndGet(143)) - 6e6c9191-5fdc-46cc-a3da-68b55b7be5a5: start FollowerState
2019-09-25 05:32:20,595 [pool-149-thread-1] INFO  util.JmxRegister (JmxRegister.java:tryRegister(44)) - Successfully registered JMX Bean with object name Ratis:service=RaftServer,group=group-06AEE3B7E212,id=6e6c9191-5fdc-46cc-a3da-68b55b7be5a5
2019-09-25 05:32:21,186 [RATISCREATEPIPELINE1] ERROR pipeline.RatisPipelineProvider (RatisPipelineProvider.java:lambda$null$5(235)) - Failed invoke Ratis rpc org.apache.hadoop.hdds.scm.pipeline.RatisPipelineProvider$$Lambda$227/594670972@24ac2772 for 718f5985-af6b-46f0-b376-36c68e33e3c2
org.apache.ratis.protocol.TimeoutIOException: deadline exceeded after 2999726967ns
	at org.apache.ratis.grpc.GrpcUtil.tryUnwrapException(GrpcUtil.java:82)
	at org.apache.ratis.grpc.GrpcUtil.unwrapException(GrpcUtil.java:75)
	at org.apache.ratis.grpc.client.GrpcClientProtocolClient.blockingCall(GrpcClientProtocolClient.java:178)
	at org.apache.ratis.grpc.client.GrpcClientProtocolClient.groupAdd(GrpcClientProtocolClient.java:147)
	at org.apache.ratis.grpc.client.GrpcClientRpc.sendRequest(GrpcClientRpc.java:94)
	at org.apache.ratis.client.impl.RaftClientImpl.sendRequest(RaftClientImpl.java:278)
	at org.apache.ratis.client.impl.RaftClientImpl.groupAdd(RaftClientImpl.java:205)
	at org.apache.hadoop.hdds.scm.pipeline.RatisPipelineProvider.lambda$initializePipeline$4(RatisPipelineProvider.java:196)
	at org.apache.hadoop.hdds.scm.pipeline.RatisPipelineProvider.lambda$null$5(RatisPipelineProvider.java:231)
	at java.util.stream.ForEachOps$ForEachOp$OfRef.accept(ForEachOps.java:184)
	at java.util.ArrayList$ArrayListSpliterator.forEachRemaining(ArrayList.java:1382)
	at java.util.stream.AbstractPipeline.copyInto(AbstractPipeline.java:482)
	at java.util.stream.ForEachOps$ForEachTask.compute(ForEachOps.java:291)
	at java.util.concurrent.CountedCompleter.exec(CountedCompleter.java:731)
	at java.util.concurrent.ForkJoinTask.doExec(ForkJoinTask.java:289)
	at java.util.concurrent.ForkJoinTask.doInvoke(ForkJoinTask.java:401)
	at java.util.concurrent.ForkJoinTask.invoke(ForkJoinTask.java:734)
	at java.util.stream.ForEachOps$ForEachOp.evaluateParallel(ForEachOps.java:160)
	at java.util.stream.ForEachOps$ForEachOp$OfRef.evaluateParallel(ForEachOps.java:174)
	at java.util.stream.AbstractPipeline.evaluate(AbstractPipeline.java:233)
	at java.util.stream.ReferencePipeline.forEach(ReferencePipeline.java:418)
	at java.util.stream.ReferencePipeline$Head.forEach(ReferencePipeline.java:583)
	at org.apache.hadoop.hdds.scm.pipeline.RatisPipelineProvider.lambda$callRatisRpc$6(RatisPipelineProvider.java:225)
	at java.util.concurrent.ForkJoinTask$AdaptedRunnableAction.exec(ForkJoinTask.java:1386)
	at java.util.concurrent.ForkJoinTask.doExec(ForkJoinTask.java:289)
	at java.util.concurrent.ForkJoinPool$WorkQueue.runTask(ForkJoinPool.java:1056)
	at java.util.concurrent.ForkJoinPool.runWorker(ForkJoinPool.java:1692)
	at java.util.concurrent.ForkJoinWorkerThread.run(ForkJoinWorkerThread.java:157)
Caused by: org.apache.ratis.thirdparty.io.grpc.StatusRuntimeException: DEADLINE_EXCEEDED: deadline exceeded after 2999726967ns
	at org.apache.ratis.thirdparty.io.grpc.stub.ClientCalls.toStatusRuntimeException(ClientCalls.java:233)
	at org.apache.ratis.thirdparty.io.grpc.stub.ClientCalls.getUnchecked(ClientCalls.java:214)
	at org.apache.ratis.thirdparty.io.grpc.stub.ClientCalls.blockingUnaryCall(ClientCalls.java:139)
	at org.apache.ratis.proto.grpc.AdminProtocolServiceGrpc$AdminProtocolServiceBlockingStub.groupManagement(AdminProtocolServiceGrpc.java:274)
	at org.apache.ratis.grpc.client.GrpcClientProtocolClient.lambda$groupAdd$3(GrpcClientProtocolClient.java:149)
	at org.apache.ratis.grpc.client.GrpcClientProtocolClient.blockingCall(GrpcClientProtocolClient.java:176)
	... 25 more
2019-09-25 05:32:21,207 [grpc-default-executor-0] INFO  impl.RaftServerProxy (RaftServerProxy.java:addNew(89)) - 7d339ff4-0353-45b5-a855-49faf6b9a877: addNew group-19CC27109C97:[07d2a3d4-a08d-4ff2-9fee-7694a26bc9e9:192.168.36.126:42527, 718f5985-af6b-46f0-b376-36c68e33e3c2:192.168.36.126:33516, 7d339ff4-0353-45b5-a855-49faf6b9a877:192.168.36.126:33810] returns group-19CC27109C97:java.util.concurrent.CompletableFuture@7dae43aa[Not completed]
2019-09-25 05:32:21,207 [grpc-default-executor-2] INFO  impl.RaftServerProxy (RaftServerProxy.java:addNew(89)) - 07d2a3d4-a08d-4ff2-9fee-7694a26bc9e9: addNew group-19CC27109C97:[07d2a3d4-a08d-4ff2-9fee-7694a26bc9e9:192.168.36.126:42527, 718f5985-af6b-46f0-b376-36c68e33e3c2:192.168.36.126:33516, 7d339ff4-0353-45b5-a855-49faf6b9a877:192.168.36.126:33810] returns group-19CC27109C97:java.util.concurrent.CompletableFuture@1e2481ed[Not completed]
2019-09-25 05:32:21,207 [grpc-default-executor-1] INFO  impl.RaftServerProxy (RaftServerProxy.java:addNew(89)) - 718f5985-af6b-46f0-b376-36c68e33e3c2: addNew group-19CC27109C97:[07d2a3d4-a08d-4ff2-9fee-7694a26bc9e9:192.168.36.126:42527, 718f5985-af6b-46f0-b376-36c68e33e3c2:192.168.36.126:33516, 7d339ff4-0353-45b5-a855-49faf6b9a877:192.168.36.126:33810] returns group-19CC27109C97:java.util.concurrent.CompletableFuture@403fcd93[Not completed]
2019-09-25 05:32:21,720 [Thread-1658] INFO  impl.FollowerState (FollowerState.java:run(106)) - 6e6c9191-5fdc-46cc-a3da-68b55b7be5a5:group-06AEE3B7E212 changes to CANDIDATE, lastRpcTime:1125, electionTimeout:1125ms
2019-09-25 05:32:21,721 [Thread-1658] INFO  impl.RoleInfo (RoleInfo.java:shutdownFollowerState(121)) - 6e6c9191-5fdc-46cc-a3da-68b55b7be5a5: shutdown FollowerState
2019-09-25 05:32:21,721 [Thread-1658] INFO  impl.RaftServerImpl (RaftServerImpl.java:setRole(174)) - 6e6c9191-5fdc-46cc-a3da-68b55b7be5a5@group-06AEE3B7E212: changes role from  FOLLOWER to CANDIDATE at term 0 for changeToCandidate
2019-09-25 05:32:21,721 [Thread-1658] INFO  impl.RoleInfo (RoleInfo.java:updateAndGet(143)) - 6e6c9191-5fdc-46cc-a3da-68b55b7be5a5: start LeaderElection
2019-09-25 05:32:23,896 [pool-239-thread-1] INFO  storage.RaftStorage (RaftStorage.java:format(72)) - Storage directory /workdir/hadoop-ozone/integration-test/target/test-dir/MiniOzoneClusterImpl-c3eb0697-53d0-4f00-8b35-781957cf75c5/datanode-9/data/ratis/558a23bf-297b-40c2-9748-fabb21ef17c7 has been successfully formatted.
2019-09-25 05:32:23,896 [6e6c9191-5fdc-46cc-a3da-68b55b7be5a5@group-06AEE3B7E212:LeaderElection243] INFO  impl.LeaderElection (LeaderElection.java:askForVotes(182)) - 6e6c9191-5fdc-46cc-a3da-68b55b7be5a5@group-06AEE3B7E212:LeaderElection243: begin an election at term 1 for -1: [6e6c9191-5fdc-46cc-a3da-68b55b7be5a5:192.168.36.126:41245], old=null
2019-09-25 05:32:23,896 [pool-199-thread-1] INFO  storage.RaftStorage (RaftStorage.java:format(72)) - Storage directory /workdir/hadoop-ozone/integration-test/target/test-dir/MiniOzoneClusterImpl-c3eb0697-53d0-4f00-8b35-781957cf75c5/datanode-5/data/ratis/558a23bf-297b-40c2-9748-fabb21ef17c7 has been successfully formatted.
2019-09-25 05:32:23,896 [pool-189-thread-1] INFO  storage.RaftStorage (RaftStorage.java:format(72)) - Storage directory /workdir/hadoop-ozone/integration-test/target/test-dir/MiniOzoneClusterImpl-c3eb0697-53d0-4f00-8b35-781957cf75c5/datanode-4/data/ratis/558a23bf-297b-40c2-9748-fabb21ef17c7 has been successfully formatted.
2019-09-25 05:32:23,897 [pool-239-thread-1] INFO  ratis.ContainerStateMachine (ContainerStateMachine.java:loadSnapshot(230)) - group-FABB21EF17C7: The snapshot info is null. Setting the last applied indexto:(t:0, i:~)
2019-09-25 05:32:23,897 [6e6c9191-5fdc-46cc-a3da-68b55b7be5a5@group-06AEE3B7E212:LeaderElection243] INFO  impl.RoleInfo (RoleInfo.java:shutdownLeaderElection(134)) - 6e6c9191-5fdc-46cc-a3da-68b55b7be5a5: shutdown LeaderElection
2019-09-25 05:32:23,897 [pool-239-thread-1] INFO  server.RaftServerConfigKeys (ConfUtils.java:logGet(43)) - raft.server.notification.no-leader.timeout = 120s (custom)
2019-09-25 05:32:23,897 [pool-189-thread-1] INFO  ratis.ContainerStateMachine (ContainerStateMachine.java:loadSnapshot(230)) - group-FABB21EF17C7: The snapshot info is null. Setting the last applied indexto:(t:0, i:~)
2019-09-25 05:32:23,897 [pool-199-thread-1] INFO  ratis.ContainerStateMachine (ContainerStateMachine.java:loadSnapshot(230)) - group-FABB21EF17C7: The snapshot info is null. Setting the last applied indexto:(t:0, i:~)
2019-09-25 05:32:23,898 [pool-189-thread-1] INFO  server.RaftServerConfigKeys (ConfUtils.java:logGet(43)) - raft.server.notification.no-leader.timeout = 120s (custom)
2019-09-25 05:32:23,898 [pool-239-thread-1] INFO  server.RaftServerConfigKeys (ConfUtils.java:logGet(43)) - raft.server.log.use.memory = false (default)
2019-09-25 05:32:23,898 [6e6c9191-5fdc-46cc-a3da-68b55b7be5a5@group-06AEE3B7E212:LeaderElection243] INFO  impl.RaftServerImpl (RaftServerImpl.java:setRole(174)) - 6e6c9191-5fdc-46cc-a3da-68b55b7be5a5@group-06AEE3B7E212: changes role from CANDIDATE to LEADER at term 1 for changeToLeader
2019-09-25 05:32:23,899 [pool-239-thread-1] INFO  server.RaftServerConfigKeys (ConfUtils.java:logGet(43)) - raft.server.log.purge.gap = 1000000 (custom)
2019-09-25 05:32:23,898 [pool-189-thread-1] INFO  server.RaftServerConfigKeys (ConfUtils.java:logGet(43)) - raft.server.log.use.memory = false (default)
2019-09-25 05:32:23,898 [pool-199-thread-1] INFO  server.RaftServerConfigKeys (ConfUtils.java:logGet(43)) - raft.server.notification.no-leader.timeout = 120s (custom)
2019-09-25 05:32:23,899 [pool-189-thread-1] INFO  server.RaftServerConfigKeys (ConfUtils.java:logGet(43)) - raft.server.log.purge.gap = 1000000 (custom)
2019-09-25 05:32:23,899 [pool-239-thread-1] INFO  server.RaftServerConfigKeys (ConfUtils.java:logGet(43)) - raft.server.log.appender.buffer.byte-limit = 33554432 (custom)
2019-09-25 05:32:23,899 [6e6c9191-5fdc-46cc-a3da-68b55b7be5a5@group-06AEE3B7E212:LeaderElection243] INFO  impl.RaftServerImpl (ServerState.java:setLeader(253)) - 6e6c9191-5fdc-46cc-a3da-68b55b7be5a5@group-06AEE3B7E212: change Leader from null to 6e6c9191-5fdc-46cc-a3da-68b55b7be5a5 at term 1 for becomeLeader, leader elected after 3314ms
2019-09-25 05:32:23,900 [pool-239-thread-1] INFO  server.RaftServerConfigKeys (ConfUtils.java:logGet(43)) - raft.server.log.segment.size.max = 1048576 (custom)
2019-09-25 05:32:23,899 [pool-189-thread-1] INFO  server.RaftServerConfigKeys (ConfUtils.java:logGet(43)) - raft.server.log.appender.buffer.byte-limit = 33554432 (custom)
2019-09-25 05:32:23,899 [pool-199-thread-1] INFO  server.RaftServerConfigKeys (ConfUtils.java:logGet(43)) - raft.server.log.use.memory = false (default)
2019-09-25 05:32:23,900 [pool-189-thread-1] INFO  server.RaftServerConfigKeys (ConfUtils.java:logGet(43)) - raft.server.log.segment.size.max = 1048576 (custom)
2019-09-25 05:32:23,900 [pool-239-thread-1] INFO  server.RaftServerConfigKeys (ConfUtils.java:logGet(43)) - raft.server.log.segment.cache.num.max = 2 (custom)
2019-09-25 05:32:23,900 [6e6c9191-5fdc-46cc-a3da-68b55b7be5a5@group-06AEE3B7E212:LeaderElection243] INFO  server.RaftServerConfigKeys (ConfUtils.java:logGet(43)) - raft.server.staging.catchup.gap = 1000 (default)
2019-09-25 05:32:23,901 [pool-239-thread-1] INFO  segmented.SegmentedRaftLogWorker (SegmentedRaftLogWorker.java:<init>(172)) - new 07d2a3d4-a08d-4ff2-9fee-7694a26bc9e9@group-FABB21EF17C7-SegmentedRaftLogWorker for RaftStorage:Storage Directory /workdir/hadoop-ozone/integration-test/target/test-dir/MiniOzoneClusterImpl-c3eb0697-53d0-4f00-8b35-781957cf75c5/datanode-9/data/ratis/558a23bf-297b-40c2-9748-fabb21ef17c7
2019-09-25 05:32:23,900 [pool-189-thread-1] INFO  server.RaftServerConfigKeys (ConfUtils.java:logGet(43)) - raft.server.log.segment.cache.num.max = 2 (custom)
2019-09-25 05:32:23,900 [pool-199-thread-1] INFO  server.RaftServerConfigKeys (ConfUtils.java:logGet(43)) - raft.server.log.purge.gap = 1000000 (custom)
2019-09-25 05:32:23,901 [pool-189-thread-1] INFO  segmented.SegmentedRaftLogWorker (SegmentedRaftLogWorker.java:<init>(172)) - new 718f5985-af6b-46f0-b376-36c68e33e3c2@group-FABB21EF17C7-SegmentedRaftLogWorker for RaftStorage:Storage Directory /workdir/hadoop-ozone/integration-test/target/test-dir/MiniOzoneClusterImpl-c3eb0697-53d0-4f00-8b35-781957cf75c5/datanode-4/data/ratis/558a23bf-297b-40c2-9748-fabb21ef17c7
2019-09-25 05:32:23,901 [6e6c9191-5fdc-46cc-a3da-68b55b7be5a5@group-06AEE3B7E212:LeaderElection243] INFO  server.RaftServerConfigKeys (ConfUtils.java:logGet(43)) - raft.server.rpc.sleep.time = 25ms (default)
2019-09-25 05:32:23,901 [pool-199-thread-1] INFO  server.RaftServerConfigKeys (ConfUtils.java:logGet(43)) - raft.server.log.appender.buffer.byte-limit = 33554432 (custom)
2019-09-25 05:32:23,902 [6e6c9191-5fdc-46cc-a3da-68b55b7be5a5@group-06AEE3B7E212:LeaderElection243] INFO  server.RaftServerConfigKeys (ConfUtils.java:logGet(43)) - raft.server.write.element-limit = 4096 (default)
2019-09-25 05:32:23,902 [pool-199-thread-1] INFO  server.RaftServerConfigKeys (ConfUtils.java:logGet(43)) - raft.server.log.segment.size.max = 1048576 (custom)
2019-09-25 05:32:23,902 [6e6c9191-5fdc-46cc-a3da-68b55b7be5a5@group-06AEE3B7E212:LeaderElection243] INFO  server.RaftServerConfigKeys (ConfUtils.java:logGet(43)) - raft.server.watch.timeout = 10s (default)
2019-09-25 05:32:23,902 [pool-199-thread-1] INFO  server.RaftServerConfigKeys (ConfUtils.java:logGet(43)) - raft.server.log.segment.cache.num.max = 2 (custom)
2019-09-25 05:32:23,902 [6e6c9191-5fdc-46cc-a3da-68b55b7be5a5@group-06AEE3B7E212:LeaderElection243] INFO  server.RaftServerConfigKeys (ConfUtils.java:logGet(43)) - raft.server.watch.timeout.denomination = 1s (default)
2019-09-25 05:32:23,903 [pool-199-thread-1] INFO  segmented.SegmentedRaftLogWorker (SegmentedRaftLogWorker.java:<init>(172)) - new 7d339ff4-0353-45b5-a855-49faf6b9a877@group-FABB21EF17C7-SegmentedRaftLogWorker for RaftStorage:Storage Directory /workdir/hadoop-ozone/integration-test/target/test-dir/MiniOzoneClusterImpl-c3eb0697-53d0-4f00-8b35-781957cf75c5/datanode-5/data/ratis/558a23bf-297b-40c2-9748-fabb21ef17c7
2019-09-25 05:32:23,903 [6e6c9191-5fdc-46cc-a3da-68b55b7be5a5@group-06AEE3B7E212:LeaderElection243] INFO  server.RaftServerConfigKeys (ConfUtils.java:logGet(43)) - raft.server.watch.element-limit = 65536 (default)
2019-09-25 05:32:23,909 [pool-239-thread-1] INFO  server.RaftServerConfigKeys (ConfUtils.java:logGet(43)) - raft.server.log.queue.byte-limit = 2147483647 (custom)
2019-09-25 05:32:23,909 [pool-239-thread-1] INFO  server.RaftServerConfigKeys (ConfUtils.java:logGet(43)) - raft.server.log.queue.element-limit = 1024 (custom)
2019-09-25 05:32:23,909 [pool-189-thread-1] INFO  server.RaftServerConfigKeys (ConfUtils.java:logGet(43)) - raft.server.log.queue.byte-limit = 2147483647 (custom)
2019-09-25 05:32:23,909 [pool-239-thread-1] INFO  server.RaftServerConfigKeys (ConfUtils.java:logGet(43)) - raft.server.log.segment.size.max = 1048576 (custom)
2019-09-25 05:32:23,909 [pool-189-thread-1] INFO  server.RaftServerConfigKeys (ConfUtils.java:logGet(43)) - raft.server.log.queue.element-limit = 1024 (custom)
2019-09-25 05:32:23,910 [pool-199-thread-1] INFO  server.RaftServerConfigKeys (ConfUtils.java:logGet(43)) - raft.server.log.queue.byte-limit = 2147483647 (custom)
2019-09-25 05:32:23,910 [6e6c9191-5fdc-46cc-a3da-68b55b7be5a5@group-06AEE3B7E212:LeaderElection243] INFO  impl.RoleInfo (RoleInfo.java:updateAndGet(143)) - 6e6c9191-5fdc-46cc-a3da-68b55b7be5a5: start LeaderState
2019-09-25 05:32:23,909 [pool-239-thread-1] INFO  server.RaftServerConfigKeys (ConfUtils.java:logGet(43)) - raft.server.log.preallocated.size = 16384 (custom)
2019-09-25 05:32:23,910 [6e6c9191-5fdc-46cc-a3da-68b55b7be5a5@group-06AEE3B7E212:LeaderElection243] INFO  segmented.SegmentedRaftLogWorker (SegmentedRaftLogWorker.java:startLogSegment(380)) - 6e6c9191-5fdc-46cc-a3da-68b55b7be5a5@group-06AEE3B7E212-SegmentedRaftLogWorker: Starting segment from index:0
2019-09-25 05:32:23,910 [pool-199-thread-1] INFO  server.RaftServerConfigKeys (ConfUtils.java:logGet(43)) - raft.server.log.queue.element-limit = 1024 (custom)
2019-09-25 05:32:23,910 [pool-189-thread-1] INFO  server.RaftServerConfigKeys (ConfUtils.java:logGet(43)) - raft.server.log.segment.size.max = 1048576 (custom)
2019-09-25 05:32:23,910 [pool-199-thread-1] INFO  server.RaftServerConfigKeys (ConfUtils.java:logGet(43)) - raft.server.log.segment.size.max = 1048576 (custom)
2019-09-25 05:32:23,910 [pool-239-thread-1] INFO  server.RaftServerConfigKeys (ConfUtils.java:logGet(43)) - raft.server.log.write.buffer.size = 33554432 (custom)
2019-09-25 05:32:23,911 [pool-199-thread-1] INFO  server.RaftServerConfigKeys (ConfUtils.java:logGet(43)) - raft.server.log.preallocated.size = 16384 (custom)
2019-09-25 05:32:23,911 [6e6c9191-5fdc-46cc-a3da-68b55b7be5a5@group-06AEE3B7E212:LeaderElection243] INFO  impl.RaftServerImpl (ServerState.java:setRaftConf(354)) - 6e6c9191-5fdc-46cc-a3da-68b55b7be5a5@group-06AEE3B7E212: set configuration 0: [6e6c9191-5fdc-46cc-a3da-68b55b7be5a5:192.168.36.126:41245], old=null at 0
2019-09-25 05:32:23,911 [pool-189-thread-1] INFO  server.RaftServerConfigKeys (ConfUtils.java:logGet(43)) - raft.server.log.preallocated.size = 16384 (custom)
2019-09-25 05:32:23,911 [pool-199-thread-1] INFO  server.RaftServerConfigKeys (ConfUtils.java:logGet(43)) - raft.server.log.write.buffer.size = 33554432 (custom)
2019-09-25 05:32:23,911 [pool-239-thread-1] INFO  server.RaftServerConfigKeys (ConfUtils.java:logGet(43)) - raft.server.log.force.sync.num = 128 (default)
2019-09-25 05:32:23,911 [pool-199-thread-1] INFO  server.RaftServerConfigKeys (ConfUtils.java:logGet(43)) - raft.server.log.force.sync.num = 128 (default)
2019-09-25 05:32:23,912 [pool-199-thread-1] INFO  server.RaftServerConfigKeys (ConfUtils.java:logGet(43)) - raft.server.log.statemachine.data.sync = true (default)
2019-09-25 05:32:23,911 [pool-189-thread-1] INFO  server.RaftServerConfigKeys (ConfUtils.java:logGet(43)) - raft.server.log.write.buffer.size = 33554432 (custom)
2019-09-25 05:32:23,912 [pool-199-thread-1] INFO  server.RaftServerConfigKeys (ConfUtils.java:logGet(43)) - raft.server.log.statemachine.data.sync.timeout = 10s (default)
2019-09-25 05:32:23,912 [pool-239-thread-1] INFO  server.RaftServerConfigKeys (ConfUtils.java:logGet(43)) - raft.server.log.statemachine.data.sync = true (default)
2019-09-25 05:32:23,912 [pool-199-thread-1] INFO  server.RaftServerConfigKeys (ConfUtils.java:logGet(43)) - raft.server.log.statemachine.data.sync.timeout.retry = -1 (default)
2019-09-25 05:32:23,912 [pool-189-thread-1] INFO  server.RaftServerConfigKeys (ConfUtils.java:logGet(43)) - raft.server.log.force.sync.num = 128 (default)
2019-09-25 05:32:23,913 [pool-199-thread-1] INFO  server.RaftServerConfigKeys (ConfUtils.java:logGet(43)) - raft.server.log.statemachine.data.caching.enabled = true (custom)
2019-09-25 05:32:23,912 [pool-239-thread-1] INFO  server.RaftServerConfigKeys (ConfUtils.java:logGet(43)) - raft.server.log.statemachine.data.sync.timeout = 10s (default)
2019-09-25 05:32:23,913 [pool-199-thread-1] INFO  segmented.SegmentedRaftLogWorker (SegmentedRaftLogWorker.java:lambda$new$0(132)) - 7d339ff4-0353-45b5-a855-49faf6b9a877@group-FABB21EF17C7-SegmentedRaftLogWorker: flushIndex: setUnconditionally 0 -> -1
2019-09-25 05:32:23,913 [pool-189-thread-1] INFO  server.RaftServerConfigKeys (ConfUtils.java:logGet(43)) - raft.server.log.statemachine.data.sync = true (default)
2019-09-25 05:32:23,913 [pool-239-thread-1] INFO  server.RaftServerConfigKeys (ConfUtils.java:logGet(43)) - raft.server.log.statemachine.data.sync.timeout.retry = -1 (default)
2019-09-25 05:32:23,914 [pool-189-thread-1] INFO  server.RaftServerConfigKeys (ConfUtils.java:logGet(43)) - raft.server.log.statemachine.data.sync.timeout = 10s (default)
2019-09-25 05:32:23,914 [pool-199-thread-1] INFO  server.RaftServerConfigKeys (ConfUtils.java:logGet(43)) - raft.server.snapshot.auto.trigger.enabled = true (custom)
2019-09-25 05:32:23,914 [pool-239-thread-1] INFO  server.RaftServerConfigKeys (ConfUtils.java:logGet(43)) - raft.server.log.statemachine.data.caching.enabled = true (custom)
2019-09-25 05:32:23,914 [pool-189-thread-1] INFO  server.RaftServerConfigKeys (ConfUtils.java:logGet(43)) - raft.server.log.statemachine.data.sync.timeout.retry = -1 (default)
2019-09-25 05:32:23,914 [pool-199-thread-1] INFO  server.RaftServerConfigKeys (ConfUtils.java:logGet(43)) - raft.server.snapshot.auto.trigger.threshold = 10000 (custom)
2019-09-25 05:32:23,914 [pool-239-thread-1] INFO  segmented.SegmentedRaftLogWorker (SegmentedRaftLogWorker.java:lambda$new$0(132)) - 07d2a3d4-a08d-4ff2-9fee-7694a26bc9e9@group-FABB21EF17C7-SegmentedRaftLogWorker: flushIndex: setUnconditionally 0 -> -1
2019-09-25 05:32:23,915 [pool-199-thread-1] INFO  server.RaftServerConfigKeys (ConfUtils.java:logGet(43)) - raft.server.snapshot.retention.num.files = 5 (custom)
2019-09-25 05:32:23,915 [pool-189-thread-1] INFO  server.RaftServerConfigKeys (ConfUtils.java:logGet(43)) - raft.server.log.statemachine.data.caching.enabled = true (custom)
2019-09-25 05:32:23,915 [pool-239-thread-1] INFO  server.RaftServerConfigKeys (ConfUtils.java:logGet(43)) - raft.server.snapshot.auto.trigger.enabled = true (custom)
2019-09-25 05:32:23,915 [pool-199-thread-1] INFO  server.RaftServerConfigKeys (ConfUtils.java:logGet(43)) - raft.server.retrycache.expirytime = 600000ms (custom)
2019-09-25 05:32:23,915 [pool-239-thread-1] INFO  server.RaftServerConfigKeys (ConfUtils.java:logGet(43)) - raft.server.snapshot.auto.trigger.threshold = 10000 (custom)
2019-09-25 05:32:23,915 [pool-189-thread-1] INFO  segmented.SegmentedRaftLogWorker (SegmentedRaftLogWorker.java:lambda$new$0(132)) - 718f5985-af6b-46f0-b376-36c68e33e3c2@group-FABB21EF17C7-SegmentedRaftLogWorker: flushIndex: setUnconditionally 0 -> -1
2019-09-25 05:32:23,916 [pool-239-thread-1] INFO  server.RaftServerConfigKeys (ConfUtils.java:logGet(43)) - raft.server.snapshot.retention.num.files = 5 (custom)
2019-09-25 05:32:23,916 [pool-189-thread-1] INFO  server.RaftServerConfigKeys (ConfUtils.java:logGet(43)) - raft.server.snapshot.auto.trigger.enabled = true (custom)
2019-09-25 05:32:23,916 [pool-239-thread-1] INFO  server.RaftServerConfigKeys (ConfUtils.java:logGet(43)) - raft.server.retrycache.expirytime = 600000ms (custom)
2019-09-25 05:32:23,916 [pool-189-thread-1] INFO  server.RaftServerConfigKeys (ConfUtils.java:logGet(43)) - raft.server.snapshot.auto.trigger.threshold = 10000 (custom)
2019-09-25 05:32:23,917 [pool-189-thread-1] INFO  server.RaftServerConfigKeys (ConfUtils.java:logGet(43)) - raft.server.snapshot.retention.num.files = 5 (custom)
2019-09-25 05:32:23,917 [pool-189-thread-1] INFO  server.RaftServerConfigKeys (ConfUtils.java:logGet(43)) - raft.server.retrycache.expirytime = 600000ms (custom)
2019-09-25 05:32:23,920 [pool-199-thread-1] INFO  impl.RaftServerImpl (RaftServerImpl.java:<init>(95)) - 7d339ff4-0353-45b5-a855-49faf6b9a877: new RaftServerImpl for group-19CC27109C97:[07d2a3d4-a08d-4ff2-9fee-7694a26bc9e9:192.168.36.126:42527, 718f5985-af6b-46f0-b376-36c68e33e3c2:192.168.36.126:33516, 7d339ff4-0353-45b5-a855-49faf6b9a877:192.168.36.126:33810] with ContainerStateMachine:uninitialized
2019-09-25 05:32:23,920 [pool-199-thread-1] INFO  server.RaftServerConfigKeys (ConfUtils.java:logGet(43)) - raft.server.rpc.timeout.min = 1s (custom)
2019-09-25 05:32:23,920 [pool-199-thread-1] INFO  server.RaftServerConfigKeys (ConfUtils.java:logGet(43)) - raft.server.rpc.timeout.max = 1200ms (custom)
2019-09-25 05:32:23,920 [pool-199-thread-1] INFO  server.RaftServerConfigKeys (ConfUtils.java:logGet(43)) - raft.server.rpcslowness.timeout = 120s (custom)
2019-09-25 05:32:23,920 [pool-199-thread-1] INFO  server.RaftServerConfigKeys (ConfUtils.java:logGet(43)) - raft.server.sleep.deviation.threshold = 300 (default)
2019-09-25 05:32:23,921 [pool-199-thread-1] INFO  server.RaftServerConfigKeys (ConfUtils.java:logGet(43)) - raft.server.log.appender.install.snapshot.enabled = false (custom)
2019-09-25 05:32:23,921 [pool-199-thread-1] INFO  impl.RaftServerImpl (ServerState.java:<init>(103)) - 7d339ff4-0353-45b5-a855-49faf6b9a877@group-19CC27109C97: ConfigurationManager, init=-1: [07d2a3d4-a08d-4ff2-9fee-7694a26bc9e9:192.168.36.126:42527, 718f5985-af6b-46f0-b376-36c68e33e3c2:192.168.36.126:33516, 7d339ff4-0353-45b5-a855-49faf6b9a877:192.168.36.126:33810], old=null, confs=<EMPTY_MAP>
2019-09-25 05:32:23,921 [pool-199-thread-1] INFO  server.RaftServerConfigKeys (ConfUtils.java:logGet(43)) - raft.server.storage.dir = [/workdir/hadoop-ozone/integration-test/target/test-dir/MiniOzoneClusterImpl-c3eb0697-53d0-4f00-8b35-781957cf75c5/datanode-5/data/ratis] (custom)
2019-09-25 05:32:23,921 [pool-199-thread-1] INFO  storage.RaftStorageDirectory (RaftStorageDirectory.java:analyzeStorage(246)) - The storage directory /workdir/hadoop-ozone/integration-test/target/test-dir/MiniOzoneClusterImpl-c3eb0697-53d0-4f00-8b35-781957cf75c5/datanode-5/data/ratis/eeca6e8f-27ce-40c5-869f-19cc27109c97 does not exist. Creating ...
2019-09-25 05:32:23,923 [pool-239-thread-1] INFO  impl.RaftServerImpl (RaftServerImpl.java:<init>(95)) - 07d2a3d4-a08d-4ff2-9fee-7694a26bc9e9: new RaftServerImpl for group-19CC27109C97:[07d2a3d4-a08d-4ff2-9fee-7694a26bc9e9:192.168.36.126:42527, 718f5985-af6b-46f0-b376-36c68e33e3c2:192.168.36.126:33516, 7d339ff4-0353-45b5-a855-49faf6b9a877:192.168.36.126:33810] with ContainerStateMachine:uninitialized
2019-09-25 05:32:23,923 [pool-239-thread-1] INFO  server.RaftServerConfigKeys (ConfUtils.java:logGet(43)) - raft.server.rpc.timeout.min = 1s (custom)
2019-09-25 05:32:23,923 [pool-239-thread-1] INFO  server.RaftServerConfigKeys (ConfUtils.java:logGet(43)) - raft.server.rpc.timeout.max = 1200ms (custom)
2019-09-25 05:32:23,923 [pool-189-thread-1] INFO  impl.RaftServerImpl (RaftServerImpl.java:<init>(95)) - 718f5985-af6b-46f0-b376-36c68e33e3c2: new RaftServerImpl for group-64B83545FAEB:[718f5985-af6b-46f0-b376-36c68e33e3c2:192.168.36.126:33516] with ContainerStateMachine:uninitialized
2019-09-25 05:32:23,923 [pool-239-thread-1] INFO  server.RaftServerConfigKeys (ConfUtils.java:logGet(43)) - raft.server.rpcslowness.timeout = 120s (custom)
2019-09-25 05:32:23,923 [pool-189-thread-1] INFO  server.RaftServerConfigKeys (ConfUtils.java:logGet(43)) - raft.server.rpc.timeout.min = 1s (custom)
2019-09-25 05:32:23,923 [pool-239-thread-1] INFO  server.RaftServerConfigKeys (ConfUtils.java:logGet(43)) - raft.server.sleep.deviation.threshold = 300 (default)
2019-09-25 05:32:23,924 [pool-189-thread-1] INFO  server.RaftServerConfigKeys (ConfUtils.java:logGet(43)) - raft.server.rpc.timeout.max = 1200ms (custom)
2019-09-25 05:32:23,924 [pool-239-thread-1] INFO  server.RaftServerConfigKeys (ConfUtils.java:logGet(43)) - raft.server.log.appender.install.snapshot.enabled = false (custom)
2019-09-25 05:32:23,924 [pool-189-thread-1] INFO  server.RaftServerConfigKeys (ConfUtils.java:logGet(43)) - raft.server.rpcslowness.timeout = 120s (custom)
2019-09-25 05:32:23,924 [pool-239-thread-1] INFO  impl.RaftServerImpl (ServerState.java:<init>(103)) - 07d2a3d4-a08d-4ff2-9fee-7694a26bc9e9@group-19CC27109C97: ConfigurationManager, init=-1: [07d2a3d4-a08d-4ff2-9fee-7694a26bc9e9:192.168.36.126:42527, 718f5985-af6b-46f0-b376-36c68e33e3c2:192.168.36.126:33516, 7d339ff4-0353-45b5-a855-49faf6b9a877:192.168.36.126:33810], old=null, confs=<EMPTY_MAP>
2019-09-25 05:32:23,924 [pool-189-thread-1] INFO  server.RaftServerConfigKeys (ConfUtils.java:logGet(43)) - raft.server.sleep.deviation.threshold = 300 (default)
2019-09-25 05:32:23,924 [pool-239-thread-1] INFO  server.RaftServerConfigKeys (ConfUtils.java:logGet(43)) - raft.server.storage.dir = [/workdir/hadoop-ozone/integration-test/target/test-dir/MiniOzoneClusterImpl-c3eb0697-53d0-4f00-8b35-781957cf75c5/datanode-9/data/ratis] (custom)
2019-09-25 05:32:23,924 [pool-189-thread-1] INFO  server.RaftServerConfigKeys (ConfUtils.java:logGet(43)) - raft.server.log.appender.install.snapshot.enabled = false (custom)
2019-09-25 05:32:23,925 [pool-189-thread-1] INFO  impl.RaftServerImpl (ServerState.java:<init>(103)) - 718f5985-af6b-46f0-b376-36c68e33e3c2@group-64B83545FAEB: ConfigurationManager, init=-1: [718f5985-af6b-46f0-b376-36c68e33e3c2:192.168.36.126:33516], old=null, confs=<EMPTY_MAP>
2019-09-25 05:32:23,925 [pool-239-thread-1] INFO  storage.RaftStorageDirectory (RaftStorageDirectory.java:analyzeStorage(246)) - The storage directory /workdir/hadoop-ozone/integration-test/target/test-dir/MiniOzoneClusterImpl-c3eb0697-53d0-4f00-8b35-781957cf75c5/datanode-9/data/ratis/eeca6e8f-27ce-40c5-869f-19cc27109c97 does not exist. Creating ...
2019-09-25 05:32:23,925 [pool-189-thread-1] INFO  server.RaftServerConfigKeys (ConfUtils.java:logGet(43)) - raft.server.storage.dir = [/workdir/hadoop-ozone/integration-test/target/test-dir/MiniOzoneClusterImpl-c3eb0697-53d0-4f00-8b35-781957cf75c5/datanode-4/data/ratis] (custom)
2019-09-25 05:32:23,925 [pool-189-thread-1] INFO  storage.RaftStorageDirectory (RaftStorageDirectory.java:analyzeStorage(246)) - The storage directory /workdir/hadoop-ozone/integration-test/target/test-dir/MiniOzoneClusterImpl-c3eb0697-53d0-4f00-8b35-781957cf75c5/datanode-4/data/ratis/7dc62c3a-c981-41a8-a2b3-64b83545faeb does not exist. Creating ...
2019-09-25 05:32:24,205 [RATISCREATEPIPELINE1] ERROR pipeline.RatisPipelineProvider (RatisPipelineProvider.java:lambda$null$5(235)) - Failed invoke Ratis rpc org.apache.hadoop.hdds.scm.pipeline.RatisPipelineProvider$$Lambda$227/594670972@71e130b0 for 7d339ff4-0353-45b5-a855-49faf6b9a877
org.apache.ratis.protocol.TimeoutIOException: deadline exceeded after 2999869664ns
	at org.apache.ratis.grpc.GrpcUtil.tryUnwrapException(GrpcUtil.java:82)
	at org.apache.ratis.grpc.GrpcUtil.unwrapException(GrpcUtil.java:75)
	at org.apache.ratis.grpc.client.GrpcClientProtocolClient.blockingCall(GrpcClientProtocolClient.java:178)
	at org.apache.ratis.grpc.client.GrpcClientProtocolClient.groupAdd(GrpcClientProtocolClient.java:147)
	at org.apache.ratis.grpc.client.GrpcClientRpc.sendRequest(GrpcClientRpc.java:94)
	at org.apache.ratis.client.impl.RaftClientImpl.sendRequest(RaftClientImpl.java:278)
	at org.apache.ratis.client.impl.RaftClientImpl.groupAdd(RaftClientImpl.java:205)
	at org.apache.hadoop.hdds.scm.pipeline.RatisPipelineProvider.lambda$initializePipeline$4(RatisPipelineProvider.java:196)
	at org.apache.hadoop.hdds.scm.pipeline.RatisPipelineProvider.lambda$null$5(RatisPipelineProvider.java:231)
	at java.util.stream.ForEachOps$ForEachOp$OfRef.accept(ForEachOps.java:184)
	at java.util.ArrayList$ArrayListSpliterator.forEachRemaining(ArrayList.java:1382)
	at java.util.stream.AbstractPipeline.copyInto(AbstractPipeline.java:482)
	at java.util.stream.ForEachOps$ForEachTask.compute(ForEachOps.java:291)
	at java.util.concurrent.CountedCompleter.exec(CountedCompleter.java:731)
	at java.util.concurrent.ForkJoinTask.doExec(ForkJoinTask.java:289)
	at java.util.concurrent.ForkJoinTask.doInvoke(ForkJoinTask.java:401)
	at java.util.concurrent.ForkJoinTask.invoke(ForkJoinTask.java:734)
	at java.util.stream.ForEachOps$ForEachOp.evaluateParallel(ForEachOps.java:160)
	at java.util.stream.ForEachOps$ForEachOp$OfRef.evaluateParallel(ForEachOps.java:174)
	at java.util.stream.AbstractPipeline.evaluate(AbstractPipeline.java:233)
	at java.util.stream.ReferencePipeline.forEach(ReferencePipeline.java:418)
	at java.util.stream.ReferencePipeline$Head.forEach(ReferencePipeline.java:583)
	at org.apache.hadoop.hdds.scm.pipeline.RatisPipelineProvider.lambda$callRatisRpc$6(RatisPipelineProvider.java:225)
	at java.util.concurrent.ForkJoinTask$AdaptedRunnableAction.exec(ForkJoinTask.java:1386)
	at java.util.concurrent.ForkJoinTask.doExec(ForkJoinTask.java:289)
	at java.util.concurrent.ForkJoinPool$WorkQueue.runTask(ForkJoinPool.java:1056)
	at java.util.concurrent.ForkJoinPool.runWorker(ForkJoinPool.java:1692)
	at java.util.concurrent.ForkJoinWorkerThread.run(ForkJoinWorkerThread.java:157)
Caused by: org.apache.ratis.thirdparty.io.grpc.StatusRuntimeException: DEADLINE_EXCEEDED: deadline exceeded after 2999869664ns
	at org.apache.ratis.thirdparty.io.grpc.stub.ClientCalls.toStatusRuntimeException(ClientCalls.java:233)
	at org.apache.ratis.thirdparty.io.grpc.stub.ClientCalls.getUnchecked(ClientCalls.java:214)
	at org.apache.ratis.thirdparty.io.grpc.stub.ClientCalls.blockingUnaryCall(ClientCalls.java:139)
	at org.apache.ratis.proto.grpc.AdminProtocolServiceGrpc$AdminProtocolServiceBlockingStub.groupManagement(AdminProtocolServiceGrpc.java:274)
	at org.apache.ratis.grpc.client.GrpcClientProtocolClient.lambda$groupAdd$3(GrpcClientProtocolClient.java:149)
	at org.apache.ratis.grpc.client.GrpcClientProtocolClient.blockingCall(GrpcClientProtocolClient.java:176)
	... 25 more
2019-09-25 05:32:24,206 [RATISCREATEPIPELINE3] ERROR pipeline.RatisPipelineProvider (RatisPipelineProvider.java:lambda$null$5(235)) - Failed invoke Ratis rpc org.apache.hadoop.hdds.scm.pipeline.RatisPipelineProvider$$Lambda$227/594670972@71e130b0 for 07d2a3d4-a08d-4ff2-9fee-7694a26bc9e9
org.apache.ratis.protocol.TimeoutIOException: deadline exceeded after 2999854297ns
	at org.apache.ratis.grpc.GrpcUtil.tryUnwrapException(GrpcUtil.java:82)
	at org.apache.ratis.grpc.GrpcUtil.unwrapException(GrpcUtil.java:75)
	at org.apache.ratis.grpc.client.GrpcClientProtocolClient.blockingCall(GrpcClientProtocolClient.java:178)
	at org.apache.ratis.grpc.client.GrpcClientProtocolClient.groupAdd(GrpcClientProtocolClient.java:147)
	at org.apache.ratis.grpc.client.GrpcClientRpc.sendRequest(GrpcClientRpc.java:94)
	at org.apache.ratis.client.impl.RaftClientImpl.sendRequest(RaftClientImpl.java:278)
	at org.apache.ratis.client.impl.RaftClientImpl.groupAdd(RaftClientImpl.java:205)
	at org.apache.hadoop.hdds.scm.pipeline.RatisPipelineProvider.lambda$initializePipeline$4(RatisPipelineProvider.java:196)
	at org.apache.hadoop.hdds.scm.pipeline.RatisPipelineProvider.lambda$null$5(RatisPipelineProvider.java:231)
	at java.util.stream.ForEachOps$ForEachOp$OfRef.accept(ForEachOps.java:184)
	at java.util.ArrayList$ArrayListSpliterator.forEachRemaining(ArrayList.java:1382)
	at java.util.stream.AbstractPipeline.copyInto(AbstractPipeline.java:482)
	at java.util.stream.ForEachOps$ForEachTask.compute(ForEachOps.java:291)
	at java.util.concurrent.CountedCompleter.exec(CountedCompleter.java:731)
	at java.util.concurrent.ForkJoinTask.doExec(ForkJoinTask.java:289)
	at java.util.concurrent.ForkJoinPool$WorkQueue.runTask(ForkJoinPool.java:1056)
	at java.util.concurrent.ForkJoinPool.runWorker(ForkJoinPool.java:1692)
	at java.util.concurrent.ForkJoinWorkerThread.run(ForkJoinWorkerThread.java:157)
Caused by: org.apache.ratis.thirdparty.io.grpc.StatusRuntimeException: DEADLINE_EXCEEDED: deadline exceeded after 2999854297ns
	at org.apache.ratis.thirdparty.io.grpc.stub.ClientCalls.toStatusRuntimeException(ClientCalls.java:233)
	at org.apache.ratis.thirdparty.io.grpc.stub.ClientCalls.getUnchecked(ClientCalls.java:214)
	at org.apache.ratis.thirdparty.io.grpc.stub.ClientCalls.blockingUnaryCall(ClientCalls.java:139)
	at org.apache.ratis.proto.grpc.AdminProtocolServiceGrpc$AdminProtocolServiceBlockingStub.groupManagement(AdminProtocolServiceGrpc.java:274)
	at org.apache.ratis.grpc.client.GrpcClientProtocolClient.lambda$groupAdd$3(GrpcClientProtocolClient.java:149)
	at org.apache.ratis.grpc.client.GrpcClientProtocolClient.blockingCall(GrpcClientProtocolClient.java:176)
	... 15 more
2019-09-25 05:32:24,205 [RATISCREATEPIPELINE2] ERROR pipeline.RatisPipelineProvider (RatisPipelineProvider.java:lambda$null$5(235)) - Failed invoke Ratis rpc org.apache.hadoop.hdds.scm.pipeline.RatisPipelineProvider$$Lambda$227/594670972@71e130b0 for 718f5985-af6b-46f0-b376-36c68e33e3c2
org.apache.ratis.protocol.TimeoutIOException: deadline exceeded after 2999844554ns
	at org.apache.ratis.grpc.GrpcUtil.tryUnwrapException(GrpcUtil.java:82)
	at org.apache.ratis.grpc.GrpcUtil.unwrapException(GrpcUtil.java:75)
	at org.apache.ratis.grpc.client.GrpcClientProtocolClient.blockingCall(GrpcClientProtocolClient.java:178)
	at org.apache.ratis.grpc.client.GrpcClientProtocolClient.groupAdd(GrpcClientProtocolClient.java:147)
	at org.apache.ratis.grpc.client.GrpcClientRpc.sendRequest(GrpcClientRpc.java:94)
	at org.apache.ratis.client.impl.RaftClientImpl.sendRequest(RaftClientImpl.java:278)
	at org.apache.ratis.client.impl.RaftClientImpl.groupAdd(RaftClientImpl.java:205)
	at org.apache.hadoop.hdds.scm.pipeline.RatisPipelineProvider.lambda$initializePipeline$4(RatisPipelineProvider.java:196)
	at org.apache.hadoop.hdds.scm.pipeline.RatisPipelineProvider.lambda$null$5(RatisPipelineProvider.java:231)
	at java.util.stream.ForEachOps$ForEachOp$OfRef.accept(ForEachOps.java:184)
	at java.util.ArrayList$ArrayListSpliterator.forEachRemaining(ArrayList.java:1382)
	at java.util.stream.AbstractPipeline.copyInto(AbstractPipeline.java:482)
	at java.util.stream.ForEachOps$ForEachTask.compute(ForEachOps.java:291)
	at java.util.concurrent.CountedCompleter.exec(CountedCompleter.java:731)
	at java.util.concurrent.ForkJoinTask.doExec(ForkJoinTask.java:289)
	at java.util.concurrent.ForkJoinPool$WorkQueue.runTask(ForkJoinPool.java:1056)
	at java.util.concurrent.ForkJoinPool.runWorker(ForkJoinPool.java:1692)
	at java.util.concurrent.ForkJoinWorkerThread.run(ForkJoinWorkerThread.java:157)
Caused by: org.apache.ratis.thirdparty.io.grpc.StatusRuntimeException: DEADLINE_EXCEEDED: deadline exceeded after 2999844554ns
	at org.apache.ratis.thirdparty.io.grpc.stub.ClientCalls.toStatusRuntimeException(ClientCalls.java:233)
	at org.apache.ratis.thirdparty.io.grpc.stub.ClientCalls.getUnchecked(ClientCalls.java:214)
	at org.apache.ratis.thirdparty.io.grpc.stub.ClientCalls.blockingUnaryCall(ClientCalls.java:139)
	at org.apache.ratis.proto.grpc.AdminProtocolServiceGrpc$AdminProtocolServiceBlockingStub.groupManagement(AdminProtocolServiceGrpc.java:274)
	at org.apache.ratis.grpc.client.GrpcClientProtocolClient.lambda$groupAdd$3(GrpcClientProtocolClient.java:149)
	at org.apache.ratis.grpc.client.GrpcClientProtocolClient.blockingCall(GrpcClientProtocolClient.java:176)
	... 15 more
2019-09-25 05:32:24,244 [grpc-default-executor-2] INFO  impl.RaftServerProxy (RaftServerProxy.java:addNew(89)) - 7d339ff4-0353-45b5-a855-49faf6b9a877: addNew group-8EE3C38B4941:[07d2a3d4-a08d-4ff2-9fee-7694a26bc9e9:192.168.36.126:42527, 718f5985-af6b-46f0-b376-36c68e33e3c2:192.168.36.126:33516, 7d339ff4-0353-45b5-a855-49faf6b9a877:192.168.36.126:33810] returns group-8EE3C38B4941:java.util.concurrent.CompletableFuture@63758aad[Not completed]
2019-09-25 05:32:24,244 [grpc-default-executor-0] INFO  impl.RaftServerProxy (RaftServerProxy.java:addNew(89)) - 718f5985-af6b-46f0-b376-36c68e33e3c2: addNew group-8EE3C38B4941:[07d2a3d4-a08d-4ff2-9fee-7694a26bc9e9:192.168.36.126:42527, 718f5985-af6b-46f0-b376-36c68e33e3c2:192.168.36.126:33516, 7d339ff4-0353-45b5-a855-49faf6b9a877:192.168.36.126:33810] returns group-8EE3C38B4941:java.util.concurrent.CompletableFuture@76305003[Not completed]
2019-09-25 05:32:24,244 [grpc-default-executor-3] INFO  impl.RaftServerProxy (RaftServerProxy.java:addNew(89)) - 07d2a3d4-a08d-4ff2-9fee-7694a26bc9e9: addNew group-8EE3C38B4941:[07d2a3d4-a08d-4ff2-9fee-7694a26bc9e9:192.168.36.126:42527, 718f5985-af6b-46f0-b376-36c68e33e3c2:192.168.36.126:33516, 7d339ff4-0353-45b5-a855-49faf6b9a877:192.168.36.126:33810] returns group-8EE3C38B4941:java.util.concurrent.CompletableFuture@35681843[Not completed]
2019-09-25 05:32:24,553 [pool-239-thread-1] INFO  storage.RaftStorageDirectory (RaftStorageDirectory.java:tryLock(328)) - Lock on /workdir/hadoop-ozone/integration-test/target/test-dir/MiniOzoneClusterImpl-c3eb0697-53d0-4f00-8b35-781957cf75c5/datanode-9/data/ratis/eeca6e8f-27ce-40c5-869f-19cc27109c97/in_use.lock acquired by nodename 16102@pr-hdds-2174-pqx5g-486351168
2019-09-25 05:32:24,553 [6e6c9191-5fdc-46cc-a3da-68b55b7be5a5@group-06AEE3B7E212-SegmentedRaftLogWorker] INFO  segmented.SegmentedRaftLogWorker (SegmentedRaftLogWorker.java:execute(569)) - 6e6c9191-5fdc-46cc-a3da-68b55b7be5a5@group-06AEE3B7E212-SegmentedRaftLogWorker: created new log segment /workdir/hadoop-ozone/integration-test/target/test-dir/MiniOzoneClusterImpl-c3eb0697-53d0-4f00-8b35-781957cf75c5/datanode-0/data/ratis/43072875-0756-4d5c-b8aa-06aee3b7e212/current/log_inprogress_0
2019-09-25 05:32:24,553 [pool-199-thread-1] INFO  storage.RaftStorageDirectory (RaftStorageDirectory.java:tryLock(328)) - Lock on /workdir/hadoop-ozone/integration-test/target/test-dir/MiniOzoneClusterImpl-c3eb0697-53d0-4f00-8b35-781957cf75c5/datanode-5/data/ratis/eeca6e8f-27ce-40c5-869f-19cc27109c97/in_use.lock acquired by nodename 16102@pr-hdds-2174-pqx5g-486351168
2019-09-25 05:32:24,553 [pool-189-thread-1] INFO  storage.RaftStorageDirectory (RaftStorageDirectory.java:tryLock(328)) - Lock on /workdir/hadoop-ozone/integration-test/target/test-dir/MiniOzoneClusterImpl-c3eb0697-53d0-4f00-8b35-781957cf75c5/datanode-4/data/ratis/7dc62c3a-c981-41a8-a2b3-64b83545faeb/in_use.lock acquired by nodename 16102@pr-hdds-2174-pqx5g-486351168
2019-09-25 05:32:24,570 [pool-189-thread-1] INFO  storage.RaftStorage (RaftStorage.java:format(72)) - Storage directory /workdir/hadoop-ozone/integration-test/target/test-dir/MiniOzoneClusterImpl-c3eb0697-53d0-4f00-8b35-781957cf75c5/datanode-4/data/ratis/7dc62c3a-c981-41a8-a2b3-64b83545faeb has been successfully formatted.
2019-09-25 05:32:24,570 [pool-239-thread-1] INFO  storage.RaftStorage (RaftStorage.java:format(72)) - Storage directory /workdir/hadoop-ozone/integration-test/target/test-dir/MiniOzoneClusterImpl-c3eb0697-53d0-4f00-8b35-781957cf75c5/datanode-9/data/ratis/eeca6e8f-27ce-40c5-869f-19cc27109c97 has been successfully formatted.
2019-09-25 05:32:24,570 [pool-199-thread-1] INFO  storage.RaftStorage (RaftStorage.java:format(72)) - Storage directory /workdir/hadoop-ozone/integration-test/target/test-dir/MiniOzoneClusterImpl-c3eb0697-53d0-4f00-8b35-781957cf75c5/datanode-5/data/ratis/eeca6e8f-27ce-40c5-869f-19cc27109c97 has been successfully formatted.
2019-09-25 05:32:24,570 [pool-239-thread-1] INFO  ratis.ContainerStateMachine (ContainerStateMachine.java:loadSnapshot(230)) - group-19CC27109C97: The snapshot info is null. Setting the last applied indexto:(t:0, i:~)
2019-09-25 05:32:24,570 [pool-189-thread-1] INFO  ratis.ContainerStateMachine (ContainerStateMachine.java:loadSnapshot(230)) - group-64B83545FAEB: The snapshot info is null. Setting the last applied indexto:(t:0, i:~)
2019-09-25 05:32:24,570 [pool-239-thread-1] INFO  server.RaftServerConfigKeys (ConfUtils.java:logGet(43)) - raft.server.notification.no-leader.timeout = 120s (custom)
2019-09-25 05:32:24,570 [pool-199-thread-1] INFO  ratis.ContainerStateMachine (ContainerStateMachine.java:loadSnapshot(230)) - group-19CC27109C97: The snapshot info is null. Setting the last applied indexto:(t:0, i:~)
2019-09-25 05:32:24,571 [pool-239-thread-1] INFO  server.RaftServerConfigKeys (ConfUtils.java:logGet(43)) - raft.server.log.use.memory = false (default)
2019-09-25 05:32:24,570 [pool-189-thread-1] INFO  server.RaftServerConfigKeys (ConfUtils.java:logGet(43)) - raft.server.notification.no-leader.timeout = 120s (custom)
2019-09-25 05:32:24,571 [pool-239-thread-1] INFO  server.RaftServerConfigKeys (ConfUtils.java:logGet(43)) - raft.server.log.purge.gap = 1000000 (custom)
2019-09-25 05:32:24,571 [pool-199-thread-1] INFO  server.RaftServerConfigKeys (ConfUtils.java:logGet(43)) - raft.server.notification.no-leader.timeout = 120s (custom)
2019-09-25 05:32:24,571 [pool-239-thread-1] INFO  server.RaftServerConfigKeys (ConfUtils.java:logGet(43)) - raft.server.log.appender.buffer.byte-limit = 33554432 (custom)
2019-09-25 05:32:24,571 [pool-189-thread-1] INFO  server.RaftServerConfigKeys (ConfUtils.java:logGet(43)) - raft.server.log.use.memory = false (default)
2019-09-25 05:32:24,571 [pool-239-thread-1] INFO  server.RaftServerConfigKeys (ConfUtils.java:logGet(43)) - raft.server.log.segment.size.max = 1048576 (custom)
2019-09-25 05:32:24,571 [pool-199-thread-1] INFO  server.RaftServerConfigKeys (ConfUtils.java:logGet(43)) - raft.server.log.use.memory = false (default)
2019-09-25 05:32:24,572 [pool-239-thread-1] INFO  server.RaftServerConfigKeys (ConfUtils.java:logGet(43)) - raft.server.log.segment.cache.num.max = 2 (custom)
2019-09-25 05:32:24,572 [pool-189-thread-1] INFO  server.RaftServerConfigKeys (ConfUtils.java:logGet(43)) - raft.server.log.purge.gap = 1000000 (custom)
2019-09-25 05:32:24,572 [pool-239-thread-1] INFO  segmented.SegmentedRaftLogWorker (SegmentedRaftLogWorker.java:<init>(172)) - new 07d2a3d4-a08d-4ff2-9fee-7694a26bc9e9@group-19CC27109C97-SegmentedRaftLogWorker for RaftStorage:Storage Directory /workdir/hadoop-ozone/integration-test/target/test-dir/MiniOzoneClusterImpl-c3eb0697-53d0-4f00-8b35-781957cf75c5/datanode-9/data/ratis/eeca6e8f-27ce-40c5-869f-19cc27109c97
2019-09-25 05:32:24,572 [pool-199-thread-1] INFO  server.RaftServerConfigKeys (ConfUtils.java:logGet(43)) - raft.server.log.purge.gap = 1000000 (custom)
2019-09-25 05:32:24,572 [pool-239-thread-1] INFO  server.RaftServerConfigKeys (ConfUtils.java:logGet(43)) - raft.server.log.queue.byte-limit = 2147483647 (custom)
2019-09-25 05:32:24,572 [pool-189-thread-1] INFO  server.RaftServerConfigKeys (ConfUtils.java:logGet(43)) - raft.server.log.appender.buffer.byte-limit = 33554432 (custom)
2019-09-25 05:32:24,573 [pool-239-thread-1] INFO  server.RaftServerConfigKeys (ConfUtils.java:logGet(43)) - raft.server.log.queue.element-limit = 1024 (custom)
2019-09-25 05:32:24,572 [pool-199-thread-1] INFO  server.RaftServerConfigKeys (ConfUtils.java:logGet(43)) - raft.server.log.appender.buffer.byte-limit = 33554432 (custom)
2019-09-25 05:32:24,573 [pool-239-thread-1] INFO  server.RaftServerConfigKeys (ConfUtils.java:logGet(43)) - raft.server.log.segment.size.max = 1048576 (custom)
2019-09-25 05:32:24,573 [pool-189-thread-1] INFO  server.RaftServerConfigKeys (ConfUtils.java:logGet(43)) - raft.server.log.segment.size.max = 1048576 (custom)
2019-09-25 05:32:24,573 [pool-239-thread-1] INFO  server.RaftServerConfigKeys (ConfUtils.java:logGet(43)) - raft.server.log.preallocated.size = 16384 (custom)
2019-09-25 05:32:24,573 [pool-199-thread-1] INFO  server.RaftServerConfigKeys (ConfUtils.java:logGet(43)) - raft.server.log.segment.size.max = 1048576 (custom)
2019-09-25 05:32:24,573 [pool-239-thread-1] INFO  server.RaftServerConfigKeys (ConfUtils.java:logGet(43)) - raft.server.log.write.buffer.size = 33554432 (custom)
2019-09-25 05:32:24,573 [pool-189-thread-1] INFO  server.RaftServerConfigKeys (ConfUtils.java:logGet(43)) - raft.server.log.segment.cache.num.max = 2 (custom)
2019-09-25 05:32:24,574 [pool-239-thread-1] INFO  server.RaftServerConfigKeys (ConfUtils.java:logGet(43)) - raft.server.log.force.sync.num = 128 (default)
2019-09-25 05:32:24,574 [pool-199-thread-1] INFO  server.RaftServerConfigKeys (ConfUtils.java:logGet(43)) - raft.server.log.segment.cache.num.max = 2 (custom)
2019-09-25 05:32:24,574 [pool-239-thread-1] INFO  server.RaftServerConfigKeys (ConfUtils.java:logGet(43)) - raft.server.log.statemachine.data.sync = true (default)
2019-09-25 05:32:24,574 [pool-189-thread-1] INFO  segmented.SegmentedRaftLogWorker (SegmentedRaftLogWorker.java:<init>(172)) - new 718f5985-af6b-46f0-b376-36c68e33e3c2@group-64B83545FAEB-SegmentedRaftLogWorker for RaftStorage:Storage Directory /workdir/hadoop-ozone/integration-test/target/test-dir/MiniOzoneClusterImpl-c3eb0697-53d0-4f00-8b35-781957cf75c5/datanode-4/data/ratis/7dc62c3a-c981-41a8-a2b3-64b83545faeb
2019-09-25 05:32:24,574 [pool-239-thread-1] INFO  server.RaftServerConfigKeys (ConfUtils.java:logGet(43)) - raft.server.log.statemachine.data.sync.timeout = 10s (default)
2019-09-25 05:32:24,574 [pool-199-thread-1] INFO  segmented.SegmentedRaftLogWorker (SegmentedRaftLogWorker.java:<init>(172)) - new 7d339ff4-0353-45b5-a855-49faf6b9a877@group-19CC27109C97-SegmentedRaftLogWorker for RaftStorage:Storage Directory /workdir/hadoop-ozone/integration-test/target/test-dir/MiniOzoneClusterImpl-c3eb0697-53d0-4f00-8b35-781957cf75c5/datanode-5/data/ratis/eeca6e8f-27ce-40c5-869f-19cc27109c97
2019-09-25 05:32:24,575 [pool-239-thread-1] INFO  server.RaftServerConfigKeys (ConfUtils.java:logGet(43)) - raft.server.log.statemachine.data.sync.timeout.retry = -1 (default)
2019-09-25 05:32:24,575 [pool-189-thread-1] INFO  server.RaftServerConfigKeys (ConfUtils.java:logGet(43)) - raft.server.log.queue.byte-limit = 2147483647 (custom)
2019-09-25 05:32:24,575 [pool-239-thread-1] INFO  server.RaftServerConfigKeys (ConfUtils.java:logGet(43)) - raft.server.log.statemachine.data.caching.enabled = true (custom)
2019-09-25 05:32:24,575 [pool-199-thread-1] INFO  server.RaftServerConfigKeys (ConfUtils.java:logGet(43)) - raft.server.log.queue.byte-limit = 2147483647 (custom)
2019-09-25 05:32:24,575 [pool-189-thread-1] INFO  server.RaftServerConfigKeys (ConfUtils.java:logGet(43)) - raft.server.log.queue.element-limit = 1024 (custom)
2019-09-25 05:32:24,575 [pool-199-thread-1] INFO  server.RaftServerConfigKeys (ConfUtils.java:logGet(43)) - raft.server.log.queue.element-limit = 1024 (custom)
2019-09-25 05:32:24,575 [pool-239-thread-1] INFO  segmented.SegmentedRaftLogWorker (SegmentedRaftLogWorker.java:lambda$new$0(132)) - 07d2a3d4-a08d-4ff2-9fee-7694a26bc9e9@group-19CC27109C97-SegmentedRaftLogWorker: flushIndex: setUnconditionally 0 -> -1
2019-09-25 05:32:24,576 [pool-199-thread-1] INFO  server.RaftServerConfigKeys (ConfUtils.java:logGet(43)) - raft.server.log.segment.size.max = 1048576 (custom)
2019-09-25 05:32:24,576 [pool-189-thread-1] INFO  server.RaftServerConfigKeys (ConfUtils.java:logGet(43)) - raft.server.log.segment.size.max = 1048576 (custom)
2019-09-25 05:32:24,576 [pool-239-thread-1] INFO  server.RaftServerConfigKeys (ConfUtils.java:logGet(43)) - raft.server.snapshot.auto.trigger.enabled = true (custom)
2019-09-25 05:32:24,576 [pool-199-thread-1] INFO  server.RaftServerConfigKeys (ConfUtils.java:logGet(43)) - raft.server.log.preallocated.size = 16384 (custom)
2019-09-25 05:32:24,576 [pool-239-thread-1] INFO  server.RaftServerConfigKeys (ConfUtils.java:logGet(43)) - raft.server.snapshot.auto.trigger.threshold = 10000 (custom)
2019-09-25 05:32:24,576 [pool-189-thread-1] INFO  server.RaftServerConfigKeys (ConfUtils.java:logGet(43)) - raft.server.log.preallocated.size = 16384 (custom)
2019-09-25 05:32:24,577 [pool-239-thread-1] INFO  server.RaftServerConfigKeys (ConfUtils.java:logGet(43)) - raft.server.snapshot.retention.num.files = 5 (custom)
2019-09-25 05:32:24,576 [pool-199-thread-1] INFO  server.RaftServerConfigKeys (ConfUtils.java:logGet(43)) - raft.server.log.write.buffer.size = 33554432 (custom)
2019-09-25 05:32:24,577 [pool-239-thread-1] INFO  server.RaftServerConfigKeys (ConfUtils.java:logGet(43)) - raft.server.retrycache.expirytime = 600000ms (custom)
2019-09-25 05:32:24,577 [pool-189-thread-1] INFO  server.RaftServerConfigKeys (ConfUtils.java:logGet(43)) - raft.server.log.write.buffer.size = 33554432 (custom)
2019-09-25 05:32:24,577 [pool-199-thread-1] INFO  server.RaftServerConfigKeys (ConfUtils.java:logGet(43)) - raft.server.log.force.sync.num = 128 (default)
2019-09-25 05:32:24,577 [pool-189-thread-1] INFO  server.RaftServerConfigKeys (ConfUtils.java:logGet(43)) - raft.server.log.force.sync.num = 128 (default)
2019-09-25 05:32:24,578 [pool-199-thread-1] INFO  server.RaftServerConfigKeys (ConfUtils.java:logGet(43)) - raft.server.log.statemachine.data.sync = true (default)
2019-09-25 05:32:24,578 [pool-189-thread-1] INFO  server.RaftServerConfigKeys (ConfUtils.java:logGet(43)) - raft.server.log.statemachine.data.sync = true (default)
2019-09-25 05:32:24,578 [pool-199-thread-1] INFO  server.RaftServerConfigKeys (ConfUtils.java:logGet(43)) - raft.server.log.statemachine.data.sync.timeout = 10s (default)
2019-09-25 05:32:24,578 [pool-189-thread-1] INFO  server.RaftServerConfigKeys (ConfUtils.java:logGet(43)) - raft.server.log.statemachine.data.sync.timeout = 10s (default)
2019-09-25 05:32:24,578 [pool-199-thread-1] INFO  server.RaftServerConfigKeys (ConfUtils.java:logGet(43)) - raft.server.log.statemachine.data.sync.timeout.retry = -1 (default)
2019-09-25 05:32:24,579 [pool-189-thread-1] INFO  server.RaftServerConfigKeys (ConfUtils.java:logGet(43)) - raft.server.log.statemachine.data.sync.timeout.retry = -1 (default)
2019-09-25 05:32:24,579 [pool-199-thread-1] INFO  server.RaftServerConfigKeys (ConfUtils.java:logGet(43)) - raft.server.log.statemachine.data.caching.enabled = true (custom)
2019-09-25 05:32:24,579 [pool-189-thread-1] INFO  server.RaftServerConfigKeys (ConfUtils.java:logGet(43)) - raft.server.log.statemachine.data.caching.enabled = true (custom)
2019-09-25 05:32:24,579 [pool-199-thread-1] INFO  segmented.SegmentedRaftLogWorker (SegmentedRaftLogWorker.java:lambda$new$0(132)) - 7d339ff4-0353-45b5-a855-49faf6b9a877@group-19CC27109C97-SegmentedRaftLogWorker: flushIndex: setUnconditionally 0 -> -1
2019-09-25 05:32:24,579 [pool-189-thread-1] INFO  segmented.SegmentedRaftLogWorker (SegmentedRaftLogWorker.java:lambda$new$0(132)) - 718f5985-af6b-46f0-b376-36c68e33e3c2@group-64B83545FAEB-SegmentedRaftLogWorker: flushIndex: setUnconditionally 0 -> -1
2019-09-25 05:32:24,580 [pool-199-thread-1] INFO  server.RaftServerConfigKeys (ConfUtils.java:logGet(43)) - raft.server.snapshot.auto.trigger.enabled = true (custom)
2019-09-25 05:32:24,580 [pool-189-thread-1] INFO  server.RaftServerConfigKeys (ConfUtils.java:logGet(43)) - raft.server.snapshot.auto.trigger.enabled = true (custom)
2019-09-25 05:32:24,580 [pool-199-thread-1] INFO  server.RaftServerConfigKeys (ConfUtils.java:logGet(43)) - raft.server.snapshot.auto.trigger.threshold = 10000 (custom)
2019-09-25 05:32:24,580 [pool-189-thread-1] INFO  server.RaftServerConfigKeys (ConfUtils.java:logGet(43)) - raft.server.snapshot.auto.trigger.threshold = 10000 (custom)
2019-09-25 05:32:24,580 [pool-199-thread-1] INFO  server.RaftServerConfigKeys (ConfUtils.java:logGet(43)) - raft.server.snapshot.retention.num.files = 5 (custom)
2019-09-25 05:32:24,580 [pool-189-thread-1] INFO  server.RaftServerConfigKeys (ConfUtils.java:logGet(43)) - raft.server.snapshot.retention.num.files = 5 (custom)
2019-09-25 05:32:24,581 [pool-239-thread-1] INFO  impl.RaftServerImpl (RaftServerImpl.java:start(185)) - 07d2a3d4-a08d-4ff2-9fee-7694a26bc9e9@group-FABB21EF17C7: start as a follower, conf=-1: [07d2a3d4-a08d-4ff2-9fee-7694a26bc9e9:192.168.36.126:42527, 718f5985-af6b-46f0-b376-36c68e33e3c2:192.168.36.126:33516, 7d339ff4-0353-45b5-a855-49faf6b9a877:192.168.36.126:33810], old=null
2019-09-25 05:32:24,581 [pool-199-thread-1] INFO  server.RaftServerConfigKeys (ConfUtils.java:logGet(43)) - raft.server.retrycache.expirytime = 600000ms (custom)
2019-09-25 05:32:24,581 [pool-239-thread-1] INFO  impl.RaftServerImpl (RaftServerImpl.java:setRole(174)) - 07d2a3d4-a08d-4ff2-9fee-7694a26bc9e9@group-FABB21EF17C7: changes role from      null to FOLLOWER at term 0 for startAsFollower
2019-09-25 05:32:24,581 [pool-189-thread-1] INFO  server.RaftServerConfigKeys (ConfUtils.java:logGet(43)) - raft.server.retrycache.expirytime = 600000ms (custom)
2019-09-25 05:32:24,581 [pool-239-thread-1] INFO  impl.RoleInfo (RoleInfo.java:updateAndGet(143)) - 07d2a3d4-a08d-4ff2-9fee-7694a26bc9e9: start FollowerState
2019-09-25 05:32:24,582 [pool-239-thread-1] INFO  util.JmxRegister (JmxRegister.java:tryRegister(44)) - Successfully registered JMX Bean with object name Ratis:service=RaftServer,group=group-FABB21EF17C7,id=07d2a3d4-a08d-4ff2-9fee-7694a26bc9e9
2019-09-25 05:32:24,584 [pool-199-thread-1] INFO  impl.RaftServerImpl (RaftServerImpl.java:start(185)) - 7d339ff4-0353-45b5-a855-49faf6b9a877@group-FABB21EF17C7: start as a follower, conf=-1: [07d2a3d4-a08d-4ff2-9fee-7694a26bc9e9:192.168.36.126:42527, 718f5985-af6b-46f0-b376-36c68e33e3c2:192.168.36.126:33516, 7d339ff4-0353-45b5-a855-49faf6b9a877:192.168.36.126:33810], old=null
2019-09-25 05:32:24,584 [pool-199-thread-1] INFO  impl.RaftServerImpl (RaftServerImpl.java:setRole(174)) - 7d339ff4-0353-45b5-a855-49faf6b9a877@group-FABB21EF17C7: changes role from      null to FOLLOWER at term 0 for startAsFollower
2019-09-25 05:32:24,584 [pool-239-thread-1] INFO  impl.RaftServerImpl (RaftServerImpl.java:<init>(95)) - 07d2a3d4-a08d-4ff2-9fee-7694a26bc9e9: new RaftServerImpl for group-8EE3C38B4941:[07d2a3d4-a08d-4ff2-9fee-7694a26bc9e9:192.168.36.126:42527, 718f5985-af6b-46f0-b376-36c68e33e3c2:192.168.36.126:33516, 7d339ff4-0353-45b5-a855-49faf6b9a877:192.168.36.126:33810] with ContainerStateMachine:uninitialized
2019-09-25 05:32:24,584 [pool-239-thread-1] INFO  server.RaftServerConfigKeys (ConfUtils.java:logGet(43)) - raft.server.rpc.timeout.min = 1s (custom)
2019-09-25 05:32:24,584 [pool-199-thread-1] INFO  impl.RoleInfo (RoleInfo.java:updateAndGet(143)) - 7d339ff4-0353-45b5-a855-49faf6b9a877: start FollowerState
2019-09-25 05:32:24,584 [pool-239-thread-1] INFO  server.RaftServerConfigKeys (ConfUtils.java:logGet(43)) - raft.server.rpc.timeout.max = 1200ms (custom)
2019-09-25 05:32:24,585 [pool-239-thread-1] INFO  server.RaftServerConfigKeys (ConfUtils.java:logGet(43)) - raft.server.rpcslowness.timeout = 120s (custom)
2019-09-25 05:32:24,585 [pool-199-thread-1] INFO  util.JmxRegister (JmxRegister.java:tryRegister(44)) - Successfully registered JMX Bean with object name Ratis:service=RaftServer,group=group-FABB21EF17C7,id=7d339ff4-0353-45b5-a855-49faf6b9a877
2019-09-25 05:32:24,585 [pool-239-thread-1] INFO  server.RaftServerConfigKeys (ConfUtils.java:logGet(43)) - raft.server.sleep.deviation.threshold = 300 (default)
2019-09-25 05:32:24,585 [pool-239-thread-1] INFO  server.RaftServerConfigKeys (ConfUtils.java:logGet(43)) - raft.server.log.appender.install.snapshot.enabled = false (custom)
2019-09-25 05:32:24,585 [pool-239-thread-1] INFO  impl.RaftServerImpl (ServerState.java:<init>(103)) - 07d2a3d4-a08d-4ff2-9fee-7694a26bc9e9@group-8EE3C38B4941: ConfigurationManager, init=-1: [07d2a3d4-a08d-4ff2-9fee-7694a26bc9e9:192.168.36.126:42527, 718f5985-af6b-46f0-b376-36c68e33e3c2:192.168.36.126:33516, 7d339ff4-0353-45b5-a855-49faf6b9a877:192.168.36.126:33810], old=null, confs=<EMPTY_MAP>
2019-09-25 05:32:24,586 [pool-189-thread-1] INFO  impl.RaftServerImpl (RaftServerImpl.java:<init>(95)) - 718f5985-af6b-46f0-b376-36c68e33e3c2: new RaftServerImpl for group-19CC27109C97:[07d2a3d4-a08d-4ff2-9fee-7694a26bc9e9:192.168.36.126:42527, 718f5985-af6b-46f0-b376-36c68e33e3c2:192.168.36.126:33516, 7d339ff4-0353-45b5-a855-49faf6b9a877:192.168.36.126:33810] with ContainerStateMachine:uninitialized
2019-09-25 05:32:24,586 [pool-239-thread-1] INFO  server.RaftServerConfigKeys (ConfUtils.java:logGet(43)) - raft.server.storage.dir = [/workdir/hadoop-ozone/integration-test/target/test-dir/MiniOzoneClusterImpl-c3eb0697-53d0-4f00-8b35-781957cf75c5/datanode-9/data/ratis] (custom)
2019-09-25 05:32:24,586 [pool-189-thread-1] INFO  server.RaftServerConfigKeys (ConfUtils.java:logGet(43)) - raft.server.rpc.timeout.min = 1s (custom)
2019-09-25 05:32:24,586 [pool-189-thread-1] INFO  server.RaftServerConfigKeys (ConfUtils.java:logGet(43)) - raft.server.rpc.timeout.max = 1200ms (custom)
2019-09-25 05:32:24,586 [pool-189-thread-1] INFO  server.RaftServerConfigKeys (ConfUtils.java:logGet(43)) - raft.server.rpcslowness.timeout = 120s (custom)
2019-09-25 05:32:24,586 [pool-239-thread-1] INFO  storage.RaftStorageDirectory (RaftStorageDirectory.java:analyzeStorage(246)) - The storage directory /workdir/hadoop-ozone/integration-test/target/test-dir/MiniOzoneClusterImpl-c3eb0697-53d0-4f00-8b35-781957cf75c5/datanode-9/data/ratis/c4dc958e-4e23-41a9-bb27-8ee3c38b4941 does not exist. Creating ...
2019-09-25 05:32:24,586 [pool-199-thread-1] INFO  impl.RaftServerImpl (RaftServerImpl.java:<init>(95)) - 7d339ff4-0353-45b5-a855-49faf6b9a877: new RaftServerImpl for group-8EE3C38B4941:[07d2a3d4-a08d-4ff2-9fee-7694a26bc9e9:192.168.36.126:42527, 718f5985-af6b-46f0-b376-36c68e33e3c2:192.168.36.126:33516, 7d339ff4-0353-45b5-a855-49faf6b9a877:192.168.36.126:33810] with ContainerStateMachine:uninitialized
2019-09-25 05:32:24,586 [pool-189-thread-1] INFO  server.RaftServerConfigKeys (ConfUtils.java:logGet(43)) - raft.server.sleep.deviation.threshold = 300 (default)
2019-09-25 05:32:24,587 [pool-199-thread-1] INFO  server.RaftServerConfigKeys (ConfUtils.java:logGet(43)) - raft.server.rpc.timeout.min = 1s (custom)
2019-09-25 05:32:24,587 [pool-189-thread-1] INFO  server.RaftServerConfigKeys (ConfUtils.java:logGet(43)) - raft.server.log.appender.install.snapshot.enabled = false (custom)
2019-09-25 05:32:24,587 [pool-199-thread-1] INFO  server.RaftServerConfigKeys (ConfUtils.java:logGet(43)) - raft.server.rpc.timeout.max = 1200ms (custom)
2019-09-25 05:32:24,587 [pool-189-thread-1] INFO  impl.RaftServerImpl (ServerState.java:<init>(103)) - 718f5985-af6b-46f0-b376-36c68e33e3c2@group-19CC27109C97: ConfigurationManager, init=-1: [07d2a3d4-a08d-4ff2-9fee-7694a26bc9e9:192.168.36.126:42527, 718f5985-af6b-46f0-b376-36c68e33e3c2:192.168.36.126:33516, 7d339ff4-0353-45b5-a855-49faf6b9a877:192.168.36.126:33810], old=null, confs=<EMPTY_MAP>
2019-09-25 05:32:24,587 [pool-199-thread-1] INFO  server.RaftServerConfigKeys (ConfUtils.java:logGet(43)) - raft.server.rpcslowness.timeout = 120s (custom)
2019-09-25 05:32:24,587 [pool-189-thread-1] INFO  server.RaftServerConfigKeys (ConfUtils.java:logGet(43)) - raft.server.storage.dir = [/workdir/hadoop-ozone/integration-test/target/test-dir/MiniOzoneClusterImpl-c3eb0697-53d0-4f00-8b35-781957cf75c5/datanode-4/data/ratis] (custom)
2019-09-25 05:32:24,587 [pool-199-thread-1] INFO  server.RaftServerConfigKeys (ConfUtils.java:logGet(43)) - raft.server.sleep.deviation.threshold = 300 (default)
2019-09-25 05:32:24,588 [pool-199-thread-1] INFO  server.RaftServerConfigKeys (ConfUtils.java:logGet(43)) - raft.server.log.appender.install.snapshot.enabled = false (custom)
2019-09-25 05:32:24,588 [pool-199-thread-1] INFO  impl.RaftServerImpl (ServerState.java:<init>(103)) - 7d339ff4-0353-45b5-a855-49faf6b9a877@group-8EE3C38B4941: ConfigurationManager, init=-1: [07d2a3d4-a08d-4ff2-9fee-7694a26bc9e9:192.168.36.126:42527, 718f5985-af6b-46f0-b376-36c68e33e3c2:192.168.36.126:33516, 7d339ff4-0353-45b5-a855-49faf6b9a877:192.168.36.126:33810], old=null, confs=<EMPTY_MAP>
2019-09-25 05:32:24,588 [pool-189-thread-1] INFO  storage.RaftStorageDirectory (RaftStorageDirectory.java:analyzeStorage(246)) - The storage directory /workdir/hadoop-ozone/integration-test/target/test-dir/MiniOzoneClusterImpl-c3eb0697-53d0-4f00-8b35-781957cf75c5/datanode-4/data/ratis/eeca6e8f-27ce-40c5-869f-19cc27109c97 does not exist. Creating ...
2019-09-25 05:32:24,588 [pool-199-thread-1] INFO  server.RaftServerConfigKeys (ConfUtils.java:logGet(43)) - raft.server.storage.dir = [/workdir/hadoop-ozone/integration-test/target/test-dir/MiniOzoneClusterImpl-c3eb0697-53d0-4f00-8b35-781957cf75c5/datanode-5/data/ratis] (custom)
2019-09-25 05:32:24,588 [pool-199-thread-1] INFO  storage.RaftStorageDirectory (RaftStorageDirectory.java:analyzeStorage(246)) - The storage directory /workdir/hadoop-ozone/integration-test/target/test-dir/MiniOzoneClusterImpl-c3eb0697-53d0-4f00-8b35-781957cf75c5/datanode-5/data/ratis/c4dc958e-4e23-41a9-bb27-8ee3c38b4941 does not exist. Creating ...
2019-09-25 05:32:24,603 [pool-199-thread-1] INFO  storage.RaftStorageDirectory (RaftStorageDirectory.java:tryLock(328)) - Lock on /workdir/hadoop-ozone/integration-test/target/test-dir/MiniOzoneClusterImpl-c3eb0697-53d0-4f00-8b35-781957cf75c5/datanode-5/data/ratis/c4dc958e-4e23-41a9-bb27-8ee3c38b4941/in_use.lock acquired by nodename 16102@pr-hdds-2174-pqx5g-486351168
2019-09-25 05:32:24,603 [pool-239-thread-1] INFO  storage.RaftStorageDirectory (RaftStorageDirectory.java:tryLock(328)) - Lock on /workdir/hadoop-ozone/integration-test/target/test-dir/MiniOzoneClusterImpl-c3eb0697-53d0-4f00-8b35-781957cf75c5/datanode-9/data/ratis/c4dc958e-4e23-41a9-bb27-8ee3c38b4941/in_use.lock acquired by nodename 16102@pr-hdds-2174-pqx5g-486351168
2019-09-25 05:32:24,603 [pool-189-thread-1] INFO  storage.RaftStorageDirectory (RaftStorageDirectory.java:tryLock(328)) - Lock on /workdir/hadoop-ozone/integration-test/target/test-dir/MiniOzoneClusterImpl-c3eb0697-53d0-4f00-8b35-781957cf75c5/datanode-4/data/ratis/eeca6e8f-27ce-40c5-869f-19cc27109c97/in_use.lock acquired by nodename 16102@pr-hdds-2174-pqx5g-486351168
2019-09-25 05:32:24,619 [pool-199-thread-1] INFO  storage.RaftStorage (RaftStorage.java:format(72)) - Storage directory /workdir/hadoop-ozone/integration-test/target/test-dir/MiniOzoneClusterImpl-c3eb0697-53d0-4f00-8b35-781957cf75c5/datanode-5/data/ratis/c4dc958e-4e23-41a9-bb27-8ee3c38b4941 has been successfully formatted.
2019-09-25 05:32:24,619 [pool-239-thread-1] INFO  storage.RaftStorage (RaftStorage.java:format(72)) - Storage directory /workdir/hadoop-ozone/integration-test/target/test-dir/MiniOzoneClusterImpl-c3eb0697-53d0-4f00-8b35-781957cf75c5/datanode-9/data/ratis/c4dc958e-4e23-41a9-bb27-8ee3c38b4941 has been successfully formatted.
2019-09-25 05:32:24,619 [pool-189-thread-1] INFO  storage.RaftStorage (RaftStorage.java:format(72)) - Storage directory /workdir/hadoop-ozone/integration-test/target/test-dir/MiniOzoneClusterImpl-c3eb0697-53d0-4f00-8b35-781957cf75c5/datanode-4/data/ratis/eeca6e8f-27ce-40c5-869f-19cc27109c97 has been successfully formatted.
2019-09-25 05:32:24,620 [pool-239-thread-1] INFO  ratis.ContainerStateMachine (ContainerStateMachine.java:loadSnapshot(230)) - group-8EE3C38B4941: The snapshot info is null. Setting the last applied indexto:(t:0, i:~)
2019-09-25 05:32:24,620 [pool-199-thread-1] INFO  ratis.ContainerStateMachine (ContainerStateMachine.java:loadSnapshot(230)) - group-8EE3C38B4941: The snapshot info is null. Setting the last applied indexto:(t:0, i:~)
2019-09-25 05:32:24,620 [pool-239-thread-1] INFO  server.RaftServerConfigKeys (ConfUtils.java:logGet(43)) - raft.server.notification.no-leader.timeout = 120s (custom)
2019-09-25 05:32:24,620 [pool-189-thread-1] INFO  ratis.ContainerStateMachine (ContainerStateMachine.java:loadSnapshot(230)) - group-19CC27109C97: The snapshot info is null. Setting the last applied indexto:(t:0, i:~)
2019-09-25 05:32:24,620 [pool-239-thread-1] INFO  server.RaftServerConfigKeys (ConfUtils.java:logGet(43)) - raft.server.log.use.memory = false (default)
2019-09-25 05:32:24,620 [pool-199-thread-1] INFO  server.RaftServerConfigKeys (ConfUtils.java:logGet(43)) - raft.server.notification.no-leader.timeout = 120s (custom)
2019-09-25 05:32:24,620 [pool-239-thread-1] INFO  server.RaftServerConfigKeys (ConfUtils.java:logGet(43)) - raft.server.log.purge.gap = 1000000 (custom)
2019-09-25 05:32:24,620 [pool-189-thread-1] INFO  server.RaftServerConfigKeys (ConfUtils.java:logGet(43)) - raft.server.notification.no-leader.timeout = 120s (custom)
2019-09-25 05:32:24,621 [pool-239-thread-1] INFO  server.RaftServerConfigKeys (ConfUtils.java:logGet(43)) - raft.server.log.appender.buffer.byte-limit = 33554432 (custom)
2019-09-25 05:32:24,621 [pool-199-thread-1] INFO  server.RaftServerConfigKeys (ConfUtils.java:logGet(43)) - raft.server.log.use.memory = false (default)
2019-09-25 05:32:24,621 [pool-239-thread-1] INFO  server.RaftServerConfigKeys (ConfUtils.java:logGet(43)) - raft.server.log.segment.size.max = 1048576 (custom)
2019-09-25 05:32:24,621 [pool-189-thread-1] INFO  server.RaftServerConfigKeys (ConfUtils.java:logGet(43)) - raft.server.log.use.memory = false (default)
2019-09-25 05:32:24,621 [pool-239-thread-1] INFO  server.RaftServerConfigKeys (ConfUtils.java:logGet(43)) - raft.server.log.segment.cache.num.max = 2 (custom)
2019-09-25 05:32:24,621 [pool-199-thread-1] INFO  server.RaftServerConfigKeys (ConfUtils.java:logGet(43)) - raft.server.log.purge.gap = 1000000 (custom)
2019-09-25 05:32:24,621 [pool-239-thread-1] INFO  segmented.SegmentedRaftLogWorker (SegmentedRaftLogWorker.java:<init>(172)) - new 07d2a3d4-a08d-4ff2-9fee-7694a26bc9e9@group-8EE3C38B4941-SegmentedRaftLogWorker for RaftStorage:Storage Directory /workdir/hadoop-ozone/integration-test/target/test-dir/MiniOzoneClusterImpl-c3eb0697-53d0-4f00-8b35-781957cf75c5/datanode-9/data/ratis/c4dc958e-4e23-41a9-bb27-8ee3c38b4941
2019-09-25 05:32:24,621 [pool-189-thread-1] INFO  server.RaftServerConfigKeys (ConfUtils.java:logGet(43)) - raft.server.log.purge.gap = 1000000 (custom)
2019-09-25 05:32:24,622 [pool-239-thread-1] INFO  server.RaftServerConfigKeys (ConfUtils.java:logGet(43)) - raft.server.log.queue.byte-limit = 2147483647 (custom)
2019-09-25 05:32:24,622 [pool-239-thread-1] INFO  server.RaftServerConfigKeys (ConfUtils.java:logGet(43)) - raft.server.log.queue.element-limit = 1024 (custom)
2019-09-25 05:32:24,622 [pool-199-thread-1] INFO  server.RaftServerConfigKeys (ConfUtils.java:logGet(43)) - raft.server.log.appender.buffer.byte-limit = 33554432 (custom)
2019-09-25 05:32:24,622 [pool-239-thread-1] INFO  server.RaftServerConfigKeys (ConfUtils.java:logGet(43)) - raft.server.log.segment.size.max = 1048576 (custom)
2019-09-25 05:32:24,622 [pool-189-thread-1] INFO  server.RaftServerConfigKeys (ConfUtils.java:logGet(43)) - raft.server.log.appender.buffer.byte-limit = 33554432 (custom)
2019-09-25 05:32:24,622 [pool-239-thread-1] INFO  server.RaftServerConfigKeys (ConfUtils.java:logGet(43)) - raft.server.log.preallocated.size = 16384 (custom)
2019-09-25 05:32:24,622 [pool-199-thread-1] INFO  server.RaftServerConfigKeys (ConfUtils.java:logGet(43)) - raft.server.log.segment.size.max = 1048576 (custom)
2019-09-25 05:32:24,622 [pool-239-thread-1] INFO  server.RaftServerConfigKeys (ConfUtils.java:logGet(43)) - raft.server.log.write.buffer.size = 33554432 (custom)
2019-09-25 05:32:24,622 [pool-189-thread-1] INFO  server.RaftServerConfigKeys (ConfUtils.java:logGet(43)) - raft.server.log.segment.size.max = 1048576 (custom)
2019-09-25 05:32:24,623 [pool-239-thread-1] INFO  server.RaftServerConfigKeys (ConfUtils.java:logGet(43)) - raft.server.log.force.sync.num = 128 (default)
2019-09-25 05:32:24,623 [pool-199-thread-1] INFO  server.RaftServerConfigKeys (ConfUtils.java:logGet(43)) - raft.server.log.segment.cache.num.max = 2 (custom)
2019-09-25 05:32:24,623 [pool-239-thread-1] INFO  server.RaftServerConfigKeys (ConfUtils.java:logGet(43)) - raft.server.log.statemachine.data.sync = true (default)
2019-09-25 05:32:24,623 [pool-189-thread-1] INFO  server.RaftServerConfigKeys (ConfUtils.java:logGet(43)) - raft.server.log.segment.cache.num.max = 2 (custom)
2019-09-25 05:32:24,623 [pool-239-thread-1] INFO  server.RaftServerConfigKeys (ConfUtils.java:logGet(43)) - raft.server.log.statemachine.data.sync.timeout = 10s (default)
2019-09-25 05:32:24,623 [pool-199-thread-1] INFO  segmented.SegmentedRaftLogWorker (SegmentedRaftLogWorker.java:<init>(172)) - new 7d339ff4-0353-45b5-a855-49faf6b9a877@group-8EE3C38B4941-SegmentedRaftLogWorker for RaftStorage:Storage Directory /workdir/hadoop-ozone/integration-test/target/test-dir/MiniOzoneClusterImpl-c3eb0697-53d0-4f00-8b35-781957cf75c5/datanode-5/data/ratis/c4dc958e-4e23-41a9-bb27-8ee3c38b4941
2019-09-25 05:32:24,623 [pool-239-thread-1] INFO  server.RaftServerConfigKeys (ConfUtils.java:logGet(43)) - raft.server.log.statemachine.data.sync.timeout.retry = -1 (default)
2019-09-25 05:32:24,623 [pool-189-thread-1] INFO  segmented.SegmentedRaftLogWorker (SegmentedRaftLogWorker.java:<init>(172)) - new 718f5985-af6b-46f0-b376-36c68e33e3c2@group-19CC27109C97-SegmentedRaftLogWorker for RaftStorage:Storage Directory /workdir/hadoop-ozone/integration-test/target/test-dir/MiniOzoneClusterImpl-c3eb0697-53d0-4f00-8b35-781957cf75c5/datanode-4/data/ratis/eeca6e8f-27ce-40c5-869f-19cc27109c97
2019-09-25 05:32:24,624 [pool-239-thread-1] INFO  server.RaftServerConfigKeys (ConfUtils.java:logGet(43)) - raft.server.log.statemachine.data.caching.enabled = true (custom)
2019-09-25 05:32:24,624 [pool-199-thread-1] INFO  server.RaftServerConfigKeys (ConfUtils.java:logGet(43)) - raft.server.log.queue.byte-limit = 2147483647 (custom)
2019-09-25 05:32:24,624 [pool-189-thread-1] INFO  server.RaftServerConfigKeys (ConfUtils.java:logGet(43)) - raft.server.log.queue.byte-limit = 2147483647 (custom)
2019-09-25 05:32:24,624 [pool-199-thread-1] INFO  server.RaftServerConfigKeys (ConfUtils.java:logGet(43)) - raft.server.log.queue.element-limit = 1024 (custom)
2019-09-25 05:32:24,624 [pool-239-thread-1] INFO  segmented.SegmentedRaftLogWorker (SegmentedRaftLogWorker.java:lambda$new$0(132)) - 07d2a3d4-a08d-4ff2-9fee-7694a26bc9e9@group-8EE3C38B4941-SegmentedRaftLogWorker: flushIndex: setUnconditionally 0 -> -1
2019-09-25 05:32:24,624 [pool-199-thread-1] INFO  server.RaftServerConfigKeys (ConfUtils.java:logGet(43)) - raft.server.log.segment.size.max = 1048576 (custom)
2019-09-25 05:32:24,624 [pool-189-thread-1] INFO  server.RaftServerConfigKeys (ConfUtils.java:logGet(43)) - raft.server.log.queue.element-limit = 1024 (custom)
2019-09-25 05:32:24,625 [pool-239-thread-1] INFO  server.RaftServerConfigKeys (ConfUtils.java:logGet(43)) - raft.server.snapshot.auto.trigger.enabled = true (custom)
2019-09-25 05:32:24,625 [pool-199-thread-1] INFO  server.RaftServerConfigKeys (ConfUtils.java:logGet(43)) - raft.server.log.preallocated.size = 16384 (custom)
2019-09-25 05:32:24,625 [pool-239-thread-1] INFO  server.RaftServerConfigKeys (ConfUtils.java:logGet(43)) - raft.server.snapshot.auto.trigger.threshold = 10000 (custom)
2019-09-25 05:32:24,625 [pool-189-thread-1] INFO  server.RaftServerConfigKeys (ConfUtils.java:logGet(43)) - raft.server.log.segment.size.max = 1048576 (custom)
2019-09-25 05:32:24,625 [pool-239-thread-1] INFO  server.RaftServerConfigKeys (ConfUtils.java:logGet(43)) - raft.server.snapshot.retention.num.files = 5 (custom)
2019-09-25 05:32:24,625 [pool-199-thread-1] INFO  server.RaftServerConfigKeys (ConfUtils.java:logGet(43)) - raft.server.log.write.buffer.size = 33554432 (custom)
2019-09-25 05:32:24,625 [pool-239-thread-1] INFO  server.RaftServerConfigKeys (ConfUtils.java:logGet(43)) - raft.server.retrycache.expirytime = 600000ms (custom)
2019-09-25 05:32:24,625 [pool-189-thread-1] INFO  server.RaftServerConfigKeys (ConfUtils.java:logGet(43)) - raft.server.log.preallocated.size = 16384 (custom)
2019-09-25 05:32:24,625 [pool-199-thread-1] INFO  server.RaftServerConfigKeys (ConfUtils.java:logGet(43)) - raft.server.log.force.sync.num = 128 (default)
2019-09-25 05:32:24,626 [pool-189-thread-1] INFO  server.RaftServerConfigKeys (ConfUtils.java:logGet(43)) - raft.server.log.write.buffer.size = 33554432 (custom)
2019-09-25 05:32:24,626 [pool-199-thread-1] INFO  server.RaftServerConfigKeys (ConfUtils.java:logGet(43)) - raft.server.log.statemachine.data.sync = true (default)
2019-09-25 05:32:24,626 [pool-189-thread-1] INFO  server.RaftServerConfigKeys (ConfUtils.java:logGet(43)) - raft.server.log.force.sync.num = 128 (default)
2019-09-25 05:32:24,626 [pool-199-thread-1] INFO  server.RaftServerConfigKeys (ConfUtils.java:logGet(43)) - raft.server.log.statemachine.data.sync.timeout = 10s (default)
2019-09-25 05:32:24,626 [pool-189-thread-1] INFO  server.RaftServerConfigKeys (ConfUtils.java:logGet(43)) - raft.server.log.statemachine.data.sync = true (default)
2019-09-25 05:32:24,626 [pool-199-thread-1] INFO  server.RaftServerConfigKeys (ConfUtils.java:logGet(43)) - raft.server.log.statemachine.data.sync.timeout.retry = -1 (default)
2019-09-25 05:32:24,626 [pool-189-thread-1] INFO  server.RaftServerConfigKeys (ConfUtils.java:logGet(43)) - raft.server.log.statemachine.data.sync.timeout = 10s (default)
2019-09-25 05:32:24,627 [pool-199-thread-1] INFO  server.RaftServerConfigKeys (ConfUtils.java:logGet(43)) - raft.server.log.statemachine.data.caching.enabled = true (custom)
2019-09-25 05:32:24,627 [pool-189-thread-1] INFO  server.RaftServerConfigKeys (ConfUtils.java:logGet(43)) - raft.server.log.statemachine.data.sync.timeout.retry = -1 (default)
2019-09-25 05:32:24,627 [pool-199-thread-1] INFO  segmented.SegmentedRaftLogWorker (SegmentedRaftLogWorker.java:lambda$new$0(132)) - 7d339ff4-0353-45b5-a855-49faf6b9a877@group-8EE3C38B4941-SegmentedRaftLogWorker: flushIndex: setUnconditionally 0 -> -1
2019-09-25 05:32:24,627 [pool-189-thread-1] INFO  server.RaftServerConfigKeys (ConfUtils.java:logGet(43)) - raft.server.log.statemachine.data.caching.enabled = true (custom)
2019-09-25 05:32:24,627 [pool-199-thread-1] INFO  server.RaftServerConfigKeys (ConfUtils.java:logGet(43)) - raft.server.snapshot.auto.trigger.enabled = true (custom)
2019-09-25 05:32:24,627 [pool-189-thread-1] INFO  segmented.SegmentedRaftLogWorker (SegmentedRaftLogWorker.java:lambda$new$0(132)) - 718f5985-af6b-46f0-b376-36c68e33e3c2@group-19CC27109C97-SegmentedRaftLogWorker: flushIndex: setUnconditionally 0 -> -1
2019-09-25 05:32:24,627 [pool-199-thread-1] INFO  server.RaftServerConfigKeys (ConfUtils.java:logGet(43)) - raft.server.snapshot.auto.trigger.threshold = 10000 (custom)
2019-09-25 05:32:24,628 [pool-199-thread-1] INFO  server.RaftServerConfigKeys (ConfUtils.java:logGet(43)) - raft.server.snapshot.retention.num.files = 5 (custom)
2019-09-25 05:32:24,628 [pool-239-thread-1] INFO  impl.RaftServerImpl (RaftServerImpl.java:start(185)) - 07d2a3d4-a08d-4ff2-9fee-7694a26bc9e9@group-19CC27109C97: start as a follower, conf=-1: [07d2a3d4-a08d-4ff2-9fee-7694a26bc9e9:192.168.36.126:42527, 718f5985-af6b-46f0-b376-36c68e33e3c2:192.168.36.126:33516, 7d339ff4-0353-45b5-a855-49faf6b9a877:192.168.36.126:33810], old=null
2019-09-25 05:32:24,628 [pool-189-thread-1] INFO  server.RaftServerConfigKeys (ConfUtils.java:logGet(43)) - raft.server.snapshot.auto.trigger.enabled = true (custom)
2019-09-25 05:32:24,628 [pool-239-thread-1] INFO  impl.RaftServerImpl (RaftServerImpl.java:setRole(174)) - 07d2a3d4-a08d-4ff2-9fee-7694a26bc9e9@group-19CC27109C97: changes role from      null to FOLLOWER at term 0 for startAsFollower
2019-09-25 05:32:24,628 [pool-199-thread-1] INFO  server.RaftServerConfigKeys (ConfUtils.java:logGet(43)) - raft.server.retrycache.expirytime = 600000ms (custom)
2019-09-25 05:32:24,628 [pool-239-thread-1] INFO  impl.RoleInfo (RoleInfo.java:updateAndGet(143)) - 07d2a3d4-a08d-4ff2-9fee-7694a26bc9e9: start FollowerState
2019-09-25 05:32:24,628 [pool-189-thread-1] INFO  server.RaftServerConfigKeys (ConfUtils.java:logGet(43)) - raft.server.snapshot.auto.trigger.threshold = 10000 (custom)
2019-09-25 05:32:24,629 [pool-189-thread-1] INFO  server.RaftServerConfigKeys (ConfUtils.java:logGet(43)) - raft.server.snapshot.retention.num.files = 5 (custom)
2019-09-25 05:32:24,629 [pool-239-thread-1] INFO  util.JmxRegister (JmxRegister.java:tryRegister(44)) - Successfully registered JMX Bean with object name Ratis:service=RaftServer,group=group-19CC27109C97,id=07d2a3d4-a08d-4ff2-9fee-7694a26bc9e9
2019-09-25 05:32:24,629 [pool-189-thread-1] INFO  server.RaftServerConfigKeys (ConfUtils.java:logGet(43)) - raft.server.retrycache.expirytime = 600000ms (custom)
2019-09-25 05:32:24,630 [pool-199-thread-1] INFO  impl.RaftServerImpl (RaftServerImpl.java:start(185)) - 7d339ff4-0353-45b5-a855-49faf6b9a877@group-19CC27109C97: start as a follower, conf=-1: [07d2a3d4-a08d-4ff2-9fee-7694a26bc9e9:192.168.36.126:42527, 718f5985-af6b-46f0-b376-36c68e33e3c2:192.168.36.126:33516, 7d339ff4-0353-45b5-a855-49faf6b9a877:192.168.36.126:33810], old=null
2019-09-25 05:32:24,631 [pool-199-thread-1] INFO  impl.RaftServerImpl (RaftServerImpl.java:setRole(174)) - 7d339ff4-0353-45b5-a855-49faf6b9a877@group-19CC27109C97: changes role from      null to FOLLOWER at term 0 for startAsFollower
2019-09-25 05:32:24,660 [pool-199-thread-1] INFO  impl.RoleInfo (RoleInfo.java:updateAndGet(143)) - 7d339ff4-0353-45b5-a855-49faf6b9a877: start FollowerState
2019-09-25 05:32:24,660 [pool-239-thread-1] INFO  impl.RaftServerImpl (RaftServerImpl.java:start(185)) - 07d2a3d4-a08d-4ff2-9fee-7694a26bc9e9@group-8EE3C38B4941: start as a follower, conf=-1: [07d2a3d4-a08d-4ff2-9fee-7694a26bc9e9:192.168.36.126:42527, 718f5985-af6b-46f0-b376-36c68e33e3c2:192.168.36.126:33516, 7d339ff4-0353-45b5-a855-49faf6b9a877:192.168.36.126:33810], old=null
2019-09-25 05:32:24,661 [pool-239-thread-1] INFO  impl.RaftServerImpl (RaftServerImpl.java:setRole(174)) - 07d2a3d4-a08d-4ff2-9fee-7694a26bc9e9@group-8EE3C38B4941: changes role from      null to FOLLOWER at term 0 for startAsFollower
2019-09-25 05:32:24,661 [pool-199-thread-1] INFO  util.JmxRegister (JmxRegister.java:tryRegister(44)) - Successfully registered JMX Bean with object name Ratis:service=RaftServer,group=group-19CC27109C97,id=7d339ff4-0353-45b5-a855-49faf6b9a877
2019-09-25 05:32:24,661 [pool-239-thread-1] INFO  impl.RoleInfo (RoleInfo.java:updateAndGet(143)) - 07d2a3d4-a08d-4ff2-9fee-7694a26bc9e9: start FollowerState
2019-09-25 05:32:24,662 [pool-199-thread-1] INFO  impl.RaftServerImpl (RaftServerImpl.java:start(185)) - 7d339ff4-0353-45b5-a855-49faf6b9a877@group-8EE3C38B4941: start as a follower, conf=-1: [07d2a3d4-a08d-4ff2-9fee-7694a26bc9e9:192.168.36.126:42527, 718f5985-af6b-46f0-b376-36c68e33e3c2:192.168.36.126:33516, 7d339ff4-0353-45b5-a855-49faf6b9a877:192.168.36.126:33810], old=null
2019-09-25 05:32:24,662 [pool-239-thread-1] INFO  util.JmxRegister (JmxRegister.java:tryRegister(44)) - Successfully registered JMX Bean with object name Ratis:service=RaftServer,group=group-8EE3C38B4941,id=07d2a3d4-a08d-4ff2-9fee-7694a26bc9e9
2019-09-25 05:32:24,662 [pool-189-thread-1] INFO  impl.RaftServerImpl (RaftServerImpl.java:start(185)) - 718f5985-af6b-46f0-b376-36c68e33e3c2@group-FABB21EF17C7: start as a follower, conf=-1: [07d2a3d4-a08d-4ff2-9fee-7694a26bc9e9:192.168.36.126:42527, 718f5985-af6b-46f0-b376-36c68e33e3c2:192.168.36.126:33516, 7d339ff4-0353-45b5-a855-49faf6b9a877:192.168.36.126:33810], old=null
2019-09-25 05:32:24,662 [pool-199-thread-1] INFO  impl.RaftServerImpl (RaftServerImpl.java:setRole(174)) - 7d339ff4-0353-45b5-a855-49faf6b9a877@group-8EE3C38B4941: changes role from      null to FOLLOWER at term 0 for startAsFollower
2019-09-25 05:32:24,662 [pool-189-thread-1] INFO  impl.RaftServerImpl (RaftServerImpl.java:setRole(174)) - 718f5985-af6b-46f0-b376-36c68e33e3c2@group-FABB21EF17C7: changes role from      null to FOLLOWER at term 0 for startAsFollower
2019-09-25 05:32:24,662 [pool-199-thread-1] INFO  impl.RoleInfo (RoleInfo.java:updateAndGet(143)) - 7d339ff4-0353-45b5-a855-49faf6b9a877: start FollowerState
2019-09-25 05:32:24,662 [pool-189-thread-1] INFO  impl.RoleInfo (RoleInfo.java:updateAndGet(143)) - 718f5985-af6b-46f0-b376-36c68e33e3c2: start FollowerState
2019-09-25 05:32:24,662 [pool-199-thread-1] INFO  util.JmxRegister (JmxRegister.java:tryRegister(44)) - Successfully registered JMX Bean with object name Ratis:service=RaftServer,group=group-8EE3C38B4941,id=7d339ff4-0353-45b5-a855-49faf6b9a877
2019-09-25 05:32:24,662 [pool-189-thread-1] INFO  util.JmxRegister (JmxRegister.java:tryRegister(44)) - Successfully registered JMX Bean with object name Ratis:service=RaftServer,group=group-FABB21EF17C7,id=718f5985-af6b-46f0-b376-36c68e33e3c2
2019-09-25 05:32:24,664 [pool-189-thread-1] INFO  impl.RaftServerImpl (RaftServerImpl.java:<init>(95)) - 718f5985-af6b-46f0-b376-36c68e33e3c2: new RaftServerImpl for group-8EE3C38B4941:[07d2a3d4-a08d-4ff2-9fee-7694a26bc9e9:192.168.36.126:42527, 718f5985-af6b-46f0-b376-36c68e33e3c2:192.168.36.126:33516, 7d339ff4-0353-45b5-a855-49faf6b9a877:192.168.36.126:33810] with ContainerStateMachine:uninitialized
2019-09-25 05:32:24,664 [pool-189-thread-1] INFO  server.RaftServerConfigKeys (ConfUtils.java:logGet(43)) - raft.server.rpc.timeout.min = 1s (custom)
2019-09-25 05:32:24,664 [pool-189-thread-1] INFO  server.RaftServerConfigKeys (ConfUtils.java:logGet(43)) - raft.server.rpc.timeout.max = 1200ms (custom)
2019-09-25 05:32:24,664 [pool-189-thread-1] INFO  server.RaftServerConfigKeys (ConfUtils.java:logGet(43)) - raft.server.rpcslowness.timeout = 120s (custom)
2019-09-25 05:32:24,664 [pool-189-thread-1] INFO  server.RaftServerConfigKeys (ConfUtils.java:logGet(43)) - raft.server.sleep.deviation.threshold = 300 (default)
2019-09-25 05:32:24,665 [pool-189-thread-1] INFO  server.RaftServerConfigKeys (ConfUtils.java:logGet(43)) - raft.server.log.appender.install.snapshot.enabled = false (custom)
2019-09-25 05:32:24,665 [pool-189-thread-1] INFO  impl.RaftServerImpl (ServerState.java:<init>(103)) - 718f5985-af6b-46f0-b376-36c68e33e3c2@group-8EE3C38B4941: ConfigurationManager, init=-1: [07d2a3d4-a08d-4ff2-9fee-7694a26bc9e9:192.168.36.126:42527, 718f5985-af6b-46f0-b376-36c68e33e3c2:192.168.36.126:33516, 7d339ff4-0353-45b5-a855-49faf6b9a877:192.168.36.126:33810], old=null, confs=<EMPTY_MAP>
2019-09-25 05:32:24,665 [pool-189-thread-1] INFO  server.RaftServerConfigKeys (ConfUtils.java:logGet(43)) - raft.server.storage.dir = [/workdir/hadoop-ozone/integration-test/target/test-dir/MiniOzoneClusterImpl-c3eb0697-53d0-4f00-8b35-781957cf75c5/datanode-4/data/ratis] (custom)
2019-09-25 05:32:24,665 [pool-189-thread-1] INFO  storage.RaftStorageDirectory (RaftStorageDirectory.java:analyzeStorage(246)) - The storage directory /workdir/hadoop-ozone/integration-test/target/test-dir/MiniOzoneClusterImpl-c3eb0697-53d0-4f00-8b35-781957cf75c5/datanode-4/data/ratis/c4dc958e-4e23-41a9-bb27-8ee3c38b4941 does not exist. Creating ...
2019-09-25 05:32:24,697 [pool-189-thread-1] INFO  storage.RaftStorageDirectory (RaftStorageDirectory.java:tryLock(328)) - Lock on /workdir/hadoop-ozone/integration-test/target/test-dir/MiniOzoneClusterImpl-c3eb0697-53d0-4f00-8b35-781957cf75c5/datanode-4/data/ratis/c4dc958e-4e23-41a9-bb27-8ee3c38b4941/in_use.lock acquired by nodename 16102@pr-hdds-2174-pqx5g-486351168
2019-09-25 05:32:24,721 [pool-189-thread-1] INFO  storage.RaftStorage (RaftStorage.java:format(72)) - Storage directory /workdir/hadoop-ozone/integration-test/target/test-dir/MiniOzoneClusterImpl-c3eb0697-53d0-4f00-8b35-781957cf75c5/datanode-4/data/ratis/c4dc958e-4e23-41a9-bb27-8ee3c38b4941 has been successfully formatted.
2019-09-25 05:32:24,721 [pool-189-thread-1] INFO  ratis.ContainerStateMachine (ContainerStateMachine.java:loadSnapshot(230)) - group-8EE3C38B4941: The snapshot info is null. Setting the last applied indexto:(t:0, i:~)
2019-09-25 05:32:24,721 [pool-189-thread-1] INFO  server.RaftServerConfigKeys (ConfUtils.java:logGet(43)) - raft.server.notification.no-leader.timeout = 120s (custom)
2019-09-25 05:32:24,721 [pool-189-thread-1] INFO  server.RaftServerConfigKeys (ConfUtils.java:logGet(43)) - raft.server.log.use.memory = false (default)
2019-09-25 05:32:24,722 [pool-189-thread-1] INFO  server.RaftServerConfigKeys (ConfUtils.java:logGet(43)) - raft.server.log.purge.gap = 1000000 (custom)
2019-09-25 05:32:24,722 [pool-189-thread-1] INFO  server.RaftServerConfigKeys (ConfUtils.java:logGet(43)) - raft.server.log.appender.buffer.byte-limit = 33554432 (custom)
2019-09-25 05:32:24,722 [pool-189-thread-1] INFO  server.RaftServerConfigKeys (ConfUtils.java:logGet(43)) - raft.server.log.segment.size.max = 1048576 (custom)
2019-09-25 05:32:24,722 [pool-189-thread-1] INFO  server.RaftServerConfigKeys (ConfUtils.java:logGet(43)) - raft.server.log.segment.cache.num.max = 2 (custom)
2019-09-25 05:32:24,722 [pool-189-thread-1] INFO  segmented.SegmentedRaftLogWorker (SegmentedRaftLogWorker.java:<init>(172)) - new 718f5985-af6b-46f0-b376-36c68e33e3c2@group-8EE3C38B4941-SegmentedRaftLogWorker for RaftStorage:Storage Directory /workdir/hadoop-ozone/integration-test/target/test-dir/MiniOzoneClusterImpl-c3eb0697-53d0-4f00-8b35-781957cf75c5/datanode-4/data/ratis/c4dc958e-4e23-41a9-bb27-8ee3c38b4941
2019-09-25 05:32:24,722 [pool-189-thread-1] INFO  server.RaftServerConfigKeys (ConfUtils.java:logGet(43)) - raft.server.log.queue.byte-limit = 2147483647 (custom)
2019-09-25 05:32:24,722 [pool-189-thread-1] INFO  server.RaftServerConfigKeys (ConfUtils.java:logGet(43)) - raft.server.log.queue.element-limit = 1024 (custom)
2019-09-25 05:32:24,722 [pool-189-thread-1] INFO  server.RaftServerConfigKeys (ConfUtils.java:logGet(43)) - raft.server.log.segment.size.max = 1048576 (custom)
2019-09-25 05:32:24,722 [pool-189-thread-1] INFO  server.RaftServerConfigKeys (ConfUtils.java:logGet(43)) - raft.server.log.preallocated.size = 16384 (custom)
2019-09-25 05:32:24,723 [pool-189-thread-1] INFO  server.RaftServerConfigKeys (ConfUtils.java:logGet(43)) - raft.server.log.write.buffer.size = 33554432 (custom)
2019-09-25 05:32:24,723 [pool-189-thread-1] INFO  server.RaftServerConfigKeys (ConfUtils.java:logGet(43)) - raft.server.log.force.sync.num = 128 (default)
2019-09-25 05:32:24,723 [pool-189-thread-1] INFO  server.RaftServerConfigKeys (ConfUtils.java:logGet(43)) - raft.server.log.statemachine.data.sync = true (default)
2019-09-25 05:32:24,723 [pool-189-thread-1] INFO  server.RaftServerConfigKeys (ConfUtils.java:logGet(43)) - raft.server.log.statemachine.data.sync.timeout = 10s (default)
2019-09-25 05:32:24,723 [pool-189-thread-1] INFO  server.RaftServerConfigKeys (ConfUtils.java:logGet(43)) - raft.server.log.statemachine.data.sync.timeout.retry = -1 (default)
2019-09-25 05:32:24,723 [pool-189-thread-1] INFO  server.RaftServerConfigKeys (ConfUtils.java:logGet(43)) - raft.server.log.statemachine.data.caching.enabled = true (custom)
2019-09-25 05:32:24,723 [pool-189-thread-1] INFO  segmented.SegmentedRaftLogWorker (SegmentedRaftLogWorker.java:lambda$new$0(132)) - 718f5985-af6b-46f0-b376-36c68e33e3c2@group-8EE3C38B4941-SegmentedRaftLogWorker: flushIndex: setUnconditionally 0 -> -1
2019-09-25 05:32:24,724 [pool-189-thread-1] INFO  server.RaftServerConfigKeys (ConfUtils.java:logGet(43)) - raft.server.snapshot.auto.trigger.enabled = true (custom)
2019-09-25 05:32:24,724 [pool-189-thread-1] INFO  server.RaftServerConfigKeys (ConfUtils.java:logGet(43)) - raft.server.snapshot.auto.trigger.threshold = 10000 (custom)
2019-09-25 05:32:24,724 [pool-189-thread-1] INFO  server.RaftServerConfigKeys (ConfUtils.java:logGet(43)) - raft.server.snapshot.retention.num.files = 5 (custom)
2019-09-25 05:32:24,724 [pool-189-thread-1] INFO  server.RaftServerConfigKeys (ConfUtils.java:logGet(43)) - raft.server.retrycache.expirytime = 600000ms (custom)
2019-09-25 05:32:24,725 [pool-189-thread-1] INFO  impl.RaftServerImpl (RaftServerImpl.java:start(185)) - 718f5985-af6b-46f0-b376-36c68e33e3c2@group-64B83545FAEB: start as a follower, conf=-1: [718f5985-af6b-46f0-b376-36c68e33e3c2:192.168.36.126:33516], old=null
2019-09-25 05:32:24,725 [pool-189-thread-1] INFO  impl.RaftServerImpl (RaftServerImpl.java:setRole(174)) - 718f5985-af6b-46f0-b376-36c68e33e3c2@group-64B83545FAEB: changes role from      null to FOLLOWER at term 0 for startAsFollower
2019-09-25 05:32:24,726 [pool-189-thread-1] INFO  impl.RoleInfo (RoleInfo.java:updateAndGet(143)) - 718f5985-af6b-46f0-b376-36c68e33e3c2: start FollowerState
2019-09-25 05:32:24,726 [pool-189-thread-1] INFO  util.JmxRegister (JmxRegister.java:tryRegister(44)) - Successfully registered JMX Bean with object name Ratis:service=RaftServer,group=group-64B83545FAEB,id=718f5985-af6b-46f0-b376-36c68e33e3c2
2019-09-25 05:32:24,726 [pool-189-thread-1] INFO  impl.RaftServerImpl (RaftServerImpl.java:start(185)) - 718f5985-af6b-46f0-b376-36c68e33e3c2@group-19CC27109C97: start as a follower, conf=-1: [07d2a3d4-a08d-4ff2-9fee-7694a26bc9e9:192.168.36.126:42527, 718f5985-af6b-46f0-b376-36c68e33e3c2:192.168.36.126:33516, 7d339ff4-0353-45b5-a855-49faf6b9a877:192.168.36.126:33810], old=null
2019-09-25 05:32:24,726 [pool-189-thread-1] INFO  impl.RaftServerImpl (RaftServerImpl.java:setRole(174)) - 718f5985-af6b-46f0-b376-36c68e33e3c2@group-19CC27109C97: changes role from      null to FOLLOWER at term 0 for startAsFollower
2019-09-25 05:32:24,726 [pool-189-thread-1] INFO  impl.RoleInfo (RoleInfo.java:updateAndGet(143)) - 718f5985-af6b-46f0-b376-36c68e33e3c2: start FollowerState
2019-09-25 05:32:24,727 [pool-189-thread-1] INFO  util.JmxRegister (JmxRegister.java:tryRegister(44)) - Successfully registered JMX Bean with object name Ratis:service=RaftServer,group=group-19CC27109C97,id=718f5985-af6b-46f0-b376-36c68e33e3c2
2019-09-25 05:32:24,727 [pool-189-thread-1] INFO  impl.RaftServerImpl (RaftServerImpl.java:start(185)) - 718f5985-af6b-46f0-b376-36c68e33e3c2@group-8EE3C38B4941: start as a follower, conf=-1: [07d2a3d4-a08d-4ff2-9fee-7694a26bc9e9:192.168.36.126:42527, 718f5985-af6b-46f0-b376-36c68e33e3c2:192.168.36.126:33516, 7d339ff4-0353-45b5-a855-49faf6b9a877:192.168.36.126:33810], old=null
2019-09-25 05:32:24,727 [pool-189-thread-1] INFO  impl.RaftServerImpl (RaftServerImpl.java:setRole(174)) - 718f5985-af6b-46f0-b376-36c68e33e3c2@group-8EE3C38B4941: changes role from      null to FOLLOWER at term 0 for startAsFollower
2019-09-25 05:32:24,727 [pool-189-thread-1] INFO  impl.RoleInfo (RoleInfo.java:updateAndGet(143)) - 718f5985-af6b-46f0-b376-36c68e33e3c2: start FollowerState
2019-09-25 05:32:24,727 [pool-189-thread-1] INFO  util.JmxRegister (JmxRegister.java:tryRegister(44)) - Successfully registered JMX Bean with object name Ratis:service=RaftServer,group=group-8EE3C38B4941,id=718f5985-af6b-46f0-b376-36c68e33e3c2
2019-09-25 05:32:24,729 [IPC Server handler 1 on 40850] INFO  pipeline.PipelineStateManager (PipelineStateManager.java:addPipeline(56)) - Created pipeline Pipeline[ Id: c4dc958e-4e23-41a9-bb27-8ee3c38b4941, Nodes: 718f5985-af6b-46f0-b376-36c68e33e3c2{ip: 192.168.36.126, host: pr-hdds-2174-pqx5g-486351168, networkLocation: /rack1, certSerialId: null}7d339ff4-0353-45b5-a855-49faf6b9a877{ip: 192.168.36.126, host: pr-hdds-2174-pqx5g-486351168, networkLocation: /rack1, certSerialId: null}07d2a3d4-a08d-4ff2-9fee-7694a26bc9e9{ip: 192.168.36.126, host: pr-hdds-2174-pqx5g-486351168, networkLocation: /rack1, certSerialId: null}, Type:RATIS, Factor:THREE, State:OPEN]
2019-09-25 05:32:25,694 [Thread-1678] INFO  impl.FollowerState (FollowerState.java:run(106)) - 07d2a3d4-a08d-4ff2-9fee-7694a26bc9e9:group-8EE3C38B4941 changes to CANDIDATE, lastRpcTime:1032, electionTimeout:1032ms
2019-09-25 05:32:25,694 [Thread-1678] INFO  impl.RoleInfo (RoleInfo.java:shutdownFollowerState(121)) - 07d2a3d4-a08d-4ff2-9fee-7694a26bc9e9: shutdown FollowerState
2019-09-25 05:32:25,694 [Thread-1678] INFO  impl.RaftServerImpl (RaftServerImpl.java:setRole(174)) - 07d2a3d4-a08d-4ff2-9fee-7694a26bc9e9@group-8EE3C38B4941: changes role from  FOLLOWER to CANDIDATE at term 0 for changeToCandidate
2019-09-25 05:32:25,694 [Thread-1678] INFO  impl.RoleInfo (RoleInfo.java:updateAndGet(143)) - 07d2a3d4-a08d-4ff2-9fee-7694a26bc9e9: start LeaderElection
2019-09-25 05:32:25,721 [Thread-1670] INFO  impl.FollowerState (FollowerState.java:run(106)) - 7d339ff4-0353-45b5-a855-49faf6b9a877:group-FABB21EF17C7 changes to CANDIDATE, lastRpcTime:1136, electionTimeout:1136ms
2019-09-25 05:32:25,721 [Thread-1670] INFO  impl.RoleInfo (RoleInfo.java:shutdownFollowerState(121)) - 7d339ff4-0353-45b5-a855-49faf6b9a877: shutdown FollowerState
2019-09-25 05:32:25,721 [Thread-1670] INFO  impl.RaftServerImpl (RaftServerImpl.java:setRole(174)) - 7d339ff4-0353-45b5-a855-49faf6b9a877@group-FABB21EF17C7: changes role from  FOLLOWER to CANDIDATE at term 0 for changeToCandidate
2019-09-25 05:32:25,722 [Thread-1670] INFO  impl.RoleInfo (RoleInfo.java:updateAndGet(143)) - 7d339ff4-0353-45b5-a855-49faf6b9a877: start LeaderElection
2019-09-25 05:32:25,746 [Thread-1682] INFO  impl.FollowerState (FollowerState.java:run(106)) - 718f5985-af6b-46f0-b376-36c68e33e3c2:group-FABB21EF17C7 changes to CANDIDATE, lastRpcTime:1083, electionTimeout:1083ms
2019-09-25 05:32:25,746 [Thread-1682] INFO  impl.RoleInfo (RoleInfo.java:shutdownFollowerState(121)) - 718f5985-af6b-46f0-b376-36c68e33e3c2: shutdown FollowerState
2019-09-25 05:32:25,746 [Thread-1682] INFO  impl.RaftServerImpl (RaftServerImpl.java:setRole(174)) - 718f5985-af6b-46f0-b376-36c68e33e3c2@group-FABB21EF17C7: changes role from  FOLLOWER to CANDIDATE at term 0 for changeToCandidate
2019-09-25 05:32:25,746 [Thread-1682] INFO  impl.RoleInfo (RoleInfo.java:updateAndGet(143)) - 718f5985-af6b-46f0-b376-36c68e33e3c2: start LeaderElection
2019-09-25 05:32:25,751 [Thread-1668] INFO  impl.FollowerState (FollowerState.java:run(106)) - 07d2a3d4-a08d-4ff2-9fee-7694a26bc9e9:group-FABB21EF17C7 changes to CANDIDATE, lastRpcTime:1170, electionTimeout:1168ms
2019-09-25 05:32:25,752 [Thread-1668] INFO  impl.RoleInfo (RoleInfo.java:shutdownFollowerState(121)) - 07d2a3d4-a08d-4ff2-9fee-7694a26bc9e9: shutdown FollowerState
2019-09-25 05:32:25,752 [Thread-1668] INFO  impl.RaftServerImpl (RaftServerImpl.java:setRole(174)) - 07d2a3d4-a08d-4ff2-9fee-7694a26bc9e9@group-FABB21EF17C7: changes role from  FOLLOWER to CANDIDATE at term 0 for changeToCandidate
2019-09-25 05:32:25,752 [Thread-1668] INFO  impl.RoleInfo (RoleInfo.java:updateAndGet(143)) - 07d2a3d4-a08d-4ff2-9fee-7694a26bc9e9: start LeaderElection
2019-09-25 05:32:25,756 [Thread-1674] INFO  impl.FollowerState (FollowerState.java:run(106)) - 07d2a3d4-a08d-4ff2-9fee-7694a26bc9e9:group-19CC27109C97 changes to CANDIDATE, lastRpcTime:1128, electionTimeout:1127ms
2019-09-25 05:32:25,757 [Thread-1674] INFO  impl.RoleInfo (RoleInfo.java:shutdownFollowerState(121)) - 07d2a3d4-a08d-4ff2-9fee-7694a26bc9e9: shutdown FollowerState
2019-09-25 05:32:25,757 [Thread-1674] INFO  impl.RaftServerImpl (RaftServerImpl.java:setRole(174)) - 07d2a3d4-a08d-4ff2-9fee-7694a26bc9e9@group-19CC27109C97: changes role from  FOLLOWER to CANDIDATE at term 0 for changeToCandidate
2019-09-25 05:32:25,757 [Thread-1674] INFO  impl.RoleInfo (RoleInfo.java:updateAndGet(143)) - 07d2a3d4-a08d-4ff2-9fee-7694a26bc9e9: start LeaderElection
2019-09-25 05:32:25,787 [Thread-1690] INFO  impl.FollowerState (FollowerState.java:run(106)) - 718f5985-af6b-46f0-b376-36c68e33e3c2:group-8EE3C38B4941 changes to CANDIDATE, lastRpcTime:1059, electionTimeout:1059ms
2019-09-25 05:32:25,787 [Thread-1690] INFO  impl.RoleInfo (RoleInfo.java:shutdownFollowerState(121)) - 718f5985-af6b-46f0-b376-36c68e33e3c2: shutdown FollowerState
2019-09-25 05:32:25,787 [Thread-1690] INFO  impl.RaftServerImpl (RaftServerImpl.java:setRole(174)) - 718f5985-af6b-46f0-b376-36c68e33e3c2@group-8EE3C38B4941: changes role from  FOLLOWER to CANDIDATE at term 0 for changeToCandidate
2019-09-25 05:32:25,787 [Thread-1690] INFO  impl.RoleInfo (RoleInfo.java:updateAndGet(143)) - 718f5985-af6b-46f0-b376-36c68e33e3c2: start LeaderElection
2019-09-25 05:32:25,848 [Thread-1688] INFO  impl.FollowerState (FollowerState.java:run(106)) - 718f5985-af6b-46f0-b376-36c68e33e3c2:group-19CC27109C97 changes to CANDIDATE, lastRpcTime:1121, electionTimeout:1121ms
2019-09-25 05:32:25,848 [Thread-1688] INFO  impl.RoleInfo (RoleInfo.java:shutdownFollowerState(121)) - 718f5985-af6b-46f0-b376-36c68e33e3c2: shutdown FollowerState
2019-09-25 05:32:25,848 [Thread-1688] INFO  impl.RaftServerImpl (RaftServerImpl.java:setRole(174)) - 718f5985-af6b-46f0-b376-36c68e33e3c2@group-19CC27109C97: changes role from  FOLLOWER to CANDIDATE at term 0 for changeToCandidate
2019-09-25 05:32:25,849 [Thread-1688] INFO  impl.RoleInfo (RoleInfo.java:updateAndGet(143)) - 718f5985-af6b-46f0-b376-36c68e33e3c2: start LeaderElection
2019-09-25 05:32:25,854 [Thread-1677] INFO  impl.FollowerState (FollowerState.java:run(106)) - 7d339ff4-0353-45b5-a855-49faf6b9a877:group-19CC27109C97 changes to CANDIDATE, lastRpcTime:1193, electionTimeout:1193ms
2019-09-25 05:32:25,854 [Thread-1677] INFO  impl.RoleInfo (RoleInfo.java:shutdownFollowerState(121)) - 7d339ff4-0353-45b5-a855-49faf6b9a877: shutdown FollowerState
2019-09-25 05:32:25,855 [Thread-1677] INFO  impl.RaftServerImpl (RaftServerImpl.java:setRole(174)) - 7d339ff4-0353-45b5-a855-49faf6b9a877@group-19CC27109C97: changes role from  FOLLOWER to CANDIDATE at term 0 for changeToCandidate
2019-09-25 05:32:25,855 [Thread-1677] INFO  impl.RoleInfo (RoleInfo.java:updateAndGet(143)) - 7d339ff4-0353-45b5-a855-49faf6b9a877: start LeaderElection
2019-09-25 05:32:25,859 [Thread-1680] INFO  impl.FollowerState (FollowerState.java:run(106)) - 7d339ff4-0353-45b5-a855-49faf6b9a877:group-8EE3C38B4941 changes to CANDIDATE, lastRpcTime:1197, electionTimeout:1193ms
2019-09-25 05:32:25,859 [Thread-1680] INFO  impl.RoleInfo (RoleInfo.java:shutdownFollowerState(121)) - 7d339ff4-0353-45b5-a855-49faf6b9a877: shutdown FollowerState
2019-09-25 05:32:25,860 [Thread-1680] INFO  impl.RaftServerImpl (RaftServerImpl.java:setRole(174)) - 7d339ff4-0353-45b5-a855-49faf6b9a877@group-8EE3C38B4941: changes role from  FOLLOWER to CANDIDATE at term 0 for changeToCandidate
2019-09-25 05:32:25,860 [Thread-1680] INFO  impl.RoleInfo (RoleInfo.java:updateAndGet(143)) - 7d339ff4-0353-45b5-a855-49faf6b9a877: start LeaderElection
2019-09-25 05:32:25,909 [Thread-1686] INFO  impl.FollowerState (FollowerState.java:run(106)) - 718f5985-af6b-46f0-b376-36c68e33e3c2:group-64B83545FAEB changes to CANDIDATE, lastRpcTime:1183, electionTimeout:1183ms
2019-09-25 05:32:25,909 [Thread-1686] INFO  impl.RoleInfo (RoleInfo.java:shutdownFollowerState(121)) - 718f5985-af6b-46f0-b376-36c68e33e3c2: shutdown FollowerState
2019-09-25 05:32:25,909 [Thread-1686] INFO  impl.RaftServerImpl (RaftServerImpl.java:setRole(174)) - 718f5985-af6b-46f0-b376-36c68e33e3c2@group-64B83545FAEB: changes role from  FOLLOWER to CANDIDATE at term 0 for changeToCandidate
2019-09-25 05:32:25,910 [Thread-1686] INFO  impl.RoleInfo (RoleInfo.java:updateAndGet(143)) - 718f5985-af6b-46f0-b376-36c68e33e3c2: start LeaderElection
2019-09-25 05:32:26,085 [7d339ff4-0353-45b5-a855-49faf6b9a877@group-FABB21EF17C7:LeaderElection245] INFO  impl.LeaderElection (LeaderElection.java:askForVotes(182)) - 7d339ff4-0353-45b5-a855-49faf6b9a877@group-FABB21EF17C7:LeaderElection245: begin an election at term 1 for -1: [07d2a3d4-a08d-4ff2-9fee-7694a26bc9e9:192.168.36.126:42527, 718f5985-af6b-46f0-b376-36c68e33e3c2:192.168.36.126:33516, 7d339ff4-0353-45b5-a855-49faf6b9a877:192.168.36.126:33810], old=null
2019-09-25 05:32:26,085 [07d2a3d4-a08d-4ff2-9fee-7694a26bc9e9@group-FABB21EF17C7:LeaderElection247] INFO  impl.LeaderElection (LeaderElection.java:askForVotes(182)) - 07d2a3d4-a08d-4ff2-9fee-7694a26bc9e9@group-FABB21EF17C7:LeaderElection247: begin an election at term 1 for -1: [07d2a3d4-a08d-4ff2-9fee-7694a26bc9e9:192.168.36.126:42527, 718f5985-af6b-46f0-b376-36c68e33e3c2:192.168.36.126:33516, 7d339ff4-0353-45b5-a855-49faf6b9a877:192.168.36.126:33810], old=null
2019-09-25 05:32:26,085 [7d339ff4-0353-45b5-a855-49faf6b9a877@group-8EE3C38B4941:LeaderElection252] INFO  impl.LeaderElection (LeaderElection.java:askForVotes(182)) - 7d339ff4-0353-45b5-a855-49faf6b9a877@group-8EE3C38B4941:LeaderElection252: begin an election at term 1 for -1: [07d2a3d4-a08d-4ff2-9fee-7694a26bc9e9:192.168.36.126:42527, 718f5985-af6b-46f0-b376-36c68e33e3c2:192.168.36.126:33516, 7d339ff4-0353-45b5-a855-49faf6b9a877:192.168.36.126:33810], old=null
2019-09-25 05:32:26,085 [07d2a3d4-a08d-4ff2-9fee-7694a26bc9e9@group-19CC27109C97:LeaderElection248] INFO  impl.LeaderElection (LeaderElection.java:askForVotes(182)) - 07d2a3d4-a08d-4ff2-9fee-7694a26bc9e9@group-19CC27109C97:LeaderElection248: begin an election at term 1 for -1: [07d2a3d4-a08d-4ff2-9fee-7694a26bc9e9:192.168.36.126:42527, 718f5985-af6b-46f0-b376-36c68e33e3c2:192.168.36.126:33516, 7d339ff4-0353-45b5-a855-49faf6b9a877:192.168.36.126:33810], old=null
2019-09-25 05:32:26,085 [718f5985-af6b-46f0-b376-36c68e33e3c2@group-19CC27109C97:LeaderElection250] INFO  impl.LeaderElection (LeaderElection.java:askForVotes(182)) - 718f5985-af6b-46f0-b376-36c68e33e3c2@group-19CC27109C97:LeaderElection250: begin an election at term 1 for -1: [07d2a3d4-a08d-4ff2-9fee-7694a26bc9e9:192.168.36.126:42527, 718f5985-af6b-46f0-b376-36c68e33e3c2:192.168.36.126:33516, 7d339ff4-0353-45b5-a855-49faf6b9a877:192.168.36.126:33810], old=null
2019-09-25 05:32:26,085 [07d2a3d4-a08d-4ff2-9fee-7694a26bc9e9@group-8EE3C38B4941:LeaderElection244] INFO  impl.LeaderElection (LeaderElection.java:askForVotes(182)) - 07d2a3d4-a08d-4ff2-9fee-7694a26bc9e9@group-8EE3C38B4941:LeaderElection244: begin an election at term 1 for -1: [07d2a3d4-a08d-4ff2-9fee-7694a26bc9e9:192.168.36.126:42527, 718f5985-af6b-46f0-b376-36c68e33e3c2:192.168.36.126:33516, 7d339ff4-0353-45b5-a855-49faf6b9a877:192.168.36.126:33810], old=null
2019-09-25 05:32:26,085 [718f5985-af6b-46f0-b376-36c68e33e3c2@group-FABB21EF17C7:LeaderElection246] INFO  impl.LeaderElection (LeaderElection.java:askForVotes(182)) - 718f5985-af6b-46f0-b376-36c68e33e3c2@group-FABB21EF17C7:LeaderElection246: begin an election at term 1 for -1: [07d2a3d4-a08d-4ff2-9fee-7694a26bc9e9:192.168.36.126:42527, 718f5985-af6b-46f0-b376-36c68e33e3c2:192.168.36.126:33516, 7d339ff4-0353-45b5-a855-49faf6b9a877:192.168.36.126:33810], old=null
2019-09-25 05:32:26,085 [7d339ff4-0353-45b5-a855-49faf6b9a877@group-19CC27109C97:LeaderElection251] INFO  impl.LeaderElection (LeaderElection.java:askForVotes(182)) - 7d339ff4-0353-45b5-a855-49faf6b9a877@group-19CC27109C97:LeaderElection251: begin an election at term 1 for -1: [07d2a3d4-a08d-4ff2-9fee-7694a26bc9e9:192.168.36.126:42527, 718f5985-af6b-46f0-b376-36c68e33e3c2:192.168.36.126:33516, 7d339ff4-0353-45b5-a855-49faf6b9a877:192.168.36.126:33810], old=null
2019-09-25 05:32:26,085 [718f5985-af6b-46f0-b376-36c68e33e3c2@group-64B83545FAEB:LeaderElection253] INFO  impl.LeaderElection (LeaderElection.java:askForVotes(182)) - 718f5985-af6b-46f0-b376-36c68e33e3c2@group-64B83545FAEB:LeaderElection253: begin an election at term 1 for -1: [718f5985-af6b-46f0-b376-36c68e33e3c2:192.168.36.126:33516], old=null
2019-09-25 05:32:26,085 [718f5985-af6b-46f0-b376-36c68e33e3c2@group-8EE3C38B4941:LeaderElection249] INFO  impl.LeaderElection (LeaderElection.java:askForVotes(182)) - 718f5985-af6b-46f0-b376-36c68e33e3c2@group-8EE3C38B4941:LeaderElection249: begin an election at term 1 for -1: [07d2a3d4-a08d-4ff2-9fee-7694a26bc9e9:192.168.36.126:42527, 718f5985-af6b-46f0-b376-36c68e33e3c2:192.168.36.126:33516, 7d339ff4-0353-45b5-a855-49faf6b9a877:192.168.36.126:33810], old=null
2019-09-25 05:32:26,089 [718f5985-af6b-46f0-b376-36c68e33e3c2@group-64B83545FAEB:LeaderElection253] INFO  impl.RoleInfo (RoleInfo.java:shutdownLeaderElection(134)) - 718f5985-af6b-46f0-b376-36c68e33e3c2: shutdown LeaderElection
2019-09-25 05:32:26,089 [718f5985-af6b-46f0-b376-36c68e33e3c2@group-64B83545FAEB:LeaderElection253] INFO  impl.RaftServerImpl (RaftServerImpl.java:setRole(174)) - 718f5985-af6b-46f0-b376-36c68e33e3c2@group-64B83545FAEB: changes role from CANDIDATE to LEADER at term 1 for changeToLeader
2019-09-25 05:32:26,089 [718f5985-af6b-46f0-b376-36c68e33e3c2@group-64B83545FAEB:LeaderElection253] INFO  impl.RaftServerImpl (ServerState.java:setLeader(253)) - 718f5985-af6b-46f0-b376-36c68e33e3c2@group-64B83545FAEB: change Leader from null to 718f5985-af6b-46f0-b376-36c68e33e3c2 at term 1 for becomeLeader, leader elected after 1518ms
2019-09-25 05:32:26,090 [718f5985-af6b-46f0-b376-36c68e33e3c2@group-64B83545FAEB:LeaderElection253] INFO  server.RaftServerConfigKeys (ConfUtils.java:logGet(43)) - raft.server.staging.catchup.gap = 1000 (default)
2019-09-25 05:32:26,090 [718f5985-af6b-46f0-b376-36c68e33e3c2@group-64B83545FAEB:LeaderElection253] INFO  server.RaftServerConfigKeys (ConfUtils.java:logGet(43)) - raft.server.rpc.sleep.time = 25ms (default)
2019-09-25 05:32:26,270 [718f5985-af6b-46f0-b376-36c68e33e3c2@group-64B83545FAEB:LeaderElection253] INFO  server.RaftServerConfigKeys (ConfUtils.java:logGet(43)) - raft.server.write.element-limit = 4096 (default)
2019-09-25 05:32:26,270 [718f5985-af6b-46f0-b376-36c68e33e3c2@group-64B83545FAEB:LeaderElection253] INFO  server.RaftServerConfigKeys (ConfUtils.java:logGet(43)) - raft.server.watch.timeout = 10s (default)
2019-09-25 05:32:26,270 [718f5985-af6b-46f0-b376-36c68e33e3c2@group-64B83545FAEB:LeaderElection253] INFO  server.RaftServerConfigKeys (ConfUtils.java:logGet(43)) - raft.server.watch.timeout.denomination = 1s (default)
2019-09-25 05:32:26,271 [718f5985-af6b-46f0-b376-36c68e33e3c2@group-64B83545FAEB:LeaderElection253] INFO  server.RaftServerConfigKeys (ConfUtils.java:logGet(43)) - raft.server.watch.element-limit = 65536 (default)
2019-09-25 05:32:26,274 [718f5985-af6b-46f0-b376-36c68e33e3c2@group-64B83545FAEB:LeaderElection253] INFO  impl.RoleInfo (RoleInfo.java:updateAndGet(143)) - 718f5985-af6b-46f0-b376-36c68e33e3c2: start LeaderState
2019-09-25 05:32:26,274 [718f5985-af6b-46f0-b376-36c68e33e3c2@group-64B83545FAEB:LeaderElection253] INFO  segmented.SegmentedRaftLogWorker (SegmentedRaftLogWorker.java:startLogSegment(380)) - 718f5985-af6b-46f0-b376-36c68e33e3c2@group-64B83545FAEB-SegmentedRaftLogWorker: Starting segment from index:0
2019-09-25 05:32:26,294 [7d339ff4-0353-45b5-a855-49faf6b9a877@group-19CC27109C97:LeaderElection251] INFO  impl.LeaderElection (LeaderElection.java:logAndReturn(56)) - 7d339ff4-0353-45b5-a855-49faf6b9a877@group-19CC27109C97:LeaderElection251: Election REJECTED; received 2 response(s) [7d339ff4-0353-45b5-a855-49faf6b9a877<-07d2a3d4-a08d-4ff2-9fee-7694a26bc9e9#0:FAIL-t1, 7d339ff4-0353-45b5-a855-49faf6b9a877<-718f5985-af6b-46f0-b376-36c68e33e3c2#0:FAIL-t1] and 0 exception(s); 7d339ff4-0353-45b5-a855-49faf6b9a877@group-19CC27109C97:t1, leader=null, voted=7d339ff4-0353-45b5-a855-49faf6b9a877, raftlog=7d339ff4-0353-45b5-a855-49faf6b9a877@group-19CC27109C97-SegmentedRaftLog:OPENED:c-1,f-1,i0, conf=-1: [07d2a3d4-a08d-4ff2-9fee-7694a26bc9e9:192.168.36.126:42527, 718f5985-af6b-46f0-b376-36c68e33e3c2:192.168.36.126:33516, 7d339ff4-0353-45b5-a855-49faf6b9a877:192.168.36.126:33810], old=null
2019-09-25 05:32:26,294 [7d339ff4-0353-45b5-a855-49faf6b9a877@group-FABB21EF17C7:LeaderElection245] INFO  impl.LeaderElection (LeaderElection.java:logAndReturn(56)) - 7d339ff4-0353-45b5-a855-49faf6b9a877@group-FABB21EF17C7:LeaderElection245: Election REJECTED; received 2 response(s) [7d339ff4-0353-45b5-a855-49faf6b9a877<-07d2a3d4-a08d-4ff2-9fee-7694a26bc9e9#0:FAIL-t1, 7d339ff4-0353-45b5-a855-49faf6b9a877<-718f5985-af6b-46f0-b376-36c68e33e3c2#0:FAIL-t1] and 0 exception(s); 7d339ff4-0353-45b5-a855-49faf6b9a877@group-FABB21EF17C7:t1, leader=null, voted=7d339ff4-0353-45b5-a855-49faf6b9a877, raftlog=7d339ff4-0353-45b5-a855-49faf6b9a877@group-FABB21EF17C7-SegmentedRaftLog:OPENED:c-1,f-1,i0, conf=-1: [07d2a3d4-a08d-4ff2-9fee-7694a26bc9e9:192.168.36.126:42527, 718f5985-af6b-46f0-b376-36c68e33e3c2:192.168.36.126:33516, 7d339ff4-0353-45b5-a855-49faf6b9a877:192.168.36.126:33810], old=null
2019-09-25 05:32:26,294 [7d339ff4-0353-45b5-a855-49faf6b9a877@group-19CC27109C97:LeaderElection251] INFO  impl.RaftServerImpl (RaftServerImpl.java:setRole(174)) - 7d339ff4-0353-45b5-a855-49faf6b9a877@group-19CC27109C97: changes role from CANDIDATE to FOLLOWER at term 1 for DISCOVERED_A_NEW_TERM
2019-09-25 05:32:26,294 [7d339ff4-0353-45b5-a855-49faf6b9a877@group-FABB21EF17C7:LeaderElection245] INFO  impl.RaftServerImpl (RaftServerImpl.java:setRole(174)) - 7d339ff4-0353-45b5-a855-49faf6b9a877@group-FABB21EF17C7: changes role from CANDIDATE to FOLLOWER at term 1 for DISCOVERED_A_NEW_TERM
2019-09-25 05:32:26,295 [7d339ff4-0353-45b5-a855-49faf6b9a877@group-19CC27109C97:LeaderElection251] INFO  impl.RoleInfo (RoleInfo.java:shutdownLeaderElection(134)) - 7d339ff4-0353-45b5-a855-49faf6b9a877: shutdown LeaderElection
2019-09-25 05:32:26,295 [7d339ff4-0353-45b5-a855-49faf6b9a877@group-FABB21EF17C7:LeaderElection245] INFO  impl.RoleInfo (RoleInfo.java:shutdownLeaderElection(134)) - 7d339ff4-0353-45b5-a855-49faf6b9a877: shutdown LeaderElection
2019-09-25 05:32:26,295 [7d339ff4-0353-45b5-a855-49faf6b9a877@group-19CC27109C97:LeaderElection251] INFO  impl.RoleInfo (RoleInfo.java:updateAndGet(143)) - 7d339ff4-0353-45b5-a855-49faf6b9a877: start FollowerState
2019-09-25 05:32:26,295 [7d339ff4-0353-45b5-a855-49faf6b9a877@group-FABB21EF17C7:LeaderElection245] INFO  impl.RoleInfo (RoleInfo.java:updateAndGet(143)) - 7d339ff4-0353-45b5-a855-49faf6b9a877: start FollowerState
2019-09-25 05:32:26,297 [718f5985-af6b-46f0-b376-36c68e33e3c2@group-64B83545FAEB:LeaderElection253] INFO  impl.RaftServerImpl (ServerState.java:setRaftConf(354)) - 718f5985-af6b-46f0-b376-36c68e33e3c2@group-64B83545FAEB: set configuration 0: [718f5985-af6b-46f0-b376-36c68e33e3c2:192.168.36.126:33516], old=null at 0
2019-09-25 05:32:26,325 [718f5985-af6b-46f0-b376-36c68e33e3c2@group-FABB21EF17C7:LeaderElection246] INFO  impl.LeaderElection (LeaderElection.java:logAndReturn(56)) - 718f5985-af6b-46f0-b376-36c68e33e3c2@group-FABB21EF17C7:LeaderElection246: Election REJECTED; received 2 response(s) [718f5985-af6b-46f0-b376-36c68e33e3c2<-07d2a3d4-a08d-4ff2-9fee-7694a26bc9e9#0:FAIL-t1, 718f5985-af6b-46f0-b376-36c68e33e3c2<-7d339ff4-0353-45b5-a855-49faf6b9a877#0:FAIL-t1] and 0 exception(s); 718f5985-af6b-46f0-b376-36c68e33e3c2@group-FABB21EF17C7:t1, leader=null, voted=718f5985-af6b-46f0-b376-36c68e33e3c2, raftlog=718f5985-af6b-46f0-b376-36c68e33e3c2@group-FABB21EF17C7-SegmentedRaftLog:OPENED:c-1,f-1,i0, conf=-1: [07d2a3d4-a08d-4ff2-9fee-7694a26bc9e9:192.168.36.126:42527, 718f5985-af6b-46f0-b376-36c68e33e3c2:192.168.36.126:33516, 7d339ff4-0353-45b5-a855-49faf6b9a877:192.168.36.126:33810], old=null
2019-09-25 05:32:26,325 [718f5985-af6b-46f0-b376-36c68e33e3c2@group-19CC27109C97:LeaderElection250] INFO  impl.LeaderElection (LeaderElection.java:logAndReturn(56)) - 718f5985-af6b-46f0-b376-36c68e33e3c2@group-19CC27109C97:LeaderElection250: Election REJECTED; received 2 response(s) [718f5985-af6b-46f0-b376-36c68e33e3c2<-07d2a3d4-a08d-4ff2-9fee-7694a26bc9e9#0:FAIL-t1, 718f5985-af6b-46f0-b376-36c68e33e3c2<-7d339ff4-0353-45b5-a855-49faf6b9a877#0:FAIL-t1] and 0 exception(s); 718f5985-af6b-46f0-b376-36c68e33e3c2@group-19CC27109C97:t1, leader=null, voted=718f5985-af6b-46f0-b376-36c68e33e3c2, raftlog=718f5985-af6b-46f0-b376-36c68e33e3c2@group-19CC27109C97-SegmentedRaftLog:OPENED:c-1,f-1,i0, conf=-1: [07d2a3d4-a08d-4ff2-9fee-7694a26bc9e9:192.168.36.126:42527, 718f5985-af6b-46f0-b376-36c68e33e3c2:192.168.36.126:33516, 7d339ff4-0353-45b5-a855-49faf6b9a877:192.168.36.126:33810], old=null
2019-09-25 05:32:26,325 [718f5985-af6b-46f0-b376-36c68e33e3c2@group-8EE3C38B4941:LeaderElection249] INFO  impl.LeaderElection (LeaderElection.java:logAndReturn(56)) - 718f5985-af6b-46f0-b376-36c68e33e3c2@group-8EE3C38B4941:LeaderElection249: Election REJECTED; received 2 response(s) [718f5985-af6b-46f0-b376-36c68e33e3c2<-07d2a3d4-a08d-4ff2-9fee-7694a26bc9e9#0:FAIL-t1, 718f5985-af6b-46f0-b376-36c68e33e3c2<-7d339ff4-0353-45b5-a855-49faf6b9a877#0:FAIL-t1] and 0 exception(s); 718f5985-af6b-46f0-b376-36c68e33e3c2@group-8EE3C38B4941:t1, leader=null, voted=718f5985-af6b-46f0-b376-36c68e33e3c2, raftlog=718f5985-af6b-46f0-b376-36c68e33e3c2@group-8EE3C38B4941-SegmentedRaftLog:OPENED:c-1,f-1,i0, conf=-1: [07d2a3d4-a08d-4ff2-9fee-7694a26bc9e9:192.168.36.126:42527, 718f5985-af6b-46f0-b376-36c68e33e3c2:192.168.36.126:33516, 7d339ff4-0353-45b5-a855-49faf6b9a877:192.168.36.126:33810], old=null
2019-09-25 05:32:26,325 [718f5985-af6b-46f0-b376-36c68e33e3c2@group-FABB21EF17C7:LeaderElection246] INFO  impl.RaftServerImpl (RaftServerImpl.java:setRole(174)) - 718f5985-af6b-46f0-b376-36c68e33e3c2@group-FABB21EF17C7: changes role from CANDIDATE to FOLLOWER at term 1 for DISCOVERED_A_NEW_TERM
2019-09-25 05:32:26,325 [718f5985-af6b-46f0-b376-36c68e33e3c2@group-8EE3C38B4941:LeaderElection249] INFO  impl.RaftServerImpl (RaftServerImpl.java:setRole(174)) - 718f5985-af6b-46f0-b376-36c68e33e3c2@group-8EE3C38B4941: changes role from CANDIDATE to FOLLOWER at term 1 for DISCOVERED_A_NEW_TERM
2019-09-25 05:32:26,325 [718f5985-af6b-46f0-b376-36c68e33e3c2@group-19CC27109C97:LeaderElection250] INFO  impl.RaftServerImpl (RaftServerImpl.java:setRole(174)) - 718f5985-af6b-46f0-b376-36c68e33e3c2@group-19CC27109C97: changes role from CANDIDATE to FOLLOWER at term 1 for DISCOVERED_A_NEW_TERM
2019-09-25 05:32:26,325 [718f5985-af6b-46f0-b376-36c68e33e3c2@group-8EE3C38B4941:LeaderElection249] INFO  impl.RoleInfo (RoleInfo.java:shutdownLeaderElection(134)) - 718f5985-af6b-46f0-b376-36c68e33e3c2: shutdown LeaderElection
2019-09-25 05:32:26,325 [718f5985-af6b-46f0-b376-36c68e33e3c2@group-FABB21EF17C7:LeaderElection246] INFO  impl.RoleInfo (RoleInfo.java:shutdownLeaderElection(134)) - 718f5985-af6b-46f0-b376-36c68e33e3c2: shutdown LeaderElection
2019-09-25 05:32:26,326 [718f5985-af6b-46f0-b376-36c68e33e3c2@group-8EE3C38B4941:LeaderElection249] INFO  impl.RoleInfo (RoleInfo.java:updateAndGet(143)) - 718f5985-af6b-46f0-b376-36c68e33e3c2: start FollowerState
2019-09-25 05:32:26,326 [07d2a3d4-a08d-4ff2-9fee-7694a26bc9e9@group-FABB21EF17C7:LeaderElection247] INFO  impl.LeaderElection (LeaderElection.java:logAndReturn(56)) - 07d2a3d4-a08d-4ff2-9fee-7694a26bc9e9@group-FABB21EF17C7:LeaderElection247: Election REJECTED; received 2 response(s) [07d2a3d4-a08d-4ff2-9fee-7694a26bc9e9<-718f5985-af6b-46f0-b376-36c68e33e3c2#0:FAIL-t1, 07d2a3d4-a08d-4ff2-9fee-7694a26bc9e9<-7d339ff4-0353-45b5-a855-49faf6b9a877#0:FAIL-t1] and 0 exception(s); 07d2a3d4-a08d-4ff2-9fee-7694a26bc9e9@group-FABB21EF17C7:t1, leader=null, voted=07d2a3d4-a08d-4ff2-9fee-7694a26bc9e9, raftlog=07d2a3d4-a08d-4ff2-9fee-7694a26bc9e9@group-FABB21EF17C7-SegmentedRaftLog:OPENED:c-1,f-1,i0, conf=-1: [07d2a3d4-a08d-4ff2-9fee-7694a26bc9e9:192.168.36.126:42527, 718f5985-af6b-46f0-b376-36c68e33e3c2:192.168.36.126:33516, 7d339ff4-0353-45b5-a855-49faf6b9a877:192.168.36.126:33810], old=null
2019-09-25 05:32:26,326 [07d2a3d4-a08d-4ff2-9fee-7694a26bc9e9@group-8EE3C38B4941:LeaderElection244] INFO  impl.LeaderElection (LeaderElection.java:logAndReturn(56)) - 07d2a3d4-a08d-4ff2-9fee-7694a26bc9e9@group-8EE3C38B4941:LeaderElection244: Election REJECTED; received 2 response(s) [07d2a3d4-a08d-4ff2-9fee-7694a26bc9e9<-718f5985-af6b-46f0-b376-36c68e33e3c2#0:FAIL-t1, 07d2a3d4-a08d-4ff2-9fee-7694a26bc9e9<-7d339ff4-0353-45b5-a855-49faf6b9a877#0:FAIL-t1] and 0 exception(s); 07d2a3d4-a08d-4ff2-9fee-7694a26bc9e9@group-8EE3C38B4941:t1, leader=null, voted=07d2a3d4-a08d-4ff2-9fee-7694a26bc9e9, raftlog=07d2a3d4-a08d-4ff2-9fee-7694a26bc9e9@group-8EE3C38B4941-SegmentedRaftLog:OPENED:c-1,f-1,i0, conf=-1: [07d2a3d4-a08d-4ff2-9fee-7694a26bc9e9:192.168.36.126:42527, 718f5985-af6b-46f0-b376-36c68e33e3c2:192.168.36.126:33516, 7d339ff4-0353-45b5-a855-49faf6b9a877:192.168.36.126:33810], old=null
2019-09-25 05:32:26,326 [718f5985-af6b-46f0-b376-36c68e33e3c2@group-19CC27109C97:LeaderElection250] INFO  impl.RoleInfo (RoleInfo.java:shutdownLeaderElection(134)) - 718f5985-af6b-46f0-b376-36c68e33e3c2: shutdown LeaderElection
2019-09-25 05:32:26,326 [07d2a3d4-a08d-4ff2-9fee-7694a26bc9e9@group-8EE3C38B4941:LeaderElection244] INFO  impl.RaftServerImpl (RaftServerImpl.java:setRole(174)) - 07d2a3d4-a08d-4ff2-9fee-7694a26bc9e9@group-8EE3C38B4941: changes role from CANDIDATE to FOLLOWER at term 1 for DISCOVERED_A_NEW_TERM
2019-09-25 05:32:26,326 [718f5985-af6b-46f0-b376-36c68e33e3c2@group-19CC27109C97:LeaderElection250] INFO  impl.RoleInfo (RoleInfo.java:updateAndGet(143)) - 718f5985-af6b-46f0-b376-36c68e33e3c2: start FollowerState
2019-09-25 05:32:26,326 [07d2a3d4-a08d-4ff2-9fee-7694a26bc9e9@group-FABB21EF17C7:LeaderElection247] INFO  impl.RaftServerImpl (RaftServerImpl.java:setRole(174)) - 07d2a3d4-a08d-4ff2-9fee-7694a26bc9e9@group-FABB21EF17C7: changes role from CANDIDATE to FOLLOWER at term 1 for DISCOVERED_A_NEW_TERM
2019-09-25 05:32:26,327 [07d2a3d4-a08d-4ff2-9fee-7694a26bc9e9@group-FABB21EF17C7:LeaderElection247] INFO  impl.RoleInfo (RoleInfo.java:shutdownLeaderElection(134)) - 07d2a3d4-a08d-4ff2-9fee-7694a26bc9e9: shutdown LeaderElection
2019-09-25 05:32:26,326 [718f5985-af6b-46f0-b376-36c68e33e3c2@group-FABB21EF17C7:LeaderElection246] INFO  impl.RoleInfo (RoleInfo.java:updateAndGet(143)) - 718f5985-af6b-46f0-b376-36c68e33e3c2: start FollowerState
2019-09-25 05:32:26,326 [07d2a3d4-a08d-4ff2-9fee-7694a26bc9e9@group-19CC27109C97:LeaderElection248] INFO  impl.LeaderElection (LeaderElection.java:logAndReturn(56)) - 07d2a3d4-a08d-4ff2-9fee-7694a26bc9e9@group-19CC27109C97:LeaderElection248: Election REJECTED; received 2 response(s) [07d2a3d4-a08d-4ff2-9fee-7694a26bc9e9<-718f5985-af6b-46f0-b376-36c68e33e3c2#0:FAIL-t1, 07d2a3d4-a08d-4ff2-9fee-7694a26bc9e9<-7d339ff4-0353-45b5-a855-49faf6b9a877#0:FAIL-t1] and 0 exception(s); 07d2a3d4-a08d-4ff2-9fee-7694a26bc9e9@group-19CC27109C97:t1, leader=null, voted=07d2a3d4-a08d-4ff2-9fee-7694a26bc9e9, raftlog=07d2a3d4-a08d-4ff2-9fee-7694a26bc9e9@group-19CC27109C97-SegmentedRaftLog:OPENED:c-1,f-1,i0, conf=-1: [07d2a3d4-a08d-4ff2-9fee-7694a26bc9e9:192.168.36.126:42527, 718f5985-af6b-46f0-b376-36c68e33e3c2:192.168.36.126:33516, 7d339ff4-0353-45b5-a855-49faf6b9a877:192.168.36.126:33810], old=null
2019-09-25 05:32:26,327 [07d2a3d4-a08d-4ff2-9fee-7694a26bc9e9@group-FABB21EF17C7:LeaderElection247] INFO  impl.RoleInfo (RoleInfo.java:updateAndGet(143)) - 07d2a3d4-a08d-4ff2-9fee-7694a26bc9e9: start FollowerState
2019-09-25 05:32:26,327 [7d339ff4-0353-45b5-a855-49faf6b9a877@group-8EE3C38B4941:LeaderElection252] INFO  impl.LeaderElection (LeaderElection.java:logAndReturn(56)) - 7d339ff4-0353-45b5-a855-49faf6b9a877@group-8EE3C38B4941:LeaderElection252: Election REJECTED; received 2 response(s) [7d339ff4-0353-45b5-a855-49faf6b9a877<-07d2a3d4-a08d-4ff2-9fee-7694a26bc9e9#0:FAIL-t1, 7d339ff4-0353-45b5-a855-49faf6b9a877<-718f5985-af6b-46f0-b376-36c68e33e3c2#0:FAIL-t1] and 0 exception(s); 7d339ff4-0353-45b5-a855-49faf6b9a877@group-8EE3C38B4941:t1, leader=null, voted=7d339ff4-0353-45b5-a855-49faf6b9a877, raftlog=7d339ff4-0353-45b5-a855-49faf6b9a877@group-8EE3C38B4941-SegmentedRaftLog:OPENED:c-1,f-1,i0, conf=-1: [07d2a3d4-a08d-4ff2-9fee-7694a26bc9e9:192.168.36.126:42527, 718f5985-af6b-46f0-b376-36c68e33e3c2:192.168.36.126:33516, 7d339ff4-0353-45b5-a855-49faf6b9a877:192.168.36.126:33810], old=null
2019-09-25 05:32:26,326 [07d2a3d4-a08d-4ff2-9fee-7694a26bc9e9@group-8EE3C38B4941:LeaderElection244] INFO  impl.RoleInfo (RoleInfo.java:shutdownLeaderElection(134)) - 07d2a3d4-a08d-4ff2-9fee-7694a26bc9e9: shutdown LeaderElection
2019-09-25 05:32:26,327 [7d339ff4-0353-45b5-a855-49faf6b9a877@group-8EE3C38B4941:LeaderElection252] INFO  impl.RaftServerImpl (RaftServerImpl.java:setRole(174)) - 7d339ff4-0353-45b5-a855-49faf6b9a877@group-8EE3C38B4941: changes role from CANDIDATE to FOLLOWER at term 1 for DISCOVERED_A_NEW_TERM
2019-09-25 05:32:26,327 [07d2a3d4-a08d-4ff2-9fee-7694a26bc9e9@group-19CC27109C97:LeaderElection248] INFO  impl.RaftServerImpl (RaftServerImpl.java:setRole(174)) - 07d2a3d4-a08d-4ff2-9fee-7694a26bc9e9@group-19CC27109C97: changes role from CANDIDATE to FOLLOWER at term 1 for DISCOVERED_A_NEW_TERM
2019-09-25 05:32:26,328 [7d339ff4-0353-45b5-a855-49faf6b9a877@group-8EE3C38B4941:LeaderElection252] INFO  impl.RoleInfo (RoleInfo.java:shutdownLeaderElection(134)) - 7d339ff4-0353-45b5-a855-49faf6b9a877: shutdown LeaderElection
2019-09-25 05:32:26,327 [07d2a3d4-a08d-4ff2-9fee-7694a26bc9e9@group-8EE3C38B4941:LeaderElection244] INFO  impl.RoleInfo (RoleInfo.java:updateAndGet(143)) - 07d2a3d4-a08d-4ff2-9fee-7694a26bc9e9: start FollowerState
2019-09-25 05:32:26,328 [7d339ff4-0353-45b5-a855-49faf6b9a877@group-8EE3C38B4941:LeaderElection252] INFO  impl.RoleInfo (RoleInfo.java:updateAndGet(143)) - 7d339ff4-0353-45b5-a855-49faf6b9a877: start FollowerState
2019-09-25 05:32:26,328 [07d2a3d4-a08d-4ff2-9fee-7694a26bc9e9@group-19CC27109C97:LeaderElection248] INFO  impl.RoleInfo (RoleInfo.java:shutdownLeaderElection(134)) - 07d2a3d4-a08d-4ff2-9fee-7694a26bc9e9: shutdown LeaderElection
2019-09-25 05:32:26,328 [07d2a3d4-a08d-4ff2-9fee-7694a26bc9e9@group-19CC27109C97:LeaderElection248] INFO  impl.RoleInfo (RoleInfo.java:updateAndGet(143)) - 07d2a3d4-a08d-4ff2-9fee-7694a26bc9e9: start FollowerState
2019-09-25 05:32:26,337 [718f5985-af6b-46f0-b376-36c68e33e3c2@group-64B83545FAEB-SegmentedRaftLogWorker] INFO  segmented.SegmentedRaftLogWorker (SegmentedRaftLogWorker.java:execute(569)) - 718f5985-af6b-46f0-b376-36c68e33e3c2@group-64B83545FAEB-SegmentedRaftLogWorker: created new log segment /workdir/hadoop-ozone/integration-test/target/test-dir/MiniOzoneClusterImpl-c3eb0697-53d0-4f00-8b35-781957cf75c5/datanode-4/data/ratis/7dc62c3a-c981-41a8-a2b3-64b83545faeb/current/log_inprogress_0
2019-09-25 05:32:27,334 [Thread-1730] INFO  impl.FollowerState (FollowerState.java:run(106)) - 718f5985-af6b-46f0-b376-36c68e33e3c2:group-19CC27109C97 changes to CANDIDATE, lastRpcTime:1007, electionTimeout:1007ms
2019-09-25 05:32:27,334 [Thread-1730] INFO  impl.RoleInfo (RoleInfo.java:shutdownFollowerState(121)) - 718f5985-af6b-46f0-b376-36c68e33e3c2: shutdown FollowerState
2019-09-25 05:32:27,334 [Thread-1730] INFO  impl.RaftServerImpl (RaftServerImpl.java:setRole(174)) - 718f5985-af6b-46f0-b376-36c68e33e3c2@group-19CC27109C97: changes role from  FOLLOWER to CANDIDATE at term 1 for changeToCandidate
2019-09-25 05:32:27,335 [Thread-1730] INFO  impl.RoleInfo (RoleInfo.java:updateAndGet(143)) - 718f5985-af6b-46f0-b376-36c68e33e3c2: start LeaderElection
2019-09-25 05:32:27,335 [Thread-1725] INFO  impl.FollowerState (FollowerState.java:run(106)) - 7d339ff4-0353-45b5-a855-49faf6b9a877:group-19CC27109C97 changes to CANDIDATE, lastRpcTime:1040, electionTimeout:1039ms
2019-09-25 05:32:27,335 [Thread-1725] INFO  impl.RoleInfo (RoleInfo.java:shutdownFollowerState(121)) - 7d339ff4-0353-45b5-a855-49faf6b9a877: shutdown FollowerState
2019-09-25 05:32:27,335 [Thread-1725] INFO  impl.RaftServerImpl (RaftServerImpl.java:setRole(174)) - 7d339ff4-0353-45b5-a855-49faf6b9a877@group-19CC27109C97: changes role from  FOLLOWER to CANDIDATE at term 1 for changeToCandidate
2019-09-25 05:32:27,335 [Thread-1725] INFO  impl.RoleInfo (RoleInfo.java:updateAndGet(143)) - 7d339ff4-0353-45b5-a855-49faf6b9a877: start LeaderElection
2019-09-25 05:32:27,368 [Thread-1728] INFO  impl.FollowerState (FollowerState.java:run(106)) - 718f5985-af6b-46f0-b376-36c68e33e3c2:group-8EE3C38B4941 changes to CANDIDATE, lastRpcTime:1042, electionTimeout:1042ms
2019-09-25 05:32:27,369 [Thread-1728] INFO  impl.RoleInfo (RoleInfo.java:shutdownFollowerState(121)) - 718f5985-af6b-46f0-b376-36c68e33e3c2: shutdown FollowerState
2019-09-25 05:32:27,369 [Thread-1728] INFO  impl.RaftServerImpl (RaftServerImpl.java:setRole(174)) - 718f5985-af6b-46f0-b376-36c68e33e3c2@group-8EE3C38B4941: changes role from  FOLLOWER to CANDIDATE at term 1 for changeToCandidate
2019-09-25 05:32:27,369 [Thread-1728] INFO  impl.RoleInfo (RoleInfo.java:updateAndGet(143)) - 718f5985-af6b-46f0-b376-36c68e33e3c2: start LeaderElection
2019-09-25 05:32:27,381 [Thread-1732] INFO  impl.FollowerState (FollowerState.java:run(106)) - 07d2a3d4-a08d-4ff2-9fee-7694a26bc9e9:group-8EE3C38B4941 changes to CANDIDATE, lastRpcTime:1053, electionTimeout:1053ms
2019-09-25 05:32:27,382 [Thread-1732] INFO  impl.RoleInfo (RoleInfo.java:shutdownFollowerState(121)) - 07d2a3d4-a08d-4ff2-9fee-7694a26bc9e9: shutdown FollowerState
2019-09-25 05:32:27,382 [Thread-1732] INFO  impl.RaftServerImpl (RaftServerImpl.java:setRole(174)) - 07d2a3d4-a08d-4ff2-9fee-7694a26bc9e9@group-8EE3C38B4941: changes role from  FOLLOWER to CANDIDATE at term 1 for changeToCandidate
2019-09-25 05:32:27,382 [Thread-1732] INFO  impl.RoleInfo (RoleInfo.java:updateAndGet(143)) - 07d2a3d4-a08d-4ff2-9fee-7694a26bc9e9: start LeaderElection
2019-09-25 05:32:27,420 [Thread-1731] INFO  impl.FollowerState (FollowerState.java:run(106)) - 07d2a3d4-a08d-4ff2-9fee-7694a26bc9e9:group-FABB21EF17C7 changes to CANDIDATE, lastRpcTime:1093, electionTimeout:1093ms
2019-09-25 05:32:27,421 [Thread-1731] INFO  impl.RoleInfo (RoleInfo.java:shutdownFollowerState(121)) - 07d2a3d4-a08d-4ff2-9fee-7694a26bc9e9: shutdown FollowerState
2019-09-25 05:32:27,421 [Thread-1731] INFO  impl.RaftServerImpl (RaftServerImpl.java:setRole(174)) - 07d2a3d4-a08d-4ff2-9fee-7694a26bc9e9@group-FABB21EF17C7: changes role from  FOLLOWER to CANDIDATE at term 1 for changeToCandidate
2019-09-25 05:32:27,421 [Thread-1731] INFO  impl.RoleInfo (RoleInfo.java:updateAndGet(143)) - 07d2a3d4-a08d-4ff2-9fee-7694a26bc9e9: start LeaderElection
2019-09-25 05:32:27,438 [Thread-1726] INFO  impl.FollowerState (FollowerState.java:run(106)) - 7d339ff4-0353-45b5-a855-49faf6b9a877:group-FABB21EF17C7 changes to CANDIDATE, lastRpcTime:1143, electionTimeout:1140ms
2019-09-25 05:32:27,438 [Thread-1726] INFO  impl.RoleInfo (RoleInfo.java:shutdownFollowerState(121)) - 7d339ff4-0353-45b5-a855-49faf6b9a877: shutdown FollowerState
2019-09-25 05:32:27,438 [Thread-1726] INFO  impl.RaftServerImpl (RaftServerImpl.java:setRole(174)) - 7d339ff4-0353-45b5-a855-49faf6b9a877@group-FABB21EF17C7: changes role from  FOLLOWER to CANDIDATE at term 1 for changeToCandidate
2019-09-25 05:32:27,439 [Thread-1726] INFO  impl.RoleInfo (RoleInfo.java:updateAndGet(143)) - 7d339ff4-0353-45b5-a855-49faf6b9a877: start LeaderElection
2019-09-25 05:32:27,456 [Thread-1729] INFO  impl.FollowerState (FollowerState.java:run(106)) - 718f5985-af6b-46f0-b376-36c68e33e3c2:group-FABB21EF17C7 changes to CANDIDATE, lastRpcTime:1130, electionTimeout:1129ms
2019-09-25 05:32:27,457 [Thread-1729] INFO  impl.RoleInfo (RoleInfo.java:shutdownFollowerState(121)) - 718f5985-af6b-46f0-b376-36c68e33e3c2: shutdown FollowerState
2019-09-25 05:32:27,457 [Thread-1729] INFO  impl.RaftServerImpl (RaftServerImpl.java:setRole(174)) - 718f5985-af6b-46f0-b376-36c68e33e3c2@group-FABB21EF17C7: changes role from  FOLLOWER to CANDIDATE at term 1 for changeToCandidate
2019-09-25 05:32:27,457 [Thread-1729] INFO  impl.RoleInfo (RoleInfo.java:updateAndGet(143)) - 718f5985-af6b-46f0-b376-36c68e33e3c2: start LeaderElection
2019-09-25 05:32:27,481 [Thread-1734] INFO  impl.FollowerState (FollowerState.java:run(106)) - 07d2a3d4-a08d-4ff2-9fee-7694a26bc9e9:group-19CC27109C97 changes to CANDIDATE, lastRpcTime:1152, electionTimeout:1152ms
2019-09-25 05:32:27,481 [Thread-1734] INFO  impl.RoleInfo (RoleInfo.java:shutdownFollowerState(121)) - 07d2a3d4-a08d-4ff2-9fee-7694a26bc9e9: shutdown FollowerState
2019-09-25 05:32:27,481 [Thread-1734] INFO  impl.RaftServerImpl (RaftServerImpl.java:setRole(174)) - 07d2a3d4-a08d-4ff2-9fee-7694a26bc9e9@group-19CC27109C97: changes role from  FOLLOWER to CANDIDATE at term 1 for changeToCandidate
2019-09-25 05:32:27,481 [Thread-1734] INFO  impl.RoleInfo (RoleInfo.java:updateAndGet(143)) - 07d2a3d4-a08d-4ff2-9fee-7694a26bc9e9: start LeaderElection
2019-09-25 05:32:27,493 [Thread-1733] INFO  impl.FollowerState (FollowerState.java:run(106)) - 7d339ff4-0353-45b5-a855-49faf6b9a877:group-8EE3C38B4941 changes to CANDIDATE, lastRpcTime:1164, electionTimeout:1164ms
2019-09-25 05:32:27,493 [Thread-1733] INFO  impl.RoleInfo (RoleInfo.java:shutdownFollowerState(121)) - 7d339ff4-0353-45b5-a855-49faf6b9a877: shutdown FollowerState
2019-09-25 05:32:27,493 [Thread-1733] INFO  impl.RaftServerImpl (RaftServerImpl.java:setRole(174)) - 7d339ff4-0353-45b5-a855-49faf6b9a877@group-8EE3C38B4941: changes role from  FOLLOWER to CANDIDATE at term 1 for changeToCandidate
2019-09-25 05:32:27,493 [Thread-1733] INFO  impl.RoleInfo (RoleInfo.java:updateAndGet(143)) - 7d339ff4-0353-45b5-a855-49faf6b9a877: start LeaderElection
2019-09-25 05:32:32,517 [7d339ff4-0353-45b5-a855-49faf6b9a877@group-19CC27109C97:LeaderElection255] INFO  impl.LeaderElection (LeaderElection.java:askForVotes(182)) - 7d339ff4-0353-45b5-a855-49faf6b9a877@group-19CC27109C97:LeaderElection255: begin an election at term 2 for -1: [07d2a3d4-a08d-4ff2-9fee-7694a26bc9e9:192.168.36.126:42527, 718f5985-af6b-46f0-b376-36c68e33e3c2:192.168.36.126:33516, 7d339ff4-0353-45b5-a855-49faf6b9a877:192.168.36.126:33810], old=null
2019-09-25 05:32:32,517 [07d2a3d4-a08d-4ff2-9fee-7694a26bc9e9@group-19CC27109C97:LeaderElection261] INFO  impl.LeaderElection (LeaderElection.java:askForVotes(182)) - 07d2a3d4-a08d-4ff2-9fee-7694a26bc9e9@group-19CC27109C97:LeaderElection261: begin an election at term 2 for -1: [07d2a3d4-a08d-4ff2-9fee-7694a26bc9e9:192.168.36.126:42527, 718f5985-af6b-46f0-b376-36c68e33e3c2:192.168.36.126:33516, 7d339ff4-0353-45b5-a855-49faf6b9a877:192.168.36.126:33810], old=null
2019-09-25 05:32:32,517 [07d2a3d4-a08d-4ff2-9fee-7694a26bc9e9@group-8EE3C38B4941:LeaderElection257] INFO  impl.LeaderElection (LeaderElection.java:askForVotes(182)) - 07d2a3d4-a08d-4ff2-9fee-7694a26bc9e9@group-8EE3C38B4941:LeaderElection257: begin an election at term 2 for -1: [07d2a3d4-a08d-4ff2-9fee-7694a26bc9e9:192.168.36.126:42527, 718f5985-af6b-46f0-b376-36c68e33e3c2:192.168.36.126:33516, 7d339ff4-0353-45b5-a855-49faf6b9a877:192.168.36.126:33810], old=null
2019-09-25 05:32:32,517 [718f5985-af6b-46f0-b376-36c68e33e3c2@group-FABB21EF17C7:LeaderElection260] INFO  impl.LeaderElection (LeaderElection.java:askForVotes(182)) - 718f5985-af6b-46f0-b376-36c68e33e3c2@group-FABB21EF17C7:LeaderElection260: begin an election at term 2 for -1: [07d2a3d4-a08d-4ff2-9fee-7694a26bc9e9:192.168.36.126:42527, 718f5985-af6b-46f0-b376-36c68e33e3c2:192.168.36.126:33516, 7d339ff4-0353-45b5-a855-49faf6b9a877:192.168.36.126:33810], old=null
2019-09-25 05:32:32,517 [718f5985-af6b-46f0-b376-36c68e33e3c2@group-8EE3C38B4941:LeaderElection256] INFO  impl.LeaderElection (LeaderElection.java:askForVotes(182)) - 718f5985-af6b-46f0-b376-36c68e33e3c2@group-8EE3C38B4941:LeaderElection256: begin an election at term 2 for -1: [07d2a3d4-a08d-4ff2-9fee-7694a26bc9e9:192.168.36.126:42527, 718f5985-af6b-46f0-b376-36c68e33e3c2:192.168.36.126:33516, 7d339ff4-0353-45b5-a855-49faf6b9a877:192.168.36.126:33810], old=null
2019-09-25 05:32:32,517 [07d2a3d4-a08d-4ff2-9fee-7694a26bc9e9@group-FABB21EF17C7:LeaderElection258] INFO  impl.LeaderElection (LeaderElection.java:askForVotes(182)) - 07d2a3d4-a08d-4ff2-9fee-7694a26bc9e9@group-FABB21EF17C7:LeaderElection258: begin an election at term 2 for -1: [07d2a3d4-a08d-4ff2-9fee-7694a26bc9e9:192.168.36.126:42527, 718f5985-af6b-46f0-b376-36c68e33e3c2:192.168.36.126:33516, 7d339ff4-0353-45b5-a855-49faf6b9a877:192.168.36.126:33810], old=null
2019-09-25 05:32:32,517 [7d339ff4-0353-45b5-a855-49faf6b9a877@group-8EE3C38B4941:LeaderElection262] INFO  impl.LeaderElection (LeaderElection.java:askForVotes(182)) - 7d339ff4-0353-45b5-a855-49faf6b9a877@group-8EE3C38B4941:LeaderElection262: begin an election at term 2 for -1: [07d2a3d4-a08d-4ff2-9fee-7694a26bc9e9:192.168.36.126:42527, 718f5985-af6b-46f0-b376-36c68e33e3c2:192.168.36.126:33516, 7d339ff4-0353-45b5-a855-49faf6b9a877:192.168.36.126:33810], old=null
2019-09-25 05:32:32,517 [718f5985-af6b-46f0-b376-36c68e33e3c2@group-19CC27109C97:LeaderElection254] INFO  impl.LeaderElection (LeaderElection.java:askForVotes(182)) - 718f5985-af6b-46f0-b376-36c68e33e3c2@group-19CC27109C97:LeaderElection254: begin an election at term 2 for -1: [07d2a3d4-a08d-4ff2-9fee-7694a26bc9e9:192.168.36.126:42527, 718f5985-af6b-46f0-b376-36c68e33e3c2:192.168.36.126:33516, 7d339ff4-0353-45b5-a855-49faf6b9a877:192.168.36.126:33810], old=null
2019-09-25 05:32:32,517 [7d339ff4-0353-45b5-a855-49faf6b9a877@group-FABB21EF17C7:LeaderElection259] INFO  impl.LeaderElection (LeaderElection.java:askForVotes(182)) - 7d339ff4-0353-45b5-a855-49faf6b9a877@group-FABB21EF17C7:LeaderElection259: begin an election at term 2 for -1: [07d2a3d4-a08d-4ff2-9fee-7694a26bc9e9:192.168.36.126:42527, 718f5985-af6b-46f0-b376-36c68e33e3c2:192.168.36.126:33516, 7d339ff4-0353-45b5-a855-49faf6b9a877:192.168.36.126:33810], old=null
2019-09-25 05:32:32,529 [07d2a3d4-a08d-4ff2-9fee-7694a26bc9e9@group-8EE3C38B4941:LeaderElection257] INFO  impl.LeaderElection (LeaderElection.java:logAndReturn(56)) - 07d2a3d4-a08d-4ff2-9fee-7694a26bc9e9@group-8EE3C38B4941:LeaderElection257: Election REJECTED; received 2 response(s) [07d2a3d4-a08d-4ff2-9fee-7694a26bc9e9<-718f5985-af6b-46f0-b376-36c68e33e3c2#0:FAIL-t2, 07d2a3d4-a08d-4ff2-9fee-7694a26bc9e9<-7d339ff4-0353-45b5-a855-49faf6b9a877#0:FAIL-t2] and 0 exception(s); 07d2a3d4-a08d-4ff2-9fee-7694a26bc9e9@group-8EE3C38B4941:t2, leader=null, voted=07d2a3d4-a08d-4ff2-9fee-7694a26bc9e9, raftlog=07d2a3d4-a08d-4ff2-9fee-7694a26bc9e9@group-8EE3C38B4941-SegmentedRaftLog:OPENED:c-1,f-1,i0, conf=-1: [07d2a3d4-a08d-4ff2-9fee-7694a26bc9e9:192.168.36.126:42527, 718f5985-af6b-46f0-b376-36c68e33e3c2:192.168.36.126:33516, 7d339ff4-0353-45b5-a855-49faf6b9a877:192.168.36.126:33810], old=null
2019-09-25 05:32:32,529 [07d2a3d4-a08d-4ff2-9fee-7694a26bc9e9@group-8EE3C38B4941:LeaderElection257] INFO  impl.RaftServerImpl (RaftServerImpl.java:setRole(174)) - 07d2a3d4-a08d-4ff2-9fee-7694a26bc9e9@group-8EE3C38B4941: changes role from CANDIDATE to FOLLOWER at term 2 for DISCOVERED_A_NEW_TERM
2019-09-25 05:32:32,530 [718f5985-af6b-46f0-b376-36c68e33e3c2@group-19CC27109C97:LeaderElection254] INFO  impl.LeaderElection (LeaderElection.java:logAndReturn(56)) - 718f5985-af6b-46f0-b376-36c68e33e3c2@group-19CC27109C97:LeaderElection254: Election REJECTED; received 2 response(s) [718f5985-af6b-46f0-b376-36c68e33e3c2<-07d2a3d4-a08d-4ff2-9fee-7694a26bc9e9#0:FAIL-t2, 718f5985-af6b-46f0-b376-36c68e33e3c2<-7d339ff4-0353-45b5-a855-49faf6b9a877#0:FAIL-t2] and 0 exception(s); 718f5985-af6b-46f0-b376-36c68e33e3c2@group-19CC27109C97:t2, leader=null, voted=718f5985-af6b-46f0-b376-36c68e33e3c2, raftlog=718f5985-af6b-46f0-b376-36c68e33e3c2@group-19CC27109C97-SegmentedRaftLog:OPENED:c-1,f-1,i0, conf=-1: [07d2a3d4-a08d-4ff2-9fee-7694a26bc9e9:192.168.36.126:42527, 718f5985-af6b-46f0-b376-36c68e33e3c2:192.168.36.126:33516, 7d339ff4-0353-45b5-a855-49faf6b9a877:192.168.36.126:33810], old=null
2019-09-25 05:32:32,530 [718f5985-af6b-46f0-b376-36c68e33e3c2@group-8EE3C38B4941:LeaderElection256] INFO  impl.LeaderElection (LeaderElection.java:logAndReturn(56)) - 718f5985-af6b-46f0-b376-36c68e33e3c2@group-8EE3C38B4941:LeaderElection256: Election REJECTED; received 2 response(s) [718f5985-af6b-46f0-b376-36c68e33e3c2<-07d2a3d4-a08d-4ff2-9fee-7694a26bc9e9#0:FAIL-t2, 718f5985-af6b-46f0-b376-36c68e33e3c2<-7d339ff4-0353-45b5-a855-49faf6b9a877#0:FAIL-t2] and 0 exception(s); 718f5985-af6b-46f0-b376-36c68e33e3c2@group-8EE3C38B4941:t2, leader=null, voted=718f5985-af6b-46f0-b376-36c68e33e3c2, raftlog=718f5985-af6b-46f0-b376-36c68e33e3c2@group-8EE3C38B4941-SegmentedRaftLog:OPENED:c-1,f-1,i0, conf=-1: [07d2a3d4-a08d-4ff2-9fee-7694a26bc9e9:192.168.36.126:42527, 718f5985-af6b-46f0-b376-36c68e33e3c2:192.168.36.126:33516, 7d339ff4-0353-45b5-a855-49faf6b9a877:192.168.36.126:33810], old=null
2019-09-25 05:32:32,530 [07d2a3d4-a08d-4ff2-9fee-7694a26bc9e9@group-8EE3C38B4941:LeaderElection257] INFO  impl.RoleInfo (RoleInfo.java:shutdownLeaderElection(134)) - 07d2a3d4-a08d-4ff2-9fee-7694a26bc9e9: shutdown LeaderElection
2019-09-25 05:32:32,530 [718f5985-af6b-46f0-b376-36c68e33e3c2@group-8EE3C38B4941:LeaderElection256] INFO  impl.RaftServerImpl (RaftServerImpl.java:setRole(174)) - 718f5985-af6b-46f0-b376-36c68e33e3c2@group-8EE3C38B4941: changes role from CANDIDATE to FOLLOWER at term 2 for DISCOVERED_A_NEW_TERM
2019-09-25 05:32:32,531 [07d2a3d4-a08d-4ff2-9fee-7694a26bc9e9@group-8EE3C38B4941:LeaderElection257] INFO  impl.RoleInfo (RoleInfo.java:updateAndGet(143)) - 07d2a3d4-a08d-4ff2-9fee-7694a26bc9e9: start FollowerState
2019-09-25 05:32:32,530 [718f5985-af6b-46f0-b376-36c68e33e3c2@group-FABB21EF17C7:LeaderElection260] INFO  impl.LeaderElection (LeaderElection.java:logAndReturn(56)) - 718f5985-af6b-46f0-b376-36c68e33e3c2@group-FABB21EF17C7:LeaderElection260: Election REJECTED; received 2 response(s) [718f5985-af6b-46f0-b376-36c68e33e3c2<-07d2a3d4-a08d-4ff2-9fee-7694a26bc9e9#0:FAIL-t2, 718f5985-af6b-46f0-b376-36c68e33e3c2<-7d339ff4-0353-45b5-a855-49faf6b9a877#0:FAIL-t2] and 0 exception(s); 718f5985-af6b-46f0-b376-36c68e33e3c2@group-FABB21EF17C7:t2, leader=null, voted=718f5985-af6b-46f0-b376-36c68e33e3c2, raftlog=718f5985-af6b-46f0-b376-36c68e33e3c2@group-FABB21EF17C7-SegmentedRaftLog:OPENED:c-1,f-1,i0, conf=-1: [07d2a3d4-a08d-4ff2-9fee-7694a26bc9e9:192.168.36.126:42527, 718f5985-af6b-46f0-b376-36c68e33e3c2:192.168.36.126:33516, 7d339ff4-0353-45b5-a855-49faf6b9a877:192.168.36.126:33810], old=null
2019-09-25 05:32:32,530 [718f5985-af6b-46f0-b376-36c68e33e3c2@group-19CC27109C97:LeaderElection254] INFO  impl.RaftServerImpl (RaftServerImpl.java:setRole(174)) - 718f5985-af6b-46f0-b376-36c68e33e3c2@group-19CC27109C97: changes role from CANDIDATE to FOLLOWER at term 2 for DISCOVERED_A_NEW_TERM
2019-09-25 05:32:32,531 [718f5985-af6b-46f0-b376-36c68e33e3c2@group-FABB21EF17C7:LeaderElection260] INFO  impl.RaftServerImpl (RaftServerImpl.java:setRole(174)) - 718f5985-af6b-46f0-b376-36c68e33e3c2@group-FABB21EF17C7: changes role from CANDIDATE to FOLLOWER at term 2 for DISCOVERED_A_NEW_TERM
2019-09-25 05:32:32,531 [07d2a3d4-a08d-4ff2-9fee-7694a26bc9e9@group-FABB21EF17C7:LeaderElection258] INFO  impl.LeaderElection (LeaderElection.java:logAndReturn(56)) - 07d2a3d4-a08d-4ff2-9fee-7694a26bc9e9@group-FABB21EF17C7:LeaderElection258: Election REJECTED; received 2 response(s) [07d2a3d4-a08d-4ff2-9fee-7694a26bc9e9<-718f5985-af6b-46f0-b376-36c68e33e3c2#0:FAIL-t2, 07d2a3d4-a08d-4ff2-9fee-7694a26bc9e9<-7d339ff4-0353-45b5-a855-49faf6b9a877#0:FAIL-t2] and 0 exception(s); 07d2a3d4-a08d-4ff2-9fee-7694a26bc9e9@group-FABB21EF17C7:t2, leader=null, voted=07d2a3d4-a08d-4ff2-9fee-7694a26bc9e9, raftlog=07d2a3d4-a08d-4ff2-9fee-7694a26bc9e9@group-FABB21EF17C7-SegmentedRaftLog:OPENED:c-1,f-1,i0, conf=-1: [07d2a3d4-a08d-4ff2-9fee-7694a26bc9e9:192.168.36.126:42527, 718f5985-af6b-46f0-b376-36c68e33e3c2:192.168.36.126:33516, 7d339ff4-0353-45b5-a855-49faf6b9a877:192.168.36.126:33810], old=null
2019-09-25 05:32:32,531 [07d2a3d4-a08d-4ff2-9fee-7694a26bc9e9@group-19CC27109C97:LeaderElection261] INFO  impl.LeaderElection (LeaderElection.java:logAndReturn(56)) - 07d2a3d4-a08d-4ff2-9fee-7694a26bc9e9@group-19CC27109C97:LeaderElection261: Election REJECTED; received 2 response(s) [07d2a3d4-a08d-4ff2-9fee-7694a26bc9e9<-718f5985-af6b-46f0-b376-36c68e33e3c2#0:FAIL-t2, 07d2a3d4-a08d-4ff2-9fee-7694a26bc9e9<-7d339ff4-0353-45b5-a855-49faf6b9a877#0:FAIL-t2] and 0 exception(s); 07d2a3d4-a08d-4ff2-9fee-7694a26bc9e9@group-19CC27109C97:t2, leader=null, voted=07d2a3d4-a08d-4ff2-9fee-7694a26bc9e9, raftlog=07d2a3d4-a08d-4ff2-9fee-7694a26bc9e9@group-19CC27109C97-SegmentedRaftLog:OPENED:c-1,f-1,i0, conf=-1: [07d2a3d4-a08d-4ff2-9fee-7694a26bc9e9:192.168.36.126:42527, 718f5985-af6b-46f0-b376-36c68e33e3c2:192.168.36.126:33516, 7d339ff4-0353-45b5-a855-49faf6b9a877:192.168.36.126:33810], old=null
2019-09-25 05:32:32,531 [7d339ff4-0353-45b5-a855-49faf6b9a877@group-19CC27109C97:LeaderElection255] INFO  impl.LeaderElection (LeaderElection.java:logAndReturn(56)) - 7d339ff4-0353-45b5-a855-49faf6b9a877@group-19CC27109C97:LeaderElection255: Election REJECTED; received 2 response(s) [7d339ff4-0353-45b5-a855-49faf6b9a877<-07d2a3d4-a08d-4ff2-9fee-7694a26bc9e9#0:FAIL-t2, 7d339ff4-0353-45b5-a855-49faf6b9a877<-718f5985-af6b-46f0-b376-36c68e33e3c2#0:FAIL-t2] and 0 exception(s); 7d339ff4-0353-45b5-a855-49faf6b9a877@group-19CC27109C97:t2, leader=null, voted=7d339ff4-0353-45b5-a855-49faf6b9a877, raftlog=7d339ff4-0353-45b5-a855-49faf6b9a877@group-19CC27109C97-SegmentedRaftLog:OPENED:c-1,f-1,i0, conf=-1: [07d2a3d4-a08d-4ff2-9fee-7694a26bc9e9:192.168.36.126:42527, 718f5985-af6b-46f0-b376-36c68e33e3c2:192.168.36.126:33516, 7d339ff4-0353-45b5-a855-49faf6b9a877:192.168.36.126:33810], old=null
2019-09-25 05:32:32,531 [7d339ff4-0353-45b5-a855-49faf6b9a877@group-8EE3C38B4941:LeaderElection262] INFO  impl.LeaderElection (LeaderElection.java:logAndReturn(56)) - 7d339ff4-0353-45b5-a855-49faf6b9a877@group-8EE3C38B4941:LeaderElection262: Election REJECTED; received 2 response(s) [7d339ff4-0353-45b5-a855-49faf6b9a877<-07d2a3d4-a08d-4ff2-9fee-7694a26bc9e9#0:FAIL-t2, 7d339ff4-0353-45b5-a855-49faf6b9a877<-718f5985-af6b-46f0-b376-36c68e33e3c2#0:FAIL-t2] and 0 exception(s); 7d339ff4-0353-45b5-a855-49faf6b9a877@group-8EE3C38B4941:t2, leader=null, voted=7d339ff4-0353-45b5-a855-49faf6b9a877, raftlog=7d339ff4-0353-45b5-a855-49faf6b9a877@group-8EE3C38B4941-SegmentedRaftLog:OPENED:c-1,f-1,i0, conf=-1: [07d2a3d4-a08d-4ff2-9fee-7694a26bc9e9:192.168.36.126:42527, 718f5985-af6b-46f0-b376-36c68e33e3c2:192.168.36.126:33516, 7d339ff4-0353-45b5-a855-49faf6b9a877:192.168.36.126:33810], old=null
2019-09-25 05:32:32,531 [718f5985-af6b-46f0-b376-36c68e33e3c2@group-8EE3C38B4941:LeaderElection256] INFO  impl.RoleInfo (RoleInfo.java:shutdownLeaderElection(134)) - 718f5985-af6b-46f0-b376-36c68e33e3c2: shutdown LeaderElection
2019-09-25 05:32:32,531 [7d339ff4-0353-45b5-a855-49faf6b9a877@group-FABB21EF17C7:LeaderElection259] INFO  impl.LeaderElection (LeaderElection.java:logAndReturn(56)) - 7d339ff4-0353-45b5-a855-49faf6b9a877@group-FABB21EF17C7:LeaderElection259: Election REJECTED; received 2 response(s) [7d339ff4-0353-45b5-a855-49faf6b9a877<-07d2a3d4-a08d-4ff2-9fee-7694a26bc9e9#0:FAIL-t2, 7d339ff4-0353-45b5-a855-49faf6b9a877<-718f5985-af6b-46f0-b376-36c68e33e3c2#0:FAIL-t2] and 0 exception(s); 7d339ff4-0353-45b5-a855-49faf6b9a877@group-FABB21EF17C7:t2, leader=null, voted=7d339ff4-0353-45b5-a855-49faf6b9a877, raftlog=7d339ff4-0353-45b5-a855-49faf6b9a877@group-FABB21EF17C7-SegmentedRaftLog:OPENED:c-1,f-1,i0, conf=-1: [07d2a3d4-a08d-4ff2-9fee-7694a26bc9e9:192.168.36.126:42527, 718f5985-af6b-46f0-b376-36c68e33e3c2:192.168.36.126:33516, 7d339ff4-0353-45b5-a855-49faf6b9a877:192.168.36.126:33810], old=null
2019-09-25 05:32:32,533 [718f5985-af6b-46f0-b376-36c68e33e3c2@group-8EE3C38B4941:LeaderElection256] INFO  impl.RoleInfo (RoleInfo.java:updateAndGet(143)) - 718f5985-af6b-46f0-b376-36c68e33e3c2: start FollowerState
2019-09-25 05:32:32,533 [7d339ff4-0353-45b5-a855-49faf6b9a877@group-8EE3C38B4941:LeaderElection262] INFO  impl.RaftServerImpl (RaftServerImpl.java:setRole(174)) - 7d339ff4-0353-45b5-a855-49faf6b9a877@group-8EE3C38B4941: changes role from CANDIDATE to FOLLOWER at term 2 for DISCOVERED_A_NEW_TERM
2019-09-25 05:32:32,533 [7d339ff4-0353-45b5-a855-49faf6b9a877@group-8EE3C38B4941:LeaderElection262] INFO  impl.RoleInfo (RoleInfo.java:shutdownLeaderElection(134)) - 7d339ff4-0353-45b5-a855-49faf6b9a877: shutdown LeaderElection
2019-09-25 05:32:32,532 [7d339ff4-0353-45b5-a855-49faf6b9a877@group-19CC27109C97:LeaderElection255] INFO  impl.RaftServerImpl (RaftServerImpl.java:setRole(174)) - 7d339ff4-0353-45b5-a855-49faf6b9a877@group-19CC27109C97: changes role from CANDIDATE to FOLLOWER at term 2 for DISCOVERED_A_NEW_TERM
2019-09-25 05:32:32,532 [07d2a3d4-a08d-4ff2-9fee-7694a26bc9e9@group-19CC27109C97:LeaderElection261] INFO  impl.RaftServerImpl (RaftServerImpl.java:setRole(174)) - 07d2a3d4-a08d-4ff2-9fee-7694a26bc9e9@group-19CC27109C97: changes role from CANDIDATE to FOLLOWER at term 2 for DISCOVERED_A_NEW_TERM
2019-09-25 05:32:32,534 [07d2a3d4-a08d-4ff2-9fee-7694a26bc9e9@group-19CC27109C97:LeaderElection261] INFO  impl.RoleInfo (RoleInfo.java:shutdownLeaderElection(134)) - 07d2a3d4-a08d-4ff2-9fee-7694a26bc9e9: shutdown LeaderElection
2019-09-25 05:32:32,532 [07d2a3d4-a08d-4ff2-9fee-7694a26bc9e9@group-FABB21EF17C7:LeaderElection258] INFO  impl.RaftServerImpl (RaftServerImpl.java:setRole(174)) - 07d2a3d4-a08d-4ff2-9fee-7694a26bc9e9@group-FABB21EF17C7: changes role from CANDIDATE to FOLLOWER at term 2 for DISCOVERED_A_NEW_TERM
2019-09-25 05:32:32,534 [07d2a3d4-a08d-4ff2-9fee-7694a26bc9e9@group-FABB21EF17C7:LeaderElection258] INFO  impl.RoleInfo (RoleInfo.java:shutdownLeaderElection(134)) - 07d2a3d4-a08d-4ff2-9fee-7694a26bc9e9: shutdown LeaderElection
2019-09-25 05:32:32,532 [718f5985-af6b-46f0-b376-36c68e33e3c2@group-FABB21EF17C7:LeaderElection260] INFO  impl.RoleInfo (RoleInfo.java:shutdownLeaderElection(134)) - 718f5985-af6b-46f0-b376-36c68e33e3c2: shutdown LeaderElection
2019-09-25 05:32:32,532 [718f5985-af6b-46f0-b376-36c68e33e3c2@group-19CC27109C97:LeaderElection254] INFO  impl.RoleInfo (RoleInfo.java:shutdownLeaderElection(134)) - 718f5985-af6b-46f0-b376-36c68e33e3c2: shutdown LeaderElection
2019-09-25 05:32:32,534 [718f5985-af6b-46f0-b376-36c68e33e3c2@group-FABB21EF17C7:LeaderElection260] INFO  impl.RoleInfo (RoleInfo.java:updateAndGet(143)) - 718f5985-af6b-46f0-b376-36c68e33e3c2: start FollowerState
2019-09-25 05:32:32,534 [07d2a3d4-a08d-4ff2-9fee-7694a26bc9e9@group-FABB21EF17C7:LeaderElection258] INFO  impl.RoleInfo (RoleInfo.java:updateAndGet(143)) - 07d2a3d4-a08d-4ff2-9fee-7694a26bc9e9: start FollowerState
2019-09-25 05:32:32,534 [07d2a3d4-a08d-4ff2-9fee-7694a26bc9e9@group-19CC27109C97:LeaderElection261] INFO  impl.RoleInfo (RoleInfo.java:updateAndGet(143)) - 07d2a3d4-a08d-4ff2-9fee-7694a26bc9e9: start FollowerState
2019-09-25 05:32:32,533 [7d339ff4-0353-45b5-a855-49faf6b9a877@group-19CC27109C97:LeaderElection255] INFO  impl.RoleInfo (RoleInfo.java:shutdownLeaderElection(134)) - 7d339ff4-0353-45b5-a855-49faf6b9a877: shutdown LeaderElection
2019-09-25 05:32:32,533 [7d339ff4-0353-45b5-a855-49faf6b9a877@group-8EE3C38B4941:LeaderElection262] INFO  impl.RoleInfo (RoleInfo.java:updateAndGet(143)) - 7d339ff4-0353-45b5-a855-49faf6b9a877: start FollowerState
2019-09-25 05:32:32,533 [7d339ff4-0353-45b5-a855-49faf6b9a877@group-FABB21EF17C7:LeaderElection259] INFO  impl.RaftServerImpl (RaftServerImpl.java:setRole(174)) - 7d339ff4-0353-45b5-a855-49faf6b9a877@group-FABB21EF17C7: changes role from CANDIDATE to FOLLOWER at term 2 for DISCOVERED_A_NEW_TERM
2019-09-25 05:32:32,535 [7d339ff4-0353-45b5-a855-49faf6b9a877@group-19CC27109C97:LeaderElection255] INFO  impl.RoleInfo (RoleInfo.java:updateAndGet(143)) - 7d339ff4-0353-45b5-a855-49faf6b9a877: start FollowerState
2019-09-25 05:32:32,534 [718f5985-af6b-46f0-b376-36c68e33e3c2@group-19CC27109C97:LeaderElection254] INFO  impl.RoleInfo (RoleInfo.java:updateAndGet(143)) - 718f5985-af6b-46f0-b376-36c68e33e3c2: start FollowerState
2019-09-25 05:32:32,535 [7d339ff4-0353-45b5-a855-49faf6b9a877@group-FABB21EF17C7:LeaderElection259] INFO  impl.RoleInfo (RoleInfo.java:shutdownLeaderElection(134)) - 7d339ff4-0353-45b5-a855-49faf6b9a877: shutdown LeaderElection
2019-09-25 05:32:32,536 [7d339ff4-0353-45b5-a855-49faf6b9a877@group-FABB21EF17C7:LeaderElection259] INFO  impl.RoleInfo (RoleInfo.java:updateAndGet(143)) - 7d339ff4-0353-45b5-a855-49faf6b9a877: start FollowerState
2019-09-25 05:32:33,540 [Thread-1778] INFO  impl.FollowerState (FollowerState.java:run(106)) - 07d2a3d4-a08d-4ff2-9fee-7694a26bc9e9:group-FABB21EF17C7 changes to CANDIDATE, lastRpcTime:1006, electionTimeout:1005ms
2019-09-25 05:32:33,540 [Thread-1778] INFO  impl.RoleInfo (RoleInfo.java:shutdownFollowerState(121)) - 07d2a3d4-a08d-4ff2-9fee-7694a26bc9e9: shutdown FollowerState
2019-09-25 05:32:33,541 [Thread-1778] INFO  impl.RaftServerImpl (RaftServerImpl.java:setRole(174)) - 07d2a3d4-a08d-4ff2-9fee-7694a26bc9e9@group-FABB21EF17C7: changes role from  FOLLOWER to CANDIDATE at term 2 for changeToCandidate
2019-09-25 05:32:33,541 [Thread-1778] INFO  impl.RoleInfo (RoleInfo.java:updateAndGet(143)) - 07d2a3d4-a08d-4ff2-9fee-7694a26bc9e9: start LeaderElection
2019-09-25 05:32:33,568 [Thread-1776] INFO  impl.FollowerState (FollowerState.java:run(106)) - 7d339ff4-0353-45b5-a855-49faf6b9a877:group-8EE3C38B4941 changes to CANDIDATE, lastRpcTime:1034, electionTimeout:1032ms
2019-09-25 05:32:33,568 [Thread-1776] INFO  impl.RoleInfo (RoleInfo.java:shutdownFollowerState(121)) - 7d339ff4-0353-45b5-a855-49faf6b9a877: shutdown FollowerState
2019-09-25 05:32:33,568 [Thread-1776] INFO  impl.RaftServerImpl (RaftServerImpl.java:setRole(174)) - 7d339ff4-0353-45b5-a855-49faf6b9a877@group-8EE3C38B4941: changes role from  FOLLOWER to CANDIDATE at term 2 for changeToCandidate
2019-09-25 05:32:33,568 [Thread-1776] INFO  impl.RoleInfo (RoleInfo.java:updateAndGet(143)) - 7d339ff4-0353-45b5-a855-49faf6b9a877: start LeaderElection
2019-09-25 05:32:33,569 [Thread-1779] INFO  impl.FollowerState (FollowerState.java:run(106)) - 718f5985-af6b-46f0-b376-36c68e33e3c2:group-FABB21EF17C7 changes to CANDIDATE, lastRpcTime:1034, electionTimeout:1034ms
2019-09-25 05:32:33,569 [Thread-1779] INFO  impl.RoleInfo (RoleInfo.java:shutdownFollowerState(121)) - 718f5985-af6b-46f0-b376-36c68e33e3c2: shutdown FollowerState
2019-09-25 05:32:33,569 [Thread-1779] INFO  impl.RaftServerImpl (RaftServerImpl.java:setRole(174)) - 718f5985-af6b-46f0-b376-36c68e33e3c2@group-FABB21EF17C7: changes role from  FOLLOWER to CANDIDATE at term 2 for changeToCandidate
2019-09-25 05:32:33,569 [Thread-1779] INFO  impl.RoleInfo (RoleInfo.java:updateAndGet(143)) - 718f5985-af6b-46f0-b376-36c68e33e3c2: start LeaderElection
2019-09-25 05:32:33,582 [Thread-1781] INFO  impl.FollowerState (FollowerState.java:run(106)) - 7d339ff4-0353-45b5-a855-49faf6b9a877:group-19CC27109C97 changes to CANDIDATE, lastRpcTime:1047, electionTimeout:1046ms
2019-09-25 05:32:33,582 [Thread-1781] INFO  impl.RoleInfo (RoleInfo.java:shutdownFollowerState(121)) - 7d339ff4-0353-45b5-a855-49faf6b9a877: shutdown FollowerState
2019-09-25 05:32:33,582 [Thread-1781] INFO  impl.RaftServerImpl (RaftServerImpl.java:setRole(174)) - 7d339ff4-0353-45b5-a855-49faf6b9a877@group-19CC27109C97: changes role from  FOLLOWER to CANDIDATE at term 2 for changeToCandidate
2019-09-25 05:32:33,583 [Thread-1781] INFO  impl.RoleInfo (RoleInfo.java:updateAndGet(143)) - 7d339ff4-0353-45b5-a855-49faf6b9a877: start LeaderElection
2019-09-25 05:32:33,597 [Thread-1774] INFO  impl.FollowerState (FollowerState.java:run(106)) - 07d2a3d4-a08d-4ff2-9fee-7694a26bc9e9:group-8EE3C38B4941 changes to CANDIDATE, lastRpcTime:1065, electionTimeout:1065ms
2019-09-25 05:32:33,597 [Thread-1774] INFO  impl.RoleInfo (RoleInfo.java:shutdownFollowerState(121)) - 07d2a3d4-a08d-4ff2-9fee-7694a26bc9e9: shutdown FollowerState
2019-09-25 05:32:33,597 [Thread-1774] INFO  impl.RaftServerImpl (RaftServerImpl.java:setRole(174)) - 07d2a3d4-a08d-4ff2-9fee-7694a26bc9e9@group-8EE3C38B4941: changes role from  FOLLOWER to CANDIDATE at term 2 for changeToCandidate
2019-09-25 05:32:33,597 [Thread-1774] INFO  impl.RoleInfo (RoleInfo.java:updateAndGet(143)) - 07d2a3d4-a08d-4ff2-9fee-7694a26bc9e9: start LeaderElection
2019-09-25 05:32:33,657 [Thread-1782] INFO  impl.FollowerState (FollowerState.java:run(106)) - 7d339ff4-0353-45b5-a855-49faf6b9a877:group-FABB21EF17C7 changes to CANDIDATE, lastRpcTime:1121, electionTimeout:1121ms
2019-09-25 05:32:33,657 [Thread-1782] INFO  impl.RoleInfo (RoleInfo.java:shutdownFollowerState(121)) - 7d339ff4-0353-45b5-a855-49faf6b9a877: shutdown FollowerState
2019-09-25 05:32:33,657 [Thread-1782] INFO  impl.RaftServerImpl (RaftServerImpl.java:setRole(174)) - 7d339ff4-0353-45b5-a855-49faf6b9a877@group-FABB21EF17C7: changes role from  FOLLOWER to CANDIDATE at term 2 for changeToCandidate
2019-09-25 05:32:33,658 [Thread-1782] INFO  impl.RoleInfo (RoleInfo.java:updateAndGet(143)) - 7d339ff4-0353-45b5-a855-49faf6b9a877: start LeaderElection
2019-09-25 05:32:33,680 [Thread-1777] INFO  impl.FollowerState (FollowerState.java:run(106)) - 07d2a3d4-a08d-4ff2-9fee-7694a26bc9e9:group-19CC27109C97 changes to CANDIDATE, lastRpcTime:1146, electionTimeout:1145ms
2019-09-25 05:32:33,680 [Thread-1777] INFO  impl.RoleInfo (RoleInfo.java:shutdownFollowerState(121)) - 07d2a3d4-a08d-4ff2-9fee-7694a26bc9e9: shutdown FollowerState
2019-09-25 05:32:33,681 [Thread-1777] INFO  impl.RaftServerImpl (RaftServerImpl.java:setRole(174)) - 07d2a3d4-a08d-4ff2-9fee-7694a26bc9e9@group-19CC27109C97: changes role from  FOLLOWER to CANDIDATE at term 2 for changeToCandidate
2019-09-25 05:32:33,681 [Thread-1777] INFO  impl.RoleInfo (RoleInfo.java:updateAndGet(143)) - 07d2a3d4-a08d-4ff2-9fee-7694a26bc9e9: start LeaderElection
2019-09-25 05:32:33,705 [Thread-1780] INFO  impl.FollowerState (FollowerState.java:run(106)) - 718f5985-af6b-46f0-b376-36c68e33e3c2:group-19CC27109C97 changes to CANDIDATE, lastRpcTime:1170, electionTimeout:1169ms
2019-09-25 05:32:33,705 [Thread-1780] INFO  impl.RoleInfo (RoleInfo.java:shutdownFollowerState(121)) - 718f5985-af6b-46f0-b376-36c68e33e3c2: shutdown FollowerState
2019-09-25 05:32:33,705 [Thread-1780] INFO  impl.RaftServerImpl (RaftServerImpl.java:setRole(174)) - 718f5985-af6b-46f0-b376-36c68e33e3c2@group-19CC27109C97: changes role from  FOLLOWER to CANDIDATE at term 2 for changeToCandidate
2019-09-25 05:32:33,705 [Thread-1780] INFO  impl.RoleInfo (RoleInfo.java:updateAndGet(143)) - 718f5985-af6b-46f0-b376-36c68e33e3c2: start LeaderElection
2019-09-25 05:32:33,710 [Thread-1775] INFO  impl.FollowerState (FollowerState.java:run(106)) - 718f5985-af6b-46f0-b376-36c68e33e3c2:group-8EE3C38B4941 changes to CANDIDATE, lastRpcTime:1177, electionTimeout:1177ms
2019-09-25 05:32:33,710 [Thread-1775] INFO  impl.RoleInfo (RoleInfo.java:shutdownFollowerState(121)) - 718f5985-af6b-46f0-b376-36c68e33e3c2: shutdown FollowerState
2019-09-25 05:32:33,711 [Thread-1775] INFO  impl.RaftServerImpl (RaftServerImpl.java:setRole(174)) - 718f5985-af6b-46f0-b376-36c68e33e3c2@group-8EE3C38B4941: changes role from  FOLLOWER to CANDIDATE at term 2 for changeToCandidate
2019-09-25 05:32:33,711 [Thread-1775] INFO  impl.RoleInfo (RoleInfo.java:updateAndGet(143)) - 718f5985-af6b-46f0-b376-36c68e33e3c2: start LeaderElection
2019-09-25 05:32:33,983 [7d339ff4-0353-45b5-a855-49faf6b9a877@group-FABB21EF17C7:LeaderElection268] INFO  impl.LeaderElection (LeaderElection.java:askForVotes(182)) - 7d339ff4-0353-45b5-a855-49faf6b9a877@group-FABB21EF17C7:LeaderElection268: begin an election at term 3 for -1: [07d2a3d4-a08d-4ff2-9fee-7694a26bc9e9:192.168.36.126:42527, 718f5985-af6b-46f0-b376-36c68e33e3c2:192.168.36.126:33516, 7d339ff4-0353-45b5-a855-49faf6b9a877:192.168.36.126:33810], old=null
2019-09-25 05:32:33,983 [07d2a3d4-a08d-4ff2-9fee-7694a26bc9e9@group-FABB21EF17C7:LeaderElection263] INFO  impl.LeaderElection (LeaderElection.java:askForVotes(182)) - 07d2a3d4-a08d-4ff2-9fee-7694a26bc9e9@group-FABB21EF17C7:LeaderElection263: begin an election at term 3 for -1: [07d2a3d4-a08d-4ff2-9fee-7694a26bc9e9:192.168.36.126:42527, 718f5985-af6b-46f0-b376-36c68e33e3c2:192.168.36.126:33516, 7d339ff4-0353-45b5-a855-49faf6b9a877:192.168.36.126:33810], old=null
2019-09-25 05:32:33,983 [7d339ff4-0353-45b5-a855-49faf6b9a877@group-19CC27109C97:LeaderElection266] INFO  impl.LeaderElection (LeaderElection.java:askForVotes(182)) - 7d339ff4-0353-45b5-a855-49faf6b9a877@group-19CC27109C97:LeaderElection266: begin an election at term 3 for -1: [07d2a3d4-a08d-4ff2-9fee-7694a26bc9e9:192.168.36.126:42527, 718f5985-af6b-46f0-b376-36c68e33e3c2:192.168.36.126:33516, 7d339ff4-0353-45b5-a855-49faf6b9a877:192.168.36.126:33810], old=null
2019-09-25 05:32:33,983 [718f5985-af6b-46f0-b376-36c68e33e3c2@group-8EE3C38B4941:LeaderElection271] INFO  impl.LeaderElection (LeaderElection.java:askForVotes(182)) - 718f5985-af6b-46f0-b376-36c68e33e3c2@group-8EE3C38B4941:LeaderElection271: begin an election at term 3 for -1: [07d2a3d4-a08d-4ff2-9fee-7694a26bc9e9:192.168.36.126:42527, 718f5985-af6b-46f0-b376-36c68e33e3c2:192.168.36.126:33516, 7d339ff4-0353-45b5-a855-49faf6b9a877:192.168.36.126:33810], old=null
2019-09-25 05:32:33,983 [718f5985-af6b-46f0-b376-36c68e33e3c2@group-19CC27109C97:LeaderElection270] INFO  impl.LeaderElection (LeaderElection.java:askForVotes(182)) - 718f5985-af6b-46f0-b376-36c68e33e3c2@group-19CC27109C97:LeaderElection270: begin an election at term 3 for -1: [07d2a3d4-a08d-4ff2-9fee-7694a26bc9e9:192.168.36.126:42527, 718f5985-af6b-46f0-b376-36c68e33e3c2:192.168.36.126:33516, 7d339ff4-0353-45b5-a855-49faf6b9a877:192.168.36.126:33810], old=null
2019-09-25 05:32:33,983 [07d2a3d4-a08d-4ff2-9fee-7694a26bc9e9@group-19CC27109C97:LeaderElection269] INFO  impl.LeaderElection (LeaderElection.java:askForVotes(182)) - 07d2a3d4-a08d-4ff2-9fee-7694a26bc9e9@group-19CC27109C97:LeaderElection269: begin an election at term 3 for -1: [07d2a3d4-a08d-4ff2-9fee-7694a26bc9e9:192.168.36.126:42527, 718f5985-af6b-46f0-b376-36c68e33e3c2:192.168.36.126:33516, 7d339ff4-0353-45b5-a855-49faf6b9a877:192.168.36.126:33810], old=null
2019-09-25 05:32:33,983 [07d2a3d4-a08d-4ff2-9fee-7694a26bc9e9@group-8EE3C38B4941:LeaderElection267] INFO  impl.LeaderElection (LeaderElection.java:askForVotes(182)) - 07d2a3d4-a08d-4ff2-9fee-7694a26bc9e9@group-8EE3C38B4941:LeaderElection267: begin an election at term 3 for -1: [07d2a3d4-a08d-4ff2-9fee-7694a26bc9e9:192.168.36.126:42527, 718f5985-af6b-46f0-b376-36c68e33e3c2:192.168.36.126:33516, 7d339ff4-0353-45b5-a855-49faf6b9a877:192.168.36.126:33810], old=null
2019-09-25 05:32:33,983 [718f5985-af6b-46f0-b376-36c68e33e3c2@group-FABB21EF17C7:LeaderElection265] INFO  impl.LeaderElection (LeaderElection.java:askForVotes(182)) - 718f5985-af6b-46f0-b376-36c68e33e3c2@group-FABB21EF17C7:LeaderElection265: begin an election at term 3 for -1: [07d2a3d4-a08d-4ff2-9fee-7694a26bc9e9:192.168.36.126:42527, 718f5985-af6b-46f0-b376-36c68e33e3c2:192.168.36.126:33516, 7d339ff4-0353-45b5-a855-49faf6b9a877:192.168.36.126:33810], old=null
2019-09-25 05:32:33,983 [7d339ff4-0353-45b5-a855-49faf6b9a877@group-8EE3C38B4941:LeaderElection264] INFO  impl.LeaderElection (LeaderElection.java:askForVotes(182)) - 7d339ff4-0353-45b5-a855-49faf6b9a877@group-8EE3C38B4941:LeaderElection264: begin an election at term 3 for -1: [07d2a3d4-a08d-4ff2-9fee-7694a26bc9e9:192.168.36.126:42527, 718f5985-af6b-46f0-b376-36c68e33e3c2:192.168.36.126:33516, 7d339ff4-0353-45b5-a855-49faf6b9a877:192.168.36.126:33810], old=null
2019-09-25 05:32:33,995 [718f5985-af6b-46f0-b376-36c68e33e3c2@group-8EE3C38B4941:LeaderElection271] INFO  impl.LeaderElection (LeaderElection.java:logAndReturn(56)) - 718f5985-af6b-46f0-b376-36c68e33e3c2@group-8EE3C38B4941:LeaderElection271: Election REJECTED; received 2 response(s) [718f5985-af6b-46f0-b376-36c68e33e3c2<-07d2a3d4-a08d-4ff2-9fee-7694a26bc9e9#0:FAIL-t3, 718f5985-af6b-46f0-b376-36c68e33e3c2<-7d339ff4-0353-45b5-a855-49faf6b9a877#0:FAIL-t3] and 0 exception(s); 718f5985-af6b-46f0-b376-36c68e33e3c2@group-8EE3C38B4941:t3, leader=null, voted=718f5985-af6b-46f0-b376-36c68e33e3c2, raftlog=718f5985-af6b-46f0-b376-36c68e33e3c2@group-8EE3C38B4941-SegmentedRaftLog:OPENED:c-1,f-1,i0, conf=-1: [07d2a3d4-a08d-4ff2-9fee-7694a26bc9e9:192.168.36.126:42527, 718f5985-af6b-46f0-b376-36c68e33e3c2:192.168.36.126:33516, 7d339ff4-0353-45b5-a855-49faf6b9a877:192.168.36.126:33810], old=null
2019-09-25 05:32:33,996 [718f5985-af6b-46f0-b376-36c68e33e3c2@group-8EE3C38B4941:LeaderElection271] INFO  impl.RaftServerImpl (RaftServerImpl.java:setRole(174)) - 718f5985-af6b-46f0-b376-36c68e33e3c2@group-8EE3C38B4941: changes role from CANDIDATE to FOLLOWER at term 3 for DISCOVERED_A_NEW_TERM
2019-09-25 05:32:33,998 [718f5985-af6b-46f0-b376-36c68e33e3c2@group-8EE3C38B4941:LeaderElection271] INFO  impl.RoleInfo (RoleInfo.java:shutdownLeaderElection(134)) - 718f5985-af6b-46f0-b376-36c68e33e3c2: shutdown LeaderElection
2019-09-25 05:32:33,998 [718f5985-af6b-46f0-b376-36c68e33e3c2@group-8EE3C38B4941:LeaderElection271] INFO  impl.RoleInfo (RoleInfo.java:updateAndGet(143)) - 718f5985-af6b-46f0-b376-36c68e33e3c2: start FollowerState
2019-09-25 05:32:33,999 [718f5985-af6b-46f0-b376-36c68e33e3c2@group-19CC27109C97:LeaderElection270] INFO  impl.LeaderElection (LeaderElection.java:logAndReturn(56)) - 718f5985-af6b-46f0-b376-36c68e33e3c2@group-19CC27109C97:LeaderElection270: Election REJECTED; received 2 response(s) [718f5985-af6b-46f0-b376-36c68e33e3c2<-07d2a3d4-a08d-4ff2-9fee-7694a26bc9e9#0:FAIL-t3, 718f5985-af6b-46f0-b376-36c68e33e3c2<-7d339ff4-0353-45b5-a855-49faf6b9a877#0:FAIL-t3] and 0 exception(s); 718f5985-af6b-46f0-b376-36c68e33e3c2@group-19CC27109C97:t3, leader=null, voted=718f5985-af6b-46f0-b376-36c68e33e3c2, raftlog=718f5985-af6b-46f0-b376-36c68e33e3c2@group-19CC27109C97-SegmentedRaftLog:OPENED:c-1,f-1,i0, conf=-1: [07d2a3d4-a08d-4ff2-9fee-7694a26bc9e9:192.168.36.126:42527, 718f5985-af6b-46f0-b376-36c68e33e3c2:192.168.36.126:33516, 7d339ff4-0353-45b5-a855-49faf6b9a877:192.168.36.126:33810], old=null
2019-09-25 05:32:33,999 [07d2a3d4-a08d-4ff2-9fee-7694a26bc9e9@group-FABB21EF17C7:LeaderElection263] INFO  impl.LeaderElection (LeaderElection.java:logAndReturn(56)) - 07d2a3d4-a08d-4ff2-9fee-7694a26bc9e9@group-FABB21EF17C7:LeaderElection263: Election REJECTED; received 2 response(s) [07d2a3d4-a08d-4ff2-9fee-7694a26bc9e9<-718f5985-af6b-46f0-b376-36c68e33e3c2#0:FAIL-t3, 07d2a3d4-a08d-4ff2-9fee-7694a26bc9e9<-7d339ff4-0353-45b5-a855-49faf6b9a877#0:FAIL-t3] and 0 exception(s); 07d2a3d4-a08d-4ff2-9fee-7694a26bc9e9@group-FABB21EF17C7:t3, leader=null, voted=07d2a3d4-a08d-4ff2-9fee-7694a26bc9e9, raftlog=07d2a3d4-a08d-4ff2-9fee-7694a26bc9e9@group-FABB21EF17C7-SegmentedRaftLog:OPENED:c-1,f-1,i0, conf=-1: [07d2a3d4-a08d-4ff2-9fee-7694a26bc9e9:192.168.36.126:42527, 718f5985-af6b-46f0-b376-36c68e33e3c2:192.168.36.126:33516, 7d339ff4-0353-45b5-a855-49faf6b9a877:192.168.36.126:33810], old=null
2019-09-25 05:32:34,000 [718f5985-af6b-46f0-b376-36c68e33e3c2@group-19CC27109C97:LeaderElection270] INFO  impl.RaftServerImpl (RaftServerImpl.java:setRole(174)) - 718f5985-af6b-46f0-b376-36c68e33e3c2@group-19CC27109C97: changes role from CANDIDATE to FOLLOWER at term 3 for DISCOVERED_A_NEW_TERM
2019-09-25 05:32:34,000 [07d2a3d4-a08d-4ff2-9fee-7694a26bc9e9@group-8EE3C38B4941:LeaderElection267] INFO  impl.LeaderElection (LeaderElection.java:logAndReturn(56)) - 07d2a3d4-a08d-4ff2-9fee-7694a26bc9e9@group-8EE3C38B4941:LeaderElection267: Election REJECTED; received 2 response(s) [07d2a3d4-a08d-4ff2-9fee-7694a26bc9e9<-718f5985-af6b-46f0-b376-36c68e33e3c2#0:FAIL-t3, 07d2a3d4-a08d-4ff2-9fee-7694a26bc9e9<-7d339ff4-0353-45b5-a855-49faf6b9a877#0:FAIL-t3] and 0 exception(s); 07d2a3d4-a08d-4ff2-9fee-7694a26bc9e9@group-8EE3C38B4941:t3, leader=null, voted=07d2a3d4-a08d-4ff2-9fee-7694a26bc9e9, raftlog=07d2a3d4-a08d-4ff2-9fee-7694a26bc9e9@group-8EE3C38B4941-SegmentedRaftLog:OPENED:c-1,f-1,i0, conf=-1: [07d2a3d4-a08d-4ff2-9fee-7694a26bc9e9:192.168.36.126:42527, 718f5985-af6b-46f0-b376-36c68e33e3c2:192.168.36.126:33516, 7d339ff4-0353-45b5-a855-49faf6b9a877:192.168.36.126:33810], old=null
2019-09-25 05:32:34,000 [07d2a3d4-a08d-4ff2-9fee-7694a26bc9e9@group-FABB21EF17C7:LeaderElection263] INFO  impl.RaftServerImpl (RaftServerImpl.java:setRole(174)) - 07d2a3d4-a08d-4ff2-9fee-7694a26bc9e9@group-FABB21EF17C7: changes role from CANDIDATE to FOLLOWER at term 3 for DISCOVERED_A_NEW_TERM
2019-09-25 05:32:34,000 [07d2a3d4-a08d-4ff2-9fee-7694a26bc9e9@group-8EE3C38B4941:LeaderElection267] INFO  impl.RaftServerImpl (RaftServerImpl.java:setRole(174)) - 07d2a3d4-a08d-4ff2-9fee-7694a26bc9e9@group-8EE3C38B4941: changes role from CANDIDATE to FOLLOWER at term 3 for DISCOVERED_A_NEW_TERM
2019-09-25 05:32:34,000 [718f5985-af6b-46f0-b376-36c68e33e3c2@group-19CC27109C97:LeaderElection270] INFO  impl.RoleInfo (RoleInfo.java:shutdownLeaderElection(134)) - 718f5985-af6b-46f0-b376-36c68e33e3c2: shutdown LeaderElection
2019-09-25 05:32:34,000 [7d339ff4-0353-45b5-a855-49faf6b9a877@group-FABB21EF17C7:LeaderElection268] INFO  impl.LeaderElection (LeaderElection.java:logAndReturn(56)) - 7d339ff4-0353-45b5-a855-49faf6b9a877@group-FABB21EF17C7:LeaderElection268: Election REJECTED; received 2 response(s) [7d339ff4-0353-45b5-a855-49faf6b9a877<-07d2a3d4-a08d-4ff2-9fee-7694a26bc9e9#0:FAIL-t3, 7d339ff4-0353-45b5-a855-49faf6b9a877<-718f5985-af6b-46f0-b376-36c68e33e3c2#0:FAIL-t3] and 0 exception(s); 7d339ff4-0353-45b5-a855-49faf6b9a877@group-FABB21EF17C7:t3, leader=null, voted=7d339ff4-0353-45b5-a855-49faf6b9a877, raftlog=7d339ff4-0353-45b5-a855-49faf6b9a877@group-FABB21EF17C7-SegmentedRaftLog:OPENED:c-1,f-1,i0, conf=-1: [07d2a3d4-a08d-4ff2-9fee-7694a26bc9e9:192.168.36.126:42527, 718f5985-af6b-46f0-b376-36c68e33e3c2:192.168.36.126:33516, 7d339ff4-0353-45b5-a855-49faf6b9a877:192.168.36.126:33810], old=null
2019-09-25 05:32:34,000 [07d2a3d4-a08d-4ff2-9fee-7694a26bc9e9@group-8EE3C38B4941:LeaderElection267] INFO  impl.RoleInfo (RoleInfo.java:shutdownLeaderElection(134)) - 07d2a3d4-a08d-4ff2-9fee-7694a26bc9e9: shutdown LeaderElection
2019-09-25 05:32:34,000 [07d2a3d4-a08d-4ff2-9fee-7694a26bc9e9@group-FABB21EF17C7:LeaderElection263] INFO  impl.RoleInfo (RoleInfo.java:shutdownLeaderElection(134)) - 07d2a3d4-a08d-4ff2-9fee-7694a26bc9e9: shutdown LeaderElection
2019-09-25 05:32:34,001 [718f5985-af6b-46f0-b376-36c68e33e3c2@group-FABB21EF17C7:LeaderElection265] INFO  impl.LeaderElection (LeaderElection.java:logAndReturn(56)) - 718f5985-af6b-46f0-b376-36c68e33e3c2@group-FABB21EF17C7:LeaderElection265: Election REJECTED; received 2 response(s) [718f5985-af6b-46f0-b376-36c68e33e3c2<-07d2a3d4-a08d-4ff2-9fee-7694a26bc9e9#0:FAIL-t3, 718f5985-af6b-46f0-b376-36c68e33e3c2<-7d339ff4-0353-45b5-a855-49faf6b9a877#0:FAIL-t3] and 0 exception(s); 718f5985-af6b-46f0-b376-36c68e33e3c2@group-FABB21EF17C7:t3, leader=null, voted=718f5985-af6b-46f0-b376-36c68e33e3c2, raftlog=718f5985-af6b-46f0-b376-36c68e33e3c2@group-FABB21EF17C7-SegmentedRaftLog:OPENED:c-1,f-1,i0, conf=-1: [07d2a3d4-a08d-4ff2-9fee-7694a26bc9e9:192.168.36.126:42527, 718f5985-af6b-46f0-b376-36c68e33e3c2:192.168.36.126:33516, 7d339ff4-0353-45b5-a855-49faf6b9a877:192.168.36.126:33810], old=null
2019-09-25 05:32:34,001 [07d2a3d4-a08d-4ff2-9fee-7694a26bc9e9@group-8EE3C38B4941:LeaderElection267] INFO  impl.RoleInfo (RoleInfo.java:updateAndGet(143)) - 07d2a3d4-a08d-4ff2-9fee-7694a26bc9e9: start FollowerState
2019-09-25 05:32:34,001 [7d339ff4-0353-45b5-a855-49faf6b9a877@group-FABB21EF17C7:LeaderElection268] INFO  impl.RaftServerImpl (RaftServerImpl.java:setRole(174)) - 7d339ff4-0353-45b5-a855-49faf6b9a877@group-FABB21EF17C7: changes role from CANDIDATE to FOLLOWER at term 3 for DISCOVERED_A_NEW_TERM
2019-09-25 05:32:34,001 [718f5985-af6b-46f0-b376-36c68e33e3c2@group-19CC27109C97:LeaderElection270] INFO  impl.RoleInfo (RoleInfo.java:updateAndGet(143)) - 718f5985-af6b-46f0-b376-36c68e33e3c2: start FollowerState
2019-09-25 05:32:34,001 [7d339ff4-0353-45b5-a855-49faf6b9a877@group-8EE3C38B4941:LeaderElection264] INFO  impl.LeaderElection (LeaderElection.java:logAndReturn(56)) - 7d339ff4-0353-45b5-a855-49faf6b9a877@group-8EE3C38B4941:LeaderElection264: Election REJECTED; received 2 response(s) [7d339ff4-0353-45b5-a855-49faf6b9a877<-07d2a3d4-a08d-4ff2-9fee-7694a26bc9e9#0:FAIL-t3, 7d339ff4-0353-45b5-a855-49faf6b9a877<-718f5985-af6b-46f0-b376-36c68e33e3c2#0:FAIL-t3] and 0 exception(s); 7d339ff4-0353-45b5-a855-49faf6b9a877@group-8EE3C38B4941:t3, leader=null, voted=7d339ff4-0353-45b5-a855-49faf6b9a877, raftlog=7d339ff4-0353-45b5-a855-49faf6b9a877@group-8EE3C38B4941-SegmentedRaftLog:OPENED:c-1,f-1,i0, conf=-1: [07d2a3d4-a08d-4ff2-9fee-7694a26bc9e9:192.168.36.126:42527, 718f5985-af6b-46f0-b376-36c68e33e3c2:192.168.36.126:33516, 7d339ff4-0353-45b5-a855-49faf6b9a877:192.168.36.126:33810], old=null
2019-09-25 05:32:34,001 [7d339ff4-0353-45b5-a855-49faf6b9a877@group-FABB21EF17C7:LeaderElection268] INFO  impl.RoleInfo (RoleInfo.java:shutdownLeaderElection(134)) - 7d339ff4-0353-45b5-a855-49faf6b9a877: shutdown LeaderElection
2019-09-25 05:32:34,001 [718f5985-af6b-46f0-b376-36c68e33e3c2@group-FABB21EF17C7:LeaderElection265] INFO  impl.RaftServerImpl (RaftServerImpl.java:setRole(174)) - 718f5985-af6b-46f0-b376-36c68e33e3c2@group-FABB21EF17C7: changes role from CANDIDATE to FOLLOWER at term 3 for DISCOVERED_A_NEW_TERM
2019-09-25 05:32:34,001 [07d2a3d4-a08d-4ff2-9fee-7694a26bc9e9@group-FABB21EF17C7:LeaderElection263] INFO  impl.RoleInfo (RoleInfo.java:updateAndGet(143)) - 07d2a3d4-a08d-4ff2-9fee-7694a26bc9e9: start FollowerState
2019-09-25 05:32:34,002 [718f5985-af6b-46f0-b376-36c68e33e3c2@group-FABB21EF17C7:LeaderElection265] INFO  impl.RoleInfo (RoleInfo.java:shutdownLeaderElection(134)) - 718f5985-af6b-46f0-b376-36c68e33e3c2: shutdown LeaderElection
2019-09-25 05:32:34,002 [7d339ff4-0353-45b5-a855-49faf6b9a877@group-FABB21EF17C7:LeaderElection268] INFO  impl.RoleInfo (RoleInfo.java:updateAndGet(143)) - 7d339ff4-0353-45b5-a855-49faf6b9a877: start FollowerState
2019-09-25 05:32:34,002 [7d339ff4-0353-45b5-a855-49faf6b9a877@group-8EE3C38B4941:LeaderElection264] INFO  impl.RaftServerImpl (RaftServerImpl.java:setRole(174)) - 7d339ff4-0353-45b5-a855-49faf6b9a877@group-8EE3C38B4941: changes role from CANDIDATE to FOLLOWER at term 3 for DISCOVERED_A_NEW_TERM
2019-09-25 05:32:34,003 [7d339ff4-0353-45b5-a855-49faf6b9a877@group-19CC27109C97:LeaderElection266] INFO  impl.LeaderElection (LeaderElection.java:logAndReturn(56)) - 7d339ff4-0353-45b5-a855-49faf6b9a877@group-19CC27109C97:LeaderElection266: Election REJECTED; received 2 response(s) [7d339ff4-0353-45b5-a855-49faf6b9a877<-07d2a3d4-a08d-4ff2-9fee-7694a26bc9e9#0:FAIL-t3, 7d339ff4-0353-45b5-a855-49faf6b9a877<-718f5985-af6b-46f0-b376-36c68e33e3c2#0:FAIL-t3] and 0 exception(s); 7d339ff4-0353-45b5-a855-49faf6b9a877@group-19CC27109C97:t3, leader=null, voted=7d339ff4-0353-45b5-a855-49faf6b9a877, raftlog=7d339ff4-0353-45b5-a855-49faf6b9a877@group-19CC27109C97-SegmentedRaftLog:OPENED:c-1,f-1,i0, conf=-1: [07d2a3d4-a08d-4ff2-9fee-7694a26bc9e9:192.168.36.126:42527, 718f5985-af6b-46f0-b376-36c68e33e3c2:192.168.36.126:33516, 7d339ff4-0353-45b5-a855-49faf6b9a877:192.168.36.126:33810], old=null
2019-09-25 05:32:34,003 [07d2a3d4-a08d-4ff2-9fee-7694a26bc9e9@group-19CC27109C97:LeaderElection269] INFO  impl.LeaderElection (LeaderElection.java:logAndReturn(56)) - 07d2a3d4-a08d-4ff2-9fee-7694a26bc9e9@group-19CC27109C97:LeaderElection269: Election REJECTED; received 2 response(s) [07d2a3d4-a08d-4ff2-9fee-7694a26bc9e9<-718f5985-af6b-46f0-b376-36c68e33e3c2#0:FAIL-t3, 07d2a3d4-a08d-4ff2-9fee-7694a26bc9e9<-7d339ff4-0353-45b5-a855-49faf6b9a877#0:FAIL-t3] and 0 exception(s); 07d2a3d4-a08d-4ff2-9fee-7694a26bc9e9@group-19CC27109C97:t3, leader=null, voted=07d2a3d4-a08d-4ff2-9fee-7694a26bc9e9, raftlog=07d2a3d4-a08d-4ff2-9fee-7694a26bc9e9@group-19CC27109C97-SegmentedRaftLog:OPENED:c-1,f-1,i0, conf=-1: [07d2a3d4-a08d-4ff2-9fee-7694a26bc9e9:192.168.36.126:42527, 718f5985-af6b-46f0-b376-36c68e33e3c2:192.168.36.126:33516, 7d339ff4-0353-45b5-a855-49faf6b9a877:192.168.36.126:33810], old=null
2019-09-25 05:32:34,003 [718f5985-af6b-46f0-b376-36c68e33e3c2@group-FABB21EF17C7:LeaderElection265] INFO  impl.RoleInfo (RoleInfo.java:updateAndGet(143)) - 718f5985-af6b-46f0-b376-36c68e33e3c2: start FollowerState
2019-09-25 05:32:34,003 [07d2a3d4-a08d-4ff2-9fee-7694a26bc9e9@group-19CC27109C97:LeaderElection269] INFO  impl.RaftServerImpl (RaftServerImpl.java:setRole(174)) - 07d2a3d4-a08d-4ff2-9fee-7694a26bc9e9@group-19CC27109C97: changes role from CANDIDATE to FOLLOWER at term 3 for DISCOVERED_A_NEW_TERM
2019-09-25 05:32:34,003 [7d339ff4-0353-45b5-a855-49faf6b9a877@group-19CC27109C97:LeaderElection266] INFO  impl.RaftServerImpl (RaftServerImpl.java:setRole(174)) - 7d339ff4-0353-45b5-a855-49faf6b9a877@group-19CC27109C97: changes role from CANDIDATE to FOLLOWER at term 3 for DISCOVERED_A_NEW_TERM
2019-09-25 05:32:34,004 [7d339ff4-0353-45b5-a855-49faf6b9a877@group-19CC27109C97:LeaderElection266] INFO  impl.RoleInfo (RoleInfo.java:shutdownLeaderElection(134)) - 7d339ff4-0353-45b5-a855-49faf6b9a877: shutdown LeaderElection
2019-09-25 05:32:34,003 [7d339ff4-0353-45b5-a855-49faf6b9a877@group-8EE3C38B4941:LeaderElection264] INFO  impl.RoleInfo (RoleInfo.java:shutdownLeaderElection(134)) - 7d339ff4-0353-45b5-a855-49faf6b9a877: shutdown LeaderElection
2019-09-25 05:32:34,004 [7d339ff4-0353-45b5-a855-49faf6b9a877@group-19CC27109C97:LeaderElection266] INFO  impl.RoleInfo (RoleInfo.java:updateAndGet(143)) - 7d339ff4-0353-45b5-a855-49faf6b9a877: start FollowerState
2019-09-25 05:32:34,004 [07d2a3d4-a08d-4ff2-9fee-7694a26bc9e9@group-19CC27109C97:LeaderElection269] INFO  impl.RoleInfo (RoleInfo.java:shutdownLeaderElection(134)) - 07d2a3d4-a08d-4ff2-9fee-7694a26bc9e9: shutdown LeaderElection
2019-09-25 05:32:34,004 [7d339ff4-0353-45b5-a855-49faf6b9a877@group-8EE3C38B4941:LeaderElection264] INFO  impl.RoleInfo (RoleInfo.java:updateAndGet(143)) - 7d339ff4-0353-45b5-a855-49faf6b9a877: start FollowerState
2019-09-25 05:32:34,004 [07d2a3d4-a08d-4ff2-9fee-7694a26bc9e9@group-19CC27109C97:LeaderElection269] INFO  impl.RoleInfo (RoleInfo.java:updateAndGet(143)) - 07d2a3d4-a08d-4ff2-9fee-7694a26bc9e9: start FollowerState
2019-09-25 05:32:34,057 [main] WARN  io.KeyOutputStream (KeyOutputStream.java:handleException(274)) - Encountered exception java.io.IOException: Unexpected Storage Container Exception: java.util.concurrent.CompletionException: java.util.concurrent.CompletionException: org.apache.ratis.protocol.RaftRetryFailureException: Failed RaftClientRequest:client-04A969EF2DC4->07d2a3d4-a08d-4ff2-9fee-7694a26bc9e9@group-8EE3C38B4941, cid=38, seq=1*, RW, org.apache.hadoop.hdds.scm.XceiverClientRatis$$Lambda$540/1434651019@34b5e4d0 for 10 attempts with RetryLimited(maxAttempts=10, sleepTime=1000ms) on the pipeline Pipeline[ Id: c4dc958e-4e23-41a9-bb27-8ee3c38b4941, Nodes: 718f5985-af6b-46f0-b376-36c68e33e3c2{ip: 192.168.36.126, host: pr-hdds-2174-pqx5g-486351168, networkLocation: /rack1, certSerialId: null}7d339ff4-0353-45b5-a855-49faf6b9a877{ip: 192.168.36.126, host: pr-hdds-2174-pqx5g-486351168, networkLocation: /rack1, certSerialId: null}07d2a3d4-a08d-4ff2-9fee-7694a26bc9e9{ip: 192.168.36.126, host: pr-hdds-2174-pqx5g-486351168, networkLocation: /rack1, certSerialId: null}, Type:RATIS, Factor:THREE, State:OPEN]. The last committed block length is 0, uncommitted data length is 1048576 retry count 0
2019-09-25 05:32:34,098 [grpc-default-executor-0] INFO  impl.RaftServerProxy (RaftServerProxy.java:addNew(89)) - 8ffa0edf-3bee-4748-91ab-c75ab538701e: addNew group-37D53FCFBDA2:[e40b1169-82c6-4268-9b48-d611605c3b5d:192.168.36.126:46360, 74c765d4-ecbc-4161-b0d3-3f71a54c17e6:192.168.36.126:46193, 8ffa0edf-3bee-4748-91ab-c75ab538701e:192.168.36.126:35863] returns group-37D53FCFBDA2:java.util.concurrent.CompletableFuture@47ec4e5f[Not completed]
2019-09-25 05:32:34,098 [grpc-default-executor-4] INFO  impl.RaftServerProxy (RaftServerProxy.java:addNew(89)) - e40b1169-82c6-4268-9b48-d611605c3b5d: addNew group-37D53FCFBDA2:[e40b1169-82c6-4268-9b48-d611605c3b5d:192.168.36.126:46360, 74c765d4-ecbc-4161-b0d3-3f71a54c17e6:192.168.36.126:46193, 8ffa0edf-3bee-4748-91ab-c75ab538701e:192.168.36.126:35863] returns group-37D53FCFBDA2:java.util.concurrent.CompletableFuture@4a7cca22[Not completed]
2019-09-25 05:32:34,098 [grpc-default-executor-1] INFO  impl.RaftServerProxy (RaftServerProxy.java:addNew(89)) - 74c765d4-ecbc-4161-b0d3-3f71a54c17e6: addNew group-37D53FCFBDA2:[e40b1169-82c6-4268-9b48-d611605c3b5d:192.168.36.126:46360, 74c765d4-ecbc-4161-b0d3-3f71a54c17e6:192.168.36.126:46193, 8ffa0edf-3bee-4748-91ab-c75ab538701e:192.168.36.126:35863] returns group-37D53FCFBDA2:java.util.concurrent.CompletableFuture@1565dd9a[Not completed]
2019-09-25 05:32:34,100 [pool-169-thread-1] INFO  impl.RaftServerImpl (RaftServerImpl.java:<init>(95)) - 8ffa0edf-3bee-4748-91ab-c75ab538701e: new RaftServerImpl for group-37D53FCFBDA2:[e40b1169-82c6-4268-9b48-d611605c3b5d:192.168.36.126:46360, 74c765d4-ecbc-4161-b0d3-3f71a54c17e6:192.168.36.126:46193, 8ffa0edf-3bee-4748-91ab-c75ab538701e:192.168.36.126:35863] with ContainerStateMachine:uninitialized
2019-09-25 05:32:34,100 [pool-169-thread-1] INFO  server.RaftServerConfigKeys (ConfUtils.java:logGet(43)) - raft.server.rpc.timeout.min = 1s (custom)
2019-09-25 05:32:34,100 [pool-169-thread-1] INFO  server.RaftServerConfigKeys (ConfUtils.java:logGet(43)) - raft.server.rpc.timeout.max = 1200ms (custom)
2019-09-25 05:32:34,100 [pool-169-thread-1] INFO  server.RaftServerConfigKeys (ConfUtils.java:logGet(43)) - raft.server.rpcslowness.timeout = 120s (custom)
2019-09-25 05:32:34,100 [pool-169-thread-1] INFO  server.RaftServerConfigKeys (ConfUtils.java:logGet(43)) - raft.server.sleep.deviation.threshold = 300 (default)
2019-09-25 05:32:34,100 [pool-169-thread-1] INFO  server.RaftServerConfigKeys (ConfUtils.java:logGet(43)) - raft.server.log.appender.install.snapshot.enabled = false (custom)
2019-09-25 05:32:34,101 [pool-169-thread-1] INFO  impl.RaftServerImpl (ServerState.java:<init>(103)) - 8ffa0edf-3bee-4748-91ab-c75ab538701e@group-37D53FCFBDA2: ConfigurationManager, init=-1: [e40b1169-82c6-4268-9b48-d611605c3b5d:192.168.36.126:46360, 74c765d4-ecbc-4161-b0d3-3f71a54c17e6:192.168.36.126:46193, 8ffa0edf-3bee-4748-91ab-c75ab538701e:192.168.36.126:35863], old=null, confs=<EMPTY_MAP>
2019-09-25 05:32:34,101 [pool-169-thread-1] INFO  server.RaftServerConfigKeys (ConfUtils.java:logGet(43)) - raft.server.storage.dir = [/workdir/hadoop-ozone/integration-test/target/test-dir/MiniOzoneClusterImpl-c3eb0697-53d0-4f00-8b35-781957cf75c5/datanode-2/data/ratis] (custom)
2019-09-25 05:32:34,101 [pool-229-thread-1] INFO  impl.RaftServerImpl (RaftServerImpl.java:<init>(95)) - e40b1169-82c6-4268-9b48-d611605c3b5d: new RaftServerImpl for group-37D53FCFBDA2:[e40b1169-82c6-4268-9b48-d611605c3b5d:192.168.36.126:46360, 74c765d4-ecbc-4161-b0d3-3f71a54c17e6:192.168.36.126:46193, 8ffa0edf-3bee-4748-91ab-c75ab538701e:192.168.36.126:35863] with ContainerStateMachine:uninitialized
2019-09-25 05:32:34,101 [pool-169-thread-1] INFO  storage.RaftStorageDirectory (RaftStorageDirectory.java:analyzeStorage(246)) - The storage directory /workdir/hadoop-ozone/integration-test/target/test-dir/MiniOzoneClusterImpl-c3eb0697-53d0-4f00-8b35-781957cf75c5/datanode-2/data/ratis/149271ab-1c32-46c1-bd08-37d53fcfbda2 does not exist. Creating ...
2019-09-25 05:32:34,101 [pool-229-thread-1] INFO  server.RaftServerConfigKeys (ConfUtils.java:logGet(43)) - raft.server.rpc.timeout.min = 1s (custom)
2019-09-25 05:32:34,101 [pool-229-thread-1] INFO  server.RaftServerConfigKeys (ConfUtils.java:logGet(43)) - raft.server.rpc.timeout.max = 1200ms (custom)
2019-09-25 05:32:34,101 [pool-159-thread-1] INFO  impl.RaftServerImpl (RaftServerImpl.java:<init>(95)) - 74c765d4-ecbc-4161-b0d3-3f71a54c17e6: new RaftServerImpl for group-37D53FCFBDA2:[e40b1169-82c6-4268-9b48-d611605c3b5d:192.168.36.126:46360, 74c765d4-ecbc-4161-b0d3-3f71a54c17e6:192.168.36.126:46193, 8ffa0edf-3bee-4748-91ab-c75ab538701e:192.168.36.126:35863] with ContainerStateMachine:uninitialized
2019-09-25 05:32:34,101 [pool-229-thread-1] INFO  server.RaftServerConfigKeys (ConfUtils.java:logGet(43)) - raft.server.rpcslowness.timeout = 120s (custom)
2019-09-25 05:32:34,102 [pool-159-thread-1] INFO  server.RaftServerConfigKeys (ConfUtils.java:logGet(43)) - raft.server.rpc.timeout.min = 1s (custom)
2019-09-25 05:32:34,102 [pool-229-thread-1] INFO  server.RaftServerConfigKeys (ConfUtils.java:logGet(43)) - raft.server.sleep.deviation.threshold = 300 (default)
2019-09-25 05:32:34,102 [pool-159-thread-1] INFO  server.RaftServerConfigKeys (ConfUtils.java:logGet(43)) - raft.server.rpc.timeout.max = 1200ms (custom)
2019-09-25 05:32:34,102 [pool-229-thread-1] INFO  server.RaftServerConfigKeys (ConfUtils.java:logGet(43)) - raft.server.log.appender.install.snapshot.enabled = false (custom)
2019-09-25 05:32:34,102 [pool-159-thread-1] INFO  server.RaftServerConfigKeys (ConfUtils.java:logGet(43)) - raft.server.rpcslowness.timeout = 120s (custom)
2019-09-25 05:32:34,102 [pool-229-thread-1] INFO  impl.RaftServerImpl (ServerState.java:<init>(103)) - e40b1169-82c6-4268-9b48-d611605c3b5d@group-37D53FCFBDA2: ConfigurationManager, init=-1: [e40b1169-82c6-4268-9b48-d611605c3b5d:192.168.36.126:46360, 74c765d4-ecbc-4161-b0d3-3f71a54c17e6:192.168.36.126:46193, 8ffa0edf-3bee-4748-91ab-c75ab538701e:192.168.36.126:35863], old=null, confs=<EMPTY_MAP>
2019-09-25 05:32:34,102 [pool-159-thread-1] INFO  server.RaftServerConfigKeys (ConfUtils.java:logGet(43)) - raft.server.sleep.deviation.threshold = 300 (default)
2019-09-25 05:32:34,102 [pool-229-thread-1] INFO  server.RaftServerConfigKeys (ConfUtils.java:logGet(43)) - raft.server.storage.dir = [/workdir/hadoop-ozone/integration-test/target/test-dir/MiniOzoneClusterImpl-c3eb0697-53d0-4f00-8b35-781957cf75c5/datanode-8/data/ratis] (custom)
2019-09-25 05:32:34,102 [pool-159-thread-1] INFO  server.RaftServerConfigKeys (ConfUtils.java:logGet(43)) - raft.server.log.appender.install.snapshot.enabled = false (custom)
2019-09-25 05:32:34,103 [pool-159-thread-1] INFO  impl.RaftServerImpl (ServerState.java:<init>(103)) - 74c765d4-ecbc-4161-b0d3-3f71a54c17e6@group-37D53FCFBDA2: ConfigurationManager, init=-1: [e40b1169-82c6-4268-9b48-d611605c3b5d:192.168.36.126:46360, 74c765d4-ecbc-4161-b0d3-3f71a54c17e6:192.168.36.126:46193, 8ffa0edf-3bee-4748-91ab-c75ab538701e:192.168.36.126:35863], old=null, confs=<EMPTY_MAP>
2019-09-25 05:32:34,103 [pool-159-thread-1] INFO  server.RaftServerConfigKeys (ConfUtils.java:logGet(43)) - raft.server.storage.dir = [/workdir/hadoop-ozone/integration-test/target/test-dir/MiniOzoneClusterImpl-c3eb0697-53d0-4f00-8b35-781957cf75c5/datanode-1/data/ratis] (custom)
2019-09-25 05:32:34,103 [pool-229-thread-1] INFO  storage.RaftStorageDirectory (RaftStorageDirectory.java:analyzeStorage(246)) - The storage directory /workdir/hadoop-ozone/integration-test/target/test-dir/MiniOzoneClusterImpl-c3eb0697-53d0-4f00-8b35-781957cf75c5/datanode-8/data/ratis/149271ab-1c32-46c1-bd08-37d53fcfbda2 does not exist. Creating ...
2019-09-25 05:32:34,103 [pool-159-thread-1] INFO  storage.RaftStorageDirectory (RaftStorageDirectory.java:analyzeStorage(246)) - The storage directory /workdir/hadoop-ozone/integration-test/target/test-dir/MiniOzoneClusterImpl-c3eb0697-53d0-4f00-8b35-781957cf75c5/datanode-1/data/ratis/149271ab-1c32-46c1-bd08-37d53fcfbda2 does not exist. Creating ...
2019-09-25 05:32:34,579 [pool-229-thread-1] INFO  storage.RaftStorageDirectory (RaftStorageDirectory.java:tryLock(328)) - Lock on /workdir/hadoop-ozone/integration-test/target/test-dir/MiniOzoneClusterImpl-c3eb0697-53d0-4f00-8b35-781957cf75c5/datanode-8/data/ratis/149271ab-1c32-46c1-bd08-37d53fcfbda2/in_use.lock acquired by nodename 16102@pr-hdds-2174-pqx5g-486351168
2019-09-25 05:32:34,579 [pool-159-thread-1] INFO  storage.RaftStorageDirectory (RaftStorageDirectory.java:tryLock(328)) - Lock on /workdir/hadoop-ozone/integration-test/target/test-dir/MiniOzoneClusterImpl-c3eb0697-53d0-4f00-8b35-781957cf75c5/datanode-1/data/ratis/149271ab-1c32-46c1-bd08-37d53fcfbda2/in_use.lock acquired by nodename 16102@pr-hdds-2174-pqx5g-486351168
2019-09-25 05:32:34,579 [pool-169-thread-1] INFO  storage.RaftStorageDirectory (RaftStorageDirectory.java:tryLock(328)) - Lock on /workdir/hadoop-ozone/integration-test/target/test-dir/MiniOzoneClusterImpl-c3eb0697-53d0-4f00-8b35-781957cf75c5/datanode-2/data/ratis/149271ab-1c32-46c1-bd08-37d53fcfbda2/in_use.lock acquired by nodename 16102@pr-hdds-2174-pqx5g-486351168
2019-09-25 05:32:35,051 [Thread-1813] INFO  impl.FollowerState (FollowerState.java:run(106)) - 718f5985-af6b-46f0-b376-36c68e33e3c2:group-19CC27109C97 changes to CANDIDATE, lastRpcTime:1050, electionTimeout:1049ms
2019-09-25 05:32:35,052 [Thread-1813] INFO  impl.RoleInfo (RoleInfo.java:shutdownFollowerState(121)) - 718f5985-af6b-46f0-b376-36c68e33e3c2: shutdown FollowerState
2019-09-25 05:32:35,052 [Thread-1813] INFO  impl.RaftServerImpl (RaftServerImpl.java:setRole(174)) - 718f5985-af6b-46f0-b376-36c68e33e3c2@group-19CC27109C97: changes role from  FOLLOWER to CANDIDATE at term 3 for changeToCandidate
2019-09-25 05:32:35,052 [Thread-1813] INFO  impl.RoleInfo (RoleInfo.java:updateAndGet(143)) - 718f5985-af6b-46f0-b376-36c68e33e3c2: start LeaderElection
2019-09-25 05:32:35,089 [Thread-1817] INFO  impl.FollowerState (FollowerState.java:run(106)) - 718f5985-af6b-46f0-b376-36c68e33e3c2:group-FABB21EF17C7 changes to CANDIDATE, lastRpcTime:1086, electionTimeout:1085ms
2019-09-25 05:32:35,089 [Thread-1815] INFO  impl.FollowerState (FollowerState.java:run(106)) - 07d2a3d4-a08d-4ff2-9fee-7694a26bc9e9:group-FABB21EF17C7 changes to CANDIDATE, lastRpcTime:1087, electionTimeout:1086ms
2019-09-25 05:32:35,089 [Thread-1817] INFO  impl.RoleInfo (RoleInfo.java:shutdownFollowerState(121)) - 718f5985-af6b-46f0-b376-36c68e33e3c2: shutdown FollowerState
2019-09-25 05:32:35,089 [Thread-1815] INFO  impl.RoleInfo (RoleInfo.java:shutdownFollowerState(121)) - 07d2a3d4-a08d-4ff2-9fee-7694a26bc9e9: shutdown FollowerState
2019-09-25 05:32:35,089 [Thread-1817] INFO  impl.RaftServerImpl (RaftServerImpl.java:setRole(174)) - 718f5985-af6b-46f0-b376-36c68e33e3c2@group-FABB21EF17C7: changes role from  FOLLOWER to CANDIDATE at term 3 for changeToCandidate
2019-09-25 05:32:35,090 [Thread-1815] INFO  impl.RaftServerImpl (RaftServerImpl.java:setRole(174)) - 07d2a3d4-a08d-4ff2-9fee-7694a26bc9e9@group-FABB21EF17C7: changes role from  FOLLOWER to CANDIDATE at term 3 for changeToCandidate
2019-09-25 05:32:35,090 [Thread-1817] INFO  impl.RoleInfo (RoleInfo.java:updateAndGet(143)) - 718f5985-af6b-46f0-b376-36c68e33e3c2: start LeaderElection
2019-09-25 05:32:35,090 [Thread-1815] INFO  impl.RoleInfo (RoleInfo.java:updateAndGet(143)) - 07d2a3d4-a08d-4ff2-9fee-7694a26bc9e9: start LeaderElection
2019-09-25 05:32:35,144 [Thread-1820] INFO  impl.FollowerState (FollowerState.java:run(106)) - 07d2a3d4-a08d-4ff2-9fee-7694a26bc9e9:group-19CC27109C97 changes to CANDIDATE, lastRpcTime:1139, electionTimeout:1139ms
2019-09-25 05:32:35,144 [Thread-1820] INFO  impl.RoleInfo (RoleInfo.java:shutdownFollowerState(121)) - 07d2a3d4-a08d-4ff2-9fee-7694a26bc9e9: shutdown FollowerState
2019-09-25 05:32:35,144 [Thread-1820] INFO  impl.RaftServerImpl (RaftServerImpl.java:setRole(174)) - 07d2a3d4-a08d-4ff2-9fee-7694a26bc9e9@group-19CC27109C97: changes role from  FOLLOWER to CANDIDATE at term 3 for changeToCandidate
2019-09-25 05:32:35,144 [Thread-1820] INFO  impl.RoleInfo (RoleInfo.java:updateAndGet(143)) - 07d2a3d4-a08d-4ff2-9fee-7694a26bc9e9: start LeaderElection
2019-09-25 05:32:35,159 [Thread-1812] INFO  impl.FollowerState (FollowerState.java:run(106)) - 718f5985-af6b-46f0-b376-36c68e33e3c2:group-8EE3C38B4941 changes to CANDIDATE, lastRpcTime:1160, electionTimeout:1160ms
2019-09-25 05:32:35,159 [Thread-1812] INFO  impl.RoleInfo (RoleInfo.java:shutdownFollowerState(121)) - 718f5985-af6b-46f0-b376-36c68e33e3c2: shutdown FollowerState
2019-09-25 05:32:35,159 [Thread-1812] INFO  impl.RaftServerImpl (RaftServerImpl.java:setRole(174)) - 718f5985-af6b-46f0-b376-36c68e33e3c2@group-8EE3C38B4941: changes role from  FOLLOWER to CANDIDATE at term 3 for changeToCandidate
2019-09-25 05:32:35,159 [Thread-1812] INFO  impl.RoleInfo (RoleInfo.java:updateAndGet(143)) - 718f5985-af6b-46f0-b376-36c68e33e3c2: start LeaderElection
2019-09-25 05:32:35,167 [Thread-1814] INFO  impl.FollowerState (FollowerState.java:run(106)) - 07d2a3d4-a08d-4ff2-9fee-7694a26bc9e9:group-8EE3C38B4941 changes to CANDIDATE, lastRpcTime:1165, electionTimeout:1165ms
2019-09-25 05:32:35,167 [Thread-1814] INFO  impl.RoleInfo (RoleInfo.java:shutdownFollowerState(121)) - 07d2a3d4-a08d-4ff2-9fee-7694a26bc9e9: shutdown FollowerState
2019-09-25 05:32:35,167 [Thread-1814] INFO  impl.RaftServerImpl (RaftServerImpl.java:setRole(174)) - 07d2a3d4-a08d-4ff2-9fee-7694a26bc9e9@group-8EE3C38B4941: changes role from  FOLLOWER to CANDIDATE at term 3 for changeToCandidate
2019-09-25 05:32:35,167 [Thread-1814] INFO  impl.RoleInfo (RoleInfo.java:updateAndGet(143)) - 07d2a3d4-a08d-4ff2-9fee-7694a26bc9e9: start LeaderElection
2019-09-25 05:32:35,167 [Thread-1816] INFO  impl.FollowerState (FollowerState.java:run(106)) - 7d339ff4-0353-45b5-a855-49faf6b9a877:group-FABB21EF17C7 changes to CANDIDATE, lastRpcTime:1164, electionTimeout:1164ms
2019-09-25 05:32:35,167 [Thread-1816] INFO  impl.RoleInfo (RoleInfo.java:shutdownFollowerState(121)) - 7d339ff4-0353-45b5-a855-49faf6b9a877: shutdown FollowerState
2019-09-25 05:32:35,167 [Thread-1816] INFO  impl.RaftServerImpl (RaftServerImpl.java:setRole(174)) - 7d339ff4-0353-45b5-a855-49faf6b9a877@group-FABB21EF17C7: changes role from  FOLLOWER to CANDIDATE at term 3 for changeToCandidate
2019-09-25 05:32:35,168 [Thread-1816] INFO  impl.RoleInfo (RoleInfo.java:updateAndGet(143)) - 7d339ff4-0353-45b5-a855-49faf6b9a877: start LeaderElection
2019-09-25 05:32:35,177 [Thread-1818] INFO  impl.FollowerState (FollowerState.java:run(106)) - 7d339ff4-0353-45b5-a855-49faf6b9a877:group-19CC27109C97 changes to CANDIDATE, lastRpcTime:1173, electionTimeout:1173ms
2019-09-25 05:32:35,178 [Thread-1818] INFO  impl.RoleInfo (RoleInfo.java:shutdownFollowerState(121)) - 7d339ff4-0353-45b5-a855-49faf6b9a877: shutdown FollowerState
2019-09-25 05:32:35,178 [Thread-1818] INFO  impl.RaftServerImpl (RaftServerImpl.java:setRole(174)) - 7d339ff4-0353-45b5-a855-49faf6b9a877@group-19CC27109C97: changes role from  FOLLOWER to CANDIDATE at term 3 for changeToCandidate
2019-09-25 05:32:35,178 [Thread-1818] INFO  impl.RoleInfo (RoleInfo.java:updateAndGet(143)) - 7d339ff4-0353-45b5-a855-49faf6b9a877: start LeaderElection
2019-09-25 05:32:35,205 [Thread-1819] INFO  impl.FollowerState (FollowerState.java:run(106)) - 7d339ff4-0353-45b5-a855-49faf6b9a877:group-8EE3C38B4941 changes to CANDIDATE, lastRpcTime:1200, electionTimeout:1200ms
2019-09-25 05:32:35,205 [Thread-1819] INFO  impl.RoleInfo (RoleInfo.java:shutdownFollowerState(121)) - 7d339ff4-0353-45b5-a855-49faf6b9a877: shutdown FollowerState
2019-09-25 05:32:35,205 [Thread-1819] INFO  impl.RaftServerImpl (RaftServerImpl.java:setRole(174)) - 7d339ff4-0353-45b5-a855-49faf6b9a877@group-8EE3C38B4941: changes role from  FOLLOWER to CANDIDATE at term 3 for changeToCandidate
2019-09-25 05:32:35,205 [Thread-1819] INFO  impl.RoleInfo (RoleInfo.java:updateAndGet(143)) - 7d339ff4-0353-45b5-a855-49faf6b9a877: start LeaderElection
2019-09-25 05:32:37,091 [RATISCREATEPIPELINE0] ERROR pipeline.RatisPipelineProvider (RatisPipelineProvider.java:lambda$null$5(235)) - Failed invoke Ratis rpc org.apache.hadoop.hdds.scm.pipeline.RatisPipelineProvider$$Lambda$227/594670972@36670fe4 for 8ffa0edf-3bee-4748-91ab-c75ab538701e
org.apache.ratis.protocol.TimeoutIOException: deadline exceeded after 2999850477ns
	at org.apache.ratis.grpc.GrpcUtil.tryUnwrapException(GrpcUtil.java:82)
	at org.apache.ratis.grpc.GrpcUtil.unwrapException(GrpcUtil.java:75)
	at org.apache.ratis.grpc.client.GrpcClientProtocolClient.blockingCall(GrpcClientProtocolClient.java:178)
	at org.apache.ratis.grpc.client.GrpcClientProtocolClient.groupAdd(GrpcClientProtocolClient.java:147)
	at org.apache.ratis.grpc.client.GrpcClientRpc.sendRequest(GrpcClientRpc.java:94)
	at org.apache.ratis.client.impl.RaftClientImpl.sendRequest(RaftClientImpl.java:278)
	at org.apache.ratis.client.impl.RaftClientImpl.groupAdd(RaftClientImpl.java:205)
	at org.apache.hadoop.hdds.scm.pipeline.RatisPipelineProvider.lambda$initializePipeline$4(RatisPipelineProvider.java:196)
	at org.apache.hadoop.hdds.scm.pipeline.RatisPipelineProvider.lambda$null$5(RatisPipelineProvider.java:231)
	at java.util.stream.ForEachOps$ForEachOp$OfRef.accept(ForEachOps.java:184)
	at java.util.ArrayList$ArrayListSpliterator.forEachRemaining(ArrayList.java:1382)
	at java.util.stream.AbstractPipeline.copyInto(AbstractPipeline.java:482)
	at java.util.stream.ForEachOps$ForEachTask.compute(ForEachOps.java:291)
	at java.util.concurrent.CountedCompleter.exec(CountedCompleter.java:731)
	at java.util.concurrent.ForkJoinTask.doExec(ForkJoinTask.java:289)
	at java.util.concurrent.ForkJoinPool$WorkQueue.runTask(ForkJoinPool.java:1056)
	at java.util.concurrent.ForkJoinPool.runWorker(ForkJoinPool.java:1692)
	at java.util.concurrent.ForkJoinWorkerThread.run(ForkJoinWorkerThread.java:157)
Caused by: org.apache.ratis.thirdparty.io.grpc.StatusRuntimeException: DEADLINE_EXCEEDED: deadline exceeded after 2999850477ns
	at org.apache.ratis.thirdparty.io.grpc.stub.ClientCalls.toStatusRuntimeException(ClientCalls.java:233)
	at org.apache.ratis.thirdparty.io.grpc.stub.ClientCalls.getUnchecked(ClientCalls.java:214)
	at org.apache.ratis.thirdparty.io.grpc.stub.ClientCalls.blockingUnaryCall(ClientCalls.java:139)
	at org.apache.ratis.proto.grpc.AdminProtocolServiceGrpc$AdminProtocolServiceBlockingStub.groupManagement(AdminProtocolServiceGrpc.java:274)
	at org.apache.ratis.grpc.client.GrpcClientProtocolClient.lambda$groupAdd$3(GrpcClientProtocolClient.java:149)
	at org.apache.ratis.grpc.client.GrpcClientProtocolClient.blockingCall(GrpcClientProtocolClient.java:176)
	... 15 more
2019-09-25 05:32:37,092 [RATISCREATEPIPELINE1] ERROR pipeline.RatisPipelineProvider (RatisPipelineProvider.java:lambda$null$5(235)) - Failed invoke Ratis rpc org.apache.hadoop.hdds.scm.pipeline.RatisPipelineProvider$$Lambda$227/594670972@36670fe4 for 74c765d4-ecbc-4161-b0d3-3f71a54c17e6
org.apache.ratis.protocol.TimeoutIOException: deadline exceeded after 2999831469ns
	at org.apache.ratis.grpc.GrpcUtil.tryUnwrapException(GrpcUtil.java:82)
	at org.apache.ratis.grpc.GrpcUtil.unwrapException(GrpcUtil.java:75)
	at org.apache.ratis.grpc.client.GrpcClientProtocolClient.blockingCall(GrpcClientProtocolClient.java:178)
	at org.apache.ratis.grpc.client.GrpcClientProtocolClient.groupAdd(GrpcClientProtocolClient.java:147)
	at org.apache.ratis.grpc.client.GrpcClientRpc.sendRequest(GrpcClientRpc.java:94)
	at org.apache.ratis.client.impl.RaftClientImpl.sendRequest(RaftClientImpl.java:278)
	at org.apache.ratis.client.impl.RaftClientImpl.groupAdd(RaftClientImpl.java:205)
	at org.apache.hadoop.hdds.scm.pipeline.RatisPipelineProvider.lambda$initializePipeline$4(RatisPipelineProvider.java:196)
	at org.apache.hadoop.hdds.scm.pipeline.RatisPipelineProvider.lambda$null$5(RatisPipelineProvider.java:231)
	at java.util.stream.ForEachOps$ForEachOp$OfRef.accept(ForEachOps.java:184)
	at java.util.ArrayList$ArrayListSpliterator.forEachRemaining(ArrayList.java:1382)
	at java.util.stream.AbstractPipeline.copyInto(AbstractPipeline.java:482)
	at java.util.stream.ForEachOps$ForEachTask.compute(ForEachOps.java:291)
	at java.util.concurrent.CountedCompleter.exec(CountedCompleter.java:731)
	at java.util.concurrent.ForkJoinTask.doExec(ForkJoinTask.java:289)
	at java.util.concurrent.ForkJoinPool$WorkQueue.runTask(ForkJoinPool.java:1056)
	at java.util.concurrent.ForkJoinPool.runWorker(ForkJoinPool.java:1692)
	at java.util.concurrent.ForkJoinWorkerThread.run(ForkJoinWorkerThread.java:157)
Caused by: org.apache.ratis.thirdparty.io.grpc.StatusRuntimeException: DEADLINE_EXCEEDED: deadline exceeded after 2999831469ns
	at org.apache.ratis.thirdparty.io.grpc.stub.ClientCalls.toStatusRuntimeException(ClientCalls.java:233)
	at org.apache.ratis.thirdparty.io.grpc.stub.ClientCalls.getUnchecked(ClientCalls.java:214)
	at org.apache.ratis.thirdparty.io.grpc.stub.ClientCalls.blockingUnaryCall(ClientCalls.java:139)
	at org.apache.ratis.proto.grpc.AdminProtocolServiceGrpc$AdminProtocolServiceBlockingStub.groupManagement(AdminProtocolServiceGrpc.java:274)
	at org.apache.ratis.grpc.client.GrpcClientProtocolClient.lambda$groupAdd$3(GrpcClientProtocolClient.java:149)
	at org.apache.ratis.grpc.client.GrpcClientProtocolClient.blockingCall(GrpcClientProtocolClient.java:176)
	... 15 more
2019-09-25 05:32:37,092 [RATISCREATEPIPELINE3] ERROR pipeline.RatisPipelineProvider (RatisPipelineProvider.java:lambda$null$5(235)) - Failed invoke Ratis rpc org.apache.hadoop.hdds.scm.pipeline.RatisPipelineProvider$$Lambda$227/594670972@36670fe4 for e40b1169-82c6-4268-9b48-d611605c3b5d
org.apache.ratis.protocol.TimeoutIOException: deadline exceeded after 2999830149ns
	at org.apache.ratis.grpc.GrpcUtil.tryUnwrapException(GrpcUtil.java:82)
	at org.apache.ratis.grpc.GrpcUtil.unwrapException(GrpcUtil.java:75)
	at org.apache.ratis.grpc.client.GrpcClientProtocolClient.blockingCall(GrpcClientProtocolClient.java:178)
	at org.apache.ratis.grpc.client.GrpcClientProtocolClient.groupAdd(GrpcClientProtocolClient.java:147)
	at org.apache.ratis.grpc.client.GrpcClientRpc.sendRequest(GrpcClientRpc.java:94)
	at org.apache.ratis.client.impl.RaftClientImpl.sendRequest(RaftClientImpl.java:278)
	at org.apache.ratis.client.impl.RaftClientImpl.groupAdd(RaftClientImpl.java:205)
	at org.apache.hadoop.hdds.scm.pipeline.RatisPipelineProvider.lambda$initializePipeline$4(RatisPipelineProvider.java:196)
	at org.apache.hadoop.hdds.scm.pipeline.RatisPipelineProvider.lambda$null$5(RatisPipelineProvider.java:231)
	at java.util.stream.ForEachOps$ForEachOp$OfRef.accept(ForEachOps.java:184)
	at java.util.ArrayList$ArrayListSpliterator.forEachRemaining(ArrayList.java:1382)
	at java.util.stream.AbstractPipeline.copyInto(AbstractPipeline.java:482)
	at java.util.stream.ForEachOps$ForEachTask.compute(ForEachOps.java:291)
	at java.util.concurrent.CountedCompleter.exec(CountedCompleter.java:731)
	at java.util.concurrent.ForkJoinTask.doExec(ForkJoinTask.java:289)
	at java.util.concurrent.ForkJoinTask.doInvoke(ForkJoinTask.java:401)
	at java.util.concurrent.ForkJoinTask.invoke(ForkJoinTask.java:734)
	at java.util.stream.ForEachOps$ForEachOp.evaluateParallel(ForEachOps.java:160)
	at java.util.stream.ForEachOps$ForEachOp$OfRef.evaluateParallel(ForEachOps.java:174)
	at java.util.stream.AbstractPipeline.evaluate(AbstractPipeline.java:233)
	at java.util.stream.ReferencePipeline.forEach(ReferencePipeline.java:418)
	at java.util.stream.ReferencePipeline$Head.forEach(ReferencePipeline.java:583)
	at org.apache.hadoop.hdds.scm.pipeline.RatisPipelineProvider.lambda$callRatisRpc$6(RatisPipelineProvider.java:225)
	at java.util.concurrent.ForkJoinTask$AdaptedRunnableAction.exec(ForkJoinTask.java:1386)
	at java.util.concurrent.ForkJoinTask.doExec(ForkJoinTask.java:289)
	at java.util.concurrent.ForkJoinPool$WorkQueue.runTask(ForkJoinPool.java:1056)
	at java.util.concurrent.ForkJoinPool.runWorker(ForkJoinPool.java:1692)
	at java.util.concurrent.ForkJoinWorkerThread.run(ForkJoinWorkerThread.java:157)
Caused by: org.apache.ratis.thirdparty.io.grpc.StatusRuntimeException: DEADLINE_EXCEEDED: deadline exceeded after 2999830149ns
	at org.apache.ratis.thirdparty.io.grpc.stub.ClientCalls.toStatusRuntimeException(ClientCalls.java:233)
	at org.apache.ratis.thirdparty.io.grpc.stub.ClientCalls.getUnchecked(ClientCalls.java:214)
	at org.apache.ratis.thirdparty.io.grpc.stub.ClientCalls.blockingUnaryCall(ClientCalls.java:139)
	at org.apache.ratis.proto.grpc.AdminProtocolServiceGrpc$AdminProtocolServiceBlockingStub.groupManagement(AdminProtocolServiceGrpc.java:274)
	at org.apache.ratis.grpc.client.GrpcClientProtocolClient.lambda$groupAdd$3(GrpcClientProtocolClient.java:149)
	at org.apache.ratis.grpc.client.GrpcClientProtocolClient.blockingCall(GrpcClientProtocolClient.java:176)
	... 25 more
2019-09-25 05:32:37,097 [IPC Server handler 2 on 40850] WARN  block.BlockManagerImpl (BlockManagerImpl.java:allocateBlock(192)) - Pipeline creation failed for type:RATIS factor:THREE. Retrying get pipelines call once.
org.apache.hadoop.io.MultipleIOException: 3 exceptions [java.io.IOException: Failed invoke Ratis rpc org.apache.hadoop.hdds.scm.pipeline.RatisPipelineProvider$$Lambda$227/594670972@36670fe4 for 8ffa0edf-3bee-4748-91ab-c75ab538701e, java.io.IOException: Failed invoke Ratis rpc org.apache.hadoop.hdds.scm.pipeline.RatisPipelineProvider$$Lambda$227/594670972@36670fe4 for 74c765d4-ecbc-4161-b0d3-3f71a54c17e6, java.io.IOException: Failed invoke Ratis rpc org.apache.hadoop.hdds.scm.pipeline.RatisPipelineProvider$$Lambda$227/594670972@36670fe4 for e40b1169-82c6-4268-9b48-d611605c3b5d]
	at org.apache.hadoop.io.MultipleIOException.createIOException(MultipleIOException.java:53)
	at org.apache.hadoop.hdds.scm.pipeline.RatisPipelineProvider.callRatisRpc(RatisPipelineProvider.java:251)
	at org.apache.hadoop.hdds.scm.pipeline.RatisPipelineProvider.initializePipeline(RatisPipelineProvider.java:194)
	at org.apache.hadoop.hdds.scm.pipeline.RatisPipelineProvider.create(RatisPipelineProvider.java:163)
	at org.apache.hadoop.hdds.scm.pipeline.PipelineFactory.create(PipelineFactory.java:58)
	at org.apache.hadoop.hdds.scm.pipeline.SCMPipelineManager.createPipeline(SCMPipelineManager.java:155)
	at org.apache.hadoop.hdds.scm.block.BlockManagerImpl.allocateBlock(BlockManagerImpl.java:190)
	at org.apache.hadoop.hdds.scm.server.SCMBlockProtocolServer.allocateBlock(SCMBlockProtocolServer.java:182)
	at org.apache.hadoop.ozone.protocolPB.ScmBlockLocationProtocolServerSideTranslatorPB.allocateScmBlock(ScmBlockLocationProtocolServerSideTranslatorPB.java:183)
	at org.apache.hadoop.ozone.protocolPB.ScmBlockLocationProtocolServerSideTranslatorPB.processMessage(ScmBlockLocationProtocolServerSideTranslatorPB.java:141)
	at org.apache.hadoop.ozone.protocolPB.ScmBlockLocationProtocolServerSideTranslatorPB.send(ScmBlockLocationProtocolServerSideTranslatorPB.java:116)
	at org.apache.hadoop.hdds.protocol.proto.ScmBlockLocationProtocolProtos$ScmBlockLocationProtocolService$2.callBlockingMethod(ScmBlockLocationProtocolProtos.java:13157)
	at org.apache.hadoop.ipc.ProtobufRpcEngine$Server$ProtoBufRpcInvoker.call(ProtobufRpcEngine.java:524)
	at org.apache.hadoop.ipc.RPC$Server.call(RPC.java:1025)
	at org.apache.hadoop.ipc.Server$RpcCall.run(Server.java:876)
	at org.apache.hadoop.ipc.Server$RpcCall.run(Server.java:822)
	at java.security.AccessController.doPrivileged(Native Method)
	at javax.security.auth.Subject.doAs(Subject.java:422)
	at org.apache.hadoop.security.UserGroupInformation.doAs(UserGroupInformation.java:1730)
	at org.apache.hadoop.ipc.Server$Handler.run(Server.java:2682)
2019-09-25 05:32:37,098 [IPC Server handler 2 on 40850] INFO  block.BlockManagerImpl (BlockManagerImpl.java:allocateBlock(198)) - Could not find available pipeline of type:RATIS and factor:THREE even after retrying
2019-09-25 05:32:37,098 [IPC Server handler 2 on 40850] ERROR block.BlockManagerImpl (BlockManagerImpl.java:allocateBlock(222)) - Unable to allocate a block for the size: 4194304, type: RATIS, factor: THREE
2019-09-25 05:32:37,100 [main] ERROR io.BlockOutputStreamEntryPool (BlockOutputStreamEntryPool.java:allocateBlockIfNeeded(299)) - Try to allocate more blocks for write failed, already allocated 0 blocks for this write.
INTERNAL_ERROR org.apache.hadoop.ozone.om.exceptions.OMException: Allocated 0 blocks. Requested 1 blocks
	at org.apache.hadoop.ozone.om.protocolPB.OzoneManagerProtocolClientSideTranslatorPB.handleError(OzoneManagerProtocolClientSideTranslatorPB.java:732)
	at org.apache.hadoop.ozone.om.protocolPB.OzoneManagerProtocolClientSideTranslatorPB.allocateBlock(OzoneManagerProtocolClientSideTranslatorPB.java:764)
	at sun.reflect.NativeMethodAccessorImpl.invoke0(Native Method)
	at sun.reflect.NativeMethodAccessorImpl.invoke(NativeMethodAccessorImpl.java:62)
	at sun.reflect.DelegatingMethodAccessorImpl.invoke(DelegatingMethodAccessorImpl.java:43)
	at java.lang.reflect.Method.invoke(Method.java:498)
	at org.apache.hadoop.hdds.tracing.TraceAllMethod.invoke(TraceAllMethod.java:66)
	at com.sun.proxy.$Proxy36.allocateBlock(Unknown Source)
	at org.apache.hadoop.ozone.client.io.BlockOutputStreamEntryPool.allocateNewBlock(BlockOutputStreamEntryPool.java:248)
	at org.apache.hadoop.ozone.client.io.BlockOutputStreamEntryPool.allocateBlockIfNeeded(BlockOutputStreamEntryPool.java:296)
	at org.apache.hadoop.ozone.client.io.KeyOutputStream.handleWrite(KeyOutputStream.java:198)
	at org.apache.hadoop.ozone.client.io.KeyOutputStream.handleRetry(KeyOutputStream.java:375)
	at org.apache.hadoop.ozone.client.io.KeyOutputStream.handleException(KeyOutputStream.java:324)
	at org.apache.hadoop.ozone.client.io.KeyOutputStream.handleFlushOrClose(KeyOutputStream.java:449)
	at org.apache.hadoop.ozone.client.io.KeyOutputStream.flush(KeyOutputStream.java:397)
	at org.apache.hadoop.ozone.client.io.OzoneOutputStream.flush(OzoneOutputStream.java:54)
	at org.apache.hadoop.ozone.client.rpc.TestFailureHandlingByClient.testContainerExclusionWithClosedContainerException(TestFailureHandlingByClient.java:241)
	at sun.reflect.NativeMethodAccessorImpl.invoke0(Native Method)
	at sun.reflect.NativeMethodAccessorImpl.invoke(NativeMethodAccessorImpl.java:62)
	at sun.reflect.DelegatingMethodAccessorImpl.invoke(DelegatingMethodAccessorImpl.java:43)
	at java.lang.reflect.Method.invoke(Method.java:498)
	at org.junit.runners.model.FrameworkMethod$1.runReflectiveCall(FrameworkMethod.java:47)
	at org.junit.internal.runners.model.ReflectiveCallable.run(ReflectiveCallable.java:12)
	at org.junit.runners.model.FrameworkMethod.invokeExplosively(FrameworkMethod.java:44)
	at org.junit.internal.runners.statements.InvokeMethod.evaluate(InvokeMethod.java:17)
	at org.junit.internal.runners.statements.RunAfters.evaluate(RunAfters.java:27)
	at org.junit.runners.ParentRunner.runLeaf(ParentRunner.java:271)
	at org.junit.runners.BlockJUnit4ClassRunner.runChild(BlockJUnit4ClassRunner.java:70)
	at org.junit.runners.BlockJUnit4ClassRunner.runChild(BlockJUnit4ClassRunner.java:50)
	at org.junit.runners.ParentRunner$3.run(ParentRunner.java:238)
	at org.junit.runners.ParentRunner$1.schedule(ParentRunner.java:63)
	at org.junit.runners.ParentRunner.runChildren(ParentRunner.java:236)
	at org.junit.runners.ParentRunner.access$000(ParentRunner.java:53)
	at org.junit.runners.ParentRunner$2.evaluate(ParentRunner.java:229)
	at org.junit.runners.ParentRunner.run(ParentRunner.java:309)
	at org.apache.maven.surefire.junit4.JUnit4Provider.execute(JUnit4Provider.java:365)
	at org.apache.maven.surefire.junit4.JUnit4Provider.executeWithRerun(JUnit4Provider.java:273)
	at org.apache.maven.surefire.junit4.JUnit4Provider.executeTestSet(JUnit4Provider.java:238)
	at org.apache.maven.surefire.junit4.JUnit4Provider.invoke(JUnit4Provider.java:159)
	at org.apache.maven.surefire.booter.ForkedBooter.invokeProviderInSameClassLoader(ForkedBooter.java:384)
	at org.apache.maven.surefire.booter.ForkedBooter.runSuitesInProcess(ForkedBooter.java:345)
	at org.apache.maven.surefire.booter.ForkedBooter.execute(ForkedBooter.java:126)
	at org.apache.maven.surefire.booter.ForkedBooter.main(ForkedBooter.java:418)
2019-09-25 05:32:37,101 [main] INFO  ozone.MiniOzoneClusterImpl (MiniOzoneClusterImpl.java:shutdown(314)) - Shutting down the Mini Ozone Cluster
2019-09-25 05:32:37,102 [main] INFO  ozone.MiniOzoneClusterImpl (MiniOzoneClusterImpl.java:stop(330)) - Stopping the Mini Ozone Cluster
2019-09-25 05:32:37,102 [main] INFO  ozone.MiniOzoneClusterImpl (MiniOzoneClusterImpl.java:stopOM(400)) - Stopping the OzoneManager
2019-09-25 05:32:37,102 [main] INFO  ipc.Server (Server.java:stop(3082)) - Stopping server on 43473
2019-09-25 05:32:37,129 [IPC Server listener on 43473] INFO  ipc.Server (Server.java:run(1185)) - Stopping IPC Server listener on 43473
2019-09-25 05:32:37,134 [IPC Server Responder] INFO  ipc.Server (Server.java:run(1319)) - Stopping IPC Server Responder
2019-09-25 05:32:37,133 [main] INFO  ratis.OzoneManagerDoubleBuffer (OzoneManagerDoubleBuffer.java:stop(248)) - Stopping OMDoubleBuffer flush thread
2019-09-25 05:32:37,162 [OMDoubleBufferFlushThread] INFO  ratis.OzoneManagerDoubleBuffer (OzoneManagerDoubleBuffer.java:flushTransactions(191)) - OMDoubleBuffer flush thread OMDoubleBufferFlushThread is interrupted and will exit. OMDoubleBufferFlushThread
2019-09-25 05:32:37,163 [main] INFO  utils.BackgroundService (BackgroundService.java:shutdown(148)) - Shutting down service KeyDeletingService
2019-09-25 05:32:37,164 [main] INFO  handler.ContextHandler (ContextHandler.java:doStop(910)) - Stopped o.e.j.w.WebAppContext@650c405c{/,null,UNAVAILABLE}{/ozoneManager}
2019-09-25 05:32:37,165 [main] INFO  server.AbstractConnector (AbstractConnector.java:doStop(318)) - Stopped ServerConnector@20eaeaf8{HTTP/1.1,[http/1.1]}{0.0.0.0:0}
2019-09-25 05:32:37,166 [main] INFO  handler.ContextHandler (ContextHandler.java:doStop(910)) - Stopped o.e.j.s.ServletContextHandler@7209ffb5{/static,file:///workdir/hadoop-ozone/integration-test/target/test-classes/webapps/static,UNAVAILABLE}
2019-09-25 05:32:37,166 [main] INFO  handler.ContextHandler (ContextHandler.java:doStop(910)) - Stopped o.e.j.s.ServletContextHandler@3eb292cd{/logs,file:///workdir/hadoop-ozone/integration-test/target/log,UNAVAILABLE}
2019-09-25 05:32:37,169 [main] INFO  ozone.MiniOzoneClusterImpl (MiniOzoneClusterImpl.java:stopDatanodes(377)) - Stopping the HddsDatanodes
2019-09-25 05:32:37,276 [Datanode State Machine Thread - 0] INFO  statemachine.DatanodeStateMachine (DatanodeStateMachine.java:lambda$startDaemon$0(350)) - Ozone container server started.
2019-09-25 05:32:37,522 [Datanode State Machine Thread - 0] INFO  statemachine.DatanodeStateMachine (DatanodeStateMachine.java:lambda$startDaemon$0(350)) - Ozone container server started.
2019-09-25 05:32:39,742 [pool-169-thread-1] INFO  storage.RaftStorage (RaftStorage.java:format(72)) - Storage directory /workdir/hadoop-ozone/integration-test/target/test-dir/MiniOzoneClusterImpl-c3eb0697-53d0-4f00-8b35-781957cf75c5/datanode-2/data/ratis/149271ab-1c32-46c1-bd08-37d53fcfbda2 has been successfully formatted.
2019-09-25 05:32:39,742 [pool-229-thread-1] INFO  storage.RaftStorage (RaftStorage.java:format(72)) - Storage directory /workdir/hadoop-ozone/integration-test/target/test-dir/MiniOzoneClusterImpl-c3eb0697-53d0-4f00-8b35-781957cf75c5/datanode-8/data/ratis/149271ab-1c32-46c1-bd08-37d53fcfbda2 has been successfully formatted.
2019-09-25 05:32:39,742 [pool-159-thread-1] INFO  storage.RaftStorage (RaftStorage.java:format(72)) - Storage directory /workdir/hadoop-ozone/integration-test/target/test-dir/MiniOzoneClusterImpl-c3eb0697-53d0-4f00-8b35-781957cf75c5/datanode-1/data/ratis/149271ab-1c32-46c1-bd08-37d53fcfbda2 has been successfully formatted.
2019-09-25 05:32:39,742 [pool-229-thread-1] INFO  ratis.ContainerStateMachine (ContainerStateMachine.java:loadSnapshot(230)) - group-37D53FCFBDA2: The snapshot info is null. Setting the last applied indexto:(t:0, i:~)
2019-09-25 05:32:39,742 [pool-169-thread-1] INFO  ratis.ContainerStateMachine (ContainerStateMachine.java:loadSnapshot(230)) - group-37D53FCFBDA2: The snapshot info is null. Setting the last applied indexto:(t:0, i:~)
2019-09-25 05:32:39,742 [pool-229-thread-1] INFO  server.RaftServerConfigKeys (ConfUtils.java:logGet(43)) - raft.server.notification.no-leader.timeout = 120s (custom)
2019-09-25 05:32:39,742 [pool-159-thread-1] INFO  ratis.ContainerStateMachine (ContainerStateMachine.java:loadSnapshot(230)) - group-37D53FCFBDA2: The snapshot info is null. Setting the last applied indexto:(t:0, i:~)
2019-09-25 05:32:39,743 [pool-229-thread-1] INFO  server.RaftServerConfigKeys (ConfUtils.java:logGet(43)) - raft.server.log.use.memory = false (default)
2019-09-25 05:32:39,743 [pool-169-thread-1] INFO  server.RaftServerConfigKeys (ConfUtils.java:logGet(43)) - raft.server.notification.no-leader.timeout = 120s (custom)
2019-09-25 05:32:39,743 [pool-229-thread-1] INFO  server.RaftServerConfigKeys (ConfUtils.java:logGet(43)) - raft.server.log.purge.gap = 1000000 (custom)
2019-09-25 05:32:39,743 [pool-159-thread-1] INFO  server.RaftServerConfigKeys (ConfUtils.java:logGet(43)) - raft.server.notification.no-leader.timeout = 120s (custom)
2019-09-25 05:32:39,743 [pool-229-thread-1] INFO  server.RaftServerConfigKeys (ConfUtils.java:logGet(43)) - raft.server.log.appender.buffer.byte-limit = 33554432 (custom)
2019-09-25 05:32:39,743 [pool-169-thread-1] INFO  server.RaftServerConfigKeys (ConfUtils.java:logGet(43)) - raft.server.log.use.memory = false (default)
2019-09-25 05:32:39,744 [pool-229-thread-1] INFO  server.RaftServerConfigKeys (ConfUtils.java:logGet(43)) - raft.server.log.segment.size.max = 1048576 (custom)
2019-09-25 05:32:39,743 [pool-159-thread-1] INFO  server.RaftServerConfigKeys (ConfUtils.java:logGet(43)) - raft.server.log.use.memory = false (default)
2019-09-25 05:32:39,744 [pool-229-thread-1] INFO  server.RaftServerConfigKeys (ConfUtils.java:logGet(43)) - raft.server.log.segment.cache.num.max = 2 (custom)
2019-09-25 05:32:39,744 [pool-169-thread-1] INFO  server.RaftServerConfigKeys (ConfUtils.java:logGet(43)) - raft.server.log.purge.gap = 1000000 (custom)
2019-09-25 05:32:39,744 [pool-229-thread-1] INFO  segmented.SegmentedRaftLogWorker (SegmentedRaftLogWorker.java:<init>(172)) - new e40b1169-82c6-4268-9b48-d611605c3b5d@group-37D53FCFBDA2-SegmentedRaftLogWorker for RaftStorage:Storage Directory /workdir/hadoop-ozone/integration-test/target/test-dir/MiniOzoneClusterImpl-c3eb0697-53d0-4f00-8b35-781957cf75c5/datanode-8/data/ratis/149271ab-1c32-46c1-bd08-37d53fcfbda2
2019-09-25 05:32:39,744 [718f5985-af6b-46f0-b376-36c68e33e3c2@group-19CC27109C97:LeaderElection272] INFO  impl.LeaderElection (LeaderElection.java:askForVotes(182)) - 718f5985-af6b-46f0-b376-36c68e33e3c2@group-19CC27109C97:LeaderElection272: begin an election at term 4 for -1: [07d2a3d4-a08d-4ff2-9fee-7694a26bc9e9:192.168.36.126:42527, 718f5985-af6b-46f0-b376-36c68e33e3c2:192.168.36.126:33516, 7d339ff4-0353-45b5-a855-49faf6b9a877:192.168.36.126:33810], old=null
2019-09-25 05:32:39,744 [pool-159-thread-1] INFO  server.RaftServerConfigKeys (ConfUtils.java:logGet(43)) - raft.server.log.purge.gap = 1000000 (custom)
2019-09-25 05:32:39,744 [718f5985-af6b-46f0-b376-36c68e33e3c2@group-FABB21EF17C7:LeaderElection273] INFO  impl.LeaderElection (LeaderElection.java:askForVotes(182)) - 718f5985-af6b-46f0-b376-36c68e33e3c2@group-FABB21EF17C7:LeaderElection273: begin an election at term 4 for -1: [07d2a3d4-a08d-4ff2-9fee-7694a26bc9e9:192.168.36.126:42527, 718f5985-af6b-46f0-b376-36c68e33e3c2:192.168.36.126:33516, 7d339ff4-0353-45b5-a855-49faf6b9a877:192.168.36.126:33810], old=null
2019-09-25 05:32:39,744 [07d2a3d4-a08d-4ff2-9fee-7694a26bc9e9@group-FABB21EF17C7:LeaderElection274] INFO  impl.LeaderElection (LeaderElection.java:askForVotes(182)) - 07d2a3d4-a08d-4ff2-9fee-7694a26bc9e9@group-FABB21EF17C7:LeaderElection274: begin an election at term 4 for -1: [07d2a3d4-a08d-4ff2-9fee-7694a26bc9e9:192.168.36.126:42527, 718f5985-af6b-46f0-b376-36c68e33e3c2:192.168.36.126:33516, 7d339ff4-0353-45b5-a855-49faf6b9a877:192.168.36.126:33810], old=null
2019-09-25 05:32:39,744 [7d339ff4-0353-45b5-a855-49faf6b9a877@group-FABB21EF17C7:LeaderElection278] INFO  impl.LeaderElection (LeaderElection.java:askForVotes(182)) - 7d339ff4-0353-45b5-a855-49faf6b9a877@group-FABB21EF17C7:LeaderElection278: begin an election at term 4 for -1: [07d2a3d4-a08d-4ff2-9fee-7694a26bc9e9:192.168.36.126:42527, 718f5985-af6b-46f0-b376-36c68e33e3c2:192.168.36.126:33516, 7d339ff4-0353-45b5-a855-49faf6b9a877:192.168.36.126:33810], old=null
2019-09-25 05:32:39,744 [07d2a3d4-a08d-4ff2-9fee-7694a26bc9e9@group-8EE3C38B4941:LeaderElection277] INFO  impl.LeaderElection (LeaderElection.java:askForVotes(182)) - 07d2a3d4-a08d-4ff2-9fee-7694a26bc9e9@group-8EE3C38B4941:LeaderElection277: begin an election at term 4 for -1: [07d2a3d4-a08d-4ff2-9fee-7694a26bc9e9:192.168.36.126:42527, 718f5985-af6b-46f0-b376-36c68e33e3c2:192.168.36.126:33516, 7d339ff4-0353-45b5-a855-49faf6b9a877:192.168.36.126:33810], old=null
2019-09-25 05:32:39,744 [718f5985-af6b-46f0-b376-36c68e33e3c2@group-8EE3C38B4941:LeaderElection276] INFO  impl.LeaderElection (LeaderElection.java:askForVotes(182)) - 718f5985-af6b-46f0-b376-36c68e33e3c2@group-8EE3C38B4941:LeaderElection276: begin an election at term 4 for -1: [07d2a3d4-a08d-4ff2-9fee-7694a26bc9e9:192.168.36.126:42527, 718f5985-af6b-46f0-b376-36c68e33e3c2:192.168.36.126:33516, 7d339ff4-0353-45b5-a855-49faf6b9a877:192.168.36.126:33810], old=null
2019-09-25 05:32:39,744 [07d2a3d4-a08d-4ff2-9fee-7694a26bc9e9@group-19CC27109C97:LeaderElection275] INFO  impl.LeaderElection (LeaderElection.java:askForVotes(182)) - 07d2a3d4-a08d-4ff2-9fee-7694a26bc9e9@group-19CC27109C97:LeaderElection275: begin an election at term 4 for -1: [07d2a3d4-a08d-4ff2-9fee-7694a26bc9e9:192.168.36.126:42527, 718f5985-af6b-46f0-b376-36c68e33e3c2:192.168.36.126:33516, 7d339ff4-0353-45b5-a855-49faf6b9a877:192.168.36.126:33810], old=null
2019-09-25 05:32:39,744 [7d339ff4-0353-45b5-a855-49faf6b9a877@group-19CC27109C97:LeaderElection279] INFO  impl.LeaderElection (LeaderElection.java:askForVotes(182)) - 7d339ff4-0353-45b5-a855-49faf6b9a877@group-19CC27109C97:LeaderElection279: begin an election at term 4 for -1: [07d2a3d4-a08d-4ff2-9fee-7694a26bc9e9:192.168.36.126:42527, 718f5985-af6b-46f0-b376-36c68e33e3c2:192.168.36.126:33516, 7d339ff4-0353-45b5-a855-49faf6b9a877:192.168.36.126:33810], old=null
2019-09-25 05:32:39,745 [pool-159-thread-1] INFO  server.RaftServerConfigKeys (ConfUtils.java:logGet(43)) - raft.server.log.appender.buffer.byte-limit = 33554432 (custom)
2019-09-25 05:32:39,744 [pool-169-thread-1] INFO  server.RaftServerConfigKeys (ConfUtils.java:logGet(43)) - raft.server.log.appender.buffer.byte-limit = 33554432 (custom)
2019-09-25 05:32:39,746 [pool-159-thread-1] INFO  server.RaftServerConfigKeys (ConfUtils.java:logGet(43)) - raft.server.log.segment.size.max = 1048576 (custom)
2019-09-25 05:32:39,747 [pool-169-thread-1] INFO  server.RaftServerConfigKeys (ConfUtils.java:logGet(43)) - raft.server.log.segment.size.max = 1048576 (custom)
2019-09-25 05:32:39,747 [pool-159-thread-1] INFO  server.RaftServerConfigKeys (ConfUtils.java:logGet(43)) - raft.server.log.segment.cache.num.max = 2 (custom)
2019-09-25 05:32:39,747 [pool-169-thread-1] INFO  server.RaftServerConfigKeys (ConfUtils.java:logGet(43)) - raft.server.log.segment.cache.num.max = 2 (custom)
2019-09-25 05:32:39,747 [pool-159-thread-1] INFO  segmented.SegmentedRaftLogWorker (SegmentedRaftLogWorker.java:<init>(172)) - new 74c765d4-ecbc-4161-b0d3-3f71a54c17e6@group-37D53FCFBDA2-SegmentedRaftLogWorker for RaftStorage:Storage Directory /workdir/hadoop-ozone/integration-test/target/test-dir/MiniOzoneClusterImpl-c3eb0697-53d0-4f00-8b35-781957cf75c5/datanode-1/data/ratis/149271ab-1c32-46c1-bd08-37d53fcfbda2
2019-09-25 05:32:39,748 [pool-169-thread-1] INFO  segmented.SegmentedRaftLogWorker (SegmentedRaftLogWorker.java:<init>(172)) - new 8ffa0edf-3bee-4748-91ab-c75ab538701e@group-37D53FCFBDA2-SegmentedRaftLogWorker for RaftStorage:Storage Directory /workdir/hadoop-ozone/integration-test/target/test-dir/MiniOzoneClusterImpl-c3eb0697-53d0-4f00-8b35-781957cf75c5/datanode-2/data/ratis/149271ab-1c32-46c1-bd08-37d53fcfbda2
2019-09-25 05:32:39,755 [pool-229-thread-1] INFO  server.RaftServerConfigKeys (ConfUtils.java:logGet(43)) - raft.server.log.queue.byte-limit = 2147483647 (custom)
2019-09-25 05:32:39,756 [pool-229-thread-1] INFO  server.RaftServerConfigKeys (ConfUtils.java:logGet(43)) - raft.server.log.queue.element-limit = 1024 (custom)
2019-09-25 05:32:39,756 [718f5985-af6b-46f0-b376-36c68e33e3c2@group-19CC27109C97:LeaderElection272] INFO  impl.LeaderElection (LeaderElection.java:logAndReturn(56)) - 718f5985-af6b-46f0-b376-36c68e33e3c2@group-19CC27109C97:LeaderElection272: Election REJECTED; received 2 response(s) [718f5985-af6b-46f0-b376-36c68e33e3c2<-07d2a3d4-a08d-4ff2-9fee-7694a26bc9e9#0:FAIL-t4, 718f5985-af6b-46f0-b376-36c68e33e3c2<-7d339ff4-0353-45b5-a855-49faf6b9a877#0:FAIL-t4] and 0 exception(s); 718f5985-af6b-46f0-b376-36c68e33e3c2@group-19CC27109C97:t4, leader=null, voted=718f5985-af6b-46f0-b376-36c68e33e3c2, raftlog=718f5985-af6b-46f0-b376-36c68e33e3c2@group-19CC27109C97-SegmentedRaftLog:OPENED:c-1,f-1,i0, conf=-1: [07d2a3d4-a08d-4ff2-9fee-7694a26bc9e9:192.168.36.126:42527, 718f5985-af6b-46f0-b376-36c68e33e3c2:192.168.36.126:33516, 7d339ff4-0353-45b5-a855-49faf6b9a877:192.168.36.126:33810], old=null
2019-09-25 05:32:39,756 [pool-229-thread-1] INFO  server.RaftServerConfigKeys (ConfUtils.java:logGet(43)) - raft.server.log.segment.size.max = 1048576 (custom)
2019-09-25 05:32:39,756 [718f5985-af6b-46f0-b376-36c68e33e3c2@group-19CC27109C97:LeaderElection272] INFO  impl.RaftServerImpl (RaftServerImpl.java:setRole(174)) - 718f5985-af6b-46f0-b376-36c68e33e3c2@group-19CC27109C97: changes role from CANDIDATE to FOLLOWER at term 4 for DISCOVERED_A_NEW_TERM
2019-09-25 05:32:39,756 [pool-229-thread-1] INFO  server.RaftServerConfigKeys (ConfUtils.java:logGet(43)) - raft.server.log.preallocated.size = 16384 (custom)
2019-09-25 05:32:39,777 [718f5985-af6b-46f0-b376-36c68e33e3c2@group-19CC27109C97:LeaderElection272] INFO  impl.RoleInfo (RoleInfo.java:shutdownLeaderElection(134)) - 718f5985-af6b-46f0-b376-36c68e33e3c2: shutdown LeaderElection
2019-09-25 05:32:39,777 [pool-229-thread-1] INFO  server.RaftServerConfigKeys (ConfUtils.java:logGet(43)) - raft.server.log.write.buffer.size = 33554432 (custom)
2019-09-25 05:32:39,777 [718f5985-af6b-46f0-b376-36c68e33e3c2@group-19CC27109C97:LeaderElection272] INFO  impl.RoleInfo (RoleInfo.java:updateAndGet(143)) - 718f5985-af6b-46f0-b376-36c68e33e3c2: start FollowerState
2019-09-25 05:32:39,777 [pool-229-thread-1] INFO  server.RaftServerConfigKeys (ConfUtils.java:logGet(43)) - raft.server.log.force.sync.num = 128 (default)
2019-09-25 05:32:39,778 [pool-159-thread-1] INFO  server.RaftServerConfigKeys (ConfUtils.java:logGet(43)) - raft.server.log.queue.byte-limit = 2147483647 (custom)
2019-09-25 05:32:39,778 [pool-169-thread-1] INFO  server.RaftServerConfigKeys (ConfUtils.java:logGet(43)) - raft.server.log.queue.byte-limit = 2147483647 (custom)
2019-09-25 05:32:39,778 [07d2a3d4-a08d-4ff2-9fee-7694a26bc9e9@group-19CC27109C97:LeaderElection275] INFO  impl.LeaderElection (LeaderElection.java:logAndReturn(56)) - 07d2a3d4-a08d-4ff2-9fee-7694a26bc9e9@group-19CC27109C97:LeaderElection275: Election REJECTED; received 2 response(s) [07d2a3d4-a08d-4ff2-9fee-7694a26bc9e9<-718f5985-af6b-46f0-b376-36c68e33e3c2#0:FAIL-t4, 07d2a3d4-a08d-4ff2-9fee-7694a26bc9e9<-7d339ff4-0353-45b5-a855-49faf6b9a877#0:FAIL-t4] and 0 exception(s); 07d2a3d4-a08d-4ff2-9fee-7694a26bc9e9@group-19CC27109C97:t4, leader=null, voted=07d2a3d4-a08d-4ff2-9fee-7694a26bc9e9, raftlog=07d2a3d4-a08d-4ff2-9fee-7694a26bc9e9@group-19CC27109C97-SegmentedRaftLog:OPENED:c-1,f-1,i0, conf=-1: [07d2a3d4-a08d-4ff2-9fee-7694a26bc9e9:192.168.36.126:42527, 718f5985-af6b-46f0-b376-36c68e33e3c2:192.168.36.126:33516, 7d339ff4-0353-45b5-a855-49faf6b9a877:192.168.36.126:33810], old=null
2019-09-25 05:32:39,778 [pool-229-thread-1] INFO  server.RaftServerConfigKeys (ConfUtils.java:logGet(43)) - raft.server.log.statemachine.data.sync = true (default)
2019-09-25 05:32:39,779 [7d339ff4-0353-45b5-a855-49faf6b9a877@group-FABB21EF17C7:LeaderElection278] INFO  impl.LeaderElection (LeaderElection.java:logAndReturn(56)) - 7d339ff4-0353-45b5-a855-49faf6b9a877@group-FABB21EF17C7:LeaderElection278: Election REJECTED; received 2 response(s) [7d339ff4-0353-45b5-a855-49faf6b9a877<-07d2a3d4-a08d-4ff2-9fee-7694a26bc9e9#0:FAIL-t4, 7d339ff4-0353-45b5-a855-49faf6b9a877<-718f5985-af6b-46f0-b376-36c68e33e3c2#0:FAIL-t4] and 0 exception(s); 7d339ff4-0353-45b5-a855-49faf6b9a877@group-FABB21EF17C7:t4, leader=null, voted=7d339ff4-0353-45b5-a855-49faf6b9a877, raftlog=7d339ff4-0353-45b5-a855-49faf6b9a877@group-FABB21EF17C7-SegmentedRaftLog:OPENED:c-1,f-1,i0, conf=-1: [07d2a3d4-a08d-4ff2-9fee-7694a26bc9e9:192.168.36.126:42527, 718f5985-af6b-46f0-b376-36c68e33e3c2:192.168.36.126:33516, 7d339ff4-0353-45b5-a855-49faf6b9a877:192.168.36.126:33810], old=null
2019-09-25 05:32:39,779 [07d2a3d4-a08d-4ff2-9fee-7694a26bc9e9@group-FABB21EF17C7:LeaderElection274] INFO  impl.LeaderElection (LeaderElection.java:logAndReturn(56)) - 07d2a3d4-a08d-4ff2-9fee-7694a26bc9e9@group-FABB21EF17C7:LeaderElection274: Election REJECTED; received 2 response(s) [07d2a3d4-a08d-4ff2-9fee-7694a26bc9e9<-718f5985-af6b-46f0-b376-36c68e33e3c2#0:FAIL-t4, 07d2a3d4-a08d-4ff2-9fee-7694a26bc9e9<-7d339ff4-0353-45b5-a855-49faf6b9a877#0:FAIL-t4] and 0 exception(s); 07d2a3d4-a08d-4ff2-9fee-7694a26bc9e9@group-FABB21EF17C7:t4, leader=null, voted=07d2a3d4-a08d-4ff2-9fee-7694a26bc9e9, raftlog=07d2a3d4-a08d-4ff2-9fee-7694a26bc9e9@group-FABB21EF17C7-SegmentedRaftLog:OPENED:c-1,f-1,i0, conf=-1: [07d2a3d4-a08d-4ff2-9fee-7694a26bc9e9:192.168.36.126:42527, 718f5985-af6b-46f0-b376-36c68e33e3c2:192.168.36.126:33516, 7d339ff4-0353-45b5-a855-49faf6b9a877:192.168.36.126:33810], old=null
2019-09-25 05:32:39,779 [pool-229-thread-1] INFO  server.RaftServerConfigKeys (ConfUtils.java:logGet(43)) - raft.server.log.statemachine.data.sync.timeout = 10s (default)
2019-09-25 05:32:39,779 [718f5985-af6b-46f0-b376-36c68e33e3c2@group-FABB21EF17C7:LeaderElection273] INFO  impl.LeaderElection (LeaderElection.java:logAndReturn(56)) - 718f5985-af6b-46f0-b376-36c68e33e3c2@group-FABB21EF17C7:LeaderElection273: Election REJECTED; received 2 response(s) [718f5985-af6b-46f0-b376-36c68e33e3c2<-07d2a3d4-a08d-4ff2-9fee-7694a26bc9e9#0:FAIL-t4, 718f5985-af6b-46f0-b376-36c68e33e3c2<-7d339ff4-0353-45b5-a855-49faf6b9a877#0:FAIL-t4] and 0 exception(s); 718f5985-af6b-46f0-b376-36c68e33e3c2@group-FABB21EF17C7:t4, leader=null, voted=718f5985-af6b-46f0-b376-36c68e33e3c2, raftlog=718f5985-af6b-46f0-b376-36c68e33e3c2@group-FABB21EF17C7-SegmentedRaftLog:OPENED:c-1,f-1,i0, conf=-1: [07d2a3d4-a08d-4ff2-9fee-7694a26bc9e9:192.168.36.126:42527, 718f5985-af6b-46f0-b376-36c68e33e3c2:192.168.36.126:33516, 7d339ff4-0353-45b5-a855-49faf6b9a877:192.168.36.126:33810], old=null
2019-09-25 05:32:39,778 [07d2a3d4-a08d-4ff2-9fee-7694a26bc9e9@group-19CC27109C97:LeaderElection275] INFO  impl.RaftServerImpl (RaftServerImpl.java:setRole(174)) - 07d2a3d4-a08d-4ff2-9fee-7694a26bc9e9@group-19CC27109C97: changes role from CANDIDATE to FOLLOWER at term 4 for DISCOVERED_A_NEW_TERM
2019-09-25 05:32:39,778 [pool-169-thread-1] INFO  server.RaftServerConfigKeys (ConfUtils.java:logGet(43)) - raft.server.log.queue.element-limit = 1024 (custom)
2019-09-25 05:32:39,778 [pool-159-thread-1] INFO  server.RaftServerConfigKeys (ConfUtils.java:logGet(43)) - raft.server.log.queue.element-limit = 1024 (custom)
2019-09-25 05:32:39,780 [pool-169-thread-1] INFO  server.RaftServerConfigKeys (ConfUtils.java:logGet(43)) - raft.server.log.segment.size.max = 1048576 (custom)
2019-09-25 05:32:39,780 [07d2a3d4-a08d-4ff2-9fee-7694a26bc9e9@group-19CC27109C97:LeaderElection275] INFO  impl.RoleInfo (RoleInfo.java:shutdownLeaderElection(134)) - 07d2a3d4-a08d-4ff2-9fee-7694a26bc9e9: shutdown LeaderElection
2019-09-25 05:32:39,779 [718f5985-af6b-46f0-b376-36c68e33e3c2@group-FABB21EF17C7:LeaderElection273] INFO  impl.RaftServerImpl (RaftServerImpl.java:setRole(174)) - 718f5985-af6b-46f0-b376-36c68e33e3c2@group-FABB21EF17C7: changes role from CANDIDATE to FOLLOWER at term 4 for DISCOVERED_A_NEW_TERM
2019-09-25 05:32:39,780 [718f5985-af6b-46f0-b376-36c68e33e3c2@group-FABB21EF17C7:LeaderElection273] INFO  impl.RoleInfo (RoleInfo.java:shutdownLeaderElection(134)) - 718f5985-af6b-46f0-b376-36c68e33e3c2: shutdown LeaderElection
2019-09-25 05:32:39,779 [pool-229-thread-1] INFO  server.RaftServerConfigKeys (ConfUtils.java:logGet(43)) - raft.server.log.statemachine.data.sync.timeout.retry = -1 (default)
2019-09-25 05:32:39,779 [07d2a3d4-a08d-4ff2-9fee-7694a26bc9e9@group-FABB21EF17C7:LeaderElection274] INFO  impl.RaftServerImpl (RaftServerImpl.java:setRole(174)) - 07d2a3d4-a08d-4ff2-9fee-7694a26bc9e9@group-FABB21EF17C7: changes role from CANDIDATE to FOLLOWER at term 4 for DISCOVERED_A_NEW_TERM
2019-09-25 05:32:39,779 [7d339ff4-0353-45b5-a855-49faf6b9a877@group-FABB21EF17C7:LeaderElection278] INFO  impl.RaftServerImpl (RaftServerImpl.java:setRole(174)) - 7d339ff4-0353-45b5-a855-49faf6b9a877@group-FABB21EF17C7: changes role from CANDIDATE to FOLLOWER at term 4 for DISCOVERED_A_NEW_TERM
2019-09-25 05:32:39,781 [pool-229-thread-1] INFO  server.RaftServerConfigKeys (ConfUtils.java:logGet(43)) - raft.server.log.statemachine.data.caching.enabled = true (custom)
2019-09-25 05:32:39,781 [07d2a3d4-a08d-4ff2-9fee-7694a26bc9e9@group-FABB21EF17C7:LeaderElection274] INFO  impl.RoleInfo (RoleInfo.java:shutdownLeaderElection(134)) - 07d2a3d4-a08d-4ff2-9fee-7694a26bc9e9: shutdown LeaderElection
2019-09-25 05:32:39,780 [718f5985-af6b-46f0-b376-36c68e33e3c2@group-FABB21EF17C7:LeaderElection273] INFO  impl.RoleInfo (RoleInfo.java:updateAndGet(143)) - 718f5985-af6b-46f0-b376-36c68e33e3c2: start FollowerState
2019-09-25 05:32:39,780 [07d2a3d4-a08d-4ff2-9fee-7694a26bc9e9@group-19CC27109C97:LeaderElection275] INFO  impl.RoleInfo (RoleInfo.java:updateAndGet(143)) - 07d2a3d4-a08d-4ff2-9fee-7694a26bc9e9: start FollowerState
2019-09-25 05:32:39,780 [pool-169-thread-1] INFO  server.RaftServerConfigKeys (ConfUtils.java:logGet(43)) - raft.server.log.preallocated.size = 16384 (custom)
2019-09-25 05:32:39,780 [pool-159-thread-1] INFO  server.RaftServerConfigKeys (ConfUtils.java:logGet(43)) - raft.server.log.segment.size.max = 1048576 (custom)
2019-09-25 05:32:39,782 [pool-169-thread-1] INFO  server.RaftServerConfigKeys (ConfUtils.java:logGet(43)) - raft.server.log.write.buffer.size = 33554432 (custom)
2019-09-25 05:32:39,781 [pool-229-thread-1] INFO  segmented.SegmentedRaftLogWorker (SegmentedRaftLogWorker.java:lambda$new$0(132)) - e40b1169-82c6-4268-9b48-d611605c3b5d@group-37D53FCFBDA2-SegmentedRaftLogWorker: flushIndex: setUnconditionally 0 -> -1
2019-09-25 05:32:39,781 [07d2a3d4-a08d-4ff2-9fee-7694a26bc9e9@group-FABB21EF17C7:LeaderElection274] INFO  impl.RoleInfo (RoleInfo.java:updateAndGet(143)) - 07d2a3d4-a08d-4ff2-9fee-7694a26bc9e9: start FollowerState
2019-09-25 05:32:39,781 [7d339ff4-0353-45b5-a855-49faf6b9a877@group-FABB21EF17C7:LeaderElection278] INFO  impl.RoleInfo (RoleInfo.java:shutdownLeaderElection(134)) - 7d339ff4-0353-45b5-a855-49faf6b9a877: shutdown LeaderElection
2019-09-25 05:32:39,782 [pool-229-thread-1] INFO  server.RaftServerConfigKeys (ConfUtils.java:logGet(43)) - raft.server.snapshot.auto.trigger.enabled = true (custom)
2019-09-25 05:32:39,782 [7d339ff4-0353-45b5-a855-49faf6b9a877@group-19CC27109C97:LeaderElection279] INFO  impl.LeaderElection (LeaderElection.java:logAndReturn(56)) - 7d339ff4-0353-45b5-a855-49faf6b9a877@group-19CC27109C97:LeaderElection279: Election REJECTED; received 2 response(s) [7d339ff4-0353-45b5-a855-49faf6b9a877<-07d2a3d4-a08d-4ff2-9fee-7694a26bc9e9#0:FAIL-t4, 7d339ff4-0353-45b5-a855-49faf6b9a877<-718f5985-af6b-46f0-b376-36c68e33e3c2#0:FAIL-t4] and 0 exception(s); 7d339ff4-0353-45b5-a855-49faf6b9a877@group-19CC27109C97:t4, leader=null, voted=7d339ff4-0353-45b5-a855-49faf6b9a877, raftlog=7d339ff4-0353-45b5-a855-49faf6b9a877@group-19CC27109C97-SegmentedRaftLog:OPENED:c-1,f-1,i0, conf=-1: [07d2a3d4-a08d-4ff2-9fee-7694a26bc9e9:192.168.36.126:42527, 718f5985-af6b-46f0-b376-36c68e33e3c2:192.168.36.126:33516, 7d339ff4-0353-45b5-a855-49faf6b9a877:192.168.36.126:33810], old=null
2019-09-25 05:32:39,782 [pool-169-thread-1] INFO  server.RaftServerConfigKeys (ConfUtils.java:logGet(43)) - raft.server.log.force.sync.num = 128 (default)
2019-09-25 05:32:39,782 [pool-159-thread-1] INFO  server.RaftServerConfigKeys (ConfUtils.java:logGet(43)) - raft.server.log.preallocated.size = 16384 (custom)
2019-09-25 05:32:39,783 [pool-169-thread-1] INFO  server.RaftServerConfigKeys (ConfUtils.java:logGet(43)) - raft.server.log.statemachine.data.sync = true (default)
2019-09-25 05:32:39,783 [7d339ff4-0353-45b5-a855-49faf6b9a877@group-19CC27109C97:LeaderElection279] INFO  impl.RaftServerImpl (RaftServerImpl.java:setRole(174)) - 7d339ff4-0353-45b5-a855-49faf6b9a877@group-19CC27109C97: changes role from CANDIDATE to FOLLOWER at term 4 for DISCOVERED_A_NEW_TERM
2019-09-25 05:32:39,783 [pool-229-thread-1] INFO  server.RaftServerConfigKeys (ConfUtils.java:logGet(43)) - raft.server.snapshot.auto.trigger.threshold = 10000 (custom)
2019-09-25 05:32:39,783 [7d339ff4-0353-45b5-a855-49faf6b9a877@group-FABB21EF17C7:LeaderElection278] INFO  impl.RoleInfo (RoleInfo.java:updateAndGet(143)) - 7d339ff4-0353-45b5-a855-49faf6b9a877: start FollowerState
2019-09-25 05:32:39,784 [pool-229-thread-1] INFO  server.RaftServerConfigKeys (ConfUtils.java:logGet(43)) - raft.server.snapshot.retention.num.files = 5 (custom)
2019-09-25 05:32:39,783 [7d339ff4-0353-45b5-a855-49faf6b9a877@group-19CC27109C97:LeaderElection279] INFO  impl.RoleInfo (RoleInfo.java:shutdownLeaderElection(134)) - 7d339ff4-0353-45b5-a855-49faf6b9a877: shutdown LeaderElection
2019-09-25 05:32:39,783 [pool-169-thread-1] INFO  server.RaftServerConfigKeys (ConfUtils.java:logGet(43)) - raft.server.log.statemachine.data.sync.timeout = 10s (default)
2019-09-25 05:32:39,783 [pool-159-thread-1] INFO  server.RaftServerConfigKeys (ConfUtils.java:logGet(43)) - raft.server.log.write.buffer.size = 33554432 (custom)
2019-09-25 05:32:39,784 [pool-169-thread-1] INFO  server.RaftServerConfigKeys (ConfUtils.java:logGet(43)) - raft.server.log.statemachine.data.sync.timeout.retry = -1 (default)
2019-09-25 05:32:39,784 [7d339ff4-0353-45b5-a855-49faf6b9a877@group-19CC27109C97:LeaderElection279] INFO  impl.RoleInfo (RoleInfo.java:updateAndGet(143)) - 7d339ff4-0353-45b5-a855-49faf6b9a877: start FollowerState
2019-09-25 05:32:39,784 [pool-229-thread-1] INFO  server.RaftServerConfigKeys (ConfUtils.java:logGet(43)) - raft.server.retrycache.expirytime = 600000ms (custom)
2019-09-25 05:32:39,785 [pool-169-thread-1] INFO  server.RaftServerConfigKeys (ConfUtils.java:logGet(43)) - raft.server.log.statemachine.data.caching.enabled = true (custom)
2019-09-25 05:32:39,784 [pool-159-thread-1] INFO  server.RaftServerConfigKeys (ConfUtils.java:logGet(43)) - raft.server.log.force.sync.num = 128 (default)
2019-09-25 05:32:39,785 [pool-159-thread-1] INFO  server.RaftServerConfigKeys (ConfUtils.java:logGet(43)) - raft.server.log.statemachine.data.sync = true (default)
2019-09-25 05:32:39,785 [pool-169-thread-1] INFO  segmented.SegmentedRaftLogWorker (SegmentedRaftLogWorker.java:lambda$new$0(132)) - 8ffa0edf-3bee-4748-91ab-c75ab538701e@group-37D53FCFBDA2-SegmentedRaftLogWorker: flushIndex: setUnconditionally 0 -> -1
2019-09-25 05:32:39,785 [pool-159-thread-1] INFO  server.RaftServerConfigKeys (ConfUtils.java:logGet(43)) - raft.server.log.statemachine.data.sync.timeout = 10s (default)
2019-09-25 05:32:39,785 [pool-159-thread-1] INFO  server.RaftServerConfigKeys (ConfUtils.java:logGet(43)) - raft.server.log.statemachine.data.sync.timeout.retry = -1 (default)
2019-09-25 05:32:39,785 [pool-169-thread-1] INFO  server.RaftServerConfigKeys (ConfUtils.java:logGet(43)) - raft.server.snapshot.auto.trigger.enabled = true (custom)
2019-09-25 05:32:39,786 [pool-159-thread-1] INFO  server.RaftServerConfigKeys (ConfUtils.java:logGet(43)) - raft.server.log.statemachine.data.caching.enabled = true (custom)
2019-09-25 05:32:39,786 [pool-169-thread-1] INFO  server.RaftServerConfigKeys (ConfUtils.java:logGet(43)) - raft.server.snapshot.auto.trigger.threshold = 10000 (custom)
2019-09-25 05:32:39,786 [pool-169-thread-1] INFO  server.RaftServerConfigKeys (ConfUtils.java:logGet(43)) - raft.server.snapshot.retention.num.files = 5 (custom)
2019-09-25 05:32:39,786 [pool-159-thread-1] INFO  segmented.SegmentedRaftLogWorker (SegmentedRaftLogWorker.java:lambda$new$0(132)) - 74c765d4-ecbc-4161-b0d3-3f71a54c17e6@group-37D53FCFBDA2-SegmentedRaftLogWorker: flushIndex: setUnconditionally 0 -> -1
2019-09-25 05:32:39,786 [pool-169-thread-1] INFO  server.RaftServerConfigKeys (ConfUtils.java:logGet(43)) - raft.server.retrycache.expirytime = 600000ms (custom)
2019-09-25 05:32:39,786 [pool-159-thread-1] INFO  server.RaftServerConfigKeys (ConfUtils.java:logGet(43)) - raft.server.snapshot.auto.trigger.enabled = true (custom)
2019-09-25 05:32:39,787 [pool-159-thread-1] INFO  server.RaftServerConfigKeys (ConfUtils.java:logGet(43)) - raft.server.snapshot.auto.trigger.threshold = 10000 (custom)
2019-09-25 05:32:39,787 [pool-159-thread-1] INFO  server.RaftServerConfigKeys (ConfUtils.java:logGet(43)) - raft.server.snapshot.retention.num.files = 5 (custom)
2019-09-25 05:32:39,787 [pool-159-thread-1] INFO  server.RaftServerConfigKeys (ConfUtils.java:logGet(43)) - raft.server.retrycache.expirytime = 600000ms (custom)
2019-09-25 05:32:39,787 [pool-229-thread-1] INFO  impl.RaftServerImpl (RaftServerImpl.java:start(185)) - e40b1169-82c6-4268-9b48-d611605c3b5d@group-37D53FCFBDA2: start as a follower, conf=-1: [e40b1169-82c6-4268-9b48-d611605c3b5d:192.168.36.126:46360, 74c765d4-ecbc-4161-b0d3-3f71a54c17e6:192.168.36.126:46193, 8ffa0edf-3bee-4748-91ab-c75ab538701e:192.168.36.126:35863], old=null
2019-09-25 05:32:39,787 [pool-229-thread-1] INFO  impl.RaftServerImpl (RaftServerImpl.java:setRole(174)) - e40b1169-82c6-4268-9b48-d611605c3b5d@group-37D53FCFBDA2: changes role from      null to FOLLOWER at term 0 for startAsFollower
2019-09-25 05:32:39,788 [pool-229-thread-1] INFO  impl.RoleInfo (RoleInfo.java:updateAndGet(143)) - e40b1169-82c6-4268-9b48-d611605c3b5d: start FollowerState
2019-09-25 05:32:39,788 [pool-229-thread-1] INFO  util.JmxRegister (JmxRegister.java:tryRegister(44)) - Successfully registered JMX Bean with object name Ratis:service=RaftServer,group=group-37D53FCFBDA2,id=e40b1169-82c6-4268-9b48-d611605c3b5d
2019-09-25 05:32:39,789 [pool-169-thread-1] INFO  impl.RaftServerImpl (RaftServerImpl.java:start(185)) - 8ffa0edf-3bee-4748-91ab-c75ab538701e@group-37D53FCFBDA2: start as a follower, conf=-1: [e40b1169-82c6-4268-9b48-d611605c3b5d:192.168.36.126:46360, 74c765d4-ecbc-4161-b0d3-3f71a54c17e6:192.168.36.126:46193, 8ffa0edf-3bee-4748-91ab-c75ab538701e:192.168.36.126:35863], old=null
2019-09-25 05:32:39,790 [pool-159-thread-1] INFO  impl.RaftServerImpl (RaftServerImpl.java:start(185)) - 74c765d4-ecbc-4161-b0d3-3f71a54c17e6@group-37D53FCFBDA2: start as a follower, conf=-1: [e40b1169-82c6-4268-9b48-d611605c3b5d:192.168.36.126:46360, 74c765d4-ecbc-4161-b0d3-3f71a54c17e6:192.168.36.126:46193, 8ffa0edf-3bee-4748-91ab-c75ab538701e:192.168.36.126:35863], old=null
2019-09-25 05:32:39,790 [pool-169-thread-1] INFO  impl.RaftServerImpl (RaftServerImpl.java:setRole(174)) - 8ffa0edf-3bee-4748-91ab-c75ab538701e@group-37D53FCFBDA2: changes role from      null to FOLLOWER at term 0 for startAsFollower
2019-09-25 05:32:39,790 [pool-159-thread-1] INFO  impl.RaftServerImpl (RaftServerImpl.java:setRole(174)) - 74c765d4-ecbc-4161-b0d3-3f71a54c17e6@group-37D53FCFBDA2: changes role from      null to FOLLOWER at term 0 for startAsFollower
2019-09-25 05:32:39,790 [pool-169-thread-1] INFO  impl.RoleInfo (RoleInfo.java:updateAndGet(143)) - 8ffa0edf-3bee-4748-91ab-c75ab538701e: start FollowerState
2019-09-25 05:32:39,790 [pool-159-thread-1] INFO  impl.RoleInfo (RoleInfo.java:updateAndGet(143)) - 74c765d4-ecbc-4161-b0d3-3f71a54c17e6: start FollowerState
2019-09-25 05:32:39,790 [pool-169-thread-1] INFO  util.JmxRegister (JmxRegister.java:tryRegister(44)) - Successfully registered JMX Bean with object name Ratis:service=RaftServer,group=group-37D53FCFBDA2,id=8ffa0edf-3bee-4748-91ab-c75ab538701e
2019-09-25 05:32:39,790 [pool-159-thread-1] INFO  util.JmxRegister (JmxRegister.java:tryRegister(44)) - Successfully registered JMX Bean with object name Ratis:service=RaftServer,group=group-37D53FCFBDA2,id=74c765d4-ecbc-4161-b0d3-3f71a54c17e6
2019-09-25 05:32:40,797 [Thread-1854] INFO  impl.FollowerState (FollowerState.java:run(106)) - 7d339ff4-0353-45b5-a855-49faf6b9a877:group-FABB21EF17C7 changes to CANDIDATE, lastRpcTime:1014, electionTimeout:1013ms
2019-09-25 05:32:40,797 [Thread-1854] INFO  impl.RoleInfo (RoleInfo.java:shutdownFollowerState(121)) - 7d339ff4-0353-45b5-a855-49faf6b9a877: shutdown FollowerState
2019-09-25 05:32:40,798 [Thread-1854] INFO  impl.RaftServerImpl (RaftServerImpl.java:setRole(174)) - 7d339ff4-0353-45b5-a855-49faf6b9a877@group-FABB21EF17C7: changes role from  FOLLOWER to CANDIDATE at term 4 for changeToCandidate
2019-09-25 05:32:40,798 [Thread-1854] INFO  impl.RoleInfo (RoleInfo.java:updateAndGet(143)) - 7d339ff4-0353-45b5-a855-49faf6b9a877: start LeaderElection
2019-09-25 05:32:40,803 [07d2a3d4-a08d-4ff2-9fee-7694a26bc9e9@group-8EE3C38B4941:LeaderElection277] INFO  impl.LeaderElection (LeaderElection.java:logAndReturn(56)) - 07d2a3d4-a08d-4ff2-9fee-7694a26bc9e9@group-8EE3C38B4941:LeaderElection277: Election TIMEOUT; received 1 response(s) [07d2a3d4-a08d-4ff2-9fee-7694a26bc9e9<-718f5985-af6b-46f0-b376-36c68e33e3c2#0:FAIL-t4] and 0 exception(s); 07d2a3d4-a08d-4ff2-9fee-7694a26bc9e9@group-8EE3C38B4941:t4, leader=null, voted=07d2a3d4-a08d-4ff2-9fee-7694a26bc9e9, raftlog=07d2a3d4-a08d-4ff2-9fee-7694a26bc9e9@group-8EE3C38B4941-SegmentedRaftLog:OPENED:c-1,f-1,i0, conf=-1: [07d2a3d4-a08d-4ff2-9fee-7694a26bc9e9:192.168.36.126:42527, 718f5985-af6b-46f0-b376-36c68e33e3c2:192.168.36.126:33516, 7d339ff4-0353-45b5-a855-49faf6b9a877:192.168.36.126:33810], old=null
2019-09-25 05:32:40,842 [Thread-1856] INFO  impl.FollowerState (FollowerState.java:run(106)) - 7d339ff4-0353-45b5-a855-49faf6b9a877:group-19CC27109C97 changes to CANDIDATE, lastRpcTime:1057, electionTimeout:1057ms
2019-09-25 05:32:40,842 [Thread-1856] INFO  impl.RoleInfo (RoleInfo.java:shutdownFollowerState(121)) - 7d339ff4-0353-45b5-a855-49faf6b9a877: shutdown FollowerState
2019-09-25 05:32:40,842 [Thread-1856] INFO  impl.RaftServerImpl (RaftServerImpl.java:setRole(174)) - 7d339ff4-0353-45b5-a855-49faf6b9a877@group-19CC27109C97: changes role from  FOLLOWER to CANDIDATE at term 4 for changeToCandidate
2019-09-25 05:32:40,842 [Thread-1856] INFO  impl.RoleInfo (RoleInfo.java:updateAndGet(143)) - 7d339ff4-0353-45b5-a855-49faf6b9a877: start LeaderElection
2019-09-25 05:32:40,848 [Thread-1851] INFO  impl.FollowerState (FollowerState.java:run(106)) - 07d2a3d4-a08d-4ff2-9fee-7694a26bc9e9:group-19CC27109C97 changes to CANDIDATE, lastRpcTime:1067, electionTimeout:1066ms
2019-09-25 05:32:40,848 [Thread-1851] INFO  impl.RoleInfo (RoleInfo.java:shutdownFollowerState(121)) - 07d2a3d4-a08d-4ff2-9fee-7694a26bc9e9: shutdown FollowerState
2019-09-25 05:32:40,849 [Thread-1851] INFO  impl.RaftServerImpl (RaftServerImpl.java:setRole(174)) - 07d2a3d4-a08d-4ff2-9fee-7694a26bc9e9@group-19CC27109C97: changes role from  FOLLOWER to CANDIDATE at term 4 for changeToCandidate
2019-09-25 05:32:40,849 [Thread-1851] INFO  impl.RoleInfo (RoleInfo.java:updateAndGet(143)) - 07d2a3d4-a08d-4ff2-9fee-7694a26bc9e9: start LeaderElection
2019-09-25 05:32:40,855 [Thread-1852] INFO  impl.FollowerState (FollowerState.java:run(106)) - 718f5985-af6b-46f0-b376-36c68e33e3c2:group-FABB21EF17C7 changes to CANDIDATE, lastRpcTime:1074, electionTimeout:1073ms
2019-09-25 05:32:40,855 [Thread-1852] INFO  impl.RoleInfo (RoleInfo.java:shutdownFollowerState(121)) - 718f5985-af6b-46f0-b376-36c68e33e3c2: shutdown FollowerState
2019-09-25 05:32:40,855 [Thread-1852] INFO  impl.RaftServerImpl (RaftServerImpl.java:setRole(174)) - 718f5985-af6b-46f0-b376-36c68e33e3c2@group-FABB21EF17C7: changes role from  FOLLOWER to CANDIDATE at term 4 for changeToCandidate
2019-09-25 05:32:40,855 [Thread-1852] INFO  impl.RoleInfo (RoleInfo.java:updateAndGet(143)) - 718f5985-af6b-46f0-b376-36c68e33e3c2: start LeaderElection
2019-09-25 05:32:40,862 [Thread-1850] INFO  impl.FollowerState (FollowerState.java:run(106)) - 718f5985-af6b-46f0-b376-36c68e33e3c2:group-19CC27109C97 changes to CANDIDATE, lastRpcTime:1084, electionTimeout:1084ms
2019-09-25 05:32:40,862 [Thread-1850] INFO  impl.RoleInfo (RoleInfo.java:shutdownFollowerState(121)) - 718f5985-af6b-46f0-b376-36c68e33e3c2: shutdown FollowerState
2019-09-25 05:32:40,862 [Thread-1850] INFO  impl.RaftServerImpl (RaftServerImpl.java:setRole(174)) - 718f5985-af6b-46f0-b376-36c68e33e3c2@group-19CC27109C97: changes role from  FOLLOWER to CANDIDATE at term 4 for changeToCandidate
2019-09-25 05:32:40,863 [Thread-1850] INFO  impl.RoleInfo (RoleInfo.java:updateAndGet(143)) - 718f5985-af6b-46f0-b376-36c68e33e3c2: start LeaderElection
2019-09-25 05:32:40,870 [Thread-1859] INFO  impl.FollowerState (FollowerState.java:run(106)) - e40b1169-82c6-4268-9b48-d611605c3b5d:group-37D53FCFBDA2 changes to CANDIDATE, lastRpcTime:1082, electionTimeout:1082ms
2019-09-25 05:32:40,870 [Thread-1859] INFO  impl.RoleInfo (RoleInfo.java:shutdownFollowerState(121)) - e40b1169-82c6-4268-9b48-d611605c3b5d: shutdown FollowerState
2019-09-25 05:32:40,871 [Thread-1859] INFO  impl.RaftServerImpl (RaftServerImpl.java:setRole(174)) - e40b1169-82c6-4268-9b48-d611605c3b5d@group-37D53FCFBDA2: changes role from  FOLLOWER to CANDIDATE at term 0 for changeToCandidate
2019-09-25 05:32:40,871 [Thread-1859] INFO  impl.RoleInfo (RoleInfo.java:updateAndGet(143)) - e40b1169-82c6-4268-9b48-d611605c3b5d: start LeaderElection
2019-09-25 05:32:40,879 [Thread-1862] INFO  impl.FollowerState (FollowerState.java:run(106)) - 74c765d4-ecbc-4161-b0d3-3f71a54c17e6:group-37D53FCFBDA2 changes to CANDIDATE, lastRpcTime:1089, electionTimeout:1089ms
2019-09-25 05:32:40,880 [Thread-1862] INFO  impl.RoleInfo (RoleInfo.java:shutdownFollowerState(121)) - 74c765d4-ecbc-4161-b0d3-3f71a54c17e6: shutdown FollowerState
2019-09-25 05:32:40,880 [Thread-1862] INFO  impl.RaftServerImpl (RaftServerImpl.java:setRole(174)) - 74c765d4-ecbc-4161-b0d3-3f71a54c17e6@group-37D53FCFBDA2: changes role from  FOLLOWER to CANDIDATE at term 0 for changeToCandidate
2019-09-25 05:32:40,880 [Thread-1862] INFO  impl.RoleInfo (RoleInfo.java:updateAndGet(143)) - 74c765d4-ecbc-4161-b0d3-3f71a54c17e6: start LeaderElection
2019-09-25 05:32:40,894 [718f5985-af6b-46f0-b376-36c68e33e3c2@group-8EE3C38B4941:LeaderElection276] INFO  impl.LeaderElection (LeaderElection.java:logAndReturn(56)) - 718f5985-af6b-46f0-b376-36c68e33e3c2@group-8EE3C38B4941:LeaderElection276: Election TIMEOUT; received 1 response(s) [718f5985-af6b-46f0-b376-36c68e33e3c2<-07d2a3d4-a08d-4ff2-9fee-7694a26bc9e9#0:FAIL-t4] and 0 exception(s); 718f5985-af6b-46f0-b376-36c68e33e3c2@group-8EE3C38B4941:t4, leader=null, voted=718f5985-af6b-46f0-b376-36c68e33e3c2, raftlog=718f5985-af6b-46f0-b376-36c68e33e3c2@group-8EE3C38B4941-SegmentedRaftLog:OPENED:c-1,f-1,i0, conf=-1: [07d2a3d4-a08d-4ff2-9fee-7694a26bc9e9:192.168.36.126:42527, 718f5985-af6b-46f0-b376-36c68e33e3c2:192.168.36.126:33516, 7d339ff4-0353-45b5-a855-49faf6b9a877:192.168.36.126:33810], old=null
2019-09-25 05:32:40,922 [Thread-1853] INFO  impl.FollowerState (FollowerState.java:run(106)) - 07d2a3d4-a08d-4ff2-9fee-7694a26bc9e9:group-FABB21EF17C7 changes to CANDIDATE, lastRpcTime:1140, electionTimeout:1139ms
2019-09-25 05:32:40,922 [Thread-1853] INFO  impl.RoleInfo (RoleInfo.java:shutdownFollowerState(121)) - 07d2a3d4-a08d-4ff2-9fee-7694a26bc9e9: shutdown FollowerState
2019-09-25 05:32:40,922 [Thread-1853] INFO  impl.RaftServerImpl (RaftServerImpl.java:setRole(174)) - 07d2a3d4-a08d-4ff2-9fee-7694a26bc9e9@group-FABB21EF17C7: changes role from  FOLLOWER to CANDIDATE at term 4 for changeToCandidate
2019-09-25 05:32:40,922 [Thread-1853] INFO  impl.RoleInfo (RoleInfo.java:updateAndGet(143)) - 07d2a3d4-a08d-4ff2-9fee-7694a26bc9e9: start LeaderElection
2019-09-25 05:32:40,979 [Thread-1861] INFO  impl.FollowerState (FollowerState.java:run(106)) - 8ffa0edf-3bee-4748-91ab-c75ab538701e:group-37D53FCFBDA2 changes to CANDIDATE, lastRpcTime:1189, electionTimeout:1189ms
2019-09-25 05:32:40,980 [Thread-1861] INFO  impl.RoleInfo (RoleInfo.java:shutdownFollowerState(121)) - 8ffa0edf-3bee-4748-91ab-c75ab538701e: shutdown FollowerState
2019-09-25 05:32:40,980 [Thread-1861] INFO  impl.RaftServerImpl (RaftServerImpl.java:setRole(174)) - 8ffa0edf-3bee-4748-91ab-c75ab538701e@group-37D53FCFBDA2: changes role from  FOLLOWER to CANDIDATE at term 0 for changeToCandidate
2019-09-25 05:32:40,980 [Thread-1861] INFO  impl.RoleInfo (RoleInfo.java:updateAndGet(143)) - 8ffa0edf-3bee-4748-91ab-c75ab538701e: start LeaderElection
2019-09-25 05:32:42,171 [main] INFO  ozoneimpl.OzoneContainer (OzoneContainer.java:stop(231)) - Attempting to stop container services.
2019-09-25 05:32:42,171 [ForkJoinPool.commonPool-worker-1] INFO  ozoneimpl.OzoneContainer (OzoneContainer.java:stop(231)) - Attempting to stop container services.
2019-09-25 05:32:42,171 [main] INFO  impl.RaftServerProxy (RaftServerProxy.java:lambda$close$4(314)) - 7d339ff4-0353-45b5-a855-49faf6b9a877: close
2019-09-25 05:32:42,172 [ForkJoinPool.commonPool-worker-1] INFO  impl.RaftServerProxy (RaftServerProxy.java:lambda$close$4(314)) - 8ffa0edf-3bee-4748-91ab-c75ab538701e: close
2019-09-25 05:32:42,172 [main] INFO  impl.RaftServerImpl (RaftServerImpl.java:lambda$shutdown$3(251)) - 7d339ff4-0353-45b5-a855-49faf6b9a877@group-8EE3C38B4941: shutdown
2019-09-25 05:32:42,172 [ForkJoinPool.commonPool-worker-1] INFO  impl.RaftServerImpl (RaftServerImpl.java:lambda$shutdown$3(251)) - 8ffa0edf-3bee-4748-91ab-c75ab538701e@group-37D53FCFBDA2: shutdown
2019-09-25 05:32:42,173 [main] INFO  util.JmxRegister (JmxRegister.java:unregister(73)) - Successfully un-registered JMX Bean with object name Ratis:service=RaftServer,group=group-8EE3C38B4941,id=7d339ff4-0353-45b5-a855-49faf6b9a877
2019-09-25 05:32:42,173 [main] INFO  impl.RoleInfo (RoleInfo.java:shutdownLeaderElection(134)) - 7d339ff4-0353-45b5-a855-49faf6b9a877: shutdown LeaderElection
2019-09-25 05:32:42,173 [ForkJoinPool.commonPool-worker-1] INFO  util.JmxRegister (JmxRegister.java:unregister(73)) - Successfully un-registered JMX Bean with object name Ratis:service=RaftServer,group=group-37D53FCFBDA2,id=8ffa0edf-3bee-4748-91ab-c75ab538701e
2019-09-25 05:32:42,174 [main] INFO  impl.StateMachineUpdater (StateMachineUpdater.java:stopAndJoin(125)) - 7d339ff4-0353-45b5-a855-49faf6b9a877@group-8EE3C38B4941-StateMachineUpdater: set stopIndex = -1
2019-09-25 05:32:42,174 [ForkJoinPool.commonPool-worker-1] INFO  impl.RoleInfo (RoleInfo.java:shutdownLeaderElection(134)) - 8ffa0edf-3bee-4748-91ab-c75ab538701e: shutdown LeaderElection
2019-09-25 05:32:42,175 [main] INFO  impl.RaftServerImpl (ServerState.java:close(385)) - 7d339ff4-0353-45b5-a855-49faf6b9a877@group-8EE3C38B4941: closes. applyIndex: -1
2019-09-25 05:32:42,175 [ForkJoinPool.commonPool-worker-1] INFO  impl.StateMachineUpdater (StateMachineUpdater.java:stopAndJoin(125)) - 8ffa0edf-3bee-4748-91ab-c75ab538701e@group-37D53FCFBDA2-StateMachineUpdater: set stopIndex = -1
2019-09-25 05:32:42,176 [7d339ff4-0353-45b5-a855-49faf6b9a877@group-8EE3C38B4941-SegmentedRaftLogWorker] INFO  segmented.SegmentedRaftLogWorker (SegmentedRaftLogWorker.java:run(313)) - 7d339ff4-0353-45b5-a855-49faf6b9a877@group-8EE3C38B4941-SegmentedRaftLogWorker was interrupted, exiting. There are 0 tasks remaining in the queue.
2019-09-25 05:32:42,176 [ForkJoinPool.commonPool-worker-1] INFO  impl.RaftServerImpl (ServerState.java:close(385)) - 8ffa0edf-3bee-4748-91ab-c75ab538701e@group-37D53FCFBDA2: closes. applyIndex: -1
2019-09-25 05:32:42,176 [main] INFO  segmented.SegmentedRaftLogWorker (SegmentedRaftLogWorker.java:close(228)) - 7d339ff4-0353-45b5-a855-49faf6b9a877@group-8EE3C38B4941-SegmentedRaftLogWorker close()
2019-09-25 05:32:42,176 [8ffa0edf-3bee-4748-91ab-c75ab538701e@group-37D53FCFBDA2-SegmentedRaftLogWorker] INFO  segmented.SegmentedRaftLogWorker (SegmentedRaftLogWorker.java:run(313)) - 8ffa0edf-3bee-4748-91ab-c75ab538701e@group-37D53FCFBDA2-SegmentedRaftLogWorker was interrupted, exiting. There are 0 tasks remaining in the queue.
2019-09-25 05:32:42,183 [main] INFO  impl.RaftServerImpl (RaftServerImpl.java:lambda$shutdown$3(251)) - 7d339ff4-0353-45b5-a855-49faf6b9a877@group-FABB21EF17C7: shutdown
2019-09-25 05:32:42,183 [ForkJoinPool.commonPool-worker-1] INFO  segmented.SegmentedRaftLogWorker (SegmentedRaftLogWorker.java:close(228)) - 8ffa0edf-3bee-4748-91ab-c75ab538701e@group-37D53FCFBDA2-SegmentedRaftLogWorker close()
2019-09-25 05:32:42,183 [main] INFO  util.JmxRegister (JmxRegister.java:unregister(73)) - Successfully un-registered JMX Bean with object name Ratis:service=RaftServer,group=group-FABB21EF17C7,id=7d339ff4-0353-45b5-a855-49faf6b9a877
2019-09-25 05:32:42,189 [ForkJoinPool.commonPool-worker-1] INFO  server.GrpcService (GrpcService.java:closeImpl(164)) - 8ffa0edf-3bee-4748-91ab-c75ab538701e: shutdown server with port 35863 now
2019-09-25 05:32:42,190 [main] INFO  impl.RoleInfo (RoleInfo.java:shutdownLeaderElection(134)) - 7d339ff4-0353-45b5-a855-49faf6b9a877: shutdown LeaderElection
2019-09-25 05:32:42,193 [ForkJoinPool.commonPool-worker-1] INFO  server.GrpcService (GrpcService.java:closeImpl(172)) - 8ffa0edf-3bee-4748-91ab-c75ab538701e: shutdown server with port 35863 successfully
2019-09-25 05:32:42,193 [main] INFO  impl.StateMachineUpdater (StateMachineUpdater.java:stopAndJoin(125)) - 7d339ff4-0353-45b5-a855-49faf6b9a877@group-FABB21EF17C7-StateMachineUpdater: set stopIndex = -1
2019-09-25 05:32:42,194 [main] INFO  impl.RaftServerImpl (ServerState.java:close(385)) - 7d339ff4-0353-45b5-a855-49faf6b9a877@group-FABB21EF17C7: closes. applyIndex: -1
2019-09-25 05:32:42,195 [7d339ff4-0353-45b5-a855-49faf6b9a877@group-FABB21EF17C7-SegmentedRaftLogWorker] INFO  segmented.SegmentedRaftLogWorker (SegmentedRaftLogWorker.java:run(313)) - 7d339ff4-0353-45b5-a855-49faf6b9a877@group-FABB21EF17C7-SegmentedRaftLogWorker was interrupted, exiting. There are 0 tasks remaining in the queue.
2019-09-25 05:32:42,195 [main] INFO  segmented.SegmentedRaftLogWorker (SegmentedRaftLogWorker.java:close(228)) - 7d339ff4-0353-45b5-a855-49faf6b9a877@group-FABB21EF17C7-SegmentedRaftLogWorker close()
2019-09-25 05:32:42,195 [refreshUsed-/workdir/hadoop-ozone/integration-test/target/test-dir/MiniOzoneClusterImpl-c3eb0697-53d0-4f00-8b35-781957cf75c5/datanode-2/data/containers] WARN  fs.CachingGetSpaceUsed (CachingGetSpaceUsed.java:run(183)) - Thread Interrupted waiting to refresh disk information: sleep interrupted
2019-09-25 05:32:42,201 [main] INFO  impl.RaftServerImpl (RaftServerImpl.java:lambda$shutdown$3(251)) - 7d339ff4-0353-45b5-a855-49faf6b9a877@group-19CC27109C97: shutdown
2019-09-25 05:32:42,202 [main] INFO  util.JmxRegister (JmxRegister.java:unregister(73)) - Successfully un-registered JMX Bean with object name Ratis:service=RaftServer,group=group-19CC27109C97,id=7d339ff4-0353-45b5-a855-49faf6b9a877
2019-09-25 05:32:42,203 [main] INFO  impl.RoleInfo (RoleInfo.java:shutdownLeaderElection(134)) - 7d339ff4-0353-45b5-a855-49faf6b9a877: shutdown LeaderElection
2019-09-25 05:32:42,203 [main] INFO  impl.StateMachineUpdater (StateMachineUpdater.java:stopAndJoin(125)) - 7d339ff4-0353-45b5-a855-49faf6b9a877@group-19CC27109C97-StateMachineUpdater: set stopIndex = -1
2019-09-25 05:32:42,204 [main] INFO  impl.RaftServerImpl (ServerState.java:close(385)) - 7d339ff4-0353-45b5-a855-49faf6b9a877@group-19CC27109C97: closes. applyIndex: -1
2019-09-25 05:32:42,205 [7d339ff4-0353-45b5-a855-49faf6b9a877@group-19CC27109C97-SegmentedRaftLogWorker] INFO  segmented.SegmentedRaftLogWorker (SegmentedRaftLogWorker.java:run(313)) - 7d339ff4-0353-45b5-a855-49faf6b9a877@group-19CC27109C97-SegmentedRaftLogWorker was interrupted, exiting. There are 0 tasks remaining in the queue.
2019-09-25 05:32:42,205 [main] INFO  segmented.SegmentedRaftLogWorker (SegmentedRaftLogWorker.java:close(228)) - 7d339ff4-0353-45b5-a855-49faf6b9a877@group-19CC27109C97-SegmentedRaftLogWorker close()
2019-09-25 05:32:42,212 [main] INFO  server.GrpcService (GrpcService.java:closeImpl(164)) - 7d339ff4-0353-45b5-a855-49faf6b9a877: shutdown server with port 33810 now
2019-09-25 05:32:42,218 [main] INFO  server.GrpcService (GrpcService.java:closeImpl(172)) - 7d339ff4-0353-45b5-a855-49faf6b9a877: shutdown server with port 33810 successfully
2019-09-25 05:32:42,223 [refreshUsed-/workdir/hadoop-ozone/integration-test/target/test-dir/MiniOzoneClusterImpl-c3eb0697-53d0-4f00-8b35-781957cf75c5/datanode-5/data/containers] WARN  fs.CachingGetSpaceUsed (CachingGetSpaceUsed.java:run(183)) - Thread Interrupted waiting to refresh disk information: sleep interrupted
2019-09-25 05:32:42,235 [ForkJoinPool.commonPool-worker-1] INFO  utils.BackgroundService (BackgroundService.java:shutdown(148)) - Shutting down service BlockDeletingService
2019-09-25 05:32:42,245 [ForkJoinPool.commonPool-worker-1] INFO  statemachine.DatanodeStateMachine (DatanodeStateMachine.java:stopDaemon(395)) - Ozone container server stopped.
2019-09-25 05:32:42,253 [ForkJoinPool.commonPool-worker-1] INFO  handler.ContextHandler (ContextHandler.java:doStop(910)) - Stopped o.e.j.w.WebAppContext@d4df0e{/,null,UNAVAILABLE}{/hddsDatanode}
2019-09-25 05:32:42,253 [ForkJoinPool.commonPool-worker-1] INFO  server.AbstractConnector (AbstractConnector.java:doStop(318)) - Stopped ServerConnector@7ae0cc89{HTTP/1.1,[http/1.1]}{0.0.0.0:0}
2019-09-25 05:32:42,256 [ForkJoinPool.commonPool-worker-1] INFO  handler.ContextHandler (ContextHandler.java:doStop(910)) - Stopped o.e.j.s.ServletContextHandler@3408f695{/static,jar:file:/home/user/.m2/repository/org/apache/hadoop/hadoop-hdds-container-service/0.5.0-SNAPSHOT/hadoop-hdds-container-service-0.5.0-SNAPSHOT.jar!/webapps/static,UNAVAILABLE}
2019-09-25 05:32:42,258 [ForkJoinPool.commonPool-worker-1] INFO  handler.ContextHandler (ContextHandler.java:doStop(910)) - Stopped o.e.j.s.ServletContextHandler@6cd15072{/logs,file:///workdir/hadoop-ozone/integration-test/target/log,UNAVAILABLE}
2019-09-25 05:32:42,258 [main] INFO  utils.BackgroundService (BackgroundService.java:shutdown(148)) - Shutting down service BlockDeletingService
2019-09-25 05:32:42,265 [main] INFO  statemachine.DatanodeStateMachine (DatanodeStateMachine.java:stopDaemon(395)) - Ozone container server stopped.
2019-09-25 05:32:42,266 [main] INFO  handler.ContextHandler (ContextHandler.java:doStop(910)) - Stopped o.e.j.w.WebAppContext@318c68d5{/,null,UNAVAILABLE}{/hddsDatanode}
2019-09-25 05:32:42,268 [main] INFO  server.AbstractConnector (AbstractConnector.java:doStop(318)) - Stopped ServerConnector@4cfa83f9{HTTP/1.1,[http/1.1]}{0.0.0.0:0}
2019-09-25 05:32:42,268 [main] INFO  handler.ContextHandler (ContextHandler.java:doStop(910)) - Stopped o.e.j.s.ServletContextHandler@a6c54c3{/static,jar:file:/home/user/.m2/repository/org/apache/hadoop/hadoop-hdds-container-service/0.5.0-SNAPSHOT/hadoop-hdds-container-service-0.5.0-SNAPSHOT.jar!/webapps/static,UNAVAILABLE}
2019-09-25 05:32:42,269 [main] INFO  handler.ContextHandler (ContextHandler.java:doStop(910)) - Stopped o.e.j.s.ServletContextHandler@2b916808{/logs,file:///workdir/hadoop-ozone/integration-test/target/log,UNAVAILABLE}
2019-09-25 05:32:42,369 [Datanode State Machine Thread - 0] INFO  statemachine.DatanodeStateMachine (DatanodeStateMachine.java:lambda$startDaemon$0(350)) - Ozone container server started.
2019-09-25 05:32:42,585 [Datanode State Machine Thread - 0] INFO  statemachine.DatanodeStateMachine (DatanodeStateMachine.java:lambda$startDaemon$0(350)) - Ozone container server started.
2019-09-25 05:32:43,520 [7d339ff4-0353-45b5-a855-49faf6b9a877@group-8EE3C38B4941:LeaderElection280] INFO  impl.LeaderElection (LeaderElection.java:askForVotes(182)) - 7d339ff4-0353-45b5-a855-49faf6b9a877@group-8EE3C38B4941:LeaderElection280: begin an election at term 4 for -1: [07d2a3d4-a08d-4ff2-9fee-7694a26bc9e9:192.168.36.126:42527, 718f5985-af6b-46f0-b376-36c68e33e3c2:192.168.36.126:33516, 7d339ff4-0353-45b5-a855-49faf6b9a877:192.168.36.126:33810], old=null
2019-09-25 05:32:43,521 [7d339ff4-0353-45b5-a855-49faf6b9a877@group-8EE3C38B4941:LeaderElection280] INFO  impl.LeaderElection (LogUtils.java:infoOrTrace(149)) - Failed 7d339ff4-0353-45b5-a855-49faf6b9a877@group-8EE3C38B4941:LeaderElection280, state=CLOSING: {}
java.lang.IllegalArgumentException: 7d339ff4-0353-45b5-a855-49faf6b9a877@group-8EE3C38B4941-SegmentedRaftLog is expected to be opened but it is CLOSED
	at org.apache.ratis.util.OpenCloseState.assertOpen(OpenCloseState.java:63)
	at org.apache.ratis.server.raftlog.RaftLog.checkLogState(RaftLog.java:102)
	at org.apache.ratis.server.raftlog.segmented.SegmentedRaftLog.getLastEntryTermIndex(SegmentedRaftLog.java:324)
	at org.apache.ratis.server.impl.LeaderElection.askForVotes(LeaderElection.java:184)
	at org.apache.ratis.server.impl.LeaderElection.run(LeaderElection.java:133)
	at java.lang.Thread.run(Thread.java:748)
Caused by: org.apache.ratis.util.OpenCloseState$CloseTrace: Close 7d339ff4-0353-45b5-a855-49faf6b9a877@group-8EE3C38B4941-SegmentedRaftLog
	at org.apache.ratis.util.OpenCloseState.lambda$close$1(OpenCloseState.java:109)
	at java.util.concurrent.atomic.AtomicReference.getAndUpdate(AtomicReference.java:160)
	at org.apache.ratis.util.OpenCloseState.close(OpenCloseState.java:109)
	at org.apache.ratis.server.raftlog.RaftLog.close(RaftLog.java:437)
	at org.apache.ratis.server.raftlog.segmented.SegmentedRaftLog.close(SegmentedRaftLog.java:476)
	at org.apache.ratis.server.impl.ServerState.close(ServerState.java:387)
	at org.apache.ratis.server.impl.RaftServerImpl.lambda$shutdown$3(RaftServerImpl.java:273)
	at org.apache.ratis.util.LifeCycle.lambda$checkStateAndClose$2(LifeCycle.java:231)
	at org.apache.ratis.util.LifeCycle.checkStateAndClose(LifeCycle.java:251)
	at org.apache.ratis.util.LifeCycle.checkStateAndClose(LifeCycle.java:229)
	at org.apache.ratis.server.impl.RaftServerImpl.shutdown(RaftServerImpl.java:250)
	at org.apache.ratis.server.impl.RaftServerProxy$ImplMap.lambda$close$0(RaftServerProxy.java:107)
	at java.util.stream.ForEachOps$ForEachOp$OfRef.accept(ForEachOps.java:184)
	at java.util.stream.ReferencePipeline$3$1.accept(ReferencePipeline.java:193)
	at java.util.concurrent.ConcurrentHashMap$ValueSpliterator.forEachRemaining(ConcurrentHashMap.java:3566)
	at java.util.stream.AbstractPipeline.copyInto(AbstractPipeline.java:482)
	at java.util.stream.ForEachOps$ForEachTask.compute(ForEachOps.java:291)
	at java.util.concurrent.CountedCompleter.exec(CountedCompleter.java:731)
	at java.util.concurrent.ForkJoinTask.doExec(ForkJoinTask.java:289)
	at java.util.concurrent.ForkJoinTask.doInvoke(ForkJoinTask.java:401)
	at java.util.concurrent.ForkJoinTask.invoke(ForkJoinTask.java:734)
	at java.util.stream.ForEachOps$ForEachOp.evaluateParallel(ForEachOps.java:160)
	at java.util.stream.ForEachOps$ForEachOp$OfRef.evaluateParallel(ForEachOps.java:174)
	at java.util.stream.AbstractPipeline.evaluate(AbstractPipeline.java:233)
	at java.util.stream.ReferencePipeline.forEach(ReferencePipeline.java:418)
	at org.apache.ratis.server.impl.RaftServerProxy$ImplMap.close(RaftServerProxy.java:107)
	at org.apache.ratis.server.impl.RaftServerProxy.lambda$close$4(RaftServerProxy.java:315)
	at org.apache.ratis.util.LifeCycle.lambda$checkStateAndClose$2(LifeCycle.java:231)
	at org.apache.ratis.util.LifeCycle.checkStateAndClose(LifeCycle.java:251)
	at org.apache.ratis.util.LifeCycle.checkStateAndClose(LifeCycle.java:229)
	at org.apache.ratis.server.impl.RaftServerProxy.close(RaftServerProxy.java:313)
	at org.apache.hadoop.ozone.container.common.transport.server.ratis.XceiverServerRatis.stop(XceiverServerRatis.java:441)
	at org.apache.hadoop.ozone.container.ozoneimpl.OzoneContainer.stop(OzoneContainer.java:233)
	at org.apache.hadoop.ozone.container.common.statemachine.DatanodeStateMachine.close(DatanodeStateMachine.java:270)
	at org.apache.hadoop.ozone.container.common.statemachine.DatanodeStateMachine.stopDaemon(DatanodeStateMachine.java:394)
	at org.apache.hadoop.ozone.HddsDatanodeService.stop(HddsDatanodeService.java:457)
	at org.apache.hadoop.ozone.MiniOzoneClusterImpl.stopDatanode(MiniOzoneClusterImpl.java:385)
	at java.util.stream.ForEachOps$ForEachOp$OfRef.accept(ForEachOps.java:184)
	at java.util.ArrayList$ArrayListSpliterator.forEachRemaining(ArrayList.java:1382)
	at java.util.stream.AbstractPipeline.copyInto(AbstractPipeline.java:482)
	at java.util.stream.ForEachOps$ForEachTask.compute(ForEachOps.java:291)
	at java.util.concurrent.CountedCompleter.exec(CountedCompleter.java:731)
	at java.util.concurrent.ForkJoinTask.doExec(ForkJoinTask.java:289)
	at java.util.concurrent.ForkJoinTask.doInvoke(ForkJoinTask.java:401)
	at java.util.concurrent.ForkJoinTask.invoke(ForkJoinTask.java:734)
	at java.util.stream.ForEachOps$ForEachOp.evaluateParallel(ForEachOps.java:160)
	at java.util.stream.ForEachOps$ForEachOp$OfRef.evaluateParallel(ForEachOps.java:174)
	at java.util.stream.AbstractPipeline.evaluate(AbstractPipeline.java:233)
	at java.util.stream.ReferencePipeline.forEach(ReferencePipeline.java:418)
	at java.util.stream.ReferencePipeline$Head.forEach(ReferencePipeline.java:583)
	at org.apache.hadoop.ozone.MiniOzoneClusterImpl.stopDatanodes(MiniOzoneClusterImpl.java:379)
	at org.apache.hadoop.ozone.MiniOzoneClusterImpl.stop(MiniOzoneClusterImpl.java:332)
	at org.apache.hadoop.ozone.MiniOzoneClusterImpl.shutdown(MiniOzoneClusterImpl.java:319)
	at org.apache.hadoop.ozone.client.rpc.TestFailureHandlingByClient.shutdown(TestFailureHandlingByClient.java:130)
	at sun.reflect.NativeMethodAccessorImpl.invoke0(Native Method)
	at sun.reflect.NativeMethodAccessorImpl.invoke(NativeMethodAccessorImpl.java:62)
	at sun.reflect.DelegatingMethodAccessorImpl.invoke(DelegatingMethodAccessorImpl.java:43)
	at java.lang.reflect.Method.invoke(Method.java:498)
	at org.junit.runners.model.FrameworkMethod$1.runReflectiveCall(FrameworkMethod.java:47)
	at org.junit.internal.runners.model.ReflectiveCallable.run(ReflectiveCallable.java:12)
	at org.junit.runners.model.FrameworkMethod.invokeExplosively(FrameworkMethod.java:44)
	at org.junit.internal.runners.statements.RunAfters.evaluate(RunAfters.java:33)
	at org.junit.runners.ParentRunner.runLeaf(ParentRunner.java:271)
	at org.junit.runners.BlockJUnit4ClassRunner.runChild(BlockJUnit4ClassRunner.java:70)
	at org.junit.runners.BlockJUnit4ClassRunner.runChild(BlockJUnit4ClassRunner.java:50)
	at org.junit.runners.ParentRunner$3.run(ParentRunner.java:238)
	at org.junit.runners.ParentRunner$1.schedule(ParentRunner.java:63)
	at org.junit.runners.ParentRunner.runChildren(ParentRunner.java:236)
	at org.junit.runners.ParentRunner.access$000(ParentRunner.java:53)
	at org.junit.runners.ParentRunner$2.evaluate(ParentRunner.java:229)
	at org.junit.runners.ParentRunner.run(ParentRunner.java:309)
	at org.apache.maven.surefire.junit4.JUnit4Provider.execute(JUnit4Provider.java:365)
	at org.apache.maven.surefire.junit4.JUnit4Provider.executeWithRerun(JUnit4Provider.java:273)
	at org.apache.maven.surefire.junit4.JUnit4Provider.executeTestSet(JUnit4Provider.java:238)
	at org.apache.maven.surefire.junit4.JUnit4Provider.invoke(JUnit4Provider.java:159)
	at org.apache.maven.surefire.booter.ForkedBooter.invokeProviderInSameClassLoader(ForkedBooter.java:384)
	at org.apache.maven.surefire.booter.ForkedBooter.runSuitesInProcess(ForkedBooter.java:345)
	at org.apache.maven.surefire.booter.ForkedBooter.execute(ForkedBooter.java:126)
	at org.apache.maven.surefire.booter.ForkedBooter.main(ForkedBooter.java:418)
2019-09-25 05:32:43,524 [718f5985-af6b-46f0-b376-36c68e33e3c2@group-19CC27109C97:LeaderElection285] INFO  impl.LeaderElection (LeaderElection.java:askForVotes(182)) - 718f5985-af6b-46f0-b376-36c68e33e3c2@group-19CC27109C97:LeaderElection285: begin an election at term 5 for -1: [07d2a3d4-a08d-4ff2-9fee-7694a26bc9e9:192.168.36.126:42527, 718f5985-af6b-46f0-b376-36c68e33e3c2:192.168.36.126:33516, 7d339ff4-0353-45b5-a855-49faf6b9a877:192.168.36.126:33810], old=null
2019-09-25 05:32:43,524 [07d2a3d4-a08d-4ff2-9fee-7694a26bc9e9@group-8EE3C38B4941:LeaderElection277] INFO  impl.LeaderElection (LeaderElection.java:askForVotes(182)) - 07d2a3d4-a08d-4ff2-9fee-7694a26bc9e9@group-8EE3C38B4941:LeaderElection277: begin an election at term 5 for -1: [07d2a3d4-a08d-4ff2-9fee-7694a26bc9e9:192.168.36.126:42527, 718f5985-af6b-46f0-b376-36c68e33e3c2:192.168.36.126:33516, 7d339ff4-0353-45b5-a855-49faf6b9a877:192.168.36.126:33810], old=null
2019-09-25 05:32:43,524 [718f5985-af6b-46f0-b376-36c68e33e3c2@group-8EE3C38B4941:LeaderElection276] INFO  impl.LeaderElection (LeaderElection.java:askForVotes(182)) - 718f5985-af6b-46f0-b376-36c68e33e3c2@group-8EE3C38B4941:LeaderElection276: begin an election at term 5 for -1: [07d2a3d4-a08d-4ff2-9fee-7694a26bc9e9:192.168.36.126:42527, 718f5985-af6b-46f0-b376-36c68e33e3c2:192.168.36.126:33516, 7d339ff4-0353-45b5-a855-49faf6b9a877:192.168.36.126:33810], old=null
2019-09-25 05:32:43,524 [7d339ff4-0353-45b5-a855-49faf6b9a877@group-FABB21EF17C7:LeaderElection281] INFO  impl.LeaderElection (LeaderElection.java:askForVotes(182)) - 7d339ff4-0353-45b5-a855-49faf6b9a877@group-FABB21EF17C7:LeaderElection281: begin an election at term 5 for -1: [07d2a3d4-a08d-4ff2-9fee-7694a26bc9e9:192.168.36.126:42527, 718f5985-af6b-46f0-b376-36c68e33e3c2:192.168.36.126:33516, 7d339ff4-0353-45b5-a855-49faf6b9a877:192.168.36.126:33810], old=null
2019-09-25 05:32:43,524 [7d339ff4-0353-45b5-a855-49faf6b9a877@group-19CC27109C97:LeaderElection282] INFO  impl.LeaderElection (LeaderElection.java:askForVotes(182)) - 7d339ff4-0353-45b5-a855-49faf6b9a877@group-19CC27109C97:LeaderElection282: begin an election at term 5 for -1: [07d2a3d4-a08d-4ff2-9fee-7694a26bc9e9:192.168.36.126:42527, 718f5985-af6b-46f0-b376-36c68e33e3c2:192.168.36.126:33516, 7d339ff4-0353-45b5-a855-49faf6b9a877:192.168.36.126:33810], old=null
2019-09-25 05:32:43,524 [74c765d4-ecbc-4161-b0d3-3f71a54c17e6@group-37D53FCFBDA2:LeaderElection287] INFO  impl.LeaderElection (LeaderElection.java:askForVotes(182)) - 74c765d4-ecbc-4161-b0d3-3f71a54c17e6@group-37D53FCFBDA2:LeaderElection287: begin an election at term 1 for -1: [e40b1169-82c6-4268-9b48-d611605c3b5d:192.168.36.126:46360, 74c765d4-ecbc-4161-b0d3-3f71a54c17e6:192.168.36.126:46193, 8ffa0edf-3bee-4748-91ab-c75ab538701e:192.168.36.126:35863], old=null
2019-09-25 05:32:43,524 [8ffa0edf-3bee-4748-91ab-c75ab538701e@group-37D53FCFBDA2:LeaderElection289] INFO  impl.LeaderElection (LeaderElection.java:askForVotes(182)) - 8ffa0edf-3bee-4748-91ab-c75ab538701e@group-37D53FCFBDA2:LeaderElection289: begin an election at term 1 for -1: [e40b1169-82c6-4268-9b48-d611605c3b5d:192.168.36.126:46360, 74c765d4-ecbc-4161-b0d3-3f71a54c17e6:192.168.36.126:46193, 8ffa0edf-3bee-4748-91ab-c75ab538701e:192.168.36.126:35863], old=null
2019-09-25 05:32:43,524 [07d2a3d4-a08d-4ff2-9fee-7694a26bc9e9@group-19CC27109C97:LeaderElection283] INFO  impl.LeaderElection (LeaderElection.java:askForVotes(182)) - 07d2a3d4-a08d-4ff2-9fee-7694a26bc9e9@group-19CC27109C97:LeaderElection283: begin an election at term 5 for -1: [07d2a3d4-a08d-4ff2-9fee-7694a26bc9e9:192.168.36.126:42527, 718f5985-af6b-46f0-b376-36c68e33e3c2:192.168.36.126:33516, 7d339ff4-0353-45b5-a855-49faf6b9a877:192.168.36.126:33810], old=null
2019-09-25 05:32:43,524 [718f5985-af6b-46f0-b376-36c68e33e3c2@group-FABB21EF17C7:LeaderElection284] INFO  impl.LeaderElection (LeaderElection.java:askForVotes(182)) - 718f5985-af6b-46f0-b376-36c68e33e3c2@group-FABB21EF17C7:LeaderElection284: begin an election at term 5 for -1: [07d2a3d4-a08d-4ff2-9fee-7694a26bc9e9:192.168.36.126:42527, 718f5985-af6b-46f0-b376-36c68e33e3c2:192.168.36.126:33516, 7d339ff4-0353-45b5-a855-49faf6b9a877:192.168.36.126:33810], old=null
2019-09-25 05:32:43,524 [e40b1169-82c6-4268-9b48-d611605c3b5d@group-37D53FCFBDA2:LeaderElection286] INFO  impl.LeaderElection (LeaderElection.java:askForVotes(182)) - e40b1169-82c6-4268-9b48-d611605c3b5d@group-37D53FCFBDA2:LeaderElection286: begin an election at term 1 for -1: [e40b1169-82c6-4268-9b48-d611605c3b5d:192.168.36.126:46360, 74c765d4-ecbc-4161-b0d3-3f71a54c17e6:192.168.36.126:46193, 8ffa0edf-3bee-4748-91ab-c75ab538701e:192.168.36.126:35863], old=null
2019-09-25 05:32:43,524 [07d2a3d4-a08d-4ff2-9fee-7694a26bc9e9@group-FABB21EF17C7:LeaderElection288] INFO  impl.LeaderElection (LeaderElection.java:askForVotes(182)) - 07d2a3d4-a08d-4ff2-9fee-7694a26bc9e9@group-FABB21EF17C7:LeaderElection288: begin an election at term 5 for -1: [07d2a3d4-a08d-4ff2-9fee-7694a26bc9e9:192.168.36.126:42527, 718f5985-af6b-46f0-b376-36c68e33e3c2:192.168.36.126:33516, 7d339ff4-0353-45b5-a855-49faf6b9a877:192.168.36.126:33810], old=null
2019-09-25 05:32:43,526 [8ffa0edf-3bee-4748-91ab-c75ab538701e@group-37D53FCFBDA2:LeaderElection289] INFO  impl.LeaderElection (LogUtils.java:infoOrTrace(149)) - Failed 8ffa0edf-3bee-4748-91ab-c75ab538701e@group-37D53FCFBDA2:LeaderElection289, state=CLOSING: {}
java.lang.IllegalArgumentException: 8ffa0edf-3bee-4748-91ab-c75ab538701e@group-37D53FCFBDA2-SegmentedRaftLog is expected to be opened but it is CLOSED
	at org.apache.ratis.util.OpenCloseState.assertOpen(OpenCloseState.java:63)
	at org.apache.ratis.server.raftlog.RaftLog.checkLogState(RaftLog.java:102)
	at org.apache.ratis.server.raftlog.segmented.SegmentedRaftLog.getLastEntryTermIndex(SegmentedRaftLog.java:324)
	at org.apache.ratis.server.impl.LeaderElection.askForVotes(LeaderElection.java:184)
	at org.apache.ratis.server.impl.LeaderElection.run(LeaderElection.java:133)
	at java.lang.Thread.run(Thread.java:748)
Caused by: org.apache.ratis.util.OpenCloseState$CloseTrace: Close 8ffa0edf-3bee-4748-91ab-c75ab538701e@group-37D53FCFBDA2-SegmentedRaftLog
	at org.apache.ratis.util.OpenCloseState.lambda$close$1(OpenCloseState.java:109)
	at java.util.concurrent.atomic.AtomicReference.getAndUpdate(AtomicReference.java:160)
	at org.apache.ratis.util.OpenCloseState.close(OpenCloseState.java:109)
	at org.apache.ratis.server.raftlog.RaftLog.close(RaftLog.java:437)
	at org.apache.ratis.server.raftlog.segmented.SegmentedRaftLog.close(SegmentedRaftLog.java:476)
	at org.apache.ratis.server.impl.ServerState.close(ServerState.java:387)
	at org.apache.ratis.server.impl.RaftServerImpl.lambda$shutdown$3(RaftServerImpl.java:273)
	at org.apache.ratis.util.LifeCycle.lambda$checkStateAndClose$2(LifeCycle.java:231)
	at org.apache.ratis.util.LifeCycle.checkStateAndClose(LifeCycle.java:251)
	at org.apache.ratis.util.LifeCycle.checkStateAndClose(LifeCycle.java:229)
	at org.apache.ratis.server.impl.RaftServerImpl.shutdown(RaftServerImpl.java:250)
	at org.apache.ratis.server.impl.RaftServerProxy$ImplMap.lambda$close$0(RaftServerProxy.java:107)
	at java.util.stream.ForEachOps$ForEachOp$OfRef.accept(ForEachOps.java:184)
	at java.util.stream.ReferencePipeline$3$1.accept(ReferencePipeline.java:193)
	at java.util.concurrent.ConcurrentHashMap$ValueSpliterator.forEachRemaining(ConcurrentHashMap.java:3566)
	at java.util.stream.AbstractPipeline.copyInto(AbstractPipeline.java:482)
	at java.util.stream.ForEachOps$ForEachTask.compute(ForEachOps.java:291)
	at java.util.concurrent.CountedCompleter.exec(CountedCompleter.java:731)
	at java.util.concurrent.ForkJoinTask.doExec(ForkJoinTask.java:289)
	at java.util.concurrent.ForkJoinTask.doInvoke(ForkJoinTask.java:401)
	at java.util.concurrent.ForkJoinTask.invoke(ForkJoinTask.java:734)
	at java.util.stream.ForEachOps$ForEachOp.evaluateParallel(ForEachOps.java:160)
	at java.util.stream.ForEachOps$ForEachOp$OfRef.evaluateParallel(ForEachOps.java:174)
	at java.util.stream.AbstractPipeline.evaluate(AbstractPipeline.java:233)
	at java.util.stream.ReferencePipeline.forEach(ReferencePipeline.java:418)
	at org.apache.ratis.server.impl.RaftServerProxy$ImplMap.close(RaftServerProxy.java:107)
	at org.apache.ratis.server.impl.RaftServerProxy.lambda$close$4(RaftServerProxy.java:315)
	at org.apache.ratis.util.LifeCycle.lambda$checkStateAndClose$2(LifeCycle.java:231)
	at org.apache.ratis.util.LifeCycle.checkStateAndClose(LifeCycle.java:251)
	at org.apache.ratis.util.LifeCycle.checkStateAndClose(LifeCycle.java:229)
	at org.apache.ratis.server.impl.RaftServerProxy.close(RaftServerProxy.java:313)
	at org.apache.hadoop.ozone.container.common.transport.server.ratis.XceiverServerRatis.stop(XceiverServerRatis.java:441)
	at org.apache.hadoop.ozone.container.ozoneimpl.OzoneContainer.stop(OzoneContainer.java:233)
	at org.apache.hadoop.ozone.container.common.statemachine.DatanodeStateMachine.close(DatanodeStateMachine.java:270)
	at org.apache.hadoop.ozone.container.common.statemachine.DatanodeStateMachine.stopDaemon(DatanodeStateMachine.java:394)
	at org.apache.hadoop.ozone.HddsDatanodeService.stop(HddsDatanodeService.java:457)
	at org.apache.hadoop.ozone.MiniOzoneClusterImpl.stopDatanode(MiniOzoneClusterImpl.java:385)
	at java.util.stream.ForEachOps$ForEachOp$OfRef.accept(ForEachOps.java:184)
	at java.util.ArrayList$ArrayListSpliterator.forEachRemaining(ArrayList.java:1382)
	at java.util.stream.AbstractPipeline.copyInto(AbstractPipeline.java:482)
	at java.util.stream.ForEachOps$ForEachTask.compute(ForEachOps.java:291)
	at java.util.concurrent.CountedCompleter.exec(CountedCompleter.java:731)
	at java.util.concurrent.ForkJoinTask.doExec(ForkJoinTask.java:289)
	at java.util.concurrent.ForkJoinPool$WorkQueue.runTask(ForkJoinPool.java:1056)
	at java.util.concurrent.ForkJoinPool.runWorker(ForkJoinPool.java:1692)
	at java.util.concurrent.ForkJoinWorkerThread.run(ForkJoinWorkerThread.java:157)
2019-09-25 05:32:43,525 [7d339ff4-0353-45b5-a855-49faf6b9a877@group-19CC27109C97:LeaderElection282] INFO  impl.LeaderElection (LogUtils.java:infoOrTrace(149)) - Failed 7d339ff4-0353-45b5-a855-49faf6b9a877@group-19CC27109C97:LeaderElection282, state=CLOSING: {}
java.lang.IllegalArgumentException: 7d339ff4-0353-45b5-a855-49faf6b9a877@group-19CC27109C97-SegmentedRaftLog is expected to be opened but it is CLOSED
	at org.apache.ratis.util.OpenCloseState.assertOpen(OpenCloseState.java:63)
	at org.apache.ratis.server.raftlog.RaftLog.checkLogState(RaftLog.java:102)
	at org.apache.ratis.server.raftlog.segmented.SegmentedRaftLog.getLastEntryTermIndex(SegmentedRaftLog.java:324)
	at org.apache.ratis.server.impl.LeaderElection.askForVotes(LeaderElection.java:184)
	at org.apache.ratis.server.impl.LeaderElection.run(LeaderElection.java:133)
	at java.lang.Thread.run(Thread.java:748)
Caused by: org.apache.ratis.util.OpenCloseState$CloseTrace: Close 7d339ff4-0353-45b5-a855-49faf6b9a877@group-19CC27109C97-SegmentedRaftLog
	at org.apache.ratis.util.OpenCloseState.lambda$close$1(OpenCloseState.java:109)
	at java.util.concurrent.atomic.AtomicReference.getAndUpdate(AtomicReference.java:160)
	at org.apache.ratis.util.OpenCloseState.close(OpenCloseState.java:109)
	at org.apache.ratis.server.raftlog.RaftLog.close(RaftLog.java:437)
	at org.apache.ratis.server.raftlog.segmented.SegmentedRaftLog.close(SegmentedRaftLog.java:476)
	at org.apache.ratis.server.impl.ServerState.close(ServerState.java:387)
	at org.apache.ratis.server.impl.RaftServerImpl.lambda$shutdown$3(RaftServerImpl.java:273)
	at org.apache.ratis.util.LifeCycle.lambda$checkStateAndClose$2(LifeCycle.java:231)
	at org.apache.ratis.util.LifeCycle.checkStateAndClose(LifeCycle.java:251)
	at org.apache.ratis.util.LifeCycle.checkStateAndClose(LifeCycle.java:229)
	at org.apache.ratis.server.impl.RaftServerImpl.shutdown(RaftServerImpl.java:250)
	at org.apache.ratis.server.impl.RaftServerProxy$ImplMap.lambda$close$0(RaftServerProxy.java:107)
	at java.util.stream.ForEachOps$ForEachOp$OfRef.accept(ForEachOps.java:184)
	at java.util.stream.ReferencePipeline$3$1.accept(ReferencePipeline.java:193)
	at java.util.concurrent.ConcurrentHashMap$ValueSpliterator.forEachRemaining(ConcurrentHashMap.java:3566)
	at java.util.stream.AbstractPipeline.copyInto(AbstractPipeline.java:482)
	at java.util.stream.ForEachOps$ForEachTask.compute(ForEachOps.java:291)
	at java.util.concurrent.CountedCompleter.exec(CountedCompleter.java:731)
	at java.util.concurrent.ForkJoinTask.doExec(ForkJoinTask.java:289)
	at java.util.concurrent.ForkJoinPool.helpComplete(ForkJoinPool.java:1870)
	at java.util.concurrent.ForkJoinPool.externalHelpComplete(ForkJoinPool.java:2467)
	at java.util.concurrent.ForkJoinTask.externalAwaitDone(ForkJoinTask.java:324)
	at java.util.concurrent.ForkJoinTask.doInvoke(ForkJoinTask.java:405)
	at java.util.concurrent.ForkJoinTask.invoke(ForkJoinTask.java:734)
	at java.util.stream.ForEachOps$ForEachOp.evaluateParallel(ForEachOps.java:160)
	at java.util.stream.ForEachOps$ForEachOp$OfRef.evaluateParallel(ForEachOps.java:174)
	at java.util.stream.AbstractPipeline.evaluate(AbstractPipeline.java:233)
	at java.util.stream.ReferencePipeline.forEach(ReferencePipeline.java:418)
	at org.apache.ratis.server.impl.RaftServerProxy$ImplMap.close(RaftServerProxy.java:107)
	at org.apache.ratis.server.impl.RaftServerProxy.lambda$close$4(RaftServerProxy.java:315)
	at org.apache.ratis.util.LifeCycle.lambda$checkStateAndClose$2(LifeCycle.java:231)
	at org.apache.ratis.util.LifeCycle.checkStateAndClose(LifeCycle.java:251)
	at org.apache.ratis.util.LifeCycle.checkStateAndClose(LifeCycle.java:229)
	at org.apache.ratis.server.impl.RaftServerProxy.close(RaftServerProxy.java:313)
	at org.apache.hadoop.ozone.container.common.transport.server.ratis.XceiverServerRatis.stop(XceiverServerRatis.java:441)
	at org.apache.hadoop.ozone.container.ozoneimpl.OzoneContainer.stop(OzoneContainer.java:233)
	at org.apache.hadoop.ozone.container.common.statemachine.DatanodeStateMachine.close(DatanodeStateMachine.java:270)
	at org.apache.hadoop.ozone.container.common.statemachine.DatanodeStateMachine.stopDaemon(DatanodeStateMachine.java:394)
	at org.apache.hadoop.ozone.HddsDatanodeService.stop(HddsDatanodeService.java:457)
	at org.apache.hadoop.ozone.MiniOzoneClusterImpl.stopDatanode(MiniOzoneClusterImpl.java:385)
	at java.util.stream.ForEachOps$ForEachOp$OfRef.accept(ForEachOps.java:184)
	at java.util.ArrayList$ArrayListSpliterator.forEachRemaining(ArrayList.java:1382)
	at java.util.stream.AbstractPipeline.copyInto(AbstractPipeline.java:482)
	at java.util.stream.ForEachOps$ForEachTask.compute(ForEachOps.java:291)
	at java.util.concurrent.CountedCompleter.exec(CountedCompleter.java:731)
	at java.util.concurrent.ForkJoinTask.doExec(ForkJoinTask.java:289)
	at java.util.concurrent.ForkJoinTask.doInvoke(ForkJoinTask.java:401)
	at java.util.concurrent.ForkJoinTask.invoke(ForkJoinTask.java:734)
	at java.util.stream.ForEachOps$ForEachOp.evaluateParallel(ForEachOps.java:160)
	at java.util.stream.ForEachOps$ForEachOp$OfRef.evaluateParallel(ForEachOps.java:174)
	at java.util.stream.AbstractPipeline.evaluate(AbstractPipeline.java:233)
	at java.util.stream.ReferencePipeline.forEach(ReferencePipeline.java:418)
	at java.util.stream.ReferencePipeline$Head.forEach(ReferencePipeline.java:583)
	at org.apache.hadoop.ozone.MiniOzoneClusterImpl.stopDatanodes(MiniOzoneClusterImpl.java:379)
	at org.apache.hadoop.ozone.MiniOzoneClusterImpl.stop(MiniOzoneClusterImpl.java:332)
	at org.apache.hadoop.ozone.MiniOzoneClusterImpl.shutdown(MiniOzoneClusterImpl.java:319)
	at org.apache.hadoop.ozone.client.rpc.TestFailureHandlingByClient.shutdown(TestFailureHandlingByClient.java:130)
	at sun.reflect.NativeMethodAccessorImpl.invoke0(Native Method)
	at sun.reflect.NativeMethodAccessorImpl.invoke(NativeMethodAccessorImpl.java:62)
	at sun.reflect.DelegatingMethodAccessorImpl.invoke(DelegatingMethodAccessorImpl.java:43)
	at java.lang.reflect.Method.invoke(Method.java:498)
	at org.junit.runners.model.FrameworkMethod$1.runReflectiveCall(FrameworkMethod.java:47)
	at org.junit.internal.runners.model.ReflectiveCallable.run(ReflectiveCallable.java:12)
	at org.junit.runners.model.FrameworkMethod.invokeExplosively(FrameworkMethod.java:44)
	at org.junit.internal.runners.statements.RunAfters.evaluate(RunAfters.java:33)
	at org.junit.runners.ParentRunner.runLeaf(ParentRunner.java:271)
	at org.junit.runners.BlockJUnit4ClassRunner.runChild(BlockJUnit4ClassRunner.java:70)
	at org.junit.runners.BlockJUnit4ClassRunner.runChild(BlockJUnit4ClassRunner.java:50)
	at org.junit.runners.ParentRunner$3.run(ParentRunner.java:238)
	at org.junit.runners.ParentRunner$1.schedule(ParentRunner.java:63)
	at org.junit.runners.ParentRunner.runChildren(ParentRunner.java:236)
	at org.junit.runners.ParentRunner.access$000(ParentRunner.java:53)
	at org.junit.runners.ParentRunner$2.evaluate(ParentRunner.java:229)
	at org.junit.runners.ParentRunner.run(ParentRunner.java:309)
	at org.apache.maven.surefire.junit4.JUnit4Provider.execute(JUnit4Provider.java:365)
	at org.apache.maven.surefire.junit4.JUnit4Provider.executeWithRerun(JUnit4Provider.java:273)
	at org.apache.maven.surefire.junit4.JUnit4Provider.executeTestSet(JUnit4Provider.java:238)
	at org.apache.maven.surefire.junit4.JUnit4Provider.invoke(JUnit4Provider.java:159)
	at org.apache.maven.surefire.booter.ForkedBooter.invokeProviderInSameClassLoader(ForkedBooter.java:384)
	at org.apache.maven.surefire.booter.ForkedBooter.runSuitesInProcess(ForkedBooter.java:345)
	at org.apache.maven.surefire.booter.ForkedBooter.execute(ForkedBooter.java:126)
	at org.apache.maven.surefire.booter.ForkedBooter.main(ForkedBooter.java:418)
2019-09-25 05:32:43,525 [7d339ff4-0353-45b5-a855-49faf6b9a877@group-FABB21EF17C7:LeaderElection281] INFO  impl.LeaderElection (LogUtils.java:infoOrTrace(149)) - Failed 7d339ff4-0353-45b5-a855-49faf6b9a877@group-FABB21EF17C7:LeaderElection281, state=CLOSING: {}
java.lang.IllegalArgumentException: 7d339ff4-0353-45b5-a855-49faf6b9a877@group-FABB21EF17C7-SegmentedRaftLog is expected to be opened but it is CLOSED
	at org.apache.ratis.util.OpenCloseState.assertOpen(OpenCloseState.java:63)
	at org.apache.ratis.server.raftlog.RaftLog.checkLogState(RaftLog.java:102)
	at org.apache.ratis.server.raftlog.segmented.SegmentedRaftLog.getLastEntryTermIndex(SegmentedRaftLog.java:324)
	at org.apache.ratis.server.impl.LeaderElection.askForVotes(LeaderElection.java:184)
	at org.apache.ratis.server.impl.LeaderElection.run(LeaderElection.java:133)
	at java.lang.Thread.run(Thread.java:748)
Caused by: org.apache.ratis.util.OpenCloseState$CloseTrace: Close 7d339ff4-0353-45b5-a855-49faf6b9a877@group-FABB21EF17C7-SegmentedRaftLog
	at org.apache.ratis.util.OpenCloseState.lambda$close$1(OpenCloseState.java:109)
	at java.util.concurrent.atomic.AtomicReference.getAndUpdate(AtomicReference.java:160)
	at org.apache.ratis.util.OpenCloseState.close(OpenCloseState.java:109)
	at org.apache.ratis.server.raftlog.RaftLog.close(RaftLog.java:437)
	at org.apache.ratis.server.raftlog.segmented.SegmentedRaftLog.close(SegmentedRaftLog.java:476)
	at org.apache.ratis.server.impl.ServerState.close(ServerState.java:387)
	at org.apache.ratis.server.impl.RaftServerImpl.lambda$shutdown$3(RaftServerImpl.java:273)
	at org.apache.ratis.util.LifeCycle.lambda$checkStateAndClose$2(LifeCycle.java:231)
	at org.apache.ratis.util.LifeCycle.checkStateAndClose(LifeCycle.java:251)
	at org.apache.ratis.util.LifeCycle.checkStateAndClose(LifeCycle.java:229)
	at org.apache.ratis.server.impl.RaftServerImpl.shutdown(RaftServerImpl.java:250)
	at org.apache.ratis.server.impl.RaftServerProxy$ImplMap.lambda$close$0(RaftServerProxy.java:107)
	at java.util.stream.ForEachOps$ForEachOp$OfRef.accept(ForEachOps.java:184)
	at java.util.stream.ReferencePipeline$3$1.accept(ReferencePipeline.java:193)
	at java.util.concurrent.ConcurrentHashMap$ValueSpliterator.forEachRemaining(ConcurrentHashMap.java:3566)
	at java.util.stream.AbstractPipeline.copyInto(AbstractPipeline.java:482)
	at java.util.stream.ForEachOps$ForEachTask.compute(ForEachOps.java:291)
	at java.util.concurrent.CountedCompleter.exec(CountedCompleter.java:731)
	at java.util.concurrent.ForkJoinTask.doExec(ForkJoinTask.java:289)
	at java.util.concurrent.ForkJoinTask.doInvoke(ForkJoinTask.java:401)
	at java.util.concurrent.ForkJoinTask.invoke(ForkJoinTask.java:734)
	at java.util.stream.ForEachOps$ForEachOp.evaluateParallel(ForEachOps.java:160)
	at java.util.stream.ForEachOps$ForEachOp$OfRef.evaluateParallel(ForEachOps.java:174)
	at java.util.stream.AbstractPipeline.evaluate(AbstractPipeline.java:233)
	at java.util.stream.ReferencePipeline.forEach(ReferencePipeline.java:418)
	at org.apache.ratis.server.impl.RaftServerProxy$ImplMap.close(RaftServerProxy.java:107)
	at org.apache.ratis.server.impl.RaftServerProxy.lambda$close$4(RaftServerProxy.java:315)
	at org.apache.ratis.util.LifeCycle.lambda$checkStateAndClose$2(LifeCycle.java:231)
	at org.apache.ratis.util.LifeCycle.checkStateAndClose(LifeCycle.java:251)
	at org.apache.ratis.util.LifeCycle.checkStateAndClose(LifeCycle.java:229)
	at org.apache.ratis.server.impl.RaftServerProxy.close(RaftServerProxy.java:313)
	at org.apache.hadoop.ozone.container.common.transport.server.ratis.XceiverServerRatis.stop(XceiverServerRatis.java:441)
	at org.apache.hadoop.ozone.container.ozoneimpl.OzoneContainer.stop(OzoneContainer.java:233)
	at org.apache.hadoop.ozone.container.common.statemachine.DatanodeStateMachine.close(DatanodeStateMachine.java:270)
	at org.apache.hadoop.ozone.container.common.statemachine.DatanodeStateMachine.stopDaemon(DatanodeStateMachine.java:394)
	at org.apache.hadoop.ozone.HddsDatanodeService.stop(HddsDatanodeService.java:457)
	at org.apache.hadoop.ozone.MiniOzoneClusterImpl.stopDatanode(MiniOzoneClusterImpl.java:385)
	at java.util.stream.ForEachOps$ForEachOp$OfRef.accept(ForEachOps.java:184)
	at java.util.ArrayList$ArrayListSpliterator.forEachRemaining(ArrayList.java:1382)
	at java.util.stream.AbstractPipeline.copyInto(AbstractPipeline.java:482)
	at java.util.stream.ForEachOps$ForEachTask.compute(ForEachOps.java:291)
	at java.util.concurrent.CountedCompleter.exec(CountedCompleter.java:731)
	at java.util.concurrent.ForkJoinTask.doExec(ForkJoinTask.java:289)
	at java.util.concurrent.ForkJoinTask.doInvoke(ForkJoinTask.java:401)
	at java.util.concurrent.ForkJoinTask.invoke(ForkJoinTask.java:734)
	at java.util.stream.ForEachOps$ForEachOp.evaluateParallel(ForEachOps.java:160)
	at java.util.stream.ForEachOps$ForEachOp$OfRef.evaluateParallel(ForEachOps.java:174)
	at java.util.stream.AbstractPipeline.evaluate(AbstractPipeline.java:233)
	at java.util.stream.ReferencePipeline.forEach(ReferencePipeline.java:418)
	at java.util.stream.ReferencePipeline$Head.forEach(ReferencePipeline.java:583)
	at org.apache.hadoop.ozone.MiniOzoneClusterImpl.stopDatanodes(MiniOzoneClusterImpl.java:379)
	at org.apache.hadoop.ozone.MiniOzoneClusterImpl.stop(MiniOzoneClusterImpl.java:332)
	at org.apache.hadoop.ozone.MiniOzoneClusterImpl.shutdown(MiniOzoneClusterImpl.java:319)
	at org.apache.hadoop.ozone.client.rpc.TestFailureHandlingByClient.shutdown(TestFailureHandlingByClient.java:130)
	at sun.reflect.NativeMethodAccessorImpl.invoke0(Native Method)
	at sun.reflect.NativeMethodAccessorImpl.invoke(NativeMethodAccessorImpl.java:62)
	at sun.reflect.DelegatingMethodAccessorImpl.invoke(DelegatingMethodAccessorImpl.java:43)
	at java.lang.reflect.Method.invoke(Method.java:498)
	at org.junit.runners.model.FrameworkMethod$1.runReflectiveCall(FrameworkMethod.java:47)
	at org.junit.internal.runners.model.ReflectiveCallable.run(ReflectiveCallable.java:12)
	at org.junit.runners.model.FrameworkMethod.invokeExplosively(FrameworkMethod.java:44)
	at org.junit.internal.runners.statements.RunAfters.evaluate(RunAfters.java:33)
	at org.junit.runners.ParentRunner.runLeaf(ParentRunner.java:271)
	at org.junit.runners.BlockJUnit4ClassRunner.runChild(BlockJUnit4ClassRunner.java:70)
	at org.junit.runners.BlockJUnit4ClassRunner.runChild(BlockJUnit4ClassRunner.java:50)
	at org.junit.runners.ParentRunner$3.run(ParentRunner.java:238)
	at org.junit.runners.ParentRunner$1.schedule(ParentRunner.java:63)
	at org.junit.runners.ParentRunner.runChildren(ParentRunner.java:236)
	at org.junit.runners.ParentRunner.access$000(ParentRunner.java:53)
	at org.junit.runners.ParentRunner$2.evaluate(ParentRunner.java:229)
	at org.junit.runners.ParentRunner.run(ParentRunner.java:309)
	at org.apache.maven.surefire.junit4.JUnit4Provider.execute(JUnit4Provider.java:365)
	at org.apache.maven.surefire.junit4.JUnit4Provider.executeWithRerun(JUnit4Provider.java:273)
	at org.apache.maven.surefire.junit4.JUnit4Provider.executeTestSet(JUnit4Provider.java:238)
	at org.apache.maven.surefire.junit4.JUnit4Provider.invoke(JUnit4Provider.java:159)
	at org.apache.maven.surefire.booter.ForkedBooter.invokeProviderInSameClassLoader(ForkedBooter.java:384)
	at org.apache.maven.surefire.booter.ForkedBooter.runSuitesInProcess(ForkedBooter.java:345)
	at org.apache.maven.surefire.booter.ForkedBooter.execute(ForkedBooter.java:126)
	at org.apache.maven.surefire.booter.ForkedBooter.main(ForkedBooter.java:418)
2019-09-25 05:32:43,539 [7d339ff4-0353-45b5-a855-49faf6b9a877@group-FABB21EF17C7:LeaderElection281] INFO  impl.LeaderElection (LeaderElection.java:run(140)) - 7d339ff4-0353-45b5-a855-49faf6b9a877@group-FABB21EF17C7:LeaderElection281: IllegalArgumentException is safely ignored since this is already CLOSING
2019-09-25 05:32:43,525 [7d339ff4-0353-45b5-a855-49faf6b9a877@group-8EE3C38B4941:LeaderElection280] INFO  impl.LeaderElection (LeaderElection.java:run(140)) - 7d339ff4-0353-45b5-a855-49faf6b9a877@group-8EE3C38B4941:LeaderElection280: IllegalArgumentException is safely ignored since this is already CLOSING
2019-09-25 05:32:43,538 [74c765d4-ecbc-4161-b0d3-3f71a54c17e6@group-37D53FCFBDA2:LeaderElection287] INFO  impl.LeaderElection (LogUtils.java:infoOrTrace(149)) - 74c765d4-ecbc-4161-b0d3-3f71a54c17e6@group-37D53FCFBDA2:LeaderElection287 got exception when requesting votes: {}
java.util.concurrent.ExecutionException: org.apache.ratis.thirdparty.io.grpc.StatusRuntimeException: UNAVAILABLE: io exception
	at java.util.concurrent.FutureTask.report(FutureTask.java:122)
	at java.util.concurrent.FutureTask.get(FutureTask.java:192)
	at org.apache.ratis.server.impl.LeaderElection.waitForResults(LeaderElection.java:263)
	at org.apache.ratis.server.impl.LeaderElection.askForVotes(LeaderElection.java:201)
	at org.apache.ratis.server.impl.LeaderElection.run(LeaderElection.java:133)
	at java.lang.Thread.run(Thread.java:748)
Caused by: org.apache.ratis.thirdparty.io.grpc.StatusRuntimeException: UNAVAILABLE: io exception
	at org.apache.ratis.thirdparty.io.grpc.stub.ClientCalls.toStatusRuntimeException(ClientCalls.java:233)
	at org.apache.ratis.thirdparty.io.grpc.stub.ClientCalls.getUnchecked(ClientCalls.java:214)
	at org.apache.ratis.thirdparty.io.grpc.stub.ClientCalls.blockingUnaryCall(ClientCalls.java:139)
	at org.apache.ratis.proto.grpc.RaftServerProtocolServiceGrpc$RaftServerProtocolServiceBlockingStub.requestVote(RaftServerProtocolServiceGrpc.java:265)
	at org.apache.ratis.grpc.server.GrpcServerProtocolClient.requestVote(GrpcServerProtocolClient.java:90)
	at org.apache.ratis.grpc.server.GrpcService.requestVote(GrpcService.java:204)
	at org.apache.ratis.server.impl.LeaderElection.lambda$submitRequests$1(LeaderElection.java:238)
	at java.util.concurrent.FutureTask.run(FutureTask.java:266)
	at java.util.concurrent.Executors$RunnableAdapter.call(Executors.java:511)
	at java.util.concurrent.FutureTask.run(FutureTask.java:266)
	at java.util.concurrent.ThreadPoolExecutor.runWorker(ThreadPoolExecutor.java:1149)
	at java.util.concurrent.ThreadPoolExecutor$Worker.run(ThreadPoolExecutor.java:624)
	... 1 more
Caused by: org.apache.ratis.thirdparty.io.netty.channel.AbstractChannel$AnnotatedConnectException: Connection refused: /192.168.36.126:35863
	at sun.nio.ch.SocketChannelImpl.checkConnect(Native Method)
	at sun.nio.ch.SocketChannelImpl.finishConnect(SocketChannelImpl.java:717)
	at org.apache.ratis.thirdparty.io.netty.channel.socket.nio.NioSocketChannel.doFinishConnect(NioSocketChannel.java:327)
	at org.apache.ratis.thirdparty.io.netty.channel.nio.AbstractNioChannel$AbstractNioUnsafe.finishConnect(AbstractNioChannel.java:340)
	at org.apache.ratis.thirdparty.io.netty.channel.nio.NioEventLoop.processSelectedKey(NioEventLoop.java:632)
	at org.apache.ratis.thirdparty.io.netty.channel.nio.NioEventLoop.processSelectedKeysOptimized(NioEventLoop.java:579)
	at org.apache.ratis.thirdparty.io.netty.channel.nio.NioEventLoop.processSelectedKeys(NioEventLoop.java:496)
	at org.apache.ratis.thirdparty.io.netty.channel.nio.NioEventLoop.run(NioEventLoop.java:458)
	at org.apache.ratis.thirdparty.io.netty.util.concurrent.SingleThreadEventExecutor$5.run(SingleThreadEventExecutor.java:897)
	at org.apache.ratis.thirdparty.io.netty.util.concurrent.FastThreadLocalRunnable.run(FastThreadLocalRunnable.java:30)
	... 1 more
Caused by: java.net.ConnectException: Connection refused
	... 11 more
2019-09-25 05:32:43,536 [7d339ff4-0353-45b5-a855-49faf6b9a877@group-19CC27109C97:LeaderElection282] INFO  impl.LeaderElection (LeaderElection.java:run(140)) - 7d339ff4-0353-45b5-a855-49faf6b9a877@group-19CC27109C97:LeaderElection282: IllegalArgumentException is safely ignored since this is already CLOSING
2019-09-25 05:32:43,536 [07d2a3d4-a08d-4ff2-9fee-7694a26bc9e9@group-FABB21EF17C7:LeaderElection288] INFO  impl.LeaderElection (LogUtils.java:infoOrTrace(149)) - 07d2a3d4-a08d-4ff2-9fee-7694a26bc9e9@group-FABB21EF17C7:LeaderElection288 got exception when requesting votes: {}
java.util.concurrent.ExecutionException: org.apache.ratis.thirdparty.io.grpc.StatusRuntimeException: UNAVAILABLE: io exception
	at java.util.concurrent.FutureTask.report(FutureTask.java:122)
	at java.util.concurrent.FutureTask.get(FutureTask.java:192)
	at org.apache.ratis.server.impl.LeaderElection.waitForResults(LeaderElection.java:263)
	at org.apache.ratis.server.impl.LeaderElection.askForVotes(LeaderElection.java:201)
	at org.apache.ratis.server.impl.LeaderElection.run(LeaderElection.java:133)
	at java.lang.Thread.run(Thread.java:748)
Caused by: org.apache.ratis.thirdparty.io.grpc.StatusRuntimeException: UNAVAILABLE: io exception
	at org.apache.ratis.thirdparty.io.grpc.stub.ClientCalls.toStatusRuntimeException(ClientCalls.java:233)
	at org.apache.ratis.thirdparty.io.grpc.stub.ClientCalls.getUnchecked(ClientCalls.java:214)
	at org.apache.ratis.thirdparty.io.grpc.stub.ClientCalls.blockingUnaryCall(ClientCalls.java:139)
	at org.apache.ratis.proto.grpc.RaftServerProtocolServiceGrpc$RaftServerProtocolServiceBlockingStub.requestVote(RaftServerProtocolServiceGrpc.java:265)
	at org.apache.ratis.grpc.server.GrpcServerProtocolClient.requestVote(GrpcServerProtocolClient.java:90)
	at org.apache.ratis.grpc.server.GrpcService.requestVote(GrpcService.java:204)
	at org.apache.ratis.server.impl.LeaderElection.lambda$submitRequests$1(LeaderElection.java:238)
	at java.util.concurrent.FutureTask.run(FutureTask.java:266)
	at java.util.concurrent.Executors$RunnableAdapter.call(Executors.java:511)
	at java.util.concurrent.FutureTask.run(FutureTask.java:266)
	at java.util.concurrent.ThreadPoolExecutor.runWorker(ThreadPoolExecutor.java:1149)
	at java.util.concurrent.ThreadPoolExecutor$Worker.run(ThreadPoolExecutor.java:624)
	... 1 more
Caused by: org.apache.ratis.thirdparty.io.netty.channel.AbstractChannel$AnnotatedConnectException: Connection refused: /192.168.36.126:33810
	at sun.nio.ch.SocketChannelImpl.checkConnect(Native Method)
	at sun.nio.ch.SocketChannelImpl.finishConnect(SocketChannelImpl.java:717)
	at org.apache.ratis.thirdparty.io.netty.channel.socket.nio.NioSocketChannel.doFinishConnect(NioSocketChannel.java:327)
	at org.apache.ratis.thirdparty.io.netty.channel.nio.AbstractNioChannel$AbstractNioUnsafe.finishConnect(AbstractNioChannel.java:340)
	at org.apache.ratis.thirdparty.io.netty.channel.nio.NioEventLoop.processSelectedKey(NioEventLoop.java:632)
	at org.apache.ratis.thirdparty.io.netty.channel.nio.NioEventLoop.processSelectedKeysOptimized(NioEventLoop.java:579)
	at org.apache.ratis.thirdparty.io.netty.channel.nio.NioEventLoop.processSelectedKeys(NioEventLoop.java:496)
	at org.apache.ratis.thirdparty.io.netty.channel.nio.NioEventLoop.run(NioEventLoop.java:458)
	at org.apache.ratis.thirdparty.io.netty.util.concurrent.SingleThreadEventExecutor$5.run(SingleThreadEventExecutor.java:897)
	at org.apache.ratis.thirdparty.io.netty.util.concurrent.FastThreadLocalRunnable.run(FastThreadLocalRunnable.java:30)
	... 1 more
Caused by: java.net.ConnectException: Connection refused
	... 11 more
2019-09-25 05:32:43,536 [07d2a3d4-a08d-4ff2-9fee-7694a26bc9e9@group-19CC27109C97:LeaderElection283] INFO  impl.LeaderElection (LogUtils.java:infoOrTrace(149)) - 07d2a3d4-a08d-4ff2-9fee-7694a26bc9e9@group-19CC27109C97:LeaderElection283 got exception when requesting votes: {}
java.util.concurrent.ExecutionException: org.apache.ratis.thirdparty.io.grpc.StatusRuntimeException: UNAVAILABLE: io exception
	at java.util.concurrent.FutureTask.report(FutureTask.java:122)
	at java.util.concurrent.FutureTask.get(FutureTask.java:192)
	at org.apache.ratis.server.impl.LeaderElection.waitForResults(LeaderElection.java:263)
	at org.apache.ratis.server.impl.LeaderElection.askForVotes(LeaderElection.java:201)
	at org.apache.ratis.server.impl.LeaderElection.run(LeaderElection.java:133)
	at java.lang.Thread.run(Thread.java:748)
Caused by: org.apache.ratis.thirdparty.io.grpc.StatusRuntimeException: UNAVAILABLE: io exception
	at org.apache.ratis.thirdparty.io.grpc.stub.ClientCalls.toStatusRuntimeException(ClientCalls.java:233)
	at org.apache.ratis.thirdparty.io.grpc.stub.ClientCalls.getUnchecked(ClientCalls.java:214)
	at org.apache.ratis.thirdparty.io.grpc.stub.ClientCalls.blockingUnaryCall(ClientCalls.java:139)
	at org.apache.ratis.proto.grpc.RaftServerProtocolServiceGrpc$RaftServerProtocolServiceBlockingStub.requestVote(RaftServerProtocolServiceGrpc.java:265)
	at org.apache.ratis.grpc.server.GrpcServerProtocolClient.requestVote(GrpcServerProtocolClient.java:90)
	at org.apache.ratis.grpc.server.GrpcService.requestVote(GrpcService.java:204)
	at org.apache.ratis.server.impl.LeaderElection.lambda$submitRequests$1(LeaderElection.java:238)
	at java.util.concurrent.FutureTask.run(FutureTask.java:266)
	at java.util.concurrent.Executors$RunnableAdapter.call(Executors.java:511)
	at java.util.concurrent.FutureTask.run(FutureTask.java:266)
	at java.util.concurrent.ThreadPoolExecutor.runWorker(ThreadPoolExecutor.java:1149)
	at java.util.concurrent.ThreadPoolExecutor$Worker.run(ThreadPoolExecutor.java:624)
	... 1 more
Caused by: org.apache.ratis.thirdparty.io.netty.channel.AbstractChannel$AnnotatedConnectException: Connection refused: /192.168.36.126:33810
	at sun.nio.ch.SocketChannelImpl.checkConnect(Native Method)
	at sun.nio.ch.SocketChannelImpl.finishConnect(SocketChannelImpl.java:717)
	at org.apache.ratis.thirdparty.io.netty.channel.socket.nio.NioSocketChannel.doFinishConnect(NioSocketChannel.java:327)
	at org.apache.ratis.thirdparty.io.netty.channel.nio.AbstractNioChannel$AbstractNioUnsafe.finishConnect(AbstractNioChannel.java:340)
	at org.apache.ratis.thirdparty.io.netty.channel.nio.NioEventLoop.processSelectedKey(NioEventLoop.java:632)
	at org.apache.ratis.thirdparty.io.netty.channel.nio.NioEventLoop.processSelectedKeysOptimized(NioEventLoop.java:579)
	at org.apache.ratis.thirdparty.io.netty.channel.nio.NioEventLoop.processSelectedKeys(NioEventLoop.java:496)
	at org.apache.ratis.thirdparty.io.netty.channel.nio.NioEventLoop.run(NioEventLoop.java:458)
	at org.apache.ratis.thirdparty.io.netty.util.concurrent.SingleThreadEventExecutor$5.run(SingleThreadEventExecutor.java:897)
	at org.apache.ratis.thirdparty.io.netty.util.concurrent.FastThreadLocalRunnable.run(FastThreadLocalRunnable.java:30)
	... 1 more
Caused by: java.net.ConnectException: Connection refused
	... 11 more
2019-09-25 05:32:43,534 [07d2a3d4-a08d-4ff2-9fee-7694a26bc9e9@group-8EE3C38B4941:LeaderElection277] INFO  impl.LeaderElection (LogUtils.java:infoOrTrace(149)) - 07d2a3d4-a08d-4ff2-9fee-7694a26bc9e9@group-8EE3C38B4941:LeaderElection277 got exception when requesting votes: {}
java.util.concurrent.ExecutionException: org.apache.ratis.thirdparty.io.grpc.StatusRuntimeException: UNAVAILABLE: io exception
	at java.util.concurrent.FutureTask.report(FutureTask.java:122)
	at java.util.concurrent.FutureTask.get(FutureTask.java:192)
	at org.apache.ratis.server.impl.LeaderElection.waitForResults(LeaderElection.java:263)
	at org.apache.ratis.server.impl.LeaderElection.askForVotes(LeaderElection.java:201)
	at org.apache.ratis.server.impl.LeaderElection.run(LeaderElection.java:133)
	at java.lang.Thread.run(Thread.java:748)
Caused by: org.apache.ratis.thirdparty.io.grpc.StatusRuntimeException: UNAVAILABLE: io exception
	at org.apache.ratis.thirdparty.io.grpc.stub.ClientCalls.toStatusRuntimeException(ClientCalls.java:233)
	at org.apache.ratis.thirdparty.io.grpc.stub.ClientCalls.getUnchecked(ClientCalls.java:214)
	at org.apache.ratis.thirdparty.io.grpc.stub.ClientCalls.blockingUnaryCall(ClientCalls.java:139)
	at org.apache.ratis.proto.grpc.RaftServerProtocolServiceGrpc$RaftServerProtocolServiceBlockingStub.requestVote(RaftServerProtocolServiceGrpc.java:265)
	at org.apache.ratis.grpc.server.GrpcServerProtocolClient.requestVote(GrpcServerProtocolClient.java:90)
	at org.apache.ratis.grpc.server.GrpcService.requestVote(GrpcService.java:204)
	at org.apache.ratis.server.impl.LeaderElection.lambda$submitRequests$1(LeaderElection.java:238)
	at java.util.concurrent.FutureTask.run(FutureTask.java:266)
	at java.util.concurrent.Executors$RunnableAdapter.call(Executors.java:511)
	at java.util.concurrent.FutureTask.run(FutureTask.java:266)
	at java.util.concurrent.ThreadPoolExecutor.runWorker(ThreadPoolExecutor.java:1149)
	at java.util.concurrent.ThreadPoolExecutor$Worker.run(ThreadPoolExecutor.java:624)
	... 1 more
Caused by: org.apache.ratis.thirdparty.io.netty.channel.AbstractChannel$AnnotatedConnectException: Connection refused: /192.168.36.126:33810
	at sun.nio.ch.SocketChannelImpl.checkConnect(Native Method)
	at sun.nio.ch.SocketChannelImpl.finishConnect(SocketChannelImpl.java:717)
	at org.apache.ratis.thirdparty.io.netty.channel.socket.nio.NioSocketChannel.doFinishConnect(NioSocketChannel.java:327)
	at org.apache.ratis.thirdparty.io.netty.channel.nio.AbstractNioChannel$AbstractNioUnsafe.finishConnect(AbstractNioChannel.java:340)
	at org.apache.ratis.thirdparty.io.netty.channel.nio.NioEventLoop.processSelectedKey(NioEventLoop.java:632)
	at org.apache.ratis.thirdparty.io.netty.channel.nio.NioEventLoop.processSelectedKeysOptimized(NioEventLoop.java:579)
	at org.apache.ratis.thirdparty.io.netty.channel.nio.NioEventLoop.processSelectedKeys(NioEventLoop.java:496)
	at org.apache.ratis.thirdparty.io.netty.channel.nio.NioEventLoop.run(NioEventLoop.java:458)
	at org.apache.ratis.thirdparty.io.netty.util.concurrent.SingleThreadEventExecutor$5.run(SingleThreadEventExecutor.java:897)
	at org.apache.ratis.thirdparty.io.netty.util.concurrent.FastThreadLocalRunnable.run(FastThreadLocalRunnable.java:30)
	... 1 more
Caused by: java.net.ConnectException: Connection refused
	... 11 more
2019-09-25 05:32:43,531 [718f5985-af6b-46f0-b376-36c68e33e3c2@group-FABB21EF17C7:LeaderElection284] INFO  impl.LeaderElection (LogUtils.java:infoOrTrace(149)) - 718f5985-af6b-46f0-b376-36c68e33e3c2@group-FABB21EF17C7:LeaderElection284 got exception when requesting votes: {}
java.util.concurrent.ExecutionException: org.apache.ratis.thirdparty.io.grpc.StatusRuntimeException: UNAVAILABLE: io exception
	at java.util.concurrent.FutureTask.report(FutureTask.java:122)
	at java.util.concurrent.FutureTask.get(FutureTask.java:192)
	at org.apache.ratis.server.impl.LeaderElection.waitForResults(LeaderElection.java:263)
	at org.apache.ratis.server.impl.LeaderElection.askForVotes(LeaderElection.java:201)
	at org.apache.ratis.server.impl.LeaderElection.run(LeaderElection.java:133)
	at java.lang.Thread.run(Thread.java:748)
Caused by: org.apache.ratis.thirdparty.io.grpc.StatusRuntimeException: UNAVAILABLE: io exception
	at org.apache.ratis.thirdparty.io.grpc.stub.ClientCalls.toStatusRuntimeException(ClientCalls.java:233)
	at org.apache.ratis.thirdparty.io.grpc.stub.ClientCalls.getUnchecked(ClientCalls.java:214)
	at org.apache.ratis.thirdparty.io.grpc.stub.ClientCalls.blockingUnaryCall(ClientCalls.java:139)
	at org.apache.ratis.proto.grpc.RaftServerProtocolServiceGrpc$RaftServerProtocolServiceBlockingStub.requestVote(RaftServerProtocolServiceGrpc.java:265)
	at org.apache.ratis.grpc.server.GrpcServerProtocolClient.requestVote(GrpcServerProtocolClient.java:90)
	at org.apache.ratis.grpc.server.GrpcService.requestVote(GrpcService.java:204)
	at org.apache.ratis.server.impl.LeaderElection.lambda$submitRequests$1(LeaderElection.java:238)
	at java.util.concurrent.FutureTask.run(FutureTask.java:266)
	at java.util.concurrent.Executors$RunnableAdapter.call(Executors.java:511)
	at java.util.concurrent.FutureTask.run(FutureTask.java:266)
	at java.util.concurrent.ThreadPoolExecutor.runWorker(ThreadPoolExecutor.java:1149)
	at java.util.concurrent.ThreadPoolExecutor$Worker.run(ThreadPoolExecutor.java:624)
	... 1 more
Caused by: org.apache.ratis.thirdparty.io.netty.channel.AbstractChannel$AnnotatedConnectException: Connection refused: /192.168.36.126:33810
	at sun.nio.ch.SocketChannelImpl.checkConnect(Native Method)
	at sun.nio.ch.SocketChannelImpl.finishConnect(SocketChannelImpl.java:717)
	at org.apache.ratis.thirdparty.io.netty.channel.socket.nio.NioSocketChannel.doFinishConnect(NioSocketChannel.java:327)
	at org.apache.ratis.thirdparty.io.netty.channel.nio.AbstractNioChannel$AbstractNioUnsafe.finishConnect(AbstractNioChannel.java:340)
	at org.apache.ratis.thirdparty.io.netty.channel.nio.NioEventLoop.processSelectedKey(NioEventLoop.java:632)
	at org.apache.ratis.thirdparty.io.netty.channel.nio.NioEventLoop.processSelectedKeysOptimized(NioEventLoop.java:579)
	at org.apache.ratis.thirdparty.io.netty.channel.nio.NioEventLoop.processSelectedKeys(NioEventLoop.java:496)
	at org.apache.ratis.thirdparty.io.netty.channel.nio.NioEventLoop.run(NioEventLoop.java:458)
	at org.apache.ratis.thirdparty.io.netty.util.concurrent.SingleThreadEventExecutor$5.run(SingleThreadEventExecutor.java:897)
	at org.apache.ratis.thirdparty.io.netty.util.concurrent.FastThreadLocalRunnable.run(FastThreadLocalRunnable.java:30)
	... 1 more
Caused by: java.net.ConnectException: Connection refused
	... 11 more
2019-09-25 05:32:43,531 [718f5985-af6b-46f0-b376-36c68e33e3c2@group-8EE3C38B4941:LeaderElection276] INFO  impl.LeaderElection (LogUtils.java:infoOrTrace(149)) - 718f5985-af6b-46f0-b376-36c68e33e3c2@group-8EE3C38B4941:LeaderElection276 got exception when requesting votes: {}
java.util.concurrent.ExecutionException: org.apache.ratis.thirdparty.io.grpc.StatusRuntimeException: UNAVAILABLE: io exception
	at java.util.concurrent.FutureTask.report(FutureTask.java:122)
	at java.util.concurrent.FutureTask.get(FutureTask.java:192)
	at org.apache.ratis.server.impl.LeaderElection.waitForResults(LeaderElection.java:263)
	at org.apache.ratis.server.impl.LeaderElection.askForVotes(LeaderElection.java:201)
	at org.apache.ratis.server.impl.LeaderElection.run(LeaderElection.java:133)
	at java.lang.Thread.run(Thread.java:748)
Caused by: org.apache.ratis.thirdparty.io.grpc.StatusRuntimeException: UNAVAILABLE: io exception
	at org.apache.ratis.thirdparty.io.grpc.stub.ClientCalls.toStatusRuntimeException(ClientCalls.java:233)
	at org.apache.ratis.thirdparty.io.grpc.stub.ClientCalls.getUnchecked(ClientCalls.java:214)
	at org.apache.ratis.thirdparty.io.grpc.stub.ClientCalls.blockingUnaryCall(ClientCalls.java:139)
	at org.apache.ratis.proto.grpc.RaftServerProtocolServiceGrpc$RaftServerProtocolServiceBlockingStub.requestVote(RaftServerProtocolServiceGrpc.java:265)
	at org.apache.ratis.grpc.server.GrpcServerProtocolClient.requestVote(GrpcServerProtocolClient.java:90)
	at org.apache.ratis.grpc.server.GrpcService.requestVote(GrpcService.java:204)
	at org.apache.ratis.server.impl.LeaderElection.lambda$submitRequests$1(LeaderElection.java:238)
	at java.util.concurrent.FutureTask.run(FutureTask.java:266)
	at java.util.concurrent.Executors$RunnableAdapter.call(Executors.java:511)
	at java.util.concurrent.FutureTask.run(FutureTask.java:266)
	at java.util.concurrent.ThreadPoolExecutor.runWorker(ThreadPoolExecutor.java:1149)
	at java.util.concurrent.ThreadPoolExecutor$Worker.run(ThreadPoolExecutor.java:624)
	... 1 more
Caused by: org.apache.ratis.thirdparty.io.netty.channel.AbstractChannel$AnnotatedConnectException: Connection refused: /192.168.36.126:33810
	at sun.nio.ch.SocketChannelImpl.checkConnect(Native Method)
	at sun.nio.ch.SocketChannelImpl.finishConnect(SocketChannelImpl.java:717)
	at org.apache.ratis.thirdparty.io.netty.channel.socket.nio.NioSocketChannel.doFinishConnect(NioSocketChannel.java:327)
	at org.apache.ratis.thirdparty.io.netty.channel.nio.AbstractNioChannel$AbstractNioUnsafe.finishConnect(AbstractNioChannel.java:340)
	at org.apache.ratis.thirdparty.io.netty.channel.nio.NioEventLoop.processSelectedKey(NioEventLoop.java:632)
	at org.apache.ratis.thirdparty.io.netty.channel.nio.NioEventLoop.processSelectedKeysOptimized(NioEventLoop.java:579)
	at org.apache.ratis.thirdparty.io.netty.channel.nio.NioEventLoop.processSelectedKeys(NioEventLoop.java:496)
	at org.apache.ratis.thirdparty.io.netty.channel.nio.NioEventLoop.run(NioEventLoop.java:458)
	at org.apache.ratis.thirdparty.io.netty.util.concurrent.SingleThreadEventExecutor$5.run(SingleThreadEventExecutor.java:897)
	at org.apache.ratis.thirdparty.io.netty.util.concurrent.FastThreadLocalRunnable.run(FastThreadLocalRunnable.java:30)
	... 1 more
Caused by: java.net.ConnectException: Connection refused
	... 11 more
2019-09-25 05:32:43,531 [718f5985-af6b-46f0-b376-36c68e33e3c2@group-19CC27109C97:LeaderElection285] INFO  impl.LeaderElection (LogUtils.java:infoOrTrace(149)) - 718f5985-af6b-46f0-b376-36c68e33e3c2@group-19CC27109C97:LeaderElection285 got exception when requesting votes: {}
java.util.concurrent.ExecutionException: org.apache.ratis.thirdparty.io.grpc.StatusRuntimeException: UNAVAILABLE: io exception
	at java.util.concurrent.FutureTask.report(FutureTask.java:122)
	at java.util.concurrent.FutureTask.get(FutureTask.java:192)
	at org.apache.ratis.server.impl.LeaderElection.waitForResults(LeaderElection.java:263)
	at org.apache.ratis.server.impl.LeaderElection.askForVotes(LeaderElection.java:201)
	at org.apache.ratis.server.impl.LeaderElection.run(LeaderElection.java:133)
	at java.lang.Thread.run(Thread.java:748)
Caused by: org.apache.ratis.thirdparty.io.grpc.StatusRuntimeException: UNAVAILABLE: io exception
	at org.apache.ratis.thirdparty.io.grpc.stub.ClientCalls.toStatusRuntimeException(ClientCalls.java:233)
	at org.apache.ratis.thirdparty.io.grpc.stub.ClientCalls.getUnchecked(ClientCalls.java:214)
	at org.apache.ratis.thirdparty.io.grpc.stub.ClientCalls.blockingUnaryCall(ClientCalls.java:139)
	at org.apache.ratis.proto.grpc.RaftServerProtocolServiceGrpc$RaftServerProtocolServiceBlockingStub.requestVote(RaftServerProtocolServiceGrpc.java:265)
	at org.apache.ratis.grpc.server.GrpcServerProtocolClient.requestVote(GrpcServerProtocolClient.java:90)
	at org.apache.ratis.grpc.server.GrpcService.requestVote(GrpcService.java:204)
	at org.apache.ratis.server.impl.LeaderElection.lambda$submitRequests$1(LeaderElection.java:238)
	at java.util.concurrent.FutureTask.run(FutureTask.java:266)
	at java.util.concurrent.Executors$RunnableAdapter.call(Executors.java:511)
	at java.util.concurrent.FutureTask.run(FutureTask.java:266)
	at java.util.concurrent.ThreadPoolExecutor.runWorker(ThreadPoolExecutor.java:1149)
	at java.util.concurrent.ThreadPoolExecutor$Worker.run(ThreadPoolExecutor.java:624)
	... 1 more
Caused by: org.apache.ratis.thirdparty.io.netty.channel.AbstractChannel$AnnotatedConnectException: Connection refused: /192.168.36.126:33810
	at sun.nio.ch.SocketChannelImpl.checkConnect(Native Method)
	at sun.nio.ch.SocketChannelImpl.finishConnect(SocketChannelImpl.java:717)
	at org.apache.ratis.thirdparty.io.netty.channel.socket.nio.NioSocketChannel.doFinishConnect(NioSocketChannel.java:327)
	at org.apache.ratis.thirdparty.io.netty.channel.nio.AbstractNioChannel$AbstractNioUnsafe.finishConnect(AbstractNioChannel.java:340)
	at org.apache.ratis.thirdparty.io.netty.channel.nio.NioEventLoop.processSelectedKey(NioEventLoop.java:632)
	at org.apache.ratis.thirdparty.io.netty.channel.nio.NioEventLoop.processSelectedKeysOptimized(NioEventLoop.java:579)
	at org.apache.ratis.thirdparty.io.netty.channel.nio.NioEventLoop.processSelectedKeys(NioEventLoop.java:496)
	at org.apache.ratis.thirdparty.io.netty.channel.nio.NioEventLoop.run(NioEventLoop.java:458)
	at org.apache.ratis.thirdparty.io.netty.util.concurrent.SingleThreadEventExecutor$5.run(SingleThreadEventExecutor.java:897)
	at org.apache.ratis.thirdparty.io.netty.util.concurrent.FastThreadLocalRunnable.run(FastThreadLocalRunnable.java:30)
	... 1 more
Caused by: java.net.ConnectException: Connection refused
	... 11 more
2019-09-25 05:32:43,531 [8ffa0edf-3bee-4748-91ab-c75ab538701e@group-37D53FCFBDA2:LeaderElection289] INFO  impl.LeaderElection (LeaderElection.java:run(140)) - 8ffa0edf-3bee-4748-91ab-c75ab538701e@group-37D53FCFBDA2:LeaderElection289: IllegalArgumentException is safely ignored since this is already CLOSING
2019-09-25 05:32:43,542 [718f5985-af6b-46f0-b376-36c68e33e3c2@group-19CC27109C97:LeaderElection285] INFO  impl.LeaderElection (LeaderElection.java:logAndReturn(56)) - 718f5985-af6b-46f0-b376-36c68e33e3c2@group-19CC27109C97:LeaderElection285: Election REJECTED; received 1 response(s) [718f5985-af6b-46f0-b376-36c68e33e3c2<-07d2a3d4-a08d-4ff2-9fee-7694a26bc9e9#0:FAIL-t5] and 1 exception(s); 718f5985-af6b-46f0-b376-36c68e33e3c2@group-19CC27109C97:t5, leader=null, voted=718f5985-af6b-46f0-b376-36c68e33e3c2, raftlog=718f5985-af6b-46f0-b376-36c68e33e3c2@group-19CC27109C97-SegmentedRaftLog:OPENED:c-1,f-1,i0, conf=-1: [07d2a3d4-a08d-4ff2-9fee-7694a26bc9e9:192.168.36.126:42527, 718f5985-af6b-46f0-b376-36c68e33e3c2:192.168.36.126:33516, 7d339ff4-0353-45b5-a855-49faf6b9a877:192.168.36.126:33810], old=null
2019-09-25 05:32:43,542 [718f5985-af6b-46f0-b376-36c68e33e3c2@group-8EE3C38B4941:LeaderElection276] INFO  impl.LeaderElection (LeaderElection.java:logAndReturn(56)) - 718f5985-af6b-46f0-b376-36c68e33e3c2@group-8EE3C38B4941:LeaderElection276: Election REJECTED; received 1 response(s) [718f5985-af6b-46f0-b376-36c68e33e3c2<-07d2a3d4-a08d-4ff2-9fee-7694a26bc9e9#0:FAIL-t5] and 1 exception(s); 718f5985-af6b-46f0-b376-36c68e33e3c2@group-8EE3C38B4941:t5, leader=null, voted=718f5985-af6b-46f0-b376-36c68e33e3c2, raftlog=718f5985-af6b-46f0-b376-36c68e33e3c2@group-8EE3C38B4941-SegmentedRaftLog:OPENED:c-1,f-1,i0, conf=-1: [07d2a3d4-a08d-4ff2-9fee-7694a26bc9e9:192.168.36.126:42527, 718f5985-af6b-46f0-b376-36c68e33e3c2:192.168.36.126:33516, 7d339ff4-0353-45b5-a855-49faf6b9a877:192.168.36.126:33810], old=null
2019-09-25 05:32:43,543 [718f5985-af6b-46f0-b376-36c68e33e3c2@group-8EE3C38B4941:LeaderElection276] INFO  impl.LeaderElection (LogUtils.java:infoOrTrace(149)) -   Exception 0: {}
java.util.concurrent.ExecutionException: org.apache.ratis.thirdparty.io.grpc.StatusRuntimeException: UNAVAILABLE: io exception
	at java.util.concurrent.FutureTask.report(FutureTask.java:122)
	at java.util.concurrent.FutureTask.get(FutureTask.java:192)
	at org.apache.ratis.server.impl.LeaderElection.waitForResults(LeaderElection.java:263)
	at org.apache.ratis.server.impl.LeaderElection.askForVotes(LeaderElection.java:201)
	at org.apache.ratis.server.impl.LeaderElection.run(LeaderElection.java:133)
	at java.lang.Thread.run(Thread.java:748)
Caused by: org.apache.ratis.thirdparty.io.grpc.StatusRuntimeException: UNAVAILABLE: io exception
	at org.apache.ratis.thirdparty.io.grpc.stub.ClientCalls.toStatusRuntimeException(ClientCalls.java:233)
	at org.apache.ratis.thirdparty.io.grpc.stub.ClientCalls.getUnchecked(ClientCalls.java:214)
	at org.apache.ratis.thirdparty.io.grpc.stub.ClientCalls.blockingUnaryCall(ClientCalls.java:139)
	at org.apache.ratis.proto.grpc.RaftServerProtocolServiceGrpc$RaftServerProtocolServiceBlockingStub.requestVote(RaftServerProtocolServiceGrpc.java:265)
	at org.apache.ratis.grpc.server.GrpcServerProtocolClient.requestVote(GrpcServerProtocolClient.java:90)
	at org.apache.ratis.grpc.server.GrpcService.requestVote(GrpcService.java:204)
	at org.apache.ratis.server.impl.LeaderElection.lambda$submitRequests$1(LeaderElection.java:238)
	at java.util.concurrent.FutureTask.run(FutureTask.java:266)
	at java.util.concurrent.Executors$RunnableAdapter.call(Executors.java:511)
	at java.util.concurrent.FutureTask.run(FutureTask.java:266)
	at java.util.concurrent.ThreadPoolExecutor.runWorker(ThreadPoolExecutor.java:1149)
	at java.util.concurrent.ThreadPoolExecutor$Worker.run(ThreadPoolExecutor.java:624)
	... 1 more
Caused by: org.apache.ratis.thirdparty.io.netty.channel.AbstractChannel$AnnotatedConnectException: Connection refused: /192.168.36.126:33810
	at sun.nio.ch.SocketChannelImpl.checkConnect(Native Method)
	at sun.nio.ch.SocketChannelImpl.finishConnect(SocketChannelImpl.java:717)
	at org.apache.ratis.thirdparty.io.netty.channel.socket.nio.NioSocketChannel.doFinishConnect(NioSocketChannel.java:327)
	at org.apache.ratis.thirdparty.io.netty.channel.nio.AbstractNioChannel$AbstractNioUnsafe.finishConnect(AbstractNioChannel.java:340)
	at org.apache.ratis.thirdparty.io.netty.channel.nio.NioEventLoop.processSelectedKey(NioEventLoop.java:632)
	at org.apache.ratis.thirdparty.io.netty.channel.nio.NioEventLoop.processSelectedKeysOptimized(NioEventLoop.java:579)
	at org.apache.ratis.thirdparty.io.netty.channel.nio.NioEventLoop.processSelectedKeys(NioEventLoop.java:496)
	at org.apache.ratis.thirdparty.io.netty.channel.nio.NioEventLoop.run(NioEventLoop.java:458)
	at org.apache.ratis.thirdparty.io.netty.util.concurrent.SingleThreadEventExecutor$5.run(SingleThreadEventExecutor.java:897)
	at org.apache.ratis.thirdparty.io.netty.util.concurrent.FastThreadLocalRunnable.run(FastThreadLocalRunnable.java:30)
	... 1 more
Caused by: java.net.ConnectException: Connection refused
	... 11 more
2019-09-25 05:32:43,542 [718f5985-af6b-46f0-b376-36c68e33e3c2@group-FABB21EF17C7:LeaderElection284] INFO  impl.LeaderElection (LeaderElection.java:logAndReturn(56)) - 718f5985-af6b-46f0-b376-36c68e33e3c2@group-FABB21EF17C7:LeaderElection284: Election REJECTED; received 1 response(s) [718f5985-af6b-46f0-b376-36c68e33e3c2<-07d2a3d4-a08d-4ff2-9fee-7694a26bc9e9#0:FAIL-t5] and 1 exception(s); 718f5985-af6b-46f0-b376-36c68e33e3c2@group-FABB21EF17C7:t5, leader=null, voted=718f5985-af6b-46f0-b376-36c68e33e3c2, raftlog=718f5985-af6b-46f0-b376-36c68e33e3c2@group-FABB21EF17C7-SegmentedRaftLog:OPENED:c-1,f-1,i0, conf=-1: [07d2a3d4-a08d-4ff2-9fee-7694a26bc9e9:192.168.36.126:42527, 718f5985-af6b-46f0-b376-36c68e33e3c2:192.168.36.126:33516, 7d339ff4-0353-45b5-a855-49faf6b9a877:192.168.36.126:33810], old=null
2019-09-25 05:32:43,541 [74c765d4-ecbc-4161-b0d3-3f71a54c17e6@group-37D53FCFBDA2:LeaderElection287] INFO  impl.LeaderElection (LeaderElection.java:logAndReturn(56)) - 74c765d4-ecbc-4161-b0d3-3f71a54c17e6@group-37D53FCFBDA2:LeaderElection287: Election REJECTED; received 1 response(s) [74c765d4-ecbc-4161-b0d3-3f71a54c17e6<-e40b1169-82c6-4268-9b48-d611605c3b5d#0:FAIL-t1] and 1 exception(s); 74c765d4-ecbc-4161-b0d3-3f71a54c17e6@group-37D53FCFBDA2:t1, leader=null, voted=74c765d4-ecbc-4161-b0d3-3f71a54c17e6, raftlog=74c765d4-ecbc-4161-b0d3-3f71a54c17e6@group-37D53FCFBDA2-SegmentedRaftLog:OPENED:c-1,f-1,i0, conf=-1: [e40b1169-82c6-4268-9b48-d611605c3b5d:192.168.36.126:46360, 74c765d4-ecbc-4161-b0d3-3f71a54c17e6:192.168.36.126:46193, 8ffa0edf-3bee-4748-91ab-c75ab538701e:192.168.36.126:35863], old=null
2019-09-25 05:32:43,541 [07d2a3d4-a08d-4ff2-9fee-7694a26bc9e9@group-8EE3C38B4941:LeaderElection277] INFO  impl.LeaderElection (LeaderElection.java:logAndReturn(56)) - 07d2a3d4-a08d-4ff2-9fee-7694a26bc9e9@group-8EE3C38B4941:LeaderElection277: Election REJECTED; received 1 response(s) [07d2a3d4-a08d-4ff2-9fee-7694a26bc9e9<-718f5985-af6b-46f0-b376-36c68e33e3c2#0:FAIL-t5] and 1 exception(s); 07d2a3d4-a08d-4ff2-9fee-7694a26bc9e9@group-8EE3C38B4941:t5, leader=null, voted=07d2a3d4-a08d-4ff2-9fee-7694a26bc9e9, raftlog=07d2a3d4-a08d-4ff2-9fee-7694a26bc9e9@group-8EE3C38B4941-SegmentedRaftLog:OPENED:c-1,f-1,i0, conf=-1: [07d2a3d4-a08d-4ff2-9fee-7694a26bc9e9:192.168.36.126:42527, 718f5985-af6b-46f0-b376-36c68e33e3c2:192.168.36.126:33516, 7d339ff4-0353-45b5-a855-49faf6b9a877:192.168.36.126:33810], old=null
2019-09-25 05:32:43,544 [07d2a3d4-a08d-4ff2-9fee-7694a26bc9e9@group-8EE3C38B4941:LeaderElection277] INFO  impl.LeaderElection (LogUtils.java:infoOrTrace(149)) -   Exception 0: {}
java.util.concurrent.ExecutionException: org.apache.ratis.thirdparty.io.grpc.StatusRuntimeException: UNAVAILABLE: io exception
	at java.util.concurrent.FutureTask.report(FutureTask.java:122)
	at java.util.concurrent.FutureTask.get(FutureTask.java:192)
	at org.apache.ratis.server.impl.LeaderElection.waitForResults(LeaderElection.java:263)
	at org.apache.ratis.server.impl.LeaderElection.askForVotes(LeaderElection.java:201)
	at org.apache.ratis.server.impl.LeaderElection.run(LeaderElection.java:133)
	at java.lang.Thread.run(Thread.java:748)
Caused by: org.apache.ratis.thirdparty.io.grpc.StatusRuntimeException: UNAVAILABLE: io exception
	at org.apache.ratis.thirdparty.io.grpc.stub.ClientCalls.toStatusRuntimeException(ClientCalls.java:233)
	at org.apache.ratis.thirdparty.io.grpc.stub.ClientCalls.getUnchecked(ClientCalls.java:214)
	at org.apache.ratis.thirdparty.io.grpc.stub.ClientCalls.blockingUnaryCall(ClientCalls.java:139)
	at org.apache.ratis.proto.grpc.RaftServerProtocolServiceGrpc$RaftServerProtocolServiceBlockingStub.requestVote(RaftServerProtocolServiceGrpc.java:265)
	at org.apache.ratis.grpc.server.GrpcServerProtocolClient.requestVote(GrpcServerProtocolClient.java:90)
	at org.apache.ratis.grpc.server.GrpcService.requestVote(GrpcService.java:204)
	at org.apache.ratis.server.impl.LeaderElection.lambda$submitRequests$1(LeaderElection.java:238)
	at java.util.concurrent.FutureTask.run(FutureTask.java:266)
	at java.util.concurrent.Executors$RunnableAdapter.call(Executors.java:511)
	at java.util.concurrent.FutureTask.run(FutureTask.java:266)
	at java.util.concurrent.ThreadPoolExecutor.runWorker(ThreadPoolExecutor.java:1149)
	at java.util.concurrent.ThreadPoolExecutor$Worker.run(ThreadPoolExecutor.java:624)
	... 1 more
Caused by: org.apache.ratis.thirdparty.io.netty.channel.AbstractChannel$AnnotatedConnectException: Connection refused: /192.168.36.126:33810
	at sun.nio.ch.SocketChannelImpl.checkConnect(Native Method)
	at sun.nio.ch.SocketChannelImpl.finishConnect(SocketChannelImpl.java:717)
	at org.apache.ratis.thirdparty.io.netty.channel.socket.nio.NioSocketChannel.doFinishConnect(NioSocketChannel.java:327)
	at org.apache.ratis.thirdparty.io.netty.channel.nio.AbstractNioChannel$AbstractNioUnsafe.finishConnect(AbstractNioChannel.java:340)
	at org.apache.ratis.thirdparty.io.netty.channel.nio.NioEventLoop.processSelectedKey(NioEventLoop.java:632)
	at org.apache.ratis.thirdparty.io.netty.channel.nio.NioEventLoop.processSelectedKeysOptimized(NioEventLoop.java:579)
	at org.apache.ratis.thirdparty.io.netty.channel.nio.NioEventLoop.processSelectedKeys(NioEventLoop.java:496)
	at org.apache.ratis.thirdparty.io.netty.channel.nio.NioEventLoop.run(NioEventLoop.java:458)
	at org.apache.ratis.thirdparty.io.netty.util.concurrent.SingleThreadEventExecutor$5.run(SingleThreadEventExecutor.java:897)
	at org.apache.ratis.thirdparty.io.netty.util.concurrent.FastThreadLocalRunnable.run(FastThreadLocalRunnable.java:30)
	... 1 more
Caused by: java.net.ConnectException: Connection refused
	... 11 more
2019-09-25 05:32:43,541 [07d2a3d4-a08d-4ff2-9fee-7694a26bc9e9@group-19CC27109C97:LeaderElection283] INFO  impl.LeaderElection (LeaderElection.java:logAndReturn(56)) - 07d2a3d4-a08d-4ff2-9fee-7694a26bc9e9@group-19CC27109C97:LeaderElection283: Election REJECTED; received 1 response(s) [07d2a3d4-a08d-4ff2-9fee-7694a26bc9e9<-718f5985-af6b-46f0-b376-36c68e33e3c2#0:FAIL-t5] and 1 exception(s); 07d2a3d4-a08d-4ff2-9fee-7694a26bc9e9@group-19CC27109C97:t5, leader=null, voted=07d2a3d4-a08d-4ff2-9fee-7694a26bc9e9, raftlog=07d2a3d4-a08d-4ff2-9fee-7694a26bc9e9@group-19CC27109C97-SegmentedRaftLog:OPENED:c-1,f-1,i0, conf=-1: [07d2a3d4-a08d-4ff2-9fee-7694a26bc9e9:192.168.36.126:42527, 718f5985-af6b-46f0-b376-36c68e33e3c2:192.168.36.126:33516, 7d339ff4-0353-45b5-a855-49faf6b9a877:192.168.36.126:33810], old=null
2019-09-25 05:32:43,540 [07d2a3d4-a08d-4ff2-9fee-7694a26bc9e9@group-FABB21EF17C7:LeaderElection288] INFO  impl.LeaderElection (LeaderElection.java:logAndReturn(56)) - 07d2a3d4-a08d-4ff2-9fee-7694a26bc9e9@group-FABB21EF17C7:LeaderElection288: Election REJECTED; received 1 response(s) [07d2a3d4-a08d-4ff2-9fee-7694a26bc9e9<-718f5985-af6b-46f0-b376-36c68e33e3c2#0:FAIL-t5] and 1 exception(s); 07d2a3d4-a08d-4ff2-9fee-7694a26bc9e9@group-FABB21EF17C7:t5, leader=null, voted=07d2a3d4-a08d-4ff2-9fee-7694a26bc9e9, raftlog=07d2a3d4-a08d-4ff2-9fee-7694a26bc9e9@group-FABB21EF17C7-SegmentedRaftLog:OPENED:c-1,f-1,i0, conf=-1: [07d2a3d4-a08d-4ff2-9fee-7694a26bc9e9:192.168.36.126:42527, 718f5985-af6b-46f0-b376-36c68e33e3c2:192.168.36.126:33516, 7d339ff4-0353-45b5-a855-49faf6b9a877:192.168.36.126:33810], old=null
2019-09-25 05:32:43,545 [07d2a3d4-a08d-4ff2-9fee-7694a26bc9e9@group-FABB21EF17C7:LeaderElection288] INFO  impl.LeaderElection (LogUtils.java:infoOrTrace(149)) -   Exception 0: {}
java.util.concurrent.ExecutionException: org.apache.ratis.thirdparty.io.grpc.StatusRuntimeException: UNAVAILABLE: io exception
	at java.util.concurrent.FutureTask.report(FutureTask.java:122)
	at java.util.concurrent.FutureTask.get(FutureTask.java:192)
	at org.apache.ratis.server.impl.LeaderElection.waitForResults(LeaderElection.java:263)
	at org.apache.ratis.server.impl.LeaderElection.askForVotes(LeaderElection.java:201)
	at org.apache.ratis.server.impl.LeaderElection.run(LeaderElection.java:133)
	at java.lang.Thread.run(Thread.java:748)
Caused by: org.apache.ratis.thirdparty.io.grpc.StatusRuntimeException: UNAVAILABLE: io exception
	at org.apache.ratis.thirdparty.io.grpc.stub.ClientCalls.toStatusRuntimeException(ClientCalls.java:233)
	at org.apache.ratis.thirdparty.io.grpc.stub.ClientCalls.getUnchecked(ClientCalls.java:214)
	at org.apache.ratis.thirdparty.io.grpc.stub.ClientCalls.blockingUnaryCall(ClientCalls.java:139)
	at org.apache.ratis.proto.grpc.RaftServerProtocolServiceGrpc$RaftServerProtocolServiceBlockingStub.requestVote(RaftServerProtocolServiceGrpc.java:265)
	at org.apache.ratis.grpc.server.GrpcServerProtocolClient.requestVote(GrpcServerProtocolClient.java:90)
	at org.apache.ratis.grpc.server.GrpcService.requestVote(GrpcService.java:204)
	at org.apache.ratis.server.impl.LeaderElection.lambda$submitRequests$1(LeaderElection.java:238)
	at java.util.concurrent.FutureTask.run(FutureTask.java:266)
	at java.util.concurrent.Executors$RunnableAdapter.call(Executors.java:511)
	at java.util.concurrent.FutureTask.run(FutureTask.java:266)
	at java.util.concurrent.ThreadPoolExecutor.runWorker(ThreadPoolExecutor.java:1149)
	at java.util.concurrent.ThreadPoolExecutor$Worker.run(ThreadPoolExecutor.java:624)
	... 1 more
Caused by: org.apache.ratis.thirdparty.io.netty.channel.AbstractChannel$AnnotatedConnectException: Connection refused: /192.168.36.126:33810
	at sun.nio.ch.SocketChannelImpl.checkConnect(Native Method)
	at sun.nio.ch.SocketChannelImpl.finishConnect(SocketChannelImpl.java:717)
	at org.apache.ratis.thirdparty.io.netty.channel.socket.nio.NioSocketChannel.doFinishConnect(NioSocketChannel.java:327)
	at org.apache.ratis.thirdparty.io.netty.channel.nio.AbstractNioChannel$AbstractNioUnsafe.finishConnect(AbstractNioChannel.java:340)
	at org.apache.ratis.thirdparty.io.netty.channel.nio.NioEventLoop.processSelectedKey(NioEventLoop.java:632)
	at org.apache.ratis.thirdparty.io.netty.channel.nio.NioEventLoop.processSelectedKeysOptimized(NioEventLoop.java:579)
	at org.apache.ratis.thirdparty.io.netty.channel.nio.NioEventLoop.processSelectedKeys(NioEventLoop.java:496)
	at org.apache.ratis.thirdparty.io.netty.channel.nio.NioEventLoop.run(NioEventLoop.java:458)
	at org.apache.ratis.thirdparty.io.netty.util.concurrent.SingleThreadEventExecutor$5.run(SingleThreadEventExecutor.java:897)
	at org.apache.ratis.thirdparty.io.netty.util.concurrent.FastThreadLocalRunnable.run(FastThreadLocalRunnable.java:30)
	... 1 more
Caused by: java.net.ConnectException: Connection refused
	... 11 more
2019-09-25 05:32:43,539 [e40b1169-82c6-4268-9b48-d611605c3b5d@group-37D53FCFBDA2:LeaderElection286] INFO  impl.LeaderElection (LogUtils.java:infoOrTrace(149)) - e40b1169-82c6-4268-9b48-d611605c3b5d@group-37D53FCFBDA2:LeaderElection286 got exception when requesting votes: {}
java.util.concurrent.ExecutionException: org.apache.ratis.thirdparty.io.grpc.StatusRuntimeException: UNAVAILABLE: io exception
	at java.util.concurrent.FutureTask.report(FutureTask.java:122)
	at java.util.concurrent.FutureTask.get(FutureTask.java:192)
	at org.apache.ratis.server.impl.LeaderElection.waitForResults(LeaderElection.java:263)
	at org.apache.ratis.server.impl.LeaderElection.askForVotes(LeaderElection.java:201)
	at org.apache.ratis.server.impl.LeaderElection.run(LeaderElection.java:133)
	at java.lang.Thread.run(Thread.java:748)
Caused by: org.apache.ratis.thirdparty.io.grpc.StatusRuntimeException: UNAVAILABLE: io exception
	at org.apache.ratis.thirdparty.io.grpc.stub.ClientCalls.toStatusRuntimeException(ClientCalls.java:233)
	at org.apache.ratis.thirdparty.io.grpc.stub.ClientCalls.getUnchecked(ClientCalls.java:214)
	at org.apache.ratis.thirdparty.io.grpc.stub.ClientCalls.blockingUnaryCall(ClientCalls.java:139)
	at org.apache.ratis.proto.grpc.RaftServerProtocolServiceGrpc$RaftServerProtocolServiceBlockingStub.requestVote(RaftServerProtocolServiceGrpc.java:265)
	at org.apache.ratis.grpc.server.GrpcServerProtocolClient.requestVote(GrpcServerProtocolClient.java:90)
	at org.apache.ratis.grpc.server.GrpcService.requestVote(GrpcService.java:204)
	at org.apache.ratis.server.impl.LeaderElection.lambda$submitRequests$1(LeaderElection.java:238)
	at java.util.concurrent.FutureTask.run(FutureTask.java:266)
	at java.util.concurrent.Executors$RunnableAdapter.call(Executors.java:511)
	at java.util.concurrent.FutureTask.run(FutureTask.java:266)
	at java.util.concurrent.ThreadPoolExecutor.runWorker(ThreadPoolExecutor.java:1149)
	at java.util.concurrent.ThreadPoolExecutor$Worker.run(ThreadPoolExecutor.java:624)
	... 1 more
Caused by: org.apache.ratis.thirdparty.io.netty.channel.AbstractChannel$AnnotatedConnectException: Connection refused: /192.168.36.126:35863
	at sun.nio.ch.SocketChannelImpl.checkConnect(Native Method)
	at sun.nio.ch.SocketChannelImpl.finishConnect(SocketChannelImpl.java:717)
	at org.apache.ratis.thirdparty.io.netty.channel.socket.nio.NioSocketChannel.doFinishConnect(NioSocketChannel.java:327)
	at org.apache.ratis.thirdparty.io.netty.channel.nio.AbstractNioChannel$AbstractNioUnsafe.finishConnect(AbstractNioChannel.java:340)
	at org.apache.ratis.thirdparty.io.netty.channel.nio.NioEventLoop.processSelectedKey(NioEventLoop.java:632)
	at org.apache.ratis.thirdparty.io.netty.channel.nio.NioEventLoop.processSelectedKeysOptimized(NioEventLoop.java:579)
	at org.apache.ratis.thirdparty.io.netty.channel.nio.NioEventLoop.processSelectedKeys(NioEventLoop.java:496)
	at org.apache.ratis.thirdparty.io.netty.channel.nio.NioEventLoop.run(NioEventLoop.java:458)
	at org.apache.ratis.thirdparty.io.netty.util.concurrent.SingleThreadEventExecutor$5.run(SingleThreadEventExecutor.java:897)
	at org.apache.ratis.thirdparty.io.netty.util.concurrent.FastThreadLocalRunnable.run(FastThreadLocalRunnable.java:30)
	... 1 more
Caused by: java.net.ConnectException: Connection refused
	... 11 more
2019-09-25 05:32:43,545 [07d2a3d4-a08d-4ff2-9fee-7694a26bc9e9@group-FABB21EF17C7:LeaderElection288] INFO  impl.RaftServerImpl (RaftServerImpl.java:setRole(174)) - 07d2a3d4-a08d-4ff2-9fee-7694a26bc9e9@group-FABB21EF17C7: changes role from CANDIDATE to FOLLOWER at term 5 for DISCOVERED_A_NEW_TERM
2019-09-25 05:32:43,545 [07d2a3d4-a08d-4ff2-9fee-7694a26bc9e9@group-FABB21EF17C7:LeaderElection288] INFO  impl.RoleInfo (RoleInfo.java:shutdownLeaderElection(134)) - 07d2a3d4-a08d-4ff2-9fee-7694a26bc9e9: shutdown LeaderElection
2019-09-25 05:32:43,544 [07d2a3d4-a08d-4ff2-9fee-7694a26bc9e9@group-19CC27109C97:LeaderElection283] INFO  impl.LeaderElection (LogUtils.java:infoOrTrace(149)) -   Exception 0: {}
java.util.concurrent.ExecutionException: org.apache.ratis.thirdparty.io.grpc.StatusRuntimeException: UNAVAILABLE: io exception
	at java.util.concurrent.FutureTask.report(FutureTask.java:122)
	at java.util.concurrent.FutureTask.get(FutureTask.java:192)
	at org.apache.ratis.server.impl.LeaderElection.waitForResults(LeaderElection.java:263)
	at org.apache.ratis.server.impl.LeaderElection.askForVotes(LeaderElection.java:201)
	at org.apache.ratis.server.impl.LeaderElection.run(LeaderElection.java:133)
	at java.lang.Thread.run(Thread.java:748)
Caused by: org.apache.ratis.thirdparty.io.grpc.StatusRuntimeException: UNAVAILABLE: io exception
	at org.apache.ratis.thirdparty.io.grpc.stub.ClientCalls.toStatusRuntimeException(ClientCalls.java:233)
	at org.apache.ratis.thirdparty.io.grpc.stub.ClientCalls.getUnchecked(ClientCalls.java:214)
	at org.apache.ratis.thirdparty.io.grpc.stub.ClientCalls.blockingUnaryCall(ClientCalls.java:139)
	at org.apache.ratis.proto.grpc.RaftServerProtocolServiceGrpc$RaftServerProtocolServiceBlockingStub.requestVote(RaftServerProtocolServiceGrpc.java:265)
	at org.apache.ratis.grpc.server.GrpcServerProtocolClient.requestVote(GrpcServerProtocolClient.java:90)
	at org.apache.ratis.grpc.server.GrpcService.requestVote(GrpcService.java:204)
	at org.apache.ratis.server.impl.LeaderElection.lambda$submitRequests$1(LeaderElection.java:238)
	at java.util.concurrent.FutureTask.run(FutureTask.java:266)
	at java.util.concurrent.Executors$RunnableAdapter.call(Executors.java:511)
	at java.util.concurrent.FutureTask.run(FutureTask.java:266)
	at java.util.concurrent.ThreadPoolExecutor.runWorker(ThreadPoolExecutor.java:1149)
	at java.util.concurrent.ThreadPoolExecutor$Worker.run(ThreadPoolExecutor.java:624)
	... 1 more
Caused by: org.apache.ratis.thirdparty.io.netty.channel.AbstractChannel$AnnotatedConnectException: Connection refused: /192.168.36.126:33810
	at sun.nio.ch.SocketChannelImpl.checkConnect(Native Method)
	at sun.nio.ch.SocketChannelImpl.finishConnect(SocketChannelImpl.java:717)
	at org.apache.ratis.thirdparty.io.netty.channel.socket.nio.NioSocketChannel.doFinishConnect(NioSocketChannel.java:327)
	at org.apache.ratis.thirdparty.io.netty.channel.nio.AbstractNioChannel$AbstractNioUnsafe.finishConnect(AbstractNioChannel.java:340)
	at org.apache.ratis.thirdparty.io.netty.channel.nio.NioEventLoop.processSelectedKey(NioEventLoop.java:632)
	at org.apache.ratis.thirdparty.io.netty.channel.nio.NioEventLoop.processSelectedKeysOptimized(NioEventLoop.java:579)
	at org.apache.ratis.thirdparty.io.netty.channel.nio.NioEventLoop.processSelectedKeys(NioEventLoop.java:496)
	at org.apache.ratis.thirdparty.io.netty.channel.nio.NioEventLoop.run(NioEventLoop.java:458)
	at org.apache.ratis.thirdparty.io.netty.util.concurrent.SingleThreadEventExecutor$5.run(SingleThreadEventExecutor.java:897)
	at org.apache.ratis.thirdparty.io.netty.util.concurrent.FastThreadLocalRunnable.run(FastThreadLocalRunnable.java:30)
	... 1 more
Caused by: java.net.ConnectException: Connection refused
	... 11 more
2019-09-25 05:32:43,544 [07d2a3d4-a08d-4ff2-9fee-7694a26bc9e9@group-8EE3C38B4941:LeaderElection277] INFO  impl.RaftServerImpl (RaftServerImpl.java:setRole(174)) - 07d2a3d4-a08d-4ff2-9fee-7694a26bc9e9@group-8EE3C38B4941: changes role from CANDIDATE to FOLLOWER at term 5 for DISCOVERED_A_NEW_TERM
2019-09-25 05:32:43,544 [74c765d4-ecbc-4161-b0d3-3f71a54c17e6@group-37D53FCFBDA2:LeaderElection287] INFO  impl.LeaderElection (LogUtils.java:infoOrTrace(149)) -   Exception 0: {}
java.util.concurrent.ExecutionException: org.apache.ratis.thirdparty.io.grpc.StatusRuntimeException: UNAVAILABLE: io exception
	at java.util.concurrent.FutureTask.report(FutureTask.java:122)
	at java.util.concurrent.FutureTask.get(FutureTask.java:192)
	at org.apache.ratis.server.impl.LeaderElection.waitForResults(LeaderElection.java:263)
	at org.apache.ratis.server.impl.LeaderElection.askForVotes(LeaderElection.java:201)
	at org.apache.ratis.server.impl.LeaderElection.run(LeaderElection.java:133)
	at java.lang.Thread.run(Thread.java:748)
Caused by: org.apache.ratis.thirdparty.io.grpc.StatusRuntimeException: UNAVAILABLE: io exception
	at org.apache.ratis.thirdparty.io.grpc.stub.ClientCalls.toStatusRuntimeException(ClientCalls.java:233)
	at org.apache.ratis.thirdparty.io.grpc.stub.ClientCalls.getUnchecked(ClientCalls.java:214)
	at org.apache.ratis.thirdparty.io.grpc.stub.ClientCalls.blockingUnaryCall(ClientCalls.java:139)
	at org.apache.ratis.proto.grpc.RaftServerProtocolServiceGrpc$RaftServerProtocolServiceBlockingStub.requestVote(RaftServerProtocolServiceGrpc.java:265)
	at org.apache.ratis.grpc.server.GrpcServerProtocolClient.requestVote(GrpcServerProtocolClient.java:90)
	at org.apache.ratis.grpc.server.GrpcService.requestVote(GrpcService.java:204)
	at org.apache.ratis.server.impl.LeaderElection.lambda$submitRequests$1(LeaderElection.java:238)
	at java.util.concurrent.FutureTask.run(FutureTask.java:266)
	at java.util.concurrent.Executors$RunnableAdapter.call(Executors.java:511)
	at java.util.concurrent.FutureTask.run(FutureTask.java:266)
	at java.util.concurrent.ThreadPoolExecutor.runWorker(ThreadPoolExecutor.java:1149)
	at java.util.concurrent.ThreadPoolExecutor$Worker.run(ThreadPoolExecutor.java:624)
	... 1 more
Caused by: org.apache.ratis.thirdparty.io.netty.channel.AbstractChannel$AnnotatedConnectException: Connection refused: /192.168.36.126:35863
	at sun.nio.ch.SocketChannelImpl.checkConnect(Native Method)
	at sun.nio.ch.SocketChannelImpl.finishConnect(SocketChannelImpl.java:717)
	at org.apache.ratis.thirdparty.io.netty.channel.socket.nio.NioSocketChannel.doFinishConnect(NioSocketChannel.java:327)
	at org.apache.ratis.thirdparty.io.netty.channel.nio.AbstractNioChannel$AbstractNioUnsafe.finishConnect(AbstractNioChannel.java:340)
	at org.apache.ratis.thirdparty.io.netty.channel.nio.NioEventLoop.processSelectedKey(NioEventLoop.java:632)
	at org.apache.ratis.thirdparty.io.netty.channel.nio.NioEventLoop.processSelectedKeysOptimized(NioEventLoop.java:579)
	at org.apache.ratis.thirdparty.io.netty.channel.nio.NioEventLoop.processSelectedKeys(NioEventLoop.java:496)
	at org.apache.ratis.thirdparty.io.netty.channel.nio.NioEventLoop.run(NioEventLoop.java:458)
	at org.apache.ratis.thirdparty.io.netty.util.concurrent.SingleThreadEventExecutor$5.run(SingleThreadEventExecutor.java:897)
	at org.apache.ratis.thirdparty.io.netty.util.concurrent.FastThreadLocalRunnable.run(FastThreadLocalRunnable.java:30)
	... 1 more
Caused by: java.net.ConnectException: Connection refused
	... 11 more
2019-09-25 05:32:43,546 [74c765d4-ecbc-4161-b0d3-3f71a54c17e6@group-37D53FCFBDA2:LeaderElection287] INFO  impl.RaftServerImpl (RaftServerImpl.java:setRole(174)) - 74c765d4-ecbc-4161-b0d3-3f71a54c17e6@group-37D53FCFBDA2: changes role from CANDIDATE to FOLLOWER at term 1 for DISCOVERED_A_NEW_TERM
2019-09-25 05:32:43,546 [74c765d4-ecbc-4161-b0d3-3f71a54c17e6@group-37D53FCFBDA2:LeaderElection287] INFO  impl.RoleInfo (RoleInfo.java:shutdownLeaderElection(134)) - 74c765d4-ecbc-4161-b0d3-3f71a54c17e6: shutdown LeaderElection
2019-09-25 05:32:43,544 [718f5985-af6b-46f0-b376-36c68e33e3c2@group-FABB21EF17C7:LeaderElection284] INFO  impl.LeaderElection (LogUtils.java:infoOrTrace(149)) -   Exception 0: {}
java.util.concurrent.ExecutionException: org.apache.ratis.thirdparty.io.grpc.StatusRuntimeException: UNAVAILABLE: io exception
	at java.util.concurrent.FutureTask.report(FutureTask.java:122)
	at java.util.concurrent.FutureTask.get(FutureTask.java:192)
	at org.apache.ratis.server.impl.LeaderElection.waitForResults(LeaderElection.java:263)
	at org.apache.ratis.server.impl.LeaderElection.askForVotes(LeaderElection.java:201)
	at org.apache.ratis.server.impl.LeaderElection.run(LeaderElection.java:133)
	at java.lang.Thread.run(Thread.java:748)
Caused by: org.apache.ratis.thirdparty.io.grpc.StatusRuntimeException: UNAVAILABLE: io exception
	at org.apache.ratis.thirdparty.io.grpc.stub.ClientCalls.toStatusRuntimeException(ClientCalls.java:233)
	at org.apache.ratis.thirdparty.io.grpc.stub.ClientCalls.getUnchecked(ClientCalls.java:214)
	at org.apache.ratis.thirdparty.io.grpc.stub.ClientCalls.blockingUnaryCall(ClientCalls.java:139)
	at org.apache.ratis.proto.grpc.RaftServerProtocolServiceGrpc$RaftServerProtocolServiceBlockingStub.requestVote(RaftServerProtocolServiceGrpc.java:265)
	at org.apache.ratis.grpc.server.GrpcServerProtocolClient.requestVote(GrpcServerProtocolClient.java:90)
	at org.apache.ratis.grpc.server.GrpcService.requestVote(GrpcService.java:204)
	at org.apache.ratis.server.impl.LeaderElection.lambda$submitRequests$1(LeaderElection.java:238)
	at java.util.concurrent.FutureTask.run(FutureTask.java:266)
	at java.util.concurrent.Executors$RunnableAdapter.call(Executors.java:511)
	at java.util.concurrent.FutureTask.run(FutureTask.java:266)
	at java.util.concurrent.ThreadPoolExecutor.runWorker(ThreadPoolExecutor.java:1149)
	at java.util.concurrent.ThreadPoolExecutor$Worker.run(ThreadPoolExecutor.java:624)
	... 1 more
Caused by: org.apache.ratis.thirdparty.io.netty.channel.AbstractChannel$AnnotatedConnectException: Connection refused: /192.168.36.126:33810
	at sun.nio.ch.SocketChannelImpl.checkConnect(Native Method)
	at sun.nio.ch.SocketChannelImpl.finishConnect(SocketChannelImpl.java:717)
	at org.apache.ratis.thirdparty.io.netty.channel.socket.nio.NioSocketChannel.doFinishConnect(NioSocketChannel.java:327)
	at org.apache.ratis.thirdparty.io.netty.channel.nio.AbstractNioChannel$AbstractNioUnsafe.finishConnect(AbstractNioChannel.java:340)
	at org.apache.ratis.thirdparty.io.netty.channel.nio.NioEventLoop.processSelectedKey(NioEventLoop.java:632)
	at org.apache.ratis.thirdparty.io.netty.channel.nio.NioEventLoop.processSelectedKeysOptimized(NioEventLoop.java:579)
	at org.apache.ratis.thirdparty.io.netty.channel.nio.NioEventLoop.processSelectedKeys(NioEventLoop.java:496)
	at org.apache.ratis.thirdparty.io.netty.channel.nio.NioEventLoop.run(NioEventLoop.java:458)
	at org.apache.ratis.thirdparty.io.netty.util.concurrent.SingleThreadEventExecutor$5.run(SingleThreadEventExecutor.java:897)
	at org.apache.ratis.thirdparty.io.netty.util.concurrent.FastThreadLocalRunnable.run(FastThreadLocalRunnable.java:30)
	... 1 more
Caused by: java.net.ConnectException: Connection refused
	... 11 more
2019-09-25 05:32:43,543 [718f5985-af6b-46f0-b376-36c68e33e3c2@group-8EE3C38B4941:LeaderElection276] INFO  impl.RaftServerImpl (RaftServerImpl.java:setRole(174)) - 718f5985-af6b-46f0-b376-36c68e33e3c2@group-8EE3C38B4941: changes role from CANDIDATE to FOLLOWER at term 5 for DISCOVERED_A_NEW_TERM
2019-09-25 05:32:43,547 [718f5985-af6b-46f0-b376-36c68e33e3c2@group-8EE3C38B4941:LeaderElection276] INFO  impl.RoleInfo (RoleInfo.java:shutdownLeaderElection(134)) - 718f5985-af6b-46f0-b376-36c68e33e3c2: shutdown LeaderElection
2019-09-25 05:32:43,543 [718f5985-af6b-46f0-b376-36c68e33e3c2@group-19CC27109C97:LeaderElection285] INFO  impl.LeaderElection (LogUtils.java:infoOrTrace(149)) -   Exception 0: {}
java.util.concurrent.ExecutionException: org.apache.ratis.thirdparty.io.grpc.StatusRuntimeException: UNAVAILABLE: io exception
	at java.util.concurrent.FutureTask.report(FutureTask.java:122)
	at java.util.concurrent.FutureTask.get(FutureTask.java:192)
	at org.apache.ratis.server.impl.LeaderElection.waitForResults(LeaderElection.java:263)
	at org.apache.ratis.server.impl.LeaderElection.askForVotes(LeaderElection.java:201)
	at org.apache.ratis.server.impl.LeaderElection.run(LeaderElection.java:133)
	at java.lang.Thread.run(Thread.java:748)
Caused by: org.apache.ratis.thirdparty.io.grpc.StatusRuntimeException: UNAVAILABLE: io exception
	at org.apache.ratis.thirdparty.io.grpc.stub.ClientCalls.toStatusRuntimeException(ClientCalls.java:233)
	at org.apache.ratis.thirdparty.io.grpc.stub.ClientCalls.getUnchecked(ClientCalls.java:214)
	at org.apache.ratis.thirdparty.io.grpc.stub.ClientCalls.blockingUnaryCall(ClientCalls.java:139)
	at org.apache.ratis.proto.grpc.RaftServerProtocolServiceGrpc$RaftServerProtocolServiceBlockingStub.requestVote(RaftServerProtocolServiceGrpc.java:265)
	at org.apache.ratis.grpc.server.GrpcServerProtocolClient.requestVote(GrpcServerProtocolClient.java:90)
	at org.apache.ratis.grpc.server.GrpcService.requestVote(GrpcService.java:204)
	at org.apache.ratis.server.impl.LeaderElection.lambda$submitRequests$1(LeaderElection.java:238)
	at java.util.concurrent.FutureTask.run(FutureTask.java:266)
	at java.util.concurrent.Executors$RunnableAdapter.call(Executors.java:511)
	at java.util.concurrent.FutureTask.run(FutureTask.java:266)
	at java.util.concurrent.ThreadPoolExecutor.runWorker(ThreadPoolExecutor.java:1149)
	at java.util.concurrent.ThreadPoolExecutor$Worker.run(ThreadPoolExecutor.java:624)
	... 1 more
Caused by: org.apache.ratis.thirdparty.io.netty.channel.AbstractChannel$AnnotatedConnectException: Connection refused: /192.168.36.126:33810
	at sun.nio.ch.SocketChannelImpl.checkConnect(Native Method)
	at sun.nio.ch.SocketChannelImpl.finishConnect(SocketChannelImpl.java:717)
	at org.apache.ratis.thirdparty.io.netty.channel.socket.nio.NioSocketChannel.doFinishConnect(NioSocketChannel.java:327)
	at org.apache.ratis.thirdparty.io.netty.channel.nio.AbstractNioChannel$AbstractNioUnsafe.finishConnect(AbstractNioChannel.java:340)
	at org.apache.ratis.thirdparty.io.netty.channel.nio.NioEventLoop.processSelectedKey(NioEventLoop.java:632)
	at org.apache.ratis.thirdparty.io.netty.channel.nio.NioEventLoop.processSelectedKeysOptimized(NioEventLoop.java:579)
	at org.apache.ratis.thirdparty.io.netty.channel.nio.NioEventLoop.processSelectedKeys(NioEventLoop.java:496)
	at org.apache.ratis.thirdparty.io.netty.channel.nio.NioEventLoop.run(NioEventLoop.java:458)
	at org.apache.ratis.thirdparty.io.netty.util.concurrent.SingleThreadEventExecutor$5.run(SingleThreadEventExecutor.java:897)
	at org.apache.ratis.thirdparty.io.netty.util.concurrent.FastThreadLocalRunnable.run(FastThreadLocalRunnable.java:30)
	... 1 more
Caused by: java.net.ConnectException: Connection refused
	... 11 more
2019-09-25 05:32:43,547 [718f5985-af6b-46f0-b376-36c68e33e3c2@group-8EE3C38B4941:LeaderElection276] INFO  impl.RoleInfo (RoleInfo.java:updateAndGet(143)) - 718f5985-af6b-46f0-b376-36c68e33e3c2: start FollowerState
2019-09-25 05:32:43,547 [718f5985-af6b-46f0-b376-36c68e33e3c2@group-FABB21EF17C7:LeaderElection284] INFO  impl.RaftServerImpl (RaftServerImpl.java:setRole(174)) - 718f5985-af6b-46f0-b376-36c68e33e3c2@group-FABB21EF17C7: changes role from CANDIDATE to FOLLOWER at term 5 for DISCOVERED_A_NEW_TERM
2019-09-25 05:32:43,546 [74c765d4-ecbc-4161-b0d3-3f71a54c17e6@group-37D53FCFBDA2:LeaderElection287] INFO  impl.RoleInfo (RoleInfo.java:updateAndGet(143)) - 74c765d4-ecbc-4161-b0d3-3f71a54c17e6: start FollowerState
2019-09-25 05:32:43,546 [07d2a3d4-a08d-4ff2-9fee-7694a26bc9e9@group-8EE3C38B4941:LeaderElection277] INFO  impl.RoleInfo (RoleInfo.java:shutdownLeaderElection(134)) - 07d2a3d4-a08d-4ff2-9fee-7694a26bc9e9: shutdown LeaderElection
2019-09-25 05:32:43,546 [07d2a3d4-a08d-4ff2-9fee-7694a26bc9e9@group-19CC27109C97:LeaderElection283] INFO  impl.RaftServerImpl (RaftServerImpl.java:setRole(174)) - 07d2a3d4-a08d-4ff2-9fee-7694a26bc9e9@group-19CC27109C97: changes role from CANDIDATE to FOLLOWER at term 5 for DISCOVERED_A_NEW_TERM
2019-09-25 05:32:43,545 [07d2a3d4-a08d-4ff2-9fee-7694a26bc9e9@group-FABB21EF17C7:LeaderElection288] INFO  impl.RoleInfo (RoleInfo.java:updateAndGet(143)) - 07d2a3d4-a08d-4ff2-9fee-7694a26bc9e9: start FollowerState
2019-09-25 05:32:43,549 [07d2a3d4-a08d-4ff2-9fee-7694a26bc9e9@group-19CC27109C97:LeaderElection283] INFO  impl.RoleInfo (RoleInfo.java:shutdownLeaderElection(134)) - 07d2a3d4-a08d-4ff2-9fee-7694a26bc9e9: shutdown LeaderElection
2019-09-25 05:32:43,545 [e40b1169-82c6-4268-9b48-d611605c3b5d@group-37D53FCFBDA2:LeaderElection286] INFO  impl.LeaderElection (LeaderElection.java:logAndReturn(56)) - e40b1169-82c6-4268-9b48-d611605c3b5d@group-37D53FCFBDA2:LeaderElection286: Election REJECTED; received 1 response(s) [e40b1169-82c6-4268-9b48-d611605c3b5d<-74c765d4-ecbc-4161-b0d3-3f71a54c17e6#0:FAIL-t1] and 1 exception(s); e40b1169-82c6-4268-9b48-d611605c3b5d@group-37D53FCFBDA2:t1, leader=null, voted=e40b1169-82c6-4268-9b48-d611605c3b5d, raftlog=e40b1169-82c6-4268-9b48-d611605c3b5d@group-37D53FCFBDA2-SegmentedRaftLog:OPENED:c-1,f-1,i0, conf=-1: [e40b1169-82c6-4268-9b48-d611605c3b5d:192.168.36.126:46360, 74c765d4-ecbc-4161-b0d3-3f71a54c17e6:192.168.36.126:46193, 8ffa0edf-3bee-4748-91ab-c75ab538701e:192.168.36.126:35863], old=null
2019-09-25 05:32:43,549 [07d2a3d4-a08d-4ff2-9fee-7694a26bc9e9@group-19CC27109C97:LeaderElection283] INFO  impl.RoleInfo (RoleInfo.java:updateAndGet(143)) - 07d2a3d4-a08d-4ff2-9fee-7694a26bc9e9: start FollowerState
2019-09-25 05:32:43,548 [07d2a3d4-a08d-4ff2-9fee-7694a26bc9e9@group-8EE3C38B4941:LeaderElection277] INFO  impl.RoleInfo (RoleInfo.java:updateAndGet(143)) - 07d2a3d4-a08d-4ff2-9fee-7694a26bc9e9: start FollowerState
2019-09-25 05:32:43,548 [718f5985-af6b-46f0-b376-36c68e33e3c2@group-FABB21EF17C7:LeaderElection284] INFO  impl.RoleInfo (RoleInfo.java:shutdownLeaderElection(134)) - 718f5985-af6b-46f0-b376-36c68e33e3c2: shutdown LeaderElection
2019-09-25 05:32:43,548 [718f5985-af6b-46f0-b376-36c68e33e3c2@group-19CC27109C97:LeaderElection285] INFO  impl.RaftServerImpl (RaftServerImpl.java:setRole(174)) - 718f5985-af6b-46f0-b376-36c68e33e3c2@group-19CC27109C97: changes role from CANDIDATE to FOLLOWER at term 5 for DISCOVERED_A_NEW_TERM
2019-09-25 05:32:43,549 [718f5985-af6b-46f0-b376-36c68e33e3c2@group-FABB21EF17C7:LeaderElection284] INFO  impl.RoleInfo (RoleInfo.java:updateAndGet(143)) - 718f5985-af6b-46f0-b376-36c68e33e3c2: start FollowerState
2019-09-25 05:32:43,549 [e40b1169-82c6-4268-9b48-d611605c3b5d@group-37D53FCFBDA2:LeaderElection286] INFO  impl.LeaderElection (LogUtils.java:infoOrTrace(149)) -   Exception 0: {}
java.util.concurrent.ExecutionException: org.apache.ratis.thirdparty.io.grpc.StatusRuntimeException: UNAVAILABLE: io exception
	at java.util.concurrent.FutureTask.report(FutureTask.java:122)
	at java.util.concurrent.FutureTask.get(FutureTask.java:192)
	at org.apache.ratis.server.impl.LeaderElection.waitForResults(LeaderElection.java:263)
	at org.apache.ratis.server.impl.LeaderElection.askForVotes(LeaderElection.java:201)
	at org.apache.ratis.server.impl.LeaderElection.run(LeaderElection.java:133)
	at java.lang.Thread.run(Thread.java:748)
Caused by: org.apache.ratis.thirdparty.io.grpc.StatusRuntimeException: UNAVAILABLE: io exception
	at org.apache.ratis.thirdparty.io.grpc.stub.ClientCalls.toStatusRuntimeException(ClientCalls.java:233)
	at org.apache.ratis.thirdparty.io.grpc.stub.ClientCalls.getUnchecked(ClientCalls.java:214)
	at org.apache.ratis.thirdparty.io.grpc.stub.ClientCalls.blockingUnaryCall(ClientCalls.java:139)
	at org.apache.ratis.proto.grpc.RaftServerProtocolServiceGrpc$RaftServerProtocolServiceBlockingStub.requestVote(RaftServerProtocolServiceGrpc.java:265)
	at org.apache.ratis.grpc.server.GrpcServerProtocolClient.requestVote(GrpcServerProtocolClient.java:90)
	at org.apache.ratis.grpc.server.GrpcService.requestVote(GrpcService.java:204)
	at org.apache.ratis.server.impl.LeaderElection.lambda$submitRequests$1(LeaderElection.java:238)
	at java.util.concurrent.FutureTask.run(FutureTask.java:266)
	at java.util.concurrent.Executors$RunnableAdapter.call(Executors.java:511)
	at java.util.concurrent.FutureTask.run(FutureTask.java:266)
	at java.util.concurrent.ThreadPoolExecutor.runWorker(ThreadPoolExecutor.java:1149)
	at java.util.concurrent.ThreadPoolExecutor$Worker.run(ThreadPoolExecutor.java:624)
	... 1 more
Caused by: org.apache.ratis.thirdparty.io.netty.channel.AbstractChannel$AnnotatedConnectException: Connection refused: /192.168.36.126:35863
	at sun.nio.ch.SocketChannelImpl.checkConnect(Native Method)
	at sun.nio.ch.SocketChannelImpl.finishConnect(SocketChannelImpl.java:717)
	at org.apache.ratis.thirdparty.io.netty.channel.socket.nio.NioSocketChannel.doFinishConnect(NioSocketChannel.java:327)
	at org.apache.ratis.thirdparty.io.netty.channel.nio.AbstractNioChannel$AbstractNioUnsafe.finishConnect(AbstractNioChannel.java:340)
	at org.apache.ratis.thirdparty.io.netty.channel.nio.NioEventLoop.processSelectedKey(NioEventLoop.java:632)
	at org.apache.ratis.thirdparty.io.netty.channel.nio.NioEventLoop.processSelectedKeysOptimized(NioEventLoop.java:579)
	at org.apache.ratis.thirdparty.io.netty.channel.nio.NioEventLoop.processSelectedKeys(NioEventLoop.java:496)
	at org.apache.ratis.thirdparty.io.netty.channel.nio.NioEventLoop.run(NioEventLoop.java:458)
	at org.apache.ratis.thirdparty.io.netty.util.concurrent.SingleThreadEventExecutor$5.run(SingleThreadEventExecutor.java:897)
	at org.apache.ratis.thirdparty.io.netty.util.concurrent.FastThreadLocalRunnable.run(FastThreadLocalRunnable.java:30)
	... 1 more
Caused by: java.net.ConnectException: Connection refused
	... 11 more
2019-09-25 05:32:43,549 [718f5985-af6b-46f0-b376-36c68e33e3c2@group-19CC27109C97:LeaderElection285] INFO  impl.RoleInfo (RoleInfo.java:shutdownLeaderElection(134)) - 718f5985-af6b-46f0-b376-36c68e33e3c2: shutdown LeaderElection
2019-09-25 05:32:43,550 [e40b1169-82c6-4268-9b48-d611605c3b5d@group-37D53FCFBDA2:LeaderElection286] INFO  impl.RaftServerImpl (RaftServerImpl.java:setRole(174)) - e40b1169-82c6-4268-9b48-d611605c3b5d@group-37D53FCFBDA2: changes role from CANDIDATE to FOLLOWER at term 1 for DISCOVERED_A_NEW_TERM
2019-09-25 05:32:43,550 [718f5985-af6b-46f0-b376-36c68e33e3c2@group-19CC27109C97:LeaderElection285] INFO  impl.RoleInfo (RoleInfo.java:updateAndGet(143)) - 718f5985-af6b-46f0-b376-36c68e33e3c2: start FollowerState
2019-09-25 05:32:43,550 [e40b1169-82c6-4268-9b48-d611605c3b5d@group-37D53FCFBDA2:LeaderElection286] INFO  impl.RoleInfo (RoleInfo.java:shutdownLeaderElection(134)) - e40b1169-82c6-4268-9b48-d611605c3b5d: shutdown LeaderElection
2019-09-25 05:32:43,550 [e40b1169-82c6-4268-9b48-d611605c3b5d@group-37D53FCFBDA2:LeaderElection286] INFO  impl.RoleInfo (RoleInfo.java:updateAndGet(143)) - e40b1169-82c6-4268-9b48-d611605c3b5d: start FollowerState
2019-09-25 05:32:44,555 [Thread-1895] INFO  impl.FollowerState (FollowerState.java:run(106)) - 718f5985-af6b-46f0-b376-36c68e33e3c2:group-FABB21EF17C7 changes to CANDIDATE, lastRpcTime:1005, electionTimeout:1005ms
2019-09-25 05:32:44,555 [Thread-1895] INFO  impl.RoleInfo (RoleInfo.java:shutdownFollowerState(121)) - 718f5985-af6b-46f0-b376-36c68e33e3c2: shutdown FollowerState
2019-09-25 05:32:44,555 [Thread-1895] INFO  impl.RaftServerImpl (RaftServerImpl.java:setRole(174)) - 718f5985-af6b-46f0-b376-36c68e33e3c2@group-FABB21EF17C7: changes role from  FOLLOWER to CANDIDATE at term 5 for changeToCandidate
2019-09-25 05:32:44,555 [Thread-1895] INFO  impl.RoleInfo (RoleInfo.java:updateAndGet(143)) - 718f5985-af6b-46f0-b376-36c68e33e3c2: start LeaderElection
2019-09-25 05:32:44,585 [Thread-1894] INFO  impl.FollowerState (FollowerState.java:run(106)) - 07d2a3d4-a08d-4ff2-9fee-7694a26bc9e9:group-19CC27109C97 changes to CANDIDATE, lastRpcTime:1036, electionTimeout:1036ms
2019-09-25 05:32:44,585 [Thread-1894] INFO  impl.RoleInfo (RoleInfo.java:shutdownFollowerState(121)) - 07d2a3d4-a08d-4ff2-9fee-7694a26bc9e9: shutdown FollowerState
2019-09-25 05:32:44,585 [Thread-1894] INFO  impl.RaftServerImpl (RaftServerImpl.java:setRole(174)) - 07d2a3d4-a08d-4ff2-9fee-7694a26bc9e9@group-19CC27109C97: changes role from  FOLLOWER to CANDIDATE at term 5 for changeToCandidate
2019-09-25 05:32:44,586 [Thread-1894] INFO  impl.RoleInfo (RoleInfo.java:updateAndGet(143)) - 07d2a3d4-a08d-4ff2-9fee-7694a26bc9e9: start LeaderElection
2019-09-25 05:32:44,600 [Thread-1892] INFO  impl.FollowerState (FollowerState.java:run(106)) - 718f5985-af6b-46f0-b376-36c68e33e3c2:group-8EE3C38B4941 changes to CANDIDATE, lastRpcTime:1053, electionTimeout:1052ms
2019-09-25 05:32:44,600 [Thread-1892] INFO  impl.RoleInfo (RoleInfo.java:shutdownFollowerState(121)) - 718f5985-af6b-46f0-b376-36c68e33e3c2: shutdown FollowerState
2019-09-25 05:32:44,600 [Thread-1892] INFO  impl.RaftServerImpl (RaftServerImpl.java:setRole(174)) - 718f5985-af6b-46f0-b376-36c68e33e3c2@group-8EE3C38B4941: changes role from  FOLLOWER to CANDIDATE at term 5 for changeToCandidate
2019-09-25 05:32:44,601 [Thread-1892] INFO  impl.RoleInfo (RoleInfo.java:updateAndGet(143)) - 718f5985-af6b-46f0-b376-36c68e33e3c2: start LeaderElection
2019-09-25 05:32:44,653 [Thread-1893] INFO  impl.FollowerState (FollowerState.java:run(106)) - 07d2a3d4-a08d-4ff2-9fee-7694a26bc9e9:group-8EE3C38B4941 changes to CANDIDATE, lastRpcTime:1104, electionTimeout:1103ms
2019-09-25 05:32:44,653 [Thread-1893] INFO  impl.RoleInfo (RoleInfo.java:shutdownFollowerState(121)) - 07d2a3d4-a08d-4ff2-9fee-7694a26bc9e9: shutdown FollowerState
2019-09-25 05:32:44,653 [Thread-1893] INFO  impl.RaftServerImpl (RaftServerImpl.java:setRole(174)) - 07d2a3d4-a08d-4ff2-9fee-7694a26bc9e9@group-8EE3C38B4941: changes role from  FOLLOWER to CANDIDATE at term 5 for changeToCandidate
2019-09-25 05:32:44,653 [Thread-1893] INFO  impl.RoleInfo (RoleInfo.java:updateAndGet(143)) - 07d2a3d4-a08d-4ff2-9fee-7694a26bc9e9: start LeaderElection
2019-09-25 05:32:44,685 [Thread-1896] INFO  impl.FollowerState (FollowerState.java:run(106)) - 718f5985-af6b-46f0-b376-36c68e33e3c2:group-19CC27109C97 changes to CANDIDATE, lastRpcTime:1134, electionTimeout:1134ms
2019-09-25 05:32:44,685 [Thread-1896] INFO  impl.RoleInfo (RoleInfo.java:shutdownFollowerState(121)) - 718f5985-af6b-46f0-b376-36c68e33e3c2: shutdown FollowerState
2019-09-25 05:32:44,685 [Thread-1896] INFO  impl.RaftServerImpl (RaftServerImpl.java:setRole(174)) - 718f5985-af6b-46f0-b376-36c68e33e3c2@group-19CC27109C97: changes role from  FOLLOWER to CANDIDATE at term 5 for changeToCandidate
2019-09-25 05:32:44,685 [Thread-1896] INFO  impl.RoleInfo (RoleInfo.java:updateAndGet(143)) - 718f5985-af6b-46f0-b376-36c68e33e3c2: start LeaderElection
2019-09-25 05:32:44,712 [Thread-1891] INFO  impl.FollowerState (FollowerState.java:run(106)) - 74c765d4-ecbc-4161-b0d3-3f71a54c17e6:group-37D53FCFBDA2 changes to CANDIDATE, lastRpcTime:1165, electionTimeout:1164ms
2019-09-25 05:32:44,713 [Thread-1891] INFO  impl.RoleInfo (RoleInfo.java:shutdownFollowerState(121)) - 74c765d4-ecbc-4161-b0d3-3f71a54c17e6: shutdown FollowerState
2019-09-25 05:32:44,713 [Thread-1891] INFO  impl.RaftServerImpl (RaftServerImpl.java:setRole(174)) - 74c765d4-ecbc-4161-b0d3-3f71a54c17e6@group-37D53FCFBDA2: changes role from  FOLLOWER to CANDIDATE at term 1 for changeToCandidate
2019-09-25 05:32:44,713 [Thread-1891] INFO  impl.RoleInfo (RoleInfo.java:updateAndGet(143)) - 74c765d4-ecbc-4161-b0d3-3f71a54c17e6: start LeaderElection
2019-09-25 05:32:44,720 [Thread-1890] INFO  impl.FollowerState (FollowerState.java:run(106)) - 07d2a3d4-a08d-4ff2-9fee-7694a26bc9e9:group-FABB21EF17C7 changes to CANDIDATE, lastRpcTime:1174, electionTimeout:1171ms
2019-09-25 05:32:44,720 [Thread-1890] INFO  impl.RoleInfo (RoleInfo.java:shutdownFollowerState(121)) - 07d2a3d4-a08d-4ff2-9fee-7694a26bc9e9: shutdown FollowerState
2019-09-25 05:32:44,720 [Thread-1890] INFO  impl.RaftServerImpl (RaftServerImpl.java:setRole(174)) - 07d2a3d4-a08d-4ff2-9fee-7694a26bc9e9@group-FABB21EF17C7: changes role from  FOLLOWER to CANDIDATE at term 5 for changeToCandidate
2019-09-25 05:32:44,720 [Thread-1890] INFO  impl.RoleInfo (RoleInfo.java:updateAndGet(143)) - 07d2a3d4-a08d-4ff2-9fee-7694a26bc9e9: start LeaderElection
2019-09-25 05:32:44,726 [Thread-1897] INFO  impl.FollowerState (FollowerState.java:run(106)) - e40b1169-82c6-4268-9b48-d611605c3b5d:group-37D53FCFBDA2 changes to CANDIDATE, lastRpcTime:1175, electionTimeout:1175ms
2019-09-25 05:32:44,726 [Thread-1897] INFO  impl.RoleInfo (RoleInfo.java:shutdownFollowerState(121)) - e40b1169-82c6-4268-9b48-d611605c3b5d: shutdown FollowerState
2019-09-25 05:32:44,726 [Thread-1897] INFO  impl.RaftServerImpl (RaftServerImpl.java:setRole(174)) - e40b1169-82c6-4268-9b48-d611605c3b5d@group-37D53FCFBDA2: changes role from  FOLLOWER to CANDIDATE at term 1 for changeToCandidate
2019-09-25 05:32:44,726 [Thread-1897] INFO  impl.RoleInfo (RoleInfo.java:updateAndGet(143)) - e40b1169-82c6-4268-9b48-d611605c3b5d: start LeaderElection
2019-09-25 05:32:44,873 [718f5985-af6b-46f0-b376-36c68e33e3c2@group-FABB21EF17C7:LeaderElection290] INFO  impl.LeaderElection (LeaderElection.java:askForVotes(182)) - 718f5985-af6b-46f0-b376-36c68e33e3c2@group-FABB21EF17C7:LeaderElection290: begin an election at term 6 for -1: [07d2a3d4-a08d-4ff2-9fee-7694a26bc9e9:192.168.36.126:42527, 718f5985-af6b-46f0-b376-36c68e33e3c2:192.168.36.126:33516, 7d339ff4-0353-45b5-a855-49faf6b9a877:192.168.36.126:33810], old=null
2019-09-25 05:32:44,873 [07d2a3d4-a08d-4ff2-9fee-7694a26bc9e9@group-19CC27109C97:LeaderElection291] INFO  impl.LeaderElection (LeaderElection.java:askForVotes(182)) - 07d2a3d4-a08d-4ff2-9fee-7694a26bc9e9@group-19CC27109C97:LeaderElection291: begin an election at term 6 for -1: [07d2a3d4-a08d-4ff2-9fee-7694a26bc9e9:192.168.36.126:42527, 718f5985-af6b-46f0-b376-36c68e33e3c2:192.168.36.126:33516, 7d339ff4-0353-45b5-a855-49faf6b9a877:192.168.36.126:33810], old=null
2019-09-25 05:32:44,873 [718f5985-af6b-46f0-b376-36c68e33e3c2@group-8EE3C38B4941:LeaderElection292] INFO  impl.LeaderElection (LeaderElection.java:askForVotes(182)) - 718f5985-af6b-46f0-b376-36c68e33e3c2@group-8EE3C38B4941:LeaderElection292: begin an election at term 6 for -1: [07d2a3d4-a08d-4ff2-9fee-7694a26bc9e9:192.168.36.126:42527, 718f5985-af6b-46f0-b376-36c68e33e3c2:192.168.36.126:33516, 7d339ff4-0353-45b5-a855-49faf6b9a877:192.168.36.126:33810], old=null
2019-09-25 05:32:44,873 [07d2a3d4-a08d-4ff2-9fee-7694a26bc9e9@group-8EE3C38B4941:LeaderElection293] INFO  impl.LeaderElection (LeaderElection.java:askForVotes(182)) - 07d2a3d4-a08d-4ff2-9fee-7694a26bc9e9@group-8EE3C38B4941:LeaderElection293: begin an election at term 6 for -1: [07d2a3d4-a08d-4ff2-9fee-7694a26bc9e9:192.168.36.126:42527, 718f5985-af6b-46f0-b376-36c68e33e3c2:192.168.36.126:33516, 7d339ff4-0353-45b5-a855-49faf6b9a877:192.168.36.126:33810], old=null
2019-09-25 05:32:44,875 [718f5985-af6b-46f0-b376-36c68e33e3c2@group-FABB21EF17C7:LeaderElection290] INFO  impl.LeaderElection (LogUtils.java:infoOrTrace(149)) - 718f5985-af6b-46f0-b376-36c68e33e3c2@group-FABB21EF17C7:LeaderElection290 got exception when requesting votes: {}
java.util.concurrent.ExecutionException: org.apache.ratis.thirdparty.io.grpc.StatusRuntimeException: UNAVAILABLE: io exception
	at java.util.concurrent.FutureTask.report(FutureTask.java:122)
	at java.util.concurrent.FutureTask.get(FutureTask.java:192)
	at org.apache.ratis.server.impl.LeaderElection.waitForResults(LeaderElection.java:263)
	at org.apache.ratis.server.impl.LeaderElection.askForVotes(LeaderElection.java:201)
	at org.apache.ratis.server.impl.LeaderElection.run(LeaderElection.java:133)
	at java.lang.Thread.run(Thread.java:748)
Caused by: org.apache.ratis.thirdparty.io.grpc.StatusRuntimeException: UNAVAILABLE: io exception
	at org.apache.ratis.thirdparty.io.grpc.stub.ClientCalls.toStatusRuntimeException(ClientCalls.java:233)
	at org.apache.ratis.thirdparty.io.grpc.stub.ClientCalls.getUnchecked(ClientCalls.java:214)
	at org.apache.ratis.thirdparty.io.grpc.stub.ClientCalls.blockingUnaryCall(ClientCalls.java:139)
	at org.apache.ratis.proto.grpc.RaftServerProtocolServiceGrpc$RaftServerProtocolServiceBlockingStub.requestVote(RaftServerProtocolServiceGrpc.java:265)
	at org.apache.ratis.grpc.server.GrpcServerProtocolClient.requestVote(GrpcServerProtocolClient.java:90)
	at org.apache.ratis.grpc.server.GrpcService.requestVote(GrpcService.java:204)
	at org.apache.ratis.server.impl.LeaderElection.lambda$submitRequests$1(LeaderElection.java:238)
	at java.util.concurrent.FutureTask.run(FutureTask.java:266)
	at java.util.concurrent.Executors$RunnableAdapter.call(Executors.java:511)
	at java.util.concurrent.FutureTask.run(FutureTask.java:266)
	at java.util.concurrent.ThreadPoolExecutor.runWorker(ThreadPoolExecutor.java:1149)
	at java.util.concurrent.ThreadPoolExecutor$Worker.run(ThreadPoolExecutor.java:624)
	... 1 more
Caused by: org.apache.ratis.thirdparty.io.netty.channel.AbstractChannel$AnnotatedConnectException: Connection refused: /192.168.36.126:33810
	at sun.nio.ch.SocketChannelImpl.checkConnect(Native Method)
	at sun.nio.ch.SocketChannelImpl.finishConnect(SocketChannelImpl.java:717)
	at org.apache.ratis.thirdparty.io.netty.channel.socket.nio.NioSocketChannel.doFinishConnect(NioSocketChannel.java:327)
	at org.apache.ratis.thirdparty.io.netty.channel.nio.AbstractNioChannel$AbstractNioUnsafe.finishConnect(AbstractNioChannel.java:340)
	at org.apache.ratis.thirdparty.io.netty.channel.nio.NioEventLoop.processSelectedKey(NioEventLoop.java:632)
	at org.apache.ratis.thirdparty.io.netty.channel.nio.NioEventLoop.processSelectedKeysOptimized(NioEventLoop.java:579)
	at org.apache.ratis.thirdparty.io.netty.channel.nio.NioEventLoop.processSelectedKeys(NioEventLoop.java:496)
	at org.apache.ratis.thirdparty.io.netty.channel.nio.NioEventLoop.run(NioEventLoop.java:458)
	at org.apache.ratis.thirdparty.io.netty.util.concurrent.SingleThreadEventExecutor$5.run(SingleThreadEventExecutor.java:897)
	at org.apache.ratis.thirdparty.io.netty.util.concurrent.FastThreadLocalRunnable.run(FastThreadLocalRunnable.java:30)
	... 1 more
Caused by: java.net.ConnectException: Connection refused
	... 11 more
2019-09-25 05:32:44,875 [718f5985-af6b-46f0-b376-36c68e33e3c2@group-8EE3C38B4941:LeaderElection292] INFO  impl.LeaderElection (LogUtils.java:infoOrTrace(149)) - 718f5985-af6b-46f0-b376-36c68e33e3c2@group-8EE3C38B4941:LeaderElection292 got exception when requesting votes: {}
java.util.concurrent.ExecutionException: org.apache.ratis.thirdparty.io.grpc.StatusRuntimeException: UNAVAILABLE: io exception
	at java.util.concurrent.FutureTask.report(FutureTask.java:122)
	at java.util.concurrent.FutureTask.get(FutureTask.java:192)
	at org.apache.ratis.server.impl.LeaderElection.waitForResults(LeaderElection.java:263)
	at org.apache.ratis.server.impl.LeaderElection.askForVotes(LeaderElection.java:201)
	at org.apache.ratis.server.impl.LeaderElection.run(LeaderElection.java:133)
	at java.lang.Thread.run(Thread.java:748)
Caused by: org.apache.ratis.thirdparty.io.grpc.StatusRuntimeException: UNAVAILABLE: io exception
	at org.apache.ratis.thirdparty.io.grpc.stub.ClientCalls.toStatusRuntimeException(ClientCalls.java:233)
	at org.apache.ratis.thirdparty.io.grpc.stub.ClientCalls.getUnchecked(ClientCalls.java:214)
	at org.apache.ratis.thirdparty.io.grpc.stub.ClientCalls.blockingUnaryCall(ClientCalls.java:139)
	at org.apache.ratis.proto.grpc.RaftServerProtocolServiceGrpc$RaftServerProtocolServiceBlockingStub.requestVote(RaftServerProtocolServiceGrpc.java:265)
	at org.apache.ratis.grpc.server.GrpcServerProtocolClient.requestVote(GrpcServerProtocolClient.java:90)
	at org.apache.ratis.grpc.server.GrpcService.requestVote(GrpcService.java:204)
	at org.apache.ratis.server.impl.LeaderElection.lambda$submitRequests$1(LeaderElection.java:238)
	at java.util.concurrent.FutureTask.run(FutureTask.java:266)
	at java.util.concurrent.Executors$RunnableAdapter.call(Executors.java:511)
	at java.util.concurrent.FutureTask.run(FutureTask.java:266)
	at java.util.concurrent.ThreadPoolExecutor.runWorker(ThreadPoolExecutor.java:1149)
	at java.util.concurrent.ThreadPoolExecutor$Worker.run(ThreadPoolExecutor.java:624)
	... 1 more
Caused by: org.apache.ratis.thirdparty.io.netty.channel.AbstractChannel$AnnotatedConnectException: Connection refused: /192.168.36.126:33810
	at sun.nio.ch.SocketChannelImpl.checkConnect(Native Method)
	at sun.nio.ch.SocketChannelImpl.finishConnect(SocketChannelImpl.java:717)
	at org.apache.ratis.thirdparty.io.netty.channel.socket.nio.NioSocketChannel.doFinishConnect(NioSocketChannel.java:327)
	at org.apache.ratis.thirdparty.io.netty.channel.nio.AbstractNioChannel$AbstractNioUnsafe.finishConnect(AbstractNioChannel.java:340)
	at org.apache.ratis.thirdparty.io.netty.channel.nio.NioEventLoop.processSelectedKey(NioEventLoop.java:632)
	at org.apache.ratis.thirdparty.io.netty.channel.nio.NioEventLoop.processSelectedKeysOptimized(NioEventLoop.java:579)
	at org.apache.ratis.thirdparty.io.netty.channel.nio.NioEventLoop.processSelectedKeys(NioEventLoop.java:496)
	at org.apache.ratis.thirdparty.io.netty.channel.nio.NioEventLoop.run(NioEventLoop.java:458)
	at org.apache.ratis.thirdparty.io.netty.util.concurrent.SingleThreadEventExecutor$5.run(SingleThreadEventExecutor.java:897)
	at org.apache.ratis.thirdparty.io.netty.util.concurrent.FastThreadLocalRunnable.run(FastThreadLocalRunnable.java:30)
	... 1 more
Caused by: java.net.ConnectException: Connection refused
	... 11 more
2019-09-25 05:32:44,875 [07d2a3d4-a08d-4ff2-9fee-7694a26bc9e9@group-8EE3C38B4941:LeaderElection293] INFO  impl.LeaderElection (LogUtils.java:infoOrTrace(149)) - 07d2a3d4-a08d-4ff2-9fee-7694a26bc9e9@group-8EE3C38B4941:LeaderElection293 got exception when requesting votes: {}
java.util.concurrent.ExecutionException: org.apache.ratis.thirdparty.io.grpc.StatusRuntimeException: UNAVAILABLE: io exception
	at java.util.concurrent.FutureTask.report(FutureTask.java:122)
	at java.util.concurrent.FutureTask.get(FutureTask.java:192)
	at org.apache.ratis.server.impl.LeaderElection.waitForResults(LeaderElection.java:263)
	at org.apache.ratis.server.impl.LeaderElection.askForVotes(LeaderElection.java:201)
	at org.apache.ratis.server.impl.LeaderElection.run(LeaderElection.java:133)
	at java.lang.Thread.run(Thread.java:748)
Caused by: org.apache.ratis.thirdparty.io.grpc.StatusRuntimeException: UNAVAILABLE: io exception
	at org.apache.ratis.thirdparty.io.grpc.stub.ClientCalls.toStatusRuntimeException(ClientCalls.java:233)
	at org.apache.ratis.thirdparty.io.grpc.stub.ClientCalls.getUnchecked(ClientCalls.java:214)
	at org.apache.ratis.thirdparty.io.grpc.stub.ClientCalls.blockingUnaryCall(ClientCalls.java:139)
	at org.apache.ratis.proto.grpc.RaftServerProtocolServiceGrpc$RaftServerProtocolServiceBlockingStub.requestVote(RaftServerProtocolServiceGrpc.java:265)
	at org.apache.ratis.grpc.server.GrpcServerProtocolClient.requestVote(GrpcServerProtocolClient.java:90)
	at org.apache.ratis.grpc.server.GrpcService.requestVote(GrpcService.java:204)
	at org.apache.ratis.server.impl.LeaderElection.lambda$submitRequests$1(LeaderElection.java:238)
	at java.util.concurrent.FutureTask.run(FutureTask.java:266)
	at java.util.concurrent.Executors$RunnableAdapter.call(Executors.java:511)
	at java.util.concurrent.FutureTask.run(FutureTask.java:266)
	at java.util.concurrent.ThreadPoolExecutor.runWorker(ThreadPoolExecutor.java:1149)
	at java.util.concurrent.ThreadPoolExecutor$Worker.run(ThreadPoolExecutor.java:624)
	... 1 more
Caused by: org.apache.ratis.thirdparty.io.netty.channel.AbstractChannel$AnnotatedConnectException: Connection refused: /192.168.36.126:33810
	at sun.nio.ch.SocketChannelImpl.checkConnect(Native Method)
	at sun.nio.ch.SocketChannelImpl.finishConnect(SocketChannelImpl.java:717)
	at org.apache.ratis.thirdparty.io.netty.channel.socket.nio.NioSocketChannel.doFinishConnect(NioSocketChannel.java:327)
	at org.apache.ratis.thirdparty.io.netty.channel.nio.AbstractNioChannel$AbstractNioUnsafe.finishConnect(AbstractNioChannel.java:340)
	at org.apache.ratis.thirdparty.io.netty.channel.nio.NioEventLoop.processSelectedKey(NioEventLoop.java:632)
	at org.apache.ratis.thirdparty.io.netty.channel.nio.NioEventLoop.processSelectedKeysOptimized(NioEventLoop.java:579)
	at org.apache.ratis.thirdparty.io.netty.channel.nio.NioEventLoop.processSelectedKeys(NioEventLoop.java:496)
	at org.apache.ratis.thirdparty.io.netty.channel.nio.NioEventLoop.run(NioEventLoop.java:458)
	at org.apache.ratis.thirdparty.io.netty.util.concurrent.SingleThreadEventExecutor$5.run(SingleThreadEventExecutor.java:897)
	at org.apache.ratis.thirdparty.io.netty.util.concurrent.FastThreadLocalRunnable.run(FastThreadLocalRunnable.java:30)
	... 1 more
Caused by: java.net.ConnectException: Connection refused
	... 11 more
2019-09-25 05:32:44,875 [07d2a3d4-a08d-4ff2-9fee-7694a26bc9e9@group-19CC27109C97:LeaderElection291] INFO  impl.LeaderElection (LogUtils.java:infoOrTrace(149)) - 07d2a3d4-a08d-4ff2-9fee-7694a26bc9e9@group-19CC27109C97:LeaderElection291 got exception when requesting votes: {}
java.util.concurrent.ExecutionException: org.apache.ratis.thirdparty.io.grpc.StatusRuntimeException: UNAVAILABLE: io exception
	at java.util.concurrent.FutureTask.report(FutureTask.java:122)
	at java.util.concurrent.FutureTask.get(FutureTask.java:192)
	at org.apache.ratis.server.impl.LeaderElection.waitForResults(LeaderElection.java:263)
	at org.apache.ratis.server.impl.LeaderElection.askForVotes(LeaderElection.java:201)
	at org.apache.ratis.server.impl.LeaderElection.run(LeaderElection.java:133)
	at java.lang.Thread.run(Thread.java:748)
Caused by: org.apache.ratis.thirdparty.io.grpc.StatusRuntimeException: UNAVAILABLE: io exception
	at org.apache.ratis.thirdparty.io.grpc.stub.ClientCalls.toStatusRuntimeException(ClientCalls.java:233)
	at org.apache.ratis.thirdparty.io.grpc.stub.ClientCalls.getUnchecked(ClientCalls.java:214)
	at org.apache.ratis.thirdparty.io.grpc.stub.ClientCalls.blockingUnaryCall(ClientCalls.java:139)
	at org.apache.ratis.proto.grpc.RaftServerProtocolServiceGrpc$RaftServerProtocolServiceBlockingStub.requestVote(RaftServerProtocolServiceGrpc.java:265)
	at org.apache.ratis.grpc.server.GrpcServerProtocolClient.requestVote(GrpcServerProtocolClient.java:90)
	at org.apache.ratis.grpc.server.GrpcService.requestVote(GrpcService.java:204)
	at org.apache.ratis.server.impl.LeaderElection.lambda$submitRequests$1(LeaderElection.java:238)
	at java.util.concurrent.FutureTask.run(FutureTask.java:266)
	at java.util.concurrent.Executors$RunnableAdapter.call(Executors.java:511)
	at java.util.concurrent.FutureTask.run(FutureTask.java:266)
	at java.util.concurrent.ThreadPoolExecutor.runWorker(ThreadPoolExecutor.java:1149)
	at java.util.concurrent.ThreadPoolExecutor$Worker.run(ThreadPoolExecutor.java:624)
	... 1 more
Caused by: org.apache.ratis.thirdparty.io.netty.channel.AbstractChannel$AnnotatedConnectException: Connection refused: /192.168.36.126:33810
	at sun.nio.ch.SocketChannelImpl.checkConnect(Native Method)
	at sun.nio.ch.SocketChannelImpl.finishConnect(SocketChannelImpl.java:717)
	at org.apache.ratis.thirdparty.io.netty.channel.socket.nio.NioSocketChannel.doFinishConnect(NioSocketChannel.java:327)
	at org.apache.ratis.thirdparty.io.netty.channel.nio.AbstractNioChannel$AbstractNioUnsafe.finishConnect(AbstractNioChannel.java:340)
	at org.apache.ratis.thirdparty.io.netty.channel.nio.NioEventLoop.processSelectedKey(NioEventLoop.java:632)
	at org.apache.ratis.thirdparty.io.netty.channel.nio.NioEventLoop.processSelectedKeysOptimized(NioEventLoop.java:579)
	at org.apache.ratis.thirdparty.io.netty.channel.nio.NioEventLoop.processSelectedKeys(NioEventLoop.java:496)
	at org.apache.ratis.thirdparty.io.netty.channel.nio.NioEventLoop.run(NioEventLoop.java:458)
	at org.apache.ratis.thirdparty.io.netty.util.concurrent.SingleThreadEventExecutor$5.run(SingleThreadEventExecutor.java:897)
	at org.apache.ratis.thirdparty.io.netty.util.concurrent.FastThreadLocalRunnable.run(FastThreadLocalRunnable.java:30)
	... 1 more
Caused by: java.net.ConnectException: Connection refused
	... 11 more
2019-09-25 05:32:44,878 [718f5985-af6b-46f0-b376-36c68e33e3c2@group-8EE3C38B4941:LeaderElection292] INFO  impl.LeaderElection (LeaderElection.java:logAndReturn(56)) - 718f5985-af6b-46f0-b376-36c68e33e3c2@group-8EE3C38B4941:LeaderElection292: Election REJECTED; received 1 response(s) [718f5985-af6b-46f0-b376-36c68e33e3c2<-07d2a3d4-a08d-4ff2-9fee-7694a26bc9e9#0:FAIL-t6] and 1 exception(s); 718f5985-af6b-46f0-b376-36c68e33e3c2@group-8EE3C38B4941:t6, leader=null, voted=718f5985-af6b-46f0-b376-36c68e33e3c2, raftlog=718f5985-af6b-46f0-b376-36c68e33e3c2@group-8EE3C38B4941-SegmentedRaftLog:OPENED:c-1,f-1,i0, conf=-1: [07d2a3d4-a08d-4ff2-9fee-7694a26bc9e9:192.168.36.126:42527, 718f5985-af6b-46f0-b376-36c68e33e3c2:192.168.36.126:33516, 7d339ff4-0353-45b5-a855-49faf6b9a877:192.168.36.126:33810], old=null
2019-09-25 05:32:44,878 [07d2a3d4-a08d-4ff2-9fee-7694a26bc9e9@group-8EE3C38B4941:LeaderElection293] INFO  impl.LeaderElection (LeaderElection.java:logAndReturn(56)) - 07d2a3d4-a08d-4ff2-9fee-7694a26bc9e9@group-8EE3C38B4941:LeaderElection293: Election REJECTED; received 1 response(s) [07d2a3d4-a08d-4ff2-9fee-7694a26bc9e9<-718f5985-af6b-46f0-b376-36c68e33e3c2#0:FAIL-t6] and 1 exception(s); 07d2a3d4-a08d-4ff2-9fee-7694a26bc9e9@group-8EE3C38B4941:t6, leader=null, voted=07d2a3d4-a08d-4ff2-9fee-7694a26bc9e9, raftlog=07d2a3d4-a08d-4ff2-9fee-7694a26bc9e9@group-8EE3C38B4941-SegmentedRaftLog:OPENED:c-1,f-1,i0, conf=-1: [07d2a3d4-a08d-4ff2-9fee-7694a26bc9e9:192.168.36.126:42527, 718f5985-af6b-46f0-b376-36c68e33e3c2:192.168.36.126:33516, 7d339ff4-0353-45b5-a855-49faf6b9a877:192.168.36.126:33810], old=null
2019-09-25 05:32:44,878 [718f5985-af6b-46f0-b376-36c68e33e3c2@group-8EE3C38B4941:LeaderElection292] INFO  impl.LeaderElection (LogUtils.java:infoOrTrace(149)) -   Exception 0: {}
java.util.concurrent.ExecutionException: org.apache.ratis.thirdparty.io.grpc.StatusRuntimeException: UNAVAILABLE: io exception
	at java.util.concurrent.FutureTask.report(FutureTask.java:122)
	at java.util.concurrent.FutureTask.get(FutureTask.java:192)
	at org.apache.ratis.server.impl.LeaderElection.waitForResults(LeaderElection.java:263)
	at org.apache.ratis.server.impl.LeaderElection.askForVotes(LeaderElection.java:201)
	at org.apache.ratis.server.impl.LeaderElection.run(LeaderElection.java:133)
	at java.lang.Thread.run(Thread.java:748)
Caused by: org.apache.ratis.thirdparty.io.grpc.StatusRuntimeException: UNAVAILABLE: io exception
	at org.apache.ratis.thirdparty.io.grpc.stub.ClientCalls.toStatusRuntimeException(ClientCalls.java:233)
	at org.apache.ratis.thirdparty.io.grpc.stub.ClientCalls.getUnchecked(ClientCalls.java:214)
	at org.apache.ratis.thirdparty.io.grpc.stub.ClientCalls.blockingUnaryCall(ClientCalls.java:139)
	at org.apache.ratis.proto.grpc.RaftServerProtocolServiceGrpc$RaftServerProtocolServiceBlockingStub.requestVote(RaftServerProtocolServiceGrpc.java:265)
	at org.apache.ratis.grpc.server.GrpcServerProtocolClient.requestVote(GrpcServerProtocolClient.java:90)
	at org.apache.ratis.grpc.server.GrpcService.requestVote(GrpcService.java:204)
	at org.apache.ratis.server.impl.LeaderElection.lambda$submitRequests$1(LeaderElection.java:238)
	at java.util.concurrent.FutureTask.run(FutureTask.java:266)
	at java.util.concurrent.Executors$RunnableAdapter.call(Executors.java:511)
	at java.util.concurrent.FutureTask.run(FutureTask.java:266)
	at java.util.concurrent.ThreadPoolExecutor.runWorker(ThreadPoolExecutor.java:1149)
	at java.util.concurrent.ThreadPoolExecutor$Worker.run(ThreadPoolExecutor.java:624)
	... 1 more
Caused by: org.apache.ratis.thirdparty.io.netty.channel.AbstractChannel$AnnotatedConnectException: Connection refused: /192.168.36.126:33810
	at sun.nio.ch.SocketChannelImpl.checkConnect(Native Method)
	at sun.nio.ch.SocketChannelImpl.finishConnect(SocketChannelImpl.java:717)
	at org.apache.ratis.thirdparty.io.netty.channel.socket.nio.NioSocketChannel.doFinishConnect(NioSocketChannel.java:327)
	at org.apache.ratis.thirdparty.io.netty.channel.nio.AbstractNioChannel$AbstractNioUnsafe.finishConnect(AbstractNioChannel.java:340)
	at org.apache.ratis.thirdparty.io.netty.channel.nio.NioEventLoop.processSelectedKey(NioEventLoop.java:632)
	at org.apache.ratis.thirdparty.io.netty.channel.nio.NioEventLoop.processSelectedKeysOptimized(NioEventLoop.java:579)
	at org.apache.ratis.thirdparty.io.netty.channel.nio.NioEventLoop.processSelectedKeys(NioEventLoop.java:496)
	at org.apache.ratis.thirdparty.io.netty.channel.nio.NioEventLoop.run(NioEventLoop.java:458)
	at org.apache.ratis.thirdparty.io.netty.util.concurrent.SingleThreadEventExecutor$5.run(SingleThreadEventExecutor.java:897)
	at org.apache.ratis.thirdparty.io.netty.util.concurrent.FastThreadLocalRunnable.run(FastThreadLocalRunnable.java:30)
	... 1 more
Caused by: java.net.ConnectException: Connection refused
	... 11 more
2019-09-25 05:32:44,878 [07d2a3d4-a08d-4ff2-9fee-7694a26bc9e9@group-8EE3C38B4941:LeaderElection293] INFO  impl.LeaderElection (LogUtils.java:infoOrTrace(149)) -   Exception 0: {}
java.util.concurrent.ExecutionException: org.apache.ratis.thirdparty.io.grpc.StatusRuntimeException: UNAVAILABLE: io exception
	at java.util.concurrent.FutureTask.report(FutureTask.java:122)
	at java.util.concurrent.FutureTask.get(FutureTask.java:192)
	at org.apache.ratis.server.impl.LeaderElection.waitForResults(LeaderElection.java:263)
	at org.apache.ratis.server.impl.LeaderElection.askForVotes(LeaderElection.java:201)
	at org.apache.ratis.server.impl.LeaderElection.run(LeaderElection.java:133)
	at java.lang.Thread.run(Thread.java:748)
Caused by: org.apache.ratis.thirdparty.io.grpc.StatusRuntimeException: UNAVAILABLE: io exception
	at org.apache.ratis.thirdparty.io.grpc.stub.ClientCalls.toStatusRuntimeException(ClientCalls.java:233)
	at org.apache.ratis.thirdparty.io.grpc.stub.ClientCalls.getUnchecked(ClientCalls.java:214)
	at org.apache.ratis.thirdparty.io.grpc.stub.ClientCalls.blockingUnaryCall(ClientCalls.java:139)
	at org.apache.ratis.proto.grpc.RaftServerProtocolServiceGrpc$RaftServerProtocolServiceBlockingStub.requestVote(RaftServerProtocolServiceGrpc.java:265)
	at org.apache.ratis.grpc.server.GrpcServerProtocolClient.requestVote(GrpcServerProtocolClient.java:90)
	at org.apache.ratis.grpc.server.GrpcService.requestVote(GrpcService.java:204)
	at org.apache.ratis.server.impl.LeaderElection.lambda$submitRequests$1(LeaderElection.java:238)
	at java.util.concurrent.FutureTask.run(FutureTask.java:266)
	at java.util.concurrent.Executors$RunnableAdapter.call(Executors.java:511)
	at java.util.concurrent.FutureTask.run(FutureTask.java:266)
	at java.util.concurrent.ThreadPoolExecutor.runWorker(ThreadPoolExecutor.java:1149)
	at java.util.concurrent.ThreadPoolExecutor$Worker.run(ThreadPoolExecutor.java:624)
	... 1 more
Caused by: org.apache.ratis.thirdparty.io.netty.channel.AbstractChannel$AnnotatedConnectException: Connection refused: /192.168.36.126:33810
	at sun.nio.ch.SocketChannelImpl.checkConnect(Native Method)
	at sun.nio.ch.SocketChannelImpl.finishConnect(SocketChannelImpl.java:717)
	at org.apache.ratis.thirdparty.io.netty.channel.socket.nio.NioSocketChannel.doFinishConnect(NioSocketChannel.java:327)
	at org.apache.ratis.thirdparty.io.netty.channel.nio.AbstractNioChannel$AbstractNioUnsafe.finishConnect(AbstractNioChannel.java:340)
	at org.apache.ratis.thirdparty.io.netty.channel.nio.NioEventLoop.processSelectedKey(NioEventLoop.java:632)
	at org.apache.ratis.thirdparty.io.netty.channel.nio.NioEventLoop.processSelectedKeysOptimized(NioEventLoop.java:579)
	at org.apache.ratis.thirdparty.io.netty.channel.nio.NioEventLoop.processSelectedKeys(NioEventLoop.java:496)
	at org.apache.ratis.thirdparty.io.netty.channel.nio.NioEventLoop.run(NioEventLoop.java:458)
	at org.apache.ratis.thirdparty.io.netty.util.concurrent.SingleThreadEventExecutor$5.run(SingleThreadEventExecutor.java:897)
	at org.apache.ratis.thirdparty.io.netty.util.concurrent.FastThreadLocalRunnable.run(FastThreadLocalRunnable.java:30)
	... 1 more
Caused by: java.net.ConnectException: Connection refused
	... 11 more
2019-09-25 05:32:44,879 [718f5985-af6b-46f0-b376-36c68e33e3c2@group-8EE3C38B4941:LeaderElection292] INFO  impl.RaftServerImpl (RaftServerImpl.java:setRole(174)) - 718f5985-af6b-46f0-b376-36c68e33e3c2@group-8EE3C38B4941: changes role from CANDIDATE to FOLLOWER at term 6 for DISCOVERED_A_NEW_TERM
2019-09-25 05:32:44,880 [07d2a3d4-a08d-4ff2-9fee-7694a26bc9e9@group-8EE3C38B4941:LeaderElection293] INFO  impl.RaftServerImpl (RaftServerImpl.java:setRole(174)) - 07d2a3d4-a08d-4ff2-9fee-7694a26bc9e9@group-8EE3C38B4941: changes role from CANDIDATE to FOLLOWER at term 6 for DISCOVERED_A_NEW_TERM
2019-09-25 05:32:44,880 [718f5985-af6b-46f0-b376-36c68e33e3c2@group-8EE3C38B4941:LeaderElection292] INFO  impl.RoleInfo (RoleInfo.java:shutdownLeaderElection(134)) - 718f5985-af6b-46f0-b376-36c68e33e3c2: shutdown LeaderElection
2019-09-25 05:32:44,880 [07d2a3d4-a08d-4ff2-9fee-7694a26bc9e9@group-8EE3C38B4941:LeaderElection293] INFO  impl.RoleInfo (RoleInfo.java:shutdownLeaderElection(134)) - 07d2a3d4-a08d-4ff2-9fee-7694a26bc9e9: shutdown LeaderElection
2019-09-25 05:32:44,880 [718f5985-af6b-46f0-b376-36c68e33e3c2@group-8EE3C38B4941:LeaderElection292] INFO  impl.RoleInfo (RoleInfo.java:updateAndGet(143)) - 718f5985-af6b-46f0-b376-36c68e33e3c2: start FollowerState
2019-09-25 05:32:44,880 [07d2a3d4-a08d-4ff2-9fee-7694a26bc9e9@group-8EE3C38B4941:LeaderElection293] INFO  impl.RoleInfo (RoleInfo.java:updateAndGet(143)) - 07d2a3d4-a08d-4ff2-9fee-7694a26bc9e9: start FollowerState
2019-09-25 05:32:44,941 [e40b1169-82c6-4268-9b48-d611605c3b5d@group-37D53FCFBDA2:LeaderElection297] INFO  impl.LeaderElection (LeaderElection.java:askForVotes(182)) - e40b1169-82c6-4268-9b48-d611605c3b5d@group-37D53FCFBDA2:LeaderElection297: begin an election at term 2 for -1: [e40b1169-82c6-4268-9b48-d611605c3b5d:192.168.36.126:46360, 74c765d4-ecbc-4161-b0d3-3f71a54c17e6:192.168.36.126:46193, 8ffa0edf-3bee-4748-91ab-c75ab538701e:192.168.36.126:35863], old=null
2019-09-25 05:32:44,941 [718f5985-af6b-46f0-b376-36c68e33e3c2@group-19CC27109C97:LeaderElection294] INFO  impl.LeaderElection (LeaderElection.java:askForVotes(182)) - 718f5985-af6b-46f0-b376-36c68e33e3c2@group-19CC27109C97:LeaderElection294: begin an election at term 6 for -1: [07d2a3d4-a08d-4ff2-9fee-7694a26bc9e9:192.168.36.126:42527, 718f5985-af6b-46f0-b376-36c68e33e3c2:192.168.36.126:33516, 7d339ff4-0353-45b5-a855-49faf6b9a877:192.168.36.126:33810], old=null
2019-09-25 05:32:44,941 [74c765d4-ecbc-4161-b0d3-3f71a54c17e6@group-37D53FCFBDA2:LeaderElection295] INFO  impl.LeaderElection (LeaderElection.java:askForVotes(182)) - 74c765d4-ecbc-4161-b0d3-3f71a54c17e6@group-37D53FCFBDA2:LeaderElection295: begin an election at term 2 for -1: [e40b1169-82c6-4268-9b48-d611605c3b5d:192.168.36.126:46360, 74c765d4-ecbc-4161-b0d3-3f71a54c17e6:192.168.36.126:46193, 8ffa0edf-3bee-4748-91ab-c75ab538701e:192.168.36.126:35863], old=null
2019-09-25 05:32:44,941 [07d2a3d4-a08d-4ff2-9fee-7694a26bc9e9@group-FABB21EF17C7:LeaderElection296] INFO  impl.LeaderElection (LeaderElection.java:askForVotes(182)) - 07d2a3d4-a08d-4ff2-9fee-7694a26bc9e9@group-FABB21EF17C7:LeaderElection296: begin an election at term 6 for -1: [07d2a3d4-a08d-4ff2-9fee-7694a26bc9e9:192.168.36.126:42527, 718f5985-af6b-46f0-b376-36c68e33e3c2:192.168.36.126:33516, 7d339ff4-0353-45b5-a855-49faf6b9a877:192.168.36.126:33810], old=null
2019-09-25 05:32:44,942 [718f5985-af6b-46f0-b376-36c68e33e3c2@group-FABB21EF17C7:LeaderElection290] INFO  impl.LeaderElection (LeaderElection.java:logAndReturn(56)) - 718f5985-af6b-46f0-b376-36c68e33e3c2@group-FABB21EF17C7:LeaderElection290: Election REJECTED; received 1 response(s) [718f5985-af6b-46f0-b376-36c68e33e3c2<-07d2a3d4-a08d-4ff2-9fee-7694a26bc9e9#0:FAIL-t6] and 1 exception(s); 718f5985-af6b-46f0-b376-36c68e33e3c2@group-FABB21EF17C7:t6, leader=null, voted=718f5985-af6b-46f0-b376-36c68e33e3c2, raftlog=718f5985-af6b-46f0-b376-36c68e33e3c2@group-FABB21EF17C7-SegmentedRaftLog:OPENED:c-1,f-1,i0, conf=-1: [07d2a3d4-a08d-4ff2-9fee-7694a26bc9e9:192.168.36.126:42527, 718f5985-af6b-46f0-b376-36c68e33e3c2:192.168.36.126:33516, 7d339ff4-0353-45b5-a855-49faf6b9a877:192.168.36.126:33810], old=null
2019-09-25 05:32:44,942 [07d2a3d4-a08d-4ff2-9fee-7694a26bc9e9@group-19CC27109C97:LeaderElection291] INFO  impl.LeaderElection (LeaderElection.java:logAndReturn(56)) - 07d2a3d4-a08d-4ff2-9fee-7694a26bc9e9@group-19CC27109C97:LeaderElection291: Election REJECTED; received 1 response(s) [07d2a3d4-a08d-4ff2-9fee-7694a26bc9e9<-718f5985-af6b-46f0-b376-36c68e33e3c2#0:FAIL-t6] and 1 exception(s); 07d2a3d4-a08d-4ff2-9fee-7694a26bc9e9@group-19CC27109C97:t6, leader=null, voted=07d2a3d4-a08d-4ff2-9fee-7694a26bc9e9, raftlog=07d2a3d4-a08d-4ff2-9fee-7694a26bc9e9@group-19CC27109C97-SegmentedRaftLog:OPENED:c-1,f-1,i0, conf=-1: [07d2a3d4-a08d-4ff2-9fee-7694a26bc9e9:192.168.36.126:42527, 718f5985-af6b-46f0-b376-36c68e33e3c2:192.168.36.126:33516, 7d339ff4-0353-45b5-a855-49faf6b9a877:192.168.36.126:33810], old=null
2019-09-25 05:32:44,942 [718f5985-af6b-46f0-b376-36c68e33e3c2@group-FABB21EF17C7:LeaderElection290] INFO  impl.LeaderElection (LogUtils.java:infoOrTrace(149)) -   Exception 0: {}
java.util.concurrent.ExecutionException: org.apache.ratis.thirdparty.io.grpc.StatusRuntimeException: UNAVAILABLE: io exception
	at java.util.concurrent.FutureTask.report(FutureTask.java:122)
	at java.util.concurrent.FutureTask.get(FutureTask.java:192)
	at org.apache.ratis.server.impl.LeaderElection.waitForResults(LeaderElection.java:263)
	at org.apache.ratis.server.impl.LeaderElection.askForVotes(LeaderElection.java:201)
	at org.apache.ratis.server.impl.LeaderElection.run(LeaderElection.java:133)
	at java.lang.Thread.run(Thread.java:748)
Caused by: org.apache.ratis.thirdparty.io.grpc.StatusRuntimeException: UNAVAILABLE: io exception
	at org.apache.ratis.thirdparty.io.grpc.stub.ClientCalls.toStatusRuntimeException(ClientCalls.java:233)
	at org.apache.ratis.thirdparty.io.grpc.stub.ClientCalls.getUnchecked(ClientCalls.java:214)
	at org.apache.ratis.thirdparty.io.grpc.stub.ClientCalls.blockingUnaryCall(ClientCalls.java:139)
	at org.apache.ratis.proto.grpc.RaftServerProtocolServiceGrpc$RaftServerProtocolServiceBlockingStub.requestVote(RaftServerProtocolServiceGrpc.java:265)
	at org.apache.ratis.grpc.server.GrpcServerProtocolClient.requestVote(GrpcServerProtocolClient.java:90)
	at org.apache.ratis.grpc.server.GrpcService.requestVote(GrpcService.java:204)
	at org.apache.ratis.server.impl.LeaderElection.lambda$submitRequests$1(LeaderElection.java:238)
	at java.util.concurrent.FutureTask.run(FutureTask.java:266)
	at java.util.concurrent.Executors$RunnableAdapter.call(Executors.java:511)
	at java.util.concurrent.FutureTask.run(FutureTask.java:266)
	at java.util.concurrent.ThreadPoolExecutor.runWorker(ThreadPoolExecutor.java:1149)
	at java.util.concurrent.ThreadPoolExecutor$Worker.run(ThreadPoolExecutor.java:624)
	... 1 more
Caused by: org.apache.ratis.thirdparty.io.netty.channel.AbstractChannel$AnnotatedConnectException: Connection refused: /192.168.36.126:33810
	at sun.nio.ch.SocketChannelImpl.checkConnect(Native Method)
	at sun.nio.ch.SocketChannelImpl.finishConnect(SocketChannelImpl.java:717)
	at org.apache.ratis.thirdparty.io.netty.channel.socket.nio.NioSocketChannel.doFinishConnect(NioSocketChannel.java:327)
	at org.apache.ratis.thirdparty.io.netty.channel.nio.AbstractNioChannel$AbstractNioUnsafe.finishConnect(AbstractNioChannel.java:340)
	at org.apache.ratis.thirdparty.io.netty.channel.nio.NioEventLoop.processSelectedKey(NioEventLoop.java:632)
	at org.apache.ratis.thirdparty.io.netty.channel.nio.NioEventLoop.processSelectedKeysOptimized(NioEventLoop.java:579)
	at org.apache.ratis.thirdparty.io.netty.channel.nio.NioEventLoop.processSelectedKeys(NioEventLoop.java:496)
	at org.apache.ratis.thirdparty.io.netty.channel.nio.NioEventLoop.run(NioEventLoop.java:458)
	at org.apache.ratis.thirdparty.io.netty.util.concurrent.SingleThreadEventExecutor$5.run(SingleThreadEventExecutor.java:897)
	at org.apache.ratis.thirdparty.io.netty.util.concurrent.FastThreadLocalRunnable.run(FastThreadLocalRunnable.java:30)
	... 1 more
Caused by: java.net.ConnectException: Connection refused
	... 11 more
2019-09-25 05:32:44,943 [74c765d4-ecbc-4161-b0d3-3f71a54c17e6@group-37D53FCFBDA2:LeaderElection295] INFO  impl.LeaderElection (LogUtils.java:infoOrTrace(149)) - 74c765d4-ecbc-4161-b0d3-3f71a54c17e6@group-37D53FCFBDA2:LeaderElection295 got exception when requesting votes: {}
java.util.concurrent.ExecutionException: org.apache.ratis.thirdparty.io.grpc.StatusRuntimeException: UNAVAILABLE: io exception
	at java.util.concurrent.FutureTask.report(FutureTask.java:122)
	at java.util.concurrent.FutureTask.get(FutureTask.java:192)
	at org.apache.ratis.server.impl.LeaderElection.waitForResults(LeaderElection.java:263)
	at org.apache.ratis.server.impl.LeaderElection.askForVotes(LeaderElection.java:201)
	at org.apache.ratis.server.impl.LeaderElection.run(LeaderElection.java:133)
	at java.lang.Thread.run(Thread.java:748)
Caused by: org.apache.ratis.thirdparty.io.grpc.StatusRuntimeException: UNAVAILABLE: io exception
	at org.apache.ratis.thirdparty.io.grpc.stub.ClientCalls.toStatusRuntimeException(ClientCalls.java:233)
	at org.apache.ratis.thirdparty.io.grpc.stub.ClientCalls.getUnchecked(ClientCalls.java:214)
	at org.apache.ratis.thirdparty.io.grpc.stub.ClientCalls.blockingUnaryCall(ClientCalls.java:139)
	at org.apache.ratis.proto.grpc.RaftServerProtocolServiceGrpc$RaftServerProtocolServiceBlockingStub.requestVote(RaftServerProtocolServiceGrpc.java:265)
	at org.apache.ratis.grpc.server.GrpcServerProtocolClient.requestVote(GrpcServerProtocolClient.java:90)
	at org.apache.ratis.grpc.server.GrpcService.requestVote(GrpcService.java:204)
	at org.apache.ratis.server.impl.LeaderElection.lambda$submitRequests$1(LeaderElection.java:238)
	at java.util.concurrent.FutureTask.run(FutureTask.java:266)
	at java.util.concurrent.Executors$RunnableAdapter.call(Executors.java:511)
	at java.util.concurrent.FutureTask.run(FutureTask.java:266)
	at java.util.concurrent.ThreadPoolExecutor.runWorker(ThreadPoolExecutor.java:1149)
	at java.util.concurrent.ThreadPoolExecutor$Worker.run(ThreadPoolExecutor.java:624)
	... 1 more
Caused by: org.apache.ratis.thirdparty.io.netty.channel.AbstractChannel$AnnotatedConnectException: Connection refused: /192.168.36.126:35863
	at sun.nio.ch.SocketChannelImpl.checkConnect(Native Method)
	at sun.nio.ch.SocketChannelImpl.finishConnect(SocketChannelImpl.java:717)
	at org.apache.ratis.thirdparty.io.netty.channel.socket.nio.NioSocketChannel.doFinishConnect(NioSocketChannel.java:327)
	at org.apache.ratis.thirdparty.io.netty.channel.nio.AbstractNioChannel$AbstractNioUnsafe.finishConnect(AbstractNioChannel.java:340)
	at org.apache.ratis.thirdparty.io.netty.channel.nio.NioEventLoop.processSelectedKey(NioEventLoop.java:632)
	at org.apache.ratis.thirdparty.io.netty.channel.nio.NioEventLoop.processSelectedKeysOptimized(NioEventLoop.java:579)
	at org.apache.ratis.thirdparty.io.netty.channel.nio.NioEventLoop.processSelectedKeys(NioEventLoop.java:496)
	at org.apache.ratis.thirdparty.io.netty.channel.nio.NioEventLoop.run(NioEventLoop.java:458)
	at org.apache.ratis.thirdparty.io.netty.util.concurrent.SingleThreadEventExecutor$5.run(SingleThreadEventExecutor.java:897)
	at org.apache.ratis.thirdparty.io.netty.util.concurrent.FastThreadLocalRunnable.run(FastThreadLocalRunnable.java:30)
	... 1 more
Caused by: java.net.ConnectException: Connection refused
	... 11 more
2019-09-25 05:32:44,943 [07d2a3d4-a08d-4ff2-9fee-7694a26bc9e9@group-FABB21EF17C7:LeaderElection296] INFO  impl.LeaderElection (LogUtils.java:infoOrTrace(149)) - 07d2a3d4-a08d-4ff2-9fee-7694a26bc9e9@group-FABB21EF17C7:LeaderElection296 got exception when requesting votes: {}
java.util.concurrent.ExecutionException: org.apache.ratis.thirdparty.io.grpc.StatusRuntimeException: UNAVAILABLE: io exception
	at java.util.concurrent.FutureTask.report(FutureTask.java:122)
	at java.util.concurrent.FutureTask.get(FutureTask.java:192)
	at org.apache.ratis.server.impl.LeaderElection.waitForResults(LeaderElection.java:263)
	at org.apache.ratis.server.impl.LeaderElection.askForVotes(LeaderElection.java:201)
	at org.apache.ratis.server.impl.LeaderElection.run(LeaderElection.java:133)
	at java.lang.Thread.run(Thread.java:748)
Caused by: org.apache.ratis.thirdparty.io.grpc.StatusRuntimeException: UNAVAILABLE: io exception
	at org.apache.ratis.thirdparty.io.grpc.stub.ClientCalls.toStatusRuntimeException(ClientCalls.java:233)
	at org.apache.ratis.thirdparty.io.grpc.stub.ClientCalls.getUnchecked(ClientCalls.java:214)
	at org.apache.ratis.thirdparty.io.grpc.stub.ClientCalls.blockingUnaryCall(ClientCalls.java:139)
	at org.apache.ratis.proto.grpc.RaftServerProtocolServiceGrpc$RaftServerProtocolServiceBlockingStub.requestVote(RaftServerProtocolServiceGrpc.java:265)
	at org.apache.ratis.grpc.server.GrpcServerProtocolClient.requestVote(GrpcServerProtocolClient.java:90)
	at org.apache.ratis.grpc.server.GrpcService.requestVote(GrpcService.java:204)
	at org.apache.ratis.server.impl.LeaderElection.lambda$submitRequests$1(LeaderElection.java:238)
	at java.util.concurrent.FutureTask.run(FutureTask.java:266)
	at java.util.concurrent.Executors$RunnableAdapter.call(Executors.java:511)
	at java.util.concurrent.FutureTask.run(FutureTask.java:266)
	at java.util.concurrent.ThreadPoolExecutor.runWorker(ThreadPoolExecutor.java:1149)
	at java.util.concurrent.ThreadPoolExecutor$Worker.run(ThreadPoolExecutor.java:624)
	... 1 more
Caused by: org.apache.ratis.thirdparty.io.netty.channel.AbstractChannel$AnnotatedConnectException: Connection refused: /192.168.36.126:33810
	at sun.nio.ch.SocketChannelImpl.checkConnect(Native Method)
	at sun.nio.ch.SocketChannelImpl.finishConnect(SocketChannelImpl.java:717)
	at org.apache.ratis.thirdparty.io.netty.channel.socket.nio.NioSocketChannel.doFinishConnect(NioSocketChannel.java:327)
	at org.apache.ratis.thirdparty.io.netty.channel.nio.AbstractNioChannel$AbstractNioUnsafe.finishConnect(AbstractNioChannel.java:340)
	at org.apache.ratis.thirdparty.io.netty.channel.nio.NioEventLoop.processSelectedKey(NioEventLoop.java:632)
	at org.apache.ratis.thirdparty.io.netty.channel.nio.NioEventLoop.processSelectedKeysOptimized(NioEventLoop.java:579)
	at org.apache.ratis.thirdparty.io.netty.channel.nio.NioEventLoop.processSelectedKeys(NioEventLoop.java:496)
	at org.apache.ratis.thirdparty.io.netty.channel.nio.NioEventLoop.run(NioEventLoop.java:458)
	at org.apache.ratis.thirdparty.io.netty.util.concurrent.SingleThreadEventExecutor$5.run(SingleThreadEventExecutor.java:897)
	at org.apache.ratis.thirdparty.io.netty.util.concurrent.FastThreadLocalRunnable.run(FastThreadLocalRunnable.java:30)
	... 1 more
Caused by: java.net.ConnectException: Connection refused
	... 11 more
2019-09-25 05:32:44,942 [718f5985-af6b-46f0-b376-36c68e33e3c2@group-19CC27109C97:LeaderElection294] INFO  impl.LeaderElection (LogUtils.java:infoOrTrace(149)) - 718f5985-af6b-46f0-b376-36c68e33e3c2@group-19CC27109C97:LeaderElection294 got exception when requesting votes: {}
java.util.concurrent.ExecutionException: org.apache.ratis.thirdparty.io.grpc.StatusRuntimeException: UNAVAILABLE: io exception
	at java.util.concurrent.FutureTask.report(FutureTask.java:122)
	at java.util.concurrent.FutureTask.get(FutureTask.java:192)
	at org.apache.ratis.server.impl.LeaderElection.waitForResults(LeaderElection.java:263)
	at org.apache.ratis.server.impl.LeaderElection.askForVotes(LeaderElection.java:201)
	at org.apache.ratis.server.impl.LeaderElection.run(LeaderElection.java:133)
	at java.lang.Thread.run(Thread.java:748)
Caused by: org.apache.ratis.thirdparty.io.grpc.StatusRuntimeException: UNAVAILABLE: io exception
	at org.apache.ratis.thirdparty.io.grpc.stub.ClientCalls.toStatusRuntimeException(ClientCalls.java:233)
	at org.apache.ratis.thirdparty.io.grpc.stub.ClientCalls.getUnchecked(ClientCalls.java:214)
	at org.apache.ratis.thirdparty.io.grpc.stub.ClientCalls.blockingUnaryCall(ClientCalls.java:139)
	at org.apache.ratis.proto.grpc.RaftServerProtocolServiceGrpc$RaftServerProtocolServiceBlockingStub.requestVote(RaftServerProtocolServiceGrpc.java:265)
	at org.apache.ratis.grpc.server.GrpcServerProtocolClient.requestVote(GrpcServerProtocolClient.java:90)
	at org.apache.ratis.grpc.server.GrpcService.requestVote(GrpcService.java:204)
	at org.apache.ratis.server.impl.LeaderElection.lambda$submitRequests$1(LeaderElection.java:238)
	at java.util.concurrent.FutureTask.run(FutureTask.java:266)
	at java.util.concurrent.Executors$RunnableAdapter.call(Executors.java:511)
	at java.util.concurrent.FutureTask.run(FutureTask.java:266)
	at java.util.concurrent.ThreadPoolExecutor.runWorker(ThreadPoolExecutor.java:1149)
	at java.util.concurrent.ThreadPoolExecutor$Worker.run(ThreadPoolExecutor.java:624)
	... 1 more
Caused by: org.apache.ratis.thirdparty.io.netty.channel.AbstractChannel$AnnotatedConnectException: Connection refused: /192.168.36.126:33810
	at sun.nio.ch.SocketChannelImpl.checkConnect(Native Method)
	at sun.nio.ch.SocketChannelImpl.finishConnect(SocketChannelImpl.java:717)
	at org.apache.ratis.thirdparty.io.netty.channel.socket.nio.NioSocketChannel.doFinishConnect(NioSocketChannel.java:327)
	at org.apache.ratis.thirdparty.io.netty.channel.nio.AbstractNioChannel$AbstractNioUnsafe.finishConnect(AbstractNioChannel.java:340)
	at org.apache.ratis.thirdparty.io.netty.channel.nio.NioEventLoop.processSelectedKey(NioEventLoop.java:632)
	at org.apache.ratis.thirdparty.io.netty.channel.nio.NioEventLoop.processSelectedKeysOptimized(NioEventLoop.java:579)
	at org.apache.ratis.thirdparty.io.netty.channel.nio.NioEventLoop.processSelectedKeys(NioEventLoop.java:496)
	at org.apache.ratis.thirdparty.io.netty.channel.nio.NioEventLoop.run(NioEventLoop.java:458)
	at org.apache.ratis.thirdparty.io.netty.util.concurrent.SingleThreadEventExecutor$5.run(SingleThreadEventExecutor.java:897)
	at org.apache.ratis.thirdparty.io.netty.util.concurrent.FastThreadLocalRunnable.run(FastThreadLocalRunnable.java:30)
	... 1 more
Caused by: java.net.ConnectException: Connection refused
	... 11 more
2019-09-25 05:32:44,942 [e40b1169-82c6-4268-9b48-d611605c3b5d@group-37D53FCFBDA2:LeaderElection297] INFO  impl.LeaderElection (LogUtils.java:infoOrTrace(149)) - e40b1169-82c6-4268-9b48-d611605c3b5d@group-37D53FCFBDA2:LeaderElection297 got exception when requesting votes: {}
java.util.concurrent.ExecutionException: org.apache.ratis.thirdparty.io.grpc.StatusRuntimeException: UNAVAILABLE: io exception
	at java.util.concurrent.FutureTask.report(FutureTask.java:122)
	at java.util.concurrent.FutureTask.get(FutureTask.java:192)
	at org.apache.ratis.server.impl.LeaderElection.waitForResults(LeaderElection.java:263)
	at org.apache.ratis.server.impl.LeaderElection.askForVotes(LeaderElection.java:201)
	at org.apache.ratis.server.impl.LeaderElection.run(LeaderElection.java:133)
	at java.lang.Thread.run(Thread.java:748)
Caused by: org.apache.ratis.thirdparty.io.grpc.StatusRuntimeException: UNAVAILABLE: io exception
	at org.apache.ratis.thirdparty.io.grpc.stub.ClientCalls.toStatusRuntimeException(ClientCalls.java:233)
	at org.apache.ratis.thirdparty.io.grpc.stub.ClientCalls.getUnchecked(ClientCalls.java:214)
	at org.apache.ratis.thirdparty.io.grpc.stub.ClientCalls.blockingUnaryCall(ClientCalls.java:139)
	at org.apache.ratis.proto.grpc.RaftServerProtocolServiceGrpc$RaftServerProtocolServiceBlockingStub.requestVote(RaftServerProtocolServiceGrpc.java:265)
	at org.apache.ratis.grpc.server.GrpcServerProtocolClient.requestVote(GrpcServerProtocolClient.java:90)
	at org.apache.ratis.grpc.server.GrpcService.requestVote(GrpcService.java:204)
	at org.apache.ratis.server.impl.LeaderElection.lambda$submitRequests$1(LeaderElection.java:238)
	at java.util.concurrent.FutureTask.run(FutureTask.java:266)
	at java.util.concurrent.Executors$RunnableAdapter.call(Executors.java:511)
	at java.util.concurrent.FutureTask.run(FutureTask.java:266)
	at java.util.concurrent.ThreadPoolExecutor.runWorker(ThreadPoolExecutor.java:1149)
	at java.util.concurrent.ThreadPoolExecutor$Worker.run(ThreadPoolExecutor.java:624)
	... 1 more
Caused by: org.apache.ratis.thirdparty.io.netty.channel.AbstractChannel$AnnotatedConnectException: Connection refused: /192.168.36.126:35863
	at sun.nio.ch.SocketChannelImpl.checkConnect(Native Method)
	at sun.nio.ch.SocketChannelImpl.finishConnect(SocketChannelImpl.java:717)
	at org.apache.ratis.thirdparty.io.netty.channel.socket.nio.NioSocketChannel.doFinishConnect(NioSocketChannel.java:327)
	at org.apache.ratis.thirdparty.io.netty.channel.nio.AbstractNioChannel$AbstractNioUnsafe.finishConnect(AbstractNioChannel.java:340)
	at org.apache.ratis.thirdparty.io.netty.channel.nio.NioEventLoop.processSelectedKey(NioEventLoop.java:632)
	at org.apache.ratis.thirdparty.io.netty.channel.nio.NioEventLoop.processSelectedKeysOptimized(NioEventLoop.java:579)
	at org.apache.ratis.thirdparty.io.netty.channel.nio.NioEventLoop.processSelectedKeys(NioEventLoop.java:496)
	at org.apache.ratis.thirdparty.io.netty.channel.nio.NioEventLoop.run(NioEventLoop.java:458)
	at org.apache.ratis.thirdparty.io.netty.util.concurrent.SingleThreadEventExecutor$5.run(SingleThreadEventExecutor.java:897)
	at org.apache.ratis.thirdparty.io.netty.util.concurrent.FastThreadLocalRunnable.run(FastThreadLocalRunnable.java:30)
	... 1 more
Caused by: java.net.ConnectException: Connection refused
	... 11 more
2019-09-25 05:32:44,942 [07d2a3d4-a08d-4ff2-9fee-7694a26bc9e9@group-19CC27109C97:LeaderElection291] INFO  impl.LeaderElection (LogUtils.java:infoOrTrace(149)) -   Exception 0: {}
java.util.concurrent.ExecutionException: org.apache.ratis.thirdparty.io.grpc.StatusRuntimeException: UNAVAILABLE: io exception
	at java.util.concurrent.FutureTask.report(FutureTask.java:122)
	at java.util.concurrent.FutureTask.get(FutureTask.java:192)
	at org.apache.ratis.server.impl.LeaderElection.waitForResults(LeaderElection.java:263)
	at org.apache.ratis.server.impl.LeaderElection.askForVotes(LeaderElection.java:201)
	at org.apache.ratis.server.impl.LeaderElection.run(LeaderElection.java:133)
	at java.lang.Thread.run(Thread.java:748)
Caused by: org.apache.ratis.thirdparty.io.grpc.StatusRuntimeException: UNAVAILABLE: io exception
	at org.apache.ratis.thirdparty.io.grpc.stub.ClientCalls.toStatusRuntimeException(ClientCalls.java:233)
	at org.apache.ratis.thirdparty.io.grpc.stub.ClientCalls.getUnchecked(ClientCalls.java:214)
	at org.apache.ratis.thirdparty.io.grpc.stub.ClientCalls.blockingUnaryCall(ClientCalls.java:139)
	at org.apache.ratis.proto.grpc.RaftServerProtocolServiceGrpc$RaftServerProtocolServiceBlockingStub.requestVote(RaftServerProtocolServiceGrpc.java:265)
	at org.apache.ratis.grpc.server.GrpcServerProtocolClient.requestVote(GrpcServerProtocolClient.java:90)
	at org.apache.ratis.grpc.server.GrpcService.requestVote(GrpcService.java:204)
	at org.apache.ratis.server.impl.LeaderElection.lambda$submitRequests$1(LeaderElection.java:238)
	at java.util.concurrent.FutureTask.run(FutureTask.java:266)
	at java.util.concurrent.Executors$RunnableAdapter.call(Executors.java:511)
	at java.util.concurrent.FutureTask.run(FutureTask.java:266)
	at java.util.concurrent.ThreadPoolExecutor.runWorker(ThreadPoolExecutor.java:1149)
	at java.util.concurrent.ThreadPoolExecutor$Worker.run(ThreadPoolExecutor.java:624)
	... 1 more
Caused by: org.apache.ratis.thirdparty.io.netty.channel.AbstractChannel$AnnotatedConnectException: Connection refused: /192.168.36.126:33810
	at sun.nio.ch.SocketChannelImpl.checkConnect(Native Method)
	at sun.nio.ch.SocketChannelImpl.finishConnect(SocketChannelImpl.java:717)
	at org.apache.ratis.thirdparty.io.netty.channel.socket.nio.NioSocketChannel.doFinishConnect(NioSocketChannel.java:327)
	at org.apache.ratis.thirdparty.io.netty.channel.nio.AbstractNioChannel$AbstractNioUnsafe.finishConnect(AbstractNioChannel.java:340)
	at org.apache.ratis.thirdparty.io.netty.channel.nio.NioEventLoop.processSelectedKey(NioEventLoop.java:632)
	at org.apache.ratis.thirdparty.io.netty.channel.nio.NioEventLoop.processSelectedKeysOptimized(NioEventLoop.java:579)
	at org.apache.ratis.thirdparty.io.netty.channel.nio.NioEventLoop.processSelectedKeys(NioEventLoop.java:496)
	at org.apache.ratis.thirdparty.io.netty.channel.nio.NioEventLoop.run(NioEventLoop.java:458)
	at org.apache.ratis.thirdparty.io.netty.util.concurrent.SingleThreadEventExecutor$5.run(SingleThreadEventExecutor.java:897)
	at org.apache.ratis.thirdparty.io.netty.util.concurrent.FastThreadLocalRunnable.run(FastThreadLocalRunnable.java:30)
	... 1 more
Caused by: java.net.ConnectException: Connection refused
	... 11 more
2019-09-25 05:32:44,946 [e40b1169-82c6-4268-9b48-d611605c3b5d@group-37D53FCFBDA2:LeaderElection297] INFO  impl.LeaderElection (LeaderElection.java:logAndReturn(56)) - e40b1169-82c6-4268-9b48-d611605c3b5d@group-37D53FCFBDA2:LeaderElection297: Election REJECTED; received 1 response(s) [e40b1169-82c6-4268-9b48-d611605c3b5d<-74c765d4-ecbc-4161-b0d3-3f71a54c17e6#0:FAIL-t2] and 1 exception(s); e40b1169-82c6-4268-9b48-d611605c3b5d@group-37D53FCFBDA2:t2, leader=null, voted=e40b1169-82c6-4268-9b48-d611605c3b5d, raftlog=e40b1169-82c6-4268-9b48-d611605c3b5d@group-37D53FCFBDA2-SegmentedRaftLog:OPENED:c-1,f-1,i0, conf=-1: [e40b1169-82c6-4268-9b48-d611605c3b5d:192.168.36.126:46360, 74c765d4-ecbc-4161-b0d3-3f71a54c17e6:192.168.36.126:46193, 8ffa0edf-3bee-4748-91ab-c75ab538701e:192.168.36.126:35863], old=null
2019-09-25 05:32:44,947 [07d2a3d4-a08d-4ff2-9fee-7694a26bc9e9@group-19CC27109C97:LeaderElection291] INFO  impl.RaftServerImpl (RaftServerImpl.java:setRole(174)) - 07d2a3d4-a08d-4ff2-9fee-7694a26bc9e9@group-19CC27109C97: changes role from CANDIDATE to FOLLOWER at term 6 for DISCOVERED_A_NEW_TERM
2019-09-25 05:32:44,946 [74c765d4-ecbc-4161-b0d3-3f71a54c17e6@group-37D53FCFBDA2:LeaderElection295] INFO  impl.LeaderElection (LeaderElection.java:logAndReturn(56)) - 74c765d4-ecbc-4161-b0d3-3f71a54c17e6@group-37D53FCFBDA2:LeaderElection295: Election REJECTED; received 1 response(s) [74c765d4-ecbc-4161-b0d3-3f71a54c17e6<-e40b1169-82c6-4268-9b48-d611605c3b5d#0:FAIL-t2] and 1 exception(s); 74c765d4-ecbc-4161-b0d3-3f71a54c17e6@group-37D53FCFBDA2:t2, leader=null, voted=74c765d4-ecbc-4161-b0d3-3f71a54c17e6, raftlog=74c765d4-ecbc-4161-b0d3-3f71a54c17e6@group-37D53FCFBDA2-SegmentedRaftLog:OPENED:c-1,f-1,i0, conf=-1: [e40b1169-82c6-4268-9b48-d611605c3b5d:192.168.36.126:46360, 74c765d4-ecbc-4161-b0d3-3f71a54c17e6:192.168.36.126:46193, 8ffa0edf-3bee-4748-91ab-c75ab538701e:192.168.36.126:35863], old=null
2019-09-25 05:32:44,946 [718f5985-af6b-46f0-b376-36c68e33e3c2@group-19CC27109C97:LeaderElection294] INFO  impl.LeaderElection (LeaderElection.java:logAndReturn(56)) - 718f5985-af6b-46f0-b376-36c68e33e3c2@group-19CC27109C97:LeaderElection294: Election REJECTED; received 1 response(s) [718f5985-af6b-46f0-b376-36c68e33e3c2<-07d2a3d4-a08d-4ff2-9fee-7694a26bc9e9#0:FAIL-t6] and 1 exception(s); 718f5985-af6b-46f0-b376-36c68e33e3c2@group-19CC27109C97:t6, leader=null, voted=718f5985-af6b-46f0-b376-36c68e33e3c2, raftlog=718f5985-af6b-46f0-b376-36c68e33e3c2@group-19CC27109C97-SegmentedRaftLog:OPENED:c-1,f-1,i0, conf=-1: [07d2a3d4-a08d-4ff2-9fee-7694a26bc9e9:192.168.36.126:42527, 718f5985-af6b-46f0-b376-36c68e33e3c2:192.168.36.126:33516, 7d339ff4-0353-45b5-a855-49faf6b9a877:192.168.36.126:33810], old=null
2019-09-25 05:32:44,943 [718f5985-af6b-46f0-b376-36c68e33e3c2@group-FABB21EF17C7:LeaderElection290] INFO  impl.RaftServerImpl (RaftServerImpl.java:setRole(174)) - 718f5985-af6b-46f0-b376-36c68e33e3c2@group-FABB21EF17C7: changes role from CANDIDATE to FOLLOWER at term 6 for DISCOVERED_A_NEW_TERM
2019-09-25 05:32:44,947 [718f5985-af6b-46f0-b376-36c68e33e3c2@group-19CC27109C97:LeaderElection294] INFO  impl.LeaderElection (LogUtils.java:infoOrTrace(149)) -   Exception 0: {}
java.util.concurrent.ExecutionException: org.apache.ratis.thirdparty.io.grpc.StatusRuntimeException: UNAVAILABLE: io exception
	at java.util.concurrent.FutureTask.report(FutureTask.java:122)
	at java.util.concurrent.FutureTask.get(FutureTask.java:192)
	at org.apache.ratis.server.impl.LeaderElection.waitForResults(LeaderElection.java:263)
	at org.apache.ratis.server.impl.LeaderElection.askForVotes(LeaderElection.java:201)
	at org.apache.ratis.server.impl.LeaderElection.run(LeaderElection.java:133)
	at java.lang.Thread.run(Thread.java:748)
Caused by: org.apache.ratis.thirdparty.io.grpc.StatusRuntimeException: UNAVAILABLE: io exception
	at org.apache.ratis.thirdparty.io.grpc.stub.ClientCalls.toStatusRuntimeException(ClientCalls.java:233)
	at org.apache.ratis.thirdparty.io.grpc.stub.ClientCalls.getUnchecked(ClientCalls.java:214)
	at org.apache.ratis.thirdparty.io.grpc.stub.ClientCalls.blockingUnaryCall(ClientCalls.java:139)
	at org.apache.ratis.proto.grpc.RaftServerProtocolServiceGrpc$RaftServerProtocolServiceBlockingStub.requestVote(RaftServerProtocolServiceGrpc.java:265)
	at org.apache.ratis.grpc.server.GrpcServerProtocolClient.requestVote(GrpcServerProtocolClient.java:90)
	at org.apache.ratis.grpc.server.GrpcService.requestVote(GrpcService.java:204)
	at org.apache.ratis.server.impl.LeaderElection.lambda$submitRequests$1(LeaderElection.java:238)
	at java.util.concurrent.FutureTask.run(FutureTask.java:266)
	at java.util.concurrent.Executors$RunnableAdapter.call(Executors.java:511)
	at java.util.concurrent.FutureTask.run(FutureTask.java:266)
	at java.util.concurrent.ThreadPoolExecutor.runWorker(ThreadPoolExecutor.java:1149)
	at java.util.concurrent.ThreadPoolExecutor$Worker.run(ThreadPoolExecutor.java:624)
	... 1 more
Caused by: org.apache.ratis.thirdparty.io.netty.channel.AbstractChannel$AnnotatedConnectException: Connection refused: /192.168.36.126:33810
	at sun.nio.ch.SocketChannelImpl.checkConnect(Native Method)
	at sun.nio.ch.SocketChannelImpl.finishConnect(SocketChannelImpl.java:717)
	at org.apache.ratis.thirdparty.io.netty.channel.socket.nio.NioSocketChannel.doFinishConnect(NioSocketChannel.java:327)
	at org.apache.ratis.thirdparty.io.netty.channel.nio.AbstractNioChannel$AbstractNioUnsafe.finishConnect(AbstractNioChannel.java:340)
	at org.apache.ratis.thirdparty.io.netty.channel.nio.NioEventLoop.processSelectedKey(NioEventLoop.java:632)
	at org.apache.ratis.thirdparty.io.netty.channel.nio.NioEventLoop.processSelectedKeysOptimized(NioEventLoop.java:579)
	at org.apache.ratis.thirdparty.io.netty.channel.nio.NioEventLoop.processSelectedKeys(NioEventLoop.java:496)
	at org.apache.ratis.thirdparty.io.netty.channel.nio.NioEventLoop.run(NioEventLoop.java:458)
	at org.apache.ratis.thirdparty.io.netty.util.concurrent.SingleThreadEventExecutor$5.run(SingleThreadEventExecutor.java:897)
	at org.apache.ratis.thirdparty.io.netty.util.concurrent.FastThreadLocalRunnable.run(FastThreadLocalRunnable.java:30)
	... 1 more
Caused by: java.net.ConnectException: Connection refused
	... 11 more
2019-09-25 05:32:44,947 [74c765d4-ecbc-4161-b0d3-3f71a54c17e6@group-37D53FCFBDA2:LeaderElection295] INFO  impl.LeaderElection (LogUtils.java:infoOrTrace(149)) -   Exception 0: {}
java.util.concurrent.ExecutionException: org.apache.ratis.thirdparty.io.grpc.StatusRuntimeException: UNAVAILABLE: io exception
	at java.util.concurrent.FutureTask.report(FutureTask.java:122)
	at java.util.concurrent.FutureTask.get(FutureTask.java:192)
	at org.apache.ratis.server.impl.LeaderElection.waitForResults(LeaderElection.java:263)
	at org.apache.ratis.server.impl.LeaderElection.askForVotes(LeaderElection.java:201)
	at org.apache.ratis.server.impl.LeaderElection.run(LeaderElection.java:133)
	at java.lang.Thread.run(Thread.java:748)
Caused by: org.apache.ratis.thirdparty.io.grpc.StatusRuntimeException: UNAVAILABLE: io exception
	at org.apache.ratis.thirdparty.io.grpc.stub.ClientCalls.toStatusRuntimeException(ClientCalls.java:233)
	at org.apache.ratis.thirdparty.io.grpc.stub.ClientCalls.getUnchecked(ClientCalls.java:214)
	at org.apache.ratis.thirdparty.io.grpc.stub.ClientCalls.blockingUnaryCall(ClientCalls.java:139)
	at org.apache.ratis.proto.grpc.RaftServerProtocolServiceGrpc$RaftServerProtocolServiceBlockingStub.requestVote(RaftServerProtocolServiceGrpc.java:265)
	at org.apache.ratis.grpc.server.GrpcServerProtocolClient.requestVote(GrpcServerProtocolClient.java:90)
	at org.apache.ratis.grpc.server.GrpcService.requestVote(GrpcService.java:204)
	at org.apache.ratis.server.impl.LeaderElection.lambda$submitRequests$1(LeaderElection.java:238)
	at java.util.concurrent.FutureTask.run(FutureTask.java:266)
	at java.util.concurrent.Executors$RunnableAdapter.call(Executors.java:511)
	at java.util.concurrent.FutureTask.run(FutureTask.java:266)
	at java.util.concurrent.ThreadPoolExecutor.runWorker(ThreadPoolExecutor.java:1149)
	at java.util.concurrent.ThreadPoolExecutor$Worker.run(ThreadPoolExecutor.java:624)
	... 1 more
Caused by: org.apache.ratis.thirdparty.io.netty.channel.AbstractChannel$AnnotatedConnectException: Connection refused: /192.168.36.126:35863
	at sun.nio.ch.SocketChannelImpl.checkConnect(Native Method)
	at sun.nio.ch.SocketChannelImpl.finishConnect(SocketChannelImpl.java:717)
	at org.apache.ratis.thirdparty.io.netty.channel.socket.nio.NioSocketChannel.doFinishConnect(NioSocketChannel.java:327)
	at org.apache.ratis.thirdparty.io.netty.channel.nio.AbstractNioChannel$AbstractNioUnsafe.finishConnect(AbstractNioChannel.java:340)
	at org.apache.ratis.thirdparty.io.netty.channel.nio.NioEventLoop.processSelectedKey(NioEventLoop.java:632)
	at org.apache.ratis.thirdparty.io.netty.channel.nio.NioEventLoop.processSelectedKeysOptimized(NioEventLoop.java:579)
	at org.apache.ratis.thirdparty.io.netty.channel.nio.NioEventLoop.processSelectedKeys(NioEventLoop.java:496)
	at org.apache.ratis.thirdparty.io.netty.channel.nio.NioEventLoop.run(NioEventLoop.java:458)
	at org.apache.ratis.thirdparty.io.netty.util.concurrent.SingleThreadEventExecutor$5.run(SingleThreadEventExecutor.java:897)
	at org.apache.ratis.thirdparty.io.netty.util.concurrent.FastThreadLocalRunnable.run(FastThreadLocalRunnable.java:30)
	... 1 more
Caused by: java.net.ConnectException: Connection refused
	... 11 more
2019-09-25 05:32:44,947 [07d2a3d4-a08d-4ff2-9fee-7694a26bc9e9@group-19CC27109C97:LeaderElection291] INFO  impl.RoleInfo (RoleInfo.java:shutdownLeaderElection(134)) - 07d2a3d4-a08d-4ff2-9fee-7694a26bc9e9: shutdown LeaderElection
2019-09-25 05:32:44,947 [e40b1169-82c6-4268-9b48-d611605c3b5d@group-37D53FCFBDA2:LeaderElection297] INFO  impl.LeaderElection (LogUtils.java:infoOrTrace(149)) -   Exception 0: {}
java.util.concurrent.ExecutionException: org.apache.ratis.thirdparty.io.grpc.StatusRuntimeException: UNAVAILABLE: io exception
	at java.util.concurrent.FutureTask.report(FutureTask.java:122)
	at java.util.concurrent.FutureTask.get(FutureTask.java:192)
	at org.apache.ratis.server.impl.LeaderElection.waitForResults(LeaderElection.java:263)
	at org.apache.ratis.server.impl.LeaderElection.askForVotes(LeaderElection.java:201)
	at org.apache.ratis.server.impl.LeaderElection.run(LeaderElection.java:133)
	at java.lang.Thread.run(Thread.java:748)
Caused by: org.apache.ratis.thirdparty.io.grpc.StatusRuntimeException: UNAVAILABLE: io exception
	at org.apache.ratis.thirdparty.io.grpc.stub.ClientCalls.toStatusRuntimeException(ClientCalls.java:233)
	at org.apache.ratis.thirdparty.io.grpc.stub.ClientCalls.getUnchecked(ClientCalls.java:214)
	at org.apache.ratis.thirdparty.io.grpc.stub.ClientCalls.blockingUnaryCall(ClientCalls.java:139)
	at org.apache.ratis.proto.grpc.RaftServerProtocolServiceGrpc$RaftServerProtocolServiceBlockingStub.requestVote(RaftServerProtocolServiceGrpc.java:265)
	at org.apache.ratis.grpc.server.GrpcServerProtocolClient.requestVote(GrpcServerProtocolClient.java:90)
	at org.apache.ratis.grpc.server.GrpcService.requestVote(GrpcService.java:204)
	at org.apache.ratis.server.impl.LeaderElection.lambda$submitRequests$1(LeaderElection.java:238)
	at java.util.concurrent.FutureTask.run(FutureTask.java:266)
	at java.util.concurrent.Executors$RunnableAdapter.call(Executors.java:511)
	at java.util.concurrent.FutureTask.run(FutureTask.java:266)
	at java.util.concurrent.ThreadPoolExecutor.runWorker(ThreadPoolExecutor.java:1149)
	at java.util.concurrent.ThreadPoolExecutor$Worker.run(ThreadPoolExecutor.java:624)
	... 1 more
Caused by: org.apache.ratis.thirdparty.io.netty.channel.AbstractChannel$AnnotatedConnectException: Connection refused: /192.168.36.126:35863
	at sun.nio.ch.SocketChannelImpl.checkConnect(Native Method)
	at sun.nio.ch.SocketChannelImpl.finishConnect(SocketChannelImpl.java:717)
	at org.apache.ratis.thirdparty.io.netty.channel.socket.nio.NioSocketChannel.doFinishConnect(NioSocketChannel.java:327)
	at org.apache.ratis.thirdparty.io.netty.channel.nio.AbstractNioChannel$AbstractNioUnsafe.finishConnect(AbstractNioChannel.java:340)
	at org.apache.ratis.thirdparty.io.netty.channel.nio.NioEventLoop.processSelectedKey(NioEventLoop.java:632)
	at org.apache.ratis.thirdparty.io.netty.channel.nio.NioEventLoop.processSelectedKeysOptimized(NioEventLoop.java:579)
	at org.apache.ratis.thirdparty.io.netty.channel.nio.NioEventLoop.processSelectedKeys(NioEventLoop.java:496)
	at org.apache.ratis.thirdparty.io.netty.channel.nio.NioEventLoop.run(NioEventLoop.java:458)
	at org.apache.ratis.thirdparty.io.netty.util.concurrent.SingleThreadEventExecutor$5.run(SingleThreadEventExecutor.java:897)
	at org.apache.ratis.thirdparty.io.netty.util.concurrent.FastThreadLocalRunnable.run(FastThreadLocalRunnable.java:30)
	... 1 more
Caused by: java.net.ConnectException: Connection refused
	... 11 more
2019-09-25 05:32:44,949 [07d2a3d4-a08d-4ff2-9fee-7694a26bc9e9@group-19CC27109C97:LeaderElection291] INFO  impl.RoleInfo (RoleInfo.java:updateAndGet(143)) - 07d2a3d4-a08d-4ff2-9fee-7694a26bc9e9: start FollowerState
2019-09-25 05:32:44,949 [74c765d4-ecbc-4161-b0d3-3f71a54c17e6@group-37D53FCFBDA2:LeaderElection295] INFO  impl.RaftServerImpl (RaftServerImpl.java:setRole(174)) - 74c765d4-ecbc-4161-b0d3-3f71a54c17e6@group-37D53FCFBDA2: changes role from CANDIDATE to FOLLOWER at term 2 for DISCOVERED_A_NEW_TERM
2019-09-25 05:32:44,948 [718f5985-af6b-46f0-b376-36c68e33e3c2@group-19CC27109C97:LeaderElection294] INFO  impl.RaftServerImpl (RaftServerImpl.java:setRole(174)) - 718f5985-af6b-46f0-b376-36c68e33e3c2@group-19CC27109C97: changes role from CANDIDATE to FOLLOWER at term 6 for DISCOVERED_A_NEW_TERM
2019-09-25 05:32:44,950 [718f5985-af6b-46f0-b376-36c68e33e3c2@group-19CC27109C97:LeaderElection294] INFO  impl.RoleInfo (RoleInfo.java:shutdownLeaderElection(134)) - 718f5985-af6b-46f0-b376-36c68e33e3c2: shutdown LeaderElection
2019-09-25 05:32:44,947 [718f5985-af6b-46f0-b376-36c68e33e3c2@group-FABB21EF17C7:LeaderElection290] INFO  impl.RoleInfo (RoleInfo.java:shutdownLeaderElection(134)) - 718f5985-af6b-46f0-b376-36c68e33e3c2: shutdown LeaderElection
2019-09-25 05:32:44,950 [718f5985-af6b-46f0-b376-36c68e33e3c2@group-19CC27109C97:LeaderElection294] INFO  impl.RoleInfo (RoleInfo.java:updateAndGet(143)) - 718f5985-af6b-46f0-b376-36c68e33e3c2: start FollowerState
2019-09-25 05:32:44,950 [74c765d4-ecbc-4161-b0d3-3f71a54c17e6@group-37D53FCFBDA2:LeaderElection295] INFO  impl.RoleInfo (RoleInfo.java:shutdownLeaderElection(134)) - 74c765d4-ecbc-4161-b0d3-3f71a54c17e6: shutdown LeaderElection
2019-09-25 05:32:44,949 [e40b1169-82c6-4268-9b48-d611605c3b5d@group-37D53FCFBDA2:LeaderElection297] INFO  impl.RaftServerImpl (RaftServerImpl.java:setRole(174)) - e40b1169-82c6-4268-9b48-d611605c3b5d@group-37D53FCFBDA2: changes role from CANDIDATE to FOLLOWER at term 2 for DISCOVERED_A_NEW_TERM
2019-09-25 05:32:44,951 [74c765d4-ecbc-4161-b0d3-3f71a54c17e6@group-37D53FCFBDA2:LeaderElection295] INFO  impl.RoleInfo (RoleInfo.java:updateAndGet(143)) - 74c765d4-ecbc-4161-b0d3-3f71a54c17e6: start FollowerState
2019-09-25 05:32:44,950 [718f5985-af6b-46f0-b376-36c68e33e3c2@group-FABB21EF17C7:LeaderElection290] INFO  impl.RoleInfo (RoleInfo.java:updateAndGet(143)) - 718f5985-af6b-46f0-b376-36c68e33e3c2: start FollowerState
2019-09-25 05:32:44,951 [e40b1169-82c6-4268-9b48-d611605c3b5d@group-37D53FCFBDA2:LeaderElection297] INFO  impl.RoleInfo (RoleInfo.java:shutdownLeaderElection(134)) - e40b1169-82c6-4268-9b48-d611605c3b5d: shutdown LeaderElection
2019-09-25 05:32:44,951 [e40b1169-82c6-4268-9b48-d611605c3b5d@group-37D53FCFBDA2:LeaderElection297] INFO  impl.RoleInfo (RoleInfo.java:updateAndGet(143)) - e40b1169-82c6-4268-9b48-d611605c3b5d: start FollowerState
2019-09-25 05:32:44,952 [07d2a3d4-a08d-4ff2-9fee-7694a26bc9e9@group-FABB21EF17C7:LeaderElection296] INFO  impl.LeaderElection (LeaderElection.java:logAndReturn(56)) - 07d2a3d4-a08d-4ff2-9fee-7694a26bc9e9@group-FABB21EF17C7:LeaderElection296: Election REJECTED; received 1 response(s) [07d2a3d4-a08d-4ff2-9fee-7694a26bc9e9<-718f5985-af6b-46f0-b376-36c68e33e3c2#0:FAIL-t6] and 1 exception(s); 07d2a3d4-a08d-4ff2-9fee-7694a26bc9e9@group-FABB21EF17C7:t6, leader=null, voted=07d2a3d4-a08d-4ff2-9fee-7694a26bc9e9, raftlog=07d2a3d4-a08d-4ff2-9fee-7694a26bc9e9@group-FABB21EF17C7-SegmentedRaftLog:OPENED:c-1,f-1,i0, conf=-1: [07d2a3d4-a08d-4ff2-9fee-7694a26bc9e9:192.168.36.126:42527, 718f5985-af6b-46f0-b376-36c68e33e3c2:192.168.36.126:33516, 7d339ff4-0353-45b5-a855-49faf6b9a877:192.168.36.126:33810], old=null
2019-09-25 05:32:44,952 [07d2a3d4-a08d-4ff2-9fee-7694a26bc9e9@group-FABB21EF17C7:LeaderElection296] INFO  impl.LeaderElection (LogUtils.java:infoOrTrace(149)) -   Exception 0: {}
java.util.concurrent.ExecutionException: org.apache.ratis.thirdparty.io.grpc.StatusRuntimeException: UNAVAILABLE: io exception
	at java.util.concurrent.FutureTask.report(FutureTask.java:122)
	at java.util.concurrent.FutureTask.get(FutureTask.java:192)
	at org.apache.ratis.server.impl.LeaderElection.waitForResults(LeaderElection.java:263)
	at org.apache.ratis.server.impl.LeaderElection.askForVotes(LeaderElection.java:201)
	at org.apache.ratis.server.impl.LeaderElection.run(LeaderElection.java:133)
	at java.lang.Thread.run(Thread.java:748)
Caused by: org.apache.ratis.thirdparty.io.grpc.StatusRuntimeException: UNAVAILABLE: io exception
	at org.apache.ratis.thirdparty.io.grpc.stub.ClientCalls.toStatusRuntimeException(ClientCalls.java:233)
	at org.apache.ratis.thirdparty.io.grpc.stub.ClientCalls.getUnchecked(ClientCalls.java:214)
	at org.apache.ratis.thirdparty.io.grpc.stub.ClientCalls.blockingUnaryCall(ClientCalls.java:139)
	at org.apache.ratis.proto.grpc.RaftServerProtocolServiceGrpc$RaftServerProtocolServiceBlockingStub.requestVote(RaftServerProtocolServiceGrpc.java:265)
	at org.apache.ratis.grpc.server.GrpcServerProtocolClient.requestVote(GrpcServerProtocolClient.java:90)
	at org.apache.ratis.grpc.server.GrpcService.requestVote(GrpcService.java:204)
	at org.apache.ratis.server.impl.LeaderElection.lambda$submitRequests$1(LeaderElection.java:238)
	at java.util.concurrent.FutureTask.run(FutureTask.java:266)
	at java.util.concurrent.Executors$RunnableAdapter.call(Executors.java:511)
	at java.util.concurrent.FutureTask.run(FutureTask.java:266)
	at java.util.concurrent.ThreadPoolExecutor.runWorker(ThreadPoolExecutor.java:1149)
	at java.util.concurrent.ThreadPoolExecutor$Worker.run(ThreadPoolExecutor.java:624)
	... 1 more
Caused by: org.apache.ratis.thirdparty.io.netty.channel.AbstractChannel$AnnotatedConnectException: Connection refused: /192.168.36.126:33810
	at sun.nio.ch.SocketChannelImpl.checkConnect(Native Method)
	at sun.nio.ch.SocketChannelImpl.finishConnect(SocketChannelImpl.java:717)
	at org.apache.ratis.thirdparty.io.netty.channel.socket.nio.NioSocketChannel.doFinishConnect(NioSocketChannel.java:327)
	at org.apache.ratis.thirdparty.io.netty.channel.nio.AbstractNioChannel$AbstractNioUnsafe.finishConnect(AbstractNioChannel.java:340)
	at org.apache.ratis.thirdparty.io.netty.channel.nio.NioEventLoop.processSelectedKey(NioEventLoop.java:632)
	at org.apache.ratis.thirdparty.io.netty.channel.nio.NioEventLoop.processSelectedKeysOptimized(NioEventLoop.java:579)
	at org.apache.ratis.thirdparty.io.netty.channel.nio.NioEventLoop.processSelectedKeys(NioEventLoop.java:496)
	at org.apache.ratis.thirdparty.io.netty.channel.nio.NioEventLoop.run(NioEventLoop.java:458)
	at org.apache.ratis.thirdparty.io.netty.util.concurrent.SingleThreadEventExecutor$5.run(SingleThreadEventExecutor.java:897)
	at org.apache.ratis.thirdparty.io.netty.util.concurrent.FastThreadLocalRunnable.run(FastThreadLocalRunnable.java:30)
	... 1 more
Caused by: java.net.ConnectException: Connection refused
	... 11 more
2019-09-25 05:32:44,952 [07d2a3d4-a08d-4ff2-9fee-7694a26bc9e9@group-FABB21EF17C7:LeaderElection296] INFO  impl.RaftServerImpl (RaftServerImpl.java:setRole(174)) - 07d2a3d4-a08d-4ff2-9fee-7694a26bc9e9@group-FABB21EF17C7: changes role from CANDIDATE to FOLLOWER at term 6 for DISCOVERED_A_NEW_TERM
2019-09-25 05:32:44,953 [07d2a3d4-a08d-4ff2-9fee-7694a26bc9e9@group-FABB21EF17C7:LeaderElection296] INFO  impl.RoleInfo (RoleInfo.java:shutdownLeaderElection(134)) - 07d2a3d4-a08d-4ff2-9fee-7694a26bc9e9: shutdown LeaderElection
2019-09-25 05:32:44,953 [07d2a3d4-a08d-4ff2-9fee-7694a26bc9e9@group-FABB21EF17C7:LeaderElection296] INFO  impl.RoleInfo (RoleInfo.java:updateAndGet(143)) - 07d2a3d4-a08d-4ff2-9fee-7694a26bc9e9: start FollowerState
2019-09-25 05:32:45,954 [Thread-1929] INFO  impl.FollowerState (FollowerState.java:run(106)) - 07d2a3d4-a08d-4ff2-9fee-7694a26bc9e9:group-FABB21EF17C7 changes to CANDIDATE, lastRpcTime:1001, electionTimeout:1001ms
2019-09-25 05:32:45,955 [Thread-1929] INFO  impl.RoleInfo (RoleInfo.java:shutdownFollowerState(121)) - 07d2a3d4-a08d-4ff2-9fee-7694a26bc9e9: shutdown FollowerState
2019-09-25 05:32:45,955 [Thread-1929] INFO  impl.RaftServerImpl (RaftServerImpl.java:setRole(174)) - 07d2a3d4-a08d-4ff2-9fee-7694a26bc9e9@group-FABB21EF17C7: changes role from  FOLLOWER to CANDIDATE at term 6 for changeToCandidate
2019-09-25 05:32:45,955 [Thread-1929] INFO  impl.RoleInfo (RoleInfo.java:updateAndGet(143)) - 07d2a3d4-a08d-4ff2-9fee-7694a26bc9e9: start LeaderElection
2019-09-25 05:32:45,959 [Thread-1924] INFO  impl.FollowerState (FollowerState.java:run(106)) - 07d2a3d4-a08d-4ff2-9fee-7694a26bc9e9:group-19CC27109C97 changes to CANDIDATE, lastRpcTime:1010, electionTimeout:1009ms
2019-09-25 05:32:45,959 [Thread-1924] INFO  impl.RoleInfo (RoleInfo.java:shutdownFollowerState(121)) - 07d2a3d4-a08d-4ff2-9fee-7694a26bc9e9: shutdown FollowerState
2019-09-25 05:32:45,960 [Thread-1924] INFO  impl.RaftServerImpl (RaftServerImpl.java:setRole(174)) - 07d2a3d4-a08d-4ff2-9fee-7694a26bc9e9@group-19CC27109C97: changes role from  FOLLOWER to CANDIDATE at term 6 for changeToCandidate
2019-09-25 05:32:45,960 [Thread-1924] INFO  impl.RoleInfo (RoleInfo.java:updateAndGet(143)) - 07d2a3d4-a08d-4ff2-9fee-7694a26bc9e9: start LeaderElection
2019-09-25 05:32:45,977 [Thread-1926] INFO  impl.FollowerState (FollowerState.java:run(106)) - 718f5985-af6b-46f0-b376-36c68e33e3c2:group-FABB21EF17C7 changes to CANDIDATE, lastRpcTime:1026, electionTimeout:1025ms
2019-09-25 05:32:45,977 [Thread-1926] INFO  impl.RoleInfo (RoleInfo.java:shutdownFollowerState(121)) - 718f5985-af6b-46f0-b376-36c68e33e3c2: shutdown FollowerState
2019-09-25 05:32:45,977 [Thread-1926] INFO  impl.RaftServerImpl (RaftServerImpl.java:setRole(174)) - 718f5985-af6b-46f0-b376-36c68e33e3c2@group-FABB21EF17C7: changes role from  FOLLOWER to CANDIDATE at term 6 for changeToCandidate
2019-09-25 05:32:45,977 [Thread-1926] INFO  impl.RoleInfo (RoleInfo.java:updateAndGet(143)) - 718f5985-af6b-46f0-b376-36c68e33e3c2: start LeaderElection
2019-09-25 05:32:45,983 [Thread-1914] INFO  impl.FollowerState (FollowerState.java:run(106)) - 718f5985-af6b-46f0-b376-36c68e33e3c2:group-8EE3C38B4941 changes to CANDIDATE, lastRpcTime:1102, electionTimeout:1102ms
2019-09-25 05:32:45,983 [Thread-1914] INFO  impl.RoleInfo (RoleInfo.java:shutdownFollowerState(121)) - 718f5985-af6b-46f0-b376-36c68e33e3c2: shutdown FollowerState
2019-09-25 05:32:45,983 [Thread-1914] INFO  impl.RaftServerImpl (RaftServerImpl.java:setRole(174)) - 718f5985-af6b-46f0-b376-36c68e33e3c2@group-8EE3C38B4941: changes role from  FOLLOWER to CANDIDATE at term 6 for changeToCandidate
2019-09-25 05:32:45,983 [Thread-1914] INFO  impl.RoleInfo (RoleInfo.java:updateAndGet(143)) - 718f5985-af6b-46f0-b376-36c68e33e3c2: start LeaderElection
2019-09-25 05:32:46,003 [Thread-1927] INFO  impl.FollowerState (FollowerState.java:run(106)) - 74c765d4-ecbc-4161-b0d3-3f71a54c17e6:group-37D53FCFBDA2 changes to CANDIDATE, lastRpcTime:1052, electionTimeout:1052ms
2019-09-25 05:32:46,004 [Thread-1927] INFO  impl.RoleInfo (RoleInfo.java:shutdownFollowerState(121)) - 74c765d4-ecbc-4161-b0d3-3f71a54c17e6: shutdown FollowerState
2019-09-25 05:32:46,004 [Thread-1927] INFO  impl.RaftServerImpl (RaftServerImpl.java:setRole(174)) - 74c765d4-ecbc-4161-b0d3-3f71a54c17e6@group-37D53FCFBDA2: changes role from  FOLLOWER to CANDIDATE at term 2 for changeToCandidate
2019-09-25 05:32:46,004 [Thread-1927] INFO  impl.RoleInfo (RoleInfo.java:updateAndGet(143)) - 74c765d4-ecbc-4161-b0d3-3f71a54c17e6: start LeaderElection
2019-09-25 05:32:46,018 [Thread-1915] INFO  impl.FollowerState (FollowerState.java:run(106)) - 07d2a3d4-a08d-4ff2-9fee-7694a26bc9e9:group-8EE3C38B4941 changes to CANDIDATE, lastRpcTime:1137, electionTimeout:1137ms
2019-09-25 05:32:46,018 [Thread-1915] INFO  impl.RoleInfo (RoleInfo.java:shutdownFollowerState(121)) - 07d2a3d4-a08d-4ff2-9fee-7694a26bc9e9: shutdown FollowerState
2019-09-25 05:32:46,018 [Thread-1915] INFO  impl.RaftServerImpl (RaftServerImpl.java:setRole(174)) - 07d2a3d4-a08d-4ff2-9fee-7694a26bc9e9@group-8EE3C38B4941: changes role from  FOLLOWER to CANDIDATE at term 6 for changeToCandidate
2019-09-25 05:32:46,019 [Thread-1915] INFO  impl.RoleInfo (RoleInfo.java:updateAndGet(143)) - 07d2a3d4-a08d-4ff2-9fee-7694a26bc9e9: start LeaderElection
2019-09-25 05:32:46,055 [Thread-1925] INFO  impl.FollowerState (FollowerState.java:run(106)) - 718f5985-af6b-46f0-b376-36c68e33e3c2:group-19CC27109C97 changes to CANDIDATE, lastRpcTime:1104, electionTimeout:1104ms
2019-09-25 05:32:46,055 [Thread-1925] INFO  impl.RoleInfo (RoleInfo.java:shutdownFollowerState(121)) - 718f5985-af6b-46f0-b376-36c68e33e3c2: shutdown FollowerState
2019-09-25 05:32:46,055 [Thread-1925] INFO  impl.RaftServerImpl (RaftServerImpl.java:setRole(174)) - 718f5985-af6b-46f0-b376-36c68e33e3c2@group-19CC27109C97: changes role from  FOLLOWER to CANDIDATE at term 6 for changeToCandidate
2019-09-25 05:32:46,055 [Thread-1925] INFO  impl.RoleInfo (RoleInfo.java:updateAndGet(143)) - 718f5985-af6b-46f0-b376-36c68e33e3c2: start LeaderElection
2019-09-25 05:32:46,123 [Thread-1928] INFO  impl.FollowerState (FollowerState.java:run(106)) - e40b1169-82c6-4268-9b48-d611605c3b5d:group-37D53FCFBDA2 changes to CANDIDATE, lastRpcTime:1171, electionTimeout:1171ms
2019-09-25 05:32:46,123 [Thread-1928] INFO  impl.RoleInfo (RoleInfo.java:shutdownFollowerState(121)) - e40b1169-82c6-4268-9b48-d611605c3b5d: shutdown FollowerState
2019-09-25 05:32:46,123 [Thread-1928] INFO  impl.RaftServerImpl (RaftServerImpl.java:setRole(174)) - e40b1169-82c6-4268-9b48-d611605c3b5d@group-37D53FCFBDA2: changes role from  FOLLOWER to CANDIDATE at term 2 for changeToCandidate
2019-09-25 05:32:46,123 [Thread-1928] INFO  impl.RoleInfo (RoleInfo.java:updateAndGet(143)) - e40b1169-82c6-4268-9b48-d611605c3b5d: start LeaderElection
2019-09-25 05:32:46,264 [718f5985-af6b-46f0-b376-36c68e33e3c2@group-FABB21EF17C7:LeaderElection300] INFO  impl.LeaderElection (LeaderElection.java:askForVotes(182)) - 718f5985-af6b-46f0-b376-36c68e33e3c2@group-FABB21EF17C7:LeaderElection300: begin an election at term 7 for -1: [07d2a3d4-a08d-4ff2-9fee-7694a26bc9e9:192.168.36.126:42527, 718f5985-af6b-46f0-b376-36c68e33e3c2:192.168.36.126:33516, 7d339ff4-0353-45b5-a855-49faf6b9a877:192.168.36.126:33810], old=null
2019-09-25 05:32:46,264 [07d2a3d4-a08d-4ff2-9fee-7694a26bc9e9@group-19CC27109C97:LeaderElection299] INFO  impl.LeaderElection (LeaderElection.java:askForVotes(182)) - 07d2a3d4-a08d-4ff2-9fee-7694a26bc9e9@group-19CC27109C97:LeaderElection299: begin an election at term 7 for -1: [07d2a3d4-a08d-4ff2-9fee-7694a26bc9e9:192.168.36.126:42527, 718f5985-af6b-46f0-b376-36c68e33e3c2:192.168.36.126:33516, 7d339ff4-0353-45b5-a855-49faf6b9a877:192.168.36.126:33810], old=null
2019-09-25 05:32:46,264 [74c765d4-ecbc-4161-b0d3-3f71a54c17e6@group-37D53FCFBDA2:LeaderElection302] INFO  impl.LeaderElection (LeaderElection.java:askForVotes(182)) - 74c765d4-ecbc-4161-b0d3-3f71a54c17e6@group-37D53FCFBDA2:LeaderElection302: begin an election at term 3 for -1: [e40b1169-82c6-4268-9b48-d611605c3b5d:192.168.36.126:46360, 74c765d4-ecbc-4161-b0d3-3f71a54c17e6:192.168.36.126:46193, 8ffa0edf-3bee-4748-91ab-c75ab538701e:192.168.36.126:35863], old=null
2019-09-25 05:32:46,264 [e40b1169-82c6-4268-9b48-d611605c3b5d@group-37D53FCFBDA2:LeaderElection305] INFO  impl.LeaderElection (LeaderElection.java:askForVotes(182)) - e40b1169-82c6-4268-9b48-d611605c3b5d@group-37D53FCFBDA2:LeaderElection305: begin an election at term 3 for -1: [e40b1169-82c6-4268-9b48-d611605c3b5d:192.168.36.126:46360, 74c765d4-ecbc-4161-b0d3-3f71a54c17e6:192.168.36.126:46193, 8ffa0edf-3bee-4748-91ab-c75ab538701e:192.168.36.126:35863], old=null
2019-09-25 05:32:46,264 [07d2a3d4-a08d-4ff2-9fee-7694a26bc9e9@group-FABB21EF17C7:LeaderElection298] INFO  impl.LeaderElection (LeaderElection.java:askForVotes(182)) - 07d2a3d4-a08d-4ff2-9fee-7694a26bc9e9@group-FABB21EF17C7:LeaderElection298: begin an election at term 7 for -1: [07d2a3d4-a08d-4ff2-9fee-7694a26bc9e9:192.168.36.126:42527, 718f5985-af6b-46f0-b376-36c68e33e3c2:192.168.36.126:33516, 7d339ff4-0353-45b5-a855-49faf6b9a877:192.168.36.126:33810], old=null
2019-09-25 05:32:46,264 [718f5985-af6b-46f0-b376-36c68e33e3c2@group-8EE3C38B4941:LeaderElection301] INFO  impl.LeaderElection (LeaderElection.java:askForVotes(182)) - 718f5985-af6b-46f0-b376-36c68e33e3c2@group-8EE3C38B4941:LeaderElection301: begin an election at term 7 for -1: [07d2a3d4-a08d-4ff2-9fee-7694a26bc9e9:192.168.36.126:42527, 718f5985-af6b-46f0-b376-36c68e33e3c2:192.168.36.126:33516, 7d339ff4-0353-45b5-a855-49faf6b9a877:192.168.36.126:33810], old=null
2019-09-25 05:32:46,264 [07d2a3d4-a08d-4ff2-9fee-7694a26bc9e9@group-8EE3C38B4941:LeaderElection303] INFO  impl.LeaderElection (LeaderElection.java:askForVotes(182)) - 07d2a3d4-a08d-4ff2-9fee-7694a26bc9e9@group-8EE3C38B4941:LeaderElection303: begin an election at term 7 for -1: [07d2a3d4-a08d-4ff2-9fee-7694a26bc9e9:192.168.36.126:42527, 718f5985-af6b-46f0-b376-36c68e33e3c2:192.168.36.126:33516, 7d339ff4-0353-45b5-a855-49faf6b9a877:192.168.36.126:33810], old=null
2019-09-25 05:32:46,264 [718f5985-af6b-46f0-b376-36c68e33e3c2@group-19CC27109C97:LeaderElection304] INFO  impl.LeaderElection (LeaderElection.java:askForVotes(182)) - 718f5985-af6b-46f0-b376-36c68e33e3c2@group-19CC27109C97:LeaderElection304: begin an election at term 7 for -1: [07d2a3d4-a08d-4ff2-9fee-7694a26bc9e9:192.168.36.126:42527, 718f5985-af6b-46f0-b376-36c68e33e3c2:192.168.36.126:33516, 7d339ff4-0353-45b5-a855-49faf6b9a877:192.168.36.126:33810], old=null
2019-09-25 05:32:46,267 [718f5985-af6b-46f0-b376-36c68e33e3c2@group-8EE3C38B4941:LeaderElection301] INFO  impl.LeaderElection (LogUtils.java:infoOrTrace(149)) - 718f5985-af6b-46f0-b376-36c68e33e3c2@group-8EE3C38B4941:LeaderElection301 got exception when requesting votes: {}
java.util.concurrent.ExecutionException: org.apache.ratis.thirdparty.io.grpc.StatusRuntimeException: UNAVAILABLE: io exception
	at java.util.concurrent.FutureTask.report(FutureTask.java:122)
	at java.util.concurrent.FutureTask.get(FutureTask.java:192)
	at org.apache.ratis.server.impl.LeaderElection.waitForResults(LeaderElection.java:263)
	at org.apache.ratis.server.impl.LeaderElection.askForVotes(LeaderElection.java:201)
	at org.apache.ratis.server.impl.LeaderElection.run(LeaderElection.java:133)
	at java.lang.Thread.run(Thread.java:748)
Caused by: org.apache.ratis.thirdparty.io.grpc.StatusRuntimeException: UNAVAILABLE: io exception
	at org.apache.ratis.thirdparty.io.grpc.stub.ClientCalls.toStatusRuntimeException(ClientCalls.java:233)
	at org.apache.ratis.thirdparty.io.grpc.stub.ClientCalls.getUnchecked(ClientCalls.java:214)
	at org.apache.ratis.thirdparty.io.grpc.stub.ClientCalls.blockingUnaryCall(ClientCalls.java:139)
	at org.apache.ratis.proto.grpc.RaftServerProtocolServiceGrpc$RaftServerProtocolServiceBlockingStub.requestVote(RaftServerProtocolServiceGrpc.java:265)
	at org.apache.ratis.grpc.server.GrpcServerProtocolClient.requestVote(GrpcServerProtocolClient.java:90)
	at org.apache.ratis.grpc.server.GrpcService.requestVote(GrpcService.java:204)
	at org.apache.ratis.server.impl.LeaderElection.lambda$submitRequests$1(LeaderElection.java:238)
	at java.util.concurrent.FutureTask.run(FutureTask.java:266)
	at java.util.concurrent.Executors$RunnableAdapter.call(Executors.java:511)
	at java.util.concurrent.FutureTask.run(FutureTask.java:266)
	at java.util.concurrent.ThreadPoolExecutor.runWorker(ThreadPoolExecutor.java:1149)
	at java.util.concurrent.ThreadPoolExecutor$Worker.run(ThreadPoolExecutor.java:624)
	... 1 more
Caused by: org.apache.ratis.thirdparty.io.netty.channel.AbstractChannel$AnnotatedConnectException: Connection refused: /192.168.36.126:33810
	at sun.nio.ch.SocketChannelImpl.checkConnect(Native Method)
	at sun.nio.ch.SocketChannelImpl.finishConnect(SocketChannelImpl.java:717)
	at org.apache.ratis.thirdparty.io.netty.channel.socket.nio.NioSocketChannel.doFinishConnect(NioSocketChannel.java:327)
	at org.apache.ratis.thirdparty.io.netty.channel.nio.AbstractNioChannel$AbstractNioUnsafe.finishConnect(AbstractNioChannel.java:340)
	at org.apache.ratis.thirdparty.io.netty.channel.nio.NioEventLoop.processSelectedKey(NioEventLoop.java:632)
	at org.apache.ratis.thirdparty.io.netty.channel.nio.NioEventLoop.processSelectedKeysOptimized(NioEventLoop.java:579)
	at org.apache.ratis.thirdparty.io.netty.channel.nio.NioEventLoop.processSelectedKeys(NioEventLoop.java:496)
	at org.apache.ratis.thirdparty.io.netty.channel.nio.NioEventLoop.run(NioEventLoop.java:458)
	at org.apache.ratis.thirdparty.io.netty.util.concurrent.SingleThreadEventExecutor$5.run(SingleThreadEventExecutor.java:897)
	at org.apache.ratis.thirdparty.io.netty.util.concurrent.FastThreadLocalRunnable.run(FastThreadLocalRunnable.java:30)
	... 1 more
Caused by: java.net.ConnectException: Connection refused
	... 11 more
2019-09-25 05:32:46,267 [07d2a3d4-a08d-4ff2-9fee-7694a26bc9e9@group-FABB21EF17C7:LeaderElection298] INFO  impl.LeaderElection (LogUtils.java:infoOrTrace(149)) - 07d2a3d4-a08d-4ff2-9fee-7694a26bc9e9@group-FABB21EF17C7:LeaderElection298 got exception when requesting votes: {}
java.util.concurrent.ExecutionException: org.apache.ratis.thirdparty.io.grpc.StatusRuntimeException: UNAVAILABLE: io exception
	at java.util.concurrent.FutureTask.report(FutureTask.java:122)
	at java.util.concurrent.FutureTask.get(FutureTask.java:192)
	at org.apache.ratis.server.impl.LeaderElection.waitForResults(LeaderElection.java:263)
	at org.apache.ratis.server.impl.LeaderElection.askForVotes(LeaderElection.java:201)
	at org.apache.ratis.server.impl.LeaderElection.run(LeaderElection.java:133)
	at java.lang.Thread.run(Thread.java:748)
Caused by: org.apache.ratis.thirdparty.io.grpc.StatusRuntimeException: UNAVAILABLE: io exception
	at org.apache.ratis.thirdparty.io.grpc.stub.ClientCalls.toStatusRuntimeException(ClientCalls.java:233)
	at org.apache.ratis.thirdparty.io.grpc.stub.ClientCalls.getUnchecked(ClientCalls.java:214)
	at org.apache.ratis.thirdparty.io.grpc.stub.ClientCalls.blockingUnaryCall(ClientCalls.java:139)
	at org.apache.ratis.proto.grpc.RaftServerProtocolServiceGrpc$RaftServerProtocolServiceBlockingStub.requestVote(RaftServerProtocolServiceGrpc.java:265)
	at org.apache.ratis.grpc.server.GrpcServerProtocolClient.requestVote(GrpcServerProtocolClient.java:90)
	at org.apache.ratis.grpc.server.GrpcService.requestVote(GrpcService.java:204)
	at org.apache.ratis.server.impl.LeaderElection.lambda$submitRequests$1(LeaderElection.java:238)
	at java.util.concurrent.FutureTask.run(FutureTask.java:266)
	at java.util.concurrent.Executors$RunnableAdapter.call(Executors.java:511)
	at java.util.concurrent.FutureTask.run(FutureTask.java:266)
	at java.util.concurrent.ThreadPoolExecutor.runWorker(ThreadPoolExecutor.java:1149)
	at java.util.concurrent.ThreadPoolExecutor$Worker.run(ThreadPoolExecutor.java:624)
	... 1 more
Caused by: org.apache.ratis.thirdparty.io.netty.channel.AbstractChannel$AnnotatedConnectException: Connection refused: /192.168.36.126:33810
	at sun.nio.ch.SocketChannelImpl.checkConnect(Native Method)
	at sun.nio.ch.SocketChannelImpl.finishConnect(SocketChannelImpl.java:717)
	at org.apache.ratis.thirdparty.io.netty.channel.socket.nio.NioSocketChannel.doFinishConnect(NioSocketChannel.java:327)
	at org.apache.ratis.thirdparty.io.netty.channel.nio.AbstractNioChannel$AbstractNioUnsafe.finishConnect(AbstractNioChannel.java:340)
	at org.apache.ratis.thirdparty.io.netty.channel.nio.NioEventLoop.processSelectedKey(NioEventLoop.java:632)
	at org.apache.ratis.thirdparty.io.netty.channel.nio.NioEventLoop.processSelectedKeysOptimized(NioEventLoop.java:579)
	at org.apache.ratis.thirdparty.io.netty.channel.nio.NioEventLoop.processSelectedKeys(NioEventLoop.java:496)
	at org.apache.ratis.thirdparty.io.netty.channel.nio.NioEventLoop.run(NioEventLoop.java:458)
	at org.apache.ratis.thirdparty.io.netty.util.concurrent.SingleThreadEventExecutor$5.run(SingleThreadEventExecutor.java:897)
	at org.apache.ratis.thirdparty.io.netty.util.concurrent.FastThreadLocalRunnable.run(FastThreadLocalRunnable.java:30)
	... 1 more
Caused by: java.net.ConnectException: Connection refused
	... 11 more
2019-09-25 05:32:46,267 [e40b1169-82c6-4268-9b48-d611605c3b5d@group-37D53FCFBDA2:LeaderElection305] INFO  impl.LeaderElection (LogUtils.java:infoOrTrace(149)) - e40b1169-82c6-4268-9b48-d611605c3b5d@group-37D53FCFBDA2:LeaderElection305 got exception when requesting votes: {}
java.util.concurrent.ExecutionException: org.apache.ratis.thirdparty.io.grpc.StatusRuntimeException: UNAVAILABLE: io exception
	at java.util.concurrent.FutureTask.report(FutureTask.java:122)
	at java.util.concurrent.FutureTask.get(FutureTask.java:192)
	at org.apache.ratis.server.impl.LeaderElection.waitForResults(LeaderElection.java:263)
	at org.apache.ratis.server.impl.LeaderElection.askForVotes(LeaderElection.java:201)
	at org.apache.ratis.server.impl.LeaderElection.run(LeaderElection.java:133)
	at java.lang.Thread.run(Thread.java:748)
Caused by: org.apache.ratis.thirdparty.io.grpc.StatusRuntimeException: UNAVAILABLE: io exception
	at org.apache.ratis.thirdparty.io.grpc.stub.ClientCalls.toStatusRuntimeException(ClientCalls.java:233)
	at org.apache.ratis.thirdparty.io.grpc.stub.ClientCalls.getUnchecked(ClientCalls.java:214)
	at org.apache.ratis.thirdparty.io.grpc.stub.ClientCalls.blockingUnaryCall(ClientCalls.java:139)
	at org.apache.ratis.proto.grpc.RaftServerProtocolServiceGrpc$RaftServerProtocolServiceBlockingStub.requestVote(RaftServerProtocolServiceGrpc.java:265)
	at org.apache.ratis.grpc.server.GrpcServerProtocolClient.requestVote(GrpcServerProtocolClient.java:90)
	at org.apache.ratis.grpc.server.GrpcService.requestVote(GrpcService.java:204)
	at org.apache.ratis.server.impl.LeaderElection.lambda$submitRequests$1(LeaderElection.java:238)
	at java.util.concurrent.FutureTask.run(FutureTask.java:266)
	at java.util.concurrent.Executors$RunnableAdapter.call(Executors.java:511)
	at java.util.concurrent.FutureTask.run(FutureTask.java:266)
	at java.util.concurrent.ThreadPoolExecutor.runWorker(ThreadPoolExecutor.java:1149)
	at java.util.concurrent.ThreadPoolExecutor$Worker.run(ThreadPoolExecutor.java:624)
	... 1 more
Caused by: org.apache.ratis.thirdparty.io.netty.channel.AbstractChannel$AnnotatedConnectException: Connection refused: /192.168.36.126:35863
	at sun.nio.ch.SocketChannelImpl.checkConnect(Native Method)
	at sun.nio.ch.SocketChannelImpl.finishConnect(SocketChannelImpl.java:717)
	at org.apache.ratis.thirdparty.io.netty.channel.socket.nio.NioSocketChannel.doFinishConnect(NioSocketChannel.java:327)
	at org.apache.ratis.thirdparty.io.netty.channel.nio.AbstractNioChannel$AbstractNioUnsafe.finishConnect(AbstractNioChannel.java:340)
	at org.apache.ratis.thirdparty.io.netty.channel.nio.NioEventLoop.processSelectedKey(NioEventLoop.java:632)
	at org.apache.ratis.thirdparty.io.netty.channel.nio.NioEventLoop.processSelectedKeysOptimized(NioEventLoop.java:579)
	at org.apache.ratis.thirdparty.io.netty.channel.nio.NioEventLoop.processSelectedKeys(NioEventLoop.java:496)
	at org.apache.ratis.thirdparty.io.netty.channel.nio.NioEventLoop.run(NioEventLoop.java:458)
	at org.apache.ratis.thirdparty.io.netty.util.concurrent.SingleThreadEventExecutor$5.run(SingleThreadEventExecutor.java:897)
	at org.apache.ratis.thirdparty.io.netty.util.concurrent.FastThreadLocalRunnable.run(FastThreadLocalRunnable.java:30)
	... 1 more
Caused by: java.net.ConnectException: Connection refused
	... 11 more
2019-09-25 05:32:46,267 [07d2a3d4-a08d-4ff2-9fee-7694a26bc9e9@group-19CC27109C97:LeaderElection299] INFO  impl.LeaderElection (LogUtils.java:infoOrTrace(149)) - 07d2a3d4-a08d-4ff2-9fee-7694a26bc9e9@group-19CC27109C97:LeaderElection299 got exception when requesting votes: {}
java.util.concurrent.ExecutionException: org.apache.ratis.thirdparty.io.grpc.StatusRuntimeException: UNAVAILABLE: io exception
	at java.util.concurrent.FutureTask.report(FutureTask.java:122)
	at java.util.concurrent.FutureTask.get(FutureTask.java:192)
	at org.apache.ratis.server.impl.LeaderElection.waitForResults(LeaderElection.java:263)
	at org.apache.ratis.server.impl.LeaderElection.askForVotes(LeaderElection.java:201)
	at org.apache.ratis.server.impl.LeaderElection.run(LeaderElection.java:133)
	at java.lang.Thread.run(Thread.java:748)
Caused by: org.apache.ratis.thirdparty.io.grpc.StatusRuntimeException: UNAVAILABLE: io exception
	at org.apache.ratis.thirdparty.io.grpc.stub.ClientCalls.toStatusRuntimeException(ClientCalls.java:233)
	at org.apache.ratis.thirdparty.io.grpc.stub.ClientCalls.getUnchecked(ClientCalls.java:214)
	at org.apache.ratis.thirdparty.io.grpc.stub.ClientCalls.blockingUnaryCall(ClientCalls.java:139)
	at org.apache.ratis.proto.grpc.RaftServerProtocolServiceGrpc$RaftServerProtocolServiceBlockingStub.requestVote(RaftServerProtocolServiceGrpc.java:265)
	at org.apache.ratis.grpc.server.GrpcServerProtocolClient.requestVote(GrpcServerProtocolClient.java:90)
	at org.apache.ratis.grpc.server.GrpcService.requestVote(GrpcService.java:204)
	at org.apache.ratis.server.impl.LeaderElection.lambda$submitRequests$1(LeaderElection.java:238)
	at java.util.concurrent.FutureTask.run(FutureTask.java:266)
	at java.util.concurrent.Executors$RunnableAdapter.call(Executors.java:511)
	at java.util.concurrent.FutureTask.run(FutureTask.java:266)
	at java.util.concurrent.ThreadPoolExecutor.runWorker(ThreadPoolExecutor.java:1149)
	at java.util.concurrent.ThreadPoolExecutor$Worker.run(ThreadPoolExecutor.java:624)
	... 1 more
Caused by: org.apache.ratis.thirdparty.io.netty.channel.AbstractChannel$AnnotatedConnectException: Connection refused: /192.168.36.126:33810
	at sun.nio.ch.SocketChannelImpl.checkConnect(Native Method)
	at sun.nio.ch.SocketChannelImpl.finishConnect(SocketChannelImpl.java:717)
	at org.apache.ratis.thirdparty.io.netty.channel.socket.nio.NioSocketChannel.doFinishConnect(NioSocketChannel.java:327)
	at org.apache.ratis.thirdparty.io.netty.channel.nio.AbstractNioChannel$AbstractNioUnsafe.finishConnect(AbstractNioChannel.java:340)
	at org.apache.ratis.thirdparty.io.netty.channel.nio.NioEventLoop.processSelectedKey(NioEventLoop.java:632)
	at org.apache.ratis.thirdparty.io.netty.channel.nio.NioEventLoop.processSelectedKeysOptimized(NioEventLoop.java:579)
	at org.apache.ratis.thirdparty.io.netty.channel.nio.NioEventLoop.processSelectedKeys(NioEventLoop.java:496)
	at org.apache.ratis.thirdparty.io.netty.channel.nio.NioEventLoop.run(NioEventLoop.java:458)
	at org.apache.ratis.thirdparty.io.netty.util.concurrent.SingleThreadEventExecutor$5.run(SingleThreadEventExecutor.java:897)
	at org.apache.ratis.thirdparty.io.netty.util.concurrent.FastThreadLocalRunnable.run(FastThreadLocalRunnable.java:30)
	... 1 more
Caused by: java.net.ConnectException: Connection refused
	... 11 more
2019-09-25 05:32:46,267 [718f5985-af6b-46f0-b376-36c68e33e3c2@group-FABB21EF17C7:LeaderElection300] INFO  impl.LeaderElection (LogUtils.java:infoOrTrace(149)) - 718f5985-af6b-46f0-b376-36c68e33e3c2@group-FABB21EF17C7:LeaderElection300 got exception when requesting votes: {}
java.util.concurrent.ExecutionException: org.apache.ratis.thirdparty.io.grpc.StatusRuntimeException: UNAVAILABLE: io exception
	at java.util.concurrent.FutureTask.report(FutureTask.java:122)
	at java.util.concurrent.FutureTask.get(FutureTask.java:192)
	at org.apache.ratis.server.impl.LeaderElection.waitForResults(LeaderElection.java:263)
	at org.apache.ratis.server.impl.LeaderElection.askForVotes(LeaderElection.java:201)
	at org.apache.ratis.server.impl.LeaderElection.run(LeaderElection.java:133)
	at java.lang.Thread.run(Thread.java:748)
Caused by: org.apache.ratis.thirdparty.io.grpc.StatusRuntimeException: UNAVAILABLE: io exception
	at org.apache.ratis.thirdparty.io.grpc.stub.ClientCalls.toStatusRuntimeException(ClientCalls.java:233)
	at org.apache.ratis.thirdparty.io.grpc.stub.ClientCalls.getUnchecked(ClientCalls.java:214)
	at org.apache.ratis.thirdparty.io.grpc.stub.ClientCalls.blockingUnaryCall(ClientCalls.java:139)
	at org.apache.ratis.proto.grpc.RaftServerProtocolServiceGrpc$RaftServerProtocolServiceBlockingStub.requestVote(RaftServerProtocolServiceGrpc.java:265)
	at org.apache.ratis.grpc.server.GrpcServerProtocolClient.requestVote(GrpcServerProtocolClient.java:90)
	at org.apache.ratis.grpc.server.GrpcService.requestVote(GrpcService.java:204)
	at org.apache.ratis.server.impl.LeaderElection.lambda$submitRequests$1(LeaderElection.java:238)
	at java.util.concurrent.FutureTask.run(FutureTask.java:266)
	at java.util.concurrent.Executors$RunnableAdapter.call(Executors.java:511)
	at java.util.concurrent.FutureTask.run(FutureTask.java:266)
	at java.util.concurrent.ThreadPoolExecutor.runWorker(ThreadPoolExecutor.java:1149)
	at java.util.concurrent.ThreadPoolExecutor$Worker.run(ThreadPoolExecutor.java:624)
	... 1 more
Caused by: org.apache.ratis.thirdparty.io.netty.channel.AbstractChannel$AnnotatedConnectException: Connection refused: /192.168.36.126:33810
	at sun.nio.ch.SocketChannelImpl.checkConnect(Native Method)
	at sun.nio.ch.SocketChannelImpl.finishConnect(SocketChannelImpl.java:717)
	at org.apache.ratis.thirdparty.io.netty.channel.socket.nio.NioSocketChannel.doFinishConnect(NioSocketChannel.java:327)
	at org.apache.ratis.thirdparty.io.netty.channel.nio.AbstractNioChannel$AbstractNioUnsafe.finishConnect(AbstractNioChannel.java:340)
	at org.apache.ratis.thirdparty.io.netty.channel.nio.NioEventLoop.processSelectedKey(NioEventLoop.java:632)
	at org.apache.ratis.thirdparty.io.netty.channel.nio.NioEventLoop.processSelectedKeysOptimized(NioEventLoop.java:579)
	at org.apache.ratis.thirdparty.io.netty.channel.nio.NioEventLoop.processSelectedKeys(NioEventLoop.java:496)
	at org.apache.ratis.thirdparty.io.netty.channel.nio.NioEventLoop.run(NioEventLoop.java:458)
	at org.apache.ratis.thirdparty.io.netty.util.concurrent.SingleThreadEventExecutor$5.run(SingleThreadEventExecutor.java:897)
	at org.apache.ratis.thirdparty.io.netty.util.concurrent.FastThreadLocalRunnable.run(FastThreadLocalRunnable.java:30)
	... 1 more
Caused by: java.net.ConnectException: Connection refused
	... 11 more
2019-09-25 05:32:46,270 [07d2a3d4-a08d-4ff2-9fee-7694a26bc9e9@group-19CC27109C97:LeaderElection299] INFO  impl.LeaderElection (LeaderElection.java:logAndReturn(56)) - 07d2a3d4-a08d-4ff2-9fee-7694a26bc9e9@group-19CC27109C97:LeaderElection299: Election REJECTED; received 1 response(s) [07d2a3d4-a08d-4ff2-9fee-7694a26bc9e9<-718f5985-af6b-46f0-b376-36c68e33e3c2#0:FAIL-t7] and 1 exception(s); 07d2a3d4-a08d-4ff2-9fee-7694a26bc9e9@group-19CC27109C97:t7, leader=null, voted=07d2a3d4-a08d-4ff2-9fee-7694a26bc9e9, raftlog=07d2a3d4-a08d-4ff2-9fee-7694a26bc9e9@group-19CC27109C97-SegmentedRaftLog:OPENED:c-1,f-1,i0, conf=-1: [07d2a3d4-a08d-4ff2-9fee-7694a26bc9e9:192.168.36.126:42527, 718f5985-af6b-46f0-b376-36c68e33e3c2:192.168.36.126:33516, 7d339ff4-0353-45b5-a855-49faf6b9a877:192.168.36.126:33810], old=null
2019-09-25 05:32:46,270 [07d2a3d4-a08d-4ff2-9fee-7694a26bc9e9@group-19CC27109C97:LeaderElection299] INFO  impl.LeaderElection (LogUtils.java:infoOrTrace(149)) -   Exception 0: {}
java.util.concurrent.ExecutionException: org.apache.ratis.thirdparty.io.grpc.StatusRuntimeException: UNAVAILABLE: io exception
	at java.util.concurrent.FutureTask.report(FutureTask.java:122)
	at java.util.concurrent.FutureTask.get(FutureTask.java:192)
	at org.apache.ratis.server.impl.LeaderElection.waitForResults(LeaderElection.java:263)
	at org.apache.ratis.server.impl.LeaderElection.askForVotes(LeaderElection.java:201)
	at org.apache.ratis.server.impl.LeaderElection.run(LeaderElection.java:133)
	at java.lang.Thread.run(Thread.java:748)
Caused by: org.apache.ratis.thirdparty.io.grpc.StatusRuntimeException: UNAVAILABLE: io exception
	at org.apache.ratis.thirdparty.io.grpc.stub.ClientCalls.toStatusRuntimeException(ClientCalls.java:233)
	at org.apache.ratis.thirdparty.io.grpc.stub.ClientCalls.getUnchecked(ClientCalls.java:214)
	at org.apache.ratis.thirdparty.io.grpc.stub.ClientCalls.blockingUnaryCall(ClientCalls.java:139)
	at org.apache.ratis.proto.grpc.RaftServerProtocolServiceGrpc$RaftServerProtocolServiceBlockingStub.requestVote(RaftServerProtocolServiceGrpc.java:265)
	at org.apache.ratis.grpc.server.GrpcServerProtocolClient.requestVote(GrpcServerProtocolClient.java:90)
	at org.apache.ratis.grpc.server.GrpcService.requestVote(GrpcService.java:204)
	at org.apache.ratis.server.impl.LeaderElection.lambda$submitRequests$1(LeaderElection.java:238)
	at java.util.concurrent.FutureTask.run(FutureTask.java:266)
	at java.util.concurrent.Executors$RunnableAdapter.call(Executors.java:511)
	at java.util.concurrent.FutureTask.run(FutureTask.java:266)
	at java.util.concurrent.ThreadPoolExecutor.runWorker(ThreadPoolExecutor.java:1149)
	at java.util.concurrent.ThreadPoolExecutor$Worker.run(ThreadPoolExecutor.java:624)
	... 1 more
Caused by: org.apache.ratis.thirdparty.io.netty.channel.AbstractChannel$AnnotatedConnectException: Connection refused: /192.168.36.126:33810
	at sun.nio.ch.SocketChannelImpl.checkConnect(Native Method)
	at sun.nio.ch.SocketChannelImpl.finishConnect(SocketChannelImpl.java:717)
	at org.apache.ratis.thirdparty.io.netty.channel.socket.nio.NioSocketChannel.doFinishConnect(NioSocketChannel.java:327)
	at org.apache.ratis.thirdparty.io.netty.channel.nio.AbstractNioChannel$AbstractNioUnsafe.finishConnect(AbstractNioChannel.java:340)
	at org.apache.ratis.thirdparty.io.netty.channel.nio.NioEventLoop.processSelectedKey(NioEventLoop.java:632)
	at org.apache.ratis.thirdparty.io.netty.channel.nio.NioEventLoop.processSelectedKeysOptimized(NioEventLoop.java:579)
	at org.apache.ratis.thirdparty.io.netty.channel.nio.NioEventLoop.processSelectedKeys(NioEventLoop.java:496)
	at org.apache.ratis.thirdparty.io.netty.channel.nio.NioEventLoop.run(NioEventLoop.java:458)
	at org.apache.ratis.thirdparty.io.netty.util.concurrent.SingleThreadEventExecutor$5.run(SingleThreadEventExecutor.java:897)
	at org.apache.ratis.thirdparty.io.netty.util.concurrent.FastThreadLocalRunnable.run(FastThreadLocalRunnable.java:30)
	... 1 more
Caused by: java.net.ConnectException: Connection refused
	... 11 more
2019-09-25 05:32:46,274 [07d2a3d4-a08d-4ff2-9fee-7694a26bc9e9@group-FABB21EF17C7:LeaderElection298] INFO  impl.LeaderElection (LeaderElection.java:logAndReturn(56)) - 07d2a3d4-a08d-4ff2-9fee-7694a26bc9e9@group-FABB21EF17C7:LeaderElection298: Election REJECTED; received 1 response(s) [07d2a3d4-a08d-4ff2-9fee-7694a26bc9e9<-718f5985-af6b-46f0-b376-36c68e33e3c2#0:FAIL-t7] and 1 exception(s); 07d2a3d4-a08d-4ff2-9fee-7694a26bc9e9@group-FABB21EF17C7:t7, leader=null, voted=07d2a3d4-a08d-4ff2-9fee-7694a26bc9e9, raftlog=07d2a3d4-a08d-4ff2-9fee-7694a26bc9e9@group-FABB21EF17C7-SegmentedRaftLog:OPENED:c-1,f-1,i0, conf=-1: [07d2a3d4-a08d-4ff2-9fee-7694a26bc9e9:192.168.36.126:42527, 718f5985-af6b-46f0-b376-36c68e33e3c2:192.168.36.126:33516, 7d339ff4-0353-45b5-a855-49faf6b9a877:192.168.36.126:33810], old=null
2019-09-25 05:32:46,268 [718f5985-af6b-46f0-b376-36c68e33e3c2@group-19CC27109C97:LeaderElection304] INFO  impl.LeaderElection (LogUtils.java:infoOrTrace(149)) - 718f5985-af6b-46f0-b376-36c68e33e3c2@group-19CC27109C97:LeaderElection304 got exception when requesting votes: {}
java.util.concurrent.ExecutionException: org.apache.ratis.thirdparty.io.grpc.StatusRuntimeException: UNAVAILABLE: io exception
	at java.util.concurrent.FutureTask.report(FutureTask.java:122)
	at java.util.concurrent.FutureTask.get(FutureTask.java:192)
	at org.apache.ratis.server.impl.LeaderElection.waitForResults(LeaderElection.java:263)
	at org.apache.ratis.server.impl.LeaderElection.askForVotes(LeaderElection.java:201)
	at org.apache.ratis.server.impl.LeaderElection.run(LeaderElection.java:133)
	at java.lang.Thread.run(Thread.java:748)
Caused by: org.apache.ratis.thirdparty.io.grpc.StatusRuntimeException: UNAVAILABLE: io exception
	at org.apache.ratis.thirdparty.io.grpc.stub.ClientCalls.toStatusRuntimeException(ClientCalls.java:233)
	at org.apache.ratis.thirdparty.io.grpc.stub.ClientCalls.getUnchecked(ClientCalls.java:214)
	at org.apache.ratis.thirdparty.io.grpc.stub.ClientCalls.blockingUnaryCall(ClientCalls.java:139)
	at org.apache.ratis.proto.grpc.RaftServerProtocolServiceGrpc$RaftServerProtocolServiceBlockingStub.requestVote(RaftServerProtocolServiceGrpc.java:265)
	at org.apache.ratis.grpc.server.GrpcServerProtocolClient.requestVote(GrpcServerProtocolClient.java:90)
	at org.apache.ratis.grpc.server.GrpcService.requestVote(GrpcService.java:204)
	at org.apache.ratis.server.impl.LeaderElection.lambda$submitRequests$1(LeaderElection.java:238)
	at java.util.concurrent.FutureTask.run(FutureTask.java:266)
	at java.util.concurrent.Executors$RunnableAdapter.call(Executors.java:511)
	at java.util.concurrent.FutureTask.run(FutureTask.java:266)
	at java.util.concurrent.ThreadPoolExecutor.runWorker(ThreadPoolExecutor.java:1149)
	at java.util.concurrent.ThreadPoolExecutor$Worker.run(ThreadPoolExecutor.java:624)
	... 1 more
Caused by: org.apache.ratis.thirdparty.io.netty.channel.AbstractChannel$AnnotatedConnectException: Connection refused: /192.168.36.126:33810
	at sun.nio.ch.SocketChannelImpl.checkConnect(Native Method)
	at sun.nio.ch.SocketChannelImpl.finishConnect(SocketChannelImpl.java:717)
	at org.apache.ratis.thirdparty.io.netty.channel.socket.nio.NioSocketChannel.doFinishConnect(NioSocketChannel.java:327)
	at org.apache.ratis.thirdparty.io.netty.channel.nio.AbstractNioChannel$AbstractNioUnsafe.finishConnect(AbstractNioChannel.java:340)
	at org.apache.ratis.thirdparty.io.netty.channel.nio.NioEventLoop.processSelectedKey(NioEventLoop.java:632)
	at org.apache.ratis.thirdparty.io.netty.channel.nio.NioEventLoop.processSelectedKeysOptimized(NioEventLoop.java:579)
	at org.apache.ratis.thirdparty.io.netty.channel.nio.NioEventLoop.processSelectedKeys(NioEventLoop.java:496)
	at org.apache.ratis.thirdparty.io.netty.channel.nio.NioEventLoop.run(NioEventLoop.java:458)
	at org.apache.ratis.thirdparty.io.netty.util.concurrent.SingleThreadEventExecutor$5.run(SingleThreadEventExecutor.java:897)
	at org.apache.ratis.thirdparty.io.netty.util.concurrent.FastThreadLocalRunnable.run(FastThreadLocalRunnable.java:30)
	... 1 more
Caused by: java.net.ConnectException: Connection refused
	... 11 more
2019-09-25 05:32:46,268 [07d2a3d4-a08d-4ff2-9fee-7694a26bc9e9@group-8EE3C38B4941:LeaderElection303] INFO  impl.LeaderElection (LogUtils.java:infoOrTrace(149)) - 07d2a3d4-a08d-4ff2-9fee-7694a26bc9e9@group-8EE3C38B4941:LeaderElection303 got exception when requesting votes: {}
java.util.concurrent.ExecutionException: org.apache.ratis.thirdparty.io.grpc.StatusRuntimeException: UNAVAILABLE: io exception
	at java.util.concurrent.FutureTask.report(FutureTask.java:122)
	at java.util.concurrent.FutureTask.get(FutureTask.java:192)
	at org.apache.ratis.server.impl.LeaderElection.waitForResults(LeaderElection.java:263)
	at org.apache.ratis.server.impl.LeaderElection.askForVotes(LeaderElection.java:201)
	at org.apache.ratis.server.impl.LeaderElection.run(LeaderElection.java:133)
	at java.lang.Thread.run(Thread.java:748)
Caused by: org.apache.ratis.thirdparty.io.grpc.StatusRuntimeException: UNAVAILABLE: io exception
	at org.apache.ratis.thirdparty.io.grpc.stub.ClientCalls.toStatusRuntimeException(ClientCalls.java:233)
	at org.apache.ratis.thirdparty.io.grpc.stub.ClientCalls.getUnchecked(ClientCalls.java:214)
	at org.apache.ratis.thirdparty.io.grpc.stub.ClientCalls.blockingUnaryCall(ClientCalls.java:139)
	at org.apache.ratis.proto.grpc.RaftServerProtocolServiceGrpc$RaftServerProtocolServiceBlockingStub.requestVote(RaftServerProtocolServiceGrpc.java:265)
	at org.apache.ratis.grpc.server.GrpcServerProtocolClient.requestVote(GrpcServerProtocolClient.java:90)
	at org.apache.ratis.grpc.server.GrpcService.requestVote(GrpcService.java:204)
	at org.apache.ratis.server.impl.LeaderElection.lambda$submitRequests$1(LeaderElection.java:238)
	at java.util.concurrent.FutureTask.run(FutureTask.java:266)
	at java.util.concurrent.Executors$RunnableAdapter.call(Executors.java:511)
	at java.util.concurrent.FutureTask.run(FutureTask.java:266)
	at java.util.concurrent.ThreadPoolExecutor.runWorker(ThreadPoolExecutor.java:1149)
	at java.util.concurrent.ThreadPoolExecutor$Worker.run(ThreadPoolExecutor.java:624)
	... 1 more
Caused by: org.apache.ratis.thirdparty.io.netty.channel.AbstractChannel$AnnotatedConnectException: Connection refused: /192.168.36.126:33810
	at sun.nio.ch.SocketChannelImpl.checkConnect(Native Method)
	at sun.nio.ch.SocketChannelImpl.finishConnect(SocketChannelImpl.java:717)
	at org.apache.ratis.thirdparty.io.netty.channel.socket.nio.NioSocketChannel.doFinishConnect(NioSocketChannel.java:327)
	at org.apache.ratis.thirdparty.io.netty.channel.nio.AbstractNioChannel$AbstractNioUnsafe.finishConnect(AbstractNioChannel.java:340)
	at org.apache.ratis.thirdparty.io.netty.channel.nio.NioEventLoop.processSelectedKey(NioEventLoop.java:632)
	at org.apache.ratis.thirdparty.io.netty.channel.nio.NioEventLoop.processSelectedKeysOptimized(NioEventLoop.java:579)
	at org.apache.ratis.thirdparty.io.netty.channel.nio.NioEventLoop.processSelectedKeys(NioEventLoop.java:496)
	at org.apache.ratis.thirdparty.io.netty.channel.nio.NioEventLoop.run(NioEventLoop.java:458)
	at org.apache.ratis.thirdparty.io.netty.util.concurrent.SingleThreadEventExecutor$5.run(SingleThreadEventExecutor.java:897)
	at org.apache.ratis.thirdparty.io.netty.util.concurrent.FastThreadLocalRunnable.run(FastThreadLocalRunnable.java:30)
	... 1 more
Caused by: java.net.ConnectException: Connection refused
	... 11 more
2019-09-25 05:32:46,267 [74c765d4-ecbc-4161-b0d3-3f71a54c17e6@group-37D53FCFBDA2:LeaderElection302] INFO  impl.LeaderElection (LogUtils.java:infoOrTrace(149)) - 74c765d4-ecbc-4161-b0d3-3f71a54c17e6@group-37D53FCFBDA2:LeaderElection302 got exception when requesting votes: {}
java.util.concurrent.ExecutionException: org.apache.ratis.thirdparty.io.grpc.StatusRuntimeException: UNAVAILABLE: io exception
	at java.util.concurrent.FutureTask.report(FutureTask.java:122)
	at java.util.concurrent.FutureTask.get(FutureTask.java:192)
	at org.apache.ratis.server.impl.LeaderElection.waitForResults(LeaderElection.java:263)
	at org.apache.ratis.server.impl.LeaderElection.askForVotes(LeaderElection.java:201)
	at org.apache.ratis.server.impl.LeaderElection.run(LeaderElection.java:133)
	at java.lang.Thread.run(Thread.java:748)
Caused by: org.apache.ratis.thirdparty.io.grpc.StatusRuntimeException: UNAVAILABLE: io exception
	at org.apache.ratis.thirdparty.io.grpc.stub.ClientCalls.toStatusRuntimeException(ClientCalls.java:233)
	at org.apache.ratis.thirdparty.io.grpc.stub.ClientCalls.getUnchecked(ClientCalls.java:214)
	at org.apache.ratis.thirdparty.io.grpc.stub.ClientCalls.blockingUnaryCall(ClientCalls.java:139)
	at org.apache.ratis.proto.grpc.RaftServerProtocolServiceGrpc$RaftServerProtocolServiceBlockingStub.requestVote(RaftServerProtocolServiceGrpc.java:265)
	at org.apache.ratis.grpc.server.GrpcServerProtocolClient.requestVote(GrpcServerProtocolClient.java:90)
	at org.apache.ratis.grpc.server.GrpcService.requestVote(GrpcService.java:204)
	at org.apache.ratis.server.impl.LeaderElection.lambda$submitRequests$1(LeaderElection.java:238)
	at java.util.concurrent.FutureTask.run(FutureTask.java:266)
	at java.util.concurrent.Executors$RunnableAdapter.call(Executors.java:511)
	at java.util.concurrent.FutureTask.run(FutureTask.java:266)
	at java.util.concurrent.ThreadPoolExecutor.runWorker(ThreadPoolExecutor.java:1149)
	at java.util.concurrent.ThreadPoolExecutor$Worker.run(ThreadPoolExecutor.java:624)
	... 1 more
Caused by: org.apache.ratis.thirdparty.io.netty.channel.AbstractChannel$AnnotatedConnectException: Connection refused: /192.168.36.126:35863
	at sun.nio.ch.SocketChannelImpl.checkConnect(Native Method)
	at sun.nio.ch.SocketChannelImpl.finishConnect(SocketChannelImpl.java:717)
	at org.apache.ratis.thirdparty.io.netty.channel.socket.nio.NioSocketChannel.doFinishConnect(NioSocketChannel.java:327)
	at org.apache.ratis.thirdparty.io.netty.channel.nio.AbstractNioChannel$AbstractNioUnsafe.finishConnect(AbstractNioChannel.java:340)
	at org.apache.ratis.thirdparty.io.netty.channel.nio.NioEventLoop.processSelectedKey(NioEventLoop.java:632)
	at org.apache.ratis.thirdparty.io.netty.channel.nio.NioEventLoop.processSelectedKeysOptimized(NioEventLoop.java:579)
	at org.apache.ratis.thirdparty.io.netty.channel.nio.NioEventLoop.processSelectedKeys(NioEventLoop.java:496)
	at org.apache.ratis.thirdparty.io.netty.channel.nio.NioEventLoop.run(NioEventLoop.java:458)
	at org.apache.ratis.thirdparty.io.netty.util.concurrent.SingleThreadEventExecutor$5.run(SingleThreadEventExecutor.java:897)
	at org.apache.ratis.thirdparty.io.netty.util.concurrent.FastThreadLocalRunnable.run(FastThreadLocalRunnable.java:30)
	... 1 more
Caused by: java.net.ConnectException: Connection refused
	... 11 more
2019-09-25 05:32:46,275 [07d2a3d4-a08d-4ff2-9fee-7694a26bc9e9@group-8EE3C38B4941:LeaderElection303] INFO  impl.LeaderElection (LeaderElection.java:logAndReturn(56)) - 07d2a3d4-a08d-4ff2-9fee-7694a26bc9e9@group-8EE3C38B4941:LeaderElection303: Election REJECTED; received 1 response(s) [07d2a3d4-a08d-4ff2-9fee-7694a26bc9e9<-718f5985-af6b-46f0-b376-36c68e33e3c2#0:FAIL-t7] and 1 exception(s); 07d2a3d4-a08d-4ff2-9fee-7694a26bc9e9@group-8EE3C38B4941:t7, leader=null, voted=07d2a3d4-a08d-4ff2-9fee-7694a26bc9e9, raftlog=07d2a3d4-a08d-4ff2-9fee-7694a26bc9e9@group-8EE3C38B4941-SegmentedRaftLog:OPENED:c-1,f-1,i0, conf=-1: [07d2a3d4-a08d-4ff2-9fee-7694a26bc9e9:192.168.36.126:42527, 718f5985-af6b-46f0-b376-36c68e33e3c2:192.168.36.126:33516, 7d339ff4-0353-45b5-a855-49faf6b9a877:192.168.36.126:33810], old=null
2019-09-25 05:32:46,276 [74c765d4-ecbc-4161-b0d3-3f71a54c17e6@group-37D53FCFBDA2:LeaderElection302] INFO  impl.LeaderElection (LeaderElection.java:logAndReturn(56)) - 74c765d4-ecbc-4161-b0d3-3f71a54c17e6@group-37D53FCFBDA2:LeaderElection302: Election REJECTED; received 1 response(s) [74c765d4-ecbc-4161-b0d3-3f71a54c17e6<-e40b1169-82c6-4268-9b48-d611605c3b5d#0:FAIL-t3] and 1 exception(s); 74c765d4-ecbc-4161-b0d3-3f71a54c17e6@group-37D53FCFBDA2:t3, leader=null, voted=74c765d4-ecbc-4161-b0d3-3f71a54c17e6, raftlog=74c765d4-ecbc-4161-b0d3-3f71a54c17e6@group-37D53FCFBDA2-SegmentedRaftLog:OPENED:c-1,f-1,i0, conf=-1: [e40b1169-82c6-4268-9b48-d611605c3b5d:192.168.36.126:46360, 74c765d4-ecbc-4161-b0d3-3f71a54c17e6:192.168.36.126:46193, 8ffa0edf-3bee-4748-91ab-c75ab538701e:192.168.36.126:35863], old=null
2019-09-25 05:32:46,275 [718f5985-af6b-46f0-b376-36c68e33e3c2@group-19CC27109C97:LeaderElection304] INFO  impl.LeaderElection (LeaderElection.java:logAndReturn(56)) - 718f5985-af6b-46f0-b376-36c68e33e3c2@group-19CC27109C97:LeaderElection304: Election REJECTED; received 1 response(s) [718f5985-af6b-46f0-b376-36c68e33e3c2<-07d2a3d4-a08d-4ff2-9fee-7694a26bc9e9#0:FAIL-t7] and 1 exception(s); 718f5985-af6b-46f0-b376-36c68e33e3c2@group-19CC27109C97:t7, leader=null, voted=718f5985-af6b-46f0-b376-36c68e33e3c2, raftlog=718f5985-af6b-46f0-b376-36c68e33e3c2@group-19CC27109C97-SegmentedRaftLog:OPENED:c-1,f-1,i0, conf=-1: [07d2a3d4-a08d-4ff2-9fee-7694a26bc9e9:192.168.36.126:42527, 718f5985-af6b-46f0-b376-36c68e33e3c2:192.168.36.126:33516, 7d339ff4-0353-45b5-a855-49faf6b9a877:192.168.36.126:33810], old=null
2019-09-25 05:32:46,275 [718f5985-af6b-46f0-b376-36c68e33e3c2@group-FABB21EF17C7:LeaderElection300] INFO  impl.LeaderElection (LeaderElection.java:logAndReturn(56)) - 718f5985-af6b-46f0-b376-36c68e33e3c2@group-FABB21EF17C7:LeaderElection300: Election REJECTED; received 1 response(s) [718f5985-af6b-46f0-b376-36c68e33e3c2<-07d2a3d4-a08d-4ff2-9fee-7694a26bc9e9#0:FAIL-t7] and 1 exception(s); 718f5985-af6b-46f0-b376-36c68e33e3c2@group-FABB21EF17C7:t7, leader=null, voted=718f5985-af6b-46f0-b376-36c68e33e3c2, raftlog=718f5985-af6b-46f0-b376-36c68e33e3c2@group-FABB21EF17C7-SegmentedRaftLog:OPENED:c-1,f-1,i0, conf=-1: [07d2a3d4-a08d-4ff2-9fee-7694a26bc9e9:192.168.36.126:42527, 718f5985-af6b-46f0-b376-36c68e33e3c2:192.168.36.126:33516, 7d339ff4-0353-45b5-a855-49faf6b9a877:192.168.36.126:33810], old=null
2019-09-25 05:32:46,277 [718f5985-af6b-46f0-b376-36c68e33e3c2@group-FABB21EF17C7:LeaderElection300] INFO  impl.LeaderElection (LogUtils.java:infoOrTrace(149)) -   Exception 0: {}
java.util.concurrent.ExecutionException: org.apache.ratis.thirdparty.io.grpc.StatusRuntimeException: UNAVAILABLE: io exception
	at java.util.concurrent.FutureTask.report(FutureTask.java:122)
	at java.util.concurrent.FutureTask.get(FutureTask.java:192)
	at org.apache.ratis.server.impl.LeaderElection.waitForResults(LeaderElection.java:263)
	at org.apache.ratis.server.impl.LeaderElection.askForVotes(LeaderElection.java:201)
	at org.apache.ratis.server.impl.LeaderElection.run(LeaderElection.java:133)
	at java.lang.Thread.run(Thread.java:748)
Caused by: org.apache.ratis.thirdparty.io.grpc.StatusRuntimeException: UNAVAILABLE: io exception
	at org.apache.ratis.thirdparty.io.grpc.stub.ClientCalls.toStatusRuntimeException(ClientCalls.java:233)
	at org.apache.ratis.thirdparty.io.grpc.stub.ClientCalls.getUnchecked(ClientCalls.java:214)
	at org.apache.ratis.thirdparty.io.grpc.stub.ClientCalls.blockingUnaryCall(ClientCalls.java:139)
	at org.apache.ratis.proto.grpc.RaftServerProtocolServiceGrpc$RaftServerProtocolServiceBlockingStub.requestVote(RaftServerProtocolServiceGrpc.java:265)
	at org.apache.ratis.grpc.server.GrpcServerProtocolClient.requestVote(GrpcServerProtocolClient.java:90)
	at org.apache.ratis.grpc.server.GrpcService.requestVote(GrpcService.java:204)
	at org.apache.ratis.server.impl.LeaderElection.lambda$submitRequests$1(LeaderElection.java:238)
	at java.util.concurrent.FutureTask.run(FutureTask.java:266)
	at java.util.concurrent.Executors$RunnableAdapter.call(Executors.java:511)
	at java.util.concurrent.FutureTask.run(FutureTask.java:266)
	at java.util.concurrent.ThreadPoolExecutor.runWorker(ThreadPoolExecutor.java:1149)
	at java.util.concurrent.ThreadPoolExecutor$Worker.run(ThreadPoolExecutor.java:624)
	... 1 more
Caused by: org.apache.ratis.thirdparty.io.netty.channel.AbstractChannel$AnnotatedConnectException: Connection refused: /192.168.36.126:33810
	at sun.nio.ch.SocketChannelImpl.checkConnect(Native Method)
	at sun.nio.ch.SocketChannelImpl.finishConnect(SocketChannelImpl.java:717)
	at org.apache.ratis.thirdparty.io.netty.channel.socket.nio.NioSocketChannel.doFinishConnect(NioSocketChannel.java:327)
	at org.apache.ratis.thirdparty.io.netty.channel.nio.AbstractNioChannel$AbstractNioUnsafe.finishConnect(AbstractNioChannel.java:340)
	at org.apache.ratis.thirdparty.io.netty.channel.nio.NioEventLoop.processSelectedKey(NioEventLoop.java:632)
	at org.apache.ratis.thirdparty.io.netty.channel.nio.NioEventLoop.processSelectedKeysOptimized(NioEventLoop.java:579)
	at org.apache.ratis.thirdparty.io.netty.channel.nio.NioEventLoop.processSelectedKeys(NioEventLoop.java:496)
	at org.apache.ratis.thirdparty.io.netty.channel.nio.NioEventLoop.run(NioEventLoop.java:458)
	at org.apache.ratis.thirdparty.io.netty.util.concurrent.SingleThreadEventExecutor$5.run(SingleThreadEventExecutor.java:897)
	at org.apache.ratis.thirdparty.io.netty.util.concurrent.FastThreadLocalRunnable.run(FastThreadLocalRunnable.java:30)
	... 1 more
Caused by: java.net.ConnectException: Connection refused
	... 11 more
2019-09-25 05:32:46,274 [718f5985-af6b-46f0-b376-36c68e33e3c2@group-8EE3C38B4941:LeaderElection301] INFO  impl.LeaderElection (LeaderElection.java:logAndReturn(56)) - 718f5985-af6b-46f0-b376-36c68e33e3c2@group-8EE3C38B4941:LeaderElection301: Election REJECTED; received 1 response(s) [718f5985-af6b-46f0-b376-36c68e33e3c2<-07d2a3d4-a08d-4ff2-9fee-7694a26bc9e9#0:FAIL-t7] and 1 exception(s); 718f5985-af6b-46f0-b376-36c68e33e3c2@group-8EE3C38B4941:t7, leader=null, voted=718f5985-af6b-46f0-b376-36c68e33e3c2, raftlog=718f5985-af6b-46f0-b376-36c68e33e3c2@group-8EE3C38B4941-SegmentedRaftLog:OPENED:c-1,f-1,i0, conf=-1: [07d2a3d4-a08d-4ff2-9fee-7694a26bc9e9:192.168.36.126:42527, 718f5985-af6b-46f0-b376-36c68e33e3c2:192.168.36.126:33516, 7d339ff4-0353-45b5-a855-49faf6b9a877:192.168.36.126:33810], old=null
2019-09-25 05:32:46,277 [718f5985-af6b-46f0-b376-36c68e33e3c2@group-8EE3C38B4941:LeaderElection301] INFO  impl.LeaderElection (LogUtils.java:infoOrTrace(149)) -   Exception 0: {}
java.util.concurrent.ExecutionException: org.apache.ratis.thirdparty.io.grpc.StatusRuntimeException: UNAVAILABLE: io exception
	at java.util.concurrent.FutureTask.report(FutureTask.java:122)
	at java.util.concurrent.FutureTask.get(FutureTask.java:192)
	at org.apache.ratis.server.impl.LeaderElection.waitForResults(LeaderElection.java:263)
	at org.apache.ratis.server.impl.LeaderElection.askForVotes(LeaderElection.java:201)
	at org.apache.ratis.server.impl.LeaderElection.run(LeaderElection.java:133)
	at java.lang.Thread.run(Thread.java:748)
Caused by: org.apache.ratis.thirdparty.io.grpc.StatusRuntimeException: UNAVAILABLE: io exception
	at org.apache.ratis.thirdparty.io.grpc.stub.ClientCalls.toStatusRuntimeException(ClientCalls.java:233)
	at org.apache.ratis.thirdparty.io.grpc.stub.ClientCalls.getUnchecked(ClientCalls.java:214)
	at org.apache.ratis.thirdparty.io.grpc.stub.ClientCalls.blockingUnaryCall(ClientCalls.java:139)
	at org.apache.ratis.proto.grpc.RaftServerProtocolServiceGrpc$RaftServerProtocolServiceBlockingStub.requestVote(RaftServerProtocolServiceGrpc.java:265)
	at org.apache.ratis.grpc.server.GrpcServerProtocolClient.requestVote(GrpcServerProtocolClient.java:90)
	at org.apache.ratis.grpc.server.GrpcService.requestVote(GrpcService.java:204)
	at org.apache.ratis.server.impl.LeaderElection.lambda$submitRequests$1(LeaderElection.java:238)
	at java.util.concurrent.FutureTask.run(FutureTask.java:266)
	at java.util.concurrent.Executors$RunnableAdapter.call(Executors.java:511)
	at java.util.concurrent.FutureTask.run(FutureTask.java:266)
	at java.util.concurrent.ThreadPoolExecutor.runWorker(ThreadPoolExecutor.java:1149)
	at java.util.concurrent.ThreadPoolExecutor$Worker.run(ThreadPoolExecutor.java:624)
	... 1 more
Caused by: org.apache.ratis.thirdparty.io.netty.channel.AbstractChannel$AnnotatedConnectException: Connection refused: /192.168.36.126:33810
	at sun.nio.ch.SocketChannelImpl.checkConnect(Native Method)
	at sun.nio.ch.SocketChannelImpl.finishConnect(SocketChannelImpl.java:717)
	at org.apache.ratis.thirdparty.io.netty.channel.socket.nio.NioSocketChannel.doFinishConnect(NioSocketChannel.java:327)
	at org.apache.ratis.thirdparty.io.netty.channel.nio.AbstractNioChannel$AbstractNioUnsafe.finishConnect(AbstractNioChannel.java:340)
	at org.apache.ratis.thirdparty.io.netty.channel.nio.NioEventLoop.processSelectedKey(NioEventLoop.java:632)
	at org.apache.ratis.thirdparty.io.netty.channel.nio.NioEventLoop.processSelectedKeysOptimized(NioEventLoop.java:579)
	at org.apache.ratis.thirdparty.io.netty.channel.nio.NioEventLoop.processSelectedKeys(NioEventLoop.java:496)
	at org.apache.ratis.thirdparty.io.netty.channel.nio.NioEventLoop.run(NioEventLoop.java:458)
	at org.apache.ratis.thirdparty.io.netty.util.concurrent.SingleThreadEventExecutor$5.run(SingleThreadEventExecutor.java:897)
	at org.apache.ratis.thirdparty.io.netty.util.concurrent.FastThreadLocalRunnable.run(FastThreadLocalRunnable.java:30)
	... 1 more
Caused by: java.net.ConnectException: Connection refused
	... 11 more
2019-09-25 05:32:46,274 [07d2a3d4-a08d-4ff2-9fee-7694a26bc9e9@group-FABB21EF17C7:LeaderElection298] INFO  impl.LeaderElection (LogUtils.java:infoOrTrace(149)) -   Exception 0: {}
java.util.concurrent.ExecutionException: org.apache.ratis.thirdparty.io.grpc.StatusRuntimeException: UNAVAILABLE: io exception
	at java.util.concurrent.FutureTask.report(FutureTask.java:122)
	at java.util.concurrent.FutureTask.get(FutureTask.java:192)
	at org.apache.ratis.server.impl.LeaderElection.waitForResults(LeaderElection.java:263)
	at org.apache.ratis.server.impl.LeaderElection.askForVotes(LeaderElection.java:201)
	at org.apache.ratis.server.impl.LeaderElection.run(LeaderElection.java:133)
	at java.lang.Thread.run(Thread.java:748)
Caused by: org.apache.ratis.thirdparty.io.grpc.StatusRuntimeException: UNAVAILABLE: io exception
	at org.apache.ratis.thirdparty.io.grpc.stub.ClientCalls.toStatusRuntimeException(ClientCalls.java:233)
	at org.apache.ratis.thirdparty.io.grpc.stub.ClientCalls.getUnchecked(ClientCalls.java:214)
	at org.apache.ratis.thirdparty.io.grpc.stub.ClientCalls.blockingUnaryCall(ClientCalls.java:139)
	at org.apache.ratis.proto.grpc.RaftServerProtocolServiceGrpc$RaftServerProtocolServiceBlockingStub.requestVote(RaftServerProtocolServiceGrpc.java:265)
	at org.apache.ratis.grpc.server.GrpcServerProtocolClient.requestVote(GrpcServerProtocolClient.java:90)
	at org.apache.ratis.grpc.server.GrpcService.requestVote(GrpcService.java:204)
	at org.apache.ratis.server.impl.LeaderElection.lambda$submitRequests$1(LeaderElection.java:238)
	at java.util.concurrent.FutureTask.run(FutureTask.java:266)
	at java.util.concurrent.Executors$RunnableAdapter.call(Executors.java:511)
	at java.util.concurrent.FutureTask.run(FutureTask.java:266)
	at java.util.concurrent.ThreadPoolExecutor.runWorker(ThreadPoolExecutor.java:1149)
	at java.util.concurrent.ThreadPoolExecutor$Worker.run(ThreadPoolExecutor.java:624)
	... 1 more
Caused by: org.apache.ratis.thirdparty.io.netty.channel.AbstractChannel$AnnotatedConnectException: Connection refused: /192.168.36.126:33810
	at sun.nio.ch.SocketChannelImpl.checkConnect(Native Method)
	at sun.nio.ch.SocketChannelImpl.finishConnect(SocketChannelImpl.java:717)
	at org.apache.ratis.thirdparty.io.netty.channel.socket.nio.NioSocketChannel.doFinishConnect(NioSocketChannel.java:327)
	at org.apache.ratis.thirdparty.io.netty.channel.nio.AbstractNioChannel$AbstractNioUnsafe.finishConnect(AbstractNioChannel.java:340)
	at org.apache.ratis.thirdparty.io.netty.channel.nio.NioEventLoop.processSelectedKey(NioEventLoop.java:632)
	at org.apache.ratis.thirdparty.io.netty.channel.nio.NioEventLoop.processSelectedKeysOptimized(NioEventLoop.java:579)
	at org.apache.ratis.thirdparty.io.netty.channel.nio.NioEventLoop.processSelectedKeys(NioEventLoop.java:496)
	at org.apache.ratis.thirdparty.io.netty.channel.nio.NioEventLoop.run(NioEventLoop.java:458)
	at org.apache.ratis.thirdparty.io.netty.util.concurrent.SingleThreadEventExecutor$5.run(SingleThreadEventExecutor.java:897)
	at org.apache.ratis.thirdparty.io.netty.util.concurrent.FastThreadLocalRunnable.run(FastThreadLocalRunnable.java:30)
	... 1 more
Caused by: java.net.ConnectException: Connection refused
	... 11 more
2019-09-25 05:32:46,274 [07d2a3d4-a08d-4ff2-9fee-7694a26bc9e9@group-19CC27109C97:LeaderElection299] INFO  impl.RaftServerImpl (RaftServerImpl.java:setRole(174)) - 07d2a3d4-a08d-4ff2-9fee-7694a26bc9e9@group-19CC27109C97: changes role from CANDIDATE to FOLLOWER at term 7 for DISCOVERED_A_NEW_TERM
2019-09-25 05:32:46,270 [e40b1169-82c6-4268-9b48-d611605c3b5d@group-37D53FCFBDA2:LeaderElection305] INFO  impl.LeaderElection (LeaderElection.java:logAndReturn(56)) - e40b1169-82c6-4268-9b48-d611605c3b5d@group-37D53FCFBDA2:LeaderElection305: Election REJECTED; received 1 response(s) [e40b1169-82c6-4268-9b48-d611605c3b5d<-74c765d4-ecbc-4161-b0d3-3f71a54c17e6#0:FAIL-t3] and 1 exception(s); e40b1169-82c6-4268-9b48-d611605c3b5d@group-37D53FCFBDA2:t3, leader=null, voted=e40b1169-82c6-4268-9b48-d611605c3b5d, raftlog=e40b1169-82c6-4268-9b48-d611605c3b5d@group-37D53FCFBDA2-SegmentedRaftLog:OPENED:c-1,f-1,i0, conf=-1: [e40b1169-82c6-4268-9b48-d611605c3b5d:192.168.36.126:46360, 74c765d4-ecbc-4161-b0d3-3f71a54c17e6:192.168.36.126:46193, 8ffa0edf-3bee-4748-91ab-c75ab538701e:192.168.36.126:35863], old=null
2019-09-25 05:32:46,278 [07d2a3d4-a08d-4ff2-9fee-7694a26bc9e9@group-19CC27109C97:LeaderElection299] INFO  impl.RoleInfo (RoleInfo.java:shutdownLeaderElection(134)) - 07d2a3d4-a08d-4ff2-9fee-7694a26bc9e9: shutdown LeaderElection
2019-09-25 05:32:46,278 [07d2a3d4-a08d-4ff2-9fee-7694a26bc9e9@group-FABB21EF17C7:LeaderElection298] INFO  impl.RaftServerImpl (RaftServerImpl.java:setRole(174)) - 07d2a3d4-a08d-4ff2-9fee-7694a26bc9e9@group-FABB21EF17C7: changes role from CANDIDATE to FOLLOWER at term 7 for DISCOVERED_A_NEW_TERM
2019-09-25 05:32:46,278 [718f5985-af6b-46f0-b376-36c68e33e3c2@group-8EE3C38B4941:LeaderElection301] INFO  impl.RaftServerImpl (RaftServerImpl.java:setRole(174)) - 718f5985-af6b-46f0-b376-36c68e33e3c2@group-8EE3C38B4941: changes role from CANDIDATE to FOLLOWER at term 7 for DISCOVERED_A_NEW_TERM
2019-09-25 05:32:46,277 [718f5985-af6b-46f0-b376-36c68e33e3c2@group-FABB21EF17C7:LeaderElection300] INFO  impl.RaftServerImpl (RaftServerImpl.java:setRole(174)) - 718f5985-af6b-46f0-b376-36c68e33e3c2@group-FABB21EF17C7: changes role from CANDIDATE to FOLLOWER at term 7 for DISCOVERED_A_NEW_TERM
2019-09-25 05:32:46,279 [718f5985-af6b-46f0-b376-36c68e33e3c2@group-FABB21EF17C7:LeaderElection300] INFO  impl.RoleInfo (RoleInfo.java:shutdownLeaderElection(134)) - 718f5985-af6b-46f0-b376-36c68e33e3c2: shutdown LeaderElection
2019-09-25 05:32:46,276 [718f5985-af6b-46f0-b376-36c68e33e3c2@group-19CC27109C97:LeaderElection304] INFO  impl.LeaderElection (LogUtils.java:infoOrTrace(149)) -   Exception 0: {}
java.util.concurrent.ExecutionException: org.apache.ratis.thirdparty.io.grpc.StatusRuntimeException: UNAVAILABLE: io exception
	at java.util.concurrent.FutureTask.report(FutureTask.java:122)
	at java.util.concurrent.FutureTask.get(FutureTask.java:192)
	at org.apache.ratis.server.impl.LeaderElection.waitForResults(LeaderElection.java:263)
	at org.apache.ratis.server.impl.LeaderElection.askForVotes(LeaderElection.java:201)
	at org.apache.ratis.server.impl.LeaderElection.run(LeaderElection.java:133)
	at java.lang.Thread.run(Thread.java:748)
Caused by: org.apache.ratis.thirdparty.io.grpc.StatusRuntimeException: UNAVAILABLE: io exception
	at org.apache.ratis.thirdparty.io.grpc.stub.ClientCalls.toStatusRuntimeException(ClientCalls.java:233)
	at org.apache.ratis.thirdparty.io.grpc.stub.ClientCalls.getUnchecked(ClientCalls.java:214)
	at org.apache.ratis.thirdparty.io.grpc.stub.ClientCalls.blockingUnaryCall(ClientCalls.java:139)
	at org.apache.ratis.proto.grpc.RaftServerProtocolServiceGrpc$RaftServerProtocolServiceBlockingStub.requestVote(RaftServerProtocolServiceGrpc.java:265)
	at org.apache.ratis.grpc.server.GrpcServerProtocolClient.requestVote(GrpcServerProtocolClient.java:90)
	at org.apache.ratis.grpc.server.GrpcService.requestVote(GrpcService.java:204)
	at org.apache.ratis.server.impl.LeaderElection.lambda$submitRequests$1(LeaderElection.java:238)
	at java.util.concurrent.FutureTask.run(FutureTask.java:266)
	at java.util.concurrent.Executors$RunnableAdapter.call(Executors.java:511)
	at java.util.concurrent.FutureTask.run(FutureTask.java:266)
	at java.util.concurrent.ThreadPoolExecutor.runWorker(ThreadPoolExecutor.java:1149)
	at java.util.concurrent.ThreadPoolExecutor$Worker.run(ThreadPoolExecutor.java:624)
	... 1 more
Caused by: org.apache.ratis.thirdparty.io.netty.channel.AbstractChannel$AnnotatedConnectException: Connection refused: /192.168.36.126:33810
	at sun.nio.ch.SocketChannelImpl.checkConnect(Native Method)
	at sun.nio.ch.SocketChannelImpl.finishConnect(SocketChannelImpl.java:717)
	at org.apache.ratis.thirdparty.io.netty.channel.socket.nio.NioSocketChannel.doFinishConnect(NioSocketChannel.java:327)
	at org.apache.ratis.thirdparty.io.netty.channel.nio.AbstractNioChannel$AbstractNioUnsafe.finishConnect(AbstractNioChannel.java:340)
	at org.apache.ratis.thirdparty.io.netty.channel.nio.NioEventLoop.processSelectedKey(NioEventLoop.java:632)
	at org.apache.ratis.thirdparty.io.netty.channel.nio.NioEventLoop.processSelectedKeysOptimized(NioEventLoop.java:579)
	at org.apache.ratis.thirdparty.io.netty.channel.nio.NioEventLoop.processSelectedKeys(NioEventLoop.java:496)
	at org.apache.ratis.thirdparty.io.netty.channel.nio.NioEventLoop.run(NioEventLoop.java:458)
	at org.apache.ratis.thirdparty.io.netty.util.concurrent.SingleThreadEventExecutor$5.run(SingleThreadEventExecutor.java:897)
	at org.apache.ratis.thirdparty.io.netty.util.concurrent.FastThreadLocalRunnable.run(FastThreadLocalRunnable.java:30)
	... 1 more
Caused by: java.net.ConnectException: Connection refused
	... 11 more
2019-09-25 05:32:46,276 [74c765d4-ecbc-4161-b0d3-3f71a54c17e6@group-37D53FCFBDA2:LeaderElection302] INFO  impl.LeaderElection (LogUtils.java:infoOrTrace(149)) -   Exception 0: {}
java.util.concurrent.ExecutionException: org.apache.ratis.thirdparty.io.grpc.StatusRuntimeException: UNAVAILABLE: io exception
	at java.util.concurrent.FutureTask.report(FutureTask.java:122)
	at java.util.concurrent.FutureTask.get(FutureTask.java:192)
	at org.apache.ratis.server.impl.LeaderElection.waitForResults(LeaderElection.java:263)
	at org.apache.ratis.server.impl.LeaderElection.askForVotes(LeaderElection.java:201)
	at org.apache.ratis.server.impl.LeaderElection.run(LeaderElection.java:133)
	at java.lang.Thread.run(Thread.java:748)
Caused by: org.apache.ratis.thirdparty.io.grpc.StatusRuntimeException: UNAVAILABLE: io exception
	at org.apache.ratis.thirdparty.io.grpc.stub.ClientCalls.toStatusRuntimeException(ClientCalls.java:233)
	at org.apache.ratis.thirdparty.io.grpc.stub.ClientCalls.getUnchecked(ClientCalls.java:214)
	at org.apache.ratis.thirdparty.io.grpc.stub.ClientCalls.blockingUnaryCall(ClientCalls.java:139)
	at org.apache.ratis.proto.grpc.RaftServerProtocolServiceGrpc$RaftServerProtocolServiceBlockingStub.requestVote(RaftServerProtocolServiceGrpc.java:265)
	at org.apache.ratis.grpc.server.GrpcServerProtocolClient.requestVote(GrpcServerProtocolClient.java:90)
	at org.apache.ratis.grpc.server.GrpcService.requestVote(GrpcService.java:204)
	at org.apache.ratis.server.impl.LeaderElection.lambda$submitRequests$1(LeaderElection.java:238)
	at java.util.concurrent.FutureTask.run(FutureTask.java:266)
	at java.util.concurrent.Executors$RunnableAdapter.call(Executors.java:511)
	at java.util.concurrent.FutureTask.run(FutureTask.java:266)
	at java.util.concurrent.ThreadPoolExecutor.runWorker(ThreadPoolExecutor.java:1149)
	at java.util.concurrent.ThreadPoolExecutor$Worker.run(ThreadPoolExecutor.java:624)
	... 1 more
Caused by: org.apache.ratis.thirdparty.io.netty.channel.AbstractChannel$AnnotatedConnectException: Connection refused: /192.168.36.126:35863
	at sun.nio.ch.SocketChannelImpl.checkConnect(Native Method)
	at sun.nio.ch.SocketChannelImpl.finishConnect(SocketChannelImpl.java:717)
	at org.apache.ratis.thirdparty.io.netty.channel.socket.nio.NioSocketChannel.doFinishConnect(NioSocketChannel.java:327)
	at org.apache.ratis.thirdparty.io.netty.channel.nio.AbstractNioChannel$AbstractNioUnsafe.finishConnect(AbstractNioChannel.java:340)
	at org.apache.ratis.thirdparty.io.netty.channel.nio.NioEventLoop.processSelectedKey(NioEventLoop.java:632)
	at org.apache.ratis.thirdparty.io.netty.channel.nio.NioEventLoop.processSelectedKeysOptimized(NioEventLoop.java:579)
	at org.apache.ratis.thirdparty.io.netty.channel.nio.NioEventLoop.processSelectedKeys(NioEventLoop.java:496)
	at org.apache.ratis.thirdparty.io.netty.channel.nio.NioEventLoop.run(NioEventLoop.java:458)
	at org.apache.ratis.thirdparty.io.netty.util.concurrent.SingleThreadEventExecutor$5.run(SingleThreadEventExecutor.java:897)
	at org.apache.ratis.thirdparty.io.netty.util.concurrent.FastThreadLocalRunnable.run(FastThreadLocalRunnable.java:30)
	... 1 more
Caused by: java.net.ConnectException: Connection refused
	... 11 more
2019-09-25 05:32:46,276 [07d2a3d4-a08d-4ff2-9fee-7694a26bc9e9@group-8EE3C38B4941:LeaderElection303] INFO  impl.LeaderElection (LogUtils.java:infoOrTrace(149)) -   Exception 0: {}
java.util.concurrent.ExecutionException: org.apache.ratis.thirdparty.io.grpc.StatusRuntimeException: UNAVAILABLE: io exception
	at java.util.concurrent.FutureTask.report(FutureTask.java:122)
	at java.util.concurrent.FutureTask.get(FutureTask.java:192)
	at org.apache.ratis.server.impl.LeaderElection.waitForResults(LeaderElection.java:263)
	at org.apache.ratis.server.impl.LeaderElection.askForVotes(LeaderElection.java:201)
	at org.apache.ratis.server.impl.LeaderElection.run(LeaderElection.java:133)
	at java.lang.Thread.run(Thread.java:748)
Caused by: org.apache.ratis.thirdparty.io.grpc.StatusRuntimeException: UNAVAILABLE: io exception
	at org.apache.ratis.thirdparty.io.grpc.stub.ClientCalls.toStatusRuntimeException(ClientCalls.java:233)
	at org.apache.ratis.thirdparty.io.grpc.stub.ClientCalls.getUnchecked(ClientCalls.java:214)
	at org.apache.ratis.thirdparty.io.grpc.stub.ClientCalls.blockingUnaryCall(ClientCalls.java:139)
	at org.apache.ratis.proto.grpc.RaftServerProtocolServiceGrpc$RaftServerProtocolServiceBlockingStub.requestVote(RaftServerProtocolServiceGrpc.java:265)
	at org.apache.ratis.grpc.server.GrpcServerProtocolClient.requestVote(GrpcServerProtocolClient.java:90)
	at org.apache.ratis.grpc.server.GrpcService.requestVote(GrpcService.java:204)
	at org.apache.ratis.server.impl.LeaderElection.lambda$submitRequests$1(LeaderElection.java:238)
	at java.util.concurrent.FutureTask.run(FutureTask.java:266)
	at java.util.concurrent.Executors$RunnableAdapter.call(Executors.java:511)
	at java.util.concurrent.FutureTask.run(FutureTask.java:266)
	at java.util.concurrent.ThreadPoolExecutor.runWorker(ThreadPoolExecutor.java:1149)
	at java.util.concurrent.ThreadPoolExecutor$Worker.run(ThreadPoolExecutor.java:624)
	... 1 more
Caused by: org.apache.ratis.thirdparty.io.netty.channel.AbstractChannel$AnnotatedConnectException: Connection refused: /192.168.36.126:33810
	at sun.nio.ch.SocketChannelImpl.checkConnect(Native Method)
	at sun.nio.ch.SocketChannelImpl.finishConnect(SocketChannelImpl.java:717)
	at org.apache.ratis.thirdparty.io.netty.channel.socket.nio.NioSocketChannel.doFinishConnect(NioSocketChannel.java:327)
	at org.apache.ratis.thirdparty.io.netty.channel.nio.AbstractNioChannel$AbstractNioUnsafe.finishConnect(AbstractNioChannel.java:340)
	at org.apache.ratis.thirdparty.io.netty.channel.nio.NioEventLoop.processSelectedKey(NioEventLoop.java:632)
	at org.apache.ratis.thirdparty.io.netty.channel.nio.NioEventLoop.processSelectedKeysOptimized(NioEventLoop.java:579)
	at org.apache.ratis.thirdparty.io.netty.channel.nio.NioEventLoop.processSelectedKeys(NioEventLoop.java:496)
	at org.apache.ratis.thirdparty.io.netty.channel.nio.NioEventLoop.run(NioEventLoop.java:458)
	at org.apache.ratis.thirdparty.io.netty.util.concurrent.SingleThreadEventExecutor$5.run(SingleThreadEventExecutor.java:897)
	at org.apache.ratis.thirdparty.io.netty.util.concurrent.FastThreadLocalRunnable.run(FastThreadLocalRunnable.java:30)
	... 1 more
Caused by: java.net.ConnectException: Connection refused
	... 11 more
2019-09-25 05:32:46,280 [74c765d4-ecbc-4161-b0d3-3f71a54c17e6@group-37D53FCFBDA2:LeaderElection302] INFO  impl.RaftServerImpl (RaftServerImpl.java:setRole(174)) - 74c765d4-ecbc-4161-b0d3-3f71a54c17e6@group-37D53FCFBDA2: changes role from CANDIDATE to FOLLOWER at term 3 for DISCOVERED_A_NEW_TERM
2019-09-25 05:32:46,281 [74c765d4-ecbc-4161-b0d3-3f71a54c17e6@group-37D53FCFBDA2:LeaderElection302] INFO  impl.RoleInfo (RoleInfo.java:shutdownLeaderElection(134)) - 74c765d4-ecbc-4161-b0d3-3f71a54c17e6: shutdown LeaderElection
2019-09-25 05:32:46,280 [718f5985-af6b-46f0-b376-36c68e33e3c2@group-19CC27109C97:LeaderElection304] INFO  impl.RaftServerImpl (RaftServerImpl.java:setRole(174)) - 718f5985-af6b-46f0-b376-36c68e33e3c2@group-19CC27109C97: changes role from CANDIDATE to FOLLOWER at term 7 for DISCOVERED_A_NEW_TERM
2019-09-25 05:32:46,279 [718f5985-af6b-46f0-b376-36c68e33e3c2@group-FABB21EF17C7:LeaderElection300] INFO  impl.RoleInfo (RoleInfo.java:updateAndGet(143)) - 718f5985-af6b-46f0-b376-36c68e33e3c2: start FollowerState
2019-09-25 05:32:46,279 [718f5985-af6b-46f0-b376-36c68e33e3c2@group-8EE3C38B4941:LeaderElection301] INFO  impl.RoleInfo (RoleInfo.java:shutdownLeaderElection(134)) - 718f5985-af6b-46f0-b376-36c68e33e3c2: shutdown LeaderElection
2019-09-25 05:32:46,279 [07d2a3d4-a08d-4ff2-9fee-7694a26bc9e9@group-FABB21EF17C7:LeaderElection298] INFO  impl.RoleInfo (RoleInfo.java:shutdownLeaderElection(134)) - 07d2a3d4-a08d-4ff2-9fee-7694a26bc9e9: shutdown LeaderElection
2019-09-25 05:32:46,279 [07d2a3d4-a08d-4ff2-9fee-7694a26bc9e9@group-19CC27109C97:LeaderElection299] INFO  impl.RoleInfo (RoleInfo.java:updateAndGet(143)) - 07d2a3d4-a08d-4ff2-9fee-7694a26bc9e9: start FollowerState
2019-09-25 05:32:46,279 [e40b1169-82c6-4268-9b48-d611605c3b5d@group-37D53FCFBDA2:LeaderElection305] INFO  impl.LeaderElection (LogUtils.java:infoOrTrace(149)) -   Exception 0: {}
java.util.concurrent.ExecutionException: org.apache.ratis.thirdparty.io.grpc.StatusRuntimeException: UNAVAILABLE: io exception
	at java.util.concurrent.FutureTask.report(FutureTask.java:122)
	at java.util.concurrent.FutureTask.get(FutureTask.java:192)
	at org.apache.ratis.server.impl.LeaderElection.waitForResults(LeaderElection.java:263)
	at org.apache.ratis.server.impl.LeaderElection.askForVotes(LeaderElection.java:201)
	at org.apache.ratis.server.impl.LeaderElection.run(LeaderElection.java:133)
	at java.lang.Thread.run(Thread.java:748)
Caused by: org.apache.ratis.thirdparty.io.grpc.StatusRuntimeException: UNAVAILABLE: io exception
	at org.apache.ratis.thirdparty.io.grpc.stub.ClientCalls.toStatusRuntimeException(ClientCalls.java:233)
	at org.apache.ratis.thirdparty.io.grpc.stub.ClientCalls.getUnchecked(ClientCalls.java:214)
	at org.apache.ratis.thirdparty.io.grpc.stub.ClientCalls.blockingUnaryCall(ClientCalls.java:139)
	at org.apache.ratis.proto.grpc.RaftServerProtocolServiceGrpc$RaftServerProtocolServiceBlockingStub.requestVote(RaftServerProtocolServiceGrpc.java:265)
	at org.apache.ratis.grpc.server.GrpcServerProtocolClient.requestVote(GrpcServerProtocolClient.java:90)
	at org.apache.ratis.grpc.server.GrpcService.requestVote(GrpcService.java:204)
	at org.apache.ratis.server.impl.LeaderElection.lambda$submitRequests$1(LeaderElection.java:238)
	at java.util.concurrent.FutureTask.run(FutureTask.java:266)
	at java.util.concurrent.Executors$RunnableAdapter.call(Executors.java:511)
	at java.util.concurrent.FutureTask.run(FutureTask.java:266)
	at java.util.concurrent.ThreadPoolExecutor.runWorker(ThreadPoolExecutor.java:1149)
	at java.util.concurrent.ThreadPoolExecutor$Worker.run(ThreadPoolExecutor.java:624)
	... 1 more
Caused by: org.apache.ratis.thirdparty.io.netty.channel.AbstractChannel$AnnotatedConnectException: Connection refused: /192.168.36.126:35863
	at sun.nio.ch.SocketChannelImpl.checkConnect(Native Method)
	at sun.nio.ch.SocketChannelImpl.finishConnect(SocketChannelImpl.java:717)
	at org.apache.ratis.thirdparty.io.netty.channel.socket.nio.NioSocketChannel.doFinishConnect(NioSocketChannel.java:327)
	at org.apache.ratis.thirdparty.io.netty.channel.nio.AbstractNioChannel$AbstractNioUnsafe.finishConnect(AbstractNioChannel.java:340)
	at org.apache.ratis.thirdparty.io.netty.channel.nio.NioEventLoop.processSelectedKey(NioEventLoop.java:632)
	at org.apache.ratis.thirdparty.io.netty.channel.nio.NioEventLoop.processSelectedKeysOptimized(NioEventLoop.java:579)
	at org.apache.ratis.thirdparty.io.netty.channel.nio.NioEventLoop.processSelectedKeys(NioEventLoop.java:496)
	at org.apache.ratis.thirdparty.io.netty.channel.nio.NioEventLoop.run(NioEventLoop.java:458)
	at org.apache.ratis.thirdparty.io.netty.util.concurrent.SingleThreadEventExecutor$5.run(SingleThreadEventExecutor.java:897)
	at org.apache.ratis.thirdparty.io.netty.util.concurrent.FastThreadLocalRunnable.run(FastThreadLocalRunnable.java:30)
	... 1 more
Caused by: java.net.ConnectException: Connection refused
	... 11 more
2019-09-25 05:32:46,282 [07d2a3d4-a08d-4ff2-9fee-7694a26bc9e9@group-FABB21EF17C7:LeaderElection298] INFO  impl.RoleInfo (RoleInfo.java:updateAndGet(143)) - 07d2a3d4-a08d-4ff2-9fee-7694a26bc9e9: start FollowerState
2019-09-25 05:32:46,281 [718f5985-af6b-46f0-b376-36c68e33e3c2@group-8EE3C38B4941:LeaderElection301] INFO  impl.RoleInfo (RoleInfo.java:updateAndGet(143)) - 718f5985-af6b-46f0-b376-36c68e33e3c2: start FollowerState
2019-09-25 05:32:46,281 [718f5985-af6b-46f0-b376-36c68e33e3c2@group-19CC27109C97:LeaderElection304] INFO  impl.RoleInfo (RoleInfo.java:shutdownLeaderElection(134)) - 718f5985-af6b-46f0-b376-36c68e33e3c2: shutdown LeaderElection
2019-09-25 05:32:46,281 [74c765d4-ecbc-4161-b0d3-3f71a54c17e6@group-37D53FCFBDA2:LeaderElection302] INFO  impl.RoleInfo (RoleInfo.java:updateAndGet(143)) - 74c765d4-ecbc-4161-b0d3-3f71a54c17e6: start FollowerState
2019-09-25 05:32:46,281 [07d2a3d4-a08d-4ff2-9fee-7694a26bc9e9@group-8EE3C38B4941:LeaderElection303] INFO  impl.RaftServerImpl (RaftServerImpl.java:setRole(174)) - 07d2a3d4-a08d-4ff2-9fee-7694a26bc9e9@group-8EE3C38B4941: changes role from CANDIDATE to FOLLOWER at term 7 for DISCOVERED_A_NEW_TERM
2019-09-25 05:32:46,283 [718f5985-af6b-46f0-b376-36c68e33e3c2@group-19CC27109C97:LeaderElection304] INFO  impl.RoleInfo (RoleInfo.java:updateAndGet(143)) - 718f5985-af6b-46f0-b376-36c68e33e3c2: start FollowerState
2019-09-25 05:32:46,282 [e40b1169-82c6-4268-9b48-d611605c3b5d@group-37D53FCFBDA2:LeaderElection305] INFO  impl.RaftServerImpl (RaftServerImpl.java:setRole(174)) - e40b1169-82c6-4268-9b48-d611605c3b5d@group-37D53FCFBDA2: changes role from CANDIDATE to FOLLOWER at term 3 for DISCOVERED_A_NEW_TERM
2019-09-25 05:32:46,283 [07d2a3d4-a08d-4ff2-9fee-7694a26bc9e9@group-8EE3C38B4941:LeaderElection303] INFO  impl.RoleInfo (RoleInfo.java:shutdownLeaderElection(134)) - 07d2a3d4-a08d-4ff2-9fee-7694a26bc9e9: shutdown LeaderElection
2019-09-25 05:32:46,284 [e40b1169-82c6-4268-9b48-d611605c3b5d@group-37D53FCFBDA2:LeaderElection305] INFO  impl.RoleInfo (RoleInfo.java:shutdownLeaderElection(134)) - e40b1169-82c6-4268-9b48-d611605c3b5d: shutdown LeaderElection
2019-09-25 05:32:46,284 [07d2a3d4-a08d-4ff2-9fee-7694a26bc9e9@group-8EE3C38B4941:LeaderElection303] INFO  impl.RoleInfo (RoleInfo.java:updateAndGet(143)) - 07d2a3d4-a08d-4ff2-9fee-7694a26bc9e9: start FollowerState
2019-09-25 05:32:46,284 [e40b1169-82c6-4268-9b48-d611605c3b5d@group-37D53FCFBDA2:LeaderElection305] INFO  impl.RoleInfo (RoleInfo.java:updateAndGet(143)) - e40b1169-82c6-4268-9b48-d611605c3b5d: start FollowerState
2019-09-25 05:32:47,260 [ForkJoinPool.commonPool-worker-1] INFO  ozoneimpl.OzoneContainer (OzoneContainer.java:stop(231)) - Attempting to stop container services.
2019-09-25 05:32:47,260 [ForkJoinPool.commonPool-worker-1] INFO  impl.RaftServerProxy (RaftServerProxy.java:lambda$close$4(314)) - 12cd0c97-055c-46cb-8e0e-2d74ce300cdd: close
2019-09-25 05:32:47,262 [ForkJoinPool.commonPool-worker-1] INFO  server.GrpcService (GrpcService.java:closeImpl(164)) - 12cd0c97-055c-46cb-8e0e-2d74ce300cdd: shutdown server with port 43544 now
2019-09-25 05:32:47,263 [ForkJoinPool.commonPool-worker-1] INFO  server.GrpcService (GrpcService.java:closeImpl(172)) - 12cd0c97-055c-46cb-8e0e-2d74ce300cdd: shutdown server with port 43544 successfully
2019-09-25 05:32:47,264 [refreshUsed-/workdir/hadoop-ozone/integration-test/target/test-dir/MiniOzoneClusterImpl-c3eb0697-53d0-4f00-8b35-781957cf75c5/datanode-3/data/containers] WARN  fs.CachingGetSpaceUsed (CachingGetSpaceUsed.java:run(183)) - Thread Interrupted waiting to refresh disk information: sleep interrupted
2019-09-25 05:32:47,270 [main] INFO  ozoneimpl.OzoneContainer (OzoneContainer.java:stop(231)) - Attempting to stop container services.
2019-09-25 05:32:47,271 [main] INFO  impl.RaftServerProxy (RaftServerProxy.java:lambda$close$4(314)) - d0b7d3d5-2505-499d-82ef-1434210a844c: close
2019-09-25 05:32:47,273 [main] INFO  server.GrpcService (GrpcService.java:closeImpl(164)) - d0b7d3d5-2505-499d-82ef-1434210a844c: shutdown server with port 34478 now
2019-09-25 05:32:47,273 [main] INFO  server.GrpcService (GrpcService.java:closeImpl(172)) - d0b7d3d5-2505-499d-82ef-1434210a844c: shutdown server with port 34478 successfully
2019-09-25 05:32:47,278 [refreshUsed-/workdir/hadoop-ozone/integration-test/target/test-dir/MiniOzoneClusterImpl-c3eb0697-53d0-4f00-8b35-781957cf75c5/datanode-6/data/containers] WARN  fs.CachingGetSpaceUsed (CachingGetSpaceUsed.java:run(183)) - Thread Interrupted waiting to refresh disk information: sleep interrupted
2019-09-25 05:32:47,280 [ForkJoinPool.commonPool-worker-1] INFO  utils.BackgroundService (BackgroundService.java:shutdown(148)) - Shutting down service BlockDeletingService
2019-09-25 05:32:47,285 [ForkJoinPool.commonPool-worker-1] INFO  statemachine.DatanodeStateMachine (DatanodeStateMachine.java:stopDaemon(395)) - Ozone container server stopped.
2019-09-25 05:32:47,289 [ForkJoinPool.commonPool-worker-1] INFO  handler.ContextHandler (ContextHandler.java:doStop(910)) - Stopped o.e.j.w.WebAppContext@20ab76ee{/,null,UNAVAILABLE}{/hddsDatanode}
2019-09-25 05:32:47,289 [ForkJoinPool.commonPool-worker-1] INFO  server.AbstractConnector (AbstractConnector.java:doStop(318)) - Stopped ServerConnector@485caa8f{HTTP/1.1,[http/1.1]}{0.0.0.0:0}
2019-09-25 05:32:47,296 [ForkJoinPool.commonPool-worker-1] INFO  handler.ContextHandler (ContextHandler.java:doStop(910)) - Stopped o.e.j.s.ServletContextHandler@60aec68a{/static,jar:file:/home/user/.m2/repository/org/apache/hadoop/hadoop-hdds-container-service/0.5.0-SNAPSHOT/hadoop-hdds-container-service-0.5.0-SNAPSHOT.jar!/webapps/static,UNAVAILABLE}
2019-09-25 05:32:47,297 [ForkJoinPool.commonPool-worker-1] INFO  handler.ContextHandler (ContextHandler.java:doStop(910)) - Stopped o.e.j.s.ServletContextHandler@f29353f{/logs,file:///workdir/hadoop-ozone/integration-test/target/log,UNAVAILABLE}
2019-09-25 05:32:47,306 [main] INFO  utils.BackgroundService (BackgroundService.java:shutdown(148)) - Shutting down service BlockDeletingService
2019-09-25 05:32:47,310 [main] INFO  statemachine.DatanodeStateMachine (DatanodeStateMachine.java:stopDaemon(395)) - Ozone container server stopped.
2019-09-25 05:32:47,311 [main] INFO  handler.ContextHandler (ContextHandler.java:doStop(910)) - Stopped o.e.j.w.WebAppContext@6f825516{/,null,UNAVAILABLE}{/hddsDatanode}
2019-09-25 05:32:47,312 [main] INFO  server.AbstractConnector (AbstractConnector.java:doStop(318)) - Stopped ServerConnector@2da99821{HTTP/1.1,[http/1.1]}{0.0.0.0:0}
2019-09-25 05:32:47,312 [main] INFO  handler.ContextHandler (ContextHandler.java:doStop(910)) - Stopped o.e.j.s.ServletContextHandler@7b5b5bfe{/static,jar:file:/home/user/.m2/repository/org/apache/hadoop/hadoop-hdds-container-service/0.5.0-SNAPSHOT/hadoop-hdds-container-service-0.5.0-SNAPSHOT.jar!/webapps/static,UNAVAILABLE}
2019-09-25 05:32:47,312 [main] INFO  handler.ContextHandler (ContextHandler.java:doStop(910)) - Stopped o.e.j.s.ServletContextHandler@4dc7cd1c{/logs,file:///workdir/hadoop-ozone/integration-test/target/log,UNAVAILABLE}
2019-09-25 05:32:47,320 [Thread-1961] INFO  impl.FollowerState (FollowerState.java:run(106)) - e40b1169-82c6-4268-9b48-d611605c3b5d:group-37D53FCFBDA2 changes to CANDIDATE, lastRpcTime:1036, electionTimeout:1036ms
2019-09-25 05:32:47,321 [Thread-1961] INFO  impl.RoleInfo (RoleInfo.java:shutdownFollowerState(121)) - e40b1169-82c6-4268-9b48-d611605c3b5d: shutdown FollowerState
2019-09-25 05:32:47,321 [Thread-1961] INFO  impl.RaftServerImpl (RaftServerImpl.java:setRole(174)) - e40b1169-82c6-4268-9b48-d611605c3b5d@group-37D53FCFBDA2: changes role from  FOLLOWER to CANDIDATE at term 3 for changeToCandidate
2019-09-25 05:32:47,321 [Thread-1961] INFO  impl.RoleInfo (RoleInfo.java:updateAndGet(143)) - e40b1169-82c6-4268-9b48-d611605c3b5d: start LeaderElection
2019-09-25 05:32:47,321 [Thread-1958] INFO  impl.FollowerState (FollowerState.java:run(106)) - 07d2a3d4-a08d-4ff2-9fee-7694a26bc9e9:group-FABB21EF17C7 changes to CANDIDATE, lastRpcTime:1039, electionTimeout:1038ms
2019-09-25 05:32:47,321 [Thread-1958] INFO  impl.RoleInfo (RoleInfo.java:shutdownFollowerState(121)) - 07d2a3d4-a08d-4ff2-9fee-7694a26bc9e9: shutdown FollowerState
2019-09-25 05:32:47,321 [Thread-1958] INFO  impl.RaftServerImpl (RaftServerImpl.java:setRole(174)) - 07d2a3d4-a08d-4ff2-9fee-7694a26bc9e9@group-FABB21EF17C7: changes role from  FOLLOWER to CANDIDATE at term 7 for changeToCandidate
2019-09-25 05:32:47,321 [Thread-1958] INFO  impl.RoleInfo (RoleInfo.java:updateAndGet(143)) - 07d2a3d4-a08d-4ff2-9fee-7694a26bc9e9: start LeaderElection
2019-09-25 05:32:47,324 [Thread-1955] INFO  impl.FollowerState (FollowerState.java:run(106)) - 718f5985-af6b-46f0-b376-36c68e33e3c2:group-FABB21EF17C7 changes to CANDIDATE, lastRpcTime:1044, electionTimeout:1042ms
2019-09-25 05:32:47,324 [Thread-1955] INFO  impl.RoleInfo (RoleInfo.java:shutdownFollowerState(121)) - 718f5985-af6b-46f0-b376-36c68e33e3c2: shutdown FollowerState
2019-09-25 05:32:47,324 [Thread-1955] INFO  impl.RaftServerImpl (RaftServerImpl.java:setRole(174)) - 718f5985-af6b-46f0-b376-36c68e33e3c2@group-FABB21EF17C7: changes role from  FOLLOWER to CANDIDATE at term 7 for changeToCandidate
2019-09-25 05:32:47,324 [Thread-1955] INFO  impl.RoleInfo (RoleInfo.java:updateAndGet(143)) - 718f5985-af6b-46f0-b376-36c68e33e3c2: start LeaderElection
2019-09-25 05:32:47,350 [Thread-1954] INFO  impl.FollowerState (FollowerState.java:run(106)) - 07d2a3d4-a08d-4ff2-9fee-7694a26bc9e9:group-19CC27109C97 changes to CANDIDATE, lastRpcTime:1071, electionTimeout:1068ms
2019-09-25 05:32:47,350 [Thread-1954] INFO  impl.RoleInfo (RoleInfo.java:shutdownFollowerState(121)) - 07d2a3d4-a08d-4ff2-9fee-7694a26bc9e9: shutdown FollowerState
2019-09-25 05:32:47,350 [Thread-1954] INFO  impl.RaftServerImpl (RaftServerImpl.java:setRole(174)) - 07d2a3d4-a08d-4ff2-9fee-7694a26bc9e9@group-19CC27109C97: changes role from  FOLLOWER to CANDIDATE at term 7 for changeToCandidate
2019-09-25 05:32:47,350 [Thread-1954] INFO  impl.RoleInfo (RoleInfo.java:updateAndGet(143)) - 07d2a3d4-a08d-4ff2-9fee-7694a26bc9e9: start LeaderElection
2019-09-25 05:32:47,364 [Thread-1956] INFO  impl.FollowerState (FollowerState.java:run(106)) - 74c765d4-ecbc-4161-b0d3-3f71a54c17e6:group-37D53FCFBDA2 changes to CANDIDATE, lastRpcTime:1082, electionTimeout:1080ms
2019-09-25 05:32:47,364 [Thread-1956] INFO  impl.RoleInfo (RoleInfo.java:shutdownFollowerState(121)) - 74c765d4-ecbc-4161-b0d3-3f71a54c17e6: shutdown FollowerState
2019-09-25 05:32:47,364 [Thread-1956] INFO  impl.RaftServerImpl (RaftServerImpl.java:setRole(174)) - 74c765d4-ecbc-4161-b0d3-3f71a54c17e6@group-37D53FCFBDA2: changes role from  FOLLOWER to CANDIDATE at term 3 for changeToCandidate
2019-09-25 05:32:47,364 [Thread-1956] INFO  impl.RoleInfo (RoleInfo.java:updateAndGet(143)) - 74c765d4-ecbc-4161-b0d3-3f71a54c17e6: start LeaderElection
2019-09-25 05:32:47,420 [Thread-1959] INFO  impl.FollowerState (FollowerState.java:run(106)) - 718f5985-af6b-46f0-b376-36c68e33e3c2:group-19CC27109C97 changes to CANDIDATE, lastRpcTime:1136, electionTimeout:1136ms
2019-09-25 05:32:47,420 [Thread-1959] INFO  impl.RoleInfo (RoleInfo.java:shutdownFollowerState(121)) - 718f5985-af6b-46f0-b376-36c68e33e3c2: shutdown FollowerState
2019-09-25 05:32:47,420 [Thread-1959] INFO  impl.RaftServerImpl (RaftServerImpl.java:setRole(174)) - 718f5985-af6b-46f0-b376-36c68e33e3c2@group-19CC27109C97: changes role from  FOLLOWER to CANDIDATE at term 7 for changeToCandidate
2019-09-25 05:32:47,420 [Thread-1959] INFO  impl.RoleInfo (RoleInfo.java:updateAndGet(143)) - 718f5985-af6b-46f0-b376-36c68e33e3c2: start LeaderElection
2019-09-25 05:32:47,439 [Datanode State Machine Thread - 0] INFO  statemachine.DatanodeStateMachine (DatanodeStateMachine.java:lambda$startDaemon$0(350)) - Ozone container server started.
2019-09-25 05:32:47,454 [Thread-1957] INFO  impl.FollowerState (FollowerState.java:run(106)) - 718f5985-af6b-46f0-b376-36c68e33e3c2:group-8EE3C38B4941 changes to CANDIDATE, lastRpcTime:1172, electionTimeout:1171ms
2019-09-25 05:32:47,455 [Thread-1957] INFO  impl.RoleInfo (RoleInfo.java:shutdownFollowerState(121)) - 718f5985-af6b-46f0-b376-36c68e33e3c2: shutdown FollowerState
2019-09-25 05:32:47,455 [Thread-1957] INFO  impl.RaftServerImpl (RaftServerImpl.java:setRole(174)) - 718f5985-af6b-46f0-b376-36c68e33e3c2@group-8EE3C38B4941: changes role from  FOLLOWER to CANDIDATE at term 7 for changeToCandidate
2019-09-25 05:32:47,455 [Thread-1957] INFO  impl.RoleInfo (RoleInfo.java:updateAndGet(143)) - 718f5985-af6b-46f0-b376-36c68e33e3c2: start LeaderElection
2019-09-25 05:32:47,466 [Thread-1960] INFO  impl.FollowerState (FollowerState.java:run(106)) - 07d2a3d4-a08d-4ff2-9fee-7694a26bc9e9:group-8EE3C38B4941 changes to CANDIDATE, lastRpcTime:1182, electionTimeout:1182ms
2019-09-25 05:32:47,466 [Thread-1960] INFO  impl.RoleInfo (RoleInfo.java:shutdownFollowerState(121)) - 07d2a3d4-a08d-4ff2-9fee-7694a26bc9e9: shutdown FollowerState
2019-09-25 05:32:47,466 [Thread-1960] INFO  impl.RaftServerImpl (RaftServerImpl.java:setRole(174)) - 07d2a3d4-a08d-4ff2-9fee-7694a26bc9e9@group-8EE3C38B4941: changes role from  FOLLOWER to CANDIDATE at term 7 for changeToCandidate
2019-09-25 05:32:47,467 [Thread-1960] INFO  impl.RoleInfo (RoleInfo.java:updateAndGet(143)) - 07d2a3d4-a08d-4ff2-9fee-7694a26bc9e9: start LeaderElection
2019-09-25 05:32:47,739 [Datanode State Machine Thread - 0] INFO  statemachine.DatanodeStateMachine (DatanodeStateMachine.java:lambda$startDaemon$0(350)) - Ozone container server started.
2019-09-25 05:32:47,747 [07d2a3d4-a08d-4ff2-9fee-7694a26bc9e9@group-19CC27109C97:LeaderElection309] INFO  impl.LeaderElection (LeaderElection.java:askForVotes(182)) - 07d2a3d4-a08d-4ff2-9fee-7694a26bc9e9@group-19CC27109C97:LeaderElection309: begin an election at term 8 for -1: [07d2a3d4-a08d-4ff2-9fee-7694a26bc9e9:192.168.36.126:42527, 718f5985-af6b-46f0-b376-36c68e33e3c2:192.168.36.126:33516, 7d339ff4-0353-45b5-a855-49faf6b9a877:192.168.36.126:33810], old=null
2019-09-25 05:32:47,748 [74c765d4-ecbc-4161-b0d3-3f71a54c17e6@group-37D53FCFBDA2:LeaderElection310] INFO  impl.LeaderElection (LeaderElection.java:askForVotes(182)) - 74c765d4-ecbc-4161-b0d3-3f71a54c17e6@group-37D53FCFBDA2:LeaderElection310: begin an election at term 4 for -1: [e40b1169-82c6-4268-9b48-d611605c3b5d:192.168.36.126:46360, 74c765d4-ecbc-4161-b0d3-3f71a54c17e6:192.168.36.126:46193, 8ffa0edf-3bee-4748-91ab-c75ab538701e:192.168.36.126:35863], old=null
2019-09-25 05:32:47,748 [07d2a3d4-a08d-4ff2-9fee-7694a26bc9e9@group-FABB21EF17C7:LeaderElection307] INFO  impl.LeaderElection (LeaderElection.java:askForVotes(182)) - 07d2a3d4-a08d-4ff2-9fee-7694a26bc9e9@group-FABB21EF17C7:LeaderElection307: begin an election at term 8 for -1: [07d2a3d4-a08d-4ff2-9fee-7694a26bc9e9:192.168.36.126:42527, 718f5985-af6b-46f0-b376-36c68e33e3c2:192.168.36.126:33516, 7d339ff4-0353-45b5-a855-49faf6b9a877:192.168.36.126:33810], old=null
2019-09-25 05:32:47,748 [718f5985-af6b-46f0-b376-36c68e33e3c2@group-FABB21EF17C7:LeaderElection308] INFO  impl.LeaderElection (LeaderElection.java:askForVotes(182)) - 718f5985-af6b-46f0-b376-36c68e33e3c2@group-FABB21EF17C7:LeaderElection308: begin an election at term 8 for -1: [07d2a3d4-a08d-4ff2-9fee-7694a26bc9e9:192.168.36.126:42527, 718f5985-af6b-46f0-b376-36c68e33e3c2:192.168.36.126:33516, 7d339ff4-0353-45b5-a855-49faf6b9a877:192.168.36.126:33810], old=null
2019-09-25 05:32:47,748 [718f5985-af6b-46f0-b376-36c68e33e3c2@group-8EE3C38B4941:LeaderElection312] INFO  impl.LeaderElection (LeaderElection.java:askForVotes(182)) - 718f5985-af6b-46f0-b376-36c68e33e3c2@group-8EE3C38B4941:LeaderElection312: begin an election at term 8 for -1: [07d2a3d4-a08d-4ff2-9fee-7694a26bc9e9:192.168.36.126:42527, 718f5985-af6b-46f0-b376-36c68e33e3c2:192.168.36.126:33516, 7d339ff4-0353-45b5-a855-49faf6b9a877:192.168.36.126:33810], old=null
2019-09-25 05:32:47,748 [718f5985-af6b-46f0-b376-36c68e33e3c2@group-19CC27109C97:LeaderElection311] INFO  impl.LeaderElection (LeaderElection.java:askForVotes(182)) - 718f5985-af6b-46f0-b376-36c68e33e3c2@group-19CC27109C97:LeaderElection311: begin an election at term 8 for -1: [07d2a3d4-a08d-4ff2-9fee-7694a26bc9e9:192.168.36.126:42527, 718f5985-af6b-46f0-b376-36c68e33e3c2:192.168.36.126:33516, 7d339ff4-0353-45b5-a855-49faf6b9a877:192.168.36.126:33810], old=null
2019-09-25 05:32:47,748 [07d2a3d4-a08d-4ff2-9fee-7694a26bc9e9@group-8EE3C38B4941:LeaderElection313] INFO  impl.LeaderElection (LeaderElection.java:askForVotes(182)) - 07d2a3d4-a08d-4ff2-9fee-7694a26bc9e9@group-8EE3C38B4941:LeaderElection313: begin an election at term 8 for -1: [07d2a3d4-a08d-4ff2-9fee-7694a26bc9e9:192.168.36.126:42527, 718f5985-af6b-46f0-b376-36c68e33e3c2:192.168.36.126:33516, 7d339ff4-0353-45b5-a855-49faf6b9a877:192.168.36.126:33810], old=null
2019-09-25 05:32:47,747 [e40b1169-82c6-4268-9b48-d611605c3b5d@group-37D53FCFBDA2:LeaderElection306] INFO  impl.LeaderElection (LeaderElection.java:askForVotes(182)) - e40b1169-82c6-4268-9b48-d611605c3b5d@group-37D53FCFBDA2:LeaderElection306: begin an election at term 4 for -1: [e40b1169-82c6-4268-9b48-d611605c3b5d:192.168.36.126:46360, 74c765d4-ecbc-4161-b0d3-3f71a54c17e6:192.168.36.126:46193, 8ffa0edf-3bee-4748-91ab-c75ab538701e:192.168.36.126:35863], old=null
2019-09-25 05:32:47,749 [07d2a3d4-a08d-4ff2-9fee-7694a26bc9e9@group-19CC27109C97:LeaderElection309] INFO  impl.LeaderElection (LogUtils.java:infoOrTrace(149)) - 07d2a3d4-a08d-4ff2-9fee-7694a26bc9e9@group-19CC27109C97:LeaderElection309 got exception when requesting votes: {}
java.util.concurrent.ExecutionException: org.apache.ratis.thirdparty.io.grpc.StatusRuntimeException: UNAVAILABLE: io exception
	at java.util.concurrent.FutureTask.report(FutureTask.java:122)
	at java.util.concurrent.FutureTask.get(FutureTask.java:192)
	at org.apache.ratis.server.impl.LeaderElection.waitForResults(LeaderElection.java:263)
	at org.apache.ratis.server.impl.LeaderElection.askForVotes(LeaderElection.java:201)
	at org.apache.ratis.server.impl.LeaderElection.run(LeaderElection.java:133)
	at java.lang.Thread.run(Thread.java:748)
Caused by: org.apache.ratis.thirdparty.io.grpc.StatusRuntimeException: UNAVAILABLE: io exception
	at org.apache.ratis.thirdparty.io.grpc.stub.ClientCalls.toStatusRuntimeException(ClientCalls.java:233)
	at org.apache.ratis.thirdparty.io.grpc.stub.ClientCalls.getUnchecked(ClientCalls.java:214)
	at org.apache.ratis.thirdparty.io.grpc.stub.ClientCalls.blockingUnaryCall(ClientCalls.java:139)
	at org.apache.ratis.proto.grpc.RaftServerProtocolServiceGrpc$RaftServerProtocolServiceBlockingStub.requestVote(RaftServerProtocolServiceGrpc.java:265)
	at org.apache.ratis.grpc.server.GrpcServerProtocolClient.requestVote(GrpcServerProtocolClient.java:90)
	at org.apache.ratis.grpc.server.GrpcService.requestVote(GrpcService.java:204)
	at org.apache.ratis.server.impl.LeaderElection.lambda$submitRequests$1(LeaderElection.java:238)
	at java.util.concurrent.FutureTask.run(FutureTask.java:266)
	at java.util.concurrent.Executors$RunnableAdapter.call(Executors.java:511)
	at java.util.concurrent.FutureTask.run(FutureTask.java:266)
	at java.util.concurrent.ThreadPoolExecutor.runWorker(ThreadPoolExecutor.java:1149)
	at java.util.concurrent.ThreadPoolExecutor$Worker.run(ThreadPoolExecutor.java:624)
	... 1 more
Caused by: org.apache.ratis.thirdparty.io.netty.channel.AbstractChannel$AnnotatedConnectException: Connection refused: /192.168.36.126:33810
	at sun.nio.ch.SocketChannelImpl.checkConnect(Native Method)
	at sun.nio.ch.SocketChannelImpl.finishConnect(SocketChannelImpl.java:717)
	at org.apache.ratis.thirdparty.io.netty.channel.socket.nio.NioSocketChannel.doFinishConnect(NioSocketChannel.java:327)
	at org.apache.ratis.thirdparty.io.netty.channel.nio.AbstractNioChannel$AbstractNioUnsafe.finishConnect(AbstractNioChannel.java:340)
	at org.apache.ratis.thirdparty.io.netty.channel.nio.NioEventLoop.processSelectedKey(NioEventLoop.java:632)
	at org.apache.ratis.thirdparty.io.netty.channel.nio.NioEventLoop.processSelectedKeysOptimized(NioEventLoop.java:579)
	at org.apache.ratis.thirdparty.io.netty.channel.nio.NioEventLoop.processSelectedKeys(NioEventLoop.java:496)
	at org.apache.ratis.thirdparty.io.netty.channel.nio.NioEventLoop.run(NioEventLoop.java:458)
	at org.apache.ratis.thirdparty.io.netty.util.concurrent.SingleThreadEventExecutor$5.run(SingleThreadEventExecutor.java:897)
	at org.apache.ratis.thirdparty.io.netty.util.concurrent.FastThreadLocalRunnable.run(FastThreadLocalRunnable.java:30)
	... 1 more
Caused by: java.net.ConnectException: Connection refused
	... 11 more
2019-09-25 05:32:47,749 [74c765d4-ecbc-4161-b0d3-3f71a54c17e6@group-37D53FCFBDA2:LeaderElection310] INFO  impl.LeaderElection (LogUtils.java:infoOrTrace(149)) - 74c765d4-ecbc-4161-b0d3-3f71a54c17e6@group-37D53FCFBDA2:LeaderElection310 got exception when requesting votes: {}
java.util.concurrent.ExecutionException: org.apache.ratis.thirdparty.io.grpc.StatusRuntimeException: UNAVAILABLE: io exception
	at java.util.concurrent.FutureTask.report(FutureTask.java:122)
	at java.util.concurrent.FutureTask.get(FutureTask.java:192)
	at org.apache.ratis.server.impl.LeaderElection.waitForResults(LeaderElection.java:263)
	at org.apache.ratis.server.impl.LeaderElection.askForVotes(LeaderElection.java:201)
	at org.apache.ratis.server.impl.LeaderElection.run(LeaderElection.java:133)
	at java.lang.Thread.run(Thread.java:748)
Caused by: org.apache.ratis.thirdparty.io.grpc.StatusRuntimeException: UNAVAILABLE: io exception
	at org.apache.ratis.thirdparty.io.grpc.stub.ClientCalls.toStatusRuntimeException(ClientCalls.java:233)
	at org.apache.ratis.thirdparty.io.grpc.stub.ClientCalls.getUnchecked(ClientCalls.java:214)
	at org.apache.ratis.thirdparty.io.grpc.stub.ClientCalls.blockingUnaryCall(ClientCalls.java:139)
	at org.apache.ratis.proto.grpc.RaftServerProtocolServiceGrpc$RaftServerProtocolServiceBlockingStub.requestVote(RaftServerProtocolServiceGrpc.java:265)
	at org.apache.ratis.grpc.server.GrpcServerProtocolClient.requestVote(GrpcServerProtocolClient.java:90)
	at org.apache.ratis.grpc.server.GrpcService.requestVote(GrpcService.java:204)
	at org.apache.ratis.server.impl.LeaderElection.lambda$submitRequests$1(LeaderElection.java:238)
	at java.util.concurrent.FutureTask.run(FutureTask.java:266)
	at java.util.concurrent.Executors$RunnableAdapter.call(Executors.java:511)
	at java.util.concurrent.FutureTask.run(FutureTask.java:266)
	at java.util.concurrent.ThreadPoolExecutor.runWorker(ThreadPoolExecutor.java:1149)
	at java.util.concurrent.ThreadPoolExecutor$Worker.run(ThreadPoolExecutor.java:624)
	... 1 more
Caused by: org.apache.ratis.thirdparty.io.netty.channel.AbstractChannel$AnnotatedConnectException: Connection refused: /192.168.36.126:35863
	at sun.nio.ch.SocketChannelImpl.checkConnect(Native Method)
	at sun.nio.ch.SocketChannelImpl.finishConnect(SocketChannelImpl.java:717)
	at org.apache.ratis.thirdparty.io.netty.channel.socket.nio.NioSocketChannel.doFinishConnect(NioSocketChannel.java:327)
	at org.apache.ratis.thirdparty.io.netty.channel.nio.AbstractNioChannel$AbstractNioUnsafe.finishConnect(AbstractNioChannel.java:340)
	at org.apache.ratis.thirdparty.io.netty.channel.nio.NioEventLoop.processSelectedKey(NioEventLoop.java:632)
	at org.apache.ratis.thirdparty.io.netty.channel.nio.NioEventLoop.processSelectedKeysOptimized(NioEventLoop.java:579)
	at org.apache.ratis.thirdparty.io.netty.channel.nio.NioEventLoop.processSelectedKeys(NioEventLoop.java:496)
	at org.apache.ratis.thirdparty.io.netty.channel.nio.NioEventLoop.run(NioEventLoop.java:458)
	at org.apache.ratis.thirdparty.io.netty.util.concurrent.SingleThreadEventExecutor$5.run(SingleThreadEventExecutor.java:897)
	at org.apache.ratis.thirdparty.io.netty.util.concurrent.FastThreadLocalRunnable.run(FastThreadLocalRunnable.java:30)
	... 1 more
Caused by: java.net.ConnectException: Connection refused
	... 11 more
2019-09-25 05:32:47,750 [e40b1169-82c6-4268-9b48-d611605c3b5d@group-37D53FCFBDA2:LeaderElection306] INFO  impl.LeaderElection (LogUtils.java:infoOrTrace(149)) - e40b1169-82c6-4268-9b48-d611605c3b5d@group-37D53FCFBDA2:LeaderElection306 got exception when requesting votes: {}
java.util.concurrent.ExecutionException: org.apache.ratis.thirdparty.io.grpc.StatusRuntimeException: UNAVAILABLE: io exception
	at java.util.concurrent.FutureTask.report(FutureTask.java:122)
	at java.util.concurrent.FutureTask.get(FutureTask.java:192)
	at org.apache.ratis.server.impl.LeaderElection.waitForResults(LeaderElection.java:263)
	at org.apache.ratis.server.impl.LeaderElection.askForVotes(LeaderElection.java:201)
	at org.apache.ratis.server.impl.LeaderElection.run(LeaderElection.java:133)
	at java.lang.Thread.run(Thread.java:748)
Caused by: org.apache.ratis.thirdparty.io.grpc.StatusRuntimeException: UNAVAILABLE: io exception
	at org.apache.ratis.thirdparty.io.grpc.stub.ClientCalls.toStatusRuntimeException(ClientCalls.java:233)
	at org.apache.ratis.thirdparty.io.grpc.stub.ClientCalls.getUnchecked(ClientCalls.java:214)
	at org.apache.ratis.thirdparty.io.grpc.stub.ClientCalls.blockingUnaryCall(ClientCalls.java:139)
	at org.apache.ratis.proto.grpc.RaftServerProtocolServiceGrpc$RaftServerProtocolServiceBlockingStub.requestVote(RaftServerProtocolServiceGrpc.java:265)
	at org.apache.ratis.grpc.server.GrpcServerProtocolClient.requestVote(GrpcServerProtocolClient.java:90)
	at org.apache.ratis.grpc.server.GrpcService.requestVote(GrpcService.java:204)
	at org.apache.ratis.server.impl.LeaderElection.lambda$submitRequests$1(LeaderElection.java:238)
	at java.util.concurrent.FutureTask.run(FutureTask.java:266)
	at java.util.concurrent.Executors$RunnableAdapter.call(Executors.java:511)
	at java.util.concurrent.FutureTask.run(FutureTask.java:266)
	at java.util.concurrent.ThreadPoolExecutor.runWorker(ThreadPoolExecutor.java:1149)
	at java.util.concurrent.ThreadPoolExecutor$Worker.run(ThreadPoolExecutor.java:624)
	... 1 more
Caused by: org.apache.ratis.thirdparty.io.netty.channel.AbstractChannel$AnnotatedConnectException: Connection refused: /192.168.36.126:35863
	at sun.nio.ch.SocketChannelImpl.checkConnect(Native Method)
	at sun.nio.ch.SocketChannelImpl.finishConnect(SocketChannelImpl.java:717)
	at org.apache.ratis.thirdparty.io.netty.channel.socket.nio.NioSocketChannel.doFinishConnect(NioSocketChannel.java:327)
	at org.apache.ratis.thirdparty.io.netty.channel.nio.AbstractNioChannel$AbstractNioUnsafe.finishConnect(AbstractNioChannel.java:340)
	at org.apache.ratis.thirdparty.io.netty.channel.nio.NioEventLoop.processSelectedKey(NioEventLoop.java:632)
	at org.apache.ratis.thirdparty.io.netty.channel.nio.NioEventLoop.processSelectedKeysOptimized(NioEventLoop.java:579)
	at org.apache.ratis.thirdparty.io.netty.channel.nio.NioEventLoop.processSelectedKeys(NioEventLoop.java:496)
	at org.apache.ratis.thirdparty.io.netty.channel.nio.NioEventLoop.run(NioEventLoop.java:458)
	at org.apache.ratis.thirdparty.io.netty.util.concurrent.SingleThreadEventExecutor$5.run(SingleThreadEventExecutor.java:897)
	at org.apache.ratis.thirdparty.io.netty.util.concurrent.FastThreadLocalRunnable.run(FastThreadLocalRunnable.java:30)
	... 1 more
Caused by: java.net.ConnectException: Connection refused
	... 11 more
2019-09-25 05:32:47,751 [718f5985-af6b-46f0-b376-36c68e33e3c2@group-19CC27109C97:LeaderElection311] INFO  impl.LeaderElection (LogUtils.java:infoOrTrace(149)) - 718f5985-af6b-46f0-b376-36c68e33e3c2@group-19CC27109C97:LeaderElection311 got exception when requesting votes: {}
java.util.concurrent.ExecutionException: org.apache.ratis.thirdparty.io.grpc.StatusRuntimeException: UNAVAILABLE: io exception
	at java.util.concurrent.FutureTask.report(FutureTask.java:122)
	at java.util.concurrent.FutureTask.get(FutureTask.java:192)
	at org.apache.ratis.server.impl.LeaderElection.waitForResults(LeaderElection.java:263)
	at org.apache.ratis.server.impl.LeaderElection.askForVotes(LeaderElection.java:201)
	at org.apache.ratis.server.impl.LeaderElection.run(LeaderElection.java:133)
	at java.lang.Thread.run(Thread.java:748)
Caused by: org.apache.ratis.thirdparty.io.grpc.StatusRuntimeException: UNAVAILABLE: io exception
	at org.apache.ratis.thirdparty.io.grpc.stub.ClientCalls.toStatusRuntimeException(ClientCalls.java:233)
	at org.apache.ratis.thirdparty.io.grpc.stub.ClientCalls.getUnchecked(ClientCalls.java:214)
	at org.apache.ratis.thirdparty.io.grpc.stub.ClientCalls.blockingUnaryCall(ClientCalls.java:139)
	at org.apache.ratis.proto.grpc.RaftServerProtocolServiceGrpc$RaftServerProtocolServiceBlockingStub.requestVote(RaftServerProtocolServiceGrpc.java:265)
	at org.apache.ratis.grpc.server.GrpcServerProtocolClient.requestVote(GrpcServerProtocolClient.java:90)
	at org.apache.ratis.grpc.server.GrpcService.requestVote(GrpcService.java:204)
	at org.apache.ratis.server.impl.LeaderElection.lambda$submitRequests$1(LeaderElection.java:238)
	at java.util.concurrent.FutureTask.run(FutureTask.java:266)
	at java.util.concurrent.Executors$RunnableAdapter.call(Executors.java:511)
	at java.util.concurrent.FutureTask.run(FutureTask.java:266)
	at java.util.concurrent.ThreadPoolExecutor.runWorker(ThreadPoolExecutor.java:1149)
	at java.util.concurrent.ThreadPoolExecutor$Worker.run(ThreadPoolExecutor.java:624)
	... 1 more
Caused by: org.apache.ratis.thirdparty.io.netty.channel.AbstractChannel$AnnotatedConnectException: Connection refused: /192.168.36.126:33810
	at sun.nio.ch.SocketChannelImpl.checkConnect(Native Method)
	at sun.nio.ch.SocketChannelImpl.finishConnect(SocketChannelImpl.java:717)
	at org.apache.ratis.thirdparty.io.netty.channel.socket.nio.NioSocketChannel.doFinishConnect(NioSocketChannel.java:327)
	at org.apache.ratis.thirdparty.io.netty.channel.nio.AbstractNioChannel$AbstractNioUnsafe.finishConnect(AbstractNioChannel.java:340)
	at org.apache.ratis.thirdparty.io.netty.channel.nio.NioEventLoop.processSelectedKey(NioEventLoop.java:632)
	at org.apache.ratis.thirdparty.io.netty.channel.nio.NioEventLoop.processSelectedKeysOptimized(NioEventLoop.java:579)
	at org.apache.ratis.thirdparty.io.netty.channel.nio.NioEventLoop.processSelectedKeys(NioEventLoop.java:496)
	at org.apache.ratis.thirdparty.io.netty.channel.nio.NioEventLoop.run(NioEventLoop.java:458)
	at org.apache.ratis.thirdparty.io.netty.util.concurrent.SingleThreadEventExecutor$5.run(SingleThreadEventExecutor.java:897)
	at org.apache.ratis.thirdparty.io.netty.util.concurrent.FastThreadLocalRunnable.run(FastThreadLocalRunnable.java:30)
	... 1 more
Caused by: java.net.ConnectException: Connection refused
	... 11 more
2019-09-25 05:32:47,751 [07d2a3d4-a08d-4ff2-9fee-7694a26bc9e9@group-FABB21EF17C7:LeaderElection307] INFO  impl.LeaderElection (LogUtils.java:infoOrTrace(149)) - 07d2a3d4-a08d-4ff2-9fee-7694a26bc9e9@group-FABB21EF17C7:LeaderElection307 got exception when requesting votes: {}
java.util.concurrent.ExecutionException: org.apache.ratis.thirdparty.io.grpc.StatusRuntimeException: UNAVAILABLE: io exception
	at java.util.concurrent.FutureTask.report(FutureTask.java:122)
	at java.util.concurrent.FutureTask.get(FutureTask.java:192)
	at org.apache.ratis.server.impl.LeaderElection.waitForResults(LeaderElection.java:263)
	at org.apache.ratis.server.impl.LeaderElection.askForVotes(LeaderElection.java:201)
	at org.apache.ratis.server.impl.LeaderElection.run(LeaderElection.java:133)
	at java.lang.Thread.run(Thread.java:748)
Caused by: org.apache.ratis.thirdparty.io.grpc.StatusRuntimeException: UNAVAILABLE: io exception
	at org.apache.ratis.thirdparty.io.grpc.stub.ClientCalls.toStatusRuntimeException(ClientCalls.java:233)
	at org.apache.ratis.thirdparty.io.grpc.stub.ClientCalls.getUnchecked(ClientCalls.java:214)
	at org.apache.ratis.thirdparty.io.grpc.stub.ClientCalls.blockingUnaryCall(ClientCalls.java:139)
	at org.apache.ratis.proto.grpc.RaftServerProtocolServiceGrpc$RaftServerProtocolServiceBlockingStub.requestVote(RaftServerProtocolServiceGrpc.java:265)
	at org.apache.ratis.grpc.server.GrpcServerProtocolClient.requestVote(GrpcServerProtocolClient.java:90)
	at org.apache.ratis.grpc.server.GrpcService.requestVote(GrpcService.java:204)
	at org.apache.ratis.server.impl.LeaderElection.lambda$submitRequests$1(LeaderElection.java:238)
	at java.util.concurrent.FutureTask.run(FutureTask.java:266)
	at java.util.concurrent.Executors$RunnableAdapter.call(Executors.java:511)
	at java.util.concurrent.FutureTask.run(FutureTask.java:266)
	at java.util.concurrent.ThreadPoolExecutor.runWorker(ThreadPoolExecutor.java:1149)
	at java.util.concurrent.ThreadPoolExecutor$Worker.run(ThreadPoolExecutor.java:624)
	... 1 more
Caused by: org.apache.ratis.thirdparty.io.netty.channel.AbstractChannel$AnnotatedConnectException: Connection refused: /192.168.36.126:33810
	at sun.nio.ch.SocketChannelImpl.checkConnect(Native Method)
	at sun.nio.ch.SocketChannelImpl.finishConnect(SocketChannelImpl.java:717)
	at org.apache.ratis.thirdparty.io.netty.channel.socket.nio.NioSocketChannel.doFinishConnect(NioSocketChannel.java:327)
	at org.apache.ratis.thirdparty.io.netty.channel.nio.AbstractNioChannel$AbstractNioUnsafe.finishConnect(AbstractNioChannel.java:340)
	at org.apache.ratis.thirdparty.io.netty.channel.nio.NioEventLoop.processSelectedKey(NioEventLoop.java:632)
	at org.apache.ratis.thirdparty.io.netty.channel.nio.NioEventLoop.processSelectedKeysOptimized(NioEventLoop.java:579)
	at org.apache.ratis.thirdparty.io.netty.channel.nio.NioEventLoop.processSelectedKeys(NioEventLoop.java:496)
	at org.apache.ratis.thirdparty.io.netty.channel.nio.NioEventLoop.run(NioEventLoop.java:458)
	at org.apache.ratis.thirdparty.io.netty.util.concurrent.SingleThreadEventExecutor$5.run(SingleThreadEventExecutor.java:897)
	at org.apache.ratis.thirdparty.io.netty.util.concurrent.FastThreadLocalRunnable.run(FastThreadLocalRunnable.java:30)
	... 1 more
Caused by: java.net.ConnectException: Connection refused
	... 11 more
2019-09-25 05:32:47,751 [07d2a3d4-a08d-4ff2-9fee-7694a26bc9e9@group-8EE3C38B4941:LeaderElection313] INFO  impl.LeaderElection (LogUtils.java:infoOrTrace(149)) - 07d2a3d4-a08d-4ff2-9fee-7694a26bc9e9@group-8EE3C38B4941:LeaderElection313 got exception when requesting votes: {}
java.util.concurrent.ExecutionException: org.apache.ratis.thirdparty.io.grpc.StatusRuntimeException: UNAVAILABLE: io exception
	at java.util.concurrent.FutureTask.report(FutureTask.java:122)
	at java.util.concurrent.FutureTask.get(FutureTask.java:192)
	at org.apache.ratis.server.impl.LeaderElection.waitForResults(LeaderElection.java:263)
	at org.apache.ratis.server.impl.LeaderElection.askForVotes(LeaderElection.java:201)
	at org.apache.ratis.server.impl.LeaderElection.run(LeaderElection.java:133)
	at java.lang.Thread.run(Thread.java:748)
Caused by: org.apache.ratis.thirdparty.io.grpc.StatusRuntimeException: UNAVAILABLE: io exception
	at org.apache.ratis.thirdparty.io.grpc.stub.ClientCalls.toStatusRuntimeException(ClientCalls.java:233)
	at org.apache.ratis.thirdparty.io.grpc.stub.ClientCalls.getUnchecked(ClientCalls.java:214)
	at org.apache.ratis.thirdparty.io.grpc.stub.ClientCalls.blockingUnaryCall(ClientCalls.java:139)
	at org.apache.ratis.proto.grpc.RaftServerProtocolServiceGrpc$RaftServerProtocolServiceBlockingStub.requestVote(RaftServerProtocolServiceGrpc.java:265)
	at org.apache.ratis.grpc.server.GrpcServerProtocolClient.requestVote(GrpcServerProtocolClient.java:90)
	at org.apache.ratis.grpc.server.GrpcService.requestVote(GrpcService.java:204)
	at org.apache.ratis.server.impl.LeaderElection.lambda$submitRequests$1(LeaderElection.java:238)
	at java.util.concurrent.FutureTask.run(FutureTask.java:266)
	at java.util.concurrent.Executors$RunnableAdapter.call(Executors.java:511)
	at java.util.concurrent.FutureTask.run(FutureTask.java:266)
	at java.util.concurrent.ThreadPoolExecutor.runWorker(ThreadPoolExecutor.java:1149)
	at java.util.concurrent.ThreadPoolExecutor$Worker.run(ThreadPoolExecutor.java:624)
	... 1 more
Caused by: org.apache.ratis.thirdparty.io.netty.channel.AbstractChannel$AnnotatedConnectException: Connection refused: /192.168.36.126:33810
	at sun.nio.ch.SocketChannelImpl.checkConnect(Native Method)
	at sun.nio.ch.SocketChannelImpl.finishConnect(SocketChannelImpl.java:717)
	at org.apache.ratis.thirdparty.io.netty.channel.socket.nio.NioSocketChannel.doFinishConnect(NioSocketChannel.java:327)
	at org.apache.ratis.thirdparty.io.netty.channel.nio.AbstractNioChannel$AbstractNioUnsafe.finishConnect(AbstractNioChannel.java:340)
	at org.apache.ratis.thirdparty.io.netty.channel.nio.NioEventLoop.processSelectedKey(NioEventLoop.java:632)
	at org.apache.ratis.thirdparty.io.netty.channel.nio.NioEventLoop.processSelectedKeysOptimized(NioEventLoop.java:579)
	at org.apache.ratis.thirdparty.io.netty.channel.nio.NioEventLoop.processSelectedKeys(NioEventLoop.java:496)
	at org.apache.ratis.thirdparty.io.netty.channel.nio.NioEventLoop.run(NioEventLoop.java:458)
	at org.apache.ratis.thirdparty.io.netty.util.concurrent.SingleThreadEventExecutor$5.run(SingleThreadEventExecutor.java:897)
	at org.apache.ratis.thirdparty.io.netty.util.concurrent.FastThreadLocalRunnable.run(FastThreadLocalRunnable.java:30)
	... 1 more
Caused by: java.net.ConnectException: Connection refused
	... 11 more
2019-09-25 05:32:47,751 [718f5985-af6b-46f0-b376-36c68e33e3c2@group-8EE3C38B4941:LeaderElection312] INFO  impl.LeaderElection (LogUtils.java:infoOrTrace(149)) - 718f5985-af6b-46f0-b376-36c68e33e3c2@group-8EE3C38B4941:LeaderElection312 got exception when requesting votes: {}
java.util.concurrent.ExecutionException: org.apache.ratis.thirdparty.io.grpc.StatusRuntimeException: UNAVAILABLE: io exception
	at java.util.concurrent.FutureTask.report(FutureTask.java:122)
	at java.util.concurrent.FutureTask.get(FutureTask.java:192)
	at org.apache.ratis.server.impl.LeaderElection.waitForResults(LeaderElection.java:263)
	at org.apache.ratis.server.impl.LeaderElection.askForVotes(LeaderElection.java:201)
	at org.apache.ratis.server.impl.LeaderElection.run(LeaderElection.java:133)
	at java.lang.Thread.run(Thread.java:748)
Caused by: org.apache.ratis.thirdparty.io.grpc.StatusRuntimeException: UNAVAILABLE: io exception
	at org.apache.ratis.thirdparty.io.grpc.stub.ClientCalls.toStatusRuntimeException(ClientCalls.java:233)
	at org.apache.ratis.thirdparty.io.grpc.stub.ClientCalls.getUnchecked(ClientCalls.java:214)
	at org.apache.ratis.thirdparty.io.grpc.stub.ClientCalls.blockingUnaryCall(ClientCalls.java:139)
	at org.apache.ratis.proto.grpc.RaftServerProtocolServiceGrpc$RaftServerProtocolServiceBlockingStub.requestVote(RaftServerProtocolServiceGrpc.java:265)
	at org.apache.ratis.grpc.server.GrpcServerProtocolClient.requestVote(GrpcServerProtocolClient.java:90)
	at org.apache.ratis.grpc.server.GrpcService.requestVote(GrpcService.java:204)
	at org.apache.ratis.server.impl.LeaderElection.lambda$submitRequests$1(LeaderElection.java:238)
	at java.util.concurrent.FutureTask.run(FutureTask.java:266)
	at java.util.concurrent.Executors$RunnableAdapter.call(Executors.java:511)
	at java.util.concurrent.FutureTask.run(FutureTask.java:266)
	at java.util.concurrent.ThreadPoolExecutor.runWorker(ThreadPoolExecutor.java:1149)
	at java.util.concurrent.ThreadPoolExecutor$Worker.run(ThreadPoolExecutor.java:624)
	... 1 more
Caused by: org.apache.ratis.thirdparty.io.netty.channel.AbstractChannel$AnnotatedConnectException: Connection refused: /192.168.36.126:33810
	at sun.nio.ch.SocketChannelImpl.checkConnect(Native Method)
	at sun.nio.ch.SocketChannelImpl.finishConnect(SocketChannelImpl.java:717)
	at org.apache.ratis.thirdparty.io.netty.channel.socket.nio.NioSocketChannel.doFinishConnect(NioSocketChannel.java:327)
	at org.apache.ratis.thirdparty.io.netty.channel.nio.AbstractNioChannel$AbstractNioUnsafe.finishConnect(AbstractNioChannel.java:340)
	at org.apache.ratis.thirdparty.io.netty.channel.nio.NioEventLoop.processSelectedKey(NioEventLoop.java:632)
	at org.apache.ratis.thirdparty.io.netty.channel.nio.NioEventLoop.processSelectedKeysOptimized(NioEventLoop.java:579)
	at org.apache.ratis.thirdparty.io.netty.channel.nio.NioEventLoop.processSelectedKeys(NioEventLoop.java:496)
	at org.apache.ratis.thirdparty.io.netty.channel.nio.NioEventLoop.run(NioEventLoop.java:458)
	at org.apache.ratis.thirdparty.io.netty.util.concurrent.SingleThreadEventExecutor$5.run(SingleThreadEventExecutor.java:897)
	at org.apache.ratis.thirdparty.io.netty.util.concurrent.FastThreadLocalRunnable.run(FastThreadLocalRunnable.java:30)
	... 1 more
Caused by: java.net.ConnectException: Connection refused
	... 11 more
2019-09-25 05:32:47,753 [718f5985-af6b-46f0-b376-36c68e33e3c2@group-19CC27109C97:LeaderElection311] INFO  impl.LeaderElection (LeaderElection.java:logAndReturn(56)) - 718f5985-af6b-46f0-b376-36c68e33e3c2@group-19CC27109C97:LeaderElection311: Election REJECTED; received 1 response(s) [718f5985-af6b-46f0-b376-36c68e33e3c2<-07d2a3d4-a08d-4ff2-9fee-7694a26bc9e9#0:FAIL-t8] and 1 exception(s); 718f5985-af6b-46f0-b376-36c68e33e3c2@group-19CC27109C97:t8, leader=null, voted=718f5985-af6b-46f0-b376-36c68e33e3c2, raftlog=718f5985-af6b-46f0-b376-36c68e33e3c2@group-19CC27109C97-SegmentedRaftLog:OPENED:c-1,f-1,i0, conf=-1: [07d2a3d4-a08d-4ff2-9fee-7694a26bc9e9:192.168.36.126:42527, 718f5985-af6b-46f0-b376-36c68e33e3c2:192.168.36.126:33516, 7d339ff4-0353-45b5-a855-49faf6b9a877:192.168.36.126:33810], old=null
2019-09-25 05:32:47,750 [718f5985-af6b-46f0-b376-36c68e33e3c2@group-FABB21EF17C7:LeaderElection308] INFO  impl.LeaderElection (LogUtils.java:infoOrTrace(149)) - 718f5985-af6b-46f0-b376-36c68e33e3c2@group-FABB21EF17C7:LeaderElection308 got exception when requesting votes: {}
java.util.concurrent.ExecutionException: org.apache.ratis.thirdparty.io.grpc.StatusRuntimeException: UNAVAILABLE: io exception
	at java.util.concurrent.FutureTask.report(FutureTask.java:122)
	at java.util.concurrent.FutureTask.get(FutureTask.java:192)
	at org.apache.ratis.server.impl.LeaderElection.waitForResults(LeaderElection.java:263)
	at org.apache.ratis.server.impl.LeaderElection.askForVotes(LeaderElection.java:201)
	at org.apache.ratis.server.impl.LeaderElection.run(LeaderElection.java:133)
	at java.lang.Thread.run(Thread.java:748)
Caused by: org.apache.ratis.thirdparty.io.grpc.StatusRuntimeException: UNAVAILABLE: io exception
	at org.apache.ratis.thirdparty.io.grpc.stub.ClientCalls.toStatusRuntimeException(ClientCalls.java:233)
	at org.apache.ratis.thirdparty.io.grpc.stub.ClientCalls.getUnchecked(ClientCalls.java:214)
	at org.apache.ratis.thirdparty.io.grpc.stub.ClientCalls.blockingUnaryCall(ClientCalls.java:139)
	at org.apache.ratis.proto.grpc.RaftServerProtocolServiceGrpc$RaftServerProtocolServiceBlockingStub.requestVote(RaftServerProtocolServiceGrpc.java:265)
	at org.apache.ratis.grpc.server.GrpcServerProtocolClient.requestVote(GrpcServerProtocolClient.java:90)
	at org.apache.ratis.grpc.server.GrpcService.requestVote(GrpcService.java:204)
	at org.apache.ratis.server.impl.LeaderElection.lambda$submitRequests$1(LeaderElection.java:238)
	at java.util.concurrent.FutureTask.run(FutureTask.java:266)
	at java.util.concurrent.Executors$RunnableAdapter.call(Executors.java:511)
	at java.util.concurrent.FutureTask.run(FutureTask.java:266)
	at java.util.concurrent.ThreadPoolExecutor.runWorker(ThreadPoolExecutor.java:1149)
	at java.util.concurrent.ThreadPoolExecutor$Worker.run(ThreadPoolExecutor.java:624)
	... 1 more
Caused by: org.apache.ratis.thirdparty.io.netty.channel.AbstractChannel$AnnotatedConnectException: Connection refused: /192.168.36.126:33810
	at sun.nio.ch.SocketChannelImpl.checkConnect(Native Method)
	at sun.nio.ch.SocketChannelImpl.finishConnect(SocketChannelImpl.java:717)
	at org.apache.ratis.thirdparty.io.netty.channel.socket.nio.NioSocketChannel.doFinishConnect(NioSocketChannel.java:327)
	at org.apache.ratis.thirdparty.io.netty.channel.nio.AbstractNioChannel$AbstractNioUnsafe.finishConnect(AbstractNioChannel.java:340)
	at org.apache.ratis.thirdparty.io.netty.channel.nio.NioEventLoop.processSelectedKey(NioEventLoop.java:632)
	at org.apache.ratis.thirdparty.io.netty.channel.nio.NioEventLoop.processSelectedKeysOptimized(NioEventLoop.java:579)
	at org.apache.ratis.thirdparty.io.netty.channel.nio.NioEventLoop.processSelectedKeys(NioEventLoop.java:496)
	at org.apache.ratis.thirdparty.io.netty.channel.nio.NioEventLoop.run(NioEventLoop.java:458)
	at org.apache.ratis.thirdparty.io.netty.util.concurrent.SingleThreadEventExecutor$5.run(SingleThreadEventExecutor.java:897)
	at org.apache.ratis.thirdparty.io.netty.util.concurrent.FastThreadLocalRunnable.run(FastThreadLocalRunnable.java:30)
	... 1 more
Caused by: java.net.ConnectException: Connection refused
	... 11 more
2019-09-25 05:32:47,753 [718f5985-af6b-46f0-b376-36c68e33e3c2@group-19CC27109C97:LeaderElection311] INFO  impl.LeaderElection (LogUtils.java:infoOrTrace(149)) -   Exception 0: {}
java.util.concurrent.ExecutionException: org.apache.ratis.thirdparty.io.grpc.StatusRuntimeException: UNAVAILABLE: io exception
	at java.util.concurrent.FutureTask.report(FutureTask.java:122)
	at java.util.concurrent.FutureTask.get(FutureTask.java:192)
	at org.apache.ratis.server.impl.LeaderElection.waitForResults(LeaderElection.java:263)
	at org.apache.ratis.server.impl.LeaderElection.askForVotes(LeaderElection.java:201)
	at org.apache.ratis.server.impl.LeaderElection.run(LeaderElection.java:133)
	at java.lang.Thread.run(Thread.java:748)
Caused by: org.apache.ratis.thirdparty.io.grpc.StatusRuntimeException: UNAVAILABLE: io exception
	at org.apache.ratis.thirdparty.io.grpc.stub.ClientCalls.toStatusRuntimeException(ClientCalls.java:233)
	at org.apache.ratis.thirdparty.io.grpc.stub.ClientCalls.getUnchecked(ClientCalls.java:214)
	at org.apache.ratis.thirdparty.io.grpc.stub.ClientCalls.blockingUnaryCall(ClientCalls.java:139)
	at org.apache.ratis.proto.grpc.RaftServerProtocolServiceGrpc$RaftServerProtocolServiceBlockingStub.requestVote(RaftServerProtocolServiceGrpc.java:265)
	at org.apache.ratis.grpc.server.GrpcServerProtocolClient.requestVote(GrpcServerProtocolClient.java:90)
	at org.apache.ratis.grpc.server.GrpcService.requestVote(GrpcService.java:204)
	at org.apache.ratis.server.impl.LeaderElection.lambda$submitRequests$1(LeaderElection.java:238)
	at java.util.concurrent.FutureTask.run(FutureTask.java:266)
	at java.util.concurrent.Executors$RunnableAdapter.call(Executors.java:511)
	at java.util.concurrent.FutureTask.run(FutureTask.java:266)
	at java.util.concurrent.ThreadPoolExecutor.runWorker(ThreadPoolExecutor.java:1149)
	at java.util.concurrent.ThreadPoolExecutor$Worker.run(ThreadPoolExecutor.java:624)
	... 1 more
Caused by: org.apache.ratis.thirdparty.io.netty.channel.AbstractChannel$AnnotatedConnectException: Connection refused: /192.168.36.126:33810
	at sun.nio.ch.SocketChannelImpl.checkConnect(Native Method)
	at sun.nio.ch.SocketChannelImpl.finishConnect(SocketChannelImpl.java:717)
	at org.apache.ratis.thirdparty.io.netty.channel.socket.nio.NioSocketChannel.doFinishConnect(NioSocketChannel.java:327)
	at org.apache.ratis.thirdparty.io.netty.channel.nio.AbstractNioChannel$AbstractNioUnsafe.finishConnect(AbstractNioChannel.java:340)
	at org.apache.ratis.thirdparty.io.netty.channel.nio.NioEventLoop.processSelectedKey(NioEventLoop.java:632)
	at org.apache.ratis.thirdparty.io.netty.channel.nio.NioEventLoop.processSelectedKeysOptimized(NioEventLoop.java:579)
	at org.apache.ratis.thirdparty.io.netty.channel.nio.NioEventLoop.processSelectedKeys(NioEventLoop.java:496)
	at org.apache.ratis.thirdparty.io.netty.channel.nio.NioEventLoop.run(NioEventLoop.java:458)
	at org.apache.ratis.thirdparty.io.netty.util.concurrent.SingleThreadEventExecutor$5.run(SingleThreadEventExecutor.java:897)
	at org.apache.ratis.thirdparty.io.netty.util.concurrent.FastThreadLocalRunnable.run(FastThreadLocalRunnable.java:30)
	... 1 more
Caused by: java.net.ConnectException: Connection refused
	... 11 more
2019-09-25 05:32:47,753 [718f5985-af6b-46f0-b376-36c68e33e3c2@group-8EE3C38B4941:LeaderElection312] INFO  impl.LeaderElection (LeaderElection.java:logAndReturn(56)) - 718f5985-af6b-46f0-b376-36c68e33e3c2@group-8EE3C38B4941:LeaderElection312: Election REJECTED; received 1 response(s) [718f5985-af6b-46f0-b376-36c68e33e3c2<-07d2a3d4-a08d-4ff2-9fee-7694a26bc9e9#0:FAIL-t8] and 1 exception(s); 718f5985-af6b-46f0-b376-36c68e33e3c2@group-8EE3C38B4941:t8, leader=null, voted=718f5985-af6b-46f0-b376-36c68e33e3c2, raftlog=718f5985-af6b-46f0-b376-36c68e33e3c2@group-8EE3C38B4941-SegmentedRaftLog:OPENED:c-1,f-1,i0, conf=-1: [07d2a3d4-a08d-4ff2-9fee-7694a26bc9e9:192.168.36.126:42527, 718f5985-af6b-46f0-b376-36c68e33e3c2:192.168.36.126:33516, 7d339ff4-0353-45b5-a855-49faf6b9a877:192.168.36.126:33810], old=null
2019-09-25 05:32:47,753 [07d2a3d4-a08d-4ff2-9fee-7694a26bc9e9@group-8EE3C38B4941:LeaderElection313] INFO  impl.LeaderElection (LeaderElection.java:logAndReturn(56)) - 07d2a3d4-a08d-4ff2-9fee-7694a26bc9e9@group-8EE3C38B4941:LeaderElection313: Election REJECTED; received 1 response(s) [07d2a3d4-a08d-4ff2-9fee-7694a26bc9e9<-718f5985-af6b-46f0-b376-36c68e33e3c2#0:FAIL-t8] and 1 exception(s); 07d2a3d4-a08d-4ff2-9fee-7694a26bc9e9@group-8EE3C38B4941:t8, leader=null, voted=07d2a3d4-a08d-4ff2-9fee-7694a26bc9e9, raftlog=07d2a3d4-a08d-4ff2-9fee-7694a26bc9e9@group-8EE3C38B4941-SegmentedRaftLog:OPENED:c-1,f-1,i0, conf=-1: [07d2a3d4-a08d-4ff2-9fee-7694a26bc9e9:192.168.36.126:42527, 718f5985-af6b-46f0-b376-36c68e33e3c2:192.168.36.126:33516, 7d339ff4-0353-45b5-a855-49faf6b9a877:192.168.36.126:33810], old=null
2019-09-25 05:32:47,754 [07d2a3d4-a08d-4ff2-9fee-7694a26bc9e9@group-8EE3C38B4941:LeaderElection313] INFO  impl.LeaderElection (LogUtils.java:infoOrTrace(149)) -   Exception 0: {}
java.util.concurrent.ExecutionException: org.apache.ratis.thirdparty.io.grpc.StatusRuntimeException: UNAVAILABLE: io exception
	at java.util.concurrent.FutureTask.report(FutureTask.java:122)
	at java.util.concurrent.FutureTask.get(FutureTask.java:192)
	at org.apache.ratis.server.impl.LeaderElection.waitForResults(LeaderElection.java:263)
	at org.apache.ratis.server.impl.LeaderElection.askForVotes(LeaderElection.java:201)
	at org.apache.ratis.server.impl.LeaderElection.run(LeaderElection.java:133)
	at java.lang.Thread.run(Thread.java:748)
Caused by: org.apache.ratis.thirdparty.io.grpc.StatusRuntimeException: UNAVAILABLE: io exception
	at org.apache.ratis.thirdparty.io.grpc.stub.ClientCalls.toStatusRuntimeException(ClientCalls.java:233)
	at org.apache.ratis.thirdparty.io.grpc.stub.ClientCalls.getUnchecked(ClientCalls.java:214)
	at org.apache.ratis.thirdparty.io.grpc.stub.ClientCalls.blockingUnaryCall(ClientCalls.java:139)
	at org.apache.ratis.proto.grpc.RaftServerProtocolServiceGrpc$RaftServerProtocolServiceBlockingStub.requestVote(RaftServerProtocolServiceGrpc.java:265)
	at org.apache.ratis.grpc.server.GrpcServerProtocolClient.requestVote(GrpcServerProtocolClient.java:90)
	at org.apache.ratis.grpc.server.GrpcService.requestVote(GrpcService.java:204)
	at org.apache.ratis.server.impl.LeaderElection.lambda$submitRequests$1(LeaderElection.java:238)
	at java.util.concurrent.FutureTask.run(FutureTask.java:266)
	at java.util.concurrent.Executors$RunnableAdapter.call(Executors.java:511)
	at java.util.concurrent.FutureTask.run(FutureTask.java:266)
	at java.util.concurrent.ThreadPoolExecutor.runWorker(ThreadPoolExecutor.java:1149)
	at java.util.concurrent.ThreadPoolExecutor$Worker.run(ThreadPoolExecutor.java:624)
	... 1 more
Caused by: org.apache.ratis.thirdparty.io.netty.channel.AbstractChannel$AnnotatedConnectException: Connection refused: /192.168.36.126:33810
	at sun.nio.ch.SocketChannelImpl.checkConnect(Native Method)
	at sun.nio.ch.SocketChannelImpl.finishConnect(SocketChannelImpl.java:717)
	at org.apache.ratis.thirdparty.io.netty.channel.socket.nio.NioSocketChannel.doFinishConnect(NioSocketChannel.java:327)
	at org.apache.ratis.thirdparty.io.netty.channel.nio.AbstractNioChannel$AbstractNioUnsafe.finishConnect(AbstractNioChannel.java:340)
	at org.apache.ratis.thirdparty.io.netty.channel.nio.NioEventLoop.processSelectedKey(NioEventLoop.java:632)
	at org.apache.ratis.thirdparty.io.netty.channel.nio.NioEventLoop.processSelectedKeysOptimized(NioEventLoop.java:579)
	at org.apache.ratis.thirdparty.io.netty.channel.nio.NioEventLoop.processSelectedKeys(NioEventLoop.java:496)
	at org.apache.ratis.thirdparty.io.netty.channel.nio.NioEventLoop.run(NioEventLoop.java:458)
	at org.apache.ratis.thirdparty.io.netty.util.concurrent.SingleThreadEventExecutor$5.run(SingleThreadEventExecutor.java:897)
	at org.apache.ratis.thirdparty.io.netty.util.concurrent.FastThreadLocalRunnable.run(FastThreadLocalRunnable.java:30)
	... 1 more
Caused by: java.net.ConnectException: Connection refused
	... 11 more
2019-09-25 05:32:47,752 [07d2a3d4-a08d-4ff2-9fee-7694a26bc9e9@group-FABB21EF17C7:LeaderElection307] INFO  impl.LeaderElection (LeaderElection.java:logAndReturn(56)) - 07d2a3d4-a08d-4ff2-9fee-7694a26bc9e9@group-FABB21EF17C7:LeaderElection307: Election REJECTED; received 1 response(s) [07d2a3d4-a08d-4ff2-9fee-7694a26bc9e9<-718f5985-af6b-46f0-b376-36c68e33e3c2#0:FAIL-t8] and 1 exception(s); 07d2a3d4-a08d-4ff2-9fee-7694a26bc9e9@group-FABB21EF17C7:t8, leader=null, voted=07d2a3d4-a08d-4ff2-9fee-7694a26bc9e9, raftlog=07d2a3d4-a08d-4ff2-9fee-7694a26bc9e9@group-FABB21EF17C7-SegmentedRaftLog:OPENED:c-1,f-1,i0, conf=-1: [07d2a3d4-a08d-4ff2-9fee-7694a26bc9e9:192.168.36.126:42527, 718f5985-af6b-46f0-b376-36c68e33e3c2:192.168.36.126:33516, 7d339ff4-0353-45b5-a855-49faf6b9a877:192.168.36.126:33810], old=null
2019-09-25 05:32:47,752 [07d2a3d4-a08d-4ff2-9fee-7694a26bc9e9@group-19CC27109C97:LeaderElection309] INFO  impl.LeaderElection (LeaderElection.java:logAndReturn(56)) - 07d2a3d4-a08d-4ff2-9fee-7694a26bc9e9@group-19CC27109C97:LeaderElection309: Election REJECTED; received 1 response(s) [07d2a3d4-a08d-4ff2-9fee-7694a26bc9e9<-718f5985-af6b-46f0-b376-36c68e33e3c2#0:FAIL-t8] and 1 exception(s); 07d2a3d4-a08d-4ff2-9fee-7694a26bc9e9@group-19CC27109C97:t8, leader=null, voted=07d2a3d4-a08d-4ff2-9fee-7694a26bc9e9, raftlog=07d2a3d4-a08d-4ff2-9fee-7694a26bc9e9@group-19CC27109C97-SegmentedRaftLog:OPENED:c-1,f-1,i0, conf=-1: [07d2a3d4-a08d-4ff2-9fee-7694a26bc9e9:192.168.36.126:42527, 718f5985-af6b-46f0-b376-36c68e33e3c2:192.168.36.126:33516, 7d339ff4-0353-45b5-a855-49faf6b9a877:192.168.36.126:33810], old=null
2019-09-25 05:32:47,751 [74c765d4-ecbc-4161-b0d3-3f71a54c17e6@group-37D53FCFBDA2:LeaderElection310] INFO  impl.LeaderElection (LeaderElection.java:logAndReturn(56)) - 74c765d4-ecbc-4161-b0d3-3f71a54c17e6@group-37D53FCFBDA2:LeaderElection310: Election REJECTED; received 1 response(s) [74c765d4-ecbc-4161-b0d3-3f71a54c17e6<-e40b1169-82c6-4268-9b48-d611605c3b5d#0:FAIL-t4] and 1 exception(s); 74c765d4-ecbc-4161-b0d3-3f71a54c17e6@group-37D53FCFBDA2:t4, leader=null, voted=74c765d4-ecbc-4161-b0d3-3f71a54c17e6, raftlog=74c765d4-ecbc-4161-b0d3-3f71a54c17e6@group-37D53FCFBDA2-SegmentedRaftLog:OPENED:c-1,f-1,i0, conf=-1: [e40b1169-82c6-4268-9b48-d611605c3b5d:192.168.36.126:46360, 74c765d4-ecbc-4161-b0d3-3f71a54c17e6:192.168.36.126:46193, 8ffa0edf-3bee-4748-91ab-c75ab538701e:192.168.36.126:35863], old=null
2019-09-25 05:32:47,755 [07d2a3d4-a08d-4ff2-9fee-7694a26bc9e9@group-19CC27109C97:LeaderElection309] INFO  impl.LeaderElection (LogUtils.java:infoOrTrace(149)) -   Exception 0: {}
java.util.concurrent.ExecutionException: org.apache.ratis.thirdparty.io.grpc.StatusRuntimeException: UNAVAILABLE: io exception
	at java.util.concurrent.FutureTask.report(FutureTask.java:122)
	at java.util.concurrent.FutureTask.get(FutureTask.java:192)
	at org.apache.ratis.server.impl.LeaderElection.waitForResults(LeaderElection.java:263)
	at org.apache.ratis.server.impl.LeaderElection.askForVotes(LeaderElection.java:201)
	at org.apache.ratis.server.impl.LeaderElection.run(LeaderElection.java:133)
	at java.lang.Thread.run(Thread.java:748)
Caused by: org.apache.ratis.thirdparty.io.grpc.StatusRuntimeException: UNAVAILABLE: io exception
	at org.apache.ratis.thirdparty.io.grpc.stub.ClientCalls.toStatusRuntimeException(ClientCalls.java:233)
	at org.apache.ratis.thirdparty.io.grpc.stub.ClientCalls.getUnchecked(ClientCalls.java:214)
	at org.apache.ratis.thirdparty.io.grpc.stub.ClientCalls.blockingUnaryCall(ClientCalls.java:139)
	at org.apache.ratis.proto.grpc.RaftServerProtocolServiceGrpc$RaftServerProtocolServiceBlockingStub.requestVote(RaftServerProtocolServiceGrpc.java:265)
	at org.apache.ratis.grpc.server.GrpcServerProtocolClient.requestVote(GrpcServerProtocolClient.java:90)
	at org.apache.ratis.grpc.server.GrpcService.requestVote(GrpcService.java:204)
	at org.apache.ratis.server.impl.LeaderElection.lambda$submitRequests$1(LeaderElection.java:238)
	at java.util.concurrent.FutureTask.run(FutureTask.java:266)
	at java.util.concurrent.Executors$RunnableAdapter.call(Executors.java:511)
	at java.util.concurrent.FutureTask.run(FutureTask.java:266)
	at java.util.concurrent.ThreadPoolExecutor.runWorker(ThreadPoolExecutor.java:1149)
	at java.util.concurrent.ThreadPoolExecutor$Worker.run(ThreadPoolExecutor.java:624)
	... 1 more
Caused by: org.apache.ratis.thirdparty.io.netty.channel.AbstractChannel$AnnotatedConnectException: Connection refused: /192.168.36.126:33810
	at sun.nio.ch.SocketChannelImpl.checkConnect(Native Method)
	at sun.nio.ch.SocketChannelImpl.finishConnect(SocketChannelImpl.java:717)
	at org.apache.ratis.thirdparty.io.netty.channel.socket.nio.NioSocketChannel.doFinishConnect(NioSocketChannel.java:327)
	at org.apache.ratis.thirdparty.io.netty.channel.nio.AbstractNioChannel$AbstractNioUnsafe.finishConnect(AbstractNioChannel.java:340)
	at org.apache.ratis.thirdparty.io.netty.channel.nio.NioEventLoop.processSelectedKey(NioEventLoop.java:632)
	at org.apache.ratis.thirdparty.io.netty.channel.nio.NioEventLoop.processSelectedKeysOptimized(NioEventLoop.java:579)
	at org.apache.ratis.thirdparty.io.netty.channel.nio.NioEventLoop.processSelectedKeys(NioEventLoop.java:496)
	at org.apache.ratis.thirdparty.io.netty.channel.nio.NioEventLoop.run(NioEventLoop.java:458)
	at org.apache.ratis.thirdparty.io.netty.util.concurrent.SingleThreadEventExecutor$5.run(SingleThreadEventExecutor.java:897)
	at org.apache.ratis.thirdparty.io.netty.util.concurrent.FastThreadLocalRunnable.run(FastThreadLocalRunnable.java:30)
	... 1 more
Caused by: java.net.ConnectException: Connection refused
	... 11 more
2019-09-25 05:32:47,755 [07d2a3d4-a08d-4ff2-9fee-7694a26bc9e9@group-FABB21EF17C7:LeaderElection307] INFO  impl.LeaderElection (LogUtils.java:infoOrTrace(149)) -   Exception 0: {}
java.util.concurrent.ExecutionException: org.apache.ratis.thirdparty.io.grpc.StatusRuntimeException: UNAVAILABLE: io exception
	at java.util.concurrent.FutureTask.report(FutureTask.java:122)
	at java.util.concurrent.FutureTask.get(FutureTask.java:192)
	at org.apache.ratis.server.impl.LeaderElection.waitForResults(LeaderElection.java:263)
	at org.apache.ratis.server.impl.LeaderElection.askForVotes(LeaderElection.java:201)
	at org.apache.ratis.server.impl.LeaderElection.run(LeaderElection.java:133)
	at java.lang.Thread.run(Thread.java:748)
Caused by: org.apache.ratis.thirdparty.io.grpc.StatusRuntimeException: UNAVAILABLE: io exception
	at org.apache.ratis.thirdparty.io.grpc.stub.ClientCalls.toStatusRuntimeException(ClientCalls.java:233)
	at org.apache.ratis.thirdparty.io.grpc.stub.ClientCalls.getUnchecked(ClientCalls.java:214)
	at org.apache.ratis.thirdparty.io.grpc.stub.ClientCalls.blockingUnaryCall(ClientCalls.java:139)
	at org.apache.ratis.proto.grpc.RaftServerProtocolServiceGrpc$RaftServerProtocolServiceBlockingStub.requestVote(RaftServerProtocolServiceGrpc.java:265)
	at org.apache.ratis.grpc.server.GrpcServerProtocolClient.requestVote(GrpcServerProtocolClient.java:90)
	at org.apache.ratis.grpc.server.GrpcService.requestVote(GrpcService.java:204)
	at org.apache.ratis.server.impl.LeaderElection.lambda$submitRequests$1(LeaderElection.java:238)
	at java.util.concurrent.FutureTask.run(FutureTask.java:266)
	at java.util.concurrent.Executors$RunnableAdapter.call(Executors.java:511)
	at java.util.concurrent.FutureTask.run(FutureTask.java:266)
	at java.util.concurrent.ThreadPoolExecutor.runWorker(ThreadPoolExecutor.java:1149)
	at java.util.concurrent.ThreadPoolExecutor$Worker.run(ThreadPoolExecutor.java:624)
	... 1 more
Caused by: org.apache.ratis.thirdparty.io.netty.channel.AbstractChannel$AnnotatedConnectException: Connection refused: /192.168.36.126:33810
	at sun.nio.ch.SocketChannelImpl.checkConnect(Native Method)
	at sun.nio.ch.SocketChannelImpl.finishConnect(SocketChannelImpl.java:717)
	at org.apache.ratis.thirdparty.io.netty.channel.socket.nio.NioSocketChannel.doFinishConnect(NioSocketChannel.java:327)
	at org.apache.ratis.thirdparty.io.netty.channel.nio.AbstractNioChannel$AbstractNioUnsafe.finishConnect(AbstractNioChannel.java:340)
	at org.apache.ratis.thirdparty.io.netty.channel.nio.NioEventLoop.processSelectedKey(NioEventLoop.java:632)
	at org.apache.ratis.thirdparty.io.netty.channel.nio.NioEventLoop.processSelectedKeysOptimized(NioEventLoop.java:579)
	at org.apache.ratis.thirdparty.io.netty.channel.nio.NioEventLoop.processSelectedKeys(NioEventLoop.java:496)
	at org.apache.ratis.thirdparty.io.netty.channel.nio.NioEventLoop.run(NioEventLoop.java:458)
	at org.apache.ratis.thirdparty.io.netty.util.concurrent.SingleThreadEventExecutor$5.run(SingleThreadEventExecutor.java:897)
	at org.apache.ratis.thirdparty.io.netty.util.concurrent.FastThreadLocalRunnable.run(FastThreadLocalRunnable.java:30)
	... 1 more
Caused by: java.net.ConnectException: Connection refused
	... 11 more
2019-09-25 05:32:47,755 [07d2a3d4-a08d-4ff2-9fee-7694a26bc9e9@group-8EE3C38B4941:LeaderElection313] INFO  impl.RaftServerImpl (RaftServerImpl.java:setRole(174)) - 07d2a3d4-a08d-4ff2-9fee-7694a26bc9e9@group-8EE3C38B4941: changes role from CANDIDATE to FOLLOWER at term 8 for DISCOVERED_A_NEW_TERM
2019-09-25 05:32:47,756 [07d2a3d4-a08d-4ff2-9fee-7694a26bc9e9@group-FABB21EF17C7:LeaderElection307] INFO  impl.RaftServerImpl (RaftServerImpl.java:setRole(174)) - 07d2a3d4-a08d-4ff2-9fee-7694a26bc9e9@group-FABB21EF17C7: changes role from CANDIDATE to FOLLOWER at term 8 for DISCOVERED_A_NEW_TERM
2019-09-25 05:32:47,754 [718f5985-af6b-46f0-b376-36c68e33e3c2@group-8EE3C38B4941:LeaderElection312] INFO  impl.LeaderElection (LogUtils.java:infoOrTrace(149)) -   Exception 0: {}
java.util.concurrent.ExecutionException: org.apache.ratis.thirdparty.io.grpc.StatusRuntimeException: UNAVAILABLE: io exception
	at java.util.concurrent.FutureTask.report(FutureTask.java:122)
	at java.util.concurrent.FutureTask.get(FutureTask.java:192)
	at org.apache.ratis.server.impl.LeaderElection.waitForResults(LeaderElection.java:263)
	at org.apache.ratis.server.impl.LeaderElection.askForVotes(LeaderElection.java:201)
	at org.apache.ratis.server.impl.LeaderElection.run(LeaderElection.java:133)
	at java.lang.Thread.run(Thread.java:748)
Caused by: org.apache.ratis.thirdparty.io.grpc.StatusRuntimeException: UNAVAILABLE: io exception
	at org.apache.ratis.thirdparty.io.grpc.stub.ClientCalls.toStatusRuntimeException(ClientCalls.java:233)
	at org.apache.ratis.thirdparty.io.grpc.stub.ClientCalls.getUnchecked(ClientCalls.java:214)
	at org.apache.ratis.thirdparty.io.grpc.stub.ClientCalls.blockingUnaryCall(ClientCalls.java:139)
	at org.apache.ratis.proto.grpc.RaftServerProtocolServiceGrpc$RaftServerProtocolServiceBlockingStub.requestVote(RaftServerProtocolServiceGrpc.java:265)
	at org.apache.ratis.grpc.server.GrpcServerProtocolClient.requestVote(GrpcServerProtocolClient.java:90)
	at org.apache.ratis.grpc.server.GrpcService.requestVote(GrpcService.java:204)
	at org.apache.ratis.server.impl.LeaderElection.lambda$submitRequests$1(LeaderElection.java:238)
	at java.util.concurrent.FutureTask.run(FutureTask.java:266)
	at java.util.concurrent.Executors$RunnableAdapter.call(Executors.java:511)
	at java.util.concurrent.FutureTask.run(FutureTask.java:266)
	at java.util.concurrent.ThreadPoolExecutor.runWorker(ThreadPoolExecutor.java:1149)
	at java.util.concurrent.ThreadPoolExecutor$Worker.run(ThreadPoolExecutor.java:624)
	... 1 more
Caused by: org.apache.ratis.thirdparty.io.netty.channel.AbstractChannel$AnnotatedConnectException: Connection refused: /192.168.36.126:33810
	at sun.nio.ch.SocketChannelImpl.checkConnect(Native Method)
	at sun.nio.ch.SocketChannelImpl.finishConnect(SocketChannelImpl.java:717)
	at org.apache.ratis.thirdparty.io.netty.channel.socket.nio.NioSocketChannel.doFinishConnect(NioSocketChannel.java:327)
	at org.apache.ratis.thirdparty.io.netty.channel.nio.AbstractNioChannel$AbstractNioUnsafe.finishConnect(AbstractNioChannel.java:340)
	at org.apache.ratis.thirdparty.io.netty.channel.nio.NioEventLoop.processSelectedKey(NioEventLoop.java:632)
	at org.apache.ratis.thirdparty.io.netty.channel.nio.NioEventLoop.processSelectedKeysOptimized(NioEventLoop.java:579)
	at org.apache.ratis.thirdparty.io.netty.channel.nio.NioEventLoop.processSelectedKeys(NioEventLoop.java:496)
	at org.apache.ratis.thirdparty.io.netty.channel.nio.NioEventLoop.run(NioEventLoop.java:458)
	at org.apache.ratis.thirdparty.io.netty.util.concurrent.SingleThreadEventExecutor$5.run(SingleThreadEventExecutor.java:897)
	at org.apache.ratis.thirdparty.io.netty.util.concurrent.FastThreadLocalRunnable.run(FastThreadLocalRunnable.java:30)
	... 1 more
Caused by: java.net.ConnectException: Connection refused
	... 11 more
2019-09-25 05:32:47,754 [718f5985-af6b-46f0-b376-36c68e33e3c2@group-19CC27109C97:LeaderElection311] INFO  impl.RaftServerImpl (RaftServerImpl.java:setRole(174)) - 718f5985-af6b-46f0-b376-36c68e33e3c2@group-19CC27109C97: changes role from CANDIDATE to FOLLOWER at term 8 for DISCOVERED_A_NEW_TERM
2019-09-25 05:32:47,757 [718f5985-af6b-46f0-b376-36c68e33e3c2@group-19CC27109C97:LeaderElection311] INFO  impl.RoleInfo (RoleInfo.java:shutdownLeaderElection(134)) - 718f5985-af6b-46f0-b376-36c68e33e3c2: shutdown LeaderElection
2019-09-25 05:32:47,754 [718f5985-af6b-46f0-b376-36c68e33e3c2@group-FABB21EF17C7:LeaderElection308] INFO  impl.LeaderElection (LeaderElection.java:logAndReturn(56)) - 718f5985-af6b-46f0-b376-36c68e33e3c2@group-FABB21EF17C7:LeaderElection308: Election REJECTED; received 1 response(s) [718f5985-af6b-46f0-b376-36c68e33e3c2<-07d2a3d4-a08d-4ff2-9fee-7694a26bc9e9#0:FAIL-t8] and 1 exception(s); 718f5985-af6b-46f0-b376-36c68e33e3c2@group-FABB21EF17C7:t8, leader=null, voted=718f5985-af6b-46f0-b376-36c68e33e3c2, raftlog=718f5985-af6b-46f0-b376-36c68e33e3c2@group-FABB21EF17C7-SegmentedRaftLog:OPENED:c-1,f-1,i0, conf=-1: [07d2a3d4-a08d-4ff2-9fee-7694a26bc9e9:192.168.36.126:42527, 718f5985-af6b-46f0-b376-36c68e33e3c2:192.168.36.126:33516, 7d339ff4-0353-45b5-a855-49faf6b9a877:192.168.36.126:33810], old=null
2019-09-25 05:32:47,754 [e40b1169-82c6-4268-9b48-d611605c3b5d@group-37D53FCFBDA2:LeaderElection306] INFO  impl.LeaderElection (LeaderElection.java:logAndReturn(56)) - e40b1169-82c6-4268-9b48-d611605c3b5d@group-37D53FCFBDA2:LeaderElection306: Election REJECTED; received 1 response(s) [e40b1169-82c6-4268-9b48-d611605c3b5d<-74c765d4-ecbc-4161-b0d3-3f71a54c17e6#0:FAIL-t4] and 1 exception(s); e40b1169-82c6-4268-9b48-d611605c3b5d@group-37D53FCFBDA2:t4, leader=null, voted=e40b1169-82c6-4268-9b48-d611605c3b5d, raftlog=e40b1169-82c6-4268-9b48-d611605c3b5d@group-37D53FCFBDA2-SegmentedRaftLog:OPENED:c-1,f-1,i0, conf=-1: [e40b1169-82c6-4268-9b48-d611605c3b5d:192.168.36.126:46360, 74c765d4-ecbc-4161-b0d3-3f71a54c17e6:192.168.36.126:46193, 8ffa0edf-3bee-4748-91ab-c75ab538701e:192.168.36.126:35863], old=null
2019-09-25 05:32:47,757 [718f5985-af6b-46f0-b376-36c68e33e3c2@group-FABB21EF17C7:LeaderElection308] INFO  impl.LeaderElection (LogUtils.java:infoOrTrace(149)) -   Exception 0: {}
java.util.concurrent.ExecutionException: org.apache.ratis.thirdparty.io.grpc.StatusRuntimeException: UNAVAILABLE: io exception
	at java.util.concurrent.FutureTask.report(FutureTask.java:122)
	at java.util.concurrent.FutureTask.get(FutureTask.java:192)
	at org.apache.ratis.server.impl.LeaderElection.waitForResults(LeaderElection.java:263)
	at org.apache.ratis.server.impl.LeaderElection.askForVotes(LeaderElection.java:201)
	at org.apache.ratis.server.impl.LeaderElection.run(LeaderElection.java:133)
	at java.lang.Thread.run(Thread.java:748)
Caused by: org.apache.ratis.thirdparty.io.grpc.StatusRuntimeException: UNAVAILABLE: io exception
	at org.apache.ratis.thirdparty.io.grpc.stub.ClientCalls.toStatusRuntimeException(ClientCalls.java:233)
	at org.apache.ratis.thirdparty.io.grpc.stub.ClientCalls.getUnchecked(ClientCalls.java:214)
	at org.apache.ratis.thirdparty.io.grpc.stub.ClientCalls.blockingUnaryCall(ClientCalls.java:139)
	at org.apache.ratis.proto.grpc.RaftServerProtocolServiceGrpc$RaftServerProtocolServiceBlockingStub.requestVote(RaftServerProtocolServiceGrpc.java:265)
	at org.apache.ratis.grpc.server.GrpcServerProtocolClient.requestVote(GrpcServerProtocolClient.java:90)
	at org.apache.ratis.grpc.server.GrpcService.requestVote(GrpcService.java:204)
	at org.apache.ratis.server.impl.LeaderElection.lambda$submitRequests$1(LeaderElection.java:238)
	at java.util.concurrent.FutureTask.run(FutureTask.java:266)
	at java.util.concurrent.Executors$RunnableAdapter.call(Executors.java:511)
	at java.util.concurrent.FutureTask.run(FutureTask.java:266)
	at java.util.concurrent.ThreadPoolExecutor.runWorker(ThreadPoolExecutor.java:1149)
	at java.util.concurrent.ThreadPoolExecutor$Worker.run(ThreadPoolExecutor.java:624)
	... 1 more
Caused by: org.apache.ratis.thirdparty.io.netty.channel.AbstractChannel$AnnotatedConnectException: Connection refused: /192.168.36.126:33810
	at sun.nio.ch.SocketChannelImpl.checkConnect(Native Method)
	at sun.nio.ch.SocketChannelImpl.finishConnect(SocketChannelImpl.java:717)
	at org.apache.ratis.thirdparty.io.netty.channel.socket.nio.NioSocketChannel.doFinishConnect(NioSocketChannel.java:327)
	at org.apache.ratis.thirdparty.io.netty.channel.nio.AbstractNioChannel$AbstractNioUnsafe.finishConnect(AbstractNioChannel.java:340)
	at org.apache.ratis.thirdparty.io.netty.channel.nio.NioEventLoop.processSelectedKey(NioEventLoop.java:632)
	at org.apache.ratis.thirdparty.io.netty.channel.nio.NioEventLoop.processSelectedKeysOptimized(NioEventLoop.java:579)
	at org.apache.ratis.thirdparty.io.netty.channel.nio.NioEventLoop.processSelectedKeys(NioEventLoop.java:496)
	at org.apache.ratis.thirdparty.io.netty.channel.nio.NioEventLoop.run(NioEventLoop.java:458)
	at org.apache.ratis.thirdparty.io.netty.util.concurrent.SingleThreadEventExecutor$5.run(SingleThreadEventExecutor.java:897)
	at org.apache.ratis.thirdparty.io.netty.util.concurrent.FastThreadLocalRunnable.run(FastThreadLocalRunnable.java:30)
	... 1 more
Caused by: java.net.ConnectException: Connection refused
	... 11 more
2019-09-25 05:32:47,757 [718f5985-af6b-46f0-b376-36c68e33e3c2@group-19CC27109C97:LeaderElection311] INFO  impl.RoleInfo (RoleInfo.java:updateAndGet(143)) - 718f5985-af6b-46f0-b376-36c68e33e3c2: start FollowerState
2019-09-25 05:32:47,757 [718f5985-af6b-46f0-b376-36c68e33e3c2@group-8EE3C38B4941:LeaderElection312] INFO  impl.RaftServerImpl (RaftServerImpl.java:setRole(174)) - 718f5985-af6b-46f0-b376-36c68e33e3c2@group-8EE3C38B4941: changes role from CANDIDATE to FOLLOWER at term 8 for DISCOVERED_A_NEW_TERM
2019-09-25 05:32:47,758 [718f5985-af6b-46f0-b376-36c68e33e3c2@group-8EE3C38B4941:LeaderElection312] INFO  impl.RoleInfo (RoleInfo.java:shutdownLeaderElection(134)) - 718f5985-af6b-46f0-b376-36c68e33e3c2: shutdown LeaderElection
2019-09-25 05:32:47,756 [07d2a3d4-a08d-4ff2-9fee-7694a26bc9e9@group-FABB21EF17C7:LeaderElection307] INFO  impl.RoleInfo (RoleInfo.java:shutdownLeaderElection(134)) - 07d2a3d4-a08d-4ff2-9fee-7694a26bc9e9: shutdown LeaderElection
2019-09-25 05:32:47,756 [07d2a3d4-a08d-4ff2-9fee-7694a26bc9e9@group-8EE3C38B4941:LeaderElection313] INFO  impl.RoleInfo (RoleInfo.java:shutdownLeaderElection(134)) - 07d2a3d4-a08d-4ff2-9fee-7694a26bc9e9: shutdown LeaderElection
2019-09-25 05:32:47,756 [07d2a3d4-a08d-4ff2-9fee-7694a26bc9e9@group-19CC27109C97:LeaderElection309] INFO  impl.RaftServerImpl (RaftServerImpl.java:setRole(174)) - 07d2a3d4-a08d-4ff2-9fee-7694a26bc9e9@group-19CC27109C97: changes role from CANDIDATE to FOLLOWER at term 8 for DISCOVERED_A_NEW_TERM
2019-09-25 05:32:47,755 [74c765d4-ecbc-4161-b0d3-3f71a54c17e6@group-37D53FCFBDA2:LeaderElection310] INFO  impl.LeaderElection (LogUtils.java:infoOrTrace(149)) -   Exception 0: {}
java.util.concurrent.ExecutionException: org.apache.ratis.thirdparty.io.grpc.StatusRuntimeException: UNAVAILABLE: io exception
	at java.util.concurrent.FutureTask.report(FutureTask.java:122)
	at java.util.concurrent.FutureTask.get(FutureTask.java:192)
	at org.apache.ratis.server.impl.LeaderElection.waitForResults(LeaderElection.java:263)
	at org.apache.ratis.server.impl.LeaderElection.askForVotes(LeaderElection.java:201)
	at org.apache.ratis.server.impl.LeaderElection.run(LeaderElection.java:133)
	at java.lang.Thread.run(Thread.java:748)
Caused by: org.apache.ratis.thirdparty.io.grpc.StatusRuntimeException: UNAVAILABLE: io exception
	at org.apache.ratis.thirdparty.io.grpc.stub.ClientCalls.toStatusRuntimeException(ClientCalls.java:233)
	at org.apache.ratis.thirdparty.io.grpc.stub.ClientCalls.getUnchecked(ClientCalls.java:214)
	at org.apache.ratis.thirdparty.io.grpc.stub.ClientCalls.blockingUnaryCall(ClientCalls.java:139)
	at org.apache.ratis.proto.grpc.RaftServerProtocolServiceGrpc$RaftServerProtocolServiceBlockingStub.requestVote(RaftServerProtocolServiceGrpc.java:265)
	at org.apache.ratis.grpc.server.GrpcServerProtocolClient.requestVote(GrpcServerProtocolClient.java:90)
	at org.apache.ratis.grpc.server.GrpcService.requestVote(GrpcService.java:204)
	at org.apache.ratis.server.impl.LeaderElection.lambda$submitRequests$1(LeaderElection.java:238)
	at java.util.concurrent.FutureTask.run(FutureTask.java:266)
	at java.util.concurrent.Executors$RunnableAdapter.call(Executors.java:511)
	at java.util.concurrent.FutureTask.run(FutureTask.java:266)
	at java.util.concurrent.ThreadPoolExecutor.runWorker(ThreadPoolExecutor.java:1149)
	at java.util.concurrent.ThreadPoolExecutor$Worker.run(ThreadPoolExecutor.java:624)
	... 1 more
Caused by: org.apache.ratis.thirdparty.io.netty.channel.AbstractChannel$AnnotatedConnectException: Connection refused: /192.168.36.126:35863
	at sun.nio.ch.SocketChannelImpl.checkConnect(Native Method)
	at sun.nio.ch.SocketChannelImpl.finishConnect(SocketChannelImpl.java:717)
	at org.apache.ratis.thirdparty.io.netty.channel.socket.nio.NioSocketChannel.doFinishConnect(NioSocketChannel.java:327)
	at org.apache.ratis.thirdparty.io.netty.channel.nio.AbstractNioChannel$AbstractNioUnsafe.finishConnect(AbstractNioChannel.java:340)
	at org.apache.ratis.thirdparty.io.netty.channel.nio.NioEventLoop.processSelectedKey(NioEventLoop.java:632)
	at org.apache.ratis.thirdparty.io.netty.channel.nio.NioEventLoop.processSelectedKeysOptimized(NioEventLoop.java:579)
	at org.apache.ratis.thirdparty.io.netty.channel.nio.NioEventLoop.processSelectedKeys(NioEventLoop.java:496)
	at org.apache.ratis.thirdparty.io.netty.channel.nio.NioEventLoop.run(NioEventLoop.java:458)
	at org.apache.ratis.thirdparty.io.netty.util.concurrent.SingleThreadEventExecutor$5.run(SingleThreadEventExecutor.java:897)
	at org.apache.ratis.thirdparty.io.netty.util.concurrent.FastThreadLocalRunnable.run(FastThreadLocalRunnable.java:30)
	... 1 more
Caused by: java.net.ConnectException: Connection refused
	... 11 more
2019-09-25 05:32:47,758 [07d2a3d4-a08d-4ff2-9fee-7694a26bc9e9@group-19CC27109C97:LeaderElection309] INFO  impl.RoleInfo (RoleInfo.java:shutdownLeaderElection(134)) - 07d2a3d4-a08d-4ff2-9fee-7694a26bc9e9: shutdown LeaderElection
2019-09-25 05:32:47,758 [07d2a3d4-a08d-4ff2-9fee-7694a26bc9e9@group-8EE3C38B4941:LeaderElection313] INFO  impl.RoleInfo (RoleInfo.java:updateAndGet(143)) - 07d2a3d4-a08d-4ff2-9fee-7694a26bc9e9: start FollowerState
2019-09-25 05:32:47,758 [07d2a3d4-a08d-4ff2-9fee-7694a26bc9e9@group-FABB21EF17C7:LeaderElection307] INFO  impl.RoleInfo (RoleInfo.java:updateAndGet(143)) - 07d2a3d4-a08d-4ff2-9fee-7694a26bc9e9: start FollowerState
2019-09-25 05:32:47,758 [718f5985-af6b-46f0-b376-36c68e33e3c2@group-8EE3C38B4941:LeaderElection312] INFO  impl.RoleInfo (RoleInfo.java:updateAndGet(143)) - 718f5985-af6b-46f0-b376-36c68e33e3c2: start FollowerState
2019-09-25 05:32:47,758 [718f5985-af6b-46f0-b376-36c68e33e3c2@group-FABB21EF17C7:LeaderElection308] INFO  impl.RaftServerImpl (RaftServerImpl.java:setRole(174)) - 718f5985-af6b-46f0-b376-36c68e33e3c2@group-FABB21EF17C7: changes role from CANDIDATE to FOLLOWER at term 8 for DISCOVERED_A_NEW_TERM
2019-09-25 05:32:47,757 [e40b1169-82c6-4268-9b48-d611605c3b5d@group-37D53FCFBDA2:LeaderElection306] INFO  impl.LeaderElection (LogUtils.java:infoOrTrace(149)) -   Exception 0: {}
java.util.concurrent.ExecutionException: org.apache.ratis.thirdparty.io.grpc.StatusRuntimeException: UNAVAILABLE: io exception
	at java.util.concurrent.FutureTask.report(FutureTask.java:122)
	at java.util.concurrent.FutureTask.get(FutureTask.java:192)
	at org.apache.ratis.server.impl.LeaderElection.waitForResults(LeaderElection.java:263)
	at org.apache.ratis.server.impl.LeaderElection.askForVotes(LeaderElection.java:201)
	at org.apache.ratis.server.impl.LeaderElection.run(LeaderElection.java:133)
	at java.lang.Thread.run(Thread.java:748)
Caused by: org.apache.ratis.thirdparty.io.grpc.StatusRuntimeException: UNAVAILABLE: io exception
	at org.apache.ratis.thirdparty.io.grpc.stub.ClientCalls.toStatusRuntimeException(ClientCalls.java:233)
	at org.apache.ratis.thirdparty.io.grpc.stub.ClientCalls.getUnchecked(ClientCalls.java:214)
	at org.apache.ratis.thirdparty.io.grpc.stub.ClientCalls.blockingUnaryCall(ClientCalls.java:139)
	at org.apache.ratis.proto.grpc.RaftServerProtocolServiceGrpc$RaftServerProtocolServiceBlockingStub.requestVote(RaftServerProtocolServiceGrpc.java:265)
	at org.apache.ratis.grpc.server.GrpcServerProtocolClient.requestVote(GrpcServerProtocolClient.java:90)
	at org.apache.ratis.grpc.server.GrpcService.requestVote(GrpcService.java:204)
	at org.apache.ratis.server.impl.LeaderElection.lambda$submitRequests$1(LeaderElection.java:238)
	at java.util.concurrent.FutureTask.run(FutureTask.java:266)
	at java.util.concurrent.Executors$RunnableAdapter.call(Executors.java:511)
	at java.util.concurrent.FutureTask.run(FutureTask.java:266)
	at java.util.concurrent.ThreadPoolExecutor.runWorker(ThreadPoolExecutor.java:1149)
	at java.util.concurrent.ThreadPoolExecutor$Worker.run(ThreadPoolExecutor.java:624)
	... 1 more
Caused by: org.apache.ratis.thirdparty.io.netty.channel.AbstractChannel$AnnotatedConnectException: Connection refused: /192.168.36.126:35863
	at sun.nio.ch.SocketChannelImpl.checkConnect(Native Method)
	at sun.nio.ch.SocketChannelImpl.finishConnect(SocketChannelImpl.java:717)
	at org.apache.ratis.thirdparty.io.netty.channel.socket.nio.NioSocketChannel.doFinishConnect(NioSocketChannel.java:327)
	at org.apache.ratis.thirdparty.io.netty.channel.nio.AbstractNioChannel$AbstractNioUnsafe.finishConnect(AbstractNioChannel.java:340)
	at org.apache.ratis.thirdparty.io.netty.channel.nio.NioEventLoop.processSelectedKey(NioEventLoop.java:632)
	at org.apache.ratis.thirdparty.io.netty.channel.nio.NioEventLoop.processSelectedKeysOptimized(NioEventLoop.java:579)
	at org.apache.ratis.thirdparty.io.netty.channel.nio.NioEventLoop.processSelectedKeys(NioEventLoop.java:496)
	at org.apache.ratis.thirdparty.io.netty.channel.nio.NioEventLoop.run(NioEventLoop.java:458)
	at org.apache.ratis.thirdparty.io.netty.util.concurrent.SingleThreadEventExecutor$5.run(SingleThreadEventExecutor.java:897)
	at org.apache.ratis.thirdparty.io.netty.util.concurrent.FastThreadLocalRunnable.run(FastThreadLocalRunnable.java:30)
	... 1 more
Caused by: java.net.ConnectException: Connection refused
	... 11 more
2019-09-25 05:32:47,759 [718f5985-af6b-46f0-b376-36c68e33e3c2@group-FABB21EF17C7:LeaderElection308] INFO  impl.RoleInfo (RoleInfo.java:shutdownLeaderElection(134)) - 718f5985-af6b-46f0-b376-36c68e33e3c2: shutdown LeaderElection
2019-09-25 05:32:47,759 [07d2a3d4-a08d-4ff2-9fee-7694a26bc9e9@group-19CC27109C97:LeaderElection309] INFO  impl.RoleInfo (RoleInfo.java:updateAndGet(143)) - 07d2a3d4-a08d-4ff2-9fee-7694a26bc9e9: start FollowerState
2019-09-25 05:32:47,759 [74c765d4-ecbc-4161-b0d3-3f71a54c17e6@group-37D53FCFBDA2:LeaderElection310] INFO  impl.RaftServerImpl (RaftServerImpl.java:setRole(174)) - 74c765d4-ecbc-4161-b0d3-3f71a54c17e6@group-37D53FCFBDA2: changes role from CANDIDATE to FOLLOWER at term 4 for DISCOVERED_A_NEW_TERM
2019-09-25 05:32:47,760 [718f5985-af6b-46f0-b376-36c68e33e3c2@group-FABB21EF17C7:LeaderElection308] INFO  impl.RoleInfo (RoleInfo.java:updateAndGet(143)) - 718f5985-af6b-46f0-b376-36c68e33e3c2: start FollowerState
2019-09-25 05:32:47,759 [e40b1169-82c6-4268-9b48-d611605c3b5d@group-37D53FCFBDA2:LeaderElection306] INFO  impl.RaftServerImpl (RaftServerImpl.java:setRole(174)) - e40b1169-82c6-4268-9b48-d611605c3b5d@group-37D53FCFBDA2: changes role from CANDIDATE to FOLLOWER at term 4 for DISCOVERED_A_NEW_TERM
2019-09-25 05:32:47,760 [e40b1169-82c6-4268-9b48-d611605c3b5d@group-37D53FCFBDA2:LeaderElection306] INFO  impl.RoleInfo (RoleInfo.java:shutdownLeaderElection(134)) - e40b1169-82c6-4268-9b48-d611605c3b5d: shutdown LeaderElection
2019-09-25 05:32:47,760 [74c765d4-ecbc-4161-b0d3-3f71a54c17e6@group-37D53FCFBDA2:LeaderElection310] INFO  impl.RoleInfo (RoleInfo.java:shutdownLeaderElection(134)) - 74c765d4-ecbc-4161-b0d3-3f71a54c17e6: shutdown LeaderElection
2019-09-25 05:32:47,760 [e40b1169-82c6-4268-9b48-d611605c3b5d@group-37D53FCFBDA2:LeaderElection306] INFO  impl.RoleInfo (RoleInfo.java:updateAndGet(143)) - e40b1169-82c6-4268-9b48-d611605c3b5d: start FollowerState
2019-09-25 05:32:47,760 [74c765d4-ecbc-4161-b0d3-3f71a54c17e6@group-37D53FCFBDA2:LeaderElection310] INFO  impl.RoleInfo (RoleInfo.java:updateAndGet(143)) - 74c765d4-ecbc-4161-b0d3-3f71a54c17e6: start FollowerState
2019-09-25 05:32:48,760 [Thread-1989] INFO  impl.FollowerState (FollowerState.java:run(106)) - 07d2a3d4-a08d-4ff2-9fee-7694a26bc9e9:group-8EE3C38B4941 changes to CANDIDATE, lastRpcTime:1001, electionTimeout:1001ms
2019-09-25 05:32:48,760 [Thread-1989] INFO  impl.RoleInfo (RoleInfo.java:shutdownFollowerState(121)) - 07d2a3d4-a08d-4ff2-9fee-7694a26bc9e9: shutdown FollowerState
2019-09-25 05:32:48,760 [Thread-1989] INFO  impl.RaftServerImpl (RaftServerImpl.java:setRole(174)) - 07d2a3d4-a08d-4ff2-9fee-7694a26bc9e9@group-8EE3C38B4941: changes role from  FOLLOWER to CANDIDATE at term 8 for changeToCandidate
2019-09-25 05:32:48,760 [Thread-1989] INFO  impl.RoleInfo (RoleInfo.java:updateAndGet(143)) - 07d2a3d4-a08d-4ff2-9fee-7694a26bc9e9: start LeaderElection
2019-09-25 05:32:48,800 [Thread-1987] INFO  impl.FollowerState (FollowerState.java:run(106)) - 718f5985-af6b-46f0-b376-36c68e33e3c2:group-8EE3C38B4941 changes to CANDIDATE, lastRpcTime:1042, electionTimeout:1041ms
2019-09-25 05:32:48,801 [Thread-1987] INFO  impl.RoleInfo (RoleInfo.java:shutdownFollowerState(121)) - 718f5985-af6b-46f0-b376-36c68e33e3c2: shutdown FollowerState
2019-09-25 05:32:48,801 [Thread-1987] INFO  impl.RaftServerImpl (RaftServerImpl.java:setRole(174)) - 718f5985-af6b-46f0-b376-36c68e33e3c2@group-8EE3C38B4941: changes role from  FOLLOWER to CANDIDATE at term 8 for changeToCandidate
2019-09-25 05:32:48,801 [Thread-1987] INFO  impl.RoleInfo (RoleInfo.java:updateAndGet(143)) - 718f5985-af6b-46f0-b376-36c68e33e3c2: start LeaderElection
2019-09-25 05:32:48,846 [Thread-1991] INFO  impl.FollowerState (FollowerState.java:run(106)) - 718f5985-af6b-46f0-b376-36c68e33e3c2:group-FABB21EF17C7 changes to CANDIDATE, lastRpcTime:1086, electionTimeout:1086ms
2019-09-25 05:32:48,846 [Thread-1991] INFO  impl.RoleInfo (RoleInfo.java:shutdownFollowerState(121)) - 718f5985-af6b-46f0-b376-36c68e33e3c2: shutdown FollowerState
2019-09-25 05:32:48,846 [Thread-1991] INFO  impl.RaftServerImpl (RaftServerImpl.java:setRole(174)) - 718f5985-af6b-46f0-b376-36c68e33e3c2@group-FABB21EF17C7: changes role from  FOLLOWER to CANDIDATE at term 8 for changeToCandidate
2019-09-25 05:32:48,847 [Thread-1991] INFO  impl.RoleInfo (RoleInfo.java:updateAndGet(143)) - 718f5985-af6b-46f0-b376-36c68e33e3c2: start LeaderElection
2019-09-25 05:32:48,903 [Thread-1993] INFO  impl.FollowerState (FollowerState.java:run(106)) - 74c765d4-ecbc-4161-b0d3-3f71a54c17e6:group-37D53FCFBDA2 changes to CANDIDATE, lastRpcTime:1142, electionTimeout:1142ms
2019-09-25 05:32:48,903 [Thread-1993] INFO  impl.RoleInfo (RoleInfo.java:shutdownFollowerState(121)) - 74c765d4-ecbc-4161-b0d3-3f71a54c17e6: shutdown FollowerState
2019-09-25 05:32:48,903 [Thread-1993] INFO  impl.RaftServerImpl (RaftServerImpl.java:setRole(174)) - 74c765d4-ecbc-4161-b0d3-3f71a54c17e6@group-37D53FCFBDA2: changes role from  FOLLOWER to CANDIDATE at term 4 for changeToCandidate
2019-09-25 05:32:48,903 [Thread-1993] INFO  impl.RoleInfo (RoleInfo.java:updateAndGet(143)) - 74c765d4-ecbc-4161-b0d3-3f71a54c17e6: start LeaderElection
2019-09-25 05:32:48,944 [Thread-1990] INFO  impl.FollowerState (FollowerState.java:run(106)) - 07d2a3d4-a08d-4ff2-9fee-7694a26bc9e9:group-19CC27109C97 changes to CANDIDATE, lastRpcTime:1185, electionTimeout:1184ms
2019-09-25 05:32:48,944 [Thread-1990] INFO  impl.RoleInfo (RoleInfo.java:shutdownFollowerState(121)) - 07d2a3d4-a08d-4ff2-9fee-7694a26bc9e9: shutdown FollowerState
2019-09-25 05:32:48,944 [Thread-1990] INFO  impl.RaftServerImpl (RaftServerImpl.java:setRole(174)) - 07d2a3d4-a08d-4ff2-9fee-7694a26bc9e9@group-19CC27109C97: changes role from  FOLLOWER to CANDIDATE at term 8 for changeToCandidate
2019-09-25 05:32:48,944 [Thread-1990] INFO  impl.RoleInfo (RoleInfo.java:updateAndGet(143)) - 07d2a3d4-a08d-4ff2-9fee-7694a26bc9e9: start LeaderElection
2019-09-25 05:32:48,953 [Thread-1988] INFO  impl.FollowerState (FollowerState.java:run(106)) - 07d2a3d4-a08d-4ff2-9fee-7694a26bc9e9:group-FABB21EF17C7 changes to CANDIDATE, lastRpcTime:1195, electionTimeout:1194ms
2019-09-25 05:32:48,953 [Thread-1988] INFO  impl.RoleInfo (RoleInfo.java:shutdownFollowerState(121)) - 07d2a3d4-a08d-4ff2-9fee-7694a26bc9e9: shutdown FollowerState
2019-09-25 05:32:48,953 [Thread-1988] INFO  impl.RaftServerImpl (RaftServerImpl.java:setRole(174)) - 07d2a3d4-a08d-4ff2-9fee-7694a26bc9e9@group-FABB21EF17C7: changes role from  FOLLOWER to CANDIDATE at term 8 for changeToCandidate
2019-09-25 05:32:48,954 [Thread-1988] INFO  impl.RoleInfo (RoleInfo.java:updateAndGet(143)) - 07d2a3d4-a08d-4ff2-9fee-7694a26bc9e9: start LeaderElection
2019-09-25 05:32:48,954 [Thread-1986] INFO  impl.FollowerState (FollowerState.java:run(106)) - 718f5985-af6b-46f0-b376-36c68e33e3c2:group-19CC27109C97 changes to CANDIDATE, lastRpcTime:1197, electionTimeout:1196ms
2019-09-25 05:32:48,954 [Thread-1986] INFO  impl.RoleInfo (RoleInfo.java:shutdownFollowerState(121)) - 718f5985-af6b-46f0-b376-36c68e33e3c2: shutdown FollowerState
2019-09-25 05:32:48,954 [Thread-1986] INFO  impl.RaftServerImpl (RaftServerImpl.java:setRole(174)) - 718f5985-af6b-46f0-b376-36c68e33e3c2@group-19CC27109C97: changes role from  FOLLOWER to CANDIDATE at term 8 for changeToCandidate
2019-09-25 05:32:48,954 [Thread-1986] INFO  impl.RoleInfo (RoleInfo.java:updateAndGet(143)) - 718f5985-af6b-46f0-b376-36c68e33e3c2: start LeaderElection
2019-09-25 05:32:48,958 [Thread-1992] INFO  impl.FollowerState (FollowerState.java:run(106)) - e40b1169-82c6-4268-9b48-d611605c3b5d:group-37D53FCFBDA2 changes to CANDIDATE, lastRpcTime:1197, electionTimeout:1197ms
2019-09-25 05:32:48,958 [Thread-1992] INFO  impl.RoleInfo (RoleInfo.java:shutdownFollowerState(121)) - e40b1169-82c6-4268-9b48-d611605c3b5d: shutdown FollowerState
2019-09-25 05:32:48,958 [Thread-1992] INFO  impl.RaftServerImpl (RaftServerImpl.java:setRole(174)) - e40b1169-82c6-4268-9b48-d611605c3b5d@group-37D53FCFBDA2: changes role from  FOLLOWER to CANDIDATE at term 4 for changeToCandidate
2019-09-25 05:32:48,958 [Thread-1992] INFO  impl.RoleInfo (RoleInfo.java:updateAndGet(143)) - e40b1169-82c6-4268-9b48-d611605c3b5d: start LeaderElection
2019-09-25 05:32:49,202 [718f5985-af6b-46f0-b376-36c68e33e3c2@group-FABB21EF17C7:LeaderElection316] INFO  impl.LeaderElection (LeaderElection.java:askForVotes(182)) - 718f5985-af6b-46f0-b376-36c68e33e3c2@group-FABB21EF17C7:LeaderElection316: begin an election at term 9 for -1: [07d2a3d4-a08d-4ff2-9fee-7694a26bc9e9:192.168.36.126:42527, 718f5985-af6b-46f0-b376-36c68e33e3c2:192.168.36.126:33516, 7d339ff4-0353-45b5-a855-49faf6b9a877:192.168.36.126:33810], old=null
2019-09-25 05:32:49,202 [07d2a3d4-a08d-4ff2-9fee-7694a26bc9e9@group-8EE3C38B4941:LeaderElection314] INFO  impl.LeaderElection (LeaderElection.java:askForVotes(182)) - 07d2a3d4-a08d-4ff2-9fee-7694a26bc9e9@group-8EE3C38B4941:LeaderElection314: begin an election at term 9 for -1: [07d2a3d4-a08d-4ff2-9fee-7694a26bc9e9:192.168.36.126:42527, 718f5985-af6b-46f0-b376-36c68e33e3c2:192.168.36.126:33516, 7d339ff4-0353-45b5-a855-49faf6b9a877:192.168.36.126:33810], old=null
2019-09-25 05:32:49,202 [718f5985-af6b-46f0-b376-36c68e33e3c2@group-8EE3C38B4941:LeaderElection315] INFO  impl.LeaderElection (LeaderElection.java:askForVotes(182)) - 718f5985-af6b-46f0-b376-36c68e33e3c2@group-8EE3C38B4941:LeaderElection315: begin an election at term 9 for -1: [07d2a3d4-a08d-4ff2-9fee-7694a26bc9e9:192.168.36.126:42527, 718f5985-af6b-46f0-b376-36c68e33e3c2:192.168.36.126:33516, 7d339ff4-0353-45b5-a855-49faf6b9a877:192.168.36.126:33810], old=null
2019-09-25 05:32:49,204 [718f5985-af6b-46f0-b376-36c68e33e3c2@group-19CC27109C97:LeaderElection320] INFO  impl.LeaderElection (LeaderElection.java:askForVotes(182)) - 718f5985-af6b-46f0-b376-36c68e33e3c2@group-19CC27109C97:LeaderElection320: begin an election at term 9 for -1: [07d2a3d4-a08d-4ff2-9fee-7694a26bc9e9:192.168.36.126:42527, 718f5985-af6b-46f0-b376-36c68e33e3c2:192.168.36.126:33516, 7d339ff4-0353-45b5-a855-49faf6b9a877:192.168.36.126:33810], old=null
2019-09-25 05:32:49,204 [07d2a3d4-a08d-4ff2-9fee-7694a26bc9e9@group-19CC27109C97:LeaderElection318] INFO  impl.LeaderElection (LeaderElection.java:askForVotes(182)) - 07d2a3d4-a08d-4ff2-9fee-7694a26bc9e9@group-19CC27109C97:LeaderElection318: begin an election at term 9 for -1: [07d2a3d4-a08d-4ff2-9fee-7694a26bc9e9:192.168.36.126:42527, 718f5985-af6b-46f0-b376-36c68e33e3c2:192.168.36.126:33516, 7d339ff4-0353-45b5-a855-49faf6b9a877:192.168.36.126:33810], old=null
2019-09-25 05:32:49,204 [07d2a3d4-a08d-4ff2-9fee-7694a26bc9e9@group-FABB21EF17C7:LeaderElection319] INFO  impl.LeaderElection (LeaderElection.java:askForVotes(182)) - 07d2a3d4-a08d-4ff2-9fee-7694a26bc9e9@group-FABB21EF17C7:LeaderElection319: begin an election at term 9 for -1: [07d2a3d4-a08d-4ff2-9fee-7694a26bc9e9:192.168.36.126:42527, 718f5985-af6b-46f0-b376-36c68e33e3c2:192.168.36.126:33516, 7d339ff4-0353-45b5-a855-49faf6b9a877:192.168.36.126:33810], old=null
2019-09-25 05:32:49,204 [74c765d4-ecbc-4161-b0d3-3f71a54c17e6@group-37D53FCFBDA2:LeaderElection317] INFO  impl.LeaderElection (LeaderElection.java:askForVotes(182)) - 74c765d4-ecbc-4161-b0d3-3f71a54c17e6@group-37D53FCFBDA2:LeaderElection317: begin an election at term 5 for -1: [e40b1169-82c6-4268-9b48-d611605c3b5d:192.168.36.126:46360, 74c765d4-ecbc-4161-b0d3-3f71a54c17e6:192.168.36.126:46193, 8ffa0edf-3bee-4748-91ab-c75ab538701e:192.168.36.126:35863], old=null
2019-09-25 05:32:49,204 [e40b1169-82c6-4268-9b48-d611605c3b5d@group-37D53FCFBDA2:LeaderElection321] INFO  impl.LeaderElection (LeaderElection.java:askForVotes(182)) - e40b1169-82c6-4268-9b48-d611605c3b5d@group-37D53FCFBDA2:LeaderElection321: begin an election at term 5 for -1: [e40b1169-82c6-4268-9b48-d611605c3b5d:192.168.36.126:46360, 74c765d4-ecbc-4161-b0d3-3f71a54c17e6:192.168.36.126:46193, 8ffa0edf-3bee-4748-91ab-c75ab538701e:192.168.36.126:35863], old=null
2019-09-25 05:32:49,204 [07d2a3d4-a08d-4ff2-9fee-7694a26bc9e9@group-8EE3C38B4941:LeaderElection314] INFO  impl.LeaderElection (LogUtils.java:infoOrTrace(149)) - 07d2a3d4-a08d-4ff2-9fee-7694a26bc9e9@group-8EE3C38B4941:LeaderElection314 got exception when requesting votes: {}
java.util.concurrent.ExecutionException: org.apache.ratis.thirdparty.io.grpc.StatusRuntimeException: UNAVAILABLE: io exception
	at java.util.concurrent.FutureTask.report(FutureTask.java:122)
	at java.util.concurrent.FutureTask.get(FutureTask.java:192)
	at org.apache.ratis.server.impl.LeaderElection.waitForResults(LeaderElection.java:263)
	at org.apache.ratis.server.impl.LeaderElection.askForVotes(LeaderElection.java:201)
	at org.apache.ratis.server.impl.LeaderElection.run(LeaderElection.java:133)
	at java.lang.Thread.run(Thread.java:748)
Caused by: org.apache.ratis.thirdparty.io.grpc.StatusRuntimeException: UNAVAILABLE: io exception
	at org.apache.ratis.thirdparty.io.grpc.stub.ClientCalls.toStatusRuntimeException(ClientCalls.java:233)
	at org.apache.ratis.thirdparty.io.grpc.stub.ClientCalls.getUnchecked(ClientCalls.java:214)
	at org.apache.ratis.thirdparty.io.grpc.stub.ClientCalls.blockingUnaryCall(ClientCalls.java:139)
	at org.apache.ratis.proto.grpc.RaftServerProtocolServiceGrpc$RaftServerProtocolServiceBlockingStub.requestVote(RaftServerProtocolServiceGrpc.java:265)
	at org.apache.ratis.grpc.server.GrpcServerProtocolClient.requestVote(GrpcServerProtocolClient.java:90)
	at org.apache.ratis.grpc.server.GrpcService.requestVote(GrpcService.java:204)
	at org.apache.ratis.server.impl.LeaderElection.lambda$submitRequests$1(LeaderElection.java:238)
	at java.util.concurrent.FutureTask.run(FutureTask.java:266)
	at java.util.concurrent.Executors$RunnableAdapter.call(Executors.java:511)
	at java.util.concurrent.FutureTask.run(FutureTask.java:266)
	at java.util.concurrent.ThreadPoolExecutor.runWorker(ThreadPoolExecutor.java:1149)
	at java.util.concurrent.ThreadPoolExecutor$Worker.run(ThreadPoolExecutor.java:624)
	... 1 more
Caused by: org.apache.ratis.thirdparty.io.netty.channel.AbstractChannel$AnnotatedConnectException: Connection refused: /192.168.36.126:33810
	at sun.nio.ch.SocketChannelImpl.checkConnect(Native Method)
	at sun.nio.ch.SocketChannelImpl.finishConnect(SocketChannelImpl.java:717)
	at org.apache.ratis.thirdparty.io.netty.channel.socket.nio.NioSocketChannel.doFinishConnect(NioSocketChannel.java:327)
	at org.apache.ratis.thirdparty.io.netty.channel.nio.AbstractNioChannel$AbstractNioUnsafe.finishConnect(AbstractNioChannel.java:340)
	at org.apache.ratis.thirdparty.io.netty.channel.nio.NioEventLoop.processSelectedKey(NioEventLoop.java:632)
	at org.apache.ratis.thirdparty.io.netty.channel.nio.NioEventLoop.processSelectedKeysOptimized(NioEventLoop.java:579)
	at org.apache.ratis.thirdparty.io.netty.channel.nio.NioEventLoop.processSelectedKeys(NioEventLoop.java:496)
	at org.apache.ratis.thirdparty.io.netty.channel.nio.NioEventLoop.run(NioEventLoop.java:458)
	at org.apache.ratis.thirdparty.io.netty.util.concurrent.SingleThreadEventExecutor$5.run(SingleThreadEventExecutor.java:897)
	at org.apache.ratis.thirdparty.io.netty.util.concurrent.FastThreadLocalRunnable.run(FastThreadLocalRunnable.java:30)
	... 1 more
Caused by: java.net.ConnectException: Connection refused
	... 11 more
2019-09-25 05:32:49,204 [718f5985-af6b-46f0-b376-36c68e33e3c2@group-FABB21EF17C7:LeaderElection316] INFO  impl.LeaderElection (LogUtils.java:infoOrTrace(149)) - 718f5985-af6b-46f0-b376-36c68e33e3c2@group-FABB21EF17C7:LeaderElection316 got exception when requesting votes: {}
java.util.concurrent.ExecutionException: org.apache.ratis.thirdparty.io.grpc.StatusRuntimeException: UNAVAILABLE: io exception
	at java.util.concurrent.FutureTask.report(FutureTask.java:122)
	at java.util.concurrent.FutureTask.get(FutureTask.java:192)
	at org.apache.ratis.server.impl.LeaderElection.waitForResults(LeaderElection.java:263)
	at org.apache.ratis.server.impl.LeaderElection.askForVotes(LeaderElection.java:201)
	at org.apache.ratis.server.impl.LeaderElection.run(LeaderElection.java:133)
	at java.lang.Thread.run(Thread.java:748)
Caused by: org.apache.ratis.thirdparty.io.grpc.StatusRuntimeException: UNAVAILABLE: io exception
	at org.apache.ratis.thirdparty.io.grpc.stub.ClientCalls.toStatusRuntimeException(ClientCalls.java:233)
	at org.apache.ratis.thirdparty.io.grpc.stub.ClientCalls.getUnchecked(ClientCalls.java:214)
	at org.apache.ratis.thirdparty.io.grpc.stub.ClientCalls.blockingUnaryCall(ClientCalls.java:139)
	at org.apache.ratis.proto.grpc.RaftServerProtocolServiceGrpc$RaftServerProtocolServiceBlockingStub.requestVote(RaftServerProtocolServiceGrpc.java:265)
	at org.apache.ratis.grpc.server.GrpcServerProtocolClient.requestVote(GrpcServerProtocolClient.java:90)
	at org.apache.ratis.grpc.server.GrpcService.requestVote(GrpcService.java:204)
	at org.apache.ratis.server.impl.LeaderElection.lambda$submitRequests$1(LeaderElection.java:238)
	at java.util.concurrent.FutureTask.run(FutureTask.java:266)
	at java.util.concurrent.Executors$RunnableAdapter.call(Executors.java:511)
	at java.util.concurrent.FutureTask.run(FutureTask.java:266)
	at java.util.concurrent.ThreadPoolExecutor.runWorker(ThreadPoolExecutor.java:1149)
	at java.util.concurrent.ThreadPoolExecutor$Worker.run(ThreadPoolExecutor.java:624)
	... 1 more
Caused by: org.apache.ratis.thirdparty.io.netty.channel.AbstractChannel$AnnotatedConnectException: Connection refused: /192.168.36.126:33810
	at sun.nio.ch.SocketChannelImpl.checkConnect(Native Method)
	at sun.nio.ch.SocketChannelImpl.finishConnect(SocketChannelImpl.java:717)
	at org.apache.ratis.thirdparty.io.netty.channel.socket.nio.NioSocketChannel.doFinishConnect(NioSocketChannel.java:327)
	at org.apache.ratis.thirdparty.io.netty.channel.nio.AbstractNioChannel$AbstractNioUnsafe.finishConnect(AbstractNioChannel.java:340)
	at org.apache.ratis.thirdparty.io.netty.channel.nio.NioEventLoop.processSelectedKey(NioEventLoop.java:632)
	at org.apache.ratis.thirdparty.io.netty.channel.nio.NioEventLoop.processSelectedKeysOptimized(NioEventLoop.java:579)
	at org.apache.ratis.thirdparty.io.netty.channel.nio.NioEventLoop.processSelectedKeys(NioEventLoop.java:496)
	at org.apache.ratis.thirdparty.io.netty.channel.nio.NioEventLoop.run(NioEventLoop.java:458)
	at org.apache.ratis.thirdparty.io.netty.util.concurrent.SingleThreadEventExecutor$5.run(SingleThreadEventExecutor.java:897)
	at org.apache.ratis.thirdparty.io.netty.util.concurrent.FastThreadLocalRunnable.run(FastThreadLocalRunnable.java:30)
	... 1 more
Caused by: java.net.ConnectException: Connection refused
	... 11 more
2019-09-25 05:32:49,206 [74c765d4-ecbc-4161-b0d3-3f71a54c17e6@group-37D53FCFBDA2:LeaderElection317] INFO  impl.LeaderElection (LogUtils.java:infoOrTrace(149)) - 74c765d4-ecbc-4161-b0d3-3f71a54c17e6@group-37D53FCFBDA2:LeaderElection317 got exception when requesting votes: {}
java.util.concurrent.ExecutionException: org.apache.ratis.thirdparty.io.grpc.StatusRuntimeException: UNAVAILABLE: io exception
	at java.util.concurrent.FutureTask.report(FutureTask.java:122)
	at java.util.concurrent.FutureTask.get(FutureTask.java:192)
	at org.apache.ratis.server.impl.LeaderElection.waitForResults(LeaderElection.java:263)
	at org.apache.ratis.server.impl.LeaderElection.askForVotes(LeaderElection.java:201)
	at org.apache.ratis.server.impl.LeaderElection.run(LeaderElection.java:133)
	at java.lang.Thread.run(Thread.java:748)
Caused by: org.apache.ratis.thirdparty.io.grpc.StatusRuntimeException: UNAVAILABLE: io exception
	at org.apache.ratis.thirdparty.io.grpc.stub.ClientCalls.toStatusRuntimeException(ClientCalls.java:233)
	at org.apache.ratis.thirdparty.io.grpc.stub.ClientCalls.getUnchecked(ClientCalls.java:214)
	at org.apache.ratis.thirdparty.io.grpc.stub.ClientCalls.blockingUnaryCall(ClientCalls.java:139)
	at org.apache.ratis.proto.grpc.RaftServerProtocolServiceGrpc$RaftServerProtocolServiceBlockingStub.requestVote(RaftServerProtocolServiceGrpc.java:265)
	at org.apache.ratis.grpc.server.GrpcServerProtocolClient.requestVote(GrpcServerProtocolClient.java:90)
	at org.apache.ratis.grpc.server.GrpcService.requestVote(GrpcService.java:204)
	at org.apache.ratis.server.impl.LeaderElection.lambda$submitRequests$1(LeaderElection.java:238)
	at java.util.concurrent.FutureTask.run(FutureTask.java:266)
	at java.util.concurrent.Executors$RunnableAdapter.call(Executors.java:511)
	at java.util.concurrent.FutureTask.run(FutureTask.java:266)
	at java.util.concurrent.ThreadPoolExecutor.runWorker(ThreadPoolExecutor.java:1149)
	at java.util.concurrent.ThreadPoolExecutor$Worker.run(ThreadPoolExecutor.java:624)
	... 1 more
Caused by: org.apache.ratis.thirdparty.io.netty.channel.AbstractChannel$AnnotatedConnectException: Connection refused: /192.168.36.126:35863
	at sun.nio.ch.SocketChannelImpl.checkConnect(Native Method)
	at sun.nio.ch.SocketChannelImpl.finishConnect(SocketChannelImpl.java:717)
	at org.apache.ratis.thirdparty.io.netty.channel.socket.nio.NioSocketChannel.doFinishConnect(NioSocketChannel.java:327)
	at org.apache.ratis.thirdparty.io.netty.channel.nio.AbstractNioChannel$AbstractNioUnsafe.finishConnect(AbstractNioChannel.java:340)
	at org.apache.ratis.thirdparty.io.netty.channel.nio.NioEventLoop.processSelectedKey(NioEventLoop.java:632)
	at org.apache.ratis.thirdparty.io.netty.channel.nio.NioEventLoop.processSelectedKeysOptimized(NioEventLoop.java:579)
	at org.apache.ratis.thirdparty.io.netty.channel.nio.NioEventLoop.processSelectedKeys(NioEventLoop.java:496)
	at org.apache.ratis.thirdparty.io.netty.channel.nio.NioEventLoop.run(NioEventLoop.java:458)
	at org.apache.ratis.thirdparty.io.netty.util.concurrent.SingleThreadEventExecutor$5.run(SingleThreadEventExecutor.java:897)
	at org.apache.ratis.thirdparty.io.netty.util.concurrent.FastThreadLocalRunnable.run(FastThreadLocalRunnable.java:30)
	... 1 more
Caused by: java.net.ConnectException: Connection refused
	... 11 more
2019-09-25 05:32:49,206 [07d2a3d4-a08d-4ff2-9fee-7694a26bc9e9@group-19CC27109C97:LeaderElection318] INFO  impl.LeaderElection (LogUtils.java:infoOrTrace(149)) - 07d2a3d4-a08d-4ff2-9fee-7694a26bc9e9@group-19CC27109C97:LeaderElection318 got exception when requesting votes: {}
java.util.concurrent.ExecutionException: org.apache.ratis.thirdparty.io.grpc.StatusRuntimeException: UNAVAILABLE: io exception
	at java.util.concurrent.FutureTask.report(FutureTask.java:122)
	at java.util.concurrent.FutureTask.get(FutureTask.java:192)
	at org.apache.ratis.server.impl.LeaderElection.waitForResults(LeaderElection.java:263)
	at org.apache.ratis.server.impl.LeaderElection.askForVotes(LeaderElection.java:201)
	at org.apache.ratis.server.impl.LeaderElection.run(LeaderElection.java:133)
	at java.lang.Thread.run(Thread.java:748)
Caused by: org.apache.ratis.thirdparty.io.grpc.StatusRuntimeException: UNAVAILABLE: io exception
	at org.apache.ratis.thirdparty.io.grpc.stub.ClientCalls.toStatusRuntimeException(ClientCalls.java:233)
	at org.apache.ratis.thirdparty.io.grpc.stub.ClientCalls.getUnchecked(ClientCalls.java:214)
	at org.apache.ratis.thirdparty.io.grpc.stub.ClientCalls.blockingUnaryCall(ClientCalls.java:139)
	at org.apache.ratis.proto.grpc.RaftServerProtocolServiceGrpc$RaftServerProtocolServiceBlockingStub.requestVote(RaftServerProtocolServiceGrpc.java:265)
	at org.apache.ratis.grpc.server.GrpcServerProtocolClient.requestVote(GrpcServerProtocolClient.java:90)
	at org.apache.ratis.grpc.server.GrpcService.requestVote(GrpcService.java:204)
	at org.apache.ratis.server.impl.LeaderElection.lambda$submitRequests$1(LeaderElection.java:238)
	at java.util.concurrent.FutureTask.run(FutureTask.java:266)
	at java.util.concurrent.Executors$RunnableAdapter.call(Executors.java:511)
	at java.util.concurrent.FutureTask.run(FutureTask.java:266)
	at java.util.concurrent.ThreadPoolExecutor.runWorker(ThreadPoolExecutor.java:1149)
	at java.util.concurrent.ThreadPoolExecutor$Worker.run(ThreadPoolExecutor.java:624)
	... 1 more
Caused by: org.apache.ratis.thirdparty.io.netty.channel.AbstractChannel$AnnotatedConnectException: Connection refused: /192.168.36.126:33810
	at sun.nio.ch.SocketChannelImpl.checkConnect(Native Method)
	at sun.nio.ch.SocketChannelImpl.finishConnect(SocketChannelImpl.java:717)
	at org.apache.ratis.thirdparty.io.netty.channel.socket.nio.NioSocketChannel.doFinishConnect(NioSocketChannel.java:327)
	at org.apache.ratis.thirdparty.io.netty.channel.nio.AbstractNioChannel$AbstractNioUnsafe.finishConnect(AbstractNioChannel.java:340)
	at org.apache.ratis.thirdparty.io.netty.channel.nio.NioEventLoop.processSelectedKey(NioEventLoop.java:632)
	at org.apache.ratis.thirdparty.io.netty.channel.nio.NioEventLoop.processSelectedKeysOptimized(NioEventLoop.java:579)
	at org.apache.ratis.thirdparty.io.netty.channel.nio.NioEventLoop.processSelectedKeys(NioEventLoop.java:496)
	at org.apache.ratis.thirdparty.io.netty.channel.nio.NioEventLoop.run(NioEventLoop.java:458)
	at org.apache.ratis.thirdparty.io.netty.util.concurrent.SingleThreadEventExecutor$5.run(SingleThreadEventExecutor.java:897)
	at org.apache.ratis.thirdparty.io.netty.util.concurrent.FastThreadLocalRunnable.run(FastThreadLocalRunnable.java:30)
	... 1 more
Caused by: java.net.ConnectException: Connection refused
	... 11 more
2019-09-25 05:32:49,205 [718f5985-af6b-46f0-b376-36c68e33e3c2@group-19CC27109C97:LeaderElection320] INFO  impl.LeaderElection (LogUtils.java:infoOrTrace(149)) - 718f5985-af6b-46f0-b376-36c68e33e3c2@group-19CC27109C97:LeaderElection320 got exception when requesting votes: {}
java.util.concurrent.ExecutionException: org.apache.ratis.thirdparty.io.grpc.StatusRuntimeException: UNAVAILABLE: io exception
	at java.util.concurrent.FutureTask.report(FutureTask.java:122)
	at java.util.concurrent.FutureTask.get(FutureTask.java:192)
	at org.apache.ratis.server.impl.LeaderElection.waitForResults(LeaderElection.java:263)
	at org.apache.ratis.server.impl.LeaderElection.askForVotes(LeaderElection.java:201)
	at org.apache.ratis.server.impl.LeaderElection.run(LeaderElection.java:133)
	at java.lang.Thread.run(Thread.java:748)
Caused by: org.apache.ratis.thirdparty.io.grpc.StatusRuntimeException: UNAVAILABLE: io exception
	at org.apache.ratis.thirdparty.io.grpc.stub.ClientCalls.toStatusRuntimeException(ClientCalls.java:233)
	at org.apache.ratis.thirdparty.io.grpc.stub.ClientCalls.getUnchecked(ClientCalls.java:214)
	at org.apache.ratis.thirdparty.io.grpc.stub.ClientCalls.blockingUnaryCall(ClientCalls.java:139)
	at org.apache.ratis.proto.grpc.RaftServerProtocolServiceGrpc$RaftServerProtocolServiceBlockingStub.requestVote(RaftServerProtocolServiceGrpc.java:265)
	at org.apache.ratis.grpc.server.GrpcServerProtocolClient.requestVote(GrpcServerProtocolClient.java:90)
	at org.apache.ratis.grpc.server.GrpcService.requestVote(GrpcService.java:204)
	at org.apache.ratis.server.impl.LeaderElection.lambda$submitRequests$1(LeaderElection.java:238)
	at java.util.concurrent.FutureTask.run(FutureTask.java:266)
	at java.util.concurrent.Executors$RunnableAdapter.call(Executors.java:511)
	at java.util.concurrent.FutureTask.run(FutureTask.java:266)
	at java.util.concurrent.ThreadPoolExecutor.runWorker(ThreadPoolExecutor.java:1149)
	at java.util.concurrent.ThreadPoolExecutor$Worker.run(ThreadPoolExecutor.java:624)
	... 1 more
Caused by: org.apache.ratis.thirdparty.io.netty.channel.AbstractChannel$AnnotatedConnectException: Connection refused: /192.168.36.126:33810
	at sun.nio.ch.SocketChannelImpl.checkConnect(Native Method)
	at sun.nio.ch.SocketChannelImpl.finishConnect(SocketChannelImpl.java:717)
	at org.apache.ratis.thirdparty.io.netty.channel.socket.nio.NioSocketChannel.doFinishConnect(NioSocketChannel.java:327)
	at org.apache.ratis.thirdparty.io.netty.channel.nio.AbstractNioChannel$AbstractNioUnsafe.finishConnect(AbstractNioChannel.java:340)
	at org.apache.ratis.thirdparty.io.netty.channel.nio.NioEventLoop.processSelectedKey(NioEventLoop.java:632)
	at org.apache.ratis.thirdparty.io.netty.channel.nio.NioEventLoop.processSelectedKeysOptimized(NioEventLoop.java:579)
	at org.apache.ratis.thirdparty.io.netty.channel.nio.NioEventLoop.processSelectedKeys(NioEventLoop.java:496)
	at org.apache.ratis.thirdparty.io.netty.channel.nio.NioEventLoop.run(NioEventLoop.java:458)
	at org.apache.ratis.thirdparty.io.netty.util.concurrent.SingleThreadEventExecutor$5.run(SingleThreadEventExecutor.java:897)
	at org.apache.ratis.thirdparty.io.netty.util.concurrent.FastThreadLocalRunnable.run(FastThreadLocalRunnable.java:30)
	... 1 more
Caused by: java.net.ConnectException: Connection refused
	... 11 more
2019-09-25 05:32:49,204 [718f5985-af6b-46f0-b376-36c68e33e3c2@group-8EE3C38B4941:LeaderElection315] INFO  impl.LeaderElection (LogUtils.java:infoOrTrace(149)) - 718f5985-af6b-46f0-b376-36c68e33e3c2@group-8EE3C38B4941:LeaderElection315 got exception when requesting votes: {}
java.util.concurrent.ExecutionException: org.apache.ratis.thirdparty.io.grpc.StatusRuntimeException: UNAVAILABLE: io exception
	at java.util.concurrent.FutureTask.report(FutureTask.java:122)
	at java.util.concurrent.FutureTask.get(FutureTask.java:192)
	at org.apache.ratis.server.impl.LeaderElection.waitForResults(LeaderElection.java:263)
	at org.apache.ratis.server.impl.LeaderElection.askForVotes(LeaderElection.java:201)
	at org.apache.ratis.server.impl.LeaderElection.run(LeaderElection.java:133)
	at java.lang.Thread.run(Thread.java:748)
Caused by: org.apache.ratis.thirdparty.io.grpc.StatusRuntimeException: UNAVAILABLE: io exception
	at org.apache.ratis.thirdparty.io.grpc.stub.ClientCalls.toStatusRuntimeException(ClientCalls.java:233)
	at org.apache.ratis.thirdparty.io.grpc.stub.ClientCalls.getUnchecked(ClientCalls.java:214)
	at org.apache.ratis.thirdparty.io.grpc.stub.ClientCalls.blockingUnaryCall(ClientCalls.java:139)
	at org.apache.ratis.proto.grpc.RaftServerProtocolServiceGrpc$RaftServerProtocolServiceBlockingStub.requestVote(RaftServerProtocolServiceGrpc.java:265)
	at org.apache.ratis.grpc.server.GrpcServerProtocolClient.requestVote(GrpcServerProtocolClient.java:90)
	at org.apache.ratis.grpc.server.GrpcService.requestVote(GrpcService.java:204)
	at org.apache.ratis.server.impl.LeaderElection.lambda$submitRequests$1(LeaderElection.java:238)
	at java.util.concurrent.FutureTask.run(FutureTask.java:266)
	at java.util.concurrent.Executors$RunnableAdapter.call(Executors.java:511)
	at java.util.concurrent.FutureTask.run(FutureTask.java:266)
	at java.util.concurrent.ThreadPoolExecutor.runWorker(ThreadPoolExecutor.java:1149)
	at java.util.concurrent.ThreadPoolExecutor$Worker.run(ThreadPoolExecutor.java:624)
	... 1 more
Caused by: org.apache.ratis.thirdparty.io.netty.channel.AbstractChannel$AnnotatedConnectException: Connection refused: /192.168.36.126:33810
	at sun.nio.ch.SocketChannelImpl.checkConnect(Native Method)
	at sun.nio.ch.SocketChannelImpl.finishConnect(SocketChannelImpl.java:717)
	at org.apache.ratis.thirdparty.io.netty.channel.socket.nio.NioSocketChannel.doFinishConnect(NioSocketChannel.java:327)
	at org.apache.ratis.thirdparty.io.netty.channel.nio.AbstractNioChannel$AbstractNioUnsafe.finishConnect(AbstractNioChannel.java:340)
	at org.apache.ratis.thirdparty.io.netty.channel.nio.NioEventLoop.processSelectedKey(NioEventLoop.java:632)
	at org.apache.ratis.thirdparty.io.netty.channel.nio.NioEventLoop.processSelectedKeysOptimized(NioEventLoop.java:579)
	at org.apache.ratis.thirdparty.io.netty.channel.nio.NioEventLoop.processSelectedKeys(NioEventLoop.java:496)
	at org.apache.ratis.thirdparty.io.netty.channel.nio.NioEventLoop.run(NioEventLoop.java:458)
	at org.apache.ratis.thirdparty.io.netty.util.concurrent.SingleThreadEventExecutor$5.run(SingleThreadEventExecutor.java:897)
	at org.apache.ratis.thirdparty.io.netty.util.concurrent.FastThreadLocalRunnable.run(FastThreadLocalRunnable.java:30)
	... 1 more
Caused by: java.net.ConnectException: Connection refused
	... 11 more
2019-09-25 05:32:49,206 [e40b1169-82c6-4268-9b48-d611605c3b5d@group-37D53FCFBDA2:LeaderElection321] INFO  impl.LeaderElection (LogUtils.java:infoOrTrace(149)) - e40b1169-82c6-4268-9b48-d611605c3b5d@group-37D53FCFBDA2:LeaderElection321 got exception when requesting votes: {}
java.util.concurrent.ExecutionException: org.apache.ratis.thirdparty.io.grpc.StatusRuntimeException: UNAVAILABLE: io exception
	at java.util.concurrent.FutureTask.report(FutureTask.java:122)
	at java.util.concurrent.FutureTask.get(FutureTask.java:192)
	at org.apache.ratis.server.impl.LeaderElection.waitForResults(LeaderElection.java:263)
	at org.apache.ratis.server.impl.LeaderElection.askForVotes(LeaderElection.java:201)
	at org.apache.ratis.server.impl.LeaderElection.run(LeaderElection.java:133)
	at java.lang.Thread.run(Thread.java:748)
Caused by: org.apache.ratis.thirdparty.io.grpc.StatusRuntimeException: UNAVAILABLE: io exception
	at org.apache.ratis.thirdparty.io.grpc.stub.ClientCalls.toStatusRuntimeException(ClientCalls.java:233)
	at org.apache.ratis.thirdparty.io.grpc.stub.ClientCalls.getUnchecked(ClientCalls.java:214)
	at org.apache.ratis.thirdparty.io.grpc.stub.ClientCalls.blockingUnaryCall(ClientCalls.java:139)
	at org.apache.ratis.proto.grpc.RaftServerProtocolServiceGrpc$RaftServerProtocolServiceBlockingStub.requestVote(RaftServerProtocolServiceGrpc.java:265)
	at org.apache.ratis.grpc.server.GrpcServerProtocolClient.requestVote(GrpcServerProtocolClient.java:90)
	at org.apache.ratis.grpc.server.GrpcService.requestVote(GrpcService.java:204)
	at org.apache.ratis.server.impl.LeaderElection.lambda$submitRequests$1(LeaderElection.java:238)
	at java.util.concurrent.FutureTask.run(FutureTask.java:266)
	at java.util.concurrent.Executors$RunnableAdapter.call(Executors.java:511)
	at java.util.concurrent.FutureTask.run(FutureTask.java:266)
	at java.util.concurrent.ThreadPoolExecutor.runWorker(ThreadPoolExecutor.java:1149)
	at java.util.concurrent.ThreadPoolExecutor$Worker.run(ThreadPoolExecutor.java:624)
	... 1 more
Caused by: org.apache.ratis.thirdparty.io.netty.channel.AbstractChannel$AnnotatedConnectException: Connection refused: /192.168.36.126:35863
	at sun.nio.ch.SocketChannelImpl.checkConnect(Native Method)
	at sun.nio.ch.SocketChannelImpl.finishConnect(SocketChannelImpl.java:717)
	at org.apache.ratis.thirdparty.io.netty.channel.socket.nio.NioSocketChannel.doFinishConnect(NioSocketChannel.java:327)
	at org.apache.ratis.thirdparty.io.netty.channel.nio.AbstractNioChannel$AbstractNioUnsafe.finishConnect(AbstractNioChannel.java:340)
	at org.apache.ratis.thirdparty.io.netty.channel.nio.NioEventLoop.processSelectedKey(NioEventLoop.java:632)
	at org.apache.ratis.thirdparty.io.netty.channel.nio.NioEventLoop.processSelectedKeysOptimized(NioEventLoop.java:579)
	at org.apache.ratis.thirdparty.io.netty.channel.nio.NioEventLoop.processSelectedKeys(NioEventLoop.java:496)
	at org.apache.ratis.thirdparty.io.netty.channel.nio.NioEventLoop.run(NioEventLoop.java:458)
	at org.apache.ratis.thirdparty.io.netty.util.concurrent.SingleThreadEventExecutor$5.run(SingleThreadEventExecutor.java:897)
	at org.apache.ratis.thirdparty.io.netty.util.concurrent.FastThreadLocalRunnable.run(FastThreadLocalRunnable.java:30)
	... 1 more
Caused by: java.net.ConnectException: Connection refused
	... 11 more
2019-09-25 05:32:49,206 [07d2a3d4-a08d-4ff2-9fee-7694a26bc9e9@group-FABB21EF17C7:LeaderElection319] INFO  impl.LeaderElection (LogUtils.java:infoOrTrace(149)) - 07d2a3d4-a08d-4ff2-9fee-7694a26bc9e9@group-FABB21EF17C7:LeaderElection319 got exception when requesting votes: {}
java.util.concurrent.ExecutionException: org.apache.ratis.thirdparty.io.grpc.StatusRuntimeException: UNAVAILABLE: io exception
	at java.util.concurrent.FutureTask.report(FutureTask.java:122)
	at java.util.concurrent.FutureTask.get(FutureTask.java:192)
	at org.apache.ratis.server.impl.LeaderElection.waitForResults(LeaderElection.java:263)
	at org.apache.ratis.server.impl.LeaderElection.askForVotes(LeaderElection.java:201)
	at org.apache.ratis.server.impl.LeaderElection.run(LeaderElection.java:133)
	at java.lang.Thread.run(Thread.java:748)
Caused by: org.apache.ratis.thirdparty.io.grpc.StatusRuntimeException: UNAVAILABLE: io exception
	at org.apache.ratis.thirdparty.io.grpc.stub.ClientCalls.toStatusRuntimeException(ClientCalls.java:233)
	at org.apache.ratis.thirdparty.io.grpc.stub.ClientCalls.getUnchecked(ClientCalls.java:214)
	at org.apache.ratis.thirdparty.io.grpc.stub.ClientCalls.blockingUnaryCall(ClientCalls.java:139)
	at org.apache.ratis.proto.grpc.RaftServerProtocolServiceGrpc$RaftServerProtocolServiceBlockingStub.requestVote(RaftServerProtocolServiceGrpc.java:265)
	at org.apache.ratis.grpc.server.GrpcServerProtocolClient.requestVote(GrpcServerProtocolClient.java:90)
	at org.apache.ratis.grpc.server.GrpcService.requestVote(GrpcService.java:204)
	at org.apache.ratis.server.impl.LeaderElection.lambda$submitRequests$1(LeaderElection.java:238)
	at java.util.concurrent.FutureTask.run(FutureTask.java:266)
	at java.util.concurrent.Executors$RunnableAdapter.call(Executors.java:511)
	at java.util.concurrent.FutureTask.run(FutureTask.java:266)
	at java.util.concurrent.ThreadPoolExecutor.runWorker(ThreadPoolExecutor.java:1149)
	at java.util.concurrent.ThreadPoolExecutor$Worker.run(ThreadPoolExecutor.java:624)
	... 1 more
Caused by: org.apache.ratis.thirdparty.io.netty.channel.AbstractChannel$AnnotatedConnectException: Connection refused: /192.168.36.126:33810
	at sun.nio.ch.SocketChannelImpl.checkConnect(Native Method)
	at sun.nio.ch.SocketChannelImpl.finishConnect(SocketChannelImpl.java:717)
	at org.apache.ratis.thirdparty.io.netty.channel.socket.nio.NioSocketChannel.doFinishConnect(NioSocketChannel.java:327)
	at org.apache.ratis.thirdparty.io.netty.channel.nio.AbstractNioChannel$AbstractNioUnsafe.finishConnect(AbstractNioChannel.java:340)
	at org.apache.ratis.thirdparty.io.netty.channel.nio.NioEventLoop.processSelectedKey(NioEventLoop.java:632)
	at org.apache.ratis.thirdparty.io.netty.channel.nio.NioEventLoop.processSelectedKeysOptimized(NioEventLoop.java:579)
	at org.apache.ratis.thirdparty.io.netty.channel.nio.NioEventLoop.processSelectedKeys(NioEventLoop.java:496)
	at org.apache.ratis.thirdparty.io.netty.channel.nio.NioEventLoop.run(NioEventLoop.java:458)
	at org.apache.ratis.thirdparty.io.netty.util.concurrent.SingleThreadEventExecutor$5.run(SingleThreadEventExecutor.java:897)
	at org.apache.ratis.thirdparty.io.netty.util.concurrent.FastThreadLocalRunnable.run(FastThreadLocalRunnable.java:30)
	... 1 more
Caused by: java.net.ConnectException: Connection refused
	... 11 more
2019-09-25 05:32:49,208 [e40b1169-82c6-4268-9b48-d611605c3b5d@group-37D53FCFBDA2:LeaderElection321] INFO  impl.LeaderElection (LeaderElection.java:logAndReturn(56)) - e40b1169-82c6-4268-9b48-d611605c3b5d@group-37D53FCFBDA2:LeaderElection321: Election REJECTED; received 1 response(s) [e40b1169-82c6-4268-9b48-d611605c3b5d<-74c765d4-ecbc-4161-b0d3-3f71a54c17e6#0:FAIL-t5] and 1 exception(s); e40b1169-82c6-4268-9b48-d611605c3b5d@group-37D53FCFBDA2:t5, leader=null, voted=e40b1169-82c6-4268-9b48-d611605c3b5d, raftlog=e40b1169-82c6-4268-9b48-d611605c3b5d@group-37D53FCFBDA2-SegmentedRaftLog:OPENED:c-1,f-1,i0, conf=-1: [e40b1169-82c6-4268-9b48-d611605c3b5d:192.168.36.126:46360, 74c765d4-ecbc-4161-b0d3-3f71a54c17e6:192.168.36.126:46193, 8ffa0edf-3bee-4748-91ab-c75ab538701e:192.168.36.126:35863], old=null
2019-09-25 05:32:49,209 [e40b1169-82c6-4268-9b48-d611605c3b5d@group-37D53FCFBDA2:LeaderElection321] INFO  impl.LeaderElection (LogUtils.java:infoOrTrace(149)) -   Exception 0: {}
java.util.concurrent.ExecutionException: org.apache.ratis.thirdparty.io.grpc.StatusRuntimeException: UNAVAILABLE: io exception
	at java.util.concurrent.FutureTask.report(FutureTask.java:122)
	at java.util.concurrent.FutureTask.get(FutureTask.java:192)
	at org.apache.ratis.server.impl.LeaderElection.waitForResults(LeaderElection.java:263)
	at org.apache.ratis.server.impl.LeaderElection.askForVotes(LeaderElection.java:201)
	at org.apache.ratis.server.impl.LeaderElection.run(LeaderElection.java:133)
	at java.lang.Thread.run(Thread.java:748)
Caused by: org.apache.ratis.thirdparty.io.grpc.StatusRuntimeException: UNAVAILABLE: io exception
	at org.apache.ratis.thirdparty.io.grpc.stub.ClientCalls.toStatusRuntimeException(ClientCalls.java:233)
	at org.apache.ratis.thirdparty.io.grpc.stub.ClientCalls.getUnchecked(ClientCalls.java:214)
	at org.apache.ratis.thirdparty.io.grpc.stub.ClientCalls.blockingUnaryCall(ClientCalls.java:139)
	at org.apache.ratis.proto.grpc.RaftServerProtocolServiceGrpc$RaftServerProtocolServiceBlockingStub.requestVote(RaftServerProtocolServiceGrpc.java:265)
	at org.apache.ratis.grpc.server.GrpcServerProtocolClient.requestVote(GrpcServerProtocolClient.java:90)
	at org.apache.ratis.grpc.server.GrpcService.requestVote(GrpcService.java:204)
	at org.apache.ratis.server.impl.LeaderElection.lambda$submitRequests$1(LeaderElection.java:238)
	at java.util.concurrent.FutureTask.run(FutureTask.java:266)
	at java.util.concurrent.Executors$RunnableAdapter.call(Executors.java:511)
	at java.util.concurrent.FutureTask.run(FutureTask.java:266)
	at java.util.concurrent.ThreadPoolExecutor.runWorker(ThreadPoolExecutor.java:1149)
	at java.util.concurrent.ThreadPoolExecutor$Worker.run(ThreadPoolExecutor.java:624)
	... 1 more
Caused by: org.apache.ratis.thirdparty.io.netty.channel.AbstractChannel$AnnotatedConnectException: Connection refused: /192.168.36.126:35863
	at sun.nio.ch.SocketChannelImpl.checkConnect(Native Method)
	at sun.nio.ch.SocketChannelImpl.finishConnect(SocketChannelImpl.java:717)
	at org.apache.ratis.thirdparty.io.netty.channel.socket.nio.NioSocketChannel.doFinishConnect(NioSocketChannel.java:327)
	at org.apache.ratis.thirdparty.io.netty.channel.nio.AbstractNioChannel$AbstractNioUnsafe.finishConnect(AbstractNioChannel.java:340)
	at org.apache.ratis.thirdparty.io.netty.channel.nio.NioEventLoop.processSelectedKey(NioEventLoop.java:632)
	at org.apache.ratis.thirdparty.io.netty.channel.nio.NioEventLoop.processSelectedKeysOptimized(NioEventLoop.java:579)
	at org.apache.ratis.thirdparty.io.netty.channel.nio.NioEventLoop.processSelectedKeys(NioEventLoop.java:496)
	at org.apache.ratis.thirdparty.io.netty.channel.nio.NioEventLoop.run(NioEventLoop.java:458)
	at org.apache.ratis.thirdparty.io.netty.util.concurrent.SingleThreadEventExecutor$5.run(SingleThreadEventExecutor.java:897)
	at org.apache.ratis.thirdparty.io.netty.util.concurrent.FastThreadLocalRunnable.run(FastThreadLocalRunnable.java:30)
	... 1 more
Caused by: java.net.ConnectException: Connection refused
	... 11 more
2019-09-25 05:32:49,209 [07d2a3d4-a08d-4ff2-9fee-7694a26bc9e9@group-FABB21EF17C7:LeaderElection319] INFO  impl.LeaderElection (LeaderElection.java:logAndReturn(56)) - 07d2a3d4-a08d-4ff2-9fee-7694a26bc9e9@group-FABB21EF17C7:LeaderElection319: Election REJECTED; received 1 response(s) [07d2a3d4-a08d-4ff2-9fee-7694a26bc9e9<-718f5985-af6b-46f0-b376-36c68e33e3c2#0:FAIL-t9] and 1 exception(s); 07d2a3d4-a08d-4ff2-9fee-7694a26bc9e9@group-FABB21EF17C7:t9, leader=null, voted=07d2a3d4-a08d-4ff2-9fee-7694a26bc9e9, raftlog=07d2a3d4-a08d-4ff2-9fee-7694a26bc9e9@group-FABB21EF17C7-SegmentedRaftLog:OPENED:c-1,f-1,i0, conf=-1: [07d2a3d4-a08d-4ff2-9fee-7694a26bc9e9:192.168.36.126:42527, 718f5985-af6b-46f0-b376-36c68e33e3c2:192.168.36.126:33516, 7d339ff4-0353-45b5-a855-49faf6b9a877:192.168.36.126:33810], old=null
2019-09-25 05:32:49,209 [07d2a3d4-a08d-4ff2-9fee-7694a26bc9e9@group-8EE3C38B4941:LeaderElection314] INFO  impl.LeaderElection (LeaderElection.java:logAndReturn(56)) - 07d2a3d4-a08d-4ff2-9fee-7694a26bc9e9@group-8EE3C38B4941:LeaderElection314: Election REJECTED; received 1 response(s) [07d2a3d4-a08d-4ff2-9fee-7694a26bc9e9<-718f5985-af6b-46f0-b376-36c68e33e3c2#0:FAIL-t9] and 1 exception(s); 07d2a3d4-a08d-4ff2-9fee-7694a26bc9e9@group-8EE3C38B4941:t9, leader=null, voted=07d2a3d4-a08d-4ff2-9fee-7694a26bc9e9, raftlog=07d2a3d4-a08d-4ff2-9fee-7694a26bc9e9@group-8EE3C38B4941-SegmentedRaftLog:OPENED:c-1,f-1,i0, conf=-1: [07d2a3d4-a08d-4ff2-9fee-7694a26bc9e9:192.168.36.126:42527, 718f5985-af6b-46f0-b376-36c68e33e3c2:192.168.36.126:33516, 7d339ff4-0353-45b5-a855-49faf6b9a877:192.168.36.126:33810], old=null
2019-09-25 05:32:49,209 [07d2a3d4-a08d-4ff2-9fee-7694a26bc9e9@group-19CC27109C97:LeaderElection318] INFO  impl.LeaderElection (LeaderElection.java:logAndReturn(56)) - 07d2a3d4-a08d-4ff2-9fee-7694a26bc9e9@group-19CC27109C97:LeaderElection318: Election REJECTED; received 1 response(s) [07d2a3d4-a08d-4ff2-9fee-7694a26bc9e9<-718f5985-af6b-46f0-b376-36c68e33e3c2#0:FAIL-t9] and 1 exception(s); 07d2a3d4-a08d-4ff2-9fee-7694a26bc9e9@group-19CC27109C97:t9, leader=null, voted=07d2a3d4-a08d-4ff2-9fee-7694a26bc9e9, raftlog=07d2a3d4-a08d-4ff2-9fee-7694a26bc9e9@group-19CC27109C97-SegmentedRaftLog:OPENED:c-1,f-1,i0, conf=-1: [07d2a3d4-a08d-4ff2-9fee-7694a26bc9e9:192.168.36.126:42527, 718f5985-af6b-46f0-b376-36c68e33e3c2:192.168.36.126:33516, 7d339ff4-0353-45b5-a855-49faf6b9a877:192.168.36.126:33810], old=null
2019-09-25 05:32:49,209 [718f5985-af6b-46f0-b376-36c68e33e3c2@group-19CC27109C97:LeaderElection320] INFO  impl.LeaderElection (LeaderElection.java:logAndReturn(56)) - 718f5985-af6b-46f0-b376-36c68e33e3c2@group-19CC27109C97:LeaderElection320: Election REJECTED; received 1 response(s) [718f5985-af6b-46f0-b376-36c68e33e3c2<-07d2a3d4-a08d-4ff2-9fee-7694a26bc9e9#0:FAIL-t9] and 1 exception(s); 718f5985-af6b-46f0-b376-36c68e33e3c2@group-19CC27109C97:t9, leader=null, voted=718f5985-af6b-46f0-b376-36c68e33e3c2, raftlog=718f5985-af6b-46f0-b376-36c68e33e3c2@group-19CC27109C97-SegmentedRaftLog:OPENED:c-1,f-1,i0, conf=-1: [07d2a3d4-a08d-4ff2-9fee-7694a26bc9e9:192.168.36.126:42527, 718f5985-af6b-46f0-b376-36c68e33e3c2:192.168.36.126:33516, 7d339ff4-0353-45b5-a855-49faf6b9a877:192.168.36.126:33810], old=null
2019-09-25 05:32:49,210 [718f5985-af6b-46f0-b376-36c68e33e3c2@group-19CC27109C97:LeaderElection320] INFO  impl.LeaderElection (LogUtils.java:infoOrTrace(149)) -   Exception 0: {}
java.util.concurrent.ExecutionException: org.apache.ratis.thirdparty.io.grpc.StatusRuntimeException: UNAVAILABLE: io exception
	at java.util.concurrent.FutureTask.report(FutureTask.java:122)
	at java.util.concurrent.FutureTask.get(FutureTask.java:192)
	at org.apache.ratis.server.impl.LeaderElection.waitForResults(LeaderElection.java:263)
	at org.apache.ratis.server.impl.LeaderElection.askForVotes(LeaderElection.java:201)
	at org.apache.ratis.server.impl.LeaderElection.run(LeaderElection.java:133)
	at java.lang.Thread.run(Thread.java:748)
Caused by: org.apache.ratis.thirdparty.io.grpc.StatusRuntimeException: UNAVAILABLE: io exception
	at org.apache.ratis.thirdparty.io.grpc.stub.ClientCalls.toStatusRuntimeException(ClientCalls.java:233)
	at org.apache.ratis.thirdparty.io.grpc.stub.ClientCalls.getUnchecked(ClientCalls.java:214)
	at org.apache.ratis.thirdparty.io.grpc.stub.ClientCalls.blockingUnaryCall(ClientCalls.java:139)
	at org.apache.ratis.proto.grpc.RaftServerProtocolServiceGrpc$RaftServerProtocolServiceBlockingStub.requestVote(RaftServerProtocolServiceGrpc.java:265)
	at org.apache.ratis.grpc.server.GrpcServerProtocolClient.requestVote(GrpcServerProtocolClient.java:90)
	at org.apache.ratis.grpc.server.GrpcService.requestVote(GrpcService.java:204)
	at org.apache.ratis.server.impl.LeaderElection.lambda$submitRequests$1(LeaderElection.java:238)
	at java.util.concurrent.FutureTask.run(FutureTask.java:266)
	at java.util.concurrent.Executors$RunnableAdapter.call(Executors.java:511)
	at java.util.concurrent.FutureTask.run(FutureTask.java:266)
	at java.util.concurrent.ThreadPoolExecutor.runWorker(ThreadPoolExecutor.java:1149)
	at java.util.concurrent.ThreadPoolExecutor$Worker.run(ThreadPoolExecutor.java:624)
	... 1 more
Caused by: org.apache.ratis.thirdparty.io.netty.channel.AbstractChannel$AnnotatedConnectException: Connection refused: /192.168.36.126:33810
	at sun.nio.ch.SocketChannelImpl.checkConnect(Native Method)
	at sun.nio.ch.SocketChannelImpl.finishConnect(SocketChannelImpl.java:717)
	at org.apache.ratis.thirdparty.io.netty.channel.socket.nio.NioSocketChannel.doFinishConnect(NioSocketChannel.java:327)
	at org.apache.ratis.thirdparty.io.netty.channel.nio.AbstractNioChannel$AbstractNioUnsafe.finishConnect(AbstractNioChannel.java:340)
	at org.apache.ratis.thirdparty.io.netty.channel.nio.NioEventLoop.processSelectedKey(NioEventLoop.java:632)
	at org.apache.ratis.thirdparty.io.netty.channel.nio.NioEventLoop.processSelectedKeysOptimized(NioEventLoop.java:579)
	at org.apache.ratis.thirdparty.io.netty.channel.nio.NioEventLoop.processSelectedKeys(NioEventLoop.java:496)
	at org.apache.ratis.thirdparty.io.netty.channel.nio.NioEventLoop.run(NioEventLoop.java:458)
	at org.apache.ratis.thirdparty.io.netty.util.concurrent.SingleThreadEventExecutor$5.run(SingleThreadEventExecutor.java:897)
	at org.apache.ratis.thirdparty.io.netty.util.concurrent.FastThreadLocalRunnable.run(FastThreadLocalRunnable.java:30)
	... 1 more
Caused by: java.net.ConnectException: Connection refused
	... 11 more
2019-09-25 05:32:49,209 [07d2a3d4-a08d-4ff2-9fee-7694a26bc9e9@group-FABB21EF17C7:LeaderElection319] INFO  impl.LeaderElection (LogUtils.java:infoOrTrace(149)) -   Exception 0: {}
java.util.concurrent.ExecutionException: org.apache.ratis.thirdparty.io.grpc.StatusRuntimeException: UNAVAILABLE: io exception
	at java.util.concurrent.FutureTask.report(FutureTask.java:122)
	at java.util.concurrent.FutureTask.get(FutureTask.java:192)
	at org.apache.ratis.server.impl.LeaderElection.waitForResults(LeaderElection.java:263)
	at org.apache.ratis.server.impl.LeaderElection.askForVotes(LeaderElection.java:201)
	at org.apache.ratis.server.impl.LeaderElection.run(LeaderElection.java:133)
	at java.lang.Thread.run(Thread.java:748)
Caused by: org.apache.ratis.thirdparty.io.grpc.StatusRuntimeException: UNAVAILABLE: io exception
	at org.apache.ratis.thirdparty.io.grpc.stub.ClientCalls.toStatusRuntimeException(ClientCalls.java:233)
	at org.apache.ratis.thirdparty.io.grpc.stub.ClientCalls.getUnchecked(ClientCalls.java:214)
	at org.apache.ratis.thirdparty.io.grpc.stub.ClientCalls.blockingUnaryCall(ClientCalls.java:139)
	at org.apache.ratis.proto.grpc.RaftServerProtocolServiceGrpc$RaftServerProtocolServiceBlockingStub.requestVote(RaftServerProtocolServiceGrpc.java:265)
	at org.apache.ratis.grpc.server.GrpcServerProtocolClient.requestVote(GrpcServerProtocolClient.java:90)
	at org.apache.ratis.grpc.server.GrpcService.requestVote(GrpcService.java:204)
	at org.apache.ratis.server.impl.LeaderElection.lambda$submitRequests$1(LeaderElection.java:238)
	at java.util.concurrent.FutureTask.run(FutureTask.java:266)
	at java.util.concurrent.Executors$RunnableAdapter.call(Executors.java:511)
	at java.util.concurrent.FutureTask.run(FutureTask.java:266)
	at java.util.concurrent.ThreadPoolExecutor.runWorker(ThreadPoolExecutor.java:1149)
	at java.util.concurrent.ThreadPoolExecutor$Worker.run(ThreadPoolExecutor.java:624)
	... 1 more
Caused by: org.apache.ratis.thirdparty.io.netty.channel.AbstractChannel$AnnotatedConnectException: Connection refused: /192.168.36.126:33810
	at sun.nio.ch.SocketChannelImpl.checkConnect(Native Method)
	at sun.nio.ch.SocketChannelImpl.finishConnect(SocketChannelImpl.java:717)
	at org.apache.ratis.thirdparty.io.netty.channel.socket.nio.NioSocketChannel.doFinishConnect(NioSocketChannel.java:327)
	at org.apache.ratis.thirdparty.io.netty.channel.nio.AbstractNioChannel$AbstractNioUnsafe.finishConnect(AbstractNioChannel.java:340)
	at org.apache.ratis.thirdparty.io.netty.channel.nio.NioEventLoop.processSelectedKey(NioEventLoop.java:632)
	at org.apache.ratis.thirdparty.io.netty.channel.nio.NioEventLoop.processSelectedKeysOptimized(NioEventLoop.java:579)
	at org.apache.ratis.thirdparty.io.netty.channel.nio.NioEventLoop.processSelectedKeys(NioEventLoop.java:496)
	at org.apache.ratis.thirdparty.io.netty.channel.nio.NioEventLoop.run(NioEventLoop.java:458)
	at org.apache.ratis.thirdparty.io.netty.util.concurrent.SingleThreadEventExecutor$5.run(SingleThreadEventExecutor.java:897)
	at org.apache.ratis.thirdparty.io.netty.util.concurrent.FastThreadLocalRunnable.run(FastThreadLocalRunnable.java:30)
	... 1 more
Caused by: java.net.ConnectException: Connection refused
	... 11 more
2019-09-25 05:32:49,209 [718f5985-af6b-46f0-b376-36c68e33e3c2@group-FABB21EF17C7:LeaderElection316] INFO  impl.LeaderElection (LeaderElection.java:logAndReturn(56)) - 718f5985-af6b-46f0-b376-36c68e33e3c2@group-FABB21EF17C7:LeaderElection316: Election REJECTED; received 1 response(s) [718f5985-af6b-46f0-b376-36c68e33e3c2<-07d2a3d4-a08d-4ff2-9fee-7694a26bc9e9#0:FAIL-t9] and 1 exception(s); 718f5985-af6b-46f0-b376-36c68e33e3c2@group-FABB21EF17C7:t9, leader=null, voted=718f5985-af6b-46f0-b376-36c68e33e3c2, raftlog=718f5985-af6b-46f0-b376-36c68e33e3c2@group-FABB21EF17C7-SegmentedRaftLog:OPENED:c-1,f-1,i0, conf=-1: [07d2a3d4-a08d-4ff2-9fee-7694a26bc9e9:192.168.36.126:42527, 718f5985-af6b-46f0-b376-36c68e33e3c2:192.168.36.126:33516, 7d339ff4-0353-45b5-a855-49faf6b9a877:192.168.36.126:33810], old=null
2019-09-25 05:32:49,209 [e40b1169-82c6-4268-9b48-d611605c3b5d@group-37D53FCFBDA2:LeaderElection321] INFO  impl.RaftServerImpl (RaftServerImpl.java:setRole(174)) - e40b1169-82c6-4268-9b48-d611605c3b5d@group-37D53FCFBDA2: changes role from CANDIDATE to FOLLOWER at term 5 for DISCOVERED_A_NEW_TERM
2019-09-25 05:32:49,209 [718f5985-af6b-46f0-b376-36c68e33e3c2@group-8EE3C38B4941:LeaderElection315] INFO  impl.LeaderElection (LeaderElection.java:logAndReturn(56)) - 718f5985-af6b-46f0-b376-36c68e33e3c2@group-8EE3C38B4941:LeaderElection315: Election REJECTED; received 1 response(s) [718f5985-af6b-46f0-b376-36c68e33e3c2<-07d2a3d4-a08d-4ff2-9fee-7694a26bc9e9#0:FAIL-t9] and 1 exception(s); 718f5985-af6b-46f0-b376-36c68e33e3c2@group-8EE3C38B4941:t9, leader=null, voted=718f5985-af6b-46f0-b376-36c68e33e3c2, raftlog=718f5985-af6b-46f0-b376-36c68e33e3c2@group-8EE3C38B4941-SegmentedRaftLog:OPENED:c-1,f-1,i0, conf=-1: [07d2a3d4-a08d-4ff2-9fee-7694a26bc9e9:192.168.36.126:42527, 718f5985-af6b-46f0-b376-36c68e33e3c2:192.168.36.126:33516, 7d339ff4-0353-45b5-a855-49faf6b9a877:192.168.36.126:33810], old=null
2019-09-25 05:32:49,211 [e40b1169-82c6-4268-9b48-d611605c3b5d@group-37D53FCFBDA2:LeaderElection321] INFO  impl.RoleInfo (RoleInfo.java:shutdownLeaderElection(134)) - e40b1169-82c6-4268-9b48-d611605c3b5d: shutdown LeaderElection
2019-09-25 05:32:49,211 [718f5985-af6b-46f0-b376-36c68e33e3c2@group-FABB21EF17C7:LeaderElection316] INFO  impl.LeaderElection (LogUtils.java:infoOrTrace(149)) -   Exception 0: {}
java.util.concurrent.ExecutionException: org.apache.ratis.thirdparty.io.grpc.StatusRuntimeException: UNAVAILABLE: io exception
	at java.util.concurrent.FutureTask.report(FutureTask.java:122)
	at java.util.concurrent.FutureTask.get(FutureTask.java:192)
	at org.apache.ratis.server.impl.LeaderElection.waitForResults(LeaderElection.java:263)
	at org.apache.ratis.server.impl.LeaderElection.askForVotes(LeaderElection.java:201)
	at org.apache.ratis.server.impl.LeaderElection.run(LeaderElection.java:133)
	at java.lang.Thread.run(Thread.java:748)
Caused by: org.apache.ratis.thirdparty.io.grpc.StatusRuntimeException: UNAVAILABLE: io exception
	at org.apache.ratis.thirdparty.io.grpc.stub.ClientCalls.toStatusRuntimeException(ClientCalls.java:233)
	at org.apache.ratis.thirdparty.io.grpc.stub.ClientCalls.getUnchecked(ClientCalls.java:214)
	at org.apache.ratis.thirdparty.io.grpc.stub.ClientCalls.blockingUnaryCall(ClientCalls.java:139)
	at org.apache.ratis.proto.grpc.RaftServerProtocolServiceGrpc$RaftServerProtocolServiceBlockingStub.requestVote(RaftServerProtocolServiceGrpc.java:265)
	at org.apache.ratis.grpc.server.GrpcServerProtocolClient.requestVote(GrpcServerProtocolClient.java:90)
	at org.apache.ratis.grpc.server.GrpcService.requestVote(GrpcService.java:204)
	at org.apache.ratis.server.impl.LeaderElection.lambda$submitRequests$1(LeaderElection.java:238)
	at java.util.concurrent.FutureTask.run(FutureTask.java:266)
	at java.util.concurrent.Executors$RunnableAdapter.call(Executors.java:511)
	at java.util.concurrent.FutureTask.run(FutureTask.java:266)
	at java.util.concurrent.ThreadPoolExecutor.runWorker(ThreadPoolExecutor.java:1149)
	at java.util.concurrent.ThreadPoolExecutor$Worker.run(ThreadPoolExecutor.java:624)
	... 1 more
Caused by: org.apache.ratis.thirdparty.io.netty.channel.AbstractChannel$AnnotatedConnectException: Connection refused: /192.168.36.126:33810
	at sun.nio.ch.SocketChannelImpl.checkConnect(Native Method)
	at sun.nio.ch.SocketChannelImpl.finishConnect(SocketChannelImpl.java:717)
	at org.apache.ratis.thirdparty.io.netty.channel.socket.nio.NioSocketChannel.doFinishConnect(NioSocketChannel.java:327)
	at org.apache.ratis.thirdparty.io.netty.channel.nio.AbstractNioChannel$AbstractNioUnsafe.finishConnect(AbstractNioChannel.java:340)
	at org.apache.ratis.thirdparty.io.netty.channel.nio.NioEventLoop.processSelectedKey(NioEventLoop.java:632)
	at org.apache.ratis.thirdparty.io.netty.channel.nio.NioEventLoop.processSelectedKeysOptimized(NioEventLoop.java:579)
	at org.apache.ratis.thirdparty.io.netty.channel.nio.NioEventLoop.processSelectedKeys(NioEventLoop.java:496)
	at org.apache.ratis.thirdparty.io.netty.channel.nio.NioEventLoop.run(NioEventLoop.java:458)
	at org.apache.ratis.thirdparty.io.netty.util.concurrent.SingleThreadEventExecutor$5.run(SingleThreadEventExecutor.java:897)
	at org.apache.ratis.thirdparty.io.netty.util.concurrent.FastThreadLocalRunnable.run(FastThreadLocalRunnable.java:30)
	... 1 more
Caused by: java.net.ConnectException: Connection refused
	... 11 more
2019-09-25 05:32:49,211 [07d2a3d4-a08d-4ff2-9fee-7694a26bc9e9@group-FABB21EF17C7:LeaderElection319] INFO  impl.RaftServerImpl (RaftServerImpl.java:setRole(174)) - 07d2a3d4-a08d-4ff2-9fee-7694a26bc9e9@group-FABB21EF17C7: changes role from CANDIDATE to FOLLOWER at term 9 for DISCOVERED_A_NEW_TERM
2019-09-25 05:32:49,212 [07d2a3d4-a08d-4ff2-9fee-7694a26bc9e9@group-FABB21EF17C7:LeaderElection319] INFO  impl.RoleInfo (RoleInfo.java:shutdownLeaderElection(134)) - 07d2a3d4-a08d-4ff2-9fee-7694a26bc9e9: shutdown LeaderElection
2019-09-25 05:32:49,210 [718f5985-af6b-46f0-b376-36c68e33e3c2@group-19CC27109C97:LeaderElection320] INFO  impl.RaftServerImpl (RaftServerImpl.java:setRole(174)) - 718f5985-af6b-46f0-b376-36c68e33e3c2@group-19CC27109C97: changes role from CANDIDATE to FOLLOWER at term 9 for DISCOVERED_A_NEW_TERM
2019-09-25 05:32:49,210 [74c765d4-ecbc-4161-b0d3-3f71a54c17e6@group-37D53FCFBDA2:LeaderElection317] INFO  impl.LeaderElection (LeaderElection.java:logAndReturn(56)) - 74c765d4-ecbc-4161-b0d3-3f71a54c17e6@group-37D53FCFBDA2:LeaderElection317: Election REJECTED; received 1 response(s) [74c765d4-ecbc-4161-b0d3-3f71a54c17e6<-e40b1169-82c6-4268-9b48-d611605c3b5d#0:FAIL-t5] and 1 exception(s); 74c765d4-ecbc-4161-b0d3-3f71a54c17e6@group-37D53FCFBDA2:t5, leader=null, voted=74c765d4-ecbc-4161-b0d3-3f71a54c17e6, raftlog=74c765d4-ecbc-4161-b0d3-3f71a54c17e6@group-37D53FCFBDA2-SegmentedRaftLog:OPENED:c-1,f-1,i0, conf=-1: [e40b1169-82c6-4268-9b48-d611605c3b5d:192.168.36.126:46360, 74c765d4-ecbc-4161-b0d3-3f71a54c17e6:192.168.36.126:46193, 8ffa0edf-3bee-4748-91ab-c75ab538701e:192.168.36.126:35863], old=null
2019-09-25 05:32:49,213 [74c765d4-ecbc-4161-b0d3-3f71a54c17e6@group-37D53FCFBDA2:LeaderElection317] INFO  impl.LeaderElection (LogUtils.java:infoOrTrace(149)) -   Exception 0: {}
java.util.concurrent.ExecutionException: org.apache.ratis.thirdparty.io.grpc.StatusRuntimeException: UNAVAILABLE: io exception
	at java.util.concurrent.FutureTask.report(FutureTask.java:122)
	at java.util.concurrent.FutureTask.get(FutureTask.java:192)
	at org.apache.ratis.server.impl.LeaderElection.waitForResults(LeaderElection.java:263)
	at org.apache.ratis.server.impl.LeaderElection.askForVotes(LeaderElection.java:201)
	at org.apache.ratis.server.impl.LeaderElection.run(LeaderElection.java:133)
	at java.lang.Thread.run(Thread.java:748)
Caused by: org.apache.ratis.thirdparty.io.grpc.StatusRuntimeException: UNAVAILABLE: io exception
	at org.apache.ratis.thirdparty.io.grpc.stub.ClientCalls.toStatusRuntimeException(ClientCalls.java:233)
	at org.apache.ratis.thirdparty.io.grpc.stub.ClientCalls.getUnchecked(ClientCalls.java:214)
	at org.apache.ratis.thirdparty.io.grpc.stub.ClientCalls.blockingUnaryCall(ClientCalls.java:139)
	at org.apache.ratis.proto.grpc.RaftServerProtocolServiceGrpc$RaftServerProtocolServiceBlockingStub.requestVote(RaftServerProtocolServiceGrpc.java:265)
	at org.apache.ratis.grpc.server.GrpcServerProtocolClient.requestVote(GrpcServerProtocolClient.java:90)
	at org.apache.ratis.grpc.server.GrpcService.requestVote(GrpcService.java:204)
	at org.apache.ratis.server.impl.LeaderElection.lambda$submitRequests$1(LeaderElection.java:238)
	at java.util.concurrent.FutureTask.run(FutureTask.java:266)
	at java.util.concurrent.Executors$RunnableAdapter.call(Executors.java:511)
	at java.util.concurrent.FutureTask.run(FutureTask.java:266)
	at java.util.concurrent.ThreadPoolExecutor.runWorker(ThreadPoolExecutor.java:1149)
	at java.util.concurrent.ThreadPoolExecutor$Worker.run(ThreadPoolExecutor.java:624)
	... 1 more
Caused by: org.apache.ratis.thirdparty.io.netty.channel.AbstractChannel$AnnotatedConnectException: Connection refused: /192.168.36.126:35863
	at sun.nio.ch.SocketChannelImpl.checkConnect(Native Method)
	at sun.nio.ch.SocketChannelImpl.finishConnect(SocketChannelImpl.java:717)
	at org.apache.ratis.thirdparty.io.netty.channel.socket.nio.NioSocketChannel.doFinishConnect(NioSocketChannel.java:327)
	at org.apache.ratis.thirdparty.io.netty.channel.nio.AbstractNioChannel$AbstractNioUnsafe.finishConnect(AbstractNioChannel.java:340)
	at org.apache.ratis.thirdparty.io.netty.channel.nio.NioEventLoop.processSelectedKey(NioEventLoop.java:632)
	at org.apache.ratis.thirdparty.io.netty.channel.nio.NioEventLoop.processSelectedKeysOptimized(NioEventLoop.java:579)
	at org.apache.ratis.thirdparty.io.netty.channel.nio.NioEventLoop.processSelectedKeys(NioEventLoop.java:496)
	at org.apache.ratis.thirdparty.io.netty.channel.nio.NioEventLoop.run(NioEventLoop.java:458)
	at org.apache.ratis.thirdparty.io.netty.util.concurrent.SingleThreadEventExecutor$5.run(SingleThreadEventExecutor.java:897)
	at org.apache.ratis.thirdparty.io.netty.util.concurrent.FastThreadLocalRunnable.run(FastThreadLocalRunnable.java:30)
	... 1 more
Caused by: java.net.ConnectException: Connection refused
	... 11 more
2019-09-25 05:32:49,210 [07d2a3d4-a08d-4ff2-9fee-7694a26bc9e9@group-19CC27109C97:LeaderElection318] INFO  impl.LeaderElection (LogUtils.java:infoOrTrace(149)) -   Exception 0: {}
java.util.concurrent.ExecutionException: org.apache.ratis.thirdparty.io.grpc.StatusRuntimeException: UNAVAILABLE: io exception
	at java.util.concurrent.FutureTask.report(FutureTask.java:122)
	at java.util.concurrent.FutureTask.get(FutureTask.java:192)
	at org.apache.ratis.server.impl.LeaderElection.waitForResults(LeaderElection.java:263)
	at org.apache.ratis.server.impl.LeaderElection.askForVotes(LeaderElection.java:201)
	at org.apache.ratis.server.impl.LeaderElection.run(LeaderElection.java:133)
	at java.lang.Thread.run(Thread.java:748)
Caused by: org.apache.ratis.thirdparty.io.grpc.StatusRuntimeException: UNAVAILABLE: io exception
	at org.apache.ratis.thirdparty.io.grpc.stub.ClientCalls.toStatusRuntimeException(ClientCalls.java:233)
	at org.apache.ratis.thirdparty.io.grpc.stub.ClientCalls.getUnchecked(ClientCalls.java:214)
	at org.apache.ratis.thirdparty.io.grpc.stub.ClientCalls.blockingUnaryCall(ClientCalls.java:139)
	at org.apache.ratis.proto.grpc.RaftServerProtocolServiceGrpc$RaftServerProtocolServiceBlockingStub.requestVote(RaftServerProtocolServiceGrpc.java:265)
	at org.apache.ratis.grpc.server.GrpcServerProtocolClient.requestVote(GrpcServerProtocolClient.java:90)
	at org.apache.ratis.grpc.server.GrpcService.requestVote(GrpcService.java:204)
	at org.apache.ratis.server.impl.LeaderElection.lambda$submitRequests$1(LeaderElection.java:238)
	at java.util.concurrent.FutureTask.run(FutureTask.java:266)
	at java.util.concurrent.Executors$RunnableAdapter.call(Executors.java:511)
	at java.util.concurrent.FutureTask.run(FutureTask.java:266)
	at java.util.concurrent.ThreadPoolExecutor.runWorker(ThreadPoolExecutor.java:1149)
	at java.util.concurrent.ThreadPoolExecutor$Worker.run(ThreadPoolExecutor.java:624)
	... 1 more
Caused by: org.apache.ratis.thirdparty.io.netty.channel.AbstractChannel$AnnotatedConnectException: Connection refused: /192.168.36.126:33810
	at sun.nio.ch.SocketChannelImpl.checkConnect(Native Method)
	at sun.nio.ch.SocketChannelImpl.finishConnect(SocketChannelImpl.java:717)
	at org.apache.ratis.thirdparty.io.netty.channel.socket.nio.NioSocketChannel.doFinishConnect(NioSocketChannel.java:327)
	at org.apache.ratis.thirdparty.io.netty.channel.nio.AbstractNioChannel$AbstractNioUnsafe.finishConnect(AbstractNioChannel.java:340)
	at org.apache.ratis.thirdparty.io.netty.channel.nio.NioEventLoop.processSelectedKey(NioEventLoop.java:632)
	at org.apache.ratis.thirdparty.io.netty.channel.nio.NioEventLoop.processSelectedKeysOptimized(NioEventLoop.java:579)
	at org.apache.ratis.thirdparty.io.netty.channel.nio.NioEventLoop.processSelectedKeys(NioEventLoop.java:496)
	at org.apache.ratis.thirdparty.io.netty.channel.nio.NioEventLoop.run(NioEventLoop.java:458)
	at org.apache.ratis.thirdparty.io.netty.util.concurrent.SingleThreadEventExecutor$5.run(SingleThreadEventExecutor.java:897)
	at org.apache.ratis.thirdparty.io.netty.util.concurrent.FastThreadLocalRunnable.run(FastThreadLocalRunnable.java:30)
	... 1 more
Caused by: java.net.ConnectException: Connection refused
	... 11 more
2019-09-25 05:32:49,210 [07d2a3d4-a08d-4ff2-9fee-7694a26bc9e9@group-8EE3C38B4941:LeaderElection314] INFO  impl.LeaderElection (LogUtils.java:infoOrTrace(149)) -   Exception 0: {}
java.util.concurrent.ExecutionException: org.apache.ratis.thirdparty.io.grpc.StatusRuntimeException: UNAVAILABLE: io exception
	at java.util.concurrent.FutureTask.report(FutureTask.java:122)
	at java.util.concurrent.FutureTask.get(FutureTask.java:192)
	at org.apache.ratis.server.impl.LeaderElection.waitForResults(LeaderElection.java:263)
	at org.apache.ratis.server.impl.LeaderElection.askForVotes(LeaderElection.java:201)
	at org.apache.ratis.server.impl.LeaderElection.run(LeaderElection.java:133)
	at java.lang.Thread.run(Thread.java:748)
Caused by: org.apache.ratis.thirdparty.io.grpc.StatusRuntimeException: UNAVAILABLE: io exception
	at org.apache.ratis.thirdparty.io.grpc.stub.ClientCalls.toStatusRuntimeException(ClientCalls.java:233)
	at org.apache.ratis.thirdparty.io.grpc.stub.ClientCalls.getUnchecked(ClientCalls.java:214)
	at org.apache.ratis.thirdparty.io.grpc.stub.ClientCalls.blockingUnaryCall(ClientCalls.java:139)
	at org.apache.ratis.proto.grpc.RaftServerProtocolServiceGrpc$RaftServerProtocolServiceBlockingStub.requestVote(RaftServerProtocolServiceGrpc.java:265)
	at org.apache.ratis.grpc.server.GrpcServerProtocolClient.requestVote(GrpcServerProtocolClient.java:90)
	at org.apache.ratis.grpc.server.GrpcService.requestVote(GrpcService.java:204)
	at org.apache.ratis.server.impl.LeaderElection.lambda$submitRequests$1(LeaderElection.java:238)
	at java.util.concurrent.FutureTask.run(FutureTask.java:266)
	at java.util.concurrent.Executors$RunnableAdapter.call(Executors.java:511)
	at java.util.concurrent.FutureTask.run(FutureTask.java:266)
	at java.util.concurrent.ThreadPoolExecutor.runWorker(ThreadPoolExecutor.java:1149)
	at java.util.concurrent.ThreadPoolExecutor$Worker.run(ThreadPoolExecutor.java:624)
	... 1 more
Caused by: org.apache.ratis.thirdparty.io.netty.channel.AbstractChannel$AnnotatedConnectException: Connection refused: /192.168.36.126:33810
	at sun.nio.ch.SocketChannelImpl.checkConnect(Native Method)
	at sun.nio.ch.SocketChannelImpl.finishConnect(SocketChannelImpl.java:717)
	at org.apache.ratis.thirdparty.io.netty.channel.socket.nio.NioSocketChannel.doFinishConnect(NioSocketChannel.java:327)
	at org.apache.ratis.thirdparty.io.netty.channel.nio.AbstractNioChannel$AbstractNioUnsafe.finishConnect(AbstractNioChannel.java:340)
	at org.apache.ratis.thirdparty.io.netty.channel.nio.NioEventLoop.processSelectedKey(NioEventLoop.java:632)
	at org.apache.ratis.thirdparty.io.netty.channel.nio.NioEventLoop.processSelectedKeysOptimized(NioEventLoop.java:579)
	at org.apache.ratis.thirdparty.io.netty.channel.nio.NioEventLoop.processSelectedKeys(NioEventLoop.java:496)
	at org.apache.ratis.thirdparty.io.netty.channel.nio.NioEventLoop.run(NioEventLoop.java:458)
	at org.apache.ratis.thirdparty.io.netty.util.concurrent.SingleThreadEventExecutor$5.run(SingleThreadEventExecutor.java:897)
	at org.apache.ratis.thirdparty.io.netty.util.concurrent.FastThreadLocalRunnable.run(FastThreadLocalRunnable.java:30)
	... 1 more
Caused by: java.net.ConnectException: Connection refused
	... 11 more
2019-09-25 05:32:49,214 [07d2a3d4-a08d-4ff2-9fee-7694a26bc9e9@group-19CC27109C97:LeaderElection318] INFO  impl.RaftServerImpl (RaftServerImpl.java:setRole(174)) - 07d2a3d4-a08d-4ff2-9fee-7694a26bc9e9@group-19CC27109C97: changes role from CANDIDATE to FOLLOWER at term 9 for DISCOVERED_A_NEW_TERM
2019-09-25 05:32:49,213 [74c765d4-ecbc-4161-b0d3-3f71a54c17e6@group-37D53FCFBDA2:LeaderElection317] INFO  impl.RaftServerImpl (RaftServerImpl.java:setRole(174)) - 74c765d4-ecbc-4161-b0d3-3f71a54c17e6@group-37D53FCFBDA2: changes role from CANDIDATE to FOLLOWER at term 5 for DISCOVERED_A_NEW_TERM
2019-09-25 05:32:49,212 [718f5985-af6b-46f0-b376-36c68e33e3c2@group-19CC27109C97:LeaderElection320] INFO  impl.RoleInfo (RoleInfo.java:shutdownLeaderElection(134)) - 718f5985-af6b-46f0-b376-36c68e33e3c2: shutdown LeaderElection
2019-09-25 05:32:49,212 [07d2a3d4-a08d-4ff2-9fee-7694a26bc9e9@group-FABB21EF17C7:LeaderElection319] INFO  impl.RoleInfo (RoleInfo.java:updateAndGet(143)) - 07d2a3d4-a08d-4ff2-9fee-7694a26bc9e9: start FollowerState
2019-09-25 05:32:49,212 [718f5985-af6b-46f0-b376-36c68e33e3c2@group-FABB21EF17C7:LeaderElection316] INFO  impl.RaftServerImpl (RaftServerImpl.java:setRole(174)) - 718f5985-af6b-46f0-b376-36c68e33e3c2@group-FABB21EF17C7: changes role from CANDIDATE to FOLLOWER at term 9 for DISCOVERED_A_NEW_TERM
2019-09-25 05:32:49,212 [e40b1169-82c6-4268-9b48-d611605c3b5d@group-37D53FCFBDA2:LeaderElection321] INFO  impl.RoleInfo (RoleInfo.java:updateAndGet(143)) - e40b1169-82c6-4268-9b48-d611605c3b5d: start FollowerState
2019-09-25 05:32:49,211 [718f5985-af6b-46f0-b376-36c68e33e3c2@group-8EE3C38B4941:LeaderElection315] INFO  impl.LeaderElection (LogUtils.java:infoOrTrace(149)) -   Exception 0: {}
java.util.concurrent.ExecutionException: org.apache.ratis.thirdparty.io.grpc.StatusRuntimeException: UNAVAILABLE: io exception
	at java.util.concurrent.FutureTask.report(FutureTask.java:122)
	at java.util.concurrent.FutureTask.get(FutureTask.java:192)
	at org.apache.ratis.server.impl.LeaderElection.waitForResults(LeaderElection.java:263)
	at org.apache.ratis.server.impl.LeaderElection.askForVotes(LeaderElection.java:201)
	at org.apache.ratis.server.impl.LeaderElection.run(LeaderElection.java:133)
	at java.lang.Thread.run(Thread.java:748)
Caused by: org.apache.ratis.thirdparty.io.grpc.StatusRuntimeException: UNAVAILABLE: io exception
	at org.apache.ratis.thirdparty.io.grpc.stub.ClientCalls.toStatusRuntimeException(ClientCalls.java:233)
	at org.apache.ratis.thirdparty.io.grpc.stub.ClientCalls.getUnchecked(ClientCalls.java:214)
	at org.apache.ratis.thirdparty.io.grpc.stub.ClientCalls.blockingUnaryCall(ClientCalls.java:139)
	at org.apache.ratis.proto.grpc.RaftServerProtocolServiceGrpc$RaftServerProtocolServiceBlockingStub.requestVote(RaftServerProtocolServiceGrpc.java:265)
	at org.apache.ratis.grpc.server.GrpcServerProtocolClient.requestVote(GrpcServerProtocolClient.java:90)
	at org.apache.ratis.grpc.server.GrpcService.requestVote(GrpcService.java:204)
	at org.apache.ratis.server.impl.LeaderElection.lambda$submitRequests$1(LeaderElection.java:238)
	at java.util.concurrent.FutureTask.run(FutureTask.java:266)
	at java.util.concurrent.Executors$RunnableAdapter.call(Executors.java:511)
	at java.util.concurrent.FutureTask.run(FutureTask.java:266)
	at java.util.concurrent.ThreadPoolExecutor.runWorker(ThreadPoolExecutor.java:1149)
	at java.util.concurrent.ThreadPoolExecutor$Worker.run(ThreadPoolExecutor.java:624)
	... 1 more
Caused by: org.apache.ratis.thirdparty.io.netty.channel.AbstractChannel$AnnotatedConnectException: Connection refused: /192.168.36.126:33810
	at sun.nio.ch.SocketChannelImpl.checkConnect(Native Method)
	at sun.nio.ch.SocketChannelImpl.finishConnect(SocketChannelImpl.java:717)
	at org.apache.ratis.thirdparty.io.netty.channel.socket.nio.NioSocketChannel.doFinishConnect(NioSocketChannel.java:327)
	at org.apache.ratis.thirdparty.io.netty.channel.nio.AbstractNioChannel$AbstractNioUnsafe.finishConnect(AbstractNioChannel.java:340)
	at org.apache.ratis.thirdparty.io.netty.channel.nio.NioEventLoop.processSelectedKey(NioEventLoop.java:632)
	at org.apache.ratis.thirdparty.io.netty.channel.nio.NioEventLoop.processSelectedKeysOptimized(NioEventLoop.java:579)
	at org.apache.ratis.thirdparty.io.netty.channel.nio.NioEventLoop.processSelectedKeys(NioEventLoop.java:496)
	at org.apache.ratis.thirdparty.io.netty.channel.nio.NioEventLoop.run(NioEventLoop.java:458)
	at org.apache.ratis.thirdparty.io.netty.util.concurrent.SingleThreadEventExecutor$5.run(SingleThreadEventExecutor.java:897)
	at org.apache.ratis.thirdparty.io.netty.util.concurrent.FastThreadLocalRunnable.run(FastThreadLocalRunnable.java:30)
	... 1 more
Caused by: java.net.ConnectException: Connection refused
	... 11 more
2019-09-25 05:32:49,215 [718f5985-af6b-46f0-b376-36c68e33e3c2@group-FABB21EF17C7:LeaderElection316] INFO  impl.RoleInfo (RoleInfo.java:shutdownLeaderElection(134)) - 718f5985-af6b-46f0-b376-36c68e33e3c2: shutdown LeaderElection
2019-09-25 05:32:49,215 [718f5985-af6b-46f0-b376-36c68e33e3c2@group-19CC27109C97:LeaderElection320] INFO  impl.RoleInfo (RoleInfo.java:updateAndGet(143)) - 718f5985-af6b-46f0-b376-36c68e33e3c2: start FollowerState
2019-09-25 05:32:49,215 [74c765d4-ecbc-4161-b0d3-3f71a54c17e6@group-37D53FCFBDA2:LeaderElection317] INFO  impl.RoleInfo (RoleInfo.java:shutdownLeaderElection(134)) - 74c765d4-ecbc-4161-b0d3-3f71a54c17e6: shutdown LeaderElection
2019-09-25 05:32:49,214 [07d2a3d4-a08d-4ff2-9fee-7694a26bc9e9@group-19CC27109C97:LeaderElection318] INFO  impl.RoleInfo (RoleInfo.java:shutdownLeaderElection(134)) - 07d2a3d4-a08d-4ff2-9fee-7694a26bc9e9: shutdown LeaderElection
2019-09-25 05:32:49,214 [07d2a3d4-a08d-4ff2-9fee-7694a26bc9e9@group-8EE3C38B4941:LeaderElection314] INFO  impl.RaftServerImpl (RaftServerImpl.java:setRole(174)) - 07d2a3d4-a08d-4ff2-9fee-7694a26bc9e9@group-8EE3C38B4941: changes role from CANDIDATE to FOLLOWER at term 9 for DISCOVERED_A_NEW_TERM
2019-09-25 05:32:49,216 [07d2a3d4-a08d-4ff2-9fee-7694a26bc9e9@group-19CC27109C97:LeaderElection318] INFO  impl.RoleInfo (RoleInfo.java:updateAndGet(143)) - 07d2a3d4-a08d-4ff2-9fee-7694a26bc9e9: start FollowerState
2019-09-25 05:32:49,216 [74c765d4-ecbc-4161-b0d3-3f71a54c17e6@group-37D53FCFBDA2:LeaderElection317] INFO  impl.RoleInfo (RoleInfo.java:updateAndGet(143)) - 74c765d4-ecbc-4161-b0d3-3f71a54c17e6: start FollowerState
2019-09-25 05:32:49,216 [718f5985-af6b-46f0-b376-36c68e33e3c2@group-FABB21EF17C7:LeaderElection316] INFO  impl.RoleInfo (RoleInfo.java:updateAndGet(143)) - 718f5985-af6b-46f0-b376-36c68e33e3c2: start FollowerState
2019-09-25 05:32:49,216 [718f5985-af6b-46f0-b376-36c68e33e3c2@group-8EE3C38B4941:LeaderElection315] INFO  impl.RaftServerImpl (RaftServerImpl.java:setRole(174)) - 718f5985-af6b-46f0-b376-36c68e33e3c2@group-8EE3C38B4941: changes role from CANDIDATE to FOLLOWER at term 9 for DISCOVERED_A_NEW_TERM
2019-09-25 05:32:49,216 [07d2a3d4-a08d-4ff2-9fee-7694a26bc9e9@group-8EE3C38B4941:LeaderElection314] INFO  impl.RoleInfo (RoleInfo.java:shutdownLeaderElection(134)) - 07d2a3d4-a08d-4ff2-9fee-7694a26bc9e9: shutdown LeaderElection
2019-09-25 05:32:49,217 [718f5985-af6b-46f0-b376-36c68e33e3c2@group-8EE3C38B4941:LeaderElection315] INFO  impl.RoleInfo (RoleInfo.java:shutdownLeaderElection(134)) - 718f5985-af6b-46f0-b376-36c68e33e3c2: shutdown LeaderElection
2019-09-25 05:32:49,217 [07d2a3d4-a08d-4ff2-9fee-7694a26bc9e9@group-8EE3C38B4941:LeaderElection314] INFO  impl.RoleInfo (RoleInfo.java:updateAndGet(143)) - 07d2a3d4-a08d-4ff2-9fee-7694a26bc9e9: start FollowerState
2019-09-25 05:32:49,217 [718f5985-af6b-46f0-b376-36c68e33e3c2@group-8EE3C38B4941:LeaderElection315] INFO  impl.RoleInfo (RoleInfo.java:updateAndGet(143)) - 718f5985-af6b-46f0-b376-36c68e33e3c2: start FollowerState
2019-09-25 05:32:50,248 [Thread-2021] INFO  impl.FollowerState (FollowerState.java:run(106)) - 718f5985-af6b-46f0-b376-36c68e33e3c2:group-FABB21EF17C7 changes to CANDIDATE, lastRpcTime:1032, electionTimeout:1031ms
2019-09-25 05:32:50,249 [Thread-2021] INFO  impl.RoleInfo (RoleInfo.java:shutdownFollowerState(121)) - 718f5985-af6b-46f0-b376-36c68e33e3c2: shutdown FollowerState
2019-09-25 05:32:50,249 [Thread-2021] INFO  impl.RaftServerImpl (RaftServerImpl.java:setRole(174)) - 718f5985-af6b-46f0-b376-36c68e33e3c2@group-FABB21EF17C7: changes role from  FOLLOWER to CANDIDATE at term 9 for changeToCandidate
2019-09-25 05:32:50,249 [Thread-2021] INFO  impl.RoleInfo (RoleInfo.java:updateAndGet(143)) - 718f5985-af6b-46f0-b376-36c68e33e3c2: start LeaderElection
2019-09-25 05:32:50,263 [Thread-2019] INFO  impl.FollowerState (FollowerState.java:run(106)) - 07d2a3d4-a08d-4ff2-9fee-7694a26bc9e9:group-FABB21EF17C7 changes to CANDIDATE, lastRpcTime:1050, electionTimeout:1048ms
2019-09-25 05:32:50,263 [Thread-2019] INFO  impl.RoleInfo (RoleInfo.java:shutdownFollowerState(121)) - 07d2a3d4-a08d-4ff2-9fee-7694a26bc9e9: shutdown FollowerState
2019-09-25 05:32:50,264 [Thread-2019] INFO  impl.RaftServerImpl (RaftServerImpl.java:setRole(174)) - 07d2a3d4-a08d-4ff2-9fee-7694a26bc9e9@group-FABB21EF17C7: changes role from  FOLLOWER to CANDIDATE at term 9 for changeToCandidate
2019-09-25 05:32:50,264 [Thread-2019] INFO  impl.RoleInfo (RoleInfo.java:updateAndGet(143)) - 07d2a3d4-a08d-4ff2-9fee-7694a26bc9e9: start LeaderElection
2019-09-25 05:32:50,264 [Thread-2020] INFO  impl.FollowerState (FollowerState.java:run(106)) - 718f5985-af6b-46f0-b376-36c68e33e3c2:group-19CC27109C97 changes to CANDIDATE, lastRpcTime:1049, electionTimeout:1048ms
2019-09-25 05:32:50,264 [Thread-2020] INFO  impl.RoleInfo (RoleInfo.java:shutdownFollowerState(121)) - 718f5985-af6b-46f0-b376-36c68e33e3c2: shutdown FollowerState
2019-09-25 05:32:50,264 [Thread-2020] INFO  impl.RaftServerImpl (RaftServerImpl.java:setRole(174)) - 718f5985-af6b-46f0-b376-36c68e33e3c2@group-19CC27109C97: changes role from  FOLLOWER to CANDIDATE at term 9 for changeToCandidate
2019-09-25 05:32:50,265 [Thread-2020] INFO  impl.RoleInfo (RoleInfo.java:updateAndGet(143)) - 718f5985-af6b-46f0-b376-36c68e33e3c2: start LeaderElection
2019-09-25 05:32:50,292 [Thread-2025] INFO  impl.FollowerState (FollowerState.java:run(106)) - 718f5985-af6b-46f0-b376-36c68e33e3c2:group-8EE3C38B4941 changes to CANDIDATE, lastRpcTime:1074, electionTimeout:1074ms
2019-09-25 05:32:50,292 [Thread-2025] INFO  impl.RoleInfo (RoleInfo.java:shutdownFollowerState(121)) - 718f5985-af6b-46f0-b376-36c68e33e3c2: shutdown FollowerState
2019-09-25 05:32:50,292 [Thread-2025] INFO  impl.RaftServerImpl (RaftServerImpl.java:setRole(174)) - 718f5985-af6b-46f0-b376-36c68e33e3c2@group-8EE3C38B4941: changes role from  FOLLOWER to CANDIDATE at term 9 for changeToCandidate
2019-09-25 05:32:50,292 [Thread-2025] INFO  impl.RoleInfo (RoleInfo.java:updateAndGet(143)) - 718f5985-af6b-46f0-b376-36c68e33e3c2: start LeaderElection
2019-09-25 05:32:50,320 [Thread-2024] INFO  impl.FollowerState (FollowerState.java:run(106)) - 07d2a3d4-a08d-4ff2-9fee-7694a26bc9e9:group-8EE3C38B4941 changes to CANDIDATE, lastRpcTime:1102, electionTimeout:1102ms
2019-09-25 05:32:50,320 [Thread-2024] INFO  impl.RoleInfo (RoleInfo.java:shutdownFollowerState(121)) - 07d2a3d4-a08d-4ff2-9fee-7694a26bc9e9: shutdown FollowerState
2019-09-25 05:32:50,320 [Thread-2024] INFO  impl.RaftServerImpl (RaftServerImpl.java:setRole(174)) - 07d2a3d4-a08d-4ff2-9fee-7694a26bc9e9@group-8EE3C38B4941: changes role from  FOLLOWER to CANDIDATE at term 9 for changeToCandidate
2019-09-25 05:32:50,320 [Thread-2024] INFO  impl.RoleInfo (RoleInfo.java:updateAndGet(143)) - 07d2a3d4-a08d-4ff2-9fee-7694a26bc9e9: start LeaderElection
2019-09-25 05:32:50,350 [Thread-2018] INFO  impl.FollowerState (FollowerState.java:run(106)) - e40b1169-82c6-4268-9b48-d611605c3b5d:group-37D53FCFBDA2 changes to CANDIDATE, lastRpcTime:1138, electionTimeout:1135ms
2019-09-25 05:32:50,351 [Thread-2018] INFO  impl.RoleInfo (RoleInfo.java:shutdownFollowerState(121)) - e40b1169-82c6-4268-9b48-d611605c3b5d: shutdown FollowerState
2019-09-25 05:32:50,351 [Thread-2018] INFO  impl.RaftServerImpl (RaftServerImpl.java:setRole(174)) - e40b1169-82c6-4268-9b48-d611605c3b5d@group-37D53FCFBDA2: changes role from  FOLLOWER to CANDIDATE at term 5 for changeToCandidate
2019-09-25 05:32:50,351 [Thread-2018] INFO  impl.RoleInfo (RoleInfo.java:updateAndGet(143)) - e40b1169-82c6-4268-9b48-d611605c3b5d: start LeaderElection
2019-09-25 05:32:50,351 [Thread-2022] INFO  impl.FollowerState (FollowerState.java:run(106)) - 74c765d4-ecbc-4161-b0d3-3f71a54c17e6:group-37D53FCFBDA2 changes to CANDIDATE, lastRpcTime:1134, electionTimeout:1134ms
2019-09-25 05:32:50,351 [Thread-2022] INFO  impl.RoleInfo (RoleInfo.java:shutdownFollowerState(121)) - 74c765d4-ecbc-4161-b0d3-3f71a54c17e6: shutdown FollowerState
2019-09-25 05:32:50,351 [Thread-2022] INFO  impl.RaftServerImpl (RaftServerImpl.java:setRole(174)) - 74c765d4-ecbc-4161-b0d3-3f71a54c17e6@group-37D53FCFBDA2: changes role from  FOLLOWER to CANDIDATE at term 5 for changeToCandidate
2019-09-25 05:32:50,351 [Thread-2022] INFO  impl.RoleInfo (RoleInfo.java:updateAndGet(143)) - 74c765d4-ecbc-4161-b0d3-3f71a54c17e6: start LeaderElection
2019-09-25 05:32:50,372 [Thread-2023] INFO  impl.FollowerState (FollowerState.java:run(106)) - 07d2a3d4-a08d-4ff2-9fee-7694a26bc9e9:group-19CC27109C97 changes to CANDIDATE, lastRpcTime:1155, electionTimeout:1155ms
2019-09-25 05:32:50,372 [Thread-2023] INFO  impl.RoleInfo (RoleInfo.java:shutdownFollowerState(121)) - 07d2a3d4-a08d-4ff2-9fee-7694a26bc9e9: shutdown FollowerState
2019-09-25 05:32:50,372 [Thread-2023] INFO  impl.RaftServerImpl (RaftServerImpl.java:setRole(174)) - 07d2a3d4-a08d-4ff2-9fee-7694a26bc9e9@group-19CC27109C97: changes role from  FOLLOWER to CANDIDATE at term 9 for changeToCandidate
2019-09-25 05:32:50,372 [Thread-2023] INFO  impl.RoleInfo (RoleInfo.java:updateAndGet(143)) - 07d2a3d4-a08d-4ff2-9fee-7694a26bc9e9: start LeaderElection
2019-09-25 05:32:50,597 [718f5985-af6b-46f0-b376-36c68e33e3c2@group-19CC27109C97:LeaderElection324] INFO  impl.LeaderElection (LeaderElection.java:askForVotes(182)) - 718f5985-af6b-46f0-b376-36c68e33e3c2@group-19CC27109C97:LeaderElection324: begin an election at term 10 for -1: [07d2a3d4-a08d-4ff2-9fee-7694a26bc9e9:192.168.36.126:42527, 718f5985-af6b-46f0-b376-36c68e33e3c2:192.168.36.126:33516, 7d339ff4-0353-45b5-a855-49faf6b9a877:192.168.36.126:33810], old=null
2019-09-25 05:32:50,597 [718f5985-af6b-46f0-b376-36c68e33e3c2@group-FABB21EF17C7:LeaderElection322] INFO  impl.LeaderElection (LeaderElection.java:askForVotes(182)) - 718f5985-af6b-46f0-b376-36c68e33e3c2@group-FABB21EF17C7:LeaderElection322: begin an election at term 10 for -1: [07d2a3d4-a08d-4ff2-9fee-7694a26bc9e9:192.168.36.126:42527, 718f5985-af6b-46f0-b376-36c68e33e3c2:192.168.36.126:33516, 7d339ff4-0353-45b5-a855-49faf6b9a877:192.168.36.126:33810], old=null
2019-09-25 05:32:50,597 [718f5985-af6b-46f0-b376-36c68e33e3c2@group-8EE3C38B4941:LeaderElection325] INFO  impl.LeaderElection (LeaderElection.java:askForVotes(182)) - 718f5985-af6b-46f0-b376-36c68e33e3c2@group-8EE3C38B4941:LeaderElection325: begin an election at term 10 for -1: [07d2a3d4-a08d-4ff2-9fee-7694a26bc9e9:192.168.36.126:42527, 718f5985-af6b-46f0-b376-36c68e33e3c2:192.168.36.126:33516, 7d339ff4-0353-45b5-a855-49faf6b9a877:192.168.36.126:33810], old=null
2019-09-25 05:32:50,597 [07d2a3d4-a08d-4ff2-9fee-7694a26bc9e9@group-FABB21EF17C7:LeaderElection323] INFO  impl.LeaderElection (LeaderElection.java:askForVotes(182)) - 07d2a3d4-a08d-4ff2-9fee-7694a26bc9e9@group-FABB21EF17C7:LeaderElection323: begin an election at term 10 for -1: [07d2a3d4-a08d-4ff2-9fee-7694a26bc9e9:192.168.36.126:42527, 718f5985-af6b-46f0-b376-36c68e33e3c2:192.168.36.126:33516, 7d339ff4-0353-45b5-a855-49faf6b9a877:192.168.36.126:33810], old=null
2019-09-25 05:32:50,597 [07d2a3d4-a08d-4ff2-9fee-7694a26bc9e9@group-8EE3C38B4941:LeaderElection326] INFO  impl.LeaderElection (LeaderElection.java:askForVotes(182)) - 07d2a3d4-a08d-4ff2-9fee-7694a26bc9e9@group-8EE3C38B4941:LeaderElection326: begin an election at term 10 for -1: [07d2a3d4-a08d-4ff2-9fee-7694a26bc9e9:192.168.36.126:42527, 718f5985-af6b-46f0-b376-36c68e33e3c2:192.168.36.126:33516, 7d339ff4-0353-45b5-a855-49faf6b9a877:192.168.36.126:33810], old=null
2019-09-25 05:32:50,598 [07d2a3d4-a08d-4ff2-9fee-7694a26bc9e9@group-19CC27109C97:LeaderElection329] INFO  impl.LeaderElection (LeaderElection.java:askForVotes(182)) - 07d2a3d4-a08d-4ff2-9fee-7694a26bc9e9@group-19CC27109C97:LeaderElection329: begin an election at term 10 for -1: [07d2a3d4-a08d-4ff2-9fee-7694a26bc9e9:192.168.36.126:42527, 718f5985-af6b-46f0-b376-36c68e33e3c2:192.168.36.126:33516, 7d339ff4-0353-45b5-a855-49faf6b9a877:192.168.36.126:33810], old=null
2019-09-25 05:32:50,598 [74c765d4-ecbc-4161-b0d3-3f71a54c17e6@group-37D53FCFBDA2:LeaderElection328] INFO  impl.LeaderElection (LeaderElection.java:askForVotes(182)) - 74c765d4-ecbc-4161-b0d3-3f71a54c17e6@group-37D53FCFBDA2:LeaderElection328: begin an election at term 6 for -1: [e40b1169-82c6-4268-9b48-d611605c3b5d:192.168.36.126:46360, 74c765d4-ecbc-4161-b0d3-3f71a54c17e6:192.168.36.126:46193, 8ffa0edf-3bee-4748-91ab-c75ab538701e:192.168.36.126:35863], old=null
2019-09-25 05:32:50,598 [e40b1169-82c6-4268-9b48-d611605c3b5d@group-37D53FCFBDA2:LeaderElection327] INFO  impl.LeaderElection (LeaderElection.java:askForVotes(182)) - e40b1169-82c6-4268-9b48-d611605c3b5d@group-37D53FCFBDA2:LeaderElection327: begin an election at term 6 for -1: [e40b1169-82c6-4268-9b48-d611605c3b5d:192.168.36.126:46360, 74c765d4-ecbc-4161-b0d3-3f71a54c17e6:192.168.36.126:46193, 8ffa0edf-3bee-4748-91ab-c75ab538701e:192.168.36.126:35863], old=null
2019-09-25 05:32:50,599 [718f5985-af6b-46f0-b376-36c68e33e3c2@group-FABB21EF17C7:LeaderElection322] INFO  impl.LeaderElection (LogUtils.java:infoOrTrace(149)) - 718f5985-af6b-46f0-b376-36c68e33e3c2@group-FABB21EF17C7:LeaderElection322 got exception when requesting votes: {}
java.util.concurrent.ExecutionException: org.apache.ratis.thirdparty.io.grpc.StatusRuntimeException: UNAVAILABLE: io exception
	at java.util.concurrent.FutureTask.report(FutureTask.java:122)
	at java.util.concurrent.FutureTask.get(FutureTask.java:192)
	at org.apache.ratis.server.impl.LeaderElection.waitForResults(LeaderElection.java:263)
	at org.apache.ratis.server.impl.LeaderElection.askForVotes(LeaderElection.java:201)
	at org.apache.ratis.server.impl.LeaderElection.run(LeaderElection.java:133)
	at java.lang.Thread.run(Thread.java:748)
Caused by: org.apache.ratis.thirdparty.io.grpc.StatusRuntimeException: UNAVAILABLE: io exception
	at org.apache.ratis.thirdparty.io.grpc.stub.ClientCalls.toStatusRuntimeException(ClientCalls.java:233)
	at org.apache.ratis.thirdparty.io.grpc.stub.ClientCalls.getUnchecked(ClientCalls.java:214)
	at org.apache.ratis.thirdparty.io.grpc.stub.ClientCalls.blockingUnaryCall(ClientCalls.java:139)
	at org.apache.ratis.proto.grpc.RaftServerProtocolServiceGrpc$RaftServerProtocolServiceBlockingStub.requestVote(RaftServerProtocolServiceGrpc.java:265)
	at org.apache.ratis.grpc.server.GrpcServerProtocolClient.requestVote(GrpcServerProtocolClient.java:90)
	at org.apache.ratis.grpc.server.GrpcService.requestVote(GrpcService.java:204)
	at org.apache.ratis.server.impl.LeaderElection.lambda$submitRequests$1(LeaderElection.java:238)
	at java.util.concurrent.FutureTask.run(FutureTask.java:266)
	at java.util.concurrent.Executors$RunnableAdapter.call(Executors.java:511)
	at java.util.concurrent.FutureTask.run(FutureTask.java:266)
	at java.util.concurrent.ThreadPoolExecutor.runWorker(ThreadPoolExecutor.java:1149)
	at java.util.concurrent.ThreadPoolExecutor$Worker.run(ThreadPoolExecutor.java:624)
	... 1 more
Caused by: org.apache.ratis.thirdparty.io.netty.channel.AbstractChannel$AnnotatedConnectException: Connection refused: /192.168.36.126:33810
	at sun.nio.ch.SocketChannelImpl.checkConnect(Native Method)
	at sun.nio.ch.SocketChannelImpl.finishConnect(SocketChannelImpl.java:717)
	at org.apache.ratis.thirdparty.io.netty.channel.socket.nio.NioSocketChannel.doFinishConnect(NioSocketChannel.java:327)
	at org.apache.ratis.thirdparty.io.netty.channel.nio.AbstractNioChannel$AbstractNioUnsafe.finishConnect(AbstractNioChannel.java:340)
	at org.apache.ratis.thirdparty.io.netty.channel.nio.NioEventLoop.processSelectedKey(NioEventLoop.java:632)
	at org.apache.ratis.thirdparty.io.netty.channel.nio.NioEventLoop.processSelectedKeysOptimized(NioEventLoop.java:579)
	at org.apache.ratis.thirdparty.io.netty.channel.nio.NioEventLoop.processSelectedKeys(NioEventLoop.java:496)
	at org.apache.ratis.thirdparty.io.netty.channel.nio.NioEventLoop.run(NioEventLoop.java:458)
	at org.apache.ratis.thirdparty.io.netty.util.concurrent.SingleThreadEventExecutor$5.run(SingleThreadEventExecutor.java:897)
	at org.apache.ratis.thirdparty.io.netty.util.concurrent.FastThreadLocalRunnable.run(FastThreadLocalRunnable.java:30)
	... 1 more
Caused by: java.net.ConnectException: Connection refused
	... 11 more
2019-09-25 05:32:50,601 [07d2a3d4-a08d-4ff2-9fee-7694a26bc9e9@group-19CC27109C97:LeaderElection329] INFO  impl.LeaderElection (LogUtils.java:infoOrTrace(149)) - 07d2a3d4-a08d-4ff2-9fee-7694a26bc9e9@group-19CC27109C97:LeaderElection329 got exception when requesting votes: {}
java.util.concurrent.ExecutionException: org.apache.ratis.thirdparty.io.grpc.StatusRuntimeException: UNAVAILABLE: io exception
	at java.util.concurrent.FutureTask.report(FutureTask.java:122)
	at java.util.concurrent.FutureTask.get(FutureTask.java:192)
	at org.apache.ratis.server.impl.LeaderElection.waitForResults(LeaderElection.java:263)
	at org.apache.ratis.server.impl.LeaderElection.askForVotes(LeaderElection.java:201)
	at org.apache.ratis.server.impl.LeaderElection.run(LeaderElection.java:133)
	at java.lang.Thread.run(Thread.java:748)
Caused by: org.apache.ratis.thirdparty.io.grpc.StatusRuntimeException: UNAVAILABLE: io exception
	at org.apache.ratis.thirdparty.io.grpc.stub.ClientCalls.toStatusRuntimeException(ClientCalls.java:233)
	at org.apache.ratis.thirdparty.io.grpc.stub.ClientCalls.getUnchecked(ClientCalls.java:214)
	at org.apache.ratis.thirdparty.io.grpc.stub.ClientCalls.blockingUnaryCall(ClientCalls.java:139)
	at org.apache.ratis.proto.grpc.RaftServerProtocolServiceGrpc$RaftServerProtocolServiceBlockingStub.requestVote(RaftServerProtocolServiceGrpc.java:265)
	at org.apache.ratis.grpc.server.GrpcServerProtocolClient.requestVote(GrpcServerProtocolClient.java:90)
	at org.apache.ratis.grpc.server.GrpcService.requestVote(GrpcService.java:204)
	at org.apache.ratis.server.impl.LeaderElection.lambda$submitRequests$1(LeaderElection.java:238)
	at java.util.concurrent.FutureTask.run(FutureTask.java:266)
	at java.util.concurrent.Executors$RunnableAdapter.call(Executors.java:511)
	at java.util.concurrent.FutureTask.run(FutureTask.java:266)
	at java.util.concurrent.ThreadPoolExecutor.runWorker(ThreadPoolExecutor.java:1149)
	at java.util.concurrent.ThreadPoolExecutor$Worker.run(ThreadPoolExecutor.java:624)
	... 1 more
Caused by: org.apache.ratis.thirdparty.io.netty.channel.AbstractChannel$AnnotatedConnectException: Connection refused: /192.168.36.126:33810
	at sun.nio.ch.SocketChannelImpl.checkConnect(Native Method)
	at sun.nio.ch.SocketChannelImpl.finishConnect(SocketChannelImpl.java:717)
	at org.apache.ratis.thirdparty.io.netty.channel.socket.nio.NioSocketChannel.doFinishConnect(NioSocketChannel.java:327)
	at org.apache.ratis.thirdparty.io.netty.channel.nio.AbstractNioChannel$AbstractNioUnsafe.finishConnect(AbstractNioChannel.java:340)
	at org.apache.ratis.thirdparty.io.netty.channel.nio.NioEventLoop.processSelectedKey(NioEventLoop.java:632)
	at org.apache.ratis.thirdparty.io.netty.channel.nio.NioEventLoop.processSelectedKeysOptimized(NioEventLoop.java:579)
	at org.apache.ratis.thirdparty.io.netty.channel.nio.NioEventLoop.processSelectedKeys(NioEventLoop.java:496)
	at org.apache.ratis.thirdparty.io.netty.channel.nio.NioEventLoop.run(NioEventLoop.java:458)
	at org.apache.ratis.thirdparty.io.netty.util.concurrent.SingleThreadEventExecutor$5.run(SingleThreadEventExecutor.java:897)
	at org.apache.ratis.thirdparty.io.netty.util.concurrent.FastThreadLocalRunnable.run(FastThreadLocalRunnable.java:30)
	... 1 more
Caused by: java.net.ConnectException: Connection refused
	... 11 more
2019-09-25 05:32:50,600 [07d2a3d4-a08d-4ff2-9fee-7694a26bc9e9@group-8EE3C38B4941:LeaderElection326] INFO  impl.LeaderElection (LogUtils.java:infoOrTrace(149)) - 07d2a3d4-a08d-4ff2-9fee-7694a26bc9e9@group-8EE3C38B4941:LeaderElection326 got exception when requesting votes: {}
java.util.concurrent.ExecutionException: org.apache.ratis.thirdparty.io.grpc.StatusRuntimeException: UNAVAILABLE: io exception
	at java.util.concurrent.FutureTask.report(FutureTask.java:122)
	at java.util.concurrent.FutureTask.get(FutureTask.java:192)
	at org.apache.ratis.server.impl.LeaderElection.waitForResults(LeaderElection.java:263)
	at org.apache.ratis.server.impl.LeaderElection.askForVotes(LeaderElection.java:201)
	at org.apache.ratis.server.impl.LeaderElection.run(LeaderElection.java:133)
	at java.lang.Thread.run(Thread.java:748)
Caused by: org.apache.ratis.thirdparty.io.grpc.StatusRuntimeException: UNAVAILABLE: io exception
	at org.apache.ratis.thirdparty.io.grpc.stub.ClientCalls.toStatusRuntimeException(ClientCalls.java:233)
	at org.apache.ratis.thirdparty.io.grpc.stub.ClientCalls.getUnchecked(ClientCalls.java:214)
	at org.apache.ratis.thirdparty.io.grpc.stub.ClientCalls.blockingUnaryCall(ClientCalls.java:139)
	at org.apache.ratis.proto.grpc.RaftServerProtocolServiceGrpc$RaftServerProtocolServiceBlockingStub.requestVote(RaftServerProtocolServiceGrpc.java:265)
	at org.apache.ratis.grpc.server.GrpcServerProtocolClient.requestVote(GrpcServerProtocolClient.java:90)
	at org.apache.ratis.grpc.server.GrpcService.requestVote(GrpcService.java:204)
	at org.apache.ratis.server.impl.LeaderElection.lambda$submitRequests$1(LeaderElection.java:238)
	at java.util.concurrent.FutureTask.run(FutureTask.java:266)
	at java.util.concurrent.Executors$RunnableAdapter.call(Executors.java:511)
	at java.util.concurrent.FutureTask.run(FutureTask.java:266)
	at java.util.concurrent.ThreadPoolExecutor.runWorker(ThreadPoolExecutor.java:1149)
	at java.util.concurrent.ThreadPoolExecutor$Worker.run(ThreadPoolExecutor.java:624)
	... 1 more
Caused by: org.apache.ratis.thirdparty.io.netty.channel.AbstractChannel$AnnotatedConnectException: Connection refused: /192.168.36.126:33810
	at sun.nio.ch.SocketChannelImpl.checkConnect(Native Method)
	at sun.nio.ch.SocketChannelImpl.finishConnect(SocketChannelImpl.java:717)
	at org.apache.ratis.thirdparty.io.netty.channel.socket.nio.NioSocketChannel.doFinishConnect(NioSocketChannel.java:327)
	at org.apache.ratis.thirdparty.io.netty.channel.nio.AbstractNioChannel$AbstractNioUnsafe.finishConnect(AbstractNioChannel.java:340)
	at org.apache.ratis.thirdparty.io.netty.channel.nio.NioEventLoop.processSelectedKey(NioEventLoop.java:632)
	at org.apache.ratis.thirdparty.io.netty.channel.nio.NioEventLoop.processSelectedKeysOptimized(NioEventLoop.java:579)
	at org.apache.ratis.thirdparty.io.netty.channel.nio.NioEventLoop.processSelectedKeys(NioEventLoop.java:496)
	at org.apache.ratis.thirdparty.io.netty.channel.nio.NioEventLoop.run(NioEventLoop.java:458)
	at org.apache.ratis.thirdparty.io.netty.util.concurrent.SingleThreadEventExecutor$5.run(SingleThreadEventExecutor.java:897)
	at org.apache.ratis.thirdparty.io.netty.util.concurrent.FastThreadLocalRunnable.run(FastThreadLocalRunnable.java:30)
	... 1 more
Caused by: java.net.ConnectException: Connection refused
	... 11 more
2019-09-25 05:32:50,601 [07d2a3d4-a08d-4ff2-9fee-7694a26bc9e9@group-FABB21EF17C7:LeaderElection323] INFO  impl.LeaderElection (LogUtils.java:infoOrTrace(149)) - 07d2a3d4-a08d-4ff2-9fee-7694a26bc9e9@group-FABB21EF17C7:LeaderElection323 got exception when requesting votes: {}
java.util.concurrent.ExecutionException: org.apache.ratis.thirdparty.io.grpc.StatusRuntimeException: UNAVAILABLE: io exception
	at java.util.concurrent.FutureTask.report(FutureTask.java:122)
	at java.util.concurrent.FutureTask.get(FutureTask.java:192)
	at org.apache.ratis.server.impl.LeaderElection.waitForResults(LeaderElection.java:263)
	at org.apache.ratis.server.impl.LeaderElection.askForVotes(LeaderElection.java:201)
	at org.apache.ratis.server.impl.LeaderElection.run(LeaderElection.java:133)
	at java.lang.Thread.run(Thread.java:748)
Caused by: org.apache.ratis.thirdparty.io.grpc.StatusRuntimeException: UNAVAILABLE: io exception
	at org.apache.ratis.thirdparty.io.grpc.stub.ClientCalls.toStatusRuntimeException(ClientCalls.java:233)
	at org.apache.ratis.thirdparty.io.grpc.stub.ClientCalls.getUnchecked(ClientCalls.java:214)
	at org.apache.ratis.thirdparty.io.grpc.stub.ClientCalls.blockingUnaryCall(ClientCalls.java:139)
	at org.apache.ratis.proto.grpc.RaftServerProtocolServiceGrpc$RaftServerProtocolServiceBlockingStub.requestVote(RaftServerProtocolServiceGrpc.java:265)
	at org.apache.ratis.grpc.server.GrpcServerProtocolClient.requestVote(GrpcServerProtocolClient.java:90)
	at org.apache.ratis.grpc.server.GrpcService.requestVote(GrpcService.java:204)
	at org.apache.ratis.server.impl.LeaderElection.lambda$submitRequests$1(LeaderElection.java:238)
	at java.util.concurrent.FutureTask.run(FutureTask.java:266)
	at java.util.concurrent.Executors$RunnableAdapter.call(Executors.java:511)
	at java.util.concurrent.FutureTask.run(FutureTask.java:266)
	at java.util.concurrent.ThreadPoolExecutor.runWorker(ThreadPoolExecutor.java:1149)
	at java.util.concurrent.ThreadPoolExecutor$Worker.run(ThreadPoolExecutor.java:624)
	... 1 more
Caused by: org.apache.ratis.thirdparty.io.netty.channel.AbstractChannel$AnnotatedConnectException: Connection refused: /192.168.36.126:33810
	at sun.nio.ch.SocketChannelImpl.checkConnect(Native Method)
	at sun.nio.ch.SocketChannelImpl.finishConnect(SocketChannelImpl.java:717)
	at org.apache.ratis.thirdparty.io.netty.channel.socket.nio.NioSocketChannel.doFinishConnect(NioSocketChannel.java:327)
	at org.apache.ratis.thirdparty.io.netty.channel.nio.AbstractNioChannel$AbstractNioUnsafe.finishConnect(AbstractNioChannel.java:340)
	at org.apache.ratis.thirdparty.io.netty.channel.nio.NioEventLoop.processSelectedKey(NioEventLoop.java:632)
	at org.apache.ratis.thirdparty.io.netty.channel.nio.NioEventLoop.processSelectedKeysOptimized(NioEventLoop.java:579)
	at org.apache.ratis.thirdparty.io.netty.channel.nio.NioEventLoop.processSelectedKeys(NioEventLoop.java:496)
	at org.apache.ratis.thirdparty.io.netty.channel.nio.NioEventLoop.run(NioEventLoop.java:458)
	at org.apache.ratis.thirdparty.io.netty.util.concurrent.SingleThreadEventExecutor$5.run(SingleThreadEventExecutor.java:897)
	at org.apache.ratis.thirdparty.io.netty.util.concurrent.FastThreadLocalRunnable.run(FastThreadLocalRunnable.java:30)
	... 1 more
Caused by: java.net.ConnectException: Connection refused
	... 11 more
2019-09-25 05:32:50,600 [718f5985-af6b-46f0-b376-36c68e33e3c2@group-8EE3C38B4941:LeaderElection325] INFO  impl.LeaderElection (LogUtils.java:infoOrTrace(149)) - 718f5985-af6b-46f0-b376-36c68e33e3c2@group-8EE3C38B4941:LeaderElection325 got exception when requesting votes: {}
java.util.concurrent.ExecutionException: org.apache.ratis.thirdparty.io.grpc.StatusRuntimeException: UNAVAILABLE: io exception
	at java.util.concurrent.FutureTask.report(FutureTask.java:122)
	at java.util.concurrent.FutureTask.get(FutureTask.java:192)
	at org.apache.ratis.server.impl.LeaderElection.waitForResults(LeaderElection.java:263)
	at org.apache.ratis.server.impl.LeaderElection.askForVotes(LeaderElection.java:201)
	at org.apache.ratis.server.impl.LeaderElection.run(LeaderElection.java:133)
	at java.lang.Thread.run(Thread.java:748)
Caused by: org.apache.ratis.thirdparty.io.grpc.StatusRuntimeException: UNAVAILABLE: io exception
	at org.apache.ratis.thirdparty.io.grpc.stub.ClientCalls.toStatusRuntimeException(ClientCalls.java:233)
	at org.apache.ratis.thirdparty.io.grpc.stub.ClientCalls.getUnchecked(ClientCalls.java:214)
	at org.apache.ratis.thirdparty.io.grpc.stub.ClientCalls.blockingUnaryCall(ClientCalls.java:139)
	at org.apache.ratis.proto.grpc.RaftServerProtocolServiceGrpc$RaftServerProtocolServiceBlockingStub.requestVote(RaftServerProtocolServiceGrpc.java:265)
	at org.apache.ratis.grpc.server.GrpcServerProtocolClient.requestVote(GrpcServerProtocolClient.java:90)
	at org.apache.ratis.grpc.server.GrpcService.requestVote(GrpcService.java:204)
	at org.apache.ratis.server.impl.LeaderElection.lambda$submitRequests$1(LeaderElection.java:238)
	at java.util.concurrent.FutureTask.run(FutureTask.java:266)
	at java.util.concurrent.Executors$RunnableAdapter.call(Executors.java:511)
	at java.util.concurrent.FutureTask.run(FutureTask.java:266)
	at java.util.concurrent.ThreadPoolExecutor.runWorker(ThreadPoolExecutor.java:1149)
	at java.util.concurrent.ThreadPoolExecutor$Worker.run(ThreadPoolExecutor.java:624)
	... 1 more
Caused by: org.apache.ratis.thirdparty.io.netty.channel.AbstractChannel$AnnotatedConnectException: Connection refused: /192.168.36.126:33810
	at sun.nio.ch.SocketChannelImpl.checkConnect(Native Method)
	at sun.nio.ch.SocketChannelImpl.finishConnect(SocketChannelImpl.java:717)
	at org.apache.ratis.thirdparty.io.netty.channel.socket.nio.NioSocketChannel.doFinishConnect(NioSocketChannel.java:327)
	at org.apache.ratis.thirdparty.io.netty.channel.nio.AbstractNioChannel$AbstractNioUnsafe.finishConnect(AbstractNioChannel.java:340)
	at org.apache.ratis.thirdparty.io.netty.channel.nio.NioEventLoop.processSelectedKey(NioEventLoop.java:632)
	at org.apache.ratis.thirdparty.io.netty.channel.nio.NioEventLoop.processSelectedKeysOptimized(NioEventLoop.java:579)
	at org.apache.ratis.thirdparty.io.netty.channel.nio.NioEventLoop.processSelectedKeys(NioEventLoop.java:496)
	at org.apache.ratis.thirdparty.io.netty.channel.nio.NioEventLoop.run(NioEventLoop.java:458)
	at org.apache.ratis.thirdparty.io.netty.util.concurrent.SingleThreadEventExecutor$5.run(SingleThreadEventExecutor.java:897)
	at org.apache.ratis.thirdparty.io.netty.util.concurrent.FastThreadLocalRunnable.run(FastThreadLocalRunnable.java:30)
	... 1 more
Caused by: java.net.ConnectException: Connection refused
	... 11 more
2019-09-25 05:32:50,599 [718f5985-af6b-46f0-b376-36c68e33e3c2@group-19CC27109C97:LeaderElection324] INFO  impl.LeaderElection (LogUtils.java:infoOrTrace(149)) - 718f5985-af6b-46f0-b376-36c68e33e3c2@group-19CC27109C97:LeaderElection324 got exception when requesting votes: {}
java.util.concurrent.ExecutionException: org.apache.ratis.thirdparty.io.grpc.StatusRuntimeException: UNAVAILABLE: io exception
	at java.util.concurrent.FutureTask.report(FutureTask.java:122)
	at java.util.concurrent.FutureTask.get(FutureTask.java:192)
	at org.apache.ratis.server.impl.LeaderElection.waitForResults(LeaderElection.java:263)
	at org.apache.ratis.server.impl.LeaderElection.askForVotes(LeaderElection.java:201)
	at org.apache.ratis.server.impl.LeaderElection.run(LeaderElection.java:133)
	at java.lang.Thread.run(Thread.java:748)
Caused by: org.apache.ratis.thirdparty.io.grpc.StatusRuntimeException: UNAVAILABLE: io exception
	at org.apache.ratis.thirdparty.io.grpc.stub.ClientCalls.toStatusRuntimeException(ClientCalls.java:233)
	at org.apache.ratis.thirdparty.io.grpc.stub.ClientCalls.getUnchecked(ClientCalls.java:214)
	at org.apache.ratis.thirdparty.io.grpc.stub.ClientCalls.blockingUnaryCall(ClientCalls.java:139)
	at org.apache.ratis.proto.grpc.RaftServerProtocolServiceGrpc$RaftServerProtocolServiceBlockingStub.requestVote(RaftServerProtocolServiceGrpc.java:265)
	at org.apache.ratis.grpc.server.GrpcServerProtocolClient.requestVote(GrpcServerProtocolClient.java:90)
	at org.apache.ratis.grpc.server.GrpcService.requestVote(GrpcService.java:204)
	at org.apache.ratis.server.impl.LeaderElection.lambda$submitRequests$1(LeaderElection.java:238)
	at java.util.concurrent.FutureTask.run(FutureTask.java:266)
	at java.util.concurrent.Executors$RunnableAdapter.call(Executors.java:511)
	at java.util.concurrent.FutureTask.run(FutureTask.java:266)
	at java.util.concurrent.ThreadPoolExecutor.runWorker(ThreadPoolExecutor.java:1149)
	at java.util.concurrent.ThreadPoolExecutor$Worker.run(ThreadPoolExecutor.java:624)
	... 1 more
Caused by: org.apache.ratis.thirdparty.io.netty.channel.AbstractChannel$AnnotatedConnectException: Connection refused: /192.168.36.126:33810
	at sun.nio.ch.SocketChannelImpl.checkConnect(Native Method)
	at sun.nio.ch.SocketChannelImpl.finishConnect(SocketChannelImpl.java:717)
	at org.apache.ratis.thirdparty.io.netty.channel.socket.nio.NioSocketChannel.doFinishConnect(NioSocketChannel.java:327)
	at org.apache.ratis.thirdparty.io.netty.channel.nio.AbstractNioChannel$AbstractNioUnsafe.finishConnect(AbstractNioChannel.java:340)
	at org.apache.ratis.thirdparty.io.netty.channel.nio.NioEventLoop.processSelectedKey(NioEventLoop.java:632)
	at org.apache.ratis.thirdparty.io.netty.channel.nio.NioEventLoop.processSelectedKeysOptimized(NioEventLoop.java:579)
	at org.apache.ratis.thirdparty.io.netty.channel.nio.NioEventLoop.processSelectedKeys(NioEventLoop.java:496)
	at org.apache.ratis.thirdparty.io.netty.channel.nio.NioEventLoop.run(NioEventLoop.java:458)
	at org.apache.ratis.thirdparty.io.netty.util.concurrent.SingleThreadEventExecutor$5.run(SingleThreadEventExecutor.java:897)
	at org.apache.ratis.thirdparty.io.netty.util.concurrent.FastThreadLocalRunnable.run(FastThreadLocalRunnable.java:30)
	... 1 more
Caused by: java.net.ConnectException: Connection refused
	... 11 more
2019-09-25 05:32:50,604 [07d2a3d4-a08d-4ff2-9fee-7694a26bc9e9@group-8EE3C38B4941:LeaderElection326] INFO  impl.LeaderElection (LeaderElection.java:logAndReturn(56)) - 07d2a3d4-a08d-4ff2-9fee-7694a26bc9e9@group-8EE3C38B4941:LeaderElection326: Election REJECTED; received 1 response(s) [07d2a3d4-a08d-4ff2-9fee-7694a26bc9e9<-718f5985-af6b-46f0-b376-36c68e33e3c2#0:FAIL-t10] and 1 exception(s); 07d2a3d4-a08d-4ff2-9fee-7694a26bc9e9@group-8EE3C38B4941:t10, leader=null, voted=07d2a3d4-a08d-4ff2-9fee-7694a26bc9e9, raftlog=07d2a3d4-a08d-4ff2-9fee-7694a26bc9e9@group-8EE3C38B4941-SegmentedRaftLog:OPENED:c-1,f-1,i0, conf=-1: [07d2a3d4-a08d-4ff2-9fee-7694a26bc9e9:192.168.36.126:42527, 718f5985-af6b-46f0-b376-36c68e33e3c2:192.168.36.126:33516, 7d339ff4-0353-45b5-a855-49faf6b9a877:192.168.36.126:33810], old=null
2019-09-25 05:32:50,604 [718f5985-af6b-46f0-b376-36c68e33e3c2@group-8EE3C38B4941:LeaderElection325] INFO  impl.LeaderElection (LeaderElection.java:logAndReturn(56)) - 718f5985-af6b-46f0-b376-36c68e33e3c2@group-8EE3C38B4941:LeaderElection325: Election REJECTED; received 1 response(s) [718f5985-af6b-46f0-b376-36c68e33e3c2<-07d2a3d4-a08d-4ff2-9fee-7694a26bc9e9#0:FAIL-t10] and 1 exception(s); 718f5985-af6b-46f0-b376-36c68e33e3c2@group-8EE3C38B4941:t10, leader=null, voted=718f5985-af6b-46f0-b376-36c68e33e3c2, raftlog=718f5985-af6b-46f0-b376-36c68e33e3c2@group-8EE3C38B4941-SegmentedRaftLog:OPENED:c-1,f-1,i0, conf=-1: [07d2a3d4-a08d-4ff2-9fee-7694a26bc9e9:192.168.36.126:42527, 718f5985-af6b-46f0-b376-36c68e33e3c2:192.168.36.126:33516, 7d339ff4-0353-45b5-a855-49faf6b9a877:192.168.36.126:33810], old=null
2019-09-25 05:32:50,601 [e40b1169-82c6-4268-9b48-d611605c3b5d@group-37D53FCFBDA2:LeaderElection327] INFO  impl.LeaderElection (LogUtils.java:infoOrTrace(149)) - e40b1169-82c6-4268-9b48-d611605c3b5d@group-37D53FCFBDA2:LeaderElection327 got exception when requesting votes: {}
java.util.concurrent.ExecutionException: org.apache.ratis.thirdparty.io.grpc.StatusRuntimeException: UNAVAILABLE: io exception
	at java.util.concurrent.FutureTask.report(FutureTask.java:122)
	at java.util.concurrent.FutureTask.get(FutureTask.java:192)
	at org.apache.ratis.server.impl.LeaderElection.waitForResults(LeaderElection.java:263)
	at org.apache.ratis.server.impl.LeaderElection.askForVotes(LeaderElection.java:201)
	at org.apache.ratis.server.impl.LeaderElection.run(LeaderElection.java:133)
	at java.lang.Thread.run(Thread.java:748)
Caused by: org.apache.ratis.thirdparty.io.grpc.StatusRuntimeException: UNAVAILABLE: io exception
	at org.apache.ratis.thirdparty.io.grpc.stub.ClientCalls.toStatusRuntimeException(ClientCalls.java:233)
	at org.apache.ratis.thirdparty.io.grpc.stub.ClientCalls.getUnchecked(ClientCalls.java:214)
	at org.apache.ratis.thirdparty.io.grpc.stub.ClientCalls.blockingUnaryCall(ClientCalls.java:139)
	at org.apache.ratis.proto.grpc.RaftServerProtocolServiceGrpc$RaftServerProtocolServiceBlockingStub.requestVote(RaftServerProtocolServiceGrpc.java:265)
	at org.apache.ratis.grpc.server.GrpcServerProtocolClient.requestVote(GrpcServerProtocolClient.java:90)
	at org.apache.ratis.grpc.server.GrpcService.requestVote(GrpcService.java:204)
	at org.apache.ratis.server.impl.LeaderElection.lambda$submitRequests$1(LeaderElection.java:238)
	at java.util.concurrent.FutureTask.run(FutureTask.java:266)
	at java.util.concurrent.Executors$RunnableAdapter.call(Executors.java:511)
	at java.util.concurrent.FutureTask.run(FutureTask.java:266)
	at java.util.concurrent.ThreadPoolExecutor.runWorker(ThreadPoolExecutor.java:1149)
	at java.util.concurrent.ThreadPoolExecutor$Worker.run(ThreadPoolExecutor.java:624)
	... 1 more
Caused by: org.apache.ratis.thirdparty.io.netty.channel.AbstractChannel$AnnotatedConnectException: Connection refused: /192.168.36.126:35863
	at sun.nio.ch.SocketChannelImpl.checkConnect(Native Method)
	at sun.nio.ch.SocketChannelImpl.finishConnect(SocketChannelImpl.java:717)
	at org.apache.ratis.thirdparty.io.netty.channel.socket.nio.NioSocketChannel.doFinishConnect(NioSocketChannel.java:327)
	at org.apache.ratis.thirdparty.io.netty.channel.nio.AbstractNioChannel$AbstractNioUnsafe.finishConnect(AbstractNioChannel.java:340)
	at org.apache.ratis.thirdparty.io.netty.channel.nio.NioEventLoop.processSelectedKey(NioEventLoop.java:632)
	at org.apache.ratis.thirdparty.io.netty.channel.nio.NioEventLoop.processSelectedKeysOptimized(NioEventLoop.java:579)
	at org.apache.ratis.thirdparty.io.netty.channel.nio.NioEventLoop.processSelectedKeys(NioEventLoop.java:496)
	at org.apache.ratis.thirdparty.io.netty.channel.nio.NioEventLoop.run(NioEventLoop.java:458)
	at org.apache.ratis.thirdparty.io.netty.util.concurrent.SingleThreadEventExecutor$5.run(SingleThreadEventExecutor.java:897)
	at org.apache.ratis.thirdparty.io.netty.util.concurrent.FastThreadLocalRunnable.run(FastThreadLocalRunnable.java:30)
	... 1 more
Caused by: java.net.ConnectException: Connection refused
	... 11 more
2019-09-25 05:32:50,601 [74c765d4-ecbc-4161-b0d3-3f71a54c17e6@group-37D53FCFBDA2:LeaderElection328] INFO  impl.LeaderElection (LogUtils.java:infoOrTrace(149)) - 74c765d4-ecbc-4161-b0d3-3f71a54c17e6@group-37D53FCFBDA2:LeaderElection328 got exception when requesting votes: {}
java.util.concurrent.ExecutionException: org.apache.ratis.thirdparty.io.grpc.StatusRuntimeException: UNAVAILABLE: io exception
	at java.util.concurrent.FutureTask.report(FutureTask.java:122)
	at java.util.concurrent.FutureTask.get(FutureTask.java:192)
	at org.apache.ratis.server.impl.LeaderElection.waitForResults(LeaderElection.java:263)
	at org.apache.ratis.server.impl.LeaderElection.askForVotes(LeaderElection.java:201)
	at org.apache.ratis.server.impl.LeaderElection.run(LeaderElection.java:133)
	at java.lang.Thread.run(Thread.java:748)
Caused by: org.apache.ratis.thirdparty.io.grpc.StatusRuntimeException: UNAVAILABLE: io exception
	at org.apache.ratis.thirdparty.io.grpc.stub.ClientCalls.toStatusRuntimeException(ClientCalls.java:233)
	at org.apache.ratis.thirdparty.io.grpc.stub.ClientCalls.getUnchecked(ClientCalls.java:214)
	at org.apache.ratis.thirdparty.io.grpc.stub.ClientCalls.blockingUnaryCall(ClientCalls.java:139)
	at org.apache.ratis.proto.grpc.RaftServerProtocolServiceGrpc$RaftServerProtocolServiceBlockingStub.requestVote(RaftServerProtocolServiceGrpc.java:265)
	at org.apache.ratis.grpc.server.GrpcServerProtocolClient.requestVote(GrpcServerProtocolClient.java:90)
	at org.apache.ratis.grpc.server.GrpcService.requestVote(GrpcService.java:204)
	at org.apache.ratis.server.impl.LeaderElection.lambda$submitRequests$1(LeaderElection.java:238)
	at java.util.concurrent.FutureTask.run(FutureTask.java:266)
	at java.util.concurrent.Executors$RunnableAdapter.call(Executors.java:511)
	at java.util.concurrent.FutureTask.run(FutureTask.java:266)
	at java.util.concurrent.ThreadPoolExecutor.runWorker(ThreadPoolExecutor.java:1149)
	at java.util.concurrent.ThreadPoolExecutor$Worker.run(ThreadPoolExecutor.java:624)
	... 1 more
Caused by: org.apache.ratis.thirdparty.io.netty.channel.AbstractChannel$AnnotatedConnectException: Connection refused: /192.168.36.126:35863
	at sun.nio.ch.SocketChannelImpl.checkConnect(Native Method)
	at sun.nio.ch.SocketChannelImpl.finishConnect(SocketChannelImpl.java:717)
	at org.apache.ratis.thirdparty.io.netty.channel.socket.nio.NioSocketChannel.doFinishConnect(NioSocketChannel.java:327)
	at org.apache.ratis.thirdparty.io.netty.channel.nio.AbstractNioChannel$AbstractNioUnsafe.finishConnect(AbstractNioChannel.java:340)
	at org.apache.ratis.thirdparty.io.netty.channel.nio.NioEventLoop.processSelectedKey(NioEventLoop.java:632)
	at org.apache.ratis.thirdparty.io.netty.channel.nio.NioEventLoop.processSelectedKeysOptimized(NioEventLoop.java:579)
	at org.apache.ratis.thirdparty.io.netty.channel.nio.NioEventLoop.processSelectedKeys(NioEventLoop.java:496)
	at org.apache.ratis.thirdparty.io.netty.channel.nio.NioEventLoop.run(NioEventLoop.java:458)
	at org.apache.ratis.thirdparty.io.netty.util.concurrent.SingleThreadEventExecutor$5.run(SingleThreadEventExecutor.java:897)
	at org.apache.ratis.thirdparty.io.netty.util.concurrent.FastThreadLocalRunnable.run(FastThreadLocalRunnable.java:30)
	... 1 more
Caused by: java.net.ConnectException: Connection refused
	... 11 more
2019-09-25 05:32:50,606 [718f5985-af6b-46f0-b376-36c68e33e3c2@group-19CC27109C97:LeaderElection324] INFO  impl.LeaderElection (LeaderElection.java:logAndReturn(56)) - 718f5985-af6b-46f0-b376-36c68e33e3c2@group-19CC27109C97:LeaderElection324: Election REJECTED; received 1 response(s) [718f5985-af6b-46f0-b376-36c68e33e3c2<-07d2a3d4-a08d-4ff2-9fee-7694a26bc9e9#0:FAIL-t10] and 1 exception(s); 718f5985-af6b-46f0-b376-36c68e33e3c2@group-19CC27109C97:t10, leader=null, voted=718f5985-af6b-46f0-b376-36c68e33e3c2, raftlog=718f5985-af6b-46f0-b376-36c68e33e3c2@group-19CC27109C97-SegmentedRaftLog:OPENED:c-1,f-1,i0, conf=-1: [07d2a3d4-a08d-4ff2-9fee-7694a26bc9e9:192.168.36.126:42527, 718f5985-af6b-46f0-b376-36c68e33e3c2:192.168.36.126:33516, 7d339ff4-0353-45b5-a855-49faf6b9a877:192.168.36.126:33810], old=null
2019-09-25 05:32:50,605 [07d2a3d4-a08d-4ff2-9fee-7694a26bc9e9@group-19CC27109C97:LeaderElection329] INFO  impl.LeaderElection (LeaderElection.java:logAndReturn(56)) - 07d2a3d4-a08d-4ff2-9fee-7694a26bc9e9@group-19CC27109C97:LeaderElection329: Election REJECTED; received 1 response(s) [07d2a3d4-a08d-4ff2-9fee-7694a26bc9e9<-718f5985-af6b-46f0-b376-36c68e33e3c2#0:FAIL-t10] and 1 exception(s); 07d2a3d4-a08d-4ff2-9fee-7694a26bc9e9@group-19CC27109C97:t10, leader=null, voted=07d2a3d4-a08d-4ff2-9fee-7694a26bc9e9, raftlog=07d2a3d4-a08d-4ff2-9fee-7694a26bc9e9@group-19CC27109C97-SegmentedRaftLog:OPENED:c-1,f-1,i0, conf=-1: [07d2a3d4-a08d-4ff2-9fee-7694a26bc9e9:192.168.36.126:42527, 718f5985-af6b-46f0-b376-36c68e33e3c2:192.168.36.126:33516, 7d339ff4-0353-45b5-a855-49faf6b9a877:192.168.36.126:33810], old=null
2019-09-25 05:32:50,605 [718f5985-af6b-46f0-b376-36c68e33e3c2@group-8EE3C38B4941:LeaderElection325] INFO  impl.LeaderElection (LogUtils.java:infoOrTrace(149)) -   Exception 0: {}
java.util.concurrent.ExecutionException: org.apache.ratis.thirdparty.io.grpc.StatusRuntimeException: UNAVAILABLE: io exception
	at java.util.concurrent.FutureTask.report(FutureTask.java:122)
	at java.util.concurrent.FutureTask.get(FutureTask.java:192)
	at org.apache.ratis.server.impl.LeaderElection.waitForResults(LeaderElection.java:263)
	at org.apache.ratis.server.impl.LeaderElection.askForVotes(LeaderElection.java:201)
	at org.apache.ratis.server.impl.LeaderElection.run(LeaderElection.java:133)
	at java.lang.Thread.run(Thread.java:748)
Caused by: org.apache.ratis.thirdparty.io.grpc.StatusRuntimeException: UNAVAILABLE: io exception
	at org.apache.ratis.thirdparty.io.grpc.stub.ClientCalls.toStatusRuntimeException(ClientCalls.java:233)
	at org.apache.ratis.thirdparty.io.grpc.stub.ClientCalls.getUnchecked(ClientCalls.java:214)
	at org.apache.ratis.thirdparty.io.grpc.stub.ClientCalls.blockingUnaryCall(ClientCalls.java:139)
	at org.apache.ratis.proto.grpc.RaftServerProtocolServiceGrpc$RaftServerProtocolServiceBlockingStub.requestVote(RaftServerProtocolServiceGrpc.java:265)
	at org.apache.ratis.grpc.server.GrpcServerProtocolClient.requestVote(GrpcServerProtocolClient.java:90)
	at org.apache.ratis.grpc.server.GrpcService.requestVote(GrpcService.java:204)
	at org.apache.ratis.server.impl.LeaderElection.lambda$submitRequests$1(LeaderElection.java:238)
	at java.util.concurrent.FutureTask.run(FutureTask.java:266)
	at java.util.concurrent.Executors$RunnableAdapter.call(Executors.java:511)
	at java.util.concurrent.FutureTask.run(FutureTask.java:266)
	at java.util.concurrent.ThreadPoolExecutor.runWorker(ThreadPoolExecutor.java:1149)
	at java.util.concurrent.ThreadPoolExecutor$Worker.run(ThreadPoolExecutor.java:624)
	... 1 more
Caused by: org.apache.ratis.thirdparty.io.netty.channel.AbstractChannel$AnnotatedConnectException: Connection refused: /192.168.36.126:33810
	at sun.nio.ch.SocketChannelImpl.checkConnect(Native Method)
	at sun.nio.ch.SocketChannelImpl.finishConnect(SocketChannelImpl.java:717)
	at org.apache.ratis.thirdparty.io.netty.channel.socket.nio.NioSocketChannel.doFinishConnect(NioSocketChannel.java:327)
	at org.apache.ratis.thirdparty.io.netty.channel.nio.AbstractNioChannel$AbstractNioUnsafe.finishConnect(AbstractNioChannel.java:340)
	at org.apache.ratis.thirdparty.io.netty.channel.nio.NioEventLoop.processSelectedKey(NioEventLoop.java:632)
	at org.apache.ratis.thirdparty.io.netty.channel.nio.NioEventLoop.processSelectedKeysOptimized(NioEventLoop.java:579)
	at org.apache.ratis.thirdparty.io.netty.channel.nio.NioEventLoop.processSelectedKeys(NioEventLoop.java:496)
	at org.apache.ratis.thirdparty.io.netty.channel.nio.NioEventLoop.run(NioEventLoop.java:458)
	at org.apache.ratis.thirdparty.io.netty.util.concurrent.SingleThreadEventExecutor$5.run(SingleThreadEventExecutor.java:897)
	at org.apache.ratis.thirdparty.io.netty.util.concurrent.FastThreadLocalRunnable.run(FastThreadLocalRunnable.java:30)
	... 1 more
Caused by: java.net.ConnectException: Connection refused
	... 11 more
2019-09-25 05:32:50,604 [07d2a3d4-a08d-4ff2-9fee-7694a26bc9e9@group-8EE3C38B4941:LeaderElection326] INFO  impl.LeaderElection (LogUtils.java:infoOrTrace(149)) -   Exception 0: {}
java.util.concurrent.ExecutionException: org.apache.ratis.thirdparty.io.grpc.StatusRuntimeException: UNAVAILABLE: io exception
	at java.util.concurrent.FutureTask.report(FutureTask.java:122)
	at java.util.concurrent.FutureTask.get(FutureTask.java:192)
	at org.apache.ratis.server.impl.LeaderElection.waitForResults(LeaderElection.java:263)
	at org.apache.ratis.server.impl.LeaderElection.askForVotes(LeaderElection.java:201)
	at org.apache.ratis.server.impl.LeaderElection.run(LeaderElection.java:133)
	at java.lang.Thread.run(Thread.java:748)
Caused by: org.apache.ratis.thirdparty.io.grpc.StatusRuntimeException: UNAVAILABLE: io exception
	at org.apache.ratis.thirdparty.io.grpc.stub.ClientCalls.toStatusRuntimeException(ClientCalls.java:233)
	at org.apache.ratis.thirdparty.io.grpc.stub.ClientCalls.getUnchecked(ClientCalls.java:214)
	at org.apache.ratis.thirdparty.io.grpc.stub.ClientCalls.blockingUnaryCall(ClientCalls.java:139)
	at org.apache.ratis.proto.grpc.RaftServerProtocolServiceGrpc$RaftServerProtocolServiceBlockingStub.requestVote(RaftServerProtocolServiceGrpc.java:265)
	at org.apache.ratis.grpc.server.GrpcServerProtocolClient.requestVote(GrpcServerProtocolClient.java:90)
	at org.apache.ratis.grpc.server.GrpcService.requestVote(GrpcService.java:204)
	at org.apache.ratis.server.impl.LeaderElection.lambda$submitRequests$1(LeaderElection.java:238)
	at java.util.concurrent.FutureTask.run(FutureTask.java:266)
	at java.util.concurrent.Executors$RunnableAdapter.call(Executors.java:511)
	at java.util.concurrent.FutureTask.run(FutureTask.java:266)
	at java.util.concurrent.ThreadPoolExecutor.runWorker(ThreadPoolExecutor.java:1149)
	at java.util.concurrent.ThreadPoolExecutor$Worker.run(ThreadPoolExecutor.java:624)
	... 1 more
Caused by: org.apache.ratis.thirdparty.io.netty.channel.AbstractChannel$AnnotatedConnectException: Connection refused: /192.168.36.126:33810
	at sun.nio.ch.SocketChannelImpl.checkConnect(Native Method)
	at sun.nio.ch.SocketChannelImpl.finishConnect(SocketChannelImpl.java:717)
	at org.apache.ratis.thirdparty.io.netty.channel.socket.nio.NioSocketChannel.doFinishConnect(NioSocketChannel.java:327)
	at org.apache.ratis.thirdparty.io.netty.channel.nio.AbstractNioChannel$AbstractNioUnsafe.finishConnect(AbstractNioChannel.java:340)
	at org.apache.ratis.thirdparty.io.netty.channel.nio.NioEventLoop.processSelectedKey(NioEventLoop.java:632)
	at org.apache.ratis.thirdparty.io.netty.channel.nio.NioEventLoop.processSelectedKeysOptimized(NioEventLoop.java:579)
	at org.apache.ratis.thirdparty.io.netty.channel.nio.NioEventLoop.processSelectedKeys(NioEventLoop.java:496)
	at org.apache.ratis.thirdparty.io.netty.channel.nio.NioEventLoop.run(NioEventLoop.java:458)
	at org.apache.ratis.thirdparty.io.netty.util.concurrent.SingleThreadEventExecutor$5.run(SingleThreadEventExecutor.java:897)
	at org.apache.ratis.thirdparty.io.netty.util.concurrent.FastThreadLocalRunnable.run(FastThreadLocalRunnable.java:30)
	... 1 more
Caused by: java.net.ConnectException: Connection refused
	... 11 more
2019-09-25 05:32:50,604 [718f5985-af6b-46f0-b376-36c68e33e3c2@group-FABB21EF17C7:LeaderElection322] INFO  impl.LeaderElection (LeaderElection.java:logAndReturn(56)) - 718f5985-af6b-46f0-b376-36c68e33e3c2@group-FABB21EF17C7:LeaderElection322: Election REJECTED; received 1 response(s) [718f5985-af6b-46f0-b376-36c68e33e3c2<-07d2a3d4-a08d-4ff2-9fee-7694a26bc9e9#0:FAIL-t10] and 1 exception(s); 718f5985-af6b-46f0-b376-36c68e33e3c2@group-FABB21EF17C7:t10, leader=null, voted=718f5985-af6b-46f0-b376-36c68e33e3c2, raftlog=718f5985-af6b-46f0-b376-36c68e33e3c2@group-FABB21EF17C7-SegmentedRaftLog:OPENED:c-1,f-1,i0, conf=-1: [07d2a3d4-a08d-4ff2-9fee-7694a26bc9e9:192.168.36.126:42527, 718f5985-af6b-46f0-b376-36c68e33e3c2:192.168.36.126:33516, 7d339ff4-0353-45b5-a855-49faf6b9a877:192.168.36.126:33810], old=null
2019-09-25 05:32:50,607 [07d2a3d4-a08d-4ff2-9fee-7694a26bc9e9@group-8EE3C38B4941:LeaderElection326] INFO  impl.RaftServerImpl (RaftServerImpl.java:setRole(174)) - 07d2a3d4-a08d-4ff2-9fee-7694a26bc9e9@group-8EE3C38B4941: changes role from CANDIDATE to FOLLOWER at term 10 for DISCOVERED_A_NEW_TERM
2019-09-25 05:32:50,607 [718f5985-af6b-46f0-b376-36c68e33e3c2@group-8EE3C38B4941:LeaderElection325] INFO  impl.RaftServerImpl (RaftServerImpl.java:setRole(174)) - 718f5985-af6b-46f0-b376-36c68e33e3c2@group-8EE3C38B4941: changes role from CANDIDATE to FOLLOWER at term 10 for DISCOVERED_A_NEW_TERM
2019-09-25 05:32:50,606 [07d2a3d4-a08d-4ff2-9fee-7694a26bc9e9@group-19CC27109C97:LeaderElection329] INFO  impl.LeaderElection (LogUtils.java:infoOrTrace(149)) -   Exception 0: {}
java.util.concurrent.ExecutionException: org.apache.ratis.thirdparty.io.grpc.StatusRuntimeException: UNAVAILABLE: io exception
	at java.util.concurrent.FutureTask.report(FutureTask.java:122)
	at java.util.concurrent.FutureTask.get(FutureTask.java:192)
	at org.apache.ratis.server.impl.LeaderElection.waitForResults(LeaderElection.java:263)
	at org.apache.ratis.server.impl.LeaderElection.askForVotes(LeaderElection.java:201)
	at org.apache.ratis.server.impl.LeaderElection.run(LeaderElection.java:133)
	at java.lang.Thread.run(Thread.java:748)
Caused by: org.apache.ratis.thirdparty.io.grpc.StatusRuntimeException: UNAVAILABLE: io exception
	at org.apache.ratis.thirdparty.io.grpc.stub.ClientCalls.toStatusRuntimeException(ClientCalls.java:233)
	at org.apache.ratis.thirdparty.io.grpc.stub.ClientCalls.getUnchecked(ClientCalls.java:214)
	at org.apache.ratis.thirdparty.io.grpc.stub.ClientCalls.blockingUnaryCall(ClientCalls.java:139)
	at org.apache.ratis.proto.grpc.RaftServerProtocolServiceGrpc$RaftServerProtocolServiceBlockingStub.requestVote(RaftServerProtocolServiceGrpc.java:265)
	at org.apache.ratis.grpc.server.GrpcServerProtocolClient.requestVote(GrpcServerProtocolClient.java:90)
	at org.apache.ratis.grpc.server.GrpcService.requestVote(GrpcService.java:204)
	at org.apache.ratis.server.impl.LeaderElection.lambda$submitRequests$1(LeaderElection.java:238)
	at java.util.concurrent.FutureTask.run(FutureTask.java:266)
	at java.util.concurrent.Executors$RunnableAdapter.call(Executors.java:511)
	at java.util.concurrent.FutureTask.run(FutureTask.java:266)
	at java.util.concurrent.ThreadPoolExecutor.runWorker(ThreadPoolExecutor.java:1149)
	at java.util.concurrent.ThreadPoolExecutor$Worker.run(ThreadPoolExecutor.java:624)
	... 1 more
Caused by: org.apache.ratis.thirdparty.io.netty.channel.AbstractChannel$AnnotatedConnectException: Connection refused: /192.168.36.126:33810
	at sun.nio.ch.SocketChannelImpl.checkConnect(Native Method)
	at sun.nio.ch.SocketChannelImpl.finishConnect(SocketChannelImpl.java:717)
	at org.apache.ratis.thirdparty.io.netty.channel.socket.nio.NioSocketChannel.doFinishConnect(NioSocketChannel.java:327)
	at org.apache.ratis.thirdparty.io.netty.channel.nio.AbstractNioChannel$AbstractNioUnsafe.finishConnect(AbstractNioChannel.java:340)
	at org.apache.ratis.thirdparty.io.netty.channel.nio.NioEventLoop.processSelectedKey(NioEventLoop.java:632)
	at org.apache.ratis.thirdparty.io.netty.channel.nio.NioEventLoop.processSelectedKeysOptimized(NioEventLoop.java:579)
	at org.apache.ratis.thirdparty.io.netty.channel.nio.NioEventLoop.processSelectedKeys(NioEventLoop.java:496)
	at org.apache.ratis.thirdparty.io.netty.channel.nio.NioEventLoop.run(NioEventLoop.java:458)
	at org.apache.ratis.thirdparty.io.netty.util.concurrent.SingleThreadEventExecutor$5.run(SingleThreadEventExecutor.java:897)
	at org.apache.ratis.thirdparty.io.netty.util.concurrent.FastThreadLocalRunnable.run(FastThreadLocalRunnable.java:30)
	... 1 more
Caused by: java.net.ConnectException: Connection refused
	... 11 more
2019-09-25 05:32:50,606 [e40b1169-82c6-4268-9b48-d611605c3b5d@group-37D53FCFBDA2:LeaderElection327] INFO  impl.LeaderElection (LeaderElection.java:logAndReturn(56)) - e40b1169-82c6-4268-9b48-d611605c3b5d@group-37D53FCFBDA2:LeaderElection327: Election REJECTED; received 1 response(s) [e40b1169-82c6-4268-9b48-d611605c3b5d<-74c765d4-ecbc-4161-b0d3-3f71a54c17e6#0:FAIL-t6] and 1 exception(s); e40b1169-82c6-4268-9b48-d611605c3b5d@group-37D53FCFBDA2:t6, leader=null, voted=e40b1169-82c6-4268-9b48-d611605c3b5d, raftlog=e40b1169-82c6-4268-9b48-d611605c3b5d@group-37D53FCFBDA2-SegmentedRaftLog:OPENED:c-1,f-1,i0, conf=-1: [e40b1169-82c6-4268-9b48-d611605c3b5d:192.168.36.126:46360, 74c765d4-ecbc-4161-b0d3-3f71a54c17e6:192.168.36.126:46193, 8ffa0edf-3bee-4748-91ab-c75ab538701e:192.168.36.126:35863], old=null
2019-09-25 05:32:50,606 [74c765d4-ecbc-4161-b0d3-3f71a54c17e6@group-37D53FCFBDA2:LeaderElection328] INFO  impl.LeaderElection (LeaderElection.java:logAndReturn(56)) - 74c765d4-ecbc-4161-b0d3-3f71a54c17e6@group-37D53FCFBDA2:LeaderElection328: Election REJECTED; received 1 response(s) [74c765d4-ecbc-4161-b0d3-3f71a54c17e6<-e40b1169-82c6-4268-9b48-d611605c3b5d#0:FAIL-t6] and 1 exception(s); 74c765d4-ecbc-4161-b0d3-3f71a54c17e6@group-37D53FCFBDA2:t6, leader=null, voted=74c765d4-ecbc-4161-b0d3-3f71a54c17e6, raftlog=74c765d4-ecbc-4161-b0d3-3f71a54c17e6@group-37D53FCFBDA2-SegmentedRaftLog:OPENED:c-1,f-1,i0, conf=-1: [e40b1169-82c6-4268-9b48-d611605c3b5d:192.168.36.126:46360, 74c765d4-ecbc-4161-b0d3-3f71a54c17e6:192.168.36.126:46193, 8ffa0edf-3bee-4748-91ab-c75ab538701e:192.168.36.126:35863], old=null
2019-09-25 05:32:50,606 [718f5985-af6b-46f0-b376-36c68e33e3c2@group-19CC27109C97:LeaderElection324] INFO  impl.LeaderElection (LogUtils.java:infoOrTrace(149)) -   Exception 0: {}
java.util.concurrent.ExecutionException: org.apache.ratis.thirdparty.io.grpc.StatusRuntimeException: UNAVAILABLE: io exception
	at java.util.concurrent.FutureTask.report(FutureTask.java:122)
	at java.util.concurrent.FutureTask.get(FutureTask.java:192)
	at org.apache.ratis.server.impl.LeaderElection.waitForResults(LeaderElection.java:263)
	at org.apache.ratis.server.impl.LeaderElection.askForVotes(LeaderElection.java:201)
	at org.apache.ratis.server.impl.LeaderElection.run(LeaderElection.java:133)
	at java.lang.Thread.run(Thread.java:748)
Caused by: org.apache.ratis.thirdparty.io.grpc.StatusRuntimeException: UNAVAILABLE: io exception
	at org.apache.ratis.thirdparty.io.grpc.stub.ClientCalls.toStatusRuntimeException(ClientCalls.java:233)
	at org.apache.ratis.thirdparty.io.grpc.stub.ClientCalls.getUnchecked(ClientCalls.java:214)
	at org.apache.ratis.thirdparty.io.grpc.stub.ClientCalls.blockingUnaryCall(ClientCalls.java:139)
	at org.apache.ratis.proto.grpc.RaftServerProtocolServiceGrpc$RaftServerProtocolServiceBlockingStub.requestVote(RaftServerProtocolServiceGrpc.java:265)
	at org.apache.ratis.grpc.server.GrpcServerProtocolClient.requestVote(GrpcServerProtocolClient.java:90)
	at org.apache.ratis.grpc.server.GrpcService.requestVote(GrpcService.java:204)
	at org.apache.ratis.server.impl.LeaderElection.lambda$submitRequests$1(LeaderElection.java:238)
	at java.util.concurrent.FutureTask.run(FutureTask.java:266)
	at java.util.concurrent.Executors$RunnableAdapter.call(Executors.java:511)
	at java.util.concurrent.FutureTask.run(FutureTask.java:266)
	at java.util.concurrent.ThreadPoolExecutor.runWorker(ThreadPoolExecutor.java:1149)
	at java.util.concurrent.ThreadPoolExecutor$Worker.run(ThreadPoolExecutor.java:624)
	... 1 more
Caused by: org.apache.ratis.thirdparty.io.netty.channel.AbstractChannel$AnnotatedConnectException: Connection refused: /192.168.36.126:33810
	at sun.nio.ch.SocketChannelImpl.checkConnect(Native Method)
	at sun.nio.ch.SocketChannelImpl.finishConnect(SocketChannelImpl.java:717)
	at org.apache.ratis.thirdparty.io.netty.channel.socket.nio.NioSocketChannel.doFinishConnect(NioSocketChannel.java:327)
	at org.apache.ratis.thirdparty.io.netty.channel.nio.AbstractNioChannel$AbstractNioUnsafe.finishConnect(AbstractNioChannel.java:340)
	at org.apache.ratis.thirdparty.io.netty.channel.nio.NioEventLoop.processSelectedKey(NioEventLoop.java:632)
	at org.apache.ratis.thirdparty.io.netty.channel.nio.NioEventLoop.processSelectedKeysOptimized(NioEventLoop.java:579)
	at org.apache.ratis.thirdparty.io.netty.channel.nio.NioEventLoop.processSelectedKeys(NioEventLoop.java:496)
	at org.apache.ratis.thirdparty.io.netty.channel.nio.NioEventLoop.run(NioEventLoop.java:458)
	at org.apache.ratis.thirdparty.io.netty.util.concurrent.SingleThreadEventExecutor$5.run(SingleThreadEventExecutor.java:897)
	at org.apache.ratis.thirdparty.io.netty.util.concurrent.FastThreadLocalRunnable.run(FastThreadLocalRunnable.java:30)
	... 1 more
Caused by: java.net.ConnectException: Connection refused
	... 11 more
2019-09-25 05:32:50,606 [07d2a3d4-a08d-4ff2-9fee-7694a26bc9e9@group-FABB21EF17C7:LeaderElection323] INFO  impl.LeaderElection (LeaderElection.java:logAndReturn(56)) - 07d2a3d4-a08d-4ff2-9fee-7694a26bc9e9@group-FABB21EF17C7:LeaderElection323: Election REJECTED; received 1 response(s) [07d2a3d4-a08d-4ff2-9fee-7694a26bc9e9<-718f5985-af6b-46f0-b376-36c68e33e3c2#0:FAIL-t10] and 1 exception(s); 07d2a3d4-a08d-4ff2-9fee-7694a26bc9e9@group-FABB21EF17C7:t10, leader=null, voted=07d2a3d4-a08d-4ff2-9fee-7694a26bc9e9, raftlog=07d2a3d4-a08d-4ff2-9fee-7694a26bc9e9@group-FABB21EF17C7-SegmentedRaftLog:OPENED:c-1,f-1,i0, conf=-1: [07d2a3d4-a08d-4ff2-9fee-7694a26bc9e9:192.168.36.126:42527, 718f5985-af6b-46f0-b376-36c68e33e3c2:192.168.36.126:33516, 7d339ff4-0353-45b5-a855-49faf6b9a877:192.168.36.126:33810], old=null
2019-09-25 05:32:50,612 [718f5985-af6b-46f0-b376-36c68e33e3c2@group-19CC27109C97:LeaderElection324] INFO  impl.RaftServerImpl (RaftServerImpl.java:setRole(174)) - 718f5985-af6b-46f0-b376-36c68e33e3c2@group-19CC27109C97: changes role from CANDIDATE to FOLLOWER at term 10 for DISCOVERED_A_NEW_TERM
2019-09-25 05:32:50,612 [718f5985-af6b-46f0-b376-36c68e33e3c2@group-19CC27109C97:LeaderElection324] INFO  impl.RoleInfo (RoleInfo.java:shutdownLeaderElection(134)) - 718f5985-af6b-46f0-b376-36c68e33e3c2: shutdown LeaderElection
2019-09-25 05:32:50,612 [74c765d4-ecbc-4161-b0d3-3f71a54c17e6@group-37D53FCFBDA2:LeaderElection328] INFO  impl.LeaderElection (LogUtils.java:infoOrTrace(149)) -   Exception 0: {}
java.util.concurrent.ExecutionException: org.apache.ratis.thirdparty.io.grpc.StatusRuntimeException: UNAVAILABLE: io exception
	at java.util.concurrent.FutureTask.report(FutureTask.java:122)
	at java.util.concurrent.FutureTask.get(FutureTask.java:192)
	at org.apache.ratis.server.impl.LeaderElection.waitForResults(LeaderElection.java:263)
	at org.apache.ratis.server.impl.LeaderElection.askForVotes(LeaderElection.java:201)
	at org.apache.ratis.server.impl.LeaderElection.run(LeaderElection.java:133)
	at java.lang.Thread.run(Thread.java:748)
Caused by: org.apache.ratis.thirdparty.io.grpc.StatusRuntimeException: UNAVAILABLE: io exception
	at org.apache.ratis.thirdparty.io.grpc.stub.ClientCalls.toStatusRuntimeException(ClientCalls.java:233)
	at org.apache.ratis.thirdparty.io.grpc.stub.ClientCalls.getUnchecked(ClientCalls.java:214)
	at org.apache.ratis.thirdparty.io.grpc.stub.ClientCalls.blockingUnaryCall(ClientCalls.java:139)
	at org.apache.ratis.proto.grpc.RaftServerProtocolServiceGrpc$RaftServerProtocolServiceBlockingStub.requestVote(RaftServerProtocolServiceGrpc.java:265)
	at org.apache.ratis.grpc.server.GrpcServerProtocolClient.requestVote(GrpcServerProtocolClient.java:90)
	at org.apache.ratis.grpc.server.GrpcService.requestVote(GrpcService.java:204)
	at org.apache.ratis.server.impl.LeaderElection.lambda$submitRequests$1(LeaderElection.java:238)
	at java.util.concurrent.FutureTask.run(FutureTask.java:266)
	at java.util.concurrent.Executors$RunnableAdapter.call(Executors.java:511)
	at java.util.concurrent.FutureTask.run(FutureTask.java:266)
	at java.util.concurrent.ThreadPoolExecutor.runWorker(ThreadPoolExecutor.java:1149)
	at java.util.concurrent.ThreadPoolExecutor$Worker.run(ThreadPoolExecutor.java:624)
	... 1 more
Caused by: org.apache.ratis.thirdparty.io.netty.channel.AbstractChannel$AnnotatedConnectException: Connection refused: /192.168.36.126:35863
	at sun.nio.ch.SocketChannelImpl.checkConnect(Native Method)
	at sun.nio.ch.SocketChannelImpl.finishConnect(SocketChannelImpl.java:717)
	at org.apache.ratis.thirdparty.io.netty.channel.socket.nio.NioSocketChannel.doFinishConnect(NioSocketChannel.java:327)
	at org.apache.ratis.thirdparty.io.netty.channel.nio.AbstractNioChannel$AbstractNioUnsafe.finishConnect(AbstractNioChannel.java:340)
	at org.apache.ratis.thirdparty.io.netty.channel.nio.NioEventLoop.processSelectedKey(NioEventLoop.java:632)
	at org.apache.ratis.thirdparty.io.netty.channel.nio.NioEventLoop.processSelectedKeysOptimized(NioEventLoop.java:579)
	at org.apache.ratis.thirdparty.io.netty.channel.nio.NioEventLoop.processSelectedKeys(NioEventLoop.java:496)
	at org.apache.ratis.thirdparty.io.netty.channel.nio.NioEventLoop.run(NioEventLoop.java:458)
	at org.apache.ratis.thirdparty.io.netty.util.concurrent.SingleThreadEventExecutor$5.run(SingleThreadEventExecutor.java:897)
	at org.apache.ratis.thirdparty.io.netty.util.concurrent.FastThreadLocalRunnable.run(FastThreadLocalRunnable.java:30)
	... 1 more
Caused by: java.net.ConnectException: Connection refused
	... 11 more
2019-09-25 05:32:50,611 [e40b1169-82c6-4268-9b48-d611605c3b5d@group-37D53FCFBDA2:LeaderElection327] INFO  impl.LeaderElection (LogUtils.java:infoOrTrace(149)) -   Exception 0: {}
java.util.concurrent.ExecutionException: org.apache.ratis.thirdparty.io.grpc.StatusRuntimeException: UNAVAILABLE: io exception
	at java.util.concurrent.FutureTask.report(FutureTask.java:122)
	at java.util.concurrent.FutureTask.get(FutureTask.java:192)
	at org.apache.ratis.server.impl.LeaderElection.waitForResults(LeaderElection.java:263)
	at org.apache.ratis.server.impl.LeaderElection.askForVotes(LeaderElection.java:201)
	at org.apache.ratis.server.impl.LeaderElection.run(LeaderElection.java:133)
	at java.lang.Thread.run(Thread.java:748)
Caused by: org.apache.ratis.thirdparty.io.grpc.StatusRuntimeException: UNAVAILABLE: io exception
	at org.apache.ratis.thirdparty.io.grpc.stub.ClientCalls.toStatusRuntimeException(ClientCalls.java:233)
	at org.apache.ratis.thirdparty.io.grpc.stub.ClientCalls.getUnchecked(ClientCalls.java:214)
	at org.apache.ratis.thirdparty.io.grpc.stub.ClientCalls.blockingUnaryCall(ClientCalls.java:139)
	at org.apache.ratis.proto.grpc.RaftServerProtocolServiceGrpc$RaftServerProtocolServiceBlockingStub.requestVote(RaftServerProtocolServiceGrpc.java:265)
	at org.apache.ratis.grpc.server.GrpcServerProtocolClient.requestVote(GrpcServerProtocolClient.java:90)
	at org.apache.ratis.grpc.server.GrpcService.requestVote(GrpcService.java:204)
	at org.apache.ratis.server.impl.LeaderElection.lambda$submitRequests$1(LeaderElection.java:238)
	at java.util.concurrent.FutureTask.run(FutureTask.java:266)
	at java.util.concurrent.Executors$RunnableAdapter.call(Executors.java:511)
	at java.util.concurrent.FutureTask.run(FutureTask.java:266)
	at java.util.concurrent.ThreadPoolExecutor.runWorker(ThreadPoolExecutor.java:1149)
	at java.util.concurrent.ThreadPoolExecutor$Worker.run(ThreadPoolExecutor.java:624)
	... 1 more
Caused by: org.apache.ratis.thirdparty.io.netty.channel.AbstractChannel$AnnotatedConnectException: Connection refused: /192.168.36.126:35863
	at sun.nio.ch.SocketChannelImpl.checkConnect(Native Method)
	at sun.nio.ch.SocketChannelImpl.finishConnect(SocketChannelImpl.java:717)
	at org.apache.ratis.thirdparty.io.netty.channel.socket.nio.NioSocketChannel.doFinishConnect(NioSocketChannel.java:327)
	at org.apache.ratis.thirdparty.io.netty.channel.nio.AbstractNioChannel$AbstractNioUnsafe.finishConnect(AbstractNioChannel.java:340)
	at org.apache.ratis.thirdparty.io.netty.channel.nio.NioEventLoop.processSelectedKey(NioEventLoop.java:632)
	at org.apache.ratis.thirdparty.io.netty.channel.nio.NioEventLoop.processSelectedKeysOptimized(NioEventLoop.java:579)
	at org.apache.ratis.thirdparty.io.netty.channel.nio.NioEventLoop.processSelectedKeys(NioEventLoop.java:496)
	at org.apache.ratis.thirdparty.io.netty.channel.nio.NioEventLoop.run(NioEventLoop.java:458)
	at org.apache.ratis.thirdparty.io.netty.util.concurrent.SingleThreadEventExecutor$5.run(SingleThreadEventExecutor.java:897)
	at org.apache.ratis.thirdparty.io.netty.util.concurrent.FastThreadLocalRunnable.run(FastThreadLocalRunnable.java:30)
	... 1 more
Caused by: java.net.ConnectException: Connection refused
	... 11 more
2019-09-25 05:32:50,608 [07d2a3d4-a08d-4ff2-9fee-7694a26bc9e9@group-19CC27109C97:LeaderElection329] INFO  impl.RaftServerImpl (RaftServerImpl.java:setRole(174)) - 07d2a3d4-a08d-4ff2-9fee-7694a26bc9e9@group-19CC27109C97: changes role from CANDIDATE to FOLLOWER at term 10 for DISCOVERED_A_NEW_TERM
2019-09-25 05:32:50,608 [718f5985-af6b-46f0-b376-36c68e33e3c2@group-8EE3C38B4941:LeaderElection325] INFO  impl.RoleInfo (RoleInfo.java:shutdownLeaderElection(134)) - 718f5985-af6b-46f0-b376-36c68e33e3c2: shutdown LeaderElection
2019-09-25 05:32:50,608 [07d2a3d4-a08d-4ff2-9fee-7694a26bc9e9@group-8EE3C38B4941:LeaderElection326] INFO  impl.RoleInfo (RoleInfo.java:shutdownLeaderElection(134)) - 07d2a3d4-a08d-4ff2-9fee-7694a26bc9e9: shutdown LeaderElection
2019-09-25 05:32:50,607 [718f5985-af6b-46f0-b376-36c68e33e3c2@group-FABB21EF17C7:LeaderElection322] INFO  impl.LeaderElection (LogUtils.java:infoOrTrace(149)) -   Exception 0: {}
java.util.concurrent.ExecutionException: org.apache.ratis.thirdparty.io.grpc.StatusRuntimeException: UNAVAILABLE: io exception
	at java.util.concurrent.FutureTask.report(FutureTask.java:122)
	at java.util.concurrent.FutureTask.get(FutureTask.java:192)
	at org.apache.ratis.server.impl.LeaderElection.waitForResults(LeaderElection.java:263)
	at org.apache.ratis.server.impl.LeaderElection.askForVotes(LeaderElection.java:201)
	at org.apache.ratis.server.impl.LeaderElection.run(LeaderElection.java:133)
	at java.lang.Thread.run(Thread.java:748)
Caused by: org.apache.ratis.thirdparty.io.grpc.StatusRuntimeException: UNAVAILABLE: io exception
	at org.apache.ratis.thirdparty.io.grpc.stub.ClientCalls.toStatusRuntimeException(ClientCalls.java:233)
	at org.apache.ratis.thirdparty.io.grpc.stub.ClientCalls.getUnchecked(ClientCalls.java:214)
	at org.apache.ratis.thirdparty.io.grpc.stub.ClientCalls.blockingUnaryCall(ClientCalls.java:139)
	at org.apache.ratis.proto.grpc.RaftServerProtocolServiceGrpc$RaftServerProtocolServiceBlockingStub.requestVote(RaftServerProtocolServiceGrpc.java:265)
	at org.apache.ratis.grpc.server.GrpcServerProtocolClient.requestVote(GrpcServerProtocolClient.java:90)
	at org.apache.ratis.grpc.server.GrpcService.requestVote(GrpcService.java:204)
	at org.apache.ratis.server.impl.LeaderElection.lambda$submitRequests$1(LeaderElection.java:238)
	at java.util.concurrent.FutureTask.run(FutureTask.java:266)
	at java.util.concurrent.Executors$RunnableAdapter.call(Executors.java:511)
	at java.util.concurrent.FutureTask.run(FutureTask.java:266)
	at java.util.concurrent.ThreadPoolExecutor.runWorker(ThreadPoolExecutor.java:1149)
	at java.util.concurrent.ThreadPoolExecutor$Worker.run(ThreadPoolExecutor.java:624)
	... 1 more
Caused by: org.apache.ratis.thirdparty.io.netty.channel.AbstractChannel$AnnotatedConnectException: Connection refused: /192.168.36.126:33810
	at sun.nio.ch.SocketChannelImpl.checkConnect(Native Method)
	at sun.nio.ch.SocketChannelImpl.finishConnect(SocketChannelImpl.java:717)
	at org.apache.ratis.thirdparty.io.netty.channel.socket.nio.NioSocketChannel.doFinishConnect(NioSocketChannel.java:327)
	at org.apache.ratis.thirdparty.io.netty.channel.nio.AbstractNioChannel$AbstractNioUnsafe.finishConnect(AbstractNioChannel.java:340)
	at org.apache.ratis.thirdparty.io.netty.channel.nio.NioEventLoop.processSelectedKey(NioEventLoop.java:632)
	at org.apache.ratis.thirdparty.io.netty.channel.nio.NioEventLoop.processSelectedKeysOptimized(NioEventLoop.java:579)
	at org.apache.ratis.thirdparty.io.netty.channel.nio.NioEventLoop.processSelectedKeys(NioEventLoop.java:496)
	at org.apache.ratis.thirdparty.io.netty.channel.nio.NioEventLoop.run(NioEventLoop.java:458)
	at org.apache.ratis.thirdparty.io.netty.util.concurrent.SingleThreadEventExecutor$5.run(SingleThreadEventExecutor.java:897)
	at org.apache.ratis.thirdparty.io.netty.util.concurrent.FastThreadLocalRunnable.run(FastThreadLocalRunnable.java:30)
	... 1 more
Caused by: java.net.ConnectException: Connection refused
	... 11 more
2019-09-25 05:32:50,614 [07d2a3d4-a08d-4ff2-9fee-7694a26bc9e9@group-8EE3C38B4941:LeaderElection326] INFO  impl.RoleInfo (RoleInfo.java:updateAndGet(143)) - 07d2a3d4-a08d-4ff2-9fee-7694a26bc9e9: start FollowerState
2019-09-25 05:32:50,614 [718f5985-af6b-46f0-b376-36c68e33e3c2@group-8EE3C38B4941:LeaderElection325] INFO  impl.RoleInfo (RoleInfo.java:updateAndGet(143)) - 718f5985-af6b-46f0-b376-36c68e33e3c2: start FollowerState
2019-09-25 05:32:50,613 [07d2a3d4-a08d-4ff2-9fee-7694a26bc9e9@group-19CC27109C97:LeaderElection329] INFO  impl.RoleInfo (RoleInfo.java:shutdownLeaderElection(134)) - 07d2a3d4-a08d-4ff2-9fee-7694a26bc9e9: shutdown LeaderElection
2019-09-25 05:32:50,613 [e40b1169-82c6-4268-9b48-d611605c3b5d@group-37D53FCFBDA2:LeaderElection327] INFO  impl.RaftServerImpl (RaftServerImpl.java:setRole(174)) - e40b1169-82c6-4268-9b48-d611605c3b5d@group-37D53FCFBDA2: changes role from CANDIDATE to FOLLOWER at term 6 for DISCOVERED_A_NEW_TERM
2019-09-25 05:32:50,615 [e40b1169-82c6-4268-9b48-d611605c3b5d@group-37D53FCFBDA2:LeaderElection327] INFO  impl.RoleInfo (RoleInfo.java:shutdownLeaderElection(134)) - e40b1169-82c6-4268-9b48-d611605c3b5d: shutdown LeaderElection
2019-09-25 05:32:50,613 [74c765d4-ecbc-4161-b0d3-3f71a54c17e6@group-37D53FCFBDA2:LeaderElection328] INFO  impl.RaftServerImpl (RaftServerImpl.java:setRole(174)) - 74c765d4-ecbc-4161-b0d3-3f71a54c17e6@group-37D53FCFBDA2: changes role from CANDIDATE to FOLLOWER at term 6 for DISCOVERED_A_NEW_TERM
2019-09-25 05:32:50,612 [718f5985-af6b-46f0-b376-36c68e33e3c2@group-19CC27109C97:LeaderElection324] INFO  impl.RoleInfo (RoleInfo.java:updateAndGet(143)) - 718f5985-af6b-46f0-b376-36c68e33e3c2: start FollowerState
2019-09-25 05:32:50,612 [07d2a3d4-a08d-4ff2-9fee-7694a26bc9e9@group-FABB21EF17C7:LeaderElection323] INFO  impl.LeaderElection (LogUtils.java:infoOrTrace(149)) -   Exception 0: {}
java.util.concurrent.ExecutionException: org.apache.ratis.thirdparty.io.grpc.StatusRuntimeException: UNAVAILABLE: io exception
	at java.util.concurrent.FutureTask.report(FutureTask.java:122)
	at java.util.concurrent.FutureTask.get(FutureTask.java:192)
	at org.apache.ratis.server.impl.LeaderElection.waitForResults(LeaderElection.java:263)
	at org.apache.ratis.server.impl.LeaderElection.askForVotes(LeaderElection.java:201)
	at org.apache.ratis.server.impl.LeaderElection.run(LeaderElection.java:133)
	at java.lang.Thread.run(Thread.java:748)
Caused by: org.apache.ratis.thirdparty.io.grpc.StatusRuntimeException: UNAVAILABLE: io exception
	at org.apache.ratis.thirdparty.io.grpc.stub.ClientCalls.toStatusRuntimeException(ClientCalls.java:233)
	at org.apache.ratis.thirdparty.io.grpc.stub.ClientCalls.getUnchecked(ClientCalls.java:214)
	at org.apache.ratis.thirdparty.io.grpc.stub.ClientCalls.blockingUnaryCall(ClientCalls.java:139)
	at org.apache.ratis.proto.grpc.RaftServerProtocolServiceGrpc$RaftServerProtocolServiceBlockingStub.requestVote(RaftServerProtocolServiceGrpc.java:265)
	at org.apache.ratis.grpc.server.GrpcServerProtocolClient.requestVote(GrpcServerProtocolClient.java:90)
	at org.apache.ratis.grpc.server.GrpcService.requestVote(GrpcService.java:204)
	at org.apache.ratis.server.impl.LeaderElection.lambda$submitRequests$1(LeaderElection.java:238)
	at java.util.concurrent.FutureTask.run(FutureTask.java:266)
	at java.util.concurrent.Executors$RunnableAdapter.call(Executors.java:511)
	at java.util.concurrent.FutureTask.run(FutureTask.java:266)
	at java.util.concurrent.ThreadPoolExecutor.runWorker(ThreadPoolExecutor.java:1149)
	at java.util.concurrent.ThreadPoolExecutor$Worker.run(ThreadPoolExecutor.java:624)
	... 1 more
Caused by: org.apache.ratis.thirdparty.io.netty.channel.AbstractChannel$AnnotatedConnectException: Connection refused: /192.168.36.126:33810
	at sun.nio.ch.SocketChannelImpl.checkConnect(Native Method)
	at sun.nio.ch.SocketChannelImpl.finishConnect(SocketChannelImpl.java:717)
	at org.apache.ratis.thirdparty.io.netty.channel.socket.nio.NioSocketChannel.doFinishConnect(NioSocketChannel.java:327)
	at org.apache.ratis.thirdparty.io.netty.channel.nio.AbstractNioChannel$AbstractNioUnsafe.finishConnect(AbstractNioChannel.java:340)
	at org.apache.ratis.thirdparty.io.netty.channel.nio.NioEventLoop.processSelectedKey(NioEventLoop.java:632)
	at org.apache.ratis.thirdparty.io.netty.channel.nio.NioEventLoop.processSelectedKeysOptimized(NioEventLoop.java:579)
	at org.apache.ratis.thirdparty.io.netty.channel.nio.NioEventLoop.processSelectedKeys(NioEventLoop.java:496)
	at org.apache.ratis.thirdparty.io.netty.channel.nio.NioEventLoop.run(NioEventLoop.java:458)
	at org.apache.ratis.thirdparty.io.netty.util.concurrent.SingleThreadEventExecutor$5.run(SingleThreadEventExecutor.java:897)
	at org.apache.ratis.thirdparty.io.netty.util.concurrent.FastThreadLocalRunnable.run(FastThreadLocalRunnable.java:30)
	... 1 more
Caused by: java.net.ConnectException: Connection refused
	... 11 more
2019-09-25 05:32:50,615 [74c765d4-ecbc-4161-b0d3-3f71a54c17e6@group-37D53FCFBDA2:LeaderElection328] INFO  impl.RoleInfo (RoleInfo.java:shutdownLeaderElection(134)) - 74c765d4-ecbc-4161-b0d3-3f71a54c17e6: shutdown LeaderElection
2019-09-25 05:32:50,615 [e40b1169-82c6-4268-9b48-d611605c3b5d@group-37D53FCFBDA2:LeaderElection327] INFO  impl.RoleInfo (RoleInfo.java:updateAndGet(143)) - e40b1169-82c6-4268-9b48-d611605c3b5d: start FollowerState
2019-09-25 05:32:50,615 [07d2a3d4-a08d-4ff2-9fee-7694a26bc9e9@group-19CC27109C97:LeaderElection329] INFO  impl.RoleInfo (RoleInfo.java:updateAndGet(143)) - 07d2a3d4-a08d-4ff2-9fee-7694a26bc9e9: start FollowerState
2019-09-25 05:32:50,614 [718f5985-af6b-46f0-b376-36c68e33e3c2@group-FABB21EF17C7:LeaderElection322] INFO  impl.RaftServerImpl (RaftServerImpl.java:setRole(174)) - 718f5985-af6b-46f0-b376-36c68e33e3c2@group-FABB21EF17C7: changes role from CANDIDATE to FOLLOWER at term 10 for DISCOVERED_A_NEW_TERM
2019-09-25 05:32:50,617 [718f5985-af6b-46f0-b376-36c68e33e3c2@group-FABB21EF17C7:LeaderElection322] INFO  impl.RoleInfo (RoleInfo.java:shutdownLeaderElection(134)) - 718f5985-af6b-46f0-b376-36c68e33e3c2: shutdown LeaderElection
2019-09-25 05:32:50,616 [74c765d4-ecbc-4161-b0d3-3f71a54c17e6@group-37D53FCFBDA2:LeaderElection328] INFO  impl.RoleInfo (RoleInfo.java:updateAndGet(143)) - 74c765d4-ecbc-4161-b0d3-3f71a54c17e6: start FollowerState
2019-09-25 05:32:50,616 [07d2a3d4-a08d-4ff2-9fee-7694a26bc9e9@group-FABB21EF17C7:LeaderElection323] INFO  impl.RaftServerImpl (RaftServerImpl.java:setRole(174)) - 07d2a3d4-a08d-4ff2-9fee-7694a26bc9e9@group-FABB21EF17C7: changes role from CANDIDATE to FOLLOWER at term 10 for DISCOVERED_A_NEW_TERM
2019-09-25 05:32:50,617 [718f5985-af6b-46f0-b376-36c68e33e3c2@group-FABB21EF17C7:LeaderElection322] INFO  impl.RoleInfo (RoleInfo.java:updateAndGet(143)) - 718f5985-af6b-46f0-b376-36c68e33e3c2: start FollowerState
2019-09-25 05:32:50,617 [07d2a3d4-a08d-4ff2-9fee-7694a26bc9e9@group-FABB21EF17C7:LeaderElection323] INFO  impl.RoleInfo (RoleInfo.java:shutdownLeaderElection(134)) - 07d2a3d4-a08d-4ff2-9fee-7694a26bc9e9: shutdown LeaderElection
2019-09-25 05:32:50,617 [07d2a3d4-a08d-4ff2-9fee-7694a26bc9e9@group-FABB21EF17C7:LeaderElection323] INFO  impl.RoleInfo (RoleInfo.java:updateAndGet(143)) - 07d2a3d4-a08d-4ff2-9fee-7694a26bc9e9: start FollowerState
2019-09-25 05:32:51,643 [Thread-2056] INFO  impl.FollowerState (FollowerState.java:run(106)) - 718f5985-af6b-46f0-b376-36c68e33e3c2:group-FABB21EF17C7 changes to CANDIDATE, lastRpcTime:1025, electionTimeout:1025ms
2019-09-25 05:32:51,643 [Thread-2056] INFO  impl.RoleInfo (RoleInfo.java:shutdownFollowerState(121)) - 718f5985-af6b-46f0-b376-36c68e33e3c2: shutdown FollowerState
2019-09-25 05:32:51,643 [Thread-2056] INFO  impl.RaftServerImpl (RaftServerImpl.java:setRole(174)) - 718f5985-af6b-46f0-b376-36c68e33e3c2@group-FABB21EF17C7: changes role from  FOLLOWER to CANDIDATE at term 10 for changeToCandidate
2019-09-25 05:32:51,643 [Thread-2056] INFO  impl.RoleInfo (RoleInfo.java:updateAndGet(143)) - 718f5985-af6b-46f0-b376-36c68e33e3c2: start LeaderElection
2019-09-25 05:32:51,669 [Thread-2051] INFO  impl.FollowerState (FollowerState.java:run(106)) - 718f5985-af6b-46f0-b376-36c68e33e3c2:group-8EE3C38B4941 changes to CANDIDATE, lastRpcTime:1055, electionTimeout:1054ms
2019-09-25 05:32:51,669 [Thread-2051] INFO  impl.RoleInfo (RoleInfo.java:shutdownFollowerState(121)) - 718f5985-af6b-46f0-b376-36c68e33e3c2: shutdown FollowerState
2019-09-25 05:32:51,669 [Thread-2051] INFO  impl.RaftServerImpl (RaftServerImpl.java:setRole(174)) - 718f5985-af6b-46f0-b376-36c68e33e3c2@group-8EE3C38B4941: changes role from  FOLLOWER to CANDIDATE at term 10 for changeToCandidate
2019-09-25 05:32:51,670 [Thread-2051] INFO  impl.RoleInfo (RoleInfo.java:updateAndGet(143)) - 718f5985-af6b-46f0-b376-36c68e33e3c2: start LeaderElection
2019-09-25 05:32:51,700 [Thread-2055] INFO  impl.FollowerState (FollowerState.java:run(106)) - 74c765d4-ecbc-4161-b0d3-3f71a54c17e6:group-37D53FCFBDA2 changes to CANDIDATE, lastRpcTime:1084, electionTimeout:1083ms
2019-09-25 05:32:51,700 [Thread-2055] INFO  impl.RoleInfo (RoleInfo.java:shutdownFollowerState(121)) - 74c765d4-ecbc-4161-b0d3-3f71a54c17e6: shutdown FollowerState
2019-09-25 05:32:51,701 [Thread-2055] INFO  impl.RaftServerImpl (RaftServerImpl.java:setRole(174)) - 74c765d4-ecbc-4161-b0d3-3f71a54c17e6@group-37D53FCFBDA2: changes role from  FOLLOWER to CANDIDATE at term 6 for changeToCandidate
2019-09-25 05:32:51,701 [Thread-2055] INFO  impl.RoleInfo (RoleInfo.java:updateAndGet(143)) - 74c765d4-ecbc-4161-b0d3-3f71a54c17e6: start LeaderElection
2019-09-25 05:32:51,706 [Thread-2053] INFO  impl.FollowerState (FollowerState.java:run(106)) - 07d2a3d4-a08d-4ff2-9fee-7694a26bc9e9:group-19CC27109C97 changes to CANDIDATE, lastRpcTime:1091, electionTimeout:1089ms
2019-09-25 05:32:51,706 [Thread-2053] INFO  impl.RoleInfo (RoleInfo.java:shutdownFollowerState(121)) - 07d2a3d4-a08d-4ff2-9fee-7694a26bc9e9: shutdown FollowerState
2019-09-25 05:32:51,706 [Thread-2053] INFO  impl.RaftServerImpl (RaftServerImpl.java:setRole(174)) - 07d2a3d4-a08d-4ff2-9fee-7694a26bc9e9@group-19CC27109C97: changes role from  FOLLOWER to CANDIDATE at term 10 for changeToCandidate
2019-09-25 05:32:51,706 [Thread-2053] INFO  impl.RoleInfo (RoleInfo.java:updateAndGet(143)) - 07d2a3d4-a08d-4ff2-9fee-7694a26bc9e9: start LeaderElection
2019-09-25 05:32:51,744 [Thread-2050] INFO  impl.FollowerState (FollowerState.java:run(106)) - 718f5985-af6b-46f0-b376-36c68e33e3c2:group-19CC27109C97 changes to CANDIDATE, lastRpcTime:1131, electionTimeout:1128ms
2019-09-25 05:32:51,744 [Thread-2050] INFO  impl.RoleInfo (RoleInfo.java:shutdownFollowerState(121)) - 718f5985-af6b-46f0-b376-36c68e33e3c2: shutdown FollowerState
2019-09-25 05:32:51,744 [Thread-2050] INFO  impl.RaftServerImpl (RaftServerImpl.java:setRole(174)) - 718f5985-af6b-46f0-b376-36c68e33e3c2@group-19CC27109C97: changes role from  FOLLOWER to CANDIDATE at term 10 for changeToCandidate
2019-09-25 05:32:51,744 [Thread-2050] INFO  impl.RoleInfo (RoleInfo.java:updateAndGet(143)) - 718f5985-af6b-46f0-b376-36c68e33e3c2: start LeaderElection
2019-09-25 05:32:51,745 [Thread-2057] INFO  impl.FollowerState (FollowerState.java:run(106)) - 07d2a3d4-a08d-4ff2-9fee-7694a26bc9e9:group-FABB21EF17C7 changes to CANDIDATE, lastRpcTime:1127, electionTimeout:1127ms
2019-09-25 05:32:51,745 [Thread-2057] INFO  impl.RoleInfo (RoleInfo.java:shutdownFollowerState(121)) - 07d2a3d4-a08d-4ff2-9fee-7694a26bc9e9: shutdown FollowerState
2019-09-25 05:32:51,745 [Thread-2057] INFO  impl.RaftServerImpl (RaftServerImpl.java:setRole(174)) - 07d2a3d4-a08d-4ff2-9fee-7694a26bc9e9@group-FABB21EF17C7: changes role from  FOLLOWER to CANDIDATE at term 10 for changeToCandidate
2019-09-25 05:32:51,745 [Thread-2057] INFO  impl.RoleInfo (RoleInfo.java:updateAndGet(143)) - 07d2a3d4-a08d-4ff2-9fee-7694a26bc9e9: start LeaderElection
2019-09-25 05:32:51,765 [Thread-2052] INFO  impl.FollowerState (FollowerState.java:run(106)) - 07d2a3d4-a08d-4ff2-9fee-7694a26bc9e9:group-8EE3C38B4941 changes to CANDIDATE, lastRpcTime:1150, electionTimeout:1150ms
2019-09-25 05:32:51,765 [Thread-2052] INFO  impl.RoleInfo (RoleInfo.java:shutdownFollowerState(121)) - 07d2a3d4-a08d-4ff2-9fee-7694a26bc9e9: shutdown FollowerState
2019-09-25 05:32:51,765 [Thread-2052] INFO  impl.RaftServerImpl (RaftServerImpl.java:setRole(174)) - 07d2a3d4-a08d-4ff2-9fee-7694a26bc9e9@group-8EE3C38B4941: changes role from  FOLLOWER to CANDIDATE at term 10 for changeToCandidate
2019-09-25 05:32:51,765 [Thread-2052] INFO  impl.RoleInfo (RoleInfo.java:updateAndGet(143)) - 07d2a3d4-a08d-4ff2-9fee-7694a26bc9e9: start LeaderElection
2019-09-25 05:32:51,773 [Thread-2054] INFO  impl.FollowerState (FollowerState.java:run(106)) - e40b1169-82c6-4268-9b48-d611605c3b5d:group-37D53FCFBDA2 changes to CANDIDATE, lastRpcTime:1157, electionTimeout:1156ms
2019-09-25 05:32:51,773 [Thread-2054] INFO  impl.RoleInfo (RoleInfo.java:shutdownFollowerState(121)) - e40b1169-82c6-4268-9b48-d611605c3b5d: shutdown FollowerState
2019-09-25 05:32:51,773 [Thread-2054] INFO  impl.RaftServerImpl (RaftServerImpl.java:setRole(174)) - e40b1169-82c6-4268-9b48-d611605c3b5d@group-37D53FCFBDA2: changes role from  FOLLOWER to CANDIDATE at term 6 for changeToCandidate
2019-09-25 05:32:51,773 [Thread-2054] INFO  impl.RoleInfo (RoleInfo.java:updateAndGet(143)) - e40b1169-82c6-4268-9b48-d611605c3b5d: start LeaderElection
2019-09-25 05:32:52,039 [718f5985-af6b-46f0-b376-36c68e33e3c2@group-8EE3C38B4941:LeaderElection331] INFO  impl.LeaderElection (LeaderElection.java:askForVotes(182)) - 718f5985-af6b-46f0-b376-36c68e33e3c2@group-8EE3C38B4941:LeaderElection331: begin an election at term 11 for -1: [07d2a3d4-a08d-4ff2-9fee-7694a26bc9e9:192.168.36.126:42527, 718f5985-af6b-46f0-b376-36c68e33e3c2:192.168.36.126:33516, 7d339ff4-0353-45b5-a855-49faf6b9a877:192.168.36.126:33810], old=null
2019-09-25 05:32:52,039 [718f5985-af6b-46f0-b376-36c68e33e3c2@group-FABB21EF17C7:LeaderElection330] INFO  impl.LeaderElection (LeaderElection.java:askForVotes(182)) - 718f5985-af6b-46f0-b376-36c68e33e3c2@group-FABB21EF17C7:LeaderElection330: begin an election at term 11 for -1: [07d2a3d4-a08d-4ff2-9fee-7694a26bc9e9:192.168.36.126:42527, 718f5985-af6b-46f0-b376-36c68e33e3c2:192.168.36.126:33516, 7d339ff4-0353-45b5-a855-49faf6b9a877:192.168.36.126:33810], old=null
2019-09-25 05:32:52,039 [74c765d4-ecbc-4161-b0d3-3f71a54c17e6@group-37D53FCFBDA2:LeaderElection332] INFO  impl.LeaderElection (LeaderElection.java:askForVotes(182)) - 74c765d4-ecbc-4161-b0d3-3f71a54c17e6@group-37D53FCFBDA2:LeaderElection332: begin an election at term 7 for -1: [e40b1169-82c6-4268-9b48-d611605c3b5d:192.168.36.126:46360, 74c765d4-ecbc-4161-b0d3-3f71a54c17e6:192.168.36.126:46193, 8ffa0edf-3bee-4748-91ab-c75ab538701e:192.168.36.126:35863], old=null
2019-09-25 05:32:52,039 [07d2a3d4-a08d-4ff2-9fee-7694a26bc9e9@group-19CC27109C97:LeaderElection333] INFO  impl.LeaderElection (LeaderElection.java:askForVotes(182)) - 07d2a3d4-a08d-4ff2-9fee-7694a26bc9e9@group-19CC27109C97:LeaderElection333: begin an election at term 11 for -1: [07d2a3d4-a08d-4ff2-9fee-7694a26bc9e9:192.168.36.126:42527, 718f5985-af6b-46f0-b376-36c68e33e3c2:192.168.36.126:33516, 7d339ff4-0353-45b5-a855-49faf6b9a877:192.168.36.126:33810], old=null
2019-09-25 05:32:52,040 [07d2a3d4-a08d-4ff2-9fee-7694a26bc9e9@group-8EE3C38B4941:LeaderElection336] INFO  impl.LeaderElection (LeaderElection.java:askForVotes(182)) - 07d2a3d4-a08d-4ff2-9fee-7694a26bc9e9@group-8EE3C38B4941:LeaderElection336: begin an election at term 11 for -1: [07d2a3d4-a08d-4ff2-9fee-7694a26bc9e9:192.168.36.126:42527, 718f5985-af6b-46f0-b376-36c68e33e3c2:192.168.36.126:33516, 7d339ff4-0353-45b5-a855-49faf6b9a877:192.168.36.126:33810], old=null
2019-09-25 05:32:52,040 [718f5985-af6b-46f0-b376-36c68e33e3c2@group-19CC27109C97:LeaderElection334] INFO  impl.LeaderElection (LeaderElection.java:askForVotes(182)) - 718f5985-af6b-46f0-b376-36c68e33e3c2@group-19CC27109C97:LeaderElection334: begin an election at term 11 for -1: [07d2a3d4-a08d-4ff2-9fee-7694a26bc9e9:192.168.36.126:42527, 718f5985-af6b-46f0-b376-36c68e33e3c2:192.168.36.126:33516, 7d339ff4-0353-45b5-a855-49faf6b9a877:192.168.36.126:33810], old=null
2019-09-25 05:32:52,040 [07d2a3d4-a08d-4ff2-9fee-7694a26bc9e9@group-FABB21EF17C7:LeaderElection335] INFO  impl.LeaderElection (LeaderElection.java:askForVotes(182)) - 07d2a3d4-a08d-4ff2-9fee-7694a26bc9e9@group-FABB21EF17C7:LeaderElection335: begin an election at term 11 for -1: [07d2a3d4-a08d-4ff2-9fee-7694a26bc9e9:192.168.36.126:42527, 718f5985-af6b-46f0-b376-36c68e33e3c2:192.168.36.126:33516, 7d339ff4-0353-45b5-a855-49faf6b9a877:192.168.36.126:33810], old=null
2019-09-25 05:32:52,040 [e40b1169-82c6-4268-9b48-d611605c3b5d@group-37D53FCFBDA2:LeaderElection337] INFO  impl.LeaderElection (LeaderElection.java:askForVotes(182)) - e40b1169-82c6-4268-9b48-d611605c3b5d@group-37D53FCFBDA2:LeaderElection337: begin an election at term 7 for -1: [e40b1169-82c6-4268-9b48-d611605c3b5d:192.168.36.126:46360, 74c765d4-ecbc-4161-b0d3-3f71a54c17e6:192.168.36.126:46193, 8ffa0edf-3bee-4748-91ab-c75ab538701e:192.168.36.126:35863], old=null
2019-09-25 05:32:52,041 [718f5985-af6b-46f0-b376-36c68e33e3c2@group-8EE3C38B4941:LeaderElection331] INFO  impl.LeaderElection (LogUtils.java:infoOrTrace(149)) - 718f5985-af6b-46f0-b376-36c68e33e3c2@group-8EE3C38B4941:LeaderElection331 got exception when requesting votes: {}
java.util.concurrent.ExecutionException: org.apache.ratis.thirdparty.io.grpc.StatusRuntimeException: UNAVAILABLE: io exception
	at java.util.concurrent.FutureTask.report(FutureTask.java:122)
	at java.util.concurrent.FutureTask.get(FutureTask.java:192)
	at org.apache.ratis.server.impl.LeaderElection.waitForResults(LeaderElection.java:263)
	at org.apache.ratis.server.impl.LeaderElection.askForVotes(LeaderElection.java:201)
	at org.apache.ratis.server.impl.LeaderElection.run(LeaderElection.java:133)
	at java.lang.Thread.run(Thread.java:748)
Caused by: org.apache.ratis.thirdparty.io.grpc.StatusRuntimeException: UNAVAILABLE: io exception
	at org.apache.ratis.thirdparty.io.grpc.stub.ClientCalls.toStatusRuntimeException(ClientCalls.java:233)
	at org.apache.ratis.thirdparty.io.grpc.stub.ClientCalls.getUnchecked(ClientCalls.java:214)
	at org.apache.ratis.thirdparty.io.grpc.stub.ClientCalls.blockingUnaryCall(ClientCalls.java:139)
	at org.apache.ratis.proto.grpc.RaftServerProtocolServiceGrpc$RaftServerProtocolServiceBlockingStub.requestVote(RaftServerProtocolServiceGrpc.java:265)
	at org.apache.ratis.grpc.server.GrpcServerProtocolClient.requestVote(GrpcServerProtocolClient.java:90)
	at org.apache.ratis.grpc.server.GrpcService.requestVote(GrpcService.java:204)
	at org.apache.ratis.server.impl.LeaderElection.lambda$submitRequests$1(LeaderElection.java:238)
	at java.util.concurrent.FutureTask.run(FutureTask.java:266)
	at java.util.concurrent.Executors$RunnableAdapter.call(Executors.java:511)
	at java.util.concurrent.FutureTask.run(FutureTask.java:266)
	at java.util.concurrent.ThreadPoolExecutor.runWorker(ThreadPoolExecutor.java:1149)
	at java.util.concurrent.ThreadPoolExecutor$Worker.run(ThreadPoolExecutor.java:624)
	... 1 more
Caused by: org.apache.ratis.thirdparty.io.netty.channel.AbstractChannel$AnnotatedConnectException: Connection refused: /192.168.36.126:33810
	at sun.nio.ch.SocketChannelImpl.checkConnect(Native Method)
	at sun.nio.ch.SocketChannelImpl.finishConnect(SocketChannelImpl.java:717)
	at org.apache.ratis.thirdparty.io.netty.channel.socket.nio.NioSocketChannel.doFinishConnect(NioSocketChannel.java:327)
	at org.apache.ratis.thirdparty.io.netty.channel.nio.AbstractNioChannel$AbstractNioUnsafe.finishConnect(AbstractNioChannel.java:340)
	at org.apache.ratis.thirdparty.io.netty.channel.nio.NioEventLoop.processSelectedKey(NioEventLoop.java:632)
	at org.apache.ratis.thirdparty.io.netty.channel.nio.NioEventLoop.processSelectedKeysOptimized(NioEventLoop.java:579)
	at org.apache.ratis.thirdparty.io.netty.channel.nio.NioEventLoop.processSelectedKeys(NioEventLoop.java:496)
	at org.apache.ratis.thirdparty.io.netty.channel.nio.NioEventLoop.run(NioEventLoop.java:458)
	at org.apache.ratis.thirdparty.io.netty.util.concurrent.SingleThreadEventExecutor$5.run(SingleThreadEventExecutor.java:897)
	at org.apache.ratis.thirdparty.io.netty.util.concurrent.FastThreadLocalRunnable.run(FastThreadLocalRunnable.java:30)
	... 1 more
Caused by: java.net.ConnectException: Connection refused
	... 11 more
2019-09-25 05:32:52,042 [74c765d4-ecbc-4161-b0d3-3f71a54c17e6@group-37D53FCFBDA2:LeaderElection332] INFO  impl.LeaderElection (LogUtils.java:infoOrTrace(149)) - 74c765d4-ecbc-4161-b0d3-3f71a54c17e6@group-37D53FCFBDA2:LeaderElection332 got exception when requesting votes: {}
java.util.concurrent.ExecutionException: org.apache.ratis.thirdparty.io.grpc.StatusRuntimeException: UNAVAILABLE: io exception
	at java.util.concurrent.FutureTask.report(FutureTask.java:122)
	at java.util.concurrent.FutureTask.get(FutureTask.java:192)
	at org.apache.ratis.server.impl.LeaderElection.waitForResults(LeaderElection.java:263)
	at org.apache.ratis.server.impl.LeaderElection.askForVotes(LeaderElection.java:201)
	at org.apache.ratis.server.impl.LeaderElection.run(LeaderElection.java:133)
	at java.lang.Thread.run(Thread.java:748)
Caused by: org.apache.ratis.thirdparty.io.grpc.StatusRuntimeException: UNAVAILABLE: io exception
	at org.apache.ratis.thirdparty.io.grpc.stub.ClientCalls.toStatusRuntimeException(ClientCalls.java:233)
	at org.apache.ratis.thirdparty.io.grpc.stub.ClientCalls.getUnchecked(ClientCalls.java:214)
	at org.apache.ratis.thirdparty.io.grpc.stub.ClientCalls.blockingUnaryCall(ClientCalls.java:139)
	at org.apache.ratis.proto.grpc.RaftServerProtocolServiceGrpc$RaftServerProtocolServiceBlockingStub.requestVote(RaftServerProtocolServiceGrpc.java:265)
	at org.apache.ratis.grpc.server.GrpcServerProtocolClient.requestVote(GrpcServerProtocolClient.java:90)
	at org.apache.ratis.grpc.server.GrpcService.requestVote(GrpcService.java:204)
	at org.apache.ratis.server.impl.LeaderElection.lambda$submitRequests$1(LeaderElection.java:238)
	at java.util.concurrent.FutureTask.run(FutureTask.java:266)
	at java.util.concurrent.Executors$RunnableAdapter.call(Executors.java:511)
	at java.util.concurrent.FutureTask.run(FutureTask.java:266)
	at java.util.concurrent.ThreadPoolExecutor.runWorker(ThreadPoolExecutor.java:1149)
	at java.util.concurrent.ThreadPoolExecutor$Worker.run(ThreadPoolExecutor.java:624)
	... 1 more
Caused by: org.apache.ratis.thirdparty.io.netty.channel.AbstractChannel$AnnotatedConnectException: Connection refused: /192.168.36.126:35863
	at sun.nio.ch.SocketChannelImpl.checkConnect(Native Method)
	at sun.nio.ch.SocketChannelImpl.finishConnect(SocketChannelImpl.java:717)
	at org.apache.ratis.thirdparty.io.netty.channel.socket.nio.NioSocketChannel.doFinishConnect(NioSocketChannel.java:327)
	at org.apache.ratis.thirdparty.io.netty.channel.nio.AbstractNioChannel$AbstractNioUnsafe.finishConnect(AbstractNioChannel.java:340)
	at org.apache.ratis.thirdparty.io.netty.channel.nio.NioEventLoop.processSelectedKey(NioEventLoop.java:632)
	at org.apache.ratis.thirdparty.io.netty.channel.nio.NioEventLoop.processSelectedKeysOptimized(NioEventLoop.java:579)
	at org.apache.ratis.thirdparty.io.netty.channel.nio.NioEventLoop.processSelectedKeys(NioEventLoop.java:496)
	at org.apache.ratis.thirdparty.io.netty.channel.nio.NioEventLoop.run(NioEventLoop.java:458)
	at org.apache.ratis.thirdparty.io.netty.util.concurrent.SingleThreadEventExecutor$5.run(SingleThreadEventExecutor.java:897)
	at org.apache.ratis.thirdparty.io.netty.util.concurrent.FastThreadLocalRunnable.run(FastThreadLocalRunnable.java:30)
	... 1 more
Caused by: java.net.ConnectException: Connection refused
	... 11 more
2019-09-25 05:32:52,043 [07d2a3d4-a08d-4ff2-9fee-7694a26bc9e9@group-19CC27109C97:LeaderElection333] INFO  impl.LeaderElection (LogUtils.java:infoOrTrace(149)) - 07d2a3d4-a08d-4ff2-9fee-7694a26bc9e9@group-19CC27109C97:LeaderElection333 got exception when requesting votes: {}
java.util.concurrent.ExecutionException: org.apache.ratis.thirdparty.io.grpc.StatusRuntimeException: UNAVAILABLE: io exception
	at java.util.concurrent.FutureTask.report(FutureTask.java:122)
	at java.util.concurrent.FutureTask.get(FutureTask.java:192)
	at org.apache.ratis.server.impl.LeaderElection.waitForResults(LeaderElection.java:263)
	at org.apache.ratis.server.impl.LeaderElection.askForVotes(LeaderElection.java:201)
	at org.apache.ratis.server.impl.LeaderElection.run(LeaderElection.java:133)
	at java.lang.Thread.run(Thread.java:748)
Caused by: org.apache.ratis.thirdparty.io.grpc.StatusRuntimeException: UNAVAILABLE: io exception
	at org.apache.ratis.thirdparty.io.grpc.stub.ClientCalls.toStatusRuntimeException(ClientCalls.java:233)
	at org.apache.ratis.thirdparty.io.grpc.stub.ClientCalls.getUnchecked(ClientCalls.java:214)
	at org.apache.ratis.thirdparty.io.grpc.stub.ClientCalls.blockingUnaryCall(ClientCalls.java:139)
	at org.apache.ratis.proto.grpc.RaftServerProtocolServiceGrpc$RaftServerProtocolServiceBlockingStub.requestVote(RaftServerProtocolServiceGrpc.java:265)
	at org.apache.ratis.grpc.server.GrpcServerProtocolClient.requestVote(GrpcServerProtocolClient.java:90)
	at org.apache.ratis.grpc.server.GrpcService.requestVote(GrpcService.java:204)
	at org.apache.ratis.server.impl.LeaderElection.lambda$submitRequests$1(LeaderElection.java:238)
	at java.util.concurrent.FutureTask.run(FutureTask.java:266)
	at java.util.concurrent.Executors$RunnableAdapter.call(Executors.java:511)
	at java.util.concurrent.FutureTask.run(FutureTask.java:266)
	at java.util.concurrent.ThreadPoolExecutor.runWorker(ThreadPoolExecutor.java:1149)
	at java.util.concurrent.ThreadPoolExecutor$Worker.run(ThreadPoolExecutor.java:624)
	... 1 more
Caused by: org.apache.ratis.thirdparty.io.netty.channel.AbstractChannel$AnnotatedConnectException: Connection refused: /192.168.36.126:33810
	at sun.nio.ch.SocketChannelImpl.checkConnect(Native Method)
	at sun.nio.ch.SocketChannelImpl.finishConnect(SocketChannelImpl.java:717)
	at org.apache.ratis.thirdparty.io.netty.channel.socket.nio.NioSocketChannel.doFinishConnect(NioSocketChannel.java:327)
	at org.apache.ratis.thirdparty.io.netty.channel.nio.AbstractNioChannel$AbstractNioUnsafe.finishConnect(AbstractNioChannel.java:340)
	at org.apache.ratis.thirdparty.io.netty.channel.nio.NioEventLoop.processSelectedKey(NioEventLoop.java:632)
	at org.apache.ratis.thirdparty.io.netty.channel.nio.NioEventLoop.processSelectedKeysOptimized(NioEventLoop.java:579)
	at org.apache.ratis.thirdparty.io.netty.channel.nio.NioEventLoop.processSelectedKeys(NioEventLoop.java:496)
	at org.apache.ratis.thirdparty.io.netty.channel.nio.NioEventLoop.run(NioEventLoop.java:458)
	at org.apache.ratis.thirdparty.io.netty.util.concurrent.SingleThreadEventExecutor$5.run(SingleThreadEventExecutor.java:897)
	at org.apache.ratis.thirdparty.io.netty.util.concurrent.FastThreadLocalRunnable.run(FastThreadLocalRunnable.java:30)
	... 1 more
Caused by: java.net.ConnectException: Connection refused
	... 11 more
2019-09-25 05:32:52,043 [07d2a3d4-a08d-4ff2-9fee-7694a26bc9e9@group-8EE3C38B4941:LeaderElection336] INFO  impl.LeaderElection (LogUtils.java:infoOrTrace(149)) - 07d2a3d4-a08d-4ff2-9fee-7694a26bc9e9@group-8EE3C38B4941:LeaderElection336 got exception when requesting votes: {}
java.util.concurrent.ExecutionException: org.apache.ratis.thirdparty.io.grpc.StatusRuntimeException: UNAVAILABLE: io exception
	at java.util.concurrent.FutureTask.report(FutureTask.java:122)
	at java.util.concurrent.FutureTask.get(FutureTask.java:192)
	at org.apache.ratis.server.impl.LeaderElection.waitForResults(LeaderElection.java:263)
	at org.apache.ratis.server.impl.LeaderElection.askForVotes(LeaderElection.java:201)
	at org.apache.ratis.server.impl.LeaderElection.run(LeaderElection.java:133)
	at java.lang.Thread.run(Thread.java:748)
Caused by: org.apache.ratis.thirdparty.io.grpc.StatusRuntimeException: UNAVAILABLE: io exception
	at org.apache.ratis.thirdparty.io.grpc.stub.ClientCalls.toStatusRuntimeException(ClientCalls.java:233)
	at org.apache.ratis.thirdparty.io.grpc.stub.ClientCalls.getUnchecked(ClientCalls.java:214)
	at org.apache.ratis.thirdparty.io.grpc.stub.ClientCalls.blockingUnaryCall(ClientCalls.java:139)
	at org.apache.ratis.proto.grpc.RaftServerProtocolServiceGrpc$RaftServerProtocolServiceBlockingStub.requestVote(RaftServerProtocolServiceGrpc.java:265)
	at org.apache.ratis.grpc.server.GrpcServerProtocolClient.requestVote(GrpcServerProtocolClient.java:90)
	at org.apache.ratis.grpc.server.GrpcService.requestVote(GrpcService.java:204)
	at org.apache.ratis.server.impl.LeaderElection.lambda$submitRequests$1(LeaderElection.java:238)
	at java.util.concurrent.FutureTask.run(FutureTask.java:266)
	at java.util.concurrent.Executors$RunnableAdapter.call(Executors.java:511)
	at java.util.concurrent.FutureTask.run(FutureTask.java:266)
	at java.util.concurrent.ThreadPoolExecutor.runWorker(ThreadPoolExecutor.java:1149)
	at java.util.concurrent.ThreadPoolExecutor$Worker.run(ThreadPoolExecutor.java:624)
	... 1 more
Caused by: org.apache.ratis.thirdparty.io.netty.channel.AbstractChannel$AnnotatedConnectException: Connection refused: /192.168.36.126:33810
	at sun.nio.ch.SocketChannelImpl.checkConnect(Native Method)
	at sun.nio.ch.SocketChannelImpl.finishConnect(SocketChannelImpl.java:717)
	at org.apache.ratis.thirdparty.io.netty.channel.socket.nio.NioSocketChannel.doFinishConnect(NioSocketChannel.java:327)
	at org.apache.ratis.thirdparty.io.netty.channel.nio.AbstractNioChannel$AbstractNioUnsafe.finishConnect(AbstractNioChannel.java:340)
	at org.apache.ratis.thirdparty.io.netty.channel.nio.NioEventLoop.processSelectedKey(NioEventLoop.java:632)
	at org.apache.ratis.thirdparty.io.netty.channel.nio.NioEventLoop.processSelectedKeysOptimized(NioEventLoop.java:579)
	at org.apache.ratis.thirdparty.io.netty.channel.nio.NioEventLoop.processSelectedKeys(NioEventLoop.java:496)
	at org.apache.ratis.thirdparty.io.netty.channel.nio.NioEventLoop.run(NioEventLoop.java:458)
	at org.apache.ratis.thirdparty.io.netty.util.concurrent.SingleThreadEventExecutor$5.run(SingleThreadEventExecutor.java:897)
	at org.apache.ratis.thirdparty.io.netty.util.concurrent.FastThreadLocalRunnable.run(FastThreadLocalRunnable.java:30)
	... 1 more
Caused by: java.net.ConnectException: Connection refused
	... 11 more
2019-09-25 05:32:52,043 [718f5985-af6b-46f0-b376-36c68e33e3c2@group-FABB21EF17C7:LeaderElection330] INFO  impl.LeaderElection (LogUtils.java:infoOrTrace(149)) - 718f5985-af6b-46f0-b376-36c68e33e3c2@group-FABB21EF17C7:LeaderElection330 got exception when requesting votes: {}
java.util.concurrent.ExecutionException: org.apache.ratis.thirdparty.io.grpc.StatusRuntimeException: UNAVAILABLE: io exception
	at java.util.concurrent.FutureTask.report(FutureTask.java:122)
	at java.util.concurrent.FutureTask.get(FutureTask.java:192)
	at org.apache.ratis.server.impl.LeaderElection.waitForResults(LeaderElection.java:263)
	at org.apache.ratis.server.impl.LeaderElection.askForVotes(LeaderElection.java:201)
	at org.apache.ratis.server.impl.LeaderElection.run(LeaderElection.java:133)
	at java.lang.Thread.run(Thread.java:748)
Caused by: org.apache.ratis.thirdparty.io.grpc.StatusRuntimeException: UNAVAILABLE: io exception
	at org.apache.ratis.thirdparty.io.grpc.stub.ClientCalls.toStatusRuntimeException(ClientCalls.java:233)
	at org.apache.ratis.thirdparty.io.grpc.stub.ClientCalls.getUnchecked(ClientCalls.java:214)
	at org.apache.ratis.thirdparty.io.grpc.stub.ClientCalls.blockingUnaryCall(ClientCalls.java:139)
	at org.apache.ratis.proto.grpc.RaftServerProtocolServiceGrpc$RaftServerProtocolServiceBlockingStub.requestVote(RaftServerProtocolServiceGrpc.java:265)
	at org.apache.ratis.grpc.server.GrpcServerProtocolClient.requestVote(GrpcServerProtocolClient.java:90)
	at org.apache.ratis.grpc.server.GrpcService.requestVote(GrpcService.java:204)
	at org.apache.ratis.server.impl.LeaderElection.lambda$submitRequests$1(LeaderElection.java:238)
	at java.util.concurrent.FutureTask.run(FutureTask.java:266)
	at java.util.concurrent.Executors$RunnableAdapter.call(Executors.java:511)
	at java.util.concurrent.FutureTask.run(FutureTask.java:266)
	at java.util.concurrent.ThreadPoolExecutor.runWorker(ThreadPoolExecutor.java:1149)
	at java.util.concurrent.ThreadPoolExecutor$Worker.run(ThreadPoolExecutor.java:624)
	... 1 more
Caused by: org.apache.ratis.thirdparty.io.netty.channel.AbstractChannel$AnnotatedConnectException: Connection refused: /192.168.36.126:33810
	at sun.nio.ch.SocketChannelImpl.checkConnect(Native Method)
	at sun.nio.ch.SocketChannelImpl.finishConnect(SocketChannelImpl.java:717)
	at org.apache.ratis.thirdparty.io.netty.channel.socket.nio.NioSocketChannel.doFinishConnect(NioSocketChannel.java:327)
	at org.apache.ratis.thirdparty.io.netty.channel.nio.AbstractNioChannel$AbstractNioUnsafe.finishConnect(AbstractNioChannel.java:340)
	at org.apache.ratis.thirdparty.io.netty.channel.nio.NioEventLoop.processSelectedKey(NioEventLoop.java:632)
	at org.apache.ratis.thirdparty.io.netty.channel.nio.NioEventLoop.processSelectedKeysOptimized(NioEventLoop.java:579)
	at org.apache.ratis.thirdparty.io.netty.channel.nio.NioEventLoop.processSelectedKeys(NioEventLoop.java:496)
	at org.apache.ratis.thirdparty.io.netty.channel.nio.NioEventLoop.run(NioEventLoop.java:458)
	at org.apache.ratis.thirdparty.io.netty.util.concurrent.SingleThreadEventExecutor$5.run(SingleThreadEventExecutor.java:897)
	at org.apache.ratis.thirdparty.io.netty.util.concurrent.FastThreadLocalRunnable.run(FastThreadLocalRunnable.java:30)
	... 1 more
Caused by: java.net.ConnectException: Connection refused
	... 11 more
2019-09-25 05:32:52,044 [07d2a3d4-a08d-4ff2-9fee-7694a26bc9e9@group-FABB21EF17C7:LeaderElection335] INFO  impl.LeaderElection (LogUtils.java:infoOrTrace(149)) - 07d2a3d4-a08d-4ff2-9fee-7694a26bc9e9@group-FABB21EF17C7:LeaderElection335 got exception when requesting votes: {}
java.util.concurrent.ExecutionException: org.apache.ratis.thirdparty.io.grpc.StatusRuntimeException: UNAVAILABLE: io exception
	at java.util.concurrent.FutureTask.report(FutureTask.java:122)
	at java.util.concurrent.FutureTask.get(FutureTask.java:192)
	at org.apache.ratis.server.impl.LeaderElection.waitForResults(LeaderElection.java:263)
	at org.apache.ratis.server.impl.LeaderElection.askForVotes(LeaderElection.java:201)
	at org.apache.ratis.server.impl.LeaderElection.run(LeaderElection.java:133)
	at java.lang.Thread.run(Thread.java:748)
Caused by: org.apache.ratis.thirdparty.io.grpc.StatusRuntimeException: UNAVAILABLE: io exception
	at org.apache.ratis.thirdparty.io.grpc.stub.ClientCalls.toStatusRuntimeException(ClientCalls.java:233)
	at org.apache.ratis.thirdparty.io.grpc.stub.ClientCalls.getUnchecked(ClientCalls.java:214)
	at org.apache.ratis.thirdparty.io.grpc.stub.ClientCalls.blockingUnaryCall(ClientCalls.java:139)
	at org.apache.ratis.proto.grpc.RaftServerProtocolServiceGrpc$RaftServerProtocolServiceBlockingStub.requestVote(RaftServerProtocolServiceGrpc.java:265)
	at org.apache.ratis.grpc.server.GrpcServerProtocolClient.requestVote(GrpcServerProtocolClient.java:90)
	at org.apache.ratis.grpc.server.GrpcService.requestVote(GrpcService.java:204)
	at org.apache.ratis.server.impl.LeaderElection.lambda$submitRequests$1(LeaderElection.java:238)
	at java.util.concurrent.FutureTask.run(FutureTask.java:266)
	at java.util.concurrent.Executors$RunnableAdapter.call(Executors.java:511)
	at java.util.concurrent.FutureTask.run(FutureTask.java:266)
	at java.util.concurrent.ThreadPoolExecutor.runWorker(ThreadPoolExecutor.java:1149)
	at java.util.concurrent.ThreadPoolExecutor$Worker.run(ThreadPoolExecutor.java:624)
	... 1 more
Caused by: org.apache.ratis.thirdparty.io.netty.channel.AbstractChannel$AnnotatedConnectException: Connection refused: /192.168.36.126:33810
	at sun.nio.ch.SocketChannelImpl.checkConnect(Native Method)
	at sun.nio.ch.SocketChannelImpl.finishConnect(SocketChannelImpl.java:717)
	at org.apache.ratis.thirdparty.io.netty.channel.socket.nio.NioSocketChannel.doFinishConnect(NioSocketChannel.java:327)
	at org.apache.ratis.thirdparty.io.netty.channel.nio.AbstractNioChannel$AbstractNioUnsafe.finishConnect(AbstractNioChannel.java:340)
	at org.apache.ratis.thirdparty.io.netty.channel.nio.NioEventLoop.processSelectedKey(NioEventLoop.java:632)
	at org.apache.ratis.thirdparty.io.netty.channel.nio.NioEventLoop.processSelectedKeysOptimized(NioEventLoop.java:579)
	at org.apache.ratis.thirdparty.io.netty.channel.nio.NioEventLoop.processSelectedKeys(NioEventLoop.java:496)
	at org.apache.ratis.thirdparty.io.netty.channel.nio.NioEventLoop.run(NioEventLoop.java:458)
	at org.apache.ratis.thirdparty.io.netty.util.concurrent.SingleThreadEventExecutor$5.run(SingleThreadEventExecutor.java:897)
	at org.apache.ratis.thirdparty.io.netty.util.concurrent.FastThreadLocalRunnable.run(FastThreadLocalRunnable.java:30)
	... 1 more
Caused by: java.net.ConnectException: Connection refused
	... 11 more
2019-09-25 05:32:52,044 [e40b1169-82c6-4268-9b48-d611605c3b5d@group-37D53FCFBDA2:LeaderElection337] INFO  impl.LeaderElection (LogUtils.java:infoOrTrace(149)) - e40b1169-82c6-4268-9b48-d611605c3b5d@group-37D53FCFBDA2:LeaderElection337 got exception when requesting votes: {}
java.util.concurrent.ExecutionException: org.apache.ratis.thirdparty.io.grpc.StatusRuntimeException: UNAVAILABLE: io exception
	at java.util.concurrent.FutureTask.report(FutureTask.java:122)
	at java.util.concurrent.FutureTask.get(FutureTask.java:192)
	at org.apache.ratis.server.impl.LeaderElection.waitForResults(LeaderElection.java:263)
	at org.apache.ratis.server.impl.LeaderElection.askForVotes(LeaderElection.java:201)
	at org.apache.ratis.server.impl.LeaderElection.run(LeaderElection.java:133)
	at java.lang.Thread.run(Thread.java:748)
Caused by: org.apache.ratis.thirdparty.io.grpc.StatusRuntimeException: UNAVAILABLE: io exception
	at org.apache.ratis.thirdparty.io.grpc.stub.ClientCalls.toStatusRuntimeException(ClientCalls.java:233)
	at org.apache.ratis.thirdparty.io.grpc.stub.ClientCalls.getUnchecked(ClientCalls.java:214)
	at org.apache.ratis.thirdparty.io.grpc.stub.ClientCalls.blockingUnaryCall(ClientCalls.java:139)
	at org.apache.ratis.proto.grpc.RaftServerProtocolServiceGrpc$RaftServerProtocolServiceBlockingStub.requestVote(RaftServerProtocolServiceGrpc.java:265)
	at org.apache.ratis.grpc.server.GrpcServerProtocolClient.requestVote(GrpcServerProtocolClient.java:90)
	at org.apache.ratis.grpc.server.GrpcService.requestVote(GrpcService.java:204)
	at org.apache.ratis.server.impl.LeaderElection.lambda$submitRequests$1(LeaderElection.java:238)
	at java.util.concurrent.FutureTask.run(FutureTask.java:266)
	at java.util.concurrent.Executors$RunnableAdapter.call(Executors.java:511)
	at java.util.concurrent.FutureTask.run(FutureTask.java:266)
	at java.util.concurrent.ThreadPoolExecutor.runWorker(ThreadPoolExecutor.java:1149)
	at java.util.concurrent.ThreadPoolExecutor$Worker.run(ThreadPoolExecutor.java:624)
	... 1 more
Caused by: org.apache.ratis.thirdparty.io.netty.channel.AbstractChannel$AnnotatedConnectException: Connection refused: /192.168.36.126:35863
	at sun.nio.ch.SocketChannelImpl.checkConnect(Native Method)
	at sun.nio.ch.SocketChannelImpl.finishConnect(SocketChannelImpl.java:717)
	at org.apache.ratis.thirdparty.io.netty.channel.socket.nio.NioSocketChannel.doFinishConnect(NioSocketChannel.java:327)
	at org.apache.ratis.thirdparty.io.netty.channel.nio.AbstractNioChannel$AbstractNioUnsafe.finishConnect(AbstractNioChannel.java:340)
	at org.apache.ratis.thirdparty.io.netty.channel.nio.NioEventLoop.processSelectedKey(NioEventLoop.java:632)
	at org.apache.ratis.thirdparty.io.netty.channel.nio.NioEventLoop.processSelectedKeysOptimized(NioEventLoop.java:579)
	at org.apache.ratis.thirdparty.io.netty.channel.nio.NioEventLoop.processSelectedKeys(NioEventLoop.java:496)
	at org.apache.ratis.thirdparty.io.netty.channel.nio.NioEventLoop.run(NioEventLoop.java:458)
	at org.apache.ratis.thirdparty.io.netty.util.concurrent.SingleThreadEventExecutor$5.run(SingleThreadEventExecutor.java:897)
	at org.apache.ratis.thirdparty.io.netty.util.concurrent.FastThreadLocalRunnable.run(FastThreadLocalRunnable.java:30)
	... 1 more
Caused by: java.net.ConnectException: Connection refused
	... 11 more
2019-09-25 05:32:52,044 [718f5985-af6b-46f0-b376-36c68e33e3c2@group-19CC27109C97:LeaderElection334] INFO  impl.LeaderElection (LogUtils.java:infoOrTrace(149)) - 718f5985-af6b-46f0-b376-36c68e33e3c2@group-19CC27109C97:LeaderElection334 got exception when requesting votes: {}
java.util.concurrent.ExecutionException: org.apache.ratis.thirdparty.io.grpc.StatusRuntimeException: UNAVAILABLE: io exception
	at java.util.concurrent.FutureTask.report(FutureTask.java:122)
	at java.util.concurrent.FutureTask.get(FutureTask.java:192)
	at org.apache.ratis.server.impl.LeaderElection.waitForResults(LeaderElection.java:263)
	at org.apache.ratis.server.impl.LeaderElection.askForVotes(LeaderElection.java:201)
	at org.apache.ratis.server.impl.LeaderElection.run(LeaderElection.java:133)
	at java.lang.Thread.run(Thread.java:748)
Caused by: org.apache.ratis.thirdparty.io.grpc.StatusRuntimeException: UNAVAILABLE: io exception
	at org.apache.ratis.thirdparty.io.grpc.stub.ClientCalls.toStatusRuntimeException(ClientCalls.java:233)
	at org.apache.ratis.thirdparty.io.grpc.stub.ClientCalls.getUnchecked(ClientCalls.java:214)
	at org.apache.ratis.thirdparty.io.grpc.stub.ClientCalls.blockingUnaryCall(ClientCalls.java:139)
	at org.apache.ratis.proto.grpc.RaftServerProtocolServiceGrpc$RaftServerProtocolServiceBlockingStub.requestVote(RaftServerProtocolServiceGrpc.java:265)
	at org.apache.ratis.grpc.server.GrpcServerProtocolClient.requestVote(GrpcServerProtocolClient.java:90)
	at org.apache.ratis.grpc.server.GrpcService.requestVote(GrpcService.java:204)
	at org.apache.ratis.server.impl.LeaderElection.lambda$submitRequests$1(LeaderElection.java:238)
	at java.util.concurrent.FutureTask.run(FutureTask.java:266)
	at java.util.concurrent.Executors$RunnableAdapter.call(Executors.java:511)
	at java.util.concurrent.FutureTask.run(FutureTask.java:266)
	at java.util.concurrent.ThreadPoolExecutor.runWorker(ThreadPoolExecutor.java:1149)
	at java.util.concurrent.ThreadPoolExecutor$Worker.run(ThreadPoolExecutor.java:624)
	... 1 more
Caused by: org.apache.ratis.thirdparty.io.netty.channel.AbstractChannel$AnnotatedConnectException: Connection refused: /192.168.36.126:33810
	at sun.nio.ch.SocketChannelImpl.checkConnect(Native Method)
	at sun.nio.ch.SocketChannelImpl.finishConnect(SocketChannelImpl.java:717)
	at org.apache.ratis.thirdparty.io.netty.channel.socket.nio.NioSocketChannel.doFinishConnect(NioSocketChannel.java:327)
	at org.apache.ratis.thirdparty.io.netty.channel.nio.AbstractNioChannel$AbstractNioUnsafe.finishConnect(AbstractNioChannel.java:340)
	at org.apache.ratis.thirdparty.io.netty.channel.nio.NioEventLoop.processSelectedKey(NioEventLoop.java:632)
	at org.apache.ratis.thirdparty.io.netty.channel.nio.NioEventLoop.processSelectedKeysOptimized(NioEventLoop.java:579)
	at org.apache.ratis.thirdparty.io.netty.channel.nio.NioEventLoop.processSelectedKeys(NioEventLoop.java:496)
	at org.apache.ratis.thirdparty.io.netty.channel.nio.NioEventLoop.run(NioEventLoop.java:458)
	at org.apache.ratis.thirdparty.io.netty.util.concurrent.SingleThreadEventExecutor$5.run(SingleThreadEventExecutor.java:897)
	at org.apache.ratis.thirdparty.io.netty.util.concurrent.FastThreadLocalRunnable.run(FastThreadLocalRunnable.java:30)
	... 1 more
Caused by: java.net.ConnectException: Connection refused
	... 11 more
2019-09-25 05:32:52,048 [07d2a3d4-a08d-4ff2-9fee-7694a26bc9e9@group-19CC27109C97:LeaderElection333] INFO  impl.LeaderElection (LeaderElection.java:logAndReturn(56)) - 07d2a3d4-a08d-4ff2-9fee-7694a26bc9e9@group-19CC27109C97:LeaderElection333: Election REJECTED; received 1 response(s) [07d2a3d4-a08d-4ff2-9fee-7694a26bc9e9<-718f5985-af6b-46f0-b376-36c68e33e3c2#0:FAIL-t11] and 1 exception(s); 07d2a3d4-a08d-4ff2-9fee-7694a26bc9e9@group-19CC27109C97:t11, leader=null, voted=07d2a3d4-a08d-4ff2-9fee-7694a26bc9e9, raftlog=07d2a3d4-a08d-4ff2-9fee-7694a26bc9e9@group-19CC27109C97-SegmentedRaftLog:OPENED:c-1,f-1,i0, conf=-1: [07d2a3d4-a08d-4ff2-9fee-7694a26bc9e9:192.168.36.126:42527, 718f5985-af6b-46f0-b376-36c68e33e3c2:192.168.36.126:33516, 7d339ff4-0353-45b5-a855-49faf6b9a877:192.168.36.126:33810], old=null
2019-09-25 05:32:52,047 [718f5985-af6b-46f0-b376-36c68e33e3c2@group-8EE3C38B4941:LeaderElection331] INFO  impl.LeaderElection (LeaderElection.java:logAndReturn(56)) - 718f5985-af6b-46f0-b376-36c68e33e3c2@group-8EE3C38B4941:LeaderElection331: Election REJECTED; received 1 response(s) [718f5985-af6b-46f0-b376-36c68e33e3c2<-07d2a3d4-a08d-4ff2-9fee-7694a26bc9e9#0:FAIL-t11] and 1 exception(s); 718f5985-af6b-46f0-b376-36c68e33e3c2@group-8EE3C38B4941:t11, leader=null, voted=718f5985-af6b-46f0-b376-36c68e33e3c2, raftlog=718f5985-af6b-46f0-b376-36c68e33e3c2@group-8EE3C38B4941-SegmentedRaftLog:OPENED:c-1,f-1,i0, conf=-1: [07d2a3d4-a08d-4ff2-9fee-7694a26bc9e9:192.168.36.126:42527, 718f5985-af6b-46f0-b376-36c68e33e3c2:192.168.36.126:33516, 7d339ff4-0353-45b5-a855-49faf6b9a877:192.168.36.126:33810], old=null
2019-09-25 05:32:52,047 [07d2a3d4-a08d-4ff2-9fee-7694a26bc9e9@group-8EE3C38B4941:LeaderElection336] INFO  impl.LeaderElection (LeaderElection.java:logAndReturn(56)) - 07d2a3d4-a08d-4ff2-9fee-7694a26bc9e9@group-8EE3C38B4941:LeaderElection336: Election REJECTED; received 1 response(s) [07d2a3d4-a08d-4ff2-9fee-7694a26bc9e9<-718f5985-af6b-46f0-b376-36c68e33e3c2#0:FAIL-t11] and 1 exception(s); 07d2a3d4-a08d-4ff2-9fee-7694a26bc9e9@group-8EE3C38B4941:t11, leader=null, voted=07d2a3d4-a08d-4ff2-9fee-7694a26bc9e9, raftlog=07d2a3d4-a08d-4ff2-9fee-7694a26bc9e9@group-8EE3C38B4941-SegmentedRaftLog:OPENED:c-1,f-1,i0, conf=-1: [07d2a3d4-a08d-4ff2-9fee-7694a26bc9e9:192.168.36.126:42527, 718f5985-af6b-46f0-b376-36c68e33e3c2:192.168.36.126:33516, 7d339ff4-0353-45b5-a855-49faf6b9a877:192.168.36.126:33810], old=null
2019-09-25 05:32:52,049 [07d2a3d4-a08d-4ff2-9fee-7694a26bc9e9@group-8EE3C38B4941:LeaderElection336] INFO  impl.LeaderElection (LogUtils.java:infoOrTrace(149)) -   Exception 0: {}
java.util.concurrent.ExecutionException: org.apache.ratis.thirdparty.io.grpc.StatusRuntimeException: UNAVAILABLE: io exception
	at java.util.concurrent.FutureTask.report(FutureTask.java:122)
	at java.util.concurrent.FutureTask.get(FutureTask.java:192)
	at org.apache.ratis.server.impl.LeaderElection.waitForResults(LeaderElection.java:263)
	at org.apache.ratis.server.impl.LeaderElection.askForVotes(LeaderElection.java:201)
	at org.apache.ratis.server.impl.LeaderElection.run(LeaderElection.java:133)
	at java.lang.Thread.run(Thread.java:748)
Caused by: org.apache.ratis.thirdparty.io.grpc.StatusRuntimeException: UNAVAILABLE: io exception
	at org.apache.ratis.thirdparty.io.grpc.stub.ClientCalls.toStatusRuntimeException(ClientCalls.java:233)
	at org.apache.ratis.thirdparty.io.grpc.stub.ClientCalls.getUnchecked(ClientCalls.java:214)
	at org.apache.ratis.thirdparty.io.grpc.stub.ClientCalls.blockingUnaryCall(ClientCalls.java:139)
	at org.apache.ratis.proto.grpc.RaftServerProtocolServiceGrpc$RaftServerProtocolServiceBlockingStub.requestVote(RaftServerProtocolServiceGrpc.java:265)
	at org.apache.ratis.grpc.server.GrpcServerProtocolClient.requestVote(GrpcServerProtocolClient.java:90)
	at org.apache.ratis.grpc.server.GrpcService.requestVote(GrpcService.java:204)
	at org.apache.ratis.server.impl.LeaderElection.lambda$submitRequests$1(LeaderElection.java:238)
	at java.util.concurrent.FutureTask.run(FutureTask.java:266)
	at java.util.concurrent.Executors$RunnableAdapter.call(Executors.java:511)
	at java.util.concurrent.FutureTask.run(FutureTask.java:266)
	at java.util.concurrent.ThreadPoolExecutor.runWorker(ThreadPoolExecutor.java:1149)
	at java.util.concurrent.ThreadPoolExecutor$Worker.run(ThreadPoolExecutor.java:624)
	... 1 more
Caused by: org.apache.ratis.thirdparty.io.netty.channel.AbstractChannel$AnnotatedConnectException: Connection refused: /192.168.36.126:33810
	at sun.nio.ch.SocketChannelImpl.checkConnect(Native Method)
	at sun.nio.ch.SocketChannelImpl.finishConnect(SocketChannelImpl.java:717)
	at org.apache.ratis.thirdparty.io.netty.channel.socket.nio.NioSocketChannel.doFinishConnect(NioSocketChannel.java:327)
	at org.apache.ratis.thirdparty.io.netty.channel.nio.AbstractNioChannel$AbstractNioUnsafe.finishConnect(AbstractNioChannel.java:340)
	at org.apache.ratis.thirdparty.io.netty.channel.nio.NioEventLoop.processSelectedKey(NioEventLoop.java:632)
	at org.apache.ratis.thirdparty.io.netty.channel.nio.NioEventLoop.processSelectedKeysOptimized(NioEventLoop.java:579)
	at org.apache.ratis.thirdparty.io.netty.channel.nio.NioEventLoop.processSelectedKeys(NioEventLoop.java:496)
	at org.apache.ratis.thirdparty.io.netty.channel.nio.NioEventLoop.run(NioEventLoop.java:458)
	at org.apache.ratis.thirdparty.io.netty.util.concurrent.SingleThreadEventExecutor$5.run(SingleThreadEventExecutor.java:897)
	at org.apache.ratis.thirdparty.io.netty.util.concurrent.FastThreadLocalRunnable.run(FastThreadLocalRunnable.java:30)
	... 1 more
Caused by: java.net.ConnectException: Connection refused
	... 11 more
2019-09-25 05:32:52,049 [e40b1169-82c6-4268-9b48-d611605c3b5d@group-37D53FCFBDA2:LeaderElection337] INFO  impl.LeaderElection (LeaderElection.java:logAndReturn(56)) - e40b1169-82c6-4268-9b48-d611605c3b5d@group-37D53FCFBDA2:LeaderElection337: Election REJECTED; received 1 response(s) [e40b1169-82c6-4268-9b48-d611605c3b5d<-74c765d4-ecbc-4161-b0d3-3f71a54c17e6#0:FAIL-t7] and 1 exception(s); e40b1169-82c6-4268-9b48-d611605c3b5d@group-37D53FCFBDA2:t7, leader=null, voted=e40b1169-82c6-4268-9b48-d611605c3b5d, raftlog=e40b1169-82c6-4268-9b48-d611605c3b5d@group-37D53FCFBDA2-SegmentedRaftLog:OPENED:c-1,f-1,i0, conf=-1: [e40b1169-82c6-4268-9b48-d611605c3b5d:192.168.36.126:46360, 74c765d4-ecbc-4161-b0d3-3f71a54c17e6:192.168.36.126:46193, 8ffa0edf-3bee-4748-91ab-c75ab538701e:192.168.36.126:35863], old=null
2019-09-25 05:32:52,050 [e40b1169-82c6-4268-9b48-d611605c3b5d@group-37D53FCFBDA2:LeaderElection337] INFO  impl.LeaderElection (LogUtils.java:infoOrTrace(149)) -   Exception 0: {}
java.util.concurrent.ExecutionException: org.apache.ratis.thirdparty.io.grpc.StatusRuntimeException: UNAVAILABLE: io exception
	at java.util.concurrent.FutureTask.report(FutureTask.java:122)
	at java.util.concurrent.FutureTask.get(FutureTask.java:192)
	at org.apache.ratis.server.impl.LeaderElection.waitForResults(LeaderElection.java:263)
	at org.apache.ratis.server.impl.LeaderElection.askForVotes(LeaderElection.java:201)
	at org.apache.ratis.server.impl.LeaderElection.run(LeaderElection.java:133)
	at java.lang.Thread.run(Thread.java:748)
Caused by: org.apache.ratis.thirdparty.io.grpc.StatusRuntimeException: UNAVAILABLE: io exception
	at org.apache.ratis.thirdparty.io.grpc.stub.ClientCalls.toStatusRuntimeException(ClientCalls.java:233)
	at org.apache.ratis.thirdparty.io.grpc.stub.ClientCalls.getUnchecked(ClientCalls.java:214)
	at org.apache.ratis.thirdparty.io.grpc.stub.ClientCalls.blockingUnaryCall(ClientCalls.java:139)
	at org.apache.ratis.proto.grpc.RaftServerProtocolServiceGrpc$RaftServerProtocolServiceBlockingStub.requestVote(RaftServerProtocolServiceGrpc.java:265)
	at org.apache.ratis.grpc.server.GrpcServerProtocolClient.requestVote(GrpcServerProtocolClient.java:90)
	at org.apache.ratis.grpc.server.GrpcService.requestVote(GrpcService.java:204)
	at org.apache.ratis.server.impl.LeaderElection.lambda$submitRequests$1(LeaderElection.java:238)
	at java.util.concurrent.FutureTask.run(FutureTask.java:266)
	at java.util.concurrent.Executors$RunnableAdapter.call(Executors.java:511)
	at java.util.concurrent.FutureTask.run(FutureTask.java:266)
	at java.util.concurrent.ThreadPoolExecutor.runWorker(ThreadPoolExecutor.java:1149)
	at java.util.concurrent.ThreadPoolExecutor$Worker.run(ThreadPoolExecutor.java:624)
	... 1 more
Caused by: org.apache.ratis.thirdparty.io.netty.channel.AbstractChannel$AnnotatedConnectException: Connection refused: /192.168.36.126:35863
	at sun.nio.ch.SocketChannelImpl.checkConnect(Native Method)
	at sun.nio.ch.SocketChannelImpl.finishConnect(SocketChannelImpl.java:717)
	at org.apache.ratis.thirdparty.io.netty.channel.socket.nio.NioSocketChannel.doFinishConnect(NioSocketChannel.java:327)
	at org.apache.ratis.thirdparty.io.netty.channel.nio.AbstractNioChannel$AbstractNioUnsafe.finishConnect(AbstractNioChannel.java:340)
	at org.apache.ratis.thirdparty.io.netty.channel.nio.NioEventLoop.processSelectedKey(NioEventLoop.java:632)
	at org.apache.ratis.thirdparty.io.netty.channel.nio.NioEventLoop.processSelectedKeysOptimized(NioEventLoop.java:579)
	at org.apache.ratis.thirdparty.io.netty.channel.nio.NioEventLoop.processSelectedKeys(NioEventLoop.java:496)
	at org.apache.ratis.thirdparty.io.netty.channel.nio.NioEventLoop.run(NioEventLoop.java:458)
	at org.apache.ratis.thirdparty.io.netty.util.concurrent.SingleThreadEventExecutor$5.run(SingleThreadEventExecutor.java:897)
	at org.apache.ratis.thirdparty.io.netty.util.concurrent.FastThreadLocalRunnable.run(FastThreadLocalRunnable.java:30)
	... 1 more
Caused by: java.net.ConnectException: Connection refused
	... 11 more
2019-09-25 05:32:52,047 [07d2a3d4-a08d-4ff2-9fee-7694a26bc9e9@group-FABB21EF17C7:LeaderElection335] INFO  impl.LeaderElection (LeaderElection.java:logAndReturn(56)) - 07d2a3d4-a08d-4ff2-9fee-7694a26bc9e9@group-FABB21EF17C7:LeaderElection335: Election REJECTED; received 1 response(s) [07d2a3d4-a08d-4ff2-9fee-7694a26bc9e9<-718f5985-af6b-46f0-b376-36c68e33e3c2#0:FAIL-t11] and 1 exception(s); 07d2a3d4-a08d-4ff2-9fee-7694a26bc9e9@group-FABB21EF17C7:t11, leader=null, voted=07d2a3d4-a08d-4ff2-9fee-7694a26bc9e9, raftlog=07d2a3d4-a08d-4ff2-9fee-7694a26bc9e9@group-FABB21EF17C7-SegmentedRaftLog:OPENED:c-1,f-1,i0, conf=-1: [07d2a3d4-a08d-4ff2-9fee-7694a26bc9e9:192.168.36.126:42527, 718f5985-af6b-46f0-b376-36c68e33e3c2:192.168.36.126:33516, 7d339ff4-0353-45b5-a855-49faf6b9a877:192.168.36.126:33810], old=null
2019-09-25 05:32:52,050 [e40b1169-82c6-4268-9b48-d611605c3b5d@group-37D53FCFBDA2:LeaderElection337] INFO  impl.RaftServerImpl (RaftServerImpl.java:setRole(174)) - e40b1169-82c6-4268-9b48-d611605c3b5d@group-37D53FCFBDA2: changes role from CANDIDATE to FOLLOWER at term 7 for DISCOVERED_A_NEW_TERM
2019-09-25 05:32:52,049 [07d2a3d4-a08d-4ff2-9fee-7694a26bc9e9@group-8EE3C38B4941:LeaderElection336] INFO  impl.RaftServerImpl (RaftServerImpl.java:setRole(174)) - 07d2a3d4-a08d-4ff2-9fee-7694a26bc9e9@group-8EE3C38B4941: changes role from CANDIDATE to FOLLOWER at term 11 for DISCOVERED_A_NEW_TERM
2019-09-25 05:32:52,049 [718f5985-af6b-46f0-b376-36c68e33e3c2@group-FABB21EF17C7:LeaderElection330] INFO  impl.LeaderElection (LeaderElection.java:logAndReturn(56)) - 718f5985-af6b-46f0-b376-36c68e33e3c2@group-FABB21EF17C7:LeaderElection330: Election REJECTED; received 1 response(s) [718f5985-af6b-46f0-b376-36c68e33e3c2<-07d2a3d4-a08d-4ff2-9fee-7694a26bc9e9#0:FAIL-t11] and 1 exception(s); 718f5985-af6b-46f0-b376-36c68e33e3c2@group-FABB21EF17C7:t11, leader=null, voted=718f5985-af6b-46f0-b376-36c68e33e3c2, raftlog=718f5985-af6b-46f0-b376-36c68e33e3c2@group-FABB21EF17C7-SegmentedRaftLog:OPENED:c-1,f-1,i0, conf=-1: [07d2a3d4-a08d-4ff2-9fee-7694a26bc9e9:192.168.36.126:42527, 718f5985-af6b-46f0-b376-36c68e33e3c2:192.168.36.126:33516, 7d339ff4-0353-45b5-a855-49faf6b9a877:192.168.36.126:33810], old=null
2019-09-25 05:32:52,051 [718f5985-af6b-46f0-b376-36c68e33e3c2@group-FABB21EF17C7:LeaderElection330] INFO  impl.LeaderElection (LogUtils.java:infoOrTrace(149)) -   Exception 0: {}
java.util.concurrent.ExecutionException: org.apache.ratis.thirdparty.io.grpc.StatusRuntimeException: UNAVAILABLE: io exception
	at java.util.concurrent.FutureTask.report(FutureTask.java:122)
	at java.util.concurrent.FutureTask.get(FutureTask.java:192)
	at org.apache.ratis.server.impl.LeaderElection.waitForResults(LeaderElection.java:263)
	at org.apache.ratis.server.impl.LeaderElection.askForVotes(LeaderElection.java:201)
	at org.apache.ratis.server.impl.LeaderElection.run(LeaderElection.java:133)
	at java.lang.Thread.run(Thread.java:748)
Caused by: org.apache.ratis.thirdparty.io.grpc.StatusRuntimeException: UNAVAILABLE: io exception
	at org.apache.ratis.thirdparty.io.grpc.stub.ClientCalls.toStatusRuntimeException(ClientCalls.java:233)
	at org.apache.ratis.thirdparty.io.grpc.stub.ClientCalls.getUnchecked(ClientCalls.java:214)
	at org.apache.ratis.thirdparty.io.grpc.stub.ClientCalls.blockingUnaryCall(ClientCalls.java:139)
	at org.apache.ratis.proto.grpc.RaftServerProtocolServiceGrpc$RaftServerProtocolServiceBlockingStub.requestVote(RaftServerProtocolServiceGrpc.java:265)
	at org.apache.ratis.grpc.server.GrpcServerProtocolClient.requestVote(GrpcServerProtocolClient.java:90)
	at org.apache.ratis.grpc.server.GrpcService.requestVote(GrpcService.java:204)
	at org.apache.ratis.server.impl.LeaderElection.lambda$submitRequests$1(LeaderElection.java:238)
	at java.util.concurrent.FutureTask.run(FutureTask.java:266)
	at java.util.concurrent.Executors$RunnableAdapter.call(Executors.java:511)
	at java.util.concurrent.FutureTask.run(FutureTask.java:266)
	at java.util.concurrent.ThreadPoolExecutor.runWorker(ThreadPoolExecutor.java:1149)
	at java.util.concurrent.ThreadPoolExecutor$Worker.run(ThreadPoolExecutor.java:624)
	... 1 more
Caused by: org.apache.ratis.thirdparty.io.netty.channel.AbstractChannel$AnnotatedConnectException: Connection refused: /192.168.36.126:33810
	at sun.nio.ch.SocketChannelImpl.checkConnect(Native Method)
	at sun.nio.ch.SocketChannelImpl.finishConnect(SocketChannelImpl.java:717)
	at org.apache.ratis.thirdparty.io.netty.channel.socket.nio.NioSocketChannel.doFinishConnect(NioSocketChannel.java:327)
	at org.apache.ratis.thirdparty.io.netty.channel.nio.AbstractNioChannel$AbstractNioUnsafe.finishConnect(AbstractNioChannel.java:340)
	at org.apache.ratis.thirdparty.io.netty.channel.nio.NioEventLoop.processSelectedKey(NioEventLoop.java:632)
	at org.apache.ratis.thirdparty.io.netty.channel.nio.NioEventLoop.processSelectedKeysOptimized(NioEventLoop.java:579)
	at org.apache.ratis.thirdparty.io.netty.channel.nio.NioEventLoop.processSelectedKeys(NioEventLoop.java:496)
	at org.apache.ratis.thirdparty.io.netty.channel.nio.NioEventLoop.run(NioEventLoop.java:458)
	at org.apache.ratis.thirdparty.io.netty.util.concurrent.SingleThreadEventExecutor$5.run(SingleThreadEventExecutor.java:897)
	at org.apache.ratis.thirdparty.io.netty.util.concurrent.FastThreadLocalRunnable.run(FastThreadLocalRunnable.java:30)
	... 1 more
Caused by: java.net.ConnectException: Connection refused
	... 11 more
2019-09-25 05:32:52,049 [74c765d4-ecbc-4161-b0d3-3f71a54c17e6@group-37D53FCFBDA2:LeaderElection332] INFO  impl.LeaderElection (LeaderElection.java:logAndReturn(56)) - 74c765d4-ecbc-4161-b0d3-3f71a54c17e6@group-37D53FCFBDA2:LeaderElection332: Election REJECTED; received 1 response(s) [74c765d4-ecbc-4161-b0d3-3f71a54c17e6<-e40b1169-82c6-4268-9b48-d611605c3b5d#0:FAIL-t7] and 1 exception(s); 74c765d4-ecbc-4161-b0d3-3f71a54c17e6@group-37D53FCFBDA2:t7, leader=null, voted=74c765d4-ecbc-4161-b0d3-3f71a54c17e6, raftlog=74c765d4-ecbc-4161-b0d3-3f71a54c17e6@group-37D53FCFBDA2-SegmentedRaftLog:OPENED:c-1,f-1,i0, conf=-1: [e40b1169-82c6-4268-9b48-d611605c3b5d:192.168.36.126:46360, 74c765d4-ecbc-4161-b0d3-3f71a54c17e6:192.168.36.126:46193, 8ffa0edf-3bee-4748-91ab-c75ab538701e:192.168.36.126:35863], old=null
2019-09-25 05:32:52,049 [718f5985-af6b-46f0-b376-36c68e33e3c2@group-8EE3C38B4941:LeaderElection331] INFO  impl.LeaderElection (LogUtils.java:infoOrTrace(149)) -   Exception 0: {}
java.util.concurrent.ExecutionException: org.apache.ratis.thirdparty.io.grpc.StatusRuntimeException: UNAVAILABLE: io exception
	at java.util.concurrent.FutureTask.report(FutureTask.java:122)
	at java.util.concurrent.FutureTask.get(FutureTask.java:192)
	at org.apache.ratis.server.impl.LeaderElection.waitForResults(LeaderElection.java:263)
	at org.apache.ratis.server.impl.LeaderElection.askForVotes(LeaderElection.java:201)
	at org.apache.ratis.server.impl.LeaderElection.run(LeaderElection.java:133)
	at java.lang.Thread.run(Thread.java:748)
Caused by: org.apache.ratis.thirdparty.io.grpc.StatusRuntimeException: UNAVAILABLE: io exception
	at org.apache.ratis.thirdparty.io.grpc.stub.ClientCalls.toStatusRuntimeException(ClientCalls.java:233)
	at org.apache.ratis.thirdparty.io.grpc.stub.ClientCalls.getUnchecked(ClientCalls.java:214)
	at org.apache.ratis.thirdparty.io.grpc.stub.ClientCalls.blockingUnaryCall(ClientCalls.java:139)
	at org.apache.ratis.proto.grpc.RaftServerProtocolServiceGrpc$RaftServerProtocolServiceBlockingStub.requestVote(RaftServerProtocolServiceGrpc.java:265)
	at org.apache.ratis.grpc.server.GrpcServerProtocolClient.requestVote(GrpcServerProtocolClient.java:90)
	at org.apache.ratis.grpc.server.GrpcService.requestVote(GrpcService.java:204)
	at org.apache.ratis.server.impl.LeaderElection.lambda$submitRequests$1(LeaderElection.java:238)
	at java.util.concurrent.FutureTask.run(FutureTask.java:266)
	at java.util.concurrent.Executors$RunnableAdapter.call(Executors.java:511)
	at java.util.concurrent.FutureTask.run(FutureTask.java:266)
	at java.util.concurrent.ThreadPoolExecutor.runWorker(ThreadPoolExecutor.java:1149)
	at java.util.concurrent.ThreadPoolExecutor$Worker.run(ThreadPoolExecutor.java:624)
	... 1 more
Caused by: org.apache.ratis.thirdparty.io.netty.channel.AbstractChannel$AnnotatedConnectException: Connection refused: /192.168.36.126:33810
	at sun.nio.ch.SocketChannelImpl.checkConnect(Native Method)
	at sun.nio.ch.SocketChannelImpl.finishConnect(SocketChannelImpl.java:717)
	at org.apache.ratis.thirdparty.io.netty.channel.socket.nio.NioSocketChannel.doFinishConnect(NioSocketChannel.java:327)
	at org.apache.ratis.thirdparty.io.netty.channel.nio.AbstractNioChannel$AbstractNioUnsafe.finishConnect(AbstractNioChannel.java:340)
	at org.apache.ratis.thirdparty.io.netty.channel.nio.NioEventLoop.processSelectedKey(NioEventLoop.java:632)
	at org.apache.ratis.thirdparty.io.netty.channel.nio.NioEventLoop.processSelectedKeysOptimized(NioEventLoop.java:579)
	at org.apache.ratis.thirdparty.io.netty.channel.nio.NioEventLoop.processSelectedKeys(NioEventLoop.java:496)
	at org.apache.ratis.thirdparty.io.netty.channel.nio.NioEventLoop.run(NioEventLoop.java:458)
	at org.apache.ratis.thirdparty.io.netty.util.concurrent.SingleThreadEventExecutor$5.run(SingleThreadEventExecutor.java:897)
	at org.apache.ratis.thirdparty.io.netty.util.concurrent.FastThreadLocalRunnable.run(FastThreadLocalRunnable.java:30)
	... 1 more
Caused by: java.net.ConnectException: Connection refused
	... 11 more
2019-09-25 05:32:52,048 [07d2a3d4-a08d-4ff2-9fee-7694a26bc9e9@group-19CC27109C97:LeaderElection333] INFO  impl.LeaderElection (LogUtils.java:infoOrTrace(149)) -   Exception 0: {}
java.util.concurrent.ExecutionException: org.apache.ratis.thirdparty.io.grpc.StatusRuntimeException: UNAVAILABLE: io exception
	at java.util.concurrent.FutureTask.report(FutureTask.java:122)
	at java.util.concurrent.FutureTask.get(FutureTask.java:192)
	at org.apache.ratis.server.impl.LeaderElection.waitForResults(LeaderElection.java:263)
	at org.apache.ratis.server.impl.LeaderElection.askForVotes(LeaderElection.java:201)
	at org.apache.ratis.server.impl.LeaderElection.run(LeaderElection.java:133)
	at java.lang.Thread.run(Thread.java:748)
Caused by: org.apache.ratis.thirdparty.io.grpc.StatusRuntimeException: UNAVAILABLE: io exception
	at org.apache.ratis.thirdparty.io.grpc.stub.ClientCalls.toStatusRuntimeException(ClientCalls.java:233)
	at org.apache.ratis.thirdparty.io.grpc.stub.ClientCalls.getUnchecked(ClientCalls.java:214)
	at org.apache.ratis.thirdparty.io.grpc.stub.ClientCalls.blockingUnaryCall(ClientCalls.java:139)
	at org.apache.ratis.proto.grpc.RaftServerProtocolServiceGrpc$RaftServerProtocolServiceBlockingStub.requestVote(RaftServerProtocolServiceGrpc.java:265)
	at org.apache.ratis.grpc.server.GrpcServerProtocolClient.requestVote(GrpcServerProtocolClient.java:90)
	at org.apache.ratis.grpc.server.GrpcService.requestVote(GrpcService.java:204)
	at org.apache.ratis.server.impl.LeaderElection.lambda$submitRequests$1(LeaderElection.java:238)
	at java.util.concurrent.FutureTask.run(FutureTask.java:266)
	at java.util.concurrent.Executors$RunnableAdapter.call(Executors.java:511)
	at java.util.concurrent.FutureTask.run(FutureTask.java:266)
	at java.util.concurrent.ThreadPoolExecutor.runWorker(ThreadPoolExecutor.java:1149)
	at java.util.concurrent.ThreadPoolExecutor$Worker.run(ThreadPoolExecutor.java:624)
	... 1 more
Caused by: org.apache.ratis.thirdparty.io.netty.channel.AbstractChannel$AnnotatedConnectException: Connection refused: /192.168.36.126:33810
	at sun.nio.ch.SocketChannelImpl.checkConnect(Native Method)
	at sun.nio.ch.SocketChannelImpl.finishConnect(SocketChannelImpl.java:717)
	at org.apache.ratis.thirdparty.io.netty.channel.socket.nio.NioSocketChannel.doFinishConnect(NioSocketChannel.java:327)
	at org.apache.ratis.thirdparty.io.netty.channel.nio.AbstractNioChannel$AbstractNioUnsafe.finishConnect(AbstractNioChannel.java:340)
	at org.apache.ratis.thirdparty.io.netty.channel.nio.NioEventLoop.processSelectedKey(NioEventLoop.java:632)
	at org.apache.ratis.thirdparty.io.netty.channel.nio.NioEventLoop.processSelectedKeysOptimized(NioEventLoop.java:579)
	at org.apache.ratis.thirdparty.io.netty.channel.nio.NioEventLoop.processSelectedKeys(NioEventLoop.java:496)
	at org.apache.ratis.thirdparty.io.netty.channel.nio.NioEventLoop.run(NioEventLoop.java:458)
	at org.apache.ratis.thirdparty.io.netty.util.concurrent.SingleThreadEventExecutor$5.run(SingleThreadEventExecutor.java:897)
	at org.apache.ratis.thirdparty.io.netty.util.concurrent.FastThreadLocalRunnable.run(FastThreadLocalRunnable.java:30)
	... 1 more
Caused by: java.net.ConnectException: Connection refused
	... 11 more
2019-09-25 05:32:52,048 [718f5985-af6b-46f0-b376-36c68e33e3c2@group-19CC27109C97:LeaderElection334] INFO  impl.LeaderElection (LeaderElection.java:logAndReturn(56)) - 718f5985-af6b-46f0-b376-36c68e33e3c2@group-19CC27109C97:LeaderElection334: Election REJECTED; received 1 response(s) [718f5985-af6b-46f0-b376-36c68e33e3c2<-07d2a3d4-a08d-4ff2-9fee-7694a26bc9e9#0:FAIL-t11] and 1 exception(s); 718f5985-af6b-46f0-b376-36c68e33e3c2@group-19CC27109C97:t11, leader=null, voted=718f5985-af6b-46f0-b376-36c68e33e3c2, raftlog=718f5985-af6b-46f0-b376-36c68e33e3c2@group-19CC27109C97-SegmentedRaftLog:OPENED:c-1,f-1,i0, conf=-1: [07d2a3d4-a08d-4ff2-9fee-7694a26bc9e9:192.168.36.126:42527, 718f5985-af6b-46f0-b376-36c68e33e3c2:192.168.36.126:33516, 7d339ff4-0353-45b5-a855-49faf6b9a877:192.168.36.126:33810], old=null
2019-09-25 05:32:52,052 [07d2a3d4-a08d-4ff2-9fee-7694a26bc9e9@group-19CC27109C97:LeaderElection333] INFO  impl.RaftServerImpl (RaftServerImpl.java:setRole(174)) - 07d2a3d4-a08d-4ff2-9fee-7694a26bc9e9@group-19CC27109C97: changes role from CANDIDATE to FOLLOWER at term 11 for DISCOVERED_A_NEW_TERM
2019-09-25 05:32:52,052 [718f5985-af6b-46f0-b376-36c68e33e3c2@group-8EE3C38B4941:LeaderElection331] INFO  impl.RaftServerImpl (RaftServerImpl.java:setRole(174)) - 718f5985-af6b-46f0-b376-36c68e33e3c2@group-8EE3C38B4941: changes role from CANDIDATE to FOLLOWER at term 11 for DISCOVERED_A_NEW_TERM
2019-09-25 05:32:52,053 [718f5985-af6b-46f0-b376-36c68e33e3c2@group-8EE3C38B4941:LeaderElection331] INFO  impl.RoleInfo (RoleInfo.java:shutdownLeaderElection(134)) - 718f5985-af6b-46f0-b376-36c68e33e3c2: shutdown LeaderElection
2019-09-25 05:32:52,051 [74c765d4-ecbc-4161-b0d3-3f71a54c17e6@group-37D53FCFBDA2:LeaderElection332] INFO  impl.LeaderElection (LogUtils.java:infoOrTrace(149)) -   Exception 0: {}
java.util.concurrent.ExecutionException: org.apache.ratis.thirdparty.io.grpc.StatusRuntimeException: UNAVAILABLE: io exception
	at java.util.concurrent.FutureTask.report(FutureTask.java:122)
	at java.util.concurrent.FutureTask.get(FutureTask.java:192)
	at org.apache.ratis.server.impl.LeaderElection.waitForResults(LeaderElection.java:263)
	at org.apache.ratis.server.impl.LeaderElection.askForVotes(LeaderElection.java:201)
	at org.apache.ratis.server.impl.LeaderElection.run(LeaderElection.java:133)
	at java.lang.Thread.run(Thread.java:748)
Caused by: org.apache.ratis.thirdparty.io.grpc.StatusRuntimeException: UNAVAILABLE: io exception
	at org.apache.ratis.thirdparty.io.grpc.stub.ClientCalls.toStatusRuntimeException(ClientCalls.java:233)
	at org.apache.ratis.thirdparty.io.grpc.stub.ClientCalls.getUnchecked(ClientCalls.java:214)
	at org.apache.ratis.thirdparty.io.grpc.stub.ClientCalls.blockingUnaryCall(ClientCalls.java:139)
	at org.apache.ratis.proto.grpc.RaftServerProtocolServiceGrpc$RaftServerProtocolServiceBlockingStub.requestVote(RaftServerProtocolServiceGrpc.java:265)
	at org.apache.ratis.grpc.server.GrpcServerProtocolClient.requestVote(GrpcServerProtocolClient.java:90)
	at org.apache.ratis.grpc.server.GrpcService.requestVote(GrpcService.java:204)
	at org.apache.ratis.server.impl.LeaderElection.lambda$submitRequests$1(LeaderElection.java:238)
	at java.util.concurrent.FutureTask.run(FutureTask.java:266)
	at java.util.concurrent.Executors$RunnableAdapter.call(Executors.java:511)
	at java.util.concurrent.FutureTask.run(FutureTask.java:266)
	at java.util.concurrent.ThreadPoolExecutor.runWorker(ThreadPoolExecutor.java:1149)
	at java.util.concurrent.ThreadPoolExecutor$Worker.run(ThreadPoolExecutor.java:624)
	... 1 more
Caused by: org.apache.ratis.thirdparty.io.netty.channel.AbstractChannel$AnnotatedConnectException: Connection refused: /192.168.36.126:35863
	at sun.nio.ch.SocketChannelImpl.checkConnect(Native Method)
	at sun.nio.ch.SocketChannelImpl.finishConnect(SocketChannelImpl.java:717)
	at org.apache.ratis.thirdparty.io.netty.channel.socket.nio.NioSocketChannel.doFinishConnect(NioSocketChannel.java:327)
	at org.apache.ratis.thirdparty.io.netty.channel.nio.AbstractNioChannel$AbstractNioUnsafe.finishConnect(AbstractNioChannel.java:340)
	at org.apache.ratis.thirdparty.io.netty.channel.nio.NioEventLoop.processSelectedKey(NioEventLoop.java:632)
	at org.apache.ratis.thirdparty.io.netty.channel.nio.NioEventLoop.processSelectedKeysOptimized(NioEventLoop.java:579)
	at org.apache.ratis.thirdparty.io.netty.channel.nio.NioEventLoop.processSelectedKeys(NioEventLoop.java:496)
	at org.apache.ratis.thirdparty.io.netty.channel.nio.NioEventLoop.run(NioEventLoop.java:458)
	at org.apache.ratis.thirdparty.io.netty.util.concurrent.SingleThreadEventExecutor$5.run(SingleThreadEventExecutor.java:897)
	at org.apache.ratis.thirdparty.io.netty.util.concurrent.FastThreadLocalRunnable.run(FastThreadLocalRunnable.java:30)
	... 1 more
Caused by: java.net.ConnectException: Connection refused
	... 11 more
2019-09-25 05:32:52,051 [718f5985-af6b-46f0-b376-36c68e33e3c2@group-FABB21EF17C7:LeaderElection330] INFO  impl.RaftServerImpl (RaftServerImpl.java:setRole(174)) - 718f5985-af6b-46f0-b376-36c68e33e3c2@group-FABB21EF17C7: changes role from CANDIDATE to FOLLOWER at term 11 for DISCOVERED_A_NEW_TERM
2019-09-25 05:32:52,050 [07d2a3d4-a08d-4ff2-9fee-7694a26bc9e9@group-8EE3C38B4941:LeaderElection336] INFO  impl.RoleInfo (RoleInfo.java:shutdownLeaderElection(134)) - 07d2a3d4-a08d-4ff2-9fee-7694a26bc9e9: shutdown LeaderElection
2019-09-25 05:32:52,050 [e40b1169-82c6-4268-9b48-d611605c3b5d@group-37D53FCFBDA2:LeaderElection337] INFO  impl.RoleInfo (RoleInfo.java:shutdownLeaderElection(134)) - e40b1169-82c6-4268-9b48-d611605c3b5d: shutdown LeaderElection
2019-09-25 05:32:52,050 [07d2a3d4-a08d-4ff2-9fee-7694a26bc9e9@group-FABB21EF17C7:LeaderElection335] INFO  impl.LeaderElection (LogUtils.java:infoOrTrace(149)) -   Exception 0: {}
java.util.concurrent.ExecutionException: org.apache.ratis.thirdparty.io.grpc.StatusRuntimeException: UNAVAILABLE: io exception
	at java.util.concurrent.FutureTask.report(FutureTask.java:122)
	at java.util.concurrent.FutureTask.get(FutureTask.java:192)
	at org.apache.ratis.server.impl.LeaderElection.waitForResults(LeaderElection.java:263)
	at org.apache.ratis.server.impl.LeaderElection.askForVotes(LeaderElection.java:201)
	at org.apache.ratis.server.impl.LeaderElection.run(LeaderElection.java:133)
	at java.lang.Thread.run(Thread.java:748)
Caused by: org.apache.ratis.thirdparty.io.grpc.StatusRuntimeException: UNAVAILABLE: io exception
	at org.apache.ratis.thirdparty.io.grpc.stub.ClientCalls.toStatusRuntimeException(ClientCalls.java:233)
	at org.apache.ratis.thirdparty.io.grpc.stub.ClientCalls.getUnchecked(ClientCalls.java:214)
	at org.apache.ratis.thirdparty.io.grpc.stub.ClientCalls.blockingUnaryCall(ClientCalls.java:139)
	at org.apache.ratis.proto.grpc.RaftServerProtocolServiceGrpc$RaftServerProtocolServiceBlockingStub.requestVote(RaftServerProtocolServiceGrpc.java:265)
	at org.apache.ratis.grpc.server.GrpcServerProtocolClient.requestVote(GrpcServerProtocolClient.java:90)
	at org.apache.ratis.grpc.server.GrpcService.requestVote(GrpcService.java:204)
	at org.apache.ratis.server.impl.LeaderElection.lambda$submitRequests$1(LeaderElection.java:238)
	at java.util.concurrent.FutureTask.run(FutureTask.java:266)
	at java.util.concurrent.Executors$RunnableAdapter.call(Executors.java:511)
	at java.util.concurrent.FutureTask.run(FutureTask.java:266)
	at java.util.concurrent.ThreadPoolExecutor.runWorker(ThreadPoolExecutor.java:1149)
	at java.util.concurrent.ThreadPoolExecutor$Worker.run(ThreadPoolExecutor.java:624)
	... 1 more
Caused by: org.apache.ratis.thirdparty.io.netty.channel.AbstractChannel$AnnotatedConnectException: Connection refused: /192.168.36.126:33810
	at sun.nio.ch.SocketChannelImpl.checkConnect(Native Method)
	at sun.nio.ch.SocketChannelImpl.finishConnect(SocketChannelImpl.java:717)
	at org.apache.ratis.thirdparty.io.netty.channel.socket.nio.NioSocketChannel.doFinishConnect(NioSocketChannel.java:327)
	at org.apache.ratis.thirdparty.io.netty.channel.nio.AbstractNioChannel$AbstractNioUnsafe.finishConnect(AbstractNioChannel.java:340)
	at org.apache.ratis.thirdparty.io.netty.channel.nio.NioEventLoop.processSelectedKey(NioEventLoop.java:632)
	at org.apache.ratis.thirdparty.io.netty.channel.nio.NioEventLoop.processSelectedKeysOptimized(NioEventLoop.java:579)
	at org.apache.ratis.thirdparty.io.netty.channel.nio.NioEventLoop.processSelectedKeys(NioEventLoop.java:496)
	at org.apache.ratis.thirdparty.io.netty.channel.nio.NioEventLoop.run(NioEventLoop.java:458)
	at org.apache.ratis.thirdparty.io.netty.util.concurrent.SingleThreadEventExecutor$5.run(SingleThreadEventExecutor.java:897)
	at org.apache.ratis.thirdparty.io.netty.util.concurrent.FastThreadLocalRunnable.run(FastThreadLocalRunnable.java:30)
	... 1 more
Caused by: java.net.ConnectException: Connection refused
	... 11 more
2019-09-25 05:32:52,054 [e40b1169-82c6-4268-9b48-d611605c3b5d@group-37D53FCFBDA2:LeaderElection337] INFO  impl.RoleInfo (RoleInfo.java:updateAndGet(143)) - e40b1169-82c6-4268-9b48-d611605c3b5d: start FollowerState
2019-09-25 05:32:52,054 [07d2a3d4-a08d-4ff2-9fee-7694a26bc9e9@group-8EE3C38B4941:LeaderElection336] INFO  impl.RoleInfo (RoleInfo.java:updateAndGet(143)) - 07d2a3d4-a08d-4ff2-9fee-7694a26bc9e9: start FollowerState
2019-09-25 05:32:52,053 [718f5985-af6b-46f0-b376-36c68e33e3c2@group-FABB21EF17C7:LeaderElection330] INFO  impl.RoleInfo (RoleInfo.java:shutdownLeaderElection(134)) - 718f5985-af6b-46f0-b376-36c68e33e3c2: shutdown LeaderElection
2019-09-25 05:32:52,053 [74c765d4-ecbc-4161-b0d3-3f71a54c17e6@group-37D53FCFBDA2:LeaderElection332] INFO  impl.RaftServerImpl (RaftServerImpl.java:setRole(174)) - 74c765d4-ecbc-4161-b0d3-3f71a54c17e6@group-37D53FCFBDA2: changes role from CANDIDATE to FOLLOWER at term 7 for DISCOVERED_A_NEW_TERM
2019-09-25 05:32:52,055 [74c765d4-ecbc-4161-b0d3-3f71a54c17e6@group-37D53FCFBDA2:LeaderElection332] INFO  impl.RoleInfo (RoleInfo.java:shutdownLeaderElection(134)) - 74c765d4-ecbc-4161-b0d3-3f71a54c17e6: shutdown LeaderElection
2019-09-25 05:32:52,053 [718f5985-af6b-46f0-b376-36c68e33e3c2@group-8EE3C38B4941:LeaderElection331] INFO  impl.RoleInfo (RoleInfo.java:updateAndGet(143)) - 718f5985-af6b-46f0-b376-36c68e33e3c2: start FollowerState
2019-09-25 05:32:52,053 [07d2a3d4-a08d-4ff2-9fee-7694a26bc9e9@group-19CC27109C97:LeaderElection333] INFO  impl.RoleInfo (RoleInfo.java:shutdownLeaderElection(134)) - 07d2a3d4-a08d-4ff2-9fee-7694a26bc9e9: shutdown LeaderElection
2019-09-25 05:32:52,052 [718f5985-af6b-46f0-b376-36c68e33e3c2@group-19CC27109C97:LeaderElection334] INFO  impl.LeaderElection (LogUtils.java:infoOrTrace(149)) -   Exception 0: {}
java.util.concurrent.ExecutionException: org.apache.ratis.thirdparty.io.grpc.StatusRuntimeException: UNAVAILABLE: io exception
	at java.util.concurrent.FutureTask.report(FutureTask.java:122)
	at java.util.concurrent.FutureTask.get(FutureTask.java:192)
	at org.apache.ratis.server.impl.LeaderElection.waitForResults(LeaderElection.java:263)
	at org.apache.ratis.server.impl.LeaderElection.askForVotes(LeaderElection.java:201)
	at org.apache.ratis.server.impl.LeaderElection.run(LeaderElection.java:133)
	at java.lang.Thread.run(Thread.java:748)
Caused by: org.apache.ratis.thirdparty.io.grpc.StatusRuntimeException: UNAVAILABLE: io exception
	at org.apache.ratis.thirdparty.io.grpc.stub.ClientCalls.toStatusRuntimeException(ClientCalls.java:233)
	at org.apache.ratis.thirdparty.io.grpc.stub.ClientCalls.getUnchecked(ClientCalls.java:214)
	at org.apache.ratis.thirdparty.io.grpc.stub.ClientCalls.blockingUnaryCall(ClientCalls.java:139)
	at org.apache.ratis.proto.grpc.RaftServerProtocolServiceGrpc$RaftServerProtocolServiceBlockingStub.requestVote(RaftServerProtocolServiceGrpc.java:265)
	at org.apache.ratis.grpc.server.GrpcServerProtocolClient.requestVote(GrpcServerProtocolClient.java:90)
	at org.apache.ratis.grpc.server.GrpcService.requestVote(GrpcService.java:204)
	at org.apache.ratis.server.impl.LeaderElection.lambda$submitRequests$1(LeaderElection.java:238)
	at java.util.concurrent.FutureTask.run(FutureTask.java:266)
	at java.util.concurrent.Executors$RunnableAdapter.call(Executors.java:511)
	at java.util.concurrent.FutureTask.run(FutureTask.java:266)
	at java.util.concurrent.ThreadPoolExecutor.runWorker(ThreadPoolExecutor.java:1149)
	at java.util.concurrent.ThreadPoolExecutor$Worker.run(ThreadPoolExecutor.java:624)
	... 1 more
Caused by: org.apache.ratis.thirdparty.io.netty.channel.AbstractChannel$AnnotatedConnectException: Connection refused: /192.168.36.126:33810
	at sun.nio.ch.SocketChannelImpl.checkConnect(Native Method)
	at sun.nio.ch.SocketChannelImpl.finishConnect(SocketChannelImpl.java:717)
	at org.apache.ratis.thirdparty.io.netty.channel.socket.nio.NioSocketChannel.doFinishConnect(NioSocketChannel.java:327)
	at org.apache.ratis.thirdparty.io.netty.channel.nio.AbstractNioChannel$AbstractNioUnsafe.finishConnect(AbstractNioChannel.java:340)
	at org.apache.ratis.thirdparty.io.netty.channel.nio.NioEventLoop.processSelectedKey(NioEventLoop.java:632)
	at org.apache.ratis.thirdparty.io.netty.channel.nio.NioEventLoop.processSelectedKeysOptimized(NioEventLoop.java:579)
	at org.apache.ratis.thirdparty.io.netty.channel.nio.NioEventLoop.processSelectedKeys(NioEventLoop.java:496)
	at org.apache.ratis.thirdparty.io.netty.channel.nio.NioEventLoop.run(NioEventLoop.java:458)
	at org.apache.ratis.thirdparty.io.netty.util.concurrent.SingleThreadEventExecutor$5.run(SingleThreadEventExecutor.java:897)
	at org.apache.ratis.thirdparty.io.netty.util.concurrent.FastThreadLocalRunnable.run(FastThreadLocalRunnable.java:30)
	... 1 more
Caused by: java.net.ConnectException: Connection refused
	... 11 more
2019-09-25 05:32:52,055 [07d2a3d4-a08d-4ff2-9fee-7694a26bc9e9@group-19CC27109C97:LeaderElection333] INFO  impl.RoleInfo (RoleInfo.java:updateAndGet(143)) - 07d2a3d4-a08d-4ff2-9fee-7694a26bc9e9: start FollowerState
2019-09-25 05:32:52,055 [74c765d4-ecbc-4161-b0d3-3f71a54c17e6@group-37D53FCFBDA2:LeaderElection332] INFO  impl.RoleInfo (RoleInfo.java:updateAndGet(143)) - 74c765d4-ecbc-4161-b0d3-3f71a54c17e6: start FollowerState
2019-09-25 05:32:52,055 [718f5985-af6b-46f0-b376-36c68e33e3c2@group-FABB21EF17C7:LeaderElection330] INFO  impl.RoleInfo (RoleInfo.java:updateAndGet(143)) - 718f5985-af6b-46f0-b376-36c68e33e3c2: start FollowerState
2019-09-25 05:32:52,054 [07d2a3d4-a08d-4ff2-9fee-7694a26bc9e9@group-FABB21EF17C7:LeaderElection335] INFO  impl.RaftServerImpl (RaftServerImpl.java:setRole(174)) - 07d2a3d4-a08d-4ff2-9fee-7694a26bc9e9@group-FABB21EF17C7: changes role from CANDIDATE to FOLLOWER at term 11 for DISCOVERED_A_NEW_TERM
2019-09-25 05:32:52,056 [07d2a3d4-a08d-4ff2-9fee-7694a26bc9e9@group-FABB21EF17C7:LeaderElection335] INFO  impl.RoleInfo (RoleInfo.java:shutdownLeaderElection(134)) - 07d2a3d4-a08d-4ff2-9fee-7694a26bc9e9: shutdown LeaderElection
2019-09-25 05:32:52,056 [718f5985-af6b-46f0-b376-36c68e33e3c2@group-19CC27109C97:LeaderElection334] INFO  impl.RaftServerImpl (RaftServerImpl.java:setRole(174)) - 718f5985-af6b-46f0-b376-36c68e33e3c2@group-19CC27109C97: changes role from CANDIDATE to FOLLOWER at term 11 for DISCOVERED_A_NEW_TERM
2019-09-25 05:32:52,056 [07d2a3d4-a08d-4ff2-9fee-7694a26bc9e9@group-FABB21EF17C7:LeaderElection335] INFO  impl.RoleInfo (RoleInfo.java:updateAndGet(143)) - 07d2a3d4-a08d-4ff2-9fee-7694a26bc9e9: start FollowerState
2019-09-25 05:32:52,057 [718f5985-af6b-46f0-b376-36c68e33e3c2@group-19CC27109C97:LeaderElection334] INFO  impl.RoleInfo (RoleInfo.java:shutdownLeaderElection(134)) - 718f5985-af6b-46f0-b376-36c68e33e3c2: shutdown LeaderElection
2019-09-25 05:32:52,057 [718f5985-af6b-46f0-b376-36c68e33e3c2@group-19CC27109C97:LeaderElection334] INFO  impl.RoleInfo (RoleInfo.java:updateAndGet(143)) - 718f5985-af6b-46f0-b376-36c68e33e3c2: start FollowerState
2019-09-25 05:32:52,299 [ForkJoinPool.commonPool-worker-1] INFO  ozoneimpl.OzoneContainer (OzoneContainer.java:stop(231)) - Attempting to stop container services.
2019-09-25 05:32:52,300 [ForkJoinPool.commonPool-worker-1] INFO  impl.RaftServerProxy (RaftServerProxy.java:lambda$close$4(314)) - 718f5985-af6b-46f0-b376-36c68e33e3c2: close
2019-09-25 05:32:52,300 [ForkJoinPool.commonPool-worker-1] INFO  impl.RaftServerImpl (RaftServerImpl.java:lambda$shutdown$3(251)) - 718f5985-af6b-46f0-b376-36c68e33e3c2@group-8EE3C38B4941: shutdown
2019-09-25 05:32:52,301 [ForkJoinPool.commonPool-worker-1] INFO  util.JmxRegister (JmxRegister.java:unregister(73)) - Successfully un-registered JMX Bean with object name Ratis:service=RaftServer,group=group-8EE3C38B4941,id=718f5985-af6b-46f0-b376-36c68e33e3c2
2019-09-25 05:32:52,301 [ForkJoinPool.commonPool-worker-1] INFO  impl.RoleInfo (RoleInfo.java:shutdownFollowerState(121)) - 718f5985-af6b-46f0-b376-36c68e33e3c2: shutdown FollowerState
2019-09-25 05:32:52,301 [ForkJoinPool.commonPool-worker-1] INFO  impl.StateMachineUpdater (StateMachineUpdater.java:stopAndJoin(125)) - 718f5985-af6b-46f0-b376-36c68e33e3c2@group-8EE3C38B4941-StateMachineUpdater: set stopIndex = -1
2019-09-25 05:32:52,302 [Thread-2082] INFO  impl.FollowerState (FollowerState.java:run(115)) - 718f5985-af6b-46f0-b376-36c68e33e3c2: FollowerState was interrupted: java.lang.InterruptedException: sleep interrupted
2019-09-25 05:32:52,302 [ForkJoinPool.commonPool-worker-1] INFO  impl.RaftServerImpl (ServerState.java:close(385)) - 718f5985-af6b-46f0-b376-36c68e33e3c2@group-8EE3C38B4941: closes. applyIndex: -1
2019-09-25 05:32:52,303 [718f5985-af6b-46f0-b376-36c68e33e3c2@group-8EE3C38B4941-SegmentedRaftLogWorker] INFO  segmented.SegmentedRaftLogWorker (SegmentedRaftLogWorker.java:run(313)) - 718f5985-af6b-46f0-b376-36c68e33e3c2@group-8EE3C38B4941-SegmentedRaftLogWorker was interrupted, exiting. There are 0 tasks remaining in the queue.
2019-09-25 05:32:52,303 [ForkJoinPool.commonPool-worker-1] INFO  segmented.SegmentedRaftLogWorker (SegmentedRaftLogWorker.java:close(228)) - 718f5985-af6b-46f0-b376-36c68e33e3c2@group-8EE3C38B4941-SegmentedRaftLogWorker close()
2019-09-25 05:32:52,309 [ForkJoinPool.commonPool-worker-1] INFO  impl.RaftServerImpl (RaftServerImpl.java:lambda$shutdown$3(251)) - 718f5985-af6b-46f0-b376-36c68e33e3c2@group-FABB21EF17C7: shutdown
2019-09-25 05:32:52,310 [ForkJoinPool.commonPool-worker-1] INFO  util.JmxRegister (JmxRegister.java:unregister(73)) - Successfully un-registered JMX Bean with object name Ratis:service=RaftServer,group=group-FABB21EF17C7,id=718f5985-af6b-46f0-b376-36c68e33e3c2
2019-09-25 05:32:52,310 [ForkJoinPool.commonPool-worker-1] INFO  impl.RoleInfo (RoleInfo.java:shutdownFollowerState(121)) - 718f5985-af6b-46f0-b376-36c68e33e3c2: shutdown FollowerState
2019-09-25 05:32:52,310 [ForkJoinPool.commonPool-worker-1] INFO  impl.StateMachineUpdater (StateMachineUpdater.java:stopAndJoin(125)) - 718f5985-af6b-46f0-b376-36c68e33e3c2@group-FABB21EF17C7-StateMachineUpdater: set stopIndex = -1
2019-09-25 05:32:52,310 [ForkJoinPool.commonPool-worker-1] INFO  impl.RaftServerImpl (ServerState.java:close(385)) - 718f5985-af6b-46f0-b376-36c68e33e3c2@group-FABB21EF17C7: closes. applyIndex: -1
2019-09-25 05:32:52,310 [Thread-2085] INFO  impl.FollowerState (FollowerState.java:run(115)) - 718f5985-af6b-46f0-b376-36c68e33e3c2: FollowerState was interrupted: java.lang.InterruptedException: sleep interrupted
2019-09-25 05:32:52,311 [718f5985-af6b-46f0-b376-36c68e33e3c2@group-FABB21EF17C7-SegmentedRaftLogWorker] INFO  segmented.SegmentedRaftLogWorker (SegmentedRaftLogWorker.java:run(313)) - 718f5985-af6b-46f0-b376-36c68e33e3c2@group-FABB21EF17C7-SegmentedRaftLogWorker was interrupted, exiting. There are 0 tasks remaining in the queue.
2019-09-25 05:32:52,311 [ForkJoinPool.commonPool-worker-1] INFO  segmented.SegmentedRaftLogWorker (SegmentedRaftLogWorker.java:close(228)) - 718f5985-af6b-46f0-b376-36c68e33e3c2@group-FABB21EF17C7-SegmentedRaftLogWorker close()
2019-09-25 05:32:52,314 [ForkJoinPool.commonPool-worker-1] INFO  impl.RaftServerImpl (RaftServerImpl.java:lambda$shutdown$3(251)) - 718f5985-af6b-46f0-b376-36c68e33e3c2@group-64B83545FAEB: shutdown
2019-09-25 05:32:52,314 [main] INFO  ozoneimpl.OzoneContainer (OzoneContainer.java:stop(231)) - Attempting to stop container services.
2019-09-25 05:32:52,314 [ForkJoinPool.commonPool-worker-1] INFO  util.JmxRegister (JmxRegister.java:unregister(73)) - Successfully un-registered JMX Bean with object name Ratis:service=RaftServer,group=group-64B83545FAEB,id=718f5985-af6b-46f0-b376-36c68e33e3c2
2019-09-25 05:32:52,315 [main] INFO  impl.RaftServerProxy (RaftServerProxy.java:lambda$close$4(314)) - e40b1169-82c6-4268-9b48-d611605c3b5d: close
2019-09-25 05:32:52,315 [ForkJoinPool.commonPool-worker-1] INFO  impl.RoleInfo (RoleInfo.java:shutdownLeaderState(104)) - 718f5985-af6b-46f0-b376-36c68e33e3c2: shutdown LeaderState
2019-09-25 05:32:52,315 [main] INFO  impl.RaftServerImpl (RaftServerImpl.java:lambda$shutdown$3(251)) - e40b1169-82c6-4268-9b48-d611605c3b5d@group-37D53FCFBDA2: shutdown
2019-09-25 05:32:52,316 [ForkJoinPool.commonPool-worker-1] INFO  impl.PendingRequests (PendingRequests.java:sendNotLeaderResponses(202)) - 718f5985-af6b-46f0-b376-36c68e33e3c2-PendingRequests: sendNotLeaderResponses
2019-09-25 05:32:52,316 [main] INFO  util.JmxRegister (JmxRegister.java:unregister(73)) - Successfully un-registered JMX Bean with object name Ratis:service=RaftServer,group=group-37D53FCFBDA2,id=e40b1169-82c6-4268-9b48-d611605c3b5d
2019-09-25 05:32:52,317 [ForkJoinPool.commonPool-worker-1] INFO  impl.StateMachineUpdater (StateMachineUpdater.java:stopAndJoin(125)) - 718f5985-af6b-46f0-b376-36c68e33e3c2@group-64B83545FAEB-StateMachineUpdater: set stopIndex = 0
2019-09-25 05:32:52,317 [main] INFO  impl.RoleInfo (RoleInfo.java:shutdownFollowerState(121)) - e40b1169-82c6-4268-9b48-d611605c3b5d: shutdown FollowerState
2019-09-25 05:32:52,318 [ForkJoinPool.commonPool-worker-1] INFO  impl.RaftServerImpl (ServerState.java:close(385)) - 718f5985-af6b-46f0-b376-36c68e33e3c2@group-64B83545FAEB: closes. applyIndex: 0
2019-09-25 05:32:52,318 [main] INFO  impl.StateMachineUpdater (StateMachineUpdater.java:stopAndJoin(125)) - e40b1169-82c6-4268-9b48-d611605c3b5d@group-37D53FCFBDA2-StateMachineUpdater: set stopIndex = -1
2019-09-25 05:32:52,319 [main] INFO  impl.RaftServerImpl (ServerState.java:close(385)) - e40b1169-82c6-4268-9b48-d611605c3b5d@group-37D53FCFBDA2: closes. applyIndex: -1
2019-09-25 05:32:52,318 [Thread-2084] INFO  impl.FollowerState (FollowerState.java:run(115)) - e40b1169-82c6-4268-9b48-d611605c3b5d: FollowerState was interrupted: java.lang.InterruptedException: sleep interrupted
2019-09-25 05:32:52,319 [e40b1169-82c6-4268-9b48-d611605c3b5d@group-37D53FCFBDA2-SegmentedRaftLogWorker] INFO  segmented.SegmentedRaftLogWorker (SegmentedRaftLogWorker.java:run(313)) - e40b1169-82c6-4268-9b48-d611605c3b5d@group-37D53FCFBDA2-SegmentedRaftLogWorker was interrupted, exiting. There are 0 tasks remaining in the queue.
2019-09-25 05:32:52,319 [718f5985-af6b-46f0-b376-36c68e33e3c2@group-64B83545FAEB-SegmentedRaftLogWorker] INFO  segmented.SegmentedRaftLogWorker (SegmentedRaftLogWorker.java:run(313)) - 718f5985-af6b-46f0-b376-36c68e33e3c2@group-64B83545FAEB-SegmentedRaftLogWorker was interrupted, exiting. There are 0 tasks remaining in the queue.
2019-09-25 05:32:52,319 [main] INFO  segmented.SegmentedRaftLogWorker (SegmentedRaftLogWorker.java:close(228)) - e40b1169-82c6-4268-9b48-d611605c3b5d@group-37D53FCFBDA2-SegmentedRaftLogWorker close()
2019-09-25 05:32:52,321 [ForkJoinPool.commonPool-worker-1] INFO  segmented.SegmentedRaftLogWorker (SegmentedRaftLogWorker.java:close(228)) - 718f5985-af6b-46f0-b376-36c68e33e3c2@group-64B83545FAEB-SegmentedRaftLogWorker close()
2019-09-25 05:32:52,324 [main] INFO  server.GrpcService (GrpcService.java:closeImpl(164)) - e40b1169-82c6-4268-9b48-d611605c3b5d: shutdown server with port 46360 now
2019-09-25 05:32:52,328 [ForkJoinPool.commonPool-worker-1] INFO  impl.RaftServerImpl (RaftServerImpl.java:lambda$shutdown$3(251)) - 718f5985-af6b-46f0-b376-36c68e33e3c2@group-19CC27109C97: shutdown
2019-09-25 05:32:52,333 [ForkJoinPool.commonPool-worker-1] INFO  util.JmxRegister (JmxRegister.java:unregister(73)) - Successfully un-registered JMX Bean with object name Ratis:service=RaftServer,group=group-19CC27109C97,id=718f5985-af6b-46f0-b376-36c68e33e3c2
2019-09-25 05:32:52,333 [main] INFO  server.GrpcService (GrpcService.java:closeImpl(172)) - e40b1169-82c6-4268-9b48-d611605c3b5d: shutdown server with port 46360 successfully
2019-09-25 05:32:52,333 [ForkJoinPool.commonPool-worker-1] INFO  impl.RoleInfo (RoleInfo.java:shutdownFollowerState(121)) - 718f5985-af6b-46f0-b376-36c68e33e3c2: shutdown FollowerState
2019-09-25 05:32:52,334 [ForkJoinPool.commonPool-worker-1] INFO  impl.StateMachineUpdater (StateMachineUpdater.java:stopAndJoin(125)) - 718f5985-af6b-46f0-b376-36c68e33e3c2@group-19CC27109C97-StateMachineUpdater: set stopIndex = -1
2019-09-25 05:32:52,334 [Thread-2089] INFO  impl.FollowerState (FollowerState.java:run(115)) - 718f5985-af6b-46f0-b376-36c68e33e3c2: FollowerState was interrupted: java.lang.InterruptedException: sleep interrupted
2019-09-25 05:32:52,334 [ForkJoinPool.commonPool-worker-1] INFO  impl.RaftServerImpl (ServerState.java:close(385)) - 718f5985-af6b-46f0-b376-36c68e33e3c2@group-19CC27109C97: closes. applyIndex: -1
2019-09-25 05:32:52,335 [718f5985-af6b-46f0-b376-36c68e33e3c2@group-19CC27109C97-SegmentedRaftLogWorker] INFO  segmented.SegmentedRaftLogWorker (SegmentedRaftLogWorker.java:run(313)) - 718f5985-af6b-46f0-b376-36c68e33e3c2@group-19CC27109C97-SegmentedRaftLogWorker was interrupted, exiting. There are 0 tasks remaining in the queue.
2019-09-25 05:32:52,335 [ForkJoinPool.commonPool-worker-1] INFO  segmented.SegmentedRaftLogWorker (SegmentedRaftLogWorker.java:close(228)) - 718f5985-af6b-46f0-b376-36c68e33e3c2@group-19CC27109C97-SegmentedRaftLogWorker close()
2019-09-25 05:32:52,339 [ForkJoinPool.commonPool-worker-1] INFO  server.GrpcService (GrpcService.java:closeImpl(164)) - 718f5985-af6b-46f0-b376-36c68e33e3c2: shutdown server with port 33516 now
2019-09-25 05:32:52,343 [refreshUsed-/workdir/hadoop-ozone/integration-test/target/test-dir/MiniOzoneClusterImpl-c3eb0697-53d0-4f00-8b35-781957cf75c5/datanode-8/data/containers] WARN  fs.CachingGetSpaceUsed (CachingGetSpaceUsed.java:run(183)) - Thread Interrupted waiting to refresh disk information: sleep interrupted
2019-09-25 05:32:52,343 [ForkJoinPool.commonPool-worker-1] INFO  server.GrpcService (GrpcService.java:closeImpl(172)) - 718f5985-af6b-46f0-b376-36c68e33e3c2: shutdown server with port 33516 successfully
2019-09-25 05:32:52,346 [refreshUsed-/workdir/hadoop-ozone/integration-test/target/test-dir/MiniOzoneClusterImpl-c3eb0697-53d0-4f00-8b35-781957cf75c5/datanode-4/data/containers] WARN  fs.CachingGetSpaceUsed (CachingGetSpaceUsed.java:run(183)) - Thread Interrupted waiting to refresh disk information: sleep interrupted
2019-09-25 05:32:52,366 [main] INFO  utils.BackgroundService (BackgroundService.java:shutdown(148)) - Shutting down service BlockDeletingService
2019-09-25 05:32:52,371 [main] INFO  statemachine.DatanodeStateMachine (DatanodeStateMachine.java:stopDaemon(395)) - Ozone container server stopped.
2019-09-25 05:32:52,372 [main] INFO  handler.ContextHandler (ContextHandler.java:doStop(910)) - Stopped o.e.j.w.WebAppContext@2753316c{/,null,UNAVAILABLE}{/hddsDatanode}
2019-09-25 05:32:52,373 [main] INFO  server.AbstractConnector (AbstractConnector.java:doStop(318)) - Stopped ServerConnector@59edb4f5{HTTP/1.1,[http/1.1]}{0.0.0.0:0}
2019-09-25 05:32:52,374 [main] INFO  handler.ContextHandler (ContextHandler.java:doStop(910)) - Stopped o.e.j.s.ServletContextHandler@5a13fcf3{/static,jar:file:/home/user/.m2/repository/org/apache/hadoop/hadoop-hdds-container-service/0.5.0-SNAPSHOT/hadoop-hdds-container-service-0.5.0-SNAPSHOT.jar!/webapps/static,UNAVAILABLE}
2019-09-25 05:32:52,375 [main] INFO  handler.ContextHandler (ContextHandler.java:doStop(910)) - Stopped o.e.j.s.ServletContextHandler@20d33ea{/logs,file:///workdir/hadoop-ozone/integration-test/target/log,UNAVAILABLE}
2019-09-25 05:32:52,375 [ForkJoinPool.commonPool-worker-1] INFO  utils.BackgroundService (BackgroundService.java:shutdown(148)) - Shutting down service BlockDeletingService
2019-09-25 05:32:52,380 [ForkJoinPool.commonPool-worker-1] INFO  statemachine.DatanodeStateMachine (DatanodeStateMachine.java:stopDaemon(395)) - Ozone container server stopped.
2019-09-25 05:32:52,383 [ForkJoinPool.commonPool-worker-1] INFO  handler.ContextHandler (ContextHandler.java:doStop(910)) - Stopped o.e.j.w.WebAppContext@4337afd{/,null,UNAVAILABLE}{/hddsDatanode}
2019-09-25 05:32:52,384 [ForkJoinPool.commonPool-worker-1] INFO  server.AbstractConnector (AbstractConnector.java:doStop(318)) - Stopped ServerConnector@1d02af26{HTTP/1.1,[http/1.1]}{0.0.0.0:0}
2019-09-25 05:32:52,384 [ForkJoinPool.commonPool-worker-1] INFO  handler.ContextHandler (ContextHandler.java:doStop(910)) - Stopped o.e.j.s.ServletContextHandler@2dbc408c{/static,jar:file:/home/user/.m2/repository/org/apache/hadoop/hadoop-hdds-container-service/0.5.0-SNAPSHOT/hadoop-hdds-container-service-0.5.0-SNAPSHOT.jar!/webapps/static,UNAVAILABLE}
2019-09-25 05:32:52,384 [ForkJoinPool.commonPool-worker-1] INFO  handler.ContextHandler (ContextHandler.java:doStop(910)) - Stopped o.e.j.s.ServletContextHandler@55f4887d{/logs,file:///workdir/hadoop-ozone/integration-test/target/log,UNAVAILABLE}
2019-09-25 05:32:52,806 [Datanode State Machine Thread - 0] INFO  statemachine.DatanodeStateMachine (DatanodeStateMachine.java:lambda$startDaemon$0(350)) - Ozone container server started.
2019-09-25 05:32:53,058 [Thread-2086] INFO  impl.FollowerState (FollowerState.java:run(106)) - 74c765d4-ecbc-4161-b0d3-3f71a54c17e6:group-37D53FCFBDA2 changes to CANDIDATE, lastRpcTime:1002, electionTimeout:1001ms
2019-09-25 05:32:53,058 [Thread-2086] INFO  impl.RoleInfo (RoleInfo.java:shutdownFollowerState(121)) - 74c765d4-ecbc-4161-b0d3-3f71a54c17e6: shutdown FollowerState
2019-09-25 05:32:53,058 [Thread-2086] INFO  impl.RaftServerImpl (RaftServerImpl.java:setRole(174)) - 74c765d4-ecbc-4161-b0d3-3f71a54c17e6@group-37D53FCFBDA2: changes role from  FOLLOWER to CANDIDATE at term 7 for changeToCandidate
2019-09-25 05:32:53,058 [Thread-2086] INFO  impl.RoleInfo (RoleInfo.java:updateAndGet(143)) - 74c765d4-ecbc-4161-b0d3-3f71a54c17e6: start LeaderElection
2019-09-25 05:32:53,094 [Thread-2083] INFO  impl.FollowerState (FollowerState.java:run(106)) - 07d2a3d4-a08d-4ff2-9fee-7694a26bc9e9:group-8EE3C38B4941 changes to CANDIDATE, lastRpcTime:1040, electionTimeout:1039ms
2019-09-25 05:32:53,094 [Thread-2083] INFO  impl.RoleInfo (RoleInfo.java:shutdownFollowerState(121)) - 07d2a3d4-a08d-4ff2-9fee-7694a26bc9e9: shutdown FollowerState
2019-09-25 05:32:53,094 [Thread-2083] INFO  impl.RaftServerImpl (RaftServerImpl.java:setRole(174)) - 07d2a3d4-a08d-4ff2-9fee-7694a26bc9e9@group-8EE3C38B4941: changes role from  FOLLOWER to CANDIDATE at term 11 for changeToCandidate
2019-09-25 05:32:53,094 [Thread-2083] INFO  impl.RoleInfo (RoleInfo.java:updateAndGet(143)) - 07d2a3d4-a08d-4ff2-9fee-7694a26bc9e9: start LeaderElection
2019-09-25 05:32:53,119 [Datanode State Machine Thread - 0] INFO  statemachine.DatanodeStateMachine (DatanodeStateMachine.java:lambda$startDaemon$0(350)) - Ozone container server started.
2019-09-25 05:32:53,193 [Thread-2087] INFO  impl.FollowerState (FollowerState.java:run(106)) - 07d2a3d4-a08d-4ff2-9fee-7694a26bc9e9:group-19CC27109C97 changes to CANDIDATE, lastRpcTime:1138, electionTimeout:1137ms
2019-09-25 05:32:53,194 [Thread-2087] INFO  impl.RoleInfo (RoleInfo.java:shutdownFollowerState(121)) - 07d2a3d4-a08d-4ff2-9fee-7694a26bc9e9: shutdown FollowerState
2019-09-25 05:32:53,194 [Thread-2087] INFO  impl.RaftServerImpl (RaftServerImpl.java:setRole(174)) - 07d2a3d4-a08d-4ff2-9fee-7694a26bc9e9@group-19CC27109C97: changes role from  FOLLOWER to CANDIDATE at term 11 for changeToCandidate
2019-09-25 05:32:53,194 [Thread-2087] INFO  impl.RoleInfo (RoleInfo.java:updateAndGet(143)) - 07d2a3d4-a08d-4ff2-9fee-7694a26bc9e9: start LeaderElection
2019-09-25 05:32:53,202 [Thread-2088] INFO  impl.FollowerState (FollowerState.java:run(106)) - 07d2a3d4-a08d-4ff2-9fee-7694a26bc9e9:group-FABB21EF17C7 changes to CANDIDATE, lastRpcTime:1145, electionTimeout:1145ms
2019-09-25 05:32:53,202 [Thread-2088] INFO  impl.RoleInfo (RoleInfo.java:shutdownFollowerState(121)) - 07d2a3d4-a08d-4ff2-9fee-7694a26bc9e9: shutdown FollowerState
2019-09-25 05:32:53,202 [Thread-2088] INFO  impl.RaftServerImpl (RaftServerImpl.java:setRole(174)) - 07d2a3d4-a08d-4ff2-9fee-7694a26bc9e9@group-FABB21EF17C7: changes role from  FOLLOWER to CANDIDATE at term 11 for changeToCandidate
2019-09-25 05:32:53,203 [Thread-2088] INFO  impl.RoleInfo (RoleInfo.java:updateAndGet(143)) - 07d2a3d4-a08d-4ff2-9fee-7694a26bc9e9: start LeaderElection
2019-09-25 05:32:53,550 [07d2a3d4-a08d-4ff2-9fee-7694a26bc9e9@group-8EE3C38B4941:LeaderElection339] INFO  impl.LeaderElection (LeaderElection.java:askForVotes(182)) - 07d2a3d4-a08d-4ff2-9fee-7694a26bc9e9@group-8EE3C38B4941:LeaderElection339: begin an election at term 12 for -1: [07d2a3d4-a08d-4ff2-9fee-7694a26bc9e9:192.168.36.126:42527, 718f5985-af6b-46f0-b376-36c68e33e3c2:192.168.36.126:33516, 7d339ff4-0353-45b5-a855-49faf6b9a877:192.168.36.126:33810], old=null
2019-09-25 05:32:53,550 [07d2a3d4-a08d-4ff2-9fee-7694a26bc9e9@group-19CC27109C97:LeaderElection340] INFO  impl.LeaderElection (LeaderElection.java:askForVotes(182)) - 07d2a3d4-a08d-4ff2-9fee-7694a26bc9e9@group-19CC27109C97:LeaderElection340: begin an election at term 12 for -1: [07d2a3d4-a08d-4ff2-9fee-7694a26bc9e9:192.168.36.126:42527, 718f5985-af6b-46f0-b376-36c68e33e3c2:192.168.36.126:33516, 7d339ff4-0353-45b5-a855-49faf6b9a877:192.168.36.126:33810], old=null
2019-09-25 05:32:53,550 [74c765d4-ecbc-4161-b0d3-3f71a54c17e6@group-37D53FCFBDA2:LeaderElection338] INFO  impl.LeaderElection (LeaderElection.java:askForVotes(182)) - 74c765d4-ecbc-4161-b0d3-3f71a54c17e6@group-37D53FCFBDA2:LeaderElection338: begin an election at term 8 for -1: [e40b1169-82c6-4268-9b48-d611605c3b5d:192.168.36.126:46360, 74c765d4-ecbc-4161-b0d3-3f71a54c17e6:192.168.36.126:46193, 8ffa0edf-3bee-4748-91ab-c75ab538701e:192.168.36.126:35863], old=null
2019-09-25 05:32:53,550 [07d2a3d4-a08d-4ff2-9fee-7694a26bc9e9@group-FABB21EF17C7:LeaderElection341] INFO  impl.LeaderElection (LeaderElection.java:askForVotes(182)) - 07d2a3d4-a08d-4ff2-9fee-7694a26bc9e9@group-FABB21EF17C7:LeaderElection341: begin an election at term 12 for -1: [07d2a3d4-a08d-4ff2-9fee-7694a26bc9e9:192.168.36.126:42527, 718f5985-af6b-46f0-b376-36c68e33e3c2:192.168.36.126:33516, 7d339ff4-0353-45b5-a855-49faf6b9a877:192.168.36.126:33810], old=null
2019-09-25 05:32:53,552 [74c765d4-ecbc-4161-b0d3-3f71a54c17e6@group-37D53FCFBDA2:LeaderElection338] INFO  impl.LeaderElection (LogUtils.java:infoOrTrace(149)) - 74c765d4-ecbc-4161-b0d3-3f71a54c17e6@group-37D53FCFBDA2:LeaderElection338 got exception when requesting votes: {}
java.util.concurrent.ExecutionException: org.apache.ratis.thirdparty.io.grpc.StatusRuntimeException: UNAVAILABLE: io exception
	at java.util.concurrent.FutureTask.report(FutureTask.java:122)
	at java.util.concurrent.FutureTask.get(FutureTask.java:192)
	at org.apache.ratis.server.impl.LeaderElection.waitForResults(LeaderElection.java:263)
	at org.apache.ratis.server.impl.LeaderElection.askForVotes(LeaderElection.java:201)
	at org.apache.ratis.server.impl.LeaderElection.run(LeaderElection.java:133)
	at java.lang.Thread.run(Thread.java:748)
Caused by: org.apache.ratis.thirdparty.io.grpc.StatusRuntimeException: UNAVAILABLE: io exception
	at org.apache.ratis.thirdparty.io.grpc.stub.ClientCalls.toStatusRuntimeException(ClientCalls.java:233)
	at org.apache.ratis.thirdparty.io.grpc.stub.ClientCalls.getUnchecked(ClientCalls.java:214)
	at org.apache.ratis.thirdparty.io.grpc.stub.ClientCalls.blockingUnaryCall(ClientCalls.java:139)
	at org.apache.ratis.proto.grpc.RaftServerProtocolServiceGrpc$RaftServerProtocolServiceBlockingStub.requestVote(RaftServerProtocolServiceGrpc.java:265)
	at org.apache.ratis.grpc.server.GrpcServerProtocolClient.requestVote(GrpcServerProtocolClient.java:90)
	at org.apache.ratis.grpc.server.GrpcService.requestVote(GrpcService.java:204)
	at org.apache.ratis.server.impl.LeaderElection.lambda$submitRequests$1(LeaderElection.java:238)
	at java.util.concurrent.FutureTask.run(FutureTask.java:266)
	at java.util.concurrent.Executors$RunnableAdapter.call(Executors.java:511)
	at java.util.concurrent.FutureTask.run(FutureTask.java:266)
	at java.util.concurrent.ThreadPoolExecutor.runWorker(ThreadPoolExecutor.java:1149)
	at java.util.concurrent.ThreadPoolExecutor$Worker.run(ThreadPoolExecutor.java:624)
	... 1 more
Caused by: org.apache.ratis.thirdparty.io.netty.channel.AbstractChannel$AnnotatedConnectException: Connection refused: /192.168.36.126:35863
	at sun.nio.ch.SocketChannelImpl.checkConnect(Native Method)
	at sun.nio.ch.SocketChannelImpl.finishConnect(SocketChannelImpl.java:717)
	at org.apache.ratis.thirdparty.io.netty.channel.socket.nio.NioSocketChannel.doFinishConnect(NioSocketChannel.java:327)
	at org.apache.ratis.thirdparty.io.netty.channel.nio.AbstractNioChannel$AbstractNioUnsafe.finishConnect(AbstractNioChannel.java:340)
	at org.apache.ratis.thirdparty.io.netty.channel.nio.NioEventLoop.processSelectedKey(NioEventLoop.java:632)
	at org.apache.ratis.thirdparty.io.netty.channel.nio.NioEventLoop.processSelectedKeysOptimized(NioEventLoop.java:579)
	at org.apache.ratis.thirdparty.io.netty.channel.nio.NioEventLoop.processSelectedKeys(NioEventLoop.java:496)
	at org.apache.ratis.thirdparty.io.netty.channel.nio.NioEventLoop.run(NioEventLoop.java:458)
	at org.apache.ratis.thirdparty.io.netty.util.concurrent.SingleThreadEventExecutor$5.run(SingleThreadEventExecutor.java:897)
	at org.apache.ratis.thirdparty.io.netty.util.concurrent.FastThreadLocalRunnable.run(FastThreadLocalRunnable.java:30)
	... 1 more
Caused by: java.net.ConnectException: Connection refused
	... 11 more
2019-09-25 05:32:53,553 [07d2a3d4-a08d-4ff2-9fee-7694a26bc9e9@group-FABB21EF17C7:LeaderElection341] INFO  impl.LeaderElection (LogUtils.java:infoOrTrace(149)) - 07d2a3d4-a08d-4ff2-9fee-7694a26bc9e9@group-FABB21EF17C7:LeaderElection341 got exception when requesting votes: {}
java.util.concurrent.ExecutionException: org.apache.ratis.thirdparty.io.grpc.StatusRuntimeException: UNAVAILABLE: io exception
	at java.util.concurrent.FutureTask.report(FutureTask.java:122)
	at java.util.concurrent.FutureTask.get(FutureTask.java:192)
	at org.apache.ratis.server.impl.LeaderElection.waitForResults(LeaderElection.java:263)
	at org.apache.ratis.server.impl.LeaderElection.askForVotes(LeaderElection.java:201)
	at org.apache.ratis.server.impl.LeaderElection.run(LeaderElection.java:133)
	at java.lang.Thread.run(Thread.java:748)
Caused by: org.apache.ratis.thirdparty.io.grpc.StatusRuntimeException: UNAVAILABLE: io exception
	at org.apache.ratis.thirdparty.io.grpc.stub.ClientCalls.toStatusRuntimeException(ClientCalls.java:233)
	at org.apache.ratis.thirdparty.io.grpc.stub.ClientCalls.getUnchecked(ClientCalls.java:214)
	at org.apache.ratis.thirdparty.io.grpc.stub.ClientCalls.blockingUnaryCall(ClientCalls.java:139)
	at org.apache.ratis.proto.grpc.RaftServerProtocolServiceGrpc$RaftServerProtocolServiceBlockingStub.requestVote(RaftServerProtocolServiceGrpc.java:265)
	at org.apache.ratis.grpc.server.GrpcServerProtocolClient.requestVote(GrpcServerProtocolClient.java:90)
	at org.apache.ratis.grpc.server.GrpcService.requestVote(GrpcService.java:204)
	at org.apache.ratis.server.impl.LeaderElection.lambda$submitRequests$1(LeaderElection.java:238)
	at java.util.concurrent.FutureTask.run(FutureTask.java:266)
	at java.util.concurrent.Executors$RunnableAdapter.call(Executors.java:511)
	at java.util.concurrent.FutureTask.run(FutureTask.java:266)
	at java.util.concurrent.ThreadPoolExecutor.runWorker(ThreadPoolExecutor.java:1149)
	at java.util.concurrent.ThreadPoolExecutor$Worker.run(ThreadPoolExecutor.java:624)
	... 1 more
Caused by: org.apache.ratis.thirdparty.io.netty.channel.AbstractChannel$AnnotatedConnectException: Connection refused: /192.168.36.126:33810
	at sun.nio.ch.SocketChannelImpl.checkConnect(Native Method)
	at sun.nio.ch.SocketChannelImpl.finishConnect(SocketChannelImpl.java:717)
	at org.apache.ratis.thirdparty.io.netty.channel.socket.nio.NioSocketChannel.doFinishConnect(NioSocketChannel.java:327)
	at org.apache.ratis.thirdparty.io.netty.channel.nio.AbstractNioChannel$AbstractNioUnsafe.finishConnect(AbstractNioChannel.java:340)
	at org.apache.ratis.thirdparty.io.netty.channel.nio.NioEventLoop.processSelectedKey(NioEventLoop.java:632)
	at org.apache.ratis.thirdparty.io.netty.channel.nio.NioEventLoop.processSelectedKeysOptimized(NioEventLoop.java:579)
	at org.apache.ratis.thirdparty.io.netty.channel.nio.NioEventLoop.processSelectedKeys(NioEventLoop.java:496)
	at org.apache.ratis.thirdparty.io.netty.channel.nio.NioEventLoop.run(NioEventLoop.java:458)
	at org.apache.ratis.thirdparty.io.netty.util.concurrent.SingleThreadEventExecutor$5.run(SingleThreadEventExecutor.java:897)
	at org.apache.ratis.thirdparty.io.netty.util.concurrent.FastThreadLocalRunnable.run(FastThreadLocalRunnable.java:30)
	... 1 more
Caused by: java.net.ConnectException: Connection refused
	... 11 more
2019-09-25 05:32:53,552 [07d2a3d4-a08d-4ff2-9fee-7694a26bc9e9@group-8EE3C38B4941:LeaderElection339] INFO  impl.LeaderElection (LogUtils.java:infoOrTrace(149)) - 07d2a3d4-a08d-4ff2-9fee-7694a26bc9e9@group-8EE3C38B4941:LeaderElection339 got exception when requesting votes: {}
java.util.concurrent.ExecutionException: org.apache.ratis.thirdparty.io.grpc.StatusRuntimeException: UNAVAILABLE: io exception
	at java.util.concurrent.FutureTask.report(FutureTask.java:122)
	at java.util.concurrent.FutureTask.get(FutureTask.java:192)
	at org.apache.ratis.server.impl.LeaderElection.waitForResults(LeaderElection.java:263)
	at org.apache.ratis.server.impl.LeaderElection.askForVotes(LeaderElection.java:201)
	at org.apache.ratis.server.impl.LeaderElection.run(LeaderElection.java:133)
	at java.lang.Thread.run(Thread.java:748)
Caused by: org.apache.ratis.thirdparty.io.grpc.StatusRuntimeException: UNAVAILABLE: io exception
	at org.apache.ratis.thirdparty.io.grpc.stub.ClientCalls.toStatusRuntimeException(ClientCalls.java:233)
	at org.apache.ratis.thirdparty.io.grpc.stub.ClientCalls.getUnchecked(ClientCalls.java:214)
	at org.apache.ratis.thirdparty.io.grpc.stub.ClientCalls.blockingUnaryCall(ClientCalls.java:139)
	at org.apache.ratis.proto.grpc.RaftServerProtocolServiceGrpc$RaftServerProtocolServiceBlockingStub.requestVote(RaftServerProtocolServiceGrpc.java:265)
	at org.apache.ratis.grpc.server.GrpcServerProtocolClient.requestVote(GrpcServerProtocolClient.java:90)
	at org.apache.ratis.grpc.server.GrpcService.requestVote(GrpcService.java:204)
	at org.apache.ratis.server.impl.LeaderElection.lambda$submitRequests$1(LeaderElection.java:238)
	at java.util.concurrent.FutureTask.run(FutureTask.java:266)
	at java.util.concurrent.Executors$RunnableAdapter.call(Executors.java:511)
	at java.util.concurrent.FutureTask.run(FutureTask.java:266)
	at java.util.concurrent.ThreadPoolExecutor.runWorker(ThreadPoolExecutor.java:1149)
	at java.util.concurrent.ThreadPoolExecutor$Worker.run(ThreadPoolExecutor.java:624)
	... 1 more
Caused by: org.apache.ratis.thirdparty.io.netty.channel.AbstractChannel$AnnotatedConnectException: Connection refused: /192.168.36.126:33810
	at sun.nio.ch.SocketChannelImpl.checkConnect(Native Method)
	at sun.nio.ch.SocketChannelImpl.finishConnect(SocketChannelImpl.java:717)
	at org.apache.ratis.thirdparty.io.netty.channel.socket.nio.NioSocketChannel.doFinishConnect(NioSocketChannel.java:327)
	at org.apache.ratis.thirdparty.io.netty.channel.nio.AbstractNioChannel$AbstractNioUnsafe.finishConnect(AbstractNioChannel.java:340)
	at org.apache.ratis.thirdparty.io.netty.channel.nio.NioEventLoop.processSelectedKey(NioEventLoop.java:632)
	at org.apache.ratis.thirdparty.io.netty.channel.nio.NioEventLoop.processSelectedKeysOptimized(NioEventLoop.java:579)
	at org.apache.ratis.thirdparty.io.netty.channel.nio.NioEventLoop.processSelectedKeys(NioEventLoop.java:496)
	at org.apache.ratis.thirdparty.io.netty.channel.nio.NioEventLoop.run(NioEventLoop.java:458)
	at org.apache.ratis.thirdparty.io.netty.util.concurrent.SingleThreadEventExecutor$5.run(SingleThreadEventExecutor.java:897)
	at org.apache.ratis.thirdparty.io.netty.util.concurrent.FastThreadLocalRunnable.run(FastThreadLocalRunnable.java:30)
	... 1 more
Caused by: java.net.ConnectException: Connection refused
	... 11 more
2019-09-25 05:32:53,552 [07d2a3d4-a08d-4ff2-9fee-7694a26bc9e9@group-19CC27109C97:LeaderElection340] INFO  impl.LeaderElection (LogUtils.java:infoOrTrace(149)) - 07d2a3d4-a08d-4ff2-9fee-7694a26bc9e9@group-19CC27109C97:LeaderElection340 got exception when requesting votes: {}
java.util.concurrent.ExecutionException: org.apache.ratis.thirdparty.io.grpc.StatusRuntimeException: UNAVAILABLE: io exception
	at java.util.concurrent.FutureTask.report(FutureTask.java:122)
	at java.util.concurrent.FutureTask.get(FutureTask.java:192)
	at org.apache.ratis.server.impl.LeaderElection.waitForResults(LeaderElection.java:263)
	at org.apache.ratis.server.impl.LeaderElection.askForVotes(LeaderElection.java:201)
	at org.apache.ratis.server.impl.LeaderElection.run(LeaderElection.java:133)
	at java.lang.Thread.run(Thread.java:748)
Caused by: org.apache.ratis.thirdparty.io.grpc.StatusRuntimeException: UNAVAILABLE: io exception
	at org.apache.ratis.thirdparty.io.grpc.stub.ClientCalls.toStatusRuntimeException(ClientCalls.java:233)
	at org.apache.ratis.thirdparty.io.grpc.stub.ClientCalls.getUnchecked(ClientCalls.java:214)
	at org.apache.ratis.thirdparty.io.grpc.stub.ClientCalls.blockingUnaryCall(ClientCalls.java:139)
	at org.apache.ratis.proto.grpc.RaftServerProtocolServiceGrpc$RaftServerProtocolServiceBlockingStub.requestVote(RaftServerProtocolServiceGrpc.java:265)
	at org.apache.ratis.grpc.server.GrpcServerProtocolClient.requestVote(GrpcServerProtocolClient.java:90)
	at org.apache.ratis.grpc.server.GrpcService.requestVote(GrpcService.java:204)
	at org.apache.ratis.server.impl.LeaderElection.lambda$submitRequests$1(LeaderElection.java:238)
	at java.util.concurrent.FutureTask.run(FutureTask.java:266)
	at java.util.concurrent.Executors$RunnableAdapter.call(Executors.java:511)
	at java.util.concurrent.FutureTask.run(FutureTask.java:266)
	at java.util.concurrent.ThreadPoolExecutor.runWorker(ThreadPoolExecutor.java:1149)
	at java.util.concurrent.ThreadPoolExecutor$Worker.run(ThreadPoolExecutor.java:624)
	... 1 more
Caused by: org.apache.ratis.thirdparty.io.netty.channel.AbstractChannel$AnnotatedConnectException: Connection refused: /192.168.36.126:33810
	at sun.nio.ch.SocketChannelImpl.checkConnect(Native Method)
	at sun.nio.ch.SocketChannelImpl.finishConnect(SocketChannelImpl.java:717)
	at org.apache.ratis.thirdparty.io.netty.channel.socket.nio.NioSocketChannel.doFinishConnect(NioSocketChannel.java:327)
	at org.apache.ratis.thirdparty.io.netty.channel.nio.AbstractNioChannel$AbstractNioUnsafe.finishConnect(AbstractNioChannel.java:340)
	at org.apache.ratis.thirdparty.io.netty.channel.nio.NioEventLoop.processSelectedKey(NioEventLoop.java:632)
	at org.apache.ratis.thirdparty.io.netty.channel.nio.NioEventLoop.processSelectedKeysOptimized(NioEventLoop.java:579)
	at org.apache.ratis.thirdparty.io.netty.channel.nio.NioEventLoop.processSelectedKeys(NioEventLoop.java:496)
	at org.apache.ratis.thirdparty.io.netty.channel.nio.NioEventLoop.run(NioEventLoop.java:458)
	at org.apache.ratis.thirdparty.io.netty.util.concurrent.SingleThreadEventExecutor$5.run(SingleThreadEventExecutor.java:897)
	at org.apache.ratis.thirdparty.io.netty.util.concurrent.FastThreadLocalRunnable.run(FastThreadLocalRunnable.java:30)
	... 1 more
Caused by: java.net.ConnectException: Connection refused
	... 11 more
2019-09-25 05:32:53,554 [07d2a3d4-a08d-4ff2-9fee-7694a26bc9e9@group-8EE3C38B4941:LeaderElection339] INFO  impl.LeaderElection (LogUtils.java:infoOrTrace(149)) - 07d2a3d4-a08d-4ff2-9fee-7694a26bc9e9@group-8EE3C38B4941:LeaderElection339 got exception when requesting votes: {}
java.util.concurrent.ExecutionException: org.apache.ratis.thirdparty.io.grpc.StatusRuntimeException: UNAVAILABLE: io exception
	at java.util.concurrent.FutureTask.report(FutureTask.java:122)
	at java.util.concurrent.FutureTask.get(FutureTask.java:192)
	at org.apache.ratis.server.impl.LeaderElection.waitForResults(LeaderElection.java:263)
	at org.apache.ratis.server.impl.LeaderElection.askForVotes(LeaderElection.java:201)
	at org.apache.ratis.server.impl.LeaderElection.run(LeaderElection.java:133)
	at java.lang.Thread.run(Thread.java:748)
Caused by: org.apache.ratis.thirdparty.io.grpc.StatusRuntimeException: UNAVAILABLE: io exception
	at org.apache.ratis.thirdparty.io.grpc.stub.ClientCalls.toStatusRuntimeException(ClientCalls.java:233)
	at org.apache.ratis.thirdparty.io.grpc.stub.ClientCalls.getUnchecked(ClientCalls.java:214)
	at org.apache.ratis.thirdparty.io.grpc.stub.ClientCalls.blockingUnaryCall(ClientCalls.java:139)
	at org.apache.ratis.proto.grpc.RaftServerProtocolServiceGrpc$RaftServerProtocolServiceBlockingStub.requestVote(RaftServerProtocolServiceGrpc.java:265)
	at org.apache.ratis.grpc.server.GrpcServerProtocolClient.requestVote(GrpcServerProtocolClient.java:90)
	at org.apache.ratis.grpc.server.GrpcService.requestVote(GrpcService.java:204)
	at org.apache.ratis.server.impl.LeaderElection.lambda$submitRequests$1(LeaderElection.java:238)
	at java.util.concurrent.FutureTask.run(FutureTask.java:266)
	at java.util.concurrent.Executors$RunnableAdapter.call(Executors.java:511)
	at java.util.concurrent.FutureTask.run(FutureTask.java:266)
	at java.util.concurrent.ThreadPoolExecutor.runWorker(ThreadPoolExecutor.java:1149)
	at java.util.concurrent.ThreadPoolExecutor$Worker.run(ThreadPoolExecutor.java:624)
	... 1 more
Caused by: org.apache.ratis.thirdparty.io.netty.channel.AbstractChannel$AnnotatedConnectException: Connection refused: /192.168.36.126:33516
	at sun.nio.ch.SocketChannelImpl.checkConnect(Native Method)
	at sun.nio.ch.SocketChannelImpl.finishConnect(SocketChannelImpl.java:717)
	at org.apache.ratis.thirdparty.io.netty.channel.socket.nio.NioSocketChannel.doFinishConnect(NioSocketChannel.java:327)
	at org.apache.ratis.thirdparty.io.netty.channel.nio.AbstractNioChannel$AbstractNioUnsafe.finishConnect(AbstractNioChannel.java:340)
	at org.apache.ratis.thirdparty.io.netty.channel.nio.NioEventLoop.processSelectedKey(NioEventLoop.java:632)
	at org.apache.ratis.thirdparty.io.netty.channel.nio.NioEventLoop.processSelectedKeysOptimized(NioEventLoop.java:579)
	at org.apache.ratis.thirdparty.io.netty.channel.nio.NioEventLoop.processSelectedKeys(NioEventLoop.java:496)
	at org.apache.ratis.thirdparty.io.netty.channel.nio.NioEventLoop.run(NioEventLoop.java:458)
	at org.apache.ratis.thirdparty.io.netty.util.concurrent.SingleThreadEventExecutor$5.run(SingleThreadEventExecutor.java:897)
	at org.apache.ratis.thirdparty.io.netty.util.concurrent.FastThreadLocalRunnable.run(FastThreadLocalRunnable.java:30)
	... 1 more
Caused by: java.net.ConnectException: Connection refused
	... 11 more
2019-09-25 05:32:53,554 [74c765d4-ecbc-4161-b0d3-3f71a54c17e6@group-37D53FCFBDA2:LeaderElection338] INFO  impl.LeaderElection (LogUtils.java:infoOrTrace(149)) - 74c765d4-ecbc-4161-b0d3-3f71a54c17e6@group-37D53FCFBDA2:LeaderElection338 got exception when requesting votes: {}
java.util.concurrent.ExecutionException: org.apache.ratis.thirdparty.io.grpc.StatusRuntimeException: UNAVAILABLE: io exception
	at java.util.concurrent.FutureTask.report(FutureTask.java:122)
	at java.util.concurrent.FutureTask.get(FutureTask.java:192)
	at org.apache.ratis.server.impl.LeaderElection.waitForResults(LeaderElection.java:263)
	at org.apache.ratis.server.impl.LeaderElection.askForVotes(LeaderElection.java:201)
	at org.apache.ratis.server.impl.LeaderElection.run(LeaderElection.java:133)
	at java.lang.Thread.run(Thread.java:748)
Caused by: org.apache.ratis.thirdparty.io.grpc.StatusRuntimeException: UNAVAILABLE: io exception
	at org.apache.ratis.thirdparty.io.grpc.stub.ClientCalls.toStatusRuntimeException(ClientCalls.java:233)
	at org.apache.ratis.thirdparty.io.grpc.stub.ClientCalls.getUnchecked(ClientCalls.java:214)
	at org.apache.ratis.thirdparty.io.grpc.stub.ClientCalls.blockingUnaryCall(ClientCalls.java:139)
	at org.apache.ratis.proto.grpc.RaftServerProtocolServiceGrpc$RaftServerProtocolServiceBlockingStub.requestVote(RaftServerProtocolServiceGrpc.java:265)
	at org.apache.ratis.grpc.server.GrpcServerProtocolClient.requestVote(GrpcServerProtocolClient.java:90)
	at org.apache.ratis.grpc.server.GrpcService.requestVote(GrpcService.java:204)
	at org.apache.ratis.server.impl.LeaderElection.lambda$submitRequests$1(LeaderElection.java:238)
	at java.util.concurrent.FutureTask.run(FutureTask.java:266)
	at java.util.concurrent.Executors$RunnableAdapter.call(Executors.java:511)
	at java.util.concurrent.FutureTask.run(FutureTask.java:266)
	at java.util.concurrent.ThreadPoolExecutor.runWorker(ThreadPoolExecutor.java:1149)
	at java.util.concurrent.ThreadPoolExecutor$Worker.run(ThreadPoolExecutor.java:624)
	... 1 more
Caused by: org.apache.ratis.thirdparty.io.netty.channel.AbstractChannel$AnnotatedConnectException: Connection refused: /192.168.36.126:46360
	at sun.nio.ch.SocketChannelImpl.checkConnect(Native Method)
	at sun.nio.ch.SocketChannelImpl.finishConnect(SocketChannelImpl.java:717)
	at org.apache.ratis.thirdparty.io.netty.channel.socket.nio.NioSocketChannel.doFinishConnect(NioSocketChannel.java:327)
	at org.apache.ratis.thirdparty.io.netty.channel.nio.AbstractNioChannel$AbstractNioUnsafe.finishConnect(AbstractNioChannel.java:340)
	at org.apache.ratis.thirdparty.io.netty.channel.nio.NioEventLoop.processSelectedKey(NioEventLoop.java:632)
	at org.apache.ratis.thirdparty.io.netty.channel.nio.NioEventLoop.processSelectedKeysOptimized(NioEventLoop.java:579)
	at org.apache.ratis.thirdparty.io.netty.channel.nio.NioEventLoop.processSelectedKeys(NioEventLoop.java:496)
	at org.apache.ratis.thirdparty.io.netty.channel.nio.NioEventLoop.run(NioEventLoop.java:458)
	at org.apache.ratis.thirdparty.io.netty.util.concurrent.SingleThreadEventExecutor$5.run(SingleThreadEventExecutor.java:897)
	at org.apache.ratis.thirdparty.io.netty.util.concurrent.FastThreadLocalRunnable.run(FastThreadLocalRunnable.java:30)
	... 1 more
Caused by: java.net.ConnectException: Connection refused
	... 11 more
2019-09-25 05:32:53,553 [07d2a3d4-a08d-4ff2-9fee-7694a26bc9e9@group-FABB21EF17C7:LeaderElection341] INFO  impl.LeaderElection (LogUtils.java:infoOrTrace(149)) - 07d2a3d4-a08d-4ff2-9fee-7694a26bc9e9@group-FABB21EF17C7:LeaderElection341 got exception when requesting votes: {}
java.util.concurrent.ExecutionException: org.apache.ratis.thirdparty.io.grpc.StatusRuntimeException: UNAVAILABLE: io exception
	at java.util.concurrent.FutureTask.report(FutureTask.java:122)
	at java.util.concurrent.FutureTask.get(FutureTask.java:192)
	at org.apache.ratis.server.impl.LeaderElection.waitForResults(LeaderElection.java:263)
	at org.apache.ratis.server.impl.LeaderElection.askForVotes(LeaderElection.java:201)
	at org.apache.ratis.server.impl.LeaderElection.run(LeaderElection.java:133)
	at java.lang.Thread.run(Thread.java:748)
Caused by: org.apache.ratis.thirdparty.io.grpc.StatusRuntimeException: UNAVAILABLE: io exception
	at org.apache.ratis.thirdparty.io.grpc.stub.ClientCalls.toStatusRuntimeException(ClientCalls.java:233)
	at org.apache.ratis.thirdparty.io.grpc.stub.ClientCalls.getUnchecked(ClientCalls.java:214)
	at org.apache.ratis.thirdparty.io.grpc.stub.ClientCalls.blockingUnaryCall(ClientCalls.java:139)
	at org.apache.ratis.proto.grpc.RaftServerProtocolServiceGrpc$RaftServerProtocolServiceBlockingStub.requestVote(RaftServerProtocolServiceGrpc.java:265)
	at org.apache.ratis.grpc.server.GrpcServerProtocolClient.requestVote(GrpcServerProtocolClient.java:90)
	at org.apache.ratis.grpc.server.GrpcService.requestVote(GrpcService.java:204)
	at org.apache.ratis.server.impl.LeaderElection.lambda$submitRequests$1(LeaderElection.java:238)
	at java.util.concurrent.FutureTask.run(FutureTask.java:266)
	at java.util.concurrent.Executors$RunnableAdapter.call(Executors.java:511)
	at java.util.concurrent.FutureTask.run(FutureTask.java:266)
	at java.util.concurrent.ThreadPoolExecutor.runWorker(ThreadPoolExecutor.java:1149)
	at java.util.concurrent.ThreadPoolExecutor$Worker.run(ThreadPoolExecutor.java:624)
	... 1 more
Caused by: org.apache.ratis.thirdparty.io.netty.channel.AbstractChannel$AnnotatedConnectException: Connection refused: /192.168.36.126:33516
	at sun.nio.ch.SocketChannelImpl.checkConnect(Native Method)
	at sun.nio.ch.SocketChannelImpl.finishConnect(SocketChannelImpl.java:717)
	at org.apache.ratis.thirdparty.io.netty.channel.socket.nio.NioSocketChannel.doFinishConnect(NioSocketChannel.java:327)
	at org.apache.ratis.thirdparty.io.netty.channel.nio.AbstractNioChannel$AbstractNioUnsafe.finishConnect(AbstractNioChannel.java:340)
	at org.apache.ratis.thirdparty.io.netty.channel.nio.NioEventLoop.processSelectedKey(NioEventLoop.java:632)
	at org.apache.ratis.thirdparty.io.netty.channel.nio.NioEventLoop.processSelectedKeysOptimized(NioEventLoop.java:579)
	at org.apache.ratis.thirdparty.io.netty.channel.nio.NioEventLoop.processSelectedKeys(NioEventLoop.java:496)
	at org.apache.ratis.thirdparty.io.netty.channel.nio.NioEventLoop.run(NioEventLoop.java:458)
	at org.apache.ratis.thirdparty.io.netty.util.concurrent.SingleThreadEventExecutor$5.run(SingleThreadEventExecutor.java:897)
	at org.apache.ratis.thirdparty.io.netty.util.concurrent.FastThreadLocalRunnable.run(FastThreadLocalRunnable.java:30)
	... 1 more
Caused by: java.net.ConnectException: Connection refused
	... 11 more
2019-09-25 05:32:53,555 [74c765d4-ecbc-4161-b0d3-3f71a54c17e6@group-37D53FCFBDA2:LeaderElection338] INFO  impl.LeaderElection (LeaderElection.java:logAndReturn(56)) - 74c765d4-ecbc-4161-b0d3-3f71a54c17e6@group-37D53FCFBDA2:LeaderElection338: Election REJECTED; received 0 response(s) [] and 2 exception(s); 74c765d4-ecbc-4161-b0d3-3f71a54c17e6@group-37D53FCFBDA2:t8, leader=null, voted=74c765d4-ecbc-4161-b0d3-3f71a54c17e6, raftlog=74c765d4-ecbc-4161-b0d3-3f71a54c17e6@group-37D53FCFBDA2-SegmentedRaftLog:OPENED:c-1,f-1,i0, conf=-1: [e40b1169-82c6-4268-9b48-d611605c3b5d:192.168.36.126:46360, 74c765d4-ecbc-4161-b0d3-3f71a54c17e6:192.168.36.126:46193, 8ffa0edf-3bee-4748-91ab-c75ab538701e:192.168.36.126:35863], old=null
2019-09-25 05:32:53,555 [07d2a3d4-a08d-4ff2-9fee-7694a26bc9e9@group-8EE3C38B4941:LeaderElection339] INFO  impl.LeaderElection (LeaderElection.java:logAndReturn(56)) - 07d2a3d4-a08d-4ff2-9fee-7694a26bc9e9@group-8EE3C38B4941:LeaderElection339: Election REJECTED; received 0 response(s) [] and 2 exception(s); 07d2a3d4-a08d-4ff2-9fee-7694a26bc9e9@group-8EE3C38B4941:t12, leader=null, voted=07d2a3d4-a08d-4ff2-9fee-7694a26bc9e9, raftlog=07d2a3d4-a08d-4ff2-9fee-7694a26bc9e9@group-8EE3C38B4941-SegmentedRaftLog:OPENED:c-1,f-1,i0, conf=-1: [07d2a3d4-a08d-4ff2-9fee-7694a26bc9e9:192.168.36.126:42527, 718f5985-af6b-46f0-b376-36c68e33e3c2:192.168.36.126:33516, 7d339ff4-0353-45b5-a855-49faf6b9a877:192.168.36.126:33810], old=null
2019-09-25 05:32:53,554 [07d2a3d4-a08d-4ff2-9fee-7694a26bc9e9@group-19CC27109C97:LeaderElection340] INFO  impl.LeaderElection (LogUtils.java:infoOrTrace(149)) - 07d2a3d4-a08d-4ff2-9fee-7694a26bc9e9@group-19CC27109C97:LeaderElection340 got exception when requesting votes: {}
java.util.concurrent.ExecutionException: org.apache.ratis.thirdparty.io.grpc.StatusRuntimeException: UNAVAILABLE: io exception
	at java.util.concurrent.FutureTask.report(FutureTask.java:122)
	at java.util.concurrent.FutureTask.get(FutureTask.java:192)
	at org.apache.ratis.server.impl.LeaderElection.waitForResults(LeaderElection.java:263)
	at org.apache.ratis.server.impl.LeaderElection.askForVotes(LeaderElection.java:201)
	at org.apache.ratis.server.impl.LeaderElection.run(LeaderElection.java:133)
	at java.lang.Thread.run(Thread.java:748)
Caused by: org.apache.ratis.thirdparty.io.grpc.StatusRuntimeException: UNAVAILABLE: io exception
	at org.apache.ratis.thirdparty.io.grpc.stub.ClientCalls.toStatusRuntimeException(ClientCalls.java:233)
	at org.apache.ratis.thirdparty.io.grpc.stub.ClientCalls.getUnchecked(ClientCalls.java:214)
	at org.apache.ratis.thirdparty.io.grpc.stub.ClientCalls.blockingUnaryCall(ClientCalls.java:139)
	at org.apache.ratis.proto.grpc.RaftServerProtocolServiceGrpc$RaftServerProtocolServiceBlockingStub.requestVote(RaftServerProtocolServiceGrpc.java:265)
	at org.apache.ratis.grpc.server.GrpcServerProtocolClient.requestVote(GrpcServerProtocolClient.java:90)
	at org.apache.ratis.grpc.server.GrpcService.requestVote(GrpcService.java:204)
	at org.apache.ratis.server.impl.LeaderElection.lambda$submitRequests$1(LeaderElection.java:238)
	at java.util.concurrent.FutureTask.run(FutureTask.java:266)
	at java.util.concurrent.Executors$RunnableAdapter.call(Executors.java:511)
	at java.util.concurrent.FutureTask.run(FutureTask.java:266)
	at java.util.concurrent.ThreadPoolExecutor.runWorker(ThreadPoolExecutor.java:1149)
	at java.util.concurrent.ThreadPoolExecutor$Worker.run(ThreadPoolExecutor.java:624)
	... 1 more
Caused by: org.apache.ratis.thirdparty.io.netty.channel.AbstractChannel$AnnotatedConnectException: Connection refused: /192.168.36.126:33516
	at sun.nio.ch.SocketChannelImpl.checkConnect(Native Method)
	at sun.nio.ch.SocketChannelImpl.finishConnect(SocketChannelImpl.java:717)
	at org.apache.ratis.thirdparty.io.netty.channel.socket.nio.NioSocketChannel.doFinishConnect(NioSocketChannel.java:327)
	at org.apache.ratis.thirdparty.io.netty.channel.nio.AbstractNioChannel$AbstractNioUnsafe.finishConnect(AbstractNioChannel.java:340)
	at org.apache.ratis.thirdparty.io.netty.channel.nio.NioEventLoop.processSelectedKey(NioEventLoop.java:632)
	at org.apache.ratis.thirdparty.io.netty.channel.nio.NioEventLoop.processSelectedKeysOptimized(NioEventLoop.java:579)
	at org.apache.ratis.thirdparty.io.netty.channel.nio.NioEventLoop.processSelectedKeys(NioEventLoop.java:496)
	at org.apache.ratis.thirdparty.io.netty.channel.nio.NioEventLoop.run(NioEventLoop.java:458)
	at org.apache.ratis.thirdparty.io.netty.util.concurrent.SingleThreadEventExecutor$5.run(SingleThreadEventExecutor.java:897)
	at org.apache.ratis.thirdparty.io.netty.util.concurrent.FastThreadLocalRunnable.run(FastThreadLocalRunnable.java:30)
	... 1 more
Caused by: java.net.ConnectException: Connection refused
	... 11 more
2019-09-25 05:32:53,556 [07d2a3d4-a08d-4ff2-9fee-7694a26bc9e9@group-8EE3C38B4941:LeaderElection339] INFO  impl.LeaderElection (LogUtils.java:infoOrTrace(149)) -   Exception 0: {}
java.util.concurrent.ExecutionException: org.apache.ratis.thirdparty.io.grpc.StatusRuntimeException: UNAVAILABLE: io exception
	at java.util.concurrent.FutureTask.report(FutureTask.java:122)
	at java.util.concurrent.FutureTask.get(FutureTask.java:192)
	at org.apache.ratis.server.impl.LeaderElection.waitForResults(LeaderElection.java:263)
	at org.apache.ratis.server.impl.LeaderElection.askForVotes(LeaderElection.java:201)
	at org.apache.ratis.server.impl.LeaderElection.run(LeaderElection.java:133)
	at java.lang.Thread.run(Thread.java:748)
Caused by: org.apache.ratis.thirdparty.io.grpc.StatusRuntimeException: UNAVAILABLE: io exception
	at org.apache.ratis.thirdparty.io.grpc.stub.ClientCalls.toStatusRuntimeException(ClientCalls.java:233)
	at org.apache.ratis.thirdparty.io.grpc.stub.ClientCalls.getUnchecked(ClientCalls.java:214)
	at org.apache.ratis.thirdparty.io.grpc.stub.ClientCalls.blockingUnaryCall(ClientCalls.java:139)
	at org.apache.ratis.proto.grpc.RaftServerProtocolServiceGrpc$RaftServerProtocolServiceBlockingStub.requestVote(RaftServerProtocolServiceGrpc.java:265)
	at org.apache.ratis.grpc.server.GrpcServerProtocolClient.requestVote(GrpcServerProtocolClient.java:90)
	at org.apache.ratis.grpc.server.GrpcService.requestVote(GrpcService.java:204)
	at org.apache.ratis.server.impl.LeaderElection.lambda$submitRequests$1(LeaderElection.java:238)
	at java.util.concurrent.FutureTask.run(FutureTask.java:266)
	at java.util.concurrent.Executors$RunnableAdapter.call(Executors.java:511)
	at java.util.concurrent.FutureTask.run(FutureTask.java:266)
	at java.util.concurrent.ThreadPoolExecutor.runWorker(ThreadPoolExecutor.java:1149)
	at java.util.concurrent.ThreadPoolExecutor$Worker.run(ThreadPoolExecutor.java:624)
	... 1 more
Caused by: org.apache.ratis.thirdparty.io.netty.channel.AbstractChannel$AnnotatedConnectException: Connection refused: /192.168.36.126:33810
	at sun.nio.ch.SocketChannelImpl.checkConnect(Native Method)
	at sun.nio.ch.SocketChannelImpl.finishConnect(SocketChannelImpl.java:717)
	at org.apache.ratis.thirdparty.io.netty.channel.socket.nio.NioSocketChannel.doFinishConnect(NioSocketChannel.java:327)
	at org.apache.ratis.thirdparty.io.netty.channel.nio.AbstractNioChannel$AbstractNioUnsafe.finishConnect(AbstractNioChannel.java:340)
	at org.apache.ratis.thirdparty.io.netty.channel.nio.NioEventLoop.processSelectedKey(NioEventLoop.java:632)
	at org.apache.ratis.thirdparty.io.netty.channel.nio.NioEventLoop.processSelectedKeysOptimized(NioEventLoop.java:579)
	at org.apache.ratis.thirdparty.io.netty.channel.nio.NioEventLoop.processSelectedKeys(NioEventLoop.java:496)
	at org.apache.ratis.thirdparty.io.netty.channel.nio.NioEventLoop.run(NioEventLoop.java:458)
	at org.apache.ratis.thirdparty.io.netty.util.concurrent.SingleThreadEventExecutor$5.run(SingleThreadEventExecutor.java:897)
	at org.apache.ratis.thirdparty.io.netty.util.concurrent.FastThreadLocalRunnable.run(FastThreadLocalRunnable.java:30)
	... 1 more
Caused by: java.net.ConnectException: Connection refused
	... 11 more
2019-09-25 05:32:53,557 [07d2a3d4-a08d-4ff2-9fee-7694a26bc9e9@group-8EE3C38B4941:LeaderElection339] INFO  impl.LeaderElection (LogUtils.java:infoOrTrace(149)) -   Exception 1: {}
java.util.concurrent.ExecutionException: org.apache.ratis.thirdparty.io.grpc.StatusRuntimeException: UNAVAILABLE: io exception
	at java.util.concurrent.FutureTask.report(FutureTask.java:122)
	at java.util.concurrent.FutureTask.get(FutureTask.java:192)
	at org.apache.ratis.server.impl.LeaderElection.waitForResults(LeaderElection.java:263)
	at org.apache.ratis.server.impl.LeaderElection.askForVotes(LeaderElection.java:201)
	at org.apache.ratis.server.impl.LeaderElection.run(LeaderElection.java:133)
	at java.lang.Thread.run(Thread.java:748)
Caused by: org.apache.ratis.thirdparty.io.grpc.StatusRuntimeException: UNAVAILABLE: io exception
	at org.apache.ratis.thirdparty.io.grpc.stub.ClientCalls.toStatusRuntimeException(ClientCalls.java:233)
	at org.apache.ratis.thirdparty.io.grpc.stub.ClientCalls.getUnchecked(ClientCalls.java:214)
	at org.apache.ratis.thirdparty.io.grpc.stub.ClientCalls.blockingUnaryCall(ClientCalls.java:139)
	at org.apache.ratis.proto.grpc.RaftServerProtocolServiceGrpc$RaftServerProtocolServiceBlockingStub.requestVote(RaftServerProtocolServiceGrpc.java:265)
	at org.apache.ratis.grpc.server.GrpcServerProtocolClient.requestVote(GrpcServerProtocolClient.java:90)
	at org.apache.ratis.grpc.server.GrpcService.requestVote(GrpcService.java:204)
	at org.apache.ratis.server.impl.LeaderElection.lambda$submitRequests$1(LeaderElection.java:238)
	at java.util.concurrent.FutureTask.run(FutureTask.java:266)
	at java.util.concurrent.Executors$RunnableAdapter.call(Executors.java:511)
	at java.util.concurrent.FutureTask.run(FutureTask.java:266)
	at java.util.concurrent.ThreadPoolExecutor.runWorker(ThreadPoolExecutor.java:1149)
	at java.util.concurrent.ThreadPoolExecutor$Worker.run(ThreadPoolExecutor.java:624)
	... 1 more
Caused by: org.apache.ratis.thirdparty.io.netty.channel.AbstractChannel$AnnotatedConnectException: Connection refused: /192.168.36.126:33516
	at sun.nio.ch.SocketChannelImpl.checkConnect(Native Method)
	at sun.nio.ch.SocketChannelImpl.finishConnect(SocketChannelImpl.java:717)
	at org.apache.ratis.thirdparty.io.netty.channel.socket.nio.NioSocketChannel.doFinishConnect(NioSocketChannel.java:327)
	at org.apache.ratis.thirdparty.io.netty.channel.nio.AbstractNioChannel$AbstractNioUnsafe.finishConnect(AbstractNioChannel.java:340)
	at org.apache.ratis.thirdparty.io.netty.channel.nio.NioEventLoop.processSelectedKey(NioEventLoop.java:632)
	at org.apache.ratis.thirdparty.io.netty.channel.nio.NioEventLoop.processSelectedKeysOptimized(NioEventLoop.java:579)
	at org.apache.ratis.thirdparty.io.netty.channel.nio.NioEventLoop.processSelectedKeys(NioEventLoop.java:496)
	at org.apache.ratis.thirdparty.io.netty.channel.nio.NioEventLoop.run(NioEventLoop.java:458)
	at org.apache.ratis.thirdparty.io.netty.util.concurrent.SingleThreadEventExecutor$5.run(SingleThreadEventExecutor.java:897)
	at org.apache.ratis.thirdparty.io.netty.util.concurrent.FastThreadLocalRunnable.run(FastThreadLocalRunnable.java:30)
	... 1 more
Caused by: java.net.ConnectException: Connection refused
	... 11 more
2019-09-25 05:32:53,556 [74c765d4-ecbc-4161-b0d3-3f71a54c17e6@group-37D53FCFBDA2:LeaderElection338] INFO  impl.LeaderElection (LogUtils.java:infoOrTrace(149)) -   Exception 0: {}
java.util.concurrent.ExecutionException: org.apache.ratis.thirdparty.io.grpc.StatusRuntimeException: UNAVAILABLE: io exception
	at java.util.concurrent.FutureTask.report(FutureTask.java:122)
	at java.util.concurrent.FutureTask.get(FutureTask.java:192)
	at org.apache.ratis.server.impl.LeaderElection.waitForResults(LeaderElection.java:263)
	at org.apache.ratis.server.impl.LeaderElection.askForVotes(LeaderElection.java:201)
	at org.apache.ratis.server.impl.LeaderElection.run(LeaderElection.java:133)
	at java.lang.Thread.run(Thread.java:748)
Caused by: org.apache.ratis.thirdparty.io.grpc.StatusRuntimeException: UNAVAILABLE: io exception
	at org.apache.ratis.thirdparty.io.grpc.stub.ClientCalls.toStatusRuntimeException(ClientCalls.java:233)
	at org.apache.ratis.thirdparty.io.grpc.stub.ClientCalls.getUnchecked(ClientCalls.java:214)
	at org.apache.ratis.thirdparty.io.grpc.stub.ClientCalls.blockingUnaryCall(ClientCalls.java:139)
	at org.apache.ratis.proto.grpc.RaftServerProtocolServiceGrpc$RaftServerProtocolServiceBlockingStub.requestVote(RaftServerProtocolServiceGrpc.java:265)
	at org.apache.ratis.grpc.server.GrpcServerProtocolClient.requestVote(GrpcServerProtocolClient.java:90)
	at org.apache.ratis.grpc.server.GrpcService.requestVote(GrpcService.java:204)
	at org.apache.ratis.server.impl.LeaderElection.lambda$submitRequests$1(LeaderElection.java:238)
	at java.util.concurrent.FutureTask.run(FutureTask.java:266)
	at java.util.concurrent.Executors$RunnableAdapter.call(Executors.java:511)
	at java.util.concurrent.FutureTask.run(FutureTask.java:266)
	at java.util.concurrent.ThreadPoolExecutor.runWorker(ThreadPoolExecutor.java:1149)
	at java.util.concurrent.ThreadPoolExecutor$Worker.run(ThreadPoolExecutor.java:624)
	... 1 more
Caused by: org.apache.ratis.thirdparty.io.netty.channel.AbstractChannel$AnnotatedConnectException: Connection refused: /192.168.36.126:35863
	at sun.nio.ch.SocketChannelImpl.checkConnect(Native Method)
	at sun.nio.ch.SocketChannelImpl.finishConnect(SocketChannelImpl.java:717)
	at org.apache.ratis.thirdparty.io.netty.channel.socket.nio.NioSocketChannel.doFinishConnect(NioSocketChannel.java:327)
	at org.apache.ratis.thirdparty.io.netty.channel.nio.AbstractNioChannel$AbstractNioUnsafe.finishConnect(AbstractNioChannel.java:340)
	at org.apache.ratis.thirdparty.io.netty.channel.nio.NioEventLoop.processSelectedKey(NioEventLoop.java:632)
	at org.apache.ratis.thirdparty.io.netty.channel.nio.NioEventLoop.processSelectedKeysOptimized(NioEventLoop.java:579)
	at org.apache.ratis.thirdparty.io.netty.channel.nio.NioEventLoop.processSelectedKeys(NioEventLoop.java:496)
	at org.apache.ratis.thirdparty.io.netty.channel.nio.NioEventLoop.run(NioEventLoop.java:458)
	at org.apache.ratis.thirdparty.io.netty.util.concurrent.SingleThreadEventExecutor$5.run(SingleThreadEventExecutor.java:897)
	at org.apache.ratis.thirdparty.io.netty.util.concurrent.FastThreadLocalRunnable.run(FastThreadLocalRunnable.java:30)
	... 1 more
Caused by: java.net.ConnectException: Connection refused
	... 11 more
2019-09-25 05:32:53,556 [07d2a3d4-a08d-4ff2-9fee-7694a26bc9e9@group-FABB21EF17C7:LeaderElection341] INFO  impl.LeaderElection (LeaderElection.java:logAndReturn(56)) - 07d2a3d4-a08d-4ff2-9fee-7694a26bc9e9@group-FABB21EF17C7:LeaderElection341: Election REJECTED; received 0 response(s) [] and 2 exception(s); 07d2a3d4-a08d-4ff2-9fee-7694a26bc9e9@group-FABB21EF17C7:t12, leader=null, voted=07d2a3d4-a08d-4ff2-9fee-7694a26bc9e9, raftlog=07d2a3d4-a08d-4ff2-9fee-7694a26bc9e9@group-FABB21EF17C7-SegmentedRaftLog:OPENED:c-1,f-1,i0, conf=-1: [07d2a3d4-a08d-4ff2-9fee-7694a26bc9e9:192.168.36.126:42527, 718f5985-af6b-46f0-b376-36c68e33e3c2:192.168.36.126:33516, 7d339ff4-0353-45b5-a855-49faf6b9a877:192.168.36.126:33810], old=null
2019-09-25 05:32:53,558 [74c765d4-ecbc-4161-b0d3-3f71a54c17e6@group-37D53FCFBDA2:LeaderElection338] INFO  impl.LeaderElection (LogUtils.java:infoOrTrace(149)) -   Exception 1: {}
java.util.concurrent.ExecutionException: org.apache.ratis.thirdparty.io.grpc.StatusRuntimeException: UNAVAILABLE: io exception
	at java.util.concurrent.FutureTask.report(FutureTask.java:122)
	at java.util.concurrent.FutureTask.get(FutureTask.java:192)
	at org.apache.ratis.server.impl.LeaderElection.waitForResults(LeaderElection.java:263)
	at org.apache.ratis.server.impl.LeaderElection.askForVotes(LeaderElection.java:201)
	at org.apache.ratis.server.impl.LeaderElection.run(LeaderElection.java:133)
	at java.lang.Thread.run(Thread.java:748)
Caused by: org.apache.ratis.thirdparty.io.grpc.StatusRuntimeException: UNAVAILABLE: io exception
	at org.apache.ratis.thirdparty.io.grpc.stub.ClientCalls.toStatusRuntimeException(ClientCalls.java:233)
	at org.apache.ratis.thirdparty.io.grpc.stub.ClientCalls.getUnchecked(ClientCalls.java:214)
	at org.apache.ratis.thirdparty.io.grpc.stub.ClientCalls.blockingUnaryCall(ClientCalls.java:139)
	at org.apache.ratis.proto.grpc.RaftServerProtocolServiceGrpc$RaftServerProtocolServiceBlockingStub.requestVote(RaftServerProtocolServiceGrpc.java:265)
	at org.apache.ratis.grpc.server.GrpcServerProtocolClient.requestVote(GrpcServerProtocolClient.java:90)
	at org.apache.ratis.grpc.server.GrpcService.requestVote(GrpcService.java:204)
	at org.apache.ratis.server.impl.LeaderElection.lambda$submitRequests$1(LeaderElection.java:238)
	at java.util.concurrent.FutureTask.run(FutureTask.java:266)
	at java.util.concurrent.Executors$RunnableAdapter.call(Executors.java:511)
	at java.util.concurrent.FutureTask.run(FutureTask.java:266)
	at java.util.concurrent.ThreadPoolExecutor.runWorker(ThreadPoolExecutor.java:1149)
	at java.util.concurrent.ThreadPoolExecutor$Worker.run(ThreadPoolExecutor.java:624)
	... 1 more
Caused by: org.apache.ratis.thirdparty.io.netty.channel.AbstractChannel$AnnotatedConnectException: Connection refused: /192.168.36.126:46360
	at sun.nio.ch.SocketChannelImpl.checkConnect(Native Method)
	at sun.nio.ch.SocketChannelImpl.finishConnect(SocketChannelImpl.java:717)
	at org.apache.ratis.thirdparty.io.netty.channel.socket.nio.NioSocketChannel.doFinishConnect(NioSocketChannel.java:327)
	at org.apache.ratis.thirdparty.io.netty.channel.nio.AbstractNioChannel$AbstractNioUnsafe.finishConnect(AbstractNioChannel.java:340)
	at org.apache.ratis.thirdparty.io.netty.channel.nio.NioEventLoop.processSelectedKey(NioEventLoop.java:632)
	at org.apache.ratis.thirdparty.io.netty.channel.nio.NioEventLoop.processSelectedKeysOptimized(NioEventLoop.java:579)
	at org.apache.ratis.thirdparty.io.netty.channel.nio.NioEventLoop.processSelectedKeys(NioEventLoop.java:496)
	at org.apache.ratis.thirdparty.io.netty.channel.nio.NioEventLoop.run(NioEventLoop.java:458)
	at org.apache.ratis.thirdparty.io.netty.util.concurrent.SingleThreadEventExecutor$5.run(SingleThreadEventExecutor.java:897)
	at org.apache.ratis.thirdparty.io.netty.util.concurrent.FastThreadLocalRunnable.run(FastThreadLocalRunnable.java:30)
	... 1 more
Caused by: java.net.ConnectException: Connection refused
	... 11 more
2019-09-25 05:32:53,557 [07d2a3d4-a08d-4ff2-9fee-7694a26bc9e9@group-8EE3C38B4941:LeaderElection339] INFO  impl.RaftServerImpl (RaftServerImpl.java:setRole(174)) - 07d2a3d4-a08d-4ff2-9fee-7694a26bc9e9@group-8EE3C38B4941: changes role from CANDIDATE to FOLLOWER at term 12 for DISCOVERED_A_NEW_TERM
2019-09-25 05:32:53,556 [07d2a3d4-a08d-4ff2-9fee-7694a26bc9e9@group-19CC27109C97:LeaderElection340] INFO  impl.LeaderElection (LeaderElection.java:logAndReturn(56)) - 07d2a3d4-a08d-4ff2-9fee-7694a26bc9e9@group-19CC27109C97:LeaderElection340: Election REJECTED; received 0 response(s) [] and 2 exception(s); 07d2a3d4-a08d-4ff2-9fee-7694a26bc9e9@group-19CC27109C97:t12, leader=null, voted=07d2a3d4-a08d-4ff2-9fee-7694a26bc9e9, raftlog=07d2a3d4-a08d-4ff2-9fee-7694a26bc9e9@group-19CC27109C97-SegmentedRaftLog:OPENED:c-1,f-1,i0, conf=-1: [07d2a3d4-a08d-4ff2-9fee-7694a26bc9e9:192.168.36.126:42527, 718f5985-af6b-46f0-b376-36c68e33e3c2:192.168.36.126:33516, 7d339ff4-0353-45b5-a855-49faf6b9a877:192.168.36.126:33810], old=null
2019-09-25 05:32:53,558 [07d2a3d4-a08d-4ff2-9fee-7694a26bc9e9@group-8EE3C38B4941:LeaderElection339] INFO  impl.RoleInfo (RoleInfo.java:shutdownLeaderElection(134)) - 07d2a3d4-a08d-4ff2-9fee-7694a26bc9e9: shutdown LeaderElection
2019-09-25 05:32:53,558 [74c765d4-ecbc-4161-b0d3-3f71a54c17e6@group-37D53FCFBDA2:LeaderElection338] INFO  impl.RaftServerImpl (RaftServerImpl.java:setRole(174)) - 74c765d4-ecbc-4161-b0d3-3f71a54c17e6@group-37D53FCFBDA2: changes role from CANDIDATE to FOLLOWER at term 8 for DISCOVERED_A_NEW_TERM
2019-09-25 05:32:53,559 [74c765d4-ecbc-4161-b0d3-3f71a54c17e6@group-37D53FCFBDA2:LeaderElection338] INFO  impl.RoleInfo (RoleInfo.java:shutdownLeaderElection(134)) - 74c765d4-ecbc-4161-b0d3-3f71a54c17e6: shutdown LeaderElection
2019-09-25 05:32:53,558 [07d2a3d4-a08d-4ff2-9fee-7694a26bc9e9@group-FABB21EF17C7:LeaderElection341] INFO  impl.LeaderElection (LogUtils.java:infoOrTrace(149)) -   Exception 0: {}
java.util.concurrent.ExecutionException: org.apache.ratis.thirdparty.io.grpc.StatusRuntimeException: UNAVAILABLE: io exception
	at java.util.concurrent.FutureTask.report(FutureTask.java:122)
	at java.util.concurrent.FutureTask.get(FutureTask.java:192)
	at org.apache.ratis.server.impl.LeaderElection.waitForResults(LeaderElection.java:263)
	at org.apache.ratis.server.impl.LeaderElection.askForVotes(LeaderElection.java:201)
	at org.apache.ratis.server.impl.LeaderElection.run(LeaderElection.java:133)
	at java.lang.Thread.run(Thread.java:748)
Caused by: org.apache.ratis.thirdparty.io.grpc.StatusRuntimeException: UNAVAILABLE: io exception
	at org.apache.ratis.thirdparty.io.grpc.stub.ClientCalls.toStatusRuntimeException(ClientCalls.java:233)
	at org.apache.ratis.thirdparty.io.grpc.stub.ClientCalls.getUnchecked(ClientCalls.java:214)
	at org.apache.ratis.thirdparty.io.grpc.stub.ClientCalls.blockingUnaryCall(ClientCalls.java:139)
	at org.apache.ratis.proto.grpc.RaftServerProtocolServiceGrpc$RaftServerProtocolServiceBlockingStub.requestVote(RaftServerProtocolServiceGrpc.java:265)
	at org.apache.ratis.grpc.server.GrpcServerProtocolClient.requestVote(GrpcServerProtocolClient.java:90)
	at org.apache.ratis.grpc.server.GrpcService.requestVote(GrpcService.java:204)
	at org.apache.ratis.server.impl.LeaderElection.lambda$submitRequests$1(LeaderElection.java:238)
	at java.util.concurrent.FutureTask.run(FutureTask.java:266)
	at java.util.concurrent.Executors$RunnableAdapter.call(Executors.java:511)
	at java.util.concurrent.FutureTask.run(FutureTask.java:266)
	at java.util.concurrent.ThreadPoolExecutor.runWorker(ThreadPoolExecutor.java:1149)
	at java.util.concurrent.ThreadPoolExecutor$Worker.run(ThreadPoolExecutor.java:624)
	... 1 more
Caused by: org.apache.ratis.thirdparty.io.netty.channel.AbstractChannel$AnnotatedConnectException: Connection refused: /192.168.36.126:33810
	at sun.nio.ch.SocketChannelImpl.checkConnect(Native Method)
	at sun.nio.ch.SocketChannelImpl.finishConnect(SocketChannelImpl.java:717)
	at org.apache.ratis.thirdparty.io.netty.channel.socket.nio.NioSocketChannel.doFinishConnect(NioSocketChannel.java:327)
	at org.apache.ratis.thirdparty.io.netty.channel.nio.AbstractNioChannel$AbstractNioUnsafe.finishConnect(AbstractNioChannel.java:340)
	at org.apache.ratis.thirdparty.io.netty.channel.nio.NioEventLoop.processSelectedKey(NioEventLoop.java:632)
	at org.apache.ratis.thirdparty.io.netty.channel.nio.NioEventLoop.processSelectedKeysOptimized(NioEventLoop.java:579)
	at org.apache.ratis.thirdparty.io.netty.channel.nio.NioEventLoop.processSelectedKeys(NioEventLoop.java:496)
	at org.apache.ratis.thirdparty.io.netty.channel.nio.NioEventLoop.run(NioEventLoop.java:458)
	at org.apache.ratis.thirdparty.io.netty.util.concurrent.SingleThreadEventExecutor$5.run(SingleThreadEventExecutor.java:897)
	at org.apache.ratis.thirdparty.io.netty.util.concurrent.FastThreadLocalRunnable.run(FastThreadLocalRunnable.java:30)
	... 1 more
Caused by: java.net.ConnectException: Connection refused
	... 11 more
2019-09-25 05:32:53,559 [74c765d4-ecbc-4161-b0d3-3f71a54c17e6@group-37D53FCFBDA2:LeaderElection338] INFO  impl.RoleInfo (RoleInfo.java:updateAndGet(143)) - 74c765d4-ecbc-4161-b0d3-3f71a54c17e6: start FollowerState
2019-09-25 05:32:53,559 [07d2a3d4-a08d-4ff2-9fee-7694a26bc9e9@group-8EE3C38B4941:LeaderElection339] INFO  impl.RoleInfo (RoleInfo.java:updateAndGet(143)) - 07d2a3d4-a08d-4ff2-9fee-7694a26bc9e9: start FollowerState
2019-09-25 05:32:53,559 [07d2a3d4-a08d-4ff2-9fee-7694a26bc9e9@group-19CC27109C97:LeaderElection340] INFO  impl.LeaderElection (LogUtils.java:infoOrTrace(149)) -   Exception 0: {}
java.util.concurrent.ExecutionException: org.apache.ratis.thirdparty.io.grpc.StatusRuntimeException: UNAVAILABLE: io exception
	at java.util.concurrent.FutureTask.report(FutureTask.java:122)
	at java.util.concurrent.FutureTask.get(FutureTask.java:192)
	at org.apache.ratis.server.impl.LeaderElection.waitForResults(LeaderElection.java:263)
	at org.apache.ratis.server.impl.LeaderElection.askForVotes(LeaderElection.java:201)
	at org.apache.ratis.server.impl.LeaderElection.run(LeaderElection.java:133)
	at java.lang.Thread.run(Thread.java:748)
Caused by: org.apache.ratis.thirdparty.io.grpc.StatusRuntimeException: UNAVAILABLE: io exception
	at org.apache.ratis.thirdparty.io.grpc.stub.ClientCalls.toStatusRuntimeException(ClientCalls.java:233)
	at org.apache.ratis.thirdparty.io.grpc.stub.ClientCalls.getUnchecked(ClientCalls.java:214)
	at org.apache.ratis.thirdparty.io.grpc.stub.ClientCalls.blockingUnaryCall(ClientCalls.java:139)
	at org.apache.ratis.proto.grpc.RaftServerProtocolServiceGrpc$RaftServerProtocolServiceBlockingStub.requestVote(RaftServerProtocolServiceGrpc.java:265)
	at org.apache.ratis.grpc.server.GrpcServerProtocolClient.requestVote(GrpcServerProtocolClient.java:90)
	at org.apache.ratis.grpc.server.GrpcService.requestVote(GrpcService.java:204)
	at org.apache.ratis.server.impl.LeaderElection.lambda$submitRequests$1(LeaderElection.java:238)
	at java.util.concurrent.FutureTask.run(FutureTask.java:266)
	at java.util.concurrent.Executors$RunnableAdapter.call(Executors.java:511)
	at java.util.concurrent.FutureTask.run(FutureTask.java:266)
	at java.util.concurrent.ThreadPoolExecutor.runWorker(ThreadPoolExecutor.java:1149)
	at java.util.concurrent.ThreadPoolExecutor$Worker.run(ThreadPoolExecutor.java:624)
	... 1 more
Caused by: org.apache.ratis.thirdparty.io.netty.channel.AbstractChannel$AnnotatedConnectException: Connection refused: /192.168.36.126:33810
	at sun.nio.ch.SocketChannelImpl.checkConnect(Native Method)
	at sun.nio.ch.SocketChannelImpl.finishConnect(SocketChannelImpl.java:717)
	at org.apache.ratis.thirdparty.io.netty.channel.socket.nio.NioSocketChannel.doFinishConnect(NioSocketChannel.java:327)
	at org.apache.ratis.thirdparty.io.netty.channel.nio.AbstractNioChannel$AbstractNioUnsafe.finishConnect(AbstractNioChannel.java:340)
	at org.apache.ratis.thirdparty.io.netty.channel.nio.NioEventLoop.processSelectedKey(NioEventLoop.java:632)
	at org.apache.ratis.thirdparty.io.netty.channel.nio.NioEventLoop.processSelectedKeysOptimized(NioEventLoop.java:579)
	at org.apache.ratis.thirdparty.io.netty.channel.nio.NioEventLoop.processSelectedKeys(NioEventLoop.java:496)
	at org.apache.ratis.thirdparty.io.netty.channel.nio.NioEventLoop.run(NioEventLoop.java:458)
	at org.apache.ratis.thirdparty.io.netty.util.concurrent.SingleThreadEventExecutor$5.run(SingleThreadEventExecutor.java:897)
	at org.apache.ratis.thirdparty.io.netty.util.concurrent.FastThreadLocalRunnable.run(FastThreadLocalRunnable.java:30)
	... 1 more
Caused by: java.net.ConnectException: Connection refused
	... 11 more
2019-09-25 05:32:53,559 [07d2a3d4-a08d-4ff2-9fee-7694a26bc9e9@group-FABB21EF17C7:LeaderElection341] INFO  impl.LeaderElection (LogUtils.java:infoOrTrace(149)) -   Exception 1: {}
java.util.concurrent.ExecutionException: org.apache.ratis.thirdparty.io.grpc.StatusRuntimeException: UNAVAILABLE: io exception
	at java.util.concurrent.FutureTask.report(FutureTask.java:122)
	at java.util.concurrent.FutureTask.get(FutureTask.java:192)
	at org.apache.ratis.server.impl.LeaderElection.waitForResults(LeaderElection.java:263)
	at org.apache.ratis.server.impl.LeaderElection.askForVotes(LeaderElection.java:201)
	at org.apache.ratis.server.impl.LeaderElection.run(LeaderElection.java:133)
	at java.lang.Thread.run(Thread.java:748)
Caused by: org.apache.ratis.thirdparty.io.grpc.StatusRuntimeException: UNAVAILABLE: io exception
	at org.apache.ratis.thirdparty.io.grpc.stub.ClientCalls.toStatusRuntimeException(ClientCalls.java:233)
	at org.apache.ratis.thirdparty.io.grpc.stub.ClientCalls.getUnchecked(ClientCalls.java:214)
	at org.apache.ratis.thirdparty.io.grpc.stub.ClientCalls.blockingUnaryCall(ClientCalls.java:139)
	at org.apache.ratis.proto.grpc.RaftServerProtocolServiceGrpc$RaftServerProtocolServiceBlockingStub.requestVote(RaftServerProtocolServiceGrpc.java:265)
	at org.apache.ratis.grpc.server.GrpcServerProtocolClient.requestVote(GrpcServerProtocolClient.java:90)
	at org.apache.ratis.grpc.server.GrpcService.requestVote(GrpcService.java:204)
	at org.apache.ratis.server.impl.LeaderElection.lambda$submitRequests$1(LeaderElection.java:238)
	at java.util.concurrent.FutureTask.run(FutureTask.java:266)
	at java.util.concurrent.Executors$RunnableAdapter.call(Executors.java:511)
	at java.util.concurrent.FutureTask.run(FutureTask.java:266)
	at java.util.concurrent.ThreadPoolExecutor.runWorker(ThreadPoolExecutor.java:1149)
	at java.util.concurrent.ThreadPoolExecutor$Worker.run(ThreadPoolExecutor.java:624)
	... 1 more
Caused by: org.apache.ratis.thirdparty.io.netty.channel.AbstractChannel$AnnotatedConnectException: Connection refused: /192.168.36.126:33516
	at sun.nio.ch.SocketChannelImpl.checkConnect(Native Method)
	at sun.nio.ch.SocketChannelImpl.finishConnect(SocketChannelImpl.java:717)
	at org.apache.ratis.thirdparty.io.netty.channel.socket.nio.NioSocketChannel.doFinishConnect(NioSocketChannel.java:327)
	at org.apache.ratis.thirdparty.io.netty.channel.nio.AbstractNioChannel$AbstractNioUnsafe.finishConnect(AbstractNioChannel.java:340)
	at org.apache.ratis.thirdparty.io.netty.channel.nio.NioEventLoop.processSelectedKey(NioEventLoop.java:632)
	at org.apache.ratis.thirdparty.io.netty.channel.nio.NioEventLoop.processSelectedKeysOptimized(NioEventLoop.java:579)
	at org.apache.ratis.thirdparty.io.netty.channel.nio.NioEventLoop.processSelectedKeys(NioEventLoop.java:496)
	at org.apache.ratis.thirdparty.io.netty.channel.nio.NioEventLoop.run(NioEventLoop.java:458)
	at org.apache.ratis.thirdparty.io.netty.util.concurrent.SingleThreadEventExecutor$5.run(SingleThreadEventExecutor.java:897)
	at org.apache.ratis.thirdparty.io.netty.util.concurrent.FastThreadLocalRunnable.run(FastThreadLocalRunnable.java:30)
	... 1 more
Caused by: java.net.ConnectException: Connection refused
	... 11 more
2019-09-25 05:32:53,560 [07d2a3d4-a08d-4ff2-9fee-7694a26bc9e9@group-19CC27109C97:LeaderElection340] INFO  impl.LeaderElection (LogUtils.java:infoOrTrace(149)) -   Exception 1: {}
java.util.concurrent.ExecutionException: org.apache.ratis.thirdparty.io.grpc.StatusRuntimeException: UNAVAILABLE: io exception
	at java.util.concurrent.FutureTask.report(FutureTask.java:122)
	at java.util.concurrent.FutureTask.get(FutureTask.java:192)
	at org.apache.ratis.server.impl.LeaderElection.waitForResults(LeaderElection.java:263)
	at org.apache.ratis.server.impl.LeaderElection.askForVotes(LeaderElection.java:201)
	at org.apache.ratis.server.impl.LeaderElection.run(LeaderElection.java:133)
	at java.lang.Thread.run(Thread.java:748)
Caused by: org.apache.ratis.thirdparty.io.grpc.StatusRuntimeException: UNAVAILABLE: io exception
	at org.apache.ratis.thirdparty.io.grpc.stub.ClientCalls.toStatusRuntimeException(ClientCalls.java:233)
	at org.apache.ratis.thirdparty.io.grpc.stub.ClientCalls.getUnchecked(ClientCalls.java:214)
	at org.apache.ratis.thirdparty.io.grpc.stub.ClientCalls.blockingUnaryCall(ClientCalls.java:139)
	at org.apache.ratis.proto.grpc.RaftServerProtocolServiceGrpc$RaftServerProtocolServiceBlockingStub.requestVote(RaftServerProtocolServiceGrpc.java:265)
	at org.apache.ratis.grpc.server.GrpcServerProtocolClient.requestVote(GrpcServerProtocolClient.java:90)
	at org.apache.ratis.grpc.server.GrpcService.requestVote(GrpcService.java:204)
	at org.apache.ratis.server.impl.LeaderElection.lambda$submitRequests$1(LeaderElection.java:238)
	at java.util.concurrent.FutureTask.run(FutureTask.java:266)
	at java.util.concurrent.Executors$RunnableAdapter.call(Executors.java:511)
	at java.util.concurrent.FutureTask.run(FutureTask.java:266)
	at java.util.concurrent.ThreadPoolExecutor.runWorker(ThreadPoolExecutor.java:1149)
	at java.util.concurrent.ThreadPoolExecutor$Worker.run(ThreadPoolExecutor.java:624)
	... 1 more
Caused by: org.apache.ratis.thirdparty.io.netty.channel.AbstractChannel$AnnotatedConnectException: Connection refused: /192.168.36.126:33516
	at sun.nio.ch.SocketChannelImpl.checkConnect(Native Method)
	at sun.nio.ch.SocketChannelImpl.finishConnect(SocketChannelImpl.java:717)
	at org.apache.ratis.thirdparty.io.netty.channel.socket.nio.NioSocketChannel.doFinishConnect(NioSocketChannel.java:327)
	at org.apache.ratis.thirdparty.io.netty.channel.nio.AbstractNioChannel$AbstractNioUnsafe.finishConnect(AbstractNioChannel.java:340)
	at org.apache.ratis.thirdparty.io.netty.channel.nio.NioEventLoop.processSelectedKey(NioEventLoop.java:632)
	at org.apache.ratis.thirdparty.io.netty.channel.nio.NioEventLoop.processSelectedKeysOptimized(NioEventLoop.java:579)
	at org.apache.ratis.thirdparty.io.netty.channel.nio.NioEventLoop.processSelectedKeys(NioEventLoop.java:496)
	at org.apache.ratis.thirdparty.io.netty.channel.nio.NioEventLoop.run(NioEventLoop.java:458)
	at org.apache.ratis.thirdparty.io.netty.util.concurrent.SingleThreadEventExecutor$5.run(SingleThreadEventExecutor.java:897)
	at org.apache.ratis.thirdparty.io.netty.util.concurrent.FastThreadLocalRunnable.run(FastThreadLocalRunnable.java:30)
	... 1 more
Caused by: java.net.ConnectException: Connection refused
	... 11 more
2019-09-25 05:32:53,561 [07d2a3d4-a08d-4ff2-9fee-7694a26bc9e9@group-FABB21EF17C7:LeaderElection341] INFO  impl.RaftServerImpl (RaftServerImpl.java:setRole(174)) - 07d2a3d4-a08d-4ff2-9fee-7694a26bc9e9@group-FABB21EF17C7: changes role from CANDIDATE to FOLLOWER at term 12 for DISCOVERED_A_NEW_TERM
2019-09-25 05:32:53,561 [07d2a3d4-a08d-4ff2-9fee-7694a26bc9e9@group-19CC27109C97:LeaderElection340] INFO  impl.RaftServerImpl (RaftServerImpl.java:setRole(174)) - 07d2a3d4-a08d-4ff2-9fee-7694a26bc9e9@group-19CC27109C97: changes role from CANDIDATE to FOLLOWER at term 12 for DISCOVERED_A_NEW_TERM
2019-09-25 05:32:53,561 [07d2a3d4-a08d-4ff2-9fee-7694a26bc9e9@group-FABB21EF17C7:LeaderElection341] INFO  impl.RoleInfo (RoleInfo.java:shutdownLeaderElection(134)) - 07d2a3d4-a08d-4ff2-9fee-7694a26bc9e9: shutdown LeaderElection
2019-09-25 05:32:53,562 [07d2a3d4-a08d-4ff2-9fee-7694a26bc9e9@group-19CC27109C97:LeaderElection340] INFO  impl.RoleInfo (RoleInfo.java:shutdownLeaderElection(134)) - 07d2a3d4-a08d-4ff2-9fee-7694a26bc9e9: shutdown LeaderElection
2019-09-25 05:32:53,562 [07d2a3d4-a08d-4ff2-9fee-7694a26bc9e9@group-FABB21EF17C7:LeaderElection341] INFO  impl.RoleInfo (RoleInfo.java:updateAndGet(143)) - 07d2a3d4-a08d-4ff2-9fee-7694a26bc9e9: start FollowerState
2019-09-25 05:32:53,562 [07d2a3d4-a08d-4ff2-9fee-7694a26bc9e9@group-19CC27109C97:LeaderElection340] INFO  impl.RoleInfo (RoleInfo.java:updateAndGet(143)) - 07d2a3d4-a08d-4ff2-9fee-7694a26bc9e9: start FollowerState
2019-09-25 05:32:54,579 [Thread-2105] INFO  impl.FollowerState (FollowerState.java:run(106)) - 07d2a3d4-a08d-4ff2-9fee-7694a26bc9e9:group-19CC27109C97 changes to CANDIDATE, lastRpcTime:1016, electionTimeout:1016ms
2019-09-25 05:32:54,579 [Thread-2105] INFO  impl.RoleInfo (RoleInfo.java:shutdownFollowerState(121)) - 07d2a3d4-a08d-4ff2-9fee-7694a26bc9e9: shutdown FollowerState
2019-09-25 05:32:54,579 [Thread-2105] INFO  impl.RaftServerImpl (RaftServerImpl.java:setRole(174)) - 07d2a3d4-a08d-4ff2-9fee-7694a26bc9e9@group-19CC27109C97: changes role from  FOLLOWER to CANDIDATE at term 12 for changeToCandidate
2019-09-25 05:32:54,579 [Thread-2105] INFO  impl.RoleInfo (RoleInfo.java:updateAndGet(143)) - 07d2a3d4-a08d-4ff2-9fee-7694a26bc9e9: start LeaderElection
2019-09-25 05:32:54,639 [Thread-2103] INFO  impl.FollowerState (FollowerState.java:run(106)) - 74c765d4-ecbc-4161-b0d3-3f71a54c17e6:group-37D53FCFBDA2 changes to CANDIDATE, lastRpcTime:1079, electionTimeout:1079ms
2019-09-25 05:32:54,639 [Thread-2103] INFO  impl.RoleInfo (RoleInfo.java:shutdownFollowerState(121)) - 74c765d4-ecbc-4161-b0d3-3f71a54c17e6: shutdown FollowerState
2019-09-25 05:32:54,639 [Thread-2103] INFO  impl.RaftServerImpl (RaftServerImpl.java:setRole(174)) - 74c765d4-ecbc-4161-b0d3-3f71a54c17e6@group-37D53FCFBDA2: changes role from  FOLLOWER to CANDIDATE at term 8 for changeToCandidate
2019-09-25 05:32:54,640 [Thread-2103] INFO  impl.RoleInfo (RoleInfo.java:updateAndGet(143)) - 74c765d4-ecbc-4161-b0d3-3f71a54c17e6: start LeaderElection
2019-09-25 05:32:54,730 [Thread-2104] INFO  impl.FollowerState (FollowerState.java:run(106)) - 07d2a3d4-a08d-4ff2-9fee-7694a26bc9e9:group-FABB21EF17C7 changes to CANDIDATE, lastRpcTime:1168, electionTimeout:1168ms
2019-09-25 05:32:54,731 [Thread-2104] INFO  impl.RoleInfo (RoleInfo.java:shutdownFollowerState(121)) - 07d2a3d4-a08d-4ff2-9fee-7694a26bc9e9: shutdown FollowerState
2019-09-25 05:32:54,731 [Thread-2104] INFO  impl.RaftServerImpl (RaftServerImpl.java:setRole(174)) - 07d2a3d4-a08d-4ff2-9fee-7694a26bc9e9@group-FABB21EF17C7: changes role from  FOLLOWER to CANDIDATE at term 12 for changeToCandidate
2019-09-25 05:32:54,731 [Thread-2104] INFO  impl.RoleInfo (RoleInfo.java:updateAndGet(143)) - 07d2a3d4-a08d-4ff2-9fee-7694a26bc9e9: start LeaderElection
2019-09-25 05:32:54,757 [Thread-2102] INFO  impl.FollowerState (FollowerState.java:run(106)) - 07d2a3d4-a08d-4ff2-9fee-7694a26bc9e9:group-8EE3C38B4941 changes to CANDIDATE, lastRpcTime:1198, electionTimeout:1197ms
2019-09-25 05:32:54,757 [Thread-2102] INFO  impl.RoleInfo (RoleInfo.java:shutdownFollowerState(121)) - 07d2a3d4-a08d-4ff2-9fee-7694a26bc9e9: shutdown FollowerState
2019-09-25 05:32:54,757 [Thread-2102] INFO  impl.RaftServerImpl (RaftServerImpl.java:setRole(174)) - 07d2a3d4-a08d-4ff2-9fee-7694a26bc9e9@group-8EE3C38B4941: changes role from  FOLLOWER to CANDIDATE at term 12 for changeToCandidate
2019-09-25 05:32:54,758 [Thread-2102] INFO  impl.RoleInfo (RoleInfo.java:updateAndGet(143)) - 07d2a3d4-a08d-4ff2-9fee-7694a26bc9e9: start LeaderElection
2019-09-25 05:32:55,078 [07d2a3d4-a08d-4ff2-9fee-7694a26bc9e9@group-8EE3C38B4941:LeaderElection345] INFO  impl.LeaderElection (LeaderElection.java:askForVotes(182)) - 07d2a3d4-a08d-4ff2-9fee-7694a26bc9e9@group-8EE3C38B4941:LeaderElection345: begin an election at term 13 for -1: [07d2a3d4-a08d-4ff2-9fee-7694a26bc9e9:192.168.36.126:42527, 718f5985-af6b-46f0-b376-36c68e33e3c2:192.168.36.126:33516, 7d339ff4-0353-45b5-a855-49faf6b9a877:192.168.36.126:33810], old=null
2019-09-25 05:32:55,078 [07d2a3d4-a08d-4ff2-9fee-7694a26bc9e9@group-19CC27109C97:LeaderElection342] INFO  impl.LeaderElection (LeaderElection.java:askForVotes(182)) - 07d2a3d4-a08d-4ff2-9fee-7694a26bc9e9@group-19CC27109C97:LeaderElection342: begin an election at term 13 for -1: [07d2a3d4-a08d-4ff2-9fee-7694a26bc9e9:192.168.36.126:42527, 718f5985-af6b-46f0-b376-36c68e33e3c2:192.168.36.126:33516, 7d339ff4-0353-45b5-a855-49faf6b9a877:192.168.36.126:33810], old=null
2019-09-25 05:32:55,078 [74c765d4-ecbc-4161-b0d3-3f71a54c17e6@group-37D53FCFBDA2:LeaderElection343] INFO  impl.LeaderElection (LeaderElection.java:askForVotes(182)) - 74c765d4-ecbc-4161-b0d3-3f71a54c17e6@group-37D53FCFBDA2:LeaderElection343: begin an election at term 9 for -1: [e40b1169-82c6-4268-9b48-d611605c3b5d:192.168.36.126:46360, 74c765d4-ecbc-4161-b0d3-3f71a54c17e6:192.168.36.126:46193, 8ffa0edf-3bee-4748-91ab-c75ab538701e:192.168.36.126:35863], old=null
2019-09-25 05:32:55,078 [07d2a3d4-a08d-4ff2-9fee-7694a26bc9e9@group-FABB21EF17C7:LeaderElection344] INFO  impl.LeaderElection (LeaderElection.java:askForVotes(182)) - 07d2a3d4-a08d-4ff2-9fee-7694a26bc9e9@group-FABB21EF17C7:LeaderElection344: begin an election at term 13 for -1: [07d2a3d4-a08d-4ff2-9fee-7694a26bc9e9:192.168.36.126:42527, 718f5985-af6b-46f0-b376-36c68e33e3c2:192.168.36.126:33516, 7d339ff4-0353-45b5-a855-49faf6b9a877:192.168.36.126:33810], old=null
2019-09-25 05:32:55,080 [07d2a3d4-a08d-4ff2-9fee-7694a26bc9e9@group-8EE3C38B4941:LeaderElection345] INFO  impl.LeaderElection (LogUtils.java:infoOrTrace(149)) - 07d2a3d4-a08d-4ff2-9fee-7694a26bc9e9@group-8EE3C38B4941:LeaderElection345 got exception when requesting votes: {}
java.util.concurrent.ExecutionException: org.apache.ratis.thirdparty.io.grpc.StatusRuntimeException: UNAVAILABLE: io exception
	at java.util.concurrent.FutureTask.report(FutureTask.java:122)
	at java.util.concurrent.FutureTask.get(FutureTask.java:192)
	at org.apache.ratis.server.impl.LeaderElection.waitForResults(LeaderElection.java:263)
	at org.apache.ratis.server.impl.LeaderElection.askForVotes(LeaderElection.java:201)
	at org.apache.ratis.server.impl.LeaderElection.run(LeaderElection.java:133)
	at java.lang.Thread.run(Thread.java:748)
Caused by: org.apache.ratis.thirdparty.io.grpc.StatusRuntimeException: UNAVAILABLE: io exception
	at org.apache.ratis.thirdparty.io.grpc.stub.ClientCalls.toStatusRuntimeException(ClientCalls.java:233)
	at org.apache.ratis.thirdparty.io.grpc.stub.ClientCalls.getUnchecked(ClientCalls.java:214)
	at org.apache.ratis.thirdparty.io.grpc.stub.ClientCalls.blockingUnaryCall(ClientCalls.java:139)
	at org.apache.ratis.proto.grpc.RaftServerProtocolServiceGrpc$RaftServerProtocolServiceBlockingStub.requestVote(RaftServerProtocolServiceGrpc.java:265)
	at org.apache.ratis.grpc.server.GrpcServerProtocolClient.requestVote(GrpcServerProtocolClient.java:90)
	at org.apache.ratis.grpc.server.GrpcService.requestVote(GrpcService.java:204)
	at org.apache.ratis.server.impl.LeaderElection.lambda$submitRequests$1(LeaderElection.java:238)
	at java.util.concurrent.FutureTask.run(FutureTask.java:266)
	at java.util.concurrent.Executors$RunnableAdapter.call(Executors.java:511)
	at java.util.concurrent.FutureTask.run(FutureTask.java:266)
	at java.util.concurrent.ThreadPoolExecutor.runWorker(ThreadPoolExecutor.java:1149)
	at java.util.concurrent.ThreadPoolExecutor$Worker.run(ThreadPoolExecutor.java:624)
	... 1 more
Caused by: org.apache.ratis.thirdparty.io.netty.channel.AbstractChannel$AnnotatedConnectException: Connection refused: /192.168.36.126:33516
	at sun.nio.ch.SocketChannelImpl.checkConnect(Native Method)
	at sun.nio.ch.SocketChannelImpl.finishConnect(SocketChannelImpl.java:717)
	at org.apache.ratis.thirdparty.io.netty.channel.socket.nio.NioSocketChannel.doFinishConnect(NioSocketChannel.java:327)
	at org.apache.ratis.thirdparty.io.netty.channel.nio.AbstractNioChannel$AbstractNioUnsafe.finishConnect(AbstractNioChannel.java:340)
	at org.apache.ratis.thirdparty.io.netty.channel.nio.NioEventLoop.processSelectedKey(NioEventLoop.java:632)
	at org.apache.ratis.thirdparty.io.netty.channel.nio.NioEventLoop.processSelectedKeysOptimized(NioEventLoop.java:579)
	at org.apache.ratis.thirdparty.io.netty.channel.nio.NioEventLoop.processSelectedKeys(NioEventLoop.java:496)
	at org.apache.ratis.thirdparty.io.netty.channel.nio.NioEventLoop.run(NioEventLoop.java:458)
	at org.apache.ratis.thirdparty.io.netty.util.concurrent.SingleThreadEventExecutor$5.run(SingleThreadEventExecutor.java:897)
	at org.apache.ratis.thirdparty.io.netty.util.concurrent.FastThreadLocalRunnable.run(FastThreadLocalRunnable.java:30)
	... 1 more
Caused by: java.net.ConnectException: Connection refused
	... 11 more
2019-09-25 05:32:55,080 [07d2a3d4-a08d-4ff2-9fee-7694a26bc9e9@group-FABB21EF17C7:LeaderElection344] INFO  impl.LeaderElection (LogUtils.java:infoOrTrace(149)) - 07d2a3d4-a08d-4ff2-9fee-7694a26bc9e9@group-FABB21EF17C7:LeaderElection344 got exception when requesting votes: {}
java.util.concurrent.ExecutionException: org.apache.ratis.thirdparty.io.grpc.StatusRuntimeException: UNAVAILABLE: io exception
	at java.util.concurrent.FutureTask.report(FutureTask.java:122)
	at java.util.concurrent.FutureTask.get(FutureTask.java:192)
	at org.apache.ratis.server.impl.LeaderElection.waitForResults(LeaderElection.java:263)
	at org.apache.ratis.server.impl.LeaderElection.askForVotes(LeaderElection.java:201)
	at org.apache.ratis.server.impl.LeaderElection.run(LeaderElection.java:133)
	at java.lang.Thread.run(Thread.java:748)
Caused by: org.apache.ratis.thirdparty.io.grpc.StatusRuntimeException: UNAVAILABLE: io exception
	at org.apache.ratis.thirdparty.io.grpc.stub.ClientCalls.toStatusRuntimeException(ClientCalls.java:233)
	at org.apache.ratis.thirdparty.io.grpc.stub.ClientCalls.getUnchecked(ClientCalls.java:214)
	at org.apache.ratis.thirdparty.io.grpc.stub.ClientCalls.blockingUnaryCall(ClientCalls.java:139)
	at org.apache.ratis.proto.grpc.RaftServerProtocolServiceGrpc$RaftServerProtocolServiceBlockingStub.requestVote(RaftServerProtocolServiceGrpc.java:265)
	at org.apache.ratis.grpc.server.GrpcServerProtocolClient.requestVote(GrpcServerProtocolClient.java:90)
	at org.apache.ratis.grpc.server.GrpcService.requestVote(GrpcService.java:204)
	at org.apache.ratis.server.impl.LeaderElection.lambda$submitRequests$1(LeaderElection.java:238)
	at java.util.concurrent.FutureTask.run(FutureTask.java:266)
	at java.util.concurrent.Executors$RunnableAdapter.call(Executors.java:511)
	at java.util.concurrent.FutureTask.run(FutureTask.java:266)
	at java.util.concurrent.ThreadPoolExecutor.runWorker(ThreadPoolExecutor.java:1149)
	at java.util.concurrent.ThreadPoolExecutor$Worker.run(ThreadPoolExecutor.java:624)
	... 1 more
Caused by: org.apache.ratis.thirdparty.io.netty.channel.AbstractChannel$AnnotatedConnectException: Connection refused: /192.168.36.126:33516
	at sun.nio.ch.SocketChannelImpl.checkConnect(Native Method)
	at sun.nio.ch.SocketChannelImpl.finishConnect(SocketChannelImpl.java:717)
	at org.apache.ratis.thirdparty.io.netty.channel.socket.nio.NioSocketChannel.doFinishConnect(NioSocketChannel.java:327)
	at org.apache.ratis.thirdparty.io.netty.channel.nio.AbstractNioChannel$AbstractNioUnsafe.finishConnect(AbstractNioChannel.java:340)
	at org.apache.ratis.thirdparty.io.netty.channel.nio.NioEventLoop.processSelectedKey(NioEventLoop.java:632)
	at org.apache.ratis.thirdparty.io.netty.channel.nio.NioEventLoop.processSelectedKeysOptimized(NioEventLoop.java:579)
	at org.apache.ratis.thirdparty.io.netty.channel.nio.NioEventLoop.processSelectedKeys(NioEventLoop.java:496)
	at org.apache.ratis.thirdparty.io.netty.channel.nio.NioEventLoop.run(NioEventLoop.java:458)
	at org.apache.ratis.thirdparty.io.netty.util.concurrent.SingleThreadEventExecutor$5.run(SingleThreadEventExecutor.java:897)
	at org.apache.ratis.thirdparty.io.netty.util.concurrent.FastThreadLocalRunnable.run(FastThreadLocalRunnable.java:30)
	... 1 more
Caused by: java.net.ConnectException: Connection refused
	... 11 more
2019-09-25 05:32:55,080 [07d2a3d4-a08d-4ff2-9fee-7694a26bc9e9@group-19CC27109C97:LeaderElection342] INFO  impl.LeaderElection (LogUtils.java:infoOrTrace(149)) - 07d2a3d4-a08d-4ff2-9fee-7694a26bc9e9@group-19CC27109C97:LeaderElection342 got exception when requesting votes: {}
java.util.concurrent.ExecutionException: org.apache.ratis.thirdparty.io.grpc.StatusRuntimeException: UNAVAILABLE: io exception
	at java.util.concurrent.FutureTask.report(FutureTask.java:122)
	at java.util.concurrent.FutureTask.get(FutureTask.java:192)
	at org.apache.ratis.server.impl.LeaderElection.waitForResults(LeaderElection.java:263)
	at org.apache.ratis.server.impl.LeaderElection.askForVotes(LeaderElection.java:201)
	at org.apache.ratis.server.impl.LeaderElection.run(LeaderElection.java:133)
	at java.lang.Thread.run(Thread.java:748)
Caused by: org.apache.ratis.thirdparty.io.grpc.StatusRuntimeException: UNAVAILABLE: io exception
	at org.apache.ratis.thirdparty.io.grpc.stub.ClientCalls.toStatusRuntimeException(ClientCalls.java:233)
	at org.apache.ratis.thirdparty.io.grpc.stub.ClientCalls.getUnchecked(ClientCalls.java:214)
	at org.apache.ratis.thirdparty.io.grpc.stub.ClientCalls.blockingUnaryCall(ClientCalls.java:139)
	at org.apache.ratis.proto.grpc.RaftServerProtocolServiceGrpc$RaftServerProtocolServiceBlockingStub.requestVote(RaftServerProtocolServiceGrpc.java:265)
	at org.apache.ratis.grpc.server.GrpcServerProtocolClient.requestVote(GrpcServerProtocolClient.java:90)
	at org.apache.ratis.grpc.server.GrpcService.requestVote(GrpcService.java:204)
	at org.apache.ratis.server.impl.LeaderElection.lambda$submitRequests$1(LeaderElection.java:238)
	at java.util.concurrent.FutureTask.run(FutureTask.java:266)
	at java.util.concurrent.Executors$RunnableAdapter.call(Executors.java:511)
	at java.util.concurrent.FutureTask.run(FutureTask.java:266)
	at java.util.concurrent.ThreadPoolExecutor.runWorker(ThreadPoolExecutor.java:1149)
	at java.util.concurrent.ThreadPoolExecutor$Worker.run(ThreadPoolExecutor.java:624)
	... 1 more
Caused by: org.apache.ratis.thirdparty.io.netty.channel.AbstractChannel$AnnotatedConnectException: Connection refused: /192.168.36.126:33516
	at sun.nio.ch.SocketChannelImpl.checkConnect(Native Method)
	at sun.nio.ch.SocketChannelImpl.finishConnect(SocketChannelImpl.java:717)
	at org.apache.ratis.thirdparty.io.netty.channel.socket.nio.NioSocketChannel.doFinishConnect(NioSocketChannel.java:327)
	at org.apache.ratis.thirdparty.io.netty.channel.nio.AbstractNioChannel$AbstractNioUnsafe.finishConnect(AbstractNioChannel.java:340)
	at org.apache.ratis.thirdparty.io.netty.channel.nio.NioEventLoop.processSelectedKey(NioEventLoop.java:632)
	at org.apache.ratis.thirdparty.io.netty.channel.nio.NioEventLoop.processSelectedKeysOptimized(NioEventLoop.java:579)
	at org.apache.ratis.thirdparty.io.netty.channel.nio.NioEventLoop.processSelectedKeys(NioEventLoop.java:496)
	at org.apache.ratis.thirdparty.io.netty.channel.nio.NioEventLoop.run(NioEventLoop.java:458)
	at org.apache.ratis.thirdparty.io.netty.util.concurrent.SingleThreadEventExecutor$5.run(SingleThreadEventExecutor.java:897)
	at org.apache.ratis.thirdparty.io.netty.util.concurrent.FastThreadLocalRunnable.run(FastThreadLocalRunnable.java:30)
	... 1 more
Caused by: java.net.ConnectException: Connection refused
	... 11 more
2019-09-25 05:32:55,080 [74c765d4-ecbc-4161-b0d3-3f71a54c17e6@group-37D53FCFBDA2:LeaderElection343] INFO  impl.LeaderElection (LogUtils.java:infoOrTrace(149)) - 74c765d4-ecbc-4161-b0d3-3f71a54c17e6@group-37D53FCFBDA2:LeaderElection343 got exception when requesting votes: {}
java.util.concurrent.ExecutionException: org.apache.ratis.thirdparty.io.grpc.StatusRuntimeException: UNAVAILABLE: io exception
	at java.util.concurrent.FutureTask.report(FutureTask.java:122)
	at java.util.concurrent.FutureTask.get(FutureTask.java:192)
	at org.apache.ratis.server.impl.LeaderElection.waitForResults(LeaderElection.java:263)
	at org.apache.ratis.server.impl.LeaderElection.askForVotes(LeaderElection.java:201)
	at org.apache.ratis.server.impl.LeaderElection.run(LeaderElection.java:133)
	at java.lang.Thread.run(Thread.java:748)
Caused by: org.apache.ratis.thirdparty.io.grpc.StatusRuntimeException: UNAVAILABLE: io exception
	at org.apache.ratis.thirdparty.io.grpc.stub.ClientCalls.toStatusRuntimeException(ClientCalls.java:233)
	at org.apache.ratis.thirdparty.io.grpc.stub.ClientCalls.getUnchecked(ClientCalls.java:214)
	at org.apache.ratis.thirdparty.io.grpc.stub.ClientCalls.blockingUnaryCall(ClientCalls.java:139)
	at org.apache.ratis.proto.grpc.RaftServerProtocolServiceGrpc$RaftServerProtocolServiceBlockingStub.requestVote(RaftServerProtocolServiceGrpc.java:265)
	at org.apache.ratis.grpc.server.GrpcServerProtocolClient.requestVote(GrpcServerProtocolClient.java:90)
	at org.apache.ratis.grpc.server.GrpcService.requestVote(GrpcService.java:204)
	at org.apache.ratis.server.impl.LeaderElection.lambda$submitRequests$1(LeaderElection.java:238)
	at java.util.concurrent.FutureTask.run(FutureTask.java:266)
	at java.util.concurrent.Executors$RunnableAdapter.call(Executors.java:511)
	at java.util.concurrent.FutureTask.run(FutureTask.java:266)
	at java.util.concurrent.ThreadPoolExecutor.runWorker(ThreadPoolExecutor.java:1149)
	at java.util.concurrent.ThreadPoolExecutor$Worker.run(ThreadPoolExecutor.java:624)
	... 1 more
Caused by: org.apache.ratis.thirdparty.io.netty.channel.AbstractChannel$AnnotatedConnectException: Connection refused: /192.168.36.126:46360
	at sun.nio.ch.SocketChannelImpl.checkConnect(Native Method)
	at sun.nio.ch.SocketChannelImpl.finishConnect(SocketChannelImpl.java:717)
	at org.apache.ratis.thirdparty.io.netty.channel.socket.nio.NioSocketChannel.doFinishConnect(NioSocketChannel.java:327)
	at org.apache.ratis.thirdparty.io.netty.channel.nio.AbstractNioChannel$AbstractNioUnsafe.finishConnect(AbstractNioChannel.java:340)
	at org.apache.ratis.thirdparty.io.netty.channel.nio.NioEventLoop.processSelectedKey(NioEventLoop.java:632)
	at org.apache.ratis.thirdparty.io.netty.channel.nio.NioEventLoop.processSelectedKeysOptimized(NioEventLoop.java:579)
	at org.apache.ratis.thirdparty.io.netty.channel.nio.NioEventLoop.processSelectedKeys(NioEventLoop.java:496)
	at org.apache.ratis.thirdparty.io.netty.channel.nio.NioEventLoop.run(NioEventLoop.java:458)
	at org.apache.ratis.thirdparty.io.netty.util.concurrent.SingleThreadEventExecutor$5.run(SingleThreadEventExecutor.java:897)
	at org.apache.ratis.thirdparty.io.netty.util.concurrent.FastThreadLocalRunnable.run(FastThreadLocalRunnable.java:30)
	... 1 more
Caused by: java.net.ConnectException: Connection refused
	... 11 more
2019-09-25 05:32:55,081 [07d2a3d4-a08d-4ff2-9fee-7694a26bc9e9@group-19CC27109C97:LeaderElection342] INFO  impl.LeaderElection (LogUtils.java:infoOrTrace(149)) - 07d2a3d4-a08d-4ff2-9fee-7694a26bc9e9@group-19CC27109C97:LeaderElection342 got exception when requesting votes: {}
java.util.concurrent.ExecutionException: org.apache.ratis.thirdparty.io.grpc.StatusRuntimeException: UNAVAILABLE: io exception
	at java.util.concurrent.FutureTask.report(FutureTask.java:122)
	at java.util.concurrent.FutureTask.get(FutureTask.java:192)
	at org.apache.ratis.server.impl.LeaderElection.waitForResults(LeaderElection.java:263)
	at org.apache.ratis.server.impl.LeaderElection.askForVotes(LeaderElection.java:201)
	at org.apache.ratis.server.impl.LeaderElection.run(LeaderElection.java:133)
	at java.lang.Thread.run(Thread.java:748)
Caused by: org.apache.ratis.thirdparty.io.grpc.StatusRuntimeException: UNAVAILABLE: io exception
	at org.apache.ratis.thirdparty.io.grpc.stub.ClientCalls.toStatusRuntimeException(ClientCalls.java:233)
	at org.apache.ratis.thirdparty.io.grpc.stub.ClientCalls.getUnchecked(ClientCalls.java:214)
	at org.apache.ratis.thirdparty.io.grpc.stub.ClientCalls.blockingUnaryCall(ClientCalls.java:139)
	at org.apache.ratis.proto.grpc.RaftServerProtocolServiceGrpc$RaftServerProtocolServiceBlockingStub.requestVote(RaftServerProtocolServiceGrpc.java:265)
	at org.apache.ratis.grpc.server.GrpcServerProtocolClient.requestVote(GrpcServerProtocolClient.java:90)
	at org.apache.ratis.grpc.server.GrpcService.requestVote(GrpcService.java:204)
	at org.apache.ratis.server.impl.LeaderElection.lambda$submitRequests$1(LeaderElection.java:238)
	at java.util.concurrent.FutureTask.run(FutureTask.java:266)
	at java.util.concurrent.Executors$RunnableAdapter.call(Executors.java:511)
	at java.util.concurrent.FutureTask.run(FutureTask.java:266)
	at java.util.concurrent.ThreadPoolExecutor.runWorker(ThreadPoolExecutor.java:1149)
	at java.util.concurrent.ThreadPoolExecutor$Worker.run(ThreadPoolExecutor.java:624)
	... 1 more
Caused by: org.apache.ratis.thirdparty.io.netty.channel.AbstractChannel$AnnotatedConnectException: Connection refused: /192.168.36.126:33810
	at sun.nio.ch.SocketChannelImpl.checkConnect(Native Method)
	at sun.nio.ch.SocketChannelImpl.finishConnect(SocketChannelImpl.java:717)
	at org.apache.ratis.thirdparty.io.netty.channel.socket.nio.NioSocketChannel.doFinishConnect(NioSocketChannel.java:327)
	at org.apache.ratis.thirdparty.io.netty.channel.nio.AbstractNioChannel$AbstractNioUnsafe.finishConnect(AbstractNioChannel.java:340)
	at org.apache.ratis.thirdparty.io.netty.channel.nio.NioEventLoop.processSelectedKey(NioEventLoop.java:632)
	at org.apache.ratis.thirdparty.io.netty.channel.nio.NioEventLoop.processSelectedKeysOptimized(NioEventLoop.java:579)
	at org.apache.ratis.thirdparty.io.netty.channel.nio.NioEventLoop.processSelectedKeys(NioEventLoop.java:496)
	at org.apache.ratis.thirdparty.io.netty.channel.nio.NioEventLoop.run(NioEventLoop.java:458)
	at org.apache.ratis.thirdparty.io.netty.util.concurrent.SingleThreadEventExecutor$5.run(SingleThreadEventExecutor.java:897)
	at org.apache.ratis.thirdparty.io.netty.util.concurrent.FastThreadLocalRunnable.run(FastThreadLocalRunnable.java:30)
	... 1 more
Caused by: java.net.ConnectException: Connection refused
	... 11 more
2019-09-25 05:32:55,081 [07d2a3d4-a08d-4ff2-9fee-7694a26bc9e9@group-FABB21EF17C7:LeaderElection344] INFO  impl.LeaderElection (LogUtils.java:infoOrTrace(149)) - 07d2a3d4-a08d-4ff2-9fee-7694a26bc9e9@group-FABB21EF17C7:LeaderElection344 got exception when requesting votes: {}
java.util.concurrent.ExecutionException: org.apache.ratis.thirdparty.io.grpc.StatusRuntimeException: UNAVAILABLE: io exception
	at java.util.concurrent.FutureTask.report(FutureTask.java:122)
	at java.util.concurrent.FutureTask.get(FutureTask.java:192)
	at org.apache.ratis.server.impl.LeaderElection.waitForResults(LeaderElection.java:263)
	at org.apache.ratis.server.impl.LeaderElection.askForVotes(LeaderElection.java:201)
	at org.apache.ratis.server.impl.LeaderElection.run(LeaderElection.java:133)
	at java.lang.Thread.run(Thread.java:748)
Caused by: org.apache.ratis.thirdparty.io.grpc.StatusRuntimeException: UNAVAILABLE: io exception
	at org.apache.ratis.thirdparty.io.grpc.stub.ClientCalls.toStatusRuntimeException(ClientCalls.java:233)
	at org.apache.ratis.thirdparty.io.grpc.stub.ClientCalls.getUnchecked(ClientCalls.java:214)
	at org.apache.ratis.thirdparty.io.grpc.stub.ClientCalls.blockingUnaryCall(ClientCalls.java:139)
	at org.apache.ratis.proto.grpc.RaftServerProtocolServiceGrpc$RaftServerProtocolServiceBlockingStub.requestVote(RaftServerProtocolServiceGrpc.java:265)
	at org.apache.ratis.grpc.server.GrpcServerProtocolClient.requestVote(GrpcServerProtocolClient.java:90)
	at org.apache.ratis.grpc.server.GrpcService.requestVote(GrpcService.java:204)
	at org.apache.ratis.server.impl.LeaderElection.lambda$submitRequests$1(LeaderElection.java:238)
	at java.util.concurrent.FutureTask.run(FutureTask.java:266)
	at java.util.concurrent.Executors$RunnableAdapter.call(Executors.java:511)
	at java.util.concurrent.FutureTask.run(FutureTask.java:266)
	at java.util.concurrent.ThreadPoolExecutor.runWorker(ThreadPoolExecutor.java:1149)
	at java.util.concurrent.ThreadPoolExecutor$Worker.run(ThreadPoolExecutor.java:624)
	... 1 more
Caused by: org.apache.ratis.thirdparty.io.netty.channel.AbstractChannel$AnnotatedConnectException: Connection refused: /192.168.36.126:33810
	at sun.nio.ch.SocketChannelImpl.checkConnect(Native Method)
	at sun.nio.ch.SocketChannelImpl.finishConnect(SocketChannelImpl.java:717)
	at org.apache.ratis.thirdparty.io.netty.channel.socket.nio.NioSocketChannel.doFinishConnect(NioSocketChannel.java:327)
	at org.apache.ratis.thirdparty.io.netty.channel.nio.AbstractNioChannel$AbstractNioUnsafe.finishConnect(AbstractNioChannel.java:340)
	at org.apache.ratis.thirdparty.io.netty.channel.nio.NioEventLoop.processSelectedKey(NioEventLoop.java:632)
	at org.apache.ratis.thirdparty.io.netty.channel.nio.NioEventLoop.processSelectedKeysOptimized(NioEventLoop.java:579)
	at org.apache.ratis.thirdparty.io.netty.channel.nio.NioEventLoop.processSelectedKeys(NioEventLoop.java:496)
	at org.apache.ratis.thirdparty.io.netty.channel.nio.NioEventLoop.run(NioEventLoop.java:458)
	at org.apache.ratis.thirdparty.io.netty.util.concurrent.SingleThreadEventExecutor$5.run(SingleThreadEventExecutor.java:897)
	at org.apache.ratis.thirdparty.io.netty.util.concurrent.FastThreadLocalRunnable.run(FastThreadLocalRunnable.java:30)
	... 1 more
Caused by: java.net.ConnectException: Connection refused
	... 11 more
2019-09-25 05:32:55,080 [07d2a3d4-a08d-4ff2-9fee-7694a26bc9e9@group-8EE3C38B4941:LeaderElection345] INFO  impl.LeaderElection (LogUtils.java:infoOrTrace(149)) - 07d2a3d4-a08d-4ff2-9fee-7694a26bc9e9@group-8EE3C38B4941:LeaderElection345 got exception when requesting votes: {}
java.util.concurrent.ExecutionException: org.apache.ratis.thirdparty.io.grpc.StatusRuntimeException: UNAVAILABLE: io exception
	at java.util.concurrent.FutureTask.report(FutureTask.java:122)
	at java.util.concurrent.FutureTask.get(FutureTask.java:192)
	at org.apache.ratis.server.impl.LeaderElection.waitForResults(LeaderElection.java:263)
	at org.apache.ratis.server.impl.LeaderElection.askForVotes(LeaderElection.java:201)
	at org.apache.ratis.server.impl.LeaderElection.run(LeaderElection.java:133)
	at java.lang.Thread.run(Thread.java:748)
Caused by: org.apache.ratis.thirdparty.io.grpc.StatusRuntimeException: UNAVAILABLE: io exception
	at org.apache.ratis.thirdparty.io.grpc.stub.ClientCalls.toStatusRuntimeException(ClientCalls.java:233)
	at org.apache.ratis.thirdparty.io.grpc.stub.ClientCalls.getUnchecked(ClientCalls.java:214)
	at org.apache.ratis.thirdparty.io.grpc.stub.ClientCalls.blockingUnaryCall(ClientCalls.java:139)
	at org.apache.ratis.proto.grpc.RaftServerProtocolServiceGrpc$RaftServerProtocolServiceBlockingStub.requestVote(RaftServerProtocolServiceGrpc.java:265)
	at org.apache.ratis.grpc.server.GrpcServerProtocolClient.requestVote(GrpcServerProtocolClient.java:90)
	at org.apache.ratis.grpc.server.GrpcService.requestVote(GrpcService.java:204)
	at org.apache.ratis.server.impl.LeaderElection.lambda$submitRequests$1(LeaderElection.java:238)
	at java.util.concurrent.FutureTask.run(FutureTask.java:266)
	at java.util.concurrent.Executors$RunnableAdapter.call(Executors.java:511)
	at java.util.concurrent.FutureTask.run(FutureTask.java:266)
	at java.util.concurrent.ThreadPoolExecutor.runWorker(ThreadPoolExecutor.java:1149)
	at java.util.concurrent.ThreadPoolExecutor$Worker.run(ThreadPoolExecutor.java:624)
	... 1 more
Caused by: org.apache.ratis.thirdparty.io.netty.channel.AbstractChannel$AnnotatedConnectException: Connection refused: /192.168.36.126:33810
	at sun.nio.ch.SocketChannelImpl.checkConnect(Native Method)
	at sun.nio.ch.SocketChannelImpl.finishConnect(SocketChannelImpl.java:717)
	at org.apache.ratis.thirdparty.io.netty.channel.socket.nio.NioSocketChannel.doFinishConnect(NioSocketChannel.java:327)
	at org.apache.ratis.thirdparty.io.netty.channel.nio.AbstractNioChannel$AbstractNioUnsafe.finishConnect(AbstractNioChannel.java:340)
	at org.apache.ratis.thirdparty.io.netty.channel.nio.NioEventLoop.processSelectedKey(NioEventLoop.java:632)
	at org.apache.ratis.thirdparty.io.netty.channel.nio.NioEventLoop.processSelectedKeysOptimized(NioEventLoop.java:579)
	at org.apache.ratis.thirdparty.io.netty.channel.nio.NioEventLoop.processSelectedKeys(NioEventLoop.java:496)
	at org.apache.ratis.thirdparty.io.netty.channel.nio.NioEventLoop.run(NioEventLoop.java:458)
	at org.apache.ratis.thirdparty.io.netty.util.concurrent.SingleThreadEventExecutor$5.run(SingleThreadEventExecutor.java:897)
	at org.apache.ratis.thirdparty.io.netty.util.concurrent.FastThreadLocalRunnable.run(FastThreadLocalRunnable.java:30)
	... 1 more
Caused by: java.net.ConnectException: Connection refused
	... 11 more
2019-09-25 05:32:55,083 [07d2a3d4-a08d-4ff2-9fee-7694a26bc9e9@group-FABB21EF17C7:LeaderElection344] INFO  impl.LeaderElection (LeaderElection.java:logAndReturn(56)) - 07d2a3d4-a08d-4ff2-9fee-7694a26bc9e9@group-FABB21EF17C7:LeaderElection344: Election REJECTED; received 0 response(s) [] and 2 exception(s); 07d2a3d4-a08d-4ff2-9fee-7694a26bc9e9@group-FABB21EF17C7:t13, leader=null, voted=07d2a3d4-a08d-4ff2-9fee-7694a26bc9e9, raftlog=07d2a3d4-a08d-4ff2-9fee-7694a26bc9e9@group-FABB21EF17C7-SegmentedRaftLog:OPENED:c-1,f-1,i0, conf=-1: [07d2a3d4-a08d-4ff2-9fee-7694a26bc9e9:192.168.36.126:42527, 718f5985-af6b-46f0-b376-36c68e33e3c2:192.168.36.126:33516, 7d339ff4-0353-45b5-a855-49faf6b9a877:192.168.36.126:33810], old=null
2019-09-25 05:32:55,083 [07d2a3d4-a08d-4ff2-9fee-7694a26bc9e9@group-19CC27109C97:LeaderElection342] INFO  impl.LeaderElection (LeaderElection.java:logAndReturn(56)) - 07d2a3d4-a08d-4ff2-9fee-7694a26bc9e9@group-19CC27109C97:LeaderElection342: Election REJECTED; received 0 response(s) [] and 2 exception(s); 07d2a3d4-a08d-4ff2-9fee-7694a26bc9e9@group-19CC27109C97:t13, leader=null, voted=07d2a3d4-a08d-4ff2-9fee-7694a26bc9e9, raftlog=07d2a3d4-a08d-4ff2-9fee-7694a26bc9e9@group-19CC27109C97-SegmentedRaftLog:OPENED:c-1,f-1,i0, conf=-1: [07d2a3d4-a08d-4ff2-9fee-7694a26bc9e9:192.168.36.126:42527, 718f5985-af6b-46f0-b376-36c68e33e3c2:192.168.36.126:33516, 7d339ff4-0353-45b5-a855-49faf6b9a877:192.168.36.126:33810], old=null
2019-09-25 05:32:55,084 [07d2a3d4-a08d-4ff2-9fee-7694a26bc9e9@group-19CC27109C97:LeaderElection342] INFO  impl.LeaderElection (LogUtils.java:infoOrTrace(149)) -   Exception 0: {}
java.util.concurrent.ExecutionException: org.apache.ratis.thirdparty.io.grpc.StatusRuntimeException: UNAVAILABLE: io exception
	at java.util.concurrent.FutureTask.report(FutureTask.java:122)
	at java.util.concurrent.FutureTask.get(FutureTask.java:192)
	at org.apache.ratis.server.impl.LeaderElection.waitForResults(LeaderElection.java:263)
	at org.apache.ratis.server.impl.LeaderElection.askForVotes(LeaderElection.java:201)
	at org.apache.ratis.server.impl.LeaderElection.run(LeaderElection.java:133)
	at java.lang.Thread.run(Thread.java:748)
Caused by: org.apache.ratis.thirdparty.io.grpc.StatusRuntimeException: UNAVAILABLE: io exception
	at org.apache.ratis.thirdparty.io.grpc.stub.ClientCalls.toStatusRuntimeException(ClientCalls.java:233)
	at org.apache.ratis.thirdparty.io.grpc.stub.ClientCalls.getUnchecked(ClientCalls.java:214)
	at org.apache.ratis.thirdparty.io.grpc.stub.ClientCalls.blockingUnaryCall(ClientCalls.java:139)
	at org.apache.ratis.proto.grpc.RaftServerProtocolServiceGrpc$RaftServerProtocolServiceBlockingStub.requestVote(RaftServerProtocolServiceGrpc.java:265)
	at org.apache.ratis.grpc.server.GrpcServerProtocolClient.requestVote(GrpcServerProtocolClient.java:90)
	at org.apache.ratis.grpc.server.GrpcService.requestVote(GrpcService.java:204)
	at org.apache.ratis.server.impl.LeaderElection.lambda$submitRequests$1(LeaderElection.java:238)
	at java.util.concurrent.FutureTask.run(FutureTask.java:266)
	at java.util.concurrent.Executors$RunnableAdapter.call(Executors.java:511)
	at java.util.concurrent.FutureTask.run(FutureTask.java:266)
	at java.util.concurrent.ThreadPoolExecutor.runWorker(ThreadPoolExecutor.java:1149)
	at java.util.concurrent.ThreadPoolExecutor$Worker.run(ThreadPoolExecutor.java:624)
	... 1 more
Caused by: org.apache.ratis.thirdparty.io.netty.channel.AbstractChannel$AnnotatedConnectException: Connection refused: /192.168.36.126:33516
	at sun.nio.ch.SocketChannelImpl.checkConnect(Native Method)
	at sun.nio.ch.SocketChannelImpl.finishConnect(SocketChannelImpl.java:717)
	at org.apache.ratis.thirdparty.io.netty.channel.socket.nio.NioSocketChannel.doFinishConnect(NioSocketChannel.java:327)
	at org.apache.ratis.thirdparty.io.netty.channel.nio.AbstractNioChannel$AbstractNioUnsafe.finishConnect(AbstractNioChannel.java:340)
	at org.apache.ratis.thirdparty.io.netty.channel.nio.NioEventLoop.processSelectedKey(NioEventLoop.java:632)
	at org.apache.ratis.thirdparty.io.netty.channel.nio.NioEventLoop.processSelectedKeysOptimized(NioEventLoop.java:579)
	at org.apache.ratis.thirdparty.io.netty.channel.nio.NioEventLoop.processSelectedKeys(NioEventLoop.java:496)
	at org.apache.ratis.thirdparty.io.netty.channel.nio.NioEventLoop.run(NioEventLoop.java:458)
	at org.apache.ratis.thirdparty.io.netty.util.concurrent.SingleThreadEventExecutor$5.run(SingleThreadEventExecutor.java:897)
	at org.apache.ratis.thirdparty.io.netty.util.concurrent.FastThreadLocalRunnable.run(FastThreadLocalRunnable.java:30)
	... 1 more
Caused by: java.net.ConnectException: Connection refused
	... 11 more
2019-09-25 05:32:55,084 [07d2a3d4-a08d-4ff2-9fee-7694a26bc9e9@group-19CC27109C97:LeaderElection342] INFO  impl.LeaderElection (LogUtils.java:infoOrTrace(149)) -   Exception 1: {}
java.util.concurrent.ExecutionException: org.apache.ratis.thirdparty.io.grpc.StatusRuntimeException: UNAVAILABLE: io exception
	at java.util.concurrent.FutureTask.report(FutureTask.java:122)
	at java.util.concurrent.FutureTask.get(FutureTask.java:192)
	at org.apache.ratis.server.impl.LeaderElection.waitForResults(LeaderElection.java:263)
	at org.apache.ratis.server.impl.LeaderElection.askForVotes(LeaderElection.java:201)
	at org.apache.ratis.server.impl.LeaderElection.run(LeaderElection.java:133)
	at java.lang.Thread.run(Thread.java:748)
Caused by: org.apache.ratis.thirdparty.io.grpc.StatusRuntimeException: UNAVAILABLE: io exception
	at org.apache.ratis.thirdparty.io.grpc.stub.ClientCalls.toStatusRuntimeException(ClientCalls.java:233)
	at org.apache.ratis.thirdparty.io.grpc.stub.ClientCalls.getUnchecked(ClientCalls.java:214)
	at org.apache.ratis.thirdparty.io.grpc.stub.ClientCalls.blockingUnaryCall(ClientCalls.java:139)
	at org.apache.ratis.proto.grpc.RaftServerProtocolServiceGrpc$RaftServerProtocolServiceBlockingStub.requestVote(RaftServerProtocolServiceGrpc.java:265)
	at org.apache.ratis.grpc.server.GrpcServerProtocolClient.requestVote(GrpcServerProtocolClient.java:90)
	at org.apache.ratis.grpc.server.GrpcService.requestVote(GrpcService.java:204)
	at org.apache.ratis.server.impl.LeaderElection.lambda$submitRequests$1(LeaderElection.java:238)
	at java.util.concurrent.FutureTask.run(FutureTask.java:266)
	at java.util.concurrent.Executors$RunnableAdapter.call(Executors.java:511)
	at java.util.concurrent.FutureTask.run(FutureTask.java:266)
	at java.util.concurrent.ThreadPoolExecutor.runWorker(ThreadPoolExecutor.java:1149)
	at java.util.concurrent.ThreadPoolExecutor$Worker.run(ThreadPoolExecutor.java:624)
	... 1 more
Caused by: org.apache.ratis.thirdparty.io.netty.channel.AbstractChannel$AnnotatedConnectException: Connection refused: /192.168.36.126:33810
	at sun.nio.ch.SocketChannelImpl.checkConnect(Native Method)
	at sun.nio.ch.SocketChannelImpl.finishConnect(SocketChannelImpl.java:717)
	at org.apache.ratis.thirdparty.io.netty.channel.socket.nio.NioSocketChannel.doFinishConnect(NioSocketChannel.java:327)
	at org.apache.ratis.thirdparty.io.netty.channel.nio.AbstractNioChannel$AbstractNioUnsafe.finishConnect(AbstractNioChannel.java:340)
	at org.apache.ratis.thirdparty.io.netty.channel.nio.NioEventLoop.processSelectedKey(NioEventLoop.java:632)
	at org.apache.ratis.thirdparty.io.netty.channel.nio.NioEventLoop.processSelectedKeysOptimized(NioEventLoop.java:579)
	at org.apache.ratis.thirdparty.io.netty.channel.nio.NioEventLoop.processSelectedKeys(NioEventLoop.java:496)
	at org.apache.ratis.thirdparty.io.netty.channel.nio.NioEventLoop.run(NioEventLoop.java:458)
	at org.apache.ratis.thirdparty.io.netty.util.concurrent.SingleThreadEventExecutor$5.run(SingleThreadEventExecutor.java:897)
	at org.apache.ratis.thirdparty.io.netty.util.concurrent.FastThreadLocalRunnable.run(FastThreadLocalRunnable.java:30)
	... 1 more
Caused by: java.net.ConnectException: Connection refused
	... 11 more
2019-09-25 05:32:55,082 [74c765d4-ecbc-4161-b0d3-3f71a54c17e6@group-37D53FCFBDA2:LeaderElection343] INFO  impl.LeaderElection (LogUtils.java:infoOrTrace(149)) - 74c765d4-ecbc-4161-b0d3-3f71a54c17e6@group-37D53FCFBDA2:LeaderElection343 got exception when requesting votes: {}
java.util.concurrent.ExecutionException: org.apache.ratis.thirdparty.io.grpc.StatusRuntimeException: UNAVAILABLE: io exception
	at java.util.concurrent.FutureTask.report(FutureTask.java:122)
	at java.util.concurrent.FutureTask.get(FutureTask.java:192)
	at org.apache.ratis.server.impl.LeaderElection.waitForResults(LeaderElection.java:263)
	at org.apache.ratis.server.impl.LeaderElection.askForVotes(LeaderElection.java:201)
	at org.apache.ratis.server.impl.LeaderElection.run(LeaderElection.java:133)
	at java.lang.Thread.run(Thread.java:748)
Caused by: org.apache.ratis.thirdparty.io.grpc.StatusRuntimeException: UNAVAILABLE: io exception
	at org.apache.ratis.thirdparty.io.grpc.stub.ClientCalls.toStatusRuntimeException(ClientCalls.java:233)
	at org.apache.ratis.thirdparty.io.grpc.stub.ClientCalls.getUnchecked(ClientCalls.java:214)
	at org.apache.ratis.thirdparty.io.grpc.stub.ClientCalls.blockingUnaryCall(ClientCalls.java:139)
	at org.apache.ratis.proto.grpc.RaftServerProtocolServiceGrpc$RaftServerProtocolServiceBlockingStub.requestVote(RaftServerProtocolServiceGrpc.java:265)
	at org.apache.ratis.grpc.server.GrpcServerProtocolClient.requestVote(GrpcServerProtocolClient.java:90)
	at org.apache.ratis.grpc.server.GrpcService.requestVote(GrpcService.java:204)
	at org.apache.ratis.server.impl.LeaderElection.lambda$submitRequests$1(LeaderElection.java:238)
	at java.util.concurrent.FutureTask.run(FutureTask.java:266)
	at java.util.concurrent.Executors$RunnableAdapter.call(Executors.java:511)
	at java.util.concurrent.FutureTask.run(FutureTask.java:266)
	at java.util.concurrent.ThreadPoolExecutor.runWorker(ThreadPoolExecutor.java:1149)
	at java.util.concurrent.ThreadPoolExecutor$Worker.run(ThreadPoolExecutor.java:624)
	... 1 more
Caused by: org.apache.ratis.thirdparty.io.netty.channel.AbstractChannel$AnnotatedConnectException: Connection refused: /192.168.36.126:35863
	at sun.nio.ch.SocketChannelImpl.checkConnect(Native Method)
	at sun.nio.ch.SocketChannelImpl.finishConnect(SocketChannelImpl.java:717)
	at org.apache.ratis.thirdparty.io.netty.channel.socket.nio.NioSocketChannel.doFinishConnect(NioSocketChannel.java:327)
	at org.apache.ratis.thirdparty.io.netty.channel.nio.AbstractNioChannel$AbstractNioUnsafe.finishConnect(AbstractNioChannel.java:340)
	at org.apache.ratis.thirdparty.io.netty.channel.nio.NioEventLoop.processSelectedKey(NioEventLoop.java:632)
	at org.apache.ratis.thirdparty.io.netty.channel.nio.NioEventLoop.processSelectedKeysOptimized(NioEventLoop.java:579)
	at org.apache.ratis.thirdparty.io.netty.channel.nio.NioEventLoop.processSelectedKeys(NioEventLoop.java:496)
	at org.apache.ratis.thirdparty.io.netty.channel.nio.NioEventLoop.run(NioEventLoop.java:458)
	at org.apache.ratis.thirdparty.io.netty.util.concurrent.SingleThreadEventExecutor$5.run(SingleThreadEventExecutor.java:897)
	at org.apache.ratis.thirdparty.io.netty.util.concurrent.FastThreadLocalRunnable.run(FastThreadLocalRunnable.java:30)
	... 1 more
Caused by: java.net.ConnectException: Connection refused
	... 11 more
2019-09-25 05:32:55,085 [07d2a3d4-a08d-4ff2-9fee-7694a26bc9e9@group-19CC27109C97:LeaderElection342] INFO  impl.RaftServerImpl (RaftServerImpl.java:setRole(174)) - 07d2a3d4-a08d-4ff2-9fee-7694a26bc9e9@group-19CC27109C97: changes role from CANDIDATE to FOLLOWER at term 13 for DISCOVERED_A_NEW_TERM
2019-09-25 05:32:55,084 [07d2a3d4-a08d-4ff2-9fee-7694a26bc9e9@group-FABB21EF17C7:LeaderElection344] INFO  impl.LeaderElection (LogUtils.java:infoOrTrace(149)) -   Exception 0: {}
java.util.concurrent.ExecutionException: org.apache.ratis.thirdparty.io.grpc.StatusRuntimeException: UNAVAILABLE: io exception
	at java.util.concurrent.FutureTask.report(FutureTask.java:122)
	at java.util.concurrent.FutureTask.get(FutureTask.java:192)
	at org.apache.ratis.server.impl.LeaderElection.waitForResults(LeaderElection.java:263)
	at org.apache.ratis.server.impl.LeaderElection.askForVotes(LeaderElection.java:201)
	at org.apache.ratis.server.impl.LeaderElection.run(LeaderElection.java:133)
	at java.lang.Thread.run(Thread.java:748)
Caused by: org.apache.ratis.thirdparty.io.grpc.StatusRuntimeException: UNAVAILABLE: io exception
	at org.apache.ratis.thirdparty.io.grpc.stub.ClientCalls.toStatusRuntimeException(ClientCalls.java:233)
	at org.apache.ratis.thirdparty.io.grpc.stub.ClientCalls.getUnchecked(ClientCalls.java:214)
	at org.apache.ratis.thirdparty.io.grpc.stub.ClientCalls.blockingUnaryCall(ClientCalls.java:139)
	at org.apache.ratis.proto.grpc.RaftServerProtocolServiceGrpc$RaftServerProtocolServiceBlockingStub.requestVote(RaftServerProtocolServiceGrpc.java:265)
	at org.apache.ratis.grpc.server.GrpcServerProtocolClient.requestVote(GrpcServerProtocolClient.java:90)
	at org.apache.ratis.grpc.server.GrpcService.requestVote(GrpcService.java:204)
	at org.apache.ratis.server.impl.LeaderElection.lambda$submitRequests$1(LeaderElection.java:238)
	at java.util.concurrent.FutureTask.run(FutureTask.java:266)
	at java.util.concurrent.Executors$RunnableAdapter.call(Executors.java:511)
	at java.util.concurrent.FutureTask.run(FutureTask.java:266)
	at java.util.concurrent.ThreadPoolExecutor.runWorker(ThreadPoolExecutor.java:1149)
	at java.util.concurrent.ThreadPoolExecutor$Worker.run(ThreadPoolExecutor.java:624)
	... 1 more
Caused by: org.apache.ratis.thirdparty.io.netty.channel.AbstractChannel$AnnotatedConnectException: Connection refused: /192.168.36.126:33516
	at sun.nio.ch.SocketChannelImpl.checkConnect(Native Method)
	at sun.nio.ch.SocketChannelImpl.finishConnect(SocketChannelImpl.java:717)
	at org.apache.ratis.thirdparty.io.netty.channel.socket.nio.NioSocketChannel.doFinishConnect(NioSocketChannel.java:327)
	at org.apache.ratis.thirdparty.io.netty.channel.nio.AbstractNioChannel$AbstractNioUnsafe.finishConnect(AbstractNioChannel.java:340)
	at org.apache.ratis.thirdparty.io.netty.channel.nio.NioEventLoop.processSelectedKey(NioEventLoop.java:632)
	at org.apache.ratis.thirdparty.io.netty.channel.nio.NioEventLoop.processSelectedKeysOptimized(NioEventLoop.java:579)
	at org.apache.ratis.thirdparty.io.netty.channel.nio.NioEventLoop.processSelectedKeys(NioEventLoop.java:496)
	at org.apache.ratis.thirdparty.io.netty.channel.nio.NioEventLoop.run(NioEventLoop.java:458)
	at org.apache.ratis.thirdparty.io.netty.util.concurrent.SingleThreadEventExecutor$5.run(SingleThreadEventExecutor.java:897)
	at org.apache.ratis.thirdparty.io.netty.util.concurrent.FastThreadLocalRunnable.run(FastThreadLocalRunnable.java:30)
	... 1 more
Caused by: java.net.ConnectException: Connection refused
	... 11 more
2019-09-25 05:32:55,086 [07d2a3d4-a08d-4ff2-9fee-7694a26bc9e9@group-FABB21EF17C7:LeaderElection344] INFO  impl.LeaderElection (LogUtils.java:infoOrTrace(149)) -   Exception 1: {}
java.util.concurrent.ExecutionException: org.apache.ratis.thirdparty.io.grpc.StatusRuntimeException: UNAVAILABLE: io exception
	at java.util.concurrent.FutureTask.report(FutureTask.java:122)
	at java.util.concurrent.FutureTask.get(FutureTask.java:192)
	at org.apache.ratis.server.impl.LeaderElection.waitForResults(LeaderElection.java:263)
	at org.apache.ratis.server.impl.LeaderElection.askForVotes(LeaderElection.java:201)
	at org.apache.ratis.server.impl.LeaderElection.run(LeaderElection.java:133)
	at java.lang.Thread.run(Thread.java:748)
Caused by: org.apache.ratis.thirdparty.io.grpc.StatusRuntimeException: UNAVAILABLE: io exception
	at org.apache.ratis.thirdparty.io.grpc.stub.ClientCalls.toStatusRuntimeException(ClientCalls.java:233)
	at org.apache.ratis.thirdparty.io.grpc.stub.ClientCalls.getUnchecked(ClientCalls.java:214)
	at org.apache.ratis.thirdparty.io.grpc.stub.ClientCalls.blockingUnaryCall(ClientCalls.java:139)
	at org.apache.ratis.proto.grpc.RaftServerProtocolServiceGrpc$RaftServerProtocolServiceBlockingStub.requestVote(RaftServerProtocolServiceGrpc.java:265)
	at org.apache.ratis.grpc.server.GrpcServerProtocolClient.requestVote(GrpcServerProtocolClient.java:90)
	at org.apache.ratis.grpc.server.GrpcService.requestVote(GrpcService.java:204)
	at org.apache.ratis.server.impl.LeaderElection.lambda$submitRequests$1(LeaderElection.java:238)
	at java.util.concurrent.FutureTask.run(FutureTask.java:266)
	at java.util.concurrent.Executors$RunnableAdapter.call(Executors.java:511)
	at java.util.concurrent.FutureTask.run(FutureTask.java:266)
	at java.util.concurrent.ThreadPoolExecutor.runWorker(ThreadPoolExecutor.java:1149)
	at java.util.concurrent.ThreadPoolExecutor$Worker.run(ThreadPoolExecutor.java:624)
	... 1 more
Caused by: org.apache.ratis.thirdparty.io.netty.channel.AbstractChannel$AnnotatedConnectException: Connection refused: /192.168.36.126:33810
	at sun.nio.ch.SocketChannelImpl.checkConnect(Native Method)
	at sun.nio.ch.SocketChannelImpl.finishConnect(SocketChannelImpl.java:717)
	at org.apache.ratis.thirdparty.io.netty.channel.socket.nio.NioSocketChannel.doFinishConnect(NioSocketChannel.java:327)
	at org.apache.ratis.thirdparty.io.netty.channel.nio.AbstractNioChannel$AbstractNioUnsafe.finishConnect(AbstractNioChannel.java:340)
	at org.apache.ratis.thirdparty.io.netty.channel.nio.NioEventLoop.processSelectedKey(NioEventLoop.java:632)
	at org.apache.ratis.thirdparty.io.netty.channel.nio.NioEventLoop.processSelectedKeysOptimized(NioEventLoop.java:579)
	at org.apache.ratis.thirdparty.io.netty.channel.nio.NioEventLoop.processSelectedKeys(NioEventLoop.java:496)
	at org.apache.ratis.thirdparty.io.netty.channel.nio.NioEventLoop.run(NioEventLoop.java:458)
	at org.apache.ratis.thirdparty.io.netty.util.concurrent.SingleThreadEventExecutor$5.run(SingleThreadEventExecutor.java:897)
	at org.apache.ratis.thirdparty.io.netty.util.concurrent.FastThreadLocalRunnable.run(FastThreadLocalRunnable.java:30)
	... 1 more
Caused by: java.net.ConnectException: Connection refused
	... 11 more
2019-09-25 05:32:55,084 [07d2a3d4-a08d-4ff2-9fee-7694a26bc9e9@group-8EE3C38B4941:LeaderElection345] INFO  impl.LeaderElection (LeaderElection.java:logAndReturn(56)) - 07d2a3d4-a08d-4ff2-9fee-7694a26bc9e9@group-8EE3C38B4941:LeaderElection345: Election REJECTED; received 0 response(s) [] and 2 exception(s); 07d2a3d4-a08d-4ff2-9fee-7694a26bc9e9@group-8EE3C38B4941:t13, leader=null, voted=07d2a3d4-a08d-4ff2-9fee-7694a26bc9e9, raftlog=07d2a3d4-a08d-4ff2-9fee-7694a26bc9e9@group-8EE3C38B4941-SegmentedRaftLog:OPENED:c-1,f-1,i0, conf=-1: [07d2a3d4-a08d-4ff2-9fee-7694a26bc9e9:192.168.36.126:42527, 718f5985-af6b-46f0-b376-36c68e33e3c2:192.168.36.126:33516, 7d339ff4-0353-45b5-a855-49faf6b9a877:192.168.36.126:33810], old=null
2019-09-25 05:32:55,086 [07d2a3d4-a08d-4ff2-9fee-7694a26bc9e9@group-FABB21EF17C7:LeaderElection344] INFO  impl.RaftServerImpl (RaftServerImpl.java:setRole(174)) - 07d2a3d4-a08d-4ff2-9fee-7694a26bc9e9@group-FABB21EF17C7: changes role from CANDIDATE to FOLLOWER at term 13 for DISCOVERED_A_NEW_TERM
2019-09-25 05:32:55,085 [07d2a3d4-a08d-4ff2-9fee-7694a26bc9e9@group-19CC27109C97:LeaderElection342] INFO  impl.RoleInfo (RoleInfo.java:shutdownLeaderElection(134)) - 07d2a3d4-a08d-4ff2-9fee-7694a26bc9e9: shutdown LeaderElection
2019-09-25 05:32:55,085 [74c765d4-ecbc-4161-b0d3-3f71a54c17e6@group-37D53FCFBDA2:LeaderElection343] INFO  impl.LeaderElection (LeaderElection.java:logAndReturn(56)) - 74c765d4-ecbc-4161-b0d3-3f71a54c17e6@group-37D53FCFBDA2:LeaderElection343: Election REJECTED; received 0 response(s) [] and 2 exception(s); 74c765d4-ecbc-4161-b0d3-3f71a54c17e6@group-37D53FCFBDA2:t9, leader=null, voted=74c765d4-ecbc-4161-b0d3-3f71a54c17e6, raftlog=74c765d4-ecbc-4161-b0d3-3f71a54c17e6@group-37D53FCFBDA2-SegmentedRaftLog:OPENED:c-1,f-1,i0, conf=-1: [e40b1169-82c6-4268-9b48-d611605c3b5d:192.168.36.126:46360, 74c765d4-ecbc-4161-b0d3-3f71a54c17e6:192.168.36.126:46193, 8ffa0edf-3bee-4748-91ab-c75ab538701e:192.168.36.126:35863], old=null
2019-09-25 05:32:55,087 [07d2a3d4-a08d-4ff2-9fee-7694a26bc9e9@group-19CC27109C97:LeaderElection342] INFO  impl.RoleInfo (RoleInfo.java:updateAndGet(143)) - 07d2a3d4-a08d-4ff2-9fee-7694a26bc9e9: start FollowerState
2019-09-25 05:32:55,087 [07d2a3d4-a08d-4ff2-9fee-7694a26bc9e9@group-FABB21EF17C7:LeaderElection344] INFO  impl.RoleInfo (RoleInfo.java:shutdownLeaderElection(134)) - 07d2a3d4-a08d-4ff2-9fee-7694a26bc9e9: shutdown LeaderElection
2019-09-25 05:32:55,087 [07d2a3d4-a08d-4ff2-9fee-7694a26bc9e9@group-8EE3C38B4941:LeaderElection345] INFO  impl.LeaderElection (LogUtils.java:infoOrTrace(149)) -   Exception 0: {}
java.util.concurrent.ExecutionException: org.apache.ratis.thirdparty.io.grpc.StatusRuntimeException: UNAVAILABLE: io exception
	at java.util.concurrent.FutureTask.report(FutureTask.java:122)
	at java.util.concurrent.FutureTask.get(FutureTask.java:192)
	at org.apache.ratis.server.impl.LeaderElection.waitForResults(LeaderElection.java:263)
	at org.apache.ratis.server.impl.LeaderElection.askForVotes(LeaderElection.java:201)
	at org.apache.ratis.server.impl.LeaderElection.run(LeaderElection.java:133)
	at java.lang.Thread.run(Thread.java:748)
Caused by: org.apache.ratis.thirdparty.io.grpc.StatusRuntimeException: UNAVAILABLE: io exception
	at org.apache.ratis.thirdparty.io.grpc.stub.ClientCalls.toStatusRuntimeException(ClientCalls.java:233)
	at org.apache.ratis.thirdparty.io.grpc.stub.ClientCalls.getUnchecked(ClientCalls.java:214)
	at org.apache.ratis.thirdparty.io.grpc.stub.ClientCalls.blockingUnaryCall(ClientCalls.java:139)
	at org.apache.ratis.proto.grpc.RaftServerProtocolServiceGrpc$RaftServerProtocolServiceBlockingStub.requestVote(RaftServerProtocolServiceGrpc.java:265)
	at org.apache.ratis.grpc.server.GrpcServerProtocolClient.requestVote(GrpcServerProtocolClient.java:90)
	at org.apache.ratis.grpc.server.GrpcService.requestVote(GrpcService.java:204)
	at org.apache.ratis.server.impl.LeaderElection.lambda$submitRequests$1(LeaderElection.java:238)
	at java.util.concurrent.FutureTask.run(FutureTask.java:266)
	at java.util.concurrent.Executors$RunnableAdapter.call(Executors.java:511)
	at java.util.concurrent.FutureTask.run(FutureTask.java:266)
	at java.util.concurrent.ThreadPoolExecutor.runWorker(ThreadPoolExecutor.java:1149)
	at java.util.concurrent.ThreadPoolExecutor$Worker.run(ThreadPoolExecutor.java:624)
	... 1 more
Caused by: org.apache.ratis.thirdparty.io.netty.channel.AbstractChannel$AnnotatedConnectException: Connection refused: /192.168.36.126:33516
	at sun.nio.ch.SocketChannelImpl.checkConnect(Native Method)
	at sun.nio.ch.SocketChannelImpl.finishConnect(SocketChannelImpl.java:717)
	at org.apache.ratis.thirdparty.io.netty.channel.socket.nio.NioSocketChannel.doFinishConnect(NioSocketChannel.java:327)
	at org.apache.ratis.thirdparty.io.netty.channel.nio.AbstractNioChannel$AbstractNioUnsafe.finishConnect(AbstractNioChannel.java:340)
	at org.apache.ratis.thirdparty.io.netty.channel.nio.NioEventLoop.processSelectedKey(NioEventLoop.java:632)
	at org.apache.ratis.thirdparty.io.netty.channel.nio.NioEventLoop.processSelectedKeysOptimized(NioEventLoop.java:579)
	at org.apache.ratis.thirdparty.io.netty.channel.nio.NioEventLoop.processSelectedKeys(NioEventLoop.java:496)
	at org.apache.ratis.thirdparty.io.netty.channel.nio.NioEventLoop.run(NioEventLoop.java:458)
	at org.apache.ratis.thirdparty.io.netty.util.concurrent.SingleThreadEventExecutor$5.run(SingleThreadEventExecutor.java:897)
	at org.apache.ratis.thirdparty.io.netty.util.concurrent.FastThreadLocalRunnable.run(FastThreadLocalRunnable.java:30)
	... 1 more
Caused by: java.net.ConnectException: Connection refused
	... 11 more
2019-09-25 05:32:55,087 [07d2a3d4-a08d-4ff2-9fee-7694a26bc9e9@group-FABB21EF17C7:LeaderElection344] INFO  impl.RoleInfo (RoleInfo.java:updateAndGet(143)) - 07d2a3d4-a08d-4ff2-9fee-7694a26bc9e9: start FollowerState
2019-09-25 05:32:55,087 [74c765d4-ecbc-4161-b0d3-3f71a54c17e6@group-37D53FCFBDA2:LeaderElection343] INFO  impl.LeaderElection (LogUtils.java:infoOrTrace(149)) -   Exception 0: {}
java.util.concurrent.ExecutionException: org.apache.ratis.thirdparty.io.grpc.StatusRuntimeException: UNAVAILABLE: io exception
	at java.util.concurrent.FutureTask.report(FutureTask.java:122)
	at java.util.concurrent.FutureTask.get(FutureTask.java:192)
	at org.apache.ratis.server.impl.LeaderElection.waitForResults(LeaderElection.java:263)
	at org.apache.ratis.server.impl.LeaderElection.askForVotes(LeaderElection.java:201)
	at org.apache.ratis.server.impl.LeaderElection.run(LeaderElection.java:133)
	at java.lang.Thread.run(Thread.java:748)
Caused by: org.apache.ratis.thirdparty.io.grpc.StatusRuntimeException: UNAVAILABLE: io exception
	at org.apache.ratis.thirdparty.io.grpc.stub.ClientCalls.toStatusRuntimeException(ClientCalls.java:233)
	at org.apache.ratis.thirdparty.io.grpc.stub.ClientCalls.getUnchecked(ClientCalls.java:214)
	at org.apache.ratis.thirdparty.io.grpc.stub.ClientCalls.blockingUnaryCall(ClientCalls.java:139)
	at org.apache.ratis.proto.grpc.RaftServerProtocolServiceGrpc$RaftServerProtocolServiceBlockingStub.requestVote(RaftServerProtocolServiceGrpc.java:265)
	at org.apache.ratis.grpc.server.GrpcServerProtocolClient.requestVote(GrpcServerProtocolClient.java:90)
	at org.apache.ratis.grpc.server.GrpcService.requestVote(GrpcService.java:204)
	at org.apache.ratis.server.impl.LeaderElection.lambda$submitRequests$1(LeaderElection.java:238)
	at java.util.concurrent.FutureTask.run(FutureTask.java:266)
	at java.util.concurrent.Executors$RunnableAdapter.call(Executors.java:511)
	at java.util.concurrent.FutureTask.run(FutureTask.java:266)
	at java.util.concurrent.ThreadPoolExecutor.runWorker(ThreadPoolExecutor.java:1149)
	at java.util.concurrent.ThreadPoolExecutor$Worker.run(ThreadPoolExecutor.java:624)
	... 1 more
Caused by: org.apache.ratis.thirdparty.io.netty.channel.AbstractChannel$AnnotatedConnectException: Connection refused: /192.168.36.126:46360
	at sun.nio.ch.SocketChannelImpl.checkConnect(Native Method)
	at sun.nio.ch.SocketChannelImpl.finishConnect(SocketChannelImpl.java:717)
	at org.apache.ratis.thirdparty.io.netty.channel.socket.nio.NioSocketChannel.doFinishConnect(NioSocketChannel.java:327)
	at org.apache.ratis.thirdparty.io.netty.channel.nio.AbstractNioChannel$AbstractNioUnsafe.finishConnect(AbstractNioChannel.java:340)
	at org.apache.ratis.thirdparty.io.netty.channel.nio.NioEventLoop.processSelectedKey(NioEventLoop.java:632)
	at org.apache.ratis.thirdparty.io.netty.channel.nio.NioEventLoop.processSelectedKeysOptimized(NioEventLoop.java:579)
	at org.apache.ratis.thirdparty.io.netty.channel.nio.NioEventLoop.processSelectedKeys(NioEventLoop.java:496)
	at org.apache.ratis.thirdparty.io.netty.channel.nio.NioEventLoop.run(NioEventLoop.java:458)
	at org.apache.ratis.thirdparty.io.netty.util.concurrent.SingleThreadEventExecutor$5.run(SingleThreadEventExecutor.java:897)
	at org.apache.ratis.thirdparty.io.netty.util.concurrent.FastThreadLocalRunnable.run(FastThreadLocalRunnable.java:30)
	... 1 more
Caused by: java.net.ConnectException: Connection refused
	... 11 more
2019-09-25 05:32:55,088 [07d2a3d4-a08d-4ff2-9fee-7694a26bc9e9@group-8EE3C38B4941:LeaderElection345] INFO  impl.LeaderElection (LogUtils.java:infoOrTrace(149)) -   Exception 1: {}
java.util.concurrent.ExecutionException: org.apache.ratis.thirdparty.io.grpc.StatusRuntimeException: UNAVAILABLE: io exception
	at java.util.concurrent.FutureTask.report(FutureTask.java:122)
	at java.util.concurrent.FutureTask.get(FutureTask.java:192)
	at org.apache.ratis.server.impl.LeaderElection.waitForResults(LeaderElection.java:263)
	at org.apache.ratis.server.impl.LeaderElection.askForVotes(LeaderElection.java:201)
	at org.apache.ratis.server.impl.LeaderElection.run(LeaderElection.java:133)
	at java.lang.Thread.run(Thread.java:748)
Caused by: org.apache.ratis.thirdparty.io.grpc.StatusRuntimeException: UNAVAILABLE: io exception
	at org.apache.ratis.thirdparty.io.grpc.stub.ClientCalls.toStatusRuntimeException(ClientCalls.java:233)
	at org.apache.ratis.thirdparty.io.grpc.stub.ClientCalls.getUnchecked(ClientCalls.java:214)
	at org.apache.ratis.thirdparty.io.grpc.stub.ClientCalls.blockingUnaryCall(ClientCalls.java:139)
	at org.apache.ratis.proto.grpc.RaftServerProtocolServiceGrpc$RaftServerProtocolServiceBlockingStub.requestVote(RaftServerProtocolServiceGrpc.java:265)
	at org.apache.ratis.grpc.server.GrpcServerProtocolClient.requestVote(GrpcServerProtocolClient.java:90)
	at org.apache.ratis.grpc.server.GrpcService.requestVote(GrpcService.java:204)
	at org.apache.ratis.server.impl.LeaderElection.lambda$submitRequests$1(LeaderElection.java:238)
	at java.util.concurrent.FutureTask.run(FutureTask.java:266)
	at java.util.concurrent.Executors$RunnableAdapter.call(Executors.java:511)
	at java.util.concurrent.FutureTask.run(FutureTask.java:266)
	at java.util.concurrent.ThreadPoolExecutor.runWorker(ThreadPoolExecutor.java:1149)
	at java.util.concurrent.ThreadPoolExecutor$Worker.run(ThreadPoolExecutor.java:624)
	... 1 more
Caused by: org.apache.ratis.thirdparty.io.netty.channel.AbstractChannel$AnnotatedConnectException: Connection refused: /192.168.36.126:33810
	at sun.nio.ch.SocketChannelImpl.checkConnect(Native Method)
	at sun.nio.ch.SocketChannelImpl.finishConnect(SocketChannelImpl.java:717)
	at org.apache.ratis.thirdparty.io.netty.channel.socket.nio.NioSocketChannel.doFinishConnect(NioSocketChannel.java:327)
	at org.apache.ratis.thirdparty.io.netty.channel.nio.AbstractNioChannel$AbstractNioUnsafe.finishConnect(AbstractNioChannel.java:340)
	at org.apache.ratis.thirdparty.io.netty.channel.nio.NioEventLoop.processSelectedKey(NioEventLoop.java:632)
	at org.apache.ratis.thirdparty.io.netty.channel.nio.NioEventLoop.processSelectedKeysOptimized(NioEventLoop.java:579)
	at org.apache.ratis.thirdparty.io.netty.channel.nio.NioEventLoop.processSelectedKeys(NioEventLoop.java:496)
	at org.apache.ratis.thirdparty.io.netty.channel.nio.NioEventLoop.run(NioEventLoop.java:458)
	at org.apache.ratis.thirdparty.io.netty.util.concurrent.SingleThreadEventExecutor$5.run(SingleThreadEventExecutor.java:897)
	at org.apache.ratis.thirdparty.io.netty.util.concurrent.FastThreadLocalRunnable.run(FastThreadLocalRunnable.java:30)
	... 1 more
Caused by: java.net.ConnectException: Connection refused
	... 11 more
2019-09-25 05:32:55,088 [74c765d4-ecbc-4161-b0d3-3f71a54c17e6@group-37D53FCFBDA2:LeaderElection343] INFO  impl.LeaderElection (LogUtils.java:infoOrTrace(149)) -   Exception 1: {}
java.util.concurrent.ExecutionException: org.apache.ratis.thirdparty.io.grpc.StatusRuntimeException: UNAVAILABLE: io exception
	at java.util.concurrent.FutureTask.report(FutureTask.java:122)
	at java.util.concurrent.FutureTask.get(FutureTask.java:192)
	at org.apache.ratis.server.impl.LeaderElection.waitForResults(LeaderElection.java:263)
	at org.apache.ratis.server.impl.LeaderElection.askForVotes(LeaderElection.java:201)
	at org.apache.ratis.server.impl.LeaderElection.run(LeaderElection.java:133)
	at java.lang.Thread.run(Thread.java:748)
Caused by: org.apache.ratis.thirdparty.io.grpc.StatusRuntimeException: UNAVAILABLE: io exception
	at org.apache.ratis.thirdparty.io.grpc.stub.ClientCalls.toStatusRuntimeException(ClientCalls.java:233)
	at org.apache.ratis.thirdparty.io.grpc.stub.ClientCalls.getUnchecked(ClientCalls.java:214)
	at org.apache.ratis.thirdparty.io.grpc.stub.ClientCalls.blockingUnaryCall(ClientCalls.java:139)
	at org.apache.ratis.proto.grpc.RaftServerProtocolServiceGrpc$RaftServerProtocolServiceBlockingStub.requestVote(RaftServerProtocolServiceGrpc.java:265)
	at org.apache.ratis.grpc.server.GrpcServerProtocolClient.requestVote(GrpcServerProtocolClient.java:90)
	at org.apache.ratis.grpc.server.GrpcService.requestVote(GrpcService.java:204)
	at org.apache.ratis.server.impl.LeaderElection.lambda$submitRequests$1(LeaderElection.java:238)
	at java.util.concurrent.FutureTask.run(FutureTask.java:266)
	at java.util.concurrent.Executors$RunnableAdapter.call(Executors.java:511)
	at java.util.concurrent.FutureTask.run(FutureTask.java:266)
	at java.util.concurrent.ThreadPoolExecutor.runWorker(ThreadPoolExecutor.java:1149)
	at java.util.concurrent.ThreadPoolExecutor$Worker.run(ThreadPoolExecutor.java:624)
	... 1 more
Caused by: org.apache.ratis.thirdparty.io.netty.channel.AbstractChannel$AnnotatedConnectException: Connection refused: /192.168.36.126:35863
	at sun.nio.ch.SocketChannelImpl.checkConnect(Native Method)
	at sun.nio.ch.SocketChannelImpl.finishConnect(SocketChannelImpl.java:717)
	at org.apache.ratis.thirdparty.io.netty.channel.socket.nio.NioSocketChannel.doFinishConnect(NioSocketChannel.java:327)
	at org.apache.ratis.thirdparty.io.netty.channel.nio.AbstractNioChannel$AbstractNioUnsafe.finishConnect(AbstractNioChannel.java:340)
	at org.apache.ratis.thirdparty.io.netty.channel.nio.NioEventLoop.processSelectedKey(NioEventLoop.java:632)
	at org.apache.ratis.thirdparty.io.netty.channel.nio.NioEventLoop.processSelectedKeysOptimized(NioEventLoop.java:579)
	at org.apache.ratis.thirdparty.io.netty.channel.nio.NioEventLoop.processSelectedKeys(NioEventLoop.java:496)
	at org.apache.ratis.thirdparty.io.netty.channel.nio.NioEventLoop.run(NioEventLoop.java:458)
	at org.apache.ratis.thirdparty.io.netty.util.concurrent.SingleThreadEventExecutor$5.run(SingleThreadEventExecutor.java:897)
	at org.apache.ratis.thirdparty.io.netty.util.concurrent.FastThreadLocalRunnable.run(FastThreadLocalRunnable.java:30)
	... 1 more
Caused by: java.net.ConnectException: Connection refused
	... 11 more
2019-09-25 05:32:55,089 [07d2a3d4-a08d-4ff2-9fee-7694a26bc9e9@group-8EE3C38B4941:LeaderElection345] INFO  impl.RaftServerImpl (RaftServerImpl.java:setRole(174)) - 07d2a3d4-a08d-4ff2-9fee-7694a26bc9e9@group-8EE3C38B4941: changes role from CANDIDATE to FOLLOWER at term 13 for DISCOVERED_A_NEW_TERM
2019-09-25 05:32:55,089 [74c765d4-ecbc-4161-b0d3-3f71a54c17e6@group-37D53FCFBDA2:LeaderElection343] INFO  impl.RaftServerImpl (RaftServerImpl.java:setRole(174)) - 74c765d4-ecbc-4161-b0d3-3f71a54c17e6@group-37D53FCFBDA2: changes role from CANDIDATE to FOLLOWER at term 9 for DISCOVERED_A_NEW_TERM
2019-09-25 05:32:55,089 [07d2a3d4-a08d-4ff2-9fee-7694a26bc9e9@group-8EE3C38B4941:LeaderElection345] INFO  impl.RoleInfo (RoleInfo.java:shutdownLeaderElection(134)) - 07d2a3d4-a08d-4ff2-9fee-7694a26bc9e9: shutdown LeaderElection
2019-09-25 05:32:55,090 [74c765d4-ecbc-4161-b0d3-3f71a54c17e6@group-37D53FCFBDA2:LeaderElection343] INFO  impl.RoleInfo (RoleInfo.java:shutdownLeaderElection(134)) - 74c765d4-ecbc-4161-b0d3-3f71a54c17e6: shutdown LeaderElection
2019-09-25 05:32:55,090 [07d2a3d4-a08d-4ff2-9fee-7694a26bc9e9@group-8EE3C38B4941:LeaderElection345] INFO  impl.RoleInfo (RoleInfo.java:updateAndGet(143)) - 07d2a3d4-a08d-4ff2-9fee-7694a26bc9e9: start FollowerState
2019-09-25 05:32:55,090 [74c765d4-ecbc-4161-b0d3-3f71a54c17e6@group-37D53FCFBDA2:LeaderElection343] INFO  impl.RoleInfo (RoleInfo.java:updateAndGet(143)) - 74c765d4-ecbc-4161-b0d3-3f71a54c17e6: start FollowerState
2019-09-25 05:32:56,098 [Thread-2119] INFO  impl.FollowerState (FollowerState.java:run(106)) - 07d2a3d4-a08d-4ff2-9fee-7694a26bc9e9:group-FABB21EF17C7 changes to CANDIDATE, lastRpcTime:1010, electionTimeout:1010ms
2019-09-25 05:32:56,099 [Thread-2119] INFO  impl.RoleInfo (RoleInfo.java:shutdownFollowerState(121)) - 07d2a3d4-a08d-4ff2-9fee-7694a26bc9e9: shutdown FollowerState
2019-09-25 05:32:56,099 [Thread-2119] INFO  impl.RaftServerImpl (RaftServerImpl.java:setRole(174)) - 07d2a3d4-a08d-4ff2-9fee-7694a26bc9e9@group-FABB21EF17C7: changes role from  FOLLOWER to CANDIDATE at term 13 for changeToCandidate
2019-09-25 05:32:56,099 [Thread-2119] INFO  impl.RoleInfo (RoleInfo.java:updateAndGet(143)) - 07d2a3d4-a08d-4ff2-9fee-7694a26bc9e9: start LeaderElection
2019-09-25 05:32:56,100 [Thread-2121] INFO  impl.FollowerState (FollowerState.java:run(106)) - 74c765d4-ecbc-4161-b0d3-3f71a54c17e6:group-37D53FCFBDA2 changes to CANDIDATE, lastRpcTime:1009, electionTimeout:1009ms
2019-09-25 05:32:56,100 [Thread-2121] INFO  impl.RoleInfo (RoleInfo.java:shutdownFollowerState(121)) - 74c765d4-ecbc-4161-b0d3-3f71a54c17e6: shutdown FollowerState
2019-09-25 05:32:56,100 [Thread-2121] INFO  impl.RaftServerImpl (RaftServerImpl.java:setRole(174)) - 74c765d4-ecbc-4161-b0d3-3f71a54c17e6@group-37D53FCFBDA2: changes role from  FOLLOWER to CANDIDATE at term 9 for changeToCandidate
2019-09-25 05:32:56,100 [Thread-2121] INFO  impl.RoleInfo (RoleInfo.java:updateAndGet(143)) - 74c765d4-ecbc-4161-b0d3-3f71a54c17e6: start LeaderElection
2019-09-25 05:32:56,221 [Thread-2120] INFO  impl.FollowerState (FollowerState.java:run(106)) - 07d2a3d4-a08d-4ff2-9fee-7694a26bc9e9:group-8EE3C38B4941 changes to CANDIDATE, lastRpcTime:1131, electionTimeout:1131ms
2019-09-25 05:32:56,222 [Thread-2120] INFO  impl.RoleInfo (RoleInfo.java:shutdownFollowerState(121)) - 07d2a3d4-a08d-4ff2-9fee-7694a26bc9e9: shutdown FollowerState
2019-09-25 05:32:56,222 [Thread-2120] INFO  impl.RaftServerImpl (RaftServerImpl.java:setRole(174)) - 07d2a3d4-a08d-4ff2-9fee-7694a26bc9e9@group-8EE3C38B4941: changes role from  FOLLOWER to CANDIDATE at term 13 for changeToCandidate
2019-09-25 05:32:56,222 [Thread-2120] INFO  impl.RoleInfo (RoleInfo.java:updateAndGet(143)) - 07d2a3d4-a08d-4ff2-9fee-7694a26bc9e9: start LeaderElection
2019-09-25 05:32:56,258 [Thread-2118] INFO  impl.FollowerState (FollowerState.java:run(106)) - 07d2a3d4-a08d-4ff2-9fee-7694a26bc9e9:group-19CC27109C97 changes to CANDIDATE, lastRpcTime:1170, electionTimeout:1170ms
2019-09-25 05:32:56,258 [Thread-2118] INFO  impl.RoleInfo (RoleInfo.java:shutdownFollowerState(121)) - 07d2a3d4-a08d-4ff2-9fee-7694a26bc9e9: shutdown FollowerState
2019-09-25 05:32:56,258 [Thread-2118] INFO  impl.RaftServerImpl (RaftServerImpl.java:setRole(174)) - 07d2a3d4-a08d-4ff2-9fee-7694a26bc9e9@group-19CC27109C97: changes role from  FOLLOWER to CANDIDATE at term 13 for changeToCandidate
2019-09-25 05:32:56,258 [Thread-2118] INFO  impl.RoleInfo (RoleInfo.java:updateAndGet(143)) - 07d2a3d4-a08d-4ff2-9fee-7694a26bc9e9: start LeaderElection
2019-09-25 05:32:56,509 [07d2a3d4-a08d-4ff2-9fee-7694a26bc9e9@group-8EE3C38B4941:LeaderElection348] INFO  impl.LeaderElection (LeaderElection.java:askForVotes(182)) - 07d2a3d4-a08d-4ff2-9fee-7694a26bc9e9@group-8EE3C38B4941:LeaderElection348: begin an election at term 14 for -1: [07d2a3d4-a08d-4ff2-9fee-7694a26bc9e9:192.168.36.126:42527, 718f5985-af6b-46f0-b376-36c68e33e3c2:192.168.36.126:33516, 7d339ff4-0353-45b5-a855-49faf6b9a877:192.168.36.126:33810], old=null
2019-09-25 05:32:56,509 [07d2a3d4-a08d-4ff2-9fee-7694a26bc9e9@group-FABB21EF17C7:LeaderElection346] INFO  impl.LeaderElection (LeaderElection.java:askForVotes(182)) - 07d2a3d4-a08d-4ff2-9fee-7694a26bc9e9@group-FABB21EF17C7:LeaderElection346: begin an election at term 14 for -1: [07d2a3d4-a08d-4ff2-9fee-7694a26bc9e9:192.168.36.126:42527, 718f5985-af6b-46f0-b376-36c68e33e3c2:192.168.36.126:33516, 7d339ff4-0353-45b5-a855-49faf6b9a877:192.168.36.126:33810], old=null
2019-09-25 05:32:56,509 [74c765d4-ecbc-4161-b0d3-3f71a54c17e6@group-37D53FCFBDA2:LeaderElection347] INFO  impl.LeaderElection (LeaderElection.java:askForVotes(182)) - 74c765d4-ecbc-4161-b0d3-3f71a54c17e6@group-37D53FCFBDA2:LeaderElection347: begin an election at term 10 for -1: [e40b1169-82c6-4268-9b48-d611605c3b5d:192.168.36.126:46360, 74c765d4-ecbc-4161-b0d3-3f71a54c17e6:192.168.36.126:46193, 8ffa0edf-3bee-4748-91ab-c75ab538701e:192.168.36.126:35863], old=null
2019-09-25 05:32:56,509 [07d2a3d4-a08d-4ff2-9fee-7694a26bc9e9@group-19CC27109C97:LeaderElection349] INFO  impl.LeaderElection (LeaderElection.java:askForVotes(182)) - 07d2a3d4-a08d-4ff2-9fee-7694a26bc9e9@group-19CC27109C97:LeaderElection349: begin an election at term 14 for -1: [07d2a3d4-a08d-4ff2-9fee-7694a26bc9e9:192.168.36.126:42527, 718f5985-af6b-46f0-b376-36c68e33e3c2:192.168.36.126:33516, 7d339ff4-0353-45b5-a855-49faf6b9a877:192.168.36.126:33810], old=null
2019-09-25 05:32:56,511 [07d2a3d4-a08d-4ff2-9fee-7694a26bc9e9@group-8EE3C38B4941:LeaderElection348] INFO  impl.LeaderElection (LogUtils.java:infoOrTrace(149)) - 07d2a3d4-a08d-4ff2-9fee-7694a26bc9e9@group-8EE3C38B4941:LeaderElection348 got exception when requesting votes: {}
java.util.concurrent.ExecutionException: org.apache.ratis.thirdparty.io.grpc.StatusRuntimeException: UNAVAILABLE: io exception
	at java.util.concurrent.FutureTask.report(FutureTask.java:122)
	at java.util.concurrent.FutureTask.get(FutureTask.java:192)
	at org.apache.ratis.server.impl.LeaderElection.waitForResults(LeaderElection.java:263)
	at org.apache.ratis.server.impl.LeaderElection.askForVotes(LeaderElection.java:201)
	at org.apache.ratis.server.impl.LeaderElection.run(LeaderElection.java:133)
	at java.lang.Thread.run(Thread.java:748)
Caused by: org.apache.ratis.thirdparty.io.grpc.StatusRuntimeException: UNAVAILABLE: io exception
	at org.apache.ratis.thirdparty.io.grpc.stub.ClientCalls.toStatusRuntimeException(ClientCalls.java:233)
	at org.apache.ratis.thirdparty.io.grpc.stub.ClientCalls.getUnchecked(ClientCalls.java:214)
	at org.apache.ratis.thirdparty.io.grpc.stub.ClientCalls.blockingUnaryCall(ClientCalls.java:139)
	at org.apache.ratis.proto.grpc.RaftServerProtocolServiceGrpc$RaftServerProtocolServiceBlockingStub.requestVote(RaftServerProtocolServiceGrpc.java:265)
	at org.apache.ratis.grpc.server.GrpcServerProtocolClient.requestVote(GrpcServerProtocolClient.java:90)
	at org.apache.ratis.grpc.server.GrpcService.requestVote(GrpcService.java:204)
	at org.apache.ratis.server.impl.LeaderElection.lambda$submitRequests$1(LeaderElection.java:238)
	at java.util.concurrent.FutureTask.run(FutureTask.java:266)
	at java.util.concurrent.Executors$RunnableAdapter.call(Executors.java:511)
	at java.util.concurrent.FutureTask.run(FutureTask.java:266)
	at java.util.concurrent.ThreadPoolExecutor.runWorker(ThreadPoolExecutor.java:1149)
	at java.util.concurrent.ThreadPoolExecutor$Worker.run(ThreadPoolExecutor.java:624)
	... 1 more
Caused by: org.apache.ratis.thirdparty.io.netty.channel.AbstractChannel$AnnotatedConnectException: Connection refused: /192.168.36.126:33516
	at sun.nio.ch.SocketChannelImpl.checkConnect(Native Method)
	at sun.nio.ch.SocketChannelImpl.finishConnect(SocketChannelImpl.java:717)
	at org.apache.ratis.thirdparty.io.netty.channel.socket.nio.NioSocketChannel.doFinishConnect(NioSocketChannel.java:327)
	at org.apache.ratis.thirdparty.io.netty.channel.nio.AbstractNioChannel$AbstractNioUnsafe.finishConnect(AbstractNioChannel.java:340)
	at org.apache.ratis.thirdparty.io.netty.channel.nio.NioEventLoop.processSelectedKey(NioEventLoop.java:632)
	at org.apache.ratis.thirdparty.io.netty.channel.nio.NioEventLoop.processSelectedKeysOptimized(NioEventLoop.java:579)
	at org.apache.ratis.thirdparty.io.netty.channel.nio.NioEventLoop.processSelectedKeys(NioEventLoop.java:496)
	at org.apache.ratis.thirdparty.io.netty.channel.nio.NioEventLoop.run(NioEventLoop.java:458)
	at org.apache.ratis.thirdparty.io.netty.util.concurrent.SingleThreadEventExecutor$5.run(SingleThreadEventExecutor.java:897)
	at org.apache.ratis.thirdparty.io.netty.util.concurrent.FastThreadLocalRunnable.run(FastThreadLocalRunnable.java:30)
	... 1 more
Caused by: java.net.ConnectException: Connection refused
	... 11 more
2019-09-25 05:32:56,511 [74c765d4-ecbc-4161-b0d3-3f71a54c17e6@group-37D53FCFBDA2:LeaderElection347] INFO  impl.LeaderElection (LogUtils.java:infoOrTrace(149)) - 74c765d4-ecbc-4161-b0d3-3f71a54c17e6@group-37D53FCFBDA2:LeaderElection347 got exception when requesting votes: {}
java.util.concurrent.ExecutionException: org.apache.ratis.thirdparty.io.grpc.StatusRuntimeException: UNAVAILABLE: io exception
	at java.util.concurrent.FutureTask.report(FutureTask.java:122)
	at java.util.concurrent.FutureTask.get(FutureTask.java:192)
	at org.apache.ratis.server.impl.LeaderElection.waitForResults(LeaderElection.java:263)
	at org.apache.ratis.server.impl.LeaderElection.askForVotes(LeaderElection.java:201)
	at org.apache.ratis.server.impl.LeaderElection.run(LeaderElection.java:133)
	at java.lang.Thread.run(Thread.java:748)
Caused by: org.apache.ratis.thirdparty.io.grpc.StatusRuntimeException: UNAVAILABLE: io exception
	at org.apache.ratis.thirdparty.io.grpc.stub.ClientCalls.toStatusRuntimeException(ClientCalls.java:233)
	at org.apache.ratis.thirdparty.io.grpc.stub.ClientCalls.getUnchecked(ClientCalls.java:214)
	at org.apache.ratis.thirdparty.io.grpc.stub.ClientCalls.blockingUnaryCall(ClientCalls.java:139)
	at org.apache.ratis.proto.grpc.RaftServerProtocolServiceGrpc$RaftServerProtocolServiceBlockingStub.requestVote(RaftServerProtocolServiceGrpc.java:265)
	at org.apache.ratis.grpc.server.GrpcServerProtocolClient.requestVote(GrpcServerProtocolClient.java:90)
	at org.apache.ratis.grpc.server.GrpcService.requestVote(GrpcService.java:204)
	at org.apache.ratis.server.impl.LeaderElection.lambda$submitRequests$1(LeaderElection.java:238)
	at java.util.concurrent.FutureTask.run(FutureTask.java:266)
	at java.util.concurrent.Executors$RunnableAdapter.call(Executors.java:511)
	at java.util.concurrent.FutureTask.run(FutureTask.java:266)
	at java.util.concurrent.ThreadPoolExecutor.runWorker(ThreadPoolExecutor.java:1149)
	at java.util.concurrent.ThreadPoolExecutor$Worker.run(ThreadPoolExecutor.java:624)
	... 1 more
Caused by: org.apache.ratis.thirdparty.io.netty.channel.AbstractChannel$AnnotatedConnectException: Connection refused: /192.168.36.126:46360
	at sun.nio.ch.SocketChannelImpl.checkConnect(Native Method)
	at sun.nio.ch.SocketChannelImpl.finishConnect(SocketChannelImpl.java:717)
	at org.apache.ratis.thirdparty.io.netty.channel.socket.nio.NioSocketChannel.doFinishConnect(NioSocketChannel.java:327)
	at org.apache.ratis.thirdparty.io.netty.channel.nio.AbstractNioChannel$AbstractNioUnsafe.finishConnect(AbstractNioChannel.java:340)
	at org.apache.ratis.thirdparty.io.netty.channel.nio.NioEventLoop.processSelectedKey(NioEventLoop.java:632)
	at org.apache.ratis.thirdparty.io.netty.channel.nio.NioEventLoop.processSelectedKeysOptimized(NioEventLoop.java:579)
	at org.apache.ratis.thirdparty.io.netty.channel.nio.NioEventLoop.processSelectedKeys(NioEventLoop.java:496)
	at org.apache.ratis.thirdparty.io.netty.channel.nio.NioEventLoop.run(NioEventLoop.java:458)
	at org.apache.ratis.thirdparty.io.netty.util.concurrent.SingleThreadEventExecutor$5.run(SingleThreadEventExecutor.java:897)
	at org.apache.ratis.thirdparty.io.netty.util.concurrent.FastThreadLocalRunnable.run(FastThreadLocalRunnable.java:30)
	... 1 more
Caused by: java.net.ConnectException: Connection refused
	... 11 more
2019-09-25 05:32:56,511 [07d2a3d4-a08d-4ff2-9fee-7694a26bc9e9@group-19CC27109C97:LeaderElection349] INFO  impl.LeaderElection (LogUtils.java:infoOrTrace(149)) - 07d2a3d4-a08d-4ff2-9fee-7694a26bc9e9@group-19CC27109C97:LeaderElection349 got exception when requesting votes: {}
java.util.concurrent.ExecutionException: org.apache.ratis.thirdparty.io.grpc.StatusRuntimeException: UNAVAILABLE: io exception
	at java.util.concurrent.FutureTask.report(FutureTask.java:122)
	at java.util.concurrent.FutureTask.get(FutureTask.java:192)
	at org.apache.ratis.server.impl.LeaderElection.waitForResults(LeaderElection.java:263)
	at org.apache.ratis.server.impl.LeaderElection.askForVotes(LeaderElection.java:201)
	at org.apache.ratis.server.impl.LeaderElection.run(LeaderElection.java:133)
	at java.lang.Thread.run(Thread.java:748)
Caused by: org.apache.ratis.thirdparty.io.grpc.StatusRuntimeException: UNAVAILABLE: io exception
	at org.apache.ratis.thirdparty.io.grpc.stub.ClientCalls.toStatusRuntimeException(ClientCalls.java:233)
	at org.apache.ratis.thirdparty.io.grpc.stub.ClientCalls.getUnchecked(ClientCalls.java:214)
	at org.apache.ratis.thirdparty.io.grpc.stub.ClientCalls.blockingUnaryCall(ClientCalls.java:139)
	at org.apache.ratis.proto.grpc.RaftServerProtocolServiceGrpc$RaftServerProtocolServiceBlockingStub.requestVote(RaftServerProtocolServiceGrpc.java:265)
	at org.apache.ratis.grpc.server.GrpcServerProtocolClient.requestVote(GrpcServerProtocolClient.java:90)
	at org.apache.ratis.grpc.server.GrpcService.requestVote(GrpcService.java:204)
	at org.apache.ratis.server.impl.LeaderElection.lambda$submitRequests$1(LeaderElection.java:238)
	at java.util.concurrent.FutureTask.run(FutureTask.java:266)
	at java.util.concurrent.Executors$RunnableAdapter.call(Executors.java:511)
	at java.util.concurrent.FutureTask.run(FutureTask.java:266)
	at java.util.concurrent.ThreadPoolExecutor.runWorker(ThreadPoolExecutor.java:1149)
	at java.util.concurrent.ThreadPoolExecutor$Worker.run(ThreadPoolExecutor.java:624)
	... 1 more
Caused by: org.apache.ratis.thirdparty.io.netty.channel.AbstractChannel$AnnotatedConnectException: Connection refused: /192.168.36.126:33516
	at sun.nio.ch.SocketChannelImpl.checkConnect(Native Method)
	at sun.nio.ch.SocketChannelImpl.finishConnect(SocketChannelImpl.java:717)
	at org.apache.ratis.thirdparty.io.netty.channel.socket.nio.NioSocketChannel.doFinishConnect(NioSocketChannel.java:327)
	at org.apache.ratis.thirdparty.io.netty.channel.nio.AbstractNioChannel$AbstractNioUnsafe.finishConnect(AbstractNioChannel.java:340)
	at org.apache.ratis.thirdparty.io.netty.channel.nio.NioEventLoop.processSelectedKey(NioEventLoop.java:632)
	at org.apache.ratis.thirdparty.io.netty.channel.nio.NioEventLoop.processSelectedKeysOptimized(NioEventLoop.java:579)
	at org.apache.ratis.thirdparty.io.netty.channel.nio.NioEventLoop.processSelectedKeys(NioEventLoop.java:496)
	at org.apache.ratis.thirdparty.io.netty.channel.nio.NioEventLoop.run(NioEventLoop.java:458)
	at org.apache.ratis.thirdparty.io.netty.util.concurrent.SingleThreadEventExecutor$5.run(SingleThreadEventExecutor.java:897)
	at org.apache.ratis.thirdparty.io.netty.util.concurrent.FastThreadLocalRunnable.run(FastThreadLocalRunnable.java:30)
	... 1 more
Caused by: java.net.ConnectException: Connection refused
	... 11 more
2019-09-25 05:32:56,511 [07d2a3d4-a08d-4ff2-9fee-7694a26bc9e9@group-FABB21EF17C7:LeaderElection346] INFO  impl.LeaderElection (LogUtils.java:infoOrTrace(149)) - 07d2a3d4-a08d-4ff2-9fee-7694a26bc9e9@group-FABB21EF17C7:LeaderElection346 got exception when requesting votes: {}
java.util.concurrent.ExecutionException: org.apache.ratis.thirdparty.io.grpc.StatusRuntimeException: UNAVAILABLE: io exception
	at java.util.concurrent.FutureTask.report(FutureTask.java:122)
	at java.util.concurrent.FutureTask.get(FutureTask.java:192)
	at org.apache.ratis.server.impl.LeaderElection.waitForResults(LeaderElection.java:263)
	at org.apache.ratis.server.impl.LeaderElection.askForVotes(LeaderElection.java:201)
	at org.apache.ratis.server.impl.LeaderElection.run(LeaderElection.java:133)
	at java.lang.Thread.run(Thread.java:748)
Caused by: org.apache.ratis.thirdparty.io.grpc.StatusRuntimeException: UNAVAILABLE: io exception
	at org.apache.ratis.thirdparty.io.grpc.stub.ClientCalls.toStatusRuntimeException(ClientCalls.java:233)
	at org.apache.ratis.thirdparty.io.grpc.stub.ClientCalls.getUnchecked(ClientCalls.java:214)
	at org.apache.ratis.thirdparty.io.grpc.stub.ClientCalls.blockingUnaryCall(ClientCalls.java:139)
	at org.apache.ratis.proto.grpc.RaftServerProtocolServiceGrpc$RaftServerProtocolServiceBlockingStub.requestVote(RaftServerProtocolServiceGrpc.java:265)
	at org.apache.ratis.grpc.server.GrpcServerProtocolClient.requestVote(GrpcServerProtocolClient.java:90)
	at org.apache.ratis.grpc.server.GrpcService.requestVote(GrpcService.java:204)
	at org.apache.ratis.server.impl.LeaderElection.lambda$submitRequests$1(LeaderElection.java:238)
	at java.util.concurrent.FutureTask.run(FutureTask.java:266)
	at java.util.concurrent.Executors$RunnableAdapter.call(Executors.java:511)
	at java.util.concurrent.FutureTask.run(FutureTask.java:266)
	at java.util.concurrent.ThreadPoolExecutor.runWorker(ThreadPoolExecutor.java:1149)
	at java.util.concurrent.ThreadPoolExecutor$Worker.run(ThreadPoolExecutor.java:624)
	... 1 more
Caused by: org.apache.ratis.thirdparty.io.netty.channel.AbstractChannel$AnnotatedConnectException: Connection refused: /192.168.36.126:33516
	at sun.nio.ch.SocketChannelImpl.checkConnect(Native Method)
	at sun.nio.ch.SocketChannelImpl.finishConnect(SocketChannelImpl.java:717)
	at org.apache.ratis.thirdparty.io.netty.channel.socket.nio.NioSocketChannel.doFinishConnect(NioSocketChannel.java:327)
	at org.apache.ratis.thirdparty.io.netty.channel.nio.AbstractNioChannel$AbstractNioUnsafe.finishConnect(AbstractNioChannel.java:340)
	at org.apache.ratis.thirdparty.io.netty.channel.nio.NioEventLoop.processSelectedKey(NioEventLoop.java:632)
	at org.apache.ratis.thirdparty.io.netty.channel.nio.NioEventLoop.processSelectedKeysOptimized(NioEventLoop.java:579)
	at org.apache.ratis.thirdparty.io.netty.channel.nio.NioEventLoop.processSelectedKeys(NioEventLoop.java:496)
	at org.apache.ratis.thirdparty.io.netty.channel.nio.NioEventLoop.run(NioEventLoop.java:458)
	at org.apache.ratis.thirdparty.io.netty.util.concurrent.SingleThreadEventExecutor$5.run(SingleThreadEventExecutor.java:897)
	at org.apache.ratis.thirdparty.io.netty.util.concurrent.FastThreadLocalRunnable.run(FastThreadLocalRunnable.java:30)
	... 1 more
Caused by: java.net.ConnectException: Connection refused
	... 11 more
2019-09-25 05:32:56,513 [07d2a3d4-a08d-4ff2-9fee-7694a26bc9e9@group-19CC27109C97:LeaderElection349] INFO  impl.LeaderElection (LogUtils.java:infoOrTrace(149)) - 07d2a3d4-a08d-4ff2-9fee-7694a26bc9e9@group-19CC27109C97:LeaderElection349 got exception when requesting votes: {}
java.util.concurrent.ExecutionException: org.apache.ratis.thirdparty.io.grpc.StatusRuntimeException: UNAVAILABLE: io exception
	at java.util.concurrent.FutureTask.report(FutureTask.java:122)
	at java.util.concurrent.FutureTask.get(FutureTask.java:192)
	at org.apache.ratis.server.impl.LeaderElection.waitForResults(LeaderElection.java:263)
	at org.apache.ratis.server.impl.LeaderElection.askForVotes(LeaderElection.java:201)
	at org.apache.ratis.server.impl.LeaderElection.run(LeaderElection.java:133)
	at java.lang.Thread.run(Thread.java:748)
Caused by: org.apache.ratis.thirdparty.io.grpc.StatusRuntimeException: UNAVAILABLE: io exception
	at org.apache.ratis.thirdparty.io.grpc.stub.ClientCalls.toStatusRuntimeException(ClientCalls.java:233)
	at org.apache.ratis.thirdparty.io.grpc.stub.ClientCalls.getUnchecked(ClientCalls.java:214)
	at org.apache.ratis.thirdparty.io.grpc.stub.ClientCalls.blockingUnaryCall(ClientCalls.java:139)
	at org.apache.ratis.proto.grpc.RaftServerProtocolServiceGrpc$RaftServerProtocolServiceBlockingStub.requestVote(RaftServerProtocolServiceGrpc.java:265)
	at org.apache.ratis.grpc.server.GrpcServerProtocolClient.requestVote(GrpcServerProtocolClient.java:90)
	at org.apache.ratis.grpc.server.GrpcService.requestVote(GrpcService.java:204)
	at org.apache.ratis.server.impl.LeaderElection.lambda$submitRequests$1(LeaderElection.java:238)
	at java.util.concurrent.FutureTask.run(FutureTask.java:266)
	at java.util.concurrent.Executors$RunnableAdapter.call(Executors.java:511)
	at java.util.concurrent.FutureTask.run(FutureTask.java:266)
	at java.util.concurrent.ThreadPoolExecutor.runWorker(ThreadPoolExecutor.java:1149)
	at java.util.concurrent.ThreadPoolExecutor$Worker.run(ThreadPoolExecutor.java:624)
	... 1 more
Caused by: org.apache.ratis.thirdparty.io.netty.channel.AbstractChannel$AnnotatedConnectException: Connection refused: /192.168.36.126:33810
	at sun.nio.ch.SocketChannelImpl.checkConnect(Native Method)
	at sun.nio.ch.SocketChannelImpl.finishConnect(SocketChannelImpl.java:717)
	at org.apache.ratis.thirdparty.io.netty.channel.socket.nio.NioSocketChannel.doFinishConnect(NioSocketChannel.java:327)
	at org.apache.ratis.thirdparty.io.netty.channel.nio.AbstractNioChannel$AbstractNioUnsafe.finishConnect(AbstractNioChannel.java:340)
	at org.apache.ratis.thirdparty.io.netty.channel.nio.NioEventLoop.processSelectedKey(NioEventLoop.java:632)
	at org.apache.ratis.thirdparty.io.netty.channel.nio.NioEventLoop.processSelectedKeysOptimized(NioEventLoop.java:579)
	at org.apache.ratis.thirdparty.io.netty.channel.nio.NioEventLoop.processSelectedKeys(NioEventLoop.java:496)
	at org.apache.ratis.thirdparty.io.netty.channel.nio.NioEventLoop.run(NioEventLoop.java:458)
	at org.apache.ratis.thirdparty.io.netty.util.concurrent.SingleThreadEventExecutor$5.run(SingleThreadEventExecutor.java:897)
	at org.apache.ratis.thirdparty.io.netty.util.concurrent.FastThreadLocalRunnable.run(FastThreadLocalRunnable.java:30)
	... 1 more
Caused by: java.net.ConnectException: Connection refused
	... 11 more
2019-09-25 05:32:56,512 [74c765d4-ecbc-4161-b0d3-3f71a54c17e6@group-37D53FCFBDA2:LeaderElection347] INFO  impl.LeaderElection (LogUtils.java:infoOrTrace(149)) - 74c765d4-ecbc-4161-b0d3-3f71a54c17e6@group-37D53FCFBDA2:LeaderElection347 got exception when requesting votes: {}
java.util.concurrent.ExecutionException: org.apache.ratis.thirdparty.io.grpc.StatusRuntimeException: UNAVAILABLE: io exception
	at java.util.concurrent.FutureTask.report(FutureTask.java:122)
	at java.util.concurrent.FutureTask.get(FutureTask.java:192)
	at org.apache.ratis.server.impl.LeaderElection.waitForResults(LeaderElection.java:263)
	at org.apache.ratis.server.impl.LeaderElection.askForVotes(LeaderElection.java:201)
	at org.apache.ratis.server.impl.LeaderElection.run(LeaderElection.java:133)
	at java.lang.Thread.run(Thread.java:748)
Caused by: org.apache.ratis.thirdparty.io.grpc.StatusRuntimeException: UNAVAILABLE: io exception
	at org.apache.ratis.thirdparty.io.grpc.stub.ClientCalls.toStatusRuntimeException(ClientCalls.java:233)
	at org.apache.ratis.thirdparty.io.grpc.stub.ClientCalls.getUnchecked(ClientCalls.java:214)
	at org.apache.ratis.thirdparty.io.grpc.stub.ClientCalls.blockingUnaryCall(ClientCalls.java:139)
	at org.apache.ratis.proto.grpc.RaftServerProtocolServiceGrpc$RaftServerProtocolServiceBlockingStub.requestVote(RaftServerProtocolServiceGrpc.java:265)
	at org.apache.ratis.grpc.server.GrpcServerProtocolClient.requestVote(GrpcServerProtocolClient.java:90)
	at org.apache.ratis.grpc.server.GrpcService.requestVote(GrpcService.java:204)
	at org.apache.ratis.server.impl.LeaderElection.lambda$submitRequests$1(LeaderElection.java:238)
	at java.util.concurrent.FutureTask.run(FutureTask.java:266)
	at java.util.concurrent.Executors$RunnableAdapter.call(Executors.java:511)
	at java.util.concurrent.FutureTask.run(FutureTask.java:266)
	at java.util.concurrent.ThreadPoolExecutor.runWorker(ThreadPoolExecutor.java:1149)
	at java.util.concurrent.ThreadPoolExecutor$Worker.run(ThreadPoolExecutor.java:624)
	... 1 more
Caused by: org.apache.ratis.thirdparty.io.netty.channel.AbstractChannel$AnnotatedConnectException: Connection refused: /192.168.36.126:35863
	at sun.nio.ch.SocketChannelImpl.checkConnect(Native Method)
	at sun.nio.ch.SocketChannelImpl.finishConnect(SocketChannelImpl.java:717)
	at org.apache.ratis.thirdparty.io.netty.channel.socket.nio.NioSocketChannel.doFinishConnect(NioSocketChannel.java:327)
	at org.apache.ratis.thirdparty.io.netty.channel.nio.AbstractNioChannel$AbstractNioUnsafe.finishConnect(AbstractNioChannel.java:340)
	at org.apache.ratis.thirdparty.io.netty.channel.nio.NioEventLoop.processSelectedKey(NioEventLoop.java:632)
	at org.apache.ratis.thirdparty.io.netty.channel.nio.NioEventLoop.processSelectedKeysOptimized(NioEventLoop.java:579)
	at org.apache.ratis.thirdparty.io.netty.channel.nio.NioEventLoop.processSelectedKeys(NioEventLoop.java:496)
	at org.apache.ratis.thirdparty.io.netty.channel.nio.NioEventLoop.run(NioEventLoop.java:458)
	at org.apache.ratis.thirdparty.io.netty.util.concurrent.SingleThreadEventExecutor$5.run(SingleThreadEventExecutor.java:897)
	at org.apache.ratis.thirdparty.io.netty.util.concurrent.FastThreadLocalRunnable.run(FastThreadLocalRunnable.java:30)
	... 1 more
Caused by: java.net.ConnectException: Connection refused
	... 11 more
2019-09-25 05:32:56,512 [07d2a3d4-a08d-4ff2-9fee-7694a26bc9e9@group-8EE3C38B4941:LeaderElection348] INFO  impl.LeaderElection (LogUtils.java:infoOrTrace(149)) - 07d2a3d4-a08d-4ff2-9fee-7694a26bc9e9@group-8EE3C38B4941:LeaderElection348 got exception when requesting votes: {}
java.util.concurrent.ExecutionException: org.apache.ratis.thirdparty.io.grpc.StatusRuntimeException: UNAVAILABLE: io exception
	at java.util.concurrent.FutureTask.report(FutureTask.java:122)
	at java.util.concurrent.FutureTask.get(FutureTask.java:192)
	at org.apache.ratis.server.impl.LeaderElection.waitForResults(LeaderElection.java:263)
	at org.apache.ratis.server.impl.LeaderElection.askForVotes(LeaderElection.java:201)
	at org.apache.ratis.server.impl.LeaderElection.run(LeaderElection.java:133)
	at java.lang.Thread.run(Thread.java:748)
Caused by: org.apache.ratis.thirdparty.io.grpc.StatusRuntimeException: UNAVAILABLE: io exception
	at org.apache.ratis.thirdparty.io.grpc.stub.ClientCalls.toStatusRuntimeException(ClientCalls.java:233)
	at org.apache.ratis.thirdparty.io.grpc.stub.ClientCalls.getUnchecked(ClientCalls.java:214)
	at org.apache.ratis.thirdparty.io.grpc.stub.ClientCalls.blockingUnaryCall(ClientCalls.java:139)
	at org.apache.ratis.proto.grpc.RaftServerProtocolServiceGrpc$RaftServerProtocolServiceBlockingStub.requestVote(RaftServerProtocolServiceGrpc.java:265)
	at org.apache.ratis.grpc.server.GrpcServerProtocolClient.requestVote(GrpcServerProtocolClient.java:90)
	at org.apache.ratis.grpc.server.GrpcService.requestVote(GrpcService.java:204)
	at org.apache.ratis.server.impl.LeaderElection.lambda$submitRequests$1(LeaderElection.java:238)
	at java.util.concurrent.FutureTask.run(FutureTask.java:266)
	at java.util.concurrent.Executors$RunnableAdapter.call(Executors.java:511)
	at java.util.concurrent.FutureTask.run(FutureTask.java:266)
	at java.util.concurrent.ThreadPoolExecutor.runWorker(ThreadPoolExecutor.java:1149)
	at java.util.concurrent.ThreadPoolExecutor$Worker.run(ThreadPoolExecutor.java:624)
	... 1 more
Caused by: org.apache.ratis.thirdparty.io.netty.channel.AbstractChannel$AnnotatedConnectException: Connection refused: /192.168.36.126:33810
	at sun.nio.ch.SocketChannelImpl.checkConnect(Native Method)
	at sun.nio.ch.SocketChannelImpl.finishConnect(SocketChannelImpl.java:717)
	at org.apache.ratis.thirdparty.io.netty.channel.socket.nio.NioSocketChannel.doFinishConnect(NioSocketChannel.java:327)
	at org.apache.ratis.thirdparty.io.netty.channel.nio.AbstractNioChannel$AbstractNioUnsafe.finishConnect(AbstractNioChannel.java:340)
	at org.apache.ratis.thirdparty.io.netty.channel.nio.NioEventLoop.processSelectedKey(NioEventLoop.java:632)
	at org.apache.ratis.thirdparty.io.netty.channel.nio.NioEventLoop.processSelectedKeysOptimized(NioEventLoop.java:579)
	at org.apache.ratis.thirdparty.io.netty.channel.nio.NioEventLoop.processSelectedKeys(NioEventLoop.java:496)
	at org.apache.ratis.thirdparty.io.netty.channel.nio.NioEventLoop.run(NioEventLoop.java:458)
	at org.apache.ratis.thirdparty.io.netty.util.concurrent.SingleThreadEventExecutor$5.run(SingleThreadEventExecutor.java:897)
	at org.apache.ratis.thirdparty.io.netty.util.concurrent.FastThreadLocalRunnable.run(FastThreadLocalRunnable.java:30)
	... 1 more
Caused by: java.net.ConnectException: Connection refused
	... 11 more
2019-09-25 05:32:56,514 [74c765d4-ecbc-4161-b0d3-3f71a54c17e6@group-37D53FCFBDA2:LeaderElection347] INFO  impl.LeaderElection (LeaderElection.java:logAndReturn(56)) - 74c765d4-ecbc-4161-b0d3-3f71a54c17e6@group-37D53FCFBDA2:LeaderElection347: Election REJECTED; received 0 response(s) [] and 2 exception(s); 74c765d4-ecbc-4161-b0d3-3f71a54c17e6@group-37D53FCFBDA2:t10, leader=null, voted=74c765d4-ecbc-4161-b0d3-3f71a54c17e6, raftlog=74c765d4-ecbc-4161-b0d3-3f71a54c17e6@group-37D53FCFBDA2-SegmentedRaftLog:OPENED:c-1,f-1,i0, conf=-1: [e40b1169-82c6-4268-9b48-d611605c3b5d:192.168.36.126:46360, 74c765d4-ecbc-4161-b0d3-3f71a54c17e6:192.168.36.126:46193, 8ffa0edf-3bee-4748-91ab-c75ab538701e:192.168.36.126:35863], old=null
2019-09-25 05:32:56,514 [07d2a3d4-a08d-4ff2-9fee-7694a26bc9e9@group-19CC27109C97:LeaderElection349] INFO  impl.LeaderElection (LeaderElection.java:logAndReturn(56)) - 07d2a3d4-a08d-4ff2-9fee-7694a26bc9e9@group-19CC27109C97:LeaderElection349: Election REJECTED; received 0 response(s) [] and 2 exception(s); 07d2a3d4-a08d-4ff2-9fee-7694a26bc9e9@group-19CC27109C97:t14, leader=null, voted=07d2a3d4-a08d-4ff2-9fee-7694a26bc9e9, raftlog=07d2a3d4-a08d-4ff2-9fee-7694a26bc9e9@group-19CC27109C97-SegmentedRaftLog:OPENED:c-1,f-1,i0, conf=-1: [07d2a3d4-a08d-4ff2-9fee-7694a26bc9e9:192.168.36.126:42527, 718f5985-af6b-46f0-b376-36c68e33e3c2:192.168.36.126:33516, 7d339ff4-0353-45b5-a855-49faf6b9a877:192.168.36.126:33810], old=null
2019-09-25 05:32:56,515 [07d2a3d4-a08d-4ff2-9fee-7694a26bc9e9@group-19CC27109C97:LeaderElection349] INFO  impl.LeaderElection (LogUtils.java:infoOrTrace(149)) -   Exception 0: {}
java.util.concurrent.ExecutionException: org.apache.ratis.thirdparty.io.grpc.StatusRuntimeException: UNAVAILABLE: io exception
	at java.util.concurrent.FutureTask.report(FutureTask.java:122)
	at java.util.concurrent.FutureTask.get(FutureTask.java:192)
	at org.apache.ratis.server.impl.LeaderElection.waitForResults(LeaderElection.java:263)
	at org.apache.ratis.server.impl.LeaderElection.askForVotes(LeaderElection.java:201)
	at org.apache.ratis.server.impl.LeaderElection.run(LeaderElection.java:133)
	at java.lang.Thread.run(Thread.java:748)
Caused by: org.apache.ratis.thirdparty.io.grpc.StatusRuntimeException: UNAVAILABLE: io exception
	at org.apache.ratis.thirdparty.io.grpc.stub.ClientCalls.toStatusRuntimeException(ClientCalls.java:233)
	at org.apache.ratis.thirdparty.io.grpc.stub.ClientCalls.getUnchecked(ClientCalls.java:214)
	at org.apache.ratis.thirdparty.io.grpc.stub.ClientCalls.blockingUnaryCall(ClientCalls.java:139)
	at org.apache.ratis.proto.grpc.RaftServerProtocolServiceGrpc$RaftServerProtocolServiceBlockingStub.requestVote(RaftServerProtocolServiceGrpc.java:265)
	at org.apache.ratis.grpc.server.GrpcServerProtocolClient.requestVote(GrpcServerProtocolClient.java:90)
	at org.apache.ratis.grpc.server.GrpcService.requestVote(GrpcService.java:204)
	at org.apache.ratis.server.impl.LeaderElection.lambda$submitRequests$1(LeaderElection.java:238)
	at java.util.concurrent.FutureTask.run(FutureTask.java:266)
	at java.util.concurrent.Executors$RunnableAdapter.call(Executors.java:511)
	at java.util.concurrent.FutureTask.run(FutureTask.java:266)
	at java.util.concurrent.ThreadPoolExecutor.runWorker(ThreadPoolExecutor.java:1149)
	at java.util.concurrent.ThreadPoolExecutor$Worker.run(ThreadPoolExecutor.java:624)
	... 1 more
Caused by: org.apache.ratis.thirdparty.io.netty.channel.AbstractChannel$AnnotatedConnectException: Connection refused: /192.168.36.126:33516
	at sun.nio.ch.SocketChannelImpl.checkConnect(Native Method)
	at sun.nio.ch.SocketChannelImpl.finishConnect(SocketChannelImpl.java:717)
	at org.apache.ratis.thirdparty.io.netty.channel.socket.nio.NioSocketChannel.doFinishConnect(NioSocketChannel.java:327)
	at org.apache.ratis.thirdparty.io.netty.channel.nio.AbstractNioChannel$AbstractNioUnsafe.finishConnect(AbstractNioChannel.java:340)
	at org.apache.ratis.thirdparty.io.netty.channel.nio.NioEventLoop.processSelectedKey(NioEventLoop.java:632)
	at org.apache.ratis.thirdparty.io.netty.channel.nio.NioEventLoop.processSelectedKeysOptimized(NioEventLoop.java:579)
	at org.apache.ratis.thirdparty.io.netty.channel.nio.NioEventLoop.processSelectedKeys(NioEventLoop.java:496)
	at org.apache.ratis.thirdparty.io.netty.channel.nio.NioEventLoop.run(NioEventLoop.java:458)
	at org.apache.ratis.thirdparty.io.netty.util.concurrent.SingleThreadEventExecutor$5.run(SingleThreadEventExecutor.java:897)
	at org.apache.ratis.thirdparty.io.netty.util.concurrent.FastThreadLocalRunnable.run(FastThreadLocalRunnable.java:30)
	... 1 more
Caused by: java.net.ConnectException: Connection refused
	... 11 more
2019-09-25 05:32:56,516 [07d2a3d4-a08d-4ff2-9fee-7694a26bc9e9@group-19CC27109C97:LeaderElection349] INFO  impl.LeaderElection (LogUtils.java:infoOrTrace(149)) -   Exception 1: {}
java.util.concurrent.ExecutionException: org.apache.ratis.thirdparty.io.grpc.StatusRuntimeException: UNAVAILABLE: io exception
	at java.util.concurrent.FutureTask.report(FutureTask.java:122)
	at java.util.concurrent.FutureTask.get(FutureTask.java:192)
	at org.apache.ratis.server.impl.LeaderElection.waitForResults(LeaderElection.java:263)
	at org.apache.ratis.server.impl.LeaderElection.askForVotes(LeaderElection.java:201)
	at org.apache.ratis.server.impl.LeaderElection.run(LeaderElection.java:133)
	at java.lang.Thread.run(Thread.java:748)
Caused by: org.apache.ratis.thirdparty.io.grpc.StatusRuntimeException: UNAVAILABLE: io exception
	at org.apache.ratis.thirdparty.io.grpc.stub.ClientCalls.toStatusRuntimeException(ClientCalls.java:233)
	at org.apache.ratis.thirdparty.io.grpc.stub.ClientCalls.getUnchecked(ClientCalls.java:214)
	at org.apache.ratis.thirdparty.io.grpc.stub.ClientCalls.blockingUnaryCall(ClientCalls.java:139)
	at org.apache.ratis.proto.grpc.RaftServerProtocolServiceGrpc$RaftServerProtocolServiceBlockingStub.requestVote(RaftServerProtocolServiceGrpc.java:265)
	at org.apache.ratis.grpc.server.GrpcServerProtocolClient.requestVote(GrpcServerProtocolClient.java:90)
	at org.apache.ratis.grpc.server.GrpcService.requestVote(GrpcService.java:204)
	at org.apache.ratis.server.impl.LeaderElection.lambda$submitRequests$1(LeaderElection.java:238)
	at java.util.concurrent.FutureTask.run(FutureTask.java:266)
	at java.util.concurrent.Executors$RunnableAdapter.call(Executors.java:511)
	at java.util.concurrent.FutureTask.run(FutureTask.java:266)
	at java.util.concurrent.ThreadPoolExecutor.runWorker(ThreadPoolExecutor.java:1149)
	at java.util.concurrent.ThreadPoolExecutor$Worker.run(ThreadPoolExecutor.java:624)
	... 1 more
Caused by: org.apache.ratis.thirdparty.io.netty.channel.AbstractChannel$AnnotatedConnectException: Connection refused: /192.168.36.126:33810
	at sun.nio.ch.SocketChannelImpl.checkConnect(Native Method)
	at sun.nio.ch.SocketChannelImpl.finishConnect(SocketChannelImpl.java:717)
	at org.apache.ratis.thirdparty.io.netty.channel.socket.nio.NioSocketChannel.doFinishConnect(NioSocketChannel.java:327)
	at org.apache.ratis.thirdparty.io.netty.channel.nio.AbstractNioChannel$AbstractNioUnsafe.finishConnect(AbstractNioChannel.java:340)
	at org.apache.ratis.thirdparty.io.netty.channel.nio.NioEventLoop.processSelectedKey(NioEventLoop.java:632)
	at org.apache.ratis.thirdparty.io.netty.channel.nio.NioEventLoop.processSelectedKeysOptimized(NioEventLoop.java:579)
	at org.apache.ratis.thirdparty.io.netty.channel.nio.NioEventLoop.processSelectedKeys(NioEventLoop.java:496)
	at org.apache.ratis.thirdparty.io.netty.channel.nio.NioEventLoop.run(NioEventLoop.java:458)
	at org.apache.ratis.thirdparty.io.netty.util.concurrent.SingleThreadEventExecutor$5.run(SingleThreadEventExecutor.java:897)
	at org.apache.ratis.thirdparty.io.netty.util.concurrent.FastThreadLocalRunnable.run(FastThreadLocalRunnable.java:30)
	... 1 more
Caused by: java.net.ConnectException: Connection refused
	... 11 more
2019-09-25 05:32:56,513 [07d2a3d4-a08d-4ff2-9fee-7694a26bc9e9@group-FABB21EF17C7:LeaderElection346] INFO  impl.LeaderElection (LogUtils.java:infoOrTrace(149)) - 07d2a3d4-a08d-4ff2-9fee-7694a26bc9e9@group-FABB21EF17C7:LeaderElection346 got exception when requesting votes: {}
java.util.concurrent.ExecutionException: org.apache.ratis.thirdparty.io.grpc.StatusRuntimeException: UNAVAILABLE: io exception
	at java.util.concurrent.FutureTask.report(FutureTask.java:122)
	at java.util.concurrent.FutureTask.get(FutureTask.java:192)
	at org.apache.ratis.server.impl.LeaderElection.waitForResults(LeaderElection.java:263)
	at org.apache.ratis.server.impl.LeaderElection.askForVotes(LeaderElection.java:201)
	at org.apache.ratis.server.impl.LeaderElection.run(LeaderElection.java:133)
	at java.lang.Thread.run(Thread.java:748)
Caused by: org.apache.ratis.thirdparty.io.grpc.StatusRuntimeException: UNAVAILABLE: io exception
	at org.apache.ratis.thirdparty.io.grpc.stub.ClientCalls.toStatusRuntimeException(ClientCalls.java:233)
	at org.apache.ratis.thirdparty.io.grpc.stub.ClientCalls.getUnchecked(ClientCalls.java:214)
	at org.apache.ratis.thirdparty.io.grpc.stub.ClientCalls.blockingUnaryCall(ClientCalls.java:139)
	at org.apache.ratis.proto.grpc.RaftServerProtocolServiceGrpc$RaftServerProtocolServiceBlockingStub.requestVote(RaftServerProtocolServiceGrpc.java:265)
	at org.apache.ratis.grpc.server.GrpcServerProtocolClient.requestVote(GrpcServerProtocolClient.java:90)
	at org.apache.ratis.grpc.server.GrpcService.requestVote(GrpcService.java:204)
	at org.apache.ratis.server.impl.LeaderElection.lambda$submitRequests$1(LeaderElection.java:238)
	at java.util.concurrent.FutureTask.run(FutureTask.java:266)
	at java.util.concurrent.Executors$RunnableAdapter.call(Executors.java:511)
	at java.util.concurrent.FutureTask.run(FutureTask.java:266)
	at java.util.concurrent.ThreadPoolExecutor.runWorker(ThreadPoolExecutor.java:1149)
	at java.util.concurrent.ThreadPoolExecutor$Worker.run(ThreadPoolExecutor.java:624)
	... 1 more
Caused by: org.apache.ratis.thirdparty.io.netty.channel.AbstractChannel$AnnotatedConnectException: Connection refused: /192.168.36.126:33810
	at sun.nio.ch.SocketChannelImpl.checkConnect(Native Method)
	at sun.nio.ch.SocketChannelImpl.finishConnect(SocketChannelImpl.java:717)
	at org.apache.ratis.thirdparty.io.netty.channel.socket.nio.NioSocketChannel.doFinishConnect(NioSocketChannel.java:327)
	at org.apache.ratis.thirdparty.io.netty.channel.nio.AbstractNioChannel$AbstractNioUnsafe.finishConnect(AbstractNioChannel.java:340)
	at org.apache.ratis.thirdparty.io.netty.channel.nio.NioEventLoop.processSelectedKey(NioEventLoop.java:632)
	at org.apache.ratis.thirdparty.io.netty.channel.nio.NioEventLoop.processSelectedKeysOptimized(NioEventLoop.java:579)
	at org.apache.ratis.thirdparty.io.netty.channel.nio.NioEventLoop.processSelectedKeys(NioEventLoop.java:496)
	at org.apache.ratis.thirdparty.io.netty.channel.nio.NioEventLoop.run(NioEventLoop.java:458)
	at org.apache.ratis.thirdparty.io.netty.util.concurrent.SingleThreadEventExecutor$5.run(SingleThreadEventExecutor.java:897)
	at org.apache.ratis.thirdparty.io.netty.util.concurrent.FastThreadLocalRunnable.run(FastThreadLocalRunnable.java:30)
	... 1 more
Caused by: java.net.ConnectException: Connection refused
	... 11 more
2019-09-25 05:32:56,516 [07d2a3d4-a08d-4ff2-9fee-7694a26bc9e9@group-19CC27109C97:LeaderElection349] INFO  impl.RaftServerImpl (RaftServerImpl.java:setRole(174)) - 07d2a3d4-a08d-4ff2-9fee-7694a26bc9e9@group-19CC27109C97: changes role from CANDIDATE to FOLLOWER at term 14 for DISCOVERED_A_NEW_TERM
2019-09-25 05:32:56,517 [07d2a3d4-a08d-4ff2-9fee-7694a26bc9e9@group-19CC27109C97:LeaderElection349] INFO  impl.RoleInfo (RoleInfo.java:shutdownLeaderElection(134)) - 07d2a3d4-a08d-4ff2-9fee-7694a26bc9e9: shutdown LeaderElection
2019-09-25 05:32:56,515 [74c765d4-ecbc-4161-b0d3-3f71a54c17e6@group-37D53FCFBDA2:LeaderElection347] INFO  impl.LeaderElection (LogUtils.java:infoOrTrace(149)) -   Exception 0: {}
java.util.concurrent.ExecutionException: org.apache.ratis.thirdparty.io.grpc.StatusRuntimeException: UNAVAILABLE: io exception
	at java.util.concurrent.FutureTask.report(FutureTask.java:122)
	at java.util.concurrent.FutureTask.get(FutureTask.java:192)
	at org.apache.ratis.server.impl.LeaderElection.waitForResults(LeaderElection.java:263)
	at org.apache.ratis.server.impl.LeaderElection.askForVotes(LeaderElection.java:201)
	at org.apache.ratis.server.impl.LeaderElection.run(LeaderElection.java:133)
	at java.lang.Thread.run(Thread.java:748)
Caused by: org.apache.ratis.thirdparty.io.grpc.StatusRuntimeException: UNAVAILABLE: io exception
	at org.apache.ratis.thirdparty.io.grpc.stub.ClientCalls.toStatusRuntimeException(ClientCalls.java:233)
	at org.apache.ratis.thirdparty.io.grpc.stub.ClientCalls.getUnchecked(ClientCalls.java:214)
	at org.apache.ratis.thirdparty.io.grpc.stub.ClientCalls.blockingUnaryCall(ClientCalls.java:139)
	at org.apache.ratis.proto.grpc.RaftServerProtocolServiceGrpc$RaftServerProtocolServiceBlockingStub.requestVote(RaftServerProtocolServiceGrpc.java:265)
	at org.apache.ratis.grpc.server.GrpcServerProtocolClient.requestVote(GrpcServerProtocolClient.java:90)
	at org.apache.ratis.grpc.server.GrpcService.requestVote(GrpcService.java:204)
	at org.apache.ratis.server.impl.LeaderElection.lambda$submitRequests$1(LeaderElection.java:238)
	at java.util.concurrent.FutureTask.run(FutureTask.java:266)
	at java.util.concurrent.Executors$RunnableAdapter.call(Executors.java:511)
	at java.util.concurrent.FutureTask.run(FutureTask.java:266)
	at java.util.concurrent.ThreadPoolExecutor.runWorker(ThreadPoolExecutor.java:1149)
	at java.util.concurrent.ThreadPoolExecutor$Worker.run(ThreadPoolExecutor.java:624)
	... 1 more
Caused by: org.apache.ratis.thirdparty.io.netty.channel.AbstractChannel$AnnotatedConnectException: Connection refused: /192.168.36.126:46360
	at sun.nio.ch.SocketChannelImpl.checkConnect(Native Method)
	at sun.nio.ch.SocketChannelImpl.finishConnect(SocketChannelImpl.java:717)
	at org.apache.ratis.thirdparty.io.netty.channel.socket.nio.NioSocketChannel.doFinishConnect(NioSocketChannel.java:327)
	at org.apache.ratis.thirdparty.io.netty.channel.nio.AbstractNioChannel$AbstractNioUnsafe.finishConnect(AbstractNioChannel.java:340)
	at org.apache.ratis.thirdparty.io.netty.channel.nio.NioEventLoop.processSelectedKey(NioEventLoop.java:632)
	at org.apache.ratis.thirdparty.io.netty.channel.nio.NioEventLoop.processSelectedKeysOptimized(NioEventLoop.java:579)
	at org.apache.ratis.thirdparty.io.netty.channel.nio.NioEventLoop.processSelectedKeys(NioEventLoop.java:496)
	at org.apache.ratis.thirdparty.io.netty.channel.nio.NioEventLoop.run(NioEventLoop.java:458)
	at org.apache.ratis.thirdparty.io.netty.util.concurrent.SingleThreadEventExecutor$5.run(SingleThreadEventExecutor.java:897)
	at org.apache.ratis.thirdparty.io.netty.util.concurrent.FastThreadLocalRunnable.run(FastThreadLocalRunnable.java:30)
	... 1 more
Caused by: java.net.ConnectException: Connection refused
	... 11 more
2019-09-25 05:32:56,517 [74c765d4-ecbc-4161-b0d3-3f71a54c17e6@group-37D53FCFBDA2:LeaderElection347] INFO  impl.LeaderElection (LogUtils.java:infoOrTrace(149)) -   Exception 1: {}
java.util.concurrent.ExecutionException: org.apache.ratis.thirdparty.io.grpc.StatusRuntimeException: UNAVAILABLE: io exception
	at java.util.concurrent.FutureTask.report(FutureTask.java:122)
	at java.util.concurrent.FutureTask.get(FutureTask.java:192)
	at org.apache.ratis.server.impl.LeaderElection.waitForResults(LeaderElection.java:263)
	at org.apache.ratis.server.impl.LeaderElection.askForVotes(LeaderElection.java:201)
	at org.apache.ratis.server.impl.LeaderElection.run(LeaderElection.java:133)
	at java.lang.Thread.run(Thread.java:748)
Caused by: org.apache.ratis.thirdparty.io.grpc.StatusRuntimeException: UNAVAILABLE: io exception
	at org.apache.ratis.thirdparty.io.grpc.stub.ClientCalls.toStatusRuntimeException(ClientCalls.java:233)
	at org.apache.ratis.thirdparty.io.grpc.stub.ClientCalls.getUnchecked(ClientCalls.java:214)
	at org.apache.ratis.thirdparty.io.grpc.stub.ClientCalls.blockingUnaryCall(ClientCalls.java:139)
	at org.apache.ratis.proto.grpc.RaftServerProtocolServiceGrpc$RaftServerProtocolServiceBlockingStub.requestVote(RaftServerProtocolServiceGrpc.java:265)
	at org.apache.ratis.grpc.server.GrpcServerProtocolClient.requestVote(GrpcServerProtocolClient.java:90)
	at org.apache.ratis.grpc.server.GrpcService.requestVote(GrpcService.java:204)
	at org.apache.ratis.server.impl.LeaderElection.lambda$submitRequests$1(LeaderElection.java:238)
	at java.util.concurrent.FutureTask.run(FutureTask.java:266)
	at java.util.concurrent.Executors$RunnableAdapter.call(Executors.java:511)
	at java.util.concurrent.FutureTask.run(FutureTask.java:266)
	at java.util.concurrent.ThreadPoolExecutor.runWorker(ThreadPoolExecutor.java:1149)
	at java.util.concurrent.ThreadPoolExecutor$Worker.run(ThreadPoolExecutor.java:624)
	... 1 more
Caused by: org.apache.ratis.thirdparty.io.netty.channel.AbstractChannel$AnnotatedConnectException: Connection refused: /192.168.36.126:35863
	at sun.nio.ch.SocketChannelImpl.checkConnect(Native Method)
	at sun.nio.ch.SocketChannelImpl.finishConnect(SocketChannelImpl.java:717)
	at org.apache.ratis.thirdparty.io.netty.channel.socket.nio.NioSocketChannel.doFinishConnect(NioSocketChannel.java:327)
	at org.apache.ratis.thirdparty.io.netty.channel.nio.AbstractNioChannel$AbstractNioUnsafe.finishConnect(AbstractNioChannel.java:340)
	at org.apache.ratis.thirdparty.io.netty.channel.nio.NioEventLoop.processSelectedKey(NioEventLoop.java:632)
	at org.apache.ratis.thirdparty.io.netty.channel.nio.NioEventLoop.processSelectedKeysOptimized(NioEventLoop.java:579)
	at org.apache.ratis.thirdparty.io.netty.channel.nio.NioEventLoop.processSelectedKeys(NioEventLoop.java:496)
	at org.apache.ratis.thirdparty.io.netty.channel.nio.NioEventLoop.run(NioEventLoop.java:458)
	at org.apache.ratis.thirdparty.io.netty.util.concurrent.SingleThreadEventExecutor$5.run(SingleThreadEventExecutor.java:897)
	at org.apache.ratis.thirdparty.io.netty.util.concurrent.FastThreadLocalRunnable.run(FastThreadLocalRunnable.java:30)
	... 1 more
Caused by: java.net.ConnectException: Connection refused
	... 11 more
2019-09-25 05:32:56,515 [07d2a3d4-a08d-4ff2-9fee-7694a26bc9e9@group-8EE3C38B4941:LeaderElection348] INFO  impl.LeaderElection (LeaderElection.java:logAndReturn(56)) - 07d2a3d4-a08d-4ff2-9fee-7694a26bc9e9@group-8EE3C38B4941:LeaderElection348: Election REJECTED; received 0 response(s) [] and 2 exception(s); 07d2a3d4-a08d-4ff2-9fee-7694a26bc9e9@group-8EE3C38B4941:t14, leader=null, voted=07d2a3d4-a08d-4ff2-9fee-7694a26bc9e9, raftlog=07d2a3d4-a08d-4ff2-9fee-7694a26bc9e9@group-8EE3C38B4941-SegmentedRaftLog:OPENED:c-1,f-1,i0, conf=-1: [07d2a3d4-a08d-4ff2-9fee-7694a26bc9e9:192.168.36.126:42527, 718f5985-af6b-46f0-b376-36c68e33e3c2:192.168.36.126:33516, 7d339ff4-0353-45b5-a855-49faf6b9a877:192.168.36.126:33810], old=null
2019-09-25 05:32:56,518 [74c765d4-ecbc-4161-b0d3-3f71a54c17e6@group-37D53FCFBDA2:LeaderElection347] INFO  impl.RaftServerImpl (RaftServerImpl.java:setRole(174)) - 74c765d4-ecbc-4161-b0d3-3f71a54c17e6@group-37D53FCFBDA2: changes role from CANDIDATE to FOLLOWER at term 10 for DISCOVERED_A_NEW_TERM
2019-09-25 05:32:56,517 [07d2a3d4-a08d-4ff2-9fee-7694a26bc9e9@group-19CC27109C97:LeaderElection349] INFO  impl.RoleInfo (RoleInfo.java:updateAndGet(143)) - 07d2a3d4-a08d-4ff2-9fee-7694a26bc9e9: start FollowerState
2019-09-25 05:32:56,517 [07d2a3d4-a08d-4ff2-9fee-7694a26bc9e9@group-FABB21EF17C7:LeaderElection346] INFO  impl.LeaderElection (LeaderElection.java:logAndReturn(56)) - 07d2a3d4-a08d-4ff2-9fee-7694a26bc9e9@group-FABB21EF17C7:LeaderElection346: Election REJECTED; received 0 response(s) [] and 2 exception(s); 07d2a3d4-a08d-4ff2-9fee-7694a26bc9e9@group-FABB21EF17C7:t14, leader=null, voted=07d2a3d4-a08d-4ff2-9fee-7694a26bc9e9, raftlog=07d2a3d4-a08d-4ff2-9fee-7694a26bc9e9@group-FABB21EF17C7-SegmentedRaftLog:OPENED:c-1,f-1,i0, conf=-1: [07d2a3d4-a08d-4ff2-9fee-7694a26bc9e9:192.168.36.126:42527, 718f5985-af6b-46f0-b376-36c68e33e3c2:192.168.36.126:33516, 7d339ff4-0353-45b5-a855-49faf6b9a877:192.168.36.126:33810], old=null
2019-09-25 05:32:56,519 [07d2a3d4-a08d-4ff2-9fee-7694a26bc9e9@group-FABB21EF17C7:LeaderElection346] INFO  impl.LeaderElection (LogUtils.java:infoOrTrace(149)) -   Exception 0: {}
java.util.concurrent.ExecutionException: org.apache.ratis.thirdparty.io.grpc.StatusRuntimeException: UNAVAILABLE: io exception
	at java.util.concurrent.FutureTask.report(FutureTask.java:122)
	at java.util.concurrent.FutureTask.get(FutureTask.java:192)
	at org.apache.ratis.server.impl.LeaderElection.waitForResults(LeaderElection.java:263)
	at org.apache.ratis.server.impl.LeaderElection.askForVotes(LeaderElection.java:201)
	at org.apache.ratis.server.impl.LeaderElection.run(LeaderElection.java:133)
	at java.lang.Thread.run(Thread.java:748)
Caused by: org.apache.ratis.thirdparty.io.grpc.StatusRuntimeException: UNAVAILABLE: io exception
	at org.apache.ratis.thirdparty.io.grpc.stub.ClientCalls.toStatusRuntimeException(ClientCalls.java:233)
	at org.apache.ratis.thirdparty.io.grpc.stub.ClientCalls.getUnchecked(ClientCalls.java:214)
	at org.apache.ratis.thirdparty.io.grpc.stub.ClientCalls.blockingUnaryCall(ClientCalls.java:139)
	at org.apache.ratis.proto.grpc.RaftServerProtocolServiceGrpc$RaftServerProtocolServiceBlockingStub.requestVote(RaftServerProtocolServiceGrpc.java:265)
	at org.apache.ratis.grpc.server.GrpcServerProtocolClient.requestVote(GrpcServerProtocolClient.java:90)
	at org.apache.ratis.grpc.server.GrpcService.requestVote(GrpcService.java:204)
	at org.apache.ratis.server.impl.LeaderElection.lambda$submitRequests$1(LeaderElection.java:238)
	at java.util.concurrent.FutureTask.run(FutureTask.java:266)
	at java.util.concurrent.Executors$RunnableAdapter.call(Executors.java:511)
	at java.util.concurrent.FutureTask.run(FutureTask.java:266)
	at java.util.concurrent.ThreadPoolExecutor.runWorker(ThreadPoolExecutor.java:1149)
	at java.util.concurrent.ThreadPoolExecutor$Worker.run(ThreadPoolExecutor.java:624)
	... 1 more
Caused by: org.apache.ratis.thirdparty.io.netty.channel.AbstractChannel$AnnotatedConnectException: Connection refused: /192.168.36.126:33516
	at sun.nio.ch.SocketChannelImpl.checkConnect(Native Method)
	at sun.nio.ch.SocketChannelImpl.finishConnect(SocketChannelImpl.java:717)
	at org.apache.ratis.thirdparty.io.netty.channel.socket.nio.NioSocketChannel.doFinishConnect(NioSocketChannel.java:327)
	at org.apache.ratis.thirdparty.io.netty.channel.nio.AbstractNioChannel$AbstractNioUnsafe.finishConnect(AbstractNioChannel.java:340)
	at org.apache.ratis.thirdparty.io.netty.channel.nio.NioEventLoop.processSelectedKey(NioEventLoop.java:632)
	at org.apache.ratis.thirdparty.io.netty.channel.nio.NioEventLoop.processSelectedKeysOptimized(NioEventLoop.java:579)
	at org.apache.ratis.thirdparty.io.netty.channel.nio.NioEventLoop.processSelectedKeys(NioEventLoop.java:496)
	at org.apache.ratis.thirdparty.io.netty.channel.nio.NioEventLoop.run(NioEventLoop.java:458)
	at org.apache.ratis.thirdparty.io.netty.util.concurrent.SingleThreadEventExecutor$5.run(SingleThreadEventExecutor.java:897)
	at org.apache.ratis.thirdparty.io.netty.util.concurrent.FastThreadLocalRunnable.run(FastThreadLocalRunnable.java:30)
	... 1 more
Caused by: java.net.ConnectException: Connection refused
	... 11 more
2019-09-25 05:32:56,519 [07d2a3d4-a08d-4ff2-9fee-7694a26bc9e9@group-FABB21EF17C7:LeaderElection346] INFO  impl.LeaderElection (LogUtils.java:infoOrTrace(149)) -   Exception 1: {}
java.util.concurrent.ExecutionException: org.apache.ratis.thirdparty.io.grpc.StatusRuntimeException: UNAVAILABLE: io exception
	at java.util.concurrent.FutureTask.report(FutureTask.java:122)
	at java.util.concurrent.FutureTask.get(FutureTask.java:192)
	at org.apache.ratis.server.impl.LeaderElection.waitForResults(LeaderElection.java:263)
	at org.apache.ratis.server.impl.LeaderElection.askForVotes(LeaderElection.java:201)
	at org.apache.ratis.server.impl.LeaderElection.run(LeaderElection.java:133)
	at java.lang.Thread.run(Thread.java:748)
Caused by: org.apache.ratis.thirdparty.io.grpc.StatusRuntimeException: UNAVAILABLE: io exception
	at org.apache.ratis.thirdparty.io.grpc.stub.ClientCalls.toStatusRuntimeException(ClientCalls.java:233)
	at org.apache.ratis.thirdparty.io.grpc.stub.ClientCalls.getUnchecked(ClientCalls.java:214)
	at org.apache.ratis.thirdparty.io.grpc.stub.ClientCalls.blockingUnaryCall(ClientCalls.java:139)
	at org.apache.ratis.proto.grpc.RaftServerProtocolServiceGrpc$RaftServerProtocolServiceBlockingStub.requestVote(RaftServerProtocolServiceGrpc.java:265)
	at org.apache.ratis.grpc.server.GrpcServerProtocolClient.requestVote(GrpcServerProtocolClient.java:90)
	at org.apache.ratis.grpc.server.GrpcService.requestVote(GrpcService.java:204)
	at org.apache.ratis.server.impl.LeaderElection.lambda$submitRequests$1(LeaderElection.java:238)
	at java.util.concurrent.FutureTask.run(FutureTask.java:266)
	at java.util.concurrent.Executors$RunnableAdapter.call(Executors.java:511)
	at java.util.concurrent.FutureTask.run(FutureTask.java:266)
	at java.util.concurrent.ThreadPoolExecutor.runWorker(ThreadPoolExecutor.java:1149)
	at java.util.concurrent.ThreadPoolExecutor$Worker.run(ThreadPoolExecutor.java:624)
	... 1 more
Caused by: org.apache.ratis.thirdparty.io.netty.channel.AbstractChannel$AnnotatedConnectException: Connection refused: /192.168.36.126:33810
	at sun.nio.ch.SocketChannelImpl.checkConnect(Native Method)
	at sun.nio.ch.SocketChannelImpl.finishConnect(SocketChannelImpl.java:717)
	at org.apache.ratis.thirdparty.io.netty.channel.socket.nio.NioSocketChannel.doFinishConnect(NioSocketChannel.java:327)
	at org.apache.ratis.thirdparty.io.netty.channel.nio.AbstractNioChannel$AbstractNioUnsafe.finishConnect(AbstractNioChannel.java:340)
	at org.apache.ratis.thirdparty.io.netty.channel.nio.NioEventLoop.processSelectedKey(NioEventLoop.java:632)
	at org.apache.ratis.thirdparty.io.netty.channel.nio.NioEventLoop.processSelectedKeysOptimized(NioEventLoop.java:579)
	at org.apache.ratis.thirdparty.io.netty.channel.nio.NioEventLoop.processSelectedKeys(NioEventLoop.java:496)
	at org.apache.ratis.thirdparty.io.netty.channel.nio.NioEventLoop.run(NioEventLoop.java:458)
	at org.apache.ratis.thirdparty.io.netty.util.concurrent.SingleThreadEventExecutor$5.run(SingleThreadEventExecutor.java:897)
	at org.apache.ratis.thirdparty.io.netty.util.concurrent.FastThreadLocalRunnable.run(FastThreadLocalRunnable.java:30)
	... 1 more
Caused by: java.net.ConnectException: Connection refused
	... 11 more
2019-09-25 05:32:56,518 [74c765d4-ecbc-4161-b0d3-3f71a54c17e6@group-37D53FCFBDA2:LeaderElection347] INFO  impl.RoleInfo (RoleInfo.java:shutdownLeaderElection(134)) - 74c765d4-ecbc-4161-b0d3-3f71a54c17e6: shutdown LeaderElection
2019-09-25 05:32:56,518 [07d2a3d4-a08d-4ff2-9fee-7694a26bc9e9@group-8EE3C38B4941:LeaderElection348] INFO  impl.LeaderElection (LogUtils.java:infoOrTrace(149)) -   Exception 0: {}
java.util.concurrent.ExecutionException: org.apache.ratis.thirdparty.io.grpc.StatusRuntimeException: UNAVAILABLE: io exception
	at java.util.concurrent.FutureTask.report(FutureTask.java:122)
	at java.util.concurrent.FutureTask.get(FutureTask.java:192)
	at org.apache.ratis.server.impl.LeaderElection.waitForResults(LeaderElection.java:263)
	at org.apache.ratis.server.impl.LeaderElection.askForVotes(LeaderElection.java:201)
	at org.apache.ratis.server.impl.LeaderElection.run(LeaderElection.java:133)
	at java.lang.Thread.run(Thread.java:748)
Caused by: org.apache.ratis.thirdparty.io.grpc.StatusRuntimeException: UNAVAILABLE: io exception
	at org.apache.ratis.thirdparty.io.grpc.stub.ClientCalls.toStatusRuntimeException(ClientCalls.java:233)
	at org.apache.ratis.thirdparty.io.grpc.stub.ClientCalls.getUnchecked(ClientCalls.java:214)
	at org.apache.ratis.thirdparty.io.grpc.stub.ClientCalls.blockingUnaryCall(ClientCalls.java:139)
	at org.apache.ratis.proto.grpc.RaftServerProtocolServiceGrpc$RaftServerProtocolServiceBlockingStub.requestVote(RaftServerProtocolServiceGrpc.java:265)
	at org.apache.ratis.grpc.server.GrpcServerProtocolClient.requestVote(GrpcServerProtocolClient.java:90)
	at org.apache.ratis.grpc.server.GrpcService.requestVote(GrpcService.java:204)
	at org.apache.ratis.server.impl.LeaderElection.lambda$submitRequests$1(LeaderElection.java:238)
	at java.util.concurrent.FutureTask.run(FutureTask.java:266)
	at java.util.concurrent.Executors$RunnableAdapter.call(Executors.java:511)
	at java.util.concurrent.FutureTask.run(FutureTask.java:266)
	at java.util.concurrent.ThreadPoolExecutor.runWorker(ThreadPoolExecutor.java:1149)
	at java.util.concurrent.ThreadPoolExecutor$Worker.run(ThreadPoolExecutor.java:624)
	... 1 more
Caused by: org.apache.ratis.thirdparty.io.netty.channel.AbstractChannel$AnnotatedConnectException: Connection refused: /192.168.36.126:33516
	at sun.nio.ch.SocketChannelImpl.checkConnect(Native Method)
	at sun.nio.ch.SocketChannelImpl.finishConnect(SocketChannelImpl.java:717)
	at org.apache.ratis.thirdparty.io.netty.channel.socket.nio.NioSocketChannel.doFinishConnect(NioSocketChannel.java:327)
	at org.apache.ratis.thirdparty.io.netty.channel.nio.AbstractNioChannel$AbstractNioUnsafe.finishConnect(AbstractNioChannel.java:340)
	at org.apache.ratis.thirdparty.io.netty.channel.nio.NioEventLoop.processSelectedKey(NioEventLoop.java:632)
	at org.apache.ratis.thirdparty.io.netty.channel.nio.NioEventLoop.processSelectedKeysOptimized(NioEventLoop.java:579)
	at org.apache.ratis.thirdparty.io.netty.channel.nio.NioEventLoop.processSelectedKeys(NioEventLoop.java:496)
	at org.apache.ratis.thirdparty.io.netty.channel.nio.NioEventLoop.run(NioEventLoop.java:458)
	at org.apache.ratis.thirdparty.io.netty.util.concurrent.SingleThreadEventExecutor$5.run(SingleThreadEventExecutor.java:897)
	at org.apache.ratis.thirdparty.io.netty.util.concurrent.FastThreadLocalRunnable.run(FastThreadLocalRunnable.java:30)
	... 1 more
Caused by: java.net.ConnectException: Connection refused
	... 11 more
2019-09-25 05:32:56,520 [07d2a3d4-a08d-4ff2-9fee-7694a26bc9e9@group-8EE3C38B4941:LeaderElection348] INFO  impl.LeaderElection (LogUtils.java:infoOrTrace(149)) -   Exception 1: {}
java.util.concurrent.ExecutionException: org.apache.ratis.thirdparty.io.grpc.StatusRuntimeException: UNAVAILABLE: io exception
	at java.util.concurrent.FutureTask.report(FutureTask.java:122)
	at java.util.concurrent.FutureTask.get(FutureTask.java:192)
	at org.apache.ratis.server.impl.LeaderElection.waitForResults(LeaderElection.java:263)
	at org.apache.ratis.server.impl.LeaderElection.askForVotes(LeaderElection.java:201)
	at org.apache.ratis.server.impl.LeaderElection.run(LeaderElection.java:133)
	at java.lang.Thread.run(Thread.java:748)
Caused by: org.apache.ratis.thirdparty.io.grpc.StatusRuntimeException: UNAVAILABLE: io exception
	at org.apache.ratis.thirdparty.io.grpc.stub.ClientCalls.toStatusRuntimeException(ClientCalls.java:233)
	at org.apache.ratis.thirdparty.io.grpc.stub.ClientCalls.getUnchecked(ClientCalls.java:214)
	at org.apache.ratis.thirdparty.io.grpc.stub.ClientCalls.blockingUnaryCall(ClientCalls.java:139)
	at org.apache.ratis.proto.grpc.RaftServerProtocolServiceGrpc$RaftServerProtocolServiceBlockingStub.requestVote(RaftServerProtocolServiceGrpc.java:265)
	at org.apache.ratis.grpc.server.GrpcServerProtocolClient.requestVote(GrpcServerProtocolClient.java:90)
	at org.apache.ratis.grpc.server.GrpcService.requestVote(GrpcService.java:204)
	at org.apache.ratis.server.impl.LeaderElection.lambda$submitRequests$1(LeaderElection.java:238)
	at java.util.concurrent.FutureTask.run(FutureTask.java:266)
	at java.util.concurrent.Executors$RunnableAdapter.call(Executors.java:511)
	at java.util.concurrent.FutureTask.run(FutureTask.java:266)
	at java.util.concurrent.ThreadPoolExecutor.runWorker(ThreadPoolExecutor.java:1149)
	at java.util.concurrent.ThreadPoolExecutor$Worker.run(ThreadPoolExecutor.java:624)
	... 1 more
Caused by: org.apache.ratis.thirdparty.io.netty.channel.AbstractChannel$AnnotatedConnectException: Connection refused: /192.168.36.126:33810
	at sun.nio.ch.SocketChannelImpl.checkConnect(Native Method)
	at sun.nio.ch.SocketChannelImpl.finishConnect(SocketChannelImpl.java:717)
	at org.apache.ratis.thirdparty.io.netty.channel.socket.nio.NioSocketChannel.doFinishConnect(NioSocketChannel.java:327)
	at org.apache.ratis.thirdparty.io.netty.channel.nio.AbstractNioChannel$AbstractNioUnsafe.finishConnect(AbstractNioChannel.java:340)
	at org.apache.ratis.thirdparty.io.netty.channel.nio.NioEventLoop.processSelectedKey(NioEventLoop.java:632)
	at org.apache.ratis.thirdparty.io.netty.channel.nio.NioEventLoop.processSelectedKeysOptimized(NioEventLoop.java:579)
	at org.apache.ratis.thirdparty.io.netty.channel.nio.NioEventLoop.processSelectedKeys(NioEventLoop.java:496)
	at org.apache.ratis.thirdparty.io.netty.channel.nio.NioEventLoop.run(NioEventLoop.java:458)
	at org.apache.ratis.thirdparty.io.netty.util.concurrent.SingleThreadEventExecutor$5.run(SingleThreadEventExecutor.java:897)
	at org.apache.ratis.thirdparty.io.netty.util.concurrent.FastThreadLocalRunnable.run(FastThreadLocalRunnable.java:30)
	... 1 more
Caused by: java.net.ConnectException: Connection refused
	... 11 more
2019-09-25 05:32:56,520 [74c765d4-ecbc-4161-b0d3-3f71a54c17e6@group-37D53FCFBDA2:LeaderElection347] INFO  impl.RoleInfo (RoleInfo.java:updateAndGet(143)) - 74c765d4-ecbc-4161-b0d3-3f71a54c17e6: start FollowerState
2019-09-25 05:32:56,519 [07d2a3d4-a08d-4ff2-9fee-7694a26bc9e9@group-FABB21EF17C7:LeaderElection346] INFO  impl.RaftServerImpl (RaftServerImpl.java:setRole(174)) - 07d2a3d4-a08d-4ff2-9fee-7694a26bc9e9@group-FABB21EF17C7: changes role from CANDIDATE to FOLLOWER at term 14 for DISCOVERED_A_NEW_TERM
2019-09-25 05:32:56,520 [07d2a3d4-a08d-4ff2-9fee-7694a26bc9e9@group-8EE3C38B4941:LeaderElection348] INFO  impl.RaftServerImpl (RaftServerImpl.java:setRole(174)) - 07d2a3d4-a08d-4ff2-9fee-7694a26bc9e9@group-8EE3C38B4941: changes role from CANDIDATE to FOLLOWER at term 14 for DISCOVERED_A_NEW_TERM
2019-09-25 05:32:56,521 [07d2a3d4-a08d-4ff2-9fee-7694a26bc9e9@group-FABB21EF17C7:LeaderElection346] INFO  impl.RoleInfo (RoleInfo.java:shutdownLeaderElection(134)) - 07d2a3d4-a08d-4ff2-9fee-7694a26bc9e9: shutdown LeaderElection
2019-09-25 05:32:56,521 [07d2a3d4-a08d-4ff2-9fee-7694a26bc9e9@group-8EE3C38B4941:LeaderElection348] INFO  impl.RoleInfo (RoleInfo.java:shutdownLeaderElection(134)) - 07d2a3d4-a08d-4ff2-9fee-7694a26bc9e9: shutdown LeaderElection
2019-09-25 05:32:56,521 [07d2a3d4-a08d-4ff2-9fee-7694a26bc9e9@group-FABB21EF17C7:LeaderElection346] INFO  impl.RoleInfo (RoleInfo.java:updateAndGet(143)) - 07d2a3d4-a08d-4ff2-9fee-7694a26bc9e9: start FollowerState
2019-09-25 05:32:56,521 [07d2a3d4-a08d-4ff2-9fee-7694a26bc9e9@group-8EE3C38B4941:LeaderElection348] INFO  impl.RoleInfo (RoleInfo.java:updateAndGet(143)) - 07d2a3d4-a08d-4ff2-9fee-7694a26bc9e9: start FollowerState
2019-09-25 05:32:57,379 [main] INFO  ozoneimpl.OzoneContainer (OzoneContainer.java:stop(231)) - Attempting to stop container services.
2019-09-25 05:32:57,379 [main] INFO  impl.RaftServerProxy (RaftServerProxy.java:lambda$close$4(314)) - 07d2a3d4-a08d-4ff2-9fee-7694a26bc9e9: close
2019-09-25 05:32:57,380 [main] INFO  impl.RaftServerImpl (RaftServerImpl.java:lambda$shutdown$3(251)) - 07d2a3d4-a08d-4ff2-9fee-7694a26bc9e9@group-8EE3C38B4941: shutdown
2019-09-25 05:32:57,380 [main] INFO  util.JmxRegister (JmxRegister.java:unregister(73)) - Successfully un-registered JMX Bean with object name Ratis:service=RaftServer,group=group-8EE3C38B4941,id=07d2a3d4-a08d-4ff2-9fee-7694a26bc9e9
2019-09-25 05:32:57,380 [main] INFO  impl.RoleInfo (RoleInfo.java:shutdownFollowerState(121)) - 07d2a3d4-a08d-4ff2-9fee-7694a26bc9e9: shutdown FollowerState
2019-09-25 05:32:57,381 [main] INFO  impl.StateMachineUpdater (StateMachineUpdater.java:stopAndJoin(125)) - 07d2a3d4-a08d-4ff2-9fee-7694a26bc9e9@group-8EE3C38B4941-StateMachineUpdater: set stopIndex = -1
2019-09-25 05:32:57,381 [Thread-2137] INFO  impl.FollowerState (FollowerState.java:run(115)) - 07d2a3d4-a08d-4ff2-9fee-7694a26bc9e9: FollowerState was interrupted: java.lang.InterruptedException: sleep interrupted
2019-09-25 05:32:57,381 [main] INFO  impl.RaftServerImpl (ServerState.java:close(385)) - 07d2a3d4-a08d-4ff2-9fee-7694a26bc9e9@group-8EE3C38B4941: closes. applyIndex: -1
2019-09-25 05:32:57,381 [07d2a3d4-a08d-4ff2-9fee-7694a26bc9e9@group-8EE3C38B4941-SegmentedRaftLogWorker] INFO  segmented.SegmentedRaftLogWorker (SegmentedRaftLogWorker.java:run(313)) - 07d2a3d4-a08d-4ff2-9fee-7694a26bc9e9@group-8EE3C38B4941-SegmentedRaftLogWorker was interrupted, exiting. There are 0 tasks remaining in the queue.
2019-09-25 05:32:57,381 [main] INFO  segmented.SegmentedRaftLogWorker (SegmentedRaftLogWorker.java:close(228)) - 07d2a3d4-a08d-4ff2-9fee-7694a26bc9e9@group-8EE3C38B4941-SegmentedRaftLogWorker close()
2019-09-25 05:32:57,384 [main] INFO  impl.RaftServerImpl (RaftServerImpl.java:lambda$shutdown$3(251)) - 07d2a3d4-a08d-4ff2-9fee-7694a26bc9e9@group-FABB21EF17C7: shutdown
2019-09-25 05:32:57,385 [main] INFO  util.JmxRegister (JmxRegister.java:unregister(73)) - Successfully un-registered JMX Bean with object name Ratis:service=RaftServer,group=group-FABB21EF17C7,id=07d2a3d4-a08d-4ff2-9fee-7694a26bc9e9
2019-09-25 05:32:57,385 [main] INFO  impl.RoleInfo (RoleInfo.java:shutdownFollowerState(121)) - 07d2a3d4-a08d-4ff2-9fee-7694a26bc9e9: shutdown FollowerState
2019-09-25 05:32:57,385 [main] INFO  impl.StateMachineUpdater (StateMachineUpdater.java:stopAndJoin(125)) - 07d2a3d4-a08d-4ff2-9fee-7694a26bc9e9@group-FABB21EF17C7-StateMachineUpdater: set stopIndex = -1
2019-09-25 05:32:57,385 [Thread-2136] INFO  impl.FollowerState (FollowerState.java:run(115)) - 07d2a3d4-a08d-4ff2-9fee-7694a26bc9e9: FollowerState was interrupted: java.lang.InterruptedException: sleep interrupted
2019-09-25 05:32:57,385 [main] INFO  impl.RaftServerImpl (ServerState.java:close(385)) - 07d2a3d4-a08d-4ff2-9fee-7694a26bc9e9@group-FABB21EF17C7: closes. applyIndex: -1
2019-09-25 05:32:57,386 [ForkJoinPool.commonPool-worker-1] INFO  ozoneimpl.OzoneContainer (OzoneContainer.java:stop(231)) - Attempting to stop container services.
2019-09-25 05:32:57,386 [07d2a3d4-a08d-4ff2-9fee-7694a26bc9e9@group-FABB21EF17C7-SegmentedRaftLogWorker] INFO  segmented.SegmentedRaftLogWorker (SegmentedRaftLogWorker.java:run(313)) - 07d2a3d4-a08d-4ff2-9fee-7694a26bc9e9@group-FABB21EF17C7-SegmentedRaftLogWorker was interrupted, exiting. There are 0 tasks remaining in the queue.
2019-09-25 05:32:57,386 [main] INFO  segmented.SegmentedRaftLogWorker (SegmentedRaftLogWorker.java:close(228)) - 07d2a3d4-a08d-4ff2-9fee-7694a26bc9e9@group-FABB21EF17C7-SegmentedRaftLogWorker close()
2019-09-25 05:32:57,386 [ForkJoinPool.commonPool-worker-1] INFO  impl.RaftServerProxy (RaftServerProxy.java:lambda$close$4(314)) - 6e6c9191-5fdc-46cc-a3da-68b55b7be5a5: close
2019-09-25 05:32:57,388 [main] INFO  impl.RaftServerImpl (RaftServerImpl.java:lambda$shutdown$3(251)) - 07d2a3d4-a08d-4ff2-9fee-7694a26bc9e9@group-19CC27109C97: shutdown
2019-09-25 05:32:57,388 [ForkJoinPool.commonPool-worker-1] INFO  impl.RaftServerImpl (RaftServerImpl.java:lambda$shutdown$3(251)) - 6e6c9191-5fdc-46cc-a3da-68b55b7be5a5@group-06AEE3B7E212: shutdown
2019-09-25 05:32:57,388 [main] INFO  util.JmxRegister (JmxRegister.java:unregister(73)) - Successfully un-registered JMX Bean with object name Ratis:service=RaftServer,group=group-19CC27109C97,id=07d2a3d4-a08d-4ff2-9fee-7694a26bc9e9
2019-09-25 05:32:57,389 [ForkJoinPool.commonPool-worker-1] INFO  util.JmxRegister (JmxRegister.java:unregister(73)) - Successfully un-registered JMX Bean with object name Ratis:service=RaftServer,group=group-06AEE3B7E212,id=6e6c9191-5fdc-46cc-a3da-68b55b7be5a5
2019-09-25 05:32:57,389 [main] INFO  impl.RoleInfo (RoleInfo.java:shutdownFollowerState(121)) - 07d2a3d4-a08d-4ff2-9fee-7694a26bc9e9: shutdown FollowerState
2019-09-25 05:32:57,389 [ForkJoinPool.commonPool-worker-1] INFO  impl.RoleInfo (RoleInfo.java:shutdownLeaderState(104)) - 6e6c9191-5fdc-46cc-a3da-68b55b7be5a5: shutdown LeaderState
2019-09-25 05:32:57,389 [Thread-2134] INFO  impl.FollowerState (FollowerState.java:run(115)) - 07d2a3d4-a08d-4ff2-9fee-7694a26bc9e9: FollowerState was interrupted: java.lang.InterruptedException: sleep interrupted
2019-09-25 05:32:57,389 [main] INFO  impl.StateMachineUpdater (StateMachineUpdater.java:stopAndJoin(125)) - 07d2a3d4-a08d-4ff2-9fee-7694a26bc9e9@group-19CC27109C97-StateMachineUpdater: set stopIndex = -1
2019-09-25 05:32:57,390 [main] INFO  impl.RaftServerImpl (ServerState.java:close(385)) - 07d2a3d4-a08d-4ff2-9fee-7694a26bc9e9@group-19CC27109C97: closes. applyIndex: -1
2019-09-25 05:32:57,389 [ForkJoinPool.commonPool-worker-1] INFO  impl.PendingRequests (PendingRequests.java:sendNotLeaderResponses(202)) - 6e6c9191-5fdc-46cc-a3da-68b55b7be5a5-PendingRequests: sendNotLeaderResponses
2019-09-25 05:32:57,390 [07d2a3d4-a08d-4ff2-9fee-7694a26bc9e9@group-19CC27109C97-SegmentedRaftLogWorker] INFO  segmented.SegmentedRaftLogWorker (SegmentedRaftLogWorker.java:run(313)) - 07d2a3d4-a08d-4ff2-9fee-7694a26bc9e9@group-19CC27109C97-SegmentedRaftLogWorker was interrupted, exiting. There are 0 tasks remaining in the queue.
2019-09-25 05:32:57,390 [ForkJoinPool.commonPool-worker-1] INFO  impl.StateMachineUpdater (StateMachineUpdater.java:stopAndJoin(125)) - 6e6c9191-5fdc-46cc-a3da-68b55b7be5a5@group-06AEE3B7E212-StateMachineUpdater: set stopIndex = 0
2019-09-25 05:32:57,390 [main] INFO  segmented.SegmentedRaftLogWorker (SegmentedRaftLogWorker.java:close(228)) - 07d2a3d4-a08d-4ff2-9fee-7694a26bc9e9@group-19CC27109C97-SegmentedRaftLogWorker close()
2019-09-25 05:32:57,391 [ForkJoinPool.commonPool-worker-1] INFO  impl.RaftServerImpl (ServerState.java:close(385)) - 6e6c9191-5fdc-46cc-a3da-68b55b7be5a5@group-06AEE3B7E212: closes. applyIndex: 0
2019-09-25 05:32:57,393 [main] INFO  server.GrpcService (GrpcService.java:closeImpl(164)) - 07d2a3d4-a08d-4ff2-9fee-7694a26bc9e9: shutdown server with port 42527 now
2019-09-25 05:32:57,393 [6e6c9191-5fdc-46cc-a3da-68b55b7be5a5@group-06AEE3B7E212-SegmentedRaftLogWorker] INFO  segmented.SegmentedRaftLogWorker (SegmentedRaftLogWorker.java:run(313)) - 6e6c9191-5fdc-46cc-a3da-68b55b7be5a5@group-06AEE3B7E212-SegmentedRaftLogWorker was interrupted, exiting. There are 0 tasks remaining in the queue.
2019-09-25 05:32:57,395 [ForkJoinPool.commonPool-worker-1] INFO  segmented.SegmentedRaftLogWorker (SegmentedRaftLogWorker.java:close(228)) - 6e6c9191-5fdc-46cc-a3da-68b55b7be5a5@group-06AEE3B7E212-SegmentedRaftLogWorker close()
2019-09-25 05:32:57,396 [main] INFO  server.GrpcService (GrpcService.java:closeImpl(172)) - 07d2a3d4-a08d-4ff2-9fee-7694a26bc9e9: shutdown server with port 42527 successfully
2019-09-25 05:32:57,398 [ForkJoinPool.commonPool-worker-1] INFO  server.GrpcService (GrpcService.java:closeImpl(164)) - 6e6c9191-5fdc-46cc-a3da-68b55b7be5a5: shutdown server with port 41245 now
2019-09-25 05:32:57,400 [ForkJoinPool.commonPool-worker-1] INFO  server.GrpcService (GrpcService.java:closeImpl(172)) - 6e6c9191-5fdc-46cc-a3da-68b55b7be5a5: shutdown server with port 41245 successfully
2019-09-25 05:32:57,402 [refreshUsed-/workdir/hadoop-ozone/integration-test/target/test-dir/MiniOzoneClusterImpl-c3eb0697-53d0-4f00-8b35-781957cf75c5/datanode-9/data/containers] WARN  fs.CachingGetSpaceUsed (CachingGetSpaceUsed.java:run(183)) - Thread Interrupted waiting to refresh disk information: sleep interrupted
2019-09-25 05:32:57,404 [refreshUsed-/workdir/hadoop-ozone/integration-test/target/test-dir/MiniOzoneClusterImpl-c3eb0697-53d0-4f00-8b35-781957cf75c5/datanode-0/data/containers] WARN  fs.CachingGetSpaceUsed (CachingGetSpaceUsed.java:run(183)) - Thread Interrupted waiting to refresh disk information: sleep interrupted
2019-09-25 05:32:57,419 [main] INFO  utils.BackgroundService (BackgroundService.java:shutdown(148)) - Shutting down service BlockDeletingService
2019-09-25 05:32:57,419 [ForkJoinPool.commonPool-worker-1] INFO  utils.BackgroundService (BackgroundService.java:shutdown(148)) - Shutting down service BlockDeletingService
2019-09-25 05:32:57,428 [main] INFO  statemachine.DatanodeStateMachine (DatanodeStateMachine.java:stopDaemon(395)) - Ozone container server stopped.
2019-09-25 05:32:57,430 [ForkJoinPool.commonPool-worker-1] INFO  statemachine.DatanodeStateMachine (DatanodeStateMachine.java:stopDaemon(395)) - Ozone container server stopped.
2019-09-25 05:32:57,433 [main] INFO  handler.ContextHandler (ContextHandler.java:doStop(910)) - Stopped o.e.j.w.WebAppContext@54336976{/,null,UNAVAILABLE}{/hddsDatanode}
2019-09-25 05:32:57,433 [ForkJoinPool.commonPool-worker-1] INFO  handler.ContextHandler (ContextHandler.java:doStop(910)) - Stopped o.e.j.w.WebAppContext@6a1ef65c{/,null,UNAVAILABLE}{/hddsDatanode}
2019-09-25 05:32:57,434 [main] INFO  server.AbstractConnector (AbstractConnector.java:doStop(318)) - Stopped ServerConnector@f25f48a{HTTP/1.1,[http/1.1]}{0.0.0.0:0}
2019-09-25 05:32:57,434 [ForkJoinPool.commonPool-worker-1] INFO  server.AbstractConnector (AbstractConnector.java:doStop(318)) - Stopped ServerConnector@72976b4{HTTP/1.1,[http/1.1]}{0.0.0.0:0}
2019-09-25 05:32:57,434 [main] INFO  handler.ContextHandler (ContextHandler.java:doStop(910)) - Stopped o.e.j.s.ServletContextHandler@7d528cf7{/static,jar:file:/home/user/.m2/repository/org/apache/hadoop/hadoop-hdds-container-service/0.5.0-SNAPSHOT/hadoop-hdds-container-service-0.5.0-SNAPSHOT.jar!/webapps/static,UNAVAILABLE}
2019-09-25 05:32:57,434 [ForkJoinPool.commonPool-worker-1] INFO  handler.ContextHandler (ContextHandler.java:doStop(910)) - Stopped o.e.j.s.ServletContextHandler@4f654cee{/static,jar:file:/home/user/.m2/repository/org/apache/hadoop/hadoop-hdds-container-service/0.5.0-SNAPSHOT/hadoop-hdds-container-service-0.5.0-SNAPSHOT.jar!/webapps/static,UNAVAILABLE}
2019-09-25 05:32:57,434 [main] INFO  handler.ContextHandler (ContextHandler.java:doStop(910)) - Stopped o.e.j.s.ServletContextHandler@5fcd1c5f{/logs,file:///workdir/hadoop-ozone/integration-test/target/log,UNAVAILABLE}
2019-09-25 05:32:57,434 [ForkJoinPool.commonPool-worker-1] INFO  handler.ContextHandler (ContextHandler.java:doStop(910)) - Stopped o.e.j.s.ServletContextHandler@1665fa54{/logs,file:///workdir/hadoop-ozone/integration-test/target/log,UNAVAILABLE}
2019-09-25 05:32:57,654 [Thread-2135] INFO  impl.FollowerState (FollowerState.java:run(106)) - 74c765d4-ecbc-4161-b0d3-3f71a54c17e6:group-37D53FCFBDA2 changes to CANDIDATE, lastRpcTime:1134, electionTimeout:1133ms
2019-09-25 05:32:57,654 [Thread-2135] INFO  impl.RoleInfo (RoleInfo.java:shutdownFollowerState(121)) - 74c765d4-ecbc-4161-b0d3-3f71a54c17e6: shutdown FollowerState
2019-09-25 05:32:57,655 [Thread-2135] INFO  impl.RaftServerImpl (RaftServerImpl.java:setRole(174)) - 74c765d4-ecbc-4161-b0d3-3f71a54c17e6@group-37D53FCFBDA2: changes role from  FOLLOWER to CANDIDATE at term 10 for changeToCandidate
2019-09-25 05:32:57,655 [Thread-2135] INFO  impl.RoleInfo (RoleInfo.java:updateAndGet(143)) - 74c765d4-ecbc-4161-b0d3-3f71a54c17e6: start LeaderElection
2019-09-25 05:32:57,660 [Datanode State Machine Thread - 0] INFO  statemachine.DatanodeStateMachine (DatanodeStateMachine.java:lambda$startDaemon$0(350)) - Ozone container server started.
2019-09-25 05:32:58,178 [Datanode State Machine Thread - 0] INFO  statemachine.DatanodeStateMachine (DatanodeStateMachine.java:lambda$startDaemon$0(350)) - Ozone container server started.
2019-09-25 05:32:58,289 [74c765d4-ecbc-4161-b0d3-3f71a54c17e6@group-37D53FCFBDA2:LeaderElection350] INFO  impl.LeaderElection (LeaderElection.java:askForVotes(182)) - 74c765d4-ecbc-4161-b0d3-3f71a54c17e6@group-37D53FCFBDA2:LeaderElection350: begin an election at term 11 for -1: [e40b1169-82c6-4268-9b48-d611605c3b5d:192.168.36.126:46360, 74c765d4-ecbc-4161-b0d3-3f71a54c17e6:192.168.36.126:46193, 8ffa0edf-3bee-4748-91ab-c75ab538701e:192.168.36.126:35863], old=null
2019-09-25 05:32:58,291 [74c765d4-ecbc-4161-b0d3-3f71a54c17e6@group-37D53FCFBDA2:LeaderElection350] INFO  impl.LeaderElection (LogUtils.java:infoOrTrace(149)) - 74c765d4-ecbc-4161-b0d3-3f71a54c17e6@group-37D53FCFBDA2:LeaderElection350 got exception when requesting votes: {}
java.util.concurrent.ExecutionException: org.apache.ratis.thirdparty.io.grpc.StatusRuntimeException: UNAVAILABLE: io exception
	at java.util.concurrent.FutureTask.report(FutureTask.java:122)
	at java.util.concurrent.FutureTask.get(FutureTask.java:192)
	at org.apache.ratis.server.impl.LeaderElection.waitForResults(LeaderElection.java:263)
	at org.apache.ratis.server.impl.LeaderElection.askForVotes(LeaderElection.java:201)
	at org.apache.ratis.server.impl.LeaderElection.run(LeaderElection.java:133)
	at java.lang.Thread.run(Thread.java:748)
Caused by: org.apache.ratis.thirdparty.io.grpc.StatusRuntimeException: UNAVAILABLE: io exception
	at org.apache.ratis.thirdparty.io.grpc.stub.ClientCalls.toStatusRuntimeException(ClientCalls.java:233)
	at org.apache.ratis.thirdparty.io.grpc.stub.ClientCalls.getUnchecked(ClientCalls.java:214)
	at org.apache.ratis.thirdparty.io.grpc.stub.ClientCalls.blockingUnaryCall(ClientCalls.java:139)
	at org.apache.ratis.proto.grpc.RaftServerProtocolServiceGrpc$RaftServerProtocolServiceBlockingStub.requestVote(RaftServerProtocolServiceGrpc.java:265)
	at org.apache.ratis.grpc.server.GrpcServerProtocolClient.requestVote(GrpcServerProtocolClient.java:90)
	at org.apache.ratis.grpc.server.GrpcService.requestVote(GrpcService.java:204)
	at org.apache.ratis.server.impl.LeaderElection.lambda$submitRequests$1(LeaderElection.java:238)
	at java.util.concurrent.FutureTask.run(FutureTask.java:266)
	at java.util.concurrent.Executors$RunnableAdapter.call(Executors.java:511)
	at java.util.concurrent.FutureTask.run(FutureTask.java:266)
	at java.util.concurrent.ThreadPoolExecutor.runWorker(ThreadPoolExecutor.java:1149)
	at java.util.concurrent.ThreadPoolExecutor$Worker.run(ThreadPoolExecutor.java:624)
	... 1 more
Caused by: org.apache.ratis.thirdparty.io.netty.channel.AbstractChannel$AnnotatedConnectException: Connection refused: /192.168.36.126:46360
	at sun.nio.ch.SocketChannelImpl.checkConnect(Native Method)
	at sun.nio.ch.SocketChannelImpl.finishConnect(SocketChannelImpl.java:717)
	at org.apache.ratis.thirdparty.io.netty.channel.socket.nio.NioSocketChannel.doFinishConnect(NioSocketChannel.java:327)
	at org.apache.ratis.thirdparty.io.netty.channel.nio.AbstractNioChannel$AbstractNioUnsafe.finishConnect(AbstractNioChannel.java:340)
	at org.apache.ratis.thirdparty.io.netty.channel.nio.NioEventLoop.processSelectedKey(NioEventLoop.java:632)
	at org.apache.ratis.thirdparty.io.netty.channel.nio.NioEventLoop.processSelectedKeysOptimized(NioEventLoop.java:579)
	at org.apache.ratis.thirdparty.io.netty.channel.nio.NioEventLoop.processSelectedKeys(NioEventLoop.java:496)
	at org.apache.ratis.thirdparty.io.netty.channel.nio.NioEventLoop.run(NioEventLoop.java:458)
	at org.apache.ratis.thirdparty.io.netty.util.concurrent.SingleThreadEventExecutor$5.run(SingleThreadEventExecutor.java:897)
	at org.apache.ratis.thirdparty.io.netty.util.concurrent.FastThreadLocalRunnable.run(FastThreadLocalRunnable.java:30)
	... 1 more
Caused by: java.net.ConnectException: Connection refused
	... 11 more
2019-09-25 05:32:58,291 [74c765d4-ecbc-4161-b0d3-3f71a54c17e6@group-37D53FCFBDA2:LeaderElection350] INFO  impl.LeaderElection (LogUtils.java:infoOrTrace(149)) - 74c765d4-ecbc-4161-b0d3-3f71a54c17e6@group-37D53FCFBDA2:LeaderElection350 got exception when requesting votes: {}
java.util.concurrent.ExecutionException: org.apache.ratis.thirdparty.io.grpc.StatusRuntimeException: UNAVAILABLE: io exception
	at java.util.concurrent.FutureTask.report(FutureTask.java:122)
	at java.util.concurrent.FutureTask.get(FutureTask.java:192)
	at org.apache.ratis.server.impl.LeaderElection.waitForResults(LeaderElection.java:263)
	at org.apache.ratis.server.impl.LeaderElection.askForVotes(LeaderElection.java:201)
	at org.apache.ratis.server.impl.LeaderElection.run(LeaderElection.java:133)
	at java.lang.Thread.run(Thread.java:748)
Caused by: org.apache.ratis.thirdparty.io.grpc.StatusRuntimeException: UNAVAILABLE: io exception
	at org.apache.ratis.thirdparty.io.grpc.stub.ClientCalls.toStatusRuntimeException(ClientCalls.java:233)
	at org.apache.ratis.thirdparty.io.grpc.stub.ClientCalls.getUnchecked(ClientCalls.java:214)
	at org.apache.ratis.thirdparty.io.grpc.stub.ClientCalls.blockingUnaryCall(ClientCalls.java:139)
	at org.apache.ratis.proto.grpc.RaftServerProtocolServiceGrpc$RaftServerProtocolServiceBlockingStub.requestVote(RaftServerProtocolServiceGrpc.java:265)
	at org.apache.ratis.grpc.server.GrpcServerProtocolClient.requestVote(GrpcServerProtocolClient.java:90)
	at org.apache.ratis.grpc.server.GrpcService.requestVote(GrpcService.java:204)
	at org.apache.ratis.server.impl.LeaderElection.lambda$submitRequests$1(LeaderElection.java:238)
	at java.util.concurrent.FutureTask.run(FutureTask.java:266)
	at java.util.concurrent.Executors$RunnableAdapter.call(Executors.java:511)
	at java.util.concurrent.FutureTask.run(FutureTask.java:266)
	at java.util.concurrent.ThreadPoolExecutor.runWorker(ThreadPoolExecutor.java:1149)
	at java.util.concurrent.ThreadPoolExecutor$Worker.run(ThreadPoolExecutor.java:624)
	... 1 more
Caused by: org.apache.ratis.thirdparty.io.netty.channel.AbstractChannel$AnnotatedConnectException: Connection refused: /192.168.36.126:35863
	at sun.nio.ch.SocketChannelImpl.checkConnect(Native Method)
	at sun.nio.ch.SocketChannelImpl.finishConnect(SocketChannelImpl.java:717)
	at org.apache.ratis.thirdparty.io.netty.channel.socket.nio.NioSocketChannel.doFinishConnect(NioSocketChannel.java:327)
	at org.apache.ratis.thirdparty.io.netty.channel.nio.AbstractNioChannel$AbstractNioUnsafe.finishConnect(AbstractNioChannel.java:340)
	at org.apache.ratis.thirdparty.io.netty.channel.nio.NioEventLoop.processSelectedKey(NioEventLoop.java:632)
	at org.apache.ratis.thirdparty.io.netty.channel.nio.NioEventLoop.processSelectedKeysOptimized(NioEventLoop.java:579)
	at org.apache.ratis.thirdparty.io.netty.channel.nio.NioEventLoop.processSelectedKeys(NioEventLoop.java:496)
	at org.apache.ratis.thirdparty.io.netty.channel.nio.NioEventLoop.run(NioEventLoop.java:458)
	at org.apache.ratis.thirdparty.io.netty.util.concurrent.SingleThreadEventExecutor$5.run(SingleThreadEventExecutor.java:897)
	at org.apache.ratis.thirdparty.io.netty.util.concurrent.FastThreadLocalRunnable.run(FastThreadLocalRunnable.java:30)
	... 1 more
Caused by: java.net.ConnectException: Connection refused
	... 11 more
2019-09-25 05:32:58,292 [74c765d4-ecbc-4161-b0d3-3f71a54c17e6@group-37D53FCFBDA2:LeaderElection350] INFO  impl.LeaderElection (LeaderElection.java:logAndReturn(56)) - 74c765d4-ecbc-4161-b0d3-3f71a54c17e6@group-37D53FCFBDA2:LeaderElection350: Election REJECTED; received 0 response(s) [] and 2 exception(s); 74c765d4-ecbc-4161-b0d3-3f71a54c17e6@group-37D53FCFBDA2:t11, leader=null, voted=74c765d4-ecbc-4161-b0d3-3f71a54c17e6, raftlog=74c765d4-ecbc-4161-b0d3-3f71a54c17e6@group-37D53FCFBDA2-SegmentedRaftLog:OPENED:c-1,f-1,i0, conf=-1: [e40b1169-82c6-4268-9b48-d611605c3b5d:192.168.36.126:46360, 74c765d4-ecbc-4161-b0d3-3f71a54c17e6:192.168.36.126:46193, 8ffa0edf-3bee-4748-91ab-c75ab538701e:192.168.36.126:35863], old=null
2019-09-25 05:32:58,292 [74c765d4-ecbc-4161-b0d3-3f71a54c17e6@group-37D53FCFBDA2:LeaderElection350] INFO  impl.LeaderElection (LogUtils.java:infoOrTrace(149)) -   Exception 0: {}
java.util.concurrent.ExecutionException: org.apache.ratis.thirdparty.io.grpc.StatusRuntimeException: UNAVAILABLE: io exception
	at java.util.concurrent.FutureTask.report(FutureTask.java:122)
	at java.util.concurrent.FutureTask.get(FutureTask.java:192)
	at org.apache.ratis.server.impl.LeaderElection.waitForResults(LeaderElection.java:263)
	at org.apache.ratis.server.impl.LeaderElection.askForVotes(LeaderElection.java:201)
	at org.apache.ratis.server.impl.LeaderElection.run(LeaderElection.java:133)
	at java.lang.Thread.run(Thread.java:748)
Caused by: org.apache.ratis.thirdparty.io.grpc.StatusRuntimeException: UNAVAILABLE: io exception
	at org.apache.ratis.thirdparty.io.grpc.stub.ClientCalls.toStatusRuntimeException(ClientCalls.java:233)
	at org.apache.ratis.thirdparty.io.grpc.stub.ClientCalls.getUnchecked(ClientCalls.java:214)
	at org.apache.ratis.thirdparty.io.grpc.stub.ClientCalls.blockingUnaryCall(ClientCalls.java:139)
	at org.apache.ratis.proto.grpc.RaftServerProtocolServiceGrpc$RaftServerProtocolServiceBlockingStub.requestVote(RaftServerProtocolServiceGrpc.java:265)
	at org.apache.ratis.grpc.server.GrpcServerProtocolClient.requestVote(GrpcServerProtocolClient.java:90)
	at org.apache.ratis.grpc.server.GrpcService.requestVote(GrpcService.java:204)
	at org.apache.ratis.server.impl.LeaderElection.lambda$submitRequests$1(LeaderElection.java:238)
	at java.util.concurrent.FutureTask.run(FutureTask.java:266)
	at java.util.concurrent.Executors$RunnableAdapter.call(Executors.java:511)
	at java.util.concurrent.FutureTask.run(FutureTask.java:266)
	at java.util.concurrent.ThreadPoolExecutor.runWorker(ThreadPoolExecutor.java:1149)
	at java.util.concurrent.ThreadPoolExecutor$Worker.run(ThreadPoolExecutor.java:624)
	... 1 more
Caused by: org.apache.ratis.thirdparty.io.netty.channel.AbstractChannel$AnnotatedConnectException: Connection refused: /192.168.36.126:46360
	at sun.nio.ch.SocketChannelImpl.checkConnect(Native Method)
	at sun.nio.ch.SocketChannelImpl.finishConnect(SocketChannelImpl.java:717)
	at org.apache.ratis.thirdparty.io.netty.channel.socket.nio.NioSocketChannel.doFinishConnect(NioSocketChannel.java:327)
	at org.apache.ratis.thirdparty.io.netty.channel.nio.AbstractNioChannel$AbstractNioUnsafe.finishConnect(AbstractNioChannel.java:340)
	at org.apache.ratis.thirdparty.io.netty.channel.nio.NioEventLoop.processSelectedKey(NioEventLoop.java:632)
	at org.apache.ratis.thirdparty.io.netty.channel.nio.NioEventLoop.processSelectedKeysOptimized(NioEventLoop.java:579)
	at org.apache.ratis.thirdparty.io.netty.channel.nio.NioEventLoop.processSelectedKeys(NioEventLoop.java:496)
	at org.apache.ratis.thirdparty.io.netty.channel.nio.NioEventLoop.run(NioEventLoop.java:458)
	at org.apache.ratis.thirdparty.io.netty.util.concurrent.SingleThreadEventExecutor$5.run(SingleThreadEventExecutor.java:897)
	at org.apache.ratis.thirdparty.io.netty.util.concurrent.FastThreadLocalRunnable.run(FastThreadLocalRunnable.java:30)
	... 1 more
Caused by: java.net.ConnectException: Connection refused
	... 11 more
2019-09-25 05:32:58,292 [74c765d4-ecbc-4161-b0d3-3f71a54c17e6@group-37D53FCFBDA2:LeaderElection350] INFO  impl.LeaderElection (LogUtils.java:infoOrTrace(149)) -   Exception 1: {}
java.util.concurrent.ExecutionException: org.apache.ratis.thirdparty.io.grpc.StatusRuntimeException: UNAVAILABLE: io exception
	at java.util.concurrent.FutureTask.report(FutureTask.java:122)
	at java.util.concurrent.FutureTask.get(FutureTask.java:192)
	at org.apache.ratis.server.impl.LeaderElection.waitForResults(LeaderElection.java:263)
	at org.apache.ratis.server.impl.LeaderElection.askForVotes(LeaderElection.java:201)
	at org.apache.ratis.server.impl.LeaderElection.run(LeaderElection.java:133)
	at java.lang.Thread.run(Thread.java:748)
Caused by: org.apache.ratis.thirdparty.io.grpc.StatusRuntimeException: UNAVAILABLE: io exception
	at org.apache.ratis.thirdparty.io.grpc.stub.ClientCalls.toStatusRuntimeException(ClientCalls.java:233)
	at org.apache.ratis.thirdparty.io.grpc.stub.ClientCalls.getUnchecked(ClientCalls.java:214)
	at org.apache.ratis.thirdparty.io.grpc.stub.ClientCalls.blockingUnaryCall(ClientCalls.java:139)
	at org.apache.ratis.proto.grpc.RaftServerProtocolServiceGrpc$RaftServerProtocolServiceBlockingStub.requestVote(RaftServerProtocolServiceGrpc.java:265)
	at org.apache.ratis.grpc.server.GrpcServerProtocolClient.requestVote(GrpcServerProtocolClient.java:90)
	at org.apache.ratis.grpc.server.GrpcService.requestVote(GrpcService.java:204)
	at org.apache.ratis.server.impl.LeaderElection.lambda$submitRequests$1(LeaderElection.java:238)
	at java.util.concurrent.FutureTask.run(FutureTask.java:266)
	at java.util.concurrent.Executors$RunnableAdapter.call(Executors.java:511)
	at java.util.concurrent.FutureTask.run(FutureTask.java:266)
	at java.util.concurrent.ThreadPoolExecutor.runWorker(ThreadPoolExecutor.java:1149)
	at java.util.concurrent.ThreadPoolExecutor$Worker.run(ThreadPoolExecutor.java:624)
	... 1 more
Caused by: org.apache.ratis.thirdparty.io.netty.channel.AbstractChannel$AnnotatedConnectException: Connection refused: /192.168.36.126:35863
	at sun.nio.ch.SocketChannelImpl.checkConnect(Native Method)
	at sun.nio.ch.SocketChannelImpl.finishConnect(SocketChannelImpl.java:717)
	at org.apache.ratis.thirdparty.io.netty.channel.socket.nio.NioSocketChannel.doFinishConnect(NioSocketChannel.java:327)
	at org.apache.ratis.thirdparty.io.netty.channel.nio.AbstractNioChannel$AbstractNioUnsafe.finishConnect(AbstractNioChannel.java:340)
	at org.apache.ratis.thirdparty.io.netty.channel.nio.NioEventLoop.processSelectedKey(NioEventLoop.java:632)
	at org.apache.ratis.thirdparty.io.netty.channel.nio.NioEventLoop.processSelectedKeysOptimized(NioEventLoop.java:579)
	at org.apache.ratis.thirdparty.io.netty.channel.nio.NioEventLoop.processSelectedKeys(NioEventLoop.java:496)
	at org.apache.ratis.thirdparty.io.netty.channel.nio.NioEventLoop.run(NioEventLoop.java:458)
	at org.apache.ratis.thirdparty.io.netty.util.concurrent.SingleThreadEventExecutor$5.run(SingleThreadEventExecutor.java:897)
	at org.apache.ratis.thirdparty.io.netty.util.concurrent.FastThreadLocalRunnable.run(FastThreadLocalRunnable.java:30)
	... 1 more
Caused by: java.net.ConnectException: Connection refused
	... 11 more
2019-09-25 05:32:58,293 [74c765d4-ecbc-4161-b0d3-3f71a54c17e6@group-37D53FCFBDA2:LeaderElection350] INFO  impl.RaftServerImpl (RaftServerImpl.java:setRole(174)) - 74c765d4-ecbc-4161-b0d3-3f71a54c17e6@group-37D53FCFBDA2: changes role from CANDIDATE to FOLLOWER at term 11 for DISCOVERED_A_NEW_TERM
2019-09-25 05:32:58,293 [74c765d4-ecbc-4161-b0d3-3f71a54c17e6@group-37D53FCFBDA2:LeaderElection350] INFO  impl.RoleInfo (RoleInfo.java:shutdownLeaderElection(134)) - 74c765d4-ecbc-4161-b0d3-3f71a54c17e6: shutdown LeaderElection
2019-09-25 05:32:58,293 [74c765d4-ecbc-4161-b0d3-3f71a54c17e6@group-37D53FCFBDA2:LeaderElection350] INFO  impl.RoleInfo (RoleInfo.java:updateAndGet(143)) - 74c765d4-ecbc-4161-b0d3-3f71a54c17e6: start FollowerState
2019-09-25 05:32:59,297 [Thread-2141] INFO  impl.FollowerState (FollowerState.java:run(106)) - 74c765d4-ecbc-4161-b0d3-3f71a54c17e6:group-37D53FCFBDA2 changes to CANDIDATE, lastRpcTime:1003, electionTimeout:1003ms
2019-09-25 05:32:59,297 [Thread-2141] INFO  impl.RoleInfo (RoleInfo.java:shutdownFollowerState(121)) - 74c765d4-ecbc-4161-b0d3-3f71a54c17e6: shutdown FollowerState
2019-09-25 05:32:59,297 [Thread-2141] INFO  impl.RaftServerImpl (RaftServerImpl.java:setRole(174)) - 74c765d4-ecbc-4161-b0d3-3f71a54c17e6@group-37D53FCFBDA2: changes role from  FOLLOWER to CANDIDATE at term 11 for changeToCandidate
2019-09-25 05:32:59,298 [Thread-2141] INFO  impl.RoleInfo (RoleInfo.java:updateAndGet(143)) - 74c765d4-ecbc-4161-b0d3-3f71a54c17e6: start LeaderElection
2019-09-25 05:32:59,613 [74c765d4-ecbc-4161-b0d3-3f71a54c17e6@group-37D53FCFBDA2:LeaderElection351] INFO  impl.LeaderElection (LeaderElection.java:askForVotes(182)) - 74c765d4-ecbc-4161-b0d3-3f71a54c17e6@group-37D53FCFBDA2:LeaderElection351: begin an election at term 12 for -1: [e40b1169-82c6-4268-9b48-d611605c3b5d:192.168.36.126:46360, 74c765d4-ecbc-4161-b0d3-3f71a54c17e6:192.168.36.126:46193, 8ffa0edf-3bee-4748-91ab-c75ab538701e:192.168.36.126:35863], old=null
2019-09-25 05:32:59,614 [74c765d4-ecbc-4161-b0d3-3f71a54c17e6@group-37D53FCFBDA2:LeaderElection351] INFO  impl.LeaderElection (LogUtils.java:infoOrTrace(149)) - 74c765d4-ecbc-4161-b0d3-3f71a54c17e6@group-37D53FCFBDA2:LeaderElection351 got exception when requesting votes: {}
java.util.concurrent.ExecutionException: org.apache.ratis.thirdparty.io.grpc.StatusRuntimeException: UNAVAILABLE: io exception
	at java.util.concurrent.FutureTask.report(FutureTask.java:122)
	at java.util.concurrent.FutureTask.get(FutureTask.java:192)
	at org.apache.ratis.server.impl.LeaderElection.waitForResults(LeaderElection.java:263)
	at org.apache.ratis.server.impl.LeaderElection.askForVotes(LeaderElection.java:201)
	at org.apache.ratis.server.impl.LeaderElection.run(LeaderElection.java:133)
	at java.lang.Thread.run(Thread.java:748)
Caused by: org.apache.ratis.thirdparty.io.grpc.StatusRuntimeException: UNAVAILABLE: io exception
	at org.apache.ratis.thirdparty.io.grpc.stub.ClientCalls.toStatusRuntimeException(ClientCalls.java:233)
	at org.apache.ratis.thirdparty.io.grpc.stub.ClientCalls.getUnchecked(ClientCalls.java:214)
	at org.apache.ratis.thirdparty.io.grpc.stub.ClientCalls.blockingUnaryCall(ClientCalls.java:139)
	at org.apache.ratis.proto.grpc.RaftServerProtocolServiceGrpc$RaftServerProtocolServiceBlockingStub.requestVote(RaftServerProtocolServiceGrpc.java:265)
	at org.apache.ratis.grpc.server.GrpcServerProtocolClient.requestVote(GrpcServerProtocolClient.java:90)
	at org.apache.ratis.grpc.server.GrpcService.requestVote(GrpcService.java:204)
	at org.apache.ratis.server.impl.LeaderElection.lambda$submitRequests$1(LeaderElection.java:238)
	at java.util.concurrent.FutureTask.run(FutureTask.java:266)
	at java.util.concurrent.Executors$RunnableAdapter.call(Executors.java:511)
	at java.util.concurrent.FutureTask.run(FutureTask.java:266)
	at java.util.concurrent.ThreadPoolExecutor.runWorker(ThreadPoolExecutor.java:1149)
	at java.util.concurrent.ThreadPoolExecutor$Worker.run(ThreadPoolExecutor.java:624)
	... 1 more
Caused by: org.apache.ratis.thirdparty.io.netty.channel.AbstractChannel$AnnotatedConnectException: Connection refused: /192.168.36.126:46360
	at sun.nio.ch.SocketChannelImpl.checkConnect(Native Method)
	at sun.nio.ch.SocketChannelImpl.finishConnect(SocketChannelImpl.java:717)
	at org.apache.ratis.thirdparty.io.netty.channel.socket.nio.NioSocketChannel.doFinishConnect(NioSocketChannel.java:327)
	at org.apache.ratis.thirdparty.io.netty.channel.nio.AbstractNioChannel$AbstractNioUnsafe.finishConnect(AbstractNioChannel.java:340)
	at org.apache.ratis.thirdparty.io.netty.channel.nio.NioEventLoop.processSelectedKey(NioEventLoop.java:632)
	at org.apache.ratis.thirdparty.io.netty.channel.nio.NioEventLoop.processSelectedKeysOptimized(NioEventLoop.java:579)
	at org.apache.ratis.thirdparty.io.netty.channel.nio.NioEventLoop.processSelectedKeys(NioEventLoop.java:496)
	at org.apache.ratis.thirdparty.io.netty.channel.nio.NioEventLoop.run(NioEventLoop.java:458)
	at org.apache.ratis.thirdparty.io.netty.util.concurrent.SingleThreadEventExecutor$5.run(SingleThreadEventExecutor.java:897)
	at org.apache.ratis.thirdparty.io.netty.util.concurrent.FastThreadLocalRunnable.run(FastThreadLocalRunnable.java:30)
	... 1 more
Caused by: java.net.ConnectException: Connection refused
	... 11 more
2019-09-25 05:32:59,615 [74c765d4-ecbc-4161-b0d3-3f71a54c17e6@group-37D53FCFBDA2:LeaderElection351] INFO  impl.LeaderElection (LogUtils.java:infoOrTrace(149)) - 74c765d4-ecbc-4161-b0d3-3f71a54c17e6@group-37D53FCFBDA2:LeaderElection351 got exception when requesting votes: {}
java.util.concurrent.ExecutionException: org.apache.ratis.thirdparty.io.grpc.StatusRuntimeException: UNAVAILABLE: io exception
	at java.util.concurrent.FutureTask.report(FutureTask.java:122)
	at java.util.concurrent.FutureTask.get(FutureTask.java:192)
	at org.apache.ratis.server.impl.LeaderElection.waitForResults(LeaderElection.java:263)
	at org.apache.ratis.server.impl.LeaderElection.askForVotes(LeaderElection.java:201)
	at org.apache.ratis.server.impl.LeaderElection.run(LeaderElection.java:133)
	at java.lang.Thread.run(Thread.java:748)
Caused by: org.apache.ratis.thirdparty.io.grpc.StatusRuntimeException: UNAVAILABLE: io exception
	at org.apache.ratis.thirdparty.io.grpc.stub.ClientCalls.toStatusRuntimeException(ClientCalls.java:233)
	at org.apache.ratis.thirdparty.io.grpc.stub.ClientCalls.getUnchecked(ClientCalls.java:214)
	at org.apache.ratis.thirdparty.io.grpc.stub.ClientCalls.blockingUnaryCall(ClientCalls.java:139)
	at org.apache.ratis.proto.grpc.RaftServerProtocolServiceGrpc$RaftServerProtocolServiceBlockingStub.requestVote(RaftServerProtocolServiceGrpc.java:265)
	at org.apache.ratis.grpc.server.GrpcServerProtocolClient.requestVote(GrpcServerProtocolClient.java:90)
	at org.apache.ratis.grpc.server.GrpcService.requestVote(GrpcService.java:204)
	at org.apache.ratis.server.impl.LeaderElection.lambda$submitRequests$1(LeaderElection.java:238)
	at java.util.concurrent.FutureTask.run(FutureTask.java:266)
	at java.util.concurrent.Executors$RunnableAdapter.call(Executors.java:511)
	at java.util.concurrent.FutureTask.run(FutureTask.java:266)
	at java.util.concurrent.ThreadPoolExecutor.runWorker(ThreadPoolExecutor.java:1149)
	at java.util.concurrent.ThreadPoolExecutor$Worker.run(ThreadPoolExecutor.java:624)
	... 1 more
Caused by: org.apache.ratis.thirdparty.io.netty.channel.AbstractChannel$AnnotatedConnectException: Connection refused: /192.168.36.126:35863
	at sun.nio.ch.SocketChannelImpl.checkConnect(Native Method)
	at sun.nio.ch.SocketChannelImpl.finishConnect(SocketChannelImpl.java:717)
	at org.apache.ratis.thirdparty.io.netty.channel.socket.nio.NioSocketChannel.doFinishConnect(NioSocketChannel.java:327)
	at org.apache.ratis.thirdparty.io.netty.channel.nio.AbstractNioChannel$AbstractNioUnsafe.finishConnect(AbstractNioChannel.java:340)
	at org.apache.ratis.thirdparty.io.netty.channel.nio.NioEventLoop.processSelectedKey(NioEventLoop.java:632)
	at org.apache.ratis.thirdparty.io.netty.channel.nio.NioEventLoop.processSelectedKeysOptimized(NioEventLoop.java:579)
	at org.apache.ratis.thirdparty.io.netty.channel.nio.NioEventLoop.processSelectedKeys(NioEventLoop.java:496)
	at org.apache.ratis.thirdparty.io.netty.channel.nio.NioEventLoop.run(NioEventLoop.java:458)
	at org.apache.ratis.thirdparty.io.netty.util.concurrent.SingleThreadEventExecutor$5.run(SingleThreadEventExecutor.java:897)
	at org.apache.ratis.thirdparty.io.netty.util.concurrent.FastThreadLocalRunnable.run(FastThreadLocalRunnable.java:30)
	... 1 more
Caused by: java.net.ConnectException: Connection refused
	... 11 more
2019-09-25 05:32:59,616 [74c765d4-ecbc-4161-b0d3-3f71a54c17e6@group-37D53FCFBDA2:LeaderElection351] INFO  impl.LeaderElection (LeaderElection.java:logAndReturn(56)) - 74c765d4-ecbc-4161-b0d3-3f71a54c17e6@group-37D53FCFBDA2:LeaderElection351: Election REJECTED; received 0 response(s) [] and 2 exception(s); 74c765d4-ecbc-4161-b0d3-3f71a54c17e6@group-37D53FCFBDA2:t12, leader=null, voted=74c765d4-ecbc-4161-b0d3-3f71a54c17e6, raftlog=74c765d4-ecbc-4161-b0d3-3f71a54c17e6@group-37D53FCFBDA2-SegmentedRaftLog:OPENED:c-1,f-1,i0, conf=-1: [e40b1169-82c6-4268-9b48-d611605c3b5d:192.168.36.126:46360, 74c765d4-ecbc-4161-b0d3-3f71a54c17e6:192.168.36.126:46193, 8ffa0edf-3bee-4748-91ab-c75ab538701e:192.168.36.126:35863], old=null
2019-09-25 05:32:59,616 [74c765d4-ecbc-4161-b0d3-3f71a54c17e6@group-37D53FCFBDA2:LeaderElection351] INFO  impl.LeaderElection (LogUtils.java:infoOrTrace(149)) -   Exception 0: {}
java.util.concurrent.ExecutionException: org.apache.ratis.thirdparty.io.grpc.StatusRuntimeException: UNAVAILABLE: io exception
	at java.util.concurrent.FutureTask.report(FutureTask.java:122)
	at java.util.concurrent.FutureTask.get(FutureTask.java:192)
	at org.apache.ratis.server.impl.LeaderElection.waitForResults(LeaderElection.java:263)
	at org.apache.ratis.server.impl.LeaderElection.askForVotes(LeaderElection.java:201)
	at org.apache.ratis.server.impl.LeaderElection.run(LeaderElection.java:133)
	at java.lang.Thread.run(Thread.java:748)
Caused by: org.apache.ratis.thirdparty.io.grpc.StatusRuntimeException: UNAVAILABLE: io exception
	at org.apache.ratis.thirdparty.io.grpc.stub.ClientCalls.toStatusRuntimeException(ClientCalls.java:233)
	at org.apache.ratis.thirdparty.io.grpc.stub.ClientCalls.getUnchecked(ClientCalls.java:214)
	at org.apache.ratis.thirdparty.io.grpc.stub.ClientCalls.blockingUnaryCall(ClientCalls.java:139)
	at org.apache.ratis.proto.grpc.RaftServerProtocolServiceGrpc$RaftServerProtocolServiceBlockingStub.requestVote(RaftServerProtocolServiceGrpc.java:265)
	at org.apache.ratis.grpc.server.GrpcServerProtocolClient.requestVote(GrpcServerProtocolClient.java:90)
	at org.apache.ratis.grpc.server.GrpcService.requestVote(GrpcService.java:204)
	at org.apache.ratis.server.impl.LeaderElection.lambda$submitRequests$1(LeaderElection.java:238)
	at java.util.concurrent.FutureTask.run(FutureTask.java:266)
	at java.util.concurrent.Executors$RunnableAdapter.call(Executors.java:511)
	at java.util.concurrent.FutureTask.run(FutureTask.java:266)
	at java.util.concurrent.ThreadPoolExecutor.runWorker(ThreadPoolExecutor.java:1149)
	at java.util.concurrent.ThreadPoolExecutor$Worker.run(ThreadPoolExecutor.java:624)
	... 1 more
Caused by: org.apache.ratis.thirdparty.io.netty.channel.AbstractChannel$AnnotatedConnectException: Connection refused: /192.168.36.126:46360
	at sun.nio.ch.SocketChannelImpl.checkConnect(Native Method)
	at sun.nio.ch.SocketChannelImpl.finishConnect(SocketChannelImpl.java:717)
	at org.apache.ratis.thirdparty.io.netty.channel.socket.nio.NioSocketChannel.doFinishConnect(NioSocketChannel.java:327)
	at org.apache.ratis.thirdparty.io.netty.channel.nio.AbstractNioChannel$AbstractNioUnsafe.finishConnect(AbstractNioChannel.java:340)
	at org.apache.ratis.thirdparty.io.netty.channel.nio.NioEventLoop.processSelectedKey(NioEventLoop.java:632)
	at org.apache.ratis.thirdparty.io.netty.channel.nio.NioEventLoop.processSelectedKeysOptimized(NioEventLoop.java:579)
	at org.apache.ratis.thirdparty.io.netty.channel.nio.NioEventLoop.processSelectedKeys(NioEventLoop.java:496)
	at org.apache.ratis.thirdparty.io.netty.channel.nio.NioEventLoop.run(NioEventLoop.java:458)
	at org.apache.ratis.thirdparty.io.netty.util.concurrent.SingleThreadEventExecutor$5.run(SingleThreadEventExecutor.java:897)
	at org.apache.ratis.thirdparty.io.netty.util.concurrent.FastThreadLocalRunnable.run(FastThreadLocalRunnable.java:30)
	... 1 more
Caused by: java.net.ConnectException: Connection refused
	... 11 more
2019-09-25 05:32:59,616 [74c765d4-ecbc-4161-b0d3-3f71a54c17e6@group-37D53FCFBDA2:LeaderElection351] INFO  impl.LeaderElection (LogUtils.java:infoOrTrace(149)) -   Exception 1: {}
java.util.concurrent.ExecutionException: org.apache.ratis.thirdparty.io.grpc.StatusRuntimeException: UNAVAILABLE: io exception
	at java.util.concurrent.FutureTask.report(FutureTask.java:122)
	at java.util.concurrent.FutureTask.get(FutureTask.java:192)
	at org.apache.ratis.server.impl.LeaderElection.waitForResults(LeaderElection.java:263)
	at org.apache.ratis.server.impl.LeaderElection.askForVotes(LeaderElection.java:201)
	at org.apache.ratis.server.impl.LeaderElection.run(LeaderElection.java:133)
	at java.lang.Thread.run(Thread.java:748)
Caused by: org.apache.ratis.thirdparty.io.grpc.StatusRuntimeException: UNAVAILABLE: io exception
	at org.apache.ratis.thirdparty.io.grpc.stub.ClientCalls.toStatusRuntimeException(ClientCalls.java:233)
	at org.apache.ratis.thirdparty.io.grpc.stub.ClientCalls.getUnchecked(ClientCalls.java:214)
	at org.apache.ratis.thirdparty.io.grpc.stub.ClientCalls.blockingUnaryCall(ClientCalls.java:139)
	at org.apache.ratis.proto.grpc.RaftServerProtocolServiceGrpc$RaftServerProtocolServiceBlockingStub.requestVote(RaftServerProtocolServiceGrpc.java:265)
	at org.apache.ratis.grpc.server.GrpcServerProtocolClient.requestVote(GrpcServerProtocolClient.java:90)
	at org.apache.ratis.grpc.server.GrpcService.requestVote(GrpcService.java:204)
	at org.apache.ratis.server.impl.LeaderElection.lambda$submitRequests$1(LeaderElection.java:238)
	at java.util.concurrent.FutureTask.run(FutureTask.java:266)
	at java.util.concurrent.Executors$RunnableAdapter.call(Executors.java:511)
	at java.util.concurrent.FutureTask.run(FutureTask.java:266)
	at java.util.concurrent.ThreadPoolExecutor.runWorker(ThreadPoolExecutor.java:1149)
	at java.util.concurrent.ThreadPoolExecutor$Worker.run(ThreadPoolExecutor.java:624)
	... 1 more
Caused by: org.apache.ratis.thirdparty.io.netty.channel.AbstractChannel$AnnotatedConnectException: Connection refused: /192.168.36.126:35863
	at sun.nio.ch.SocketChannelImpl.checkConnect(Native Method)
	at sun.nio.ch.SocketChannelImpl.finishConnect(SocketChannelImpl.java:717)
	at org.apache.ratis.thirdparty.io.netty.channel.socket.nio.NioSocketChannel.doFinishConnect(NioSocketChannel.java:327)
	at org.apache.ratis.thirdparty.io.netty.channel.nio.AbstractNioChannel$AbstractNioUnsafe.finishConnect(AbstractNioChannel.java:340)
	at org.apache.ratis.thirdparty.io.netty.channel.nio.NioEventLoop.processSelectedKey(NioEventLoop.java:632)
	at org.apache.ratis.thirdparty.io.netty.channel.nio.NioEventLoop.processSelectedKeysOptimized(NioEventLoop.java:579)
	at org.apache.ratis.thirdparty.io.netty.channel.nio.NioEventLoop.processSelectedKeys(NioEventLoop.java:496)
	at org.apache.ratis.thirdparty.io.netty.channel.nio.NioEventLoop.run(NioEventLoop.java:458)
	at org.apache.ratis.thirdparty.io.netty.util.concurrent.SingleThreadEventExecutor$5.run(SingleThreadEventExecutor.java:897)
	at org.apache.ratis.thirdparty.io.netty.util.concurrent.FastThreadLocalRunnable.run(FastThreadLocalRunnable.java:30)
	... 1 more
Caused by: java.net.ConnectException: Connection refused
	... 11 more
2019-09-25 05:32:59,617 [74c765d4-ecbc-4161-b0d3-3f71a54c17e6@group-37D53FCFBDA2:LeaderElection351] INFO  impl.RaftServerImpl (RaftServerImpl.java:setRole(174)) - 74c765d4-ecbc-4161-b0d3-3f71a54c17e6@group-37D53FCFBDA2: changes role from CANDIDATE to FOLLOWER at term 12 for DISCOVERED_A_NEW_TERM
2019-09-25 05:32:59,617 [74c765d4-ecbc-4161-b0d3-3f71a54c17e6@group-37D53FCFBDA2:LeaderElection351] INFO  impl.RoleInfo (RoleInfo.java:shutdownLeaderElection(134)) - 74c765d4-ecbc-4161-b0d3-3f71a54c17e6: shutdown LeaderElection
2019-09-25 05:32:59,617 [74c765d4-ecbc-4161-b0d3-3f71a54c17e6@group-37D53FCFBDA2:LeaderElection351] INFO  impl.RoleInfo (RoleInfo.java:updateAndGet(143)) - 74c765d4-ecbc-4161-b0d3-3f71a54c17e6: start FollowerState
2019-09-25 05:33:00,703 [Thread-2145] INFO  impl.FollowerState (FollowerState.java:run(106)) - 74c765d4-ecbc-4161-b0d3-3f71a54c17e6:group-37D53FCFBDA2 changes to CANDIDATE, lastRpcTime:1086, electionTimeout:1086ms
2019-09-25 05:33:00,704 [Thread-2145] INFO  impl.RoleInfo (RoleInfo.java:shutdownFollowerState(121)) - 74c765d4-ecbc-4161-b0d3-3f71a54c17e6: shutdown FollowerState
2019-09-25 05:33:00,704 [Thread-2145] INFO  impl.RaftServerImpl (RaftServerImpl.java:setRole(174)) - 74c765d4-ecbc-4161-b0d3-3f71a54c17e6@group-37D53FCFBDA2: changes role from  FOLLOWER to CANDIDATE at term 12 for changeToCandidate
2019-09-25 05:33:00,704 [Thread-2145] INFO  impl.RoleInfo (RoleInfo.java:updateAndGet(143)) - 74c765d4-ecbc-4161-b0d3-3f71a54c17e6: start LeaderElection
2019-09-25 05:33:00,981 [74c765d4-ecbc-4161-b0d3-3f71a54c17e6@group-37D53FCFBDA2:LeaderElection352] INFO  impl.LeaderElection (LeaderElection.java:askForVotes(182)) - 74c765d4-ecbc-4161-b0d3-3f71a54c17e6@group-37D53FCFBDA2:LeaderElection352: begin an election at term 13 for -1: [e40b1169-82c6-4268-9b48-d611605c3b5d:192.168.36.126:46360, 74c765d4-ecbc-4161-b0d3-3f71a54c17e6:192.168.36.126:46193, 8ffa0edf-3bee-4748-91ab-c75ab538701e:192.168.36.126:35863], old=null
2019-09-25 05:33:00,982 [74c765d4-ecbc-4161-b0d3-3f71a54c17e6@group-37D53FCFBDA2:LeaderElection352] INFO  impl.LeaderElection (LogUtils.java:infoOrTrace(149)) - 74c765d4-ecbc-4161-b0d3-3f71a54c17e6@group-37D53FCFBDA2:LeaderElection352 got exception when requesting votes: {}
java.util.concurrent.ExecutionException: org.apache.ratis.thirdparty.io.grpc.StatusRuntimeException: UNAVAILABLE: io exception
	at java.util.concurrent.FutureTask.report(FutureTask.java:122)
	at java.util.concurrent.FutureTask.get(FutureTask.java:192)
	at org.apache.ratis.server.impl.LeaderElection.waitForResults(LeaderElection.java:263)
	at org.apache.ratis.server.impl.LeaderElection.askForVotes(LeaderElection.java:201)
	at org.apache.ratis.server.impl.LeaderElection.run(LeaderElection.java:133)
	at java.lang.Thread.run(Thread.java:748)
Caused by: org.apache.ratis.thirdparty.io.grpc.StatusRuntimeException: UNAVAILABLE: io exception
	at org.apache.ratis.thirdparty.io.grpc.stub.ClientCalls.toStatusRuntimeException(ClientCalls.java:233)
	at org.apache.ratis.thirdparty.io.grpc.stub.ClientCalls.getUnchecked(ClientCalls.java:214)
	at org.apache.ratis.thirdparty.io.grpc.stub.ClientCalls.blockingUnaryCall(ClientCalls.java:139)
	at org.apache.ratis.proto.grpc.RaftServerProtocolServiceGrpc$RaftServerProtocolServiceBlockingStub.requestVote(RaftServerProtocolServiceGrpc.java:265)
	at org.apache.ratis.grpc.server.GrpcServerProtocolClient.requestVote(GrpcServerProtocolClient.java:90)
	at org.apache.ratis.grpc.server.GrpcService.requestVote(GrpcService.java:204)
	at org.apache.ratis.server.impl.LeaderElection.lambda$submitRequests$1(LeaderElection.java:238)
	at java.util.concurrent.FutureTask.run(FutureTask.java:266)
	at java.util.concurrent.Executors$RunnableAdapter.call(Executors.java:511)
	at java.util.concurrent.FutureTask.run(FutureTask.java:266)
	at java.util.concurrent.ThreadPoolExecutor.runWorker(ThreadPoolExecutor.java:1149)
	at java.util.concurrent.ThreadPoolExecutor$Worker.run(ThreadPoolExecutor.java:624)
	... 1 more
Caused by: org.apache.ratis.thirdparty.io.netty.channel.AbstractChannel$AnnotatedConnectException: Connection refused: /192.168.36.126:46360
	at sun.nio.ch.SocketChannelImpl.checkConnect(Native Method)
	at sun.nio.ch.SocketChannelImpl.finishConnect(SocketChannelImpl.java:717)
	at org.apache.ratis.thirdparty.io.netty.channel.socket.nio.NioSocketChannel.doFinishConnect(NioSocketChannel.java:327)
	at org.apache.ratis.thirdparty.io.netty.channel.nio.AbstractNioChannel$AbstractNioUnsafe.finishConnect(AbstractNioChannel.java:340)
	at org.apache.ratis.thirdparty.io.netty.channel.nio.NioEventLoop.processSelectedKey(NioEventLoop.java:632)
	at org.apache.ratis.thirdparty.io.netty.channel.nio.NioEventLoop.processSelectedKeysOptimized(NioEventLoop.java:579)
	at org.apache.ratis.thirdparty.io.netty.channel.nio.NioEventLoop.processSelectedKeys(NioEventLoop.java:496)
	at org.apache.ratis.thirdparty.io.netty.channel.nio.NioEventLoop.run(NioEventLoop.java:458)
	at org.apache.ratis.thirdparty.io.netty.util.concurrent.SingleThreadEventExecutor$5.run(SingleThreadEventExecutor.java:897)
	at org.apache.ratis.thirdparty.io.netty.util.concurrent.FastThreadLocalRunnable.run(FastThreadLocalRunnable.java:30)
	... 1 more
Caused by: java.net.ConnectException: Connection refused
	... 11 more
2019-09-25 05:33:00,983 [74c765d4-ecbc-4161-b0d3-3f71a54c17e6@group-37D53FCFBDA2:LeaderElection352] INFO  impl.LeaderElection (LogUtils.java:infoOrTrace(149)) - 74c765d4-ecbc-4161-b0d3-3f71a54c17e6@group-37D53FCFBDA2:LeaderElection352 got exception when requesting votes: {}
java.util.concurrent.ExecutionException: org.apache.ratis.thirdparty.io.grpc.StatusRuntimeException: UNAVAILABLE: io exception
	at java.util.concurrent.FutureTask.report(FutureTask.java:122)
	at java.util.concurrent.FutureTask.get(FutureTask.java:192)
	at org.apache.ratis.server.impl.LeaderElection.waitForResults(LeaderElection.java:263)
	at org.apache.ratis.server.impl.LeaderElection.askForVotes(LeaderElection.java:201)
	at org.apache.ratis.server.impl.LeaderElection.run(LeaderElection.java:133)
	at java.lang.Thread.run(Thread.java:748)
Caused by: org.apache.ratis.thirdparty.io.grpc.StatusRuntimeException: UNAVAILABLE: io exception
	at org.apache.ratis.thirdparty.io.grpc.stub.ClientCalls.toStatusRuntimeException(ClientCalls.java:233)
	at org.apache.ratis.thirdparty.io.grpc.stub.ClientCalls.getUnchecked(ClientCalls.java:214)
	at org.apache.ratis.thirdparty.io.grpc.stub.ClientCalls.blockingUnaryCall(ClientCalls.java:139)
	at org.apache.ratis.proto.grpc.RaftServerProtocolServiceGrpc$RaftServerProtocolServiceBlockingStub.requestVote(RaftServerProtocolServiceGrpc.java:265)
	at org.apache.ratis.grpc.server.GrpcServerProtocolClient.requestVote(GrpcServerProtocolClient.java:90)
	at org.apache.ratis.grpc.server.GrpcService.requestVote(GrpcService.java:204)
	at org.apache.ratis.server.impl.LeaderElection.lambda$submitRequests$1(LeaderElection.java:238)
	at java.util.concurrent.FutureTask.run(FutureTask.java:266)
	at java.util.concurrent.Executors$RunnableAdapter.call(Executors.java:511)
	at java.util.concurrent.FutureTask.run(FutureTask.java:266)
	at java.util.concurrent.ThreadPoolExecutor.runWorker(ThreadPoolExecutor.java:1149)
	at java.util.concurrent.ThreadPoolExecutor$Worker.run(ThreadPoolExecutor.java:624)
	... 1 more
Caused by: org.apache.ratis.thirdparty.io.netty.channel.AbstractChannel$AnnotatedConnectException: Connection refused: /192.168.36.126:35863
	at sun.nio.ch.SocketChannelImpl.checkConnect(Native Method)
	at sun.nio.ch.SocketChannelImpl.finishConnect(SocketChannelImpl.java:717)
	at org.apache.ratis.thirdparty.io.netty.channel.socket.nio.NioSocketChannel.doFinishConnect(NioSocketChannel.java:327)
	at org.apache.ratis.thirdparty.io.netty.channel.nio.AbstractNioChannel$AbstractNioUnsafe.finishConnect(AbstractNioChannel.java:340)
	at org.apache.ratis.thirdparty.io.netty.channel.nio.NioEventLoop.processSelectedKey(NioEventLoop.java:632)
	at org.apache.ratis.thirdparty.io.netty.channel.nio.NioEventLoop.processSelectedKeysOptimized(NioEventLoop.java:579)
	at org.apache.ratis.thirdparty.io.netty.channel.nio.NioEventLoop.processSelectedKeys(NioEventLoop.java:496)
	at org.apache.ratis.thirdparty.io.netty.channel.nio.NioEventLoop.run(NioEventLoop.java:458)
	at org.apache.ratis.thirdparty.io.netty.util.concurrent.SingleThreadEventExecutor$5.run(SingleThreadEventExecutor.java:897)
	at org.apache.ratis.thirdparty.io.netty.util.concurrent.FastThreadLocalRunnable.run(FastThreadLocalRunnable.java:30)
	... 1 more
Caused by: java.net.ConnectException: Connection refused
	... 11 more
2019-09-25 05:33:00,983 [74c765d4-ecbc-4161-b0d3-3f71a54c17e6@group-37D53FCFBDA2:LeaderElection352] INFO  impl.LeaderElection (LeaderElection.java:logAndReturn(56)) - 74c765d4-ecbc-4161-b0d3-3f71a54c17e6@group-37D53FCFBDA2:LeaderElection352: Election REJECTED; received 0 response(s) [] and 2 exception(s); 74c765d4-ecbc-4161-b0d3-3f71a54c17e6@group-37D53FCFBDA2:t13, leader=null, voted=74c765d4-ecbc-4161-b0d3-3f71a54c17e6, raftlog=74c765d4-ecbc-4161-b0d3-3f71a54c17e6@group-37D53FCFBDA2-SegmentedRaftLog:OPENED:c-1,f-1,i0, conf=-1: [e40b1169-82c6-4268-9b48-d611605c3b5d:192.168.36.126:46360, 74c765d4-ecbc-4161-b0d3-3f71a54c17e6:192.168.36.126:46193, 8ffa0edf-3bee-4748-91ab-c75ab538701e:192.168.36.126:35863], old=null
2019-09-25 05:33:00,983 [74c765d4-ecbc-4161-b0d3-3f71a54c17e6@group-37D53FCFBDA2:LeaderElection352] INFO  impl.LeaderElection (LogUtils.java:infoOrTrace(149)) -   Exception 0: {}
java.util.concurrent.ExecutionException: org.apache.ratis.thirdparty.io.grpc.StatusRuntimeException: UNAVAILABLE: io exception
	at java.util.concurrent.FutureTask.report(FutureTask.java:122)
	at java.util.concurrent.FutureTask.get(FutureTask.java:192)
	at org.apache.ratis.server.impl.LeaderElection.waitForResults(LeaderElection.java:263)
	at org.apache.ratis.server.impl.LeaderElection.askForVotes(LeaderElection.java:201)
	at org.apache.ratis.server.impl.LeaderElection.run(LeaderElection.java:133)
	at java.lang.Thread.run(Thread.java:748)
Caused by: org.apache.ratis.thirdparty.io.grpc.StatusRuntimeException: UNAVAILABLE: io exception
	at org.apache.ratis.thirdparty.io.grpc.stub.ClientCalls.toStatusRuntimeException(ClientCalls.java:233)
	at org.apache.ratis.thirdparty.io.grpc.stub.ClientCalls.getUnchecked(ClientCalls.java:214)
	at org.apache.ratis.thirdparty.io.grpc.stub.ClientCalls.blockingUnaryCall(ClientCalls.java:139)
	at org.apache.ratis.proto.grpc.RaftServerProtocolServiceGrpc$RaftServerProtocolServiceBlockingStub.requestVote(RaftServerProtocolServiceGrpc.java:265)
	at org.apache.ratis.grpc.server.GrpcServerProtocolClient.requestVote(GrpcServerProtocolClient.java:90)
	at org.apache.ratis.grpc.server.GrpcService.requestVote(GrpcService.java:204)
	at org.apache.ratis.server.impl.LeaderElection.lambda$submitRequests$1(LeaderElection.java:238)
	at java.util.concurrent.FutureTask.run(FutureTask.java:266)
	at java.util.concurrent.Executors$RunnableAdapter.call(Executors.java:511)
	at java.util.concurrent.FutureTask.run(FutureTask.java:266)
	at java.util.concurrent.ThreadPoolExecutor.runWorker(ThreadPoolExecutor.java:1149)
	at java.util.concurrent.ThreadPoolExecutor$Worker.run(ThreadPoolExecutor.java:624)
	... 1 more
Caused by: org.apache.ratis.thirdparty.io.netty.channel.AbstractChannel$AnnotatedConnectException: Connection refused: /192.168.36.126:46360
	at sun.nio.ch.SocketChannelImpl.checkConnect(Native Method)
	at sun.nio.ch.SocketChannelImpl.finishConnect(SocketChannelImpl.java:717)
	at org.apache.ratis.thirdparty.io.netty.channel.socket.nio.NioSocketChannel.doFinishConnect(NioSocketChannel.java:327)
	at org.apache.ratis.thirdparty.io.netty.channel.nio.AbstractNioChannel$AbstractNioUnsafe.finishConnect(AbstractNioChannel.java:340)
	at org.apache.ratis.thirdparty.io.netty.channel.nio.NioEventLoop.processSelectedKey(NioEventLoop.java:632)
	at org.apache.ratis.thirdparty.io.netty.channel.nio.NioEventLoop.processSelectedKeysOptimized(NioEventLoop.java:579)
	at org.apache.ratis.thirdparty.io.netty.channel.nio.NioEventLoop.processSelectedKeys(NioEventLoop.java:496)
	at org.apache.ratis.thirdparty.io.netty.channel.nio.NioEventLoop.run(NioEventLoop.java:458)
	at org.apache.ratis.thirdparty.io.netty.util.concurrent.SingleThreadEventExecutor$5.run(SingleThreadEventExecutor.java:897)
	at org.apache.ratis.thirdparty.io.netty.util.concurrent.FastThreadLocalRunnable.run(FastThreadLocalRunnable.java:30)
	... 1 more
Caused by: java.net.ConnectException: Connection refused
	... 11 more
2019-09-25 05:33:00,984 [74c765d4-ecbc-4161-b0d3-3f71a54c17e6@group-37D53FCFBDA2:LeaderElection352] INFO  impl.LeaderElection (LogUtils.java:infoOrTrace(149)) -   Exception 1: {}
java.util.concurrent.ExecutionException: org.apache.ratis.thirdparty.io.grpc.StatusRuntimeException: UNAVAILABLE: io exception
	at java.util.concurrent.FutureTask.report(FutureTask.java:122)
	at java.util.concurrent.FutureTask.get(FutureTask.java:192)
	at org.apache.ratis.server.impl.LeaderElection.waitForResults(LeaderElection.java:263)
	at org.apache.ratis.server.impl.LeaderElection.askForVotes(LeaderElection.java:201)
	at org.apache.ratis.server.impl.LeaderElection.run(LeaderElection.java:133)
	at java.lang.Thread.run(Thread.java:748)
Caused by: org.apache.ratis.thirdparty.io.grpc.StatusRuntimeException: UNAVAILABLE: io exception
	at org.apache.ratis.thirdparty.io.grpc.stub.ClientCalls.toStatusRuntimeException(ClientCalls.java:233)
	at org.apache.ratis.thirdparty.io.grpc.stub.ClientCalls.getUnchecked(ClientCalls.java:214)
	at org.apache.ratis.thirdparty.io.grpc.stub.ClientCalls.blockingUnaryCall(ClientCalls.java:139)
	at org.apache.ratis.proto.grpc.RaftServerProtocolServiceGrpc$RaftServerProtocolServiceBlockingStub.requestVote(RaftServerProtocolServiceGrpc.java:265)
	at org.apache.ratis.grpc.server.GrpcServerProtocolClient.requestVote(GrpcServerProtocolClient.java:90)
	at org.apache.ratis.grpc.server.GrpcService.requestVote(GrpcService.java:204)
	at org.apache.ratis.server.impl.LeaderElection.lambda$submitRequests$1(LeaderElection.java:238)
	at java.util.concurrent.FutureTask.run(FutureTask.java:266)
	at java.util.concurrent.Executors$RunnableAdapter.call(Executors.java:511)
	at java.util.concurrent.FutureTask.run(FutureTask.java:266)
	at java.util.concurrent.ThreadPoolExecutor.runWorker(ThreadPoolExecutor.java:1149)
	at java.util.concurrent.ThreadPoolExecutor$Worker.run(ThreadPoolExecutor.java:624)
	... 1 more
Caused by: org.apache.ratis.thirdparty.io.netty.channel.AbstractChannel$AnnotatedConnectException: Connection refused: /192.168.36.126:35863
	at sun.nio.ch.SocketChannelImpl.checkConnect(Native Method)
	at sun.nio.ch.SocketChannelImpl.finishConnect(SocketChannelImpl.java:717)
	at org.apache.ratis.thirdparty.io.netty.channel.socket.nio.NioSocketChannel.doFinishConnect(NioSocketChannel.java:327)
	at org.apache.ratis.thirdparty.io.netty.channel.nio.AbstractNioChannel$AbstractNioUnsafe.finishConnect(AbstractNioChannel.java:340)
	at org.apache.ratis.thirdparty.io.netty.channel.nio.NioEventLoop.processSelectedKey(NioEventLoop.java:632)
	at org.apache.ratis.thirdparty.io.netty.channel.nio.NioEventLoop.processSelectedKeysOptimized(NioEventLoop.java:579)
	at org.apache.ratis.thirdparty.io.netty.channel.nio.NioEventLoop.processSelectedKeys(NioEventLoop.java:496)
	at org.apache.ratis.thirdparty.io.netty.channel.nio.NioEventLoop.run(NioEventLoop.java:458)
	at org.apache.ratis.thirdparty.io.netty.util.concurrent.SingleThreadEventExecutor$5.run(SingleThreadEventExecutor.java:897)
	at org.apache.ratis.thirdparty.io.netty.util.concurrent.FastThreadLocalRunnable.run(FastThreadLocalRunnable.java:30)
	... 1 more
Caused by: java.net.ConnectException: Connection refused
	... 11 more
2019-09-25 05:33:00,984 [74c765d4-ecbc-4161-b0d3-3f71a54c17e6@group-37D53FCFBDA2:LeaderElection352] INFO  impl.RaftServerImpl (RaftServerImpl.java:setRole(174)) - 74c765d4-ecbc-4161-b0d3-3f71a54c17e6@group-37D53FCFBDA2: changes role from CANDIDATE to FOLLOWER at term 13 for DISCOVERED_A_NEW_TERM
2019-09-25 05:33:00,984 [74c765d4-ecbc-4161-b0d3-3f71a54c17e6@group-37D53FCFBDA2:LeaderElection352] INFO  impl.RoleInfo (RoleInfo.java:shutdownLeaderElection(134)) - 74c765d4-ecbc-4161-b0d3-3f71a54c17e6: shutdown LeaderElection
2019-09-25 05:33:00,985 [74c765d4-ecbc-4161-b0d3-3f71a54c17e6@group-37D53FCFBDA2:LeaderElection352] INFO  impl.RoleInfo (RoleInfo.java:updateAndGet(143)) - 74c765d4-ecbc-4161-b0d3-3f71a54c17e6: start FollowerState
2019-09-25 05:33:02,174 [Thread-2149] INFO  impl.FollowerState (FollowerState.java:run(106)) - 74c765d4-ecbc-4161-b0d3-3f71a54c17e6:group-37D53FCFBDA2 changes to CANDIDATE, lastRpcTime:1189, electionTimeout:1189ms
2019-09-25 05:33:02,175 [Thread-2149] INFO  impl.RoleInfo (RoleInfo.java:shutdownFollowerState(121)) - 74c765d4-ecbc-4161-b0d3-3f71a54c17e6: shutdown FollowerState
2019-09-25 05:33:02,175 [Thread-2149] INFO  impl.RaftServerImpl (RaftServerImpl.java:setRole(174)) - 74c765d4-ecbc-4161-b0d3-3f71a54c17e6@group-37D53FCFBDA2: changes role from  FOLLOWER to CANDIDATE at term 13 for changeToCandidate
2019-09-25 05:33:02,175 [Thread-2149] INFO  impl.RoleInfo (RoleInfo.java:updateAndGet(143)) - 74c765d4-ecbc-4161-b0d3-3f71a54c17e6: start LeaderElection
2019-09-25 05:33:02,436 [main] INFO  ozoneimpl.OzoneContainer (OzoneContainer.java:stop(231)) - Attempting to stop container services.
2019-09-25 05:33:02,437 [ForkJoinPool.commonPool-worker-1] INFO  ozoneimpl.OzoneContainer (OzoneContainer.java:stop(231)) - Attempting to stop container services.
2019-09-25 05:33:02,437 [main] INFO  impl.RaftServerProxy (RaftServerProxy.java:lambda$close$4(314)) - 390bf82a-25de-4c58-bd2d-fdd6c5384873: close
2019-09-25 05:33:02,437 [ForkJoinPool.commonPool-worker-1] INFO  impl.RaftServerProxy (RaftServerProxy.java:lambda$close$4(314)) - 74c765d4-ecbc-4161-b0d3-3f71a54c17e6: close
2019-09-25 05:33:02,446 [main] INFO  server.GrpcService (GrpcService.java:closeImpl(164)) - 390bf82a-25de-4c58-bd2d-fdd6c5384873: shutdown server with port 38711 now
2019-09-25 05:33:02,446 [ForkJoinPool.commonPool-worker-1] INFO  impl.RaftServerImpl (RaftServerImpl.java:lambda$shutdown$3(251)) - 74c765d4-ecbc-4161-b0d3-3f71a54c17e6@group-37D53FCFBDA2: shutdown
2019-09-25 05:33:02,447 [main] INFO  server.GrpcService (GrpcService.java:closeImpl(172)) - 390bf82a-25de-4c58-bd2d-fdd6c5384873: shutdown server with port 38711 successfully
2019-09-25 05:33:02,447 [ForkJoinPool.commonPool-worker-1] INFO  util.JmxRegister (JmxRegister.java:unregister(73)) - Successfully un-registered JMX Bean with object name Ratis:service=RaftServer,group=group-37D53FCFBDA2,id=74c765d4-ecbc-4161-b0d3-3f71a54c17e6
2019-09-25 05:33:02,447 [ForkJoinPool.commonPool-worker-1] INFO  impl.RoleInfo (RoleInfo.java:shutdownLeaderElection(134)) - 74c765d4-ecbc-4161-b0d3-3f71a54c17e6: shutdown LeaderElection
2019-09-25 05:33:02,448 [ForkJoinPool.commonPool-worker-1] INFO  impl.StateMachineUpdater (StateMachineUpdater.java:stopAndJoin(125)) - 74c765d4-ecbc-4161-b0d3-3f71a54c17e6@group-37D53FCFBDA2-StateMachineUpdater: set stopIndex = -1
2019-09-25 05:33:02,448 [ForkJoinPool.commonPool-worker-1] INFO  impl.RaftServerImpl (ServerState.java:close(385)) - 74c765d4-ecbc-4161-b0d3-3f71a54c17e6@group-37D53FCFBDA2: closes. applyIndex: -1
2019-09-25 05:33:02,449 [74c765d4-ecbc-4161-b0d3-3f71a54c17e6@group-37D53FCFBDA2-SegmentedRaftLogWorker] INFO  segmented.SegmentedRaftLogWorker (SegmentedRaftLogWorker.java:run(313)) - 74c765d4-ecbc-4161-b0d3-3f71a54c17e6@group-37D53FCFBDA2-SegmentedRaftLogWorker was interrupted, exiting. There are 0 tasks remaining in the queue.
2019-09-25 05:33:02,449 [ForkJoinPool.commonPool-worker-1] INFO  segmented.SegmentedRaftLogWorker (SegmentedRaftLogWorker.java:close(228)) - 74c765d4-ecbc-4161-b0d3-3f71a54c17e6@group-37D53FCFBDA2-SegmentedRaftLogWorker close()
2019-09-25 05:33:02,452 [refreshUsed-/workdir/hadoop-ozone/integration-test/target/test-dir/MiniOzoneClusterImpl-c3eb0697-53d0-4f00-8b35-781957cf75c5/datanode-7/data/containers] WARN  fs.CachingGetSpaceUsed (CachingGetSpaceUsed.java:run(183)) - Thread Interrupted waiting to refresh disk information: sleep interrupted
2019-09-25 05:33:02,453 [ForkJoinPool.commonPool-worker-1] INFO  server.GrpcService (GrpcService.java:closeImpl(164)) - 74c765d4-ecbc-4161-b0d3-3f71a54c17e6: shutdown server with port 46193 now
2019-09-25 05:33:02,460 [ForkJoinPool.commonPool-worker-1] INFO  server.GrpcService (GrpcService.java:closeImpl(172)) - 74c765d4-ecbc-4161-b0d3-3f71a54c17e6: shutdown server with port 46193 successfully
2019-09-25 05:33:02,475 [refreshUsed-/workdir/hadoop-ozone/integration-test/target/test-dir/MiniOzoneClusterImpl-c3eb0697-53d0-4f00-8b35-781957cf75c5/datanode-1/data/containers] WARN  fs.CachingGetSpaceUsed (CachingGetSpaceUsed.java:run(183)) - Thread Interrupted waiting to refresh disk information: sleep interrupted
2019-09-25 05:33:02,483 [74c765d4-ecbc-4161-b0d3-3f71a54c17e6@group-37D53FCFBDA2:LeaderElection353] INFO  impl.LeaderElection (LeaderElection.java:askForVotes(182)) - 74c765d4-ecbc-4161-b0d3-3f71a54c17e6@group-37D53FCFBDA2:LeaderElection353: begin an election at term 14 for -1: [e40b1169-82c6-4268-9b48-d611605c3b5d:192.168.36.126:46360, 74c765d4-ecbc-4161-b0d3-3f71a54c17e6:192.168.36.126:46193, 8ffa0edf-3bee-4748-91ab-c75ab538701e:192.168.36.126:35863], old=null
2019-09-25 05:33:02,483 [74c765d4-ecbc-4161-b0d3-3f71a54c17e6@group-37D53FCFBDA2:LeaderElection353] INFO  impl.LeaderElection (LogUtils.java:infoOrTrace(149)) - Failed 74c765d4-ecbc-4161-b0d3-3f71a54c17e6@group-37D53FCFBDA2:LeaderElection353, state=CLOSING: {}
java.lang.IllegalArgumentException: 74c765d4-ecbc-4161-b0d3-3f71a54c17e6@group-37D53FCFBDA2-SegmentedRaftLog is expected to be opened but it is CLOSED
	at org.apache.ratis.util.OpenCloseState.assertOpen(OpenCloseState.java:63)
	at org.apache.ratis.server.raftlog.RaftLog.checkLogState(RaftLog.java:102)
	at org.apache.ratis.server.raftlog.segmented.SegmentedRaftLog.getLastEntryTermIndex(SegmentedRaftLog.java:324)
	at org.apache.ratis.server.impl.LeaderElection.askForVotes(LeaderElection.java:184)
	at org.apache.ratis.server.impl.LeaderElection.run(LeaderElection.java:133)
	at java.lang.Thread.run(Thread.java:748)
Caused by: org.apache.ratis.util.OpenCloseState$CloseTrace: Close 74c765d4-ecbc-4161-b0d3-3f71a54c17e6@group-37D53FCFBDA2-SegmentedRaftLog
	at org.apache.ratis.util.OpenCloseState.lambda$close$1(OpenCloseState.java:109)
	at java.util.concurrent.atomic.AtomicReference.getAndUpdate(AtomicReference.java:160)
	at org.apache.ratis.util.OpenCloseState.close(OpenCloseState.java:109)
	at org.apache.ratis.server.raftlog.RaftLog.close(RaftLog.java:437)
	at org.apache.ratis.server.raftlog.segmented.SegmentedRaftLog.close(SegmentedRaftLog.java:476)
	at org.apache.ratis.server.impl.ServerState.close(ServerState.java:387)
	at org.apache.ratis.server.impl.RaftServerImpl.lambda$shutdown$3(RaftServerImpl.java:273)
	at org.apache.ratis.util.LifeCycle.lambda$checkStateAndClose$2(LifeCycle.java:231)
	at org.apache.ratis.util.LifeCycle.checkStateAndClose(LifeCycle.java:251)
	at org.apache.ratis.util.LifeCycle.checkStateAndClose(LifeCycle.java:229)
	at org.apache.ratis.server.impl.RaftServerImpl.shutdown(RaftServerImpl.java:250)
	at org.apache.ratis.server.impl.RaftServerProxy$ImplMap.lambda$close$0(RaftServerProxy.java:107)
	at java.util.stream.ForEachOps$ForEachOp$OfRef.accept(ForEachOps.java:184)
	at java.util.stream.ReferencePipeline$3$1.accept(ReferencePipeline.java:193)
	at java.util.concurrent.ConcurrentHashMap$ValueSpliterator.forEachRemaining(ConcurrentHashMap.java:3566)
	at java.util.stream.AbstractPipeline.copyInto(AbstractPipeline.java:482)
	at java.util.stream.ForEachOps$ForEachTask.compute(ForEachOps.java:291)
	at java.util.concurrent.CountedCompleter.exec(CountedCompleter.java:731)
	at java.util.concurrent.ForkJoinTask.doExec(ForkJoinTask.java:289)
	at java.util.concurrent.ForkJoinTask.doInvoke(ForkJoinTask.java:401)
	at java.util.concurrent.ForkJoinTask.invoke(ForkJoinTask.java:734)
	at java.util.stream.ForEachOps$ForEachOp.evaluateParallel(ForEachOps.java:160)
	at java.util.stream.ForEachOps$ForEachOp$OfRef.evaluateParallel(ForEachOps.java:174)
	at java.util.stream.AbstractPipeline.evaluate(AbstractPipeline.java:233)
	at java.util.stream.ReferencePipeline.forEach(ReferencePipeline.java:418)
	at org.apache.ratis.server.impl.RaftServerProxy$ImplMap.close(RaftServerProxy.java:107)
	at org.apache.ratis.server.impl.RaftServerProxy.lambda$close$4(RaftServerProxy.java:315)
	at org.apache.ratis.util.LifeCycle.lambda$checkStateAndClose$2(LifeCycle.java:231)
	at org.apache.ratis.util.LifeCycle.checkStateAndClose(LifeCycle.java:251)
	at org.apache.ratis.util.LifeCycle.checkStateAndClose(LifeCycle.java:229)
	at org.apache.ratis.server.impl.RaftServerProxy.close(RaftServerProxy.java:313)
	at org.apache.hadoop.ozone.container.common.transport.server.ratis.XceiverServerRatis.stop(XceiverServerRatis.java:441)
	at org.apache.hadoop.ozone.container.ozoneimpl.OzoneContainer.stop(OzoneContainer.java:233)
	at org.apache.hadoop.ozone.container.common.statemachine.DatanodeStateMachine.close(DatanodeStateMachine.java:270)
	at org.apache.hadoop.ozone.container.common.statemachine.DatanodeStateMachine.stopDaemon(DatanodeStateMachine.java:394)
	at org.apache.hadoop.ozone.HddsDatanodeService.stop(HddsDatanodeService.java:457)
	at org.apache.hadoop.ozone.MiniOzoneClusterImpl.stopDatanode(MiniOzoneClusterImpl.java:385)
	at java.util.stream.ForEachOps$ForEachOp$OfRef.accept(ForEachOps.java:184)
	at java.util.ArrayList$ArrayListSpliterator.forEachRemaining(ArrayList.java:1382)
	at java.util.stream.AbstractPipeline.copyInto(AbstractPipeline.java:482)
	at java.util.stream.ForEachOps$ForEachTask.compute(ForEachOps.java:291)
	at java.util.concurrent.CountedCompleter.exec(CountedCompleter.java:731)
	at java.util.concurrent.ForkJoinTask.doExec(ForkJoinTask.java:289)
	at java.util.concurrent.ForkJoinPool$WorkQueue.execLocalTasks(ForkJoinPool.java:1040)
	at java.util.concurrent.ForkJoinPool$WorkQueue.runTask(ForkJoinPool.java:1058)
	at java.util.concurrent.ForkJoinPool.runWorker(ForkJoinPool.java:1692)
	at java.util.concurrent.ForkJoinWorkerThread.run(ForkJoinWorkerThread.java:157)
2019-09-25 05:33:02,484 [main] INFO  utils.BackgroundService (BackgroundService.java:shutdown(148)) - Shutting down service BlockDeletingService
2019-09-25 05:33:02,485 [74c765d4-ecbc-4161-b0d3-3f71a54c17e6@group-37D53FCFBDA2:LeaderElection353] INFO  impl.LeaderElection (LeaderElection.java:run(140)) - 74c765d4-ecbc-4161-b0d3-3f71a54c17e6@group-37D53FCFBDA2:LeaderElection353: IllegalArgumentException is safely ignored since this is already CLOSING
2019-09-25 05:33:02,493 [main] INFO  statemachine.DatanodeStateMachine (DatanodeStateMachine.java:stopDaemon(395)) - Ozone container server stopped.
2019-09-25 05:33:02,495 [main] INFO  handler.ContextHandler (ContextHandler.java:doStop(910)) - Stopped o.e.j.w.WebAppContext@1624775{/,null,UNAVAILABLE}{/hddsDatanode}
2019-09-25 05:33:02,496 [main] INFO  server.AbstractConnector (AbstractConnector.java:doStop(318)) - Stopped ServerConnector@1e7f19b4{HTTP/1.1,[http/1.1]}{0.0.0.0:0}
2019-09-25 05:33:02,496 [main] INFO  handler.ContextHandler (ContextHandler.java:doStop(910)) - Stopped o.e.j.s.ServletContextHandler@1c52552f{/static,jar:file:/home/user/.m2/repository/org/apache/hadoop/hadoop-hdds-container-service/0.5.0-SNAPSHOT/hadoop-hdds-container-service-0.5.0-SNAPSHOT.jar!/webapps/static,UNAVAILABLE}
2019-09-25 05:33:02,497 [main] INFO  handler.ContextHandler (ContextHandler.java:doStop(910)) - Stopped o.e.j.s.ServletContextHandler@16da1abc{/logs,file:///workdir/hadoop-ozone/integration-test/target/log,UNAVAILABLE}
2019-09-25 05:33:02,498 [ForkJoinPool.commonPool-worker-1] INFO  utils.BackgroundService (BackgroundService.java:shutdown(148)) - Shutting down service BlockDeletingService
2019-09-25 05:33:02,502 [ForkJoinPool.commonPool-worker-1] INFO  statemachine.DatanodeStateMachine (DatanodeStateMachine.java:stopDaemon(395)) - Ozone container server stopped.
2019-09-25 05:33:02,504 [ForkJoinPool.commonPool-worker-1] INFO  handler.ContextHandler (ContextHandler.java:doStop(910)) - Stopped o.e.j.w.WebAppContext@1f2f0109{/,null,UNAVAILABLE}{/hddsDatanode}
2019-09-25 05:33:02,505 [ForkJoinPool.commonPool-worker-1] INFO  server.AbstractConnector (AbstractConnector.java:doStop(318)) - Stopped ServerConnector@483b0690{HTTP/1.1,[http/1.1]}{0.0.0.0:0}
2019-09-25 05:33:02,505 [ForkJoinPool.commonPool-worker-1] INFO  handler.ContextHandler (ContextHandler.java:doStop(910)) - Stopped o.e.j.s.ServletContextHandler@1984212d{/static,jar:file:/home/user/.m2/repository/org/apache/hadoop/hadoop-hdds-container-service/0.5.0-SNAPSHOT/hadoop-hdds-container-service-0.5.0-SNAPSHOT.jar!/webapps/static,UNAVAILABLE}
2019-09-25 05:33:02,505 [ForkJoinPool.commonPool-worker-1] INFO  handler.ContextHandler (ContextHandler.java:doStop(910)) - Stopped o.e.j.s.ServletContextHandler@69d3cf7e{/logs,file:///workdir/hadoop-ozone/integration-test/target/log,UNAVAILABLE}
2019-09-25 05:33:02,506 [main] INFO  ozone.MiniOzoneClusterImpl (MiniOzoneClusterImpl.java:stopSCM(392)) - Stopping the StorageContainerManager
2019-09-25 05:33:02,506 [main] INFO  server.StorageContainerManager (StorageContainerManager.java:stop(808)) - Stopping Replication Manager Service.
2019-09-25 05:33:02,507 [main] INFO  container.ReplicationManager (ReplicationManager.java:stop(203)) - Stopping Replication Monitor Thread.
2019-09-25 05:33:02,507 [main] INFO  server.StorageContainerManager (StorageContainerManager.java:stop(815)) - Stopping Lease Manager of the command watchers
2019-09-25 05:33:02,507 [main] INFO  server.StorageContainerManager (StorageContainerManager.java:stop(822)) - Stopping datanode service RPC server
2019-09-25 05:33:02,507 [main] INFO  server.SCMDatanodeProtocolServer (SCMDatanodeProtocolServer.java:stop(367)) - Stopping the RPC server for DataNodes
2019-09-25 05:33:02,508 [main] INFO  ipc.Server (Server.java:stop(3082)) - Stopping server on 44211
2019-09-25 05:33:02,511 [IPC Server listener on 44211] INFO  ipc.Server (Server.java:run(1185)) - Stopping IPC Server listener on 44211
2019-09-25 05:33:02,511 [IPC Server Responder] INFO  ipc.Server (Server.java:run(1319)) - Stopping IPC Server Responder
2019-09-25 05:33:02,577 [SCM Heartbeat Processing Thread - 0] WARN  node.NodeStateManager (NodeStateManager.java:scheduleNextHealthCheck(646)) - Current Thread is interrupted, shutting down HB processing thread for Node Manager.
2019-09-25 05:33:02,579 [main] INFO  server.StorageContainerManager (StorageContainerManager.java:stop(830)) - Stopping block service RPC server
2019-09-25 05:33:02,579 [main] INFO  server.SCMBlockProtocolServer (SCMBlockProtocolServer.java:stop(155)) - Stopping the RPC server for Block Protocol
2019-09-25 05:33:02,579 [main] INFO  ipc.Server (Server.java:stop(3082)) - Stopping server on 40850
2019-09-25 05:33:02,581 [IPC Server listener on 40850] INFO  ipc.Server (Server.java:run(1185)) - Stopping IPC Server listener on 40850
2019-09-25 05:33:02,581 [main] INFO  server.StorageContainerManager (StorageContainerManager.java:stop(837)) - Stopping the StorageContainerLocationProtocol RPC server
2019-09-25 05:33:02,583 [IPC Server Responder] INFO  ipc.Server (Server.java:run(1319)) - Stopping IPC Server Responder
2019-09-25 05:33:02,583 [main] INFO  server.SCMClientProtocolServer (SCMClientProtocolServer.java:stop(159)) - Stopping the RPC server for Client Protocol
2019-09-25 05:33:02,583 [main] INFO  ipc.Server (Server.java:stop(3082)) - Stopping server on 44813
2019-09-25 05:33:02,586 [IPC Server listener on 44813] INFO  ipc.Server (Server.java:run(1185)) - Stopping IPC Server listener on 44813
2019-09-25 05:33:02,586 [main] INFO  server.StorageContainerManager (StorageContainerManager.java:stop(844)) - Stopping Storage Container Manager HTTP server.
2019-09-25 05:33:02,587 [IPC Server Responder] INFO  ipc.Server (Server.java:run(1319)) - Stopping IPC Server Responder
2019-09-25 05:33:02,588 [main] INFO  handler.ContextHandler (ContextHandler.java:doStop(910)) - Stopped o.e.j.w.WebAppContext@adcfad9{/,null,UNAVAILABLE}{/scm}
2019-09-25 05:33:02,589 [main] INFO  server.AbstractConnector (AbstractConnector.java:doStop(318)) - Stopped ServerConnector@fb49fdf{HTTP/1.1,[http/1.1]}{0.0.0.0:0}
2019-09-25 05:33:02,589 [main] INFO  handler.ContextHandler (ContextHandler.java:doStop(910)) - Stopped o.e.j.s.ServletContextHandler@67e25252{/static,file:///workdir/hadoop-ozone/integration-test/target/test-classes/webapps/static,UNAVAILABLE}
2019-09-25 05:33:02,590 [main] INFO  handler.ContextHandler (ContextHandler.java:doStop(910)) - Stopped o.e.j.s.ServletContextHandler@32f96bba{/logs,file:///workdir/hadoop-ozone/integration-test/target/log,UNAVAILABLE}
2019-09-25 05:33:02,591 [main] INFO  server.StorageContainerManager (StorageContainerManager.java:stop(855)) - Stopping Block Manager Service.
2019-09-25 05:33:02,591 [main] INFO  utils.BackgroundService (BackgroundService.java:shutdown(148)) - Shutting down service SCMBlockDeletingService
2019-09-25 05:33:02,592 [main] INFO  utils.BackgroundService (BackgroundService.java:shutdown(148)) - Shutting down service SCMBlockDeletingService
2019-09-25 05:33:02,592 [main] INFO  server.StorageContainerManager (StorageContainerManager.java:stop(877)) - Stopping SCM Event Queue.
2019-09-25 05:33:02,596 [main] INFO  impl.MetricsSystemImpl (MetricsSystemImpl.java:stop(210)) - Stopping HddsDatanode metrics system...
2019-09-25 05:33:02,614 [main] INFO  impl.MetricsSystemImpl (MetricsSystemImpl.java:stop(216)) - HddsDatanode metrics system stopped.
]]></system-out>
  </testcase>
  <testcase name="testWriteSmallFile" classname="org.apache.hadoop.ozone.client.rpc.TestFailureHandlingByClient" time="81.016"/>
  <testcase name="testBlockWritesWithDnFailures" classname="org.apache.hadoop.ozone.client.rpc.TestFailureHandlingByClient" time="129.05"/>
  <testcase name="testDatanodeExclusionWithMajorityCommit" classname="org.apache.hadoop.ozone.client.rpc.TestFailureHandlingByClient" time="112.629"/>
</testsuite>