<?xml version="1.0" encoding="UTF-8"?>
<testsuite xmlns:xsi="http://www.w3.org/2001/XMLSchema-instance" xsi:noNamespaceSchemaLocation="https://maven.apache.org/surefire/maven-surefire-plugin/xsd/surefire-test-report.xsd" name="org.apache.hadoop.ozone.client.rpc.TestCommitWatcher" time="199.871" tests="2" errors="1" skipped="0" failures="1">
  <properties>
    <property name="awt.toolkit" value="sun.awt.X11.XToolkit"/>
    <property name="file.encoding.pkg" value="sun.io"/>
    <property name="java.specification.version" value="1.8"/>
    <property name="sun.cpu.isalist" value=""/>
    <property name="sun.jnu.encoding" value="UTF-8"/>
    <property name="java.class.path" value="/workdir/hadoop-ozone/integration-test/target/test-classes:/workdir/hadoop-ozone/integration-test/target/classes:/home/user/.m2/repository/org/apache/hadoop/hadoop-ozone-common/0.5.0-SNAPSHOT/hadoop-ozone-common-0.5.0-SNAPSHOT.jar:/home/user/.m2/repository/org/apache/commons/commons-compress/1.4.1/commons-compress-1.4.1.jar:/home/user/.m2/repository/org/tukaani/xz/1.0/xz-1.0.jar:/home/user/.m2/repository/org/apache/hadoop/hadoop-common/3.2.0/hadoop-common-3.2.0.jar:/home/user/.m2/repository/org/apache/hadoop/hadoop-hdfs/3.2.0/hadoop-hdfs-3.2.0.jar:/home/user/.m2/repository/org/apache/hadoop/hadoop-hdfs-client/3.2.0/hadoop-hdfs-client-3.2.0.jar:/home/user/.m2/repository/com/fasterxml/jackson/core/jackson-annotations/2.9.9/jackson-annotations-2.9.9.jar:/home/user/.m2/repository/org/apache/hadoop/hadoop-hdds-common/0.5.0-SNAPSHOT/hadoop-hdds-common-0.5.0-SNAPSHOT.jar:/home/user/.m2/repository/javax/annotation/javax.annotation-api/1.2/javax.annotation-api-1.2.jar:/home/user/.m2/repository/org/apache/ratis/ratis-server/0.4.0/ratis-server-0.4.0.jar:/home/user/.m2/repository/org/apache/ratis/ratis-thirdparty-misc/0.2.0/ratis-thirdparty-misc-0.2.0.jar:/home/user/.m2/repository/org/apache/ratis/ratis-proto/0.4.0/ratis-proto-0.4.0.jar:/home/user/.m2/repository/org/apache/ratis/ratis-common/0.4.0/ratis-common-0.4.0.jar:/home/user/.m2/repository/org/apache/ratis/ratis-client/0.4.0/ratis-client-0.4.0.jar:/home/user/.m2/repository/org/apache/ratis/ratis-metrics/0.4.0/ratis-metrics-0.4.0.jar:/home/user/.m2/repository/com/github/joshelser/dropwizard-metrics-hadoop-metrics2-reporter/0.1.2/dropwizard-metrics-hadoop-metrics2-reporter-0.1.2.jar:/home/user/.m2/repository/io/dropwizard/metrics/metrics-jvm/3.2.5/metrics-jvm-3.2.5.jar:/home/user/.m2/repository/io/dropwizard/metrics/metrics-ganglia/3.2.5/metrics-ganglia-3.2.5.jar:/home/user/.m2/repository/info/ganglia/gmetric4j/gmetric4j/1.0.7/gmetric4j-1.0.7.jar:/home/user/.m2/repository/org/apache/ratis/ratis-netty/0.4.0/ratis-netty-0.4.0.jar:/home/user/.m2/repository/org/apache/ratis/ratis-grpc/0.4.0/ratis-grpc-0.4.0.jar:/home/user/.m2/repository/org/rocksdb/rocksdbjni/6.0.1/rocksdbjni-6.0.1.jar:/home/user/.m2/repository/org/apache/logging/log4j/log4j-api/2.11.0/log4j-api-2.11.0.jar:/home/user/.m2/repository/org/apache/logging/log4j/log4j-core/2.11.0/log4j-core-2.11.0.jar:/home/user/.m2/repository/com/lmax/disruptor/3.4.2/disruptor-3.4.2.jar:/home/user/.m2/repository/org/apache/commons/commons-pool2/2.6.0/commons-pool2-2.6.0.jar:/home/user/.m2/repository/org/bouncycastle/bcpkix-jdk15on/1.60/bcpkix-jdk15on-1.60.jar:/home/user/.m2/repository/commons-validator/commons-validator/1.6/commons-validator-1.6.jar:/home/user/.m2/repository/commons-digester/commons-digester/1.8.1/commons-digester-1.8.1.jar:/home/user/.m2/repository/io/jaegertracing/jaeger-client/0.34.0/jaeger-client-0.34.0.jar:/home/user/.m2/repository/io/jaegertracing/jaeger-thrift/0.34.0/jaeger-thrift-0.34.0.jar:/home/user/.m2/repository/org/apache/thrift/libthrift/0.12.0/libthrift-0.12.0.jar:/home/user/.m2/repository/com/squareup/okhttp3/okhttp/3.9.0/okhttp-3.9.0.jar:/home/user/.m2/repository/com/squareup/okio/okio/1.13.0/okio-1.13.0.jar:/home/user/.m2/repository/io/jaegertracing/jaeger-core/0.34.0/jaeger-core-0.34.0.jar:/home/user/.m2/repository/io/jaegertracing/jaeger-tracerresolver/0.34.0/jaeger-tracerresolver-0.34.0.jar:/home/user/.m2/repository/io/opentracing/contrib/opentracing-tracerresolver/0.1.5/opentracing-tracerresolver-0.1.5.jar:/home/user/.m2/repository/io/opentracing/opentracing-util/0.31.0/opentracing-util-0.31.0.jar:/home/user/.m2/repository/io/opentracing/opentracing-api/0.31.0/opentracing-api-0.31.0.jar:/home/user/.m2/repository/io/opentracing/opentracing-noop/0.31.0/opentracing-noop-0.31.0.jar:/home/user/.m2/repository/org/apache/hadoop/hadoop-hdds-server-framework/0.5.0-SNAPSHOT/hadoop-hdds-server-framework-0.5.0-SNAPSHOT.jar:/home/user/.m2/repository/org/apache/hadoop/hadoop-hdds-container-service/0.5.0-SNAPSHOT/hadoop-hdds-container-service-0.5.0-SNAPSHOT.jar:/home/user/.m2/repository/org/apache/hadoop/hadoop-hdds-client/0.5.0-SNAPSHOT/hadoop-hdds-client-0.5.0-SNAPSHOT.jar:/home/user/.m2/repository/org/apache/hadoop/hadoop-hdds-tools/0.5.0-SNAPSHOT/hadoop-hdds-tools-0.5.0-SNAPSHOT.jar:/home/user/.m2/repository/org/apache/hadoop/hadoop-hdds-server-scm/0.5.0-SNAPSHOT/hadoop-hdds-server-scm-0.5.0-SNAPSHOT.jar:/home/user/.m2/repository/org/apache/hadoop/hadoop-hdds-docs/0.5.0-SNAPSHOT/hadoop-hdds-docs-0.5.0-SNAPSHOT.jar:/home/user/.m2/repository/io/dropwizard/metrics/metrics-core/3.2.4/metrics-core-3.2.4.jar:/home/user/.m2/repository/org/hamcrest/hamcrest-all/1.3/hamcrest-all-1.3.jar:/home/user/.m2/repository/org/bouncycastle/bcprov-jdk15on/1.60/bcprov-jdk15on-1.60.jar:/home/user/.m2/repository/info/picocli/picocli/3.9.6/picocli-3.9.6.jar:/home/user/.m2/repository/com/google/protobuf/protobuf-java/2.5.0/protobuf-java-2.5.0.jar:/home/user/.m2/repository/com/google/guava/guava/11.0.2/guava-11.0.2.jar:/home/user/.m2/repository/org/apache/hadoop/hadoop-ozone-ozone-manager/0.5.0-SNAPSHOT/hadoop-ozone-ozone-manager-0.5.0-SNAPSHOT.jar:/home/user/.m2/repository/org/apache/hadoop/hadoop-minikdc/3.2.0/hadoop-minikdc-3.2.0.jar:/home/user/.m2/repository/commons-io/commons-io/2.5/commons-io-2.5.jar:/home/user/.m2/repository/org/apache/kerby/kerb-simplekdc/1.0.1/kerb-simplekdc-1.0.1.jar:/home/user/.m2/repository/org/apache/kerby/kerb-client/1.0.1/kerb-client-1.0.1.jar:/home/user/.m2/repository/org/apache/kerby/kerby-config/1.0.1/kerby-config-1.0.1.jar:/home/user/.m2/repository/org/apache/kerby/kerb-core/1.0.1/kerb-core-1.0.1.jar:/home/user/.m2/repository/org/apache/kerby/kerby-pkix/1.0.1/kerby-pkix-1.0.1.jar:/home/user/.m2/repository/org/apache/kerby/kerby-asn1/1.0.1/kerby-asn1-1.0.1.jar:/home/user/.m2/repository/org/apache/kerby/kerby-util/1.0.1/kerby-util-1.0.1.jar:/home/user/.m2/repository/org/apache/kerby/kerb-common/1.0.1/kerb-common-1.0.1.jar:/home/user/.m2/repository/org/apache/kerby/kerb-crypto/1.0.1/kerb-crypto-1.0.1.jar:/home/user/.m2/repository/org/apache/kerby/kerb-util/1.0.1/kerb-util-1.0.1.jar:/home/user/.m2/repository/org/apache/kerby/token-provider/1.0.1/token-provider-1.0.1.jar:/home/user/.m2/repository/org/apache/kerby/kerb-admin/1.0.1/kerb-admin-1.0.1.jar:/home/user/.m2/repository/org/apache/kerby/kerb-server/1.0.1/kerb-server-1.0.1.jar:/home/user/.m2/repository/org/apache/kerby/kerb-identity/1.0.1/kerb-identity-1.0.1.jar:/home/user/.m2/repository/org/apache/kerby/kerby-xdr/1.0.1/kerby-xdr-1.0.1.jar:/home/user/.m2/repository/org/slf4j/slf4j-log4j12/1.7.25/slf4j-log4j12-1.7.25.jar:/home/user/.m2/repository/org/apache/hadoop/hadoop-ozone-s3gateway/0.5.0-SNAPSHOT/hadoop-ozone-s3gateway-0.5.0-SNAPSHOT.jar:/home/user/.m2/repository/org/jboss/weld/servlet/weld-servlet/2.4.7.Final/weld-servlet-2.4.7.Final.jar:/home/user/.m2/repository/org/glassfish/jersey/containers/jersey-container-servlet-core/2.27/jersey-container-servlet-core-2.27.jar:/home/user/.m2/repository/org/glassfish/hk2/external/javax.inject/2.5.0-b42/javax.inject-2.5.0-b42.jar:/home/user/.m2/repository/org/glassfish/jersey/core/jersey-common/2.27/jersey-common-2.27.jar:/home/user/.m2/repository/org/glassfish/hk2/osgi-resource-locator/1.0.1/osgi-resource-locator-1.0.1.jar:/home/user/.m2/repository/javax/ws/rs/javax.ws.rs-api/2.1/javax.ws.rs-api-2.1.jar:/home/user/.m2/repository/org/glassfish/jersey/ext/cdi/jersey-cdi1x/2.27/jersey-cdi1x-2.27.jar:/home/user/.m2/repository/org/glassfish/jersey/inject/jersey-hk2/2.27/jersey-hk2-2.27.jar:/home/user/.m2/repository/org/glassfish/hk2/hk2-locator/2.5.0-b42/hk2-locator-2.5.0-b42.jar:/home/user/.m2/repository/org/javassist/javassist/3.22.0-CR2/javassist-3.22.0-CR2.jar:/home/user/.m2/repository/org/glassfish/hk2/hk2-api/2.5.0/hk2-api-2.5.0.jar:/home/user/.m2/repository/org/glassfish/hk2/external/jakarta.inject/2.5.0/jakarta.inject-2.5.0.jar:/home/user/.m2/repository/org/glassfish/hk2/hk2-utils/2.5.0/hk2-utils-2.5.0.jar:/home/user/.m2/repository/jakarta/annotation/jakarta.annotation-api/1.3.4/jakarta.annotation-api-1.3.4.jar:/home/user/.m2/repository/org/glassfish/hk2/external/aopalliance-repackaged/2.5.0/aopalliance-repackaged-2.5.0.jar:/home/user/.m2/repository/com/fasterxml/jackson/dataformat/jackson-dataformat-xml/2.9.0/jackson-dataformat-xml-2.9.0.jar:/home/user/.m2/repository/com/fasterxml/jackson/core/jackson-core/2.9.9/jackson-core-2.9.9.jar:/home/user/.m2/repository/com/fasterxml/jackson/module/jackson-module-jaxb-annotations/2.9.9/jackson-module-jaxb-annotations-2.9.9.jar:/home/user/.m2/repository/javax/enterprise/cdi-api/1.2/cdi-api-1.2.jar:/home/user/.m2/repository/javax/el/javax.el-api/3.0.0/javax.el-api-3.0.0.jar:/home/user/.m2/repository/javax/interceptor/javax.interceptor-api/1.2/javax.interceptor-api-1.2.jar:/home/user/.m2/repository/javax/inject/javax.inject/1/javax.inject-1.jar:/home/user/.m2/repository/com/sun/xml/bind/jaxb-impl/2.3.0.1/jaxb-impl-2.3.0.1.jar:/home/user/.m2/repository/com/sun/xml/bind/jaxb-core/2.3.0.1/jaxb-core-2.3.0.1.jar:/home/user/.m2/repository/javax/xml/bind/jaxb-api/2.3.0/jaxb-api-2.3.0.jar:/home/user/.m2/repository/javax/activation/activation/1.1.1/activation-1.1.1.jar:/home/user/.m2/repository/org/apache/hadoop/hadoop-ozone-csi/0.5.0-SNAPSHOT/hadoop-ozone-csi-0.5.0-SNAPSHOT.jar:/home/user/.m2/repository/com/google/protobuf/protobuf-java-util/3.5.1/protobuf-java-util-3.5.1.jar:/home/user/.m2/repository/org/apache/hadoop/hadoop-hdds-config/0.5.0-SNAPSHOT/hadoop-hdds-config-0.5.0-SNAPSHOT.jar:/home/user/.m2/repository/io/grpc/grpc-netty/1.17.1/grpc-netty-1.17.1.jar:/home/user/.m2/repository/io/grpc/grpc-core/1.17.1/grpc-core-1.17.1.jar:/home/user/.m2/repository/io/grpc/grpc-context/1.17.1/grpc-context-1.17.1.jar:/home/user/.m2/repository/com/google/errorprone/error_prone_annotations/2.2.0/error_prone_annotations-2.2.0.jar:/home/user/.m2/repository/org/codehaus/mojo/animal-sniffer-annotations/1.17/animal-sniffer-annotations-1.17.jar:/home/user/.m2/repository/io/opencensus/opencensus-api/0.17.0/opencensus-api-0.17.0.jar:/home/user/.m2/repository/io/opencensus/opencensus-contrib-grpc-metrics/0.17.0/opencensus-contrib-grpc-metrics-0.17.0.jar:/home/user/.m2/repository/io/netty/netty-codec-http2/4.1.30.Final/netty-codec-http2-4.1.30.Final.jar:/home/user/.m2/repository/io/netty/netty-codec-http/4.1.30.Final/netty-codec-http-4.1.30.Final.jar:/home/user/.m2/repository/io/netty/netty-codec/4.1.30.Final/netty-codec-4.1.30.Final.jar:/home/user/.m2/repository/io/netty/netty-handler/4.1.30.Final/netty-handler-4.1.30.Final.jar:/home/user/.m2/repository/io/netty/netty-handler-proxy/4.1.30.Final/netty-handler-proxy-4.1.30.Final.jar:/home/user/.m2/repository/io/netty/netty-codec-socks/4.1.30.Final/netty-codec-socks-4.1.30.Final.jar:/home/user/.m2/repository/io/netty/netty-transport-native-epoll/4.1.30.Final/netty-transport-native-epoll-4.1.30.Final.jar:/home/user/.m2/repository/io/netty/netty-common/4.1.30.Final/netty-common-4.1.30.Final.jar:/home/user/.m2/repository/io/netty/netty-buffer/4.1.30.Final/netty-buffer-4.1.30.Final.jar:/home/user/.m2/repository/io/netty/netty-transport/4.1.30.Final/netty-transport-4.1.30.Final.jar:/home/user/.m2/repository/io/netty/netty-resolver/4.1.30.Final/netty-resolver-4.1.30.Final.jar:/home/user/.m2/repository/io/netty/netty-transport-native-unix-common/4.1.30.Final/netty-transport-native-unix-common-4.1.30.Final.jar:/home/user/.m2/repository/io/grpc/grpc-protobuf/1.17.1/grpc-protobuf-1.17.1.jar:/home/user/.m2/repository/com/google/api/grpc/proto-google-common-protos/1.0.0/proto-google-common-protos-1.0.0.jar:/home/user/.m2/repository/io/grpc/grpc-protobuf-lite/1.17.1/grpc-protobuf-lite-1.17.1.jar:/home/user/.m2/repository/io/grpc/grpc-stub/1.17.1/grpc-stub-1.17.1.jar:/home/user/.m2/repository/org/apache/hadoop/hadoop-ozone-recon/0.5.0-SNAPSHOT/hadoop-ozone-recon-0.5.0-SNAPSHOT.jar:/home/user/.m2/repository/org/apache/hadoop/hadoop-ozone-reconcodegen/0.5.0-SNAPSHOT/hadoop-ozone-reconcodegen-0.5.0-SNAPSHOT.jar:/home/user/.m2/repository/com/google/inject/extensions/guice-multibindings/4.0/guice-multibindings-4.0.jar:/home/user/.m2/repository/com/google/inject/guice/4.0/guice-4.0.jar:/home/user/.m2/repository/aopalliance/aopalliance/1.0/aopalliance-1.0.jar:/home/user/.m2/repository/com/google/inject/extensions/guice-servlet/4.0/guice-servlet-4.0.jar:/home/user/.m2/repository/org/glassfish/jersey/containers/jersey-container-servlet/2.27/jersey-container-servlet-2.27.jar:/home/user/.m2/repository/org/glassfish/hk2/guice-bridge/2.5.0/guice-bridge-2.5.0.jar:/home/user/.m2/repository/org/glassfish/jersey/core/jersey-server/2.27/jersey-server-2.27.jar:/home/user/.m2/repository/org/glassfish/jersey/core/jersey-client/2.27/jersey-client-2.27.jar:/home/user/.m2/repository/org/glassfish/jersey/media/jersey-media-jaxb/2.27/jersey-media-jaxb-2.27.jar:/home/user/.m2/repository/javax/validation/validation-api/1.1.0.Final/validation-api-1.1.0.Final.jar:/home/user/.m2/repository/org/glassfish/jersey/media/jersey-media-json-jackson/2.27/jersey-media-json-jackson-2.27.jar:/home/user/.m2/repository/org/glassfish/jersey/ext/jersey-entity-filtering/2.27/jersey-entity-filtering-2.27.jar:/home/user/.m2/repository/com/google/inject/extensions/guice-assistedinject/4.0/guice-assistedinject-4.0.jar:/home/user/.m2/repository/org/jooq/jooq/3.11.10/jooq-3.11.10.jar:/home/user/.m2/repository/org/jooq/jooq-meta/3.11.10/jooq-meta-3.11.10.jar:/home/user/.m2/repository/org/jooq/jooq-codegen/3.11.10/jooq-codegen-3.11.10.jar:/home/user/.m2/repository/com/jolbox/bonecp/0.8.0.RELEASE/bonecp-0.8.0.RELEASE.jar:/home/user/.m2/repository/org/xerial/sqlite-jdbc/3.25.2/sqlite-jdbc-3.25.2.jar:/home/user/.m2/repository/org/springframework/spring-jdbc/5.1.3.RELEASE/spring-jdbc-5.1.3.RELEASE.jar:/home/user/.m2/repository/org/springframework/spring-beans/5.1.3.RELEASE/spring-beans-5.1.3.RELEASE.jar:/home/user/.m2/repository/org/springframework/spring-core/5.1.3.RELEASE/spring-core-5.1.3.RELEASE.jar:/home/user/.m2/repository/org/springframework/spring-jcl/5.1.3.RELEASE/spring-jcl-5.1.3.RELEASE.jar:/home/user/.m2/repository/org/springframework/spring-tx/5.1.3.RELEASE/spring-tx-5.1.3.RELEASE.jar:/home/user/.m2/repository/org/apache/hadoop/hadoop-ozone-client/0.5.0-SNAPSHOT/hadoop-ozone-client-0.5.0-SNAPSHOT.jar:/home/user/.m2/repository/commons-lang/commons-lang/2.6/commons-lang-2.6.jar:/home/user/.m2/repository/org/apache/hadoop/hadoop-ozone-ozone-manager/0.5.0-SNAPSHOT/hadoop-ozone-ozone-manager-0.5.0-SNAPSHOT-tests.jar:/home/user/.m2/repository/junit/junit/4.11/junit-4.11.jar:/home/user/.m2/repository/org/hamcrest/hamcrest-core/1.3/hamcrest-core-1.3.jar:/home/user/.m2/repository/org/openjdk/jmh/jmh-core/1.19/jmh-core-1.19.jar:/home/user/.m2/repository/net/sf/jopt-simple/jopt-simple/4.6/jopt-simple-4.6.jar:/home/user/.m2/repository/org/apache/commons/commons-math3/3.1.1/commons-math3-3.1.1.jar:/home/user/.m2/repository/org/openjdk/jmh/jmh-generator-annprocess/1.19/jmh-generator-annprocess-1.19.jar:/home/user/.m2/repository/org/mockito/mockito-all/1.8.5/mockito-all-1.8.5.jar:/home/user/.m2/repository/org/apache/hadoop/hadoop-kms/3.2.0/hadoop-kms-3.2.0.jar:/home/user/.m2/repository/org/apache/hadoop/hadoop-auth/3.2.0/hadoop-auth-3.2.0.jar:/home/user/.m2/repository/com/nimbusds/nimbus-jose-jwt/4.41.1/nimbus-jose-jwt-4.41.1.jar:/home/user/.m2/repository/com/github/stephenc/jcip/jcip-annotations/1.0-1/jcip-annotations-1.0-1.jar:/home/user/.m2/repository/net/minidev/json-smart/2.3/json-smart-2.3.jar:/home/user/.m2/repository/net/minidev/accessors-smart/1.2/accessors-smart-1.2.jar:/home/user/.m2/repository/org/ow2/asm/asm/5.0.4/asm-5.0.4.jar:/home/user/.m2/repository/org/apache/curator/curator-framework/2.12.0/curator-framework-2.12.0.jar:/home/user/.m2/repository/com/sun/jersey/jersey-core/1.19/jersey-core-1.19.jar:/home/user/.m2/repository/javax/ws/rs/jsr311-api/1.1.1/jsr311-api-1.1.1.jar:/home/user/.m2/repository/com/sun/jersey/jersey-server/1.19/jersey-server-1.19.jar:/home/user/.m2/repository/javax/servlet/javax.servlet-api/3.1.0/javax.servlet-api-3.1.0.jar:/home/user/.m2/repository/org/eclipse/jetty/jetty-server/9.3.25.v20180904/jetty-server-9.3.25.v20180904.jar:/home/user/.m2/repository/org/eclipse/jetty/jetty-http/9.3.25.v20180904/jetty-http-9.3.25.v20180904.jar:/home/user/.m2/repository/org/eclipse/jetty/jetty-io/9.3.25.v20180904/jetty-io-9.3.25.v20180904.jar:/home/user/.m2/repository/org/eclipse/jetty/jetty-webapp/9.3.25.v20180904/jetty-webapp-9.3.25.v20180904.jar:/home/user/.m2/repository/org/eclipse/jetty/jetty-xml/9.3.25.v20180904/jetty-xml-9.3.25.v20180904.jar:/home/user/.m2/repository/log4j/log4j/1.2.17/log4j-1.2.17.jar:/home/user/.m2/repository/org/slf4j/slf4j-api/1.7.25/slf4j-api-1.7.25.jar:/home/user/.m2/repository/org/slf4j/jul-to-slf4j/1.7.25/jul-to-slf4j-1.7.25.jar:/home/user/.m2/repository/org/eclipse/jetty/jetty-util/9.3.25.v20180904/jetty-util-9.3.25.v20180904.jar:/home/user/.m2/repository/com/fasterxml/jackson/core/jackson-databind/2.9.9/jackson-databind-2.9.9.jar:/home/user/.m2/repository/org/apache/hadoop/hadoop-kms/3.2.0/hadoop-kms-3.2.0-tests.jar:/home/user/.m2/repository/org/apache/hadoop/hadoop-hdds-server-scm/0.5.0-SNAPSHOT/hadoop-hdds-server-scm-0.5.0-SNAPSHOT-tests.jar:/home/user/.m2/repository/org/apache/hadoop/hadoop-hdds-container-service/0.5.0-SNAPSHOT/hadoop-hdds-container-service-0.5.0-SNAPSHOT-tests.jar:/home/user/.m2/repository/org/yaml/snakeyaml/1.16/snakeyaml-1.16.jar:/home/user/.m2/repository/org/apache/hadoop/hadoop-common/3.2.0/hadoop-common-3.2.0-tests.jar:/home/user/.m2/repository/org/apache/hadoop/hadoop-annotations/3.2.0/hadoop-annotations-3.2.0.jar:/usr/lib/jvm/java-1.8-openjdk/jre/../lib/tools.jar:/home/user/.m2/repository/commons-cli/commons-cli/1.2/commons-cli-1.2.jar:/home/user/.m2/repository/org/apache/httpcomponents/httpclient/4.5.2/httpclient-4.5.2.jar:/home/user/.m2/repository/org/apache/httpcomponents/httpcore/4.4.4/httpcore-4.4.4.jar:/home/user/.m2/repository/commons-codec/commons-codec/1.11/commons-codec-1.11.jar:/home/user/.m2/repository/commons-net/commons-net/3.6/commons-net-3.6.jar:/home/user/.m2/repository/commons-collections/commons-collections/3.2.2/commons-collections-3.2.2.jar:/home/user/.m2/repository/org/eclipse/jetty/jetty-servlet/9.3.25.v20180904/jetty-servlet-9.3.25.v20180904.jar:/home/user/.m2/repository/org/eclipse/jetty/jetty-security/9.3.25.v20180904/jetty-security-9.3.25.v20180904.jar:/home/user/.m2/repository/javax/servlet/jsp/jsp-api/2.1/jsp-api-2.1.jar:/home/user/.m2/repository/com/sun/jersey/jersey-servlet/1.19/jersey-servlet-1.19.jar:/home/user/.m2/repository/com/sun/jersey/jersey-json/1.19/jersey-json-1.19.jar:/home/user/.m2/repository/org/codehaus/jettison/jettison/1.1/jettison-1.1.jar:/home/user/.m2/repository/org/codehaus/jackson/jackson-core-asl/1.9.13/jackson-core-asl-1.9.13.jar:/home/user/.m2/repository/org/codehaus/jackson/jackson-mapper-asl/1.9.13/jackson-mapper-asl-1.9.13.jar:/home/user/.m2/repository/org/codehaus/jackson/jackson-jaxrs/1.9.13/jackson-jaxrs-1.9.13.jar:/home/user/.m2/repository/org/codehaus/jackson/jackson-xc/1.9.13/jackson-xc-1.9.13.jar:/home/user/.m2/repository/commons-logging/commons-logging/1.1.3/commons-logging-1.1.3.jar:/home/user/.m2/repository/commons-beanutils/commons-beanutils/1.9.4/commons-beanutils-1.9.4.jar:/home/user/.m2/repository/org/apache/commons/commons-configuration2/2.1.1/commons-configuration2-2.1.1.jar:/home/user/.m2/repository/org/apache/commons/commons-lang3/3.7/commons-lang3-3.7.jar:/home/user/.m2/repository/org/apache/commons/commons-text/1.4/commons-text-1.4.jar:/home/user/.m2/repository/org/apache/avro/avro/1.7.7/avro-1.7.7.jar:/home/user/.m2/repository/com/thoughtworks/paranamer/paranamer/2.3/paranamer-2.3.jar:/home/user/.m2/repository/org/xerial/snappy/snappy-java/1.0.5/snappy-java-1.0.5.jar:/home/user/.m2/repository/com/google/re2j/re2j/1.1/re2j-1.1.jar:/home/user/.m2/repository/com/google/code/gson/gson/2.2.4/gson-2.2.4.jar:/home/user/.m2/repository/com/jcraft/jsch/0.1.54/jsch-0.1.54.jar:/home/user/.m2/repository/org/apache/curator/curator-client/2.12.0/curator-client-2.12.0.jar:/home/user/.m2/repository/org/apache/curator/curator-recipes/2.12.0/curator-recipes-2.12.0.jar:/home/user/.m2/repository/com/google/code/findbugs/jsr305/3.0.0/jsr305-3.0.0.jar:/home/user/.m2/repository/org/apache/htrace/htrace-core4/4.1.0-incubating/htrace-core4-4.1.0-incubating.jar:/home/user/.m2/repository/org/apache/zookeeper/zookeeper/3.4.13/zookeeper-3.4.13.jar:/home/user/.m2/repository/jline/jline/0.9.94/jline-0.9.94.jar:/home/user/.m2/repository/org/apache/yetus/audience-annotations/0.5.0/audience-annotations-0.5.0.jar:/home/user/.m2/repository/org/codehaus/woodstox/stax2-api/3.1.4/stax2-api-3.1.4.jar:/home/user/.m2/repository/com/fasterxml/woodstox/woodstox-core/5.0.3/woodstox-core-5.0.3.jar:/home/user/.m2/repository/dnsjava/dnsjava/2.1.7/dnsjava-2.1.7.jar:/home/user/.m2/repository/org/apache/hadoop/hadoop-hdfs/3.2.0/hadoop-hdfs-3.2.0-tests.jar:/home/user/.m2/repository/org/eclipse/jetty/jetty-util-ajax/9.3.25.v20180904/jetty-util-ajax-9.3.25.v20180904.jar:/home/user/.m2/repository/commons-daemon/commons-daemon/1.0.13/commons-daemon-1.0.13.jar:/home/user/.m2/repository/io/netty/netty/3.10.5.Final/netty-3.10.5.Final.jar:/home/user/.m2/repository/io/netty/netty-all/4.0.52.Final/netty-all-4.0.52.Final.jar:/home/user/.m2/repository/org/fusesource/leveldbjni/leveldbjni-all/1.8/leveldbjni-all-1.8.jar:"/>
    <property name="java.vm.vendor" value="IcedTea"/>
    <property name="sun.arch.data.model" value="64"/>
    <property name="test.build.dir" value="/workdir/hadoop-ozone/integration-test/target/test-dir"/>
    <property name="test.cache.data" value=""/>
    <property name="java.vendor.url" value="https://icedtea.classpath.org"/>
    <property name="user.timezone" value=""/>
    <property name="java.vm.specification.version" value="1.8"/>
    <property name="os.name" value="Linux"/>
    <property name="test.build.data" value="/workdir/hadoop-ozone/integration-test/target/test-dir"/>
    <property name="user.country" value="US"/>
    <property name="sun.java.launcher" value="SUN_STANDARD"/>
    <property name="sun.boot.library.path" value="/usr/lib/jvm/java-1.8-openjdk/jre/lib/amd64"/>
    <property name="sun.java.command" value="/workdir/hadoop-ozone/integration-test/target/surefire/surefirebooter5896180638855768557.jar /workdir/hadoop-ozone/integration-test/target/surefire 2019-09-25T04-24-54_173-jvmRun1 surefire7266585097420308947tmp surefire_224400296886239286099tmp"/>
    <property name="test" value="!TestMiniChaosOzoneCluster"/>
    <property name="surefire.test.class.path" value="/workdir/hadoop-ozone/integration-test/target/test-classes:/workdir/hadoop-ozone/integration-test/target/classes:/home/user/.m2/repository/org/apache/hadoop/hadoop-ozone-common/0.5.0-SNAPSHOT/hadoop-ozone-common-0.5.0-SNAPSHOT.jar:/home/user/.m2/repository/org/apache/commons/commons-compress/1.4.1/commons-compress-1.4.1.jar:/home/user/.m2/repository/org/tukaani/xz/1.0/xz-1.0.jar:/home/user/.m2/repository/org/apache/hadoop/hadoop-common/3.2.0/hadoop-common-3.2.0.jar:/home/user/.m2/repository/org/apache/hadoop/hadoop-hdfs/3.2.0/hadoop-hdfs-3.2.0.jar:/home/user/.m2/repository/org/apache/hadoop/hadoop-hdfs-client/3.2.0/hadoop-hdfs-client-3.2.0.jar:/home/user/.m2/repository/com/fasterxml/jackson/core/jackson-annotations/2.9.9/jackson-annotations-2.9.9.jar:/home/user/.m2/repository/org/apache/hadoop/hadoop-hdds-common/0.5.0-SNAPSHOT/hadoop-hdds-common-0.5.0-SNAPSHOT.jar:/home/user/.m2/repository/javax/annotation/javax.annotation-api/1.2/javax.annotation-api-1.2.jar:/home/user/.m2/repository/org/apache/ratis/ratis-server/0.4.0/ratis-server-0.4.0.jar:/home/user/.m2/repository/org/apache/ratis/ratis-thirdparty-misc/0.2.0/ratis-thirdparty-misc-0.2.0.jar:/home/user/.m2/repository/org/apache/ratis/ratis-proto/0.4.0/ratis-proto-0.4.0.jar:/home/user/.m2/repository/org/apache/ratis/ratis-common/0.4.0/ratis-common-0.4.0.jar:/home/user/.m2/repository/org/apache/ratis/ratis-client/0.4.0/ratis-client-0.4.0.jar:/home/user/.m2/repository/org/apache/ratis/ratis-metrics/0.4.0/ratis-metrics-0.4.0.jar:/home/user/.m2/repository/com/github/joshelser/dropwizard-metrics-hadoop-metrics2-reporter/0.1.2/dropwizard-metrics-hadoop-metrics2-reporter-0.1.2.jar:/home/user/.m2/repository/io/dropwizard/metrics/metrics-jvm/3.2.5/metrics-jvm-3.2.5.jar:/home/user/.m2/repository/io/dropwizard/metrics/metrics-ganglia/3.2.5/metrics-ganglia-3.2.5.jar:/home/user/.m2/repository/info/ganglia/gmetric4j/gmetric4j/1.0.7/gmetric4j-1.0.7.jar:/home/user/.m2/repository/org/apache/ratis/ratis-netty/0.4.0/ratis-netty-0.4.0.jar:/home/user/.m2/repository/org/apache/ratis/ratis-grpc/0.4.0/ratis-grpc-0.4.0.jar:/home/user/.m2/repository/org/rocksdb/rocksdbjni/6.0.1/rocksdbjni-6.0.1.jar:/home/user/.m2/repository/org/apache/logging/log4j/log4j-api/2.11.0/log4j-api-2.11.0.jar:/home/user/.m2/repository/org/apache/logging/log4j/log4j-core/2.11.0/log4j-core-2.11.0.jar:/home/user/.m2/repository/com/lmax/disruptor/3.4.2/disruptor-3.4.2.jar:/home/user/.m2/repository/org/apache/commons/commons-pool2/2.6.0/commons-pool2-2.6.0.jar:/home/user/.m2/repository/org/bouncycastle/bcpkix-jdk15on/1.60/bcpkix-jdk15on-1.60.jar:/home/user/.m2/repository/commons-validator/commons-validator/1.6/commons-validator-1.6.jar:/home/user/.m2/repository/commons-digester/commons-digester/1.8.1/commons-digester-1.8.1.jar:/home/user/.m2/repository/io/jaegertracing/jaeger-client/0.34.0/jaeger-client-0.34.0.jar:/home/user/.m2/repository/io/jaegertracing/jaeger-thrift/0.34.0/jaeger-thrift-0.34.0.jar:/home/user/.m2/repository/org/apache/thrift/libthrift/0.12.0/libthrift-0.12.0.jar:/home/user/.m2/repository/com/squareup/okhttp3/okhttp/3.9.0/okhttp-3.9.0.jar:/home/user/.m2/repository/com/squareup/okio/okio/1.13.0/okio-1.13.0.jar:/home/user/.m2/repository/io/jaegertracing/jaeger-core/0.34.0/jaeger-core-0.34.0.jar:/home/user/.m2/repository/io/jaegertracing/jaeger-tracerresolver/0.34.0/jaeger-tracerresolver-0.34.0.jar:/home/user/.m2/repository/io/opentracing/contrib/opentracing-tracerresolver/0.1.5/opentracing-tracerresolver-0.1.5.jar:/home/user/.m2/repository/io/opentracing/opentracing-util/0.31.0/opentracing-util-0.31.0.jar:/home/user/.m2/repository/io/opentracing/opentracing-api/0.31.0/opentracing-api-0.31.0.jar:/home/user/.m2/repository/io/opentracing/opentracing-noop/0.31.0/opentracing-noop-0.31.0.jar:/home/user/.m2/repository/org/apache/hadoop/hadoop-hdds-server-framework/0.5.0-SNAPSHOT/hadoop-hdds-server-framework-0.5.0-SNAPSHOT.jar:/home/user/.m2/repository/org/apache/hadoop/hadoop-hdds-container-service/0.5.0-SNAPSHOT/hadoop-hdds-container-service-0.5.0-SNAPSHOT.jar:/home/user/.m2/repository/org/apache/hadoop/hadoop-hdds-client/0.5.0-SNAPSHOT/hadoop-hdds-client-0.5.0-SNAPSHOT.jar:/home/user/.m2/repository/org/apache/hadoop/hadoop-hdds-tools/0.5.0-SNAPSHOT/hadoop-hdds-tools-0.5.0-SNAPSHOT.jar:/home/user/.m2/repository/org/apache/hadoop/hadoop-hdds-server-scm/0.5.0-SNAPSHOT/hadoop-hdds-server-scm-0.5.0-SNAPSHOT.jar:/home/user/.m2/repository/org/apache/hadoop/hadoop-hdds-docs/0.5.0-SNAPSHOT/hadoop-hdds-docs-0.5.0-SNAPSHOT.jar:/home/user/.m2/repository/io/dropwizard/metrics/metrics-core/3.2.4/metrics-core-3.2.4.jar:/home/user/.m2/repository/org/hamcrest/hamcrest-all/1.3/hamcrest-all-1.3.jar:/home/user/.m2/repository/org/bouncycastle/bcprov-jdk15on/1.60/bcprov-jdk15on-1.60.jar:/home/user/.m2/repository/info/picocli/picocli/3.9.6/picocli-3.9.6.jar:/home/user/.m2/repository/com/google/protobuf/protobuf-java/2.5.0/protobuf-java-2.5.0.jar:/home/user/.m2/repository/com/google/guava/guava/11.0.2/guava-11.0.2.jar:/home/user/.m2/repository/org/apache/hadoop/hadoop-ozone-ozone-manager/0.5.0-SNAPSHOT/hadoop-ozone-ozone-manager-0.5.0-SNAPSHOT.jar:/home/user/.m2/repository/org/apache/hadoop/hadoop-minikdc/3.2.0/hadoop-minikdc-3.2.0.jar:/home/user/.m2/repository/commons-io/commons-io/2.5/commons-io-2.5.jar:/home/user/.m2/repository/org/apache/kerby/kerb-simplekdc/1.0.1/kerb-simplekdc-1.0.1.jar:/home/user/.m2/repository/org/apache/kerby/kerb-client/1.0.1/kerb-client-1.0.1.jar:/home/user/.m2/repository/org/apache/kerby/kerby-config/1.0.1/kerby-config-1.0.1.jar:/home/user/.m2/repository/org/apache/kerby/kerb-core/1.0.1/kerb-core-1.0.1.jar:/home/user/.m2/repository/org/apache/kerby/kerby-pkix/1.0.1/kerby-pkix-1.0.1.jar:/home/user/.m2/repository/org/apache/kerby/kerby-asn1/1.0.1/kerby-asn1-1.0.1.jar:/home/user/.m2/repository/org/apache/kerby/kerby-util/1.0.1/kerby-util-1.0.1.jar:/home/user/.m2/repository/org/apache/kerby/kerb-common/1.0.1/kerb-common-1.0.1.jar:/home/user/.m2/repository/org/apache/kerby/kerb-crypto/1.0.1/kerb-crypto-1.0.1.jar:/home/user/.m2/repository/org/apache/kerby/kerb-util/1.0.1/kerb-util-1.0.1.jar:/home/user/.m2/repository/org/apache/kerby/token-provider/1.0.1/token-provider-1.0.1.jar:/home/user/.m2/repository/org/apache/kerby/kerb-admin/1.0.1/kerb-admin-1.0.1.jar:/home/user/.m2/repository/org/apache/kerby/kerb-server/1.0.1/kerb-server-1.0.1.jar:/home/user/.m2/repository/org/apache/kerby/kerb-identity/1.0.1/kerb-identity-1.0.1.jar:/home/user/.m2/repository/org/apache/kerby/kerby-xdr/1.0.1/kerby-xdr-1.0.1.jar:/home/user/.m2/repository/org/slf4j/slf4j-log4j12/1.7.25/slf4j-log4j12-1.7.25.jar:/home/user/.m2/repository/org/apache/hadoop/hadoop-ozone-s3gateway/0.5.0-SNAPSHOT/hadoop-ozone-s3gateway-0.5.0-SNAPSHOT.jar:/home/user/.m2/repository/org/jboss/weld/servlet/weld-servlet/2.4.7.Final/weld-servlet-2.4.7.Final.jar:/home/user/.m2/repository/org/glassfish/jersey/containers/jersey-container-servlet-core/2.27/jersey-container-servlet-core-2.27.jar:/home/user/.m2/repository/org/glassfish/hk2/external/javax.inject/2.5.0-b42/javax.inject-2.5.0-b42.jar:/home/user/.m2/repository/org/glassfish/jersey/core/jersey-common/2.27/jersey-common-2.27.jar:/home/user/.m2/repository/org/glassfish/hk2/osgi-resource-locator/1.0.1/osgi-resource-locator-1.0.1.jar:/home/user/.m2/repository/javax/ws/rs/javax.ws.rs-api/2.1/javax.ws.rs-api-2.1.jar:/home/user/.m2/repository/org/glassfish/jersey/ext/cdi/jersey-cdi1x/2.27/jersey-cdi1x-2.27.jar:/home/user/.m2/repository/org/glassfish/jersey/inject/jersey-hk2/2.27/jersey-hk2-2.27.jar:/home/user/.m2/repository/org/glassfish/hk2/hk2-locator/2.5.0-b42/hk2-locator-2.5.0-b42.jar:/home/user/.m2/repository/org/javassist/javassist/3.22.0-CR2/javassist-3.22.0-CR2.jar:/home/user/.m2/repository/org/glassfish/hk2/hk2-api/2.5.0/hk2-api-2.5.0.jar:/home/user/.m2/repository/org/glassfish/hk2/external/jakarta.inject/2.5.0/jakarta.inject-2.5.0.jar:/home/user/.m2/repository/org/glassfish/hk2/hk2-utils/2.5.0/hk2-utils-2.5.0.jar:/home/user/.m2/repository/jakarta/annotation/jakarta.annotation-api/1.3.4/jakarta.annotation-api-1.3.4.jar:/home/user/.m2/repository/org/glassfish/hk2/external/aopalliance-repackaged/2.5.0/aopalliance-repackaged-2.5.0.jar:/home/user/.m2/repository/com/fasterxml/jackson/dataformat/jackson-dataformat-xml/2.9.0/jackson-dataformat-xml-2.9.0.jar:/home/user/.m2/repository/com/fasterxml/jackson/core/jackson-core/2.9.9/jackson-core-2.9.9.jar:/home/user/.m2/repository/com/fasterxml/jackson/module/jackson-module-jaxb-annotations/2.9.9/jackson-module-jaxb-annotations-2.9.9.jar:/home/user/.m2/repository/javax/enterprise/cdi-api/1.2/cdi-api-1.2.jar:/home/user/.m2/repository/javax/el/javax.el-api/3.0.0/javax.el-api-3.0.0.jar:/home/user/.m2/repository/javax/interceptor/javax.interceptor-api/1.2/javax.interceptor-api-1.2.jar:/home/user/.m2/repository/javax/inject/javax.inject/1/javax.inject-1.jar:/home/user/.m2/repository/com/sun/xml/bind/jaxb-impl/2.3.0.1/jaxb-impl-2.3.0.1.jar:/home/user/.m2/repository/com/sun/xml/bind/jaxb-core/2.3.0.1/jaxb-core-2.3.0.1.jar:/home/user/.m2/repository/javax/xml/bind/jaxb-api/2.3.0/jaxb-api-2.3.0.jar:/home/user/.m2/repository/javax/activation/activation/1.1.1/activation-1.1.1.jar:/home/user/.m2/repository/org/apache/hadoop/hadoop-ozone-csi/0.5.0-SNAPSHOT/hadoop-ozone-csi-0.5.0-SNAPSHOT.jar:/home/user/.m2/repository/com/google/protobuf/protobuf-java-util/3.5.1/protobuf-java-util-3.5.1.jar:/home/user/.m2/repository/org/apache/hadoop/hadoop-hdds-config/0.5.0-SNAPSHOT/hadoop-hdds-config-0.5.0-SNAPSHOT.jar:/home/user/.m2/repository/io/grpc/grpc-netty/1.17.1/grpc-netty-1.17.1.jar:/home/user/.m2/repository/io/grpc/grpc-core/1.17.1/grpc-core-1.17.1.jar:/home/user/.m2/repository/io/grpc/grpc-context/1.17.1/grpc-context-1.17.1.jar:/home/user/.m2/repository/com/google/errorprone/error_prone_annotations/2.2.0/error_prone_annotations-2.2.0.jar:/home/user/.m2/repository/org/codehaus/mojo/animal-sniffer-annotations/1.17/animal-sniffer-annotations-1.17.jar:/home/user/.m2/repository/io/opencensus/opencensus-api/0.17.0/opencensus-api-0.17.0.jar:/home/user/.m2/repository/io/opencensus/opencensus-contrib-grpc-metrics/0.17.0/opencensus-contrib-grpc-metrics-0.17.0.jar:/home/user/.m2/repository/io/netty/netty-codec-http2/4.1.30.Final/netty-codec-http2-4.1.30.Final.jar:/home/user/.m2/repository/io/netty/netty-codec-http/4.1.30.Final/netty-codec-http-4.1.30.Final.jar:/home/user/.m2/repository/io/netty/netty-codec/4.1.30.Final/netty-codec-4.1.30.Final.jar:/home/user/.m2/repository/io/netty/netty-handler/4.1.30.Final/netty-handler-4.1.30.Final.jar:/home/user/.m2/repository/io/netty/netty-handler-proxy/4.1.30.Final/netty-handler-proxy-4.1.30.Final.jar:/home/user/.m2/repository/io/netty/netty-codec-socks/4.1.30.Final/netty-codec-socks-4.1.30.Final.jar:/home/user/.m2/repository/io/netty/netty-transport-native-epoll/4.1.30.Final/netty-transport-native-epoll-4.1.30.Final.jar:/home/user/.m2/repository/io/netty/netty-common/4.1.30.Final/netty-common-4.1.30.Final.jar:/home/user/.m2/repository/io/netty/netty-buffer/4.1.30.Final/netty-buffer-4.1.30.Final.jar:/home/user/.m2/repository/io/netty/netty-transport/4.1.30.Final/netty-transport-4.1.30.Final.jar:/home/user/.m2/repository/io/netty/netty-resolver/4.1.30.Final/netty-resolver-4.1.30.Final.jar:/home/user/.m2/repository/io/netty/netty-transport-native-unix-common/4.1.30.Final/netty-transport-native-unix-common-4.1.30.Final.jar:/home/user/.m2/repository/io/grpc/grpc-protobuf/1.17.1/grpc-protobuf-1.17.1.jar:/home/user/.m2/repository/com/google/api/grpc/proto-google-common-protos/1.0.0/proto-google-common-protos-1.0.0.jar:/home/user/.m2/repository/io/grpc/grpc-protobuf-lite/1.17.1/grpc-protobuf-lite-1.17.1.jar:/home/user/.m2/repository/io/grpc/grpc-stub/1.17.1/grpc-stub-1.17.1.jar:/home/user/.m2/repository/org/apache/hadoop/hadoop-ozone-recon/0.5.0-SNAPSHOT/hadoop-ozone-recon-0.5.0-SNAPSHOT.jar:/home/user/.m2/repository/org/apache/hadoop/hadoop-ozone-reconcodegen/0.5.0-SNAPSHOT/hadoop-ozone-reconcodegen-0.5.0-SNAPSHOT.jar:/home/user/.m2/repository/com/google/inject/extensions/guice-multibindings/4.0/guice-multibindings-4.0.jar:/home/user/.m2/repository/com/google/inject/guice/4.0/guice-4.0.jar:/home/user/.m2/repository/aopalliance/aopalliance/1.0/aopalliance-1.0.jar:/home/user/.m2/repository/com/google/inject/extensions/guice-servlet/4.0/guice-servlet-4.0.jar:/home/user/.m2/repository/org/glassfish/jersey/containers/jersey-container-servlet/2.27/jersey-container-servlet-2.27.jar:/home/user/.m2/repository/org/glassfish/hk2/guice-bridge/2.5.0/guice-bridge-2.5.0.jar:/home/user/.m2/repository/org/glassfish/jersey/core/jersey-server/2.27/jersey-server-2.27.jar:/home/user/.m2/repository/org/glassfish/jersey/core/jersey-client/2.27/jersey-client-2.27.jar:/home/user/.m2/repository/org/glassfish/jersey/media/jersey-media-jaxb/2.27/jersey-media-jaxb-2.27.jar:/home/user/.m2/repository/javax/validation/validation-api/1.1.0.Final/validation-api-1.1.0.Final.jar:/home/user/.m2/repository/org/glassfish/jersey/media/jersey-media-json-jackson/2.27/jersey-media-json-jackson-2.27.jar:/home/user/.m2/repository/org/glassfish/jersey/ext/jersey-entity-filtering/2.27/jersey-entity-filtering-2.27.jar:/home/user/.m2/repository/com/google/inject/extensions/guice-assistedinject/4.0/guice-assistedinject-4.0.jar:/home/user/.m2/repository/org/jooq/jooq/3.11.10/jooq-3.11.10.jar:/home/user/.m2/repository/org/jooq/jooq-meta/3.11.10/jooq-meta-3.11.10.jar:/home/user/.m2/repository/org/jooq/jooq-codegen/3.11.10/jooq-codegen-3.11.10.jar:/home/user/.m2/repository/com/jolbox/bonecp/0.8.0.RELEASE/bonecp-0.8.0.RELEASE.jar:/home/user/.m2/repository/org/xerial/sqlite-jdbc/3.25.2/sqlite-jdbc-3.25.2.jar:/home/user/.m2/repository/org/springframework/spring-jdbc/5.1.3.RELEASE/spring-jdbc-5.1.3.RELEASE.jar:/home/user/.m2/repository/org/springframework/spring-beans/5.1.3.RELEASE/spring-beans-5.1.3.RELEASE.jar:/home/user/.m2/repository/org/springframework/spring-core/5.1.3.RELEASE/spring-core-5.1.3.RELEASE.jar:/home/user/.m2/repository/org/springframework/spring-jcl/5.1.3.RELEASE/spring-jcl-5.1.3.RELEASE.jar:/home/user/.m2/repository/org/springframework/spring-tx/5.1.3.RELEASE/spring-tx-5.1.3.RELEASE.jar:/home/user/.m2/repository/org/apache/hadoop/hadoop-ozone-client/0.5.0-SNAPSHOT/hadoop-ozone-client-0.5.0-SNAPSHOT.jar:/home/user/.m2/repository/commons-lang/commons-lang/2.6/commons-lang-2.6.jar:/home/user/.m2/repository/org/apache/hadoop/hadoop-ozone-ozone-manager/0.5.0-SNAPSHOT/hadoop-ozone-ozone-manager-0.5.0-SNAPSHOT-tests.jar:/home/user/.m2/repository/junit/junit/4.11/junit-4.11.jar:/home/user/.m2/repository/org/hamcrest/hamcrest-core/1.3/hamcrest-core-1.3.jar:/home/user/.m2/repository/org/openjdk/jmh/jmh-core/1.19/jmh-core-1.19.jar:/home/user/.m2/repository/net/sf/jopt-simple/jopt-simple/4.6/jopt-simple-4.6.jar:/home/user/.m2/repository/org/apache/commons/commons-math3/3.1.1/commons-math3-3.1.1.jar:/home/user/.m2/repository/org/openjdk/jmh/jmh-generator-annprocess/1.19/jmh-generator-annprocess-1.19.jar:/home/user/.m2/repository/org/mockito/mockito-all/1.8.5/mockito-all-1.8.5.jar:/home/user/.m2/repository/org/apache/hadoop/hadoop-kms/3.2.0/hadoop-kms-3.2.0.jar:/home/user/.m2/repository/org/apache/hadoop/hadoop-auth/3.2.0/hadoop-auth-3.2.0.jar:/home/user/.m2/repository/com/nimbusds/nimbus-jose-jwt/4.41.1/nimbus-jose-jwt-4.41.1.jar:/home/user/.m2/repository/com/github/stephenc/jcip/jcip-annotations/1.0-1/jcip-annotations-1.0-1.jar:/home/user/.m2/repository/net/minidev/json-smart/2.3/json-smart-2.3.jar:/home/user/.m2/repository/net/minidev/accessors-smart/1.2/accessors-smart-1.2.jar:/home/user/.m2/repository/org/ow2/asm/asm/5.0.4/asm-5.0.4.jar:/home/user/.m2/repository/org/apache/curator/curator-framework/2.12.0/curator-framework-2.12.0.jar:/home/user/.m2/repository/com/sun/jersey/jersey-core/1.19/jersey-core-1.19.jar:/home/user/.m2/repository/javax/ws/rs/jsr311-api/1.1.1/jsr311-api-1.1.1.jar:/home/user/.m2/repository/com/sun/jersey/jersey-server/1.19/jersey-server-1.19.jar:/home/user/.m2/repository/javax/servlet/javax.servlet-api/3.1.0/javax.servlet-api-3.1.0.jar:/home/user/.m2/repository/org/eclipse/jetty/jetty-server/9.3.25.v20180904/jetty-server-9.3.25.v20180904.jar:/home/user/.m2/repository/org/eclipse/jetty/jetty-http/9.3.25.v20180904/jetty-http-9.3.25.v20180904.jar:/home/user/.m2/repository/org/eclipse/jetty/jetty-io/9.3.25.v20180904/jetty-io-9.3.25.v20180904.jar:/home/user/.m2/repository/org/eclipse/jetty/jetty-webapp/9.3.25.v20180904/jetty-webapp-9.3.25.v20180904.jar:/home/user/.m2/repository/org/eclipse/jetty/jetty-xml/9.3.25.v20180904/jetty-xml-9.3.25.v20180904.jar:/home/user/.m2/repository/log4j/log4j/1.2.17/log4j-1.2.17.jar:/home/user/.m2/repository/org/slf4j/slf4j-api/1.7.25/slf4j-api-1.7.25.jar:/home/user/.m2/repository/org/slf4j/jul-to-slf4j/1.7.25/jul-to-slf4j-1.7.25.jar:/home/user/.m2/repository/org/eclipse/jetty/jetty-util/9.3.25.v20180904/jetty-util-9.3.25.v20180904.jar:/home/user/.m2/repository/com/fasterxml/jackson/core/jackson-databind/2.9.9/jackson-databind-2.9.9.jar:/home/user/.m2/repository/org/apache/hadoop/hadoop-kms/3.2.0/hadoop-kms-3.2.0-tests.jar:/home/user/.m2/repository/org/apache/hadoop/hadoop-hdds-server-scm/0.5.0-SNAPSHOT/hadoop-hdds-server-scm-0.5.0-SNAPSHOT-tests.jar:/home/user/.m2/repository/org/apache/hadoop/hadoop-hdds-container-service/0.5.0-SNAPSHOT/hadoop-hdds-container-service-0.5.0-SNAPSHOT-tests.jar:/home/user/.m2/repository/org/yaml/snakeyaml/1.16/snakeyaml-1.16.jar:/home/user/.m2/repository/org/apache/hadoop/hadoop-common/3.2.0/hadoop-common-3.2.0-tests.jar:/home/user/.m2/repository/org/apache/hadoop/hadoop-annotations/3.2.0/hadoop-annotations-3.2.0.jar:/usr/lib/jvm/java-1.8-openjdk/jre/../lib/tools.jar:/home/user/.m2/repository/commons-cli/commons-cli/1.2/commons-cli-1.2.jar:/home/user/.m2/repository/org/apache/httpcomponents/httpclient/4.5.2/httpclient-4.5.2.jar:/home/user/.m2/repository/org/apache/httpcomponents/httpcore/4.4.4/httpcore-4.4.4.jar:/home/user/.m2/repository/commons-codec/commons-codec/1.11/commons-codec-1.11.jar:/home/user/.m2/repository/commons-net/commons-net/3.6/commons-net-3.6.jar:/home/user/.m2/repository/commons-collections/commons-collections/3.2.2/commons-collections-3.2.2.jar:/home/user/.m2/repository/org/eclipse/jetty/jetty-servlet/9.3.25.v20180904/jetty-servlet-9.3.25.v20180904.jar:/home/user/.m2/repository/org/eclipse/jetty/jetty-security/9.3.25.v20180904/jetty-security-9.3.25.v20180904.jar:/home/user/.m2/repository/javax/servlet/jsp/jsp-api/2.1/jsp-api-2.1.jar:/home/user/.m2/repository/com/sun/jersey/jersey-servlet/1.19/jersey-servlet-1.19.jar:/home/user/.m2/repository/com/sun/jersey/jersey-json/1.19/jersey-json-1.19.jar:/home/user/.m2/repository/org/codehaus/jettison/jettison/1.1/jettison-1.1.jar:/home/user/.m2/repository/org/codehaus/jackson/jackson-core-asl/1.9.13/jackson-core-asl-1.9.13.jar:/home/user/.m2/repository/org/codehaus/jackson/jackson-mapper-asl/1.9.13/jackson-mapper-asl-1.9.13.jar:/home/user/.m2/repository/org/codehaus/jackson/jackson-jaxrs/1.9.13/jackson-jaxrs-1.9.13.jar:/home/user/.m2/repository/org/codehaus/jackson/jackson-xc/1.9.13/jackson-xc-1.9.13.jar:/home/user/.m2/repository/commons-logging/commons-logging/1.1.3/commons-logging-1.1.3.jar:/home/user/.m2/repository/commons-beanutils/commons-beanutils/1.9.4/commons-beanutils-1.9.4.jar:/home/user/.m2/repository/org/apache/commons/commons-configuration2/2.1.1/commons-configuration2-2.1.1.jar:/home/user/.m2/repository/org/apache/commons/commons-lang3/3.7/commons-lang3-3.7.jar:/home/user/.m2/repository/org/apache/commons/commons-text/1.4/commons-text-1.4.jar:/home/user/.m2/repository/org/apache/avro/avro/1.7.7/avro-1.7.7.jar:/home/user/.m2/repository/com/thoughtworks/paranamer/paranamer/2.3/paranamer-2.3.jar:/home/user/.m2/repository/org/xerial/snappy/snappy-java/1.0.5/snappy-java-1.0.5.jar:/home/user/.m2/repository/com/google/re2j/re2j/1.1/re2j-1.1.jar:/home/user/.m2/repository/com/google/code/gson/gson/2.2.4/gson-2.2.4.jar:/home/user/.m2/repository/com/jcraft/jsch/0.1.54/jsch-0.1.54.jar:/home/user/.m2/repository/org/apache/curator/curator-client/2.12.0/curator-client-2.12.0.jar:/home/user/.m2/repository/org/apache/curator/curator-recipes/2.12.0/curator-recipes-2.12.0.jar:/home/user/.m2/repository/com/google/code/findbugs/jsr305/3.0.0/jsr305-3.0.0.jar:/home/user/.m2/repository/org/apache/htrace/htrace-core4/4.1.0-incubating/htrace-core4-4.1.0-incubating.jar:/home/user/.m2/repository/org/apache/zookeeper/zookeeper/3.4.13/zookeeper-3.4.13.jar:/home/user/.m2/repository/jline/jline/0.9.94/jline-0.9.94.jar:/home/user/.m2/repository/org/apache/yetus/audience-annotations/0.5.0/audience-annotations-0.5.0.jar:/home/user/.m2/repository/org/codehaus/woodstox/stax2-api/3.1.4/stax2-api-3.1.4.jar:/home/user/.m2/repository/com/fasterxml/woodstox/woodstox-core/5.0.3/woodstox-core-5.0.3.jar:/home/user/.m2/repository/dnsjava/dnsjava/2.1.7/dnsjava-2.1.7.jar:/home/user/.m2/repository/org/apache/hadoop/hadoop-hdfs/3.2.0/hadoop-hdfs-3.2.0-tests.jar:/home/user/.m2/repository/org/eclipse/jetty/jetty-util-ajax/9.3.25.v20180904/jetty-util-ajax-9.3.25.v20180904.jar:/home/user/.m2/repository/commons-daemon/commons-daemon/1.0.13/commons-daemon-1.0.13.jar:/home/user/.m2/repository/io/netty/netty/3.10.5.Final/netty-3.10.5.Final.jar:/home/user/.m2/repository/io/netty/netty-all/4.0.52.Final/netty-all-4.0.52.Final.jar:/home/user/.m2/repository/org/fusesource/leveldbjni/leveldbjni-all/1.8/leveldbjni-all-1.8.jar:"/>
    <property name="sun.cpu.endian" value="little"/>
    <property name="user.home" value="/home/user"/>
    <property name="user.language" value="en"/>
    <property name="java.specification.vendor" value="Oracle Corporation"/>
    <property name="java.home" value="/usr/lib/jvm/java-1.8-openjdk/jre"/>
    <property name="java.security.krb5.conf" value="/workdir/hadoop-ozone/integration-test/target/test-classes/krb5.conf"/>
    <property name="basedir" value="/workdir/hadoop-ozone/integration-test"/>
    <property name="file.separator" value="/"/>
    <property name="line.separator" value="&#10;"/>
    <property name="java.vm.specification.vendor" value="Oracle Corporation"/>
    <property name="java.specification.name" value="Java Platform API Specification"/>
    <property name="java.awt.graphicsenv" value="sun.awt.X11GraphicsEnvironment"/>
    <property name="surefire.real.class.path" value="/workdir/hadoop-ozone/integration-test/target/surefire/surefirebooter5896180638855768557.jar"/>
    <property name="hadoop.log.dir" value="/workdir/hadoop-ozone/integration-test/target/log"/>
    <property name="sun.boot.class.path" value="/usr/lib/jvm/java-1.8-openjdk/jre/lib/resources.jar:/usr/lib/jvm/java-1.8-openjdk/jre/lib/rt.jar:/usr/lib/jvm/java-1.8-openjdk/jre/lib/sunrsasign.jar:/usr/lib/jvm/java-1.8-openjdk/jre/lib/jsse.jar:/usr/lib/jvm/java-1.8-openjdk/jre/lib/jce.jar:/usr/lib/jvm/java-1.8-openjdk/jre/lib/charsets.jar:/usr/lib/jvm/java-1.8-openjdk/jre/lib/jfr.jar:/usr/lib/jvm/java-1.8-openjdk/jre/classes"/>
    <property name="sun.management.compiler" value="HotSpot 64-Bit Tiered Compilers"/>
    <property name="java.runtime.version" value="1.8.0_212-b04"/>
    <property name="java.net.preferIPv4Stack" value="true"/>
    <property name="user.name" value="jenkins1000"/>
    <property name="path.separator" value=":"/>
    <property name="java.security.egd" value="file:///dev/urandom"/>
    <property name="os.version" value="3.10.0-957.12.2.el7.x86_64"/>
    <property name="java.endorsed.dirs" value="/usr/lib/jvm/java-1.8-openjdk/jre/lib/endorsed"/>
    <property name="java.runtime.name" value="OpenJDK Runtime Environment"/>
    <property name="file.encoding" value="UTF-8"/>
    <property name="java.vm.name" value="OpenJDK 64-Bit Server VM"/>
    <property name="test.build.webapps" value=""/>
    <property name="localRepository" value="/home/user/.m2/repository"/>
    <property name="java.vendor.url.bug" value="https://icedtea.classpath.org/bugzilla"/>
    <property name="java.io.tmpdir" value="/tmp"/>
    <property name="require.test.libhadoop" value=""/>
    <property name="java.version" value="1.8.0_212"/>
    <property name="user.dir" value="/workdir/hadoop-ozone/integration-test"/>
    <property name="os.arch" value="amd64"/>
    <property name="java.vm.specification.name" value="Java Virtual Machine Specification"/>
    <property name="test.build.classes" value="/workdir/hadoop-ozone/integration-test/target/test-classes"/>
    <property name="java.awt.printerjob" value="sun.print.PSPrinterJob"/>
    <property name="sun.os.patch.level" value="unknown"/>
    <property name="hadoop.tmp.dir" value="/workdir/hadoop-ozone/integration-test/target/tmp"/>
    <property name="java.library.path" value="/usr/lib/jvm/java-1.8-openjdk/jre/lib/amd64/server:/usr/lib/jvm/java-1.8-openjdk/jre/lib/amd64:/usr/lib/jvm/java-1.8-openjdk/jre/../lib/amd64:/workdir/hadoop-ozone/integration-test/target/native/target/usr/local/lib:/workdir/hadoop-ozone/integration-test/../../hadoop-common-project/hadoop-common/target/native/target/usr/local/lib:/usr/java/packages/lib/amd64:/usr/lib64:/lib64:/lib:/usr/lib"/>
    <property name="java.vm.info" value="mixed mode"/>
    <property name="java.vendor" value="IcedTea"/>
    <property name="java.vm.version" value="25.212-b04"/>
    <property name="java.ext.dirs" value="/usr/lib/jvm/java-1.8-openjdk/jre/lib/ext:/usr/java/packages/lib/ext"/>
    <property name="sun.io.unicode.encoding" value="UnicodeLittle"/>
    <property name="java.class.version" value="52.0"/>
  </properties>
  <testcase name="testReleaseBuffers" classname="org.apache.hadoop.ozone.client.rpc.TestCommitWatcher" time="6.269">
    <error message="Could not allocate container. Cannot get any matching pipeline for Type:RATIS, Factor:THREE, State:PipelineState.OPEN&#10;	at org.apache.hadoop.hdds.scm.container.ContainerStateManager.allocateContainer(ContainerStateManager.java:260)&#10;	at org.apache.hadoop.hdds.scm.container.SCMContainerManager.allocateContainer(SCMContainerManager.java:247)&#10;	at org.apache.hadoop.hdds.scm.server.SCMClientProtocolServer.allocateContainer(SCMClientProtocolServer.java:186)&#10;	at org.apache.hadoop.ozone.protocolPB.StorageContainerLocationProtocolServerSideTranslatorPB.allocateContainer(StorageContainerLocationProtocolServerSideTranslatorPB.java:123)&#10;	at org.apache.hadoop.hdds.protocol.proto.StorageContainerLocationProtocolProtos$StorageContainerLocationProtocolService$2.callBlockingMethod(StorageContainerLocationProtocolProtos.java:21239)&#10;	at org.apache.hadoop.ipc.ProtobufRpcEngine$Server$ProtoBufRpcInvoker.call(ProtobufRpcEngine.java:524)&#10;	at org.apache.hadoop.ipc.RPC$Server.call(RPC.java:1025)&#10;	at org.apache.hadoop.ipc.Server$RpcCall.run(Server.java:876)&#10;	at org.apache.hadoop.ipc.Server$RpcCall.run(Server.java:822)&#10;	at java.security.AccessController.doPrivileged(Native Method)&#10;	at javax.security.auth.Subject.doAs(Subject.java:422)&#10;	at org.apache.hadoop.security.UserGroupInformation.doAs(UserGroupInformation.java:1730)&#10;	at org.apache.hadoop.ipc.Server$Handler.run(Server.java:2682)&#10;" type="org.apache.hadoop.ipc.RemoteException(java.io.IOException)">org.apache.hadoop.ipc.RemoteException(java.io.IOException): Could not allocate container. Cannot get any matching pipeline for Type:RATIS, Factor:THREE, State:PipelineState.OPEN
	at org.apache.hadoop.hdds.scm.container.ContainerStateManager.allocateContainer(ContainerStateManager.java:260)
	at org.apache.hadoop.hdds.scm.container.SCMContainerManager.allocateContainer(SCMContainerManager.java:247)
	at org.apache.hadoop.hdds.scm.server.SCMClientProtocolServer.allocateContainer(SCMClientProtocolServer.java:186)
	at org.apache.hadoop.ozone.protocolPB.StorageContainerLocationProtocolServerSideTranslatorPB.allocateContainer(StorageContainerLocationProtocolServerSideTranslatorPB.java:123)
	at org.apache.hadoop.hdds.protocol.proto.StorageContainerLocationProtocolProtos$StorageContainerLocationProtocolService$2.callBlockingMethod(StorageContainerLocationProtocolProtos.java:21239)
	at org.apache.hadoop.ipc.ProtobufRpcEngine$Server$ProtoBufRpcInvoker.call(ProtobufRpcEngine.java:524)
	at org.apache.hadoop.ipc.RPC$Server.call(RPC.java:1025)
	at org.apache.hadoop.ipc.Server$RpcCall.run(Server.java:876)
	at org.apache.hadoop.ipc.Server$RpcCall.run(Server.java:822)
	at java.security.AccessController.doPrivileged(Native Method)
	at javax.security.auth.Subject.doAs(Subject.java:422)
	at org.apache.hadoop.security.UserGroupInformation.doAs(UserGroupInformation.java:1730)
	at org.apache.hadoop.ipc.Server$Handler.run(Server.java:2682)

	at org.apache.hadoop.ipc.Client.getRpcResponse(Client.java:1511)
	at org.apache.hadoop.ipc.Client.call(Client.java:1457)
	at org.apache.hadoop.ipc.Client.call(Client.java:1367)
	at org.apache.hadoop.ipc.ProtobufRpcEngine$Invoker.invoke(ProtobufRpcEngine.java:228)
	at org.apache.hadoop.ipc.ProtobufRpcEngine$Invoker.invoke(ProtobufRpcEngine.java:116)
	at com.sun.proxy.$Proxy24.allocateContainer(Unknown Source)
	at org.apache.hadoop.hdds.scm.protocolPB.StorageContainerLocationProtocolClientSideTranslatorPB.allocateContainer(StorageContainerLocationProtocolClientSideTranslatorPB.java:127)
	at org.apache.hadoop.ozone.client.rpc.TestCommitWatcher.testReleaseBuffers(TestCommitWatcher.java:134)
	at sun.reflect.NativeMethodAccessorImpl.invoke0(Native Method)
	at sun.reflect.NativeMethodAccessorImpl.invoke(NativeMethodAccessorImpl.java:62)
	at sun.reflect.DelegatingMethodAccessorImpl.invoke(DelegatingMethodAccessorImpl.java:43)
	at java.lang.reflect.Method.invoke(Method.java:498)
	at org.junit.runners.model.FrameworkMethod$1.runReflectiveCall(FrameworkMethod.java:47)
	at org.junit.internal.runners.model.ReflectiveCallable.run(ReflectiveCallable.java:12)
	at org.junit.runners.model.FrameworkMethod.invokeExplosively(FrameworkMethod.java:44)
	at org.junit.internal.runners.statements.InvokeMethod.evaluate(InvokeMethod.java:17)
	at org.junit.runners.ParentRunner.runLeaf(ParentRunner.java:271)
	at org.junit.runners.BlockJUnit4ClassRunner.runChild(BlockJUnit4ClassRunner.java:70)
	at org.junit.runners.BlockJUnit4ClassRunner.runChild(BlockJUnit4ClassRunner.java:50)
	at org.junit.runners.ParentRunner$3.run(ParentRunner.java:238)
	at org.junit.runners.ParentRunner$1.schedule(ParentRunner.java:63)
	at org.junit.runners.ParentRunner.runChildren(ParentRunner.java:236)
	at org.junit.runners.ParentRunner.access$000(ParentRunner.java:53)
	at org.junit.runners.ParentRunner$2.evaluate(ParentRunner.java:229)
	at org.junit.internal.runners.statements.RunBefores.evaluate(RunBefores.java:26)
	at org.junit.internal.runners.statements.RunAfters.evaluate(RunAfters.java:27)
	at org.junit.runners.ParentRunner.run(ParentRunner.java:309)
	at org.apache.maven.surefire.junit4.JUnit4Provider.execute(JUnit4Provider.java:365)
	at org.apache.maven.surefire.junit4.JUnit4Provider.executeWithRerun(JUnit4Provider.java:273)
	at org.apache.maven.surefire.junit4.JUnit4Provider.executeTestSet(JUnit4Provider.java:238)
	at org.apache.maven.surefire.junit4.JUnit4Provider.invoke(JUnit4Provider.java:159)
	at org.apache.maven.surefire.booter.ForkedBooter.invokeProviderInSameClassLoader(ForkedBooter.java:384)
	at org.apache.maven.surefire.booter.ForkedBooter.runSuitesInProcess(ForkedBooter.java:345)
	at org.apache.maven.surefire.booter.ForkedBooter.execute(ForkedBooter.java:126)
	at org.apache.maven.surefire.booter.ForkedBooter.main(ForkedBooter.java:418)
</error>
    <system-out><![CDATA[2019-09-25 05:18:16,634 [main] WARN  server.ServerUtils (ServerUtils.java:getScmDbDir(145)) - ozone.scm.db.dirs is not configured. We recommend adding this setting. Falling back to ozone.metadata.dirs instead.
2019-09-25 05:18:16,771 [main] WARN  server.ServerUtils (ServerUtils.java:getScmDbDir(145)) - ozone.scm.db.dirs is not configured. We recommend adding this setting. Falling back to ozone.metadata.dirs instead.
2019-09-25 05:18:16,774 [main] WARN  server.ServerUtils (ServerUtils.java:getScmDbDir(145)) - ozone.scm.db.dirs is not configured. We recommend adding this setting. Falling back to ozone.metadata.dirs instead.
2019-09-25 05:18:16,795 [main] INFO  util.log (Log.java:initialized(192)) - Logging initialized @965ms
2019-09-25 05:18:16,919 [main] INFO  db.DBStoreBuilder (DBStoreBuilder.java:addTable(110)) - using custom profile for table: deletedBlocks
2019-09-25 05:18:16,920 [main] INFO  db.DBStoreBuilder (DBStoreBuilder.java:processTables(161)) - Using default column profile:DBProfile.DISK for Table:deletedBlocks
2019-09-25 05:18:16,920 [main] INFO  db.DBStoreBuilder (DBStoreBuilder.java:addTable(110)) - using custom profile for table: validCerts
2019-09-25 05:18:16,921 [main] INFO  db.DBStoreBuilder (DBStoreBuilder.java:processTables(161)) - Using default column profile:DBProfile.DISK for Table:validCerts
2019-09-25 05:18:16,921 [main] INFO  db.DBStoreBuilder (DBStoreBuilder.java:addTable(110)) - using custom profile for table: revokedCerts
2019-09-25 05:18:16,921 [main] INFO  db.DBStoreBuilder (DBStoreBuilder.java:processTables(161)) - Using default column profile:DBProfile.DISK for Table:revokedCerts
2019-09-25 05:18:16,938 [main] INFO  db.DBStoreBuilder (DBStoreBuilder.java:addTable(110)) - using custom profile for table: default
2019-09-25 05:18:16,939 [main] INFO  db.DBStoreBuilder (DBStoreBuilder.java:processTables(167)) - Using default column profile:DBProfile.DISK for Table:default
2019-09-25 05:18:16,940 [main] INFO  db.DBStoreBuilder (DBStoreBuilder.java:getDbProfile(198)) - Using default options. DBProfile.DISK
2019-09-25 05:18:17,282 [main] INFO  net.NodeSchemaLoader (NodeSchemaLoader.java:loadSchemaFromFile(125)) - Loading file from sun.misc.CompoundEnumeration@30c15d8b
2019-09-25 05:18:17,284 [main] INFO  net.NodeSchemaLoader (NodeSchemaLoader.java:loadSchema(171)) - Loading network topology layer schema file
2019-09-25 05:18:17,357 [main] INFO  node.SCMNodeManager (SCMNodeManager.java:<init>(114)) - Entering startup safe mode.
2019-09-25 05:18:17,430 [main] INFO  algorithms.ContainerPlacementPolicyFactory (ContainerPlacementPolicyFactory.java:getPolicy(57)) - Create container placement policy of type org.apache.hadoop.hdds.scm.container.placement.algorithms.SCMContainerPlacementRandom
2019-09-25 05:18:17,445 [main] WARN  server.ServerUtils (ServerUtils.java:getScmDbDir(145)) - ozone.scm.db.dirs is not configured. We recommend adding this setting. Falling back to ozone.metadata.dirs instead.
2019-09-25 05:18:17,568 [main] INFO  pipeline.SCMPipelineManager (SCMPipelineManager.java:initializePipelineState(132)) - No pipeline exists in current db
2019-09-25 05:18:17,571 [main] WARN  server.ServerUtils (ServerUtils.java:getScmDbDir(145)) - ozone.scm.db.dirs is not configured. We recommend adding this setting. Falling back to ozone.metadata.dirs instead.
2019-09-25 05:18:17,727 [main] WARN  events.EventQueue (EventQueue.java:fireEvent(183)) - No event handler registered for event TypedEvent{payloadType=SafeModeStatus, name='SafeModeStatus'}
2019-09-25 05:18:18,087 [main] INFO  ipc.CallQueueManager (CallQueueManager.java:<init>(84)) - Using callQueue: class java.util.concurrent.LinkedBlockingQueue, queueCapacity: 2000, scheduler: class org.apache.hadoop.ipc.DefaultRpcScheduler, ipcBackoff: false.
2019-09-25 05:18:18,234 [Socket Reader #1 for port 40944] INFO  ipc.Server (Server.java:run(1074)) - Starting Socket Reader #1 for port 40944
2019-09-25 05:18:18,262 [main] INFO  ipc.CallQueueManager (CallQueueManager.java:<init>(84)) - Using callQueue: class java.util.concurrent.LinkedBlockingQueue, queueCapacity: 2000, scheduler: class org.apache.hadoop.ipc.DefaultRpcScheduler, ipcBackoff: false.
2019-09-25 05:18:18,263 [Socket Reader #1 for port 37237] INFO  ipc.Server (Server.java:run(1074)) - Starting Socket Reader #1 for port 37237
2019-09-25 05:18:18,271 [main] INFO  ipc.CallQueueManager (CallQueueManager.java:<init>(84)) - Using callQueue: class java.util.concurrent.LinkedBlockingQueue, queueCapacity: 2000, scheduler: class org.apache.hadoop.ipc.DefaultRpcScheduler, ipcBackoff: false.
2019-09-25 05:18:18,272 [Socket Reader #1 for port 43434] INFO  ipc.Server (Server.java:run(1074)) - Starting Socket Reader #1 for port 43434
2019-09-25 05:18:18,293 [main] INFO  hdfs.DFSUtil (DFSUtil.java:httpServerTemplateForNNAndJN(1641)) - Starting Web-server for scm at: http://0.0.0.0:0
2019-09-25 05:18:18,456 [main] INFO  server.AuthenticationFilter (AuthenticationFilter.java:constructSecretProvider(240)) - Unable to initialize FileSignerSecretProvider, falling back to use random secrets.
2019-09-25 05:18:18,464 [main] WARN  http.HttpRequestLog (HttpRequestLog.java:getRequestLog(97)) - Jetty request log can only be enabled using Log4j
2019-09-25 05:18:18,473 [main] INFO  http.HttpServer2 (HttpServer2.java:addGlobalFilter(975)) - Added global filter 'safety' (class=org.apache.hadoop.http.HttpServer2$QuotingInputFilter)
2019-09-25 05:18:18,475 [main] INFO  http.HttpServer2 (HttpServer2.java:addFilter(948)) - Added filter static_user_filter (class=org.apache.hadoop.http.lib.StaticUserWebFilter$StaticUserFilter) to context scm
2019-09-25 05:18:18,476 [main] INFO  http.HttpServer2 (HttpServer2.java:addFilter(958)) - Added filter static_user_filter (class=org.apache.hadoop.http.lib.StaticUserWebFilter$StaticUserFilter) to context logs
2019-09-25 05:18:18,476 [main] INFO  http.HttpServer2 (HttpServer2.java:addFilter(958)) - Added filter static_user_filter (class=org.apache.hadoop.http.lib.StaticUserWebFilter$StaticUserFilter) to context static
2019-09-25 05:18:18,508 [main] INFO  server.StorageContainerManager (StorageContainerManager.java:start(770)) - StorageContainerLocationProtocol RPC server is listening at /0.0.0.0:43434
2019-09-25 05:18:18,576 [main] WARN  impl.MetricsConfig (MetricsConfig.java:loadFirst(134)) - Cannot locate configuration: tried hadoop-metrics2-storagecontainermanager.properties,hadoop-metrics2.properties
2019-09-25 05:18:18,589 [main] INFO  impl.MetricsSystemImpl (MetricsSystemImpl.java:startTimer(374)) - Scheduled Metric snapshot period at 10 second(s).
2019-09-25 05:18:18,590 [main] INFO  impl.MetricsSystemImpl (MetricsSystemImpl.java:start(191)) - StorageContainerManager metrics system started
2019-09-25 05:18:18,865 [main] INFO  server.SCMClientProtocolServer (SCMClientProtocolServer.java:start(151)) - RPC server for Client  is listening at /0.0.0.0:43434
2019-09-25 05:18:18,865 [IPC Server listener on 43434] INFO  ipc.Server (Server.java:run(1153)) - IPC Server listener on 43434: starting
2019-09-25 05:18:18,865 [IPC Server Responder] INFO  ipc.Server (Server.java:run(1314)) - IPC Server Responder: starting
2019-09-25 05:18:18,869 [main] INFO  server.StorageContainerManager (StorageContainerManager.java:start(780)) - ScmBlockLocationProtocol RPC server is listening at /0.0.0.0:37237
2019-09-25 05:18:18,872 [main] INFO  server.SCMBlockProtocolServer (SCMBlockProtocolServer.java:start(146)) - RPC server for Block Protocol is listening at /0.0.0.0:37237
2019-09-25 05:18:18,872 [IPC Server Responder] INFO  ipc.Server (Server.java:run(1314)) - IPC Server Responder: starting
2019-09-25 05:18:18,873 [IPC Server listener on 37237] INFO  ipc.Server (Server.java:run(1153)) - IPC Server listener on 37237: starting
2019-09-25 05:18:18,875 [main] INFO  server.StorageContainerManager (StorageContainerManager.java:start(784)) - ScmDatanodeProtocl RPC server is listening at /0.0.0.0:40944
2019-09-25 05:18:18,876 [main] INFO  server.SCMDatanodeProtocolServer (SCMDatanodeProtocolServer.java:start(191)) - RPC server for DataNodes is listening at /0.0.0.0:40944
2019-09-25 05:18:18,876 [IPC Server Responder] INFO  ipc.Server (Server.java:run(1314)) - IPC Server Responder: starting
2019-09-25 05:18:18,876 [IPC Server listener on 40944] INFO  ipc.Server (Server.java:run(1153)) - IPC Server listener on 40944: starting
2019-09-25 05:18:18,881 [main] INFO  http.HttpServer2 (HttpServer2.java:bindListener(1191)) - Jetty bound to port 33553
2019-09-25 05:18:18,883 [main] INFO  server.Server (Server.java:doStart(351)) - jetty-9.3.25.v20180904, build timestamp: 2018-09-04T21:11:46Z, git hash: 3ce520221d0240229c862b122d2b06c12a625732
2019-09-25 05:18:18,925 [main] INFO  handler.ContextHandler (ContextHandler.java:doStart(781)) - Started o.e.j.s.ServletContextHandler@56303b57{/logs,file:///workdir/hadoop-ozone/integration-test/target/log,AVAILABLE}
2019-09-25 05:18:18,925 [main] INFO  handler.ContextHandler (ContextHandler.java:doStart(781)) - Started o.e.j.s.ServletContextHandler@8692d67{/static,file:///workdir/hadoop-ozone/integration-test/target/test-classes/webapps/static,AVAILABLE}
2019-09-25 05:18:18,960 [main] INFO  handler.ContextHandler (ContextHandler.java:doStart(781)) - Started o.e.j.w.WebAppContext@5003041b{/,file:///workdir/hadoop-ozone/integration-test/target/test-classes/webapps/scm/,AVAILABLE}{/scm}
2019-09-25 05:18:18,966 [main] INFO  server.AbstractConnector (AbstractConnector.java:doStart(278)) - Started ServerConnector@1b822fcc{HTTP/1.1,[http/1.1]}{0.0.0.0:33553}
2019-09-25 05:18:18,966 [main] INFO  server.Server (Server.java:doStart(419)) - Started @3137ms
2019-09-25 05:18:18,968 [main] INFO  impl.MetricsSinkAdapter (MetricsSinkAdapter.java:start(204)) - Sink prometheus started
2019-09-25 05:18:18,969 [main] INFO  impl.MetricsSystemImpl (MetricsSystemImpl.java:registerSink(301)) - Registered sink prometheus
2019-09-25 05:18:18,970 [main] INFO  server.BaseHttpServer (BaseHttpServer.java:updateConnectorAddress(215)) - HTTP server of SCM is listening at http://0.0.0.0:33553
2019-09-25 05:18:18,975 [org.apache.hadoop.util.JvmPauseMonitor$Monitor@5aceec94] INFO  util.JvmPauseMonitor (JvmPauseMonitor.java:run(188)) - Starting JVM pause monitor
2019-09-25 05:18:18,978 [main] WARN  server.ServerUtils (ServerUtils.java:getDBPath(222)) - ozone.om.db.dirs is not configured. We recommend adding this setting. Falling back to ozone.metadata.dirs instead.
2019-09-25 05:18:19,218 [main] WARN  server.ServerUtils (ServerUtils.java:getDBPath(222)) - ozone.om.db.dirs is not configured. We recommend adding this setting. Falling back to ozone.metadata.dirs instead.
2019-09-25 05:18:19,219 [main] WARN  server.ServerUtils (ServerUtils.java:getDBPath(222)) - ozone.om.db.dirs is not configured. We recommend adding this setting. Falling back to ozone.metadata.dirs instead.
2019-09-25 05:18:19,220 [main] INFO  om.OzoneManager (OzoneManager.java:setOMNodeDetails(652)) - OM Service ID is not set. Setting it to the default ID: omServiceIdDefault
2019-09-25 05:18:19,220 [main] INFO  om.OzoneManager (OzoneManager.java:setOMNodeDetails(658)) - OM Node ID is not set. Setting it to the OmStorage's OmID: dbbb706d-79f7-4007-8ced-d74f04e1f97e
2019-09-25 05:18:19,222 [main] INFO  om.OzoneManager (OzoneManager.java:loadOMHAConfigs(609)) - Found matching OM address with OMServiceId: null, OMNodeId: null, RPC Address: localhost:0 and Ratis port: 9872
2019-09-25 05:18:19,997 [main] WARN  server.ServerUtils (ServerUtils.java:getDBPath(222)) - ozone.om.db.dirs is not configured. We recommend adding this setting. Falling back to ozone.metadata.dirs instead.
2019-09-25 05:18:20,005 [main] INFO  db.DBStoreBuilder (DBStoreBuilder.java:addTable(110)) - using custom profile for table: userTable
2019-09-25 05:18:20,005 [main] INFO  db.DBStoreBuilder (DBStoreBuilder.java:processTables(161)) - Using default column profile:DBProfile.DISK for Table:userTable
2019-09-25 05:18:20,005 [main] INFO  db.DBStoreBuilder (DBStoreBuilder.java:addTable(110)) - using custom profile for table: volumeTable
2019-09-25 05:18:20,005 [main] INFO  db.DBStoreBuilder (DBStoreBuilder.java:processTables(161)) - Using default column profile:DBProfile.DISK for Table:volumeTable
2019-09-25 05:18:20,006 [main] INFO  db.DBStoreBuilder (DBStoreBuilder.java:addTable(110)) - using custom profile for table: bucketTable
2019-09-25 05:18:20,006 [main] INFO  db.DBStoreBuilder (DBStoreBuilder.java:processTables(161)) - Using default column profile:DBProfile.DISK for Table:bucketTable
2019-09-25 05:18:20,006 [main] INFO  db.DBStoreBuilder (DBStoreBuilder.java:addTable(110)) - using custom profile for table: keyTable
2019-09-25 05:18:20,006 [main] INFO  db.DBStoreBuilder (DBStoreBuilder.java:processTables(161)) - Using default column profile:DBProfile.DISK for Table:keyTable
2019-09-25 05:18:20,007 [main] INFO  db.DBStoreBuilder (DBStoreBuilder.java:addTable(110)) - using custom profile for table: deletedTable
2019-09-25 05:18:20,007 [main] INFO  db.DBStoreBuilder (DBStoreBuilder.java:processTables(161)) - Using default column profile:DBProfile.DISK for Table:deletedTable
2019-09-25 05:18:20,007 [main] INFO  db.DBStoreBuilder (DBStoreBuilder.java:addTable(110)) - using custom profile for table: openKeyTable
2019-09-25 05:18:20,007 [main] INFO  db.DBStoreBuilder (DBStoreBuilder.java:processTables(161)) - Using default column profile:DBProfile.DISK for Table:openKeyTable
2019-09-25 05:18:20,008 [main] INFO  db.DBStoreBuilder (DBStoreBuilder.java:addTable(110)) - using custom profile for table: s3Table
2019-09-25 05:18:20,008 [main] INFO  db.DBStoreBuilder (DBStoreBuilder.java:processTables(161)) - Using default column profile:DBProfile.DISK for Table:s3Table
2019-09-25 05:18:20,008 [main] INFO  db.DBStoreBuilder (DBStoreBuilder.java:addTable(110)) - using custom profile for table: multipartInfoTable
2019-09-25 05:18:20,008 [main] INFO  db.DBStoreBuilder (DBStoreBuilder.java:processTables(161)) - Using default column profile:DBProfile.DISK for Table:multipartInfoTable
2019-09-25 05:18:20,009 [main] INFO  db.DBStoreBuilder (DBStoreBuilder.java:addTable(110)) - using custom profile for table: dTokenTable
2019-09-25 05:18:20,009 [main] INFO  db.DBStoreBuilder (DBStoreBuilder.java:processTables(161)) - Using default column profile:DBProfile.DISK for Table:dTokenTable
2019-09-25 05:18:20,009 [main] INFO  db.DBStoreBuilder (DBStoreBuilder.java:addTable(110)) - using custom profile for table: s3SecretTable
2019-09-25 05:18:20,009 [main] INFO  db.DBStoreBuilder (DBStoreBuilder.java:processTables(161)) - Using default column profile:DBProfile.DISK for Table:s3SecretTable
2019-09-25 05:18:20,010 [main] INFO  db.DBStoreBuilder (DBStoreBuilder.java:addTable(110)) - using custom profile for table: prefixTable
2019-09-25 05:18:20,010 [main] INFO  db.DBStoreBuilder (DBStoreBuilder.java:processTables(161)) - Using default column profile:DBProfile.DISK for Table:prefixTable
2019-09-25 05:18:20,010 [main] INFO  db.DBStoreBuilder (DBStoreBuilder.java:addTable(110)) - using custom profile for table: default
2019-09-25 05:18:20,010 [main] INFO  db.DBStoreBuilder (DBStoreBuilder.java:processTables(167)) - Using default column profile:DBProfile.DISK for Table:default
2019-09-25 05:18:20,011 [main] INFO  db.DBStoreBuilder (DBStoreBuilder.java:getDbProfile(198)) - Using default options. DBProfile.DISK
2019-09-25 05:18:50,986 [main] INFO  ipc.CallQueueManager (CallQueueManager.java:<init>(84)) - Using callQueue: class java.util.concurrent.LinkedBlockingQueue, queueCapacity: 2000, scheduler: class org.apache.hadoop.ipc.DefaultRpcScheduler, ipcBackoff: false.
2019-09-25 05:18:50,988 [Socket Reader #1 for port 43761] INFO  ipc.Server (Server.java:run(1074)) - Starting Socket Reader #1 for port 43761
2019-09-25 05:18:51,011 [main] INFO  om.OzoneManager (OzoneManager.java:start(1243)) - OzoneManager RPC server is listening at localhost/127.0.0.1:43761
2019-09-25 05:18:51,012 [main] INFO  impl.MetricsSystemImpl (MetricsSystemImpl.java:init(158)) - OzoneManager metrics system started (again)
2019-09-25 05:18:51,013 [IPC Server Responder] INFO  ipc.Server (Server.java:run(1314)) - IPC Server Responder: starting
2019-09-25 05:18:51,013 [IPC Server listener on 43761] INFO  ipc.Server (Server.java:run(1153)) - IPC Server listener on 43761: starting
2019-09-25 05:18:51,023 [main] INFO  hdfs.DFSUtil (DFSUtil.java:httpServerTemplateForNNAndJN(1641)) - Starting Web-server for ozoneManager at: http://0.0.0.0:0
2019-09-25 05:18:51,028 [main] INFO  server.AuthenticationFilter (AuthenticationFilter.java:constructSecretProvider(240)) - Unable to initialize FileSignerSecretProvider, falling back to use random secrets.
2019-09-25 05:18:51,030 [main] WARN  http.HttpRequestLog (HttpRequestLog.java:getRequestLog(97)) - Jetty request log can only be enabled using Log4j
2019-09-25 05:18:51,033 [main] INFO  http.HttpServer2 (HttpServer2.java:addGlobalFilter(975)) - Added global filter 'safety' (class=org.apache.hadoop.http.HttpServer2$QuotingInputFilter)
2019-09-25 05:18:51,034 [main] INFO  http.HttpServer2 (HttpServer2.java:addFilter(948)) - Added filter static_user_filter (class=org.apache.hadoop.http.lib.StaticUserWebFilter$StaticUserFilter) to context ozoneManager
2019-09-25 05:18:51,034 [main] INFO  http.HttpServer2 (HttpServer2.java:addFilter(958)) - Added filter static_user_filter (class=org.apache.hadoop.http.lib.StaticUserWebFilter$StaticUserFilter) to context static
2019-09-25 05:18:51,035 [main] INFO  http.HttpServer2 (HttpServer2.java:addFilter(958)) - Added filter static_user_filter (class=org.apache.hadoop.http.lib.StaticUserWebFilter$StaticUserFilter) to context logs
2019-09-25 05:18:51,039 [main] INFO  http.HttpServer2 (HttpServer2.java:bindListener(1191)) - Jetty bound to port 35939
2019-09-25 05:18:51,039 [main] INFO  server.Server (Server.java:doStart(351)) - jetty-9.3.25.v20180904, build timestamp: 2018-09-04T21:11:46Z, git hash: 3ce520221d0240229c862b122d2b06c12a625732
2019-09-25 05:18:51,078 [main] INFO  handler.ContextHandler (ContextHandler.java:doStart(781)) - Started o.e.j.s.ServletContextHandler@383f1975{/logs,file:///workdir/hadoop-ozone/integration-test/target/log,AVAILABLE}
2019-09-25 05:18:51,080 [main] INFO  handler.ContextHandler (ContextHandler.java:doStart(781)) - Started o.e.j.s.ServletContextHandler@73a00e09{/static,file:///workdir/hadoop-ozone/integration-test/target/test-classes/webapps/static,AVAILABLE}
2019-09-25 05:18:51,090 [main] INFO  handler.ContextHandler (ContextHandler.java:doStart(781)) - Started o.e.j.w.WebAppContext@682bd3c4{/,file:///workdir/hadoop-ozone/integration-test/target/test-classes/webapps/ozoneManager/,AVAILABLE}{/ozoneManager}
2019-09-25 05:18:51,092 [main] INFO  server.AbstractConnector (AbstractConnector.java:doStart(278)) - Started ServerConnector@f2e4acf{HTTP/1.1,[http/1.1]}{0.0.0.0:35939}
2019-09-25 05:18:51,092 [main] INFO  server.Server (Server.java:doStart(419)) - Started @35262ms
2019-09-25 05:18:51,092 [main] WARN  impl.MetricsSystemImpl (MetricsSystemImpl.java:register(276)) - Sink prometheus already exists!
2019-09-25 05:18:51,094 [main] INFO  server.BaseHttpServer (BaseHttpServer.java:updateConnectorAddress(215)) - HTTP server of OZONEMANAGER is listening at http://0.0.0.0:35939
2019-09-25 05:18:51,431 [main] INFO  impl.MetricsSystemImpl (MetricsSystemImpl.java:init(158)) - HddsDatanode metrics system started (again)
2019-09-25 05:18:51,481 [main] INFO  ozone.HddsDatanodeService (HddsDatanodeService.java:start(184)) - HddsDatanodeService host:pr-hdds-2174-pqx5g-486351168 ip:192.168.36.126
2019-09-25 05:18:51,515 [main] INFO  volume.HddsVolume (HddsVolume.java:<init>(176)) - Creating Volume: /workdir/hadoop-ozone/integration-test/target/test-dir/MiniOzoneClusterImpl-408040ea-8342-4e81-bd05-3c5316de8946/datanode-0/data/containers/hdds of  storage type : DISK and capacity : 1482555576320
2019-09-25 05:18:51,517 [main] INFO  volume.VolumeSet (VolumeSet.java:initializeVolumeSet(170)) - Added Volume : /workdir/hadoop-ozone/integration-test/target/test-dir/MiniOzoneClusterImpl-408040ea-8342-4e81-bd05-3c5316de8946/datanode-0/data/containers/hdds to VolumeSet
2019-09-25 05:18:51,520 [main] INFO  volume.ThrottledAsyncChecker (ThrottledAsyncChecker.java:schedule(139)) - Scheduling a check for org.apache.hadoop.ozone.container.common.volume.HddsVolume@6aef4eb8
2019-09-25 05:18:51,537 [main] INFO  volume.HddsVolumeChecker (HddsVolumeChecker.java:checkAllVolumes(202)) - Scheduled health check for volume org.apache.hadoop.ozone.container.common.volume.HddsVolume@6aef4eb8
2019-09-25 05:18:51,651 [main] INFO  impl.RaftServerProxy (ConfUtils.java:logGet(43)) - raft.rpc.type = GRPC (default)
2019-09-25 05:18:51,720 [main] INFO  grpc.GrpcFactory (GrpcFactory.java:checkPooledByteBufAllocatorUseCacheForAllThreads(45)) - PERFORMANCE WARNING: useCacheForAllThreads is true that may cause Netty to create a lot garbage objects and, as a result, trigger GC.
	It is recommended to disable useCacheForAllThreads by setting -Dorg.apache.ratis.thirdparty.io.netty.allocator.useCacheForAllThreads=false in command line.
2019-09-25 05:18:51,725 [main] INFO  grpc.GrpcConfigKeys$Server (ConfUtils.java:logGet(43)) - raft.grpc.server.port = 0 (default)
2019-09-25 05:18:51,726 [main] INFO  server.GrpcService (ConfUtils.java:logGet(43)) - raft.grpc.message.size.max = 33570816 (custom)
2019-09-25 05:18:51,728 [main] INFO  server.RaftServerConfigKeys (ConfUtils.java:logGet(43)) - raft.server.log.appender.buffer.byte-limit = 33554432 (custom)
2019-09-25 05:18:51,728 [main] INFO  server.GrpcService (ConfUtils.java:logGet(43)) - raft.grpc.flow.control.window = 1MB (=1048576) (default)
2019-09-25 05:18:51,729 [main] INFO  server.RaftServerConfigKeys (ConfUtils.java:logGet(43)) - raft.server.rpc.request.timeout = 3000ms (default)
2019-09-25 05:18:51,909 [main] INFO  server.RaftServerConfigKeys (ConfUtils.java:logGet(43)) - raft.server.storage.dir = [/workdir/hadoop-ozone/integration-test/target/test-dir/MiniOzoneClusterImpl-408040ea-8342-4e81-bd05-3c5316de8946/datanode-0/data/ratis] (custom)
2019-09-25 05:18:51,972 [main] INFO  hdfs.DFSUtil (DFSUtil.java:httpServerTemplateForNNAndJN(1641)) - Starting Web-server for hddsDatanode at: http://0.0.0.0:0
2019-09-25 05:18:51,975 [main] INFO  server.AuthenticationFilter (AuthenticationFilter.java:constructSecretProvider(240)) - Unable to initialize FileSignerSecretProvider, falling back to use random secrets.
2019-09-25 05:18:51,976 [main] WARN  http.HttpRequestLog (HttpRequestLog.java:getRequestLog(97)) - Jetty request log can only be enabled using Log4j
2019-09-25 05:18:51,978 [main] INFO  http.HttpServer2 (HttpServer2.java:addGlobalFilter(975)) - Added global filter 'safety' (class=org.apache.hadoop.http.HttpServer2$QuotingInputFilter)
2019-09-25 05:18:51,979 [main] INFO  http.HttpServer2 (HttpServer2.java:addFilter(948)) - Added filter static_user_filter (class=org.apache.hadoop.http.lib.StaticUserWebFilter$StaticUserFilter) to context hddsDatanode
2019-09-25 05:18:51,979 [main] INFO  http.HttpServer2 (HttpServer2.java:addFilter(958)) - Added filter static_user_filter (class=org.apache.hadoop.http.lib.StaticUserWebFilter$StaticUserFilter) to context static
2019-09-25 05:18:51,980 [main] INFO  http.HttpServer2 (HttpServer2.java:addFilter(958)) - Added filter static_user_filter (class=org.apache.hadoop.http.lib.StaticUserWebFilter$StaticUserFilter) to context logs
2019-09-25 05:18:51,981 [main] INFO  http.HttpServer2 (HttpServer2.java:bindListener(1191)) - Jetty bound to port 40874
2019-09-25 05:18:51,981 [main] INFO  server.Server (Server.java:doStart(351)) - jetty-9.3.25.v20180904, build timestamp: 2018-09-04T21:11:46Z, git hash: 3ce520221d0240229c862b122d2b06c12a625732
2019-09-25 05:18:51,984 [main] INFO  handler.ContextHandler (ContextHandler.java:doStart(781)) - Started o.e.j.s.ServletContextHandler@6920614{/logs,file:///workdir/hadoop-ozone/integration-test/target/log,AVAILABLE}
2019-09-25 05:18:51,985 [main] INFO  handler.ContextHandler (ContextHandler.java:doStart(781)) - Started o.e.j.s.ServletContextHandler@5fa23c{/static,jar:file:/home/user/.m2/repository/org/apache/hadoop/hadoop-hdds-container-service/0.5.0-SNAPSHOT/hadoop-hdds-container-service-0.5.0-SNAPSHOT.jar!/webapps/static,AVAILABLE}
2019-09-25 05:18:52,029 [main] INFO  handler.ContextHandler (ContextHandler.java:doStart(781)) - Started o.e.j.w.WebAppContext@54e3658c{/,file:///tmp/jetty-0.0.0.0-40874-hddsDatanode-_-any-9210945325547391242.dir/webapp/,AVAILABLE}{/hddsDatanode}
2019-09-25 05:18:52,030 [main] INFO  server.AbstractConnector (AbstractConnector.java:doStart(278)) - Started ServerConnector@43e9089{HTTP/1.1,[http/1.1]}{0.0.0.0:40874}
2019-09-25 05:18:52,030 [main] INFO  server.Server (Server.java:doStart(419)) - Started @36201ms
2019-09-25 05:18:52,031 [main] WARN  impl.MetricsSystemImpl (MetricsSystemImpl.java:register(276)) - Sink prometheus already exists!
2019-09-25 05:18:52,031 [main] INFO  server.BaseHttpServer (BaseHttpServer.java:updateConnectorAddress(215)) - HTTP server of HDDSDATANODE is listening at http://0.0.0.0:40874
2019-09-25 05:18:52,033 [main] INFO  impl.MetricsSystemImpl (MetricsSystemImpl.java:init(158)) - HddsDatanode metrics system started (again)
2019-09-25 05:18:52,036 [main] INFO  ozone.HddsDatanodeService (HddsDatanodeService.java:start(184)) - HddsDatanodeService host:pr-hdds-2174-pqx5g-486351168 ip:192.168.36.126
2019-09-25 05:18:52,040 [org.apache.hadoop.util.JvmPauseMonitor$Monitor@5a66f0c2] INFO  util.JvmPauseMonitor (JvmPauseMonitor.java:run(188)) - Starting JVM pause monitor
2019-09-25 05:18:52,045 [main] INFO  volume.HddsVolume (HddsVolume.java:<init>(176)) - Creating Volume: /workdir/hadoop-ozone/integration-test/target/test-dir/MiniOzoneClusterImpl-408040ea-8342-4e81-bd05-3c5316de8946/datanode-1/data/containers/hdds of  storage type : DISK and capacity : 1482555576320
2019-09-25 05:18:52,046 [main] INFO  volume.VolumeSet (VolumeSet.java:initializeVolumeSet(170)) - Added Volume : /workdir/hadoop-ozone/integration-test/target/test-dir/MiniOzoneClusterImpl-408040ea-8342-4e81-bd05-3c5316de8946/datanode-1/data/containers/hdds to VolumeSet
2019-09-25 05:18:52,046 [main] INFO  volume.ThrottledAsyncChecker (ThrottledAsyncChecker.java:schedule(139)) - Scheduling a check for org.apache.hadoop.ozone.container.common.volume.HddsVolume@e84fb85
2019-09-25 05:18:52,047 [main] INFO  volume.HddsVolumeChecker (HddsVolumeChecker.java:checkAllVolumes(202)) - Scheduled health check for volume org.apache.hadoop.ozone.container.common.volume.HddsVolume@e84fb85
2019-09-25 05:18:52,064 [main] INFO  impl.RaftServerProxy (ConfUtils.java:logGet(43)) - raft.rpc.type = GRPC (default)
2019-09-25 05:18:52,065 [main] INFO  grpc.GrpcFactory (GrpcFactory.java:checkPooledByteBufAllocatorUseCacheForAllThreads(45)) - PERFORMANCE WARNING: useCacheForAllThreads is true that may cause Netty to create a lot garbage objects and, as a result, trigger GC.
	It is recommended to disable useCacheForAllThreads by setting -Dorg.apache.ratis.thirdparty.io.netty.allocator.useCacheForAllThreads=false in command line.
2019-09-25 05:18:52,065 [main] INFO  grpc.GrpcConfigKeys$Server (ConfUtils.java:logGet(43)) - raft.grpc.server.port = 0 (default)
2019-09-25 05:18:52,065 [main] INFO  server.GrpcService (ConfUtils.java:logGet(43)) - raft.grpc.message.size.max = 33570816 (custom)
2019-09-25 05:18:52,066 [main] INFO  server.RaftServerConfigKeys (ConfUtils.java:logGet(43)) - raft.server.log.appender.buffer.byte-limit = 33554432 (custom)
2019-09-25 05:18:52,066 [main] INFO  server.GrpcService (ConfUtils.java:logGet(43)) - raft.grpc.flow.control.window = 1MB (=1048576) (default)
2019-09-25 05:18:52,066 [main] INFO  server.RaftServerConfigKeys (ConfUtils.java:logGet(43)) - raft.server.rpc.request.timeout = 3000ms (default)
2019-09-25 05:18:52,067 [main] INFO  server.RaftServerConfigKeys (ConfUtils.java:logGet(43)) - raft.server.storage.dir = [/workdir/hadoop-ozone/integration-test/target/test-dir/MiniOzoneClusterImpl-408040ea-8342-4e81-bd05-3c5316de8946/datanode-1/data/ratis] (custom)
2019-09-25 05:18:52,069 [main] INFO  hdfs.DFSUtil (DFSUtil.java:httpServerTemplateForNNAndJN(1641)) - Starting Web-server for hddsDatanode at: http://0.0.0.0:0
2019-09-25 05:18:52,070 [main] INFO  server.AuthenticationFilter (AuthenticationFilter.java:constructSecretProvider(240)) - Unable to initialize FileSignerSecretProvider, falling back to use random secrets.
2019-09-25 05:18:52,071 [main] WARN  http.HttpRequestLog (HttpRequestLog.java:getRequestLog(97)) - Jetty request log can only be enabled using Log4j
2019-09-25 05:18:52,073 [main] INFO  http.HttpServer2 (HttpServer2.java:addGlobalFilter(975)) - Added global filter 'safety' (class=org.apache.hadoop.http.HttpServer2$QuotingInputFilter)
2019-09-25 05:18:52,074 [main] INFO  http.HttpServer2 (HttpServer2.java:addFilter(948)) - Added filter static_user_filter (class=org.apache.hadoop.http.lib.StaticUserWebFilter$StaticUserFilter) to context hddsDatanode
2019-09-25 05:18:52,074 [main] INFO  http.HttpServer2 (HttpServer2.java:addFilter(958)) - Added filter static_user_filter (class=org.apache.hadoop.http.lib.StaticUserWebFilter$StaticUserFilter) to context static
2019-09-25 05:18:52,074 [main] INFO  http.HttpServer2 (HttpServer2.java:addFilter(958)) - Added filter static_user_filter (class=org.apache.hadoop.http.lib.StaticUserWebFilter$StaticUserFilter) to context logs
2019-09-25 05:18:52,075 [main] INFO  http.HttpServer2 (HttpServer2.java:bindListener(1191)) - Jetty bound to port 32946
2019-09-25 05:18:52,075 [main] INFO  server.Server (Server.java:doStart(351)) - jetty-9.3.25.v20180904, build timestamp: 2018-09-04T21:11:46Z, git hash: 3ce520221d0240229c862b122d2b06c12a625732
2019-09-25 05:18:52,078 [main] INFO  handler.ContextHandler (ContextHandler.java:doStart(781)) - Started o.e.j.s.ServletContextHandler@15400fff{/logs,file:///workdir/hadoop-ozone/integration-test/target/log,AVAILABLE}
2019-09-25 05:18:52,079 [main] INFO  handler.ContextHandler (ContextHandler.java:doStart(781)) - Started o.e.j.s.ServletContextHandler@1e7ab390{/static,jar:file:/home/user/.m2/repository/org/apache/hadoop/hadoop-hdds-container-service/0.5.0-SNAPSHOT/hadoop-hdds-container-service-0.5.0-SNAPSHOT.jar!/webapps/static,AVAILABLE}
2019-09-25 05:18:52,109 [main] INFO  handler.ContextHandler (ContextHandler.java:doStart(781)) - Started o.e.j.w.WebAppContext@6f94a5a5{/,file:///tmp/jetty-0.0.0.0-32946-hddsDatanode-_-any-5393041713811984562.dir/webapp/,AVAILABLE}{/hddsDatanode}
2019-09-25 05:18:52,110 [main] INFO  server.AbstractConnector (AbstractConnector.java:doStart(278)) - Started ServerConnector@455c1d8c{HTTP/1.1,[http/1.1]}{0.0.0.0:32946}
2019-09-25 05:18:52,110 [main] INFO  server.Server (Server.java:doStart(419)) - Started @36281ms
2019-09-25 05:18:52,111 [main] WARN  impl.MetricsSystemImpl (MetricsSystemImpl.java:register(276)) - Sink prometheus already exists!
2019-09-25 05:18:52,111 [main] INFO  server.BaseHttpServer (BaseHttpServer.java:updateConnectorAddress(215)) - HTTP server of HDDSDATANODE is listening at http://0.0.0.0:32946
2019-09-25 05:18:52,112 [main] INFO  impl.MetricsSystemImpl (MetricsSystemImpl.java:init(158)) - HddsDatanode metrics system started (again)
2019-09-25 05:18:52,115 [main] INFO  ozone.HddsDatanodeService (HddsDatanodeService.java:start(184)) - HddsDatanodeService host:pr-hdds-2174-pqx5g-486351168 ip:192.168.36.126
2019-09-25 05:18:52,115 [org.apache.hadoop.util.JvmPauseMonitor$Monitor@5113a483] INFO  util.JvmPauseMonitor (JvmPauseMonitor.java:run(188)) - Starting JVM pause monitor
2019-09-25 05:18:52,122 [main] INFO  volume.HddsVolume (HddsVolume.java:<init>(176)) - Creating Volume: /workdir/hadoop-ozone/integration-test/target/test-dir/MiniOzoneClusterImpl-408040ea-8342-4e81-bd05-3c5316de8946/datanode-2/data/containers/hdds of  storage type : DISK and capacity : 1482555576320
2019-09-25 05:18:52,122 [main] INFO  volume.VolumeSet (VolumeSet.java:initializeVolumeSet(170)) - Added Volume : /workdir/hadoop-ozone/integration-test/target/test-dir/MiniOzoneClusterImpl-408040ea-8342-4e81-bd05-3c5316de8946/datanode-2/data/containers/hdds to VolumeSet
2019-09-25 05:18:52,122 [main] INFO  volume.ThrottledAsyncChecker (ThrottledAsyncChecker.java:schedule(139)) - Scheduling a check for org.apache.hadoop.ozone.container.common.volume.HddsVolume@5b5e7036
2019-09-25 05:18:52,123 [main] INFO  volume.HddsVolumeChecker (HddsVolumeChecker.java:checkAllVolumes(202)) - Scheduled health check for volume org.apache.hadoop.ozone.container.common.volume.HddsVolume@5b5e7036
2019-09-25 05:18:52,137 [main] INFO  impl.RaftServerProxy (ConfUtils.java:logGet(43)) - raft.rpc.type = GRPC (default)
2019-09-25 05:18:52,137 [main] INFO  grpc.GrpcFactory (GrpcFactory.java:checkPooledByteBufAllocatorUseCacheForAllThreads(45)) - PERFORMANCE WARNING: useCacheForAllThreads is true that may cause Netty to create a lot garbage objects and, as a result, trigger GC.
	It is recommended to disable useCacheForAllThreads by setting -Dorg.apache.ratis.thirdparty.io.netty.allocator.useCacheForAllThreads=false in command line.
2019-09-25 05:18:52,138 [main] INFO  grpc.GrpcConfigKeys$Server (ConfUtils.java:logGet(43)) - raft.grpc.server.port = 0 (default)
2019-09-25 05:18:52,138 [main] INFO  server.GrpcService (ConfUtils.java:logGet(43)) - raft.grpc.message.size.max = 33570816 (custom)
2019-09-25 05:18:52,138 [main] INFO  server.RaftServerConfigKeys (ConfUtils.java:logGet(43)) - raft.server.log.appender.buffer.byte-limit = 33554432 (custom)
2019-09-25 05:18:52,138 [main] INFO  server.GrpcService (ConfUtils.java:logGet(43)) - raft.grpc.flow.control.window = 1MB (=1048576) (default)
2019-09-25 05:18:52,139 [main] INFO  server.RaftServerConfigKeys (ConfUtils.java:logGet(43)) - raft.server.rpc.request.timeout = 3000ms (default)
2019-09-25 05:18:52,139 [main] INFO  server.RaftServerConfigKeys (ConfUtils.java:logGet(43)) - raft.server.storage.dir = [/workdir/hadoop-ozone/integration-test/target/test-dir/MiniOzoneClusterImpl-408040ea-8342-4e81-bd05-3c5316de8946/datanode-2/data/ratis] (custom)
2019-09-25 05:18:52,141 [main] INFO  hdfs.DFSUtil (DFSUtil.java:httpServerTemplateForNNAndJN(1641)) - Starting Web-server for hddsDatanode at: http://0.0.0.0:0
2019-09-25 05:18:52,144 [main] INFO  server.AuthenticationFilter (AuthenticationFilter.java:constructSecretProvider(240)) - Unable to initialize FileSignerSecretProvider, falling back to use random secrets.
2019-09-25 05:18:52,144 [main] WARN  http.HttpRequestLog (HttpRequestLog.java:getRequestLog(97)) - Jetty request log can only be enabled using Log4j
2019-09-25 05:18:52,147 [main] INFO  http.HttpServer2 (HttpServer2.java:addGlobalFilter(975)) - Added global filter 'safety' (class=org.apache.hadoop.http.HttpServer2$QuotingInputFilter)
2019-09-25 05:18:52,149 [main] INFO  http.HttpServer2 (HttpServer2.java:addFilter(948)) - Added filter static_user_filter (class=org.apache.hadoop.http.lib.StaticUserWebFilter$StaticUserFilter) to context hddsDatanode
2019-09-25 05:18:52,149 [main] INFO  http.HttpServer2 (HttpServer2.java:addFilter(958)) - Added filter static_user_filter (class=org.apache.hadoop.http.lib.StaticUserWebFilter$StaticUserFilter) to context logs
2019-09-25 05:18:52,149 [main] INFO  http.HttpServer2 (HttpServer2.java:addFilter(958)) - Added filter static_user_filter (class=org.apache.hadoop.http.lib.StaticUserWebFilter$StaticUserFilter) to context static
2019-09-25 05:18:52,150 [main] INFO  http.HttpServer2 (HttpServer2.java:bindListener(1191)) - Jetty bound to port 45531
2019-09-25 05:18:52,151 [main] INFO  server.Server (Server.java:doStart(351)) - jetty-9.3.25.v20180904, build timestamp: 2018-09-04T21:11:46Z, git hash: 3ce520221d0240229c862b122d2b06c12a625732
2019-09-25 05:18:52,154 [main] INFO  handler.ContextHandler (ContextHandler.java:doStart(781)) - Started o.e.j.s.ServletContextHandler@54d8c20d{/logs,file:///workdir/hadoop-ozone/integration-test/target/log,AVAILABLE}
2019-09-25 05:18:52,155 [main] INFO  handler.ContextHandler (ContextHandler.java:doStart(781)) - Started o.e.j.s.ServletContextHandler@44536de4{/static,jar:file:/home/user/.m2/repository/org/apache/hadoop/hadoop-hdds-container-service/0.5.0-SNAPSHOT/hadoop-hdds-container-service-0.5.0-SNAPSHOT.jar!/webapps/static,AVAILABLE}
2019-09-25 05:18:52,159 [Datanode State Machine Thread - 0] INFO  datanode.InitDatanodeState (InitDatanodeState.java:persistContainerDatanodeDetails(140)) - DatanodeDetails is persisted to /workdir/hadoop-ozone/integration-test/target/test-dir/MiniOzoneClusterImpl-408040ea-8342-4e81-bd05-3c5316de8946/datanode-0/meta/datanode.id
2019-09-25 05:18:52,163 [Datanode State Machine Thread - 0] INFO  datanode.InitDatanodeState (InitDatanodeState.java:persistContainerDatanodeDetails(140)) - DatanodeDetails is persisted to /workdir/hadoop-ozone/integration-test/target/test-dir/MiniOzoneClusterImpl-408040ea-8342-4e81-bd05-3c5316de8946/datanode-1/meta/datanode.id
2019-09-25 05:18:52,195 [main] INFO  handler.ContextHandler (ContextHandler.java:doStart(781)) - Started o.e.j.w.WebAppContext@2f2bff16{/,file:///tmp/jetty-0.0.0.0-45531-hddsDatanode-_-any-4718231467209934432.dir/webapp/,AVAILABLE}{/hddsDatanode}
2019-09-25 05:18:52,196 [main] INFO  server.AbstractConnector (AbstractConnector.java:doStart(278)) - Started ServerConnector@75de29c0{HTTP/1.1,[http/1.1]}{0.0.0.0:45531}
2019-09-25 05:18:52,196 [main] INFO  server.Server (Server.java:doStart(419)) - Started @36366ms
2019-09-25 05:18:52,196 [main] WARN  impl.MetricsSystemImpl (MetricsSystemImpl.java:register(276)) - Sink prometheus already exists!
2019-09-25 05:18:52,197 [main] INFO  server.BaseHttpServer (BaseHttpServer.java:updateConnectorAddress(215)) - HTTP server of HDDSDATANODE is listening at http://0.0.0.0:45531
2019-09-25 05:18:52,198 [main] INFO  impl.MetricsSystemImpl (MetricsSystemImpl.java:init(158)) - HddsDatanode metrics system started (again)
2019-09-25 05:18:52,201 [main] INFO  ozone.HddsDatanodeService (HddsDatanodeService.java:start(184)) - HddsDatanodeService host:pr-hdds-2174-pqx5g-486351168 ip:192.168.36.126
2019-09-25 05:18:52,201 [org.apache.hadoop.util.JvmPauseMonitor$Monitor@5c3d74b8] INFO  util.JvmPauseMonitor (JvmPauseMonitor.java:run(188)) - Starting JVM pause monitor
2019-09-25 05:18:52,204 [Datanode State Machine Thread - 0] INFO  datanode.InitDatanodeState (InitDatanodeState.java:persistContainerDatanodeDetails(140)) - DatanodeDetails is persisted to /workdir/hadoop-ozone/integration-test/target/test-dir/MiniOzoneClusterImpl-408040ea-8342-4e81-bd05-3c5316de8946/datanode-2/meta/datanode.id
2019-09-25 05:18:52,210 [main] INFO  volume.HddsVolume (HddsVolume.java:<init>(176)) - Creating Volume: /workdir/hadoop-ozone/integration-test/target/test-dir/MiniOzoneClusterImpl-408040ea-8342-4e81-bd05-3c5316de8946/datanode-3/data/containers/hdds of  storage type : DISK and capacity : 1482555576320
2019-09-25 05:18:52,210 [main] INFO  volume.VolumeSet (VolumeSet.java:initializeVolumeSet(170)) - Added Volume : /workdir/hadoop-ozone/integration-test/target/test-dir/MiniOzoneClusterImpl-408040ea-8342-4e81-bd05-3c5316de8946/datanode-3/data/containers/hdds to VolumeSet
2019-09-25 05:18:52,211 [main] INFO  volume.ThrottledAsyncChecker (ThrottledAsyncChecker.java:schedule(139)) - Scheduling a check for org.apache.hadoop.ozone.container.common.volume.HddsVolume@784abd3e
2019-09-25 05:18:52,211 [main] INFO  volume.HddsVolumeChecker (HddsVolumeChecker.java:checkAllVolumes(202)) - Scheduled health check for volume org.apache.hadoop.ozone.container.common.volume.HddsVolume@784abd3e
2019-09-25 05:18:52,228 [main] INFO  impl.RaftServerProxy (ConfUtils.java:logGet(43)) - raft.rpc.type = GRPC (default)
2019-09-25 05:18:52,228 [main] INFO  grpc.GrpcFactory (GrpcFactory.java:checkPooledByteBufAllocatorUseCacheForAllThreads(45)) - PERFORMANCE WARNING: useCacheForAllThreads is true that may cause Netty to create a lot garbage objects and, as a result, trigger GC.
	It is recommended to disable useCacheForAllThreads by setting -Dorg.apache.ratis.thirdparty.io.netty.allocator.useCacheForAllThreads=false in command line.
2019-09-25 05:18:52,228 [main] INFO  grpc.GrpcConfigKeys$Server (ConfUtils.java:logGet(43)) - raft.grpc.server.port = 0 (default)
2019-09-25 05:18:52,228 [main] INFO  server.GrpcService (ConfUtils.java:logGet(43)) - raft.grpc.message.size.max = 33570816 (custom)
2019-09-25 05:18:52,229 [main] INFO  server.RaftServerConfigKeys (ConfUtils.java:logGet(43)) - raft.server.log.appender.buffer.byte-limit = 33554432 (custom)
2019-09-25 05:18:52,229 [main] INFO  server.GrpcService (ConfUtils.java:logGet(43)) - raft.grpc.flow.control.window = 1MB (=1048576) (default)
2019-09-25 05:18:52,229 [main] INFO  server.RaftServerConfigKeys (ConfUtils.java:logGet(43)) - raft.server.rpc.request.timeout = 3000ms (default)
2019-09-25 05:18:52,230 [main] INFO  server.RaftServerConfigKeys (ConfUtils.java:logGet(43)) - raft.server.storage.dir = [/workdir/hadoop-ozone/integration-test/target/test-dir/MiniOzoneClusterImpl-408040ea-8342-4e81-bd05-3c5316de8946/datanode-3/data/ratis] (custom)
2019-09-25 05:18:52,232 [main] INFO  hdfs.DFSUtil (DFSUtil.java:httpServerTemplateForNNAndJN(1641)) - Starting Web-server for hddsDatanode at: http://0.0.0.0:0
2019-09-25 05:18:52,233 [main] INFO  server.AuthenticationFilter (AuthenticationFilter.java:constructSecretProvider(240)) - Unable to initialize FileSignerSecretProvider, falling back to use random secrets.
2019-09-25 05:18:52,233 [main] WARN  http.HttpRequestLog (HttpRequestLog.java:getRequestLog(97)) - Jetty request log can only be enabled using Log4j
2019-09-25 05:18:52,235 [main] INFO  http.HttpServer2 (HttpServer2.java:addGlobalFilter(975)) - Added global filter 'safety' (class=org.apache.hadoop.http.HttpServer2$QuotingInputFilter)
2019-09-25 05:18:52,236 [main] INFO  http.HttpServer2 (HttpServer2.java:addFilter(948)) - Added filter static_user_filter (class=org.apache.hadoop.http.lib.StaticUserWebFilter$StaticUserFilter) to context hddsDatanode
2019-09-25 05:18:52,236 [main] INFO  http.HttpServer2 (HttpServer2.java:addFilter(958)) - Added filter static_user_filter (class=org.apache.hadoop.http.lib.StaticUserWebFilter$StaticUserFilter) to context static
2019-09-25 05:18:52,236 [main] INFO  http.HttpServer2 (HttpServer2.java:addFilter(958)) - Added filter static_user_filter (class=org.apache.hadoop.http.lib.StaticUserWebFilter$StaticUserFilter) to context logs
2019-09-25 05:18:52,237 [main] INFO  http.HttpServer2 (HttpServer2.java:bindListener(1191)) - Jetty bound to port 37671
2019-09-25 05:18:52,237 [main] INFO  server.Server (Server.java:doStart(351)) - jetty-9.3.25.v20180904, build timestamp: 2018-09-04T21:11:46Z, git hash: 3ce520221d0240229c862b122d2b06c12a625732
2019-09-25 05:18:52,242 [main] INFO  handler.ContextHandler (ContextHandler.java:doStart(781)) - Started o.e.j.s.ServletContextHandler@53b7ce6{/logs,file:///workdir/hadoop-ozone/integration-test/target/log,AVAILABLE}
2019-09-25 05:18:52,242 [main] INFO  handler.ContextHandler (ContextHandler.java:doStart(781)) - Started o.e.j.s.ServletContextHandler@27d33393{/static,jar:file:/home/user/.m2/repository/org/apache/hadoop/hadoop-hdds-container-service/0.5.0-SNAPSHOT/hadoop-hdds-container-service-0.5.0-SNAPSHOT.jar!/webapps/static,AVAILABLE}
2019-09-25 05:18:52,272 [main] INFO  handler.ContextHandler (ContextHandler.java:doStart(781)) - Started o.e.j.w.WebAppContext@1716e8c5{/,file:///tmp/jetty-0.0.0.0-37671-hddsDatanode-_-any-2017354681509434382.dir/webapp/,AVAILABLE}{/hddsDatanode}
2019-09-25 05:18:52,273 [main] INFO  server.AbstractConnector (AbstractConnector.java:doStart(278)) - Started ServerConnector@6573d2f7{HTTP/1.1,[http/1.1]}{0.0.0.0:37671}
2019-09-25 05:18:52,273 [main] INFO  server.Server (Server.java:doStart(419)) - Started @36444ms
2019-09-25 05:18:52,273 [main] WARN  impl.MetricsSystemImpl (MetricsSystemImpl.java:register(276)) - Sink prometheus already exists!
2019-09-25 05:18:52,274 [main] INFO  server.BaseHttpServer (BaseHttpServer.java:updateConnectorAddress(215)) - HTTP server of HDDSDATANODE is listening at http://0.0.0.0:37671
2019-09-25 05:18:52,275 [main] INFO  impl.MetricsSystemImpl (MetricsSystemImpl.java:init(158)) - HddsDatanode metrics system started (again)
2019-09-25 05:18:52,278 [main] INFO  ozone.HddsDatanodeService (HddsDatanodeService.java:start(184)) - HddsDatanodeService host:pr-hdds-2174-pqx5g-486351168 ip:192.168.36.126
2019-09-25 05:18:52,278 [org.apache.hadoop.util.JvmPauseMonitor$Monitor@48769d45] INFO  util.JvmPauseMonitor (JvmPauseMonitor.java:run(188)) - Starting JVM pause monitor
2019-09-25 05:18:52,281 [Datanode State Machine Thread - 0] INFO  datanode.InitDatanodeState (InitDatanodeState.java:persistContainerDatanodeDetails(140)) - DatanodeDetails is persisted to /workdir/hadoop-ozone/integration-test/target/test-dir/MiniOzoneClusterImpl-408040ea-8342-4e81-bd05-3c5316de8946/datanode-3/meta/datanode.id
2019-09-25 05:18:52,285 [main] INFO  volume.HddsVolume (HddsVolume.java:<init>(176)) - Creating Volume: /workdir/hadoop-ozone/integration-test/target/test-dir/MiniOzoneClusterImpl-408040ea-8342-4e81-bd05-3c5316de8946/datanode-4/data/containers/hdds of  storage type : DISK and capacity : 1482555576320
2019-09-25 05:18:52,286 [main] INFO  volume.VolumeSet (VolumeSet.java:initializeVolumeSet(170)) - Added Volume : /workdir/hadoop-ozone/integration-test/target/test-dir/MiniOzoneClusterImpl-408040ea-8342-4e81-bd05-3c5316de8946/datanode-4/data/containers/hdds to VolumeSet
2019-09-25 05:18:52,286 [main] INFO  volume.ThrottledAsyncChecker (ThrottledAsyncChecker.java:schedule(139)) - Scheduling a check for org.apache.hadoop.ozone.container.common.volume.HddsVolume@44f24a20
2019-09-25 05:18:52,287 [main] INFO  volume.HddsVolumeChecker (HddsVolumeChecker.java:checkAllVolumes(202)) - Scheduled health check for volume org.apache.hadoop.ozone.container.common.volume.HddsVolume@44f24a20
2019-09-25 05:18:52,301 [main] INFO  impl.RaftServerProxy (ConfUtils.java:logGet(43)) - raft.rpc.type = GRPC (default)
2019-09-25 05:18:52,302 [main] INFO  grpc.GrpcFactory (GrpcFactory.java:checkPooledByteBufAllocatorUseCacheForAllThreads(45)) - PERFORMANCE WARNING: useCacheForAllThreads is true that may cause Netty to create a lot garbage objects and, as a result, trigger GC.
	It is recommended to disable useCacheForAllThreads by setting -Dorg.apache.ratis.thirdparty.io.netty.allocator.useCacheForAllThreads=false in command line.
2019-09-25 05:18:52,302 [main] INFO  grpc.GrpcConfigKeys$Server (ConfUtils.java:logGet(43)) - raft.grpc.server.port = 0 (default)
2019-09-25 05:18:52,302 [main] INFO  server.GrpcService (ConfUtils.java:logGet(43)) - raft.grpc.message.size.max = 33570816 (custom)
2019-09-25 05:18:52,302 [main] INFO  server.RaftServerConfigKeys (ConfUtils.java:logGet(43)) - raft.server.log.appender.buffer.byte-limit = 33554432 (custom)
2019-09-25 05:18:52,303 [main] INFO  server.GrpcService (ConfUtils.java:logGet(43)) - raft.grpc.flow.control.window = 1MB (=1048576) (default)
2019-09-25 05:18:52,303 [main] INFO  server.RaftServerConfigKeys (ConfUtils.java:logGet(43)) - raft.server.rpc.request.timeout = 3000ms (default)
2019-09-25 05:18:52,303 [main] INFO  server.RaftServerConfigKeys (ConfUtils.java:logGet(43)) - raft.server.storage.dir = [/workdir/hadoop-ozone/integration-test/target/test-dir/MiniOzoneClusterImpl-408040ea-8342-4e81-bd05-3c5316de8946/datanode-4/data/ratis] (custom)
2019-09-25 05:18:52,305 [main] INFO  hdfs.DFSUtil (DFSUtil.java:httpServerTemplateForNNAndJN(1641)) - Starting Web-server for hddsDatanode at: http://0.0.0.0:0
2019-09-25 05:18:52,307 [main] INFO  server.AuthenticationFilter (AuthenticationFilter.java:constructSecretProvider(240)) - Unable to initialize FileSignerSecretProvider, falling back to use random secrets.
2019-09-25 05:18:52,307 [main] WARN  http.HttpRequestLog (HttpRequestLog.java:getRequestLog(97)) - Jetty request log can only be enabled using Log4j
2019-09-25 05:18:52,309 [main] INFO  http.HttpServer2 (HttpServer2.java:addGlobalFilter(975)) - Added global filter 'safety' (class=org.apache.hadoop.http.HttpServer2$QuotingInputFilter)
2019-09-25 05:18:52,310 [main] INFO  http.HttpServer2 (HttpServer2.java:addFilter(948)) - Added filter static_user_filter (class=org.apache.hadoop.http.lib.StaticUserWebFilter$StaticUserFilter) to context hddsDatanode
2019-09-25 05:18:52,310 [main] INFO  http.HttpServer2 (HttpServer2.java:addFilter(958)) - Added filter static_user_filter (class=org.apache.hadoop.http.lib.StaticUserWebFilter$StaticUserFilter) to context static
2019-09-25 05:18:52,311 [main] INFO  http.HttpServer2 (HttpServer2.java:addFilter(958)) - Added filter static_user_filter (class=org.apache.hadoop.http.lib.StaticUserWebFilter$StaticUserFilter) to context logs
2019-09-25 05:18:52,311 [main] INFO  http.HttpServer2 (HttpServer2.java:bindListener(1191)) - Jetty bound to port 34775
2019-09-25 05:18:52,312 [main] INFO  server.Server (Server.java:doStart(351)) - jetty-9.3.25.v20180904, build timestamp: 2018-09-04T21:11:46Z, git hash: 3ce520221d0240229c862b122d2b06c12a625732
2019-09-25 05:18:52,314 [main] INFO  handler.ContextHandler (ContextHandler.java:doStart(781)) - Started o.e.j.s.ServletContextHandler@333c8791{/logs,file:///workdir/hadoop-ozone/integration-test/target/log,AVAILABLE}
2019-09-25 05:18:52,315 [main] INFO  handler.ContextHandler (ContextHandler.java:doStart(781)) - Started o.e.j.s.ServletContextHandler@22eaa86e{/static,jar:file:/home/user/.m2/repository/org/apache/hadoop/hadoop-hdds-container-service/0.5.0-SNAPSHOT/hadoop-hdds-container-service-0.5.0-SNAPSHOT.jar!/webapps/static,AVAILABLE}
2019-09-25 05:18:52,347 [main] INFO  handler.ContextHandler (ContextHandler.java:doStart(781)) - Started o.e.j.w.WebAppContext@a5272be{/,file:///tmp/jetty-0.0.0.0-34775-hddsDatanode-_-any-1141951373814280125.dir/webapp/,AVAILABLE}{/hddsDatanode}
2019-09-25 05:18:52,349 [main] INFO  server.AbstractConnector (AbstractConnector.java:doStart(278)) - Started ServerConnector@58ba5b30{HTTP/1.1,[http/1.1]}{0.0.0.0:34775}
2019-09-25 05:18:52,349 [main] INFO  server.Server (Server.java:doStart(419)) - Started @36519ms
2019-09-25 05:18:52,349 [main] WARN  impl.MetricsSystemImpl (MetricsSystemImpl.java:register(276)) - Sink prometheus already exists!
2019-09-25 05:18:52,350 [main] INFO  server.BaseHttpServer (BaseHttpServer.java:updateConnectorAddress(215)) - HTTP server of HDDSDATANODE is listening at http://0.0.0.0:34775
2019-09-25 05:18:52,350 [main] INFO  impl.MetricsSystemImpl (MetricsSystemImpl.java:init(158)) - HddsDatanode metrics system started (again)
2019-09-25 05:18:52,354 [org.apache.hadoop.util.JvmPauseMonitor$Monitor@760cf4e9] INFO  util.JvmPauseMonitor (JvmPauseMonitor.java:run(188)) - Starting JVM pause monitor
2019-09-25 05:18:52,354 [main] INFO  ozone.HddsDatanodeService (HddsDatanodeService.java:start(184)) - HddsDatanodeService host:pr-hdds-2174-pqx5g-486351168 ip:192.168.36.126
2019-09-25 05:18:52,357 [Datanode State Machine Thread - 0] INFO  datanode.InitDatanodeState (InitDatanodeState.java:persistContainerDatanodeDetails(140)) - DatanodeDetails is persisted to /workdir/hadoop-ozone/integration-test/target/test-dir/MiniOzoneClusterImpl-408040ea-8342-4e81-bd05-3c5316de8946/datanode-4/meta/datanode.id
2019-09-25 05:18:52,365 [main] INFO  volume.HddsVolume (HddsVolume.java:<init>(176)) - Creating Volume: /workdir/hadoop-ozone/integration-test/target/test-dir/MiniOzoneClusterImpl-408040ea-8342-4e81-bd05-3c5316de8946/datanode-5/data/containers/hdds of  storage type : DISK and capacity : 1482555576320
2019-09-25 05:18:52,365 [main] INFO  volume.VolumeSet (VolumeSet.java:initializeVolumeSet(170)) - Added Volume : /workdir/hadoop-ozone/integration-test/target/test-dir/MiniOzoneClusterImpl-408040ea-8342-4e81-bd05-3c5316de8946/datanode-5/data/containers/hdds to VolumeSet
2019-09-25 05:18:52,366 [main] INFO  volume.ThrottledAsyncChecker (ThrottledAsyncChecker.java:schedule(139)) - Scheduling a check for org.apache.hadoop.ozone.container.common.volume.HddsVolume@127a7272
2019-09-25 05:18:52,366 [main] INFO  volume.HddsVolumeChecker (HddsVolumeChecker.java:checkAllVolumes(202)) - Scheduled health check for volume org.apache.hadoop.ozone.container.common.volume.HddsVolume@127a7272
2019-09-25 05:18:52,389 [main] INFO  impl.RaftServerProxy (ConfUtils.java:logGet(43)) - raft.rpc.type = GRPC (default)
2019-09-25 05:18:52,389 [main] INFO  grpc.GrpcFactory (GrpcFactory.java:checkPooledByteBufAllocatorUseCacheForAllThreads(45)) - PERFORMANCE WARNING: useCacheForAllThreads is true that may cause Netty to create a lot garbage objects and, as a result, trigger GC.
	It is recommended to disable useCacheForAllThreads by setting -Dorg.apache.ratis.thirdparty.io.netty.allocator.useCacheForAllThreads=false in command line.
2019-09-25 05:18:52,390 [main] INFO  grpc.GrpcConfigKeys$Server (ConfUtils.java:logGet(43)) - raft.grpc.server.port = 0 (default)
2019-09-25 05:18:52,390 [main] INFO  server.GrpcService (ConfUtils.java:logGet(43)) - raft.grpc.message.size.max = 33570816 (custom)
2019-09-25 05:18:52,390 [main] INFO  server.RaftServerConfigKeys (ConfUtils.java:logGet(43)) - raft.server.log.appender.buffer.byte-limit = 33554432 (custom)
2019-09-25 05:18:52,390 [main] INFO  server.GrpcService (ConfUtils.java:logGet(43)) - raft.grpc.flow.control.window = 1MB (=1048576) (default)
2019-09-25 05:18:52,391 [main] INFO  server.RaftServerConfigKeys (ConfUtils.java:logGet(43)) - raft.server.rpc.request.timeout = 3000ms (default)
2019-09-25 05:18:52,392 [main] INFO  server.RaftServerConfigKeys (ConfUtils.java:logGet(43)) - raft.server.storage.dir = [/workdir/hadoop-ozone/integration-test/target/test-dir/MiniOzoneClusterImpl-408040ea-8342-4e81-bd05-3c5316de8946/datanode-5/data/ratis] (custom)
2019-09-25 05:18:52,393 [main] INFO  hdfs.DFSUtil (DFSUtil.java:httpServerTemplateForNNAndJN(1641)) - Starting Web-server for hddsDatanode at: http://0.0.0.0:0
2019-09-25 05:18:52,395 [main] INFO  server.AuthenticationFilter (AuthenticationFilter.java:constructSecretProvider(240)) - Unable to initialize FileSignerSecretProvider, falling back to use random secrets.
2019-09-25 05:18:52,396 [main] WARN  http.HttpRequestLog (HttpRequestLog.java:getRequestLog(97)) - Jetty request log can only be enabled using Log4j
2019-09-25 05:18:52,399 [main] INFO  http.HttpServer2 (HttpServer2.java:addGlobalFilter(975)) - Added global filter 'safety' (class=org.apache.hadoop.http.HttpServer2$QuotingInputFilter)
2019-09-25 05:18:52,400 [main] INFO  http.HttpServer2 (HttpServer2.java:addFilter(948)) - Added filter static_user_filter (class=org.apache.hadoop.http.lib.StaticUserWebFilter$StaticUserFilter) to context hddsDatanode
2019-09-25 05:18:52,401 [main] INFO  http.HttpServer2 (HttpServer2.java:addFilter(958)) - Added filter static_user_filter (class=org.apache.hadoop.http.lib.StaticUserWebFilter$StaticUserFilter) to context logs
2019-09-25 05:18:52,401 [main] INFO  http.HttpServer2 (HttpServer2.java:addFilter(958)) - Added filter static_user_filter (class=org.apache.hadoop.http.lib.StaticUserWebFilter$StaticUserFilter) to context static
2019-09-25 05:18:52,402 [main] INFO  http.HttpServer2 (HttpServer2.java:bindListener(1191)) - Jetty bound to port 36054
2019-09-25 05:18:52,403 [main] INFO  server.Server (Server.java:doStart(351)) - jetty-9.3.25.v20180904, build timestamp: 2018-09-04T21:11:46Z, git hash: 3ce520221d0240229c862b122d2b06c12a625732
2019-09-25 05:18:52,405 [main] INFO  handler.ContextHandler (ContextHandler.java:doStart(781)) - Started o.e.j.s.ServletContextHandler@4596f8f3{/logs,file:///workdir/hadoop-ozone/integration-test/target/log,AVAILABLE}
2019-09-25 05:18:52,406 [main] INFO  handler.ContextHandler (ContextHandler.java:doStart(781)) - Started o.e.j.s.ServletContextHandler@117d32e{/static,jar:file:/home/user/.m2/repository/org/apache/hadoop/hadoop-hdds-container-service/0.5.0-SNAPSHOT/hadoop-hdds-container-service-0.5.0-SNAPSHOT.jar!/webapps/static,AVAILABLE}
2019-09-25 05:18:52,453 [main] INFO  handler.ContextHandler (ContextHandler.java:doStart(781)) - Started o.e.j.w.WebAppContext@272ce069{/,file:///tmp/jetty-0.0.0.0-36054-hddsDatanode-_-any-12604074400908526.dir/webapp/,AVAILABLE}{/hddsDatanode}
2019-09-25 05:18:52,454 [main] INFO  server.AbstractConnector (AbstractConnector.java:doStart(278)) - Started ServerConnector@3d7fb838{HTTP/1.1,[http/1.1]}{0.0.0.0:36054}
2019-09-25 05:18:52,455 [main] INFO  server.Server (Server.java:doStart(419)) - Started @36625ms
2019-09-25 05:18:52,455 [main] WARN  impl.MetricsSystemImpl (MetricsSystemImpl.java:register(276)) - Sink prometheus already exists!
2019-09-25 05:18:52,456 [main] INFO  server.BaseHttpServer (BaseHttpServer.java:updateConnectorAddress(215)) - HTTP server of HDDSDATANODE is listening at http://0.0.0.0:36054
2019-09-25 05:18:52,457 [main] INFO  impl.MetricsSystemImpl (MetricsSystemImpl.java:init(158)) - HddsDatanode metrics system started (again)
2019-09-25 05:18:52,462 [org.apache.hadoop.util.JvmPauseMonitor$Monitor@196a2740] INFO  util.JvmPauseMonitor (JvmPauseMonitor.java:run(188)) - Starting JVM pause monitor
2019-09-25 05:18:52,463 [main] INFO  ozone.HddsDatanodeService (HddsDatanodeService.java:start(184)) - HddsDatanodeService host:pr-hdds-2174-pqx5g-486351168 ip:192.168.36.126
2019-09-25 05:18:52,465 [Datanode State Machine Thread - 0] INFO  datanode.InitDatanodeState (InitDatanodeState.java:persistContainerDatanodeDetails(140)) - DatanodeDetails is persisted to /workdir/hadoop-ozone/integration-test/target/test-dir/MiniOzoneClusterImpl-408040ea-8342-4e81-bd05-3c5316de8946/datanode-5/meta/datanode.id
2019-09-25 05:18:52,472 [main] INFO  volume.HddsVolume (HddsVolume.java:<init>(176)) - Creating Volume: /workdir/hadoop-ozone/integration-test/target/test-dir/MiniOzoneClusterImpl-408040ea-8342-4e81-bd05-3c5316de8946/datanode-6/data/containers/hdds of  storage type : DISK and capacity : 1482555576320
2019-09-25 05:18:52,472 [main] INFO  volume.VolumeSet (VolumeSet.java:initializeVolumeSet(170)) - Added Volume : /workdir/hadoop-ozone/integration-test/target/test-dir/MiniOzoneClusterImpl-408040ea-8342-4e81-bd05-3c5316de8946/datanode-6/data/containers/hdds to VolumeSet
2019-09-25 05:18:52,473 [main] INFO  volume.ThrottledAsyncChecker (ThrottledAsyncChecker.java:schedule(139)) - Scheduling a check for org.apache.hadoop.ozone.container.common.volume.HddsVolume@3d0035d2
2019-09-25 05:18:52,473 [main] INFO  volume.HddsVolumeChecker (HddsVolumeChecker.java:checkAllVolumes(202)) - Scheduled health check for volume org.apache.hadoop.ozone.container.common.volume.HddsVolume@3d0035d2
2019-09-25 05:18:52,497 [main] INFO  impl.RaftServerProxy (ConfUtils.java:logGet(43)) - raft.rpc.type = GRPC (default)
2019-09-25 05:18:52,497 [main] INFO  grpc.GrpcFactory (GrpcFactory.java:checkPooledByteBufAllocatorUseCacheForAllThreads(45)) - PERFORMANCE WARNING: useCacheForAllThreads is true that may cause Netty to create a lot garbage objects and, as a result, trigger GC.
	It is recommended to disable useCacheForAllThreads by setting -Dorg.apache.ratis.thirdparty.io.netty.allocator.useCacheForAllThreads=false in command line.
2019-09-25 05:18:52,498 [main] INFO  grpc.GrpcConfigKeys$Server (ConfUtils.java:logGet(43)) - raft.grpc.server.port = 0 (default)
2019-09-25 05:18:52,498 [main] INFO  server.GrpcService (ConfUtils.java:logGet(43)) - raft.grpc.message.size.max = 33570816 (custom)
2019-09-25 05:18:52,498 [main] INFO  server.RaftServerConfigKeys (ConfUtils.java:logGet(43)) - raft.server.log.appender.buffer.byte-limit = 33554432 (custom)
2019-09-25 05:18:52,499 [main] INFO  server.GrpcService (ConfUtils.java:logGet(43)) - raft.grpc.flow.control.window = 1MB (=1048576) (default)
2019-09-25 05:18:52,499 [main] INFO  server.RaftServerConfigKeys (ConfUtils.java:logGet(43)) - raft.server.rpc.request.timeout = 3000ms (default)
2019-09-25 05:18:52,500 [main] INFO  server.RaftServerConfigKeys (ConfUtils.java:logGet(43)) - raft.server.storage.dir = [/workdir/hadoop-ozone/integration-test/target/test-dir/MiniOzoneClusterImpl-408040ea-8342-4e81-bd05-3c5316de8946/datanode-6/data/ratis] (custom)
2019-09-25 05:18:52,502 [main] INFO  hdfs.DFSUtil (DFSUtil.java:httpServerTemplateForNNAndJN(1641)) - Starting Web-server for hddsDatanode at: http://0.0.0.0:0
2019-09-25 05:18:52,504 [main] INFO  server.AuthenticationFilter (AuthenticationFilter.java:constructSecretProvider(240)) - Unable to initialize FileSignerSecretProvider, falling back to use random secrets.
2019-09-25 05:18:52,504 [main] WARN  http.HttpRequestLog (HttpRequestLog.java:getRequestLog(97)) - Jetty request log can only be enabled using Log4j
2019-09-25 05:18:52,506 [main] INFO  http.HttpServer2 (HttpServer2.java:addGlobalFilter(975)) - Added global filter 'safety' (class=org.apache.hadoop.http.HttpServer2$QuotingInputFilter)
2019-09-25 05:18:52,507 [main] INFO  http.HttpServer2 (HttpServer2.java:addFilter(948)) - Added filter static_user_filter (class=org.apache.hadoop.http.lib.StaticUserWebFilter$StaticUserFilter) to context hddsDatanode
2019-09-25 05:18:52,508 [main] INFO  http.HttpServer2 (HttpServer2.java:addFilter(958)) - Added filter static_user_filter (class=org.apache.hadoop.http.lib.StaticUserWebFilter$StaticUserFilter) to context static
2019-09-25 05:18:52,508 [main] INFO  http.HttpServer2 (HttpServer2.java:addFilter(958)) - Added filter static_user_filter (class=org.apache.hadoop.http.lib.StaticUserWebFilter$StaticUserFilter) to context logs
2019-09-25 05:18:52,509 [main] INFO  http.HttpServer2 (HttpServer2.java:bindListener(1191)) - Jetty bound to port 33995
2019-09-25 05:18:52,509 [main] INFO  server.Server (Server.java:doStart(351)) - jetty-9.3.25.v20180904, build timestamp: 2018-09-04T21:11:46Z, git hash: 3ce520221d0240229c862b122d2b06c12a625732
2019-09-25 05:18:52,511 [main] INFO  handler.ContextHandler (ContextHandler.java:doStart(781)) - Started o.e.j.s.ServletContextHandler@3b920bdc{/logs,file:///workdir/hadoop-ozone/integration-test/target/log,AVAILABLE}
2019-09-25 05:18:52,512 [main] INFO  handler.ContextHandler (ContextHandler.java:doStart(781)) - Started o.e.j.s.ServletContextHandler@72fd8a3c{/static,jar:file:/home/user/.m2/repository/org/apache/hadoop/hadoop-hdds-container-service/0.5.0-SNAPSHOT/hadoop-hdds-container-service-0.5.0-SNAPSHOT.jar!/webapps/static,AVAILABLE}
2019-09-25 05:18:52,550 [main] INFO  handler.ContextHandler (ContextHandler.java:doStart(781)) - Started o.e.j.w.WebAppContext@64db4967{/,file:///tmp/jetty-0.0.0.0-33995-hddsDatanode-_-any-4482929652763036492.dir/webapp/,AVAILABLE}{/hddsDatanode}
2019-09-25 05:18:52,550 [main] INFO  server.AbstractConnector (AbstractConnector.java:doStart(278)) - Started ServerConnector@74e6094b{HTTP/1.1,[http/1.1]}{0.0.0.0:33995}
2019-09-25 05:18:52,552 [main] INFO  server.Server (Server.java:doStart(419)) - Started @36722ms
2019-09-25 05:18:52,552 [main] WARN  impl.MetricsSystemImpl (MetricsSystemImpl.java:register(276)) - Sink prometheus already exists!
2019-09-25 05:18:52,553 [main] INFO  server.BaseHttpServer (BaseHttpServer.java:updateConnectorAddress(215)) - HTTP server of HDDSDATANODE is listening at http://0.0.0.0:33995
2019-09-25 05:18:52,555 [main] INFO  ozone.MiniOzoneClusterImpl (MiniOzoneClusterImpl.java:lambda$waitForClusterToBeReady$0(147)) - Waiting for cluster to be ready. Got 0 of 7 DN Heartbeats.
2019-09-25 05:18:52,563 [org.apache.hadoop.util.JvmPauseMonitor$Monitor@5ea6e649] INFO  util.JvmPauseMonitor (JvmPauseMonitor.java:run(188)) - Starting JVM pause monitor
2019-09-25 05:18:52,566 [Datanode State Machine Thread - 0] INFO  datanode.InitDatanodeState (InitDatanodeState.java:persistContainerDatanodeDetails(140)) - DatanodeDetails is persisted to /workdir/hadoop-ozone/integration-test/target/test-dir/MiniOzoneClusterImpl-408040ea-8342-4e81-bd05-3c5316de8946/datanode-6/meta/datanode.id
2019-09-25 05:18:53,556 [main] INFO  ozone.MiniOzoneClusterImpl (MiniOzoneClusterImpl.java:lambda$waitForClusterToBeReady$0(147)) - Waiting for cluster to be ready. Got 0 of 7 DN Heartbeats.
2019-09-25 05:18:54,556 [main] INFO  ozone.MiniOzoneClusterImpl (MiniOzoneClusterImpl.java:lambda$waitForClusterToBeReady$0(147)) - Waiting for cluster to be ready. Got 0 of 7 DN Heartbeats.
2019-09-25 05:18:55,557 [main] INFO  ozone.MiniOzoneClusterImpl (MiniOzoneClusterImpl.java:lambda$waitForClusterToBeReady$0(147)) - Waiting for cluster to be ready. Got 0 of 7 DN Heartbeats.
2019-09-25 05:18:55,930 [Datanode State Machine Thread - 0] INFO  ozoneimpl.OzoneContainer (OzoneContainer.java:start(217)) - Attempting to start container services.
2019-09-25 05:18:55,930 [Datanode State Machine Thread - 0] INFO  ozoneimpl.OzoneContainer (OzoneContainer.java:start(217)) - Attempting to start container services.
2019-09-25 05:18:55,930 [Datanode State Machine Thread - 0] INFO  ozoneimpl.OzoneContainer (OzoneContainer.java:start(217)) - Attempting to start container services.
2019-09-25 05:18:55,930 [Datanode State Machine Thread - 0] INFO  ozoneimpl.OzoneContainer (OzoneContainer.java:start(217)) - Attempting to start container services.
2019-09-25 05:18:55,930 [Datanode State Machine Thread - 0] INFO  ozoneimpl.OzoneContainer (OzoneContainer.java:start(217)) - Attempting to start container services.
2019-09-25 05:18:55,930 [Datanode State Machine Thread - 0] INFO  ozoneimpl.OzoneContainer (OzoneContainer.java:start(217)) - Attempting to start container services.
2019-09-25 05:18:55,930 [Datanode State Machine Thread - 0] INFO  ozoneimpl.OzoneContainer (OzoneContainer.java:start(217)) - Attempting to start container services.
2019-09-25 05:18:55,945 [Datanode State Machine Thread - 0] INFO  ozoneimpl.OzoneContainer (OzoneContainer.java:startContainerScrub(179)) - Background container scanner has been disabled.
2019-09-25 05:18:55,945 [Datanode State Machine Thread - 0] INFO  ozoneimpl.OzoneContainer (OzoneContainer.java:startContainerScrub(179)) - Background container scanner has been disabled.
2019-09-25 05:18:55,945 [Datanode State Machine Thread - 0] INFO  ratis.XceiverServerRatis (XceiverServerRatis.java:start(411)) - Starting XceiverServerRatis a7793eff-ada5-4527-9e0b-a0fd078cd21b at port 0
2019-09-25 05:18:55,945 [Datanode State Machine Thread - 0] INFO  ratis.XceiverServerRatis (XceiverServerRatis.java:start(411)) - Starting XceiverServerRatis dc7ea896-6e80-4fed-8727-08f73144b1fc at port 0
2019-09-25 05:18:55,947 [Datanode State Machine Thread - 0] INFO  ozoneimpl.OzoneContainer (OzoneContainer.java:startContainerScrub(179)) - Background container scanner has been disabled.
2019-09-25 05:18:55,947 [Datanode State Machine Thread - 0] INFO  ozoneimpl.OzoneContainer (OzoneContainer.java:startContainerScrub(179)) - Background container scanner has been disabled.
2019-09-25 05:18:55,947 [Datanode State Machine Thread - 0] INFO  ratis.XceiverServerRatis (XceiverServerRatis.java:start(411)) - Starting XceiverServerRatis ece43ade-c7f6-4378-8dfa-fbe6a8ab43cf at port 0
2019-09-25 05:18:55,947 [Datanode State Machine Thread - 0] INFO  ozoneimpl.OzoneContainer (OzoneContainer.java:startContainerScrub(179)) - Background container scanner has been disabled.
2019-09-25 05:18:55,948 [Datanode State Machine Thread - 0] INFO  ratis.XceiverServerRatis (XceiverServerRatis.java:start(411)) - Starting XceiverServerRatis 0307fa50-fe39-434c-9a48-d041dcd77692 at port 0
2019-09-25 05:18:55,947 [Datanode State Machine Thread - 0] INFO  ozoneimpl.OzoneContainer (OzoneContainer.java:startContainerScrub(179)) - Background container scanner has been disabled.
2019-09-25 05:18:55,948 [Datanode State Machine Thread - 0] INFO  ratis.XceiverServerRatis (XceiverServerRatis.java:start(411)) - Starting XceiverServerRatis a824d2a0-4471-4a6f-a232-f84ec650292b at port 0
2019-09-25 05:18:55,947 [Datanode State Machine Thread - 0] INFO  ozoneimpl.OzoneContainer (OzoneContainer.java:startContainerScrub(179)) - Background container scanner has been disabled.
2019-09-25 05:18:55,947 [Datanode State Machine Thread - 0] INFO  ratis.XceiverServerRatis (XceiverServerRatis.java:start(411)) - Starting XceiverServerRatis 6e4b8f72-2d03-4335-a109-8ce1569ec549 at port 0
2019-09-25 05:18:55,949 [Datanode State Machine Thread - 0] INFO  ratis.XceiverServerRatis (XceiverServerRatis.java:start(411)) - Starting XceiverServerRatis 8d1936ad-7e22-483e-8301-a12de2cdc2b5 at port 0
2019-09-25 05:18:56,024 [Datanode State Machine Thread - 0] INFO  impl.RaftServerProxy (RaftServerProxy.java:lambda$start$3(299)) - a824d2a0-4471-4a6f-a232-f84ec650292b: start RPC server
2019-09-25 05:18:56,025 [Datanode State Machine Thread - 0] INFO  impl.RaftServerProxy (RaftServerProxy.java:lambda$start$3(299)) - 6e4b8f72-2d03-4335-a109-8ce1569ec549: start RPC server
2019-09-25 05:18:56,025 [Datanode State Machine Thread - 0] INFO  impl.RaftServerProxy (RaftServerProxy.java:lambda$start$3(299)) - 0307fa50-fe39-434c-9a48-d041dcd77692: start RPC server
2019-09-25 05:18:56,025 [Datanode State Machine Thread - 0] INFO  impl.RaftServerProxy (RaftServerProxy.java:lambda$start$3(299)) - 8d1936ad-7e22-483e-8301-a12de2cdc2b5: start RPC server
2019-09-25 05:18:56,025 [Datanode State Machine Thread - 0] INFO  impl.RaftServerProxy (RaftServerProxy.java:lambda$start$3(299)) - ece43ade-c7f6-4378-8dfa-fbe6a8ab43cf: start RPC server
2019-09-25 05:18:56,024 [Datanode State Machine Thread - 0] INFO  impl.RaftServerProxy (RaftServerProxy.java:lambda$start$3(299)) - dc7ea896-6e80-4fed-8727-08f73144b1fc: start RPC server
2019-09-25 05:18:56,024 [Datanode State Machine Thread - 0] INFO  impl.RaftServerProxy (RaftServerProxy.java:lambda$start$3(299)) - a7793eff-ada5-4527-9e0b-a0fd078cd21b: start RPC server
2019-09-25 05:18:56,215 [Datanode State Machine Thread - 0] INFO  server.GrpcService (GrpcService.java:startImpl(158)) - 6e4b8f72-2d03-4335-a109-8ce1569ec549: GrpcService started, listening on 0.0.0.0/0.0.0.0:38179
2019-09-25 05:18:56,215 [Datanode State Machine Thread - 0] INFO  server.GrpcService (GrpcService.java:startImpl(158)) - 8d1936ad-7e22-483e-8301-a12de2cdc2b5: GrpcService started, listening on 0.0.0.0/0.0.0.0:34366
2019-09-25 05:18:56,215 [Datanode State Machine Thread - 0] INFO  server.GrpcService (GrpcService.java:startImpl(158)) - 0307fa50-fe39-434c-9a48-d041dcd77692: GrpcService started, listening on 0.0.0.0/0.0.0.0:42582
2019-09-25 05:18:56,215 [Datanode State Machine Thread - 0] INFO  server.GrpcService (GrpcService.java:startImpl(158)) - dc7ea896-6e80-4fed-8727-08f73144b1fc: GrpcService started, listening on 0.0.0.0/0.0.0.0:42983
2019-09-25 05:18:56,215 [Datanode State Machine Thread - 0] INFO  server.GrpcService (GrpcService.java:startImpl(158)) - a824d2a0-4471-4a6f-a232-f84ec650292b: GrpcService started, listening on 0.0.0.0/0.0.0.0:37611
2019-09-25 05:18:56,215 [Datanode State Machine Thread - 0] INFO  server.GrpcService (GrpcService.java:startImpl(158)) - a7793eff-ada5-4527-9e0b-a0fd078cd21b: GrpcService started, listening on 0.0.0.0/0.0.0.0:36914
2019-09-25 05:18:56,218 [Datanode State Machine Thread - 0] INFO  ratis.XceiverServerRatis (XceiverServerRatis.java:start(421)) - XceiverServerRatis a7793eff-ada5-4527-9e0b-a0fd078cd21b is started using port 36914
2019-09-25 05:18:56,215 [Datanode State Machine Thread - 0] INFO  server.GrpcService (GrpcService.java:startImpl(158)) - ece43ade-c7f6-4378-8dfa-fbe6a8ab43cf: GrpcService started, listening on 0.0.0.0/0.0.0.0:41805
2019-09-25 05:18:56,218 [Datanode State Machine Thread - 0] INFO  ratis.XceiverServerRatis (XceiverServerRatis.java:start(421)) - XceiverServerRatis a824d2a0-4471-4a6f-a232-f84ec650292b is started using port 37611
2019-09-25 05:18:56,218 [Datanode State Machine Thread - 0] INFO  ratis.XceiverServerRatis (XceiverServerRatis.java:start(421)) - XceiverServerRatis dc7ea896-6e80-4fed-8727-08f73144b1fc is started using port 42983
2019-09-25 05:18:56,217 [Datanode State Machine Thread - 0] INFO  ratis.XceiverServerRatis (XceiverServerRatis.java:start(421)) - XceiverServerRatis 0307fa50-fe39-434c-9a48-d041dcd77692 is started using port 42582
2019-09-25 05:18:56,217 [Datanode State Machine Thread - 0] INFO  ratis.XceiverServerRatis (XceiverServerRatis.java:start(421)) - XceiverServerRatis 8d1936ad-7e22-483e-8301-a12de2cdc2b5 is started using port 34366
2019-09-25 05:18:56,217 [Datanode State Machine Thread - 0] INFO  ratis.XceiverServerRatis (XceiverServerRatis.java:start(421)) - XceiverServerRatis 6e4b8f72-2d03-4335-a109-8ce1569ec549 is started using port 38179
2019-09-25 05:18:56,218 [Datanode State Machine Thread - 0] INFO  ratis.XceiverServerRatis (XceiverServerRatis.java:start(421)) - XceiverServerRatis ece43ade-c7f6-4378-8dfa-fbe6a8ab43cf is started using port 41805
2019-09-25 05:18:56,230 [Datanode State Machine Thread - 0] INFO  server.XceiverServerGrpc (XceiverServerGrpc.java:start(149)) - XceiverServerGrpc a7793eff-ada5-4527-9e0b-a0fd078cd21b is started using port 42120
2019-09-25 05:18:56,231 [Datanode State Machine Thread - 0] INFO  server.XceiverServerGrpc (XceiverServerGrpc.java:start(149)) - XceiverServerGrpc dc7ea896-6e80-4fed-8727-08f73144b1fc is started using port 43962
2019-09-25 05:18:56,233 [Datanode State Machine Thread - 0] INFO  server.XceiverServerGrpc (XceiverServerGrpc.java:start(149)) - XceiverServerGrpc a824d2a0-4471-4a6f-a232-f84ec650292b is started using port 37169
2019-09-25 05:18:56,238 [Datanode State Machine Thread - 0] INFO  server.XceiverServerGrpc (XceiverServerGrpc.java:start(149)) - XceiverServerGrpc 0307fa50-fe39-434c-9a48-d041dcd77692 is started using port 43851
2019-09-25 05:18:56,238 [Datanode State Machine Thread - 0] INFO  server.XceiverServerGrpc (XceiverServerGrpc.java:start(149)) - XceiverServerGrpc 8d1936ad-7e22-483e-8301-a12de2cdc2b5 is started using port 38796
2019-09-25 05:18:56,238 [Datanode State Machine Thread - 0] INFO  server.XceiverServerGrpc (XceiverServerGrpc.java:start(149)) - XceiverServerGrpc ece43ade-c7f6-4378-8dfa-fbe6a8ab43cf is started using port 33869
2019-09-25 05:18:56,238 [Datanode State Machine Thread - 0] INFO  server.XceiverServerGrpc (XceiverServerGrpc.java:start(149)) - XceiverServerGrpc 6e4b8f72-2d03-4335-a109-8ce1569ec549 is started using port 36751
2019-09-25 05:18:56,313 [IPC Server handler 8 on 40944] INFO  net.NetworkTopology (NetworkTopologyImpl.java:add(111)) - Added a new node: /default-rack/ece43ade-c7f6-4378-8dfa-fbe6a8ab43cf
2019-09-25 05:18:56,314 [IPC Server handler 8 on 40944] INFO  node.SCMNodeManager (SCMNodeManager.java:register(266)) - Registered Data node : ece43ade-c7f6-4378-8dfa-fbe6a8ab43cf{ip: 192.168.36.126, host: pr-hdds-2174-pqx5g-486351168, networkLocation: /default-rack, certSerialId: null}
2019-09-25 05:18:56,318 [EventQueue-NodeRegistrationContainerReportForDataNodeSafeModeRule] INFO  safemode.SCMSafeModeManager (DataNodeSafeModeRule.java:process(71)) - SCM in safe mode. 1 DataNodes registered, 1 required.
2019-09-25 05:18:56,318 [EventQueue-NodeRegistrationContainerReportForDataNodeSafeModeRule] INFO  safemode.SCMSafeModeManager (SCMSafeModeManager.java:validateSafeModeExitRules(177)) - ScmSafeModeManager, all rules are successfully validated
2019-09-25 05:18:56,319 [EventQueue-NodeRegistrationContainerReportForDataNodeSafeModeRule] INFO  safemode.SCMSafeModeManager (SCMSafeModeManager.java:exitSafeMode(193)) - SCM exiting safe mode.
2019-09-25 05:18:56,357 [IPC Server handler 12 on 40944] INFO  net.NetworkTopology (NetworkTopologyImpl.java:add(111)) - Added a new node: /default-rack/0307fa50-fe39-434c-9a48-d041dcd77692
2019-09-25 05:18:56,359 [IPC Server handler 12 on 40944] INFO  node.SCMNodeManager (SCMNodeManager.java:register(266)) - Registered Data node : 0307fa50-fe39-434c-9a48-d041dcd77692{ip: 192.168.36.126, host: pr-hdds-2174-pqx5g-486351168, networkLocation: /default-rack, certSerialId: null}
2019-09-25 05:18:56,466 [IPC Server handler 10 on 40944] INFO  net.NetworkTopology (NetworkTopologyImpl.java:add(111)) - Added a new node: /default-rack/6e4b8f72-2d03-4335-a109-8ce1569ec549
2019-09-25 05:18:56,467 [IPC Server handler 10 on 40944] INFO  node.SCMNodeManager (SCMNodeManager.java:register(266)) - Registered Data node : 6e4b8f72-2d03-4335-a109-8ce1569ec549{ip: 192.168.36.126, host: pr-hdds-2174-pqx5g-486351168, networkLocation: /default-rack, certSerialId: null}
2019-09-25 05:18:56,558 [main] INFO  ozone.MiniOzoneClusterImpl (MiniOzoneClusterImpl.java:lambda$waitForClusterToBeReady$0(147)) - Waiting for cluster to be ready. Got 3 of 7 DN Heartbeats.
2019-09-25 05:18:56,564 [IPC Server handler 7 on 40944] INFO  net.NetworkTopology (NetworkTopologyImpl.java:add(111)) - Added a new node: /default-rack/8d1936ad-7e22-483e-8301-a12de2cdc2b5
2019-09-25 05:18:56,564 [IPC Server handler 7 on 40944] INFO  node.SCMNodeManager (SCMNodeManager.java:register(266)) - Registered Data node : 8d1936ad-7e22-483e-8301-a12de2cdc2b5{ip: 192.168.36.126, host: pr-hdds-2174-pqx5g-486351168, networkLocation: /default-rack, certSerialId: null}
2019-09-25 05:18:56,936 [grpc-default-executor-0] INFO  impl.RaftServerProxy (RaftServerProxy.java:addNew(89)) - ece43ade-c7f6-4378-8dfa-fbe6a8ab43cf: addNew group-8FD984D075CB:[ece43ade-c7f6-4378-8dfa-fbe6a8ab43cf:192.168.36.126:41805] returns group-8FD984D075CB:java.util.concurrent.CompletableFuture@672b93fb[Not completed]
2019-09-25 05:18:56,956 [pool-57-thread-1] INFO  impl.RaftServerImpl (RaftServerImpl.java:<init>(95)) - ece43ade-c7f6-4378-8dfa-fbe6a8ab43cf: new RaftServerImpl for group-8FD984D075CB:[ece43ade-c7f6-4378-8dfa-fbe6a8ab43cf:192.168.36.126:41805] with ContainerStateMachine:uninitialized
2019-09-25 05:18:56,959 [pool-57-thread-1] INFO  server.RaftServerConfigKeys (ConfUtils.java:logGet(43)) - raft.server.rpc.timeout.min = 5s (custom)
2019-09-25 05:18:56,968 [pool-57-thread-1] INFO  server.RaftServerConfigKeys (ConfUtils.java:logGet(43)) - raft.server.rpc.timeout.max = 5200ms (custom)
2019-09-25 05:18:56,968 [pool-57-thread-1] INFO  server.RaftServerConfigKeys (ConfUtils.java:logGet(43)) - raft.server.rpcslowness.timeout = 120s (custom)
2019-09-25 05:18:56,969 [pool-57-thread-1] INFO  server.RaftServerConfigKeys (ConfUtils.java:logGet(43)) - raft.server.sleep.deviation.threshold = 300 (default)
2019-09-25 05:18:56,970 [pool-57-thread-1] INFO  server.RaftServerConfigKeys (ConfUtils.java:logGet(43)) - raft.server.log.appender.install.snapshot.enabled = false (custom)
2019-09-25 05:18:56,981 [pool-57-thread-1] INFO  impl.RaftServerImpl (ServerState.java:<init>(103)) - ece43ade-c7f6-4378-8dfa-fbe6a8ab43cf@group-8FD984D075CB: ConfigurationManager, init=-1: [ece43ade-c7f6-4378-8dfa-fbe6a8ab43cf:192.168.36.126:41805], old=null, confs=<EMPTY_MAP>
2019-09-25 05:18:56,982 [pool-57-thread-1] INFO  server.RaftServerConfigKeys (ConfUtils.java:logGet(43)) - raft.server.storage.dir = [/workdir/hadoop-ozone/integration-test/target/test-dir/MiniOzoneClusterImpl-408040ea-8342-4e81-bd05-3c5316de8946/datanode-3/data/ratis] (custom)
2019-09-25 05:18:56,992 [pool-57-thread-1] INFO  storage.RaftStorageDirectory (RaftStorageDirectory.java:analyzeStorage(246)) - The storage directory /workdir/hadoop-ozone/integration-test/target/test-dir/MiniOzoneClusterImpl-408040ea-8342-4e81-bd05-3c5316de8946/datanode-3/data/ratis/17cb0364-7fc6-4b00-95e1-8fd984d075cb does not exist. Creating ...
2019-09-25 05:18:57,005 [pool-57-thread-1] INFO  storage.RaftStorageDirectory (RaftStorageDirectory.java:tryLock(328)) - Lock on /workdir/hadoop-ozone/integration-test/target/test-dir/MiniOzoneClusterImpl-408040ea-8342-4e81-bd05-3c5316de8946/datanode-3/data/ratis/17cb0364-7fc6-4b00-95e1-8fd984d075cb/in_use.lock acquired by nodename 9354@pr-hdds-2174-pqx5g-486351168
2019-09-25 05:18:57,558 [main] INFO  ozone.MiniOzoneClusterImpl (MiniOzoneClusterImpl.java:lambda$waitForClusterToBeReady$0(147)) - Waiting for cluster to be ready. Got 4 of 7 DN Heartbeats.
2019-09-25 05:18:58,052 [IPC Server handler 3 on 40944] INFO  net.NetworkTopology (NetworkTopologyImpl.java:add(111)) - Added a new node: /default-rack/dc7ea896-6e80-4fed-8727-08f73144b1fc
2019-09-25 05:18:58,053 [IPC Server handler 3 on 40944] INFO  node.SCMNodeManager (SCMNodeManager.java:register(266)) - Registered Data node : dc7ea896-6e80-4fed-8727-08f73144b1fc{ip: 192.168.36.126, host: pr-hdds-2174-pqx5g-486351168, networkLocation: /default-rack, certSerialId: null}
2019-09-25 05:18:58,121 [IPC Server handler 1 on 40944] INFO  net.NetworkTopology (NetworkTopologyImpl.java:add(111)) - Added a new node: /default-rack/a7793eff-ada5-4527-9e0b-a0fd078cd21b
2019-09-25 05:18:58,122 [IPC Server handler 1 on 40944] INFO  node.SCMNodeManager (SCMNodeManager.java:register(266)) - Registered Data node : a7793eff-ada5-4527-9e0b-a0fd078cd21b{ip: 192.168.36.126, host: pr-hdds-2174-pqx5g-486351168, networkLocation: /default-rack, certSerialId: null}
2019-09-25 05:18:58,208 [IPC Server handler 4 on 40944] INFO  net.NetworkTopology (NetworkTopologyImpl.java:add(111)) - Added a new node: /default-rack/a824d2a0-4471-4a6f-a232-f84ec650292b
2019-09-25 05:18:58,209 [IPC Server handler 4 on 40944] INFO  node.SCMNodeManager (SCMNodeManager.java:register(266)) - Registered Data node : a824d2a0-4471-4a6f-a232-f84ec650292b{ip: 192.168.36.126, host: pr-hdds-2174-pqx5g-486351168, networkLocation: /default-rack, certSerialId: null}
2019-09-25 05:18:58,559 [main] INFO  ozone.MiniOzoneClusterImpl (MiniOzoneClusterImpl.java:lambda$waitForClusterToBeReady$0(147)) - Cluster is ready. Got 7 of 7 DN Heartbeats.
2019-09-25 05:18:59,185 [main] INFO  rpc.RpcClient (RpcClient.java:createVolume(276)) - Creating Volume: testblockoutputstream, with jenkins1000 as owner.
2019-09-25 05:18:59,299 [IPC Server handler 1 on 43761] INFO  volume.OMVolumeCreateRequest (OMVolumeCreateRequest.java:validateAndUpdateCache(194)) - created volume:testblockoutputstream for user:jenkins1000
2019-09-25 05:18:59,330 [Thread-238] INFO  container.ReplicationManager (ReplicationManager.java:start(162)) - Starting Replication Monitor Thread.
2019-09-25 05:18:59,332 [ReplicationMonitor] INFO  container.ReplicationManager (ReplicationManager.java:run(225)) - Replication Monitor Thread took 0 milliseconds for processing 0 containers.
2019-09-25 05:18:59,333 [main] INFO  rpc.RpcClient (RpcClient.java:createBucket(415)) - Creating Bucket: testblockoutputstream/testblockoutputstream, with Versioning false and Storage Type set to DISK and Encryption set to false 
2019-09-25 05:18:59,362 [main] INFO  ozone.MiniOzoneClusterImpl (MiniOzoneClusterImpl.java:getStorageContainerLocationClient(234)) - Creating StorageContainerLocationProtocol RPC client with address /0.0.0.0:43434
2019-09-25 05:18:59,535 [RATISCREATEPIPELINE1] ERROR pipeline.RatisPipelineProvider (RatisPipelineProvider.java:lambda$null$5(235)) - Failed invoke Ratis rpc org.apache.hadoop.hdds.scm.pipeline.RatisPipelineProvider$$Lambda$213/434268490@4426d6c2 for ece43ade-c7f6-4378-8dfa-fbe6a8ab43cf
org.apache.ratis.protocol.TimeoutIOException: deadline exceeded after 2960030061ns
	at org.apache.ratis.grpc.GrpcUtil.tryUnwrapException(GrpcUtil.java:82)
	at org.apache.ratis.grpc.GrpcUtil.unwrapException(GrpcUtil.java:75)
	at org.apache.ratis.grpc.client.GrpcClientProtocolClient.blockingCall(GrpcClientProtocolClient.java:178)
	at org.apache.ratis.grpc.client.GrpcClientProtocolClient.groupAdd(GrpcClientProtocolClient.java:147)
	at org.apache.ratis.grpc.client.GrpcClientRpc.sendRequest(GrpcClientRpc.java:94)
	at org.apache.ratis.client.impl.RaftClientImpl.sendRequest(RaftClientImpl.java:278)
	at org.apache.ratis.client.impl.RaftClientImpl.groupAdd(RaftClientImpl.java:205)
	at org.apache.hadoop.hdds.scm.pipeline.RatisPipelineProvider.lambda$initializePipeline$4(RatisPipelineProvider.java:196)
	at org.apache.hadoop.hdds.scm.pipeline.RatisPipelineProvider.lambda$null$5(RatisPipelineProvider.java:231)
	at java.util.stream.ForEachOps$ForEachOp$OfRef.accept(ForEachOps.java:184)
	at java.util.ArrayList$ArrayListSpliterator.forEachRemaining(ArrayList.java:1382)
	at java.util.stream.AbstractPipeline.copyInto(AbstractPipeline.java:482)
	at java.util.stream.ForEachOps$ForEachTask.compute(ForEachOps.java:291)
	at java.util.concurrent.CountedCompleter.exec(CountedCompleter.java:731)
	at java.util.concurrent.ForkJoinTask.doExec(ForkJoinTask.java:289)
	at java.util.concurrent.ForkJoinTask.doInvoke(ForkJoinTask.java:401)
	at java.util.concurrent.ForkJoinTask.invoke(ForkJoinTask.java:734)
	at java.util.stream.ForEachOps$ForEachOp.evaluateParallel(ForEachOps.java:160)
	at java.util.stream.ForEachOps$ForEachOp$OfRef.evaluateParallel(ForEachOps.java:174)
	at java.util.stream.AbstractPipeline.evaluate(AbstractPipeline.java:233)
	at java.util.stream.ReferencePipeline.forEach(ReferencePipeline.java:418)
	at java.util.stream.ReferencePipeline$Head.forEach(ReferencePipeline.java:583)
	at org.apache.hadoop.hdds.scm.pipeline.RatisPipelineProvider.lambda$callRatisRpc$6(RatisPipelineProvider.java:225)
	at java.util.concurrent.ForkJoinTask$AdaptedRunnableAction.exec(ForkJoinTask.java:1386)
	at java.util.concurrent.ForkJoinTask.doExec(ForkJoinTask.java:289)
	at java.util.concurrent.ForkJoinPool$WorkQueue.runTask(ForkJoinPool.java:1056)
	at java.util.concurrent.ForkJoinPool.runWorker(ForkJoinPool.java:1692)
	at java.util.concurrent.ForkJoinWorkerThread.run(ForkJoinWorkerThread.java:157)
Caused by: org.apache.ratis.thirdparty.io.grpc.StatusRuntimeException: DEADLINE_EXCEEDED: deadline exceeded after 2960030061ns
	at org.apache.ratis.thirdparty.io.grpc.stub.ClientCalls.toStatusRuntimeException(ClientCalls.java:233)
	at org.apache.ratis.thirdparty.io.grpc.stub.ClientCalls.getUnchecked(ClientCalls.java:214)
	at org.apache.ratis.thirdparty.io.grpc.stub.ClientCalls.blockingUnaryCall(ClientCalls.java:139)
	at org.apache.ratis.proto.grpc.AdminProtocolServiceGrpc$AdminProtocolServiceBlockingStub.groupManagement(AdminProtocolServiceGrpc.java:274)
	at org.apache.ratis.grpc.client.GrpcClientProtocolClient.lambda$groupAdd$3(GrpcClientProtocolClient.java:149)
	at org.apache.ratis.grpc.client.GrpcClientProtocolClient.blockingCall(GrpcClientProtocolClient.java:176)
	... 25 more
2019-09-25 05:18:59,618 [grpc-default-executor-0] INFO  impl.RaftServerProxy (RaftServerProxy.java:addNew(89)) - ece43ade-c7f6-4378-8dfa-fbe6a8ab43cf: addNew group-8C538AEF5C3F:[6e4b8f72-2d03-4335-a109-8ce1569ec549:192.168.36.126:38179, a7793eff-ada5-4527-9e0b-a0fd078cd21b:192.168.36.126:36914, ece43ade-c7f6-4378-8dfa-fbe6a8ab43cf:192.168.36.126:41805] returns group-8C538AEF5C3F:java.util.concurrent.CompletableFuture@769b3175[Not completed]
2019-09-25 05:18:59,622 [grpc-default-executor-2] INFO  impl.RaftServerProxy (RaftServerProxy.java:addNew(89)) - 6e4b8f72-2d03-4335-a109-8ce1569ec549: addNew group-8C538AEF5C3F:[6e4b8f72-2d03-4335-a109-8ce1569ec549:192.168.36.126:38179, a7793eff-ada5-4527-9e0b-a0fd078cd21b:192.168.36.126:36914, ece43ade-c7f6-4378-8dfa-fbe6a8ab43cf:192.168.36.126:41805] returns group-8C538AEF5C3F:java.util.concurrent.CompletableFuture@51b2f51f[Not completed]
2019-09-25 05:18:59,626 [grpc-default-executor-1] INFO  impl.RaftServerProxy (RaftServerProxy.java:addNew(89)) - a7793eff-ada5-4527-9e0b-a0fd078cd21b: addNew group-8C538AEF5C3F:[6e4b8f72-2d03-4335-a109-8ce1569ec549:192.168.36.126:38179, a7793eff-ada5-4527-9e0b-a0fd078cd21b:192.168.36.126:36914, ece43ade-c7f6-4378-8dfa-fbe6a8ab43cf:192.168.36.126:41805] returns group-8C538AEF5C3F:java.util.concurrent.CompletableFuture@14db7dc8[Not completed]
2019-09-25 05:18:59,660 [pool-77-thread-1] INFO  impl.RaftServerImpl (RaftServerImpl.java:<init>(95)) - 6e4b8f72-2d03-4335-a109-8ce1569ec549: new RaftServerImpl for group-8C538AEF5C3F:[6e4b8f72-2d03-4335-a109-8ce1569ec549:192.168.36.126:38179, a7793eff-ada5-4527-9e0b-a0fd078cd21b:192.168.36.126:36914, ece43ade-c7f6-4378-8dfa-fbe6a8ab43cf:192.168.36.126:41805] with ContainerStateMachine:uninitialized
2019-09-25 05:18:59,661 [pool-77-thread-1] INFO  server.RaftServerConfigKeys (ConfUtils.java:logGet(43)) - raft.server.rpc.timeout.min = 5s (custom)
2019-09-25 05:18:59,672 [pool-77-thread-1] INFO  server.RaftServerConfigKeys (ConfUtils.java:logGet(43)) - raft.server.rpc.timeout.max = 5200ms (custom)
2019-09-25 05:18:59,685 [pool-77-thread-1] INFO  server.RaftServerConfigKeys (ConfUtils.java:logGet(43)) - raft.server.rpcslowness.timeout = 120s (custom)
2019-09-25 05:18:59,689 [pool-77-thread-1] INFO  server.RaftServerConfigKeys (ConfUtils.java:logGet(43)) - raft.server.sleep.deviation.threshold = 300 (default)
2019-09-25 05:18:59,690 [pool-77-thread-1] INFO  server.RaftServerConfigKeys (ConfUtils.java:logGet(43)) - raft.server.log.appender.install.snapshot.enabled = false (custom)
2019-09-25 05:18:59,690 [pool-77-thread-1] INFO  impl.RaftServerImpl (ServerState.java:<init>(103)) - 6e4b8f72-2d03-4335-a109-8ce1569ec549@group-8C538AEF5C3F: ConfigurationManager, init=-1: [6e4b8f72-2d03-4335-a109-8ce1569ec549:192.168.36.126:38179, a7793eff-ada5-4527-9e0b-a0fd078cd21b:192.168.36.126:36914, ece43ade-c7f6-4378-8dfa-fbe6a8ab43cf:192.168.36.126:41805], old=null, confs=<EMPTY_MAP>
2019-09-25 05:18:59,691 [pool-77-thread-1] INFO  server.RaftServerConfigKeys (ConfUtils.java:logGet(43)) - raft.server.storage.dir = [/workdir/hadoop-ozone/integration-test/target/test-dir/MiniOzoneClusterImpl-408040ea-8342-4e81-bd05-3c5316de8946/datanode-5/data/ratis] (custom)
2019-09-25 05:18:59,691 [pool-37-thread-1] INFO  impl.RaftServerImpl (RaftServerImpl.java:<init>(95)) - a7793eff-ada5-4527-9e0b-a0fd078cd21b: new RaftServerImpl for group-8C538AEF5C3F:[6e4b8f72-2d03-4335-a109-8ce1569ec549:192.168.36.126:38179, a7793eff-ada5-4527-9e0b-a0fd078cd21b:192.168.36.126:36914, ece43ade-c7f6-4378-8dfa-fbe6a8ab43cf:192.168.36.126:41805] with ContainerStateMachine:uninitialized
2019-09-25 05:18:59,692 [pool-37-thread-1] INFO  server.RaftServerConfigKeys (ConfUtils.java:logGet(43)) - raft.server.rpc.timeout.min = 5s (custom)
2019-09-25 05:18:59,692 [pool-37-thread-1] INFO  server.RaftServerConfigKeys (ConfUtils.java:logGet(43)) - raft.server.rpc.timeout.max = 5200ms (custom)
2019-09-25 05:18:59,692 [pool-77-thread-1] INFO  storage.RaftStorageDirectory (RaftStorageDirectory.java:analyzeStorage(246)) - The storage directory /workdir/hadoop-ozone/integration-test/target/test-dir/MiniOzoneClusterImpl-408040ea-8342-4e81-bd05-3c5316de8946/datanode-5/data/ratis/b5f0a873-22b7-4879-baee-8c538aef5c3f does not exist. Creating ...
2019-09-25 05:18:59,693 [pool-37-thread-1] INFO  server.RaftServerConfigKeys (ConfUtils.java:logGet(43)) - raft.server.rpcslowness.timeout = 120s (custom)
2019-09-25 05:18:59,693 [pool-37-thread-1] INFO  server.RaftServerConfigKeys (ConfUtils.java:logGet(43)) - raft.server.sleep.deviation.threshold = 300 (default)
2019-09-25 05:18:59,693 [pool-37-thread-1] INFO  server.RaftServerConfigKeys (ConfUtils.java:logGet(43)) - raft.server.log.appender.install.snapshot.enabled = false (custom)
2019-09-25 05:18:59,694 [pool-37-thread-1] INFO  impl.RaftServerImpl (ServerState.java:<init>(103)) - a7793eff-ada5-4527-9e0b-a0fd078cd21b@group-8C538AEF5C3F: ConfigurationManager, init=-1: [6e4b8f72-2d03-4335-a109-8ce1569ec549:192.168.36.126:38179, a7793eff-ada5-4527-9e0b-a0fd078cd21b:192.168.36.126:36914, ece43ade-c7f6-4378-8dfa-fbe6a8ab43cf:192.168.36.126:41805], old=null, confs=<EMPTY_MAP>
2019-09-25 05:18:59,694 [pool-37-thread-1] INFO  server.RaftServerConfigKeys (ConfUtils.java:logGet(43)) - raft.server.storage.dir = [/workdir/hadoop-ozone/integration-test/target/test-dir/MiniOzoneClusterImpl-408040ea-8342-4e81-bd05-3c5316de8946/datanode-1/data/ratis] (custom)
2019-09-25 05:18:59,694 [pool-37-thread-1] INFO  storage.RaftStorageDirectory (RaftStorageDirectory.java:analyzeStorage(246)) - The storage directory /workdir/hadoop-ozone/integration-test/target/test-dir/MiniOzoneClusterImpl-408040ea-8342-4e81-bd05-3c5316de8946/datanode-1/data/ratis/b5f0a873-22b7-4879-baee-8c538aef5c3f does not exist. Creating ...
2019-09-25 05:19:01,013 [pool-77-thread-1] INFO  storage.RaftStorageDirectory (RaftStorageDirectory.java:tryLock(328)) - Lock on /workdir/hadoop-ozone/integration-test/target/test-dir/MiniOzoneClusterImpl-408040ea-8342-4e81-bd05-3c5316de8946/datanode-5/data/ratis/b5f0a873-22b7-4879-baee-8c538aef5c3f/in_use.lock acquired by nodename 9354@pr-hdds-2174-pqx5g-486351168
2019-09-25 05:19:01,014 [pool-57-thread-1] INFO  storage.RaftStorage (RaftStorage.java:format(72)) - Storage directory /workdir/hadoop-ozone/integration-test/target/test-dir/MiniOzoneClusterImpl-408040ea-8342-4e81-bd05-3c5316de8946/datanode-3/data/ratis/17cb0364-7fc6-4b00-95e1-8fd984d075cb has been successfully formatted.
2019-09-25 05:19:01,013 [pool-37-thread-1] INFO  storage.RaftStorageDirectory (RaftStorageDirectory.java:tryLock(328)) - Lock on /workdir/hadoop-ozone/integration-test/target/test-dir/MiniOzoneClusterImpl-408040ea-8342-4e81-bd05-3c5316de8946/datanode-1/data/ratis/b5f0a873-22b7-4879-baee-8c538aef5c3f/in_use.lock acquired by nodename 9354@pr-hdds-2174-pqx5g-486351168
2019-09-25 05:19:01,018 [pool-57-thread-1] INFO  ratis.ContainerStateMachine (ContainerStateMachine.java:loadSnapshot(230)) - group-8FD984D075CB: The snapshot info is null. Setting the last applied indexto:(t:0, i:~)
2019-09-25 05:19:01,018 [pool-57-thread-1] INFO  server.RaftServerConfigKeys (ConfUtils.java:logGet(43)) - raft.server.notification.no-leader.timeout = 120s (custom)
2019-09-25 05:19:01,022 [pool-57-thread-1] INFO  server.RaftServerConfigKeys (ConfUtils.java:logGet(43)) - raft.server.log.use.memory = false (default)
2019-09-25 05:19:01,030 [pool-57-thread-1] INFO  server.RaftServerConfigKeys (ConfUtils.java:logGet(43)) - raft.server.log.purge.gap = 1000000 (custom)
2019-09-25 05:19:01,031 [pool-57-thread-1] INFO  server.RaftServerConfigKeys (ConfUtils.java:logGet(43)) - raft.server.log.appender.buffer.byte-limit = 33554432 (custom)
2019-09-25 05:19:01,033 [pool-57-thread-1] INFO  server.RaftServerConfigKeys (ConfUtils.java:logGet(43)) - raft.server.log.segment.size.max = 1048576 (custom)
2019-09-25 05:19:01,039 [pool-57-thread-1] INFO  server.RaftServerConfigKeys (ConfUtils.java:logGet(43)) - raft.server.log.segment.cache.num.max = 2 (custom)
2019-09-25 05:19:01,050 [pool-57-thread-1] INFO  segmented.SegmentedRaftLogWorker (SegmentedRaftLogWorker.java:<init>(172)) - new ece43ade-c7f6-4378-8dfa-fbe6a8ab43cf@group-8FD984D075CB-SegmentedRaftLogWorker for RaftStorage:Storage Directory /workdir/hadoop-ozone/integration-test/target/test-dir/MiniOzoneClusterImpl-408040ea-8342-4e81-bd05-3c5316de8946/datanode-3/data/ratis/17cb0364-7fc6-4b00-95e1-8fd984d075cb
2019-09-25 05:19:01,052 [pool-57-thread-1] INFO  impl.MetricsSystemImpl (MetricsSystemImpl.java:init(158)) - ratis metrics system started (again)
2019-09-25 05:19:01,059 [pool-57-thread-1] INFO  metrics.MetricRegistries (MetricRegistriesLoader.java:load(64)) - Loaded MetricRegistries class org.apache.ratis.metrics.impl.MetricRegistriesImpl
2019-09-25 05:19:01,091 [pool-57-thread-1] INFO  server.RaftServerConfigKeys (ConfUtils.java:logGet(43)) - raft.server.log.queue.byte-limit = 2147483647 (custom)
2019-09-25 05:19:01,091 [pool-57-thread-1] INFO  server.RaftServerConfigKeys (ConfUtils.java:logGet(43)) - raft.server.log.queue.element-limit = 1024 (custom)
2019-09-25 05:19:01,094 [pool-57-thread-1] INFO  server.RaftServerConfigKeys (ConfUtils.java:logGet(43)) - raft.server.log.segment.size.max = 1048576 (custom)
2019-09-25 05:19:01,095 [pool-57-thread-1] INFO  server.RaftServerConfigKeys (ConfUtils.java:logGet(43)) - raft.server.log.preallocated.size = 16384 (custom)
2019-09-25 05:19:01,095 [pool-57-thread-1] INFO  server.RaftServerConfigKeys (ConfUtils.java:logGet(43)) - raft.server.log.write.buffer.size = 33554432 (custom)
2019-09-25 05:19:01,096 [pool-57-thread-1] INFO  server.RaftServerConfigKeys (ConfUtils.java:logGet(43)) - raft.server.log.force.sync.num = 128 (default)
2019-09-25 05:19:01,096 [pool-57-thread-1] INFO  server.RaftServerConfigKeys (ConfUtils.java:logGet(43)) - raft.server.log.statemachine.data.sync = true (default)
2019-09-25 05:19:01,097 [pool-57-thread-1] INFO  server.RaftServerConfigKeys (ConfUtils.java:logGet(43)) - raft.server.log.statemachine.data.sync.timeout = 10s (default)
2019-09-25 05:19:01,097 [pool-57-thread-1] INFO  server.RaftServerConfigKeys (ConfUtils.java:logGet(43)) - raft.server.log.statemachine.data.sync.timeout.retry = -1 (default)
2019-09-25 05:19:01,106 [pool-57-thread-1] INFO  server.RaftServerConfigKeys (ConfUtils.java:logGet(43)) - raft.server.log.statemachine.data.caching.enabled = true (custom)
2019-09-25 05:19:01,110 [pool-57-thread-1] INFO  segmented.SegmentedRaftLogWorker (SegmentedRaftLogWorker.java:lambda$new$0(132)) - ece43ade-c7f6-4378-8dfa-fbe6a8ab43cf@group-8FD984D075CB-SegmentedRaftLogWorker: flushIndex: setUnconditionally 0 -> -1
2019-09-25 05:19:01,115 [pool-57-thread-1] INFO  server.RaftServerConfigKeys (ConfUtils.java:logGet(43)) - raft.server.snapshot.auto.trigger.enabled = true (custom)
2019-09-25 05:19:01,116 [pool-57-thread-1] INFO  server.RaftServerConfigKeys (ConfUtils.java:logGet(43)) - raft.server.snapshot.auto.trigger.threshold = 10000 (custom)
2019-09-25 05:19:01,118 [pool-57-thread-1] INFO  server.RaftServerConfigKeys (ConfUtils.java:logGet(43)) - raft.server.snapshot.retention.num.files = 5 (custom)
2019-09-25 05:19:01,119 [pool-57-thread-1] INFO  server.RaftServerConfigKeys (ConfUtils.java:logGet(43)) - raft.server.retrycache.expirytime = 600000ms (custom)
2019-09-25 05:19:01,147 [pool-57-thread-1] INFO  impl.RaftServerImpl (RaftServerImpl.java:<init>(95)) - ece43ade-c7f6-4378-8dfa-fbe6a8ab43cf: new RaftServerImpl for group-8C538AEF5C3F:[6e4b8f72-2d03-4335-a109-8ce1569ec549:192.168.36.126:38179, a7793eff-ada5-4527-9e0b-a0fd078cd21b:192.168.36.126:36914, ece43ade-c7f6-4378-8dfa-fbe6a8ab43cf:192.168.36.126:41805] with ContainerStateMachine:uninitialized
2019-09-25 05:19:01,147 [pool-57-thread-1] INFO  server.RaftServerConfigKeys (ConfUtils.java:logGet(43)) - raft.server.rpc.timeout.min = 5s (custom)
2019-09-25 05:19:01,147 [pool-57-thread-1] INFO  server.RaftServerConfigKeys (ConfUtils.java:logGet(43)) - raft.server.rpc.timeout.max = 5200ms (custom)
2019-09-25 05:19:01,147 [pool-57-thread-1] INFO  server.RaftServerConfigKeys (ConfUtils.java:logGet(43)) - raft.server.rpcslowness.timeout = 120s (custom)
2019-09-25 05:19:01,147 [pool-57-thread-1] INFO  server.RaftServerConfigKeys (ConfUtils.java:logGet(43)) - raft.server.sleep.deviation.threshold = 300 (default)
2019-09-25 05:19:01,147 [pool-57-thread-1] INFO  server.RaftServerConfigKeys (ConfUtils.java:logGet(43)) - raft.server.log.appender.install.snapshot.enabled = false (custom)
2019-09-25 05:19:01,148 [pool-57-thread-1] INFO  impl.RaftServerImpl (ServerState.java:<init>(103)) - ece43ade-c7f6-4378-8dfa-fbe6a8ab43cf@group-8C538AEF5C3F: ConfigurationManager, init=-1: [6e4b8f72-2d03-4335-a109-8ce1569ec549:192.168.36.126:38179, a7793eff-ada5-4527-9e0b-a0fd078cd21b:192.168.36.126:36914, ece43ade-c7f6-4378-8dfa-fbe6a8ab43cf:192.168.36.126:41805], old=null, confs=<EMPTY_MAP>
2019-09-25 05:19:01,148 [pool-57-thread-1] INFO  server.RaftServerConfigKeys (ConfUtils.java:logGet(43)) - raft.server.storage.dir = [/workdir/hadoop-ozone/integration-test/target/test-dir/MiniOzoneClusterImpl-408040ea-8342-4e81-bd05-3c5316de8946/datanode-3/data/ratis] (custom)
2019-09-25 05:19:01,148 [pool-57-thread-1] INFO  storage.RaftStorageDirectory (RaftStorageDirectory.java:analyzeStorage(246)) - The storage directory /workdir/hadoop-ozone/integration-test/target/test-dir/MiniOzoneClusterImpl-408040ea-8342-4e81-bd05-3c5316de8946/datanode-3/data/ratis/b5f0a873-22b7-4879-baee-8c538aef5c3f does not exist. Creating ...
2019-09-25 05:19:01,550 [pool-57-thread-1] INFO  storage.RaftStorageDirectory (RaftStorageDirectory.java:tryLock(328)) - Lock on /workdir/hadoop-ozone/integration-test/target/test-dir/MiniOzoneClusterImpl-408040ea-8342-4e81-bd05-3c5316de8946/datanode-3/data/ratis/b5f0a873-22b7-4879-baee-8c538aef5c3f/in_use.lock acquired by nodename 9354@pr-hdds-2174-pqx5g-486351168
2019-09-25 05:19:01,551 [pool-77-thread-1] INFO  storage.RaftStorage (RaftStorage.java:format(72)) - Storage directory /workdir/hadoop-ozone/integration-test/target/test-dir/MiniOzoneClusterImpl-408040ea-8342-4e81-bd05-3c5316de8946/datanode-5/data/ratis/b5f0a873-22b7-4879-baee-8c538aef5c3f has been successfully formatted.
2019-09-25 05:19:01,551 [pool-37-thread-1] INFO  storage.RaftStorage (RaftStorage.java:format(72)) - Storage directory /workdir/hadoop-ozone/integration-test/target/test-dir/MiniOzoneClusterImpl-408040ea-8342-4e81-bd05-3c5316de8946/datanode-1/data/ratis/b5f0a873-22b7-4879-baee-8c538aef5c3f has been successfully formatted.
2019-09-25 05:19:01,553 [pool-77-thread-1] INFO  ratis.ContainerStateMachine (ContainerStateMachine.java:loadSnapshot(230)) - group-8C538AEF5C3F: The snapshot info is null. Setting the last applied indexto:(t:0, i:~)
2019-09-25 05:19:01,555 [pool-37-thread-1] INFO  ratis.ContainerStateMachine (ContainerStateMachine.java:loadSnapshot(230)) - group-8C538AEF5C3F: The snapshot info is null. Setting the last applied indexto:(t:0, i:~)
2019-09-25 05:19:01,556 [pool-77-thread-1] INFO  server.RaftServerConfigKeys (ConfUtils.java:logGet(43)) - raft.server.notification.no-leader.timeout = 120s (custom)
2019-09-25 05:19:01,556 [pool-37-thread-1] INFO  server.RaftServerConfigKeys (ConfUtils.java:logGet(43)) - raft.server.notification.no-leader.timeout = 120s (custom)
2019-09-25 05:19:01,556 [pool-77-thread-1] INFO  server.RaftServerConfigKeys (ConfUtils.java:logGet(43)) - raft.server.log.use.memory = false (default)
2019-09-25 05:19:01,556 [pool-37-thread-1] INFO  server.RaftServerConfigKeys (ConfUtils.java:logGet(43)) - raft.server.log.use.memory = false (default)
2019-09-25 05:19:01,557 [pool-77-thread-1] INFO  server.RaftServerConfigKeys (ConfUtils.java:logGet(43)) - raft.server.log.purge.gap = 1000000 (custom)
2019-09-25 05:19:01,557 [pool-37-thread-1] INFO  server.RaftServerConfigKeys (ConfUtils.java:logGet(43)) - raft.server.log.purge.gap = 1000000 (custom)
2019-09-25 05:19:01,557 [pool-77-thread-1] INFO  server.RaftServerConfigKeys (ConfUtils.java:logGet(43)) - raft.server.log.appender.buffer.byte-limit = 33554432 (custom)
2019-09-25 05:19:01,557 [pool-37-thread-1] INFO  server.RaftServerConfigKeys (ConfUtils.java:logGet(43)) - raft.server.log.appender.buffer.byte-limit = 33554432 (custom)
2019-09-25 05:19:01,558 [pool-77-thread-1] INFO  server.RaftServerConfigKeys (ConfUtils.java:logGet(43)) - raft.server.log.segment.size.max = 1048576 (custom)
2019-09-25 05:19:01,558 [pool-37-thread-1] INFO  server.RaftServerConfigKeys (ConfUtils.java:logGet(43)) - raft.server.log.segment.size.max = 1048576 (custom)
2019-09-25 05:19:01,558 [pool-77-thread-1] INFO  server.RaftServerConfigKeys (ConfUtils.java:logGet(43)) - raft.server.log.segment.cache.num.max = 2 (custom)
2019-09-25 05:19:01,558 [pool-37-thread-1] INFO  server.RaftServerConfigKeys (ConfUtils.java:logGet(43)) - raft.server.log.segment.cache.num.max = 2 (custom)
2019-09-25 05:19:01,558 [pool-77-thread-1] INFO  segmented.SegmentedRaftLogWorker (SegmentedRaftLogWorker.java:<init>(172)) - new 6e4b8f72-2d03-4335-a109-8ce1569ec549@group-8C538AEF5C3F-SegmentedRaftLogWorker for RaftStorage:Storage Directory /workdir/hadoop-ozone/integration-test/target/test-dir/MiniOzoneClusterImpl-408040ea-8342-4e81-bd05-3c5316de8946/datanode-5/data/ratis/b5f0a873-22b7-4879-baee-8c538aef5c3f
2019-09-25 05:19:01,560 [pool-37-thread-1] INFO  segmented.SegmentedRaftLogWorker (SegmentedRaftLogWorker.java:<init>(172)) - new a7793eff-ada5-4527-9e0b-a0fd078cd21b@group-8C538AEF5C3F-SegmentedRaftLogWorker for RaftStorage:Storage Directory /workdir/hadoop-ozone/integration-test/target/test-dir/MiniOzoneClusterImpl-408040ea-8342-4e81-bd05-3c5316de8946/datanode-1/data/ratis/b5f0a873-22b7-4879-baee-8c538aef5c3f
2019-09-25 05:19:01,606 [pool-37-thread-1] INFO  server.RaftServerConfigKeys (ConfUtils.java:logGet(43)) - raft.server.log.queue.byte-limit = 2147483647 (custom)
2019-09-25 05:19:01,606 [pool-77-thread-1] INFO  server.RaftServerConfigKeys (ConfUtils.java:logGet(43)) - raft.server.log.queue.byte-limit = 2147483647 (custom)
2019-09-25 05:19:01,606 [pool-37-thread-1] INFO  server.RaftServerConfigKeys (ConfUtils.java:logGet(43)) - raft.server.log.queue.element-limit = 1024 (custom)
2019-09-25 05:19:01,607 [pool-77-thread-1] INFO  server.RaftServerConfigKeys (ConfUtils.java:logGet(43)) - raft.server.log.queue.element-limit = 1024 (custom)
2019-09-25 05:19:01,607 [pool-37-thread-1] INFO  server.RaftServerConfigKeys (ConfUtils.java:logGet(43)) - raft.server.log.segment.size.max = 1048576 (custom)
2019-09-25 05:19:01,607 [pool-37-thread-1] INFO  server.RaftServerConfigKeys (ConfUtils.java:logGet(43)) - raft.server.log.preallocated.size = 16384 (custom)
2019-09-25 05:19:01,607 [pool-77-thread-1] INFO  server.RaftServerConfigKeys (ConfUtils.java:logGet(43)) - raft.server.log.segment.size.max = 1048576 (custom)
2019-09-25 05:19:01,608 [pool-37-thread-1] INFO  server.RaftServerConfigKeys (ConfUtils.java:logGet(43)) - raft.server.log.write.buffer.size = 33554432 (custom)
2019-09-25 05:19:01,608 [pool-77-thread-1] INFO  server.RaftServerConfigKeys (ConfUtils.java:logGet(43)) - raft.server.log.preallocated.size = 16384 (custom)
2019-09-25 05:19:01,608 [pool-37-thread-1] INFO  server.RaftServerConfigKeys (ConfUtils.java:logGet(43)) - raft.server.log.force.sync.num = 128 (default)
2019-09-25 05:19:01,608 [pool-77-thread-1] INFO  server.RaftServerConfigKeys (ConfUtils.java:logGet(43)) - raft.server.log.write.buffer.size = 33554432 (custom)
2019-09-25 05:19:01,608 [pool-37-thread-1] INFO  server.RaftServerConfigKeys (ConfUtils.java:logGet(43)) - raft.server.log.statemachine.data.sync = true (default)
2019-09-25 05:19:01,609 [pool-77-thread-1] INFO  server.RaftServerConfigKeys (ConfUtils.java:logGet(43)) - raft.server.log.force.sync.num = 128 (default)
2019-09-25 05:19:01,609 [pool-37-thread-1] INFO  server.RaftServerConfigKeys (ConfUtils.java:logGet(43)) - raft.server.log.statemachine.data.sync.timeout = 10s (default)
2019-09-25 05:19:01,609 [pool-77-thread-1] INFO  server.RaftServerConfigKeys (ConfUtils.java:logGet(43)) - raft.server.log.statemachine.data.sync = true (default)
2019-09-25 05:19:01,609 [pool-37-thread-1] INFO  server.RaftServerConfigKeys (ConfUtils.java:logGet(43)) - raft.server.log.statemachine.data.sync.timeout.retry = -1 (default)
2019-09-25 05:19:01,609 [pool-77-thread-1] INFO  server.RaftServerConfigKeys (ConfUtils.java:logGet(43)) - raft.server.log.statemachine.data.sync.timeout = 10s (default)
2019-09-25 05:19:01,610 [pool-77-thread-1] INFO  server.RaftServerConfigKeys (ConfUtils.java:logGet(43)) - raft.server.log.statemachine.data.sync.timeout.retry = -1 (default)
2019-09-25 05:19:01,610 [pool-37-thread-1] INFO  server.RaftServerConfigKeys (ConfUtils.java:logGet(43)) - raft.server.log.statemachine.data.caching.enabled = true (custom)
2019-09-25 05:19:01,610 [pool-77-thread-1] INFO  server.RaftServerConfigKeys (ConfUtils.java:logGet(43)) - raft.server.log.statemachine.data.caching.enabled = true (custom)
2019-09-25 05:19:01,610 [pool-37-thread-1] INFO  segmented.SegmentedRaftLogWorker (SegmentedRaftLogWorker.java:lambda$new$0(132)) - a7793eff-ada5-4527-9e0b-a0fd078cd21b@group-8C538AEF5C3F-SegmentedRaftLogWorker: flushIndex: setUnconditionally 0 -> -1
2019-09-25 05:19:01,611 [pool-77-thread-1] INFO  segmented.SegmentedRaftLogWorker (SegmentedRaftLogWorker.java:lambda$new$0(132)) - 6e4b8f72-2d03-4335-a109-8ce1569ec549@group-8C538AEF5C3F-SegmentedRaftLogWorker: flushIndex: setUnconditionally 0 -> -1
2019-09-25 05:19:01,611 [pool-37-thread-1] INFO  server.RaftServerConfigKeys (ConfUtils.java:logGet(43)) - raft.server.snapshot.auto.trigger.enabled = true (custom)
2019-09-25 05:19:01,611 [pool-37-thread-1] INFO  server.RaftServerConfigKeys (ConfUtils.java:logGet(43)) - raft.server.snapshot.auto.trigger.threshold = 10000 (custom)
2019-09-25 05:19:01,611 [pool-77-thread-1] INFO  server.RaftServerConfigKeys (ConfUtils.java:logGet(43)) - raft.server.snapshot.auto.trigger.enabled = true (custom)
2019-09-25 05:19:01,611 [pool-37-thread-1] INFO  server.RaftServerConfigKeys (ConfUtils.java:logGet(43)) - raft.server.snapshot.retention.num.files = 5 (custom)
2019-09-25 05:19:01,612 [pool-77-thread-1] INFO  server.RaftServerConfigKeys (ConfUtils.java:logGet(43)) - raft.server.snapshot.auto.trigger.threshold = 10000 (custom)
2019-09-25 05:19:01,612 [pool-37-thread-1] INFO  server.RaftServerConfigKeys (ConfUtils.java:logGet(43)) - raft.server.retrycache.expirytime = 600000ms (custom)
2019-09-25 05:19:01,612 [pool-77-thread-1] INFO  server.RaftServerConfigKeys (ConfUtils.java:logGet(43)) - raft.server.snapshot.retention.num.files = 5 (custom)
2019-09-25 05:19:01,612 [pool-77-thread-1] INFO  server.RaftServerConfigKeys (ConfUtils.java:logGet(43)) - raft.server.retrycache.expirytime = 600000ms (custom)
2019-09-25 05:19:01,620 [pool-37-thread-1] INFO  impl.RaftServerImpl (RaftServerImpl.java:start(185)) - a7793eff-ada5-4527-9e0b-a0fd078cd21b@group-8C538AEF5C3F: start as a follower, conf=-1: [6e4b8f72-2d03-4335-a109-8ce1569ec549:192.168.36.126:38179, a7793eff-ada5-4527-9e0b-a0fd078cd21b:192.168.36.126:36914, ece43ade-c7f6-4378-8dfa-fbe6a8ab43cf:192.168.36.126:41805], old=null
2019-09-25 05:19:01,621 [pool-37-thread-1] INFO  impl.RaftServerImpl (RaftServerImpl.java:setRole(174)) - a7793eff-ada5-4527-9e0b-a0fd078cd21b@group-8C538AEF5C3F: changes role from      null to FOLLOWER at term 0 for startAsFollower
2019-09-25 05:19:01,621 [pool-77-thread-1] INFO  impl.RaftServerImpl (RaftServerImpl.java:start(185)) - 6e4b8f72-2d03-4335-a109-8ce1569ec549@group-8C538AEF5C3F: start as a follower, conf=-1: [6e4b8f72-2d03-4335-a109-8ce1569ec549:192.168.36.126:38179, a7793eff-ada5-4527-9e0b-a0fd078cd21b:192.168.36.126:36914, ece43ade-c7f6-4378-8dfa-fbe6a8ab43cf:192.168.36.126:41805], old=null
2019-09-25 05:19:01,622 [pool-77-thread-1] INFO  impl.RaftServerImpl (RaftServerImpl.java:setRole(174)) - 6e4b8f72-2d03-4335-a109-8ce1569ec549@group-8C538AEF5C3F: changes role from      null to FOLLOWER at term 0 for startAsFollower
2019-09-25 05:19:01,626 [pool-37-thread-1] INFO  impl.RoleInfo (RoleInfo.java:updateAndGet(143)) - a7793eff-ada5-4527-9e0b-a0fd078cd21b: start FollowerState
2019-09-25 05:19:01,626 [pool-77-thread-1] INFO  impl.RoleInfo (RoleInfo.java:updateAndGet(143)) - 6e4b8f72-2d03-4335-a109-8ce1569ec549: start FollowerState
2019-09-25 05:19:01,630 [pool-77-thread-1] INFO  util.JmxRegister (JmxRegister.java:tryRegister(44)) - Successfully registered JMX Bean with object name Ratis:service=RaftServer,group=group-8C538AEF5C3F,id=6e4b8f72-2d03-4335-a109-8ce1569ec549
2019-09-25 05:19:01,630 [pool-37-thread-1] INFO  util.JmxRegister (JmxRegister.java:tryRegister(44)) - Successfully registered JMX Bean with object name Ratis:service=RaftServer,group=group-8C538AEF5C3F,id=a7793eff-ada5-4527-9e0b-a0fd078cd21b
2019-09-25 05:19:02,558 [RATISCREATEPIPELINE3] ERROR pipeline.RatisPipelineProvider (RatisPipelineProvider.java:lambda$null$5(235)) - Failed invoke Ratis rpc org.apache.hadoop.hdds.scm.pipeline.RatisPipelineProvider$$Lambda$213/434268490@26c885af for ece43ade-c7f6-4378-8dfa-fbe6a8ab43cf
org.apache.ratis.protocol.TimeoutIOException: deadline exceeded after 2997254981ns
	at org.apache.ratis.grpc.GrpcUtil.tryUnwrapException(GrpcUtil.java:82)
	at org.apache.ratis.grpc.GrpcUtil.unwrapException(GrpcUtil.java:75)
	at org.apache.ratis.grpc.client.GrpcClientProtocolClient.blockingCall(GrpcClientProtocolClient.java:178)
	at org.apache.ratis.grpc.client.GrpcClientProtocolClient.groupAdd(GrpcClientProtocolClient.java:147)
	at org.apache.ratis.grpc.client.GrpcClientRpc.sendRequest(GrpcClientRpc.java:94)
	at org.apache.ratis.client.impl.RaftClientImpl.sendRequest(RaftClientImpl.java:278)
	at org.apache.ratis.client.impl.RaftClientImpl.groupAdd(RaftClientImpl.java:205)
	at org.apache.hadoop.hdds.scm.pipeline.RatisPipelineProvider.lambda$initializePipeline$4(RatisPipelineProvider.java:196)
	at org.apache.hadoop.hdds.scm.pipeline.RatisPipelineProvider.lambda$null$5(RatisPipelineProvider.java:231)
	at java.util.stream.ForEachOps$ForEachOp$OfRef.accept(ForEachOps.java:184)
	at java.util.ArrayList$ArrayListSpliterator.forEachRemaining(ArrayList.java:1382)
	at java.util.stream.AbstractPipeline.copyInto(AbstractPipeline.java:482)
	at java.util.stream.ForEachOps$ForEachTask.compute(ForEachOps.java:291)
	at java.util.concurrent.CountedCompleter.exec(CountedCompleter.java:731)
	at java.util.concurrent.ForkJoinTask.doExec(ForkJoinTask.java:289)
	at java.util.concurrent.ForkJoinPool$WorkQueue.runTask(ForkJoinPool.java:1056)
	at java.util.concurrent.ForkJoinPool.runWorker(ForkJoinPool.java:1692)
	at java.util.concurrent.ForkJoinWorkerThread.run(ForkJoinWorkerThread.java:157)
Caused by: org.apache.ratis.thirdparty.io.grpc.StatusRuntimeException: DEADLINE_EXCEEDED: deadline exceeded after 2997254981ns
	at org.apache.ratis.thirdparty.io.grpc.stub.ClientCalls.toStatusRuntimeException(ClientCalls.java:233)
	at org.apache.ratis.thirdparty.io.grpc.stub.ClientCalls.getUnchecked(ClientCalls.java:214)
	at org.apache.ratis.thirdparty.io.grpc.stub.ClientCalls.blockingUnaryCall(ClientCalls.java:139)
	at org.apache.ratis.proto.grpc.AdminProtocolServiceGrpc$AdminProtocolServiceBlockingStub.groupManagement(AdminProtocolServiceGrpc.java:274)
	at org.apache.ratis.grpc.client.GrpcClientProtocolClient.lambda$groupAdd$3(GrpcClientProtocolClient.java:149)
	at org.apache.ratis.grpc.client.GrpcClientProtocolClient.blockingCall(GrpcClientProtocolClient.java:176)
	... 15 more
2019-09-25 05:19:02,618 [grpc-default-executor-1] INFO  impl.RaftServerProxy (RaftServerProxy.java:addNew(89)) - 6e4b8f72-2d03-4335-a109-8ce1569ec549: addNew group-74FCAC2063C8:[6e4b8f72-2d03-4335-a109-8ce1569ec549:192.168.36.126:38179, a7793eff-ada5-4527-9e0b-a0fd078cd21b:192.168.36.126:36914, ece43ade-c7f6-4378-8dfa-fbe6a8ab43cf:192.168.36.126:41805] returns group-74FCAC2063C8:java.util.concurrent.CompletableFuture@6ced1331[Not completed]
2019-09-25 05:19:02,631 [pool-77-thread-1] INFO  impl.RaftServerImpl (RaftServerImpl.java:<init>(95)) - 6e4b8f72-2d03-4335-a109-8ce1569ec549: new RaftServerImpl for group-74FCAC2063C8:[6e4b8f72-2d03-4335-a109-8ce1569ec549:192.168.36.126:38179, a7793eff-ada5-4527-9e0b-a0fd078cd21b:192.168.36.126:36914, ece43ade-c7f6-4378-8dfa-fbe6a8ab43cf:192.168.36.126:41805] with ContainerStateMachine:uninitialized
2019-09-25 05:19:02,631 [pool-77-thread-1] INFO  server.RaftServerConfigKeys (ConfUtils.java:logGet(43)) - raft.server.rpc.timeout.min = 5s (custom)
2019-09-25 05:19:02,631 [pool-77-thread-1] INFO  server.RaftServerConfigKeys (ConfUtils.java:logGet(43)) - raft.server.rpc.timeout.max = 5200ms (custom)
2019-09-25 05:19:02,635 [pool-77-thread-1] INFO  server.RaftServerConfigKeys (ConfUtils.java:logGet(43)) - raft.server.rpcslowness.timeout = 120s (custom)
2019-09-25 05:19:02,635 [pool-77-thread-1] INFO  server.RaftServerConfigKeys (ConfUtils.java:logGet(43)) - raft.server.sleep.deviation.threshold = 300 (default)
2019-09-25 05:19:02,635 [pool-77-thread-1] INFO  server.RaftServerConfigKeys (ConfUtils.java:logGet(43)) - raft.server.log.appender.install.snapshot.enabled = false (custom)
2019-09-25 05:19:02,636 [pool-77-thread-1] INFO  impl.RaftServerImpl (ServerState.java:<init>(103)) - 6e4b8f72-2d03-4335-a109-8ce1569ec549@group-74FCAC2063C8: ConfigurationManager, init=-1: [6e4b8f72-2d03-4335-a109-8ce1569ec549:192.168.36.126:38179, a7793eff-ada5-4527-9e0b-a0fd078cd21b:192.168.36.126:36914, ece43ade-c7f6-4378-8dfa-fbe6a8ab43cf:192.168.36.126:41805], old=null, confs=<EMPTY_MAP>
2019-09-25 05:19:02,636 [grpc-default-executor-0] INFO  impl.RaftServerProxy (RaftServerProxy.java:addNew(89)) - ece43ade-c7f6-4378-8dfa-fbe6a8ab43cf: addNew group-74FCAC2063C8:[6e4b8f72-2d03-4335-a109-8ce1569ec549:192.168.36.126:38179, a7793eff-ada5-4527-9e0b-a0fd078cd21b:192.168.36.126:36914, ece43ade-c7f6-4378-8dfa-fbe6a8ab43cf:192.168.36.126:41805] returns group-74FCAC2063C8:java.util.concurrent.CompletableFuture@5dc1ccd6[Not completed]
2019-09-25 05:19:02,636 [pool-77-thread-1] INFO  server.RaftServerConfigKeys (ConfUtils.java:logGet(43)) - raft.server.storage.dir = [/workdir/hadoop-ozone/integration-test/target/test-dir/MiniOzoneClusterImpl-408040ea-8342-4e81-bd05-3c5316de8946/datanode-5/data/ratis] (custom)
2019-09-25 05:19:02,636 [grpc-default-executor-1] INFO  impl.RaftServerProxy (RaftServerProxy.java:addNew(89)) - a7793eff-ada5-4527-9e0b-a0fd078cd21b: addNew group-74FCAC2063C8:[6e4b8f72-2d03-4335-a109-8ce1569ec549:192.168.36.126:38179, a7793eff-ada5-4527-9e0b-a0fd078cd21b:192.168.36.126:36914, ece43ade-c7f6-4378-8dfa-fbe6a8ab43cf:192.168.36.126:41805] returns group-74FCAC2063C8:java.util.concurrent.CompletableFuture@76ee7442[Not completed]
2019-09-25 05:19:02,637 [pool-77-thread-1] INFO  storage.RaftStorageDirectory (RaftStorageDirectory.java:analyzeStorage(246)) - The storage directory /workdir/hadoop-ozone/integration-test/target/test-dir/MiniOzoneClusterImpl-408040ea-8342-4e81-bd05-3c5316de8946/datanode-5/data/ratis/4e24fda3-bcb5-4874-966d-74fcac2063c8 does not exist. Creating ...
2019-09-25 05:19:02,638 [pool-37-thread-1] INFO  impl.RaftServerImpl (RaftServerImpl.java:<init>(95)) - a7793eff-ada5-4527-9e0b-a0fd078cd21b: new RaftServerImpl for group-74FCAC2063C8:[6e4b8f72-2d03-4335-a109-8ce1569ec549:192.168.36.126:38179, a7793eff-ada5-4527-9e0b-a0fd078cd21b:192.168.36.126:36914, ece43ade-c7f6-4378-8dfa-fbe6a8ab43cf:192.168.36.126:41805] with ContainerStateMachine:uninitialized
2019-09-25 05:19:02,638 [pool-37-thread-1] INFO  server.RaftServerConfigKeys (ConfUtils.java:logGet(43)) - raft.server.rpc.timeout.min = 5s (custom)
2019-09-25 05:19:02,639 [pool-37-thread-1] INFO  server.RaftServerConfigKeys (ConfUtils.java:logGet(43)) - raft.server.rpc.timeout.max = 5200ms (custom)
2019-09-25 05:19:02,639 [pool-37-thread-1] INFO  server.RaftServerConfigKeys (ConfUtils.java:logGet(43)) - raft.server.rpcslowness.timeout = 120s (custom)
2019-09-25 05:19:02,639 [pool-37-thread-1] INFO  server.RaftServerConfigKeys (ConfUtils.java:logGet(43)) - raft.server.sleep.deviation.threshold = 300 (default)
2019-09-25 05:19:02,639 [pool-37-thread-1] INFO  server.RaftServerConfigKeys (ConfUtils.java:logGet(43)) - raft.server.log.appender.install.snapshot.enabled = false (custom)
2019-09-25 05:19:02,639 [pool-37-thread-1] INFO  impl.RaftServerImpl (ServerState.java:<init>(103)) - a7793eff-ada5-4527-9e0b-a0fd078cd21b@group-74FCAC2063C8: ConfigurationManager, init=-1: [6e4b8f72-2d03-4335-a109-8ce1569ec549:192.168.36.126:38179, a7793eff-ada5-4527-9e0b-a0fd078cd21b:192.168.36.126:36914, ece43ade-c7f6-4378-8dfa-fbe6a8ab43cf:192.168.36.126:41805], old=null, confs=<EMPTY_MAP>
2019-09-25 05:19:02,639 [pool-37-thread-1] INFO  server.RaftServerConfigKeys (ConfUtils.java:logGet(43)) - raft.server.storage.dir = [/workdir/hadoop-ozone/integration-test/target/test-dir/MiniOzoneClusterImpl-408040ea-8342-4e81-bd05-3c5316de8946/datanode-1/data/ratis] (custom)
2019-09-25 05:19:02,640 [pool-37-thread-1] INFO  storage.RaftStorageDirectory (RaftStorageDirectory.java:analyzeStorage(246)) - The storage directory /workdir/hadoop-ozone/integration-test/target/test-dir/MiniOzoneClusterImpl-408040ea-8342-4e81-bd05-3c5316de8946/datanode-1/data/ratis/4e24fda3-bcb5-4874-966d-74fcac2063c8 does not exist. Creating ...
2019-09-25 05:19:05,590 [RATISCREATEPIPELINE2] ERROR pipeline.RatisPipelineProvider (RatisPipelineProvider.java:lambda$null$5(235)) - Failed invoke Ratis rpc org.apache.hadoop.hdds.scm.pipeline.RatisPipelineProvider$$Lambda$213/434268490@11d941eb for ece43ade-c7f6-4378-8dfa-fbe6a8ab43cf
org.apache.ratis.protocol.TimeoutIOException: deadline exceeded after 2996953681ns
	at org.apache.ratis.grpc.GrpcUtil.tryUnwrapException(GrpcUtil.java:82)
	at org.apache.ratis.grpc.GrpcUtil.unwrapException(GrpcUtil.java:75)
	at org.apache.ratis.grpc.client.GrpcClientProtocolClient.blockingCall(GrpcClientProtocolClient.java:178)
	at org.apache.ratis.grpc.client.GrpcClientProtocolClient.groupAdd(GrpcClientProtocolClient.java:147)
	at org.apache.ratis.grpc.client.GrpcClientRpc.sendRequest(GrpcClientRpc.java:94)
	at org.apache.ratis.client.impl.RaftClientImpl.sendRequest(RaftClientImpl.java:278)
	at org.apache.ratis.client.impl.RaftClientImpl.groupAdd(RaftClientImpl.java:205)
	at org.apache.hadoop.hdds.scm.pipeline.RatisPipelineProvider.lambda$initializePipeline$4(RatisPipelineProvider.java:196)
	at org.apache.hadoop.hdds.scm.pipeline.RatisPipelineProvider.lambda$null$5(RatisPipelineProvider.java:231)
	at java.util.stream.ForEachOps$ForEachOp$OfRef.accept(ForEachOps.java:184)
	at java.util.ArrayList$ArrayListSpliterator.forEachRemaining(ArrayList.java:1382)
	at java.util.stream.AbstractPipeline.copyInto(AbstractPipeline.java:482)
	at java.util.stream.ForEachOps$ForEachTask.compute(ForEachOps.java:291)
	at java.util.concurrent.CountedCompleter.exec(CountedCompleter.java:731)
	at java.util.concurrent.ForkJoinTask.doExec(ForkJoinTask.java:289)
	at java.util.concurrent.ForkJoinPool$WorkQueue.runTask(ForkJoinPool.java:1056)
	at java.util.concurrent.ForkJoinPool.runWorker(ForkJoinPool.java:1692)
	at java.util.concurrent.ForkJoinWorkerThread.run(ForkJoinWorkerThread.java:157)
Caused by: org.apache.ratis.thirdparty.io.grpc.StatusRuntimeException: DEADLINE_EXCEEDED: deadline exceeded after 2996953681ns
	at org.apache.ratis.thirdparty.io.grpc.stub.ClientCalls.toStatusRuntimeException(ClientCalls.java:233)
	at org.apache.ratis.thirdparty.io.grpc.stub.ClientCalls.getUnchecked(ClientCalls.java:214)
	at org.apache.ratis.thirdparty.io.grpc.stub.ClientCalls.blockingUnaryCall(ClientCalls.java:139)
	at org.apache.ratis.proto.grpc.AdminProtocolServiceGrpc$AdminProtocolServiceBlockingStub.groupManagement(AdminProtocolServiceGrpc.java:274)
	at org.apache.ratis.grpc.client.GrpcClientProtocolClient.lambda$groupAdd$3(GrpcClientProtocolClient.java:149)
	at org.apache.ratis.grpc.client.GrpcClientProtocolClient.blockingCall(GrpcClientProtocolClient.java:176)
	... 15 more
2019-09-25 05:19:05,594 [RATISCREATEPIPELINE3] ERROR pipeline.RatisPipelineProvider (RatisPipelineProvider.java:lambda$null$5(235)) - Failed invoke Ratis rpc org.apache.hadoop.hdds.scm.pipeline.RatisPipelineProvider$$Lambda$213/434268490@11d941eb for 6e4b8f72-2d03-4335-a109-8ce1569ec549
org.apache.ratis.protocol.TimeoutIOException: deadline exceeded after 2999705739ns
	at org.apache.ratis.grpc.GrpcUtil.tryUnwrapException(GrpcUtil.java:82)
	at org.apache.ratis.grpc.GrpcUtil.unwrapException(GrpcUtil.java:75)
	at org.apache.ratis.grpc.client.GrpcClientProtocolClient.blockingCall(GrpcClientProtocolClient.java:178)
	at org.apache.ratis.grpc.client.GrpcClientProtocolClient.groupAdd(GrpcClientProtocolClient.java:147)
	at org.apache.ratis.grpc.client.GrpcClientRpc.sendRequest(GrpcClientRpc.java:94)
	at org.apache.ratis.client.impl.RaftClientImpl.sendRequest(RaftClientImpl.java:278)
	at org.apache.ratis.client.impl.RaftClientImpl.groupAdd(RaftClientImpl.java:205)
	at org.apache.hadoop.hdds.scm.pipeline.RatisPipelineProvider.lambda$initializePipeline$4(RatisPipelineProvider.java:196)
	at org.apache.hadoop.hdds.scm.pipeline.RatisPipelineProvider.lambda$null$5(RatisPipelineProvider.java:231)
	at java.util.stream.ForEachOps$ForEachOp$OfRef.accept(ForEachOps.java:184)
	at java.util.ArrayList$ArrayListSpliterator.forEachRemaining(ArrayList.java:1382)
	at java.util.stream.AbstractPipeline.copyInto(AbstractPipeline.java:482)
	at java.util.stream.ForEachOps$ForEachTask.compute(ForEachOps.java:291)
	at java.util.concurrent.CountedCompleter.exec(CountedCompleter.java:731)
	at java.util.concurrent.ForkJoinTask.doExec(ForkJoinTask.java:289)
	at java.util.concurrent.ForkJoinPool$WorkQueue.runTask(ForkJoinPool.java:1056)
	at java.util.concurrent.ForkJoinPool.runWorker(ForkJoinPool.java:1692)
	at java.util.concurrent.ForkJoinWorkerThread.run(ForkJoinWorkerThread.java:157)
Caused by: org.apache.ratis.thirdparty.io.grpc.StatusRuntimeException: DEADLINE_EXCEEDED: deadline exceeded after 2999705739ns
	at org.apache.ratis.thirdparty.io.grpc.stub.ClientCalls.toStatusRuntimeException(ClientCalls.java:233)
	at org.apache.ratis.thirdparty.io.grpc.stub.ClientCalls.getUnchecked(ClientCalls.java:214)
	at org.apache.ratis.thirdparty.io.grpc.stub.ClientCalls.blockingUnaryCall(ClientCalls.java:139)
	at org.apache.ratis.proto.grpc.AdminProtocolServiceGrpc$AdminProtocolServiceBlockingStub.groupManagement(AdminProtocolServiceGrpc.java:274)
	at org.apache.ratis.grpc.client.GrpcClientProtocolClient.lambda$groupAdd$3(GrpcClientProtocolClient.java:149)
	at org.apache.ratis.grpc.client.GrpcClientProtocolClient.blockingCall(GrpcClientProtocolClient.java:176)
	... 15 more
2019-09-25 05:19:05,592 [RATISCREATEPIPELINE1] ERROR pipeline.RatisPipelineProvider (RatisPipelineProvider.java:lambda$null$5(235)) - Failed invoke Ratis rpc org.apache.hadoop.hdds.scm.pipeline.RatisPipelineProvider$$Lambda$213/434268490@11d941eb for a7793eff-ada5-4527-9e0b-a0fd078cd21b
org.apache.ratis.protocol.TimeoutIOException: deadline exceeded after 2994106842ns
	at org.apache.ratis.grpc.GrpcUtil.tryUnwrapException(GrpcUtil.java:82)
	at org.apache.ratis.grpc.GrpcUtil.unwrapException(GrpcUtil.java:75)
	at org.apache.ratis.grpc.client.GrpcClientProtocolClient.blockingCall(GrpcClientProtocolClient.java:178)
	at org.apache.ratis.grpc.client.GrpcClientProtocolClient.groupAdd(GrpcClientProtocolClient.java:147)
	at org.apache.ratis.grpc.client.GrpcClientRpc.sendRequest(GrpcClientRpc.java:94)
	at org.apache.ratis.client.impl.RaftClientImpl.sendRequest(RaftClientImpl.java:278)
	at org.apache.ratis.client.impl.RaftClientImpl.groupAdd(RaftClientImpl.java:205)
	at org.apache.hadoop.hdds.scm.pipeline.RatisPipelineProvider.lambda$initializePipeline$4(RatisPipelineProvider.java:196)
	at org.apache.hadoop.hdds.scm.pipeline.RatisPipelineProvider.lambda$null$5(RatisPipelineProvider.java:231)
	at java.util.stream.ForEachOps$ForEachOp$OfRef.accept(ForEachOps.java:184)
	at java.util.ArrayList$ArrayListSpliterator.forEachRemaining(ArrayList.java:1382)
	at java.util.stream.AbstractPipeline.copyInto(AbstractPipeline.java:482)
	at java.util.stream.ForEachOps$ForEachTask.compute(ForEachOps.java:291)
	at java.util.concurrent.CountedCompleter.exec(CountedCompleter.java:731)
	at java.util.concurrent.ForkJoinTask.doExec(ForkJoinTask.java:289)
	at java.util.concurrent.ForkJoinTask.doInvoke(ForkJoinTask.java:401)
	at java.util.concurrent.ForkJoinTask.invoke(ForkJoinTask.java:734)
	at java.util.stream.ForEachOps$ForEachOp.evaluateParallel(ForEachOps.java:160)
	at java.util.stream.ForEachOps$ForEachOp$OfRef.evaluateParallel(ForEachOps.java:174)
	at java.util.stream.AbstractPipeline.evaluate(AbstractPipeline.java:233)
	at java.util.stream.ReferencePipeline.forEach(ReferencePipeline.java:418)
	at java.util.stream.ReferencePipeline$Head.forEach(ReferencePipeline.java:583)
	at org.apache.hadoop.hdds.scm.pipeline.RatisPipelineProvider.lambda$callRatisRpc$6(RatisPipelineProvider.java:225)
	at java.util.concurrent.ForkJoinTask$AdaptedRunnableAction.exec(ForkJoinTask.java:1386)
	at java.util.concurrent.ForkJoinTask.doExec(ForkJoinTask.java:289)
	at java.util.concurrent.ForkJoinPool$WorkQueue.runTask(ForkJoinPool.java:1056)
	at java.util.concurrent.ForkJoinPool.runWorker(ForkJoinPool.java:1692)
	at java.util.concurrent.ForkJoinWorkerThread.run(ForkJoinWorkerThread.java:157)
Caused by: org.apache.ratis.thirdparty.io.grpc.StatusRuntimeException: DEADLINE_EXCEEDED: deadline exceeded after 2994106842ns
	at org.apache.ratis.thirdparty.io.grpc.stub.ClientCalls.toStatusRuntimeException(ClientCalls.java:233)
	at org.apache.ratis.thirdparty.io.grpc.stub.ClientCalls.getUnchecked(ClientCalls.java:214)
	at org.apache.ratis.thirdparty.io.grpc.stub.ClientCalls.blockingUnaryCall(ClientCalls.java:139)
	at org.apache.ratis.proto.grpc.AdminProtocolServiceGrpc$AdminProtocolServiceBlockingStub.groupManagement(AdminProtocolServiceGrpc.java:274)
	at org.apache.ratis.grpc.client.GrpcClientProtocolClient.lambda$groupAdd$3(GrpcClientProtocolClient.java:149)
	at org.apache.ratis.grpc.client.GrpcClientProtocolClient.blockingCall(GrpcClientProtocolClient.java:176)
	... 25 more
2019-09-25 05:19:05,608 [IPC Server handler 1 on 43434] INFO  ipc.Server (Server.java:logException(2726)) - IPC Server handler 1 on 43434, call Call#27 Retry#0 org.apache.hadoop.hdds.scm.protocol.StorageContainerLocationProtocol.allocateContainer from 192.168.36.126:39094
java.io.IOException: Could not allocate container. Cannot get any matching pipeline for Type:RATIS, Factor:THREE, State:PipelineState.OPEN
	at org.apache.hadoop.hdds.scm.container.ContainerStateManager.allocateContainer(ContainerStateManager.java:260)
	at org.apache.hadoop.hdds.scm.container.SCMContainerManager.allocateContainer(SCMContainerManager.java:247)
	at org.apache.hadoop.hdds.scm.server.SCMClientProtocolServer.allocateContainer(SCMClientProtocolServer.java:186)
	at org.apache.hadoop.ozone.protocolPB.StorageContainerLocationProtocolServerSideTranslatorPB.allocateContainer(StorageContainerLocationProtocolServerSideTranslatorPB.java:123)
	at org.apache.hadoop.hdds.protocol.proto.StorageContainerLocationProtocolProtos$StorageContainerLocationProtocolService$2.callBlockingMethod(StorageContainerLocationProtocolProtos.java:21239)
	at org.apache.hadoop.ipc.ProtobufRpcEngine$Server$ProtoBufRpcInvoker.call(ProtobufRpcEngine.java:524)
	at org.apache.hadoop.ipc.RPC$Server.call(RPC.java:1025)
	at org.apache.hadoop.ipc.Server$RpcCall.run(Server.java:876)
	at org.apache.hadoop.ipc.Server$RpcCall.run(Server.java:822)
	at java.security.AccessController.doPrivileged(Native Method)
	at javax.security.auth.Subject.doAs(Subject.java:422)
	at org.apache.hadoop.security.UserGroupInformation.doAs(UserGroupInformation.java:1730)
	at org.apache.hadoop.ipc.Server$Handler.run(Server.java:2682)
2019-09-25 05:19:05,629 [grpc-default-executor-3] INFO  impl.RaftServerProxy (RaftServerProxy.java:addNew(89)) - 6e4b8f72-2d03-4335-a109-8ce1569ec549: addNew group-556E169039F3:[6e4b8f72-2d03-4335-a109-8ce1569ec549:192.168.36.126:38179] returns group-556E169039F3:java.util.concurrent.CompletableFuture@2c38b81c[Not completed]
]]></system-out>
    <system-err><![CDATA[ERROR StatusLogger No Log4j 2 configuration file found. Using default configuration (logging only errors to the console), or user programmatically provided configurations. Set system property 'log4j2.debug' to show Log4j 2 internal initialization logging. See https://logging.apache.org/log4j/2.x/manual/configuration.html for instructions on how to configure Log4j 2
]]></system-err>
  </testcase>
  <testcase name="testReleaseBuffersOnException" classname="org.apache.hadoop.ozone.client.rpc.TestCommitWatcher" time="133.401">
    <failure type="java.lang.AssertionError">java.lang.AssertionError
	at org.junit.Assert.fail(Assert.java:86)
	at org.junit.Assert.assertTrue(Assert.java:41)
	at org.junit.Assert.assertTrue(Assert.java:52)
	at org.apache.hadoop.ozone.client.rpc.TestCommitWatcher.testReleaseBuffersOnException(TestCommitWatcher.java:284)
	at sun.reflect.NativeMethodAccessorImpl.invoke0(Native Method)
	at sun.reflect.NativeMethodAccessorImpl.invoke(NativeMethodAccessorImpl.java:62)
	at sun.reflect.DelegatingMethodAccessorImpl.invoke(DelegatingMethodAccessorImpl.java:43)
	at java.lang.reflect.Method.invoke(Method.java:498)
	at org.junit.runners.model.FrameworkMethod$1.runReflectiveCall(FrameworkMethod.java:47)
	at org.junit.internal.runners.model.ReflectiveCallable.run(ReflectiveCallable.java:12)
	at org.junit.runners.model.FrameworkMethod.invokeExplosively(FrameworkMethod.java:44)
	at org.junit.internal.runners.statements.InvokeMethod.evaluate(InvokeMethod.java:17)
	at org.junit.runners.ParentRunner.runLeaf(ParentRunner.java:271)
	at org.junit.runners.BlockJUnit4ClassRunner.runChild(BlockJUnit4ClassRunner.java:70)
	at org.junit.runners.BlockJUnit4ClassRunner.runChild(BlockJUnit4ClassRunner.java:50)
	at org.junit.runners.ParentRunner$3.run(ParentRunner.java:238)
	at org.junit.runners.ParentRunner$1.schedule(ParentRunner.java:63)
	at org.junit.runners.ParentRunner.runChildren(ParentRunner.java:236)
	at org.junit.runners.ParentRunner.access$000(ParentRunner.java:53)
	at org.junit.runners.ParentRunner$2.evaluate(ParentRunner.java:229)
	at org.junit.internal.runners.statements.RunBefores.evaluate(RunBefores.java:26)
	at org.junit.internal.runners.statements.RunAfters.evaluate(RunAfters.java:27)
	at org.junit.runners.ParentRunner.run(ParentRunner.java:309)
	at org.apache.maven.surefire.junit4.JUnit4Provider.execute(JUnit4Provider.java:365)
	at org.apache.maven.surefire.junit4.JUnit4Provider.executeWithRerun(JUnit4Provider.java:273)
	at org.apache.maven.surefire.junit4.JUnit4Provider.executeTestSet(JUnit4Provider.java:238)
	at org.apache.maven.surefire.junit4.JUnit4Provider.invoke(JUnit4Provider.java:159)
	at org.apache.maven.surefire.booter.ForkedBooter.invokeProviderInSameClassLoader(ForkedBooter.java:384)
	at org.apache.maven.surefire.booter.ForkedBooter.runSuitesInProcess(ForkedBooter.java:345)
	at org.apache.maven.surefire.booter.ForkedBooter.execute(ForkedBooter.java:126)
	at org.apache.maven.surefire.booter.ForkedBooter.main(ForkedBooter.java:418)
</failure>
    <system-out><![CDATA[2019-09-25 05:19:06,639 [Thread-247] INFO  impl.FollowerState (FollowerState.java:run(106)) - 6e4b8f72-2d03-4335-a109-8ce1569ec549:group-8C538AEF5C3F changes to CANDIDATE, lastRpcTime:5013, electionTimeout:5011ms
2019-09-25 05:19:06,644 [Thread-247] INFO  impl.RoleInfo (RoleInfo.java:shutdownFollowerState(121)) - 6e4b8f72-2d03-4335-a109-8ce1569ec549: shutdown FollowerState
2019-09-25 05:19:06,644 [Thread-247] INFO  impl.RaftServerImpl (RaftServerImpl.java:setRole(174)) - 6e4b8f72-2d03-4335-a109-8ce1569ec549@group-8C538AEF5C3F: changes role from  FOLLOWER to CANDIDATE at term 0 for changeToCandidate
2019-09-25 05:19:06,649 [Thread-247] INFO  impl.RoleInfo (RoleInfo.java:updateAndGet(143)) - 6e4b8f72-2d03-4335-a109-8ce1569ec549: start LeaderElection
2019-09-25 05:19:06,736 [Thread-246] INFO  impl.FollowerState (FollowerState.java:run(106)) - a7793eff-ada5-4527-9e0b-a0fd078cd21b:group-8C538AEF5C3F changes to CANDIDATE, lastRpcTime:5110, electionTimeout:5108ms
2019-09-25 05:19:06,738 [Thread-246] INFO  impl.RoleInfo (RoleInfo.java:shutdownFollowerState(121)) - a7793eff-ada5-4527-9e0b-a0fd078cd21b: shutdown FollowerState
2019-09-25 05:19:06,738 [Thread-246] INFO  impl.RaftServerImpl (RaftServerImpl.java:setRole(174)) - a7793eff-ada5-4527-9e0b-a0fd078cd21b@group-8C538AEF5C3F: changes role from  FOLLOWER to CANDIDATE at term 0 for changeToCandidate
2019-09-25 05:19:06,739 [Thread-246] INFO  impl.RoleInfo (RoleInfo.java:updateAndGet(143)) - a7793eff-ada5-4527-9e0b-a0fd078cd21b: start LeaderElection
2019-09-25 05:19:06,962 [pool-77-thread-1] INFO  storage.RaftStorageDirectory (RaftStorageDirectory.java:tryLock(328)) - Lock on /workdir/hadoop-ozone/integration-test/target/test-dir/MiniOzoneClusterImpl-408040ea-8342-4e81-bd05-3c5316de8946/datanode-5/data/ratis/4e24fda3-bcb5-4874-966d-74fcac2063c8/in_use.lock acquired by nodename 9354@pr-hdds-2174-pqx5g-486351168
2019-09-25 05:19:06,962 [pool-37-thread-1] INFO  storage.RaftStorageDirectory (RaftStorageDirectory.java:tryLock(328)) - Lock on /workdir/hadoop-ozone/integration-test/target/test-dir/MiniOzoneClusterImpl-408040ea-8342-4e81-bd05-3c5316de8946/datanode-1/data/ratis/4e24fda3-bcb5-4874-966d-74fcac2063c8/in_use.lock acquired by nodename 9354@pr-hdds-2174-pqx5g-486351168
2019-09-25 05:19:06,963 [pool-57-thread-1] INFO  storage.RaftStorage (RaftStorage.java:format(72)) - Storage directory /workdir/hadoop-ozone/integration-test/target/test-dir/MiniOzoneClusterImpl-408040ea-8342-4e81-bd05-3c5316de8946/datanode-3/data/ratis/b5f0a873-22b7-4879-baee-8c538aef5c3f has been successfully formatted.
2019-09-25 05:19:06,963 [pool-57-thread-1] INFO  ratis.ContainerStateMachine (ContainerStateMachine.java:loadSnapshot(230)) - group-8C538AEF5C3F: The snapshot info is null. Setting the last applied indexto:(t:0, i:~)
2019-09-25 05:19:06,964 [pool-57-thread-1] INFO  server.RaftServerConfigKeys (ConfUtils.java:logGet(43)) - raft.server.notification.no-leader.timeout = 120s (custom)
2019-09-25 05:19:06,964 [pool-57-thread-1] INFO  server.RaftServerConfigKeys (ConfUtils.java:logGet(43)) - raft.server.log.use.memory = false (default)
2019-09-25 05:19:06,964 [6e4b8f72-2d03-4335-a109-8ce1569ec549@group-8C538AEF5C3F:LeaderElection1] INFO  impl.LeaderElection (LeaderElection.java:askForVotes(182)) - 6e4b8f72-2d03-4335-a109-8ce1569ec549@group-8C538AEF5C3F:LeaderElection1: begin an election at term 1 for -1: [6e4b8f72-2d03-4335-a109-8ce1569ec549:192.168.36.126:38179, a7793eff-ada5-4527-9e0b-a0fd078cd21b:192.168.36.126:36914, ece43ade-c7f6-4378-8dfa-fbe6a8ab43cf:192.168.36.126:41805], old=null
2019-09-25 05:19:06,967 [pool-57-thread-1] INFO  server.RaftServerConfigKeys (ConfUtils.java:logGet(43)) - raft.server.log.purge.gap = 1000000 (custom)
2019-09-25 05:19:06,964 [a7793eff-ada5-4527-9e0b-a0fd078cd21b@group-8C538AEF5C3F:LeaderElection2] INFO  impl.LeaderElection (LeaderElection.java:askForVotes(182)) - a7793eff-ada5-4527-9e0b-a0fd078cd21b@group-8C538AEF5C3F:LeaderElection2: begin an election at term 1 for -1: [6e4b8f72-2d03-4335-a109-8ce1569ec549:192.168.36.126:38179, a7793eff-ada5-4527-9e0b-a0fd078cd21b:192.168.36.126:36914, ece43ade-c7f6-4378-8dfa-fbe6a8ab43cf:192.168.36.126:41805], old=null
2019-09-25 05:19:06,967 [pool-57-thread-1] INFO  server.RaftServerConfigKeys (ConfUtils.java:logGet(43)) - raft.server.log.appender.buffer.byte-limit = 33554432 (custom)
2019-09-25 05:19:06,968 [pool-57-thread-1] INFO  server.RaftServerConfigKeys (ConfUtils.java:logGet(43)) - raft.server.log.segment.size.max = 1048576 (custom)
2019-09-25 05:19:06,968 [pool-57-thread-1] INFO  server.RaftServerConfigKeys (ConfUtils.java:logGet(43)) - raft.server.log.segment.cache.num.max = 2 (custom)
2019-09-25 05:19:06,968 [pool-57-thread-1] INFO  segmented.SegmentedRaftLogWorker (SegmentedRaftLogWorker.java:<init>(172)) - new ece43ade-c7f6-4378-8dfa-fbe6a8ab43cf@group-8C538AEF5C3F-SegmentedRaftLogWorker for RaftStorage:Storage Directory /workdir/hadoop-ozone/integration-test/target/test-dir/MiniOzoneClusterImpl-408040ea-8342-4e81-bd05-3c5316de8946/datanode-3/data/ratis/b5f0a873-22b7-4879-baee-8c538aef5c3f
2019-09-25 05:19:06,968 [pool-57-thread-1] INFO  server.RaftServerConfigKeys (ConfUtils.java:logGet(43)) - raft.server.log.queue.byte-limit = 2147483647 (custom)
2019-09-25 05:19:06,969 [pool-57-thread-1] INFO  server.RaftServerConfigKeys (ConfUtils.java:logGet(43)) - raft.server.log.queue.element-limit = 1024 (custom)
2019-09-25 05:19:06,969 [pool-57-thread-1] INFO  server.RaftServerConfigKeys (ConfUtils.java:logGet(43)) - raft.server.log.segment.size.max = 1048576 (custom)
2019-09-25 05:19:06,969 [pool-57-thread-1] INFO  server.RaftServerConfigKeys (ConfUtils.java:logGet(43)) - raft.server.log.preallocated.size = 16384 (custom)
2019-09-25 05:19:06,970 [pool-57-thread-1] INFO  server.RaftServerConfigKeys (ConfUtils.java:logGet(43)) - raft.server.log.write.buffer.size = 33554432 (custom)
2019-09-25 05:19:06,970 [pool-57-thread-1] INFO  server.RaftServerConfigKeys (ConfUtils.java:logGet(43)) - raft.server.log.force.sync.num = 128 (default)
2019-09-25 05:19:06,970 [pool-57-thread-1] INFO  server.RaftServerConfigKeys (ConfUtils.java:logGet(43)) - raft.server.log.statemachine.data.sync = true (default)
2019-09-25 05:19:06,971 [pool-57-thread-1] INFO  server.RaftServerConfigKeys (ConfUtils.java:logGet(43)) - raft.server.log.statemachine.data.sync.timeout = 10s (default)
2019-09-25 05:19:06,971 [pool-57-thread-1] INFO  server.RaftServerConfigKeys (ConfUtils.java:logGet(43)) - raft.server.log.statemachine.data.sync.timeout.retry = -1 (default)
2019-09-25 05:19:06,971 [pool-57-thread-1] INFO  server.RaftServerConfigKeys (ConfUtils.java:logGet(43)) - raft.server.log.statemachine.data.caching.enabled = true (custom)
2019-09-25 05:19:06,972 [pool-57-thread-1] INFO  segmented.SegmentedRaftLogWorker (SegmentedRaftLogWorker.java:lambda$new$0(132)) - ece43ade-c7f6-4378-8dfa-fbe6a8ab43cf@group-8C538AEF5C3F-SegmentedRaftLogWorker: flushIndex: setUnconditionally 0 -> -1
2019-09-25 05:19:06,972 [pool-57-thread-1] INFO  server.RaftServerConfigKeys (ConfUtils.java:logGet(43)) - raft.server.snapshot.auto.trigger.enabled = true (custom)
2019-09-25 05:19:06,973 [pool-57-thread-1] INFO  server.RaftServerConfigKeys (ConfUtils.java:logGet(43)) - raft.server.snapshot.auto.trigger.threshold = 10000 (custom)
2019-09-25 05:19:06,973 [pool-57-thread-1] INFO  server.RaftServerConfigKeys (ConfUtils.java:logGet(43)) - raft.server.snapshot.retention.num.files = 5 (custom)
2019-09-25 05:19:06,973 [pool-57-thread-1] INFO  server.RaftServerConfigKeys (ConfUtils.java:logGet(43)) - raft.server.retrycache.expirytime = 600000ms (custom)
2019-09-25 05:19:06,988 [pool-57-thread-1] INFO  impl.RaftServerImpl (RaftServerImpl.java:start(185)) - ece43ade-c7f6-4378-8dfa-fbe6a8ab43cf@group-8FD984D075CB: start as a follower, conf=-1: [ece43ade-c7f6-4378-8dfa-fbe6a8ab43cf:192.168.36.126:41805], old=null
2019-09-25 05:19:06,988 [pool-57-thread-1] INFO  impl.RaftServerImpl (RaftServerImpl.java:setRole(174)) - ece43ade-c7f6-4378-8dfa-fbe6a8ab43cf@group-8FD984D075CB: changes role from      null to FOLLOWER at term 0 for startAsFollower
2019-09-25 05:19:06,990 [pool-57-thread-1] INFO  impl.RoleInfo (RoleInfo.java:updateAndGet(143)) - ece43ade-c7f6-4378-8dfa-fbe6a8ab43cf: start FollowerState
2019-09-25 05:19:06,993 [pool-57-thread-1] INFO  util.JmxRegister (JmxRegister.java:tryRegister(44)) - Successfully registered JMX Bean with object name Ratis:service=RaftServer,group=group-8FD984D075CB,id=ece43ade-c7f6-4378-8dfa-fbe6a8ab43cf
2019-09-25 05:19:07,002 [pool-57-thread-1] INFO  impl.RaftServerImpl (RaftServerImpl.java:<init>(95)) - ece43ade-c7f6-4378-8dfa-fbe6a8ab43cf: new RaftServerImpl for group-74FCAC2063C8:[6e4b8f72-2d03-4335-a109-8ce1569ec549:192.168.36.126:38179, a7793eff-ada5-4527-9e0b-a0fd078cd21b:192.168.36.126:36914, ece43ade-c7f6-4378-8dfa-fbe6a8ab43cf:192.168.36.126:41805] with ContainerStateMachine:uninitialized
2019-09-25 05:19:07,002 [pool-57-thread-1] INFO  server.RaftServerConfigKeys (ConfUtils.java:logGet(43)) - raft.server.rpc.timeout.min = 5s (custom)
2019-09-25 05:19:07,003 [pool-57-thread-1] INFO  server.RaftServerConfigKeys (ConfUtils.java:logGet(43)) - raft.server.rpc.timeout.max = 5200ms (custom)
2019-09-25 05:19:07,003 [pool-57-thread-1] INFO  server.RaftServerConfigKeys (ConfUtils.java:logGet(43)) - raft.server.rpcslowness.timeout = 120s (custom)
2019-09-25 05:19:07,003 [pool-57-thread-1] INFO  server.RaftServerConfigKeys (ConfUtils.java:logGet(43)) - raft.server.sleep.deviation.threshold = 300 (default)
2019-09-25 05:19:07,005 [pool-57-thread-1] INFO  server.RaftServerConfigKeys (ConfUtils.java:logGet(43)) - raft.server.log.appender.install.snapshot.enabled = false (custom)
2019-09-25 05:19:07,006 [pool-57-thread-1] INFO  impl.RaftServerImpl (ServerState.java:<init>(103)) - ece43ade-c7f6-4378-8dfa-fbe6a8ab43cf@group-74FCAC2063C8: ConfigurationManager, init=-1: [6e4b8f72-2d03-4335-a109-8ce1569ec549:192.168.36.126:38179, a7793eff-ada5-4527-9e0b-a0fd078cd21b:192.168.36.126:36914, ece43ade-c7f6-4378-8dfa-fbe6a8ab43cf:192.168.36.126:41805], old=null, confs=<EMPTY_MAP>
2019-09-25 05:19:07,006 [pool-57-thread-1] INFO  server.RaftServerConfigKeys (ConfUtils.java:logGet(43)) - raft.server.storage.dir = [/workdir/hadoop-ozone/integration-test/target/test-dir/MiniOzoneClusterImpl-408040ea-8342-4e81-bd05-3c5316de8946/datanode-3/data/ratis] (custom)
2019-09-25 05:19:07,010 [pool-57-thread-1] INFO  storage.RaftStorageDirectory (RaftStorageDirectory.java:analyzeStorage(246)) - The storage directory /workdir/hadoop-ozone/integration-test/target/test-dir/MiniOzoneClusterImpl-408040ea-8342-4e81-bd05-3c5316de8946/datanode-3/data/ratis/4e24fda3-bcb5-4874-966d-74fcac2063c8 does not exist. Creating ...
2019-09-25 05:19:07,030 [grpc-default-executor-3] WARN  server.GrpcServerProtocolService (LogUtils.java:warn(134)) - ece43ade-c7f6-4378-8dfa-fbe6a8ab43cf: Failed requestVote a7793eff-ada5-4527-9e0b-a0fd078cd21b->ece43ade-c7f6-4378-8dfa-fbe6a8ab43cf#0: org.apache.ratis.protocol.ServerNotReadyException: ece43ade-c7f6-4378-8dfa-fbe6a8ab43cf@group-8C538AEF5C3F is not in [RUNNING]: current state is NEW
2019-09-25 05:19:07,030 [grpc-default-executor-2] WARN  server.GrpcServerProtocolService (LogUtils.java:warn(134)) - ece43ade-c7f6-4378-8dfa-fbe6a8ab43cf: Failed requestVote 6e4b8f72-2d03-4335-a109-8ce1569ec549->ece43ade-c7f6-4378-8dfa-fbe6a8ab43cf#0: org.apache.ratis.protocol.ServerNotReadyException: ece43ade-c7f6-4378-8dfa-fbe6a8ab43cf@group-8C538AEF5C3F is not in [RUNNING]: current state is NEW
2019-09-25 05:19:07,110 [6e4b8f72-2d03-4335-a109-8ce1569ec549@group-8C538AEF5C3F:LeaderElection1] INFO  impl.LeaderElection (LogUtils.java:infoOrTrace(149)) - 6e4b8f72-2d03-4335-a109-8ce1569ec549@group-8C538AEF5C3F:LeaderElection1 got exception when requesting votes: {}
java.util.concurrent.ExecutionException: org.apache.ratis.thirdparty.io.grpc.StatusRuntimeException: INTERNAL: ece43ade-c7f6-4378-8dfa-fbe6a8ab43cf@group-8C538AEF5C3F is not in [RUNNING]: current state is NEW
	at java.util.concurrent.FutureTask.report(FutureTask.java:122)
	at java.util.concurrent.FutureTask.get(FutureTask.java:192)
	at org.apache.ratis.server.impl.LeaderElection.waitForResults(LeaderElection.java:263)
	at org.apache.ratis.server.impl.LeaderElection.askForVotes(LeaderElection.java:201)
	at org.apache.ratis.server.impl.LeaderElection.run(LeaderElection.java:133)
	at java.lang.Thread.run(Thread.java:748)
Caused by: org.apache.ratis.thirdparty.io.grpc.StatusRuntimeException: INTERNAL: ece43ade-c7f6-4378-8dfa-fbe6a8ab43cf@group-8C538AEF5C3F is not in [RUNNING]: current state is NEW
	at org.apache.ratis.thirdparty.io.grpc.stub.ClientCalls.toStatusRuntimeException(ClientCalls.java:233)
	at org.apache.ratis.thirdparty.io.grpc.stub.ClientCalls.getUnchecked(ClientCalls.java:214)
	at org.apache.ratis.thirdparty.io.grpc.stub.ClientCalls.blockingUnaryCall(ClientCalls.java:139)
	at org.apache.ratis.proto.grpc.RaftServerProtocolServiceGrpc$RaftServerProtocolServiceBlockingStub.requestVote(RaftServerProtocolServiceGrpc.java:265)
	at org.apache.ratis.grpc.server.GrpcServerProtocolClient.requestVote(GrpcServerProtocolClient.java:90)
	at org.apache.ratis.grpc.server.GrpcService.requestVote(GrpcService.java:204)
	at org.apache.ratis.server.impl.LeaderElection.lambda$submitRequests$1(LeaderElection.java:238)
	at java.util.concurrent.FutureTask.run(FutureTask.java:266)
	at java.util.concurrent.Executors$RunnableAdapter.call(Executors.java:511)
	at java.util.concurrent.FutureTask.run(FutureTask.java:266)
	at java.util.concurrent.ThreadPoolExecutor.runWorker(ThreadPoolExecutor.java:1149)
	at java.util.concurrent.ThreadPoolExecutor$Worker.run(ThreadPoolExecutor.java:624)
	... 1 more
2019-09-25 05:19:07,110 [a7793eff-ada5-4527-9e0b-a0fd078cd21b@group-8C538AEF5C3F:LeaderElection2] INFO  impl.LeaderElection (LogUtils.java:infoOrTrace(149)) - a7793eff-ada5-4527-9e0b-a0fd078cd21b@group-8C538AEF5C3F:LeaderElection2 got exception when requesting votes: {}
java.util.concurrent.ExecutionException: org.apache.ratis.thirdparty.io.grpc.StatusRuntimeException: INTERNAL: ece43ade-c7f6-4378-8dfa-fbe6a8ab43cf@group-8C538AEF5C3F is not in [RUNNING]: current state is NEW
	at java.util.concurrent.FutureTask.report(FutureTask.java:122)
	at java.util.concurrent.FutureTask.get(FutureTask.java:192)
	at org.apache.ratis.server.impl.LeaderElection.waitForResults(LeaderElection.java:263)
	at org.apache.ratis.server.impl.LeaderElection.askForVotes(LeaderElection.java:201)
	at org.apache.ratis.server.impl.LeaderElection.run(LeaderElection.java:133)
	at java.lang.Thread.run(Thread.java:748)
Caused by: org.apache.ratis.thirdparty.io.grpc.StatusRuntimeException: INTERNAL: ece43ade-c7f6-4378-8dfa-fbe6a8ab43cf@group-8C538AEF5C3F is not in [RUNNING]: current state is NEW
	at org.apache.ratis.thirdparty.io.grpc.stub.ClientCalls.toStatusRuntimeException(ClientCalls.java:233)
	at org.apache.ratis.thirdparty.io.grpc.stub.ClientCalls.getUnchecked(ClientCalls.java:214)
	at org.apache.ratis.thirdparty.io.grpc.stub.ClientCalls.blockingUnaryCall(ClientCalls.java:139)
	at org.apache.ratis.proto.grpc.RaftServerProtocolServiceGrpc$RaftServerProtocolServiceBlockingStub.requestVote(RaftServerProtocolServiceGrpc.java:265)
	at org.apache.ratis.grpc.server.GrpcServerProtocolClient.requestVote(GrpcServerProtocolClient.java:90)
	at org.apache.ratis.grpc.server.GrpcService.requestVote(GrpcService.java:204)
	at org.apache.ratis.server.impl.LeaderElection.lambda$submitRequests$1(LeaderElection.java:238)
	at java.util.concurrent.FutureTask.run(FutureTask.java:266)
	at java.util.concurrent.Executors$RunnableAdapter.call(Executors.java:511)
	at java.util.concurrent.FutureTask.run(FutureTask.java:266)
	at java.util.concurrent.ThreadPoolExecutor.runWorker(ThreadPoolExecutor.java:1149)
	at java.util.concurrent.ThreadPoolExecutor$Worker.run(ThreadPoolExecutor.java:624)
	... 1 more
2019-09-25 05:19:07,116 [6e4b8f72-2d03-4335-a109-8ce1569ec549@group-8C538AEF5C3F:LeaderElection1] INFO  impl.LeaderElection (LeaderElection.java:logAndReturn(56)) - 6e4b8f72-2d03-4335-a109-8ce1569ec549@group-8C538AEF5C3F:LeaderElection1: Election REJECTED; received 1 response(s) [6e4b8f72-2d03-4335-a109-8ce1569ec549<-a7793eff-ada5-4527-9e0b-a0fd078cd21b#0:FAIL-t1] and 1 exception(s); 6e4b8f72-2d03-4335-a109-8ce1569ec549@group-8C538AEF5C3F:t1, leader=null, voted=6e4b8f72-2d03-4335-a109-8ce1569ec549, raftlog=6e4b8f72-2d03-4335-a109-8ce1569ec549@group-8C538AEF5C3F-SegmentedRaftLog:OPENED:c-1,f-1,i0, conf=-1: [6e4b8f72-2d03-4335-a109-8ce1569ec549:192.168.36.126:38179, a7793eff-ada5-4527-9e0b-a0fd078cd21b:192.168.36.126:36914, ece43ade-c7f6-4378-8dfa-fbe6a8ab43cf:192.168.36.126:41805], old=null
2019-09-25 05:19:07,116 [a7793eff-ada5-4527-9e0b-a0fd078cd21b@group-8C538AEF5C3F:LeaderElection2] INFO  impl.LeaderElection (LeaderElection.java:logAndReturn(56)) - a7793eff-ada5-4527-9e0b-a0fd078cd21b@group-8C538AEF5C3F:LeaderElection2: Election REJECTED; received 1 response(s) [a7793eff-ada5-4527-9e0b-a0fd078cd21b<-6e4b8f72-2d03-4335-a109-8ce1569ec549#0:FAIL-t1] and 1 exception(s); a7793eff-ada5-4527-9e0b-a0fd078cd21b@group-8C538AEF5C3F:t1, leader=null, voted=a7793eff-ada5-4527-9e0b-a0fd078cd21b, raftlog=a7793eff-ada5-4527-9e0b-a0fd078cd21b@group-8C538AEF5C3F-SegmentedRaftLog:OPENED:c-1,f-1,i0, conf=-1: [6e4b8f72-2d03-4335-a109-8ce1569ec549:192.168.36.126:38179, a7793eff-ada5-4527-9e0b-a0fd078cd21b:192.168.36.126:36914, ece43ade-c7f6-4378-8dfa-fbe6a8ab43cf:192.168.36.126:41805], old=null
2019-09-25 05:19:07,116 [6e4b8f72-2d03-4335-a109-8ce1569ec549@group-8C538AEF5C3F:LeaderElection1] INFO  impl.LeaderElection (LogUtils.java:infoOrTrace(149)) -   Exception 0: {}
java.util.concurrent.ExecutionException: org.apache.ratis.thirdparty.io.grpc.StatusRuntimeException: INTERNAL: ece43ade-c7f6-4378-8dfa-fbe6a8ab43cf@group-8C538AEF5C3F is not in [RUNNING]: current state is NEW
	at java.util.concurrent.FutureTask.report(FutureTask.java:122)
	at java.util.concurrent.FutureTask.get(FutureTask.java:192)
	at org.apache.ratis.server.impl.LeaderElection.waitForResults(LeaderElection.java:263)
	at org.apache.ratis.server.impl.LeaderElection.askForVotes(LeaderElection.java:201)
	at org.apache.ratis.server.impl.LeaderElection.run(LeaderElection.java:133)
	at java.lang.Thread.run(Thread.java:748)
Caused by: org.apache.ratis.thirdparty.io.grpc.StatusRuntimeException: INTERNAL: ece43ade-c7f6-4378-8dfa-fbe6a8ab43cf@group-8C538AEF5C3F is not in [RUNNING]: current state is NEW
	at org.apache.ratis.thirdparty.io.grpc.stub.ClientCalls.toStatusRuntimeException(ClientCalls.java:233)
	at org.apache.ratis.thirdparty.io.grpc.stub.ClientCalls.getUnchecked(ClientCalls.java:214)
	at org.apache.ratis.thirdparty.io.grpc.stub.ClientCalls.blockingUnaryCall(ClientCalls.java:139)
	at org.apache.ratis.proto.grpc.RaftServerProtocolServiceGrpc$RaftServerProtocolServiceBlockingStub.requestVote(RaftServerProtocolServiceGrpc.java:265)
	at org.apache.ratis.grpc.server.GrpcServerProtocolClient.requestVote(GrpcServerProtocolClient.java:90)
	at org.apache.ratis.grpc.server.GrpcService.requestVote(GrpcService.java:204)
	at org.apache.ratis.server.impl.LeaderElection.lambda$submitRequests$1(LeaderElection.java:238)
	at java.util.concurrent.FutureTask.run(FutureTask.java:266)
	at java.util.concurrent.Executors$RunnableAdapter.call(Executors.java:511)
	at java.util.concurrent.FutureTask.run(FutureTask.java:266)
	at java.util.concurrent.ThreadPoolExecutor.runWorker(ThreadPoolExecutor.java:1149)
	at java.util.concurrent.ThreadPoolExecutor$Worker.run(ThreadPoolExecutor.java:624)
	... 1 more
2019-09-25 05:19:07,116 [a7793eff-ada5-4527-9e0b-a0fd078cd21b@group-8C538AEF5C3F:LeaderElection2] INFO  impl.LeaderElection (LogUtils.java:infoOrTrace(149)) -   Exception 0: {}
java.util.concurrent.ExecutionException: org.apache.ratis.thirdparty.io.grpc.StatusRuntimeException: INTERNAL: ece43ade-c7f6-4378-8dfa-fbe6a8ab43cf@group-8C538AEF5C3F is not in [RUNNING]: current state is NEW
	at java.util.concurrent.FutureTask.report(FutureTask.java:122)
	at java.util.concurrent.FutureTask.get(FutureTask.java:192)
	at org.apache.ratis.server.impl.LeaderElection.waitForResults(LeaderElection.java:263)
	at org.apache.ratis.server.impl.LeaderElection.askForVotes(LeaderElection.java:201)
	at org.apache.ratis.server.impl.LeaderElection.run(LeaderElection.java:133)
	at java.lang.Thread.run(Thread.java:748)
Caused by: org.apache.ratis.thirdparty.io.grpc.StatusRuntimeException: INTERNAL: ece43ade-c7f6-4378-8dfa-fbe6a8ab43cf@group-8C538AEF5C3F is not in [RUNNING]: current state is NEW
	at org.apache.ratis.thirdparty.io.grpc.stub.ClientCalls.toStatusRuntimeException(ClientCalls.java:233)
	at org.apache.ratis.thirdparty.io.grpc.stub.ClientCalls.getUnchecked(ClientCalls.java:214)
	at org.apache.ratis.thirdparty.io.grpc.stub.ClientCalls.blockingUnaryCall(ClientCalls.java:139)
	at org.apache.ratis.proto.grpc.RaftServerProtocolServiceGrpc$RaftServerProtocolServiceBlockingStub.requestVote(RaftServerProtocolServiceGrpc.java:265)
	at org.apache.ratis.grpc.server.GrpcServerProtocolClient.requestVote(GrpcServerProtocolClient.java:90)
	at org.apache.ratis.grpc.server.GrpcService.requestVote(GrpcService.java:204)
	at org.apache.ratis.server.impl.LeaderElection.lambda$submitRequests$1(LeaderElection.java:238)
	at java.util.concurrent.FutureTask.run(FutureTask.java:266)
	at java.util.concurrent.Executors$RunnableAdapter.call(Executors.java:511)
	at java.util.concurrent.FutureTask.run(FutureTask.java:266)
	at java.util.concurrent.ThreadPoolExecutor.runWorker(ThreadPoolExecutor.java:1149)
	at java.util.concurrent.ThreadPoolExecutor$Worker.run(ThreadPoolExecutor.java:624)
	... 1 more
2019-09-25 05:19:07,126 [6e4b8f72-2d03-4335-a109-8ce1569ec549@group-8C538AEF5C3F:LeaderElection1] INFO  impl.RaftServerImpl (RaftServerImpl.java:setRole(174)) - 6e4b8f72-2d03-4335-a109-8ce1569ec549@group-8C538AEF5C3F: changes role from CANDIDATE to FOLLOWER at term 1 for DISCOVERED_A_NEW_TERM
2019-09-25 05:19:07,126 [a7793eff-ada5-4527-9e0b-a0fd078cd21b@group-8C538AEF5C3F:LeaderElection2] INFO  impl.RaftServerImpl (RaftServerImpl.java:setRole(174)) - a7793eff-ada5-4527-9e0b-a0fd078cd21b@group-8C538AEF5C3F: changes role from CANDIDATE to FOLLOWER at term 1 for DISCOVERED_A_NEW_TERM
2019-09-25 05:19:07,126 [6e4b8f72-2d03-4335-a109-8ce1569ec549@group-8C538AEF5C3F:LeaderElection1] INFO  impl.RoleInfo (RoleInfo.java:shutdownLeaderElection(134)) - 6e4b8f72-2d03-4335-a109-8ce1569ec549: shutdown LeaderElection
2019-09-25 05:19:07,126 [a7793eff-ada5-4527-9e0b-a0fd078cd21b@group-8C538AEF5C3F:LeaderElection2] INFO  impl.RoleInfo (RoleInfo.java:shutdownLeaderElection(134)) - a7793eff-ada5-4527-9e0b-a0fd078cd21b: shutdown LeaderElection
2019-09-25 05:19:07,127 [a7793eff-ada5-4527-9e0b-a0fd078cd21b@group-8C538AEF5C3F:LeaderElection2] INFO  impl.RoleInfo (RoleInfo.java:updateAndGet(143)) - a7793eff-ada5-4527-9e0b-a0fd078cd21b: start FollowerState
2019-09-25 05:19:07,127 [6e4b8f72-2d03-4335-a109-8ce1569ec549@group-8C538AEF5C3F:LeaderElection1] INFO  impl.RoleInfo (RoleInfo.java:updateAndGet(143)) - 6e4b8f72-2d03-4335-a109-8ce1569ec549: start FollowerState
2019-09-25 05:19:08,623 [RATISCREATEPIPELINE1] ERROR pipeline.RatisPipelineProvider (RatisPipelineProvider.java:lambda$null$5(235)) - Failed invoke Ratis rpc org.apache.hadoop.hdds.scm.pipeline.RatisPipelineProvider$$Lambda$213/434268490@5dd11749 for 6e4b8f72-2d03-4335-a109-8ce1569ec549
org.apache.ratis.protocol.TimeoutIOException: deadline exceeded after 2999691353ns
	at org.apache.ratis.grpc.GrpcUtil.tryUnwrapException(GrpcUtil.java:82)
	at org.apache.ratis.grpc.GrpcUtil.unwrapException(GrpcUtil.java:75)
	at org.apache.ratis.grpc.client.GrpcClientProtocolClient.blockingCall(GrpcClientProtocolClient.java:178)
	at org.apache.ratis.grpc.client.GrpcClientProtocolClient.groupAdd(GrpcClientProtocolClient.java:147)
	at org.apache.ratis.grpc.client.GrpcClientRpc.sendRequest(GrpcClientRpc.java:94)
	at org.apache.ratis.client.impl.RaftClientImpl.sendRequest(RaftClientImpl.java:278)
	at org.apache.ratis.client.impl.RaftClientImpl.groupAdd(RaftClientImpl.java:205)
	at org.apache.hadoop.hdds.scm.pipeline.RatisPipelineProvider.lambda$initializePipeline$4(RatisPipelineProvider.java:196)
	at org.apache.hadoop.hdds.scm.pipeline.RatisPipelineProvider.lambda$null$5(RatisPipelineProvider.java:231)
	at java.util.stream.ForEachOps$ForEachOp$OfRef.accept(ForEachOps.java:184)
	at java.util.ArrayList$ArrayListSpliterator.forEachRemaining(ArrayList.java:1382)
	at java.util.stream.AbstractPipeline.copyInto(AbstractPipeline.java:482)
	at java.util.stream.ForEachOps$ForEachTask.compute(ForEachOps.java:291)
	at java.util.concurrent.CountedCompleter.exec(CountedCompleter.java:731)
	at java.util.concurrent.ForkJoinTask.doExec(ForkJoinTask.java:289)
	at java.util.concurrent.ForkJoinTask.doInvoke(ForkJoinTask.java:401)
	at java.util.concurrent.ForkJoinTask.invoke(ForkJoinTask.java:734)
	at java.util.stream.ForEachOps$ForEachOp.evaluateParallel(ForEachOps.java:160)
	at java.util.stream.ForEachOps$ForEachOp$OfRef.evaluateParallel(ForEachOps.java:174)
	at java.util.stream.AbstractPipeline.evaluate(AbstractPipeline.java:233)
	at java.util.stream.ReferencePipeline.forEach(ReferencePipeline.java:418)
	at java.util.stream.ReferencePipeline$Head.forEach(ReferencePipeline.java:583)
	at org.apache.hadoop.hdds.scm.pipeline.RatisPipelineProvider.lambda$callRatisRpc$6(RatisPipelineProvider.java:225)
	at java.util.concurrent.ForkJoinTask$AdaptedRunnableAction.exec(ForkJoinTask.java:1386)
	at java.util.concurrent.ForkJoinTask.doExec(ForkJoinTask.java:289)
	at java.util.concurrent.ForkJoinPool$WorkQueue.runTask(ForkJoinPool.java:1056)
	at java.util.concurrent.ForkJoinPool.runWorker(ForkJoinPool.java:1692)
	at java.util.concurrent.ForkJoinWorkerThread.run(ForkJoinWorkerThread.java:157)
Caused by: org.apache.ratis.thirdparty.io.grpc.StatusRuntimeException: DEADLINE_EXCEEDED: deadline exceeded after 2999691353ns
	at org.apache.ratis.thirdparty.io.grpc.stub.ClientCalls.toStatusRuntimeException(ClientCalls.java:233)
	at org.apache.ratis.thirdparty.io.grpc.stub.ClientCalls.getUnchecked(ClientCalls.java:214)
	at org.apache.ratis.thirdparty.io.grpc.stub.ClientCalls.blockingUnaryCall(ClientCalls.java:139)
	at org.apache.ratis.proto.grpc.AdminProtocolServiceGrpc$AdminProtocolServiceBlockingStub.groupManagement(AdminProtocolServiceGrpc.java:274)
	at org.apache.ratis.grpc.client.GrpcClientProtocolClient.lambda$groupAdd$3(GrpcClientProtocolClient.java:149)
	at org.apache.ratis.grpc.client.GrpcClientProtocolClient.blockingCall(GrpcClientProtocolClient.java:176)
	... 25 more
2019-09-25 05:19:08,669 [grpc-default-executor-2] INFO  impl.RaftServerProxy (RaftServerProxy.java:addNew(89)) - 6e4b8f72-2d03-4335-a109-8ce1569ec549: addNew group-0A753E062AF5:[6e4b8f72-2d03-4335-a109-8ce1569ec549:192.168.36.126:38179, a7793eff-ada5-4527-9e0b-a0fd078cd21b:192.168.36.126:36914, ece43ade-c7f6-4378-8dfa-fbe6a8ab43cf:192.168.36.126:41805] returns group-0A753E062AF5:java.util.concurrent.CompletableFuture@33c40be8[Not completed]
2019-09-25 05:19:08,669 [grpc-default-executor-3] INFO  impl.RaftServerProxy (RaftServerProxy.java:addNew(89)) - ece43ade-c7f6-4378-8dfa-fbe6a8ab43cf: addNew group-0A753E062AF5:[6e4b8f72-2d03-4335-a109-8ce1569ec549:192.168.36.126:38179, a7793eff-ada5-4527-9e0b-a0fd078cd21b:192.168.36.126:36914, ece43ade-c7f6-4378-8dfa-fbe6a8ab43cf:192.168.36.126:41805] returns group-0A753E062AF5:java.util.concurrent.CompletableFuture@2c52bf89[Not completed]
2019-09-25 05:19:08,669 [grpc-default-executor-1] INFO  impl.RaftServerProxy (RaftServerProxy.java:addNew(89)) - a7793eff-ada5-4527-9e0b-a0fd078cd21b: addNew group-0A753E062AF5:[6e4b8f72-2d03-4335-a109-8ce1569ec549:192.168.36.126:38179, a7793eff-ada5-4527-9e0b-a0fd078cd21b:192.168.36.126:36914, ece43ade-c7f6-4378-8dfa-fbe6a8ab43cf:192.168.36.126:41805] returns group-0A753E062AF5:java.util.concurrent.CompletableFuture@56529888[Not completed]
2019-09-25 05:19:10,820 [pool-57-thread-1] INFO  storage.RaftStorageDirectory (RaftStorageDirectory.java:tryLock(328)) - Lock on /workdir/hadoop-ozone/integration-test/target/test-dir/MiniOzoneClusterImpl-408040ea-8342-4e81-bd05-3c5316de8946/datanode-3/data/ratis/4e24fda3-bcb5-4874-966d-74fcac2063c8/in_use.lock acquired by nodename 9354@pr-hdds-2174-pqx5g-486351168
2019-09-25 05:19:10,820 [pool-77-thread-1] INFO  storage.RaftStorage (RaftStorage.java:format(72)) - Storage directory /workdir/hadoop-ozone/integration-test/target/test-dir/MiniOzoneClusterImpl-408040ea-8342-4e81-bd05-3c5316de8946/datanode-5/data/ratis/4e24fda3-bcb5-4874-966d-74fcac2063c8 has been successfully formatted.
2019-09-25 05:19:10,820 [pool-37-thread-1] INFO  storage.RaftStorage (RaftStorage.java:format(72)) - Storage directory /workdir/hadoop-ozone/integration-test/target/test-dir/MiniOzoneClusterImpl-408040ea-8342-4e81-bd05-3c5316de8946/datanode-1/data/ratis/4e24fda3-bcb5-4874-966d-74fcac2063c8 has been successfully formatted.
2019-09-25 05:19:10,821 [pool-77-thread-1] INFO  ratis.ContainerStateMachine (ContainerStateMachine.java:loadSnapshot(230)) - group-74FCAC2063C8: The snapshot info is null. Setting the last applied indexto:(t:0, i:~)
2019-09-25 05:19:10,822 [pool-37-thread-1] INFO  ratis.ContainerStateMachine (ContainerStateMachine.java:loadSnapshot(230)) - group-74FCAC2063C8: The snapshot info is null. Setting the last applied indexto:(t:0, i:~)
2019-09-25 05:19:10,822 [pool-77-thread-1] INFO  server.RaftServerConfigKeys (ConfUtils.java:logGet(43)) - raft.server.notification.no-leader.timeout = 120s (custom)
2019-09-25 05:19:10,822 [pool-37-thread-1] INFO  server.RaftServerConfigKeys (ConfUtils.java:logGet(43)) - raft.server.notification.no-leader.timeout = 120s (custom)
2019-09-25 05:19:10,822 [pool-77-thread-1] INFO  server.RaftServerConfigKeys (ConfUtils.java:logGet(43)) - raft.server.log.use.memory = false (default)
2019-09-25 05:19:10,822 [pool-37-thread-1] INFO  server.RaftServerConfigKeys (ConfUtils.java:logGet(43)) - raft.server.log.use.memory = false (default)
2019-09-25 05:19:10,823 [pool-77-thread-1] INFO  server.RaftServerConfigKeys (ConfUtils.java:logGet(43)) - raft.server.log.purge.gap = 1000000 (custom)
2019-09-25 05:19:10,823 [pool-37-thread-1] INFO  server.RaftServerConfigKeys (ConfUtils.java:logGet(43)) - raft.server.log.purge.gap = 1000000 (custom)
2019-09-25 05:19:10,823 [pool-77-thread-1] INFO  server.RaftServerConfigKeys (ConfUtils.java:logGet(43)) - raft.server.log.appender.buffer.byte-limit = 33554432 (custom)
2019-09-25 05:19:10,823 [pool-37-thread-1] INFO  server.RaftServerConfigKeys (ConfUtils.java:logGet(43)) - raft.server.log.appender.buffer.byte-limit = 33554432 (custom)
2019-09-25 05:19:10,824 [pool-77-thread-1] INFO  server.RaftServerConfigKeys (ConfUtils.java:logGet(43)) - raft.server.log.segment.size.max = 1048576 (custom)
2019-09-25 05:19:10,824 [pool-37-thread-1] INFO  server.RaftServerConfigKeys (ConfUtils.java:logGet(43)) - raft.server.log.segment.size.max = 1048576 (custom)
2019-09-25 05:19:10,824 [pool-77-thread-1] INFO  server.RaftServerConfigKeys (ConfUtils.java:logGet(43)) - raft.server.log.segment.cache.num.max = 2 (custom)
2019-09-25 05:19:10,824 [pool-37-thread-1] INFO  server.RaftServerConfigKeys (ConfUtils.java:logGet(43)) - raft.server.log.segment.cache.num.max = 2 (custom)
2019-09-25 05:19:10,825 [pool-77-thread-1] INFO  segmented.SegmentedRaftLogWorker (SegmentedRaftLogWorker.java:<init>(172)) - new 6e4b8f72-2d03-4335-a109-8ce1569ec549@group-74FCAC2063C8-SegmentedRaftLogWorker for RaftStorage:Storage Directory /workdir/hadoop-ozone/integration-test/target/test-dir/MiniOzoneClusterImpl-408040ea-8342-4e81-bd05-3c5316de8946/datanode-5/data/ratis/4e24fda3-bcb5-4874-966d-74fcac2063c8
2019-09-25 05:19:10,825 [pool-37-thread-1] INFO  segmented.SegmentedRaftLogWorker (SegmentedRaftLogWorker.java:<init>(172)) - new a7793eff-ada5-4527-9e0b-a0fd078cd21b@group-74FCAC2063C8-SegmentedRaftLogWorker for RaftStorage:Storage Directory /workdir/hadoop-ozone/integration-test/target/test-dir/MiniOzoneClusterImpl-408040ea-8342-4e81-bd05-3c5316de8946/datanode-1/data/ratis/4e24fda3-bcb5-4874-966d-74fcac2063c8
2019-09-25 05:19:10,825 [pool-77-thread-1] INFO  server.RaftServerConfigKeys (ConfUtils.java:logGet(43)) - raft.server.log.queue.byte-limit = 2147483647 (custom)
2019-09-25 05:19:10,825 [pool-37-thread-1] INFO  server.RaftServerConfigKeys (ConfUtils.java:logGet(43)) - raft.server.log.queue.byte-limit = 2147483647 (custom)
2019-09-25 05:19:10,825 [pool-77-thread-1] INFO  server.RaftServerConfigKeys (ConfUtils.java:logGet(43)) - raft.server.log.queue.element-limit = 1024 (custom)
2019-09-25 05:19:10,826 [pool-37-thread-1] INFO  server.RaftServerConfigKeys (ConfUtils.java:logGet(43)) - raft.server.log.queue.element-limit = 1024 (custom)
2019-09-25 05:19:10,826 [pool-77-thread-1] INFO  server.RaftServerConfigKeys (ConfUtils.java:logGet(43)) - raft.server.log.segment.size.max = 1048576 (custom)
2019-09-25 05:19:10,826 [pool-37-thread-1] INFO  server.RaftServerConfigKeys (ConfUtils.java:logGet(43)) - raft.server.log.segment.size.max = 1048576 (custom)
2019-09-25 05:19:10,826 [pool-77-thread-1] INFO  server.RaftServerConfigKeys (ConfUtils.java:logGet(43)) - raft.server.log.preallocated.size = 16384 (custom)
2019-09-25 05:19:10,826 [pool-37-thread-1] INFO  server.RaftServerConfigKeys (ConfUtils.java:logGet(43)) - raft.server.log.preallocated.size = 16384 (custom)
2019-09-25 05:19:10,827 [pool-77-thread-1] INFO  server.RaftServerConfigKeys (ConfUtils.java:logGet(43)) - raft.server.log.write.buffer.size = 33554432 (custom)
2019-09-25 05:19:10,827 [pool-37-thread-1] INFO  server.RaftServerConfigKeys (ConfUtils.java:logGet(43)) - raft.server.log.write.buffer.size = 33554432 (custom)
2019-09-25 05:19:10,827 [pool-77-thread-1] INFO  server.RaftServerConfigKeys (ConfUtils.java:logGet(43)) - raft.server.log.force.sync.num = 128 (default)
2019-09-25 05:19:10,827 [pool-37-thread-1] INFO  server.RaftServerConfigKeys (ConfUtils.java:logGet(43)) - raft.server.log.force.sync.num = 128 (default)
2019-09-25 05:19:10,827 [pool-77-thread-1] INFO  server.RaftServerConfigKeys (ConfUtils.java:logGet(43)) - raft.server.log.statemachine.data.sync = true (default)
2019-09-25 05:19:10,828 [pool-37-thread-1] INFO  server.RaftServerConfigKeys (ConfUtils.java:logGet(43)) - raft.server.log.statemachine.data.sync = true (default)
2019-09-25 05:19:10,828 [pool-77-thread-1] INFO  server.RaftServerConfigKeys (ConfUtils.java:logGet(43)) - raft.server.log.statemachine.data.sync.timeout = 10s (default)
2019-09-25 05:19:10,828 [pool-37-thread-1] INFO  server.RaftServerConfigKeys (ConfUtils.java:logGet(43)) - raft.server.log.statemachine.data.sync.timeout = 10s (default)
2019-09-25 05:19:10,828 [pool-77-thread-1] INFO  server.RaftServerConfigKeys (ConfUtils.java:logGet(43)) - raft.server.log.statemachine.data.sync.timeout.retry = -1 (default)
2019-09-25 05:19:10,829 [pool-37-thread-1] INFO  server.RaftServerConfigKeys (ConfUtils.java:logGet(43)) - raft.server.log.statemachine.data.sync.timeout.retry = -1 (default)
2019-09-25 05:19:10,829 [pool-77-thread-1] INFO  server.RaftServerConfigKeys (ConfUtils.java:logGet(43)) - raft.server.log.statemachine.data.caching.enabled = true (custom)
2019-09-25 05:19:10,829 [pool-37-thread-1] INFO  server.RaftServerConfigKeys (ConfUtils.java:logGet(43)) - raft.server.log.statemachine.data.caching.enabled = true (custom)
2019-09-25 05:19:10,830 [pool-77-thread-1] INFO  segmented.SegmentedRaftLogWorker (SegmentedRaftLogWorker.java:lambda$new$0(132)) - 6e4b8f72-2d03-4335-a109-8ce1569ec549@group-74FCAC2063C8-SegmentedRaftLogWorker: flushIndex: setUnconditionally 0 -> -1
2019-09-25 05:19:10,830 [pool-37-thread-1] INFO  segmented.SegmentedRaftLogWorker (SegmentedRaftLogWorker.java:lambda$new$0(132)) - a7793eff-ada5-4527-9e0b-a0fd078cd21b@group-74FCAC2063C8-SegmentedRaftLogWorker: flushIndex: setUnconditionally 0 -> -1
2019-09-25 05:19:10,830 [pool-77-thread-1] INFO  server.RaftServerConfigKeys (ConfUtils.java:logGet(43)) - raft.server.snapshot.auto.trigger.enabled = true (custom)
2019-09-25 05:19:10,830 [pool-77-thread-1] INFO  server.RaftServerConfigKeys (ConfUtils.java:logGet(43)) - raft.server.snapshot.auto.trigger.threshold = 10000 (custom)
2019-09-25 05:19:10,831 [pool-37-thread-1] INFO  server.RaftServerConfigKeys (ConfUtils.java:logGet(43)) - raft.server.snapshot.auto.trigger.enabled = true (custom)
2019-09-25 05:19:10,831 [pool-77-thread-1] INFO  server.RaftServerConfigKeys (ConfUtils.java:logGet(43)) - raft.server.snapshot.retention.num.files = 5 (custom)
2019-09-25 05:19:10,831 [pool-37-thread-1] INFO  server.RaftServerConfigKeys (ConfUtils.java:logGet(43)) - raft.server.snapshot.auto.trigger.threshold = 10000 (custom)
2019-09-25 05:19:10,831 [pool-77-thread-1] INFO  server.RaftServerConfigKeys (ConfUtils.java:logGet(43)) - raft.server.retrycache.expirytime = 600000ms (custom)
2019-09-25 05:19:10,831 [pool-37-thread-1] INFO  server.RaftServerConfigKeys (ConfUtils.java:logGet(43)) - raft.server.snapshot.retention.num.files = 5 (custom)
2019-09-25 05:19:10,832 [pool-37-thread-1] INFO  server.RaftServerConfigKeys (ConfUtils.java:logGet(43)) - raft.server.retrycache.expirytime = 600000ms (custom)
2019-09-25 05:19:10,842 [pool-77-thread-1] INFO  impl.RaftServerImpl (RaftServerImpl.java:<init>(95)) - 6e4b8f72-2d03-4335-a109-8ce1569ec549: new RaftServerImpl for group-556E169039F3:[6e4b8f72-2d03-4335-a109-8ce1569ec549:192.168.36.126:38179] with ContainerStateMachine:uninitialized
2019-09-25 05:19:10,842 [pool-77-thread-1] INFO  server.RaftServerConfigKeys (ConfUtils.java:logGet(43)) - raft.server.rpc.timeout.min = 5s (custom)
2019-09-25 05:19:10,843 [pool-77-thread-1] INFO  server.RaftServerConfigKeys (ConfUtils.java:logGet(43)) - raft.server.rpc.timeout.max = 5200ms (custom)
2019-09-25 05:19:10,843 [pool-77-thread-1] INFO  server.RaftServerConfigKeys (ConfUtils.java:logGet(43)) - raft.server.rpcslowness.timeout = 120s (custom)
2019-09-25 05:19:10,843 [pool-77-thread-1] INFO  server.RaftServerConfigKeys (ConfUtils.java:logGet(43)) - raft.server.sleep.deviation.threshold = 300 (default)
2019-09-25 05:19:10,843 [pool-77-thread-1] INFO  server.RaftServerConfigKeys (ConfUtils.java:logGet(43)) - raft.server.log.appender.install.snapshot.enabled = false (custom)
2019-09-25 05:19:10,843 [pool-77-thread-1] INFO  impl.RaftServerImpl (ServerState.java:<init>(103)) - 6e4b8f72-2d03-4335-a109-8ce1569ec549@group-556E169039F3: ConfigurationManager, init=-1: [6e4b8f72-2d03-4335-a109-8ce1569ec549:192.168.36.126:38179], old=null, confs=<EMPTY_MAP>
2019-09-25 05:19:10,844 [pool-37-thread-1] INFO  impl.RaftServerImpl (RaftServerImpl.java:<init>(95)) - a7793eff-ada5-4527-9e0b-a0fd078cd21b: new RaftServerImpl for group-0A753E062AF5:[6e4b8f72-2d03-4335-a109-8ce1569ec549:192.168.36.126:38179, a7793eff-ada5-4527-9e0b-a0fd078cd21b:192.168.36.126:36914, ece43ade-c7f6-4378-8dfa-fbe6a8ab43cf:192.168.36.126:41805] with ContainerStateMachine:uninitialized
2019-09-25 05:19:10,844 [pool-77-thread-1] INFO  server.RaftServerConfigKeys (ConfUtils.java:logGet(43)) - raft.server.storage.dir = [/workdir/hadoop-ozone/integration-test/target/test-dir/MiniOzoneClusterImpl-408040ea-8342-4e81-bd05-3c5316de8946/datanode-5/data/ratis] (custom)
2019-09-25 05:19:10,844 [pool-37-thread-1] INFO  server.RaftServerConfigKeys (ConfUtils.java:logGet(43)) - raft.server.rpc.timeout.min = 5s (custom)
2019-09-25 05:19:10,844 [pool-37-thread-1] INFO  server.RaftServerConfigKeys (ConfUtils.java:logGet(43)) - raft.server.rpc.timeout.max = 5200ms (custom)
2019-09-25 05:19:10,845 [pool-37-thread-1] INFO  server.RaftServerConfigKeys (ConfUtils.java:logGet(43)) - raft.server.rpcslowness.timeout = 120s (custom)
2019-09-25 05:19:10,845 [pool-37-thread-1] INFO  server.RaftServerConfigKeys (ConfUtils.java:logGet(43)) - raft.server.sleep.deviation.threshold = 300 (default)
2019-09-25 05:19:10,845 [pool-37-thread-1] INFO  server.RaftServerConfigKeys (ConfUtils.java:logGet(43)) - raft.server.log.appender.install.snapshot.enabled = false (custom)
2019-09-25 05:19:10,845 [pool-37-thread-1] INFO  impl.RaftServerImpl (ServerState.java:<init>(103)) - a7793eff-ada5-4527-9e0b-a0fd078cd21b@group-0A753E062AF5: ConfigurationManager, init=-1: [6e4b8f72-2d03-4335-a109-8ce1569ec549:192.168.36.126:38179, a7793eff-ada5-4527-9e0b-a0fd078cd21b:192.168.36.126:36914, ece43ade-c7f6-4378-8dfa-fbe6a8ab43cf:192.168.36.126:41805], old=null, confs=<EMPTY_MAP>
2019-09-25 05:19:10,846 [pool-37-thread-1] INFO  server.RaftServerConfigKeys (ConfUtils.java:logGet(43)) - raft.server.storage.dir = [/workdir/hadoop-ozone/integration-test/target/test-dir/MiniOzoneClusterImpl-408040ea-8342-4e81-bd05-3c5316de8946/datanode-1/data/ratis] (custom)
2019-09-25 05:19:10,871 [pool-37-thread-1] INFO  storage.RaftStorageDirectory (RaftStorageDirectory.java:analyzeStorage(246)) - The storage directory /workdir/hadoop-ozone/integration-test/target/test-dir/MiniOzoneClusterImpl-408040ea-8342-4e81-bd05-3c5316de8946/datanode-1/data/ratis/6f3a6a27-bb62-4903-984a-0a753e062af5 does not exist. Creating ...
2019-09-25 05:19:10,871 [pool-77-thread-1] INFO  storage.RaftStorageDirectory (RaftStorageDirectory.java:analyzeStorage(246)) - The storage directory /workdir/hadoop-ozone/integration-test/target/test-dir/MiniOzoneClusterImpl-408040ea-8342-4e81-bd05-3c5316de8946/datanode-5/data/ratis/81ad365a-7f98-4e65-acc1-556e169039f3 does not exist. Creating ...
2019-09-25 05:19:10,914 [pool-37-thread-1] INFO  storage.RaftStorageDirectory (RaftStorageDirectory.java:tryLock(328)) - Lock on /workdir/hadoop-ozone/integration-test/target/test-dir/MiniOzoneClusterImpl-408040ea-8342-4e81-bd05-3c5316de8946/datanode-1/data/ratis/6f3a6a27-bb62-4903-984a-0a753e062af5/in_use.lock acquired by nodename 9354@pr-hdds-2174-pqx5g-486351168
2019-09-25 05:19:10,914 [pool-57-thread-1] INFO  storage.RaftStorage (RaftStorage.java:format(72)) - Storage directory /workdir/hadoop-ozone/integration-test/target/test-dir/MiniOzoneClusterImpl-408040ea-8342-4e81-bd05-3c5316de8946/datanode-3/data/ratis/4e24fda3-bcb5-4874-966d-74fcac2063c8 has been successfully formatted.
2019-09-25 05:19:10,914 [pool-77-thread-1] INFO  storage.RaftStorageDirectory (RaftStorageDirectory.java:tryLock(328)) - Lock on /workdir/hadoop-ozone/integration-test/target/test-dir/MiniOzoneClusterImpl-408040ea-8342-4e81-bd05-3c5316de8946/datanode-5/data/ratis/81ad365a-7f98-4e65-acc1-556e169039f3/in_use.lock acquired by nodename 9354@pr-hdds-2174-pqx5g-486351168
2019-09-25 05:19:10,914 [pool-57-thread-1] INFO  ratis.ContainerStateMachine (ContainerStateMachine.java:loadSnapshot(230)) - group-74FCAC2063C8: The snapshot info is null. Setting the last applied indexto:(t:0, i:~)
2019-09-25 05:19:10,915 [pool-57-thread-1] INFO  server.RaftServerConfigKeys (ConfUtils.java:logGet(43)) - raft.server.notification.no-leader.timeout = 120s (custom)
2019-09-25 05:19:10,915 [pool-57-thread-1] INFO  server.RaftServerConfigKeys (ConfUtils.java:logGet(43)) - raft.server.log.use.memory = false (default)
2019-09-25 05:19:10,915 [pool-57-thread-1] INFO  server.RaftServerConfigKeys (ConfUtils.java:logGet(43)) - raft.server.log.purge.gap = 1000000 (custom)
2019-09-25 05:19:10,915 [pool-57-thread-1] INFO  server.RaftServerConfigKeys (ConfUtils.java:logGet(43)) - raft.server.log.appender.buffer.byte-limit = 33554432 (custom)
2019-09-25 05:19:10,916 [pool-57-thread-1] INFO  server.RaftServerConfigKeys (ConfUtils.java:logGet(43)) - raft.server.log.segment.size.max = 1048576 (custom)
2019-09-25 05:19:10,916 [pool-57-thread-1] INFO  server.RaftServerConfigKeys (ConfUtils.java:logGet(43)) - raft.server.log.segment.cache.num.max = 2 (custom)
2019-09-25 05:19:10,916 [pool-57-thread-1] INFO  segmented.SegmentedRaftLogWorker (SegmentedRaftLogWorker.java:<init>(172)) - new ece43ade-c7f6-4378-8dfa-fbe6a8ab43cf@group-74FCAC2063C8-SegmentedRaftLogWorker for RaftStorage:Storage Directory /workdir/hadoop-ozone/integration-test/target/test-dir/MiniOzoneClusterImpl-408040ea-8342-4e81-bd05-3c5316de8946/datanode-3/data/ratis/4e24fda3-bcb5-4874-966d-74fcac2063c8
2019-09-25 05:19:10,916 [pool-57-thread-1] INFO  server.RaftServerConfigKeys (ConfUtils.java:logGet(43)) - raft.server.log.queue.byte-limit = 2147483647 (custom)
2019-09-25 05:19:10,917 [pool-57-thread-1] INFO  server.RaftServerConfigKeys (ConfUtils.java:logGet(43)) - raft.server.log.queue.element-limit = 1024 (custom)
2019-09-25 05:19:10,917 [pool-57-thread-1] INFO  server.RaftServerConfigKeys (ConfUtils.java:logGet(43)) - raft.server.log.segment.size.max = 1048576 (custom)
2019-09-25 05:19:10,917 [pool-57-thread-1] INFO  server.RaftServerConfigKeys (ConfUtils.java:logGet(43)) - raft.server.log.preallocated.size = 16384 (custom)
2019-09-25 05:19:10,917 [pool-57-thread-1] INFO  server.RaftServerConfigKeys (ConfUtils.java:logGet(43)) - raft.server.log.write.buffer.size = 33554432 (custom)
2019-09-25 05:19:10,918 [pool-57-thread-1] INFO  server.RaftServerConfigKeys (ConfUtils.java:logGet(43)) - raft.server.log.force.sync.num = 128 (default)
2019-09-25 05:19:10,918 [pool-57-thread-1] INFO  server.RaftServerConfigKeys (ConfUtils.java:logGet(43)) - raft.server.log.statemachine.data.sync = true (default)
2019-09-25 05:19:10,918 [pool-57-thread-1] INFO  server.RaftServerConfigKeys (ConfUtils.java:logGet(43)) - raft.server.log.statemachine.data.sync.timeout = 10s (default)
2019-09-25 05:19:10,918 [pool-57-thread-1] INFO  server.RaftServerConfigKeys (ConfUtils.java:logGet(43)) - raft.server.log.statemachine.data.sync.timeout.retry = -1 (default)
2019-09-25 05:19:10,919 [pool-57-thread-1] INFO  server.RaftServerConfigKeys (ConfUtils.java:logGet(43)) - raft.server.log.statemachine.data.caching.enabled = true (custom)
2019-09-25 05:19:10,919 [pool-57-thread-1] INFO  segmented.SegmentedRaftLogWorker (SegmentedRaftLogWorker.java:lambda$new$0(132)) - ece43ade-c7f6-4378-8dfa-fbe6a8ab43cf@group-74FCAC2063C8-SegmentedRaftLogWorker: flushIndex: setUnconditionally 0 -> -1
2019-09-25 05:19:10,920 [pool-57-thread-1] INFO  server.RaftServerConfigKeys (ConfUtils.java:logGet(43)) - raft.server.snapshot.auto.trigger.enabled = true (custom)
2019-09-25 05:19:10,920 [pool-57-thread-1] INFO  server.RaftServerConfigKeys (ConfUtils.java:logGet(43)) - raft.server.snapshot.auto.trigger.threshold = 10000 (custom)
2019-09-25 05:19:10,920 [pool-57-thread-1] INFO  server.RaftServerConfigKeys (ConfUtils.java:logGet(43)) - raft.server.snapshot.retention.num.files = 5 (custom)
2019-09-25 05:19:10,920 [pool-57-thread-1] INFO  server.RaftServerConfigKeys (ConfUtils.java:logGet(43)) - raft.server.retrycache.expirytime = 600000ms (custom)
2019-09-25 05:19:10,926 [pool-57-thread-1] INFO  impl.RaftServerImpl (RaftServerImpl.java:start(185)) - ece43ade-c7f6-4378-8dfa-fbe6a8ab43cf@group-8C538AEF5C3F: start as a follower, conf=-1: [6e4b8f72-2d03-4335-a109-8ce1569ec549:192.168.36.126:38179, a7793eff-ada5-4527-9e0b-a0fd078cd21b:192.168.36.126:36914, ece43ade-c7f6-4378-8dfa-fbe6a8ab43cf:192.168.36.126:41805], old=null
2019-09-25 05:19:10,926 [pool-57-thread-1] INFO  impl.RaftServerImpl (RaftServerImpl.java:setRole(174)) - ece43ade-c7f6-4378-8dfa-fbe6a8ab43cf@group-8C538AEF5C3F: changes role from      null to FOLLOWER at term 0 for startAsFollower
2019-09-25 05:19:10,926 [pool-57-thread-1] INFO  impl.RoleInfo (RoleInfo.java:updateAndGet(143)) - ece43ade-c7f6-4378-8dfa-fbe6a8ab43cf: start FollowerState
2019-09-25 05:19:10,927 [pool-57-thread-1] INFO  util.JmxRegister (JmxRegister.java:tryRegister(44)) - Successfully registered JMX Bean with object name Ratis:service=RaftServer,group=group-8C538AEF5C3F,id=ece43ade-c7f6-4378-8dfa-fbe6a8ab43cf
2019-09-25 05:19:10,931 [pool-57-thread-1] INFO  impl.RaftServerImpl (RaftServerImpl.java:<init>(95)) - ece43ade-c7f6-4378-8dfa-fbe6a8ab43cf: new RaftServerImpl for group-0A753E062AF5:[6e4b8f72-2d03-4335-a109-8ce1569ec549:192.168.36.126:38179, a7793eff-ada5-4527-9e0b-a0fd078cd21b:192.168.36.126:36914, ece43ade-c7f6-4378-8dfa-fbe6a8ab43cf:192.168.36.126:41805] with ContainerStateMachine:uninitialized
2019-09-25 05:19:10,931 [pool-57-thread-1] INFO  server.RaftServerConfigKeys (ConfUtils.java:logGet(43)) - raft.server.rpc.timeout.min = 5s (custom)
2019-09-25 05:19:10,931 [pool-57-thread-1] INFO  server.RaftServerConfigKeys (ConfUtils.java:logGet(43)) - raft.server.rpc.timeout.max = 5200ms (custom)
2019-09-25 05:19:10,931 [pool-57-thread-1] INFO  server.RaftServerConfigKeys (ConfUtils.java:logGet(43)) - raft.server.rpcslowness.timeout = 120s (custom)
2019-09-25 05:19:10,932 [pool-57-thread-1] INFO  server.RaftServerConfigKeys (ConfUtils.java:logGet(43)) - raft.server.sleep.deviation.threshold = 300 (default)
2019-09-25 05:19:10,932 [pool-57-thread-1] INFO  server.RaftServerConfigKeys (ConfUtils.java:logGet(43)) - raft.server.log.appender.install.snapshot.enabled = false (custom)
2019-09-25 05:19:10,932 [pool-57-thread-1] INFO  impl.RaftServerImpl (ServerState.java:<init>(103)) - ece43ade-c7f6-4378-8dfa-fbe6a8ab43cf@group-0A753E062AF5: ConfigurationManager, init=-1: [6e4b8f72-2d03-4335-a109-8ce1569ec549:192.168.36.126:38179, a7793eff-ada5-4527-9e0b-a0fd078cd21b:192.168.36.126:36914, ece43ade-c7f6-4378-8dfa-fbe6a8ab43cf:192.168.36.126:41805], old=null, confs=<EMPTY_MAP>
2019-09-25 05:19:10,932 [pool-57-thread-1] INFO  server.RaftServerConfigKeys (ConfUtils.java:logGet(43)) - raft.server.storage.dir = [/workdir/hadoop-ozone/integration-test/target/test-dir/MiniOzoneClusterImpl-408040ea-8342-4e81-bd05-3c5316de8946/datanode-3/data/ratis] (custom)
2019-09-25 05:19:10,933 [pool-57-thread-1] INFO  storage.RaftStorageDirectory (RaftStorageDirectory.java:analyzeStorage(246)) - The storage directory /workdir/hadoop-ozone/integration-test/target/test-dir/MiniOzoneClusterImpl-408040ea-8342-4e81-bd05-3c5316de8946/datanode-3/data/ratis/6f3a6a27-bb62-4903-984a-0a753e062af5 does not exist. Creating ...
2019-09-25 05:19:10,933 [pool-37-thread-1] INFO  storage.RaftStorage (RaftStorage.java:format(72)) - Storage directory /workdir/hadoop-ozone/integration-test/target/test-dir/MiniOzoneClusterImpl-408040ea-8342-4e81-bd05-3c5316de8946/datanode-1/data/ratis/6f3a6a27-bb62-4903-984a-0a753e062af5 has been successfully formatted.
2019-09-25 05:19:10,933 [pool-77-thread-1] INFO  storage.RaftStorage (RaftStorage.java:format(72)) - Storage directory /workdir/hadoop-ozone/integration-test/target/test-dir/MiniOzoneClusterImpl-408040ea-8342-4e81-bd05-3c5316de8946/datanode-5/data/ratis/81ad365a-7f98-4e65-acc1-556e169039f3 has been successfully formatted.
2019-09-25 05:19:10,934 [pool-37-thread-1] INFO  ratis.ContainerStateMachine (ContainerStateMachine.java:loadSnapshot(230)) - group-0A753E062AF5: The snapshot info is null. Setting the last applied indexto:(t:0, i:~)
2019-09-25 05:19:10,934 [pool-77-thread-1] INFO  ratis.ContainerStateMachine (ContainerStateMachine.java:loadSnapshot(230)) - group-556E169039F3: The snapshot info is null. Setting the last applied indexto:(t:0, i:~)
2019-09-25 05:19:10,934 [pool-37-thread-1] INFO  server.RaftServerConfigKeys (ConfUtils.java:logGet(43)) - raft.server.notification.no-leader.timeout = 120s (custom)
2019-09-25 05:19:10,934 [pool-77-thread-1] INFO  server.RaftServerConfigKeys (ConfUtils.java:logGet(43)) - raft.server.notification.no-leader.timeout = 120s (custom)
2019-09-25 05:19:10,934 [pool-37-thread-1] INFO  server.RaftServerConfigKeys (ConfUtils.java:logGet(43)) - raft.server.log.use.memory = false (default)
2019-09-25 05:19:10,935 [pool-77-thread-1] INFO  server.RaftServerConfigKeys (ConfUtils.java:logGet(43)) - raft.server.log.use.memory = false (default)
2019-09-25 05:19:10,935 [pool-37-thread-1] INFO  server.RaftServerConfigKeys (ConfUtils.java:logGet(43)) - raft.server.log.purge.gap = 1000000 (custom)
2019-09-25 05:19:10,935 [pool-77-thread-1] INFO  server.RaftServerConfigKeys (ConfUtils.java:logGet(43)) - raft.server.log.purge.gap = 1000000 (custom)
2019-09-25 05:19:10,935 [pool-37-thread-1] INFO  server.RaftServerConfigKeys (ConfUtils.java:logGet(43)) - raft.server.log.appender.buffer.byte-limit = 33554432 (custom)
2019-09-25 05:19:10,935 [pool-77-thread-1] INFO  server.RaftServerConfigKeys (ConfUtils.java:logGet(43)) - raft.server.log.appender.buffer.byte-limit = 33554432 (custom)
2019-09-25 05:19:10,936 [pool-37-thread-1] INFO  server.RaftServerConfigKeys (ConfUtils.java:logGet(43)) - raft.server.log.segment.size.max = 1048576 (custom)
2019-09-25 05:19:10,936 [pool-77-thread-1] INFO  server.RaftServerConfigKeys (ConfUtils.java:logGet(43)) - raft.server.log.segment.size.max = 1048576 (custom)
2019-09-25 05:19:10,936 [pool-37-thread-1] INFO  server.RaftServerConfigKeys (ConfUtils.java:logGet(43)) - raft.server.log.segment.cache.num.max = 2 (custom)
2019-09-25 05:19:10,936 [pool-77-thread-1] INFO  server.RaftServerConfigKeys (ConfUtils.java:logGet(43)) - raft.server.log.segment.cache.num.max = 2 (custom)
2019-09-25 05:19:10,936 [pool-37-thread-1] INFO  segmented.SegmentedRaftLogWorker (SegmentedRaftLogWorker.java:<init>(172)) - new a7793eff-ada5-4527-9e0b-a0fd078cd21b@group-0A753E062AF5-SegmentedRaftLogWorker for RaftStorage:Storage Directory /workdir/hadoop-ozone/integration-test/target/test-dir/MiniOzoneClusterImpl-408040ea-8342-4e81-bd05-3c5316de8946/datanode-1/data/ratis/6f3a6a27-bb62-4903-984a-0a753e062af5
2019-09-25 05:19:10,936 [pool-77-thread-1] INFO  segmented.SegmentedRaftLogWorker (SegmentedRaftLogWorker.java:<init>(172)) - new 6e4b8f72-2d03-4335-a109-8ce1569ec549@group-556E169039F3-SegmentedRaftLogWorker for RaftStorage:Storage Directory /workdir/hadoop-ozone/integration-test/target/test-dir/MiniOzoneClusterImpl-408040ea-8342-4e81-bd05-3c5316de8946/datanode-5/data/ratis/81ad365a-7f98-4e65-acc1-556e169039f3
2019-09-25 05:19:10,937 [pool-37-thread-1] INFO  server.RaftServerConfigKeys (ConfUtils.java:logGet(43)) - raft.server.log.queue.byte-limit = 2147483647 (custom)
2019-09-25 05:19:10,937 [pool-77-thread-1] INFO  server.RaftServerConfigKeys (ConfUtils.java:logGet(43)) - raft.server.log.queue.byte-limit = 2147483647 (custom)
2019-09-25 05:19:10,937 [pool-37-thread-1] INFO  server.RaftServerConfigKeys (ConfUtils.java:logGet(43)) - raft.server.log.queue.element-limit = 1024 (custom)
2019-09-25 05:19:10,937 [pool-77-thread-1] INFO  server.RaftServerConfigKeys (ConfUtils.java:logGet(43)) - raft.server.log.queue.element-limit = 1024 (custom)
2019-09-25 05:19:10,937 [pool-37-thread-1] INFO  server.RaftServerConfigKeys (ConfUtils.java:logGet(43)) - raft.server.log.segment.size.max = 1048576 (custom)
2019-09-25 05:19:10,937 [pool-77-thread-1] INFO  server.RaftServerConfigKeys (ConfUtils.java:logGet(43)) - raft.server.log.segment.size.max = 1048576 (custom)
2019-09-25 05:19:10,938 [pool-37-thread-1] INFO  server.RaftServerConfigKeys (ConfUtils.java:logGet(43)) - raft.server.log.preallocated.size = 16384 (custom)
2019-09-25 05:19:10,938 [pool-77-thread-1] INFO  server.RaftServerConfigKeys (ConfUtils.java:logGet(43)) - raft.server.log.preallocated.size = 16384 (custom)
2019-09-25 05:19:10,938 [pool-37-thread-1] INFO  server.RaftServerConfigKeys (ConfUtils.java:logGet(43)) - raft.server.log.write.buffer.size = 33554432 (custom)
2019-09-25 05:19:10,938 [pool-77-thread-1] INFO  server.RaftServerConfigKeys (ConfUtils.java:logGet(43)) - raft.server.log.write.buffer.size = 33554432 (custom)
2019-09-25 05:19:10,938 [pool-37-thread-1] INFO  server.RaftServerConfigKeys (ConfUtils.java:logGet(43)) - raft.server.log.force.sync.num = 128 (default)
2019-09-25 05:19:10,938 [pool-77-thread-1] INFO  server.RaftServerConfigKeys (ConfUtils.java:logGet(43)) - raft.server.log.force.sync.num = 128 (default)
2019-09-25 05:19:10,939 [pool-37-thread-1] INFO  server.RaftServerConfigKeys (ConfUtils.java:logGet(43)) - raft.server.log.statemachine.data.sync = true (default)
2019-09-25 05:19:10,939 [pool-77-thread-1] INFO  server.RaftServerConfigKeys (ConfUtils.java:logGet(43)) - raft.server.log.statemachine.data.sync = true (default)
2019-09-25 05:19:10,939 [pool-37-thread-1] INFO  server.RaftServerConfigKeys (ConfUtils.java:logGet(43)) - raft.server.log.statemachine.data.sync.timeout = 10s (default)
2019-09-25 05:19:10,939 [pool-77-thread-1] INFO  server.RaftServerConfigKeys (ConfUtils.java:logGet(43)) - raft.server.log.statemachine.data.sync.timeout = 10s (default)
2019-09-25 05:19:10,939 [pool-37-thread-1] INFO  server.RaftServerConfigKeys (ConfUtils.java:logGet(43)) - raft.server.log.statemachine.data.sync.timeout.retry = -1 (default)
2019-09-25 05:19:10,939 [pool-77-thread-1] INFO  server.RaftServerConfigKeys (ConfUtils.java:logGet(43)) - raft.server.log.statemachine.data.sync.timeout.retry = -1 (default)
2019-09-25 05:19:10,940 [pool-37-thread-1] INFO  server.RaftServerConfigKeys (ConfUtils.java:logGet(43)) - raft.server.log.statemachine.data.caching.enabled = true (custom)
2019-09-25 05:19:10,940 [pool-77-thread-1] INFO  server.RaftServerConfigKeys (ConfUtils.java:logGet(43)) - raft.server.log.statemachine.data.caching.enabled = true (custom)
2019-09-25 05:19:10,951 [pool-37-thread-1] INFO  segmented.SegmentedRaftLogWorker (SegmentedRaftLogWorker.java:lambda$new$0(132)) - a7793eff-ada5-4527-9e0b-a0fd078cd21b@group-0A753E062AF5-SegmentedRaftLogWorker: flushIndex: setUnconditionally 0 -> -1
2019-09-25 05:19:10,951 [pool-77-thread-1] INFO  segmented.SegmentedRaftLogWorker (SegmentedRaftLogWorker.java:lambda$new$0(132)) - 6e4b8f72-2d03-4335-a109-8ce1569ec549@group-556E169039F3-SegmentedRaftLogWorker: flushIndex: setUnconditionally 0 -> -1
2019-09-25 05:19:10,951 [pool-37-thread-1] INFO  server.RaftServerConfigKeys (ConfUtils.java:logGet(43)) - raft.server.snapshot.auto.trigger.enabled = true (custom)
2019-09-25 05:19:10,951 [pool-77-thread-1] INFO  server.RaftServerConfigKeys (ConfUtils.java:logGet(43)) - raft.server.snapshot.auto.trigger.enabled = true (custom)
2019-09-25 05:19:10,951 [pool-57-thread-1] INFO  storage.RaftStorageDirectory (RaftStorageDirectory.java:tryLock(328)) - Lock on /workdir/hadoop-ozone/integration-test/target/test-dir/MiniOzoneClusterImpl-408040ea-8342-4e81-bd05-3c5316de8946/datanode-3/data/ratis/6f3a6a27-bb62-4903-984a-0a753e062af5/in_use.lock acquired by nodename 9354@pr-hdds-2174-pqx5g-486351168
2019-09-25 05:19:10,952 [pool-77-thread-1] INFO  server.RaftServerConfigKeys (ConfUtils.java:logGet(43)) - raft.server.snapshot.auto.trigger.threshold = 10000 (custom)
2019-09-25 05:19:10,952 [pool-37-thread-1] INFO  server.RaftServerConfigKeys (ConfUtils.java:logGet(43)) - raft.server.snapshot.auto.trigger.threshold = 10000 (custom)
2019-09-25 05:19:10,952 [pool-77-thread-1] INFO  server.RaftServerConfigKeys (ConfUtils.java:logGet(43)) - raft.server.snapshot.retention.num.files = 5 (custom)
2019-09-25 05:19:10,952 [pool-37-thread-1] INFO  server.RaftServerConfigKeys (ConfUtils.java:logGet(43)) - raft.server.snapshot.retention.num.files = 5 (custom)
2019-09-25 05:19:10,953 [pool-77-thread-1] INFO  server.RaftServerConfigKeys (ConfUtils.java:logGet(43)) - raft.server.retrycache.expirytime = 600000ms (custom)
2019-09-25 05:19:10,953 [pool-37-thread-1] INFO  server.RaftServerConfigKeys (ConfUtils.java:logGet(43)) - raft.server.retrycache.expirytime = 600000ms (custom)
2019-09-25 05:19:10,959 [pool-37-thread-1] INFO  impl.RaftServerImpl (RaftServerImpl.java:start(185)) - a7793eff-ada5-4527-9e0b-a0fd078cd21b@group-74FCAC2063C8: start as a follower, conf=-1: [6e4b8f72-2d03-4335-a109-8ce1569ec549:192.168.36.126:38179, a7793eff-ada5-4527-9e0b-a0fd078cd21b:192.168.36.126:36914, ece43ade-c7f6-4378-8dfa-fbe6a8ab43cf:192.168.36.126:41805], old=null
2019-09-25 05:19:10,959 [pool-37-thread-1] INFO  impl.RaftServerImpl (RaftServerImpl.java:setRole(174)) - a7793eff-ada5-4527-9e0b-a0fd078cd21b@group-74FCAC2063C8: changes role from      null to FOLLOWER at term 0 for startAsFollower
2019-09-25 05:19:10,959 [pool-37-thread-1] INFO  impl.RoleInfo (RoleInfo.java:updateAndGet(143)) - a7793eff-ada5-4527-9e0b-a0fd078cd21b: start FollowerState
2019-09-25 05:19:10,960 [pool-37-thread-1] INFO  util.JmxRegister (JmxRegister.java:tryRegister(44)) - Successfully registered JMX Bean with object name Ratis:service=RaftServer,group=group-74FCAC2063C8,id=a7793eff-ada5-4527-9e0b-a0fd078cd21b
2019-09-25 05:19:10,960 [pool-37-thread-1] INFO  impl.RaftServerImpl (RaftServerImpl.java:start(185)) - a7793eff-ada5-4527-9e0b-a0fd078cd21b@group-0A753E062AF5: start as a follower, conf=-1: [6e4b8f72-2d03-4335-a109-8ce1569ec549:192.168.36.126:38179, a7793eff-ada5-4527-9e0b-a0fd078cd21b:192.168.36.126:36914, ece43ade-c7f6-4378-8dfa-fbe6a8ab43cf:192.168.36.126:41805], old=null
2019-09-25 05:19:10,960 [pool-37-thread-1] INFO  impl.RaftServerImpl (RaftServerImpl.java:setRole(174)) - a7793eff-ada5-4527-9e0b-a0fd078cd21b@group-0A753E062AF5: changes role from      null to FOLLOWER at term 0 for startAsFollower
2019-09-25 05:19:10,961 [pool-37-thread-1] INFO  impl.RoleInfo (RoleInfo.java:updateAndGet(143)) - a7793eff-ada5-4527-9e0b-a0fd078cd21b: start FollowerState
2019-09-25 05:19:10,961 [pool-77-thread-1] INFO  impl.RaftServerImpl (RaftServerImpl.java:<init>(95)) - 6e4b8f72-2d03-4335-a109-8ce1569ec549: new RaftServerImpl for group-0A753E062AF5:[6e4b8f72-2d03-4335-a109-8ce1569ec549:192.168.36.126:38179, a7793eff-ada5-4527-9e0b-a0fd078cd21b:192.168.36.126:36914, ece43ade-c7f6-4378-8dfa-fbe6a8ab43cf:192.168.36.126:41805] with ContainerStateMachine:uninitialized
2019-09-25 05:19:10,961 [pool-77-thread-1] INFO  server.RaftServerConfigKeys (ConfUtils.java:logGet(43)) - raft.server.rpc.timeout.min = 5s (custom)
2019-09-25 05:19:10,961 [pool-37-thread-1] INFO  util.JmxRegister (JmxRegister.java:tryRegister(44)) - Successfully registered JMX Bean with object name Ratis:service=RaftServer,group=group-0A753E062AF5,id=a7793eff-ada5-4527-9e0b-a0fd078cd21b
2019-09-25 05:19:10,961 [pool-77-thread-1] INFO  server.RaftServerConfigKeys (ConfUtils.java:logGet(43)) - raft.server.rpc.timeout.max = 5200ms (custom)
2019-09-25 05:19:10,961 [pool-77-thread-1] INFO  server.RaftServerConfigKeys (ConfUtils.java:logGet(43)) - raft.server.rpcslowness.timeout = 120s (custom)
2019-09-25 05:19:10,962 [pool-77-thread-1] INFO  server.RaftServerConfigKeys (ConfUtils.java:logGet(43)) - raft.server.sleep.deviation.threshold = 300 (default)
2019-09-25 05:19:10,962 [pool-77-thread-1] INFO  server.RaftServerConfigKeys (ConfUtils.java:logGet(43)) - raft.server.log.appender.install.snapshot.enabled = false (custom)
2019-09-25 05:19:10,962 [pool-77-thread-1] INFO  impl.RaftServerImpl (ServerState.java:<init>(103)) - 6e4b8f72-2d03-4335-a109-8ce1569ec549@group-0A753E062AF5: ConfigurationManager, init=-1: [6e4b8f72-2d03-4335-a109-8ce1569ec549:192.168.36.126:38179, a7793eff-ada5-4527-9e0b-a0fd078cd21b:192.168.36.126:36914, ece43ade-c7f6-4378-8dfa-fbe6a8ab43cf:192.168.36.126:41805], old=null, confs=<EMPTY_MAP>
2019-09-25 05:19:10,962 [pool-77-thread-1] INFO  server.RaftServerConfigKeys (ConfUtils.java:logGet(43)) - raft.server.storage.dir = [/workdir/hadoop-ozone/integration-test/target/test-dir/MiniOzoneClusterImpl-408040ea-8342-4e81-bd05-3c5316de8946/datanode-5/data/ratis] (custom)
2019-09-25 05:19:10,963 [pool-77-thread-1] INFO  storage.RaftStorageDirectory (RaftStorageDirectory.java:analyzeStorage(246)) - The storage directory /workdir/hadoop-ozone/integration-test/target/test-dir/MiniOzoneClusterImpl-408040ea-8342-4e81-bd05-3c5316de8946/datanode-5/data/ratis/6f3a6a27-bb62-4903-984a-0a753e062af5 does not exist. Creating ...
2019-09-25 05:19:10,972 [pool-57-thread-1] INFO  storage.RaftStorage (RaftStorage.java:format(72)) - Storage directory /workdir/hadoop-ozone/integration-test/target/test-dir/MiniOzoneClusterImpl-408040ea-8342-4e81-bd05-3c5316de8946/datanode-3/data/ratis/6f3a6a27-bb62-4903-984a-0a753e062af5 has been successfully formatted.
2019-09-25 05:19:10,974 [pool-57-thread-1] INFO  ratis.ContainerStateMachine (ContainerStateMachine.java:loadSnapshot(230)) - group-0A753E062AF5: The snapshot info is null. Setting the last applied indexto:(t:0, i:~)
2019-09-25 05:19:10,974 [pool-57-thread-1] INFO  server.RaftServerConfigKeys (ConfUtils.java:logGet(43)) - raft.server.notification.no-leader.timeout = 120s (custom)
2019-09-25 05:19:10,975 [pool-57-thread-1] INFO  server.RaftServerConfigKeys (ConfUtils.java:logGet(43)) - raft.server.log.use.memory = false (default)
2019-09-25 05:19:10,975 [pool-57-thread-1] INFO  server.RaftServerConfigKeys (ConfUtils.java:logGet(43)) - raft.server.log.purge.gap = 1000000 (custom)
2019-09-25 05:19:10,975 [pool-57-thread-1] INFO  server.RaftServerConfigKeys (ConfUtils.java:logGet(43)) - raft.server.log.appender.buffer.byte-limit = 33554432 (custom)
2019-09-25 05:19:10,975 [pool-57-thread-1] INFO  server.RaftServerConfigKeys (ConfUtils.java:logGet(43)) - raft.server.log.segment.size.max = 1048576 (custom)
2019-09-25 05:19:10,976 [pool-57-thread-1] INFO  server.RaftServerConfigKeys (ConfUtils.java:logGet(43)) - raft.server.log.segment.cache.num.max = 2 (custom)
2019-09-25 05:19:10,976 [pool-57-thread-1] INFO  segmented.SegmentedRaftLogWorker (SegmentedRaftLogWorker.java:<init>(172)) - new ece43ade-c7f6-4378-8dfa-fbe6a8ab43cf@group-0A753E062AF5-SegmentedRaftLogWorker for RaftStorage:Storage Directory /workdir/hadoop-ozone/integration-test/target/test-dir/MiniOzoneClusterImpl-408040ea-8342-4e81-bd05-3c5316de8946/datanode-3/data/ratis/6f3a6a27-bb62-4903-984a-0a753e062af5
2019-09-25 05:19:10,976 [pool-57-thread-1] INFO  server.RaftServerConfigKeys (ConfUtils.java:logGet(43)) - raft.server.log.queue.byte-limit = 2147483647 (custom)
2019-09-25 05:19:10,976 [pool-57-thread-1] INFO  server.RaftServerConfigKeys (ConfUtils.java:logGet(43)) - raft.server.log.queue.element-limit = 1024 (custom)
2019-09-25 05:19:10,977 [pool-57-thread-1] INFO  server.RaftServerConfigKeys (ConfUtils.java:logGet(43)) - raft.server.log.segment.size.max = 1048576 (custom)
2019-09-25 05:19:10,977 [pool-57-thread-1] INFO  server.RaftServerConfigKeys (ConfUtils.java:logGet(43)) - raft.server.log.preallocated.size = 16384 (custom)
2019-09-25 05:19:10,977 [pool-57-thread-1] INFO  server.RaftServerConfigKeys (ConfUtils.java:logGet(43)) - raft.server.log.write.buffer.size = 33554432 (custom)
2019-09-25 05:19:10,977 [pool-57-thread-1] INFO  server.RaftServerConfigKeys (ConfUtils.java:logGet(43)) - raft.server.log.force.sync.num = 128 (default)
2019-09-25 05:19:10,977 [pool-57-thread-1] INFO  server.RaftServerConfigKeys (ConfUtils.java:logGet(43)) - raft.server.log.statemachine.data.sync = true (default)
2019-09-25 05:19:10,978 [pool-57-thread-1] INFO  server.RaftServerConfigKeys (ConfUtils.java:logGet(43)) - raft.server.log.statemachine.data.sync.timeout = 10s (default)
2019-09-25 05:19:10,978 [pool-57-thread-1] INFO  server.RaftServerConfigKeys (ConfUtils.java:logGet(43)) - raft.server.log.statemachine.data.sync.timeout.retry = -1 (default)
2019-09-25 05:19:10,978 [pool-57-thread-1] INFO  server.RaftServerConfigKeys (ConfUtils.java:logGet(43)) - raft.server.log.statemachine.data.caching.enabled = true (custom)
2019-09-25 05:19:10,979 [pool-57-thread-1] INFO  segmented.SegmentedRaftLogWorker (SegmentedRaftLogWorker.java:lambda$new$0(132)) - ece43ade-c7f6-4378-8dfa-fbe6a8ab43cf@group-0A753E062AF5-SegmentedRaftLogWorker: flushIndex: setUnconditionally 0 -> -1
2019-09-25 05:19:10,979 [pool-57-thread-1] INFO  server.RaftServerConfigKeys (ConfUtils.java:logGet(43)) - raft.server.snapshot.auto.trigger.enabled = true (custom)
2019-09-25 05:19:10,979 [pool-57-thread-1] INFO  server.RaftServerConfigKeys (ConfUtils.java:logGet(43)) - raft.server.snapshot.auto.trigger.threshold = 10000 (custom)
2019-09-25 05:19:10,979 [pool-57-thread-1] INFO  server.RaftServerConfigKeys (ConfUtils.java:logGet(43)) - raft.server.snapshot.retention.num.files = 5 (custom)
2019-09-25 05:19:10,980 [pool-57-thread-1] INFO  server.RaftServerConfigKeys (ConfUtils.java:logGet(43)) - raft.server.retrycache.expirytime = 600000ms (custom)
2019-09-25 05:19:10,985 [pool-57-thread-1] INFO  impl.RaftServerImpl (RaftServerImpl.java:start(185)) - ece43ade-c7f6-4378-8dfa-fbe6a8ab43cf@group-74FCAC2063C8: start as a follower, conf=-1: [6e4b8f72-2d03-4335-a109-8ce1569ec549:192.168.36.126:38179, a7793eff-ada5-4527-9e0b-a0fd078cd21b:192.168.36.126:36914, ece43ade-c7f6-4378-8dfa-fbe6a8ab43cf:192.168.36.126:41805], old=null
2019-09-25 05:19:10,986 [pool-57-thread-1] INFO  impl.RaftServerImpl (RaftServerImpl.java:setRole(174)) - ece43ade-c7f6-4378-8dfa-fbe6a8ab43cf@group-74FCAC2063C8: changes role from      null to FOLLOWER at term 0 for startAsFollower
2019-09-25 05:19:10,986 [pool-57-thread-1] INFO  impl.RoleInfo (RoleInfo.java:updateAndGet(143)) - ece43ade-c7f6-4378-8dfa-fbe6a8ab43cf: start FollowerState
2019-09-25 05:19:10,986 [pool-57-thread-1] INFO  util.JmxRegister (JmxRegister.java:tryRegister(44)) - Successfully registered JMX Bean with object name Ratis:service=RaftServer,group=group-74FCAC2063C8,id=ece43ade-c7f6-4378-8dfa-fbe6a8ab43cf
2019-09-25 05:19:10,987 [pool-57-thread-1] INFO  impl.RaftServerImpl (RaftServerImpl.java:start(185)) - ece43ade-c7f6-4378-8dfa-fbe6a8ab43cf@group-0A753E062AF5: start as a follower, conf=-1: [6e4b8f72-2d03-4335-a109-8ce1569ec549:192.168.36.126:38179, a7793eff-ada5-4527-9e0b-a0fd078cd21b:192.168.36.126:36914, ece43ade-c7f6-4378-8dfa-fbe6a8ab43cf:192.168.36.126:41805], old=null
2019-09-25 05:19:10,987 [pool-57-thread-1] INFO  impl.RaftServerImpl (RaftServerImpl.java:setRole(174)) - ece43ade-c7f6-4378-8dfa-fbe6a8ab43cf@group-0A753E062AF5: changes role from      null to FOLLOWER at term 0 for startAsFollower
2019-09-25 05:19:10,988 [pool-57-thread-1] INFO  impl.RoleInfo (RoleInfo.java:updateAndGet(143)) - ece43ade-c7f6-4378-8dfa-fbe6a8ab43cf: start FollowerState
2019-09-25 05:19:10,988 [pool-57-thread-1] INFO  util.JmxRegister (JmxRegister.java:tryRegister(44)) - Successfully registered JMX Bean with object name Ratis:service=RaftServer,group=group-0A753E062AF5,id=ece43ade-c7f6-4378-8dfa-fbe6a8ab43cf
2019-09-25 05:19:11,009 [pool-77-thread-1] INFO  storage.RaftStorageDirectory (RaftStorageDirectory.java:tryLock(328)) - Lock on /workdir/hadoop-ozone/integration-test/target/test-dir/MiniOzoneClusterImpl-408040ea-8342-4e81-bd05-3c5316de8946/datanode-5/data/ratis/6f3a6a27-bb62-4903-984a-0a753e062af5/in_use.lock acquired by nodename 9354@pr-hdds-2174-pqx5g-486351168
2019-09-25 05:19:11,034 [pool-77-thread-1] INFO  storage.RaftStorage (RaftStorage.java:format(72)) - Storage directory /workdir/hadoop-ozone/integration-test/target/test-dir/MiniOzoneClusterImpl-408040ea-8342-4e81-bd05-3c5316de8946/datanode-5/data/ratis/6f3a6a27-bb62-4903-984a-0a753e062af5 has been successfully formatted.
2019-09-25 05:19:11,035 [pool-77-thread-1] INFO  ratis.ContainerStateMachine (ContainerStateMachine.java:loadSnapshot(230)) - group-0A753E062AF5: The snapshot info is null. Setting the last applied indexto:(t:0, i:~)
2019-09-25 05:19:11,035 [pool-77-thread-1] INFO  server.RaftServerConfigKeys (ConfUtils.java:logGet(43)) - raft.server.notification.no-leader.timeout = 120s (custom)
2019-09-25 05:19:11,035 [pool-77-thread-1] INFO  server.RaftServerConfigKeys (ConfUtils.java:logGet(43)) - raft.server.log.use.memory = false (default)
2019-09-25 05:19:11,035 [pool-77-thread-1] INFO  server.RaftServerConfigKeys (ConfUtils.java:logGet(43)) - raft.server.log.purge.gap = 1000000 (custom)
2019-09-25 05:19:11,036 [pool-77-thread-1] INFO  server.RaftServerConfigKeys (ConfUtils.java:logGet(43)) - raft.server.log.appender.buffer.byte-limit = 33554432 (custom)
2019-09-25 05:19:11,036 [pool-77-thread-1] INFO  server.RaftServerConfigKeys (ConfUtils.java:logGet(43)) - raft.server.log.segment.size.max = 1048576 (custom)
2019-09-25 05:19:11,036 [pool-77-thread-1] INFO  server.RaftServerConfigKeys (ConfUtils.java:logGet(43)) - raft.server.log.segment.cache.num.max = 2 (custom)
2019-09-25 05:19:11,037 [pool-77-thread-1] INFO  segmented.SegmentedRaftLogWorker (SegmentedRaftLogWorker.java:<init>(172)) - new 6e4b8f72-2d03-4335-a109-8ce1569ec549@group-0A753E062AF5-SegmentedRaftLogWorker for RaftStorage:Storage Directory /workdir/hadoop-ozone/integration-test/target/test-dir/MiniOzoneClusterImpl-408040ea-8342-4e81-bd05-3c5316de8946/datanode-5/data/ratis/6f3a6a27-bb62-4903-984a-0a753e062af5
2019-09-25 05:19:11,037 [pool-77-thread-1] INFO  server.RaftServerConfigKeys (ConfUtils.java:logGet(43)) - raft.server.log.queue.byte-limit = 2147483647 (custom)
2019-09-25 05:19:11,037 [pool-77-thread-1] INFO  server.RaftServerConfigKeys (ConfUtils.java:logGet(43)) - raft.server.log.queue.element-limit = 1024 (custom)
2019-09-25 05:19:11,037 [pool-77-thread-1] INFO  server.RaftServerConfigKeys (ConfUtils.java:logGet(43)) - raft.server.log.segment.size.max = 1048576 (custom)
2019-09-25 05:19:11,038 [pool-77-thread-1] INFO  server.RaftServerConfigKeys (ConfUtils.java:logGet(43)) - raft.server.log.preallocated.size = 16384 (custom)
2019-09-25 05:19:11,038 [pool-77-thread-1] INFO  server.RaftServerConfigKeys (ConfUtils.java:logGet(43)) - raft.server.log.write.buffer.size = 33554432 (custom)
2019-09-25 05:19:11,038 [pool-77-thread-1] INFO  server.RaftServerConfigKeys (ConfUtils.java:logGet(43)) - raft.server.log.force.sync.num = 128 (default)
2019-09-25 05:19:11,038 [pool-77-thread-1] INFO  server.RaftServerConfigKeys (ConfUtils.java:logGet(43)) - raft.server.log.statemachine.data.sync = true (default)
2019-09-25 05:19:11,039 [pool-77-thread-1] INFO  server.RaftServerConfigKeys (ConfUtils.java:logGet(43)) - raft.server.log.statemachine.data.sync.timeout = 10s (default)
2019-09-25 05:19:11,039 [pool-77-thread-1] INFO  server.RaftServerConfigKeys (ConfUtils.java:logGet(43)) - raft.server.log.statemachine.data.sync.timeout.retry = -1 (default)
2019-09-25 05:19:11,039 [pool-77-thread-1] INFO  server.RaftServerConfigKeys (ConfUtils.java:logGet(43)) - raft.server.log.statemachine.data.caching.enabled = true (custom)
2019-09-25 05:19:11,040 [pool-77-thread-1] INFO  segmented.SegmentedRaftLogWorker (SegmentedRaftLogWorker.java:lambda$new$0(132)) - 6e4b8f72-2d03-4335-a109-8ce1569ec549@group-0A753E062AF5-SegmentedRaftLogWorker: flushIndex: setUnconditionally 0 -> -1
2019-09-25 05:19:11,041 [pool-77-thread-1] INFO  server.RaftServerConfigKeys (ConfUtils.java:logGet(43)) - raft.server.snapshot.auto.trigger.enabled = true (custom)
2019-09-25 05:19:11,041 [pool-77-thread-1] INFO  server.RaftServerConfigKeys (ConfUtils.java:logGet(43)) - raft.server.snapshot.auto.trigger.threshold = 10000 (custom)
2019-09-25 05:19:11,041 [pool-77-thread-1] INFO  server.RaftServerConfigKeys (ConfUtils.java:logGet(43)) - raft.server.snapshot.retention.num.files = 5 (custom)
2019-09-25 05:19:11,041 [pool-77-thread-1] INFO  server.RaftServerConfigKeys (ConfUtils.java:logGet(43)) - raft.server.retrycache.expirytime = 600000ms (custom)
2019-09-25 05:19:11,051 [pool-77-thread-1] INFO  impl.RaftServerImpl (RaftServerImpl.java:start(185)) - 6e4b8f72-2d03-4335-a109-8ce1569ec549@group-74FCAC2063C8: start as a follower, conf=-1: [6e4b8f72-2d03-4335-a109-8ce1569ec549:192.168.36.126:38179, a7793eff-ada5-4527-9e0b-a0fd078cd21b:192.168.36.126:36914, ece43ade-c7f6-4378-8dfa-fbe6a8ab43cf:192.168.36.126:41805], old=null
2019-09-25 05:19:11,051 [pool-77-thread-1] INFO  impl.RaftServerImpl (RaftServerImpl.java:setRole(174)) - 6e4b8f72-2d03-4335-a109-8ce1569ec549@group-74FCAC2063C8: changes role from      null to FOLLOWER at term 0 for startAsFollower
2019-09-25 05:19:11,051 [pool-77-thread-1] INFO  impl.RoleInfo (RoleInfo.java:updateAndGet(143)) - 6e4b8f72-2d03-4335-a109-8ce1569ec549: start FollowerState
2019-09-25 05:19:11,052 [pool-77-thread-1] INFO  util.JmxRegister (JmxRegister.java:tryRegister(44)) - Successfully registered JMX Bean with object name Ratis:service=RaftServer,group=group-74FCAC2063C8,id=6e4b8f72-2d03-4335-a109-8ce1569ec549
2019-09-25 05:19:11,052 [pool-77-thread-1] INFO  impl.RaftServerImpl (RaftServerImpl.java:start(185)) - 6e4b8f72-2d03-4335-a109-8ce1569ec549@group-556E169039F3: start as a follower, conf=-1: [6e4b8f72-2d03-4335-a109-8ce1569ec549:192.168.36.126:38179], old=null
2019-09-25 05:19:11,053 [pool-77-thread-1] INFO  impl.RaftServerImpl (RaftServerImpl.java:setRole(174)) - 6e4b8f72-2d03-4335-a109-8ce1569ec549@group-556E169039F3: changes role from      null to FOLLOWER at term 0 for startAsFollower
2019-09-25 05:19:11,053 [pool-77-thread-1] INFO  impl.RoleInfo (RoleInfo.java:updateAndGet(143)) - 6e4b8f72-2d03-4335-a109-8ce1569ec549: start FollowerState
2019-09-25 05:19:11,053 [pool-77-thread-1] INFO  util.JmxRegister (JmxRegister.java:tryRegister(44)) - Successfully registered JMX Bean with object name Ratis:service=RaftServer,group=group-556E169039F3,id=6e4b8f72-2d03-4335-a109-8ce1569ec549
2019-09-25 05:19:11,054 [pool-77-thread-1] INFO  impl.RaftServerImpl (RaftServerImpl.java:start(185)) - 6e4b8f72-2d03-4335-a109-8ce1569ec549@group-0A753E062AF5: start as a follower, conf=-1: [6e4b8f72-2d03-4335-a109-8ce1569ec549:192.168.36.126:38179, a7793eff-ada5-4527-9e0b-a0fd078cd21b:192.168.36.126:36914, ece43ade-c7f6-4378-8dfa-fbe6a8ab43cf:192.168.36.126:41805], old=null
2019-09-25 05:19:11,054 [pool-77-thread-1] INFO  impl.RaftServerImpl (RaftServerImpl.java:setRole(174)) - 6e4b8f72-2d03-4335-a109-8ce1569ec549@group-0A753E062AF5: changes role from      null to FOLLOWER at term 0 for startAsFollower
2019-09-25 05:19:11,054 [pool-77-thread-1] INFO  impl.RoleInfo (RoleInfo.java:updateAndGet(143)) - 6e4b8f72-2d03-4335-a109-8ce1569ec549: start FollowerState
2019-09-25 05:19:11,055 [pool-77-thread-1] INFO  util.JmxRegister (JmxRegister.java:tryRegister(44)) - Successfully registered JMX Bean with object name Ratis:service=RaftServer,group=group-0A753E062AF5,id=6e4b8f72-2d03-4335-a109-8ce1569ec549
2019-09-25 05:19:11,078 [RatisPipelineUtilsThread] INFO  pipeline.PipelineStateManager (PipelineStateManager.java:addPipeline(56)) - Created pipeline Pipeline[ Id: 6f3a6a27-bb62-4903-984a-0a753e062af5, Nodes: 6e4b8f72-2d03-4335-a109-8ce1569ec549{ip: 192.168.36.126, host: pr-hdds-2174-pqx5g-486351168, networkLocation: /default-rack, certSerialId: null}a7793eff-ada5-4527-9e0b-a0fd078cd21b{ip: 192.168.36.126, host: pr-hdds-2174-pqx5g-486351168, networkLocation: /default-rack, certSerialId: null}ece43ade-c7f6-4378-8dfa-fbe6a8ab43cf{ip: 192.168.36.126, host: pr-hdds-2174-pqx5g-486351168, networkLocation: /default-rack, certSerialId: null}, Type:RATIS, Factor:THREE, State:OPEN]
2019-09-25 05:19:11,103 [grpc-default-executor-3] INFO  impl.RaftServerProxy (RaftServerProxy.java:addNew(89)) - dc7ea896-6e80-4fed-8727-08f73144b1fc: addNew group-E9952EC7D1B9:[8d1936ad-7e22-483e-8301-a12de2cdc2b5:192.168.36.126:34366, dc7ea896-6e80-4fed-8727-08f73144b1fc:192.168.36.126:42983, a824d2a0-4471-4a6f-a232-f84ec650292b:192.168.36.126:37611] returns group-E9952EC7D1B9:java.util.concurrent.CompletableFuture@209bcffa[Not completed]
2019-09-25 05:19:11,103 [grpc-default-executor-1] INFO  impl.RaftServerProxy (RaftServerProxy.java:addNew(89)) - 8d1936ad-7e22-483e-8301-a12de2cdc2b5: addNew group-E9952EC7D1B9:[8d1936ad-7e22-483e-8301-a12de2cdc2b5:192.168.36.126:34366, dc7ea896-6e80-4fed-8727-08f73144b1fc:192.168.36.126:42983, a824d2a0-4471-4a6f-a232-f84ec650292b:192.168.36.126:37611] returns group-E9952EC7D1B9:java.util.concurrent.CompletableFuture@31a41bcc[Not completed]
2019-09-25 05:19:11,106 [grpc-default-executor-2] INFO  impl.RaftServerProxy (RaftServerProxy.java:addNew(89)) - a824d2a0-4471-4a6f-a232-f84ec650292b: addNew group-E9952EC7D1B9:[8d1936ad-7e22-483e-8301-a12de2cdc2b5:192.168.36.126:34366, dc7ea896-6e80-4fed-8727-08f73144b1fc:192.168.36.126:42983, a824d2a0-4471-4a6f-a232-f84ec650292b:192.168.36.126:37611] returns group-E9952EC7D1B9:java.util.concurrent.CompletableFuture@31564a7b[Not completed]
2019-09-25 05:19:11,111 [pool-87-thread-1] INFO  impl.RaftServerImpl (RaftServerImpl.java:<init>(95)) - 8d1936ad-7e22-483e-8301-a12de2cdc2b5: new RaftServerImpl for group-E9952EC7D1B9:[8d1936ad-7e22-483e-8301-a12de2cdc2b5:192.168.36.126:34366, dc7ea896-6e80-4fed-8727-08f73144b1fc:192.168.36.126:42983, a824d2a0-4471-4a6f-a232-f84ec650292b:192.168.36.126:37611] with ContainerStateMachine:uninitialized
2019-09-25 05:19:11,112 [pool-87-thread-1] INFO  server.RaftServerConfigKeys (ConfUtils.java:logGet(43)) - raft.server.rpc.timeout.min = 5s (custom)
2019-09-25 05:19:11,112 [pool-87-thread-1] INFO  server.RaftServerConfigKeys (ConfUtils.java:logGet(43)) - raft.server.rpc.timeout.max = 5200ms (custom)
2019-09-25 05:19:11,112 [pool-87-thread-1] INFO  server.RaftServerConfigKeys (ConfUtils.java:logGet(43)) - raft.server.rpcslowness.timeout = 120s (custom)
2019-09-25 05:19:11,112 [pool-87-thread-1] INFO  server.RaftServerConfigKeys (ConfUtils.java:logGet(43)) - raft.server.sleep.deviation.threshold = 300 (default)
2019-09-25 05:19:11,114 [pool-87-thread-1] INFO  server.RaftServerConfigKeys (ConfUtils.java:logGet(43)) - raft.server.log.appender.install.snapshot.enabled = false (custom)
2019-09-25 05:19:11,114 [pool-47-thread-1] INFO  impl.RaftServerImpl (RaftServerImpl.java:<init>(95)) - a824d2a0-4471-4a6f-a232-f84ec650292b: new RaftServerImpl for group-E9952EC7D1B9:[8d1936ad-7e22-483e-8301-a12de2cdc2b5:192.168.36.126:34366, dc7ea896-6e80-4fed-8727-08f73144b1fc:192.168.36.126:42983, a824d2a0-4471-4a6f-a232-f84ec650292b:192.168.36.126:37611] with ContainerStateMachine:uninitialized
2019-09-25 05:19:11,115 [pool-87-thread-1] INFO  impl.RaftServerImpl (ServerState.java:<init>(103)) - 8d1936ad-7e22-483e-8301-a12de2cdc2b5@group-E9952EC7D1B9: ConfigurationManager, init=-1: [8d1936ad-7e22-483e-8301-a12de2cdc2b5:192.168.36.126:34366, dc7ea896-6e80-4fed-8727-08f73144b1fc:192.168.36.126:42983, a824d2a0-4471-4a6f-a232-f84ec650292b:192.168.36.126:37611], old=null, confs=<EMPTY_MAP>
2019-09-25 05:19:11,115 [pool-47-thread-1] INFO  server.RaftServerConfigKeys (ConfUtils.java:logGet(43)) - raft.server.rpc.timeout.min = 5s (custom)
2019-09-25 05:19:11,115 [pool-87-thread-1] INFO  server.RaftServerConfigKeys (ConfUtils.java:logGet(43)) - raft.server.storage.dir = [/workdir/hadoop-ozone/integration-test/target/test-dir/MiniOzoneClusterImpl-408040ea-8342-4e81-bd05-3c5316de8946/datanode-6/data/ratis] (custom)
2019-09-25 05:19:11,115 [pool-47-thread-1] INFO  server.RaftServerConfigKeys (ConfUtils.java:logGet(43)) - raft.server.rpc.timeout.max = 5200ms (custom)
2019-09-25 05:19:11,115 [pool-47-thread-1] INFO  server.RaftServerConfigKeys (ConfUtils.java:logGet(43)) - raft.server.rpcslowness.timeout = 120s (custom)
2019-09-25 05:19:11,115 [pool-87-thread-1] INFO  storage.RaftStorageDirectory (RaftStorageDirectory.java:analyzeStorage(246)) - The storage directory /workdir/hadoop-ozone/integration-test/target/test-dir/MiniOzoneClusterImpl-408040ea-8342-4e81-bd05-3c5316de8946/datanode-6/data/ratis/8aa4003c-a5d1-4ffa-b171-e9952ec7d1b9 does not exist. Creating ...
2019-09-25 05:19:11,116 [pool-47-thread-1] INFO  server.RaftServerConfigKeys (ConfUtils.java:logGet(43)) - raft.server.sleep.deviation.threshold = 300 (default)
2019-09-25 05:19:11,116 [pool-47-thread-1] INFO  server.RaftServerConfigKeys (ConfUtils.java:logGet(43)) - raft.server.log.appender.install.snapshot.enabled = false (custom)
2019-09-25 05:19:11,116 [pool-47-thread-1] INFO  impl.RaftServerImpl (ServerState.java:<init>(103)) - a824d2a0-4471-4a6f-a232-f84ec650292b@group-E9952EC7D1B9: ConfigurationManager, init=-1: [8d1936ad-7e22-483e-8301-a12de2cdc2b5:192.168.36.126:34366, dc7ea896-6e80-4fed-8727-08f73144b1fc:192.168.36.126:42983, a824d2a0-4471-4a6f-a232-f84ec650292b:192.168.36.126:37611], old=null, confs=<EMPTY_MAP>
2019-09-25 05:19:11,116 [pool-47-thread-1] INFO  server.RaftServerConfigKeys (ConfUtils.java:logGet(43)) - raft.server.storage.dir = [/workdir/hadoop-ozone/integration-test/target/test-dir/MiniOzoneClusterImpl-408040ea-8342-4e81-bd05-3c5316de8946/datanode-2/data/ratis] (custom)
2019-09-25 05:19:11,117 [pool-27-thread-1] INFO  impl.RaftServerImpl (RaftServerImpl.java:<init>(95)) - dc7ea896-6e80-4fed-8727-08f73144b1fc: new RaftServerImpl for group-E9952EC7D1B9:[8d1936ad-7e22-483e-8301-a12de2cdc2b5:192.168.36.126:34366, dc7ea896-6e80-4fed-8727-08f73144b1fc:192.168.36.126:42983, a824d2a0-4471-4a6f-a232-f84ec650292b:192.168.36.126:37611] with ContainerStateMachine:uninitialized
2019-09-25 05:19:11,117 [pool-27-thread-1] INFO  server.RaftServerConfigKeys (ConfUtils.java:logGet(43)) - raft.server.rpc.timeout.min = 5s (custom)
2019-09-25 05:19:11,117 [pool-47-thread-1] INFO  storage.RaftStorageDirectory (RaftStorageDirectory.java:analyzeStorage(246)) - The storage directory /workdir/hadoop-ozone/integration-test/target/test-dir/MiniOzoneClusterImpl-408040ea-8342-4e81-bd05-3c5316de8946/datanode-2/data/ratis/8aa4003c-a5d1-4ffa-b171-e9952ec7d1b9 does not exist. Creating ...
2019-09-25 05:19:11,117 [pool-27-thread-1] INFO  server.RaftServerConfigKeys (ConfUtils.java:logGet(43)) - raft.server.rpc.timeout.max = 5200ms (custom)
2019-09-25 05:19:11,117 [pool-27-thread-1] INFO  server.RaftServerConfigKeys (ConfUtils.java:logGet(43)) - raft.server.rpcslowness.timeout = 120s (custom)
2019-09-25 05:19:11,118 [pool-27-thread-1] INFO  server.RaftServerConfigKeys (ConfUtils.java:logGet(43)) - raft.server.sleep.deviation.threshold = 300 (default)
2019-09-25 05:19:11,118 [pool-27-thread-1] INFO  server.RaftServerConfigKeys (ConfUtils.java:logGet(43)) - raft.server.log.appender.install.snapshot.enabled = false (custom)
2019-09-25 05:19:11,118 [pool-27-thread-1] INFO  impl.RaftServerImpl (ServerState.java:<init>(103)) - dc7ea896-6e80-4fed-8727-08f73144b1fc@group-E9952EC7D1B9: ConfigurationManager, init=-1: [8d1936ad-7e22-483e-8301-a12de2cdc2b5:192.168.36.126:34366, dc7ea896-6e80-4fed-8727-08f73144b1fc:192.168.36.126:42983, a824d2a0-4471-4a6f-a232-f84ec650292b:192.168.36.126:37611], old=null, confs=<EMPTY_MAP>
2019-09-25 05:19:11,118 [pool-27-thread-1] INFO  server.RaftServerConfigKeys (ConfUtils.java:logGet(43)) - raft.server.storage.dir = [/workdir/hadoop-ozone/integration-test/target/test-dir/MiniOzoneClusterImpl-408040ea-8342-4e81-bd05-3c5316de8946/datanode-0/data/ratis] (custom)
2019-09-25 05:19:11,119 [pool-27-thread-1] INFO  storage.RaftStorageDirectory (RaftStorageDirectory.java:analyzeStorage(246)) - The storage directory /workdir/hadoop-ozone/integration-test/target/test-dir/MiniOzoneClusterImpl-408040ea-8342-4e81-bd05-3c5316de8946/datanode-0/data/ratis/8aa4003c-a5d1-4ffa-b171-e9952ec7d1b9 does not exist. Creating ...
2019-09-25 05:19:11,152 [pool-87-thread-1] INFO  storage.RaftStorageDirectory (RaftStorageDirectory.java:tryLock(328)) - Lock on /workdir/hadoop-ozone/integration-test/target/test-dir/MiniOzoneClusterImpl-408040ea-8342-4e81-bd05-3c5316de8946/datanode-6/data/ratis/8aa4003c-a5d1-4ffa-b171-e9952ec7d1b9/in_use.lock acquired by nodename 9354@pr-hdds-2174-pqx5g-486351168
2019-09-25 05:19:11,152 [pool-27-thread-1] INFO  storage.RaftStorageDirectory (RaftStorageDirectory.java:tryLock(328)) - Lock on /workdir/hadoop-ozone/integration-test/target/test-dir/MiniOzoneClusterImpl-408040ea-8342-4e81-bd05-3c5316de8946/datanode-0/data/ratis/8aa4003c-a5d1-4ffa-b171-e9952ec7d1b9/in_use.lock acquired by nodename 9354@pr-hdds-2174-pqx5g-486351168
2019-09-25 05:19:11,152 [pool-47-thread-1] INFO  storage.RaftStorageDirectory (RaftStorageDirectory.java:tryLock(328)) - Lock on /workdir/hadoop-ozone/integration-test/target/test-dir/MiniOzoneClusterImpl-408040ea-8342-4e81-bd05-3c5316de8946/datanode-2/data/ratis/8aa4003c-a5d1-4ffa-b171-e9952ec7d1b9/in_use.lock acquired by nodename 9354@pr-hdds-2174-pqx5g-486351168
2019-09-25 05:19:11,170 [pool-47-thread-1] INFO  storage.RaftStorage (RaftStorage.java:format(72)) - Storage directory /workdir/hadoop-ozone/integration-test/target/test-dir/MiniOzoneClusterImpl-408040ea-8342-4e81-bd05-3c5316de8946/datanode-2/data/ratis/8aa4003c-a5d1-4ffa-b171-e9952ec7d1b9 has been successfully formatted.
2019-09-25 05:19:11,170 [pool-27-thread-1] INFO  storage.RaftStorage (RaftStorage.java:format(72)) - Storage directory /workdir/hadoop-ozone/integration-test/target/test-dir/MiniOzoneClusterImpl-408040ea-8342-4e81-bd05-3c5316de8946/datanode-0/data/ratis/8aa4003c-a5d1-4ffa-b171-e9952ec7d1b9 has been successfully formatted.
2019-09-25 05:19:11,170 [pool-87-thread-1] INFO  storage.RaftStorage (RaftStorage.java:format(72)) - Storage directory /workdir/hadoop-ozone/integration-test/target/test-dir/MiniOzoneClusterImpl-408040ea-8342-4e81-bd05-3c5316de8946/datanode-6/data/ratis/8aa4003c-a5d1-4ffa-b171-e9952ec7d1b9 has been successfully formatted.
2019-09-25 05:19:11,170 [pool-47-thread-1] INFO  ratis.ContainerStateMachine (ContainerStateMachine.java:loadSnapshot(230)) - group-E9952EC7D1B9: The snapshot info is null. Setting the last applied indexto:(t:0, i:~)
2019-09-25 05:19:11,170 [pool-27-thread-1] INFO  ratis.ContainerStateMachine (ContainerStateMachine.java:loadSnapshot(230)) - group-E9952EC7D1B9: The snapshot info is null. Setting the last applied indexto:(t:0, i:~)
2019-09-25 05:19:11,171 [pool-87-thread-1] INFO  ratis.ContainerStateMachine (ContainerStateMachine.java:loadSnapshot(230)) - group-E9952EC7D1B9: The snapshot info is null. Setting the last applied indexto:(t:0, i:~)
2019-09-25 05:19:11,171 [pool-47-thread-1] INFO  server.RaftServerConfigKeys (ConfUtils.java:logGet(43)) - raft.server.notification.no-leader.timeout = 120s (custom)
2019-09-25 05:19:11,171 [pool-87-thread-1] INFO  server.RaftServerConfigKeys (ConfUtils.java:logGet(43)) - raft.server.notification.no-leader.timeout = 120s (custom)
2019-09-25 05:19:11,171 [pool-27-thread-1] INFO  server.RaftServerConfigKeys (ConfUtils.java:logGet(43)) - raft.server.notification.no-leader.timeout = 120s (custom)
2019-09-25 05:19:11,171 [pool-87-thread-1] INFO  server.RaftServerConfigKeys (ConfUtils.java:logGet(43)) - raft.server.log.use.memory = false (default)
2019-09-25 05:19:11,171 [pool-47-thread-1] INFO  server.RaftServerConfigKeys (ConfUtils.java:logGet(43)) - raft.server.log.use.memory = false (default)
2019-09-25 05:19:11,172 [pool-87-thread-1] INFO  server.RaftServerConfigKeys (ConfUtils.java:logGet(43)) - raft.server.log.purge.gap = 1000000 (custom)
2019-09-25 05:19:11,171 [pool-27-thread-1] INFO  server.RaftServerConfigKeys (ConfUtils.java:logGet(43)) - raft.server.log.use.memory = false (default)
2019-09-25 05:19:11,172 [pool-87-thread-1] INFO  server.RaftServerConfigKeys (ConfUtils.java:logGet(43)) - raft.server.log.appender.buffer.byte-limit = 33554432 (custom)
2019-09-25 05:19:11,172 [pool-47-thread-1] INFO  server.RaftServerConfigKeys (ConfUtils.java:logGet(43)) - raft.server.log.purge.gap = 1000000 (custom)
2019-09-25 05:19:11,172 [pool-87-thread-1] INFO  server.RaftServerConfigKeys (ConfUtils.java:logGet(43)) - raft.server.log.segment.size.max = 1048576 (custom)
2019-09-25 05:19:11,172 [pool-27-thread-1] INFO  server.RaftServerConfigKeys (ConfUtils.java:logGet(43)) - raft.server.log.purge.gap = 1000000 (custom)
2019-09-25 05:19:11,173 [pool-87-thread-1] INFO  server.RaftServerConfigKeys (ConfUtils.java:logGet(43)) - raft.server.log.segment.cache.num.max = 2 (custom)
2019-09-25 05:19:11,172 [pool-47-thread-1] INFO  server.RaftServerConfigKeys (ConfUtils.java:logGet(43)) - raft.server.log.appender.buffer.byte-limit = 33554432 (custom)
2019-09-25 05:19:11,173 [pool-87-thread-1] INFO  segmented.SegmentedRaftLogWorker (SegmentedRaftLogWorker.java:<init>(172)) - new 8d1936ad-7e22-483e-8301-a12de2cdc2b5@group-E9952EC7D1B9-SegmentedRaftLogWorker for RaftStorage:Storage Directory /workdir/hadoop-ozone/integration-test/target/test-dir/MiniOzoneClusterImpl-408040ea-8342-4e81-bd05-3c5316de8946/datanode-6/data/ratis/8aa4003c-a5d1-4ffa-b171-e9952ec7d1b9
2019-09-25 05:19:11,173 [pool-27-thread-1] INFO  server.RaftServerConfigKeys (ConfUtils.java:logGet(43)) - raft.server.log.appender.buffer.byte-limit = 33554432 (custom)
2019-09-25 05:19:11,173 [pool-47-thread-1] INFO  server.RaftServerConfigKeys (ConfUtils.java:logGet(43)) - raft.server.log.segment.size.max = 1048576 (custom)
2019-09-25 05:19:11,173 [pool-27-thread-1] INFO  server.RaftServerConfigKeys (ConfUtils.java:logGet(43)) - raft.server.log.segment.size.max = 1048576 (custom)
2019-09-25 05:19:11,174 [pool-47-thread-1] INFO  server.RaftServerConfigKeys (ConfUtils.java:logGet(43)) - raft.server.log.segment.cache.num.max = 2 (custom)
2019-09-25 05:19:11,174 [pool-27-thread-1] INFO  server.RaftServerConfigKeys (ConfUtils.java:logGet(43)) - raft.server.log.segment.cache.num.max = 2 (custom)
2019-09-25 05:19:11,174 [pool-47-thread-1] INFO  segmented.SegmentedRaftLogWorker (SegmentedRaftLogWorker.java:<init>(172)) - new a824d2a0-4471-4a6f-a232-f84ec650292b@group-E9952EC7D1B9-SegmentedRaftLogWorker for RaftStorage:Storage Directory /workdir/hadoop-ozone/integration-test/target/test-dir/MiniOzoneClusterImpl-408040ea-8342-4e81-bd05-3c5316de8946/datanode-2/data/ratis/8aa4003c-a5d1-4ffa-b171-e9952ec7d1b9
2019-09-25 05:19:11,174 [pool-27-thread-1] INFO  segmented.SegmentedRaftLogWorker (SegmentedRaftLogWorker.java:<init>(172)) - new dc7ea896-6e80-4fed-8727-08f73144b1fc@group-E9952EC7D1B9-SegmentedRaftLogWorker for RaftStorage:Storage Directory /workdir/hadoop-ozone/integration-test/target/test-dir/MiniOzoneClusterImpl-408040ea-8342-4e81-bd05-3c5316de8946/datanode-0/data/ratis/8aa4003c-a5d1-4ffa-b171-e9952ec7d1b9
2019-09-25 05:19:11,180 [pool-87-thread-1] INFO  server.RaftServerConfigKeys (ConfUtils.java:logGet(43)) - raft.server.log.queue.byte-limit = 2147483647 (custom)
2019-09-25 05:19:11,180 [pool-47-thread-1] INFO  server.RaftServerConfigKeys (ConfUtils.java:logGet(43)) - raft.server.log.queue.byte-limit = 2147483647 (custom)
2019-09-25 05:19:11,180 [pool-87-thread-1] INFO  server.RaftServerConfigKeys (ConfUtils.java:logGet(43)) - raft.server.log.queue.element-limit = 1024 (custom)
2019-09-25 05:19:11,180 [pool-27-thread-1] INFO  server.RaftServerConfigKeys (ConfUtils.java:logGet(43)) - raft.server.log.queue.byte-limit = 2147483647 (custom)
2019-09-25 05:19:11,181 [pool-87-thread-1] INFO  server.RaftServerConfigKeys (ConfUtils.java:logGet(43)) - raft.server.log.segment.size.max = 1048576 (custom)
2019-09-25 05:19:11,180 [pool-47-thread-1] INFO  server.RaftServerConfigKeys (ConfUtils.java:logGet(43)) - raft.server.log.queue.element-limit = 1024 (custom)
2019-09-25 05:19:11,181 [pool-87-thread-1] INFO  server.RaftServerConfigKeys (ConfUtils.java:logGet(43)) - raft.server.log.preallocated.size = 16384 (custom)
2019-09-25 05:19:11,181 [pool-27-thread-1] INFO  server.RaftServerConfigKeys (ConfUtils.java:logGet(43)) - raft.server.log.queue.element-limit = 1024 (custom)
2019-09-25 05:19:11,181 [pool-87-thread-1] INFO  server.RaftServerConfigKeys (ConfUtils.java:logGet(43)) - raft.server.log.write.buffer.size = 33554432 (custom)
2019-09-25 05:19:11,181 [pool-47-thread-1] INFO  server.RaftServerConfigKeys (ConfUtils.java:logGet(43)) - raft.server.log.segment.size.max = 1048576 (custom)
2019-09-25 05:19:11,182 [pool-87-thread-1] INFO  server.RaftServerConfigKeys (ConfUtils.java:logGet(43)) - raft.server.log.force.sync.num = 128 (default)
2019-09-25 05:19:11,181 [pool-27-thread-1] INFO  server.RaftServerConfigKeys (ConfUtils.java:logGet(43)) - raft.server.log.segment.size.max = 1048576 (custom)
2019-09-25 05:19:11,182 [pool-87-thread-1] INFO  server.RaftServerConfigKeys (ConfUtils.java:logGet(43)) - raft.server.log.statemachine.data.sync = true (default)
2019-09-25 05:19:11,182 [pool-47-thread-1] INFO  server.RaftServerConfigKeys (ConfUtils.java:logGet(43)) - raft.server.log.preallocated.size = 16384 (custom)
2019-09-25 05:19:11,182 [pool-87-thread-1] INFO  server.RaftServerConfigKeys (ConfUtils.java:logGet(43)) - raft.server.log.statemachine.data.sync.timeout = 10s (default)
2019-09-25 05:19:11,182 [pool-27-thread-1] INFO  server.RaftServerConfigKeys (ConfUtils.java:logGet(43)) - raft.server.log.preallocated.size = 16384 (custom)
2019-09-25 05:19:11,183 [pool-87-thread-1] INFO  server.RaftServerConfigKeys (ConfUtils.java:logGet(43)) - raft.server.log.statemachine.data.sync.timeout.retry = -1 (default)
2019-09-25 05:19:11,182 [pool-47-thread-1] INFO  server.RaftServerConfigKeys (ConfUtils.java:logGet(43)) - raft.server.log.write.buffer.size = 33554432 (custom)
2019-09-25 05:19:11,183 [pool-27-thread-1] INFO  server.RaftServerConfigKeys (ConfUtils.java:logGet(43)) - raft.server.log.write.buffer.size = 33554432 (custom)
2019-09-25 05:19:11,183 [pool-47-thread-1] INFO  server.RaftServerConfigKeys (ConfUtils.java:logGet(43)) - raft.server.log.force.sync.num = 128 (default)
2019-09-25 05:19:11,183 [pool-87-thread-1] INFO  server.RaftServerConfigKeys (ConfUtils.java:logGet(43)) - raft.server.log.statemachine.data.caching.enabled = true (custom)
2019-09-25 05:19:11,183 [pool-47-thread-1] INFO  server.RaftServerConfigKeys (ConfUtils.java:logGet(43)) - raft.server.log.statemachine.data.sync = true (default)
2019-09-25 05:19:11,183 [pool-27-thread-1] INFO  server.RaftServerConfigKeys (ConfUtils.java:logGet(43)) - raft.server.log.force.sync.num = 128 (default)
2019-09-25 05:19:11,184 [pool-47-thread-1] INFO  server.RaftServerConfigKeys (ConfUtils.java:logGet(43)) - raft.server.log.statemachine.data.sync.timeout = 10s (default)
2019-09-25 05:19:11,184 [pool-87-thread-1] INFO  segmented.SegmentedRaftLogWorker (SegmentedRaftLogWorker.java:lambda$new$0(132)) - 8d1936ad-7e22-483e-8301-a12de2cdc2b5@group-E9952EC7D1B9-SegmentedRaftLogWorker: flushIndex: setUnconditionally 0 -> -1
2019-09-25 05:19:11,184 [pool-27-thread-1] INFO  server.RaftServerConfigKeys (ConfUtils.java:logGet(43)) - raft.server.log.statemachine.data.sync = true (default)
2019-09-25 05:19:11,184 [pool-47-thread-1] INFO  server.RaftServerConfigKeys (ConfUtils.java:logGet(43)) - raft.server.log.statemachine.data.sync.timeout.retry = -1 (default)
2019-09-25 05:19:11,184 [pool-27-thread-1] INFO  server.RaftServerConfigKeys (ConfUtils.java:logGet(43)) - raft.server.log.statemachine.data.sync.timeout = 10s (default)
2019-09-25 05:19:11,184 [pool-87-thread-1] INFO  server.RaftServerConfigKeys (ConfUtils.java:logGet(43)) - raft.server.snapshot.auto.trigger.enabled = true (custom)
2019-09-25 05:19:11,184 [pool-47-thread-1] INFO  server.RaftServerConfigKeys (ConfUtils.java:logGet(43)) - raft.server.log.statemachine.data.caching.enabled = true (custom)
2019-09-25 05:19:11,184 [pool-27-thread-1] INFO  server.RaftServerConfigKeys (ConfUtils.java:logGet(43)) - raft.server.log.statemachine.data.sync.timeout.retry = -1 (default)
2019-09-25 05:19:11,185 [pool-87-thread-1] INFO  server.RaftServerConfigKeys (ConfUtils.java:logGet(43)) - raft.server.snapshot.auto.trigger.threshold = 10000 (custom)
2019-09-25 05:19:11,185 [pool-27-thread-1] INFO  server.RaftServerConfigKeys (ConfUtils.java:logGet(43)) - raft.server.log.statemachine.data.caching.enabled = true (custom)
2019-09-25 05:19:11,185 [pool-47-thread-1] INFO  segmented.SegmentedRaftLogWorker (SegmentedRaftLogWorker.java:lambda$new$0(132)) - a824d2a0-4471-4a6f-a232-f84ec650292b@group-E9952EC7D1B9-SegmentedRaftLogWorker: flushIndex: setUnconditionally 0 -> -1
2019-09-25 05:19:11,185 [pool-87-thread-1] INFO  server.RaftServerConfigKeys (ConfUtils.java:logGet(43)) - raft.server.snapshot.retention.num.files = 5 (custom)
2019-09-25 05:19:11,185 [pool-27-thread-1] INFO  segmented.SegmentedRaftLogWorker (SegmentedRaftLogWorker.java:lambda$new$0(132)) - dc7ea896-6e80-4fed-8727-08f73144b1fc@group-E9952EC7D1B9-SegmentedRaftLogWorker: flushIndex: setUnconditionally 0 -> -1
2019-09-25 05:19:11,185 [pool-87-thread-1] INFO  server.RaftServerConfigKeys (ConfUtils.java:logGet(43)) - raft.server.retrycache.expirytime = 600000ms (custom)
2019-09-25 05:19:11,185 [pool-47-thread-1] INFO  server.RaftServerConfigKeys (ConfUtils.java:logGet(43)) - raft.server.snapshot.auto.trigger.enabled = true (custom)
2019-09-25 05:19:11,186 [pool-27-thread-1] INFO  server.RaftServerConfigKeys (ConfUtils.java:logGet(43)) - raft.server.snapshot.auto.trigger.enabled = true (custom)
2019-09-25 05:19:11,186 [pool-47-thread-1] INFO  server.RaftServerConfigKeys (ConfUtils.java:logGet(43)) - raft.server.snapshot.auto.trigger.threshold = 10000 (custom)
2019-09-25 05:19:11,186 [pool-27-thread-1] INFO  server.RaftServerConfigKeys (ConfUtils.java:logGet(43)) - raft.server.snapshot.auto.trigger.threshold = 10000 (custom)
2019-09-25 05:19:11,186 [pool-47-thread-1] INFO  server.RaftServerConfigKeys (ConfUtils.java:logGet(43)) - raft.server.snapshot.retention.num.files = 5 (custom)
2019-09-25 05:19:11,186 [pool-27-thread-1] INFO  server.RaftServerConfigKeys (ConfUtils.java:logGet(43)) - raft.server.snapshot.retention.num.files = 5 (custom)
2019-09-25 05:19:11,186 [pool-47-thread-1] INFO  server.RaftServerConfigKeys (ConfUtils.java:logGet(43)) - raft.server.retrycache.expirytime = 600000ms (custom)
2019-09-25 05:19:11,186 [pool-27-thread-1] INFO  server.RaftServerConfigKeys (ConfUtils.java:logGet(43)) - raft.server.retrycache.expirytime = 600000ms (custom)
2019-09-25 05:19:11,191 [pool-87-thread-1] INFO  impl.RaftServerImpl (RaftServerImpl.java:start(185)) - 8d1936ad-7e22-483e-8301-a12de2cdc2b5@group-E9952EC7D1B9: start as a follower, conf=-1: [8d1936ad-7e22-483e-8301-a12de2cdc2b5:192.168.36.126:34366, dc7ea896-6e80-4fed-8727-08f73144b1fc:192.168.36.126:42983, a824d2a0-4471-4a6f-a232-f84ec650292b:192.168.36.126:37611], old=null
2019-09-25 05:19:11,191 [pool-87-thread-1] INFO  impl.RaftServerImpl (RaftServerImpl.java:setRole(174)) - 8d1936ad-7e22-483e-8301-a12de2cdc2b5@group-E9952EC7D1B9: changes role from      null to FOLLOWER at term 0 for startAsFollower
2019-09-25 05:19:11,191 [pool-87-thread-1] INFO  impl.RoleInfo (RoleInfo.java:updateAndGet(143)) - 8d1936ad-7e22-483e-8301-a12de2cdc2b5: start FollowerState
2019-09-25 05:19:11,191 [pool-47-thread-1] INFO  impl.RaftServerImpl (RaftServerImpl.java:start(185)) - a824d2a0-4471-4a6f-a232-f84ec650292b@group-E9952EC7D1B9: start as a follower, conf=-1: [8d1936ad-7e22-483e-8301-a12de2cdc2b5:192.168.36.126:34366, dc7ea896-6e80-4fed-8727-08f73144b1fc:192.168.36.126:42983, a824d2a0-4471-4a6f-a232-f84ec650292b:192.168.36.126:37611], old=null
2019-09-25 05:19:11,192 [pool-47-thread-1] INFO  impl.RaftServerImpl (RaftServerImpl.java:setRole(174)) - a824d2a0-4471-4a6f-a232-f84ec650292b@group-E9952EC7D1B9: changes role from      null to FOLLOWER at term 0 for startAsFollower
2019-09-25 05:19:11,192 [pool-87-thread-1] INFO  util.JmxRegister (JmxRegister.java:tryRegister(44)) - Successfully registered JMX Bean with object name Ratis:service=RaftServer,group=group-E9952EC7D1B9,id=8d1936ad-7e22-483e-8301-a12de2cdc2b5
2019-09-25 05:19:11,192 [pool-27-thread-1] INFO  impl.RaftServerImpl (RaftServerImpl.java:start(185)) - dc7ea896-6e80-4fed-8727-08f73144b1fc@group-E9952EC7D1B9: start as a follower, conf=-1: [8d1936ad-7e22-483e-8301-a12de2cdc2b5:192.168.36.126:34366, dc7ea896-6e80-4fed-8727-08f73144b1fc:192.168.36.126:42983, a824d2a0-4471-4a6f-a232-f84ec650292b:192.168.36.126:37611], old=null
2019-09-25 05:19:11,192 [pool-47-thread-1] INFO  impl.RoleInfo (RoleInfo.java:updateAndGet(143)) - a824d2a0-4471-4a6f-a232-f84ec650292b: start FollowerState
2019-09-25 05:19:11,192 [pool-27-thread-1] INFO  impl.RaftServerImpl (RaftServerImpl.java:setRole(174)) - dc7ea896-6e80-4fed-8727-08f73144b1fc@group-E9952EC7D1B9: changes role from      null to FOLLOWER at term 0 for startAsFollower
2019-09-25 05:19:11,193 [pool-27-thread-1] INFO  impl.RoleInfo (RoleInfo.java:updateAndGet(143)) - dc7ea896-6e80-4fed-8727-08f73144b1fc: start FollowerState
2019-09-25 05:19:11,193 [pool-47-thread-1] INFO  util.JmxRegister (JmxRegister.java:tryRegister(44)) - Successfully registered JMX Bean with object name Ratis:service=RaftServer,group=group-E9952EC7D1B9,id=a824d2a0-4471-4a6f-a232-f84ec650292b
2019-09-25 05:19:11,193 [pool-27-thread-1] INFO  util.JmxRegister (JmxRegister.java:tryRegister(44)) - Successfully registered JMX Bean with object name Ratis:service=RaftServer,group=group-E9952EC7D1B9,id=dc7ea896-6e80-4fed-8727-08f73144b1fc
2019-09-25 05:19:11,227 [RatisPipelineUtilsThread] INFO  pipeline.PipelineStateManager (PipelineStateManager.java:addPipeline(56)) - Created pipeline Pipeline[ Id: 8aa4003c-a5d1-4ffa-b171-e9952ec7d1b9, Nodes: 8d1936ad-7e22-483e-8301-a12de2cdc2b5{ip: 192.168.36.126, host: pr-hdds-2174-pqx5g-486351168, networkLocation: /default-rack, certSerialId: null}dc7ea896-6e80-4fed-8727-08f73144b1fc{ip: 192.168.36.126, host: pr-hdds-2174-pqx5g-486351168, networkLocation: /default-rack, certSerialId: null}a824d2a0-4471-4a6f-a232-f84ec650292b{ip: 192.168.36.126, host: pr-hdds-2174-pqx5g-486351168, networkLocation: /default-rack, certSerialId: null}, Type:RATIS, Factor:THREE, State:OPEN]
2019-09-25 05:19:11,255 [main] INFO  impl.MetricsSystemImpl (MetricsSystemImpl.java:init(158)) - XceiverClientMetrics metrics system started (again)
2019-09-25 05:19:12,092 [Thread-257] INFO  impl.FollowerState (FollowerState.java:run(106)) - ece43ade-c7f6-4378-8dfa-fbe6a8ab43cf:group-8FD984D075CB changes to CANDIDATE, lastRpcTime:5101, electionTimeout:5099ms
2019-09-25 05:19:12,096 [Thread-257] INFO  impl.RoleInfo (RoleInfo.java:shutdownFollowerState(121)) - ece43ade-c7f6-4378-8dfa-fbe6a8ab43cf: shutdown FollowerState
2019-09-25 05:19:12,096 [Thread-257] INFO  impl.RaftServerImpl (RaftServerImpl.java:setRole(174)) - ece43ade-c7f6-4378-8dfa-fbe6a8ab43cf@group-8FD984D075CB: changes role from  FOLLOWER to CANDIDATE at term 0 for changeToCandidate
2019-09-25 05:19:12,096 [Thread-257] INFO  impl.RoleInfo (RoleInfo.java:updateAndGet(143)) - ece43ade-c7f6-4378-8dfa-fbe6a8ab43cf: start LeaderElection
2019-09-25 05:19:12,141 [Thread-259] INFO  impl.FollowerState (FollowerState.java:run(106)) - 6e4b8f72-2d03-4335-a109-8ce1569ec549:group-8C538AEF5C3F changes to CANDIDATE, lastRpcTime:5014, electionTimeout:5011ms
2019-09-25 05:19:12,141 [Thread-259] INFO  impl.RoleInfo (RoleInfo.java:shutdownFollowerState(121)) - 6e4b8f72-2d03-4335-a109-8ce1569ec549: shutdown FollowerState
2019-09-25 05:19:12,142 [Thread-259] INFO  impl.RaftServerImpl (RaftServerImpl.java:setRole(174)) - 6e4b8f72-2d03-4335-a109-8ce1569ec549@group-8C538AEF5C3F: changes role from  FOLLOWER to CANDIDATE at term 1 for changeToCandidate
2019-09-25 05:19:12,142 [Thread-259] INFO  impl.RoleInfo (RoleInfo.java:updateAndGet(143)) - 6e4b8f72-2d03-4335-a109-8ce1569ec549: start LeaderElection
2019-09-25 05:19:12,175 [Thread-260] INFO  impl.FollowerState (FollowerState.java:run(106)) - a7793eff-ada5-4527-9e0b-a0fd078cd21b:group-8C538AEF5C3F changes to CANDIDATE, lastRpcTime:5048, electionTimeout:5046ms
2019-09-25 05:19:12,175 [Thread-260] INFO  impl.RoleInfo (RoleInfo.java:shutdownFollowerState(121)) - a7793eff-ada5-4527-9e0b-a0fd078cd21b: shutdown FollowerState
2019-09-25 05:19:12,175 [Thread-260] INFO  impl.RaftServerImpl (RaftServerImpl.java:setRole(174)) - a7793eff-ada5-4527-9e0b-a0fd078cd21b@group-8C538AEF5C3F: changes role from  FOLLOWER to CANDIDATE at term 1 for changeToCandidate
2019-09-25 05:19:12,176 [Thread-260] INFO  impl.RoleInfo (RoleInfo.java:updateAndGet(143)) - a7793eff-ada5-4527-9e0b-a0fd078cd21b: start LeaderElection
2019-09-25 05:19:15,989 [Thread-264] INFO  impl.FollowerState (FollowerState.java:run(106)) - ece43ade-c7f6-4378-8dfa-fbe6a8ab43cf:group-8C538AEF5C3F changes to CANDIDATE, lastRpcTime:5062, electionTimeout:5062ms
2019-09-25 05:19:15,990 [Thread-264] INFO  impl.RoleInfo (RoleInfo.java:shutdownFollowerState(121)) - ece43ade-c7f6-4378-8dfa-fbe6a8ab43cf: shutdown FollowerState
2019-09-25 05:19:15,990 [Thread-264] INFO  impl.RaftServerImpl (RaftServerImpl.java:setRole(174)) - ece43ade-c7f6-4378-8dfa-fbe6a8ab43cf@group-8C538AEF5C3F: changes role from  FOLLOWER to CANDIDATE at term 0 for changeToCandidate
2019-09-25 05:19:15,990 [Thread-264] INFO  impl.RoleInfo (RoleInfo.java:updateAndGet(143)) - ece43ade-c7f6-4378-8dfa-fbe6a8ab43cf: start LeaderElection
2019-09-25 05:19:16,073 [Thread-280] INFO  impl.FollowerState (FollowerState.java:run(106)) - 6e4b8f72-2d03-4335-a109-8ce1569ec549:group-556E169039F3 changes to CANDIDATE, lastRpcTime:5020, electionTimeout:5020ms
2019-09-25 05:19:16,074 [Thread-280] INFO  impl.RoleInfo (RoleInfo.java:shutdownFollowerState(121)) - 6e4b8f72-2d03-4335-a109-8ce1569ec549: shutdown FollowerState
2019-09-25 05:19:16,074 [Thread-280] INFO  impl.RaftServerImpl (RaftServerImpl.java:setRole(174)) - 6e4b8f72-2d03-4335-a109-8ce1569ec549@group-556E169039F3: changes role from  FOLLOWER to CANDIDATE at term 0 for changeToCandidate
2019-09-25 05:19:16,074 [Thread-280] INFO  impl.RoleInfo (RoleInfo.java:updateAndGet(143)) - 6e4b8f72-2d03-4335-a109-8ce1569ec549: start LeaderElection
2019-09-25 05:19:16,077 [Thread-282] INFO  impl.FollowerState (FollowerState.java:run(106)) - 6e4b8f72-2d03-4335-a109-8ce1569ec549:group-0A753E062AF5 changes to CANDIDATE, lastRpcTime:5022, electionTimeout:5021ms
2019-09-25 05:19:16,079 [Thread-282] INFO  impl.RoleInfo (RoleInfo.java:shutdownFollowerState(121)) - 6e4b8f72-2d03-4335-a109-8ce1569ec549: shutdown FollowerState
2019-09-25 05:19:16,079 [Thread-282] INFO  impl.RaftServerImpl (RaftServerImpl.java:setRole(174)) - 6e4b8f72-2d03-4335-a109-8ce1569ec549@group-0A753E062AF5: changes role from  FOLLOWER to CANDIDATE at term 0 for changeToCandidate
2019-09-25 05:19:16,079 [Thread-282] INFO  impl.RoleInfo (RoleInfo.java:updateAndGet(143)) - 6e4b8f72-2d03-4335-a109-8ce1569ec549: start LeaderElection
2019-09-25 05:19:16,129 [Thread-275] INFO  impl.FollowerState (FollowerState.java:run(106)) - ece43ade-c7f6-4378-8dfa-fbe6a8ab43cf:group-0A753E062AF5 changes to CANDIDATE, lastRpcTime:5141, electionTimeout:5141ms
2019-09-25 05:19:16,130 [Thread-275] INFO  impl.RoleInfo (RoleInfo.java:shutdownFollowerState(121)) - ece43ade-c7f6-4378-8dfa-fbe6a8ab43cf: shutdown FollowerState
2019-09-25 05:19:16,130 [Thread-275] INFO  impl.RaftServerImpl (RaftServerImpl.java:setRole(174)) - ece43ade-c7f6-4378-8dfa-fbe6a8ab43cf@group-0A753E062AF5: changes role from  FOLLOWER to CANDIDATE at term 0 for changeToCandidate
2019-09-25 05:19:16,130 [Thread-275] INFO  impl.RoleInfo (RoleInfo.java:updateAndGet(143)) - ece43ade-c7f6-4378-8dfa-fbe6a8ab43cf: start LeaderElection
2019-09-25 05:19:16,130 [Thread-270] INFO  impl.FollowerState (FollowerState.java:run(106)) - a7793eff-ada5-4527-9e0b-a0fd078cd21b:group-0A753E062AF5 changes to CANDIDATE, lastRpcTime:5169, electionTimeout:5169ms
2019-09-25 05:19:16,130 [Thread-270] INFO  impl.RoleInfo (RoleInfo.java:shutdownFollowerState(121)) - a7793eff-ada5-4527-9e0b-a0fd078cd21b: shutdown FollowerState
2019-09-25 05:19:16,133 [Thread-270] INFO  impl.RaftServerImpl (RaftServerImpl.java:setRole(174)) - a7793eff-ada5-4527-9e0b-a0fd078cd21b@group-0A753E062AF5: changes role from  FOLLOWER to CANDIDATE at term 0 for changeToCandidate
2019-09-25 05:19:16,133 [Thread-270] INFO  impl.RoleInfo (RoleInfo.java:updateAndGet(143)) - a7793eff-ada5-4527-9e0b-a0fd078cd21b: start LeaderElection
2019-09-25 05:19:16,143 [Thread-278] INFO  impl.FollowerState (FollowerState.java:run(106)) - 6e4b8f72-2d03-4335-a109-8ce1569ec549:group-74FCAC2063C8 changes to CANDIDATE, lastRpcTime:5091, electionTimeout:5091ms
2019-09-25 05:19:16,143 [Thread-278] INFO  impl.RoleInfo (RoleInfo.java:shutdownFollowerState(121)) - 6e4b8f72-2d03-4335-a109-8ce1569ec549: shutdown FollowerState
2019-09-25 05:19:16,143 [Thread-278] INFO  impl.RaftServerImpl (RaftServerImpl.java:setRole(174)) - 6e4b8f72-2d03-4335-a109-8ce1569ec549@group-74FCAC2063C8: changes role from  FOLLOWER to CANDIDATE at term 0 for changeToCandidate
2019-09-25 05:19:16,144 [Thread-278] INFO  impl.RoleInfo (RoleInfo.java:updateAndGet(143)) - 6e4b8f72-2d03-4335-a109-8ce1569ec549: start LeaderElection
2019-09-25 05:19:16,153 [Thread-268] INFO  impl.FollowerState (FollowerState.java:run(106)) - a7793eff-ada5-4527-9e0b-a0fd078cd21b:group-74FCAC2063C8 changes to CANDIDATE, lastRpcTime:5193, electionTimeout:5193ms
2019-09-25 05:19:16,153 [Thread-268] INFO  impl.RoleInfo (RoleInfo.java:shutdownFollowerState(121)) - a7793eff-ada5-4527-9e0b-a0fd078cd21b: shutdown FollowerState
2019-09-25 05:19:16,153 [Thread-268] INFO  impl.RaftServerImpl (RaftServerImpl.java:setRole(174)) - a7793eff-ada5-4527-9e0b-a0fd078cd21b@group-74FCAC2063C8: changes role from  FOLLOWER to CANDIDATE at term 0 for changeToCandidate
2019-09-25 05:19:16,153 [Thread-268] INFO  impl.RoleInfo (RoleInfo.java:updateAndGet(143)) - a7793eff-ada5-4527-9e0b-a0fd078cd21b: start LeaderElection
2019-09-25 05:19:16,176 [Thread-273] INFO  impl.FollowerState (FollowerState.java:run(106)) - ece43ade-c7f6-4378-8dfa-fbe6a8ab43cf:group-74FCAC2063C8 changes to CANDIDATE, lastRpcTime:5189, electionTimeout:5189ms
2019-09-25 05:19:16,176 [Thread-273] INFO  impl.RoleInfo (RoleInfo.java:shutdownFollowerState(121)) - ece43ade-c7f6-4378-8dfa-fbe6a8ab43cf: shutdown FollowerState
2019-09-25 05:19:16,176 [Thread-273] INFO  impl.RaftServerImpl (RaftServerImpl.java:setRole(174)) - ece43ade-c7f6-4378-8dfa-fbe6a8ab43cf@group-74FCAC2063C8: changes role from  FOLLOWER to CANDIDATE at term 0 for changeToCandidate
2019-09-25 05:19:16,176 [Thread-273] INFO  impl.RoleInfo (RoleInfo.java:updateAndGet(143)) - ece43ade-c7f6-4378-8dfa-fbe6a8ab43cf: start LeaderElection
2019-09-25 05:19:16,239 [Thread-287] INFO  impl.FollowerState (FollowerState.java:run(106)) - 8d1936ad-7e22-483e-8301-a12de2cdc2b5:group-E9952EC7D1B9 changes to CANDIDATE, lastRpcTime:5047, electionTimeout:5047ms
2019-09-25 05:19:16,239 [Thread-287] INFO  impl.RoleInfo (RoleInfo.java:shutdownFollowerState(121)) - 8d1936ad-7e22-483e-8301-a12de2cdc2b5: shutdown FollowerState
2019-09-25 05:19:16,240 [Thread-287] INFO  impl.RaftServerImpl (RaftServerImpl.java:setRole(174)) - 8d1936ad-7e22-483e-8301-a12de2cdc2b5@group-E9952EC7D1B9: changes role from  FOLLOWER to CANDIDATE at term 0 for changeToCandidate
2019-09-25 05:19:16,240 [Thread-287] INFO  impl.RoleInfo (RoleInfo.java:updateAndGet(143)) - 8d1936ad-7e22-483e-8301-a12de2cdc2b5: start LeaderElection
2019-09-25 05:19:16,297 [Thread-290] INFO  impl.FollowerState (FollowerState.java:run(106)) - dc7ea896-6e80-4fed-8727-08f73144b1fc:group-E9952EC7D1B9 changes to CANDIDATE, lastRpcTime:5104, electionTimeout:5104ms
2019-09-25 05:19:16,298 [Thread-290] INFO  impl.RoleInfo (RoleInfo.java:shutdownFollowerState(121)) - dc7ea896-6e80-4fed-8727-08f73144b1fc: shutdown FollowerState
2019-09-25 05:19:16,298 [Thread-290] INFO  impl.RaftServerImpl (RaftServerImpl.java:setRole(174)) - dc7ea896-6e80-4fed-8727-08f73144b1fc@group-E9952EC7D1B9: changes role from  FOLLOWER to CANDIDATE at term 0 for changeToCandidate
2019-09-25 05:19:16,298 [Thread-290] INFO  impl.RoleInfo (RoleInfo.java:updateAndGet(143)) - dc7ea896-6e80-4fed-8727-08f73144b1fc: start LeaderElection
2019-09-25 05:19:16,355 [Thread-288] INFO  impl.FollowerState (FollowerState.java:run(106)) - a824d2a0-4471-4a6f-a232-f84ec650292b:group-E9952EC7D1B9 changes to CANDIDATE, lastRpcTime:5162, electionTimeout:5162ms
2019-09-25 05:19:16,355 [Thread-288] INFO  impl.RoleInfo (RoleInfo.java:shutdownFollowerState(121)) - a824d2a0-4471-4a6f-a232-f84ec650292b: shutdown FollowerState
2019-09-25 05:19:16,355 [Thread-288] INFO  impl.RaftServerImpl (RaftServerImpl.java:setRole(174)) - a824d2a0-4471-4a6f-a232-f84ec650292b@group-E9952EC7D1B9: changes role from  FOLLOWER to CANDIDATE at term 0 for changeToCandidate
2019-09-25 05:19:16,355 [Thread-288] INFO  impl.RoleInfo (RoleInfo.java:updateAndGet(143)) - a824d2a0-4471-4a6f-a232-f84ec650292b: start LeaderElection
2019-09-25 05:19:17,037 [6e4b8f72-2d03-4335-a109-8ce1569ec549@group-0A753E062AF5:LeaderElection8] INFO  impl.LeaderElection (LeaderElection.java:askForVotes(182)) - 6e4b8f72-2d03-4335-a109-8ce1569ec549@group-0A753E062AF5:LeaderElection8: begin an election at term 1 for -1: [6e4b8f72-2d03-4335-a109-8ce1569ec549:192.168.36.126:38179, a7793eff-ada5-4527-9e0b-a0fd078cd21b:192.168.36.126:36914, ece43ade-c7f6-4378-8dfa-fbe6a8ab43cf:192.168.36.126:41805], old=null
2019-09-25 05:19:17,037 [ece43ade-c7f6-4378-8dfa-fbe6a8ab43cf@group-0A753E062AF5:LeaderElection9] INFO  impl.LeaderElection (LeaderElection.java:askForVotes(182)) - ece43ade-c7f6-4378-8dfa-fbe6a8ab43cf@group-0A753E062AF5:LeaderElection9: begin an election at term 1 for -1: [6e4b8f72-2d03-4335-a109-8ce1569ec549:192.168.36.126:38179, a7793eff-ada5-4527-9e0b-a0fd078cd21b:192.168.36.126:36914, ece43ade-c7f6-4378-8dfa-fbe6a8ab43cf:192.168.36.126:41805], old=null
2019-09-25 05:19:17,037 [6e4b8f72-2d03-4335-a109-8ce1569ec549@group-8C538AEF5C3F:LeaderElection4] INFO  impl.LeaderElection (LeaderElection.java:askForVotes(182)) - 6e4b8f72-2d03-4335-a109-8ce1569ec549@group-8C538AEF5C3F:LeaderElection4: begin an election at term 2 for -1: [6e4b8f72-2d03-4335-a109-8ce1569ec549:192.168.36.126:38179, a7793eff-ada5-4527-9e0b-a0fd078cd21b:192.168.36.126:36914, ece43ade-c7f6-4378-8dfa-fbe6a8ab43cf:192.168.36.126:41805], old=null
2019-09-25 05:19:17,037 [a7793eff-ada5-4527-9e0b-a0fd078cd21b@group-0A753E062AF5:LeaderElection10] INFO  impl.LeaderElection (LeaderElection.java:askForVotes(182)) - a7793eff-ada5-4527-9e0b-a0fd078cd21b@group-0A753E062AF5:LeaderElection10: begin an election at term 1 for -1: [6e4b8f72-2d03-4335-a109-8ce1569ec549:192.168.36.126:38179, a7793eff-ada5-4527-9e0b-a0fd078cd21b:192.168.36.126:36914, ece43ade-c7f6-4378-8dfa-fbe6a8ab43cf:192.168.36.126:41805], old=null
2019-09-25 05:19:17,038 [8d1936ad-7e22-483e-8301-a12de2cdc2b5@group-E9952EC7D1B9:LeaderElection14] INFO  impl.LeaderElection (LeaderElection.java:askForVotes(182)) - 8d1936ad-7e22-483e-8301-a12de2cdc2b5@group-E9952EC7D1B9:LeaderElection14: begin an election at term 1 for -1: [8d1936ad-7e22-483e-8301-a12de2cdc2b5:192.168.36.126:34366, dc7ea896-6e80-4fed-8727-08f73144b1fc:192.168.36.126:42983, a824d2a0-4471-4a6f-a232-f84ec650292b:192.168.36.126:37611], old=null
2019-09-25 05:19:17,037 [6e4b8f72-2d03-4335-a109-8ce1569ec549@group-74FCAC2063C8:LeaderElection11] INFO  impl.LeaderElection (LeaderElection.java:askForVotes(182)) - 6e4b8f72-2d03-4335-a109-8ce1569ec549@group-74FCAC2063C8:LeaderElection11: begin an election at term 1 for -1: [6e4b8f72-2d03-4335-a109-8ce1569ec549:192.168.36.126:38179, a7793eff-ada5-4527-9e0b-a0fd078cd21b:192.168.36.126:36914, ece43ade-c7f6-4378-8dfa-fbe6a8ab43cf:192.168.36.126:41805], old=null
2019-09-25 05:19:17,037 [ece43ade-c7f6-4378-8dfa-fbe6a8ab43cf@group-8C538AEF5C3F:LeaderElection6] INFO  impl.LeaderElection (LeaderElection.java:askForVotes(182)) - ece43ade-c7f6-4378-8dfa-fbe6a8ab43cf@group-8C538AEF5C3F:LeaderElection6: begin an election at term 1 for -1: [6e4b8f72-2d03-4335-a109-8ce1569ec549:192.168.36.126:38179, a7793eff-ada5-4527-9e0b-a0fd078cd21b:192.168.36.126:36914, ece43ade-c7f6-4378-8dfa-fbe6a8ab43cf:192.168.36.126:41805], old=null
2019-09-25 05:19:17,037 [ece43ade-c7f6-4378-8dfa-fbe6a8ab43cf@group-8FD984D075CB:LeaderElection3] INFO  impl.LeaderElection (LeaderElection.java:askForVotes(182)) - ece43ade-c7f6-4378-8dfa-fbe6a8ab43cf@group-8FD984D075CB:LeaderElection3: begin an election at term 1 for -1: [ece43ade-c7f6-4378-8dfa-fbe6a8ab43cf:192.168.36.126:41805], old=null
2019-09-25 05:19:17,037 [6e4b8f72-2d03-4335-a109-8ce1569ec549@group-556E169039F3:LeaderElection7] INFO  impl.LeaderElection (LeaderElection.java:askForVotes(182)) - 6e4b8f72-2d03-4335-a109-8ce1569ec549@group-556E169039F3:LeaderElection7: begin an election at term 1 for -1: [6e4b8f72-2d03-4335-a109-8ce1569ec549:192.168.36.126:38179], old=null
2019-09-25 05:19:17,037 [a7793eff-ada5-4527-9e0b-a0fd078cd21b@group-74FCAC2063C8:LeaderElection12] INFO  impl.LeaderElection (LeaderElection.java:askForVotes(182)) - a7793eff-ada5-4527-9e0b-a0fd078cd21b@group-74FCAC2063C8:LeaderElection12: begin an election at term 1 for -1: [6e4b8f72-2d03-4335-a109-8ce1569ec549:192.168.36.126:38179, a7793eff-ada5-4527-9e0b-a0fd078cd21b:192.168.36.126:36914, ece43ade-c7f6-4378-8dfa-fbe6a8ab43cf:192.168.36.126:41805], old=null
2019-09-25 05:19:17,037 [a7793eff-ada5-4527-9e0b-a0fd078cd21b@group-8C538AEF5C3F:LeaderElection5] INFO  impl.LeaderElection (LeaderElection.java:askForVotes(182)) - a7793eff-ada5-4527-9e0b-a0fd078cd21b@group-8C538AEF5C3F:LeaderElection5: begin an election at term 2 for -1: [6e4b8f72-2d03-4335-a109-8ce1569ec549:192.168.36.126:38179, a7793eff-ada5-4527-9e0b-a0fd078cd21b:192.168.36.126:36914, ece43ade-c7f6-4378-8dfa-fbe6a8ab43cf:192.168.36.126:41805], old=null
2019-09-25 05:19:17,039 [6e4b8f72-2d03-4335-a109-8ce1569ec549@group-556E169039F3:LeaderElection7] INFO  impl.RoleInfo (RoleInfo.java:shutdownLeaderElection(134)) - 6e4b8f72-2d03-4335-a109-8ce1569ec549: shutdown LeaderElection
2019-09-25 05:19:17,039 [ece43ade-c7f6-4378-8dfa-fbe6a8ab43cf@group-8FD984D075CB:LeaderElection3] INFO  impl.RoleInfo (RoleInfo.java:shutdownLeaderElection(134)) - ece43ade-c7f6-4378-8dfa-fbe6a8ab43cf: shutdown LeaderElection
2019-09-25 05:19:17,038 [dc7ea896-6e80-4fed-8727-08f73144b1fc@group-E9952EC7D1B9:LeaderElection15] INFO  impl.LeaderElection (LeaderElection.java:askForVotes(182)) - dc7ea896-6e80-4fed-8727-08f73144b1fc@group-E9952EC7D1B9:LeaderElection15: begin an election at term 1 for -1: [8d1936ad-7e22-483e-8301-a12de2cdc2b5:192.168.36.126:34366, dc7ea896-6e80-4fed-8727-08f73144b1fc:192.168.36.126:42983, a824d2a0-4471-4a6f-a232-f84ec650292b:192.168.36.126:37611], old=null
2019-09-25 05:19:17,038 [a824d2a0-4471-4a6f-a232-f84ec650292b@group-E9952EC7D1B9:LeaderElection16] INFO  impl.LeaderElection (LeaderElection.java:askForVotes(182)) - a824d2a0-4471-4a6f-a232-f84ec650292b@group-E9952EC7D1B9:LeaderElection16: begin an election at term 1 for -1: [8d1936ad-7e22-483e-8301-a12de2cdc2b5:192.168.36.126:34366, dc7ea896-6e80-4fed-8727-08f73144b1fc:192.168.36.126:42983, a824d2a0-4471-4a6f-a232-f84ec650292b:192.168.36.126:37611], old=null
2019-09-25 05:19:17,038 [ece43ade-c7f6-4378-8dfa-fbe6a8ab43cf@group-74FCAC2063C8:LeaderElection13] INFO  impl.LeaderElection (LeaderElection.java:askForVotes(182)) - ece43ade-c7f6-4378-8dfa-fbe6a8ab43cf@group-74FCAC2063C8:LeaderElection13: begin an election at term 1 for -1: [6e4b8f72-2d03-4335-a109-8ce1569ec549:192.168.36.126:38179, a7793eff-ada5-4527-9e0b-a0fd078cd21b:192.168.36.126:36914, ece43ade-c7f6-4378-8dfa-fbe6a8ab43cf:192.168.36.126:41805], old=null
2019-09-25 05:19:17,040 [ece43ade-c7f6-4378-8dfa-fbe6a8ab43cf@group-8FD984D075CB:LeaderElection3] INFO  impl.RaftServerImpl (RaftServerImpl.java:setRole(174)) - ece43ade-c7f6-4378-8dfa-fbe6a8ab43cf@group-8FD984D075CB: changes role from CANDIDATE to LEADER at term 1 for changeToLeader
2019-09-25 05:19:17,039 [6e4b8f72-2d03-4335-a109-8ce1569ec549@group-556E169039F3:LeaderElection7] INFO  impl.RaftServerImpl (RaftServerImpl.java:setRole(174)) - 6e4b8f72-2d03-4335-a109-8ce1569ec549@group-556E169039F3: changes role from CANDIDATE to LEADER at term 1 for changeToLeader
2019-09-25 05:19:17,048 [6e4b8f72-2d03-4335-a109-8ce1569ec549@group-556E169039F3:LeaderElection7] INFO  impl.RaftServerImpl (ServerState.java:setLeader(253)) - 6e4b8f72-2d03-4335-a109-8ce1569ec549@group-556E169039F3: change Leader from null to 6e4b8f72-2d03-4335-a109-8ce1569ec549 at term 1 for becomeLeader, leader elected after 6113ms
2019-09-25 05:19:17,048 [ece43ade-c7f6-4378-8dfa-fbe6a8ab43cf@group-8FD984D075CB:LeaderElection3] INFO  impl.RaftServerImpl (ServerState.java:setLeader(253)) - ece43ade-c7f6-4378-8dfa-fbe6a8ab43cf@group-8FD984D075CB: change Leader from null to ece43ade-c7f6-4378-8dfa-fbe6a8ab43cf at term 1 for becomeLeader, leader elected after 16029ms
2019-09-25 05:19:17,082 [6e4b8f72-2d03-4335-a109-8ce1569ec549@group-556E169039F3:LeaderElection7] INFO  server.RaftServerConfigKeys (ConfUtils.java:logGet(43)) - raft.server.staging.catchup.gap = 1000 (default)
2019-09-25 05:19:17,082 [ece43ade-c7f6-4378-8dfa-fbe6a8ab43cf@group-8FD984D075CB:LeaderElection3] INFO  server.RaftServerConfigKeys (ConfUtils.java:logGet(43)) - raft.server.staging.catchup.gap = 1000 (default)
2019-09-25 05:19:17,083 [6e4b8f72-2d03-4335-a109-8ce1569ec549@group-556E169039F3:LeaderElection7] INFO  server.RaftServerConfigKeys (ConfUtils.java:logGet(43)) - raft.server.rpc.sleep.time = 25ms (default)
2019-09-25 05:19:17,083 [ece43ade-c7f6-4378-8dfa-fbe6a8ab43cf@group-8FD984D075CB:LeaderElection3] INFO  server.RaftServerConfigKeys (ConfUtils.java:logGet(43)) - raft.server.rpc.sleep.time = 25ms (default)
2019-09-25 05:19:17,084 [grpc-default-executor-1] INFO  impl.RaftServerImpl (RaftServerImpl.java:setRole(174)) - ece43ade-c7f6-4378-8dfa-fbe6a8ab43cf@group-8C538AEF5C3F: changes role from CANDIDATE to FOLLOWER at term 2 for recognizeCandidate:6e4b8f72-2d03-4335-a109-8ce1569ec549
2019-09-25 05:19:17,085 [grpc-default-executor-1] INFO  impl.RoleInfo (RoleInfo.java:shutdownLeaderElection(134)) - ece43ade-c7f6-4378-8dfa-fbe6a8ab43cf: shutdown LeaderElection
2019-09-25 05:19:17,085 [grpc-default-executor-1] INFO  impl.RoleInfo (RoleInfo.java:updateAndGet(143)) - ece43ade-c7f6-4378-8dfa-fbe6a8ab43cf: start FollowerState
2019-09-25 05:19:17,090 [ece43ade-c7f6-4378-8dfa-fbe6a8ab43cf@group-8FD984D075CB:LeaderElection3] INFO  server.RaftServerConfigKeys (ConfUtils.java:logGet(43)) - raft.server.write.element-limit = 4096 (default)
2019-09-25 05:19:17,091 [6e4b8f72-2d03-4335-a109-8ce1569ec549@group-556E169039F3:LeaderElection7] INFO  server.RaftServerConfigKeys (ConfUtils.java:logGet(43)) - raft.server.write.element-limit = 4096 (default)
2019-09-25 05:19:17,098 [ece43ade-c7f6-4378-8dfa-fbe6a8ab43cf@group-8FD984D075CB:LeaderElection3] INFO  server.RaftServerConfigKeys (ConfUtils.java:logGet(43)) - raft.server.watch.timeout = 10s (default)
2019-09-25 05:19:17,098 [6e4b8f72-2d03-4335-a109-8ce1569ec549@group-556E169039F3:LeaderElection7] INFO  server.RaftServerConfigKeys (ConfUtils.java:logGet(43)) - raft.server.watch.timeout = 10s (default)
2019-09-25 05:19:17,100 [ece43ade-c7f6-4378-8dfa-fbe6a8ab43cf@group-8FD984D075CB:LeaderElection3] INFO  server.RaftServerConfigKeys (ConfUtils.java:logGet(43)) - raft.server.watch.timeout.denomination = 1s (default)
2019-09-25 05:19:17,100 [6e4b8f72-2d03-4335-a109-8ce1569ec549@group-556E169039F3:LeaderElection7] INFO  server.RaftServerConfigKeys (ConfUtils.java:logGet(43)) - raft.server.watch.timeout.denomination = 1s (default)
2019-09-25 05:19:17,107 [ece43ade-c7f6-4378-8dfa-fbe6a8ab43cf@group-8FD984D075CB:LeaderElection3] INFO  server.RaftServerConfigKeys (ConfUtils.java:logGet(43)) - raft.server.watch.element-limit = 65536 (default)
2019-09-25 05:19:17,122 [6e4b8f72-2d03-4335-a109-8ce1569ec549@group-556E169039F3:LeaderElection7] INFO  server.RaftServerConfigKeys (ConfUtils.java:logGet(43)) - raft.server.watch.element-limit = 65536 (default)
2019-09-25 05:19:17,123 [6e4b8f72-2d03-4335-a109-8ce1569ec549@group-0A753E062AF5:LeaderElection8] INFO  impl.LeaderElection (LeaderElection.java:logAndReturn(56)) - 6e4b8f72-2d03-4335-a109-8ce1569ec549@group-0A753E062AF5:LeaderElection8: Election REJECTED; received 2 response(s) [6e4b8f72-2d03-4335-a109-8ce1569ec549<-a7793eff-ada5-4527-9e0b-a0fd078cd21b#0:FAIL-t1, 6e4b8f72-2d03-4335-a109-8ce1569ec549<-ece43ade-c7f6-4378-8dfa-fbe6a8ab43cf#0:FAIL-t1] and 0 exception(s); 6e4b8f72-2d03-4335-a109-8ce1569ec549@group-0A753E062AF5:t1, leader=null, voted=6e4b8f72-2d03-4335-a109-8ce1569ec549, raftlog=6e4b8f72-2d03-4335-a109-8ce1569ec549@group-0A753E062AF5-SegmentedRaftLog:OPENED:c-1,f-1,i0, conf=-1: [6e4b8f72-2d03-4335-a109-8ce1569ec549:192.168.36.126:38179, a7793eff-ada5-4527-9e0b-a0fd078cd21b:192.168.36.126:36914, ece43ade-c7f6-4378-8dfa-fbe6a8ab43cf:192.168.36.126:41805], old=null
2019-09-25 05:19:17,125 [6e4b8f72-2d03-4335-a109-8ce1569ec549@group-0A753E062AF5:LeaderElection8] INFO  impl.RaftServerImpl (RaftServerImpl.java:setRole(174)) - 6e4b8f72-2d03-4335-a109-8ce1569ec549@group-0A753E062AF5: changes role from CANDIDATE to FOLLOWER at term 1 for DISCOVERED_A_NEW_TERM
2019-09-25 05:19:17,127 [6e4b8f72-2d03-4335-a109-8ce1569ec549@group-0A753E062AF5:LeaderElection8] INFO  impl.RoleInfo (RoleInfo.java:shutdownLeaderElection(134)) - 6e4b8f72-2d03-4335-a109-8ce1569ec549: shutdown LeaderElection
2019-09-25 05:19:17,127 [6e4b8f72-2d03-4335-a109-8ce1569ec549@group-0A753E062AF5:LeaderElection8] INFO  impl.RoleInfo (RoleInfo.java:updateAndGet(143)) - 6e4b8f72-2d03-4335-a109-8ce1569ec549: start FollowerState
2019-09-25 05:19:17,137 [a7793eff-ada5-4527-9e0b-a0fd078cd21b@group-74FCAC2063C8:LeaderElection12] INFO  impl.LeaderElection (LeaderElection.java:logAndReturn(56)) - a7793eff-ada5-4527-9e0b-a0fd078cd21b@group-74FCAC2063C8:LeaderElection12: Election REJECTED; received 2 response(s) [a7793eff-ada5-4527-9e0b-a0fd078cd21b<-6e4b8f72-2d03-4335-a109-8ce1569ec549#0:FAIL-t1, a7793eff-ada5-4527-9e0b-a0fd078cd21b<-ece43ade-c7f6-4378-8dfa-fbe6a8ab43cf#0:FAIL-t1] and 0 exception(s); a7793eff-ada5-4527-9e0b-a0fd078cd21b@group-74FCAC2063C8:t1, leader=null, voted=a7793eff-ada5-4527-9e0b-a0fd078cd21b, raftlog=a7793eff-ada5-4527-9e0b-a0fd078cd21b@group-74FCAC2063C8-SegmentedRaftLog:OPENED:c-1,f-1,i0, conf=-1: [6e4b8f72-2d03-4335-a109-8ce1569ec549:192.168.36.126:38179, a7793eff-ada5-4527-9e0b-a0fd078cd21b:192.168.36.126:36914, ece43ade-c7f6-4378-8dfa-fbe6a8ab43cf:192.168.36.126:41805], old=null
2019-09-25 05:19:17,139 [a7793eff-ada5-4527-9e0b-a0fd078cd21b@group-74FCAC2063C8:LeaderElection12] INFO  impl.RaftServerImpl (RaftServerImpl.java:setRole(174)) - a7793eff-ada5-4527-9e0b-a0fd078cd21b@group-74FCAC2063C8: changes role from CANDIDATE to FOLLOWER at term 1 for DISCOVERED_A_NEW_TERM
2019-09-25 05:19:17,141 [a7793eff-ada5-4527-9e0b-a0fd078cd21b@group-74FCAC2063C8:LeaderElection12] INFO  impl.RoleInfo (RoleInfo.java:shutdownLeaderElection(134)) - a7793eff-ada5-4527-9e0b-a0fd078cd21b: shutdown LeaderElection
2019-09-25 05:19:17,143 [a7793eff-ada5-4527-9e0b-a0fd078cd21b@group-74FCAC2063C8:LeaderElection12] INFO  impl.RoleInfo (RoleInfo.java:updateAndGet(143)) - a7793eff-ada5-4527-9e0b-a0fd078cd21b: start FollowerState
2019-09-25 05:19:17,144 [a7793eff-ada5-4527-9e0b-a0fd078cd21b@group-0A753E062AF5:LeaderElection10] INFO  impl.LeaderElection (LeaderElection.java:logAndReturn(56)) - a7793eff-ada5-4527-9e0b-a0fd078cd21b@group-0A753E062AF5:LeaderElection10: Election REJECTED; received 2 response(s) [a7793eff-ada5-4527-9e0b-a0fd078cd21b<-6e4b8f72-2d03-4335-a109-8ce1569ec549#0:FAIL-t1, a7793eff-ada5-4527-9e0b-a0fd078cd21b<-ece43ade-c7f6-4378-8dfa-fbe6a8ab43cf#0:FAIL-t1] and 0 exception(s); a7793eff-ada5-4527-9e0b-a0fd078cd21b@group-0A753E062AF5:t1, leader=null, voted=a7793eff-ada5-4527-9e0b-a0fd078cd21b, raftlog=a7793eff-ada5-4527-9e0b-a0fd078cd21b@group-0A753E062AF5-SegmentedRaftLog:OPENED:c-1,f-1,i0, conf=-1: [6e4b8f72-2d03-4335-a109-8ce1569ec549:192.168.36.126:38179, a7793eff-ada5-4527-9e0b-a0fd078cd21b:192.168.36.126:36914, ece43ade-c7f6-4378-8dfa-fbe6a8ab43cf:192.168.36.126:41805], old=null
2019-09-25 05:19:17,146 [a824d2a0-4471-4a6f-a232-f84ec650292b@group-E9952EC7D1B9:LeaderElection16] INFO  impl.LeaderElection (LeaderElection.java:logAndReturn(56)) - a824d2a0-4471-4a6f-a232-f84ec650292b@group-E9952EC7D1B9:LeaderElection16: Election REJECTED; received 2 response(s) [a824d2a0-4471-4a6f-a232-f84ec650292b<-8d1936ad-7e22-483e-8301-a12de2cdc2b5#0:FAIL-t1, a824d2a0-4471-4a6f-a232-f84ec650292b<-dc7ea896-6e80-4fed-8727-08f73144b1fc#0:FAIL-t1] and 0 exception(s); a824d2a0-4471-4a6f-a232-f84ec650292b@group-E9952EC7D1B9:t1, leader=null, voted=a824d2a0-4471-4a6f-a232-f84ec650292b, raftlog=a824d2a0-4471-4a6f-a232-f84ec650292b@group-E9952EC7D1B9-SegmentedRaftLog:OPENED:c-1,f-1,i0, conf=-1: [8d1936ad-7e22-483e-8301-a12de2cdc2b5:192.168.36.126:34366, dc7ea896-6e80-4fed-8727-08f73144b1fc:192.168.36.126:42983, a824d2a0-4471-4a6f-a232-f84ec650292b:192.168.36.126:37611], old=null
2019-09-25 05:19:17,148 [a7793eff-ada5-4527-9e0b-a0fd078cd21b@group-0A753E062AF5:LeaderElection10] INFO  impl.RaftServerImpl (RaftServerImpl.java:setRole(174)) - a7793eff-ada5-4527-9e0b-a0fd078cd21b@group-0A753E062AF5: changes role from CANDIDATE to FOLLOWER at term 1 for DISCOVERED_A_NEW_TERM
2019-09-25 05:19:17,155 [a824d2a0-4471-4a6f-a232-f84ec650292b@group-E9952EC7D1B9:LeaderElection16] INFO  impl.RaftServerImpl (RaftServerImpl.java:setRole(174)) - a824d2a0-4471-4a6f-a232-f84ec650292b@group-E9952EC7D1B9: changes role from CANDIDATE to FOLLOWER at term 1 for DISCOVERED_A_NEW_TERM
2019-09-25 05:19:17,157 [a7793eff-ada5-4527-9e0b-a0fd078cd21b@group-0A753E062AF5:LeaderElection10] INFO  impl.RoleInfo (RoleInfo.java:shutdownLeaderElection(134)) - a7793eff-ada5-4527-9e0b-a0fd078cd21b: shutdown LeaderElection
2019-09-25 05:19:17,158 [ece43ade-c7f6-4378-8dfa-fbe6a8ab43cf@group-8C538AEF5C3F:LeaderElection6] INFO  impl.LeaderElection (LeaderElection.java:logAndReturn(56)) - ece43ade-c7f6-4378-8dfa-fbe6a8ab43cf@group-8C538AEF5C3F:LeaderElection6: Election DISCOVERED_A_NEW_TERM; received 1 response(s) [ece43ade-c7f6-4378-8dfa-fbe6a8ab43cf<-a7793eff-ada5-4527-9e0b-a0fd078cd21b#0:FAIL-t2] and 0 exception(s); ece43ade-c7f6-4378-8dfa-fbe6a8ab43cf@group-8C538AEF5C3F:t2, leader=null, voted=null, raftlog=ece43ade-c7f6-4378-8dfa-fbe6a8ab43cf@group-8C538AEF5C3F-SegmentedRaftLog:OPENED:c-1,f-1,i0, conf=-1: [6e4b8f72-2d03-4335-a109-8ce1569ec549:192.168.36.126:38179, a7793eff-ada5-4527-9e0b-a0fd078cd21b:192.168.36.126:36914, ece43ade-c7f6-4378-8dfa-fbe6a8ab43cf:192.168.36.126:41805], old=null
2019-09-25 05:19:17,158 [a824d2a0-4471-4a6f-a232-f84ec650292b@group-E9952EC7D1B9:LeaderElection16] INFO  impl.RoleInfo (RoleInfo.java:shutdownLeaderElection(134)) - a824d2a0-4471-4a6f-a232-f84ec650292b: shutdown LeaderElection
2019-09-25 05:19:17,158 [a7793eff-ada5-4527-9e0b-a0fd078cd21b@group-0A753E062AF5:LeaderElection10] INFO  impl.RoleInfo (RoleInfo.java:updateAndGet(143)) - a7793eff-ada5-4527-9e0b-a0fd078cd21b: start FollowerState
2019-09-25 05:19:17,160 [a824d2a0-4471-4a6f-a232-f84ec650292b@group-E9952EC7D1B9:LeaderElection16] INFO  impl.RoleInfo (RoleInfo.java:updateAndGet(143)) - a824d2a0-4471-4a6f-a232-f84ec650292b: start FollowerState
2019-09-25 05:19:17,166 [ece43ade-c7f6-4378-8dfa-fbe6a8ab43cf@group-74FCAC2063C8:LeaderElection13] INFO  impl.LeaderElection (LeaderElection.java:logAndReturn(56)) - ece43ade-c7f6-4378-8dfa-fbe6a8ab43cf@group-74FCAC2063C8:LeaderElection13: Election REJECTED; received 2 response(s) [ece43ade-c7f6-4378-8dfa-fbe6a8ab43cf<-6e4b8f72-2d03-4335-a109-8ce1569ec549#0:FAIL-t1, ece43ade-c7f6-4378-8dfa-fbe6a8ab43cf<-a7793eff-ada5-4527-9e0b-a0fd078cd21b#0:FAIL-t1] and 0 exception(s); ece43ade-c7f6-4378-8dfa-fbe6a8ab43cf@group-74FCAC2063C8:t1, leader=null, voted=ece43ade-c7f6-4378-8dfa-fbe6a8ab43cf, raftlog=ece43ade-c7f6-4378-8dfa-fbe6a8ab43cf@group-74FCAC2063C8-SegmentedRaftLog:OPENED:c-1,f-1,i0, conf=-1: [6e4b8f72-2d03-4335-a109-8ce1569ec549:192.168.36.126:38179, a7793eff-ada5-4527-9e0b-a0fd078cd21b:192.168.36.126:36914, ece43ade-c7f6-4378-8dfa-fbe6a8ab43cf:192.168.36.126:41805], old=null
2019-09-25 05:19:17,166 [ece43ade-c7f6-4378-8dfa-fbe6a8ab43cf@group-74FCAC2063C8:LeaderElection13] INFO  impl.RaftServerImpl (RaftServerImpl.java:setRole(174)) - ece43ade-c7f6-4378-8dfa-fbe6a8ab43cf@group-74FCAC2063C8: changes role from CANDIDATE to FOLLOWER at term 1 for DISCOVERED_A_NEW_TERM
2019-09-25 05:19:17,167 [6e4b8f72-2d03-4335-a109-8ce1569ec549@group-74FCAC2063C8:LeaderElection11] INFO  impl.LeaderElection (LeaderElection.java:logAndReturn(56)) - 6e4b8f72-2d03-4335-a109-8ce1569ec549@group-74FCAC2063C8:LeaderElection11: Election REJECTED; received 2 response(s) [6e4b8f72-2d03-4335-a109-8ce1569ec549<-a7793eff-ada5-4527-9e0b-a0fd078cd21b#0:FAIL-t1, 6e4b8f72-2d03-4335-a109-8ce1569ec549<-ece43ade-c7f6-4378-8dfa-fbe6a8ab43cf#0:FAIL-t1] and 0 exception(s); 6e4b8f72-2d03-4335-a109-8ce1569ec549@group-74FCAC2063C8:t1, leader=null, voted=6e4b8f72-2d03-4335-a109-8ce1569ec549, raftlog=6e4b8f72-2d03-4335-a109-8ce1569ec549@group-74FCAC2063C8-SegmentedRaftLog:OPENED:c-1,f-1,i0, conf=-1: [6e4b8f72-2d03-4335-a109-8ce1569ec549:192.168.36.126:38179, a7793eff-ada5-4527-9e0b-a0fd078cd21b:192.168.36.126:36914, ece43ade-c7f6-4378-8dfa-fbe6a8ab43cf:192.168.36.126:41805], old=null
2019-09-25 05:19:17,168 [ece43ade-c7f6-4378-8dfa-fbe6a8ab43cf@group-0A753E062AF5:LeaderElection9] INFO  impl.LeaderElection (LeaderElection.java:logAndReturn(56)) - ece43ade-c7f6-4378-8dfa-fbe6a8ab43cf@group-0A753E062AF5:LeaderElection9: Election REJECTED; received 2 response(s) [ece43ade-c7f6-4378-8dfa-fbe6a8ab43cf<-6e4b8f72-2d03-4335-a109-8ce1569ec549#0:FAIL-t1, ece43ade-c7f6-4378-8dfa-fbe6a8ab43cf<-a7793eff-ada5-4527-9e0b-a0fd078cd21b#0:FAIL-t1] and 0 exception(s); ece43ade-c7f6-4378-8dfa-fbe6a8ab43cf@group-0A753E062AF5:t1, leader=null, voted=ece43ade-c7f6-4378-8dfa-fbe6a8ab43cf, raftlog=ece43ade-c7f6-4378-8dfa-fbe6a8ab43cf@group-0A753E062AF5-SegmentedRaftLog:OPENED:c-1,f-1,i0, conf=-1: [6e4b8f72-2d03-4335-a109-8ce1569ec549:192.168.36.126:38179, a7793eff-ada5-4527-9e0b-a0fd078cd21b:192.168.36.126:36914, ece43ade-c7f6-4378-8dfa-fbe6a8ab43cf:192.168.36.126:41805], old=null
2019-09-25 05:19:17,167 [ece43ade-c7f6-4378-8dfa-fbe6a8ab43cf@group-74FCAC2063C8:LeaderElection13] INFO  impl.RoleInfo (RoleInfo.java:shutdownLeaderElection(134)) - ece43ade-c7f6-4378-8dfa-fbe6a8ab43cf: shutdown LeaderElection
2019-09-25 05:19:17,168 [6e4b8f72-2d03-4335-a109-8ce1569ec549@group-74FCAC2063C8:LeaderElection11] INFO  impl.RaftServerImpl (RaftServerImpl.java:setRole(174)) - 6e4b8f72-2d03-4335-a109-8ce1569ec549@group-74FCAC2063C8: changes role from CANDIDATE to FOLLOWER at term 1 for DISCOVERED_A_NEW_TERM
2019-09-25 05:19:17,172 [ece43ade-c7f6-4378-8dfa-fbe6a8ab43cf@group-0A753E062AF5:LeaderElection9] INFO  impl.RaftServerImpl (RaftServerImpl.java:setRole(174)) - ece43ade-c7f6-4378-8dfa-fbe6a8ab43cf@group-0A753E062AF5: changes role from CANDIDATE to FOLLOWER at term 1 for DISCOVERED_A_NEW_TERM
2019-09-25 05:19:17,173 [ece43ade-c7f6-4378-8dfa-fbe6a8ab43cf@group-74FCAC2063C8:LeaderElection13] INFO  impl.RoleInfo (RoleInfo.java:updateAndGet(143)) - ece43ade-c7f6-4378-8dfa-fbe6a8ab43cf: start FollowerState
2019-09-25 05:19:17,173 [6e4b8f72-2d03-4335-a109-8ce1569ec549@group-74FCAC2063C8:LeaderElection11] INFO  impl.RoleInfo (RoleInfo.java:shutdownLeaderElection(134)) - 6e4b8f72-2d03-4335-a109-8ce1569ec549: shutdown LeaderElection
2019-09-25 05:19:17,173 [ece43ade-c7f6-4378-8dfa-fbe6a8ab43cf@group-0A753E062AF5:LeaderElection9] INFO  impl.RoleInfo (RoleInfo.java:shutdownLeaderElection(134)) - ece43ade-c7f6-4378-8dfa-fbe6a8ab43cf: shutdown LeaderElection
2019-09-25 05:19:17,174 [dc7ea896-6e80-4fed-8727-08f73144b1fc@group-E9952EC7D1B9:LeaderElection15] INFO  impl.LeaderElection (LeaderElection.java:logAndReturn(56)) - dc7ea896-6e80-4fed-8727-08f73144b1fc@group-E9952EC7D1B9:LeaderElection15: Election REJECTED; received 2 response(s) [dc7ea896-6e80-4fed-8727-08f73144b1fc<-8d1936ad-7e22-483e-8301-a12de2cdc2b5#0:FAIL-t1, dc7ea896-6e80-4fed-8727-08f73144b1fc<-a824d2a0-4471-4a6f-a232-f84ec650292b#0:FAIL-t1] and 0 exception(s); dc7ea896-6e80-4fed-8727-08f73144b1fc@group-E9952EC7D1B9:t1, leader=null, voted=dc7ea896-6e80-4fed-8727-08f73144b1fc, raftlog=dc7ea896-6e80-4fed-8727-08f73144b1fc@group-E9952EC7D1B9-SegmentedRaftLog:OPENED:c-1,f-1,i0, conf=-1: [8d1936ad-7e22-483e-8301-a12de2cdc2b5:192.168.36.126:34366, dc7ea896-6e80-4fed-8727-08f73144b1fc:192.168.36.126:42983, a824d2a0-4471-4a6f-a232-f84ec650292b:192.168.36.126:37611], old=null
2019-09-25 05:19:17,174 [6e4b8f72-2d03-4335-a109-8ce1569ec549@group-74FCAC2063C8:LeaderElection11] INFO  impl.RoleInfo (RoleInfo.java:updateAndGet(143)) - 6e4b8f72-2d03-4335-a109-8ce1569ec549: start FollowerState
2019-09-25 05:19:17,174 [dc7ea896-6e80-4fed-8727-08f73144b1fc@group-E9952EC7D1B9:LeaderElection15] INFO  impl.RaftServerImpl (RaftServerImpl.java:setRole(174)) - dc7ea896-6e80-4fed-8727-08f73144b1fc@group-E9952EC7D1B9: changes role from CANDIDATE to FOLLOWER at term 1 for DISCOVERED_A_NEW_TERM
2019-09-25 05:19:17,177 [dc7ea896-6e80-4fed-8727-08f73144b1fc@group-E9952EC7D1B9:LeaderElection15] INFO  impl.RoleInfo (RoleInfo.java:shutdownLeaderElection(134)) - dc7ea896-6e80-4fed-8727-08f73144b1fc: shutdown LeaderElection
2019-09-25 05:19:17,174 [ece43ade-c7f6-4378-8dfa-fbe6a8ab43cf@group-0A753E062AF5:LeaderElection9] INFO  impl.RoleInfo (RoleInfo.java:updateAndGet(143)) - ece43ade-c7f6-4378-8dfa-fbe6a8ab43cf: start FollowerState
2019-09-25 05:19:17,178 [dc7ea896-6e80-4fed-8727-08f73144b1fc@group-E9952EC7D1B9:LeaderElection15] INFO  impl.RoleInfo (RoleInfo.java:updateAndGet(143)) - dc7ea896-6e80-4fed-8727-08f73144b1fc: start FollowerState
2019-09-25 05:19:17,178 [8d1936ad-7e22-483e-8301-a12de2cdc2b5@group-E9952EC7D1B9:LeaderElection14] INFO  impl.LeaderElection (LeaderElection.java:logAndReturn(56)) - 8d1936ad-7e22-483e-8301-a12de2cdc2b5@group-E9952EC7D1B9:LeaderElection14: Election REJECTED; received 2 response(s) [8d1936ad-7e22-483e-8301-a12de2cdc2b5<-dc7ea896-6e80-4fed-8727-08f73144b1fc#0:FAIL-t1, 8d1936ad-7e22-483e-8301-a12de2cdc2b5<-a824d2a0-4471-4a6f-a232-f84ec650292b#0:FAIL-t1] and 0 exception(s); 8d1936ad-7e22-483e-8301-a12de2cdc2b5@group-E9952EC7D1B9:t1, leader=null, voted=8d1936ad-7e22-483e-8301-a12de2cdc2b5, raftlog=8d1936ad-7e22-483e-8301-a12de2cdc2b5@group-E9952EC7D1B9-SegmentedRaftLog:OPENED:c-1,f-1,i0, conf=-1: [8d1936ad-7e22-483e-8301-a12de2cdc2b5:192.168.36.126:34366, dc7ea896-6e80-4fed-8727-08f73144b1fc:192.168.36.126:42983, a824d2a0-4471-4a6f-a232-f84ec650292b:192.168.36.126:37611], old=null
2019-09-25 05:19:17,178 [8d1936ad-7e22-483e-8301-a12de2cdc2b5@group-E9952EC7D1B9:LeaderElection14] INFO  impl.RaftServerImpl (RaftServerImpl.java:setRole(174)) - 8d1936ad-7e22-483e-8301-a12de2cdc2b5@group-E9952EC7D1B9: changes role from CANDIDATE to FOLLOWER at term 1 for DISCOVERED_A_NEW_TERM
2019-09-25 05:19:17,178 [8d1936ad-7e22-483e-8301-a12de2cdc2b5@group-E9952EC7D1B9:LeaderElection14] INFO  impl.RoleInfo (RoleInfo.java:shutdownLeaderElection(134)) - 8d1936ad-7e22-483e-8301-a12de2cdc2b5: shutdown LeaderElection
2019-09-25 05:19:17,179 [8d1936ad-7e22-483e-8301-a12de2cdc2b5@group-E9952EC7D1B9:LeaderElection14] INFO  impl.RoleInfo (RoleInfo.java:updateAndGet(143)) - 8d1936ad-7e22-483e-8301-a12de2cdc2b5: start FollowerState
2019-09-25 05:19:17,189 [ece43ade-c7f6-4378-8dfa-fbe6a8ab43cf@group-8FD984D075CB:LeaderElection3] INFO  impl.RoleInfo (RoleInfo.java:updateAndGet(143)) - ece43ade-c7f6-4378-8dfa-fbe6a8ab43cf: start LeaderState
2019-09-25 05:19:17,190 [6e4b8f72-2d03-4335-a109-8ce1569ec549@group-556E169039F3:LeaderElection7] INFO  impl.RoleInfo (RoleInfo.java:updateAndGet(143)) - 6e4b8f72-2d03-4335-a109-8ce1569ec549: start LeaderState
2019-09-25 05:19:17,211 [6e4b8f72-2d03-4335-a109-8ce1569ec549@group-556E169039F3:LeaderElection7] INFO  segmented.SegmentedRaftLogWorker (SegmentedRaftLogWorker.java:startLogSegment(380)) - 6e4b8f72-2d03-4335-a109-8ce1569ec549@group-556E169039F3-SegmentedRaftLogWorker: Starting segment from index:0
2019-09-25 05:19:17,211 [ece43ade-c7f6-4378-8dfa-fbe6a8ab43cf@group-8FD984D075CB:LeaderElection3] INFO  segmented.SegmentedRaftLogWorker (SegmentedRaftLogWorker.java:startLogSegment(380)) - ece43ade-c7f6-4378-8dfa-fbe6a8ab43cf@group-8FD984D075CB-SegmentedRaftLogWorker: Starting segment from index:0
2019-09-25 05:19:17,223 [ece43ade-c7f6-4378-8dfa-fbe6a8ab43cf@group-8FD984D075CB:LeaderElection3] INFO  impl.RaftServerImpl (ServerState.java:setRaftConf(354)) - ece43ade-c7f6-4378-8dfa-fbe6a8ab43cf@group-8FD984D075CB: set configuration 0: [ece43ade-c7f6-4378-8dfa-fbe6a8ab43cf:192.168.36.126:41805], old=null at 0
2019-09-25 05:19:17,223 [6e4b8f72-2d03-4335-a109-8ce1569ec549@group-556E169039F3:LeaderElection7] INFO  impl.RaftServerImpl (ServerState.java:setRaftConf(354)) - 6e4b8f72-2d03-4335-a109-8ce1569ec549@group-556E169039F3: set configuration 0: [6e4b8f72-2d03-4335-a109-8ce1569ec549:192.168.36.126:38179], old=null at 0
2019-09-25 05:19:20,043 [6e4b8f72-2d03-4335-a109-8ce1569ec549@group-8C538AEF5C3F:LeaderElection4] INFO  impl.LeaderElection (LogUtils.java:infoOrTrace(149)) - 6e4b8f72-2d03-4335-a109-8ce1569ec549@group-8C538AEF5C3F:LeaderElection4 got exception when requesting votes: {}
java.util.concurrent.ExecutionException: org.apache.ratis.thirdparty.io.grpc.StatusRuntimeException: DEADLINE_EXCEEDED: deadline exceeded after 2995674909ns
	at java.util.concurrent.FutureTask.report(FutureTask.java:122)
	at java.util.concurrent.FutureTask.get(FutureTask.java:192)
	at org.apache.ratis.server.impl.LeaderElection.waitForResults(LeaderElection.java:263)
	at org.apache.ratis.server.impl.LeaderElection.askForVotes(LeaderElection.java:201)
	at org.apache.ratis.server.impl.LeaderElection.run(LeaderElection.java:133)
	at java.lang.Thread.run(Thread.java:748)
Caused by: org.apache.ratis.thirdparty.io.grpc.StatusRuntimeException: DEADLINE_EXCEEDED: deadline exceeded after 2995674909ns
	at org.apache.ratis.thirdparty.io.grpc.stub.ClientCalls.toStatusRuntimeException(ClientCalls.java:233)
	at org.apache.ratis.thirdparty.io.grpc.stub.ClientCalls.getUnchecked(ClientCalls.java:214)
	at org.apache.ratis.thirdparty.io.grpc.stub.ClientCalls.blockingUnaryCall(ClientCalls.java:139)
	at org.apache.ratis.proto.grpc.RaftServerProtocolServiceGrpc$RaftServerProtocolServiceBlockingStub.requestVote(RaftServerProtocolServiceGrpc.java:265)
	at org.apache.ratis.grpc.server.GrpcServerProtocolClient.requestVote(GrpcServerProtocolClient.java:90)
	at org.apache.ratis.grpc.server.GrpcService.requestVote(GrpcService.java:204)
	at org.apache.ratis.server.impl.LeaderElection.lambda$submitRequests$1(LeaderElection.java:238)
	at java.util.concurrent.FutureTask.run(FutureTask.java:266)
	at java.util.concurrent.Executors$RunnableAdapter.call(Executors.java:511)
	at java.util.concurrent.FutureTask.run(FutureTask.java:266)
	at java.util.concurrent.ThreadPoolExecutor.runWorker(ThreadPoolExecutor.java:1149)
	at java.util.concurrent.ThreadPoolExecutor$Worker.run(ThreadPoolExecutor.java:624)
	... 1 more
2019-09-25 05:19:20,047 [6e4b8f72-2d03-4335-a109-8ce1569ec549@group-8C538AEF5C3F:LeaderElection4] INFO  impl.LeaderElection (LeaderElection.java:logAndReturn(56)) - 6e4b8f72-2d03-4335-a109-8ce1569ec549@group-8C538AEF5C3F:LeaderElection4: Election REJECTED; received 1 response(s) [6e4b8f72-2d03-4335-a109-8ce1569ec549<-a7793eff-ada5-4527-9e0b-a0fd078cd21b#0:FAIL-t2] and 1 exception(s); 6e4b8f72-2d03-4335-a109-8ce1569ec549@group-8C538AEF5C3F:t2, leader=null, voted=6e4b8f72-2d03-4335-a109-8ce1569ec549, raftlog=6e4b8f72-2d03-4335-a109-8ce1569ec549@group-8C538AEF5C3F-SegmentedRaftLog:OPENED:c-1,f-1,i0, conf=-1: [6e4b8f72-2d03-4335-a109-8ce1569ec549:192.168.36.126:38179, a7793eff-ada5-4527-9e0b-a0fd078cd21b:192.168.36.126:36914, ece43ade-c7f6-4378-8dfa-fbe6a8ab43cf:192.168.36.126:41805], old=null
2019-09-25 05:19:20,047 [6e4b8f72-2d03-4335-a109-8ce1569ec549@group-8C538AEF5C3F:LeaderElection4] INFO  impl.LeaderElection (LogUtils.java:infoOrTrace(149)) -   Exception 0: {}
java.util.concurrent.ExecutionException: org.apache.ratis.thirdparty.io.grpc.StatusRuntimeException: DEADLINE_EXCEEDED: deadline exceeded after 2995674909ns
	at java.util.concurrent.FutureTask.report(FutureTask.java:122)
	at java.util.concurrent.FutureTask.get(FutureTask.java:192)
	at org.apache.ratis.server.impl.LeaderElection.waitForResults(LeaderElection.java:263)
	at org.apache.ratis.server.impl.LeaderElection.askForVotes(LeaderElection.java:201)
	at org.apache.ratis.server.impl.LeaderElection.run(LeaderElection.java:133)
	at java.lang.Thread.run(Thread.java:748)
Caused by: org.apache.ratis.thirdparty.io.grpc.StatusRuntimeException: DEADLINE_EXCEEDED: deadline exceeded after 2995674909ns
	at org.apache.ratis.thirdparty.io.grpc.stub.ClientCalls.toStatusRuntimeException(ClientCalls.java:233)
	at org.apache.ratis.thirdparty.io.grpc.stub.ClientCalls.getUnchecked(ClientCalls.java:214)
	at org.apache.ratis.thirdparty.io.grpc.stub.ClientCalls.blockingUnaryCall(ClientCalls.java:139)
	at org.apache.ratis.proto.grpc.RaftServerProtocolServiceGrpc$RaftServerProtocolServiceBlockingStub.requestVote(RaftServerProtocolServiceGrpc.java:265)
	at org.apache.ratis.grpc.server.GrpcServerProtocolClient.requestVote(GrpcServerProtocolClient.java:90)
	at org.apache.ratis.grpc.server.GrpcService.requestVote(GrpcService.java:204)
	at org.apache.ratis.server.impl.LeaderElection.lambda$submitRequests$1(LeaderElection.java:238)
	at java.util.concurrent.FutureTask.run(FutureTask.java:266)
	at java.util.concurrent.Executors$RunnableAdapter.call(Executors.java:511)
	at java.util.concurrent.FutureTask.run(FutureTask.java:266)
	at java.util.concurrent.ThreadPoolExecutor.runWorker(ThreadPoolExecutor.java:1149)
	at java.util.concurrent.ThreadPoolExecutor$Worker.run(ThreadPoolExecutor.java:624)
	... 1 more
2019-09-25 05:19:20,048 [6e4b8f72-2d03-4335-a109-8ce1569ec549@group-8C538AEF5C3F:LeaderElection4] INFO  impl.RaftServerImpl (RaftServerImpl.java:setRole(174)) - 6e4b8f72-2d03-4335-a109-8ce1569ec549@group-8C538AEF5C3F: changes role from CANDIDATE to FOLLOWER at term 2 for DISCOVERED_A_NEW_TERM
2019-09-25 05:19:20,048 [6e4b8f72-2d03-4335-a109-8ce1569ec549@group-8C538AEF5C3F:LeaderElection4] INFO  impl.RoleInfo (RoleInfo.java:shutdownLeaderElection(134)) - 6e4b8f72-2d03-4335-a109-8ce1569ec549: shutdown LeaderElection
2019-09-25 05:19:20,048 [6e4b8f72-2d03-4335-a109-8ce1569ec549@group-8C538AEF5C3F:LeaderElection4] INFO  impl.RoleInfo (RoleInfo.java:updateAndGet(143)) - 6e4b8f72-2d03-4335-a109-8ce1569ec549: start FollowerState
2019-09-25 05:19:20,058 [a7793eff-ada5-4527-9e0b-a0fd078cd21b@group-8C538AEF5C3F:LeaderElection5] INFO  impl.LeaderElection (LogUtils.java:infoOrTrace(149)) - a7793eff-ada5-4527-9e0b-a0fd078cd21b@group-8C538AEF5C3F:LeaderElection5 got exception when requesting votes: {}
java.util.concurrent.ExecutionException: org.apache.ratis.thirdparty.io.grpc.StatusRuntimeException: DEADLINE_EXCEEDED: deadline exceeded after 2996016983ns
	at java.util.concurrent.FutureTask.report(FutureTask.java:122)
	at java.util.concurrent.FutureTask.get(FutureTask.java:192)
	at org.apache.ratis.server.impl.LeaderElection.waitForResults(LeaderElection.java:263)
	at org.apache.ratis.server.impl.LeaderElection.askForVotes(LeaderElection.java:201)
	at org.apache.ratis.server.impl.LeaderElection.run(LeaderElection.java:133)
	at java.lang.Thread.run(Thread.java:748)
Caused by: org.apache.ratis.thirdparty.io.grpc.StatusRuntimeException: DEADLINE_EXCEEDED: deadline exceeded after 2996016983ns
	at org.apache.ratis.thirdparty.io.grpc.stub.ClientCalls.toStatusRuntimeException(ClientCalls.java:233)
	at org.apache.ratis.thirdparty.io.grpc.stub.ClientCalls.getUnchecked(ClientCalls.java:214)
	at org.apache.ratis.thirdparty.io.grpc.stub.ClientCalls.blockingUnaryCall(ClientCalls.java:139)
	at org.apache.ratis.proto.grpc.RaftServerProtocolServiceGrpc$RaftServerProtocolServiceBlockingStub.requestVote(RaftServerProtocolServiceGrpc.java:265)
	at org.apache.ratis.grpc.server.GrpcServerProtocolClient.requestVote(GrpcServerProtocolClient.java:90)
	at org.apache.ratis.grpc.server.GrpcService.requestVote(GrpcService.java:204)
	at org.apache.ratis.server.impl.LeaderElection.lambda$submitRequests$1(LeaderElection.java:238)
	at java.util.concurrent.FutureTask.run(FutureTask.java:266)
	at java.util.concurrent.Executors$RunnableAdapter.call(Executors.java:511)
	at java.util.concurrent.FutureTask.run(FutureTask.java:266)
	at java.util.concurrent.ThreadPoolExecutor.runWorker(ThreadPoolExecutor.java:1149)
	at java.util.concurrent.ThreadPoolExecutor$Worker.run(ThreadPoolExecutor.java:624)
	... 1 more
2019-09-25 05:19:20,065 [a7793eff-ada5-4527-9e0b-a0fd078cd21b@group-8C538AEF5C3F:LeaderElection5] INFO  impl.LeaderElection (LeaderElection.java:logAndReturn(56)) - a7793eff-ada5-4527-9e0b-a0fd078cd21b@group-8C538AEF5C3F:LeaderElection5: Election REJECTED; received 1 response(s) [a7793eff-ada5-4527-9e0b-a0fd078cd21b<-6e4b8f72-2d03-4335-a109-8ce1569ec549#0:FAIL-t2] and 1 exception(s); a7793eff-ada5-4527-9e0b-a0fd078cd21b@group-8C538AEF5C3F:t2, leader=null, voted=a7793eff-ada5-4527-9e0b-a0fd078cd21b, raftlog=a7793eff-ada5-4527-9e0b-a0fd078cd21b@group-8C538AEF5C3F-SegmentedRaftLog:OPENED:c-1,f-1,i0, conf=-1: [6e4b8f72-2d03-4335-a109-8ce1569ec549:192.168.36.126:38179, a7793eff-ada5-4527-9e0b-a0fd078cd21b:192.168.36.126:36914, ece43ade-c7f6-4378-8dfa-fbe6a8ab43cf:192.168.36.126:41805], old=null
2019-09-25 05:19:20,065 [a7793eff-ada5-4527-9e0b-a0fd078cd21b@group-8C538AEF5C3F:LeaderElection5] INFO  impl.LeaderElection (LogUtils.java:infoOrTrace(149)) -   Exception 0: {}
java.util.concurrent.ExecutionException: org.apache.ratis.thirdparty.io.grpc.StatusRuntimeException: DEADLINE_EXCEEDED: deadline exceeded after 2996016983ns
	at java.util.concurrent.FutureTask.report(FutureTask.java:122)
	at java.util.concurrent.FutureTask.get(FutureTask.java:192)
	at org.apache.ratis.server.impl.LeaderElection.waitForResults(LeaderElection.java:263)
	at org.apache.ratis.server.impl.LeaderElection.askForVotes(LeaderElection.java:201)
	at org.apache.ratis.server.impl.LeaderElection.run(LeaderElection.java:133)
	at java.lang.Thread.run(Thread.java:748)
Caused by: org.apache.ratis.thirdparty.io.grpc.StatusRuntimeException: DEADLINE_EXCEEDED: deadline exceeded after 2996016983ns
	at org.apache.ratis.thirdparty.io.grpc.stub.ClientCalls.toStatusRuntimeException(ClientCalls.java:233)
	at org.apache.ratis.thirdparty.io.grpc.stub.ClientCalls.getUnchecked(ClientCalls.java:214)
	at org.apache.ratis.thirdparty.io.grpc.stub.ClientCalls.blockingUnaryCall(ClientCalls.java:139)
	at org.apache.ratis.proto.grpc.RaftServerProtocolServiceGrpc$RaftServerProtocolServiceBlockingStub.requestVote(RaftServerProtocolServiceGrpc.java:265)
	at org.apache.ratis.grpc.server.GrpcServerProtocolClient.requestVote(GrpcServerProtocolClient.java:90)
	at org.apache.ratis.grpc.server.GrpcService.requestVote(GrpcService.java:204)
	at org.apache.ratis.server.impl.LeaderElection.lambda$submitRequests$1(LeaderElection.java:238)
	at java.util.concurrent.FutureTask.run(FutureTask.java:266)
	at java.util.concurrent.Executors$RunnableAdapter.call(Executors.java:511)
	at java.util.concurrent.FutureTask.run(FutureTask.java:266)
	at java.util.concurrent.ThreadPoolExecutor.runWorker(ThreadPoolExecutor.java:1149)
	at java.util.concurrent.ThreadPoolExecutor$Worker.run(ThreadPoolExecutor.java:624)
	... 1 more
2019-09-25 05:19:20,066 [a7793eff-ada5-4527-9e0b-a0fd078cd21b@group-8C538AEF5C3F:LeaderElection5] INFO  impl.RaftServerImpl (RaftServerImpl.java:setRole(174)) - a7793eff-ada5-4527-9e0b-a0fd078cd21b@group-8C538AEF5C3F: changes role from CANDIDATE to FOLLOWER at term 2 for DISCOVERED_A_NEW_TERM
2019-09-25 05:19:20,066 [a7793eff-ada5-4527-9e0b-a0fd078cd21b@group-8C538AEF5C3F:LeaderElection5] INFO  impl.RoleInfo (RoleInfo.java:shutdownLeaderElection(134)) - a7793eff-ada5-4527-9e0b-a0fd078cd21b: shutdown LeaderElection
2019-09-25 05:19:20,066 [a7793eff-ada5-4527-9e0b-a0fd078cd21b@group-8C538AEF5C3F:LeaderElection5] INFO  impl.RoleInfo (RoleInfo.java:updateAndGet(143)) - a7793eff-ada5-4527-9e0b-a0fd078cd21b: start FollowerState
2019-09-25 05:19:22,184 [Thread-349] INFO  impl.FollowerState (FollowerState.java:run(106)) - a7793eff-ada5-4527-9e0b-a0fd078cd21b:group-0A753E062AF5 changes to CANDIDATE, lastRpcTime:5025, electionTimeout:5023ms
2019-09-25 05:19:22,188 [Thread-349] INFO  impl.RoleInfo (RoleInfo.java:shutdownFollowerState(121)) - a7793eff-ada5-4527-9e0b-a0fd078cd21b: shutdown FollowerState
2019-09-25 05:19:22,188 [Thread-349] INFO  impl.RaftServerImpl (RaftServerImpl.java:setRole(174)) - a7793eff-ada5-4527-9e0b-a0fd078cd21b@group-0A753E062AF5: changes role from  FOLLOWER to CANDIDATE at term 1 for changeToCandidate
2019-09-25 05:19:22,188 [Thread-349] INFO  impl.RoleInfo (RoleInfo.java:updateAndGet(143)) - a7793eff-ada5-4527-9e0b-a0fd078cd21b: start LeaderElection
2019-09-25 05:19:22,192 [Thread-348] INFO  impl.FollowerState (FollowerState.java:run(106)) - a7793eff-ada5-4527-9e0b-a0fd078cd21b:group-74FCAC2063C8 changes to CANDIDATE, lastRpcTime:5049, electionTimeout:5044ms
2019-09-25 05:19:22,192 [Thread-348] INFO  impl.RoleInfo (RoleInfo.java:shutdownFollowerState(121)) - a7793eff-ada5-4527-9e0b-a0fd078cd21b: shutdown FollowerState
2019-09-25 05:19:22,193 [Thread-348] INFO  impl.RaftServerImpl (RaftServerImpl.java:setRole(174)) - a7793eff-ada5-4527-9e0b-a0fd078cd21b@group-74FCAC2063C8: changes role from  FOLLOWER to CANDIDATE at term 1 for changeToCandidate
2019-09-25 05:19:22,193 [Thread-348] INFO  impl.RoleInfo (RoleInfo.java:updateAndGet(143)) - a7793eff-ada5-4527-9e0b-a0fd078cd21b: start LeaderElection
2019-09-25 05:19:22,196 [Thread-347] INFO  impl.FollowerState (FollowerState.java:run(106)) - 6e4b8f72-2d03-4335-a109-8ce1569ec549:group-0A753E062AF5 changes to CANDIDATE, lastRpcTime:5068, electionTimeout:5066ms
2019-09-25 05:19:22,197 [Thread-347] INFO  impl.RoleInfo (RoleInfo.java:shutdownFollowerState(121)) - 6e4b8f72-2d03-4335-a109-8ce1569ec549: shutdown FollowerState
2019-09-25 05:19:22,197 [Thread-347] INFO  impl.RaftServerImpl (RaftServerImpl.java:setRole(174)) - 6e4b8f72-2d03-4335-a109-8ce1569ec549@group-0A753E062AF5: changes role from  FOLLOWER to CANDIDATE at term 1 for changeToCandidate
2019-09-25 05:19:22,197 [Thread-347] INFO  impl.RoleInfo (RoleInfo.java:updateAndGet(143)) - 6e4b8f72-2d03-4335-a109-8ce1569ec549: start LeaderElection
2019-09-25 05:19:22,206 [Thread-355] INFO  impl.FollowerState (FollowerState.java:run(106)) - 8d1936ad-7e22-483e-8301-a12de2cdc2b5:group-E9952EC7D1B9 changes to CANDIDATE, lastRpcTime:5027, electionTimeout:5027ms
2019-09-25 05:19:22,206 [Thread-355] INFO  impl.RoleInfo (RoleInfo.java:shutdownFollowerState(121)) - 8d1936ad-7e22-483e-8301-a12de2cdc2b5: shutdown FollowerState
2019-09-25 05:19:22,207 [Thread-355] INFO  impl.RaftServerImpl (RaftServerImpl.java:setRole(174)) - 8d1936ad-7e22-483e-8301-a12de2cdc2b5@group-E9952EC7D1B9: changes role from  FOLLOWER to CANDIDATE at term 1 for changeToCandidate
2019-09-25 05:19:22,207 [Thread-355] INFO  impl.RoleInfo (RoleInfo.java:updateAndGet(143)) - 8d1936ad-7e22-483e-8301-a12de2cdc2b5: start LeaderElection
2019-09-25 05:19:22,221 [Thread-350] INFO  impl.FollowerState (FollowerState.java:run(106)) - a824d2a0-4471-4a6f-a232-f84ec650292b:group-E9952EC7D1B9 changes to CANDIDATE, lastRpcTime:5060, electionTimeout:5050ms
2019-09-25 05:19:22,221 [Thread-350] INFO  impl.RoleInfo (RoleInfo.java:shutdownFollowerState(121)) - a824d2a0-4471-4a6f-a232-f84ec650292b: shutdown FollowerState
2019-09-25 05:19:22,221 [Thread-350] INFO  impl.RaftServerImpl (RaftServerImpl.java:setRole(174)) - a824d2a0-4471-4a6f-a232-f84ec650292b@group-E9952EC7D1B9: changes role from  FOLLOWER to CANDIDATE at term 1 for changeToCandidate
2019-09-25 05:19:22,222 [Thread-350] INFO  impl.RoleInfo (RoleInfo.java:updateAndGet(143)) - a824d2a0-4471-4a6f-a232-f84ec650292b: start LeaderElection
2019-09-25 05:19:22,247 [Thread-354] INFO  impl.FollowerState (FollowerState.java:run(106)) - dc7ea896-6e80-4fed-8727-08f73144b1fc:group-E9952EC7D1B9 changes to CANDIDATE, lastRpcTime:5069, electionTimeout:5069ms
2019-09-25 05:19:22,248 [Thread-354] INFO  impl.RoleInfo (RoleInfo.java:shutdownFollowerState(121)) - dc7ea896-6e80-4fed-8727-08f73144b1fc: shutdown FollowerState
2019-09-25 05:19:22,248 [Thread-354] INFO  impl.RaftServerImpl (RaftServerImpl.java:setRole(174)) - dc7ea896-6e80-4fed-8727-08f73144b1fc@group-E9952EC7D1B9: changes role from  FOLLOWER to CANDIDATE at term 1 for changeToCandidate
2019-09-25 05:19:22,248 [Thread-354] INFO  impl.RoleInfo (RoleInfo.java:updateAndGet(143)) - dc7ea896-6e80-4fed-8727-08f73144b1fc: start LeaderElection
2019-09-25 05:19:22,249 [6e4b8f72-2d03-4335-a109-8ce1569ec549@group-556E169039F3-SegmentedRaftLogWorker] INFO  segmented.SegmentedRaftLogWorker (SegmentedRaftLogWorker.java:execute(569)) - 6e4b8f72-2d03-4335-a109-8ce1569ec549@group-556E169039F3-SegmentedRaftLogWorker: created new log segment /workdir/hadoop-ozone/integration-test/target/test-dir/MiniOzoneClusterImpl-408040ea-8342-4e81-bd05-3c5316de8946/datanode-5/data/ratis/81ad365a-7f98-4e65-acc1-556e169039f3/current/log_inprogress_0
2019-09-25 05:19:22,249 [ece43ade-c7f6-4378-8dfa-fbe6a8ab43cf@group-8FD984D075CB-SegmentedRaftLogWorker] INFO  segmented.SegmentedRaftLogWorker (SegmentedRaftLogWorker.java:execute(569)) - ece43ade-c7f6-4378-8dfa-fbe6a8ab43cf@group-8FD984D075CB-SegmentedRaftLogWorker: created new log segment /workdir/hadoop-ozone/integration-test/target/test-dir/MiniOzoneClusterImpl-408040ea-8342-4e81-bd05-3c5316de8946/datanode-3/data/ratis/17cb0364-7fc6-4b00-95e1-8fd984d075cb/current/log_inprogress_0
2019-09-25 05:19:22,249 [grpc-default-executor-5] INFO  impl.RaftServerImpl (RaftServerImpl.java:setRole(174)) - ece43ade-c7f6-4378-8dfa-fbe6a8ab43cf@group-8C538AEF5C3F: changes role from  FOLLOWER to FOLLOWER at term 2 for recognizeCandidate:a7793eff-ada5-4527-9e0b-a0fd078cd21b
2019-09-25 05:19:22,250 [grpc-default-executor-5] INFO  impl.RoleInfo (RoleInfo.java:shutdownFollowerState(121)) - ece43ade-c7f6-4378-8dfa-fbe6a8ab43cf: shutdown FollowerState
2019-09-25 05:19:22,250 [grpc-default-executor-5] INFO  impl.RoleInfo (RoleInfo.java:updateAndGet(143)) - ece43ade-c7f6-4378-8dfa-fbe6a8ab43cf: start FollowerState
2019-09-25 05:19:22,250 [Thread-346] INFO  impl.FollowerState (FollowerState.java:run(115)) - ece43ade-c7f6-4378-8dfa-fbe6a8ab43cf: FollowerState was interrupted: java.lang.InterruptedException: sleep interrupted
2019-09-25 05:19:22,265 [Thread-352] INFO  impl.FollowerState (FollowerState.java:run(106)) - 6e4b8f72-2d03-4335-a109-8ce1569ec549:group-74FCAC2063C8 changes to CANDIDATE, lastRpcTime:5090, electionTimeout:5087ms
2019-09-25 05:19:22,265 [Thread-352] INFO  impl.RoleInfo (RoleInfo.java:shutdownFollowerState(121)) - 6e4b8f72-2d03-4335-a109-8ce1569ec549: shutdown FollowerState
2019-09-25 05:19:22,265 [Thread-352] INFO  impl.RaftServerImpl (RaftServerImpl.java:setRole(174)) - 6e4b8f72-2d03-4335-a109-8ce1569ec549@group-74FCAC2063C8: changes role from  FOLLOWER to CANDIDATE at term 1 for changeToCandidate
2019-09-25 05:19:22,265 [Thread-352] INFO  impl.RoleInfo (RoleInfo.java:updateAndGet(143)) - 6e4b8f72-2d03-4335-a109-8ce1569ec549: start LeaderElection
2019-09-25 05:19:22,280 [Thread-353] INFO  impl.FollowerState (FollowerState.java:run(106)) - ece43ade-c7f6-4378-8dfa-fbe6a8ab43cf:group-0A753E062AF5 changes to CANDIDATE, lastRpcTime:5106, electionTimeout:5102ms
2019-09-25 05:19:22,280 [Thread-353] INFO  impl.RoleInfo (RoleInfo.java:shutdownFollowerState(121)) - ece43ade-c7f6-4378-8dfa-fbe6a8ab43cf: shutdown FollowerState
2019-09-25 05:19:22,280 [Thread-353] INFO  impl.RaftServerImpl (RaftServerImpl.java:setRole(174)) - ece43ade-c7f6-4378-8dfa-fbe6a8ab43cf@group-0A753E062AF5: changes role from  FOLLOWER to CANDIDATE at term 1 for changeToCandidate
2019-09-25 05:19:22,281 [Thread-353] INFO  impl.RoleInfo (RoleInfo.java:updateAndGet(143)) - ece43ade-c7f6-4378-8dfa-fbe6a8ab43cf: start LeaderElection
2019-09-25 05:19:22,300 [Thread-351] INFO  impl.FollowerState (FollowerState.java:run(106)) - ece43ade-c7f6-4378-8dfa-fbe6a8ab43cf:group-74FCAC2063C8 changes to CANDIDATE, lastRpcTime:5126, electionTimeout:5126ms
2019-09-25 05:19:22,300 [Thread-351] INFO  impl.RoleInfo (RoleInfo.java:shutdownFollowerState(121)) - ece43ade-c7f6-4378-8dfa-fbe6a8ab43cf: shutdown FollowerState
2019-09-25 05:19:22,300 [Thread-351] INFO  impl.RaftServerImpl (RaftServerImpl.java:setRole(174)) - ece43ade-c7f6-4378-8dfa-fbe6a8ab43cf@group-74FCAC2063C8: changes role from  FOLLOWER to CANDIDATE at term 1 for changeToCandidate
2019-09-25 05:19:22,301 [Thread-351] INFO  impl.RoleInfo (RoleInfo.java:updateAndGet(143)) - ece43ade-c7f6-4378-8dfa-fbe6a8ab43cf: start LeaderElection
2019-09-25 05:19:25,079 [Thread-362] INFO  impl.FollowerState (FollowerState.java:run(106)) - 6e4b8f72-2d03-4335-a109-8ce1569ec549:group-8C538AEF5C3F changes to CANDIDATE, lastRpcTime:5030, electionTimeout:5030ms
2019-09-25 05:19:25,080 [Thread-362] INFO  impl.RoleInfo (RoleInfo.java:shutdownFollowerState(121)) - 6e4b8f72-2d03-4335-a109-8ce1569ec549: shutdown FollowerState
2019-09-25 05:19:25,080 [Thread-362] INFO  impl.RaftServerImpl (RaftServerImpl.java:setRole(174)) - 6e4b8f72-2d03-4335-a109-8ce1569ec549@group-8C538AEF5C3F: changes role from  FOLLOWER to CANDIDATE at term 2 for changeToCandidate
2019-09-25 05:19:25,081 [Thread-362] INFO  impl.RoleInfo (RoleInfo.java:updateAndGet(143)) - 6e4b8f72-2d03-4335-a109-8ce1569ec549: start LeaderElection
2019-09-25 05:19:25,232 [Thread-363] INFO  impl.FollowerState (FollowerState.java:run(106)) - a7793eff-ada5-4527-9e0b-a0fd078cd21b:group-8C538AEF5C3F changes to CANDIDATE, lastRpcTime:5165, electionTimeout:5165ms
2019-09-25 05:19:25,232 [Thread-363] INFO  impl.RoleInfo (RoleInfo.java:shutdownFollowerState(121)) - a7793eff-ada5-4527-9e0b-a0fd078cd21b: shutdown FollowerState
2019-09-25 05:19:25,232 [Thread-363] INFO  impl.RaftServerImpl (RaftServerImpl.java:setRole(174)) - a7793eff-ada5-4527-9e0b-a0fd078cd21b@group-8C538AEF5C3F: changes role from  FOLLOWER to CANDIDATE at term 2 for changeToCandidate
2019-09-25 05:19:25,232 [Thread-363] INFO  impl.RoleInfo (RoleInfo.java:updateAndGet(143)) - a7793eff-ada5-4527-9e0b-a0fd078cd21b: start LeaderElection
2019-09-25 05:19:27,316 [a7793eff-ada5-4527-9e0b-a0fd078cd21b@group-8C538AEF5C3F:LeaderElection27] INFO  impl.LeaderElection (LeaderElection.java:askForVotes(182)) - a7793eff-ada5-4527-9e0b-a0fd078cd21b@group-8C538AEF5C3F:LeaderElection27: begin an election at term 3 for -1: [6e4b8f72-2d03-4335-a109-8ce1569ec549:192.168.36.126:38179, a7793eff-ada5-4527-9e0b-a0fd078cd21b:192.168.36.126:36914, ece43ade-c7f6-4378-8dfa-fbe6a8ab43cf:192.168.36.126:41805], old=null
2019-09-25 05:19:27,316 [ece43ade-c7f6-4378-8dfa-fbe6a8ab43cf@group-0A753E062AF5:LeaderElection24] INFO  impl.LeaderElection (LeaderElection.java:askForVotes(182)) - ece43ade-c7f6-4378-8dfa-fbe6a8ab43cf@group-0A753E062AF5:LeaderElection24: begin an election at term 2 for -1: [6e4b8f72-2d03-4335-a109-8ce1569ec549:192.168.36.126:38179, a7793eff-ada5-4527-9e0b-a0fd078cd21b:192.168.36.126:36914, ece43ade-c7f6-4378-8dfa-fbe6a8ab43cf:192.168.36.126:41805], old=null
2019-09-25 05:19:27,316 [dc7ea896-6e80-4fed-8727-08f73144b1fc@group-E9952EC7D1B9:LeaderElection22] INFO  impl.LeaderElection (LeaderElection.java:askForVotes(182)) - dc7ea896-6e80-4fed-8727-08f73144b1fc@group-E9952EC7D1B9:LeaderElection22: begin an election at term 2 for -1: [8d1936ad-7e22-483e-8301-a12de2cdc2b5:192.168.36.126:34366, dc7ea896-6e80-4fed-8727-08f73144b1fc:192.168.36.126:42983, a824d2a0-4471-4a6f-a232-f84ec650292b:192.168.36.126:37611], old=null
2019-09-25 05:19:27,316 [8d1936ad-7e22-483e-8301-a12de2cdc2b5@group-E9952EC7D1B9:LeaderElection20] INFO  impl.LeaderElection (LeaderElection.java:askForVotes(182)) - 8d1936ad-7e22-483e-8301-a12de2cdc2b5@group-E9952EC7D1B9:LeaderElection20: begin an election at term 2 for -1: [8d1936ad-7e22-483e-8301-a12de2cdc2b5:192.168.36.126:34366, dc7ea896-6e80-4fed-8727-08f73144b1fc:192.168.36.126:42983, a824d2a0-4471-4a6f-a232-f84ec650292b:192.168.36.126:37611], old=null
2019-09-25 05:19:27,316 [6e4b8f72-2d03-4335-a109-8ce1569ec549@group-8C538AEF5C3F:LeaderElection26] INFO  impl.LeaderElection (LeaderElection.java:askForVotes(182)) - 6e4b8f72-2d03-4335-a109-8ce1569ec549@group-8C538AEF5C3F:LeaderElection26: begin an election at term 3 for -1: [6e4b8f72-2d03-4335-a109-8ce1569ec549:192.168.36.126:38179, a7793eff-ada5-4527-9e0b-a0fd078cd21b:192.168.36.126:36914, ece43ade-c7f6-4378-8dfa-fbe6a8ab43cf:192.168.36.126:41805], old=null
2019-09-25 05:19:27,316 [6e4b8f72-2d03-4335-a109-8ce1569ec549@group-0A753E062AF5:LeaderElection19] INFO  impl.LeaderElection (LeaderElection.java:askForVotes(182)) - 6e4b8f72-2d03-4335-a109-8ce1569ec549@group-0A753E062AF5:LeaderElection19: begin an election at term 2 for -1: [6e4b8f72-2d03-4335-a109-8ce1569ec549:192.168.36.126:38179, a7793eff-ada5-4527-9e0b-a0fd078cd21b:192.168.36.126:36914, ece43ade-c7f6-4378-8dfa-fbe6a8ab43cf:192.168.36.126:41805], old=null
2019-09-25 05:19:27,316 [6e4b8f72-2d03-4335-a109-8ce1569ec549@group-74FCAC2063C8:LeaderElection23] INFO  impl.LeaderElection (LeaderElection.java:askForVotes(182)) - 6e4b8f72-2d03-4335-a109-8ce1569ec549@group-74FCAC2063C8:LeaderElection23: begin an election at term 2 for -1: [6e4b8f72-2d03-4335-a109-8ce1569ec549:192.168.36.126:38179, a7793eff-ada5-4527-9e0b-a0fd078cd21b:192.168.36.126:36914, ece43ade-c7f6-4378-8dfa-fbe6a8ab43cf:192.168.36.126:41805], old=null
2019-09-25 05:19:27,316 [a824d2a0-4471-4a6f-a232-f84ec650292b@group-E9952EC7D1B9:LeaderElection21] INFO  impl.LeaderElection (LeaderElection.java:askForVotes(182)) - a824d2a0-4471-4a6f-a232-f84ec650292b@group-E9952EC7D1B9:LeaderElection21: begin an election at term 2 for -1: [8d1936ad-7e22-483e-8301-a12de2cdc2b5:192.168.36.126:34366, dc7ea896-6e80-4fed-8727-08f73144b1fc:192.168.36.126:42983, a824d2a0-4471-4a6f-a232-f84ec650292b:192.168.36.126:37611], old=null
2019-09-25 05:19:27,316 [a7793eff-ada5-4527-9e0b-a0fd078cd21b@group-74FCAC2063C8:LeaderElection18] INFO  impl.LeaderElection (LeaderElection.java:askForVotes(182)) - a7793eff-ada5-4527-9e0b-a0fd078cd21b@group-74FCAC2063C8:LeaderElection18: begin an election at term 2 for -1: [6e4b8f72-2d03-4335-a109-8ce1569ec549:192.168.36.126:38179, a7793eff-ada5-4527-9e0b-a0fd078cd21b:192.168.36.126:36914, ece43ade-c7f6-4378-8dfa-fbe6a8ab43cf:192.168.36.126:41805], old=null
2019-09-25 05:19:27,316 [ece43ade-c7f6-4378-8dfa-fbe6a8ab43cf@group-74FCAC2063C8:LeaderElection25] INFO  impl.LeaderElection (LeaderElection.java:askForVotes(182)) - ece43ade-c7f6-4378-8dfa-fbe6a8ab43cf@group-74FCAC2063C8:LeaderElection25: begin an election at term 2 for -1: [6e4b8f72-2d03-4335-a109-8ce1569ec549:192.168.36.126:38179, a7793eff-ada5-4527-9e0b-a0fd078cd21b:192.168.36.126:36914, ece43ade-c7f6-4378-8dfa-fbe6a8ab43cf:192.168.36.126:41805], old=null
2019-09-25 05:19:27,316 [a7793eff-ada5-4527-9e0b-a0fd078cd21b@group-0A753E062AF5:LeaderElection17] INFO  impl.LeaderElection (LeaderElection.java:askForVotes(182)) - a7793eff-ada5-4527-9e0b-a0fd078cd21b@group-0A753E062AF5:LeaderElection17: begin an election at term 2 for -1: [6e4b8f72-2d03-4335-a109-8ce1569ec549:192.168.36.126:38179, a7793eff-ada5-4527-9e0b-a0fd078cd21b:192.168.36.126:36914, ece43ade-c7f6-4378-8dfa-fbe6a8ab43cf:192.168.36.126:41805], old=null
2019-09-25 05:19:27,328 [grpc-default-executor-1] INFO  impl.RaftServerImpl (RaftServerImpl.java:setRole(174)) - ece43ade-c7f6-4378-8dfa-fbe6a8ab43cf@group-8C538AEF5C3F: changes role from  FOLLOWER to FOLLOWER at term 3 for recognizeCandidate:6e4b8f72-2d03-4335-a109-8ce1569ec549
2019-09-25 05:19:27,329 [grpc-default-executor-1] INFO  impl.RoleInfo (RoleInfo.java:shutdownFollowerState(121)) - ece43ade-c7f6-4378-8dfa-fbe6a8ab43cf: shutdown FollowerState
2019-09-25 05:19:27,329 [grpc-default-executor-1] INFO  impl.RoleInfo (RoleInfo.java:updateAndGet(143)) - ece43ade-c7f6-4378-8dfa-fbe6a8ab43cf: start FollowerState
2019-09-25 05:19:27,329 [Thread-374] INFO  impl.FollowerState (FollowerState.java:run(115)) - ece43ade-c7f6-4378-8dfa-fbe6a8ab43cf: FollowerState was interrupted: java.lang.InterruptedException: sleep interrupted
2019-09-25 05:19:27,335 [ece43ade-c7f6-4378-8dfa-fbe6a8ab43cf@group-0A753E062AF5:LeaderElection24] INFO  impl.LeaderElection (LeaderElection.java:logAndReturn(56)) - ece43ade-c7f6-4378-8dfa-fbe6a8ab43cf@group-0A753E062AF5:LeaderElection24: Election REJECTED; received 2 response(s) [ece43ade-c7f6-4378-8dfa-fbe6a8ab43cf<-6e4b8f72-2d03-4335-a109-8ce1569ec549#0:FAIL-t2, ece43ade-c7f6-4378-8dfa-fbe6a8ab43cf<-a7793eff-ada5-4527-9e0b-a0fd078cd21b#0:FAIL-t2] and 0 exception(s); ece43ade-c7f6-4378-8dfa-fbe6a8ab43cf@group-0A753E062AF5:t2, leader=null, voted=ece43ade-c7f6-4378-8dfa-fbe6a8ab43cf, raftlog=ece43ade-c7f6-4378-8dfa-fbe6a8ab43cf@group-0A753E062AF5-SegmentedRaftLog:OPENED:c-1,f-1,i0, conf=-1: [6e4b8f72-2d03-4335-a109-8ce1569ec549:192.168.36.126:38179, a7793eff-ada5-4527-9e0b-a0fd078cd21b:192.168.36.126:36914, ece43ade-c7f6-4378-8dfa-fbe6a8ab43cf:192.168.36.126:41805], old=null
2019-09-25 05:19:27,336 [ece43ade-c7f6-4378-8dfa-fbe6a8ab43cf@group-0A753E062AF5:LeaderElection24] INFO  impl.RaftServerImpl (RaftServerImpl.java:setRole(174)) - ece43ade-c7f6-4378-8dfa-fbe6a8ab43cf@group-0A753E062AF5: changes role from CANDIDATE to FOLLOWER at term 2 for DISCOVERED_A_NEW_TERM
2019-09-25 05:19:27,339 [ece43ade-c7f6-4378-8dfa-fbe6a8ab43cf@group-0A753E062AF5:LeaderElection24] INFO  impl.RoleInfo (RoleInfo.java:shutdownLeaderElection(134)) - ece43ade-c7f6-4378-8dfa-fbe6a8ab43cf: shutdown LeaderElection
2019-09-25 05:19:27,339 [ece43ade-c7f6-4378-8dfa-fbe6a8ab43cf@group-0A753E062AF5:LeaderElection24] INFO  impl.RoleInfo (RoleInfo.java:updateAndGet(143)) - ece43ade-c7f6-4378-8dfa-fbe6a8ab43cf: start FollowerState
2019-09-25 05:19:27,343 [ece43ade-c7f6-4378-8dfa-fbe6a8ab43cf@group-74FCAC2063C8:LeaderElection25] INFO  impl.LeaderElection (LeaderElection.java:logAndReturn(56)) - ece43ade-c7f6-4378-8dfa-fbe6a8ab43cf@group-74FCAC2063C8:LeaderElection25: Election REJECTED; received 2 response(s) [ece43ade-c7f6-4378-8dfa-fbe6a8ab43cf<-6e4b8f72-2d03-4335-a109-8ce1569ec549#0:FAIL-t2, ece43ade-c7f6-4378-8dfa-fbe6a8ab43cf<-a7793eff-ada5-4527-9e0b-a0fd078cd21b#0:FAIL-t2] and 0 exception(s); ece43ade-c7f6-4378-8dfa-fbe6a8ab43cf@group-74FCAC2063C8:t2, leader=null, voted=ece43ade-c7f6-4378-8dfa-fbe6a8ab43cf, raftlog=ece43ade-c7f6-4378-8dfa-fbe6a8ab43cf@group-74FCAC2063C8-SegmentedRaftLog:OPENED:c-1,f-1,i0, conf=-1: [6e4b8f72-2d03-4335-a109-8ce1569ec549:192.168.36.126:38179, a7793eff-ada5-4527-9e0b-a0fd078cd21b:192.168.36.126:36914, ece43ade-c7f6-4378-8dfa-fbe6a8ab43cf:192.168.36.126:41805], old=null
2019-09-25 05:19:27,345 [8d1936ad-7e22-483e-8301-a12de2cdc2b5@group-E9952EC7D1B9:LeaderElection20] INFO  impl.LeaderElection (LeaderElection.java:logAndReturn(56)) - 8d1936ad-7e22-483e-8301-a12de2cdc2b5@group-E9952EC7D1B9:LeaderElection20: Election REJECTED; received 2 response(s) [8d1936ad-7e22-483e-8301-a12de2cdc2b5<-dc7ea896-6e80-4fed-8727-08f73144b1fc#0:FAIL-t2, 8d1936ad-7e22-483e-8301-a12de2cdc2b5<-a824d2a0-4471-4a6f-a232-f84ec650292b#0:FAIL-t2] and 0 exception(s); 8d1936ad-7e22-483e-8301-a12de2cdc2b5@group-E9952EC7D1B9:t2, leader=null, voted=8d1936ad-7e22-483e-8301-a12de2cdc2b5, raftlog=8d1936ad-7e22-483e-8301-a12de2cdc2b5@group-E9952EC7D1B9-SegmentedRaftLog:OPENED:c-1,f-1,i0, conf=-1: [8d1936ad-7e22-483e-8301-a12de2cdc2b5:192.168.36.126:34366, dc7ea896-6e80-4fed-8727-08f73144b1fc:192.168.36.126:42983, a824d2a0-4471-4a6f-a232-f84ec650292b:192.168.36.126:37611], old=null
2019-09-25 05:19:27,345 [ece43ade-c7f6-4378-8dfa-fbe6a8ab43cf@group-74FCAC2063C8:LeaderElection25] INFO  impl.RaftServerImpl (RaftServerImpl.java:setRole(174)) - ece43ade-c7f6-4378-8dfa-fbe6a8ab43cf@group-74FCAC2063C8: changes role from CANDIDATE to FOLLOWER at term 2 for DISCOVERED_A_NEW_TERM
2019-09-25 05:19:27,347 [8d1936ad-7e22-483e-8301-a12de2cdc2b5@group-E9952EC7D1B9:LeaderElection20] INFO  impl.RaftServerImpl (RaftServerImpl.java:setRole(174)) - 8d1936ad-7e22-483e-8301-a12de2cdc2b5@group-E9952EC7D1B9: changes role from CANDIDATE to FOLLOWER at term 2 for DISCOVERED_A_NEW_TERM
2019-09-25 05:19:27,353 [6e4b8f72-2d03-4335-a109-8ce1569ec549@group-0A753E062AF5:LeaderElection19] INFO  impl.LeaderElection (LeaderElection.java:logAndReturn(56)) - 6e4b8f72-2d03-4335-a109-8ce1569ec549@group-0A753E062AF5:LeaderElection19: Election REJECTED; received 2 response(s) [6e4b8f72-2d03-4335-a109-8ce1569ec549<-a7793eff-ada5-4527-9e0b-a0fd078cd21b#0:FAIL-t2, 6e4b8f72-2d03-4335-a109-8ce1569ec549<-ece43ade-c7f6-4378-8dfa-fbe6a8ab43cf#0:FAIL-t2] and 0 exception(s); 6e4b8f72-2d03-4335-a109-8ce1569ec549@group-0A753E062AF5:t2, leader=null, voted=6e4b8f72-2d03-4335-a109-8ce1569ec549, raftlog=6e4b8f72-2d03-4335-a109-8ce1569ec549@group-0A753E062AF5-SegmentedRaftLog:OPENED:c-1,f-1,i0, conf=-1: [6e4b8f72-2d03-4335-a109-8ce1569ec549:192.168.36.126:38179, a7793eff-ada5-4527-9e0b-a0fd078cd21b:192.168.36.126:36914, ece43ade-c7f6-4378-8dfa-fbe6a8ab43cf:192.168.36.126:41805], old=null
2019-09-25 05:19:27,352 [ece43ade-c7f6-4378-8dfa-fbe6a8ab43cf@group-74FCAC2063C8:LeaderElection25] INFO  impl.RoleInfo (RoleInfo.java:shutdownLeaderElection(134)) - ece43ade-c7f6-4378-8dfa-fbe6a8ab43cf: shutdown LeaderElection
2019-09-25 05:19:27,354 [6e4b8f72-2d03-4335-a109-8ce1569ec549@group-0A753E062AF5:LeaderElection19] INFO  impl.RaftServerImpl (RaftServerImpl.java:setRole(174)) - 6e4b8f72-2d03-4335-a109-8ce1569ec549@group-0A753E062AF5: changes role from CANDIDATE to FOLLOWER at term 2 for DISCOVERED_A_NEW_TERM
2019-09-25 05:19:27,353 [8d1936ad-7e22-483e-8301-a12de2cdc2b5@group-E9952EC7D1B9:LeaderElection20] INFO  impl.RoleInfo (RoleInfo.java:shutdownLeaderElection(134)) - 8d1936ad-7e22-483e-8301-a12de2cdc2b5: shutdown LeaderElection
2019-09-25 05:19:27,366 [6e4b8f72-2d03-4335-a109-8ce1569ec549@group-0A753E062AF5:LeaderElection19] INFO  impl.RoleInfo (RoleInfo.java:shutdownLeaderElection(134)) - 6e4b8f72-2d03-4335-a109-8ce1569ec549: shutdown LeaderElection
2019-09-25 05:19:27,366 [6e4b8f72-2d03-4335-a109-8ce1569ec549@group-74FCAC2063C8:LeaderElection23] INFO  impl.LeaderElection (LeaderElection.java:logAndReturn(56)) - 6e4b8f72-2d03-4335-a109-8ce1569ec549@group-74FCAC2063C8:LeaderElection23: Election REJECTED; received 2 response(s) [6e4b8f72-2d03-4335-a109-8ce1569ec549<-a7793eff-ada5-4527-9e0b-a0fd078cd21b#0:FAIL-t2, 6e4b8f72-2d03-4335-a109-8ce1569ec549<-ece43ade-c7f6-4378-8dfa-fbe6a8ab43cf#0:FAIL-t2] and 0 exception(s); 6e4b8f72-2d03-4335-a109-8ce1569ec549@group-74FCAC2063C8:t2, leader=null, voted=6e4b8f72-2d03-4335-a109-8ce1569ec549, raftlog=6e4b8f72-2d03-4335-a109-8ce1569ec549@group-74FCAC2063C8-SegmentedRaftLog:OPENED:c-1,f-1,i0, conf=-1: [6e4b8f72-2d03-4335-a109-8ce1569ec549:192.168.36.126:38179, a7793eff-ada5-4527-9e0b-a0fd078cd21b:192.168.36.126:36914, ece43ade-c7f6-4378-8dfa-fbe6a8ab43cf:192.168.36.126:41805], old=null
2019-09-25 05:19:27,368 [6e4b8f72-2d03-4335-a109-8ce1569ec549@group-0A753E062AF5:LeaderElection19] INFO  impl.RoleInfo (RoleInfo.java:updateAndGet(143)) - 6e4b8f72-2d03-4335-a109-8ce1569ec549: start FollowerState
2019-09-25 05:19:27,368 [ece43ade-c7f6-4378-8dfa-fbe6a8ab43cf@group-74FCAC2063C8:LeaderElection25] INFO  impl.RoleInfo (RoleInfo.java:updateAndGet(143)) - ece43ade-c7f6-4378-8dfa-fbe6a8ab43cf: start FollowerState
2019-09-25 05:19:27,368 [8d1936ad-7e22-483e-8301-a12de2cdc2b5@group-E9952EC7D1B9:LeaderElection20] INFO  impl.RoleInfo (RoleInfo.java:updateAndGet(143)) - 8d1936ad-7e22-483e-8301-a12de2cdc2b5: start FollowerState
2019-09-25 05:19:27,368 [6e4b8f72-2d03-4335-a109-8ce1569ec549@group-74FCAC2063C8:LeaderElection23] INFO  impl.RaftServerImpl (RaftServerImpl.java:setRole(174)) - 6e4b8f72-2d03-4335-a109-8ce1569ec549@group-74FCAC2063C8: changes role from CANDIDATE to FOLLOWER at term 2 for DISCOVERED_A_NEW_TERM
2019-09-25 05:19:27,376 [6e4b8f72-2d03-4335-a109-8ce1569ec549@group-74FCAC2063C8:LeaderElection23] INFO  impl.RoleInfo (RoleInfo.java:shutdownLeaderElection(134)) - 6e4b8f72-2d03-4335-a109-8ce1569ec549: shutdown LeaderElection
2019-09-25 05:19:27,376 [a824d2a0-4471-4a6f-a232-f84ec650292b@group-E9952EC7D1B9:LeaderElection21] INFO  impl.LeaderElection (LeaderElection.java:logAndReturn(56)) - a824d2a0-4471-4a6f-a232-f84ec650292b@group-E9952EC7D1B9:LeaderElection21: Election REJECTED; received 2 response(s) [a824d2a0-4471-4a6f-a232-f84ec650292b<-8d1936ad-7e22-483e-8301-a12de2cdc2b5#0:FAIL-t2, a824d2a0-4471-4a6f-a232-f84ec650292b<-dc7ea896-6e80-4fed-8727-08f73144b1fc#0:FAIL-t2] and 0 exception(s); a824d2a0-4471-4a6f-a232-f84ec650292b@group-E9952EC7D1B9:t2, leader=null, voted=a824d2a0-4471-4a6f-a232-f84ec650292b, raftlog=a824d2a0-4471-4a6f-a232-f84ec650292b@group-E9952EC7D1B9-SegmentedRaftLog:OPENED:c-1,f-1,i0, conf=-1: [8d1936ad-7e22-483e-8301-a12de2cdc2b5:192.168.36.126:34366, dc7ea896-6e80-4fed-8727-08f73144b1fc:192.168.36.126:42983, a824d2a0-4471-4a6f-a232-f84ec650292b:192.168.36.126:37611], old=null
2019-09-25 05:19:27,376 [6e4b8f72-2d03-4335-a109-8ce1569ec549@group-74FCAC2063C8:LeaderElection23] INFO  impl.RoleInfo (RoleInfo.java:updateAndGet(143)) - 6e4b8f72-2d03-4335-a109-8ce1569ec549: start FollowerState
2019-09-25 05:19:27,376 [a824d2a0-4471-4a6f-a232-f84ec650292b@group-E9952EC7D1B9:LeaderElection21] INFO  impl.RaftServerImpl (RaftServerImpl.java:setRole(174)) - a824d2a0-4471-4a6f-a232-f84ec650292b@group-E9952EC7D1B9: changes role from CANDIDATE to FOLLOWER at term 2 for DISCOVERED_A_NEW_TERM
2019-09-25 05:19:27,378 [a824d2a0-4471-4a6f-a232-f84ec650292b@group-E9952EC7D1B9:LeaderElection21] INFO  impl.RoleInfo (RoleInfo.java:shutdownLeaderElection(134)) - a824d2a0-4471-4a6f-a232-f84ec650292b: shutdown LeaderElection
2019-09-25 05:19:27,378 [a7793eff-ada5-4527-9e0b-a0fd078cd21b@group-0A753E062AF5:LeaderElection17] INFO  impl.LeaderElection (LeaderElection.java:logAndReturn(56)) - a7793eff-ada5-4527-9e0b-a0fd078cd21b@group-0A753E062AF5:LeaderElection17: Election REJECTED; received 2 response(s) [a7793eff-ada5-4527-9e0b-a0fd078cd21b<-6e4b8f72-2d03-4335-a109-8ce1569ec549#0:FAIL-t2, a7793eff-ada5-4527-9e0b-a0fd078cd21b<-ece43ade-c7f6-4378-8dfa-fbe6a8ab43cf#0:FAIL-t2] and 0 exception(s); a7793eff-ada5-4527-9e0b-a0fd078cd21b@group-0A753E062AF5:t2, leader=null, voted=a7793eff-ada5-4527-9e0b-a0fd078cd21b, raftlog=a7793eff-ada5-4527-9e0b-a0fd078cd21b@group-0A753E062AF5-SegmentedRaftLog:OPENED:c-1,f-1,i0, conf=-1: [6e4b8f72-2d03-4335-a109-8ce1569ec549:192.168.36.126:38179, a7793eff-ada5-4527-9e0b-a0fd078cd21b:192.168.36.126:36914, ece43ade-c7f6-4378-8dfa-fbe6a8ab43cf:192.168.36.126:41805], old=null
2019-09-25 05:19:27,378 [a824d2a0-4471-4a6f-a232-f84ec650292b@group-E9952EC7D1B9:LeaderElection21] INFO  impl.RoleInfo (RoleInfo.java:updateAndGet(143)) - a824d2a0-4471-4a6f-a232-f84ec650292b: start FollowerState
2019-09-25 05:19:27,378 [a7793eff-ada5-4527-9e0b-a0fd078cd21b@group-0A753E062AF5:LeaderElection17] INFO  impl.RaftServerImpl (RaftServerImpl.java:setRole(174)) - a7793eff-ada5-4527-9e0b-a0fd078cd21b@group-0A753E062AF5: changes role from CANDIDATE to FOLLOWER at term 2 for DISCOVERED_A_NEW_TERM
2019-09-25 05:19:27,380 [dc7ea896-6e80-4fed-8727-08f73144b1fc@group-E9952EC7D1B9:LeaderElection22] INFO  impl.LeaderElection (LeaderElection.java:logAndReturn(56)) - dc7ea896-6e80-4fed-8727-08f73144b1fc@group-E9952EC7D1B9:LeaderElection22: Election REJECTED; received 2 response(s) [dc7ea896-6e80-4fed-8727-08f73144b1fc<-8d1936ad-7e22-483e-8301-a12de2cdc2b5#0:FAIL-t2, dc7ea896-6e80-4fed-8727-08f73144b1fc<-a824d2a0-4471-4a6f-a232-f84ec650292b#0:FAIL-t2] and 0 exception(s); dc7ea896-6e80-4fed-8727-08f73144b1fc@group-E9952EC7D1B9:t2, leader=null, voted=dc7ea896-6e80-4fed-8727-08f73144b1fc, raftlog=dc7ea896-6e80-4fed-8727-08f73144b1fc@group-E9952EC7D1B9-SegmentedRaftLog:OPENED:c-1,f-1,i0, conf=-1: [8d1936ad-7e22-483e-8301-a12de2cdc2b5:192.168.36.126:34366, dc7ea896-6e80-4fed-8727-08f73144b1fc:192.168.36.126:42983, a824d2a0-4471-4a6f-a232-f84ec650292b:192.168.36.126:37611], old=null
2019-09-25 05:19:27,380 [a7793eff-ada5-4527-9e0b-a0fd078cd21b@group-0A753E062AF5:LeaderElection17] INFO  impl.RoleInfo (RoleInfo.java:shutdownLeaderElection(134)) - a7793eff-ada5-4527-9e0b-a0fd078cd21b: shutdown LeaderElection
2019-09-25 05:19:27,380 [dc7ea896-6e80-4fed-8727-08f73144b1fc@group-E9952EC7D1B9:LeaderElection22] INFO  impl.RaftServerImpl (RaftServerImpl.java:setRole(174)) - dc7ea896-6e80-4fed-8727-08f73144b1fc@group-E9952EC7D1B9: changes role from CANDIDATE to FOLLOWER at term 2 for DISCOVERED_A_NEW_TERM
2019-09-25 05:19:27,382 [a7793eff-ada5-4527-9e0b-a0fd078cd21b@group-74FCAC2063C8:LeaderElection18] INFO  impl.LeaderElection (LeaderElection.java:logAndReturn(56)) - a7793eff-ada5-4527-9e0b-a0fd078cd21b@group-74FCAC2063C8:LeaderElection18: Election REJECTED; received 2 response(s) [a7793eff-ada5-4527-9e0b-a0fd078cd21b<-6e4b8f72-2d03-4335-a109-8ce1569ec549#0:FAIL-t2, a7793eff-ada5-4527-9e0b-a0fd078cd21b<-ece43ade-c7f6-4378-8dfa-fbe6a8ab43cf#0:FAIL-t2] and 0 exception(s); a7793eff-ada5-4527-9e0b-a0fd078cd21b@group-74FCAC2063C8:t2, leader=null, voted=a7793eff-ada5-4527-9e0b-a0fd078cd21b, raftlog=a7793eff-ada5-4527-9e0b-a0fd078cd21b@group-74FCAC2063C8-SegmentedRaftLog:OPENED:c-1,f-1,i0, conf=-1: [6e4b8f72-2d03-4335-a109-8ce1569ec549:192.168.36.126:38179, a7793eff-ada5-4527-9e0b-a0fd078cd21b:192.168.36.126:36914, ece43ade-c7f6-4378-8dfa-fbe6a8ab43cf:192.168.36.126:41805], old=null
2019-09-25 05:19:27,381 [a7793eff-ada5-4527-9e0b-a0fd078cd21b@group-0A753E062AF5:LeaderElection17] INFO  impl.RoleInfo (RoleInfo.java:updateAndGet(143)) - a7793eff-ada5-4527-9e0b-a0fd078cd21b: start FollowerState
2019-09-25 05:19:27,382 [a7793eff-ada5-4527-9e0b-a0fd078cd21b@group-74FCAC2063C8:LeaderElection18] INFO  impl.RaftServerImpl (RaftServerImpl.java:setRole(174)) - a7793eff-ada5-4527-9e0b-a0fd078cd21b@group-74FCAC2063C8: changes role from CANDIDATE to FOLLOWER at term 2 for DISCOVERED_A_NEW_TERM
2019-09-25 05:19:27,382 [dc7ea896-6e80-4fed-8727-08f73144b1fc@group-E9952EC7D1B9:LeaderElection22] INFO  impl.RoleInfo (RoleInfo.java:shutdownLeaderElection(134)) - dc7ea896-6e80-4fed-8727-08f73144b1fc: shutdown LeaderElection
2019-09-25 05:19:27,383 [a7793eff-ada5-4527-9e0b-a0fd078cd21b@group-74FCAC2063C8:LeaderElection18] INFO  impl.RoleInfo (RoleInfo.java:shutdownLeaderElection(134)) - a7793eff-ada5-4527-9e0b-a0fd078cd21b: shutdown LeaderElection
2019-09-25 05:19:27,383 [dc7ea896-6e80-4fed-8727-08f73144b1fc@group-E9952EC7D1B9:LeaderElection22] INFO  impl.RoleInfo (RoleInfo.java:updateAndGet(143)) - dc7ea896-6e80-4fed-8727-08f73144b1fc: start FollowerState
2019-09-25 05:19:27,384 [a7793eff-ada5-4527-9e0b-a0fd078cd21b@group-74FCAC2063C8:LeaderElection18] INFO  impl.RoleInfo (RoleInfo.java:updateAndGet(143)) - a7793eff-ada5-4527-9e0b-a0fd078cd21b: start FollowerState
2019-09-25 05:19:27,781 [6e4b8f72-2d03-4335-a109-8ce1569ec549@group-8C538AEF5C3F:LeaderElection26] INFO  impl.LeaderElection (LeaderElection.java:logAndReturn(56)) - 6e4b8f72-2d03-4335-a109-8ce1569ec549@group-8C538AEF5C3F:LeaderElection26: Election PASSED; received 2 response(s) [6e4b8f72-2d03-4335-a109-8ce1569ec549<-a7793eff-ada5-4527-9e0b-a0fd078cd21b#0:FAIL-t3, 6e4b8f72-2d03-4335-a109-8ce1569ec549<-ece43ade-c7f6-4378-8dfa-fbe6a8ab43cf#0:OK-t3] and 0 exception(s); 6e4b8f72-2d03-4335-a109-8ce1569ec549@group-8C538AEF5C3F:t3, leader=null, voted=6e4b8f72-2d03-4335-a109-8ce1569ec549, raftlog=6e4b8f72-2d03-4335-a109-8ce1569ec549@group-8C538AEF5C3F-SegmentedRaftLog:OPENED:c-1,f-1,i0, conf=-1: [6e4b8f72-2d03-4335-a109-8ce1569ec549:192.168.36.126:38179, a7793eff-ada5-4527-9e0b-a0fd078cd21b:192.168.36.126:36914, ece43ade-c7f6-4378-8dfa-fbe6a8ab43cf:192.168.36.126:41805], old=null
2019-09-25 05:19:27,781 [6e4b8f72-2d03-4335-a109-8ce1569ec549@group-8C538AEF5C3F:LeaderElection26] INFO  impl.RoleInfo (RoleInfo.java:shutdownLeaderElection(134)) - 6e4b8f72-2d03-4335-a109-8ce1569ec549: shutdown LeaderElection
2019-09-25 05:19:27,781 [a7793eff-ada5-4527-9e0b-a0fd078cd21b@group-8C538AEF5C3F:LeaderElection27] INFO  impl.LeaderElection (LeaderElection.java:logAndReturn(56)) - a7793eff-ada5-4527-9e0b-a0fd078cd21b@group-8C538AEF5C3F:LeaderElection27: Election REJECTED; received 2 response(s) [a7793eff-ada5-4527-9e0b-a0fd078cd21b<-6e4b8f72-2d03-4335-a109-8ce1569ec549#0:FAIL-t3, a7793eff-ada5-4527-9e0b-a0fd078cd21b<-ece43ade-c7f6-4378-8dfa-fbe6a8ab43cf#0:FAIL-t3] and 0 exception(s); a7793eff-ada5-4527-9e0b-a0fd078cd21b@group-8C538AEF5C3F:t3, leader=null, voted=a7793eff-ada5-4527-9e0b-a0fd078cd21b, raftlog=a7793eff-ada5-4527-9e0b-a0fd078cd21b@group-8C538AEF5C3F-SegmentedRaftLog:OPENED:c-1,f-1,i0, conf=-1: [6e4b8f72-2d03-4335-a109-8ce1569ec549:192.168.36.126:38179, a7793eff-ada5-4527-9e0b-a0fd078cd21b:192.168.36.126:36914, ece43ade-c7f6-4378-8dfa-fbe6a8ab43cf:192.168.36.126:41805], old=null
2019-09-25 05:19:27,784 [6e4b8f72-2d03-4335-a109-8ce1569ec549@group-8C538AEF5C3F:LeaderElection26] INFO  impl.RaftServerImpl (RaftServerImpl.java:setRole(174)) - 6e4b8f72-2d03-4335-a109-8ce1569ec549@group-8C538AEF5C3F: changes role from CANDIDATE to LEADER at term 3 for changeToLeader
2019-09-25 05:19:27,784 [a7793eff-ada5-4527-9e0b-a0fd078cd21b@group-8C538AEF5C3F:LeaderElection27] INFO  impl.RaftServerImpl (RaftServerImpl.java:setRole(174)) - a7793eff-ada5-4527-9e0b-a0fd078cd21b@group-8C538AEF5C3F: changes role from CANDIDATE to FOLLOWER at term 3 for DISCOVERED_A_NEW_TERM
2019-09-25 05:19:27,785 [6e4b8f72-2d03-4335-a109-8ce1569ec549@group-8C538AEF5C3F:LeaderElection26] INFO  impl.RaftServerImpl (ServerState.java:setLeader(253)) - 6e4b8f72-2d03-4335-a109-8ce1569ec549@group-8C538AEF5C3F: change Leader from null to 6e4b8f72-2d03-4335-a109-8ce1569ec549 at term 3 for becomeLeader, leader elected after 26228ms
2019-09-25 05:19:27,786 [a7793eff-ada5-4527-9e0b-a0fd078cd21b@group-8C538AEF5C3F:LeaderElection27] INFO  impl.RoleInfo (RoleInfo.java:shutdownLeaderElection(134)) - a7793eff-ada5-4527-9e0b-a0fd078cd21b: shutdown LeaderElection
2019-09-25 05:19:27,786 [6e4b8f72-2d03-4335-a109-8ce1569ec549@group-8C538AEF5C3F:LeaderElection26] INFO  server.RaftServerConfigKeys (ConfUtils.java:logGet(43)) - raft.server.staging.catchup.gap = 1000 (default)
2019-09-25 05:19:27,786 [a7793eff-ada5-4527-9e0b-a0fd078cd21b@group-8C538AEF5C3F:LeaderElection27] INFO  impl.RoleInfo (RoleInfo.java:updateAndGet(143)) - a7793eff-ada5-4527-9e0b-a0fd078cd21b: start FollowerState
2019-09-25 05:19:27,786 [6e4b8f72-2d03-4335-a109-8ce1569ec549@group-8C538AEF5C3F:LeaderElection26] INFO  server.RaftServerConfigKeys (ConfUtils.java:logGet(43)) - raft.server.rpc.sleep.time = 25ms (default)
2019-09-25 05:19:27,786 [6e4b8f72-2d03-4335-a109-8ce1569ec549@group-8C538AEF5C3F:LeaderElection26] INFO  server.RaftServerConfigKeys (ConfUtils.java:logGet(43)) - raft.server.write.element-limit = 4096 (default)
2019-09-25 05:19:27,787 [6e4b8f72-2d03-4335-a109-8ce1569ec549@group-8C538AEF5C3F:LeaderElection26] INFO  server.RaftServerConfigKeys (ConfUtils.java:logGet(43)) - raft.server.watch.timeout = 10s (default)
2019-09-25 05:19:27,787 [6e4b8f72-2d03-4335-a109-8ce1569ec549@group-8C538AEF5C3F:LeaderElection26] INFO  server.RaftServerConfigKeys (ConfUtils.java:logGet(43)) - raft.server.watch.timeout.denomination = 1s (default)
2019-09-25 05:19:27,787 [6e4b8f72-2d03-4335-a109-8ce1569ec549@group-8C538AEF5C3F:LeaderElection26] INFO  server.RaftServerConfigKeys (ConfUtils.java:logGet(43)) - raft.server.watch.element-limit = 65536 (default)
2019-09-25 05:19:27,793 [6e4b8f72-2d03-4335-a109-8ce1569ec549@group-8C538AEF5C3F:LeaderElection26] INFO  server.RaftServerConfigKeys (ConfUtils.java:logGet(43)) - raft.server.log.appender.snapshot.chunk.size.max = 16MB (=16777216) (default)
2019-09-25 05:19:27,793 [6e4b8f72-2d03-4335-a109-8ce1569ec549@group-8C538AEF5C3F:LeaderElection26] INFO  server.RaftServerConfigKeys (ConfUtils.java:logGet(43)) - raft.server.log.appender.buffer.byte-limit = 33554432 (custom)
2019-09-25 05:19:27,794 [6e4b8f72-2d03-4335-a109-8ce1569ec549@group-8C538AEF5C3F:LeaderElection26] INFO  server.RaftServerConfigKeys (ConfUtils.java:logGet(43)) - raft.server.log.appender.buffer.element-limit = 1 (custom)
2019-09-25 05:19:27,798 [6e4b8f72-2d03-4335-a109-8ce1569ec549@group-8C538AEF5C3F:LeaderElection26] INFO  grpc.GrpcConfigKeys$Server (ConfUtils.java:logGet(43)) - raft.grpc.server.leader.outstanding.appends.max = 128 (default)
2019-09-25 05:19:27,798 [6e4b8f72-2d03-4335-a109-8ce1569ec549@group-8C538AEF5C3F:LeaderElection26] INFO  server.RaftServerConfigKeys (ConfUtils.java:logGet(43)) - raft.server.rpc.request.timeout = 3000ms (default)
2019-09-25 05:19:27,798 [6e4b8f72-2d03-4335-a109-8ce1569ec549@group-8C538AEF5C3F:LeaderElection26] INFO  server.RaftServerConfigKeys (ConfUtils.java:logGet(43)) - raft.server.log.appender.install.snapshot.enabled = false (custom)
2019-09-25 05:19:27,799 [6e4b8f72-2d03-4335-a109-8ce1569ec549@group-8C538AEF5C3F:LeaderElection26] INFO  server.RaftServerConfigKeys (ConfUtils.java:logGet(43)) - raft.server.log.appender.snapshot.chunk.size.max = 16MB (=16777216) (default)
2019-09-25 05:19:27,800 [6e4b8f72-2d03-4335-a109-8ce1569ec549@group-8C538AEF5C3F:LeaderElection26] INFO  server.RaftServerConfigKeys (ConfUtils.java:logGet(43)) - raft.server.log.appender.buffer.byte-limit = 33554432 (custom)
2019-09-25 05:19:27,800 [6e4b8f72-2d03-4335-a109-8ce1569ec549@group-8C538AEF5C3F:LeaderElection26] INFO  server.RaftServerConfigKeys (ConfUtils.java:logGet(43)) - raft.server.log.appender.buffer.element-limit = 1 (custom)
2019-09-25 05:19:27,800 [6e4b8f72-2d03-4335-a109-8ce1569ec549@group-8C538AEF5C3F:LeaderElection26] INFO  grpc.GrpcConfigKeys$Server (ConfUtils.java:logGet(43)) - raft.grpc.server.leader.outstanding.appends.max = 128 (default)
2019-09-25 05:19:27,800 [6e4b8f72-2d03-4335-a109-8ce1569ec549@group-8C538AEF5C3F:LeaderElection26] INFO  server.RaftServerConfigKeys (ConfUtils.java:logGet(43)) - raft.server.rpc.request.timeout = 3000ms (default)
2019-09-25 05:19:27,800 [6e4b8f72-2d03-4335-a109-8ce1569ec549@group-8C538AEF5C3F:LeaderElection26] INFO  server.RaftServerConfigKeys (ConfUtils.java:logGet(43)) - raft.server.log.appender.install.snapshot.enabled = false (custom)
2019-09-25 05:19:27,802 [6e4b8f72-2d03-4335-a109-8ce1569ec549@group-8C538AEF5C3F:LeaderElection26] INFO  impl.RoleInfo (RoleInfo.java:updateAndGet(143)) - 6e4b8f72-2d03-4335-a109-8ce1569ec549: start LeaderState
2019-09-25 05:19:27,802 [6e4b8f72-2d03-4335-a109-8ce1569ec549@group-8C538AEF5C3F:LeaderElection26] INFO  segmented.SegmentedRaftLogWorker (SegmentedRaftLogWorker.java:startLogSegment(380)) - 6e4b8f72-2d03-4335-a109-8ce1569ec549@group-8C538AEF5C3F-SegmentedRaftLogWorker: Starting segment from index:0
2019-09-25 05:19:27,803 [6e4b8f72-2d03-4335-a109-8ce1569ec549@group-8C538AEF5C3F:LeaderElection26] INFO  impl.RaftServerImpl (ServerState.java:setRaftConf(354)) - 6e4b8f72-2d03-4335-a109-8ce1569ec549@group-8C538AEF5C3F: set configuration 0: [6e4b8f72-2d03-4335-a109-8ce1569ec549:192.168.36.126:38179, a7793eff-ada5-4527-9e0b-a0fd078cd21b:192.168.36.126:36914, ece43ade-c7f6-4378-8dfa-fbe6a8ab43cf:192.168.36.126:41805], old=null at 0
2019-09-25 05:19:27,863 [grpc-default-executor-1] INFO  impl.RaftServerImpl (ServerState.java:setLeader(253)) - a7793eff-ada5-4527-9e0b-a0fd078cd21b@group-8C538AEF5C3F: change Leader from null to 6e4b8f72-2d03-4335-a109-8ce1569ec549 at term 3 for appendEntries, leader elected after 26307ms
2019-09-25 05:19:27,863 [grpc-default-executor-7] INFO  impl.RaftServerImpl (ServerState.java:setLeader(253)) - ece43ade-c7f6-4378-8dfa-fbe6a8ab43cf@group-8C538AEF5C3F: change Leader from null to 6e4b8f72-2d03-4335-a109-8ce1569ec549 at term 3 for appendEntries, leader elected after 20899ms
2019-09-25 05:19:27,893 [grpc-default-executor-1] INFO  impl.RaftServerImpl (ServerState.java:setRaftConf(354)) - a7793eff-ada5-4527-9e0b-a0fd078cd21b@group-8C538AEF5C3F: set configuration 0: [6e4b8f72-2d03-4335-a109-8ce1569ec549:192.168.36.126:38179, a7793eff-ada5-4527-9e0b-a0fd078cd21b:192.168.36.126:36914, ece43ade-c7f6-4378-8dfa-fbe6a8ab43cf:192.168.36.126:41805], old=null at 0
2019-09-25 05:19:27,893 [grpc-default-executor-7] INFO  impl.RaftServerImpl (ServerState.java:setRaftConf(354)) - ece43ade-c7f6-4378-8dfa-fbe6a8ab43cf@group-8C538AEF5C3F: set configuration 0: [6e4b8f72-2d03-4335-a109-8ce1569ec549:192.168.36.126:38179, a7793eff-ada5-4527-9e0b-a0fd078cd21b:192.168.36.126:36914, ece43ade-c7f6-4378-8dfa-fbe6a8ab43cf:192.168.36.126:41805], old=null at 0
2019-09-25 05:19:27,894 [grpc-default-executor-1] INFO  segmented.SegmentedRaftLogWorker (SegmentedRaftLogWorker.java:startLogSegment(380)) - a7793eff-ada5-4527-9e0b-a0fd078cd21b@group-8C538AEF5C3F-SegmentedRaftLogWorker: Starting segment from index:0
2019-09-25 05:19:27,894 [grpc-default-executor-7] INFO  segmented.SegmentedRaftLogWorker (SegmentedRaftLogWorker.java:startLogSegment(380)) - ece43ade-c7f6-4378-8dfa-fbe6a8ab43cf@group-8C538AEF5C3F-SegmentedRaftLogWorker: Starting segment from index:0
2019-09-25 05:19:30,891 [java.util.concurrent.ThreadPoolExecutor$Worker@6c4ccbe7[State = -1, empty queue]] WARN  server.GrpcLogAppender (GrpcLogAppender.java:timeoutAppendRequest(200)) - 6e4b8f72-2d03-4335-a109-8ce1569ec549@group-8C538AEF5C3F->a7793eff-ada5-4527-9e0b-a0fd078cd21b-GrpcLogAppender: appendEntries Timeout, request=6e4b8f72-2d03-4335-a109-8ce1569ec549->a7793eff-ada5-4527-9e0b-a0fd078cd21b#1-t3, previous=(t:0, i:0), leaderCommit=-1, initializing? false, entries: size=1, first=(t:3, i:0), CONFIGURATIONENTRY
2019-09-25 05:19:30,891 [java.util.concurrent.ThreadPoolExecutor$Worker@30ae4cb5[State = -1, empty queue]] WARN  server.GrpcLogAppender (GrpcLogAppender.java:timeoutAppendRequest(200)) - 6e4b8f72-2d03-4335-a109-8ce1569ec549@group-8C538AEF5C3F->ece43ade-c7f6-4378-8dfa-fbe6a8ab43cf-GrpcLogAppender: appendEntries Timeout, request=6e4b8f72-2d03-4335-a109-8ce1569ec549->ece43ade-c7f6-4378-8dfa-fbe6a8ab43cf#1-t3, previous=(t:0, i:0), leaderCommit=-1, initializing? false, entries: size=1, first=(t:3, i:0), CONFIGURATIONENTRY
2019-09-25 05:19:32,354 [Thread-413] INFO  impl.FollowerState (FollowerState.java:run(106)) - ece43ade-c7f6-4378-8dfa-fbe6a8ab43cf:group-0A753E062AF5 changes to CANDIDATE, lastRpcTime:5014, electionTimeout:5011ms
2019-09-25 05:19:32,356 [Thread-413] INFO  impl.RoleInfo (RoleInfo.java:shutdownFollowerState(121)) - ece43ade-c7f6-4378-8dfa-fbe6a8ab43cf: shutdown FollowerState
2019-09-25 05:19:32,356 [Thread-413] INFO  impl.RaftServerImpl (RaftServerImpl.java:setRole(174)) - ece43ade-c7f6-4378-8dfa-fbe6a8ab43cf@group-0A753E062AF5: changes role from  FOLLOWER to CANDIDATE at term 2 for changeToCandidate
2019-09-25 05:19:32,357 [Thread-413] INFO  impl.RoleInfo (RoleInfo.java:updateAndGet(143)) - ece43ade-c7f6-4378-8dfa-fbe6a8ab43cf: start LeaderElection
2019-09-25 05:19:32,378 [Thread-415] INFO  impl.FollowerState (FollowerState.java:run(106)) - 8d1936ad-7e22-483e-8301-a12de2cdc2b5:group-E9952EC7D1B9 changes to CANDIDATE, lastRpcTime:5010, electionTimeout:5002ms
2019-09-25 05:19:32,380 [Thread-415] INFO  impl.RoleInfo (RoleInfo.java:shutdownFollowerState(121)) - 8d1936ad-7e22-483e-8301-a12de2cdc2b5: shutdown FollowerState
2019-09-25 05:19:32,380 [Thread-415] INFO  impl.RaftServerImpl (RaftServerImpl.java:setRole(174)) - 8d1936ad-7e22-483e-8301-a12de2cdc2b5@group-E9952EC7D1B9: changes role from  FOLLOWER to CANDIDATE at term 2 for changeToCandidate
2019-09-25 05:19:32,381 [Thread-415] INFO  impl.RoleInfo (RoleInfo.java:updateAndGet(143)) - 8d1936ad-7e22-483e-8301-a12de2cdc2b5: start LeaderElection
2019-09-25 05:19:32,388 [Thread-416] INFO  impl.FollowerState (FollowerState.java:run(106)) - 6e4b8f72-2d03-4335-a109-8ce1569ec549:group-0A753E062AF5 changes to CANDIDATE, lastRpcTime:5019, electionTimeout:5014ms
2019-09-25 05:19:32,388 [Thread-416] INFO  impl.RoleInfo (RoleInfo.java:shutdownFollowerState(121)) - 6e4b8f72-2d03-4335-a109-8ce1569ec549: shutdown FollowerState
2019-09-25 05:19:32,388 [Thread-416] INFO  impl.RaftServerImpl (RaftServerImpl.java:setRole(174)) - 6e4b8f72-2d03-4335-a109-8ce1569ec549@group-0A753E062AF5: changes role from  FOLLOWER to CANDIDATE at term 2 for changeToCandidate
2019-09-25 05:19:32,388 [Thread-416] INFO  impl.RoleInfo (RoleInfo.java:updateAndGet(143)) - 6e4b8f72-2d03-4335-a109-8ce1569ec549: start LeaderElection
2019-09-25 05:19:32,393 [Thread-414] INFO  impl.FollowerState (FollowerState.java:run(106)) - ece43ade-c7f6-4378-8dfa-fbe6a8ab43cf:group-74FCAC2063C8 changes to CANDIDATE, lastRpcTime:5025, electionTimeout:5017ms
2019-09-25 05:19:32,393 [Thread-414] INFO  impl.RoleInfo (RoleInfo.java:shutdownFollowerState(121)) - ece43ade-c7f6-4378-8dfa-fbe6a8ab43cf: shutdown FollowerState
2019-09-25 05:19:32,393 [Thread-414] INFO  impl.RaftServerImpl (RaftServerImpl.java:setRole(174)) - ece43ade-c7f6-4378-8dfa-fbe6a8ab43cf@group-74FCAC2063C8: changes role from  FOLLOWER to CANDIDATE at term 2 for changeToCandidate
2019-09-25 05:19:32,393 [Thread-414] INFO  impl.RoleInfo (RoleInfo.java:updateAndGet(143)) - ece43ade-c7f6-4378-8dfa-fbe6a8ab43cf: start LeaderElection
2019-09-25 05:19:32,482 [Thread-417] INFO  impl.FollowerState (FollowerState.java:run(106)) - 6e4b8f72-2d03-4335-a109-8ce1569ec549:group-74FCAC2063C8 changes to CANDIDATE, lastRpcTime:5106, electionTimeout:5104ms
2019-09-25 05:19:32,482 [Thread-417] INFO  impl.RoleInfo (RoleInfo.java:shutdownFollowerState(121)) - 6e4b8f72-2d03-4335-a109-8ce1569ec549: shutdown FollowerState
2019-09-25 05:19:32,482 [Thread-417] INFO  impl.RaftServerImpl (RaftServerImpl.java:setRole(174)) - 6e4b8f72-2d03-4335-a109-8ce1569ec549@group-74FCAC2063C8: changes role from  FOLLOWER to CANDIDATE at term 2 for changeToCandidate
2019-09-25 05:19:32,483 [Thread-417] INFO  impl.RoleInfo (RoleInfo.java:updateAndGet(143)) - 6e4b8f72-2d03-4335-a109-8ce1569ec549: start LeaderElection
2019-09-25 05:19:32,486 [Thread-420] INFO  impl.FollowerState (FollowerState.java:run(106)) - dc7ea896-6e80-4fed-8727-08f73144b1fc:group-E9952EC7D1B9 changes to CANDIDATE, lastRpcTime:5102, electionTimeout:5101ms
2019-09-25 05:19:32,486 [Thread-420] INFO  impl.RoleInfo (RoleInfo.java:shutdownFollowerState(121)) - dc7ea896-6e80-4fed-8727-08f73144b1fc: shutdown FollowerState
2019-09-25 05:19:32,486 [Thread-420] INFO  impl.RaftServerImpl (RaftServerImpl.java:setRole(174)) - dc7ea896-6e80-4fed-8727-08f73144b1fc@group-E9952EC7D1B9: changes role from  FOLLOWER to CANDIDATE at term 2 for changeToCandidate
2019-09-25 05:19:32,486 [Thread-420] INFO  impl.RoleInfo (RoleInfo.java:updateAndGet(143)) - dc7ea896-6e80-4fed-8727-08f73144b1fc: start LeaderElection
2019-09-25 05:19:32,503 [Thread-418] INFO  impl.FollowerState (FollowerState.java:run(106)) - a824d2a0-4471-4a6f-a232-f84ec650292b:group-E9952EC7D1B9 changes to CANDIDATE, lastRpcTime:5125, electionTimeout:5123ms
2019-09-25 05:19:32,503 [Thread-418] INFO  impl.RoleInfo (RoleInfo.java:shutdownFollowerState(121)) - a824d2a0-4471-4a6f-a232-f84ec650292b: shutdown FollowerState
2019-09-25 05:19:32,503 [Thread-418] INFO  impl.RaftServerImpl (RaftServerImpl.java:setRole(174)) - a824d2a0-4471-4a6f-a232-f84ec650292b@group-E9952EC7D1B9: changes role from  FOLLOWER to CANDIDATE at term 2 for changeToCandidate
2019-09-25 05:19:32,504 [Thread-418] INFO  impl.RoleInfo (RoleInfo.java:updateAndGet(143)) - a824d2a0-4471-4a6f-a232-f84ec650292b: start LeaderElection
2019-09-25 05:19:32,531 [Thread-419] INFO  impl.FollowerState (FollowerState.java:run(106)) - a7793eff-ada5-4527-9e0b-a0fd078cd21b:group-0A753E062AF5 changes to CANDIDATE, lastRpcTime:5149, electionTimeout:5147ms
2019-09-25 05:19:32,531 [Thread-419] INFO  impl.RoleInfo (RoleInfo.java:shutdownFollowerState(121)) - a7793eff-ada5-4527-9e0b-a0fd078cd21b: shutdown FollowerState
2019-09-25 05:19:32,531 [Thread-419] INFO  impl.RaftServerImpl (RaftServerImpl.java:setRole(174)) - a7793eff-ada5-4527-9e0b-a0fd078cd21b@group-0A753E062AF5: changes role from  FOLLOWER to CANDIDATE at term 2 for changeToCandidate
2019-09-25 05:19:32,531 [Thread-419] INFO  impl.RoleInfo (RoleInfo.java:updateAndGet(143)) - a7793eff-ada5-4527-9e0b-a0fd078cd21b: start LeaderElection
2019-09-25 05:19:32,533 [Thread-421] INFO  impl.FollowerState (FollowerState.java:run(106)) - a7793eff-ada5-4527-9e0b-a0fd078cd21b:group-74FCAC2063C8 changes to CANDIDATE, lastRpcTime:5149, electionTimeout:5149ms
2019-09-25 05:19:32,533 [Thread-421] INFO  impl.RoleInfo (RoleInfo.java:shutdownFollowerState(121)) - a7793eff-ada5-4527-9e0b-a0fd078cd21b: shutdown FollowerState
2019-09-25 05:19:32,534 [Thread-421] INFO  impl.RaftServerImpl (RaftServerImpl.java:setRole(174)) - a7793eff-ada5-4527-9e0b-a0fd078cd21b@group-74FCAC2063C8: changes role from  FOLLOWER to CANDIDATE at term 2 for changeToCandidate
2019-09-25 05:19:32,534 [Thread-421] INFO  impl.RoleInfo (RoleInfo.java:updateAndGet(143)) - a7793eff-ada5-4527-9e0b-a0fd078cd21b: start LeaderElection
2019-09-25 05:19:33,333 [ece43ade-c7f6-4378-8dfa-fbe6a8ab43cf@group-8C538AEF5C3F-SegmentedRaftLogWorker] INFO  segmented.SegmentedRaftLogWorker (SegmentedRaftLogWorker.java:execute(569)) - ece43ade-c7f6-4378-8dfa-fbe6a8ab43cf@group-8C538AEF5C3F-SegmentedRaftLogWorker: created new log segment /workdir/hadoop-ozone/integration-test/target/test-dir/MiniOzoneClusterImpl-408040ea-8342-4e81-bd05-3c5316de8946/datanode-3/data/ratis/b5f0a873-22b7-4879-baee-8c538aef5c3f/current/log_inprogress_0
2019-09-25 05:19:33,333 [a7793eff-ada5-4527-9e0b-a0fd078cd21b@group-8C538AEF5C3F-SegmentedRaftLogWorker] INFO  segmented.SegmentedRaftLogWorker (SegmentedRaftLogWorker.java:execute(569)) - a7793eff-ada5-4527-9e0b-a0fd078cd21b@group-8C538AEF5C3F-SegmentedRaftLogWorker: created new log segment /workdir/hadoop-ozone/integration-test/target/test-dir/MiniOzoneClusterImpl-408040ea-8342-4e81-bd05-3c5316de8946/datanode-1/data/ratis/b5f0a873-22b7-4879-baee-8c538aef5c3f/current/log_inprogress_0
2019-09-25 05:19:33,333 [6e4b8f72-2d03-4335-a109-8ce1569ec549@group-8C538AEF5C3F-SegmentedRaftLogWorker] INFO  segmented.SegmentedRaftLogWorker (SegmentedRaftLogWorker.java:execute(569)) - 6e4b8f72-2d03-4335-a109-8ce1569ec549@group-8C538AEF5C3F-SegmentedRaftLogWorker: created new log segment /workdir/hadoop-ozone/integration-test/target/test-dir/MiniOzoneClusterImpl-408040ea-8342-4e81-bd05-3c5316de8946/datanode-5/data/ratis/b5f0a873-22b7-4879-baee-8c538aef5c3f/current/log_inprogress_0
2019-09-25 05:19:33,335 [6e4b8f72-2d03-4335-a109-8ce1569ec549@group-74FCAC2063C8:LeaderElection32] INFO  impl.LeaderElection (LeaderElection.java:askForVotes(182)) - 6e4b8f72-2d03-4335-a109-8ce1569ec549@group-74FCAC2063C8:LeaderElection32: begin an election at term 3 for -1: [6e4b8f72-2d03-4335-a109-8ce1569ec549:192.168.36.126:38179, a7793eff-ada5-4527-9e0b-a0fd078cd21b:192.168.36.126:36914, ece43ade-c7f6-4378-8dfa-fbe6a8ab43cf:192.168.36.126:41805], old=null
2019-09-25 05:19:33,335 [dc7ea896-6e80-4fed-8727-08f73144b1fc@group-E9952EC7D1B9:LeaderElection33] INFO  impl.LeaderElection (LeaderElection.java:askForVotes(182)) - dc7ea896-6e80-4fed-8727-08f73144b1fc@group-E9952EC7D1B9:LeaderElection33: begin an election at term 3 for -1: [8d1936ad-7e22-483e-8301-a12de2cdc2b5:192.168.36.126:34366, dc7ea896-6e80-4fed-8727-08f73144b1fc:192.168.36.126:42983, a824d2a0-4471-4a6f-a232-f84ec650292b:192.168.36.126:37611], old=null
2019-09-25 05:19:33,335 [a7793eff-ada5-4527-9e0b-a0fd078cd21b@group-74FCAC2063C8:LeaderElection36] INFO  impl.LeaderElection (LeaderElection.java:askForVotes(182)) - a7793eff-ada5-4527-9e0b-a0fd078cd21b@group-74FCAC2063C8:LeaderElection36: begin an election at term 3 for -1: [6e4b8f72-2d03-4335-a109-8ce1569ec549:192.168.36.126:38179, a7793eff-ada5-4527-9e0b-a0fd078cd21b:192.168.36.126:36914, ece43ade-c7f6-4378-8dfa-fbe6a8ab43cf:192.168.36.126:41805], old=null
2019-09-25 05:19:33,335 [a7793eff-ada5-4527-9e0b-a0fd078cd21b@group-0A753E062AF5:LeaderElection35] INFO  impl.LeaderElection (LeaderElection.java:askForVotes(182)) - a7793eff-ada5-4527-9e0b-a0fd078cd21b@group-0A753E062AF5:LeaderElection35: begin an election at term 3 for -1: [6e4b8f72-2d03-4335-a109-8ce1569ec549:192.168.36.126:38179, a7793eff-ada5-4527-9e0b-a0fd078cd21b:192.168.36.126:36914, ece43ade-c7f6-4378-8dfa-fbe6a8ab43cf:192.168.36.126:41805], old=null
2019-09-25 05:19:33,335 [8d1936ad-7e22-483e-8301-a12de2cdc2b5@group-E9952EC7D1B9:LeaderElection29] INFO  impl.LeaderElection (LeaderElection.java:askForVotes(182)) - 8d1936ad-7e22-483e-8301-a12de2cdc2b5@group-E9952EC7D1B9:LeaderElection29: begin an election at term 3 for -1: [8d1936ad-7e22-483e-8301-a12de2cdc2b5:192.168.36.126:34366, dc7ea896-6e80-4fed-8727-08f73144b1fc:192.168.36.126:42983, a824d2a0-4471-4a6f-a232-f84ec650292b:192.168.36.126:37611], old=null
2019-09-25 05:19:33,335 [a824d2a0-4471-4a6f-a232-f84ec650292b@group-E9952EC7D1B9:LeaderElection34] INFO  impl.LeaderElection (LeaderElection.java:askForVotes(182)) - a824d2a0-4471-4a6f-a232-f84ec650292b@group-E9952EC7D1B9:LeaderElection34: begin an election at term 3 for -1: [8d1936ad-7e22-483e-8301-a12de2cdc2b5:192.168.36.126:34366, dc7ea896-6e80-4fed-8727-08f73144b1fc:192.168.36.126:42983, a824d2a0-4471-4a6f-a232-f84ec650292b:192.168.36.126:37611], old=null
2019-09-25 05:19:33,335 [6e4b8f72-2d03-4335-a109-8ce1569ec549@group-0A753E062AF5:LeaderElection30] INFO  impl.LeaderElection (LeaderElection.java:askForVotes(182)) - 6e4b8f72-2d03-4335-a109-8ce1569ec549@group-0A753E062AF5:LeaderElection30: begin an election at term 3 for -1: [6e4b8f72-2d03-4335-a109-8ce1569ec549:192.168.36.126:38179, a7793eff-ada5-4527-9e0b-a0fd078cd21b:192.168.36.126:36914, ece43ade-c7f6-4378-8dfa-fbe6a8ab43cf:192.168.36.126:41805], old=null
2019-09-25 05:19:33,335 [ece43ade-c7f6-4378-8dfa-fbe6a8ab43cf@group-0A753E062AF5:LeaderElection28] INFO  impl.LeaderElection (LeaderElection.java:askForVotes(182)) - ece43ade-c7f6-4378-8dfa-fbe6a8ab43cf@group-0A753E062AF5:LeaderElection28: begin an election at term 3 for -1: [6e4b8f72-2d03-4335-a109-8ce1569ec549:192.168.36.126:38179, a7793eff-ada5-4527-9e0b-a0fd078cd21b:192.168.36.126:36914, ece43ade-c7f6-4378-8dfa-fbe6a8ab43cf:192.168.36.126:41805], old=null
2019-09-25 05:19:33,335 [ece43ade-c7f6-4378-8dfa-fbe6a8ab43cf@group-74FCAC2063C8:LeaderElection31] INFO  impl.LeaderElection (LeaderElection.java:askForVotes(182)) - ece43ade-c7f6-4378-8dfa-fbe6a8ab43cf@group-74FCAC2063C8:LeaderElection31: begin an election at term 3 for -1: [6e4b8f72-2d03-4335-a109-8ce1569ec549:192.168.36.126:38179, a7793eff-ada5-4527-9e0b-a0fd078cd21b:192.168.36.126:36914, ece43ade-c7f6-4378-8dfa-fbe6a8ab43cf:192.168.36.126:41805], old=null
2019-09-25 05:19:33,348 [6e4b8f72-2d03-4335-a109-8ce1569ec549@group-0A753E062AF5:LeaderElection30] INFO  impl.LeaderElection (LeaderElection.java:logAndReturn(56)) - 6e4b8f72-2d03-4335-a109-8ce1569ec549@group-0A753E062AF5:LeaderElection30: Election REJECTED; received 2 response(s) [6e4b8f72-2d03-4335-a109-8ce1569ec549<-a7793eff-ada5-4527-9e0b-a0fd078cd21b#0:FAIL-t3, 6e4b8f72-2d03-4335-a109-8ce1569ec549<-ece43ade-c7f6-4378-8dfa-fbe6a8ab43cf#0:FAIL-t3] and 0 exception(s); 6e4b8f72-2d03-4335-a109-8ce1569ec549@group-0A753E062AF5:t3, leader=null, voted=6e4b8f72-2d03-4335-a109-8ce1569ec549, raftlog=6e4b8f72-2d03-4335-a109-8ce1569ec549@group-0A753E062AF5-SegmentedRaftLog:OPENED:c-1,f-1,i0, conf=-1: [6e4b8f72-2d03-4335-a109-8ce1569ec549:192.168.36.126:38179, a7793eff-ada5-4527-9e0b-a0fd078cd21b:192.168.36.126:36914, ece43ade-c7f6-4378-8dfa-fbe6a8ab43cf:192.168.36.126:41805], old=null
2019-09-25 05:19:33,348 [6e4b8f72-2d03-4335-a109-8ce1569ec549@group-0A753E062AF5:LeaderElection30] INFO  impl.RaftServerImpl (RaftServerImpl.java:setRole(174)) - 6e4b8f72-2d03-4335-a109-8ce1569ec549@group-0A753E062AF5: changes role from CANDIDATE to FOLLOWER at term 3 for DISCOVERED_A_NEW_TERM
2019-09-25 05:19:33,348 [6e4b8f72-2d03-4335-a109-8ce1569ec549@group-0A753E062AF5:LeaderElection30] INFO  impl.RoleInfo (RoleInfo.java:shutdownLeaderElection(134)) - 6e4b8f72-2d03-4335-a109-8ce1569ec549: shutdown LeaderElection
2019-09-25 05:19:33,349 [6e4b8f72-2d03-4335-a109-8ce1569ec549@group-0A753E062AF5:LeaderElection30] INFO  impl.RoleInfo (RoleInfo.java:updateAndGet(143)) - 6e4b8f72-2d03-4335-a109-8ce1569ec549: start FollowerState
2019-09-25 05:19:33,350 [a7793eff-ada5-4527-9e0b-a0fd078cd21b@group-74FCAC2063C8:LeaderElection36] INFO  impl.LeaderElection (LeaderElection.java:logAndReturn(56)) - a7793eff-ada5-4527-9e0b-a0fd078cd21b@group-74FCAC2063C8:LeaderElection36: Election REJECTED; received 2 response(s) [a7793eff-ada5-4527-9e0b-a0fd078cd21b<-6e4b8f72-2d03-4335-a109-8ce1569ec549#0:FAIL-t3, a7793eff-ada5-4527-9e0b-a0fd078cd21b<-ece43ade-c7f6-4378-8dfa-fbe6a8ab43cf#0:FAIL-t3] and 0 exception(s); a7793eff-ada5-4527-9e0b-a0fd078cd21b@group-74FCAC2063C8:t3, leader=null, voted=a7793eff-ada5-4527-9e0b-a0fd078cd21b, raftlog=a7793eff-ada5-4527-9e0b-a0fd078cd21b@group-74FCAC2063C8-SegmentedRaftLog:OPENED:c-1,f-1,i0, conf=-1: [6e4b8f72-2d03-4335-a109-8ce1569ec549:192.168.36.126:38179, a7793eff-ada5-4527-9e0b-a0fd078cd21b:192.168.36.126:36914, ece43ade-c7f6-4378-8dfa-fbe6a8ab43cf:192.168.36.126:41805], old=null
2019-09-25 05:19:33,353 [a7793eff-ada5-4527-9e0b-a0fd078cd21b@group-0A753E062AF5:LeaderElection35] INFO  impl.LeaderElection (LeaderElection.java:logAndReturn(56)) - a7793eff-ada5-4527-9e0b-a0fd078cd21b@group-0A753E062AF5:LeaderElection35: Election REJECTED; received 2 response(s) [a7793eff-ada5-4527-9e0b-a0fd078cd21b<-6e4b8f72-2d03-4335-a109-8ce1569ec549#0:FAIL-t3, a7793eff-ada5-4527-9e0b-a0fd078cd21b<-ece43ade-c7f6-4378-8dfa-fbe6a8ab43cf#0:FAIL-t3] and 0 exception(s); a7793eff-ada5-4527-9e0b-a0fd078cd21b@group-0A753E062AF5:t3, leader=null, voted=a7793eff-ada5-4527-9e0b-a0fd078cd21b, raftlog=a7793eff-ada5-4527-9e0b-a0fd078cd21b@group-0A753E062AF5-SegmentedRaftLog:OPENED:c-1,f-1,i0, conf=-1: [6e4b8f72-2d03-4335-a109-8ce1569ec549:192.168.36.126:38179, a7793eff-ada5-4527-9e0b-a0fd078cd21b:192.168.36.126:36914, ece43ade-c7f6-4378-8dfa-fbe6a8ab43cf:192.168.36.126:41805], old=null
2019-09-25 05:19:33,353 [a7793eff-ada5-4527-9e0b-a0fd078cd21b@group-74FCAC2063C8:LeaderElection36] INFO  impl.RaftServerImpl (RaftServerImpl.java:setRole(174)) - a7793eff-ada5-4527-9e0b-a0fd078cd21b@group-74FCAC2063C8: changes role from CANDIDATE to FOLLOWER at term 3 for DISCOVERED_A_NEW_TERM
2019-09-25 05:19:33,355 [a7793eff-ada5-4527-9e0b-a0fd078cd21b@group-0A753E062AF5:LeaderElection35] INFO  impl.RaftServerImpl (RaftServerImpl.java:setRole(174)) - a7793eff-ada5-4527-9e0b-a0fd078cd21b@group-0A753E062AF5: changes role from CANDIDATE to FOLLOWER at term 3 for DISCOVERED_A_NEW_TERM
2019-09-25 05:19:33,355 [a7793eff-ada5-4527-9e0b-a0fd078cd21b@group-74FCAC2063C8:LeaderElection36] INFO  impl.RoleInfo (RoleInfo.java:shutdownLeaderElection(134)) - a7793eff-ada5-4527-9e0b-a0fd078cd21b: shutdown LeaderElection
2019-09-25 05:19:33,357 [a7793eff-ada5-4527-9e0b-a0fd078cd21b@group-0A753E062AF5:LeaderElection35] INFO  impl.RoleInfo (RoleInfo.java:shutdownLeaderElection(134)) - a7793eff-ada5-4527-9e0b-a0fd078cd21b: shutdown LeaderElection
2019-09-25 05:19:33,358 [a7793eff-ada5-4527-9e0b-a0fd078cd21b@group-74FCAC2063C8:LeaderElection36] INFO  impl.RoleInfo (RoleInfo.java:updateAndGet(143)) - a7793eff-ada5-4527-9e0b-a0fd078cd21b: start FollowerState
2019-09-25 05:19:33,358 [a7793eff-ada5-4527-9e0b-a0fd078cd21b@group-0A753E062AF5:LeaderElection35] INFO  impl.RoleInfo (RoleInfo.java:updateAndGet(143)) - a7793eff-ada5-4527-9e0b-a0fd078cd21b: start FollowerState
2019-09-25 05:19:33,358 [ece43ade-c7f6-4378-8dfa-fbe6a8ab43cf@group-74FCAC2063C8:LeaderElection31] INFO  impl.LeaderElection (LeaderElection.java:logAndReturn(56)) - ece43ade-c7f6-4378-8dfa-fbe6a8ab43cf@group-74FCAC2063C8:LeaderElection31: Election REJECTED; received 2 response(s) [ece43ade-c7f6-4378-8dfa-fbe6a8ab43cf<-6e4b8f72-2d03-4335-a109-8ce1569ec549#0:FAIL-t3, ece43ade-c7f6-4378-8dfa-fbe6a8ab43cf<-a7793eff-ada5-4527-9e0b-a0fd078cd21b#0:FAIL-t3] and 0 exception(s); ece43ade-c7f6-4378-8dfa-fbe6a8ab43cf@group-74FCAC2063C8:t3, leader=null, voted=ece43ade-c7f6-4378-8dfa-fbe6a8ab43cf, raftlog=ece43ade-c7f6-4378-8dfa-fbe6a8ab43cf@group-74FCAC2063C8-SegmentedRaftLog:OPENED:c-1,f-1,i0, conf=-1: [6e4b8f72-2d03-4335-a109-8ce1569ec549:192.168.36.126:38179, a7793eff-ada5-4527-9e0b-a0fd078cd21b:192.168.36.126:36914, ece43ade-c7f6-4378-8dfa-fbe6a8ab43cf:192.168.36.126:41805], old=null
2019-09-25 05:19:33,359 [6e4b8f72-2d03-4335-a109-8ce1569ec549@group-74FCAC2063C8:LeaderElection32] INFO  impl.LeaderElection (LeaderElection.java:logAndReturn(56)) - 6e4b8f72-2d03-4335-a109-8ce1569ec549@group-74FCAC2063C8:LeaderElection32: Election REJECTED; received 2 response(s) [6e4b8f72-2d03-4335-a109-8ce1569ec549<-a7793eff-ada5-4527-9e0b-a0fd078cd21b#0:FAIL-t3, 6e4b8f72-2d03-4335-a109-8ce1569ec549<-ece43ade-c7f6-4378-8dfa-fbe6a8ab43cf#0:FAIL-t3] and 0 exception(s); 6e4b8f72-2d03-4335-a109-8ce1569ec549@group-74FCAC2063C8:t3, leader=null, voted=6e4b8f72-2d03-4335-a109-8ce1569ec549, raftlog=6e4b8f72-2d03-4335-a109-8ce1569ec549@group-74FCAC2063C8-SegmentedRaftLog:OPENED:c-1,f-1,i0, conf=-1: [6e4b8f72-2d03-4335-a109-8ce1569ec549:192.168.36.126:38179, a7793eff-ada5-4527-9e0b-a0fd078cd21b:192.168.36.126:36914, ece43ade-c7f6-4378-8dfa-fbe6a8ab43cf:192.168.36.126:41805], old=null
2019-09-25 05:19:33,359 [ece43ade-c7f6-4378-8dfa-fbe6a8ab43cf@group-74FCAC2063C8:LeaderElection31] INFO  impl.RaftServerImpl (RaftServerImpl.java:setRole(174)) - ece43ade-c7f6-4378-8dfa-fbe6a8ab43cf@group-74FCAC2063C8: changes role from CANDIDATE to FOLLOWER at term 3 for DISCOVERED_A_NEW_TERM
2019-09-25 05:19:33,361 [ece43ade-c7f6-4378-8dfa-fbe6a8ab43cf@group-74FCAC2063C8:LeaderElection31] INFO  impl.RoleInfo (RoleInfo.java:shutdownLeaderElection(134)) - ece43ade-c7f6-4378-8dfa-fbe6a8ab43cf: shutdown LeaderElection
2019-09-25 05:19:33,359 [a824d2a0-4471-4a6f-a232-f84ec650292b@group-E9952EC7D1B9:LeaderElection34] INFO  impl.LeaderElection (LeaderElection.java:logAndReturn(56)) - a824d2a0-4471-4a6f-a232-f84ec650292b@group-E9952EC7D1B9:LeaderElection34: Election REJECTED; received 2 response(s) [a824d2a0-4471-4a6f-a232-f84ec650292b<-8d1936ad-7e22-483e-8301-a12de2cdc2b5#0:FAIL-t3, a824d2a0-4471-4a6f-a232-f84ec650292b<-dc7ea896-6e80-4fed-8727-08f73144b1fc#0:FAIL-t3] and 0 exception(s); a824d2a0-4471-4a6f-a232-f84ec650292b@group-E9952EC7D1B9:t3, leader=null, voted=a824d2a0-4471-4a6f-a232-f84ec650292b, raftlog=a824d2a0-4471-4a6f-a232-f84ec650292b@group-E9952EC7D1B9-SegmentedRaftLog:OPENED:c-1,f-1,i0, conf=-1: [8d1936ad-7e22-483e-8301-a12de2cdc2b5:192.168.36.126:34366, dc7ea896-6e80-4fed-8727-08f73144b1fc:192.168.36.126:42983, a824d2a0-4471-4a6f-a232-f84ec650292b:192.168.36.126:37611], old=null
2019-09-25 05:19:33,361 [6e4b8f72-2d03-4335-a109-8ce1569ec549@group-74FCAC2063C8:LeaderElection32] INFO  impl.RaftServerImpl (RaftServerImpl.java:setRole(174)) - 6e4b8f72-2d03-4335-a109-8ce1569ec549@group-74FCAC2063C8: changes role from CANDIDATE to FOLLOWER at term 3 for DISCOVERED_A_NEW_TERM
2019-09-25 05:19:33,364 [ece43ade-c7f6-4378-8dfa-fbe6a8ab43cf@group-74FCAC2063C8:LeaderElection31] INFO  impl.RoleInfo (RoleInfo.java:updateAndGet(143)) - ece43ade-c7f6-4378-8dfa-fbe6a8ab43cf: start FollowerState
2019-09-25 05:19:33,364 [a824d2a0-4471-4a6f-a232-f84ec650292b@group-E9952EC7D1B9:LeaderElection34] INFO  impl.RaftServerImpl (RaftServerImpl.java:setRole(174)) - a824d2a0-4471-4a6f-a232-f84ec650292b@group-E9952EC7D1B9: changes role from CANDIDATE to FOLLOWER at term 3 for DISCOVERED_A_NEW_TERM
2019-09-25 05:19:33,364 [dc7ea896-6e80-4fed-8727-08f73144b1fc@group-E9952EC7D1B9:LeaderElection33] INFO  impl.LeaderElection (LeaderElection.java:logAndReturn(56)) - dc7ea896-6e80-4fed-8727-08f73144b1fc@group-E9952EC7D1B9:LeaderElection33: Election REJECTED; received 2 response(s) [dc7ea896-6e80-4fed-8727-08f73144b1fc<-8d1936ad-7e22-483e-8301-a12de2cdc2b5#0:FAIL-t3, dc7ea896-6e80-4fed-8727-08f73144b1fc<-a824d2a0-4471-4a6f-a232-f84ec650292b#0:FAIL-t3] and 0 exception(s); dc7ea896-6e80-4fed-8727-08f73144b1fc@group-E9952EC7D1B9:t3, leader=null, voted=dc7ea896-6e80-4fed-8727-08f73144b1fc, raftlog=dc7ea896-6e80-4fed-8727-08f73144b1fc@group-E9952EC7D1B9-SegmentedRaftLog:OPENED:c-1,f-1,i0, conf=-1: [8d1936ad-7e22-483e-8301-a12de2cdc2b5:192.168.36.126:34366, dc7ea896-6e80-4fed-8727-08f73144b1fc:192.168.36.126:42983, a824d2a0-4471-4a6f-a232-f84ec650292b:192.168.36.126:37611], old=null
2019-09-25 05:19:33,366 [a824d2a0-4471-4a6f-a232-f84ec650292b@group-E9952EC7D1B9:LeaderElection34] INFO  impl.RoleInfo (RoleInfo.java:shutdownLeaderElection(134)) - a824d2a0-4471-4a6f-a232-f84ec650292b: shutdown LeaderElection
2019-09-25 05:19:33,366 [ece43ade-c7f6-4378-8dfa-fbe6a8ab43cf@group-0A753E062AF5:LeaderElection28] INFO  impl.LeaderElection (LeaderElection.java:logAndReturn(56)) - ece43ade-c7f6-4378-8dfa-fbe6a8ab43cf@group-0A753E062AF5:LeaderElection28: Election REJECTED; received 2 response(s) [ece43ade-c7f6-4378-8dfa-fbe6a8ab43cf<-6e4b8f72-2d03-4335-a109-8ce1569ec549#0:FAIL-t3, ece43ade-c7f6-4378-8dfa-fbe6a8ab43cf<-a7793eff-ada5-4527-9e0b-a0fd078cd21b#0:FAIL-t3] and 0 exception(s); ece43ade-c7f6-4378-8dfa-fbe6a8ab43cf@group-0A753E062AF5:t3, leader=null, voted=ece43ade-c7f6-4378-8dfa-fbe6a8ab43cf, raftlog=ece43ade-c7f6-4378-8dfa-fbe6a8ab43cf@group-0A753E062AF5-SegmentedRaftLog:OPENED:c-1,f-1,i0, conf=-1: [6e4b8f72-2d03-4335-a109-8ce1569ec549:192.168.36.126:38179, a7793eff-ada5-4527-9e0b-a0fd078cd21b:192.168.36.126:36914, ece43ade-c7f6-4378-8dfa-fbe6a8ab43cf:192.168.36.126:41805], old=null
2019-09-25 05:19:33,366 [8d1936ad-7e22-483e-8301-a12de2cdc2b5@group-E9952EC7D1B9:LeaderElection29] INFO  impl.LeaderElection (LeaderElection.java:logAndReturn(56)) - 8d1936ad-7e22-483e-8301-a12de2cdc2b5@group-E9952EC7D1B9:LeaderElection29: Election REJECTED; received 2 response(s) [8d1936ad-7e22-483e-8301-a12de2cdc2b5<-dc7ea896-6e80-4fed-8727-08f73144b1fc#0:FAIL-t3, 8d1936ad-7e22-483e-8301-a12de2cdc2b5<-a824d2a0-4471-4a6f-a232-f84ec650292b#0:FAIL-t3] and 0 exception(s); 8d1936ad-7e22-483e-8301-a12de2cdc2b5@group-E9952EC7D1B9:t3, leader=null, voted=8d1936ad-7e22-483e-8301-a12de2cdc2b5, raftlog=8d1936ad-7e22-483e-8301-a12de2cdc2b5@group-E9952EC7D1B9-SegmentedRaftLog:OPENED:c-1,f-1,i0, conf=-1: [8d1936ad-7e22-483e-8301-a12de2cdc2b5:192.168.36.126:34366, dc7ea896-6e80-4fed-8727-08f73144b1fc:192.168.36.126:42983, a824d2a0-4471-4a6f-a232-f84ec650292b:192.168.36.126:37611], old=null
2019-09-25 05:19:33,364 [6e4b8f72-2d03-4335-a109-8ce1569ec549@group-74FCAC2063C8:LeaderElection32] INFO  impl.RoleInfo (RoleInfo.java:shutdownLeaderElection(134)) - 6e4b8f72-2d03-4335-a109-8ce1569ec549: shutdown LeaderElection
2019-09-25 05:19:33,369 [ece43ade-c7f6-4378-8dfa-fbe6a8ab43cf@group-0A753E062AF5:LeaderElection28] INFO  impl.RaftServerImpl (RaftServerImpl.java:setRole(174)) - ece43ade-c7f6-4378-8dfa-fbe6a8ab43cf@group-0A753E062AF5: changes role from CANDIDATE to FOLLOWER at term 3 for DISCOVERED_A_NEW_TERM
2019-09-25 05:19:33,369 [a824d2a0-4471-4a6f-a232-f84ec650292b@group-E9952EC7D1B9:LeaderElection34] INFO  impl.RoleInfo (RoleInfo.java:updateAndGet(143)) - a824d2a0-4471-4a6f-a232-f84ec650292b: start FollowerState
2019-09-25 05:19:33,367 [dc7ea896-6e80-4fed-8727-08f73144b1fc@group-E9952EC7D1B9:LeaderElection33] INFO  impl.RaftServerImpl (RaftServerImpl.java:setRole(174)) - dc7ea896-6e80-4fed-8727-08f73144b1fc@group-E9952EC7D1B9: changes role from CANDIDATE to FOLLOWER at term 3 for DISCOVERED_A_NEW_TERM
2019-09-25 05:19:33,373 [8d1936ad-7e22-483e-8301-a12de2cdc2b5@group-E9952EC7D1B9:LeaderElection29] INFO  impl.RaftServerImpl (RaftServerImpl.java:setRole(174)) - 8d1936ad-7e22-483e-8301-a12de2cdc2b5@group-E9952EC7D1B9: changes role from CANDIDATE to FOLLOWER at term 3 for DISCOVERED_A_NEW_TERM
2019-09-25 05:19:33,374 [8d1936ad-7e22-483e-8301-a12de2cdc2b5@group-E9952EC7D1B9:LeaderElection29] INFO  impl.RoleInfo (RoleInfo.java:shutdownLeaderElection(134)) - 8d1936ad-7e22-483e-8301-a12de2cdc2b5: shutdown LeaderElection
2019-09-25 05:19:33,373 [ece43ade-c7f6-4378-8dfa-fbe6a8ab43cf@group-0A753E062AF5:LeaderElection28] INFO  impl.RoleInfo (RoleInfo.java:shutdownLeaderElection(134)) - ece43ade-c7f6-4378-8dfa-fbe6a8ab43cf: shutdown LeaderElection
2019-09-25 05:19:33,373 [6e4b8f72-2d03-4335-a109-8ce1569ec549@group-74FCAC2063C8:LeaderElection32] INFO  impl.RoleInfo (RoleInfo.java:updateAndGet(143)) - 6e4b8f72-2d03-4335-a109-8ce1569ec549: start FollowerState
2019-09-25 05:19:33,374 [ece43ade-c7f6-4378-8dfa-fbe6a8ab43cf@group-0A753E062AF5:LeaderElection28] INFO  impl.RoleInfo (RoleInfo.java:updateAndGet(143)) - ece43ade-c7f6-4378-8dfa-fbe6a8ab43cf: start FollowerState
2019-09-25 05:19:33,374 [8d1936ad-7e22-483e-8301-a12de2cdc2b5@group-E9952EC7D1B9:LeaderElection29] INFO  impl.RoleInfo (RoleInfo.java:updateAndGet(143)) - 8d1936ad-7e22-483e-8301-a12de2cdc2b5: start FollowerState
2019-09-25 05:19:33,374 [dc7ea896-6e80-4fed-8727-08f73144b1fc@group-E9952EC7D1B9:LeaderElection33] INFO  impl.RoleInfo (RoleInfo.java:shutdownLeaderElection(134)) - dc7ea896-6e80-4fed-8727-08f73144b1fc: shutdown LeaderElection
2019-09-25 05:19:33,375 [dc7ea896-6e80-4fed-8727-08f73144b1fc@group-E9952EC7D1B9:LeaderElection33] INFO  impl.RoleInfo (RoleInfo.java:updateAndGet(143)) - dc7ea896-6e80-4fed-8727-08f73144b1fc: start FollowerState
2019-09-25 05:19:33,393 [java.util.concurrent.ThreadPoolExecutor$Worker@6c4ccbe7[State = -1, empty queue]] WARN  server.GrpcLogAppender (GrpcLogAppender.java:timeoutAppendRequest(200)) - 6e4b8f72-2d03-4335-a109-8ce1569ec549@group-8C538AEF5C3F->a7793eff-ada5-4527-9e0b-a0fd078cd21b-GrpcLogAppender: appendEntries Timeout, request=6e4b8f72-2d03-4335-a109-8ce1569ec549->a7793eff-ada5-4527-9e0b-a0fd078cd21b#2-t3, previous=(t:3, i:0), leaderCommit=-1, initializing? false, entries: <empty>
2019-09-25 05:19:33,393 [java.util.concurrent.ThreadPoolExecutor$Worker@30ae4cb5[State = -1, empty queue]] WARN  server.GrpcLogAppender (GrpcLogAppender.java:timeoutAppendRequest(200)) - 6e4b8f72-2d03-4335-a109-8ce1569ec549@group-8C538AEF5C3F->ece43ade-c7f6-4378-8dfa-fbe6a8ab43cf-GrpcLogAppender: appendEntries Timeout, request=6e4b8f72-2d03-4335-a109-8ce1569ec549->ece43ade-c7f6-4378-8dfa-fbe6a8ab43cf#2-t3, previous=(t:3, i:0), leaderCommit=-1, initializing? false, entries: <empty>
2019-09-25 05:19:35,894 [java.util.concurrent.ThreadPoolExecutor$Worker@6c4ccbe7[State = -1, empty queue]] WARN  server.GrpcLogAppender (GrpcLogAppender.java:timeoutAppendRequest(200)) - 6e4b8f72-2d03-4335-a109-8ce1569ec549@group-8C538AEF5C3F->a7793eff-ada5-4527-9e0b-a0fd078cd21b-GrpcLogAppender: appendEntries Timeout, request=6e4b8f72-2d03-4335-a109-8ce1569ec549->a7793eff-ada5-4527-9e0b-a0fd078cd21b#3-t3, previous=(t:3, i:0), leaderCommit=-1, initializing? false, entries: <empty>
2019-09-25 05:19:35,894 [java.util.concurrent.ThreadPoolExecutor$Worker@30ae4cb5[State = -1, empty queue]] WARN  server.GrpcLogAppender (GrpcLogAppender.java:timeoutAppendRequest(200)) - 6e4b8f72-2d03-4335-a109-8ce1569ec549@group-8C538AEF5C3F->ece43ade-c7f6-4378-8dfa-fbe6a8ab43cf-GrpcLogAppender: appendEntries Timeout, request=6e4b8f72-2d03-4335-a109-8ce1569ec549->ece43ade-c7f6-4378-8dfa-fbe6a8ab43cf#3-t3, previous=(t:3, i:0), leaderCommit=-1, initializing? false, entries: <empty>
2019-09-25 05:19:38,367 [Thread-474] INFO  impl.FollowerState (FollowerState.java:run(106)) - a7793eff-ada5-4527-9e0b-a0fd078cd21b:group-74FCAC2063C8 changes to CANDIDATE, lastRpcTime:5009, electionTimeout:5009ms
2019-09-25 05:19:38,368 [Thread-474] INFO  impl.RoleInfo (RoleInfo.java:shutdownFollowerState(121)) - a7793eff-ada5-4527-9e0b-a0fd078cd21b: shutdown FollowerState
2019-09-25 05:19:38,369 [Thread-474] INFO  impl.RaftServerImpl (RaftServerImpl.java:setRole(174)) - a7793eff-ada5-4527-9e0b-a0fd078cd21b@group-74FCAC2063C8: changes role from  FOLLOWER to CANDIDATE at term 3 for changeToCandidate
2019-09-25 05:19:38,369 [Thread-474] INFO  impl.RoleInfo (RoleInfo.java:updateAndGet(143)) - a7793eff-ada5-4527-9e0b-a0fd078cd21b: start LeaderElection
2019-09-25 05:19:38,387 [Thread-481] INFO  impl.FollowerState (FollowerState.java:run(106)) - dc7ea896-6e80-4fed-8727-08f73144b1fc:group-E9952EC7D1B9 changes to CANDIDATE, lastRpcTime:5011, electionTimeout:5011ms
2019-09-25 05:19:38,387 [Thread-481] INFO  impl.RoleInfo (RoleInfo.java:shutdownFollowerState(121)) - dc7ea896-6e80-4fed-8727-08f73144b1fc: shutdown FollowerState
2019-09-25 05:19:38,387 [Thread-481] INFO  impl.RaftServerImpl (RaftServerImpl.java:setRole(174)) - dc7ea896-6e80-4fed-8727-08f73144b1fc@group-E9952EC7D1B9: changes role from  FOLLOWER to CANDIDATE at term 3 for changeToCandidate
2019-09-25 05:19:38,387 [Thread-481] INFO  impl.RoleInfo (RoleInfo.java:updateAndGet(143)) - dc7ea896-6e80-4fed-8727-08f73144b1fc: start LeaderElection
2019-09-25 05:19:38,392 [Thread-475] INFO  impl.FollowerState (FollowerState.java:run(106)) - a7793eff-ada5-4527-9e0b-a0fd078cd21b:group-0A753E062AF5 changes to CANDIDATE, lastRpcTime:5034, electionTimeout:5033ms
2019-09-25 05:19:38,392 [Thread-475] INFO  impl.RoleInfo (RoleInfo.java:shutdownFollowerState(121)) - a7793eff-ada5-4527-9e0b-a0fd078cd21b: shutdown FollowerState
2019-09-25 05:19:38,392 [Thread-475] INFO  impl.RaftServerImpl (RaftServerImpl.java:setRole(174)) - a7793eff-ada5-4527-9e0b-a0fd078cd21b@group-0A753E062AF5: changes role from  FOLLOWER to CANDIDATE at term 3 for changeToCandidate
2019-09-25 05:19:38,392 [Thread-475] INFO  impl.RoleInfo (RoleInfo.java:updateAndGet(143)) - a7793eff-ada5-4527-9e0b-a0fd078cd21b: start LeaderElection
2019-09-25 05:19:38,395 [java.util.concurrent.ThreadPoolExecutor$Worker@30ae4cb5[State = -1, empty queue]] WARN  server.GrpcLogAppender (GrpcLogAppender.java:timeoutAppendRequest(200)) - 6e4b8f72-2d03-4335-a109-8ce1569ec549@group-8C538AEF5C3F->ece43ade-c7f6-4378-8dfa-fbe6a8ab43cf-GrpcLogAppender: appendEntries Timeout, request=6e4b8f72-2d03-4335-a109-8ce1569ec549->ece43ade-c7f6-4378-8dfa-fbe6a8ab43cf#4-t3, previous=(t:3, i:0), leaderCommit=-1, initializing? false, entries: <empty>
2019-09-25 05:19:38,395 [java.util.concurrent.ThreadPoolExecutor$Worker@6c4ccbe7[State = -1, empty queue]] WARN  server.GrpcLogAppender (GrpcLogAppender.java:timeoutAppendRequest(200)) - 6e4b8f72-2d03-4335-a109-8ce1569ec549@group-8C538AEF5C3F->a7793eff-ada5-4527-9e0b-a0fd078cd21b-GrpcLogAppender: appendEntries Timeout, request=6e4b8f72-2d03-4335-a109-8ce1569ec549->a7793eff-ada5-4527-9e0b-a0fd078cd21b#4-t3, previous=(t:3, i:0), leaderCommit=-1, initializing? false, entries: <empty>
2019-09-25 05:19:38,435 [grpc-default-executor-1] WARN  server.GrpcLogAppender (GrpcLogAppender.java:onNextImpl(251)) - 6e4b8f72-2d03-4335-a109-8ce1569ec549@group-8C538AEF5C3F->a7793eff-ada5-4527-9e0b-a0fd078cd21b-AppendLogResponseHandler: Request not found, ignoring reply: 6e4b8f72-2d03-4335-a109-8ce1569ec549<-a7793eff-ada5-4527-9e0b-a0fd078cd21b#1:OK,SUCCESS,nextIndex:1,term:3,followerCommit:-1
2019-09-25 05:19:38,438 [Thread-478] INFO  impl.FollowerState (FollowerState.java:run(106)) - 6e4b8f72-2d03-4335-a109-8ce1569ec549:group-74FCAC2063C8 changes to CANDIDATE, lastRpcTime:5064, electionTimeout:5063ms
2019-09-25 05:19:38,438 [Thread-478] INFO  impl.RoleInfo (RoleInfo.java:shutdownFollowerState(121)) - 6e4b8f72-2d03-4335-a109-8ce1569ec549: shutdown FollowerState
2019-09-25 05:19:38,438 [Thread-478] INFO  impl.RaftServerImpl (RaftServerImpl.java:setRole(174)) - 6e4b8f72-2d03-4335-a109-8ce1569ec549@group-74FCAC2063C8: changes role from  FOLLOWER to CANDIDATE at term 3 for changeToCandidate
2019-09-25 05:19:38,438 [Thread-478] INFO  impl.RoleInfo (RoleInfo.java:updateAndGet(143)) - 6e4b8f72-2d03-4335-a109-8ce1569ec549: start LeaderElection
2019-09-25 05:19:38,446 [grpc-default-executor-1] WARN  server.GrpcLogAppender (GrpcLogAppender.java:onNextImpl(251)) - 6e4b8f72-2d03-4335-a109-8ce1569ec549@group-8C538AEF5C3F->ece43ade-c7f6-4378-8dfa-fbe6a8ab43cf-AppendLogResponseHandler: Request not found, ignoring reply: 6e4b8f72-2d03-4335-a109-8ce1569ec549<-ece43ade-c7f6-4378-8dfa-fbe6a8ab43cf#1:OK,SUCCESS,nextIndex:1,term:3,followerCommit:-1
2019-09-25 05:19:38,446 [grpc-default-executor-7] WARN  server.GrpcLogAppender (GrpcLogAppender.java:onNextImpl(251)) - 6e4b8f72-2d03-4335-a109-8ce1569ec549@group-8C538AEF5C3F->a7793eff-ada5-4527-9e0b-a0fd078cd21b-AppendLogResponseHandler: Request not found, ignoring reply: 6e4b8f72-2d03-4335-a109-8ce1569ec549<-a7793eff-ada5-4527-9e0b-a0fd078cd21b#2:OK,SUCCESS,nextIndex:1,term:3,followerCommit:-1
2019-09-25 05:19:38,446 [grpc-default-executor-1] WARN  server.GrpcLogAppender (GrpcLogAppender.java:onNextImpl(251)) - 6e4b8f72-2d03-4335-a109-8ce1569ec549@group-8C538AEF5C3F->ece43ade-c7f6-4378-8dfa-fbe6a8ab43cf-AppendLogResponseHandler: Request not found, ignoring reply: 6e4b8f72-2d03-4335-a109-8ce1569ec549<-ece43ade-c7f6-4378-8dfa-fbe6a8ab43cf#2:OK,SUCCESS,nextIndex:1,term:3,followerCommit:-1
2019-09-25 05:19:38,446 [grpc-default-executor-7] WARN  server.GrpcLogAppender (GrpcLogAppender.java:onNextImpl(251)) - 6e4b8f72-2d03-4335-a109-8ce1569ec549@group-8C538AEF5C3F->a7793eff-ada5-4527-9e0b-a0fd078cd21b-AppendLogResponseHandler: Request not found, ignoring reply: 6e4b8f72-2d03-4335-a109-8ce1569ec549<-a7793eff-ada5-4527-9e0b-a0fd078cd21b#3:OK,SUCCESS,nextIndex:1,term:3,followerCommit:-1
2019-09-25 05:19:38,447 [grpc-default-executor-1] WARN  server.GrpcLogAppender (GrpcLogAppender.java:onNextImpl(251)) - 6e4b8f72-2d03-4335-a109-8ce1569ec549@group-8C538AEF5C3F->ece43ade-c7f6-4378-8dfa-fbe6a8ab43cf-AppendLogResponseHandler: Request not found, ignoring reply: 6e4b8f72-2d03-4335-a109-8ce1569ec549<-ece43ade-c7f6-4378-8dfa-fbe6a8ab43cf#3:OK,SUCCESS,nextIndex:1,term:3,followerCommit:-1
2019-09-25 05:19:38,447 [grpc-default-executor-7] WARN  server.GrpcLogAppender (GrpcLogAppender.java:onNextImpl(251)) - 6e4b8f72-2d03-4335-a109-8ce1569ec549@group-8C538AEF5C3F->a7793eff-ada5-4527-9e0b-a0fd078cd21b-AppendLogResponseHandler: Request not found, ignoring reply: 6e4b8f72-2d03-4335-a109-8ce1569ec549<-a7793eff-ada5-4527-9e0b-a0fd078cd21b#4:OK,SUCCESS,nextIndex:1,term:3,followerCommit:-1
2019-09-25 05:19:38,447 [grpc-default-executor-1] WARN  server.GrpcLogAppender (GrpcLogAppender.java:onNextImpl(251)) - 6e4b8f72-2d03-4335-a109-8ce1569ec549@group-8C538AEF5C3F->ece43ade-c7f6-4378-8dfa-fbe6a8ab43cf-AppendLogResponseHandler: Request not found, ignoring reply: 6e4b8f72-2d03-4335-a109-8ce1569ec549<-ece43ade-c7f6-4378-8dfa-fbe6a8ab43cf#4:OK,SUCCESS,nextIndex:1,term:3,followerCommit:-1
2019-09-25 05:19:38,464 [Thread-477] INFO  impl.FollowerState (FollowerState.java:run(106)) - a824d2a0-4471-4a6f-a232-f84ec650292b:group-E9952EC7D1B9 changes to CANDIDATE, lastRpcTime:5095, electionTimeout:5090ms
2019-09-25 05:19:38,464 [Thread-477] INFO  impl.RoleInfo (RoleInfo.java:shutdownFollowerState(121)) - a824d2a0-4471-4a6f-a232-f84ec650292b: shutdown FollowerState
2019-09-25 05:19:38,464 [Thread-477] INFO  impl.RaftServerImpl (RaftServerImpl.java:setRole(174)) - a824d2a0-4471-4a6f-a232-f84ec650292b@group-E9952EC7D1B9: changes role from  FOLLOWER to CANDIDATE at term 3 for changeToCandidate
2019-09-25 05:19:38,464 [Thread-477] INFO  impl.RoleInfo (RoleInfo.java:updateAndGet(143)) - a824d2a0-4471-4a6f-a232-f84ec650292b: start LeaderElection
2019-09-25 05:19:38,469 [Thread-479] INFO  impl.FollowerState (FollowerState.java:run(106)) - 8d1936ad-7e22-483e-8301-a12de2cdc2b5:group-E9952EC7D1B9 changes to CANDIDATE, lastRpcTime:5095, electionTimeout:5094ms
2019-09-25 05:19:38,470 [Thread-479] INFO  impl.RoleInfo (RoleInfo.java:shutdownFollowerState(121)) - 8d1936ad-7e22-483e-8301-a12de2cdc2b5: shutdown FollowerState
2019-09-25 05:19:38,470 [Thread-479] INFO  impl.RaftServerImpl (RaftServerImpl.java:setRole(174)) - 8d1936ad-7e22-483e-8301-a12de2cdc2b5@group-E9952EC7D1B9: changes role from  FOLLOWER to CANDIDATE at term 3 for changeToCandidate
2019-09-25 05:19:38,470 [Thread-479] INFO  impl.RoleInfo (RoleInfo.java:updateAndGet(143)) - 8d1936ad-7e22-483e-8301-a12de2cdc2b5: start LeaderElection
2019-09-25 05:19:38,533 [Thread-473] INFO  impl.FollowerState (FollowerState.java:run(106)) - 6e4b8f72-2d03-4335-a109-8ce1569ec549:group-0A753E062AF5 changes to CANDIDATE, lastRpcTime:5183, electionTimeout:5183ms
2019-09-25 05:19:38,533 [Thread-473] INFO  impl.RoleInfo (RoleInfo.java:shutdownFollowerState(121)) - 6e4b8f72-2d03-4335-a109-8ce1569ec549: shutdown FollowerState
2019-09-25 05:19:38,533 [Thread-473] INFO  impl.RaftServerImpl (RaftServerImpl.java:setRole(174)) - 6e4b8f72-2d03-4335-a109-8ce1569ec549@group-0A753E062AF5: changes role from  FOLLOWER to CANDIDATE at term 3 for changeToCandidate
2019-09-25 05:19:38,533 [Thread-473] INFO  impl.RoleInfo (RoleInfo.java:updateAndGet(143)) - 6e4b8f72-2d03-4335-a109-8ce1569ec549: start LeaderElection
2019-09-25 05:19:38,545 [Thread-480] INFO  impl.FollowerState (FollowerState.java:run(106)) - ece43ade-c7f6-4378-8dfa-fbe6a8ab43cf:group-0A753E062AF5 changes to CANDIDATE, lastRpcTime:5170, electionTimeout:5170ms
2019-09-25 05:19:38,545 [Thread-480] INFO  impl.RoleInfo (RoleInfo.java:shutdownFollowerState(121)) - ece43ade-c7f6-4378-8dfa-fbe6a8ab43cf: shutdown FollowerState
2019-09-25 05:19:38,545 [Thread-480] INFO  impl.RaftServerImpl (RaftServerImpl.java:setRole(174)) - ece43ade-c7f6-4378-8dfa-fbe6a8ab43cf@group-0A753E062AF5: changes role from  FOLLOWER to CANDIDATE at term 3 for changeToCandidate
2019-09-25 05:19:38,546 [Thread-480] INFO  impl.RoleInfo (RoleInfo.java:updateAndGet(143)) - ece43ade-c7f6-4378-8dfa-fbe6a8ab43cf: start LeaderElection
2019-09-25 05:19:38,549 [Thread-476] INFO  impl.FollowerState (FollowerState.java:run(106)) - ece43ade-c7f6-4378-8dfa-fbe6a8ab43cf:group-74FCAC2063C8 changes to CANDIDATE, lastRpcTime:5184, electionTimeout:5182ms
2019-09-25 05:19:38,549 [Thread-476] INFO  impl.RoleInfo (RoleInfo.java:shutdownFollowerState(121)) - ece43ade-c7f6-4378-8dfa-fbe6a8ab43cf: shutdown FollowerState
2019-09-25 05:19:38,549 [Thread-476] INFO  impl.RaftServerImpl (RaftServerImpl.java:setRole(174)) - ece43ade-c7f6-4378-8dfa-fbe6a8ab43cf@group-74FCAC2063C8: changes role from  FOLLOWER to CANDIDATE at term 3 for changeToCandidate
2019-09-25 05:19:38,549 [Thread-476] INFO  impl.RoleInfo (RoleInfo.java:updateAndGet(143)) - ece43ade-c7f6-4378-8dfa-fbe6a8ab43cf: start LeaderElection
2019-09-25 05:19:43,517 [dc7ea896-6e80-4fed-8727-08f73144b1fc@group-E9952EC7D1B9:LeaderElection38] INFO  impl.LeaderElection (LeaderElection.java:askForVotes(182)) - dc7ea896-6e80-4fed-8727-08f73144b1fc@group-E9952EC7D1B9:LeaderElection38: begin an election at term 4 for -1: [8d1936ad-7e22-483e-8301-a12de2cdc2b5:192.168.36.126:34366, dc7ea896-6e80-4fed-8727-08f73144b1fc:192.168.36.126:42983, a824d2a0-4471-4a6f-a232-f84ec650292b:192.168.36.126:37611], old=null
2019-09-25 05:19:43,517 [a7793eff-ada5-4527-9e0b-a0fd078cd21b@group-0A753E062AF5:LeaderElection39] INFO  impl.LeaderElection (LeaderElection.java:askForVotes(182)) - a7793eff-ada5-4527-9e0b-a0fd078cd21b@group-0A753E062AF5:LeaderElection39: begin an election at term 4 for -1: [6e4b8f72-2d03-4335-a109-8ce1569ec549:192.168.36.126:38179, a7793eff-ada5-4527-9e0b-a0fd078cd21b:192.168.36.126:36914, ece43ade-c7f6-4378-8dfa-fbe6a8ab43cf:192.168.36.126:41805], old=null
2019-09-25 05:19:43,517 [a7793eff-ada5-4527-9e0b-a0fd078cd21b@group-74FCAC2063C8:LeaderElection37] INFO  impl.LeaderElection (LeaderElection.java:askForVotes(182)) - a7793eff-ada5-4527-9e0b-a0fd078cd21b@group-74FCAC2063C8:LeaderElection37: begin an election at term 4 for -1: [6e4b8f72-2d03-4335-a109-8ce1569ec549:192.168.36.126:38179, a7793eff-ada5-4527-9e0b-a0fd078cd21b:192.168.36.126:36914, ece43ade-c7f6-4378-8dfa-fbe6a8ab43cf:192.168.36.126:41805], old=null
2019-09-25 05:19:43,518 [6e4b8f72-2d03-4335-a109-8ce1569ec549@group-74FCAC2063C8:LeaderElection40] INFO  impl.LeaderElection (LeaderElection.java:askForVotes(182)) - 6e4b8f72-2d03-4335-a109-8ce1569ec549@group-74FCAC2063C8:LeaderElection40: begin an election at term 4 for -1: [6e4b8f72-2d03-4335-a109-8ce1569ec549:192.168.36.126:38179, a7793eff-ada5-4527-9e0b-a0fd078cd21b:192.168.36.126:36914, ece43ade-c7f6-4378-8dfa-fbe6a8ab43cf:192.168.36.126:41805], old=null
2019-09-25 05:19:43,518 [ece43ade-c7f6-4378-8dfa-fbe6a8ab43cf@group-0A753E062AF5:LeaderElection44] INFO  impl.LeaderElection (LeaderElection.java:askForVotes(182)) - ece43ade-c7f6-4378-8dfa-fbe6a8ab43cf@group-0A753E062AF5:LeaderElection44: begin an election at term 4 for -1: [6e4b8f72-2d03-4335-a109-8ce1569ec549:192.168.36.126:38179, a7793eff-ada5-4527-9e0b-a0fd078cd21b:192.168.36.126:36914, ece43ade-c7f6-4378-8dfa-fbe6a8ab43cf:192.168.36.126:41805], old=null
2019-09-25 05:19:43,518 [a824d2a0-4471-4a6f-a232-f84ec650292b@group-E9952EC7D1B9:LeaderElection41] INFO  impl.LeaderElection (LeaderElection.java:askForVotes(182)) - a824d2a0-4471-4a6f-a232-f84ec650292b@group-E9952EC7D1B9:LeaderElection41: begin an election at term 4 for -1: [8d1936ad-7e22-483e-8301-a12de2cdc2b5:192.168.36.126:34366, dc7ea896-6e80-4fed-8727-08f73144b1fc:192.168.36.126:42983, a824d2a0-4471-4a6f-a232-f84ec650292b:192.168.36.126:37611], old=null
2019-09-25 05:19:43,518 [8d1936ad-7e22-483e-8301-a12de2cdc2b5@group-E9952EC7D1B9:LeaderElection42] INFO  impl.LeaderElection (LeaderElection.java:askForVotes(182)) - 8d1936ad-7e22-483e-8301-a12de2cdc2b5@group-E9952EC7D1B9:LeaderElection42: begin an election at term 4 for -1: [8d1936ad-7e22-483e-8301-a12de2cdc2b5:192.168.36.126:34366, dc7ea896-6e80-4fed-8727-08f73144b1fc:192.168.36.126:42983, a824d2a0-4471-4a6f-a232-f84ec650292b:192.168.36.126:37611], old=null
2019-09-25 05:19:43,518 [ece43ade-c7f6-4378-8dfa-fbe6a8ab43cf@group-74FCAC2063C8:LeaderElection45] INFO  impl.LeaderElection (LeaderElection.java:askForVotes(182)) - ece43ade-c7f6-4378-8dfa-fbe6a8ab43cf@group-74FCAC2063C8:LeaderElection45: begin an election at term 4 for -1: [6e4b8f72-2d03-4335-a109-8ce1569ec549:192.168.36.126:38179, a7793eff-ada5-4527-9e0b-a0fd078cd21b:192.168.36.126:36914, ece43ade-c7f6-4378-8dfa-fbe6a8ab43cf:192.168.36.126:41805], old=null
2019-09-25 05:19:43,518 [6e4b8f72-2d03-4335-a109-8ce1569ec549@group-0A753E062AF5:LeaderElection43] INFO  impl.LeaderElection (LeaderElection.java:askForVotes(182)) - 6e4b8f72-2d03-4335-a109-8ce1569ec549@group-0A753E062AF5:LeaderElection43: begin an election at term 4 for -1: [6e4b8f72-2d03-4335-a109-8ce1569ec549:192.168.36.126:38179, a7793eff-ada5-4527-9e0b-a0fd078cd21b:192.168.36.126:36914, ece43ade-c7f6-4378-8dfa-fbe6a8ab43cf:192.168.36.126:41805], old=null
2019-09-25 05:19:43,544 [ece43ade-c7f6-4378-8dfa-fbe6a8ab43cf@group-0A753E062AF5:LeaderElection44] INFO  impl.LeaderElection (LeaderElection.java:logAndReturn(56)) - ece43ade-c7f6-4378-8dfa-fbe6a8ab43cf@group-0A753E062AF5:LeaderElection44: Election REJECTED; received 2 response(s) [ece43ade-c7f6-4378-8dfa-fbe6a8ab43cf<-6e4b8f72-2d03-4335-a109-8ce1569ec549#0:FAIL-t4, ece43ade-c7f6-4378-8dfa-fbe6a8ab43cf<-a7793eff-ada5-4527-9e0b-a0fd078cd21b#0:FAIL-t4] and 0 exception(s); ece43ade-c7f6-4378-8dfa-fbe6a8ab43cf@group-0A753E062AF5:t4, leader=null, voted=ece43ade-c7f6-4378-8dfa-fbe6a8ab43cf, raftlog=ece43ade-c7f6-4378-8dfa-fbe6a8ab43cf@group-0A753E062AF5-SegmentedRaftLog:OPENED:c-1,f-1,i0, conf=-1: [6e4b8f72-2d03-4335-a109-8ce1569ec549:192.168.36.126:38179, a7793eff-ada5-4527-9e0b-a0fd078cd21b:192.168.36.126:36914, ece43ade-c7f6-4378-8dfa-fbe6a8ab43cf:192.168.36.126:41805], old=null
2019-09-25 05:19:43,544 [dc7ea896-6e80-4fed-8727-08f73144b1fc@group-E9952EC7D1B9:LeaderElection38] INFO  impl.LeaderElection (LeaderElection.java:logAndReturn(56)) - dc7ea896-6e80-4fed-8727-08f73144b1fc@group-E9952EC7D1B9:LeaderElection38: Election REJECTED; received 2 response(s) [dc7ea896-6e80-4fed-8727-08f73144b1fc<-8d1936ad-7e22-483e-8301-a12de2cdc2b5#0:FAIL-t4, dc7ea896-6e80-4fed-8727-08f73144b1fc<-a824d2a0-4471-4a6f-a232-f84ec650292b#0:FAIL-t4] and 0 exception(s); dc7ea896-6e80-4fed-8727-08f73144b1fc@group-E9952EC7D1B9:t4, leader=null, voted=dc7ea896-6e80-4fed-8727-08f73144b1fc, raftlog=dc7ea896-6e80-4fed-8727-08f73144b1fc@group-E9952EC7D1B9-SegmentedRaftLog:OPENED:c-1,f-1,i0, conf=-1: [8d1936ad-7e22-483e-8301-a12de2cdc2b5:192.168.36.126:34366, dc7ea896-6e80-4fed-8727-08f73144b1fc:192.168.36.126:42983, a824d2a0-4471-4a6f-a232-f84ec650292b:192.168.36.126:37611], old=null
2019-09-25 05:19:43,544 [ece43ade-c7f6-4378-8dfa-fbe6a8ab43cf@group-0A753E062AF5:LeaderElection44] INFO  impl.RaftServerImpl (RaftServerImpl.java:setRole(174)) - ece43ade-c7f6-4378-8dfa-fbe6a8ab43cf@group-0A753E062AF5: changes role from CANDIDATE to FOLLOWER at term 4 for DISCOVERED_A_NEW_TERM
2019-09-25 05:19:43,562 [ece43ade-c7f6-4378-8dfa-fbe6a8ab43cf@group-0A753E062AF5:LeaderElection44] INFO  impl.RoleInfo (RoleInfo.java:shutdownLeaderElection(134)) - ece43ade-c7f6-4378-8dfa-fbe6a8ab43cf: shutdown LeaderElection
2019-09-25 05:19:43,562 [dc7ea896-6e80-4fed-8727-08f73144b1fc@group-E9952EC7D1B9:LeaderElection38] INFO  impl.RaftServerImpl (RaftServerImpl.java:setRole(174)) - dc7ea896-6e80-4fed-8727-08f73144b1fc@group-E9952EC7D1B9: changes role from CANDIDATE to FOLLOWER at term 4 for DISCOVERED_A_NEW_TERM
2019-09-25 05:19:43,563 [ece43ade-c7f6-4378-8dfa-fbe6a8ab43cf@group-0A753E062AF5:LeaderElection44] INFO  impl.RoleInfo (RoleInfo.java:updateAndGet(143)) - ece43ade-c7f6-4378-8dfa-fbe6a8ab43cf: start FollowerState
2019-09-25 05:19:43,563 [dc7ea896-6e80-4fed-8727-08f73144b1fc@group-E9952EC7D1B9:LeaderElection38] INFO  impl.RoleInfo (RoleInfo.java:shutdownLeaderElection(134)) - dc7ea896-6e80-4fed-8727-08f73144b1fc: shutdown LeaderElection
2019-09-25 05:19:43,563 [dc7ea896-6e80-4fed-8727-08f73144b1fc@group-E9952EC7D1B9:LeaderElection38] INFO  impl.RoleInfo (RoleInfo.java:updateAndGet(143)) - dc7ea896-6e80-4fed-8727-08f73144b1fc: start FollowerState
2019-09-25 05:19:43,563 [a7793eff-ada5-4527-9e0b-a0fd078cd21b@group-74FCAC2063C8:LeaderElection37] INFO  impl.LeaderElection (LeaderElection.java:logAndReturn(56)) - a7793eff-ada5-4527-9e0b-a0fd078cd21b@group-74FCAC2063C8:LeaderElection37: Election REJECTED; received 2 response(s) [a7793eff-ada5-4527-9e0b-a0fd078cd21b<-6e4b8f72-2d03-4335-a109-8ce1569ec549#0:FAIL-t4, a7793eff-ada5-4527-9e0b-a0fd078cd21b<-ece43ade-c7f6-4378-8dfa-fbe6a8ab43cf#0:FAIL-t4] and 0 exception(s); a7793eff-ada5-4527-9e0b-a0fd078cd21b@group-74FCAC2063C8:t4, leader=null, voted=a7793eff-ada5-4527-9e0b-a0fd078cd21b, raftlog=a7793eff-ada5-4527-9e0b-a0fd078cd21b@group-74FCAC2063C8-SegmentedRaftLog:OPENED:c-1,f-1,i0, conf=-1: [6e4b8f72-2d03-4335-a109-8ce1569ec549:192.168.36.126:38179, a7793eff-ada5-4527-9e0b-a0fd078cd21b:192.168.36.126:36914, ece43ade-c7f6-4378-8dfa-fbe6a8ab43cf:192.168.36.126:41805], old=null
2019-09-25 05:19:43,564 [a7793eff-ada5-4527-9e0b-a0fd078cd21b@group-0A753E062AF5:LeaderElection39] INFO  impl.LeaderElection (LeaderElection.java:logAndReturn(56)) - a7793eff-ada5-4527-9e0b-a0fd078cd21b@group-0A753E062AF5:LeaderElection39: Election REJECTED; received 2 response(s) [a7793eff-ada5-4527-9e0b-a0fd078cd21b<-6e4b8f72-2d03-4335-a109-8ce1569ec549#0:FAIL-t4, a7793eff-ada5-4527-9e0b-a0fd078cd21b<-ece43ade-c7f6-4378-8dfa-fbe6a8ab43cf#0:FAIL-t4] and 0 exception(s); a7793eff-ada5-4527-9e0b-a0fd078cd21b@group-0A753E062AF5:t4, leader=null, voted=a7793eff-ada5-4527-9e0b-a0fd078cd21b, raftlog=a7793eff-ada5-4527-9e0b-a0fd078cd21b@group-0A753E062AF5-SegmentedRaftLog:OPENED:c-1,f-1,i0, conf=-1: [6e4b8f72-2d03-4335-a109-8ce1569ec549:192.168.36.126:38179, a7793eff-ada5-4527-9e0b-a0fd078cd21b:192.168.36.126:36914, ece43ade-c7f6-4378-8dfa-fbe6a8ab43cf:192.168.36.126:41805], old=null
2019-09-25 05:19:43,564 [a7793eff-ada5-4527-9e0b-a0fd078cd21b@group-74FCAC2063C8:LeaderElection37] INFO  impl.RaftServerImpl (RaftServerImpl.java:setRole(174)) - a7793eff-ada5-4527-9e0b-a0fd078cd21b@group-74FCAC2063C8: changes role from CANDIDATE to FOLLOWER at term 4 for DISCOVERED_A_NEW_TERM
2019-09-25 05:19:43,564 [a7793eff-ada5-4527-9e0b-a0fd078cd21b@group-0A753E062AF5:LeaderElection39] INFO  impl.RaftServerImpl (RaftServerImpl.java:setRole(174)) - a7793eff-ada5-4527-9e0b-a0fd078cd21b@group-0A753E062AF5: changes role from CANDIDATE to FOLLOWER at term 4 for DISCOVERED_A_NEW_TERM
2019-09-25 05:19:43,565 [a7793eff-ada5-4527-9e0b-a0fd078cd21b@group-74FCAC2063C8:LeaderElection37] INFO  impl.RoleInfo (RoleInfo.java:shutdownLeaderElection(134)) - a7793eff-ada5-4527-9e0b-a0fd078cd21b: shutdown LeaderElection
2019-09-25 05:19:43,565 [a7793eff-ada5-4527-9e0b-a0fd078cd21b@group-0A753E062AF5:LeaderElection39] INFO  impl.RoleInfo (RoleInfo.java:shutdownLeaderElection(134)) - a7793eff-ada5-4527-9e0b-a0fd078cd21b: shutdown LeaderElection
2019-09-25 05:19:43,565 [a7793eff-ada5-4527-9e0b-a0fd078cd21b@group-74FCAC2063C8:LeaderElection37] INFO  impl.RoleInfo (RoleInfo.java:updateAndGet(143)) - a7793eff-ada5-4527-9e0b-a0fd078cd21b: start FollowerState
2019-09-25 05:19:43,565 [a7793eff-ada5-4527-9e0b-a0fd078cd21b@group-0A753E062AF5:LeaderElection39] INFO  impl.RoleInfo (RoleInfo.java:updateAndGet(143)) - a7793eff-ada5-4527-9e0b-a0fd078cd21b: start FollowerState
2019-09-25 05:19:43,567 [ece43ade-c7f6-4378-8dfa-fbe6a8ab43cf@group-74FCAC2063C8:LeaderElection45] INFO  impl.LeaderElection (LeaderElection.java:logAndReturn(56)) - ece43ade-c7f6-4378-8dfa-fbe6a8ab43cf@group-74FCAC2063C8:LeaderElection45: Election REJECTED; received 2 response(s) [ece43ade-c7f6-4378-8dfa-fbe6a8ab43cf<-6e4b8f72-2d03-4335-a109-8ce1569ec549#0:FAIL-t4, ece43ade-c7f6-4378-8dfa-fbe6a8ab43cf<-a7793eff-ada5-4527-9e0b-a0fd078cd21b#0:FAIL-t4] and 0 exception(s); ece43ade-c7f6-4378-8dfa-fbe6a8ab43cf@group-74FCAC2063C8:t4, leader=null, voted=ece43ade-c7f6-4378-8dfa-fbe6a8ab43cf, raftlog=ece43ade-c7f6-4378-8dfa-fbe6a8ab43cf@group-74FCAC2063C8-SegmentedRaftLog:OPENED:c-1,f-1,i0, conf=-1: [6e4b8f72-2d03-4335-a109-8ce1569ec549:192.168.36.126:38179, a7793eff-ada5-4527-9e0b-a0fd078cd21b:192.168.36.126:36914, ece43ade-c7f6-4378-8dfa-fbe6a8ab43cf:192.168.36.126:41805], old=null
2019-09-25 05:19:43,567 [ece43ade-c7f6-4378-8dfa-fbe6a8ab43cf@group-74FCAC2063C8:LeaderElection45] INFO  impl.RaftServerImpl (RaftServerImpl.java:setRole(174)) - ece43ade-c7f6-4378-8dfa-fbe6a8ab43cf@group-74FCAC2063C8: changes role from CANDIDATE to FOLLOWER at term 4 for DISCOVERED_A_NEW_TERM
2019-09-25 05:19:43,568 [ece43ade-c7f6-4378-8dfa-fbe6a8ab43cf@group-74FCAC2063C8:LeaderElection45] INFO  impl.RoleInfo (RoleInfo.java:shutdownLeaderElection(134)) - ece43ade-c7f6-4378-8dfa-fbe6a8ab43cf: shutdown LeaderElection
2019-09-25 05:19:43,568 [a824d2a0-4471-4a6f-a232-f84ec650292b@group-E9952EC7D1B9:LeaderElection41] INFO  impl.LeaderElection (LeaderElection.java:logAndReturn(56)) - a824d2a0-4471-4a6f-a232-f84ec650292b@group-E9952EC7D1B9:LeaderElection41: Election REJECTED; received 2 response(s) [a824d2a0-4471-4a6f-a232-f84ec650292b<-8d1936ad-7e22-483e-8301-a12de2cdc2b5#0:FAIL-t4, a824d2a0-4471-4a6f-a232-f84ec650292b<-dc7ea896-6e80-4fed-8727-08f73144b1fc#0:FAIL-t4] and 0 exception(s); a824d2a0-4471-4a6f-a232-f84ec650292b@group-E9952EC7D1B9:t4, leader=null, voted=a824d2a0-4471-4a6f-a232-f84ec650292b, raftlog=a824d2a0-4471-4a6f-a232-f84ec650292b@group-E9952EC7D1B9-SegmentedRaftLog:OPENED:c-1,f-1,i0, conf=-1: [8d1936ad-7e22-483e-8301-a12de2cdc2b5:192.168.36.126:34366, dc7ea896-6e80-4fed-8727-08f73144b1fc:192.168.36.126:42983, a824d2a0-4471-4a6f-a232-f84ec650292b:192.168.36.126:37611], old=null
2019-09-25 05:19:43,568 [ece43ade-c7f6-4378-8dfa-fbe6a8ab43cf@group-74FCAC2063C8:LeaderElection45] INFO  impl.RoleInfo (RoleInfo.java:updateAndGet(143)) - ece43ade-c7f6-4378-8dfa-fbe6a8ab43cf: start FollowerState
2019-09-25 05:19:43,568 [a824d2a0-4471-4a6f-a232-f84ec650292b@group-E9952EC7D1B9:LeaderElection41] INFO  impl.RaftServerImpl (RaftServerImpl.java:setRole(174)) - a824d2a0-4471-4a6f-a232-f84ec650292b@group-E9952EC7D1B9: changes role from CANDIDATE to FOLLOWER at term 4 for DISCOVERED_A_NEW_TERM
2019-09-25 05:19:43,568 [a824d2a0-4471-4a6f-a232-f84ec650292b@group-E9952EC7D1B9:LeaderElection41] INFO  impl.RoleInfo (RoleInfo.java:shutdownLeaderElection(134)) - a824d2a0-4471-4a6f-a232-f84ec650292b: shutdown LeaderElection
2019-09-25 05:19:43,569 [8d1936ad-7e22-483e-8301-a12de2cdc2b5@group-E9952EC7D1B9:LeaderElection42] INFO  impl.LeaderElection (LeaderElection.java:logAndReturn(56)) - 8d1936ad-7e22-483e-8301-a12de2cdc2b5@group-E9952EC7D1B9:LeaderElection42: Election REJECTED; received 2 response(s) [8d1936ad-7e22-483e-8301-a12de2cdc2b5<-dc7ea896-6e80-4fed-8727-08f73144b1fc#0:FAIL-t4, 8d1936ad-7e22-483e-8301-a12de2cdc2b5<-a824d2a0-4471-4a6f-a232-f84ec650292b#0:FAIL-t4] and 0 exception(s); 8d1936ad-7e22-483e-8301-a12de2cdc2b5@group-E9952EC7D1B9:t4, leader=null, voted=8d1936ad-7e22-483e-8301-a12de2cdc2b5, raftlog=8d1936ad-7e22-483e-8301-a12de2cdc2b5@group-E9952EC7D1B9-SegmentedRaftLog:OPENED:c-1,f-1,i0, conf=-1: [8d1936ad-7e22-483e-8301-a12de2cdc2b5:192.168.36.126:34366, dc7ea896-6e80-4fed-8727-08f73144b1fc:192.168.36.126:42983, a824d2a0-4471-4a6f-a232-f84ec650292b:192.168.36.126:37611], old=null
2019-09-25 05:19:43,569 [a824d2a0-4471-4a6f-a232-f84ec650292b@group-E9952EC7D1B9:LeaderElection41] INFO  impl.RoleInfo (RoleInfo.java:updateAndGet(143)) - a824d2a0-4471-4a6f-a232-f84ec650292b: start FollowerState
2019-09-25 05:19:43,569 [8d1936ad-7e22-483e-8301-a12de2cdc2b5@group-E9952EC7D1B9:LeaderElection42] INFO  impl.RaftServerImpl (RaftServerImpl.java:setRole(174)) - 8d1936ad-7e22-483e-8301-a12de2cdc2b5@group-E9952EC7D1B9: changes role from CANDIDATE to FOLLOWER at term 4 for DISCOVERED_A_NEW_TERM
2019-09-25 05:19:43,569 [8d1936ad-7e22-483e-8301-a12de2cdc2b5@group-E9952EC7D1B9:LeaderElection42] INFO  impl.RoleInfo (RoleInfo.java:shutdownLeaderElection(134)) - 8d1936ad-7e22-483e-8301-a12de2cdc2b5: shutdown LeaderElection
2019-09-25 05:19:43,569 [8d1936ad-7e22-483e-8301-a12de2cdc2b5@group-E9952EC7D1B9:LeaderElection42] INFO  impl.RoleInfo (RoleInfo.java:updateAndGet(143)) - 8d1936ad-7e22-483e-8301-a12de2cdc2b5: start FollowerState
2019-09-25 05:19:43,570 [6e4b8f72-2d03-4335-a109-8ce1569ec549@group-0A753E062AF5:LeaderElection43] INFO  impl.LeaderElection (LeaderElection.java:logAndReturn(56)) - 6e4b8f72-2d03-4335-a109-8ce1569ec549@group-0A753E062AF5:LeaderElection43: Election REJECTED; received 2 response(s) [6e4b8f72-2d03-4335-a109-8ce1569ec549<-a7793eff-ada5-4527-9e0b-a0fd078cd21b#0:FAIL-t4, 6e4b8f72-2d03-4335-a109-8ce1569ec549<-ece43ade-c7f6-4378-8dfa-fbe6a8ab43cf#0:FAIL-t4] and 0 exception(s); 6e4b8f72-2d03-4335-a109-8ce1569ec549@group-0A753E062AF5:t4, leader=null, voted=6e4b8f72-2d03-4335-a109-8ce1569ec549, raftlog=6e4b8f72-2d03-4335-a109-8ce1569ec549@group-0A753E062AF5-SegmentedRaftLog:OPENED:c-1,f-1,i0, conf=-1: [6e4b8f72-2d03-4335-a109-8ce1569ec549:192.168.36.126:38179, a7793eff-ada5-4527-9e0b-a0fd078cd21b:192.168.36.126:36914, ece43ade-c7f6-4378-8dfa-fbe6a8ab43cf:192.168.36.126:41805], old=null
2019-09-25 05:19:43,570 [6e4b8f72-2d03-4335-a109-8ce1569ec549@group-0A753E062AF5:LeaderElection43] INFO  impl.RaftServerImpl (RaftServerImpl.java:setRole(174)) - 6e4b8f72-2d03-4335-a109-8ce1569ec549@group-0A753E062AF5: changes role from CANDIDATE to FOLLOWER at term 4 for DISCOVERED_A_NEW_TERM
2019-09-25 05:19:43,570 [6e4b8f72-2d03-4335-a109-8ce1569ec549@group-0A753E062AF5:LeaderElection43] INFO  impl.RoleInfo (RoleInfo.java:shutdownLeaderElection(134)) - 6e4b8f72-2d03-4335-a109-8ce1569ec549: shutdown LeaderElection
2019-09-25 05:19:43,570 [6e4b8f72-2d03-4335-a109-8ce1569ec549@group-74FCAC2063C8:LeaderElection40] INFO  impl.LeaderElection (LeaderElection.java:logAndReturn(56)) - 6e4b8f72-2d03-4335-a109-8ce1569ec549@group-74FCAC2063C8:LeaderElection40: Election REJECTED; received 2 response(s) [6e4b8f72-2d03-4335-a109-8ce1569ec549<-a7793eff-ada5-4527-9e0b-a0fd078cd21b#0:FAIL-t4, 6e4b8f72-2d03-4335-a109-8ce1569ec549<-ece43ade-c7f6-4378-8dfa-fbe6a8ab43cf#0:FAIL-t4] and 0 exception(s); 6e4b8f72-2d03-4335-a109-8ce1569ec549@group-74FCAC2063C8:t4, leader=null, voted=6e4b8f72-2d03-4335-a109-8ce1569ec549, raftlog=6e4b8f72-2d03-4335-a109-8ce1569ec549@group-74FCAC2063C8-SegmentedRaftLog:OPENED:c-1,f-1,i0, conf=-1: [6e4b8f72-2d03-4335-a109-8ce1569ec549:192.168.36.126:38179, a7793eff-ada5-4527-9e0b-a0fd078cd21b:192.168.36.126:36914, ece43ade-c7f6-4378-8dfa-fbe6a8ab43cf:192.168.36.126:41805], old=null
2019-09-25 05:19:43,571 [6e4b8f72-2d03-4335-a109-8ce1569ec549@group-0A753E062AF5:LeaderElection43] INFO  impl.RoleInfo (RoleInfo.java:updateAndGet(143)) - 6e4b8f72-2d03-4335-a109-8ce1569ec549: start FollowerState
2019-09-25 05:19:43,571 [6e4b8f72-2d03-4335-a109-8ce1569ec549@group-74FCAC2063C8:LeaderElection40] INFO  impl.RaftServerImpl (RaftServerImpl.java:setRole(174)) - 6e4b8f72-2d03-4335-a109-8ce1569ec549@group-74FCAC2063C8: changes role from CANDIDATE to FOLLOWER at term 4 for DISCOVERED_A_NEW_TERM
2019-09-25 05:19:43,571 [6e4b8f72-2d03-4335-a109-8ce1569ec549@group-74FCAC2063C8:LeaderElection40] INFO  impl.RoleInfo (RoleInfo.java:shutdownLeaderElection(134)) - 6e4b8f72-2d03-4335-a109-8ce1569ec549: shutdown LeaderElection
2019-09-25 05:19:43,571 [6e4b8f72-2d03-4335-a109-8ce1569ec549@group-74FCAC2063C8:LeaderElection40] INFO  impl.RoleInfo (RoleInfo.java:updateAndGet(143)) - 6e4b8f72-2d03-4335-a109-8ce1569ec549: start FollowerState
2019-09-25 05:19:48,569 [Thread-542] INFO  impl.FollowerState (FollowerState.java:run(106)) - ece43ade-c7f6-4378-8dfa-fbe6a8ab43cf:group-74FCAC2063C8 changes to CANDIDATE, lastRpcTime:5001, electionTimeout:5000ms
2019-09-25 05:19:48,570 [Thread-542] INFO  impl.RoleInfo (RoleInfo.java:shutdownFollowerState(121)) - ece43ade-c7f6-4378-8dfa-fbe6a8ab43cf: shutdown FollowerState
2019-09-25 05:19:48,570 [Thread-542] INFO  impl.RaftServerImpl (RaftServerImpl.java:setRole(174)) - ece43ade-c7f6-4378-8dfa-fbe6a8ab43cf@group-74FCAC2063C8: changes role from  FOLLOWER to CANDIDATE at term 4 for changeToCandidate
2019-09-25 05:19:48,571 [Thread-542] INFO  impl.RoleInfo (RoleInfo.java:updateAndGet(143)) - ece43ade-c7f6-4378-8dfa-fbe6a8ab43cf: start LeaderElection
2019-09-25 05:19:48,626 [Thread-541] INFO  impl.FollowerState (FollowerState.java:run(106)) - a7793eff-ada5-4527-9e0b-a0fd078cd21b:group-0A753E062AF5 changes to CANDIDATE, lastRpcTime:5060, electionTimeout:5060ms
2019-09-25 05:19:48,626 [Thread-541] INFO  impl.RoleInfo (RoleInfo.java:shutdownFollowerState(121)) - a7793eff-ada5-4527-9e0b-a0fd078cd21b: shutdown FollowerState
2019-09-25 05:19:48,627 [Thread-541] INFO  impl.RaftServerImpl (RaftServerImpl.java:setRole(174)) - a7793eff-ada5-4527-9e0b-a0fd078cd21b@group-0A753E062AF5: changes role from  FOLLOWER to CANDIDATE at term 4 for changeToCandidate
2019-09-25 05:19:48,630 [Thread-541] INFO  impl.RoleInfo (RoleInfo.java:updateAndGet(143)) - a7793eff-ada5-4527-9e0b-a0fd078cd21b: start LeaderElection
2019-09-25 05:19:48,654 [Thread-544] INFO  impl.FollowerState (FollowerState.java:run(106)) - 8d1936ad-7e22-483e-8301-a12de2cdc2b5:group-E9952EC7D1B9 changes to CANDIDATE, lastRpcTime:5084, electionTimeout:5084ms
2019-09-25 05:19:48,654 [Thread-544] INFO  impl.RoleInfo (RoleInfo.java:shutdownFollowerState(121)) - 8d1936ad-7e22-483e-8301-a12de2cdc2b5: shutdown FollowerState
2019-09-25 05:19:48,654 [Thread-544] INFO  impl.RaftServerImpl (RaftServerImpl.java:setRole(174)) - 8d1936ad-7e22-483e-8301-a12de2cdc2b5@group-E9952EC7D1B9: changes role from  FOLLOWER to CANDIDATE at term 4 for changeToCandidate
2019-09-25 05:19:48,657 [Thread-544] INFO  impl.RoleInfo (RoleInfo.java:updateAndGet(143)) - 8d1936ad-7e22-483e-8301-a12de2cdc2b5: start LeaderElection
2019-09-25 05:19:48,678 [Thread-540] INFO  impl.FollowerState (FollowerState.java:run(106)) - a7793eff-ada5-4527-9e0b-a0fd078cd21b:group-74FCAC2063C8 changes to CANDIDATE, lastRpcTime:5112, electionTimeout:5112ms
2019-09-25 05:19:48,678 [Thread-540] INFO  impl.RoleInfo (RoleInfo.java:shutdownFollowerState(121)) - a7793eff-ada5-4527-9e0b-a0fd078cd21b: shutdown FollowerState
2019-09-25 05:19:48,678 [Thread-540] INFO  impl.RaftServerImpl (RaftServerImpl.java:setRole(174)) - a7793eff-ada5-4527-9e0b-a0fd078cd21b@group-74FCAC2063C8: changes role from  FOLLOWER to CANDIDATE at term 4 for changeToCandidate
2019-09-25 05:19:48,682 [Thread-539] INFO  impl.FollowerState (FollowerState.java:run(106)) - dc7ea896-6e80-4fed-8727-08f73144b1fc:group-E9952EC7D1B9 changes to CANDIDATE, lastRpcTime:5119, electionTimeout:5118ms
2019-09-25 05:19:48,682 [Thread-539] INFO  impl.RoleInfo (RoleInfo.java:shutdownFollowerState(121)) - dc7ea896-6e80-4fed-8727-08f73144b1fc: shutdown FollowerState
2019-09-25 05:19:48,683 [Thread-539] INFO  impl.RaftServerImpl (RaftServerImpl.java:setRole(174)) - dc7ea896-6e80-4fed-8727-08f73144b1fc@group-E9952EC7D1B9: changes role from  FOLLOWER to CANDIDATE at term 4 for changeToCandidate
2019-09-25 05:19:48,687 [Thread-539] INFO  impl.RoleInfo (RoleInfo.java:updateAndGet(143)) - dc7ea896-6e80-4fed-8727-08f73144b1fc: start LeaderElection
2019-09-25 05:19:48,687 [Thread-540] INFO  impl.RoleInfo (RoleInfo.java:updateAndGet(143)) - a7793eff-ada5-4527-9e0b-a0fd078cd21b: start LeaderElection
2019-09-25 05:19:48,707 [Thread-543] INFO  impl.FollowerState (FollowerState.java:run(106)) - a824d2a0-4471-4a6f-a232-f84ec650292b:group-E9952EC7D1B9 changes to CANDIDATE, lastRpcTime:5137, electionTimeout:5137ms
2019-09-25 05:19:48,707 [Thread-543] INFO  impl.RoleInfo (RoleInfo.java:shutdownFollowerState(121)) - a824d2a0-4471-4a6f-a232-f84ec650292b: shutdown FollowerState
2019-09-25 05:19:48,707 [Thread-543] INFO  impl.RaftServerImpl (RaftServerImpl.java:setRole(174)) - a824d2a0-4471-4a6f-a232-f84ec650292b@group-E9952EC7D1B9: changes role from  FOLLOWER to CANDIDATE at term 4 for changeToCandidate
2019-09-25 05:19:48,707 [Thread-543] INFO  impl.RoleInfo (RoleInfo.java:updateAndGet(143)) - a824d2a0-4471-4a6f-a232-f84ec650292b: start LeaderElection
2019-09-25 05:19:48,727 [Thread-538] INFO  impl.FollowerState (FollowerState.java:run(106)) - ece43ade-c7f6-4378-8dfa-fbe6a8ab43cf:group-0A753E062AF5 changes to CANDIDATE, lastRpcTime:5164, electionTimeout:5163ms
2019-09-25 05:19:48,727 [Thread-538] INFO  impl.RoleInfo (RoleInfo.java:shutdownFollowerState(121)) - ece43ade-c7f6-4378-8dfa-fbe6a8ab43cf: shutdown FollowerState
2019-09-25 05:19:48,727 [Thread-538] INFO  impl.RaftServerImpl (RaftServerImpl.java:setRole(174)) - ece43ade-c7f6-4378-8dfa-fbe6a8ab43cf@group-0A753E062AF5: changes role from  FOLLOWER to CANDIDATE at term 4 for changeToCandidate
2019-09-25 05:19:48,727 [Thread-538] INFO  impl.RoleInfo (RoleInfo.java:updateAndGet(143)) - ece43ade-c7f6-4378-8dfa-fbe6a8ab43cf: start LeaderElection
2019-09-25 05:19:48,730 [Thread-545] INFO  impl.FollowerState (FollowerState.java:run(106)) - 6e4b8f72-2d03-4335-a109-8ce1569ec549:group-0A753E062AF5 changes to CANDIDATE, lastRpcTime:5159, electionTimeout:5157ms
2019-09-25 05:19:48,730 [Thread-545] INFO  impl.RoleInfo (RoleInfo.java:shutdownFollowerState(121)) - 6e4b8f72-2d03-4335-a109-8ce1569ec549: shutdown FollowerState
2019-09-25 05:19:48,730 [Thread-545] INFO  impl.RaftServerImpl (RaftServerImpl.java:setRole(174)) - 6e4b8f72-2d03-4335-a109-8ce1569ec549@group-0A753E062AF5: changes role from  FOLLOWER to CANDIDATE at term 4 for changeToCandidate
2019-09-25 05:19:48,730 [Thread-545] INFO  impl.RoleInfo (RoleInfo.java:updateAndGet(143)) - 6e4b8f72-2d03-4335-a109-8ce1569ec549: start LeaderElection
2019-09-25 05:19:48,735 [Thread-546] INFO  impl.FollowerState (FollowerState.java:run(106)) - 6e4b8f72-2d03-4335-a109-8ce1569ec549:group-74FCAC2063C8 changes to CANDIDATE, lastRpcTime:5163, electionTimeout:5163ms
2019-09-25 05:19:48,735 [Thread-546] INFO  impl.RoleInfo (RoleInfo.java:shutdownFollowerState(121)) - 6e4b8f72-2d03-4335-a109-8ce1569ec549: shutdown FollowerState
2019-09-25 05:19:48,735 [Thread-546] INFO  impl.RaftServerImpl (RaftServerImpl.java:setRole(174)) - 6e4b8f72-2d03-4335-a109-8ce1569ec549@group-74FCAC2063C8: changes role from  FOLLOWER to CANDIDATE at term 4 for changeToCandidate
2019-09-25 05:19:48,738 [Thread-546] INFO  impl.RoleInfo (RoleInfo.java:updateAndGet(143)) - 6e4b8f72-2d03-4335-a109-8ce1569ec549: start LeaderElection
2019-09-25 05:19:49,662 [a7793eff-ada5-4527-9e0b-a0fd078cd21b@group-0A753E062AF5:LeaderElection47] INFO  impl.LeaderElection (LeaderElection.java:askForVotes(182)) - a7793eff-ada5-4527-9e0b-a0fd078cd21b@group-0A753E062AF5:LeaderElection47: begin an election at term 5 for -1: [6e4b8f72-2d03-4335-a109-8ce1569ec549:192.168.36.126:38179, a7793eff-ada5-4527-9e0b-a0fd078cd21b:192.168.36.126:36914, ece43ade-c7f6-4378-8dfa-fbe6a8ab43cf:192.168.36.126:41805], old=null
2019-09-25 05:19:49,662 [6e4b8f72-2d03-4335-a109-8ce1569ec549@group-74FCAC2063C8:LeaderElection54] INFO  impl.LeaderElection (LeaderElection.java:askForVotes(182)) - 6e4b8f72-2d03-4335-a109-8ce1569ec549@group-74FCAC2063C8:LeaderElection54: begin an election at term 5 for -1: [6e4b8f72-2d03-4335-a109-8ce1569ec549:192.168.36.126:38179, a7793eff-ada5-4527-9e0b-a0fd078cd21b:192.168.36.126:36914, ece43ade-c7f6-4378-8dfa-fbe6a8ab43cf:192.168.36.126:41805], old=null
2019-09-25 05:19:49,662 [ece43ade-c7f6-4378-8dfa-fbe6a8ab43cf@group-74FCAC2063C8:LeaderElection46] INFO  impl.LeaderElection (LeaderElection.java:askForVotes(182)) - ece43ade-c7f6-4378-8dfa-fbe6a8ab43cf@group-74FCAC2063C8:LeaderElection46: begin an election at term 5 for -1: [6e4b8f72-2d03-4335-a109-8ce1569ec549:192.168.36.126:38179, a7793eff-ada5-4527-9e0b-a0fd078cd21b:192.168.36.126:36914, ece43ade-c7f6-4378-8dfa-fbe6a8ab43cf:192.168.36.126:41805], old=null
2019-09-25 05:19:49,662 [ece43ade-c7f6-4378-8dfa-fbe6a8ab43cf@group-0A753E062AF5:LeaderElection52] INFO  impl.LeaderElection (LeaderElection.java:askForVotes(182)) - ece43ade-c7f6-4378-8dfa-fbe6a8ab43cf@group-0A753E062AF5:LeaderElection52: begin an election at term 5 for -1: [6e4b8f72-2d03-4335-a109-8ce1569ec549:192.168.36.126:38179, a7793eff-ada5-4527-9e0b-a0fd078cd21b:192.168.36.126:36914, ece43ade-c7f6-4378-8dfa-fbe6a8ab43cf:192.168.36.126:41805], old=null
2019-09-25 05:19:49,662 [a7793eff-ada5-4527-9e0b-a0fd078cd21b@group-74FCAC2063C8:LeaderElection49] INFO  impl.LeaderElection (LeaderElection.java:askForVotes(182)) - a7793eff-ada5-4527-9e0b-a0fd078cd21b@group-74FCAC2063C8:LeaderElection49: begin an election at term 5 for -1: [6e4b8f72-2d03-4335-a109-8ce1569ec549:192.168.36.126:38179, a7793eff-ada5-4527-9e0b-a0fd078cd21b:192.168.36.126:36914, ece43ade-c7f6-4378-8dfa-fbe6a8ab43cf:192.168.36.126:41805], old=null
2019-09-25 05:19:49,663 [a824d2a0-4471-4a6f-a232-f84ec650292b@group-E9952EC7D1B9:LeaderElection51] INFO  impl.LeaderElection (LeaderElection.java:askForVotes(182)) - a824d2a0-4471-4a6f-a232-f84ec650292b@group-E9952EC7D1B9:LeaderElection51: begin an election at term 5 for -1: [8d1936ad-7e22-483e-8301-a12de2cdc2b5:192.168.36.126:34366, dc7ea896-6e80-4fed-8727-08f73144b1fc:192.168.36.126:42983, a824d2a0-4471-4a6f-a232-f84ec650292b:192.168.36.126:37611], old=null
2019-09-25 05:19:49,662 [dc7ea896-6e80-4fed-8727-08f73144b1fc@group-E9952EC7D1B9:LeaderElection50] INFO  impl.LeaderElection (LeaderElection.java:askForVotes(182)) - dc7ea896-6e80-4fed-8727-08f73144b1fc@group-E9952EC7D1B9:LeaderElection50: begin an election at term 5 for -1: [8d1936ad-7e22-483e-8301-a12de2cdc2b5:192.168.36.126:34366, dc7ea896-6e80-4fed-8727-08f73144b1fc:192.168.36.126:42983, a824d2a0-4471-4a6f-a232-f84ec650292b:192.168.36.126:37611], old=null
2019-09-25 05:19:49,662 [8d1936ad-7e22-483e-8301-a12de2cdc2b5@group-E9952EC7D1B9:LeaderElection48] INFO  impl.LeaderElection (LeaderElection.java:askForVotes(182)) - 8d1936ad-7e22-483e-8301-a12de2cdc2b5@group-E9952EC7D1B9:LeaderElection48: begin an election at term 5 for -1: [8d1936ad-7e22-483e-8301-a12de2cdc2b5:192.168.36.126:34366, dc7ea896-6e80-4fed-8727-08f73144b1fc:192.168.36.126:42983, a824d2a0-4471-4a6f-a232-f84ec650292b:192.168.36.126:37611], old=null
2019-09-25 05:19:49,662 [6e4b8f72-2d03-4335-a109-8ce1569ec549@group-0A753E062AF5:LeaderElection53] INFO  impl.LeaderElection (LeaderElection.java:askForVotes(182)) - 6e4b8f72-2d03-4335-a109-8ce1569ec549@group-0A753E062AF5:LeaderElection53: begin an election at term 5 for -1: [6e4b8f72-2d03-4335-a109-8ce1569ec549:192.168.36.126:38179, a7793eff-ada5-4527-9e0b-a0fd078cd21b:192.168.36.126:36914, ece43ade-c7f6-4378-8dfa-fbe6a8ab43cf:192.168.36.126:41805], old=null
2019-09-25 05:19:49,677 [a7793eff-ada5-4527-9e0b-a0fd078cd21b@group-74FCAC2063C8:LeaderElection49] INFO  impl.LeaderElection (LeaderElection.java:logAndReturn(56)) - a7793eff-ada5-4527-9e0b-a0fd078cd21b@group-74FCAC2063C8:LeaderElection49: Election REJECTED; received 2 response(s) [a7793eff-ada5-4527-9e0b-a0fd078cd21b<-6e4b8f72-2d03-4335-a109-8ce1569ec549#0:FAIL-t5, a7793eff-ada5-4527-9e0b-a0fd078cd21b<-ece43ade-c7f6-4378-8dfa-fbe6a8ab43cf#0:FAIL-t5] and 0 exception(s); a7793eff-ada5-4527-9e0b-a0fd078cd21b@group-74FCAC2063C8:t5, leader=null, voted=a7793eff-ada5-4527-9e0b-a0fd078cd21b, raftlog=a7793eff-ada5-4527-9e0b-a0fd078cd21b@group-74FCAC2063C8-SegmentedRaftLog:OPENED:c-1,f-1,i0, conf=-1: [6e4b8f72-2d03-4335-a109-8ce1569ec549:192.168.36.126:38179, a7793eff-ada5-4527-9e0b-a0fd078cd21b:192.168.36.126:36914, ece43ade-c7f6-4378-8dfa-fbe6a8ab43cf:192.168.36.126:41805], old=null
2019-09-25 05:19:49,678 [a7793eff-ada5-4527-9e0b-a0fd078cd21b@group-0A753E062AF5:LeaderElection47] INFO  impl.LeaderElection (LeaderElection.java:logAndReturn(56)) - a7793eff-ada5-4527-9e0b-a0fd078cd21b@group-0A753E062AF5:LeaderElection47: Election REJECTED; received 2 response(s) [a7793eff-ada5-4527-9e0b-a0fd078cd21b<-6e4b8f72-2d03-4335-a109-8ce1569ec549#0:FAIL-t5, a7793eff-ada5-4527-9e0b-a0fd078cd21b<-ece43ade-c7f6-4378-8dfa-fbe6a8ab43cf#0:FAIL-t5] and 0 exception(s); a7793eff-ada5-4527-9e0b-a0fd078cd21b@group-0A753E062AF5:t5, leader=null, voted=a7793eff-ada5-4527-9e0b-a0fd078cd21b, raftlog=a7793eff-ada5-4527-9e0b-a0fd078cd21b@group-0A753E062AF5-SegmentedRaftLog:OPENED:c-1,f-1,i0, conf=-1: [6e4b8f72-2d03-4335-a109-8ce1569ec549:192.168.36.126:38179, a7793eff-ada5-4527-9e0b-a0fd078cd21b:192.168.36.126:36914, ece43ade-c7f6-4378-8dfa-fbe6a8ab43cf:192.168.36.126:41805], old=null
2019-09-25 05:19:49,678 [a7793eff-ada5-4527-9e0b-a0fd078cd21b@group-74FCAC2063C8:LeaderElection49] INFO  impl.RaftServerImpl (RaftServerImpl.java:setRole(174)) - a7793eff-ada5-4527-9e0b-a0fd078cd21b@group-74FCAC2063C8: changes role from CANDIDATE to FOLLOWER at term 5 for DISCOVERED_A_NEW_TERM
2019-09-25 05:19:49,678 [a7793eff-ada5-4527-9e0b-a0fd078cd21b@group-0A753E062AF5:LeaderElection47] INFO  impl.RaftServerImpl (RaftServerImpl.java:setRole(174)) - a7793eff-ada5-4527-9e0b-a0fd078cd21b@group-0A753E062AF5: changes role from CANDIDATE to FOLLOWER at term 5 for DISCOVERED_A_NEW_TERM
2019-09-25 05:19:49,678 [dc7ea896-6e80-4fed-8727-08f73144b1fc@group-E9952EC7D1B9:LeaderElection50] INFO  impl.LeaderElection (LeaderElection.java:logAndReturn(56)) - dc7ea896-6e80-4fed-8727-08f73144b1fc@group-E9952EC7D1B9:LeaderElection50: Election REJECTED; received 2 response(s) [dc7ea896-6e80-4fed-8727-08f73144b1fc<-8d1936ad-7e22-483e-8301-a12de2cdc2b5#0:FAIL-t5, dc7ea896-6e80-4fed-8727-08f73144b1fc<-a824d2a0-4471-4a6f-a232-f84ec650292b#0:FAIL-t5] and 0 exception(s); dc7ea896-6e80-4fed-8727-08f73144b1fc@group-E9952EC7D1B9:t5, leader=null, voted=dc7ea896-6e80-4fed-8727-08f73144b1fc, raftlog=dc7ea896-6e80-4fed-8727-08f73144b1fc@group-E9952EC7D1B9-SegmentedRaftLog:OPENED:c-1,f-1,i0, conf=-1: [8d1936ad-7e22-483e-8301-a12de2cdc2b5:192.168.36.126:34366, dc7ea896-6e80-4fed-8727-08f73144b1fc:192.168.36.126:42983, a824d2a0-4471-4a6f-a232-f84ec650292b:192.168.36.126:37611], old=null
2019-09-25 05:19:49,678 [a7793eff-ada5-4527-9e0b-a0fd078cd21b@group-0A753E062AF5:LeaderElection47] INFO  impl.RoleInfo (RoleInfo.java:shutdownLeaderElection(134)) - a7793eff-ada5-4527-9e0b-a0fd078cd21b: shutdown LeaderElection
2019-09-25 05:19:49,678 [a7793eff-ada5-4527-9e0b-a0fd078cd21b@group-74FCAC2063C8:LeaderElection49] INFO  impl.RoleInfo (RoleInfo.java:shutdownLeaderElection(134)) - a7793eff-ada5-4527-9e0b-a0fd078cd21b: shutdown LeaderElection
2019-09-25 05:19:49,679 [a7793eff-ada5-4527-9e0b-a0fd078cd21b@group-0A753E062AF5:LeaderElection47] INFO  impl.RoleInfo (RoleInfo.java:updateAndGet(143)) - a7793eff-ada5-4527-9e0b-a0fd078cd21b: start FollowerState
2019-09-25 05:19:49,679 [a7793eff-ada5-4527-9e0b-a0fd078cd21b@group-74FCAC2063C8:LeaderElection49] INFO  impl.RoleInfo (RoleInfo.java:updateAndGet(143)) - a7793eff-ada5-4527-9e0b-a0fd078cd21b: start FollowerState
2019-09-25 05:19:49,678 [dc7ea896-6e80-4fed-8727-08f73144b1fc@group-E9952EC7D1B9:LeaderElection50] INFO  impl.RaftServerImpl (RaftServerImpl.java:setRole(174)) - dc7ea896-6e80-4fed-8727-08f73144b1fc@group-E9952EC7D1B9: changes role from CANDIDATE to FOLLOWER at term 5 for DISCOVERED_A_NEW_TERM
2019-09-25 05:19:49,679 [dc7ea896-6e80-4fed-8727-08f73144b1fc@group-E9952EC7D1B9:LeaderElection50] INFO  impl.RoleInfo (RoleInfo.java:shutdownLeaderElection(134)) - dc7ea896-6e80-4fed-8727-08f73144b1fc: shutdown LeaderElection
2019-09-25 05:19:49,679 [dc7ea896-6e80-4fed-8727-08f73144b1fc@group-E9952EC7D1B9:LeaderElection50] INFO  impl.RoleInfo (RoleInfo.java:updateAndGet(143)) - dc7ea896-6e80-4fed-8727-08f73144b1fc: start FollowerState
2019-09-25 05:19:49,681 [ece43ade-c7f6-4378-8dfa-fbe6a8ab43cf@group-74FCAC2063C8:LeaderElection46] INFO  impl.LeaderElection (LeaderElection.java:logAndReturn(56)) - ece43ade-c7f6-4378-8dfa-fbe6a8ab43cf@group-74FCAC2063C8:LeaderElection46: Election REJECTED; received 2 response(s) [ece43ade-c7f6-4378-8dfa-fbe6a8ab43cf<-6e4b8f72-2d03-4335-a109-8ce1569ec549#0:FAIL-t5, ece43ade-c7f6-4378-8dfa-fbe6a8ab43cf<-a7793eff-ada5-4527-9e0b-a0fd078cd21b#0:FAIL-t5] and 0 exception(s); ece43ade-c7f6-4378-8dfa-fbe6a8ab43cf@group-74FCAC2063C8:t5, leader=null, voted=ece43ade-c7f6-4378-8dfa-fbe6a8ab43cf, raftlog=ece43ade-c7f6-4378-8dfa-fbe6a8ab43cf@group-74FCAC2063C8-SegmentedRaftLog:OPENED:c-1,f-1,i0, conf=-1: [6e4b8f72-2d03-4335-a109-8ce1569ec549:192.168.36.126:38179, a7793eff-ada5-4527-9e0b-a0fd078cd21b:192.168.36.126:36914, ece43ade-c7f6-4378-8dfa-fbe6a8ab43cf:192.168.36.126:41805], old=null
2019-09-25 05:19:49,681 [ece43ade-c7f6-4378-8dfa-fbe6a8ab43cf@group-74FCAC2063C8:LeaderElection46] INFO  impl.RaftServerImpl (RaftServerImpl.java:setRole(174)) - ece43ade-c7f6-4378-8dfa-fbe6a8ab43cf@group-74FCAC2063C8: changes role from CANDIDATE to FOLLOWER at term 5 for DISCOVERED_A_NEW_TERM
2019-09-25 05:19:49,681 [ece43ade-c7f6-4378-8dfa-fbe6a8ab43cf@group-74FCAC2063C8:LeaderElection46] INFO  impl.RoleInfo (RoleInfo.java:shutdownLeaderElection(134)) - ece43ade-c7f6-4378-8dfa-fbe6a8ab43cf: shutdown LeaderElection
2019-09-25 05:19:49,681 [ece43ade-c7f6-4378-8dfa-fbe6a8ab43cf@group-0A753E062AF5:LeaderElection52] INFO  impl.LeaderElection (LeaderElection.java:logAndReturn(56)) - ece43ade-c7f6-4378-8dfa-fbe6a8ab43cf@group-0A753E062AF5:LeaderElection52: Election REJECTED; received 2 response(s) [ece43ade-c7f6-4378-8dfa-fbe6a8ab43cf<-6e4b8f72-2d03-4335-a109-8ce1569ec549#0:FAIL-t5, ece43ade-c7f6-4378-8dfa-fbe6a8ab43cf<-a7793eff-ada5-4527-9e0b-a0fd078cd21b#0:FAIL-t5] and 0 exception(s); ece43ade-c7f6-4378-8dfa-fbe6a8ab43cf@group-0A753E062AF5:t5, leader=null, voted=ece43ade-c7f6-4378-8dfa-fbe6a8ab43cf, raftlog=ece43ade-c7f6-4378-8dfa-fbe6a8ab43cf@group-0A753E062AF5-SegmentedRaftLog:OPENED:c-1,f-1,i0, conf=-1: [6e4b8f72-2d03-4335-a109-8ce1569ec549:192.168.36.126:38179, a7793eff-ada5-4527-9e0b-a0fd078cd21b:192.168.36.126:36914, ece43ade-c7f6-4378-8dfa-fbe6a8ab43cf:192.168.36.126:41805], old=null
2019-09-25 05:19:49,681 [ece43ade-c7f6-4378-8dfa-fbe6a8ab43cf@group-74FCAC2063C8:LeaderElection46] INFO  impl.RoleInfo (RoleInfo.java:updateAndGet(143)) - ece43ade-c7f6-4378-8dfa-fbe6a8ab43cf: start FollowerState
2019-09-25 05:19:49,682 [ece43ade-c7f6-4378-8dfa-fbe6a8ab43cf@group-0A753E062AF5:LeaderElection52] INFO  impl.RaftServerImpl (RaftServerImpl.java:setRole(174)) - ece43ade-c7f6-4378-8dfa-fbe6a8ab43cf@group-0A753E062AF5: changes role from CANDIDATE to FOLLOWER at term 5 for DISCOVERED_A_NEW_TERM
2019-09-25 05:19:49,682 [a824d2a0-4471-4a6f-a232-f84ec650292b@group-E9952EC7D1B9:LeaderElection51] INFO  impl.LeaderElection (LeaderElection.java:logAndReturn(56)) - a824d2a0-4471-4a6f-a232-f84ec650292b@group-E9952EC7D1B9:LeaderElection51: Election REJECTED; received 2 response(s) [a824d2a0-4471-4a6f-a232-f84ec650292b<-8d1936ad-7e22-483e-8301-a12de2cdc2b5#0:FAIL-t5, a824d2a0-4471-4a6f-a232-f84ec650292b<-dc7ea896-6e80-4fed-8727-08f73144b1fc#0:FAIL-t5] and 0 exception(s); a824d2a0-4471-4a6f-a232-f84ec650292b@group-E9952EC7D1B9:t5, leader=null, voted=a824d2a0-4471-4a6f-a232-f84ec650292b, raftlog=a824d2a0-4471-4a6f-a232-f84ec650292b@group-E9952EC7D1B9-SegmentedRaftLog:OPENED:c-1,f-1,i0, conf=-1: [8d1936ad-7e22-483e-8301-a12de2cdc2b5:192.168.36.126:34366, dc7ea896-6e80-4fed-8727-08f73144b1fc:192.168.36.126:42983, a824d2a0-4471-4a6f-a232-f84ec650292b:192.168.36.126:37611], old=null
2019-09-25 05:19:49,682 [ece43ade-c7f6-4378-8dfa-fbe6a8ab43cf@group-0A753E062AF5:LeaderElection52] INFO  impl.RoleInfo (RoleInfo.java:shutdownLeaderElection(134)) - ece43ade-c7f6-4378-8dfa-fbe6a8ab43cf: shutdown LeaderElection
2019-09-25 05:19:49,682 [a824d2a0-4471-4a6f-a232-f84ec650292b@group-E9952EC7D1B9:LeaderElection51] INFO  impl.RaftServerImpl (RaftServerImpl.java:setRole(174)) - a824d2a0-4471-4a6f-a232-f84ec650292b@group-E9952EC7D1B9: changes role from CANDIDATE to FOLLOWER at term 5 for DISCOVERED_A_NEW_TERM
2019-09-25 05:19:49,682 [6e4b8f72-2d03-4335-a109-8ce1569ec549@group-0A753E062AF5:LeaderElection53] INFO  impl.LeaderElection (LeaderElection.java:logAndReturn(56)) - 6e4b8f72-2d03-4335-a109-8ce1569ec549@group-0A753E062AF5:LeaderElection53: Election REJECTED; received 2 response(s) [6e4b8f72-2d03-4335-a109-8ce1569ec549<-a7793eff-ada5-4527-9e0b-a0fd078cd21b#0:FAIL-t5, 6e4b8f72-2d03-4335-a109-8ce1569ec549<-ece43ade-c7f6-4378-8dfa-fbe6a8ab43cf#0:FAIL-t5] and 0 exception(s); 6e4b8f72-2d03-4335-a109-8ce1569ec549@group-0A753E062AF5:t5, leader=null, voted=6e4b8f72-2d03-4335-a109-8ce1569ec549, raftlog=6e4b8f72-2d03-4335-a109-8ce1569ec549@group-0A753E062AF5-SegmentedRaftLog:OPENED:c-1,f-1,i0, conf=-1: [6e4b8f72-2d03-4335-a109-8ce1569ec549:192.168.36.126:38179, a7793eff-ada5-4527-9e0b-a0fd078cd21b:192.168.36.126:36914, ece43ade-c7f6-4378-8dfa-fbe6a8ab43cf:192.168.36.126:41805], old=null
2019-09-25 05:19:49,682 [a824d2a0-4471-4a6f-a232-f84ec650292b@group-E9952EC7D1B9:LeaderElection51] INFO  impl.RoleInfo (RoleInfo.java:shutdownLeaderElection(134)) - a824d2a0-4471-4a6f-a232-f84ec650292b: shutdown LeaderElection
2019-09-25 05:19:49,682 [ece43ade-c7f6-4378-8dfa-fbe6a8ab43cf@group-0A753E062AF5:LeaderElection52] INFO  impl.RoleInfo (RoleInfo.java:updateAndGet(143)) - ece43ade-c7f6-4378-8dfa-fbe6a8ab43cf: start FollowerState
2019-09-25 05:19:49,683 [a824d2a0-4471-4a6f-a232-f84ec650292b@group-E9952EC7D1B9:LeaderElection51] INFO  impl.RoleInfo (RoleInfo.java:updateAndGet(143)) - a824d2a0-4471-4a6f-a232-f84ec650292b: start FollowerState
2019-09-25 05:19:49,683 [6e4b8f72-2d03-4335-a109-8ce1569ec549@group-0A753E062AF5:LeaderElection53] INFO  impl.RaftServerImpl (RaftServerImpl.java:setRole(174)) - 6e4b8f72-2d03-4335-a109-8ce1569ec549@group-0A753E062AF5: changes role from CANDIDATE to FOLLOWER at term 5 for DISCOVERED_A_NEW_TERM
2019-09-25 05:19:49,683 [6e4b8f72-2d03-4335-a109-8ce1569ec549@group-0A753E062AF5:LeaderElection53] INFO  impl.RoleInfo (RoleInfo.java:shutdownLeaderElection(134)) - 6e4b8f72-2d03-4335-a109-8ce1569ec549: shutdown LeaderElection
2019-09-25 05:19:49,683 [6e4b8f72-2d03-4335-a109-8ce1569ec549@group-0A753E062AF5:LeaderElection53] INFO  impl.RoleInfo (RoleInfo.java:updateAndGet(143)) - 6e4b8f72-2d03-4335-a109-8ce1569ec549: start FollowerState
2019-09-25 05:19:49,684 [6e4b8f72-2d03-4335-a109-8ce1569ec549@group-74FCAC2063C8:LeaderElection54] INFO  impl.LeaderElection (LeaderElection.java:logAndReturn(56)) - 6e4b8f72-2d03-4335-a109-8ce1569ec549@group-74FCAC2063C8:LeaderElection54: Election REJECTED; received 2 response(s) [6e4b8f72-2d03-4335-a109-8ce1569ec549<-a7793eff-ada5-4527-9e0b-a0fd078cd21b#0:FAIL-t5, 6e4b8f72-2d03-4335-a109-8ce1569ec549<-ece43ade-c7f6-4378-8dfa-fbe6a8ab43cf#0:FAIL-t5] and 0 exception(s); 6e4b8f72-2d03-4335-a109-8ce1569ec549@group-74FCAC2063C8:t5, leader=null, voted=6e4b8f72-2d03-4335-a109-8ce1569ec549, raftlog=6e4b8f72-2d03-4335-a109-8ce1569ec549@group-74FCAC2063C8-SegmentedRaftLog:OPENED:c-1,f-1,i0, conf=-1: [6e4b8f72-2d03-4335-a109-8ce1569ec549:192.168.36.126:38179, a7793eff-ada5-4527-9e0b-a0fd078cd21b:192.168.36.126:36914, ece43ade-c7f6-4378-8dfa-fbe6a8ab43cf:192.168.36.126:41805], old=null
2019-09-25 05:19:49,684 [6e4b8f72-2d03-4335-a109-8ce1569ec549@group-74FCAC2063C8:LeaderElection54] INFO  impl.RaftServerImpl (RaftServerImpl.java:setRole(174)) - 6e4b8f72-2d03-4335-a109-8ce1569ec549@group-74FCAC2063C8: changes role from CANDIDATE to FOLLOWER at term 5 for DISCOVERED_A_NEW_TERM
2019-09-25 05:19:49,684 [6e4b8f72-2d03-4335-a109-8ce1569ec549@group-74FCAC2063C8:LeaderElection54] INFO  impl.RoleInfo (RoleInfo.java:shutdownLeaderElection(134)) - 6e4b8f72-2d03-4335-a109-8ce1569ec549: shutdown LeaderElection
2019-09-25 05:19:49,684 [6e4b8f72-2d03-4335-a109-8ce1569ec549@group-74FCAC2063C8:LeaderElection54] INFO  impl.RoleInfo (RoleInfo.java:updateAndGet(143)) - 6e4b8f72-2d03-4335-a109-8ce1569ec549: start FollowerState
2019-09-25 05:19:49,684 [8d1936ad-7e22-483e-8301-a12de2cdc2b5@group-E9952EC7D1B9:LeaderElection48] INFO  impl.LeaderElection (LeaderElection.java:logAndReturn(56)) - 8d1936ad-7e22-483e-8301-a12de2cdc2b5@group-E9952EC7D1B9:LeaderElection48: Election REJECTED; received 2 response(s) [8d1936ad-7e22-483e-8301-a12de2cdc2b5<-dc7ea896-6e80-4fed-8727-08f73144b1fc#0:FAIL-t5, 8d1936ad-7e22-483e-8301-a12de2cdc2b5<-a824d2a0-4471-4a6f-a232-f84ec650292b#0:FAIL-t5] and 0 exception(s); 8d1936ad-7e22-483e-8301-a12de2cdc2b5@group-E9952EC7D1B9:t5, leader=null, voted=8d1936ad-7e22-483e-8301-a12de2cdc2b5, raftlog=8d1936ad-7e22-483e-8301-a12de2cdc2b5@group-E9952EC7D1B9-SegmentedRaftLog:OPENED:c-1,f-1,i0, conf=-1: [8d1936ad-7e22-483e-8301-a12de2cdc2b5:192.168.36.126:34366, dc7ea896-6e80-4fed-8727-08f73144b1fc:192.168.36.126:42983, a824d2a0-4471-4a6f-a232-f84ec650292b:192.168.36.126:37611], old=null
2019-09-25 05:19:49,685 [8d1936ad-7e22-483e-8301-a12de2cdc2b5@group-E9952EC7D1B9:LeaderElection48] INFO  impl.RaftServerImpl (RaftServerImpl.java:setRole(174)) - 8d1936ad-7e22-483e-8301-a12de2cdc2b5@group-E9952EC7D1B9: changes role from CANDIDATE to FOLLOWER at term 5 for DISCOVERED_A_NEW_TERM
2019-09-25 05:19:49,685 [8d1936ad-7e22-483e-8301-a12de2cdc2b5@group-E9952EC7D1B9:LeaderElection48] INFO  impl.RoleInfo (RoleInfo.java:shutdownLeaderElection(134)) - 8d1936ad-7e22-483e-8301-a12de2cdc2b5: shutdown LeaderElection
2019-09-25 05:19:49,685 [8d1936ad-7e22-483e-8301-a12de2cdc2b5@group-E9952EC7D1B9:LeaderElection48] INFO  impl.RoleInfo (RoleInfo.java:updateAndGet(143)) - 8d1936ad-7e22-483e-8301-a12de2cdc2b5: start FollowerState
2019-09-25 05:19:54,708 [Thread-590] INFO  impl.FollowerState (FollowerState.java:run(106)) - a7793eff-ada5-4527-9e0b-a0fd078cd21b:group-74FCAC2063C8 changes to CANDIDATE, lastRpcTime:5029, electionTimeout:5029ms
2019-09-25 05:19:54,709 [Thread-590] INFO  impl.RoleInfo (RoleInfo.java:shutdownFollowerState(121)) - a7793eff-ada5-4527-9e0b-a0fd078cd21b: shutdown FollowerState
2019-09-25 05:19:54,709 [Thread-590] INFO  impl.RaftServerImpl (RaftServerImpl.java:setRole(174)) - a7793eff-ada5-4527-9e0b-a0fd078cd21b@group-74FCAC2063C8: changes role from  FOLLOWER to CANDIDATE at term 5 for changeToCandidate
2019-09-25 05:19:54,709 [Thread-590] INFO  impl.RoleInfo (RoleInfo.java:updateAndGet(143)) - a7793eff-ada5-4527-9e0b-a0fd078cd21b: start LeaderElection
2019-09-25 05:19:54,735 [Thread-596] INFO  impl.FollowerState (FollowerState.java:run(106)) - 6e4b8f72-2d03-4335-a109-8ce1569ec549:group-74FCAC2063C8 changes to CANDIDATE, lastRpcTime:5050, electionTimeout:5050ms
2019-09-25 05:19:54,735 [Thread-596] INFO  impl.RoleInfo (RoleInfo.java:shutdownFollowerState(121)) - 6e4b8f72-2d03-4335-a109-8ce1569ec549: shutdown FollowerState
2019-09-25 05:19:54,735 [Thread-596] INFO  impl.RaftServerImpl (RaftServerImpl.java:setRole(174)) - 6e4b8f72-2d03-4335-a109-8ce1569ec549@group-74FCAC2063C8: changes role from  FOLLOWER to CANDIDATE at term 5 for changeToCandidate
2019-09-25 05:19:54,735 [Thread-596] INFO  impl.RoleInfo (RoleInfo.java:updateAndGet(143)) - 6e4b8f72-2d03-4335-a109-8ce1569ec549: start LeaderElection
2019-09-25 05:19:54,754 [Thread-592] INFO  impl.FollowerState (FollowerState.java:run(106)) - ece43ade-c7f6-4378-8dfa-fbe6a8ab43cf:group-74FCAC2063C8 changes to CANDIDATE, lastRpcTime:5072, electionTimeout:5072ms
2019-09-25 05:19:54,755 [Thread-592] INFO  impl.RoleInfo (RoleInfo.java:shutdownFollowerState(121)) - ece43ade-c7f6-4378-8dfa-fbe6a8ab43cf: shutdown FollowerState
2019-09-25 05:19:54,755 [Thread-592] INFO  impl.RaftServerImpl (RaftServerImpl.java:setRole(174)) - ece43ade-c7f6-4378-8dfa-fbe6a8ab43cf@group-74FCAC2063C8: changes role from  FOLLOWER to CANDIDATE at term 5 for changeToCandidate
2019-09-25 05:19:54,755 [Thread-592] INFO  impl.RoleInfo (RoleInfo.java:updateAndGet(143)) - ece43ade-c7f6-4378-8dfa-fbe6a8ab43cf: start LeaderElection
2019-09-25 05:19:54,776 [Thread-593] INFO  impl.FollowerState (FollowerState.java:run(106)) - ece43ade-c7f6-4378-8dfa-fbe6a8ab43cf:group-0A753E062AF5 changes to CANDIDATE, lastRpcTime:5094, electionTimeout:5093ms
2019-09-25 05:19:54,777 [Thread-593] INFO  impl.RoleInfo (RoleInfo.java:shutdownFollowerState(121)) - ece43ade-c7f6-4378-8dfa-fbe6a8ab43cf: shutdown FollowerState
2019-09-25 05:19:54,777 [Thread-593] INFO  impl.RaftServerImpl (RaftServerImpl.java:setRole(174)) - ece43ade-c7f6-4378-8dfa-fbe6a8ab43cf@group-0A753E062AF5: changes role from  FOLLOWER to CANDIDATE at term 5 for changeToCandidate
2019-09-25 05:19:54,777 [Thread-593] INFO  impl.RoleInfo (RoleInfo.java:updateAndGet(143)) - ece43ade-c7f6-4378-8dfa-fbe6a8ab43cf: start LeaderElection
2019-09-25 05:19:54,815 [Thread-595] INFO  impl.FollowerState (FollowerState.java:run(106)) - 6e4b8f72-2d03-4335-a109-8ce1569ec549:group-0A753E062AF5 changes to CANDIDATE, lastRpcTime:5131, electionTimeout:5131ms
2019-09-25 05:19:54,815 [Thread-595] INFO  impl.RoleInfo (RoleInfo.java:shutdownFollowerState(121)) - 6e4b8f72-2d03-4335-a109-8ce1569ec549: shutdown FollowerState
2019-09-25 05:19:54,815 [Thread-595] INFO  impl.RaftServerImpl (RaftServerImpl.java:setRole(174)) - 6e4b8f72-2d03-4335-a109-8ce1569ec549@group-0A753E062AF5: changes role from  FOLLOWER to CANDIDATE at term 5 for changeToCandidate
2019-09-25 05:19:54,815 [Thread-595] INFO  impl.RoleInfo (RoleInfo.java:updateAndGet(143)) - 6e4b8f72-2d03-4335-a109-8ce1569ec549: start LeaderElection
2019-09-25 05:19:54,836 [Thread-591] INFO  impl.FollowerState (FollowerState.java:run(106)) - dc7ea896-6e80-4fed-8727-08f73144b1fc:group-E9952EC7D1B9 changes to CANDIDATE, lastRpcTime:5156, electionTimeout:5156ms
2019-09-25 05:19:54,836 [Thread-591] INFO  impl.RoleInfo (RoleInfo.java:shutdownFollowerState(121)) - dc7ea896-6e80-4fed-8727-08f73144b1fc: shutdown FollowerState
2019-09-25 05:19:54,836 [Thread-591] INFO  impl.RaftServerImpl (RaftServerImpl.java:setRole(174)) - dc7ea896-6e80-4fed-8727-08f73144b1fc@group-E9952EC7D1B9: changes role from  FOLLOWER to CANDIDATE at term 5 for changeToCandidate
2019-09-25 05:19:54,836 [Thread-591] INFO  impl.RoleInfo (RoleInfo.java:updateAndGet(143)) - dc7ea896-6e80-4fed-8727-08f73144b1fc: start LeaderElection
2019-09-25 05:19:54,847 [Thread-594] INFO  impl.FollowerState (FollowerState.java:run(106)) - a824d2a0-4471-4a6f-a232-f84ec650292b:group-E9952EC7D1B9 changes to CANDIDATE, lastRpcTime:5163, electionTimeout:5163ms
2019-09-25 05:19:54,847 [Thread-594] INFO  impl.RoleInfo (RoleInfo.java:shutdownFollowerState(121)) - a824d2a0-4471-4a6f-a232-f84ec650292b: shutdown FollowerState
2019-09-25 05:19:54,847 [Thread-594] INFO  impl.RaftServerImpl (RaftServerImpl.java:setRole(174)) - a824d2a0-4471-4a6f-a232-f84ec650292b@group-E9952EC7D1B9: changes role from  FOLLOWER to CANDIDATE at term 5 for changeToCandidate
2019-09-25 05:19:54,847 [Thread-594] INFO  impl.RoleInfo (RoleInfo.java:updateAndGet(143)) - a824d2a0-4471-4a6f-a232-f84ec650292b: start LeaderElection
2019-09-25 05:19:54,866 [Thread-597] INFO  impl.FollowerState (FollowerState.java:run(106)) - 8d1936ad-7e22-483e-8301-a12de2cdc2b5:group-E9952EC7D1B9 changes to CANDIDATE, lastRpcTime:5180, electionTimeout:5180ms
2019-09-25 05:19:54,866 [Thread-597] INFO  impl.RoleInfo (RoleInfo.java:shutdownFollowerState(121)) - 8d1936ad-7e22-483e-8301-a12de2cdc2b5: shutdown FollowerState
2019-09-25 05:19:54,866 [Thread-597] INFO  impl.RaftServerImpl (RaftServerImpl.java:setRole(174)) - 8d1936ad-7e22-483e-8301-a12de2cdc2b5@group-E9952EC7D1B9: changes role from  FOLLOWER to CANDIDATE at term 5 for changeToCandidate
2019-09-25 05:19:54,866 [Thread-597] INFO  impl.RoleInfo (RoleInfo.java:updateAndGet(143)) - 8d1936ad-7e22-483e-8301-a12de2cdc2b5: start LeaderElection
2019-09-25 05:19:54,868 [Thread-589] INFO  impl.FollowerState (FollowerState.java:run(106)) - a7793eff-ada5-4527-9e0b-a0fd078cd21b:group-0A753E062AF5 changes to CANDIDATE, lastRpcTime:5189, electionTimeout:5189ms
2019-09-25 05:19:54,869 [Thread-589] INFO  impl.RoleInfo (RoleInfo.java:shutdownFollowerState(121)) - a7793eff-ada5-4527-9e0b-a0fd078cd21b: shutdown FollowerState
2019-09-25 05:19:54,869 [Thread-589] INFO  impl.RaftServerImpl (RaftServerImpl.java:setRole(174)) - a7793eff-ada5-4527-9e0b-a0fd078cd21b@group-0A753E062AF5: changes role from  FOLLOWER to CANDIDATE at term 5 for changeToCandidate
2019-09-25 05:19:54,869 [Thread-589] INFO  impl.RoleInfo (RoleInfo.java:updateAndGet(143)) - a7793eff-ada5-4527-9e0b-a0fd078cd21b: start LeaderElection
2019-09-25 05:19:54,986 [6e4b8f72-2d03-4335-a109-8ce1569ec549@group-74FCAC2063C8:LeaderElection56] INFO  impl.LeaderElection (LeaderElection.java:askForVotes(182)) - 6e4b8f72-2d03-4335-a109-8ce1569ec549@group-74FCAC2063C8:LeaderElection56: begin an election at term 6 for -1: [6e4b8f72-2d03-4335-a109-8ce1569ec549:192.168.36.126:38179, a7793eff-ada5-4527-9e0b-a0fd078cd21b:192.168.36.126:36914, ece43ade-c7f6-4378-8dfa-fbe6a8ab43cf:192.168.36.126:41805], old=null
2019-09-25 05:19:54,986 [ece43ade-c7f6-4378-8dfa-fbe6a8ab43cf@group-0A753E062AF5:LeaderElection58] INFO  impl.LeaderElection (LeaderElection.java:askForVotes(182)) - ece43ade-c7f6-4378-8dfa-fbe6a8ab43cf@group-0A753E062AF5:LeaderElection58: begin an election at term 6 for -1: [6e4b8f72-2d03-4335-a109-8ce1569ec549:192.168.36.126:38179, a7793eff-ada5-4527-9e0b-a0fd078cd21b:192.168.36.126:36914, ece43ade-c7f6-4378-8dfa-fbe6a8ab43cf:192.168.36.126:41805], old=null
2019-09-25 05:19:54,986 [a7793eff-ada5-4527-9e0b-a0fd078cd21b@group-74FCAC2063C8:LeaderElection55] INFO  impl.LeaderElection (LeaderElection.java:askForVotes(182)) - a7793eff-ada5-4527-9e0b-a0fd078cd21b@group-74FCAC2063C8:LeaderElection55: begin an election at term 6 for -1: [6e4b8f72-2d03-4335-a109-8ce1569ec549:192.168.36.126:38179, a7793eff-ada5-4527-9e0b-a0fd078cd21b:192.168.36.126:36914, ece43ade-c7f6-4378-8dfa-fbe6a8ab43cf:192.168.36.126:41805], old=null
2019-09-25 05:19:54,986 [ece43ade-c7f6-4378-8dfa-fbe6a8ab43cf@group-74FCAC2063C8:LeaderElection57] INFO  impl.LeaderElection (LeaderElection.java:askForVotes(182)) - ece43ade-c7f6-4378-8dfa-fbe6a8ab43cf@group-74FCAC2063C8:LeaderElection57: begin an election at term 6 for -1: [6e4b8f72-2d03-4335-a109-8ce1569ec549:192.168.36.126:38179, a7793eff-ada5-4527-9e0b-a0fd078cd21b:192.168.36.126:36914, ece43ade-c7f6-4378-8dfa-fbe6a8ab43cf:192.168.36.126:41805], old=null
2019-09-25 05:19:54,991 [ece43ade-c7f6-4378-8dfa-fbe6a8ab43cf@group-74FCAC2063C8:LeaderElection57] INFO  impl.LeaderElection (LeaderElection.java:logAndReturn(56)) - ece43ade-c7f6-4378-8dfa-fbe6a8ab43cf@group-74FCAC2063C8:LeaderElection57: Election REJECTED; received 2 response(s) [ece43ade-c7f6-4378-8dfa-fbe6a8ab43cf<-6e4b8f72-2d03-4335-a109-8ce1569ec549#0:FAIL-t6, ece43ade-c7f6-4378-8dfa-fbe6a8ab43cf<-a7793eff-ada5-4527-9e0b-a0fd078cd21b#0:FAIL-t6] and 0 exception(s); ece43ade-c7f6-4378-8dfa-fbe6a8ab43cf@group-74FCAC2063C8:t6, leader=null, voted=ece43ade-c7f6-4378-8dfa-fbe6a8ab43cf, raftlog=ece43ade-c7f6-4378-8dfa-fbe6a8ab43cf@group-74FCAC2063C8-SegmentedRaftLog:OPENED:c-1,f-1,i0, conf=-1: [6e4b8f72-2d03-4335-a109-8ce1569ec549:192.168.36.126:38179, a7793eff-ada5-4527-9e0b-a0fd078cd21b:192.168.36.126:36914, ece43ade-c7f6-4378-8dfa-fbe6a8ab43cf:192.168.36.126:41805], old=null
2019-09-25 05:19:54,992 [6e4b8f72-2d03-4335-a109-8ce1569ec549@group-74FCAC2063C8:LeaderElection56] INFO  impl.LeaderElection (LeaderElection.java:logAndReturn(56)) - 6e4b8f72-2d03-4335-a109-8ce1569ec549@group-74FCAC2063C8:LeaderElection56: Election REJECTED; received 2 response(s) [6e4b8f72-2d03-4335-a109-8ce1569ec549<-a7793eff-ada5-4527-9e0b-a0fd078cd21b#0:FAIL-t6, 6e4b8f72-2d03-4335-a109-8ce1569ec549<-ece43ade-c7f6-4378-8dfa-fbe6a8ab43cf#0:FAIL-t6] and 0 exception(s); 6e4b8f72-2d03-4335-a109-8ce1569ec549@group-74FCAC2063C8:t6, leader=null, voted=6e4b8f72-2d03-4335-a109-8ce1569ec549, raftlog=6e4b8f72-2d03-4335-a109-8ce1569ec549@group-74FCAC2063C8-SegmentedRaftLog:OPENED:c-1,f-1,i0, conf=-1: [6e4b8f72-2d03-4335-a109-8ce1569ec549:192.168.36.126:38179, a7793eff-ada5-4527-9e0b-a0fd078cd21b:192.168.36.126:36914, ece43ade-c7f6-4378-8dfa-fbe6a8ab43cf:192.168.36.126:41805], old=null
2019-09-25 05:19:54,992 [ece43ade-c7f6-4378-8dfa-fbe6a8ab43cf@group-74FCAC2063C8:LeaderElection57] INFO  impl.RaftServerImpl (RaftServerImpl.java:setRole(174)) - ece43ade-c7f6-4378-8dfa-fbe6a8ab43cf@group-74FCAC2063C8: changes role from CANDIDATE to FOLLOWER at term 6 for DISCOVERED_A_NEW_TERM
2019-09-25 05:19:54,992 [6e4b8f72-2d03-4335-a109-8ce1569ec549@group-74FCAC2063C8:LeaderElection56] INFO  impl.RaftServerImpl (RaftServerImpl.java:setRole(174)) - 6e4b8f72-2d03-4335-a109-8ce1569ec549@group-74FCAC2063C8: changes role from CANDIDATE to FOLLOWER at term 6 for DISCOVERED_A_NEW_TERM
2019-09-25 05:19:54,992 [ece43ade-c7f6-4378-8dfa-fbe6a8ab43cf@group-74FCAC2063C8:LeaderElection57] INFO  impl.RoleInfo (RoleInfo.java:shutdownLeaderElection(134)) - ece43ade-c7f6-4378-8dfa-fbe6a8ab43cf: shutdown LeaderElection
2019-09-25 05:19:54,992 [a7793eff-ada5-4527-9e0b-a0fd078cd21b@group-74FCAC2063C8:LeaderElection55] INFO  impl.LeaderElection (LeaderElection.java:logAndReturn(56)) - a7793eff-ada5-4527-9e0b-a0fd078cd21b@group-74FCAC2063C8:LeaderElection55: Election REJECTED; received 2 response(s) [a7793eff-ada5-4527-9e0b-a0fd078cd21b<-6e4b8f72-2d03-4335-a109-8ce1569ec549#0:FAIL-t6, a7793eff-ada5-4527-9e0b-a0fd078cd21b<-ece43ade-c7f6-4378-8dfa-fbe6a8ab43cf#0:FAIL-t6] and 0 exception(s); a7793eff-ada5-4527-9e0b-a0fd078cd21b@group-74FCAC2063C8:t6, leader=null, voted=a7793eff-ada5-4527-9e0b-a0fd078cd21b, raftlog=a7793eff-ada5-4527-9e0b-a0fd078cd21b@group-74FCAC2063C8-SegmentedRaftLog:OPENED:c-1,f-1,i0, conf=-1: [6e4b8f72-2d03-4335-a109-8ce1569ec549:192.168.36.126:38179, a7793eff-ada5-4527-9e0b-a0fd078cd21b:192.168.36.126:36914, ece43ade-c7f6-4378-8dfa-fbe6a8ab43cf:192.168.36.126:41805], old=null
2019-09-25 05:19:54,992 [6e4b8f72-2d03-4335-a109-8ce1569ec549@group-74FCAC2063C8:LeaderElection56] INFO  impl.RoleInfo (RoleInfo.java:shutdownLeaderElection(134)) - 6e4b8f72-2d03-4335-a109-8ce1569ec549: shutdown LeaderElection
2019-09-25 05:19:54,993 [a7793eff-ada5-4527-9e0b-a0fd078cd21b@group-74FCAC2063C8:LeaderElection55] INFO  impl.RaftServerImpl (RaftServerImpl.java:setRole(174)) - a7793eff-ada5-4527-9e0b-a0fd078cd21b@group-74FCAC2063C8: changes role from CANDIDATE to FOLLOWER at term 6 for DISCOVERED_A_NEW_TERM
2019-09-25 05:19:54,992 [ece43ade-c7f6-4378-8dfa-fbe6a8ab43cf@group-74FCAC2063C8:LeaderElection57] INFO  impl.RoleInfo (RoleInfo.java:updateAndGet(143)) - ece43ade-c7f6-4378-8dfa-fbe6a8ab43cf: start FollowerState
2019-09-25 05:19:54,993 [a7793eff-ada5-4527-9e0b-a0fd078cd21b@group-74FCAC2063C8:LeaderElection55] INFO  impl.RoleInfo (RoleInfo.java:shutdownLeaderElection(134)) - a7793eff-ada5-4527-9e0b-a0fd078cd21b: shutdown LeaderElection
2019-09-25 05:19:54,993 [6e4b8f72-2d03-4335-a109-8ce1569ec549@group-74FCAC2063C8:LeaderElection56] INFO  impl.RoleInfo (RoleInfo.java:updateAndGet(143)) - 6e4b8f72-2d03-4335-a109-8ce1569ec549: start FollowerState
2019-09-25 05:19:54,993 [a7793eff-ada5-4527-9e0b-a0fd078cd21b@group-74FCAC2063C8:LeaderElection55] INFO  impl.RoleInfo (RoleInfo.java:updateAndGet(143)) - a7793eff-ada5-4527-9e0b-a0fd078cd21b: start FollowerState
2019-09-25 05:19:55,285 [dc7ea896-6e80-4fed-8727-08f73144b1fc@group-E9952EC7D1B9:LeaderElection60] INFO  impl.LeaderElection (LeaderElection.java:askForVotes(182)) - dc7ea896-6e80-4fed-8727-08f73144b1fc@group-E9952EC7D1B9:LeaderElection60: begin an election at term 6 for -1: [8d1936ad-7e22-483e-8301-a12de2cdc2b5:192.168.36.126:34366, dc7ea896-6e80-4fed-8727-08f73144b1fc:192.168.36.126:42983, a824d2a0-4471-4a6f-a232-f84ec650292b:192.168.36.126:37611], old=null
2019-09-25 05:19:55,285 [6e4b8f72-2d03-4335-a109-8ce1569ec549@group-0A753E062AF5:LeaderElection59] INFO  impl.LeaderElection (LeaderElection.java:askForVotes(182)) - 6e4b8f72-2d03-4335-a109-8ce1569ec549@group-0A753E062AF5:LeaderElection59: begin an election at term 6 for -1: [6e4b8f72-2d03-4335-a109-8ce1569ec549:192.168.36.126:38179, a7793eff-ada5-4527-9e0b-a0fd078cd21b:192.168.36.126:36914, ece43ade-c7f6-4378-8dfa-fbe6a8ab43cf:192.168.36.126:41805], old=null
2019-09-25 05:19:55,285 [a7793eff-ada5-4527-9e0b-a0fd078cd21b@group-0A753E062AF5:LeaderElection63] INFO  impl.LeaderElection (LeaderElection.java:askForVotes(182)) - a7793eff-ada5-4527-9e0b-a0fd078cd21b@group-0A753E062AF5:LeaderElection63: begin an election at term 6 for -1: [6e4b8f72-2d03-4335-a109-8ce1569ec549:192.168.36.126:38179, a7793eff-ada5-4527-9e0b-a0fd078cd21b:192.168.36.126:36914, ece43ade-c7f6-4378-8dfa-fbe6a8ab43cf:192.168.36.126:41805], old=null
2019-09-25 05:19:55,285 [a824d2a0-4471-4a6f-a232-f84ec650292b@group-E9952EC7D1B9:LeaderElection61] INFO  impl.LeaderElection (LeaderElection.java:askForVotes(182)) - a824d2a0-4471-4a6f-a232-f84ec650292b@group-E9952EC7D1B9:LeaderElection61: begin an election at term 6 for -1: [8d1936ad-7e22-483e-8301-a12de2cdc2b5:192.168.36.126:34366, dc7ea896-6e80-4fed-8727-08f73144b1fc:192.168.36.126:42983, a824d2a0-4471-4a6f-a232-f84ec650292b:192.168.36.126:37611], old=null
2019-09-25 05:19:55,285 [8d1936ad-7e22-483e-8301-a12de2cdc2b5@group-E9952EC7D1B9:LeaderElection62] INFO  impl.LeaderElection (LeaderElection.java:askForVotes(182)) - 8d1936ad-7e22-483e-8301-a12de2cdc2b5@group-E9952EC7D1B9:LeaderElection62: begin an election at term 6 for -1: [8d1936ad-7e22-483e-8301-a12de2cdc2b5:192.168.36.126:34366, dc7ea896-6e80-4fed-8727-08f73144b1fc:192.168.36.126:42983, a824d2a0-4471-4a6f-a232-f84ec650292b:192.168.36.126:37611], old=null
2019-09-25 05:19:55,287 [ece43ade-c7f6-4378-8dfa-fbe6a8ab43cf@group-0A753E062AF5:LeaderElection58] INFO  impl.LeaderElection (LeaderElection.java:logAndReturn(56)) - ece43ade-c7f6-4378-8dfa-fbe6a8ab43cf@group-0A753E062AF5:LeaderElection58: Election REJECTED; received 2 response(s) [ece43ade-c7f6-4378-8dfa-fbe6a8ab43cf<-6e4b8f72-2d03-4335-a109-8ce1569ec549#0:FAIL-t6, ece43ade-c7f6-4378-8dfa-fbe6a8ab43cf<-a7793eff-ada5-4527-9e0b-a0fd078cd21b#0:FAIL-t6] and 0 exception(s); ece43ade-c7f6-4378-8dfa-fbe6a8ab43cf@group-0A753E062AF5:t6, leader=null, voted=ece43ade-c7f6-4378-8dfa-fbe6a8ab43cf, raftlog=ece43ade-c7f6-4378-8dfa-fbe6a8ab43cf@group-0A753E062AF5-SegmentedRaftLog:OPENED:c-1,f-1,i0, conf=-1: [6e4b8f72-2d03-4335-a109-8ce1569ec549:192.168.36.126:38179, a7793eff-ada5-4527-9e0b-a0fd078cd21b:192.168.36.126:36914, ece43ade-c7f6-4378-8dfa-fbe6a8ab43cf:192.168.36.126:41805], old=null
2019-09-25 05:19:55,287 [ece43ade-c7f6-4378-8dfa-fbe6a8ab43cf@group-0A753E062AF5:LeaderElection58] INFO  impl.RaftServerImpl (RaftServerImpl.java:setRole(174)) - ece43ade-c7f6-4378-8dfa-fbe6a8ab43cf@group-0A753E062AF5: changes role from CANDIDATE to FOLLOWER at term 6 for DISCOVERED_A_NEW_TERM
2019-09-25 05:19:55,288 [ece43ade-c7f6-4378-8dfa-fbe6a8ab43cf@group-0A753E062AF5:LeaderElection58] INFO  impl.RoleInfo (RoleInfo.java:shutdownLeaderElection(134)) - ece43ade-c7f6-4378-8dfa-fbe6a8ab43cf: shutdown LeaderElection
2019-09-25 05:19:55,288 [ece43ade-c7f6-4378-8dfa-fbe6a8ab43cf@group-0A753E062AF5:LeaderElection58] INFO  impl.RoleInfo (RoleInfo.java:updateAndGet(143)) - ece43ade-c7f6-4378-8dfa-fbe6a8ab43cf: start FollowerState
2019-09-25 05:19:55,290 [dc7ea896-6e80-4fed-8727-08f73144b1fc@group-E9952EC7D1B9:LeaderElection60] INFO  impl.LeaderElection (LeaderElection.java:logAndReturn(56)) - dc7ea896-6e80-4fed-8727-08f73144b1fc@group-E9952EC7D1B9:LeaderElection60: Election REJECTED; received 2 response(s) [dc7ea896-6e80-4fed-8727-08f73144b1fc<-8d1936ad-7e22-483e-8301-a12de2cdc2b5#0:FAIL-t6, dc7ea896-6e80-4fed-8727-08f73144b1fc<-a824d2a0-4471-4a6f-a232-f84ec650292b#0:FAIL-t6] and 0 exception(s); dc7ea896-6e80-4fed-8727-08f73144b1fc@group-E9952EC7D1B9:t6, leader=null, voted=dc7ea896-6e80-4fed-8727-08f73144b1fc, raftlog=dc7ea896-6e80-4fed-8727-08f73144b1fc@group-E9952EC7D1B9-SegmentedRaftLog:OPENED:c-1,f-1,i0, conf=-1: [8d1936ad-7e22-483e-8301-a12de2cdc2b5:192.168.36.126:34366, dc7ea896-6e80-4fed-8727-08f73144b1fc:192.168.36.126:42983, a824d2a0-4471-4a6f-a232-f84ec650292b:192.168.36.126:37611], old=null
2019-09-25 05:19:55,291 [dc7ea896-6e80-4fed-8727-08f73144b1fc@group-E9952EC7D1B9:LeaderElection60] INFO  impl.RaftServerImpl (RaftServerImpl.java:setRole(174)) - dc7ea896-6e80-4fed-8727-08f73144b1fc@group-E9952EC7D1B9: changes role from CANDIDATE to FOLLOWER at term 6 for DISCOVERED_A_NEW_TERM
2019-09-25 05:19:55,291 [dc7ea896-6e80-4fed-8727-08f73144b1fc@group-E9952EC7D1B9:LeaderElection60] INFO  impl.RoleInfo (RoleInfo.java:shutdownLeaderElection(134)) - dc7ea896-6e80-4fed-8727-08f73144b1fc: shutdown LeaderElection
2019-09-25 05:19:55,291 [dc7ea896-6e80-4fed-8727-08f73144b1fc@group-E9952EC7D1B9:LeaderElection60] INFO  impl.RoleInfo (RoleInfo.java:updateAndGet(143)) - dc7ea896-6e80-4fed-8727-08f73144b1fc: start FollowerState
2019-09-25 05:19:55,292 [a7793eff-ada5-4527-9e0b-a0fd078cd21b@group-0A753E062AF5:LeaderElection63] INFO  impl.LeaderElection (LeaderElection.java:logAndReturn(56)) - a7793eff-ada5-4527-9e0b-a0fd078cd21b@group-0A753E062AF5:LeaderElection63: Election REJECTED; received 2 response(s) [a7793eff-ada5-4527-9e0b-a0fd078cd21b<-6e4b8f72-2d03-4335-a109-8ce1569ec549#0:FAIL-t6, a7793eff-ada5-4527-9e0b-a0fd078cd21b<-ece43ade-c7f6-4378-8dfa-fbe6a8ab43cf#0:FAIL-t6] and 0 exception(s); a7793eff-ada5-4527-9e0b-a0fd078cd21b@group-0A753E062AF5:t6, leader=null, voted=a7793eff-ada5-4527-9e0b-a0fd078cd21b, raftlog=a7793eff-ada5-4527-9e0b-a0fd078cd21b@group-0A753E062AF5-SegmentedRaftLog:OPENED:c-1,f-1,i0, conf=-1: [6e4b8f72-2d03-4335-a109-8ce1569ec549:192.168.36.126:38179, a7793eff-ada5-4527-9e0b-a0fd078cd21b:192.168.36.126:36914, ece43ade-c7f6-4378-8dfa-fbe6a8ab43cf:192.168.36.126:41805], old=null
2019-09-25 05:19:55,292 [a7793eff-ada5-4527-9e0b-a0fd078cd21b@group-0A753E062AF5:LeaderElection63] INFO  impl.RaftServerImpl (RaftServerImpl.java:setRole(174)) - a7793eff-ada5-4527-9e0b-a0fd078cd21b@group-0A753E062AF5: changes role from CANDIDATE to FOLLOWER at term 6 for DISCOVERED_A_NEW_TERM
2019-09-25 05:19:55,292 [a7793eff-ada5-4527-9e0b-a0fd078cd21b@group-0A753E062AF5:LeaderElection63] INFO  impl.RoleInfo (RoleInfo.java:shutdownLeaderElection(134)) - a7793eff-ada5-4527-9e0b-a0fd078cd21b: shutdown LeaderElection
2019-09-25 05:19:55,292 [a7793eff-ada5-4527-9e0b-a0fd078cd21b@group-0A753E062AF5:LeaderElection63] INFO  impl.RoleInfo (RoleInfo.java:updateAndGet(143)) - a7793eff-ada5-4527-9e0b-a0fd078cd21b: start FollowerState
2019-09-25 05:19:55,294 [8d1936ad-7e22-483e-8301-a12de2cdc2b5@group-E9952EC7D1B9:LeaderElection62] INFO  impl.LeaderElection (LeaderElection.java:logAndReturn(56)) - 8d1936ad-7e22-483e-8301-a12de2cdc2b5@group-E9952EC7D1B9:LeaderElection62: Election REJECTED; received 2 response(s) [8d1936ad-7e22-483e-8301-a12de2cdc2b5<-dc7ea896-6e80-4fed-8727-08f73144b1fc#0:FAIL-t6, 8d1936ad-7e22-483e-8301-a12de2cdc2b5<-a824d2a0-4471-4a6f-a232-f84ec650292b#0:FAIL-t6] and 0 exception(s); 8d1936ad-7e22-483e-8301-a12de2cdc2b5@group-E9952EC7D1B9:t6, leader=null, voted=8d1936ad-7e22-483e-8301-a12de2cdc2b5, raftlog=8d1936ad-7e22-483e-8301-a12de2cdc2b5@group-E9952EC7D1B9-SegmentedRaftLog:OPENED:c-1,f-1,i0, conf=-1: [8d1936ad-7e22-483e-8301-a12de2cdc2b5:192.168.36.126:34366, dc7ea896-6e80-4fed-8727-08f73144b1fc:192.168.36.126:42983, a824d2a0-4471-4a6f-a232-f84ec650292b:192.168.36.126:37611], old=null
2019-09-25 05:19:55,294 [a824d2a0-4471-4a6f-a232-f84ec650292b@group-E9952EC7D1B9:LeaderElection61] INFO  impl.LeaderElection (LeaderElection.java:logAndReturn(56)) - a824d2a0-4471-4a6f-a232-f84ec650292b@group-E9952EC7D1B9:LeaderElection61: Election REJECTED; received 2 response(s) [a824d2a0-4471-4a6f-a232-f84ec650292b<-8d1936ad-7e22-483e-8301-a12de2cdc2b5#0:FAIL-t6, a824d2a0-4471-4a6f-a232-f84ec650292b<-dc7ea896-6e80-4fed-8727-08f73144b1fc#0:FAIL-t6] and 0 exception(s); a824d2a0-4471-4a6f-a232-f84ec650292b@group-E9952EC7D1B9:t6, leader=null, voted=a824d2a0-4471-4a6f-a232-f84ec650292b, raftlog=a824d2a0-4471-4a6f-a232-f84ec650292b@group-E9952EC7D1B9-SegmentedRaftLog:OPENED:c-1,f-1,i0, conf=-1: [8d1936ad-7e22-483e-8301-a12de2cdc2b5:192.168.36.126:34366, dc7ea896-6e80-4fed-8727-08f73144b1fc:192.168.36.126:42983, a824d2a0-4471-4a6f-a232-f84ec650292b:192.168.36.126:37611], old=null
2019-09-25 05:19:55,294 [8d1936ad-7e22-483e-8301-a12de2cdc2b5@group-E9952EC7D1B9:LeaderElection62] INFO  impl.RaftServerImpl (RaftServerImpl.java:setRole(174)) - 8d1936ad-7e22-483e-8301-a12de2cdc2b5@group-E9952EC7D1B9: changes role from CANDIDATE to FOLLOWER at term 6 for DISCOVERED_A_NEW_TERM
2019-09-25 05:19:55,294 [8d1936ad-7e22-483e-8301-a12de2cdc2b5@group-E9952EC7D1B9:LeaderElection62] INFO  impl.RoleInfo (RoleInfo.java:shutdownLeaderElection(134)) - 8d1936ad-7e22-483e-8301-a12de2cdc2b5: shutdown LeaderElection
2019-09-25 05:19:55,294 [6e4b8f72-2d03-4335-a109-8ce1569ec549@group-0A753E062AF5:LeaderElection59] INFO  impl.LeaderElection (LeaderElection.java:logAndReturn(56)) - 6e4b8f72-2d03-4335-a109-8ce1569ec549@group-0A753E062AF5:LeaderElection59: Election REJECTED; received 2 response(s) [6e4b8f72-2d03-4335-a109-8ce1569ec549<-a7793eff-ada5-4527-9e0b-a0fd078cd21b#0:FAIL-t6, 6e4b8f72-2d03-4335-a109-8ce1569ec549<-ece43ade-c7f6-4378-8dfa-fbe6a8ab43cf#0:FAIL-t6] and 0 exception(s); 6e4b8f72-2d03-4335-a109-8ce1569ec549@group-0A753E062AF5:t6, leader=null, voted=6e4b8f72-2d03-4335-a109-8ce1569ec549, raftlog=6e4b8f72-2d03-4335-a109-8ce1569ec549@group-0A753E062AF5-SegmentedRaftLog:OPENED:c-1,f-1,i0, conf=-1: [6e4b8f72-2d03-4335-a109-8ce1569ec549:192.168.36.126:38179, a7793eff-ada5-4527-9e0b-a0fd078cd21b:192.168.36.126:36914, ece43ade-c7f6-4378-8dfa-fbe6a8ab43cf:192.168.36.126:41805], old=null
2019-09-25 05:19:55,294 [8d1936ad-7e22-483e-8301-a12de2cdc2b5@group-E9952EC7D1B9:LeaderElection62] INFO  impl.RoleInfo (RoleInfo.java:updateAndGet(143)) - 8d1936ad-7e22-483e-8301-a12de2cdc2b5: start FollowerState
2019-09-25 05:19:55,294 [a824d2a0-4471-4a6f-a232-f84ec650292b@group-E9952EC7D1B9:LeaderElection61] INFO  impl.RaftServerImpl (RaftServerImpl.java:setRole(174)) - a824d2a0-4471-4a6f-a232-f84ec650292b@group-E9952EC7D1B9: changes role from CANDIDATE to FOLLOWER at term 6 for DISCOVERED_A_NEW_TERM
2019-09-25 05:19:55,294 [6e4b8f72-2d03-4335-a109-8ce1569ec549@group-0A753E062AF5:LeaderElection59] INFO  impl.RaftServerImpl (RaftServerImpl.java:setRole(174)) - 6e4b8f72-2d03-4335-a109-8ce1569ec549@group-0A753E062AF5: changes role from CANDIDATE to FOLLOWER at term 6 for DISCOVERED_A_NEW_TERM
2019-09-25 05:19:55,295 [a824d2a0-4471-4a6f-a232-f84ec650292b@group-E9952EC7D1B9:LeaderElection61] INFO  impl.RoleInfo (RoleInfo.java:shutdownLeaderElection(134)) - a824d2a0-4471-4a6f-a232-f84ec650292b: shutdown LeaderElection
2019-09-25 05:19:55,295 [6e4b8f72-2d03-4335-a109-8ce1569ec549@group-0A753E062AF5:LeaderElection59] INFO  impl.RoleInfo (RoleInfo.java:shutdownLeaderElection(134)) - 6e4b8f72-2d03-4335-a109-8ce1569ec549: shutdown LeaderElection
2019-09-25 05:19:55,295 [a824d2a0-4471-4a6f-a232-f84ec650292b@group-E9952EC7D1B9:LeaderElection61] INFO  impl.RoleInfo (RoleInfo.java:updateAndGet(143)) - a824d2a0-4471-4a6f-a232-f84ec650292b: start FollowerState
2019-09-25 05:19:55,295 [6e4b8f72-2d03-4335-a109-8ce1569ec549@group-0A753E062AF5:LeaderElection59] INFO  impl.RoleInfo (RoleInfo.java:updateAndGet(143)) - 6e4b8f72-2d03-4335-a109-8ce1569ec549: start FollowerState
2019-09-25 05:20:00,015 [Thread-632] INFO  impl.FollowerState (FollowerState.java:run(106)) - ece43ade-c7f6-4378-8dfa-fbe6a8ab43cf:group-74FCAC2063C8 changes to CANDIDATE, lastRpcTime:5022, electionTimeout:5021ms
2019-09-25 05:20:00,015 [Thread-632] INFO  impl.RoleInfo (RoleInfo.java:shutdownFollowerState(121)) - ece43ade-c7f6-4378-8dfa-fbe6a8ab43cf: shutdown FollowerState
2019-09-25 05:20:00,016 [Thread-632] INFO  impl.RaftServerImpl (RaftServerImpl.java:setRole(174)) - ece43ade-c7f6-4378-8dfa-fbe6a8ab43cf@group-74FCAC2063C8: changes role from  FOLLOWER to CANDIDATE at term 6 for changeToCandidate
2019-09-25 05:20:00,016 [Thread-632] INFO  impl.RoleInfo (RoleInfo.java:updateAndGet(143)) - ece43ade-c7f6-4378-8dfa-fbe6a8ab43cf: start LeaderElection
2019-09-25 05:20:00,163 [Thread-633] INFO  impl.FollowerState (FollowerState.java:run(106)) - 6e4b8f72-2d03-4335-a109-8ce1569ec549:group-74FCAC2063C8 changes to CANDIDATE, lastRpcTime:5170, electionTimeout:5169ms
2019-09-25 05:20:00,164 [Thread-633] INFO  impl.RoleInfo (RoleInfo.java:shutdownFollowerState(121)) - 6e4b8f72-2d03-4335-a109-8ce1569ec549: shutdown FollowerState
2019-09-25 05:20:00,164 [Thread-633] INFO  impl.RaftServerImpl (RaftServerImpl.java:setRole(174)) - 6e4b8f72-2d03-4335-a109-8ce1569ec549@group-74FCAC2063C8: changes role from  FOLLOWER to CANDIDATE at term 6 for changeToCandidate
2019-09-25 05:20:00,164 [Thread-633] INFO  impl.RoleInfo (RoleInfo.java:updateAndGet(143)) - 6e4b8f72-2d03-4335-a109-8ce1569ec549: start LeaderElection
2019-09-25 05:20:00,184 [Thread-634] INFO  impl.FollowerState (FollowerState.java:run(106)) - a7793eff-ada5-4527-9e0b-a0fd078cd21b:group-74FCAC2063C8 changes to CANDIDATE, lastRpcTime:5190, electionTimeout:5190ms
2019-09-25 05:20:00,184 [Thread-634] INFO  impl.RoleInfo (RoleInfo.java:shutdownFollowerState(121)) - a7793eff-ada5-4527-9e0b-a0fd078cd21b: shutdown FollowerState
2019-09-25 05:20:00,185 [Thread-634] INFO  impl.RaftServerImpl (RaftServerImpl.java:setRole(174)) - a7793eff-ada5-4527-9e0b-a0fd078cd21b@group-74FCAC2063C8: changes role from  FOLLOWER to CANDIDATE at term 6 for changeToCandidate
2019-09-25 05:20:00,185 [Thread-634] INFO  impl.RoleInfo (RoleInfo.java:updateAndGet(143)) - a7793eff-ada5-4527-9e0b-a0fd078cd21b: start LeaderElection
2019-09-25 05:20:00,312 [Thread-649] INFO  impl.FollowerState (FollowerState.java:run(106)) - a824d2a0-4471-4a6f-a232-f84ec650292b:group-E9952EC7D1B9 changes to CANDIDATE, lastRpcTime:5016, electionTimeout:5016ms
2019-09-25 05:20:00,312 [Thread-649] INFO  impl.RoleInfo (RoleInfo.java:shutdownFollowerState(121)) - a824d2a0-4471-4a6f-a232-f84ec650292b: shutdown FollowerState
2019-09-25 05:20:00,312 [Thread-649] INFO  impl.RaftServerImpl (RaftServerImpl.java:setRole(174)) - a824d2a0-4471-4a6f-a232-f84ec650292b@group-E9952EC7D1B9: changes role from  FOLLOWER to CANDIDATE at term 6 for changeToCandidate
2019-09-25 05:20:00,312 [Thread-649] INFO  impl.RoleInfo (RoleInfo.java:updateAndGet(143)) - a824d2a0-4471-4a6f-a232-f84ec650292b: start LeaderElection
2019-09-25 05:20:00,371 [Thread-650] INFO  impl.FollowerState (FollowerState.java:run(106)) - 6e4b8f72-2d03-4335-a109-8ce1569ec549:group-0A753E062AF5 changes to CANDIDATE, lastRpcTime:5075, electionTimeout:5075ms
2019-09-25 05:20:00,371 [Thread-650] INFO  impl.RoleInfo (RoleInfo.java:shutdownFollowerState(121)) - 6e4b8f72-2d03-4335-a109-8ce1569ec549: shutdown FollowerState
2019-09-25 05:20:00,371 [Thread-650] INFO  impl.RaftServerImpl (RaftServerImpl.java:setRole(174)) - 6e4b8f72-2d03-4335-a109-8ce1569ec549@group-0A753E062AF5: changes role from  FOLLOWER to CANDIDATE at term 6 for changeToCandidate
2019-09-25 05:20:00,371 [Thread-650] INFO  impl.RoleInfo (RoleInfo.java:updateAndGet(143)) - 6e4b8f72-2d03-4335-a109-8ce1569ec549: start LeaderElection
2019-09-25 05:20:00,432 [Thread-648] INFO  impl.FollowerState (FollowerState.java:run(106)) - 8d1936ad-7e22-483e-8301-a12de2cdc2b5:group-E9952EC7D1B9 changes to CANDIDATE, lastRpcTime:5137, electionTimeout:5137ms
2019-09-25 05:20:00,432 [Thread-648] INFO  impl.RoleInfo (RoleInfo.java:shutdownFollowerState(121)) - 8d1936ad-7e22-483e-8301-a12de2cdc2b5: shutdown FollowerState
2019-09-25 05:20:00,433 [Thread-648] INFO  impl.RaftServerImpl (RaftServerImpl.java:setRole(174)) - 8d1936ad-7e22-483e-8301-a12de2cdc2b5@group-E9952EC7D1B9: changes role from  FOLLOWER to CANDIDATE at term 6 for changeToCandidate
2019-09-25 05:20:00,433 [Thread-648] INFO  impl.RoleInfo (RoleInfo.java:updateAndGet(143)) - 8d1936ad-7e22-483e-8301-a12de2cdc2b5: start LeaderElection
2019-09-25 05:20:00,443 [Thread-645] INFO  impl.FollowerState (FollowerState.java:run(106)) - ece43ade-c7f6-4378-8dfa-fbe6a8ab43cf:group-0A753E062AF5 changes to CANDIDATE, lastRpcTime:5154, electionTimeout:5154ms
2019-09-25 05:20:00,443 [Thread-645] INFO  impl.RoleInfo (RoleInfo.java:shutdownFollowerState(121)) - ece43ade-c7f6-4378-8dfa-fbe6a8ab43cf: shutdown FollowerState
2019-09-25 05:20:00,443 [Thread-645] INFO  impl.RaftServerImpl (RaftServerImpl.java:setRole(174)) - ece43ade-c7f6-4378-8dfa-fbe6a8ab43cf@group-0A753E062AF5: changes role from  FOLLOWER to CANDIDATE at term 6 for changeToCandidate
2019-09-25 05:20:00,443 [Thread-645] INFO  impl.RoleInfo (RoleInfo.java:updateAndGet(143)) - ece43ade-c7f6-4378-8dfa-fbe6a8ab43cf: start LeaderElection
2019-09-25 05:20:00,466 [Thread-646] INFO  impl.FollowerState (FollowerState.java:run(106)) - dc7ea896-6e80-4fed-8727-08f73144b1fc:group-E9952EC7D1B9 changes to CANDIDATE, lastRpcTime:5174, electionTimeout:5174ms
2019-09-25 05:20:00,466 [Thread-646] INFO  impl.RoleInfo (RoleInfo.java:shutdownFollowerState(121)) - dc7ea896-6e80-4fed-8727-08f73144b1fc: shutdown FollowerState
2019-09-25 05:20:00,466 [Thread-646] INFO  impl.RaftServerImpl (RaftServerImpl.java:setRole(174)) - dc7ea896-6e80-4fed-8727-08f73144b1fc@group-E9952EC7D1B9: changes role from  FOLLOWER to CANDIDATE at term 6 for changeToCandidate
2019-09-25 05:20:00,466 [Thread-646] INFO  impl.RoleInfo (RoleInfo.java:updateAndGet(143)) - dc7ea896-6e80-4fed-8727-08f73144b1fc: start LeaderElection
2019-09-25 05:20:00,472 [Thread-647] INFO  impl.FollowerState (FollowerState.java:run(106)) - a7793eff-ada5-4527-9e0b-a0fd078cd21b:group-0A753E062AF5 changes to CANDIDATE, lastRpcTime:5179, electionTimeout:5179ms
2019-09-25 05:20:00,472 [Thread-647] INFO  impl.RoleInfo (RoleInfo.java:shutdownFollowerState(121)) - a7793eff-ada5-4527-9e0b-a0fd078cd21b: shutdown FollowerState
2019-09-25 05:20:00,472 [Thread-647] INFO  impl.RaftServerImpl (RaftServerImpl.java:setRole(174)) - a7793eff-ada5-4527-9e0b-a0fd078cd21b@group-0A753E062AF5: changes role from  FOLLOWER to CANDIDATE at term 6 for changeToCandidate
2019-09-25 05:20:00,472 [Thread-647] INFO  impl.RoleInfo (RoleInfo.java:updateAndGet(143)) - a7793eff-ada5-4527-9e0b-a0fd078cd21b: start LeaderElection
2019-09-25 05:20:01,146 [grpc-default-executor-0] INFO  impl.RaftServerProxy (RaftServerProxy.java:remove(95)) - a7793eff-ada5-4527-9e0b-a0fd078cd21b: remove  FOLLOWER a7793eff-ada5-4527-9e0b-a0fd078cd21b@group-8C538AEF5C3F:t3, leader=6e4b8f72-2d03-4335-a109-8ce1569ec549, voted=a7793eff-ada5-4527-9e0b-a0fd078cd21b, raftlog=a7793eff-ada5-4527-9e0b-a0fd078cd21b@group-8C538AEF5C3F-SegmentedRaftLog:OPENED:c0,f0,i0, conf=0: [6e4b8f72-2d03-4335-a109-8ce1569ec549:192.168.36.126:38179, a7793eff-ada5-4527-9e0b-a0fd078cd21b:192.168.36.126:36914, ece43ade-c7f6-4378-8dfa-fbe6a8ab43cf:192.168.36.126:41805], old=null RUNNING
2019-09-25 05:20:01,154 [grpc-default-executor-0] INFO  impl.RaftServerImpl (RaftServerImpl.java:lambda$shutdown$3(251)) - a7793eff-ada5-4527-9e0b-a0fd078cd21b@group-8C538AEF5C3F: shutdown
2019-09-25 05:20:01,155 [grpc-default-executor-0] INFO  util.JmxRegister (JmxRegister.java:unregister(73)) - Successfully un-registered JMX Bean with object name Ratis:service=RaftServer,group=group-8C538AEF5C3F,id=a7793eff-ada5-4527-9e0b-a0fd078cd21b
2019-09-25 05:20:01,155 [grpc-default-executor-0] INFO  impl.RoleInfo (RoleInfo.java:shutdownFollowerState(121)) - a7793eff-ada5-4527-9e0b-a0fd078cd21b: shutdown FollowerState
2019-09-25 05:20:01,155 [grpc-default-executor-0] INFO  impl.StateMachineUpdater (StateMachineUpdater.java:stopAndJoin(125)) - a7793eff-ada5-4527-9e0b-a0fd078cd21b@group-8C538AEF5C3F-StateMachineUpdater: set stopIndex = 0
2019-09-25 05:20:01,155 [Thread-422] INFO  impl.FollowerState (FollowerState.java:run(115)) - a7793eff-ada5-4527-9e0b-a0fd078cd21b: FollowerState was interrupted: java.lang.InterruptedException: sleep interrupted
2019-09-25 05:20:01,156 [grpc-default-executor-0] INFO  impl.RaftServerImpl (ServerState.java:close(385)) - a7793eff-ada5-4527-9e0b-a0fd078cd21b@group-8C538AEF5C3F: closes. applyIndex: 0
2019-09-25 05:20:01,159 [a7793eff-ada5-4527-9e0b-a0fd078cd21b@group-8C538AEF5C3F-SegmentedRaftLogWorker] INFO  segmented.SegmentedRaftLogWorker (SegmentedRaftLogWorker.java:run(313)) - a7793eff-ada5-4527-9e0b-a0fd078cd21b@group-8C538AEF5C3F-SegmentedRaftLogWorker was interrupted, exiting. There are 0 tasks remaining in the queue.
2019-09-25 05:20:01,162 [grpc-default-executor-0] INFO  segmented.SegmentedRaftLogWorker (SegmentedRaftLogWorker.java:close(228)) - a7793eff-ada5-4527-9e0b-a0fd078cd21b@group-8C538AEF5C3F-SegmentedRaftLogWorker close()
2019-09-25 05:20:01,179 [grpc-default-executor-0] INFO  impl.RaftServerProxy (RaftServerProxy.java:remove(95)) - a7793eff-ada5-4527-9e0b-a0fd078cd21b: remove CANDIDATE a7793eff-ada5-4527-9e0b-a0fd078cd21b@group-74FCAC2063C8:t7, leader=null, voted=a7793eff-ada5-4527-9e0b-a0fd078cd21b, raftlog=a7793eff-ada5-4527-9e0b-a0fd078cd21b@group-74FCAC2063C8-SegmentedRaftLog:OPENED:c-1,f-1,i0, conf=-1: [6e4b8f72-2d03-4335-a109-8ce1569ec549:192.168.36.126:38179, a7793eff-ada5-4527-9e0b-a0fd078cd21b:192.168.36.126:36914, ece43ade-c7f6-4378-8dfa-fbe6a8ab43cf:192.168.36.126:41805], old=null RUNNING
2019-09-25 05:20:01,179 [grpc-default-executor-0] INFO  impl.RaftServerImpl (RaftServerImpl.java:lambda$shutdown$3(251)) - a7793eff-ada5-4527-9e0b-a0fd078cd21b@group-74FCAC2063C8: shutdown
2019-09-25 05:20:01,180 [grpc-default-executor-0] INFO  util.JmxRegister (JmxRegister.java:unregister(73)) - Successfully un-registered JMX Bean with object name Ratis:service=RaftServer,group=group-74FCAC2063C8,id=a7793eff-ada5-4527-9e0b-a0fd078cd21b
2019-09-25 05:20:01,180 [grpc-default-executor-0] INFO  impl.RoleInfo (RoleInfo.java:shutdownLeaderElection(134)) - a7793eff-ada5-4527-9e0b-a0fd078cd21b: shutdown LeaderElection
2019-09-25 05:20:01,180 [grpc-default-executor-0] INFO  impl.StateMachineUpdater (StateMachineUpdater.java:stopAndJoin(125)) - a7793eff-ada5-4527-9e0b-a0fd078cd21b@group-74FCAC2063C8-StateMachineUpdater: set stopIndex = -1
2019-09-25 05:20:01,181 [grpc-default-executor-0] INFO  impl.RaftServerImpl (ServerState.java:close(385)) - a7793eff-ada5-4527-9e0b-a0fd078cd21b@group-74FCAC2063C8: closes. applyIndex: -1
2019-09-25 05:20:01,181 [a7793eff-ada5-4527-9e0b-a0fd078cd21b@group-74FCAC2063C8-SegmentedRaftLogWorker] INFO  segmented.SegmentedRaftLogWorker (SegmentedRaftLogWorker.java:run(313)) - a7793eff-ada5-4527-9e0b-a0fd078cd21b@group-74FCAC2063C8-SegmentedRaftLogWorker was interrupted, exiting. There are 0 tasks remaining in the queue.
2019-09-25 05:20:01,181 [grpc-default-executor-0] INFO  segmented.SegmentedRaftLogWorker (SegmentedRaftLogWorker.java:close(228)) - a7793eff-ada5-4527-9e0b-a0fd078cd21b@group-74FCAC2063C8-SegmentedRaftLogWorker close()
2019-09-25 05:20:05,562 [ece43ade-c7f6-4378-8dfa-fbe6a8ab43cf@group-74FCAC2063C8:LeaderElection64] INFO  impl.LeaderElection (LeaderElection.java:askForVotes(182)) - ece43ade-c7f6-4378-8dfa-fbe6a8ab43cf@group-74FCAC2063C8:LeaderElection64: begin an election at term 7 for -1: [6e4b8f72-2d03-4335-a109-8ce1569ec549:192.168.36.126:38179, a7793eff-ada5-4527-9e0b-a0fd078cd21b:192.168.36.126:36914, ece43ade-c7f6-4378-8dfa-fbe6a8ab43cf:192.168.36.126:41805], old=null
2019-09-25 05:20:05,562 [ece43ade-c7f6-4378-8dfa-fbe6a8ab43cf@group-0A753E062AF5:LeaderElection70] INFO  impl.LeaderElection (LeaderElection.java:askForVotes(182)) - ece43ade-c7f6-4378-8dfa-fbe6a8ab43cf@group-0A753E062AF5:LeaderElection70: begin an election at term 7 for -1: [6e4b8f72-2d03-4335-a109-8ce1569ec549:192.168.36.126:38179, a7793eff-ada5-4527-9e0b-a0fd078cd21b:192.168.36.126:36914, ece43ade-c7f6-4378-8dfa-fbe6a8ab43cf:192.168.36.126:41805], old=null
2019-09-25 05:20:05,562 [6e4b8f72-2d03-4335-a109-8ce1569ec549@group-74FCAC2063C8:LeaderElection65] INFO  impl.LeaderElection (LeaderElection.java:askForVotes(182)) - 6e4b8f72-2d03-4335-a109-8ce1569ec549@group-74FCAC2063C8:LeaderElection65: begin an election at term 7 for -1: [6e4b8f72-2d03-4335-a109-8ce1569ec549:192.168.36.126:38179, a7793eff-ada5-4527-9e0b-a0fd078cd21b:192.168.36.126:36914, ece43ade-c7f6-4378-8dfa-fbe6a8ab43cf:192.168.36.126:41805], old=null
2019-09-25 05:20:05,562 [6e4b8f72-2d03-4335-a109-8ce1569ec549@group-0A753E062AF5:LeaderElection68] INFO  impl.LeaderElection (LeaderElection.java:askForVotes(182)) - 6e4b8f72-2d03-4335-a109-8ce1569ec549@group-0A753E062AF5:LeaderElection68: begin an election at term 7 for -1: [6e4b8f72-2d03-4335-a109-8ce1569ec549:192.168.36.126:38179, a7793eff-ada5-4527-9e0b-a0fd078cd21b:192.168.36.126:36914, ece43ade-c7f6-4378-8dfa-fbe6a8ab43cf:192.168.36.126:41805], old=null
2019-09-25 05:20:05,562 [a7793eff-ada5-4527-9e0b-a0fd078cd21b@group-0A753E062AF5:LeaderElection72] INFO  impl.LeaderElection (LeaderElection.java:askForVotes(182)) - a7793eff-ada5-4527-9e0b-a0fd078cd21b@group-0A753E062AF5:LeaderElection72: begin an election at term 7 for -1: [6e4b8f72-2d03-4335-a109-8ce1569ec549:192.168.36.126:38179, a7793eff-ada5-4527-9e0b-a0fd078cd21b:192.168.36.126:36914, ece43ade-c7f6-4378-8dfa-fbe6a8ab43cf:192.168.36.126:41805], old=null
2019-09-25 05:20:05,562 [dc7ea896-6e80-4fed-8727-08f73144b1fc@group-E9952EC7D1B9:LeaderElection71] INFO  impl.LeaderElection (LeaderElection.java:askForVotes(182)) - dc7ea896-6e80-4fed-8727-08f73144b1fc@group-E9952EC7D1B9:LeaderElection71: begin an election at term 7 for -1: [8d1936ad-7e22-483e-8301-a12de2cdc2b5:192.168.36.126:34366, dc7ea896-6e80-4fed-8727-08f73144b1fc:192.168.36.126:42983, a824d2a0-4471-4a6f-a232-f84ec650292b:192.168.36.126:37611], old=null
2019-09-25 05:20:05,562 [8d1936ad-7e22-483e-8301-a12de2cdc2b5@group-E9952EC7D1B9:LeaderElection69] INFO  impl.LeaderElection (LeaderElection.java:askForVotes(182)) - 8d1936ad-7e22-483e-8301-a12de2cdc2b5@group-E9952EC7D1B9:LeaderElection69: begin an election at term 7 for -1: [8d1936ad-7e22-483e-8301-a12de2cdc2b5:192.168.36.126:34366, dc7ea896-6e80-4fed-8727-08f73144b1fc:192.168.36.126:42983, a824d2a0-4471-4a6f-a232-f84ec650292b:192.168.36.126:37611], old=null
2019-09-25 05:20:05,562 [a824d2a0-4471-4a6f-a232-f84ec650292b@group-E9952EC7D1B9:LeaderElection67] INFO  impl.LeaderElection (LeaderElection.java:askForVotes(182)) - a824d2a0-4471-4a6f-a232-f84ec650292b@group-E9952EC7D1B9:LeaderElection67: begin an election at term 7 for -1: [8d1936ad-7e22-483e-8301-a12de2cdc2b5:192.168.36.126:34366, dc7ea896-6e80-4fed-8727-08f73144b1fc:192.168.36.126:42983, a824d2a0-4471-4a6f-a232-f84ec650292b:192.168.36.126:37611], old=null
2019-09-25 05:20:05,566 [a7793eff-ada5-4527-9e0b-a0fd078cd21b@group-74FCAC2063C8:LeaderElection66] WARN  util.FileUtils (LogUtils.java:runAndLog(55)) - Failed to Files.move /workdir/hadoop-ozone/integration-test/target/test-dir/MiniOzoneClusterImpl-408040ea-8342-4e81-bd05-3c5316de8946/datanode-1/data/ratis/4e24fda3-bcb5-4874-966d-74fcac2063c8/current/raft-meta.tmp to /workdir/hadoop-ozone/integration-test/target/test-dir/MiniOzoneClusterImpl-408040ea-8342-4e81-bd05-3c5316de8946/datanode-1/data/ratis/4e24fda3-bcb5-4874-966d-74fcac2063c8/current/raft-meta: java.nio.file.NoSuchFileException: /workdir/hadoop-ozone/integration-test/target/test-dir/MiniOzoneClusterImpl-408040ea-8342-4e81-bd05-3c5316de8946/datanode-1/data/ratis/4e24fda3-bcb5-4874-966d-74fcac2063c8/current/raft-meta.tmp
2019-09-25 05:20:05,566 [a7793eff-ada5-4527-9e0b-a0fd078cd21b@group-74FCAC2063C8:LeaderElection66] WARN  util.AtomicFileOutputStream (AtomicFileOutputStream.java:abort(100)) - Unable to delete tmp file during abort /workdir/hadoop-ozone/integration-test/target/test-dir/MiniOzoneClusterImpl-408040ea-8342-4e81-bd05-3c5316de8946/datanode-1/data/ratis/4e24fda3-bcb5-4874-966d-74fcac2063c8/current/raft-meta.tmp
2019-09-25 05:20:05,568 [a7793eff-ada5-4527-9e0b-a0fd078cd21b@group-74FCAC2063C8:LeaderElection66] INFO  impl.LeaderElection (LogUtils.java:infoOrTrace(149)) - Failed a7793eff-ada5-4527-9e0b-a0fd078cd21b@group-74FCAC2063C8:LeaderElection66, state=CLOSING: {}
java.nio.file.NoSuchFileException: /workdir/hadoop-ozone/integration-test/target/test-dir/MiniOzoneClusterImpl-408040ea-8342-4e81-bd05-3c5316de8946/datanode-1/data/ratis/4e24fda3-bcb5-4874-966d-74fcac2063c8/current/raft-meta.tmp
	at sun.nio.fs.UnixException.translateToIOException(UnixException.java:86)
	at sun.nio.fs.UnixException.rethrowAsIOException(UnixException.java:102)
	at sun.nio.fs.UnixException.rethrowAsIOException(UnixException.java:107)
	at sun.nio.fs.UnixCopyFile.move(UnixCopyFile.java:409)
	at sun.nio.fs.UnixFileSystemProvider.move(UnixFileSystemProvider.java:262)
	at java.nio.file.Files.move(Files.java:1395)
	at org.apache.ratis.util.FileUtils.lambda$move$6(FileUtils.java:65)
	at org.apache.ratis.util.LogUtils.runAndLog(LogUtils.java:50)
	at org.apache.ratis.util.FileUtils.move(FileUtils.java:64)
	at org.apache.ratis.util.FileUtils.move(FileUtils.java:60)
	at org.apache.ratis.util.AtomicFileOutputStream.close(AtomicFileOutputStream.java:73)
	at org.apache.ratis.server.storage.MetaFile.writeFile(MetaFile.java:96)
	at org.apache.ratis.server.storage.MetaFile.set(MetaFile.java:75)
	at org.apache.ratis.server.raftlog.segmented.SegmentedRaftLog.writeMetadata(SegmentedRaftLog.java:449)
	at org.apache.ratis.server.impl.ServerState.persistMetadata(ServerState.java:230)
	at org.apache.ratis.server.impl.LeaderElection.askForVotes(LeaderElection.java:180)
	at org.apache.ratis.server.impl.LeaderElection.run(LeaderElection.java:133)
	at java.lang.Thread.run(Thread.java:748)
2019-09-25 05:20:05,569 [a7793eff-ada5-4527-9e0b-a0fd078cd21b@group-74FCAC2063C8:LeaderElection66] INFO  impl.LeaderElection (LeaderElection.java:run(140)) - a7793eff-ada5-4527-9e0b-a0fd078cd21b@group-74FCAC2063C8:LeaderElection66: NoSuchFileException is safely ignored since this is already CLOSING
2019-09-25 05:20:05,575 [grpc-default-executor-0] WARN  server.GrpcServerProtocolService (LogUtils.java:warn(136)) - a7793eff-ada5-4527-9e0b-a0fd078cd21b: Failed requestVote 6e4b8f72-2d03-4335-a109-8ce1569ec549->a7793eff-ada5-4527-9e0b-a0fd078cd21b#0
org.apache.ratis.protocol.GroupMismatchException: a7793eff-ada5-4527-9e0b-a0fd078cd21b: group-74FCAC2063C8 not found.
	at org.apache.ratis.server.impl.RaftServerProxy$ImplMap.get(RaftServerProxy.java:122)
	at org.apache.ratis.server.impl.RaftServerProxy.getImplFuture(RaftServerProxy.java:269)
	at org.apache.ratis.server.impl.RaftServerProxy.getImpl(RaftServerProxy.java:278)
	at org.apache.ratis.server.impl.RaftServerProxy.getImpl(RaftServerProxy.java:273)
	at org.apache.ratis.server.impl.RaftServerProxy.requestVote(RaftServerProxy.java:443)
	at org.apache.ratis.grpc.server.GrpcServerProtocolService.requestVote(GrpcServerProtocolService.java:142)
	at org.apache.ratis.proto.grpc.RaftServerProtocolServiceGrpc$MethodHandlers.invoke(RaftServerProtocolServiceGrpc.java:319)
	at org.apache.ratis.thirdparty.io.grpc.stub.ServerCalls$UnaryServerCallHandler$UnaryServerCallListener.onHalfClose(ServerCalls.java:171)
	at org.apache.ratis.thirdparty.io.grpc.internal.ServerCallImpl$ServerStreamListenerImpl.halfClosed(ServerCallImpl.java:283)
	at org.apache.ratis.thirdparty.io.grpc.internal.ServerImpl$JumpToApplicationThreadServerStreamListener$1HalfClosed.runInContext(ServerImpl.java:710)
	at org.apache.ratis.thirdparty.io.grpc.internal.ContextRunnable.run(ContextRunnable.java:37)
	at org.apache.ratis.thirdparty.io.grpc.internal.SerializingExecutor.run(SerializingExecutor.java:123)
	at java.util.concurrent.ThreadPoolExecutor.runWorker(ThreadPoolExecutor.java:1149)
	at java.util.concurrent.ThreadPoolExecutor$Worker.run(ThreadPoolExecutor.java:624)
	at java.lang.Thread.run(Thread.java:748)
2019-09-25 05:20:05,577 [6e4b8f72-2d03-4335-a109-8ce1569ec549@group-0A753E062AF5:LeaderElection68] INFO  impl.LeaderElection (LeaderElection.java:logAndReturn(56)) - 6e4b8f72-2d03-4335-a109-8ce1569ec549@group-0A753E062AF5:LeaderElection68: Election REJECTED; received 2 response(s) [6e4b8f72-2d03-4335-a109-8ce1569ec549<-a7793eff-ada5-4527-9e0b-a0fd078cd21b#0:FAIL-t7, 6e4b8f72-2d03-4335-a109-8ce1569ec549<-ece43ade-c7f6-4378-8dfa-fbe6a8ab43cf#0:FAIL-t7] and 0 exception(s); 6e4b8f72-2d03-4335-a109-8ce1569ec549@group-0A753E062AF5:t7, leader=null, voted=6e4b8f72-2d03-4335-a109-8ce1569ec549, raftlog=6e4b8f72-2d03-4335-a109-8ce1569ec549@group-0A753E062AF5-SegmentedRaftLog:OPENED:c-1,f-1,i0, conf=-1: [6e4b8f72-2d03-4335-a109-8ce1569ec549:192.168.36.126:38179, a7793eff-ada5-4527-9e0b-a0fd078cd21b:192.168.36.126:36914, ece43ade-c7f6-4378-8dfa-fbe6a8ab43cf:192.168.36.126:41805], old=null
2019-09-25 05:20:05,577 [a7793eff-ada5-4527-9e0b-a0fd078cd21b@group-0A753E062AF5:LeaderElection72] INFO  impl.LeaderElection (LeaderElection.java:logAndReturn(56)) - a7793eff-ada5-4527-9e0b-a0fd078cd21b@group-0A753E062AF5:LeaderElection72: Election REJECTED; received 2 response(s) [a7793eff-ada5-4527-9e0b-a0fd078cd21b<-6e4b8f72-2d03-4335-a109-8ce1569ec549#0:FAIL-t7, a7793eff-ada5-4527-9e0b-a0fd078cd21b<-ece43ade-c7f6-4378-8dfa-fbe6a8ab43cf#0:FAIL-t7] and 0 exception(s); a7793eff-ada5-4527-9e0b-a0fd078cd21b@group-0A753E062AF5:t7, leader=null, voted=a7793eff-ada5-4527-9e0b-a0fd078cd21b, raftlog=a7793eff-ada5-4527-9e0b-a0fd078cd21b@group-0A753E062AF5-SegmentedRaftLog:OPENED:c-1,f-1,i0, conf=-1: [6e4b8f72-2d03-4335-a109-8ce1569ec549:192.168.36.126:38179, a7793eff-ada5-4527-9e0b-a0fd078cd21b:192.168.36.126:36914, ece43ade-c7f6-4378-8dfa-fbe6a8ab43cf:192.168.36.126:41805], old=null
2019-09-25 05:20:05,578 [a7793eff-ada5-4527-9e0b-a0fd078cd21b@group-0A753E062AF5:LeaderElection72] INFO  impl.RaftServerImpl (RaftServerImpl.java:setRole(174)) - a7793eff-ada5-4527-9e0b-a0fd078cd21b@group-0A753E062AF5: changes role from CANDIDATE to FOLLOWER at term 7 for DISCOVERED_A_NEW_TERM
2019-09-25 05:20:05,578 [grpc-default-executor-6] WARN  server.GrpcServerProtocolService (LogUtils.java:warn(136)) - a7793eff-ada5-4527-9e0b-a0fd078cd21b: Failed requestVote ece43ade-c7f6-4378-8dfa-fbe6a8ab43cf->a7793eff-ada5-4527-9e0b-a0fd078cd21b#0
org.apache.ratis.protocol.GroupMismatchException: a7793eff-ada5-4527-9e0b-a0fd078cd21b: group-74FCAC2063C8 not found.
	at org.apache.ratis.server.impl.RaftServerProxy$ImplMap.get(RaftServerProxy.java:122)
	at org.apache.ratis.server.impl.RaftServerProxy.getImplFuture(RaftServerProxy.java:269)
	at org.apache.ratis.server.impl.RaftServerProxy.getImpl(RaftServerProxy.java:278)
	at org.apache.ratis.server.impl.RaftServerProxy.getImpl(RaftServerProxy.java:273)
	at org.apache.ratis.server.impl.RaftServerProxy.requestVote(RaftServerProxy.java:443)
	at org.apache.ratis.grpc.server.GrpcServerProtocolService.requestVote(GrpcServerProtocolService.java:142)
	at org.apache.ratis.proto.grpc.RaftServerProtocolServiceGrpc$MethodHandlers.invoke(RaftServerProtocolServiceGrpc.java:319)
	at org.apache.ratis.thirdparty.io.grpc.stub.ServerCalls$UnaryServerCallHandler$UnaryServerCallListener.onHalfClose(ServerCalls.java:171)
	at org.apache.ratis.thirdparty.io.grpc.internal.ServerCallImpl$ServerStreamListenerImpl.halfClosed(ServerCallImpl.java:283)
	at org.apache.ratis.thirdparty.io.grpc.internal.ServerImpl$JumpToApplicationThreadServerStreamListener$1HalfClosed.runInContext(ServerImpl.java:710)
	at org.apache.ratis.thirdparty.io.grpc.internal.ContextRunnable.run(ContextRunnable.java:37)
	at org.apache.ratis.thirdparty.io.grpc.internal.SerializingExecutor.run(SerializingExecutor.java:123)
	at java.util.concurrent.ThreadPoolExecutor.runWorker(ThreadPoolExecutor.java:1149)
	at java.util.concurrent.ThreadPoolExecutor$Worker.run(ThreadPoolExecutor.java:624)
	at java.lang.Thread.run(Thread.java:748)
2019-09-25 05:20:05,578 [6e4b8f72-2d03-4335-a109-8ce1569ec549@group-0A753E062AF5:LeaderElection68] INFO  impl.RaftServerImpl (RaftServerImpl.java:setRole(174)) - 6e4b8f72-2d03-4335-a109-8ce1569ec549@group-0A753E062AF5: changes role from CANDIDATE to FOLLOWER at term 7 for DISCOVERED_A_NEW_TERM
2019-09-25 05:20:05,579 [6e4b8f72-2d03-4335-a109-8ce1569ec549@group-0A753E062AF5:LeaderElection68] INFO  impl.RoleInfo (RoleInfo.java:shutdownLeaderElection(134)) - 6e4b8f72-2d03-4335-a109-8ce1569ec549: shutdown LeaderElection
2019-09-25 05:20:05,579 [a824d2a0-4471-4a6f-a232-f84ec650292b@group-E9952EC7D1B9:LeaderElection67] INFO  impl.LeaderElection (LeaderElection.java:logAndReturn(56)) - a824d2a0-4471-4a6f-a232-f84ec650292b@group-E9952EC7D1B9:LeaderElection67: Election REJECTED; received 2 response(s) [a824d2a0-4471-4a6f-a232-f84ec650292b<-8d1936ad-7e22-483e-8301-a12de2cdc2b5#0:FAIL-t7, a824d2a0-4471-4a6f-a232-f84ec650292b<-dc7ea896-6e80-4fed-8727-08f73144b1fc#0:FAIL-t7] and 0 exception(s); a824d2a0-4471-4a6f-a232-f84ec650292b@group-E9952EC7D1B9:t7, leader=null, voted=a824d2a0-4471-4a6f-a232-f84ec650292b, raftlog=a824d2a0-4471-4a6f-a232-f84ec650292b@group-E9952EC7D1B9-SegmentedRaftLog:OPENED:c-1,f-1,i0, conf=-1: [8d1936ad-7e22-483e-8301-a12de2cdc2b5:192.168.36.126:34366, dc7ea896-6e80-4fed-8727-08f73144b1fc:192.168.36.126:42983, a824d2a0-4471-4a6f-a232-f84ec650292b:192.168.36.126:37611], old=null
2019-09-25 05:20:05,580 [6e4b8f72-2d03-4335-a109-8ce1569ec549@group-0A753E062AF5:LeaderElection68] INFO  impl.RoleInfo (RoleInfo.java:updateAndGet(143)) - 6e4b8f72-2d03-4335-a109-8ce1569ec549: start FollowerState
2019-09-25 05:20:05,579 [8d1936ad-7e22-483e-8301-a12de2cdc2b5@group-E9952EC7D1B9:LeaderElection69] INFO  impl.LeaderElection (LeaderElection.java:logAndReturn(56)) - 8d1936ad-7e22-483e-8301-a12de2cdc2b5@group-E9952EC7D1B9:LeaderElection69: Election REJECTED; received 2 response(s) [8d1936ad-7e22-483e-8301-a12de2cdc2b5<-dc7ea896-6e80-4fed-8727-08f73144b1fc#0:FAIL-t7, 8d1936ad-7e22-483e-8301-a12de2cdc2b5<-a824d2a0-4471-4a6f-a232-f84ec650292b#0:FAIL-t7] and 0 exception(s); 8d1936ad-7e22-483e-8301-a12de2cdc2b5@group-E9952EC7D1B9:t7, leader=null, voted=8d1936ad-7e22-483e-8301-a12de2cdc2b5, raftlog=8d1936ad-7e22-483e-8301-a12de2cdc2b5@group-E9952EC7D1B9-SegmentedRaftLog:OPENED:c-1,f-1,i0, conf=-1: [8d1936ad-7e22-483e-8301-a12de2cdc2b5:192.168.36.126:34366, dc7ea896-6e80-4fed-8727-08f73144b1fc:192.168.36.126:42983, a824d2a0-4471-4a6f-a232-f84ec650292b:192.168.36.126:37611], old=null
2019-09-25 05:20:05,578 [a7793eff-ada5-4527-9e0b-a0fd078cd21b@group-0A753E062AF5:LeaderElection72] INFO  impl.RoleInfo (RoleInfo.java:shutdownLeaderElection(134)) - a7793eff-ada5-4527-9e0b-a0fd078cd21b: shutdown LeaderElection
2019-09-25 05:20:05,580 [dc7ea896-6e80-4fed-8727-08f73144b1fc@group-E9952EC7D1B9:LeaderElection71] INFO  impl.LeaderElection (LeaderElection.java:logAndReturn(56)) - dc7ea896-6e80-4fed-8727-08f73144b1fc@group-E9952EC7D1B9:LeaderElection71: Election REJECTED; received 2 response(s) [dc7ea896-6e80-4fed-8727-08f73144b1fc<-8d1936ad-7e22-483e-8301-a12de2cdc2b5#0:FAIL-t7, dc7ea896-6e80-4fed-8727-08f73144b1fc<-a824d2a0-4471-4a6f-a232-f84ec650292b#0:FAIL-t7] and 0 exception(s); dc7ea896-6e80-4fed-8727-08f73144b1fc@group-E9952EC7D1B9:t7, leader=null, voted=dc7ea896-6e80-4fed-8727-08f73144b1fc, raftlog=dc7ea896-6e80-4fed-8727-08f73144b1fc@group-E9952EC7D1B9-SegmentedRaftLog:OPENED:c-1,f-1,i0, conf=-1: [8d1936ad-7e22-483e-8301-a12de2cdc2b5:192.168.36.126:34366, dc7ea896-6e80-4fed-8727-08f73144b1fc:192.168.36.126:42983, a824d2a0-4471-4a6f-a232-f84ec650292b:192.168.36.126:37611], old=null
2019-09-25 05:20:05,580 [a824d2a0-4471-4a6f-a232-f84ec650292b@group-E9952EC7D1B9:LeaderElection67] INFO  impl.RaftServerImpl (RaftServerImpl.java:setRole(174)) - a824d2a0-4471-4a6f-a232-f84ec650292b@group-E9952EC7D1B9: changes role from CANDIDATE to FOLLOWER at term 7 for DISCOVERED_A_NEW_TERM
2019-09-25 05:20:05,580 [dc7ea896-6e80-4fed-8727-08f73144b1fc@group-E9952EC7D1B9:LeaderElection71] INFO  impl.RaftServerImpl (RaftServerImpl.java:setRole(174)) - dc7ea896-6e80-4fed-8727-08f73144b1fc@group-E9952EC7D1B9: changes role from CANDIDATE to FOLLOWER at term 7 for DISCOVERED_A_NEW_TERM
2019-09-25 05:20:05,580 [a7793eff-ada5-4527-9e0b-a0fd078cd21b@group-0A753E062AF5:LeaderElection72] INFO  impl.RoleInfo (RoleInfo.java:updateAndGet(143)) - a7793eff-ada5-4527-9e0b-a0fd078cd21b: start FollowerState
2019-09-25 05:20:05,580 [8d1936ad-7e22-483e-8301-a12de2cdc2b5@group-E9952EC7D1B9:LeaderElection69] INFO  impl.RaftServerImpl (RaftServerImpl.java:setRole(174)) - 8d1936ad-7e22-483e-8301-a12de2cdc2b5@group-E9952EC7D1B9: changes role from CANDIDATE to FOLLOWER at term 7 for DISCOVERED_A_NEW_TERM
2019-09-25 05:20:05,581 [8d1936ad-7e22-483e-8301-a12de2cdc2b5@group-E9952EC7D1B9:LeaderElection69] INFO  impl.RoleInfo (RoleInfo.java:shutdownLeaderElection(134)) - 8d1936ad-7e22-483e-8301-a12de2cdc2b5: shutdown LeaderElection
2019-09-25 05:20:05,581 [dc7ea896-6e80-4fed-8727-08f73144b1fc@group-E9952EC7D1B9:LeaderElection71] INFO  impl.RoleInfo (RoleInfo.java:shutdownLeaderElection(134)) - dc7ea896-6e80-4fed-8727-08f73144b1fc: shutdown LeaderElection
2019-09-25 05:20:05,580 [a824d2a0-4471-4a6f-a232-f84ec650292b@group-E9952EC7D1B9:LeaderElection67] INFO  impl.RoleInfo (RoleInfo.java:shutdownLeaderElection(134)) - a824d2a0-4471-4a6f-a232-f84ec650292b: shutdown LeaderElection
2019-09-25 05:20:05,581 [dc7ea896-6e80-4fed-8727-08f73144b1fc@group-E9952EC7D1B9:LeaderElection71] INFO  impl.RoleInfo (RoleInfo.java:updateAndGet(143)) - dc7ea896-6e80-4fed-8727-08f73144b1fc: start FollowerState
2019-09-25 05:20:05,581 [8d1936ad-7e22-483e-8301-a12de2cdc2b5@group-E9952EC7D1B9:LeaderElection69] INFO  impl.RoleInfo (RoleInfo.java:updateAndGet(143)) - 8d1936ad-7e22-483e-8301-a12de2cdc2b5: start FollowerState
2019-09-25 05:20:05,581 [a824d2a0-4471-4a6f-a232-f84ec650292b@group-E9952EC7D1B9:LeaderElection67] INFO  impl.RoleInfo (RoleInfo.java:updateAndGet(143)) - a824d2a0-4471-4a6f-a232-f84ec650292b: start FollowerState
2019-09-25 05:20:05,582 [ece43ade-c7f6-4378-8dfa-fbe6a8ab43cf@group-0A753E062AF5:LeaderElection70] INFO  impl.LeaderElection (LeaderElection.java:logAndReturn(56)) - ece43ade-c7f6-4378-8dfa-fbe6a8ab43cf@group-0A753E062AF5:LeaderElection70: Election REJECTED; received 2 response(s) [ece43ade-c7f6-4378-8dfa-fbe6a8ab43cf<-6e4b8f72-2d03-4335-a109-8ce1569ec549#0:FAIL-t7, ece43ade-c7f6-4378-8dfa-fbe6a8ab43cf<-a7793eff-ada5-4527-9e0b-a0fd078cd21b#0:FAIL-t7] and 0 exception(s); ece43ade-c7f6-4378-8dfa-fbe6a8ab43cf@group-0A753E062AF5:t7, leader=null, voted=ece43ade-c7f6-4378-8dfa-fbe6a8ab43cf, raftlog=ece43ade-c7f6-4378-8dfa-fbe6a8ab43cf@group-0A753E062AF5-SegmentedRaftLog:OPENED:c-1,f-1,i0, conf=-1: [6e4b8f72-2d03-4335-a109-8ce1569ec549:192.168.36.126:38179, a7793eff-ada5-4527-9e0b-a0fd078cd21b:192.168.36.126:36914, ece43ade-c7f6-4378-8dfa-fbe6a8ab43cf:192.168.36.126:41805], old=null
2019-09-25 05:20:05,582 [ece43ade-c7f6-4378-8dfa-fbe6a8ab43cf@group-0A753E062AF5:LeaderElection70] INFO  impl.RaftServerImpl (RaftServerImpl.java:setRole(174)) - ece43ade-c7f6-4378-8dfa-fbe6a8ab43cf@group-0A753E062AF5: changes role from CANDIDATE to FOLLOWER at term 7 for DISCOVERED_A_NEW_TERM
2019-09-25 05:20:05,583 [ece43ade-c7f6-4378-8dfa-fbe6a8ab43cf@group-0A753E062AF5:LeaderElection70] INFO  impl.RoleInfo (RoleInfo.java:shutdownLeaderElection(134)) - ece43ade-c7f6-4378-8dfa-fbe6a8ab43cf: shutdown LeaderElection
2019-09-25 05:20:05,583 [ece43ade-c7f6-4378-8dfa-fbe6a8ab43cf@group-0A753E062AF5:LeaderElection70] INFO  impl.RoleInfo (RoleInfo.java:updateAndGet(143)) - ece43ade-c7f6-4378-8dfa-fbe6a8ab43cf: start FollowerState
2019-09-25 05:20:05,586 [ece43ade-c7f6-4378-8dfa-fbe6a8ab43cf@group-74FCAC2063C8:LeaderElection64] INFO  impl.LeaderElection (LogUtils.java:infoOrTrace(149)) - ece43ade-c7f6-4378-8dfa-fbe6a8ab43cf@group-74FCAC2063C8:LeaderElection64 got exception when requesting votes: {}
java.util.concurrent.ExecutionException: org.apache.ratis.thirdparty.io.grpc.StatusRuntimeException: INTERNAL: a7793eff-ada5-4527-9e0b-a0fd078cd21b: group-74FCAC2063C8 not found.
	at java.util.concurrent.FutureTask.report(FutureTask.java:122)
	at java.util.concurrent.FutureTask.get(FutureTask.java:192)
	at org.apache.ratis.server.impl.LeaderElection.waitForResults(LeaderElection.java:263)
	at org.apache.ratis.server.impl.LeaderElection.askForVotes(LeaderElection.java:201)
	at org.apache.ratis.server.impl.LeaderElection.run(LeaderElection.java:133)
	at java.lang.Thread.run(Thread.java:748)
Caused by: org.apache.ratis.thirdparty.io.grpc.StatusRuntimeException: INTERNAL: a7793eff-ada5-4527-9e0b-a0fd078cd21b: group-74FCAC2063C8 not found.
	at org.apache.ratis.thirdparty.io.grpc.stub.ClientCalls.toStatusRuntimeException(ClientCalls.java:233)
	at org.apache.ratis.thirdparty.io.grpc.stub.ClientCalls.getUnchecked(ClientCalls.java:214)
	at org.apache.ratis.thirdparty.io.grpc.stub.ClientCalls.blockingUnaryCall(ClientCalls.java:139)
	at org.apache.ratis.proto.grpc.RaftServerProtocolServiceGrpc$RaftServerProtocolServiceBlockingStub.requestVote(RaftServerProtocolServiceGrpc.java:265)
	at org.apache.ratis.grpc.server.GrpcServerProtocolClient.requestVote(GrpcServerProtocolClient.java:90)
	at org.apache.ratis.grpc.server.GrpcService.requestVote(GrpcService.java:204)
	at org.apache.ratis.server.impl.LeaderElection.lambda$submitRequests$1(LeaderElection.java:238)
	at java.util.concurrent.FutureTask.run(FutureTask.java:266)
	at java.util.concurrent.Executors$RunnableAdapter.call(Executors.java:511)
	at java.util.concurrent.FutureTask.run(FutureTask.java:266)
	at java.util.concurrent.ThreadPoolExecutor.runWorker(ThreadPoolExecutor.java:1149)
	at java.util.concurrent.ThreadPoolExecutor$Worker.run(ThreadPoolExecutor.java:624)
	... 1 more
2019-09-25 05:20:05,586 [6e4b8f72-2d03-4335-a109-8ce1569ec549@group-74FCAC2063C8:LeaderElection65] INFO  impl.LeaderElection (LogUtils.java:infoOrTrace(149)) - 6e4b8f72-2d03-4335-a109-8ce1569ec549@group-74FCAC2063C8:LeaderElection65 got exception when requesting votes: {}
java.util.concurrent.ExecutionException: org.apache.ratis.thirdparty.io.grpc.StatusRuntimeException: INTERNAL: a7793eff-ada5-4527-9e0b-a0fd078cd21b: group-74FCAC2063C8 not found.
	at java.util.concurrent.FutureTask.report(FutureTask.java:122)
	at java.util.concurrent.FutureTask.get(FutureTask.java:192)
	at org.apache.ratis.server.impl.LeaderElection.waitForResults(LeaderElection.java:263)
	at org.apache.ratis.server.impl.LeaderElection.askForVotes(LeaderElection.java:201)
	at org.apache.ratis.server.impl.LeaderElection.run(LeaderElection.java:133)
	at java.lang.Thread.run(Thread.java:748)
Caused by: org.apache.ratis.thirdparty.io.grpc.StatusRuntimeException: INTERNAL: a7793eff-ada5-4527-9e0b-a0fd078cd21b: group-74FCAC2063C8 not found.
	at org.apache.ratis.thirdparty.io.grpc.stub.ClientCalls.toStatusRuntimeException(ClientCalls.java:233)
	at org.apache.ratis.thirdparty.io.grpc.stub.ClientCalls.getUnchecked(ClientCalls.java:214)
	at org.apache.ratis.thirdparty.io.grpc.stub.ClientCalls.blockingUnaryCall(ClientCalls.java:139)
	at org.apache.ratis.proto.grpc.RaftServerProtocolServiceGrpc$RaftServerProtocolServiceBlockingStub.requestVote(RaftServerProtocolServiceGrpc.java:265)
	at org.apache.ratis.grpc.server.GrpcServerProtocolClient.requestVote(GrpcServerProtocolClient.java:90)
	at org.apache.ratis.grpc.server.GrpcService.requestVote(GrpcService.java:204)
	at org.apache.ratis.server.impl.LeaderElection.lambda$submitRequests$1(LeaderElection.java:238)
	at java.util.concurrent.FutureTask.run(FutureTask.java:266)
	at java.util.concurrent.Executors$RunnableAdapter.call(Executors.java:511)
	at java.util.concurrent.FutureTask.run(FutureTask.java:266)
	at java.util.concurrent.ThreadPoolExecutor.runWorker(ThreadPoolExecutor.java:1149)
	at java.util.concurrent.ThreadPoolExecutor$Worker.run(ThreadPoolExecutor.java:624)
	... 1 more
2019-09-25 05:20:05,590 [ece43ade-c7f6-4378-8dfa-fbe6a8ab43cf@group-74FCAC2063C8:LeaderElection64] INFO  impl.LeaderElection (LeaderElection.java:logAndReturn(56)) - ece43ade-c7f6-4378-8dfa-fbe6a8ab43cf@group-74FCAC2063C8:LeaderElection64: Election REJECTED; received 1 response(s) [ece43ade-c7f6-4378-8dfa-fbe6a8ab43cf<-6e4b8f72-2d03-4335-a109-8ce1569ec549#0:FAIL-t7] and 1 exception(s); ece43ade-c7f6-4378-8dfa-fbe6a8ab43cf@group-74FCAC2063C8:t7, leader=null, voted=ece43ade-c7f6-4378-8dfa-fbe6a8ab43cf, raftlog=ece43ade-c7f6-4378-8dfa-fbe6a8ab43cf@group-74FCAC2063C8-SegmentedRaftLog:OPENED:c-1,f-1,i0, conf=-1: [6e4b8f72-2d03-4335-a109-8ce1569ec549:192.168.36.126:38179, a7793eff-ada5-4527-9e0b-a0fd078cd21b:192.168.36.126:36914, ece43ade-c7f6-4378-8dfa-fbe6a8ab43cf:192.168.36.126:41805], old=null
2019-09-25 05:20:05,592 [6e4b8f72-2d03-4335-a109-8ce1569ec549@group-74FCAC2063C8:LeaderElection65] INFO  impl.LeaderElection (LeaderElection.java:logAndReturn(56)) - 6e4b8f72-2d03-4335-a109-8ce1569ec549@group-74FCAC2063C8:LeaderElection65: Election REJECTED; received 1 response(s) [6e4b8f72-2d03-4335-a109-8ce1569ec549<-ece43ade-c7f6-4378-8dfa-fbe6a8ab43cf#0:FAIL-t7] and 1 exception(s); 6e4b8f72-2d03-4335-a109-8ce1569ec549@group-74FCAC2063C8:t7, leader=null, voted=6e4b8f72-2d03-4335-a109-8ce1569ec549, raftlog=6e4b8f72-2d03-4335-a109-8ce1569ec549@group-74FCAC2063C8-SegmentedRaftLog:OPENED:c-1,f-1,i0, conf=-1: [6e4b8f72-2d03-4335-a109-8ce1569ec549:192.168.36.126:38179, a7793eff-ada5-4527-9e0b-a0fd078cd21b:192.168.36.126:36914, ece43ade-c7f6-4378-8dfa-fbe6a8ab43cf:192.168.36.126:41805], old=null
2019-09-25 05:20:05,592 [ece43ade-c7f6-4378-8dfa-fbe6a8ab43cf@group-74FCAC2063C8:LeaderElection64] INFO  impl.LeaderElection (LogUtils.java:infoOrTrace(149)) -   Exception 0: {}
java.util.concurrent.ExecutionException: org.apache.ratis.thirdparty.io.grpc.StatusRuntimeException: INTERNAL: a7793eff-ada5-4527-9e0b-a0fd078cd21b: group-74FCAC2063C8 not found.
	at java.util.concurrent.FutureTask.report(FutureTask.java:122)
	at java.util.concurrent.FutureTask.get(FutureTask.java:192)
	at org.apache.ratis.server.impl.LeaderElection.waitForResults(LeaderElection.java:263)
	at org.apache.ratis.server.impl.LeaderElection.askForVotes(LeaderElection.java:201)
	at org.apache.ratis.server.impl.LeaderElection.run(LeaderElection.java:133)
	at java.lang.Thread.run(Thread.java:748)
Caused by: org.apache.ratis.thirdparty.io.grpc.StatusRuntimeException: INTERNAL: a7793eff-ada5-4527-9e0b-a0fd078cd21b: group-74FCAC2063C8 not found.
	at org.apache.ratis.thirdparty.io.grpc.stub.ClientCalls.toStatusRuntimeException(ClientCalls.java:233)
	at org.apache.ratis.thirdparty.io.grpc.stub.ClientCalls.getUnchecked(ClientCalls.java:214)
	at org.apache.ratis.thirdparty.io.grpc.stub.ClientCalls.blockingUnaryCall(ClientCalls.java:139)
	at org.apache.ratis.proto.grpc.RaftServerProtocolServiceGrpc$RaftServerProtocolServiceBlockingStub.requestVote(RaftServerProtocolServiceGrpc.java:265)
	at org.apache.ratis.grpc.server.GrpcServerProtocolClient.requestVote(GrpcServerProtocolClient.java:90)
	at org.apache.ratis.grpc.server.GrpcService.requestVote(GrpcService.java:204)
	at org.apache.ratis.server.impl.LeaderElection.lambda$submitRequests$1(LeaderElection.java:238)
	at java.util.concurrent.FutureTask.run(FutureTask.java:266)
	at java.util.concurrent.Executors$RunnableAdapter.call(Executors.java:511)
	at java.util.concurrent.FutureTask.run(FutureTask.java:266)
	at java.util.concurrent.ThreadPoolExecutor.runWorker(ThreadPoolExecutor.java:1149)
	at java.util.concurrent.ThreadPoolExecutor$Worker.run(ThreadPoolExecutor.java:624)
	... 1 more
2019-09-25 05:20:05,592 [6e4b8f72-2d03-4335-a109-8ce1569ec549@group-74FCAC2063C8:LeaderElection65] INFO  impl.LeaderElection (LogUtils.java:infoOrTrace(149)) -   Exception 0: {}
java.util.concurrent.ExecutionException: org.apache.ratis.thirdparty.io.grpc.StatusRuntimeException: INTERNAL: a7793eff-ada5-4527-9e0b-a0fd078cd21b: group-74FCAC2063C8 not found.
	at java.util.concurrent.FutureTask.report(FutureTask.java:122)
	at java.util.concurrent.FutureTask.get(FutureTask.java:192)
	at org.apache.ratis.server.impl.LeaderElection.waitForResults(LeaderElection.java:263)
	at org.apache.ratis.server.impl.LeaderElection.askForVotes(LeaderElection.java:201)
	at org.apache.ratis.server.impl.LeaderElection.run(LeaderElection.java:133)
	at java.lang.Thread.run(Thread.java:748)
Caused by: org.apache.ratis.thirdparty.io.grpc.StatusRuntimeException: INTERNAL: a7793eff-ada5-4527-9e0b-a0fd078cd21b: group-74FCAC2063C8 not found.
	at org.apache.ratis.thirdparty.io.grpc.stub.ClientCalls.toStatusRuntimeException(ClientCalls.java:233)
	at org.apache.ratis.thirdparty.io.grpc.stub.ClientCalls.getUnchecked(ClientCalls.java:214)
	at org.apache.ratis.thirdparty.io.grpc.stub.ClientCalls.blockingUnaryCall(ClientCalls.java:139)
	at org.apache.ratis.proto.grpc.RaftServerProtocolServiceGrpc$RaftServerProtocolServiceBlockingStub.requestVote(RaftServerProtocolServiceGrpc.java:265)
	at org.apache.ratis.grpc.server.GrpcServerProtocolClient.requestVote(GrpcServerProtocolClient.java:90)
	at org.apache.ratis.grpc.server.GrpcService.requestVote(GrpcService.java:204)
	at org.apache.ratis.server.impl.LeaderElection.lambda$submitRequests$1(LeaderElection.java:238)
	at java.util.concurrent.FutureTask.run(FutureTask.java:266)
	at java.util.concurrent.Executors$RunnableAdapter.call(Executors.java:511)
	at java.util.concurrent.FutureTask.run(FutureTask.java:266)
	at java.util.concurrent.ThreadPoolExecutor.runWorker(ThreadPoolExecutor.java:1149)
	at java.util.concurrent.ThreadPoolExecutor$Worker.run(ThreadPoolExecutor.java:624)
	... 1 more
2019-09-25 05:20:05,593 [ece43ade-c7f6-4378-8dfa-fbe6a8ab43cf@group-74FCAC2063C8:LeaderElection64] INFO  impl.RaftServerImpl (RaftServerImpl.java:setRole(174)) - ece43ade-c7f6-4378-8dfa-fbe6a8ab43cf@group-74FCAC2063C8: changes role from CANDIDATE to FOLLOWER at term 7 for DISCOVERED_A_NEW_TERM
2019-09-25 05:20:05,594 [6e4b8f72-2d03-4335-a109-8ce1569ec549@group-74FCAC2063C8:LeaderElection65] INFO  impl.RaftServerImpl (RaftServerImpl.java:setRole(174)) - 6e4b8f72-2d03-4335-a109-8ce1569ec549@group-74FCAC2063C8: changes role from CANDIDATE to FOLLOWER at term 7 for DISCOVERED_A_NEW_TERM
2019-09-25 05:20:05,594 [ece43ade-c7f6-4378-8dfa-fbe6a8ab43cf@group-74FCAC2063C8:LeaderElection64] INFO  impl.RoleInfo (RoleInfo.java:shutdownLeaderElection(134)) - ece43ade-c7f6-4378-8dfa-fbe6a8ab43cf: shutdown LeaderElection
2019-09-25 05:20:05,594 [6e4b8f72-2d03-4335-a109-8ce1569ec549@group-74FCAC2063C8:LeaderElection65] INFO  impl.RoleInfo (RoleInfo.java:shutdownLeaderElection(134)) - 6e4b8f72-2d03-4335-a109-8ce1569ec549: shutdown LeaderElection
2019-09-25 05:20:05,594 [ece43ade-c7f6-4378-8dfa-fbe6a8ab43cf@group-74FCAC2063C8:LeaderElection64] INFO  impl.RoleInfo (RoleInfo.java:updateAndGet(143)) - ece43ade-c7f6-4378-8dfa-fbe6a8ab43cf: start FollowerState
2019-09-25 05:20:05,594 [6e4b8f72-2d03-4335-a109-8ce1569ec549@group-74FCAC2063C8:LeaderElection65] INFO  impl.RoleInfo (RoleInfo.java:updateAndGet(143)) - 6e4b8f72-2d03-4335-a109-8ce1569ec549: start FollowerState
2019-09-25 05:20:06,494 [java.util.concurrent.ThreadPoolExecutor$Worker@6c4ccbe7[State = -1, empty queue]] WARN  server.GrpcLogAppender (GrpcLogAppender.java:timeoutAppendRequest(200)) - 6e4b8f72-2d03-4335-a109-8ce1569ec549@group-8C538AEF5C3F->a7793eff-ada5-4527-9e0b-a0fd078cd21b-GrpcLogAppender: appendEntries Timeout, request=6e4b8f72-2d03-4335-a109-8ce1569ec549->a7793eff-ada5-4527-9e0b-a0fd078cd21b#15-t3, previous=(t:3, i:0), leaderCommit=0, initializing? false, entries: <empty>
2019-09-25 05:20:08,995 [java.util.concurrent.ThreadPoolExecutor$Worker@6c4ccbe7[State = -1, empty queue]] WARN  server.GrpcLogAppender (GrpcLogAppender.java:timeoutAppendRequest(200)) - 6e4b8f72-2d03-4335-a109-8ce1569ec549@group-8C538AEF5C3F->a7793eff-ada5-4527-9e0b-a0fd078cd21b-GrpcLogAppender: appendEntries Timeout, request=6e4b8f72-2d03-4335-a109-8ce1569ec549->a7793eff-ada5-4527-9e0b-a0fd078cd21b#16-t3, previous=(t:3, i:0), leaderCommit=0, initializing? false, entries: <empty>
2019-09-25 05:20:10,618 [Thread-714] INFO  impl.FollowerState (FollowerState.java:run(106)) - 8d1936ad-7e22-483e-8301-a12de2cdc2b5:group-E9952EC7D1B9 changes to CANDIDATE, lastRpcTime:5037, electionTimeout:5035ms
2019-09-25 05:20:10,618 [Thread-719] INFO  impl.FollowerState (FollowerState.java:run(106)) - 6e4b8f72-2d03-4335-a109-8ce1569ec549:group-74FCAC2063C8 changes to CANDIDATE, lastRpcTime:5023, electionTimeout:5018ms
2019-09-25 05:20:10,619 [Thread-714] INFO  impl.RoleInfo (RoleInfo.java:shutdownFollowerState(121)) - 8d1936ad-7e22-483e-8301-a12de2cdc2b5: shutdown FollowerState
2019-09-25 05:20:10,619 [Thread-719] INFO  impl.RoleInfo (RoleInfo.java:shutdownFollowerState(121)) - 6e4b8f72-2d03-4335-a109-8ce1569ec549: shutdown FollowerState
2019-09-25 05:20:10,619 [Thread-714] INFO  impl.RaftServerImpl (RaftServerImpl.java:setRole(174)) - 8d1936ad-7e22-483e-8301-a12de2cdc2b5@group-E9952EC7D1B9: changes role from  FOLLOWER to CANDIDATE at term 7 for changeToCandidate
2019-09-25 05:20:10,619 [Thread-719] INFO  impl.RaftServerImpl (RaftServerImpl.java:setRole(174)) - 6e4b8f72-2d03-4335-a109-8ce1569ec549@group-74FCAC2063C8: changes role from  FOLLOWER to CANDIDATE at term 7 for changeToCandidate
2019-09-25 05:20:10,620 [Thread-714] INFO  impl.RoleInfo (RoleInfo.java:updateAndGet(143)) - 8d1936ad-7e22-483e-8301-a12de2cdc2b5: start LeaderElection
2019-09-25 05:20:10,620 [Thread-719] INFO  impl.RoleInfo (RoleInfo.java:updateAndGet(143)) - 6e4b8f72-2d03-4335-a109-8ce1569ec549: start LeaderElection
2019-09-25 05:20:10,625 [Thread-713] INFO  impl.FollowerState (FollowerState.java:run(106)) - a7793eff-ada5-4527-9e0b-a0fd078cd21b:group-0A753E062AF5 changes to CANDIDATE, lastRpcTime:5045, electionTimeout:5044ms
2019-09-25 05:20:10,626 [Thread-713] INFO  impl.RoleInfo (RoleInfo.java:shutdownFollowerState(121)) - a7793eff-ada5-4527-9e0b-a0fd078cd21b: shutdown FollowerState
2019-09-25 05:20:10,626 [Thread-713] INFO  impl.RaftServerImpl (RaftServerImpl.java:setRole(174)) - a7793eff-ada5-4527-9e0b-a0fd078cd21b@group-0A753E062AF5: changes role from  FOLLOWER to CANDIDATE at term 7 for changeToCandidate
2019-09-25 05:20:10,626 [Thread-713] INFO  impl.RoleInfo (RoleInfo.java:updateAndGet(143)) - a7793eff-ada5-4527-9e0b-a0fd078cd21b: start LeaderElection
2019-09-25 05:20:10,669 [Thread-718] INFO  impl.FollowerState (FollowerState.java:run(106)) - ece43ade-c7f6-4378-8dfa-fbe6a8ab43cf:group-74FCAC2063C8 changes to CANDIDATE, lastRpcTime:5074, electionTimeout:5074ms
2019-09-25 05:20:10,669 [Thread-718] INFO  impl.RoleInfo (RoleInfo.java:shutdownFollowerState(121)) - ece43ade-c7f6-4378-8dfa-fbe6a8ab43cf: shutdown FollowerState
2019-09-25 05:20:10,669 [Thread-718] INFO  impl.RaftServerImpl (RaftServerImpl.java:setRole(174)) - ece43ade-c7f6-4378-8dfa-fbe6a8ab43cf@group-74FCAC2063C8: changes role from  FOLLOWER to CANDIDATE at term 7 for changeToCandidate
2019-09-25 05:20:10,670 [Thread-718] INFO  impl.RoleInfo (RoleInfo.java:updateAndGet(143)) - ece43ade-c7f6-4378-8dfa-fbe6a8ab43cf: start LeaderElection
2019-09-25 05:20:10,672 [Thread-712] INFO  impl.FollowerState (FollowerState.java:run(106)) - 6e4b8f72-2d03-4335-a109-8ce1569ec549:group-0A753E062AF5 changes to CANDIDATE, lastRpcTime:5092, electionTimeout:5091ms
2019-09-25 05:20:10,672 [Thread-712] INFO  impl.RoleInfo (RoleInfo.java:shutdownFollowerState(121)) - 6e4b8f72-2d03-4335-a109-8ce1569ec549: shutdown FollowerState
2019-09-25 05:20:10,672 [Thread-712] INFO  impl.RaftServerImpl (RaftServerImpl.java:setRole(174)) - 6e4b8f72-2d03-4335-a109-8ce1569ec549@group-0A753E062AF5: changes role from  FOLLOWER to CANDIDATE at term 7 for changeToCandidate
2019-09-25 05:20:10,673 [Thread-712] INFO  impl.RoleInfo (RoleInfo.java:updateAndGet(143)) - 6e4b8f72-2d03-4335-a109-8ce1569ec549: start LeaderElection
2019-09-25 05:20:10,693 [Thread-717] INFO  impl.FollowerState (FollowerState.java:run(106)) - ece43ade-c7f6-4378-8dfa-fbe6a8ab43cf:group-0A753E062AF5 changes to CANDIDATE, lastRpcTime:5110, electionTimeout:5110ms
2019-09-25 05:20:10,693 [Thread-717] INFO  impl.RoleInfo (RoleInfo.java:shutdownFollowerState(121)) - ece43ade-c7f6-4378-8dfa-fbe6a8ab43cf: shutdown FollowerState
2019-09-25 05:20:10,694 [Thread-717] INFO  impl.RaftServerImpl (RaftServerImpl.java:setRole(174)) - ece43ade-c7f6-4378-8dfa-fbe6a8ab43cf@group-0A753E062AF5: changes role from  FOLLOWER to CANDIDATE at term 7 for changeToCandidate
2019-09-25 05:20:10,694 [Thread-717] INFO  impl.RoleInfo (RoleInfo.java:updateAndGet(143)) - ece43ade-c7f6-4378-8dfa-fbe6a8ab43cf: start LeaderElection
2019-09-25 05:20:10,723 [Thread-716] INFO  impl.FollowerState (FollowerState.java:run(106)) - a824d2a0-4471-4a6f-a232-f84ec650292b:group-E9952EC7D1B9 changes to CANDIDATE, lastRpcTime:5141, electionTimeout:5140ms
2019-09-25 05:20:10,723 [Thread-716] INFO  impl.RoleInfo (RoleInfo.java:shutdownFollowerState(121)) - a824d2a0-4471-4a6f-a232-f84ec650292b: shutdown FollowerState
2019-09-25 05:20:10,723 [Thread-716] INFO  impl.RaftServerImpl (RaftServerImpl.java:setRole(174)) - a824d2a0-4471-4a6f-a232-f84ec650292b@group-E9952EC7D1B9: changes role from  FOLLOWER to CANDIDATE at term 7 for changeToCandidate
2019-09-25 05:20:10,723 [Thread-716] INFO  impl.RoleInfo (RoleInfo.java:updateAndGet(143)) - a824d2a0-4471-4a6f-a232-f84ec650292b: start LeaderElection
2019-09-25 05:20:10,751 [Thread-715] INFO  impl.FollowerState (FollowerState.java:run(106)) - dc7ea896-6e80-4fed-8727-08f73144b1fc:group-E9952EC7D1B9 changes to CANDIDATE, lastRpcTime:5169, electionTimeout:5169ms
2019-09-25 05:20:10,751 [Thread-715] INFO  impl.RoleInfo (RoleInfo.java:shutdownFollowerState(121)) - dc7ea896-6e80-4fed-8727-08f73144b1fc: shutdown FollowerState
2019-09-25 05:20:10,751 [Thread-715] INFO  impl.RaftServerImpl (RaftServerImpl.java:setRole(174)) - dc7ea896-6e80-4fed-8727-08f73144b1fc@group-E9952EC7D1B9: changes role from  FOLLOWER to CANDIDATE at term 7 for changeToCandidate
2019-09-25 05:20:10,752 [Thread-715] INFO  impl.RoleInfo (RoleInfo.java:updateAndGet(143)) - dc7ea896-6e80-4fed-8727-08f73144b1fc: start LeaderElection
2019-09-25 05:20:11,496 [java.util.concurrent.ThreadPoolExecutor$Worker@6c4ccbe7[State = -1, empty queue]] WARN  server.GrpcLogAppender (GrpcLogAppender.java:timeoutAppendRequest(200)) - 6e4b8f72-2d03-4335-a109-8ce1569ec549@group-8C538AEF5C3F->a7793eff-ada5-4527-9e0b-a0fd078cd21b-GrpcLogAppender: appendEntries Timeout, request=6e4b8f72-2d03-4335-a109-8ce1569ec549->a7793eff-ada5-4527-9e0b-a0fd078cd21b#17-t3, previous=(t:3, i:0), leaderCommit=0, initializing? false, entries: <empty>
2019-09-25 05:20:12,417 [8d1936ad-7e22-483e-8301-a12de2cdc2b5@group-E9952EC7D1B9:LeaderElection73] INFO  impl.LeaderElection (LeaderElection.java:askForVotes(182)) - 8d1936ad-7e22-483e-8301-a12de2cdc2b5@group-E9952EC7D1B9:LeaderElection73: begin an election at term 8 for -1: [8d1936ad-7e22-483e-8301-a12de2cdc2b5:192.168.36.126:34366, dc7ea896-6e80-4fed-8727-08f73144b1fc:192.168.36.126:42983, a824d2a0-4471-4a6f-a232-f84ec650292b:192.168.36.126:37611], old=null
2019-09-25 05:20:12,417 [a7793eff-ada5-4527-9e0b-a0fd078cd21b@group-0A753E062AF5:LeaderElection75] INFO  impl.LeaderElection (LeaderElection.java:askForVotes(182)) - a7793eff-ada5-4527-9e0b-a0fd078cd21b@group-0A753E062AF5:LeaderElection75: begin an election at term 8 for -1: [6e4b8f72-2d03-4335-a109-8ce1569ec549:192.168.36.126:38179, a7793eff-ada5-4527-9e0b-a0fd078cd21b:192.168.36.126:36914, ece43ade-c7f6-4378-8dfa-fbe6a8ab43cf:192.168.36.126:41805], old=null
2019-09-25 05:20:12,417 [6e4b8f72-2d03-4335-a109-8ce1569ec549@group-74FCAC2063C8:LeaderElection74] INFO  impl.LeaderElection (LeaderElection.java:askForVotes(182)) - 6e4b8f72-2d03-4335-a109-8ce1569ec549@group-74FCAC2063C8:LeaderElection74: begin an election at term 8 for -1: [6e4b8f72-2d03-4335-a109-8ce1569ec549:192.168.36.126:38179, a7793eff-ada5-4527-9e0b-a0fd078cd21b:192.168.36.126:36914, ece43ade-c7f6-4378-8dfa-fbe6a8ab43cf:192.168.36.126:41805], old=null
2019-09-25 05:20:12,417 [ece43ade-c7f6-4378-8dfa-fbe6a8ab43cf@group-74FCAC2063C8:LeaderElection76] INFO  impl.LeaderElection (LeaderElection.java:askForVotes(182)) - ece43ade-c7f6-4378-8dfa-fbe6a8ab43cf@group-74FCAC2063C8:LeaderElection76: begin an election at term 8 for -1: [6e4b8f72-2d03-4335-a109-8ce1569ec549:192.168.36.126:38179, a7793eff-ada5-4527-9e0b-a0fd078cd21b:192.168.36.126:36914, ece43ade-c7f6-4378-8dfa-fbe6a8ab43cf:192.168.36.126:41805], old=null
2019-09-25 05:20:12,418 [dc7ea896-6e80-4fed-8727-08f73144b1fc@group-E9952EC7D1B9:LeaderElection80] INFO  impl.LeaderElection (LeaderElection.java:askForVotes(182)) - dc7ea896-6e80-4fed-8727-08f73144b1fc@group-E9952EC7D1B9:LeaderElection80: begin an election at term 8 for -1: [8d1936ad-7e22-483e-8301-a12de2cdc2b5:192.168.36.126:34366, dc7ea896-6e80-4fed-8727-08f73144b1fc:192.168.36.126:42983, a824d2a0-4471-4a6f-a232-f84ec650292b:192.168.36.126:37611], old=null
2019-09-25 05:20:12,418 [6e4b8f72-2d03-4335-a109-8ce1569ec549@group-0A753E062AF5:LeaderElection77] INFO  impl.LeaderElection (LeaderElection.java:askForVotes(182)) - 6e4b8f72-2d03-4335-a109-8ce1569ec549@group-0A753E062AF5:LeaderElection77: begin an election at term 8 for -1: [6e4b8f72-2d03-4335-a109-8ce1569ec549:192.168.36.126:38179, a7793eff-ada5-4527-9e0b-a0fd078cd21b:192.168.36.126:36914, ece43ade-c7f6-4378-8dfa-fbe6a8ab43cf:192.168.36.126:41805], old=null
2019-09-25 05:20:12,418 [ece43ade-c7f6-4378-8dfa-fbe6a8ab43cf@group-0A753E062AF5:LeaderElection78] INFO  impl.LeaderElection (LeaderElection.java:askForVotes(182)) - ece43ade-c7f6-4378-8dfa-fbe6a8ab43cf@group-0A753E062AF5:LeaderElection78: begin an election at term 8 for -1: [6e4b8f72-2d03-4335-a109-8ce1569ec549:192.168.36.126:38179, a7793eff-ada5-4527-9e0b-a0fd078cd21b:192.168.36.126:36914, ece43ade-c7f6-4378-8dfa-fbe6a8ab43cf:192.168.36.126:41805], old=null
2019-09-25 05:20:12,418 [a824d2a0-4471-4a6f-a232-f84ec650292b@group-E9952EC7D1B9:LeaderElection79] INFO  impl.LeaderElection (LeaderElection.java:askForVotes(182)) - a824d2a0-4471-4a6f-a232-f84ec650292b@group-E9952EC7D1B9:LeaderElection79: begin an election at term 8 for -1: [8d1936ad-7e22-483e-8301-a12de2cdc2b5:192.168.36.126:34366, dc7ea896-6e80-4fed-8727-08f73144b1fc:192.168.36.126:42983, a824d2a0-4471-4a6f-a232-f84ec650292b:192.168.36.126:37611], old=null
2019-09-25 05:20:12,430 [a7793eff-ada5-4527-9e0b-a0fd078cd21b@group-0A753E062AF5:LeaderElection75] INFO  impl.LeaderElection (LeaderElection.java:logAndReturn(56)) - a7793eff-ada5-4527-9e0b-a0fd078cd21b@group-0A753E062AF5:LeaderElection75: Election REJECTED; received 2 response(s) [a7793eff-ada5-4527-9e0b-a0fd078cd21b<-6e4b8f72-2d03-4335-a109-8ce1569ec549#0:FAIL-t8, a7793eff-ada5-4527-9e0b-a0fd078cd21b<-ece43ade-c7f6-4378-8dfa-fbe6a8ab43cf#0:FAIL-t8] and 0 exception(s); a7793eff-ada5-4527-9e0b-a0fd078cd21b@group-0A753E062AF5:t8, leader=null, voted=a7793eff-ada5-4527-9e0b-a0fd078cd21b, raftlog=a7793eff-ada5-4527-9e0b-a0fd078cd21b@group-0A753E062AF5-SegmentedRaftLog:OPENED:c-1,f-1,i0, conf=-1: [6e4b8f72-2d03-4335-a109-8ce1569ec549:192.168.36.126:38179, a7793eff-ada5-4527-9e0b-a0fd078cd21b:192.168.36.126:36914, ece43ade-c7f6-4378-8dfa-fbe6a8ab43cf:192.168.36.126:41805], old=null
2019-09-25 05:20:12,430 [a7793eff-ada5-4527-9e0b-a0fd078cd21b@group-0A753E062AF5:LeaderElection75] INFO  impl.RaftServerImpl (RaftServerImpl.java:setRole(174)) - a7793eff-ada5-4527-9e0b-a0fd078cd21b@group-0A753E062AF5: changes role from CANDIDATE to FOLLOWER at term 8 for DISCOVERED_A_NEW_TERM
2019-09-25 05:20:12,430 [grpc-default-executor-0] WARN  server.GrpcServerProtocolService (LogUtils.java:warn(136)) - a7793eff-ada5-4527-9e0b-a0fd078cd21b: Failed requestVote ece43ade-c7f6-4378-8dfa-fbe6a8ab43cf->a7793eff-ada5-4527-9e0b-a0fd078cd21b#0
org.apache.ratis.protocol.GroupMismatchException: a7793eff-ada5-4527-9e0b-a0fd078cd21b: group-74FCAC2063C8 not found.
	at org.apache.ratis.server.impl.RaftServerProxy$ImplMap.get(RaftServerProxy.java:122)
	at org.apache.ratis.server.impl.RaftServerProxy.getImplFuture(RaftServerProxy.java:269)
	at org.apache.ratis.server.impl.RaftServerProxy.getImpl(RaftServerProxy.java:278)
	at org.apache.ratis.server.impl.RaftServerProxy.getImpl(RaftServerProxy.java:273)
	at org.apache.ratis.server.impl.RaftServerProxy.requestVote(RaftServerProxy.java:443)
	at org.apache.ratis.grpc.server.GrpcServerProtocolService.requestVote(GrpcServerProtocolService.java:142)
	at org.apache.ratis.proto.grpc.RaftServerProtocolServiceGrpc$MethodHandlers.invoke(RaftServerProtocolServiceGrpc.java:319)
	at org.apache.ratis.thirdparty.io.grpc.stub.ServerCalls$UnaryServerCallHandler$UnaryServerCallListener.onHalfClose(ServerCalls.java:171)
	at org.apache.ratis.thirdparty.io.grpc.internal.ServerCallImpl$ServerStreamListenerImpl.halfClosed(ServerCallImpl.java:283)
	at org.apache.ratis.thirdparty.io.grpc.internal.ServerImpl$JumpToApplicationThreadServerStreamListener$1HalfClosed.runInContext(ServerImpl.java:710)
	at org.apache.ratis.thirdparty.io.grpc.internal.ContextRunnable.run(ContextRunnable.java:37)
	at org.apache.ratis.thirdparty.io.grpc.internal.SerializingExecutor.run(SerializingExecutor.java:123)
	at java.util.concurrent.ThreadPoolExecutor.runWorker(ThreadPoolExecutor.java:1149)
	at java.util.concurrent.ThreadPoolExecutor$Worker.run(ThreadPoolExecutor.java:624)
	at java.lang.Thread.run(Thread.java:748)
2019-09-25 05:20:12,430 [a7793eff-ada5-4527-9e0b-a0fd078cd21b@group-0A753E062AF5:LeaderElection75] INFO  impl.RoleInfo (RoleInfo.java:shutdownLeaderElection(134)) - a7793eff-ada5-4527-9e0b-a0fd078cd21b: shutdown LeaderElection
2019-09-25 05:20:12,432 [a7793eff-ada5-4527-9e0b-a0fd078cd21b@group-0A753E062AF5:LeaderElection75] INFO  impl.RoleInfo (RoleInfo.java:updateAndGet(143)) - a7793eff-ada5-4527-9e0b-a0fd078cd21b: start FollowerState
2019-09-25 05:20:12,433 [6e4b8f72-2d03-4335-a109-8ce1569ec549@group-0A753E062AF5:LeaderElection77] INFO  impl.LeaderElection (LeaderElection.java:logAndReturn(56)) - 6e4b8f72-2d03-4335-a109-8ce1569ec549@group-0A753E062AF5:LeaderElection77: Election REJECTED; received 2 response(s) [6e4b8f72-2d03-4335-a109-8ce1569ec549<-a7793eff-ada5-4527-9e0b-a0fd078cd21b#0:FAIL-t8, 6e4b8f72-2d03-4335-a109-8ce1569ec549<-ece43ade-c7f6-4378-8dfa-fbe6a8ab43cf#0:FAIL-t8] and 0 exception(s); 6e4b8f72-2d03-4335-a109-8ce1569ec549@group-0A753E062AF5:t8, leader=null, voted=6e4b8f72-2d03-4335-a109-8ce1569ec549, raftlog=6e4b8f72-2d03-4335-a109-8ce1569ec549@group-0A753E062AF5-SegmentedRaftLog:OPENED:c-1,f-1,i0, conf=-1: [6e4b8f72-2d03-4335-a109-8ce1569ec549:192.168.36.126:38179, a7793eff-ada5-4527-9e0b-a0fd078cd21b:192.168.36.126:36914, ece43ade-c7f6-4378-8dfa-fbe6a8ab43cf:192.168.36.126:41805], old=null
2019-09-25 05:20:12,433 [grpc-default-executor-9] WARN  server.GrpcServerProtocolService (LogUtils.java:warn(136)) - a7793eff-ada5-4527-9e0b-a0fd078cd21b: Failed requestVote 6e4b8f72-2d03-4335-a109-8ce1569ec549->a7793eff-ada5-4527-9e0b-a0fd078cd21b#0
org.apache.ratis.protocol.GroupMismatchException: a7793eff-ada5-4527-9e0b-a0fd078cd21b: group-74FCAC2063C8 not found.
	at org.apache.ratis.server.impl.RaftServerProxy$ImplMap.get(RaftServerProxy.java:122)
	at org.apache.ratis.server.impl.RaftServerProxy.getImplFuture(RaftServerProxy.java:269)
	at org.apache.ratis.server.impl.RaftServerProxy.getImpl(RaftServerProxy.java:278)
	at org.apache.ratis.server.impl.RaftServerProxy.getImpl(RaftServerProxy.java:273)
	at org.apache.ratis.server.impl.RaftServerProxy.requestVote(RaftServerProxy.java:443)
	at org.apache.ratis.grpc.server.GrpcServerProtocolService.requestVote(GrpcServerProtocolService.java:142)
	at org.apache.ratis.proto.grpc.RaftServerProtocolServiceGrpc$MethodHandlers.invoke(RaftServerProtocolServiceGrpc.java:319)
	at org.apache.ratis.thirdparty.io.grpc.stub.ServerCalls$UnaryServerCallHandler$UnaryServerCallListener.onHalfClose(ServerCalls.java:171)
	at org.apache.ratis.thirdparty.io.grpc.internal.ServerCallImpl$ServerStreamListenerImpl.halfClosed(ServerCallImpl.java:283)
	at org.apache.ratis.thirdparty.io.grpc.internal.ServerImpl$JumpToApplicationThreadServerStreamListener$1HalfClosed.runInContext(ServerImpl.java:710)
	at org.apache.ratis.thirdparty.io.grpc.internal.ContextRunnable.run(ContextRunnable.java:37)
	at org.apache.ratis.thirdparty.io.grpc.internal.SerializingExecutor.run(SerializingExecutor.java:123)
	at java.util.concurrent.ThreadPoolExecutor.runWorker(ThreadPoolExecutor.java:1149)
	at java.util.concurrent.ThreadPoolExecutor$Worker.run(ThreadPoolExecutor.java:624)
	at java.lang.Thread.run(Thread.java:748)
2019-09-25 05:20:12,433 [8d1936ad-7e22-483e-8301-a12de2cdc2b5@group-E9952EC7D1B9:LeaderElection73] INFO  impl.LeaderElection (LeaderElection.java:logAndReturn(56)) - 8d1936ad-7e22-483e-8301-a12de2cdc2b5@group-E9952EC7D1B9:LeaderElection73: Election REJECTED; received 2 response(s) [8d1936ad-7e22-483e-8301-a12de2cdc2b5<-dc7ea896-6e80-4fed-8727-08f73144b1fc#0:FAIL-t8, 8d1936ad-7e22-483e-8301-a12de2cdc2b5<-a824d2a0-4471-4a6f-a232-f84ec650292b#0:FAIL-t8] and 0 exception(s); 8d1936ad-7e22-483e-8301-a12de2cdc2b5@group-E9952EC7D1B9:t8, leader=null, voted=8d1936ad-7e22-483e-8301-a12de2cdc2b5, raftlog=8d1936ad-7e22-483e-8301-a12de2cdc2b5@group-E9952EC7D1B9-SegmentedRaftLog:OPENED:c-1,f-1,i0, conf=-1: [8d1936ad-7e22-483e-8301-a12de2cdc2b5:192.168.36.126:34366, dc7ea896-6e80-4fed-8727-08f73144b1fc:192.168.36.126:42983, a824d2a0-4471-4a6f-a232-f84ec650292b:192.168.36.126:37611], old=null
2019-09-25 05:20:12,433 [6e4b8f72-2d03-4335-a109-8ce1569ec549@group-0A753E062AF5:LeaderElection77] INFO  impl.RaftServerImpl (RaftServerImpl.java:setRole(174)) - 6e4b8f72-2d03-4335-a109-8ce1569ec549@group-0A753E062AF5: changes role from CANDIDATE to FOLLOWER at term 8 for DISCOVERED_A_NEW_TERM
2019-09-25 05:20:12,434 [8d1936ad-7e22-483e-8301-a12de2cdc2b5@group-E9952EC7D1B9:LeaderElection73] INFO  impl.RaftServerImpl (RaftServerImpl.java:setRole(174)) - 8d1936ad-7e22-483e-8301-a12de2cdc2b5@group-E9952EC7D1B9: changes role from CANDIDATE to FOLLOWER at term 8 for DISCOVERED_A_NEW_TERM
2019-09-25 05:20:12,434 [6e4b8f72-2d03-4335-a109-8ce1569ec549@group-0A753E062AF5:LeaderElection77] INFO  impl.RoleInfo (RoleInfo.java:shutdownLeaderElection(134)) - 6e4b8f72-2d03-4335-a109-8ce1569ec549: shutdown LeaderElection
2019-09-25 05:20:12,434 [dc7ea896-6e80-4fed-8727-08f73144b1fc@group-E9952EC7D1B9:LeaderElection80] INFO  impl.LeaderElection (LeaderElection.java:logAndReturn(56)) - dc7ea896-6e80-4fed-8727-08f73144b1fc@group-E9952EC7D1B9:LeaderElection80: Election REJECTED; received 2 response(s) [dc7ea896-6e80-4fed-8727-08f73144b1fc<-8d1936ad-7e22-483e-8301-a12de2cdc2b5#0:FAIL-t8, dc7ea896-6e80-4fed-8727-08f73144b1fc<-a824d2a0-4471-4a6f-a232-f84ec650292b#0:FAIL-t8] and 0 exception(s); dc7ea896-6e80-4fed-8727-08f73144b1fc@group-E9952EC7D1B9:t8, leader=null, voted=dc7ea896-6e80-4fed-8727-08f73144b1fc, raftlog=dc7ea896-6e80-4fed-8727-08f73144b1fc@group-E9952EC7D1B9-SegmentedRaftLog:OPENED:c-1,f-1,i0, conf=-1: [8d1936ad-7e22-483e-8301-a12de2cdc2b5:192.168.36.126:34366, dc7ea896-6e80-4fed-8727-08f73144b1fc:192.168.36.126:42983, a824d2a0-4471-4a6f-a232-f84ec650292b:192.168.36.126:37611], old=null
2019-09-25 05:20:12,434 [8d1936ad-7e22-483e-8301-a12de2cdc2b5@group-E9952EC7D1B9:LeaderElection73] INFO  impl.RoleInfo (RoleInfo.java:shutdownLeaderElection(134)) - 8d1936ad-7e22-483e-8301-a12de2cdc2b5: shutdown LeaderElection
2019-09-25 05:20:12,435 [dc7ea896-6e80-4fed-8727-08f73144b1fc@group-E9952EC7D1B9:LeaderElection80] INFO  impl.RaftServerImpl (RaftServerImpl.java:setRole(174)) - dc7ea896-6e80-4fed-8727-08f73144b1fc@group-E9952EC7D1B9: changes role from CANDIDATE to FOLLOWER at term 8 for DISCOVERED_A_NEW_TERM
2019-09-25 05:20:12,435 [6e4b8f72-2d03-4335-a109-8ce1569ec549@group-0A753E062AF5:LeaderElection77] INFO  impl.RoleInfo (RoleInfo.java:updateAndGet(143)) - 6e4b8f72-2d03-4335-a109-8ce1569ec549: start FollowerState
2019-09-25 05:20:12,435 [dc7ea896-6e80-4fed-8727-08f73144b1fc@group-E9952EC7D1B9:LeaderElection80] INFO  impl.RoleInfo (RoleInfo.java:shutdownLeaderElection(134)) - dc7ea896-6e80-4fed-8727-08f73144b1fc: shutdown LeaderElection
2019-09-25 05:20:12,435 [8d1936ad-7e22-483e-8301-a12de2cdc2b5@group-E9952EC7D1B9:LeaderElection73] INFO  impl.RoleInfo (RoleInfo.java:updateAndGet(143)) - 8d1936ad-7e22-483e-8301-a12de2cdc2b5: start FollowerState
2019-09-25 05:20:12,436 [dc7ea896-6e80-4fed-8727-08f73144b1fc@group-E9952EC7D1B9:LeaderElection80] INFO  impl.RoleInfo (RoleInfo.java:updateAndGet(143)) - dc7ea896-6e80-4fed-8727-08f73144b1fc: start FollowerState
2019-09-25 05:20:12,436 [ece43ade-c7f6-4378-8dfa-fbe6a8ab43cf@group-74FCAC2063C8:LeaderElection76] INFO  impl.LeaderElection (LogUtils.java:infoOrTrace(149)) - ece43ade-c7f6-4378-8dfa-fbe6a8ab43cf@group-74FCAC2063C8:LeaderElection76 got exception when requesting votes: {}
java.util.concurrent.ExecutionException: org.apache.ratis.thirdparty.io.grpc.StatusRuntimeException: INTERNAL: a7793eff-ada5-4527-9e0b-a0fd078cd21b: group-74FCAC2063C8 not found.
	at java.util.concurrent.FutureTask.report(FutureTask.java:122)
	at java.util.concurrent.FutureTask.get(FutureTask.java:192)
	at org.apache.ratis.server.impl.LeaderElection.waitForResults(LeaderElection.java:263)
	at org.apache.ratis.server.impl.LeaderElection.askForVotes(LeaderElection.java:201)
	at org.apache.ratis.server.impl.LeaderElection.run(LeaderElection.java:133)
	at java.lang.Thread.run(Thread.java:748)
Caused by: org.apache.ratis.thirdparty.io.grpc.StatusRuntimeException: INTERNAL: a7793eff-ada5-4527-9e0b-a0fd078cd21b: group-74FCAC2063C8 not found.
	at org.apache.ratis.thirdparty.io.grpc.stub.ClientCalls.toStatusRuntimeException(ClientCalls.java:233)
	at org.apache.ratis.thirdparty.io.grpc.stub.ClientCalls.getUnchecked(ClientCalls.java:214)
	at org.apache.ratis.thirdparty.io.grpc.stub.ClientCalls.blockingUnaryCall(ClientCalls.java:139)
	at org.apache.ratis.proto.grpc.RaftServerProtocolServiceGrpc$RaftServerProtocolServiceBlockingStub.requestVote(RaftServerProtocolServiceGrpc.java:265)
	at org.apache.ratis.grpc.server.GrpcServerProtocolClient.requestVote(GrpcServerProtocolClient.java:90)
	at org.apache.ratis.grpc.server.GrpcService.requestVote(GrpcService.java:204)
	at org.apache.ratis.server.impl.LeaderElection.lambda$submitRequests$1(LeaderElection.java:238)
	at java.util.concurrent.FutureTask.run(FutureTask.java:266)
	at java.util.concurrent.Executors$RunnableAdapter.call(Executors.java:511)
	at java.util.concurrent.FutureTask.run(FutureTask.java:266)
	at java.util.concurrent.ThreadPoolExecutor.runWorker(ThreadPoolExecutor.java:1149)
	at java.util.concurrent.ThreadPoolExecutor$Worker.run(ThreadPoolExecutor.java:624)
	... 1 more
2019-09-25 05:20:12,440 [ece43ade-c7f6-4378-8dfa-fbe6a8ab43cf@group-0A753E062AF5:LeaderElection78] INFO  impl.LeaderElection (LeaderElection.java:logAndReturn(56)) - ece43ade-c7f6-4378-8dfa-fbe6a8ab43cf@group-0A753E062AF5:LeaderElection78: Election REJECTED; received 2 response(s) [ece43ade-c7f6-4378-8dfa-fbe6a8ab43cf<-6e4b8f72-2d03-4335-a109-8ce1569ec549#0:FAIL-t8, ece43ade-c7f6-4378-8dfa-fbe6a8ab43cf<-a7793eff-ada5-4527-9e0b-a0fd078cd21b#0:FAIL-t8] and 0 exception(s); ece43ade-c7f6-4378-8dfa-fbe6a8ab43cf@group-0A753E062AF5:t8, leader=null, voted=ece43ade-c7f6-4378-8dfa-fbe6a8ab43cf, raftlog=ece43ade-c7f6-4378-8dfa-fbe6a8ab43cf@group-0A753E062AF5-SegmentedRaftLog:OPENED:c-1,f-1,i0, conf=-1: [6e4b8f72-2d03-4335-a109-8ce1569ec549:192.168.36.126:38179, a7793eff-ada5-4527-9e0b-a0fd078cd21b:192.168.36.126:36914, ece43ade-c7f6-4378-8dfa-fbe6a8ab43cf:192.168.36.126:41805], old=null
2019-09-25 05:20:12,441 [ece43ade-c7f6-4378-8dfa-fbe6a8ab43cf@group-74FCAC2063C8:LeaderElection76] INFO  impl.LeaderElection (LeaderElection.java:logAndReturn(56)) - ece43ade-c7f6-4378-8dfa-fbe6a8ab43cf@group-74FCAC2063C8:LeaderElection76: Election REJECTED; received 1 response(s) [ece43ade-c7f6-4378-8dfa-fbe6a8ab43cf<-6e4b8f72-2d03-4335-a109-8ce1569ec549#0:FAIL-t8] and 1 exception(s); ece43ade-c7f6-4378-8dfa-fbe6a8ab43cf@group-74FCAC2063C8:t8, leader=null, voted=ece43ade-c7f6-4378-8dfa-fbe6a8ab43cf, raftlog=ece43ade-c7f6-4378-8dfa-fbe6a8ab43cf@group-74FCAC2063C8-SegmentedRaftLog:OPENED:c-1,f-1,i0, conf=-1: [6e4b8f72-2d03-4335-a109-8ce1569ec549:192.168.36.126:38179, a7793eff-ada5-4527-9e0b-a0fd078cd21b:192.168.36.126:36914, ece43ade-c7f6-4378-8dfa-fbe6a8ab43cf:192.168.36.126:41805], old=null
2019-09-25 05:20:12,441 [a824d2a0-4471-4a6f-a232-f84ec650292b@group-E9952EC7D1B9:LeaderElection79] INFO  impl.LeaderElection (LeaderElection.java:logAndReturn(56)) - a824d2a0-4471-4a6f-a232-f84ec650292b@group-E9952EC7D1B9:LeaderElection79: Election REJECTED; received 2 response(s) [a824d2a0-4471-4a6f-a232-f84ec650292b<-8d1936ad-7e22-483e-8301-a12de2cdc2b5#0:FAIL-t8, a824d2a0-4471-4a6f-a232-f84ec650292b<-dc7ea896-6e80-4fed-8727-08f73144b1fc#0:FAIL-t8] and 0 exception(s); a824d2a0-4471-4a6f-a232-f84ec650292b@group-E9952EC7D1B9:t8, leader=null, voted=a824d2a0-4471-4a6f-a232-f84ec650292b, raftlog=a824d2a0-4471-4a6f-a232-f84ec650292b@group-E9952EC7D1B9-SegmentedRaftLog:OPENED:c-1,f-1,i0, conf=-1: [8d1936ad-7e22-483e-8301-a12de2cdc2b5:192.168.36.126:34366, dc7ea896-6e80-4fed-8727-08f73144b1fc:192.168.36.126:42983, a824d2a0-4471-4a6f-a232-f84ec650292b:192.168.36.126:37611], old=null
2019-09-25 05:20:12,441 [ece43ade-c7f6-4378-8dfa-fbe6a8ab43cf@group-74FCAC2063C8:LeaderElection76] INFO  impl.LeaderElection (LogUtils.java:infoOrTrace(149)) -   Exception 0: {}
java.util.concurrent.ExecutionException: org.apache.ratis.thirdparty.io.grpc.StatusRuntimeException: INTERNAL: a7793eff-ada5-4527-9e0b-a0fd078cd21b: group-74FCAC2063C8 not found.
	at java.util.concurrent.FutureTask.report(FutureTask.java:122)
	at java.util.concurrent.FutureTask.get(FutureTask.java:192)
	at org.apache.ratis.server.impl.LeaderElection.waitForResults(LeaderElection.java:263)
	at org.apache.ratis.server.impl.LeaderElection.askForVotes(LeaderElection.java:201)
	at org.apache.ratis.server.impl.LeaderElection.run(LeaderElection.java:133)
	at java.lang.Thread.run(Thread.java:748)
Caused by: org.apache.ratis.thirdparty.io.grpc.StatusRuntimeException: INTERNAL: a7793eff-ada5-4527-9e0b-a0fd078cd21b: group-74FCAC2063C8 not found.
	at org.apache.ratis.thirdparty.io.grpc.stub.ClientCalls.toStatusRuntimeException(ClientCalls.java:233)
	at org.apache.ratis.thirdparty.io.grpc.stub.ClientCalls.getUnchecked(ClientCalls.java:214)
	at org.apache.ratis.thirdparty.io.grpc.stub.ClientCalls.blockingUnaryCall(ClientCalls.java:139)
	at org.apache.ratis.proto.grpc.RaftServerProtocolServiceGrpc$RaftServerProtocolServiceBlockingStub.requestVote(RaftServerProtocolServiceGrpc.java:265)
	at org.apache.ratis.grpc.server.GrpcServerProtocolClient.requestVote(GrpcServerProtocolClient.java:90)
	at org.apache.ratis.grpc.server.GrpcService.requestVote(GrpcService.java:204)
	at org.apache.ratis.server.impl.LeaderElection.lambda$submitRequests$1(LeaderElection.java:238)
	at java.util.concurrent.FutureTask.run(FutureTask.java:266)
	at java.util.concurrent.Executors$RunnableAdapter.call(Executors.java:511)
	at java.util.concurrent.FutureTask.run(FutureTask.java:266)
	at java.util.concurrent.ThreadPoolExecutor.runWorker(ThreadPoolExecutor.java:1149)
	at java.util.concurrent.ThreadPoolExecutor$Worker.run(ThreadPoolExecutor.java:624)
	... 1 more
2019-09-25 05:20:12,441 [ece43ade-c7f6-4378-8dfa-fbe6a8ab43cf@group-0A753E062AF5:LeaderElection78] INFO  impl.RaftServerImpl (RaftServerImpl.java:setRole(174)) - ece43ade-c7f6-4378-8dfa-fbe6a8ab43cf@group-0A753E062AF5: changes role from CANDIDATE to FOLLOWER at term 8 for DISCOVERED_A_NEW_TERM
2019-09-25 05:20:12,442 [ece43ade-c7f6-4378-8dfa-fbe6a8ab43cf@group-74FCAC2063C8:LeaderElection76] INFO  impl.RaftServerImpl (RaftServerImpl.java:setRole(174)) - ece43ade-c7f6-4378-8dfa-fbe6a8ab43cf@group-74FCAC2063C8: changes role from CANDIDATE to FOLLOWER at term 8 for DISCOVERED_A_NEW_TERM
2019-09-25 05:20:12,441 [6e4b8f72-2d03-4335-a109-8ce1569ec549@group-74FCAC2063C8:LeaderElection74] INFO  impl.LeaderElection (LogUtils.java:infoOrTrace(149)) - 6e4b8f72-2d03-4335-a109-8ce1569ec549@group-74FCAC2063C8:LeaderElection74 got exception when requesting votes: {}
java.util.concurrent.ExecutionException: org.apache.ratis.thirdparty.io.grpc.StatusRuntimeException: INTERNAL: a7793eff-ada5-4527-9e0b-a0fd078cd21b: group-74FCAC2063C8 not found.
	at java.util.concurrent.FutureTask.report(FutureTask.java:122)
	at java.util.concurrent.FutureTask.get(FutureTask.java:192)
	at org.apache.ratis.server.impl.LeaderElection.waitForResults(LeaderElection.java:263)
	at org.apache.ratis.server.impl.LeaderElection.askForVotes(LeaderElection.java:201)
	at org.apache.ratis.server.impl.LeaderElection.run(LeaderElection.java:133)
	at java.lang.Thread.run(Thread.java:748)
Caused by: org.apache.ratis.thirdparty.io.grpc.StatusRuntimeException: INTERNAL: a7793eff-ada5-4527-9e0b-a0fd078cd21b: group-74FCAC2063C8 not found.
	at org.apache.ratis.thirdparty.io.grpc.stub.ClientCalls.toStatusRuntimeException(ClientCalls.java:233)
	at org.apache.ratis.thirdparty.io.grpc.stub.ClientCalls.getUnchecked(ClientCalls.java:214)
	at org.apache.ratis.thirdparty.io.grpc.stub.ClientCalls.blockingUnaryCall(ClientCalls.java:139)
	at org.apache.ratis.proto.grpc.RaftServerProtocolServiceGrpc$RaftServerProtocolServiceBlockingStub.requestVote(RaftServerProtocolServiceGrpc.java:265)
	at org.apache.ratis.grpc.server.GrpcServerProtocolClient.requestVote(GrpcServerProtocolClient.java:90)
	at org.apache.ratis.grpc.server.GrpcService.requestVote(GrpcService.java:204)
	at org.apache.ratis.server.impl.LeaderElection.lambda$submitRequests$1(LeaderElection.java:238)
	at java.util.concurrent.FutureTask.run(FutureTask.java:266)
	at java.util.concurrent.Executors$RunnableAdapter.call(Executors.java:511)
	at java.util.concurrent.FutureTask.run(FutureTask.java:266)
	at java.util.concurrent.ThreadPoolExecutor.runWorker(ThreadPoolExecutor.java:1149)
	at java.util.concurrent.ThreadPoolExecutor$Worker.run(ThreadPoolExecutor.java:624)
	... 1 more
2019-09-25 05:20:12,441 [a824d2a0-4471-4a6f-a232-f84ec650292b@group-E9952EC7D1B9:LeaderElection79] INFO  impl.RaftServerImpl (RaftServerImpl.java:setRole(174)) - a824d2a0-4471-4a6f-a232-f84ec650292b@group-E9952EC7D1B9: changes role from CANDIDATE to FOLLOWER at term 8 for DISCOVERED_A_NEW_TERM
2019-09-25 05:20:12,445 [6e4b8f72-2d03-4335-a109-8ce1569ec549@group-74FCAC2063C8:LeaderElection74] INFO  impl.LeaderElection (LeaderElection.java:logAndReturn(56)) - 6e4b8f72-2d03-4335-a109-8ce1569ec549@group-74FCAC2063C8:LeaderElection74: Election REJECTED; received 1 response(s) [6e4b8f72-2d03-4335-a109-8ce1569ec549<-ece43ade-c7f6-4378-8dfa-fbe6a8ab43cf#0:FAIL-t8] and 1 exception(s); 6e4b8f72-2d03-4335-a109-8ce1569ec549@group-74FCAC2063C8:t8, leader=null, voted=6e4b8f72-2d03-4335-a109-8ce1569ec549, raftlog=6e4b8f72-2d03-4335-a109-8ce1569ec549@group-74FCAC2063C8-SegmentedRaftLog:OPENED:c-1,f-1,i0, conf=-1: [6e4b8f72-2d03-4335-a109-8ce1569ec549:192.168.36.126:38179, a7793eff-ada5-4527-9e0b-a0fd078cd21b:192.168.36.126:36914, ece43ade-c7f6-4378-8dfa-fbe6a8ab43cf:192.168.36.126:41805], old=null
2019-09-25 05:20:12,442 [ece43ade-c7f6-4378-8dfa-fbe6a8ab43cf@group-74FCAC2063C8:LeaderElection76] INFO  impl.RoleInfo (RoleInfo.java:shutdownLeaderElection(134)) - ece43ade-c7f6-4378-8dfa-fbe6a8ab43cf: shutdown LeaderElection
2019-09-25 05:20:12,442 [ece43ade-c7f6-4378-8dfa-fbe6a8ab43cf@group-0A753E062AF5:LeaderElection78] INFO  impl.RoleInfo (RoleInfo.java:shutdownLeaderElection(134)) - ece43ade-c7f6-4378-8dfa-fbe6a8ab43cf: shutdown LeaderElection
2019-09-25 05:20:12,446 [ece43ade-c7f6-4378-8dfa-fbe6a8ab43cf@group-74FCAC2063C8:LeaderElection76] INFO  impl.RoleInfo (RoleInfo.java:updateAndGet(143)) - ece43ade-c7f6-4378-8dfa-fbe6a8ab43cf: start FollowerState
2019-09-25 05:20:12,445 [6e4b8f72-2d03-4335-a109-8ce1569ec549@group-74FCAC2063C8:LeaderElection74] INFO  impl.LeaderElection (LogUtils.java:infoOrTrace(149)) -   Exception 0: {}
java.util.concurrent.ExecutionException: org.apache.ratis.thirdparty.io.grpc.StatusRuntimeException: INTERNAL: a7793eff-ada5-4527-9e0b-a0fd078cd21b: group-74FCAC2063C8 not found.
	at java.util.concurrent.FutureTask.report(FutureTask.java:122)
	at java.util.concurrent.FutureTask.get(FutureTask.java:192)
	at org.apache.ratis.server.impl.LeaderElection.waitForResults(LeaderElection.java:263)
	at org.apache.ratis.server.impl.LeaderElection.askForVotes(LeaderElection.java:201)
	at org.apache.ratis.server.impl.LeaderElection.run(LeaderElection.java:133)
	at java.lang.Thread.run(Thread.java:748)
Caused by: org.apache.ratis.thirdparty.io.grpc.StatusRuntimeException: INTERNAL: a7793eff-ada5-4527-9e0b-a0fd078cd21b: group-74FCAC2063C8 not found.
	at org.apache.ratis.thirdparty.io.grpc.stub.ClientCalls.toStatusRuntimeException(ClientCalls.java:233)
	at org.apache.ratis.thirdparty.io.grpc.stub.ClientCalls.getUnchecked(ClientCalls.java:214)
	at org.apache.ratis.thirdparty.io.grpc.stub.ClientCalls.blockingUnaryCall(ClientCalls.java:139)
	at org.apache.ratis.proto.grpc.RaftServerProtocolServiceGrpc$RaftServerProtocolServiceBlockingStub.requestVote(RaftServerProtocolServiceGrpc.java:265)
	at org.apache.ratis.grpc.server.GrpcServerProtocolClient.requestVote(GrpcServerProtocolClient.java:90)
	at org.apache.ratis.grpc.server.GrpcService.requestVote(GrpcService.java:204)
	at org.apache.ratis.server.impl.LeaderElection.lambda$submitRequests$1(LeaderElection.java:238)
	at java.util.concurrent.FutureTask.run(FutureTask.java:266)
	at java.util.concurrent.Executors$RunnableAdapter.call(Executors.java:511)
	at java.util.concurrent.FutureTask.run(FutureTask.java:266)
	at java.util.concurrent.ThreadPoolExecutor.runWorker(ThreadPoolExecutor.java:1149)
	at java.util.concurrent.ThreadPoolExecutor$Worker.run(ThreadPoolExecutor.java:624)
	... 1 more
2019-09-25 05:20:12,445 [a824d2a0-4471-4a6f-a232-f84ec650292b@group-E9952EC7D1B9:LeaderElection79] INFO  impl.RoleInfo (RoleInfo.java:shutdownLeaderElection(134)) - a824d2a0-4471-4a6f-a232-f84ec650292b: shutdown LeaderElection
2019-09-25 05:20:12,447 [6e4b8f72-2d03-4335-a109-8ce1569ec549@group-74FCAC2063C8:LeaderElection74] INFO  impl.RaftServerImpl (RaftServerImpl.java:setRole(174)) - 6e4b8f72-2d03-4335-a109-8ce1569ec549@group-74FCAC2063C8: changes role from CANDIDATE to FOLLOWER at term 8 for DISCOVERED_A_NEW_TERM
2019-09-25 05:20:12,447 [6e4b8f72-2d03-4335-a109-8ce1569ec549@group-74FCAC2063C8:LeaderElection74] INFO  impl.RoleInfo (RoleInfo.java:shutdownLeaderElection(134)) - 6e4b8f72-2d03-4335-a109-8ce1569ec549: shutdown LeaderElection
2019-09-25 05:20:12,446 [ece43ade-c7f6-4378-8dfa-fbe6a8ab43cf@group-0A753E062AF5:LeaderElection78] INFO  impl.RoleInfo (RoleInfo.java:updateAndGet(143)) - ece43ade-c7f6-4378-8dfa-fbe6a8ab43cf: start FollowerState
2019-09-25 05:20:12,447 [6e4b8f72-2d03-4335-a109-8ce1569ec549@group-74FCAC2063C8:LeaderElection74] INFO  impl.RoleInfo (RoleInfo.java:updateAndGet(143)) - 6e4b8f72-2d03-4335-a109-8ce1569ec549: start FollowerState
2019-09-25 05:20:12,447 [a824d2a0-4471-4a6f-a232-f84ec650292b@group-E9952EC7D1B9:LeaderElection79] INFO  impl.RoleInfo (RoleInfo.java:updateAndGet(143)) - a824d2a0-4471-4a6f-a232-f84ec650292b: start FollowerState
2019-09-25 05:20:13,999 [java.util.concurrent.ThreadPoolExecutor$Worker@6c4ccbe7[State = -1, empty queue]] WARN  server.GrpcLogAppender (GrpcLogAppender.java:timeoutAppendRequest(200)) - 6e4b8f72-2d03-4335-a109-8ce1569ec549@group-8C538AEF5C3F->a7793eff-ada5-4527-9e0b-a0fd078cd21b-GrpcLogAppender: appendEntries Timeout, request=6e4b8f72-2d03-4335-a109-8ce1569ec549->a7793eff-ada5-4527-9e0b-a0fd078cd21b#18-t3, previous=(t:3, i:0), leaderCommit=0, initializing? false, entries: <empty>
2019-09-25 05:20:16,502 [java.util.concurrent.ThreadPoolExecutor$Worker@6c4ccbe7[State = -1, empty queue]] WARN  server.GrpcLogAppender (GrpcLogAppender.java:timeoutAppendRequest(200)) - 6e4b8f72-2d03-4335-a109-8ce1569ec549@group-8C538AEF5C3F->a7793eff-ada5-4527-9e0b-a0fd078cd21b-GrpcLogAppender: appendEntries Timeout, request=6e4b8f72-2d03-4335-a109-8ce1569ec549->a7793eff-ada5-4527-9e0b-a0fd078cd21b#19-t3, previous=(t:3, i:0), leaderCommit=0, initializing? false, entries: <empty>
2019-09-25 05:20:17,476 [Thread-764] INFO  impl.FollowerState (FollowerState.java:run(106)) - dc7ea896-6e80-4fed-8727-08f73144b1fc:group-E9952EC7D1B9 changes to CANDIDATE, lastRpcTime:5040, electionTimeout:5039ms
2019-09-25 05:20:17,477 [Thread-764] INFO  impl.RoleInfo (RoleInfo.java:shutdownFollowerState(121)) - dc7ea896-6e80-4fed-8727-08f73144b1fc: shutdown FollowerState
2019-09-25 05:20:17,477 [Thread-764] INFO  impl.RaftServerImpl (RaftServerImpl.java:setRole(174)) - dc7ea896-6e80-4fed-8727-08f73144b1fc@group-E9952EC7D1B9: changes role from  FOLLOWER to CANDIDATE at term 8 for changeToCandidate
2019-09-25 05:20:17,477 [Thread-764] INFO  impl.RoleInfo (RoleInfo.java:updateAndGet(143)) - dc7ea896-6e80-4fed-8727-08f73144b1fc: start LeaderElection
2019-09-25 05:20:17,490 [Thread-761] INFO  impl.FollowerState (FollowerState.java:run(106)) - a7793eff-ada5-4527-9e0b-a0fd078cd21b:group-0A753E062AF5 changes to CANDIDATE, lastRpcTime:5057, electionTimeout:5057ms
2019-09-25 05:20:17,490 [Thread-761] INFO  impl.RoleInfo (RoleInfo.java:shutdownFollowerState(121)) - a7793eff-ada5-4527-9e0b-a0fd078cd21b: shutdown FollowerState
2019-09-25 05:20:17,490 [Thread-761] INFO  impl.RaftServerImpl (RaftServerImpl.java:setRole(174)) - a7793eff-ada5-4527-9e0b-a0fd078cd21b@group-0A753E062AF5: changes role from  FOLLOWER to CANDIDATE at term 8 for changeToCandidate
2019-09-25 05:20:17,490 [Thread-761] INFO  impl.RoleInfo (RoleInfo.java:updateAndGet(143)) - a7793eff-ada5-4527-9e0b-a0fd078cd21b: start LeaderElection
2019-09-25 05:20:17,496 [Thread-766] INFO  impl.FollowerState (FollowerState.java:run(106)) - ece43ade-c7f6-4378-8dfa-fbe6a8ab43cf:group-0A753E062AF5 changes to CANDIDATE, lastRpcTime:5050, electionTimeout:5048ms
2019-09-25 05:20:17,496 [Thread-766] INFO  impl.RoleInfo (RoleInfo.java:shutdownFollowerState(121)) - ece43ade-c7f6-4378-8dfa-fbe6a8ab43cf: shutdown FollowerState
2019-09-25 05:20:17,496 [Thread-766] INFO  impl.RaftServerImpl (RaftServerImpl.java:setRole(174)) - ece43ade-c7f6-4378-8dfa-fbe6a8ab43cf@group-0A753E062AF5: changes role from  FOLLOWER to CANDIDATE at term 8 for changeToCandidate
2019-09-25 05:20:17,497 [Thread-766] INFO  impl.RoleInfo (RoleInfo.java:updateAndGet(143)) - ece43ade-c7f6-4378-8dfa-fbe6a8ab43cf: start LeaderElection
2019-09-25 05:20:17,582 [Thread-763] INFO  impl.FollowerState (FollowerState.java:run(106)) - 8d1936ad-7e22-483e-8301-a12de2cdc2b5:group-E9952EC7D1B9 changes to CANDIDATE, lastRpcTime:5146, electionTimeout:5145ms
2019-09-25 05:20:17,582 [Thread-763] INFO  impl.RoleInfo (RoleInfo.java:shutdownFollowerState(121)) - 8d1936ad-7e22-483e-8301-a12de2cdc2b5: shutdown FollowerState
2019-09-25 05:20:17,582 [Thread-763] INFO  impl.RaftServerImpl (RaftServerImpl.java:setRole(174)) - 8d1936ad-7e22-483e-8301-a12de2cdc2b5@group-E9952EC7D1B9: changes role from  FOLLOWER to CANDIDATE at term 8 for changeToCandidate
2019-09-25 05:20:17,582 [Thread-763] INFO  impl.RoleInfo (RoleInfo.java:updateAndGet(143)) - 8d1936ad-7e22-483e-8301-a12de2cdc2b5: start LeaderElection
2019-09-25 05:20:17,584 [Thread-767] INFO  impl.FollowerState (FollowerState.java:run(106)) - a824d2a0-4471-4a6f-a232-f84ec650292b:group-E9952EC7D1B9 changes to CANDIDATE, lastRpcTime:5137, electionTimeout:5136ms
2019-09-25 05:20:17,585 [Thread-767] INFO  impl.RoleInfo (RoleInfo.java:shutdownFollowerState(121)) - a824d2a0-4471-4a6f-a232-f84ec650292b: shutdown FollowerState
2019-09-25 05:20:17,585 [Thread-767] INFO  impl.RaftServerImpl (RaftServerImpl.java:setRole(174)) - a824d2a0-4471-4a6f-a232-f84ec650292b@group-E9952EC7D1B9: changes role from  FOLLOWER to CANDIDATE at term 8 for changeToCandidate
2019-09-25 05:20:17,585 [Thread-767] INFO  impl.RoleInfo (RoleInfo.java:updateAndGet(143)) - a824d2a0-4471-4a6f-a232-f84ec650292b: start LeaderElection
2019-09-25 05:20:17,588 [Thread-762] INFO  impl.FollowerState (FollowerState.java:run(106)) - 6e4b8f72-2d03-4335-a109-8ce1569ec549:group-0A753E062AF5 changes to CANDIDATE, lastRpcTime:5153, electionTimeout:5152ms
2019-09-25 05:20:17,588 [Thread-762] INFO  impl.RoleInfo (RoleInfo.java:shutdownFollowerState(121)) - 6e4b8f72-2d03-4335-a109-8ce1569ec549: shutdown FollowerState
2019-09-25 05:20:17,588 [Thread-762] INFO  impl.RaftServerImpl (RaftServerImpl.java:setRole(174)) - 6e4b8f72-2d03-4335-a109-8ce1569ec549@group-0A753E062AF5: changes role from  FOLLOWER to CANDIDATE at term 8 for changeToCandidate
2019-09-25 05:20:17,588 [Thread-762] INFO  impl.RoleInfo (RoleInfo.java:updateAndGet(143)) - 6e4b8f72-2d03-4335-a109-8ce1569ec549: start LeaderElection
2019-09-25 05:20:17,644 [Thread-765] INFO  impl.FollowerState (FollowerState.java:run(106)) - ece43ade-c7f6-4378-8dfa-fbe6a8ab43cf:group-74FCAC2063C8 changes to CANDIDATE, lastRpcTime:5198, electionTimeout:5197ms
2019-09-25 05:20:17,644 [Thread-765] INFO  impl.RoleInfo (RoleInfo.java:shutdownFollowerState(121)) - ece43ade-c7f6-4378-8dfa-fbe6a8ab43cf: shutdown FollowerState
2019-09-25 05:20:17,644 [Thread-765] INFO  impl.RaftServerImpl (RaftServerImpl.java:setRole(174)) - ece43ade-c7f6-4378-8dfa-fbe6a8ab43cf@group-74FCAC2063C8: changes role from  FOLLOWER to CANDIDATE at term 8 for changeToCandidate
2019-09-25 05:20:17,644 [Thread-765] INFO  impl.RoleInfo (RoleInfo.java:updateAndGet(143)) - ece43ade-c7f6-4378-8dfa-fbe6a8ab43cf: start LeaderElection
2019-09-25 05:20:17,648 [Thread-768] INFO  impl.FollowerState (FollowerState.java:run(106)) - 6e4b8f72-2d03-4335-a109-8ce1569ec549:group-74FCAC2063C8 changes to CANDIDATE, lastRpcTime:5201, electionTimeout:5200ms
2019-09-25 05:20:17,649 [Thread-768] INFO  impl.RoleInfo (RoleInfo.java:shutdownFollowerState(121)) - 6e4b8f72-2d03-4335-a109-8ce1569ec549: shutdown FollowerState
2019-09-25 05:20:17,649 [Thread-768] INFO  impl.RaftServerImpl (RaftServerImpl.java:setRole(174)) - 6e4b8f72-2d03-4335-a109-8ce1569ec549@group-74FCAC2063C8: changes role from  FOLLOWER to CANDIDATE at term 8 for changeToCandidate
2019-09-25 05:20:17,649 [Thread-768] INFO  impl.RoleInfo (RoleInfo.java:updateAndGet(143)) - 6e4b8f72-2d03-4335-a109-8ce1569ec549: start LeaderElection
2019-09-25 05:20:18,255 [6e4b8f72-2d03-4335-a109-8ce1569ec549@group-74FCAC2063C8:LeaderElection88] INFO  impl.LeaderElection (LeaderElection.java:askForVotes(182)) - 6e4b8f72-2d03-4335-a109-8ce1569ec549@group-74FCAC2063C8:LeaderElection88: begin an election at term 9 for -1: [6e4b8f72-2d03-4335-a109-8ce1569ec549:192.168.36.126:38179, a7793eff-ada5-4527-9e0b-a0fd078cd21b:192.168.36.126:36914, ece43ade-c7f6-4378-8dfa-fbe6a8ab43cf:192.168.36.126:41805], old=null
2019-09-25 05:20:18,255 [ece43ade-c7f6-4378-8dfa-fbe6a8ab43cf@group-74FCAC2063C8:LeaderElection87] INFO  impl.LeaderElection (LeaderElection.java:askForVotes(182)) - ece43ade-c7f6-4378-8dfa-fbe6a8ab43cf@group-74FCAC2063C8:LeaderElection87: begin an election at term 9 for -1: [6e4b8f72-2d03-4335-a109-8ce1569ec549:192.168.36.126:38179, a7793eff-ada5-4527-9e0b-a0fd078cd21b:192.168.36.126:36914, ece43ade-c7f6-4378-8dfa-fbe6a8ab43cf:192.168.36.126:41805], old=null
2019-09-25 05:20:18,255 [6e4b8f72-2d03-4335-a109-8ce1569ec549@group-0A753E062AF5:LeaderElection86] INFO  impl.LeaderElection (LeaderElection.java:askForVotes(182)) - 6e4b8f72-2d03-4335-a109-8ce1569ec549@group-0A753E062AF5:LeaderElection86: begin an election at term 9 for -1: [6e4b8f72-2d03-4335-a109-8ce1569ec549:192.168.36.126:38179, a7793eff-ada5-4527-9e0b-a0fd078cd21b:192.168.36.126:36914, ece43ade-c7f6-4378-8dfa-fbe6a8ab43cf:192.168.36.126:41805], old=null
2019-09-25 05:20:18,255 [8d1936ad-7e22-483e-8301-a12de2cdc2b5@group-E9952EC7D1B9:LeaderElection84] INFO  impl.LeaderElection (LeaderElection.java:askForVotes(182)) - 8d1936ad-7e22-483e-8301-a12de2cdc2b5@group-E9952EC7D1B9:LeaderElection84: begin an election at term 9 for -1: [8d1936ad-7e22-483e-8301-a12de2cdc2b5:192.168.36.126:34366, dc7ea896-6e80-4fed-8727-08f73144b1fc:192.168.36.126:42983, a824d2a0-4471-4a6f-a232-f84ec650292b:192.168.36.126:37611], old=null
2019-09-25 05:20:18,255 [ece43ade-c7f6-4378-8dfa-fbe6a8ab43cf@group-0A753E062AF5:LeaderElection83] INFO  impl.LeaderElection (LeaderElection.java:askForVotes(182)) - ece43ade-c7f6-4378-8dfa-fbe6a8ab43cf@group-0A753E062AF5:LeaderElection83: begin an election at term 9 for -1: [6e4b8f72-2d03-4335-a109-8ce1569ec549:192.168.36.126:38179, a7793eff-ada5-4527-9e0b-a0fd078cd21b:192.168.36.126:36914, ece43ade-c7f6-4378-8dfa-fbe6a8ab43cf:192.168.36.126:41805], old=null
2019-09-25 05:20:18,255 [a824d2a0-4471-4a6f-a232-f84ec650292b@group-E9952EC7D1B9:LeaderElection85] INFO  impl.LeaderElection (LeaderElection.java:askForVotes(182)) - a824d2a0-4471-4a6f-a232-f84ec650292b@group-E9952EC7D1B9:LeaderElection85: begin an election at term 9 for -1: [8d1936ad-7e22-483e-8301-a12de2cdc2b5:192.168.36.126:34366, dc7ea896-6e80-4fed-8727-08f73144b1fc:192.168.36.126:42983, a824d2a0-4471-4a6f-a232-f84ec650292b:192.168.36.126:37611], old=null
2019-09-25 05:20:18,255 [a7793eff-ada5-4527-9e0b-a0fd078cd21b@group-0A753E062AF5:LeaderElection82] INFO  impl.LeaderElection (LeaderElection.java:askForVotes(182)) - a7793eff-ada5-4527-9e0b-a0fd078cd21b@group-0A753E062AF5:LeaderElection82: begin an election at term 9 for -1: [6e4b8f72-2d03-4335-a109-8ce1569ec549:192.168.36.126:38179, a7793eff-ada5-4527-9e0b-a0fd078cd21b:192.168.36.126:36914, ece43ade-c7f6-4378-8dfa-fbe6a8ab43cf:192.168.36.126:41805], old=null
2019-09-25 05:20:18,255 [dc7ea896-6e80-4fed-8727-08f73144b1fc@group-E9952EC7D1B9:LeaderElection81] INFO  impl.LeaderElection (LeaderElection.java:askForVotes(182)) - dc7ea896-6e80-4fed-8727-08f73144b1fc@group-E9952EC7D1B9:LeaderElection81: begin an election at term 9 for -1: [8d1936ad-7e22-483e-8301-a12de2cdc2b5:192.168.36.126:34366, dc7ea896-6e80-4fed-8727-08f73144b1fc:192.168.36.126:42983, a824d2a0-4471-4a6f-a232-f84ec650292b:192.168.36.126:37611], old=null
2019-09-25 05:20:18,263 [grpc-default-executor-9] WARN  server.GrpcServerProtocolService (LogUtils.java:warn(136)) - a7793eff-ada5-4527-9e0b-a0fd078cd21b: Failed requestVote 6e4b8f72-2d03-4335-a109-8ce1569ec549->a7793eff-ada5-4527-9e0b-a0fd078cd21b#0
org.apache.ratis.protocol.GroupMismatchException: a7793eff-ada5-4527-9e0b-a0fd078cd21b: group-74FCAC2063C8 not found.
	at org.apache.ratis.server.impl.RaftServerProxy$ImplMap.get(RaftServerProxy.java:122)
	at org.apache.ratis.server.impl.RaftServerProxy.getImplFuture(RaftServerProxy.java:269)
	at org.apache.ratis.server.impl.RaftServerProxy.getImpl(RaftServerProxy.java:278)
	at org.apache.ratis.server.impl.RaftServerProxy.getImpl(RaftServerProxy.java:273)
	at org.apache.ratis.server.impl.RaftServerProxy.requestVote(RaftServerProxy.java:443)
	at org.apache.ratis.grpc.server.GrpcServerProtocolService.requestVote(GrpcServerProtocolService.java:142)
	at org.apache.ratis.proto.grpc.RaftServerProtocolServiceGrpc$MethodHandlers.invoke(RaftServerProtocolServiceGrpc.java:319)
	at org.apache.ratis.thirdparty.io.grpc.stub.ServerCalls$UnaryServerCallHandler$UnaryServerCallListener.onHalfClose(ServerCalls.java:171)
	at org.apache.ratis.thirdparty.io.grpc.internal.ServerCallImpl$ServerStreamListenerImpl.halfClosed(ServerCallImpl.java:283)
	at org.apache.ratis.thirdparty.io.grpc.internal.ServerImpl$JumpToApplicationThreadServerStreamListener$1HalfClosed.runInContext(ServerImpl.java:710)
	at org.apache.ratis.thirdparty.io.grpc.internal.ContextRunnable.run(ContextRunnable.java:37)
	at org.apache.ratis.thirdparty.io.grpc.internal.SerializingExecutor.run(SerializingExecutor.java:123)
	at java.util.concurrent.ThreadPoolExecutor.runWorker(ThreadPoolExecutor.java:1149)
	at java.util.concurrent.ThreadPoolExecutor$Worker.run(ThreadPoolExecutor.java:624)
	at java.lang.Thread.run(Thread.java:748)
2019-09-25 05:20:18,264 [a824d2a0-4471-4a6f-a232-f84ec650292b@group-E9952EC7D1B9:LeaderElection85] INFO  impl.LeaderElection (LeaderElection.java:logAndReturn(56)) - a824d2a0-4471-4a6f-a232-f84ec650292b@group-E9952EC7D1B9:LeaderElection85: Election REJECTED; received 2 response(s) [a824d2a0-4471-4a6f-a232-f84ec650292b<-8d1936ad-7e22-483e-8301-a12de2cdc2b5#0:FAIL-t9, a824d2a0-4471-4a6f-a232-f84ec650292b<-dc7ea896-6e80-4fed-8727-08f73144b1fc#0:FAIL-t9] and 0 exception(s); a824d2a0-4471-4a6f-a232-f84ec650292b@group-E9952EC7D1B9:t9, leader=null, voted=a824d2a0-4471-4a6f-a232-f84ec650292b, raftlog=a824d2a0-4471-4a6f-a232-f84ec650292b@group-E9952EC7D1B9-SegmentedRaftLog:OPENED:c-1,f-1,i0, conf=-1: [8d1936ad-7e22-483e-8301-a12de2cdc2b5:192.168.36.126:34366, dc7ea896-6e80-4fed-8727-08f73144b1fc:192.168.36.126:42983, a824d2a0-4471-4a6f-a232-f84ec650292b:192.168.36.126:37611], old=null
2019-09-25 05:20:18,265 [a824d2a0-4471-4a6f-a232-f84ec650292b@group-E9952EC7D1B9:LeaderElection85] INFO  impl.RaftServerImpl (RaftServerImpl.java:setRole(174)) - a824d2a0-4471-4a6f-a232-f84ec650292b@group-E9952EC7D1B9: changes role from CANDIDATE to FOLLOWER at term 9 for DISCOVERED_A_NEW_TERM
2019-09-25 05:20:18,265 [a824d2a0-4471-4a6f-a232-f84ec650292b@group-E9952EC7D1B9:LeaderElection85] INFO  impl.RoleInfo (RoleInfo.java:shutdownLeaderElection(134)) - a824d2a0-4471-4a6f-a232-f84ec650292b: shutdown LeaderElection
2019-09-25 05:20:18,265 [a824d2a0-4471-4a6f-a232-f84ec650292b@group-E9952EC7D1B9:LeaderElection85] INFO  impl.RoleInfo (RoleInfo.java:updateAndGet(143)) - a824d2a0-4471-4a6f-a232-f84ec650292b: start FollowerState
2019-09-25 05:20:18,268 [grpc-default-executor-9] WARN  server.GrpcServerProtocolService (LogUtils.java:warn(136)) - a7793eff-ada5-4527-9e0b-a0fd078cd21b: Failed requestVote ece43ade-c7f6-4378-8dfa-fbe6a8ab43cf->a7793eff-ada5-4527-9e0b-a0fd078cd21b#0
org.apache.ratis.protocol.GroupMismatchException: a7793eff-ada5-4527-9e0b-a0fd078cd21b: group-74FCAC2063C8 not found.
	at org.apache.ratis.server.impl.RaftServerProxy$ImplMap.get(RaftServerProxy.java:122)
	at org.apache.ratis.server.impl.RaftServerProxy.getImplFuture(RaftServerProxy.java:269)
	at org.apache.ratis.server.impl.RaftServerProxy.getImpl(RaftServerProxy.java:278)
	at org.apache.ratis.server.impl.RaftServerProxy.getImpl(RaftServerProxy.java:273)
	at org.apache.ratis.server.impl.RaftServerProxy.requestVote(RaftServerProxy.java:443)
	at org.apache.ratis.grpc.server.GrpcServerProtocolService.requestVote(GrpcServerProtocolService.java:142)
	at org.apache.ratis.proto.grpc.RaftServerProtocolServiceGrpc$MethodHandlers.invoke(RaftServerProtocolServiceGrpc.java:319)
	at org.apache.ratis.thirdparty.io.grpc.stub.ServerCalls$UnaryServerCallHandler$UnaryServerCallListener.onHalfClose(ServerCalls.java:171)
	at org.apache.ratis.thirdparty.io.grpc.internal.ServerCallImpl$ServerStreamListenerImpl.halfClosed(ServerCallImpl.java:283)
	at org.apache.ratis.thirdparty.io.grpc.internal.ServerImpl$JumpToApplicationThreadServerStreamListener$1HalfClosed.runInContext(ServerImpl.java:710)
	at org.apache.ratis.thirdparty.io.grpc.internal.ContextRunnable.run(ContextRunnable.java:37)
	at org.apache.ratis.thirdparty.io.grpc.internal.SerializingExecutor.run(SerializingExecutor.java:123)
	at java.util.concurrent.ThreadPoolExecutor.runWorker(ThreadPoolExecutor.java:1149)
	at java.util.concurrent.ThreadPoolExecutor$Worker.run(ThreadPoolExecutor.java:624)
	at java.lang.Thread.run(Thread.java:748)
2019-09-25 05:20:18,268 [a7793eff-ada5-4527-9e0b-a0fd078cd21b@group-0A753E062AF5:LeaderElection82] INFO  impl.LeaderElection (LeaderElection.java:logAndReturn(56)) - a7793eff-ada5-4527-9e0b-a0fd078cd21b@group-0A753E062AF5:LeaderElection82: Election REJECTED; received 2 response(s) [a7793eff-ada5-4527-9e0b-a0fd078cd21b<-6e4b8f72-2d03-4335-a109-8ce1569ec549#0:FAIL-t9, a7793eff-ada5-4527-9e0b-a0fd078cd21b<-ece43ade-c7f6-4378-8dfa-fbe6a8ab43cf#0:FAIL-t9] and 0 exception(s); a7793eff-ada5-4527-9e0b-a0fd078cd21b@group-0A753E062AF5:t9, leader=null, voted=a7793eff-ada5-4527-9e0b-a0fd078cd21b, raftlog=a7793eff-ada5-4527-9e0b-a0fd078cd21b@group-0A753E062AF5-SegmentedRaftLog:OPENED:c-1,f-1,i0, conf=-1: [6e4b8f72-2d03-4335-a109-8ce1569ec549:192.168.36.126:38179, a7793eff-ada5-4527-9e0b-a0fd078cd21b:192.168.36.126:36914, ece43ade-c7f6-4378-8dfa-fbe6a8ab43cf:192.168.36.126:41805], old=null
2019-09-25 05:20:18,270 [a7793eff-ada5-4527-9e0b-a0fd078cd21b@group-0A753E062AF5:LeaderElection82] INFO  impl.RaftServerImpl (RaftServerImpl.java:setRole(174)) - a7793eff-ada5-4527-9e0b-a0fd078cd21b@group-0A753E062AF5: changes role from CANDIDATE to FOLLOWER at term 9 for DISCOVERED_A_NEW_TERM
2019-09-25 05:20:18,270 [6e4b8f72-2d03-4335-a109-8ce1569ec549@group-0A753E062AF5:LeaderElection86] INFO  impl.LeaderElection (LeaderElection.java:logAndReturn(56)) - 6e4b8f72-2d03-4335-a109-8ce1569ec549@group-0A753E062AF5:LeaderElection86: Election REJECTED; received 2 response(s) [6e4b8f72-2d03-4335-a109-8ce1569ec549<-a7793eff-ada5-4527-9e0b-a0fd078cd21b#0:FAIL-t9, 6e4b8f72-2d03-4335-a109-8ce1569ec549<-ece43ade-c7f6-4378-8dfa-fbe6a8ab43cf#0:FAIL-t9] and 0 exception(s); 6e4b8f72-2d03-4335-a109-8ce1569ec549@group-0A753E062AF5:t9, leader=null, voted=6e4b8f72-2d03-4335-a109-8ce1569ec549, raftlog=6e4b8f72-2d03-4335-a109-8ce1569ec549@group-0A753E062AF5-SegmentedRaftLog:OPENED:c-1,f-1,i0, conf=-1: [6e4b8f72-2d03-4335-a109-8ce1569ec549:192.168.36.126:38179, a7793eff-ada5-4527-9e0b-a0fd078cd21b:192.168.36.126:36914, ece43ade-c7f6-4378-8dfa-fbe6a8ab43cf:192.168.36.126:41805], old=null
2019-09-25 05:20:18,270 [a7793eff-ada5-4527-9e0b-a0fd078cd21b@group-0A753E062AF5:LeaderElection82] INFO  impl.RoleInfo (RoleInfo.java:shutdownLeaderElection(134)) - a7793eff-ada5-4527-9e0b-a0fd078cd21b: shutdown LeaderElection
2019-09-25 05:20:18,270 [6e4b8f72-2d03-4335-a109-8ce1569ec549@group-0A753E062AF5:LeaderElection86] INFO  impl.RaftServerImpl (RaftServerImpl.java:setRole(174)) - 6e4b8f72-2d03-4335-a109-8ce1569ec549@group-0A753E062AF5: changes role from CANDIDATE to FOLLOWER at term 9 for DISCOVERED_A_NEW_TERM
2019-09-25 05:20:18,270 [8d1936ad-7e22-483e-8301-a12de2cdc2b5@group-E9952EC7D1B9:LeaderElection84] INFO  impl.LeaderElection (LeaderElection.java:logAndReturn(56)) - 8d1936ad-7e22-483e-8301-a12de2cdc2b5@group-E9952EC7D1B9:LeaderElection84: Election REJECTED; received 2 response(s) [8d1936ad-7e22-483e-8301-a12de2cdc2b5<-dc7ea896-6e80-4fed-8727-08f73144b1fc#0:FAIL-t9, 8d1936ad-7e22-483e-8301-a12de2cdc2b5<-a824d2a0-4471-4a6f-a232-f84ec650292b#0:FAIL-t9] and 0 exception(s); 8d1936ad-7e22-483e-8301-a12de2cdc2b5@group-E9952EC7D1B9:t9, leader=null, voted=8d1936ad-7e22-483e-8301-a12de2cdc2b5, raftlog=8d1936ad-7e22-483e-8301-a12de2cdc2b5@group-E9952EC7D1B9-SegmentedRaftLog:OPENED:c-1,f-1,i0, conf=-1: [8d1936ad-7e22-483e-8301-a12de2cdc2b5:192.168.36.126:34366, dc7ea896-6e80-4fed-8727-08f73144b1fc:192.168.36.126:42983, a824d2a0-4471-4a6f-a232-f84ec650292b:192.168.36.126:37611], old=null
2019-09-25 05:20:18,270 [a7793eff-ada5-4527-9e0b-a0fd078cd21b@group-0A753E062AF5:LeaderElection82] INFO  impl.RoleInfo (RoleInfo.java:updateAndGet(143)) - a7793eff-ada5-4527-9e0b-a0fd078cd21b: start FollowerState
2019-09-25 05:20:18,270 [6e4b8f72-2d03-4335-a109-8ce1569ec549@group-74FCAC2063C8:LeaderElection88] INFO  impl.LeaderElection (LogUtils.java:infoOrTrace(149)) - 6e4b8f72-2d03-4335-a109-8ce1569ec549@group-74FCAC2063C8:LeaderElection88 got exception when requesting votes: {}
java.util.concurrent.ExecutionException: org.apache.ratis.thirdparty.io.grpc.StatusRuntimeException: INTERNAL: a7793eff-ada5-4527-9e0b-a0fd078cd21b: group-74FCAC2063C8 not found.
	at java.util.concurrent.FutureTask.report(FutureTask.java:122)
	at java.util.concurrent.FutureTask.get(FutureTask.java:192)
	at org.apache.ratis.server.impl.LeaderElection.waitForResults(LeaderElection.java:263)
	at org.apache.ratis.server.impl.LeaderElection.askForVotes(LeaderElection.java:201)
	at org.apache.ratis.server.impl.LeaderElection.run(LeaderElection.java:133)
	at java.lang.Thread.run(Thread.java:748)
Caused by: org.apache.ratis.thirdparty.io.grpc.StatusRuntimeException: INTERNAL: a7793eff-ada5-4527-9e0b-a0fd078cd21b: group-74FCAC2063C8 not found.
	at org.apache.ratis.thirdparty.io.grpc.stub.ClientCalls.toStatusRuntimeException(ClientCalls.java:233)
	at org.apache.ratis.thirdparty.io.grpc.stub.ClientCalls.getUnchecked(ClientCalls.java:214)
	at org.apache.ratis.thirdparty.io.grpc.stub.ClientCalls.blockingUnaryCall(ClientCalls.java:139)
	at org.apache.ratis.proto.grpc.RaftServerProtocolServiceGrpc$RaftServerProtocolServiceBlockingStub.requestVote(RaftServerProtocolServiceGrpc.java:265)
	at org.apache.ratis.grpc.server.GrpcServerProtocolClient.requestVote(GrpcServerProtocolClient.java:90)
	at org.apache.ratis.grpc.server.GrpcService.requestVote(GrpcService.java:204)
	at org.apache.ratis.server.impl.LeaderElection.lambda$submitRequests$1(LeaderElection.java:238)
	at java.util.concurrent.FutureTask.run(FutureTask.java:266)
	at java.util.concurrent.Executors$RunnableAdapter.call(Executors.java:511)
	at java.util.concurrent.FutureTask.run(FutureTask.java:266)
	at java.util.concurrent.ThreadPoolExecutor.runWorker(ThreadPoolExecutor.java:1149)
	at java.util.concurrent.ThreadPoolExecutor$Worker.run(ThreadPoolExecutor.java:624)
	... 1 more
2019-09-25 05:20:18,271 [dc7ea896-6e80-4fed-8727-08f73144b1fc@group-E9952EC7D1B9:LeaderElection81] INFO  impl.LeaderElection (LeaderElection.java:logAndReturn(56)) - dc7ea896-6e80-4fed-8727-08f73144b1fc@group-E9952EC7D1B9:LeaderElection81: Election REJECTED; received 2 response(s) [dc7ea896-6e80-4fed-8727-08f73144b1fc<-8d1936ad-7e22-483e-8301-a12de2cdc2b5#0:FAIL-t9, dc7ea896-6e80-4fed-8727-08f73144b1fc<-a824d2a0-4471-4a6f-a232-f84ec650292b#0:FAIL-t9] and 0 exception(s); dc7ea896-6e80-4fed-8727-08f73144b1fc@group-E9952EC7D1B9:t9, leader=null, voted=dc7ea896-6e80-4fed-8727-08f73144b1fc, raftlog=dc7ea896-6e80-4fed-8727-08f73144b1fc@group-E9952EC7D1B9-SegmentedRaftLog:OPENED:c-1,f-1,i0, conf=-1: [8d1936ad-7e22-483e-8301-a12de2cdc2b5:192.168.36.126:34366, dc7ea896-6e80-4fed-8727-08f73144b1fc:192.168.36.126:42983, a824d2a0-4471-4a6f-a232-f84ec650292b:192.168.36.126:37611], old=null
2019-09-25 05:20:18,271 [ece43ade-c7f6-4378-8dfa-fbe6a8ab43cf@group-0A753E062AF5:LeaderElection83] INFO  impl.LeaderElection (LeaderElection.java:logAndReturn(56)) - ece43ade-c7f6-4378-8dfa-fbe6a8ab43cf@group-0A753E062AF5:LeaderElection83: Election REJECTED; received 2 response(s) [ece43ade-c7f6-4378-8dfa-fbe6a8ab43cf<-6e4b8f72-2d03-4335-a109-8ce1569ec549#0:FAIL-t9, ece43ade-c7f6-4378-8dfa-fbe6a8ab43cf<-a7793eff-ada5-4527-9e0b-a0fd078cd21b#0:FAIL-t9] and 0 exception(s); ece43ade-c7f6-4378-8dfa-fbe6a8ab43cf@group-0A753E062AF5:t9, leader=null, voted=ece43ade-c7f6-4378-8dfa-fbe6a8ab43cf, raftlog=ece43ade-c7f6-4378-8dfa-fbe6a8ab43cf@group-0A753E062AF5-SegmentedRaftLog:OPENED:c-1,f-1,i0, conf=-1: [6e4b8f72-2d03-4335-a109-8ce1569ec549:192.168.36.126:38179, a7793eff-ada5-4527-9e0b-a0fd078cd21b:192.168.36.126:36914, ece43ade-c7f6-4378-8dfa-fbe6a8ab43cf:192.168.36.126:41805], old=null
2019-09-25 05:20:18,271 [8d1936ad-7e22-483e-8301-a12de2cdc2b5@group-E9952EC7D1B9:LeaderElection84] INFO  impl.RaftServerImpl (RaftServerImpl.java:setRole(174)) - 8d1936ad-7e22-483e-8301-a12de2cdc2b5@group-E9952EC7D1B9: changes role from CANDIDATE to FOLLOWER at term 9 for DISCOVERED_A_NEW_TERM
2019-09-25 05:20:18,270 [6e4b8f72-2d03-4335-a109-8ce1569ec549@group-0A753E062AF5:LeaderElection86] INFO  impl.RoleInfo (RoleInfo.java:shutdownLeaderElection(134)) - 6e4b8f72-2d03-4335-a109-8ce1569ec549: shutdown LeaderElection
2019-09-25 05:20:18,276 [8d1936ad-7e22-483e-8301-a12de2cdc2b5@group-E9952EC7D1B9:LeaderElection84] INFO  impl.RoleInfo (RoleInfo.java:shutdownLeaderElection(134)) - 8d1936ad-7e22-483e-8301-a12de2cdc2b5: shutdown LeaderElection
2019-09-25 05:20:18,276 [ece43ade-c7f6-4378-8dfa-fbe6a8ab43cf@group-0A753E062AF5:LeaderElection83] INFO  impl.RaftServerImpl (RaftServerImpl.java:setRole(174)) - ece43ade-c7f6-4378-8dfa-fbe6a8ab43cf@group-0A753E062AF5: changes role from CANDIDATE to FOLLOWER at term 9 for DISCOVERED_A_NEW_TERM
2019-09-25 05:20:18,276 [ece43ade-c7f6-4378-8dfa-fbe6a8ab43cf@group-0A753E062AF5:LeaderElection83] INFO  impl.RoleInfo (RoleInfo.java:shutdownLeaderElection(134)) - ece43ade-c7f6-4378-8dfa-fbe6a8ab43cf: shutdown LeaderElection
2019-09-25 05:20:18,275 [dc7ea896-6e80-4fed-8727-08f73144b1fc@group-E9952EC7D1B9:LeaderElection81] INFO  impl.RaftServerImpl (RaftServerImpl.java:setRole(174)) - dc7ea896-6e80-4fed-8727-08f73144b1fc@group-E9952EC7D1B9: changes role from CANDIDATE to FOLLOWER at term 9 for DISCOVERED_A_NEW_TERM
2019-09-25 05:20:18,275 [6e4b8f72-2d03-4335-a109-8ce1569ec549@group-74FCAC2063C8:LeaderElection88] INFO  impl.LeaderElection (LeaderElection.java:logAndReturn(56)) - 6e4b8f72-2d03-4335-a109-8ce1569ec549@group-74FCAC2063C8:LeaderElection88: Election REJECTED; received 1 response(s) [6e4b8f72-2d03-4335-a109-8ce1569ec549<-ece43ade-c7f6-4378-8dfa-fbe6a8ab43cf#0:FAIL-t9] and 1 exception(s); 6e4b8f72-2d03-4335-a109-8ce1569ec549@group-74FCAC2063C8:t9, leader=null, voted=6e4b8f72-2d03-4335-a109-8ce1569ec549, raftlog=6e4b8f72-2d03-4335-a109-8ce1569ec549@group-74FCAC2063C8-SegmentedRaftLog:OPENED:c-1,f-1,i0, conf=-1: [6e4b8f72-2d03-4335-a109-8ce1569ec549:192.168.36.126:38179, a7793eff-ada5-4527-9e0b-a0fd078cd21b:192.168.36.126:36914, ece43ade-c7f6-4378-8dfa-fbe6a8ab43cf:192.168.36.126:41805], old=null
2019-09-25 05:20:18,276 [ece43ade-c7f6-4378-8dfa-fbe6a8ab43cf@group-74FCAC2063C8:LeaderElection87] INFO  impl.LeaderElection (LogUtils.java:infoOrTrace(149)) - ece43ade-c7f6-4378-8dfa-fbe6a8ab43cf@group-74FCAC2063C8:LeaderElection87 got exception when requesting votes: {}
java.util.concurrent.ExecutionException: org.apache.ratis.thirdparty.io.grpc.StatusRuntimeException: INTERNAL: a7793eff-ada5-4527-9e0b-a0fd078cd21b: group-74FCAC2063C8 not found.
	at java.util.concurrent.FutureTask.report(FutureTask.java:122)
	at java.util.concurrent.FutureTask.get(FutureTask.java:192)
	at org.apache.ratis.server.impl.LeaderElection.waitForResults(LeaderElection.java:263)
	at org.apache.ratis.server.impl.LeaderElection.askForVotes(LeaderElection.java:201)
	at org.apache.ratis.server.impl.LeaderElection.run(LeaderElection.java:133)
	at java.lang.Thread.run(Thread.java:748)
Caused by: org.apache.ratis.thirdparty.io.grpc.StatusRuntimeException: INTERNAL: a7793eff-ada5-4527-9e0b-a0fd078cd21b: group-74FCAC2063C8 not found.
	at org.apache.ratis.thirdparty.io.grpc.stub.ClientCalls.toStatusRuntimeException(ClientCalls.java:233)
	at org.apache.ratis.thirdparty.io.grpc.stub.ClientCalls.getUnchecked(ClientCalls.java:214)
	at org.apache.ratis.thirdparty.io.grpc.stub.ClientCalls.blockingUnaryCall(ClientCalls.java:139)
	at org.apache.ratis.proto.grpc.RaftServerProtocolServiceGrpc$RaftServerProtocolServiceBlockingStub.requestVote(RaftServerProtocolServiceGrpc.java:265)
	at org.apache.ratis.grpc.server.GrpcServerProtocolClient.requestVote(GrpcServerProtocolClient.java:90)
	at org.apache.ratis.grpc.server.GrpcService.requestVote(GrpcService.java:204)
	at org.apache.ratis.server.impl.LeaderElection.lambda$submitRequests$1(LeaderElection.java:238)
	at java.util.concurrent.FutureTask.run(FutureTask.java:266)
	at java.util.concurrent.Executors$RunnableAdapter.call(Executors.java:511)
	at java.util.concurrent.FutureTask.run(FutureTask.java:266)
	at java.util.concurrent.ThreadPoolExecutor.runWorker(ThreadPoolExecutor.java:1149)
	at java.util.concurrent.ThreadPoolExecutor$Worker.run(ThreadPoolExecutor.java:624)
	... 1 more
2019-09-25 05:20:18,276 [dc7ea896-6e80-4fed-8727-08f73144b1fc@group-E9952EC7D1B9:LeaderElection81] INFO  impl.RoleInfo (RoleInfo.java:shutdownLeaderElection(134)) - dc7ea896-6e80-4fed-8727-08f73144b1fc: shutdown LeaderElection
2019-09-25 05:20:18,276 [ece43ade-c7f6-4378-8dfa-fbe6a8ab43cf@group-0A753E062AF5:LeaderElection83] INFO  impl.RoleInfo (RoleInfo.java:updateAndGet(143)) - ece43ade-c7f6-4378-8dfa-fbe6a8ab43cf: start FollowerState
2019-09-25 05:20:18,276 [8d1936ad-7e22-483e-8301-a12de2cdc2b5@group-E9952EC7D1B9:LeaderElection84] INFO  impl.RoleInfo (RoleInfo.java:updateAndGet(143)) - 8d1936ad-7e22-483e-8301-a12de2cdc2b5: start FollowerState
2019-09-25 05:20:18,276 [6e4b8f72-2d03-4335-a109-8ce1569ec549@group-0A753E062AF5:LeaderElection86] INFO  impl.RoleInfo (RoleInfo.java:updateAndGet(143)) - 6e4b8f72-2d03-4335-a109-8ce1569ec549: start FollowerState
2019-09-25 05:20:18,280 [dc7ea896-6e80-4fed-8727-08f73144b1fc@group-E9952EC7D1B9:LeaderElection81] INFO  impl.RoleInfo (RoleInfo.java:updateAndGet(143)) - dc7ea896-6e80-4fed-8727-08f73144b1fc: start FollowerState
2019-09-25 05:20:18,279 [ece43ade-c7f6-4378-8dfa-fbe6a8ab43cf@group-74FCAC2063C8:LeaderElection87] INFO  impl.LeaderElection (LeaderElection.java:logAndReturn(56)) - ece43ade-c7f6-4378-8dfa-fbe6a8ab43cf@group-74FCAC2063C8:LeaderElection87: Election REJECTED; received 1 response(s) [ece43ade-c7f6-4378-8dfa-fbe6a8ab43cf<-6e4b8f72-2d03-4335-a109-8ce1569ec549#0:FAIL-t9] and 1 exception(s); ece43ade-c7f6-4378-8dfa-fbe6a8ab43cf@group-74FCAC2063C8:t9, leader=null, voted=ece43ade-c7f6-4378-8dfa-fbe6a8ab43cf, raftlog=ece43ade-c7f6-4378-8dfa-fbe6a8ab43cf@group-74FCAC2063C8-SegmentedRaftLog:OPENED:c-1,f-1,i0, conf=-1: [6e4b8f72-2d03-4335-a109-8ce1569ec549:192.168.36.126:38179, a7793eff-ada5-4527-9e0b-a0fd078cd21b:192.168.36.126:36914, ece43ade-c7f6-4378-8dfa-fbe6a8ab43cf:192.168.36.126:41805], old=null
2019-09-25 05:20:18,280 [ece43ade-c7f6-4378-8dfa-fbe6a8ab43cf@group-74FCAC2063C8:LeaderElection87] INFO  impl.LeaderElection (LogUtils.java:infoOrTrace(149)) -   Exception 0: {}
java.util.concurrent.ExecutionException: org.apache.ratis.thirdparty.io.grpc.StatusRuntimeException: INTERNAL: a7793eff-ada5-4527-9e0b-a0fd078cd21b: group-74FCAC2063C8 not found.
	at java.util.concurrent.FutureTask.report(FutureTask.java:122)
	at java.util.concurrent.FutureTask.get(FutureTask.java:192)
	at org.apache.ratis.server.impl.LeaderElection.waitForResults(LeaderElection.java:263)
	at org.apache.ratis.server.impl.LeaderElection.askForVotes(LeaderElection.java:201)
	at org.apache.ratis.server.impl.LeaderElection.run(LeaderElection.java:133)
	at java.lang.Thread.run(Thread.java:748)
Caused by: org.apache.ratis.thirdparty.io.grpc.StatusRuntimeException: INTERNAL: a7793eff-ada5-4527-9e0b-a0fd078cd21b: group-74FCAC2063C8 not found.
	at org.apache.ratis.thirdparty.io.grpc.stub.ClientCalls.toStatusRuntimeException(ClientCalls.java:233)
	at org.apache.ratis.thirdparty.io.grpc.stub.ClientCalls.getUnchecked(ClientCalls.java:214)
	at org.apache.ratis.thirdparty.io.grpc.stub.ClientCalls.blockingUnaryCall(ClientCalls.java:139)
	at org.apache.ratis.proto.grpc.RaftServerProtocolServiceGrpc$RaftServerProtocolServiceBlockingStub.requestVote(RaftServerProtocolServiceGrpc.java:265)
	at org.apache.ratis.grpc.server.GrpcServerProtocolClient.requestVote(GrpcServerProtocolClient.java:90)
	at org.apache.ratis.grpc.server.GrpcService.requestVote(GrpcService.java:204)
	at org.apache.ratis.server.impl.LeaderElection.lambda$submitRequests$1(LeaderElection.java:238)
	at java.util.concurrent.FutureTask.run(FutureTask.java:266)
	at java.util.concurrent.Executors$RunnableAdapter.call(Executors.java:511)
	at java.util.concurrent.FutureTask.run(FutureTask.java:266)
	at java.util.concurrent.ThreadPoolExecutor.runWorker(ThreadPoolExecutor.java:1149)
	at java.util.concurrent.ThreadPoolExecutor$Worker.run(ThreadPoolExecutor.java:624)
	... 1 more
2019-09-25 05:20:18,277 [6e4b8f72-2d03-4335-a109-8ce1569ec549@group-74FCAC2063C8:LeaderElection88] INFO  impl.LeaderElection (LogUtils.java:infoOrTrace(149)) -   Exception 0: {}
java.util.concurrent.ExecutionException: org.apache.ratis.thirdparty.io.grpc.StatusRuntimeException: INTERNAL: a7793eff-ada5-4527-9e0b-a0fd078cd21b: group-74FCAC2063C8 not found.
	at java.util.concurrent.FutureTask.report(FutureTask.java:122)
	at java.util.concurrent.FutureTask.get(FutureTask.java:192)
	at org.apache.ratis.server.impl.LeaderElection.waitForResults(LeaderElection.java:263)
	at org.apache.ratis.server.impl.LeaderElection.askForVotes(LeaderElection.java:201)
	at org.apache.ratis.server.impl.LeaderElection.run(LeaderElection.java:133)
	at java.lang.Thread.run(Thread.java:748)
Caused by: org.apache.ratis.thirdparty.io.grpc.StatusRuntimeException: INTERNAL: a7793eff-ada5-4527-9e0b-a0fd078cd21b: group-74FCAC2063C8 not found.
	at org.apache.ratis.thirdparty.io.grpc.stub.ClientCalls.toStatusRuntimeException(ClientCalls.java:233)
	at org.apache.ratis.thirdparty.io.grpc.stub.ClientCalls.getUnchecked(ClientCalls.java:214)
	at org.apache.ratis.thirdparty.io.grpc.stub.ClientCalls.blockingUnaryCall(ClientCalls.java:139)
	at org.apache.ratis.proto.grpc.RaftServerProtocolServiceGrpc$RaftServerProtocolServiceBlockingStub.requestVote(RaftServerProtocolServiceGrpc.java:265)
	at org.apache.ratis.grpc.server.GrpcServerProtocolClient.requestVote(GrpcServerProtocolClient.java:90)
	at org.apache.ratis.grpc.server.GrpcService.requestVote(GrpcService.java:204)
	at org.apache.ratis.server.impl.LeaderElection.lambda$submitRequests$1(LeaderElection.java:238)
	at java.util.concurrent.FutureTask.run(FutureTask.java:266)
	at java.util.concurrent.Executors$RunnableAdapter.call(Executors.java:511)
	at java.util.concurrent.FutureTask.run(FutureTask.java:266)
	at java.util.concurrent.ThreadPoolExecutor.runWorker(ThreadPoolExecutor.java:1149)
	at java.util.concurrent.ThreadPoolExecutor$Worker.run(ThreadPoolExecutor.java:624)
	... 1 more
2019-09-25 05:20:18,281 [ece43ade-c7f6-4378-8dfa-fbe6a8ab43cf@group-74FCAC2063C8:LeaderElection87] INFO  impl.RaftServerImpl (RaftServerImpl.java:setRole(174)) - ece43ade-c7f6-4378-8dfa-fbe6a8ab43cf@group-74FCAC2063C8: changes role from CANDIDATE to FOLLOWER at term 9 for DISCOVERED_A_NEW_TERM
2019-09-25 05:20:18,281 [6e4b8f72-2d03-4335-a109-8ce1569ec549@group-74FCAC2063C8:LeaderElection88] INFO  impl.RaftServerImpl (RaftServerImpl.java:setRole(174)) - 6e4b8f72-2d03-4335-a109-8ce1569ec549@group-74FCAC2063C8: changes role from CANDIDATE to FOLLOWER at term 9 for DISCOVERED_A_NEW_TERM
2019-09-25 05:20:18,282 [ece43ade-c7f6-4378-8dfa-fbe6a8ab43cf@group-74FCAC2063C8:LeaderElection87] INFO  impl.RoleInfo (RoleInfo.java:shutdownLeaderElection(134)) - ece43ade-c7f6-4378-8dfa-fbe6a8ab43cf: shutdown LeaderElection
2019-09-25 05:20:18,282 [6e4b8f72-2d03-4335-a109-8ce1569ec549@group-74FCAC2063C8:LeaderElection88] INFO  impl.RoleInfo (RoleInfo.java:shutdownLeaderElection(134)) - 6e4b8f72-2d03-4335-a109-8ce1569ec549: shutdown LeaderElection
2019-09-25 05:20:18,282 [ece43ade-c7f6-4378-8dfa-fbe6a8ab43cf@group-74FCAC2063C8:LeaderElection87] INFO  impl.RoleInfo (RoleInfo.java:updateAndGet(143)) - ece43ade-c7f6-4378-8dfa-fbe6a8ab43cf: start FollowerState
2019-09-25 05:20:18,282 [6e4b8f72-2d03-4335-a109-8ce1569ec549@group-74FCAC2063C8:LeaderElection88] INFO  impl.RoleInfo (RoleInfo.java:updateAndGet(143)) - 6e4b8f72-2d03-4335-a109-8ce1569ec549: start FollowerState
2019-09-25 05:20:19,004 [java.util.concurrent.ThreadPoolExecutor$Worker@6c4ccbe7[State = -1, empty queue]] WARN  server.GrpcLogAppender (GrpcLogAppender.java:timeoutAppendRequest(200)) - 6e4b8f72-2d03-4335-a109-8ce1569ec549@group-8C538AEF5C3F->a7793eff-ada5-4527-9e0b-a0fd078cd21b-GrpcLogAppender: appendEntries Timeout, request=6e4b8f72-2d03-4335-a109-8ce1569ec549->a7793eff-ada5-4527-9e0b-a0fd078cd21b#20-t3, previous=(t:3, i:0), leaderCommit=0, initializing? false, entries: <empty>
2019-09-25 05:20:19,482 [grpc-default-executor-1] INFO  impl.RaftServerProxy (RaftServerProxy.java:remove(95)) - 6e4b8f72-2d03-4335-a109-8ce1569ec549: remove    LEADER 6e4b8f72-2d03-4335-a109-8ce1569ec549@group-8C538AEF5C3F:t3, leader=6e4b8f72-2d03-4335-a109-8ce1569ec549, voted=6e4b8f72-2d03-4335-a109-8ce1569ec549, raftlog=6e4b8f72-2d03-4335-a109-8ce1569ec549@group-8C538AEF5C3F-SegmentedRaftLog:OPENED:c0,f0,i0, conf=0: [6e4b8f72-2d03-4335-a109-8ce1569ec549:192.168.36.126:38179, a7793eff-ada5-4527-9e0b-a0fd078cd21b:192.168.36.126:36914, ece43ade-c7f6-4378-8dfa-fbe6a8ab43cf:192.168.36.126:41805], old=null RUNNING
2019-09-25 05:20:19,482 [grpc-default-executor-1] INFO  impl.RaftServerImpl (RaftServerImpl.java:lambda$shutdown$3(251)) - 6e4b8f72-2d03-4335-a109-8ce1569ec549@group-8C538AEF5C3F: shutdown
2019-09-25 05:20:19,483 [grpc-default-executor-1] INFO  util.JmxRegister (JmxRegister.java:unregister(73)) - Successfully un-registered JMX Bean with object name Ratis:service=RaftServer,group=group-8C538AEF5C3F,id=6e4b8f72-2d03-4335-a109-8ce1569ec549
2019-09-25 05:20:19,483 [grpc-default-executor-1] INFO  impl.RoleInfo (RoleInfo.java:shutdownLeaderState(104)) - 6e4b8f72-2d03-4335-a109-8ce1569ec549: shutdown LeaderState
2019-09-25 05:20:19,489 [org.apache.ratis.server.impl.LogAppender$AppenderDaemon$$Lambda$573/83507364@31a6ba97] WARN  server.GrpcLogAppender (GrpcLogAppender.java:mayWait(143)) - 6e4b8f72-2d03-4335-a109-8ce1569ec549@group-8C538AEF5C3F->ece43ade-c7f6-4378-8dfa-fbe6a8ab43cf-GrpcLogAppender: Wait interrupted by java.lang.InterruptedException
2019-09-25 05:20:19,489 [grpc-default-executor-1] INFO  impl.PendingRequests (PendingRequests.java:sendNotLeaderResponses(202)) - 6e4b8f72-2d03-4335-a109-8ce1569ec549-PendingRequests: sendNotLeaderResponses
2019-09-25 05:20:19,489 [org.apache.ratis.server.impl.LogAppender$AppenderDaemon$$Lambda$573/83507364@6b3bd80] WARN  server.GrpcLogAppender (GrpcLogAppender.java:mayWait(143)) - 6e4b8f72-2d03-4335-a109-8ce1569ec549@group-8C538AEF5C3F->a7793eff-ada5-4527-9e0b-a0fd078cd21b-GrpcLogAppender: Wait interrupted by java.lang.InterruptedException
2019-09-25 05:20:19,491 [grpc-default-executor-1] INFO  impl.StateMachineUpdater (StateMachineUpdater.java:stopAndJoin(125)) - 6e4b8f72-2d03-4335-a109-8ce1569ec549@group-8C538AEF5C3F-StateMachineUpdater: set stopIndex = 0
2019-09-25 05:20:19,494 [grpc-default-executor-1] INFO  impl.RaftServerImpl (ServerState.java:close(385)) - 6e4b8f72-2d03-4335-a109-8ce1569ec549@group-8C538AEF5C3F: closes. applyIndex: 0
2019-09-25 05:20:19,494 [grpc-default-executor-9] INFO  server.GrpcServerProtocolService (GrpcServerProtocolService.java:onCompleted(113)) - ece43ade-c7f6-4378-8dfa-fbe6a8ab43cf: Completed APPEND_ENTRIES, lastRequest: 6e4b8f72-2d03-4335-a109-8ce1569ec549->ece43ade-c7f6-4378-8dfa-fbe6a8ab43cf#21-t3, previous=(t:3, i:0), leaderCommit=0, initializing? false, entries: <empty>
2019-09-25 05:20:19,494 [grpc-default-executor-0] INFO  server.GrpcServerProtocolService (GrpcServerProtocolService.java:onCompleted(113)) - a7793eff-ada5-4527-9e0b-a0fd078cd21b: Completed APPEND_ENTRIES, lastRequest: 6e4b8f72-2d03-4335-a109-8ce1569ec549->a7793eff-ada5-4527-9e0b-a0fd078cd21b#21-t3, previous=(t:3, i:0), leaderCommit=0, initializing? false, entries: <empty>
2019-09-25 05:20:19,495 [6e4b8f72-2d03-4335-a109-8ce1569ec549@group-8C538AEF5C3F-SegmentedRaftLogWorker] INFO  segmented.SegmentedRaftLogWorker (SegmentedRaftLogWorker.java:run(313)) - 6e4b8f72-2d03-4335-a109-8ce1569ec549@group-8C538AEF5C3F-SegmentedRaftLogWorker was interrupted, exiting. There are 0 tasks remaining in the queue.
2019-09-25 05:20:19,495 [grpc-default-executor-9] INFO  server.GrpcLogAppender (GrpcLogAppender.java:onCompleted(293)) - 6e4b8f72-2d03-4335-a109-8ce1569ec549@group-8C538AEF5C3F->ece43ade-c7f6-4378-8dfa-fbe6a8ab43cf-AppendLogResponseHandler: follower responses appendEntries COMPLETED
2019-09-25 05:20:19,497 [grpc-default-executor-1] INFO  segmented.SegmentedRaftLogWorker (SegmentedRaftLogWorker.java:close(228)) - 6e4b8f72-2d03-4335-a109-8ce1569ec549@group-8C538AEF5C3F-SegmentedRaftLogWorker close()
2019-09-25 05:20:19,498 [grpc-default-executor-6] INFO  server.GrpcLogAppender (GrpcLogAppender.java:onCompleted(293)) - 6e4b8f72-2d03-4335-a109-8ce1569ec549@group-8C538AEF5C3F->a7793eff-ada5-4527-9e0b-a0fd078cd21b-AppendLogResponseHandler: follower responses appendEntries COMPLETED
2019-09-25 05:20:19,503 [grpc-default-executor-6] INFO  impl.FollowerInfo (FollowerInfo.java:lambda$new$0(51)) - 6e4b8f72-2d03-4335-a109-8ce1569ec549@group-8C538AEF5C3F->a7793eff-ada5-4527-9e0b-a0fd078cd21b: nextIndex: updateUnconditionally 1 -> 0
2019-09-25 05:20:19,503 [grpc-default-executor-9] INFO  impl.FollowerInfo (FollowerInfo.java:lambda$new$0(51)) - 6e4b8f72-2d03-4335-a109-8ce1569ec549@group-8C538AEF5C3F->ece43ade-c7f6-4378-8dfa-fbe6a8ab43cf: nextIndex: updateUnconditionally 1 -> 0
2019-09-25 05:20:19,512 [grpc-default-executor-9] INFO  impl.RaftServerProxy (RaftServerProxy.java:remove(95)) - 6e4b8f72-2d03-4335-a109-8ce1569ec549: remove    LEADER 6e4b8f72-2d03-4335-a109-8ce1569ec549@group-556E169039F3:t1, leader=6e4b8f72-2d03-4335-a109-8ce1569ec549, voted=6e4b8f72-2d03-4335-a109-8ce1569ec549, raftlog=6e4b8f72-2d03-4335-a109-8ce1569ec549@group-556E169039F3-SegmentedRaftLog:OPENED:c0,f0,i0, conf=0: [6e4b8f72-2d03-4335-a109-8ce1569ec549:192.168.36.126:38179], old=null RUNNING
2019-09-25 05:20:19,512 [grpc-default-executor-9] INFO  impl.RaftServerImpl (RaftServerImpl.java:lambda$shutdown$3(251)) - 6e4b8f72-2d03-4335-a109-8ce1569ec549@group-556E169039F3: shutdown
2019-09-25 05:20:19,513 [grpc-default-executor-9] INFO  util.JmxRegister (JmxRegister.java:unregister(73)) - Successfully un-registered JMX Bean with object name Ratis:service=RaftServer,group=group-556E169039F3,id=6e4b8f72-2d03-4335-a109-8ce1569ec549
2019-09-25 05:20:19,513 [grpc-default-executor-9] INFO  impl.RoleInfo (RoleInfo.java:shutdownLeaderState(104)) - 6e4b8f72-2d03-4335-a109-8ce1569ec549: shutdown LeaderState
2019-09-25 05:20:19,513 [grpc-default-executor-9] INFO  impl.PendingRequests (PendingRequests.java:sendNotLeaderResponses(202)) - 6e4b8f72-2d03-4335-a109-8ce1569ec549-PendingRequests: sendNotLeaderResponses
2019-09-25 05:20:19,515 [grpc-default-executor-9] INFO  impl.StateMachineUpdater (StateMachineUpdater.java:stopAndJoin(125)) - 6e4b8f72-2d03-4335-a109-8ce1569ec549@group-556E169039F3-StateMachineUpdater: set stopIndex = 0
2019-09-25 05:20:19,516 [grpc-default-executor-9] INFO  impl.RaftServerImpl (ServerState.java:close(385)) - 6e4b8f72-2d03-4335-a109-8ce1569ec549@group-556E169039F3: closes. applyIndex: 0
2019-09-25 05:20:19,516 [6e4b8f72-2d03-4335-a109-8ce1569ec549@group-556E169039F3-SegmentedRaftLogWorker] INFO  segmented.SegmentedRaftLogWorker (SegmentedRaftLogWorker.java:run(313)) - 6e4b8f72-2d03-4335-a109-8ce1569ec549@group-556E169039F3-SegmentedRaftLogWorker was interrupted, exiting. There are 0 tasks remaining in the queue.
2019-09-25 05:20:19,518 [grpc-default-executor-9] INFO  segmented.SegmentedRaftLogWorker (SegmentedRaftLogWorker.java:close(228)) - 6e4b8f72-2d03-4335-a109-8ce1569ec549@group-556E169039F3-SegmentedRaftLogWorker close()
2019-09-25 05:20:19,529 [grpc-default-executor-9] INFO  impl.RaftServerProxy (RaftServerProxy.java:remove(95)) - 6e4b8f72-2d03-4335-a109-8ce1569ec549: remove  FOLLOWER 6e4b8f72-2d03-4335-a109-8ce1569ec549@group-74FCAC2063C8:t9, leader=null, voted=6e4b8f72-2d03-4335-a109-8ce1569ec549, raftlog=6e4b8f72-2d03-4335-a109-8ce1569ec549@group-74FCAC2063C8-SegmentedRaftLog:OPENED:c-1,f-1,i0, conf=-1: [6e4b8f72-2d03-4335-a109-8ce1569ec549:192.168.36.126:38179, a7793eff-ada5-4527-9e0b-a0fd078cd21b:192.168.36.126:36914, ece43ade-c7f6-4378-8dfa-fbe6a8ab43cf:192.168.36.126:41805], old=null RUNNING
2019-09-25 05:20:19,529 [grpc-default-executor-9] INFO  impl.RaftServerImpl (RaftServerImpl.java:lambda$shutdown$3(251)) - 6e4b8f72-2d03-4335-a109-8ce1569ec549@group-74FCAC2063C8: shutdown
2019-09-25 05:20:19,530 [grpc-default-executor-9] INFO  util.JmxRegister (JmxRegister.java:unregister(73)) - Successfully un-registered JMX Bean with object name Ratis:service=RaftServer,group=group-74FCAC2063C8,id=6e4b8f72-2d03-4335-a109-8ce1569ec549
2019-09-25 05:20:19,530 [grpc-default-executor-9] INFO  impl.RoleInfo (RoleInfo.java:shutdownFollowerState(121)) - 6e4b8f72-2d03-4335-a109-8ce1569ec549: shutdown FollowerState
2019-09-25 05:20:19,530 [grpc-default-executor-9] INFO  impl.StateMachineUpdater (StateMachineUpdater.java:stopAndJoin(125)) - 6e4b8f72-2d03-4335-a109-8ce1569ec549@group-74FCAC2063C8-StateMachineUpdater: set stopIndex = -1
2019-09-25 05:20:19,530 [Thread-814] INFO  impl.FollowerState (FollowerState.java:run(115)) - 6e4b8f72-2d03-4335-a109-8ce1569ec549: FollowerState was interrupted: java.lang.InterruptedException: sleep interrupted
2019-09-25 05:20:19,530 [grpc-default-executor-9] INFO  impl.RaftServerImpl (ServerState.java:close(385)) - 6e4b8f72-2d03-4335-a109-8ce1569ec549@group-74FCAC2063C8: closes. applyIndex: -1
2019-09-25 05:20:19,533 [6e4b8f72-2d03-4335-a109-8ce1569ec549@group-74FCAC2063C8-SegmentedRaftLogWorker] INFO  segmented.SegmentedRaftLogWorker (SegmentedRaftLogWorker.java:run(313)) - 6e4b8f72-2d03-4335-a109-8ce1569ec549@group-74FCAC2063C8-SegmentedRaftLogWorker was interrupted, exiting. There are 0 tasks remaining in the queue.
2019-09-25 05:20:19,533 [grpc-default-executor-9] INFO  segmented.SegmentedRaftLogWorker (SegmentedRaftLogWorker.java:close(228)) - 6e4b8f72-2d03-4335-a109-8ce1569ec549@group-74FCAC2063C8-SegmentedRaftLogWorker close()
2019-09-25 05:20:23,279 [Thread-807] INFO  impl.FollowerState (FollowerState.java:run(106)) - a824d2a0-4471-4a6f-a232-f84ec650292b:group-E9952EC7D1B9 changes to CANDIDATE, lastRpcTime:5013, electionTimeout:5013ms
2019-09-25 05:20:23,280 [Thread-807] INFO  impl.RoleInfo (RoleInfo.java:shutdownFollowerState(121)) - a824d2a0-4471-4a6f-a232-f84ec650292b: shutdown FollowerState
2019-09-25 05:20:23,280 [Thread-807] INFO  impl.RaftServerImpl (RaftServerImpl.java:setRole(174)) - a824d2a0-4471-4a6f-a232-f84ec650292b@group-E9952EC7D1B9: changes role from  FOLLOWER to CANDIDATE at term 9 for changeToCandidate
2019-09-25 05:20:23,280 [Thread-807] INFO  impl.RoleInfo (RoleInfo.java:updateAndGet(143)) - a824d2a0-4471-4a6f-a232-f84ec650292b: start LeaderElection
2019-09-25 05:20:23,296 [Thread-809] INFO  impl.FollowerState (FollowerState.java:run(106)) - 6e4b8f72-2d03-4335-a109-8ce1569ec549:group-0A753E062AF5 changes to CANDIDATE, lastRpcTime:5019, electionTimeout:5015ms
2019-09-25 05:20:23,296 [Thread-809] INFO  impl.RoleInfo (RoleInfo.java:shutdownFollowerState(121)) - 6e4b8f72-2d03-4335-a109-8ce1569ec549: shutdown FollowerState
2019-09-25 05:20:23,296 [Thread-809] INFO  impl.RaftServerImpl (RaftServerImpl.java:setRole(174)) - 6e4b8f72-2d03-4335-a109-8ce1569ec549@group-0A753E062AF5: changes role from  FOLLOWER to CANDIDATE at term 9 for changeToCandidate
2019-09-25 05:20:23,296 [Thread-809] INFO  impl.RoleInfo (RoleInfo.java:updateAndGet(143)) - 6e4b8f72-2d03-4335-a109-8ce1569ec549: start LeaderElection
2019-09-25 05:20:23,313 [Thread-813] INFO  impl.FollowerState (FollowerState.java:run(106)) - ece43ade-c7f6-4378-8dfa-fbe6a8ab43cf:group-74FCAC2063C8 changes to CANDIDATE, lastRpcTime:5030, electionTimeout:5030ms
2019-09-25 05:20:23,313 [Thread-813] INFO  impl.RoleInfo (RoleInfo.java:shutdownFollowerState(121)) - ece43ade-c7f6-4378-8dfa-fbe6a8ab43cf: shutdown FollowerState
2019-09-25 05:20:23,313 [Thread-813] INFO  impl.RaftServerImpl (RaftServerImpl.java:setRole(174)) - ece43ade-c7f6-4378-8dfa-fbe6a8ab43cf@group-74FCAC2063C8: changes role from  FOLLOWER to CANDIDATE at term 9 for changeToCandidate
2019-09-25 05:20:23,313 [Thread-813] INFO  impl.RoleInfo (RoleInfo.java:updateAndGet(143)) - ece43ade-c7f6-4378-8dfa-fbe6a8ab43cf: start LeaderElection
2019-09-25 05:20:23,327 [Thread-808] INFO  impl.FollowerState (FollowerState.java:run(106)) - a7793eff-ada5-4527-9e0b-a0fd078cd21b:group-0A753E062AF5 changes to CANDIDATE, lastRpcTime:5056, electionTimeout:5046ms
2019-09-25 05:20:23,327 [Thread-808] INFO  impl.RoleInfo (RoleInfo.java:shutdownFollowerState(121)) - a7793eff-ada5-4527-9e0b-a0fd078cd21b: shutdown FollowerState
2019-09-25 05:20:23,327 [Thread-808] INFO  impl.RaftServerImpl (RaftServerImpl.java:setRole(174)) - a7793eff-ada5-4527-9e0b-a0fd078cd21b@group-0A753E062AF5: changes role from  FOLLOWER to CANDIDATE at term 9 for changeToCandidate
2019-09-25 05:20:23,327 [Thread-808] INFO  impl.RoleInfo (RoleInfo.java:updateAndGet(143)) - a7793eff-ada5-4527-9e0b-a0fd078cd21b: start LeaderElection
2019-09-25 05:20:23,359 [Thread-812] INFO  impl.FollowerState (FollowerState.java:run(106)) - dc7ea896-6e80-4fed-8727-08f73144b1fc:group-E9952EC7D1B9 changes to CANDIDATE, lastRpcTime:5079, electionTimeout:5078ms
2019-09-25 05:20:23,359 [Thread-812] INFO  impl.RoleInfo (RoleInfo.java:shutdownFollowerState(121)) - dc7ea896-6e80-4fed-8727-08f73144b1fc: shutdown FollowerState
2019-09-25 05:20:23,359 [Thread-812] INFO  impl.RaftServerImpl (RaftServerImpl.java:setRole(174)) - dc7ea896-6e80-4fed-8727-08f73144b1fc@group-E9952EC7D1B9: changes role from  FOLLOWER to CANDIDATE at term 9 for changeToCandidate
2019-09-25 05:20:23,359 [Thread-812] INFO  impl.RoleInfo (RoleInfo.java:updateAndGet(143)) - dc7ea896-6e80-4fed-8727-08f73144b1fc: start LeaderElection
2019-09-25 05:20:23,447 [Thread-810] INFO  impl.FollowerState (FollowerState.java:run(106)) - 8d1936ad-7e22-483e-8301-a12de2cdc2b5:group-E9952EC7D1B9 changes to CANDIDATE, lastRpcTime:5171, electionTimeout:5167ms
2019-09-25 05:20:23,447 [Thread-810] INFO  impl.RoleInfo (RoleInfo.java:shutdownFollowerState(121)) - 8d1936ad-7e22-483e-8301-a12de2cdc2b5: shutdown FollowerState
2019-09-25 05:20:23,448 [Thread-810] INFO  impl.RaftServerImpl (RaftServerImpl.java:setRole(174)) - 8d1936ad-7e22-483e-8301-a12de2cdc2b5@group-E9952EC7D1B9: changes role from  FOLLOWER to CANDIDATE at term 9 for changeToCandidate
2019-09-25 05:20:23,448 [Thread-810] INFO  impl.RoleInfo (RoleInfo.java:updateAndGet(143)) - 8d1936ad-7e22-483e-8301-a12de2cdc2b5: start LeaderElection
2019-09-25 05:20:23,464 [Thread-811] INFO  impl.FollowerState (FollowerState.java:run(106)) - ece43ade-c7f6-4378-8dfa-fbe6a8ab43cf:group-0A753E062AF5 changes to CANDIDATE, lastRpcTime:5187, electionTimeout:5184ms
2019-09-25 05:20:23,464 [Thread-811] INFO  impl.RoleInfo (RoleInfo.java:shutdownFollowerState(121)) - ece43ade-c7f6-4378-8dfa-fbe6a8ab43cf: shutdown FollowerState
2019-09-25 05:20:23,465 [Thread-811] INFO  impl.RaftServerImpl (RaftServerImpl.java:setRole(174)) - ece43ade-c7f6-4378-8dfa-fbe6a8ab43cf@group-0A753E062AF5: changes role from  FOLLOWER to CANDIDATE at term 9 for changeToCandidate
2019-09-25 05:20:23,465 [Thread-811] INFO  impl.RoleInfo (RoleInfo.java:updateAndGet(143)) - ece43ade-c7f6-4378-8dfa-fbe6a8ab43cf: start LeaderElection
2019-09-25 05:20:24,627 [dc7ea896-6e80-4fed-8727-08f73144b1fc@group-E9952EC7D1B9:LeaderElection93] INFO  impl.LeaderElection (LeaderElection.java:askForVotes(182)) - dc7ea896-6e80-4fed-8727-08f73144b1fc@group-E9952EC7D1B9:LeaderElection93: begin an election at term 10 for -1: [8d1936ad-7e22-483e-8301-a12de2cdc2b5:192.168.36.126:34366, dc7ea896-6e80-4fed-8727-08f73144b1fc:192.168.36.126:42983, a824d2a0-4471-4a6f-a232-f84ec650292b:192.168.36.126:37611], old=null
2019-09-25 05:20:24,627 [8d1936ad-7e22-483e-8301-a12de2cdc2b5@group-E9952EC7D1B9:LeaderElection94] INFO  impl.LeaderElection (LeaderElection.java:askForVotes(182)) - 8d1936ad-7e22-483e-8301-a12de2cdc2b5@group-E9952EC7D1B9:LeaderElection94: begin an election at term 10 for -1: [8d1936ad-7e22-483e-8301-a12de2cdc2b5:192.168.36.126:34366, dc7ea896-6e80-4fed-8727-08f73144b1fc:192.168.36.126:42983, a824d2a0-4471-4a6f-a232-f84ec650292b:192.168.36.126:37611], old=null
2019-09-25 05:20:24,627 [ece43ade-c7f6-4378-8dfa-fbe6a8ab43cf@group-74FCAC2063C8:LeaderElection91] INFO  impl.LeaderElection (LeaderElection.java:askForVotes(182)) - ece43ade-c7f6-4378-8dfa-fbe6a8ab43cf@group-74FCAC2063C8:LeaderElection91: begin an election at term 10 for -1: [6e4b8f72-2d03-4335-a109-8ce1569ec549:192.168.36.126:38179, a7793eff-ada5-4527-9e0b-a0fd078cd21b:192.168.36.126:36914, ece43ade-c7f6-4378-8dfa-fbe6a8ab43cf:192.168.36.126:41805], old=null
2019-09-25 05:20:24,627 [a824d2a0-4471-4a6f-a232-f84ec650292b@group-E9952EC7D1B9:LeaderElection89] INFO  impl.LeaderElection (LeaderElection.java:askForVotes(182)) - a824d2a0-4471-4a6f-a232-f84ec650292b@group-E9952EC7D1B9:LeaderElection89: begin an election at term 10 for -1: [8d1936ad-7e22-483e-8301-a12de2cdc2b5:192.168.36.126:34366, dc7ea896-6e80-4fed-8727-08f73144b1fc:192.168.36.126:42983, a824d2a0-4471-4a6f-a232-f84ec650292b:192.168.36.126:37611], old=null
2019-09-25 05:20:24,627 [ece43ade-c7f6-4378-8dfa-fbe6a8ab43cf@group-0A753E062AF5:LeaderElection95] INFO  impl.LeaderElection (LeaderElection.java:askForVotes(182)) - ece43ade-c7f6-4378-8dfa-fbe6a8ab43cf@group-0A753E062AF5:LeaderElection95: begin an election at term 10 for -1: [6e4b8f72-2d03-4335-a109-8ce1569ec549:192.168.36.126:38179, a7793eff-ada5-4527-9e0b-a0fd078cd21b:192.168.36.126:36914, ece43ade-c7f6-4378-8dfa-fbe6a8ab43cf:192.168.36.126:41805], old=null
2019-09-25 05:20:24,627 [6e4b8f72-2d03-4335-a109-8ce1569ec549@group-0A753E062AF5:LeaderElection90] INFO  impl.LeaderElection (LeaderElection.java:askForVotes(182)) - 6e4b8f72-2d03-4335-a109-8ce1569ec549@group-0A753E062AF5:LeaderElection90: begin an election at term 10 for -1: [6e4b8f72-2d03-4335-a109-8ce1569ec549:192.168.36.126:38179, a7793eff-ada5-4527-9e0b-a0fd078cd21b:192.168.36.126:36914, ece43ade-c7f6-4378-8dfa-fbe6a8ab43cf:192.168.36.126:41805], old=null
2019-09-25 05:20:24,627 [a7793eff-ada5-4527-9e0b-a0fd078cd21b@group-0A753E062AF5:LeaderElection92] INFO  impl.LeaderElection (LeaderElection.java:askForVotes(182)) - a7793eff-ada5-4527-9e0b-a0fd078cd21b@group-0A753E062AF5:LeaderElection92: begin an election at term 10 for -1: [6e4b8f72-2d03-4335-a109-8ce1569ec549:192.168.36.126:38179, a7793eff-ada5-4527-9e0b-a0fd078cd21b:192.168.36.126:36914, ece43ade-c7f6-4378-8dfa-fbe6a8ab43cf:192.168.36.126:41805], old=null
2019-09-25 05:20:24,644 [grpc-default-executor-1] WARN  server.GrpcServerProtocolService (LogUtils.java:warn(136)) - a7793eff-ada5-4527-9e0b-a0fd078cd21b: Failed requestVote ece43ade-c7f6-4378-8dfa-fbe6a8ab43cf->a7793eff-ada5-4527-9e0b-a0fd078cd21b#0
org.apache.ratis.protocol.GroupMismatchException: a7793eff-ada5-4527-9e0b-a0fd078cd21b: group-74FCAC2063C8 not found.
	at org.apache.ratis.server.impl.RaftServerProxy$ImplMap.get(RaftServerProxy.java:122)
	at org.apache.ratis.server.impl.RaftServerProxy.getImplFuture(RaftServerProxy.java:269)
	at org.apache.ratis.server.impl.RaftServerProxy.getImpl(RaftServerProxy.java:278)
	at org.apache.ratis.server.impl.RaftServerProxy.getImpl(RaftServerProxy.java:273)
	at org.apache.ratis.server.impl.RaftServerProxy.requestVote(RaftServerProxy.java:443)
	at org.apache.ratis.grpc.server.GrpcServerProtocolService.requestVote(GrpcServerProtocolService.java:142)
	at org.apache.ratis.proto.grpc.RaftServerProtocolServiceGrpc$MethodHandlers.invoke(RaftServerProtocolServiceGrpc.java:319)
	at org.apache.ratis.thirdparty.io.grpc.stub.ServerCalls$UnaryServerCallHandler$UnaryServerCallListener.onHalfClose(ServerCalls.java:171)
	at org.apache.ratis.thirdparty.io.grpc.internal.ServerCallImpl$ServerStreamListenerImpl.halfClosed(ServerCallImpl.java:283)
	at org.apache.ratis.thirdparty.io.grpc.internal.ServerImpl$JumpToApplicationThreadServerStreamListener$1HalfClosed.runInContext(ServerImpl.java:710)
	at org.apache.ratis.thirdparty.io.grpc.internal.ContextRunnable.run(ContextRunnable.java:37)
	at org.apache.ratis.thirdparty.io.grpc.internal.SerializingExecutor.run(SerializingExecutor.java:123)
	at java.util.concurrent.ThreadPoolExecutor.runWorker(ThreadPoolExecutor.java:1149)
	at java.util.concurrent.ThreadPoolExecutor$Worker.run(ThreadPoolExecutor.java:624)
	at java.lang.Thread.run(Thread.java:748)
2019-09-25 05:20:24,646 [a7793eff-ada5-4527-9e0b-a0fd078cd21b@group-0A753E062AF5:LeaderElection92] INFO  impl.LeaderElection (LeaderElection.java:logAndReturn(56)) - a7793eff-ada5-4527-9e0b-a0fd078cd21b@group-0A753E062AF5:LeaderElection92: Election REJECTED; received 2 response(s) [a7793eff-ada5-4527-9e0b-a0fd078cd21b<-6e4b8f72-2d03-4335-a109-8ce1569ec549#0:FAIL-t10, a7793eff-ada5-4527-9e0b-a0fd078cd21b<-ece43ade-c7f6-4378-8dfa-fbe6a8ab43cf#0:FAIL-t10] and 0 exception(s); a7793eff-ada5-4527-9e0b-a0fd078cd21b@group-0A753E062AF5:t10, leader=null, voted=a7793eff-ada5-4527-9e0b-a0fd078cd21b, raftlog=a7793eff-ada5-4527-9e0b-a0fd078cd21b@group-0A753E062AF5-SegmentedRaftLog:OPENED:c-1,f-1,i0, conf=-1: [6e4b8f72-2d03-4335-a109-8ce1569ec549:192.168.36.126:38179, a7793eff-ada5-4527-9e0b-a0fd078cd21b:192.168.36.126:36914, ece43ade-c7f6-4378-8dfa-fbe6a8ab43cf:192.168.36.126:41805], old=null
2019-09-25 05:20:24,647 [a7793eff-ada5-4527-9e0b-a0fd078cd21b@group-0A753E062AF5:LeaderElection92] INFO  impl.RaftServerImpl (RaftServerImpl.java:setRole(174)) - a7793eff-ada5-4527-9e0b-a0fd078cd21b@group-0A753E062AF5: changes role from CANDIDATE to FOLLOWER at term 10 for DISCOVERED_A_NEW_TERM
2019-09-25 05:20:24,647 [a7793eff-ada5-4527-9e0b-a0fd078cd21b@group-0A753E062AF5:LeaderElection92] INFO  impl.RoleInfo (RoleInfo.java:shutdownLeaderElection(134)) - a7793eff-ada5-4527-9e0b-a0fd078cd21b: shutdown LeaderElection
2019-09-25 05:20:24,647 [ece43ade-c7f6-4378-8dfa-fbe6a8ab43cf@group-0A753E062AF5:LeaderElection95] INFO  impl.LeaderElection (LeaderElection.java:logAndReturn(56)) - ece43ade-c7f6-4378-8dfa-fbe6a8ab43cf@group-0A753E062AF5:LeaderElection95: Election REJECTED; received 2 response(s) [ece43ade-c7f6-4378-8dfa-fbe6a8ab43cf<-6e4b8f72-2d03-4335-a109-8ce1569ec549#0:FAIL-t10, ece43ade-c7f6-4378-8dfa-fbe6a8ab43cf<-a7793eff-ada5-4527-9e0b-a0fd078cd21b#0:FAIL-t10] and 0 exception(s); ece43ade-c7f6-4378-8dfa-fbe6a8ab43cf@group-0A753E062AF5:t10, leader=null, voted=ece43ade-c7f6-4378-8dfa-fbe6a8ab43cf, raftlog=ece43ade-c7f6-4378-8dfa-fbe6a8ab43cf@group-0A753E062AF5-SegmentedRaftLog:OPENED:c-1,f-1,i0, conf=-1: [6e4b8f72-2d03-4335-a109-8ce1569ec549:192.168.36.126:38179, a7793eff-ada5-4527-9e0b-a0fd078cd21b:192.168.36.126:36914, ece43ade-c7f6-4378-8dfa-fbe6a8ab43cf:192.168.36.126:41805], old=null
2019-09-25 05:20:24,647 [a7793eff-ada5-4527-9e0b-a0fd078cd21b@group-0A753E062AF5:LeaderElection92] INFO  impl.RoleInfo (RoleInfo.java:updateAndGet(143)) - a7793eff-ada5-4527-9e0b-a0fd078cd21b: start FollowerState
2019-09-25 05:20:24,647 [ece43ade-c7f6-4378-8dfa-fbe6a8ab43cf@group-0A753E062AF5:LeaderElection95] INFO  impl.RaftServerImpl (RaftServerImpl.java:setRole(174)) - ece43ade-c7f6-4378-8dfa-fbe6a8ab43cf@group-0A753E062AF5: changes role from CANDIDATE to FOLLOWER at term 10 for DISCOVERED_A_NEW_TERM
2019-09-25 05:20:24,648 [ece43ade-c7f6-4378-8dfa-fbe6a8ab43cf@group-0A753E062AF5:LeaderElection95] INFO  impl.RoleInfo (RoleInfo.java:shutdownLeaderElection(134)) - ece43ade-c7f6-4378-8dfa-fbe6a8ab43cf: shutdown LeaderElection
2019-09-25 05:20:24,648 [ece43ade-c7f6-4378-8dfa-fbe6a8ab43cf@group-0A753E062AF5:LeaderElection95] INFO  impl.RoleInfo (RoleInfo.java:updateAndGet(143)) - ece43ade-c7f6-4378-8dfa-fbe6a8ab43cf: start FollowerState
2019-09-25 05:20:24,649 [a824d2a0-4471-4a6f-a232-f84ec650292b@group-E9952EC7D1B9:LeaderElection89] INFO  impl.LeaderElection (LeaderElection.java:logAndReturn(56)) - a824d2a0-4471-4a6f-a232-f84ec650292b@group-E9952EC7D1B9:LeaderElection89: Election REJECTED; received 2 response(s) [a824d2a0-4471-4a6f-a232-f84ec650292b<-8d1936ad-7e22-483e-8301-a12de2cdc2b5#0:FAIL-t10, a824d2a0-4471-4a6f-a232-f84ec650292b<-dc7ea896-6e80-4fed-8727-08f73144b1fc#0:FAIL-t10] and 0 exception(s); a824d2a0-4471-4a6f-a232-f84ec650292b@group-E9952EC7D1B9:t10, leader=null, voted=a824d2a0-4471-4a6f-a232-f84ec650292b, raftlog=a824d2a0-4471-4a6f-a232-f84ec650292b@group-E9952EC7D1B9-SegmentedRaftLog:OPENED:c-1,f-1,i0, conf=-1: [8d1936ad-7e22-483e-8301-a12de2cdc2b5:192.168.36.126:34366, dc7ea896-6e80-4fed-8727-08f73144b1fc:192.168.36.126:42983, a824d2a0-4471-4a6f-a232-f84ec650292b:192.168.36.126:37611], old=null
2019-09-25 05:20:24,649 [a824d2a0-4471-4a6f-a232-f84ec650292b@group-E9952EC7D1B9:LeaderElection89] INFO  impl.RaftServerImpl (RaftServerImpl.java:setRole(174)) - a824d2a0-4471-4a6f-a232-f84ec650292b@group-E9952EC7D1B9: changes role from CANDIDATE to FOLLOWER at term 10 for DISCOVERED_A_NEW_TERM
2019-09-25 05:20:24,649 [ece43ade-c7f6-4378-8dfa-fbe6a8ab43cf@group-74FCAC2063C8:LeaderElection91] INFO  impl.LeaderElection (LogUtils.java:infoOrTrace(149)) - ece43ade-c7f6-4378-8dfa-fbe6a8ab43cf@group-74FCAC2063C8:LeaderElection91 got exception when requesting votes: {}
java.util.concurrent.ExecutionException: org.apache.ratis.thirdparty.io.grpc.StatusRuntimeException: INTERNAL: a7793eff-ada5-4527-9e0b-a0fd078cd21b: group-74FCAC2063C8 not found.
	at java.util.concurrent.FutureTask.report(FutureTask.java:122)
	at java.util.concurrent.FutureTask.get(FutureTask.java:192)
	at org.apache.ratis.server.impl.LeaderElection.waitForResults(LeaderElection.java:263)
	at org.apache.ratis.server.impl.LeaderElection.askForVotes(LeaderElection.java:201)
	at org.apache.ratis.server.impl.LeaderElection.run(LeaderElection.java:133)
	at java.lang.Thread.run(Thread.java:748)
Caused by: org.apache.ratis.thirdparty.io.grpc.StatusRuntimeException: INTERNAL: a7793eff-ada5-4527-9e0b-a0fd078cd21b: group-74FCAC2063C8 not found.
	at org.apache.ratis.thirdparty.io.grpc.stub.ClientCalls.toStatusRuntimeException(ClientCalls.java:233)
	at org.apache.ratis.thirdparty.io.grpc.stub.ClientCalls.getUnchecked(ClientCalls.java:214)
	at org.apache.ratis.thirdparty.io.grpc.stub.ClientCalls.blockingUnaryCall(ClientCalls.java:139)
	at org.apache.ratis.proto.grpc.RaftServerProtocolServiceGrpc$RaftServerProtocolServiceBlockingStub.requestVote(RaftServerProtocolServiceGrpc.java:265)
	at org.apache.ratis.grpc.server.GrpcServerProtocolClient.requestVote(GrpcServerProtocolClient.java:90)
	at org.apache.ratis.grpc.server.GrpcService.requestVote(GrpcService.java:204)
	at org.apache.ratis.server.impl.LeaderElection.lambda$submitRequests$1(LeaderElection.java:238)
	at java.util.concurrent.FutureTask.run(FutureTask.java:266)
	at java.util.concurrent.Executors$RunnableAdapter.call(Executors.java:511)
	at java.util.concurrent.FutureTask.run(FutureTask.java:266)
	at java.util.concurrent.ThreadPoolExecutor.runWorker(ThreadPoolExecutor.java:1149)
	at java.util.concurrent.ThreadPoolExecutor$Worker.run(ThreadPoolExecutor.java:624)
	... 1 more
2019-09-25 05:20:24,652 [grpc-default-executor-9] WARN  server.GrpcServerProtocolService (LogUtils.java:warn(136)) - 6e4b8f72-2d03-4335-a109-8ce1569ec549: Failed requestVote ece43ade-c7f6-4378-8dfa-fbe6a8ab43cf->6e4b8f72-2d03-4335-a109-8ce1569ec549#0
org.apache.ratis.protocol.GroupMismatchException: 6e4b8f72-2d03-4335-a109-8ce1569ec549: group-74FCAC2063C8 not found.
	at org.apache.ratis.server.impl.RaftServerProxy$ImplMap.get(RaftServerProxy.java:122)
	at org.apache.ratis.server.impl.RaftServerProxy.getImplFuture(RaftServerProxy.java:269)
	at org.apache.ratis.server.impl.RaftServerProxy.getImpl(RaftServerProxy.java:278)
	at org.apache.ratis.server.impl.RaftServerProxy.getImpl(RaftServerProxy.java:273)
	at org.apache.ratis.server.impl.RaftServerProxy.requestVote(RaftServerProxy.java:443)
	at org.apache.ratis.grpc.server.GrpcServerProtocolService.requestVote(GrpcServerProtocolService.java:142)
	at org.apache.ratis.proto.grpc.RaftServerProtocolServiceGrpc$MethodHandlers.invoke(RaftServerProtocolServiceGrpc.java:319)
	at org.apache.ratis.thirdparty.io.grpc.stub.ServerCalls$UnaryServerCallHandler$UnaryServerCallListener.onHalfClose(ServerCalls.java:171)
	at org.apache.ratis.thirdparty.io.grpc.internal.ServerCallImpl$ServerStreamListenerImpl.halfClosed(ServerCallImpl.java:283)
	at org.apache.ratis.thirdparty.io.grpc.internal.ServerImpl$JumpToApplicationThreadServerStreamListener$1HalfClosed.runInContext(ServerImpl.java:710)
	at org.apache.ratis.thirdparty.io.grpc.internal.ContextRunnable.run(ContextRunnable.java:37)
	at org.apache.ratis.thirdparty.io.grpc.internal.SerializingExecutor.run(SerializingExecutor.java:123)
	at java.util.concurrent.ThreadPoolExecutor.runWorker(ThreadPoolExecutor.java:1149)
	at java.util.concurrent.ThreadPoolExecutor$Worker.run(ThreadPoolExecutor.java:624)
	at java.lang.Thread.run(Thread.java:748)
2019-09-25 05:20:24,649 [a824d2a0-4471-4a6f-a232-f84ec650292b@group-E9952EC7D1B9:LeaderElection89] INFO  impl.RoleInfo (RoleInfo.java:shutdownLeaderElection(134)) - a824d2a0-4471-4a6f-a232-f84ec650292b: shutdown LeaderElection
2019-09-25 05:20:24,653 [8d1936ad-7e22-483e-8301-a12de2cdc2b5@group-E9952EC7D1B9:LeaderElection94] INFO  impl.LeaderElection (LeaderElection.java:logAndReturn(56)) - 8d1936ad-7e22-483e-8301-a12de2cdc2b5@group-E9952EC7D1B9:LeaderElection94: Election REJECTED; received 2 response(s) [8d1936ad-7e22-483e-8301-a12de2cdc2b5<-dc7ea896-6e80-4fed-8727-08f73144b1fc#0:FAIL-t10, 8d1936ad-7e22-483e-8301-a12de2cdc2b5<-a824d2a0-4471-4a6f-a232-f84ec650292b#0:FAIL-t10] and 0 exception(s); 8d1936ad-7e22-483e-8301-a12de2cdc2b5@group-E9952EC7D1B9:t10, leader=null, voted=8d1936ad-7e22-483e-8301-a12de2cdc2b5, raftlog=8d1936ad-7e22-483e-8301-a12de2cdc2b5@group-E9952EC7D1B9-SegmentedRaftLog:OPENED:c-1,f-1,i0, conf=-1: [8d1936ad-7e22-483e-8301-a12de2cdc2b5:192.168.36.126:34366, dc7ea896-6e80-4fed-8727-08f73144b1fc:192.168.36.126:42983, a824d2a0-4471-4a6f-a232-f84ec650292b:192.168.36.126:37611], old=null
2019-09-25 05:20:24,654 [a824d2a0-4471-4a6f-a232-f84ec650292b@group-E9952EC7D1B9:LeaderElection89] INFO  impl.RoleInfo (RoleInfo.java:updateAndGet(143)) - a824d2a0-4471-4a6f-a232-f84ec650292b: start FollowerState
2019-09-25 05:20:24,654 [8d1936ad-7e22-483e-8301-a12de2cdc2b5@group-E9952EC7D1B9:LeaderElection94] INFO  impl.RaftServerImpl (RaftServerImpl.java:setRole(174)) - 8d1936ad-7e22-483e-8301-a12de2cdc2b5@group-E9952EC7D1B9: changes role from CANDIDATE to FOLLOWER at term 10 for DISCOVERED_A_NEW_TERM
2019-09-25 05:20:24,654 [8d1936ad-7e22-483e-8301-a12de2cdc2b5@group-E9952EC7D1B9:LeaderElection94] INFO  impl.RoleInfo (RoleInfo.java:shutdownLeaderElection(134)) - 8d1936ad-7e22-483e-8301-a12de2cdc2b5: shutdown LeaderElection
2019-09-25 05:20:24,655 [8d1936ad-7e22-483e-8301-a12de2cdc2b5@group-E9952EC7D1B9:LeaderElection94] INFO  impl.RoleInfo (RoleInfo.java:updateAndGet(143)) - 8d1936ad-7e22-483e-8301-a12de2cdc2b5: start FollowerState
2019-09-25 05:20:24,655 [6e4b8f72-2d03-4335-a109-8ce1569ec549@group-0A753E062AF5:LeaderElection90] INFO  impl.LeaderElection (LeaderElection.java:logAndReturn(56)) - 6e4b8f72-2d03-4335-a109-8ce1569ec549@group-0A753E062AF5:LeaderElection90: Election REJECTED; received 2 response(s) [6e4b8f72-2d03-4335-a109-8ce1569ec549<-a7793eff-ada5-4527-9e0b-a0fd078cd21b#0:FAIL-t10, 6e4b8f72-2d03-4335-a109-8ce1569ec549<-ece43ade-c7f6-4378-8dfa-fbe6a8ab43cf#0:FAIL-t10] and 0 exception(s); 6e4b8f72-2d03-4335-a109-8ce1569ec549@group-0A753E062AF5:t10, leader=null, voted=6e4b8f72-2d03-4335-a109-8ce1569ec549, raftlog=6e4b8f72-2d03-4335-a109-8ce1569ec549@group-0A753E062AF5-SegmentedRaftLog:OPENED:c-1,f-1,i0, conf=-1: [6e4b8f72-2d03-4335-a109-8ce1569ec549:192.168.36.126:38179, a7793eff-ada5-4527-9e0b-a0fd078cd21b:192.168.36.126:36914, ece43ade-c7f6-4378-8dfa-fbe6a8ab43cf:192.168.36.126:41805], old=null
2019-09-25 05:20:24,655 [dc7ea896-6e80-4fed-8727-08f73144b1fc@group-E9952EC7D1B9:LeaderElection93] INFO  impl.LeaderElection (LeaderElection.java:logAndReturn(56)) - dc7ea896-6e80-4fed-8727-08f73144b1fc@group-E9952EC7D1B9:LeaderElection93: Election REJECTED; received 2 response(s) [dc7ea896-6e80-4fed-8727-08f73144b1fc<-8d1936ad-7e22-483e-8301-a12de2cdc2b5#0:FAIL-t10, dc7ea896-6e80-4fed-8727-08f73144b1fc<-a824d2a0-4471-4a6f-a232-f84ec650292b#0:FAIL-t10] and 0 exception(s); dc7ea896-6e80-4fed-8727-08f73144b1fc@group-E9952EC7D1B9:t10, leader=null, voted=dc7ea896-6e80-4fed-8727-08f73144b1fc, raftlog=dc7ea896-6e80-4fed-8727-08f73144b1fc@group-E9952EC7D1B9-SegmentedRaftLog:OPENED:c-1,f-1,i0, conf=-1: [8d1936ad-7e22-483e-8301-a12de2cdc2b5:192.168.36.126:34366, dc7ea896-6e80-4fed-8727-08f73144b1fc:192.168.36.126:42983, a824d2a0-4471-4a6f-a232-f84ec650292b:192.168.36.126:37611], old=null
2019-09-25 05:20:24,655 [6e4b8f72-2d03-4335-a109-8ce1569ec549@group-0A753E062AF5:LeaderElection90] INFO  impl.RaftServerImpl (RaftServerImpl.java:setRole(174)) - 6e4b8f72-2d03-4335-a109-8ce1569ec549@group-0A753E062AF5: changes role from CANDIDATE to FOLLOWER at term 10 for DISCOVERED_A_NEW_TERM
2019-09-25 05:20:24,655 [dc7ea896-6e80-4fed-8727-08f73144b1fc@group-E9952EC7D1B9:LeaderElection93] INFO  impl.RaftServerImpl (RaftServerImpl.java:setRole(174)) - dc7ea896-6e80-4fed-8727-08f73144b1fc@group-E9952EC7D1B9: changes role from CANDIDATE to FOLLOWER at term 10 for DISCOVERED_A_NEW_TERM
2019-09-25 05:20:24,656 [6e4b8f72-2d03-4335-a109-8ce1569ec549@group-0A753E062AF5:LeaderElection90] INFO  impl.RoleInfo (RoleInfo.java:shutdownLeaderElection(134)) - 6e4b8f72-2d03-4335-a109-8ce1569ec549: shutdown LeaderElection
2019-09-25 05:20:24,656 [dc7ea896-6e80-4fed-8727-08f73144b1fc@group-E9952EC7D1B9:LeaderElection93] INFO  impl.RoleInfo (RoleInfo.java:shutdownLeaderElection(134)) - dc7ea896-6e80-4fed-8727-08f73144b1fc: shutdown LeaderElection
2019-09-25 05:20:24,656 [6e4b8f72-2d03-4335-a109-8ce1569ec549@group-0A753E062AF5:LeaderElection90] INFO  impl.RoleInfo (RoleInfo.java:updateAndGet(143)) - 6e4b8f72-2d03-4335-a109-8ce1569ec549: start FollowerState
2019-09-25 05:20:24,656 [dc7ea896-6e80-4fed-8727-08f73144b1fc@group-E9952EC7D1B9:LeaderElection93] INFO  impl.RoleInfo (RoleInfo.java:updateAndGet(143)) - dc7ea896-6e80-4fed-8727-08f73144b1fc: start FollowerState
2019-09-25 05:20:24,658 [ece43ade-c7f6-4378-8dfa-fbe6a8ab43cf@group-74FCAC2063C8:LeaderElection91] INFO  impl.LeaderElection (LogUtils.java:infoOrTrace(149)) - ece43ade-c7f6-4378-8dfa-fbe6a8ab43cf@group-74FCAC2063C8:LeaderElection91 got exception when requesting votes: {}
java.util.concurrent.ExecutionException: org.apache.ratis.thirdparty.io.grpc.StatusRuntimeException: INTERNAL: 6e4b8f72-2d03-4335-a109-8ce1569ec549: group-74FCAC2063C8 not found.
	at java.util.concurrent.FutureTask.report(FutureTask.java:122)
	at java.util.concurrent.FutureTask.get(FutureTask.java:192)
	at org.apache.ratis.server.impl.LeaderElection.waitForResults(LeaderElection.java:263)
	at org.apache.ratis.server.impl.LeaderElection.askForVotes(LeaderElection.java:201)
	at org.apache.ratis.server.impl.LeaderElection.run(LeaderElection.java:133)
	at java.lang.Thread.run(Thread.java:748)
Caused by: org.apache.ratis.thirdparty.io.grpc.StatusRuntimeException: INTERNAL: 6e4b8f72-2d03-4335-a109-8ce1569ec549: group-74FCAC2063C8 not found.
	at org.apache.ratis.thirdparty.io.grpc.stub.ClientCalls.toStatusRuntimeException(ClientCalls.java:233)
	at org.apache.ratis.thirdparty.io.grpc.stub.ClientCalls.getUnchecked(ClientCalls.java:214)
	at org.apache.ratis.thirdparty.io.grpc.stub.ClientCalls.blockingUnaryCall(ClientCalls.java:139)
	at org.apache.ratis.proto.grpc.RaftServerProtocolServiceGrpc$RaftServerProtocolServiceBlockingStub.requestVote(RaftServerProtocolServiceGrpc.java:265)
	at org.apache.ratis.grpc.server.GrpcServerProtocolClient.requestVote(GrpcServerProtocolClient.java:90)
	at org.apache.ratis.grpc.server.GrpcService.requestVote(GrpcService.java:204)
	at org.apache.ratis.server.impl.LeaderElection.lambda$submitRequests$1(LeaderElection.java:238)
	at java.util.concurrent.FutureTask.run(FutureTask.java:266)
	at java.util.concurrent.Executors$RunnableAdapter.call(Executors.java:511)
	at java.util.concurrent.FutureTask.run(FutureTask.java:266)
	at java.util.concurrent.ThreadPoolExecutor.runWorker(ThreadPoolExecutor.java:1149)
	at java.util.concurrent.ThreadPoolExecutor$Worker.run(ThreadPoolExecutor.java:624)
	... 1 more
2019-09-25 05:20:24,661 [ece43ade-c7f6-4378-8dfa-fbe6a8ab43cf@group-74FCAC2063C8:LeaderElection91] INFO  impl.LeaderElection (LeaderElection.java:logAndReturn(56)) - ece43ade-c7f6-4378-8dfa-fbe6a8ab43cf@group-74FCAC2063C8:LeaderElection91: Election REJECTED; received 0 response(s) [] and 2 exception(s); ece43ade-c7f6-4378-8dfa-fbe6a8ab43cf@group-74FCAC2063C8:t10, leader=null, voted=ece43ade-c7f6-4378-8dfa-fbe6a8ab43cf, raftlog=ece43ade-c7f6-4378-8dfa-fbe6a8ab43cf@group-74FCAC2063C8-SegmentedRaftLog:OPENED:c-1,f-1,i0, conf=-1: [6e4b8f72-2d03-4335-a109-8ce1569ec549:192.168.36.126:38179, a7793eff-ada5-4527-9e0b-a0fd078cd21b:192.168.36.126:36914, ece43ade-c7f6-4378-8dfa-fbe6a8ab43cf:192.168.36.126:41805], old=null
2019-09-25 05:20:24,661 [ece43ade-c7f6-4378-8dfa-fbe6a8ab43cf@group-74FCAC2063C8:LeaderElection91] INFO  impl.LeaderElection (LogUtils.java:infoOrTrace(149)) -   Exception 0: {}
java.util.concurrent.ExecutionException: org.apache.ratis.thirdparty.io.grpc.StatusRuntimeException: INTERNAL: a7793eff-ada5-4527-9e0b-a0fd078cd21b: group-74FCAC2063C8 not found.
	at java.util.concurrent.FutureTask.report(FutureTask.java:122)
	at java.util.concurrent.FutureTask.get(FutureTask.java:192)
	at org.apache.ratis.server.impl.LeaderElection.waitForResults(LeaderElection.java:263)
	at org.apache.ratis.server.impl.LeaderElection.askForVotes(LeaderElection.java:201)
	at org.apache.ratis.server.impl.LeaderElection.run(LeaderElection.java:133)
	at java.lang.Thread.run(Thread.java:748)
Caused by: org.apache.ratis.thirdparty.io.grpc.StatusRuntimeException: INTERNAL: a7793eff-ada5-4527-9e0b-a0fd078cd21b: group-74FCAC2063C8 not found.
	at org.apache.ratis.thirdparty.io.grpc.stub.ClientCalls.toStatusRuntimeException(ClientCalls.java:233)
	at org.apache.ratis.thirdparty.io.grpc.stub.ClientCalls.getUnchecked(ClientCalls.java:214)
	at org.apache.ratis.thirdparty.io.grpc.stub.ClientCalls.blockingUnaryCall(ClientCalls.java:139)
	at org.apache.ratis.proto.grpc.RaftServerProtocolServiceGrpc$RaftServerProtocolServiceBlockingStub.requestVote(RaftServerProtocolServiceGrpc.java:265)
	at org.apache.ratis.grpc.server.GrpcServerProtocolClient.requestVote(GrpcServerProtocolClient.java:90)
	at org.apache.ratis.grpc.server.GrpcService.requestVote(GrpcService.java:204)
	at org.apache.ratis.server.impl.LeaderElection.lambda$submitRequests$1(LeaderElection.java:238)
	at java.util.concurrent.FutureTask.run(FutureTask.java:266)
	at java.util.concurrent.Executors$RunnableAdapter.call(Executors.java:511)
	at java.util.concurrent.FutureTask.run(FutureTask.java:266)
	at java.util.concurrent.ThreadPoolExecutor.runWorker(ThreadPoolExecutor.java:1149)
	at java.util.concurrent.ThreadPoolExecutor$Worker.run(ThreadPoolExecutor.java:624)
	... 1 more
2019-09-25 05:20:24,661 [ece43ade-c7f6-4378-8dfa-fbe6a8ab43cf@group-74FCAC2063C8:LeaderElection91] INFO  impl.LeaderElection (LogUtils.java:infoOrTrace(149)) -   Exception 1: {}
java.util.concurrent.ExecutionException: org.apache.ratis.thirdparty.io.grpc.StatusRuntimeException: INTERNAL: 6e4b8f72-2d03-4335-a109-8ce1569ec549: group-74FCAC2063C8 not found.
	at java.util.concurrent.FutureTask.report(FutureTask.java:122)
	at java.util.concurrent.FutureTask.get(FutureTask.java:192)
	at org.apache.ratis.server.impl.LeaderElection.waitForResults(LeaderElection.java:263)
	at org.apache.ratis.server.impl.LeaderElection.askForVotes(LeaderElection.java:201)
	at org.apache.ratis.server.impl.LeaderElection.run(LeaderElection.java:133)
	at java.lang.Thread.run(Thread.java:748)
Caused by: org.apache.ratis.thirdparty.io.grpc.StatusRuntimeException: INTERNAL: 6e4b8f72-2d03-4335-a109-8ce1569ec549: group-74FCAC2063C8 not found.
	at org.apache.ratis.thirdparty.io.grpc.stub.ClientCalls.toStatusRuntimeException(ClientCalls.java:233)
	at org.apache.ratis.thirdparty.io.grpc.stub.ClientCalls.getUnchecked(ClientCalls.java:214)
	at org.apache.ratis.thirdparty.io.grpc.stub.ClientCalls.blockingUnaryCall(ClientCalls.java:139)
	at org.apache.ratis.proto.grpc.RaftServerProtocolServiceGrpc$RaftServerProtocolServiceBlockingStub.requestVote(RaftServerProtocolServiceGrpc.java:265)
	at org.apache.ratis.grpc.server.GrpcServerProtocolClient.requestVote(GrpcServerProtocolClient.java:90)
	at org.apache.ratis.grpc.server.GrpcService.requestVote(GrpcService.java:204)
	at org.apache.ratis.server.impl.LeaderElection.lambda$submitRequests$1(LeaderElection.java:238)
	at java.util.concurrent.FutureTask.run(FutureTask.java:266)
	at java.util.concurrent.Executors$RunnableAdapter.call(Executors.java:511)
	at java.util.concurrent.FutureTask.run(FutureTask.java:266)
	at java.util.concurrent.ThreadPoolExecutor.runWorker(ThreadPoolExecutor.java:1149)
	at java.util.concurrent.ThreadPoolExecutor$Worker.run(ThreadPoolExecutor.java:624)
	... 1 more
2019-09-25 05:20:24,662 [ece43ade-c7f6-4378-8dfa-fbe6a8ab43cf@group-74FCAC2063C8:LeaderElection91] INFO  impl.RaftServerImpl (RaftServerImpl.java:setRole(174)) - ece43ade-c7f6-4378-8dfa-fbe6a8ab43cf@group-74FCAC2063C8: changes role from CANDIDATE to FOLLOWER at term 10 for DISCOVERED_A_NEW_TERM
2019-09-25 05:20:24,662 [ece43ade-c7f6-4378-8dfa-fbe6a8ab43cf@group-74FCAC2063C8:LeaderElection91] INFO  impl.RoleInfo (RoleInfo.java:shutdownLeaderElection(134)) - ece43ade-c7f6-4378-8dfa-fbe6a8ab43cf: shutdown LeaderElection
2019-09-25 05:20:24,662 [ece43ade-c7f6-4378-8dfa-fbe6a8ab43cf@group-74FCAC2063C8:LeaderElection91] INFO  impl.RoleInfo (RoleInfo.java:updateAndGet(143)) - ece43ade-c7f6-4378-8dfa-fbe6a8ab43cf: start FollowerState
2019-09-25 05:20:28,669 [Thread-412] INFO  impl.FollowerState (FollowerState.java:run(106)) - ece43ade-c7f6-4378-8dfa-fbe6a8ab43cf:group-8C538AEF5C3F changes to CANDIDATE, lastRpcTime:10149, electionTimeout:5075ms
2019-09-25 05:20:28,669 [Thread-412] INFO  impl.RoleInfo (RoleInfo.java:shutdownFollowerState(121)) - ece43ade-c7f6-4378-8dfa-fbe6a8ab43cf: shutdown FollowerState
2019-09-25 05:20:28,670 [Thread-412] INFO  impl.RaftServerImpl (RaftServerImpl.java:setRole(174)) - ece43ade-c7f6-4378-8dfa-fbe6a8ab43cf@group-8C538AEF5C3F: changes role from  FOLLOWER to CANDIDATE at term 3 for changeToCandidate
2019-09-25 05:20:28,675 [Thread-412] INFO  impl.RoleInfo (RoleInfo.java:updateAndGet(143)) - ece43ade-c7f6-4378-8dfa-fbe6a8ab43cf: start LeaderElection
2019-09-25 05:20:28,676 [ece43ade-c7f6-4378-8dfa-fbe6a8ab43cf@group-8C538AEF5C3F:LeaderElection96] INFO  impl.RaftServerImpl (ServerState.java:setLeader(253)) - ece43ade-c7f6-4378-8dfa-fbe6a8ab43cf@group-8C538AEF5C3F: change Leader from 6e4b8f72-2d03-4335-a109-8ce1569ec549 to null at term 3 for initElection
2019-09-25 05:20:29,656 [Thread-855] INFO  impl.FollowerState (FollowerState.java:run(106)) - 8d1936ad-7e22-483e-8301-a12de2cdc2b5:group-E9952EC7D1B9 changes to CANDIDATE, lastRpcTime:5001, electionTimeout:5001ms
2019-09-25 05:20:29,657 [Thread-855] INFO  impl.RoleInfo (RoleInfo.java:shutdownFollowerState(121)) - 8d1936ad-7e22-483e-8301-a12de2cdc2b5: shutdown FollowerState
2019-09-25 05:20:29,657 [Thread-855] INFO  impl.RaftServerImpl (RaftServerImpl.java:setRole(174)) - 8d1936ad-7e22-483e-8301-a12de2cdc2b5@group-E9952EC7D1B9: changes role from  FOLLOWER to CANDIDATE at term 10 for changeToCandidate
2019-09-25 05:20:29,657 [Thread-855] INFO  impl.RoleInfo (RoleInfo.java:updateAndGet(143)) - 8d1936ad-7e22-483e-8301-a12de2cdc2b5: start LeaderElection
2019-09-25 05:20:29,683 [Thread-852] INFO  impl.FollowerState (FollowerState.java:run(106)) - a7793eff-ada5-4527-9e0b-a0fd078cd21b:group-0A753E062AF5 changes to CANDIDATE, lastRpcTime:5035, electionTimeout:5035ms
2019-09-25 05:20:29,683 [Thread-852] INFO  impl.RoleInfo (RoleInfo.java:shutdownFollowerState(121)) - a7793eff-ada5-4527-9e0b-a0fd078cd21b: shutdown FollowerState
2019-09-25 05:20:29,683 [Thread-852] INFO  impl.RaftServerImpl (RaftServerImpl.java:setRole(174)) - a7793eff-ada5-4527-9e0b-a0fd078cd21b@group-0A753E062AF5: changes role from  FOLLOWER to CANDIDATE at term 10 for changeToCandidate
2019-09-25 05:20:29,684 [Thread-852] INFO  impl.RoleInfo (RoleInfo.java:updateAndGet(143)) - a7793eff-ada5-4527-9e0b-a0fd078cd21b: start LeaderElection
2019-09-25 05:20:29,688 [Thread-858] INFO  impl.FollowerState (FollowerState.java:run(106)) - ece43ade-c7f6-4378-8dfa-fbe6a8ab43cf:group-74FCAC2063C8 changes to CANDIDATE, lastRpcTime:5025, electionTimeout:5025ms
2019-09-25 05:20:29,688 [Thread-858] INFO  impl.RoleInfo (RoleInfo.java:shutdownFollowerState(121)) - ece43ade-c7f6-4378-8dfa-fbe6a8ab43cf: shutdown FollowerState
2019-09-25 05:20:29,688 [Thread-858] INFO  impl.RaftServerImpl (RaftServerImpl.java:setRole(174)) - ece43ade-c7f6-4378-8dfa-fbe6a8ab43cf@group-74FCAC2063C8: changes role from  FOLLOWER to CANDIDATE at term 10 for changeToCandidate
2019-09-25 05:20:29,688 [Thread-858] INFO  impl.RoleInfo (RoleInfo.java:updateAndGet(143)) - ece43ade-c7f6-4378-8dfa-fbe6a8ab43cf: start LeaderElection
2019-09-25 05:20:29,727 [Thread-856] INFO  impl.FollowerState (FollowerState.java:run(106)) - 6e4b8f72-2d03-4335-a109-8ce1569ec549:group-0A753E062AF5 changes to CANDIDATE, lastRpcTime:5070, electionTimeout:5070ms
2019-09-25 05:20:29,727 [Thread-856] INFO  impl.RoleInfo (RoleInfo.java:shutdownFollowerState(121)) - 6e4b8f72-2d03-4335-a109-8ce1569ec549: shutdown FollowerState
2019-09-25 05:20:29,727 [Thread-856] INFO  impl.RaftServerImpl (RaftServerImpl.java:setRole(174)) - 6e4b8f72-2d03-4335-a109-8ce1569ec549@group-0A753E062AF5: changes role from  FOLLOWER to CANDIDATE at term 10 for changeToCandidate
2019-09-25 05:20:29,727 [Thread-856] INFO  impl.RoleInfo (RoleInfo.java:updateAndGet(143)) - 6e4b8f72-2d03-4335-a109-8ce1569ec549: start LeaderElection
2019-09-25 05:20:29,742 [Thread-854] INFO  impl.FollowerState (FollowerState.java:run(106)) - a824d2a0-4471-4a6f-a232-f84ec650292b:group-E9952EC7D1B9 changes to CANDIDATE, lastRpcTime:5087, electionTimeout:5087ms
2019-09-25 05:20:29,742 [Thread-854] INFO  impl.RoleInfo (RoleInfo.java:shutdownFollowerState(121)) - a824d2a0-4471-4a6f-a232-f84ec650292b: shutdown FollowerState
2019-09-25 05:20:29,742 [Thread-854] INFO  impl.RaftServerImpl (RaftServerImpl.java:setRole(174)) - a824d2a0-4471-4a6f-a232-f84ec650292b@group-E9952EC7D1B9: changes role from  FOLLOWER to CANDIDATE at term 10 for changeToCandidate
2019-09-25 05:20:29,742 [Thread-854] INFO  impl.RoleInfo (RoleInfo.java:updateAndGet(143)) - a824d2a0-4471-4a6f-a232-f84ec650292b: start LeaderElection
2019-09-25 05:20:29,755 [Thread-853] INFO  impl.FollowerState (FollowerState.java:run(106)) - ece43ade-c7f6-4378-8dfa-fbe6a8ab43cf:group-0A753E062AF5 changes to CANDIDATE, lastRpcTime:5106, electionTimeout:5106ms
2019-09-25 05:20:29,755 [Thread-853] INFO  impl.RoleInfo (RoleInfo.java:shutdownFollowerState(121)) - ece43ade-c7f6-4378-8dfa-fbe6a8ab43cf: shutdown FollowerState
2019-09-25 05:20:29,755 [Thread-853] INFO  impl.RaftServerImpl (RaftServerImpl.java:setRole(174)) - ece43ade-c7f6-4378-8dfa-fbe6a8ab43cf@group-0A753E062AF5: changes role from  FOLLOWER to CANDIDATE at term 10 for changeToCandidate
2019-09-25 05:20:29,755 [Thread-853] INFO  impl.RoleInfo (RoleInfo.java:updateAndGet(143)) - ece43ade-c7f6-4378-8dfa-fbe6a8ab43cf: start LeaderElection
2019-09-25 05:20:29,814 [Thread-857] INFO  impl.FollowerState (FollowerState.java:run(106)) - dc7ea896-6e80-4fed-8727-08f73144b1fc:group-E9952EC7D1B9 changes to CANDIDATE, lastRpcTime:5157, electionTimeout:5157ms
2019-09-25 05:20:29,814 [Thread-857] INFO  impl.RoleInfo (RoleInfo.java:shutdownFollowerState(121)) - dc7ea896-6e80-4fed-8727-08f73144b1fc: shutdown FollowerState
2019-09-25 05:20:29,814 [Thread-857] INFO  impl.RaftServerImpl (RaftServerImpl.java:setRole(174)) - dc7ea896-6e80-4fed-8727-08f73144b1fc@group-E9952EC7D1B9: changes role from  FOLLOWER to CANDIDATE at term 10 for changeToCandidate
2019-09-25 05:20:29,815 [Thread-857] INFO  impl.RoleInfo (RoleInfo.java:updateAndGet(143)) - dc7ea896-6e80-4fed-8727-08f73144b1fc: start LeaderElection
2019-09-25 05:20:30,423 [ece43ade-c7f6-4378-8dfa-fbe6a8ab43cf@group-8C538AEF5C3F:LeaderElection96] INFO  impl.LeaderElection (LeaderElection.java:askForVotes(182)) - ece43ade-c7f6-4378-8dfa-fbe6a8ab43cf@group-8C538AEF5C3F:LeaderElection96: begin an election at term 4 for 0: [6e4b8f72-2d03-4335-a109-8ce1569ec549:192.168.36.126:38179, a7793eff-ada5-4527-9e0b-a0fd078cd21b:192.168.36.126:36914, ece43ade-c7f6-4378-8dfa-fbe6a8ab43cf:192.168.36.126:41805], old=null
2019-09-25 05:20:30,424 [a824d2a0-4471-4a6f-a232-f84ec650292b@group-E9952EC7D1B9:LeaderElection101] INFO  impl.LeaderElection (LeaderElection.java:askForVotes(182)) - a824d2a0-4471-4a6f-a232-f84ec650292b@group-E9952EC7D1B9:LeaderElection101: begin an election at term 11 for -1: [8d1936ad-7e22-483e-8301-a12de2cdc2b5:192.168.36.126:34366, dc7ea896-6e80-4fed-8727-08f73144b1fc:192.168.36.126:42983, a824d2a0-4471-4a6f-a232-f84ec650292b:192.168.36.126:37611], old=null
2019-09-25 05:20:30,424 [8d1936ad-7e22-483e-8301-a12de2cdc2b5@group-E9952EC7D1B9:LeaderElection97] INFO  impl.LeaderElection (LeaderElection.java:askForVotes(182)) - 8d1936ad-7e22-483e-8301-a12de2cdc2b5@group-E9952EC7D1B9:LeaderElection97: begin an election at term 11 for -1: [8d1936ad-7e22-483e-8301-a12de2cdc2b5:192.168.36.126:34366, dc7ea896-6e80-4fed-8727-08f73144b1fc:192.168.36.126:42983, a824d2a0-4471-4a6f-a232-f84ec650292b:192.168.36.126:37611], old=null
2019-09-25 05:20:30,424 [a7793eff-ada5-4527-9e0b-a0fd078cd21b@group-0A753E062AF5:LeaderElection98] INFO  impl.LeaderElection (LeaderElection.java:askForVotes(182)) - a7793eff-ada5-4527-9e0b-a0fd078cd21b@group-0A753E062AF5:LeaderElection98: begin an election at term 11 for -1: [6e4b8f72-2d03-4335-a109-8ce1569ec549:192.168.36.126:38179, a7793eff-ada5-4527-9e0b-a0fd078cd21b:192.168.36.126:36914, ece43ade-c7f6-4378-8dfa-fbe6a8ab43cf:192.168.36.126:41805], old=null
2019-09-25 05:20:30,424 [ece43ade-c7f6-4378-8dfa-fbe6a8ab43cf@group-74FCAC2063C8:LeaderElection99] INFO  impl.LeaderElection (LeaderElection.java:askForVotes(182)) - ece43ade-c7f6-4378-8dfa-fbe6a8ab43cf@group-74FCAC2063C8:LeaderElection99: begin an election at term 11 for -1: [6e4b8f72-2d03-4335-a109-8ce1569ec549:192.168.36.126:38179, a7793eff-ada5-4527-9e0b-a0fd078cd21b:192.168.36.126:36914, ece43ade-c7f6-4378-8dfa-fbe6a8ab43cf:192.168.36.126:41805], old=null
2019-09-25 05:20:30,424 [dc7ea896-6e80-4fed-8727-08f73144b1fc@group-E9952EC7D1B9:LeaderElection103] INFO  impl.LeaderElection (LeaderElection.java:askForVotes(182)) - dc7ea896-6e80-4fed-8727-08f73144b1fc@group-E9952EC7D1B9:LeaderElection103: begin an election at term 11 for -1: [8d1936ad-7e22-483e-8301-a12de2cdc2b5:192.168.36.126:34366, dc7ea896-6e80-4fed-8727-08f73144b1fc:192.168.36.126:42983, a824d2a0-4471-4a6f-a232-f84ec650292b:192.168.36.126:37611], old=null
2019-09-25 05:20:30,424 [ece43ade-c7f6-4378-8dfa-fbe6a8ab43cf@group-0A753E062AF5:LeaderElection102] INFO  impl.LeaderElection (LeaderElection.java:askForVotes(182)) - ece43ade-c7f6-4378-8dfa-fbe6a8ab43cf@group-0A753E062AF5:LeaderElection102: begin an election at term 11 for -1: [6e4b8f72-2d03-4335-a109-8ce1569ec549:192.168.36.126:38179, a7793eff-ada5-4527-9e0b-a0fd078cd21b:192.168.36.126:36914, ece43ade-c7f6-4378-8dfa-fbe6a8ab43cf:192.168.36.126:41805], old=null
2019-09-25 05:20:30,424 [6e4b8f72-2d03-4335-a109-8ce1569ec549@group-0A753E062AF5:LeaderElection100] INFO  impl.LeaderElection (LeaderElection.java:askForVotes(182)) - 6e4b8f72-2d03-4335-a109-8ce1569ec549@group-0A753E062AF5:LeaderElection100: begin an election at term 11 for -1: [6e4b8f72-2d03-4335-a109-8ce1569ec549:192.168.36.126:38179, a7793eff-ada5-4527-9e0b-a0fd078cd21b:192.168.36.126:36914, ece43ade-c7f6-4378-8dfa-fbe6a8ab43cf:192.168.36.126:41805], old=null
2019-09-25 05:20:30,429 [grpc-default-executor-9] WARN  server.GrpcServerProtocolService (LogUtils.java:warn(136)) - 6e4b8f72-2d03-4335-a109-8ce1569ec549: Failed requestVote ece43ade-c7f6-4378-8dfa-fbe6a8ab43cf->6e4b8f72-2d03-4335-a109-8ce1569ec549#0
org.apache.ratis.protocol.GroupMismatchException: 6e4b8f72-2d03-4335-a109-8ce1569ec549: group-8C538AEF5C3F not found.
	at org.apache.ratis.server.impl.RaftServerProxy$ImplMap.get(RaftServerProxy.java:122)
	at org.apache.ratis.server.impl.RaftServerProxy.getImplFuture(RaftServerProxy.java:269)
	at org.apache.ratis.server.impl.RaftServerProxy.getImpl(RaftServerProxy.java:278)
	at org.apache.ratis.server.impl.RaftServerProxy.getImpl(RaftServerProxy.java:273)
	at org.apache.ratis.server.impl.RaftServerProxy.requestVote(RaftServerProxy.java:443)
	at org.apache.ratis.grpc.server.GrpcServerProtocolService.requestVote(GrpcServerProtocolService.java:142)
	at org.apache.ratis.proto.grpc.RaftServerProtocolServiceGrpc$MethodHandlers.invoke(RaftServerProtocolServiceGrpc.java:319)
	at org.apache.ratis.thirdparty.io.grpc.stub.ServerCalls$UnaryServerCallHandler$UnaryServerCallListener.onHalfClose(ServerCalls.java:171)
	at org.apache.ratis.thirdparty.io.grpc.internal.ServerCallImpl$ServerStreamListenerImpl.halfClosed(ServerCallImpl.java:283)
	at org.apache.ratis.thirdparty.io.grpc.internal.ServerImpl$JumpToApplicationThreadServerStreamListener$1HalfClosed.runInContext(ServerImpl.java:710)
	at org.apache.ratis.thirdparty.io.grpc.internal.ContextRunnable.run(ContextRunnable.java:37)
	at org.apache.ratis.thirdparty.io.grpc.internal.SerializingExecutor.run(SerializingExecutor.java:123)
	at java.util.concurrent.ThreadPoolExecutor.runWorker(ThreadPoolExecutor.java:1149)
	at java.util.concurrent.ThreadPoolExecutor$Worker.run(ThreadPoolExecutor.java:624)
	at java.lang.Thread.run(Thread.java:748)
2019-09-25 05:20:30,432 [a7793eff-ada5-4527-9e0b-a0fd078cd21b@group-0A753E062AF5:LeaderElection98] INFO  impl.LeaderElection (LeaderElection.java:logAndReturn(56)) - a7793eff-ada5-4527-9e0b-a0fd078cd21b@group-0A753E062AF5:LeaderElection98: Election REJECTED; received 2 response(s) [a7793eff-ada5-4527-9e0b-a0fd078cd21b<-6e4b8f72-2d03-4335-a109-8ce1569ec549#0:FAIL-t11, a7793eff-ada5-4527-9e0b-a0fd078cd21b<-ece43ade-c7f6-4378-8dfa-fbe6a8ab43cf#0:FAIL-t11] and 0 exception(s); a7793eff-ada5-4527-9e0b-a0fd078cd21b@group-0A753E062AF5:t11, leader=null, voted=a7793eff-ada5-4527-9e0b-a0fd078cd21b, raftlog=a7793eff-ada5-4527-9e0b-a0fd078cd21b@group-0A753E062AF5-SegmentedRaftLog:OPENED:c-1,f-1,i0, conf=-1: [6e4b8f72-2d03-4335-a109-8ce1569ec549:192.168.36.126:38179, a7793eff-ada5-4527-9e0b-a0fd078cd21b:192.168.36.126:36914, ece43ade-c7f6-4378-8dfa-fbe6a8ab43cf:192.168.36.126:41805], old=null
2019-09-25 05:20:30,432 [a7793eff-ada5-4527-9e0b-a0fd078cd21b@group-0A753E062AF5:LeaderElection98] INFO  impl.RaftServerImpl (RaftServerImpl.java:setRole(174)) - a7793eff-ada5-4527-9e0b-a0fd078cd21b@group-0A753E062AF5: changes role from CANDIDATE to FOLLOWER at term 11 for DISCOVERED_A_NEW_TERM
2019-09-25 05:20:30,432 [a7793eff-ada5-4527-9e0b-a0fd078cd21b@group-0A753E062AF5:LeaderElection98] INFO  impl.RoleInfo (RoleInfo.java:shutdownLeaderElection(134)) - a7793eff-ada5-4527-9e0b-a0fd078cd21b: shutdown LeaderElection
2019-09-25 05:20:30,433 [a7793eff-ada5-4527-9e0b-a0fd078cd21b@group-0A753E062AF5:LeaderElection98] INFO  impl.RoleInfo (RoleInfo.java:updateAndGet(143)) - a7793eff-ada5-4527-9e0b-a0fd078cd21b: start FollowerState
2019-09-25 05:20:30,434 [ece43ade-c7f6-4378-8dfa-fbe6a8ab43cf@group-8C538AEF5C3F:LeaderElection96] INFO  impl.LeaderElection (LogUtils.java:infoOrTrace(149)) - ece43ade-c7f6-4378-8dfa-fbe6a8ab43cf@group-8C538AEF5C3F:LeaderElection96 got exception when requesting votes: {}
java.util.concurrent.ExecutionException: org.apache.ratis.thirdparty.io.grpc.StatusRuntimeException: INTERNAL: 6e4b8f72-2d03-4335-a109-8ce1569ec549: group-8C538AEF5C3F not found.
	at java.util.concurrent.FutureTask.report(FutureTask.java:122)
	at java.util.concurrent.FutureTask.get(FutureTask.java:192)
	at org.apache.ratis.server.impl.LeaderElection.waitForResults(LeaderElection.java:263)
	at org.apache.ratis.server.impl.LeaderElection.askForVotes(LeaderElection.java:201)
	at org.apache.ratis.server.impl.LeaderElection.run(LeaderElection.java:133)
	at java.lang.Thread.run(Thread.java:748)
Caused by: org.apache.ratis.thirdparty.io.grpc.StatusRuntimeException: INTERNAL: 6e4b8f72-2d03-4335-a109-8ce1569ec549: group-8C538AEF5C3F not found.
	at org.apache.ratis.thirdparty.io.grpc.stub.ClientCalls.toStatusRuntimeException(ClientCalls.java:233)
	at org.apache.ratis.thirdparty.io.grpc.stub.ClientCalls.getUnchecked(ClientCalls.java:214)
	at org.apache.ratis.thirdparty.io.grpc.stub.ClientCalls.blockingUnaryCall(ClientCalls.java:139)
	at org.apache.ratis.proto.grpc.RaftServerProtocolServiceGrpc$RaftServerProtocolServiceBlockingStub.requestVote(RaftServerProtocolServiceGrpc.java:265)
	at org.apache.ratis.grpc.server.GrpcServerProtocolClient.requestVote(GrpcServerProtocolClient.java:90)
	at org.apache.ratis.grpc.server.GrpcService.requestVote(GrpcService.java:204)
	at org.apache.ratis.server.impl.LeaderElection.lambda$submitRequests$1(LeaderElection.java:238)
	at java.util.concurrent.FutureTask.run(FutureTask.java:266)
	at java.util.concurrent.Executors$RunnableAdapter.call(Executors.java:511)
	at java.util.concurrent.FutureTask.run(FutureTask.java:266)
	at java.util.concurrent.ThreadPoolExecutor.runWorker(ThreadPoolExecutor.java:1149)
	at java.util.concurrent.ThreadPoolExecutor$Worker.run(ThreadPoolExecutor.java:624)
	... 1 more
2019-09-25 05:20:30,438 [grpc-default-executor-0] WARN  server.GrpcServerProtocolService (LogUtils.java:warn(136)) - 6e4b8f72-2d03-4335-a109-8ce1569ec549: Failed requestVote ece43ade-c7f6-4378-8dfa-fbe6a8ab43cf->6e4b8f72-2d03-4335-a109-8ce1569ec549#0
org.apache.ratis.protocol.GroupMismatchException: 6e4b8f72-2d03-4335-a109-8ce1569ec549: group-74FCAC2063C8 not found.
	at org.apache.ratis.server.impl.RaftServerProxy$ImplMap.get(RaftServerProxy.java:122)
	at org.apache.ratis.server.impl.RaftServerProxy.getImplFuture(RaftServerProxy.java:269)
	at org.apache.ratis.server.impl.RaftServerProxy.getImpl(RaftServerProxy.java:278)
	at org.apache.ratis.server.impl.RaftServerProxy.getImpl(RaftServerProxy.java:273)
	at org.apache.ratis.server.impl.RaftServerProxy.requestVote(RaftServerProxy.java:443)
	at org.apache.ratis.grpc.server.GrpcServerProtocolService.requestVote(GrpcServerProtocolService.java:142)
	at org.apache.ratis.proto.grpc.RaftServerProtocolServiceGrpc$MethodHandlers.invoke(RaftServerProtocolServiceGrpc.java:319)
	at org.apache.ratis.thirdparty.io.grpc.stub.ServerCalls$UnaryServerCallHandler$UnaryServerCallListener.onHalfClose(ServerCalls.java:171)
	at org.apache.ratis.thirdparty.io.grpc.internal.ServerCallImpl$ServerStreamListenerImpl.halfClosed(ServerCallImpl.java:283)
	at org.apache.ratis.thirdparty.io.grpc.internal.ServerImpl$JumpToApplicationThreadServerStreamListener$1HalfClosed.runInContext(ServerImpl.java:710)
	at org.apache.ratis.thirdparty.io.grpc.internal.ContextRunnable.run(ContextRunnable.java:37)
	at org.apache.ratis.thirdparty.io.grpc.internal.SerializingExecutor.run(SerializingExecutor.java:123)
	at java.util.concurrent.ThreadPoolExecutor.runWorker(ThreadPoolExecutor.java:1149)
	at java.util.concurrent.ThreadPoolExecutor$Worker.run(ThreadPoolExecutor.java:624)
	at java.lang.Thread.run(Thread.java:748)
2019-09-25 05:20:30,438 [grpc-default-executor-9] WARN  server.GrpcServerProtocolService (LogUtils.java:warn(136)) - a7793eff-ada5-4527-9e0b-a0fd078cd21b: Failed requestVote ece43ade-c7f6-4378-8dfa-fbe6a8ab43cf->a7793eff-ada5-4527-9e0b-a0fd078cd21b#0
org.apache.ratis.protocol.GroupMismatchException: a7793eff-ada5-4527-9e0b-a0fd078cd21b: group-74FCAC2063C8 not found.
	at org.apache.ratis.server.impl.RaftServerProxy$ImplMap.get(RaftServerProxy.java:122)
	at org.apache.ratis.server.impl.RaftServerProxy.getImplFuture(RaftServerProxy.java:269)
	at org.apache.ratis.server.impl.RaftServerProxy.getImpl(RaftServerProxy.java:278)
	at org.apache.ratis.server.impl.RaftServerProxy.getImpl(RaftServerProxy.java:273)
	at org.apache.ratis.server.impl.RaftServerProxy.requestVote(RaftServerProxy.java:443)
	at org.apache.ratis.grpc.server.GrpcServerProtocolService.requestVote(GrpcServerProtocolService.java:142)
	at org.apache.ratis.proto.grpc.RaftServerProtocolServiceGrpc$MethodHandlers.invoke(RaftServerProtocolServiceGrpc.java:319)
	at org.apache.ratis.thirdparty.io.grpc.stub.ServerCalls$UnaryServerCallHandler$UnaryServerCallListener.onHalfClose(ServerCalls.java:171)
	at org.apache.ratis.thirdparty.io.grpc.internal.ServerCallImpl$ServerStreamListenerImpl.halfClosed(ServerCallImpl.java:283)
	at org.apache.ratis.thirdparty.io.grpc.internal.ServerImpl$JumpToApplicationThreadServerStreamListener$1HalfClosed.runInContext(ServerImpl.java:710)
	at org.apache.ratis.thirdparty.io.grpc.internal.ContextRunnable.run(ContextRunnable.java:37)
	at org.apache.ratis.thirdparty.io.grpc.internal.SerializingExecutor.run(SerializingExecutor.java:123)
	at java.util.concurrent.ThreadPoolExecutor.runWorker(ThreadPoolExecutor.java:1149)
	at java.util.concurrent.ThreadPoolExecutor$Worker.run(ThreadPoolExecutor.java:624)
	at java.lang.Thread.run(Thread.java:748)
2019-09-25 05:20:30,441 [dc7ea896-6e80-4fed-8727-08f73144b1fc@group-E9952EC7D1B9:LeaderElection103] INFO  impl.LeaderElection (LeaderElection.java:logAndReturn(56)) - dc7ea896-6e80-4fed-8727-08f73144b1fc@group-E9952EC7D1B9:LeaderElection103: Election REJECTED; received 2 response(s) [dc7ea896-6e80-4fed-8727-08f73144b1fc<-8d1936ad-7e22-483e-8301-a12de2cdc2b5#0:FAIL-t11, dc7ea896-6e80-4fed-8727-08f73144b1fc<-a824d2a0-4471-4a6f-a232-f84ec650292b#0:FAIL-t11] and 0 exception(s); dc7ea896-6e80-4fed-8727-08f73144b1fc@group-E9952EC7D1B9:t11, leader=null, voted=dc7ea896-6e80-4fed-8727-08f73144b1fc, raftlog=dc7ea896-6e80-4fed-8727-08f73144b1fc@group-E9952EC7D1B9-SegmentedRaftLog:OPENED:c-1,f-1,i0, conf=-1: [8d1936ad-7e22-483e-8301-a12de2cdc2b5:192.168.36.126:34366, dc7ea896-6e80-4fed-8727-08f73144b1fc:192.168.36.126:42983, a824d2a0-4471-4a6f-a232-f84ec650292b:192.168.36.126:37611], old=null
2019-09-25 05:20:30,441 [grpc-default-executor-6] WARN  server.GrpcServerProtocolService (LogUtils.java:warn(136)) - a7793eff-ada5-4527-9e0b-a0fd078cd21b: Failed requestVote ece43ade-c7f6-4378-8dfa-fbe6a8ab43cf->a7793eff-ada5-4527-9e0b-a0fd078cd21b#0
org.apache.ratis.protocol.GroupMismatchException: a7793eff-ada5-4527-9e0b-a0fd078cd21b: group-8C538AEF5C3F not found.
	at org.apache.ratis.server.impl.RaftServerProxy$ImplMap.get(RaftServerProxy.java:122)
	at org.apache.ratis.server.impl.RaftServerProxy.getImplFuture(RaftServerProxy.java:269)
	at org.apache.ratis.server.impl.RaftServerProxy.getImpl(RaftServerProxy.java:278)
	at org.apache.ratis.server.impl.RaftServerProxy.getImpl(RaftServerProxy.java:273)
	at org.apache.ratis.server.impl.RaftServerProxy.requestVote(RaftServerProxy.java:443)
	at org.apache.ratis.grpc.server.GrpcServerProtocolService.requestVote(GrpcServerProtocolService.java:142)
	at org.apache.ratis.proto.grpc.RaftServerProtocolServiceGrpc$MethodHandlers.invoke(RaftServerProtocolServiceGrpc.java:319)
	at org.apache.ratis.thirdparty.io.grpc.stub.ServerCalls$UnaryServerCallHandler$UnaryServerCallListener.onHalfClose(ServerCalls.java:171)
	at org.apache.ratis.thirdparty.io.grpc.internal.ServerCallImpl$ServerStreamListenerImpl.halfClosed(ServerCallImpl.java:283)
	at org.apache.ratis.thirdparty.io.grpc.internal.ServerImpl$JumpToApplicationThreadServerStreamListener$1HalfClosed.runInContext(ServerImpl.java:710)
	at org.apache.ratis.thirdparty.io.grpc.internal.ContextRunnable.run(ContextRunnable.java:37)
	at org.apache.ratis.thirdparty.io.grpc.internal.SerializingExecutor.run(SerializingExecutor.java:123)
	at java.util.concurrent.ThreadPoolExecutor.runWorker(ThreadPoolExecutor.java:1149)
	at java.util.concurrent.ThreadPoolExecutor$Worker.run(ThreadPoolExecutor.java:624)
	at java.lang.Thread.run(Thread.java:748)
2019-09-25 05:20:30,442 [a824d2a0-4471-4a6f-a232-f84ec650292b@group-E9952EC7D1B9:LeaderElection101] INFO  impl.LeaderElection (LeaderElection.java:logAndReturn(56)) - a824d2a0-4471-4a6f-a232-f84ec650292b@group-E9952EC7D1B9:LeaderElection101: Election REJECTED; received 2 response(s) [a824d2a0-4471-4a6f-a232-f84ec650292b<-8d1936ad-7e22-483e-8301-a12de2cdc2b5#0:FAIL-t11, a824d2a0-4471-4a6f-a232-f84ec650292b<-dc7ea896-6e80-4fed-8727-08f73144b1fc#0:FAIL-t11] and 0 exception(s); a824d2a0-4471-4a6f-a232-f84ec650292b@group-E9952EC7D1B9:t11, leader=null, voted=a824d2a0-4471-4a6f-a232-f84ec650292b, raftlog=a824d2a0-4471-4a6f-a232-f84ec650292b@group-E9952EC7D1B9-SegmentedRaftLog:OPENED:c-1,f-1,i0, conf=-1: [8d1936ad-7e22-483e-8301-a12de2cdc2b5:192.168.36.126:34366, dc7ea896-6e80-4fed-8727-08f73144b1fc:192.168.36.126:42983, a824d2a0-4471-4a6f-a232-f84ec650292b:192.168.36.126:37611], old=null
2019-09-25 05:20:30,442 [6e4b8f72-2d03-4335-a109-8ce1569ec549@group-0A753E062AF5:LeaderElection100] INFO  impl.LeaderElection (LeaderElection.java:logAndReturn(56)) - 6e4b8f72-2d03-4335-a109-8ce1569ec549@group-0A753E062AF5:LeaderElection100: Election REJECTED; received 2 response(s) [6e4b8f72-2d03-4335-a109-8ce1569ec549<-a7793eff-ada5-4527-9e0b-a0fd078cd21b#0:FAIL-t11, 6e4b8f72-2d03-4335-a109-8ce1569ec549<-ece43ade-c7f6-4378-8dfa-fbe6a8ab43cf#0:FAIL-t11] and 0 exception(s); 6e4b8f72-2d03-4335-a109-8ce1569ec549@group-0A753E062AF5:t11, leader=null, voted=6e4b8f72-2d03-4335-a109-8ce1569ec549, raftlog=6e4b8f72-2d03-4335-a109-8ce1569ec549@group-0A753E062AF5-SegmentedRaftLog:OPENED:c-1,f-1,i0, conf=-1: [6e4b8f72-2d03-4335-a109-8ce1569ec549:192.168.36.126:38179, a7793eff-ada5-4527-9e0b-a0fd078cd21b:192.168.36.126:36914, ece43ade-c7f6-4378-8dfa-fbe6a8ab43cf:192.168.36.126:41805], old=null
2019-09-25 05:20:30,442 [dc7ea896-6e80-4fed-8727-08f73144b1fc@group-E9952EC7D1B9:LeaderElection103] INFO  impl.RaftServerImpl (RaftServerImpl.java:setRole(174)) - dc7ea896-6e80-4fed-8727-08f73144b1fc@group-E9952EC7D1B9: changes role from CANDIDATE to FOLLOWER at term 11 for DISCOVERED_A_NEW_TERM
2019-09-25 05:20:30,442 [ece43ade-c7f6-4378-8dfa-fbe6a8ab43cf@group-0A753E062AF5:LeaderElection102] INFO  impl.LeaderElection (LeaderElection.java:logAndReturn(56)) - ece43ade-c7f6-4378-8dfa-fbe6a8ab43cf@group-0A753E062AF5:LeaderElection102: Election REJECTED; received 2 response(s) [ece43ade-c7f6-4378-8dfa-fbe6a8ab43cf<-6e4b8f72-2d03-4335-a109-8ce1569ec549#0:FAIL-t11, ece43ade-c7f6-4378-8dfa-fbe6a8ab43cf<-a7793eff-ada5-4527-9e0b-a0fd078cd21b#0:FAIL-t11] and 0 exception(s); ece43ade-c7f6-4378-8dfa-fbe6a8ab43cf@group-0A753E062AF5:t11, leader=null, voted=ece43ade-c7f6-4378-8dfa-fbe6a8ab43cf, raftlog=ece43ade-c7f6-4378-8dfa-fbe6a8ab43cf@group-0A753E062AF5-SegmentedRaftLog:OPENED:c-1,f-1,i0, conf=-1: [6e4b8f72-2d03-4335-a109-8ce1569ec549:192.168.36.126:38179, a7793eff-ada5-4527-9e0b-a0fd078cd21b:192.168.36.126:36914, ece43ade-c7f6-4378-8dfa-fbe6a8ab43cf:192.168.36.126:41805], old=null
2019-09-25 05:20:30,443 [dc7ea896-6e80-4fed-8727-08f73144b1fc@group-E9952EC7D1B9:LeaderElection103] INFO  impl.RoleInfo (RoleInfo.java:shutdownLeaderElection(134)) - dc7ea896-6e80-4fed-8727-08f73144b1fc: shutdown LeaderElection
2019-09-25 05:20:30,443 [6e4b8f72-2d03-4335-a109-8ce1569ec549@group-0A753E062AF5:LeaderElection100] INFO  impl.RaftServerImpl (RaftServerImpl.java:setRole(174)) - 6e4b8f72-2d03-4335-a109-8ce1569ec549@group-0A753E062AF5: changes role from CANDIDATE to FOLLOWER at term 11 for DISCOVERED_A_NEW_TERM
2019-09-25 05:20:30,443 [a824d2a0-4471-4a6f-a232-f84ec650292b@group-E9952EC7D1B9:LeaderElection101] INFO  impl.RaftServerImpl (RaftServerImpl.java:setRole(174)) - a824d2a0-4471-4a6f-a232-f84ec650292b@group-E9952EC7D1B9: changes role from CANDIDATE to FOLLOWER at term 11 for DISCOVERED_A_NEW_TERM
2019-09-25 05:20:30,444 [a824d2a0-4471-4a6f-a232-f84ec650292b@group-E9952EC7D1B9:LeaderElection101] INFO  impl.RoleInfo (RoleInfo.java:shutdownLeaderElection(134)) - a824d2a0-4471-4a6f-a232-f84ec650292b: shutdown LeaderElection
2019-09-25 05:20:30,442 [8d1936ad-7e22-483e-8301-a12de2cdc2b5@group-E9952EC7D1B9:LeaderElection97] INFO  impl.LeaderElection (LeaderElection.java:logAndReturn(56)) - 8d1936ad-7e22-483e-8301-a12de2cdc2b5@group-E9952EC7D1B9:LeaderElection97: Election REJECTED; received 2 response(s) [8d1936ad-7e22-483e-8301-a12de2cdc2b5<-dc7ea896-6e80-4fed-8727-08f73144b1fc#0:FAIL-t11, 8d1936ad-7e22-483e-8301-a12de2cdc2b5<-a824d2a0-4471-4a6f-a232-f84ec650292b#0:FAIL-t11] and 0 exception(s); 8d1936ad-7e22-483e-8301-a12de2cdc2b5@group-E9952EC7D1B9:t11, leader=null, voted=8d1936ad-7e22-483e-8301-a12de2cdc2b5, raftlog=8d1936ad-7e22-483e-8301-a12de2cdc2b5@group-E9952EC7D1B9-SegmentedRaftLog:OPENED:c-1,f-1,i0, conf=-1: [8d1936ad-7e22-483e-8301-a12de2cdc2b5:192.168.36.126:34366, dc7ea896-6e80-4fed-8727-08f73144b1fc:192.168.36.126:42983, a824d2a0-4471-4a6f-a232-f84ec650292b:192.168.36.126:37611], old=null
2019-09-25 05:20:30,444 [a824d2a0-4471-4a6f-a232-f84ec650292b@group-E9952EC7D1B9:LeaderElection101] INFO  impl.RoleInfo (RoleInfo.java:updateAndGet(143)) - a824d2a0-4471-4a6f-a232-f84ec650292b: start FollowerState
2019-09-25 05:20:30,444 [6e4b8f72-2d03-4335-a109-8ce1569ec549@group-0A753E062AF5:LeaderElection100] INFO  impl.RoleInfo (RoleInfo.java:shutdownLeaderElection(134)) - 6e4b8f72-2d03-4335-a109-8ce1569ec549: shutdown LeaderElection
2019-09-25 05:20:30,443 [dc7ea896-6e80-4fed-8727-08f73144b1fc@group-E9952EC7D1B9:LeaderElection103] INFO  impl.RoleInfo (RoleInfo.java:updateAndGet(143)) - dc7ea896-6e80-4fed-8727-08f73144b1fc: start FollowerState
2019-09-25 05:20:30,443 [ece43ade-c7f6-4378-8dfa-fbe6a8ab43cf@group-0A753E062AF5:LeaderElection102] INFO  impl.RaftServerImpl (RaftServerImpl.java:setRole(174)) - ece43ade-c7f6-4378-8dfa-fbe6a8ab43cf@group-0A753E062AF5: changes role from CANDIDATE to FOLLOWER at term 11 for DISCOVERED_A_NEW_TERM
2019-09-25 05:20:30,444 [6e4b8f72-2d03-4335-a109-8ce1569ec549@group-0A753E062AF5:LeaderElection100] INFO  impl.RoleInfo (RoleInfo.java:updateAndGet(143)) - 6e4b8f72-2d03-4335-a109-8ce1569ec549: start FollowerState
2019-09-25 05:20:30,444 [ece43ade-c7f6-4378-8dfa-fbe6a8ab43cf@group-74FCAC2063C8:LeaderElection99] INFO  impl.LeaderElection (LogUtils.java:infoOrTrace(149)) - ece43ade-c7f6-4378-8dfa-fbe6a8ab43cf@group-74FCAC2063C8:LeaderElection99 got exception when requesting votes: {}
java.util.concurrent.ExecutionException: org.apache.ratis.thirdparty.io.grpc.StatusRuntimeException: INTERNAL: 6e4b8f72-2d03-4335-a109-8ce1569ec549: group-74FCAC2063C8 not found.
	at java.util.concurrent.FutureTask.report(FutureTask.java:122)
	at java.util.concurrent.FutureTask.get(FutureTask.java:192)
	at org.apache.ratis.server.impl.LeaderElection.waitForResults(LeaderElection.java:263)
	at org.apache.ratis.server.impl.LeaderElection.askForVotes(LeaderElection.java:201)
	at org.apache.ratis.server.impl.LeaderElection.run(LeaderElection.java:133)
	at java.lang.Thread.run(Thread.java:748)
Caused by: org.apache.ratis.thirdparty.io.grpc.StatusRuntimeException: INTERNAL: 6e4b8f72-2d03-4335-a109-8ce1569ec549: group-74FCAC2063C8 not found.
	at org.apache.ratis.thirdparty.io.grpc.stub.ClientCalls.toStatusRuntimeException(ClientCalls.java:233)
	at org.apache.ratis.thirdparty.io.grpc.stub.ClientCalls.getUnchecked(ClientCalls.java:214)
	at org.apache.ratis.thirdparty.io.grpc.stub.ClientCalls.blockingUnaryCall(ClientCalls.java:139)
	at org.apache.ratis.proto.grpc.RaftServerProtocolServiceGrpc$RaftServerProtocolServiceBlockingStub.requestVote(RaftServerProtocolServiceGrpc.java:265)
	at org.apache.ratis.grpc.server.GrpcServerProtocolClient.requestVote(GrpcServerProtocolClient.java:90)
	at org.apache.ratis.grpc.server.GrpcService.requestVote(GrpcService.java:204)
	at org.apache.ratis.server.impl.LeaderElection.lambda$submitRequests$1(LeaderElection.java:238)
	at java.util.concurrent.FutureTask.run(FutureTask.java:266)
	at java.util.concurrent.Executors$RunnableAdapter.call(Executors.java:511)
	at java.util.concurrent.FutureTask.run(FutureTask.java:266)
	at java.util.concurrent.ThreadPoolExecutor.runWorker(ThreadPoolExecutor.java:1149)
	at java.util.concurrent.ThreadPoolExecutor$Worker.run(ThreadPoolExecutor.java:624)
	... 1 more
2019-09-25 05:20:30,444 [8d1936ad-7e22-483e-8301-a12de2cdc2b5@group-E9952EC7D1B9:LeaderElection97] INFO  impl.RaftServerImpl (RaftServerImpl.java:setRole(174)) - 8d1936ad-7e22-483e-8301-a12de2cdc2b5@group-E9952EC7D1B9: changes role from CANDIDATE to FOLLOWER at term 11 for DISCOVERED_A_NEW_TERM
2019-09-25 05:20:30,455 [ece43ade-c7f6-4378-8dfa-fbe6a8ab43cf@group-74FCAC2063C8:LeaderElection99] INFO  impl.LeaderElection (LogUtils.java:infoOrTrace(149)) - ece43ade-c7f6-4378-8dfa-fbe6a8ab43cf@group-74FCAC2063C8:LeaderElection99 got exception when requesting votes: {}
java.util.concurrent.ExecutionException: org.apache.ratis.thirdparty.io.grpc.StatusRuntimeException: INTERNAL: a7793eff-ada5-4527-9e0b-a0fd078cd21b: group-74FCAC2063C8 not found.
	at java.util.concurrent.FutureTask.report(FutureTask.java:122)
	at java.util.concurrent.FutureTask.get(FutureTask.java:192)
	at org.apache.ratis.server.impl.LeaderElection.waitForResults(LeaderElection.java:263)
	at org.apache.ratis.server.impl.LeaderElection.askForVotes(LeaderElection.java:201)
	at org.apache.ratis.server.impl.LeaderElection.run(LeaderElection.java:133)
	at java.lang.Thread.run(Thread.java:748)
Caused by: org.apache.ratis.thirdparty.io.grpc.StatusRuntimeException: INTERNAL: a7793eff-ada5-4527-9e0b-a0fd078cd21b: group-74FCAC2063C8 not found.
	at org.apache.ratis.thirdparty.io.grpc.stub.ClientCalls.toStatusRuntimeException(ClientCalls.java:233)
	at org.apache.ratis.thirdparty.io.grpc.stub.ClientCalls.getUnchecked(ClientCalls.java:214)
	at org.apache.ratis.thirdparty.io.grpc.stub.ClientCalls.blockingUnaryCall(ClientCalls.java:139)
	at org.apache.ratis.proto.grpc.RaftServerProtocolServiceGrpc$RaftServerProtocolServiceBlockingStub.requestVote(RaftServerProtocolServiceGrpc.java:265)
	at org.apache.ratis.grpc.server.GrpcServerProtocolClient.requestVote(GrpcServerProtocolClient.java:90)
	at org.apache.ratis.grpc.server.GrpcService.requestVote(GrpcService.java:204)
	at org.apache.ratis.server.impl.LeaderElection.lambda$submitRequests$1(LeaderElection.java:238)
	at java.util.concurrent.FutureTask.run(FutureTask.java:266)
	at java.util.concurrent.Executors$RunnableAdapter.call(Executors.java:511)
	at java.util.concurrent.FutureTask.run(FutureTask.java:266)
	at java.util.concurrent.ThreadPoolExecutor.runWorker(ThreadPoolExecutor.java:1149)
	at java.util.concurrent.ThreadPoolExecutor$Worker.run(ThreadPoolExecutor.java:624)
	... 1 more
2019-09-25 05:20:30,445 [ece43ade-c7f6-4378-8dfa-fbe6a8ab43cf@group-0A753E062AF5:LeaderElection102] INFO  impl.RoleInfo (RoleInfo.java:shutdownLeaderElection(134)) - ece43ade-c7f6-4378-8dfa-fbe6a8ab43cf: shutdown LeaderElection
2019-09-25 05:20:30,455 [ece43ade-c7f6-4378-8dfa-fbe6a8ab43cf@group-74FCAC2063C8:LeaderElection99] INFO  impl.LeaderElection (LeaderElection.java:logAndReturn(56)) - ece43ade-c7f6-4378-8dfa-fbe6a8ab43cf@group-74FCAC2063C8:LeaderElection99: Election REJECTED; received 0 response(s) [] and 2 exception(s); ece43ade-c7f6-4378-8dfa-fbe6a8ab43cf@group-74FCAC2063C8:t11, leader=null, voted=ece43ade-c7f6-4378-8dfa-fbe6a8ab43cf, raftlog=ece43ade-c7f6-4378-8dfa-fbe6a8ab43cf@group-74FCAC2063C8-SegmentedRaftLog:OPENED:c-1,f-1,i0, conf=-1: [6e4b8f72-2d03-4335-a109-8ce1569ec549:192.168.36.126:38179, a7793eff-ada5-4527-9e0b-a0fd078cd21b:192.168.36.126:36914, ece43ade-c7f6-4378-8dfa-fbe6a8ab43cf:192.168.36.126:41805], old=null
2019-09-25 05:20:30,455 [8d1936ad-7e22-483e-8301-a12de2cdc2b5@group-E9952EC7D1B9:LeaderElection97] INFO  impl.RoleInfo (RoleInfo.java:shutdownLeaderElection(134)) - 8d1936ad-7e22-483e-8301-a12de2cdc2b5: shutdown LeaderElection
2019-09-25 05:20:30,456 [ece43ade-c7f6-4378-8dfa-fbe6a8ab43cf@group-74FCAC2063C8:LeaderElection99] INFO  impl.LeaderElection (LogUtils.java:infoOrTrace(149)) -   Exception 0: {}
java.util.concurrent.ExecutionException: org.apache.ratis.thirdparty.io.grpc.StatusRuntimeException: INTERNAL: 6e4b8f72-2d03-4335-a109-8ce1569ec549: group-74FCAC2063C8 not found.
	at java.util.concurrent.FutureTask.report(FutureTask.java:122)
	at java.util.concurrent.FutureTask.get(FutureTask.java:192)
	at org.apache.ratis.server.impl.LeaderElection.waitForResults(LeaderElection.java:263)
	at org.apache.ratis.server.impl.LeaderElection.askForVotes(LeaderElection.java:201)
	at org.apache.ratis.server.impl.LeaderElection.run(LeaderElection.java:133)
	at java.lang.Thread.run(Thread.java:748)
Caused by: org.apache.ratis.thirdparty.io.grpc.StatusRuntimeException: INTERNAL: 6e4b8f72-2d03-4335-a109-8ce1569ec549: group-74FCAC2063C8 not found.
	at org.apache.ratis.thirdparty.io.grpc.stub.ClientCalls.toStatusRuntimeException(ClientCalls.java:233)
	at org.apache.ratis.thirdparty.io.grpc.stub.ClientCalls.getUnchecked(ClientCalls.java:214)
	at org.apache.ratis.thirdparty.io.grpc.stub.ClientCalls.blockingUnaryCall(ClientCalls.java:139)
	at org.apache.ratis.proto.grpc.RaftServerProtocolServiceGrpc$RaftServerProtocolServiceBlockingStub.requestVote(RaftServerProtocolServiceGrpc.java:265)
	at org.apache.ratis.grpc.server.GrpcServerProtocolClient.requestVote(GrpcServerProtocolClient.java:90)
	at org.apache.ratis.grpc.server.GrpcService.requestVote(GrpcService.java:204)
	at org.apache.ratis.server.impl.LeaderElection.lambda$submitRequests$1(LeaderElection.java:238)
	at java.util.concurrent.FutureTask.run(FutureTask.java:266)
	at java.util.concurrent.Executors$RunnableAdapter.call(Executors.java:511)
	at java.util.concurrent.FutureTask.run(FutureTask.java:266)
	at java.util.concurrent.ThreadPoolExecutor.runWorker(ThreadPoolExecutor.java:1149)
	at java.util.concurrent.ThreadPoolExecutor$Worker.run(ThreadPoolExecutor.java:624)
	... 1 more
2019-09-25 05:20:30,455 [ece43ade-c7f6-4378-8dfa-fbe6a8ab43cf@group-0A753E062AF5:LeaderElection102] INFO  impl.RoleInfo (RoleInfo.java:updateAndGet(143)) - ece43ade-c7f6-4378-8dfa-fbe6a8ab43cf: start FollowerState
2019-09-25 05:20:30,455 [ece43ade-c7f6-4378-8dfa-fbe6a8ab43cf@group-8C538AEF5C3F:LeaderElection96] INFO  impl.LeaderElection (LogUtils.java:infoOrTrace(149)) - ece43ade-c7f6-4378-8dfa-fbe6a8ab43cf@group-8C538AEF5C3F:LeaderElection96 got exception when requesting votes: {}
java.util.concurrent.ExecutionException: org.apache.ratis.thirdparty.io.grpc.StatusRuntimeException: INTERNAL: a7793eff-ada5-4527-9e0b-a0fd078cd21b: group-8C538AEF5C3F not found.
	at java.util.concurrent.FutureTask.report(FutureTask.java:122)
	at java.util.concurrent.FutureTask.get(FutureTask.java:192)
	at org.apache.ratis.server.impl.LeaderElection.waitForResults(LeaderElection.java:263)
	at org.apache.ratis.server.impl.LeaderElection.askForVotes(LeaderElection.java:201)
	at org.apache.ratis.server.impl.LeaderElection.run(LeaderElection.java:133)
	at java.lang.Thread.run(Thread.java:748)
Caused by: org.apache.ratis.thirdparty.io.grpc.StatusRuntimeException: INTERNAL: a7793eff-ada5-4527-9e0b-a0fd078cd21b: group-8C538AEF5C3F not found.
	at org.apache.ratis.thirdparty.io.grpc.stub.ClientCalls.toStatusRuntimeException(ClientCalls.java:233)
	at org.apache.ratis.thirdparty.io.grpc.stub.ClientCalls.getUnchecked(ClientCalls.java:214)
	at org.apache.ratis.thirdparty.io.grpc.stub.ClientCalls.blockingUnaryCall(ClientCalls.java:139)
	at org.apache.ratis.proto.grpc.RaftServerProtocolServiceGrpc$RaftServerProtocolServiceBlockingStub.requestVote(RaftServerProtocolServiceGrpc.java:265)
	at org.apache.ratis.grpc.server.GrpcServerProtocolClient.requestVote(GrpcServerProtocolClient.java:90)
	at org.apache.ratis.grpc.server.GrpcService.requestVote(GrpcService.java:204)
	at org.apache.ratis.server.impl.LeaderElection.lambda$submitRequests$1(LeaderElection.java:238)
	at java.util.concurrent.FutureTask.run(FutureTask.java:266)
	at java.util.concurrent.Executors$RunnableAdapter.call(Executors.java:511)
	at java.util.concurrent.FutureTask.run(FutureTask.java:266)
	at java.util.concurrent.ThreadPoolExecutor.runWorker(ThreadPoolExecutor.java:1149)
	at java.util.concurrent.ThreadPoolExecutor$Worker.run(ThreadPoolExecutor.java:624)
	... 1 more
2019-09-25 05:20:30,459 [ece43ade-c7f6-4378-8dfa-fbe6a8ab43cf@group-74FCAC2063C8:LeaderElection99] INFO  impl.LeaderElection (LogUtils.java:infoOrTrace(149)) -   Exception 1: {}
java.util.concurrent.ExecutionException: org.apache.ratis.thirdparty.io.grpc.StatusRuntimeException: INTERNAL: a7793eff-ada5-4527-9e0b-a0fd078cd21b: group-74FCAC2063C8 not found.
	at java.util.concurrent.FutureTask.report(FutureTask.java:122)
	at java.util.concurrent.FutureTask.get(FutureTask.java:192)
	at org.apache.ratis.server.impl.LeaderElection.waitForResults(LeaderElection.java:263)
	at org.apache.ratis.server.impl.LeaderElection.askForVotes(LeaderElection.java:201)
	at org.apache.ratis.server.impl.LeaderElection.run(LeaderElection.java:133)
	at java.lang.Thread.run(Thread.java:748)
Caused by: org.apache.ratis.thirdparty.io.grpc.StatusRuntimeException: INTERNAL: a7793eff-ada5-4527-9e0b-a0fd078cd21b: group-74FCAC2063C8 not found.
	at org.apache.ratis.thirdparty.io.grpc.stub.ClientCalls.toStatusRuntimeException(ClientCalls.java:233)
	at org.apache.ratis.thirdparty.io.grpc.stub.ClientCalls.getUnchecked(ClientCalls.java:214)
	at org.apache.ratis.thirdparty.io.grpc.stub.ClientCalls.blockingUnaryCall(ClientCalls.java:139)
	at org.apache.ratis.proto.grpc.RaftServerProtocolServiceGrpc$RaftServerProtocolServiceBlockingStub.requestVote(RaftServerProtocolServiceGrpc.java:265)
	at org.apache.ratis.grpc.server.GrpcServerProtocolClient.requestVote(GrpcServerProtocolClient.java:90)
	at org.apache.ratis.grpc.server.GrpcService.requestVote(GrpcService.java:204)
	at org.apache.ratis.server.impl.LeaderElection.lambda$submitRequests$1(LeaderElection.java:238)
	at java.util.concurrent.FutureTask.run(FutureTask.java:266)
	at java.util.concurrent.Executors$RunnableAdapter.call(Executors.java:511)
	at java.util.concurrent.FutureTask.run(FutureTask.java:266)
	at java.util.concurrent.ThreadPoolExecutor.runWorker(ThreadPoolExecutor.java:1149)
	at java.util.concurrent.ThreadPoolExecutor$Worker.run(ThreadPoolExecutor.java:624)
	... 1 more
2019-09-25 05:20:30,456 [8d1936ad-7e22-483e-8301-a12de2cdc2b5@group-E9952EC7D1B9:LeaderElection97] INFO  impl.RoleInfo (RoleInfo.java:updateAndGet(143)) - 8d1936ad-7e22-483e-8301-a12de2cdc2b5: start FollowerState
2019-09-25 05:20:30,462 [ece43ade-c7f6-4378-8dfa-fbe6a8ab43cf@group-74FCAC2063C8:LeaderElection99] INFO  impl.RaftServerImpl (RaftServerImpl.java:setRole(174)) - ece43ade-c7f6-4378-8dfa-fbe6a8ab43cf@group-74FCAC2063C8: changes role from CANDIDATE to FOLLOWER at term 11 for DISCOVERED_A_NEW_TERM
2019-09-25 05:20:30,462 [ece43ade-c7f6-4378-8dfa-fbe6a8ab43cf@group-74FCAC2063C8:LeaderElection99] INFO  impl.RoleInfo (RoleInfo.java:shutdownLeaderElection(134)) - ece43ade-c7f6-4378-8dfa-fbe6a8ab43cf: shutdown LeaderElection
2019-09-25 05:20:30,462 [ece43ade-c7f6-4378-8dfa-fbe6a8ab43cf@group-8C538AEF5C3F:LeaderElection96] INFO  impl.LeaderElection (LeaderElection.java:logAndReturn(56)) - ece43ade-c7f6-4378-8dfa-fbe6a8ab43cf@group-8C538AEF5C3F:LeaderElection96: Election REJECTED; received 0 response(s) [] and 2 exception(s); ece43ade-c7f6-4378-8dfa-fbe6a8ab43cf@group-8C538AEF5C3F:t4, leader=null, voted=ece43ade-c7f6-4378-8dfa-fbe6a8ab43cf, raftlog=ece43ade-c7f6-4378-8dfa-fbe6a8ab43cf@group-8C538AEF5C3F-SegmentedRaftLog:OPENED:c0,f0,i0, conf=0: [6e4b8f72-2d03-4335-a109-8ce1569ec549:192.168.36.126:38179, a7793eff-ada5-4527-9e0b-a0fd078cd21b:192.168.36.126:36914, ece43ade-c7f6-4378-8dfa-fbe6a8ab43cf:192.168.36.126:41805], old=null
2019-09-25 05:20:30,463 [ece43ade-c7f6-4378-8dfa-fbe6a8ab43cf@group-74FCAC2063C8:LeaderElection99] INFO  impl.RoleInfo (RoleInfo.java:updateAndGet(143)) - ece43ade-c7f6-4378-8dfa-fbe6a8ab43cf: start FollowerState
2019-09-25 05:20:30,463 [ece43ade-c7f6-4378-8dfa-fbe6a8ab43cf@group-8C538AEF5C3F:LeaderElection96] INFO  impl.LeaderElection (LogUtils.java:infoOrTrace(149)) -   Exception 0: {}
java.util.concurrent.ExecutionException: org.apache.ratis.thirdparty.io.grpc.StatusRuntimeException: INTERNAL: 6e4b8f72-2d03-4335-a109-8ce1569ec549: group-8C538AEF5C3F not found.
	at java.util.concurrent.FutureTask.report(FutureTask.java:122)
	at java.util.concurrent.FutureTask.get(FutureTask.java:192)
	at org.apache.ratis.server.impl.LeaderElection.waitForResults(LeaderElection.java:263)
	at org.apache.ratis.server.impl.LeaderElection.askForVotes(LeaderElection.java:201)
	at org.apache.ratis.server.impl.LeaderElection.run(LeaderElection.java:133)
	at java.lang.Thread.run(Thread.java:748)
Caused by: org.apache.ratis.thirdparty.io.grpc.StatusRuntimeException: INTERNAL: 6e4b8f72-2d03-4335-a109-8ce1569ec549: group-8C538AEF5C3F not found.
	at org.apache.ratis.thirdparty.io.grpc.stub.ClientCalls.toStatusRuntimeException(ClientCalls.java:233)
	at org.apache.ratis.thirdparty.io.grpc.stub.ClientCalls.getUnchecked(ClientCalls.java:214)
	at org.apache.ratis.thirdparty.io.grpc.stub.ClientCalls.blockingUnaryCall(ClientCalls.java:139)
	at org.apache.ratis.proto.grpc.RaftServerProtocolServiceGrpc$RaftServerProtocolServiceBlockingStub.requestVote(RaftServerProtocolServiceGrpc.java:265)
	at org.apache.ratis.grpc.server.GrpcServerProtocolClient.requestVote(GrpcServerProtocolClient.java:90)
	at org.apache.ratis.grpc.server.GrpcService.requestVote(GrpcService.java:204)
	at org.apache.ratis.server.impl.LeaderElection.lambda$submitRequests$1(LeaderElection.java:238)
	at java.util.concurrent.FutureTask.run(FutureTask.java:266)
	at java.util.concurrent.Executors$RunnableAdapter.call(Executors.java:511)
	at java.util.concurrent.FutureTask.run(FutureTask.java:266)
	at java.util.concurrent.ThreadPoolExecutor.runWorker(ThreadPoolExecutor.java:1149)
	at java.util.concurrent.ThreadPoolExecutor$Worker.run(ThreadPoolExecutor.java:624)
	... 1 more
2019-09-25 05:20:30,463 [ece43ade-c7f6-4378-8dfa-fbe6a8ab43cf@group-8C538AEF5C3F:LeaderElection96] INFO  impl.LeaderElection (LogUtils.java:infoOrTrace(149)) -   Exception 1: {}
java.util.concurrent.ExecutionException: org.apache.ratis.thirdparty.io.grpc.StatusRuntimeException: INTERNAL: a7793eff-ada5-4527-9e0b-a0fd078cd21b: group-8C538AEF5C3F not found.
	at java.util.concurrent.FutureTask.report(FutureTask.java:122)
	at java.util.concurrent.FutureTask.get(FutureTask.java:192)
	at org.apache.ratis.server.impl.LeaderElection.waitForResults(LeaderElection.java:263)
	at org.apache.ratis.server.impl.LeaderElection.askForVotes(LeaderElection.java:201)
	at org.apache.ratis.server.impl.LeaderElection.run(LeaderElection.java:133)
	at java.lang.Thread.run(Thread.java:748)
Caused by: org.apache.ratis.thirdparty.io.grpc.StatusRuntimeException: INTERNAL: a7793eff-ada5-4527-9e0b-a0fd078cd21b: group-8C538AEF5C3F not found.
	at org.apache.ratis.thirdparty.io.grpc.stub.ClientCalls.toStatusRuntimeException(ClientCalls.java:233)
	at org.apache.ratis.thirdparty.io.grpc.stub.ClientCalls.getUnchecked(ClientCalls.java:214)
	at org.apache.ratis.thirdparty.io.grpc.stub.ClientCalls.blockingUnaryCall(ClientCalls.java:139)
	at org.apache.ratis.proto.grpc.RaftServerProtocolServiceGrpc$RaftServerProtocolServiceBlockingStub.requestVote(RaftServerProtocolServiceGrpc.java:265)
	at org.apache.ratis.grpc.server.GrpcServerProtocolClient.requestVote(GrpcServerProtocolClient.java:90)
	at org.apache.ratis.grpc.server.GrpcService.requestVote(GrpcService.java:204)
	at org.apache.ratis.server.impl.LeaderElection.lambda$submitRequests$1(LeaderElection.java:238)
	at java.util.concurrent.FutureTask.run(FutureTask.java:266)
	at java.util.concurrent.Executors$RunnableAdapter.call(Executors.java:511)
	at java.util.concurrent.FutureTask.run(FutureTask.java:266)
	at java.util.concurrent.ThreadPoolExecutor.runWorker(ThreadPoolExecutor.java:1149)
	at java.util.concurrent.ThreadPoolExecutor$Worker.run(ThreadPoolExecutor.java:624)
	... 1 more
2019-09-25 05:20:30,464 [ece43ade-c7f6-4378-8dfa-fbe6a8ab43cf@group-8C538AEF5C3F:LeaderElection96] INFO  impl.RaftServerImpl (RaftServerImpl.java:setRole(174)) - ece43ade-c7f6-4378-8dfa-fbe6a8ab43cf@group-8C538AEF5C3F: changes role from CANDIDATE to FOLLOWER at term 4 for DISCOVERED_A_NEW_TERM
2019-09-25 05:20:30,464 [ece43ade-c7f6-4378-8dfa-fbe6a8ab43cf@group-8C538AEF5C3F:LeaderElection96] INFO  impl.RoleInfo (RoleInfo.java:shutdownLeaderElection(134)) - ece43ade-c7f6-4378-8dfa-fbe6a8ab43cf: shutdown LeaderElection
2019-09-25 05:20:30,464 [ece43ade-c7f6-4378-8dfa-fbe6a8ab43cf@group-8C538AEF5C3F:LeaderElection96] INFO  impl.RoleInfo (RoleInfo.java:updateAndGet(143)) - ece43ade-c7f6-4378-8dfa-fbe6a8ab43cf: start FollowerState
2019-09-25 05:20:35,476 [Thread-893] INFO  impl.FollowerState (FollowerState.java:run(106)) - a7793eff-ada5-4527-9e0b-a0fd078cd21b:group-0A753E062AF5 changes to CANDIDATE, lastRpcTime:5042, electionTimeout:5042ms
2019-09-25 05:20:35,481 [Thread-893] INFO  impl.RoleInfo (RoleInfo.java:shutdownFollowerState(121)) - a7793eff-ada5-4527-9e0b-a0fd078cd21b: shutdown FollowerState
2019-09-25 05:20:35,481 [Thread-893] INFO  impl.RaftServerImpl (RaftServerImpl.java:setRole(174)) - a7793eff-ada5-4527-9e0b-a0fd078cd21b@group-0A753E062AF5: changes role from  FOLLOWER to CANDIDATE at term 11 for changeToCandidate
2019-09-25 05:20:35,481 [Thread-893] INFO  impl.RoleInfo (RoleInfo.java:updateAndGet(143)) - a7793eff-ada5-4527-9e0b-a0fd078cd21b: start LeaderElection
2019-09-25 05:20:35,502 [Thread-899] INFO  impl.FollowerState (FollowerState.java:run(106)) - ece43ade-c7f6-4378-8dfa-fbe6a8ab43cf:group-74FCAC2063C8 changes to CANDIDATE, lastRpcTime:5039, electionTimeout:5039ms
2019-09-25 05:20:35,503 [Thread-899] INFO  impl.RoleInfo (RoleInfo.java:shutdownFollowerState(121)) - ece43ade-c7f6-4378-8dfa-fbe6a8ab43cf: shutdown FollowerState
2019-09-25 05:20:35,503 [Thread-899] INFO  impl.RaftServerImpl (RaftServerImpl.java:setRole(174)) - ece43ade-c7f6-4378-8dfa-fbe6a8ab43cf@group-74FCAC2063C8: changes role from  FOLLOWER to CANDIDATE at term 11 for changeToCandidate
2019-09-25 05:20:35,503 [Thread-899] INFO  impl.RoleInfo (RoleInfo.java:updateAndGet(143)) - ece43ade-c7f6-4378-8dfa-fbe6a8ab43cf: start LeaderElection
2019-09-25 05:20:35,510 [Thread-896] INFO  impl.FollowerState (FollowerState.java:run(106)) - 6e4b8f72-2d03-4335-a109-8ce1569ec549:group-0A753E062AF5 changes to CANDIDATE, lastRpcTime:5065, electionTimeout:5065ms
2019-09-25 05:20:35,510 [Thread-896] INFO  impl.RoleInfo (RoleInfo.java:shutdownFollowerState(121)) - 6e4b8f72-2d03-4335-a109-8ce1569ec549: shutdown FollowerState
2019-09-25 05:20:35,511 [Thread-896] INFO  impl.RaftServerImpl (RaftServerImpl.java:setRole(174)) - 6e4b8f72-2d03-4335-a109-8ce1569ec549@group-0A753E062AF5: changes role from  FOLLOWER to CANDIDATE at term 11 for changeToCandidate
2019-09-25 05:20:35,511 [Thread-896] INFO  impl.RoleInfo (RoleInfo.java:updateAndGet(143)) - 6e4b8f72-2d03-4335-a109-8ce1569ec549: start LeaderElection
2019-09-25 05:20:35,522 [Thread-898] INFO  impl.FollowerState (FollowerState.java:run(106)) - 8d1936ad-7e22-483e-8301-a12de2cdc2b5:group-E9952EC7D1B9 changes to CANDIDATE, lastRpcTime:5066, electionTimeout:5059ms
2019-09-25 05:20:35,522 [Thread-898] INFO  impl.RoleInfo (RoleInfo.java:shutdownFollowerState(121)) - 8d1936ad-7e22-483e-8301-a12de2cdc2b5: shutdown FollowerState
2019-09-25 05:20:35,522 [Thread-898] INFO  impl.RaftServerImpl (RaftServerImpl.java:setRole(174)) - 8d1936ad-7e22-483e-8301-a12de2cdc2b5@group-E9952EC7D1B9: changes role from  FOLLOWER to CANDIDATE at term 11 for changeToCandidate
2019-09-25 05:20:35,522 [Thread-898] INFO  impl.RoleInfo (RoleInfo.java:updateAndGet(143)) - 8d1936ad-7e22-483e-8301-a12de2cdc2b5: start LeaderElection
2019-09-25 05:20:35,530 [Thread-900] INFO  impl.FollowerState (FollowerState.java:run(106)) - ece43ade-c7f6-4378-8dfa-fbe6a8ab43cf:group-8C538AEF5C3F changes to CANDIDATE, lastRpcTime:5065, electionTimeout:5065ms
2019-09-25 05:20:35,530 [Thread-900] INFO  impl.RoleInfo (RoleInfo.java:shutdownFollowerState(121)) - ece43ade-c7f6-4378-8dfa-fbe6a8ab43cf: shutdown FollowerState
2019-09-25 05:20:35,530 [Thread-900] INFO  impl.RaftServerImpl (RaftServerImpl.java:setRole(174)) - ece43ade-c7f6-4378-8dfa-fbe6a8ab43cf@group-8C538AEF5C3F: changes role from  FOLLOWER to CANDIDATE at term 4 for changeToCandidate
2019-09-25 05:20:35,530 [Thread-900] INFO  impl.RoleInfo (RoleInfo.java:updateAndGet(143)) - ece43ade-c7f6-4378-8dfa-fbe6a8ab43cf: start LeaderElection
2019-09-25 05:20:35,595 [Thread-894] INFO  impl.FollowerState (FollowerState.java:run(106)) - dc7ea896-6e80-4fed-8727-08f73144b1fc:group-E9952EC7D1B9 changes to CANDIDATE, lastRpcTime:5151, electionTimeout:5150ms
2019-09-25 05:20:35,595 [Thread-894] INFO  impl.RoleInfo (RoleInfo.java:shutdownFollowerState(121)) - dc7ea896-6e80-4fed-8727-08f73144b1fc: shutdown FollowerState
2019-09-25 05:20:35,595 [Thread-894] INFO  impl.RaftServerImpl (RaftServerImpl.java:setRole(174)) - dc7ea896-6e80-4fed-8727-08f73144b1fc@group-E9952EC7D1B9: changes role from  FOLLOWER to CANDIDATE at term 11 for changeToCandidate
2019-09-25 05:20:35,596 [Thread-894] INFO  impl.RoleInfo (RoleInfo.java:updateAndGet(143)) - dc7ea896-6e80-4fed-8727-08f73144b1fc: start LeaderElection
2019-09-25 05:20:35,604 [Thread-895] INFO  impl.FollowerState (FollowerState.java:run(106)) - a824d2a0-4471-4a6f-a232-f84ec650292b:group-E9952EC7D1B9 changes to CANDIDATE, lastRpcTime:5159, electionTimeout:5159ms
2019-09-25 05:20:35,604 [Thread-895] INFO  impl.RoleInfo (RoleInfo.java:shutdownFollowerState(121)) - a824d2a0-4471-4a6f-a232-f84ec650292b: shutdown FollowerState
2019-09-25 05:20:35,604 [Thread-895] INFO  impl.RaftServerImpl (RaftServerImpl.java:setRole(174)) - a824d2a0-4471-4a6f-a232-f84ec650292b@group-E9952EC7D1B9: changes role from  FOLLOWER to CANDIDATE at term 11 for changeToCandidate
2019-09-25 05:20:35,604 [Thread-895] INFO  impl.RoleInfo (RoleInfo.java:updateAndGet(143)) - a824d2a0-4471-4a6f-a232-f84ec650292b: start LeaderElection
2019-09-25 05:20:35,629 [Thread-897] INFO  impl.FollowerState (FollowerState.java:run(106)) - ece43ade-c7f6-4378-8dfa-fbe6a8ab43cf:group-0A753E062AF5 changes to CANDIDATE, lastRpcTime:5173, electionTimeout:5169ms
2019-09-25 05:20:35,629 [Thread-897] INFO  impl.RoleInfo (RoleInfo.java:shutdownFollowerState(121)) - ece43ade-c7f6-4378-8dfa-fbe6a8ab43cf: shutdown FollowerState
2019-09-25 05:20:35,629 [Thread-897] INFO  impl.RaftServerImpl (RaftServerImpl.java:setRole(174)) - ece43ade-c7f6-4378-8dfa-fbe6a8ab43cf@group-0A753E062AF5: changes role from  FOLLOWER to CANDIDATE at term 11 for changeToCandidate
2019-09-25 05:20:35,630 [Thread-897] INFO  impl.RoleInfo (RoleInfo.java:updateAndGet(143)) - ece43ade-c7f6-4378-8dfa-fbe6a8ab43cf: start LeaderElection
2019-09-25 05:20:35,881 [ece43ade-c7f6-4378-8dfa-fbe6a8ab43cf@group-74FCAC2063C8:LeaderElection105] INFO  impl.LeaderElection (LeaderElection.java:askForVotes(182)) - ece43ade-c7f6-4378-8dfa-fbe6a8ab43cf@group-74FCAC2063C8:LeaderElection105: begin an election at term 12 for -1: [6e4b8f72-2d03-4335-a109-8ce1569ec549:192.168.36.126:38179, a7793eff-ada5-4527-9e0b-a0fd078cd21b:192.168.36.126:36914, ece43ade-c7f6-4378-8dfa-fbe6a8ab43cf:192.168.36.126:41805], old=null
2019-09-25 05:20:35,881 [a824d2a0-4471-4a6f-a232-f84ec650292b@group-E9952EC7D1B9:LeaderElection110] INFO  impl.LeaderElection (LeaderElection.java:askForVotes(182)) - a824d2a0-4471-4a6f-a232-f84ec650292b@group-E9952EC7D1B9:LeaderElection110: begin an election at term 12 for -1: [8d1936ad-7e22-483e-8301-a12de2cdc2b5:192.168.36.126:34366, dc7ea896-6e80-4fed-8727-08f73144b1fc:192.168.36.126:42983, a824d2a0-4471-4a6f-a232-f84ec650292b:192.168.36.126:37611], old=null
2019-09-25 05:20:35,881 [a7793eff-ada5-4527-9e0b-a0fd078cd21b@group-0A753E062AF5:LeaderElection104] INFO  impl.LeaderElection (LeaderElection.java:askForVotes(182)) - a7793eff-ada5-4527-9e0b-a0fd078cd21b@group-0A753E062AF5:LeaderElection104: begin an election at term 12 for -1: [6e4b8f72-2d03-4335-a109-8ce1569ec549:192.168.36.126:38179, a7793eff-ada5-4527-9e0b-a0fd078cd21b:192.168.36.126:36914, ece43ade-c7f6-4378-8dfa-fbe6a8ab43cf:192.168.36.126:41805], old=null
2019-09-25 05:20:35,881 [ece43ade-c7f6-4378-8dfa-fbe6a8ab43cf@group-8C538AEF5C3F:LeaderElection108] INFO  impl.LeaderElection (LeaderElection.java:askForVotes(182)) - ece43ade-c7f6-4378-8dfa-fbe6a8ab43cf@group-8C538AEF5C3F:LeaderElection108: begin an election at term 5 for 0: [6e4b8f72-2d03-4335-a109-8ce1569ec549:192.168.36.126:38179, a7793eff-ada5-4527-9e0b-a0fd078cd21b:192.168.36.126:36914, ece43ade-c7f6-4378-8dfa-fbe6a8ab43cf:192.168.36.126:41805], old=null
2019-09-25 05:20:35,881 [8d1936ad-7e22-483e-8301-a12de2cdc2b5@group-E9952EC7D1B9:LeaderElection107] INFO  impl.LeaderElection (LeaderElection.java:askForVotes(182)) - 8d1936ad-7e22-483e-8301-a12de2cdc2b5@group-E9952EC7D1B9:LeaderElection107: begin an election at term 12 for -1: [8d1936ad-7e22-483e-8301-a12de2cdc2b5:192.168.36.126:34366, dc7ea896-6e80-4fed-8727-08f73144b1fc:192.168.36.126:42983, a824d2a0-4471-4a6f-a232-f84ec650292b:192.168.36.126:37611], old=null
2019-09-25 05:20:35,881 [dc7ea896-6e80-4fed-8727-08f73144b1fc@group-E9952EC7D1B9:LeaderElection109] INFO  impl.LeaderElection (LeaderElection.java:askForVotes(182)) - dc7ea896-6e80-4fed-8727-08f73144b1fc@group-E9952EC7D1B9:LeaderElection109: begin an election at term 12 for -1: [8d1936ad-7e22-483e-8301-a12de2cdc2b5:192.168.36.126:34366, dc7ea896-6e80-4fed-8727-08f73144b1fc:192.168.36.126:42983, a824d2a0-4471-4a6f-a232-f84ec650292b:192.168.36.126:37611], old=null
2019-09-25 05:20:35,881 [6e4b8f72-2d03-4335-a109-8ce1569ec549@group-0A753E062AF5:LeaderElection106] INFO  impl.LeaderElection (LeaderElection.java:askForVotes(182)) - 6e4b8f72-2d03-4335-a109-8ce1569ec549@group-0A753E062AF5:LeaderElection106: begin an election at term 12 for -1: [6e4b8f72-2d03-4335-a109-8ce1569ec549:192.168.36.126:38179, a7793eff-ada5-4527-9e0b-a0fd078cd21b:192.168.36.126:36914, ece43ade-c7f6-4378-8dfa-fbe6a8ab43cf:192.168.36.126:41805], old=null
2019-09-25 05:20:35,881 [ece43ade-c7f6-4378-8dfa-fbe6a8ab43cf@group-0A753E062AF5:LeaderElection111] INFO  impl.LeaderElection (LeaderElection.java:askForVotes(182)) - ece43ade-c7f6-4378-8dfa-fbe6a8ab43cf@group-0A753E062AF5:LeaderElection111: begin an election at term 12 for -1: [6e4b8f72-2d03-4335-a109-8ce1569ec549:192.168.36.126:38179, a7793eff-ada5-4527-9e0b-a0fd078cd21b:192.168.36.126:36914, ece43ade-c7f6-4378-8dfa-fbe6a8ab43cf:192.168.36.126:41805], old=null
2019-09-25 05:20:35,888 [a824d2a0-4471-4a6f-a232-f84ec650292b@group-E9952EC7D1B9:LeaderElection110] INFO  impl.LeaderElection (LeaderElection.java:logAndReturn(56)) - a824d2a0-4471-4a6f-a232-f84ec650292b@group-E9952EC7D1B9:LeaderElection110: Election REJECTED; received 2 response(s) [a824d2a0-4471-4a6f-a232-f84ec650292b<-8d1936ad-7e22-483e-8301-a12de2cdc2b5#0:FAIL-t12, a824d2a0-4471-4a6f-a232-f84ec650292b<-dc7ea896-6e80-4fed-8727-08f73144b1fc#0:FAIL-t12] and 0 exception(s); a824d2a0-4471-4a6f-a232-f84ec650292b@group-E9952EC7D1B9:t12, leader=null, voted=a824d2a0-4471-4a6f-a232-f84ec650292b, raftlog=a824d2a0-4471-4a6f-a232-f84ec650292b@group-E9952EC7D1B9-SegmentedRaftLog:OPENED:c-1,f-1,i0, conf=-1: [8d1936ad-7e22-483e-8301-a12de2cdc2b5:192.168.36.126:34366, dc7ea896-6e80-4fed-8727-08f73144b1fc:192.168.36.126:42983, a824d2a0-4471-4a6f-a232-f84ec650292b:192.168.36.126:37611], old=null
2019-09-25 05:20:35,888 [a824d2a0-4471-4a6f-a232-f84ec650292b@group-E9952EC7D1B9:LeaderElection110] INFO  impl.RaftServerImpl (RaftServerImpl.java:setRole(174)) - a824d2a0-4471-4a6f-a232-f84ec650292b@group-E9952EC7D1B9: changes role from CANDIDATE to FOLLOWER at term 12 for DISCOVERED_A_NEW_TERM
2019-09-25 05:20:35,888 [a824d2a0-4471-4a6f-a232-f84ec650292b@group-E9952EC7D1B9:LeaderElection110] INFO  impl.RoleInfo (RoleInfo.java:shutdownLeaderElection(134)) - a824d2a0-4471-4a6f-a232-f84ec650292b: shutdown LeaderElection
2019-09-25 05:20:35,888 [grpc-default-executor-6] WARN  server.GrpcServerProtocolService (LogUtils.java:warn(136)) - 6e4b8f72-2d03-4335-a109-8ce1569ec549: Failed requestVote ece43ade-c7f6-4378-8dfa-fbe6a8ab43cf->6e4b8f72-2d03-4335-a109-8ce1569ec549#0
org.apache.ratis.protocol.GroupMismatchException: 6e4b8f72-2d03-4335-a109-8ce1569ec549: group-8C538AEF5C3F not found.
	at org.apache.ratis.server.impl.RaftServerProxy$ImplMap.get(RaftServerProxy.java:122)
	at org.apache.ratis.server.impl.RaftServerProxy.getImplFuture(RaftServerProxy.java:269)
	at org.apache.ratis.server.impl.RaftServerProxy.getImpl(RaftServerProxy.java:278)
	at org.apache.ratis.server.impl.RaftServerProxy.getImpl(RaftServerProxy.java:273)
	at org.apache.ratis.server.impl.RaftServerProxy.requestVote(RaftServerProxy.java:443)
	at org.apache.ratis.grpc.server.GrpcServerProtocolService.requestVote(GrpcServerProtocolService.java:142)
	at org.apache.ratis.proto.grpc.RaftServerProtocolServiceGrpc$MethodHandlers.invoke(RaftServerProtocolServiceGrpc.java:319)
	at org.apache.ratis.thirdparty.io.grpc.stub.ServerCalls$UnaryServerCallHandler$UnaryServerCallListener.onHalfClose(ServerCalls.java:171)
	at org.apache.ratis.thirdparty.io.grpc.internal.ServerCallImpl$ServerStreamListenerImpl.halfClosed(ServerCallImpl.java:283)
	at org.apache.ratis.thirdparty.io.grpc.internal.ServerImpl$JumpToApplicationThreadServerStreamListener$1HalfClosed.runInContext(ServerImpl.java:710)
	at org.apache.ratis.thirdparty.io.grpc.internal.ContextRunnable.run(ContextRunnable.java:37)
	at org.apache.ratis.thirdparty.io.grpc.internal.SerializingExecutor.run(SerializingExecutor.java:123)
	at java.util.concurrent.ThreadPoolExecutor.runWorker(ThreadPoolExecutor.java:1149)
	at java.util.concurrent.ThreadPoolExecutor$Worker.run(ThreadPoolExecutor.java:624)
	at java.lang.Thread.run(Thread.java:748)
2019-09-25 05:20:35,889 [grpc-default-executor-0] WARN  server.GrpcServerProtocolService (LogUtils.java:warn(136)) - 6e4b8f72-2d03-4335-a109-8ce1569ec549: Failed requestVote ece43ade-c7f6-4378-8dfa-fbe6a8ab43cf->6e4b8f72-2d03-4335-a109-8ce1569ec549#0
org.apache.ratis.protocol.GroupMismatchException: 6e4b8f72-2d03-4335-a109-8ce1569ec549: group-74FCAC2063C8 not found.
	at org.apache.ratis.server.impl.RaftServerProxy$ImplMap.get(RaftServerProxy.java:122)
	at org.apache.ratis.server.impl.RaftServerProxy.getImplFuture(RaftServerProxy.java:269)
	at org.apache.ratis.server.impl.RaftServerProxy.getImpl(RaftServerProxy.java:278)
	at org.apache.ratis.server.impl.RaftServerProxy.getImpl(RaftServerProxy.java:273)
	at org.apache.ratis.server.impl.RaftServerProxy.requestVote(RaftServerProxy.java:443)
	at org.apache.ratis.grpc.server.GrpcServerProtocolService.requestVote(GrpcServerProtocolService.java:142)
	at org.apache.ratis.proto.grpc.RaftServerProtocolServiceGrpc$MethodHandlers.invoke(RaftServerProtocolServiceGrpc.java:319)
	at org.apache.ratis.thirdparty.io.grpc.stub.ServerCalls$UnaryServerCallHandler$UnaryServerCallListener.onHalfClose(ServerCalls.java:171)
	at org.apache.ratis.thirdparty.io.grpc.internal.ServerCallImpl$ServerStreamListenerImpl.halfClosed(ServerCallImpl.java:283)
	at org.apache.ratis.thirdparty.io.grpc.internal.ServerImpl$JumpToApplicationThreadServerStreamListener$1HalfClosed.runInContext(ServerImpl.java:710)
	at org.apache.ratis.thirdparty.io.grpc.internal.ContextRunnable.run(ContextRunnable.java:37)
	at org.apache.ratis.thirdparty.io.grpc.internal.SerializingExecutor.run(SerializingExecutor.java:123)
	at java.util.concurrent.ThreadPoolExecutor.runWorker(ThreadPoolExecutor.java:1149)
	at java.util.concurrent.ThreadPoolExecutor$Worker.run(ThreadPoolExecutor.java:624)
	at java.lang.Thread.run(Thread.java:748)
2019-09-25 05:20:35,889 [a824d2a0-4471-4a6f-a232-f84ec650292b@group-E9952EC7D1B9:LeaderElection110] INFO  impl.RoleInfo (RoleInfo.java:updateAndGet(143)) - a824d2a0-4471-4a6f-a232-f84ec650292b: start FollowerState
2019-09-25 05:20:35,890 [a7793eff-ada5-4527-9e0b-a0fd078cd21b@group-0A753E062AF5:LeaderElection104] INFO  impl.LeaderElection (LeaderElection.java:logAndReturn(56)) - a7793eff-ada5-4527-9e0b-a0fd078cd21b@group-0A753E062AF5:LeaderElection104: Election REJECTED; received 2 response(s) [a7793eff-ada5-4527-9e0b-a0fd078cd21b<-6e4b8f72-2d03-4335-a109-8ce1569ec549#0:FAIL-t12, a7793eff-ada5-4527-9e0b-a0fd078cd21b<-ece43ade-c7f6-4378-8dfa-fbe6a8ab43cf#0:FAIL-t12] and 0 exception(s); a7793eff-ada5-4527-9e0b-a0fd078cd21b@group-0A753E062AF5:t12, leader=null, voted=a7793eff-ada5-4527-9e0b-a0fd078cd21b, raftlog=a7793eff-ada5-4527-9e0b-a0fd078cd21b@group-0A753E062AF5-SegmentedRaftLog:OPENED:c-1,f-1,i0, conf=-1: [6e4b8f72-2d03-4335-a109-8ce1569ec549:192.168.36.126:38179, a7793eff-ada5-4527-9e0b-a0fd078cd21b:192.168.36.126:36914, ece43ade-c7f6-4378-8dfa-fbe6a8ab43cf:192.168.36.126:41805], old=null
2019-09-25 05:20:35,891 [a7793eff-ada5-4527-9e0b-a0fd078cd21b@group-0A753E062AF5:LeaderElection104] INFO  impl.RaftServerImpl (RaftServerImpl.java:setRole(174)) - a7793eff-ada5-4527-9e0b-a0fd078cd21b@group-0A753E062AF5: changes role from CANDIDATE to FOLLOWER at term 12 for DISCOVERED_A_NEW_TERM
2019-09-25 05:20:35,891 [a7793eff-ada5-4527-9e0b-a0fd078cd21b@group-0A753E062AF5:LeaderElection104] INFO  impl.RoleInfo (RoleInfo.java:shutdownLeaderElection(134)) - a7793eff-ada5-4527-9e0b-a0fd078cd21b: shutdown LeaderElection
2019-09-25 05:20:35,892 [a7793eff-ada5-4527-9e0b-a0fd078cd21b@group-0A753E062AF5:LeaderElection104] INFO  impl.RoleInfo (RoleInfo.java:updateAndGet(143)) - a7793eff-ada5-4527-9e0b-a0fd078cd21b: start FollowerState
2019-09-25 05:20:35,894 [6e4b8f72-2d03-4335-a109-8ce1569ec549@group-0A753E062AF5:LeaderElection106] INFO  impl.LeaderElection (LeaderElection.java:logAndReturn(56)) - 6e4b8f72-2d03-4335-a109-8ce1569ec549@group-0A753E062AF5:LeaderElection106: Election REJECTED; received 2 response(s) [6e4b8f72-2d03-4335-a109-8ce1569ec549<-a7793eff-ada5-4527-9e0b-a0fd078cd21b#0:FAIL-t12, 6e4b8f72-2d03-4335-a109-8ce1569ec549<-ece43ade-c7f6-4378-8dfa-fbe6a8ab43cf#0:FAIL-t12] and 0 exception(s); 6e4b8f72-2d03-4335-a109-8ce1569ec549@group-0A753E062AF5:t12, leader=null, voted=6e4b8f72-2d03-4335-a109-8ce1569ec549, raftlog=6e4b8f72-2d03-4335-a109-8ce1569ec549@group-0A753E062AF5-SegmentedRaftLog:OPENED:c-1,f-1,i0, conf=-1: [6e4b8f72-2d03-4335-a109-8ce1569ec549:192.168.36.126:38179, a7793eff-ada5-4527-9e0b-a0fd078cd21b:192.168.36.126:36914, ece43ade-c7f6-4378-8dfa-fbe6a8ab43cf:192.168.36.126:41805], old=null
2019-09-25 05:20:35,894 [6e4b8f72-2d03-4335-a109-8ce1569ec549@group-0A753E062AF5:LeaderElection106] INFO  impl.RaftServerImpl (RaftServerImpl.java:setRole(174)) - 6e4b8f72-2d03-4335-a109-8ce1569ec549@group-0A753E062AF5: changes role from CANDIDATE to FOLLOWER at term 12 for DISCOVERED_A_NEW_TERM
2019-09-25 05:20:35,894 [6e4b8f72-2d03-4335-a109-8ce1569ec549@group-0A753E062AF5:LeaderElection106] INFO  impl.RoleInfo (RoleInfo.java:shutdownLeaderElection(134)) - 6e4b8f72-2d03-4335-a109-8ce1569ec549: shutdown LeaderElection
2019-09-25 05:20:35,894 [grpc-default-executor-9] WARN  server.GrpcServerProtocolService (LogUtils.java:warn(136)) - a7793eff-ada5-4527-9e0b-a0fd078cd21b: Failed requestVote ece43ade-c7f6-4378-8dfa-fbe6a8ab43cf->a7793eff-ada5-4527-9e0b-a0fd078cd21b#0
org.apache.ratis.protocol.GroupMismatchException: a7793eff-ada5-4527-9e0b-a0fd078cd21b: group-74FCAC2063C8 not found.
	at org.apache.ratis.server.impl.RaftServerProxy$ImplMap.get(RaftServerProxy.java:122)
	at org.apache.ratis.server.impl.RaftServerProxy.getImplFuture(RaftServerProxy.java:269)
	at org.apache.ratis.server.impl.RaftServerProxy.getImpl(RaftServerProxy.java:278)
	at org.apache.ratis.server.impl.RaftServerProxy.getImpl(RaftServerProxy.java:273)
	at org.apache.ratis.server.impl.RaftServerProxy.requestVote(RaftServerProxy.java:443)
	at org.apache.ratis.grpc.server.GrpcServerProtocolService.requestVote(GrpcServerProtocolService.java:142)
	at org.apache.ratis.proto.grpc.RaftServerProtocolServiceGrpc$MethodHandlers.invoke(RaftServerProtocolServiceGrpc.java:319)
	at org.apache.ratis.thirdparty.io.grpc.stub.ServerCalls$UnaryServerCallHandler$UnaryServerCallListener.onHalfClose(ServerCalls.java:171)
	at org.apache.ratis.thirdparty.io.grpc.internal.ServerCallImpl$ServerStreamListenerImpl.halfClosed(ServerCallImpl.java:283)
	at org.apache.ratis.thirdparty.io.grpc.internal.ServerImpl$JumpToApplicationThreadServerStreamListener$1HalfClosed.runInContext(ServerImpl.java:710)
	at org.apache.ratis.thirdparty.io.grpc.internal.ContextRunnable.run(ContextRunnable.java:37)
	at org.apache.ratis.thirdparty.io.grpc.internal.SerializingExecutor.run(SerializingExecutor.java:123)
	at java.util.concurrent.ThreadPoolExecutor.runWorker(ThreadPoolExecutor.java:1149)
	at java.util.concurrent.ThreadPoolExecutor$Worker.run(ThreadPoolExecutor.java:624)
	at java.lang.Thread.run(Thread.java:748)
2019-09-25 05:20:35,894 [6e4b8f72-2d03-4335-a109-8ce1569ec549@group-0A753E062AF5:LeaderElection106] INFO  impl.RoleInfo (RoleInfo.java:updateAndGet(143)) - 6e4b8f72-2d03-4335-a109-8ce1569ec549: start FollowerState
2019-09-25 05:20:35,896 [ece43ade-c7f6-4378-8dfa-fbe6a8ab43cf@group-8C538AEF5C3F:LeaderElection108] INFO  impl.LeaderElection (LogUtils.java:infoOrTrace(149)) - ece43ade-c7f6-4378-8dfa-fbe6a8ab43cf@group-8C538AEF5C3F:LeaderElection108 got exception when requesting votes: {}
java.util.concurrent.ExecutionException: org.apache.ratis.thirdparty.io.grpc.StatusRuntimeException: INTERNAL: 6e4b8f72-2d03-4335-a109-8ce1569ec549: group-8C538AEF5C3F not found.
	at java.util.concurrent.FutureTask.report(FutureTask.java:122)
	at java.util.concurrent.FutureTask.get(FutureTask.java:192)
	at org.apache.ratis.server.impl.LeaderElection.waitForResults(LeaderElection.java:263)
	at org.apache.ratis.server.impl.LeaderElection.askForVotes(LeaderElection.java:201)
	at org.apache.ratis.server.impl.LeaderElection.run(LeaderElection.java:133)
	at java.lang.Thread.run(Thread.java:748)
Caused by: org.apache.ratis.thirdparty.io.grpc.StatusRuntimeException: INTERNAL: 6e4b8f72-2d03-4335-a109-8ce1569ec549: group-8C538AEF5C3F not found.
	at org.apache.ratis.thirdparty.io.grpc.stub.ClientCalls.toStatusRuntimeException(ClientCalls.java:233)
	at org.apache.ratis.thirdparty.io.grpc.stub.ClientCalls.getUnchecked(ClientCalls.java:214)
	at org.apache.ratis.thirdparty.io.grpc.stub.ClientCalls.blockingUnaryCall(ClientCalls.java:139)
	at org.apache.ratis.proto.grpc.RaftServerProtocolServiceGrpc$RaftServerProtocolServiceBlockingStub.requestVote(RaftServerProtocolServiceGrpc.java:265)
	at org.apache.ratis.grpc.server.GrpcServerProtocolClient.requestVote(GrpcServerProtocolClient.java:90)
	at org.apache.ratis.grpc.server.GrpcService.requestVote(GrpcService.java:204)
	at org.apache.ratis.server.impl.LeaderElection.lambda$submitRequests$1(LeaderElection.java:238)
	at java.util.concurrent.FutureTask.run(FutureTask.java:266)
	at java.util.concurrent.Executors$RunnableAdapter.call(Executors.java:511)
	at java.util.concurrent.FutureTask.run(FutureTask.java:266)
	at java.util.concurrent.ThreadPoolExecutor.runWorker(ThreadPoolExecutor.java:1149)
	at java.util.concurrent.ThreadPoolExecutor$Worker.run(ThreadPoolExecutor.java:624)
	... 1 more
2019-09-25 05:20:35,899 [8d1936ad-7e22-483e-8301-a12de2cdc2b5@group-E9952EC7D1B9:LeaderElection107] INFO  impl.LeaderElection (LeaderElection.java:logAndReturn(56)) - 8d1936ad-7e22-483e-8301-a12de2cdc2b5@group-E9952EC7D1B9:LeaderElection107: Election REJECTED; received 2 response(s) [8d1936ad-7e22-483e-8301-a12de2cdc2b5<-dc7ea896-6e80-4fed-8727-08f73144b1fc#0:FAIL-t12, 8d1936ad-7e22-483e-8301-a12de2cdc2b5<-a824d2a0-4471-4a6f-a232-f84ec650292b#0:FAIL-t12] and 0 exception(s); 8d1936ad-7e22-483e-8301-a12de2cdc2b5@group-E9952EC7D1B9:t12, leader=null, voted=8d1936ad-7e22-483e-8301-a12de2cdc2b5, raftlog=8d1936ad-7e22-483e-8301-a12de2cdc2b5@group-E9952EC7D1B9-SegmentedRaftLog:OPENED:c-1,f-1,i0, conf=-1: [8d1936ad-7e22-483e-8301-a12de2cdc2b5:192.168.36.126:34366, dc7ea896-6e80-4fed-8727-08f73144b1fc:192.168.36.126:42983, a824d2a0-4471-4a6f-a232-f84ec650292b:192.168.36.126:37611], old=null
2019-09-25 05:20:35,896 [grpc-default-executor-1] WARN  server.GrpcServerProtocolService (LogUtils.java:warn(136)) - a7793eff-ada5-4527-9e0b-a0fd078cd21b: Failed requestVote ece43ade-c7f6-4378-8dfa-fbe6a8ab43cf->a7793eff-ada5-4527-9e0b-a0fd078cd21b#0
org.apache.ratis.protocol.GroupMismatchException: a7793eff-ada5-4527-9e0b-a0fd078cd21b: group-8C538AEF5C3F not found.
	at org.apache.ratis.server.impl.RaftServerProxy$ImplMap.get(RaftServerProxy.java:122)
	at org.apache.ratis.server.impl.RaftServerProxy.getImplFuture(RaftServerProxy.java:269)
	at org.apache.ratis.server.impl.RaftServerProxy.getImpl(RaftServerProxy.java:278)
	at org.apache.ratis.server.impl.RaftServerProxy.getImpl(RaftServerProxy.java:273)
	at org.apache.ratis.server.impl.RaftServerProxy.requestVote(RaftServerProxy.java:443)
	at org.apache.ratis.grpc.server.GrpcServerProtocolService.requestVote(GrpcServerProtocolService.java:142)
	at org.apache.ratis.proto.grpc.RaftServerProtocolServiceGrpc$MethodHandlers.invoke(RaftServerProtocolServiceGrpc.java:319)
	at org.apache.ratis.thirdparty.io.grpc.stub.ServerCalls$UnaryServerCallHandler$UnaryServerCallListener.onHalfClose(ServerCalls.java:171)
	at org.apache.ratis.thirdparty.io.grpc.internal.ServerCallImpl$ServerStreamListenerImpl.halfClosed(ServerCallImpl.java:283)
	at org.apache.ratis.thirdparty.io.grpc.internal.ServerImpl$JumpToApplicationThreadServerStreamListener$1HalfClosed.runInContext(ServerImpl.java:710)
	at org.apache.ratis.thirdparty.io.grpc.internal.ContextRunnable.run(ContextRunnable.java:37)
	at org.apache.ratis.thirdparty.io.grpc.internal.SerializingExecutor.run(SerializingExecutor.java:123)
	at java.util.concurrent.ThreadPoolExecutor.runWorker(ThreadPoolExecutor.java:1149)
	at java.util.concurrent.ThreadPoolExecutor$Worker.run(ThreadPoolExecutor.java:624)
	at java.lang.Thread.run(Thread.java:748)
2019-09-25 05:20:35,900 [ece43ade-c7f6-4378-8dfa-fbe6a8ab43cf@group-74FCAC2063C8:LeaderElection105] INFO  impl.LeaderElection (LogUtils.java:infoOrTrace(149)) - ece43ade-c7f6-4378-8dfa-fbe6a8ab43cf@group-74FCAC2063C8:LeaderElection105 got exception when requesting votes: {}
java.util.concurrent.ExecutionException: org.apache.ratis.thirdparty.io.grpc.StatusRuntimeException: INTERNAL: 6e4b8f72-2d03-4335-a109-8ce1569ec549: group-74FCAC2063C8 not found.
	at java.util.concurrent.FutureTask.report(FutureTask.java:122)
	at java.util.concurrent.FutureTask.get(FutureTask.java:192)
	at org.apache.ratis.server.impl.LeaderElection.waitForResults(LeaderElection.java:263)
	at org.apache.ratis.server.impl.LeaderElection.askForVotes(LeaderElection.java:201)
	at org.apache.ratis.server.impl.LeaderElection.run(LeaderElection.java:133)
	at java.lang.Thread.run(Thread.java:748)
Caused by: org.apache.ratis.thirdparty.io.grpc.StatusRuntimeException: INTERNAL: 6e4b8f72-2d03-4335-a109-8ce1569ec549: group-74FCAC2063C8 not found.
	at org.apache.ratis.thirdparty.io.grpc.stub.ClientCalls.toStatusRuntimeException(ClientCalls.java:233)
	at org.apache.ratis.thirdparty.io.grpc.stub.ClientCalls.getUnchecked(ClientCalls.java:214)
	at org.apache.ratis.thirdparty.io.grpc.stub.ClientCalls.blockingUnaryCall(ClientCalls.java:139)
	at org.apache.ratis.proto.grpc.RaftServerProtocolServiceGrpc$RaftServerProtocolServiceBlockingStub.requestVote(RaftServerProtocolServiceGrpc.java:265)
	at org.apache.ratis.grpc.server.GrpcServerProtocolClient.requestVote(GrpcServerProtocolClient.java:90)
	at org.apache.ratis.grpc.server.GrpcService.requestVote(GrpcService.java:204)
	at org.apache.ratis.server.impl.LeaderElection.lambda$submitRequests$1(LeaderElection.java:238)
	at java.util.concurrent.FutureTask.run(FutureTask.java:266)
	at java.util.concurrent.Executors$RunnableAdapter.call(Executors.java:511)
	at java.util.concurrent.FutureTask.run(FutureTask.java:266)
	at java.util.concurrent.ThreadPoolExecutor.runWorker(ThreadPoolExecutor.java:1149)
	at java.util.concurrent.ThreadPoolExecutor$Worker.run(ThreadPoolExecutor.java:624)
	... 1 more
2019-09-25 05:20:35,900 [8d1936ad-7e22-483e-8301-a12de2cdc2b5@group-E9952EC7D1B9:LeaderElection107] INFO  impl.RaftServerImpl (RaftServerImpl.java:setRole(174)) - 8d1936ad-7e22-483e-8301-a12de2cdc2b5@group-E9952EC7D1B9: changes role from CANDIDATE to FOLLOWER at term 12 for DISCOVERED_A_NEW_TERM
2019-09-25 05:20:35,901 [dc7ea896-6e80-4fed-8727-08f73144b1fc@group-E9952EC7D1B9:LeaderElection109] INFO  impl.LeaderElection (LeaderElection.java:logAndReturn(56)) - dc7ea896-6e80-4fed-8727-08f73144b1fc@group-E9952EC7D1B9:LeaderElection109: Election REJECTED; received 2 response(s) [dc7ea896-6e80-4fed-8727-08f73144b1fc<-8d1936ad-7e22-483e-8301-a12de2cdc2b5#0:FAIL-t12, dc7ea896-6e80-4fed-8727-08f73144b1fc<-a824d2a0-4471-4a6f-a232-f84ec650292b#0:FAIL-t12] and 0 exception(s); dc7ea896-6e80-4fed-8727-08f73144b1fc@group-E9952EC7D1B9:t12, leader=null, voted=dc7ea896-6e80-4fed-8727-08f73144b1fc, raftlog=dc7ea896-6e80-4fed-8727-08f73144b1fc@group-E9952EC7D1B9-SegmentedRaftLog:OPENED:c-1,f-1,i0, conf=-1: [8d1936ad-7e22-483e-8301-a12de2cdc2b5:192.168.36.126:34366, dc7ea896-6e80-4fed-8727-08f73144b1fc:192.168.36.126:42983, a824d2a0-4471-4a6f-a232-f84ec650292b:192.168.36.126:37611], old=null
2019-09-25 05:20:35,901 [ece43ade-c7f6-4378-8dfa-fbe6a8ab43cf@group-0A753E062AF5:LeaderElection111] INFO  impl.LeaderElection (LeaderElection.java:logAndReturn(56)) - ece43ade-c7f6-4378-8dfa-fbe6a8ab43cf@group-0A753E062AF5:LeaderElection111: Election REJECTED; received 2 response(s) [ece43ade-c7f6-4378-8dfa-fbe6a8ab43cf<-6e4b8f72-2d03-4335-a109-8ce1569ec549#0:FAIL-t12, ece43ade-c7f6-4378-8dfa-fbe6a8ab43cf<-a7793eff-ada5-4527-9e0b-a0fd078cd21b#0:FAIL-t12] and 0 exception(s); ece43ade-c7f6-4378-8dfa-fbe6a8ab43cf@group-0A753E062AF5:t12, leader=null, voted=ece43ade-c7f6-4378-8dfa-fbe6a8ab43cf, raftlog=ece43ade-c7f6-4378-8dfa-fbe6a8ab43cf@group-0A753E062AF5-SegmentedRaftLog:OPENED:c-1,f-1,i0, conf=-1: [6e4b8f72-2d03-4335-a109-8ce1569ec549:192.168.36.126:38179, a7793eff-ada5-4527-9e0b-a0fd078cd21b:192.168.36.126:36914, ece43ade-c7f6-4378-8dfa-fbe6a8ab43cf:192.168.36.126:41805], old=null
2019-09-25 05:20:35,904 [dc7ea896-6e80-4fed-8727-08f73144b1fc@group-E9952EC7D1B9:LeaderElection109] INFO  impl.RaftServerImpl (RaftServerImpl.java:setRole(174)) - dc7ea896-6e80-4fed-8727-08f73144b1fc@group-E9952EC7D1B9: changes role from CANDIDATE to FOLLOWER at term 12 for DISCOVERED_A_NEW_TERM
2019-09-25 05:20:35,903 [8d1936ad-7e22-483e-8301-a12de2cdc2b5@group-E9952EC7D1B9:LeaderElection107] INFO  impl.RoleInfo (RoleInfo.java:shutdownLeaderElection(134)) - 8d1936ad-7e22-483e-8301-a12de2cdc2b5: shutdown LeaderElection
2019-09-25 05:20:35,904 [dc7ea896-6e80-4fed-8727-08f73144b1fc@group-E9952EC7D1B9:LeaderElection109] INFO  impl.RoleInfo (RoleInfo.java:shutdownLeaderElection(134)) - dc7ea896-6e80-4fed-8727-08f73144b1fc: shutdown LeaderElection
2019-09-25 05:20:35,904 [ece43ade-c7f6-4378-8dfa-fbe6a8ab43cf@group-0A753E062AF5:LeaderElection111] INFO  impl.RaftServerImpl (RaftServerImpl.java:setRole(174)) - ece43ade-c7f6-4378-8dfa-fbe6a8ab43cf@group-0A753E062AF5: changes role from CANDIDATE to FOLLOWER at term 12 for DISCOVERED_A_NEW_TERM
2019-09-25 05:20:35,904 [dc7ea896-6e80-4fed-8727-08f73144b1fc@group-E9952EC7D1B9:LeaderElection109] INFO  impl.RoleInfo (RoleInfo.java:updateAndGet(143)) - dc7ea896-6e80-4fed-8727-08f73144b1fc: start FollowerState
2019-09-25 05:20:35,904 [8d1936ad-7e22-483e-8301-a12de2cdc2b5@group-E9952EC7D1B9:LeaderElection107] INFO  impl.RoleInfo (RoleInfo.java:updateAndGet(143)) - 8d1936ad-7e22-483e-8301-a12de2cdc2b5: start FollowerState
2019-09-25 05:20:35,905 [ece43ade-c7f6-4378-8dfa-fbe6a8ab43cf@group-0A753E062AF5:LeaderElection111] INFO  impl.RoleInfo (RoleInfo.java:shutdownLeaderElection(134)) - ece43ade-c7f6-4378-8dfa-fbe6a8ab43cf: shutdown LeaderElection
2019-09-25 05:20:35,905 [ece43ade-c7f6-4378-8dfa-fbe6a8ab43cf@group-74FCAC2063C8:LeaderElection105] INFO  impl.LeaderElection (LogUtils.java:infoOrTrace(149)) - ece43ade-c7f6-4378-8dfa-fbe6a8ab43cf@group-74FCAC2063C8:LeaderElection105 got exception when requesting votes: {}
java.util.concurrent.ExecutionException: org.apache.ratis.thirdparty.io.grpc.StatusRuntimeException: INTERNAL: a7793eff-ada5-4527-9e0b-a0fd078cd21b: group-74FCAC2063C8 not found.
	at java.util.concurrent.FutureTask.report(FutureTask.java:122)
	at java.util.concurrent.FutureTask.get(FutureTask.java:192)
	at org.apache.ratis.server.impl.LeaderElection.waitForResults(LeaderElection.java:263)
	at org.apache.ratis.server.impl.LeaderElection.askForVotes(LeaderElection.java:201)
	at org.apache.ratis.server.impl.LeaderElection.run(LeaderElection.java:133)
	at java.lang.Thread.run(Thread.java:748)
Caused by: org.apache.ratis.thirdparty.io.grpc.StatusRuntimeException: INTERNAL: a7793eff-ada5-4527-9e0b-a0fd078cd21b: group-74FCAC2063C8 not found.
	at org.apache.ratis.thirdparty.io.grpc.stub.ClientCalls.toStatusRuntimeException(ClientCalls.java:233)
	at org.apache.ratis.thirdparty.io.grpc.stub.ClientCalls.getUnchecked(ClientCalls.java:214)
	at org.apache.ratis.thirdparty.io.grpc.stub.ClientCalls.blockingUnaryCall(ClientCalls.java:139)
	at org.apache.ratis.proto.grpc.RaftServerProtocolServiceGrpc$RaftServerProtocolServiceBlockingStub.requestVote(RaftServerProtocolServiceGrpc.java:265)
	at org.apache.ratis.grpc.server.GrpcServerProtocolClient.requestVote(GrpcServerProtocolClient.java:90)
	at org.apache.ratis.grpc.server.GrpcService.requestVote(GrpcService.java:204)
	at org.apache.ratis.server.impl.LeaderElection.lambda$submitRequests$1(LeaderElection.java:238)
	at java.util.concurrent.FutureTask.run(FutureTask.java:266)
	at java.util.concurrent.Executors$RunnableAdapter.call(Executors.java:511)
	at java.util.concurrent.FutureTask.run(FutureTask.java:266)
	at java.util.concurrent.ThreadPoolExecutor.runWorker(ThreadPoolExecutor.java:1149)
	at java.util.concurrent.ThreadPoolExecutor$Worker.run(ThreadPoolExecutor.java:624)
	... 1 more
2019-09-25 05:20:35,905 [ece43ade-c7f6-4378-8dfa-fbe6a8ab43cf@group-0A753E062AF5:LeaderElection111] INFO  impl.RoleInfo (RoleInfo.java:updateAndGet(143)) - ece43ade-c7f6-4378-8dfa-fbe6a8ab43cf: start FollowerState
2019-09-25 05:20:35,908 [ece43ade-c7f6-4378-8dfa-fbe6a8ab43cf@group-74FCAC2063C8:LeaderElection105] INFO  impl.LeaderElection (LeaderElection.java:logAndReturn(56)) - ece43ade-c7f6-4378-8dfa-fbe6a8ab43cf@group-74FCAC2063C8:LeaderElection105: Election REJECTED; received 0 response(s) [] and 2 exception(s); ece43ade-c7f6-4378-8dfa-fbe6a8ab43cf@group-74FCAC2063C8:t12, leader=null, voted=ece43ade-c7f6-4378-8dfa-fbe6a8ab43cf, raftlog=ece43ade-c7f6-4378-8dfa-fbe6a8ab43cf@group-74FCAC2063C8-SegmentedRaftLog:OPENED:c-1,f-1,i0, conf=-1: [6e4b8f72-2d03-4335-a109-8ce1569ec549:192.168.36.126:38179, a7793eff-ada5-4527-9e0b-a0fd078cd21b:192.168.36.126:36914, ece43ade-c7f6-4378-8dfa-fbe6a8ab43cf:192.168.36.126:41805], old=null
2019-09-25 05:20:35,908 [ece43ade-c7f6-4378-8dfa-fbe6a8ab43cf@group-8C538AEF5C3F:LeaderElection108] INFO  impl.LeaderElection (LogUtils.java:infoOrTrace(149)) - ece43ade-c7f6-4378-8dfa-fbe6a8ab43cf@group-8C538AEF5C3F:LeaderElection108 got exception when requesting votes: {}
java.util.concurrent.ExecutionException: org.apache.ratis.thirdparty.io.grpc.StatusRuntimeException: INTERNAL: a7793eff-ada5-4527-9e0b-a0fd078cd21b: group-8C538AEF5C3F not found.
	at java.util.concurrent.FutureTask.report(FutureTask.java:122)
	at java.util.concurrent.FutureTask.get(FutureTask.java:192)
	at org.apache.ratis.server.impl.LeaderElection.waitForResults(LeaderElection.java:263)
	at org.apache.ratis.server.impl.LeaderElection.askForVotes(LeaderElection.java:201)
	at org.apache.ratis.server.impl.LeaderElection.run(LeaderElection.java:133)
	at java.lang.Thread.run(Thread.java:748)
Caused by: org.apache.ratis.thirdparty.io.grpc.StatusRuntimeException: INTERNAL: a7793eff-ada5-4527-9e0b-a0fd078cd21b: group-8C538AEF5C3F not found.
	at org.apache.ratis.thirdparty.io.grpc.stub.ClientCalls.toStatusRuntimeException(ClientCalls.java:233)
	at org.apache.ratis.thirdparty.io.grpc.stub.ClientCalls.getUnchecked(ClientCalls.java:214)
	at org.apache.ratis.thirdparty.io.grpc.stub.ClientCalls.blockingUnaryCall(ClientCalls.java:139)
	at org.apache.ratis.proto.grpc.RaftServerProtocolServiceGrpc$RaftServerProtocolServiceBlockingStub.requestVote(RaftServerProtocolServiceGrpc.java:265)
	at org.apache.ratis.grpc.server.GrpcServerProtocolClient.requestVote(GrpcServerProtocolClient.java:90)
	at org.apache.ratis.grpc.server.GrpcService.requestVote(GrpcService.java:204)
	at org.apache.ratis.server.impl.LeaderElection.lambda$submitRequests$1(LeaderElection.java:238)
	at java.util.concurrent.FutureTask.run(FutureTask.java:266)
	at java.util.concurrent.Executors$RunnableAdapter.call(Executors.java:511)
	at java.util.concurrent.FutureTask.run(FutureTask.java:266)
	at java.util.concurrent.ThreadPoolExecutor.runWorker(ThreadPoolExecutor.java:1149)
	at java.util.concurrent.ThreadPoolExecutor$Worker.run(ThreadPoolExecutor.java:624)
	... 1 more
2019-09-25 05:20:35,908 [ece43ade-c7f6-4378-8dfa-fbe6a8ab43cf@group-74FCAC2063C8:LeaderElection105] INFO  impl.LeaderElection (LogUtils.java:infoOrTrace(149)) -   Exception 0: {}
java.util.concurrent.ExecutionException: org.apache.ratis.thirdparty.io.grpc.StatusRuntimeException: INTERNAL: 6e4b8f72-2d03-4335-a109-8ce1569ec549: group-74FCAC2063C8 not found.
	at java.util.concurrent.FutureTask.report(FutureTask.java:122)
	at java.util.concurrent.FutureTask.get(FutureTask.java:192)
	at org.apache.ratis.server.impl.LeaderElection.waitForResults(LeaderElection.java:263)
	at org.apache.ratis.server.impl.LeaderElection.askForVotes(LeaderElection.java:201)
	at org.apache.ratis.server.impl.LeaderElection.run(LeaderElection.java:133)
	at java.lang.Thread.run(Thread.java:748)
Caused by: org.apache.ratis.thirdparty.io.grpc.StatusRuntimeException: INTERNAL: 6e4b8f72-2d03-4335-a109-8ce1569ec549: group-74FCAC2063C8 not found.
	at org.apache.ratis.thirdparty.io.grpc.stub.ClientCalls.toStatusRuntimeException(ClientCalls.java:233)
	at org.apache.ratis.thirdparty.io.grpc.stub.ClientCalls.getUnchecked(ClientCalls.java:214)
	at org.apache.ratis.thirdparty.io.grpc.stub.ClientCalls.blockingUnaryCall(ClientCalls.java:139)
	at org.apache.ratis.proto.grpc.RaftServerProtocolServiceGrpc$RaftServerProtocolServiceBlockingStub.requestVote(RaftServerProtocolServiceGrpc.java:265)
	at org.apache.ratis.grpc.server.GrpcServerProtocolClient.requestVote(GrpcServerProtocolClient.java:90)
	at org.apache.ratis.grpc.server.GrpcService.requestVote(GrpcService.java:204)
	at org.apache.ratis.server.impl.LeaderElection.lambda$submitRequests$1(LeaderElection.java:238)
	at java.util.concurrent.FutureTask.run(FutureTask.java:266)
	at java.util.concurrent.Executors$RunnableAdapter.call(Executors.java:511)
	at java.util.concurrent.FutureTask.run(FutureTask.java:266)
	at java.util.concurrent.ThreadPoolExecutor.runWorker(ThreadPoolExecutor.java:1149)
	at java.util.concurrent.ThreadPoolExecutor$Worker.run(ThreadPoolExecutor.java:624)
	... 1 more
2019-09-25 05:20:35,919 [ece43ade-c7f6-4378-8dfa-fbe6a8ab43cf@group-8C538AEF5C3F:LeaderElection108] INFO  impl.LeaderElection (LeaderElection.java:logAndReturn(56)) - ece43ade-c7f6-4378-8dfa-fbe6a8ab43cf@group-8C538AEF5C3F:LeaderElection108: Election REJECTED; received 0 response(s) [] and 2 exception(s); ece43ade-c7f6-4378-8dfa-fbe6a8ab43cf@group-8C538AEF5C3F:t5, leader=null, voted=ece43ade-c7f6-4378-8dfa-fbe6a8ab43cf, raftlog=ece43ade-c7f6-4378-8dfa-fbe6a8ab43cf@group-8C538AEF5C3F-SegmentedRaftLog:OPENED:c0,f0,i0, conf=0: [6e4b8f72-2d03-4335-a109-8ce1569ec549:192.168.36.126:38179, a7793eff-ada5-4527-9e0b-a0fd078cd21b:192.168.36.126:36914, ece43ade-c7f6-4378-8dfa-fbe6a8ab43cf:192.168.36.126:41805], old=null
2019-09-25 05:20:35,920 [ece43ade-c7f6-4378-8dfa-fbe6a8ab43cf@group-74FCAC2063C8:LeaderElection105] INFO  impl.LeaderElection (LogUtils.java:infoOrTrace(149)) -   Exception 1: {}
java.util.concurrent.ExecutionException: org.apache.ratis.thirdparty.io.grpc.StatusRuntimeException: INTERNAL: a7793eff-ada5-4527-9e0b-a0fd078cd21b: group-74FCAC2063C8 not found.
	at java.util.concurrent.FutureTask.report(FutureTask.java:122)
	at java.util.concurrent.FutureTask.get(FutureTask.java:192)
	at org.apache.ratis.server.impl.LeaderElection.waitForResults(LeaderElection.java:263)
	at org.apache.ratis.server.impl.LeaderElection.askForVotes(LeaderElection.java:201)
	at org.apache.ratis.server.impl.LeaderElection.run(LeaderElection.java:133)
	at java.lang.Thread.run(Thread.java:748)
Caused by: org.apache.ratis.thirdparty.io.grpc.StatusRuntimeException: INTERNAL: a7793eff-ada5-4527-9e0b-a0fd078cd21b: group-74FCAC2063C8 not found.
	at org.apache.ratis.thirdparty.io.grpc.stub.ClientCalls.toStatusRuntimeException(ClientCalls.java:233)
	at org.apache.ratis.thirdparty.io.grpc.stub.ClientCalls.getUnchecked(ClientCalls.java:214)
	at org.apache.ratis.thirdparty.io.grpc.stub.ClientCalls.blockingUnaryCall(ClientCalls.java:139)
	at org.apache.ratis.proto.grpc.RaftServerProtocolServiceGrpc$RaftServerProtocolServiceBlockingStub.requestVote(RaftServerProtocolServiceGrpc.java:265)
	at org.apache.ratis.grpc.server.GrpcServerProtocolClient.requestVote(GrpcServerProtocolClient.java:90)
	at org.apache.ratis.grpc.server.GrpcService.requestVote(GrpcService.java:204)
	at org.apache.ratis.server.impl.LeaderElection.lambda$submitRequests$1(LeaderElection.java:238)
	at java.util.concurrent.FutureTask.run(FutureTask.java:266)
	at java.util.concurrent.Executors$RunnableAdapter.call(Executors.java:511)
	at java.util.concurrent.FutureTask.run(FutureTask.java:266)
	at java.util.concurrent.ThreadPoolExecutor.runWorker(ThreadPoolExecutor.java:1149)
	at java.util.concurrent.ThreadPoolExecutor$Worker.run(ThreadPoolExecutor.java:624)
	... 1 more
2019-09-25 05:20:35,920 [ece43ade-c7f6-4378-8dfa-fbe6a8ab43cf@group-8C538AEF5C3F:LeaderElection108] INFO  impl.LeaderElection (LogUtils.java:infoOrTrace(149)) -   Exception 0: {}
java.util.concurrent.ExecutionException: org.apache.ratis.thirdparty.io.grpc.StatusRuntimeException: INTERNAL: 6e4b8f72-2d03-4335-a109-8ce1569ec549: group-8C538AEF5C3F not found.
	at java.util.concurrent.FutureTask.report(FutureTask.java:122)
	at java.util.concurrent.FutureTask.get(FutureTask.java:192)
	at org.apache.ratis.server.impl.LeaderElection.waitForResults(LeaderElection.java:263)
	at org.apache.ratis.server.impl.LeaderElection.askForVotes(LeaderElection.java:201)
	at org.apache.ratis.server.impl.LeaderElection.run(LeaderElection.java:133)
	at java.lang.Thread.run(Thread.java:748)
Caused by: org.apache.ratis.thirdparty.io.grpc.StatusRuntimeException: INTERNAL: 6e4b8f72-2d03-4335-a109-8ce1569ec549: group-8C538AEF5C3F not found.
	at org.apache.ratis.thirdparty.io.grpc.stub.ClientCalls.toStatusRuntimeException(ClientCalls.java:233)
	at org.apache.ratis.thirdparty.io.grpc.stub.ClientCalls.getUnchecked(ClientCalls.java:214)
	at org.apache.ratis.thirdparty.io.grpc.stub.ClientCalls.blockingUnaryCall(ClientCalls.java:139)
	at org.apache.ratis.proto.grpc.RaftServerProtocolServiceGrpc$RaftServerProtocolServiceBlockingStub.requestVote(RaftServerProtocolServiceGrpc.java:265)
	at org.apache.ratis.grpc.server.GrpcServerProtocolClient.requestVote(GrpcServerProtocolClient.java:90)
	at org.apache.ratis.grpc.server.GrpcService.requestVote(GrpcService.java:204)
	at org.apache.ratis.server.impl.LeaderElection.lambda$submitRequests$1(LeaderElection.java:238)
	at java.util.concurrent.FutureTask.run(FutureTask.java:266)
	at java.util.concurrent.Executors$RunnableAdapter.call(Executors.java:511)
	at java.util.concurrent.FutureTask.run(FutureTask.java:266)
	at java.util.concurrent.ThreadPoolExecutor.runWorker(ThreadPoolExecutor.java:1149)
	at java.util.concurrent.ThreadPoolExecutor$Worker.run(ThreadPoolExecutor.java:624)
	... 1 more
2019-09-25 05:20:35,920 [ece43ade-c7f6-4378-8dfa-fbe6a8ab43cf@group-74FCAC2063C8:LeaderElection105] INFO  impl.RaftServerImpl (RaftServerImpl.java:setRole(174)) - ece43ade-c7f6-4378-8dfa-fbe6a8ab43cf@group-74FCAC2063C8: changes role from CANDIDATE to FOLLOWER at term 12 for DISCOVERED_A_NEW_TERM
2019-09-25 05:20:35,921 [ece43ade-c7f6-4378-8dfa-fbe6a8ab43cf@group-8C538AEF5C3F:LeaderElection108] INFO  impl.LeaderElection (LogUtils.java:infoOrTrace(149)) -   Exception 1: {}
java.util.concurrent.ExecutionException: org.apache.ratis.thirdparty.io.grpc.StatusRuntimeException: INTERNAL: a7793eff-ada5-4527-9e0b-a0fd078cd21b: group-8C538AEF5C3F not found.
	at java.util.concurrent.FutureTask.report(FutureTask.java:122)
	at java.util.concurrent.FutureTask.get(FutureTask.java:192)
	at org.apache.ratis.server.impl.LeaderElection.waitForResults(LeaderElection.java:263)
	at org.apache.ratis.server.impl.LeaderElection.askForVotes(LeaderElection.java:201)
	at org.apache.ratis.server.impl.LeaderElection.run(LeaderElection.java:133)
	at java.lang.Thread.run(Thread.java:748)
Caused by: org.apache.ratis.thirdparty.io.grpc.StatusRuntimeException: INTERNAL: a7793eff-ada5-4527-9e0b-a0fd078cd21b: group-8C538AEF5C3F not found.
	at org.apache.ratis.thirdparty.io.grpc.stub.ClientCalls.toStatusRuntimeException(ClientCalls.java:233)
	at org.apache.ratis.thirdparty.io.grpc.stub.ClientCalls.getUnchecked(ClientCalls.java:214)
	at org.apache.ratis.thirdparty.io.grpc.stub.ClientCalls.blockingUnaryCall(ClientCalls.java:139)
	at org.apache.ratis.proto.grpc.RaftServerProtocolServiceGrpc$RaftServerProtocolServiceBlockingStub.requestVote(RaftServerProtocolServiceGrpc.java:265)
	at org.apache.ratis.grpc.server.GrpcServerProtocolClient.requestVote(GrpcServerProtocolClient.java:90)
	at org.apache.ratis.grpc.server.GrpcService.requestVote(GrpcService.java:204)
	at org.apache.ratis.server.impl.LeaderElection.lambda$submitRequests$1(LeaderElection.java:238)
	at java.util.concurrent.FutureTask.run(FutureTask.java:266)
	at java.util.concurrent.Executors$RunnableAdapter.call(Executors.java:511)
	at java.util.concurrent.FutureTask.run(FutureTask.java:266)
	at java.util.concurrent.ThreadPoolExecutor.runWorker(ThreadPoolExecutor.java:1149)
	at java.util.concurrent.ThreadPoolExecutor$Worker.run(ThreadPoolExecutor.java:624)
	... 1 more
2019-09-25 05:20:35,921 [ece43ade-c7f6-4378-8dfa-fbe6a8ab43cf@group-74FCAC2063C8:LeaderElection105] INFO  impl.RoleInfo (RoleInfo.java:shutdownLeaderElection(134)) - ece43ade-c7f6-4378-8dfa-fbe6a8ab43cf: shutdown LeaderElection
2019-09-25 05:20:35,921 [ece43ade-c7f6-4378-8dfa-fbe6a8ab43cf@group-8C538AEF5C3F:LeaderElection108] INFO  impl.RaftServerImpl (RaftServerImpl.java:setRole(174)) - ece43ade-c7f6-4378-8dfa-fbe6a8ab43cf@group-8C538AEF5C3F: changes role from CANDIDATE to FOLLOWER at term 5 for DISCOVERED_A_NEW_TERM
2019-09-25 05:20:35,921 [ece43ade-c7f6-4378-8dfa-fbe6a8ab43cf@group-74FCAC2063C8:LeaderElection105] INFO  impl.RoleInfo (RoleInfo.java:updateAndGet(143)) - ece43ade-c7f6-4378-8dfa-fbe6a8ab43cf: start FollowerState
2019-09-25 05:20:35,921 [ece43ade-c7f6-4378-8dfa-fbe6a8ab43cf@group-8C538AEF5C3F:LeaderElection108] INFO  impl.RoleInfo (RoleInfo.java:shutdownLeaderElection(134)) - ece43ade-c7f6-4378-8dfa-fbe6a8ab43cf: shutdown LeaderElection
2019-09-25 05:20:35,922 [ece43ade-c7f6-4378-8dfa-fbe6a8ab43cf@group-8C538AEF5C3F:LeaderElection108] INFO  impl.RoleInfo (RoleInfo.java:updateAndGet(143)) - ece43ade-c7f6-4378-8dfa-fbe6a8ab43cf: start FollowerState
2019-09-25 05:20:38,500 [grpc-default-executor-0] INFO  impl.RaftServerProxy (RaftServerProxy.java:remove(95)) - ece43ade-c7f6-4378-8dfa-fbe6a8ab43cf: remove  FOLLOWER ece43ade-c7f6-4378-8dfa-fbe6a8ab43cf@group-8C538AEF5C3F:t5, leader=null, voted=ece43ade-c7f6-4378-8dfa-fbe6a8ab43cf, raftlog=ece43ade-c7f6-4378-8dfa-fbe6a8ab43cf@group-8C538AEF5C3F-SegmentedRaftLog:OPENED:c0,f0,i0, conf=0: [6e4b8f72-2d03-4335-a109-8ce1569ec549:192.168.36.126:38179, a7793eff-ada5-4527-9e0b-a0fd078cd21b:192.168.36.126:36914, ece43ade-c7f6-4378-8dfa-fbe6a8ab43cf:192.168.36.126:41805], old=null RUNNING
2019-09-25 05:20:38,501 [grpc-default-executor-0] INFO  impl.RaftServerImpl (RaftServerImpl.java:lambda$shutdown$3(251)) - ece43ade-c7f6-4378-8dfa-fbe6a8ab43cf@group-8C538AEF5C3F: shutdown
2019-09-25 05:20:38,501 [grpc-default-executor-0] INFO  util.JmxRegister (JmxRegister.java:unregister(73)) - Successfully un-registered JMX Bean with object name Ratis:service=RaftServer,group=group-8C538AEF5C3F,id=ece43ade-c7f6-4378-8dfa-fbe6a8ab43cf
2019-09-25 05:20:38,501 [grpc-default-executor-0] INFO  impl.RoleInfo (RoleInfo.java:shutdownFollowerState(121)) - ece43ade-c7f6-4378-8dfa-fbe6a8ab43cf: shutdown FollowerState
2019-09-25 05:20:38,502 [grpc-default-executor-0] INFO  impl.StateMachineUpdater (StateMachineUpdater.java:stopAndJoin(125)) - ece43ade-c7f6-4378-8dfa-fbe6a8ab43cf@group-8C538AEF5C3F-StateMachineUpdater: set stopIndex = 0
2019-09-25 05:20:38,502 [Thread-944] INFO  impl.FollowerState (FollowerState.java:run(115)) - ece43ade-c7f6-4378-8dfa-fbe6a8ab43cf: FollowerState was interrupted: java.lang.InterruptedException: sleep interrupted
2019-09-25 05:20:38,503 [grpc-default-executor-0] INFO  impl.RaftServerImpl (ServerState.java:close(385)) - ece43ade-c7f6-4378-8dfa-fbe6a8ab43cf@group-8C538AEF5C3F: closes. applyIndex: 0
2019-09-25 05:20:38,503 [ece43ade-c7f6-4378-8dfa-fbe6a8ab43cf@group-8C538AEF5C3F-SegmentedRaftLogWorker] INFO  segmented.SegmentedRaftLogWorker (SegmentedRaftLogWorker.java:run(313)) - ece43ade-c7f6-4378-8dfa-fbe6a8ab43cf@group-8C538AEF5C3F-SegmentedRaftLogWorker was interrupted, exiting. There are 0 tasks remaining in the queue.
2019-09-25 05:20:38,506 [grpc-default-executor-0] INFO  segmented.SegmentedRaftLogWorker (SegmentedRaftLogWorker.java:close(228)) - ece43ade-c7f6-4378-8dfa-fbe6a8ab43cf@group-8C538AEF5C3F-SegmentedRaftLogWorker close()
2019-09-25 05:20:38,517 [grpc-default-executor-0] INFO  impl.RaftServerProxy (RaftServerProxy.java:remove(95)) - ece43ade-c7f6-4378-8dfa-fbe6a8ab43cf: remove    LEADER ece43ade-c7f6-4378-8dfa-fbe6a8ab43cf@group-8FD984D075CB:t1, leader=ece43ade-c7f6-4378-8dfa-fbe6a8ab43cf, voted=ece43ade-c7f6-4378-8dfa-fbe6a8ab43cf, raftlog=ece43ade-c7f6-4378-8dfa-fbe6a8ab43cf@group-8FD984D075CB-SegmentedRaftLog:OPENED:c0,f0,i0, conf=0: [ece43ade-c7f6-4378-8dfa-fbe6a8ab43cf:192.168.36.126:41805], old=null RUNNING
2019-09-25 05:20:38,517 [grpc-default-executor-0] INFO  impl.RaftServerImpl (RaftServerImpl.java:lambda$shutdown$3(251)) - ece43ade-c7f6-4378-8dfa-fbe6a8ab43cf@group-8FD984D075CB: shutdown
2019-09-25 05:20:38,517 [grpc-default-executor-0] INFO  util.JmxRegister (JmxRegister.java:unregister(73)) - Successfully un-registered JMX Bean with object name Ratis:service=RaftServer,group=group-8FD984D075CB,id=ece43ade-c7f6-4378-8dfa-fbe6a8ab43cf
2019-09-25 05:20:38,518 [grpc-default-executor-0] INFO  impl.RoleInfo (RoleInfo.java:shutdownLeaderState(104)) - ece43ade-c7f6-4378-8dfa-fbe6a8ab43cf: shutdown LeaderState
2019-09-25 05:20:38,518 [grpc-default-executor-0] INFO  impl.PendingRequests (PendingRequests.java:sendNotLeaderResponses(202)) - ece43ade-c7f6-4378-8dfa-fbe6a8ab43cf-PendingRequests: sendNotLeaderResponses
2019-09-25 05:20:38,518 [grpc-default-executor-0] INFO  impl.StateMachineUpdater (StateMachineUpdater.java:stopAndJoin(125)) - ece43ade-c7f6-4378-8dfa-fbe6a8ab43cf@group-8FD984D075CB-StateMachineUpdater: set stopIndex = 0
2019-09-25 05:20:38,519 [grpc-default-executor-0] INFO  impl.RaftServerImpl (ServerState.java:close(385)) - ece43ade-c7f6-4378-8dfa-fbe6a8ab43cf@group-8FD984D075CB: closes. applyIndex: 0
2019-09-25 05:20:38,519 [ece43ade-c7f6-4378-8dfa-fbe6a8ab43cf@group-8FD984D075CB-SegmentedRaftLogWorker] INFO  segmented.SegmentedRaftLogWorker (SegmentedRaftLogWorker.java:run(313)) - ece43ade-c7f6-4378-8dfa-fbe6a8ab43cf@group-8FD984D075CB-SegmentedRaftLogWorker was interrupted, exiting. There are 0 tasks remaining in the queue.
2019-09-25 05:20:38,521 [grpc-default-executor-0] INFO  segmented.SegmentedRaftLogWorker (SegmentedRaftLogWorker.java:close(228)) - ece43ade-c7f6-4378-8dfa-fbe6a8ab43cf@group-8FD984D075CB-SegmentedRaftLogWorker close()
2019-09-25 05:20:38,531 [grpc-default-executor-0] INFO  impl.RaftServerProxy (RaftServerProxy.java:remove(95)) - ece43ade-c7f6-4378-8dfa-fbe6a8ab43cf: remove  FOLLOWER ece43ade-c7f6-4378-8dfa-fbe6a8ab43cf@group-74FCAC2063C8:t12, leader=null, voted=ece43ade-c7f6-4378-8dfa-fbe6a8ab43cf, raftlog=ece43ade-c7f6-4378-8dfa-fbe6a8ab43cf@group-74FCAC2063C8-SegmentedRaftLog:OPENED:c-1,f-1,i0, conf=-1: [6e4b8f72-2d03-4335-a109-8ce1569ec549:192.168.36.126:38179, a7793eff-ada5-4527-9e0b-a0fd078cd21b:192.168.36.126:36914, ece43ade-c7f6-4378-8dfa-fbe6a8ab43cf:192.168.36.126:41805], old=null RUNNING
2019-09-25 05:20:38,531 [grpc-default-executor-0] INFO  impl.RaftServerImpl (RaftServerImpl.java:lambda$shutdown$3(251)) - ece43ade-c7f6-4378-8dfa-fbe6a8ab43cf@group-74FCAC2063C8: shutdown
2019-09-25 05:20:38,531 [grpc-default-executor-0] INFO  util.JmxRegister (JmxRegister.java:unregister(73)) - Successfully un-registered JMX Bean with object name Ratis:service=RaftServer,group=group-74FCAC2063C8,id=ece43ade-c7f6-4378-8dfa-fbe6a8ab43cf
2019-09-25 05:20:38,532 [grpc-default-executor-0] INFO  impl.RoleInfo (RoleInfo.java:shutdownFollowerState(121)) - ece43ade-c7f6-4378-8dfa-fbe6a8ab43cf: shutdown FollowerState
2019-09-25 05:20:38,532 [grpc-default-executor-0] INFO  impl.StateMachineUpdater (StateMachineUpdater.java:stopAndJoin(125)) - ece43ade-c7f6-4378-8dfa-fbe6a8ab43cf@group-74FCAC2063C8-StateMachineUpdater: set stopIndex = -1
2019-09-25 05:20:38,532 [Thread-943] INFO  impl.FollowerState (FollowerState.java:run(115)) - ece43ade-c7f6-4378-8dfa-fbe6a8ab43cf: FollowerState was interrupted: java.lang.InterruptedException: sleep interrupted
2019-09-25 05:20:38,532 [grpc-default-executor-0] INFO  impl.RaftServerImpl (ServerState.java:close(385)) - ece43ade-c7f6-4378-8dfa-fbe6a8ab43cf@group-74FCAC2063C8: closes. applyIndex: -1
2019-09-25 05:20:38,533 [ece43ade-c7f6-4378-8dfa-fbe6a8ab43cf@group-74FCAC2063C8-SegmentedRaftLogWorker] INFO  segmented.SegmentedRaftLogWorker (SegmentedRaftLogWorker.java:run(313)) - ece43ade-c7f6-4378-8dfa-fbe6a8ab43cf@group-74FCAC2063C8-SegmentedRaftLogWorker was interrupted, exiting. There are 0 tasks remaining in the queue.
2019-09-25 05:20:38,533 [grpc-default-executor-0] INFO  segmented.SegmentedRaftLogWorker (SegmentedRaftLogWorker.java:close(228)) - ece43ade-c7f6-4378-8dfa-fbe6a8ab43cf@group-74FCAC2063C8-SegmentedRaftLogWorker close()
2019-09-25 05:20:40,935 [Thread-940] INFO  impl.FollowerState (FollowerState.java:run(106)) - 8d1936ad-7e22-483e-8301-a12de2cdc2b5:group-E9952EC7D1B9 changes to CANDIDATE, lastRpcTime:5031, electionTimeout:5030ms
2019-09-25 05:20:40,936 [Thread-940] INFO  impl.RoleInfo (RoleInfo.java:shutdownFollowerState(121)) - 8d1936ad-7e22-483e-8301-a12de2cdc2b5: shutdown FollowerState
2019-09-25 05:20:40,936 [Thread-940] INFO  impl.RaftServerImpl (RaftServerImpl.java:setRole(174)) - 8d1936ad-7e22-483e-8301-a12de2cdc2b5@group-E9952EC7D1B9: changes role from  FOLLOWER to CANDIDATE at term 12 for changeToCandidate
2019-09-25 05:20:40,936 [Thread-940] INFO  impl.RoleInfo (RoleInfo.java:updateAndGet(143)) - 8d1936ad-7e22-483e-8301-a12de2cdc2b5: start LeaderElection
2019-09-25 05:20:40,987 [Thread-937] INFO  impl.FollowerState (FollowerState.java:run(106)) - a824d2a0-4471-4a6f-a232-f84ec650292b:group-E9952EC7D1B9 changes to CANDIDATE, lastRpcTime:5098, electionTimeout:5096ms
2019-09-25 05:20:40,988 [Thread-937] INFO  impl.RoleInfo (RoleInfo.java:shutdownFollowerState(121)) - a824d2a0-4471-4a6f-a232-f84ec650292b: shutdown FollowerState
2019-09-25 05:20:40,988 [Thread-937] INFO  impl.RaftServerImpl (RaftServerImpl.java:setRole(174)) - a824d2a0-4471-4a6f-a232-f84ec650292b@group-E9952EC7D1B9: changes role from  FOLLOWER to CANDIDATE at term 12 for changeToCandidate
2019-09-25 05:20:40,988 [Thread-937] INFO  impl.RoleInfo (RoleInfo.java:updateAndGet(143)) - a824d2a0-4471-4a6f-a232-f84ec650292b: start LeaderElection
2019-09-25 05:20:41,037 [Thread-941] INFO  impl.FollowerState (FollowerState.java:run(106)) - dc7ea896-6e80-4fed-8727-08f73144b1fc:group-E9952EC7D1B9 changes to CANDIDATE, lastRpcTime:5132, electionTimeout:5132ms
2019-09-25 05:20:41,037 [Thread-941] INFO  impl.RoleInfo (RoleInfo.java:shutdownFollowerState(121)) - dc7ea896-6e80-4fed-8727-08f73144b1fc: shutdown FollowerState
2019-09-25 05:20:41,038 [Thread-941] INFO  impl.RaftServerImpl (RaftServerImpl.java:setRole(174)) - dc7ea896-6e80-4fed-8727-08f73144b1fc@group-E9952EC7D1B9: changes role from  FOLLOWER to CANDIDATE at term 12 for changeToCandidate
2019-09-25 05:20:41,038 [Thread-941] INFO  impl.RoleInfo (RoleInfo.java:updateAndGet(143)) - dc7ea896-6e80-4fed-8727-08f73144b1fc: start LeaderElection
2019-09-25 05:20:41,047 [Thread-942] INFO  impl.FollowerState (FollowerState.java:run(106)) - ece43ade-c7f6-4378-8dfa-fbe6a8ab43cf:group-0A753E062AF5 changes to CANDIDATE, lastRpcTime:5142, electionTimeout:5139ms
2019-09-25 05:20:41,048 [Thread-942] INFO  impl.RoleInfo (RoleInfo.java:shutdownFollowerState(121)) - ece43ade-c7f6-4378-8dfa-fbe6a8ab43cf: shutdown FollowerState
2019-09-25 05:20:41,048 [Thread-942] INFO  impl.RaftServerImpl (RaftServerImpl.java:setRole(174)) - ece43ade-c7f6-4378-8dfa-fbe6a8ab43cf@group-0A753E062AF5: changes role from  FOLLOWER to CANDIDATE at term 12 for changeToCandidate
2019-09-25 05:20:41,048 [Thread-942] INFO  impl.RoleInfo (RoleInfo.java:updateAndGet(143)) - ece43ade-c7f6-4378-8dfa-fbe6a8ab43cf: start LeaderElection
2019-09-25 05:20:41,059 [Thread-938] INFO  impl.FollowerState (FollowerState.java:run(106)) - a7793eff-ada5-4527-9e0b-a0fd078cd21b:group-0A753E062AF5 changes to CANDIDATE, lastRpcTime:5167, electionTimeout:5167ms
2019-09-25 05:20:41,060 [Thread-938] INFO  impl.RoleInfo (RoleInfo.java:shutdownFollowerState(121)) - a7793eff-ada5-4527-9e0b-a0fd078cd21b: shutdown FollowerState
2019-09-25 05:20:41,060 [Thread-938] INFO  impl.RaftServerImpl (RaftServerImpl.java:setRole(174)) - a7793eff-ada5-4527-9e0b-a0fd078cd21b@group-0A753E062AF5: changes role from  FOLLOWER to CANDIDATE at term 12 for changeToCandidate
2019-09-25 05:20:41,060 [Thread-938] INFO  impl.RoleInfo (RoleInfo.java:updateAndGet(143)) - a7793eff-ada5-4527-9e0b-a0fd078cd21b: start LeaderElection
2019-09-25 05:20:41,069 [Thread-939] INFO  impl.FollowerState (FollowerState.java:run(106)) - 6e4b8f72-2d03-4335-a109-8ce1569ec549:group-0A753E062AF5 changes to CANDIDATE, lastRpcTime:5174, electionTimeout:5173ms
2019-09-25 05:20:41,069 [Thread-939] INFO  impl.RoleInfo (RoleInfo.java:shutdownFollowerState(121)) - 6e4b8f72-2d03-4335-a109-8ce1569ec549: shutdown FollowerState
2019-09-25 05:20:41,069 [Thread-939] INFO  impl.RaftServerImpl (RaftServerImpl.java:setRole(174)) - 6e4b8f72-2d03-4335-a109-8ce1569ec549@group-0A753E062AF5: changes role from  FOLLOWER to CANDIDATE at term 12 for changeToCandidate
2019-09-25 05:20:41,069 [Thread-939] INFO  impl.RoleInfo (RoleInfo.java:updateAndGet(143)) - 6e4b8f72-2d03-4335-a109-8ce1569ec549: start LeaderElection
2019-09-25 05:20:41,390 [dc7ea896-6e80-4fed-8727-08f73144b1fc@group-E9952EC7D1B9:LeaderElection114] INFO  impl.LeaderElection (LeaderElection.java:askForVotes(182)) - dc7ea896-6e80-4fed-8727-08f73144b1fc@group-E9952EC7D1B9:LeaderElection114: begin an election at term 13 for -1: [8d1936ad-7e22-483e-8301-a12de2cdc2b5:192.168.36.126:34366, dc7ea896-6e80-4fed-8727-08f73144b1fc:192.168.36.126:42983, a824d2a0-4471-4a6f-a232-f84ec650292b:192.168.36.126:37611], old=null
2019-09-25 05:20:41,390 [6e4b8f72-2d03-4335-a109-8ce1569ec549@group-0A753E062AF5:LeaderElection117] INFO  impl.LeaderElection (LeaderElection.java:askForVotes(182)) - 6e4b8f72-2d03-4335-a109-8ce1569ec549@group-0A753E062AF5:LeaderElection117: begin an election at term 13 for -1: [6e4b8f72-2d03-4335-a109-8ce1569ec549:192.168.36.126:38179, a7793eff-ada5-4527-9e0b-a0fd078cd21b:192.168.36.126:36914, ece43ade-c7f6-4378-8dfa-fbe6a8ab43cf:192.168.36.126:41805], old=null
2019-09-25 05:20:41,390 [a824d2a0-4471-4a6f-a232-f84ec650292b@group-E9952EC7D1B9:LeaderElection113] INFO  impl.LeaderElection (LeaderElection.java:askForVotes(182)) - a824d2a0-4471-4a6f-a232-f84ec650292b@group-E9952EC7D1B9:LeaderElection113: begin an election at term 13 for -1: [8d1936ad-7e22-483e-8301-a12de2cdc2b5:192.168.36.126:34366, dc7ea896-6e80-4fed-8727-08f73144b1fc:192.168.36.126:42983, a824d2a0-4471-4a6f-a232-f84ec650292b:192.168.36.126:37611], old=null
2019-09-25 05:20:41,390 [8d1936ad-7e22-483e-8301-a12de2cdc2b5@group-E9952EC7D1B9:LeaderElection112] INFO  impl.LeaderElection (LeaderElection.java:askForVotes(182)) - 8d1936ad-7e22-483e-8301-a12de2cdc2b5@group-E9952EC7D1B9:LeaderElection112: begin an election at term 13 for -1: [8d1936ad-7e22-483e-8301-a12de2cdc2b5:192.168.36.126:34366, dc7ea896-6e80-4fed-8727-08f73144b1fc:192.168.36.126:42983, a824d2a0-4471-4a6f-a232-f84ec650292b:192.168.36.126:37611], old=null
2019-09-25 05:20:41,390 [ece43ade-c7f6-4378-8dfa-fbe6a8ab43cf@group-0A753E062AF5:LeaderElection115] INFO  impl.LeaderElection (LeaderElection.java:askForVotes(182)) - ece43ade-c7f6-4378-8dfa-fbe6a8ab43cf@group-0A753E062AF5:LeaderElection115: begin an election at term 13 for -1: [6e4b8f72-2d03-4335-a109-8ce1569ec549:192.168.36.126:38179, a7793eff-ada5-4527-9e0b-a0fd078cd21b:192.168.36.126:36914, ece43ade-c7f6-4378-8dfa-fbe6a8ab43cf:192.168.36.126:41805], old=null
2019-09-25 05:20:41,390 [a7793eff-ada5-4527-9e0b-a0fd078cd21b@group-0A753E062AF5:LeaderElection116] INFO  impl.LeaderElection (LeaderElection.java:askForVotes(182)) - a7793eff-ada5-4527-9e0b-a0fd078cd21b@group-0A753E062AF5:LeaderElection116: begin an election at term 13 for -1: [6e4b8f72-2d03-4335-a109-8ce1569ec549:192.168.36.126:38179, a7793eff-ada5-4527-9e0b-a0fd078cd21b:192.168.36.126:36914, ece43ade-c7f6-4378-8dfa-fbe6a8ab43cf:192.168.36.126:41805], old=null
2019-09-25 05:20:41,395 [dc7ea896-6e80-4fed-8727-08f73144b1fc@group-E9952EC7D1B9:LeaderElection114] INFO  impl.LeaderElection (LeaderElection.java:logAndReturn(56)) - dc7ea896-6e80-4fed-8727-08f73144b1fc@group-E9952EC7D1B9:LeaderElection114: Election REJECTED; received 2 response(s) [dc7ea896-6e80-4fed-8727-08f73144b1fc<-8d1936ad-7e22-483e-8301-a12de2cdc2b5#0:FAIL-t13, dc7ea896-6e80-4fed-8727-08f73144b1fc<-a824d2a0-4471-4a6f-a232-f84ec650292b#0:FAIL-t13] and 0 exception(s); dc7ea896-6e80-4fed-8727-08f73144b1fc@group-E9952EC7D1B9:t13, leader=null, voted=dc7ea896-6e80-4fed-8727-08f73144b1fc, raftlog=dc7ea896-6e80-4fed-8727-08f73144b1fc@group-E9952EC7D1B9-SegmentedRaftLog:OPENED:c-1,f-1,i0, conf=-1: [8d1936ad-7e22-483e-8301-a12de2cdc2b5:192.168.36.126:34366, dc7ea896-6e80-4fed-8727-08f73144b1fc:192.168.36.126:42983, a824d2a0-4471-4a6f-a232-f84ec650292b:192.168.36.126:37611], old=null
2019-09-25 05:20:41,395 [dc7ea896-6e80-4fed-8727-08f73144b1fc@group-E9952EC7D1B9:LeaderElection114] INFO  impl.RaftServerImpl (RaftServerImpl.java:setRole(174)) - dc7ea896-6e80-4fed-8727-08f73144b1fc@group-E9952EC7D1B9: changes role from CANDIDATE to FOLLOWER at term 13 for DISCOVERED_A_NEW_TERM
2019-09-25 05:20:41,395 [dc7ea896-6e80-4fed-8727-08f73144b1fc@group-E9952EC7D1B9:LeaderElection114] INFO  impl.RoleInfo (RoleInfo.java:shutdownLeaderElection(134)) - dc7ea896-6e80-4fed-8727-08f73144b1fc: shutdown LeaderElection
2019-09-25 05:20:41,395 [dc7ea896-6e80-4fed-8727-08f73144b1fc@group-E9952EC7D1B9:LeaderElection114] INFO  impl.RoleInfo (RoleInfo.java:updateAndGet(143)) - dc7ea896-6e80-4fed-8727-08f73144b1fc: start FollowerState
2019-09-25 05:20:41,397 [8d1936ad-7e22-483e-8301-a12de2cdc2b5@group-E9952EC7D1B9:LeaderElection112] INFO  impl.LeaderElection (LeaderElection.java:logAndReturn(56)) - 8d1936ad-7e22-483e-8301-a12de2cdc2b5@group-E9952EC7D1B9:LeaderElection112: Election REJECTED; received 2 response(s) [8d1936ad-7e22-483e-8301-a12de2cdc2b5<-dc7ea896-6e80-4fed-8727-08f73144b1fc#0:FAIL-t13, 8d1936ad-7e22-483e-8301-a12de2cdc2b5<-a824d2a0-4471-4a6f-a232-f84ec650292b#0:FAIL-t13] and 0 exception(s); 8d1936ad-7e22-483e-8301-a12de2cdc2b5@group-E9952EC7D1B9:t13, leader=null, voted=8d1936ad-7e22-483e-8301-a12de2cdc2b5, raftlog=8d1936ad-7e22-483e-8301-a12de2cdc2b5@group-E9952EC7D1B9-SegmentedRaftLog:OPENED:c-1,f-1,i0, conf=-1: [8d1936ad-7e22-483e-8301-a12de2cdc2b5:192.168.36.126:34366, dc7ea896-6e80-4fed-8727-08f73144b1fc:192.168.36.126:42983, a824d2a0-4471-4a6f-a232-f84ec650292b:192.168.36.126:37611], old=null
2019-09-25 05:20:41,398 [a7793eff-ada5-4527-9e0b-a0fd078cd21b@group-0A753E062AF5:LeaderElection116] INFO  impl.LeaderElection (LeaderElection.java:logAndReturn(56)) - a7793eff-ada5-4527-9e0b-a0fd078cd21b@group-0A753E062AF5:LeaderElection116: Election REJECTED; received 2 response(s) [a7793eff-ada5-4527-9e0b-a0fd078cd21b<-6e4b8f72-2d03-4335-a109-8ce1569ec549#0:FAIL-t13, a7793eff-ada5-4527-9e0b-a0fd078cd21b<-ece43ade-c7f6-4378-8dfa-fbe6a8ab43cf#0:FAIL-t13] and 0 exception(s); a7793eff-ada5-4527-9e0b-a0fd078cd21b@group-0A753E062AF5:t13, leader=null, voted=a7793eff-ada5-4527-9e0b-a0fd078cd21b, raftlog=a7793eff-ada5-4527-9e0b-a0fd078cd21b@group-0A753E062AF5-SegmentedRaftLog:OPENED:c-1,f-1,i0, conf=-1: [6e4b8f72-2d03-4335-a109-8ce1569ec549:192.168.36.126:38179, a7793eff-ada5-4527-9e0b-a0fd078cd21b:192.168.36.126:36914, ece43ade-c7f6-4378-8dfa-fbe6a8ab43cf:192.168.36.126:41805], old=null
2019-09-25 05:20:41,398 [8d1936ad-7e22-483e-8301-a12de2cdc2b5@group-E9952EC7D1B9:LeaderElection112] INFO  impl.RaftServerImpl (RaftServerImpl.java:setRole(174)) - 8d1936ad-7e22-483e-8301-a12de2cdc2b5@group-E9952EC7D1B9: changes role from CANDIDATE to FOLLOWER at term 13 for DISCOVERED_A_NEW_TERM
2019-09-25 05:20:41,398 [a7793eff-ada5-4527-9e0b-a0fd078cd21b@group-0A753E062AF5:LeaderElection116] INFO  impl.RaftServerImpl (RaftServerImpl.java:setRole(174)) - a7793eff-ada5-4527-9e0b-a0fd078cd21b@group-0A753E062AF5: changes role from CANDIDATE to FOLLOWER at term 13 for DISCOVERED_A_NEW_TERM
2019-09-25 05:20:41,398 [8d1936ad-7e22-483e-8301-a12de2cdc2b5@group-E9952EC7D1B9:LeaderElection112] INFO  impl.RoleInfo (RoleInfo.java:shutdownLeaderElection(134)) - 8d1936ad-7e22-483e-8301-a12de2cdc2b5: shutdown LeaderElection
2019-09-25 05:20:41,398 [a7793eff-ada5-4527-9e0b-a0fd078cd21b@group-0A753E062AF5:LeaderElection116] INFO  impl.RoleInfo (RoleInfo.java:shutdownLeaderElection(134)) - a7793eff-ada5-4527-9e0b-a0fd078cd21b: shutdown LeaderElection
2019-09-25 05:20:41,398 [8d1936ad-7e22-483e-8301-a12de2cdc2b5@group-E9952EC7D1B9:LeaderElection112] INFO  impl.RoleInfo (RoleInfo.java:updateAndGet(143)) - 8d1936ad-7e22-483e-8301-a12de2cdc2b5: start FollowerState
2019-09-25 05:20:41,399 [6e4b8f72-2d03-4335-a109-8ce1569ec549@group-0A753E062AF5:LeaderElection117] INFO  impl.LeaderElection (LeaderElection.java:logAndReturn(56)) - 6e4b8f72-2d03-4335-a109-8ce1569ec549@group-0A753E062AF5:LeaderElection117: Election REJECTED; received 2 response(s) [6e4b8f72-2d03-4335-a109-8ce1569ec549<-a7793eff-ada5-4527-9e0b-a0fd078cd21b#0:FAIL-t13, 6e4b8f72-2d03-4335-a109-8ce1569ec549<-ece43ade-c7f6-4378-8dfa-fbe6a8ab43cf#0:FAIL-t13] and 0 exception(s); 6e4b8f72-2d03-4335-a109-8ce1569ec549@group-0A753E062AF5:t13, leader=null, voted=6e4b8f72-2d03-4335-a109-8ce1569ec549, raftlog=6e4b8f72-2d03-4335-a109-8ce1569ec549@group-0A753E062AF5-SegmentedRaftLog:OPENED:c-1,f-1,i0, conf=-1: [6e4b8f72-2d03-4335-a109-8ce1569ec549:192.168.36.126:38179, a7793eff-ada5-4527-9e0b-a0fd078cd21b:192.168.36.126:36914, ece43ade-c7f6-4378-8dfa-fbe6a8ab43cf:192.168.36.126:41805], old=null
2019-09-25 05:20:41,398 [ece43ade-c7f6-4378-8dfa-fbe6a8ab43cf@group-0A753E062AF5:LeaderElection115] INFO  impl.LeaderElection (LeaderElection.java:logAndReturn(56)) - ece43ade-c7f6-4378-8dfa-fbe6a8ab43cf@group-0A753E062AF5:LeaderElection115: Election REJECTED; received 2 response(s) [ece43ade-c7f6-4378-8dfa-fbe6a8ab43cf<-6e4b8f72-2d03-4335-a109-8ce1569ec549#0:FAIL-t13, ece43ade-c7f6-4378-8dfa-fbe6a8ab43cf<-a7793eff-ada5-4527-9e0b-a0fd078cd21b#0:FAIL-t13] and 0 exception(s); ece43ade-c7f6-4378-8dfa-fbe6a8ab43cf@group-0A753E062AF5:t13, leader=null, voted=ece43ade-c7f6-4378-8dfa-fbe6a8ab43cf, raftlog=ece43ade-c7f6-4378-8dfa-fbe6a8ab43cf@group-0A753E062AF5-SegmentedRaftLog:OPENED:c-1,f-1,i0, conf=-1: [6e4b8f72-2d03-4335-a109-8ce1569ec549:192.168.36.126:38179, a7793eff-ada5-4527-9e0b-a0fd078cd21b:192.168.36.126:36914, ece43ade-c7f6-4378-8dfa-fbe6a8ab43cf:192.168.36.126:41805], old=null
2019-09-25 05:20:41,399 [6e4b8f72-2d03-4335-a109-8ce1569ec549@group-0A753E062AF5:LeaderElection117] INFO  impl.RaftServerImpl (RaftServerImpl.java:setRole(174)) - 6e4b8f72-2d03-4335-a109-8ce1569ec549@group-0A753E062AF5: changes role from CANDIDATE to FOLLOWER at term 13 for DISCOVERED_A_NEW_TERM
2019-09-25 05:20:41,398 [a824d2a0-4471-4a6f-a232-f84ec650292b@group-E9952EC7D1B9:LeaderElection113] INFO  impl.LeaderElection (LeaderElection.java:logAndReturn(56)) - a824d2a0-4471-4a6f-a232-f84ec650292b@group-E9952EC7D1B9:LeaderElection113: Election REJECTED; received 2 response(s) [a824d2a0-4471-4a6f-a232-f84ec650292b<-8d1936ad-7e22-483e-8301-a12de2cdc2b5#0:FAIL-t13, a824d2a0-4471-4a6f-a232-f84ec650292b<-dc7ea896-6e80-4fed-8727-08f73144b1fc#0:FAIL-t13] and 0 exception(s); a824d2a0-4471-4a6f-a232-f84ec650292b@group-E9952EC7D1B9:t13, leader=null, voted=a824d2a0-4471-4a6f-a232-f84ec650292b, raftlog=a824d2a0-4471-4a6f-a232-f84ec650292b@group-E9952EC7D1B9-SegmentedRaftLog:OPENED:c-1,f-1,i0, conf=-1: [8d1936ad-7e22-483e-8301-a12de2cdc2b5:192.168.36.126:34366, dc7ea896-6e80-4fed-8727-08f73144b1fc:192.168.36.126:42983, a824d2a0-4471-4a6f-a232-f84ec650292b:192.168.36.126:37611], old=null
2019-09-25 05:20:41,398 [a7793eff-ada5-4527-9e0b-a0fd078cd21b@group-0A753E062AF5:LeaderElection116] INFO  impl.RoleInfo (RoleInfo.java:updateAndGet(143)) - a7793eff-ada5-4527-9e0b-a0fd078cd21b: start FollowerState
2019-09-25 05:20:41,400 [a824d2a0-4471-4a6f-a232-f84ec650292b@group-E9952EC7D1B9:LeaderElection113] INFO  impl.RaftServerImpl (RaftServerImpl.java:setRole(174)) - a824d2a0-4471-4a6f-a232-f84ec650292b@group-E9952EC7D1B9: changes role from CANDIDATE to FOLLOWER at term 13 for DISCOVERED_A_NEW_TERM
2019-09-25 05:20:41,399 [6e4b8f72-2d03-4335-a109-8ce1569ec549@group-0A753E062AF5:LeaderElection117] INFO  impl.RoleInfo (RoleInfo.java:shutdownLeaderElection(134)) - 6e4b8f72-2d03-4335-a109-8ce1569ec549: shutdown LeaderElection
2019-09-25 05:20:41,399 [ece43ade-c7f6-4378-8dfa-fbe6a8ab43cf@group-0A753E062AF5:LeaderElection115] INFO  impl.RaftServerImpl (RaftServerImpl.java:setRole(174)) - ece43ade-c7f6-4378-8dfa-fbe6a8ab43cf@group-0A753E062AF5: changes role from CANDIDATE to FOLLOWER at term 13 for DISCOVERED_A_NEW_TERM
2019-09-25 05:20:41,400 [6e4b8f72-2d03-4335-a109-8ce1569ec549@group-0A753E062AF5:LeaderElection117] INFO  impl.RoleInfo (RoleInfo.java:updateAndGet(143)) - 6e4b8f72-2d03-4335-a109-8ce1569ec549: start FollowerState
2019-09-25 05:20:41,400 [a824d2a0-4471-4a6f-a232-f84ec650292b@group-E9952EC7D1B9:LeaderElection113] INFO  impl.RoleInfo (RoleInfo.java:shutdownLeaderElection(134)) - a824d2a0-4471-4a6f-a232-f84ec650292b: shutdown LeaderElection
2019-09-25 05:20:41,400 [ece43ade-c7f6-4378-8dfa-fbe6a8ab43cf@group-0A753E062AF5:LeaderElection115] INFO  impl.RoleInfo (RoleInfo.java:shutdownLeaderElection(134)) - ece43ade-c7f6-4378-8dfa-fbe6a8ab43cf: shutdown LeaderElection
2019-09-25 05:20:41,401 [a824d2a0-4471-4a6f-a232-f84ec650292b@group-E9952EC7D1B9:LeaderElection113] INFO  impl.RoleInfo (RoleInfo.java:updateAndGet(143)) - a824d2a0-4471-4a6f-a232-f84ec650292b: start FollowerState
2019-09-25 05:20:41,401 [ece43ade-c7f6-4378-8dfa-fbe6a8ab43cf@group-0A753E062AF5:LeaderElection115] INFO  impl.RoleInfo (RoleInfo.java:updateAndGet(143)) - ece43ade-c7f6-4378-8dfa-fbe6a8ab43cf: start FollowerState
2019-09-25 05:20:46,406 [Thread-978] INFO  impl.FollowerState (FollowerState.java:run(106)) - a7793eff-ada5-4527-9e0b-a0fd078cd21b:group-0A753E062AF5 changes to CANDIDATE, lastRpcTime:5007, electionTimeout:5006ms
2019-09-25 05:20:46,408 [Thread-978] INFO  impl.RoleInfo (RoleInfo.java:shutdownFollowerState(121)) - a7793eff-ada5-4527-9e0b-a0fd078cd21b: shutdown FollowerState
2019-09-25 05:20:46,408 [Thread-978] INFO  impl.RaftServerImpl (RaftServerImpl.java:setRole(174)) - a7793eff-ada5-4527-9e0b-a0fd078cd21b@group-0A753E062AF5: changes role from  FOLLOWER to CANDIDATE at term 13 for changeToCandidate
2019-09-25 05:20:46,408 [Thread-978] INFO  impl.RoleInfo (RoleInfo.java:updateAndGet(143)) - a7793eff-ada5-4527-9e0b-a0fd078cd21b: start LeaderElection
2019-09-25 05:20:46,422 [Thread-980] INFO  impl.FollowerState (FollowerState.java:run(106)) - a824d2a0-4471-4a6f-a232-f84ec650292b:group-E9952EC7D1B9 changes to CANDIDATE, lastRpcTime:5021, electionTimeout:5021ms
2019-09-25 05:20:46,422 [Thread-980] INFO  impl.RoleInfo (RoleInfo.java:shutdownFollowerState(121)) - a824d2a0-4471-4a6f-a232-f84ec650292b: shutdown FollowerState
2019-09-25 05:20:46,423 [Thread-980] INFO  impl.RaftServerImpl (RaftServerImpl.java:setRole(174)) - a824d2a0-4471-4a6f-a232-f84ec650292b@group-E9952EC7D1B9: changes role from  FOLLOWER to CANDIDATE at term 13 for changeToCandidate
2019-09-25 05:20:46,423 [Thread-980] INFO  impl.RoleInfo (RoleInfo.java:updateAndGet(143)) - a824d2a0-4471-4a6f-a232-f84ec650292b: start LeaderElection
2019-09-25 05:20:46,454 [Thread-981] INFO  impl.FollowerState (FollowerState.java:run(106)) - ece43ade-c7f6-4378-8dfa-fbe6a8ab43cf:group-0A753E062AF5 changes to CANDIDATE, lastRpcTime:5052, electionTimeout:5052ms
2019-09-25 05:20:46,454 [Thread-981] INFO  impl.RoleInfo (RoleInfo.java:shutdownFollowerState(121)) - ece43ade-c7f6-4378-8dfa-fbe6a8ab43cf: shutdown FollowerState
2019-09-25 05:20:46,454 [Thread-981] INFO  impl.RaftServerImpl (RaftServerImpl.java:setRole(174)) - ece43ade-c7f6-4378-8dfa-fbe6a8ab43cf@group-0A753E062AF5: changes role from  FOLLOWER to CANDIDATE at term 13 for changeToCandidate
2019-09-25 05:20:46,455 [Thread-981] INFO  impl.RoleInfo (RoleInfo.java:updateAndGet(143)) - ece43ade-c7f6-4378-8dfa-fbe6a8ab43cf: start LeaderElection
2019-09-25 05:20:46,531 [Thread-977] INFO  impl.FollowerState (FollowerState.java:run(106)) - 8d1936ad-7e22-483e-8301-a12de2cdc2b5:group-E9952EC7D1B9 changes to CANDIDATE, lastRpcTime:5132, electionTimeout:5132ms
2019-09-25 05:20:46,532 [Thread-977] INFO  impl.RoleInfo (RoleInfo.java:shutdownFollowerState(121)) - 8d1936ad-7e22-483e-8301-a12de2cdc2b5: shutdown FollowerState
2019-09-25 05:20:46,532 [Thread-977] INFO  impl.RaftServerImpl (RaftServerImpl.java:setRole(174)) - 8d1936ad-7e22-483e-8301-a12de2cdc2b5@group-E9952EC7D1B9: changes role from  FOLLOWER to CANDIDATE at term 13 for changeToCandidate
2019-09-25 05:20:46,532 [Thread-977] INFO  impl.RoleInfo (RoleInfo.java:updateAndGet(143)) - 8d1936ad-7e22-483e-8301-a12de2cdc2b5: start LeaderElection
2019-09-25 05:20:46,539 [Thread-979] INFO  impl.FollowerState (FollowerState.java:run(106)) - 6e4b8f72-2d03-4335-a109-8ce1569ec549:group-0A753E062AF5 changes to CANDIDATE, lastRpcTime:5138, electionTimeout:5138ms
2019-09-25 05:20:46,539 [Thread-979] INFO  impl.RoleInfo (RoleInfo.java:shutdownFollowerState(121)) - 6e4b8f72-2d03-4335-a109-8ce1569ec549: shutdown FollowerState
2019-09-25 05:20:46,539 [Thread-979] INFO  impl.RaftServerImpl (RaftServerImpl.java:setRole(174)) - 6e4b8f72-2d03-4335-a109-8ce1569ec549@group-0A753E062AF5: changes role from  FOLLOWER to CANDIDATE at term 13 for changeToCandidate
2019-09-25 05:20:46,539 [Thread-979] INFO  impl.RoleInfo (RoleInfo.java:updateAndGet(143)) - 6e4b8f72-2d03-4335-a109-8ce1569ec549: start LeaderElection
2019-09-25 05:20:46,559 [Thread-976] INFO  impl.FollowerState (FollowerState.java:run(106)) - dc7ea896-6e80-4fed-8727-08f73144b1fc:group-E9952EC7D1B9 changes to CANDIDATE, lastRpcTime:5163, electionTimeout:5163ms
2019-09-25 05:20:46,560 [Thread-976] INFO  impl.RoleInfo (RoleInfo.java:shutdownFollowerState(121)) - dc7ea896-6e80-4fed-8727-08f73144b1fc: shutdown FollowerState
2019-09-25 05:20:46,560 [Thread-976] INFO  impl.RaftServerImpl (RaftServerImpl.java:setRole(174)) - dc7ea896-6e80-4fed-8727-08f73144b1fc@group-E9952EC7D1B9: changes role from  FOLLOWER to CANDIDATE at term 13 for changeToCandidate
2019-09-25 05:20:46,560 [Thread-976] INFO  impl.RoleInfo (RoleInfo.java:updateAndGet(143)) - dc7ea896-6e80-4fed-8727-08f73144b1fc: start LeaderElection
2019-09-25 05:20:46,945 [6e4b8f72-2d03-4335-a109-8ce1569ec549@group-0A753E062AF5:LeaderElection122] INFO  impl.LeaderElection (LeaderElection.java:askForVotes(182)) - 6e4b8f72-2d03-4335-a109-8ce1569ec549@group-0A753E062AF5:LeaderElection122: begin an election at term 14 for -1: [6e4b8f72-2d03-4335-a109-8ce1569ec549:192.168.36.126:38179, a7793eff-ada5-4527-9e0b-a0fd078cd21b:192.168.36.126:36914, ece43ade-c7f6-4378-8dfa-fbe6a8ab43cf:192.168.36.126:41805], old=null
2019-09-25 05:20:46,945 [a7793eff-ada5-4527-9e0b-a0fd078cd21b@group-0A753E062AF5:LeaderElection118] INFO  impl.LeaderElection (LeaderElection.java:askForVotes(182)) - a7793eff-ada5-4527-9e0b-a0fd078cd21b@group-0A753E062AF5:LeaderElection118: begin an election at term 14 for -1: [6e4b8f72-2d03-4335-a109-8ce1569ec549:192.168.36.126:38179, a7793eff-ada5-4527-9e0b-a0fd078cd21b:192.168.36.126:36914, ece43ade-c7f6-4378-8dfa-fbe6a8ab43cf:192.168.36.126:41805], old=null
2019-09-25 05:20:46,945 [ece43ade-c7f6-4378-8dfa-fbe6a8ab43cf@group-0A753E062AF5:LeaderElection120] INFO  impl.LeaderElection (LeaderElection.java:askForVotes(182)) - ece43ade-c7f6-4378-8dfa-fbe6a8ab43cf@group-0A753E062AF5:LeaderElection120: begin an election at term 14 for -1: [6e4b8f72-2d03-4335-a109-8ce1569ec549:192.168.36.126:38179, a7793eff-ada5-4527-9e0b-a0fd078cd21b:192.168.36.126:36914, ece43ade-c7f6-4378-8dfa-fbe6a8ab43cf:192.168.36.126:41805], old=null
2019-09-25 05:20:46,945 [8d1936ad-7e22-483e-8301-a12de2cdc2b5@group-E9952EC7D1B9:LeaderElection121] INFO  impl.LeaderElection (LeaderElection.java:askForVotes(182)) - 8d1936ad-7e22-483e-8301-a12de2cdc2b5@group-E9952EC7D1B9:LeaderElection121: begin an election at term 14 for -1: [8d1936ad-7e22-483e-8301-a12de2cdc2b5:192.168.36.126:34366, dc7ea896-6e80-4fed-8727-08f73144b1fc:192.168.36.126:42983, a824d2a0-4471-4a6f-a232-f84ec650292b:192.168.36.126:37611], old=null
2019-09-25 05:20:46,945 [a824d2a0-4471-4a6f-a232-f84ec650292b@group-E9952EC7D1B9:LeaderElection119] INFO  impl.LeaderElection (LeaderElection.java:askForVotes(182)) - a824d2a0-4471-4a6f-a232-f84ec650292b@group-E9952EC7D1B9:LeaderElection119: begin an election at term 14 for -1: [8d1936ad-7e22-483e-8301-a12de2cdc2b5:192.168.36.126:34366, dc7ea896-6e80-4fed-8727-08f73144b1fc:192.168.36.126:42983, a824d2a0-4471-4a6f-a232-f84ec650292b:192.168.36.126:37611], old=null
2019-09-25 05:20:46,945 [dc7ea896-6e80-4fed-8727-08f73144b1fc@group-E9952EC7D1B9:LeaderElection123] INFO  impl.LeaderElection (LeaderElection.java:askForVotes(182)) - dc7ea896-6e80-4fed-8727-08f73144b1fc@group-E9952EC7D1B9:LeaderElection123: begin an election at term 14 for -1: [8d1936ad-7e22-483e-8301-a12de2cdc2b5:192.168.36.126:34366, dc7ea896-6e80-4fed-8727-08f73144b1fc:192.168.36.126:42983, a824d2a0-4471-4a6f-a232-f84ec650292b:192.168.36.126:37611], old=null
2019-09-25 05:20:46,952 [dc7ea896-6e80-4fed-8727-08f73144b1fc@group-E9952EC7D1B9:LeaderElection123] INFO  impl.LeaderElection (LeaderElection.java:logAndReturn(56)) - dc7ea896-6e80-4fed-8727-08f73144b1fc@group-E9952EC7D1B9:LeaderElection123: Election REJECTED; received 2 response(s) [dc7ea896-6e80-4fed-8727-08f73144b1fc<-8d1936ad-7e22-483e-8301-a12de2cdc2b5#0:FAIL-t14, dc7ea896-6e80-4fed-8727-08f73144b1fc<-a824d2a0-4471-4a6f-a232-f84ec650292b#0:FAIL-t14] and 0 exception(s); dc7ea896-6e80-4fed-8727-08f73144b1fc@group-E9952EC7D1B9:t14, leader=null, voted=dc7ea896-6e80-4fed-8727-08f73144b1fc, raftlog=dc7ea896-6e80-4fed-8727-08f73144b1fc@group-E9952EC7D1B9-SegmentedRaftLog:OPENED:c-1,f-1,i0, conf=-1: [8d1936ad-7e22-483e-8301-a12de2cdc2b5:192.168.36.126:34366, dc7ea896-6e80-4fed-8727-08f73144b1fc:192.168.36.126:42983, a824d2a0-4471-4a6f-a232-f84ec650292b:192.168.36.126:37611], old=null
2019-09-25 05:20:46,952 [a824d2a0-4471-4a6f-a232-f84ec650292b@group-E9952EC7D1B9:LeaderElection119] INFO  impl.LeaderElection (LeaderElection.java:logAndReturn(56)) - a824d2a0-4471-4a6f-a232-f84ec650292b@group-E9952EC7D1B9:LeaderElection119: Election REJECTED; received 2 response(s) [a824d2a0-4471-4a6f-a232-f84ec650292b<-8d1936ad-7e22-483e-8301-a12de2cdc2b5#0:FAIL-t14, a824d2a0-4471-4a6f-a232-f84ec650292b<-dc7ea896-6e80-4fed-8727-08f73144b1fc#0:FAIL-t14] and 0 exception(s); a824d2a0-4471-4a6f-a232-f84ec650292b@group-E9952EC7D1B9:t14, leader=null, voted=a824d2a0-4471-4a6f-a232-f84ec650292b, raftlog=a824d2a0-4471-4a6f-a232-f84ec650292b@group-E9952EC7D1B9-SegmentedRaftLog:OPENED:c-1,f-1,i0, conf=-1: [8d1936ad-7e22-483e-8301-a12de2cdc2b5:192.168.36.126:34366, dc7ea896-6e80-4fed-8727-08f73144b1fc:192.168.36.126:42983, a824d2a0-4471-4a6f-a232-f84ec650292b:192.168.36.126:37611], old=null
2019-09-25 05:20:46,953 [dc7ea896-6e80-4fed-8727-08f73144b1fc@group-E9952EC7D1B9:LeaderElection123] INFO  impl.RaftServerImpl (RaftServerImpl.java:setRole(174)) - dc7ea896-6e80-4fed-8727-08f73144b1fc@group-E9952EC7D1B9: changes role from CANDIDATE to FOLLOWER at term 14 for DISCOVERED_A_NEW_TERM
2019-09-25 05:20:46,953 [a824d2a0-4471-4a6f-a232-f84ec650292b@group-E9952EC7D1B9:LeaderElection119] INFO  impl.RaftServerImpl (RaftServerImpl.java:setRole(174)) - a824d2a0-4471-4a6f-a232-f84ec650292b@group-E9952EC7D1B9: changes role from CANDIDATE to FOLLOWER at term 14 for DISCOVERED_A_NEW_TERM
2019-09-25 05:20:46,953 [dc7ea896-6e80-4fed-8727-08f73144b1fc@group-E9952EC7D1B9:LeaderElection123] INFO  impl.RoleInfo (RoleInfo.java:shutdownLeaderElection(134)) - dc7ea896-6e80-4fed-8727-08f73144b1fc: shutdown LeaderElection
2019-09-25 05:20:46,953 [a824d2a0-4471-4a6f-a232-f84ec650292b@group-E9952EC7D1B9:LeaderElection119] INFO  impl.RoleInfo (RoleInfo.java:shutdownLeaderElection(134)) - a824d2a0-4471-4a6f-a232-f84ec650292b: shutdown LeaderElection
2019-09-25 05:20:46,953 [dc7ea896-6e80-4fed-8727-08f73144b1fc@group-E9952EC7D1B9:LeaderElection123] INFO  impl.RoleInfo (RoleInfo.java:updateAndGet(143)) - dc7ea896-6e80-4fed-8727-08f73144b1fc: start FollowerState
2019-09-25 05:20:46,953 [a824d2a0-4471-4a6f-a232-f84ec650292b@group-E9952EC7D1B9:LeaderElection119] INFO  impl.RoleInfo (RoleInfo.java:updateAndGet(143)) - a824d2a0-4471-4a6f-a232-f84ec650292b: start FollowerState
2019-09-25 05:20:46,954 [a7793eff-ada5-4527-9e0b-a0fd078cd21b@group-0A753E062AF5:LeaderElection118] INFO  impl.LeaderElection (LeaderElection.java:logAndReturn(56)) - a7793eff-ada5-4527-9e0b-a0fd078cd21b@group-0A753E062AF5:LeaderElection118: Election REJECTED; received 2 response(s) [a7793eff-ada5-4527-9e0b-a0fd078cd21b<-6e4b8f72-2d03-4335-a109-8ce1569ec549#0:FAIL-t14, a7793eff-ada5-4527-9e0b-a0fd078cd21b<-ece43ade-c7f6-4378-8dfa-fbe6a8ab43cf#0:FAIL-t14] and 0 exception(s); a7793eff-ada5-4527-9e0b-a0fd078cd21b@group-0A753E062AF5:t14, leader=null, voted=a7793eff-ada5-4527-9e0b-a0fd078cd21b, raftlog=a7793eff-ada5-4527-9e0b-a0fd078cd21b@group-0A753E062AF5-SegmentedRaftLog:OPENED:c-1,f-1,i0, conf=-1: [6e4b8f72-2d03-4335-a109-8ce1569ec549:192.168.36.126:38179, a7793eff-ada5-4527-9e0b-a0fd078cd21b:192.168.36.126:36914, ece43ade-c7f6-4378-8dfa-fbe6a8ab43cf:192.168.36.126:41805], old=null
2019-09-25 05:20:46,954 [a7793eff-ada5-4527-9e0b-a0fd078cd21b@group-0A753E062AF5:LeaderElection118] INFO  impl.RaftServerImpl (RaftServerImpl.java:setRole(174)) - a7793eff-ada5-4527-9e0b-a0fd078cd21b@group-0A753E062AF5: changes role from CANDIDATE to FOLLOWER at term 14 for DISCOVERED_A_NEW_TERM
2019-09-25 05:20:46,954 [a7793eff-ada5-4527-9e0b-a0fd078cd21b@group-0A753E062AF5:LeaderElection118] INFO  impl.RoleInfo (RoleInfo.java:shutdownLeaderElection(134)) - a7793eff-ada5-4527-9e0b-a0fd078cd21b: shutdown LeaderElection
2019-09-25 05:20:46,955 [a7793eff-ada5-4527-9e0b-a0fd078cd21b@group-0A753E062AF5:LeaderElection118] INFO  impl.RoleInfo (RoleInfo.java:updateAndGet(143)) - a7793eff-ada5-4527-9e0b-a0fd078cd21b: start FollowerState
2019-09-25 05:20:46,955 [ece43ade-c7f6-4378-8dfa-fbe6a8ab43cf@group-0A753E062AF5:LeaderElection120] INFO  impl.LeaderElection (LeaderElection.java:logAndReturn(56)) - ece43ade-c7f6-4378-8dfa-fbe6a8ab43cf@group-0A753E062AF5:LeaderElection120: Election REJECTED; received 2 response(s) [ece43ade-c7f6-4378-8dfa-fbe6a8ab43cf<-6e4b8f72-2d03-4335-a109-8ce1569ec549#0:FAIL-t14, ece43ade-c7f6-4378-8dfa-fbe6a8ab43cf<-a7793eff-ada5-4527-9e0b-a0fd078cd21b#0:FAIL-t14] and 0 exception(s); ece43ade-c7f6-4378-8dfa-fbe6a8ab43cf@group-0A753E062AF5:t14, leader=null, voted=ece43ade-c7f6-4378-8dfa-fbe6a8ab43cf, raftlog=ece43ade-c7f6-4378-8dfa-fbe6a8ab43cf@group-0A753E062AF5-SegmentedRaftLog:OPENED:c-1,f-1,i0, conf=-1: [6e4b8f72-2d03-4335-a109-8ce1569ec549:192.168.36.126:38179, a7793eff-ada5-4527-9e0b-a0fd078cd21b:192.168.36.126:36914, ece43ade-c7f6-4378-8dfa-fbe6a8ab43cf:192.168.36.126:41805], old=null
2019-09-25 05:20:46,955 [8d1936ad-7e22-483e-8301-a12de2cdc2b5@group-E9952EC7D1B9:LeaderElection121] INFO  impl.LeaderElection (LeaderElection.java:logAndReturn(56)) - 8d1936ad-7e22-483e-8301-a12de2cdc2b5@group-E9952EC7D1B9:LeaderElection121: Election REJECTED; received 2 response(s) [8d1936ad-7e22-483e-8301-a12de2cdc2b5<-dc7ea896-6e80-4fed-8727-08f73144b1fc#0:FAIL-t14, 8d1936ad-7e22-483e-8301-a12de2cdc2b5<-a824d2a0-4471-4a6f-a232-f84ec650292b#0:FAIL-t14] and 0 exception(s); 8d1936ad-7e22-483e-8301-a12de2cdc2b5@group-E9952EC7D1B9:t14, leader=null, voted=8d1936ad-7e22-483e-8301-a12de2cdc2b5, raftlog=8d1936ad-7e22-483e-8301-a12de2cdc2b5@group-E9952EC7D1B9-SegmentedRaftLog:OPENED:c-1,f-1,i0, conf=-1: [8d1936ad-7e22-483e-8301-a12de2cdc2b5:192.168.36.126:34366, dc7ea896-6e80-4fed-8727-08f73144b1fc:192.168.36.126:42983, a824d2a0-4471-4a6f-a232-f84ec650292b:192.168.36.126:37611], old=null
2019-09-25 05:20:46,956 [6e4b8f72-2d03-4335-a109-8ce1569ec549@group-0A753E062AF5:LeaderElection122] INFO  impl.LeaderElection (LeaderElection.java:logAndReturn(56)) - 6e4b8f72-2d03-4335-a109-8ce1569ec549@group-0A753E062AF5:LeaderElection122: Election REJECTED; received 2 response(s) [6e4b8f72-2d03-4335-a109-8ce1569ec549<-a7793eff-ada5-4527-9e0b-a0fd078cd21b#0:FAIL-t14, 6e4b8f72-2d03-4335-a109-8ce1569ec549<-ece43ade-c7f6-4378-8dfa-fbe6a8ab43cf#0:FAIL-t14] and 0 exception(s); 6e4b8f72-2d03-4335-a109-8ce1569ec549@group-0A753E062AF5:t14, leader=null, voted=6e4b8f72-2d03-4335-a109-8ce1569ec549, raftlog=6e4b8f72-2d03-4335-a109-8ce1569ec549@group-0A753E062AF5-SegmentedRaftLog:OPENED:c-1,f-1,i0, conf=-1: [6e4b8f72-2d03-4335-a109-8ce1569ec549:192.168.36.126:38179, a7793eff-ada5-4527-9e0b-a0fd078cd21b:192.168.36.126:36914, ece43ade-c7f6-4378-8dfa-fbe6a8ab43cf:192.168.36.126:41805], old=null
2019-09-25 05:20:46,955 [ece43ade-c7f6-4378-8dfa-fbe6a8ab43cf@group-0A753E062AF5:LeaderElection120] INFO  impl.RaftServerImpl (RaftServerImpl.java:setRole(174)) - ece43ade-c7f6-4378-8dfa-fbe6a8ab43cf@group-0A753E062AF5: changes role from CANDIDATE to FOLLOWER at term 14 for DISCOVERED_A_NEW_TERM
2019-09-25 05:20:46,956 [6e4b8f72-2d03-4335-a109-8ce1569ec549@group-0A753E062AF5:LeaderElection122] INFO  impl.RaftServerImpl (RaftServerImpl.java:setRole(174)) - 6e4b8f72-2d03-4335-a109-8ce1569ec549@group-0A753E062AF5: changes role from CANDIDATE to FOLLOWER at term 14 for DISCOVERED_A_NEW_TERM
2019-09-25 05:20:46,956 [8d1936ad-7e22-483e-8301-a12de2cdc2b5@group-E9952EC7D1B9:LeaderElection121] INFO  impl.RaftServerImpl (RaftServerImpl.java:setRole(174)) - 8d1936ad-7e22-483e-8301-a12de2cdc2b5@group-E9952EC7D1B9: changes role from CANDIDATE to FOLLOWER at term 14 for DISCOVERED_A_NEW_TERM
2019-09-25 05:20:46,956 [6e4b8f72-2d03-4335-a109-8ce1569ec549@group-0A753E062AF5:LeaderElection122] INFO  impl.RoleInfo (RoleInfo.java:shutdownLeaderElection(134)) - 6e4b8f72-2d03-4335-a109-8ce1569ec549: shutdown LeaderElection
2019-09-25 05:20:46,956 [ece43ade-c7f6-4378-8dfa-fbe6a8ab43cf@group-0A753E062AF5:LeaderElection120] INFO  impl.RoleInfo (RoleInfo.java:shutdownLeaderElection(134)) - ece43ade-c7f6-4378-8dfa-fbe6a8ab43cf: shutdown LeaderElection
2019-09-25 05:20:46,957 [6e4b8f72-2d03-4335-a109-8ce1569ec549@group-0A753E062AF5:LeaderElection122] INFO  impl.RoleInfo (RoleInfo.java:updateAndGet(143)) - 6e4b8f72-2d03-4335-a109-8ce1569ec549: start FollowerState
2019-09-25 05:20:46,956 [8d1936ad-7e22-483e-8301-a12de2cdc2b5@group-E9952EC7D1B9:LeaderElection121] INFO  impl.RoleInfo (RoleInfo.java:shutdownLeaderElection(134)) - 8d1936ad-7e22-483e-8301-a12de2cdc2b5: shutdown LeaderElection
2019-09-25 05:20:46,957 [ece43ade-c7f6-4378-8dfa-fbe6a8ab43cf@group-0A753E062AF5:LeaderElection120] INFO  impl.RoleInfo (RoleInfo.java:updateAndGet(143)) - ece43ade-c7f6-4378-8dfa-fbe6a8ab43cf: start FollowerState
2019-09-25 05:20:46,957 [8d1936ad-7e22-483e-8301-a12de2cdc2b5@group-E9952EC7D1B9:LeaderElection121] INFO  impl.RoleInfo (RoleInfo.java:updateAndGet(143)) - 8d1936ad-7e22-483e-8301-a12de2cdc2b5: start FollowerState
2019-09-25 05:20:52,006 [Thread-1014] INFO  impl.FollowerState (FollowerState.java:run(106)) - a7793eff-ada5-4527-9e0b-a0fd078cd21b:group-0A753E062AF5 changes to CANDIDATE, lastRpcTime:5051, electionTimeout:5051ms
2019-09-25 05:20:52,008 [Thread-1014] INFO  impl.RoleInfo (RoleInfo.java:shutdownFollowerState(121)) - a7793eff-ada5-4527-9e0b-a0fd078cd21b: shutdown FollowerState
2019-09-25 05:20:52,008 [Thread-1014] INFO  impl.RaftServerImpl (RaftServerImpl.java:setRole(174)) - a7793eff-ada5-4527-9e0b-a0fd078cd21b@group-0A753E062AF5: changes role from  FOLLOWER to CANDIDATE at term 14 for changeToCandidate
2019-09-25 05:20:52,008 [Thread-1014] INFO  impl.RoleInfo (RoleInfo.java:updateAndGet(143)) - a7793eff-ada5-4527-9e0b-a0fd078cd21b: start LeaderElection
2019-09-25 05:20:52,109 [Thread-1017] INFO  impl.FollowerState (FollowerState.java:run(106)) - 8d1936ad-7e22-483e-8301-a12de2cdc2b5:group-E9952EC7D1B9 changes to CANDIDATE, lastRpcTime:5151, electionTimeout:5151ms
2019-09-25 05:20:52,109 [Thread-1017] INFO  impl.RoleInfo (RoleInfo.java:shutdownFollowerState(121)) - 8d1936ad-7e22-483e-8301-a12de2cdc2b5: shutdown FollowerState
2019-09-25 05:20:52,109 [Thread-1017] INFO  impl.RaftServerImpl (RaftServerImpl.java:setRole(174)) - 8d1936ad-7e22-483e-8301-a12de2cdc2b5@group-E9952EC7D1B9: changes role from  FOLLOWER to CANDIDATE at term 14 for changeToCandidate
2019-09-25 05:20:52,109 [Thread-1017] INFO  impl.RoleInfo (RoleInfo.java:updateAndGet(143)) - 8d1936ad-7e22-483e-8301-a12de2cdc2b5: start LeaderElection
2019-09-25 05:20:52,112 [Thread-1013] INFO  impl.FollowerState (FollowerState.java:run(106)) - a824d2a0-4471-4a6f-a232-f84ec650292b:group-E9952EC7D1B9 changes to CANDIDATE, lastRpcTime:5158, electionTimeout:5158ms
2019-09-25 05:20:52,113 [Thread-1013] INFO  impl.RoleInfo (RoleInfo.java:shutdownFollowerState(121)) - a824d2a0-4471-4a6f-a232-f84ec650292b: shutdown FollowerState
2019-09-25 05:20:52,113 [Thread-1013] INFO  impl.RaftServerImpl (RaftServerImpl.java:setRole(174)) - a824d2a0-4471-4a6f-a232-f84ec650292b@group-E9952EC7D1B9: changes role from  FOLLOWER to CANDIDATE at term 14 for changeToCandidate
2019-09-25 05:20:52,113 [Thread-1013] INFO  impl.RoleInfo (RoleInfo.java:updateAndGet(143)) - a824d2a0-4471-4a6f-a232-f84ec650292b: start LeaderElection
2019-09-25 05:20:52,133 [Thread-1012] INFO  impl.FollowerState (FollowerState.java:run(106)) - dc7ea896-6e80-4fed-8727-08f73144b1fc:group-E9952EC7D1B9 changes to CANDIDATE, lastRpcTime:5179, electionTimeout:5179ms
2019-09-25 05:20:52,133 [Thread-1012] INFO  impl.RoleInfo (RoleInfo.java:shutdownFollowerState(121)) - dc7ea896-6e80-4fed-8727-08f73144b1fc: shutdown FollowerState
2019-09-25 05:20:52,133 [Thread-1012] INFO  impl.RaftServerImpl (RaftServerImpl.java:setRole(174)) - dc7ea896-6e80-4fed-8727-08f73144b1fc@group-E9952EC7D1B9: changes role from  FOLLOWER to CANDIDATE at term 14 for changeToCandidate
2019-09-25 05:20:52,134 [Thread-1012] INFO  impl.RoleInfo (RoleInfo.java:updateAndGet(143)) - dc7ea896-6e80-4fed-8727-08f73144b1fc: start LeaderElection
2019-09-25 05:20:52,139 [Thread-1015] INFO  impl.FollowerState (FollowerState.java:run(106)) - 6e4b8f72-2d03-4335-a109-8ce1569ec549:group-0A753E062AF5 changes to CANDIDATE, lastRpcTime:5182, electionTimeout:5182ms
2019-09-25 05:20:52,139 [Thread-1015] INFO  impl.RoleInfo (RoleInfo.java:shutdownFollowerState(121)) - 6e4b8f72-2d03-4335-a109-8ce1569ec549: shutdown FollowerState
2019-09-25 05:20:52,140 [Thread-1015] INFO  impl.RaftServerImpl (RaftServerImpl.java:setRole(174)) - 6e4b8f72-2d03-4335-a109-8ce1569ec549@group-0A753E062AF5: changes role from  FOLLOWER to CANDIDATE at term 14 for changeToCandidate
2019-09-25 05:20:52,140 [Thread-1015] INFO  impl.RoleInfo (RoleInfo.java:updateAndGet(143)) - 6e4b8f72-2d03-4335-a109-8ce1569ec549: start LeaderElection
2019-09-25 05:20:52,150 [Thread-1016] INFO  impl.FollowerState (FollowerState.java:run(106)) - ece43ade-c7f6-4378-8dfa-fbe6a8ab43cf:group-0A753E062AF5 changes to CANDIDATE, lastRpcTime:5192, electionTimeout:5192ms
2019-09-25 05:20:52,150 [Thread-1016] INFO  impl.RoleInfo (RoleInfo.java:shutdownFollowerState(121)) - ece43ade-c7f6-4378-8dfa-fbe6a8ab43cf: shutdown FollowerState
2019-09-25 05:20:52,150 [Thread-1016] INFO  impl.RaftServerImpl (RaftServerImpl.java:setRole(174)) - ece43ade-c7f6-4378-8dfa-fbe6a8ab43cf@group-0A753E062AF5: changes role from  FOLLOWER to CANDIDATE at term 14 for changeToCandidate
2019-09-25 05:20:52,150 [Thread-1016] INFO  impl.RoleInfo (RoleInfo.java:updateAndGet(143)) - ece43ade-c7f6-4378-8dfa-fbe6a8ab43cf: start LeaderElection
2019-09-25 05:20:52,489 [a7793eff-ada5-4527-9e0b-a0fd078cd21b@group-0A753E062AF5:LeaderElection124] INFO  impl.LeaderElection (LeaderElection.java:askForVotes(182)) - a7793eff-ada5-4527-9e0b-a0fd078cd21b@group-0A753E062AF5:LeaderElection124: begin an election at term 15 for -1: [6e4b8f72-2d03-4335-a109-8ce1569ec549:192.168.36.126:38179, a7793eff-ada5-4527-9e0b-a0fd078cd21b:192.168.36.126:36914, ece43ade-c7f6-4378-8dfa-fbe6a8ab43cf:192.168.36.126:41805], old=null
2019-09-25 05:20:52,489 [a824d2a0-4471-4a6f-a232-f84ec650292b@group-E9952EC7D1B9:LeaderElection126] INFO  impl.LeaderElection (LeaderElection.java:askForVotes(182)) - a824d2a0-4471-4a6f-a232-f84ec650292b@group-E9952EC7D1B9:LeaderElection126: begin an election at term 15 for -1: [8d1936ad-7e22-483e-8301-a12de2cdc2b5:192.168.36.126:34366, dc7ea896-6e80-4fed-8727-08f73144b1fc:192.168.36.126:42983, a824d2a0-4471-4a6f-a232-f84ec650292b:192.168.36.126:37611], old=null
2019-09-25 05:20:52,489 [8d1936ad-7e22-483e-8301-a12de2cdc2b5@group-E9952EC7D1B9:LeaderElection125] INFO  impl.LeaderElection (LeaderElection.java:askForVotes(182)) - 8d1936ad-7e22-483e-8301-a12de2cdc2b5@group-E9952EC7D1B9:LeaderElection125: begin an election at term 15 for -1: [8d1936ad-7e22-483e-8301-a12de2cdc2b5:192.168.36.126:34366, dc7ea896-6e80-4fed-8727-08f73144b1fc:192.168.36.126:42983, a824d2a0-4471-4a6f-a232-f84ec650292b:192.168.36.126:37611], old=null
2019-09-25 05:20:52,489 [6e4b8f72-2d03-4335-a109-8ce1569ec549@group-0A753E062AF5:LeaderElection128] INFO  impl.LeaderElection (LeaderElection.java:askForVotes(182)) - 6e4b8f72-2d03-4335-a109-8ce1569ec549@group-0A753E062AF5:LeaderElection128: begin an election at term 15 for -1: [6e4b8f72-2d03-4335-a109-8ce1569ec549:192.168.36.126:38179, a7793eff-ada5-4527-9e0b-a0fd078cd21b:192.168.36.126:36914, ece43ade-c7f6-4378-8dfa-fbe6a8ab43cf:192.168.36.126:41805], old=null
2019-09-25 05:20:52,489 [ece43ade-c7f6-4378-8dfa-fbe6a8ab43cf@group-0A753E062AF5:LeaderElection129] INFO  impl.LeaderElection (LeaderElection.java:askForVotes(182)) - ece43ade-c7f6-4378-8dfa-fbe6a8ab43cf@group-0A753E062AF5:LeaderElection129: begin an election at term 15 for -1: [6e4b8f72-2d03-4335-a109-8ce1569ec549:192.168.36.126:38179, a7793eff-ada5-4527-9e0b-a0fd078cd21b:192.168.36.126:36914, ece43ade-c7f6-4378-8dfa-fbe6a8ab43cf:192.168.36.126:41805], old=null
2019-09-25 05:20:52,489 [dc7ea896-6e80-4fed-8727-08f73144b1fc@group-E9952EC7D1B9:LeaderElection127] INFO  impl.LeaderElection (LeaderElection.java:askForVotes(182)) - dc7ea896-6e80-4fed-8727-08f73144b1fc@group-E9952EC7D1B9:LeaderElection127: begin an election at term 15 for -1: [8d1936ad-7e22-483e-8301-a12de2cdc2b5:192.168.36.126:34366, dc7ea896-6e80-4fed-8727-08f73144b1fc:192.168.36.126:42983, a824d2a0-4471-4a6f-a232-f84ec650292b:192.168.36.126:37611], old=null
2019-09-25 05:20:52,499 [a824d2a0-4471-4a6f-a232-f84ec650292b@group-E9952EC7D1B9:LeaderElection126] INFO  impl.LeaderElection (LeaderElection.java:logAndReturn(56)) - a824d2a0-4471-4a6f-a232-f84ec650292b@group-E9952EC7D1B9:LeaderElection126: Election REJECTED; received 2 response(s) [a824d2a0-4471-4a6f-a232-f84ec650292b<-8d1936ad-7e22-483e-8301-a12de2cdc2b5#0:FAIL-t15, a824d2a0-4471-4a6f-a232-f84ec650292b<-dc7ea896-6e80-4fed-8727-08f73144b1fc#0:FAIL-t15] and 0 exception(s); a824d2a0-4471-4a6f-a232-f84ec650292b@group-E9952EC7D1B9:t15, leader=null, voted=a824d2a0-4471-4a6f-a232-f84ec650292b, raftlog=a824d2a0-4471-4a6f-a232-f84ec650292b@group-E9952EC7D1B9-SegmentedRaftLog:OPENED:c-1,f-1,i0, conf=-1: [8d1936ad-7e22-483e-8301-a12de2cdc2b5:192.168.36.126:34366, dc7ea896-6e80-4fed-8727-08f73144b1fc:192.168.36.126:42983, a824d2a0-4471-4a6f-a232-f84ec650292b:192.168.36.126:37611], old=null
2019-09-25 05:20:52,499 [6e4b8f72-2d03-4335-a109-8ce1569ec549@group-0A753E062AF5:LeaderElection128] INFO  impl.LeaderElection (LeaderElection.java:logAndReturn(56)) - 6e4b8f72-2d03-4335-a109-8ce1569ec549@group-0A753E062AF5:LeaderElection128: Election REJECTED; received 2 response(s) [6e4b8f72-2d03-4335-a109-8ce1569ec549<-a7793eff-ada5-4527-9e0b-a0fd078cd21b#0:FAIL-t15, 6e4b8f72-2d03-4335-a109-8ce1569ec549<-ece43ade-c7f6-4378-8dfa-fbe6a8ab43cf#0:FAIL-t15] and 0 exception(s); 6e4b8f72-2d03-4335-a109-8ce1569ec549@group-0A753E062AF5:t15, leader=null, voted=6e4b8f72-2d03-4335-a109-8ce1569ec549, raftlog=6e4b8f72-2d03-4335-a109-8ce1569ec549@group-0A753E062AF5-SegmentedRaftLog:OPENED:c-1,f-1,i0, conf=-1: [6e4b8f72-2d03-4335-a109-8ce1569ec549:192.168.36.126:38179, a7793eff-ada5-4527-9e0b-a0fd078cd21b:192.168.36.126:36914, ece43ade-c7f6-4378-8dfa-fbe6a8ab43cf:192.168.36.126:41805], old=null
2019-09-25 05:20:52,500 [a824d2a0-4471-4a6f-a232-f84ec650292b@group-E9952EC7D1B9:LeaderElection126] INFO  impl.RaftServerImpl (RaftServerImpl.java:setRole(174)) - a824d2a0-4471-4a6f-a232-f84ec650292b@group-E9952EC7D1B9: changes role from CANDIDATE to FOLLOWER at term 15 for DISCOVERED_A_NEW_TERM
2019-09-25 05:20:52,500 [ece43ade-c7f6-4378-8dfa-fbe6a8ab43cf@group-0A753E062AF5:LeaderElection129] INFO  impl.LeaderElection (LeaderElection.java:logAndReturn(56)) - ece43ade-c7f6-4378-8dfa-fbe6a8ab43cf@group-0A753E062AF5:LeaderElection129: Election REJECTED; received 2 response(s) [ece43ade-c7f6-4378-8dfa-fbe6a8ab43cf<-6e4b8f72-2d03-4335-a109-8ce1569ec549#0:FAIL-t15, ece43ade-c7f6-4378-8dfa-fbe6a8ab43cf<-a7793eff-ada5-4527-9e0b-a0fd078cd21b#0:FAIL-t15] and 0 exception(s); ece43ade-c7f6-4378-8dfa-fbe6a8ab43cf@group-0A753E062AF5:t15, leader=null, voted=ece43ade-c7f6-4378-8dfa-fbe6a8ab43cf, raftlog=ece43ade-c7f6-4378-8dfa-fbe6a8ab43cf@group-0A753E062AF5-SegmentedRaftLog:OPENED:c-1,f-1,i0, conf=-1: [6e4b8f72-2d03-4335-a109-8ce1569ec549:192.168.36.126:38179, a7793eff-ada5-4527-9e0b-a0fd078cd21b:192.168.36.126:36914, ece43ade-c7f6-4378-8dfa-fbe6a8ab43cf:192.168.36.126:41805], old=null
2019-09-25 05:20:52,499 [dc7ea896-6e80-4fed-8727-08f73144b1fc@group-E9952EC7D1B9:LeaderElection127] INFO  impl.LeaderElection (LeaderElection.java:logAndReturn(56)) - dc7ea896-6e80-4fed-8727-08f73144b1fc@group-E9952EC7D1B9:LeaderElection127: Election REJECTED; received 2 response(s) [dc7ea896-6e80-4fed-8727-08f73144b1fc<-8d1936ad-7e22-483e-8301-a12de2cdc2b5#0:FAIL-t15, dc7ea896-6e80-4fed-8727-08f73144b1fc<-a824d2a0-4471-4a6f-a232-f84ec650292b#0:FAIL-t15] and 0 exception(s); dc7ea896-6e80-4fed-8727-08f73144b1fc@group-E9952EC7D1B9:t15, leader=null, voted=dc7ea896-6e80-4fed-8727-08f73144b1fc, raftlog=dc7ea896-6e80-4fed-8727-08f73144b1fc@group-E9952EC7D1B9-SegmentedRaftLog:OPENED:c-1,f-1,i0, conf=-1: [8d1936ad-7e22-483e-8301-a12de2cdc2b5:192.168.36.126:34366, dc7ea896-6e80-4fed-8727-08f73144b1fc:192.168.36.126:42983, a824d2a0-4471-4a6f-a232-f84ec650292b:192.168.36.126:37611], old=null
2019-09-25 05:20:52,500 [ece43ade-c7f6-4378-8dfa-fbe6a8ab43cf@group-0A753E062AF5:LeaderElection129] INFO  impl.RaftServerImpl (RaftServerImpl.java:setRole(174)) - ece43ade-c7f6-4378-8dfa-fbe6a8ab43cf@group-0A753E062AF5: changes role from CANDIDATE to FOLLOWER at term 15 for DISCOVERED_A_NEW_TERM
2019-09-25 05:20:52,501 [ece43ade-c7f6-4378-8dfa-fbe6a8ab43cf@group-0A753E062AF5:LeaderElection129] INFO  impl.RoleInfo (RoleInfo.java:shutdownLeaderElection(134)) - ece43ade-c7f6-4378-8dfa-fbe6a8ab43cf: shutdown LeaderElection
2019-09-25 05:20:52,500 [a824d2a0-4471-4a6f-a232-f84ec650292b@group-E9952EC7D1B9:LeaderElection126] INFO  impl.RoleInfo (RoleInfo.java:shutdownLeaderElection(134)) - a824d2a0-4471-4a6f-a232-f84ec650292b: shutdown LeaderElection
2019-09-25 05:20:52,500 [a7793eff-ada5-4527-9e0b-a0fd078cd21b@group-0A753E062AF5:LeaderElection124] INFO  impl.LeaderElection (LeaderElection.java:logAndReturn(56)) - a7793eff-ada5-4527-9e0b-a0fd078cd21b@group-0A753E062AF5:LeaderElection124: Election REJECTED; received 2 response(s) [a7793eff-ada5-4527-9e0b-a0fd078cd21b<-6e4b8f72-2d03-4335-a109-8ce1569ec549#0:FAIL-t15, a7793eff-ada5-4527-9e0b-a0fd078cd21b<-ece43ade-c7f6-4378-8dfa-fbe6a8ab43cf#0:FAIL-t15] and 0 exception(s); a7793eff-ada5-4527-9e0b-a0fd078cd21b@group-0A753E062AF5:t15, leader=null, voted=a7793eff-ada5-4527-9e0b-a0fd078cd21b, raftlog=a7793eff-ada5-4527-9e0b-a0fd078cd21b@group-0A753E062AF5-SegmentedRaftLog:OPENED:c-1,f-1,i0, conf=-1: [6e4b8f72-2d03-4335-a109-8ce1569ec549:192.168.36.126:38179, a7793eff-ada5-4527-9e0b-a0fd078cd21b:192.168.36.126:36914, ece43ade-c7f6-4378-8dfa-fbe6a8ab43cf:192.168.36.126:41805], old=null
2019-09-25 05:20:52,500 [6e4b8f72-2d03-4335-a109-8ce1569ec549@group-0A753E062AF5:LeaderElection128] INFO  impl.RaftServerImpl (RaftServerImpl.java:setRole(174)) - 6e4b8f72-2d03-4335-a109-8ce1569ec549@group-0A753E062AF5: changes role from CANDIDATE to FOLLOWER at term 15 for DISCOVERED_A_NEW_TERM
2019-09-25 05:20:52,501 [a7793eff-ada5-4527-9e0b-a0fd078cd21b@group-0A753E062AF5:LeaderElection124] INFO  impl.RaftServerImpl (RaftServerImpl.java:setRole(174)) - a7793eff-ada5-4527-9e0b-a0fd078cd21b@group-0A753E062AF5: changes role from CANDIDATE to FOLLOWER at term 15 for DISCOVERED_A_NEW_TERM
2019-09-25 05:20:52,502 [a7793eff-ada5-4527-9e0b-a0fd078cd21b@group-0A753E062AF5:LeaderElection124] INFO  impl.RoleInfo (RoleInfo.java:shutdownLeaderElection(134)) - a7793eff-ada5-4527-9e0b-a0fd078cd21b: shutdown LeaderElection
2019-09-25 05:20:52,501 [a824d2a0-4471-4a6f-a232-f84ec650292b@group-E9952EC7D1B9:LeaderElection126] INFO  impl.RoleInfo (RoleInfo.java:updateAndGet(143)) - a824d2a0-4471-4a6f-a232-f84ec650292b: start FollowerState
2019-09-25 05:20:52,501 [ece43ade-c7f6-4378-8dfa-fbe6a8ab43cf@group-0A753E062AF5:LeaderElection129] INFO  impl.RoleInfo (RoleInfo.java:updateAndGet(143)) - ece43ade-c7f6-4378-8dfa-fbe6a8ab43cf: start FollowerState
2019-09-25 05:20:52,501 [dc7ea896-6e80-4fed-8727-08f73144b1fc@group-E9952EC7D1B9:LeaderElection127] INFO  impl.RaftServerImpl (RaftServerImpl.java:setRole(174)) - dc7ea896-6e80-4fed-8727-08f73144b1fc@group-E9952EC7D1B9: changes role from CANDIDATE to FOLLOWER at term 15 for DISCOVERED_A_NEW_TERM
2019-09-25 05:20:52,502 [a7793eff-ada5-4527-9e0b-a0fd078cd21b@group-0A753E062AF5:LeaderElection124] INFO  impl.RoleInfo (RoleInfo.java:updateAndGet(143)) - a7793eff-ada5-4527-9e0b-a0fd078cd21b: start FollowerState
2019-09-25 05:20:52,501 [6e4b8f72-2d03-4335-a109-8ce1569ec549@group-0A753E062AF5:LeaderElection128] INFO  impl.RoleInfo (RoleInfo.java:shutdownLeaderElection(134)) - 6e4b8f72-2d03-4335-a109-8ce1569ec549: shutdown LeaderElection
2019-09-25 05:20:52,502 [dc7ea896-6e80-4fed-8727-08f73144b1fc@group-E9952EC7D1B9:LeaderElection127] INFO  impl.RoleInfo (RoleInfo.java:shutdownLeaderElection(134)) - dc7ea896-6e80-4fed-8727-08f73144b1fc: shutdown LeaderElection
2019-09-25 05:20:52,503 [6e4b8f72-2d03-4335-a109-8ce1569ec549@group-0A753E062AF5:LeaderElection128] INFO  impl.RoleInfo (RoleInfo.java:updateAndGet(143)) - 6e4b8f72-2d03-4335-a109-8ce1569ec549: start FollowerState
2019-09-25 05:20:52,503 [dc7ea896-6e80-4fed-8727-08f73144b1fc@group-E9952EC7D1B9:LeaderElection127] INFO  impl.RoleInfo (RoleInfo.java:updateAndGet(143)) - dc7ea896-6e80-4fed-8727-08f73144b1fc: start FollowerState
2019-09-25 05:20:52,503 [8d1936ad-7e22-483e-8301-a12de2cdc2b5@group-E9952EC7D1B9:LeaderElection125] INFO  impl.LeaderElection (LeaderElection.java:logAndReturn(56)) - 8d1936ad-7e22-483e-8301-a12de2cdc2b5@group-E9952EC7D1B9:LeaderElection125: Election REJECTED; received 2 response(s) [8d1936ad-7e22-483e-8301-a12de2cdc2b5<-dc7ea896-6e80-4fed-8727-08f73144b1fc#0:FAIL-t15, 8d1936ad-7e22-483e-8301-a12de2cdc2b5<-a824d2a0-4471-4a6f-a232-f84ec650292b#0:FAIL-t15] and 0 exception(s); 8d1936ad-7e22-483e-8301-a12de2cdc2b5@group-E9952EC7D1B9:t15, leader=null, voted=8d1936ad-7e22-483e-8301-a12de2cdc2b5, raftlog=8d1936ad-7e22-483e-8301-a12de2cdc2b5@group-E9952EC7D1B9-SegmentedRaftLog:OPENED:c-1,f-1,i0, conf=-1: [8d1936ad-7e22-483e-8301-a12de2cdc2b5:192.168.36.126:34366, dc7ea896-6e80-4fed-8727-08f73144b1fc:192.168.36.126:42983, a824d2a0-4471-4a6f-a232-f84ec650292b:192.168.36.126:37611], old=null
2019-09-25 05:20:52,503 [8d1936ad-7e22-483e-8301-a12de2cdc2b5@group-E9952EC7D1B9:LeaderElection125] INFO  impl.RaftServerImpl (RaftServerImpl.java:setRole(174)) - 8d1936ad-7e22-483e-8301-a12de2cdc2b5@group-E9952EC7D1B9: changes role from CANDIDATE to FOLLOWER at term 15 for DISCOVERED_A_NEW_TERM
2019-09-25 05:20:52,503 [8d1936ad-7e22-483e-8301-a12de2cdc2b5@group-E9952EC7D1B9:LeaderElection125] INFO  impl.RoleInfo (RoleInfo.java:shutdownLeaderElection(134)) - 8d1936ad-7e22-483e-8301-a12de2cdc2b5: shutdown LeaderElection
2019-09-25 05:20:52,504 [8d1936ad-7e22-483e-8301-a12de2cdc2b5@group-E9952EC7D1B9:LeaderElection125] INFO  impl.RoleInfo (RoleInfo.java:updateAndGet(143)) - 8d1936ad-7e22-483e-8301-a12de2cdc2b5: start FollowerState
2019-09-25 05:20:57,559 [Thread-1049] INFO  impl.FollowerState (FollowerState.java:run(106)) - 6e4b8f72-2d03-4335-a109-8ce1569ec549:group-0A753E062AF5 changes to CANDIDATE, lastRpcTime:5056, electionTimeout:5056ms
2019-09-25 05:20:57,560 [Thread-1049] INFO  impl.RoleInfo (RoleInfo.java:shutdownFollowerState(121)) - 6e4b8f72-2d03-4335-a109-8ce1569ec549: shutdown FollowerState
2019-09-25 05:20:57,560 [Thread-1049] INFO  impl.RaftServerImpl (RaftServerImpl.java:setRole(174)) - 6e4b8f72-2d03-4335-a109-8ce1569ec549@group-0A753E062AF5: changes role from  FOLLOWER to CANDIDATE at term 15 for changeToCandidate
2019-09-25 05:20:57,561 [Thread-1049] INFO  impl.RoleInfo (RoleInfo.java:updateAndGet(143)) - 6e4b8f72-2d03-4335-a109-8ce1569ec549: start LeaderElection
2019-09-25 05:20:57,570 [Thread-1050] INFO  impl.FollowerState (FollowerState.java:run(106)) - dc7ea896-6e80-4fed-8727-08f73144b1fc:group-E9952EC7D1B9 changes to CANDIDATE, lastRpcTime:5066, electionTimeout:5066ms
2019-09-25 05:20:57,570 [Thread-1050] INFO  impl.RoleInfo (RoleInfo.java:shutdownFollowerState(121)) - dc7ea896-6e80-4fed-8727-08f73144b1fc: shutdown FollowerState
2019-09-25 05:20:57,570 [Thread-1050] INFO  impl.RaftServerImpl (RaftServerImpl.java:setRole(174)) - dc7ea896-6e80-4fed-8727-08f73144b1fc@group-E9952EC7D1B9: changes role from  FOLLOWER to CANDIDATE at term 15 for changeToCandidate
2019-09-25 05:20:57,570 [Thread-1050] INFO  impl.RoleInfo (RoleInfo.java:updateAndGet(143)) - dc7ea896-6e80-4fed-8727-08f73144b1fc: start LeaderElection
2019-09-25 05:20:57,591 [6e4b8f72-2d03-4335-a109-8ce1569ec549@group-0A753E062AF5:LeaderElection130] INFO  impl.LeaderElection (LeaderElection.java:askForVotes(182)) - 6e4b8f72-2d03-4335-a109-8ce1569ec549@group-0A753E062AF5:LeaderElection130: begin an election at term 16 for -1: [6e4b8f72-2d03-4335-a109-8ce1569ec549:192.168.36.126:38179, a7793eff-ada5-4527-9e0b-a0fd078cd21b:192.168.36.126:36914, ece43ade-c7f6-4378-8dfa-fbe6a8ab43cf:192.168.36.126:41805], old=null
2019-09-25 05:20:57,591 [dc7ea896-6e80-4fed-8727-08f73144b1fc@group-E9952EC7D1B9:LeaderElection131] INFO  impl.LeaderElection (LeaderElection.java:askForVotes(182)) - dc7ea896-6e80-4fed-8727-08f73144b1fc@group-E9952EC7D1B9:LeaderElection131: begin an election at term 16 for -1: [8d1936ad-7e22-483e-8301-a12de2cdc2b5:192.168.36.126:34366, dc7ea896-6e80-4fed-8727-08f73144b1fc:192.168.36.126:42983, a824d2a0-4471-4a6f-a232-f84ec650292b:192.168.36.126:37611], old=null
2019-09-25 05:20:57,595 [grpc-default-executor-7] INFO  impl.RaftServerImpl (RaftServerImpl.java:setRole(174)) - 8d1936ad-7e22-483e-8301-a12de2cdc2b5@group-E9952EC7D1B9: changes role from  FOLLOWER to FOLLOWER at term 16 for recognizeCandidate:dc7ea896-6e80-4fed-8727-08f73144b1fc
2019-09-25 05:20:57,595 [grpc-default-executor-6] INFO  impl.RaftServerImpl (RaftServerImpl.java:setRole(174)) - a7793eff-ada5-4527-9e0b-a0fd078cd21b@group-0A753E062AF5: changes role from  FOLLOWER to FOLLOWER at term 16 for recognizeCandidate:6e4b8f72-2d03-4335-a109-8ce1569ec549
2019-09-25 05:20:57,596 [grpc-default-executor-6] INFO  impl.RoleInfo (RoleInfo.java:shutdownFollowerState(121)) - a7793eff-ada5-4527-9e0b-a0fd078cd21b: shutdown FollowerState
2019-09-25 05:20:57,595 [grpc-default-executor-9] INFO  impl.RaftServerImpl (RaftServerImpl.java:setRole(174)) - ece43ade-c7f6-4378-8dfa-fbe6a8ab43cf@group-0A753E062AF5: changes role from  FOLLOWER to FOLLOWER at term 16 for recognizeCandidate:6e4b8f72-2d03-4335-a109-8ce1569ec549
2019-09-25 05:20:57,596 [Thread-1048] INFO  impl.FollowerState (FollowerState.java:run(115)) - a7793eff-ada5-4527-9e0b-a0fd078cd21b: FollowerState was interrupted: java.lang.InterruptedException: sleep interrupted
2019-09-25 05:20:57,595 [grpc-default-executor-5] INFO  impl.RaftServerImpl (RaftServerImpl.java:setRole(174)) - a824d2a0-4471-4a6f-a232-f84ec650292b@group-E9952EC7D1B9: changes role from  FOLLOWER to FOLLOWER at term 16 for recognizeCandidate:dc7ea896-6e80-4fed-8727-08f73144b1fc
2019-09-25 05:20:57,596 [grpc-default-executor-9] INFO  impl.RoleInfo (RoleInfo.java:shutdownFollowerState(121)) - ece43ade-c7f6-4378-8dfa-fbe6a8ab43cf: shutdown FollowerState
2019-09-25 05:20:57,596 [grpc-default-executor-6] INFO  impl.RoleInfo (RoleInfo.java:updateAndGet(143)) - a7793eff-ada5-4527-9e0b-a0fd078cd21b: start FollowerState
2019-09-25 05:20:57,595 [grpc-default-executor-7] INFO  impl.RoleInfo (RoleInfo.java:shutdownFollowerState(121)) - 8d1936ad-7e22-483e-8301-a12de2cdc2b5: shutdown FollowerState
2019-09-25 05:20:57,597 [Thread-1046] INFO  impl.FollowerState (FollowerState.java:run(115)) - ece43ade-c7f6-4378-8dfa-fbe6a8ab43cf: FollowerState was interrupted: java.lang.InterruptedException: sleep interrupted
2019-09-25 05:20:57,597 [grpc-default-executor-9] INFO  impl.RoleInfo (RoleInfo.java:updateAndGet(143)) - ece43ade-c7f6-4378-8dfa-fbe6a8ab43cf: start FollowerState
2019-09-25 05:20:57,596 [grpc-default-executor-5] INFO  impl.RoleInfo (RoleInfo.java:shutdownFollowerState(121)) - a824d2a0-4471-4a6f-a232-f84ec650292b: shutdown FollowerState
2019-09-25 05:20:57,597 [Thread-1051] INFO  impl.FollowerState (FollowerState.java:run(115)) - 8d1936ad-7e22-483e-8301-a12de2cdc2b5: FollowerState was interrupted: java.lang.InterruptedException: sleep interrupted
2019-09-25 05:20:57,598 [Thread-1047] INFO  impl.FollowerState (FollowerState.java:run(115)) - a824d2a0-4471-4a6f-a232-f84ec650292b: FollowerState was interrupted: java.lang.InterruptedException: sleep interrupted
2019-09-25 05:20:57,597 [grpc-default-executor-7] INFO  impl.RoleInfo (RoleInfo.java:updateAndGet(143)) - 8d1936ad-7e22-483e-8301-a12de2cdc2b5: start FollowerState
2019-09-25 05:20:57,598 [grpc-default-executor-5] INFO  impl.RoleInfo (RoleInfo.java:updateAndGet(143)) - a824d2a0-4471-4a6f-a232-f84ec650292b: start FollowerState
2019-09-25 05:20:57,630 [6e4b8f72-2d03-4335-a109-8ce1569ec549@group-0A753E062AF5:LeaderElection130] INFO  impl.LeaderElection (LeaderElection.java:logAndReturn(56)) - 6e4b8f72-2d03-4335-a109-8ce1569ec549@group-0A753E062AF5:LeaderElection130: Election PASSED; received 1 response(s) [6e4b8f72-2d03-4335-a109-8ce1569ec549<-a7793eff-ada5-4527-9e0b-a0fd078cd21b#0:OK-t16] and 0 exception(s); 6e4b8f72-2d03-4335-a109-8ce1569ec549@group-0A753E062AF5:t16, leader=null, voted=6e4b8f72-2d03-4335-a109-8ce1569ec549, raftlog=6e4b8f72-2d03-4335-a109-8ce1569ec549@group-0A753E062AF5-SegmentedRaftLog:OPENED:c-1,f-1,i0, conf=-1: [6e4b8f72-2d03-4335-a109-8ce1569ec549:192.168.36.126:38179, a7793eff-ada5-4527-9e0b-a0fd078cd21b:192.168.36.126:36914, ece43ade-c7f6-4378-8dfa-fbe6a8ab43cf:192.168.36.126:41805], old=null
2019-09-25 05:20:57,630 [dc7ea896-6e80-4fed-8727-08f73144b1fc@group-E9952EC7D1B9:LeaderElection131] INFO  impl.LeaderElection (LeaderElection.java:logAndReturn(56)) - dc7ea896-6e80-4fed-8727-08f73144b1fc@group-E9952EC7D1B9:LeaderElection131: Election PASSED; received 1 response(s) [dc7ea896-6e80-4fed-8727-08f73144b1fc<-8d1936ad-7e22-483e-8301-a12de2cdc2b5#0:OK-t16] and 0 exception(s); dc7ea896-6e80-4fed-8727-08f73144b1fc@group-E9952EC7D1B9:t16, leader=null, voted=dc7ea896-6e80-4fed-8727-08f73144b1fc, raftlog=dc7ea896-6e80-4fed-8727-08f73144b1fc@group-E9952EC7D1B9-SegmentedRaftLog:OPENED:c-1,f-1,i0, conf=-1: [8d1936ad-7e22-483e-8301-a12de2cdc2b5:192.168.36.126:34366, dc7ea896-6e80-4fed-8727-08f73144b1fc:192.168.36.126:42983, a824d2a0-4471-4a6f-a232-f84ec650292b:192.168.36.126:37611], old=null
2019-09-25 05:20:57,630 [6e4b8f72-2d03-4335-a109-8ce1569ec549@group-0A753E062AF5:LeaderElection130] INFO  impl.RoleInfo (RoleInfo.java:shutdownLeaderElection(134)) - 6e4b8f72-2d03-4335-a109-8ce1569ec549: shutdown LeaderElection
2019-09-25 05:20:57,630 [dc7ea896-6e80-4fed-8727-08f73144b1fc@group-E9952EC7D1B9:LeaderElection131] INFO  impl.RoleInfo (RoleInfo.java:shutdownLeaderElection(134)) - dc7ea896-6e80-4fed-8727-08f73144b1fc: shutdown LeaderElection
2019-09-25 05:20:57,631 [6e4b8f72-2d03-4335-a109-8ce1569ec549@group-0A753E062AF5:LeaderElection130] INFO  impl.RaftServerImpl (RaftServerImpl.java:setRole(174)) - 6e4b8f72-2d03-4335-a109-8ce1569ec549@group-0A753E062AF5: changes role from CANDIDATE to LEADER at term 16 for changeToLeader
2019-09-25 05:20:57,631 [dc7ea896-6e80-4fed-8727-08f73144b1fc@group-E9952EC7D1B9:LeaderElection131] INFO  impl.RaftServerImpl (RaftServerImpl.java:setRole(174)) - dc7ea896-6e80-4fed-8727-08f73144b1fc@group-E9952EC7D1B9: changes role from CANDIDATE to LEADER at term 16 for changeToLeader
2019-09-25 05:20:57,631 [6e4b8f72-2d03-4335-a109-8ce1569ec549@group-0A753E062AF5:LeaderElection130] INFO  impl.RaftServerImpl (ServerState.java:setLeader(253)) - 6e4b8f72-2d03-4335-a109-8ce1569ec549@group-0A753E062AF5: change Leader from null to 6e4b8f72-2d03-4335-a109-8ce1569ec549 at term 16 for becomeLeader, leader elected after 106595ms
2019-09-25 05:20:57,631 [dc7ea896-6e80-4fed-8727-08f73144b1fc@group-E9952EC7D1B9:LeaderElection131] INFO  impl.RaftServerImpl (ServerState.java:setLeader(253)) - dc7ea896-6e80-4fed-8727-08f73144b1fc@group-E9952EC7D1B9: change Leader from null to dc7ea896-6e80-4fed-8727-08f73144b1fc at term 16 for becomeLeader, leader elected after 106460ms
2019-09-25 05:20:57,631 [6e4b8f72-2d03-4335-a109-8ce1569ec549@group-0A753E062AF5:LeaderElection130] INFO  server.RaftServerConfigKeys (ConfUtils.java:logGet(43)) - raft.server.staging.catchup.gap = 1000 (default)
2019-09-25 05:20:57,635 [dc7ea896-6e80-4fed-8727-08f73144b1fc@group-E9952EC7D1B9:LeaderElection131] INFO  server.RaftServerConfigKeys (ConfUtils.java:logGet(43)) - raft.server.staging.catchup.gap = 1000 (default)
2019-09-25 05:20:57,636 [6e4b8f72-2d03-4335-a109-8ce1569ec549@group-0A753E062AF5:LeaderElection130] INFO  server.RaftServerConfigKeys (ConfUtils.java:logGet(43)) - raft.server.rpc.sleep.time = 25ms (default)
2019-09-25 05:20:57,636 [dc7ea896-6e80-4fed-8727-08f73144b1fc@group-E9952EC7D1B9:LeaderElection131] INFO  server.RaftServerConfigKeys (ConfUtils.java:logGet(43)) - raft.server.rpc.sleep.time = 25ms (default)
2019-09-25 05:20:57,636 [6e4b8f72-2d03-4335-a109-8ce1569ec549@group-0A753E062AF5:LeaderElection130] INFO  server.RaftServerConfigKeys (ConfUtils.java:logGet(43)) - raft.server.write.element-limit = 4096 (default)
2019-09-25 05:20:57,636 [dc7ea896-6e80-4fed-8727-08f73144b1fc@group-E9952EC7D1B9:LeaderElection131] INFO  server.RaftServerConfigKeys (ConfUtils.java:logGet(43)) - raft.server.write.element-limit = 4096 (default)
2019-09-25 05:20:57,636 [6e4b8f72-2d03-4335-a109-8ce1569ec549@group-0A753E062AF5:LeaderElection130] INFO  server.RaftServerConfigKeys (ConfUtils.java:logGet(43)) - raft.server.watch.timeout = 10s (default)
2019-09-25 05:20:57,636 [dc7ea896-6e80-4fed-8727-08f73144b1fc@group-E9952EC7D1B9:LeaderElection131] INFO  server.RaftServerConfigKeys (ConfUtils.java:logGet(43)) - raft.server.watch.timeout = 10s (default)
2019-09-25 05:20:57,636 [6e4b8f72-2d03-4335-a109-8ce1569ec549@group-0A753E062AF5:LeaderElection130] INFO  server.RaftServerConfigKeys (ConfUtils.java:logGet(43)) - raft.server.watch.timeout.denomination = 1s (default)
2019-09-25 05:20:57,636 [dc7ea896-6e80-4fed-8727-08f73144b1fc@group-E9952EC7D1B9:LeaderElection131] INFO  server.RaftServerConfigKeys (ConfUtils.java:logGet(43)) - raft.server.watch.timeout.denomination = 1s (default)
2019-09-25 05:20:57,637 [6e4b8f72-2d03-4335-a109-8ce1569ec549@group-0A753E062AF5:LeaderElection130] INFO  server.RaftServerConfigKeys (ConfUtils.java:logGet(43)) - raft.server.watch.element-limit = 65536 (default)
2019-09-25 05:20:57,637 [dc7ea896-6e80-4fed-8727-08f73144b1fc@group-E9952EC7D1B9:LeaderElection131] INFO  server.RaftServerConfigKeys (ConfUtils.java:logGet(43)) - raft.server.watch.element-limit = 65536 (default)
2019-09-25 05:20:57,643 [dc7ea896-6e80-4fed-8727-08f73144b1fc@group-E9952EC7D1B9:LeaderElection131] INFO  server.RaftServerConfigKeys (ConfUtils.java:logGet(43)) - raft.server.log.appender.snapshot.chunk.size.max = 16MB (=16777216) (default)
2019-09-25 05:20:57,643 [6e4b8f72-2d03-4335-a109-8ce1569ec549@group-0A753E062AF5:LeaderElection130] INFO  server.RaftServerConfigKeys (ConfUtils.java:logGet(43)) - raft.server.log.appender.snapshot.chunk.size.max = 16MB (=16777216) (default)
2019-09-25 05:20:57,644 [dc7ea896-6e80-4fed-8727-08f73144b1fc@group-E9952EC7D1B9:LeaderElection131] INFO  server.RaftServerConfigKeys (ConfUtils.java:logGet(43)) - raft.server.log.appender.buffer.byte-limit = 33554432 (custom)
2019-09-25 05:20:57,644 [6e4b8f72-2d03-4335-a109-8ce1569ec549@group-0A753E062AF5:LeaderElection130] INFO  server.RaftServerConfigKeys (ConfUtils.java:logGet(43)) - raft.server.log.appender.buffer.byte-limit = 33554432 (custom)
2019-09-25 05:20:57,644 [dc7ea896-6e80-4fed-8727-08f73144b1fc@group-E9952EC7D1B9:LeaderElection131] INFO  server.RaftServerConfigKeys (ConfUtils.java:logGet(43)) - raft.server.log.appender.buffer.element-limit = 1 (custom)
2019-09-25 05:20:57,644 [6e4b8f72-2d03-4335-a109-8ce1569ec549@group-0A753E062AF5:LeaderElection130] INFO  server.RaftServerConfigKeys (ConfUtils.java:logGet(43)) - raft.server.log.appender.buffer.element-limit = 1 (custom)
2019-09-25 05:20:57,644 [dc7ea896-6e80-4fed-8727-08f73144b1fc@group-E9952EC7D1B9:LeaderElection131] INFO  grpc.GrpcConfigKeys$Server (ConfUtils.java:logGet(43)) - raft.grpc.server.leader.outstanding.appends.max = 128 (default)
2019-09-25 05:20:57,644 [6e4b8f72-2d03-4335-a109-8ce1569ec549@group-0A753E062AF5:LeaderElection130] INFO  grpc.GrpcConfigKeys$Server (ConfUtils.java:logGet(43)) - raft.grpc.server.leader.outstanding.appends.max = 128 (default)
2019-09-25 05:20:57,647 [dc7ea896-6e80-4fed-8727-08f73144b1fc@group-E9952EC7D1B9:LeaderElection131] INFO  server.RaftServerConfigKeys (ConfUtils.java:logGet(43)) - raft.server.rpc.request.timeout = 3000ms (default)
2019-09-25 05:20:57,647 [6e4b8f72-2d03-4335-a109-8ce1569ec549@group-0A753E062AF5:LeaderElection130] INFO  server.RaftServerConfigKeys (ConfUtils.java:logGet(43)) - raft.server.rpc.request.timeout = 3000ms (default)
2019-09-25 05:20:57,647 [dc7ea896-6e80-4fed-8727-08f73144b1fc@group-E9952EC7D1B9:LeaderElection131] INFO  server.RaftServerConfigKeys (ConfUtils.java:logGet(43)) - raft.server.log.appender.install.snapshot.enabled = false (custom)
2019-09-25 05:20:57,647 [6e4b8f72-2d03-4335-a109-8ce1569ec549@group-0A753E062AF5:LeaderElection130] INFO  server.RaftServerConfigKeys (ConfUtils.java:logGet(43)) - raft.server.log.appender.install.snapshot.enabled = false (custom)
2019-09-25 05:20:57,647 [6e4b8f72-2d03-4335-a109-8ce1569ec549@group-0A753E062AF5:LeaderElection130] INFO  server.RaftServerConfigKeys (ConfUtils.java:logGet(43)) - raft.server.log.appender.snapshot.chunk.size.max = 16MB (=16777216) (default)
2019-09-25 05:20:57,647 [dc7ea896-6e80-4fed-8727-08f73144b1fc@group-E9952EC7D1B9:LeaderElection131] INFO  server.RaftServerConfigKeys (ConfUtils.java:logGet(43)) - raft.server.log.appender.snapshot.chunk.size.max = 16MB (=16777216) (default)
2019-09-25 05:20:57,648 [6e4b8f72-2d03-4335-a109-8ce1569ec549@group-0A753E062AF5:LeaderElection130] INFO  server.RaftServerConfigKeys (ConfUtils.java:logGet(43)) - raft.server.log.appender.buffer.byte-limit = 33554432 (custom)
2019-09-25 05:20:57,648 [dc7ea896-6e80-4fed-8727-08f73144b1fc@group-E9952EC7D1B9:LeaderElection131] INFO  server.RaftServerConfigKeys (ConfUtils.java:logGet(43)) - raft.server.log.appender.buffer.byte-limit = 33554432 (custom)
2019-09-25 05:20:57,648 [6e4b8f72-2d03-4335-a109-8ce1569ec549@group-0A753E062AF5:LeaderElection130] INFO  server.RaftServerConfigKeys (ConfUtils.java:logGet(43)) - raft.server.log.appender.buffer.element-limit = 1 (custom)
2019-09-25 05:20:57,648 [dc7ea896-6e80-4fed-8727-08f73144b1fc@group-E9952EC7D1B9:LeaderElection131] INFO  server.RaftServerConfigKeys (ConfUtils.java:logGet(43)) - raft.server.log.appender.buffer.element-limit = 1 (custom)
2019-09-25 05:20:57,648 [6e4b8f72-2d03-4335-a109-8ce1569ec549@group-0A753E062AF5:LeaderElection130] INFO  grpc.GrpcConfigKeys$Server (ConfUtils.java:logGet(43)) - raft.grpc.server.leader.outstanding.appends.max = 128 (default)
2019-09-25 05:20:57,648 [dc7ea896-6e80-4fed-8727-08f73144b1fc@group-E9952EC7D1B9:LeaderElection131] INFO  grpc.GrpcConfigKeys$Server (ConfUtils.java:logGet(43)) - raft.grpc.server.leader.outstanding.appends.max = 128 (default)
2019-09-25 05:20:57,648 [6e4b8f72-2d03-4335-a109-8ce1569ec549@group-0A753E062AF5:LeaderElection130] INFO  server.RaftServerConfigKeys (ConfUtils.java:logGet(43)) - raft.server.rpc.request.timeout = 3000ms (default)
2019-09-25 05:20:57,649 [dc7ea896-6e80-4fed-8727-08f73144b1fc@group-E9952EC7D1B9:LeaderElection131] INFO  server.RaftServerConfigKeys (ConfUtils.java:logGet(43)) - raft.server.rpc.request.timeout = 3000ms (default)
2019-09-25 05:20:57,649 [6e4b8f72-2d03-4335-a109-8ce1569ec549@group-0A753E062AF5:LeaderElection130] INFO  server.RaftServerConfigKeys (ConfUtils.java:logGet(43)) - raft.server.log.appender.install.snapshot.enabled = false (custom)
2019-09-25 05:20:57,649 [dc7ea896-6e80-4fed-8727-08f73144b1fc@group-E9952EC7D1B9:LeaderElection131] INFO  server.RaftServerConfigKeys (ConfUtils.java:logGet(43)) - raft.server.log.appender.install.snapshot.enabled = false (custom)
2019-09-25 05:20:57,649 [6e4b8f72-2d03-4335-a109-8ce1569ec549@group-0A753E062AF5:LeaderElection130] INFO  impl.RoleInfo (RoleInfo.java:updateAndGet(143)) - 6e4b8f72-2d03-4335-a109-8ce1569ec549: start LeaderState
2019-09-25 05:20:57,649 [dc7ea896-6e80-4fed-8727-08f73144b1fc@group-E9952EC7D1B9:LeaderElection131] INFO  impl.RoleInfo (RoleInfo.java:updateAndGet(143)) - dc7ea896-6e80-4fed-8727-08f73144b1fc: start LeaderState
2019-09-25 05:20:57,650 [6e4b8f72-2d03-4335-a109-8ce1569ec549@group-0A753E062AF5:LeaderElection130] INFO  segmented.SegmentedRaftLogWorker (SegmentedRaftLogWorker.java:startLogSegment(380)) - 6e4b8f72-2d03-4335-a109-8ce1569ec549@group-0A753E062AF5-SegmentedRaftLogWorker: Starting segment from index:0
2019-09-25 05:20:57,650 [dc7ea896-6e80-4fed-8727-08f73144b1fc@group-E9952EC7D1B9:LeaderElection131] INFO  segmented.SegmentedRaftLogWorker (SegmentedRaftLogWorker.java:startLogSegment(380)) - dc7ea896-6e80-4fed-8727-08f73144b1fc@group-E9952EC7D1B9-SegmentedRaftLogWorker: Starting segment from index:0
2019-09-25 05:20:57,651 [6e4b8f72-2d03-4335-a109-8ce1569ec549@group-0A753E062AF5:LeaderElection130] INFO  impl.RaftServerImpl (ServerState.java:setRaftConf(354)) - 6e4b8f72-2d03-4335-a109-8ce1569ec549@group-0A753E062AF5: set configuration 0: [6e4b8f72-2d03-4335-a109-8ce1569ec549:192.168.36.126:38179, a7793eff-ada5-4527-9e0b-a0fd078cd21b:192.168.36.126:36914, ece43ade-c7f6-4378-8dfa-fbe6a8ab43cf:192.168.36.126:41805], old=null at 0
2019-09-25 05:20:57,651 [dc7ea896-6e80-4fed-8727-08f73144b1fc@group-E9952EC7D1B9:LeaderElection131] INFO  impl.RaftServerImpl (ServerState.java:setRaftConf(354)) - dc7ea896-6e80-4fed-8727-08f73144b1fc@group-E9952EC7D1B9: set configuration 0: [8d1936ad-7e22-483e-8301-a12de2cdc2b5:192.168.36.126:34366, dc7ea896-6e80-4fed-8727-08f73144b1fc:192.168.36.126:42983, a824d2a0-4471-4a6f-a232-f84ec650292b:192.168.36.126:37611], old=null at 0
2019-09-25 05:20:57,686 [grpc-default-executor-7] INFO  impl.RaftServerImpl (ServerState.java:setLeader(253)) - 8d1936ad-7e22-483e-8301-a12de2cdc2b5@group-E9952EC7D1B9: change Leader from null to dc7ea896-6e80-4fed-8727-08f73144b1fc at term 16 for appendEntries, leader elected after 106515ms
2019-09-25 05:20:57,687 [grpc-default-executor-6] INFO  impl.RaftServerImpl (ServerState.java:setLeader(253)) - a824d2a0-4471-4a6f-a232-f84ec650292b@group-E9952EC7D1B9: change Leader from null to dc7ea896-6e80-4fed-8727-08f73144b1fc at term 16 for appendEntries, leader elected after 106516ms
2019-09-25 05:20:57,688 [grpc-default-executor-7] INFO  impl.RaftServerImpl (ServerState.java:setLeader(253)) - a7793eff-ada5-4527-9e0b-a0fd078cd21b@group-0A753E062AF5: change Leader from null to 6e4b8f72-2d03-4335-a109-8ce1569ec549 at term 16 for appendEntries, leader elected after 106754ms
2019-09-25 05:20:57,689 [grpc-default-executor-6] INFO  impl.RaftServerImpl (ServerState.java:setLeader(253)) - ece43ade-c7f6-4378-8dfa-fbe6a8ab43cf@group-0A753E062AF5: change Leader from null to 6e4b8f72-2d03-4335-a109-8ce1569ec549 at term 16 for appendEntries, leader elected after 106714ms
2019-09-25 05:20:57,690 [grpc-default-executor-6] INFO  impl.RaftServerImpl (ServerState.java:setRaftConf(354)) - 8d1936ad-7e22-483e-8301-a12de2cdc2b5@group-E9952EC7D1B9: set configuration 0: [8d1936ad-7e22-483e-8301-a12de2cdc2b5:192.168.36.126:34366, dc7ea896-6e80-4fed-8727-08f73144b1fc:192.168.36.126:42983, a824d2a0-4471-4a6f-a232-f84ec650292b:192.168.36.126:37611], old=null at 0
2019-09-25 05:20:57,690 [grpc-default-executor-9] INFO  impl.RaftServerImpl (ServerState.java:setRaftConf(354)) - a824d2a0-4471-4a6f-a232-f84ec650292b@group-E9952EC7D1B9: set configuration 0: [8d1936ad-7e22-483e-8301-a12de2cdc2b5:192.168.36.126:34366, dc7ea896-6e80-4fed-8727-08f73144b1fc:192.168.36.126:42983, a824d2a0-4471-4a6f-a232-f84ec650292b:192.168.36.126:37611], old=null at 0
2019-09-25 05:20:57,690 [grpc-default-executor-7] INFO  impl.RaftServerImpl (ServerState.java:setRaftConf(354)) - a7793eff-ada5-4527-9e0b-a0fd078cd21b@group-0A753E062AF5: set configuration 0: [6e4b8f72-2d03-4335-a109-8ce1569ec549:192.168.36.126:38179, a7793eff-ada5-4527-9e0b-a0fd078cd21b:192.168.36.126:36914, ece43ade-c7f6-4378-8dfa-fbe6a8ab43cf:192.168.36.126:41805], old=null at 0
2019-09-25 05:20:57,690 [grpc-default-executor-9] INFO  segmented.SegmentedRaftLogWorker (SegmentedRaftLogWorker.java:startLogSegment(380)) - a824d2a0-4471-4a6f-a232-f84ec650292b@group-E9952EC7D1B9-SegmentedRaftLogWorker: Starting segment from index:0
2019-09-25 05:20:57,690 [grpc-default-executor-5] INFO  impl.RaftServerImpl (ServerState.java:setRaftConf(354)) - ece43ade-c7f6-4378-8dfa-fbe6a8ab43cf@group-0A753E062AF5: set configuration 0: [6e4b8f72-2d03-4335-a109-8ce1569ec549:192.168.36.126:38179, a7793eff-ada5-4527-9e0b-a0fd078cd21b:192.168.36.126:36914, ece43ade-c7f6-4378-8dfa-fbe6a8ab43cf:192.168.36.126:41805], old=null at 0
2019-09-25 05:20:57,690 [grpc-default-executor-6] INFO  segmented.SegmentedRaftLogWorker (SegmentedRaftLogWorker.java:startLogSegment(380)) - 8d1936ad-7e22-483e-8301-a12de2cdc2b5@group-E9952EC7D1B9-SegmentedRaftLogWorker: Starting segment from index:0
2019-09-25 05:20:57,691 [grpc-default-executor-5] INFO  segmented.SegmentedRaftLogWorker (SegmentedRaftLogWorker.java:startLogSegment(380)) - ece43ade-c7f6-4378-8dfa-fbe6a8ab43cf@group-0A753E062AF5-SegmentedRaftLogWorker: Starting segment from index:0
2019-09-25 05:20:57,691 [grpc-default-executor-7] INFO  segmented.SegmentedRaftLogWorker (SegmentedRaftLogWorker.java:startLogSegment(380)) - a7793eff-ada5-4527-9e0b-a0fd078cd21b@group-0A753E062AF5-SegmentedRaftLogWorker: Starting segment from index:0
2019-09-25 05:20:57,725 [6e4b8f72-2d03-4335-a109-8ce1569ec549@group-0A753E062AF5-SegmentedRaftLogWorker] INFO  segmented.SegmentedRaftLogWorker (SegmentedRaftLogWorker.java:execute(569)) - 6e4b8f72-2d03-4335-a109-8ce1569ec549@group-0A753E062AF5-SegmentedRaftLogWorker: created new log segment /workdir/hadoop-ozone/integration-test/target/test-dir/MiniOzoneClusterImpl-408040ea-8342-4e81-bd05-3c5316de8946/datanode-5/data/ratis/6f3a6a27-bb62-4903-984a-0a753e062af5/current/log_inprogress_0
2019-09-25 05:20:57,725 [dc7ea896-6e80-4fed-8727-08f73144b1fc@group-E9952EC7D1B9-SegmentedRaftLogWorker] INFO  segmented.SegmentedRaftLogWorker (SegmentedRaftLogWorker.java:execute(569)) - dc7ea896-6e80-4fed-8727-08f73144b1fc@group-E9952EC7D1B9-SegmentedRaftLogWorker: created new log segment /workdir/hadoop-ozone/integration-test/target/test-dir/MiniOzoneClusterImpl-408040ea-8342-4e81-bd05-3c5316de8946/datanode-0/data/ratis/8aa4003c-a5d1-4ffa-b171-e9952ec7d1b9/current/log_inprogress_0
2019-09-25 05:20:57,762 [ece43ade-c7f6-4378-8dfa-fbe6a8ab43cf@group-0A753E062AF5-SegmentedRaftLogWorker] INFO  segmented.SegmentedRaftLogWorker (SegmentedRaftLogWorker.java:execute(569)) - ece43ade-c7f6-4378-8dfa-fbe6a8ab43cf@group-0A753E062AF5-SegmentedRaftLogWorker: created new log segment /workdir/hadoop-ozone/integration-test/target/test-dir/MiniOzoneClusterImpl-408040ea-8342-4e81-bd05-3c5316de8946/datanode-3/data/ratis/6f3a6a27-bb62-4903-984a-0a753e062af5/current/log_inprogress_0
2019-09-25 05:20:57,762 [a7793eff-ada5-4527-9e0b-a0fd078cd21b@group-0A753E062AF5-SegmentedRaftLogWorker] INFO  segmented.SegmentedRaftLogWorker (SegmentedRaftLogWorker.java:execute(569)) - a7793eff-ada5-4527-9e0b-a0fd078cd21b@group-0A753E062AF5-SegmentedRaftLogWorker: created new log segment /workdir/hadoop-ozone/integration-test/target/test-dir/MiniOzoneClusterImpl-408040ea-8342-4e81-bd05-3c5316de8946/datanode-1/data/ratis/6f3a6a27-bb62-4903-984a-0a753e062af5/current/log_inprogress_0
2019-09-25 05:20:57,762 [8d1936ad-7e22-483e-8301-a12de2cdc2b5@group-E9952EC7D1B9-SegmentedRaftLogWorker] INFO  segmented.SegmentedRaftLogWorker (SegmentedRaftLogWorker.java:execute(569)) - 8d1936ad-7e22-483e-8301-a12de2cdc2b5@group-E9952EC7D1B9-SegmentedRaftLogWorker: created new log segment /workdir/hadoop-ozone/integration-test/target/test-dir/MiniOzoneClusterImpl-408040ea-8342-4e81-bd05-3c5316de8946/datanode-6/data/ratis/8aa4003c-a5d1-4ffa-b171-e9952ec7d1b9/current/log_inprogress_0
2019-09-25 05:20:57,762 [a824d2a0-4471-4a6f-a232-f84ec650292b@group-E9952EC7D1B9-SegmentedRaftLogWorker] INFO  segmented.SegmentedRaftLogWorker (SegmentedRaftLogWorker.java:execute(569)) - a824d2a0-4471-4a6f-a232-f84ec650292b@group-E9952EC7D1B9-SegmentedRaftLogWorker: created new log segment /workdir/hadoop-ozone/integration-test/target/test-dir/MiniOzoneClusterImpl-408040ea-8342-4e81-bd05-3c5316de8946/datanode-2/data/ratis/8aa4003c-a5d1-4ffa-b171-e9952ec7d1b9/current/log_inprogress_0
2019-09-25 05:20:58,215 [pool-76-thread-4] WARN  impl.ChunkManagerImpl (ChunkUtils.java:validateChunkForOverwrite(203)) - Duplicate write chunk request. Chunk overwrite without explicit request. ChunkInfo{chunkName='1569388751273.data.0, offset=0, len=1048576}
2019-09-25 05:20:58,215 [pool-76-thread-4] WARN  impl.ChunkManagerImpl (ChunkManagerImpl.java:writeChunk(111)) - ChunkFile already exists/workdir/hadoop-ozone/integration-test/target/test-dir/MiniOzoneClusterImpl-408040ea-8342-4e81-bd05-3c5316de8946/datanode-5/data/containers/hdds/aed6f11b-4ed7-4375-9a81-9e192b393108/current/containerDir0/1/chunks/1569388751273.data.0.Deleting it.
2019-09-25 05:20:58,219 [pool-36-thread-2] WARN  impl.ChunkManagerImpl (ChunkUtils.java:validateChunkForOverwrite(203)) - Duplicate write chunk request. Chunk overwrite without explicit request. ChunkInfo{chunkName='1569388751273.data.0, offset=0, len=1048576}
2019-09-25 05:20:58,222 [pool-36-thread-2] WARN  impl.ChunkManagerImpl (ChunkManagerImpl.java:writeChunk(111)) - ChunkFile already exists/workdir/hadoop-ozone/integration-test/target/test-dir/MiniOzoneClusterImpl-408040ea-8342-4e81-bd05-3c5316de8946/datanode-1/data/containers/hdds/aed6f11b-4ed7-4375-9a81-9e192b393108/current/containerDir0/1/chunks/1569388751273.data.0.Deleting it.
2019-09-25 05:20:58,223 [pool-56-thread-2] WARN  impl.ChunkManagerImpl (ChunkUtils.java:validateChunkForOverwrite(203)) - Duplicate write chunk request. Chunk overwrite without explicit request. ChunkInfo{chunkName='1569388751273.data.0, offset=0, len=1048576}
2019-09-25 05:20:58,223 [pool-56-thread-2] WARN  impl.ChunkManagerImpl (ChunkManagerImpl.java:writeChunk(111)) - ChunkFile already exists/workdir/hadoop-ozone/integration-test/target/test-dir/MiniOzoneClusterImpl-408040ea-8342-4e81-bd05-3c5316de8946/datanode-3/data/containers/hdds/aed6f11b-4ed7-4375-9a81-9e192b393108/current/containerDir0/1/chunks/1569388751273.data.0.Deleting it.
2019-09-25 05:20:59,106 [Datanode State Machine Thread - 0] INFO  statemachine.DatanodeStateMachine (DatanodeStateMachine.java:lambda$startDaemon$0(350)) - Ozone container server started.
2019-09-25 05:21:01,143 [EventQueue-StaleNodeForStaleNodeHandler] INFO  node.StaleNodeHandler (StaleNodeHandler.java:onMessage(58)) - Datanode 6e4b8f72-2d03-4335-a109-8ce1569ec549{ip: 192.168.36.126, host: pr-hdds-2174-pqx5g-486351168, networkLocation: /default-rack, certSerialId: null} moved to stale state. Finalizing its pipelines [PipelineID=6f3a6a27-bb62-4903-984a-0a753e062af5]
2019-09-25 05:21:01,143 [EventQueue-StaleNodeForStaleNodeHandler] INFO  pipeline.SCMPipelineManager (SCMPipelineManager.java:finalizeAndDestroyPipeline(315)) - destroying pipeline:Pipeline[ Id: 6f3a6a27-bb62-4903-984a-0a753e062af5, Nodes: 6e4b8f72-2d03-4335-a109-8ce1569ec549{ip: 192.168.36.126, host: pr-hdds-2174-pqx5g-486351168, networkLocation: /default-rack, certSerialId: null}a7793eff-ada5-4527-9e0b-a0fd078cd21b{ip: 192.168.36.126, host: pr-hdds-2174-pqx5g-486351168, networkLocation: /default-rack, certSerialId: null}ece43ade-c7f6-4378-8dfa-fbe6a8ab43cf{ip: 192.168.36.126, host: pr-hdds-2174-pqx5g-486351168, networkLocation: /default-rack, certSerialId: null}, Type:RATIS, Factor:THREE, State:OPEN]
2019-09-25 05:21:01,145 [EventQueue-StaleNodeForStaleNodeHandler] INFO  pipeline.PipelineStateManager (PipelineStateManager.java:finalizePipeline(123)) - Pipeline Pipeline[ Id: 6f3a6a27-bb62-4903-984a-0a753e062af5, Nodes: 6e4b8f72-2d03-4335-a109-8ce1569ec549{ip: 192.168.36.126, host: pr-hdds-2174-pqx5g-486351168, networkLocation: /default-rack, certSerialId: null}a7793eff-ada5-4527-9e0b-a0fd078cd21b{ip: 192.168.36.126, host: pr-hdds-2174-pqx5g-486351168, networkLocation: /default-rack, certSerialId: null}ece43ade-c7f6-4378-8dfa-fbe6a8ab43cf{ip: 192.168.36.126, host: pr-hdds-2174-pqx5g-486351168, networkLocation: /default-rack, certSerialId: null}, Type:RATIS, Factor:THREE, State:CLOSED] moved to CLOSED state
2019-09-25 05:21:01,146 [EventQueue-CloseContainerForCloseContainerEventHandler] INFO  container.CloseContainerEventHandler (CloseContainerEventHandler.java:onMessage(61)) - Close container Event triggered for container : #1
2019-09-25 05:21:03,469 [main] INFO  ozoneimpl.OzoneContainer (OzoneContainer.java:stop(231)) - Attempting to stop container services.
2019-09-25 05:21:03,471 [main] INFO  impl.RaftServerProxy (RaftServerProxy.java:lambda$close$4(314)) - 6e4b8f72-2d03-4335-a109-8ce1569ec549: close
2019-09-25 05:21:03,472 [main] INFO  impl.RaftServerImpl (RaftServerImpl.java:lambda$shutdown$3(251)) - 6e4b8f72-2d03-4335-a109-8ce1569ec549@group-0A753E062AF5: shutdown
2019-09-25 05:21:03,473 [main] INFO  util.JmxRegister (JmxRegister.java:unregister(73)) - Successfully un-registered JMX Bean with object name Ratis:service=RaftServer,group=group-0A753E062AF5,id=6e4b8f72-2d03-4335-a109-8ce1569ec549
2019-09-25 05:21:03,473 [main] INFO  impl.RoleInfo (RoleInfo.java:shutdownLeaderState(104)) - 6e4b8f72-2d03-4335-a109-8ce1569ec549: shutdown LeaderState
2019-09-25 05:21:03,478 [org.apache.ratis.server.impl.LogAppender$AppenderDaemon$$Lambda$573/83507364@4b03551f] WARN  server.GrpcLogAppender (GrpcLogAppender.java:mayWait(143)) - 6e4b8f72-2d03-4335-a109-8ce1569ec549@group-0A753E062AF5->a7793eff-ada5-4527-9e0b-a0fd078cd21b-GrpcLogAppender: Wait interrupted by java.lang.InterruptedException
2019-09-25 05:21:03,478 [org.apache.ratis.server.impl.LogAppender$AppenderDaemon$$Lambda$573/83507364@23d424d] WARN  server.GrpcLogAppender (GrpcLogAppender.java:mayWait(143)) - 6e4b8f72-2d03-4335-a109-8ce1569ec549@group-0A753E062AF5->ece43ade-c7f6-4378-8dfa-fbe6a8ab43cf-GrpcLogAppender: Wait interrupted by java.lang.InterruptedException
2019-09-25 05:21:03,478 [main] INFO  impl.PendingRequests (PendingRequests.java:sendNotLeaderResponses(202)) - 6e4b8f72-2d03-4335-a109-8ce1569ec549-PendingRequests: sendNotLeaderResponses
2019-09-25 05:21:03,479 [grpc-default-executor-6] INFO  server.GrpcServerProtocolService (GrpcServerProtocolService.java:onCompleted(113)) - ece43ade-c7f6-4378-8dfa-fbe6a8ab43cf: Completed APPEND_ENTRIES, lastRequest: 6e4b8f72-2d03-4335-a109-8ce1569ec549->ece43ade-c7f6-4378-8dfa-fbe6a8ab43cf#10-t16, previous=(t:16, i:7), leaderCommit=7, initializing? false, entries: <empty>
2019-09-25 05:21:03,479 [grpc-default-executor-9] INFO  server.GrpcServerProtocolService (GrpcServerProtocolService.java:onCompleted(113)) - a7793eff-ada5-4527-9e0b-a0fd078cd21b: Completed APPEND_ENTRIES, lastRequest: 6e4b8f72-2d03-4335-a109-8ce1569ec549->a7793eff-ada5-4527-9e0b-a0fd078cd21b#10-t16, previous=(t:16, i:7), leaderCommit=7, initializing? false, entries: <empty>
2019-09-25 05:21:03,480 [grpc-default-executor-9] INFO  server.GrpcLogAppender (GrpcLogAppender.java:onCompleted(293)) - 6e4b8f72-2d03-4335-a109-8ce1569ec549@group-0A753E062AF5->a7793eff-ada5-4527-9e0b-a0fd078cd21b-AppendLogResponseHandler: follower responses appendEntries COMPLETED
2019-09-25 05:21:03,480 [grpc-default-executor-6] INFO  server.GrpcLogAppender (GrpcLogAppender.java:onCompleted(293)) - 6e4b8f72-2d03-4335-a109-8ce1569ec549@group-0A753E062AF5->ece43ade-c7f6-4378-8dfa-fbe6a8ab43cf-AppendLogResponseHandler: follower responses appendEntries COMPLETED
2019-09-25 05:21:03,481 [grpc-default-executor-9] INFO  impl.FollowerInfo (FollowerInfo.java:lambda$new$0(51)) - 6e4b8f72-2d03-4335-a109-8ce1569ec549@group-0A753E062AF5->a7793eff-ada5-4527-9e0b-a0fd078cd21b: nextIndex: updateUnconditionally 8 -> 7
2019-09-25 05:21:03,481 [grpc-default-executor-6] INFO  impl.FollowerInfo (FollowerInfo.java:lambda$new$0(51)) - 6e4b8f72-2d03-4335-a109-8ce1569ec549@group-0A753E062AF5->ece43ade-c7f6-4378-8dfa-fbe6a8ab43cf: nextIndex: updateUnconditionally 8 -> 7
2019-09-25 05:21:03,488 [main] INFO  impl.StateMachineUpdater (StateMachineUpdater.java:stopAndJoin(125)) - 6e4b8f72-2d03-4335-a109-8ce1569ec549@group-0A753E062AF5-StateMachineUpdater: set stopIndex = 7
2019-09-25 05:21:03,488 [6e4b8f72-2d03-4335-a109-8ce1569ec549@group-0A753E062AF5-StateMachineUpdater] INFO  ratis.ContainerStateMachine (ContainerStateMachine.java:takeSnapshot(289)) - group-0A753E062AF5: Taking a snapshot at:(t:16, i:7) file /workdir/hadoop-ozone/integration-test/target/test-dir/MiniOzoneClusterImpl-408040ea-8342-4e81-bd05-3c5316de8946/datanode-5/data/ratis/6f3a6a27-bb62-4903-984a-0a753e062af5/sm/snapshot.16_7
2019-09-25 05:21:03,535 [6e4b8f72-2d03-4335-a109-8ce1569ec549@group-0A753E062AF5-StateMachineUpdater] INFO  ratis.ContainerStateMachine (ContainerStateMachine.java:takeSnapshot(300)) - group-0A753E062AF5: Finished taking a snapshot at:(t:16, i:7) file:/workdir/hadoop-ozone/integration-test/target/test-dir/MiniOzoneClusterImpl-408040ea-8342-4e81-bd05-3c5316de8946/datanode-5/data/ratis/6f3a6a27-bb62-4903-984a-0a753e062af5/sm/snapshot.16_7 time:47
2019-09-25 05:21:03,537 [6e4b8f72-2d03-4335-a109-8ce1569ec549@group-0A753E062AF5-StateMachineUpdater] INFO  impl.StateMachineUpdater (StateMachineUpdater.java:takeSnapshot(258)) - 6e4b8f72-2d03-4335-a109-8ce1569ec549@group-0A753E062AF5-StateMachineUpdater: Took a snapshot at index 7
2019-09-25 05:21:03,537 [6e4b8f72-2d03-4335-a109-8ce1569ec549@group-0A753E062AF5-StateMachineUpdater] INFO  impl.StateMachineUpdater (StateMachineUpdater.java:lambda$new$0(83)) - 6e4b8f72-2d03-4335-a109-8ce1569ec549@group-0A753E062AF5-StateMachineUpdater: snapshotIndex: updateIncreasingly -1 -> 7
2019-09-25 05:21:03,542 [main] INFO  impl.RaftServerImpl (ServerState.java:close(385)) - 6e4b8f72-2d03-4335-a109-8ce1569ec549@group-0A753E062AF5: closes. applyIndex: 7
2019-09-25 05:21:03,543 [6e4b8f72-2d03-4335-a109-8ce1569ec549@group-0A753E062AF5-SegmentedRaftLogWorker] INFO  segmented.SegmentedRaftLogWorker (SegmentedRaftLogWorker.java:run(313)) - 6e4b8f72-2d03-4335-a109-8ce1569ec549@group-0A753E062AF5-SegmentedRaftLogWorker was interrupted, exiting. There are 0 tasks remaining in the queue.
2019-09-25 05:21:03,546 [main] INFO  segmented.SegmentedRaftLogWorker (SegmentedRaftLogWorker.java:close(228)) - 6e4b8f72-2d03-4335-a109-8ce1569ec549@group-0A753E062AF5-SegmentedRaftLogWorker close()
2019-09-25 05:21:03,551 [main] INFO  server.GrpcService (GrpcService.java:closeImpl(164)) - 6e4b8f72-2d03-4335-a109-8ce1569ec549: shutdown server with port 38179 now
2019-09-25 05:21:03,553 [main] INFO  server.GrpcService (GrpcService.java:closeImpl(172)) - 6e4b8f72-2d03-4335-a109-8ce1569ec549: shutdown server with port 38179 successfully
2019-09-25 05:21:03,565 [refreshUsed-/workdir/hadoop-ozone/integration-test/target/test-dir/MiniOzoneClusterImpl-408040ea-8342-4e81-bd05-3c5316de8946/datanode-5/data/containers] WARN  fs.CachingGetSpaceUsed (CachingGetSpaceUsed.java:run(183)) - Thread Interrupted waiting to refresh disk information: sleep interrupted
2019-09-25 05:21:03,582 [main] INFO  utils.BackgroundService (BackgroundService.java:shutdown(148)) - Shutting down service BlockDeletingService
2019-09-25 05:21:03,589 [main] INFO  statemachine.DatanodeStateMachine (DatanodeStateMachine.java:stopDaemon(395)) - Ozone container server stopped.
2019-09-25 05:21:03,598 [main] INFO  handler.ContextHandler (ContextHandler.java:doStop(910)) - Stopped o.e.j.w.WebAppContext@272ce069{/,null,UNAVAILABLE}{/hddsDatanode}
2019-09-25 05:21:03,603 [main] INFO  server.AbstractConnector (AbstractConnector.java:doStop(318)) - Stopped ServerConnector@3d7fb838{HTTP/1.1,[http/1.1]}{0.0.0.0:0}
2019-09-25 05:21:03,603 [main] INFO  handler.ContextHandler (ContextHandler.java:doStop(910)) - Stopped o.e.j.s.ServletContextHandler@117d32e{/static,jar:file:/home/user/.m2/repository/org/apache/hadoop/hadoop-hdds-container-service/0.5.0-SNAPSHOT/hadoop-hdds-container-service-0.5.0-SNAPSHOT.jar!/webapps/static,UNAVAILABLE}
2019-09-25 05:21:03,603 [main] INFO  handler.ContextHandler (ContextHandler.java:doStop(910)) - Stopped o.e.j.s.ServletContextHandler@4596f8f3{/logs,file:///workdir/hadoop-ozone/integration-test/target/log,UNAVAILABLE}
2019-09-25 05:21:04,196 [Datanode State Machine Thread - 0] INFO  statemachine.DatanodeStateMachine (DatanodeStateMachine.java:lambda$startDaemon$0(350)) - Ozone container server started.
2019-09-25 05:21:06,250 [EventQueue-StaleNodeForStaleNodeHandler] INFO  node.StaleNodeHandler (StaleNodeHandler.java:onMessage(58)) - Datanode a7793eff-ada5-4527-9e0b-a0fd078cd21b{ip: 192.168.36.126, host: pr-hdds-2174-pqx5g-486351168, networkLocation: /default-rack, certSerialId: null} moved to stale state. Finalizing its pipelines [PipelineID=6f3a6a27-bb62-4903-984a-0a753e062af5]
2019-09-25 05:21:06,250 [EventQueue-StaleNodeForStaleNodeHandler] INFO  pipeline.SCMPipelineManager (SCMPipelineManager.java:finalizeAndDestroyPipeline(315)) - destroying pipeline:Pipeline[ Id: 6f3a6a27-bb62-4903-984a-0a753e062af5, Nodes: 6e4b8f72-2d03-4335-a109-8ce1569ec549{ip: 192.168.36.126, host: pr-hdds-2174-pqx5g-486351168, networkLocation: /default-rack, certSerialId: null}a7793eff-ada5-4527-9e0b-a0fd078cd21b{ip: 192.168.36.126, host: pr-hdds-2174-pqx5g-486351168, networkLocation: /default-rack, certSerialId: null}ece43ade-c7f6-4378-8dfa-fbe6a8ab43cf{ip: 192.168.36.126, host: pr-hdds-2174-pqx5g-486351168, networkLocation: /default-rack, certSerialId: null}, Type:RATIS, Factor:THREE, State:CLOSED]
2019-09-25 05:21:08,613 [main] INFO  ozoneimpl.OzoneContainer (OzoneContainer.java:stop(231)) - Attempting to stop container services.
2019-09-25 05:21:08,614 [main] INFO  impl.RaftServerProxy (RaftServerProxy.java:lambda$close$4(314)) - a7793eff-ada5-4527-9e0b-a0fd078cd21b: close
2019-09-25 05:21:08,615 [main] INFO  impl.RaftServerImpl (RaftServerImpl.java:lambda$shutdown$3(251)) - a7793eff-ada5-4527-9e0b-a0fd078cd21b@group-0A753E062AF5: shutdown
2019-09-25 05:21:08,615 [main] INFO  util.JmxRegister (JmxRegister.java:unregister(73)) - Successfully un-registered JMX Bean with object name Ratis:service=RaftServer,group=group-0A753E062AF5,id=a7793eff-ada5-4527-9e0b-a0fd078cd21b
2019-09-25 05:21:08,615 [main] INFO  impl.RoleInfo (RoleInfo.java:shutdownFollowerState(121)) - a7793eff-ada5-4527-9e0b-a0fd078cd21b: shutdown FollowerState
2019-09-25 05:21:08,622 [main] INFO  impl.StateMachineUpdater (StateMachineUpdater.java:stopAndJoin(125)) - a7793eff-ada5-4527-9e0b-a0fd078cd21b@group-0A753E062AF5-StateMachineUpdater: set stopIndex = 7
2019-09-25 05:21:08,622 [a7793eff-ada5-4527-9e0b-a0fd078cd21b@group-0A753E062AF5-StateMachineUpdater] INFO  ratis.ContainerStateMachine (ContainerStateMachine.java:takeSnapshot(289)) - group-0A753E062AF5: Taking a snapshot at:(t:16, i:6) file /workdir/hadoop-ozone/integration-test/target/test-dir/MiniOzoneClusterImpl-408040ea-8342-4e81-bd05-3c5316de8946/datanode-1/data/ratis/6f3a6a27-bb62-4903-984a-0a753e062af5/sm/snapshot.16_6
2019-09-25 05:21:08,622 [Thread-1075] INFO  impl.FollowerState (FollowerState.java:run(115)) - a7793eff-ada5-4527-9e0b-a0fd078cd21b: FollowerState was interrupted: java.lang.InterruptedException: sleep interrupted
2019-09-25 05:21:11,246 [grpc-default-executor-6] INFO  impl.RaftServerProxy (RaftServerProxy.java:addNew(89)) - ece43ade-c7f6-4378-8dfa-fbe6a8ab43cf: addNew group-F85D79F6619D:[ece43ade-c7f6-4378-8dfa-fbe6a8ab43cf:192.168.36.126:41805] returns group-F85D79F6619D:java.util.concurrent.CompletableFuture@36004437[Not completed]
2019-09-25 05:21:11,250 [pool-57-thread-1] INFO  impl.RaftServerImpl (RaftServerImpl.java:<init>(95)) - ece43ade-c7f6-4378-8dfa-fbe6a8ab43cf: new RaftServerImpl for group-F85D79F6619D:[ece43ade-c7f6-4378-8dfa-fbe6a8ab43cf:192.168.36.126:41805] with ContainerStateMachine:uninitialized
2019-09-25 05:21:11,250 [pool-57-thread-1] INFO  server.RaftServerConfigKeys (ConfUtils.java:logGet(43)) - raft.server.rpc.timeout.min = 5s (custom)
2019-09-25 05:21:11,250 [pool-57-thread-1] INFO  server.RaftServerConfigKeys (ConfUtils.java:logGet(43)) - raft.server.rpc.timeout.max = 5200ms (custom)
2019-09-25 05:21:11,251 [pool-57-thread-1] INFO  server.RaftServerConfigKeys (ConfUtils.java:logGet(43)) - raft.server.rpcslowness.timeout = 120s (custom)
2019-09-25 05:21:11,251 [pool-57-thread-1] INFO  server.RaftServerConfigKeys (ConfUtils.java:logGet(43)) - raft.server.sleep.deviation.threshold = 300 (default)
2019-09-25 05:21:11,251 [pool-57-thread-1] INFO  server.RaftServerConfigKeys (ConfUtils.java:logGet(43)) - raft.server.log.appender.install.snapshot.enabled = false (custom)
2019-09-25 05:21:11,251 [pool-57-thread-1] INFO  impl.RaftServerImpl (ServerState.java:<init>(103)) - ece43ade-c7f6-4378-8dfa-fbe6a8ab43cf@group-F85D79F6619D: ConfigurationManager, init=-1: [ece43ade-c7f6-4378-8dfa-fbe6a8ab43cf:192.168.36.126:41805], old=null, confs=<EMPTY_MAP>
2019-09-25 05:21:11,252 [pool-57-thread-1] INFO  server.RaftServerConfigKeys (ConfUtils.java:logGet(43)) - raft.server.storage.dir = [/workdir/hadoop-ozone/integration-test/target/test-dir/MiniOzoneClusterImpl-408040ea-8342-4e81-bd05-3c5316de8946/datanode-3/data/ratis] (custom)
2019-09-25 05:21:11,252 [pool-57-thread-1] INFO  storage.RaftStorageDirectory (RaftStorageDirectory.java:analyzeStorage(246)) - The storage directory /workdir/hadoop-ozone/integration-test/target/test-dir/MiniOzoneClusterImpl-408040ea-8342-4e81-bd05-3c5316de8946/datanode-3/data/ratis/42d194cf-4fd0-448d-8bea-f85d79f6619d does not exist. Creating ...
2019-09-25 05:21:13,074 [Thread-1076] INFO  impl.FollowerState (FollowerState.java:run(106)) - ece43ade-c7f6-4378-8dfa-fbe6a8ab43cf:group-0A753E062AF5 changes to CANDIDATE, lastRpcTime:9818, electionTimeout:5182ms
2019-09-25 05:21:13,075 [Thread-1076] INFO  impl.RoleInfo (RoleInfo.java:shutdownFollowerState(121)) - ece43ade-c7f6-4378-8dfa-fbe6a8ab43cf: shutdown FollowerState
2019-09-25 05:21:13,075 [Thread-1076] INFO  impl.RaftServerImpl (RaftServerImpl.java:setRole(174)) - ece43ade-c7f6-4378-8dfa-fbe6a8ab43cf@group-0A753E062AF5: changes role from  FOLLOWER to CANDIDATE at term 16 for changeToCandidate
2019-09-25 05:21:13,075 [Thread-1076] INFO  impl.RoleInfo (RoleInfo.java:updateAndGet(143)) - ece43ade-c7f6-4378-8dfa-fbe6a8ab43cf: start LeaderElection
2019-09-25 05:21:13,076 [ece43ade-c7f6-4378-8dfa-fbe6a8ab43cf@group-0A753E062AF5:LeaderElection132] INFO  impl.RaftServerImpl (ServerState.java:setLeader(253)) - ece43ade-c7f6-4378-8dfa-fbe6a8ab43cf@group-0A753E062AF5: change Leader from 6e4b8f72-2d03-4335-a109-8ce1569ec549 to null at term 16 for initElection
2019-09-25 05:21:13,745 [ece43ade-c7f6-4378-8dfa-fbe6a8ab43cf@group-0A753E062AF5:LeaderElection132] INFO  impl.LeaderElection (LeaderElection.java:askForVotes(182)) - ece43ade-c7f6-4378-8dfa-fbe6a8ab43cf@group-0A753E062AF5:LeaderElection132: begin an election at term 17 for 0: [6e4b8f72-2d03-4335-a109-8ce1569ec549:192.168.36.126:38179, a7793eff-ada5-4527-9e0b-a0fd078cd21b:192.168.36.126:36914, ece43ade-c7f6-4378-8dfa-fbe6a8ab43cf:192.168.36.126:41805], old=null
2019-09-25 05:21:13,745 [pool-57-thread-1] INFO  storage.RaftStorageDirectory (RaftStorageDirectory.java:tryLock(328)) - Lock on /workdir/hadoop-ozone/integration-test/target/test-dir/MiniOzoneClusterImpl-408040ea-8342-4e81-bd05-3c5316de8946/datanode-3/data/ratis/42d194cf-4fd0-448d-8bea-f85d79f6619d/in_use.lock acquired by nodename 9354@pr-hdds-2174-pqx5g-486351168
2019-09-25 05:21:13,746 [a7793eff-ada5-4527-9e0b-a0fd078cd21b@group-0A753E062AF5-StateMachineUpdater] INFO  ratis.ContainerStateMachine (ContainerStateMachine.java:takeSnapshot(300)) - group-0A753E062AF5: Finished taking a snapshot at:(t:16, i:6) file:/workdir/hadoop-ozone/integration-test/target/test-dir/MiniOzoneClusterImpl-408040ea-8342-4e81-bd05-3c5316de8946/datanode-1/data/ratis/6f3a6a27-bb62-4903-984a-0a753e062af5/sm/snapshot.16_6 time:5123
2019-09-25 05:21:13,749 [a7793eff-ada5-4527-9e0b-a0fd078cd21b@group-0A753E062AF5-StateMachineUpdater] INFO  impl.StateMachineUpdater (StateMachineUpdater.java:takeSnapshot(258)) - a7793eff-ada5-4527-9e0b-a0fd078cd21b@group-0A753E062AF5-StateMachineUpdater: Took a snapshot at index 6
2019-09-25 05:21:13,750 [a7793eff-ada5-4527-9e0b-a0fd078cd21b@group-0A753E062AF5-StateMachineUpdater] INFO  impl.StateMachineUpdater (StateMachineUpdater.java:lambda$new$0(83)) - a7793eff-ada5-4527-9e0b-a0fd078cd21b@group-0A753E062AF5-StateMachineUpdater: snapshotIndex: updateIncreasingly -1 -> 6
2019-09-25 05:21:13,751 [a7793eff-ada5-4527-9e0b-a0fd078cd21b@group-0A753E062AF5-StateMachineUpdater] INFO  ratis.ContainerStateMachine (ContainerStateMachine.java:takeSnapshot(289)) - group-0A753E062AF5: Taking a snapshot at:(t:16, i:6) file /workdir/hadoop-ozone/integration-test/target/test-dir/MiniOzoneClusterImpl-408040ea-8342-4e81-bd05-3c5316de8946/datanode-1/data/ratis/6f3a6a27-bb62-4903-984a-0a753e062af5/sm/snapshot.16_6
2019-09-25 05:21:13,752 [grpc-default-executor-6] WARN  server.GrpcServerProtocolService (LogUtils.java:warn(134)) - a7793eff-ada5-4527-9e0b-a0fd078cd21b: Failed requestVote ece43ade-c7f6-4378-8dfa-fbe6a8ab43cf->a7793eff-ada5-4527-9e0b-a0fd078cd21b#0: org.apache.ratis.protocol.ServerNotReadyException: a7793eff-ada5-4527-9e0b-a0fd078cd21b@group-0A753E062AF5 is not in [RUNNING]: current state is CLOSING
2019-09-25 05:21:13,774 [ece43ade-c7f6-4378-8dfa-fbe6a8ab43cf@group-0A753E062AF5:LeaderElection132] INFO  impl.LeaderElection (LogUtils.java:infoOrTrace(149)) - ece43ade-c7f6-4378-8dfa-fbe6a8ab43cf@group-0A753E062AF5:LeaderElection132 got exception when requesting votes: {}
java.util.concurrent.ExecutionException: org.apache.ratis.thirdparty.io.grpc.StatusRuntimeException: UNAVAILABLE: io exception
	at java.util.concurrent.FutureTask.report(FutureTask.java:122)
	at java.util.concurrent.FutureTask.get(FutureTask.java:192)
	at org.apache.ratis.server.impl.LeaderElection.waitForResults(LeaderElection.java:263)
	at org.apache.ratis.server.impl.LeaderElection.askForVotes(LeaderElection.java:201)
	at org.apache.ratis.server.impl.LeaderElection.run(LeaderElection.java:133)
	at java.lang.Thread.run(Thread.java:748)
Caused by: org.apache.ratis.thirdparty.io.grpc.StatusRuntimeException: UNAVAILABLE: io exception
	at org.apache.ratis.thirdparty.io.grpc.stub.ClientCalls.toStatusRuntimeException(ClientCalls.java:233)
	at org.apache.ratis.thirdparty.io.grpc.stub.ClientCalls.getUnchecked(ClientCalls.java:214)
	at org.apache.ratis.thirdparty.io.grpc.stub.ClientCalls.blockingUnaryCall(ClientCalls.java:139)
	at org.apache.ratis.proto.grpc.RaftServerProtocolServiceGrpc$RaftServerProtocolServiceBlockingStub.requestVote(RaftServerProtocolServiceGrpc.java:265)
	at org.apache.ratis.grpc.server.GrpcServerProtocolClient.requestVote(GrpcServerProtocolClient.java:90)
	at org.apache.ratis.grpc.server.GrpcService.requestVote(GrpcService.java:204)
	at org.apache.ratis.server.impl.LeaderElection.lambda$submitRequests$1(LeaderElection.java:238)
	at java.util.concurrent.FutureTask.run(FutureTask.java:266)
	at java.util.concurrent.Executors$RunnableAdapter.call(Executors.java:511)
	at java.util.concurrent.FutureTask.run(FutureTask.java:266)
	at java.util.concurrent.ThreadPoolExecutor.runWorker(ThreadPoolExecutor.java:1149)
	at java.util.concurrent.ThreadPoolExecutor$Worker.run(ThreadPoolExecutor.java:624)
	... 1 more
Caused by: org.apache.ratis.thirdparty.io.netty.channel.AbstractChannel$AnnotatedConnectException: Connection refused: /192.168.36.126:38179
	at sun.nio.ch.SocketChannelImpl.checkConnect(Native Method)
	at sun.nio.ch.SocketChannelImpl.finishConnect(SocketChannelImpl.java:717)
	at org.apache.ratis.thirdparty.io.netty.channel.socket.nio.NioSocketChannel.doFinishConnect(NioSocketChannel.java:327)
	at org.apache.ratis.thirdparty.io.netty.channel.nio.AbstractNioChannel$AbstractNioUnsafe.finishConnect(AbstractNioChannel.java:340)
	at org.apache.ratis.thirdparty.io.netty.channel.nio.NioEventLoop.processSelectedKey(NioEventLoop.java:632)
	at org.apache.ratis.thirdparty.io.netty.channel.nio.NioEventLoop.processSelectedKeysOptimized(NioEventLoop.java:579)
	at org.apache.ratis.thirdparty.io.netty.channel.nio.NioEventLoop.processSelectedKeys(NioEventLoop.java:496)
	at org.apache.ratis.thirdparty.io.netty.channel.nio.NioEventLoop.run(NioEventLoop.java:458)
	at org.apache.ratis.thirdparty.io.netty.util.concurrent.SingleThreadEventExecutor$5.run(SingleThreadEventExecutor.java:897)
	at org.apache.ratis.thirdparty.io.netty.util.concurrent.FastThreadLocalRunnable.run(FastThreadLocalRunnable.java:30)
	... 1 more
Caused by: java.net.ConnectException: Connection refused
	... 11 more
2019-09-25 05:21:13,778 [ece43ade-c7f6-4378-8dfa-fbe6a8ab43cf@group-0A753E062AF5:LeaderElection132] INFO  impl.LeaderElection (LogUtils.java:infoOrTrace(149)) - ece43ade-c7f6-4378-8dfa-fbe6a8ab43cf@group-0A753E062AF5:LeaderElection132 got exception when requesting votes: {}
java.util.concurrent.ExecutionException: org.apache.ratis.thirdparty.io.grpc.StatusRuntimeException: INTERNAL: a7793eff-ada5-4527-9e0b-a0fd078cd21b@group-0A753E062AF5 is not in [RUNNING]: current state is CLOSING
	at java.util.concurrent.FutureTask.report(FutureTask.java:122)
	at java.util.concurrent.FutureTask.get(FutureTask.java:192)
	at org.apache.ratis.server.impl.LeaderElection.waitForResults(LeaderElection.java:263)
	at org.apache.ratis.server.impl.LeaderElection.askForVotes(LeaderElection.java:201)
	at org.apache.ratis.server.impl.LeaderElection.run(LeaderElection.java:133)
	at java.lang.Thread.run(Thread.java:748)
Caused by: org.apache.ratis.thirdparty.io.grpc.StatusRuntimeException: INTERNAL: a7793eff-ada5-4527-9e0b-a0fd078cd21b@group-0A753E062AF5 is not in [RUNNING]: current state is CLOSING
	at org.apache.ratis.thirdparty.io.grpc.stub.ClientCalls.toStatusRuntimeException(ClientCalls.java:233)
	at org.apache.ratis.thirdparty.io.grpc.stub.ClientCalls.getUnchecked(ClientCalls.java:214)
	at org.apache.ratis.thirdparty.io.grpc.stub.ClientCalls.blockingUnaryCall(ClientCalls.java:139)
	at org.apache.ratis.proto.grpc.RaftServerProtocolServiceGrpc$RaftServerProtocolServiceBlockingStub.requestVote(RaftServerProtocolServiceGrpc.java:265)
	at org.apache.ratis.grpc.server.GrpcServerProtocolClient.requestVote(GrpcServerProtocolClient.java:90)
	at org.apache.ratis.grpc.server.GrpcService.requestVote(GrpcService.java:204)
	at org.apache.ratis.server.impl.LeaderElection.lambda$submitRequests$1(LeaderElection.java:238)
	at java.util.concurrent.FutureTask.run(FutureTask.java:266)
	at java.util.concurrent.Executors$RunnableAdapter.call(Executors.java:511)
	at java.util.concurrent.FutureTask.run(FutureTask.java:266)
	at java.util.concurrent.ThreadPoolExecutor.runWorker(ThreadPoolExecutor.java:1149)
	at java.util.concurrent.ThreadPoolExecutor$Worker.run(ThreadPoolExecutor.java:624)
	... 1 more
2019-09-25 05:21:13,780 [ece43ade-c7f6-4378-8dfa-fbe6a8ab43cf@group-0A753E062AF5:LeaderElection132] INFO  impl.LeaderElection (LeaderElection.java:logAndReturn(56)) - ece43ade-c7f6-4378-8dfa-fbe6a8ab43cf@group-0A753E062AF5:LeaderElection132: Election REJECTED; received 0 response(s) [] and 2 exception(s); ece43ade-c7f6-4378-8dfa-fbe6a8ab43cf@group-0A753E062AF5:t17, leader=null, voted=ece43ade-c7f6-4378-8dfa-fbe6a8ab43cf, raftlog=ece43ade-c7f6-4378-8dfa-fbe6a8ab43cf@group-0A753E062AF5-SegmentedRaftLog:OPENED:c7,f7,i7, conf=0: [6e4b8f72-2d03-4335-a109-8ce1569ec549:192.168.36.126:38179, a7793eff-ada5-4527-9e0b-a0fd078cd21b:192.168.36.126:36914, ece43ade-c7f6-4378-8dfa-fbe6a8ab43cf:192.168.36.126:41805], old=null
2019-09-25 05:21:13,780 [ece43ade-c7f6-4378-8dfa-fbe6a8ab43cf@group-0A753E062AF5:LeaderElection132] INFO  impl.LeaderElection (LogUtils.java:infoOrTrace(149)) -   Exception 0: {}
java.util.concurrent.ExecutionException: org.apache.ratis.thirdparty.io.grpc.StatusRuntimeException: UNAVAILABLE: io exception
	at java.util.concurrent.FutureTask.report(FutureTask.java:122)
	at java.util.concurrent.FutureTask.get(FutureTask.java:192)
	at org.apache.ratis.server.impl.LeaderElection.waitForResults(LeaderElection.java:263)
	at org.apache.ratis.server.impl.LeaderElection.askForVotes(LeaderElection.java:201)
	at org.apache.ratis.server.impl.LeaderElection.run(LeaderElection.java:133)
	at java.lang.Thread.run(Thread.java:748)
Caused by: org.apache.ratis.thirdparty.io.grpc.StatusRuntimeException: UNAVAILABLE: io exception
	at org.apache.ratis.thirdparty.io.grpc.stub.ClientCalls.toStatusRuntimeException(ClientCalls.java:233)
	at org.apache.ratis.thirdparty.io.grpc.stub.ClientCalls.getUnchecked(ClientCalls.java:214)
	at org.apache.ratis.thirdparty.io.grpc.stub.ClientCalls.blockingUnaryCall(ClientCalls.java:139)
	at org.apache.ratis.proto.grpc.RaftServerProtocolServiceGrpc$RaftServerProtocolServiceBlockingStub.requestVote(RaftServerProtocolServiceGrpc.java:265)
	at org.apache.ratis.grpc.server.GrpcServerProtocolClient.requestVote(GrpcServerProtocolClient.java:90)
	at org.apache.ratis.grpc.server.GrpcService.requestVote(GrpcService.java:204)
	at org.apache.ratis.server.impl.LeaderElection.lambda$submitRequests$1(LeaderElection.java:238)
	at java.util.concurrent.FutureTask.run(FutureTask.java:266)
	at java.util.concurrent.Executors$RunnableAdapter.call(Executors.java:511)
	at java.util.concurrent.FutureTask.run(FutureTask.java:266)
	at java.util.concurrent.ThreadPoolExecutor.runWorker(ThreadPoolExecutor.java:1149)
	at java.util.concurrent.ThreadPoolExecutor$Worker.run(ThreadPoolExecutor.java:624)
	... 1 more
Caused by: org.apache.ratis.thirdparty.io.netty.channel.AbstractChannel$AnnotatedConnectException: Connection refused: /192.168.36.126:38179
	at sun.nio.ch.SocketChannelImpl.checkConnect(Native Method)
	at sun.nio.ch.SocketChannelImpl.finishConnect(SocketChannelImpl.java:717)
	at org.apache.ratis.thirdparty.io.netty.channel.socket.nio.NioSocketChannel.doFinishConnect(NioSocketChannel.java:327)
	at org.apache.ratis.thirdparty.io.netty.channel.nio.AbstractNioChannel$AbstractNioUnsafe.finishConnect(AbstractNioChannel.java:340)
	at org.apache.ratis.thirdparty.io.netty.channel.nio.NioEventLoop.processSelectedKey(NioEventLoop.java:632)
	at org.apache.ratis.thirdparty.io.netty.channel.nio.NioEventLoop.processSelectedKeysOptimized(NioEventLoop.java:579)
	at org.apache.ratis.thirdparty.io.netty.channel.nio.NioEventLoop.processSelectedKeys(NioEventLoop.java:496)
	at org.apache.ratis.thirdparty.io.netty.channel.nio.NioEventLoop.run(NioEventLoop.java:458)
	at org.apache.ratis.thirdparty.io.netty.util.concurrent.SingleThreadEventExecutor$5.run(SingleThreadEventExecutor.java:897)
	at org.apache.ratis.thirdparty.io.netty.util.concurrent.FastThreadLocalRunnable.run(FastThreadLocalRunnable.java:30)
	... 1 more
Caused by: java.net.ConnectException: Connection refused
	... 11 more
2019-09-25 05:21:13,781 [ece43ade-c7f6-4378-8dfa-fbe6a8ab43cf@group-0A753E062AF5:LeaderElection132] INFO  impl.LeaderElection (LogUtils.java:infoOrTrace(149)) -   Exception 1: {}
java.util.concurrent.ExecutionException: org.apache.ratis.thirdparty.io.grpc.StatusRuntimeException: INTERNAL: a7793eff-ada5-4527-9e0b-a0fd078cd21b@group-0A753E062AF5 is not in [RUNNING]: current state is CLOSING
	at java.util.concurrent.FutureTask.report(FutureTask.java:122)
	at java.util.concurrent.FutureTask.get(FutureTask.java:192)
	at org.apache.ratis.server.impl.LeaderElection.waitForResults(LeaderElection.java:263)
	at org.apache.ratis.server.impl.LeaderElection.askForVotes(LeaderElection.java:201)
	at org.apache.ratis.server.impl.LeaderElection.run(LeaderElection.java:133)
	at java.lang.Thread.run(Thread.java:748)
Caused by: org.apache.ratis.thirdparty.io.grpc.StatusRuntimeException: INTERNAL: a7793eff-ada5-4527-9e0b-a0fd078cd21b@group-0A753E062AF5 is not in [RUNNING]: current state is CLOSING
	at org.apache.ratis.thirdparty.io.grpc.stub.ClientCalls.toStatusRuntimeException(ClientCalls.java:233)
	at org.apache.ratis.thirdparty.io.grpc.stub.ClientCalls.getUnchecked(ClientCalls.java:214)
	at org.apache.ratis.thirdparty.io.grpc.stub.ClientCalls.blockingUnaryCall(ClientCalls.java:139)
	at org.apache.ratis.proto.grpc.RaftServerProtocolServiceGrpc$RaftServerProtocolServiceBlockingStub.requestVote(RaftServerProtocolServiceGrpc.java:265)
	at org.apache.ratis.grpc.server.GrpcServerProtocolClient.requestVote(GrpcServerProtocolClient.java:90)
	at org.apache.ratis.grpc.server.GrpcService.requestVote(GrpcService.java:204)
	at org.apache.ratis.server.impl.LeaderElection.lambda$submitRequests$1(LeaderElection.java:238)
	at java.util.concurrent.FutureTask.run(FutureTask.java:266)
	at java.util.concurrent.Executors$RunnableAdapter.call(Executors.java:511)
	at java.util.concurrent.FutureTask.run(FutureTask.java:266)
	at java.util.concurrent.ThreadPoolExecutor.runWorker(ThreadPoolExecutor.java:1149)
	at java.util.concurrent.ThreadPoolExecutor$Worker.run(ThreadPoolExecutor.java:624)
	... 1 more
2019-09-25 05:21:13,781 [ece43ade-c7f6-4378-8dfa-fbe6a8ab43cf@group-0A753E062AF5:LeaderElection132] INFO  impl.RaftServerImpl (RaftServerImpl.java:setRole(174)) - ece43ade-c7f6-4378-8dfa-fbe6a8ab43cf@group-0A753E062AF5: changes role from CANDIDATE to FOLLOWER at term 17 for DISCOVERED_A_NEW_TERM
2019-09-25 05:21:13,781 [ece43ade-c7f6-4378-8dfa-fbe6a8ab43cf@group-0A753E062AF5:LeaderElection132] INFO  impl.RoleInfo (RoleInfo.java:shutdownLeaderElection(134)) - ece43ade-c7f6-4378-8dfa-fbe6a8ab43cf: shutdown LeaderElection
2019-09-25 05:21:13,781 [ece43ade-c7f6-4378-8dfa-fbe6a8ab43cf@group-0A753E062AF5:LeaderElection132] INFO  impl.RoleInfo (RoleInfo.java:updateAndGet(143)) - ece43ade-c7f6-4378-8dfa-fbe6a8ab43cf: start FollowerState
2019-09-25 05:21:14,240 [RATISCREATEPIPELINE0] ERROR pipeline.RatisPipelineProvider (RatisPipelineProvider.java:lambda$null$5(235)) - Failed invoke Ratis rpc org.apache.hadoop.hdds.scm.pipeline.RatisPipelineProvider$$Lambda$213/434268490@61192b00 for ece43ade-c7f6-4378-8dfa-fbe6a8ab43cf
org.apache.ratis.protocol.TimeoutIOException: deadline exceeded after 2998946932ns
	at org.apache.ratis.grpc.GrpcUtil.tryUnwrapException(GrpcUtil.java:82)
	at org.apache.ratis.grpc.GrpcUtil.unwrapException(GrpcUtil.java:75)
	at org.apache.ratis.grpc.client.GrpcClientProtocolClient.blockingCall(GrpcClientProtocolClient.java:178)
	at org.apache.ratis.grpc.client.GrpcClientProtocolClient.groupAdd(GrpcClientProtocolClient.java:147)
	at org.apache.ratis.grpc.client.GrpcClientRpc.sendRequest(GrpcClientRpc.java:94)
	at org.apache.ratis.client.impl.RaftClientImpl.sendRequest(RaftClientImpl.java:278)
	at org.apache.ratis.client.impl.RaftClientImpl.groupAdd(RaftClientImpl.java:205)
	at org.apache.hadoop.hdds.scm.pipeline.RatisPipelineProvider.lambda$initializePipeline$4(RatisPipelineProvider.java:196)
	at org.apache.hadoop.hdds.scm.pipeline.RatisPipelineProvider.lambda$null$5(RatisPipelineProvider.java:231)
	at java.util.stream.ForEachOps$ForEachOp$OfRef.accept(ForEachOps.java:184)
	at java.util.ArrayList$ArrayListSpliterator.forEachRemaining(ArrayList.java:1382)
	at java.util.stream.AbstractPipeline.copyInto(AbstractPipeline.java:482)
	at java.util.stream.ForEachOps$ForEachTask.compute(ForEachOps.java:291)
	at java.util.concurrent.CountedCompleter.exec(CountedCompleter.java:731)
	at java.util.concurrent.ForkJoinTask.doExec(ForkJoinTask.java:289)
	at java.util.concurrent.ForkJoinTask.doInvoke(ForkJoinTask.java:401)
	at java.util.concurrent.ForkJoinTask.invoke(ForkJoinTask.java:734)
	at java.util.stream.ForEachOps$ForEachOp.evaluateParallel(ForEachOps.java:160)
	at java.util.stream.ForEachOps$ForEachOp$OfRef.evaluateParallel(ForEachOps.java:174)
	at java.util.stream.AbstractPipeline.evaluate(AbstractPipeline.java:233)
	at java.util.stream.ReferencePipeline.forEach(ReferencePipeline.java:418)
	at java.util.stream.ReferencePipeline$Head.forEach(ReferencePipeline.java:583)
	at org.apache.hadoop.hdds.scm.pipeline.RatisPipelineProvider.lambda$callRatisRpc$6(RatisPipelineProvider.java:225)
	at java.util.concurrent.ForkJoinTask$AdaptedRunnableAction.exec(ForkJoinTask.java:1386)
	at java.util.concurrent.ForkJoinTask.doExec(ForkJoinTask.java:289)
	at java.util.concurrent.ForkJoinPool$WorkQueue.runTask(ForkJoinPool.java:1056)
	at java.util.concurrent.ForkJoinPool.runWorker(ForkJoinPool.java:1692)
	at java.util.concurrent.ForkJoinWorkerThread.run(ForkJoinWorkerThread.java:157)
Caused by: org.apache.ratis.thirdparty.io.grpc.StatusRuntimeException: DEADLINE_EXCEEDED: deadline exceeded after 2998946932ns
	at org.apache.ratis.thirdparty.io.grpc.stub.ClientCalls.toStatusRuntimeException(ClientCalls.java:233)
	at org.apache.ratis.thirdparty.io.grpc.stub.ClientCalls.getUnchecked(ClientCalls.java:214)
	at org.apache.ratis.thirdparty.io.grpc.stub.ClientCalls.blockingUnaryCall(ClientCalls.java:139)
	at org.apache.ratis.proto.grpc.AdminProtocolServiceGrpc$AdminProtocolServiceBlockingStub.groupManagement(AdminProtocolServiceGrpc.java:274)
	at org.apache.ratis.grpc.client.GrpcClientProtocolClient.lambda$groupAdd$3(GrpcClientProtocolClient.java:149)
	at org.apache.ratis.grpc.client.GrpcClientProtocolClient.blockingCall(GrpcClientProtocolClient.java:176)
	... 25 more
2019-09-25 05:21:18,790 [Thread-1142] INFO  impl.FollowerState (FollowerState.java:run(106)) - ece43ade-c7f6-4378-8dfa-fbe6a8ab43cf:group-0A753E062AF5 changes to CANDIDATE, lastRpcTime:5008, electionTimeout:5008ms
2019-09-25 05:21:18,791 [Thread-1142] INFO  impl.RoleInfo (RoleInfo.java:shutdownFollowerState(121)) - ece43ade-c7f6-4378-8dfa-fbe6a8ab43cf: shutdown FollowerState
2019-09-25 05:21:18,791 [Thread-1142] INFO  impl.RaftServerImpl (RaftServerImpl.java:setRole(174)) - ece43ade-c7f6-4378-8dfa-fbe6a8ab43cf@group-0A753E062AF5: changes role from  FOLLOWER to CANDIDATE at term 17 for changeToCandidate
2019-09-25 05:21:18,791 [Thread-1142] INFO  impl.RoleInfo (RoleInfo.java:updateAndGet(143)) - ece43ade-c7f6-4378-8dfa-fbe6a8ab43cf: start LeaderElection
2019-09-25 05:21:18,984 [a7793eff-ada5-4527-9e0b-a0fd078cd21b@group-0A753E062AF5-StateMachineUpdater] INFO  ratis.ContainerStateMachine (ContainerStateMachine.java:takeSnapshot(300)) - group-0A753E062AF5: Finished taking a snapshot at:(t:16, i:6) file:/workdir/hadoop-ozone/integration-test/target/test-dir/MiniOzoneClusterImpl-408040ea-8342-4e81-bd05-3c5316de8946/datanode-1/data/ratis/6f3a6a27-bb62-4903-984a-0a753e062af5/sm/snapshot.16_6 time:5233
2019-09-25 05:21:18,984 [pool-57-thread-1] INFO  storage.RaftStorage (RaftStorage.java:format(72)) - Storage directory /workdir/hadoop-ozone/integration-test/target/test-dir/MiniOzoneClusterImpl-408040ea-8342-4e81-bd05-3c5316de8946/datanode-3/data/ratis/42d194cf-4fd0-448d-8bea-f85d79f6619d has been successfully formatted.
2019-09-25 05:21:18,984 [a7793eff-ada5-4527-9e0b-a0fd078cd21b@group-0A753E062AF5-StateMachineUpdater] INFO  impl.StateMachineUpdater (StateMachineUpdater.java:takeSnapshot(258)) - a7793eff-ada5-4527-9e0b-a0fd078cd21b@group-0A753E062AF5-StateMachineUpdater: Took a snapshot at index 6
2019-09-25 05:21:18,985 [a7793eff-ada5-4527-9e0b-a0fd078cd21b@group-0A753E062AF5-StateMachineUpdater] INFO  impl.StateMachineUpdater (StateMachineUpdater.java:lambda$new$0(83)) - a7793eff-ada5-4527-9e0b-a0fd078cd21b@group-0A753E062AF5-StateMachineUpdater: snapshotIndex: updateIncreasingly 6 -> 6
2019-09-25 05:21:18,985 [pool-57-thread-1] INFO  ratis.ContainerStateMachine (ContainerStateMachine.java:loadSnapshot(230)) - group-F85D79F6619D: The snapshot info is null. Setting the last applied indexto:(t:0, i:~)
2019-09-25 05:21:18,985 [main] INFO  impl.RaftServerImpl (ServerState.java:close(385)) - a7793eff-ada5-4527-9e0b-a0fd078cd21b@group-0A753E062AF5: closes. applyIndex: 7
2019-09-25 05:21:18,985 [pool-57-thread-1] INFO  server.RaftServerConfigKeys (ConfUtils.java:logGet(43)) - raft.server.notification.no-leader.timeout = 120s (custom)
2019-09-25 05:21:18,987 [pool-57-thread-1] INFO  server.RaftServerConfigKeys (ConfUtils.java:logGet(43)) - raft.server.log.use.memory = false (default)
2019-09-25 05:21:18,987 [a7793eff-ada5-4527-9e0b-a0fd078cd21b@group-0A753E062AF5-SegmentedRaftLogWorker] INFO  segmented.SegmentedRaftLogWorker (SegmentedRaftLogWorker.java:run(313)) - a7793eff-ada5-4527-9e0b-a0fd078cd21b@group-0A753E062AF5-SegmentedRaftLogWorker was interrupted, exiting. There are 0 tasks remaining in the queue.
2019-09-25 05:21:18,987 [pool-57-thread-1] INFO  server.RaftServerConfigKeys (ConfUtils.java:logGet(43)) - raft.server.log.purge.gap = 1000000 (custom)
2019-09-25 05:21:18,990 [main] INFO  segmented.SegmentedRaftLogWorker (SegmentedRaftLogWorker.java:close(228)) - a7793eff-ada5-4527-9e0b-a0fd078cd21b@group-0A753E062AF5-SegmentedRaftLogWorker close()
2019-09-25 05:21:18,990 [pool-57-thread-1] INFO  server.RaftServerConfigKeys (ConfUtils.java:logGet(43)) - raft.server.log.appender.buffer.byte-limit = 33554432 (custom)
2019-09-25 05:21:18,995 [pool-57-thread-1] INFO  server.RaftServerConfigKeys (ConfUtils.java:logGet(43)) - raft.server.log.segment.size.max = 1048576 (custom)
2019-09-25 05:21:18,995 [main] INFO  server.GrpcService (GrpcService.java:closeImpl(164)) - a7793eff-ada5-4527-9e0b-a0fd078cd21b: shutdown server with port 36914 now
2019-09-25 05:21:18,995 [pool-57-thread-1] INFO  server.RaftServerConfigKeys (ConfUtils.java:logGet(43)) - raft.server.log.segment.cache.num.max = 2 (custom)
2019-09-25 05:21:18,995 [pool-57-thread-1] INFO  segmented.SegmentedRaftLogWorker (SegmentedRaftLogWorker.java:<init>(172)) - new ece43ade-c7f6-4378-8dfa-fbe6a8ab43cf@group-F85D79F6619D-SegmentedRaftLogWorker for RaftStorage:Storage Directory /workdir/hadoop-ozone/integration-test/target/test-dir/MiniOzoneClusterImpl-408040ea-8342-4e81-bd05-3c5316de8946/datanode-3/data/ratis/42d194cf-4fd0-448d-8bea-f85d79f6619d
2019-09-25 05:21:18,996 [pool-57-thread-1] INFO  server.RaftServerConfigKeys (ConfUtils.java:logGet(43)) - raft.server.log.queue.byte-limit = 2147483647 (custom)
2019-09-25 05:21:18,996 [pool-57-thread-1] INFO  server.RaftServerConfigKeys (ConfUtils.java:logGet(43)) - raft.server.log.queue.element-limit = 1024 (custom)
2019-09-25 05:21:18,996 [pool-57-thread-1] INFO  server.RaftServerConfigKeys (ConfUtils.java:logGet(43)) - raft.server.log.segment.size.max = 1048576 (custom)
2019-09-25 05:21:18,996 [main] INFO  server.GrpcService (GrpcService.java:closeImpl(172)) - a7793eff-ada5-4527-9e0b-a0fd078cd21b: shutdown server with port 36914 successfully
2019-09-25 05:21:18,996 [pool-57-thread-1] INFO  server.RaftServerConfigKeys (ConfUtils.java:logGet(43)) - raft.server.log.preallocated.size = 16384 (custom)
2019-09-25 05:21:18,997 [pool-57-thread-1] INFO  server.RaftServerConfigKeys (ConfUtils.java:logGet(43)) - raft.server.log.write.buffer.size = 33554432 (custom)
2019-09-25 05:21:18,997 [pool-57-thread-1] INFO  server.RaftServerConfigKeys (ConfUtils.java:logGet(43)) - raft.server.log.force.sync.num = 128 (default)
2019-09-25 05:21:18,997 [pool-57-thread-1] INFO  server.RaftServerConfigKeys (ConfUtils.java:logGet(43)) - raft.server.log.statemachine.data.sync = true (default)
2019-09-25 05:21:18,997 [pool-57-thread-1] INFO  server.RaftServerConfigKeys (ConfUtils.java:logGet(43)) - raft.server.log.statemachine.data.sync.timeout = 10s (default)
2019-09-25 05:21:18,998 [pool-57-thread-1] INFO  server.RaftServerConfigKeys (ConfUtils.java:logGet(43)) - raft.server.log.statemachine.data.sync.timeout.retry = -1 (default)
2019-09-25 05:21:18,998 [pool-57-thread-1] INFO  server.RaftServerConfigKeys (ConfUtils.java:logGet(43)) - raft.server.log.statemachine.data.caching.enabled = true (custom)
2019-09-25 05:21:18,999 [pool-57-thread-1] INFO  segmented.SegmentedRaftLogWorker (SegmentedRaftLogWorker.java:lambda$new$0(132)) - ece43ade-c7f6-4378-8dfa-fbe6a8ab43cf@group-F85D79F6619D-SegmentedRaftLogWorker: flushIndex: setUnconditionally 0 -> -1
2019-09-25 05:21:18,999 [pool-57-thread-1] INFO  server.RaftServerConfigKeys (ConfUtils.java:logGet(43)) - raft.server.snapshot.auto.trigger.enabled = true (custom)
2019-09-25 05:21:18,999 [pool-57-thread-1] INFO  server.RaftServerConfigKeys (ConfUtils.java:logGet(43)) - raft.server.snapshot.auto.trigger.threshold = 10000 (custom)
2019-09-25 05:21:18,999 [pool-57-thread-1] INFO  server.RaftServerConfigKeys (ConfUtils.java:logGet(43)) - raft.server.snapshot.retention.num.files = 5 (custom)
2019-09-25 05:21:19,000 [pool-57-thread-1] INFO  server.RaftServerConfigKeys (ConfUtils.java:logGet(43)) - raft.server.retrycache.expirytime = 600000ms (custom)
2019-09-25 05:21:19,008 [refreshUsed-/workdir/hadoop-ozone/integration-test/target/test-dir/MiniOzoneClusterImpl-408040ea-8342-4e81-bd05-3c5316de8946/datanode-1/data/containers] WARN  fs.CachingGetSpaceUsed (CachingGetSpaceUsed.java:run(183)) - Thread Interrupted waiting to refresh disk information: sleep interrupted
2019-09-25 05:21:19,016 [pool-57-thread-1] INFO  impl.RaftServerImpl (RaftServerImpl.java:start(185)) - ece43ade-c7f6-4378-8dfa-fbe6a8ab43cf@group-F85D79F6619D: start as a follower, conf=-1: [ece43ade-c7f6-4378-8dfa-fbe6a8ab43cf:192.168.36.126:41805], old=null
2019-09-25 05:21:19,016 [pool-57-thread-1] INFO  impl.RaftServerImpl (RaftServerImpl.java:setRole(174)) - ece43ade-c7f6-4378-8dfa-fbe6a8ab43cf@group-F85D79F6619D: changes role from      null to FOLLOWER at term 0 for startAsFollower
2019-09-25 05:21:19,016 [pool-57-thread-1] INFO  impl.RoleInfo (RoleInfo.java:updateAndGet(143)) - ece43ade-c7f6-4378-8dfa-fbe6a8ab43cf: start FollowerState
2019-09-25 05:21:19,017 [pool-57-thread-1] INFO  util.JmxRegister (JmxRegister.java:tryRegister(44)) - Successfully registered JMX Bean with object name Ratis:service=RaftServer,group=group-F85D79F6619D,id=ece43ade-c7f6-4378-8dfa-fbe6a8ab43cf
2019-09-25 05:21:19,026 [main] INFO  utils.BackgroundService (BackgroundService.java:shutdown(148)) - Shutting down service BlockDeletingService
2019-09-25 05:21:19,031 [main] INFO  statemachine.DatanodeStateMachine (DatanodeStateMachine.java:stopDaemon(395)) - Ozone container server stopped.
2019-09-25 05:21:19,034 [main] INFO  handler.ContextHandler (ContextHandler.java:doStop(910)) - Stopped o.e.j.w.WebAppContext@6f94a5a5{/,null,UNAVAILABLE}{/hddsDatanode}
2019-09-25 05:21:19,035 [main] INFO  server.AbstractConnector (AbstractConnector.java:doStop(318)) - Stopped ServerConnector@455c1d8c{HTTP/1.1,[http/1.1]}{0.0.0.0:0}
2019-09-25 05:21:19,035 [main] INFO  handler.ContextHandler (ContextHandler.java:doStop(910)) - Stopped o.e.j.s.ServletContextHandler@1e7ab390{/static,jar:file:/home/user/.m2/repository/org/apache/hadoop/hadoop-hdds-container-service/0.5.0-SNAPSHOT/hadoop-hdds-container-service-0.5.0-SNAPSHOT.jar!/webapps/static,UNAVAILABLE}
2019-09-25 05:21:19,035 [main] INFO  handler.ContextHandler (ContextHandler.java:doStop(910)) - Stopped o.e.j.s.ServletContextHandler@15400fff{/logs,file:///workdir/hadoop-ozone/integration-test/target/log,UNAVAILABLE}
]]></system-out>
  </testcase>
</testsuite>