<?xml version="1.0" encoding="UTF-8"?>
<testsuite xmlns:xsi="http://www.w3.org/2001/XMLSchema-instance" xsi:noNamespaceSchemaLocation="https://maven.apache.org/surefire/maven-surefire-plugin/xsd/surefire-test-report.xsd" name="org.apache.hadoop.ozone.container.server.TestSecureContainerServer" time="191.984" tests="3" errors="0" skipped="1" failures="1">
  <properties>
    <property name="awt.toolkit" value="sun.awt.X11.XToolkit"/>
    <property name="file.encoding.pkg" value="sun.io"/>
    <property name="java.specification.version" value="1.8"/>
    <property name="sun.cpu.isalist" value=""/>
    <property name="sun.jnu.encoding" value="UTF-8"/>
    <property name="java.class.path" value="/workdir/hadoop-ozone/integration-test/target/test-classes:/workdir/hadoop-ozone/integration-test/target/classes:/home/user/.m2/repository/org/apache/hadoop/hadoop-ozone-common/0.5.0-SNAPSHOT/hadoop-ozone-common-0.5.0-SNAPSHOT.jar:/home/user/.m2/repository/org/apache/commons/commons-compress/1.4.1/commons-compress-1.4.1.jar:/home/user/.m2/repository/org/tukaani/xz/1.0/xz-1.0.jar:/home/user/.m2/repository/org/apache/hadoop/hadoop-common/3.2.0/hadoop-common-3.2.0.jar:/home/user/.m2/repository/org/apache/hadoop/hadoop-hdfs/3.2.0/hadoop-hdfs-3.2.0.jar:/home/user/.m2/repository/org/apache/hadoop/hadoop-hdfs-client/3.2.0/hadoop-hdfs-client-3.2.0.jar:/home/user/.m2/repository/com/fasterxml/jackson/core/jackson-annotations/2.9.9/jackson-annotations-2.9.9.jar:/home/user/.m2/repository/org/apache/hadoop/hadoop-hdds-common/0.5.0-SNAPSHOT/hadoop-hdds-common-0.5.0-SNAPSHOT.jar:/home/user/.m2/repository/javax/annotation/javax.annotation-api/1.2/javax.annotation-api-1.2.jar:/home/user/.m2/repository/org/apache/ratis/ratis-server/0.4.0/ratis-server-0.4.0.jar:/home/user/.m2/repository/org/apache/ratis/ratis-thirdparty-misc/0.2.0/ratis-thirdparty-misc-0.2.0.jar:/home/user/.m2/repository/org/apache/ratis/ratis-proto/0.4.0/ratis-proto-0.4.0.jar:/home/user/.m2/repository/org/apache/ratis/ratis-common/0.4.0/ratis-common-0.4.0.jar:/home/user/.m2/repository/org/apache/ratis/ratis-client/0.4.0/ratis-client-0.4.0.jar:/home/user/.m2/repository/org/apache/ratis/ratis-metrics/0.4.0/ratis-metrics-0.4.0.jar:/home/user/.m2/repository/com/github/joshelser/dropwizard-metrics-hadoop-metrics2-reporter/0.1.2/dropwizard-metrics-hadoop-metrics2-reporter-0.1.2.jar:/home/user/.m2/repository/io/dropwizard/metrics/metrics-jvm/3.2.5/metrics-jvm-3.2.5.jar:/home/user/.m2/repository/io/dropwizard/metrics/metrics-ganglia/3.2.5/metrics-ganglia-3.2.5.jar:/home/user/.m2/repository/info/ganglia/gmetric4j/gmetric4j/1.0.7/gmetric4j-1.0.7.jar:/home/user/.m2/repository/org/apache/ratis/ratis-netty/0.4.0/ratis-netty-0.4.0.jar:/home/user/.m2/repository/org/apache/ratis/ratis-grpc/0.4.0/ratis-grpc-0.4.0.jar:/home/user/.m2/repository/org/rocksdb/rocksdbjni/6.0.1/rocksdbjni-6.0.1.jar:/home/user/.m2/repository/org/apache/logging/log4j/log4j-api/2.11.0/log4j-api-2.11.0.jar:/home/user/.m2/repository/org/apache/logging/log4j/log4j-core/2.11.0/log4j-core-2.11.0.jar:/home/user/.m2/repository/com/lmax/disruptor/3.4.2/disruptor-3.4.2.jar:/home/user/.m2/repository/org/apache/commons/commons-pool2/2.6.0/commons-pool2-2.6.0.jar:/home/user/.m2/repository/org/bouncycastle/bcpkix-jdk15on/1.60/bcpkix-jdk15on-1.60.jar:/home/user/.m2/repository/commons-validator/commons-validator/1.6/commons-validator-1.6.jar:/home/user/.m2/repository/commons-digester/commons-digester/1.8.1/commons-digester-1.8.1.jar:/home/user/.m2/repository/io/jaegertracing/jaeger-client/0.34.0/jaeger-client-0.34.0.jar:/home/user/.m2/repository/io/jaegertracing/jaeger-thrift/0.34.0/jaeger-thrift-0.34.0.jar:/home/user/.m2/repository/org/apache/thrift/libthrift/0.12.0/libthrift-0.12.0.jar:/home/user/.m2/repository/com/squareup/okhttp3/okhttp/3.9.0/okhttp-3.9.0.jar:/home/user/.m2/repository/com/squareup/okio/okio/1.13.0/okio-1.13.0.jar:/home/user/.m2/repository/io/jaegertracing/jaeger-core/0.34.0/jaeger-core-0.34.0.jar:/home/user/.m2/repository/io/jaegertracing/jaeger-tracerresolver/0.34.0/jaeger-tracerresolver-0.34.0.jar:/home/user/.m2/repository/io/opentracing/contrib/opentracing-tracerresolver/0.1.5/opentracing-tracerresolver-0.1.5.jar:/home/user/.m2/repository/io/opentracing/opentracing-util/0.31.0/opentracing-util-0.31.0.jar:/home/user/.m2/repository/io/opentracing/opentracing-api/0.31.0/opentracing-api-0.31.0.jar:/home/user/.m2/repository/io/opentracing/opentracing-noop/0.31.0/opentracing-noop-0.31.0.jar:/home/user/.m2/repository/org/apache/hadoop/hadoop-hdds-server-framework/0.5.0-SNAPSHOT/hadoop-hdds-server-framework-0.5.0-SNAPSHOT.jar:/home/user/.m2/repository/org/apache/hadoop/hadoop-hdds-container-service/0.5.0-SNAPSHOT/hadoop-hdds-container-service-0.5.0-SNAPSHOT.jar:/home/user/.m2/repository/org/apache/hadoop/hadoop-hdds-client/0.5.0-SNAPSHOT/hadoop-hdds-client-0.5.0-SNAPSHOT.jar:/home/user/.m2/repository/org/apache/hadoop/hadoop-hdds-tools/0.5.0-SNAPSHOT/hadoop-hdds-tools-0.5.0-SNAPSHOT.jar:/home/user/.m2/repository/org/apache/hadoop/hadoop-hdds-server-scm/0.5.0-SNAPSHOT/hadoop-hdds-server-scm-0.5.0-SNAPSHOT.jar:/home/user/.m2/repository/org/apache/hadoop/hadoop-hdds-docs/0.5.0-SNAPSHOT/hadoop-hdds-docs-0.5.0-SNAPSHOT.jar:/home/user/.m2/repository/io/dropwizard/metrics/metrics-core/3.2.4/metrics-core-3.2.4.jar:/home/user/.m2/repository/org/hamcrest/hamcrest-all/1.3/hamcrest-all-1.3.jar:/home/user/.m2/repository/org/bouncycastle/bcprov-jdk15on/1.60/bcprov-jdk15on-1.60.jar:/home/user/.m2/repository/info/picocli/picocli/3.9.6/picocli-3.9.6.jar:/home/user/.m2/repository/com/google/protobuf/protobuf-java/2.5.0/protobuf-java-2.5.0.jar:/home/user/.m2/repository/com/google/guava/guava/11.0.2/guava-11.0.2.jar:/home/user/.m2/repository/org/apache/hadoop/hadoop-ozone-ozone-manager/0.5.0-SNAPSHOT/hadoop-ozone-ozone-manager-0.5.0-SNAPSHOT.jar:/home/user/.m2/repository/org/apache/hadoop/hadoop-minikdc/3.2.0/hadoop-minikdc-3.2.0.jar:/home/user/.m2/repository/commons-io/commons-io/2.5/commons-io-2.5.jar:/home/user/.m2/repository/org/apache/kerby/kerb-simplekdc/1.0.1/kerb-simplekdc-1.0.1.jar:/home/user/.m2/repository/org/apache/kerby/kerb-client/1.0.1/kerb-client-1.0.1.jar:/home/user/.m2/repository/org/apache/kerby/kerby-config/1.0.1/kerby-config-1.0.1.jar:/home/user/.m2/repository/org/apache/kerby/kerb-core/1.0.1/kerb-core-1.0.1.jar:/home/user/.m2/repository/org/apache/kerby/kerby-pkix/1.0.1/kerby-pkix-1.0.1.jar:/home/user/.m2/repository/org/apache/kerby/kerby-asn1/1.0.1/kerby-asn1-1.0.1.jar:/home/user/.m2/repository/org/apache/kerby/kerby-util/1.0.1/kerby-util-1.0.1.jar:/home/user/.m2/repository/org/apache/kerby/kerb-common/1.0.1/kerb-common-1.0.1.jar:/home/user/.m2/repository/org/apache/kerby/kerb-crypto/1.0.1/kerb-crypto-1.0.1.jar:/home/user/.m2/repository/org/apache/kerby/kerb-util/1.0.1/kerb-util-1.0.1.jar:/home/user/.m2/repository/org/apache/kerby/token-provider/1.0.1/token-provider-1.0.1.jar:/home/user/.m2/repository/org/apache/kerby/kerb-admin/1.0.1/kerb-admin-1.0.1.jar:/home/user/.m2/repository/org/apache/kerby/kerb-server/1.0.1/kerb-server-1.0.1.jar:/home/user/.m2/repository/org/apache/kerby/kerb-identity/1.0.1/kerb-identity-1.0.1.jar:/home/user/.m2/repository/org/apache/kerby/kerby-xdr/1.0.1/kerby-xdr-1.0.1.jar:/home/user/.m2/repository/org/slf4j/slf4j-log4j12/1.7.25/slf4j-log4j12-1.7.25.jar:/home/user/.m2/repository/org/apache/hadoop/hadoop-ozone-s3gateway/0.5.0-SNAPSHOT/hadoop-ozone-s3gateway-0.5.0-SNAPSHOT.jar:/home/user/.m2/repository/org/jboss/weld/servlet/weld-servlet/2.4.7.Final/weld-servlet-2.4.7.Final.jar:/home/user/.m2/repository/org/glassfish/jersey/containers/jersey-container-servlet-core/2.27/jersey-container-servlet-core-2.27.jar:/home/user/.m2/repository/org/glassfish/hk2/external/javax.inject/2.5.0-b42/javax.inject-2.5.0-b42.jar:/home/user/.m2/repository/org/glassfish/jersey/core/jersey-common/2.27/jersey-common-2.27.jar:/home/user/.m2/repository/org/glassfish/hk2/osgi-resource-locator/1.0.1/osgi-resource-locator-1.0.1.jar:/home/user/.m2/repository/javax/ws/rs/javax.ws.rs-api/2.1/javax.ws.rs-api-2.1.jar:/home/user/.m2/repository/org/glassfish/jersey/ext/cdi/jersey-cdi1x/2.27/jersey-cdi1x-2.27.jar:/home/user/.m2/repository/org/glassfish/jersey/inject/jersey-hk2/2.27/jersey-hk2-2.27.jar:/home/user/.m2/repository/org/glassfish/hk2/hk2-locator/2.5.0-b42/hk2-locator-2.5.0-b42.jar:/home/user/.m2/repository/org/javassist/javassist/3.22.0-CR2/javassist-3.22.0-CR2.jar:/home/user/.m2/repository/org/glassfish/hk2/hk2-api/2.5.0/hk2-api-2.5.0.jar:/home/user/.m2/repository/org/glassfish/hk2/external/jakarta.inject/2.5.0/jakarta.inject-2.5.0.jar:/home/user/.m2/repository/org/glassfish/hk2/hk2-utils/2.5.0/hk2-utils-2.5.0.jar:/home/user/.m2/repository/jakarta/annotation/jakarta.annotation-api/1.3.4/jakarta.annotation-api-1.3.4.jar:/home/user/.m2/repository/org/glassfish/hk2/external/aopalliance-repackaged/2.5.0/aopalliance-repackaged-2.5.0.jar:/home/user/.m2/repository/com/fasterxml/jackson/dataformat/jackson-dataformat-xml/2.9.0/jackson-dataformat-xml-2.9.0.jar:/home/user/.m2/repository/com/fasterxml/jackson/core/jackson-core/2.9.9/jackson-core-2.9.9.jar:/home/user/.m2/repository/com/fasterxml/jackson/module/jackson-module-jaxb-annotations/2.9.9/jackson-module-jaxb-annotations-2.9.9.jar:/home/user/.m2/repository/javax/enterprise/cdi-api/1.2/cdi-api-1.2.jar:/home/user/.m2/repository/javax/el/javax.el-api/3.0.0/javax.el-api-3.0.0.jar:/home/user/.m2/repository/javax/interceptor/javax.interceptor-api/1.2/javax.interceptor-api-1.2.jar:/home/user/.m2/repository/javax/inject/javax.inject/1/javax.inject-1.jar:/home/user/.m2/repository/com/sun/xml/bind/jaxb-impl/2.3.0.1/jaxb-impl-2.3.0.1.jar:/home/user/.m2/repository/com/sun/xml/bind/jaxb-core/2.3.0.1/jaxb-core-2.3.0.1.jar:/home/user/.m2/repository/javax/xml/bind/jaxb-api/2.3.0/jaxb-api-2.3.0.jar:/home/user/.m2/repository/javax/activation/activation/1.1.1/activation-1.1.1.jar:/home/user/.m2/repository/org/apache/hadoop/hadoop-ozone-csi/0.5.0-SNAPSHOT/hadoop-ozone-csi-0.5.0-SNAPSHOT.jar:/home/user/.m2/repository/com/google/protobuf/protobuf-java-util/3.5.1/protobuf-java-util-3.5.1.jar:/home/user/.m2/repository/org/apache/hadoop/hadoop-hdds-config/0.5.0-SNAPSHOT/hadoop-hdds-config-0.5.0-SNAPSHOT.jar:/home/user/.m2/repository/io/grpc/grpc-netty/1.17.1/grpc-netty-1.17.1.jar:/home/user/.m2/repository/io/grpc/grpc-core/1.17.1/grpc-core-1.17.1.jar:/home/user/.m2/repository/io/grpc/grpc-context/1.17.1/grpc-context-1.17.1.jar:/home/user/.m2/repository/com/google/errorprone/error_prone_annotations/2.2.0/error_prone_annotations-2.2.0.jar:/home/user/.m2/repository/org/codehaus/mojo/animal-sniffer-annotations/1.17/animal-sniffer-annotations-1.17.jar:/home/user/.m2/repository/io/opencensus/opencensus-api/0.17.0/opencensus-api-0.17.0.jar:/home/user/.m2/repository/io/opencensus/opencensus-contrib-grpc-metrics/0.17.0/opencensus-contrib-grpc-metrics-0.17.0.jar:/home/user/.m2/repository/io/netty/netty-codec-http2/4.1.30.Final/netty-codec-http2-4.1.30.Final.jar:/home/user/.m2/repository/io/netty/netty-codec-http/4.1.30.Final/netty-codec-http-4.1.30.Final.jar:/home/user/.m2/repository/io/netty/netty-codec/4.1.30.Final/netty-codec-4.1.30.Final.jar:/home/user/.m2/repository/io/netty/netty-handler/4.1.30.Final/netty-handler-4.1.30.Final.jar:/home/user/.m2/repository/io/netty/netty-handler-proxy/4.1.30.Final/netty-handler-proxy-4.1.30.Final.jar:/home/user/.m2/repository/io/netty/netty-codec-socks/4.1.30.Final/netty-codec-socks-4.1.30.Final.jar:/home/user/.m2/repository/io/netty/netty-transport-native-epoll/4.1.30.Final/netty-transport-native-epoll-4.1.30.Final.jar:/home/user/.m2/repository/io/netty/netty-common/4.1.30.Final/netty-common-4.1.30.Final.jar:/home/user/.m2/repository/io/netty/netty-buffer/4.1.30.Final/netty-buffer-4.1.30.Final.jar:/home/user/.m2/repository/io/netty/netty-transport/4.1.30.Final/netty-transport-4.1.30.Final.jar:/home/user/.m2/repository/io/netty/netty-resolver/4.1.30.Final/netty-resolver-4.1.30.Final.jar:/home/user/.m2/repository/io/netty/netty-transport-native-unix-common/4.1.30.Final/netty-transport-native-unix-common-4.1.30.Final.jar:/home/user/.m2/repository/io/grpc/grpc-protobuf/1.17.1/grpc-protobuf-1.17.1.jar:/home/user/.m2/repository/com/google/api/grpc/proto-google-common-protos/1.0.0/proto-google-common-protos-1.0.0.jar:/home/user/.m2/repository/io/grpc/grpc-protobuf-lite/1.17.1/grpc-protobuf-lite-1.17.1.jar:/home/user/.m2/repository/io/grpc/grpc-stub/1.17.1/grpc-stub-1.17.1.jar:/home/user/.m2/repository/org/apache/hadoop/hadoop-ozone-recon/0.5.0-SNAPSHOT/hadoop-ozone-recon-0.5.0-SNAPSHOT.jar:/home/user/.m2/repository/org/apache/hadoop/hadoop-ozone-reconcodegen/0.5.0-SNAPSHOT/hadoop-ozone-reconcodegen-0.5.0-SNAPSHOT.jar:/home/user/.m2/repository/com/google/inject/extensions/guice-multibindings/4.0/guice-multibindings-4.0.jar:/home/user/.m2/repository/com/google/inject/guice/4.0/guice-4.0.jar:/home/user/.m2/repository/aopalliance/aopalliance/1.0/aopalliance-1.0.jar:/home/user/.m2/repository/com/google/inject/extensions/guice-servlet/4.0/guice-servlet-4.0.jar:/home/user/.m2/repository/org/glassfish/jersey/containers/jersey-container-servlet/2.27/jersey-container-servlet-2.27.jar:/home/user/.m2/repository/org/glassfish/hk2/guice-bridge/2.5.0/guice-bridge-2.5.0.jar:/home/user/.m2/repository/org/glassfish/jersey/core/jersey-server/2.27/jersey-server-2.27.jar:/home/user/.m2/repository/org/glassfish/jersey/core/jersey-client/2.27/jersey-client-2.27.jar:/home/user/.m2/repository/org/glassfish/jersey/media/jersey-media-jaxb/2.27/jersey-media-jaxb-2.27.jar:/home/user/.m2/repository/javax/validation/validation-api/1.1.0.Final/validation-api-1.1.0.Final.jar:/home/user/.m2/repository/org/glassfish/jersey/media/jersey-media-json-jackson/2.27/jersey-media-json-jackson-2.27.jar:/home/user/.m2/repository/org/glassfish/jersey/ext/jersey-entity-filtering/2.27/jersey-entity-filtering-2.27.jar:/home/user/.m2/repository/com/google/inject/extensions/guice-assistedinject/4.0/guice-assistedinject-4.0.jar:/home/user/.m2/repository/org/jooq/jooq/3.11.10/jooq-3.11.10.jar:/home/user/.m2/repository/org/jooq/jooq-meta/3.11.10/jooq-meta-3.11.10.jar:/home/user/.m2/repository/org/jooq/jooq-codegen/3.11.10/jooq-codegen-3.11.10.jar:/home/user/.m2/repository/com/jolbox/bonecp/0.8.0.RELEASE/bonecp-0.8.0.RELEASE.jar:/home/user/.m2/repository/org/xerial/sqlite-jdbc/3.25.2/sqlite-jdbc-3.25.2.jar:/home/user/.m2/repository/org/springframework/spring-jdbc/5.1.3.RELEASE/spring-jdbc-5.1.3.RELEASE.jar:/home/user/.m2/repository/org/springframework/spring-beans/5.1.3.RELEASE/spring-beans-5.1.3.RELEASE.jar:/home/user/.m2/repository/org/springframework/spring-core/5.1.3.RELEASE/spring-core-5.1.3.RELEASE.jar:/home/user/.m2/repository/org/springframework/spring-jcl/5.1.3.RELEASE/spring-jcl-5.1.3.RELEASE.jar:/home/user/.m2/repository/org/springframework/spring-tx/5.1.3.RELEASE/spring-tx-5.1.3.RELEASE.jar:/home/user/.m2/repository/org/apache/hadoop/hadoop-ozone-client/0.5.0-SNAPSHOT/hadoop-ozone-client-0.5.0-SNAPSHOT.jar:/home/user/.m2/repository/commons-lang/commons-lang/2.6/commons-lang-2.6.jar:/home/user/.m2/repository/org/apache/hadoop/hadoop-ozone-ozone-manager/0.5.0-SNAPSHOT/hadoop-ozone-ozone-manager-0.5.0-SNAPSHOT-tests.jar:/home/user/.m2/repository/junit/junit/4.11/junit-4.11.jar:/home/user/.m2/repository/org/hamcrest/hamcrest-core/1.3/hamcrest-core-1.3.jar:/home/user/.m2/repository/org/openjdk/jmh/jmh-core/1.19/jmh-core-1.19.jar:/home/user/.m2/repository/net/sf/jopt-simple/jopt-simple/4.6/jopt-simple-4.6.jar:/home/user/.m2/repository/org/apache/commons/commons-math3/3.1.1/commons-math3-3.1.1.jar:/home/user/.m2/repository/org/openjdk/jmh/jmh-generator-annprocess/1.19/jmh-generator-annprocess-1.19.jar:/home/user/.m2/repository/org/mockito/mockito-all/1.8.5/mockito-all-1.8.5.jar:/home/user/.m2/repository/org/apache/hadoop/hadoop-kms/3.2.0/hadoop-kms-3.2.0.jar:/home/user/.m2/repository/org/apache/hadoop/hadoop-auth/3.2.0/hadoop-auth-3.2.0.jar:/home/user/.m2/repository/com/nimbusds/nimbus-jose-jwt/4.41.1/nimbus-jose-jwt-4.41.1.jar:/home/user/.m2/repository/com/github/stephenc/jcip/jcip-annotations/1.0-1/jcip-annotations-1.0-1.jar:/home/user/.m2/repository/net/minidev/json-smart/2.3/json-smart-2.3.jar:/home/user/.m2/repository/net/minidev/accessors-smart/1.2/accessors-smart-1.2.jar:/home/user/.m2/repository/org/ow2/asm/asm/5.0.4/asm-5.0.4.jar:/home/user/.m2/repository/org/apache/curator/curator-framework/2.12.0/curator-framework-2.12.0.jar:/home/user/.m2/repository/com/sun/jersey/jersey-core/1.19/jersey-core-1.19.jar:/home/user/.m2/repository/javax/ws/rs/jsr311-api/1.1.1/jsr311-api-1.1.1.jar:/home/user/.m2/repository/com/sun/jersey/jersey-server/1.19/jersey-server-1.19.jar:/home/user/.m2/repository/javax/servlet/javax.servlet-api/3.1.0/javax.servlet-api-3.1.0.jar:/home/user/.m2/repository/org/eclipse/jetty/jetty-server/9.3.25.v20180904/jetty-server-9.3.25.v20180904.jar:/home/user/.m2/repository/org/eclipse/jetty/jetty-http/9.3.25.v20180904/jetty-http-9.3.25.v20180904.jar:/home/user/.m2/repository/org/eclipse/jetty/jetty-io/9.3.25.v20180904/jetty-io-9.3.25.v20180904.jar:/home/user/.m2/repository/org/eclipse/jetty/jetty-webapp/9.3.25.v20180904/jetty-webapp-9.3.25.v20180904.jar:/home/user/.m2/repository/org/eclipse/jetty/jetty-xml/9.3.25.v20180904/jetty-xml-9.3.25.v20180904.jar:/home/user/.m2/repository/log4j/log4j/1.2.17/log4j-1.2.17.jar:/home/user/.m2/repository/org/slf4j/slf4j-api/1.7.25/slf4j-api-1.7.25.jar:/home/user/.m2/repository/org/slf4j/jul-to-slf4j/1.7.25/jul-to-slf4j-1.7.25.jar:/home/user/.m2/repository/org/eclipse/jetty/jetty-util/9.3.25.v20180904/jetty-util-9.3.25.v20180904.jar:/home/user/.m2/repository/com/fasterxml/jackson/core/jackson-databind/2.9.9/jackson-databind-2.9.9.jar:/home/user/.m2/repository/org/apache/hadoop/hadoop-kms/3.2.0/hadoop-kms-3.2.0-tests.jar:/home/user/.m2/repository/org/apache/hadoop/hadoop-hdds-server-scm/0.5.0-SNAPSHOT/hadoop-hdds-server-scm-0.5.0-SNAPSHOT-tests.jar:/home/user/.m2/repository/org/apache/hadoop/hadoop-hdds-container-service/0.5.0-SNAPSHOT/hadoop-hdds-container-service-0.5.0-SNAPSHOT-tests.jar:/home/user/.m2/repository/org/yaml/snakeyaml/1.16/snakeyaml-1.16.jar:/home/user/.m2/repository/org/apache/hadoop/hadoop-common/3.2.0/hadoop-common-3.2.0-tests.jar:/home/user/.m2/repository/org/apache/hadoop/hadoop-annotations/3.2.0/hadoop-annotations-3.2.0.jar:/usr/lib/jvm/java-1.8-openjdk/jre/../lib/tools.jar:/home/user/.m2/repository/commons-cli/commons-cli/1.2/commons-cli-1.2.jar:/home/user/.m2/repository/org/apache/httpcomponents/httpclient/4.5.2/httpclient-4.5.2.jar:/home/user/.m2/repository/org/apache/httpcomponents/httpcore/4.4.4/httpcore-4.4.4.jar:/home/user/.m2/repository/commons-codec/commons-codec/1.11/commons-codec-1.11.jar:/home/user/.m2/repository/commons-net/commons-net/3.6/commons-net-3.6.jar:/home/user/.m2/repository/commons-collections/commons-collections/3.2.2/commons-collections-3.2.2.jar:/home/user/.m2/repository/org/eclipse/jetty/jetty-servlet/9.3.25.v20180904/jetty-servlet-9.3.25.v20180904.jar:/home/user/.m2/repository/org/eclipse/jetty/jetty-security/9.3.25.v20180904/jetty-security-9.3.25.v20180904.jar:/home/user/.m2/repository/javax/servlet/jsp/jsp-api/2.1/jsp-api-2.1.jar:/home/user/.m2/repository/com/sun/jersey/jersey-servlet/1.19/jersey-servlet-1.19.jar:/home/user/.m2/repository/com/sun/jersey/jersey-json/1.19/jersey-json-1.19.jar:/home/user/.m2/repository/org/codehaus/jettison/jettison/1.1/jettison-1.1.jar:/home/user/.m2/repository/org/codehaus/jackson/jackson-core-asl/1.9.13/jackson-core-asl-1.9.13.jar:/home/user/.m2/repository/org/codehaus/jackson/jackson-mapper-asl/1.9.13/jackson-mapper-asl-1.9.13.jar:/home/user/.m2/repository/org/codehaus/jackson/jackson-jaxrs/1.9.13/jackson-jaxrs-1.9.13.jar:/home/user/.m2/repository/org/codehaus/jackson/jackson-xc/1.9.13/jackson-xc-1.9.13.jar:/home/user/.m2/repository/commons-logging/commons-logging/1.1.3/commons-logging-1.1.3.jar:/home/user/.m2/repository/commons-beanutils/commons-beanutils/1.9.4/commons-beanutils-1.9.4.jar:/home/user/.m2/repository/org/apache/commons/commons-configuration2/2.1.1/commons-configuration2-2.1.1.jar:/home/user/.m2/repository/org/apache/commons/commons-lang3/3.7/commons-lang3-3.7.jar:/home/user/.m2/repository/org/apache/commons/commons-text/1.4/commons-text-1.4.jar:/home/user/.m2/repository/org/apache/avro/avro/1.7.7/avro-1.7.7.jar:/home/user/.m2/repository/com/thoughtworks/paranamer/paranamer/2.3/paranamer-2.3.jar:/home/user/.m2/repository/org/xerial/snappy/snappy-java/1.0.5/snappy-java-1.0.5.jar:/home/user/.m2/repository/com/google/re2j/re2j/1.1/re2j-1.1.jar:/home/user/.m2/repository/com/google/code/gson/gson/2.2.4/gson-2.2.4.jar:/home/user/.m2/repository/com/jcraft/jsch/0.1.54/jsch-0.1.54.jar:/home/user/.m2/repository/org/apache/curator/curator-client/2.12.0/curator-client-2.12.0.jar:/home/user/.m2/repository/org/apache/curator/curator-recipes/2.12.0/curator-recipes-2.12.0.jar:/home/user/.m2/repository/com/google/code/findbugs/jsr305/3.0.0/jsr305-3.0.0.jar:/home/user/.m2/repository/org/apache/htrace/htrace-core4/4.1.0-incubating/htrace-core4-4.1.0-incubating.jar:/home/user/.m2/repository/org/apache/zookeeper/zookeeper/3.4.13/zookeeper-3.4.13.jar:/home/user/.m2/repository/jline/jline/0.9.94/jline-0.9.94.jar:/home/user/.m2/repository/org/apache/yetus/audience-annotations/0.5.0/audience-annotations-0.5.0.jar:/home/user/.m2/repository/org/codehaus/woodstox/stax2-api/3.1.4/stax2-api-3.1.4.jar:/home/user/.m2/repository/com/fasterxml/woodstox/woodstox-core/5.0.3/woodstox-core-5.0.3.jar:/home/user/.m2/repository/dnsjava/dnsjava/2.1.7/dnsjava-2.1.7.jar:/home/user/.m2/repository/org/apache/hadoop/hadoop-hdfs/3.2.0/hadoop-hdfs-3.2.0-tests.jar:/home/user/.m2/repository/org/eclipse/jetty/jetty-util-ajax/9.3.25.v20180904/jetty-util-ajax-9.3.25.v20180904.jar:/home/user/.m2/repository/commons-daemon/commons-daemon/1.0.13/commons-daemon-1.0.13.jar:/home/user/.m2/repository/io/netty/netty/3.10.5.Final/netty-3.10.5.Final.jar:/home/user/.m2/repository/io/netty/netty-all/4.0.52.Final/netty-all-4.0.52.Final.jar:/home/user/.m2/repository/org/fusesource/leveldbjni/leveldbjni-all/1.8/leveldbjni-all-1.8.jar:"/>
    <property name="java.vm.vendor" value="IcedTea"/>
    <property name="sun.arch.data.model" value="64"/>
    <property name="test.build.dir" value="/workdir/hadoop-ozone/integration-test/target/test-dir"/>
    <property name="test.cache.data" value=""/>
    <property name="java.vendor.url" value="https://icedtea.classpath.org"/>
    <property name="user.timezone" value=""/>
    <property name="java.vm.specification.version" value="1.8"/>
    <property name="os.name" value="Linux"/>
    <property name="test.build.data" value="/workdir/hadoop-ozone/integration-test/target/test-dir"/>
    <property name="user.country" value="US"/>
    <property name="sun.java.launcher" value="SUN_STANDARD"/>
    <property name="sun.boot.library.path" value="/usr/lib/jvm/java-1.8-openjdk/jre/lib/amd64"/>
    <property name="sun.java.command" value="/workdir/hadoop-ozone/integration-test/target/surefire/surefirebooter5401157237128631924.jar /workdir/hadoop-ozone/integration-test/target/surefire 2019-09-25T04-24-54_173-jvmRun1 surefire1251390184746387993tmp surefire_875618095793873662985tmp"/>
    <property name="test" value="!TestMiniChaosOzoneCluster"/>
    <property name="surefire.test.class.path" value="/workdir/hadoop-ozone/integration-test/target/test-classes:/workdir/hadoop-ozone/integration-test/target/classes:/home/user/.m2/repository/org/apache/hadoop/hadoop-ozone-common/0.5.0-SNAPSHOT/hadoop-ozone-common-0.5.0-SNAPSHOT.jar:/home/user/.m2/repository/org/apache/commons/commons-compress/1.4.1/commons-compress-1.4.1.jar:/home/user/.m2/repository/org/tukaani/xz/1.0/xz-1.0.jar:/home/user/.m2/repository/org/apache/hadoop/hadoop-common/3.2.0/hadoop-common-3.2.0.jar:/home/user/.m2/repository/org/apache/hadoop/hadoop-hdfs/3.2.0/hadoop-hdfs-3.2.0.jar:/home/user/.m2/repository/org/apache/hadoop/hadoop-hdfs-client/3.2.0/hadoop-hdfs-client-3.2.0.jar:/home/user/.m2/repository/com/fasterxml/jackson/core/jackson-annotations/2.9.9/jackson-annotations-2.9.9.jar:/home/user/.m2/repository/org/apache/hadoop/hadoop-hdds-common/0.5.0-SNAPSHOT/hadoop-hdds-common-0.5.0-SNAPSHOT.jar:/home/user/.m2/repository/javax/annotation/javax.annotation-api/1.2/javax.annotation-api-1.2.jar:/home/user/.m2/repository/org/apache/ratis/ratis-server/0.4.0/ratis-server-0.4.0.jar:/home/user/.m2/repository/org/apache/ratis/ratis-thirdparty-misc/0.2.0/ratis-thirdparty-misc-0.2.0.jar:/home/user/.m2/repository/org/apache/ratis/ratis-proto/0.4.0/ratis-proto-0.4.0.jar:/home/user/.m2/repository/org/apache/ratis/ratis-common/0.4.0/ratis-common-0.4.0.jar:/home/user/.m2/repository/org/apache/ratis/ratis-client/0.4.0/ratis-client-0.4.0.jar:/home/user/.m2/repository/org/apache/ratis/ratis-metrics/0.4.0/ratis-metrics-0.4.0.jar:/home/user/.m2/repository/com/github/joshelser/dropwizard-metrics-hadoop-metrics2-reporter/0.1.2/dropwizard-metrics-hadoop-metrics2-reporter-0.1.2.jar:/home/user/.m2/repository/io/dropwizard/metrics/metrics-jvm/3.2.5/metrics-jvm-3.2.5.jar:/home/user/.m2/repository/io/dropwizard/metrics/metrics-ganglia/3.2.5/metrics-ganglia-3.2.5.jar:/home/user/.m2/repository/info/ganglia/gmetric4j/gmetric4j/1.0.7/gmetric4j-1.0.7.jar:/home/user/.m2/repository/org/apache/ratis/ratis-netty/0.4.0/ratis-netty-0.4.0.jar:/home/user/.m2/repository/org/apache/ratis/ratis-grpc/0.4.0/ratis-grpc-0.4.0.jar:/home/user/.m2/repository/org/rocksdb/rocksdbjni/6.0.1/rocksdbjni-6.0.1.jar:/home/user/.m2/repository/org/apache/logging/log4j/log4j-api/2.11.0/log4j-api-2.11.0.jar:/home/user/.m2/repository/org/apache/logging/log4j/log4j-core/2.11.0/log4j-core-2.11.0.jar:/home/user/.m2/repository/com/lmax/disruptor/3.4.2/disruptor-3.4.2.jar:/home/user/.m2/repository/org/apache/commons/commons-pool2/2.6.0/commons-pool2-2.6.0.jar:/home/user/.m2/repository/org/bouncycastle/bcpkix-jdk15on/1.60/bcpkix-jdk15on-1.60.jar:/home/user/.m2/repository/commons-validator/commons-validator/1.6/commons-validator-1.6.jar:/home/user/.m2/repository/commons-digester/commons-digester/1.8.1/commons-digester-1.8.1.jar:/home/user/.m2/repository/io/jaegertracing/jaeger-client/0.34.0/jaeger-client-0.34.0.jar:/home/user/.m2/repository/io/jaegertracing/jaeger-thrift/0.34.0/jaeger-thrift-0.34.0.jar:/home/user/.m2/repository/org/apache/thrift/libthrift/0.12.0/libthrift-0.12.0.jar:/home/user/.m2/repository/com/squareup/okhttp3/okhttp/3.9.0/okhttp-3.9.0.jar:/home/user/.m2/repository/com/squareup/okio/okio/1.13.0/okio-1.13.0.jar:/home/user/.m2/repository/io/jaegertracing/jaeger-core/0.34.0/jaeger-core-0.34.0.jar:/home/user/.m2/repository/io/jaegertracing/jaeger-tracerresolver/0.34.0/jaeger-tracerresolver-0.34.0.jar:/home/user/.m2/repository/io/opentracing/contrib/opentracing-tracerresolver/0.1.5/opentracing-tracerresolver-0.1.5.jar:/home/user/.m2/repository/io/opentracing/opentracing-util/0.31.0/opentracing-util-0.31.0.jar:/home/user/.m2/repository/io/opentracing/opentracing-api/0.31.0/opentracing-api-0.31.0.jar:/home/user/.m2/repository/io/opentracing/opentracing-noop/0.31.0/opentracing-noop-0.31.0.jar:/home/user/.m2/repository/org/apache/hadoop/hadoop-hdds-server-framework/0.5.0-SNAPSHOT/hadoop-hdds-server-framework-0.5.0-SNAPSHOT.jar:/home/user/.m2/repository/org/apache/hadoop/hadoop-hdds-container-service/0.5.0-SNAPSHOT/hadoop-hdds-container-service-0.5.0-SNAPSHOT.jar:/home/user/.m2/repository/org/apache/hadoop/hadoop-hdds-client/0.5.0-SNAPSHOT/hadoop-hdds-client-0.5.0-SNAPSHOT.jar:/home/user/.m2/repository/org/apache/hadoop/hadoop-hdds-tools/0.5.0-SNAPSHOT/hadoop-hdds-tools-0.5.0-SNAPSHOT.jar:/home/user/.m2/repository/org/apache/hadoop/hadoop-hdds-server-scm/0.5.0-SNAPSHOT/hadoop-hdds-server-scm-0.5.0-SNAPSHOT.jar:/home/user/.m2/repository/org/apache/hadoop/hadoop-hdds-docs/0.5.0-SNAPSHOT/hadoop-hdds-docs-0.5.0-SNAPSHOT.jar:/home/user/.m2/repository/io/dropwizard/metrics/metrics-core/3.2.4/metrics-core-3.2.4.jar:/home/user/.m2/repository/org/hamcrest/hamcrest-all/1.3/hamcrest-all-1.3.jar:/home/user/.m2/repository/org/bouncycastle/bcprov-jdk15on/1.60/bcprov-jdk15on-1.60.jar:/home/user/.m2/repository/info/picocli/picocli/3.9.6/picocli-3.9.6.jar:/home/user/.m2/repository/com/google/protobuf/protobuf-java/2.5.0/protobuf-java-2.5.0.jar:/home/user/.m2/repository/com/google/guava/guava/11.0.2/guava-11.0.2.jar:/home/user/.m2/repository/org/apache/hadoop/hadoop-ozone-ozone-manager/0.5.0-SNAPSHOT/hadoop-ozone-ozone-manager-0.5.0-SNAPSHOT.jar:/home/user/.m2/repository/org/apache/hadoop/hadoop-minikdc/3.2.0/hadoop-minikdc-3.2.0.jar:/home/user/.m2/repository/commons-io/commons-io/2.5/commons-io-2.5.jar:/home/user/.m2/repository/org/apache/kerby/kerb-simplekdc/1.0.1/kerb-simplekdc-1.0.1.jar:/home/user/.m2/repository/org/apache/kerby/kerb-client/1.0.1/kerb-client-1.0.1.jar:/home/user/.m2/repository/org/apache/kerby/kerby-config/1.0.1/kerby-config-1.0.1.jar:/home/user/.m2/repository/org/apache/kerby/kerb-core/1.0.1/kerb-core-1.0.1.jar:/home/user/.m2/repository/org/apache/kerby/kerby-pkix/1.0.1/kerby-pkix-1.0.1.jar:/home/user/.m2/repository/org/apache/kerby/kerby-asn1/1.0.1/kerby-asn1-1.0.1.jar:/home/user/.m2/repository/org/apache/kerby/kerby-util/1.0.1/kerby-util-1.0.1.jar:/home/user/.m2/repository/org/apache/kerby/kerb-common/1.0.1/kerb-common-1.0.1.jar:/home/user/.m2/repository/org/apache/kerby/kerb-crypto/1.0.1/kerb-crypto-1.0.1.jar:/home/user/.m2/repository/org/apache/kerby/kerb-util/1.0.1/kerb-util-1.0.1.jar:/home/user/.m2/repository/org/apache/kerby/token-provider/1.0.1/token-provider-1.0.1.jar:/home/user/.m2/repository/org/apache/kerby/kerb-admin/1.0.1/kerb-admin-1.0.1.jar:/home/user/.m2/repository/org/apache/kerby/kerb-server/1.0.1/kerb-server-1.0.1.jar:/home/user/.m2/repository/org/apache/kerby/kerb-identity/1.0.1/kerb-identity-1.0.1.jar:/home/user/.m2/repository/org/apache/kerby/kerby-xdr/1.0.1/kerby-xdr-1.0.1.jar:/home/user/.m2/repository/org/slf4j/slf4j-log4j12/1.7.25/slf4j-log4j12-1.7.25.jar:/home/user/.m2/repository/org/apache/hadoop/hadoop-ozone-s3gateway/0.5.0-SNAPSHOT/hadoop-ozone-s3gateway-0.5.0-SNAPSHOT.jar:/home/user/.m2/repository/org/jboss/weld/servlet/weld-servlet/2.4.7.Final/weld-servlet-2.4.7.Final.jar:/home/user/.m2/repository/org/glassfish/jersey/containers/jersey-container-servlet-core/2.27/jersey-container-servlet-core-2.27.jar:/home/user/.m2/repository/org/glassfish/hk2/external/javax.inject/2.5.0-b42/javax.inject-2.5.0-b42.jar:/home/user/.m2/repository/org/glassfish/jersey/core/jersey-common/2.27/jersey-common-2.27.jar:/home/user/.m2/repository/org/glassfish/hk2/osgi-resource-locator/1.0.1/osgi-resource-locator-1.0.1.jar:/home/user/.m2/repository/javax/ws/rs/javax.ws.rs-api/2.1/javax.ws.rs-api-2.1.jar:/home/user/.m2/repository/org/glassfish/jersey/ext/cdi/jersey-cdi1x/2.27/jersey-cdi1x-2.27.jar:/home/user/.m2/repository/org/glassfish/jersey/inject/jersey-hk2/2.27/jersey-hk2-2.27.jar:/home/user/.m2/repository/org/glassfish/hk2/hk2-locator/2.5.0-b42/hk2-locator-2.5.0-b42.jar:/home/user/.m2/repository/org/javassist/javassist/3.22.0-CR2/javassist-3.22.0-CR2.jar:/home/user/.m2/repository/org/glassfish/hk2/hk2-api/2.5.0/hk2-api-2.5.0.jar:/home/user/.m2/repository/org/glassfish/hk2/external/jakarta.inject/2.5.0/jakarta.inject-2.5.0.jar:/home/user/.m2/repository/org/glassfish/hk2/hk2-utils/2.5.0/hk2-utils-2.5.0.jar:/home/user/.m2/repository/jakarta/annotation/jakarta.annotation-api/1.3.4/jakarta.annotation-api-1.3.4.jar:/home/user/.m2/repository/org/glassfish/hk2/external/aopalliance-repackaged/2.5.0/aopalliance-repackaged-2.5.0.jar:/home/user/.m2/repository/com/fasterxml/jackson/dataformat/jackson-dataformat-xml/2.9.0/jackson-dataformat-xml-2.9.0.jar:/home/user/.m2/repository/com/fasterxml/jackson/core/jackson-core/2.9.9/jackson-core-2.9.9.jar:/home/user/.m2/repository/com/fasterxml/jackson/module/jackson-module-jaxb-annotations/2.9.9/jackson-module-jaxb-annotations-2.9.9.jar:/home/user/.m2/repository/javax/enterprise/cdi-api/1.2/cdi-api-1.2.jar:/home/user/.m2/repository/javax/el/javax.el-api/3.0.0/javax.el-api-3.0.0.jar:/home/user/.m2/repository/javax/interceptor/javax.interceptor-api/1.2/javax.interceptor-api-1.2.jar:/home/user/.m2/repository/javax/inject/javax.inject/1/javax.inject-1.jar:/home/user/.m2/repository/com/sun/xml/bind/jaxb-impl/2.3.0.1/jaxb-impl-2.3.0.1.jar:/home/user/.m2/repository/com/sun/xml/bind/jaxb-core/2.3.0.1/jaxb-core-2.3.0.1.jar:/home/user/.m2/repository/javax/xml/bind/jaxb-api/2.3.0/jaxb-api-2.3.0.jar:/home/user/.m2/repository/javax/activation/activation/1.1.1/activation-1.1.1.jar:/home/user/.m2/repository/org/apache/hadoop/hadoop-ozone-csi/0.5.0-SNAPSHOT/hadoop-ozone-csi-0.5.0-SNAPSHOT.jar:/home/user/.m2/repository/com/google/protobuf/protobuf-java-util/3.5.1/protobuf-java-util-3.5.1.jar:/home/user/.m2/repository/org/apache/hadoop/hadoop-hdds-config/0.5.0-SNAPSHOT/hadoop-hdds-config-0.5.0-SNAPSHOT.jar:/home/user/.m2/repository/io/grpc/grpc-netty/1.17.1/grpc-netty-1.17.1.jar:/home/user/.m2/repository/io/grpc/grpc-core/1.17.1/grpc-core-1.17.1.jar:/home/user/.m2/repository/io/grpc/grpc-context/1.17.1/grpc-context-1.17.1.jar:/home/user/.m2/repository/com/google/errorprone/error_prone_annotations/2.2.0/error_prone_annotations-2.2.0.jar:/home/user/.m2/repository/org/codehaus/mojo/animal-sniffer-annotations/1.17/animal-sniffer-annotations-1.17.jar:/home/user/.m2/repository/io/opencensus/opencensus-api/0.17.0/opencensus-api-0.17.0.jar:/home/user/.m2/repository/io/opencensus/opencensus-contrib-grpc-metrics/0.17.0/opencensus-contrib-grpc-metrics-0.17.0.jar:/home/user/.m2/repository/io/netty/netty-codec-http2/4.1.30.Final/netty-codec-http2-4.1.30.Final.jar:/home/user/.m2/repository/io/netty/netty-codec-http/4.1.30.Final/netty-codec-http-4.1.30.Final.jar:/home/user/.m2/repository/io/netty/netty-codec/4.1.30.Final/netty-codec-4.1.30.Final.jar:/home/user/.m2/repository/io/netty/netty-handler/4.1.30.Final/netty-handler-4.1.30.Final.jar:/home/user/.m2/repository/io/netty/netty-handler-proxy/4.1.30.Final/netty-handler-proxy-4.1.30.Final.jar:/home/user/.m2/repository/io/netty/netty-codec-socks/4.1.30.Final/netty-codec-socks-4.1.30.Final.jar:/home/user/.m2/repository/io/netty/netty-transport-native-epoll/4.1.30.Final/netty-transport-native-epoll-4.1.30.Final.jar:/home/user/.m2/repository/io/netty/netty-common/4.1.30.Final/netty-common-4.1.30.Final.jar:/home/user/.m2/repository/io/netty/netty-buffer/4.1.30.Final/netty-buffer-4.1.30.Final.jar:/home/user/.m2/repository/io/netty/netty-transport/4.1.30.Final/netty-transport-4.1.30.Final.jar:/home/user/.m2/repository/io/netty/netty-resolver/4.1.30.Final/netty-resolver-4.1.30.Final.jar:/home/user/.m2/repository/io/netty/netty-transport-native-unix-common/4.1.30.Final/netty-transport-native-unix-common-4.1.30.Final.jar:/home/user/.m2/repository/io/grpc/grpc-protobuf/1.17.1/grpc-protobuf-1.17.1.jar:/home/user/.m2/repository/com/google/api/grpc/proto-google-common-protos/1.0.0/proto-google-common-protos-1.0.0.jar:/home/user/.m2/repository/io/grpc/grpc-protobuf-lite/1.17.1/grpc-protobuf-lite-1.17.1.jar:/home/user/.m2/repository/io/grpc/grpc-stub/1.17.1/grpc-stub-1.17.1.jar:/home/user/.m2/repository/org/apache/hadoop/hadoop-ozone-recon/0.5.0-SNAPSHOT/hadoop-ozone-recon-0.5.0-SNAPSHOT.jar:/home/user/.m2/repository/org/apache/hadoop/hadoop-ozone-reconcodegen/0.5.0-SNAPSHOT/hadoop-ozone-reconcodegen-0.5.0-SNAPSHOT.jar:/home/user/.m2/repository/com/google/inject/extensions/guice-multibindings/4.0/guice-multibindings-4.0.jar:/home/user/.m2/repository/com/google/inject/guice/4.0/guice-4.0.jar:/home/user/.m2/repository/aopalliance/aopalliance/1.0/aopalliance-1.0.jar:/home/user/.m2/repository/com/google/inject/extensions/guice-servlet/4.0/guice-servlet-4.0.jar:/home/user/.m2/repository/org/glassfish/jersey/containers/jersey-container-servlet/2.27/jersey-container-servlet-2.27.jar:/home/user/.m2/repository/org/glassfish/hk2/guice-bridge/2.5.0/guice-bridge-2.5.0.jar:/home/user/.m2/repository/org/glassfish/jersey/core/jersey-server/2.27/jersey-server-2.27.jar:/home/user/.m2/repository/org/glassfish/jersey/core/jersey-client/2.27/jersey-client-2.27.jar:/home/user/.m2/repository/org/glassfish/jersey/media/jersey-media-jaxb/2.27/jersey-media-jaxb-2.27.jar:/home/user/.m2/repository/javax/validation/validation-api/1.1.0.Final/validation-api-1.1.0.Final.jar:/home/user/.m2/repository/org/glassfish/jersey/media/jersey-media-json-jackson/2.27/jersey-media-json-jackson-2.27.jar:/home/user/.m2/repository/org/glassfish/jersey/ext/jersey-entity-filtering/2.27/jersey-entity-filtering-2.27.jar:/home/user/.m2/repository/com/google/inject/extensions/guice-assistedinject/4.0/guice-assistedinject-4.0.jar:/home/user/.m2/repository/org/jooq/jooq/3.11.10/jooq-3.11.10.jar:/home/user/.m2/repository/org/jooq/jooq-meta/3.11.10/jooq-meta-3.11.10.jar:/home/user/.m2/repository/org/jooq/jooq-codegen/3.11.10/jooq-codegen-3.11.10.jar:/home/user/.m2/repository/com/jolbox/bonecp/0.8.0.RELEASE/bonecp-0.8.0.RELEASE.jar:/home/user/.m2/repository/org/xerial/sqlite-jdbc/3.25.2/sqlite-jdbc-3.25.2.jar:/home/user/.m2/repository/org/springframework/spring-jdbc/5.1.3.RELEASE/spring-jdbc-5.1.3.RELEASE.jar:/home/user/.m2/repository/org/springframework/spring-beans/5.1.3.RELEASE/spring-beans-5.1.3.RELEASE.jar:/home/user/.m2/repository/org/springframework/spring-core/5.1.3.RELEASE/spring-core-5.1.3.RELEASE.jar:/home/user/.m2/repository/org/springframework/spring-jcl/5.1.3.RELEASE/spring-jcl-5.1.3.RELEASE.jar:/home/user/.m2/repository/org/springframework/spring-tx/5.1.3.RELEASE/spring-tx-5.1.3.RELEASE.jar:/home/user/.m2/repository/org/apache/hadoop/hadoop-ozone-client/0.5.0-SNAPSHOT/hadoop-ozone-client-0.5.0-SNAPSHOT.jar:/home/user/.m2/repository/commons-lang/commons-lang/2.6/commons-lang-2.6.jar:/home/user/.m2/repository/org/apache/hadoop/hadoop-ozone-ozone-manager/0.5.0-SNAPSHOT/hadoop-ozone-ozone-manager-0.5.0-SNAPSHOT-tests.jar:/home/user/.m2/repository/junit/junit/4.11/junit-4.11.jar:/home/user/.m2/repository/org/hamcrest/hamcrest-core/1.3/hamcrest-core-1.3.jar:/home/user/.m2/repository/org/openjdk/jmh/jmh-core/1.19/jmh-core-1.19.jar:/home/user/.m2/repository/net/sf/jopt-simple/jopt-simple/4.6/jopt-simple-4.6.jar:/home/user/.m2/repository/org/apache/commons/commons-math3/3.1.1/commons-math3-3.1.1.jar:/home/user/.m2/repository/org/openjdk/jmh/jmh-generator-annprocess/1.19/jmh-generator-annprocess-1.19.jar:/home/user/.m2/repository/org/mockito/mockito-all/1.8.5/mockito-all-1.8.5.jar:/home/user/.m2/repository/org/apache/hadoop/hadoop-kms/3.2.0/hadoop-kms-3.2.0.jar:/home/user/.m2/repository/org/apache/hadoop/hadoop-auth/3.2.0/hadoop-auth-3.2.0.jar:/home/user/.m2/repository/com/nimbusds/nimbus-jose-jwt/4.41.1/nimbus-jose-jwt-4.41.1.jar:/home/user/.m2/repository/com/github/stephenc/jcip/jcip-annotations/1.0-1/jcip-annotations-1.0-1.jar:/home/user/.m2/repository/net/minidev/json-smart/2.3/json-smart-2.3.jar:/home/user/.m2/repository/net/minidev/accessors-smart/1.2/accessors-smart-1.2.jar:/home/user/.m2/repository/org/ow2/asm/asm/5.0.4/asm-5.0.4.jar:/home/user/.m2/repository/org/apache/curator/curator-framework/2.12.0/curator-framework-2.12.0.jar:/home/user/.m2/repository/com/sun/jersey/jersey-core/1.19/jersey-core-1.19.jar:/home/user/.m2/repository/javax/ws/rs/jsr311-api/1.1.1/jsr311-api-1.1.1.jar:/home/user/.m2/repository/com/sun/jersey/jersey-server/1.19/jersey-server-1.19.jar:/home/user/.m2/repository/javax/servlet/javax.servlet-api/3.1.0/javax.servlet-api-3.1.0.jar:/home/user/.m2/repository/org/eclipse/jetty/jetty-server/9.3.25.v20180904/jetty-server-9.3.25.v20180904.jar:/home/user/.m2/repository/org/eclipse/jetty/jetty-http/9.3.25.v20180904/jetty-http-9.3.25.v20180904.jar:/home/user/.m2/repository/org/eclipse/jetty/jetty-io/9.3.25.v20180904/jetty-io-9.3.25.v20180904.jar:/home/user/.m2/repository/org/eclipse/jetty/jetty-webapp/9.3.25.v20180904/jetty-webapp-9.3.25.v20180904.jar:/home/user/.m2/repository/org/eclipse/jetty/jetty-xml/9.3.25.v20180904/jetty-xml-9.3.25.v20180904.jar:/home/user/.m2/repository/log4j/log4j/1.2.17/log4j-1.2.17.jar:/home/user/.m2/repository/org/slf4j/slf4j-api/1.7.25/slf4j-api-1.7.25.jar:/home/user/.m2/repository/org/slf4j/jul-to-slf4j/1.7.25/jul-to-slf4j-1.7.25.jar:/home/user/.m2/repository/org/eclipse/jetty/jetty-util/9.3.25.v20180904/jetty-util-9.3.25.v20180904.jar:/home/user/.m2/repository/com/fasterxml/jackson/core/jackson-databind/2.9.9/jackson-databind-2.9.9.jar:/home/user/.m2/repository/org/apache/hadoop/hadoop-kms/3.2.0/hadoop-kms-3.2.0-tests.jar:/home/user/.m2/repository/org/apache/hadoop/hadoop-hdds-server-scm/0.5.0-SNAPSHOT/hadoop-hdds-server-scm-0.5.0-SNAPSHOT-tests.jar:/home/user/.m2/repository/org/apache/hadoop/hadoop-hdds-container-service/0.5.0-SNAPSHOT/hadoop-hdds-container-service-0.5.0-SNAPSHOT-tests.jar:/home/user/.m2/repository/org/yaml/snakeyaml/1.16/snakeyaml-1.16.jar:/home/user/.m2/repository/org/apache/hadoop/hadoop-common/3.2.0/hadoop-common-3.2.0-tests.jar:/home/user/.m2/repository/org/apache/hadoop/hadoop-annotations/3.2.0/hadoop-annotations-3.2.0.jar:/usr/lib/jvm/java-1.8-openjdk/jre/../lib/tools.jar:/home/user/.m2/repository/commons-cli/commons-cli/1.2/commons-cli-1.2.jar:/home/user/.m2/repository/org/apache/httpcomponents/httpclient/4.5.2/httpclient-4.5.2.jar:/home/user/.m2/repository/org/apache/httpcomponents/httpcore/4.4.4/httpcore-4.4.4.jar:/home/user/.m2/repository/commons-codec/commons-codec/1.11/commons-codec-1.11.jar:/home/user/.m2/repository/commons-net/commons-net/3.6/commons-net-3.6.jar:/home/user/.m2/repository/commons-collections/commons-collections/3.2.2/commons-collections-3.2.2.jar:/home/user/.m2/repository/org/eclipse/jetty/jetty-servlet/9.3.25.v20180904/jetty-servlet-9.3.25.v20180904.jar:/home/user/.m2/repository/org/eclipse/jetty/jetty-security/9.3.25.v20180904/jetty-security-9.3.25.v20180904.jar:/home/user/.m2/repository/javax/servlet/jsp/jsp-api/2.1/jsp-api-2.1.jar:/home/user/.m2/repository/com/sun/jersey/jersey-servlet/1.19/jersey-servlet-1.19.jar:/home/user/.m2/repository/com/sun/jersey/jersey-json/1.19/jersey-json-1.19.jar:/home/user/.m2/repository/org/codehaus/jettison/jettison/1.1/jettison-1.1.jar:/home/user/.m2/repository/org/codehaus/jackson/jackson-core-asl/1.9.13/jackson-core-asl-1.9.13.jar:/home/user/.m2/repository/org/codehaus/jackson/jackson-mapper-asl/1.9.13/jackson-mapper-asl-1.9.13.jar:/home/user/.m2/repository/org/codehaus/jackson/jackson-jaxrs/1.9.13/jackson-jaxrs-1.9.13.jar:/home/user/.m2/repository/org/codehaus/jackson/jackson-xc/1.9.13/jackson-xc-1.9.13.jar:/home/user/.m2/repository/commons-logging/commons-logging/1.1.3/commons-logging-1.1.3.jar:/home/user/.m2/repository/commons-beanutils/commons-beanutils/1.9.4/commons-beanutils-1.9.4.jar:/home/user/.m2/repository/org/apache/commons/commons-configuration2/2.1.1/commons-configuration2-2.1.1.jar:/home/user/.m2/repository/org/apache/commons/commons-lang3/3.7/commons-lang3-3.7.jar:/home/user/.m2/repository/org/apache/commons/commons-text/1.4/commons-text-1.4.jar:/home/user/.m2/repository/org/apache/avro/avro/1.7.7/avro-1.7.7.jar:/home/user/.m2/repository/com/thoughtworks/paranamer/paranamer/2.3/paranamer-2.3.jar:/home/user/.m2/repository/org/xerial/snappy/snappy-java/1.0.5/snappy-java-1.0.5.jar:/home/user/.m2/repository/com/google/re2j/re2j/1.1/re2j-1.1.jar:/home/user/.m2/repository/com/google/code/gson/gson/2.2.4/gson-2.2.4.jar:/home/user/.m2/repository/com/jcraft/jsch/0.1.54/jsch-0.1.54.jar:/home/user/.m2/repository/org/apache/curator/curator-client/2.12.0/curator-client-2.12.0.jar:/home/user/.m2/repository/org/apache/curator/curator-recipes/2.12.0/curator-recipes-2.12.0.jar:/home/user/.m2/repository/com/google/code/findbugs/jsr305/3.0.0/jsr305-3.0.0.jar:/home/user/.m2/repository/org/apache/htrace/htrace-core4/4.1.0-incubating/htrace-core4-4.1.0-incubating.jar:/home/user/.m2/repository/org/apache/zookeeper/zookeeper/3.4.13/zookeeper-3.4.13.jar:/home/user/.m2/repository/jline/jline/0.9.94/jline-0.9.94.jar:/home/user/.m2/repository/org/apache/yetus/audience-annotations/0.5.0/audience-annotations-0.5.0.jar:/home/user/.m2/repository/org/codehaus/woodstox/stax2-api/3.1.4/stax2-api-3.1.4.jar:/home/user/.m2/repository/com/fasterxml/woodstox/woodstox-core/5.0.3/woodstox-core-5.0.3.jar:/home/user/.m2/repository/dnsjava/dnsjava/2.1.7/dnsjava-2.1.7.jar:/home/user/.m2/repository/org/apache/hadoop/hadoop-hdfs/3.2.0/hadoop-hdfs-3.2.0-tests.jar:/home/user/.m2/repository/org/eclipse/jetty/jetty-util-ajax/9.3.25.v20180904/jetty-util-ajax-9.3.25.v20180904.jar:/home/user/.m2/repository/commons-daemon/commons-daemon/1.0.13/commons-daemon-1.0.13.jar:/home/user/.m2/repository/io/netty/netty/3.10.5.Final/netty-3.10.5.Final.jar:/home/user/.m2/repository/io/netty/netty-all/4.0.52.Final/netty-all-4.0.52.Final.jar:/home/user/.m2/repository/org/fusesource/leveldbjni/leveldbjni-all/1.8/leveldbjni-all-1.8.jar:"/>
    <property name="sun.cpu.endian" value="little"/>
    <property name="user.home" value="/home/user"/>
    <property name="user.language" value="en"/>
    <property name="java.specification.vendor" value="Oracle Corporation"/>
    <property name="java.home" value="/usr/lib/jvm/java-1.8-openjdk/jre"/>
    <property name="java.security.krb5.conf" value="/workdir/hadoop-ozone/integration-test/target/test-classes/krb5.conf"/>
    <property name="basedir" value="/workdir/hadoop-ozone/integration-test"/>
    <property name="file.separator" value="/"/>
    <property name="line.separator" value="&#10;"/>
    <property name="java.vm.specification.vendor" value="Oracle Corporation"/>
    <property name="java.specification.name" value="Java Platform API Specification"/>
    <property name="java.awt.graphicsenv" value="sun.awt.X11GraphicsEnvironment"/>
    <property name="surefire.real.class.path" value="/workdir/hadoop-ozone/integration-test/target/surefire/surefirebooter5401157237128631924.jar"/>
    <property name="hadoop.log.dir" value="/workdir/hadoop-ozone/integration-test/target/log"/>
    <property name="sun.boot.class.path" value="/usr/lib/jvm/java-1.8-openjdk/jre/lib/resources.jar:/usr/lib/jvm/java-1.8-openjdk/jre/lib/rt.jar:/usr/lib/jvm/java-1.8-openjdk/jre/lib/sunrsasign.jar:/usr/lib/jvm/java-1.8-openjdk/jre/lib/jsse.jar:/usr/lib/jvm/java-1.8-openjdk/jre/lib/jce.jar:/usr/lib/jvm/java-1.8-openjdk/jre/lib/charsets.jar:/usr/lib/jvm/java-1.8-openjdk/jre/lib/jfr.jar:/usr/lib/jvm/java-1.8-openjdk/jre/classes"/>
    <property name="sun.management.compiler" value="HotSpot 64-Bit Tiered Compilers"/>
    <property name="java.runtime.version" value="1.8.0_212-b04"/>
    <property name="java.net.preferIPv4Stack" value="true"/>
    <property name="user.name" value="jenkins1000"/>
    <property name="path.separator" value=":"/>
    <property name="java.security.egd" value="file:///dev/urandom"/>
    <property name="os.version" value="3.10.0-957.12.2.el7.x86_64"/>
    <property name="java.endorsed.dirs" value="/usr/lib/jvm/java-1.8-openjdk/jre/lib/endorsed"/>
    <property name="java.runtime.name" value="OpenJDK Runtime Environment"/>
    <property name="file.encoding" value="UTF-8"/>
    <property name="java.vm.name" value="OpenJDK 64-Bit Server VM"/>
    <property name="test.build.webapps" value=""/>
    <property name="localRepository" value="/home/user/.m2/repository"/>
    <property name="java.vendor.url.bug" value="https://icedtea.classpath.org/bugzilla"/>
    <property name="java.io.tmpdir" value="/tmp"/>
    <property name="require.test.libhadoop" value=""/>
    <property name="java.version" value="1.8.0_212"/>
    <property name="user.dir" value="/workdir/hadoop-ozone/integration-test"/>
    <property name="os.arch" value="amd64"/>
    <property name="java.vm.specification.name" value="Java Virtual Machine Specification"/>
    <property name="test.build.classes" value="/workdir/hadoop-ozone/integration-test/target/test-classes"/>
    <property name="java.awt.printerjob" value="sun.print.PSPrinterJob"/>
    <property name="sun.os.patch.level" value="unknown"/>
    <property name="hadoop.tmp.dir" value="/workdir/hadoop-ozone/integration-test/target/tmp"/>
    <property name="java.library.path" value="/usr/lib/jvm/java-1.8-openjdk/jre/lib/amd64/server:/usr/lib/jvm/java-1.8-openjdk/jre/lib/amd64:/usr/lib/jvm/java-1.8-openjdk/jre/../lib/amd64:/workdir/hadoop-ozone/integration-test/target/native/target/usr/local/lib:/workdir/hadoop-ozone/integration-test/../../hadoop-common-project/hadoop-common/target/native/target/usr/local/lib:/usr/java/packages/lib/amd64:/usr/lib64:/lib64:/lib:/usr/lib"/>
    <property name="java.vm.info" value="mixed mode"/>
    <property name="java.vendor" value="IcedTea"/>
    <property name="java.vm.version" value="25.212-b04"/>
    <property name="java.ext.dirs" value="/usr/lib/jvm/java-1.8-openjdk/jre/lib/ext:/usr/java/packages/lib/ext"/>
    <property name="sun.io.unicode.encoding" value="UnicodeLittle"/>
    <property name="java.class.version" value="52.0"/>
  </properties>
  <testcase name="testClientServer" classname="org.apache.hadoop.ozone.container.server.TestSecureContainerServer" time="1.853"/>
  <testcase name="testClientServerRatisNetty" classname="org.apache.hadoop.ozone.container.server.TestSecureContainerServer" time="0">
    <skipped/>
  </testcase>
  <testcase name="testClientServerRatisGrpc" classname="org.apache.hadoop.ozone.container.server.TestSecureContainerServer" time="188.675">
    <failure message="Server 5e405965-0d3b-4ac3-ad61-3309f1df0e1f@group-313AEF6E36AD is not the leader" type="java.lang.AssertionError">java.lang.AssertionError: Server 5e405965-0d3b-4ac3-ad61-3309f1df0e1f@group-313AEF6E36AD is not the leader
	at org.junit.Assert.fail(Assert.java:88)
	at org.junit.Assert.assertTrue(Assert.java:41)
	at org.apache.hadoop.ozone.container.server.TestSecureContainerServer.runTestClientServer(TestSecureContainerServer.java:212)
	at org.apache.hadoop.ozone.container.server.TestSecureContainerServer.runTestClientServerRatis(TestSecureContainerServer.java:160)
	at org.apache.hadoop.ozone.container.server.TestSecureContainerServer.testClientServerRatisGrpc(TestSecureContainerServer.java:135)
	at sun.reflect.NativeMethodAccessorImpl.invoke0(Native Method)
	at sun.reflect.NativeMethodAccessorImpl.invoke(NativeMethodAccessorImpl.java:62)
	at sun.reflect.DelegatingMethodAccessorImpl.invoke(DelegatingMethodAccessorImpl.java:43)
	at java.lang.reflect.Method.invoke(Method.java:498)
	at org.junit.runners.model.FrameworkMethod$1.runReflectiveCall(FrameworkMethod.java:47)
	at org.junit.internal.runners.model.ReflectiveCallable.run(ReflectiveCallable.java:12)
	at org.junit.runners.model.FrameworkMethod.invokeExplosively(FrameworkMethod.java:44)
	at org.junit.internal.runners.statements.InvokeMethod.evaluate(InvokeMethod.java:17)
	at org.junit.runners.ParentRunner.runLeaf(ParentRunner.java:271)
	at org.junit.runners.BlockJUnit4ClassRunner.runChild(BlockJUnit4ClassRunner.java:70)
	at org.junit.runners.BlockJUnit4ClassRunner.runChild(BlockJUnit4ClassRunner.java:50)
	at org.junit.runners.ParentRunner$3.run(ParentRunner.java:238)
	at org.junit.runners.ParentRunner$1.schedule(ParentRunner.java:63)
	at org.junit.runners.ParentRunner.runChildren(ParentRunner.java:236)
	at org.junit.runners.ParentRunner.access$000(ParentRunner.java:53)
	at org.junit.runners.ParentRunner$2.evaluate(ParentRunner.java:229)
	at org.junit.internal.runners.statements.RunBefores.evaluate(RunBefores.java:26)
	at org.junit.runners.ParentRunner.run(ParentRunner.java:309)
	at org.apache.maven.surefire.junit4.JUnit4Provider.execute(JUnit4Provider.java:365)
	at org.apache.maven.surefire.junit4.JUnit4Provider.executeWithRerun(JUnit4Provider.java:273)
	at org.apache.maven.surefire.junit4.JUnit4Provider.executeTestSet(JUnit4Provider.java:238)
	at org.apache.maven.surefire.junit4.JUnit4Provider.invoke(JUnit4Provider.java:159)
	at org.apache.maven.surefire.booter.ForkedBooter.invokeProviderInSameClassLoader(ForkedBooter.java:384)
	at org.apache.maven.surefire.booter.ForkedBooter.runSuitesInProcess(ForkedBooter.java:345)
	at org.apache.maven.surefire.booter.ForkedBooter.execute(ForkedBooter.java:126)
	at org.apache.maven.surefire.booter.ForkedBooter.main(ForkedBooter.java:418)
</failure>
    <system-out><![CDATA[2019-09-25 08:02:25,851 [main] INFO  ozone.RatisTestHelper (RatisTestHelper.java:initRatisConf(107)) - dfs.container.ratis.rpc.type = GRPC
2019-09-25 08:02:25,930 [main] INFO  impl.RaftServerProxy (ConfUtils.java:logGet(43)) - raft.rpc.type = GRPC (default)
2019-09-25 08:02:25,937 [main] INFO  grpc.GrpcFactory (GrpcFactory.java:checkPooledByteBufAllocatorUseCacheForAllThreads(45)) - PERFORMANCE WARNING: useCacheForAllThreads is true that may cause Netty to create a lot garbage objects and, as a result, trigger GC.
	It is recommended to disable useCacheForAllThreads by setting -Dorg.apache.ratis.thirdparty.io.netty.allocator.useCacheForAllThreads=false in command line.
2019-09-25 08:02:25,942 [main] INFO  grpc.GrpcConfigKeys$Server (ConfUtils.java:logGet(43)) - raft.grpc.server.port = 43532 (custom)
2019-09-25 08:02:25,943 [main] INFO  server.GrpcService (ConfUtils.java:logGet(43)) - raft.grpc.message.size.max = 33570816 (custom)
2019-09-25 08:02:25,945 [main] INFO  server.RaftServerConfigKeys (ConfUtils.java:logGet(43)) - raft.server.log.appender.buffer.byte-limit = 33554432 (custom)
2019-09-25 08:02:25,946 [main] INFO  server.GrpcService (ConfUtils.java:logGet(43)) - raft.grpc.flow.control.window = 1MB (=1048576) (default)
2019-09-25 08:02:25,947 [main] INFO  server.RaftServerConfigKeys (ConfUtils.java:logGet(43)) - raft.server.rpc.request.timeout = 3000ms (default)
2019-09-25 08:02:26,005 [main] INFO  server.RaftServerConfigKeys (ConfUtils.java:logGet(43)) - raft.server.storage.dir = [/workdir/hadoop-ozone/integration-test/target/test-dir/dfs/8b905e16-e16e-48ca-8ec2-059f42e28f0e] (custom)
2019-09-25 08:02:26,010 [main] INFO  ratis.XceiverServerRatis (XceiverServerRatis.java:start(411)) - Starting XceiverServerRatis 8b905e16-e16e-48ca-8ec2-059f42e28f0e at port 43532
2019-09-25 08:02:26,025 [main] INFO  impl.RaftServerProxy (RaftServerProxy.java:lambda$start$3(299)) - 8b905e16-e16e-48ca-8ec2-059f42e28f0e: start RPC server
2019-09-25 08:02:26,028 [main] INFO  server.GrpcService (GrpcService.java:startImpl(158)) - 8b905e16-e16e-48ca-8ec2-059f42e28f0e: GrpcService started, listening on 0.0.0.0/0.0.0.0:43532
2019-09-25 08:02:26,118 [grpc-default-executor-1] INFO  impl.RaftServerProxy (RaftServerProxy.java:addNew(89)) - 8b905e16-e16e-48ca-8ec2-059f42e28f0e: addNew group-A617948D0A46:[8b905e16-e16e-48ca-8ec2-059f42e28f0e:0.0.0.0:43532] returns group-A617948D0A46:java.util.concurrent.CompletableFuture@49e21a79[Not completed]
2019-09-25 08:02:26,129 [pool-5-thread-1] INFO  impl.RaftServerImpl (RaftServerImpl.java:<init>(95)) - 8b905e16-e16e-48ca-8ec2-059f42e28f0e: new RaftServerImpl for group-A617948D0A46:[8b905e16-e16e-48ca-8ec2-059f42e28f0e:0.0.0.0:43532] with ContainerStateMachine:uninitialized
2019-09-25 08:02:26,130 [pool-5-thread-1] INFO  server.RaftServerConfigKeys (ConfUtils.java:logGet(43)) - raft.server.rpc.timeout.min = 5s (custom)
2019-09-25 08:02:26,131 [pool-5-thread-1] INFO  server.RaftServerConfigKeys (ConfUtils.java:logGet(43)) - raft.server.rpc.timeout.max = 5200ms (custom)
2019-09-25 08:02:26,131 [pool-5-thread-1] INFO  server.RaftServerConfigKeys (ConfUtils.java:logGet(43)) - raft.server.rpcslowness.timeout = 120s (custom)
2019-09-25 08:02:26,131 [pool-5-thread-1] INFO  server.RaftServerConfigKeys (ConfUtils.java:logGet(43)) - raft.server.sleep.deviation.threshold = 300 (default)
2019-09-25 08:02:26,132 [pool-5-thread-1] INFO  server.RaftServerConfigKeys (ConfUtils.java:logGet(43)) - raft.server.log.appender.install.snapshot.enabled = false (custom)
2019-09-25 08:02:26,138 [pool-5-thread-1] INFO  impl.RaftServerImpl (ServerState.java:<init>(103)) - 8b905e16-e16e-48ca-8ec2-059f42e28f0e@group-A617948D0A46: ConfigurationManager, init=-1: [8b905e16-e16e-48ca-8ec2-059f42e28f0e:0.0.0.0:43532], old=null, confs=<EMPTY_MAP>
2019-09-25 08:02:26,138 [pool-5-thread-1] INFO  server.RaftServerConfigKeys (ConfUtils.java:logGet(43)) - raft.server.storage.dir = [/workdir/hadoop-ozone/integration-test/target/test-dir/dfs/8b905e16-e16e-48ca-8ec2-059f42e28f0e] (custom)
2019-09-25 08:02:26,145 [pool-5-thread-1] INFO  storage.RaftStorageDirectory (RaftStorageDirectory.java:analyzeStorage(246)) - The storage directory /workdir/hadoop-ozone/integration-test/target/test-dir/dfs/8b905e16-e16e-48ca-8ec2-059f42e28f0e/3e21f076-f716-48a4-a75b-a617948d0a46 does not exist. Creating ...
2019-09-25 08:02:26,169 [pool-5-thread-1] INFO  storage.RaftStorageDirectory (RaftStorageDirectory.java:tryLock(328)) - Lock on /workdir/hadoop-ozone/integration-test/target/test-dir/dfs/8b905e16-e16e-48ca-8ec2-059f42e28f0e/3e21f076-f716-48a4-a75b-a617948d0a46/in_use.lock acquired by nodename 4462@pr-hdds-2174-pqx5g-486351168
2019-09-25 08:02:26,203 [pool-5-thread-1] INFO  storage.RaftStorage (RaftStorage.java:format(72)) - Storage directory /workdir/hadoop-ozone/integration-test/target/test-dir/dfs/8b905e16-e16e-48ca-8ec2-059f42e28f0e/3e21f076-f716-48a4-a75b-a617948d0a46 has been successfully formatted.
2019-09-25 08:02:26,206 [pool-5-thread-1] INFO  ratis.ContainerStateMachine (ContainerStateMachine.java:loadSnapshot(230)) - group-A617948D0A46: The snapshot info is null. Setting the last applied indexto:(t:0, i:~)
2019-09-25 08:02:26,206 [pool-5-thread-1] INFO  server.RaftServerConfigKeys (ConfUtils.java:logGet(43)) - raft.server.notification.no-leader.timeout = 120s (custom)
2019-09-25 08:02:26,209 [pool-5-thread-1] INFO  server.RaftServerConfigKeys (ConfUtils.java:logGet(43)) - raft.server.log.use.memory = false (default)
2019-09-25 08:02:26,215 [pool-5-thread-1] INFO  server.RaftServerConfigKeys (ConfUtils.java:logGet(43)) - raft.server.log.purge.gap = 1000000 (custom)
2019-09-25 08:02:26,215 [pool-5-thread-1] INFO  server.RaftServerConfigKeys (ConfUtils.java:logGet(43)) - raft.server.log.appender.buffer.byte-limit = 33554432 (custom)
2019-09-25 08:02:26,217 [pool-5-thread-1] INFO  server.RaftServerConfigKeys (ConfUtils.java:logGet(43)) - raft.server.log.segment.size.max = 1048576 (custom)
2019-09-25 08:02:26,222 [pool-5-thread-1] INFO  server.RaftServerConfigKeys (ConfUtils.java:logGet(43)) - raft.server.log.segment.cache.num.max = 2 (custom)
2019-09-25 08:02:26,374 [pool-5-thread-1] INFO  segmented.SegmentedRaftLogWorker (SegmentedRaftLogWorker.java:<init>(172)) - new 8b905e16-e16e-48ca-8ec2-059f42e28f0e@group-A617948D0A46-SegmentedRaftLogWorker for RaftStorage:Storage Directory /workdir/hadoop-ozone/integration-test/target/test-dir/dfs/8b905e16-e16e-48ca-8ec2-059f42e28f0e/3e21f076-f716-48a4-a75b-a617948d0a46
2019-09-25 08:02:26,377 [pool-5-thread-1] INFO  impl.MetricsSystemImpl (MetricsSystemImpl.java:init(158)) - ratis metrics system started (again)
2019-09-25 08:02:26,386 [pool-5-thread-1] INFO  metrics.MetricRegistries (MetricRegistriesLoader.java:load(64)) - Loaded MetricRegistries class org.apache.ratis.metrics.impl.MetricRegistriesImpl
2019-09-25 08:02:26,428 [pool-5-thread-1] INFO  server.RaftServerConfigKeys (ConfUtils.java:logGet(43)) - raft.server.log.queue.byte-limit = 2147483647 (custom)
2019-09-25 08:02:26,429 [pool-5-thread-1] INFO  server.RaftServerConfigKeys (ConfUtils.java:logGet(43)) - raft.server.log.queue.element-limit = 1024 (custom)
2019-09-25 08:02:26,433 [pool-5-thread-1] INFO  server.RaftServerConfigKeys (ConfUtils.java:logGet(43)) - raft.server.log.segment.size.max = 1048576 (custom)
2019-09-25 08:02:26,434 [pool-5-thread-1] INFO  server.RaftServerConfigKeys (ConfUtils.java:logGet(43)) - raft.server.log.preallocated.size = 16384 (custom)
2019-09-25 08:02:26,435 [pool-5-thread-1] INFO  server.RaftServerConfigKeys (ConfUtils.java:logGet(43)) - raft.server.log.write.buffer.size = 33554432 (custom)
2019-09-25 08:02:26,435 [pool-5-thread-1] INFO  server.RaftServerConfigKeys (ConfUtils.java:logGet(43)) - raft.server.log.force.sync.num = 128 (default)
2019-09-25 08:02:26,437 [pool-5-thread-1] INFO  server.RaftServerConfigKeys (ConfUtils.java:logGet(43)) - raft.server.log.statemachine.data.sync = true (default)
2019-09-25 08:02:26,437 [pool-5-thread-1] INFO  server.RaftServerConfigKeys (ConfUtils.java:logGet(43)) - raft.server.log.statemachine.data.sync.timeout = 10s (default)
2019-09-25 08:02:26,438 [pool-5-thread-1] INFO  server.RaftServerConfigKeys (ConfUtils.java:logGet(43)) - raft.server.log.statemachine.data.sync.timeout.retry = -1 (default)
2019-09-25 08:02:26,448 [pool-5-thread-1] INFO  server.RaftServerConfigKeys (ConfUtils.java:logGet(43)) - raft.server.log.statemachine.data.caching.enabled = true (custom)
2019-09-25 08:02:26,454 [pool-5-thread-1] INFO  segmented.SegmentedRaftLogWorker (SegmentedRaftLogWorker.java:lambda$new$0(132)) - 8b905e16-e16e-48ca-8ec2-059f42e28f0e@group-A617948D0A46-SegmentedRaftLogWorker: flushIndex: setUnconditionally 0 -> -1
2019-09-25 08:02:26,460 [pool-5-thread-1] INFO  server.RaftServerConfigKeys (ConfUtils.java:logGet(43)) - raft.server.snapshot.auto.trigger.enabled = true (custom)
2019-09-25 08:02:26,461 [pool-5-thread-1] INFO  server.RaftServerConfigKeys (ConfUtils.java:logGet(43)) - raft.server.snapshot.auto.trigger.threshold = 10000 (custom)
2019-09-25 08:02:26,462 [pool-5-thread-1] INFO  server.RaftServerConfigKeys (ConfUtils.java:logGet(43)) - raft.server.snapshot.retention.num.files = 5 (custom)
2019-09-25 08:02:26,462 [pool-5-thread-1] INFO  server.RaftServerConfigKeys (ConfUtils.java:logGet(43)) - raft.server.retrycache.expirytime = 600000ms (custom)
2019-09-25 08:02:26,492 [pool-5-thread-1] INFO  impl.RaftServerImpl (RaftServerImpl.java:start(185)) - 8b905e16-e16e-48ca-8ec2-059f42e28f0e@group-A617948D0A46: start as a follower, conf=-1: [8b905e16-e16e-48ca-8ec2-059f42e28f0e:0.0.0.0:43532], old=null
2019-09-25 08:02:26,493 [pool-5-thread-1] INFO  impl.RaftServerImpl (RaftServerImpl.java:setRole(174)) - 8b905e16-e16e-48ca-8ec2-059f42e28f0e@group-A617948D0A46: changes role from      null to FOLLOWER at term 0 for startAsFollower
2019-09-25 08:02:26,494 [pool-5-thread-1] INFO  impl.RoleInfo (RoleInfo.java:updateAndGet(143)) - 8b905e16-e16e-48ca-8ec2-059f42e28f0e: start FollowerState
2019-09-25 08:02:26,496 [pool-5-thread-1] INFO  util.JmxRegister (JmxRegister.java:tryRegister(44)) - Successfully registered JMX Bean with object name Ratis:service=RaftServer,group=group-A617948D0A46,id=8b905e16-e16e-48ca-8ec2-059f42e28f0e
2019-09-25 08:02:31,528 [Thread-4] INFO  impl.FollowerState (FollowerState.java:run(106)) - 8b905e16-e16e-48ca-8ec2-059f42e28f0e:group-A617948D0A46 changes to CANDIDATE, lastRpcTime:5034, electionTimeout:5033ms
2019-09-25 08:02:31,534 [Thread-4] INFO  impl.RoleInfo (RoleInfo.java:shutdownFollowerState(121)) - 8b905e16-e16e-48ca-8ec2-059f42e28f0e: shutdown FollowerState
2019-09-25 08:02:31,534 [Thread-4] INFO  impl.RaftServerImpl (RaftServerImpl.java:setRole(174)) - 8b905e16-e16e-48ca-8ec2-059f42e28f0e@group-A617948D0A46: changes role from  FOLLOWER to CANDIDATE at term 0 for changeToCandidate
2019-09-25 08:02:31,538 [Thread-4] INFO  impl.RoleInfo (RoleInfo.java:updateAndGet(143)) - 8b905e16-e16e-48ca-8ec2-059f42e28f0e: start LeaderElection
2019-09-25 08:02:31,556 [8b905e16-e16e-48ca-8ec2-059f42e28f0e@group-A617948D0A46:LeaderElection1] INFO  impl.LeaderElection (LeaderElection.java:askForVotes(182)) - 8b905e16-e16e-48ca-8ec2-059f42e28f0e@group-A617948D0A46:LeaderElection1: begin an election at term 1 for -1: [8b905e16-e16e-48ca-8ec2-059f42e28f0e:0.0.0.0:43532], old=null
2019-09-25 08:02:31,558 [8b905e16-e16e-48ca-8ec2-059f42e28f0e@group-A617948D0A46:LeaderElection1] INFO  impl.RoleInfo (RoleInfo.java:shutdownLeaderElection(134)) - 8b905e16-e16e-48ca-8ec2-059f42e28f0e: shutdown LeaderElection
2019-09-25 08:02:31,558 [8b905e16-e16e-48ca-8ec2-059f42e28f0e@group-A617948D0A46:LeaderElection1] INFO  impl.RaftServerImpl (RaftServerImpl.java:setRole(174)) - 8b905e16-e16e-48ca-8ec2-059f42e28f0e@group-A617948D0A46: changes role from CANDIDATE to LEADER at term 1 for changeToLeader
2019-09-25 08:02:31,559 [8b905e16-e16e-48ca-8ec2-059f42e28f0e@group-A617948D0A46:LeaderElection1] INFO  impl.RaftServerImpl (ServerState.java:setLeader(253)) - 8b905e16-e16e-48ca-8ec2-059f42e28f0e@group-A617948D0A46: change Leader from null to 8b905e16-e16e-48ca-8ec2-059f42e28f0e at term 1 for becomeLeader, leader elected after 5352ms
2019-09-25 08:02:31,567 [8b905e16-e16e-48ca-8ec2-059f42e28f0e@group-A617948D0A46:LeaderElection1] INFO  server.RaftServerConfigKeys (ConfUtils.java:logGet(43)) - raft.server.staging.catchup.gap = 1000 (default)
2019-09-25 08:02:31,567 [8b905e16-e16e-48ca-8ec2-059f42e28f0e@group-A617948D0A46:LeaderElection1] INFO  server.RaftServerConfigKeys (ConfUtils.java:logGet(43)) - raft.server.rpc.sleep.time = 25ms (default)
2019-09-25 08:02:31,570 [8b905e16-e16e-48ca-8ec2-059f42e28f0e@group-A617948D0A46:LeaderElection1] INFO  server.RaftServerConfigKeys (ConfUtils.java:logGet(43)) - raft.server.write.element-limit = 4096 (default)
2019-09-25 08:02:31,573 [8b905e16-e16e-48ca-8ec2-059f42e28f0e@group-A617948D0A46:LeaderElection1] INFO  server.RaftServerConfigKeys (ConfUtils.java:logGet(43)) - raft.server.watch.timeout = 10s (default)
2019-09-25 08:02:31,574 [8b905e16-e16e-48ca-8ec2-059f42e28f0e@group-A617948D0A46:LeaderElection1] INFO  server.RaftServerConfigKeys (ConfUtils.java:logGet(43)) - raft.server.watch.timeout.denomination = 1s (default)
2019-09-25 08:02:31,575 [8b905e16-e16e-48ca-8ec2-059f42e28f0e@group-A617948D0A46:LeaderElection1] INFO  server.RaftServerConfigKeys (ConfUtils.java:logGet(43)) - raft.server.watch.element-limit = 65536 (default)
2019-09-25 08:02:31,603 [8b905e16-e16e-48ca-8ec2-059f42e28f0e@group-A617948D0A46:LeaderElection1] INFO  impl.RoleInfo (RoleInfo.java:updateAndGet(143)) - 8b905e16-e16e-48ca-8ec2-059f42e28f0e: start LeaderState
2019-09-25 08:02:31,623 [8b905e16-e16e-48ca-8ec2-059f42e28f0e@group-A617948D0A46:LeaderElection1] INFO  segmented.SegmentedRaftLogWorker (SegmentedRaftLogWorker.java:startLogSegment(380)) - 8b905e16-e16e-48ca-8ec2-059f42e28f0e@group-A617948D0A46-SegmentedRaftLogWorker: Starting segment from index:0
2019-09-25 08:02:31,632 [8b905e16-e16e-48ca-8ec2-059f42e28f0e@group-A617948D0A46:LeaderElection1] INFO  impl.RaftServerImpl (ServerState.java:setRaftConf(354)) - 8b905e16-e16e-48ca-8ec2-059f42e28f0e@group-A617948D0A46: set configuration 0: [8b905e16-e16e-48ca-8ec2-059f42e28f0e:0.0.0.0:43532], old=null at 0
2019-09-25 08:02:31,850 [8b905e16-e16e-48ca-8ec2-059f42e28f0e@group-A617948D0A46-SegmentedRaftLogWorker] INFO  segmented.SegmentedRaftLogWorker (SegmentedRaftLogWorker.java:execute(569)) - 8b905e16-e16e-48ca-8ec2-059f42e28f0e@group-A617948D0A46-SegmentedRaftLogWorker: created new log segment /workdir/hadoop-ozone/integration-test/target/test-dir/dfs/8b905e16-e16e-48ca-8ec2-059f42e28f0e/3e21f076-f716-48a4-a75b-a617948d0a46/current/log_inprogress_0
2019-09-25 08:02:32,719 [RatisApplyTransactionExecutor 8] INFO  ratis.ContainerStateMachine (ContainerUtils.java:logAndReturnError(146)) - Operation: CreateContainer : Trace ID:  : Message: Block token verification failed. Fail to find any token (empty or null.) : Result: BLOCK_TOKEN_VERIFICATION_FAILED
2019-09-25 08:02:32,719 [RatisApplyTransactionExecutor 8] ERROR ratis.ContainerStateMachine (ContainerStateMachine.java:lambda$applyTransaction$7(737)) - gid group-A617948D0A46 : ApplyTransaction failed. cmd CreateContainer logIndex 1 msg : Block token verification failed. Fail to find any token (empty or null.) Container Result: BLOCK_TOKEN_VERIFICATION_FAILED
2019-09-25 08:02:32,764 [main] INFO  security.OzoneBlockTokenSecretManager (OzoneSecretManager.java:updateCurrentKey(167)) - Updating the current master key for generating tokens
2019-09-25 08:02:32,802 [main] INFO  impl.RaftServerProxy (RaftServerProxy.java:lambda$close$4(314)) - 8b905e16-e16e-48ca-8ec2-059f42e28f0e: close
2019-09-25 08:02:32,804 [main] INFO  impl.RaftServerImpl (RaftServerImpl.java:lambda$shutdown$3(251)) - 8b905e16-e16e-48ca-8ec2-059f42e28f0e@group-A617948D0A46: shutdown
2019-09-25 08:02:32,805 [main] INFO  util.JmxRegister (JmxRegister.java:unregister(73)) - Successfully un-registered JMX Bean with object name Ratis:service=RaftServer,group=group-A617948D0A46,id=8b905e16-e16e-48ca-8ec2-059f42e28f0e
2019-09-25 08:02:32,805 [main] INFO  impl.RoleInfo (RoleInfo.java:shutdownLeaderState(104)) - 8b905e16-e16e-48ca-8ec2-059f42e28f0e: shutdown LeaderState
2019-09-25 08:02:32,806 [main] INFO  impl.PendingRequests (PendingRequests.java:sendNotLeaderResponses(202)) - 8b905e16-e16e-48ca-8ec2-059f42e28f0e-PendingRequests: sendNotLeaderResponses
2019-09-25 08:02:32,809 [main] INFO  impl.StateMachineUpdater (StateMachineUpdater.java:stopAndJoin(125)) - 8b905e16-e16e-48ca-8ec2-059f42e28f0e@group-A617948D0A46-StateMachineUpdater: set stopIndex = 4
2019-09-25 08:02:32,810 [8b905e16-e16e-48ca-8ec2-059f42e28f0e@group-A617948D0A46-StateMachineUpdater] ERROR ratis.ContainerStateMachine (ContainerStateMachine.java:takeSnapshot(283)) - Failed to take snapshot  for group-A617948D0A46 as the stateMachine is unhealthy. The last applied index is at (t:0, i:~)
2019-09-25 08:02:32,810 [8b905e16-e16e-48ca-8ec2-059f42e28f0e@group-A617948D0A46-StateMachineUpdater] ERROR impl.StateMachineUpdater (StateMachineUpdater.java:takeSnapshot(253)) - 8b905e16-e16e-48ca-8ec2-059f42e28f0e@group-A617948D0A46-StateMachineUpdater: Failed to take snapshot
org.apache.ratis.protocol.StateMachineException: Failed to take snapshot  for group-A617948D0A46 as the stateMachine is unhealthy. The last applied index is at (t:0, i:~)
	at org.apache.hadoop.ozone.container.common.transport.server.ratis.ContainerStateMachine.takeSnapshot(ContainerStateMachine.java:282)
	at org.apache.ratis.server.impl.StateMachineUpdater.takeSnapshot(StateMachineUpdater.java:243)
	at org.apache.ratis.server.impl.StateMachineUpdater.checkAndTakeSnapshot(StateMachineUpdater.java:236)
	at org.apache.ratis.server.impl.StateMachineUpdater.run(StateMachineUpdater.java:155)
	at java.lang.Thread.run(Thread.java:748)
2019-09-25 08:02:32,812 [8b905e16-e16e-48ca-8ec2-059f42e28f0e@group-A617948D0A46-StateMachineUpdater] ERROR ratis.ContainerStateMachine (ContainerStateMachine.java:takeSnapshot(283)) - Failed to take snapshot  for group-A617948D0A46 as the stateMachine is unhealthy. The last applied index is at (t:0, i:~)
2019-09-25 08:02:32,812 [8b905e16-e16e-48ca-8ec2-059f42e28f0e@group-A617948D0A46-StateMachineUpdater] ERROR impl.StateMachineUpdater (StateMachineUpdater.java:takeSnapshot(253)) - 8b905e16-e16e-48ca-8ec2-059f42e28f0e@group-A617948D0A46-StateMachineUpdater: Failed to take snapshot
org.apache.ratis.protocol.StateMachineException: Failed to take snapshot  for group-A617948D0A46 as the stateMachine is unhealthy. The last applied index is at (t:0, i:~)
	at org.apache.hadoop.ozone.container.common.transport.server.ratis.ContainerStateMachine.takeSnapshot(ContainerStateMachine.java:282)
	at org.apache.ratis.server.impl.StateMachineUpdater.takeSnapshot(StateMachineUpdater.java:243)
	at org.apache.ratis.server.impl.StateMachineUpdater.checkAndTakeSnapshot(StateMachineUpdater.java:236)
	at org.apache.ratis.server.impl.StateMachineUpdater.run(StateMachineUpdater.java:158)
	at java.lang.Thread.run(Thread.java:748)
2019-09-25 08:02:32,813 [main] INFO  impl.RaftServerImpl (ServerState.java:close(385)) - 8b905e16-e16e-48ca-8ec2-059f42e28f0e@group-A617948D0A46: closes. applyIndex: 4
2019-09-25 08:02:32,816 [8b905e16-e16e-48ca-8ec2-059f42e28f0e@group-A617948D0A46-SegmentedRaftLogWorker] INFO  segmented.SegmentedRaftLogWorker (SegmentedRaftLogWorker.java:run(313)) - 8b905e16-e16e-48ca-8ec2-059f42e28f0e@group-A617948D0A46-SegmentedRaftLogWorker was interrupted, exiting. There are 0 tasks remaining in the queue.
2019-09-25 08:02:32,817 [main] INFO  segmented.SegmentedRaftLogWorker (SegmentedRaftLogWorker.java:close(228)) - 8b905e16-e16e-48ca-8ec2-059f42e28f0e@group-A617948D0A46-SegmentedRaftLogWorker close()
2019-09-25 08:02:32,818 [main] INFO  server.GrpcService (GrpcService.java:closeImpl(164)) - 8b905e16-e16e-48ca-8ec2-059f42e28f0e: shutdown server with port 43532 now
2019-09-25 08:02:32,820 [main] INFO  server.GrpcService (GrpcService.java:closeImpl(172)) - 8b905e16-e16e-48ca-8ec2-059f42e28f0e: shutdown server with port 43532 successfully
2019-09-25 08:02:32,824 [main] INFO  ozone.RatisTestHelper (RatisTestHelper.java:initRatisConf(107)) - dfs.container.ratis.rpc.type = GRPC
2019-09-25 08:02:32,826 [main] INFO  impl.RaftServerProxy (ConfUtils.java:logGet(43)) - raft.rpc.type = GRPC (default)
2019-09-25 08:02:32,826 [main] INFO  grpc.GrpcFactory (GrpcFactory.java:checkPooledByteBufAllocatorUseCacheForAllThreads(45)) - PERFORMANCE WARNING: useCacheForAllThreads is true that may cause Netty to create a lot garbage objects and, as a result, trigger GC.
	It is recommended to disable useCacheForAllThreads by setting -Dorg.apache.ratis.thirdparty.io.netty.allocator.useCacheForAllThreads=false in command line.
2019-09-25 08:02:32,827 [main] INFO  grpc.GrpcConfigKeys$Server (ConfUtils.java:logGet(43)) - raft.grpc.server.port = 34514 (custom)
2019-09-25 08:02:32,829 [main] INFO  server.GrpcService (ConfUtils.java:logGet(43)) - raft.grpc.message.size.max = 33570816 (custom)
2019-09-25 08:02:32,829 [main] INFO  server.RaftServerConfigKeys (ConfUtils.java:logGet(43)) - raft.server.log.appender.buffer.byte-limit = 33554432 (custom)
2019-09-25 08:02:32,830 [main] INFO  server.GrpcService (ConfUtils.java:logGet(43)) - raft.grpc.flow.control.window = 1MB (=1048576) (default)
2019-09-25 08:02:32,830 [main] INFO  server.RaftServerConfigKeys (ConfUtils.java:logGet(43)) - raft.server.rpc.request.timeout = 3000ms (default)
2019-09-25 08:02:32,831 [main] INFO  server.RaftServerConfigKeys (ConfUtils.java:logGet(43)) - raft.server.storage.dir = [/workdir/hadoop-ozone/integration-test/target/test-dir/dfs/f364049c-804e-48c0-9d60-69c24dba2087] (custom)
2019-09-25 08:02:32,832 [main] INFO  ratis.XceiverServerRatis (XceiverServerRatis.java:start(411)) - Starting XceiverServerRatis f364049c-804e-48c0-9d60-69c24dba2087 at port 34514
2019-09-25 08:02:32,838 [main] INFO  impl.RaftServerProxy (RaftServerProxy.java:lambda$start$3(299)) - f364049c-804e-48c0-9d60-69c24dba2087: start RPC server
2019-09-25 08:02:32,840 [main] INFO  server.GrpcService (GrpcService.java:startImpl(158)) - f364049c-804e-48c0-9d60-69c24dba2087: GrpcService started, listening on 0.0.0.0/0.0.0.0:34514
2019-09-25 08:02:32,874 [grpc-default-executor-1] INFO  impl.RaftServerProxy (RaftServerProxy.java:addNew(89)) - f364049c-804e-48c0-9d60-69c24dba2087: addNew group-313AEF6E36AD:[5e405965-0d3b-4ac3-ad61-3309f1df0e1f:0.0.0.0:44865, f364049c-804e-48c0-9d60-69c24dba2087:0.0.0.0:34514, 913f5d44-bdc5-48f3-8465-cfcce404a2ed:0.0.0.0:41104] returns group-313AEF6E36AD:java.util.concurrent.CompletableFuture@4419e000[Not completed]
2019-09-25 08:02:32,879 [pool-7-thread-1] INFO  impl.RaftServerImpl (RaftServerImpl.java:<init>(95)) - f364049c-804e-48c0-9d60-69c24dba2087: new RaftServerImpl for group-313AEF6E36AD:[5e405965-0d3b-4ac3-ad61-3309f1df0e1f:0.0.0.0:44865, f364049c-804e-48c0-9d60-69c24dba2087:0.0.0.0:34514, 913f5d44-bdc5-48f3-8465-cfcce404a2ed:0.0.0.0:41104] with ContainerStateMachine:uninitialized
2019-09-25 08:02:32,880 [pool-7-thread-1] INFO  server.RaftServerConfigKeys (ConfUtils.java:logGet(43)) - raft.server.rpc.timeout.min = 5s (custom)
2019-09-25 08:02:32,880 [pool-7-thread-1] INFO  server.RaftServerConfigKeys (ConfUtils.java:logGet(43)) - raft.server.rpc.timeout.max = 5200ms (custom)
2019-09-25 08:02:32,880 [pool-7-thread-1] INFO  server.RaftServerConfigKeys (ConfUtils.java:logGet(43)) - raft.server.rpcslowness.timeout = 120s (custom)
2019-09-25 08:02:32,881 [pool-7-thread-1] INFO  server.RaftServerConfigKeys (ConfUtils.java:logGet(43)) - raft.server.sleep.deviation.threshold = 300 (default)
2019-09-25 08:02:32,881 [pool-7-thread-1] INFO  server.RaftServerConfigKeys (ConfUtils.java:logGet(43)) - raft.server.log.appender.install.snapshot.enabled = false (custom)
2019-09-25 08:02:32,881 [pool-7-thread-1] INFO  impl.RaftServerImpl (ServerState.java:<init>(103)) - f364049c-804e-48c0-9d60-69c24dba2087@group-313AEF6E36AD: ConfigurationManager, init=-1: [5e405965-0d3b-4ac3-ad61-3309f1df0e1f:0.0.0.0:44865, f364049c-804e-48c0-9d60-69c24dba2087:0.0.0.0:34514, 913f5d44-bdc5-48f3-8465-cfcce404a2ed:0.0.0.0:41104], old=null, confs=<EMPTY_MAP>
2019-09-25 08:02:32,882 [pool-7-thread-1] INFO  server.RaftServerConfigKeys (ConfUtils.java:logGet(43)) - raft.server.storage.dir = [/workdir/hadoop-ozone/integration-test/target/test-dir/dfs/f364049c-804e-48c0-9d60-69c24dba2087] (custom)
2019-09-25 08:02:32,882 [pool-7-thread-1] INFO  storage.RaftStorageDirectory (RaftStorageDirectory.java:analyzeStorage(246)) - The storage directory /workdir/hadoop-ozone/integration-test/target/test-dir/dfs/f364049c-804e-48c0-9d60-69c24dba2087/2e6fcaa7-cbbe-4195-8477-313aef6e36ad does not exist. Creating ...
2019-09-25 08:02:33,068 [pool-7-thread-1] INFO  storage.RaftStorageDirectory (RaftStorageDirectory.java:tryLock(328)) - Lock on /workdir/hadoop-ozone/integration-test/target/test-dir/dfs/f364049c-804e-48c0-9d60-69c24dba2087/2e6fcaa7-cbbe-4195-8477-313aef6e36ad/in_use.lock acquired by nodename 4462@pr-hdds-2174-pqx5g-486351168
2019-09-25 08:02:33,098 [pool-7-thread-1] INFO  storage.RaftStorage (RaftStorage.java:format(72)) - Storage directory /workdir/hadoop-ozone/integration-test/target/test-dir/dfs/f364049c-804e-48c0-9d60-69c24dba2087/2e6fcaa7-cbbe-4195-8477-313aef6e36ad has been successfully formatted.
2019-09-25 08:02:33,099 [pool-7-thread-1] INFO  ratis.ContainerStateMachine (ContainerStateMachine.java:loadSnapshot(230)) - group-313AEF6E36AD: The snapshot info is null. Setting the last applied indexto:(t:0, i:~)
2019-09-25 08:02:33,099 [pool-7-thread-1] INFO  server.RaftServerConfigKeys (ConfUtils.java:logGet(43)) - raft.server.notification.no-leader.timeout = 120s (custom)
2019-09-25 08:02:33,100 [pool-7-thread-1] INFO  server.RaftServerConfigKeys (ConfUtils.java:logGet(43)) - raft.server.log.use.memory = false (default)
2019-09-25 08:02:33,100 [pool-7-thread-1] INFO  server.RaftServerConfigKeys (ConfUtils.java:logGet(43)) - raft.server.log.purge.gap = 1000000 (custom)
2019-09-25 08:02:33,100 [pool-7-thread-1] INFO  server.RaftServerConfigKeys (ConfUtils.java:logGet(43)) - raft.server.log.appender.buffer.byte-limit = 33554432 (custom)
2019-09-25 08:02:33,101 [pool-7-thread-1] INFO  server.RaftServerConfigKeys (ConfUtils.java:logGet(43)) - raft.server.log.segment.size.max = 1048576 (custom)
2019-09-25 08:02:33,101 [pool-7-thread-1] INFO  server.RaftServerConfigKeys (ConfUtils.java:logGet(43)) - raft.server.log.segment.cache.num.max = 2 (custom)
2019-09-25 08:02:33,101 [pool-7-thread-1] INFO  segmented.SegmentedRaftLogWorker (SegmentedRaftLogWorker.java:<init>(172)) - new f364049c-804e-48c0-9d60-69c24dba2087@group-313AEF6E36AD-SegmentedRaftLogWorker for RaftStorage:Storage Directory /workdir/hadoop-ozone/integration-test/target/test-dir/dfs/f364049c-804e-48c0-9d60-69c24dba2087/2e6fcaa7-cbbe-4195-8477-313aef6e36ad
2019-09-25 08:02:33,117 [pool-7-thread-1] INFO  server.RaftServerConfigKeys (ConfUtils.java:logGet(43)) - raft.server.log.queue.byte-limit = 2147483647 (custom)
2019-09-25 08:02:33,117 [pool-7-thread-1] INFO  server.RaftServerConfigKeys (ConfUtils.java:logGet(43)) - raft.server.log.queue.element-limit = 1024 (custom)
2019-09-25 08:02:33,118 [pool-7-thread-1] INFO  server.RaftServerConfigKeys (ConfUtils.java:logGet(43)) - raft.server.log.segment.size.max = 1048576 (custom)
2019-09-25 08:02:33,118 [pool-7-thread-1] INFO  server.RaftServerConfigKeys (ConfUtils.java:logGet(43)) - raft.server.log.preallocated.size = 16384 (custom)
2019-09-25 08:02:33,118 [pool-7-thread-1] INFO  server.RaftServerConfigKeys (ConfUtils.java:logGet(43)) - raft.server.log.write.buffer.size = 33554432 (custom)
2019-09-25 08:02:33,119 [pool-7-thread-1] INFO  server.RaftServerConfigKeys (ConfUtils.java:logGet(43)) - raft.server.log.force.sync.num = 128 (default)
2019-09-25 08:02:33,119 [pool-7-thread-1] INFO  server.RaftServerConfigKeys (ConfUtils.java:logGet(43)) - raft.server.log.statemachine.data.sync = true (default)
2019-09-25 08:02:33,119 [pool-7-thread-1] INFO  server.RaftServerConfigKeys (ConfUtils.java:logGet(43)) - raft.server.log.statemachine.data.sync.timeout = 10s (default)
2019-09-25 08:02:33,119 [pool-7-thread-1] INFO  server.RaftServerConfigKeys (ConfUtils.java:logGet(43)) - raft.server.log.statemachine.data.sync.timeout.retry = -1 (default)
2019-09-25 08:02:33,120 [pool-7-thread-1] INFO  server.RaftServerConfigKeys (ConfUtils.java:logGet(43)) - raft.server.log.statemachine.data.caching.enabled = true (custom)
2019-09-25 08:02:33,120 [pool-7-thread-1] INFO  segmented.SegmentedRaftLogWorker (SegmentedRaftLogWorker.java:lambda$new$0(132)) - f364049c-804e-48c0-9d60-69c24dba2087@group-313AEF6E36AD-SegmentedRaftLogWorker: flushIndex: setUnconditionally 0 -> -1
2019-09-25 08:02:33,121 [pool-7-thread-1] INFO  server.RaftServerConfigKeys (ConfUtils.java:logGet(43)) - raft.server.snapshot.auto.trigger.enabled = true (custom)
2019-09-25 08:02:33,121 [pool-7-thread-1] INFO  server.RaftServerConfigKeys (ConfUtils.java:logGet(43)) - raft.server.snapshot.auto.trigger.threshold = 10000 (custom)
2019-09-25 08:02:33,121 [pool-7-thread-1] INFO  server.RaftServerConfigKeys (ConfUtils.java:logGet(43)) - raft.server.snapshot.retention.num.files = 5 (custom)
2019-09-25 08:02:33,122 [pool-7-thread-1] INFO  server.RaftServerConfigKeys (ConfUtils.java:logGet(43)) - raft.server.retrycache.expirytime = 600000ms (custom)
2019-09-25 08:02:33,127 [pool-7-thread-1] INFO  impl.RaftServerImpl (RaftServerImpl.java:start(185)) - f364049c-804e-48c0-9d60-69c24dba2087@group-313AEF6E36AD: start as a follower, conf=-1: [5e405965-0d3b-4ac3-ad61-3309f1df0e1f:0.0.0.0:44865, f364049c-804e-48c0-9d60-69c24dba2087:0.0.0.0:34514, 913f5d44-bdc5-48f3-8465-cfcce404a2ed:0.0.0.0:41104], old=null
2019-09-25 08:02:33,127 [pool-7-thread-1] INFO  impl.RaftServerImpl (RaftServerImpl.java:setRole(174)) - f364049c-804e-48c0-9d60-69c24dba2087@group-313AEF6E36AD: changes role from      null to FOLLOWER at term 0 for startAsFollower
2019-09-25 08:02:33,128 [pool-7-thread-1] INFO  impl.RoleInfo (RoleInfo.java:updateAndGet(143)) - f364049c-804e-48c0-9d60-69c24dba2087: start FollowerState
2019-09-25 08:02:33,128 [pool-7-thread-1] INFO  util.JmxRegister (JmxRegister.java:tryRegister(44)) - Successfully registered JMX Bean with object name Ratis:service=RaftServer,group=group-313AEF6E36AD,id=f364049c-804e-48c0-9d60-69c24dba2087
2019-09-25 08:02:33,135 [main] INFO  impl.RaftServerProxy (ConfUtils.java:logGet(43)) - raft.rpc.type = GRPC (default)
2019-09-25 08:02:33,136 [main] INFO  grpc.GrpcFactory (GrpcFactory.java:checkPooledByteBufAllocatorUseCacheForAllThreads(45)) - PERFORMANCE WARNING: useCacheForAllThreads is true that may cause Netty to create a lot garbage objects and, as a result, trigger GC.
	It is recommended to disable useCacheForAllThreads by setting -Dorg.apache.ratis.thirdparty.io.netty.allocator.useCacheForAllThreads=false in command line.
2019-09-25 08:02:33,136 [main] INFO  grpc.GrpcConfigKeys$Server (ConfUtils.java:logGet(43)) - raft.grpc.server.port = 44865 (custom)
2019-09-25 08:02:33,136 [main] INFO  server.GrpcService (ConfUtils.java:logGet(43)) - raft.grpc.message.size.max = 33570816 (custom)
2019-09-25 08:02:33,137 [main] INFO  server.RaftServerConfigKeys (ConfUtils.java:logGet(43)) - raft.server.log.appender.buffer.byte-limit = 33554432 (custom)
2019-09-25 08:02:33,137 [main] INFO  server.GrpcService (ConfUtils.java:logGet(43)) - raft.grpc.flow.control.window = 1MB (=1048576) (default)
2019-09-25 08:02:33,138 [main] INFO  server.RaftServerConfigKeys (ConfUtils.java:logGet(43)) - raft.server.rpc.request.timeout = 3000ms (default)
2019-09-25 08:02:33,139 [main] INFO  server.RaftServerConfigKeys (ConfUtils.java:logGet(43)) - raft.server.storage.dir = [/workdir/hadoop-ozone/integration-test/target/test-dir/dfs/5e405965-0d3b-4ac3-ad61-3309f1df0e1f] (custom)
2019-09-25 08:02:33,139 [main] INFO  ratis.XceiverServerRatis (XceiverServerRatis.java:start(411)) - Starting XceiverServerRatis 5e405965-0d3b-4ac3-ad61-3309f1df0e1f at port 44865
2019-09-25 08:02:33,149 [main] INFO  impl.RaftServerProxy (RaftServerProxy.java:lambda$start$3(299)) - 5e405965-0d3b-4ac3-ad61-3309f1df0e1f: start RPC server
2019-09-25 08:02:33,152 [main] INFO  server.GrpcService (GrpcService.java:startImpl(158)) - 5e405965-0d3b-4ac3-ad61-3309f1df0e1f: GrpcService started, listening on 0.0.0.0/0.0.0.0:44865
2019-09-25 08:02:33,189 [grpc-default-executor-1] INFO  impl.RaftServerProxy (RaftServerProxy.java:addNew(89)) - 5e405965-0d3b-4ac3-ad61-3309f1df0e1f: addNew group-313AEF6E36AD:[5e405965-0d3b-4ac3-ad61-3309f1df0e1f:0.0.0.0:44865, f364049c-804e-48c0-9d60-69c24dba2087:0.0.0.0:34514, 913f5d44-bdc5-48f3-8465-cfcce404a2ed:0.0.0.0:41104] returns group-313AEF6E36AD:java.util.concurrent.CompletableFuture@72a32920[Not completed]
2019-09-25 08:02:33,194 [pool-9-thread-1] INFO  impl.RaftServerImpl (RaftServerImpl.java:<init>(95)) - 5e405965-0d3b-4ac3-ad61-3309f1df0e1f: new RaftServerImpl for group-313AEF6E36AD:[5e405965-0d3b-4ac3-ad61-3309f1df0e1f:0.0.0.0:44865, f364049c-804e-48c0-9d60-69c24dba2087:0.0.0.0:34514, 913f5d44-bdc5-48f3-8465-cfcce404a2ed:0.0.0.0:41104] with ContainerStateMachine:uninitialized
2019-09-25 08:02:33,195 [pool-9-thread-1] INFO  server.RaftServerConfigKeys (ConfUtils.java:logGet(43)) - raft.server.rpc.timeout.min = 5s (custom)
2019-09-25 08:02:33,195 [pool-9-thread-1] INFO  server.RaftServerConfigKeys (ConfUtils.java:logGet(43)) - raft.server.rpc.timeout.max = 5200ms (custom)
2019-09-25 08:02:33,195 [pool-9-thread-1] INFO  server.RaftServerConfigKeys (ConfUtils.java:logGet(43)) - raft.server.rpcslowness.timeout = 120s (custom)
2019-09-25 08:02:33,196 [pool-9-thread-1] INFO  server.RaftServerConfigKeys (ConfUtils.java:logGet(43)) - raft.server.sleep.deviation.threshold = 300 (default)
2019-09-25 08:02:33,196 [pool-9-thread-1] INFO  server.RaftServerConfigKeys (ConfUtils.java:logGet(43)) - raft.server.log.appender.install.snapshot.enabled = false (custom)
2019-09-25 08:02:33,196 [pool-9-thread-1] INFO  impl.RaftServerImpl (ServerState.java:<init>(103)) - 5e405965-0d3b-4ac3-ad61-3309f1df0e1f@group-313AEF6E36AD: ConfigurationManager, init=-1: [5e405965-0d3b-4ac3-ad61-3309f1df0e1f:0.0.0.0:44865, f364049c-804e-48c0-9d60-69c24dba2087:0.0.0.0:34514, 913f5d44-bdc5-48f3-8465-cfcce404a2ed:0.0.0.0:41104], old=null, confs=<EMPTY_MAP>
2019-09-25 08:02:33,196 [pool-9-thread-1] INFO  server.RaftServerConfigKeys (ConfUtils.java:logGet(43)) - raft.server.storage.dir = [/workdir/hadoop-ozone/integration-test/target/test-dir/dfs/5e405965-0d3b-4ac3-ad61-3309f1df0e1f] (custom)
2019-09-25 08:02:33,197 [pool-9-thread-1] INFO  storage.RaftStorageDirectory (RaftStorageDirectory.java:analyzeStorage(246)) - The storage directory /workdir/hadoop-ozone/integration-test/target/test-dir/dfs/5e405965-0d3b-4ac3-ad61-3309f1df0e1f/2e6fcaa7-cbbe-4195-8477-313aef6e36ad does not exist. Creating ...
2019-09-25 08:02:33,221 [pool-9-thread-1] INFO  storage.RaftStorageDirectory (RaftStorageDirectory.java:tryLock(328)) - Lock on /workdir/hadoop-ozone/integration-test/target/test-dir/dfs/5e405965-0d3b-4ac3-ad61-3309f1df0e1f/2e6fcaa7-cbbe-4195-8477-313aef6e36ad/in_use.lock acquired by nodename 4462@pr-hdds-2174-pqx5g-486351168
2019-09-25 08:02:33,244 [pool-9-thread-1] INFO  storage.RaftStorage (RaftStorage.java:format(72)) - Storage directory /workdir/hadoop-ozone/integration-test/target/test-dir/dfs/5e405965-0d3b-4ac3-ad61-3309f1df0e1f/2e6fcaa7-cbbe-4195-8477-313aef6e36ad has been successfully formatted.
2019-09-25 08:02:33,245 [pool-9-thread-1] INFO  ratis.ContainerStateMachine (ContainerStateMachine.java:loadSnapshot(230)) - group-313AEF6E36AD: The snapshot info is null. Setting the last applied indexto:(t:0, i:~)
2019-09-25 08:02:33,245 [pool-9-thread-1] INFO  server.RaftServerConfigKeys (ConfUtils.java:logGet(43)) - raft.server.notification.no-leader.timeout = 120s (custom)
2019-09-25 08:02:33,245 [pool-9-thread-1] INFO  server.RaftServerConfigKeys (ConfUtils.java:logGet(43)) - raft.server.log.use.memory = false (default)
2019-09-25 08:02:33,245 [pool-9-thread-1] INFO  server.RaftServerConfigKeys (ConfUtils.java:logGet(43)) - raft.server.log.purge.gap = 1000000 (custom)
2019-09-25 08:02:33,246 [pool-9-thread-1] INFO  server.RaftServerConfigKeys (ConfUtils.java:logGet(43)) - raft.server.log.appender.buffer.byte-limit = 33554432 (custom)
2019-09-25 08:02:33,246 [pool-9-thread-1] INFO  server.RaftServerConfigKeys (ConfUtils.java:logGet(43)) - raft.server.log.segment.size.max = 1048576 (custom)
2019-09-25 08:02:33,246 [pool-9-thread-1] INFO  server.RaftServerConfigKeys (ConfUtils.java:logGet(43)) - raft.server.log.segment.cache.num.max = 2 (custom)
2019-09-25 08:02:33,246 [pool-9-thread-1] INFO  segmented.SegmentedRaftLogWorker (SegmentedRaftLogWorker.java:<init>(172)) - new 5e405965-0d3b-4ac3-ad61-3309f1df0e1f@group-313AEF6E36AD-SegmentedRaftLogWorker for RaftStorage:Storage Directory /workdir/hadoop-ozone/integration-test/target/test-dir/dfs/5e405965-0d3b-4ac3-ad61-3309f1df0e1f/2e6fcaa7-cbbe-4195-8477-313aef6e36ad
2019-09-25 08:02:33,252 [pool-9-thread-1] INFO  server.RaftServerConfigKeys (ConfUtils.java:logGet(43)) - raft.server.log.queue.byte-limit = 2147483647 (custom)
2019-09-25 08:02:33,252 [pool-9-thread-1] INFO  server.RaftServerConfigKeys (ConfUtils.java:logGet(43)) - raft.server.log.queue.element-limit = 1024 (custom)
2019-09-25 08:02:33,253 [pool-9-thread-1] INFO  server.RaftServerConfigKeys (ConfUtils.java:logGet(43)) - raft.server.log.segment.size.max = 1048576 (custom)
2019-09-25 08:02:33,253 [pool-9-thread-1] INFO  server.RaftServerConfigKeys (ConfUtils.java:logGet(43)) - raft.server.log.preallocated.size = 16384 (custom)
2019-09-25 08:02:33,253 [pool-9-thread-1] INFO  server.RaftServerConfigKeys (ConfUtils.java:logGet(43)) - raft.server.log.write.buffer.size = 33554432 (custom)
2019-09-25 08:02:33,253 [pool-9-thread-1] INFO  server.RaftServerConfigKeys (ConfUtils.java:logGet(43)) - raft.server.log.force.sync.num = 128 (default)
2019-09-25 08:02:33,254 [pool-9-thread-1] INFO  server.RaftServerConfigKeys (ConfUtils.java:logGet(43)) - raft.server.log.statemachine.data.sync = true (default)
2019-09-25 08:02:33,254 [pool-9-thread-1] INFO  server.RaftServerConfigKeys (ConfUtils.java:logGet(43)) - raft.server.log.statemachine.data.sync.timeout = 10s (default)
2019-09-25 08:02:33,254 [pool-9-thread-1] INFO  server.RaftServerConfigKeys (ConfUtils.java:logGet(43)) - raft.server.log.statemachine.data.sync.timeout.retry = -1 (default)
2019-09-25 08:02:33,255 [pool-9-thread-1] INFO  server.RaftServerConfigKeys (ConfUtils.java:logGet(43)) - raft.server.log.statemachine.data.caching.enabled = true (custom)
2019-09-25 08:02:33,255 [pool-9-thread-1] INFO  segmented.SegmentedRaftLogWorker (SegmentedRaftLogWorker.java:lambda$new$0(132)) - 5e405965-0d3b-4ac3-ad61-3309f1df0e1f@group-313AEF6E36AD-SegmentedRaftLogWorker: flushIndex: setUnconditionally 0 -> -1
2019-09-25 08:02:33,255 [pool-9-thread-1] INFO  server.RaftServerConfigKeys (ConfUtils.java:logGet(43)) - raft.server.snapshot.auto.trigger.enabled = true (custom)
2019-09-25 08:02:33,256 [pool-9-thread-1] INFO  server.RaftServerConfigKeys (ConfUtils.java:logGet(43)) - raft.server.snapshot.auto.trigger.threshold = 10000 (custom)
2019-09-25 08:02:33,256 [pool-9-thread-1] INFO  server.RaftServerConfigKeys (ConfUtils.java:logGet(43)) - raft.server.snapshot.retention.num.files = 5 (custom)
2019-09-25 08:02:33,256 [pool-9-thread-1] INFO  server.RaftServerConfigKeys (ConfUtils.java:logGet(43)) - raft.server.retrycache.expirytime = 600000ms (custom)
2019-09-25 08:02:33,261 [pool-9-thread-1] INFO  impl.RaftServerImpl (RaftServerImpl.java:start(185)) - 5e405965-0d3b-4ac3-ad61-3309f1df0e1f@group-313AEF6E36AD: start as a follower, conf=-1: [5e405965-0d3b-4ac3-ad61-3309f1df0e1f:0.0.0.0:44865, f364049c-804e-48c0-9d60-69c24dba2087:0.0.0.0:34514, 913f5d44-bdc5-48f3-8465-cfcce404a2ed:0.0.0.0:41104], old=null
2019-09-25 08:02:33,261 [pool-9-thread-1] INFO  impl.RaftServerImpl (RaftServerImpl.java:setRole(174)) - 5e405965-0d3b-4ac3-ad61-3309f1df0e1f@group-313AEF6E36AD: changes role from      null to FOLLOWER at term 0 for startAsFollower
2019-09-25 08:02:33,262 [pool-9-thread-1] INFO  impl.RoleInfo (RoleInfo.java:updateAndGet(143)) - 5e405965-0d3b-4ac3-ad61-3309f1df0e1f: start FollowerState
2019-09-25 08:02:33,262 [pool-9-thread-1] INFO  util.JmxRegister (JmxRegister.java:tryRegister(44)) - Successfully registered JMX Bean with object name Ratis:service=RaftServer,group=group-313AEF6E36AD,id=5e405965-0d3b-4ac3-ad61-3309f1df0e1f
2019-09-25 08:02:33,270 [main] INFO  impl.RaftServerProxy (ConfUtils.java:logGet(43)) - raft.rpc.type = GRPC (default)
2019-09-25 08:02:33,270 [main] INFO  grpc.GrpcFactory (GrpcFactory.java:checkPooledByteBufAllocatorUseCacheForAllThreads(45)) - PERFORMANCE WARNING: useCacheForAllThreads is true that may cause Netty to create a lot garbage objects and, as a result, trigger GC.
	It is recommended to disable useCacheForAllThreads by setting -Dorg.apache.ratis.thirdparty.io.netty.allocator.useCacheForAllThreads=false in command line.
2019-09-25 08:02:33,271 [main] INFO  grpc.GrpcConfigKeys$Server (ConfUtils.java:logGet(43)) - raft.grpc.server.port = 41104 (custom)
2019-09-25 08:02:33,271 [main] INFO  server.GrpcService (ConfUtils.java:logGet(43)) - raft.grpc.message.size.max = 33570816 (custom)
2019-09-25 08:02:33,272 [main] INFO  server.RaftServerConfigKeys (ConfUtils.java:logGet(43)) - raft.server.log.appender.buffer.byte-limit = 33554432 (custom)
2019-09-25 08:02:33,272 [main] INFO  server.GrpcService (ConfUtils.java:logGet(43)) - raft.grpc.flow.control.window = 1MB (=1048576) (default)
2019-09-25 08:02:33,273 [main] INFO  server.RaftServerConfigKeys (ConfUtils.java:logGet(43)) - raft.server.rpc.request.timeout = 3000ms (default)
2019-09-25 08:02:33,274 [main] INFO  server.RaftServerConfigKeys (ConfUtils.java:logGet(43)) - raft.server.storage.dir = [/workdir/hadoop-ozone/integration-test/target/test-dir/dfs/913f5d44-bdc5-48f3-8465-cfcce404a2ed] (custom)
2019-09-25 08:02:33,274 [main] INFO  ratis.XceiverServerRatis (XceiverServerRatis.java:start(411)) - Starting XceiverServerRatis 913f5d44-bdc5-48f3-8465-cfcce404a2ed at port 41104
2019-09-25 08:02:33,286 [main] INFO  impl.RaftServerProxy (RaftServerProxy.java:lambda$start$3(299)) - 913f5d44-bdc5-48f3-8465-cfcce404a2ed: start RPC server
2019-09-25 08:02:33,290 [main] INFO  server.GrpcService (GrpcService.java:startImpl(158)) - 913f5d44-bdc5-48f3-8465-cfcce404a2ed: GrpcService started, listening on 0.0.0.0/0.0.0.0:41104
2019-09-25 08:02:33,330 [grpc-default-executor-0] INFO  impl.RaftServerProxy (RaftServerProxy.java:addNew(89)) - 913f5d44-bdc5-48f3-8465-cfcce404a2ed: addNew group-313AEF6E36AD:[5e405965-0d3b-4ac3-ad61-3309f1df0e1f:0.0.0.0:44865, f364049c-804e-48c0-9d60-69c24dba2087:0.0.0.0:34514, 913f5d44-bdc5-48f3-8465-cfcce404a2ed:0.0.0.0:41104] returns group-313AEF6E36AD:java.util.concurrent.CompletableFuture@19d4ba7c[Not completed]
2019-09-25 08:02:33,333 [pool-11-thread-1] INFO  impl.RaftServerImpl (RaftServerImpl.java:<init>(95)) - 913f5d44-bdc5-48f3-8465-cfcce404a2ed: new RaftServerImpl for group-313AEF6E36AD:[5e405965-0d3b-4ac3-ad61-3309f1df0e1f:0.0.0.0:44865, f364049c-804e-48c0-9d60-69c24dba2087:0.0.0.0:34514, 913f5d44-bdc5-48f3-8465-cfcce404a2ed:0.0.0.0:41104] with ContainerStateMachine:uninitialized
2019-09-25 08:02:33,334 [pool-11-thread-1] INFO  server.RaftServerConfigKeys (ConfUtils.java:logGet(43)) - raft.server.rpc.timeout.min = 5s (custom)
2019-09-25 08:02:33,334 [pool-11-thread-1] INFO  server.RaftServerConfigKeys (ConfUtils.java:logGet(43)) - raft.server.rpc.timeout.max = 5200ms (custom)
2019-09-25 08:02:33,335 [pool-11-thread-1] INFO  server.RaftServerConfigKeys (ConfUtils.java:logGet(43)) - raft.server.rpcslowness.timeout = 120s (custom)
2019-09-25 08:02:33,335 [pool-11-thread-1] INFO  server.RaftServerConfigKeys (ConfUtils.java:logGet(43)) - raft.server.sleep.deviation.threshold = 300 (default)
2019-09-25 08:02:33,335 [pool-11-thread-1] INFO  server.RaftServerConfigKeys (ConfUtils.java:logGet(43)) - raft.server.log.appender.install.snapshot.enabled = false (custom)
2019-09-25 08:02:33,335 [pool-11-thread-1] INFO  impl.RaftServerImpl (ServerState.java:<init>(103)) - 913f5d44-bdc5-48f3-8465-cfcce404a2ed@group-313AEF6E36AD: ConfigurationManager, init=-1: [5e405965-0d3b-4ac3-ad61-3309f1df0e1f:0.0.0.0:44865, f364049c-804e-48c0-9d60-69c24dba2087:0.0.0.0:34514, 913f5d44-bdc5-48f3-8465-cfcce404a2ed:0.0.0.0:41104], old=null, confs=<EMPTY_MAP>
2019-09-25 08:02:33,336 [pool-11-thread-1] INFO  server.RaftServerConfigKeys (ConfUtils.java:logGet(43)) - raft.server.storage.dir = [/workdir/hadoop-ozone/integration-test/target/test-dir/dfs/913f5d44-bdc5-48f3-8465-cfcce404a2ed] (custom)
2019-09-25 08:02:33,336 [pool-11-thread-1] INFO  storage.RaftStorageDirectory (RaftStorageDirectory.java:analyzeStorage(246)) - The storage directory /workdir/hadoop-ozone/integration-test/target/test-dir/dfs/913f5d44-bdc5-48f3-8465-cfcce404a2ed/2e6fcaa7-cbbe-4195-8477-313aef6e36ad does not exist. Creating ...
2019-09-25 08:02:33,469 [pool-11-thread-1] INFO  storage.RaftStorageDirectory (RaftStorageDirectory.java:tryLock(328)) - Lock on /workdir/hadoop-ozone/integration-test/target/test-dir/dfs/913f5d44-bdc5-48f3-8465-cfcce404a2ed/2e6fcaa7-cbbe-4195-8477-313aef6e36ad/in_use.lock acquired by nodename 4462@pr-hdds-2174-pqx5g-486351168
2019-09-25 08:02:33,507 [pool-11-thread-1] INFO  storage.RaftStorage (RaftStorage.java:format(72)) - Storage directory /workdir/hadoop-ozone/integration-test/target/test-dir/dfs/913f5d44-bdc5-48f3-8465-cfcce404a2ed/2e6fcaa7-cbbe-4195-8477-313aef6e36ad has been successfully formatted.
2019-09-25 08:02:33,508 [pool-11-thread-1] INFO  ratis.ContainerStateMachine (ContainerStateMachine.java:loadSnapshot(230)) - group-313AEF6E36AD: The snapshot info is null. Setting the last applied indexto:(t:0, i:~)
2019-09-25 08:02:33,508 [pool-11-thread-1] INFO  server.RaftServerConfigKeys (ConfUtils.java:logGet(43)) - raft.server.notification.no-leader.timeout = 120s (custom)
2019-09-25 08:02:33,508 [pool-11-thread-1] INFO  server.RaftServerConfigKeys (ConfUtils.java:logGet(43)) - raft.server.log.use.memory = false (default)
2019-09-25 08:02:33,508 [pool-11-thread-1] INFO  server.RaftServerConfigKeys (ConfUtils.java:logGet(43)) - raft.server.log.purge.gap = 1000000 (custom)
2019-09-25 08:02:33,509 [pool-11-thread-1] INFO  server.RaftServerConfigKeys (ConfUtils.java:logGet(43)) - raft.server.log.appender.buffer.byte-limit = 33554432 (custom)
2019-09-25 08:02:33,509 [pool-11-thread-1] INFO  server.RaftServerConfigKeys (ConfUtils.java:logGet(43)) - raft.server.log.segment.size.max = 1048576 (custom)
2019-09-25 08:02:33,509 [pool-11-thread-1] INFO  server.RaftServerConfigKeys (ConfUtils.java:logGet(43)) - raft.server.log.segment.cache.num.max = 2 (custom)
2019-09-25 08:02:33,509 [pool-11-thread-1] INFO  segmented.SegmentedRaftLogWorker (SegmentedRaftLogWorker.java:<init>(172)) - new 913f5d44-bdc5-48f3-8465-cfcce404a2ed@group-313AEF6E36AD-SegmentedRaftLogWorker for RaftStorage:Storage Directory /workdir/hadoop-ozone/integration-test/target/test-dir/dfs/913f5d44-bdc5-48f3-8465-cfcce404a2ed/2e6fcaa7-cbbe-4195-8477-313aef6e36ad
2019-09-25 08:02:33,516 [pool-11-thread-1] INFO  server.RaftServerConfigKeys (ConfUtils.java:logGet(43)) - raft.server.log.queue.byte-limit = 2147483647 (custom)
2019-09-25 08:02:33,516 [pool-11-thread-1] INFO  server.RaftServerConfigKeys (ConfUtils.java:logGet(43)) - raft.server.log.queue.element-limit = 1024 (custom)
2019-09-25 08:02:33,517 [pool-11-thread-1] INFO  server.RaftServerConfigKeys (ConfUtils.java:logGet(43)) - raft.server.log.segment.size.max = 1048576 (custom)
2019-09-25 08:02:33,517 [pool-11-thread-1] INFO  server.RaftServerConfigKeys (ConfUtils.java:logGet(43)) - raft.server.log.preallocated.size = 16384 (custom)
2019-09-25 08:02:33,517 [pool-11-thread-1] INFO  server.RaftServerConfigKeys (ConfUtils.java:logGet(43)) - raft.server.log.write.buffer.size = 33554432 (custom)
2019-09-25 08:02:33,518 [pool-11-thread-1] INFO  server.RaftServerConfigKeys (ConfUtils.java:logGet(43)) - raft.server.log.force.sync.num = 128 (default)
2019-09-25 08:02:33,518 [pool-11-thread-1] INFO  server.RaftServerConfigKeys (ConfUtils.java:logGet(43)) - raft.server.log.statemachine.data.sync = true (default)
2019-09-25 08:02:33,518 [pool-11-thread-1] INFO  server.RaftServerConfigKeys (ConfUtils.java:logGet(43)) - raft.server.log.statemachine.data.sync.timeout = 10s (default)
2019-09-25 08:02:33,518 [pool-11-thread-1] INFO  server.RaftServerConfigKeys (ConfUtils.java:logGet(43)) - raft.server.log.statemachine.data.sync.timeout.retry = -1 (default)
2019-09-25 08:02:33,519 [pool-11-thread-1] INFO  server.RaftServerConfigKeys (ConfUtils.java:logGet(43)) - raft.server.log.statemachine.data.caching.enabled = true (custom)
2019-09-25 08:02:33,519 [pool-11-thread-1] INFO  segmented.SegmentedRaftLogWorker (SegmentedRaftLogWorker.java:lambda$new$0(132)) - 913f5d44-bdc5-48f3-8465-cfcce404a2ed@group-313AEF6E36AD-SegmentedRaftLogWorker: flushIndex: setUnconditionally 0 -> -1
2019-09-25 08:02:33,520 [pool-11-thread-1] INFO  server.RaftServerConfigKeys (ConfUtils.java:logGet(43)) - raft.server.snapshot.auto.trigger.enabled = true (custom)
2019-09-25 08:02:33,520 [pool-11-thread-1] INFO  server.RaftServerConfigKeys (ConfUtils.java:logGet(43)) - raft.server.snapshot.auto.trigger.threshold = 10000 (custom)
2019-09-25 08:02:33,520 [pool-11-thread-1] INFO  server.RaftServerConfigKeys (ConfUtils.java:logGet(43)) - raft.server.snapshot.retention.num.files = 5 (custom)
2019-09-25 08:02:33,520 [pool-11-thread-1] INFO  server.RaftServerConfigKeys (ConfUtils.java:logGet(43)) - raft.server.retrycache.expirytime = 600000ms (custom)
2019-09-25 08:02:33,525 [pool-11-thread-1] INFO  impl.RaftServerImpl (RaftServerImpl.java:start(185)) - 913f5d44-bdc5-48f3-8465-cfcce404a2ed@group-313AEF6E36AD: start as a follower, conf=-1: [5e405965-0d3b-4ac3-ad61-3309f1df0e1f:0.0.0.0:44865, f364049c-804e-48c0-9d60-69c24dba2087:0.0.0.0:34514, 913f5d44-bdc5-48f3-8465-cfcce404a2ed:0.0.0.0:41104], old=null
2019-09-25 08:02:33,526 [pool-11-thread-1] INFO  impl.RaftServerImpl (RaftServerImpl.java:setRole(174)) - 913f5d44-bdc5-48f3-8465-cfcce404a2ed@group-313AEF6E36AD: changes role from      null to FOLLOWER at term 0 for startAsFollower
2019-09-25 08:02:33,526 [pool-11-thread-1] INFO  impl.RoleInfo (RoleInfo.java:updateAndGet(143)) - 913f5d44-bdc5-48f3-8465-cfcce404a2ed: start FollowerState
2019-09-25 08:02:33,526 [pool-11-thread-1] INFO  util.JmxRegister (JmxRegister.java:tryRegister(44)) - Successfully registered JMX Bean with object name Ratis:service=RaftServer,group=group-313AEF6E36AD,id=913f5d44-bdc5-48f3-8465-cfcce404a2ed
2019-09-25 08:02:38,313 [Thread-22] INFO  impl.FollowerState (FollowerState.java:run(106)) - f364049c-804e-48c0-9d60-69c24dba2087:group-313AEF6E36AD changes to CANDIDATE, lastRpcTime:5185, electionTimeout:5185ms
2019-09-25 08:02:38,316 [Thread-22] INFO  impl.RoleInfo (RoleInfo.java:shutdownFollowerState(121)) - f364049c-804e-48c0-9d60-69c24dba2087: shutdown FollowerState
2019-09-25 08:02:38,317 [Thread-22] INFO  impl.RaftServerImpl (RaftServerImpl.java:setRole(174)) - f364049c-804e-48c0-9d60-69c24dba2087@group-313AEF6E36AD: changes role from  FOLLOWER to CANDIDATE at term 0 for changeToCandidate
2019-09-25 08:02:38,318 [Thread-22] INFO  impl.RoleInfo (RoleInfo.java:updateAndGet(143)) - f364049c-804e-48c0-9d60-69c24dba2087: start LeaderElection
2019-09-25 08:02:38,396 [Thread-25] INFO  impl.FollowerState (FollowerState.java:run(106)) - 5e405965-0d3b-4ac3-ad61-3309f1df0e1f:group-313AEF6E36AD changes to CANDIDATE, lastRpcTime:5134, electionTimeout:5134ms
2019-09-25 08:02:38,397 [Thread-25] INFO  impl.RoleInfo (RoleInfo.java:shutdownFollowerState(121)) - 5e405965-0d3b-4ac3-ad61-3309f1df0e1f: shutdown FollowerState
2019-09-25 08:02:38,397 [Thread-25] INFO  impl.RaftServerImpl (RaftServerImpl.java:setRole(174)) - 5e405965-0d3b-4ac3-ad61-3309f1df0e1f@group-313AEF6E36AD: changes role from  FOLLOWER to CANDIDATE at term 0 for changeToCandidate
2019-09-25 08:02:38,397 [Thread-25] INFO  impl.RoleInfo (RoleInfo.java:updateAndGet(143)) - 5e405965-0d3b-4ac3-ad61-3309f1df0e1f: start LeaderElection
2019-09-25 08:02:38,608 [Thread-28] INFO  impl.FollowerState (FollowerState.java:run(106)) - 913f5d44-bdc5-48f3-8465-cfcce404a2ed:group-313AEF6E36AD changes to CANDIDATE, lastRpcTime:5081, electionTimeout:5081ms
2019-09-25 08:02:38,608 [Thread-28] INFO  impl.RoleInfo (RoleInfo.java:shutdownFollowerState(121)) - 913f5d44-bdc5-48f3-8465-cfcce404a2ed: shutdown FollowerState
2019-09-25 08:02:38,608 [Thread-28] INFO  impl.RaftServerImpl (RaftServerImpl.java:setRole(174)) - 913f5d44-bdc5-48f3-8465-cfcce404a2ed@group-313AEF6E36AD: changes role from  FOLLOWER to CANDIDATE at term 0 for changeToCandidate
2019-09-25 08:02:38,609 [Thread-28] INFO  impl.RoleInfo (RoleInfo.java:updateAndGet(143)) - 913f5d44-bdc5-48f3-8465-cfcce404a2ed: start LeaderElection
2019-09-25 08:02:42,847 [5e405965-0d3b-4ac3-ad61-3309f1df0e1f@group-313AEF6E36AD:LeaderElection3] INFO  impl.LeaderElection (LeaderElection.java:askForVotes(182)) - 5e405965-0d3b-4ac3-ad61-3309f1df0e1f@group-313AEF6E36AD:LeaderElection3: begin an election at term 1 for -1: [5e405965-0d3b-4ac3-ad61-3309f1df0e1f:0.0.0.0:44865, f364049c-804e-48c0-9d60-69c24dba2087:0.0.0.0:34514, 913f5d44-bdc5-48f3-8465-cfcce404a2ed:0.0.0.0:41104], old=null
2019-09-25 08:02:42,848 [913f5d44-bdc5-48f3-8465-cfcce404a2ed@group-313AEF6E36AD:LeaderElection4] INFO  impl.LeaderElection (LeaderElection.java:askForVotes(182)) - 913f5d44-bdc5-48f3-8465-cfcce404a2ed@group-313AEF6E36AD:LeaderElection4: begin an election at term 1 for -1: [5e405965-0d3b-4ac3-ad61-3309f1df0e1f:0.0.0.0:44865, f364049c-804e-48c0-9d60-69c24dba2087:0.0.0.0:34514, 913f5d44-bdc5-48f3-8465-cfcce404a2ed:0.0.0.0:41104], old=null
2019-09-25 08:02:42,847 [f364049c-804e-48c0-9d60-69c24dba2087@group-313AEF6E36AD:LeaderElection2] INFO  impl.LeaderElection (LeaderElection.java:askForVotes(182)) - f364049c-804e-48c0-9d60-69c24dba2087@group-313AEF6E36AD:LeaderElection2: begin an election at term 1 for -1: [5e405965-0d3b-4ac3-ad61-3309f1df0e1f:0.0.0.0:44865, f364049c-804e-48c0-9d60-69c24dba2087:0.0.0.0:34514, 913f5d44-bdc5-48f3-8465-cfcce404a2ed:0.0.0.0:41104], old=null
2019-09-25 08:02:42,897 [5e405965-0d3b-4ac3-ad61-3309f1df0e1f@group-313AEF6E36AD:LeaderElection3] INFO  impl.LeaderElection (LeaderElection.java:logAndReturn(56)) - 5e405965-0d3b-4ac3-ad61-3309f1df0e1f@group-313AEF6E36AD:LeaderElection3: Election REJECTED; received 2 response(s) [5e405965-0d3b-4ac3-ad61-3309f1df0e1f<-f364049c-804e-48c0-9d60-69c24dba2087#0:FAIL-t1, 5e405965-0d3b-4ac3-ad61-3309f1df0e1f<-913f5d44-bdc5-48f3-8465-cfcce404a2ed#0:FAIL-t1] and 0 exception(s); 5e405965-0d3b-4ac3-ad61-3309f1df0e1f@group-313AEF6E36AD:t1, leader=null, voted=5e405965-0d3b-4ac3-ad61-3309f1df0e1f, raftlog=5e405965-0d3b-4ac3-ad61-3309f1df0e1f@group-313AEF6E36AD-SegmentedRaftLog:OPENED:c-1,f-1,i0, conf=-1: [5e405965-0d3b-4ac3-ad61-3309f1df0e1f:0.0.0.0:44865, f364049c-804e-48c0-9d60-69c24dba2087:0.0.0.0:34514, 913f5d44-bdc5-48f3-8465-cfcce404a2ed:0.0.0.0:41104], old=null
2019-09-25 08:02:42,897 [f364049c-804e-48c0-9d60-69c24dba2087@group-313AEF6E36AD:LeaderElection2] INFO  impl.LeaderElection (LeaderElection.java:logAndReturn(56)) - f364049c-804e-48c0-9d60-69c24dba2087@group-313AEF6E36AD:LeaderElection2: Election REJECTED; received 2 response(s) [f364049c-804e-48c0-9d60-69c24dba2087<-5e405965-0d3b-4ac3-ad61-3309f1df0e1f#0:FAIL-t1, f364049c-804e-48c0-9d60-69c24dba2087<-913f5d44-bdc5-48f3-8465-cfcce404a2ed#0:FAIL-t1] and 0 exception(s); f364049c-804e-48c0-9d60-69c24dba2087@group-313AEF6E36AD:t1, leader=null, voted=f364049c-804e-48c0-9d60-69c24dba2087, raftlog=f364049c-804e-48c0-9d60-69c24dba2087@group-313AEF6E36AD-SegmentedRaftLog:OPENED:c-1,f-1,i0, conf=-1: [5e405965-0d3b-4ac3-ad61-3309f1df0e1f:0.0.0.0:44865, f364049c-804e-48c0-9d60-69c24dba2087:0.0.0.0:34514, 913f5d44-bdc5-48f3-8465-cfcce404a2ed:0.0.0.0:41104], old=null
2019-09-25 08:02:42,897 [913f5d44-bdc5-48f3-8465-cfcce404a2ed@group-313AEF6E36AD:LeaderElection4] INFO  impl.LeaderElection (LeaderElection.java:logAndReturn(56)) - 913f5d44-bdc5-48f3-8465-cfcce404a2ed@group-313AEF6E36AD:LeaderElection4: Election REJECTED; received 2 response(s) [913f5d44-bdc5-48f3-8465-cfcce404a2ed<-5e405965-0d3b-4ac3-ad61-3309f1df0e1f#0:FAIL-t1, 913f5d44-bdc5-48f3-8465-cfcce404a2ed<-f364049c-804e-48c0-9d60-69c24dba2087#0:FAIL-t1] and 0 exception(s); 913f5d44-bdc5-48f3-8465-cfcce404a2ed@group-313AEF6E36AD:t1, leader=null, voted=913f5d44-bdc5-48f3-8465-cfcce404a2ed, raftlog=913f5d44-bdc5-48f3-8465-cfcce404a2ed@group-313AEF6E36AD-SegmentedRaftLog:OPENED:c-1,f-1,i0, conf=-1: [5e405965-0d3b-4ac3-ad61-3309f1df0e1f:0.0.0.0:44865, f364049c-804e-48c0-9d60-69c24dba2087:0.0.0.0:34514, 913f5d44-bdc5-48f3-8465-cfcce404a2ed:0.0.0.0:41104], old=null
2019-09-25 08:02:42,901 [5e405965-0d3b-4ac3-ad61-3309f1df0e1f@group-313AEF6E36AD:LeaderElection3] INFO  impl.RaftServerImpl (RaftServerImpl.java:setRole(174)) - 5e405965-0d3b-4ac3-ad61-3309f1df0e1f@group-313AEF6E36AD: changes role from CANDIDATE to FOLLOWER at term 1 for DISCOVERED_A_NEW_TERM
2019-09-25 08:02:42,902 [f364049c-804e-48c0-9d60-69c24dba2087@group-313AEF6E36AD:LeaderElection2] INFO  impl.RaftServerImpl (RaftServerImpl.java:setRole(174)) - f364049c-804e-48c0-9d60-69c24dba2087@group-313AEF6E36AD: changes role from CANDIDATE to FOLLOWER at term 1 for DISCOVERED_A_NEW_TERM
2019-09-25 08:02:42,902 [5e405965-0d3b-4ac3-ad61-3309f1df0e1f@group-313AEF6E36AD:LeaderElection3] INFO  impl.RoleInfo (RoleInfo.java:shutdownLeaderElection(134)) - 5e405965-0d3b-4ac3-ad61-3309f1df0e1f: shutdown LeaderElection
2019-09-25 08:02:42,901 [913f5d44-bdc5-48f3-8465-cfcce404a2ed@group-313AEF6E36AD:LeaderElection4] INFO  impl.RaftServerImpl (RaftServerImpl.java:setRole(174)) - 913f5d44-bdc5-48f3-8465-cfcce404a2ed@group-313AEF6E36AD: changes role from CANDIDATE to FOLLOWER at term 1 for DISCOVERED_A_NEW_TERM
2019-09-25 08:02:42,903 [5e405965-0d3b-4ac3-ad61-3309f1df0e1f@group-313AEF6E36AD:LeaderElection3] INFO  impl.RoleInfo (RoleInfo.java:updateAndGet(143)) - 5e405965-0d3b-4ac3-ad61-3309f1df0e1f: start FollowerState
2019-09-25 08:02:42,903 [f364049c-804e-48c0-9d60-69c24dba2087@group-313AEF6E36AD:LeaderElection2] INFO  impl.RoleInfo (RoleInfo.java:shutdownLeaderElection(134)) - f364049c-804e-48c0-9d60-69c24dba2087: shutdown LeaderElection
2019-09-25 08:02:42,903 [913f5d44-bdc5-48f3-8465-cfcce404a2ed@group-313AEF6E36AD:LeaderElection4] INFO  impl.RoleInfo (RoleInfo.java:shutdownLeaderElection(134)) - 913f5d44-bdc5-48f3-8465-cfcce404a2ed: shutdown LeaderElection
2019-09-25 08:02:42,903 [f364049c-804e-48c0-9d60-69c24dba2087@group-313AEF6E36AD:LeaderElection2] INFO  impl.RoleInfo (RoleInfo.java:updateAndGet(143)) - f364049c-804e-48c0-9d60-69c24dba2087: start FollowerState
2019-09-25 08:02:42,903 [913f5d44-bdc5-48f3-8465-cfcce404a2ed@group-313AEF6E36AD:LeaderElection4] INFO  impl.RoleInfo (RoleInfo.java:updateAndGet(143)) - 913f5d44-bdc5-48f3-8465-cfcce404a2ed: start FollowerState
2019-09-25 08:02:48,085 [Thread-61] INFO  impl.FollowerState (FollowerState.java:run(106)) - f364049c-804e-48c0-9d60-69c24dba2087:group-313AEF6E36AD changes to CANDIDATE, lastRpcTime:5181, electionTimeout:5181ms
2019-09-25 08:02:48,088 [Thread-61] INFO  impl.RoleInfo (RoleInfo.java:shutdownFollowerState(121)) - f364049c-804e-48c0-9d60-69c24dba2087: shutdown FollowerState
2019-09-25 08:02:48,088 [Thread-61] INFO  impl.RaftServerImpl (RaftServerImpl.java:setRole(174)) - f364049c-804e-48c0-9d60-69c24dba2087@group-313AEF6E36AD: changes role from  FOLLOWER to CANDIDATE at term 1 for changeToCandidate
2019-09-25 08:02:48,089 [Thread-61] INFO  impl.RoleInfo (RoleInfo.java:updateAndGet(143)) - f364049c-804e-48c0-9d60-69c24dba2087: start LeaderElection
2019-09-25 08:02:48,091 [Thread-60] INFO  impl.FollowerState (FollowerState.java:run(106)) - 5e405965-0d3b-4ac3-ad61-3309f1df0e1f:group-313AEF6E36AD changes to CANDIDATE, lastRpcTime:5187, electionTimeout:5187ms
2019-09-25 08:02:48,091 [Thread-60] INFO  impl.RoleInfo (RoleInfo.java:shutdownFollowerState(121)) - 5e405965-0d3b-4ac3-ad61-3309f1df0e1f: shutdown FollowerState
2019-09-25 08:02:48,091 [Thread-60] INFO  impl.RaftServerImpl (RaftServerImpl.java:setRole(174)) - 5e405965-0d3b-4ac3-ad61-3309f1df0e1f@group-313AEF6E36AD: changes role from  FOLLOWER to CANDIDATE at term 1 for changeToCandidate
2019-09-25 08:02:48,091 [Thread-60] INFO  impl.RoleInfo (RoleInfo.java:updateAndGet(143)) - 5e405965-0d3b-4ac3-ad61-3309f1df0e1f: start LeaderElection
2019-09-25 08:02:48,103 [Thread-62] INFO  impl.FollowerState (FollowerState.java:run(106)) - 913f5d44-bdc5-48f3-8465-cfcce404a2ed:group-313AEF6E36AD changes to CANDIDATE, lastRpcTime:5199, electionTimeout:5199ms
2019-09-25 08:02:48,103 [Thread-62] INFO  impl.RoleInfo (RoleInfo.java:shutdownFollowerState(121)) - 913f5d44-bdc5-48f3-8465-cfcce404a2ed: shutdown FollowerState
2019-09-25 08:02:48,104 [Thread-62] INFO  impl.RaftServerImpl (RaftServerImpl.java:setRole(174)) - 913f5d44-bdc5-48f3-8465-cfcce404a2ed@group-313AEF6E36AD: changes role from  FOLLOWER to CANDIDATE at term 1 for changeToCandidate
2019-09-25 08:02:48,104 [Thread-62] INFO  impl.RoleInfo (RoleInfo.java:updateAndGet(143)) - 913f5d44-bdc5-48f3-8465-cfcce404a2ed: start LeaderElection
2019-09-25 08:02:48,995 [5e405965-0d3b-4ac3-ad61-3309f1df0e1f@group-313AEF6E36AD:LeaderElection6] INFO  impl.LeaderElection (LeaderElection.java:askForVotes(182)) - 5e405965-0d3b-4ac3-ad61-3309f1df0e1f@group-313AEF6E36AD:LeaderElection6: begin an election at term 2 for -1: [5e405965-0d3b-4ac3-ad61-3309f1df0e1f:0.0.0.0:44865, f364049c-804e-48c0-9d60-69c24dba2087:0.0.0.0:34514, 913f5d44-bdc5-48f3-8465-cfcce404a2ed:0.0.0.0:41104], old=null
2019-09-25 08:02:48,995 [f364049c-804e-48c0-9d60-69c24dba2087@group-313AEF6E36AD:LeaderElection5] INFO  impl.LeaderElection (LeaderElection.java:askForVotes(182)) - f364049c-804e-48c0-9d60-69c24dba2087@group-313AEF6E36AD:LeaderElection5: begin an election at term 2 for -1: [5e405965-0d3b-4ac3-ad61-3309f1df0e1f:0.0.0.0:44865, f364049c-804e-48c0-9d60-69c24dba2087:0.0.0.0:34514, 913f5d44-bdc5-48f3-8465-cfcce404a2ed:0.0.0.0:41104], old=null
2019-09-25 08:02:48,997 [913f5d44-bdc5-48f3-8465-cfcce404a2ed@group-313AEF6E36AD:LeaderElection7] INFO  impl.LeaderElection (LeaderElection.java:askForVotes(182)) - 913f5d44-bdc5-48f3-8465-cfcce404a2ed@group-313AEF6E36AD:LeaderElection7: begin an election at term 2 for -1: [5e405965-0d3b-4ac3-ad61-3309f1df0e1f:0.0.0.0:44865, f364049c-804e-48c0-9d60-69c24dba2087:0.0.0.0:34514, 913f5d44-bdc5-48f3-8465-cfcce404a2ed:0.0.0.0:41104], old=null
2019-09-25 08:02:49,009 [5e405965-0d3b-4ac3-ad61-3309f1df0e1f@group-313AEF6E36AD:LeaderElection6] INFO  impl.LeaderElection (LeaderElection.java:logAndReturn(56)) - 5e405965-0d3b-4ac3-ad61-3309f1df0e1f@group-313AEF6E36AD:LeaderElection6: Election REJECTED; received 2 response(s) [5e405965-0d3b-4ac3-ad61-3309f1df0e1f<-f364049c-804e-48c0-9d60-69c24dba2087#0:FAIL-t2, 5e405965-0d3b-4ac3-ad61-3309f1df0e1f<-913f5d44-bdc5-48f3-8465-cfcce404a2ed#0:FAIL-t2] and 0 exception(s); 5e405965-0d3b-4ac3-ad61-3309f1df0e1f@group-313AEF6E36AD:t2, leader=null, voted=5e405965-0d3b-4ac3-ad61-3309f1df0e1f, raftlog=5e405965-0d3b-4ac3-ad61-3309f1df0e1f@group-313AEF6E36AD-SegmentedRaftLog:OPENED:c-1,f-1,i0, conf=-1: [5e405965-0d3b-4ac3-ad61-3309f1df0e1f:0.0.0.0:44865, f364049c-804e-48c0-9d60-69c24dba2087:0.0.0.0:34514, 913f5d44-bdc5-48f3-8465-cfcce404a2ed:0.0.0.0:41104], old=null
2019-09-25 08:02:49,009 [5e405965-0d3b-4ac3-ad61-3309f1df0e1f@group-313AEF6E36AD:LeaderElection6] INFO  impl.RaftServerImpl (RaftServerImpl.java:setRole(174)) - 5e405965-0d3b-4ac3-ad61-3309f1df0e1f@group-313AEF6E36AD: changes role from CANDIDATE to FOLLOWER at term 2 for DISCOVERED_A_NEW_TERM
2019-09-25 08:02:49,010 [5e405965-0d3b-4ac3-ad61-3309f1df0e1f@group-313AEF6E36AD:LeaderElection6] INFO  impl.RoleInfo (RoleInfo.java:shutdownLeaderElection(134)) - 5e405965-0d3b-4ac3-ad61-3309f1df0e1f: shutdown LeaderElection
2019-09-25 08:02:49,010 [5e405965-0d3b-4ac3-ad61-3309f1df0e1f@group-313AEF6E36AD:LeaderElection6] INFO  impl.RoleInfo (RoleInfo.java:updateAndGet(143)) - 5e405965-0d3b-4ac3-ad61-3309f1df0e1f: start FollowerState
2019-09-25 08:02:49,011 [913f5d44-bdc5-48f3-8465-cfcce404a2ed@group-313AEF6E36AD:LeaderElection7] INFO  impl.LeaderElection (LeaderElection.java:logAndReturn(56)) - 913f5d44-bdc5-48f3-8465-cfcce404a2ed@group-313AEF6E36AD:LeaderElection7: Election REJECTED; received 2 response(s) [913f5d44-bdc5-48f3-8465-cfcce404a2ed<-5e405965-0d3b-4ac3-ad61-3309f1df0e1f#0:FAIL-t2, 913f5d44-bdc5-48f3-8465-cfcce404a2ed<-f364049c-804e-48c0-9d60-69c24dba2087#0:FAIL-t2] and 0 exception(s); 913f5d44-bdc5-48f3-8465-cfcce404a2ed@group-313AEF6E36AD:t2, leader=null, voted=913f5d44-bdc5-48f3-8465-cfcce404a2ed, raftlog=913f5d44-bdc5-48f3-8465-cfcce404a2ed@group-313AEF6E36AD-SegmentedRaftLog:OPENED:c-1,f-1,i0, conf=-1: [5e405965-0d3b-4ac3-ad61-3309f1df0e1f:0.0.0.0:44865, f364049c-804e-48c0-9d60-69c24dba2087:0.0.0.0:34514, 913f5d44-bdc5-48f3-8465-cfcce404a2ed:0.0.0.0:41104], old=null
2019-09-25 08:02:49,012 [913f5d44-bdc5-48f3-8465-cfcce404a2ed@group-313AEF6E36AD:LeaderElection7] INFO  impl.RaftServerImpl (RaftServerImpl.java:setRole(174)) - 913f5d44-bdc5-48f3-8465-cfcce404a2ed@group-313AEF6E36AD: changes role from CANDIDATE to FOLLOWER at term 2 for DISCOVERED_A_NEW_TERM
2019-09-25 08:02:49,013 [913f5d44-bdc5-48f3-8465-cfcce404a2ed@group-313AEF6E36AD:LeaderElection7] INFO  impl.RoleInfo (RoleInfo.java:shutdownLeaderElection(134)) - 913f5d44-bdc5-48f3-8465-cfcce404a2ed: shutdown LeaderElection
2019-09-25 08:02:49,013 [f364049c-804e-48c0-9d60-69c24dba2087@group-313AEF6E36AD:LeaderElection5] INFO  impl.LeaderElection (LeaderElection.java:logAndReturn(56)) - f364049c-804e-48c0-9d60-69c24dba2087@group-313AEF6E36AD:LeaderElection5: Election REJECTED; received 2 response(s) [f364049c-804e-48c0-9d60-69c24dba2087<-5e405965-0d3b-4ac3-ad61-3309f1df0e1f#0:FAIL-t2, f364049c-804e-48c0-9d60-69c24dba2087<-913f5d44-bdc5-48f3-8465-cfcce404a2ed#0:FAIL-t2] and 0 exception(s); f364049c-804e-48c0-9d60-69c24dba2087@group-313AEF6E36AD:t2, leader=null, voted=f364049c-804e-48c0-9d60-69c24dba2087, raftlog=f364049c-804e-48c0-9d60-69c24dba2087@group-313AEF6E36AD-SegmentedRaftLog:OPENED:c-1,f-1,i0, conf=-1: [5e405965-0d3b-4ac3-ad61-3309f1df0e1f:0.0.0.0:44865, f364049c-804e-48c0-9d60-69c24dba2087:0.0.0.0:34514, 913f5d44-bdc5-48f3-8465-cfcce404a2ed:0.0.0.0:41104], old=null
2019-09-25 08:02:49,014 [913f5d44-bdc5-48f3-8465-cfcce404a2ed@group-313AEF6E36AD:LeaderElection7] INFO  impl.RoleInfo (RoleInfo.java:updateAndGet(143)) - 913f5d44-bdc5-48f3-8465-cfcce404a2ed: start FollowerState
2019-09-25 08:02:49,014 [f364049c-804e-48c0-9d60-69c24dba2087@group-313AEF6E36AD:LeaderElection5] INFO  impl.RaftServerImpl (RaftServerImpl.java:setRole(174)) - f364049c-804e-48c0-9d60-69c24dba2087@group-313AEF6E36AD: changes role from CANDIDATE to FOLLOWER at term 2 for DISCOVERED_A_NEW_TERM
2019-09-25 08:02:49,016 [f364049c-804e-48c0-9d60-69c24dba2087@group-313AEF6E36AD:LeaderElection5] INFO  impl.RoleInfo (RoleInfo.java:shutdownLeaderElection(134)) - f364049c-804e-48c0-9d60-69c24dba2087: shutdown LeaderElection
2019-09-25 08:02:49,016 [f364049c-804e-48c0-9d60-69c24dba2087@group-313AEF6E36AD:LeaderElection5] INFO  impl.RoleInfo (RoleInfo.java:updateAndGet(143)) - f364049c-804e-48c0-9d60-69c24dba2087: start FollowerState
2019-09-25 08:02:54,069 [Thread-84] INFO  impl.FollowerState (FollowerState.java:run(106)) - 5e405965-0d3b-4ac3-ad61-3309f1df0e1f:group-313AEF6E36AD changes to CANDIDATE, lastRpcTime:5059, electionTimeout:5057ms
2019-09-25 08:02:54,071 [Thread-84] INFO  impl.RoleInfo (RoleInfo.java:shutdownFollowerState(121)) - 5e405965-0d3b-4ac3-ad61-3309f1df0e1f: shutdown FollowerState
2019-09-25 08:02:54,071 [Thread-84] INFO  impl.RaftServerImpl (RaftServerImpl.java:setRole(174)) - 5e405965-0d3b-4ac3-ad61-3309f1df0e1f@group-313AEF6E36AD: changes role from  FOLLOWER to CANDIDATE at term 2 for changeToCandidate
2019-09-25 08:02:54,071 [Thread-84] INFO  impl.RoleInfo (RoleInfo.java:updateAndGet(143)) - 5e405965-0d3b-4ac3-ad61-3309f1df0e1f: start LeaderElection
2019-09-25 08:02:54,081 [Thread-86] INFO  impl.FollowerState (FollowerState.java:run(106)) - f364049c-804e-48c0-9d60-69c24dba2087:group-313AEF6E36AD changes to CANDIDATE, lastRpcTime:5065, electionTimeout:5064ms
2019-09-25 08:02:54,082 [Thread-86] INFO  impl.RoleInfo (RoleInfo.java:shutdownFollowerState(121)) - f364049c-804e-48c0-9d60-69c24dba2087: shutdown FollowerState
2019-09-25 08:02:54,082 [Thread-86] INFO  impl.RaftServerImpl (RaftServerImpl.java:setRole(174)) - f364049c-804e-48c0-9d60-69c24dba2087@group-313AEF6E36AD: changes role from  FOLLOWER to CANDIDATE at term 2 for changeToCandidate
2019-09-25 08:02:54,082 [Thread-86] INFO  impl.RoleInfo (RoleInfo.java:updateAndGet(143)) - f364049c-804e-48c0-9d60-69c24dba2087: start LeaderElection
2019-09-25 08:02:54,202 [Thread-85] INFO  impl.FollowerState (FollowerState.java:run(106)) - 913f5d44-bdc5-48f3-8465-cfcce404a2ed:group-313AEF6E36AD changes to CANDIDATE, lastRpcTime:5188, electionTimeout:5186ms
2019-09-25 08:02:54,202 [Thread-85] INFO  impl.RoleInfo (RoleInfo.java:shutdownFollowerState(121)) - 913f5d44-bdc5-48f3-8465-cfcce404a2ed: shutdown FollowerState
2019-09-25 08:02:54,203 [Thread-85] INFO  impl.RaftServerImpl (RaftServerImpl.java:setRole(174)) - 913f5d44-bdc5-48f3-8465-cfcce404a2ed@group-313AEF6E36AD: changes role from  FOLLOWER to CANDIDATE at term 2 for changeToCandidate
2019-09-25 08:02:54,203 [Thread-85] INFO  impl.RoleInfo (RoleInfo.java:updateAndGet(143)) - 913f5d44-bdc5-48f3-8465-cfcce404a2ed: start LeaderElection
2019-09-25 08:02:57,428 [5e405965-0d3b-4ac3-ad61-3309f1df0e1f@group-313AEF6E36AD:LeaderElection8] INFO  impl.LeaderElection (LeaderElection.java:askForVotes(182)) - 5e405965-0d3b-4ac3-ad61-3309f1df0e1f@group-313AEF6E36AD:LeaderElection8: begin an election at term 3 for -1: [5e405965-0d3b-4ac3-ad61-3309f1df0e1f:0.0.0.0:44865, f364049c-804e-48c0-9d60-69c24dba2087:0.0.0.0:34514, 913f5d44-bdc5-48f3-8465-cfcce404a2ed:0.0.0.0:41104], old=null
2019-09-25 08:02:57,428 [f364049c-804e-48c0-9d60-69c24dba2087@group-313AEF6E36AD:LeaderElection9] INFO  impl.LeaderElection (LeaderElection.java:askForVotes(182)) - f364049c-804e-48c0-9d60-69c24dba2087@group-313AEF6E36AD:LeaderElection9: begin an election at term 3 for -1: [5e405965-0d3b-4ac3-ad61-3309f1df0e1f:0.0.0.0:44865, f364049c-804e-48c0-9d60-69c24dba2087:0.0.0.0:34514, 913f5d44-bdc5-48f3-8465-cfcce404a2ed:0.0.0.0:41104], old=null
2019-09-25 08:02:57,428 [913f5d44-bdc5-48f3-8465-cfcce404a2ed@group-313AEF6E36AD:LeaderElection10] INFO  impl.LeaderElection (LeaderElection.java:askForVotes(182)) - 913f5d44-bdc5-48f3-8465-cfcce404a2ed@group-313AEF6E36AD:LeaderElection10: begin an election at term 3 for -1: [5e405965-0d3b-4ac3-ad61-3309f1df0e1f:0.0.0.0:44865, f364049c-804e-48c0-9d60-69c24dba2087:0.0.0.0:34514, 913f5d44-bdc5-48f3-8465-cfcce404a2ed:0.0.0.0:41104], old=null
2019-09-25 08:02:57,441 [f364049c-804e-48c0-9d60-69c24dba2087@group-313AEF6E36AD:LeaderElection9] INFO  impl.LeaderElection (LeaderElection.java:logAndReturn(56)) - f364049c-804e-48c0-9d60-69c24dba2087@group-313AEF6E36AD:LeaderElection9: Election REJECTED; received 2 response(s) [f364049c-804e-48c0-9d60-69c24dba2087<-5e405965-0d3b-4ac3-ad61-3309f1df0e1f#0:FAIL-t3, f364049c-804e-48c0-9d60-69c24dba2087<-913f5d44-bdc5-48f3-8465-cfcce404a2ed#0:FAIL-t3] and 0 exception(s); f364049c-804e-48c0-9d60-69c24dba2087@group-313AEF6E36AD:t3, leader=null, voted=f364049c-804e-48c0-9d60-69c24dba2087, raftlog=f364049c-804e-48c0-9d60-69c24dba2087@group-313AEF6E36AD-SegmentedRaftLog:OPENED:c-1,f-1,i0, conf=-1: [5e405965-0d3b-4ac3-ad61-3309f1df0e1f:0.0.0.0:44865, f364049c-804e-48c0-9d60-69c24dba2087:0.0.0.0:34514, 913f5d44-bdc5-48f3-8465-cfcce404a2ed:0.0.0.0:41104], old=null
2019-09-25 08:02:57,441 [5e405965-0d3b-4ac3-ad61-3309f1df0e1f@group-313AEF6E36AD:LeaderElection8] INFO  impl.LeaderElection (LeaderElection.java:logAndReturn(56)) - 5e405965-0d3b-4ac3-ad61-3309f1df0e1f@group-313AEF6E36AD:LeaderElection8: Election REJECTED; received 2 response(s) [5e405965-0d3b-4ac3-ad61-3309f1df0e1f<-f364049c-804e-48c0-9d60-69c24dba2087#0:FAIL-t3, 5e405965-0d3b-4ac3-ad61-3309f1df0e1f<-913f5d44-bdc5-48f3-8465-cfcce404a2ed#0:FAIL-t3] and 0 exception(s); 5e405965-0d3b-4ac3-ad61-3309f1df0e1f@group-313AEF6E36AD:t3, leader=null, voted=5e405965-0d3b-4ac3-ad61-3309f1df0e1f, raftlog=5e405965-0d3b-4ac3-ad61-3309f1df0e1f@group-313AEF6E36AD-SegmentedRaftLog:OPENED:c-1,f-1,i0, conf=-1: [5e405965-0d3b-4ac3-ad61-3309f1df0e1f:0.0.0.0:44865, f364049c-804e-48c0-9d60-69c24dba2087:0.0.0.0:34514, 913f5d44-bdc5-48f3-8465-cfcce404a2ed:0.0.0.0:41104], old=null
2019-09-25 08:02:57,442 [f364049c-804e-48c0-9d60-69c24dba2087@group-313AEF6E36AD:LeaderElection9] INFO  impl.RaftServerImpl (RaftServerImpl.java:setRole(174)) - f364049c-804e-48c0-9d60-69c24dba2087@group-313AEF6E36AD: changes role from CANDIDATE to FOLLOWER at term 3 for DISCOVERED_A_NEW_TERM
2019-09-25 08:02:57,442 [913f5d44-bdc5-48f3-8465-cfcce404a2ed@group-313AEF6E36AD:LeaderElection10] INFO  impl.LeaderElection (LeaderElection.java:logAndReturn(56)) - 913f5d44-bdc5-48f3-8465-cfcce404a2ed@group-313AEF6E36AD:LeaderElection10: Election REJECTED; received 2 response(s) [913f5d44-bdc5-48f3-8465-cfcce404a2ed<-5e405965-0d3b-4ac3-ad61-3309f1df0e1f#0:FAIL-t3, 913f5d44-bdc5-48f3-8465-cfcce404a2ed<-f364049c-804e-48c0-9d60-69c24dba2087#0:FAIL-t3] and 0 exception(s); 913f5d44-bdc5-48f3-8465-cfcce404a2ed@group-313AEF6E36AD:t3, leader=null, voted=913f5d44-bdc5-48f3-8465-cfcce404a2ed, raftlog=913f5d44-bdc5-48f3-8465-cfcce404a2ed@group-313AEF6E36AD-SegmentedRaftLog:OPENED:c-1,f-1,i0, conf=-1: [5e405965-0d3b-4ac3-ad61-3309f1df0e1f:0.0.0.0:44865, f364049c-804e-48c0-9d60-69c24dba2087:0.0.0.0:34514, 913f5d44-bdc5-48f3-8465-cfcce404a2ed:0.0.0.0:41104], old=null
2019-09-25 08:02:57,442 [5e405965-0d3b-4ac3-ad61-3309f1df0e1f@group-313AEF6E36AD:LeaderElection8] INFO  impl.RaftServerImpl (RaftServerImpl.java:setRole(174)) - 5e405965-0d3b-4ac3-ad61-3309f1df0e1f@group-313AEF6E36AD: changes role from CANDIDATE to FOLLOWER at term 3 for DISCOVERED_A_NEW_TERM
2019-09-25 08:02:57,444 [913f5d44-bdc5-48f3-8465-cfcce404a2ed@group-313AEF6E36AD:LeaderElection10] INFO  impl.RaftServerImpl (RaftServerImpl.java:setRole(174)) - 913f5d44-bdc5-48f3-8465-cfcce404a2ed@group-313AEF6E36AD: changes role from CANDIDATE to FOLLOWER at term 3 for DISCOVERED_A_NEW_TERM
2019-09-25 08:02:57,442 [f364049c-804e-48c0-9d60-69c24dba2087@group-313AEF6E36AD:LeaderElection9] INFO  impl.RoleInfo (RoleInfo.java:shutdownLeaderElection(134)) - f364049c-804e-48c0-9d60-69c24dba2087: shutdown LeaderElection
2019-09-25 08:02:57,444 [913f5d44-bdc5-48f3-8465-cfcce404a2ed@group-313AEF6E36AD:LeaderElection10] INFO  impl.RoleInfo (RoleInfo.java:shutdownLeaderElection(134)) - 913f5d44-bdc5-48f3-8465-cfcce404a2ed: shutdown LeaderElection
2019-09-25 08:02:57,444 [5e405965-0d3b-4ac3-ad61-3309f1df0e1f@group-313AEF6E36AD:LeaderElection8] INFO  impl.RoleInfo (RoleInfo.java:shutdownLeaderElection(134)) - 5e405965-0d3b-4ac3-ad61-3309f1df0e1f: shutdown LeaderElection
2019-09-25 08:02:57,445 [f364049c-804e-48c0-9d60-69c24dba2087@group-313AEF6E36AD:LeaderElection9] INFO  impl.RoleInfo (RoleInfo.java:updateAndGet(143)) - f364049c-804e-48c0-9d60-69c24dba2087: start FollowerState
2019-09-25 08:02:57,445 [913f5d44-bdc5-48f3-8465-cfcce404a2ed@group-313AEF6E36AD:LeaderElection10] INFO  impl.RoleInfo (RoleInfo.java:updateAndGet(143)) - 913f5d44-bdc5-48f3-8465-cfcce404a2ed: start FollowerState
2019-09-25 08:02:57,445 [5e405965-0d3b-4ac3-ad61-3309f1df0e1f@group-313AEF6E36AD:LeaderElection8] INFO  impl.RoleInfo (RoleInfo.java:updateAndGet(143)) - 5e405965-0d3b-4ac3-ad61-3309f1df0e1f: start FollowerState
2019-09-25 08:03:02,467 [Thread-112] INFO  impl.FollowerState (FollowerState.java:run(106)) - f364049c-804e-48c0-9d60-69c24dba2087:group-313AEF6E36AD changes to CANDIDATE, lastRpcTime:5021, electionTimeout:5021ms
2019-09-25 08:03:02,468 [Thread-112] INFO  impl.RoleInfo (RoleInfo.java:shutdownFollowerState(121)) - f364049c-804e-48c0-9d60-69c24dba2087: shutdown FollowerState
2019-09-25 08:03:02,468 [Thread-112] INFO  impl.RaftServerImpl (RaftServerImpl.java:setRole(174)) - f364049c-804e-48c0-9d60-69c24dba2087@group-313AEF6E36AD: changes role from  FOLLOWER to CANDIDATE at term 3 for changeToCandidate
2019-09-25 08:03:02,468 [Thread-112] INFO  impl.RoleInfo (RoleInfo.java:updateAndGet(143)) - f364049c-804e-48c0-9d60-69c24dba2087: start LeaderElection
2019-09-25 08:03:02,490 [Thread-114] INFO  impl.FollowerState (FollowerState.java:run(106)) - 5e405965-0d3b-4ac3-ad61-3309f1df0e1f:group-313AEF6E36AD changes to CANDIDATE, lastRpcTime:5045, electionTimeout:5044ms
2019-09-25 08:03:02,491 [Thread-114] INFO  impl.RoleInfo (RoleInfo.java:shutdownFollowerState(121)) - 5e405965-0d3b-4ac3-ad61-3309f1df0e1f: shutdown FollowerState
2019-09-25 08:03:02,491 [Thread-114] INFO  impl.RaftServerImpl (RaftServerImpl.java:setRole(174)) - 5e405965-0d3b-4ac3-ad61-3309f1df0e1f@group-313AEF6E36AD: changes role from  FOLLOWER to CANDIDATE at term 3 for changeToCandidate
2019-09-25 08:03:02,491 [Thread-114] INFO  impl.RoleInfo (RoleInfo.java:updateAndGet(143)) - 5e405965-0d3b-4ac3-ad61-3309f1df0e1f: start LeaderElection
2019-09-25 08:03:02,496 [Thread-113] INFO  impl.FollowerState (FollowerState.java:run(106)) - 913f5d44-bdc5-48f3-8465-cfcce404a2ed:group-313AEF6E36AD changes to CANDIDATE, lastRpcTime:5051, electionTimeout:5050ms
2019-09-25 08:03:02,496 [Thread-113] INFO  impl.RoleInfo (RoleInfo.java:shutdownFollowerState(121)) - 913f5d44-bdc5-48f3-8465-cfcce404a2ed: shutdown FollowerState
2019-09-25 08:03:02,497 [Thread-113] INFO  impl.RaftServerImpl (RaftServerImpl.java:setRole(174)) - 913f5d44-bdc5-48f3-8465-cfcce404a2ed@group-313AEF6E36AD: changes role from  FOLLOWER to CANDIDATE at term 3 for changeToCandidate
2019-09-25 08:03:02,497 [Thread-113] INFO  impl.RoleInfo (RoleInfo.java:updateAndGet(143)) - 913f5d44-bdc5-48f3-8465-cfcce404a2ed: start LeaderElection
2019-09-25 08:03:07,603 [5e405965-0d3b-4ac3-ad61-3309f1df0e1f@group-313AEF6E36AD:LeaderElection12] INFO  impl.LeaderElection (LeaderElection.java:askForVotes(182)) - 5e405965-0d3b-4ac3-ad61-3309f1df0e1f@group-313AEF6E36AD:LeaderElection12: begin an election at term 4 for -1: [5e405965-0d3b-4ac3-ad61-3309f1df0e1f:0.0.0.0:44865, f364049c-804e-48c0-9d60-69c24dba2087:0.0.0.0:34514, 913f5d44-bdc5-48f3-8465-cfcce404a2ed:0.0.0.0:41104], old=null
2019-09-25 08:03:07,603 [f364049c-804e-48c0-9d60-69c24dba2087@group-313AEF6E36AD:LeaderElection11] INFO  impl.LeaderElection (LeaderElection.java:askForVotes(182)) - f364049c-804e-48c0-9d60-69c24dba2087@group-313AEF6E36AD:LeaderElection11: begin an election at term 4 for -1: [5e405965-0d3b-4ac3-ad61-3309f1df0e1f:0.0.0.0:44865, f364049c-804e-48c0-9d60-69c24dba2087:0.0.0.0:34514, 913f5d44-bdc5-48f3-8465-cfcce404a2ed:0.0.0.0:41104], old=null
2019-09-25 08:03:07,603 [913f5d44-bdc5-48f3-8465-cfcce404a2ed@group-313AEF6E36AD:LeaderElection13] INFO  impl.LeaderElection (LeaderElection.java:askForVotes(182)) - 913f5d44-bdc5-48f3-8465-cfcce404a2ed@group-313AEF6E36AD:LeaderElection13: begin an election at term 4 for -1: [5e405965-0d3b-4ac3-ad61-3309f1df0e1f:0.0.0.0:44865, f364049c-804e-48c0-9d60-69c24dba2087:0.0.0.0:34514, 913f5d44-bdc5-48f3-8465-cfcce404a2ed:0.0.0.0:41104], old=null
2019-09-25 08:03:07,610 [f364049c-804e-48c0-9d60-69c24dba2087@group-313AEF6E36AD:LeaderElection11] INFO  impl.LeaderElection (LeaderElection.java:logAndReturn(56)) - f364049c-804e-48c0-9d60-69c24dba2087@group-313AEF6E36AD:LeaderElection11: Election REJECTED; received 2 response(s) [f364049c-804e-48c0-9d60-69c24dba2087<-5e405965-0d3b-4ac3-ad61-3309f1df0e1f#0:FAIL-t4, f364049c-804e-48c0-9d60-69c24dba2087<-913f5d44-bdc5-48f3-8465-cfcce404a2ed#0:FAIL-t4] and 0 exception(s); f364049c-804e-48c0-9d60-69c24dba2087@group-313AEF6E36AD:t4, leader=null, voted=f364049c-804e-48c0-9d60-69c24dba2087, raftlog=f364049c-804e-48c0-9d60-69c24dba2087@group-313AEF6E36AD-SegmentedRaftLog:OPENED:c-1,f-1,i0, conf=-1: [5e405965-0d3b-4ac3-ad61-3309f1df0e1f:0.0.0.0:44865, f364049c-804e-48c0-9d60-69c24dba2087:0.0.0.0:34514, 913f5d44-bdc5-48f3-8465-cfcce404a2ed:0.0.0.0:41104], old=null
2019-09-25 08:03:07,610 [5e405965-0d3b-4ac3-ad61-3309f1df0e1f@group-313AEF6E36AD:LeaderElection12] INFO  impl.LeaderElection (LeaderElection.java:logAndReturn(56)) - 5e405965-0d3b-4ac3-ad61-3309f1df0e1f@group-313AEF6E36AD:LeaderElection12: Election REJECTED; received 2 response(s) [5e405965-0d3b-4ac3-ad61-3309f1df0e1f<-f364049c-804e-48c0-9d60-69c24dba2087#0:FAIL-t4, 5e405965-0d3b-4ac3-ad61-3309f1df0e1f<-913f5d44-bdc5-48f3-8465-cfcce404a2ed#0:FAIL-t4] and 0 exception(s); 5e405965-0d3b-4ac3-ad61-3309f1df0e1f@group-313AEF6E36AD:t4, leader=null, voted=5e405965-0d3b-4ac3-ad61-3309f1df0e1f, raftlog=5e405965-0d3b-4ac3-ad61-3309f1df0e1f@group-313AEF6E36AD-SegmentedRaftLog:OPENED:c-1,f-1,i0, conf=-1: [5e405965-0d3b-4ac3-ad61-3309f1df0e1f:0.0.0.0:44865, f364049c-804e-48c0-9d60-69c24dba2087:0.0.0.0:34514, 913f5d44-bdc5-48f3-8465-cfcce404a2ed:0.0.0.0:41104], old=null
2019-09-25 08:03:07,610 [f364049c-804e-48c0-9d60-69c24dba2087@group-313AEF6E36AD:LeaderElection11] INFO  impl.RaftServerImpl (RaftServerImpl.java:setRole(174)) - f364049c-804e-48c0-9d60-69c24dba2087@group-313AEF6E36AD: changes role from CANDIDATE to FOLLOWER at term 4 for DISCOVERED_A_NEW_TERM
2019-09-25 08:03:07,611 [5e405965-0d3b-4ac3-ad61-3309f1df0e1f@group-313AEF6E36AD:LeaderElection12] INFO  impl.RaftServerImpl (RaftServerImpl.java:setRole(174)) - 5e405965-0d3b-4ac3-ad61-3309f1df0e1f@group-313AEF6E36AD: changes role from CANDIDATE to FOLLOWER at term 4 for DISCOVERED_A_NEW_TERM
2019-09-25 08:03:07,612 [913f5d44-bdc5-48f3-8465-cfcce404a2ed@group-313AEF6E36AD:LeaderElection13] INFO  impl.LeaderElection (LeaderElection.java:logAndReturn(56)) - 913f5d44-bdc5-48f3-8465-cfcce404a2ed@group-313AEF6E36AD:LeaderElection13: Election REJECTED; received 2 response(s) [913f5d44-bdc5-48f3-8465-cfcce404a2ed<-5e405965-0d3b-4ac3-ad61-3309f1df0e1f#0:FAIL-t4, 913f5d44-bdc5-48f3-8465-cfcce404a2ed<-f364049c-804e-48c0-9d60-69c24dba2087#0:FAIL-t4] and 0 exception(s); 913f5d44-bdc5-48f3-8465-cfcce404a2ed@group-313AEF6E36AD:t4, leader=null, voted=913f5d44-bdc5-48f3-8465-cfcce404a2ed, raftlog=913f5d44-bdc5-48f3-8465-cfcce404a2ed@group-313AEF6E36AD-SegmentedRaftLog:OPENED:c-1,f-1,i0, conf=-1: [5e405965-0d3b-4ac3-ad61-3309f1df0e1f:0.0.0.0:44865, f364049c-804e-48c0-9d60-69c24dba2087:0.0.0.0:34514, 913f5d44-bdc5-48f3-8465-cfcce404a2ed:0.0.0.0:41104], old=null
2019-09-25 08:03:07,612 [5e405965-0d3b-4ac3-ad61-3309f1df0e1f@group-313AEF6E36AD:LeaderElection12] INFO  impl.RoleInfo (RoleInfo.java:shutdownLeaderElection(134)) - 5e405965-0d3b-4ac3-ad61-3309f1df0e1f: shutdown LeaderElection
2019-09-25 08:03:07,612 [f364049c-804e-48c0-9d60-69c24dba2087@group-313AEF6E36AD:LeaderElection11] INFO  impl.RoleInfo (RoleInfo.java:shutdownLeaderElection(134)) - f364049c-804e-48c0-9d60-69c24dba2087: shutdown LeaderElection
2019-09-25 08:03:07,613 [5e405965-0d3b-4ac3-ad61-3309f1df0e1f@group-313AEF6E36AD:LeaderElection12] INFO  impl.RoleInfo (RoleInfo.java:updateAndGet(143)) - 5e405965-0d3b-4ac3-ad61-3309f1df0e1f: start FollowerState
2019-09-25 08:03:07,612 [913f5d44-bdc5-48f3-8465-cfcce404a2ed@group-313AEF6E36AD:LeaderElection13] INFO  impl.RaftServerImpl (RaftServerImpl.java:setRole(174)) - 913f5d44-bdc5-48f3-8465-cfcce404a2ed@group-313AEF6E36AD: changes role from CANDIDATE to FOLLOWER at term 4 for DISCOVERED_A_NEW_TERM
2019-09-25 08:03:07,613 [f364049c-804e-48c0-9d60-69c24dba2087@group-313AEF6E36AD:LeaderElection11] INFO  impl.RoleInfo (RoleInfo.java:updateAndGet(143)) - f364049c-804e-48c0-9d60-69c24dba2087: start FollowerState
2019-09-25 08:03:07,613 [913f5d44-bdc5-48f3-8465-cfcce404a2ed@group-313AEF6E36AD:LeaderElection13] INFO  impl.RoleInfo (RoleInfo.java:shutdownLeaderElection(134)) - 913f5d44-bdc5-48f3-8465-cfcce404a2ed: shutdown LeaderElection
2019-09-25 08:03:07,613 [913f5d44-bdc5-48f3-8465-cfcce404a2ed@group-313AEF6E36AD:LeaderElection13] INFO  impl.RoleInfo (RoleInfo.java:updateAndGet(143)) - 913f5d44-bdc5-48f3-8465-cfcce404a2ed: start FollowerState
2019-09-25 08:03:10,204 [grpc-default-executor-3] WARN  client.GrpcClientProtocolService (LogUtils.java:warn(134)) - 12-OrderedRequestStreamObserver12: onError: org.apache.ratis.thirdparty.io.grpc.StatusRuntimeException: CANCELLED: cancelled before receiving half close
2019-09-25 08:03:12,714 [Thread-144] INFO  impl.FollowerState (FollowerState.java:run(106)) - 5e405965-0d3b-4ac3-ad61-3309f1df0e1f:group-313AEF6E36AD changes to CANDIDATE, lastRpcTime:5100, electionTimeout:5100ms
2019-09-25 08:03:12,714 [Thread-144] INFO  impl.RoleInfo (RoleInfo.java:shutdownFollowerState(121)) - 5e405965-0d3b-4ac3-ad61-3309f1df0e1f: shutdown FollowerState
2019-09-25 08:03:12,715 [Thread-144] INFO  impl.RaftServerImpl (RaftServerImpl.java:setRole(174)) - 5e405965-0d3b-4ac3-ad61-3309f1df0e1f@group-313AEF6E36AD: changes role from  FOLLOWER to CANDIDATE at term 4 for changeToCandidate
2019-09-25 08:03:12,715 [Thread-144] INFO  impl.RoleInfo (RoleInfo.java:updateAndGet(143)) - 5e405965-0d3b-4ac3-ad61-3309f1df0e1f: start LeaderElection
2019-09-25 08:03:12,753 [Thread-145] INFO  impl.FollowerState (FollowerState.java:run(106)) - f364049c-804e-48c0-9d60-69c24dba2087:group-313AEF6E36AD changes to CANDIDATE, lastRpcTime:5139, electionTimeout:5139ms
2019-09-25 08:03:12,753 [Thread-145] INFO  impl.RoleInfo (RoleInfo.java:shutdownFollowerState(121)) - f364049c-804e-48c0-9d60-69c24dba2087: shutdown FollowerState
2019-09-25 08:03:12,753 [Thread-145] INFO  impl.RaftServerImpl (RaftServerImpl.java:setRole(174)) - f364049c-804e-48c0-9d60-69c24dba2087@group-313AEF6E36AD: changes role from  FOLLOWER to CANDIDATE at term 4 for changeToCandidate
2019-09-25 08:03:12,754 [Thread-145] INFO  impl.RoleInfo (RoleInfo.java:updateAndGet(143)) - f364049c-804e-48c0-9d60-69c24dba2087: start LeaderElection
2019-09-25 08:03:12,797 [Thread-146] INFO  impl.FollowerState (FollowerState.java:run(106)) - 913f5d44-bdc5-48f3-8465-cfcce404a2ed:group-313AEF6E36AD changes to CANDIDATE, lastRpcTime:5183, electionTimeout:5183ms
2019-09-25 08:03:12,797 [Thread-146] INFO  impl.RoleInfo (RoleInfo.java:shutdownFollowerState(121)) - 913f5d44-bdc5-48f3-8465-cfcce404a2ed: shutdown FollowerState
2019-09-25 08:03:12,798 [Thread-146] INFO  impl.RaftServerImpl (RaftServerImpl.java:setRole(174)) - 913f5d44-bdc5-48f3-8465-cfcce404a2ed@group-313AEF6E36AD: changes role from  FOLLOWER to CANDIDATE at term 4 for changeToCandidate
2019-09-25 08:03:12,798 [Thread-146] INFO  impl.RoleInfo (RoleInfo.java:updateAndGet(143)) - 913f5d44-bdc5-48f3-8465-cfcce404a2ed: start LeaderElection
2019-09-25 08:03:18,102 [5e405965-0d3b-4ac3-ad61-3309f1df0e1f@group-313AEF6E36AD:LeaderElection14] INFO  impl.LeaderElection (LeaderElection.java:askForVotes(182)) - 5e405965-0d3b-4ac3-ad61-3309f1df0e1f@group-313AEF6E36AD:LeaderElection14: begin an election at term 5 for -1: [5e405965-0d3b-4ac3-ad61-3309f1df0e1f:0.0.0.0:44865, f364049c-804e-48c0-9d60-69c24dba2087:0.0.0.0:34514, 913f5d44-bdc5-48f3-8465-cfcce404a2ed:0.0.0.0:41104], old=null
2019-09-25 08:03:18,102 [913f5d44-bdc5-48f3-8465-cfcce404a2ed@group-313AEF6E36AD:LeaderElection16] INFO  impl.LeaderElection (LeaderElection.java:askForVotes(182)) - 913f5d44-bdc5-48f3-8465-cfcce404a2ed@group-313AEF6E36AD:LeaderElection16: begin an election at term 5 for -1: [5e405965-0d3b-4ac3-ad61-3309f1df0e1f:0.0.0.0:44865, f364049c-804e-48c0-9d60-69c24dba2087:0.0.0.0:34514, 913f5d44-bdc5-48f3-8465-cfcce404a2ed:0.0.0.0:41104], old=null
2019-09-25 08:03:18,102 [f364049c-804e-48c0-9d60-69c24dba2087@group-313AEF6E36AD:LeaderElection15] INFO  impl.LeaderElection (LeaderElection.java:askForVotes(182)) - f364049c-804e-48c0-9d60-69c24dba2087@group-313AEF6E36AD:LeaderElection15: begin an election at term 5 for -1: [5e405965-0d3b-4ac3-ad61-3309f1df0e1f:0.0.0.0:44865, f364049c-804e-48c0-9d60-69c24dba2087:0.0.0.0:34514, 913f5d44-bdc5-48f3-8465-cfcce404a2ed:0.0.0.0:41104], old=null
2019-09-25 08:03:18,110 [f364049c-804e-48c0-9d60-69c24dba2087@group-313AEF6E36AD:LeaderElection15] INFO  impl.LeaderElection (LeaderElection.java:logAndReturn(56)) - f364049c-804e-48c0-9d60-69c24dba2087@group-313AEF6E36AD:LeaderElection15: Election REJECTED; received 2 response(s) [f364049c-804e-48c0-9d60-69c24dba2087<-5e405965-0d3b-4ac3-ad61-3309f1df0e1f#0:FAIL-t5, f364049c-804e-48c0-9d60-69c24dba2087<-913f5d44-bdc5-48f3-8465-cfcce404a2ed#0:FAIL-t5] and 0 exception(s); f364049c-804e-48c0-9d60-69c24dba2087@group-313AEF6E36AD:t5, leader=null, voted=f364049c-804e-48c0-9d60-69c24dba2087, raftlog=f364049c-804e-48c0-9d60-69c24dba2087@group-313AEF6E36AD-SegmentedRaftLog:OPENED:c-1,f-1,i0, conf=-1: [5e405965-0d3b-4ac3-ad61-3309f1df0e1f:0.0.0.0:44865, f364049c-804e-48c0-9d60-69c24dba2087:0.0.0.0:34514, 913f5d44-bdc5-48f3-8465-cfcce404a2ed:0.0.0.0:41104], old=null
2019-09-25 08:03:18,110 [f364049c-804e-48c0-9d60-69c24dba2087@group-313AEF6E36AD:LeaderElection15] INFO  impl.RaftServerImpl (RaftServerImpl.java:setRole(174)) - f364049c-804e-48c0-9d60-69c24dba2087@group-313AEF6E36AD: changes role from CANDIDATE to FOLLOWER at term 5 for DISCOVERED_A_NEW_TERM
2019-09-25 08:03:18,110 [f364049c-804e-48c0-9d60-69c24dba2087@group-313AEF6E36AD:LeaderElection15] INFO  impl.RoleInfo (RoleInfo.java:shutdownLeaderElection(134)) - f364049c-804e-48c0-9d60-69c24dba2087: shutdown LeaderElection
2019-09-25 08:03:18,110 [913f5d44-bdc5-48f3-8465-cfcce404a2ed@group-313AEF6E36AD:LeaderElection16] INFO  impl.LeaderElection (LeaderElection.java:logAndReturn(56)) - 913f5d44-bdc5-48f3-8465-cfcce404a2ed@group-313AEF6E36AD:LeaderElection16: Election REJECTED; received 2 response(s) [913f5d44-bdc5-48f3-8465-cfcce404a2ed<-5e405965-0d3b-4ac3-ad61-3309f1df0e1f#0:FAIL-t5, 913f5d44-bdc5-48f3-8465-cfcce404a2ed<-f364049c-804e-48c0-9d60-69c24dba2087#0:FAIL-t5] and 0 exception(s); 913f5d44-bdc5-48f3-8465-cfcce404a2ed@group-313AEF6E36AD:t5, leader=null, voted=913f5d44-bdc5-48f3-8465-cfcce404a2ed, raftlog=913f5d44-bdc5-48f3-8465-cfcce404a2ed@group-313AEF6E36AD-SegmentedRaftLog:OPENED:c-1,f-1,i0, conf=-1: [5e405965-0d3b-4ac3-ad61-3309f1df0e1f:0.0.0.0:44865, f364049c-804e-48c0-9d60-69c24dba2087:0.0.0.0:34514, 913f5d44-bdc5-48f3-8465-cfcce404a2ed:0.0.0.0:41104], old=null
2019-09-25 08:03:18,112 [f364049c-804e-48c0-9d60-69c24dba2087@group-313AEF6E36AD:LeaderElection15] INFO  impl.RoleInfo (RoleInfo.java:updateAndGet(143)) - f364049c-804e-48c0-9d60-69c24dba2087: start FollowerState
2019-09-25 08:03:18,112 [913f5d44-bdc5-48f3-8465-cfcce404a2ed@group-313AEF6E36AD:LeaderElection16] INFO  impl.RaftServerImpl (RaftServerImpl.java:setRole(174)) - 913f5d44-bdc5-48f3-8465-cfcce404a2ed@group-313AEF6E36AD: changes role from CANDIDATE to FOLLOWER at term 5 for DISCOVERED_A_NEW_TERM
2019-09-25 08:03:18,113 [5e405965-0d3b-4ac3-ad61-3309f1df0e1f@group-313AEF6E36AD:LeaderElection14] INFO  impl.LeaderElection (LeaderElection.java:logAndReturn(56)) - 5e405965-0d3b-4ac3-ad61-3309f1df0e1f@group-313AEF6E36AD:LeaderElection14: Election REJECTED; received 2 response(s) [5e405965-0d3b-4ac3-ad61-3309f1df0e1f<-f364049c-804e-48c0-9d60-69c24dba2087#0:FAIL-t5, 5e405965-0d3b-4ac3-ad61-3309f1df0e1f<-913f5d44-bdc5-48f3-8465-cfcce404a2ed#0:FAIL-t5] and 0 exception(s); 5e405965-0d3b-4ac3-ad61-3309f1df0e1f@group-313AEF6E36AD:t5, leader=null, voted=5e405965-0d3b-4ac3-ad61-3309f1df0e1f, raftlog=5e405965-0d3b-4ac3-ad61-3309f1df0e1f@group-313AEF6E36AD-SegmentedRaftLog:OPENED:c-1,f-1,i0, conf=-1: [5e405965-0d3b-4ac3-ad61-3309f1df0e1f:0.0.0.0:44865, f364049c-804e-48c0-9d60-69c24dba2087:0.0.0.0:34514, 913f5d44-bdc5-48f3-8465-cfcce404a2ed:0.0.0.0:41104], old=null
2019-09-25 08:03:18,113 [913f5d44-bdc5-48f3-8465-cfcce404a2ed@group-313AEF6E36AD:LeaderElection16] INFO  impl.RoleInfo (RoleInfo.java:shutdownLeaderElection(134)) - 913f5d44-bdc5-48f3-8465-cfcce404a2ed: shutdown LeaderElection
2019-09-25 08:03:18,113 [5e405965-0d3b-4ac3-ad61-3309f1df0e1f@group-313AEF6E36AD:LeaderElection14] INFO  impl.RaftServerImpl (RaftServerImpl.java:setRole(174)) - 5e405965-0d3b-4ac3-ad61-3309f1df0e1f@group-313AEF6E36AD: changes role from CANDIDATE to FOLLOWER at term 5 for DISCOVERED_A_NEW_TERM
2019-09-25 08:03:18,114 [913f5d44-bdc5-48f3-8465-cfcce404a2ed@group-313AEF6E36AD:LeaderElection16] INFO  impl.RoleInfo (RoleInfo.java:updateAndGet(143)) - 913f5d44-bdc5-48f3-8465-cfcce404a2ed: start FollowerState
2019-09-25 08:03:18,114 [5e405965-0d3b-4ac3-ad61-3309f1df0e1f@group-313AEF6E36AD:LeaderElection14] INFO  impl.RoleInfo (RoleInfo.java:shutdownLeaderElection(134)) - 5e405965-0d3b-4ac3-ad61-3309f1df0e1f: shutdown LeaderElection
2019-09-25 08:03:18,115 [5e405965-0d3b-4ac3-ad61-3309f1df0e1f@group-313AEF6E36AD:LeaderElection14] INFO  impl.RoleInfo (RoleInfo.java:updateAndGet(143)) - 5e405965-0d3b-4ac3-ad61-3309f1df0e1f: start FollowerState
2019-09-25 08:03:23,210 [Thread-178] INFO  impl.FollowerState (FollowerState.java:run(106)) - 5e405965-0d3b-4ac3-ad61-3309f1df0e1f:group-313AEF6E36AD changes to CANDIDATE, lastRpcTime:5094, electionTimeout:5094ms
2019-09-25 08:03:23,211 [Thread-178] INFO  impl.RoleInfo (RoleInfo.java:shutdownFollowerState(121)) - 5e405965-0d3b-4ac3-ad61-3309f1df0e1f: shutdown FollowerState
2019-09-25 08:03:23,212 [Thread-178] INFO  impl.RaftServerImpl (RaftServerImpl.java:setRole(174)) - 5e405965-0d3b-4ac3-ad61-3309f1df0e1f@group-313AEF6E36AD: changes role from  FOLLOWER to CANDIDATE at term 5 for changeToCandidate
2019-09-25 08:03:23,212 [Thread-178] INFO  impl.RoleInfo (RoleInfo.java:updateAndGet(143)) - 5e405965-0d3b-4ac3-ad61-3309f1df0e1f: start LeaderElection
2019-09-25 08:03:23,225 [Thread-177] INFO  impl.FollowerState (FollowerState.java:run(106)) - 913f5d44-bdc5-48f3-8465-cfcce404a2ed:group-313AEF6E36AD changes to CANDIDATE, lastRpcTime:5110, electionTimeout:5110ms
2019-09-25 08:03:23,225 [Thread-177] INFO  impl.RoleInfo (RoleInfo.java:shutdownFollowerState(121)) - 913f5d44-bdc5-48f3-8465-cfcce404a2ed: shutdown FollowerState
2019-09-25 08:03:23,226 [Thread-177] INFO  impl.RaftServerImpl (RaftServerImpl.java:setRole(174)) - 913f5d44-bdc5-48f3-8465-cfcce404a2ed@group-313AEF6E36AD: changes role from  FOLLOWER to CANDIDATE at term 5 for changeToCandidate
2019-09-25 08:03:23,226 [Thread-177] INFO  impl.RoleInfo (RoleInfo.java:updateAndGet(143)) - 913f5d44-bdc5-48f3-8465-cfcce404a2ed: start LeaderElection
2019-09-25 08:03:23,278 [Thread-176] INFO  impl.FollowerState (FollowerState.java:run(106)) - f364049c-804e-48c0-9d60-69c24dba2087:group-313AEF6E36AD changes to CANDIDATE, lastRpcTime:5166, electionTimeout:5165ms
2019-09-25 08:03:23,278 [Thread-176] INFO  impl.RoleInfo (RoleInfo.java:shutdownFollowerState(121)) - f364049c-804e-48c0-9d60-69c24dba2087: shutdown FollowerState
2019-09-25 08:03:23,279 [Thread-176] INFO  impl.RaftServerImpl (RaftServerImpl.java:setRole(174)) - f364049c-804e-48c0-9d60-69c24dba2087@group-313AEF6E36AD: changes role from  FOLLOWER to CANDIDATE at term 5 for changeToCandidate
2019-09-25 08:03:23,279 [Thread-176] INFO  impl.RoleInfo (RoleInfo.java:updateAndGet(143)) - f364049c-804e-48c0-9d60-69c24dba2087: start LeaderElection
2019-09-25 08:03:28,253 [5e405965-0d3b-4ac3-ad61-3309f1df0e1f@group-313AEF6E36AD:LeaderElection17] INFO  impl.LeaderElection (LeaderElection.java:askForVotes(182)) - 5e405965-0d3b-4ac3-ad61-3309f1df0e1f@group-313AEF6E36AD:LeaderElection17: begin an election at term 6 for -1: [5e405965-0d3b-4ac3-ad61-3309f1df0e1f:0.0.0.0:44865, f364049c-804e-48c0-9d60-69c24dba2087:0.0.0.0:34514, 913f5d44-bdc5-48f3-8465-cfcce404a2ed:0.0.0.0:41104], old=null
2019-09-25 08:03:28,253 [913f5d44-bdc5-48f3-8465-cfcce404a2ed@group-313AEF6E36AD:LeaderElection18] INFO  impl.LeaderElection (LeaderElection.java:askForVotes(182)) - 913f5d44-bdc5-48f3-8465-cfcce404a2ed@group-313AEF6E36AD:LeaderElection18: begin an election at term 6 for -1: [5e405965-0d3b-4ac3-ad61-3309f1df0e1f:0.0.0.0:44865, f364049c-804e-48c0-9d60-69c24dba2087:0.0.0.0:34514, 913f5d44-bdc5-48f3-8465-cfcce404a2ed:0.0.0.0:41104], old=null
2019-09-25 08:03:28,253 [f364049c-804e-48c0-9d60-69c24dba2087@group-313AEF6E36AD:LeaderElection19] INFO  impl.LeaderElection (LeaderElection.java:askForVotes(182)) - f364049c-804e-48c0-9d60-69c24dba2087@group-313AEF6E36AD:LeaderElection19: begin an election at term 6 for -1: [5e405965-0d3b-4ac3-ad61-3309f1df0e1f:0.0.0.0:44865, f364049c-804e-48c0-9d60-69c24dba2087:0.0.0.0:34514, 913f5d44-bdc5-48f3-8465-cfcce404a2ed:0.0.0.0:41104], old=null
2019-09-25 08:03:28,260 [f364049c-804e-48c0-9d60-69c24dba2087@group-313AEF6E36AD:LeaderElection19] INFO  impl.LeaderElection (LeaderElection.java:logAndReturn(56)) - f364049c-804e-48c0-9d60-69c24dba2087@group-313AEF6E36AD:LeaderElection19: Election REJECTED; received 2 response(s) [f364049c-804e-48c0-9d60-69c24dba2087<-5e405965-0d3b-4ac3-ad61-3309f1df0e1f#0:FAIL-t6, f364049c-804e-48c0-9d60-69c24dba2087<-913f5d44-bdc5-48f3-8465-cfcce404a2ed#0:FAIL-t6] and 0 exception(s); f364049c-804e-48c0-9d60-69c24dba2087@group-313AEF6E36AD:t6, leader=null, voted=f364049c-804e-48c0-9d60-69c24dba2087, raftlog=f364049c-804e-48c0-9d60-69c24dba2087@group-313AEF6E36AD-SegmentedRaftLog:OPENED:c-1,f-1,i0, conf=-1: [5e405965-0d3b-4ac3-ad61-3309f1df0e1f:0.0.0.0:44865, f364049c-804e-48c0-9d60-69c24dba2087:0.0.0.0:34514, 913f5d44-bdc5-48f3-8465-cfcce404a2ed:0.0.0.0:41104], old=null
2019-09-25 08:03:28,260 [5e405965-0d3b-4ac3-ad61-3309f1df0e1f@group-313AEF6E36AD:LeaderElection17] INFO  impl.LeaderElection (LeaderElection.java:logAndReturn(56)) - 5e405965-0d3b-4ac3-ad61-3309f1df0e1f@group-313AEF6E36AD:LeaderElection17: Election REJECTED; received 2 response(s) [5e405965-0d3b-4ac3-ad61-3309f1df0e1f<-f364049c-804e-48c0-9d60-69c24dba2087#0:FAIL-t6, 5e405965-0d3b-4ac3-ad61-3309f1df0e1f<-913f5d44-bdc5-48f3-8465-cfcce404a2ed#0:FAIL-t6] and 0 exception(s); 5e405965-0d3b-4ac3-ad61-3309f1df0e1f@group-313AEF6E36AD:t6, leader=null, voted=5e405965-0d3b-4ac3-ad61-3309f1df0e1f, raftlog=5e405965-0d3b-4ac3-ad61-3309f1df0e1f@group-313AEF6E36AD-SegmentedRaftLog:OPENED:c-1,f-1,i0, conf=-1: [5e405965-0d3b-4ac3-ad61-3309f1df0e1f:0.0.0.0:44865, f364049c-804e-48c0-9d60-69c24dba2087:0.0.0.0:34514, 913f5d44-bdc5-48f3-8465-cfcce404a2ed:0.0.0.0:41104], old=null
2019-09-25 08:03:28,260 [913f5d44-bdc5-48f3-8465-cfcce404a2ed@group-313AEF6E36AD:LeaderElection18] INFO  impl.LeaderElection (LeaderElection.java:logAndReturn(56)) - 913f5d44-bdc5-48f3-8465-cfcce404a2ed@group-313AEF6E36AD:LeaderElection18: Election REJECTED; received 2 response(s) [913f5d44-bdc5-48f3-8465-cfcce404a2ed<-5e405965-0d3b-4ac3-ad61-3309f1df0e1f#0:FAIL-t6, 913f5d44-bdc5-48f3-8465-cfcce404a2ed<-f364049c-804e-48c0-9d60-69c24dba2087#0:FAIL-t6] and 0 exception(s); 913f5d44-bdc5-48f3-8465-cfcce404a2ed@group-313AEF6E36AD:t6, leader=null, voted=913f5d44-bdc5-48f3-8465-cfcce404a2ed, raftlog=913f5d44-bdc5-48f3-8465-cfcce404a2ed@group-313AEF6E36AD-SegmentedRaftLog:OPENED:c-1,f-1,i0, conf=-1: [5e405965-0d3b-4ac3-ad61-3309f1df0e1f:0.0.0.0:44865, f364049c-804e-48c0-9d60-69c24dba2087:0.0.0.0:34514, 913f5d44-bdc5-48f3-8465-cfcce404a2ed:0.0.0.0:41104], old=null
2019-09-25 08:03:28,261 [f364049c-804e-48c0-9d60-69c24dba2087@group-313AEF6E36AD:LeaderElection19] INFO  impl.RaftServerImpl (RaftServerImpl.java:setRole(174)) - f364049c-804e-48c0-9d60-69c24dba2087@group-313AEF6E36AD: changes role from CANDIDATE to FOLLOWER at term 6 for DISCOVERED_A_NEW_TERM
2019-09-25 08:03:28,260 [5e405965-0d3b-4ac3-ad61-3309f1df0e1f@group-313AEF6E36AD:LeaderElection17] INFO  impl.RaftServerImpl (RaftServerImpl.java:setRole(174)) - 5e405965-0d3b-4ac3-ad61-3309f1df0e1f@group-313AEF6E36AD: changes role from CANDIDATE to FOLLOWER at term 6 for DISCOVERED_A_NEW_TERM
2019-09-25 08:03:28,264 [5e405965-0d3b-4ac3-ad61-3309f1df0e1f@group-313AEF6E36AD:LeaderElection17] INFO  impl.RoleInfo (RoleInfo.java:shutdownLeaderElection(134)) - 5e405965-0d3b-4ac3-ad61-3309f1df0e1f: shutdown LeaderElection
2019-09-25 08:03:28,263 [f364049c-804e-48c0-9d60-69c24dba2087@group-313AEF6E36AD:LeaderElection19] INFO  impl.RoleInfo (RoleInfo.java:shutdownLeaderElection(134)) - f364049c-804e-48c0-9d60-69c24dba2087: shutdown LeaderElection
2019-09-25 08:03:28,263 [913f5d44-bdc5-48f3-8465-cfcce404a2ed@group-313AEF6E36AD:LeaderElection18] INFO  impl.RaftServerImpl (RaftServerImpl.java:setRole(174)) - 913f5d44-bdc5-48f3-8465-cfcce404a2ed@group-313AEF6E36AD: changes role from CANDIDATE to FOLLOWER at term 6 for DISCOVERED_A_NEW_TERM
2019-09-25 08:03:28,264 [f364049c-804e-48c0-9d60-69c24dba2087@group-313AEF6E36AD:LeaderElection19] INFO  impl.RoleInfo (RoleInfo.java:updateAndGet(143)) - f364049c-804e-48c0-9d60-69c24dba2087: start FollowerState
2019-09-25 08:03:28,264 [5e405965-0d3b-4ac3-ad61-3309f1df0e1f@group-313AEF6E36AD:LeaderElection17] INFO  impl.RoleInfo (RoleInfo.java:updateAndGet(143)) - 5e405965-0d3b-4ac3-ad61-3309f1df0e1f: start FollowerState
2019-09-25 08:03:28,264 [913f5d44-bdc5-48f3-8465-cfcce404a2ed@group-313AEF6E36AD:LeaderElection18] INFO  impl.RoleInfo (RoleInfo.java:shutdownLeaderElection(134)) - 913f5d44-bdc5-48f3-8465-cfcce404a2ed: shutdown LeaderElection
2019-09-25 08:03:28,265 [913f5d44-bdc5-48f3-8465-cfcce404a2ed@group-313AEF6E36AD:LeaderElection18] INFO  impl.RoleInfo (RoleInfo.java:updateAndGet(143)) - 913f5d44-bdc5-48f3-8465-cfcce404a2ed: start FollowerState
2019-09-25 08:03:33,402 [Thread-210] INFO  impl.FollowerState (FollowerState.java:run(106)) - 913f5d44-bdc5-48f3-8465-cfcce404a2ed:group-313AEF6E36AD changes to CANDIDATE, lastRpcTime:5137, electionTimeout:5137ms
2019-09-25 08:03:33,403 [Thread-210] INFO  impl.RoleInfo (RoleInfo.java:shutdownFollowerState(121)) - 913f5d44-bdc5-48f3-8465-cfcce404a2ed: shutdown FollowerState
2019-09-25 08:03:33,404 [Thread-210] INFO  impl.RaftServerImpl (RaftServerImpl.java:setRole(174)) - 913f5d44-bdc5-48f3-8465-cfcce404a2ed@group-313AEF6E36AD: changes role from  FOLLOWER to CANDIDATE at term 6 for changeToCandidate
2019-09-25 08:03:33,404 [Thread-210] INFO  impl.RoleInfo (RoleInfo.java:updateAndGet(143)) - 913f5d44-bdc5-48f3-8465-cfcce404a2ed: start LeaderElection
2019-09-25 08:03:33,435 [Thread-209] INFO  impl.FollowerState (FollowerState.java:run(106)) - f364049c-804e-48c0-9d60-69c24dba2087:group-313AEF6E36AD changes to CANDIDATE, lastRpcTime:5170, electionTimeout:5170ms
2019-09-25 08:03:33,435 [Thread-209] INFO  impl.RoleInfo (RoleInfo.java:shutdownFollowerState(121)) - f364049c-804e-48c0-9d60-69c24dba2087: shutdown FollowerState
2019-09-25 08:03:33,435 [Thread-209] INFO  impl.RaftServerImpl (RaftServerImpl.java:setRole(174)) - f364049c-804e-48c0-9d60-69c24dba2087@group-313AEF6E36AD: changes role from  FOLLOWER to CANDIDATE at term 6 for changeToCandidate
2019-09-25 08:03:33,435 [Thread-209] INFO  impl.RoleInfo (RoleInfo.java:updateAndGet(143)) - f364049c-804e-48c0-9d60-69c24dba2087: start LeaderElection
2019-09-25 08:03:33,438 [Thread-208] INFO  impl.FollowerState (FollowerState.java:run(106)) - 5e405965-0d3b-4ac3-ad61-3309f1df0e1f:group-313AEF6E36AD changes to CANDIDATE, lastRpcTime:5173, electionTimeout:5173ms
2019-09-25 08:03:33,438 [Thread-208] INFO  impl.RoleInfo (RoleInfo.java:shutdownFollowerState(121)) - 5e405965-0d3b-4ac3-ad61-3309f1df0e1f: shutdown FollowerState
2019-09-25 08:03:33,438 [Thread-208] INFO  impl.RaftServerImpl (RaftServerImpl.java:setRole(174)) - 5e405965-0d3b-4ac3-ad61-3309f1df0e1f@group-313AEF6E36AD: changes role from  FOLLOWER to CANDIDATE at term 6 for changeToCandidate
2019-09-25 08:03:33,438 [Thread-208] INFO  impl.RoleInfo (RoleInfo.java:updateAndGet(143)) - 5e405965-0d3b-4ac3-ad61-3309f1df0e1f: start LeaderElection
2019-09-25 08:03:33,818 [5e405965-0d3b-4ac3-ad61-3309f1df0e1f@group-313AEF6E36AD:LeaderElection22] INFO  impl.LeaderElection (LeaderElection.java:askForVotes(182)) - 5e405965-0d3b-4ac3-ad61-3309f1df0e1f@group-313AEF6E36AD:LeaderElection22: begin an election at term 7 for -1: [5e405965-0d3b-4ac3-ad61-3309f1df0e1f:0.0.0.0:44865, f364049c-804e-48c0-9d60-69c24dba2087:0.0.0.0:34514, 913f5d44-bdc5-48f3-8465-cfcce404a2ed:0.0.0.0:41104], old=null
2019-09-25 08:03:33,818 [913f5d44-bdc5-48f3-8465-cfcce404a2ed@group-313AEF6E36AD:LeaderElection20] INFO  impl.LeaderElection (LeaderElection.java:askForVotes(182)) - 913f5d44-bdc5-48f3-8465-cfcce404a2ed@group-313AEF6E36AD:LeaderElection20: begin an election at term 7 for -1: [5e405965-0d3b-4ac3-ad61-3309f1df0e1f:0.0.0.0:44865, f364049c-804e-48c0-9d60-69c24dba2087:0.0.0.0:34514, 913f5d44-bdc5-48f3-8465-cfcce404a2ed:0.0.0.0:41104], old=null
2019-09-25 08:03:33,818 [f364049c-804e-48c0-9d60-69c24dba2087@group-313AEF6E36AD:LeaderElection21] INFO  impl.LeaderElection (LeaderElection.java:askForVotes(182)) - f364049c-804e-48c0-9d60-69c24dba2087@group-313AEF6E36AD:LeaderElection21: begin an election at term 7 for -1: [5e405965-0d3b-4ac3-ad61-3309f1df0e1f:0.0.0.0:44865, f364049c-804e-48c0-9d60-69c24dba2087:0.0.0.0:34514, 913f5d44-bdc5-48f3-8465-cfcce404a2ed:0.0.0.0:41104], old=null
2019-09-25 08:03:33,917 [913f5d44-bdc5-48f3-8465-cfcce404a2ed@group-313AEF6E36AD:LeaderElection20] INFO  impl.LeaderElection (LeaderElection.java:logAndReturn(56)) - 913f5d44-bdc5-48f3-8465-cfcce404a2ed@group-313AEF6E36AD:LeaderElection20: Election REJECTED; received 2 response(s) [913f5d44-bdc5-48f3-8465-cfcce404a2ed<-5e405965-0d3b-4ac3-ad61-3309f1df0e1f#0:FAIL-t7, 913f5d44-bdc5-48f3-8465-cfcce404a2ed<-f364049c-804e-48c0-9d60-69c24dba2087#0:FAIL-t7] and 0 exception(s); 913f5d44-bdc5-48f3-8465-cfcce404a2ed@group-313AEF6E36AD:t7, leader=null, voted=913f5d44-bdc5-48f3-8465-cfcce404a2ed, raftlog=913f5d44-bdc5-48f3-8465-cfcce404a2ed@group-313AEF6E36AD-SegmentedRaftLog:OPENED:c-1,f-1,i0, conf=-1: [5e405965-0d3b-4ac3-ad61-3309f1df0e1f:0.0.0.0:44865, f364049c-804e-48c0-9d60-69c24dba2087:0.0.0.0:34514, 913f5d44-bdc5-48f3-8465-cfcce404a2ed:0.0.0.0:41104], old=null
2019-09-25 08:03:33,918 [5e405965-0d3b-4ac3-ad61-3309f1df0e1f@group-313AEF6E36AD:LeaderElection22] INFO  impl.LeaderElection (LeaderElection.java:logAndReturn(56)) - 5e405965-0d3b-4ac3-ad61-3309f1df0e1f@group-313AEF6E36AD:LeaderElection22: Election REJECTED; received 2 response(s) [5e405965-0d3b-4ac3-ad61-3309f1df0e1f<-f364049c-804e-48c0-9d60-69c24dba2087#0:FAIL-t7, 5e405965-0d3b-4ac3-ad61-3309f1df0e1f<-913f5d44-bdc5-48f3-8465-cfcce404a2ed#0:FAIL-t7] and 0 exception(s); 5e405965-0d3b-4ac3-ad61-3309f1df0e1f@group-313AEF6E36AD:t7, leader=null, voted=5e405965-0d3b-4ac3-ad61-3309f1df0e1f, raftlog=5e405965-0d3b-4ac3-ad61-3309f1df0e1f@group-313AEF6E36AD-SegmentedRaftLog:OPENED:c-1,f-1,i0, conf=-1: [5e405965-0d3b-4ac3-ad61-3309f1df0e1f:0.0.0.0:44865, f364049c-804e-48c0-9d60-69c24dba2087:0.0.0.0:34514, 913f5d44-bdc5-48f3-8465-cfcce404a2ed:0.0.0.0:41104], old=null
2019-09-25 08:03:33,917 [f364049c-804e-48c0-9d60-69c24dba2087@group-313AEF6E36AD:LeaderElection21] INFO  impl.LeaderElection (LeaderElection.java:logAndReturn(56)) - f364049c-804e-48c0-9d60-69c24dba2087@group-313AEF6E36AD:LeaderElection21: Election REJECTED; received 2 response(s) [f364049c-804e-48c0-9d60-69c24dba2087<-5e405965-0d3b-4ac3-ad61-3309f1df0e1f#0:FAIL-t7, f364049c-804e-48c0-9d60-69c24dba2087<-913f5d44-bdc5-48f3-8465-cfcce404a2ed#0:FAIL-t7] and 0 exception(s); f364049c-804e-48c0-9d60-69c24dba2087@group-313AEF6E36AD:t7, leader=null, voted=f364049c-804e-48c0-9d60-69c24dba2087, raftlog=f364049c-804e-48c0-9d60-69c24dba2087@group-313AEF6E36AD-SegmentedRaftLog:OPENED:c-1,f-1,i0, conf=-1: [5e405965-0d3b-4ac3-ad61-3309f1df0e1f:0.0.0.0:44865, f364049c-804e-48c0-9d60-69c24dba2087:0.0.0.0:34514, 913f5d44-bdc5-48f3-8465-cfcce404a2ed:0.0.0.0:41104], old=null
2019-09-25 08:03:33,919 [5e405965-0d3b-4ac3-ad61-3309f1df0e1f@group-313AEF6E36AD:LeaderElection22] INFO  impl.RaftServerImpl (RaftServerImpl.java:setRole(174)) - 5e405965-0d3b-4ac3-ad61-3309f1df0e1f@group-313AEF6E36AD: changes role from CANDIDATE to FOLLOWER at term 7 for DISCOVERED_A_NEW_TERM
2019-09-25 08:03:33,923 [5e405965-0d3b-4ac3-ad61-3309f1df0e1f@group-313AEF6E36AD:LeaderElection22] INFO  impl.RoleInfo (RoleInfo.java:shutdownLeaderElection(134)) - 5e405965-0d3b-4ac3-ad61-3309f1df0e1f: shutdown LeaderElection
2019-09-25 08:03:33,923 [f364049c-804e-48c0-9d60-69c24dba2087@group-313AEF6E36AD:LeaderElection21] INFO  impl.RaftServerImpl (RaftServerImpl.java:setRole(174)) - f364049c-804e-48c0-9d60-69c24dba2087@group-313AEF6E36AD: changes role from CANDIDATE to FOLLOWER at term 7 for DISCOVERED_A_NEW_TERM
2019-09-25 08:03:33,918 [913f5d44-bdc5-48f3-8465-cfcce404a2ed@group-313AEF6E36AD:LeaderElection20] INFO  impl.RaftServerImpl (RaftServerImpl.java:setRole(174)) - 913f5d44-bdc5-48f3-8465-cfcce404a2ed@group-313AEF6E36AD: changes role from CANDIDATE to FOLLOWER at term 7 for DISCOVERED_A_NEW_TERM
2019-09-25 08:03:33,924 [f364049c-804e-48c0-9d60-69c24dba2087@group-313AEF6E36AD:LeaderElection21] INFO  impl.RoleInfo (RoleInfo.java:shutdownLeaderElection(134)) - f364049c-804e-48c0-9d60-69c24dba2087: shutdown LeaderElection
2019-09-25 08:03:33,924 [5e405965-0d3b-4ac3-ad61-3309f1df0e1f@group-313AEF6E36AD:LeaderElection22] INFO  impl.RoleInfo (RoleInfo.java:updateAndGet(143)) - 5e405965-0d3b-4ac3-ad61-3309f1df0e1f: start FollowerState
2019-09-25 08:03:33,924 [f364049c-804e-48c0-9d60-69c24dba2087@group-313AEF6E36AD:LeaderElection21] INFO  impl.RoleInfo (RoleInfo.java:updateAndGet(143)) - f364049c-804e-48c0-9d60-69c24dba2087: start FollowerState
2019-09-25 08:03:33,924 [913f5d44-bdc5-48f3-8465-cfcce404a2ed@group-313AEF6E36AD:LeaderElection20] INFO  impl.RoleInfo (RoleInfo.java:shutdownLeaderElection(134)) - 913f5d44-bdc5-48f3-8465-cfcce404a2ed: shutdown LeaderElection
2019-09-25 08:03:33,925 [913f5d44-bdc5-48f3-8465-cfcce404a2ed@group-313AEF6E36AD:LeaderElection20] INFO  impl.RoleInfo (RoleInfo.java:updateAndGet(143)) - 913f5d44-bdc5-48f3-8465-cfcce404a2ed: start FollowerState
2019-09-25 08:03:38,927 [Thread-233] INFO  impl.FollowerState (FollowerState.java:run(106)) - f364049c-804e-48c0-9d60-69c24dba2087:group-313AEF6E36AD changes to CANDIDATE, lastRpcTime:5003, electionTimeout:5002ms
2019-09-25 08:03:38,928 [Thread-233] INFO  impl.RoleInfo (RoleInfo.java:shutdownFollowerState(121)) - f364049c-804e-48c0-9d60-69c24dba2087: shutdown FollowerState
2019-09-25 08:03:38,928 [Thread-233] INFO  impl.RaftServerImpl (RaftServerImpl.java:setRole(174)) - f364049c-804e-48c0-9d60-69c24dba2087@group-313AEF6E36AD: changes role from  FOLLOWER to CANDIDATE at term 7 for changeToCandidate
2019-09-25 08:03:38,928 [Thread-233] INFO  impl.RoleInfo (RoleInfo.java:updateAndGet(143)) - f364049c-804e-48c0-9d60-69c24dba2087: start LeaderElection
2019-09-25 08:03:38,930 [Thread-234] INFO  impl.FollowerState (FollowerState.java:run(106)) - 913f5d44-bdc5-48f3-8465-cfcce404a2ed:group-313AEF6E36AD changes to CANDIDATE, lastRpcTime:5004, electionTimeout:5003ms
2019-09-25 08:03:38,930 [Thread-234] INFO  impl.RoleInfo (RoleInfo.java:shutdownFollowerState(121)) - 913f5d44-bdc5-48f3-8465-cfcce404a2ed: shutdown FollowerState
2019-09-25 08:03:38,930 [Thread-234] INFO  impl.RaftServerImpl (RaftServerImpl.java:setRole(174)) - 913f5d44-bdc5-48f3-8465-cfcce404a2ed@group-313AEF6E36AD: changes role from  FOLLOWER to CANDIDATE at term 7 for changeToCandidate
2019-09-25 08:03:38,931 [Thread-234] INFO  impl.RoleInfo (RoleInfo.java:updateAndGet(143)) - 913f5d44-bdc5-48f3-8465-cfcce404a2ed: start LeaderElection
2019-09-25 08:03:39,072 [Thread-232] INFO  impl.FollowerState (FollowerState.java:run(106)) - 5e405965-0d3b-4ac3-ad61-3309f1df0e1f:group-313AEF6E36AD changes to CANDIDATE, lastRpcTime:5148, electionTimeout:5147ms
2019-09-25 08:03:39,073 [Thread-232] INFO  impl.RoleInfo (RoleInfo.java:shutdownFollowerState(121)) - 5e405965-0d3b-4ac3-ad61-3309f1df0e1f: shutdown FollowerState
2019-09-25 08:03:39,073 [Thread-232] INFO  impl.RaftServerImpl (RaftServerImpl.java:setRole(174)) - 5e405965-0d3b-4ac3-ad61-3309f1df0e1f@group-313AEF6E36AD: changes role from  FOLLOWER to CANDIDATE at term 7 for changeToCandidate
2019-09-25 08:03:39,073 [Thread-232] INFO  impl.RoleInfo (RoleInfo.java:updateAndGet(143)) - 5e405965-0d3b-4ac3-ad61-3309f1df0e1f: start LeaderElection
2019-09-25 08:03:41,296 [5e405965-0d3b-4ac3-ad61-3309f1df0e1f@group-313AEF6E36AD:LeaderElection25] INFO  impl.LeaderElection (LeaderElection.java:askForVotes(182)) - 5e405965-0d3b-4ac3-ad61-3309f1df0e1f@group-313AEF6E36AD:LeaderElection25: begin an election at term 8 for -1: [5e405965-0d3b-4ac3-ad61-3309f1df0e1f:0.0.0.0:44865, f364049c-804e-48c0-9d60-69c24dba2087:0.0.0.0:34514, 913f5d44-bdc5-48f3-8465-cfcce404a2ed:0.0.0.0:41104], old=null
2019-09-25 08:03:41,296 [f364049c-804e-48c0-9d60-69c24dba2087@group-313AEF6E36AD:LeaderElection23] INFO  impl.LeaderElection (LeaderElection.java:askForVotes(182)) - f364049c-804e-48c0-9d60-69c24dba2087@group-313AEF6E36AD:LeaderElection23: begin an election at term 8 for -1: [5e405965-0d3b-4ac3-ad61-3309f1df0e1f:0.0.0.0:44865, f364049c-804e-48c0-9d60-69c24dba2087:0.0.0.0:34514, 913f5d44-bdc5-48f3-8465-cfcce404a2ed:0.0.0.0:41104], old=null
2019-09-25 08:03:41,296 [913f5d44-bdc5-48f3-8465-cfcce404a2ed@group-313AEF6E36AD:LeaderElection24] INFO  impl.LeaderElection (LeaderElection.java:askForVotes(182)) - 913f5d44-bdc5-48f3-8465-cfcce404a2ed@group-313AEF6E36AD:LeaderElection24: begin an election at term 8 for -1: [5e405965-0d3b-4ac3-ad61-3309f1df0e1f:0.0.0.0:44865, f364049c-804e-48c0-9d60-69c24dba2087:0.0.0.0:34514, 913f5d44-bdc5-48f3-8465-cfcce404a2ed:0.0.0.0:41104], old=null
2019-09-25 08:03:41,303 [913f5d44-bdc5-48f3-8465-cfcce404a2ed@group-313AEF6E36AD:LeaderElection24] INFO  impl.LeaderElection (LeaderElection.java:logAndReturn(56)) - 913f5d44-bdc5-48f3-8465-cfcce404a2ed@group-313AEF6E36AD:LeaderElection24: Election REJECTED; received 2 response(s) [913f5d44-bdc5-48f3-8465-cfcce404a2ed<-5e405965-0d3b-4ac3-ad61-3309f1df0e1f#0:FAIL-t8, 913f5d44-bdc5-48f3-8465-cfcce404a2ed<-f364049c-804e-48c0-9d60-69c24dba2087#0:FAIL-t8] and 0 exception(s); 913f5d44-bdc5-48f3-8465-cfcce404a2ed@group-313AEF6E36AD:t8, leader=null, voted=913f5d44-bdc5-48f3-8465-cfcce404a2ed, raftlog=913f5d44-bdc5-48f3-8465-cfcce404a2ed@group-313AEF6E36AD-SegmentedRaftLog:OPENED:c-1,f-1,i0, conf=-1: [5e405965-0d3b-4ac3-ad61-3309f1df0e1f:0.0.0.0:44865, f364049c-804e-48c0-9d60-69c24dba2087:0.0.0.0:34514, 913f5d44-bdc5-48f3-8465-cfcce404a2ed:0.0.0.0:41104], old=null
2019-09-25 08:03:41,303 [5e405965-0d3b-4ac3-ad61-3309f1df0e1f@group-313AEF6E36AD:LeaderElection25] INFO  impl.LeaderElection (LeaderElection.java:logAndReturn(56)) - 5e405965-0d3b-4ac3-ad61-3309f1df0e1f@group-313AEF6E36AD:LeaderElection25: Election REJECTED; received 2 response(s) [5e405965-0d3b-4ac3-ad61-3309f1df0e1f<-f364049c-804e-48c0-9d60-69c24dba2087#0:FAIL-t8, 5e405965-0d3b-4ac3-ad61-3309f1df0e1f<-913f5d44-bdc5-48f3-8465-cfcce404a2ed#0:FAIL-t8] and 0 exception(s); 5e405965-0d3b-4ac3-ad61-3309f1df0e1f@group-313AEF6E36AD:t8, leader=null, voted=5e405965-0d3b-4ac3-ad61-3309f1df0e1f, raftlog=5e405965-0d3b-4ac3-ad61-3309f1df0e1f@group-313AEF6E36AD-SegmentedRaftLog:OPENED:c-1,f-1,i0, conf=-1: [5e405965-0d3b-4ac3-ad61-3309f1df0e1f:0.0.0.0:44865, f364049c-804e-48c0-9d60-69c24dba2087:0.0.0.0:34514, 913f5d44-bdc5-48f3-8465-cfcce404a2ed:0.0.0.0:41104], old=null
2019-09-25 08:03:41,303 [913f5d44-bdc5-48f3-8465-cfcce404a2ed@group-313AEF6E36AD:LeaderElection24] INFO  impl.RaftServerImpl (RaftServerImpl.java:setRole(174)) - 913f5d44-bdc5-48f3-8465-cfcce404a2ed@group-313AEF6E36AD: changes role from CANDIDATE to FOLLOWER at term 8 for DISCOVERED_A_NEW_TERM
2019-09-25 08:03:41,303 [f364049c-804e-48c0-9d60-69c24dba2087@group-313AEF6E36AD:LeaderElection23] INFO  impl.LeaderElection (LeaderElection.java:logAndReturn(56)) - f364049c-804e-48c0-9d60-69c24dba2087@group-313AEF6E36AD:LeaderElection23: Election REJECTED; received 2 response(s) [f364049c-804e-48c0-9d60-69c24dba2087<-5e405965-0d3b-4ac3-ad61-3309f1df0e1f#0:FAIL-t8, f364049c-804e-48c0-9d60-69c24dba2087<-913f5d44-bdc5-48f3-8465-cfcce404a2ed#0:FAIL-t8] and 0 exception(s); f364049c-804e-48c0-9d60-69c24dba2087@group-313AEF6E36AD:t8, leader=null, voted=f364049c-804e-48c0-9d60-69c24dba2087, raftlog=f364049c-804e-48c0-9d60-69c24dba2087@group-313AEF6E36AD-SegmentedRaftLog:OPENED:c-1,f-1,i0, conf=-1: [5e405965-0d3b-4ac3-ad61-3309f1df0e1f:0.0.0.0:44865, f364049c-804e-48c0-9d60-69c24dba2087:0.0.0.0:34514, 913f5d44-bdc5-48f3-8465-cfcce404a2ed:0.0.0.0:41104], old=null
2019-09-25 08:03:41,305 [913f5d44-bdc5-48f3-8465-cfcce404a2ed@group-313AEF6E36AD:LeaderElection24] INFO  impl.RoleInfo (RoleInfo.java:shutdownLeaderElection(134)) - 913f5d44-bdc5-48f3-8465-cfcce404a2ed: shutdown LeaderElection
2019-09-25 08:03:41,305 [5e405965-0d3b-4ac3-ad61-3309f1df0e1f@group-313AEF6E36AD:LeaderElection25] INFO  impl.RaftServerImpl (RaftServerImpl.java:setRole(174)) - 5e405965-0d3b-4ac3-ad61-3309f1df0e1f@group-313AEF6E36AD: changes role from CANDIDATE to FOLLOWER at term 8 for DISCOVERED_A_NEW_TERM
2019-09-25 08:03:41,307 [913f5d44-bdc5-48f3-8465-cfcce404a2ed@group-313AEF6E36AD:LeaderElection24] INFO  impl.RoleInfo (RoleInfo.java:updateAndGet(143)) - 913f5d44-bdc5-48f3-8465-cfcce404a2ed: start FollowerState
2019-09-25 08:03:41,306 [f364049c-804e-48c0-9d60-69c24dba2087@group-313AEF6E36AD:LeaderElection23] INFO  impl.RaftServerImpl (RaftServerImpl.java:setRole(174)) - f364049c-804e-48c0-9d60-69c24dba2087@group-313AEF6E36AD: changes role from CANDIDATE to FOLLOWER at term 8 for DISCOVERED_A_NEW_TERM
2019-09-25 08:03:41,307 [5e405965-0d3b-4ac3-ad61-3309f1df0e1f@group-313AEF6E36AD:LeaderElection25] INFO  impl.RoleInfo (RoleInfo.java:shutdownLeaderElection(134)) - 5e405965-0d3b-4ac3-ad61-3309f1df0e1f: shutdown LeaderElection
2019-09-25 08:03:41,308 [f364049c-804e-48c0-9d60-69c24dba2087@group-313AEF6E36AD:LeaderElection23] INFO  impl.RoleInfo (RoleInfo.java:shutdownLeaderElection(134)) - f364049c-804e-48c0-9d60-69c24dba2087: shutdown LeaderElection
2019-09-25 08:03:41,308 [5e405965-0d3b-4ac3-ad61-3309f1df0e1f@group-313AEF6E36AD:LeaderElection25] INFO  impl.RoleInfo (RoleInfo.java:updateAndGet(143)) - 5e405965-0d3b-4ac3-ad61-3309f1df0e1f: start FollowerState
2019-09-25 08:03:41,308 [f364049c-804e-48c0-9d60-69c24dba2087@group-313AEF6E36AD:LeaderElection23] INFO  impl.RoleInfo (RoleInfo.java:updateAndGet(143)) - f364049c-804e-48c0-9d60-69c24dba2087: start FollowerState
2019-09-25 08:03:46,378 [Thread-258] INFO  impl.FollowerState (FollowerState.java:run(106)) - 913f5d44-bdc5-48f3-8465-cfcce404a2ed:group-313AEF6E36AD changes to CANDIDATE, lastRpcTime:5070, electionTimeout:5070ms
2019-09-25 08:03:46,379 [Thread-258] INFO  impl.RoleInfo (RoleInfo.java:shutdownFollowerState(121)) - 913f5d44-bdc5-48f3-8465-cfcce404a2ed: shutdown FollowerState
2019-09-25 08:03:46,379 [Thread-258] INFO  impl.RaftServerImpl (RaftServerImpl.java:setRole(174)) - 913f5d44-bdc5-48f3-8465-cfcce404a2ed@group-313AEF6E36AD: changes role from  FOLLOWER to CANDIDATE at term 8 for changeToCandidate
2019-09-25 08:03:46,379 [Thread-258] INFO  impl.RoleInfo (RoleInfo.java:updateAndGet(143)) - 913f5d44-bdc5-48f3-8465-cfcce404a2ed: start LeaderElection
2019-09-25 08:03:46,383 [Thread-259] INFO  impl.FollowerState (FollowerState.java:run(106)) - 5e405965-0d3b-4ac3-ad61-3309f1df0e1f:group-313AEF6E36AD changes to CANDIDATE, lastRpcTime:5074, electionTimeout:5074ms
2019-09-25 08:03:46,383 [Thread-259] INFO  impl.RoleInfo (RoleInfo.java:shutdownFollowerState(121)) - 5e405965-0d3b-4ac3-ad61-3309f1df0e1f: shutdown FollowerState
2019-09-25 08:03:46,383 [Thread-259] INFO  impl.RaftServerImpl (RaftServerImpl.java:setRole(174)) - 5e405965-0d3b-4ac3-ad61-3309f1df0e1f@group-313AEF6E36AD: changes role from  FOLLOWER to CANDIDATE at term 8 for changeToCandidate
2019-09-25 08:03:46,383 [Thread-259] INFO  impl.RoleInfo (RoleInfo.java:updateAndGet(143)) - 5e405965-0d3b-4ac3-ad61-3309f1df0e1f: start LeaderElection
2019-09-25 08:03:46,507 [Thread-260] INFO  impl.FollowerState (FollowerState.java:run(106)) - f364049c-804e-48c0-9d60-69c24dba2087:group-313AEF6E36AD changes to CANDIDATE, lastRpcTime:5198, electionTimeout:5198ms
2019-09-25 08:03:46,507 [Thread-260] INFO  impl.RoleInfo (RoleInfo.java:shutdownFollowerState(121)) - f364049c-804e-48c0-9d60-69c24dba2087: shutdown FollowerState
2019-09-25 08:03:46,507 [Thread-260] INFO  impl.RaftServerImpl (RaftServerImpl.java:setRole(174)) - f364049c-804e-48c0-9d60-69c24dba2087@group-313AEF6E36AD: changes role from  FOLLOWER to CANDIDATE at term 8 for changeToCandidate
2019-09-25 08:03:46,508 [Thread-260] INFO  impl.RoleInfo (RoleInfo.java:updateAndGet(143)) - f364049c-804e-48c0-9d60-69c24dba2087: start LeaderElection
2019-09-25 08:03:51,596 [f364049c-804e-48c0-9d60-69c24dba2087@group-313AEF6E36AD:LeaderElection28] INFO  impl.LeaderElection (LeaderElection.java:askForVotes(182)) - f364049c-804e-48c0-9d60-69c24dba2087@group-313AEF6E36AD:LeaderElection28: begin an election at term 9 for -1: [5e405965-0d3b-4ac3-ad61-3309f1df0e1f:0.0.0.0:44865, f364049c-804e-48c0-9d60-69c24dba2087:0.0.0.0:34514, 913f5d44-bdc5-48f3-8465-cfcce404a2ed:0.0.0.0:41104], old=null
2019-09-25 08:03:51,596 [913f5d44-bdc5-48f3-8465-cfcce404a2ed@group-313AEF6E36AD:LeaderElection26] INFO  impl.LeaderElection (LeaderElection.java:askForVotes(182)) - 913f5d44-bdc5-48f3-8465-cfcce404a2ed@group-313AEF6E36AD:LeaderElection26: begin an election at term 9 for -1: [5e405965-0d3b-4ac3-ad61-3309f1df0e1f:0.0.0.0:44865, f364049c-804e-48c0-9d60-69c24dba2087:0.0.0.0:34514, 913f5d44-bdc5-48f3-8465-cfcce404a2ed:0.0.0.0:41104], old=null
2019-09-25 08:03:51,596 [5e405965-0d3b-4ac3-ad61-3309f1df0e1f@group-313AEF6E36AD:LeaderElection27] INFO  impl.LeaderElection (LeaderElection.java:askForVotes(182)) - 5e405965-0d3b-4ac3-ad61-3309f1df0e1f@group-313AEF6E36AD:LeaderElection27: begin an election at term 9 for -1: [5e405965-0d3b-4ac3-ad61-3309f1df0e1f:0.0.0.0:44865, f364049c-804e-48c0-9d60-69c24dba2087:0.0.0.0:34514, 913f5d44-bdc5-48f3-8465-cfcce404a2ed:0.0.0.0:41104], old=null
2019-09-25 08:03:51,604 [f364049c-804e-48c0-9d60-69c24dba2087@group-313AEF6E36AD:LeaderElection28] INFO  impl.LeaderElection (LeaderElection.java:logAndReturn(56)) - f364049c-804e-48c0-9d60-69c24dba2087@group-313AEF6E36AD:LeaderElection28: Election REJECTED; received 2 response(s) [f364049c-804e-48c0-9d60-69c24dba2087<-5e405965-0d3b-4ac3-ad61-3309f1df0e1f#0:FAIL-t9, f364049c-804e-48c0-9d60-69c24dba2087<-913f5d44-bdc5-48f3-8465-cfcce404a2ed#0:FAIL-t9] and 0 exception(s); f364049c-804e-48c0-9d60-69c24dba2087@group-313AEF6E36AD:t9, leader=null, voted=f364049c-804e-48c0-9d60-69c24dba2087, raftlog=f364049c-804e-48c0-9d60-69c24dba2087@group-313AEF6E36AD-SegmentedRaftLog:OPENED:c-1,f-1,i0, conf=-1: [5e405965-0d3b-4ac3-ad61-3309f1df0e1f:0.0.0.0:44865, f364049c-804e-48c0-9d60-69c24dba2087:0.0.0.0:34514, 913f5d44-bdc5-48f3-8465-cfcce404a2ed:0.0.0.0:41104], old=null
2019-09-25 08:03:51,605 [f364049c-804e-48c0-9d60-69c24dba2087@group-313AEF6E36AD:LeaderElection28] INFO  impl.RaftServerImpl (RaftServerImpl.java:setRole(174)) - f364049c-804e-48c0-9d60-69c24dba2087@group-313AEF6E36AD: changes role from CANDIDATE to FOLLOWER at term 9 for DISCOVERED_A_NEW_TERM
2019-09-25 08:03:51,605 [913f5d44-bdc5-48f3-8465-cfcce404a2ed@group-313AEF6E36AD:LeaderElection26] INFO  impl.LeaderElection (LeaderElection.java:logAndReturn(56)) - 913f5d44-bdc5-48f3-8465-cfcce404a2ed@group-313AEF6E36AD:LeaderElection26: Election REJECTED; received 2 response(s) [913f5d44-bdc5-48f3-8465-cfcce404a2ed<-5e405965-0d3b-4ac3-ad61-3309f1df0e1f#0:FAIL-t9, 913f5d44-bdc5-48f3-8465-cfcce404a2ed<-f364049c-804e-48c0-9d60-69c24dba2087#0:FAIL-t9] and 0 exception(s); 913f5d44-bdc5-48f3-8465-cfcce404a2ed@group-313AEF6E36AD:t9, leader=null, voted=913f5d44-bdc5-48f3-8465-cfcce404a2ed, raftlog=913f5d44-bdc5-48f3-8465-cfcce404a2ed@group-313AEF6E36AD-SegmentedRaftLog:OPENED:c-1,f-1,i0, conf=-1: [5e405965-0d3b-4ac3-ad61-3309f1df0e1f:0.0.0.0:44865, f364049c-804e-48c0-9d60-69c24dba2087:0.0.0.0:34514, 913f5d44-bdc5-48f3-8465-cfcce404a2ed:0.0.0.0:41104], old=null
2019-09-25 08:03:51,605 [5e405965-0d3b-4ac3-ad61-3309f1df0e1f@group-313AEF6E36AD:LeaderElection27] INFO  impl.LeaderElection (LeaderElection.java:logAndReturn(56)) - 5e405965-0d3b-4ac3-ad61-3309f1df0e1f@group-313AEF6E36AD:LeaderElection27: Election REJECTED; received 2 response(s) [5e405965-0d3b-4ac3-ad61-3309f1df0e1f<-f364049c-804e-48c0-9d60-69c24dba2087#0:FAIL-t9, 5e405965-0d3b-4ac3-ad61-3309f1df0e1f<-913f5d44-bdc5-48f3-8465-cfcce404a2ed#0:FAIL-t9] and 0 exception(s); 5e405965-0d3b-4ac3-ad61-3309f1df0e1f@group-313AEF6E36AD:t9, leader=null, voted=5e405965-0d3b-4ac3-ad61-3309f1df0e1f, raftlog=5e405965-0d3b-4ac3-ad61-3309f1df0e1f@group-313AEF6E36AD-SegmentedRaftLog:OPENED:c-1,f-1,i0, conf=-1: [5e405965-0d3b-4ac3-ad61-3309f1df0e1f:0.0.0.0:44865, f364049c-804e-48c0-9d60-69c24dba2087:0.0.0.0:34514, 913f5d44-bdc5-48f3-8465-cfcce404a2ed:0.0.0.0:41104], old=null
2019-09-25 08:03:51,606 [913f5d44-bdc5-48f3-8465-cfcce404a2ed@group-313AEF6E36AD:LeaderElection26] INFO  impl.RaftServerImpl (RaftServerImpl.java:setRole(174)) - 913f5d44-bdc5-48f3-8465-cfcce404a2ed@group-313AEF6E36AD: changes role from CANDIDATE to FOLLOWER at term 9 for DISCOVERED_A_NEW_TERM
2019-09-25 08:03:51,605 [f364049c-804e-48c0-9d60-69c24dba2087@group-313AEF6E36AD:LeaderElection28] INFO  impl.RoleInfo (RoleInfo.java:shutdownLeaderElection(134)) - f364049c-804e-48c0-9d60-69c24dba2087: shutdown LeaderElection
2019-09-25 08:03:51,607 [913f5d44-bdc5-48f3-8465-cfcce404a2ed@group-313AEF6E36AD:LeaderElection26] INFO  impl.RoleInfo (RoleInfo.java:shutdownLeaderElection(134)) - 913f5d44-bdc5-48f3-8465-cfcce404a2ed: shutdown LeaderElection
2019-09-25 08:03:51,609 [f364049c-804e-48c0-9d60-69c24dba2087@group-313AEF6E36AD:LeaderElection28] INFO  impl.RoleInfo (RoleInfo.java:updateAndGet(143)) - f364049c-804e-48c0-9d60-69c24dba2087: start FollowerState
2019-09-25 08:03:51,607 [5e405965-0d3b-4ac3-ad61-3309f1df0e1f@group-313AEF6E36AD:LeaderElection27] INFO  impl.RaftServerImpl (RaftServerImpl.java:setRole(174)) - 5e405965-0d3b-4ac3-ad61-3309f1df0e1f@group-313AEF6E36AD: changes role from CANDIDATE to FOLLOWER at term 9 for DISCOVERED_A_NEW_TERM
2019-09-25 08:03:51,609 [913f5d44-bdc5-48f3-8465-cfcce404a2ed@group-313AEF6E36AD:LeaderElection26] INFO  impl.RoleInfo (RoleInfo.java:updateAndGet(143)) - 913f5d44-bdc5-48f3-8465-cfcce404a2ed: start FollowerState
2019-09-25 08:03:51,609 [5e405965-0d3b-4ac3-ad61-3309f1df0e1f@group-313AEF6E36AD:LeaderElection27] INFO  impl.RoleInfo (RoleInfo.java:shutdownLeaderElection(134)) - 5e405965-0d3b-4ac3-ad61-3309f1df0e1f: shutdown LeaderElection
2019-09-25 08:03:51,610 [5e405965-0d3b-4ac3-ad61-3309f1df0e1f@group-313AEF6E36AD:LeaderElection27] INFO  impl.RoleInfo (RoleInfo.java:updateAndGet(143)) - 5e405965-0d3b-4ac3-ad61-3309f1df0e1f: start FollowerState
2019-09-25 08:03:56,619 [Thread-293] INFO  impl.FollowerState (FollowerState.java:run(106)) - 913f5d44-bdc5-48f3-8465-cfcce404a2ed:group-313AEF6E36AD changes to CANDIDATE, lastRpcTime:5010, electionTimeout:5009ms
2019-09-25 08:03:56,621 [Thread-293] INFO  impl.RoleInfo (RoleInfo.java:shutdownFollowerState(121)) - 913f5d44-bdc5-48f3-8465-cfcce404a2ed: shutdown FollowerState
2019-09-25 08:03:56,621 [Thread-293] INFO  impl.RaftServerImpl (RaftServerImpl.java:setRole(174)) - 913f5d44-bdc5-48f3-8465-cfcce404a2ed@group-313AEF6E36AD: changes role from  FOLLOWER to CANDIDATE at term 9 for changeToCandidate
2019-09-25 08:03:56,621 [Thread-293] INFO  impl.RoleInfo (RoleInfo.java:updateAndGet(143)) - 913f5d44-bdc5-48f3-8465-cfcce404a2ed: start LeaderElection
2019-09-25 08:03:56,635 [Thread-294] INFO  impl.FollowerState (FollowerState.java:run(106)) - 5e405965-0d3b-4ac3-ad61-3309f1df0e1f:group-313AEF6E36AD changes to CANDIDATE, lastRpcTime:5025, electionTimeout:5025ms
2019-09-25 08:03:56,636 [Thread-294] INFO  impl.RoleInfo (RoleInfo.java:shutdownFollowerState(121)) - 5e405965-0d3b-4ac3-ad61-3309f1df0e1f: shutdown FollowerState
2019-09-25 08:03:56,636 [Thread-294] INFO  impl.RaftServerImpl (RaftServerImpl.java:setRole(174)) - 5e405965-0d3b-4ac3-ad61-3309f1df0e1f@group-313AEF6E36AD: changes role from  FOLLOWER to CANDIDATE at term 9 for changeToCandidate
2019-09-25 08:03:56,636 [Thread-294] INFO  impl.RoleInfo (RoleInfo.java:updateAndGet(143)) - 5e405965-0d3b-4ac3-ad61-3309f1df0e1f: start LeaderElection
2019-09-25 08:03:56,783 [Thread-292] INFO  impl.FollowerState (FollowerState.java:run(106)) - f364049c-804e-48c0-9d60-69c24dba2087:group-313AEF6E36AD changes to CANDIDATE, lastRpcTime:5173, electionTimeout:5173ms
2019-09-25 08:03:56,783 [Thread-292] INFO  impl.RoleInfo (RoleInfo.java:shutdownFollowerState(121)) - f364049c-804e-48c0-9d60-69c24dba2087: shutdown FollowerState
2019-09-25 08:03:56,783 [Thread-292] INFO  impl.RaftServerImpl (RaftServerImpl.java:setRole(174)) - f364049c-804e-48c0-9d60-69c24dba2087@group-313AEF6E36AD: changes role from  FOLLOWER to CANDIDATE at term 9 for changeToCandidate
2019-09-25 08:03:56,783 [Thread-292] INFO  impl.RoleInfo (RoleInfo.java:updateAndGet(143)) - f364049c-804e-48c0-9d60-69c24dba2087: start LeaderElection
2019-09-25 08:03:57,206 [f364049c-804e-48c0-9d60-69c24dba2087@group-313AEF6E36AD:LeaderElection31] INFO  impl.LeaderElection (LeaderElection.java:askForVotes(182)) - f364049c-804e-48c0-9d60-69c24dba2087@group-313AEF6E36AD:LeaderElection31: begin an election at term 10 for -1: [5e405965-0d3b-4ac3-ad61-3309f1df0e1f:0.0.0.0:44865, f364049c-804e-48c0-9d60-69c24dba2087:0.0.0.0:34514, 913f5d44-bdc5-48f3-8465-cfcce404a2ed:0.0.0.0:41104], old=null
2019-09-25 08:03:57,206 [913f5d44-bdc5-48f3-8465-cfcce404a2ed@group-313AEF6E36AD:LeaderElection29] INFO  impl.LeaderElection (LeaderElection.java:askForVotes(182)) - 913f5d44-bdc5-48f3-8465-cfcce404a2ed@group-313AEF6E36AD:LeaderElection29: begin an election at term 10 for -1: [5e405965-0d3b-4ac3-ad61-3309f1df0e1f:0.0.0.0:44865, f364049c-804e-48c0-9d60-69c24dba2087:0.0.0.0:34514, 913f5d44-bdc5-48f3-8465-cfcce404a2ed:0.0.0.0:41104], old=null
2019-09-25 08:03:57,206 [5e405965-0d3b-4ac3-ad61-3309f1df0e1f@group-313AEF6E36AD:LeaderElection30] INFO  impl.LeaderElection (LeaderElection.java:askForVotes(182)) - 5e405965-0d3b-4ac3-ad61-3309f1df0e1f@group-313AEF6E36AD:LeaderElection30: begin an election at term 10 for -1: [5e405965-0d3b-4ac3-ad61-3309f1df0e1f:0.0.0.0:44865, f364049c-804e-48c0-9d60-69c24dba2087:0.0.0.0:34514, 913f5d44-bdc5-48f3-8465-cfcce404a2ed:0.0.0.0:41104], old=null
2019-09-25 08:03:57,213 [f364049c-804e-48c0-9d60-69c24dba2087@group-313AEF6E36AD:LeaderElection31] INFO  impl.LeaderElection (LeaderElection.java:logAndReturn(56)) - f364049c-804e-48c0-9d60-69c24dba2087@group-313AEF6E36AD:LeaderElection31: Election REJECTED; received 2 response(s) [f364049c-804e-48c0-9d60-69c24dba2087<-5e405965-0d3b-4ac3-ad61-3309f1df0e1f#0:FAIL-t10, f364049c-804e-48c0-9d60-69c24dba2087<-913f5d44-bdc5-48f3-8465-cfcce404a2ed#0:FAIL-t10] and 0 exception(s); f364049c-804e-48c0-9d60-69c24dba2087@group-313AEF6E36AD:t10, leader=null, voted=f364049c-804e-48c0-9d60-69c24dba2087, raftlog=f364049c-804e-48c0-9d60-69c24dba2087@group-313AEF6E36AD-SegmentedRaftLog:OPENED:c-1,f-1,i0, conf=-1: [5e405965-0d3b-4ac3-ad61-3309f1df0e1f:0.0.0.0:44865, f364049c-804e-48c0-9d60-69c24dba2087:0.0.0.0:34514, 913f5d44-bdc5-48f3-8465-cfcce404a2ed:0.0.0.0:41104], old=null
2019-09-25 08:03:57,213 [f364049c-804e-48c0-9d60-69c24dba2087@group-313AEF6E36AD:LeaderElection31] INFO  impl.RaftServerImpl (RaftServerImpl.java:setRole(174)) - f364049c-804e-48c0-9d60-69c24dba2087@group-313AEF6E36AD: changes role from CANDIDATE to FOLLOWER at term 10 for DISCOVERED_A_NEW_TERM
2019-09-25 08:03:57,214 [f364049c-804e-48c0-9d60-69c24dba2087@group-313AEF6E36AD:LeaderElection31] INFO  impl.RoleInfo (RoleInfo.java:shutdownLeaderElection(134)) - f364049c-804e-48c0-9d60-69c24dba2087: shutdown LeaderElection
2019-09-25 08:03:57,214 [f364049c-804e-48c0-9d60-69c24dba2087@group-313AEF6E36AD:LeaderElection31] INFO  impl.RoleInfo (RoleInfo.java:updateAndGet(143)) - f364049c-804e-48c0-9d60-69c24dba2087: start FollowerState
2019-09-25 08:03:57,214 [5e405965-0d3b-4ac3-ad61-3309f1df0e1f@group-313AEF6E36AD:LeaderElection30] INFO  impl.LeaderElection (LeaderElection.java:logAndReturn(56)) - 5e405965-0d3b-4ac3-ad61-3309f1df0e1f@group-313AEF6E36AD:LeaderElection30: Election REJECTED; received 2 response(s) [5e405965-0d3b-4ac3-ad61-3309f1df0e1f<-f364049c-804e-48c0-9d60-69c24dba2087#0:FAIL-t10, 5e405965-0d3b-4ac3-ad61-3309f1df0e1f<-913f5d44-bdc5-48f3-8465-cfcce404a2ed#0:FAIL-t10] and 0 exception(s); 5e405965-0d3b-4ac3-ad61-3309f1df0e1f@group-313AEF6E36AD:t10, leader=null, voted=5e405965-0d3b-4ac3-ad61-3309f1df0e1f, raftlog=5e405965-0d3b-4ac3-ad61-3309f1df0e1f@group-313AEF6E36AD-SegmentedRaftLog:OPENED:c-1,f-1,i0, conf=-1: [5e405965-0d3b-4ac3-ad61-3309f1df0e1f:0.0.0.0:44865, f364049c-804e-48c0-9d60-69c24dba2087:0.0.0.0:34514, 913f5d44-bdc5-48f3-8465-cfcce404a2ed:0.0.0.0:41104], old=null
2019-09-25 08:03:57,215 [5e405965-0d3b-4ac3-ad61-3309f1df0e1f@group-313AEF6E36AD:LeaderElection30] INFO  impl.RaftServerImpl (RaftServerImpl.java:setRole(174)) - 5e405965-0d3b-4ac3-ad61-3309f1df0e1f@group-313AEF6E36AD: changes role from CANDIDATE to FOLLOWER at term 10 for DISCOVERED_A_NEW_TERM
2019-09-25 08:03:57,216 [913f5d44-bdc5-48f3-8465-cfcce404a2ed@group-313AEF6E36AD:LeaderElection29] INFO  impl.LeaderElection (LeaderElection.java:logAndReturn(56)) - 913f5d44-bdc5-48f3-8465-cfcce404a2ed@group-313AEF6E36AD:LeaderElection29: Election REJECTED; received 2 response(s) [913f5d44-bdc5-48f3-8465-cfcce404a2ed<-5e405965-0d3b-4ac3-ad61-3309f1df0e1f#0:FAIL-t10, 913f5d44-bdc5-48f3-8465-cfcce404a2ed<-f364049c-804e-48c0-9d60-69c24dba2087#0:FAIL-t10] and 0 exception(s); 913f5d44-bdc5-48f3-8465-cfcce404a2ed@group-313AEF6E36AD:t10, leader=null, voted=913f5d44-bdc5-48f3-8465-cfcce404a2ed, raftlog=913f5d44-bdc5-48f3-8465-cfcce404a2ed@group-313AEF6E36AD-SegmentedRaftLog:OPENED:c-1,f-1,i0, conf=-1: [5e405965-0d3b-4ac3-ad61-3309f1df0e1f:0.0.0.0:44865, f364049c-804e-48c0-9d60-69c24dba2087:0.0.0.0:34514, 913f5d44-bdc5-48f3-8465-cfcce404a2ed:0.0.0.0:41104], old=null
2019-09-25 08:03:57,216 [5e405965-0d3b-4ac3-ad61-3309f1df0e1f@group-313AEF6E36AD:LeaderElection30] INFO  impl.RoleInfo (RoleInfo.java:shutdownLeaderElection(134)) - 5e405965-0d3b-4ac3-ad61-3309f1df0e1f: shutdown LeaderElection
2019-09-25 08:03:57,217 [913f5d44-bdc5-48f3-8465-cfcce404a2ed@group-313AEF6E36AD:LeaderElection29] INFO  impl.RaftServerImpl (RaftServerImpl.java:setRole(174)) - 913f5d44-bdc5-48f3-8465-cfcce404a2ed@group-313AEF6E36AD: changes role from CANDIDATE to FOLLOWER at term 10 for DISCOVERED_A_NEW_TERM
2019-09-25 08:03:57,217 [5e405965-0d3b-4ac3-ad61-3309f1df0e1f@group-313AEF6E36AD:LeaderElection30] INFO  impl.RoleInfo (RoleInfo.java:updateAndGet(143)) - 5e405965-0d3b-4ac3-ad61-3309f1df0e1f: start FollowerState
2019-09-25 08:03:57,218 [913f5d44-bdc5-48f3-8465-cfcce404a2ed@group-313AEF6E36AD:LeaderElection29] INFO  impl.RoleInfo (RoleInfo.java:shutdownLeaderElection(134)) - 913f5d44-bdc5-48f3-8465-cfcce404a2ed: shutdown LeaderElection
2019-09-25 08:03:57,218 [913f5d44-bdc5-48f3-8465-cfcce404a2ed@group-313AEF6E36AD:LeaderElection29] INFO  impl.RoleInfo (RoleInfo.java:updateAndGet(143)) - 913f5d44-bdc5-48f3-8465-cfcce404a2ed: start FollowerState
2019-09-25 08:04:02,261 [Thread-315] INFO  impl.FollowerState (FollowerState.java:run(106)) - 5e405965-0d3b-4ac3-ad61-3309f1df0e1f:group-313AEF6E36AD changes to CANDIDATE, lastRpcTime:5043, electionTimeout:5042ms
2019-09-25 08:04:02,263 [Thread-315] INFO  impl.RoleInfo (RoleInfo.java:shutdownFollowerState(121)) - 5e405965-0d3b-4ac3-ad61-3309f1df0e1f: shutdown FollowerState
2019-09-25 08:04:02,263 [Thread-315] INFO  impl.RaftServerImpl (RaftServerImpl.java:setRole(174)) - 5e405965-0d3b-4ac3-ad61-3309f1df0e1f@group-313AEF6E36AD: changes role from  FOLLOWER to CANDIDATE at term 10 for changeToCandidate
2019-09-25 08:04:02,264 [Thread-315] INFO  impl.RoleInfo (RoleInfo.java:updateAndGet(143)) - 5e405965-0d3b-4ac3-ad61-3309f1df0e1f: start LeaderElection
2019-09-25 08:04:02,360 [Thread-314] INFO  impl.FollowerState (FollowerState.java:run(106)) - f364049c-804e-48c0-9d60-69c24dba2087:group-313AEF6E36AD changes to CANDIDATE, lastRpcTime:5145, electionTimeout:5144ms
2019-09-25 08:04:02,360 [Thread-314] INFO  impl.RoleInfo (RoleInfo.java:shutdownFollowerState(121)) - f364049c-804e-48c0-9d60-69c24dba2087: shutdown FollowerState
2019-09-25 08:04:02,360 [Thread-314] INFO  impl.RaftServerImpl (RaftServerImpl.java:setRole(174)) - f364049c-804e-48c0-9d60-69c24dba2087@group-313AEF6E36AD: changes role from  FOLLOWER to CANDIDATE at term 10 for changeToCandidate
2019-09-25 08:04:02,360 [Thread-314] INFO  impl.RoleInfo (RoleInfo.java:updateAndGet(143)) - f364049c-804e-48c0-9d60-69c24dba2087: start LeaderElection
2019-09-25 08:04:02,384 [Thread-316] INFO  impl.FollowerState (FollowerState.java:run(106)) - 913f5d44-bdc5-48f3-8465-cfcce404a2ed:group-313AEF6E36AD changes to CANDIDATE, lastRpcTime:5165, electionTimeout:5165ms
2019-09-25 08:04:02,384 [Thread-316] INFO  impl.RoleInfo (RoleInfo.java:shutdownFollowerState(121)) - 913f5d44-bdc5-48f3-8465-cfcce404a2ed: shutdown FollowerState
2019-09-25 08:04:02,385 [Thread-316] INFO  impl.RaftServerImpl (RaftServerImpl.java:setRole(174)) - 913f5d44-bdc5-48f3-8465-cfcce404a2ed@group-313AEF6E36AD: changes role from  FOLLOWER to CANDIDATE at term 10 for changeToCandidate
2019-09-25 08:04:02,385 [Thread-316] INFO  impl.RoleInfo (RoleInfo.java:updateAndGet(143)) - 913f5d44-bdc5-48f3-8465-cfcce404a2ed: start LeaderElection
2019-09-25 08:04:07,366 [913f5d44-bdc5-48f3-8465-cfcce404a2ed@group-313AEF6E36AD:LeaderElection34] INFO  impl.LeaderElection (LeaderElection.java:askForVotes(182)) - 913f5d44-bdc5-48f3-8465-cfcce404a2ed@group-313AEF6E36AD:LeaderElection34: begin an election at term 11 for -1: [5e405965-0d3b-4ac3-ad61-3309f1df0e1f:0.0.0.0:44865, f364049c-804e-48c0-9d60-69c24dba2087:0.0.0.0:34514, 913f5d44-bdc5-48f3-8465-cfcce404a2ed:0.0.0.0:41104], old=null
2019-09-25 08:04:07,366 [5e405965-0d3b-4ac3-ad61-3309f1df0e1f@group-313AEF6E36AD:LeaderElection32] INFO  impl.LeaderElection (LeaderElection.java:askForVotes(182)) - 5e405965-0d3b-4ac3-ad61-3309f1df0e1f@group-313AEF6E36AD:LeaderElection32: begin an election at term 11 for -1: [5e405965-0d3b-4ac3-ad61-3309f1df0e1f:0.0.0.0:44865, f364049c-804e-48c0-9d60-69c24dba2087:0.0.0.0:34514, 913f5d44-bdc5-48f3-8465-cfcce404a2ed:0.0.0.0:41104], old=null
2019-09-25 08:04:07,366 [f364049c-804e-48c0-9d60-69c24dba2087@group-313AEF6E36AD:LeaderElection33] INFO  impl.LeaderElection (LeaderElection.java:askForVotes(182)) - f364049c-804e-48c0-9d60-69c24dba2087@group-313AEF6E36AD:LeaderElection33: begin an election at term 11 for -1: [5e405965-0d3b-4ac3-ad61-3309f1df0e1f:0.0.0.0:44865, f364049c-804e-48c0-9d60-69c24dba2087:0.0.0.0:34514, 913f5d44-bdc5-48f3-8465-cfcce404a2ed:0.0.0.0:41104], old=null
2019-09-25 08:04:07,376 [f364049c-804e-48c0-9d60-69c24dba2087@group-313AEF6E36AD:LeaderElection33] INFO  impl.LeaderElection (LeaderElection.java:logAndReturn(56)) - f364049c-804e-48c0-9d60-69c24dba2087@group-313AEF6E36AD:LeaderElection33: Election REJECTED; received 2 response(s) [f364049c-804e-48c0-9d60-69c24dba2087<-5e405965-0d3b-4ac3-ad61-3309f1df0e1f#0:FAIL-t11, f364049c-804e-48c0-9d60-69c24dba2087<-913f5d44-bdc5-48f3-8465-cfcce404a2ed#0:FAIL-t11] and 0 exception(s); f364049c-804e-48c0-9d60-69c24dba2087@group-313AEF6E36AD:t11, leader=null, voted=f364049c-804e-48c0-9d60-69c24dba2087, raftlog=f364049c-804e-48c0-9d60-69c24dba2087@group-313AEF6E36AD-SegmentedRaftLog:OPENED:c-1,f-1,i0, conf=-1: [5e405965-0d3b-4ac3-ad61-3309f1df0e1f:0.0.0.0:44865, f364049c-804e-48c0-9d60-69c24dba2087:0.0.0.0:34514, 913f5d44-bdc5-48f3-8465-cfcce404a2ed:0.0.0.0:41104], old=null
2019-09-25 08:04:07,377 [f364049c-804e-48c0-9d60-69c24dba2087@group-313AEF6E36AD:LeaderElection33] INFO  impl.RaftServerImpl (RaftServerImpl.java:setRole(174)) - f364049c-804e-48c0-9d60-69c24dba2087@group-313AEF6E36AD: changes role from CANDIDATE to FOLLOWER at term 11 for DISCOVERED_A_NEW_TERM
2019-09-25 08:04:07,377 [913f5d44-bdc5-48f3-8465-cfcce404a2ed@group-313AEF6E36AD:LeaderElection34] INFO  impl.LeaderElection (LeaderElection.java:logAndReturn(56)) - 913f5d44-bdc5-48f3-8465-cfcce404a2ed@group-313AEF6E36AD:LeaderElection34: Election REJECTED; received 2 response(s) [913f5d44-bdc5-48f3-8465-cfcce404a2ed<-5e405965-0d3b-4ac3-ad61-3309f1df0e1f#0:FAIL-t11, 913f5d44-bdc5-48f3-8465-cfcce404a2ed<-f364049c-804e-48c0-9d60-69c24dba2087#0:FAIL-t11] and 0 exception(s); 913f5d44-bdc5-48f3-8465-cfcce404a2ed@group-313AEF6E36AD:t11, leader=null, voted=913f5d44-bdc5-48f3-8465-cfcce404a2ed, raftlog=913f5d44-bdc5-48f3-8465-cfcce404a2ed@group-313AEF6E36AD-SegmentedRaftLog:OPENED:c-1,f-1,i0, conf=-1: [5e405965-0d3b-4ac3-ad61-3309f1df0e1f:0.0.0.0:44865, f364049c-804e-48c0-9d60-69c24dba2087:0.0.0.0:34514, 913f5d44-bdc5-48f3-8465-cfcce404a2ed:0.0.0.0:41104], old=null
2019-09-25 08:04:07,380 [5e405965-0d3b-4ac3-ad61-3309f1df0e1f@group-313AEF6E36AD:LeaderElection32] INFO  impl.LeaderElection (LeaderElection.java:logAndReturn(56)) - 5e405965-0d3b-4ac3-ad61-3309f1df0e1f@group-313AEF6E36AD:LeaderElection32: Election REJECTED; received 2 response(s) [5e405965-0d3b-4ac3-ad61-3309f1df0e1f<-f364049c-804e-48c0-9d60-69c24dba2087#0:FAIL-t11, 5e405965-0d3b-4ac3-ad61-3309f1df0e1f<-913f5d44-bdc5-48f3-8465-cfcce404a2ed#0:FAIL-t11] and 0 exception(s); 5e405965-0d3b-4ac3-ad61-3309f1df0e1f@group-313AEF6E36AD:t11, leader=null, voted=5e405965-0d3b-4ac3-ad61-3309f1df0e1f, raftlog=5e405965-0d3b-4ac3-ad61-3309f1df0e1f@group-313AEF6E36AD-SegmentedRaftLog:OPENED:c-1,f-1,i0, conf=-1: [5e405965-0d3b-4ac3-ad61-3309f1df0e1f:0.0.0.0:44865, f364049c-804e-48c0-9d60-69c24dba2087:0.0.0.0:34514, 913f5d44-bdc5-48f3-8465-cfcce404a2ed:0.0.0.0:41104], old=null
2019-09-25 08:04:07,378 [f364049c-804e-48c0-9d60-69c24dba2087@group-313AEF6E36AD:LeaderElection33] INFO  impl.RoleInfo (RoleInfo.java:shutdownLeaderElection(134)) - f364049c-804e-48c0-9d60-69c24dba2087: shutdown LeaderElection
2019-09-25 08:04:07,381 [5e405965-0d3b-4ac3-ad61-3309f1df0e1f@group-313AEF6E36AD:LeaderElection32] INFO  impl.RaftServerImpl (RaftServerImpl.java:setRole(174)) - 5e405965-0d3b-4ac3-ad61-3309f1df0e1f@group-313AEF6E36AD: changes role from CANDIDATE to FOLLOWER at term 11 for DISCOVERED_A_NEW_TERM
2019-09-25 08:04:07,380 [913f5d44-bdc5-48f3-8465-cfcce404a2ed@group-313AEF6E36AD:LeaderElection34] INFO  impl.RaftServerImpl (RaftServerImpl.java:setRole(174)) - 913f5d44-bdc5-48f3-8465-cfcce404a2ed@group-313AEF6E36AD: changes role from CANDIDATE to FOLLOWER at term 11 for DISCOVERED_A_NEW_TERM
2019-09-25 08:04:07,382 [5e405965-0d3b-4ac3-ad61-3309f1df0e1f@group-313AEF6E36AD:LeaderElection32] INFO  impl.RoleInfo (RoleInfo.java:shutdownLeaderElection(134)) - 5e405965-0d3b-4ac3-ad61-3309f1df0e1f: shutdown LeaderElection
2019-09-25 08:04:07,382 [f364049c-804e-48c0-9d60-69c24dba2087@group-313AEF6E36AD:LeaderElection33] INFO  impl.RoleInfo (RoleInfo.java:updateAndGet(143)) - f364049c-804e-48c0-9d60-69c24dba2087: start FollowerState
2019-09-25 08:04:07,383 [5e405965-0d3b-4ac3-ad61-3309f1df0e1f@group-313AEF6E36AD:LeaderElection32] INFO  impl.RoleInfo (RoleInfo.java:updateAndGet(143)) - 5e405965-0d3b-4ac3-ad61-3309f1df0e1f: start FollowerState
2019-09-25 08:04:07,382 [913f5d44-bdc5-48f3-8465-cfcce404a2ed@group-313AEF6E36AD:LeaderElection34] INFO  impl.RoleInfo (RoleInfo.java:shutdownLeaderElection(134)) - 913f5d44-bdc5-48f3-8465-cfcce404a2ed: shutdown LeaderElection
2019-09-25 08:04:07,383 [913f5d44-bdc5-48f3-8465-cfcce404a2ed@group-313AEF6E36AD:LeaderElection34] INFO  impl.RoleInfo (RoleInfo.java:updateAndGet(143)) - 913f5d44-bdc5-48f3-8465-cfcce404a2ed: start FollowerState
2019-09-25 08:04:12,413 [Thread-347] INFO  impl.FollowerState (FollowerState.java:run(106)) - 5e405965-0d3b-4ac3-ad61-3309f1df0e1f:group-313AEF6E36AD changes to CANDIDATE, lastRpcTime:5030, electionTimeout:5029ms
2019-09-25 08:04:12,415 [Thread-347] INFO  impl.RoleInfo (RoleInfo.java:shutdownFollowerState(121)) - 5e405965-0d3b-4ac3-ad61-3309f1df0e1f: shutdown FollowerState
2019-09-25 08:04:12,416 [Thread-347] INFO  impl.RaftServerImpl (RaftServerImpl.java:setRole(174)) - 5e405965-0d3b-4ac3-ad61-3309f1df0e1f@group-313AEF6E36AD: changes role from  FOLLOWER to CANDIDATE at term 11 for changeToCandidate
2019-09-25 08:04:12,417 [Thread-347] INFO  impl.RoleInfo (RoleInfo.java:updateAndGet(143)) - 5e405965-0d3b-4ac3-ad61-3309f1df0e1f: start LeaderElection
2019-09-25 08:04:12,512 [Thread-348] INFO  impl.FollowerState (FollowerState.java:run(106)) - 913f5d44-bdc5-48f3-8465-cfcce404a2ed:group-313AEF6E36AD changes to CANDIDATE, lastRpcTime:5128, electionTimeout:5128ms
2019-09-25 08:04:12,512 [Thread-348] INFO  impl.RoleInfo (RoleInfo.java:shutdownFollowerState(121)) - 913f5d44-bdc5-48f3-8465-cfcce404a2ed: shutdown FollowerState
2019-09-25 08:04:12,513 [Thread-348] INFO  impl.RaftServerImpl (RaftServerImpl.java:setRole(174)) - 913f5d44-bdc5-48f3-8465-cfcce404a2ed@group-313AEF6E36AD: changes role from  FOLLOWER to CANDIDATE at term 11 for changeToCandidate
2019-09-25 08:04:12,513 [Thread-348] INFO  impl.RoleInfo (RoleInfo.java:updateAndGet(143)) - 913f5d44-bdc5-48f3-8465-cfcce404a2ed: start LeaderElection
2019-09-25 08:04:12,550 [Thread-346] INFO  impl.FollowerState (FollowerState.java:run(106)) - f364049c-804e-48c0-9d60-69c24dba2087:group-313AEF6E36AD changes to CANDIDATE, lastRpcTime:5168, electionTimeout:5167ms
2019-09-25 08:04:12,551 [Thread-346] INFO  impl.RoleInfo (RoleInfo.java:shutdownFollowerState(121)) - f364049c-804e-48c0-9d60-69c24dba2087: shutdown FollowerState
2019-09-25 08:04:12,551 [Thread-346] INFO  impl.RaftServerImpl (RaftServerImpl.java:setRole(174)) - f364049c-804e-48c0-9d60-69c24dba2087@group-313AEF6E36AD: changes role from  FOLLOWER to CANDIDATE at term 11 for changeToCandidate
2019-09-25 08:04:12,551 [Thread-346] INFO  impl.RoleInfo (RoleInfo.java:updateAndGet(143)) - f364049c-804e-48c0-9d60-69c24dba2087: start LeaderElection
2019-09-25 08:04:12,968 [f364049c-804e-48c0-9d60-69c24dba2087@group-313AEF6E36AD:LeaderElection37] INFO  impl.LeaderElection (LeaderElection.java:askForVotes(182)) - f364049c-804e-48c0-9d60-69c24dba2087@group-313AEF6E36AD:LeaderElection37: begin an election at term 12 for -1: [5e405965-0d3b-4ac3-ad61-3309f1df0e1f:0.0.0.0:44865, f364049c-804e-48c0-9d60-69c24dba2087:0.0.0.0:34514, 913f5d44-bdc5-48f3-8465-cfcce404a2ed:0.0.0.0:41104], old=null
2019-09-25 08:04:12,968 [5e405965-0d3b-4ac3-ad61-3309f1df0e1f@group-313AEF6E36AD:LeaderElection35] INFO  impl.LeaderElection (LeaderElection.java:askForVotes(182)) - 5e405965-0d3b-4ac3-ad61-3309f1df0e1f@group-313AEF6E36AD:LeaderElection35: begin an election at term 12 for -1: [5e405965-0d3b-4ac3-ad61-3309f1df0e1f:0.0.0.0:44865, f364049c-804e-48c0-9d60-69c24dba2087:0.0.0.0:34514, 913f5d44-bdc5-48f3-8465-cfcce404a2ed:0.0.0.0:41104], old=null
2019-09-25 08:04:12,968 [913f5d44-bdc5-48f3-8465-cfcce404a2ed@group-313AEF6E36AD:LeaderElection36] INFO  impl.LeaderElection (LeaderElection.java:askForVotes(182)) - 913f5d44-bdc5-48f3-8465-cfcce404a2ed@group-313AEF6E36AD:LeaderElection36: begin an election at term 12 for -1: [5e405965-0d3b-4ac3-ad61-3309f1df0e1f:0.0.0.0:44865, f364049c-804e-48c0-9d60-69c24dba2087:0.0.0.0:34514, 913f5d44-bdc5-48f3-8465-cfcce404a2ed:0.0.0.0:41104], old=null
2019-09-25 08:04:12,974 [f364049c-804e-48c0-9d60-69c24dba2087@group-313AEF6E36AD:LeaderElection37] INFO  impl.LeaderElection (LeaderElection.java:logAndReturn(56)) - f364049c-804e-48c0-9d60-69c24dba2087@group-313AEF6E36AD:LeaderElection37: Election REJECTED; received 2 response(s) [f364049c-804e-48c0-9d60-69c24dba2087<-5e405965-0d3b-4ac3-ad61-3309f1df0e1f#0:FAIL-t12, f364049c-804e-48c0-9d60-69c24dba2087<-913f5d44-bdc5-48f3-8465-cfcce404a2ed#0:FAIL-t12] and 0 exception(s); f364049c-804e-48c0-9d60-69c24dba2087@group-313AEF6E36AD:t12, leader=null, voted=f364049c-804e-48c0-9d60-69c24dba2087, raftlog=f364049c-804e-48c0-9d60-69c24dba2087@group-313AEF6E36AD-SegmentedRaftLog:OPENED:c-1,f-1,i0, conf=-1: [5e405965-0d3b-4ac3-ad61-3309f1df0e1f:0.0.0.0:44865, f364049c-804e-48c0-9d60-69c24dba2087:0.0.0.0:34514, 913f5d44-bdc5-48f3-8465-cfcce404a2ed:0.0.0.0:41104], old=null
2019-09-25 08:04:12,975 [f364049c-804e-48c0-9d60-69c24dba2087@group-313AEF6E36AD:LeaderElection37] INFO  impl.RaftServerImpl (RaftServerImpl.java:setRole(174)) - f364049c-804e-48c0-9d60-69c24dba2087@group-313AEF6E36AD: changes role from CANDIDATE to FOLLOWER at term 12 for DISCOVERED_A_NEW_TERM
2019-09-25 08:04:12,975 [f364049c-804e-48c0-9d60-69c24dba2087@group-313AEF6E36AD:LeaderElection37] INFO  impl.RoleInfo (RoleInfo.java:shutdownLeaderElection(134)) - f364049c-804e-48c0-9d60-69c24dba2087: shutdown LeaderElection
2019-09-25 08:04:12,975 [913f5d44-bdc5-48f3-8465-cfcce404a2ed@group-313AEF6E36AD:LeaderElection36] INFO  impl.LeaderElection (LeaderElection.java:logAndReturn(56)) - 913f5d44-bdc5-48f3-8465-cfcce404a2ed@group-313AEF6E36AD:LeaderElection36: Election REJECTED; received 2 response(s) [913f5d44-bdc5-48f3-8465-cfcce404a2ed<-5e405965-0d3b-4ac3-ad61-3309f1df0e1f#0:FAIL-t12, 913f5d44-bdc5-48f3-8465-cfcce404a2ed<-f364049c-804e-48c0-9d60-69c24dba2087#0:FAIL-t12] and 0 exception(s); 913f5d44-bdc5-48f3-8465-cfcce404a2ed@group-313AEF6E36AD:t12, leader=null, voted=913f5d44-bdc5-48f3-8465-cfcce404a2ed, raftlog=913f5d44-bdc5-48f3-8465-cfcce404a2ed@group-313AEF6E36AD-SegmentedRaftLog:OPENED:c-1,f-1,i0, conf=-1: [5e405965-0d3b-4ac3-ad61-3309f1df0e1f:0.0.0.0:44865, f364049c-804e-48c0-9d60-69c24dba2087:0.0.0.0:34514, 913f5d44-bdc5-48f3-8465-cfcce404a2ed:0.0.0.0:41104], old=null
2019-09-25 08:04:12,976 [f364049c-804e-48c0-9d60-69c24dba2087@group-313AEF6E36AD:LeaderElection37] INFO  impl.RoleInfo (RoleInfo.java:updateAndGet(143)) - f364049c-804e-48c0-9d60-69c24dba2087: start FollowerState
2019-09-25 08:04:12,976 [913f5d44-bdc5-48f3-8465-cfcce404a2ed@group-313AEF6E36AD:LeaderElection36] INFO  impl.RaftServerImpl (RaftServerImpl.java:setRole(174)) - 913f5d44-bdc5-48f3-8465-cfcce404a2ed@group-313AEF6E36AD: changes role from CANDIDATE to FOLLOWER at term 12 for DISCOVERED_A_NEW_TERM
2019-09-25 08:04:12,977 [913f5d44-bdc5-48f3-8465-cfcce404a2ed@group-313AEF6E36AD:LeaderElection36] INFO  impl.RoleInfo (RoleInfo.java:shutdownLeaderElection(134)) - 913f5d44-bdc5-48f3-8465-cfcce404a2ed: shutdown LeaderElection
2019-09-25 08:04:12,977 [5e405965-0d3b-4ac3-ad61-3309f1df0e1f@group-313AEF6E36AD:LeaderElection35] INFO  impl.LeaderElection (LeaderElection.java:logAndReturn(56)) - 5e405965-0d3b-4ac3-ad61-3309f1df0e1f@group-313AEF6E36AD:LeaderElection35: Election REJECTED; received 2 response(s) [5e405965-0d3b-4ac3-ad61-3309f1df0e1f<-f364049c-804e-48c0-9d60-69c24dba2087#0:FAIL-t12, 5e405965-0d3b-4ac3-ad61-3309f1df0e1f<-913f5d44-bdc5-48f3-8465-cfcce404a2ed#0:FAIL-t12] and 0 exception(s); 5e405965-0d3b-4ac3-ad61-3309f1df0e1f@group-313AEF6E36AD:t12, leader=null, voted=5e405965-0d3b-4ac3-ad61-3309f1df0e1f, raftlog=5e405965-0d3b-4ac3-ad61-3309f1df0e1f@group-313AEF6E36AD-SegmentedRaftLog:OPENED:c-1,f-1,i0, conf=-1: [5e405965-0d3b-4ac3-ad61-3309f1df0e1f:0.0.0.0:44865, f364049c-804e-48c0-9d60-69c24dba2087:0.0.0.0:34514, 913f5d44-bdc5-48f3-8465-cfcce404a2ed:0.0.0.0:41104], old=null
2019-09-25 08:04:12,978 [913f5d44-bdc5-48f3-8465-cfcce404a2ed@group-313AEF6E36AD:LeaderElection36] INFO  impl.RoleInfo (RoleInfo.java:updateAndGet(143)) - 913f5d44-bdc5-48f3-8465-cfcce404a2ed: start FollowerState
2019-09-25 08:04:12,978 [5e405965-0d3b-4ac3-ad61-3309f1df0e1f@group-313AEF6E36AD:LeaderElection35] INFO  impl.RaftServerImpl (RaftServerImpl.java:setRole(174)) - 5e405965-0d3b-4ac3-ad61-3309f1df0e1f@group-313AEF6E36AD: changes role from CANDIDATE to FOLLOWER at term 12 for DISCOVERED_A_NEW_TERM
2019-09-25 08:04:12,979 [5e405965-0d3b-4ac3-ad61-3309f1df0e1f@group-313AEF6E36AD:LeaderElection35] INFO  impl.RoleInfo (RoleInfo.java:shutdownLeaderElection(134)) - 5e405965-0d3b-4ac3-ad61-3309f1df0e1f: shutdown LeaderElection
2019-09-25 08:04:12,979 [5e405965-0d3b-4ac3-ad61-3309f1df0e1f@group-313AEF6E36AD:LeaderElection35] INFO  impl.RoleInfo (RoleInfo.java:updateAndGet(143)) - 5e405965-0d3b-4ac3-ad61-3309f1df0e1f: start FollowerState
2019-09-25 08:04:18,091 [Thread-370] INFO  impl.FollowerState (FollowerState.java:run(106)) - f364049c-804e-48c0-9d60-69c24dba2087:group-313AEF6E36AD changes to CANDIDATE, lastRpcTime:5115, electionTimeout:5113ms
2019-09-25 08:04:18,093 [Thread-370] INFO  impl.RoleInfo (RoleInfo.java:shutdownFollowerState(121)) - f364049c-804e-48c0-9d60-69c24dba2087: shutdown FollowerState
2019-09-25 08:04:18,093 [Thread-370] INFO  impl.RaftServerImpl (RaftServerImpl.java:setRole(174)) - f364049c-804e-48c0-9d60-69c24dba2087@group-313AEF6E36AD: changes role from  FOLLOWER to CANDIDATE at term 12 for changeToCandidate
2019-09-25 08:04:18,093 [Thread-370] INFO  impl.RoleInfo (RoleInfo.java:updateAndGet(143)) - f364049c-804e-48c0-9d60-69c24dba2087: start LeaderElection
2019-09-25 08:04:18,112 [Thread-371] INFO  impl.FollowerState (FollowerState.java:run(106)) - 913f5d44-bdc5-48f3-8465-cfcce404a2ed:group-313AEF6E36AD changes to CANDIDATE, lastRpcTime:5134, electionTimeout:5133ms
2019-09-25 08:04:18,112 [Thread-371] INFO  impl.RoleInfo (RoleInfo.java:shutdownFollowerState(121)) - 913f5d44-bdc5-48f3-8465-cfcce404a2ed: shutdown FollowerState
2019-09-25 08:04:18,112 [Thread-371] INFO  impl.RaftServerImpl (RaftServerImpl.java:setRole(174)) - 913f5d44-bdc5-48f3-8465-cfcce404a2ed@group-313AEF6E36AD: changes role from  FOLLOWER to CANDIDATE at term 12 for changeToCandidate
2019-09-25 08:04:18,113 [Thread-371] INFO  impl.RoleInfo (RoleInfo.java:updateAndGet(143)) - 913f5d44-bdc5-48f3-8465-cfcce404a2ed: start LeaderElection
2019-09-25 08:04:18,141 [Thread-372] INFO  impl.FollowerState (FollowerState.java:run(106)) - 5e405965-0d3b-4ac3-ad61-3309f1df0e1f:group-313AEF6E36AD changes to CANDIDATE, lastRpcTime:5161, electionTimeout:5161ms
2019-09-25 08:04:18,141 [Thread-372] INFO  impl.RoleInfo (RoleInfo.java:shutdownFollowerState(121)) - 5e405965-0d3b-4ac3-ad61-3309f1df0e1f: shutdown FollowerState
2019-09-25 08:04:18,141 [Thread-372] INFO  impl.RaftServerImpl (RaftServerImpl.java:setRole(174)) - 5e405965-0d3b-4ac3-ad61-3309f1df0e1f@group-313AEF6E36AD: changes role from  FOLLOWER to CANDIDATE at term 12 for changeToCandidate
2019-09-25 08:04:18,141 [Thread-372] INFO  impl.RoleInfo (RoleInfo.java:updateAndGet(143)) - 5e405965-0d3b-4ac3-ad61-3309f1df0e1f: start LeaderElection
2019-09-25 08:04:27,933 [5e405965-0d3b-4ac3-ad61-3309f1df0e1f@group-313AEF6E36AD:LeaderElection40] INFO  impl.LeaderElection (LeaderElection.java:askForVotes(182)) - 5e405965-0d3b-4ac3-ad61-3309f1df0e1f@group-313AEF6E36AD:LeaderElection40: begin an election at term 13 for -1: [5e405965-0d3b-4ac3-ad61-3309f1df0e1f:0.0.0.0:44865, f364049c-804e-48c0-9d60-69c24dba2087:0.0.0.0:34514, 913f5d44-bdc5-48f3-8465-cfcce404a2ed:0.0.0.0:41104], old=null
2019-09-25 08:04:27,933 [913f5d44-bdc5-48f3-8465-cfcce404a2ed@group-313AEF6E36AD:LeaderElection39] INFO  impl.LeaderElection (LeaderElection.java:askForVotes(182)) - 913f5d44-bdc5-48f3-8465-cfcce404a2ed@group-313AEF6E36AD:LeaderElection39: begin an election at term 13 for -1: [5e405965-0d3b-4ac3-ad61-3309f1df0e1f:0.0.0.0:44865, f364049c-804e-48c0-9d60-69c24dba2087:0.0.0.0:34514, 913f5d44-bdc5-48f3-8465-cfcce404a2ed:0.0.0.0:41104], old=null
2019-09-25 08:04:27,933 [f364049c-804e-48c0-9d60-69c24dba2087@group-313AEF6E36AD:LeaderElection38] INFO  impl.LeaderElection (LeaderElection.java:askForVotes(182)) - f364049c-804e-48c0-9d60-69c24dba2087@group-313AEF6E36AD:LeaderElection38: begin an election at term 13 for -1: [5e405965-0d3b-4ac3-ad61-3309f1df0e1f:0.0.0.0:44865, f364049c-804e-48c0-9d60-69c24dba2087:0.0.0.0:34514, 913f5d44-bdc5-48f3-8465-cfcce404a2ed:0.0.0.0:41104], old=null
2019-09-25 08:04:27,943 [5e405965-0d3b-4ac3-ad61-3309f1df0e1f@group-313AEF6E36AD:LeaderElection40] INFO  impl.LeaderElection (LeaderElection.java:logAndReturn(56)) - 5e405965-0d3b-4ac3-ad61-3309f1df0e1f@group-313AEF6E36AD:LeaderElection40: Election REJECTED; received 2 response(s) [5e405965-0d3b-4ac3-ad61-3309f1df0e1f<-f364049c-804e-48c0-9d60-69c24dba2087#0:FAIL-t13, 5e405965-0d3b-4ac3-ad61-3309f1df0e1f<-913f5d44-bdc5-48f3-8465-cfcce404a2ed#0:FAIL-t13] and 0 exception(s); 5e405965-0d3b-4ac3-ad61-3309f1df0e1f@group-313AEF6E36AD:t13, leader=null, voted=5e405965-0d3b-4ac3-ad61-3309f1df0e1f, raftlog=5e405965-0d3b-4ac3-ad61-3309f1df0e1f@group-313AEF6E36AD-SegmentedRaftLog:OPENED:c-1,f-1,i0, conf=-1: [5e405965-0d3b-4ac3-ad61-3309f1df0e1f:0.0.0.0:44865, f364049c-804e-48c0-9d60-69c24dba2087:0.0.0.0:34514, 913f5d44-bdc5-48f3-8465-cfcce404a2ed:0.0.0.0:41104], old=null
2019-09-25 08:04:27,943 [f364049c-804e-48c0-9d60-69c24dba2087@group-313AEF6E36AD:LeaderElection38] INFO  impl.LeaderElection (LeaderElection.java:logAndReturn(56)) - f364049c-804e-48c0-9d60-69c24dba2087@group-313AEF6E36AD:LeaderElection38: Election REJECTED; received 2 response(s) [f364049c-804e-48c0-9d60-69c24dba2087<-5e405965-0d3b-4ac3-ad61-3309f1df0e1f#0:FAIL-t13, f364049c-804e-48c0-9d60-69c24dba2087<-913f5d44-bdc5-48f3-8465-cfcce404a2ed#0:FAIL-t13] and 0 exception(s); f364049c-804e-48c0-9d60-69c24dba2087@group-313AEF6E36AD:t13, leader=null, voted=f364049c-804e-48c0-9d60-69c24dba2087, raftlog=f364049c-804e-48c0-9d60-69c24dba2087@group-313AEF6E36AD-SegmentedRaftLog:OPENED:c-1,f-1,i0, conf=-1: [5e405965-0d3b-4ac3-ad61-3309f1df0e1f:0.0.0.0:44865, f364049c-804e-48c0-9d60-69c24dba2087:0.0.0.0:34514, 913f5d44-bdc5-48f3-8465-cfcce404a2ed:0.0.0.0:41104], old=null
2019-09-25 08:04:27,943 [5e405965-0d3b-4ac3-ad61-3309f1df0e1f@group-313AEF6E36AD:LeaderElection40] INFO  impl.RaftServerImpl (RaftServerImpl.java:setRole(174)) - 5e405965-0d3b-4ac3-ad61-3309f1df0e1f@group-313AEF6E36AD: changes role from CANDIDATE to FOLLOWER at term 13 for DISCOVERED_A_NEW_TERM
2019-09-25 08:04:27,945 [f364049c-804e-48c0-9d60-69c24dba2087@group-313AEF6E36AD:LeaderElection38] INFO  impl.RaftServerImpl (RaftServerImpl.java:setRole(174)) - f364049c-804e-48c0-9d60-69c24dba2087@group-313AEF6E36AD: changes role from CANDIDATE to FOLLOWER at term 13 for DISCOVERED_A_NEW_TERM
2019-09-25 08:04:27,946 [913f5d44-bdc5-48f3-8465-cfcce404a2ed@group-313AEF6E36AD:LeaderElection39] INFO  impl.LeaderElection (LeaderElection.java:logAndReturn(56)) - 913f5d44-bdc5-48f3-8465-cfcce404a2ed@group-313AEF6E36AD:LeaderElection39: Election REJECTED; received 2 response(s) [913f5d44-bdc5-48f3-8465-cfcce404a2ed<-5e405965-0d3b-4ac3-ad61-3309f1df0e1f#0:FAIL-t13, 913f5d44-bdc5-48f3-8465-cfcce404a2ed<-f364049c-804e-48c0-9d60-69c24dba2087#0:FAIL-t13] and 0 exception(s); 913f5d44-bdc5-48f3-8465-cfcce404a2ed@group-313AEF6E36AD:t13, leader=null, voted=913f5d44-bdc5-48f3-8465-cfcce404a2ed, raftlog=913f5d44-bdc5-48f3-8465-cfcce404a2ed@group-313AEF6E36AD-SegmentedRaftLog:OPENED:c-1,f-1,i0, conf=-1: [5e405965-0d3b-4ac3-ad61-3309f1df0e1f:0.0.0.0:44865, f364049c-804e-48c0-9d60-69c24dba2087:0.0.0.0:34514, 913f5d44-bdc5-48f3-8465-cfcce404a2ed:0.0.0.0:41104], old=null
2019-09-25 08:04:27,946 [5e405965-0d3b-4ac3-ad61-3309f1df0e1f@group-313AEF6E36AD:LeaderElection40] INFO  impl.RoleInfo (RoleInfo.java:shutdownLeaderElection(134)) - 5e405965-0d3b-4ac3-ad61-3309f1df0e1f: shutdown LeaderElection
2019-09-25 08:04:27,946 [f364049c-804e-48c0-9d60-69c24dba2087@group-313AEF6E36AD:LeaderElection38] INFO  impl.RoleInfo (RoleInfo.java:shutdownLeaderElection(134)) - f364049c-804e-48c0-9d60-69c24dba2087: shutdown LeaderElection
2019-09-25 08:04:27,947 [5e405965-0d3b-4ac3-ad61-3309f1df0e1f@group-313AEF6E36AD:LeaderElection40] INFO  impl.RoleInfo (RoleInfo.java:updateAndGet(143)) - 5e405965-0d3b-4ac3-ad61-3309f1df0e1f: start FollowerState
2019-09-25 08:04:27,946 [913f5d44-bdc5-48f3-8465-cfcce404a2ed@group-313AEF6E36AD:LeaderElection39] INFO  impl.RaftServerImpl (RaftServerImpl.java:setRole(174)) - 913f5d44-bdc5-48f3-8465-cfcce404a2ed@group-313AEF6E36AD: changes role from CANDIDATE to FOLLOWER at term 13 for DISCOVERED_A_NEW_TERM
2019-09-25 08:04:27,947 [f364049c-804e-48c0-9d60-69c24dba2087@group-313AEF6E36AD:LeaderElection38] INFO  impl.RoleInfo (RoleInfo.java:updateAndGet(143)) - f364049c-804e-48c0-9d60-69c24dba2087: start FollowerState
2019-09-25 08:04:27,948 [913f5d44-bdc5-48f3-8465-cfcce404a2ed@group-313AEF6E36AD:LeaderElection39] INFO  impl.RoleInfo (RoleInfo.java:shutdownLeaderElection(134)) - 913f5d44-bdc5-48f3-8465-cfcce404a2ed: shutdown LeaderElection
2019-09-25 08:04:27,948 [913f5d44-bdc5-48f3-8465-cfcce404a2ed@group-313AEF6E36AD:LeaderElection39] INFO  impl.RoleInfo (RoleInfo.java:updateAndGet(143)) - 913f5d44-bdc5-48f3-8465-cfcce404a2ed: start FollowerState
2019-09-25 08:04:32,969 [Thread-413] INFO  impl.FollowerState (FollowerState.java:run(106)) - f364049c-804e-48c0-9d60-69c24dba2087:group-313AEF6E36AD changes to CANDIDATE, lastRpcTime:5021, electionTimeout:5020ms
2019-09-25 08:04:32,969 [Thread-413] INFO  impl.RoleInfo (RoleInfo.java:shutdownFollowerState(121)) - f364049c-804e-48c0-9d60-69c24dba2087: shutdown FollowerState
2019-09-25 08:04:32,969 [Thread-413] INFO  impl.RaftServerImpl (RaftServerImpl.java:setRole(174)) - f364049c-804e-48c0-9d60-69c24dba2087@group-313AEF6E36AD: changes role from  FOLLOWER to CANDIDATE at term 13 for changeToCandidate
2019-09-25 08:04:32,970 [Thread-413] INFO  impl.RoleInfo (RoleInfo.java:updateAndGet(143)) - f364049c-804e-48c0-9d60-69c24dba2087: start LeaderElection
2019-09-25 08:04:33,034 [Thread-411] INFO  impl.FollowerState (FollowerState.java:run(106)) - 5e405965-0d3b-4ac3-ad61-3309f1df0e1f:group-313AEF6E36AD changes to CANDIDATE, lastRpcTime:5086, electionTimeout:5086ms
2019-09-25 08:04:33,034 [Thread-411] INFO  impl.RoleInfo (RoleInfo.java:shutdownFollowerState(121)) - 5e405965-0d3b-4ac3-ad61-3309f1df0e1f: shutdown FollowerState
2019-09-25 08:04:33,034 [Thread-411] INFO  impl.RaftServerImpl (RaftServerImpl.java:setRole(174)) - 5e405965-0d3b-4ac3-ad61-3309f1df0e1f@group-313AEF6E36AD: changes role from  FOLLOWER to CANDIDATE at term 13 for changeToCandidate
2019-09-25 08:04:33,035 [Thread-411] INFO  impl.RoleInfo (RoleInfo.java:updateAndGet(143)) - 5e405965-0d3b-4ac3-ad61-3309f1df0e1f: start LeaderElection
2019-09-25 08:04:33,086 [Thread-414] INFO  impl.FollowerState (FollowerState.java:run(106)) - 913f5d44-bdc5-48f3-8465-cfcce404a2ed:group-313AEF6E36AD changes to CANDIDATE, lastRpcTime:5137, electionTimeout:5137ms
2019-09-25 08:04:33,086 [Thread-414] INFO  impl.RoleInfo (RoleInfo.java:shutdownFollowerState(121)) - 913f5d44-bdc5-48f3-8465-cfcce404a2ed: shutdown FollowerState
2019-09-25 08:04:33,086 [Thread-414] INFO  impl.RaftServerImpl (RaftServerImpl.java:setRole(174)) - 913f5d44-bdc5-48f3-8465-cfcce404a2ed@group-313AEF6E36AD: changes role from  FOLLOWER to CANDIDATE at term 13 for changeToCandidate
2019-09-25 08:04:33,086 [Thread-414] INFO  impl.RoleInfo (RoleInfo.java:updateAndGet(143)) - 913f5d44-bdc5-48f3-8465-cfcce404a2ed: start LeaderElection
2019-09-25 08:04:34,239 [913f5d44-bdc5-48f3-8465-cfcce404a2ed@group-313AEF6E36AD:LeaderElection43] INFO  impl.LeaderElection (LeaderElection.java:askForVotes(182)) - 913f5d44-bdc5-48f3-8465-cfcce404a2ed@group-313AEF6E36AD:LeaderElection43: begin an election at term 14 for -1: [5e405965-0d3b-4ac3-ad61-3309f1df0e1f:0.0.0.0:44865, f364049c-804e-48c0-9d60-69c24dba2087:0.0.0.0:34514, 913f5d44-bdc5-48f3-8465-cfcce404a2ed:0.0.0.0:41104], old=null
2019-09-25 08:04:34,239 [f364049c-804e-48c0-9d60-69c24dba2087@group-313AEF6E36AD:LeaderElection41] INFO  impl.LeaderElection (LeaderElection.java:askForVotes(182)) - f364049c-804e-48c0-9d60-69c24dba2087@group-313AEF6E36AD:LeaderElection41: begin an election at term 14 for -1: [5e405965-0d3b-4ac3-ad61-3309f1df0e1f:0.0.0.0:44865, f364049c-804e-48c0-9d60-69c24dba2087:0.0.0.0:34514, 913f5d44-bdc5-48f3-8465-cfcce404a2ed:0.0.0.0:41104], old=null
2019-09-25 08:04:34,239 [5e405965-0d3b-4ac3-ad61-3309f1df0e1f@group-313AEF6E36AD:LeaderElection42] INFO  impl.LeaderElection (LeaderElection.java:askForVotes(182)) - 5e405965-0d3b-4ac3-ad61-3309f1df0e1f@group-313AEF6E36AD:LeaderElection42: begin an election at term 14 for -1: [5e405965-0d3b-4ac3-ad61-3309f1df0e1f:0.0.0.0:44865, f364049c-804e-48c0-9d60-69c24dba2087:0.0.0.0:34514, 913f5d44-bdc5-48f3-8465-cfcce404a2ed:0.0.0.0:41104], old=null
2019-09-25 08:04:34,245 [f364049c-804e-48c0-9d60-69c24dba2087@group-313AEF6E36AD:LeaderElection41] INFO  impl.LeaderElection (LeaderElection.java:logAndReturn(56)) - f364049c-804e-48c0-9d60-69c24dba2087@group-313AEF6E36AD:LeaderElection41: Election REJECTED; received 2 response(s) [f364049c-804e-48c0-9d60-69c24dba2087<-5e405965-0d3b-4ac3-ad61-3309f1df0e1f#0:FAIL-t14, f364049c-804e-48c0-9d60-69c24dba2087<-913f5d44-bdc5-48f3-8465-cfcce404a2ed#0:FAIL-t14] and 0 exception(s); f364049c-804e-48c0-9d60-69c24dba2087@group-313AEF6E36AD:t14, leader=null, voted=f364049c-804e-48c0-9d60-69c24dba2087, raftlog=f364049c-804e-48c0-9d60-69c24dba2087@group-313AEF6E36AD-SegmentedRaftLog:OPENED:c-1,f-1,i0, conf=-1: [5e405965-0d3b-4ac3-ad61-3309f1df0e1f:0.0.0.0:44865, f364049c-804e-48c0-9d60-69c24dba2087:0.0.0.0:34514, 913f5d44-bdc5-48f3-8465-cfcce404a2ed:0.0.0.0:41104], old=null
2019-09-25 08:04:34,245 [5e405965-0d3b-4ac3-ad61-3309f1df0e1f@group-313AEF6E36AD:LeaderElection42] INFO  impl.LeaderElection (LeaderElection.java:logAndReturn(56)) - 5e405965-0d3b-4ac3-ad61-3309f1df0e1f@group-313AEF6E36AD:LeaderElection42: Election REJECTED; received 2 response(s) [5e405965-0d3b-4ac3-ad61-3309f1df0e1f<-f364049c-804e-48c0-9d60-69c24dba2087#0:FAIL-t14, 5e405965-0d3b-4ac3-ad61-3309f1df0e1f<-913f5d44-bdc5-48f3-8465-cfcce404a2ed#0:FAIL-t14] and 0 exception(s); 5e405965-0d3b-4ac3-ad61-3309f1df0e1f@group-313AEF6E36AD:t14, leader=null, voted=5e405965-0d3b-4ac3-ad61-3309f1df0e1f, raftlog=5e405965-0d3b-4ac3-ad61-3309f1df0e1f@group-313AEF6E36AD-SegmentedRaftLog:OPENED:c-1,f-1,i0, conf=-1: [5e405965-0d3b-4ac3-ad61-3309f1df0e1f:0.0.0.0:44865, f364049c-804e-48c0-9d60-69c24dba2087:0.0.0.0:34514, 913f5d44-bdc5-48f3-8465-cfcce404a2ed:0.0.0.0:41104], old=null
2019-09-25 08:04:34,246 [f364049c-804e-48c0-9d60-69c24dba2087@group-313AEF6E36AD:LeaderElection41] INFO  impl.RaftServerImpl (RaftServerImpl.java:setRole(174)) - f364049c-804e-48c0-9d60-69c24dba2087@group-313AEF6E36AD: changes role from CANDIDATE to FOLLOWER at term 14 for DISCOVERED_A_NEW_TERM
2019-09-25 08:04:34,247 [5e405965-0d3b-4ac3-ad61-3309f1df0e1f@group-313AEF6E36AD:LeaderElection42] INFO  impl.RaftServerImpl (RaftServerImpl.java:setRole(174)) - 5e405965-0d3b-4ac3-ad61-3309f1df0e1f@group-313AEF6E36AD: changes role from CANDIDATE to FOLLOWER at term 14 for DISCOVERED_A_NEW_TERM
2019-09-25 08:04:34,247 [913f5d44-bdc5-48f3-8465-cfcce404a2ed@group-313AEF6E36AD:LeaderElection43] INFO  impl.LeaderElection (LeaderElection.java:logAndReturn(56)) - 913f5d44-bdc5-48f3-8465-cfcce404a2ed@group-313AEF6E36AD:LeaderElection43: Election REJECTED; received 2 response(s) [913f5d44-bdc5-48f3-8465-cfcce404a2ed<-5e405965-0d3b-4ac3-ad61-3309f1df0e1f#0:FAIL-t14, 913f5d44-bdc5-48f3-8465-cfcce404a2ed<-f364049c-804e-48c0-9d60-69c24dba2087#0:FAIL-t14] and 0 exception(s); 913f5d44-bdc5-48f3-8465-cfcce404a2ed@group-313AEF6E36AD:t14, leader=null, voted=913f5d44-bdc5-48f3-8465-cfcce404a2ed, raftlog=913f5d44-bdc5-48f3-8465-cfcce404a2ed@group-313AEF6E36AD-SegmentedRaftLog:OPENED:c-1,f-1,i0, conf=-1: [5e405965-0d3b-4ac3-ad61-3309f1df0e1f:0.0.0.0:44865, f364049c-804e-48c0-9d60-69c24dba2087:0.0.0.0:34514, 913f5d44-bdc5-48f3-8465-cfcce404a2ed:0.0.0.0:41104], old=null
2019-09-25 08:04:34,248 [5e405965-0d3b-4ac3-ad61-3309f1df0e1f@group-313AEF6E36AD:LeaderElection42] INFO  impl.RoleInfo (RoleInfo.java:shutdownLeaderElection(134)) - 5e405965-0d3b-4ac3-ad61-3309f1df0e1f: shutdown LeaderElection
2019-09-25 08:04:34,248 [f364049c-804e-48c0-9d60-69c24dba2087@group-313AEF6E36AD:LeaderElection41] INFO  impl.RoleInfo (RoleInfo.java:shutdownLeaderElection(134)) - f364049c-804e-48c0-9d60-69c24dba2087: shutdown LeaderElection
2019-09-25 08:04:34,249 [5e405965-0d3b-4ac3-ad61-3309f1df0e1f@group-313AEF6E36AD:LeaderElection42] INFO  impl.RoleInfo (RoleInfo.java:updateAndGet(143)) - 5e405965-0d3b-4ac3-ad61-3309f1df0e1f: start FollowerState
2019-09-25 08:04:34,248 [913f5d44-bdc5-48f3-8465-cfcce404a2ed@group-313AEF6E36AD:LeaderElection43] INFO  impl.RaftServerImpl (RaftServerImpl.java:setRole(174)) - 913f5d44-bdc5-48f3-8465-cfcce404a2ed@group-313AEF6E36AD: changes role from CANDIDATE to FOLLOWER at term 14 for DISCOVERED_A_NEW_TERM
2019-09-25 08:04:34,250 [f364049c-804e-48c0-9d60-69c24dba2087@group-313AEF6E36AD:LeaderElection41] INFO  impl.RoleInfo (RoleInfo.java:updateAndGet(143)) - f364049c-804e-48c0-9d60-69c24dba2087: start FollowerState
2019-09-25 08:04:34,250 [913f5d44-bdc5-48f3-8465-cfcce404a2ed@group-313AEF6E36AD:LeaderElection43] INFO  impl.RoleInfo (RoleInfo.java:shutdownLeaderElection(134)) - 913f5d44-bdc5-48f3-8465-cfcce404a2ed: shutdown LeaderElection
2019-09-25 08:04:34,250 [913f5d44-bdc5-48f3-8465-cfcce404a2ed@group-313AEF6E36AD:LeaderElection43] INFO  impl.RoleInfo (RoleInfo.java:updateAndGet(143)) - 913f5d44-bdc5-48f3-8465-cfcce404a2ed: start FollowerState
2019-09-25 08:04:39,305 [Thread-436] INFO  impl.FollowerState (FollowerState.java:run(106)) - 5e405965-0d3b-4ac3-ad61-3309f1df0e1f:group-313AEF6E36AD changes to CANDIDATE, lastRpcTime:5055, electionTimeout:5055ms
2019-09-25 08:04:39,306 [Thread-436] INFO  impl.RoleInfo (RoleInfo.java:shutdownFollowerState(121)) - 5e405965-0d3b-4ac3-ad61-3309f1df0e1f: shutdown FollowerState
2019-09-25 08:04:39,306 [Thread-436] INFO  impl.RaftServerImpl (RaftServerImpl.java:setRole(174)) - 5e405965-0d3b-4ac3-ad61-3309f1df0e1f@group-313AEF6E36AD: changes role from  FOLLOWER to CANDIDATE at term 14 for changeToCandidate
2019-09-25 08:04:39,324 [Thread-436] WARN  impl.FollowerState (FollowerState.java:run(119)) - 5e405965-0d3b-4ac3-ad61-3309f1df0e1f: FollowerState caught an exception
java.lang.NullPointerException
	at org.apache.hadoop.ozone.container.common.transport.server.ratis.XceiverServerRatis.triggerPipelineClose(XceiverServerRatis.java:570)
	at org.apache.hadoop.ozone.container.common.transport.server.ratis.XceiverServerRatis.handlePipelineFailure(XceiverServerRatis.java:553)
	at org.apache.hadoop.ozone.container.common.transport.server.ratis.XceiverServerRatis.handleNoLeader(XceiverServerRatis.java:618)
	at org.apache.hadoop.ozone.container.common.transport.server.ratis.ContainerStateMachine.notifyExtendedNoLeader(ContainerStateMachine.java:801)
	at org.apache.ratis.server.impl.RaftServerImpl.changeToCandidate(RaftServerImpl.java:414)
	at org.apache.ratis.server.impl.FollowerState.run(FollowerState.java:110)
2019-09-25 08:04:39,397 [Thread-437] INFO  impl.FollowerState (FollowerState.java:run(106)) - f364049c-804e-48c0-9d60-69c24dba2087:group-313AEF6E36AD changes to CANDIDATE, lastRpcTime:5146, electionTimeout:5146ms
2019-09-25 08:04:39,397 [Thread-437] INFO  impl.RoleInfo (RoleInfo.java:shutdownFollowerState(121)) - f364049c-804e-48c0-9d60-69c24dba2087: shutdown FollowerState
2019-09-25 08:04:39,397 [Thread-437] INFO  impl.RaftServerImpl (RaftServerImpl.java:setRole(174)) - f364049c-804e-48c0-9d60-69c24dba2087@group-313AEF6E36AD: changes role from  FOLLOWER to CANDIDATE at term 14 for changeToCandidate
2019-09-25 08:04:39,397 [Thread-437] WARN  impl.FollowerState (FollowerState.java:run(119)) - f364049c-804e-48c0-9d60-69c24dba2087: FollowerState caught an exception
java.lang.NullPointerException
	at org.apache.hadoop.ozone.container.common.transport.server.ratis.XceiverServerRatis.triggerPipelineClose(XceiverServerRatis.java:570)
	at org.apache.hadoop.ozone.container.common.transport.server.ratis.XceiverServerRatis.handlePipelineFailure(XceiverServerRatis.java:553)
	at org.apache.hadoop.ozone.container.common.transport.server.ratis.XceiverServerRatis.handleNoLeader(XceiverServerRatis.java:618)
	at org.apache.hadoop.ozone.container.common.transport.server.ratis.ContainerStateMachine.notifyExtendedNoLeader(ContainerStateMachine.java:801)
	at org.apache.ratis.server.impl.RaftServerImpl.changeToCandidate(RaftServerImpl.java:414)
	at org.apache.ratis.server.impl.FollowerState.run(FollowerState.java:110)
2019-09-25 08:04:39,423 [Thread-438] INFO  impl.FollowerState (FollowerState.java:run(106)) - 913f5d44-bdc5-48f3-8465-cfcce404a2ed:group-313AEF6E36AD changes to CANDIDATE, lastRpcTime:5172, electionTimeout:5172ms
2019-09-25 08:04:39,423 [Thread-438] INFO  impl.RoleInfo (RoleInfo.java:shutdownFollowerState(121)) - 913f5d44-bdc5-48f3-8465-cfcce404a2ed: shutdown FollowerState
2019-09-25 08:04:39,423 [Thread-438] INFO  impl.RaftServerImpl (RaftServerImpl.java:setRole(174)) - 913f5d44-bdc5-48f3-8465-cfcce404a2ed@group-313AEF6E36AD: changes role from  FOLLOWER to CANDIDATE at term 14 for changeToCandidate
2019-09-25 08:04:39,424 [Thread-438] WARN  impl.FollowerState (FollowerState.java:run(119)) - 913f5d44-bdc5-48f3-8465-cfcce404a2ed: FollowerState caught an exception
java.lang.NullPointerException
	at org.apache.hadoop.ozone.container.common.transport.server.ratis.XceiverServerRatis.triggerPipelineClose(XceiverServerRatis.java:570)
	at org.apache.hadoop.ozone.container.common.transport.server.ratis.XceiverServerRatis.handlePipelineFailure(XceiverServerRatis.java:553)
	at org.apache.hadoop.ozone.container.common.transport.server.ratis.XceiverServerRatis.handleNoLeader(XceiverServerRatis.java:618)
	at org.apache.hadoop.ozone.container.common.transport.server.ratis.ContainerStateMachine.notifyExtendedNoLeader(ContainerStateMachine.java:801)
	at org.apache.ratis.server.impl.RaftServerImpl.changeToCandidate(RaftServerImpl.java:414)
	at org.apache.ratis.server.impl.FollowerState.run(FollowerState.java:110)
2019-09-25 08:05:34,472 [main] INFO  impl.RaftServerProxy (RaftServerProxy.java:lambda$close$4(314)) - f364049c-804e-48c0-9d60-69c24dba2087: close
2019-09-25 08:05:34,473 [main] INFO  impl.RaftServerImpl (RaftServerImpl.java:lambda$shutdown$3(251)) - f364049c-804e-48c0-9d60-69c24dba2087@group-313AEF6E36AD: shutdown
2019-09-25 08:05:34,474 [main] INFO  util.JmxRegister (JmxRegister.java:unregister(73)) - Successfully un-registered JMX Bean with object name Ratis:service=RaftServer,group=group-313AEF6E36AD,id=f364049c-804e-48c0-9d60-69c24dba2087
2019-09-25 08:05:34,474 [main] INFO  impl.StateMachineUpdater (StateMachineUpdater.java:stopAndJoin(125)) - f364049c-804e-48c0-9d60-69c24dba2087@group-313AEF6E36AD-StateMachineUpdater: set stopIndex = -1
2019-09-25 08:05:34,475 [main] INFO  impl.RaftServerImpl (ServerState.java:close(385)) - f364049c-804e-48c0-9d60-69c24dba2087@group-313AEF6E36AD: closes. applyIndex: -1
2019-09-25 08:05:34,476 [f364049c-804e-48c0-9d60-69c24dba2087@group-313AEF6E36AD-SegmentedRaftLogWorker] INFO  segmented.SegmentedRaftLogWorker (SegmentedRaftLogWorker.java:run(313)) - f364049c-804e-48c0-9d60-69c24dba2087@group-313AEF6E36AD-SegmentedRaftLogWorker was interrupted, exiting. There are 0 tasks remaining in the queue.
2019-09-25 08:05:34,476 [main] INFO  segmented.SegmentedRaftLogWorker (SegmentedRaftLogWorker.java:close(228)) - f364049c-804e-48c0-9d60-69c24dba2087@group-313AEF6E36AD-SegmentedRaftLogWorker close()
2019-09-25 08:05:34,478 [main] INFO  server.GrpcService (GrpcService.java:closeImpl(164)) - f364049c-804e-48c0-9d60-69c24dba2087: shutdown server with port 34514 now
2019-09-25 08:05:34,479 [main] INFO  server.GrpcService (GrpcService.java:closeImpl(172)) - f364049c-804e-48c0-9d60-69c24dba2087: shutdown server with port 34514 successfully
2019-09-25 08:05:34,488 [main] INFO  impl.RaftServerProxy (RaftServerProxy.java:lambda$close$4(314)) - 5e405965-0d3b-4ac3-ad61-3309f1df0e1f: close
2019-09-25 08:05:34,489 [main] INFO  impl.RaftServerImpl (RaftServerImpl.java:lambda$shutdown$3(251)) - 5e405965-0d3b-4ac3-ad61-3309f1df0e1f@group-313AEF6E36AD: shutdown
2019-09-25 08:05:34,489 [main] INFO  util.JmxRegister (JmxRegister.java:unregister(73)) - Successfully un-registered JMX Bean with object name Ratis:service=RaftServer,group=group-313AEF6E36AD,id=5e405965-0d3b-4ac3-ad61-3309f1df0e1f
2019-09-25 08:05:34,489 [main] INFO  impl.StateMachineUpdater (StateMachineUpdater.java:stopAndJoin(125)) - 5e405965-0d3b-4ac3-ad61-3309f1df0e1f@group-313AEF6E36AD-StateMachineUpdater: set stopIndex = -1
2019-09-25 08:05:34,490 [main] INFO  impl.RaftServerImpl (ServerState.java:close(385)) - 5e405965-0d3b-4ac3-ad61-3309f1df0e1f@group-313AEF6E36AD: closes. applyIndex: -1
2019-09-25 08:05:34,490 [5e405965-0d3b-4ac3-ad61-3309f1df0e1f@group-313AEF6E36AD-SegmentedRaftLogWorker] INFO  segmented.SegmentedRaftLogWorker (SegmentedRaftLogWorker.java:run(313)) - 5e405965-0d3b-4ac3-ad61-3309f1df0e1f@group-313AEF6E36AD-SegmentedRaftLogWorker was interrupted, exiting. There are 0 tasks remaining in the queue.
2019-09-25 08:05:34,490 [main] INFO  segmented.SegmentedRaftLogWorker (SegmentedRaftLogWorker.java:close(228)) - 5e405965-0d3b-4ac3-ad61-3309f1df0e1f@group-313AEF6E36AD-SegmentedRaftLogWorker close()
2019-09-25 08:05:34,492 [main] INFO  server.GrpcService (GrpcService.java:closeImpl(164)) - 5e405965-0d3b-4ac3-ad61-3309f1df0e1f: shutdown server with port 44865 now
2019-09-25 08:05:34,492 [main] INFO  server.GrpcService (GrpcService.java:closeImpl(172)) - 5e405965-0d3b-4ac3-ad61-3309f1df0e1f: shutdown server with port 44865 successfully
2019-09-25 08:05:34,499 [main] INFO  impl.RaftServerProxy (RaftServerProxy.java:lambda$close$4(314)) - 913f5d44-bdc5-48f3-8465-cfcce404a2ed: close
2019-09-25 08:05:34,500 [main] INFO  impl.RaftServerImpl (RaftServerImpl.java:lambda$shutdown$3(251)) - 913f5d44-bdc5-48f3-8465-cfcce404a2ed@group-313AEF6E36AD: shutdown
2019-09-25 08:05:34,500 [main] INFO  util.JmxRegister (JmxRegister.java:unregister(73)) - Successfully un-registered JMX Bean with object name Ratis:service=RaftServer,group=group-313AEF6E36AD,id=913f5d44-bdc5-48f3-8465-cfcce404a2ed
2019-09-25 08:05:34,502 [main] INFO  impl.StateMachineUpdater (StateMachineUpdater.java:stopAndJoin(125)) - 913f5d44-bdc5-48f3-8465-cfcce404a2ed@group-313AEF6E36AD-StateMachineUpdater: set stopIndex = -1
2019-09-25 08:05:34,503 [main] INFO  impl.RaftServerImpl (ServerState.java:close(385)) - 913f5d44-bdc5-48f3-8465-cfcce404a2ed@group-313AEF6E36AD: closes. applyIndex: -1
2019-09-25 08:05:34,503 [913f5d44-bdc5-48f3-8465-cfcce404a2ed@group-313AEF6E36AD-SegmentedRaftLogWorker] INFO  segmented.SegmentedRaftLogWorker (SegmentedRaftLogWorker.java:run(313)) - 913f5d44-bdc5-48f3-8465-cfcce404a2ed@group-313AEF6E36AD-SegmentedRaftLogWorker was interrupted, exiting. There are 0 tasks remaining in the queue.
2019-09-25 08:05:34,503 [main] INFO  segmented.SegmentedRaftLogWorker (SegmentedRaftLogWorker.java:close(228)) - 913f5d44-bdc5-48f3-8465-cfcce404a2ed@group-313AEF6E36AD-SegmentedRaftLogWorker close()
2019-09-25 08:05:34,504 [main] INFO  server.GrpcService (GrpcService.java:closeImpl(164)) - 913f5d44-bdc5-48f3-8465-cfcce404a2ed: shutdown server with port 41104 now
2019-09-25 08:05:34,504 [main] INFO  server.GrpcService (GrpcService.java:closeImpl(172)) - 913f5d44-bdc5-48f3-8465-cfcce404a2ed: shutdown server with port 41104 successfully
]]></system-out>
    <system-err><![CDATA[Sep 25, 2019 8:02:26 AM org.apache.ratis.thirdparty.io.grpc.internal.ManagedChannelOrphanWrapper$ManagedChannelReference cleanQueue
SEVERE: *~*~*~ Channel ManagedChannelImpl{logId=9, target=0.0.0.0:44533} was not shutdown properly!!! ~*~*~*
    Make sure to call shutdown()/shutdownNow() and wait until awaitTermination() returns true.
java.lang.RuntimeException: ManagedChannel allocation site
	at org.apache.ratis.thirdparty.io.grpc.internal.ManagedChannelOrphanWrapper$ManagedChannelReference.<init>(ManagedChannelOrphanWrapper.java:103)
	at org.apache.ratis.thirdparty.io.grpc.internal.ManagedChannelOrphanWrapper.<init>(ManagedChannelOrphanWrapper.java:53)
	at org.apache.ratis.thirdparty.io.grpc.internal.ManagedChannelOrphanWrapper.<init>(ManagedChannelOrphanWrapper.java:44)
	at org.apache.ratis.thirdparty.io.grpc.internal.AbstractManagedChannelImplBuilder.build(AbstractManagedChannelImplBuilder.java:411)
	at org.apache.hadoop.hdds.scm.XceiverClientGrpc.connectToDatanode(XceiverClientGrpc.java:181)
	at org.apache.hadoop.hdds.scm.XceiverClientGrpc.connect(XceiverClientGrpc.java:146)
	at org.apache.hadoop.ozone.container.server.TestSecureContainerServer.runTestClientServer(TestSecureContainerServer.java:234)
	at org.apache.hadoop.ozone.container.server.TestSecureContainerServer.testClientServer(TestSecureContainerServer.java:116)
	at sun.reflect.NativeMethodAccessorImpl.invoke0(Native Method)
	at sun.reflect.NativeMethodAccessorImpl.invoke(NativeMethodAccessorImpl.java:62)
	at sun.reflect.DelegatingMethodAccessorImpl.invoke(DelegatingMethodAccessorImpl.java:43)
	at java.lang.reflect.Method.invoke(Method.java:498)
	at org.junit.runners.model.FrameworkMethod$1.runReflectiveCall(FrameworkMethod.java:47)
	at org.junit.internal.runners.model.ReflectiveCallable.run(ReflectiveCallable.java:12)
	at org.junit.runners.model.FrameworkMethod.invokeExplosively(FrameworkMethod.java:44)
	at org.junit.internal.runners.statements.InvokeMethod.evaluate(InvokeMethod.java:17)
	at org.junit.runners.ParentRunner.runLeaf(ParentRunner.java:271)
	at org.junit.runners.BlockJUnit4ClassRunner.runChild(BlockJUnit4ClassRunner.java:70)
	at org.junit.runners.BlockJUnit4ClassRunner.runChild(BlockJUnit4ClassRunner.java:50)
	at org.junit.runners.ParentRunner$3.run(ParentRunner.java:238)
	at org.junit.runners.ParentRunner$1.schedule(ParentRunner.java:63)
	at org.junit.runners.ParentRunner.runChildren(ParentRunner.java:236)
	at org.junit.runners.ParentRunner.access$000(ParentRunner.java:53)
	at org.junit.runners.ParentRunner$2.evaluate(ParentRunner.java:229)
	at org.junit.internal.runners.statements.RunBefores.evaluate(RunBefores.java:26)
	at org.junit.runners.ParentRunner.run(ParentRunner.java:309)
	at org.apache.maven.surefire.junit4.JUnit4Provider.execute(JUnit4Provider.java:365)
	at org.apache.maven.surefire.junit4.JUnit4Provider.executeWithRerun(JUnit4Provider.java:273)
	at org.apache.maven.surefire.junit4.JUnit4Provider.executeTestSet(JUnit4Provider.java:238)
	at org.apache.maven.surefire.junit4.JUnit4Provider.invoke(JUnit4Provider.java:159)
	at org.apache.maven.surefire.booter.ForkedBooter.invokeProviderInSameClassLoader(ForkedBooter.java:384)
	at org.apache.maven.surefire.booter.ForkedBooter.runSuitesInProcess(ForkedBooter.java:345)
	at org.apache.maven.surefire.booter.ForkedBooter.execute(ForkedBooter.java:126)
	at org.apache.maven.surefire.booter.ForkedBooter.main(ForkedBooter.java:418)

Sep 25, 2019 8:03:34 AM org.apache.ratis.thirdparty.io.grpc.internal.ManagedChannelOrphanWrapper$ManagedChannelReference cleanQueue
SEVERE: *~*~*~ Channel ManagedChannelImpl{logId=58, target=0.0.0.0:44865} was not shutdown properly!!! ~*~*~*
    Make sure to call shutdown()/shutdownNow() and wait until awaitTermination() returns true.
java.lang.RuntimeException: ManagedChannel allocation site
	at org.apache.ratis.thirdparty.io.grpc.internal.ManagedChannelOrphanWrapper$ManagedChannelReference.<init>(ManagedChannelOrphanWrapper.java:103)
	at org.apache.ratis.thirdparty.io.grpc.internal.ManagedChannelOrphanWrapper.<init>(ManagedChannelOrphanWrapper.java:53)
	at org.apache.ratis.thirdparty.io.grpc.internal.ManagedChannelOrphanWrapper.<init>(ManagedChannelOrphanWrapper.java:44)
	at org.apache.ratis.thirdparty.io.grpc.internal.AbstractManagedChannelImplBuilder.build(AbstractManagedChannelImplBuilder.java:411)
	at org.apache.ratis.grpc.client.GrpcClientProtocolClient.<init>(GrpcClientProtocolClient.java:127)
	at org.apache.ratis.grpc.client.GrpcClientRpc.lambda$new$0(GrpcClientRpc.java:55)
	at org.apache.ratis.util.PeerProxyMap$PeerAndProxy.lambda$getProxy$0(PeerProxyMap.java:61)
	at org.apache.ratis.util.LifeCycle.startAndTransition(LifeCycle.java:202)
	at org.apache.ratis.util.PeerProxyMap$PeerAndProxy.getProxy(PeerProxyMap.java:60)
	at org.apache.ratis.util.PeerProxyMap.getProxy(PeerProxyMap.java:108)
	at org.apache.ratis.grpc.client.GrpcClientRpc.sendRequest(GrpcClientRpc.java:91)
	at org.apache.ratis.client.impl.RaftClientImpl.sendRequest(RaftClientImpl.java:278)
	at org.apache.ratis.client.impl.RaftClientImpl.groupAdd(RaftClientImpl.java:205)
	at org.apache.hadoop.ozone.RatisTestHelper.initXceiverServerRatis(RatisTestHelper.java:133)
	at org.apache.hadoop.ozone.container.server.TestSecureContainerServer.lambda$runTestClientServerRatis$4(TestSecureContainerServer.java:164)
	at org.apache.hadoop.ozone.container.server.TestSecureContainerServer.runTestClientServer(TestSecureContainerServer.java:189)
	at org.apache.hadoop.ozone.container.server.TestSecureContainerServer.runTestClientServerRatis(TestSecureContainerServer.java:160)
	at org.apache.hadoop.ozone.container.server.TestSecureContainerServer.testClientServerRatisGrpc(TestSecureContainerServer.java:135)
	at sun.reflect.NativeMethodAccessorImpl.invoke0(Native Method)
	at sun.reflect.NativeMethodAccessorImpl.invoke(NativeMethodAccessorImpl.java:62)
	at sun.reflect.DelegatingMethodAccessorImpl.invoke(DelegatingMethodAccessorImpl.java:43)
	at java.lang.reflect.Method.invoke(Method.java:498)
	at org.junit.runners.model.FrameworkMethod$1.runReflectiveCall(FrameworkMethod.java:47)
	at org.junit.internal.runners.model.ReflectiveCallable.run(ReflectiveCallable.java:12)
	at org.junit.runners.model.FrameworkMethod.invokeExplosively(FrameworkMethod.java:44)
	at org.junit.internal.runners.statements.InvokeMethod.evaluate(InvokeMethod.java:17)
	at org.junit.runners.ParentRunner.runLeaf(ParentRunner.java:271)
	at org.junit.runners.BlockJUnit4ClassRunner.runChild(BlockJUnit4ClassRunner.java:70)
	at org.junit.runners.BlockJUnit4ClassRunner.runChild(BlockJUnit4ClassRunner.java:50)
	at org.junit.runners.ParentRunner$3.run(ParentRunner.java:238)
	at org.junit.runners.ParentRunner$1.schedule(ParentRunner.java:63)
	at org.junit.runners.ParentRunner.runChildren(ParentRunner.java:236)
	at org.junit.runners.ParentRunner.access$000(ParentRunner.java:53)
	at org.junit.runners.ParentRunner$2.evaluate(ParentRunner.java:229)
	at org.junit.internal.runners.statements.RunBefores.evaluate(RunBefores.java:26)
	at org.junit.runners.ParentRunner.run(ParentRunner.java:309)
	at org.apache.maven.surefire.junit4.JUnit4Provider.execute(JUnit4Provider.java:365)
	at org.apache.maven.surefire.junit4.JUnit4Provider.executeWithRerun(JUnit4Provider.java:273)
	at org.apache.maven.surefire.junit4.JUnit4Provider.executeTestSet(JUnit4Provider.java:238)
	at org.apache.maven.surefire.junit4.JUnit4Provider.invoke(JUnit4Provider.java:159)
	at org.apache.maven.surefire.booter.ForkedBooter.invokeProviderInSameClassLoader(ForkedBooter.java:384)
	at org.apache.maven.surefire.booter.ForkedBooter.runSuitesInProcess(ForkedBooter.java:345)
	at org.apache.maven.surefire.booter.ForkedBooter.execute(ForkedBooter.java:126)
	at org.apache.maven.surefire.booter.ForkedBooter.main(ForkedBooter.java:418)

Sep 25, 2019 8:03:34 AM org.apache.ratis.thirdparty.io.grpc.internal.ManagedChannelOrphanWrapper$ManagedChannelReference cleanQueue
SEVERE: *~*~*~ Channel ManagedChannelImpl{logId=42, target=0.0.0.0:43532} was not shutdown properly!!! ~*~*~*
    Make sure to call shutdown()/shutdownNow() and wait until awaitTermination() returns true.
java.lang.RuntimeException: ManagedChannel allocation site
	at org.apache.ratis.thirdparty.io.grpc.internal.ManagedChannelOrphanWrapper$ManagedChannelReference.<init>(ManagedChannelOrphanWrapper.java:103)
	at org.apache.ratis.thirdparty.io.grpc.internal.ManagedChannelOrphanWrapper.<init>(ManagedChannelOrphanWrapper.java:53)
	at org.apache.ratis.thirdparty.io.grpc.internal.ManagedChannelOrphanWrapper.<init>(ManagedChannelOrphanWrapper.java:44)
	at org.apache.ratis.thirdparty.io.grpc.internal.AbstractManagedChannelImplBuilder.build(AbstractManagedChannelImplBuilder.java:411)
	at org.apache.ratis.grpc.client.GrpcClientProtocolClient.<init>(GrpcClientProtocolClient.java:127)
	at org.apache.ratis.grpc.client.GrpcClientRpc.lambda$new$0(GrpcClientRpc.java:55)
	at org.apache.ratis.util.PeerProxyMap$PeerAndProxy.lambda$getProxy$0(PeerProxyMap.java:61)
	at org.apache.ratis.util.LifeCycle.startAndTransition(LifeCycle.java:202)
	at org.apache.ratis.util.PeerProxyMap$PeerAndProxy.getProxy(PeerProxyMap.java:60)
	at org.apache.ratis.util.PeerProxyMap.getProxy(PeerProxyMap.java:108)
	at org.apache.ratis.grpc.client.GrpcClientRpc.sendRequestAsync(GrpcClientRpc.java:66)
	at org.apache.ratis.client.impl.OrderedAsync.sendRequest(OrderedAsync.java:208)
	at org.apache.ratis.client.impl.OrderedAsync.sendRequestWithRetry(OrderedAsync.java:169)
	at org.apache.ratis.util.SlidingWindow$Client.sendOrDelayRequest(SlidingWindow.java:278)
	at org.apache.ratis.util.SlidingWindow$Client.submitNewRequest(SlidingWindow.java:257)
	at org.apache.ratis.client.impl.OrderedAsync.send(OrderedAsync.java:155)
	at org.apache.ratis.client.impl.RaftClientImpl.sendAsync(RaftClientImpl.java:144)
	at org.apache.ratis.client.impl.RaftClientImpl.sendAsync(RaftClientImpl.java:124)
	at org.apache.hadoop.hdds.scm.XceiverClientRatis.sendRequestAsync(XceiverClientRatis.java:234)
	at org.apache.hadoop.hdds.scm.XceiverClientRatis.sendCommandAsync(XceiverClientRatis.java:332)
	at org.apache.hadoop.hdds.scm.XceiverClientSpi.sendCommand(XceiverClientSpi.java:109)
	at org.apache.hadoop.ozone.container.server.TestSecureContainerServer.runTestClientServer(TestSecureContainerServer.java:241)
	at org.apache.hadoop.ozone.container.server.TestSecureContainerServer.runTestClientServerRatis(TestSecureContainerServer.java:160)
	at org.apache.hadoop.ozone.container.server.TestSecureContainerServer.testClientServerRatisGrpc(TestSecureContainerServer.java:134)
	at sun.reflect.NativeMethodAccessorImpl.invoke0(Native Method)
	at sun.reflect.NativeMethodAccessorImpl.invoke(NativeMethodAccessorImpl.java:62)
	at sun.reflect.DelegatingMethodAccessorImpl.invoke(DelegatingMethodAccessorImpl.java:43)
	at java.lang.reflect.Method.invoke(Method.java:498)
	at org.junit.runners.model.FrameworkMethod$1.runReflectiveCall(FrameworkMethod.java:47)
	at org.junit.internal.runners.model.ReflectiveCallable.run(ReflectiveCallable.java:12)
	at org.junit.runners.model.FrameworkMethod.invokeExplosively(FrameworkMethod.java:44)
	at org.junit.internal.runners.statements.InvokeMethod.evaluate(InvokeMethod.java:17)
	at org.junit.runners.ParentRunner.runLeaf(ParentRunner.java:271)
	at org.junit.runners.BlockJUnit4ClassRunner.runChild(BlockJUnit4ClassRunner.java:70)
	at org.junit.runners.BlockJUnit4ClassRunner.runChild(BlockJUnit4ClassRunner.java:50)
	at org.junit.runners.ParentRunner$3.run(ParentRunner.java:238)
	at org.junit.runners.ParentRunner$1.schedule(ParentRunner.java:63)
	at org.junit.runners.ParentRunner.runChildren(ParentRunner.java:236)
	at org.junit.runners.ParentRunner.access$000(ParentRunner.java:53)
	at org.junit.runners.ParentRunner$2.evaluate(ParentRunner.java:229)
	at org.junit.internal.runners.statements.RunBefores.evaluate(RunBefores.java:26)
	at org.junit.runners.ParentRunner.run(ParentRunner.java:309)
	at org.apache.maven.surefire.junit4.JUnit4Provider.execute(JUnit4Provider.java:365)
	at org.apache.maven.surefire.junit4.JUnit4Provider.executeWithRerun(JUnit4Provider.java:273)
	at org.apache.maven.surefire.junit4.JUnit4Provider.executeTestSet(JUnit4Provider.java:238)
	at org.apache.maven.surefire.junit4.JUnit4Provider.invoke(JUnit4Provider.java:159)
	at org.apache.maven.surefire.booter.ForkedBooter.invokeProviderInSameClassLoader(ForkedBooter.java:384)
	at org.apache.maven.surefire.booter.ForkedBooter.runSuitesInProcess(ForkedBooter.java:345)
	at org.apache.maven.surefire.booter.ForkedBooter.execute(ForkedBooter.java:126)
	at org.apache.maven.surefire.booter.ForkedBooter.main(ForkedBooter.java:418)

Sep 25, 2019 8:03:34 AM org.apache.ratis.thirdparty.io.grpc.internal.ManagedChannelOrphanWrapper$ManagedChannelReference cleanQueue
SEVERE: *~*~*~ Channel ManagedChannelImpl{logId=50, target=0.0.0.0:34514} was not shutdown properly!!! ~*~*~*
    Make sure to call shutdown()/shutdownNow() and wait until awaitTermination() returns true.
java.lang.RuntimeException: ManagedChannel allocation site
	at org.apache.ratis.thirdparty.io.grpc.internal.ManagedChannelOrphanWrapper$ManagedChannelReference.<init>(ManagedChannelOrphanWrapper.java:103)
	at org.apache.ratis.thirdparty.io.grpc.internal.ManagedChannelOrphanWrapper.<init>(ManagedChannelOrphanWrapper.java:53)
	at org.apache.ratis.thirdparty.io.grpc.internal.ManagedChannelOrphanWrapper.<init>(ManagedChannelOrphanWrapper.java:44)
	at org.apache.ratis.thirdparty.io.grpc.internal.AbstractManagedChannelImplBuilder.build(AbstractManagedChannelImplBuilder.java:411)
	at org.apache.ratis.grpc.client.GrpcClientProtocolClient.<init>(GrpcClientProtocolClient.java:127)
	at org.apache.ratis.grpc.client.GrpcClientRpc.lambda$new$0(GrpcClientRpc.java:55)
	at org.apache.ratis.util.PeerProxyMap$PeerAndProxy.lambda$getProxy$0(PeerProxyMap.java:61)
	at org.apache.ratis.util.LifeCycle.startAndTransition(LifeCycle.java:202)
	at org.apache.ratis.util.PeerProxyMap$PeerAndProxy.getProxy(PeerProxyMap.java:60)
	at org.apache.ratis.util.PeerProxyMap.getProxy(PeerProxyMap.java:108)
	at org.apache.ratis.grpc.client.GrpcClientRpc.sendRequest(GrpcClientRpc.java:91)
	at org.apache.ratis.client.impl.RaftClientImpl.sendRequest(RaftClientImpl.java:278)
	at org.apache.ratis.client.impl.RaftClientImpl.groupAdd(RaftClientImpl.java:205)
	at org.apache.hadoop.ozone.RatisTestHelper.initXceiverServerRatis(RatisTestHelper.java:133)
	at org.apache.hadoop.ozone.container.server.TestSecureContainerServer.lambda$runTestClientServerRatis$4(TestSecureContainerServer.java:164)
	at org.apache.hadoop.ozone.container.server.TestSecureContainerServer.runTestClientServer(TestSecureContainerServer.java:189)
	at org.apache.hadoop.ozone.container.server.TestSecureContainerServer.runTestClientServerRatis(TestSecureContainerServer.java:160)
	at org.apache.hadoop.ozone.container.server.TestSecureContainerServer.testClientServerRatisGrpc(TestSecureContainerServer.java:135)
	at sun.reflect.NativeMethodAccessorImpl.invoke0(Native Method)
	at sun.reflect.NativeMethodAccessorImpl.invoke(NativeMethodAccessorImpl.java:62)
	at sun.reflect.DelegatingMethodAccessorImpl.invoke(DelegatingMethodAccessorImpl.java:43)
	at java.lang.reflect.Method.invoke(Method.java:498)
	at org.junit.runners.model.FrameworkMethod$1.runReflectiveCall(FrameworkMethod.java:47)
	at org.junit.internal.runners.model.ReflectiveCallable.run(ReflectiveCallable.java:12)
	at org.junit.runners.model.FrameworkMethod.invokeExplosively(FrameworkMethod.java:44)
	at org.junit.internal.runners.statements.InvokeMethod.evaluate(InvokeMethod.java:17)
	at org.junit.runners.ParentRunner.runLeaf(ParentRunner.java:271)
	at org.junit.runners.BlockJUnit4ClassRunner.runChild(BlockJUnit4ClassRunner.java:70)
	at org.junit.runners.BlockJUnit4ClassRunner.runChild(BlockJUnit4ClassRunner.java:50)
	at org.junit.runners.ParentRunner$3.run(ParentRunner.java:238)
	at org.junit.runners.ParentRunner$1.schedule(ParentRunner.java:63)
	at org.junit.runners.ParentRunner.runChildren(ParentRunner.java:236)
	at org.junit.runners.ParentRunner.access$000(ParentRunner.java:53)
	at org.junit.runners.ParentRunner$2.evaluate(ParentRunner.java:229)
	at org.junit.internal.runners.statements.RunBefores.evaluate(RunBefores.java:26)
	at org.junit.runners.ParentRunner.run(ParentRunner.java:309)
	at org.apache.maven.surefire.junit4.JUnit4Provider.execute(JUnit4Provider.java:365)
	at org.apache.maven.surefire.junit4.JUnit4Provider.executeWithRerun(JUnit4Provider.java:273)
	at org.apache.maven.surefire.junit4.JUnit4Provider.executeTestSet(JUnit4Provider.java:238)
	at org.apache.maven.surefire.junit4.JUnit4Provider.invoke(JUnit4Provider.java:159)
	at org.apache.maven.surefire.booter.ForkedBooter.invokeProviderInSameClassLoader(ForkedBooter.java:384)
	at org.apache.maven.surefire.booter.ForkedBooter.runSuitesInProcess(ForkedBooter.java:345)
	at org.apache.maven.surefire.booter.ForkedBooter.execute(ForkedBooter.java:126)
	at org.apache.maven.surefire.booter.ForkedBooter.main(ForkedBooter.java:418)

Sep 25, 2019 8:03:34 AM org.apache.ratis.thirdparty.io.grpc.internal.ManagedChannelOrphanWrapper$ManagedChannelReference cleanQueue
SEVERE: *~*~*~ Channel ManagedChannelImpl{logId=66, target=0.0.0.0:41104} was not shutdown properly!!! ~*~*~*
    Make sure to call shutdown()/shutdownNow() and wait until awaitTermination() returns true.
java.lang.RuntimeException: ManagedChannel allocation site
	at org.apache.ratis.thirdparty.io.grpc.internal.ManagedChannelOrphanWrapper$ManagedChannelReference.<init>(ManagedChannelOrphanWrapper.java:103)
	at org.apache.ratis.thirdparty.io.grpc.internal.ManagedChannelOrphanWrapper.<init>(ManagedChannelOrphanWrapper.java:53)
	at org.apache.ratis.thirdparty.io.grpc.internal.ManagedChannelOrphanWrapper.<init>(ManagedChannelOrphanWrapper.java:44)
	at org.apache.ratis.thirdparty.io.grpc.internal.AbstractManagedChannelImplBuilder.build(AbstractManagedChannelImplBuilder.java:411)
	at org.apache.ratis.grpc.client.GrpcClientProtocolClient.<init>(GrpcClientProtocolClient.java:127)
	at org.apache.ratis.grpc.client.GrpcClientRpc.lambda$new$0(GrpcClientRpc.java:55)
	at org.apache.ratis.util.PeerProxyMap$PeerAndProxy.lambda$getProxy$0(PeerProxyMap.java:61)
	at org.apache.ratis.util.LifeCycle.startAndTransition(LifeCycle.java:202)
	at org.apache.ratis.util.PeerProxyMap$PeerAndProxy.getProxy(PeerProxyMap.java:60)
	at org.apache.ratis.util.PeerProxyMap.getProxy(PeerProxyMap.java:108)
	at org.apache.ratis.grpc.client.GrpcClientRpc.sendRequest(GrpcClientRpc.java:91)
	at org.apache.ratis.client.impl.RaftClientImpl.sendRequest(RaftClientImpl.java:278)
	at org.apache.ratis.client.impl.RaftClientImpl.groupAdd(RaftClientImpl.java:205)
	at org.apache.hadoop.ozone.RatisTestHelper.initXceiverServerRatis(RatisTestHelper.java:133)
	at org.apache.hadoop.ozone.container.server.TestSecureContainerServer.lambda$runTestClientServerRatis$4(TestSecureContainerServer.java:164)
	at org.apache.hadoop.ozone.container.server.TestSecureContainerServer.runTestClientServer(TestSecureContainerServer.java:189)
	at org.apache.hadoop.ozone.container.server.TestSecureContainerServer.runTestClientServerRatis(TestSecureContainerServer.java:160)
	at org.apache.hadoop.ozone.container.server.TestSecureContainerServer.testClientServerRatisGrpc(TestSecureContainerServer.java:135)
	at sun.reflect.NativeMethodAccessorImpl.invoke0(Native Method)
	at sun.reflect.NativeMethodAccessorImpl.invoke(NativeMethodAccessorImpl.java:62)
	at sun.reflect.DelegatingMethodAccessorImpl.invoke(DelegatingMethodAccessorImpl.java:43)
	at java.lang.reflect.Method.invoke(Method.java:498)
	at org.junit.runners.model.FrameworkMethod$1.runReflectiveCall(FrameworkMethod.java:47)
	at org.junit.internal.runners.model.ReflectiveCallable.run(ReflectiveCallable.java:12)
	at org.junit.runners.model.FrameworkMethod.invokeExplosively(FrameworkMethod.java:44)
	at org.junit.internal.runners.statements.InvokeMethod.evaluate(InvokeMethod.java:17)
	at org.junit.runners.ParentRunner.runLeaf(ParentRunner.java:271)
	at org.junit.runners.BlockJUnit4ClassRunner.runChild(BlockJUnit4ClassRunner.java:70)
	at org.junit.runners.BlockJUnit4ClassRunner.runChild(BlockJUnit4ClassRunner.java:50)
	at org.junit.runners.ParentRunner$3.run(ParentRunner.java:238)
	at org.junit.runners.ParentRunner$1.schedule(ParentRunner.java:63)
	at org.junit.runners.ParentRunner.runChildren(ParentRunner.java:236)
	at org.junit.runners.ParentRunner.access$000(ParentRunner.java:53)
	at org.junit.runners.ParentRunner$2.evaluate(ParentRunner.java:229)
	at org.junit.internal.runners.statements.RunBefores.evaluate(RunBefores.java:26)
	at org.junit.runners.ParentRunner.run(ParentRunner.java:309)
	at org.apache.maven.surefire.junit4.JUnit4Provider.execute(JUnit4Provider.java:365)
	at org.apache.maven.surefire.junit4.JUnit4Provider.executeWithRerun(JUnit4Provider.java:273)
	at org.apache.maven.surefire.junit4.JUnit4Provider.executeTestSet(JUnit4Provider.java:238)
	at org.apache.maven.surefire.junit4.JUnit4Provider.invoke(JUnit4Provider.java:159)
	at org.apache.maven.surefire.booter.ForkedBooter.invokeProviderInSameClassLoader(ForkedBooter.java:384)
	at org.apache.maven.surefire.booter.ForkedBooter.runSuitesInProcess(ForkedBooter.java:345)
	at org.apache.maven.surefire.booter.ForkedBooter.execute(ForkedBooter.java:126)
	at org.apache.maven.surefire.booter.ForkedBooter.main(ForkedBooter.java:418)

]]></system-err>
  </testcase>
</testsuite>