<?xml version="1.0" encoding="UTF-8"?>
<testsuite xmlns:xsi="http://www.w3.org/2001/XMLSchema-instance" xsi:noNamespaceSchemaLocation="https://maven.apache.org/surefire/maven-surefire-plugin/xsd/surefire-test-report.xsd" name="org.apache.hadoop.ozone.client.rpc.Test2WayCommitInRatis" time="41.323" tests="1" errors="1" skipped="0" failures="0">
  <properties>
    <property name="awt.toolkit" value="sun.awt.X11.XToolkit"/>
    <property name="file.encoding.pkg" value="sun.io"/>
    <property name="java.specification.version" value="1.8"/>
    <property name="sun.cpu.isalist" value=""/>
    <property name="sun.jnu.encoding" value="UTF-8"/>
    <property name="java.class.path" value="/workdir/hadoop-ozone/integration-test/target/test-classes:/workdir/hadoop-ozone/integration-test/target/classes:/home/user/.m2/repository/org/apache/hadoop/hadoop-ozone-common/0.5.0-SNAPSHOT/hadoop-ozone-common-0.5.0-SNAPSHOT.jar:/home/user/.m2/repository/org/apache/commons/commons-compress/1.4.1/commons-compress-1.4.1.jar:/home/user/.m2/repository/org/tukaani/xz/1.0/xz-1.0.jar:/home/user/.m2/repository/org/apache/hadoop/hadoop-common/3.2.0/hadoop-common-3.2.0.jar:/home/user/.m2/repository/org/apache/hadoop/hadoop-hdfs/3.2.0/hadoop-hdfs-3.2.0.jar:/home/user/.m2/repository/org/apache/hadoop/hadoop-hdfs-client/3.2.0/hadoop-hdfs-client-3.2.0.jar:/home/user/.m2/repository/com/fasterxml/jackson/core/jackson-annotations/2.9.5/jackson-annotations-2.9.5.jar:/home/user/.m2/repository/org/apache/hadoop/hadoop-hdds-common/0.5.0-SNAPSHOT/hadoop-hdds-common-0.5.0-SNAPSHOT.jar:/home/user/.m2/repository/javax/annotation/javax.annotation-api/1.2/javax.annotation-api-1.2.jar:/home/user/.m2/repository/org/apache/ratis/ratis-server/0.4.0-2337318-SNAPSHOT/ratis-server-0.4.0-2337318-SNAPSHOT.jar:/home/user/.m2/repository/org/apache/ratis/ratis-thirdparty-misc/0.2.0/ratis-thirdparty-misc-0.2.0.jar:/home/user/.m2/repository/org/apache/ratis/ratis-proto/0.4.0-2337318-SNAPSHOT/ratis-proto-0.4.0-2337318-SNAPSHOT.jar:/home/user/.m2/repository/org/apache/ratis/ratis-common/0.4.0-2337318-SNAPSHOT/ratis-common-0.4.0-2337318-SNAPSHOT.jar:/home/user/.m2/repository/org/apache/ratis/ratis-client/0.4.0-2337318-SNAPSHOT/ratis-client-0.4.0-2337318-SNAPSHOT.jar:/home/user/.m2/repository/org/apache/ratis/ratis-metrics/0.4.0-2337318-SNAPSHOT/ratis-metrics-0.4.0-2337318-SNAPSHOT.jar:/home/user/.m2/repository/org/apache/ratis/ratis-netty/0.4.0-2337318-SNAPSHOT/ratis-netty-0.4.0-2337318-SNAPSHOT.jar:/home/user/.m2/repository/org/apache/ratis/ratis-grpc/0.4.0-2337318-SNAPSHOT/ratis-grpc-0.4.0-2337318-SNAPSHOT.jar:/home/user/.m2/repository/org/rocksdb/rocksdbjni/6.0.1/rocksdbjni-6.0.1.jar:/home/user/.m2/repository/org/apache/logging/log4j/log4j-api/2.11.0/log4j-api-2.11.0.jar:/home/user/.m2/repository/org/apache/logging/log4j/log4j-core/2.11.0/log4j-core-2.11.0.jar:/home/user/.m2/repository/com/lmax/disruptor/3.4.2/disruptor-3.4.2.jar:/home/user/.m2/repository/org/apache/commons/commons-pool2/2.6.0/commons-pool2-2.6.0.jar:/home/user/.m2/repository/org/bouncycastle/bcpkix-jdk15on/1.60/bcpkix-jdk15on-1.60.jar:/home/user/.m2/repository/commons-validator/commons-validator/1.6/commons-validator-1.6.jar:/home/user/.m2/repository/commons-digester/commons-digester/1.8.1/commons-digester-1.8.1.jar:/home/user/.m2/repository/io/jaegertracing/jaeger-client/0.33.1/jaeger-client-0.33.1.jar:/home/user/.m2/repository/io/jaegertracing/jaeger-thrift/0.33.1/jaeger-thrift-0.33.1.jar:/home/user/.m2/repository/org/apache/thrift/libthrift/0.11.0/libthrift-0.11.0.jar:/home/user/.m2/repository/com/squareup/okhttp3/okhttp/3.9.0/okhttp-3.9.0.jar:/home/user/.m2/repository/com/squareup/okio/okio/1.13.0/okio-1.13.0.jar:/home/user/.m2/repository/io/jaegertracing/jaeger-core/0.33.1/jaeger-core-0.33.1.jar:/home/user/.m2/repository/io/jaegertracing/jaeger-tracerresolver/0.33.1/jaeger-tracerresolver-0.33.1.jar:/home/user/.m2/repository/io/opentracing/contrib/opentracing-tracerresolver/0.1.5/opentracing-tracerresolver-0.1.5.jar:/home/user/.m2/repository/io/opentracing/opentracing-util/0.31.0/opentracing-util-0.31.0.jar:/home/user/.m2/repository/io/opentracing/opentracing-api/0.31.0/opentracing-api-0.31.0.jar:/home/user/.m2/repository/io/opentracing/opentracing-noop/0.31.0/opentracing-noop-0.31.0.jar:/home/user/.m2/repository/org/apache/hadoop/hadoop-hdds-server-framework/0.5.0-SNAPSHOT/hadoop-hdds-server-framework-0.5.0-SNAPSHOT.jar:/home/user/.m2/repository/org/apache/hadoop/hadoop-hdds-container-service/0.5.0-SNAPSHOT/hadoop-hdds-container-service-0.5.0-SNAPSHOT.jar:/home/user/.m2/repository/org/apache/hadoop/hadoop-hdds-client/0.5.0-SNAPSHOT/hadoop-hdds-client-0.5.0-SNAPSHOT.jar:/home/user/.m2/repository/org/apache/hadoop/hadoop-hdds-tools/0.5.0-SNAPSHOT/hadoop-hdds-tools-0.5.0-SNAPSHOT.jar:/home/user/.m2/repository/org/apache/hadoop/hadoop-hdds-server-scm/0.5.0-SNAPSHOT/hadoop-hdds-server-scm-0.5.0-SNAPSHOT.jar:/home/user/.m2/repository/org/apache/hadoop/hadoop-hdds-docs/0.5.0-SNAPSHOT/hadoop-hdds-docs-0.5.0-SNAPSHOT.jar:/home/user/.m2/repository/io/dropwizard/metrics/metrics-core/3.2.4/metrics-core-3.2.4.jar:/home/user/.m2/repository/org/hamcrest/hamcrest-all/1.3/hamcrest-all-1.3.jar:/home/user/.m2/repository/org/bouncycastle/bcprov-jdk15on/1.60/bcprov-jdk15on-1.60.jar:/home/user/.m2/repository/info/picocli/picocli/3.9.6/picocli-3.9.6.jar:/home/user/.m2/repository/com/google/protobuf/protobuf-java/2.5.0/protobuf-java-2.5.0.jar:/home/user/.m2/repository/com/google/guava/guava/11.0.2/guava-11.0.2.jar:/home/user/.m2/repository/org/apache/hadoop/hadoop-ozone-ozone-manager/0.5.0-SNAPSHOT/hadoop-ozone-ozone-manager-0.5.0-SNAPSHOT.jar:/home/user/.m2/repository/org/apache/hadoop/hadoop-minikdc/3.2.0/hadoop-minikdc-3.2.0.jar:/home/user/.m2/repository/commons-io/commons-io/2.5/commons-io-2.5.jar:/home/user/.m2/repository/org/apache/kerby/kerb-simplekdc/1.0.1/kerb-simplekdc-1.0.1.jar:/home/user/.m2/repository/org/apache/kerby/kerb-client/1.0.1/kerb-client-1.0.1.jar:/home/user/.m2/repository/org/apache/kerby/kerby-config/1.0.1/kerby-config-1.0.1.jar:/home/user/.m2/repository/org/apache/kerby/kerb-core/1.0.1/kerb-core-1.0.1.jar:/home/user/.m2/repository/org/apache/kerby/kerby-pkix/1.0.1/kerby-pkix-1.0.1.jar:/home/user/.m2/repository/org/apache/kerby/kerby-asn1/1.0.1/kerby-asn1-1.0.1.jar:/home/user/.m2/repository/org/apache/kerby/kerby-util/1.0.1/kerby-util-1.0.1.jar:/home/user/.m2/repository/org/apache/kerby/kerb-common/1.0.1/kerb-common-1.0.1.jar:/home/user/.m2/repository/org/apache/kerby/kerb-crypto/1.0.1/kerb-crypto-1.0.1.jar:/home/user/.m2/repository/org/apache/kerby/kerb-util/1.0.1/kerb-util-1.0.1.jar:/home/user/.m2/repository/org/apache/kerby/token-provider/1.0.1/token-provider-1.0.1.jar:/home/user/.m2/repository/org/apache/kerby/kerb-admin/1.0.1/kerb-admin-1.0.1.jar:/home/user/.m2/repository/org/apache/kerby/kerb-server/1.0.1/kerb-server-1.0.1.jar:/home/user/.m2/repository/org/apache/kerby/kerb-identity/1.0.1/kerb-identity-1.0.1.jar:/home/user/.m2/repository/org/apache/kerby/kerby-xdr/1.0.1/kerby-xdr-1.0.1.jar:/home/user/.m2/repository/org/slf4j/slf4j-log4j12/1.7.25/slf4j-log4j12-1.7.25.jar:/home/user/.m2/repository/org/apache/hadoop/hadoop-ozone-objectstore-service/0.5.0-SNAPSHOT/hadoop-ozone-objectstore-service-0.5.0-SNAPSHOT.jar:/home/user/.m2/repository/org/apache/hadoop/hadoop-ozone-s3gateway/0.5.0-SNAPSHOT/hadoop-ozone-s3gateway-0.5.0-SNAPSHOT.jar:/home/user/.m2/repository/org/jboss/weld/servlet/weld-servlet/2.4.7.Final/weld-servlet-2.4.7.Final.jar:/home/user/.m2/repository/org/glassfish/jersey/containers/jersey-container-servlet-core/2.27/jersey-container-servlet-core-2.27.jar:/home/user/.m2/repository/org/glassfish/hk2/external/javax.inject/2.5.0-b42/javax.inject-2.5.0-b42.jar:/home/user/.m2/repository/org/glassfish/jersey/core/jersey-common/2.27/jersey-common-2.27.jar:/home/user/.m2/repository/org/glassfish/hk2/osgi-resource-locator/1.0.1/osgi-resource-locator-1.0.1.jar:/home/user/.m2/repository/javax/ws/rs/javax.ws.rs-api/2.1/javax.ws.rs-api-2.1.jar:/home/user/.m2/repository/org/glassfish/jersey/ext/cdi/jersey-cdi1x/2.27/jersey-cdi1x-2.27.jar:/home/user/.m2/repository/org/glassfish/jersey/inject/jersey-hk2/2.27/jersey-hk2-2.27.jar:/home/user/.m2/repository/org/glassfish/hk2/hk2-locator/2.5.0-b42/hk2-locator-2.5.0-b42.jar:/home/user/.m2/repository/org/javassist/javassist/3.22.0-CR2/javassist-3.22.0-CR2.jar:/home/user/.m2/repository/org/glassfish/hk2/hk2-api/2.5.0/hk2-api-2.5.0.jar:/home/user/.m2/repository/org/glassfish/hk2/external/jakarta.inject/2.5.0/jakarta.inject-2.5.0.jar:/home/user/.m2/repository/org/glassfish/hk2/hk2-utils/2.5.0/hk2-utils-2.5.0.jar:/home/user/.m2/repository/jakarta/annotation/jakarta.annotation-api/1.3.4/jakarta.annotation-api-1.3.4.jar:/home/user/.m2/repository/org/glassfish/hk2/external/aopalliance-repackaged/2.5.0/aopalliance-repackaged-2.5.0.jar:/home/user/.m2/repository/com/fasterxml/jackson/dataformat/jackson-dataformat-xml/2.9.0/jackson-dataformat-xml-2.9.0.jar:/home/user/.m2/repository/com/fasterxml/jackson/core/jackson-core/2.9.5/jackson-core-2.9.5.jar:/home/user/.m2/repository/com/fasterxml/jackson/module/jackson-module-jaxb-annotations/2.9.5/jackson-module-jaxb-annotations-2.9.5.jar:/home/user/.m2/repository/javax/enterprise/cdi-api/1.2/cdi-api-1.2.jar:/home/user/.m2/repository/javax/el/javax.el-api/3.0.0/javax.el-api-3.0.0.jar:/home/user/.m2/repository/javax/interceptor/javax.interceptor-api/1.2/javax.interceptor-api-1.2.jar:/home/user/.m2/repository/javax/inject/javax.inject/1/javax.inject-1.jar:/home/user/.m2/repository/com/sun/xml/bind/jaxb-impl/2.3.0.1/jaxb-impl-2.3.0.1.jar:/home/user/.m2/repository/com/sun/xml/bind/jaxb-core/2.3.0.1/jaxb-core-2.3.0.1.jar:/home/user/.m2/repository/javax/xml/bind/jaxb-api/2.3.0/jaxb-api-2.3.0.jar:/home/user/.m2/repository/javax/activation/activation/1.1.1/activation-1.1.1.jar:/home/user/.m2/repository/org/apache/hadoop/hadoop-ozone-csi/0.5.0-SNAPSHOT/hadoop-ozone-csi-0.5.0-SNAPSHOT.jar:/home/user/.m2/repository/com/google/protobuf/protobuf-java-util/3.5.1/protobuf-java-util-3.5.1.jar:/home/user/.m2/repository/org/apache/hadoop/hadoop-hdds-config/0.5.0-SNAPSHOT/hadoop-hdds-config-0.5.0-SNAPSHOT.jar:/home/user/.m2/repository/io/grpc/grpc-netty/1.17.1/grpc-netty-1.17.1.jar:/home/user/.m2/repository/io/grpc/grpc-core/1.17.1/grpc-core-1.17.1.jar:/home/user/.m2/repository/io/grpc/grpc-context/1.17.1/grpc-context-1.17.1.jar:/home/user/.m2/repository/com/google/errorprone/error_prone_annotations/2.2.0/error_prone_annotations-2.2.0.jar:/home/user/.m2/repository/org/codehaus/mojo/animal-sniffer-annotations/1.17/animal-sniffer-annotations-1.17.jar:/home/user/.m2/repository/io/opencensus/opencensus-api/0.17.0/opencensus-api-0.17.0.jar:/home/user/.m2/repository/io/opencensus/opencensus-contrib-grpc-metrics/0.17.0/opencensus-contrib-grpc-metrics-0.17.0.jar:/home/user/.m2/repository/io/netty/netty-codec-http2/4.1.30.Final/netty-codec-http2-4.1.30.Final.jar:/home/user/.m2/repository/io/netty/netty-codec-http/4.1.30.Final/netty-codec-http-4.1.30.Final.jar:/home/user/.m2/repository/io/netty/netty-codec/4.1.30.Final/netty-codec-4.1.30.Final.jar:/home/user/.m2/repository/io/netty/netty-handler/4.1.30.Final/netty-handler-4.1.30.Final.jar:/home/user/.m2/repository/io/netty/netty-handler-proxy/4.1.30.Final/netty-handler-proxy-4.1.30.Final.jar:/home/user/.m2/repository/io/netty/netty-codec-socks/4.1.30.Final/netty-codec-socks-4.1.30.Final.jar:/home/user/.m2/repository/io/netty/netty-transport-native-epoll/4.1.30.Final/netty-transport-native-epoll-4.1.30.Final.jar:/home/user/.m2/repository/io/netty/netty-common/4.1.30.Final/netty-common-4.1.30.Final.jar:/home/user/.m2/repository/io/netty/netty-buffer/4.1.30.Final/netty-buffer-4.1.30.Final.jar:/home/user/.m2/repository/io/netty/netty-transport/4.1.30.Final/netty-transport-4.1.30.Final.jar:/home/user/.m2/repository/io/netty/netty-resolver/4.1.30.Final/netty-resolver-4.1.30.Final.jar:/home/user/.m2/repository/io/netty/netty-transport-native-unix-common/4.1.30.Final/netty-transport-native-unix-common-4.1.30.Final.jar:/home/user/.m2/repository/io/grpc/grpc-protobuf/1.17.1/grpc-protobuf-1.17.1.jar:/home/user/.m2/repository/com/google/api/grpc/proto-google-common-protos/1.0.0/proto-google-common-protos-1.0.0.jar:/home/user/.m2/repository/io/grpc/grpc-protobuf-lite/1.17.1/grpc-protobuf-lite-1.17.1.jar:/home/user/.m2/repository/io/grpc/grpc-stub/1.17.1/grpc-stub-1.17.1.jar:/home/user/.m2/repository/org/apache/hadoop/hadoop-ozone-recon/0.5.0-SNAPSHOT/hadoop-ozone-recon-0.5.0-SNAPSHOT.jar:/home/user/.m2/repository/org/apache/hadoop/hadoop-ozone-reconcodegen/0.5.0-SNAPSHOT/hadoop-ozone-reconcodegen-0.5.0-SNAPSHOT.jar:/home/user/.m2/repository/com/google/inject/extensions/guice-multibindings/4.0/guice-multibindings-4.0.jar:/home/user/.m2/repository/com/google/inject/guice/4.0/guice-4.0.jar:/home/user/.m2/repository/aopalliance/aopalliance/1.0/aopalliance-1.0.jar:/home/user/.m2/repository/com/google/inject/extensions/guice-servlet/4.0/guice-servlet-4.0.jar:/home/user/.m2/repository/org/glassfish/jersey/containers/jersey-container-servlet/2.27/jersey-container-servlet-2.27.jar:/home/user/.m2/repository/org/glassfish/hk2/guice-bridge/2.5.0/guice-bridge-2.5.0.jar:/home/user/.m2/repository/org/glassfish/jersey/core/jersey-server/2.27/jersey-server-2.27.jar:/home/user/.m2/repository/org/glassfish/jersey/core/jersey-client/2.27/jersey-client-2.27.jar:/home/user/.m2/repository/org/glassfish/jersey/media/jersey-media-jaxb/2.27/jersey-media-jaxb-2.27.jar:/home/user/.m2/repository/javax/validation/validation-api/1.1.0.Final/validation-api-1.1.0.Final.jar:/home/user/.m2/repository/org/glassfish/jersey/media/jersey-media-json-jackson/2.27/jersey-media-json-jackson-2.27.jar:/home/user/.m2/repository/org/glassfish/jersey/ext/jersey-entity-filtering/2.27/jersey-entity-filtering-2.27.jar:/home/user/.m2/repository/com/google/inject/extensions/guice-assistedinject/4.0/guice-assistedinject-4.0.jar:/home/user/.m2/repository/org/jooq/jooq/3.11.10/jooq-3.11.10.jar:/home/user/.m2/repository/org/jooq/jooq-meta/3.11.10/jooq-meta-3.11.10.jar:/home/user/.m2/repository/org/jooq/jooq-codegen/3.11.10/jooq-codegen-3.11.10.jar:/home/user/.m2/repository/com/jolbox/bonecp/0.8.0.RELEASE/bonecp-0.8.0.RELEASE.jar:/home/user/.m2/repository/org/xerial/sqlite-jdbc/3.25.2/sqlite-jdbc-3.25.2.jar:/home/user/.m2/repository/org/springframework/spring-jdbc/5.1.3.RELEASE/spring-jdbc-5.1.3.RELEASE.jar:/home/user/.m2/repository/org/springframework/spring-beans/5.1.3.RELEASE/spring-beans-5.1.3.RELEASE.jar:/home/user/.m2/repository/org/springframework/spring-core/5.1.3.RELEASE/spring-core-5.1.3.RELEASE.jar:/home/user/.m2/repository/org/springframework/spring-jcl/5.1.3.RELEASE/spring-jcl-5.1.3.RELEASE.jar:/home/user/.m2/repository/org/springframework/spring-tx/5.1.3.RELEASE/spring-tx-5.1.3.RELEASE.jar:/home/user/.m2/repository/org/apache/hadoop/hadoop-ozone-client/0.5.0-SNAPSHOT/hadoop-ozone-client-0.5.0-SNAPSHOT.jar:/home/user/.m2/repository/commons-lang/commons-lang/2.6/commons-lang-2.6.jar:/home/user/.m2/repository/org/apache/hadoop/hadoop-ozone-ozone-manager/0.5.0-SNAPSHOT/hadoop-ozone-ozone-manager-0.5.0-SNAPSHOT-tests.jar:/home/user/.m2/repository/junit/junit/4.11/junit-4.11.jar:/home/user/.m2/repository/org/hamcrest/hamcrest-core/1.3/hamcrest-core-1.3.jar:/home/user/.m2/repository/org/openjdk/jmh/jmh-core/1.19/jmh-core-1.19.jar:/home/user/.m2/repository/net/sf/jopt-simple/jopt-simple/4.6/jopt-simple-4.6.jar:/home/user/.m2/repository/org/apache/commons/commons-math3/3.1.1/commons-math3-3.1.1.jar:/home/user/.m2/repository/org/openjdk/jmh/jmh-generator-annprocess/1.19/jmh-generator-annprocess-1.19.jar:/home/user/.m2/repository/org/mockito/mockito-all/1.8.5/mockito-all-1.8.5.jar:/home/user/.m2/repository/org/apache/hadoop/hadoop-kms/3.2.0/hadoop-kms-3.2.0.jar:/home/user/.m2/repository/org/apache/hadoop/hadoop-auth/3.2.0/hadoop-auth-3.2.0.jar:/home/user/.m2/repository/com/nimbusds/nimbus-jose-jwt/4.41.1/nimbus-jose-jwt-4.41.1.jar:/home/user/.m2/repository/com/github/stephenc/jcip/jcip-annotations/1.0-1/jcip-annotations-1.0-1.jar:/home/user/.m2/repository/net/minidev/json-smart/2.3/json-smart-2.3.jar:/home/user/.m2/repository/net/minidev/accessors-smart/1.2/accessors-smart-1.2.jar:/home/user/.m2/repository/org/ow2/asm/asm/5.0.4/asm-5.0.4.jar:/home/user/.m2/repository/org/apache/curator/curator-framework/2.12.0/curator-framework-2.12.0.jar:/home/user/.m2/repository/com/sun/jersey/jersey-core/1.19/jersey-core-1.19.jar:/home/user/.m2/repository/javax/ws/rs/jsr311-api/1.1.1/jsr311-api-1.1.1.jar:/home/user/.m2/repository/com/sun/jersey/jersey-server/1.19/jersey-server-1.19.jar:/home/user/.m2/repository/javax/servlet/javax.servlet-api/3.1.0/javax.servlet-api-3.1.0.jar:/home/user/.m2/repository/org/eclipse/jetty/jetty-server/9.3.24.v20180605/jetty-server-9.3.24.v20180605.jar:/home/user/.m2/repository/org/eclipse/jetty/jetty-http/9.3.24.v20180605/jetty-http-9.3.24.v20180605.jar:/home/user/.m2/repository/org/eclipse/jetty/jetty-io/9.3.24.v20180605/jetty-io-9.3.24.v20180605.jar:/home/user/.m2/repository/org/eclipse/jetty/jetty-webapp/9.3.24.v20180605/jetty-webapp-9.3.24.v20180605.jar:/home/user/.m2/repository/org/eclipse/jetty/jetty-xml/9.3.24.v20180605/jetty-xml-9.3.24.v20180605.jar:/home/user/.m2/repository/log4j/log4j/1.2.17/log4j-1.2.17.jar:/home/user/.m2/repository/org/slf4j/slf4j-api/1.7.25/slf4j-api-1.7.25.jar:/home/user/.m2/repository/org/slf4j/jul-to-slf4j/1.7.25/jul-to-slf4j-1.7.25.jar:/home/user/.m2/repository/org/eclipse/jetty/jetty-util/9.3.24.v20180605/jetty-util-9.3.24.v20180605.jar:/home/user/.m2/repository/com/fasterxml/jackson/core/jackson-databind/2.9.5/jackson-databind-2.9.5.jar:/home/user/.m2/repository/org/apache/hadoop/hadoop-kms/3.2.0/hadoop-kms-3.2.0-tests.jar:/home/user/.m2/repository/org/apache/hadoop/hadoop-hdds-server-scm/0.5.0-SNAPSHOT/hadoop-hdds-server-scm-0.5.0-SNAPSHOT-tests.jar:/home/user/.m2/repository/org/apache/hadoop/hadoop-hdds-container-service/0.5.0-SNAPSHOT/hadoop-hdds-container-service-0.5.0-SNAPSHOT-tests.jar:/home/user/.m2/repository/org/yaml/snakeyaml/1.16/snakeyaml-1.16.jar:/home/user/.m2/repository/org/apache/hadoop/hadoop-common/3.2.0/hadoop-common-3.2.0-tests.jar:/home/user/.m2/repository/org/apache/hadoop/hadoop-annotations/3.2.0/hadoop-annotations-3.2.0.jar:/usr/lib/jvm/java-1.8-openjdk/jre/../lib/tools.jar:/home/user/.m2/repository/commons-cli/commons-cli/1.2/commons-cli-1.2.jar:/home/user/.m2/repository/org/apache/httpcomponents/httpclient/4.5.2/httpclient-4.5.2.jar:/home/user/.m2/repository/org/apache/httpcomponents/httpcore/4.4.4/httpcore-4.4.4.jar:/home/user/.m2/repository/commons-codec/commons-codec/1.11/commons-codec-1.11.jar:/home/user/.m2/repository/commons-net/commons-net/3.6/commons-net-3.6.jar:/home/user/.m2/repository/commons-collections/commons-collections/3.2.2/commons-collections-3.2.2.jar:/home/user/.m2/repository/org/eclipse/jetty/jetty-servlet/9.3.24.v20180605/jetty-servlet-9.3.24.v20180605.jar:/home/user/.m2/repository/org/eclipse/jetty/jetty-security/9.3.24.v20180605/jetty-security-9.3.24.v20180605.jar:/home/user/.m2/repository/javax/servlet/jsp/jsp-api/2.1/jsp-api-2.1.jar:/home/user/.m2/repository/com/sun/jersey/jersey-servlet/1.19/jersey-servlet-1.19.jar:/home/user/.m2/repository/com/sun/jersey/jersey-json/1.19/jersey-json-1.19.jar:/home/user/.m2/repository/org/codehaus/jettison/jettison/1.1/jettison-1.1.jar:/home/user/.m2/repository/org/codehaus/jackson/jackson-core-asl/1.9.13/jackson-core-asl-1.9.13.jar:/home/user/.m2/repository/org/codehaus/jackson/jackson-mapper-asl/1.9.13/jackson-mapper-asl-1.9.13.jar:/home/user/.m2/repository/org/codehaus/jackson/jackson-jaxrs/1.9.13/jackson-jaxrs-1.9.13.jar:/home/user/.m2/repository/org/codehaus/jackson/jackson-xc/1.9.13/jackson-xc-1.9.13.jar:/home/user/.m2/repository/commons-logging/commons-logging/1.1.3/commons-logging-1.1.3.jar:/home/user/.m2/repository/commons-beanutils/commons-beanutils/1.9.3/commons-beanutils-1.9.3.jar:/home/user/.m2/repository/org/apache/commons/commons-configuration2/2.1.1/commons-configuration2-2.1.1.jar:/home/user/.m2/repository/org/apache/commons/commons-lang3/3.7/commons-lang3-3.7.jar:/home/user/.m2/repository/org/apache/commons/commons-text/1.4/commons-text-1.4.jar:/home/user/.m2/repository/org/apache/avro/avro/1.7.7/avro-1.7.7.jar:/home/user/.m2/repository/com/thoughtworks/paranamer/paranamer/2.3/paranamer-2.3.jar:/home/user/.m2/repository/org/xerial/snappy/snappy-java/1.0.5/snappy-java-1.0.5.jar:/home/user/.m2/repository/com/google/re2j/re2j/1.1/re2j-1.1.jar:/home/user/.m2/repository/com/google/code/gson/gson/2.2.4/gson-2.2.4.jar:/home/user/.m2/repository/com/jcraft/jsch/0.1.54/jsch-0.1.54.jar:/home/user/.m2/repository/org/apache/curator/curator-client/2.12.0/curator-client-2.12.0.jar:/home/user/.m2/repository/org/apache/curator/curator-recipes/2.12.0/curator-recipes-2.12.0.jar:/home/user/.m2/repository/com/google/code/findbugs/jsr305/3.0.0/jsr305-3.0.0.jar:/home/user/.m2/repository/org/apache/htrace/htrace-core4/4.1.0-incubating/htrace-core4-4.1.0-incubating.jar:/home/user/.m2/repository/org/apache/zookeeper/zookeeper/3.4.13/zookeeper-3.4.13.jar:/home/user/.m2/repository/org/apache/yetus/audience-annotations/0.5.0/audience-annotations-0.5.0.jar:/home/user/.m2/repository/org/codehaus/woodstox/stax2-api/3.1.4/stax2-api-3.1.4.jar:/home/user/.m2/repository/com/fasterxml/woodstox/woodstox-core/5.0.3/woodstox-core-5.0.3.jar:/home/user/.m2/repository/dnsjava/dnsjava/2.1.7/dnsjava-2.1.7.jar:/home/user/.m2/repository/org/apache/hadoop/hadoop-hdfs/3.2.0/hadoop-hdfs-3.2.0-tests.jar:/home/user/.m2/repository/org/eclipse/jetty/jetty-util-ajax/9.3.24.v20180605/jetty-util-ajax-9.3.24.v20180605.jar:/home/user/.m2/repository/commons-daemon/commons-daemon/1.0.13/commons-daemon-1.0.13.jar:/home/user/.m2/repository/io/netty/netty/3.10.5.Final/netty-3.10.5.Final.jar:/home/user/.m2/repository/io/netty/netty-all/4.0.52.Final/netty-all-4.0.52.Final.jar:/home/user/.m2/repository/org/fusesource/leveldbjni/leveldbjni-all/1.8/leveldbjni-all-1.8.jar:"/>
    <property name="java.vm.vendor" value="IcedTea"/>
    <property name="sun.arch.data.model" value="64"/>
    <property name="test.build.dir" value="/workdir/hadoop-ozone/integration-test/target/test-dir"/>
    <property name="test.cache.data" value=""/>
    <property name="java.vendor.url" value="https://icedtea.classpath.org"/>
    <property name="user.timezone" value=""/>
    <property name="java.vm.specification.version" value="1.8"/>
    <property name="os.name" value="Linux"/>
    <property name="test.build.data" value="/workdir/hadoop-ozone/integration-test/target/test-dir"/>
    <property name="user.country" value="US"/>
    <property name="sun.java.launcher" value="SUN_STANDARD"/>
    <property name="sun.boot.library.path" value="/usr/lib/jvm/java-1.8-openjdk/jre/lib/amd64"/>
    <property name="sun.java.command" value="/workdir/hadoop-ozone/integration-test/target/surefire/surefirebooter8553492801745232259.jar /workdir/hadoop-ozone/integration-test/target/surefire 2019-08-21T22-29-25_146-jvmRun1 surefire7440749671955065104tmp surefire_337683119548506144238tmp"/>
    <property name="test" value="!TestMiniChaosOzoneCluster"/>
    <property name="surefire.test.class.path" value="/workdir/hadoop-ozone/integration-test/target/test-classes:/workdir/hadoop-ozone/integration-test/target/classes:/home/user/.m2/repository/org/apache/hadoop/hadoop-ozone-common/0.5.0-SNAPSHOT/hadoop-ozone-common-0.5.0-SNAPSHOT.jar:/home/user/.m2/repository/org/apache/commons/commons-compress/1.4.1/commons-compress-1.4.1.jar:/home/user/.m2/repository/org/tukaani/xz/1.0/xz-1.0.jar:/home/user/.m2/repository/org/apache/hadoop/hadoop-common/3.2.0/hadoop-common-3.2.0.jar:/home/user/.m2/repository/org/apache/hadoop/hadoop-hdfs/3.2.0/hadoop-hdfs-3.2.0.jar:/home/user/.m2/repository/org/apache/hadoop/hadoop-hdfs-client/3.2.0/hadoop-hdfs-client-3.2.0.jar:/home/user/.m2/repository/com/fasterxml/jackson/core/jackson-annotations/2.9.5/jackson-annotations-2.9.5.jar:/home/user/.m2/repository/org/apache/hadoop/hadoop-hdds-common/0.5.0-SNAPSHOT/hadoop-hdds-common-0.5.0-SNAPSHOT.jar:/home/user/.m2/repository/javax/annotation/javax.annotation-api/1.2/javax.annotation-api-1.2.jar:/home/user/.m2/repository/org/apache/ratis/ratis-server/0.4.0-2337318-SNAPSHOT/ratis-server-0.4.0-2337318-SNAPSHOT.jar:/home/user/.m2/repository/org/apache/ratis/ratis-thirdparty-misc/0.2.0/ratis-thirdparty-misc-0.2.0.jar:/home/user/.m2/repository/org/apache/ratis/ratis-proto/0.4.0-2337318-SNAPSHOT/ratis-proto-0.4.0-2337318-SNAPSHOT.jar:/home/user/.m2/repository/org/apache/ratis/ratis-common/0.4.0-2337318-SNAPSHOT/ratis-common-0.4.0-2337318-SNAPSHOT.jar:/home/user/.m2/repository/org/apache/ratis/ratis-client/0.4.0-2337318-SNAPSHOT/ratis-client-0.4.0-2337318-SNAPSHOT.jar:/home/user/.m2/repository/org/apache/ratis/ratis-metrics/0.4.0-2337318-SNAPSHOT/ratis-metrics-0.4.0-2337318-SNAPSHOT.jar:/home/user/.m2/repository/org/apache/ratis/ratis-netty/0.4.0-2337318-SNAPSHOT/ratis-netty-0.4.0-2337318-SNAPSHOT.jar:/home/user/.m2/repository/org/apache/ratis/ratis-grpc/0.4.0-2337318-SNAPSHOT/ratis-grpc-0.4.0-2337318-SNAPSHOT.jar:/home/user/.m2/repository/org/rocksdb/rocksdbjni/6.0.1/rocksdbjni-6.0.1.jar:/home/user/.m2/repository/org/apache/logging/log4j/log4j-api/2.11.0/log4j-api-2.11.0.jar:/home/user/.m2/repository/org/apache/logging/log4j/log4j-core/2.11.0/log4j-core-2.11.0.jar:/home/user/.m2/repository/com/lmax/disruptor/3.4.2/disruptor-3.4.2.jar:/home/user/.m2/repository/org/apache/commons/commons-pool2/2.6.0/commons-pool2-2.6.0.jar:/home/user/.m2/repository/org/bouncycastle/bcpkix-jdk15on/1.60/bcpkix-jdk15on-1.60.jar:/home/user/.m2/repository/commons-validator/commons-validator/1.6/commons-validator-1.6.jar:/home/user/.m2/repository/commons-digester/commons-digester/1.8.1/commons-digester-1.8.1.jar:/home/user/.m2/repository/io/jaegertracing/jaeger-client/0.33.1/jaeger-client-0.33.1.jar:/home/user/.m2/repository/io/jaegertracing/jaeger-thrift/0.33.1/jaeger-thrift-0.33.1.jar:/home/user/.m2/repository/org/apache/thrift/libthrift/0.11.0/libthrift-0.11.0.jar:/home/user/.m2/repository/com/squareup/okhttp3/okhttp/3.9.0/okhttp-3.9.0.jar:/home/user/.m2/repository/com/squareup/okio/okio/1.13.0/okio-1.13.0.jar:/home/user/.m2/repository/io/jaegertracing/jaeger-core/0.33.1/jaeger-core-0.33.1.jar:/home/user/.m2/repository/io/jaegertracing/jaeger-tracerresolver/0.33.1/jaeger-tracerresolver-0.33.1.jar:/home/user/.m2/repository/io/opentracing/contrib/opentracing-tracerresolver/0.1.5/opentracing-tracerresolver-0.1.5.jar:/home/user/.m2/repository/io/opentracing/opentracing-util/0.31.0/opentracing-util-0.31.0.jar:/home/user/.m2/repository/io/opentracing/opentracing-api/0.31.0/opentracing-api-0.31.0.jar:/home/user/.m2/repository/io/opentracing/opentracing-noop/0.31.0/opentracing-noop-0.31.0.jar:/home/user/.m2/repository/org/apache/hadoop/hadoop-hdds-server-framework/0.5.0-SNAPSHOT/hadoop-hdds-server-framework-0.5.0-SNAPSHOT.jar:/home/user/.m2/repository/org/apache/hadoop/hadoop-hdds-container-service/0.5.0-SNAPSHOT/hadoop-hdds-container-service-0.5.0-SNAPSHOT.jar:/home/user/.m2/repository/org/apache/hadoop/hadoop-hdds-client/0.5.0-SNAPSHOT/hadoop-hdds-client-0.5.0-SNAPSHOT.jar:/home/user/.m2/repository/org/apache/hadoop/hadoop-hdds-tools/0.5.0-SNAPSHOT/hadoop-hdds-tools-0.5.0-SNAPSHOT.jar:/home/user/.m2/repository/org/apache/hadoop/hadoop-hdds-server-scm/0.5.0-SNAPSHOT/hadoop-hdds-server-scm-0.5.0-SNAPSHOT.jar:/home/user/.m2/repository/org/apache/hadoop/hadoop-hdds-docs/0.5.0-SNAPSHOT/hadoop-hdds-docs-0.5.0-SNAPSHOT.jar:/home/user/.m2/repository/io/dropwizard/metrics/metrics-core/3.2.4/metrics-core-3.2.4.jar:/home/user/.m2/repository/org/hamcrest/hamcrest-all/1.3/hamcrest-all-1.3.jar:/home/user/.m2/repository/org/bouncycastle/bcprov-jdk15on/1.60/bcprov-jdk15on-1.60.jar:/home/user/.m2/repository/info/picocli/picocli/3.9.6/picocli-3.9.6.jar:/home/user/.m2/repository/com/google/protobuf/protobuf-java/2.5.0/protobuf-java-2.5.0.jar:/home/user/.m2/repository/com/google/guava/guava/11.0.2/guava-11.0.2.jar:/home/user/.m2/repository/org/apache/hadoop/hadoop-ozone-ozone-manager/0.5.0-SNAPSHOT/hadoop-ozone-ozone-manager-0.5.0-SNAPSHOT.jar:/home/user/.m2/repository/org/apache/hadoop/hadoop-minikdc/3.2.0/hadoop-minikdc-3.2.0.jar:/home/user/.m2/repository/commons-io/commons-io/2.5/commons-io-2.5.jar:/home/user/.m2/repository/org/apache/kerby/kerb-simplekdc/1.0.1/kerb-simplekdc-1.0.1.jar:/home/user/.m2/repository/org/apache/kerby/kerb-client/1.0.1/kerb-client-1.0.1.jar:/home/user/.m2/repository/org/apache/kerby/kerby-config/1.0.1/kerby-config-1.0.1.jar:/home/user/.m2/repository/org/apache/kerby/kerb-core/1.0.1/kerb-core-1.0.1.jar:/home/user/.m2/repository/org/apache/kerby/kerby-pkix/1.0.1/kerby-pkix-1.0.1.jar:/home/user/.m2/repository/org/apache/kerby/kerby-asn1/1.0.1/kerby-asn1-1.0.1.jar:/home/user/.m2/repository/org/apache/kerby/kerby-util/1.0.1/kerby-util-1.0.1.jar:/home/user/.m2/repository/org/apache/kerby/kerb-common/1.0.1/kerb-common-1.0.1.jar:/home/user/.m2/repository/org/apache/kerby/kerb-crypto/1.0.1/kerb-crypto-1.0.1.jar:/home/user/.m2/repository/org/apache/kerby/kerb-util/1.0.1/kerb-util-1.0.1.jar:/home/user/.m2/repository/org/apache/kerby/token-provider/1.0.1/token-provider-1.0.1.jar:/home/user/.m2/repository/org/apache/kerby/kerb-admin/1.0.1/kerb-admin-1.0.1.jar:/home/user/.m2/repository/org/apache/kerby/kerb-server/1.0.1/kerb-server-1.0.1.jar:/home/user/.m2/repository/org/apache/kerby/kerb-identity/1.0.1/kerb-identity-1.0.1.jar:/home/user/.m2/repository/org/apache/kerby/kerby-xdr/1.0.1/kerby-xdr-1.0.1.jar:/home/user/.m2/repository/org/slf4j/slf4j-log4j12/1.7.25/slf4j-log4j12-1.7.25.jar:/home/user/.m2/repository/org/apache/hadoop/hadoop-ozone-objectstore-service/0.5.0-SNAPSHOT/hadoop-ozone-objectstore-service-0.5.0-SNAPSHOT.jar:/home/user/.m2/repository/org/apache/hadoop/hadoop-ozone-s3gateway/0.5.0-SNAPSHOT/hadoop-ozone-s3gateway-0.5.0-SNAPSHOT.jar:/home/user/.m2/repository/org/jboss/weld/servlet/weld-servlet/2.4.7.Final/weld-servlet-2.4.7.Final.jar:/home/user/.m2/repository/org/glassfish/jersey/containers/jersey-container-servlet-core/2.27/jersey-container-servlet-core-2.27.jar:/home/user/.m2/repository/org/glassfish/hk2/external/javax.inject/2.5.0-b42/javax.inject-2.5.0-b42.jar:/home/user/.m2/repository/org/glassfish/jersey/core/jersey-common/2.27/jersey-common-2.27.jar:/home/user/.m2/repository/org/glassfish/hk2/osgi-resource-locator/1.0.1/osgi-resource-locator-1.0.1.jar:/home/user/.m2/repository/javax/ws/rs/javax.ws.rs-api/2.1/javax.ws.rs-api-2.1.jar:/home/user/.m2/repository/org/glassfish/jersey/ext/cdi/jersey-cdi1x/2.27/jersey-cdi1x-2.27.jar:/home/user/.m2/repository/org/glassfish/jersey/inject/jersey-hk2/2.27/jersey-hk2-2.27.jar:/home/user/.m2/repository/org/glassfish/hk2/hk2-locator/2.5.0-b42/hk2-locator-2.5.0-b42.jar:/home/user/.m2/repository/org/javassist/javassist/3.22.0-CR2/javassist-3.22.0-CR2.jar:/home/user/.m2/repository/org/glassfish/hk2/hk2-api/2.5.0/hk2-api-2.5.0.jar:/home/user/.m2/repository/org/glassfish/hk2/external/jakarta.inject/2.5.0/jakarta.inject-2.5.0.jar:/home/user/.m2/repository/org/glassfish/hk2/hk2-utils/2.5.0/hk2-utils-2.5.0.jar:/home/user/.m2/repository/jakarta/annotation/jakarta.annotation-api/1.3.4/jakarta.annotation-api-1.3.4.jar:/home/user/.m2/repository/org/glassfish/hk2/external/aopalliance-repackaged/2.5.0/aopalliance-repackaged-2.5.0.jar:/home/user/.m2/repository/com/fasterxml/jackson/dataformat/jackson-dataformat-xml/2.9.0/jackson-dataformat-xml-2.9.0.jar:/home/user/.m2/repository/com/fasterxml/jackson/core/jackson-core/2.9.5/jackson-core-2.9.5.jar:/home/user/.m2/repository/com/fasterxml/jackson/module/jackson-module-jaxb-annotations/2.9.5/jackson-module-jaxb-annotations-2.9.5.jar:/home/user/.m2/repository/javax/enterprise/cdi-api/1.2/cdi-api-1.2.jar:/home/user/.m2/repository/javax/el/javax.el-api/3.0.0/javax.el-api-3.0.0.jar:/home/user/.m2/repository/javax/interceptor/javax.interceptor-api/1.2/javax.interceptor-api-1.2.jar:/home/user/.m2/repository/javax/inject/javax.inject/1/javax.inject-1.jar:/home/user/.m2/repository/com/sun/xml/bind/jaxb-impl/2.3.0.1/jaxb-impl-2.3.0.1.jar:/home/user/.m2/repository/com/sun/xml/bind/jaxb-core/2.3.0.1/jaxb-core-2.3.0.1.jar:/home/user/.m2/repository/javax/xml/bind/jaxb-api/2.3.0/jaxb-api-2.3.0.jar:/home/user/.m2/repository/javax/activation/activation/1.1.1/activation-1.1.1.jar:/home/user/.m2/repository/org/apache/hadoop/hadoop-ozone-csi/0.5.0-SNAPSHOT/hadoop-ozone-csi-0.5.0-SNAPSHOT.jar:/home/user/.m2/repository/com/google/protobuf/protobuf-java-util/3.5.1/protobuf-java-util-3.5.1.jar:/home/user/.m2/repository/org/apache/hadoop/hadoop-hdds-config/0.5.0-SNAPSHOT/hadoop-hdds-config-0.5.0-SNAPSHOT.jar:/home/user/.m2/repository/io/grpc/grpc-netty/1.17.1/grpc-netty-1.17.1.jar:/home/user/.m2/repository/io/grpc/grpc-core/1.17.1/grpc-core-1.17.1.jar:/home/user/.m2/repository/io/grpc/grpc-context/1.17.1/grpc-context-1.17.1.jar:/home/user/.m2/repository/com/google/errorprone/error_prone_annotations/2.2.0/error_prone_annotations-2.2.0.jar:/home/user/.m2/repository/org/codehaus/mojo/animal-sniffer-annotations/1.17/animal-sniffer-annotations-1.17.jar:/home/user/.m2/repository/io/opencensus/opencensus-api/0.17.0/opencensus-api-0.17.0.jar:/home/user/.m2/repository/io/opencensus/opencensus-contrib-grpc-metrics/0.17.0/opencensus-contrib-grpc-metrics-0.17.0.jar:/home/user/.m2/repository/io/netty/netty-codec-http2/4.1.30.Final/netty-codec-http2-4.1.30.Final.jar:/home/user/.m2/repository/io/netty/netty-codec-http/4.1.30.Final/netty-codec-http-4.1.30.Final.jar:/home/user/.m2/repository/io/netty/netty-codec/4.1.30.Final/netty-codec-4.1.30.Final.jar:/home/user/.m2/repository/io/netty/netty-handler/4.1.30.Final/netty-handler-4.1.30.Final.jar:/home/user/.m2/repository/io/netty/netty-handler-proxy/4.1.30.Final/netty-handler-proxy-4.1.30.Final.jar:/home/user/.m2/repository/io/netty/netty-codec-socks/4.1.30.Final/netty-codec-socks-4.1.30.Final.jar:/home/user/.m2/repository/io/netty/netty-transport-native-epoll/4.1.30.Final/netty-transport-native-epoll-4.1.30.Final.jar:/home/user/.m2/repository/io/netty/netty-common/4.1.30.Final/netty-common-4.1.30.Final.jar:/home/user/.m2/repository/io/netty/netty-buffer/4.1.30.Final/netty-buffer-4.1.30.Final.jar:/home/user/.m2/repository/io/netty/netty-transport/4.1.30.Final/netty-transport-4.1.30.Final.jar:/home/user/.m2/repository/io/netty/netty-resolver/4.1.30.Final/netty-resolver-4.1.30.Final.jar:/home/user/.m2/repository/io/netty/netty-transport-native-unix-common/4.1.30.Final/netty-transport-native-unix-common-4.1.30.Final.jar:/home/user/.m2/repository/io/grpc/grpc-protobuf/1.17.1/grpc-protobuf-1.17.1.jar:/home/user/.m2/repository/com/google/api/grpc/proto-google-common-protos/1.0.0/proto-google-common-protos-1.0.0.jar:/home/user/.m2/repository/io/grpc/grpc-protobuf-lite/1.17.1/grpc-protobuf-lite-1.17.1.jar:/home/user/.m2/repository/io/grpc/grpc-stub/1.17.1/grpc-stub-1.17.1.jar:/home/user/.m2/repository/org/apache/hadoop/hadoop-ozone-recon/0.5.0-SNAPSHOT/hadoop-ozone-recon-0.5.0-SNAPSHOT.jar:/home/user/.m2/repository/org/apache/hadoop/hadoop-ozone-reconcodegen/0.5.0-SNAPSHOT/hadoop-ozone-reconcodegen-0.5.0-SNAPSHOT.jar:/home/user/.m2/repository/com/google/inject/extensions/guice-multibindings/4.0/guice-multibindings-4.0.jar:/home/user/.m2/repository/com/google/inject/guice/4.0/guice-4.0.jar:/home/user/.m2/repository/aopalliance/aopalliance/1.0/aopalliance-1.0.jar:/home/user/.m2/repository/com/google/inject/extensions/guice-servlet/4.0/guice-servlet-4.0.jar:/home/user/.m2/repository/org/glassfish/jersey/containers/jersey-container-servlet/2.27/jersey-container-servlet-2.27.jar:/home/user/.m2/repository/org/glassfish/hk2/guice-bridge/2.5.0/guice-bridge-2.5.0.jar:/home/user/.m2/repository/org/glassfish/jersey/core/jersey-server/2.27/jersey-server-2.27.jar:/home/user/.m2/repository/org/glassfish/jersey/core/jersey-client/2.27/jersey-client-2.27.jar:/home/user/.m2/repository/org/glassfish/jersey/media/jersey-media-jaxb/2.27/jersey-media-jaxb-2.27.jar:/home/user/.m2/repository/javax/validation/validation-api/1.1.0.Final/validation-api-1.1.0.Final.jar:/home/user/.m2/repository/org/glassfish/jersey/media/jersey-media-json-jackson/2.27/jersey-media-json-jackson-2.27.jar:/home/user/.m2/repository/org/glassfish/jersey/ext/jersey-entity-filtering/2.27/jersey-entity-filtering-2.27.jar:/home/user/.m2/repository/com/google/inject/extensions/guice-assistedinject/4.0/guice-assistedinject-4.0.jar:/home/user/.m2/repository/org/jooq/jooq/3.11.10/jooq-3.11.10.jar:/home/user/.m2/repository/org/jooq/jooq-meta/3.11.10/jooq-meta-3.11.10.jar:/home/user/.m2/repository/org/jooq/jooq-codegen/3.11.10/jooq-codegen-3.11.10.jar:/home/user/.m2/repository/com/jolbox/bonecp/0.8.0.RELEASE/bonecp-0.8.0.RELEASE.jar:/home/user/.m2/repository/org/xerial/sqlite-jdbc/3.25.2/sqlite-jdbc-3.25.2.jar:/home/user/.m2/repository/org/springframework/spring-jdbc/5.1.3.RELEASE/spring-jdbc-5.1.3.RELEASE.jar:/home/user/.m2/repository/org/springframework/spring-beans/5.1.3.RELEASE/spring-beans-5.1.3.RELEASE.jar:/home/user/.m2/repository/org/springframework/spring-core/5.1.3.RELEASE/spring-core-5.1.3.RELEASE.jar:/home/user/.m2/repository/org/springframework/spring-jcl/5.1.3.RELEASE/spring-jcl-5.1.3.RELEASE.jar:/home/user/.m2/repository/org/springframework/spring-tx/5.1.3.RELEASE/spring-tx-5.1.3.RELEASE.jar:/home/user/.m2/repository/org/apache/hadoop/hadoop-ozone-client/0.5.0-SNAPSHOT/hadoop-ozone-client-0.5.0-SNAPSHOT.jar:/home/user/.m2/repository/commons-lang/commons-lang/2.6/commons-lang-2.6.jar:/home/user/.m2/repository/org/apache/hadoop/hadoop-ozone-ozone-manager/0.5.0-SNAPSHOT/hadoop-ozone-ozone-manager-0.5.0-SNAPSHOT-tests.jar:/home/user/.m2/repository/junit/junit/4.11/junit-4.11.jar:/home/user/.m2/repository/org/hamcrest/hamcrest-core/1.3/hamcrest-core-1.3.jar:/home/user/.m2/repository/org/openjdk/jmh/jmh-core/1.19/jmh-core-1.19.jar:/home/user/.m2/repository/net/sf/jopt-simple/jopt-simple/4.6/jopt-simple-4.6.jar:/home/user/.m2/repository/org/apache/commons/commons-math3/3.1.1/commons-math3-3.1.1.jar:/home/user/.m2/repository/org/openjdk/jmh/jmh-generator-annprocess/1.19/jmh-generator-annprocess-1.19.jar:/home/user/.m2/repository/org/mockito/mockito-all/1.8.5/mockito-all-1.8.5.jar:/home/user/.m2/repository/org/apache/hadoop/hadoop-kms/3.2.0/hadoop-kms-3.2.0.jar:/home/user/.m2/repository/org/apache/hadoop/hadoop-auth/3.2.0/hadoop-auth-3.2.0.jar:/home/user/.m2/repository/com/nimbusds/nimbus-jose-jwt/4.41.1/nimbus-jose-jwt-4.41.1.jar:/home/user/.m2/repository/com/github/stephenc/jcip/jcip-annotations/1.0-1/jcip-annotations-1.0-1.jar:/home/user/.m2/repository/net/minidev/json-smart/2.3/json-smart-2.3.jar:/home/user/.m2/repository/net/minidev/accessors-smart/1.2/accessors-smart-1.2.jar:/home/user/.m2/repository/org/ow2/asm/asm/5.0.4/asm-5.0.4.jar:/home/user/.m2/repository/org/apache/curator/curator-framework/2.12.0/curator-framework-2.12.0.jar:/home/user/.m2/repository/com/sun/jersey/jersey-core/1.19/jersey-core-1.19.jar:/home/user/.m2/repository/javax/ws/rs/jsr311-api/1.1.1/jsr311-api-1.1.1.jar:/home/user/.m2/repository/com/sun/jersey/jersey-server/1.19/jersey-server-1.19.jar:/home/user/.m2/repository/javax/servlet/javax.servlet-api/3.1.0/javax.servlet-api-3.1.0.jar:/home/user/.m2/repository/org/eclipse/jetty/jetty-server/9.3.24.v20180605/jetty-server-9.3.24.v20180605.jar:/home/user/.m2/repository/org/eclipse/jetty/jetty-http/9.3.24.v20180605/jetty-http-9.3.24.v20180605.jar:/home/user/.m2/repository/org/eclipse/jetty/jetty-io/9.3.24.v20180605/jetty-io-9.3.24.v20180605.jar:/home/user/.m2/repository/org/eclipse/jetty/jetty-webapp/9.3.24.v20180605/jetty-webapp-9.3.24.v20180605.jar:/home/user/.m2/repository/org/eclipse/jetty/jetty-xml/9.3.24.v20180605/jetty-xml-9.3.24.v20180605.jar:/home/user/.m2/repository/log4j/log4j/1.2.17/log4j-1.2.17.jar:/home/user/.m2/repository/org/slf4j/slf4j-api/1.7.25/slf4j-api-1.7.25.jar:/home/user/.m2/repository/org/slf4j/jul-to-slf4j/1.7.25/jul-to-slf4j-1.7.25.jar:/home/user/.m2/repository/org/eclipse/jetty/jetty-util/9.3.24.v20180605/jetty-util-9.3.24.v20180605.jar:/home/user/.m2/repository/com/fasterxml/jackson/core/jackson-databind/2.9.5/jackson-databind-2.9.5.jar:/home/user/.m2/repository/org/apache/hadoop/hadoop-kms/3.2.0/hadoop-kms-3.2.0-tests.jar:/home/user/.m2/repository/org/apache/hadoop/hadoop-hdds-server-scm/0.5.0-SNAPSHOT/hadoop-hdds-server-scm-0.5.0-SNAPSHOT-tests.jar:/home/user/.m2/repository/org/apache/hadoop/hadoop-hdds-container-service/0.5.0-SNAPSHOT/hadoop-hdds-container-service-0.5.0-SNAPSHOT-tests.jar:/home/user/.m2/repository/org/yaml/snakeyaml/1.16/snakeyaml-1.16.jar:/home/user/.m2/repository/org/apache/hadoop/hadoop-common/3.2.0/hadoop-common-3.2.0-tests.jar:/home/user/.m2/repository/org/apache/hadoop/hadoop-annotations/3.2.0/hadoop-annotations-3.2.0.jar:/usr/lib/jvm/java-1.8-openjdk/jre/../lib/tools.jar:/home/user/.m2/repository/commons-cli/commons-cli/1.2/commons-cli-1.2.jar:/home/user/.m2/repository/org/apache/httpcomponents/httpclient/4.5.2/httpclient-4.5.2.jar:/home/user/.m2/repository/org/apache/httpcomponents/httpcore/4.4.4/httpcore-4.4.4.jar:/home/user/.m2/repository/commons-codec/commons-codec/1.11/commons-codec-1.11.jar:/home/user/.m2/repository/commons-net/commons-net/3.6/commons-net-3.6.jar:/home/user/.m2/repository/commons-collections/commons-collections/3.2.2/commons-collections-3.2.2.jar:/home/user/.m2/repository/org/eclipse/jetty/jetty-servlet/9.3.24.v20180605/jetty-servlet-9.3.24.v20180605.jar:/home/user/.m2/repository/org/eclipse/jetty/jetty-security/9.3.24.v20180605/jetty-security-9.3.24.v20180605.jar:/home/user/.m2/repository/javax/servlet/jsp/jsp-api/2.1/jsp-api-2.1.jar:/home/user/.m2/repository/com/sun/jersey/jersey-servlet/1.19/jersey-servlet-1.19.jar:/home/user/.m2/repository/com/sun/jersey/jersey-json/1.19/jersey-json-1.19.jar:/home/user/.m2/repository/org/codehaus/jettison/jettison/1.1/jettison-1.1.jar:/home/user/.m2/repository/org/codehaus/jackson/jackson-core-asl/1.9.13/jackson-core-asl-1.9.13.jar:/home/user/.m2/repository/org/codehaus/jackson/jackson-mapper-asl/1.9.13/jackson-mapper-asl-1.9.13.jar:/home/user/.m2/repository/org/codehaus/jackson/jackson-jaxrs/1.9.13/jackson-jaxrs-1.9.13.jar:/home/user/.m2/repository/org/codehaus/jackson/jackson-xc/1.9.13/jackson-xc-1.9.13.jar:/home/user/.m2/repository/commons-logging/commons-logging/1.1.3/commons-logging-1.1.3.jar:/home/user/.m2/repository/commons-beanutils/commons-beanutils/1.9.3/commons-beanutils-1.9.3.jar:/home/user/.m2/repository/org/apache/commons/commons-configuration2/2.1.1/commons-configuration2-2.1.1.jar:/home/user/.m2/repository/org/apache/commons/commons-lang3/3.7/commons-lang3-3.7.jar:/home/user/.m2/repository/org/apache/commons/commons-text/1.4/commons-text-1.4.jar:/home/user/.m2/repository/org/apache/avro/avro/1.7.7/avro-1.7.7.jar:/home/user/.m2/repository/com/thoughtworks/paranamer/paranamer/2.3/paranamer-2.3.jar:/home/user/.m2/repository/org/xerial/snappy/snappy-java/1.0.5/snappy-java-1.0.5.jar:/home/user/.m2/repository/com/google/re2j/re2j/1.1/re2j-1.1.jar:/home/user/.m2/repository/com/google/code/gson/gson/2.2.4/gson-2.2.4.jar:/home/user/.m2/repository/com/jcraft/jsch/0.1.54/jsch-0.1.54.jar:/home/user/.m2/repository/org/apache/curator/curator-client/2.12.0/curator-client-2.12.0.jar:/home/user/.m2/repository/org/apache/curator/curator-recipes/2.12.0/curator-recipes-2.12.0.jar:/home/user/.m2/repository/com/google/code/findbugs/jsr305/3.0.0/jsr305-3.0.0.jar:/home/user/.m2/repository/org/apache/htrace/htrace-core4/4.1.0-incubating/htrace-core4-4.1.0-incubating.jar:/home/user/.m2/repository/org/apache/zookeeper/zookeeper/3.4.13/zookeeper-3.4.13.jar:/home/user/.m2/repository/org/apache/yetus/audience-annotations/0.5.0/audience-annotations-0.5.0.jar:/home/user/.m2/repository/org/codehaus/woodstox/stax2-api/3.1.4/stax2-api-3.1.4.jar:/home/user/.m2/repository/com/fasterxml/woodstox/woodstox-core/5.0.3/woodstox-core-5.0.3.jar:/home/user/.m2/repository/dnsjava/dnsjava/2.1.7/dnsjava-2.1.7.jar:/home/user/.m2/repository/org/apache/hadoop/hadoop-hdfs/3.2.0/hadoop-hdfs-3.2.0-tests.jar:/home/user/.m2/repository/org/eclipse/jetty/jetty-util-ajax/9.3.24.v20180605/jetty-util-ajax-9.3.24.v20180605.jar:/home/user/.m2/repository/commons-daemon/commons-daemon/1.0.13/commons-daemon-1.0.13.jar:/home/user/.m2/repository/io/netty/netty/3.10.5.Final/netty-3.10.5.Final.jar:/home/user/.m2/repository/io/netty/netty-all/4.0.52.Final/netty-all-4.0.52.Final.jar:/home/user/.m2/repository/org/fusesource/leveldbjni/leveldbjni-all/1.8/leveldbjni-all-1.8.jar:"/>
    <property name="sun.cpu.endian" value="little"/>
    <property name="user.home" value="/home/user"/>
    <property name="user.language" value="en"/>
    <property name="java.specification.vendor" value="Oracle Corporation"/>
    <property name="java.home" value="/usr/lib/jvm/java-1.8-openjdk/jre"/>
    <property name="java.security.krb5.conf" value="/workdir/hadoop-ozone/integration-test/target/test-classes/krb5.conf"/>
    <property name="basedir" value="/workdir/hadoop-ozone/integration-test"/>
    <property name="file.separator" value="/"/>
    <property name="line.separator" value="&#10;"/>
    <property name="java.vm.specification.vendor" value="Oracle Corporation"/>
    <property name="java.specification.name" value="Java Platform API Specification"/>
    <property name="java.awt.graphicsenv" value="sun.awt.X11GraphicsEnvironment"/>
    <property name="surefire.real.class.path" value="/workdir/hadoop-ozone/integration-test/target/surefire/surefirebooter8553492801745232259.jar"/>
    <property name="hadoop.log.dir" value="/workdir/hadoop-ozone/integration-test/target/log"/>
    <property name="sun.boot.class.path" value="/usr/lib/jvm/java-1.8-openjdk/jre/lib/resources.jar:/usr/lib/jvm/java-1.8-openjdk/jre/lib/rt.jar:/usr/lib/jvm/java-1.8-openjdk/jre/lib/sunrsasign.jar:/usr/lib/jvm/java-1.8-openjdk/jre/lib/jsse.jar:/usr/lib/jvm/java-1.8-openjdk/jre/lib/jce.jar:/usr/lib/jvm/java-1.8-openjdk/jre/lib/charsets.jar:/usr/lib/jvm/java-1.8-openjdk/jre/lib/jfr.jar:/usr/lib/jvm/java-1.8-openjdk/jre/classes"/>
    <property name="sun.management.compiler" value="HotSpot 64-Bit Tiered Compilers"/>
    <property name="java.runtime.version" value="1.8.0_212-b04"/>
    <property name="java.net.preferIPv4Stack" value="true"/>
    <property name="user.name" value="jenkins1000"/>
    <property name="path.separator" value=":"/>
    <property name="java.security.egd" value="file:///dev/urandom"/>
    <property name="os.version" value="3.10.0-957.12.2.el7.x86_64"/>
    <property name="java.endorsed.dirs" value="/usr/lib/jvm/java-1.8-openjdk/jre/lib/endorsed"/>
    <property name="java.runtime.name" value="OpenJDK Runtime Environment"/>
    <property name="file.encoding" value="UTF-8"/>
    <property name="java.vm.name" value="OpenJDK 64-Bit Server VM"/>
    <property name="test.build.webapps" value=""/>
    <property name="localRepository" value="/home/user/.m2/repository"/>
    <property name="java.vendor.url.bug" value="https://icedtea.classpath.org/bugzilla"/>
    <property name="java.io.tmpdir" value="/tmp"/>
    <property name="require.test.libhadoop" value=""/>
    <property name="java.version" value="1.8.0_212"/>
    <property name="user.dir" value="/workdir/hadoop-ozone/integration-test"/>
    <property name="os.arch" value="amd64"/>
    <property name="java.vm.specification.name" value="Java Virtual Machine Specification"/>
    <property name="test.build.classes" value="/workdir/hadoop-ozone/integration-test/target/test-classes"/>
    <property name="java.awt.printerjob" value="sun.print.PSPrinterJob"/>
    <property name="sun.os.patch.level" value="unknown"/>
    <property name="hadoop.tmp.dir" value="/workdir/hadoop-ozone/integration-test/target/tmp"/>
    <property name="java.library.path" value="/usr/lib/jvm/java-1.8-openjdk/jre/lib/amd64/server:/usr/lib/jvm/java-1.8-openjdk/jre/lib/amd64:/usr/lib/jvm/java-1.8-openjdk/jre/../lib/amd64:/workdir/hadoop-ozone/integration-test/target/native/target/usr/local/lib:/workdir/hadoop-ozone/integration-test/../../hadoop-common-project/hadoop-common/target/native/target/usr/local/lib:/usr/java/packages/lib/amd64:/usr/lib64:/lib64:/lib:/usr/lib"/>
    <property name="java.vm.info" value="mixed mode"/>
    <property name="java.vendor" value="IcedTea"/>
    <property name="java.vm.version" value="25.212-b04"/>
    <property name="java.ext.dirs" value="/usr/lib/jvm/java-1.8-openjdk/jre/lib/ext:/usr/java/packages/lib/ext"/>
    <property name="sun.io.unicode.encoding" value="UnicodeLittle"/>
    <property name="java.class.version" value="52.0"/>
  </properties>
  <testcase name="test2WayCommitForRetryfailure" classname="org.apache.hadoop.ozone.client.rpc.Test2WayCommitInRatis" time="41.261">
    <error message="org.apache.ratis.protocol.RaftRetryFailureException: Failed RaftClientRequest:client-3690B94889F8-&gt;8240b2fd-00fc-40d9-9a44-40fb4e30c3a3@group-0F301184CFE7, cid=14, seq=2*, RW, org.apache.hadoop.hdds.scm.XceiverClientRatis$$Lambda$297/732559750@343aec0b for 20 attempts with RetryLimited(maxAttempts=20, sleepTime=1000ms)" type="java.util.concurrent.ExecutionException">java.util.concurrent.ExecutionException: org.apache.ratis.protocol.RaftRetryFailureException: Failed RaftClientRequest:client-3690B94889F8->8240b2fd-00fc-40d9-9a44-40fb4e30c3a3@group-0F301184CFE7, cid=14, seq=2*, RW, org.apache.hadoop.hdds.scm.XceiverClientRatis$$Lambda$297/732559750@343aec0b for 20 attempts with RetryLimited(maxAttempts=20, sleepTime=1000ms)
	at java.util.concurrent.CompletableFuture.reportGet(CompletableFuture.java:357)
	at java.util.concurrent.CompletableFuture.get(CompletableFuture.java:1895)
	at org.apache.hadoop.ozone.client.rpc.Test2WayCommitInRatis.test2WayCommitForRetryfailure(Test2WayCommitInRatis.java:144)
	at sun.reflect.NativeMethodAccessorImpl.invoke0(Native Method)
	at sun.reflect.NativeMethodAccessorImpl.invoke(NativeMethodAccessorImpl.java:62)
	at sun.reflect.DelegatingMethodAccessorImpl.invoke(DelegatingMethodAccessorImpl.java:43)
	at java.lang.reflect.Method.invoke(Method.java:498)
	at org.junit.runners.model.FrameworkMethod$1.runReflectiveCall(FrameworkMethod.java:47)
	at org.junit.internal.runners.model.ReflectiveCallable.run(ReflectiveCallable.java:12)
	at org.junit.runners.model.FrameworkMethod.invokeExplosively(FrameworkMethod.java:44)
	at org.junit.internal.runners.statements.InvokeMethod.evaluate(InvokeMethod.java:17)
	at org.junit.runners.ParentRunner.runLeaf(ParentRunner.java:271)
	at org.junit.runners.BlockJUnit4ClassRunner.runChild(BlockJUnit4ClassRunner.java:70)
	at org.junit.runners.BlockJUnit4ClassRunner.runChild(BlockJUnit4ClassRunner.java:50)
	at org.junit.runners.ParentRunner$3.run(ParentRunner.java:238)
	at org.junit.runners.ParentRunner$1.schedule(ParentRunner.java:63)
	at org.junit.runners.ParentRunner.runChildren(ParentRunner.java:236)
	at org.junit.runners.ParentRunner.access$000(ParentRunner.java:53)
	at org.junit.runners.ParentRunner$2.evaluate(ParentRunner.java:229)
	at org.junit.runners.ParentRunner.run(ParentRunner.java:309)
	at org.apache.maven.surefire.junit4.JUnit4Provider.execute(JUnit4Provider.java:365)
	at org.apache.maven.surefire.junit4.JUnit4Provider.executeWithRerun(JUnit4Provider.java:273)
	at org.apache.maven.surefire.junit4.JUnit4Provider.executeTestSet(JUnit4Provider.java:238)
	at org.apache.maven.surefire.junit4.JUnit4Provider.invoke(JUnit4Provider.java:159)
	at org.apache.maven.surefire.booter.ForkedBooter.invokeProviderInSameClassLoader(ForkedBooter.java:384)
	at org.apache.maven.surefire.booter.ForkedBooter.runSuitesInProcess(ForkedBooter.java:345)
	at org.apache.maven.surefire.booter.ForkedBooter.execute(ForkedBooter.java:126)
	at org.apache.maven.surefire.booter.ForkedBooter.main(ForkedBooter.java:418)
Caused by: org.apache.ratis.protocol.RaftRetryFailureException: Failed RaftClientRequest:client-3690B94889F8->8240b2fd-00fc-40d9-9a44-40fb4e30c3a3@group-0F301184CFE7, cid=14, seq=2*, RW, org.apache.hadoop.hdds.scm.XceiverClientRatis$$Lambda$297/732559750@343aec0b for 20 attempts with RetryLimited(maxAttempts=20, sleepTime=1000ms)
	at org.apache.ratis.client.impl.RaftClientImpl.noMoreRetries(RaftClientImpl.java:272)
	at org.apache.ratis.client.impl.OrderedAsync.handleAsyncRetryFailure(OrderedAsync.java:138)
	at org.apache.ratis.client.impl.OrderedAsync.lambda$sendRequest$10(OrderedAsync.java:230)
	at java.util.concurrent.CompletableFuture.uniExceptionally(CompletableFuture.java:870)
	at java.util.concurrent.CompletableFuture$UniExceptionally.tryFire(CompletableFuture.java:852)
	at java.util.concurrent.CompletableFuture.postComplete(CompletableFuture.java:474)
	at java.util.concurrent.CompletableFuture.completeExceptionally(CompletableFuture.java:1977)
	at org.apache.ratis.grpc.client.GrpcClientProtocolClient$AsyncStreamObservers.completeReplyExceptionally(GrpcClientProtocolClient.java:330)
	at org.apache.ratis.grpc.client.GrpcClientProtocolClient$AsyncStreamObservers.access$000(GrpcClientProtocolClient.java:246)
	at org.apache.ratis.grpc.client.GrpcClientProtocolClient$AsyncStreamObservers$1.onNext(GrpcClientProtocolClient.java:258)
	at org.apache.ratis.grpc.client.GrpcClientProtocolClient$AsyncStreamObservers$1.onNext(GrpcClientProtocolClient.java:249)
	at org.apache.ratis.thirdparty.io.grpc.stub.ClientCalls$StreamObserverToCallListenerAdapter.onMessage(ClientCalls.java:421)
	at org.apache.ratis.thirdparty.io.grpc.ForwardingClientCallListener.onMessage(ForwardingClientCallListener.java:33)
	at org.apache.ratis.thirdparty.io.grpc.ForwardingClientCallListener.onMessage(ForwardingClientCallListener.java:33)
	at org.apache.ratis.thirdparty.io.grpc.internal.ClientCallImpl$ClientStreamListenerImpl$1MessagesAvailable.runInContext(ClientCallImpl.java:519)
	at org.apache.ratis.thirdparty.io.grpc.internal.ContextRunnable.run(ContextRunnable.java:37)
	at org.apache.ratis.thirdparty.io.grpc.internal.SerializingExecutor.run(SerializingExecutor.java:123)
	at java.util.concurrent.ThreadPoolExecutor.runWorker(ThreadPoolExecutor.java:1149)
	at java.util.concurrent.ThreadPoolExecutor$Worker.run(ThreadPoolExecutor.java:624)
	at java.lang.Thread.run(Thread.java:748)
Caused by: org.apache.ratis.protocol.NotLeaderException: Server 8240b2fd-00fc-40d9-9a44-40fb4e30c3a3 is not the leader (null). Request must be sent to leader.
	at org.apache.ratis.client.impl.ClientProtoUtils.toRaftClientReply(ClientProtoUtils.java:242)
	at org.apache.ratis.grpc.client.GrpcClientProtocolClient$AsyncStreamObservers$1.onNext(GrpcClientProtocolClient.java:254)
	... 10 more
</error>
    <system-out><![CDATA[2019-08-21 23:16:23,265 [main] WARN  server.ServerUtils (ServerUtils.java:getScmDbDir(145)) - ozone.scm.db.dirs is not configured. We recommend adding this setting. Falling back to ozone.metadata.dirs instead.
2019-08-21 23:16:23,383 [main] WARN  server.ServerUtils (ServerUtils.java:getScmDbDir(145)) - ozone.scm.db.dirs is not configured. We recommend adding this setting. Falling back to ozone.metadata.dirs instead.
2019-08-21 23:16:23,386 [main] WARN  server.ServerUtils (ServerUtils.java:getScmDbDir(145)) - ozone.scm.db.dirs is not configured. We recommend adding this setting. Falling back to ozone.metadata.dirs instead.
2019-08-21 23:16:23,405 [main] INFO  util.log (Log.java:initialized(192)) - Logging initialized @883ms
2019-08-21 23:16:23,511 [main] INFO  db.DBStoreBuilder (DBStoreBuilder.java:addTable(110)) - using custom profile for table: deletedBlocks
2019-08-21 23:16:23,511 [main] INFO  db.DBStoreBuilder (DBStoreBuilder.java:processTables(161)) - Using default column profile:DBProfile.DISK for Table:deletedBlocks
2019-08-21 23:16:23,512 [main] INFO  db.DBStoreBuilder (DBStoreBuilder.java:addTable(110)) - using custom profile for table: validCerts
2019-08-21 23:16:23,512 [main] INFO  db.DBStoreBuilder (DBStoreBuilder.java:processTables(161)) - Using default column profile:DBProfile.DISK for Table:validCerts
2019-08-21 23:16:23,512 [main] INFO  db.DBStoreBuilder (DBStoreBuilder.java:addTable(110)) - using custom profile for table: revokedCerts
2019-08-21 23:16:23,513 [main] INFO  db.DBStoreBuilder (DBStoreBuilder.java:processTables(161)) - Using default column profile:DBProfile.DISK for Table:revokedCerts
2019-08-21 23:16:23,525 [main] INFO  db.DBStoreBuilder (DBStoreBuilder.java:addTable(110)) - using custom profile for table: default
2019-08-21 23:16:23,525 [main] INFO  db.DBStoreBuilder (DBStoreBuilder.java:processTables(167)) - Using default column profile:DBProfile.DISK for Table:default
2019-08-21 23:16:23,527 [main] INFO  db.DBStoreBuilder (DBStoreBuilder.java:getDbProfile(198)) - Using default options. DBProfile.DISK
2019-08-21 23:16:23,768 [main] INFO  net.NodeSchemaLoader (NodeSchemaLoader.java:loadSchemaFromFile(125)) - Loading file from sun.misc.CompoundEnumeration@6eda5c9
2019-08-21 23:16:23,770 [main] INFO  net.NodeSchemaLoader (NodeSchemaLoader.java:loadSchema(171)) - Loading network topology layer schema file
2019-08-21 23:16:23,840 [main] WARN  server.ServerUtils (ServerUtils.java:sanitizeUserArgs(70)) - ozone.scm.stale.node.interval value = 300000 is larger than max = 100000 based on the key value of ozone.scm.heartbeat.thread.interval, reset to the max value 100000.
2019-08-21 23:16:23,842 [main] WARN  server.ServerUtils (ServerUtils.java:sanitizeUserArgs(70)) - ozone.scm.stale.node.interval value = 300000 is larger than max = 100000 based on the key value of ozone.scm.heartbeat.thread.interval, reset to the max value 100000.
2019-08-21 23:16:23,844 [main] INFO  node.SCMNodeManager (SCMNodeManager.java:<init>(121)) - Entering startup safe mode.
2019-08-21 23:16:23,915 [main] INFO  algorithms.ContainerPlacementPolicyFactory (ContainerPlacementPolicyFactory.java:getPolicy(55)) - Create container placement policy of type org.apache.hadoop.hdds.scm.container.placement.algorithms.SCMContainerPlacementRandom
2019-08-21 23:16:23,930 [main] WARN  server.ServerUtils (ServerUtils.java:getScmDbDir(145)) - ozone.scm.db.dirs is not configured. We recommend adding this setting. Falling back to ozone.metadata.dirs instead.
2019-08-21 23:16:24,011 [main] INFO  pipeline.SCMPipelineManager (SCMPipelineManager.java:initializePipelineState(126)) - No pipeline exists in current db
2019-08-21 23:16:24,014 [main] WARN  server.ServerUtils (ServerUtils.java:getScmDbDir(145)) - ozone.scm.db.dirs is not configured. We recommend adding this setting. Falling back to ozone.metadata.dirs instead.
2019-08-21 23:16:24,164 [main] WARN  events.EventQueue (EventQueue.java:fireEvent(175)) - No event handler registered for event TypedEvent{payloadType=SafeModeStatus, name='SafeModeStatus'}
2019-08-21 23:16:24,530 [main] INFO  ipc.CallQueueManager (CallQueueManager.java:<init>(84)) - Using callQueue: class java.util.concurrent.LinkedBlockingQueue, queueCapacity: 2000, scheduler: class org.apache.hadoop.ipc.DefaultRpcScheduler, ipcBackoff: false.
2019-08-21 23:16:24,558 [Socket Reader #1 for port 34879] INFO  ipc.Server (Server.java:run(1074)) - Starting Socket Reader #1 for port 34879
2019-08-21 23:16:24,582 [main] INFO  ipc.CallQueueManager (CallQueueManager.java:<init>(84)) - Using callQueue: class java.util.concurrent.LinkedBlockingQueue, queueCapacity: 2000, scheduler: class org.apache.hadoop.ipc.DefaultRpcScheduler, ipcBackoff: false.
2019-08-21 23:16:24,583 [Socket Reader #1 for port 46139] INFO  ipc.Server (Server.java:run(1074)) - Starting Socket Reader #1 for port 46139
2019-08-21 23:16:24,591 [main] INFO  ipc.CallQueueManager (CallQueueManager.java:<init>(84)) - Using callQueue: class java.util.concurrent.LinkedBlockingQueue, queueCapacity: 2000, scheduler: class org.apache.hadoop.ipc.DefaultRpcScheduler, ipcBackoff: false.
2019-08-21 23:16:24,591 [Socket Reader #1 for port 44651] INFO  ipc.Server (Server.java:run(1074)) - Starting Socket Reader #1 for port 44651
2019-08-21 23:16:24,758 [main] INFO  hdfs.DFSUtil (DFSUtil.java:httpServerTemplateForNNAndJN(1641)) - Starting Web-server for scm at: http://0.0.0.0:0
2019-08-21 23:16:24,955 [main] INFO  server.AuthenticationFilter (AuthenticationFilter.java:constructSecretProvider(240)) - Unable to initialize FileSignerSecretProvider, falling back to use random secrets.
2019-08-21 23:16:24,963 [main] WARN  http.HttpRequestLog (HttpRequestLog.java:getRequestLog(97)) - Jetty request log can only be enabled using Log4j
2019-08-21 23:16:24,971 [main] INFO  http.HttpServer2 (HttpServer2.java:addGlobalFilter(975)) - Added global filter 'safety' (class=org.apache.hadoop.http.HttpServer2$QuotingInputFilter)
2019-08-21 23:16:24,974 [main] INFO  http.HttpServer2 (HttpServer2.java:addFilter(948)) - Added filter static_user_filter (class=org.apache.hadoop.http.lib.StaticUserWebFilter$StaticUserFilter) to context scm
2019-08-21 23:16:24,974 [main] INFO  http.HttpServer2 (HttpServer2.java:addFilter(958)) - Added filter static_user_filter (class=org.apache.hadoop.http.lib.StaticUserWebFilter$StaticUserFilter) to context logs
2019-08-21 23:16:24,975 [main] INFO  http.HttpServer2 (HttpServer2.java:addFilter(958)) - Added filter static_user_filter (class=org.apache.hadoop.http.lib.StaticUserWebFilter$StaticUserFilter) to context static
2019-08-21 23:16:25,003 [main] INFO  server.StorageContainerManager (StorageContainerManager.java:start(759)) - StorageContainerLocationProtocol RPC server is listening at /0.0.0.0:44651
2019-08-21 23:16:25,066 [main] WARN  impl.MetricsConfig (MetricsConfig.java:loadFirst(134)) - Cannot locate configuration: tried hadoop-metrics2-storagecontainermanager.properties,hadoop-metrics2.properties
2019-08-21 23:16:25,079 [main] INFO  impl.MetricsSystemImpl (MetricsSystemImpl.java:startTimer(374)) - Scheduled Metric snapshot period at 10 second(s).
2019-08-21 23:16:25,079 [main] INFO  impl.MetricsSystemImpl (MetricsSystemImpl.java:start(191)) - StorageContainerManager metrics system started
2019-08-21 23:16:25,308 [main] INFO  server.SCMClientProtocolServer (SCMClientProtocolServer.java:start(151)) - RPC server for Client  is listening at /0.0.0.0:44651
2019-08-21 23:16:25,309 [IPC Server Responder] INFO  ipc.Server (Server.java:run(1314)) - IPC Server Responder: starting
2019-08-21 23:16:25,309 [IPC Server listener on 44651] INFO  ipc.Server (Server.java:run(1153)) - IPC Server listener on 44651: starting
2019-08-21 23:16:25,312 [main] INFO  server.StorageContainerManager (StorageContainerManager.java:start(769)) - ScmBlockLocationProtocol RPC server is listening at /0.0.0.0:46139
2019-08-21 23:16:25,313 [main] INFO  server.SCMBlockProtocolServer (SCMBlockProtocolServer.java:start(140)) - RPC server for Block Protocol is listening at /0.0.0.0:46139
2019-08-21 23:16:25,313 [IPC Server Responder] INFO  ipc.Server (Server.java:run(1314)) - IPC Server Responder: starting
2019-08-21 23:16:25,313 [IPC Server listener on 46139] INFO  ipc.Server (Server.java:run(1153)) - IPC Server listener on 46139: starting
2019-08-21 23:16:25,316 [main] INFO  server.StorageContainerManager (StorageContainerManager.java:start(773)) - ScmDatanodeProtocl RPC server is listening at /0.0.0.0:34879
2019-08-21 23:16:25,316 [main] INFO  server.SCMDatanodeProtocolServer (SCMDatanodeProtocolServer.java:start(191)) - RPC server for DataNodes is listening at /0.0.0.0:34879
2019-08-21 23:16:25,317 [IPC Server Responder] INFO  ipc.Server (Server.java:run(1314)) - IPC Server Responder: starting
2019-08-21 23:16:25,317 [IPC Server listener on 34879] INFO  ipc.Server (Server.java:run(1153)) - IPC Server listener on 34879: starting
2019-08-21 23:16:25,321 [main] INFO  http.HttpServer2 (HttpServer2.java:bindListener(1191)) - Jetty bound to port 37958
2019-08-21 23:16:25,323 [main] INFO  server.Server (Server.java:doStart(351)) - jetty-9.3.24.v20180605, build timestamp: 2018-06-05T17:11:56Z, git hash: 84205aa28f11a4f31f2a3b86d1bba2cc8ab69827
2019-08-21 23:16:25,362 [main] INFO  handler.ContextHandler (ContextHandler.java:doStart(781)) - Started o.e.j.s.ServletContextHandler@76012793{/logs,file:///workdir/hadoop-ozone/integration-test/target/log,AVAILABLE}
2019-08-21 23:16:25,363 [main] INFO  handler.ContextHandler (ContextHandler.java:doStart(781)) - Started o.e.j.s.ServletContextHandler@79d94571{/static,file:///workdir/hadoop-ozone/integration-test/target/test-classes/webapps/static,AVAILABLE}
2019-08-21 23:16:25,397 [main] INFO  handler.ContextHandler (ContextHandler.java:doStart(781)) - Started o.e.j.w.WebAppContext@15a902e7{/,file:///workdir/hadoop-ozone/integration-test/target/test-classes/webapps/scm/,AVAILABLE}{/scm}
2019-08-21 23:16:25,403 [main] INFO  server.AbstractConnector (AbstractConnector.java:doStart(278)) - Started ServerConnector@2416a51{HTTP/1.1,[http/1.1]}{0.0.0.0:37958}
2019-08-21 23:16:25,403 [main] INFO  server.Server (Server.java:doStart(419)) - Started @2881ms
2019-08-21 23:16:25,404 [main] INFO  server.BaseHttpServer (BaseHttpServer.java:updateConnectorAddress(213)) - HTTP server of SCM is listening at http://0.0.0.0:37958
2019-08-21 23:16:25,410 [org.apache.hadoop.util.JvmPauseMonitor$Monitor@192f2f27] INFO  util.JvmPauseMonitor (JvmPauseMonitor.java:run(188)) - Starting JVM pause monitor
2019-08-21 23:16:25,412 [main] WARN  server.ServerUtils (ServerUtils.java:getDBPath(222)) - ozone.om.db.dirs is not configured. We recommend adding this setting. Falling back to ozone.metadata.dirs instead.
2019-08-21 23:16:25,517 [main] WARN  server.ServerUtils (ServerUtils.java:getDBPath(222)) - ozone.om.db.dirs is not configured. We recommend adding this setting. Falling back to ozone.metadata.dirs instead.
2019-08-21 23:16:25,517 [main] WARN  server.ServerUtils (ServerUtils.java:getDBPath(222)) - ozone.om.db.dirs is not configured. We recommend adding this setting. Falling back to ozone.metadata.dirs instead.
2019-08-21 23:16:25,518 [main] INFO  om.OzoneManager (OzoneManager.java:setOMNodeDetails(644)) - OM Service ID is not set. Setting it to the default ID: omServiceIdDefault
2019-08-21 23:16:25,518 [main] INFO  om.OzoneManager (OzoneManager.java:setOMNodeDetails(650)) - OM Node ID is not set. Setting it to the OmStorage's OmID: 94f64a13-526a-4780-91fc-9321fffa2677
2019-08-21 23:16:25,520 [main] INFO  om.OzoneManager (OzoneManager.java:loadOMHAConfigs(601)) - Found matching OM address with OMServiceId: null, OMNodeId: null, RPC Address: localhost:0 and Ratis port: 9872
2019-08-21 23:16:26,145 [main] WARN  server.ServerUtils (ServerUtils.java:getDBPath(222)) - ozone.om.db.dirs is not configured. We recommend adding this setting. Falling back to ozone.metadata.dirs instead.
2019-08-21 23:16:26,151 [main] INFO  db.DBStoreBuilder (DBStoreBuilder.java:addTable(110)) - using custom profile for table: userTable
2019-08-21 23:16:26,151 [main] INFO  db.DBStoreBuilder (DBStoreBuilder.java:processTables(161)) - Using default column profile:DBProfile.DISK for Table:userTable
2019-08-21 23:16:26,152 [main] INFO  db.DBStoreBuilder (DBStoreBuilder.java:addTable(110)) - using custom profile for table: volumeTable
2019-08-21 23:16:26,152 [main] INFO  db.DBStoreBuilder (DBStoreBuilder.java:processTables(161)) - Using default column profile:DBProfile.DISK for Table:volumeTable
2019-08-21 23:16:26,152 [main] INFO  db.DBStoreBuilder (DBStoreBuilder.java:addTable(110)) - using custom profile for table: bucketTable
2019-08-21 23:16:26,152 [main] INFO  db.DBStoreBuilder (DBStoreBuilder.java:processTables(161)) - Using default column profile:DBProfile.DISK for Table:bucketTable
2019-08-21 23:16:26,153 [main] INFO  db.DBStoreBuilder (DBStoreBuilder.java:addTable(110)) - using custom profile for table: keyTable
2019-08-21 23:16:26,153 [main] INFO  db.DBStoreBuilder (DBStoreBuilder.java:processTables(161)) - Using default column profile:DBProfile.DISK for Table:keyTable
2019-08-21 23:16:26,153 [main] INFO  db.DBStoreBuilder (DBStoreBuilder.java:addTable(110)) - using custom profile for table: deletedTable
2019-08-21 23:16:26,153 [main] INFO  db.DBStoreBuilder (DBStoreBuilder.java:processTables(161)) - Using default column profile:DBProfile.DISK for Table:deletedTable
2019-08-21 23:16:26,153 [main] INFO  db.DBStoreBuilder (DBStoreBuilder.java:addTable(110)) - using custom profile for table: openKeyTable
2019-08-21 23:16:26,154 [main] INFO  db.DBStoreBuilder (DBStoreBuilder.java:processTables(161)) - Using default column profile:DBProfile.DISK for Table:openKeyTable
2019-08-21 23:16:26,154 [main] INFO  db.DBStoreBuilder (DBStoreBuilder.java:addTable(110)) - using custom profile for table: s3Table
2019-08-21 23:16:26,154 [main] INFO  db.DBStoreBuilder (DBStoreBuilder.java:processTables(161)) - Using default column profile:DBProfile.DISK for Table:s3Table
2019-08-21 23:16:26,154 [main] INFO  db.DBStoreBuilder (DBStoreBuilder.java:addTable(110)) - using custom profile for table: multipartInfoTable
2019-08-21 23:16:26,154 [main] INFO  db.DBStoreBuilder (DBStoreBuilder.java:processTables(161)) - Using default column profile:DBProfile.DISK for Table:multipartInfoTable
2019-08-21 23:16:26,155 [main] INFO  db.DBStoreBuilder (DBStoreBuilder.java:addTable(110)) - using custom profile for table: dTokenTable
2019-08-21 23:16:26,155 [main] INFO  db.DBStoreBuilder (DBStoreBuilder.java:processTables(161)) - Using default column profile:DBProfile.DISK for Table:dTokenTable
2019-08-21 23:16:26,155 [main] INFO  db.DBStoreBuilder (DBStoreBuilder.java:addTable(110)) - using custom profile for table: s3SecretTable
2019-08-21 23:16:26,155 [main] INFO  db.DBStoreBuilder (DBStoreBuilder.java:processTables(161)) - Using default column profile:DBProfile.DISK for Table:s3SecretTable
2019-08-21 23:16:26,156 [main] INFO  db.DBStoreBuilder (DBStoreBuilder.java:addTable(110)) - using custom profile for table: prefixTable
2019-08-21 23:16:26,156 [main] INFO  db.DBStoreBuilder (DBStoreBuilder.java:processTables(161)) - Using default column profile:DBProfile.DISK for Table:prefixTable
2019-08-21 23:16:26,156 [main] INFO  db.DBStoreBuilder (DBStoreBuilder.java:addTable(110)) - using custom profile for table: default
2019-08-21 23:16:26,156 [main] INFO  db.DBStoreBuilder (DBStoreBuilder.java:processTables(167)) - Using default column profile:DBProfile.DISK for Table:default
2019-08-21 23:16:26,156 [main] INFO  db.DBStoreBuilder (DBStoreBuilder.java:getDbProfile(198)) - Using default options. DBProfile.DISK
2019-08-21 23:16:26,806 [main] INFO  ipc.CallQueueManager (CallQueueManager.java:<init>(84)) - Using callQueue: class java.util.concurrent.LinkedBlockingQueue, queueCapacity: 2000, scheduler: class org.apache.hadoop.ipc.DefaultRpcScheduler, ipcBackoff: false.
2019-08-21 23:16:26,807 [Socket Reader #1 for port 43150] INFO  ipc.Server (Server.java:run(1074)) - Starting Socket Reader #1 for port 43150
2019-08-21 23:16:26,830 [main] INFO  om.OzoneManager (OzoneManager.java:start(1255)) - OzoneManager RPC server is listening at localhost/127.0.0.1:43150
2019-08-21 23:16:26,830 [main] INFO  impl.MetricsSystemImpl (MetricsSystemImpl.java:init(158)) - OzoneManager metrics system started (again)
2019-08-21 23:16:26,832 [IPC Server Responder] INFO  ipc.Server (Server.java:run(1314)) - IPC Server Responder: starting
2019-08-21 23:16:26,832 [IPC Server listener on 43150] INFO  ipc.Server (Server.java:run(1153)) - IPC Server listener on 43150: starting
2019-08-21 23:16:26,838 [main] INFO  hdfs.DFSUtil (DFSUtil.java:httpServerTemplateForNNAndJN(1641)) - Starting Web-server for ozoneManager at: http://0.0.0.0:0
2019-08-21 23:16:26,840 [main] INFO  server.AuthenticationFilter (AuthenticationFilter.java:constructSecretProvider(240)) - Unable to initialize FileSignerSecretProvider, falling back to use random secrets.
2019-08-21 23:16:26,840 [main] WARN  http.HttpRequestLog (HttpRequestLog.java:getRequestLog(97)) - Jetty request log can only be enabled using Log4j
2019-08-21 23:16:26,842 [main] INFO  http.HttpServer2 (HttpServer2.java:addGlobalFilter(975)) - Added global filter 'safety' (class=org.apache.hadoop.http.HttpServer2$QuotingInputFilter)
2019-08-21 23:16:26,843 [main] INFO  http.HttpServer2 (HttpServer2.java:addFilter(948)) - Added filter static_user_filter (class=org.apache.hadoop.http.lib.StaticUserWebFilter$StaticUserFilter) to context ozoneManager
2019-08-21 23:16:26,844 [main] INFO  http.HttpServer2 (HttpServer2.java:addFilter(958)) - Added filter static_user_filter (class=org.apache.hadoop.http.lib.StaticUserWebFilter$StaticUserFilter) to context logs
2019-08-21 23:16:26,844 [main] INFO  http.HttpServer2 (HttpServer2.java:addFilter(958)) - Added filter static_user_filter (class=org.apache.hadoop.http.lib.StaticUserWebFilter$StaticUserFilter) to context static
2019-08-21 23:16:26,846 [main] INFO  http.HttpServer2 (HttpServer2.java:bindListener(1191)) - Jetty bound to port 37901
2019-08-21 23:16:26,846 [main] INFO  server.Server (Server.java:doStart(351)) - jetty-9.3.24.v20180605, build timestamp: 2018-06-05T17:11:56Z, git hash: 84205aa28f11a4f31f2a3b86d1bba2cc8ab69827
2019-08-21 23:16:26,848 [main] INFO  handler.ContextHandler (ContextHandler.java:doStart(781)) - Started o.e.j.s.ServletContextHandler@30af7377{/logs,file:///workdir/hadoop-ozone/integration-test/target/log,AVAILABLE}
2019-08-21 23:16:26,849 [main] INFO  handler.ContextHandler (ContextHandler.java:doStart(781)) - Started o.e.j.s.ServletContextHandler@1dab9dd6{/static,file:///workdir/hadoop-ozone/integration-test/target/test-classes/webapps/static,AVAILABLE}
2019-08-21 23:16:26,854 [main] INFO  handler.ContextHandler (ContextHandler.java:doStart(781)) - Started o.e.j.w.WebAppContext@52a36910{/,file:///workdir/hadoop-ozone/integration-test/target/test-classes/webapps/ozoneManager/,AVAILABLE}{/ozoneManager}
2019-08-21 23:16:26,855 [main] INFO  server.AbstractConnector (AbstractConnector.java:doStart(278)) - Started ServerConnector@3a095ec0{HTTP/1.1,[http/1.1]}{0.0.0.0:37901}
2019-08-21 23:16:26,855 [main] INFO  server.Server (Server.java:doStart(419)) - Started @4333ms
2019-08-21 23:16:26,858 [main] INFO  server.BaseHttpServer (BaseHttpServer.java:updateConnectorAddress(213)) - HTTP server of OZONEMANAGER is listening at http://0.0.0.0:37901
2019-08-21 23:16:27,232 [main] INFO  impl.MetricsSystemImpl (MetricsSystemImpl.java:init(158)) - HddsDatanode metrics system started (again)
2019-08-21 23:16:27,344 [main] INFO  ozone.HddsDatanodeService (HddsDatanodeService.java:start(184)) - HddsDatanodeService host:pr-hdds-1827-f9hw7-802483496 ip:192.168.5.181
2019-08-21 23:16:27,378 [main] INFO  volume.HddsVolume (HddsVolume.java:<init>(176)) - Creating Volume: /workdir/hadoop-ozone/integration-test/target/test-dir/MiniOzoneClusterImpl-6d53a963-eed6-48f6-a374-011e20eb1423/datanode-0/data/containers/hdds of  storage type : DISK and capacity : 1482555576320
2019-08-21 23:16:27,379 [main] INFO  volume.VolumeSet (VolumeSet.java:initializeVolumeSet(170)) - Added Volume : /workdir/hadoop-ozone/integration-test/target/test-dir/MiniOzoneClusterImpl-6d53a963-eed6-48f6-a374-011e20eb1423/datanode-0/data/containers/hdds to VolumeSet
2019-08-21 23:16:27,382 [main] INFO  volume.ThrottledAsyncChecker (ThrottledAsyncChecker.java:schedule(140)) - Scheduling a check for org.apache.hadoop.ozone.container.common.volume.HddsVolume@37b72ea
2019-08-21 23:16:27,399 [main] INFO  volume.HddsVolumeChecker (HddsVolumeChecker.java:checkAllVolumes(203)) - Scheduled health check for volume org.apache.hadoop.ozone.container.common.volume.HddsVolume@37b72ea
2019-08-21 23:16:27,512 [main] INFO  impl.RaftServerProxy (ConfUtils.java:logGet(43)) - raft.rpc.type = GRPC (default)
2019-08-21 23:16:27,586 [main] INFO  grpc.GrpcFactory (GrpcFactory.java:checkPooledByteBufAllocatorUseCacheForAllThreads(45)) - PERFORMANCE WARNING: useCacheForAllThreads is true that may cause Netty to create a lot garbage objects and, as a result, trigger GC.
	It is recommended to disable useCacheForAllThreads by setting -Dorg.apache.ratis.thirdparty.io.netty.allocator.useCacheForAllThreads=false in command line.
2019-08-21 23:16:27,591 [main] INFO  grpc.GrpcConfigKeys$Server (ConfUtils.java:logGet(43)) - raft.grpc.server.port = 0 (default)
2019-08-21 23:16:27,591 [main] INFO  server.GrpcService (ConfUtils.java:logGet(43)) - raft.grpc.message.size.max = 33570816 (custom)
2019-08-21 23:16:27,593 [main] INFO  server.RaftServerConfigKeys (ConfUtils.java:logGet(43)) - raft.server.log.appender.buffer.byte-limit = 33554432 (custom)
2019-08-21 23:16:27,594 [main] INFO  server.GrpcService (ConfUtils.java:logGet(43)) - raft.grpc.flow.control.window = 1MB (=1048576) (default)
2019-08-21 23:16:27,595 [main] INFO  server.RaftServerConfigKeys (ConfUtils.java:logGet(43)) - raft.server.rpc.request.timeout = 3000ms (default)
2019-08-21 23:16:27,758 [main] INFO  server.RaftServerConfigKeys (ConfUtils.java:logGet(43)) - raft.server.storage.dir = [/workdir/hadoop-ozone/integration-test/target/test-dir/MiniOzoneClusterImpl-6d53a963-eed6-48f6-a374-011e20eb1423/datanode-0/data/ratis] (custom)
2019-08-21 23:16:27,808 [main] INFO  replication.SimpleContainerDownloader (SimpleContainerDownloader.java:<init>(72)) - Starting container downloader service to copy containers to replicate.
2019-08-21 23:16:27,826 [main] INFO  hdfs.DFSUtil (DFSUtil.java:httpServerTemplateForNNAndJN(1641)) - Starting Web-server for hddsDatanode at: http://0.0.0.0:0
2019-08-21 23:16:27,828 [main] INFO  server.AuthenticationFilter (AuthenticationFilter.java:constructSecretProvider(240)) - Unable to initialize FileSignerSecretProvider, falling back to use random secrets.
2019-08-21 23:16:27,829 [main] WARN  http.HttpRequestLog (HttpRequestLog.java:getRequestLog(97)) - Jetty request log can only be enabled using Log4j
2019-08-21 23:16:27,831 [main] INFO  http.HttpServer2 (HttpServer2.java:addGlobalFilter(975)) - Added global filter 'safety' (class=org.apache.hadoop.http.HttpServer2$QuotingInputFilter)
2019-08-21 23:16:27,832 [main] INFO  http.HttpServer2 (HttpServer2.java:addFilter(948)) - Added filter static_user_filter (class=org.apache.hadoop.http.lib.StaticUserWebFilter$StaticUserFilter) to context hddsDatanode
2019-08-21 23:16:27,832 [main] INFO  http.HttpServer2 (HttpServer2.java:addFilter(958)) - Added filter static_user_filter (class=org.apache.hadoop.http.lib.StaticUserWebFilter$StaticUserFilter) to context static
2019-08-21 23:16:27,833 [main] INFO  http.HttpServer2 (HttpServer2.java:addFilter(958)) - Added filter static_user_filter (class=org.apache.hadoop.http.lib.StaticUserWebFilter$StaticUserFilter) to context logs
2019-08-21 23:16:27,834 [main] INFO  http.HttpServer2 (HttpServer2.java:bindListener(1191)) - Jetty bound to port 43969
2019-08-21 23:16:27,834 [main] INFO  server.Server (Server.java:doStart(351)) - jetty-9.3.24.v20180605, build timestamp: 2018-06-05T17:11:56Z, git hash: 84205aa28f11a4f31f2a3b86d1bba2cc8ab69827
2019-08-21 23:16:27,838 [main] INFO  handler.ContextHandler (ContextHandler.java:doStart(781)) - Started o.e.j.s.ServletContextHandler@1bc0d349{/logs,file:///workdir/hadoop-ozone/integration-test/target/log,AVAILABLE}
2019-08-21 23:16:27,838 [main] INFO  handler.ContextHandler (ContextHandler.java:doStart(781)) - Started o.e.j.s.ServletContextHandler@5292ceca{/static,jar:file:/home/user/.m2/repository/org/apache/hadoop/hadoop-hdds-container-service/0.5.0-SNAPSHOT/hadoop-hdds-container-service-0.5.0-SNAPSHOT.jar!/webapps/static,AVAILABLE}
2019-08-21 23:16:27,873 [main] INFO  handler.ContextHandler (ContextHandler.java:doStart(781)) - Started o.e.j.w.WebAppContext@4b790d86{/,file:///tmp/jetty-0.0.0.0-43969-hddsDatanode-_-any-3482254611759697470.dir/webapp/,AVAILABLE}{/hddsDatanode}
2019-08-21 23:16:27,874 [main] INFO  server.AbstractConnector (AbstractConnector.java:doStart(278)) - Started ServerConnector@7e7f0216{HTTP/1.1,[http/1.1]}{0.0.0.0:43969}
2019-08-21 23:16:27,877 [main] INFO  server.Server (Server.java:doStart(419)) - Started @5355ms
2019-08-21 23:16:27,879 [main] INFO  server.BaseHttpServer (BaseHttpServer.java:updateConnectorAddress(213)) - HTTP server of HDDSDATANODE is listening at http://0.0.0.0:43969
2019-08-21 23:16:29,099 [main] INFO  ozone.HddsDatanodeService (HddsDatanodeService.java:startPlugins(395)) - Started plug-in org.apache.hadoop.ozone.web.OzoneHddsDatanodeService@1a1ccaaf
2019-08-21 23:16:29,102 [main] INFO  impl.MetricsSystemImpl (MetricsSystemImpl.java:init(158)) - HddsDatanode metrics system started (again)
2019-08-21 23:16:29,106 [main] INFO  ozone.HddsDatanodeService (HddsDatanodeService.java:start(184)) - HddsDatanodeService host:pr-hdds-1827-f9hw7-802483496 ip:192.168.5.181
2019-08-21 23:16:29,110 [org.apache.hadoop.util.JvmPauseMonitor$Monitor@3576362f] INFO  util.JvmPauseMonitor (JvmPauseMonitor.java:run(188)) - Starting JVM pause monitor
2019-08-21 23:16:29,116 [main] INFO  volume.HddsVolume (HddsVolume.java:<init>(176)) - Creating Volume: /workdir/hadoop-ozone/integration-test/target/test-dir/MiniOzoneClusterImpl-6d53a963-eed6-48f6-a374-011e20eb1423/datanode-1/data/containers/hdds of  storage type : DISK and capacity : 1482555576320
2019-08-21 23:16:29,117 [main] INFO  volume.VolumeSet (VolumeSet.java:initializeVolumeSet(170)) - Added Volume : /workdir/hadoop-ozone/integration-test/target/test-dir/MiniOzoneClusterImpl-6d53a963-eed6-48f6-a374-011e20eb1423/datanode-1/data/containers/hdds to VolumeSet
2019-08-21 23:16:29,117 [main] INFO  volume.ThrottledAsyncChecker (ThrottledAsyncChecker.java:schedule(140)) - Scheduling a check for org.apache.hadoop.ozone.container.common.volume.HddsVolume@10a18e3e
2019-08-21 23:16:29,119 [main] INFO  volume.HddsVolumeChecker (HddsVolumeChecker.java:checkAllVolumes(203)) - Scheduled health check for volume org.apache.hadoop.ozone.container.common.volume.HddsVolume@10a18e3e
2019-08-21 23:16:29,144 [main] INFO  impl.RaftServerProxy (ConfUtils.java:logGet(43)) - raft.rpc.type = GRPC (default)
2019-08-21 23:16:29,144 [main] INFO  grpc.GrpcFactory (GrpcFactory.java:checkPooledByteBufAllocatorUseCacheForAllThreads(45)) - PERFORMANCE WARNING: useCacheForAllThreads is true that may cause Netty to create a lot garbage objects and, as a result, trigger GC.
	It is recommended to disable useCacheForAllThreads by setting -Dorg.apache.ratis.thirdparty.io.netty.allocator.useCacheForAllThreads=false in command line.
2019-08-21 23:16:29,145 [main] INFO  grpc.GrpcConfigKeys$Server (ConfUtils.java:logGet(43)) - raft.grpc.server.port = 0 (default)
2019-08-21 23:16:29,145 [main] INFO  server.GrpcService (ConfUtils.java:logGet(43)) - raft.grpc.message.size.max = 33570816 (custom)
2019-08-21 23:16:29,145 [main] INFO  server.RaftServerConfigKeys (ConfUtils.java:logGet(43)) - raft.server.log.appender.buffer.byte-limit = 33554432 (custom)
2019-08-21 23:16:29,146 [main] INFO  server.GrpcService (ConfUtils.java:logGet(43)) - raft.grpc.flow.control.window = 1MB (=1048576) (default)
2019-08-21 23:16:29,146 [main] INFO  server.RaftServerConfigKeys (ConfUtils.java:logGet(43)) - raft.server.rpc.request.timeout = 3000ms (default)
2019-08-21 23:16:29,147 [main] INFO  server.RaftServerConfigKeys (ConfUtils.java:logGet(43)) - raft.server.storage.dir = [/workdir/hadoop-ozone/integration-test/target/test-dir/MiniOzoneClusterImpl-6d53a963-eed6-48f6-a374-011e20eb1423/datanode-1/data/ratis] (custom)
2019-08-21 23:16:29,148 [main] INFO  replication.SimpleContainerDownloader (SimpleContainerDownloader.java:<init>(72)) - Starting container downloader service to copy containers to replicate.
2019-08-21 23:16:29,149 [main] INFO  hdfs.DFSUtil (DFSUtil.java:httpServerTemplateForNNAndJN(1641)) - Starting Web-server for hddsDatanode at: http://0.0.0.0:0
2019-08-21 23:16:29,151 [main] INFO  server.AuthenticationFilter (AuthenticationFilter.java:constructSecretProvider(240)) - Unable to initialize FileSignerSecretProvider, falling back to use random secrets.
2019-08-21 23:16:29,152 [main] WARN  http.HttpRequestLog (HttpRequestLog.java:getRequestLog(97)) - Jetty request log can only be enabled using Log4j
2019-08-21 23:16:29,154 [main] INFO  http.HttpServer2 (HttpServer2.java:addGlobalFilter(975)) - Added global filter 'safety' (class=org.apache.hadoop.http.HttpServer2$QuotingInputFilter)
2019-08-21 23:16:29,155 [main] INFO  http.HttpServer2 (HttpServer2.java:addFilter(948)) - Added filter static_user_filter (class=org.apache.hadoop.http.lib.StaticUserWebFilter$StaticUserFilter) to context hddsDatanode
2019-08-21 23:16:29,155 [main] INFO  http.HttpServer2 (HttpServer2.java:addFilter(958)) - Added filter static_user_filter (class=org.apache.hadoop.http.lib.StaticUserWebFilter$StaticUserFilter) to context static
2019-08-21 23:16:29,155 [main] INFO  http.HttpServer2 (HttpServer2.java:addFilter(958)) - Added filter static_user_filter (class=org.apache.hadoop.http.lib.StaticUserWebFilter$StaticUserFilter) to context logs
2019-08-21 23:16:29,156 [main] INFO  http.HttpServer2 (HttpServer2.java:bindListener(1191)) - Jetty bound to port 40289
2019-08-21 23:16:29,156 [main] INFO  server.Server (Server.java:doStart(351)) - jetty-9.3.24.v20180605, build timestamp: 2018-06-05T17:11:56Z, git hash: 84205aa28f11a4f31f2a3b86d1bba2cc8ab69827
2019-08-21 23:16:29,161 [main] INFO  handler.ContextHandler (ContextHandler.java:doStart(781)) - Started o.e.j.s.ServletContextHandler@171dc7c3{/logs,file:///workdir/hadoop-ozone/integration-test/target/log,AVAILABLE}
2019-08-21 23:16:29,161 [main] INFO  handler.ContextHandler (ContextHandler.java:doStart(781)) - Started o.e.j.s.ServletContextHandler@4cdba2ed{/static,jar:file:/home/user/.m2/repository/org/apache/hadoop/hadoop-hdds-container-service/0.5.0-SNAPSHOT/hadoop-hdds-container-service-0.5.0-SNAPSHOT.jar!/webapps/static,AVAILABLE}
2019-08-21 23:16:29,196 [main] INFO  handler.ContextHandler (ContextHandler.java:doStart(781)) - Started o.e.j.w.WebAppContext@4e375bba{/,file:///tmp/jetty-0.0.0.0-40289-hddsDatanode-_-any-4662328100005039026.dir/webapp/,AVAILABLE}{/hddsDatanode}
2019-08-21 23:16:29,197 [main] INFO  server.AbstractConnector (AbstractConnector.java:doStart(278)) - Started ServerConnector@ab2e6d2{HTTP/1.1,[http/1.1]}{0.0.0.0:40289}
2019-08-21 23:16:29,199 [main] INFO  server.Server (Server.java:doStart(419)) - Started @6677ms
2019-08-21 23:16:29,200 [main] INFO  server.BaseHttpServer (BaseHttpServer.java:updateConnectorAddress(213)) - HTTP server of HDDSDATANODE is listening at http://0.0.0.0:40289
2019-08-21 23:16:29,247 [Datanode State Machine Thread - 0] INFO  datanode.InitDatanodeState (InitDatanodeState.java:persistContainerDatanodeDetails(140)) - DatanodeDetails is persisted to /workdir/hadoop-ozone/integration-test/target/test-dir/MiniOzoneClusterImpl-6d53a963-eed6-48f6-a374-011e20eb1423/datanode-0/meta/datanode.id
2019-08-21 23:16:29,331 [main] INFO  ozone.HddsDatanodeService (HddsDatanodeService.java:startPlugins(395)) - Started plug-in org.apache.hadoop.ozone.web.OzoneHddsDatanodeService@27976390
2019-08-21 23:16:29,332 [main] INFO  impl.MetricsSystemImpl (MetricsSystemImpl.java:init(158)) - HddsDatanode metrics system started (again)
2019-08-21 23:16:29,335 [main] INFO  ozone.HddsDatanodeService (HddsDatanodeService.java:start(184)) - HddsDatanodeService host:pr-hdds-1827-f9hw7-802483496 ip:192.168.5.181
2019-08-21 23:16:29,335 [org.apache.hadoop.util.JvmPauseMonitor$Monitor@4cec256d] INFO  util.JvmPauseMonitor (JvmPauseMonitor.java:run(188)) - Starting JVM pause monitor
2019-08-21 23:16:29,341 [Datanode State Machine Thread - 0] INFO  datanode.InitDatanodeState (InitDatanodeState.java:persistContainerDatanodeDetails(140)) - DatanodeDetails is persisted to /workdir/hadoop-ozone/integration-test/target/test-dir/MiniOzoneClusterImpl-6d53a963-eed6-48f6-a374-011e20eb1423/datanode-1/meta/datanode.id
2019-08-21 23:16:29,346 [main] INFO  volume.HddsVolume (HddsVolume.java:<init>(176)) - Creating Volume: /workdir/hadoop-ozone/integration-test/target/test-dir/MiniOzoneClusterImpl-6d53a963-eed6-48f6-a374-011e20eb1423/datanode-2/data/containers/hdds of  storage type : DISK and capacity : 1482555576320
2019-08-21 23:16:29,346 [main] INFO  volume.VolumeSet (VolumeSet.java:initializeVolumeSet(170)) - Added Volume : /workdir/hadoop-ozone/integration-test/target/test-dir/MiniOzoneClusterImpl-6d53a963-eed6-48f6-a374-011e20eb1423/datanode-2/data/containers/hdds to VolumeSet
2019-08-21 23:16:29,346 [main] INFO  volume.ThrottledAsyncChecker (ThrottledAsyncChecker.java:schedule(140)) - Scheduling a check for org.apache.hadoop.ozone.container.common.volume.HddsVolume@5460edd3
2019-08-21 23:16:29,347 [main] INFO  volume.HddsVolumeChecker (HddsVolumeChecker.java:checkAllVolumes(203)) - Scheduled health check for volume org.apache.hadoop.ozone.container.common.volume.HddsVolume@5460edd3
2019-08-21 23:16:29,362 [main] INFO  impl.RaftServerProxy (ConfUtils.java:logGet(43)) - raft.rpc.type = GRPC (default)
2019-08-21 23:16:29,362 [main] INFO  grpc.GrpcFactory (GrpcFactory.java:checkPooledByteBufAllocatorUseCacheForAllThreads(45)) - PERFORMANCE WARNING: useCacheForAllThreads is true that may cause Netty to create a lot garbage objects and, as a result, trigger GC.
	It is recommended to disable useCacheForAllThreads by setting -Dorg.apache.ratis.thirdparty.io.netty.allocator.useCacheForAllThreads=false in command line.
2019-08-21 23:16:29,363 [main] INFO  grpc.GrpcConfigKeys$Server (ConfUtils.java:logGet(43)) - raft.grpc.server.port = 0 (default)
2019-08-21 23:16:29,363 [main] INFO  server.GrpcService (ConfUtils.java:logGet(43)) - raft.grpc.message.size.max = 33570816 (custom)
2019-08-21 23:16:29,363 [main] INFO  server.RaftServerConfigKeys (ConfUtils.java:logGet(43)) - raft.server.log.appender.buffer.byte-limit = 33554432 (custom)
2019-08-21 23:16:29,363 [main] INFO  server.GrpcService (ConfUtils.java:logGet(43)) - raft.grpc.flow.control.window = 1MB (=1048576) (default)
2019-08-21 23:16:29,363 [main] INFO  server.RaftServerConfigKeys (ConfUtils.java:logGet(43)) - raft.server.rpc.request.timeout = 3000ms (default)
2019-08-21 23:16:29,364 [main] INFO  server.RaftServerConfigKeys (ConfUtils.java:logGet(43)) - raft.server.storage.dir = [/workdir/hadoop-ozone/integration-test/target/test-dir/MiniOzoneClusterImpl-6d53a963-eed6-48f6-a374-011e20eb1423/datanode-2/data/ratis] (custom)
2019-08-21 23:16:29,365 [main] INFO  replication.SimpleContainerDownloader (SimpleContainerDownloader.java:<init>(72)) - Starting container downloader service to copy containers to replicate.
2019-08-21 23:16:29,366 [main] INFO  hdfs.DFSUtil (DFSUtil.java:httpServerTemplateForNNAndJN(1641)) - Starting Web-server for hddsDatanode at: http://0.0.0.0:0
2019-08-21 23:16:29,367 [main] INFO  server.AuthenticationFilter (AuthenticationFilter.java:constructSecretProvider(240)) - Unable to initialize FileSignerSecretProvider, falling back to use random secrets.
2019-08-21 23:16:29,368 [main] WARN  http.HttpRequestLog (HttpRequestLog.java:getRequestLog(97)) - Jetty request log can only be enabled using Log4j
2019-08-21 23:16:29,369 [main] INFO  http.HttpServer2 (HttpServer2.java:addGlobalFilter(975)) - Added global filter 'safety' (class=org.apache.hadoop.http.HttpServer2$QuotingInputFilter)
2019-08-21 23:16:29,370 [main] INFO  http.HttpServer2 (HttpServer2.java:addFilter(948)) - Added filter static_user_filter (class=org.apache.hadoop.http.lib.StaticUserWebFilter$StaticUserFilter) to context hddsDatanode
2019-08-21 23:16:29,370 [main] INFO  http.HttpServer2 (HttpServer2.java:addFilter(958)) - Added filter static_user_filter (class=org.apache.hadoop.http.lib.StaticUserWebFilter$StaticUserFilter) to context logs
2019-08-21 23:16:29,370 [main] INFO  http.HttpServer2 (HttpServer2.java:addFilter(958)) - Added filter static_user_filter (class=org.apache.hadoop.http.lib.StaticUserWebFilter$StaticUserFilter) to context static
2019-08-21 23:16:29,371 [main] INFO  http.HttpServer2 (HttpServer2.java:bindListener(1191)) - Jetty bound to port 34383
2019-08-21 23:16:29,371 [main] INFO  server.Server (Server.java:doStart(351)) - jetty-9.3.24.v20180605, build timestamp: 2018-06-05T17:11:56Z, git hash: 84205aa28f11a4f31f2a3b86d1bba2cc8ab69827
2019-08-21 23:16:29,373 [main] INFO  handler.ContextHandler (ContextHandler.java:doStart(781)) - Started o.e.j.s.ServletContextHandler@3a1b36a1{/logs,file:///workdir/hadoop-ozone/integration-test/target/log,AVAILABLE}
2019-08-21 23:16:29,373 [main] INFO  handler.ContextHandler (ContextHandler.java:doStart(781)) - Started o.e.j.s.ServletContextHandler@4b55ff0a{/static,jar:file:/home/user/.m2/repository/org/apache/hadoop/hadoop-hdds-container-service/0.5.0-SNAPSHOT/hadoop-hdds-container-service-0.5.0-SNAPSHOT.jar!/webapps/static,AVAILABLE}
2019-08-21 23:16:29,398 [main] INFO  handler.ContextHandler (ContextHandler.java:doStart(781)) - Started o.e.j.w.WebAppContext@217235f5{/,file:///tmp/jetty-0.0.0.0-34383-hddsDatanode-_-any-1928628358809299777.dir/webapp/,AVAILABLE}{/hddsDatanode}
2019-08-21 23:16:29,398 [main] INFO  server.AbstractConnector (AbstractConnector.java:doStart(278)) - Started ServerConnector@4b41587d{HTTP/1.1,[http/1.1]}{0.0.0.0:34383}
2019-08-21 23:16:29,399 [main] INFO  server.Server (Server.java:doStart(419)) - Started @6878ms
2019-08-21 23:16:29,402 [main] INFO  server.BaseHttpServer (BaseHttpServer.java:updateConnectorAddress(213)) - HTTP server of HDDSDATANODE is listening at http://0.0.0.0:34383
2019-08-21 23:16:29,532 [main] INFO  ozone.HddsDatanodeService (HddsDatanodeService.java:startPlugins(395)) - Started plug-in org.apache.hadoop.ozone.web.OzoneHddsDatanodeService@269222ae
2019-08-21 23:16:29,533 [main] INFO  impl.MetricsSystemImpl (MetricsSystemImpl.java:init(158)) - HddsDatanode metrics system started (again)
2019-08-21 23:16:29,537 [main] INFO  ozone.HddsDatanodeService (HddsDatanodeService.java:start(184)) - HddsDatanodeService host:pr-hdds-1827-f9hw7-802483496 ip:192.168.5.181
2019-08-21 23:16:29,537 [org.apache.hadoop.util.JvmPauseMonitor$Monitor@9ff6c38] INFO  util.JvmPauseMonitor (JvmPauseMonitor.java:run(188)) - Starting JVM pause monitor
2019-08-21 23:16:29,541 [Datanode State Machine Thread - 0] INFO  datanode.InitDatanodeState (InitDatanodeState.java:persistContainerDatanodeDetails(140)) - DatanodeDetails is persisted to /workdir/hadoop-ozone/integration-test/target/test-dir/MiniOzoneClusterImpl-6d53a963-eed6-48f6-a374-011e20eb1423/datanode-2/meta/datanode.id
2019-08-21 23:16:29,546 [main] INFO  volume.HddsVolume (HddsVolume.java:<init>(176)) - Creating Volume: /workdir/hadoop-ozone/integration-test/target/test-dir/MiniOzoneClusterImpl-6d53a963-eed6-48f6-a374-011e20eb1423/datanode-3/data/containers/hdds of  storage type : DISK and capacity : 1482555576320
2019-08-21 23:16:29,546 [main] INFO  volume.VolumeSet (VolumeSet.java:initializeVolumeSet(170)) - Added Volume : /workdir/hadoop-ozone/integration-test/target/test-dir/MiniOzoneClusterImpl-6d53a963-eed6-48f6-a374-011e20eb1423/datanode-3/data/containers/hdds to VolumeSet
2019-08-21 23:16:29,546 [main] INFO  volume.ThrottledAsyncChecker (ThrottledAsyncChecker.java:schedule(140)) - Scheduling a check for org.apache.hadoop.ozone.container.common.volume.HddsVolume@b30a50d
2019-08-21 23:16:29,547 [main] INFO  volume.HddsVolumeChecker (HddsVolumeChecker.java:checkAllVolumes(203)) - Scheduled health check for volume org.apache.hadoop.ozone.container.common.volume.HddsVolume@b30a50d
2019-08-21 23:16:29,561 [main] INFO  impl.RaftServerProxy (ConfUtils.java:logGet(43)) - raft.rpc.type = GRPC (default)
2019-08-21 23:16:29,561 [main] INFO  grpc.GrpcFactory (GrpcFactory.java:checkPooledByteBufAllocatorUseCacheForAllThreads(45)) - PERFORMANCE WARNING: useCacheForAllThreads is true that may cause Netty to create a lot garbage objects and, as a result, trigger GC.
	It is recommended to disable useCacheForAllThreads by setting -Dorg.apache.ratis.thirdparty.io.netty.allocator.useCacheForAllThreads=false in command line.
2019-08-21 23:16:29,561 [main] INFO  grpc.GrpcConfigKeys$Server (ConfUtils.java:logGet(43)) - raft.grpc.server.port = 0 (default)
2019-08-21 23:16:29,562 [main] INFO  server.GrpcService (ConfUtils.java:logGet(43)) - raft.grpc.message.size.max = 33570816 (custom)
2019-08-21 23:16:29,562 [main] INFO  server.RaftServerConfigKeys (ConfUtils.java:logGet(43)) - raft.server.log.appender.buffer.byte-limit = 33554432 (custom)
2019-08-21 23:16:29,562 [main] INFO  server.GrpcService (ConfUtils.java:logGet(43)) - raft.grpc.flow.control.window = 1MB (=1048576) (default)
2019-08-21 23:16:29,562 [main] INFO  server.RaftServerConfigKeys (ConfUtils.java:logGet(43)) - raft.server.rpc.request.timeout = 3000ms (default)
2019-08-21 23:16:29,563 [main] INFO  server.RaftServerConfigKeys (ConfUtils.java:logGet(43)) - raft.server.storage.dir = [/workdir/hadoop-ozone/integration-test/target/test-dir/MiniOzoneClusterImpl-6d53a963-eed6-48f6-a374-011e20eb1423/datanode-3/data/ratis] (custom)
2019-08-21 23:16:29,563 [main] INFO  replication.SimpleContainerDownloader (SimpleContainerDownloader.java:<init>(72)) - Starting container downloader service to copy containers to replicate.
2019-08-21 23:16:29,565 [main] INFO  hdfs.DFSUtil (DFSUtil.java:httpServerTemplateForNNAndJN(1641)) - Starting Web-server for hddsDatanode at: http://0.0.0.0:0
2019-08-21 23:16:29,566 [main] INFO  server.AuthenticationFilter (AuthenticationFilter.java:constructSecretProvider(240)) - Unable to initialize FileSignerSecretProvider, falling back to use random secrets.
2019-08-21 23:16:29,567 [main] WARN  http.HttpRequestLog (HttpRequestLog.java:getRequestLog(97)) - Jetty request log can only be enabled using Log4j
2019-08-21 23:16:29,568 [main] INFO  http.HttpServer2 (HttpServer2.java:addGlobalFilter(975)) - Added global filter 'safety' (class=org.apache.hadoop.http.HttpServer2$QuotingInputFilter)
2019-08-21 23:16:29,569 [main] INFO  http.HttpServer2 (HttpServer2.java:addFilter(948)) - Added filter static_user_filter (class=org.apache.hadoop.http.lib.StaticUserWebFilter$StaticUserFilter) to context hddsDatanode
2019-08-21 23:16:29,569 [main] INFO  http.HttpServer2 (HttpServer2.java:addFilter(958)) - Added filter static_user_filter (class=org.apache.hadoop.http.lib.StaticUserWebFilter$StaticUserFilter) to context logs
2019-08-21 23:16:29,569 [main] INFO  http.HttpServer2 (HttpServer2.java:addFilter(958)) - Added filter static_user_filter (class=org.apache.hadoop.http.lib.StaticUserWebFilter$StaticUserFilter) to context static
2019-08-21 23:16:29,570 [main] INFO  http.HttpServer2 (HttpServer2.java:bindListener(1191)) - Jetty bound to port 33133
2019-08-21 23:16:29,570 [main] INFO  server.Server (Server.java:doStart(351)) - jetty-9.3.24.v20180605, build timestamp: 2018-06-05T17:11:56Z, git hash: 84205aa28f11a4f31f2a3b86d1bba2cc8ab69827
2019-08-21 23:16:29,574 [main] INFO  handler.ContextHandler (ContextHandler.java:doStart(781)) - Started o.e.j.s.ServletContextHandler@3709748f{/logs,file:///workdir/hadoop-ozone/integration-test/target/log,AVAILABLE}
2019-08-21 23:16:29,575 [main] INFO  handler.ContextHandler (ContextHandler.java:doStart(781)) - Started o.e.j.s.ServletContextHandler@6ef2f7ad{/static,jar:file:/home/user/.m2/repository/org/apache/hadoop/hadoop-hdds-container-service/0.5.0-SNAPSHOT/hadoop-hdds-container-service-0.5.0-SNAPSHOT.jar!/webapps/static,AVAILABLE}
2019-08-21 23:16:29,601 [main] INFO  handler.ContextHandler (ContextHandler.java:doStart(781)) - Started o.e.j.w.WebAppContext@8c43966{/,file:///tmp/jetty-0.0.0.0-33133-hddsDatanode-_-any-4112259781150854680.dir/webapp/,AVAILABLE}{/hddsDatanode}
2019-08-21 23:16:29,601 [main] INFO  server.AbstractConnector (AbstractConnector.java:doStart(278)) - Started ServerConnector@1efac5b9{HTTP/1.1,[http/1.1]}{0.0.0.0:33133}
2019-08-21 23:16:29,602 [main] INFO  server.Server (Server.java:doStart(419)) - Started @7080ms
2019-08-21 23:16:29,603 [main] INFO  server.BaseHttpServer (BaseHttpServer.java:updateConnectorAddress(213)) - HTTP server of HDDSDATANODE is listening at http://0.0.0.0:33133
2019-08-21 23:16:29,735 [main] INFO  ozone.HddsDatanodeService (HddsDatanodeService.java:startPlugins(395)) - Started plug-in org.apache.hadoop.ozone.web.OzoneHddsDatanodeService@10b8b900
2019-08-21 23:16:29,735 [main] INFO  impl.MetricsSystemImpl (MetricsSystemImpl.java:init(158)) - HddsDatanode metrics system started (again)
2019-08-21 23:16:29,739 [main] INFO  ozone.HddsDatanodeService (HddsDatanodeService.java:start(184)) - HddsDatanodeService host:pr-hdds-1827-f9hw7-802483496 ip:192.168.5.181
2019-08-21 23:16:29,739 [org.apache.hadoop.util.JvmPauseMonitor$Monitor@50989fa3] INFO  util.JvmPauseMonitor (JvmPauseMonitor.java:run(188)) - Starting JVM pause monitor
2019-08-21 23:16:29,742 [Datanode State Machine Thread - 0] INFO  datanode.InitDatanodeState (InitDatanodeState.java:persistContainerDatanodeDetails(140)) - DatanodeDetails is persisted to /workdir/hadoop-ozone/integration-test/target/test-dir/MiniOzoneClusterImpl-6d53a963-eed6-48f6-a374-011e20eb1423/datanode-3/meta/datanode.id
2019-08-21 23:16:29,747 [main] INFO  volume.HddsVolume (HddsVolume.java:<init>(176)) - Creating Volume: /workdir/hadoop-ozone/integration-test/target/test-dir/MiniOzoneClusterImpl-6d53a963-eed6-48f6-a374-011e20eb1423/datanode-4/data/containers/hdds of  storage type : DISK and capacity : 1482555576320
2019-08-21 23:16:29,747 [main] INFO  volume.VolumeSet (VolumeSet.java:initializeVolumeSet(170)) - Added Volume : /workdir/hadoop-ozone/integration-test/target/test-dir/MiniOzoneClusterImpl-6d53a963-eed6-48f6-a374-011e20eb1423/datanode-4/data/containers/hdds to VolumeSet
2019-08-21 23:16:29,747 [main] INFO  volume.ThrottledAsyncChecker (ThrottledAsyncChecker.java:schedule(140)) - Scheduling a check for org.apache.hadoop.ozone.container.common.volume.HddsVolume@5e905f2c
2019-08-21 23:16:29,748 [main] INFO  volume.HddsVolumeChecker (HddsVolumeChecker.java:checkAllVolumes(203)) - Scheduled health check for volume org.apache.hadoop.ozone.container.common.volume.HddsVolume@5e905f2c
2019-08-21 23:16:29,761 [main] INFO  impl.RaftServerProxy (ConfUtils.java:logGet(43)) - raft.rpc.type = GRPC (default)
2019-08-21 23:16:29,761 [main] INFO  grpc.GrpcFactory (GrpcFactory.java:checkPooledByteBufAllocatorUseCacheForAllThreads(45)) - PERFORMANCE WARNING: useCacheForAllThreads is true that may cause Netty to create a lot garbage objects and, as a result, trigger GC.
	It is recommended to disable useCacheForAllThreads by setting -Dorg.apache.ratis.thirdparty.io.netty.allocator.useCacheForAllThreads=false in command line.
2019-08-21 23:16:29,761 [main] INFO  grpc.GrpcConfigKeys$Server (ConfUtils.java:logGet(43)) - raft.grpc.server.port = 0 (default)
2019-08-21 23:16:29,761 [main] INFO  server.GrpcService (ConfUtils.java:logGet(43)) - raft.grpc.message.size.max = 33570816 (custom)
2019-08-21 23:16:29,762 [main] INFO  server.RaftServerConfigKeys (ConfUtils.java:logGet(43)) - raft.server.log.appender.buffer.byte-limit = 33554432 (custom)
2019-08-21 23:16:29,762 [main] INFO  server.GrpcService (ConfUtils.java:logGet(43)) - raft.grpc.flow.control.window = 1MB (=1048576) (default)
2019-08-21 23:16:29,762 [main] INFO  server.RaftServerConfigKeys (ConfUtils.java:logGet(43)) - raft.server.rpc.request.timeout = 3000ms (default)
2019-08-21 23:16:29,763 [main] INFO  server.RaftServerConfigKeys (ConfUtils.java:logGet(43)) - raft.server.storage.dir = [/workdir/hadoop-ozone/integration-test/target/test-dir/MiniOzoneClusterImpl-6d53a963-eed6-48f6-a374-011e20eb1423/datanode-4/data/ratis] (custom)
2019-08-21 23:16:29,763 [main] INFO  replication.SimpleContainerDownloader (SimpleContainerDownloader.java:<init>(72)) - Starting container downloader service to copy containers to replicate.
2019-08-21 23:16:29,764 [main] INFO  hdfs.DFSUtil (DFSUtil.java:httpServerTemplateForNNAndJN(1641)) - Starting Web-server for hddsDatanode at: http://0.0.0.0:0
2019-08-21 23:16:29,765 [main] INFO  server.AuthenticationFilter (AuthenticationFilter.java:constructSecretProvider(240)) - Unable to initialize FileSignerSecretProvider, falling back to use random secrets.
2019-08-21 23:16:29,766 [main] WARN  http.HttpRequestLog (HttpRequestLog.java:getRequestLog(97)) - Jetty request log can only be enabled using Log4j
2019-08-21 23:16:29,767 [main] INFO  http.HttpServer2 (HttpServer2.java:addGlobalFilter(975)) - Added global filter 'safety' (class=org.apache.hadoop.http.HttpServer2$QuotingInputFilter)
2019-08-21 23:16:29,768 [main] INFO  http.HttpServer2 (HttpServer2.java:addFilter(948)) - Added filter static_user_filter (class=org.apache.hadoop.http.lib.StaticUserWebFilter$StaticUserFilter) to context hddsDatanode
2019-08-21 23:16:29,768 [main] INFO  http.HttpServer2 (HttpServer2.java:addFilter(958)) - Added filter static_user_filter (class=org.apache.hadoop.http.lib.StaticUserWebFilter$StaticUserFilter) to context static
2019-08-21 23:16:29,768 [main] INFO  http.HttpServer2 (HttpServer2.java:addFilter(958)) - Added filter static_user_filter (class=org.apache.hadoop.http.lib.StaticUserWebFilter$StaticUserFilter) to context logs
2019-08-21 23:16:29,769 [main] INFO  http.HttpServer2 (HttpServer2.java:bindListener(1191)) - Jetty bound to port 46868
2019-08-21 23:16:29,769 [main] INFO  server.Server (Server.java:doStart(351)) - jetty-9.3.24.v20180605, build timestamp: 2018-06-05T17:11:56Z, git hash: 84205aa28f11a4f31f2a3b86d1bba2cc8ab69827
2019-08-21 23:16:29,771 [main] INFO  handler.ContextHandler (ContextHandler.java:doStart(781)) - Started o.e.j.s.ServletContextHandler@12192604{/logs,file:///workdir/hadoop-ozone/integration-test/target/log,AVAILABLE}
2019-08-21 23:16:29,771 [main] INFO  handler.ContextHandler (ContextHandler.java:doStart(781)) - Started o.e.j.s.ServletContextHandler@231cdda8{/static,jar:file:/home/user/.m2/repository/org/apache/hadoop/hadoop-hdds-container-service/0.5.0-SNAPSHOT/hadoop-hdds-container-service-0.5.0-SNAPSHOT.jar!/webapps/static,AVAILABLE}
2019-08-21 23:16:29,796 [main] INFO  handler.ContextHandler (ContextHandler.java:doStart(781)) - Started o.e.j.w.WebAppContext@2b43f314{/,file:///tmp/jetty-0.0.0.0-46868-hddsDatanode-_-any-3672963086938587627.dir/webapp/,AVAILABLE}{/hddsDatanode}
2019-08-21 23:16:29,797 [main] INFO  server.AbstractConnector (AbstractConnector.java:doStart(278)) - Started ServerConnector@3a4a5f3c{HTTP/1.1,[http/1.1]}{0.0.0.0:46868}
2019-08-21 23:16:29,798 [main] INFO  server.Server (Server.java:doStart(419)) - Started @7276ms
2019-08-21 23:16:29,798 [main] INFO  server.BaseHttpServer (BaseHttpServer.java:updateConnectorAddress(213)) - HTTP server of HDDSDATANODE is listening at http://0.0.0.0:46868
2019-08-21 23:16:29,940 [main] INFO  ozone.HddsDatanodeService (HddsDatanodeService.java:startPlugins(395)) - Started plug-in org.apache.hadoop.ozone.web.OzoneHddsDatanodeService@251a90ce
2019-08-21 23:16:29,941 [main] INFO  impl.MetricsSystemImpl (MetricsSystemImpl.java:init(158)) - HddsDatanode metrics system started (again)
2019-08-21 23:16:29,945 [main] INFO  ozone.HddsDatanodeService (HddsDatanodeService.java:start(184)) - HddsDatanodeService host:pr-hdds-1827-f9hw7-802483496 ip:192.168.5.181
2019-08-21 23:16:29,945 [org.apache.hadoop.util.JvmPauseMonitor$Monitor@3a988972] INFO  util.JvmPauseMonitor (JvmPauseMonitor.java:run(188)) - Starting JVM pause monitor
2019-08-21 23:16:29,947 [Datanode State Machine Thread - 0] INFO  datanode.InitDatanodeState (InitDatanodeState.java:persistContainerDatanodeDetails(140)) - DatanodeDetails is persisted to /workdir/hadoop-ozone/integration-test/target/test-dir/MiniOzoneClusterImpl-6d53a963-eed6-48f6-a374-011e20eb1423/datanode-4/meta/datanode.id
2019-08-21 23:16:29,952 [main] INFO  volume.HddsVolume (HddsVolume.java:<init>(176)) - Creating Volume: /workdir/hadoop-ozone/integration-test/target/test-dir/MiniOzoneClusterImpl-6d53a963-eed6-48f6-a374-011e20eb1423/datanode-5/data/containers/hdds of  storage type : DISK and capacity : 1482555576320
2019-08-21 23:16:29,953 [main] INFO  volume.VolumeSet (VolumeSet.java:initializeVolumeSet(170)) - Added Volume : /workdir/hadoop-ozone/integration-test/target/test-dir/MiniOzoneClusterImpl-6d53a963-eed6-48f6-a374-011e20eb1423/datanode-5/data/containers/hdds to VolumeSet
2019-08-21 23:16:29,953 [main] INFO  volume.ThrottledAsyncChecker (ThrottledAsyncChecker.java:schedule(140)) - Scheduling a check for org.apache.hadoop.ozone.container.common.volume.HddsVolume@7f22687e
2019-08-21 23:16:29,954 [main] INFO  volume.HddsVolumeChecker (HddsVolumeChecker.java:checkAllVolumes(203)) - Scheduled health check for volume org.apache.hadoop.ozone.container.common.volume.HddsVolume@7f22687e
2019-08-21 23:16:29,975 [main] INFO  impl.RaftServerProxy (ConfUtils.java:logGet(43)) - raft.rpc.type = GRPC (default)
2019-08-21 23:16:29,975 [main] INFO  grpc.GrpcFactory (GrpcFactory.java:checkPooledByteBufAllocatorUseCacheForAllThreads(45)) - PERFORMANCE WARNING: useCacheForAllThreads is true that may cause Netty to create a lot garbage objects and, as a result, trigger GC.
	It is recommended to disable useCacheForAllThreads by setting -Dorg.apache.ratis.thirdparty.io.netty.allocator.useCacheForAllThreads=false in command line.
2019-08-21 23:16:29,975 [main] INFO  grpc.GrpcConfigKeys$Server (ConfUtils.java:logGet(43)) - raft.grpc.server.port = 0 (default)
2019-08-21 23:16:29,976 [main] INFO  server.GrpcService (ConfUtils.java:logGet(43)) - raft.grpc.message.size.max = 33570816 (custom)
2019-08-21 23:16:29,976 [main] INFO  server.RaftServerConfigKeys (ConfUtils.java:logGet(43)) - raft.server.log.appender.buffer.byte-limit = 33554432 (custom)
2019-08-21 23:16:29,976 [main] INFO  server.GrpcService (ConfUtils.java:logGet(43)) - raft.grpc.flow.control.window = 1MB (=1048576) (default)
2019-08-21 23:16:29,977 [main] INFO  server.RaftServerConfigKeys (ConfUtils.java:logGet(43)) - raft.server.rpc.request.timeout = 3000ms (default)
2019-08-21 23:16:29,978 [main] INFO  server.RaftServerConfigKeys (ConfUtils.java:logGet(43)) - raft.server.storage.dir = [/workdir/hadoop-ozone/integration-test/target/test-dir/MiniOzoneClusterImpl-6d53a963-eed6-48f6-a374-011e20eb1423/datanode-5/data/ratis] (custom)
2019-08-21 23:16:29,978 [main] INFO  replication.SimpleContainerDownloader (SimpleContainerDownloader.java:<init>(72)) - Starting container downloader service to copy containers to replicate.
2019-08-21 23:16:29,980 [main] INFO  hdfs.DFSUtil (DFSUtil.java:httpServerTemplateForNNAndJN(1641)) - Starting Web-server for hddsDatanode at: http://0.0.0.0:0
2019-08-21 23:16:29,981 [main] INFO  server.AuthenticationFilter (AuthenticationFilter.java:constructSecretProvider(240)) - Unable to initialize FileSignerSecretProvider, falling back to use random secrets.
2019-08-21 23:16:29,981 [main] WARN  http.HttpRequestLog (HttpRequestLog.java:getRequestLog(97)) - Jetty request log can only be enabled using Log4j
2019-08-21 23:16:29,983 [main] INFO  http.HttpServer2 (HttpServer2.java:addGlobalFilter(975)) - Added global filter 'safety' (class=org.apache.hadoop.http.HttpServer2$QuotingInputFilter)
2019-08-21 23:16:29,983 [main] INFO  http.HttpServer2 (HttpServer2.java:addFilter(948)) - Added filter static_user_filter (class=org.apache.hadoop.http.lib.StaticUserWebFilter$StaticUserFilter) to context hddsDatanode
2019-08-21 23:16:29,983 [main] INFO  http.HttpServer2 (HttpServer2.java:addFilter(958)) - Added filter static_user_filter (class=org.apache.hadoop.http.lib.StaticUserWebFilter$StaticUserFilter) to context static
2019-08-21 23:16:29,984 [main] INFO  http.HttpServer2 (HttpServer2.java:addFilter(958)) - Added filter static_user_filter (class=org.apache.hadoop.http.lib.StaticUserWebFilter$StaticUserFilter) to context logs
2019-08-21 23:16:29,984 [main] INFO  http.HttpServer2 (HttpServer2.java:bindListener(1191)) - Jetty bound to port 44247
2019-08-21 23:16:29,985 [main] INFO  server.Server (Server.java:doStart(351)) - jetty-9.3.24.v20180605, build timestamp: 2018-06-05T17:11:56Z, git hash: 84205aa28f11a4f31f2a3b86d1bba2cc8ab69827
2019-08-21 23:16:29,986 [main] INFO  handler.ContextHandler (ContextHandler.java:doStart(781)) - Started o.e.j.s.ServletContextHandler@b06d46d{/logs,file:///workdir/hadoop-ozone/integration-test/target/log,AVAILABLE}
2019-08-21 23:16:29,987 [main] INFO  handler.ContextHandler (ContextHandler.java:doStart(781)) - Started o.e.j.s.ServletContextHandler@656c5c3{/static,jar:file:/home/user/.m2/repository/org/apache/hadoop/hadoop-hdds-container-service/0.5.0-SNAPSHOT/hadoop-hdds-container-service-0.5.0-SNAPSHOT.jar!/webapps/static,AVAILABLE}
2019-08-21 23:16:30,012 [main] INFO  handler.ContextHandler (ContextHandler.java:doStart(781)) - Started o.e.j.w.WebAppContext@16f7f59f{/,file:///tmp/jetty-0.0.0.0-44247-hddsDatanode-_-any-6961236847207194650.dir/webapp/,AVAILABLE}{/hddsDatanode}
2019-08-21 23:16:30,013 [main] INFO  server.AbstractConnector (AbstractConnector.java:doStart(278)) - Started ServerConnector@4ee8051c{HTTP/1.1,[http/1.1]}{0.0.0.0:44247}
2019-08-21 23:16:30,014 [main] INFO  server.Server (Server.java:doStart(419)) - Started @7492ms
2019-08-21 23:16:30,014 [main] INFO  server.BaseHttpServer (BaseHttpServer.java:updateConnectorAddress(213)) - HTTP server of HDDSDATANODE is listening at http://0.0.0.0:44247
2019-08-21 23:16:30,140 [main] INFO  ozone.HddsDatanodeService (HddsDatanodeService.java:startPlugins(395)) - Started plug-in org.apache.hadoop.ozone.web.OzoneHddsDatanodeService@4ae8fb2a
2019-08-21 23:16:30,140 [main] INFO  impl.MetricsSystemImpl (MetricsSystemImpl.java:init(158)) - HddsDatanode metrics system started (again)
2019-08-21 23:16:30,144 [org.apache.hadoop.util.JvmPauseMonitor$Monitor@54021504] INFO  util.JvmPauseMonitor (JvmPauseMonitor.java:run(188)) - Starting JVM pause monitor
2019-08-21 23:16:30,147 [main] INFO  ozone.HddsDatanodeService (HddsDatanodeService.java:start(184)) - HddsDatanodeService host:pr-hdds-1827-f9hw7-802483496 ip:192.168.5.181
2019-08-21 23:16:30,148 [Datanode State Machine Thread - 0] INFO  datanode.InitDatanodeState (InitDatanodeState.java:persistContainerDatanodeDetails(140)) - DatanodeDetails is persisted to /workdir/hadoop-ozone/integration-test/target/test-dir/MiniOzoneClusterImpl-6d53a963-eed6-48f6-a374-011e20eb1423/datanode-5/meta/datanode.id
2019-08-21 23:16:30,154 [main] INFO  volume.HddsVolume (HddsVolume.java:<init>(176)) - Creating Volume: /workdir/hadoop-ozone/integration-test/target/test-dir/MiniOzoneClusterImpl-6d53a963-eed6-48f6-a374-011e20eb1423/datanode-6/data/containers/hdds of  storage type : DISK and capacity : 1482555576320
2019-08-21 23:16:30,155 [main] INFO  volume.VolumeSet (VolumeSet.java:initializeVolumeSet(170)) - Added Volume : /workdir/hadoop-ozone/integration-test/target/test-dir/MiniOzoneClusterImpl-6d53a963-eed6-48f6-a374-011e20eb1423/datanode-6/data/containers/hdds to VolumeSet
2019-08-21 23:16:30,155 [main] INFO  volume.ThrottledAsyncChecker (ThrottledAsyncChecker.java:schedule(140)) - Scheduling a check for org.apache.hadoop.ozone.container.common.volume.HddsVolume@4662752a
2019-08-21 23:16:30,156 [main] INFO  volume.HddsVolumeChecker (HddsVolumeChecker.java:checkAllVolumes(203)) - Scheduled health check for volume org.apache.hadoop.ozone.container.common.volume.HddsVolume@4662752a
2019-08-21 23:16:30,174 [main] INFO  impl.RaftServerProxy (ConfUtils.java:logGet(43)) - raft.rpc.type = GRPC (default)
2019-08-21 23:16:30,174 [main] INFO  grpc.GrpcFactory (GrpcFactory.java:checkPooledByteBufAllocatorUseCacheForAllThreads(45)) - PERFORMANCE WARNING: useCacheForAllThreads is true that may cause Netty to create a lot garbage objects and, as a result, trigger GC.
	It is recommended to disable useCacheForAllThreads by setting -Dorg.apache.ratis.thirdparty.io.netty.allocator.useCacheForAllThreads=false in command line.
2019-08-21 23:16:30,175 [main] INFO  grpc.GrpcConfigKeys$Server (ConfUtils.java:logGet(43)) - raft.grpc.server.port = 0 (default)
2019-08-21 23:16:30,175 [main] INFO  server.GrpcService (ConfUtils.java:logGet(43)) - raft.grpc.message.size.max = 33570816 (custom)
2019-08-21 23:16:30,175 [main] INFO  server.RaftServerConfigKeys (ConfUtils.java:logGet(43)) - raft.server.log.appender.buffer.byte-limit = 33554432 (custom)
2019-08-21 23:16:30,176 [main] INFO  server.GrpcService (ConfUtils.java:logGet(43)) - raft.grpc.flow.control.window = 1MB (=1048576) (default)
2019-08-21 23:16:30,176 [main] INFO  server.RaftServerConfigKeys (ConfUtils.java:logGet(43)) - raft.server.rpc.request.timeout = 3000ms (default)
2019-08-21 23:16:30,177 [main] INFO  server.RaftServerConfigKeys (ConfUtils.java:logGet(43)) - raft.server.storage.dir = [/workdir/hadoop-ozone/integration-test/target/test-dir/MiniOzoneClusterImpl-6d53a963-eed6-48f6-a374-011e20eb1423/datanode-6/data/ratis] (custom)
2019-08-21 23:16:30,177 [main] INFO  replication.SimpleContainerDownloader (SimpleContainerDownloader.java:<init>(72)) - Starting container downloader service to copy containers to replicate.
2019-08-21 23:16:30,178 [main] INFO  hdfs.DFSUtil (DFSUtil.java:httpServerTemplateForNNAndJN(1641)) - Starting Web-server for hddsDatanode at: http://0.0.0.0:0
2019-08-21 23:16:30,180 [main] INFO  server.AuthenticationFilter (AuthenticationFilter.java:constructSecretProvider(240)) - Unable to initialize FileSignerSecretProvider, falling back to use random secrets.
2019-08-21 23:16:30,180 [main] WARN  http.HttpRequestLog (HttpRequestLog.java:getRequestLog(97)) - Jetty request log can only be enabled using Log4j
2019-08-21 23:16:30,182 [main] INFO  http.HttpServer2 (HttpServer2.java:addGlobalFilter(975)) - Added global filter 'safety' (class=org.apache.hadoop.http.HttpServer2$QuotingInputFilter)
2019-08-21 23:16:30,182 [main] INFO  http.HttpServer2 (HttpServer2.java:addFilter(948)) - Added filter static_user_filter (class=org.apache.hadoop.http.lib.StaticUserWebFilter$StaticUserFilter) to context hddsDatanode
2019-08-21 23:16:30,182 [main] INFO  http.HttpServer2 (HttpServer2.java:addFilter(958)) - Added filter static_user_filter (class=org.apache.hadoop.http.lib.StaticUserWebFilter$StaticUserFilter) to context static
2019-08-21 23:16:30,183 [main] INFO  http.HttpServer2 (HttpServer2.java:addFilter(958)) - Added filter static_user_filter (class=org.apache.hadoop.http.lib.StaticUserWebFilter$StaticUserFilter) to context logs
2019-08-21 23:16:30,183 [main] INFO  http.HttpServer2 (HttpServer2.java:bindListener(1191)) - Jetty bound to port 42049
2019-08-21 23:16:30,183 [main] INFO  server.Server (Server.java:doStart(351)) - jetty-9.3.24.v20180605, build timestamp: 2018-06-05T17:11:56Z, git hash: 84205aa28f11a4f31f2a3b86d1bba2cc8ab69827
2019-08-21 23:16:30,185 [main] INFO  handler.ContextHandler (ContextHandler.java:doStart(781)) - Started o.e.j.s.ServletContextHandler@11826398{/logs,file:///workdir/hadoop-ozone/integration-test/target/log,AVAILABLE}
2019-08-21 23:16:30,186 [main] INFO  handler.ContextHandler (ContextHandler.java:doStart(781)) - Started o.e.j.s.ServletContextHandler@37b01ce2{/static,jar:file:/home/user/.m2/repository/org/apache/hadoop/hadoop-hdds-container-service/0.5.0-SNAPSHOT/hadoop-hdds-container-service-0.5.0-SNAPSHOT.jar!/webapps/static,AVAILABLE}
2019-08-21 23:16:30,213 [main] INFO  handler.ContextHandler (ContextHandler.java:doStart(781)) - Started o.e.j.w.WebAppContext@7ae590f6{/,file:///tmp/jetty-0.0.0.0-42049-hddsDatanode-_-any-6079752993372996548.dir/webapp/,AVAILABLE}{/hddsDatanode}
2019-08-21 23:16:30,214 [main] INFO  server.AbstractConnector (AbstractConnector.java:doStart(278)) - Started ServerConnector@7ab63838{HTTP/1.1,[http/1.1]}{0.0.0.0:42049}
2019-08-21 23:16:30,215 [main] INFO  server.Server (Server.java:doStart(419)) - Started @7693ms
2019-08-21 23:16:30,216 [main] INFO  server.BaseHttpServer (BaseHttpServer.java:updateConnectorAddress(213)) - HTTP server of HDDSDATANODE is listening at http://0.0.0.0:42049
2019-08-21 23:16:30,435 [main] INFO  ozone.HddsDatanodeService (HddsDatanodeService.java:startPlugins(395)) - Started plug-in org.apache.hadoop.ozone.web.OzoneHddsDatanodeService@6009cd34
2019-08-21 23:16:30,438 [main] INFO  ozone.MiniOzoneClusterImpl (MiniOzoneClusterImpl.java:lambda$waitForClusterToBeReady$0(142)) - Waiting for cluster to be ready. Got 0 of 7 DN Heartbeats.
2019-08-21 23:16:30,439 [org.apache.hadoop.util.JvmPauseMonitor$Monitor@40ef8b99] INFO  util.JvmPauseMonitor (JvmPauseMonitor.java:run(188)) - Starting JVM pause monitor
2019-08-21 23:16:30,442 [Datanode State Machine Thread - 0] INFO  datanode.InitDatanodeState (InitDatanodeState.java:persistContainerDatanodeDetails(140)) - DatanodeDetails is persisted to /workdir/hadoop-ozone/integration-test/target/test-dir/MiniOzoneClusterImpl-6d53a963-eed6-48f6-a374-011e20eb1423/datanode-6/meta/datanode.id
2019-08-21 23:16:31,172 [Datanode State Machine Thread - 0] INFO  ozoneimpl.OzoneContainer (OzoneContainer.java:start(186)) - Attempting to start container services.
2019-08-21 23:16:31,174 [Datanode State Machine Thread - 0] INFO  ozoneimpl.OzoneContainer (OzoneContainer.java:startContainerScrub(160)) - Background container scrubber has been disabled by hdds.containerscrub.enabled
2019-08-21 23:16:31,174 [Datanode State Machine Thread - 0] INFO  ratis.XceiverServerRatis (XceiverServerRatis.java:start(404)) - Starting XceiverServerRatis fdac9a0f-7532-40d9-95d9-ea073710a349 at port 0
2019-08-21 23:16:31,197 [Datanode State Machine Thread - 0] INFO  impl.RaftServerProxy (RaftServerProxy.java:lambda$start$3(299)) - fdac9a0f-7532-40d9-95d9-ea073710a349: start RPC server
2019-08-21 23:16:31,330 [Datanode State Machine Thread - 0] INFO  server.GrpcService (GrpcService.java:startImpl(149)) - fdac9a0f-7532-40d9-95d9-ea073710a349: GrpcService started, listening on 0.0.0.0/0.0.0.0:36328
2019-08-21 23:16:31,331 [Datanode State Machine Thread - 0] INFO  ratis.XceiverServerRatis (XceiverServerRatis.java:start(414)) - XceiverServerRatis fdac9a0f-7532-40d9-95d9-ea073710a349 is started using port 36328
2019-08-21 23:16:31,335 [Datanode State Machine Thread - 0] INFO  server.XceiverServerGrpc (XceiverServerGrpc.java:start(161)) - XceiverServerGrpc fdac9a0f-7532-40d9-95d9-ea073710a349 is started using port 36572
2019-08-21 23:16:31,350 [Datanode State Machine Thread - 0] INFO  ozoneimpl.OzoneContainer (OzoneContainer.java:start(186)) - Attempting to start container services.
2019-08-21 23:16:31,353 [Datanode State Machine Thread - 0] INFO  ozoneimpl.OzoneContainer (OzoneContainer.java:startContainerScrub(160)) - Background container scrubber has been disabled by hdds.containerscrub.enabled
2019-08-21 23:16:31,353 [Datanode State Machine Thread - 0] INFO  ratis.XceiverServerRatis (XceiverServerRatis.java:start(404)) - Starting XceiverServerRatis 8240b2fd-00fc-40d9-9a44-40fb4e30c3a3 at port 0
2019-08-21 23:16:31,364 [Datanode State Machine Thread - 0] INFO  impl.RaftServerProxy (RaftServerProxy.java:lambda$start$3(299)) - 8240b2fd-00fc-40d9-9a44-40fb4e30c3a3: start RPC server
2019-08-21 23:16:31,368 [Datanode State Machine Thread - 0] INFO  server.GrpcService (GrpcService.java:startImpl(149)) - 8240b2fd-00fc-40d9-9a44-40fb4e30c3a3: GrpcService started, listening on 0.0.0.0/0.0.0.0:34650
2019-08-21 23:16:31,368 [Datanode State Machine Thread - 0] INFO  ratis.XceiverServerRatis (XceiverServerRatis.java:start(414)) - XceiverServerRatis 8240b2fd-00fc-40d9-9a44-40fb4e30c3a3 is started using port 34650
2019-08-21 23:16:31,371 [Datanode State Machine Thread - 0] INFO  server.XceiverServerGrpc (XceiverServerGrpc.java:start(161)) - XceiverServerGrpc 8240b2fd-00fc-40d9-9a44-40fb4e30c3a3 is started using port 45554
2019-08-21 23:16:31,438 [main] INFO  ozone.MiniOzoneClusterImpl (MiniOzoneClusterImpl.java:lambda$waitForClusterToBeReady$0(142)) - Waiting for cluster to be ready. Got 0 of 7 DN Heartbeats.
2019-08-21 23:16:31,555 [Datanode State Machine Thread - 0] INFO  ozoneimpl.OzoneContainer (OzoneContainer.java:start(186)) - Attempting to start container services.
2019-08-21 23:16:31,560 [Datanode State Machine Thread - 0] INFO  ozoneimpl.OzoneContainer (OzoneContainer.java:startContainerScrub(160)) - Background container scrubber has been disabled by hdds.containerscrub.enabled
2019-08-21 23:16:31,561 [Datanode State Machine Thread - 0] INFO  ratis.XceiverServerRatis (XceiverServerRatis.java:start(404)) - Starting XceiverServerRatis 30732d1c-ca6f-4dcf-aafc-9fae1e227f0f at port 0
2019-08-21 23:16:31,571 [Datanode State Machine Thread - 0] INFO  impl.RaftServerProxy (RaftServerProxy.java:lambda$start$3(299)) - 30732d1c-ca6f-4dcf-aafc-9fae1e227f0f: start RPC server
2019-08-21 23:16:31,575 [Datanode State Machine Thread - 0] INFO  server.GrpcService (GrpcService.java:startImpl(149)) - 30732d1c-ca6f-4dcf-aafc-9fae1e227f0f: GrpcService started, listening on 0.0.0.0/0.0.0.0:35521
2019-08-21 23:16:31,575 [Datanode State Machine Thread - 0] INFO  ratis.XceiverServerRatis (XceiverServerRatis.java:start(414)) - XceiverServerRatis 30732d1c-ca6f-4dcf-aafc-9fae1e227f0f is started using port 35521
2019-08-21 23:16:31,578 [Datanode State Machine Thread - 0] INFO  server.XceiverServerGrpc (XceiverServerGrpc.java:start(161)) - XceiverServerGrpc 30732d1c-ca6f-4dcf-aafc-9fae1e227f0f is started using port 44882
2019-08-21 23:16:31,768 [Datanode State Machine Thread - 0] INFO  ozoneimpl.OzoneContainer (OzoneContainer.java:start(186)) - Attempting to start container services.
2019-08-21 23:16:31,769 [Datanode State Machine Thread - 0] INFO  ozoneimpl.OzoneContainer (OzoneContainer.java:startContainerScrub(160)) - Background container scrubber has been disabled by hdds.containerscrub.enabled
2019-08-21 23:16:31,769 [Datanode State Machine Thread - 0] INFO  ratis.XceiverServerRatis (XceiverServerRatis.java:start(404)) - Starting XceiverServerRatis c91997ae-6098-47eb-ba22-0b3cfd28eafd at port 0
2019-08-21 23:16:31,779 [Datanode State Machine Thread - 0] INFO  impl.RaftServerProxy (RaftServerProxy.java:lambda$start$3(299)) - c91997ae-6098-47eb-ba22-0b3cfd28eafd: start RPC server
2019-08-21 23:16:31,783 [Datanode State Machine Thread - 0] INFO  server.GrpcService (GrpcService.java:startImpl(149)) - c91997ae-6098-47eb-ba22-0b3cfd28eafd: GrpcService started, listening on 0.0.0.0/0.0.0.0:46023
2019-08-21 23:16:31,784 [Datanode State Machine Thread - 0] INFO  ratis.XceiverServerRatis (XceiverServerRatis.java:start(414)) - XceiverServerRatis c91997ae-6098-47eb-ba22-0b3cfd28eafd is started using port 46023
2019-08-21 23:16:31,787 [Datanode State Machine Thread - 0] INFO  server.XceiverServerGrpc (XceiverServerGrpc.java:start(161)) - XceiverServerGrpc c91997ae-6098-47eb-ba22-0b3cfd28eafd is started using port 34425
2019-08-21 23:16:31,974 [Datanode State Machine Thread - 0] INFO  ozoneimpl.OzoneContainer (OzoneContainer.java:start(186)) - Attempting to start container services.
2019-08-21 23:16:31,974 [Datanode State Machine Thread - 0] INFO  ozoneimpl.OzoneContainer (OzoneContainer.java:startContainerScrub(160)) - Background container scrubber has been disabled by hdds.containerscrub.enabled
2019-08-21 23:16:31,975 [Datanode State Machine Thread - 0] INFO  ratis.XceiverServerRatis (XceiverServerRatis.java:start(404)) - Starting XceiverServerRatis 5888b815-4d96-46ed-b33f-cc56843b4232 at port 0
2019-08-21 23:16:31,984 [Datanode State Machine Thread - 0] INFO  impl.RaftServerProxy (RaftServerProxy.java:lambda$start$3(299)) - 5888b815-4d96-46ed-b33f-cc56843b4232: start RPC server
2019-08-21 23:16:31,989 [Datanode State Machine Thread - 0] INFO  server.GrpcService (GrpcService.java:startImpl(149)) - 5888b815-4d96-46ed-b33f-cc56843b4232: GrpcService started, listening on 0.0.0.0/0.0.0.0:40479
2019-08-21 23:16:31,989 [Datanode State Machine Thread - 0] INFO  ratis.XceiverServerRatis (XceiverServerRatis.java:start(414)) - XceiverServerRatis 5888b815-4d96-46ed-b33f-cc56843b4232 is started using port 40479
2019-08-21 23:16:31,993 [Datanode State Machine Thread - 0] INFO  server.XceiverServerGrpc (XceiverServerGrpc.java:start(161)) - XceiverServerGrpc 5888b815-4d96-46ed-b33f-cc56843b4232 is started using port 33586
2019-08-21 23:16:32,163 [Datanode State Machine Thread - 0] INFO  ozoneimpl.OzoneContainer (OzoneContainer.java:start(186)) - Attempting to start container services.
2019-08-21 23:16:32,163 [Datanode State Machine Thread - 0] INFO  ozoneimpl.OzoneContainer (OzoneContainer.java:startContainerScrub(160)) - Background container scrubber has been disabled by hdds.containerscrub.enabled
2019-08-21 23:16:32,164 [Datanode State Machine Thread - 0] INFO  ratis.XceiverServerRatis (XceiverServerRatis.java:start(404)) - Starting XceiverServerRatis be7267f5-08d7-4de7-85bb-d794f700a7dd at port 0
2019-08-21 23:16:32,184 [Datanode State Machine Thread - 0] INFO  impl.RaftServerProxy (RaftServerProxy.java:lambda$start$3(299)) - be7267f5-08d7-4de7-85bb-d794f700a7dd: start RPC server
2019-08-21 23:16:32,189 [Datanode State Machine Thread - 0] INFO  server.GrpcService (GrpcService.java:startImpl(149)) - be7267f5-08d7-4de7-85bb-d794f700a7dd: GrpcService started, listening on 0.0.0.0/0.0.0.0:38145
2019-08-21 23:16:32,190 [Datanode State Machine Thread - 0] INFO  ratis.XceiverServerRatis (XceiverServerRatis.java:start(414)) - XceiverServerRatis be7267f5-08d7-4de7-85bb-d794f700a7dd is started using port 38145
2019-08-21 23:16:32,193 [Datanode State Machine Thread - 0] INFO  server.XceiverServerGrpc (XceiverServerGrpc.java:start(161)) - XceiverServerGrpc be7267f5-08d7-4de7-85bb-d794f700a7dd is started using port 42154
2019-08-21 23:16:32,439 [main] INFO  ozone.MiniOzoneClusterImpl (MiniOzoneClusterImpl.java:lambda$waitForClusterToBeReady$0(142)) - Waiting for cluster to be ready. Got 0 of 7 DN Heartbeats.
2019-08-21 23:16:32,457 [Datanode State Machine Thread - 0] INFO  ozoneimpl.OzoneContainer (OzoneContainer.java:start(186)) - Attempting to start container services.
2019-08-21 23:16:32,457 [Datanode State Machine Thread - 0] INFO  ozoneimpl.OzoneContainer (OzoneContainer.java:startContainerScrub(160)) - Background container scrubber has been disabled by hdds.containerscrub.enabled
2019-08-21 23:16:32,457 [Datanode State Machine Thread - 0] INFO  ratis.XceiverServerRatis (XceiverServerRatis.java:start(404)) - Starting XceiverServerRatis 2b67acc8-3b4a-436a-98ba-6479a7db268f at port 0
2019-08-21 23:16:32,466 [Datanode State Machine Thread - 0] INFO  impl.RaftServerProxy (RaftServerProxy.java:lambda$start$3(299)) - 2b67acc8-3b4a-436a-98ba-6479a7db268f: start RPC server
2019-08-21 23:16:32,471 [Datanode State Machine Thread - 0] INFO  server.GrpcService (GrpcService.java:startImpl(149)) - 2b67acc8-3b4a-436a-98ba-6479a7db268f: GrpcService started, listening on 0.0.0.0/0.0.0.0:45450
2019-08-21 23:16:32,471 [Datanode State Machine Thread - 0] INFO  ratis.XceiverServerRatis (XceiverServerRatis.java:start(414)) - XceiverServerRatis 2b67acc8-3b4a-436a-98ba-6479a7db268f is started using port 45450
2019-08-21 23:16:32,475 [Datanode State Machine Thread - 0] INFO  server.XceiverServerGrpc (XceiverServerGrpc.java:start(161)) - XceiverServerGrpc 2b67acc8-3b4a-436a-98ba-6479a7db268f is started using port 44383
2019-08-21 23:16:33,155 [IPC Server handler 13 on 34879] INFO  net.NetworkTopology (NetworkTopologyImpl.java:add(110)) - Added a new node: /default-rack/fdac9a0f-7532-40d9-95d9-ea073710a349
2019-08-21 23:16:33,156 [IPC Server handler 13 on 34879] INFO  node.SCMNodeManager (SCMNodeManager.java:register(273)) - Registered Data node : fdac9a0f-7532-40d9-95d9-ea073710a349{ip: 192.168.5.181, host: pr-hdds-1827-f9hw7-802483496, networkLocation: /default-rack, certSerialId: null}
2019-08-21 23:16:33,161 [EventQueue-NodeRegistrationContainerReportForDataNodeSafeModeRule] INFO  safemode.SCMSafeModeManager (DataNodeSafeModeRule.java:process(71)) - SCM in safe mode. 1 DataNodes registered, 1 required.
2019-08-21 23:16:33,162 [EventQueue-NodeRegistrationContainerReportForDataNodeSafeModeRule] INFO  safemode.SCMSafeModeManager (SCMSafeModeManager.java:validateSafeModeExitRules(177)) - ScmSafeModeManager, all rules are successfully validated
2019-08-21 23:16:33,162 [EventQueue-NodeRegistrationContainerReportForDataNodeSafeModeRule] INFO  safemode.SCMSafeModeManager (SCMSafeModeManager.java:exitSafeMode(193)) - SCM exiting safe mode.
2019-08-21 23:16:33,339 [IPC Server handler 14 on 34879] INFO  net.NetworkTopology (NetworkTopologyImpl.java:add(110)) - Added a new node: /default-rack/8240b2fd-00fc-40d9-9a44-40fb4e30c3a3
2019-08-21 23:16:33,339 [IPC Server handler 14 on 34879] INFO  node.SCMNodeManager (SCMNodeManager.java:register(273)) - Registered Data node : 8240b2fd-00fc-40d9-9a44-40fb4e30c3a3{ip: 192.168.5.181, host: pr-hdds-1827-f9hw7-802483496, networkLocation: /default-rack, certSerialId: null}
2019-08-21 23:16:33,439 [main] INFO  ozone.MiniOzoneClusterImpl (MiniOzoneClusterImpl.java:lambda$waitForClusterToBeReady$0(142)) - Waiting for cluster to be ready. Got 2 of 7 DN Heartbeats.
2019-08-21 23:16:33,541 [IPC Server handler 17 on 34879] INFO  net.NetworkTopology (NetworkTopologyImpl.java:add(110)) - Added a new node: /default-rack/30732d1c-ca6f-4dcf-aafc-9fae1e227f0f
2019-08-21 23:16:33,541 [IPC Server handler 17 on 34879] INFO  node.SCMNodeManager (SCMNodeManager.java:register(273)) - Registered Data node : 30732d1c-ca6f-4dcf-aafc-9fae1e227f0f{ip: 192.168.5.181, host: pr-hdds-1827-f9hw7-802483496, networkLocation: /default-rack, certSerialId: null}
2019-08-21 23:16:33,744 [IPC Server handler 19 on 34879] INFO  net.NetworkTopology (NetworkTopologyImpl.java:add(110)) - Added a new node: /default-rack/c91997ae-6098-47eb-ba22-0b3cfd28eafd
2019-08-21 23:16:33,744 [IPC Server handler 19 on 34879] INFO  node.SCMNodeManager (SCMNodeManager.java:register(273)) - Registered Data node : c91997ae-6098-47eb-ba22-0b3cfd28eafd{ip: 192.168.5.181, host: pr-hdds-1827-f9hw7-802483496, networkLocation: /default-rack, certSerialId: null}
2019-08-21 23:16:34,082 [IPC Server handler 16 on 34879] INFO  net.NetworkTopology (NetworkTopologyImpl.java:add(110)) - Added a new node: /default-rack/5888b815-4d96-46ed-b33f-cc56843b4232
2019-08-21 23:16:34,082 [IPC Server handler 16 on 34879] INFO  node.SCMNodeManager (SCMNodeManager.java:register(273)) - Registered Data node : 5888b815-4d96-46ed-b33f-cc56843b4232{ip: 192.168.5.181, host: pr-hdds-1827-f9hw7-802483496, networkLocation: /default-rack, certSerialId: null}
2019-08-21 23:16:34,135 [grpc-default-executor-0] INFO  impl.RaftServerProxy (RaftServerProxy.java:addNew(89)) - fdac9a0f-7532-40d9-95d9-ea073710a349: addNew group-A642FE889D2B:[fdac9a0f-7532-40d9-95d9-ea073710a349:192.168.5.181:36328] returns group-A642FE889D2B:java.util.concurrent.CompletableFuture@48af1967[Not completed]
2019-08-21 23:16:34,149 [IPC Server handler 13 on 34879] INFO  net.NetworkTopology (NetworkTopologyImpl.java:add(110)) - Added a new node: /default-rack/be7267f5-08d7-4de7-85bb-d794f700a7dd
2019-08-21 23:16:34,150 [IPC Server handler 13 on 34879] INFO  node.SCMNodeManager (SCMNodeManager.java:register(273)) - Registered Data node : be7267f5-08d7-4de7-85bb-d794f700a7dd{ip: 192.168.5.181, host: pr-hdds-1827-f9hw7-802483496, networkLocation: /default-rack, certSerialId: null}
2019-08-21 23:16:34,160 [pool-27-thread-1] INFO  impl.RaftServerImpl (RaftServerImpl.java:<init>(93)) - fdac9a0f-7532-40d9-95d9-ea073710a349: new RaftServerImpl for group-A642FE889D2B:[fdac9a0f-7532-40d9-95d9-ea073710a349:192.168.5.181:36328] with ContainerStateMachine:uninitialized
2019-08-21 23:16:34,162 [pool-27-thread-1] INFO  server.RaftServerConfigKeys (ConfUtils.java:logGet(43)) - raft.server.rpc.timeout.min = 5s (custom)
2019-08-21 23:16:34,163 [pool-27-thread-1] INFO  server.RaftServerConfigKeys (ConfUtils.java:logGet(43)) - raft.server.rpc.timeout.max = 5200ms (custom)
2019-08-21 23:16:34,163 [pool-27-thread-1] INFO  server.RaftServerConfigKeys (ConfUtils.java:logGet(43)) - raft.server.rpcslowness.timeout = 120s (custom)
2019-08-21 23:16:34,164 [pool-27-thread-1] INFO  server.RaftServerConfigKeys (ConfUtils.java:logGet(43)) - raft.server.sleep.deviation.threshold = 300 (default)
2019-08-21 23:16:34,165 [pool-27-thread-1] INFO  server.RaftServerConfigKeys (ConfUtils.java:logGet(43)) - raft.server.log.appender.install.snapshot.enabled = false (custom)
2019-08-21 23:16:34,175 [pool-27-thread-1] INFO  impl.RaftServerImpl (ServerState.java:<init>(105)) - fdac9a0f-7532-40d9-95d9-ea073710a349:group-A642FE889D2B ConfigurationManager, init=-1: [fdac9a0f-7532-40d9-95d9-ea073710a349:192.168.5.181:36328], old=null, confs=<EMPTY_MAP>
2019-08-21 23:16:34,176 [pool-27-thread-1] INFO  server.RaftServerConfigKeys (ConfUtils.java:logGet(43)) - raft.server.storage.dir = [/workdir/hadoop-ozone/integration-test/target/test-dir/MiniOzoneClusterImpl-6d53a963-eed6-48f6-a374-011e20eb1423/datanode-0/data/ratis] (custom)
2019-08-21 23:16:34,185 [pool-27-thread-1] INFO  storage.RaftStorageDirectory (RaftStorageDirectory.java:analyzeStorage(246)) - The storage directory /workdir/hadoop-ozone/integration-test/target/test-dir/MiniOzoneClusterImpl-6d53a963-eed6-48f6-a374-011e20eb1423/datanode-0/data/ratis/000ecd93-8c59-4f7e-b1cd-a642fe889d2b does not exist. Creating ...
2019-08-21 23:16:34,216 [pool-27-thread-1] INFO  storage.RaftStorageDirectory (RaftStorageDirectory.java:tryLock(328)) - Lock on /workdir/hadoop-ozone/integration-test/target/test-dir/MiniOzoneClusterImpl-6d53a963-eed6-48f6-a374-011e20eb1423/datanode-0/data/ratis/000ecd93-8c59-4f7e-b1cd-a642fe889d2b/in_use.lock acquired by nodename 6142@pr-hdds-1827-f9hw7-802483496
2019-08-21 23:16:34,240 [pool-27-thread-1] INFO  storage.RaftStorage (RaftStorage.java:format(72)) - Storage directory /workdir/hadoop-ozone/integration-test/target/test-dir/MiniOzoneClusterImpl-6d53a963-eed6-48f6-a374-011e20eb1423/datanode-0/data/ratis/000ecd93-8c59-4f7e-b1cd-a642fe889d2b has been successfully formatted.
2019-08-21 23:16:34,244 [pool-27-thread-1] INFO  ratis.ContainerStateMachine (ContainerStateMachine.java:loadSnapshot(222)) - group-A642FE889D2B: The snapshot info is null. Setting the last applied indexto:(t:0, i:~)
2019-08-21 23:16:34,244 [pool-27-thread-1] INFO  server.RaftServerConfigKeys (ConfUtils.java:logGet(43)) - raft.server.leader.election.timeout = 120s (custom)
2019-08-21 23:16:34,247 [pool-27-thread-1] INFO  server.RaftServerConfigKeys (ConfUtils.java:logGet(43)) - raft.server.log.use.memory = false (default)
2019-08-21 23:16:34,256 [pool-27-thread-1] INFO  server.RaftServerConfigKeys (ConfUtils.java:logGet(43)) - raft.server.log.purge.gap = 1000000000 (custom)
2019-08-21 23:16:34,256 [pool-27-thread-1] INFO  server.RaftServerConfigKeys (ConfUtils.java:logGet(43)) - raft.server.log.appender.buffer.byte-limit = 33554432 (custom)
2019-08-21 23:16:34,258 [pool-27-thread-1] INFO  server.RaftServerConfigKeys (ConfUtils.java:logGet(43)) - raft.server.log.segment.size.max = 1048576 (custom)
2019-08-21 23:16:34,265 [pool-27-thread-1] INFO  server.RaftServerConfigKeys (ConfUtils.java:logGet(43)) - raft.server.log.segment.cache.num.max = 2 (custom)
2019-08-21 23:16:34,273 [pool-27-thread-1] INFO  segmented.SegmentedRaftLogWorker (SegmentedRaftLogWorker.java:<init>(172)) - new fdac9a0f-7532-40d9-95d9-ea073710a349-SegmentedRaftLogWorker:Storage Directory /workdir/hadoop-ozone/integration-test/target/test-dir/MiniOzoneClusterImpl-6d53a963-eed6-48f6-a374-011e20eb1423/datanode-0/data/ratis/000ecd93-8c59-4f7e-b1cd-a642fe889d2b for RaftStorage:Storage Directory /workdir/hadoop-ozone/integration-test/target/test-dir/MiniOzoneClusterImpl-6d53a963-eed6-48f6-a374-011e20eb1423/datanode-0/data/ratis/000ecd93-8c59-4f7e-b1cd-a642fe889d2b
2019-08-21 23:16:34,289 [pool-27-thread-1] INFO  server.RaftServerConfigKeys (ConfUtils.java:logGet(43)) - raft.server.log.queue.byte-limit = 2147483647 (custom)
2019-08-21 23:16:34,289 [pool-27-thread-1] INFO  server.RaftServerConfigKeys (ConfUtils.java:logGet(43)) - raft.server.log.queue.element-limit = 1024 (custom)
2019-08-21 23:16:34,295 [pool-27-thread-1] INFO  server.RaftServerConfigKeys (ConfUtils.java:logGet(43)) - raft.server.log.segment.size.max = 1048576 (custom)
2019-08-21 23:16:34,296 [pool-27-thread-1] INFO  server.RaftServerConfigKeys (ConfUtils.java:logGet(43)) - raft.server.log.preallocated.size = 16384 (custom)
2019-08-21 23:16:34,297 [pool-27-thread-1] INFO  server.RaftServerConfigKeys (ConfUtils.java:logGet(43)) - raft.server.log.write.buffer.size = 33554432 (custom)
2019-08-21 23:16:34,297 [pool-27-thread-1] INFO  server.RaftServerConfigKeys (ConfUtils.java:logGet(43)) - raft.server.log.force.sync.num = 128 (default)
2019-08-21 23:16:34,298 [pool-27-thread-1] INFO  server.RaftServerConfigKeys (ConfUtils.java:logGet(43)) - raft.server.log.statemachine.data.sync = true (default)
2019-08-21 23:16:34,298 [pool-27-thread-1] INFO  server.RaftServerConfigKeys (ConfUtils.java:logGet(43)) - raft.server.log.statemachine.data.sync.timeout = 10s (default)
2019-08-21 23:16:34,299 [pool-27-thread-1] INFO  server.RaftServerConfigKeys (ConfUtils.java:logGet(43)) - raft.server.log.statemachine.data.sync.timeout.retry = -1 (default)
2019-08-21 23:16:34,310 [pool-27-thread-1] INFO  server.RaftServerConfigKeys (ConfUtils.java:logGet(43)) - raft.server.log.statemachine.data.caching.enabled = true (custom)
2019-08-21 23:16:34,315 [pool-27-thread-1] INFO  segmented.SegmentedRaftLogWorker (SegmentedRaftLogWorker.java:lambda$new$0(132)) - fdac9a0f-7532-40d9-95d9-ea073710a349-SegmentedRaftLogWorker:Storage Directory /workdir/hadoop-ozone/integration-test/target/test-dir/MiniOzoneClusterImpl-6d53a963-eed6-48f6-a374-011e20eb1423/datanode-0/data/ratis/000ecd93-8c59-4f7e-b1cd-a642fe889d2b: flushIndex: setUnconditionally 0 -> -1
2019-08-21 23:16:34,320 [pool-27-thread-1] INFO  server.RaftServerConfigKeys (ConfUtils.java:logGet(43)) - raft.server.snapshot.auto.trigger.enabled = true (custom)
2019-08-21 23:16:34,321 [pool-27-thread-1] INFO  server.RaftServerConfigKeys (ConfUtils.java:logGet(43)) - raft.server.snapshot.auto.trigger.threshold = 10000 (custom)
2019-08-21 23:16:34,321 [pool-27-thread-1] INFO  server.RaftServerConfigKeys (ConfUtils.java:logGet(43)) - raft.server.retrycache.expirytime = 600000ms (custom)
2019-08-21 23:16:34,344 [pool-27-thread-1] INFO  impl.RaftServerImpl (RaftServerImpl.java:start(180)) - fdac9a0f-7532-40d9-95d9-ea073710a349: start group-A642FE889D2B
2019-08-21 23:16:34,345 [pool-27-thread-1] INFO  impl.RaftServerImpl (RaftServerImpl.java:setRole(171)) - fdac9a0f-7532-40d9-95d9-ea073710a349:group-A642FE889D2B changes role from null to FOLLOWER at term 0 for startAsFollower
2019-08-21 23:16:34,346 [pool-27-thread-1] INFO  impl.RoleInfo (RoleInfo.java:updateAndGet(143)) - fdac9a0f-7532-40d9-95d9-ea073710a349: start FollowerState
2019-08-21 23:16:34,348 [pool-27-thread-1] INFO  util.JmxRegister (JmxRegister.java:tryRegister(44)) - Successfully registered JMX Bean with object name Ratis:service=RaftServer,group=group-A642FE889D2B,id=fdac9a0f-7532-40d9-95d9-ea073710a349
2019-08-21 23:16:34,411 [RatisPipelineUtilsThread] INFO  pipeline.PipelineStateManager (PipelineStateManager.java:addPipeline(56)) - Created pipeline Pipeline[ Id: 000ecd93-8c59-4f7e-b1cd-a642fe889d2b, Nodes: fdac9a0f-7532-40d9-95d9-ea073710a349{ip: 192.168.5.181, host: pr-hdds-1827-f9hw7-802483496, networkLocation: /default-rack, certSerialId: null}, Type:RATIS, Factor:ONE, State:OPEN]
2019-08-21 23:16:34,440 [main] INFO  ozone.MiniOzoneClusterImpl (MiniOzoneClusterImpl.java:lambda$waitForClusterToBeReady$0(142)) - Waiting for cluster to be ready. Got 6 of 7 DN Heartbeats.
2019-08-21 23:16:34,445 [IPC Server handler 17 on 34879] INFO  net.NetworkTopology (NetworkTopologyImpl.java:add(110)) - Added a new node: /default-rack/2b67acc8-3b4a-436a-98ba-6479a7db268f
2019-08-21 23:16:34,447 [IPC Server handler 17 on 34879] INFO  node.SCMNodeManager (SCMNodeManager.java:register(273)) - Registered Data node : 2b67acc8-3b4a-436a-98ba-6479a7db268f{ip: 192.168.5.181, host: pr-hdds-1827-f9hw7-802483496, networkLocation: /default-rack, certSerialId: null}
2019-08-21 23:16:34,447 [grpc-default-executor-0] INFO  impl.RaftServerProxy (RaftServerProxy.java:addNew(89)) - 30732d1c-ca6f-4dcf-aafc-9fae1e227f0f: addNew group-C3BA3B980151:[30732d1c-ca6f-4dcf-aafc-9fae1e227f0f:192.168.5.181:35521] returns group-C3BA3B980151:java.util.concurrent.CompletableFuture@39c2a1e2[Not completed]
2019-08-21 23:16:34,501 [pool-49-thread-1] INFO  impl.RaftServerImpl (RaftServerImpl.java:<init>(93)) - 30732d1c-ca6f-4dcf-aafc-9fae1e227f0f: new RaftServerImpl for group-C3BA3B980151:[30732d1c-ca6f-4dcf-aafc-9fae1e227f0f:192.168.5.181:35521] with ContainerStateMachine:uninitialized
2019-08-21 23:16:34,502 [pool-49-thread-1] INFO  server.RaftServerConfigKeys (ConfUtils.java:logGet(43)) - raft.server.rpc.timeout.min = 5s (custom)
2019-08-21 23:16:34,503 [pool-49-thread-1] INFO  server.RaftServerConfigKeys (ConfUtils.java:logGet(43)) - raft.server.rpc.timeout.max = 5200ms (custom)
2019-08-21 23:16:34,503 [pool-49-thread-1] INFO  server.RaftServerConfigKeys (ConfUtils.java:logGet(43)) - raft.server.rpcslowness.timeout = 120s (custom)
2019-08-21 23:16:34,503 [pool-49-thread-1] INFO  server.RaftServerConfigKeys (ConfUtils.java:logGet(43)) - raft.server.sleep.deviation.threshold = 300 (default)
2019-08-21 23:16:34,503 [pool-49-thread-1] INFO  server.RaftServerConfigKeys (ConfUtils.java:logGet(43)) - raft.server.log.appender.install.snapshot.enabled = false (custom)
2019-08-21 23:16:34,503 [pool-49-thread-1] INFO  impl.RaftServerImpl (ServerState.java:<init>(105)) - 30732d1c-ca6f-4dcf-aafc-9fae1e227f0f:group-C3BA3B980151 ConfigurationManager, init=-1: [30732d1c-ca6f-4dcf-aafc-9fae1e227f0f:192.168.5.181:35521], old=null, confs=<EMPTY_MAP>
2019-08-21 23:16:34,503 [pool-49-thread-1] INFO  server.RaftServerConfigKeys (ConfUtils.java:logGet(43)) - raft.server.storage.dir = [/workdir/hadoop-ozone/integration-test/target/test-dir/MiniOzoneClusterImpl-6d53a963-eed6-48f6-a374-011e20eb1423/datanode-2/data/ratis] (custom)
2019-08-21 23:16:34,504 [pool-49-thread-1] INFO  storage.RaftStorageDirectory (RaftStorageDirectory.java:analyzeStorage(246)) - The storage directory /workdir/hadoop-ozone/integration-test/target/test-dir/MiniOzoneClusterImpl-6d53a963-eed6-48f6-a374-011e20eb1423/datanode-2/data/ratis/3e8b6320-90eb-40f2-b3a6-c3ba3b980151 does not exist. Creating ...
2019-08-21 23:16:34,519 [pool-49-thread-1] INFO  storage.RaftStorageDirectory (RaftStorageDirectory.java:tryLock(328)) - Lock on /workdir/hadoop-ozone/integration-test/target/test-dir/MiniOzoneClusterImpl-6d53a963-eed6-48f6-a374-011e20eb1423/datanode-2/data/ratis/3e8b6320-90eb-40f2-b3a6-c3ba3b980151/in_use.lock acquired by nodename 6142@pr-hdds-1827-f9hw7-802483496
2019-08-21 23:16:34,533 [pool-49-thread-1] INFO  storage.RaftStorage (RaftStorage.java:format(72)) - Storage directory /workdir/hadoop-ozone/integration-test/target/test-dir/MiniOzoneClusterImpl-6d53a963-eed6-48f6-a374-011e20eb1423/datanode-2/data/ratis/3e8b6320-90eb-40f2-b3a6-c3ba3b980151 has been successfully formatted.
2019-08-21 23:16:34,534 [pool-49-thread-1] INFO  ratis.ContainerStateMachine (ContainerStateMachine.java:loadSnapshot(222)) - group-C3BA3B980151: The snapshot info is null. Setting the last applied indexto:(t:0, i:~)
2019-08-21 23:16:34,535 [pool-49-thread-1] INFO  server.RaftServerConfigKeys (ConfUtils.java:logGet(43)) - raft.server.leader.election.timeout = 120s (custom)
2019-08-21 23:16:34,536 [pool-49-thread-1] INFO  server.RaftServerConfigKeys (ConfUtils.java:logGet(43)) - raft.server.log.use.memory = false (default)
2019-08-21 23:16:34,536 [pool-49-thread-1] INFO  server.RaftServerConfigKeys (ConfUtils.java:logGet(43)) - raft.server.log.purge.gap = 1000000000 (custom)
2019-08-21 23:16:34,536 [pool-49-thread-1] INFO  server.RaftServerConfigKeys (ConfUtils.java:logGet(43)) - raft.server.log.appender.buffer.byte-limit = 33554432 (custom)
2019-08-21 23:16:34,536 [pool-49-thread-1] INFO  server.RaftServerConfigKeys (ConfUtils.java:logGet(43)) - raft.server.log.segment.size.max = 1048576 (custom)
2019-08-21 23:16:34,536 [pool-49-thread-1] INFO  server.RaftServerConfigKeys (ConfUtils.java:logGet(43)) - raft.server.log.segment.cache.num.max = 2 (custom)
2019-08-21 23:16:34,536 [pool-49-thread-1] INFO  segmented.SegmentedRaftLogWorker (SegmentedRaftLogWorker.java:<init>(172)) - new 30732d1c-ca6f-4dcf-aafc-9fae1e227f0f-SegmentedRaftLogWorker:Storage Directory /workdir/hadoop-ozone/integration-test/target/test-dir/MiniOzoneClusterImpl-6d53a963-eed6-48f6-a374-011e20eb1423/datanode-2/data/ratis/3e8b6320-90eb-40f2-b3a6-c3ba3b980151 for RaftStorage:Storage Directory /workdir/hadoop-ozone/integration-test/target/test-dir/MiniOzoneClusterImpl-6d53a963-eed6-48f6-a374-011e20eb1423/datanode-2/data/ratis/3e8b6320-90eb-40f2-b3a6-c3ba3b980151
2019-08-21 23:16:34,537 [pool-49-thread-1] INFO  server.RaftServerConfigKeys (ConfUtils.java:logGet(43)) - raft.server.log.queue.byte-limit = 2147483647 (custom)
2019-08-21 23:16:34,538 [pool-49-thread-1] INFO  server.RaftServerConfigKeys (ConfUtils.java:logGet(43)) - raft.server.log.queue.element-limit = 1024 (custom)
2019-08-21 23:16:34,538 [pool-49-thread-1] INFO  server.RaftServerConfigKeys (ConfUtils.java:logGet(43)) - raft.server.log.segment.size.max = 1048576 (custom)
2019-08-21 23:16:34,538 [pool-49-thread-1] INFO  server.RaftServerConfigKeys (ConfUtils.java:logGet(43)) - raft.server.log.preallocated.size = 16384 (custom)
2019-08-21 23:16:34,538 [pool-49-thread-1] INFO  server.RaftServerConfigKeys (ConfUtils.java:logGet(43)) - raft.server.log.write.buffer.size = 33554432 (custom)
2019-08-21 23:16:34,538 [pool-49-thread-1] INFO  server.RaftServerConfigKeys (ConfUtils.java:logGet(43)) - raft.server.log.force.sync.num = 128 (default)
2019-08-21 23:16:34,538 [pool-49-thread-1] INFO  server.RaftServerConfigKeys (ConfUtils.java:logGet(43)) - raft.server.log.statemachine.data.sync = true (default)
2019-08-21 23:16:34,538 [pool-49-thread-1] INFO  server.RaftServerConfigKeys (ConfUtils.java:logGet(43)) - raft.server.log.statemachine.data.sync.timeout = 10s (default)
2019-08-21 23:16:34,539 [pool-49-thread-1] INFO  server.RaftServerConfigKeys (ConfUtils.java:logGet(43)) - raft.server.log.statemachine.data.sync.timeout.retry = -1 (default)
2019-08-21 23:16:34,539 [pool-49-thread-1] INFO  server.RaftServerConfigKeys (ConfUtils.java:logGet(43)) - raft.server.log.statemachine.data.caching.enabled = true (custom)
2019-08-21 23:16:34,539 [pool-49-thread-1] INFO  segmented.SegmentedRaftLogWorker (SegmentedRaftLogWorker.java:lambda$new$0(132)) - 30732d1c-ca6f-4dcf-aafc-9fae1e227f0f-SegmentedRaftLogWorker:Storage Directory /workdir/hadoop-ozone/integration-test/target/test-dir/MiniOzoneClusterImpl-6d53a963-eed6-48f6-a374-011e20eb1423/datanode-2/data/ratis/3e8b6320-90eb-40f2-b3a6-c3ba3b980151: flushIndex: setUnconditionally 0 -> -1
2019-08-21 23:16:34,540 [pool-49-thread-1] INFO  server.RaftServerConfigKeys (ConfUtils.java:logGet(43)) - raft.server.snapshot.auto.trigger.enabled = true (custom)
2019-08-21 23:16:34,540 [pool-49-thread-1] INFO  server.RaftServerConfigKeys (ConfUtils.java:logGet(43)) - raft.server.snapshot.auto.trigger.threshold = 10000 (custom)
2019-08-21 23:16:34,540 [pool-49-thread-1] INFO  server.RaftServerConfigKeys (ConfUtils.java:logGet(43)) - raft.server.retrycache.expirytime = 600000ms (custom)
2019-08-21 23:16:34,540 [pool-49-thread-1] INFO  impl.RaftServerImpl (RaftServerImpl.java:start(180)) - 30732d1c-ca6f-4dcf-aafc-9fae1e227f0f: start group-C3BA3B980151
2019-08-21 23:16:34,540 [pool-49-thread-1] INFO  impl.RaftServerImpl (RaftServerImpl.java:setRole(171)) - 30732d1c-ca6f-4dcf-aafc-9fae1e227f0f:group-C3BA3B980151 changes role from null to FOLLOWER at term 0 for startAsFollower
2019-08-21 23:16:34,540 [pool-49-thread-1] INFO  impl.RoleInfo (RoleInfo.java:updateAndGet(143)) - 30732d1c-ca6f-4dcf-aafc-9fae1e227f0f: start FollowerState
2019-08-21 23:16:34,542 [pool-49-thread-1] INFO  util.JmxRegister (JmxRegister.java:tryRegister(44)) - Successfully registered JMX Bean with object name Ratis:service=RaftServer,group=group-C3BA3B980151,id=30732d1c-ca6f-4dcf-aafc-9fae1e227f0f
2019-08-21 23:16:34,556 [RatisPipelineUtilsThread] INFO  pipeline.PipelineStateManager (PipelineStateManager.java:addPipeline(56)) - Created pipeline Pipeline[ Id: 3e8b6320-90eb-40f2-b3a6-c3ba3b980151, Nodes: 30732d1c-ca6f-4dcf-aafc-9fae1e227f0f{ip: 192.168.5.181, host: pr-hdds-1827-f9hw7-802483496, networkLocation: /default-rack, certSerialId: null}, Type:RATIS, Factor:ONE, State:OPEN]
2019-08-21 23:16:34,580 [grpc-default-executor-0] INFO  impl.RaftServerProxy (RaftServerProxy.java:addNew(89)) - 8240b2fd-00fc-40d9-9a44-40fb4e30c3a3: addNew group-5B72C03034B9:[8240b2fd-00fc-40d9-9a44-40fb4e30c3a3:192.168.5.181:34650] returns group-5B72C03034B9:java.util.concurrent.CompletableFuture@600ae957[Not completed]
2019-08-21 23:16:34,591 [pool-38-thread-1] INFO  impl.RaftServerImpl (RaftServerImpl.java:<init>(93)) - 8240b2fd-00fc-40d9-9a44-40fb4e30c3a3: new RaftServerImpl for group-5B72C03034B9:[8240b2fd-00fc-40d9-9a44-40fb4e30c3a3:192.168.5.181:34650] with ContainerStateMachine:uninitialized
2019-08-21 23:16:34,592 [pool-38-thread-1] INFO  server.RaftServerConfigKeys (ConfUtils.java:logGet(43)) - raft.server.rpc.timeout.min = 5s (custom)
2019-08-21 23:16:34,592 [pool-38-thread-1] INFO  server.RaftServerConfigKeys (ConfUtils.java:logGet(43)) - raft.server.rpc.timeout.max = 5200ms (custom)
2019-08-21 23:16:34,592 [pool-38-thread-1] INFO  server.RaftServerConfigKeys (ConfUtils.java:logGet(43)) - raft.server.rpcslowness.timeout = 120s (custom)
2019-08-21 23:16:34,592 [pool-38-thread-1] INFO  server.RaftServerConfigKeys (ConfUtils.java:logGet(43)) - raft.server.sleep.deviation.threshold = 300 (default)
2019-08-21 23:16:34,593 [pool-38-thread-1] INFO  server.RaftServerConfigKeys (ConfUtils.java:logGet(43)) - raft.server.log.appender.install.snapshot.enabled = false (custom)
2019-08-21 23:16:34,593 [pool-38-thread-1] INFO  impl.RaftServerImpl (ServerState.java:<init>(105)) - 8240b2fd-00fc-40d9-9a44-40fb4e30c3a3:group-5B72C03034B9 ConfigurationManager, init=-1: [8240b2fd-00fc-40d9-9a44-40fb4e30c3a3:192.168.5.181:34650], old=null, confs=<EMPTY_MAP>
2019-08-21 23:16:34,593 [pool-38-thread-1] INFO  server.RaftServerConfigKeys (ConfUtils.java:logGet(43)) - raft.server.storage.dir = [/workdir/hadoop-ozone/integration-test/target/test-dir/MiniOzoneClusterImpl-6d53a963-eed6-48f6-a374-011e20eb1423/datanode-1/data/ratis] (custom)
2019-08-21 23:16:34,593 [pool-38-thread-1] INFO  storage.RaftStorageDirectory (RaftStorageDirectory.java:analyzeStorage(246)) - The storage directory /workdir/hadoop-ozone/integration-test/target/test-dir/MiniOzoneClusterImpl-6d53a963-eed6-48f6-a374-011e20eb1423/datanode-1/data/ratis/e5900b7f-0c86-4809-926c-5b72c03034b9 does not exist. Creating ...
2019-08-21 23:16:34,618 [pool-38-thread-1] INFO  storage.RaftStorageDirectory (RaftStorageDirectory.java:tryLock(328)) - Lock on /workdir/hadoop-ozone/integration-test/target/test-dir/MiniOzoneClusterImpl-6d53a963-eed6-48f6-a374-011e20eb1423/datanode-1/data/ratis/e5900b7f-0c86-4809-926c-5b72c03034b9/in_use.lock acquired by nodename 6142@pr-hdds-1827-f9hw7-802483496
2019-08-21 23:16:34,632 [pool-38-thread-1] INFO  storage.RaftStorage (RaftStorage.java:format(72)) - Storage directory /workdir/hadoop-ozone/integration-test/target/test-dir/MiniOzoneClusterImpl-6d53a963-eed6-48f6-a374-011e20eb1423/datanode-1/data/ratis/e5900b7f-0c86-4809-926c-5b72c03034b9 has been successfully formatted.
2019-08-21 23:16:34,632 [pool-38-thread-1] INFO  ratis.ContainerStateMachine (ContainerStateMachine.java:loadSnapshot(222)) - group-5B72C03034B9: The snapshot info is null. Setting the last applied indexto:(t:0, i:~)
2019-08-21 23:16:34,632 [pool-38-thread-1] INFO  server.RaftServerConfigKeys (ConfUtils.java:logGet(43)) - raft.server.leader.election.timeout = 120s (custom)
2019-08-21 23:16:34,632 [pool-38-thread-1] INFO  server.RaftServerConfigKeys (ConfUtils.java:logGet(43)) - raft.server.log.use.memory = false (default)
2019-08-21 23:16:34,633 [pool-38-thread-1] INFO  server.RaftServerConfigKeys (ConfUtils.java:logGet(43)) - raft.server.log.purge.gap = 1000000000 (custom)
2019-08-21 23:16:34,633 [pool-38-thread-1] INFO  server.RaftServerConfigKeys (ConfUtils.java:logGet(43)) - raft.server.log.appender.buffer.byte-limit = 33554432 (custom)
2019-08-21 23:16:34,633 [pool-38-thread-1] INFO  server.RaftServerConfigKeys (ConfUtils.java:logGet(43)) - raft.server.log.segment.size.max = 1048576 (custom)
2019-08-21 23:16:34,633 [pool-38-thread-1] INFO  server.RaftServerConfigKeys (ConfUtils.java:logGet(43)) - raft.server.log.segment.cache.num.max = 2 (custom)
2019-08-21 23:16:34,633 [pool-38-thread-1] INFO  segmented.SegmentedRaftLogWorker (SegmentedRaftLogWorker.java:<init>(172)) - new 8240b2fd-00fc-40d9-9a44-40fb4e30c3a3-SegmentedRaftLogWorker:Storage Directory /workdir/hadoop-ozone/integration-test/target/test-dir/MiniOzoneClusterImpl-6d53a963-eed6-48f6-a374-011e20eb1423/datanode-1/data/ratis/e5900b7f-0c86-4809-926c-5b72c03034b9 for RaftStorage:Storage Directory /workdir/hadoop-ozone/integration-test/target/test-dir/MiniOzoneClusterImpl-6d53a963-eed6-48f6-a374-011e20eb1423/datanode-1/data/ratis/e5900b7f-0c86-4809-926c-5b72c03034b9
2019-08-21 23:16:34,634 [pool-38-thread-1] INFO  server.RaftServerConfigKeys (ConfUtils.java:logGet(43)) - raft.server.log.queue.byte-limit = 2147483647 (custom)
2019-08-21 23:16:34,634 [pool-38-thread-1] INFO  server.RaftServerConfigKeys (ConfUtils.java:logGet(43)) - raft.server.log.queue.element-limit = 1024 (custom)
2019-08-21 23:16:34,634 [pool-38-thread-1] INFO  server.RaftServerConfigKeys (ConfUtils.java:logGet(43)) - raft.server.log.segment.size.max = 1048576 (custom)
2019-08-21 23:16:34,635 [pool-38-thread-1] INFO  server.RaftServerConfigKeys (ConfUtils.java:logGet(43)) - raft.server.log.preallocated.size = 16384 (custom)
2019-08-21 23:16:34,635 [pool-38-thread-1] INFO  server.RaftServerConfigKeys (ConfUtils.java:logGet(43)) - raft.server.log.write.buffer.size = 33554432 (custom)
2019-08-21 23:16:34,635 [pool-38-thread-1] INFO  server.RaftServerConfigKeys (ConfUtils.java:logGet(43)) - raft.server.log.force.sync.num = 128 (default)
2019-08-21 23:16:34,635 [pool-38-thread-1] INFO  server.RaftServerConfigKeys (ConfUtils.java:logGet(43)) - raft.server.log.statemachine.data.sync = true (default)
2019-08-21 23:16:34,635 [pool-38-thread-1] INFO  server.RaftServerConfigKeys (ConfUtils.java:logGet(43)) - raft.server.log.statemachine.data.sync.timeout = 10s (default)
2019-08-21 23:16:34,636 [pool-38-thread-1] INFO  server.RaftServerConfigKeys (ConfUtils.java:logGet(43)) - raft.server.log.statemachine.data.sync.timeout.retry = -1 (default)
2019-08-21 23:16:34,636 [pool-38-thread-1] INFO  server.RaftServerConfigKeys (ConfUtils.java:logGet(43)) - raft.server.log.statemachine.data.caching.enabled = true (custom)
2019-08-21 23:16:34,636 [pool-38-thread-1] INFO  segmented.SegmentedRaftLogWorker (SegmentedRaftLogWorker.java:lambda$new$0(132)) - 8240b2fd-00fc-40d9-9a44-40fb4e30c3a3-SegmentedRaftLogWorker:Storage Directory /workdir/hadoop-ozone/integration-test/target/test-dir/MiniOzoneClusterImpl-6d53a963-eed6-48f6-a374-011e20eb1423/datanode-1/data/ratis/e5900b7f-0c86-4809-926c-5b72c03034b9: flushIndex: setUnconditionally 0 -> -1
2019-08-21 23:16:34,637 [pool-38-thread-1] INFO  server.RaftServerConfigKeys (ConfUtils.java:logGet(43)) - raft.server.snapshot.auto.trigger.enabled = true (custom)
2019-08-21 23:16:34,637 [pool-38-thread-1] INFO  server.RaftServerConfigKeys (ConfUtils.java:logGet(43)) - raft.server.snapshot.auto.trigger.threshold = 10000 (custom)
2019-08-21 23:16:34,637 [pool-38-thread-1] INFO  server.RaftServerConfigKeys (ConfUtils.java:logGet(43)) - raft.server.retrycache.expirytime = 600000ms (custom)
2019-08-21 23:16:34,638 [pool-38-thread-1] INFO  impl.RaftServerImpl (RaftServerImpl.java:start(180)) - 8240b2fd-00fc-40d9-9a44-40fb4e30c3a3: start group-5B72C03034B9
2019-08-21 23:16:34,638 [pool-38-thread-1] INFO  impl.RaftServerImpl (RaftServerImpl.java:setRole(171)) - 8240b2fd-00fc-40d9-9a44-40fb4e30c3a3:group-5B72C03034B9 changes role from null to FOLLOWER at term 0 for startAsFollower
2019-08-21 23:16:34,638 [pool-38-thread-1] INFO  impl.RoleInfo (RoleInfo.java:updateAndGet(143)) - 8240b2fd-00fc-40d9-9a44-40fb4e30c3a3: start FollowerState
2019-08-21 23:16:34,638 [pool-38-thread-1] INFO  util.JmxRegister (JmxRegister.java:tryRegister(44)) - Successfully registered JMX Bean with object name Ratis:service=RaftServer,group=group-5B72C03034B9,id=8240b2fd-00fc-40d9-9a44-40fb4e30c3a3
2019-08-21 23:16:34,649 [RatisPipelineUtilsThread] INFO  pipeline.PipelineStateManager (PipelineStateManager.java:addPipeline(56)) - Created pipeline Pipeline[ Id: e5900b7f-0c86-4809-926c-5b72c03034b9, Nodes: 8240b2fd-00fc-40d9-9a44-40fb4e30c3a3{ip: 192.168.5.181, host: pr-hdds-1827-f9hw7-802483496, networkLocation: /default-rack, certSerialId: null}, Type:RATIS, Factor:ONE, State:OPEN]
2019-08-21 23:16:34,669 [grpc-default-executor-0] INFO  impl.RaftServerProxy (RaftServerProxy.java:addNew(89)) - be7267f5-08d7-4de7-85bb-d794f700a7dd: addNew group-009D889ECC77:[be7267f5-08d7-4de7-85bb-d794f700a7dd:192.168.5.181:38145] returns group-009D889ECC77:java.util.concurrent.CompletableFuture@2a2646e2[Not completed]
2019-08-21 23:16:34,673 [pool-82-thread-1] INFO  impl.RaftServerImpl (RaftServerImpl.java:<init>(93)) - be7267f5-08d7-4de7-85bb-d794f700a7dd: new RaftServerImpl for group-009D889ECC77:[be7267f5-08d7-4de7-85bb-d794f700a7dd:192.168.5.181:38145] with ContainerStateMachine:uninitialized
2019-08-21 23:16:34,673 [pool-82-thread-1] INFO  server.RaftServerConfigKeys (ConfUtils.java:logGet(43)) - raft.server.rpc.timeout.min = 5s (custom)
2019-08-21 23:16:34,673 [pool-82-thread-1] INFO  server.RaftServerConfigKeys (ConfUtils.java:logGet(43)) - raft.server.rpc.timeout.max = 5200ms (custom)
2019-08-21 23:16:34,674 [pool-82-thread-1] INFO  server.RaftServerConfigKeys (ConfUtils.java:logGet(43)) - raft.server.rpcslowness.timeout = 120s (custom)
2019-08-21 23:16:34,674 [pool-82-thread-1] INFO  server.RaftServerConfigKeys (ConfUtils.java:logGet(43)) - raft.server.sleep.deviation.threshold = 300 (default)
2019-08-21 23:16:34,674 [pool-82-thread-1] INFO  server.RaftServerConfigKeys (ConfUtils.java:logGet(43)) - raft.server.log.appender.install.snapshot.enabled = false (custom)
2019-08-21 23:16:34,674 [pool-82-thread-1] INFO  impl.RaftServerImpl (ServerState.java:<init>(105)) - be7267f5-08d7-4de7-85bb-d794f700a7dd:group-009D889ECC77 ConfigurationManager, init=-1: [be7267f5-08d7-4de7-85bb-d794f700a7dd:192.168.5.181:38145], old=null, confs=<EMPTY_MAP>
2019-08-21 23:16:34,674 [pool-82-thread-1] INFO  server.RaftServerConfigKeys (ConfUtils.java:logGet(43)) - raft.server.storage.dir = [/workdir/hadoop-ozone/integration-test/target/test-dir/MiniOzoneClusterImpl-6d53a963-eed6-48f6-a374-011e20eb1423/datanode-5/data/ratis] (custom)
2019-08-21 23:16:34,675 [pool-82-thread-1] INFO  storage.RaftStorageDirectory (RaftStorageDirectory.java:analyzeStorage(246)) - The storage directory /workdir/hadoop-ozone/integration-test/target/test-dir/MiniOzoneClusterImpl-6d53a963-eed6-48f6-a374-011e20eb1423/datanode-5/data/ratis/cef9deb0-0d13-4815-9659-009d889ecc77 does not exist. Creating ...
2019-08-21 23:16:34,688 [pool-82-thread-1] INFO  storage.RaftStorageDirectory (RaftStorageDirectory.java:tryLock(328)) - Lock on /workdir/hadoop-ozone/integration-test/target/test-dir/MiniOzoneClusterImpl-6d53a963-eed6-48f6-a374-011e20eb1423/datanode-5/data/ratis/cef9deb0-0d13-4815-9659-009d889ecc77/in_use.lock acquired by nodename 6142@pr-hdds-1827-f9hw7-802483496
2019-08-21 23:16:34,701 [pool-82-thread-1] INFO  storage.RaftStorage (RaftStorage.java:format(72)) - Storage directory /workdir/hadoop-ozone/integration-test/target/test-dir/MiniOzoneClusterImpl-6d53a963-eed6-48f6-a374-011e20eb1423/datanode-5/data/ratis/cef9deb0-0d13-4815-9659-009d889ecc77 has been successfully formatted.
2019-08-21 23:16:34,701 [pool-82-thread-1] INFO  ratis.ContainerStateMachine (ContainerStateMachine.java:loadSnapshot(222)) - group-009D889ECC77: The snapshot info is null. Setting the last applied indexto:(t:0, i:~)
2019-08-21 23:16:34,701 [pool-82-thread-1] INFO  server.RaftServerConfigKeys (ConfUtils.java:logGet(43)) - raft.server.leader.election.timeout = 120s (custom)
2019-08-21 23:16:34,701 [pool-82-thread-1] INFO  server.RaftServerConfigKeys (ConfUtils.java:logGet(43)) - raft.server.log.use.memory = false (default)
2019-08-21 23:16:34,702 [pool-82-thread-1] INFO  server.RaftServerConfigKeys (ConfUtils.java:logGet(43)) - raft.server.log.purge.gap = 1000000000 (custom)
2019-08-21 23:16:34,702 [pool-82-thread-1] INFO  server.RaftServerConfigKeys (ConfUtils.java:logGet(43)) - raft.server.log.appender.buffer.byte-limit = 33554432 (custom)
2019-08-21 23:16:34,702 [pool-82-thread-1] INFO  server.RaftServerConfigKeys (ConfUtils.java:logGet(43)) - raft.server.log.segment.size.max = 1048576 (custom)
2019-08-21 23:16:34,702 [pool-82-thread-1] INFO  server.RaftServerConfigKeys (ConfUtils.java:logGet(43)) - raft.server.log.segment.cache.num.max = 2 (custom)
2019-08-21 23:16:34,702 [pool-82-thread-1] INFO  segmented.SegmentedRaftLogWorker (SegmentedRaftLogWorker.java:<init>(172)) - new be7267f5-08d7-4de7-85bb-d794f700a7dd-SegmentedRaftLogWorker:Storage Directory /workdir/hadoop-ozone/integration-test/target/test-dir/MiniOzoneClusterImpl-6d53a963-eed6-48f6-a374-011e20eb1423/datanode-5/data/ratis/cef9deb0-0d13-4815-9659-009d889ecc77 for RaftStorage:Storage Directory /workdir/hadoop-ozone/integration-test/target/test-dir/MiniOzoneClusterImpl-6d53a963-eed6-48f6-a374-011e20eb1423/datanode-5/data/ratis/cef9deb0-0d13-4815-9659-009d889ecc77
2019-08-21 23:16:34,703 [pool-82-thread-1] INFO  server.RaftServerConfigKeys (ConfUtils.java:logGet(43)) - raft.server.log.queue.byte-limit = 2147483647 (custom)
2019-08-21 23:16:34,703 [pool-82-thread-1] INFO  server.RaftServerConfigKeys (ConfUtils.java:logGet(43)) - raft.server.log.queue.element-limit = 1024 (custom)
2019-08-21 23:16:34,703 [pool-82-thread-1] INFO  server.RaftServerConfigKeys (ConfUtils.java:logGet(43)) - raft.server.log.segment.size.max = 1048576 (custom)
2019-08-21 23:16:34,703 [pool-82-thread-1] INFO  server.RaftServerConfigKeys (ConfUtils.java:logGet(43)) - raft.server.log.preallocated.size = 16384 (custom)
2019-08-21 23:16:34,704 [pool-82-thread-1] INFO  server.RaftServerConfigKeys (ConfUtils.java:logGet(43)) - raft.server.log.write.buffer.size = 33554432 (custom)
2019-08-21 23:16:34,704 [pool-82-thread-1] INFO  server.RaftServerConfigKeys (ConfUtils.java:logGet(43)) - raft.server.log.force.sync.num = 128 (default)
2019-08-21 23:16:34,704 [pool-82-thread-1] INFO  server.RaftServerConfigKeys (ConfUtils.java:logGet(43)) - raft.server.log.statemachine.data.sync = true (default)
2019-08-21 23:16:34,704 [pool-82-thread-1] INFO  server.RaftServerConfigKeys (ConfUtils.java:logGet(43)) - raft.server.log.statemachine.data.sync.timeout = 10s (default)
2019-08-21 23:16:34,704 [pool-82-thread-1] INFO  server.RaftServerConfigKeys (ConfUtils.java:logGet(43)) - raft.server.log.statemachine.data.sync.timeout.retry = -1 (default)
2019-08-21 23:16:34,705 [pool-82-thread-1] INFO  server.RaftServerConfigKeys (ConfUtils.java:logGet(43)) - raft.server.log.statemachine.data.caching.enabled = true (custom)
2019-08-21 23:16:34,705 [pool-82-thread-1] INFO  segmented.SegmentedRaftLogWorker (SegmentedRaftLogWorker.java:lambda$new$0(132)) - be7267f5-08d7-4de7-85bb-d794f700a7dd-SegmentedRaftLogWorker:Storage Directory /workdir/hadoop-ozone/integration-test/target/test-dir/MiniOzoneClusterImpl-6d53a963-eed6-48f6-a374-011e20eb1423/datanode-5/data/ratis/cef9deb0-0d13-4815-9659-009d889ecc77: flushIndex: setUnconditionally 0 -> -1
2019-08-21 23:16:34,706 [pool-82-thread-1] INFO  server.RaftServerConfigKeys (ConfUtils.java:logGet(43)) - raft.server.snapshot.auto.trigger.enabled = true (custom)
2019-08-21 23:16:34,706 [pool-82-thread-1] INFO  server.RaftServerConfigKeys (ConfUtils.java:logGet(43)) - raft.server.snapshot.auto.trigger.threshold = 10000 (custom)
2019-08-21 23:16:34,706 [pool-82-thread-1] INFO  server.RaftServerConfigKeys (ConfUtils.java:logGet(43)) - raft.server.retrycache.expirytime = 600000ms (custom)
2019-08-21 23:16:34,706 [pool-82-thread-1] INFO  impl.RaftServerImpl (RaftServerImpl.java:start(180)) - be7267f5-08d7-4de7-85bb-d794f700a7dd: start group-009D889ECC77
2019-08-21 23:16:34,707 [pool-82-thread-1] INFO  impl.RaftServerImpl (RaftServerImpl.java:setRole(171)) - be7267f5-08d7-4de7-85bb-d794f700a7dd:group-009D889ECC77 changes role from null to FOLLOWER at term 0 for startAsFollower
2019-08-21 23:16:34,707 [pool-82-thread-1] INFO  impl.RoleInfo (RoleInfo.java:updateAndGet(143)) - be7267f5-08d7-4de7-85bb-d794f700a7dd: start FollowerState
2019-08-21 23:16:34,707 [pool-82-thread-1] INFO  util.JmxRegister (JmxRegister.java:tryRegister(44)) - Successfully registered JMX Bean with object name Ratis:service=RaftServer,group=group-009D889ECC77,id=be7267f5-08d7-4de7-85bb-d794f700a7dd
2019-08-21 23:16:34,720 [RatisPipelineUtilsThread] INFO  pipeline.PipelineStateManager (PipelineStateManager.java:addPipeline(56)) - Created pipeline Pipeline[ Id: cef9deb0-0d13-4815-9659-009d889ecc77, Nodes: be7267f5-08d7-4de7-85bb-d794f700a7dd{ip: 192.168.5.181, host: pr-hdds-1827-f9hw7-802483496, networkLocation: /default-rack, certSerialId: null}, Type:RATIS, Factor:ONE, State:OPEN]
2019-08-21 23:16:34,743 [grpc-default-executor-0] INFO  impl.RaftServerProxy (RaftServerProxy.java:addNew(89)) - 5888b815-4d96-46ed-b33f-cc56843b4232: addNew group-5076C3884139:[5888b815-4d96-46ed-b33f-cc56843b4232:192.168.5.181:40479] returns group-5076C3884139:java.util.concurrent.CompletableFuture@70d7cd3c[Not completed]
2019-08-21 23:16:34,748 [pool-71-thread-1] INFO  impl.RaftServerImpl (RaftServerImpl.java:<init>(93)) - 5888b815-4d96-46ed-b33f-cc56843b4232: new RaftServerImpl for group-5076C3884139:[5888b815-4d96-46ed-b33f-cc56843b4232:192.168.5.181:40479] with ContainerStateMachine:uninitialized
2019-08-21 23:16:34,748 [pool-71-thread-1] INFO  server.RaftServerConfigKeys (ConfUtils.java:logGet(43)) - raft.server.rpc.timeout.min = 5s (custom)
2019-08-21 23:16:34,748 [pool-71-thread-1] INFO  server.RaftServerConfigKeys (ConfUtils.java:logGet(43)) - raft.server.rpc.timeout.max = 5200ms (custom)
2019-08-21 23:16:34,748 [pool-71-thread-1] INFO  server.RaftServerConfigKeys (ConfUtils.java:logGet(43)) - raft.server.rpcslowness.timeout = 120s (custom)
2019-08-21 23:16:34,748 [pool-71-thread-1] INFO  server.RaftServerConfigKeys (ConfUtils.java:logGet(43)) - raft.server.sleep.deviation.threshold = 300 (default)
2019-08-21 23:16:34,749 [pool-71-thread-1] INFO  server.RaftServerConfigKeys (ConfUtils.java:logGet(43)) - raft.server.log.appender.install.snapshot.enabled = false (custom)
2019-08-21 23:16:34,749 [pool-71-thread-1] INFO  impl.RaftServerImpl (ServerState.java:<init>(105)) - 5888b815-4d96-46ed-b33f-cc56843b4232:group-5076C3884139 ConfigurationManager, init=-1: [5888b815-4d96-46ed-b33f-cc56843b4232:192.168.5.181:40479], old=null, confs=<EMPTY_MAP>
2019-08-21 23:16:34,749 [pool-71-thread-1] INFO  server.RaftServerConfigKeys (ConfUtils.java:logGet(43)) - raft.server.storage.dir = [/workdir/hadoop-ozone/integration-test/target/test-dir/MiniOzoneClusterImpl-6d53a963-eed6-48f6-a374-011e20eb1423/datanode-4/data/ratis] (custom)
2019-08-21 23:16:34,750 [pool-71-thread-1] INFO  storage.RaftStorageDirectory (RaftStorageDirectory.java:analyzeStorage(246)) - The storage directory /workdir/hadoop-ozone/integration-test/target/test-dir/MiniOzoneClusterImpl-6d53a963-eed6-48f6-a374-011e20eb1423/datanode-4/data/ratis/71fd5093-f4ee-431a-8aff-5076c3884139 does not exist. Creating ...
2019-08-21 23:16:34,762 [pool-71-thread-1] INFO  storage.RaftStorageDirectory (RaftStorageDirectory.java:tryLock(328)) - Lock on /workdir/hadoop-ozone/integration-test/target/test-dir/MiniOzoneClusterImpl-6d53a963-eed6-48f6-a374-011e20eb1423/datanode-4/data/ratis/71fd5093-f4ee-431a-8aff-5076c3884139/in_use.lock acquired by nodename 6142@pr-hdds-1827-f9hw7-802483496
2019-08-21 23:16:34,776 [pool-71-thread-1] INFO  storage.RaftStorage (RaftStorage.java:format(72)) - Storage directory /workdir/hadoop-ozone/integration-test/target/test-dir/MiniOzoneClusterImpl-6d53a963-eed6-48f6-a374-011e20eb1423/datanode-4/data/ratis/71fd5093-f4ee-431a-8aff-5076c3884139 has been successfully formatted.
2019-08-21 23:16:34,776 [pool-71-thread-1] INFO  ratis.ContainerStateMachine (ContainerStateMachine.java:loadSnapshot(222)) - group-5076C3884139: The snapshot info is null. Setting the last applied indexto:(t:0, i:~)
2019-08-21 23:16:34,776 [pool-71-thread-1] INFO  server.RaftServerConfigKeys (ConfUtils.java:logGet(43)) - raft.server.leader.election.timeout = 120s (custom)
2019-08-21 23:16:34,776 [pool-71-thread-1] INFO  server.RaftServerConfigKeys (ConfUtils.java:logGet(43)) - raft.server.log.use.memory = false (default)
2019-08-21 23:16:34,777 [pool-71-thread-1] INFO  server.RaftServerConfigKeys (ConfUtils.java:logGet(43)) - raft.server.log.purge.gap = 1000000000 (custom)
2019-08-21 23:16:34,777 [pool-71-thread-1] INFO  server.RaftServerConfigKeys (ConfUtils.java:logGet(43)) - raft.server.log.appender.buffer.byte-limit = 33554432 (custom)
2019-08-21 23:16:34,777 [pool-71-thread-1] INFO  server.RaftServerConfigKeys (ConfUtils.java:logGet(43)) - raft.server.log.segment.size.max = 1048576 (custom)
2019-08-21 23:16:34,777 [pool-71-thread-1] INFO  server.RaftServerConfigKeys (ConfUtils.java:logGet(43)) - raft.server.log.segment.cache.num.max = 2 (custom)
2019-08-21 23:16:34,777 [pool-71-thread-1] INFO  segmented.SegmentedRaftLogWorker (SegmentedRaftLogWorker.java:<init>(172)) - new 5888b815-4d96-46ed-b33f-cc56843b4232-SegmentedRaftLogWorker:Storage Directory /workdir/hadoop-ozone/integration-test/target/test-dir/MiniOzoneClusterImpl-6d53a963-eed6-48f6-a374-011e20eb1423/datanode-4/data/ratis/71fd5093-f4ee-431a-8aff-5076c3884139 for RaftStorage:Storage Directory /workdir/hadoop-ozone/integration-test/target/test-dir/MiniOzoneClusterImpl-6d53a963-eed6-48f6-a374-011e20eb1423/datanode-4/data/ratis/71fd5093-f4ee-431a-8aff-5076c3884139
2019-08-21 23:16:34,778 [pool-71-thread-1] INFO  server.RaftServerConfigKeys (ConfUtils.java:logGet(43)) - raft.server.log.queue.byte-limit = 2147483647 (custom)
2019-08-21 23:16:34,778 [pool-71-thread-1] INFO  server.RaftServerConfigKeys (ConfUtils.java:logGet(43)) - raft.server.log.queue.element-limit = 1024 (custom)
2019-08-21 23:16:34,778 [pool-71-thread-1] INFO  server.RaftServerConfigKeys (ConfUtils.java:logGet(43)) - raft.server.log.segment.size.max = 1048576 (custom)
2019-08-21 23:16:34,778 [pool-71-thread-1] INFO  server.RaftServerConfigKeys (ConfUtils.java:logGet(43)) - raft.server.log.preallocated.size = 16384 (custom)
2019-08-21 23:16:34,779 [pool-71-thread-1] INFO  server.RaftServerConfigKeys (ConfUtils.java:logGet(43)) - raft.server.log.write.buffer.size = 33554432 (custom)
2019-08-21 23:16:34,779 [pool-71-thread-1] INFO  server.RaftServerConfigKeys (ConfUtils.java:logGet(43)) - raft.server.log.force.sync.num = 128 (default)
2019-08-21 23:16:34,779 [pool-71-thread-1] INFO  server.RaftServerConfigKeys (ConfUtils.java:logGet(43)) - raft.server.log.statemachine.data.sync = true (default)
2019-08-21 23:16:34,779 [pool-71-thread-1] INFO  server.RaftServerConfigKeys (ConfUtils.java:logGet(43)) - raft.server.log.statemachine.data.sync.timeout = 10s (default)
2019-08-21 23:16:34,779 [pool-71-thread-1] INFO  server.RaftServerConfigKeys (ConfUtils.java:logGet(43)) - raft.server.log.statemachine.data.sync.timeout.retry = -1 (default)
2019-08-21 23:16:34,780 [pool-71-thread-1] INFO  server.RaftServerConfigKeys (ConfUtils.java:logGet(43)) - raft.server.log.statemachine.data.caching.enabled = true (custom)
2019-08-21 23:16:34,780 [pool-71-thread-1] INFO  segmented.SegmentedRaftLogWorker (SegmentedRaftLogWorker.java:lambda$new$0(132)) - 5888b815-4d96-46ed-b33f-cc56843b4232-SegmentedRaftLogWorker:Storage Directory /workdir/hadoop-ozone/integration-test/target/test-dir/MiniOzoneClusterImpl-6d53a963-eed6-48f6-a374-011e20eb1423/datanode-4/data/ratis/71fd5093-f4ee-431a-8aff-5076c3884139: flushIndex: setUnconditionally 0 -> -1
2019-08-21 23:16:34,781 [pool-71-thread-1] INFO  server.RaftServerConfigKeys (ConfUtils.java:logGet(43)) - raft.server.snapshot.auto.trigger.enabled = true (custom)
2019-08-21 23:16:34,781 [pool-71-thread-1] INFO  server.RaftServerConfigKeys (ConfUtils.java:logGet(43)) - raft.server.snapshot.auto.trigger.threshold = 10000 (custom)
2019-08-21 23:16:34,781 [pool-71-thread-1] INFO  server.RaftServerConfigKeys (ConfUtils.java:logGet(43)) - raft.server.retrycache.expirytime = 600000ms (custom)
2019-08-21 23:16:34,781 [pool-71-thread-1] INFO  impl.RaftServerImpl (RaftServerImpl.java:start(180)) - 5888b815-4d96-46ed-b33f-cc56843b4232: start group-5076C3884139
2019-08-21 23:16:34,782 [pool-71-thread-1] INFO  impl.RaftServerImpl (RaftServerImpl.java:setRole(171)) - 5888b815-4d96-46ed-b33f-cc56843b4232:group-5076C3884139 changes role from null to FOLLOWER at term 0 for startAsFollower
2019-08-21 23:16:34,782 [pool-71-thread-1] INFO  impl.RoleInfo (RoleInfo.java:updateAndGet(143)) - 5888b815-4d96-46ed-b33f-cc56843b4232: start FollowerState
2019-08-21 23:16:34,782 [pool-71-thread-1] INFO  util.JmxRegister (JmxRegister.java:tryRegister(44)) - Successfully registered JMX Bean with object name Ratis:service=RaftServer,group=group-5076C3884139,id=5888b815-4d96-46ed-b33f-cc56843b4232
2019-08-21 23:16:34,793 [RatisPipelineUtilsThread] INFO  pipeline.PipelineStateManager (PipelineStateManager.java:addPipeline(56)) - Created pipeline Pipeline[ Id: 71fd5093-f4ee-431a-8aff-5076c3884139, Nodes: 5888b815-4d96-46ed-b33f-cc56843b4232{ip: 192.168.5.181, host: pr-hdds-1827-f9hw7-802483496, networkLocation: /default-rack, certSerialId: null}, Type:RATIS, Factor:ONE, State:OPEN]
2019-08-21 23:16:34,814 [grpc-default-executor-0] INFO  impl.RaftServerProxy (RaftServerProxy.java:addNew(89)) - 2b67acc8-3b4a-436a-98ba-6479a7db268f: addNew group-85E80D607C49:[2b67acc8-3b4a-436a-98ba-6479a7db268f:192.168.5.181:45450] returns group-85E80D607C49:java.util.concurrent.CompletableFuture@64e9dc17[Not completed]
2019-08-21 23:16:34,819 [pool-93-thread-1] INFO  impl.RaftServerImpl (RaftServerImpl.java:<init>(93)) - 2b67acc8-3b4a-436a-98ba-6479a7db268f: new RaftServerImpl for group-85E80D607C49:[2b67acc8-3b4a-436a-98ba-6479a7db268f:192.168.5.181:45450] with ContainerStateMachine:uninitialized
2019-08-21 23:16:34,819 [pool-93-thread-1] INFO  server.RaftServerConfigKeys (ConfUtils.java:logGet(43)) - raft.server.rpc.timeout.min = 5s (custom)
2019-08-21 23:16:34,819 [pool-93-thread-1] INFO  server.RaftServerConfigKeys (ConfUtils.java:logGet(43)) - raft.server.rpc.timeout.max = 5200ms (custom)
2019-08-21 23:16:34,819 [pool-93-thread-1] INFO  server.RaftServerConfigKeys (ConfUtils.java:logGet(43)) - raft.server.rpcslowness.timeout = 120s (custom)
2019-08-21 23:16:34,820 [pool-93-thread-1] INFO  server.RaftServerConfigKeys (ConfUtils.java:logGet(43)) - raft.server.sleep.deviation.threshold = 300 (default)
2019-08-21 23:16:34,820 [pool-93-thread-1] INFO  server.RaftServerConfigKeys (ConfUtils.java:logGet(43)) - raft.server.log.appender.install.snapshot.enabled = false (custom)
2019-08-21 23:16:34,820 [pool-93-thread-1] INFO  impl.RaftServerImpl (ServerState.java:<init>(105)) - 2b67acc8-3b4a-436a-98ba-6479a7db268f:group-85E80D607C49 ConfigurationManager, init=-1: [2b67acc8-3b4a-436a-98ba-6479a7db268f:192.168.5.181:45450], old=null, confs=<EMPTY_MAP>
2019-08-21 23:16:34,820 [pool-93-thread-1] INFO  server.RaftServerConfigKeys (ConfUtils.java:logGet(43)) - raft.server.storage.dir = [/workdir/hadoop-ozone/integration-test/target/test-dir/MiniOzoneClusterImpl-6d53a963-eed6-48f6-a374-011e20eb1423/datanode-6/data/ratis] (custom)
2019-08-21 23:16:34,821 [pool-93-thread-1] INFO  storage.RaftStorageDirectory (RaftStorageDirectory.java:analyzeStorage(246)) - The storage directory /workdir/hadoop-ozone/integration-test/target/test-dir/MiniOzoneClusterImpl-6d53a963-eed6-48f6-a374-011e20eb1423/datanode-6/data/ratis/e34be724-979a-4e73-a978-85e80d607c49 does not exist. Creating ...
2019-08-21 23:16:34,846 [pool-93-thread-1] INFO  storage.RaftStorageDirectory (RaftStorageDirectory.java:tryLock(328)) - Lock on /workdir/hadoop-ozone/integration-test/target/test-dir/MiniOzoneClusterImpl-6d53a963-eed6-48f6-a374-011e20eb1423/datanode-6/data/ratis/e34be724-979a-4e73-a978-85e80d607c49/in_use.lock acquired by nodename 6142@pr-hdds-1827-f9hw7-802483496
2019-08-21 23:16:34,860 [pool-93-thread-1] INFO  storage.RaftStorage (RaftStorage.java:format(72)) - Storage directory /workdir/hadoop-ozone/integration-test/target/test-dir/MiniOzoneClusterImpl-6d53a963-eed6-48f6-a374-011e20eb1423/datanode-6/data/ratis/e34be724-979a-4e73-a978-85e80d607c49 has been successfully formatted.
2019-08-21 23:16:34,861 [pool-93-thread-1] INFO  ratis.ContainerStateMachine (ContainerStateMachine.java:loadSnapshot(222)) - group-85E80D607C49: The snapshot info is null. Setting the last applied indexto:(t:0, i:~)
2019-08-21 23:16:34,861 [pool-93-thread-1] INFO  server.RaftServerConfigKeys (ConfUtils.java:logGet(43)) - raft.server.leader.election.timeout = 120s (custom)
2019-08-21 23:16:34,861 [pool-93-thread-1] INFO  server.RaftServerConfigKeys (ConfUtils.java:logGet(43)) - raft.server.log.use.memory = false (default)
2019-08-21 23:16:34,861 [pool-93-thread-1] INFO  server.RaftServerConfigKeys (ConfUtils.java:logGet(43)) - raft.server.log.purge.gap = 1000000000 (custom)
2019-08-21 23:16:34,861 [pool-93-thread-1] INFO  server.RaftServerConfigKeys (ConfUtils.java:logGet(43)) - raft.server.log.appender.buffer.byte-limit = 33554432 (custom)
2019-08-21 23:16:34,862 [pool-93-thread-1] INFO  server.RaftServerConfigKeys (ConfUtils.java:logGet(43)) - raft.server.log.segment.size.max = 1048576 (custom)
2019-08-21 23:16:34,862 [pool-93-thread-1] INFO  server.RaftServerConfigKeys (ConfUtils.java:logGet(43)) - raft.server.log.segment.cache.num.max = 2 (custom)
2019-08-21 23:16:34,862 [pool-93-thread-1] INFO  segmented.SegmentedRaftLogWorker (SegmentedRaftLogWorker.java:<init>(172)) - new 2b67acc8-3b4a-436a-98ba-6479a7db268f-SegmentedRaftLogWorker:Storage Directory /workdir/hadoop-ozone/integration-test/target/test-dir/MiniOzoneClusterImpl-6d53a963-eed6-48f6-a374-011e20eb1423/datanode-6/data/ratis/e34be724-979a-4e73-a978-85e80d607c49 for RaftStorage:Storage Directory /workdir/hadoop-ozone/integration-test/target/test-dir/MiniOzoneClusterImpl-6d53a963-eed6-48f6-a374-011e20eb1423/datanode-6/data/ratis/e34be724-979a-4e73-a978-85e80d607c49
2019-08-21 23:16:34,862 [pool-93-thread-1] INFO  server.RaftServerConfigKeys (ConfUtils.java:logGet(43)) - raft.server.log.queue.byte-limit = 2147483647 (custom)
2019-08-21 23:16:34,863 [pool-93-thread-1] INFO  server.RaftServerConfigKeys (ConfUtils.java:logGet(43)) - raft.server.log.queue.element-limit = 1024 (custom)
2019-08-21 23:16:34,863 [pool-93-thread-1] INFO  server.RaftServerConfigKeys (ConfUtils.java:logGet(43)) - raft.server.log.segment.size.max = 1048576 (custom)
2019-08-21 23:16:34,863 [pool-93-thread-1] INFO  server.RaftServerConfigKeys (ConfUtils.java:logGet(43)) - raft.server.log.preallocated.size = 16384 (custom)
2019-08-21 23:16:34,863 [pool-93-thread-1] INFO  server.RaftServerConfigKeys (ConfUtils.java:logGet(43)) - raft.server.log.write.buffer.size = 33554432 (custom)
2019-08-21 23:16:34,864 [pool-93-thread-1] INFO  server.RaftServerConfigKeys (ConfUtils.java:logGet(43)) - raft.server.log.force.sync.num = 128 (default)
2019-08-21 23:16:34,864 [pool-93-thread-1] INFO  server.RaftServerConfigKeys (ConfUtils.java:logGet(43)) - raft.server.log.statemachine.data.sync = true (default)
2019-08-21 23:16:34,864 [pool-93-thread-1] INFO  server.RaftServerConfigKeys (ConfUtils.java:logGet(43)) - raft.server.log.statemachine.data.sync.timeout = 10s (default)
2019-08-21 23:16:34,864 [pool-93-thread-1] INFO  server.RaftServerConfigKeys (ConfUtils.java:logGet(43)) - raft.server.log.statemachine.data.sync.timeout.retry = -1 (default)
2019-08-21 23:16:34,865 [pool-93-thread-1] INFO  server.RaftServerConfigKeys (ConfUtils.java:logGet(43)) - raft.server.log.statemachine.data.caching.enabled = true (custom)
2019-08-21 23:16:34,865 [pool-93-thread-1] INFO  segmented.SegmentedRaftLogWorker (SegmentedRaftLogWorker.java:lambda$new$0(132)) - 2b67acc8-3b4a-436a-98ba-6479a7db268f-SegmentedRaftLogWorker:Storage Directory /workdir/hadoop-ozone/integration-test/target/test-dir/MiniOzoneClusterImpl-6d53a963-eed6-48f6-a374-011e20eb1423/datanode-6/data/ratis/e34be724-979a-4e73-a978-85e80d607c49: flushIndex: setUnconditionally 0 -> -1
2019-08-21 23:16:34,866 [pool-93-thread-1] INFO  server.RaftServerConfigKeys (ConfUtils.java:logGet(43)) - raft.server.snapshot.auto.trigger.enabled = true (custom)
2019-08-21 23:16:34,866 [pool-93-thread-1] INFO  server.RaftServerConfigKeys (ConfUtils.java:logGet(43)) - raft.server.snapshot.auto.trigger.threshold = 10000 (custom)
2019-08-21 23:16:34,866 [pool-93-thread-1] INFO  server.RaftServerConfigKeys (ConfUtils.java:logGet(43)) - raft.server.retrycache.expirytime = 600000ms (custom)
2019-08-21 23:16:34,867 [pool-93-thread-1] INFO  impl.RaftServerImpl (RaftServerImpl.java:start(180)) - 2b67acc8-3b4a-436a-98ba-6479a7db268f: start group-85E80D607C49
2019-08-21 23:16:34,867 [pool-93-thread-1] INFO  impl.RaftServerImpl (RaftServerImpl.java:setRole(171)) - 2b67acc8-3b4a-436a-98ba-6479a7db268f:group-85E80D607C49 changes role from null to FOLLOWER at term 0 for startAsFollower
2019-08-21 23:16:34,867 [pool-93-thread-1] INFO  impl.RoleInfo (RoleInfo.java:updateAndGet(143)) - 2b67acc8-3b4a-436a-98ba-6479a7db268f: start FollowerState
2019-08-21 23:16:34,868 [pool-93-thread-1] INFO  util.JmxRegister (JmxRegister.java:tryRegister(44)) - Successfully registered JMX Bean with object name Ratis:service=RaftServer,group=group-85E80D607C49,id=2b67acc8-3b4a-436a-98ba-6479a7db268f
2019-08-21 23:16:34,878 [RatisPipelineUtilsThread] INFO  pipeline.PipelineStateManager (PipelineStateManager.java:addPipeline(56)) - Created pipeline Pipeline[ Id: e34be724-979a-4e73-a978-85e80d607c49, Nodes: 2b67acc8-3b4a-436a-98ba-6479a7db268f{ip: 192.168.5.181, host: pr-hdds-1827-f9hw7-802483496, networkLocation: /default-rack, certSerialId: null}, Type:RATIS, Factor:ONE, State:OPEN]
2019-08-21 23:16:34,895 [grpc-default-executor-0] INFO  impl.RaftServerProxy (RaftServerProxy.java:addNew(89)) - c91997ae-6098-47eb-ba22-0b3cfd28eafd: addNew group-1FEB24084B74:[c91997ae-6098-47eb-ba22-0b3cfd28eafd:192.168.5.181:46023] returns group-1FEB24084B74:java.util.concurrent.CompletableFuture@211e1f2d[Not completed]
2019-08-21 23:16:34,899 [pool-60-thread-1] INFO  impl.RaftServerImpl (RaftServerImpl.java:<init>(93)) - c91997ae-6098-47eb-ba22-0b3cfd28eafd: new RaftServerImpl for group-1FEB24084B74:[c91997ae-6098-47eb-ba22-0b3cfd28eafd:192.168.5.181:46023] with ContainerStateMachine:uninitialized
2019-08-21 23:16:34,899 [pool-60-thread-1] INFO  server.RaftServerConfigKeys (ConfUtils.java:logGet(43)) - raft.server.rpc.timeout.min = 5s (custom)
2019-08-21 23:16:34,900 [pool-60-thread-1] INFO  server.RaftServerConfigKeys (ConfUtils.java:logGet(43)) - raft.server.rpc.timeout.max = 5200ms (custom)
2019-08-21 23:16:34,900 [pool-60-thread-1] INFO  server.RaftServerConfigKeys (ConfUtils.java:logGet(43)) - raft.server.rpcslowness.timeout = 120s (custom)
2019-08-21 23:16:34,900 [pool-60-thread-1] INFO  server.RaftServerConfigKeys (ConfUtils.java:logGet(43)) - raft.server.sleep.deviation.threshold = 300 (default)
2019-08-21 23:16:34,900 [pool-60-thread-1] INFO  server.RaftServerConfigKeys (ConfUtils.java:logGet(43)) - raft.server.log.appender.install.snapshot.enabled = false (custom)
2019-08-21 23:16:34,900 [pool-60-thread-1] INFO  impl.RaftServerImpl (ServerState.java:<init>(105)) - c91997ae-6098-47eb-ba22-0b3cfd28eafd:group-1FEB24084B74 ConfigurationManager, init=-1: [c91997ae-6098-47eb-ba22-0b3cfd28eafd:192.168.5.181:46023], old=null, confs=<EMPTY_MAP>
2019-08-21 23:16:34,901 [pool-60-thread-1] INFO  server.RaftServerConfigKeys (ConfUtils.java:logGet(43)) - raft.server.storage.dir = [/workdir/hadoop-ozone/integration-test/target/test-dir/MiniOzoneClusterImpl-6d53a963-eed6-48f6-a374-011e20eb1423/datanode-3/data/ratis] (custom)
2019-08-21 23:16:34,901 [pool-60-thread-1] INFO  storage.RaftStorageDirectory (RaftStorageDirectory.java:analyzeStorage(246)) - The storage directory /workdir/hadoop-ozone/integration-test/target/test-dir/MiniOzoneClusterImpl-6d53a963-eed6-48f6-a374-011e20eb1423/datanode-3/data/ratis/f273ab65-67de-4c1f-8635-1feb24084b74 does not exist. Creating ...
2019-08-21 23:16:34,914 [pool-60-thread-1] INFO  storage.RaftStorageDirectory (RaftStorageDirectory.java:tryLock(328)) - Lock on /workdir/hadoop-ozone/integration-test/target/test-dir/MiniOzoneClusterImpl-6d53a963-eed6-48f6-a374-011e20eb1423/datanode-3/data/ratis/f273ab65-67de-4c1f-8635-1feb24084b74/in_use.lock acquired by nodename 6142@pr-hdds-1827-f9hw7-802483496
2019-08-21 23:16:34,927 [pool-60-thread-1] INFO  storage.RaftStorage (RaftStorage.java:format(72)) - Storage directory /workdir/hadoop-ozone/integration-test/target/test-dir/MiniOzoneClusterImpl-6d53a963-eed6-48f6-a374-011e20eb1423/datanode-3/data/ratis/f273ab65-67de-4c1f-8635-1feb24084b74 has been successfully formatted.
2019-08-21 23:16:34,927 [pool-60-thread-1] INFO  ratis.ContainerStateMachine (ContainerStateMachine.java:loadSnapshot(222)) - group-1FEB24084B74: The snapshot info is null. Setting the last applied indexto:(t:0, i:~)
2019-08-21 23:16:34,927 [pool-60-thread-1] INFO  server.RaftServerConfigKeys (ConfUtils.java:logGet(43)) - raft.server.leader.election.timeout = 120s (custom)
2019-08-21 23:16:34,928 [pool-60-thread-1] INFO  server.RaftServerConfigKeys (ConfUtils.java:logGet(43)) - raft.server.log.use.memory = false (default)
2019-08-21 23:16:34,928 [pool-60-thread-1] INFO  server.RaftServerConfigKeys (ConfUtils.java:logGet(43)) - raft.server.log.purge.gap = 1000000000 (custom)
2019-08-21 23:16:34,928 [pool-60-thread-1] INFO  server.RaftServerConfigKeys (ConfUtils.java:logGet(43)) - raft.server.log.appender.buffer.byte-limit = 33554432 (custom)
2019-08-21 23:16:34,928 [pool-60-thread-1] INFO  server.RaftServerConfigKeys (ConfUtils.java:logGet(43)) - raft.server.log.segment.size.max = 1048576 (custom)
2019-08-21 23:16:34,928 [pool-60-thread-1] INFO  server.RaftServerConfigKeys (ConfUtils.java:logGet(43)) - raft.server.log.segment.cache.num.max = 2 (custom)
2019-08-21 23:16:34,929 [pool-60-thread-1] INFO  segmented.SegmentedRaftLogWorker (SegmentedRaftLogWorker.java:<init>(172)) - new c91997ae-6098-47eb-ba22-0b3cfd28eafd-SegmentedRaftLogWorker:Storage Directory /workdir/hadoop-ozone/integration-test/target/test-dir/MiniOzoneClusterImpl-6d53a963-eed6-48f6-a374-011e20eb1423/datanode-3/data/ratis/f273ab65-67de-4c1f-8635-1feb24084b74 for RaftStorage:Storage Directory /workdir/hadoop-ozone/integration-test/target/test-dir/MiniOzoneClusterImpl-6d53a963-eed6-48f6-a374-011e20eb1423/datanode-3/data/ratis/f273ab65-67de-4c1f-8635-1feb24084b74
2019-08-21 23:16:34,929 [pool-60-thread-1] INFO  server.RaftServerConfigKeys (ConfUtils.java:logGet(43)) - raft.server.log.queue.byte-limit = 2147483647 (custom)
2019-08-21 23:16:34,929 [pool-60-thread-1] INFO  server.RaftServerConfigKeys (ConfUtils.java:logGet(43)) - raft.server.log.queue.element-limit = 1024 (custom)
2019-08-21 23:16:34,929 [pool-60-thread-1] INFO  server.RaftServerConfigKeys (ConfUtils.java:logGet(43)) - raft.server.log.segment.size.max = 1048576 (custom)
2019-08-21 23:16:34,930 [pool-60-thread-1] INFO  server.RaftServerConfigKeys (ConfUtils.java:logGet(43)) - raft.server.log.preallocated.size = 16384 (custom)
2019-08-21 23:16:34,930 [pool-60-thread-1] INFO  server.RaftServerConfigKeys (ConfUtils.java:logGet(43)) - raft.server.log.write.buffer.size = 33554432 (custom)
2019-08-21 23:16:34,930 [pool-60-thread-1] INFO  server.RaftServerConfigKeys (ConfUtils.java:logGet(43)) - raft.server.log.force.sync.num = 128 (default)
2019-08-21 23:16:34,930 [pool-60-thread-1] INFO  server.RaftServerConfigKeys (ConfUtils.java:logGet(43)) - raft.server.log.statemachine.data.sync = true (default)
2019-08-21 23:16:34,930 [pool-60-thread-1] INFO  server.RaftServerConfigKeys (ConfUtils.java:logGet(43)) - raft.server.log.statemachine.data.sync.timeout = 10s (default)
2019-08-21 23:16:34,931 [pool-60-thread-1] INFO  server.RaftServerConfigKeys (ConfUtils.java:logGet(43)) - raft.server.log.statemachine.data.sync.timeout.retry = -1 (default)
2019-08-21 23:16:34,931 [pool-60-thread-1] INFO  server.RaftServerConfigKeys (ConfUtils.java:logGet(43)) - raft.server.log.statemachine.data.caching.enabled = true (custom)
2019-08-21 23:16:34,932 [pool-60-thread-1] INFO  segmented.SegmentedRaftLogWorker (SegmentedRaftLogWorker.java:lambda$new$0(132)) - c91997ae-6098-47eb-ba22-0b3cfd28eafd-SegmentedRaftLogWorker:Storage Directory /workdir/hadoop-ozone/integration-test/target/test-dir/MiniOzoneClusterImpl-6d53a963-eed6-48f6-a374-011e20eb1423/datanode-3/data/ratis/f273ab65-67de-4c1f-8635-1feb24084b74: flushIndex: setUnconditionally 0 -> -1
2019-08-21 23:16:34,932 [pool-60-thread-1] INFO  server.RaftServerConfigKeys (ConfUtils.java:logGet(43)) - raft.server.snapshot.auto.trigger.enabled = true (custom)
2019-08-21 23:16:34,932 [pool-60-thread-1] INFO  server.RaftServerConfigKeys (ConfUtils.java:logGet(43)) - raft.server.snapshot.auto.trigger.threshold = 10000 (custom)
2019-08-21 23:16:34,933 [pool-60-thread-1] INFO  server.RaftServerConfigKeys (ConfUtils.java:logGet(43)) - raft.server.retrycache.expirytime = 600000ms (custom)
2019-08-21 23:16:34,933 [pool-60-thread-1] INFO  impl.RaftServerImpl (RaftServerImpl.java:start(180)) - c91997ae-6098-47eb-ba22-0b3cfd28eafd: start group-1FEB24084B74
2019-08-21 23:16:34,933 [pool-60-thread-1] INFO  impl.RaftServerImpl (RaftServerImpl.java:setRole(171)) - c91997ae-6098-47eb-ba22-0b3cfd28eafd:group-1FEB24084B74 changes role from null to FOLLOWER at term 0 for startAsFollower
2019-08-21 23:16:34,933 [pool-60-thread-1] INFO  impl.RoleInfo (RoleInfo.java:updateAndGet(143)) - c91997ae-6098-47eb-ba22-0b3cfd28eafd: start FollowerState
2019-08-21 23:16:34,934 [pool-60-thread-1] INFO  util.JmxRegister (JmxRegister.java:tryRegister(44)) - Successfully registered JMX Bean with object name Ratis:service=RaftServer,group=group-1FEB24084B74,id=c91997ae-6098-47eb-ba22-0b3cfd28eafd
2019-08-21 23:16:34,949 [RatisPipelineUtilsThread] INFO  pipeline.PipelineStateManager (PipelineStateManager.java:addPipeline(56)) - Created pipeline Pipeline[ Id: f273ab65-67de-4c1f-8635-1feb24084b74, Nodes: c91997ae-6098-47eb-ba22-0b3cfd28eafd{ip: 192.168.5.181, host: pr-hdds-1827-f9hw7-802483496, networkLocation: /default-rack, certSerialId: null}, Type:RATIS, Factor:ONE, State:OPEN]
2019-08-21 23:16:34,976 [grpc-default-executor-2] INFO  impl.RaftServerProxy (RaftServerProxy.java:addNew(89)) - 8240b2fd-00fc-40d9-9a44-40fb4e30c3a3: addNew group-0F301184CFE7:[30732d1c-ca6f-4dcf-aafc-9fae1e227f0f:192.168.5.181:35521, be7267f5-08d7-4de7-85bb-d794f700a7dd:192.168.5.181:38145, 8240b2fd-00fc-40d9-9a44-40fb4e30c3a3:192.168.5.181:34650] returns group-0F301184CFE7:java.util.concurrent.CompletableFuture@2b64ebc5[Not completed]
2019-08-21 23:16:34,979 [grpc-default-executor-2] INFO  impl.RaftServerProxy (RaftServerProxy.java:addNew(89)) - 30732d1c-ca6f-4dcf-aafc-9fae1e227f0f: addNew group-0F301184CFE7:[30732d1c-ca6f-4dcf-aafc-9fae1e227f0f:192.168.5.181:35521, be7267f5-08d7-4de7-85bb-d794f700a7dd:192.168.5.181:38145, 8240b2fd-00fc-40d9-9a44-40fb4e30c3a3:192.168.5.181:34650] returns group-0F301184CFE7:java.util.concurrent.CompletableFuture@6a59e1fe[Not completed]
2019-08-21 23:16:34,979 [grpc-default-executor-1] INFO  impl.RaftServerProxy (RaftServerProxy.java:addNew(89)) - be7267f5-08d7-4de7-85bb-d794f700a7dd: addNew group-0F301184CFE7:[30732d1c-ca6f-4dcf-aafc-9fae1e227f0f:192.168.5.181:35521, be7267f5-08d7-4de7-85bb-d794f700a7dd:192.168.5.181:38145, 8240b2fd-00fc-40d9-9a44-40fb4e30c3a3:192.168.5.181:34650] returns group-0F301184CFE7:java.util.concurrent.CompletableFuture@39106e57[Not completed]
2019-08-21 23:16:34,981 [pool-38-thread-1] INFO  impl.RaftServerImpl (RaftServerImpl.java:<init>(93)) - 8240b2fd-00fc-40d9-9a44-40fb4e30c3a3: new RaftServerImpl for group-0F301184CFE7:[30732d1c-ca6f-4dcf-aafc-9fae1e227f0f:192.168.5.181:35521, be7267f5-08d7-4de7-85bb-d794f700a7dd:192.168.5.181:38145, 8240b2fd-00fc-40d9-9a44-40fb4e30c3a3:192.168.5.181:34650] with ContainerStateMachine:uninitialized
2019-08-21 23:16:34,981 [pool-38-thread-1] INFO  server.RaftServerConfigKeys (ConfUtils.java:logGet(43)) - raft.server.rpc.timeout.min = 5s (custom)
2019-08-21 23:16:34,981 [pool-38-thread-1] INFO  server.RaftServerConfigKeys (ConfUtils.java:logGet(43)) - raft.server.rpc.timeout.max = 5200ms (custom)
2019-08-21 23:16:34,981 [pool-38-thread-1] INFO  server.RaftServerConfigKeys (ConfUtils.java:logGet(43)) - raft.server.rpcslowness.timeout = 120s (custom)
2019-08-21 23:16:34,982 [pool-38-thread-1] INFO  server.RaftServerConfigKeys (ConfUtils.java:logGet(43)) - raft.server.sleep.deviation.threshold = 300 (default)
2019-08-21 23:16:34,982 [pool-38-thread-1] INFO  server.RaftServerConfigKeys (ConfUtils.java:logGet(43)) - raft.server.log.appender.install.snapshot.enabled = false (custom)
2019-08-21 23:16:34,982 [pool-38-thread-1] INFO  impl.RaftServerImpl (ServerState.java:<init>(105)) - 8240b2fd-00fc-40d9-9a44-40fb4e30c3a3:group-0F301184CFE7 ConfigurationManager, init=-1: [30732d1c-ca6f-4dcf-aafc-9fae1e227f0f:192.168.5.181:35521, be7267f5-08d7-4de7-85bb-d794f700a7dd:192.168.5.181:38145, 8240b2fd-00fc-40d9-9a44-40fb4e30c3a3:192.168.5.181:34650], old=null, confs=<EMPTY_MAP>
2019-08-21 23:16:34,982 [pool-82-thread-1] INFO  impl.RaftServerImpl (RaftServerImpl.java:<init>(93)) - be7267f5-08d7-4de7-85bb-d794f700a7dd: new RaftServerImpl for group-0F301184CFE7:[30732d1c-ca6f-4dcf-aafc-9fae1e227f0f:192.168.5.181:35521, be7267f5-08d7-4de7-85bb-d794f700a7dd:192.168.5.181:38145, 8240b2fd-00fc-40d9-9a44-40fb4e30c3a3:192.168.5.181:34650] with ContainerStateMachine:uninitialized
2019-08-21 23:16:34,982 [pool-38-thread-1] INFO  server.RaftServerConfigKeys (ConfUtils.java:logGet(43)) - raft.server.storage.dir = [/workdir/hadoop-ozone/integration-test/target/test-dir/MiniOzoneClusterImpl-6d53a963-eed6-48f6-a374-011e20eb1423/datanode-1/data/ratis] (custom)
2019-08-21 23:16:34,982 [pool-82-thread-1] INFO  server.RaftServerConfigKeys (ConfUtils.java:logGet(43)) - raft.server.rpc.timeout.min = 5s (custom)
2019-08-21 23:16:34,983 [pool-82-thread-1] INFO  server.RaftServerConfigKeys (ConfUtils.java:logGet(43)) - raft.server.rpc.timeout.max = 5200ms (custom)
2019-08-21 23:16:34,983 [pool-82-thread-1] INFO  server.RaftServerConfigKeys (ConfUtils.java:logGet(43)) - raft.server.rpcslowness.timeout = 120s (custom)
2019-08-21 23:16:34,983 [pool-38-thread-1] INFO  storage.RaftStorageDirectory (RaftStorageDirectory.java:analyzeStorage(246)) - The storage directory /workdir/hadoop-ozone/integration-test/target/test-dir/MiniOzoneClusterImpl-6d53a963-eed6-48f6-a374-011e20eb1423/datanode-1/data/ratis/c583b836-617e-4da1-a659-0f301184cfe7 does not exist. Creating ...
2019-08-21 23:16:34,983 [pool-82-thread-1] INFO  server.RaftServerConfigKeys (ConfUtils.java:logGet(43)) - raft.server.sleep.deviation.threshold = 300 (default)
2019-08-21 23:16:34,983 [pool-82-thread-1] INFO  server.RaftServerConfigKeys (ConfUtils.java:logGet(43)) - raft.server.log.appender.install.snapshot.enabled = false (custom)
2019-08-21 23:16:34,983 [pool-49-thread-1] INFO  impl.RaftServerImpl (RaftServerImpl.java:<init>(93)) - 30732d1c-ca6f-4dcf-aafc-9fae1e227f0f: new RaftServerImpl for group-0F301184CFE7:[30732d1c-ca6f-4dcf-aafc-9fae1e227f0f:192.168.5.181:35521, be7267f5-08d7-4de7-85bb-d794f700a7dd:192.168.5.181:38145, 8240b2fd-00fc-40d9-9a44-40fb4e30c3a3:192.168.5.181:34650] with ContainerStateMachine:uninitialized
2019-08-21 23:16:34,984 [pool-82-thread-1] INFO  impl.RaftServerImpl (ServerState.java:<init>(105)) - be7267f5-08d7-4de7-85bb-d794f700a7dd:group-0F301184CFE7 ConfigurationManager, init=-1: [30732d1c-ca6f-4dcf-aafc-9fae1e227f0f:192.168.5.181:35521, be7267f5-08d7-4de7-85bb-d794f700a7dd:192.168.5.181:38145, 8240b2fd-00fc-40d9-9a44-40fb4e30c3a3:192.168.5.181:34650], old=null, confs=<EMPTY_MAP>
2019-08-21 23:16:34,984 [pool-49-thread-1] INFO  server.RaftServerConfigKeys (ConfUtils.java:logGet(43)) - raft.server.rpc.timeout.min = 5s (custom)
2019-08-21 23:16:34,984 [pool-82-thread-1] INFO  server.RaftServerConfigKeys (ConfUtils.java:logGet(43)) - raft.server.storage.dir = [/workdir/hadoop-ozone/integration-test/target/test-dir/MiniOzoneClusterImpl-6d53a963-eed6-48f6-a374-011e20eb1423/datanode-5/data/ratis] (custom)
2019-08-21 23:16:34,984 [pool-49-thread-1] INFO  server.RaftServerConfigKeys (ConfUtils.java:logGet(43)) - raft.server.rpc.timeout.max = 5200ms (custom)
2019-08-21 23:16:34,984 [pool-49-thread-1] INFO  server.RaftServerConfigKeys (ConfUtils.java:logGet(43)) - raft.server.rpcslowness.timeout = 120s (custom)
2019-08-21 23:16:34,985 [pool-82-thread-1] INFO  storage.RaftStorageDirectory (RaftStorageDirectory.java:analyzeStorage(246)) - The storage directory /workdir/hadoop-ozone/integration-test/target/test-dir/MiniOzoneClusterImpl-6d53a963-eed6-48f6-a374-011e20eb1423/datanode-5/data/ratis/c583b836-617e-4da1-a659-0f301184cfe7 does not exist. Creating ...
2019-08-21 23:16:34,985 [pool-49-thread-1] INFO  server.RaftServerConfigKeys (ConfUtils.java:logGet(43)) - raft.server.sleep.deviation.threshold = 300 (default)
2019-08-21 23:16:34,985 [pool-49-thread-1] INFO  server.RaftServerConfigKeys (ConfUtils.java:logGet(43)) - raft.server.log.appender.install.snapshot.enabled = false (custom)
2019-08-21 23:16:34,985 [pool-49-thread-1] INFO  impl.RaftServerImpl (ServerState.java:<init>(105)) - 30732d1c-ca6f-4dcf-aafc-9fae1e227f0f:group-0F301184CFE7 ConfigurationManager, init=-1: [30732d1c-ca6f-4dcf-aafc-9fae1e227f0f:192.168.5.181:35521, be7267f5-08d7-4de7-85bb-d794f700a7dd:192.168.5.181:38145, 8240b2fd-00fc-40d9-9a44-40fb4e30c3a3:192.168.5.181:34650], old=null, confs=<EMPTY_MAP>
2019-08-21 23:16:34,985 [pool-49-thread-1] INFO  server.RaftServerConfigKeys (ConfUtils.java:logGet(43)) - raft.server.storage.dir = [/workdir/hadoop-ozone/integration-test/target/test-dir/MiniOzoneClusterImpl-6d53a963-eed6-48f6-a374-011e20eb1423/datanode-2/data/ratis] (custom)
2019-08-21 23:16:34,986 [pool-49-thread-1] INFO  storage.RaftStorageDirectory (RaftStorageDirectory.java:analyzeStorage(246)) - The storage directory /workdir/hadoop-ozone/integration-test/target/test-dir/MiniOzoneClusterImpl-6d53a963-eed6-48f6-a374-011e20eb1423/datanode-2/data/ratis/c583b836-617e-4da1-a659-0f301184cfe7 does not exist. Creating ...
2019-08-21 23:16:35,009 [pool-38-thread-1] INFO  storage.RaftStorageDirectory (RaftStorageDirectory.java:tryLock(328)) - Lock on /workdir/hadoop-ozone/integration-test/target/test-dir/MiniOzoneClusterImpl-6d53a963-eed6-48f6-a374-011e20eb1423/datanode-1/data/ratis/c583b836-617e-4da1-a659-0f301184cfe7/in_use.lock acquired by nodename 6142@pr-hdds-1827-f9hw7-802483496
2019-08-21 23:16:35,009 [pool-49-thread-1] INFO  storage.RaftStorageDirectory (RaftStorageDirectory.java:tryLock(328)) - Lock on /workdir/hadoop-ozone/integration-test/target/test-dir/MiniOzoneClusterImpl-6d53a963-eed6-48f6-a374-011e20eb1423/datanode-2/data/ratis/c583b836-617e-4da1-a659-0f301184cfe7/in_use.lock acquired by nodename 6142@pr-hdds-1827-f9hw7-802483496
2019-08-21 23:16:35,009 [pool-82-thread-1] INFO  storage.RaftStorageDirectory (RaftStorageDirectory.java:tryLock(328)) - Lock on /workdir/hadoop-ozone/integration-test/target/test-dir/MiniOzoneClusterImpl-6d53a963-eed6-48f6-a374-011e20eb1423/datanode-5/data/ratis/c583b836-617e-4da1-a659-0f301184cfe7/in_use.lock acquired by nodename 6142@pr-hdds-1827-f9hw7-802483496
2019-08-21 23:16:35,023 [pool-49-thread-1] INFO  storage.RaftStorage (RaftStorage.java:format(72)) - Storage directory /workdir/hadoop-ozone/integration-test/target/test-dir/MiniOzoneClusterImpl-6d53a963-eed6-48f6-a374-011e20eb1423/datanode-2/data/ratis/c583b836-617e-4da1-a659-0f301184cfe7 has been successfully formatted.
2019-08-21 23:16:35,023 [pool-38-thread-1] INFO  storage.RaftStorage (RaftStorage.java:format(72)) - Storage directory /workdir/hadoop-ozone/integration-test/target/test-dir/MiniOzoneClusterImpl-6d53a963-eed6-48f6-a374-011e20eb1423/datanode-1/data/ratis/c583b836-617e-4da1-a659-0f301184cfe7 has been successfully formatted.
2019-08-21 23:16:35,024 [pool-38-thread-1] INFO  ratis.ContainerStateMachine (ContainerStateMachine.java:loadSnapshot(222)) - group-0F301184CFE7: The snapshot info is null. Setting the last applied indexto:(t:0, i:~)
2019-08-21 23:16:35,024 [pool-38-thread-1] INFO  server.RaftServerConfigKeys (ConfUtils.java:logGet(43)) - raft.server.leader.election.timeout = 120s (custom)
2019-08-21 23:16:35,025 [pool-38-thread-1] INFO  server.RaftServerConfigKeys (ConfUtils.java:logGet(43)) - raft.server.log.use.memory = false (default)
2019-08-21 23:16:35,025 [pool-38-thread-1] INFO  server.RaftServerConfigKeys (ConfUtils.java:logGet(43)) - raft.server.log.purge.gap = 1000000000 (custom)
2019-08-21 23:16:35,025 [pool-38-thread-1] INFO  server.RaftServerConfigKeys (ConfUtils.java:logGet(43)) - raft.server.log.appender.buffer.byte-limit = 33554432 (custom)
2019-08-21 23:16:35,025 [pool-38-thread-1] INFO  server.RaftServerConfigKeys (ConfUtils.java:logGet(43)) - raft.server.log.segment.size.max = 1048576 (custom)
2019-08-21 23:16:35,026 [pool-38-thread-1] INFO  server.RaftServerConfigKeys (ConfUtils.java:logGet(43)) - raft.server.log.segment.cache.num.max = 2 (custom)
2019-08-21 23:16:35,026 [pool-38-thread-1] INFO  segmented.SegmentedRaftLogWorker (SegmentedRaftLogWorker.java:<init>(172)) - new 8240b2fd-00fc-40d9-9a44-40fb4e30c3a3-SegmentedRaftLogWorker:Storage Directory /workdir/hadoop-ozone/integration-test/target/test-dir/MiniOzoneClusterImpl-6d53a963-eed6-48f6-a374-011e20eb1423/datanode-1/data/ratis/c583b836-617e-4da1-a659-0f301184cfe7 for RaftStorage:Storage Directory /workdir/hadoop-ozone/integration-test/target/test-dir/MiniOzoneClusterImpl-6d53a963-eed6-48f6-a374-011e20eb1423/datanode-1/data/ratis/c583b836-617e-4da1-a659-0f301184cfe7
2019-08-21 23:16:35,026 [pool-38-thread-1] INFO  server.RaftServerConfigKeys (ConfUtils.java:logGet(43)) - raft.server.log.queue.byte-limit = 2147483647 (custom)
2019-08-21 23:16:35,027 [pool-38-thread-1] INFO  server.RaftServerConfigKeys (ConfUtils.java:logGet(43)) - raft.server.log.queue.element-limit = 1024 (custom)
2019-08-21 23:16:35,027 [pool-38-thread-1] INFO  server.RaftServerConfigKeys (ConfUtils.java:logGet(43)) - raft.server.log.segment.size.max = 1048576 (custom)
2019-08-21 23:16:35,027 [pool-38-thread-1] INFO  server.RaftServerConfigKeys (ConfUtils.java:logGet(43)) - raft.server.log.preallocated.size = 16384 (custom)
2019-08-21 23:16:35,023 [pool-82-thread-1] INFO  storage.RaftStorage (RaftStorage.java:format(72)) - Storage directory /workdir/hadoop-ozone/integration-test/target/test-dir/MiniOzoneClusterImpl-6d53a963-eed6-48f6-a374-011e20eb1423/datanode-5/data/ratis/c583b836-617e-4da1-a659-0f301184cfe7 has been successfully formatted.
2019-08-21 23:16:35,028 [pool-38-thread-1] INFO  server.RaftServerConfigKeys (ConfUtils.java:logGet(43)) - raft.server.log.write.buffer.size = 33554432 (custom)
2019-08-21 23:16:35,024 [pool-49-thread-1] INFO  ratis.ContainerStateMachine (ContainerStateMachine.java:loadSnapshot(222)) - group-0F301184CFE7: The snapshot info is null. Setting the last applied indexto:(t:0, i:~)
2019-08-21 23:16:35,030 [pool-38-thread-1] INFO  server.RaftServerConfigKeys (ConfUtils.java:logGet(43)) - raft.server.log.force.sync.num = 128 (default)
2019-08-21 23:16:35,030 [pool-82-thread-1] INFO  ratis.ContainerStateMachine (ContainerStateMachine.java:loadSnapshot(222)) - group-0F301184CFE7: The snapshot info is null. Setting the last applied indexto:(t:0, i:~)
2019-08-21 23:16:35,031 [pool-38-thread-1] INFO  server.RaftServerConfigKeys (ConfUtils.java:logGet(43)) - raft.server.log.statemachine.data.sync = true (default)
2019-08-21 23:16:35,030 [pool-49-thread-1] INFO  server.RaftServerConfigKeys (ConfUtils.java:logGet(43)) - raft.server.leader.election.timeout = 120s (custom)
2019-08-21 23:16:35,031 [pool-38-thread-1] INFO  server.RaftServerConfigKeys (ConfUtils.java:logGet(43)) - raft.server.log.statemachine.data.sync.timeout = 10s (default)
2019-08-21 23:16:35,031 [pool-82-thread-1] INFO  server.RaftServerConfigKeys (ConfUtils.java:logGet(43)) - raft.server.leader.election.timeout = 120s (custom)
2019-08-21 23:16:35,031 [pool-38-thread-1] INFO  server.RaftServerConfigKeys (ConfUtils.java:logGet(43)) - raft.server.log.statemachine.data.sync.timeout.retry = -1 (default)
2019-08-21 23:16:35,031 [pool-49-thread-1] INFO  server.RaftServerConfigKeys (ConfUtils.java:logGet(43)) - raft.server.log.use.memory = false (default)
2019-08-21 23:16:35,032 [pool-82-thread-1] INFO  server.RaftServerConfigKeys (ConfUtils.java:logGet(43)) - raft.server.log.use.memory = false (default)
2019-08-21 23:16:35,032 [pool-49-thread-1] INFO  server.RaftServerConfigKeys (ConfUtils.java:logGet(43)) - raft.server.log.purge.gap = 1000000000 (custom)
2019-08-21 23:16:35,032 [pool-38-thread-1] INFO  server.RaftServerConfigKeys (ConfUtils.java:logGet(43)) - raft.server.log.statemachine.data.caching.enabled = true (custom)
2019-08-21 23:16:35,032 [pool-49-thread-1] INFO  server.RaftServerConfigKeys (ConfUtils.java:logGet(43)) - raft.server.log.appender.buffer.byte-limit = 33554432 (custom)
2019-08-21 23:16:35,032 [pool-82-thread-1] INFO  server.RaftServerConfigKeys (ConfUtils.java:logGet(43)) - raft.server.log.purge.gap = 1000000000 (custom)
2019-08-21 23:16:35,032 [pool-49-thread-1] INFO  server.RaftServerConfigKeys (ConfUtils.java:logGet(43)) - raft.server.log.segment.size.max = 1048576 (custom)
2019-08-21 23:16:35,033 [pool-82-thread-1] INFO  server.RaftServerConfigKeys (ConfUtils.java:logGet(43)) - raft.server.log.appender.buffer.byte-limit = 33554432 (custom)
2019-08-21 23:16:35,033 [pool-38-thread-1] INFO  segmented.SegmentedRaftLogWorker (SegmentedRaftLogWorker.java:lambda$new$0(132)) - 8240b2fd-00fc-40d9-9a44-40fb4e30c3a3-SegmentedRaftLogWorker:Storage Directory /workdir/hadoop-ozone/integration-test/target/test-dir/MiniOzoneClusterImpl-6d53a963-eed6-48f6-a374-011e20eb1423/datanode-1/data/ratis/c583b836-617e-4da1-a659-0f301184cfe7: flushIndex: setUnconditionally 0 -> -1
2019-08-21 23:16:35,033 [pool-82-thread-1] INFO  server.RaftServerConfigKeys (ConfUtils.java:logGet(43)) - raft.server.log.segment.size.max = 1048576 (custom)
2019-08-21 23:16:35,033 [pool-49-thread-1] INFO  server.RaftServerConfigKeys (ConfUtils.java:logGet(43)) - raft.server.log.segment.cache.num.max = 2 (custom)
2019-08-21 23:16:35,033 [pool-82-thread-1] INFO  server.RaftServerConfigKeys (ConfUtils.java:logGet(43)) - raft.server.log.segment.cache.num.max = 2 (custom)
2019-08-21 23:16:35,033 [pool-49-thread-1] INFO  segmented.SegmentedRaftLogWorker (SegmentedRaftLogWorker.java:<init>(172)) - new 30732d1c-ca6f-4dcf-aafc-9fae1e227f0f-SegmentedRaftLogWorker:Storage Directory /workdir/hadoop-ozone/integration-test/target/test-dir/MiniOzoneClusterImpl-6d53a963-eed6-48f6-a374-011e20eb1423/datanode-2/data/ratis/c583b836-617e-4da1-a659-0f301184cfe7 for RaftStorage:Storage Directory /workdir/hadoop-ozone/integration-test/target/test-dir/MiniOzoneClusterImpl-6d53a963-eed6-48f6-a374-011e20eb1423/datanode-2/data/ratis/c583b836-617e-4da1-a659-0f301184cfe7
2019-08-21 23:16:35,033 [pool-38-thread-1] INFO  server.RaftServerConfigKeys (ConfUtils.java:logGet(43)) - raft.server.snapshot.auto.trigger.enabled = true (custom)
2019-08-21 23:16:35,034 [pool-49-thread-1] INFO  server.RaftServerConfigKeys (ConfUtils.java:logGet(43)) - raft.server.log.queue.byte-limit = 2147483647 (custom)
2019-08-21 23:16:35,034 [pool-82-thread-1] INFO  segmented.SegmentedRaftLogWorker (SegmentedRaftLogWorker.java:<init>(172)) - new be7267f5-08d7-4de7-85bb-d794f700a7dd-SegmentedRaftLogWorker:Storage Directory /workdir/hadoop-ozone/integration-test/target/test-dir/MiniOzoneClusterImpl-6d53a963-eed6-48f6-a374-011e20eb1423/datanode-5/data/ratis/c583b836-617e-4da1-a659-0f301184cfe7 for RaftStorage:Storage Directory /workdir/hadoop-ozone/integration-test/target/test-dir/MiniOzoneClusterImpl-6d53a963-eed6-48f6-a374-011e20eb1423/datanode-5/data/ratis/c583b836-617e-4da1-a659-0f301184cfe7
2019-08-21 23:16:35,036 [pool-49-thread-1] INFO  server.RaftServerConfigKeys (ConfUtils.java:logGet(43)) - raft.server.log.queue.element-limit = 1024 (custom)
2019-08-21 23:16:35,034 [pool-38-thread-1] INFO  server.RaftServerConfigKeys (ConfUtils.java:logGet(43)) - raft.server.snapshot.auto.trigger.threshold = 10000 (custom)
2019-08-21 23:16:35,036 [pool-49-thread-1] INFO  server.RaftServerConfigKeys (ConfUtils.java:logGet(43)) - raft.server.log.segment.size.max = 1048576 (custom)
2019-08-21 23:16:35,038 [pool-38-thread-1] INFO  server.RaftServerConfigKeys (ConfUtils.java:logGet(43)) - raft.server.retrycache.expirytime = 600000ms (custom)
2019-08-21 23:16:35,036 [pool-82-thread-1] INFO  server.RaftServerConfigKeys (ConfUtils.java:logGet(43)) - raft.server.log.queue.byte-limit = 2147483647 (custom)
2019-08-21 23:16:35,038 [pool-38-thread-1] INFO  impl.RaftServerImpl (RaftServerImpl.java:start(180)) - 8240b2fd-00fc-40d9-9a44-40fb4e30c3a3: start group-0F301184CFE7
2019-08-21 23:16:35,038 [pool-49-thread-1] INFO  server.RaftServerConfigKeys (ConfUtils.java:logGet(43)) - raft.server.log.preallocated.size = 16384 (custom)
2019-08-21 23:16:35,038 [pool-38-thread-1] INFO  impl.RaftServerImpl (RaftServerImpl.java:setRole(171)) - 8240b2fd-00fc-40d9-9a44-40fb4e30c3a3:group-0F301184CFE7 changes role from null to FOLLOWER at term 0 for startAsFollower
2019-08-21 23:16:35,038 [pool-82-thread-1] INFO  server.RaftServerConfigKeys (ConfUtils.java:logGet(43)) - raft.server.log.queue.element-limit = 1024 (custom)
2019-08-21 23:16:35,039 [pool-38-thread-1] INFO  impl.RoleInfo (RoleInfo.java:updateAndGet(143)) - 8240b2fd-00fc-40d9-9a44-40fb4e30c3a3: start FollowerState
2019-08-21 23:16:35,038 [pool-49-thread-1] INFO  server.RaftServerConfigKeys (ConfUtils.java:logGet(43)) - raft.server.log.write.buffer.size = 33554432 (custom)
2019-08-21 23:16:35,039 [pool-82-thread-1] INFO  server.RaftServerConfigKeys (ConfUtils.java:logGet(43)) - raft.server.log.segment.size.max = 1048576 (custom)
2019-08-21 23:16:35,039 [pool-49-thread-1] INFO  server.RaftServerConfigKeys (ConfUtils.java:logGet(43)) - raft.server.log.force.sync.num = 128 (default)
2019-08-21 23:16:35,039 [pool-82-thread-1] INFO  server.RaftServerConfigKeys (ConfUtils.java:logGet(43)) - raft.server.log.preallocated.size = 16384 (custom)
2019-08-21 23:16:35,039 [pool-38-thread-1] INFO  util.JmxRegister (JmxRegister.java:tryRegister(44)) - Successfully registered JMX Bean with object name Ratis:service=RaftServer,group=group-0F301184CFE7,id=8240b2fd-00fc-40d9-9a44-40fb4e30c3a3
2019-08-21 23:16:35,039 [pool-49-thread-1] INFO  server.RaftServerConfigKeys (ConfUtils.java:logGet(43)) - raft.server.log.statemachine.data.sync = true (default)
2019-08-21 23:16:35,039 [pool-82-thread-1] INFO  server.RaftServerConfigKeys (ConfUtils.java:logGet(43)) - raft.server.log.write.buffer.size = 33554432 (custom)
2019-08-21 23:16:35,040 [pool-49-thread-1] INFO  server.RaftServerConfigKeys (ConfUtils.java:logGet(43)) - raft.server.log.statemachine.data.sync.timeout = 10s (default)
2019-08-21 23:16:35,040 [pool-82-thread-1] INFO  server.RaftServerConfigKeys (ConfUtils.java:logGet(43)) - raft.server.log.force.sync.num = 128 (default)
2019-08-21 23:16:35,040 [pool-49-thread-1] INFO  server.RaftServerConfigKeys (ConfUtils.java:logGet(43)) - raft.server.log.statemachine.data.sync.timeout.retry = -1 (default)
2019-08-21 23:16:35,040 [pool-82-thread-1] INFO  server.RaftServerConfigKeys (ConfUtils.java:logGet(43)) - raft.server.log.statemachine.data.sync = true (default)
2019-08-21 23:16:35,040 [pool-49-thread-1] INFO  server.RaftServerConfigKeys (ConfUtils.java:logGet(43)) - raft.server.log.statemachine.data.caching.enabled = true (custom)
2019-08-21 23:16:35,041 [pool-82-thread-1] INFO  server.RaftServerConfigKeys (ConfUtils.java:logGet(43)) - raft.server.log.statemachine.data.sync.timeout = 10s (default)
2019-08-21 23:16:35,041 [pool-82-thread-1] INFO  server.RaftServerConfigKeys (ConfUtils.java:logGet(43)) - raft.server.log.statemachine.data.sync.timeout.retry = -1 (default)
2019-08-21 23:16:35,041 [pool-49-thread-1] INFO  segmented.SegmentedRaftLogWorker (SegmentedRaftLogWorker.java:lambda$new$0(132)) - 30732d1c-ca6f-4dcf-aafc-9fae1e227f0f-SegmentedRaftLogWorker:Storage Directory /workdir/hadoop-ozone/integration-test/target/test-dir/MiniOzoneClusterImpl-6d53a963-eed6-48f6-a374-011e20eb1423/datanode-2/data/ratis/c583b836-617e-4da1-a659-0f301184cfe7: flushIndex: setUnconditionally 0 -> -1
2019-08-21 23:16:35,041 [pool-82-thread-1] INFO  server.RaftServerConfigKeys (ConfUtils.java:logGet(43)) - raft.server.log.statemachine.data.caching.enabled = true (custom)
2019-08-21 23:16:35,041 [pool-49-thread-1] INFO  server.RaftServerConfigKeys (ConfUtils.java:logGet(43)) - raft.server.snapshot.auto.trigger.enabled = true (custom)
2019-08-21 23:16:35,041 [pool-49-thread-1] INFO  server.RaftServerConfigKeys (ConfUtils.java:logGet(43)) - raft.server.snapshot.auto.trigger.threshold = 10000 (custom)
2019-08-21 23:16:35,041 [pool-82-thread-1] INFO  segmented.SegmentedRaftLogWorker (SegmentedRaftLogWorker.java:lambda$new$0(132)) - be7267f5-08d7-4de7-85bb-d794f700a7dd-SegmentedRaftLogWorker:Storage Directory /workdir/hadoop-ozone/integration-test/target/test-dir/MiniOzoneClusterImpl-6d53a963-eed6-48f6-a374-011e20eb1423/datanode-5/data/ratis/c583b836-617e-4da1-a659-0f301184cfe7: flushIndex: setUnconditionally 0 -> -1
2019-08-21 23:16:35,042 [pool-49-thread-1] INFO  server.RaftServerConfigKeys (ConfUtils.java:logGet(43)) - raft.server.retrycache.expirytime = 600000ms (custom)
2019-08-21 23:16:35,043 [pool-82-thread-1] INFO  server.RaftServerConfigKeys (ConfUtils.java:logGet(43)) - raft.server.snapshot.auto.trigger.enabled = true (custom)
2019-08-21 23:16:35,043 [pool-49-thread-1] INFO  impl.RaftServerImpl (RaftServerImpl.java:start(180)) - 30732d1c-ca6f-4dcf-aafc-9fae1e227f0f: start group-0F301184CFE7
2019-08-21 23:16:35,043 [pool-82-thread-1] INFO  server.RaftServerConfigKeys (ConfUtils.java:logGet(43)) - raft.server.snapshot.auto.trigger.threshold = 10000 (custom)
2019-08-21 23:16:35,043 [pool-49-thread-1] INFO  impl.RaftServerImpl (RaftServerImpl.java:setRole(171)) - 30732d1c-ca6f-4dcf-aafc-9fae1e227f0f:group-0F301184CFE7 changes role from null to FOLLOWER at term 0 for startAsFollower
2019-08-21 23:16:35,044 [pool-82-thread-1] INFO  server.RaftServerConfigKeys (ConfUtils.java:logGet(43)) - raft.server.retrycache.expirytime = 600000ms (custom)
2019-08-21 23:16:35,044 [pool-49-thread-1] INFO  impl.RoleInfo (RoleInfo.java:updateAndGet(143)) - 30732d1c-ca6f-4dcf-aafc-9fae1e227f0f: start FollowerState
2019-08-21 23:16:35,045 [pool-82-thread-1] INFO  impl.RaftServerImpl (RaftServerImpl.java:start(180)) - be7267f5-08d7-4de7-85bb-d794f700a7dd: start group-0F301184CFE7
2019-08-21 23:16:35,045 [pool-82-thread-1] INFO  impl.RaftServerImpl (RaftServerImpl.java:setRole(171)) - be7267f5-08d7-4de7-85bb-d794f700a7dd:group-0F301184CFE7 changes role from null to FOLLOWER at term 0 for startAsFollower
2019-08-21 23:16:35,047 [pool-49-thread-1] INFO  util.JmxRegister (JmxRegister.java:tryRegister(44)) - Successfully registered JMX Bean with object name Ratis:service=RaftServer,group=group-0F301184CFE7,id=30732d1c-ca6f-4dcf-aafc-9fae1e227f0f
2019-08-21 23:16:35,047 [pool-82-thread-1] INFO  impl.RoleInfo (RoleInfo.java:updateAndGet(143)) - be7267f5-08d7-4de7-85bb-d794f700a7dd: start FollowerState
2019-08-21 23:16:35,049 [pool-82-thread-1] INFO  util.JmxRegister (JmxRegister.java:tryRegister(44)) - Successfully registered JMX Bean with object name Ratis:service=RaftServer,group=group-0F301184CFE7,id=be7267f5-08d7-4de7-85bb-d794f700a7dd
2019-08-21 23:16:35,063 [RatisPipelineUtilsThread] INFO  pipeline.PipelineStateManager (PipelineStateManager.java:addPipeline(56)) - Created pipeline Pipeline[ Id: c583b836-617e-4da1-a659-0f301184cfe7, Nodes: 30732d1c-ca6f-4dcf-aafc-9fae1e227f0f{ip: 192.168.5.181, host: pr-hdds-1827-f9hw7-802483496, networkLocation: /default-rack, certSerialId: null}8240b2fd-00fc-40d9-9a44-40fb4e30c3a3{ip: 192.168.5.181, host: pr-hdds-1827-f9hw7-802483496, networkLocation: /default-rack, certSerialId: null}be7267f5-08d7-4de7-85bb-d794f700a7dd{ip: 192.168.5.181, host: pr-hdds-1827-f9hw7-802483496, networkLocation: /default-rack, certSerialId: null}, Type:RATIS, Factor:THREE, State:OPEN]
2019-08-21 23:16:35,092 [grpc-default-executor-1] INFO  impl.RaftServerProxy (RaftServerProxy.java:addNew(89)) - 5888b815-4d96-46ed-b33f-cc56843b4232: addNew group-A8171C530498:[5888b815-4d96-46ed-b33f-cc56843b4232:192.168.5.181:40479, fdac9a0f-7532-40d9-95d9-ea073710a349:192.168.5.181:36328, 2b67acc8-3b4a-436a-98ba-6479a7db268f:192.168.5.181:45450] returns group-A8171C530498:java.util.concurrent.CompletableFuture@782d646c[Not completed]
2019-08-21 23:16:35,094 [grpc-default-executor-2] INFO  impl.RaftServerProxy (RaftServerProxy.java:addNew(89)) - 2b67acc8-3b4a-436a-98ba-6479a7db268f: addNew group-A8171C530498:[5888b815-4d96-46ed-b33f-cc56843b4232:192.168.5.181:40479, fdac9a0f-7532-40d9-95d9-ea073710a349:192.168.5.181:36328, 2b67acc8-3b4a-436a-98ba-6479a7db268f:192.168.5.181:45450] returns group-A8171C530498:java.util.concurrent.CompletableFuture@5bf92d42[Not completed]
2019-08-21 23:16:35,095 [grpc-default-executor-0] INFO  impl.RaftServerProxy (RaftServerProxy.java:addNew(89)) - fdac9a0f-7532-40d9-95d9-ea073710a349: addNew group-A8171C530498:[5888b815-4d96-46ed-b33f-cc56843b4232:192.168.5.181:40479, fdac9a0f-7532-40d9-95d9-ea073710a349:192.168.5.181:36328, 2b67acc8-3b4a-436a-98ba-6479a7db268f:192.168.5.181:45450] returns group-A8171C530498:java.util.concurrent.CompletableFuture@24aa0167[Not completed]
2019-08-21 23:16:35,097 [pool-71-thread-1] INFO  impl.RaftServerImpl (RaftServerImpl.java:<init>(93)) - 5888b815-4d96-46ed-b33f-cc56843b4232: new RaftServerImpl for group-A8171C530498:[5888b815-4d96-46ed-b33f-cc56843b4232:192.168.5.181:40479, fdac9a0f-7532-40d9-95d9-ea073710a349:192.168.5.181:36328, 2b67acc8-3b4a-436a-98ba-6479a7db268f:192.168.5.181:45450] with ContainerStateMachine:uninitialized
2019-08-21 23:16:35,097 [pool-71-thread-1] INFO  server.RaftServerConfigKeys (ConfUtils.java:logGet(43)) - raft.server.rpc.timeout.min = 5s (custom)
2019-08-21 23:16:35,097 [pool-71-thread-1] INFO  server.RaftServerConfigKeys (ConfUtils.java:logGet(43)) - raft.server.rpc.timeout.max = 5200ms (custom)
2019-08-21 23:16:35,097 [pool-71-thread-1] INFO  server.RaftServerConfigKeys (ConfUtils.java:logGet(43)) - raft.server.rpcslowness.timeout = 120s (custom)
2019-08-21 23:16:35,098 [pool-71-thread-1] INFO  server.RaftServerConfigKeys (ConfUtils.java:logGet(43)) - raft.server.sleep.deviation.threshold = 300 (default)
2019-08-21 23:16:35,098 [pool-71-thread-1] INFO  server.RaftServerConfigKeys (ConfUtils.java:logGet(43)) - raft.server.log.appender.install.snapshot.enabled = false (custom)
2019-08-21 23:16:35,098 [pool-71-thread-1] INFO  impl.RaftServerImpl (ServerState.java:<init>(105)) - 5888b815-4d96-46ed-b33f-cc56843b4232:group-A8171C530498 ConfigurationManager, init=-1: [5888b815-4d96-46ed-b33f-cc56843b4232:192.168.5.181:40479, fdac9a0f-7532-40d9-95d9-ea073710a349:192.168.5.181:36328, 2b67acc8-3b4a-436a-98ba-6479a7db268f:192.168.5.181:45450], old=null, confs=<EMPTY_MAP>
2019-08-21 23:16:35,098 [pool-27-thread-1] INFO  impl.RaftServerImpl (RaftServerImpl.java:<init>(93)) - fdac9a0f-7532-40d9-95d9-ea073710a349: new RaftServerImpl for group-A8171C530498:[5888b815-4d96-46ed-b33f-cc56843b4232:192.168.5.181:40479, fdac9a0f-7532-40d9-95d9-ea073710a349:192.168.5.181:36328, 2b67acc8-3b4a-436a-98ba-6479a7db268f:192.168.5.181:45450] with ContainerStateMachine:uninitialized
2019-08-21 23:16:35,098 [pool-71-thread-1] INFO  server.RaftServerConfigKeys (ConfUtils.java:logGet(43)) - raft.server.storage.dir = [/workdir/hadoop-ozone/integration-test/target/test-dir/MiniOzoneClusterImpl-6d53a963-eed6-48f6-a374-011e20eb1423/datanode-4/data/ratis] (custom)
2019-08-21 23:16:35,098 [pool-27-thread-1] INFO  server.RaftServerConfigKeys (ConfUtils.java:logGet(43)) - raft.server.rpc.timeout.min = 5s (custom)
2019-08-21 23:16:35,099 [pool-27-thread-1] INFO  server.RaftServerConfigKeys (ConfUtils.java:logGet(43)) - raft.server.rpc.timeout.max = 5200ms (custom)
2019-08-21 23:16:35,099 [pool-27-thread-1] INFO  server.RaftServerConfigKeys (ConfUtils.java:logGet(43)) - raft.server.rpcslowness.timeout = 120s (custom)
2019-08-21 23:16:35,099 [pool-71-thread-1] INFO  storage.RaftStorageDirectory (RaftStorageDirectory.java:analyzeStorage(246)) - The storage directory /workdir/hadoop-ozone/integration-test/target/test-dir/MiniOzoneClusterImpl-6d53a963-eed6-48f6-a374-011e20eb1423/datanode-4/data/ratis/c8175f95-4a9c-4581-96aa-a8171c530498 does not exist. Creating ...
2019-08-21 23:16:35,099 [pool-27-thread-1] INFO  server.RaftServerConfigKeys (ConfUtils.java:logGet(43)) - raft.server.sleep.deviation.threshold = 300 (default)
2019-08-21 23:16:35,099 [pool-93-thread-1] INFO  impl.RaftServerImpl (RaftServerImpl.java:<init>(93)) - 2b67acc8-3b4a-436a-98ba-6479a7db268f: new RaftServerImpl for group-A8171C530498:[5888b815-4d96-46ed-b33f-cc56843b4232:192.168.5.181:40479, fdac9a0f-7532-40d9-95d9-ea073710a349:192.168.5.181:36328, 2b67acc8-3b4a-436a-98ba-6479a7db268f:192.168.5.181:45450] with ContainerStateMachine:uninitialized
2019-08-21 23:16:35,099 [pool-27-thread-1] INFO  server.RaftServerConfigKeys (ConfUtils.java:logGet(43)) - raft.server.log.appender.install.snapshot.enabled = false (custom)
2019-08-21 23:16:35,099 [pool-93-thread-1] INFO  server.RaftServerConfigKeys (ConfUtils.java:logGet(43)) - raft.server.rpc.timeout.min = 5s (custom)
2019-08-21 23:16:35,100 [pool-27-thread-1] INFO  impl.RaftServerImpl (ServerState.java:<init>(105)) - fdac9a0f-7532-40d9-95d9-ea073710a349:group-A8171C530498 ConfigurationManager, init=-1: [5888b815-4d96-46ed-b33f-cc56843b4232:192.168.5.181:40479, fdac9a0f-7532-40d9-95d9-ea073710a349:192.168.5.181:36328, 2b67acc8-3b4a-436a-98ba-6479a7db268f:192.168.5.181:45450], old=null, confs=<EMPTY_MAP>
2019-08-21 23:16:35,100 [pool-93-thread-1] INFO  server.RaftServerConfigKeys (ConfUtils.java:logGet(43)) - raft.server.rpc.timeout.max = 5200ms (custom)
2019-08-21 23:16:35,100 [pool-27-thread-1] INFO  server.RaftServerConfigKeys (ConfUtils.java:logGet(43)) - raft.server.storage.dir = [/workdir/hadoop-ozone/integration-test/target/test-dir/MiniOzoneClusterImpl-6d53a963-eed6-48f6-a374-011e20eb1423/datanode-0/data/ratis] (custom)
2019-08-21 23:16:35,100 [pool-93-thread-1] INFO  server.RaftServerConfigKeys (ConfUtils.java:logGet(43)) - raft.server.rpcslowness.timeout = 120s (custom)
2019-08-21 23:16:35,100 [pool-93-thread-1] INFO  server.RaftServerConfigKeys (ConfUtils.java:logGet(43)) - raft.server.sleep.deviation.threshold = 300 (default)
2019-08-21 23:16:35,100 [pool-27-thread-1] INFO  storage.RaftStorageDirectory (RaftStorageDirectory.java:analyzeStorage(246)) - The storage directory /workdir/hadoop-ozone/integration-test/target/test-dir/MiniOzoneClusterImpl-6d53a963-eed6-48f6-a374-011e20eb1423/datanode-0/data/ratis/c8175f95-4a9c-4581-96aa-a8171c530498 does not exist. Creating ...
2019-08-21 23:16:35,101 [pool-93-thread-1] INFO  server.RaftServerConfigKeys (ConfUtils.java:logGet(43)) - raft.server.log.appender.install.snapshot.enabled = false (custom)
2019-08-21 23:16:35,101 [pool-93-thread-1] INFO  impl.RaftServerImpl (ServerState.java:<init>(105)) - 2b67acc8-3b4a-436a-98ba-6479a7db268f:group-A8171C530498 ConfigurationManager, init=-1: [5888b815-4d96-46ed-b33f-cc56843b4232:192.168.5.181:40479, fdac9a0f-7532-40d9-95d9-ea073710a349:192.168.5.181:36328, 2b67acc8-3b4a-436a-98ba-6479a7db268f:192.168.5.181:45450], old=null, confs=<EMPTY_MAP>
2019-08-21 23:16:35,101 [pool-93-thread-1] INFO  server.RaftServerConfigKeys (ConfUtils.java:logGet(43)) - raft.server.storage.dir = [/workdir/hadoop-ozone/integration-test/target/test-dir/MiniOzoneClusterImpl-6d53a963-eed6-48f6-a374-011e20eb1423/datanode-6/data/ratis] (custom)
2019-08-21 23:16:35,102 [pool-93-thread-1] INFO  storage.RaftStorageDirectory (RaftStorageDirectory.java:analyzeStorage(246)) - The storage directory /workdir/hadoop-ozone/integration-test/target/test-dir/MiniOzoneClusterImpl-6d53a963-eed6-48f6-a374-011e20eb1423/datanode-6/data/ratis/c8175f95-4a9c-4581-96aa-a8171c530498 does not exist. Creating ...
2019-08-21 23:16:35,113 [pool-27-thread-1] INFO  storage.RaftStorageDirectory (RaftStorageDirectory.java:tryLock(328)) - Lock on /workdir/hadoop-ozone/integration-test/target/test-dir/MiniOzoneClusterImpl-6d53a963-eed6-48f6-a374-011e20eb1423/datanode-0/data/ratis/c8175f95-4a9c-4581-96aa-a8171c530498/in_use.lock acquired by nodename 6142@pr-hdds-1827-f9hw7-802483496
2019-08-21 23:16:35,113 [pool-93-thread-1] INFO  storage.RaftStorageDirectory (RaftStorageDirectory.java:tryLock(328)) - Lock on /workdir/hadoop-ozone/integration-test/target/test-dir/MiniOzoneClusterImpl-6d53a963-eed6-48f6-a374-011e20eb1423/datanode-6/data/ratis/c8175f95-4a9c-4581-96aa-a8171c530498/in_use.lock acquired by nodename 6142@pr-hdds-1827-f9hw7-802483496
2019-08-21 23:16:35,113 [pool-71-thread-1] INFO  storage.RaftStorageDirectory (RaftStorageDirectory.java:tryLock(328)) - Lock on /workdir/hadoop-ozone/integration-test/target/test-dir/MiniOzoneClusterImpl-6d53a963-eed6-48f6-a374-011e20eb1423/datanode-4/data/ratis/c8175f95-4a9c-4581-96aa-a8171c530498/in_use.lock acquired by nodename 6142@pr-hdds-1827-f9hw7-802483496
2019-08-21 23:16:35,127 [pool-93-thread-1] INFO  storage.RaftStorage (RaftStorage.java:format(72)) - Storage directory /workdir/hadoop-ozone/integration-test/target/test-dir/MiniOzoneClusterImpl-6d53a963-eed6-48f6-a374-011e20eb1423/datanode-6/data/ratis/c8175f95-4a9c-4581-96aa-a8171c530498 has been successfully formatted.
2019-08-21 23:16:35,127 [pool-71-thread-1] INFO  storage.RaftStorage (RaftStorage.java:format(72)) - Storage directory /workdir/hadoop-ozone/integration-test/target/test-dir/MiniOzoneClusterImpl-6d53a963-eed6-48f6-a374-011e20eb1423/datanode-4/data/ratis/c8175f95-4a9c-4581-96aa-a8171c530498 has been successfully formatted.
2019-08-21 23:16:35,127 [pool-27-thread-1] INFO  storage.RaftStorage (RaftStorage.java:format(72)) - Storage directory /workdir/hadoop-ozone/integration-test/target/test-dir/MiniOzoneClusterImpl-6d53a963-eed6-48f6-a374-011e20eb1423/datanode-0/data/ratis/c8175f95-4a9c-4581-96aa-a8171c530498 has been successfully formatted.
2019-08-21 23:16:35,127 [pool-93-thread-1] INFO  ratis.ContainerStateMachine (ContainerStateMachine.java:loadSnapshot(222)) - group-A8171C530498: The snapshot info is null. Setting the last applied indexto:(t:0, i:~)
2019-08-21 23:16:35,127 [pool-27-thread-1] INFO  ratis.ContainerStateMachine (ContainerStateMachine.java:loadSnapshot(222)) - group-A8171C530498: The snapshot info is null. Setting the last applied indexto:(t:0, i:~)
2019-08-21 23:16:35,127 [pool-71-thread-1] INFO  ratis.ContainerStateMachine (ContainerStateMachine.java:loadSnapshot(222)) - group-A8171C530498: The snapshot info is null. Setting the last applied indexto:(t:0, i:~)
2019-08-21 23:16:35,128 [pool-27-thread-1] INFO  server.RaftServerConfigKeys (ConfUtils.java:logGet(43)) - raft.server.leader.election.timeout = 120s (custom)
2019-08-21 23:16:35,127 [pool-93-thread-1] INFO  server.RaftServerConfigKeys (ConfUtils.java:logGet(43)) - raft.server.leader.election.timeout = 120s (custom)
2019-08-21 23:16:35,128 [pool-27-thread-1] INFO  server.RaftServerConfigKeys (ConfUtils.java:logGet(43)) - raft.server.log.use.memory = false (default)
2019-08-21 23:16:35,128 [pool-71-thread-1] INFO  server.RaftServerConfigKeys (ConfUtils.java:logGet(43)) - raft.server.leader.election.timeout = 120s (custom)
2019-08-21 23:16:35,128 [pool-27-thread-1] INFO  server.RaftServerConfigKeys (ConfUtils.java:logGet(43)) - raft.server.log.purge.gap = 1000000000 (custom)
2019-08-21 23:16:35,128 [pool-93-thread-1] INFO  server.RaftServerConfigKeys (ConfUtils.java:logGet(43)) - raft.server.log.use.memory = false (default)
2019-08-21 23:16:35,128 [pool-27-thread-1] INFO  server.RaftServerConfigKeys (ConfUtils.java:logGet(43)) - raft.server.log.appender.buffer.byte-limit = 33554432 (custom)
2019-08-21 23:16:35,128 [pool-71-thread-1] INFO  server.RaftServerConfigKeys (ConfUtils.java:logGet(43)) - raft.server.log.use.memory = false (default)
2019-08-21 23:16:35,129 [pool-27-thread-1] INFO  server.RaftServerConfigKeys (ConfUtils.java:logGet(43)) - raft.server.log.segment.size.max = 1048576 (custom)
2019-08-21 23:16:35,129 [pool-93-thread-1] INFO  server.RaftServerConfigKeys (ConfUtils.java:logGet(43)) - raft.server.log.purge.gap = 1000000000 (custom)
2019-08-21 23:16:35,129 [pool-27-thread-1] INFO  server.RaftServerConfigKeys (ConfUtils.java:logGet(43)) - raft.server.log.segment.cache.num.max = 2 (custom)
2019-08-21 23:16:35,129 [pool-71-thread-1] INFO  server.RaftServerConfigKeys (ConfUtils.java:logGet(43)) - raft.server.log.purge.gap = 1000000000 (custom)
2019-08-21 23:16:35,129 [pool-27-thread-1] INFO  segmented.SegmentedRaftLogWorker (SegmentedRaftLogWorker.java:<init>(172)) - new fdac9a0f-7532-40d9-95d9-ea073710a349-SegmentedRaftLogWorker:Storage Directory /workdir/hadoop-ozone/integration-test/target/test-dir/MiniOzoneClusterImpl-6d53a963-eed6-48f6-a374-011e20eb1423/datanode-0/data/ratis/c8175f95-4a9c-4581-96aa-a8171c530498 for RaftStorage:Storage Directory /workdir/hadoop-ozone/integration-test/target/test-dir/MiniOzoneClusterImpl-6d53a963-eed6-48f6-a374-011e20eb1423/datanode-0/data/ratis/c8175f95-4a9c-4581-96aa-a8171c530498
2019-08-21 23:16:35,130 [pool-71-thread-1] INFO  server.RaftServerConfigKeys (ConfUtils.java:logGet(43)) - raft.server.log.appender.buffer.byte-limit = 33554432 (custom)
2019-08-21 23:16:35,129 [pool-93-thread-1] INFO  server.RaftServerConfigKeys (ConfUtils.java:logGet(43)) - raft.server.log.appender.buffer.byte-limit = 33554432 (custom)
2019-08-21 23:16:35,132 [pool-71-thread-1] INFO  server.RaftServerConfigKeys (ConfUtils.java:logGet(43)) - raft.server.log.segment.size.max = 1048576 (custom)
2019-08-21 23:16:35,130 [pool-27-thread-1] INFO  server.RaftServerConfigKeys (ConfUtils.java:logGet(43)) - raft.server.log.queue.byte-limit = 2147483647 (custom)
2019-08-21 23:16:35,132 [pool-71-thread-1] INFO  server.RaftServerConfigKeys (ConfUtils.java:logGet(43)) - raft.server.log.segment.cache.num.max = 2 (custom)
2019-08-21 23:16:35,132 [pool-93-thread-1] INFO  server.RaftServerConfigKeys (ConfUtils.java:logGet(43)) - raft.server.log.segment.size.max = 1048576 (custom)
2019-08-21 23:16:35,132 [pool-71-thread-1] INFO  segmented.SegmentedRaftLogWorker (SegmentedRaftLogWorker.java:<init>(172)) - new 5888b815-4d96-46ed-b33f-cc56843b4232-SegmentedRaftLogWorker:Storage Directory /workdir/hadoop-ozone/integration-test/target/test-dir/MiniOzoneClusterImpl-6d53a963-eed6-48f6-a374-011e20eb1423/datanode-4/data/ratis/c8175f95-4a9c-4581-96aa-a8171c530498 for RaftStorage:Storage Directory /workdir/hadoop-ozone/integration-test/target/test-dir/MiniOzoneClusterImpl-6d53a963-eed6-48f6-a374-011e20eb1423/datanode-4/data/ratis/c8175f95-4a9c-4581-96aa-a8171c530498
2019-08-21 23:16:35,132 [pool-27-thread-1] INFO  server.RaftServerConfigKeys (ConfUtils.java:logGet(43)) - raft.server.log.queue.element-limit = 1024 (custom)
2019-08-21 23:16:35,133 [pool-71-thread-1] INFO  server.RaftServerConfigKeys (ConfUtils.java:logGet(43)) - raft.server.log.queue.byte-limit = 2147483647 (custom)
2019-08-21 23:16:35,133 [pool-93-thread-1] INFO  server.RaftServerConfigKeys (ConfUtils.java:logGet(43)) - raft.server.log.segment.cache.num.max = 2 (custom)
2019-08-21 23:16:35,135 [pool-71-thread-1] INFO  server.RaftServerConfigKeys (ConfUtils.java:logGet(43)) - raft.server.log.queue.element-limit = 1024 (custom)
2019-08-21 23:16:35,133 [pool-27-thread-1] INFO  server.RaftServerConfigKeys (ConfUtils.java:logGet(43)) - raft.server.log.segment.size.max = 1048576 (custom)
2019-08-21 23:16:35,135 [pool-71-thread-1] INFO  server.RaftServerConfigKeys (ConfUtils.java:logGet(43)) - raft.server.log.segment.size.max = 1048576 (custom)
2019-08-21 23:16:35,135 [pool-93-thread-1] INFO  segmented.SegmentedRaftLogWorker (SegmentedRaftLogWorker.java:<init>(172)) - new 2b67acc8-3b4a-436a-98ba-6479a7db268f-SegmentedRaftLogWorker:Storage Directory /workdir/hadoop-ozone/integration-test/target/test-dir/MiniOzoneClusterImpl-6d53a963-eed6-48f6-a374-011e20eb1423/datanode-6/data/ratis/c8175f95-4a9c-4581-96aa-a8171c530498 for RaftStorage:Storage Directory /workdir/hadoop-ozone/integration-test/target/test-dir/MiniOzoneClusterImpl-6d53a963-eed6-48f6-a374-011e20eb1423/datanode-6/data/ratis/c8175f95-4a9c-4581-96aa-a8171c530498
2019-08-21 23:16:35,135 [pool-71-thread-1] INFO  server.RaftServerConfigKeys (ConfUtils.java:logGet(43)) - raft.server.log.preallocated.size = 16384 (custom)
2019-08-21 23:16:35,135 [pool-27-thread-1] INFO  server.RaftServerConfigKeys (ConfUtils.java:logGet(43)) - raft.server.log.preallocated.size = 16384 (custom)
2019-08-21 23:16:35,136 [pool-71-thread-1] INFO  server.RaftServerConfigKeys (ConfUtils.java:logGet(43)) - raft.server.log.write.buffer.size = 33554432 (custom)
2019-08-21 23:16:35,136 [pool-93-thread-1] INFO  server.RaftServerConfigKeys (ConfUtils.java:logGet(43)) - raft.server.log.queue.byte-limit = 2147483647 (custom)
2019-08-21 23:16:35,138 [pool-71-thread-1] INFO  server.RaftServerConfigKeys (ConfUtils.java:logGet(43)) - raft.server.log.force.sync.num = 128 (default)
2019-08-21 23:16:35,137 [pool-27-thread-1] INFO  server.RaftServerConfigKeys (ConfUtils.java:logGet(43)) - raft.server.log.write.buffer.size = 33554432 (custom)
2019-08-21 23:16:35,138 [pool-71-thread-1] INFO  server.RaftServerConfigKeys (ConfUtils.java:logGet(43)) - raft.server.log.statemachine.data.sync = true (default)
2019-08-21 23:16:35,138 [pool-93-thread-1] INFO  server.RaftServerConfigKeys (ConfUtils.java:logGet(43)) - raft.server.log.queue.element-limit = 1024 (custom)
2019-08-21 23:16:35,139 [pool-71-thread-1] INFO  server.RaftServerConfigKeys (ConfUtils.java:logGet(43)) - raft.server.log.statemachine.data.sync.timeout = 10s (default)
2019-08-21 23:16:35,138 [pool-27-thread-1] INFO  server.RaftServerConfigKeys (ConfUtils.java:logGet(43)) - raft.server.log.force.sync.num = 128 (default)
2019-08-21 23:16:35,139 [pool-71-thread-1] INFO  server.RaftServerConfigKeys (ConfUtils.java:logGet(43)) - raft.server.log.statemachine.data.sync.timeout.retry = -1 (default)
2019-08-21 23:16:35,139 [pool-93-thread-1] INFO  server.RaftServerConfigKeys (ConfUtils.java:logGet(43)) - raft.server.log.segment.size.max = 1048576 (custom)
2019-08-21 23:16:35,139 [pool-71-thread-1] INFO  server.RaftServerConfigKeys (ConfUtils.java:logGet(43)) - raft.server.log.statemachine.data.caching.enabled = true (custom)
2019-08-21 23:16:35,139 [pool-27-thread-1] INFO  server.RaftServerConfigKeys (ConfUtils.java:logGet(43)) - raft.server.log.statemachine.data.sync = true (default)
2019-08-21 23:16:35,139 [pool-93-thread-1] INFO  server.RaftServerConfigKeys (ConfUtils.java:logGet(43)) - raft.server.log.preallocated.size = 16384 (custom)
2019-08-21 23:16:35,140 [pool-71-thread-1] INFO  segmented.SegmentedRaftLogWorker (SegmentedRaftLogWorker.java:lambda$new$0(132)) - 5888b815-4d96-46ed-b33f-cc56843b4232-SegmentedRaftLogWorker:Storage Directory /workdir/hadoop-ozone/integration-test/target/test-dir/MiniOzoneClusterImpl-6d53a963-eed6-48f6-a374-011e20eb1423/datanode-4/data/ratis/c8175f95-4a9c-4581-96aa-a8171c530498: flushIndex: setUnconditionally 0 -> -1
2019-08-21 23:16:35,140 [pool-27-thread-1] INFO  server.RaftServerConfigKeys (ConfUtils.java:logGet(43)) - raft.server.log.statemachine.data.sync.timeout = 10s (default)
2019-08-21 23:16:35,140 [pool-93-thread-1] INFO  server.RaftServerConfigKeys (ConfUtils.java:logGet(43)) - raft.server.log.write.buffer.size = 33554432 (custom)
2019-08-21 23:16:35,140 [pool-71-thread-1] INFO  server.RaftServerConfigKeys (ConfUtils.java:logGet(43)) - raft.server.snapshot.auto.trigger.enabled = true (custom)
2019-08-21 23:16:35,140 [pool-27-thread-1] INFO  server.RaftServerConfigKeys (ConfUtils.java:logGet(43)) - raft.server.log.statemachine.data.sync.timeout.retry = -1 (default)
2019-08-21 23:16:35,141 [pool-71-thread-1] INFO  server.RaftServerConfigKeys (ConfUtils.java:logGet(43)) - raft.server.snapshot.auto.trigger.threshold = 10000 (custom)
2019-08-21 23:16:35,141 [pool-93-thread-1] INFO  server.RaftServerConfigKeys (ConfUtils.java:logGet(43)) - raft.server.log.force.sync.num = 128 (default)
2019-08-21 23:16:35,141 [pool-71-thread-1] INFO  server.RaftServerConfigKeys (ConfUtils.java:logGet(43)) - raft.server.retrycache.expirytime = 600000ms (custom)
2019-08-21 23:16:35,141 [pool-27-thread-1] INFO  server.RaftServerConfigKeys (ConfUtils.java:logGet(43)) - raft.server.log.statemachine.data.caching.enabled = true (custom)
2019-08-21 23:16:35,142 [pool-71-thread-1] INFO  impl.RaftServerImpl (RaftServerImpl.java:start(180)) - 5888b815-4d96-46ed-b33f-cc56843b4232: start group-A8171C530498
2019-08-21 23:16:35,141 [pool-93-thread-1] INFO  server.RaftServerConfigKeys (ConfUtils.java:logGet(43)) - raft.server.log.statemachine.data.sync = true (default)
2019-08-21 23:16:35,142 [pool-27-thread-1] INFO  segmented.SegmentedRaftLogWorker (SegmentedRaftLogWorker.java:lambda$new$0(132)) - fdac9a0f-7532-40d9-95d9-ea073710a349-SegmentedRaftLogWorker:Storage Directory /workdir/hadoop-ozone/integration-test/target/test-dir/MiniOzoneClusterImpl-6d53a963-eed6-48f6-a374-011e20eb1423/datanode-0/data/ratis/c8175f95-4a9c-4581-96aa-a8171c530498: flushIndex: setUnconditionally 0 -> -1
2019-08-21 23:16:35,142 [pool-71-thread-1] INFO  impl.RaftServerImpl (RaftServerImpl.java:setRole(171)) - 5888b815-4d96-46ed-b33f-cc56843b4232:group-A8171C530498 changes role from null to FOLLOWER at term 0 for startAsFollower
2019-08-21 23:16:35,142 [pool-93-thread-1] INFO  server.RaftServerConfigKeys (ConfUtils.java:logGet(43)) - raft.server.log.statemachine.data.sync.timeout = 10s (default)
2019-08-21 23:16:35,142 [pool-71-thread-1] INFO  impl.RoleInfo (RoleInfo.java:updateAndGet(143)) - 5888b815-4d96-46ed-b33f-cc56843b4232: start FollowerState
2019-08-21 23:16:35,142 [pool-27-thread-1] INFO  server.RaftServerConfigKeys (ConfUtils.java:logGet(43)) - raft.server.snapshot.auto.trigger.enabled = true (custom)
2019-08-21 23:16:35,143 [pool-93-thread-1] INFO  server.RaftServerConfigKeys (ConfUtils.java:logGet(43)) - raft.server.log.statemachine.data.sync.timeout.retry = -1 (default)
2019-08-21 23:16:35,143 [pool-27-thread-1] INFO  server.RaftServerConfigKeys (ConfUtils.java:logGet(43)) - raft.server.snapshot.auto.trigger.threshold = 10000 (custom)
2019-08-21 23:16:35,143 [pool-93-thread-1] INFO  server.RaftServerConfigKeys (ConfUtils.java:logGet(43)) - raft.server.log.statemachine.data.caching.enabled = true (custom)
2019-08-21 23:16:35,143 [pool-71-thread-1] INFO  util.JmxRegister (JmxRegister.java:tryRegister(44)) - Successfully registered JMX Bean with object name Ratis:service=RaftServer,group=group-A8171C530498,id=5888b815-4d96-46ed-b33f-cc56843b4232
2019-08-21 23:16:35,143 [pool-27-thread-1] INFO  server.RaftServerConfigKeys (ConfUtils.java:logGet(43)) - raft.server.retrycache.expirytime = 600000ms (custom)
2019-08-21 23:16:35,144 [pool-93-thread-1] INFO  segmented.SegmentedRaftLogWorker (SegmentedRaftLogWorker.java:lambda$new$0(132)) - 2b67acc8-3b4a-436a-98ba-6479a7db268f-SegmentedRaftLogWorker:Storage Directory /workdir/hadoop-ozone/integration-test/target/test-dir/MiniOzoneClusterImpl-6d53a963-eed6-48f6-a374-011e20eb1423/datanode-6/data/ratis/c8175f95-4a9c-4581-96aa-a8171c530498: flushIndex: setUnconditionally 0 -> -1
2019-08-21 23:16:35,144 [pool-27-thread-1] INFO  impl.RaftServerImpl (RaftServerImpl.java:start(180)) - fdac9a0f-7532-40d9-95d9-ea073710a349: start group-A8171C530498
2019-08-21 23:16:35,144 [pool-27-thread-1] INFO  impl.RaftServerImpl (RaftServerImpl.java:setRole(171)) - fdac9a0f-7532-40d9-95d9-ea073710a349:group-A8171C530498 changes role from null to FOLLOWER at term 0 for startAsFollower
2019-08-21 23:16:35,144 [pool-93-thread-1] INFO  server.RaftServerConfigKeys (ConfUtils.java:logGet(43)) - raft.server.snapshot.auto.trigger.enabled = true (custom)
2019-08-21 23:16:35,144 [pool-27-thread-1] INFO  impl.RoleInfo (RoleInfo.java:updateAndGet(143)) - fdac9a0f-7532-40d9-95d9-ea073710a349: start FollowerState
2019-08-21 23:16:35,144 [pool-93-thread-1] INFO  server.RaftServerConfigKeys (ConfUtils.java:logGet(43)) - raft.server.snapshot.auto.trigger.threshold = 10000 (custom)
2019-08-21 23:16:35,145 [pool-93-thread-1] INFO  server.RaftServerConfigKeys (ConfUtils.java:logGet(43)) - raft.server.retrycache.expirytime = 600000ms (custom)
2019-08-21 23:16:35,145 [pool-27-thread-1] INFO  util.JmxRegister (JmxRegister.java:tryRegister(44)) - Successfully registered JMX Bean with object name Ratis:service=RaftServer,group=group-A8171C530498,id=fdac9a0f-7532-40d9-95d9-ea073710a349
2019-08-21 23:16:35,145 [pool-93-thread-1] INFO  impl.RaftServerImpl (RaftServerImpl.java:start(180)) - 2b67acc8-3b4a-436a-98ba-6479a7db268f: start group-A8171C530498
2019-08-21 23:16:35,145 [pool-93-thread-1] INFO  impl.RaftServerImpl (RaftServerImpl.java:setRole(171)) - 2b67acc8-3b4a-436a-98ba-6479a7db268f:group-A8171C530498 changes role from null to FOLLOWER at term 0 for startAsFollower
2019-08-21 23:16:35,145 [pool-93-thread-1] INFO  impl.RoleInfo (RoleInfo.java:updateAndGet(143)) - 2b67acc8-3b4a-436a-98ba-6479a7db268f: start FollowerState
2019-08-21 23:16:35,147 [pool-93-thread-1] INFO  util.JmxRegister (JmxRegister.java:tryRegister(44)) - Successfully registered JMX Bean with object name Ratis:service=RaftServer,group=group-A8171C530498,id=2b67acc8-3b4a-436a-98ba-6479a7db268f
2019-08-21 23:16:35,168 [RatisPipelineUtilsThread] INFO  pipeline.PipelineStateManager (PipelineStateManager.java:addPipeline(56)) - Created pipeline Pipeline[ Id: c8175f95-4a9c-4581-96aa-a8171c530498, Nodes: 5888b815-4d96-46ed-b33f-cc56843b4232{ip: 192.168.5.181, host: pr-hdds-1827-f9hw7-802483496, networkLocation: /default-rack, certSerialId: null}2b67acc8-3b4a-436a-98ba-6479a7db268f{ip: 192.168.5.181, host: pr-hdds-1827-f9hw7-802483496, networkLocation: /default-rack, certSerialId: null}fdac9a0f-7532-40d9-95d9-ea073710a349{ip: 192.168.5.181, host: pr-hdds-1827-f9hw7-802483496, networkLocation: /default-rack, certSerialId: null}, Type:RATIS, Factor:THREE, State:OPEN]
2019-08-21 23:16:35,441 [main] INFO  ozone.MiniOzoneClusterImpl (MiniOzoneClusterImpl.java:lambda$waitForClusterToBeReady$0(142)) - Cluster is ready. Got 7 of 7 DN Heartbeats.
2019-08-21 23:16:35,786 [main] INFO  rpc.RpcClient (RpcClient.java:createVolume(292)) - Creating Volume: watchforcommithandlingtest, with jenkins1000 as owner.
2019-08-21 23:16:35,827 [main] INFO  rpc.RpcClient (RpcClient.java:createBucket(429)) - Creating Bucket: watchforcommithandlingtest/watchforcommithandlingtest, with Versioning false and Storage Type set to DISK and Encryption set to false 
2019-08-21 23:16:35,846 [main] INFO  ozone.MiniOzoneClusterImpl (MiniOzoneClusterImpl.java:getStorageContainerLocationClient(241)) - Creating StorageContainerLocationProtocol RPC client with address /0.0.0.0:44651
2019-08-21 23:16:35,891 [main] INFO  impl.MetricsSystemImpl (MetricsSystemImpl.java:init(158)) - XceiverClientMetrics metrics system started (again)
2019-08-21 23:16:35,991 [grpc-default-executor-0] INFO  client.GrpcClientProtocolClient (GrpcClientProtocolClient.java:onNext(255)) - client-3690B94889F8->30732d1c-ca6f-4dcf-aafc-9fae1e227f0f: receive RaftClientReply:client-3690B94889F8->30732d1c-ca6f-4dcf-aafc-9fae1e227f0f@group-0F301184CFE7, cid=13, FAILED org.apache.ratis.protocol.NotLeaderException: Server 30732d1c-ca6f-4dcf-aafc-9fae1e227f0f is not the leader (null). Request must be sent to leader., logIndex=0, commits[30732d1c-ca6f-4dcf-aafc-9fae1e227f0f:c-1]
2019-08-21 23:16:36,167 [Thread-237] INFO  container.ReplicationManager (ReplicationManager.java:start(152)) - Starting Replication Monitor Thread.
2019-08-21 23:16:36,173 [ReplicationMonitor] INFO  container.ReplicationManager (ReplicationManager.java:run(215)) - Replication Monitor Thread took 5 milliseconds for processing 1 containers.
2019-08-21 23:16:37,038 [grpc-default-executor-2] INFO  client.GrpcClientProtocolClient (GrpcClientProtocolClient.java:onNext(255)) - client-3690B94889F8->be7267f5-08d7-4de7-85bb-d794f700a7dd: receive RaftClientReply:client-3690B94889F8->be7267f5-08d7-4de7-85bb-d794f700a7dd@group-0F301184CFE7, cid=13, FAILED org.apache.ratis.protocol.NotLeaderException: Server be7267f5-08d7-4de7-85bb-d794f700a7dd is not the leader (null). Request must be sent to leader., logIndex=0, commits[be7267f5-08d7-4de7-85bb-d794f700a7dd:c-1]
2019-08-21 23:16:38,068 [grpc-default-executor-2] INFO  client.GrpcClientProtocolClient (GrpcClientProtocolClient.java:onNext(255)) - client-3690B94889F8->8240b2fd-00fc-40d9-9a44-40fb4e30c3a3: receive RaftClientReply:client-3690B94889F8->8240b2fd-00fc-40d9-9a44-40fb4e30c3a3@group-0F301184CFE7, cid=13, FAILED org.apache.ratis.protocol.NotLeaderException: Server 8240b2fd-00fc-40d9-9a44-40fb4e30c3a3 is not the leader (null). Request must be sent to leader., logIndex=0, commits[8240b2fd-00fc-40d9-9a44-40fb4e30c3a3:c-1]
2019-08-21 23:16:39,094 [grpc-default-executor-0] INFO  client.GrpcClientProtocolClient (GrpcClientProtocolClient.java:onNext(255)) - client-3690B94889F8->be7267f5-08d7-4de7-85bb-d794f700a7dd: receive RaftClientReply:client-3690B94889F8->be7267f5-08d7-4de7-85bb-d794f700a7dd@group-0F301184CFE7, cid=13, FAILED org.apache.ratis.protocol.NotLeaderException: Server be7267f5-08d7-4de7-85bb-d794f700a7dd is not the leader (null). Request must be sent to leader., logIndex=0, commits[be7267f5-08d7-4de7-85bb-d794f700a7dd:c-1]
2019-08-21 23:16:39,355 [Thread-239] INFO  impl.FollowerState (FollowerState.java:run(106)) - fdac9a0f-7532-40d9-95d9-ea073710a349:group-A642FE889D2B changes to CANDIDATE, lastRpcTime:5009, electionTimeout:5008ms
2019-08-21 23:16:39,358 [Thread-239] INFO  impl.RoleInfo (RoleInfo.java:shutdownFollowerState(121)) - fdac9a0f-7532-40d9-95d9-ea073710a349: shutdown FollowerState
2019-08-21 23:16:39,358 [Thread-239] INFO  impl.RaftServerImpl (RaftServerImpl.java:setRole(171)) - fdac9a0f-7532-40d9-95d9-ea073710a349:group-A642FE889D2B changes role from FOLLOWER to CANDIDATE at term 0 for changeToCandidate
2019-08-21 23:16:39,365 [Thread-239] INFO  impl.RoleInfo (RoleInfo.java:updateAndGet(143)) - fdac9a0f-7532-40d9-95d9-ea073710a349: start LeaderElection
2019-08-21 23:16:39,381 [fdac9a0f-7532-40d9-95d9-ea073710a349:group-A642FE889D2B:LeaderElection1] INFO  impl.LeaderElection (LeaderElection.java:askForVotes(181)) - fdac9a0f-7532-40d9-95d9-ea073710a349:group-A642FE889D2B:LeaderElection1: begin an election at term 1 for -1: [fdac9a0f-7532-40d9-95d9-ea073710a349:192.168.5.181:36328], old=null
2019-08-21 23:16:39,385 [fdac9a0f-7532-40d9-95d9-ea073710a349:group-A642FE889D2B:LeaderElection1] INFO  impl.RoleInfo (RoleInfo.java:shutdownLeaderElection(134)) - fdac9a0f-7532-40d9-95d9-ea073710a349: shutdown LeaderElection
2019-08-21 23:16:39,386 [fdac9a0f-7532-40d9-95d9-ea073710a349:group-A642FE889D2B:LeaderElection1] INFO  impl.RaftServerImpl (RaftServerImpl.java:setRole(171)) - fdac9a0f-7532-40d9-95d9-ea073710a349:group-A642FE889D2B changes role from CANDIDATE to LEADER at term 1 for changeToLeader
2019-08-21 23:16:39,386 [fdac9a0f-7532-40d9-95d9-ea073710a349:group-A642FE889D2B:LeaderElection1] INFO  impl.RaftServerImpl (ServerState.java:setLeader(263)) - fdac9a0f-7532-40d9-95d9-ea073710a349:group-A642FE889D2B change Leader from null to fdac9a0f-7532-40d9-95d9-ea073710a349 at term 1 for becomeLeader, leader elected after 5141ms
2019-08-21 23:16:39,394 [fdac9a0f-7532-40d9-95d9-ea073710a349:group-A642FE889D2B:LeaderElection1] INFO  server.RaftServerConfigKeys (ConfUtils.java:logGet(43)) - raft.server.staging.catchup.gap = 1000 (default)
2019-08-21 23:16:39,395 [fdac9a0f-7532-40d9-95d9-ea073710a349:group-A642FE889D2B:LeaderElection1] INFO  server.RaftServerConfigKeys (ConfUtils.java:logGet(43)) - raft.server.rpc.sleep.time = 25ms (default)
2019-08-21 23:16:39,398 [fdac9a0f-7532-40d9-95d9-ea073710a349:group-A642FE889D2B:LeaderElection1] INFO  server.RaftServerConfigKeys (ConfUtils.java:logGet(43)) - raft.server.write.element-limit = 4096 (default)
2019-08-21 23:16:39,401 [fdac9a0f-7532-40d9-95d9-ea073710a349:group-A642FE889D2B:LeaderElection1] INFO  server.RaftServerConfigKeys (ConfUtils.java:logGet(43)) - raft.server.watch.timeout = 10s (default)
2019-08-21 23:16:39,401 [fdac9a0f-7532-40d9-95d9-ea073710a349:group-A642FE889D2B:LeaderElection1] INFO  server.RaftServerConfigKeys (ConfUtils.java:logGet(43)) - raft.server.watch.timeout.denomination = 1s (default)
2019-08-21 23:16:39,402 [fdac9a0f-7532-40d9-95d9-ea073710a349:group-A642FE889D2B:LeaderElection1] INFO  server.RaftServerConfigKeys (ConfUtils.java:logGet(43)) - raft.server.watch.element-limit = 65536 (default)
2019-08-21 23:16:39,412 [fdac9a0f-7532-40d9-95d9-ea073710a349:group-A642FE889D2B:LeaderElection1] INFO  impl.RoleInfo (RoleInfo.java:updateAndGet(143)) - fdac9a0f-7532-40d9-95d9-ea073710a349: start LeaderState
2019-08-21 23:16:39,435 [fdac9a0f-7532-40d9-95d9-ea073710a349:group-A642FE889D2B:LeaderElection1] INFO  segmented.SegmentedRaftLogWorker (SegmentedRaftLogWorker.java:startLogSegment(380)) - fdac9a0f-7532-40d9-95d9-ea073710a349-SegmentedRaftLogWorker:Storage Directory /workdir/hadoop-ozone/integration-test/target/test-dir/MiniOzoneClusterImpl-6d53a963-eed6-48f6-a374-011e20eb1423/datanode-0/data/ratis/000ecd93-8c59-4f7e-b1cd-a642fe889d2b: Starting segment from index:0
2019-08-21 23:16:39,443 [fdac9a0f-7532-40d9-95d9-ea073710a349:group-A642FE889D2B:LeaderElection1] INFO  impl.RaftServerImpl (ServerState.java:setRaftConf(361)) - fdac9a0f-7532-40d9-95d9-ea073710a349:group-A642FE889D2B set configuration 0: [fdac9a0f-7532-40d9-95d9-ea073710a349:192.168.5.181:36328], old=null at 0
2019-08-21 23:16:39,658 [fdac9a0f-7532-40d9-95d9-ea073710a349-SegmentedRaftLogWorker:Storage Directory /workdir/hadoop-ozone/integration-test/target/test-dir/MiniOzoneClusterImpl-6d53a963-eed6-48f6-a374-011e20eb1423/datanode-0/data/ratis/000ecd93-8c59-4f7e-b1cd-a642fe889d2b] INFO  segmented.SegmentedRaftLogWorker (SegmentedRaftLogWorker.java:execute(569)) - fdac9a0f-7532-40d9-95d9-ea073710a349-SegmentedRaftLogWorker:Storage Directory /workdir/hadoop-ozone/integration-test/target/test-dir/MiniOzoneClusterImpl-6d53a963-eed6-48f6-a374-011e20eb1423/datanode-0/data/ratis/000ecd93-8c59-4f7e-b1cd-a642fe889d2b: created new log segment /workdir/hadoop-ozone/integration-test/target/test-dir/MiniOzoneClusterImpl-6d53a963-eed6-48f6-a374-011e20eb1423/datanode-0/data/ratis/000ecd93-8c59-4f7e-b1cd-a642fe889d2b/current/log_inprogress_0
2019-08-21 23:16:39,696 [Thread-242] INFO  impl.FollowerState (FollowerState.java:run(106)) - 30732d1c-ca6f-4dcf-aafc-9fae1e227f0f:group-C3BA3B980151 changes to CANDIDATE, lastRpcTime:5155, electionTimeout:5154ms
2019-08-21 23:16:39,698 [Thread-242] INFO  impl.RoleInfo (RoleInfo.java:shutdownFollowerState(121)) - 30732d1c-ca6f-4dcf-aafc-9fae1e227f0f: shutdown FollowerState
2019-08-21 23:16:39,698 [Thread-242] INFO  impl.RaftServerImpl (RaftServerImpl.java:setRole(171)) - 30732d1c-ca6f-4dcf-aafc-9fae1e227f0f:group-C3BA3B980151 changes role from FOLLOWER to CANDIDATE at term 0 for changeToCandidate
2019-08-21 23:16:39,698 [Thread-242] INFO  impl.RoleInfo (RoleInfo.java:updateAndGet(143)) - 30732d1c-ca6f-4dcf-aafc-9fae1e227f0f: start LeaderElection
2019-08-21 23:16:39,717 [30732d1c-ca6f-4dcf-aafc-9fae1e227f0f:group-C3BA3B980151:LeaderElection2] INFO  impl.LeaderElection (LeaderElection.java:askForVotes(181)) - 30732d1c-ca6f-4dcf-aafc-9fae1e227f0f:group-C3BA3B980151:LeaderElection2: begin an election at term 1 for -1: [30732d1c-ca6f-4dcf-aafc-9fae1e227f0f:192.168.5.181:35521], old=null
2019-08-21 23:16:39,732 [30732d1c-ca6f-4dcf-aafc-9fae1e227f0f:group-C3BA3B980151:LeaderElection2] INFO  impl.RoleInfo (RoleInfo.java:shutdownLeaderElection(134)) - 30732d1c-ca6f-4dcf-aafc-9fae1e227f0f: shutdown LeaderElection
2019-08-21 23:16:39,732 [30732d1c-ca6f-4dcf-aafc-9fae1e227f0f:group-C3BA3B980151:LeaderElection2] INFO  impl.RaftServerImpl (RaftServerImpl.java:setRole(171)) - 30732d1c-ca6f-4dcf-aafc-9fae1e227f0f:group-C3BA3B980151 changes role from CANDIDATE to LEADER at term 1 for changeToLeader
2019-08-21 23:16:39,732 [30732d1c-ca6f-4dcf-aafc-9fae1e227f0f:group-C3BA3B980151:LeaderElection2] INFO  impl.RaftServerImpl (ServerState.java:setLeader(263)) - 30732d1c-ca6f-4dcf-aafc-9fae1e227f0f:group-C3BA3B980151 change Leader from null to 30732d1c-ca6f-4dcf-aafc-9fae1e227f0f at term 1 for becomeLeader, leader elected after 5196ms
2019-08-21 23:16:39,734 [30732d1c-ca6f-4dcf-aafc-9fae1e227f0f:group-C3BA3B980151:LeaderElection2] INFO  server.RaftServerConfigKeys (ConfUtils.java:logGet(43)) - raft.server.staging.catchup.gap = 1000 (default)
2019-08-21 23:16:39,734 [30732d1c-ca6f-4dcf-aafc-9fae1e227f0f:group-C3BA3B980151:LeaderElection2] INFO  server.RaftServerConfigKeys (ConfUtils.java:logGet(43)) - raft.server.rpc.sleep.time = 25ms (default)
2019-08-21 23:16:39,734 [30732d1c-ca6f-4dcf-aafc-9fae1e227f0f:group-C3BA3B980151:LeaderElection2] INFO  server.RaftServerConfigKeys (ConfUtils.java:logGet(43)) - raft.server.write.element-limit = 4096 (default)
2019-08-21 23:16:39,734 [30732d1c-ca6f-4dcf-aafc-9fae1e227f0f:group-C3BA3B980151:LeaderElection2] INFO  server.RaftServerConfigKeys (ConfUtils.java:logGet(43)) - raft.server.watch.timeout = 10s (default)
2019-08-21 23:16:39,735 [30732d1c-ca6f-4dcf-aafc-9fae1e227f0f:group-C3BA3B980151:LeaderElection2] INFO  server.RaftServerConfigKeys (ConfUtils.java:logGet(43)) - raft.server.watch.timeout.denomination = 1s (default)
2019-08-21 23:16:39,735 [30732d1c-ca6f-4dcf-aafc-9fae1e227f0f:group-C3BA3B980151:LeaderElection2] INFO  server.RaftServerConfigKeys (ConfUtils.java:logGet(43)) - raft.server.watch.element-limit = 65536 (default)
2019-08-21 23:16:39,735 [30732d1c-ca6f-4dcf-aafc-9fae1e227f0f:group-C3BA3B980151:LeaderElection2] INFO  impl.RoleInfo (RoleInfo.java:updateAndGet(143)) - 30732d1c-ca6f-4dcf-aafc-9fae1e227f0f: start LeaderState
2019-08-21 23:16:39,736 [30732d1c-ca6f-4dcf-aafc-9fae1e227f0f:group-C3BA3B980151:LeaderElection2] INFO  segmented.SegmentedRaftLogWorker (SegmentedRaftLogWorker.java:startLogSegment(380)) - 30732d1c-ca6f-4dcf-aafc-9fae1e227f0f-SegmentedRaftLogWorker:Storage Directory /workdir/hadoop-ozone/integration-test/target/test-dir/MiniOzoneClusterImpl-6d53a963-eed6-48f6-a374-011e20eb1423/datanode-2/data/ratis/3e8b6320-90eb-40f2-b3a6-c3ba3b980151: Starting segment from index:0
2019-08-21 23:16:39,737 [30732d1c-ca6f-4dcf-aafc-9fae1e227f0f:group-C3BA3B980151:LeaderElection2] INFO  impl.RaftServerImpl (ServerState.java:setRaftConf(361)) - 30732d1c-ca6f-4dcf-aafc-9fae1e227f0f:group-C3BA3B980151 set configuration 0: [30732d1c-ca6f-4dcf-aafc-9fae1e227f0f:192.168.5.181:35521], old=null at 0
2019-08-21 23:16:39,774 [Thread-245] INFO  impl.FollowerState (FollowerState.java:run(106)) - 8240b2fd-00fc-40d9-9a44-40fb4e30c3a3:group-5B72C03034B9 changes to CANDIDATE, lastRpcTime:5135, electionTimeout:5112ms
2019-08-21 23:16:39,776 [Thread-245] INFO  impl.RoleInfo (RoleInfo.java:shutdownFollowerState(121)) - 8240b2fd-00fc-40d9-9a44-40fb4e30c3a3: shutdown FollowerState
2019-08-21 23:16:39,776 [Thread-245] INFO  impl.RaftServerImpl (RaftServerImpl.java:setRole(171)) - 8240b2fd-00fc-40d9-9a44-40fb4e30c3a3:group-5B72C03034B9 changes role from FOLLOWER to CANDIDATE at term 0 for changeToCandidate
2019-08-21 23:16:39,777 [Thread-245] INFO  impl.RoleInfo (RoleInfo.java:updateAndGet(143)) - 8240b2fd-00fc-40d9-9a44-40fb4e30c3a3: start LeaderElection
2019-08-21 23:16:39,786 [30732d1c-ca6f-4dcf-aafc-9fae1e227f0f-SegmentedRaftLogWorker:Storage Directory /workdir/hadoop-ozone/integration-test/target/test-dir/MiniOzoneClusterImpl-6d53a963-eed6-48f6-a374-011e20eb1423/datanode-2/data/ratis/3e8b6320-90eb-40f2-b3a6-c3ba3b980151] INFO  segmented.SegmentedRaftLogWorker (SegmentedRaftLogWorker.java:execute(569)) - 30732d1c-ca6f-4dcf-aafc-9fae1e227f0f-SegmentedRaftLogWorker:Storage Directory /workdir/hadoop-ozone/integration-test/target/test-dir/MiniOzoneClusterImpl-6d53a963-eed6-48f6-a374-011e20eb1423/datanode-2/data/ratis/3e8b6320-90eb-40f2-b3a6-c3ba3b980151: created new log segment /workdir/hadoop-ozone/integration-test/target/test-dir/MiniOzoneClusterImpl-6d53a963-eed6-48f6-a374-011e20eb1423/datanode-2/data/ratis/3e8b6320-90eb-40f2-b3a6-c3ba3b980151/current/log_inprogress_0
2019-08-21 23:16:39,786 [8240b2fd-00fc-40d9-9a44-40fb4e30c3a3:group-5B72C03034B9:LeaderElection3] INFO  impl.LeaderElection (LeaderElection.java:askForVotes(181)) - 8240b2fd-00fc-40d9-9a44-40fb4e30c3a3:group-5B72C03034B9:LeaderElection3: begin an election at term 1 for -1: [8240b2fd-00fc-40d9-9a44-40fb4e30c3a3:192.168.5.181:34650], old=null
2019-08-21 23:16:39,787 [8240b2fd-00fc-40d9-9a44-40fb4e30c3a3:group-5B72C03034B9:LeaderElection3] INFO  impl.RoleInfo (RoleInfo.java:shutdownLeaderElection(134)) - 8240b2fd-00fc-40d9-9a44-40fb4e30c3a3: shutdown LeaderElection
2019-08-21 23:16:39,787 [8240b2fd-00fc-40d9-9a44-40fb4e30c3a3:group-5B72C03034B9:LeaderElection3] INFO  impl.RaftServerImpl (RaftServerImpl.java:setRole(171)) - 8240b2fd-00fc-40d9-9a44-40fb4e30c3a3:group-5B72C03034B9 changes role from CANDIDATE to LEADER at term 1 for changeToLeader
2019-08-21 23:16:39,787 [8240b2fd-00fc-40d9-9a44-40fb4e30c3a3:group-5B72C03034B9:LeaderElection3] INFO  impl.RaftServerImpl (ServerState.java:setLeader(263)) - 8240b2fd-00fc-40d9-9a44-40fb4e30c3a3:group-5B72C03034B9 change Leader from null to 8240b2fd-00fc-40d9-9a44-40fb4e30c3a3 at term 1 for becomeLeader, leader elected after 5154ms
2019-08-21 23:16:39,789 [8240b2fd-00fc-40d9-9a44-40fb4e30c3a3:group-5B72C03034B9:LeaderElection3] INFO  server.RaftServerConfigKeys (ConfUtils.java:logGet(43)) - raft.server.staging.catchup.gap = 1000 (default)
2019-08-21 23:16:39,789 [8240b2fd-00fc-40d9-9a44-40fb4e30c3a3:group-5B72C03034B9:LeaderElection3] INFO  server.RaftServerConfigKeys (ConfUtils.java:logGet(43)) - raft.server.rpc.sleep.time = 25ms (default)
2019-08-21 23:16:39,789 [8240b2fd-00fc-40d9-9a44-40fb4e30c3a3:group-5B72C03034B9:LeaderElection3] INFO  server.RaftServerConfigKeys (ConfUtils.java:logGet(43)) - raft.server.write.element-limit = 4096 (default)
2019-08-21 23:16:39,790 [8240b2fd-00fc-40d9-9a44-40fb4e30c3a3:group-5B72C03034B9:LeaderElection3] INFO  server.RaftServerConfigKeys (ConfUtils.java:logGet(43)) - raft.server.watch.timeout = 10s (default)
2019-08-21 23:16:39,790 [8240b2fd-00fc-40d9-9a44-40fb4e30c3a3:group-5B72C03034B9:LeaderElection3] INFO  server.RaftServerConfigKeys (ConfUtils.java:logGet(43)) - raft.server.watch.timeout.denomination = 1s (default)
2019-08-21 23:16:39,790 [8240b2fd-00fc-40d9-9a44-40fb4e30c3a3:group-5B72C03034B9:LeaderElection3] INFO  server.RaftServerConfigKeys (ConfUtils.java:logGet(43)) - raft.server.watch.element-limit = 65536 (default)
2019-08-21 23:16:39,791 [8240b2fd-00fc-40d9-9a44-40fb4e30c3a3:group-5B72C03034B9:LeaderElection3] INFO  impl.RoleInfo (RoleInfo.java:updateAndGet(143)) - 8240b2fd-00fc-40d9-9a44-40fb4e30c3a3: start LeaderState
2019-08-21 23:16:39,791 [8240b2fd-00fc-40d9-9a44-40fb4e30c3a3:group-5B72C03034B9:LeaderElection3] INFO  segmented.SegmentedRaftLogWorker (SegmentedRaftLogWorker.java:startLogSegment(380)) - 8240b2fd-00fc-40d9-9a44-40fb4e30c3a3-SegmentedRaftLogWorker:Storage Directory /workdir/hadoop-ozone/integration-test/target/test-dir/MiniOzoneClusterImpl-6d53a963-eed6-48f6-a374-011e20eb1423/datanode-1/data/ratis/e5900b7f-0c86-4809-926c-5b72c03034b9: Starting segment from index:0
2019-08-21 23:16:39,792 [8240b2fd-00fc-40d9-9a44-40fb4e30c3a3:group-5B72C03034B9:LeaderElection3] INFO  impl.RaftServerImpl (ServerState.java:setRaftConf(361)) - 8240b2fd-00fc-40d9-9a44-40fb4e30c3a3:group-5B72C03034B9 set configuration 0: [8240b2fd-00fc-40d9-9a44-40fb4e30c3a3:192.168.5.181:34650], old=null at 0
2019-08-21 23:16:39,845 [8240b2fd-00fc-40d9-9a44-40fb4e30c3a3-SegmentedRaftLogWorker:Storage Directory /workdir/hadoop-ozone/integration-test/target/test-dir/MiniOzoneClusterImpl-6d53a963-eed6-48f6-a374-011e20eb1423/datanode-1/data/ratis/e5900b7f-0c86-4809-926c-5b72c03034b9] INFO  segmented.SegmentedRaftLogWorker (SegmentedRaftLogWorker.java:execute(569)) - 8240b2fd-00fc-40d9-9a44-40fb4e30c3a3-SegmentedRaftLogWorker:Storage Directory /workdir/hadoop-ozone/integration-test/target/test-dir/MiniOzoneClusterImpl-6d53a963-eed6-48f6-a374-011e20eb1423/datanode-1/data/ratis/e5900b7f-0c86-4809-926c-5b72c03034b9: created new log segment /workdir/hadoop-ozone/integration-test/target/test-dir/MiniOzoneClusterImpl-6d53a963-eed6-48f6-a374-011e20eb1423/datanode-1/data/ratis/e5900b7f-0c86-4809-926c-5b72c03034b9/current/log_inprogress_0
2019-08-21 23:16:39,889 [Thread-248] INFO  impl.FollowerState (FollowerState.java:run(106)) - be7267f5-08d7-4de7-85bb-d794f700a7dd:group-009D889ECC77 changes to CANDIDATE, lastRpcTime:5182, electionTimeout:5182ms
2019-08-21 23:16:39,890 [Thread-248] INFO  impl.RoleInfo (RoleInfo.java:shutdownFollowerState(121)) - be7267f5-08d7-4de7-85bb-d794f700a7dd: shutdown FollowerState
2019-08-21 23:16:39,890 [Thread-248] INFO  impl.RaftServerImpl (RaftServerImpl.java:setRole(171)) - be7267f5-08d7-4de7-85bb-d794f700a7dd:group-009D889ECC77 changes role from FOLLOWER to CANDIDATE at term 0 for changeToCandidate
2019-08-21 23:16:39,890 [Thread-248] INFO  impl.RoleInfo (RoleInfo.java:updateAndGet(143)) - be7267f5-08d7-4de7-85bb-d794f700a7dd: start LeaderElection
2019-08-21 23:16:39,909 [be7267f5-08d7-4de7-85bb-d794f700a7dd:group-009D889ECC77:LeaderElection4] INFO  impl.LeaderElection (LeaderElection.java:askForVotes(181)) - be7267f5-08d7-4de7-85bb-d794f700a7dd:group-009D889ECC77:LeaderElection4: begin an election at term 1 for -1: [be7267f5-08d7-4de7-85bb-d794f700a7dd:192.168.5.181:38145], old=null
2019-08-21 23:16:39,911 [be7267f5-08d7-4de7-85bb-d794f700a7dd:group-009D889ECC77:LeaderElection4] INFO  impl.RoleInfo (RoleInfo.java:shutdownLeaderElection(134)) - be7267f5-08d7-4de7-85bb-d794f700a7dd: shutdown LeaderElection
2019-08-21 23:16:39,911 [be7267f5-08d7-4de7-85bb-d794f700a7dd:group-009D889ECC77:LeaderElection4] INFO  impl.RaftServerImpl (RaftServerImpl.java:setRole(171)) - be7267f5-08d7-4de7-85bb-d794f700a7dd:group-009D889ECC77 changes role from CANDIDATE to LEADER at term 1 for changeToLeader
2019-08-21 23:16:39,912 [be7267f5-08d7-4de7-85bb-d794f700a7dd:group-009D889ECC77:LeaderElection4] INFO  impl.RaftServerImpl (ServerState.java:setLeader(263)) - be7267f5-08d7-4de7-85bb-d794f700a7dd:group-009D889ECC77 change Leader from null to be7267f5-08d7-4de7-85bb-d794f700a7dd at term 1 for becomeLeader, leader elected after 5210ms
2019-08-21 23:16:39,913 [be7267f5-08d7-4de7-85bb-d794f700a7dd:group-009D889ECC77:LeaderElection4] INFO  server.RaftServerConfigKeys (ConfUtils.java:logGet(43)) - raft.server.staging.catchup.gap = 1000 (default)
2019-08-21 23:16:39,914 [be7267f5-08d7-4de7-85bb-d794f700a7dd:group-009D889ECC77:LeaderElection4] INFO  server.RaftServerConfigKeys (ConfUtils.java:logGet(43)) - raft.server.rpc.sleep.time = 25ms (default)
2019-08-21 23:16:39,914 [be7267f5-08d7-4de7-85bb-d794f700a7dd:group-009D889ECC77:LeaderElection4] INFO  server.RaftServerConfigKeys (ConfUtils.java:logGet(43)) - raft.server.write.element-limit = 4096 (default)
2019-08-21 23:16:39,914 [be7267f5-08d7-4de7-85bb-d794f700a7dd:group-009D889ECC77:LeaderElection4] INFO  server.RaftServerConfigKeys (ConfUtils.java:logGet(43)) - raft.server.watch.timeout = 10s (default)
2019-08-21 23:16:39,914 [be7267f5-08d7-4de7-85bb-d794f700a7dd:group-009D889ECC77:LeaderElection4] INFO  server.RaftServerConfigKeys (ConfUtils.java:logGet(43)) - raft.server.watch.timeout.denomination = 1s (default)
2019-08-21 23:16:39,914 [be7267f5-08d7-4de7-85bb-d794f700a7dd:group-009D889ECC77:LeaderElection4] INFO  server.RaftServerConfigKeys (ConfUtils.java:logGet(43)) - raft.server.watch.element-limit = 65536 (default)
2019-08-21 23:16:39,915 [be7267f5-08d7-4de7-85bb-d794f700a7dd:group-009D889ECC77:LeaderElection4] INFO  impl.RoleInfo (RoleInfo.java:updateAndGet(143)) - be7267f5-08d7-4de7-85bb-d794f700a7dd: start LeaderState
2019-08-21 23:16:39,915 [be7267f5-08d7-4de7-85bb-d794f700a7dd:group-009D889ECC77:LeaderElection4] INFO  segmented.SegmentedRaftLogWorker (SegmentedRaftLogWorker.java:startLogSegment(380)) - be7267f5-08d7-4de7-85bb-d794f700a7dd-SegmentedRaftLogWorker:Storage Directory /workdir/hadoop-ozone/integration-test/target/test-dir/MiniOzoneClusterImpl-6d53a963-eed6-48f6-a374-011e20eb1423/datanode-5/data/ratis/cef9deb0-0d13-4815-9659-009d889ecc77: Starting segment from index:0
2019-08-21 23:16:39,916 [be7267f5-08d7-4de7-85bb-d794f700a7dd:group-009D889ECC77:LeaderElection4] INFO  impl.RaftServerImpl (ServerState.java:setRaftConf(361)) - be7267f5-08d7-4de7-85bb-d794f700a7dd:group-009D889ECC77 set configuration 0: [be7267f5-08d7-4de7-85bb-d794f700a7dd:192.168.5.181:38145], old=null at 0
2019-08-21 23:16:39,950 [Thread-251] INFO  impl.FollowerState (FollowerState.java:run(106)) - 5888b815-4d96-46ed-b33f-cc56843b4232:group-5076C3884139 changes to CANDIDATE, lastRpcTime:5168, electionTimeout:5147ms
2019-08-21 23:16:39,950 [Thread-251] INFO  impl.RoleInfo (RoleInfo.java:shutdownFollowerState(121)) - 5888b815-4d96-46ed-b33f-cc56843b4232: shutdown FollowerState
2019-08-21 23:16:39,950 [Thread-251] INFO  impl.RaftServerImpl (RaftServerImpl.java:setRole(171)) - 5888b815-4d96-46ed-b33f-cc56843b4232:group-5076C3884139 changes role from FOLLOWER to CANDIDATE at term 0 for changeToCandidate
2019-08-21 23:16:39,950 [Thread-251] INFO  impl.RoleInfo (RoleInfo.java:updateAndGet(143)) - 5888b815-4d96-46ed-b33f-cc56843b4232: start LeaderElection
2019-08-21 23:16:39,969 [Thread-254] INFO  impl.FollowerState (FollowerState.java:run(106)) - 2b67acc8-3b4a-436a-98ba-6479a7db268f:group-85E80D607C49 changes to CANDIDATE, lastRpcTime:5101, electionTimeout:5101ms
2019-08-21 23:16:39,969 [Thread-254] INFO  impl.RoleInfo (RoleInfo.java:shutdownFollowerState(121)) - 2b67acc8-3b4a-436a-98ba-6479a7db268f: shutdown FollowerState
2019-08-21 23:16:39,969 [Thread-254] INFO  impl.RaftServerImpl (RaftServerImpl.java:setRole(171)) - 2b67acc8-3b4a-436a-98ba-6479a7db268f:group-85E80D607C49 changes role from FOLLOWER to CANDIDATE at term 0 for changeToCandidate
2019-08-21 23:16:39,969 [Thread-254] INFO  impl.RoleInfo (RoleInfo.java:updateAndGet(143)) - 2b67acc8-3b4a-436a-98ba-6479a7db268f: start LeaderElection
2019-08-21 23:16:39,971 [be7267f5-08d7-4de7-85bb-d794f700a7dd-SegmentedRaftLogWorker:Storage Directory /workdir/hadoop-ozone/integration-test/target/test-dir/MiniOzoneClusterImpl-6d53a963-eed6-48f6-a374-011e20eb1423/datanode-5/data/ratis/cef9deb0-0d13-4815-9659-009d889ecc77] INFO  segmented.SegmentedRaftLogWorker (SegmentedRaftLogWorker.java:execute(569)) - be7267f5-08d7-4de7-85bb-d794f700a7dd-SegmentedRaftLogWorker:Storage Directory /workdir/hadoop-ozone/integration-test/target/test-dir/MiniOzoneClusterImpl-6d53a963-eed6-48f6-a374-011e20eb1423/datanode-5/data/ratis/cef9deb0-0d13-4815-9659-009d889ecc77: created new log segment /workdir/hadoop-ozone/integration-test/target/test-dir/MiniOzoneClusterImpl-6d53a963-eed6-48f6-a374-011e20eb1423/datanode-5/data/ratis/cef9deb0-0d13-4815-9659-009d889ecc77/current/log_inprogress_0
2019-08-21 23:16:39,974 [5888b815-4d96-46ed-b33f-cc56843b4232:group-5076C3884139:LeaderElection5] INFO  impl.LeaderElection (LeaderElection.java:askForVotes(181)) - 5888b815-4d96-46ed-b33f-cc56843b4232:group-5076C3884139:LeaderElection5: begin an election at term 1 for -1: [5888b815-4d96-46ed-b33f-cc56843b4232:192.168.5.181:40479], old=null
2019-08-21 23:16:39,976 [5888b815-4d96-46ed-b33f-cc56843b4232:group-5076C3884139:LeaderElection5] INFO  impl.RoleInfo (RoleInfo.java:shutdownLeaderElection(134)) - 5888b815-4d96-46ed-b33f-cc56843b4232: shutdown LeaderElection
2019-08-21 23:16:39,976 [5888b815-4d96-46ed-b33f-cc56843b4232:group-5076C3884139:LeaderElection5] INFO  impl.RaftServerImpl (RaftServerImpl.java:setRole(171)) - 5888b815-4d96-46ed-b33f-cc56843b4232:group-5076C3884139 changes role from CANDIDATE to LEADER at term 1 for changeToLeader
2019-08-21 23:16:39,976 [5888b815-4d96-46ed-b33f-cc56843b4232:group-5076C3884139:LeaderElection5] INFO  impl.RaftServerImpl (ServerState.java:setLeader(263)) - 5888b815-4d96-46ed-b33f-cc56843b4232:group-5076C3884139 change Leader from null to 5888b815-4d96-46ed-b33f-cc56843b4232 at term 1 for becomeLeader, leader elected after 5200ms
2019-08-21 23:16:39,978 [5888b815-4d96-46ed-b33f-cc56843b4232:group-5076C3884139:LeaderElection5] INFO  server.RaftServerConfigKeys (ConfUtils.java:logGet(43)) - raft.server.staging.catchup.gap = 1000 (default)
2019-08-21 23:16:39,979 [5888b815-4d96-46ed-b33f-cc56843b4232:group-5076C3884139:LeaderElection5] INFO  server.RaftServerConfigKeys (ConfUtils.java:logGet(43)) - raft.server.rpc.sleep.time = 25ms (default)
2019-08-21 23:16:39,979 [5888b815-4d96-46ed-b33f-cc56843b4232:group-5076C3884139:LeaderElection5] INFO  server.RaftServerConfigKeys (ConfUtils.java:logGet(43)) - raft.server.write.element-limit = 4096 (default)
2019-08-21 23:16:39,979 [5888b815-4d96-46ed-b33f-cc56843b4232:group-5076C3884139:LeaderElection5] INFO  server.RaftServerConfigKeys (ConfUtils.java:logGet(43)) - raft.server.watch.timeout = 10s (default)
2019-08-21 23:16:39,979 [5888b815-4d96-46ed-b33f-cc56843b4232:group-5076C3884139:LeaderElection5] INFO  server.RaftServerConfigKeys (ConfUtils.java:logGet(43)) - raft.server.watch.timeout.denomination = 1s (default)
2019-08-21 23:16:39,979 [5888b815-4d96-46ed-b33f-cc56843b4232:group-5076C3884139:LeaderElection5] INFO  server.RaftServerConfigKeys (ConfUtils.java:logGet(43)) - raft.server.watch.element-limit = 65536 (default)
2019-08-21 23:16:39,980 [5888b815-4d96-46ed-b33f-cc56843b4232:group-5076C3884139:LeaderElection5] INFO  impl.RoleInfo (RoleInfo.java:updateAndGet(143)) - 5888b815-4d96-46ed-b33f-cc56843b4232: start LeaderState
2019-08-21 23:16:39,980 [5888b815-4d96-46ed-b33f-cc56843b4232:group-5076C3884139:LeaderElection5] INFO  segmented.SegmentedRaftLogWorker (SegmentedRaftLogWorker.java:startLogSegment(380)) - 5888b815-4d96-46ed-b33f-cc56843b4232-SegmentedRaftLogWorker:Storage Directory /workdir/hadoop-ozone/integration-test/target/test-dir/MiniOzoneClusterImpl-6d53a963-eed6-48f6-a374-011e20eb1423/datanode-4/data/ratis/71fd5093-f4ee-431a-8aff-5076c3884139: Starting segment from index:0
2019-08-21 23:16:39,981 [5888b815-4d96-46ed-b33f-cc56843b4232:group-5076C3884139:LeaderElection5] INFO  impl.RaftServerImpl (ServerState.java:setRaftConf(361)) - 5888b815-4d96-46ed-b33f-cc56843b4232:group-5076C3884139 set configuration 0: [5888b815-4d96-46ed-b33f-cc56843b4232:192.168.5.181:40479], old=null at 0
2019-08-21 23:16:40,021 [Thread-257] INFO  impl.FollowerState (FollowerState.java:run(106)) - c91997ae-6098-47eb-ba22-0b3cfd28eafd:group-1FEB24084B74 changes to CANDIDATE, lastRpcTime:5087, electionTimeout:5066ms
2019-08-21 23:16:40,023 [2b67acc8-3b4a-436a-98ba-6479a7db268f:group-85E80D607C49:LeaderElection6] INFO  impl.LeaderElection (LeaderElection.java:askForVotes(181)) - 2b67acc8-3b4a-436a-98ba-6479a7db268f:group-85E80D607C49:LeaderElection6: begin an election at term 1 for -1: [2b67acc8-3b4a-436a-98ba-6479a7db268f:192.168.5.181:45450], old=null
2019-08-21 23:16:40,025 [Thread-257] INFO  impl.RoleInfo (RoleInfo.java:shutdownFollowerState(121)) - c91997ae-6098-47eb-ba22-0b3cfd28eafd: shutdown FollowerState
2019-08-21 23:16:40,026 [2b67acc8-3b4a-436a-98ba-6479a7db268f:group-85E80D607C49:LeaderElection6] INFO  impl.RoleInfo (RoleInfo.java:shutdownLeaderElection(134)) - 2b67acc8-3b4a-436a-98ba-6479a7db268f: shutdown LeaderElection
2019-08-21 23:16:40,026 [Thread-257] INFO  impl.RaftServerImpl (RaftServerImpl.java:setRole(171)) - c91997ae-6098-47eb-ba22-0b3cfd28eafd:group-1FEB24084B74 changes role from FOLLOWER to CANDIDATE at term 0 for changeToCandidate
2019-08-21 23:16:40,026 [2b67acc8-3b4a-436a-98ba-6479a7db268f:group-85E80D607C49:LeaderElection6] INFO  impl.RaftServerImpl (RaftServerImpl.java:setRole(171)) - 2b67acc8-3b4a-436a-98ba-6479a7db268f:group-85E80D607C49 changes role from CANDIDATE to LEADER at term 1 for changeToLeader
2019-08-21 23:16:40,026 [Thread-257] INFO  impl.RoleInfo (RoleInfo.java:updateAndGet(143)) - c91997ae-6098-47eb-ba22-0b3cfd28eafd: start LeaderElection
2019-08-21 23:16:40,026 [2b67acc8-3b4a-436a-98ba-6479a7db268f:group-85E80D607C49:LeaderElection6] INFO  impl.RaftServerImpl (ServerState.java:setLeader(263)) - 2b67acc8-3b4a-436a-98ba-6479a7db268f:group-85E80D607C49 change Leader from null to 2b67acc8-3b4a-436a-98ba-6479a7db268f at term 1 for becomeLeader, leader elected after 5165ms
2019-08-21 23:16:40,029 [2b67acc8-3b4a-436a-98ba-6479a7db268f:group-85E80D607C49:LeaderElection6] INFO  server.RaftServerConfigKeys (ConfUtils.java:logGet(43)) - raft.server.staging.catchup.gap = 1000 (default)
2019-08-21 23:16:40,031 [2b67acc8-3b4a-436a-98ba-6479a7db268f:group-85E80D607C49:LeaderElection6] INFO  server.RaftServerConfigKeys (ConfUtils.java:logGet(43)) - raft.server.rpc.sleep.time = 25ms (default)
2019-08-21 23:16:40,031 [2b67acc8-3b4a-436a-98ba-6479a7db268f:group-85E80D607C49:LeaderElection6] INFO  server.RaftServerConfigKeys (ConfUtils.java:logGet(43)) - raft.server.write.element-limit = 4096 (default)
2019-08-21 23:16:40,031 [2b67acc8-3b4a-436a-98ba-6479a7db268f:group-85E80D607C49:LeaderElection6] INFO  server.RaftServerConfigKeys (ConfUtils.java:logGet(43)) - raft.server.watch.timeout = 10s (default)
2019-08-21 23:16:40,031 [2b67acc8-3b4a-436a-98ba-6479a7db268f:group-85E80D607C49:LeaderElection6] INFO  server.RaftServerConfigKeys (ConfUtils.java:logGet(43)) - raft.server.watch.timeout.denomination = 1s (default)
2019-08-21 23:16:40,032 [2b67acc8-3b4a-436a-98ba-6479a7db268f:group-85E80D607C49:LeaderElection6] INFO  server.RaftServerConfigKeys (ConfUtils.java:logGet(43)) - raft.server.watch.element-limit = 65536 (default)
2019-08-21 23:16:40,032 [2b67acc8-3b4a-436a-98ba-6479a7db268f:group-85E80D607C49:LeaderElection6] INFO  impl.RoleInfo (RoleInfo.java:updateAndGet(143)) - 2b67acc8-3b4a-436a-98ba-6479a7db268f: start LeaderState
2019-08-21 23:16:40,032 [2b67acc8-3b4a-436a-98ba-6479a7db268f:group-85E80D607C49:LeaderElection6] INFO  segmented.SegmentedRaftLogWorker (SegmentedRaftLogWorker.java:startLogSegment(380)) - 2b67acc8-3b4a-436a-98ba-6479a7db268f-SegmentedRaftLogWorker:Storage Directory /workdir/hadoop-ozone/integration-test/target/test-dir/MiniOzoneClusterImpl-6d53a963-eed6-48f6-a374-011e20eb1423/datanode-6/data/ratis/e34be724-979a-4e73-a978-85e80d607c49: Starting segment from index:0
2019-08-21 23:16:40,033 [2b67acc8-3b4a-436a-98ba-6479a7db268f:group-85E80D607C49:LeaderElection6] INFO  impl.RaftServerImpl (ServerState.java:setRaftConf(361)) - 2b67acc8-3b4a-436a-98ba-6479a7db268f:group-85E80D607C49 set configuration 0: [2b67acc8-3b4a-436a-98ba-6479a7db268f:192.168.5.181:45450], old=null at 0
2019-08-21 23:16:40,075 [Thread-265] INFO  impl.FollowerState (FollowerState.java:run(106)) - be7267f5-08d7-4de7-85bb-d794f700a7dd:group-0F301184CFE7 changes to CANDIDATE, lastRpcTime:5028, electionTimeout:5016ms
2019-08-21 23:16:40,075 [5888b815-4d96-46ed-b33f-cc56843b4232-SegmentedRaftLogWorker:Storage Directory /workdir/hadoop-ozone/integration-test/target/test-dir/MiniOzoneClusterImpl-6d53a963-eed6-48f6-a374-011e20eb1423/datanode-4/data/ratis/71fd5093-f4ee-431a-8aff-5076c3884139] INFO  segmented.SegmentedRaftLogWorker (SegmentedRaftLogWorker.java:execute(569)) - 5888b815-4d96-46ed-b33f-cc56843b4232-SegmentedRaftLogWorker:Storage Directory /workdir/hadoop-ozone/integration-test/target/test-dir/MiniOzoneClusterImpl-6d53a963-eed6-48f6-a374-011e20eb1423/datanode-4/data/ratis/71fd5093-f4ee-431a-8aff-5076c3884139: created new log segment /workdir/hadoop-ozone/integration-test/target/test-dir/MiniOzoneClusterImpl-6d53a963-eed6-48f6-a374-011e20eb1423/datanode-4/data/ratis/71fd5093-f4ee-431a-8aff-5076c3884139/current/log_inprogress_0
2019-08-21 23:16:40,075 [Thread-265] INFO  impl.RoleInfo (RoleInfo.java:shutdownFollowerState(121)) - be7267f5-08d7-4de7-85bb-d794f700a7dd: shutdown FollowerState
2019-08-21 23:16:40,076 [c91997ae-6098-47eb-ba22-0b3cfd28eafd:group-1FEB24084B74:LeaderElection7] INFO  impl.LeaderElection (LeaderElection.java:askForVotes(181)) - c91997ae-6098-47eb-ba22-0b3cfd28eafd:group-1FEB24084B74:LeaderElection7: begin an election at term 1 for -1: [c91997ae-6098-47eb-ba22-0b3cfd28eafd:192.168.5.181:46023], old=null
2019-08-21 23:16:40,076 [Thread-265] INFO  impl.RaftServerImpl (RaftServerImpl.java:setRole(171)) - be7267f5-08d7-4de7-85bb-d794f700a7dd:group-0F301184CFE7 changes role from FOLLOWER to CANDIDATE at term 0 for changeToCandidate
2019-08-21 23:16:40,078 [c91997ae-6098-47eb-ba22-0b3cfd28eafd:group-1FEB24084B74:LeaderElection7] INFO  impl.RoleInfo (RoleInfo.java:shutdownLeaderElection(134)) - c91997ae-6098-47eb-ba22-0b3cfd28eafd: shutdown LeaderElection
2019-08-21 23:16:40,078 [Thread-265] INFO  impl.RoleInfo (RoleInfo.java:updateAndGet(143)) - be7267f5-08d7-4de7-85bb-d794f700a7dd: start LeaderElection
2019-08-21 23:16:40,078 [c91997ae-6098-47eb-ba22-0b3cfd28eafd:group-1FEB24084B74:LeaderElection7] INFO  impl.RaftServerImpl (RaftServerImpl.java:setRole(171)) - c91997ae-6098-47eb-ba22-0b3cfd28eafd:group-1FEB24084B74 changes role from CANDIDATE to LEADER at term 1 for changeToLeader
2019-08-21 23:16:40,079 [c91997ae-6098-47eb-ba22-0b3cfd28eafd:group-1FEB24084B74:LeaderElection7] INFO  impl.RaftServerImpl (ServerState.java:setLeader(263)) - c91997ae-6098-47eb-ba22-0b3cfd28eafd:group-1FEB24084B74 change Leader from null to c91997ae-6098-47eb-ba22-0b3cfd28eafd at term 1 for becomeLeader, leader elected after 5151ms
2019-08-21 23:16:40,084 [c91997ae-6098-47eb-ba22-0b3cfd28eafd:group-1FEB24084B74:LeaderElection7] INFO  server.RaftServerConfigKeys (ConfUtils.java:logGet(43)) - raft.server.staging.catchup.gap = 1000 (default)
2019-08-21 23:16:40,084 [c91997ae-6098-47eb-ba22-0b3cfd28eafd:group-1FEB24084B74:LeaderElection7] INFO  server.RaftServerConfigKeys (ConfUtils.java:logGet(43)) - raft.server.rpc.sleep.time = 25ms (default)
2019-08-21 23:16:40,085 [c91997ae-6098-47eb-ba22-0b3cfd28eafd:group-1FEB24084B74:LeaderElection7] INFO  server.RaftServerConfigKeys (ConfUtils.java:logGet(43)) - raft.server.write.element-limit = 4096 (default)
2019-08-21 23:16:40,085 [c91997ae-6098-47eb-ba22-0b3cfd28eafd:group-1FEB24084B74:LeaderElection7] INFO  server.RaftServerConfigKeys (ConfUtils.java:logGet(43)) - raft.server.watch.timeout = 10s (default)
2019-08-21 23:16:40,085 [c91997ae-6098-47eb-ba22-0b3cfd28eafd:group-1FEB24084B74:LeaderElection7] INFO  server.RaftServerConfigKeys (ConfUtils.java:logGet(43)) - raft.server.watch.timeout.denomination = 1s (default)
2019-08-21 23:16:40,086 [c91997ae-6098-47eb-ba22-0b3cfd28eafd:group-1FEB24084B74:LeaderElection7] INFO  server.RaftServerConfigKeys (ConfUtils.java:logGet(43)) - raft.server.watch.element-limit = 65536 (default)
2019-08-21 23:16:40,086 [c91997ae-6098-47eb-ba22-0b3cfd28eafd:group-1FEB24084B74:LeaderElection7] INFO  impl.RoleInfo (RoleInfo.java:updateAndGet(143)) - c91997ae-6098-47eb-ba22-0b3cfd28eafd: start LeaderState
2019-08-21 23:16:40,086 [c91997ae-6098-47eb-ba22-0b3cfd28eafd:group-1FEB24084B74:LeaderElection7] INFO  segmented.SegmentedRaftLogWorker (SegmentedRaftLogWorker.java:startLogSegment(380)) - c91997ae-6098-47eb-ba22-0b3cfd28eafd-SegmentedRaftLogWorker:Storage Directory /workdir/hadoop-ozone/integration-test/target/test-dir/MiniOzoneClusterImpl-6d53a963-eed6-48f6-a374-011e20eb1423/datanode-3/data/ratis/f273ab65-67de-4c1f-8635-1feb24084b74: Starting segment from index:0
2019-08-21 23:16:40,087 [c91997ae-6098-47eb-ba22-0b3cfd28eafd:group-1FEB24084B74:LeaderElection7] INFO  impl.RaftServerImpl (ServerState.java:setRaftConf(361)) - c91997ae-6098-47eb-ba22-0b3cfd28eafd:group-1FEB24084B74 set configuration 0: [c91997ae-6098-47eb-ba22-0b3cfd28eafd:192.168.5.181:46023], old=null at 0
2019-08-21 23:16:40,089 [2b67acc8-3b4a-436a-98ba-6479a7db268f-SegmentedRaftLogWorker:Storage Directory /workdir/hadoop-ozone/integration-test/target/test-dir/MiniOzoneClusterImpl-6d53a963-eed6-48f6-a374-011e20eb1423/datanode-6/data/ratis/e34be724-979a-4e73-a978-85e80d607c49] INFO  segmented.SegmentedRaftLogWorker (SegmentedRaftLogWorker.java:execute(569)) - 2b67acc8-3b4a-436a-98ba-6479a7db268f-SegmentedRaftLogWorker:Storage Directory /workdir/hadoop-ozone/integration-test/target/test-dir/MiniOzoneClusterImpl-6d53a963-eed6-48f6-a374-011e20eb1423/datanode-6/data/ratis/e34be724-979a-4e73-a978-85e80d607c49: created new log segment /workdir/hadoop-ozone/integration-test/target/test-dir/MiniOzoneClusterImpl-6d53a963-eed6-48f6-a374-011e20eb1423/datanode-6/data/ratis/e34be724-979a-4e73-a978-85e80d607c49/current/log_inprogress_0
2019-08-21 23:16:40,089 [be7267f5-08d7-4de7-85bb-d794f700a7dd:group-0F301184CFE7:LeaderElection8] INFO  impl.LeaderElection (LeaderElection.java:askForVotes(181)) - be7267f5-08d7-4de7-85bb-d794f700a7dd:group-0F301184CFE7:LeaderElection8: begin an election at term 1 for -1: [30732d1c-ca6f-4dcf-aafc-9fae1e227f0f:192.168.5.181:35521, be7267f5-08d7-4de7-85bb-d794f700a7dd:192.168.5.181:38145, 8240b2fd-00fc-40d9-9a44-40fb4e30c3a3:192.168.5.181:34650], old=null
2019-08-21 23:16:40,096 [Thread-264] INFO  impl.FollowerState (FollowerState.java:run(106)) - 30732d1c-ca6f-4dcf-aafc-9fae1e227f0f:group-0F301184CFE7 changes to CANDIDATE, lastRpcTime:5051, electionTimeout:5050ms
2019-08-21 23:16:40,131 [Thread-264] INFO  impl.RoleInfo (RoleInfo.java:shutdownFollowerState(121)) - 30732d1c-ca6f-4dcf-aafc-9fae1e227f0f: shutdown FollowerState
2019-08-21 23:16:40,131 [Thread-264] INFO  impl.RaftServerImpl (RaftServerImpl.java:setRole(171)) - 30732d1c-ca6f-4dcf-aafc-9fae1e227f0f:group-0F301184CFE7 changes role from FOLLOWER to CANDIDATE at term 0 for changeToCandidate
2019-08-21 23:16:40,132 [Thread-264] INFO  impl.RoleInfo (RoleInfo.java:updateAndGet(143)) - 30732d1c-ca6f-4dcf-aafc-9fae1e227f0f: start LeaderElection
2019-08-21 23:16:40,135 [Thread-260] INFO  impl.FollowerState (FollowerState.java:run(106)) - 8240b2fd-00fc-40d9-9a44-40fb4e30c3a3:group-0F301184CFE7 changes to CANDIDATE, lastRpcTime:5096, electionTimeout:5058ms
2019-08-21 23:16:40,137 [Thread-260] INFO  impl.RoleInfo (RoleInfo.java:shutdownFollowerState(121)) - 8240b2fd-00fc-40d9-9a44-40fb4e30c3a3: shutdown FollowerState
2019-08-21 23:16:40,138 [Thread-260] INFO  impl.RaftServerImpl (RaftServerImpl.java:setRole(171)) - 8240b2fd-00fc-40d9-9a44-40fb4e30c3a3:group-0F301184CFE7 changes role from FOLLOWER to CANDIDATE at term 0 for changeToCandidate
2019-08-21 23:16:40,138 [Thread-260] INFO  impl.RoleInfo (RoleInfo.java:updateAndGet(143)) - 8240b2fd-00fc-40d9-9a44-40fb4e30c3a3: start LeaderElection
2019-08-21 23:16:40,147 [c91997ae-6098-47eb-ba22-0b3cfd28eafd-SegmentedRaftLogWorker:Storage Directory /workdir/hadoop-ozone/integration-test/target/test-dir/MiniOzoneClusterImpl-6d53a963-eed6-48f6-a374-011e20eb1423/datanode-3/data/ratis/f273ab65-67de-4c1f-8635-1feb24084b74] INFO  segmented.SegmentedRaftLogWorker (SegmentedRaftLogWorker.java:execute(569)) - c91997ae-6098-47eb-ba22-0b3cfd28eafd-SegmentedRaftLogWorker:Storage Directory /workdir/hadoop-ozone/integration-test/target/test-dir/MiniOzoneClusterImpl-6d53a963-eed6-48f6-a374-011e20eb1423/datanode-3/data/ratis/f273ab65-67de-4c1f-8635-1feb24084b74: created new log segment /workdir/hadoop-ozone/integration-test/target/test-dir/MiniOzoneClusterImpl-6d53a963-eed6-48f6-a374-011e20eb1423/datanode-3/data/ratis/f273ab65-67de-4c1f-8635-1feb24084b74/current/log_inprogress_0
2019-08-21 23:16:40,147 [30732d1c-ca6f-4dcf-aafc-9fae1e227f0f:group-0F301184CFE7:LeaderElection9] INFO  impl.LeaderElection (LeaderElection.java:askForVotes(181)) - 30732d1c-ca6f-4dcf-aafc-9fae1e227f0f:group-0F301184CFE7:LeaderElection9: begin an election at term 1 for -1: [30732d1c-ca6f-4dcf-aafc-9fae1e227f0f:192.168.5.181:35521, be7267f5-08d7-4de7-85bb-d794f700a7dd:192.168.5.181:38145, 8240b2fd-00fc-40d9-9a44-40fb4e30c3a3:192.168.5.181:34650], old=null
2019-08-21 23:16:40,168 [Thread-269] INFO  impl.FollowerState (FollowerState.java:run(106)) - 5888b815-4d96-46ed-b33f-cc56843b4232:group-A8171C530498 changes to CANDIDATE, lastRpcTime:5025, electionTimeout:5019ms
2019-08-21 23:16:40,170 [Thread-269] INFO  impl.RoleInfo (RoleInfo.java:shutdownFollowerState(121)) - 5888b815-4d96-46ed-b33f-cc56843b4232: shutdown FollowerState
2019-08-21 23:16:40,170 [Thread-269] INFO  impl.RaftServerImpl (RaftServerImpl.java:setRole(171)) - 5888b815-4d96-46ed-b33f-cc56843b4232:group-A8171C530498 changes role from FOLLOWER to CANDIDATE at term 0 for changeToCandidate
2019-08-21 23:16:40,173 [Thread-269] INFO  impl.RoleInfo (RoleInfo.java:updateAndGet(143)) - 5888b815-4d96-46ed-b33f-cc56843b4232: start LeaderElection
2019-08-21 23:16:40,182 [8240b2fd-00fc-40d9-9a44-40fb4e30c3a3:group-0F301184CFE7:LeaderElection10] INFO  impl.LeaderElection (LeaderElection.java:askForVotes(181)) - 8240b2fd-00fc-40d9-9a44-40fb4e30c3a3:group-0F301184CFE7:LeaderElection10: begin an election at term 1 for -1: [30732d1c-ca6f-4dcf-aafc-9fae1e227f0f:192.168.5.181:35521, be7267f5-08d7-4de7-85bb-d794f700a7dd:192.168.5.181:38145, 8240b2fd-00fc-40d9-9a44-40fb4e30c3a3:192.168.5.181:34650], old=null
2019-08-21 23:16:40,185 [5888b815-4d96-46ed-b33f-cc56843b4232:group-A8171C530498:LeaderElection11] INFO  impl.LeaderElection (LeaderElection.java:askForVotes(181)) - 5888b815-4d96-46ed-b33f-cc56843b4232:group-A8171C530498:LeaderElection11: begin an election at term 1 for -1: [5888b815-4d96-46ed-b33f-cc56843b4232:192.168.5.181:40479, fdac9a0f-7532-40d9-95d9-ea073710a349:192.168.5.181:36328, 2b67acc8-3b4a-436a-98ba-6479a7db268f:192.168.5.181:45450], old=null
2019-08-21 23:16:40,201 [Thread-275] INFO  impl.FollowerState (FollowerState.java:run(106)) - 2b67acc8-3b4a-436a-98ba-6479a7db268f:group-A8171C530498 changes to CANDIDATE, lastRpcTime:5055, electionTimeout:5055ms
2019-08-21 23:16:40,201 [Thread-275] INFO  impl.RoleInfo (RoleInfo.java:shutdownFollowerState(121)) - 2b67acc8-3b4a-436a-98ba-6479a7db268f: shutdown FollowerState
2019-08-21 23:16:40,201 [Thread-275] INFO  impl.RaftServerImpl (RaftServerImpl.java:setRole(171)) - 2b67acc8-3b4a-436a-98ba-6479a7db268f:group-A8171C530498 changes role from FOLLOWER to CANDIDATE at term 0 for changeToCandidate
2019-08-21 23:16:40,201 [Thread-275] INFO  impl.RoleInfo (RoleInfo.java:updateAndGet(143)) - 2b67acc8-3b4a-436a-98ba-6479a7db268f: start LeaderElection
2019-08-21 23:16:40,223 [2b67acc8-3b4a-436a-98ba-6479a7db268f:group-A8171C530498:LeaderElection12] INFO  impl.LeaderElection (LeaderElection.java:askForVotes(181)) - 2b67acc8-3b4a-436a-98ba-6479a7db268f:group-A8171C530498:LeaderElection12: begin an election at term 1 for -1: [5888b815-4d96-46ed-b33f-cc56843b4232:192.168.5.181:40479, fdac9a0f-7532-40d9-95d9-ea073710a349:192.168.5.181:36328, 2b67acc8-3b4a-436a-98ba-6479a7db268f:192.168.5.181:45450], old=null
2019-08-21 23:16:40,229 [grpc-default-executor-1] INFO  impl.RaftServerImpl (RaftServerImpl.java:setRole(171)) - fdac9a0f-7532-40d9-95d9-ea073710a349:group-A8171C530498 changes role from FOLLOWER to FOLLOWER at term 1 for recognizeCandidate:5888b815-4d96-46ed-b33f-cc56843b4232
2019-08-21 23:16:40,229 [grpc-default-executor-1] INFO  impl.RoleInfo (RoleInfo.java:shutdownFollowerState(121)) - fdac9a0f-7532-40d9-95d9-ea073710a349: shutdown FollowerState
2019-08-21 23:16:40,230 [grpc-default-executor-1] INFO  impl.RoleInfo (RoleInfo.java:updateAndGet(143)) - fdac9a0f-7532-40d9-95d9-ea073710a349: start FollowerState
2019-08-21 23:16:40,232 [Thread-272] INFO  impl.FollowerState (FollowerState.java:run(114)) - fdac9a0f-7532-40d9-95d9-ea073710a349: FollowerState was interrupted: java.lang.InterruptedException: sleep interrupted
2019-08-21 23:16:40,247 [grpc-default-executor-3] INFO  client.GrpcClientProtocolClient (GrpcClientProtocolClient.java:onNext(255)) - client-3690B94889F8->8240b2fd-00fc-40d9-9a44-40fb4e30c3a3: receive RaftClientReply:client-3690B94889F8->8240b2fd-00fc-40d9-9a44-40fb4e30c3a3@group-0F301184CFE7, cid=13, FAILED org.apache.ratis.protocol.NotLeaderException: Server 8240b2fd-00fc-40d9-9a44-40fb4e30c3a3 is not the leader (null). Request must be sent to leader., logIndex=0, commits[8240b2fd-00fc-40d9-9a44-40fb4e30c3a3:c-1]
2019-08-21 23:16:40,276 [30732d1c-ca6f-4dcf-aafc-9fae1e227f0f:group-0F301184CFE7:LeaderElection9] INFO  impl.LeaderElection (LeaderElection.java:logAndReturn(56)) - 30732d1c-ca6f-4dcf-aafc-9fae1e227f0f:group-0F301184CFE7:LeaderElection9: Election REJECTED; received 2 response(s) [30732d1c-ca6f-4dcf-aafc-9fae1e227f0f<-be7267f5-08d7-4de7-85bb-d794f700a7dd#0:FAIL-t1, 30732d1c-ca6f-4dcf-aafc-9fae1e227f0f<-8240b2fd-00fc-40d9-9a44-40fb4e30c3a3#0:FAIL-t1] and 0 exception(s); 30732d1c-ca6f-4dcf-aafc-9fae1e227f0f:t1, leader=null, voted=30732d1c-ca6f-4dcf-aafc-9fae1e227f0f, raftlog=30732d1c-ca6f-4dcf-aafc-9fae1e227f0f-SegmentedRaftLog:OPENED:c-1,f-1,i0, conf=-1: [30732d1c-ca6f-4dcf-aafc-9fae1e227f0f:192.168.5.181:35521, be7267f5-08d7-4de7-85bb-d794f700a7dd:192.168.5.181:38145, 8240b2fd-00fc-40d9-9a44-40fb4e30c3a3:192.168.5.181:34650], old=null
2019-08-21 23:16:40,276 [be7267f5-08d7-4de7-85bb-d794f700a7dd:group-0F301184CFE7:LeaderElection8] INFO  impl.LeaderElection (LeaderElection.java:logAndReturn(56)) - be7267f5-08d7-4de7-85bb-d794f700a7dd:group-0F301184CFE7:LeaderElection8: Election REJECTED; received 2 response(s) [be7267f5-08d7-4de7-85bb-d794f700a7dd<-30732d1c-ca6f-4dcf-aafc-9fae1e227f0f#0:FAIL-t1, be7267f5-08d7-4de7-85bb-d794f700a7dd<-8240b2fd-00fc-40d9-9a44-40fb4e30c3a3#0:FAIL-t1] and 0 exception(s); be7267f5-08d7-4de7-85bb-d794f700a7dd:t1, leader=null, voted=be7267f5-08d7-4de7-85bb-d794f700a7dd, raftlog=be7267f5-08d7-4de7-85bb-d794f700a7dd-SegmentedRaftLog:OPENED:c-1,f-1,i0, conf=-1: [30732d1c-ca6f-4dcf-aafc-9fae1e227f0f:192.168.5.181:35521, be7267f5-08d7-4de7-85bb-d794f700a7dd:192.168.5.181:38145, 8240b2fd-00fc-40d9-9a44-40fb4e30c3a3:192.168.5.181:34650], old=null
2019-08-21 23:16:40,278 [30732d1c-ca6f-4dcf-aafc-9fae1e227f0f:group-0F301184CFE7:LeaderElection9] INFO  impl.RaftServerImpl (RaftServerImpl.java:setRole(171)) - 30732d1c-ca6f-4dcf-aafc-9fae1e227f0f:group-0F301184CFE7 changes role from CANDIDATE to FOLLOWER at term 1 for DISCOVERED_A_NEW_TERM
2019-08-21 23:16:40,280 [30732d1c-ca6f-4dcf-aafc-9fae1e227f0f:group-0F301184CFE7:LeaderElection9] INFO  impl.RoleInfo (RoleInfo.java:shutdownLeaderElection(134)) - 30732d1c-ca6f-4dcf-aafc-9fae1e227f0f: shutdown LeaderElection
2019-08-21 23:16:40,282 [be7267f5-08d7-4de7-85bb-d794f700a7dd:group-0F301184CFE7:LeaderElection8] INFO  impl.RaftServerImpl (RaftServerImpl.java:setRole(171)) - be7267f5-08d7-4de7-85bb-d794f700a7dd:group-0F301184CFE7 changes role from CANDIDATE to FOLLOWER at term 1 for DISCOVERED_A_NEW_TERM
2019-08-21 23:16:40,293 [be7267f5-08d7-4de7-85bb-d794f700a7dd:group-0F301184CFE7:LeaderElection8] INFO  impl.RoleInfo (RoleInfo.java:shutdownLeaderElection(134)) - be7267f5-08d7-4de7-85bb-d794f700a7dd: shutdown LeaderElection
2019-08-21 23:16:40,290 [30732d1c-ca6f-4dcf-aafc-9fae1e227f0f:group-0F301184CFE7:LeaderElection9] INFO  impl.RoleInfo (RoleInfo.java:updateAndGet(143)) - 30732d1c-ca6f-4dcf-aafc-9fae1e227f0f: start FollowerState
2019-08-21 23:16:40,290 [8240b2fd-00fc-40d9-9a44-40fb4e30c3a3:group-0F301184CFE7:LeaderElection10] INFO  impl.LeaderElection (LeaderElection.java:logAndReturn(56)) - 8240b2fd-00fc-40d9-9a44-40fb4e30c3a3:group-0F301184CFE7:LeaderElection10: Election REJECTED; received 2 response(s) [8240b2fd-00fc-40d9-9a44-40fb4e30c3a3<-30732d1c-ca6f-4dcf-aafc-9fae1e227f0f#0:FAIL-t1, 8240b2fd-00fc-40d9-9a44-40fb4e30c3a3<-be7267f5-08d7-4de7-85bb-d794f700a7dd#0:FAIL-t1] and 0 exception(s); 8240b2fd-00fc-40d9-9a44-40fb4e30c3a3:t1, leader=null, voted=8240b2fd-00fc-40d9-9a44-40fb4e30c3a3, raftlog=8240b2fd-00fc-40d9-9a44-40fb4e30c3a3-SegmentedRaftLog:OPENED:c-1,f-1,i0, conf=-1: [30732d1c-ca6f-4dcf-aafc-9fae1e227f0f:192.168.5.181:35521, be7267f5-08d7-4de7-85bb-d794f700a7dd:192.168.5.181:38145, 8240b2fd-00fc-40d9-9a44-40fb4e30c3a3:192.168.5.181:34650], old=null
2019-08-21 23:16:40,295 [be7267f5-08d7-4de7-85bb-d794f700a7dd:group-0F301184CFE7:LeaderElection8] INFO  impl.RoleInfo (RoleInfo.java:updateAndGet(143)) - be7267f5-08d7-4de7-85bb-d794f700a7dd: start FollowerState
2019-08-21 23:16:40,298 [8240b2fd-00fc-40d9-9a44-40fb4e30c3a3:group-0F301184CFE7:LeaderElection10] INFO  impl.RaftServerImpl (RaftServerImpl.java:setRole(171)) - 8240b2fd-00fc-40d9-9a44-40fb4e30c3a3:group-0F301184CFE7 changes role from CANDIDATE to FOLLOWER at term 1 for DISCOVERED_A_NEW_TERM
2019-08-21 23:16:40,301 [8240b2fd-00fc-40d9-9a44-40fb4e30c3a3:group-0F301184CFE7:LeaderElection10] INFO  impl.RoleInfo (RoleInfo.java:shutdownLeaderElection(134)) - 8240b2fd-00fc-40d9-9a44-40fb4e30c3a3: shutdown LeaderElection
2019-08-21 23:16:40,305 [8240b2fd-00fc-40d9-9a44-40fb4e30c3a3:group-0F301184CFE7:LeaderElection10] INFO  impl.RoleInfo (RoleInfo.java:updateAndGet(143)) - 8240b2fd-00fc-40d9-9a44-40fb4e30c3a3: start FollowerState
2019-08-21 23:16:40,305 [5888b815-4d96-46ed-b33f-cc56843b4232:group-A8171C530498:LeaderElection11] INFO  impl.LeaderElection (LeaderElection.java:logAndReturn(56)) - 5888b815-4d96-46ed-b33f-cc56843b4232:group-A8171C530498:LeaderElection11: Election PASSED; received 2 response(s) [5888b815-4d96-46ed-b33f-cc56843b4232<-fdac9a0f-7532-40d9-95d9-ea073710a349#0:OK-t1, 5888b815-4d96-46ed-b33f-cc56843b4232<-2b67acc8-3b4a-436a-98ba-6479a7db268f#0:FAIL-t1] and 0 exception(s); 5888b815-4d96-46ed-b33f-cc56843b4232:t1, leader=null, voted=5888b815-4d96-46ed-b33f-cc56843b4232, raftlog=5888b815-4d96-46ed-b33f-cc56843b4232-SegmentedRaftLog:OPENED:c-1,f-1,i0, conf=-1: [5888b815-4d96-46ed-b33f-cc56843b4232:192.168.5.181:40479, fdac9a0f-7532-40d9-95d9-ea073710a349:192.168.5.181:36328, 2b67acc8-3b4a-436a-98ba-6479a7db268f:192.168.5.181:45450], old=null
2019-08-21 23:16:40,307 [5888b815-4d96-46ed-b33f-cc56843b4232:group-A8171C530498:LeaderElection11] INFO  impl.RoleInfo (RoleInfo.java:shutdownLeaderElection(134)) - 5888b815-4d96-46ed-b33f-cc56843b4232: shutdown LeaderElection
2019-08-21 23:16:40,307 [5888b815-4d96-46ed-b33f-cc56843b4232:group-A8171C530498:LeaderElection11] INFO  impl.RaftServerImpl (RaftServerImpl.java:setRole(171)) - 5888b815-4d96-46ed-b33f-cc56843b4232:group-A8171C530498 changes role from CANDIDATE to LEADER at term 1 for changeToLeader
2019-08-21 23:16:40,310 [5888b815-4d96-46ed-b33f-cc56843b4232:group-A8171C530498:LeaderElection11] INFO  impl.RaftServerImpl (ServerState.java:setLeader(263)) - 5888b815-4d96-46ed-b33f-cc56843b4232:group-A8171C530498 change Leader from null to 5888b815-4d96-46ed-b33f-cc56843b4232 at term 1 for becomeLeader, leader elected after 5180ms
2019-08-21 23:16:40,310 [5888b815-4d96-46ed-b33f-cc56843b4232:group-A8171C530498:LeaderElection11] INFO  server.RaftServerConfigKeys (ConfUtils.java:logGet(43)) - raft.server.staging.catchup.gap = 1000 (default)
2019-08-21 23:16:40,310 [5888b815-4d96-46ed-b33f-cc56843b4232:group-A8171C530498:LeaderElection11] INFO  server.RaftServerConfigKeys (ConfUtils.java:logGet(43)) - raft.server.rpc.sleep.time = 25ms (default)
2019-08-21 23:16:40,310 [5888b815-4d96-46ed-b33f-cc56843b4232:group-A8171C530498:LeaderElection11] INFO  server.RaftServerConfigKeys (ConfUtils.java:logGet(43)) - raft.server.write.element-limit = 4096 (default)
2019-08-21 23:16:40,311 [5888b815-4d96-46ed-b33f-cc56843b4232:group-A8171C530498:LeaderElection11] INFO  server.RaftServerConfigKeys (ConfUtils.java:logGet(43)) - raft.server.watch.timeout = 10s (default)
2019-08-21 23:16:40,311 [5888b815-4d96-46ed-b33f-cc56843b4232:group-A8171C530498:LeaderElection11] INFO  server.RaftServerConfigKeys (ConfUtils.java:logGet(43)) - raft.server.watch.timeout.denomination = 1s (default)
2019-08-21 23:16:40,312 [5888b815-4d96-46ed-b33f-cc56843b4232:group-A8171C530498:LeaderElection11] INFO  server.RaftServerConfigKeys (ConfUtils.java:logGet(43)) - raft.server.watch.element-limit = 65536 (default)
2019-08-21 23:16:40,313 [2b67acc8-3b4a-436a-98ba-6479a7db268f:group-A8171C530498:LeaderElection12] INFO  impl.LeaderElection (LeaderElection.java:logAndReturn(56)) - 2b67acc8-3b4a-436a-98ba-6479a7db268f:group-A8171C530498:LeaderElection12: Election REJECTED; received 2 response(s) [2b67acc8-3b4a-436a-98ba-6479a7db268f<-5888b815-4d96-46ed-b33f-cc56843b4232#0:FAIL-t1, 2b67acc8-3b4a-436a-98ba-6479a7db268f<-fdac9a0f-7532-40d9-95d9-ea073710a349#0:FAIL-t1] and 0 exception(s); 2b67acc8-3b4a-436a-98ba-6479a7db268f:t1, leader=null, voted=2b67acc8-3b4a-436a-98ba-6479a7db268f, raftlog=2b67acc8-3b4a-436a-98ba-6479a7db268f-SegmentedRaftLog:OPENED:c-1,f-1,i0, conf=-1: [5888b815-4d96-46ed-b33f-cc56843b4232:192.168.5.181:40479, fdac9a0f-7532-40d9-95d9-ea073710a349:192.168.5.181:36328, 2b67acc8-3b4a-436a-98ba-6479a7db268f:192.168.5.181:45450], old=null
2019-08-21 23:16:40,314 [2b67acc8-3b4a-436a-98ba-6479a7db268f:group-A8171C530498:LeaderElection12] INFO  impl.RaftServerImpl (RaftServerImpl.java:setRole(171)) - 2b67acc8-3b4a-436a-98ba-6479a7db268f:group-A8171C530498 changes role from CANDIDATE to FOLLOWER at term 1 for DISCOVERED_A_NEW_TERM
2019-08-21 23:16:40,322 [2b67acc8-3b4a-436a-98ba-6479a7db268f:group-A8171C530498:LeaderElection12] INFO  impl.RoleInfo (RoleInfo.java:shutdownLeaderElection(134)) - 2b67acc8-3b4a-436a-98ba-6479a7db268f: shutdown LeaderElection
2019-08-21 23:16:40,322 [2b67acc8-3b4a-436a-98ba-6479a7db268f:group-A8171C530498:LeaderElection12] INFO  impl.RoleInfo (RoleInfo.java:updateAndGet(143)) - 2b67acc8-3b4a-436a-98ba-6479a7db268f: start FollowerState
2019-08-21 23:16:40,324 [5888b815-4d96-46ed-b33f-cc56843b4232:group-A8171C530498:LeaderElection11] INFO  server.RaftServerConfigKeys (ConfUtils.java:logGet(43)) - raft.server.log.appender.snapshot.chunk.size.max = 16MB (=16777216) (default)
2019-08-21 23:16:40,326 [5888b815-4d96-46ed-b33f-cc56843b4232:group-A8171C530498:LeaderElection11] INFO  server.RaftServerConfigKeys (ConfUtils.java:logGet(43)) - raft.server.log.appender.buffer.byte-limit = 33554432 (custom)
2019-08-21 23:16:40,326 [5888b815-4d96-46ed-b33f-cc56843b4232:group-A8171C530498:LeaderElection11] INFO  server.RaftServerConfigKeys (ConfUtils.java:logGet(43)) - raft.server.log.appender.buffer.element-limit = 1 (custom)
2019-08-21 23:16:40,331 [5888b815-4d96-46ed-b33f-cc56843b4232:group-A8171C530498:LeaderElection11] INFO  grpc.GrpcConfigKeys$Server (ConfUtils.java:logGet(43)) - raft.grpc.server.leader.outstanding.appends.max = 128 (default)
2019-08-21 23:16:40,333 [5888b815-4d96-46ed-b33f-cc56843b4232:group-A8171C530498:LeaderElection11] INFO  server.RaftServerConfigKeys (ConfUtils.java:logGet(43)) - raft.server.rpc.request.timeout = 3000ms (default)
2019-08-21 23:16:40,333 [5888b815-4d96-46ed-b33f-cc56843b4232:group-A8171C530498:LeaderElection11] INFO  server.RaftServerConfigKeys (ConfUtils.java:logGet(43)) - raft.server.log.appender.install.snapshot.enabled = false (custom)
2019-08-21 23:16:40,333 [5888b815-4d96-46ed-b33f-cc56843b4232:group-A8171C530498:LeaderElection11] INFO  server.RaftServerConfigKeys (ConfUtils.java:logGet(43)) - raft.server.log.appender.snapshot.chunk.size.max = 16MB (=16777216) (default)
2019-08-21 23:16:40,333 [5888b815-4d96-46ed-b33f-cc56843b4232:group-A8171C530498:LeaderElection11] INFO  server.RaftServerConfigKeys (ConfUtils.java:logGet(43)) - raft.server.log.appender.buffer.byte-limit = 33554432 (custom)
2019-08-21 23:16:40,334 [5888b815-4d96-46ed-b33f-cc56843b4232:group-A8171C530498:LeaderElection11] INFO  server.RaftServerConfigKeys (ConfUtils.java:logGet(43)) - raft.server.log.appender.buffer.element-limit = 1 (custom)
2019-08-21 23:16:40,334 [5888b815-4d96-46ed-b33f-cc56843b4232:group-A8171C530498:LeaderElection11] INFO  grpc.GrpcConfigKeys$Server (ConfUtils.java:logGet(43)) - raft.grpc.server.leader.outstanding.appends.max = 128 (default)
2019-08-21 23:16:40,334 [5888b815-4d96-46ed-b33f-cc56843b4232:group-A8171C530498:LeaderElection11] INFO  server.RaftServerConfigKeys (ConfUtils.java:logGet(43)) - raft.server.rpc.request.timeout = 3000ms (default)
2019-08-21 23:16:40,334 [5888b815-4d96-46ed-b33f-cc56843b4232:group-A8171C530498:LeaderElection11] INFO  server.RaftServerConfigKeys (ConfUtils.java:logGet(43)) - raft.server.log.appender.install.snapshot.enabled = false (custom)
2019-08-21 23:16:40,336 [5888b815-4d96-46ed-b33f-cc56843b4232:group-A8171C530498:LeaderElection11] INFO  impl.RoleInfo (RoleInfo.java:updateAndGet(143)) - 5888b815-4d96-46ed-b33f-cc56843b4232: start LeaderState
2019-08-21 23:16:40,337 [5888b815-4d96-46ed-b33f-cc56843b4232:group-A8171C530498:LeaderElection11] INFO  segmented.SegmentedRaftLogWorker (SegmentedRaftLogWorker.java:startLogSegment(380)) - 5888b815-4d96-46ed-b33f-cc56843b4232-SegmentedRaftLogWorker:Storage Directory /workdir/hadoop-ozone/integration-test/target/test-dir/MiniOzoneClusterImpl-6d53a963-eed6-48f6-a374-011e20eb1423/datanode-4/data/ratis/c8175f95-4a9c-4581-96aa-a8171c530498: Starting segment from index:0
2019-08-21 23:16:40,338 [5888b815-4d96-46ed-b33f-cc56843b4232:group-A8171C530498:LeaderElection11] INFO  impl.RaftServerImpl (ServerState.java:setRaftConf(361)) - 5888b815-4d96-46ed-b33f-cc56843b4232:group-A8171C530498 set configuration 0: [5888b815-4d96-46ed-b33f-cc56843b4232:192.168.5.181:40479, fdac9a0f-7532-40d9-95d9-ea073710a349:192.168.5.181:36328, 2b67acc8-3b4a-436a-98ba-6479a7db268f:192.168.5.181:45450], old=null at 0
2019-08-21 23:16:40,381 [grpc-default-executor-2] INFO  impl.RaftServerImpl (ServerState.java:setLeader(263)) - fdac9a0f-7532-40d9-95d9-ea073710a349:group-A8171C530498 change Leader from null to 5888b815-4d96-46ed-b33f-cc56843b4232 at term 1 for appendEntries, leader elected after 5253ms
2019-08-21 23:16:40,381 [grpc-default-executor-1] INFO  impl.RaftServerImpl (ServerState.java:setLeader(263)) - 2b67acc8-3b4a-436a-98ba-6479a7db268f:group-A8171C530498 change Leader from null to 5888b815-4d96-46ed-b33f-cc56843b4232 at term 1 for appendEntries, leader elected after 5253ms
2019-08-21 23:16:40,400 [5888b815-4d96-46ed-b33f-cc56843b4232-SegmentedRaftLogWorker:Storage Directory /workdir/hadoop-ozone/integration-test/target/test-dir/MiniOzoneClusterImpl-6d53a963-eed6-48f6-a374-011e20eb1423/datanode-4/data/ratis/c8175f95-4a9c-4581-96aa-a8171c530498] INFO  segmented.SegmentedRaftLogWorker (SegmentedRaftLogWorker.java:execute(569)) - 5888b815-4d96-46ed-b33f-cc56843b4232-SegmentedRaftLogWorker:Storage Directory /workdir/hadoop-ozone/integration-test/target/test-dir/MiniOzoneClusterImpl-6d53a963-eed6-48f6-a374-011e20eb1423/datanode-4/data/ratis/c8175f95-4a9c-4581-96aa-a8171c530498: created new log segment /workdir/hadoop-ozone/integration-test/target/test-dir/MiniOzoneClusterImpl-6d53a963-eed6-48f6-a374-011e20eb1423/datanode-4/data/ratis/c8175f95-4a9c-4581-96aa-a8171c530498/current/log_inprogress_0
2019-08-21 23:16:40,416 [grpc-default-executor-1] INFO  impl.RaftServerImpl (ServerState.java:setRaftConf(361)) - fdac9a0f-7532-40d9-95d9-ea073710a349:group-A8171C530498 set configuration 0: [5888b815-4d96-46ed-b33f-cc56843b4232:192.168.5.181:40479, fdac9a0f-7532-40d9-95d9-ea073710a349:192.168.5.181:36328, 2b67acc8-3b4a-436a-98ba-6479a7db268f:192.168.5.181:45450], old=null at 0
2019-08-21 23:16:40,416 [grpc-default-executor-2] INFO  impl.RaftServerImpl (ServerState.java:setRaftConf(361)) - 2b67acc8-3b4a-436a-98ba-6479a7db268f:group-A8171C530498 set configuration 0: [5888b815-4d96-46ed-b33f-cc56843b4232:192.168.5.181:40479, fdac9a0f-7532-40d9-95d9-ea073710a349:192.168.5.181:36328, 2b67acc8-3b4a-436a-98ba-6479a7db268f:192.168.5.181:45450], old=null at 0
2019-08-21 23:16:40,417 [grpc-default-executor-1] INFO  segmented.SegmentedRaftLogWorker (SegmentedRaftLogWorker.java:startLogSegment(380)) - fdac9a0f-7532-40d9-95d9-ea073710a349-SegmentedRaftLogWorker:Storage Directory /workdir/hadoop-ozone/integration-test/target/test-dir/MiniOzoneClusterImpl-6d53a963-eed6-48f6-a374-011e20eb1423/datanode-0/data/ratis/c8175f95-4a9c-4581-96aa-a8171c530498: Starting segment from index:0
2019-08-21 23:16:40,418 [grpc-default-executor-2] INFO  segmented.SegmentedRaftLogWorker (SegmentedRaftLogWorker.java:startLogSegment(380)) - 2b67acc8-3b4a-436a-98ba-6479a7db268f-SegmentedRaftLogWorker:Storage Directory /workdir/hadoop-ozone/integration-test/target/test-dir/MiniOzoneClusterImpl-6d53a963-eed6-48f6-a374-011e20eb1423/datanode-6/data/ratis/c8175f95-4a9c-4581-96aa-a8171c530498: Starting segment from index:0
2019-08-21 23:16:40,470 [fdac9a0f-7532-40d9-95d9-ea073710a349-SegmentedRaftLogWorker:Storage Directory /workdir/hadoop-ozone/integration-test/target/test-dir/MiniOzoneClusterImpl-6d53a963-eed6-48f6-a374-011e20eb1423/datanode-0/data/ratis/c8175f95-4a9c-4581-96aa-a8171c530498] INFO  segmented.SegmentedRaftLogWorker (SegmentedRaftLogWorker.java:execute(569)) - fdac9a0f-7532-40d9-95d9-ea073710a349-SegmentedRaftLogWorker:Storage Directory /workdir/hadoop-ozone/integration-test/target/test-dir/MiniOzoneClusterImpl-6d53a963-eed6-48f6-a374-011e20eb1423/datanode-0/data/ratis/c8175f95-4a9c-4581-96aa-a8171c530498: created new log segment /workdir/hadoop-ozone/integration-test/target/test-dir/MiniOzoneClusterImpl-6d53a963-eed6-48f6-a374-011e20eb1423/datanode-0/data/ratis/c8175f95-4a9c-4581-96aa-a8171c530498/current/log_inprogress_0
2019-08-21 23:16:40,470 [2b67acc8-3b4a-436a-98ba-6479a7db268f-SegmentedRaftLogWorker:Storage Directory /workdir/hadoop-ozone/integration-test/target/test-dir/MiniOzoneClusterImpl-6d53a963-eed6-48f6-a374-011e20eb1423/datanode-6/data/ratis/c8175f95-4a9c-4581-96aa-a8171c530498] INFO  segmented.SegmentedRaftLogWorker (SegmentedRaftLogWorker.java:execute(569)) - 2b67acc8-3b4a-436a-98ba-6479a7db268f-SegmentedRaftLogWorker:Storage Directory /workdir/hadoop-ozone/integration-test/target/test-dir/MiniOzoneClusterImpl-6d53a963-eed6-48f6-a374-011e20eb1423/datanode-6/data/ratis/c8175f95-4a9c-4581-96aa-a8171c530498: created new log segment /workdir/hadoop-ozone/integration-test/target/test-dir/MiniOzoneClusterImpl-6d53a963-eed6-48f6-a374-011e20eb1423/datanode-6/data/ratis/c8175f95-4a9c-4581-96aa-a8171c530498/current/log_inprogress_0
2019-08-21 23:16:41,278 [grpc-default-executor-1] INFO  client.GrpcClientProtocolClient (GrpcClientProtocolClient.java:onNext(255)) - client-3690B94889F8->be7267f5-08d7-4de7-85bb-d794f700a7dd: receive RaftClientReply:client-3690B94889F8->be7267f5-08d7-4de7-85bb-d794f700a7dd@group-0F301184CFE7, cid=13, FAILED org.apache.ratis.protocol.NotLeaderException: Server be7267f5-08d7-4de7-85bb-d794f700a7dd is not the leader (null). Request must be sent to leader., logIndex=0, commits[be7267f5-08d7-4de7-85bb-d794f700a7dd:c-1]
2019-08-21 23:16:42,310 [grpc-default-executor-2] INFO  client.GrpcClientProtocolClient (GrpcClientProtocolClient.java:onNext(255)) - client-3690B94889F8->8240b2fd-00fc-40d9-9a44-40fb4e30c3a3: receive RaftClientReply:client-3690B94889F8->8240b2fd-00fc-40d9-9a44-40fb4e30c3a3@group-0F301184CFE7, cid=13, FAILED org.apache.ratis.protocol.NotLeaderException: Server 8240b2fd-00fc-40d9-9a44-40fb4e30c3a3 is not the leader (null). Request must be sent to leader., logIndex=0, commits[8240b2fd-00fc-40d9-9a44-40fb4e30c3a3:c-1]
2019-08-21 23:16:43,334 [grpc-default-executor-1] INFO  client.GrpcClientProtocolClient (GrpcClientProtocolClient.java:onNext(255)) - client-3690B94889F8->be7267f5-08d7-4de7-85bb-d794f700a7dd: receive RaftClientReply:client-3690B94889F8->be7267f5-08d7-4de7-85bb-d794f700a7dd@group-0F301184CFE7, cid=13, FAILED org.apache.ratis.protocol.NotLeaderException: Server be7267f5-08d7-4de7-85bb-d794f700a7dd is not the leader (null). Request must be sent to leader., logIndex=0, commits[be7267f5-08d7-4de7-85bb-d794f700a7dd:c-1]
2019-08-21 23:16:44,363 [grpc-default-executor-1] INFO  client.GrpcClientProtocolClient (GrpcClientProtocolClient.java:onNext(255)) - client-3690B94889F8->8240b2fd-00fc-40d9-9a44-40fb4e30c3a3: receive RaftClientReply:client-3690B94889F8->8240b2fd-00fc-40d9-9a44-40fb4e30c3a3@group-0F301184CFE7, cid=13, FAILED org.apache.ratis.protocol.NotLeaderException: Server 8240b2fd-00fc-40d9-9a44-40fb4e30c3a3 is not the leader (null). Request must be sent to leader., logIndex=0, commits[8240b2fd-00fc-40d9-9a44-40fb4e30c3a3:c-1]
2019-08-21 23:16:45,361 [Thread-326] INFO  impl.FollowerState (FollowerState.java:run(106)) - 30732d1c-ca6f-4dcf-aafc-9fae1e227f0f:group-0F301184CFE7 changes to CANDIDATE, lastRpcTime:5070, electionTimeout:5064ms
2019-08-21 23:16:45,364 [Thread-326] INFO  impl.RoleInfo (RoleInfo.java:shutdownFollowerState(121)) - 30732d1c-ca6f-4dcf-aafc-9fae1e227f0f: shutdown FollowerState
2019-08-21 23:16:45,364 [Thread-326] INFO  impl.RaftServerImpl (RaftServerImpl.java:setRole(171)) - 30732d1c-ca6f-4dcf-aafc-9fae1e227f0f:group-0F301184CFE7 changes role from FOLLOWER to CANDIDATE at term 1 for changeToCandidate
2019-08-21 23:16:45,364 [Thread-326] INFO  impl.RoleInfo (RoleInfo.java:updateAndGet(143)) - 30732d1c-ca6f-4dcf-aafc-9fae1e227f0f: start LeaderElection
2019-08-21 23:16:45,385 [Thread-328] INFO  impl.FollowerState (FollowerState.java:run(106)) - 8240b2fd-00fc-40d9-9a44-40fb4e30c3a3:group-0F301184CFE7 changes to CANDIDATE, lastRpcTime:5080, electionTimeout:5078ms
2019-08-21 23:16:45,386 [Thread-328] INFO  impl.RoleInfo (RoleInfo.java:shutdownFollowerState(121)) - 8240b2fd-00fc-40d9-9a44-40fb4e30c3a3: shutdown FollowerState
2019-08-21 23:16:45,386 [Thread-328] INFO  impl.RaftServerImpl (RaftServerImpl.java:setRole(171)) - 8240b2fd-00fc-40d9-9a44-40fb4e30c3a3:group-0F301184CFE7 changes role from FOLLOWER to CANDIDATE at term 1 for changeToCandidate
2019-08-21 23:16:45,387 [Thread-328] INFO  impl.RoleInfo (RoleInfo.java:updateAndGet(143)) - 8240b2fd-00fc-40d9-9a44-40fb4e30c3a3: start LeaderElection
2019-08-21 23:16:45,389 [grpc-default-executor-2] INFO  client.GrpcClientProtocolClient (GrpcClientProtocolClient.java:onNext(255)) - client-3690B94889F8->be7267f5-08d7-4de7-85bb-d794f700a7dd: receive RaftClientReply:client-3690B94889F8->be7267f5-08d7-4de7-85bb-d794f700a7dd@group-0F301184CFE7, cid=13, FAILED org.apache.ratis.protocol.NotLeaderException: Server be7267f5-08d7-4de7-85bb-d794f700a7dd is not the leader (null). Request must be sent to leader., logIndex=0, commits[be7267f5-08d7-4de7-85bb-d794f700a7dd:c-1]
2019-08-21 23:16:45,393 [30732d1c-ca6f-4dcf-aafc-9fae1e227f0f:group-0F301184CFE7:LeaderElection13] INFO  impl.LeaderElection (LeaderElection.java:askForVotes(181)) - 30732d1c-ca6f-4dcf-aafc-9fae1e227f0f:group-0F301184CFE7:LeaderElection13: begin an election at term 2 for -1: [30732d1c-ca6f-4dcf-aafc-9fae1e227f0f:192.168.5.181:35521, be7267f5-08d7-4de7-85bb-d794f700a7dd:192.168.5.181:38145, 8240b2fd-00fc-40d9-9a44-40fb4e30c3a3:192.168.5.181:34650], old=null
2019-08-21 23:16:45,403 [grpc-default-executor-2] INFO  impl.RaftServerImpl (RaftServerImpl.java:setRole(171)) - be7267f5-08d7-4de7-85bb-d794f700a7dd:group-0F301184CFE7 changes role from FOLLOWER to FOLLOWER at term 2 for recognizeCandidate:30732d1c-ca6f-4dcf-aafc-9fae1e227f0f
2019-08-21 23:16:45,413 [8240b2fd-00fc-40d9-9a44-40fb4e30c3a3:group-0F301184CFE7:LeaderElection14] INFO  impl.LeaderElection (LeaderElection.java:askForVotes(181)) - 8240b2fd-00fc-40d9-9a44-40fb4e30c3a3:group-0F301184CFE7:LeaderElection14: begin an election at term 2 for -1: [30732d1c-ca6f-4dcf-aafc-9fae1e227f0f:192.168.5.181:35521, be7267f5-08d7-4de7-85bb-d794f700a7dd:192.168.5.181:38145, 8240b2fd-00fc-40d9-9a44-40fb4e30c3a3:192.168.5.181:34650], old=null
2019-08-21 23:16:45,413 [grpc-default-executor-2] INFO  impl.RoleInfo (RoleInfo.java:shutdownFollowerState(121)) - be7267f5-08d7-4de7-85bb-d794f700a7dd: shutdown FollowerState
2019-08-21 23:16:45,413 [grpc-default-executor-2] INFO  impl.RoleInfo (RoleInfo.java:updateAndGet(143)) - be7267f5-08d7-4de7-85bb-d794f700a7dd: start FollowerState
2019-08-21 23:16:45,413 [Thread-327] INFO  impl.FollowerState (FollowerState.java:run(114)) - be7267f5-08d7-4de7-85bb-d794f700a7dd: FollowerState was interrupted: java.lang.InterruptedException: sleep interrupted
2019-08-21 23:16:45,429 [8240b2fd-00fc-40d9-9a44-40fb4e30c3a3:group-0F301184CFE7:LeaderElection14] INFO  impl.LeaderElection (LeaderElection.java:logAndReturn(56)) - 8240b2fd-00fc-40d9-9a44-40fb4e30c3a3:group-0F301184CFE7:LeaderElection14: Election REJECTED; received 2 response(s) [8240b2fd-00fc-40d9-9a44-40fb4e30c3a3<-30732d1c-ca6f-4dcf-aafc-9fae1e227f0f#0:FAIL-t2, 8240b2fd-00fc-40d9-9a44-40fb4e30c3a3<-be7267f5-08d7-4de7-85bb-d794f700a7dd#0:FAIL-t2] and 0 exception(s); 8240b2fd-00fc-40d9-9a44-40fb4e30c3a3:t2, leader=null, voted=8240b2fd-00fc-40d9-9a44-40fb4e30c3a3, raftlog=8240b2fd-00fc-40d9-9a44-40fb4e30c3a3-SegmentedRaftLog:OPENED:c-1,f-1,i0, conf=-1: [30732d1c-ca6f-4dcf-aafc-9fae1e227f0f:192.168.5.181:35521, be7267f5-08d7-4de7-85bb-d794f700a7dd:192.168.5.181:38145, 8240b2fd-00fc-40d9-9a44-40fb4e30c3a3:192.168.5.181:34650], old=null
2019-08-21 23:16:45,430 [8240b2fd-00fc-40d9-9a44-40fb4e30c3a3:group-0F301184CFE7:LeaderElection14] INFO  impl.RaftServerImpl (RaftServerImpl.java:setRole(171)) - 8240b2fd-00fc-40d9-9a44-40fb4e30c3a3:group-0F301184CFE7 changes role from CANDIDATE to FOLLOWER at term 2 for DISCOVERED_A_NEW_TERM
2019-08-21 23:16:45,434 [8240b2fd-00fc-40d9-9a44-40fb4e30c3a3:group-0F301184CFE7:LeaderElection14] INFO  impl.RoleInfo (RoleInfo.java:shutdownLeaderElection(134)) - 8240b2fd-00fc-40d9-9a44-40fb4e30c3a3: shutdown LeaderElection
2019-08-21 23:16:45,438 [30732d1c-ca6f-4dcf-aafc-9fae1e227f0f:group-0F301184CFE7:LeaderElection13] INFO  impl.LeaderElection (LeaderElection.java:logAndReturn(56)) - 30732d1c-ca6f-4dcf-aafc-9fae1e227f0f:group-0F301184CFE7:LeaderElection13: Election PASSED; received 2 response(s) [30732d1c-ca6f-4dcf-aafc-9fae1e227f0f<-be7267f5-08d7-4de7-85bb-d794f700a7dd#0:OK-t2, 30732d1c-ca6f-4dcf-aafc-9fae1e227f0f<-8240b2fd-00fc-40d9-9a44-40fb4e30c3a3#0:FAIL-t2] and 0 exception(s); 30732d1c-ca6f-4dcf-aafc-9fae1e227f0f:t2, leader=null, voted=30732d1c-ca6f-4dcf-aafc-9fae1e227f0f, raftlog=30732d1c-ca6f-4dcf-aafc-9fae1e227f0f-SegmentedRaftLog:OPENED:c-1,f-1,i0, conf=-1: [30732d1c-ca6f-4dcf-aafc-9fae1e227f0f:192.168.5.181:35521, be7267f5-08d7-4de7-85bb-d794f700a7dd:192.168.5.181:38145, 8240b2fd-00fc-40d9-9a44-40fb4e30c3a3:192.168.5.181:34650], old=null
2019-08-21 23:16:45,438 [8240b2fd-00fc-40d9-9a44-40fb4e30c3a3:group-0F301184CFE7:LeaderElection14] INFO  impl.RoleInfo (RoleInfo.java:updateAndGet(143)) - 8240b2fd-00fc-40d9-9a44-40fb4e30c3a3: start FollowerState
2019-08-21 23:16:45,440 [30732d1c-ca6f-4dcf-aafc-9fae1e227f0f:group-0F301184CFE7:LeaderElection13] INFO  impl.RoleInfo (RoleInfo.java:shutdownLeaderElection(134)) - 30732d1c-ca6f-4dcf-aafc-9fae1e227f0f: shutdown LeaderElection
2019-08-21 23:16:45,444 [30732d1c-ca6f-4dcf-aafc-9fae1e227f0f:group-0F301184CFE7:LeaderElection13] INFO  impl.RaftServerImpl (RaftServerImpl.java:setRole(171)) - 30732d1c-ca6f-4dcf-aafc-9fae1e227f0f:group-0F301184CFE7 changes role from CANDIDATE to LEADER at term 2 for changeToLeader
2019-08-21 23:16:45,444 [30732d1c-ca6f-4dcf-aafc-9fae1e227f0f:group-0F301184CFE7:LeaderElection13] INFO  impl.RaftServerImpl (ServerState.java:setLeader(263)) - 30732d1c-ca6f-4dcf-aafc-9fae1e227f0f:group-0F301184CFE7 change Leader from null to 30732d1c-ca6f-4dcf-aafc-9fae1e227f0f at term 2 for becomeLeader, leader elected after 10413ms
2019-08-21 23:16:45,444 [30732d1c-ca6f-4dcf-aafc-9fae1e227f0f:group-0F301184CFE7:LeaderElection13] INFO  server.RaftServerConfigKeys (ConfUtils.java:logGet(43)) - raft.server.staging.catchup.gap = 1000 (default)
2019-08-21 23:16:45,445 [30732d1c-ca6f-4dcf-aafc-9fae1e227f0f:group-0F301184CFE7:LeaderElection13] INFO  server.RaftServerConfigKeys (ConfUtils.java:logGet(43)) - raft.server.rpc.sleep.time = 25ms (default)
2019-08-21 23:16:45,445 [30732d1c-ca6f-4dcf-aafc-9fae1e227f0f:group-0F301184CFE7:LeaderElection13] INFO  server.RaftServerConfigKeys (ConfUtils.java:logGet(43)) - raft.server.write.element-limit = 4096 (default)
2019-08-21 23:16:45,445 [30732d1c-ca6f-4dcf-aafc-9fae1e227f0f:group-0F301184CFE7:LeaderElection13] INFO  server.RaftServerConfigKeys (ConfUtils.java:logGet(43)) - raft.server.watch.timeout = 10s (default)
2019-08-21 23:16:45,445 [30732d1c-ca6f-4dcf-aafc-9fae1e227f0f:group-0F301184CFE7:LeaderElection13] INFO  server.RaftServerConfigKeys (ConfUtils.java:logGet(43)) - raft.server.watch.timeout.denomination = 1s (default)
2019-08-21 23:16:45,445 [30732d1c-ca6f-4dcf-aafc-9fae1e227f0f:group-0F301184CFE7:LeaderElection13] INFO  server.RaftServerConfigKeys (ConfUtils.java:logGet(43)) - raft.server.watch.element-limit = 65536 (default)
2019-08-21 23:16:45,446 [30732d1c-ca6f-4dcf-aafc-9fae1e227f0f:group-0F301184CFE7:LeaderElection13] INFO  server.RaftServerConfigKeys (ConfUtils.java:logGet(43)) - raft.server.log.appender.snapshot.chunk.size.max = 16MB (=16777216) (default)
2019-08-21 23:16:45,446 [30732d1c-ca6f-4dcf-aafc-9fae1e227f0f:group-0F301184CFE7:LeaderElection13] INFO  server.RaftServerConfigKeys (ConfUtils.java:logGet(43)) - raft.server.log.appender.buffer.byte-limit = 33554432 (custom)
2019-08-21 23:16:45,446 [30732d1c-ca6f-4dcf-aafc-9fae1e227f0f:group-0F301184CFE7:LeaderElection13] INFO  server.RaftServerConfigKeys (ConfUtils.java:logGet(43)) - raft.server.log.appender.buffer.element-limit = 1 (custom)
2019-08-21 23:16:45,446 [30732d1c-ca6f-4dcf-aafc-9fae1e227f0f:group-0F301184CFE7:LeaderElection13] INFO  grpc.GrpcConfigKeys$Server (ConfUtils.java:logGet(43)) - raft.grpc.server.leader.outstanding.appends.max = 128 (default)
2019-08-21 23:16:45,446 [30732d1c-ca6f-4dcf-aafc-9fae1e227f0f:group-0F301184CFE7:LeaderElection13] INFO  server.RaftServerConfigKeys (ConfUtils.java:logGet(43)) - raft.server.rpc.request.timeout = 3000ms (default)
2019-08-21 23:16:45,447 [30732d1c-ca6f-4dcf-aafc-9fae1e227f0f:group-0F301184CFE7:LeaderElection13] INFO  server.RaftServerConfigKeys (ConfUtils.java:logGet(43)) - raft.server.log.appender.install.snapshot.enabled = false (custom)
2019-08-21 23:16:45,447 [30732d1c-ca6f-4dcf-aafc-9fae1e227f0f:group-0F301184CFE7:LeaderElection13] INFO  server.RaftServerConfigKeys (ConfUtils.java:logGet(43)) - raft.server.log.appender.snapshot.chunk.size.max = 16MB (=16777216) (default)
2019-08-21 23:16:45,447 [30732d1c-ca6f-4dcf-aafc-9fae1e227f0f:group-0F301184CFE7:LeaderElection13] INFO  server.RaftServerConfigKeys (ConfUtils.java:logGet(43)) - raft.server.log.appender.buffer.byte-limit = 33554432 (custom)
2019-08-21 23:16:45,447 [30732d1c-ca6f-4dcf-aafc-9fae1e227f0f:group-0F301184CFE7:LeaderElection13] INFO  server.RaftServerConfigKeys (ConfUtils.java:logGet(43)) - raft.server.log.appender.buffer.element-limit = 1 (custom)
2019-08-21 23:16:45,447 [30732d1c-ca6f-4dcf-aafc-9fae1e227f0f:group-0F301184CFE7:LeaderElection13] INFO  grpc.GrpcConfigKeys$Server (ConfUtils.java:logGet(43)) - raft.grpc.server.leader.outstanding.appends.max = 128 (default)
2019-08-21 23:16:45,447 [30732d1c-ca6f-4dcf-aafc-9fae1e227f0f:group-0F301184CFE7:LeaderElection13] INFO  server.RaftServerConfigKeys (ConfUtils.java:logGet(43)) - raft.server.rpc.request.timeout = 3000ms (default)
2019-08-21 23:16:45,447 [30732d1c-ca6f-4dcf-aafc-9fae1e227f0f:group-0F301184CFE7:LeaderElection13] INFO  server.RaftServerConfigKeys (ConfUtils.java:logGet(43)) - raft.server.log.appender.install.snapshot.enabled = false (custom)
2019-08-21 23:16:45,448 [30732d1c-ca6f-4dcf-aafc-9fae1e227f0f:group-0F301184CFE7:LeaderElection13] INFO  impl.RoleInfo (RoleInfo.java:updateAndGet(143)) - 30732d1c-ca6f-4dcf-aafc-9fae1e227f0f: start LeaderState
2019-08-21 23:16:45,448 [30732d1c-ca6f-4dcf-aafc-9fae1e227f0f:group-0F301184CFE7:LeaderElection13] INFO  segmented.SegmentedRaftLogWorker (SegmentedRaftLogWorker.java:startLogSegment(380)) - 30732d1c-ca6f-4dcf-aafc-9fae1e227f0f-SegmentedRaftLogWorker:Storage Directory /workdir/hadoop-ozone/integration-test/target/test-dir/MiniOzoneClusterImpl-6d53a963-eed6-48f6-a374-011e20eb1423/datanode-2/data/ratis/c583b836-617e-4da1-a659-0f301184cfe7: Starting segment from index:0
2019-08-21 23:16:45,449 [30732d1c-ca6f-4dcf-aafc-9fae1e227f0f:group-0F301184CFE7:LeaderElection13] INFO  impl.RaftServerImpl (ServerState.java:setRaftConf(361)) - 30732d1c-ca6f-4dcf-aafc-9fae1e227f0f:group-0F301184CFE7 set configuration 0: [30732d1c-ca6f-4dcf-aafc-9fae1e227f0f:192.168.5.181:35521, be7267f5-08d7-4de7-85bb-d794f700a7dd:192.168.5.181:38145, 8240b2fd-00fc-40d9-9a44-40fb4e30c3a3:192.168.5.181:34650], old=null at 0
2019-08-21 23:16:45,478 [grpc-default-executor-2] INFO  impl.RaftServerImpl (ServerState.java:setLeader(263)) - 8240b2fd-00fc-40d9-9a44-40fb4e30c3a3:group-0F301184CFE7 change Leader from null to 30732d1c-ca6f-4dcf-aafc-9fae1e227f0f at term 2 for appendEntries, leader elected after 10454ms
2019-08-21 23:16:45,478 [grpc-default-executor-1] INFO  impl.RaftServerImpl (ServerState.java:setLeader(263)) - be7267f5-08d7-4de7-85bb-d794f700a7dd:group-0F301184CFE7 change Leader from null to 30732d1c-ca6f-4dcf-aafc-9fae1e227f0f at term 2 for appendEntries, leader elected after 10447ms
2019-08-21 23:16:45,482 [grpc-default-executor-1] INFO  impl.RaftServerImpl (ServerState.java:setRaftConf(361)) - 8240b2fd-00fc-40d9-9a44-40fb4e30c3a3:group-0F301184CFE7 set configuration 0: [30732d1c-ca6f-4dcf-aafc-9fae1e227f0f:192.168.5.181:35521, be7267f5-08d7-4de7-85bb-d794f700a7dd:192.168.5.181:38145, 8240b2fd-00fc-40d9-9a44-40fb4e30c3a3:192.168.5.181:34650], old=null at 0
2019-08-21 23:16:45,483 [grpc-default-executor-1] INFO  segmented.SegmentedRaftLogWorker (SegmentedRaftLogWorker.java:startLogSegment(380)) - 8240b2fd-00fc-40d9-9a44-40fb4e30c3a3-SegmentedRaftLogWorker:Storage Directory /workdir/hadoop-ozone/integration-test/target/test-dir/MiniOzoneClusterImpl-6d53a963-eed6-48f6-a374-011e20eb1423/datanode-1/data/ratis/c583b836-617e-4da1-a659-0f301184cfe7: Starting segment from index:0
2019-08-21 23:16:45,483 [grpc-default-executor-2] INFO  impl.RaftServerImpl (ServerState.java:setRaftConf(361)) - be7267f5-08d7-4de7-85bb-d794f700a7dd:group-0F301184CFE7 set configuration 0: [30732d1c-ca6f-4dcf-aafc-9fae1e227f0f:192.168.5.181:35521, be7267f5-08d7-4de7-85bb-d794f700a7dd:192.168.5.181:38145, 8240b2fd-00fc-40d9-9a44-40fb4e30c3a3:192.168.5.181:34650], old=null at 0
2019-08-21 23:16:45,483 [grpc-default-executor-2] INFO  segmented.SegmentedRaftLogWorker (SegmentedRaftLogWorker.java:startLogSegment(380)) - be7267f5-08d7-4de7-85bb-d794f700a7dd-SegmentedRaftLogWorker:Storage Directory /workdir/hadoop-ozone/integration-test/target/test-dir/MiniOzoneClusterImpl-6d53a963-eed6-48f6-a374-011e20eb1423/datanode-5/data/ratis/c583b836-617e-4da1-a659-0f301184cfe7: Starting segment from index:0
2019-08-21 23:16:45,487 [30732d1c-ca6f-4dcf-aafc-9fae1e227f0f-SegmentedRaftLogWorker:Storage Directory /workdir/hadoop-ozone/integration-test/target/test-dir/MiniOzoneClusterImpl-6d53a963-eed6-48f6-a374-011e20eb1423/datanode-2/data/ratis/c583b836-617e-4da1-a659-0f301184cfe7] INFO  segmented.SegmentedRaftLogWorker (SegmentedRaftLogWorker.java:execute(569)) - 30732d1c-ca6f-4dcf-aafc-9fae1e227f0f-SegmentedRaftLogWorker:Storage Directory /workdir/hadoop-ozone/integration-test/target/test-dir/MiniOzoneClusterImpl-6d53a963-eed6-48f6-a374-011e20eb1423/datanode-2/data/ratis/c583b836-617e-4da1-a659-0f301184cfe7: created new log segment /workdir/hadoop-ozone/integration-test/target/test-dir/MiniOzoneClusterImpl-6d53a963-eed6-48f6-a374-011e20eb1423/datanode-2/data/ratis/c583b836-617e-4da1-a659-0f301184cfe7/current/log_inprogress_0
2019-08-21 23:16:45,523 [8240b2fd-00fc-40d9-9a44-40fb4e30c3a3-SegmentedRaftLogWorker:Storage Directory /workdir/hadoop-ozone/integration-test/target/test-dir/MiniOzoneClusterImpl-6d53a963-eed6-48f6-a374-011e20eb1423/datanode-1/data/ratis/c583b836-617e-4da1-a659-0f301184cfe7] INFO  segmented.SegmentedRaftLogWorker (SegmentedRaftLogWorker.java:execute(569)) - 8240b2fd-00fc-40d9-9a44-40fb4e30c3a3-SegmentedRaftLogWorker:Storage Directory /workdir/hadoop-ozone/integration-test/target/test-dir/MiniOzoneClusterImpl-6d53a963-eed6-48f6-a374-011e20eb1423/datanode-1/data/ratis/c583b836-617e-4da1-a659-0f301184cfe7: created new log segment /workdir/hadoop-ozone/integration-test/target/test-dir/MiniOzoneClusterImpl-6d53a963-eed6-48f6-a374-011e20eb1423/datanode-1/data/ratis/c583b836-617e-4da1-a659-0f301184cfe7/current/log_inprogress_0
2019-08-21 23:16:45,523 [be7267f5-08d7-4de7-85bb-d794f700a7dd-SegmentedRaftLogWorker:Storage Directory /workdir/hadoop-ozone/integration-test/target/test-dir/MiniOzoneClusterImpl-6d53a963-eed6-48f6-a374-011e20eb1423/datanode-5/data/ratis/c583b836-617e-4da1-a659-0f301184cfe7] INFO  segmented.SegmentedRaftLogWorker (SegmentedRaftLogWorker.java:execute(569)) - be7267f5-08d7-4de7-85bb-d794f700a7dd-SegmentedRaftLogWorker:Storage Directory /workdir/hadoop-ozone/integration-test/target/test-dir/MiniOzoneClusterImpl-6d53a963-eed6-48f6-a374-011e20eb1423/datanode-5/data/ratis/c583b836-617e-4da1-a659-0f301184cfe7: created new log segment /workdir/hadoop-ozone/integration-test/target/test-dir/MiniOzoneClusterImpl-6d53a963-eed6-48f6-a374-011e20eb1423/datanode-5/data/ratis/c583b836-617e-4da1-a659-0f301184cfe7/current/log_inprogress_0
2019-08-21 23:16:46,657 [grpc-default-executor-1] INFO  client.GrpcClientProtocolClient (GrpcClientProtocolClient.java:onNext(255)) - client-3690B94889F8->30732d1c-ca6f-4dcf-aafc-9fae1e227f0f: receive RaftClientReply:client-3690B94889F8->30732d1c-ca6f-4dcf-aafc-9fae1e227f0f@group-0F301184CFE7, cid=13, SUCCESS, logIndex=1, commits[30732d1c-ca6f-4dcf-aafc-9fae1e227f0f:c2, be7267f5-08d7-4de7-85bb-d794f700a7dd:c1, 8240b2fd-00fc-40d9-9a44-40fb4e30c3a3:c1]
2019-08-21 23:16:46,662 [main] INFO  datanode.ObjectStoreHandler (ObjectStoreHandler.java:close(155)) - Closing ObjectStoreHandler.
2019-08-21 23:16:46,663 [main] INFO  ozone.HddsDatanodeService (HddsDatanodeService.java:stop(451)) - Stopped plug-in org.apache.hadoop.ozone.web.OzoneHddsDatanodeService@269222ae
2019-08-21 23:16:47,620 [Datanode State Machine Thread - 0] INFO  statemachine.DatanodeStateMachine (DatanodeStateMachine.java:lambda$startDaemon$0(350)) - Ozone container server started.
2019-08-21 23:16:51,665 [main] INFO  ozoneimpl.OzoneContainer (OzoneContainer.java:stop(199)) - Attempting to stop container services.
2019-08-21 23:16:51,666 [main] INFO  impl.RaftServerProxy (RaftServerProxy.java:lambda$close$4(314)) - 30732d1c-ca6f-4dcf-aafc-9fae1e227f0f: close
2019-08-21 23:16:51,668 [main] INFO  impl.RaftServerImpl (RaftServerImpl.java:lambda$shutdown$3(245)) - 30732d1c-ca6f-4dcf-aafc-9fae1e227f0f: shutdown group-0F301184CFE7
2019-08-21 23:16:51,668 [main] INFO  util.JmxRegister (JmxRegister.java:unregister(73)) - Successfully un-registered JMX Bean with object name Ratis:service=RaftServer,group=group-0F301184CFE7,id=30732d1c-ca6f-4dcf-aafc-9fae1e227f0f
2019-08-21 23:16:51,669 [main] INFO  impl.RoleInfo (RoleInfo.java:shutdownLeaderState(104)) - 30732d1c-ca6f-4dcf-aafc-9fae1e227f0f: shutdown LeaderState
2019-08-21 23:16:51,674 [main] INFO  impl.PendingRequests (PendingRequests.java:sendNotLeaderResponses(202)) - 30732d1c-ca6f-4dcf-aafc-9fae1e227f0f-PendingRequests: sendNotLeaderResponses
2019-08-21 23:16:51,674 [org.apache.ratis.server.impl.LogAppender$AppenderDaemon$$Lambda$433/1556030674@1424f7df] WARN  server.GrpcLogAppender (GrpcLogAppender.java:mayWait(143)) - GrpcLogAppender(30732d1c-ca6f-4dcf-aafc-9fae1e227f0f->8240b2fd-00fc-40d9-9a44-40fb4e30c3a3): Wait interrupted by java.lang.InterruptedException
2019-08-21 23:16:51,674 [org.apache.ratis.server.impl.LogAppender$AppenderDaemon$$Lambda$433/1556030674@5126739f] WARN  server.GrpcLogAppender (GrpcLogAppender.java:mayWait(143)) - GrpcLogAppender(30732d1c-ca6f-4dcf-aafc-9fae1e227f0f->be7267f5-08d7-4de7-85bb-d794f700a7dd): Wait interrupted by java.lang.InterruptedException
2019-08-21 23:16:51,684 [grpc-default-executor-2] INFO  server.GrpcServerProtocolService (GrpcServerProtocolService.java:onCompleted(104)) - be7267f5-08d7-4de7-85bb-d794f700a7dd: appendEntries completed
2019-08-21 23:16:51,685 [grpc-default-executor-1] INFO  server.GrpcServerProtocolService (GrpcServerProtocolService.java:onCompleted(104)) - 8240b2fd-00fc-40d9-9a44-40fb4e30c3a3: appendEntries completed
2019-08-21 23:16:51,694 [main] INFO  impl.StateMachineUpdater (StateMachineUpdater.java:stopAndJoin(115)) - StateMachineUpdater:30732d1c-ca6f-4dcf-aafc-9fae1e227f0f:group-0F301184CFE7: set stopIndex = 2
2019-08-21 23:16:51,694 [StateMachineUpdater:30732d1c-ca6f-4dcf-aafc-9fae1e227f0f:group-0F301184CFE7] INFO  ratis.ContainerStateMachine (ContainerStateMachine.java:takeSnapshot(271)) - group-0F301184CFE7: Taking a snapshot at:(t:2, i:2) file /workdir/hadoop-ozone/integration-test/target/test-dir/MiniOzoneClusterImpl-6d53a963-eed6-48f6-a374-011e20eb1423/datanode-2/data/ratis/c583b836-617e-4da1-a659-0f301184cfe7/sm/snapshot.2_2
2019-08-21 23:16:51,699 [grpc-default-executor-2] INFO  server.GrpcLogAppender (GrpcLogAppender.java:onCompleted(292)) - 30732d1c-ca6f-4dcf-aafc-9fae1e227f0f->8240b2fd-00fc-40d9-9a44-40fb4e30c3a3: follower responses appendEntries COMPLETED
2019-08-21 23:16:51,701 [grpc-default-executor-1] INFO  server.GrpcLogAppender (GrpcLogAppender.java:onCompleted(292)) - 30732d1c-ca6f-4dcf-aafc-9fae1e227f0f->be7267f5-08d7-4de7-85bb-d794f700a7dd: follower responses appendEntries COMPLETED
2019-08-21 23:16:51,704 [grpc-default-executor-2] INFO  impl.FollowerInfo (FollowerInfo.java:lambda$new$0(50)) - 30732d1c-ca6f-4dcf-aafc-9fae1e227f0f->8240b2fd-00fc-40d9-9a44-40fb4e30c3a3: nextIndex: updateUnconditionally 3 -> 2
2019-08-21 23:16:51,704 [grpc-default-executor-1] INFO  impl.FollowerInfo (FollowerInfo.java:lambda$new$0(50)) - 30732d1c-ca6f-4dcf-aafc-9fae1e227f0f->be7267f5-08d7-4de7-85bb-d794f700a7dd: nextIndex: updateUnconditionally 3 -> 2
2019-08-21 23:16:51,717 [StateMachineUpdater:30732d1c-ca6f-4dcf-aafc-9fae1e227f0f:group-0F301184CFE7] INFO  ratis.ContainerStateMachine (ContainerStateMachine.java:takeSnapshot(282)) - group-0F301184CFE7: Finished taking a snapshot at:(t:2, i:2) file:/workdir/hadoop-ozone/integration-test/target/test-dir/MiniOzoneClusterImpl-6d53a963-eed6-48f6-a374-011e20eb1423/datanode-2/data/ratis/c583b836-617e-4da1-a659-0f301184cfe7/sm/snapshot.2_2 time:23
2019-08-21 23:16:51,717 [StateMachineUpdater:30732d1c-ca6f-4dcf-aafc-9fae1e227f0f:group-0F301184CFE7] INFO  impl.StateMachineUpdater (StateMachineUpdater.java:takeSnapshot(242)) - StateMachineUpdater:30732d1c-ca6f-4dcf-aafc-9fae1e227f0f:group-0F301184CFE7: Took a snapshot at index 2
2019-08-21 23:16:51,719 [StateMachineUpdater:30732d1c-ca6f-4dcf-aafc-9fae1e227f0f:group-0F301184CFE7] INFO  impl.StateMachineUpdater (StateMachineUpdater.java:lambda$new$0(80)) - StateMachineUpdater:30732d1c-ca6f-4dcf-aafc-9fae1e227f0f:group-0F301184CFE7: snapshotIndex: updateIncreasingly -1 -> 2
2019-08-21 23:16:51,726 [main] INFO  impl.RaftServerImpl (ServerState.java:close(394)) - 30732d1c-ca6f-4dcf-aafc-9fae1e227f0f:group-0F301184CFE7 closes. The last applied log index is 2
2019-08-21 23:16:51,728 [30732d1c-ca6f-4dcf-aafc-9fae1e227f0f-SegmentedRaftLogWorker:Storage Directory /workdir/hadoop-ozone/integration-test/target/test-dir/MiniOzoneClusterImpl-6d53a963-eed6-48f6-a374-011e20eb1423/datanode-2/data/ratis/c583b836-617e-4da1-a659-0f301184cfe7] INFO  segmented.SegmentedRaftLogWorker (SegmentedRaftLogWorker.java:run(313)) - 30732d1c-ca6f-4dcf-aafc-9fae1e227f0f-SegmentedRaftLogWorker:Storage Directory /workdir/hadoop-ozone/integration-test/target/test-dir/MiniOzoneClusterImpl-6d53a963-eed6-48f6-a374-011e20eb1423/datanode-2/data/ratis/c583b836-617e-4da1-a659-0f301184cfe7 was interrupted, exiting. There are 0 tasks remaining in the queue.
2019-08-21 23:16:51,729 [main] INFO  segmented.SegmentedRaftLogWorker (SegmentedRaftLogWorker.java:close(228)) - 30732d1c-ca6f-4dcf-aafc-9fae1e227f0f-SegmentedRaftLogWorker:Storage Directory /workdir/hadoop-ozone/integration-test/target/test-dir/MiniOzoneClusterImpl-6d53a963-eed6-48f6-a374-011e20eb1423/datanode-2/data/ratis/c583b836-617e-4da1-a659-0f301184cfe7 close()
2019-08-21 23:16:51,733 [main] INFO  impl.RaftServerImpl (RaftServerImpl.java:lambda$shutdown$3(245)) - 30732d1c-ca6f-4dcf-aafc-9fae1e227f0f: shutdown group-C3BA3B980151
2019-08-21 23:16:51,733 [main] INFO  util.JmxRegister (JmxRegister.java:unregister(73)) - Successfully un-registered JMX Bean with object name Ratis:service=RaftServer,group=group-C3BA3B980151,id=30732d1c-ca6f-4dcf-aafc-9fae1e227f0f
2019-08-21 23:16:51,734 [main] INFO  impl.RoleInfo (RoleInfo.java:shutdownLeaderState(104)) - 30732d1c-ca6f-4dcf-aafc-9fae1e227f0f: shutdown LeaderState
2019-08-21 23:16:51,734 [main] INFO  impl.PendingRequests (PendingRequests.java:sendNotLeaderResponses(202)) - 30732d1c-ca6f-4dcf-aafc-9fae1e227f0f-PendingRequests: sendNotLeaderResponses
2019-08-21 23:16:51,734 [main] INFO  impl.StateMachineUpdater (StateMachineUpdater.java:stopAndJoin(115)) - StateMachineUpdater:30732d1c-ca6f-4dcf-aafc-9fae1e227f0f:group-C3BA3B980151: set stopIndex = 0
2019-08-21 23:16:51,735 [main] INFO  impl.RaftServerImpl (ServerState.java:close(394)) - 30732d1c-ca6f-4dcf-aafc-9fae1e227f0f:group-C3BA3B980151 closes. The last applied log index is 0
2019-08-21 23:16:51,735 [30732d1c-ca6f-4dcf-aafc-9fae1e227f0f-SegmentedRaftLogWorker:Storage Directory /workdir/hadoop-ozone/integration-test/target/test-dir/MiniOzoneClusterImpl-6d53a963-eed6-48f6-a374-011e20eb1423/datanode-2/data/ratis/3e8b6320-90eb-40f2-b3a6-c3ba3b980151] INFO  segmented.SegmentedRaftLogWorker (SegmentedRaftLogWorker.java:run(313)) - 30732d1c-ca6f-4dcf-aafc-9fae1e227f0f-SegmentedRaftLogWorker:Storage Directory /workdir/hadoop-ozone/integration-test/target/test-dir/MiniOzoneClusterImpl-6d53a963-eed6-48f6-a374-011e20eb1423/datanode-2/data/ratis/3e8b6320-90eb-40f2-b3a6-c3ba3b980151 was interrupted, exiting. There are 0 tasks remaining in the queue.
2019-08-21 23:16:51,737 [main] INFO  segmented.SegmentedRaftLogWorker (SegmentedRaftLogWorker.java:close(228)) - 30732d1c-ca6f-4dcf-aafc-9fae1e227f0f-SegmentedRaftLogWorker:Storage Directory /workdir/hadoop-ozone/integration-test/target/test-dir/MiniOzoneClusterImpl-6d53a963-eed6-48f6-a374-011e20eb1423/datanode-2/data/ratis/3e8b6320-90eb-40f2-b3a6-c3ba3b980151 close()
2019-08-21 23:16:51,740 [main] INFO  server.GrpcService (GrpcService.java:closeImpl(155)) - 30732d1c-ca6f-4dcf-aafc-9fae1e227f0f: shutdown server with port 35521 now
2019-08-21 23:16:51,744 [main] INFO  server.GrpcService (GrpcService.java:closeImpl(163)) - 30732d1c-ca6f-4dcf-aafc-9fae1e227f0f: shutdown server with port 35521 successfully
2019-08-21 23:16:51,748 [main] INFO  utils.BackgroundService (BackgroundService.java:shutdown(148)) - Shutting down service BlockDeletingService
2019-08-21 23:16:51,750 [refreshUsed-/workdir/hadoop-ozone/integration-test/target/test-dir/MiniOzoneClusterImpl-6d53a963-eed6-48f6-a374-011e20eb1423/datanode-2/data/containers] WARN  fs.CachingGetSpaceUsed (CachingGetSpaceUsed.java:run(183)) - Thread Interrupted waiting to refresh disk information: sleep interrupted
2019-08-21 23:16:51,768 [main] INFO  statemachine.DatanodeStateMachine (DatanodeStateMachine.java:stopDaemon(395)) - Ozone container server stopped.
2019-08-21 23:16:51,772 [main] INFO  handler.ContextHandler (ContextHandler.java:doStop(910)) - Stopped o.e.j.w.WebAppContext@217235f5{/,null,UNAVAILABLE}{/hddsDatanode}
2019-08-21 23:16:51,777 [main] INFO  server.AbstractConnector (AbstractConnector.java:doStop(318)) - Stopped ServerConnector@4b41587d{HTTP/1.1,[http/1.1]}{0.0.0.0:0}
2019-08-21 23:16:51,777 [main] INFO  handler.ContextHandler (ContextHandler.java:doStop(910)) - Stopped o.e.j.s.ServletContextHandler@4b55ff0a{/static,jar:file:/home/user/.m2/repository/org/apache/hadoop/hadoop-hdds-container-service/0.5.0-SNAPSHOT/hadoop-hdds-container-service-0.5.0-SNAPSHOT.jar!/webapps/static,UNAVAILABLE}
2019-08-21 23:16:51,778 [main] INFO  handler.ContextHandler (ContextHandler.java:doStop(910)) - Stopped o.e.j.s.ServletContextHandler@3a1b36a1{/logs,file:///workdir/hadoop-ozone/integration-test/target/log,UNAVAILABLE}
2019-08-21 23:16:53,829 [grpc-default-executor-1] INFO  client.GrpcClientProtocolClient (GrpcClientProtocolClient.java:onNext(255)) - client-3690B94889F8->be7267f5-08d7-4de7-85bb-d794f700a7dd: receive RaftClientReply:client-3690B94889F8->be7267f5-08d7-4de7-85bb-d794f700a7dd@group-0F301184CFE7, cid=14, FAILED org.apache.ratis.protocol.NotLeaderException: Server be7267f5-08d7-4de7-85bb-d794f700a7dd is not the leader (30732d1c-ca6f-4dcf-aafc-9fae1e227f0f:192.168.5.181:35521). Request must be sent to leader., logIndex=0, commits[be7267f5-08d7-4de7-85bb-d794f700a7dd:c2, 30732d1c-ca6f-4dcf-aafc-9fae1e227f0f:c2, 8240b2fd-00fc-40d9-9a44-40fb4e30c3a3:c2]
2019-08-21 23:16:54,867 [grpc-default-executor-3] INFO  client.GrpcClientProtocolClient (GrpcClientProtocolClient.java:onNext(255)) - client-3690B94889F8->8240b2fd-00fc-40d9-9a44-40fb4e30c3a3: receive RaftClientReply:client-3690B94889F8->8240b2fd-00fc-40d9-9a44-40fb4e30c3a3@group-0F301184CFE7, cid=14, FAILED org.apache.ratis.protocol.NotLeaderException: Server 8240b2fd-00fc-40d9-9a44-40fb4e30c3a3 is not the leader (30732d1c-ca6f-4dcf-aafc-9fae1e227f0f:192.168.5.181:35521). Request must be sent to leader., logIndex=0, commits[8240b2fd-00fc-40d9-9a44-40fb4e30c3a3:c2, 30732d1c-ca6f-4dcf-aafc-9fae1e227f0f:c2, be7267f5-08d7-4de7-85bb-d794f700a7dd:c2]
2019-08-21 23:16:55,907 [grpc-default-executor-2] INFO  client.GrpcClientProtocolClient (GrpcClientProtocolClient.java:onNext(255)) - client-3690B94889F8->be7267f5-08d7-4de7-85bb-d794f700a7dd: receive RaftClientReply:client-3690B94889F8->be7267f5-08d7-4de7-85bb-d794f700a7dd@group-0F301184CFE7, cid=14, FAILED org.apache.ratis.protocol.NotLeaderException: Server be7267f5-08d7-4de7-85bb-d794f700a7dd is not the leader (30732d1c-ca6f-4dcf-aafc-9fae1e227f0f:192.168.5.181:35521). Request must be sent to leader., logIndex=0, commits[be7267f5-08d7-4de7-85bb-d794f700a7dd:c2, 30732d1c-ca6f-4dcf-aafc-9fae1e227f0f:c2, 8240b2fd-00fc-40d9-9a44-40fb4e30c3a3:c2]
2019-08-21 23:16:56,944 [grpc-default-executor-1] INFO  client.GrpcClientProtocolClient (GrpcClientProtocolClient.java:onNext(255)) - client-3690B94889F8->be7267f5-08d7-4de7-85bb-d794f700a7dd: receive RaftClientReply:client-3690B94889F8->be7267f5-08d7-4de7-85bb-d794f700a7dd@group-0F301184CFE7, cid=14, FAILED org.apache.ratis.protocol.NotLeaderException: Server be7267f5-08d7-4de7-85bb-d794f700a7dd is not the leader (30732d1c-ca6f-4dcf-aafc-9fae1e227f0f:192.168.5.181:35521). Request must be sent to leader., logIndex=0, commits[be7267f5-08d7-4de7-85bb-d794f700a7dd:c2, 30732d1c-ca6f-4dcf-aafc-9fae1e227f0f:c2, 8240b2fd-00fc-40d9-9a44-40fb4e30c3a3:c2]
2019-08-21 23:16:57,990 [grpc-default-executor-2] INFO  client.GrpcClientProtocolClient (GrpcClientProtocolClient.java:onNext(255)) - client-3690B94889F8->be7267f5-08d7-4de7-85bb-d794f700a7dd: receive RaftClientReply:client-3690B94889F8->be7267f5-08d7-4de7-85bb-d794f700a7dd@group-0F301184CFE7, cid=14, FAILED org.apache.ratis.protocol.NotLeaderException: Server be7267f5-08d7-4de7-85bb-d794f700a7dd is not the leader (30732d1c-ca6f-4dcf-aafc-9fae1e227f0f:192.168.5.181:35521). Request must be sent to leader., logIndex=0, commits[be7267f5-08d7-4de7-85bb-d794f700a7dd:c2, 30732d1c-ca6f-4dcf-aafc-9fae1e227f0f:c2, 8240b2fd-00fc-40d9-9a44-40fb4e30c3a3:c2]
2019-08-21 23:16:59,032 [grpc-default-executor-1] INFO  client.GrpcClientProtocolClient (GrpcClientProtocolClient.java:onNext(255)) - client-3690B94889F8->be7267f5-08d7-4de7-85bb-d794f700a7dd: receive RaftClientReply:client-3690B94889F8->be7267f5-08d7-4de7-85bb-d794f700a7dd@group-0F301184CFE7, cid=14, FAILED org.apache.ratis.protocol.NotLeaderException: Server be7267f5-08d7-4de7-85bb-d794f700a7dd is not the leader (30732d1c-ca6f-4dcf-aafc-9fae1e227f0f:192.168.5.181:35521). Request must be sent to leader., logIndex=0, commits[be7267f5-08d7-4de7-85bb-d794f700a7dd:c2, 30732d1c-ca6f-4dcf-aafc-9fae1e227f0f:c2, 8240b2fd-00fc-40d9-9a44-40fb4e30c3a3:c2]
2019-08-21 23:17:00,068 [grpc-default-executor-2] INFO  client.GrpcClientProtocolClient (GrpcClientProtocolClient.java:onNext(255)) - client-3690B94889F8->8240b2fd-00fc-40d9-9a44-40fb4e30c3a3: receive RaftClientReply:client-3690B94889F8->8240b2fd-00fc-40d9-9a44-40fb4e30c3a3@group-0F301184CFE7, cid=14, FAILED org.apache.ratis.protocol.NotLeaderException: Server 8240b2fd-00fc-40d9-9a44-40fb4e30c3a3 is not the leader (30732d1c-ca6f-4dcf-aafc-9fae1e227f0f:192.168.5.181:35521). Request must be sent to leader., logIndex=0, commits[8240b2fd-00fc-40d9-9a44-40fb4e30c3a3:c2, 30732d1c-ca6f-4dcf-aafc-9fae1e227f0f:c2, be7267f5-08d7-4de7-85bb-d794f700a7dd:c2]
2019-08-21 23:17:00,607 [Thread-363] INFO  impl.FollowerState (FollowerState.java:run(106)) - 8240b2fd-00fc-40d9-9a44-40fb4e30c3a3:group-0F301184CFE7 changes to CANDIDATE, lastRpcTime:9142, electionTimeout:5061ms
2019-08-21 23:17:00,607 [Thread-363] INFO  impl.RoleInfo (RoleInfo.java:shutdownFollowerState(121)) - 8240b2fd-00fc-40d9-9a44-40fb4e30c3a3: shutdown FollowerState
2019-08-21 23:17:00,607 [Thread-363] INFO  impl.RaftServerImpl (RaftServerImpl.java:setRole(171)) - 8240b2fd-00fc-40d9-9a44-40fb4e30c3a3:group-0F301184CFE7 changes role from FOLLOWER to CANDIDATE at term 2 for changeToCandidate
2019-08-21 23:17:00,607 [Thread-363] INFO  impl.RoleInfo (RoleInfo.java:updateAndGet(143)) - 8240b2fd-00fc-40d9-9a44-40fb4e30c3a3: start LeaderElection
2019-08-21 23:17:00,611 [8240b2fd-00fc-40d9-9a44-40fb4e30c3a3:group-0F301184CFE7:LeaderElection15] INFO  impl.RaftServerImpl (ServerState.java:setLeader(263)) - 8240b2fd-00fc-40d9-9a44-40fb4e30c3a3:group-0F301184CFE7 change Leader from 30732d1c-ca6f-4dcf-aafc-9fae1e227f0f to null at term 2 for initElection
2019-08-21 23:17:00,627 [Thread-361] INFO  impl.FollowerState (FollowerState.java:run(106)) - be7267f5-08d7-4de7-85bb-d794f700a7dd:group-0F301184CFE7 changes to CANDIDATE, lastRpcTime:9161, electionTimeout:5014ms
2019-08-21 23:17:00,627 [Thread-361] INFO  impl.RoleInfo (RoleInfo.java:shutdownFollowerState(121)) - be7267f5-08d7-4de7-85bb-d794f700a7dd: shutdown FollowerState
2019-08-21 23:17:00,627 [Thread-361] INFO  impl.RaftServerImpl (RaftServerImpl.java:setRole(171)) - be7267f5-08d7-4de7-85bb-d794f700a7dd:group-0F301184CFE7 changes role from FOLLOWER to CANDIDATE at term 2 for changeToCandidate
2019-08-21 23:17:00,627 [Thread-361] INFO  impl.RoleInfo (RoleInfo.java:updateAndGet(143)) - be7267f5-08d7-4de7-85bb-d794f700a7dd: start LeaderElection
2019-08-21 23:17:00,630 [be7267f5-08d7-4de7-85bb-d794f700a7dd:group-0F301184CFE7:LeaderElection16] INFO  impl.RaftServerImpl (ServerState.java:setLeader(263)) - be7267f5-08d7-4de7-85bb-d794f700a7dd:group-0F301184CFE7 change Leader from 30732d1c-ca6f-4dcf-aafc-9fae1e227f0f to null at term 2 for initElection
2019-08-21 23:17:00,643 [8240b2fd-00fc-40d9-9a44-40fb4e30c3a3:group-0F301184CFE7:LeaderElection15] INFO  impl.LeaderElection (LeaderElection.java:askForVotes(181)) - 8240b2fd-00fc-40d9-9a44-40fb4e30c3a3:group-0F301184CFE7:LeaderElection15: begin an election at term 3 for 0: [30732d1c-ca6f-4dcf-aafc-9fae1e227f0f:192.168.5.181:35521, be7267f5-08d7-4de7-85bb-d794f700a7dd:192.168.5.181:38145, 8240b2fd-00fc-40d9-9a44-40fb4e30c3a3:192.168.5.181:34650], old=null
2019-08-21 23:17:00,643 [be7267f5-08d7-4de7-85bb-d794f700a7dd:group-0F301184CFE7:LeaderElection16] INFO  impl.LeaderElection (LeaderElection.java:askForVotes(181)) - be7267f5-08d7-4de7-85bb-d794f700a7dd:group-0F301184CFE7:LeaderElection16: begin an election at term 3 for 0: [30732d1c-ca6f-4dcf-aafc-9fae1e227f0f:192.168.5.181:35521, be7267f5-08d7-4de7-85bb-d794f700a7dd:192.168.5.181:38145, 8240b2fd-00fc-40d9-9a44-40fb4e30c3a3:192.168.5.181:34650], old=null
2019-08-21 23:17:00,651 [be7267f5-08d7-4de7-85bb-d794f700a7dd:group-0F301184CFE7:LeaderElection16] INFO  impl.LeaderElection (LogUtils.java:infoOrTrace(149)) - be7267f5-08d7-4de7-85bb-d794f700a7dd:group-0F301184CFE7:LeaderElection16 got exception when requesting votes: {}
java.util.concurrent.ExecutionException: org.apache.ratis.thirdparty.io.grpc.StatusRuntimeException: UNAVAILABLE: io exception
	at java.util.concurrent.FutureTask.report(FutureTask.java:122)
	at java.util.concurrent.FutureTask.get(FutureTask.java:192)
	at org.apache.ratis.server.impl.LeaderElection.waitForResults(LeaderElection.java:262)
	at org.apache.ratis.server.impl.LeaderElection.askForVotes(LeaderElection.java:200)
	at org.apache.ratis.server.impl.LeaderElection.run(LeaderElection.java:130)
	at java.lang.Thread.run(Thread.java:748)
Caused by: org.apache.ratis.thirdparty.io.grpc.StatusRuntimeException: UNAVAILABLE: io exception
	at org.apache.ratis.thirdparty.io.grpc.stub.ClientCalls.toStatusRuntimeException(ClientCalls.java:233)
	at org.apache.ratis.thirdparty.io.grpc.stub.ClientCalls.getUnchecked(ClientCalls.java:214)
	at org.apache.ratis.thirdparty.io.grpc.stub.ClientCalls.blockingUnaryCall(ClientCalls.java:139)
	at org.apache.ratis.proto.grpc.RaftServerProtocolServiceGrpc$RaftServerProtocolServiceBlockingStub.requestVote(RaftServerProtocolServiceGrpc.java:265)
	at org.apache.ratis.grpc.server.GrpcServerProtocolClient.requestVote(GrpcServerProtocolClient.java:83)
	at org.apache.ratis.grpc.server.GrpcService.requestVote(GrpcService.java:195)
	at org.apache.ratis.server.impl.LeaderElection.lambda$submitRequests$1(LeaderElection.java:237)
	at java.util.concurrent.FutureTask.run(FutureTask.java:266)
	at java.util.concurrent.Executors$RunnableAdapter.call(Executors.java:511)
	at java.util.concurrent.FutureTask.run(FutureTask.java:266)
	at java.util.concurrent.ThreadPoolExecutor.runWorker(ThreadPoolExecutor.java:1149)
	at java.util.concurrent.ThreadPoolExecutor$Worker.run(ThreadPoolExecutor.java:624)
	... 1 more
Caused by: org.apache.ratis.thirdparty.io.netty.channel.AbstractChannel$AnnotatedConnectException: Connection refused: /192.168.5.181:35521
	at sun.nio.ch.SocketChannelImpl.checkConnect(Native Method)
	at sun.nio.ch.SocketChannelImpl.finishConnect(SocketChannelImpl.java:717)
	at org.apache.ratis.thirdparty.io.netty.channel.socket.nio.NioSocketChannel.doFinishConnect(NioSocketChannel.java:327)
	at org.apache.ratis.thirdparty.io.netty.channel.nio.AbstractNioChannel$AbstractNioUnsafe.finishConnect(AbstractNioChannel.java:340)
	at org.apache.ratis.thirdparty.io.netty.channel.nio.NioEventLoop.processSelectedKey(NioEventLoop.java:632)
	at org.apache.ratis.thirdparty.io.netty.channel.nio.NioEventLoop.processSelectedKeysOptimized(NioEventLoop.java:579)
	at org.apache.ratis.thirdparty.io.netty.channel.nio.NioEventLoop.processSelectedKeys(NioEventLoop.java:496)
	at org.apache.ratis.thirdparty.io.netty.channel.nio.NioEventLoop.run(NioEventLoop.java:458)
	at org.apache.ratis.thirdparty.io.netty.util.concurrent.SingleThreadEventExecutor$5.run(SingleThreadEventExecutor.java:897)
	at org.apache.ratis.thirdparty.io.netty.util.concurrent.FastThreadLocalRunnable.run(FastThreadLocalRunnable.java:30)
	... 1 more
Caused by: java.net.ConnectException: Connection refused
	... 11 more
2019-08-21 23:17:00,651 [8240b2fd-00fc-40d9-9a44-40fb4e30c3a3:group-0F301184CFE7:LeaderElection15] INFO  impl.LeaderElection (LogUtils.java:infoOrTrace(149)) - 8240b2fd-00fc-40d9-9a44-40fb4e30c3a3:group-0F301184CFE7:LeaderElection15 got exception when requesting votes: {}
java.util.concurrent.ExecutionException: org.apache.ratis.thirdparty.io.grpc.StatusRuntimeException: UNAVAILABLE: io exception
	at java.util.concurrent.FutureTask.report(FutureTask.java:122)
	at java.util.concurrent.FutureTask.get(FutureTask.java:192)
	at org.apache.ratis.server.impl.LeaderElection.waitForResults(LeaderElection.java:262)
	at org.apache.ratis.server.impl.LeaderElection.askForVotes(LeaderElection.java:200)
	at org.apache.ratis.server.impl.LeaderElection.run(LeaderElection.java:130)
	at java.lang.Thread.run(Thread.java:748)
Caused by: org.apache.ratis.thirdparty.io.grpc.StatusRuntimeException: UNAVAILABLE: io exception
	at org.apache.ratis.thirdparty.io.grpc.stub.ClientCalls.toStatusRuntimeException(ClientCalls.java:233)
	at org.apache.ratis.thirdparty.io.grpc.stub.ClientCalls.getUnchecked(ClientCalls.java:214)
	at org.apache.ratis.thirdparty.io.grpc.stub.ClientCalls.blockingUnaryCall(ClientCalls.java:139)
	at org.apache.ratis.proto.grpc.RaftServerProtocolServiceGrpc$RaftServerProtocolServiceBlockingStub.requestVote(RaftServerProtocolServiceGrpc.java:265)
	at org.apache.ratis.grpc.server.GrpcServerProtocolClient.requestVote(GrpcServerProtocolClient.java:83)
	at org.apache.ratis.grpc.server.GrpcService.requestVote(GrpcService.java:195)
	at org.apache.ratis.server.impl.LeaderElection.lambda$submitRequests$1(LeaderElection.java:237)
	at java.util.concurrent.FutureTask.run(FutureTask.java:266)
	at java.util.concurrent.Executors$RunnableAdapter.call(Executors.java:511)
	at java.util.concurrent.FutureTask.run(FutureTask.java:266)
	at java.util.concurrent.ThreadPoolExecutor.runWorker(ThreadPoolExecutor.java:1149)
	at java.util.concurrent.ThreadPoolExecutor$Worker.run(ThreadPoolExecutor.java:624)
	... 1 more
Caused by: org.apache.ratis.thirdparty.io.netty.channel.AbstractChannel$AnnotatedConnectException: Connection refused: /192.168.5.181:35521
	at sun.nio.ch.SocketChannelImpl.checkConnect(Native Method)
	at sun.nio.ch.SocketChannelImpl.finishConnect(SocketChannelImpl.java:717)
	at org.apache.ratis.thirdparty.io.netty.channel.socket.nio.NioSocketChannel.doFinishConnect(NioSocketChannel.java:327)
	at org.apache.ratis.thirdparty.io.netty.channel.nio.AbstractNioChannel$AbstractNioUnsafe.finishConnect(AbstractNioChannel.java:340)
	at org.apache.ratis.thirdparty.io.netty.channel.nio.NioEventLoop.processSelectedKey(NioEventLoop.java:632)
	at org.apache.ratis.thirdparty.io.netty.channel.nio.NioEventLoop.processSelectedKeysOptimized(NioEventLoop.java:579)
	at org.apache.ratis.thirdparty.io.netty.channel.nio.NioEventLoop.processSelectedKeys(NioEventLoop.java:496)
	at org.apache.ratis.thirdparty.io.netty.channel.nio.NioEventLoop.run(NioEventLoop.java:458)
	at org.apache.ratis.thirdparty.io.netty.util.concurrent.SingleThreadEventExecutor$5.run(SingleThreadEventExecutor.java:897)
	at org.apache.ratis.thirdparty.io.netty.util.concurrent.FastThreadLocalRunnable.run(FastThreadLocalRunnable.java:30)
	... 1 more
Caused by: java.net.ConnectException: Connection refused
	... 11 more
2019-08-21 23:17:00,657 [be7267f5-08d7-4de7-85bb-d794f700a7dd:group-0F301184CFE7:LeaderElection16] INFO  impl.LeaderElection (LeaderElection.java:logAndReturn(56)) - be7267f5-08d7-4de7-85bb-d794f700a7dd:group-0F301184CFE7:LeaderElection16: Election REJECTED; received 1 response(s) [be7267f5-08d7-4de7-85bb-d794f700a7dd<-8240b2fd-00fc-40d9-9a44-40fb4e30c3a3#0:FAIL-t3] and 1 exception(s); be7267f5-08d7-4de7-85bb-d794f700a7dd:t3, leader=null, voted=be7267f5-08d7-4de7-85bb-d794f700a7dd, raftlog=be7267f5-08d7-4de7-85bb-d794f700a7dd-SegmentedRaftLog:OPENED:c2,f2,i2, conf=0: [30732d1c-ca6f-4dcf-aafc-9fae1e227f0f:192.168.5.181:35521, be7267f5-08d7-4de7-85bb-d794f700a7dd:192.168.5.181:38145, 8240b2fd-00fc-40d9-9a44-40fb4e30c3a3:192.168.5.181:34650], old=null
2019-08-21 23:17:00,659 [8240b2fd-00fc-40d9-9a44-40fb4e30c3a3:group-0F301184CFE7:LeaderElection15] INFO  impl.LeaderElection (LeaderElection.java:logAndReturn(56)) - 8240b2fd-00fc-40d9-9a44-40fb4e30c3a3:group-0F301184CFE7:LeaderElection15: Election REJECTED; received 1 response(s) [8240b2fd-00fc-40d9-9a44-40fb4e30c3a3<-be7267f5-08d7-4de7-85bb-d794f700a7dd#0:FAIL-t3] and 1 exception(s); 8240b2fd-00fc-40d9-9a44-40fb4e30c3a3:t3, leader=null, voted=8240b2fd-00fc-40d9-9a44-40fb4e30c3a3, raftlog=8240b2fd-00fc-40d9-9a44-40fb4e30c3a3-SegmentedRaftLog:OPENED:c2,f2,i2, conf=0: [30732d1c-ca6f-4dcf-aafc-9fae1e227f0f:192.168.5.181:35521, be7267f5-08d7-4de7-85bb-d794f700a7dd:192.168.5.181:38145, 8240b2fd-00fc-40d9-9a44-40fb4e30c3a3:192.168.5.181:34650], old=null
2019-08-21 23:17:00,660 [be7267f5-08d7-4de7-85bb-d794f700a7dd:group-0F301184CFE7:LeaderElection16] INFO  impl.LeaderElection (LogUtils.java:infoOrTrace(149)) -   Exception 0: {}
java.util.concurrent.ExecutionException: org.apache.ratis.thirdparty.io.grpc.StatusRuntimeException: UNAVAILABLE: io exception
	at java.util.concurrent.FutureTask.report(FutureTask.java:122)
	at java.util.concurrent.FutureTask.get(FutureTask.java:192)
	at org.apache.ratis.server.impl.LeaderElection.waitForResults(LeaderElection.java:262)
	at org.apache.ratis.server.impl.LeaderElection.askForVotes(LeaderElection.java:200)
	at org.apache.ratis.server.impl.LeaderElection.run(LeaderElection.java:130)
	at java.lang.Thread.run(Thread.java:748)
Caused by: org.apache.ratis.thirdparty.io.grpc.StatusRuntimeException: UNAVAILABLE: io exception
	at org.apache.ratis.thirdparty.io.grpc.stub.ClientCalls.toStatusRuntimeException(ClientCalls.java:233)
	at org.apache.ratis.thirdparty.io.grpc.stub.ClientCalls.getUnchecked(ClientCalls.java:214)
	at org.apache.ratis.thirdparty.io.grpc.stub.ClientCalls.blockingUnaryCall(ClientCalls.java:139)
	at org.apache.ratis.proto.grpc.RaftServerProtocolServiceGrpc$RaftServerProtocolServiceBlockingStub.requestVote(RaftServerProtocolServiceGrpc.java:265)
	at org.apache.ratis.grpc.server.GrpcServerProtocolClient.requestVote(GrpcServerProtocolClient.java:83)
	at org.apache.ratis.grpc.server.GrpcService.requestVote(GrpcService.java:195)
	at org.apache.ratis.server.impl.LeaderElection.lambda$submitRequests$1(LeaderElection.java:237)
	at java.util.concurrent.FutureTask.run(FutureTask.java:266)
	at java.util.concurrent.Executors$RunnableAdapter.call(Executors.java:511)
	at java.util.concurrent.FutureTask.run(FutureTask.java:266)
	at java.util.concurrent.ThreadPoolExecutor.runWorker(ThreadPoolExecutor.java:1149)
	at java.util.concurrent.ThreadPoolExecutor$Worker.run(ThreadPoolExecutor.java:624)
	... 1 more
Caused by: org.apache.ratis.thirdparty.io.netty.channel.AbstractChannel$AnnotatedConnectException: Connection refused: /192.168.5.181:35521
	at sun.nio.ch.SocketChannelImpl.checkConnect(Native Method)
	at sun.nio.ch.SocketChannelImpl.finishConnect(SocketChannelImpl.java:717)
	at org.apache.ratis.thirdparty.io.netty.channel.socket.nio.NioSocketChannel.doFinishConnect(NioSocketChannel.java:327)
	at org.apache.ratis.thirdparty.io.netty.channel.nio.AbstractNioChannel$AbstractNioUnsafe.finishConnect(AbstractNioChannel.java:340)
	at org.apache.ratis.thirdparty.io.netty.channel.nio.NioEventLoop.processSelectedKey(NioEventLoop.java:632)
	at org.apache.ratis.thirdparty.io.netty.channel.nio.NioEventLoop.processSelectedKeysOptimized(NioEventLoop.java:579)
	at org.apache.ratis.thirdparty.io.netty.channel.nio.NioEventLoop.processSelectedKeys(NioEventLoop.java:496)
	at org.apache.ratis.thirdparty.io.netty.channel.nio.NioEventLoop.run(NioEventLoop.java:458)
	at org.apache.ratis.thirdparty.io.netty.util.concurrent.SingleThreadEventExecutor$5.run(SingleThreadEventExecutor.java:897)
	at org.apache.ratis.thirdparty.io.netty.util.concurrent.FastThreadLocalRunnable.run(FastThreadLocalRunnable.java:30)
	... 1 more
Caused by: java.net.ConnectException: Connection refused
	... 11 more
2019-08-21 23:17:00,660 [8240b2fd-00fc-40d9-9a44-40fb4e30c3a3:group-0F301184CFE7:LeaderElection15] INFO  impl.LeaderElection (LogUtils.java:infoOrTrace(149)) -   Exception 0: {}
java.util.concurrent.ExecutionException: org.apache.ratis.thirdparty.io.grpc.StatusRuntimeException: UNAVAILABLE: io exception
	at java.util.concurrent.FutureTask.report(FutureTask.java:122)
	at java.util.concurrent.FutureTask.get(FutureTask.java:192)
	at org.apache.ratis.server.impl.LeaderElection.waitForResults(LeaderElection.java:262)
	at org.apache.ratis.server.impl.LeaderElection.askForVotes(LeaderElection.java:200)
	at org.apache.ratis.server.impl.LeaderElection.run(LeaderElection.java:130)
	at java.lang.Thread.run(Thread.java:748)
Caused by: org.apache.ratis.thirdparty.io.grpc.StatusRuntimeException: UNAVAILABLE: io exception
	at org.apache.ratis.thirdparty.io.grpc.stub.ClientCalls.toStatusRuntimeException(ClientCalls.java:233)
	at org.apache.ratis.thirdparty.io.grpc.stub.ClientCalls.getUnchecked(ClientCalls.java:214)
	at org.apache.ratis.thirdparty.io.grpc.stub.ClientCalls.blockingUnaryCall(ClientCalls.java:139)
	at org.apache.ratis.proto.grpc.RaftServerProtocolServiceGrpc$RaftServerProtocolServiceBlockingStub.requestVote(RaftServerProtocolServiceGrpc.java:265)
	at org.apache.ratis.grpc.server.GrpcServerProtocolClient.requestVote(GrpcServerProtocolClient.java:83)
	at org.apache.ratis.grpc.server.GrpcService.requestVote(GrpcService.java:195)
	at org.apache.ratis.server.impl.LeaderElection.lambda$submitRequests$1(LeaderElection.java:237)
	at java.util.concurrent.FutureTask.run(FutureTask.java:266)
	at java.util.concurrent.Executors$RunnableAdapter.call(Executors.java:511)
	at java.util.concurrent.FutureTask.run(FutureTask.java:266)
	at java.util.concurrent.ThreadPoolExecutor.runWorker(ThreadPoolExecutor.java:1149)
	at java.util.concurrent.ThreadPoolExecutor$Worker.run(ThreadPoolExecutor.java:624)
	... 1 more
Caused by: org.apache.ratis.thirdparty.io.netty.channel.AbstractChannel$AnnotatedConnectException: Connection refused: /192.168.5.181:35521
	at sun.nio.ch.SocketChannelImpl.checkConnect(Native Method)
	at sun.nio.ch.SocketChannelImpl.finishConnect(SocketChannelImpl.java:717)
	at org.apache.ratis.thirdparty.io.netty.channel.socket.nio.NioSocketChannel.doFinishConnect(NioSocketChannel.java:327)
	at org.apache.ratis.thirdparty.io.netty.channel.nio.AbstractNioChannel$AbstractNioUnsafe.finishConnect(AbstractNioChannel.java:340)
	at org.apache.ratis.thirdparty.io.netty.channel.nio.NioEventLoop.processSelectedKey(NioEventLoop.java:632)
	at org.apache.ratis.thirdparty.io.netty.channel.nio.NioEventLoop.processSelectedKeysOptimized(NioEventLoop.java:579)
	at org.apache.ratis.thirdparty.io.netty.channel.nio.NioEventLoop.processSelectedKeys(NioEventLoop.java:496)
	at org.apache.ratis.thirdparty.io.netty.channel.nio.NioEventLoop.run(NioEventLoop.java:458)
	at org.apache.ratis.thirdparty.io.netty.util.concurrent.SingleThreadEventExecutor$5.run(SingleThreadEventExecutor.java:897)
	at org.apache.ratis.thirdparty.io.netty.util.concurrent.FastThreadLocalRunnable.run(FastThreadLocalRunnable.java:30)
	... 1 more
Caused by: java.net.ConnectException: Connection refused
	... 11 more
2019-08-21 23:17:00,661 [be7267f5-08d7-4de7-85bb-d794f700a7dd:group-0F301184CFE7:LeaderElection16] INFO  impl.RaftServerImpl (RaftServerImpl.java:setRole(171)) - be7267f5-08d7-4de7-85bb-d794f700a7dd:group-0F301184CFE7 changes role from CANDIDATE to FOLLOWER at term 3 for DISCOVERED_A_NEW_TERM
2019-08-21 23:17:00,663 [8240b2fd-00fc-40d9-9a44-40fb4e30c3a3:group-0F301184CFE7:LeaderElection15] INFO  impl.RaftServerImpl (RaftServerImpl.java:setRole(171)) - 8240b2fd-00fc-40d9-9a44-40fb4e30c3a3:group-0F301184CFE7 changes role from CANDIDATE to FOLLOWER at term 3 for DISCOVERED_A_NEW_TERM
2019-08-21 23:17:00,665 [be7267f5-08d7-4de7-85bb-d794f700a7dd:group-0F301184CFE7:LeaderElection16] INFO  impl.RoleInfo (RoleInfo.java:shutdownLeaderElection(134)) - be7267f5-08d7-4de7-85bb-d794f700a7dd: shutdown LeaderElection
2019-08-21 23:17:00,666 [8240b2fd-00fc-40d9-9a44-40fb4e30c3a3:group-0F301184CFE7:LeaderElection15] INFO  impl.RoleInfo (RoleInfo.java:shutdownLeaderElection(134)) - 8240b2fd-00fc-40d9-9a44-40fb4e30c3a3: shutdown LeaderElection
2019-08-21 23:17:00,666 [be7267f5-08d7-4de7-85bb-d794f700a7dd:group-0F301184CFE7:LeaderElection16] INFO  impl.RoleInfo (RoleInfo.java:updateAndGet(143)) - be7267f5-08d7-4de7-85bb-d794f700a7dd: start FollowerState
2019-08-21 23:17:00,666 [8240b2fd-00fc-40d9-9a44-40fb4e30c3a3:group-0F301184CFE7:LeaderElection15] INFO  impl.RoleInfo (RoleInfo.java:updateAndGet(143)) - 8240b2fd-00fc-40d9-9a44-40fb4e30c3a3: start FollowerState
2019-08-21 23:17:01,099 [grpc-default-executor-1] INFO  client.GrpcClientProtocolClient (GrpcClientProtocolClient.java:onNext(255)) - client-3690B94889F8->be7267f5-08d7-4de7-85bb-d794f700a7dd: receive RaftClientReply:client-3690B94889F8->be7267f5-08d7-4de7-85bb-d794f700a7dd@group-0F301184CFE7, cid=14, FAILED org.apache.ratis.protocol.NotLeaderException: Server be7267f5-08d7-4de7-85bb-d794f700a7dd is not the leader (null). Request must be sent to leader., logIndex=0, commits[be7267f5-08d7-4de7-85bb-d794f700a7dd:c2, 30732d1c-ca6f-4dcf-aafc-9fae1e227f0f:c2, 8240b2fd-00fc-40d9-9a44-40fb4e30c3a3:c2]
2019-08-21 23:17:02,128 [grpc-default-executor-3] INFO  client.GrpcClientProtocolClient (GrpcClientProtocolClient.java:onNext(255)) - client-3690B94889F8->8240b2fd-00fc-40d9-9a44-40fb4e30c3a3: receive RaftClientReply:client-3690B94889F8->8240b2fd-00fc-40d9-9a44-40fb4e30c3a3@group-0F301184CFE7, cid=14, FAILED org.apache.ratis.protocol.NotLeaderException: Server 8240b2fd-00fc-40d9-9a44-40fb4e30c3a3 is not the leader (null). Request must be sent to leader., logIndex=0, commits[8240b2fd-00fc-40d9-9a44-40fb4e30c3a3:c2, 30732d1c-ca6f-4dcf-aafc-9fae1e227f0f:c2, be7267f5-08d7-4de7-85bb-d794f700a7dd:c2]
2019-08-21 23:17:03,147 [grpc-default-executor-3] INFO  client.GrpcClientProtocolClient (GrpcClientProtocolClient.java:onNext(255)) - client-3690B94889F8->be7267f5-08d7-4de7-85bb-d794f700a7dd: receive RaftClientReply:client-3690B94889F8->be7267f5-08d7-4de7-85bb-d794f700a7dd@group-0F301184CFE7, cid=14, FAILED org.apache.ratis.protocol.NotLeaderException: Server be7267f5-08d7-4de7-85bb-d794f700a7dd is not the leader (null). Request must be sent to leader., logIndex=0, commits[be7267f5-08d7-4de7-85bb-d794f700a7dd:c2, 30732d1c-ca6f-4dcf-aafc-9fae1e227f0f:c2, 8240b2fd-00fc-40d9-9a44-40fb4e30c3a3:c2]
2019-08-21 23:17:04,173 [grpc-default-executor-1] INFO  client.GrpcClientProtocolClient (GrpcClientProtocolClient.java:onNext(255)) - client-3690B94889F8->8240b2fd-00fc-40d9-9a44-40fb4e30c3a3: receive RaftClientReply:client-3690B94889F8->8240b2fd-00fc-40d9-9a44-40fb4e30c3a3@group-0F301184CFE7, cid=14, FAILED org.apache.ratis.protocol.NotLeaderException: Server 8240b2fd-00fc-40d9-9a44-40fb4e30c3a3 is not the leader (null). Request must be sent to leader., logIndex=0, commits[8240b2fd-00fc-40d9-9a44-40fb4e30c3a3:c2, 30732d1c-ca6f-4dcf-aafc-9fae1e227f0f:c2, be7267f5-08d7-4de7-85bb-d794f700a7dd:c2]
]]></system-out>
    <system-err><![CDATA[ERROR StatusLogger No Log4j 2 configuration file found. Using default configuration (logging only errors to the console), or user programmatically provided configurations. Set system property 'log4j2.debug' to show Log4j 2 internal initialization logging. See https://logging.apache.org/log4j/2.x/manual/configuration.html for instructions on how to configure Log4j 2
Aug 21, 2019 11:16:28 PM com.sun.jersey.server.impl.application.WebApplicationImpl _initiate
INFO: Initiating Jersey application, version 'Jersey: 1.19 02/11/2015 03:25 AM'
Aug 21, 2019 11:16:29 PM com.sun.jersey.server.impl.application.WebApplicationImpl _initiate
INFO: Initiating Jersey application, version 'Jersey: 1.19 02/11/2015 03:25 AM'
Aug 21, 2019 11:16:29 PM com.sun.jersey.server.impl.application.WebApplicationImpl _initiate
INFO: Initiating Jersey application, version 'Jersey: 1.19 02/11/2015 03:25 AM'
Aug 21, 2019 11:16:29 PM com.sun.jersey.server.impl.application.WebApplicationImpl _initiate
INFO: Initiating Jersey application, version 'Jersey: 1.19 02/11/2015 03:25 AM'
Aug 21, 2019 11:16:29 PM com.sun.jersey.server.impl.application.WebApplicationImpl _initiate
INFO: Initiating Jersey application, version 'Jersey: 1.19 02/11/2015 03:25 AM'
Aug 21, 2019 11:16:30 PM com.sun.jersey.server.impl.application.WebApplicationImpl _initiate
INFO: Initiating Jersey application, version 'Jersey: 1.19 02/11/2015 03:25 AM'
Aug 21, 2019 11:16:30 PM com.sun.jersey.server.impl.application.WebApplicationImpl _initiate
INFO: Initiating Jersey application, version 'Jersey: 1.19 02/11/2015 03:25 AM'
]]></system-err>
  </testcase>
</testsuite>